[列存组合]: 无列存
[{"Plan":{"Node Type":"Sort","Parallel Aware":false,"Async Capable":false,"Startup Cost":2017184.63,"Total Cost":2017184.79,"Plan Rows":62,"Plan Width":40,"Actual Startup Time":16731.539,"Actual Total Time":16731.555,"Actual Rows":11,"Actual Loops":1,"Output":["nation.n_name","(sum(order_line.ol_amount))"],"Sort Key":["(sum(order_line.ol_amount)) DESC"],"Sort Method":"quicksort","Sort Space Used":25,"Sort Space Type":"Memory","Shared Hit Blocks":620104,"Shared Read Blocks":0,"Shared Dirtied Blocks":0,"Shared Written Blocks":0,"Local Hit Blocks":0,"Local Read Blocks":0,"Local Dirtied Blocks":0,"Local Written Blocks":0,"Temp Read Blocks":129460,"Temp Written Blocks":129487,"I/O Read Time":0.0,"I/O Write Time":0.0,"Temp I/O Read Time":210.317,"Temp I/O Write Time":529.276,"Plans":[{"Node Type":"Aggregate","Strategy":"Sorted","Partial Mode":"Simple","Parent Relationship":"Outer","Parallel Aware":false,"Async Capable":false,"Startup Cost":2017108.85,"Total Cost":2017182.79,"Plan Rows":62,"Plan Width":40,"Actual Startup Time":16728.706,"Actual Total Time":16731.538,"Actual Rows":11,"Actual Loops":1,"Output":["nation.n_name","sum(order_line.ol_amount)"],"Group Key":["nation.n_name"],"Shared Hit Blocks":620104,"Shared Read Blocks":0,"Shared Dirtied Blocks":0,"Shared Written Blocks":0,"Local Hit Blocks":0,"Local Read Blocks":0,"Local Dirtied Blocks":0,"Local Written Blocks":0,"Temp Read Blocks":129460,"Temp Written Blocks":129487,"I/O Read Time":0.0,"I/O Write Time":0.0,"Temp I/O Read Time":210.317,"Temp I/O Write Time":529.276,"Plans":[{"Node Type":"Sort","Parent Relationship":"Outer","Parallel Aware":false,"Async Capable":false,"Startup Cost":2017108.85,"Total Cost":2017133.24,"Plan Rows":9755,"Plan Width":12,"Actual Startup Time":16728.497,"Actual Total Time":16729.272,"Actual Rows":17493,"Actual Loops":1,"Output":["nation.n_name","order_line.ol_amount"],"Sort Key":["nation.n_name"],"Sort Method":"quicksort","Sort Space Used":1725,"Sort Space Type":"Memory","Shared Hit Blocks":620104,"Shared Read Blocks":0,"Shared Dirtied Blocks":0,"Shared Written Blocks":0,"Local Hit Blocks":0,"Local Read Blocks":0,"Local Dirtied Blocks":0,"Local Written Blocks":0,"Temp Read Blocks":129460,"Temp Written Blocks":129487,"I/O Read Time":0.0,"I/O Write Time":0.0,"Temp I/O Read Time":210.317,"Temp I/O Write Time":529.276,"Plans":[{"Node Type":"Hash Join","Parent Relationship":"Outer","Parallel Aware":false,"Async Capable":false,"Join Type":"Inner","Startup Cost":1692965.58,"Total Cost":2016462.49,"Plan Rows":9755,"Plan Width":12,"Actual Startup Time":14828.925,"Actual Total Time":16719.738,"Actual Rows":17493,"Actual Loops":1,"Output":["nation.n_name","order_line.ol_amount"],"Inner Unique":true,"Hash Cond":"((mod((stock.s_w_id * stock.s_i_id), 10000) = supplier.su_suppkey) AND (customer.c_nationkey = supplier.su_nationkey))","Shared Hit Blocks":620104,"Shared Read Blocks":0,"Shared Dirtied Blocks":0,"Shared Written Blocks":0,"Local Hit Blocks":0,"Local Read Blocks":0,"Local Dirtied Blocks":0,"Local Written Blocks":0,"Temp Read Blocks":129460,"Temp Written Blocks":129487,"I/O Read Time":0.0,"I/O Write Time":0.0,"Temp I/O Read Time":210.317,"Temp I/O Write Time":529.276,"Plans":[{"Node Type":"Merge Join","Parent Relationship":"Outer","Parallel Aware":false,"Async Capable":false,"Join Type":"Inner","Startup Cost":1692498.58,"Total Cost":2012680.35,"Plan Rows":602749,"Plan Width":26,"Actual Startup Time":14825.959,"Actual Total Time":16575.337,"Actual Rows":1109507,"Actual Loops":1,"Output":["customer.c_nationkey","order_line.ol_amount","stock.s_w_id","stock.s_i_id","nation.n_name","nation.n_nationkey"],"Inner Unique":true,"Merge Cond":"((customer.c_w_id = stock.s_w_id) AND (order_line.ol_i_id = stock.s_i_id))","Shared Hit Blocks":619887,"Shared Read Blocks":0,"Shared Dirtied Blocks":0,"Shared Written Blocks":0,"Local Hit Blocks":0,"Local Read Blocks":0,"Local Dirtied Blocks":0,"Local Written Blocks":0,"Temp Read Blocks":129460,"Temp Written Blocks":129487,"I/O Read Time":0.0,"I/O Write Time":0.0,"Temp I/O Read Time":210.317,"Temp I/O Write Time":529.276,"Plans":[{"Node Type":"Sort","Parent Relationship":"Outer","Parallel Aware":false,"Async Capable":false,"Startup Cost":1692498.14,"Total Cost":1693985.82,"Plan Rows":595073,"Plan Width":30,"Actual Startup Time":14825.863,"Actual Total Time":15005.529,"Actual Rows":1109507,"Actual Loops":1,"Output":["customer.c_w_id","customer.c_nationkey","orders.o_w_id","order_line.ol_amount","order_line.ol_w_id","order_line.ol_i_id","nation.n_name","nation.n_nationkey"],"Sort Key":["customer.c_w_id","order_line.ol_i_id"],"Sort Method":"external merge","Sort Space Used":47304,"Sort Space Type":"Disk","Shared Hit Blocks":592549,"Shared Read Blocks":0,"Shared Dirtied Blocks":0,"Shared Written Blocks":0,"Local Hit Blocks":0,"Local Read Blocks":0,"Local Dirtied Blocks":0,"Local Written Blocks":0,"Temp Read Blocks":129460,"Temp Written Blocks":129487,"I/O Read Time":0.0,"I/O Write Time":0.0,"Temp I/O Read Time":210.317,"Temp I/O Write Time":529.276,"Plans":[{"Node Type":"Hash Join","Parent Relationship":"Outer","Parallel Aware":false,"Async Capable":false,"Join Type":"Inner","Startup Cost":403354.53,"Total Cost":1621184.58,"Plan Rows":595073,"Plan Width":30,"Actual Startup Time":1564.157,"Actual Total Time":13437.751,"Actual Rows":1109507,"Actual Loops":1,"Output":["customer.c_w_id","customer.c_nationkey","orders.o_w_id","order_line.ol_amount","order_line.ol_w_id","order_line.ol_i_id","nation.n_name","nation.n_nationkey"],"Inner Unique":false,"Hash Cond":"(customer.c_nationkey = nation.n_nationkey)","Shared Hit Blocks":592549,"Shared Read Blocks":0,"Shared Dirtied Blocks":0,"Shared Written Blocks":0,"Local Hit Blocks":0,"Local Read Blocks":0,"Local Dirtied Blocks":0,"Local Written Blocks":0,"Temp Read Blocks":117643,"Temp Written Blocks":117643,"I/O Read Time":0.0,"I/O Write Time":0.0,"Temp I/O Read Time":192.209,"Temp I/O Write Time":497.489,"Plans":[{"Node Type":"Hash Join","Parent Relationship":"Outer","Parallel Aware":false,"Async Capable":false,"Join Type":"Inner","Startup Cost":403351.39,"Total Cost":1604265.05,"Plan Rows":2975367,"Plan Width":18,"Actual Startup Time":1554.644,"Actual Total Time":13016.501,"Actual Rows":4284922,"Actual Loops":1,"Output":["customer.c_w_id","customer.c_nationkey","orders.o_w_id","order_line.ol_amount","order_line.ol_w_id","order_line.ol_i_id"],"Inner Unique":true,"Hash Cond":"((orders.o_c_id = customer.c_id) AND (orders.o_w_id = customer.c_w_id) AND (orders.o_d_id = customer.c_d_id))","Shared Hit Blocks":592547,"Shared Read Blocks":0,"Shared Dirtied Blocks":0,"Shared Written Blocks":0,"Local Hit Blocks":0,"Local Read Blocks":0,"Local Dirtied Blocks":0,"Local Written Blocks":0,"Temp Read Blocks":117643,"Temp Written Blocks":117643,"I/O Read Time":0.0,"I/O Write Time":0.0,"Temp I/O Read Time":192.209,"Temp I/O Write Time":497.489,"Plans":[{"Node Type":"Hash Join","Parent Relationship":"Outer","Parallel Aware":false,"Async Capable":false,"Join Type":"Inner","Startup Cost":76606.59,"Total Cost":1204573.22,"Plan Rows":2975367,"Plan Width":20,"Actual Startup Time":363.546,"Actual Total Time":9682.766,"Actual Rows":4284922,"Actual Loops":1,"Output":["orders.o_c_id","orders.o_w_id","orders.o_d_id","order_line.ol_amount","order_line.ol_w_id","order_line.ol_d_id","order_line.ol_i_id"],"Inner Unique":true,"Hash Cond":"((order_line.ol_w_id = orders.o_w_id) AND (order_line.ol_d_id = orders.o_d_id) AND (order_line.ol_o_id = orders.o_id))","Shared Hit Blocks":362943,"Shared Read Blocks":0,"Shared Dirtied Blocks":0,"Shared Written Blocks":0,"Local Hit Blocks":0,"Local Read Blocks":0,"Local Dirtied Blocks":0,"Local Written Blocks":0,"Temp Read Blocks":85996,"Temp Written Blocks":85996,"I/O Read Time":0.0,"I/O Write Time":0.0,"Temp I/O Read Time":140.436,"Temp I/O Write Time":346.115,"Plans":[{"Node Type":"Seq Scan","Parent Relationship":"Outer","Parallel Aware":false,"Async Capable":false,"Relation Name":"order_line","Schema":"public","Alias":"order_line","Startup Cost":0.0,"Total Cost":715856.4,"Plan Rows":20926367,"Plan Width":20,"Actual Startup Time":0.006,"Actual Total Time":3688.011,"Actual Rows":21002151,"Actual Loops":1,"Output":["order_line.ol_amount","order_line.ol_o_id","order_line.ol_w_id","order_line.ol_d_id","order_line.ol_i_id"],"Filter":"(order_line.ol_delivery_d >= '1992-01-02 20:10:02.27764'::timestamp without time zone)","Rows Removed by Filter":8995581,"Shared Hit Blocks":340884,"Shared Read Blocks":0,"Shared Dirtied Blocks":0,"Shared Written Blocks":0,"Local Hit Blocks":0,"Local Read Blocks":0,"Local Dirtied Blocks":0,"Local Written Blocks":0,"Temp Read Blocks":0,"Temp Written Blocks":0,"I/O Read Time":0.0,"I/O Write Time":0.0,"Temp I/O Read Time":0.0,"Temp I/O Write Time":0.0},{"Node Type":"Hash","Parent Relationship":"Inner","Parallel Aware":false,"Async Capable":false,"Startup Cost":67059.0,"Total Cost":67059.0,"Plan Rows":426548,"Plan Width":16,"Actual Startup Time":295.735,"Actual Total Time":295.738,"Actual Rows":428399,"Actual Loops":1,"Output":["orders.o_c_id","orders.o_w_id","orders.o_d_id","orders.o_id"],"Hash Buckets":262144,"Original Hash Buckets":262144,"Hash Batches":4,"Original Hash Batches":4,"Peak Memory Usage":7080,"Shared Hit Blocks":22059,"Shared Read Blocks":0,"Shared Dirtied Blocks":0,"Shared Written Blocks":0,"Local Hit Blocks":0,"Local Read Blocks":0,"Local Dirtied Blocks":0,"Local Written Blocks":0,"Temp Read Blocks":0,"Temp Written Blocks":1410,"I/O Read Time":0.0,"I/O Write Time":0.0,"Temp I/O Read Time":0.0,"Temp I/O Write Time":6.766,"Plans":[{"Node Type":"Seq Scan","Parent Relationship":"Outer","Parallel Aware":false,"Async Capable":false,"Relation Name":"orders","Schema":"public","Alias":"orders","Startup Cost":0.0,"Total Cost":67059.0,"Plan Rows":426548,"Plan Width":16,"Actual Startup Time":0.747,"Actual Total Time":218.362,"Actual Rows":428399,"Actual Loops":1,"Output":["orders.o_c_id","orders.o_w_id","orders.o_d_id","orders.o_id"],"Filter":"((orders.o_entry_d >= '1993-01-02 20:10:02.27764'::timestamp without time zone) AND (orders.o_entry_d < '1994-01-02 20:10:02.27764'::timestamp without time zone))","Rows Removed by Filter":2571601,"Shared Hit Blocks":22059,"Shared Read Blocks":0,"Shared Dirtied Blocks":0,"Shared Written Blocks":0,"Local Hit Blocks":0,"Local Read Blocks":0,"Local Dirtied Blocks":0,"Local Written Blocks":0,"Temp Read Blocks":0,"Temp Written Blocks":0,"I/O Read Time":0.0,"I/O Write Time":0.0,"Temp I/O Read Time":0.0,"Temp I/O Write Time":0.0}]}]},{"Node Type":"Hash","Parent Relationship":"Inner","Parallel Aware":false,"Async Capable":false,"Startup Cost":259601.38,"Total Cost":259601.38,"Plan Rows":2999738,"Plan Width":12,"Actual Startup Time":1188.777,"Actual Total Time":1188.778,"Actual Rows":3000000,"Actual Loops":1,"Output":["customer.c_id","customer.c_w_id","customer.c_d_id","customer.c_nationkey"],"Hash Buckets":262144,"Original Hash Buckets":262144,"Hash Batches":32,"Original Hash Batches":32,"Peak Memory Usage":6090,"Shared Hit Blocks":229604,"Shared Read Blocks":0,"Shared Dirtied Blocks":0,"Shared Written Blocks":0,"Local Hit Blocks":0,"Local Read Blocks":0,"Local Dirtied Blocks":0,"Local Written Blocks":0,"Temp Read Blocks":0,"Temp Written Blocks":11335,"I/O Read Time":0.0,"I/O Write Time":0.0,"Temp I/O Read Time":0.0,"Temp I/O Write Time":55.973,"Plans":[{"Node Type":"Seq Scan","Parent Relationship":"Outer","Parallel Aware":false,"Async Capable":false,"Relation Name":"customer","Schema":"public","Alias":"customer","Startup Cost":0.0,"Total Cost":259601.38,"Plan Rows":2999738,"Plan Width":12,"Actual Startup Time":0.009,"Actual Total Time":686.293,"Actual Rows":3000000,"Actual Loops":1,"Output":["customer.c_id","customer.c_w_id","customer.c_d_id","customer.c_nationkey"],"Shared Hit Blocks":229604,"Shared Read Blocks":0,"Shared Dirtied Blocks":0,"Shared Written Blocks":0,"Local Hit Blocks":0,"Local Read Blocks":0,"Local Dirtied Blocks":0,"Local Written Blocks":0,"Temp Read Blocks":0,"Temp Written Blocks":0,"I/O Read Time":0.0,"I/O Write Time":0.0,"Temp I/O Read Time":0.0,"Temp I/O Write Time":0.0}]}]},{"Node Type":"Hash","Parent Relationship":"Inner","Parallel Aware":false,"Async Capable":false,"Startup Cost":2.99,"Total Cost":2.99,"Plan Rows":12,"Plan Width":12,"Actual Startup Time":0.042,"Actual Total Time":0.045,"Actual Rows":22,"Actual Loops":1,"Output":["nation.n_name","nation.n_nationkey"],"Hash Buckets":1024,"Original Hash Buckets":1024,"Hash Batches":1,"Original Hash Batches":1,"Peak Memory Usage":9,"Shared Hit Blocks":2,"Shared Read Blocks":0,"Shared Dirtied Blocks":0,"Shared Written Blocks":0,"Local Hit Blocks":0,"Local Read Blocks":0,"Local Dirtied Blocks":0,"Local Written Blocks":0,"Temp Read Blocks":0,"Temp Written Blocks":0,"I/O Read Time":0.0,"I/O Write Time":0.0,"Temp I/O Read Time":0.0,"Temp I/O Write Time":0.0,"Plans":[{"Node Type":"Hash Join","Parent Relationship":"Outer","Parallel Aware":false,"Async Capable":false,"Join Type":"Inner","Startup Cost":1.07,"Total Cost":2.99,"Plan Rows":12,"Plan Width":12,"Actual Startup Time":0.026,"Actual Total Time":0.04,"Actual Rows":22,"Actual Loops":1,"Output":["nation.n_name","nation.n_nationkey"],"Inner Unique":true,"Hash Cond":"(nation.n_regionkey = region.r_regionkey)","Shared Hit Blocks":2,"Shared Read Blocks":0,"Shared Dirtied Blocks":0,"Shared Written Blocks":0,"Local Hit Blocks":0,"Local Read Blocks":0,"Local Dirtied Blocks":0,"Local Written Blocks":0,"Temp Read Blocks":0,"Temp Written Blocks":0,"I/O Read Time":0.0,"I/O Write Time":0.0,"Temp I/O Read Time":0.0,"Temp I/O Write Time":0.0,"Plans":[{"Node Type":"Seq Scan","Parent Relationship":"Outer","Parallel Aware":false,"Async Capable":false,"Relation Name":"nation","Schema":"public","Alias":"nation","Startup Cost":0.0,"Total Cost":1.62,"Plan Rows":62,"Plan Width":16,"Actual Startup Time":0.004,"Actual Total Time":0.008,"Actual Rows":62,"Actual Loops":1,"Output":["nation.n_nationkey","nation.n_name","nation.n_regionkey","nation.n_comment"],"Shared Hit Blocks":1,"Shared Read Blocks":0,"Shared Dirtied Blocks":0,"Shared Written Blocks":0,"Local Hit Blocks":0,"Local Read Blocks":0,"Local Dirtied Blocks":0,"Local Written Blocks":0,"Temp Read Blocks":0,"Temp Written Blocks":0,"I/O Read Time":0.0,"I/O Write Time":0.0,"Temp I/O Read Time":0.0,"Temp I/O Write Time":0.0},{"Node Type":"Hash","Parent Relationship":"Inner","Parallel Aware":false,"Async Capable":false,"Startup Cost":1.06,"Total Cost":1.06,"Plan Rows":1,"Plan Width":4,"Actual Startup Time":0.011,"Actual Total Time":0.012,"Actual Rows":1,"Actual Loops":1,"Output":["region.r_regionkey"],"Hash Buckets":1024,"Original Hash Buckets":1024,"Hash Batches":1,"Original Hash Batches":1,"Peak Memory Usage":9,"Shared Hit Blocks":1,"Shared Read Blocks":0,"Shared Dirtied Blocks":0,"Shared Written Blocks":0,"Local Hit Blocks":0,"Local Read Blocks":0,"Local Dirtied Blocks":0,"Local Written Blocks":0,"Temp Read Blocks":0,"Temp Written Blocks":0,"I/O Read Time":0.0,"I/O Write Time":0.0,"Temp I/O Read Time":0.0,"Temp I/O Write Time":0.0,"Plans":[{"Node Type":"Seq Scan","Parent Relationship":"Outer","Parallel Aware":false,"Async Capable":false,"Relation Name":"region","Schema":"public","Alias":"region","Startup Cost":0.0,"Total Cost":1.06,"Plan Rows":1,"Plan Width":4,"Actual Startup Time":0.006,"Actual Total Time":0.007,"Actual Rows":1,"Actual Loops":1,"Output":["region.r_regionkey"],"Filter":"((region.r_name)::text = 'Europe'::text)","Rows Removed by Filter":4,"Shared Hit Blocks":1,"Shared Read Blocks":0,"Shared Dirtied Blocks":0,"Shared Written Blocks":0,"Local Hit Blocks":0,"Local Read Blocks":0,"Local Dirtied Blocks":0,"Local Written Blocks":0,"Temp Read Blocks":0,"Temp Written Blocks":0,"I/O Read Time":0.0,"I/O Write Time":0.0,"Temp I/O Read Time":0.0,"Temp I/O Write Time":0.0}]}]}]}]}]},{"Node Type":"Index Only Scan","Parent Relationship":"Inner","Parallel Aware":false,"Async Capable":false,"Scan Direction":"Forward","Index Name":"stock_pk","Relation Name":"stock","Schema":"public","Alias":"stock","Startup Cost":0.43,"Total Cost":259690.86,"Plan Rows":10000162,"Plan Width":6,"Actual Startup Time":0.083,"Actual Total Time":734.602,"Actual Rows":9999996,"Actual Loops":1,"Output":["stock.s_w_id","stock.s_i_id"],"Heap Fetches":0,"Shared Hit Blocks":27338,"Shared Read Blocks":0,"Shared Dirtied Blocks":0,"Shared Written Blocks":0,"Local Hit Blocks":0,"Local Read Blocks":0,"Local Dirtied Blocks":0,"Local Written Blocks":0,"Temp Read Blocks":0,"Temp Written Blocks":0,"I/O Read Time":0.0,"I/O Write Time":0.0,"Temp I/O Read Time":0.0,"Temp I/O Write Time":0.0}]},{"Node Type":"Hash","Parent Relationship":"Inner","Parallel Aware":false,"Async Capable":false,"Startup Cost":317.0,"Total Cost":317.0,"Plan Rows":10000,"Plan Width":8,"Actual Startup Time":2.518,"Actual Total Time":2.518,"Actual Rows":10000,"Actual Loops":1,"Output":["supplier.su_suppkey","supplier.su_nationkey"],"Hash Buckets":16384,"Original Hash Buckets":16384,"Hash Batches":1,"Original Hash Batches":1,"Peak Memory Usage":519,"Shared Hit Blocks":217,"Shared Read Blocks":0,"Shared Dirtied Blocks":0,"Shared Written Blocks":0,"Local Hit Blocks":0,"Local Read Blocks":0,"Local Dirtied Blocks":0,"Local Written Blocks":0,"Temp Read Blocks":0,"Temp Written Blocks":0,"I/O Read Time":0.0,"I/O Write Time":0.0,"Temp I/O Read Time":0.0,"Temp I/O Write Time":0.0,"Plans":[{"Node Type":"Seq Scan","Parent Relationship":"Outer","Parallel Aware":false,"Async Capable":false,"Relation Name":"supplier","Schema":"public","Alias":"supplier","Startup Cost":0.0,"Total Cost":317.0,"Plan Rows":10000,"Plan Width":8,"Actual Startup Time":0.008,"Actual Total Time":1.223,"Actual Rows":10000,"Actual Loops":1,"Output":["supplier.su_suppkey","supplier.su_nationkey"],"Shared Hit Blocks":217,"Shared Read Blocks":0,"Shared Dirtied Blocks":0,"Shared Written Blocks":0,"Local Hit Blocks":0,"Local Read Blocks":0,"Local Dirtied Blocks":0,"Local Written Blocks":0,"Temp Read Blocks":0,"Temp Written Blocks":0,"I/O Read Time":0.0,"I/O Write Time":0.0,"Temp I/O Read Time":0.0,"Temp I/O Write Time":0.0}]}]}]}]}]},"Planning":{"Shared Hit Blocks":27,"Shared Read Blocks":0,"Shared Dirtied Blocks":1,"Shared Written Blocks":0,"Local Hit Blocks":0,"Local Read Blocks":0,"Local Dirtied Blocks":0,"Local Written Blocks":0,"Temp Read Blocks":0,"Temp Written Blocks":0,"I/O Read Time":0.0,"I/O Write Time":0.0,"Temp I/O Read Time":0.0,"Temp I/O Write Time":0.0},"Planning Time":4.461,"Triggers":[],"Execution Time":16742.466}]
[列存组合]: customer
[{"Plan":{"Node Type":"Sort","Parallel Aware":false,"Async Capable":false,"Startup Cost":2012094.43,"Total Cost":2012094.58,"Plan Rows":62,"Plan Width":40,"Actual Startup Time":16775.811,"Actual Total Time":16775.839,"Actual Rows":11,"Actual Loops":1,"Output":["nation.n_name","(sum(order_line.ol_amount))"],"Sort Key":["(sum(order_line.ol_amount)) DESC"],"Sort Method":"quicksort","Sort Space Used":25,"Sort Space Type":"Memory","Shared Hit Blocks":390500,"Shared Read Blocks":0,"Shared Dirtied Blocks":0,"Shared Written Blocks":0,"Local Hit Blocks":0,"Local Read Blocks":0,"Local Dirtied Blocks":0,"Local Written Blocks":0,"Temp Read Blocks":129460,"Temp Written Blocks":129487,"I/O Read Time":0.0,"I/O Write Time":0.0,"Temp I/O Read Time":210.509,"Temp I/O Write Time":526.173,"Plans":[{"Node Type":"Aggregate","Strategy":"Sorted","Partial Mode":"Simple","Parent Relationship":"Outer","Parallel Aware":false,"Async Capable":false,"Startup Cost":2012018.64,"Total Cost":2012092.58,"Plan Rows":62,"Plan Width":40,"Actual Startup Time":16772.931,"Actual Total Time":16775.823,"Actual Rows":11,"Actual Loops":1,"Output":["nation.n_name","sum(order_line.ol_amount)"],"Group Key":["nation.n_name"],"Shared Hit Blocks":390500,"Shared Read Blocks":0,"Shared Dirtied Blocks":0,"Shared Written Blocks":0,"Local Hit Blocks":0,"Local Read Blocks":0,"Local Dirtied Blocks":0,"Local Written Blocks":0,"Temp Read Blocks":129460,"Temp Written Blocks":129487,"I/O Read Time":0.0,"I/O Write Time":0.0,"Temp I/O Read Time":210.509,"Temp I/O Write Time":526.173,"Plans":[{"Node Type":"Sort","Parent Relationship":"Outer","Parallel Aware":false,"Async Capable":false,"Startup Cost":2012018.64,"Total Cost":2012043.03,"Plan Rows":9755,"Plan Width":12,"Actual Startup Time":16772.718,"Actual Total Time":16773.528,"Actual Rows":17493,"Actual Loops":1,"Output":["nation.n_name","order_line.ol_amount"],"Sort Key":["nation.n_name"],"Sort Method":"quicksort","Sort Space Used":1725,"Sort Space Type":"Memory","Shared Hit Blocks":390500,"Shared Read Blocks":0,"Shared Dirtied Blocks":0,"Shared Written Blocks":0,"Local Hit Blocks":0,"Local Read Blocks":0,"Local Dirtied Blocks":0,"Local Written Blocks":0,"Temp Read Blocks":129460,"Temp Written Blocks":129487,"I/O Read Time":0.0,"I/O Write Time":0.0,"Temp I/O Read Time":210.509,"Temp I/O Write Time":526.173,"Plans":[{"Node Type":"Hash Join","Parent Relationship":"Outer","Parallel Aware":false,"Async Capable":false,"Join Type":"Inner","Startup Cost":1687875.37,"Total Cost":2011372.28,"Plan Rows":9755,"Plan Width":12,"Actual Startup Time":14880.109,"Actual Total Time":16763.562,"Actual Rows":17493,"Actual Loops":1,"Output":["nation.n_name","order_line.ol_amount"],"Inner Unique":true,"Hash Cond":"((mod((stock.s_w_id * stock.s_i_id), 10000) = supplier.su_suppkey) AND (customer.c_nationkey = supplier.su_nationkey))","Shared Hit Blocks":390500,"Shared Read Blocks":0,"Shared Dirtied Blocks":0,"Shared Written Blocks":0,"Local Hit Blocks":0,"Local Read Blocks":0,"Local Dirtied Blocks":0,"Local Written Blocks":0,"Temp Read Blocks":129460,"Temp Written Blocks":129487,"I/O Read Time":0.0,"I/O Write Time":0.0,"Temp I/O Read Time":210.509,"Temp I/O Write Time":526.173,"Plans":[{"Node Type":"Merge Join","Parent Relationship":"Outer","Parallel Aware":false,"Async Capable":false,"Join Type":"Inner","Startup Cost":1687408.37,"Total Cost":2007590.15,"Plan Rows":602749,"Plan Width":26,"Actual Startup Time":14877.127,"Actual Total Time":16619.872,"Actual Rows":1109507,"Actual Loops":1,"Output":["customer.c_nationkey","order_line.ol_amount","stock.s_w_id","stock.s_i_id","nation.n_name","nation.n_nationkey"],"Inner Unique":true,"Merge Cond":"((customer.c_w_id = stock.s_w_id) AND (order_line.ol_i_id = stock.s_i_id))","Shared Hit Blocks":390283,"Shared Read Blocks":0,"Shared Dirtied Blocks":0,"Shared Written Blocks":0,"Local Hit Blocks":0,"Local Read Blocks":0,"Local Dirtied Blocks":0,"Local Written Blocks":0,"Temp Read Blocks":129460,"Temp Written Blocks":129487,"I/O Read Time":0.0,"I/O Write Time":0.0,"Temp I/O Read Time":210.509,"Temp I/O Write Time":526.173,"Plans":[{"Node Type":"Sort","Parent Relationship":"Outer","Parallel Aware":false,"Async Capable":false,"Startup Cost":1687407.93,"Total Cost":1688895.62,"Plan Rows":595073,"Plan Width":30,"Actual Startup Time":14877.056,"Actual Total Time":15059.216,"Actual Rows":1109507,"Actual Loops":1,"Output":["customer.c_w_id","customer.c_nationkey","orders.o_w_id","order_line.ol_amount","order_line.ol_w_id","order_line.ol_i_id","nation.n_name","nation.n_nationkey"],"Sort Key":["customer.c_w_id","order_line.ol_i_id"],"Sort Method":"external merge","Sort Space Used":47304,"Sort Space Type":"Disk","Shared Hit Blocks":362945,"Shared Read Blocks":0,"Shared Dirtied Blocks":0,"Shared Written Blocks":0,"Local Hit Blocks":0,"Local Read Blocks":0,"Local Dirtied Blocks":0,"Local Written Blocks":0,"Temp Read Blocks":129460,"Temp Written Blocks":129487,"I/O Read Time":0.0,"I/O Write Time":0.0,"Temp I/O Read Time":210.509,"Temp I/O Write Time":526.173,"Plans":[{"Node Type":"Hash Join","Parent Relationship":"Outer","Parallel Aware":false,"Async Capable":false,"Join Type":"Inner","Startup Cost":398264.32,"Total Cost":1616094.38,"Plan Rows":595073,"Plan Width":30,"Actual Startup Time":1555.207,"Actual Total Time":13487.095,"Actual Rows":1109507,"Actual Loops":1,"Output":["customer.c_w_id","customer.c_nationkey","orders.o_w_id","order_line.ol_amount","order_line.ol_w_id","order_line.ol_i_id","nation.n_name","nation.n_nationkey"],"Inner Unique":false,"Hash Cond":"(customer.c_nationkey = nation.n_nationkey)","Shared Hit Blocks":362945,"Shared Read Blocks":0,"Shared Dirtied Blocks":0,"Shared Written Blocks":0,"Local Hit Blocks":0,"Local Read Blocks":0,"Local Dirtied Blocks":0,"Local Written Blocks":0,"Temp Read Blocks":117643,"Temp Written Blocks":117643,"I/O Read Time":0.0,"I/O Write Time":0.0,"Temp I/O Read Time":192.257,"Temp I/O Write Time":494.331,"Plans":[{"Node Type":"Hash Join","Parent Relationship":"Outer","Parallel Aware":false,"Async Capable":false,"Join Type":"Inner","Startup Cost":398261.18,"Total Cost":1599174.84,"Plan Rows":2975367,"Plan Width":18,"Actual Startup Time":1545.578,"Actual Total Time":13050.643,"Actual Rows":4284922,"Actual Loops":1,"Output":["customer.c_w_id","customer.c_nationkey","orders.o_w_id","order_line.ol_amount","order_line.ol_w_id","order_line.ol_i_id"],"Inner Unique":true,"Hash Cond":"((orders.o_c_id = customer.c_id) AND (orders.o_w_id = customer.c_w_id) AND (orders.o_d_id = customer.c_d_id))","Shared Hit Blocks":362943,"Shared Read Blocks":0,"Shared Dirtied Blocks":0,"Shared Written Blocks":0,"Local Hit Blocks":0,"Local Read Blocks":0,"Local Dirtied Blocks":0,"Local Written Blocks":0,"Temp Read Blocks":117643,"Temp Written Blocks":117643,"I/O Read Time":0.0,"I/O Write Time":0.0,"Temp I/O Read Time":192.257,"Temp I/O Write Time":494.331,"Plans":[{"Node Type":"Hash Join","Parent Relationship":"Outer","Parallel Aware":false,"Async Capable":false,"Join Type":"Inner","Startup Cost":76606.59,"Total Cost":1204573.22,"Plan Rows":2975367,"Plan Width":20,"Actual Startup Time":366.348,"Actual Total Time":9714.843,"Actual Rows":4284922,"Actual Loops":1,"Output":["orders.o_c_id","orders.o_w_id","orders.o_d_id","order_line.ol_amount","order_line.ol_w_id","order_line.ol_d_id","order_line.ol_i_id"],"Inner Unique":true,"Hash Cond":"((order_line.ol_w_id = orders.o_w_id) AND (order_line.ol_d_id = orders.o_d_id) AND (order_line.ol_o_id = orders.o_id))","Shared Hit Blocks":362943,"Shared Read Blocks":0,"Shared Dirtied Blocks":0,"Shared Written Blocks":0,"Local Hit Blocks":0,"Local Read Blocks":0,"Local Dirtied Blocks":0,"Local Written Blocks":0,"Temp Read Blocks":85996,"Temp Written Blocks":85996,"I/O Read Time":0.0,"I/O Write Time":0.0,"Temp I/O Read Time":140.663,"Temp I/O Write Time":347.217,"Plans":[{"Node Type":"Seq Scan","Parent Relationship":"Outer","Parallel Aware":false,"Async Capable":false,"Relation Name":"order_line","Schema":"public","Alias":"order_line","Startup Cost":0.0,"Total Cost":715856.4,"Plan Rows":20926367,"Plan Width":20,"Actual Startup Time":0.006,"Actual Total Time":3706.737,"Actual Rows":21002151,"Actual Loops":1,"Output":["order_line.ol_amount","order_line.ol_o_id","order_line.ol_w_id","order_line.ol_d_id","order_line.ol_i_id"],"Filter":"(order_line.ol_delivery_d >= '1992-01-02 20:10:02.27764'::timestamp without time zone)","Rows Removed by Filter":8995581,"Shared Hit Blocks":340884,"Shared Read Blocks":0,"Shared Dirtied Blocks":0,"Shared Written Blocks":0,"Local Hit Blocks":0,"Local Read Blocks":0,"Local Dirtied Blocks":0,"Local Written Blocks":0,"Temp Read Blocks":0,"Temp Written Blocks":0,"I/O Read Time":0.0,"I/O Write Time":0.0,"Temp I/O Read Time":0.0,"Temp I/O Write Time":0.0},{"Node Type":"Hash","Parent Relationship":"Inner","Parallel Aware":false,"Async Capable":false,"Startup Cost":67059.0,"Total Cost":67059.0,"Plan Rows":426548,"Plan Width":16,"Actual Startup Time":298.145,"Actual Total Time":298.152,"Actual Rows":428399,"Actual Loops":1,"Output":["orders.o_c_id","orders.o_w_id","orders.o_d_id","orders.o_id"],"Hash Buckets":262144,"Original Hash Buckets":262144,"Hash Batches":4,"Original Hash Batches":4,"Peak Memory Usage":7080,"Shared Hit Blocks":22059,"Shared Read Blocks":0,"Shared Dirtied Blocks":0,"Shared Written Blocks":0,"Local Hit Blocks":0,"Local Read Blocks":0,"Local Dirtied Blocks":0,"Local Written Blocks":0,"Temp Read Blocks":0,"Temp Written Blocks":1410,"I/O Read Time":0.0,"I/O Write Time":0.0,"Temp I/O Read Time":0.0,"Temp I/O Write Time":6.362,"Plans":[{"Node Type":"Seq Scan","Parent Relationship":"Outer","Parallel Aware":false,"Async Capable":false,"Relation Name":"orders","Schema":"public","Alias":"orders","Startup Cost":0.0,"Total Cost":67059.0,"Plan Rows":426548,"Plan Width":16,"Actual Startup Time":0.789,"Actual Total Time":220.296,"Actual Rows":428399,"Actual Loops":1,"Output":["orders.o_c_id","orders.o_w_id","orders.o_d_id","orders.o_id"],"Filter":"((orders.o_entry_d >= '1993-01-02 20:10:02.27764'::timestamp without time zone) AND (orders.o_entry_d < '1994-01-02 20:10:02.27764'::timestamp without time zone))","Rows Removed by Filter":2571601,"Shared Hit Blocks":22059,"Shared Read Blocks":0,"Shared Dirtied Blocks":0,"Shared Written Blocks":0,"Local Hit Blocks":0,"Local Read Blocks":0,"Local Dirtied Blocks":0,"Local Written Blocks":0,"Temp Read Blocks":0,"Temp Written Blocks":0,"I/O Read Time":0.0,"I/O Write Time":0.0,"Temp I/O Read Time":0.0,"Temp I/O Write Time":0.0}]}]},{"Node Type":"Hash","Parent Relationship":"Inner","Parallel Aware":false,"Async Capable":false,"Startup Cost":254511.16,"Total Cost":254511.16,"Plan Rows":2999739,"Plan Width":12,"Actual Startup Time":1176.845,"Actual Total Time":1176.852,"Actual Rows":3000000,"Actual Loops":1,"Output":["customer.c_id","customer.c_w_id","customer.c_d_id","customer.c_nationkey"],"Hash Buckets":262144,"Original Hash Buckets":262144,"Hash Batches":32,"Original Hash Batches":32,"Peak Memory Usage":6090,"Shared Hit Blocks":0,"Shared Read Blocks":0,"Shared Dirtied Blocks":0,"Shared Written Blocks":0,"Local Hit Blocks":0,"Local Read Blocks":0,"Local Dirtied Blocks":0,"Local Written Blocks":0,"Temp Read Blocks":0,"Temp Written Blocks":11335,"I/O Read Time":0.0,"I/O Write Time":0.0,"Temp I/O Read Time":0.0,"Temp I/O Write Time":50.487,"Plans":[{"Node Type":"Append","Parent Relationship":"Outer","Parallel Aware":false,"Async Capable":false,"Startup Cost":20.0,"Total Cost":254511.16,"Plan Rows":2999739,"Plan Width":12,"Actual Startup Time":0.031,"Actual Total Time":667.664,"Actual Rows":3000000,"Actual Loops":1,"Shared Hit Blocks":0,"Shared Read Blocks":0,"Shared Dirtied Blocks":0,"Shared Written Blocks":0,"Local Hit Blocks":0,"Local Read Blocks":0,"Local Dirtied Blocks":0,"Local Written Blocks":0,"Temp Read Blocks":0,"Temp Written Blocks":0,"I/O Read Time":0.0,"I/O Write Time":0.0,"Temp I/O Read Time":0.0,"Temp I/O Write Time":0.0,"Subplans Removed":0,"Plans":[{"Node Type":"Custom Scan","Parent Relationship":"Member","Custom Plan Provider":"columnar scan","Parallel Aware":false,"Async Capable":false,"Relation Name":"customer","Schema":"public","Alias":"customer","Startup Cost":20.0,"Total Cost":70513.87,"Plan Rows":2999738,"Plan Width":12,"Actual Startup Time":0.03,"Actual Total Time":453.963,"Actual Rows":3000000,"Actual Loops":1,"Output":["customer.c_id","customer.c_w_id","customer.c_d_id","customer.c_nationkey"],"Rows Removed by Columnar Filter":0,"Columnar cache search mode":"native","Shared Hit Blocks":0,"Shared Read Blocks":0,"Shared Dirtied Blocks":0,"Shared Written Blocks":0,"Local Hit Blocks":0,"Local Read Blocks":0,"Local Dirtied Blocks":0,"Local Written Blocks":0,"Temp Read Blocks":0,"Temp Written Blocks":0,"I/O Read Time":0.0,"I/O Write Time":0.0,"Temp I/O Read Time":0.0,"Temp I/O Write Time":0.0},{"Node Type":"Seq Scan","Parent Relationship":"Member","Parallel Aware":false,"Async Capable":false,"Relation Name":"customer","Schema":"public","Alias":"customer","Startup Cost":0.0,"Total Cost":4.01,"Plan Rows":1,"Plan Width":12,"Actual Startup Time":0.0,"Actual Total Time":0.0,"Actual Rows":0,"Actual Loops":0,"Output":["customer.c_id","customer.c_w_id","customer.c_d_id","customer.c_nationkey"],"Shared Hit Blocks":0,"Shared Read Blocks":0,"Shared Dirtied Blocks":0,"Shared Written Blocks":0,"Local Hit Blocks":0,"Local Read Blocks":0,"Local Dirtied Blocks":0,"Local Written Blocks":0,"Temp Read Blocks":0,"Temp Written Blocks":0,"I/O Read Time":0.0,"I/O Write Time":0.0,"Temp I/O Read Time":0.0,"Temp I/O Write Time":0.0}]}]}]},{"Node Type":"Hash","Parent Relationship":"Inner","Parallel Aware":false,"Async Capable":false,"Startup Cost":2.99,"Total Cost":2.99,"Plan Rows":12,"Plan Width":12,"Actual Startup Time":0.04,"Actual Total Time":0.045,"Actual Rows":22,"Actual Loops":1,"Output":["nation.n_name","nation.n_nationkey"],"Hash Buckets":1024,"Original Hash Buckets":1024,"Hash Batches":1,"Original Hash Batches":1,"Peak Memory Usage":9,"Shared Hit Blocks":2,"Shared Read Blocks":0,"Shared Dirtied Blocks":0,"Shared Written Blocks":0,"Local Hit Blocks":0,"Local Read Blocks":0,"Local Dirtied Blocks":0,"Local Written Blocks":0,"Temp Read Blocks":0,"Temp Written Blocks":0,"I/O Read Time":0.0,"I/O Write Time":0.0,"Temp I/O Read Time":0.0,"Temp I/O Write Time":0.0,"Plans":[{"Node Type":"Hash Join","Parent Relationship":"Outer","Parallel Aware":false,"Async Capable":false,"Join Type":"Inner","Startup Cost":1.07,"Total Cost":2.99,"Plan Rows":12,"Plan Width":12,"Actual Startup Time":0.024,"Actual Total Time":0.038,"Actual Rows":22,"Actual Loops":1,"Output":["nation.n_name","nation.n_nationkey"],"Inner Unique":true,"Hash Cond":"(nation.n_regionkey = region.r_regionkey)","Shared Hit Blocks":2,"Shared Read Blocks":0,"Shared Dirtied Blocks":0,"Shared Written Blocks":0,"Local Hit Blocks":0,"Local Read Blocks":0,"Local Dirtied Blocks":0,"Local Written Blocks":0,"Temp Read Blocks":0,"Temp Written Blocks":0,"I/O Read Time":0.0,"I/O Write Time":0.0,"Temp I/O Read Time":0.0,"Temp I/O Write Time":0.0,"Plans":[{"Node Type":"Seq Scan","Parent Relationship":"Outer","Parallel Aware":false,"Async Capable":false,"Relation Name":"nation","Schema":"public","Alias":"nation","Startup Cost":0.0,"Total Cost":1.62,"Plan Rows":62,"Plan Width":16,"Actual Startup Time":0.005,"Actual Total Time":0.008,"Actual Rows":62,"Actual Loops":1,"Output":["nation.n_nationkey","nation.n_name","nation.n_regionkey","nation.n_comment"],"Shared Hit Blocks":1,"Shared Read Blocks":0,"Shared Dirtied Blocks":0,"Shared Written Blocks":0,"Local Hit Blocks":0,"Local Read Blocks":0,"Local Dirtied Blocks":0,"Local Written Blocks":0,"Temp Read Blocks":0,"Temp Written Blocks":0,"I/O Read Time":0.0,"I/O Write Time":0.0,"Temp I/O Read Time":0.0,"Temp I/O Write Time":0.0},{"Node Type":"Hash","Parent Relationship":"Inner","Parallel Aware":false,"Async Capable":false,"Startup Cost":1.06,"Total Cost":1.06,"Plan Rows":1,"Plan Width":4,"Actual Startup Time":0.008,"Actual Total Time":0.01,"Actual Rows":1,"Actual Loops":1,"Output":["region.r_regionkey"],"Hash Buckets":1024,"Original Hash Buckets":1024,"Hash Batches":1,"Original Hash Batches":1,"Peak Memory Usage":9,"Shared Hit Blocks":1,"Shared Read Blocks":0,"Shared Dirtied Blocks":0,"Shared Written Blocks":0,"Local Hit Blocks":0,"Local Read Blocks":0,"Local Dirtied Blocks":0,"Local Written Blocks":0,"Temp Read Blocks":0,"Temp Written Blocks":0,"I/O Read Time":0.0,"I/O Write Time":0.0,"Temp I/O Read Time":0.0,"Temp I/O Write Time":0.0,"Plans":[{"Node Type":"Seq Scan","Parent Relationship":"Outer","Parallel Aware":false,"Async Capable":false,"Relation Name":"region","Schema":"public","Alias":"region","Startup Cost":0.0,"Total Cost":1.06,"Plan Rows":1,"Plan Width":4,"Actual Startup Time":0.006,"Actual Total Time":0.007,"Actual Rows":1,"Actual Loops":1,"Output":["region.r_regionkey"],"Filter":"((region.r_name)::text = 'Europe'::text)","Rows Removed by Filter":4,"Shared Hit Blocks":1,"Shared Read Blocks":0,"Shared Dirtied Blocks":0,"Shared Written Blocks":0,"Local Hit Blocks":0,"Local Read Blocks":0,"Local Dirtied Blocks":0,"Local Written Blocks":0,"Temp Read Blocks":0,"Temp Written Blocks":0,"I/O Read Time":0.0,"I/O Write Time":0.0,"Temp I/O Read Time":0.0,"Temp I/O Write Time":0.0}]}]}]}]}]},{"Node Type":"Index Only Scan","Parent Relationship":"Inner","Parallel Aware":false,"Async Capable":false,"Scan Direction":"Forward","Index Name":"stock_pk","Relation Name":"stock","Schema":"public","Alias":"stock","Startup Cost":0.43,"Total Cost":259690.86,"Plan Rows":10000162,"Plan Width":6,"Actual Startup Time":0.058,"Actual Total Time":748.891,"Actual Rows":9999996,"Actual Loops":1,"Output":["stock.s_w_id","stock.s_i_id"],"Heap Fetches":0,"Shared Hit Blocks":27338,"Shared Read Blocks":0,"Shared Dirtied Blocks":0,"Shared Written Blocks":0,"Local Hit Blocks":0,"Local Read Blocks":0,"Local Dirtied Blocks":0,"Local Written Blocks":0,"Temp Read Blocks":0,"Temp Written Blocks":0,"I/O Read Time":0.0,"I/O Write Time":0.0,"Temp I/O Read Time":0.0,"Temp I/O Write Time":0.0}]},{"Node Type":"Hash","Parent Relationship":"Inner","Parallel Aware":false,"Async Capable":false,"Startup Cost":317.0,"Total Cost":317.0,"Plan Rows":10000,"Plan Width":8,"Actual Startup Time":2.555,"Actual Total Time":2.555,"Actual Rows":10000,"Actual Loops":1,"Output":["supplier.su_suppkey","supplier.su_nationkey"],"Hash Buckets":16384,"Original Hash Buckets":16384,"Hash Batches":1,"Original Hash Batches":1,"Peak Memory Usage":519,"Shared Hit Blocks":217,"Shared Read Blocks":0,"Shared Dirtied Blocks":0,"Shared Written Blocks":0,"Local Hit Blocks":0,"Local Read Blocks":0,"Local Dirtied Blocks":0,"Local Written Blocks":0,"Temp Read Blocks":0,"Temp Written Blocks":0,"I/O Read Time":0.0,"I/O Write Time":0.0,"Temp I/O Read Time":0.0,"Temp I/O Write Time":0.0,"Plans":[{"Node Type":"Seq Scan","Parent Relationship":"Outer","Parallel Aware":false,"Async Capable":false,"Relation Name":"supplier","Schema":"public","Alias":"supplier","Startup Cost":0.0,"Total Cost":317.0,"Plan Rows":10000,"Plan Width":8,"Actual Startup Time":0.01,"Actual Total Time":1.269,"Actual Rows":10000,"Actual Loops":1,"Output":["supplier.su_suppkey","supplier.su_nationkey"],"Shared Hit Blocks":217,"Shared Read Blocks":0,"Shared Dirtied Blocks":0,"Shared Written Blocks":0,"Local Hit Blocks":0,"Local Read Blocks":0,"Local Dirtied Blocks":0,"Local Written Blocks":0,"Temp Read Blocks":0,"Temp Written Blocks":0,"I/O Read Time":0.0,"I/O Write Time":0.0,"Temp I/O Read Time":0.0,"Temp I/O Write Time":0.0}]}]}]}]}]},"Planning":{"Shared Hit Blocks":16,"Shared Read Blocks":0,"Shared Dirtied Blocks":0,"Shared Written Blocks":0,"Local Hit Blocks":0,"Local Read Blocks":0,"Local Dirtied Blocks":0,"Local Written Blocks":0,"Temp Read Blocks":0,"Temp Written Blocks":0,"I/O Read Time":0.0,"I/O Write Time":0.0,"Temp I/O Read Time":0.0,"Temp I/O Write Time":0.0},"Planning Time":4.602,"Triggers":[],"Execution Time":16788.453}]
[列存组合]: nation
[{"Plan":{"Node Type":"Sort","Parallel Aware":false,"Async Capable":false,"Startup Cost":2017184.63,"Total Cost":2017184.79,"Plan Rows":62,"Plan Width":40,"Actual Startup Time":16717.366,"Actual Total Time":16717.382,"Actual Rows":11,"Actual Loops":1,"Output":["nation.n_name","(sum(order_line.ol_amount))"],"Sort Key":["(sum(order_line.ol_amount)) DESC"],"Sort Method":"quicksort","Sort Space Used":25,"Sort Space Type":"Memory","Shared Hit Blocks":620104,"Shared Read Blocks":0,"Shared Dirtied Blocks":0,"Shared Written Blocks":0,"Local Hit Blocks":0,"Local Read Blocks":0,"Local Dirtied Blocks":0,"Local Written Blocks":0,"Temp Read Blocks":129460,"Temp Written Blocks":129487,"I/O Read Time":0.0,"I/O Write Time":0.0,"Temp I/O Read Time":210.362,"Temp I/O Write Time":529.239,"Plans":[{"Node Type":"Aggregate","Strategy":"Sorted","Partial Mode":"Simple","Parent Relationship":"Outer","Parallel Aware":false,"Async Capable":false,"Startup Cost":2017108.85,"Total Cost":2017182.79,"Plan Rows":62,"Plan Width":40,"Actual Startup Time":16714.532,"Actual Total Time":16717.369,"Actual Rows":11,"Actual Loops":1,"Output":["nation.n_name","sum(order_line.ol_amount)"],"Group Key":["nation.n_name"],"Shared Hit Blocks":620104,"Shared Read Blocks":0,"Shared Dirtied Blocks":0,"Shared Written Blocks":0,"Local Hit Blocks":0,"Local Read Blocks":0,"Local Dirtied Blocks":0,"Local Written Blocks":0,"Temp Read Blocks":129460,"Temp Written Blocks":129487,"I/O Read Time":0.0,"I/O Write Time":0.0,"Temp I/O Read Time":210.362,"Temp I/O Write Time":529.239,"Plans":[{"Node Type":"Sort","Parent Relationship":"Outer","Parallel Aware":false,"Async Capable":false,"Startup Cost":2017108.85,"Total Cost":2017133.24,"Plan Rows":9755,"Plan Width":12,"Actual Startup Time":16714.322,"Actual Total Time":16715.095,"Actual Rows":17493,"Actual Loops":1,"Output":["nation.n_name","order_line.ol_amount"],"Sort Key":["nation.n_name"],"Sort Method":"quicksort","Sort Space Used":1725,"Sort Space Type":"Memory","Shared Hit Blocks":620104,"Shared Read Blocks":0,"Shared Dirtied Blocks":0,"Shared Written Blocks":0,"Local Hit Blocks":0,"Local Read Blocks":0,"Local Dirtied Blocks":0,"Local Written Blocks":0,"Temp Read Blocks":129460,"Temp Written Blocks":129487,"I/O Read Time":0.0,"I/O Write Time":0.0,"Temp I/O Read Time":210.362,"Temp I/O Write Time":529.239,"Plans":[{"Node Type":"Hash Join","Parent Relationship":"Outer","Parallel Aware":false,"Async Capable":false,"Join Type":"Inner","Startup Cost":1692965.58,"Total Cost":2016462.49,"Plan Rows":9755,"Plan Width":12,"Actual Startup Time":14859.625,"Actual Total Time":16705.571,"Actual Rows":17493,"Actual Loops":1,"Output":["nation.n_name","order_line.ol_amount"],"Inner Unique":true,"Hash Cond":"((mod((stock.s_w_id * stock.s_i_id), 10000) = supplier.su_suppkey) AND (customer.c_nationkey = supplier.su_nationkey))","Shared Hit Blocks":620104,"Shared Read Blocks":0,"Shared Dirtied Blocks":0,"Shared Written Blocks":0,"Local Hit Blocks":0,"Local Read Blocks":0,"Local Dirtied Blocks":0,"Local Written Blocks":0,"Temp Read Blocks":129460,"Temp Written Blocks":129487,"I/O Read Time":0.0,"I/O Write Time":0.0,"Temp I/O Read Time":210.362,"Temp I/O Write Time":529.239,"Plans":[{"Node Type":"Merge Join","Parent Relationship":"Outer","Parallel Aware":false,"Async Capable":false,"Join Type":"Inner","Startup Cost":1692498.58,"Total Cost":2012680.35,"Plan Rows":602749,"Plan Width":26,"Actual Startup Time":14856.647,"Actual Total Time":16561.945,"Actual Rows":1109507,"Actual Loops":1,"Output":["customer.c_nationkey","order_line.ol_amount","stock.s_w_id","stock.s_i_id","nation.n_name","nation.n_nationkey"],"Inner Unique":true,"Merge Cond":"((customer.c_w_id = stock.s_w_id) AND (order_line.ol_i_id = stock.s_i_id))","Shared Hit Blocks":619887,"Shared Read Blocks":0,"Shared Dirtied Blocks":0,"Shared Written Blocks":0,"Local Hit Blocks":0,"Local Read Blocks":0,"Local Dirtied Blocks":0,"Local Written Blocks":0,"Temp Read Blocks":129460,"Temp Written Blocks":129487,"I/O Read Time":0.0,"I/O Write Time":0.0,"Temp I/O Read Time":210.362,"Temp I/O Write Time":529.239,"Plans":[{"Node Type":"Sort","Parent Relationship":"Outer","Parallel Aware":false,"Async Capable":false,"Startup Cost":1692498.14,"Total Cost":1693985.82,"Plan Rows":595073,"Plan Width":30,"Actual Startup Time":14856.589,"Actual Total Time":15036.148,"Actual Rows":1109507,"Actual Loops":1,"Output":["customer.c_w_id","customer.c_nationkey","orders.o_w_id","order_line.ol_amount","order_line.ol_w_id","order_line.ol_i_id","nation.n_name","nation.n_nationkey"],"Sort Key":["customer.c_w_id","order_line.ol_i_id"],"Sort Method":"external merge","Sort Space Used":47304,"Sort Space Type":"Disk","Shared Hit Blocks":592549,"Shared Read Blocks":0,"Shared Dirtied Blocks":0,"Shared Written Blocks":0,"Local Hit Blocks":0,"Local Read Blocks":0,"Local Dirtied Blocks":0,"Local Written Blocks":0,"Temp Read Blocks":129460,"Temp Written Blocks":129487,"I/O Read Time":0.0,"I/O Write Time":0.0,"Temp I/O Read Time":210.362,"Temp I/O Write Time":529.239,"Plans":[{"Node Type":"Hash Join","Parent Relationship":"Outer","Parallel Aware":false,"Async Capable":false,"Join Type":"Inner","Startup Cost":403354.53,"Total Cost":1621184.58,"Plan Rows":595073,"Plan Width":30,"Actual Startup Time":1599.915,"Actual Total Time":13467.061,"Actual Rows":1109507,"Actual Loops":1,"Output":["customer.c_w_id","customer.c_nationkey","orders.o_w_id","order_line.ol_amount","order_line.ol_w_id","order_line.ol_i_id","nation.n_name","nation.n_nationkey"],"Inner Unique":false,"Hash Cond":"(customer.c_nationkey = nation.n_nationkey)","Shared Hit Blocks":592549,"Shared Read Blocks":0,"Shared Dirtied Blocks":0,"Shared Written Blocks":0,"Local Hit Blocks":0,"Local Read Blocks":0,"Local Dirtied Blocks":0,"Local Written Blocks":0,"Temp Read Blocks":117643,"Temp Written Blocks":117643,"I/O Read Time":0.0,"I/O Write Time":0.0,"Temp I/O Read Time":192.138,"Temp I/O Write Time":497.361,"Plans":[{"Node Type":"Hash Join","Parent Relationship":"Outer","Parallel Aware":false,"Async Capable":false,"Join Type":"Inner","Startup Cost":403351.39,"Total Cost":1604265.05,"Plan Rows":2975367,"Plan Width":18,"Actual Startup Time":1590.389,"Actual Total Time":13046.348,"Actual Rows":4284922,"Actual Loops":1,"Output":["customer.c_w_id","customer.c_nationkey","orders.o_w_id","order_line.ol_amount","order_line.ol_w_id","order_line.ol_i_id"],"Inner Unique":true,"Hash Cond":"((orders.o_c_id = customer.c_id) AND (orders.o_w_id = customer.c_w_id) AND (orders.o_d_id = customer.c_d_id))","Shared Hit Blocks":592547,"Shared Read Blocks":0,"Shared Dirtied Blocks":0,"Shared Written Blocks":0,"Local Hit Blocks":0,"Local Read Blocks":0,"Local Dirtied Blocks":0,"Local Written Blocks":0,"Temp Read Blocks":117643,"Temp Written Blocks":117643,"I/O Read Time":0.0,"I/O Write Time":0.0,"Temp I/O Read Time":192.138,"Temp I/O Write Time":497.361,"Plans":[{"Node Type":"Hash Join","Parent Relationship":"Outer","Parallel Aware":false,"Async Capable":false,"Join Type":"Inner","Startup Cost":76606.59,"Total Cost":1204573.22,"Plan Rows":2975367,"Plan Width":20,"Actual Startup Time":364.362,"Actual Total Time":9672.769,"Actual Rows":4284922,"Actual Loops":1,"Output":["orders.o_c_id","orders.o_w_id","orders.o_d_id","order_line.ol_amount","order_line.ol_w_id","order_line.ol_d_id","order_line.ol_i_id"],"Inner Unique":true,"Hash Cond":"((order_line.ol_w_id = orders.o_w_id) AND (order_line.ol_d_id = orders.o_d_id) AND (order_line.ol_o_id = orders.o_id))","Shared Hit Blocks":362943,"Shared Read Blocks":0,"Shared Dirtied Blocks":0,"Shared Written Blocks":0,"Local Hit Blocks":0,"Local Read Blocks":0,"Local Dirtied Blocks":0,"Local Written Blocks":0,"Temp Read Blocks":85996,"Temp Written Blocks":85996,"I/O Read Time":0.0,"I/O Write Time":0.0,"Temp I/O Read Time":140.399,"Temp I/O Write Time":347.237,"Plans":[{"Node Type":"Seq Scan","Parent Relationship":"Outer","Parallel Aware":false,"Async Capable":false,"Relation Name":"order_line","Schema":"public","Alias":"order_line","Startup Cost":0.0,"Total Cost":715856.4,"Plan Rows":20926367,"Plan Width":20,"Actual Startup Time":0.007,"Actual Total Time":3667.941,"Actual Rows":21002151,"Actual Loops":1,"Output":["order_line.ol_amount","order_line.ol_o_id","order_line.ol_w_id","order_line.ol_d_id","order_line.ol_i_id"],"Filter":"(order_line.ol_delivery_d >= '1992-01-02 20:10:02.27764'::timestamp without time zone)","Rows Removed by Filter":8995581,"Shared Hit Blocks":340884,"Shared Read Blocks":0,"Shared Dirtied Blocks":0,"Shared Written Blocks":0,"Local Hit Blocks":0,"Local Read Blocks":0,"Local Dirtied Blocks":0,"Local Written Blocks":0,"Temp Read Blocks":0,"Temp Written Blocks":0,"I/O Read Time":0.0,"I/O Write Time":0.0,"Temp I/O Read Time":0.0,"Temp I/O Write Time":0.0},{"Node Type":"Hash","Parent Relationship":"Inner","Parallel Aware":false,"Async Capable":false,"Startup Cost":67059.0,"Total Cost":67059.0,"Plan Rows":426548,"Plan Width":16,"Actual Startup Time":296.383,"Actual Total Time":296.387,"Actual Rows":428399,"Actual Loops":1,"Output":["orders.o_c_id","orders.o_w_id","orders.o_d_id","orders.o_id"],"Hash Buckets":262144,"Original Hash Buckets":262144,"Hash Batches":4,"Original Hash Batches":4,"Peak Memory Usage":7080,"Shared Hit Blocks":22059,"Shared Read Blocks":0,"Shared Dirtied Blocks":0,"Shared Written Blocks":0,"Local Hit Blocks":0,"Local Read Blocks":0,"Local Dirtied Blocks":0,"Local Written Blocks":0,"Temp Read Blocks":0,"Temp Written Blocks":1410,"I/O Read Time":0.0,"I/O Write Time":0.0,"Temp I/O Read Time":0.0,"Temp I/O Write Time":6.344,"Plans":[{"Node Type":"Seq Scan","Parent Relationship":"Outer","Parallel Aware":false,"Async Capable":false,"Relation Name":"orders","Schema":"public","Alias":"orders","Startup Cost":0.0,"Total Cost":67059.0,"Plan Rows":426548,"Plan Width":16,"Actual Startup Time":0.77,"Actual Total Time":220.961,"Actual Rows":428399,"Actual Loops":1,"Output":["orders.o_c_id","orders.o_w_id","orders.o_d_id","orders.o_id"],"Filter":"((orders.o_entry_d >= '1993-01-02 20:10:02.27764'::timestamp without time zone) AND (orders.o_entry_d < '1994-01-02 20:10:02.27764'::timestamp without time zone))","Rows Removed by Filter":2571601,"Shared Hit Blocks":22059,"Shared Read Blocks":0,"Shared Dirtied Blocks":0,"Shared Written Blocks":0,"Local Hit Blocks":0,"Local Read Blocks":0,"Local Dirtied Blocks":0,"Local Written Blocks":0,"Temp Read Blocks":0,"Temp Written Blocks":0,"I/O Read Time":0.0,"I/O Write Time":0.0,"Temp I/O Read Time":0.0,"Temp I/O Write Time":0.0}]}]},{"Node Type":"Hash","Parent Relationship":"Inner","Parallel Aware":false,"Async Capable":false,"Startup Cost":259601.38,"Total Cost":259601.38,"Plan Rows":2999738,"Plan Width":12,"Actual Startup Time":1223.651,"Actual Total Time":1223.652,"Actual Rows":3000000,"Actual Loops":1,"Output":["customer.c_id","customer.c_w_id","customer.c_d_id","customer.c_nationkey"],"Hash Buckets":262144,"Original Hash Buckets":262144,"Hash Batches":32,"Original Hash Batches":32,"Peak Memory Usage":6090,"Shared Hit Blocks":229604,"Shared Read Blocks":0,"Shared Dirtied Blocks":0,"Shared Written Blocks":0,"Local Hit Blocks":0,"Local Read Blocks":0,"Local Dirtied Blocks":0,"Local Written Blocks":0,"Temp Read Blocks":0,"Temp Written Blocks":11335,"I/O Read Time":0.0,"I/O Write Time":0.0,"Temp I/O Read Time":0.0,"Temp I/O Write Time":53.819,"Plans":[{"Node Type":"Seq Scan","Parent Relationship":"Outer","Parallel Aware":false,"Async Capable":false,"Relation Name":"customer","Schema":"public","Alias":"customer","Startup Cost":0.0,"Total Cost":259601.38,"Plan Rows":2999738,"Plan Width":12,"Actual Startup Time":0.019,"Actual Total Time":724.294,"Actual Rows":3000000,"Actual Loops":1,"Output":["customer.c_id","customer.c_w_id","customer.c_d_id","customer.c_nationkey"],"Shared Hit Blocks":229604,"Shared Read Blocks":0,"Shared Dirtied Blocks":0,"Shared Written Blocks":0,"Local Hit Blocks":0,"Local Read Blocks":0,"Local Dirtied Blocks":0,"Local Written Blocks":0,"Temp Read Blocks":0,"Temp Written Blocks":0,"I/O Read Time":0.0,"I/O Write Time":0.0,"Temp I/O Read Time":0.0,"Temp I/O Write Time":0.0}]}]},{"Node Type":"Hash","Parent Relationship":"Inner","Parallel Aware":false,"Async Capable":false,"Startup Cost":2.99,"Total Cost":2.99,"Plan Rows":12,"Plan Width":12,"Actual Startup Time":0.033,"Actual Total Time":0.037,"Actual Rows":22,"Actual Loops":1,"Output":["nation.n_name","nation.n_nationkey"],"Hash Buckets":1024,"Original Hash Buckets":1024,"Hash Batches":1,"Original Hash Batches":1,"Peak Memory Usage":9,"Shared Hit Blocks":2,"Shared Read Blocks":0,"Shared Dirtied Blocks":0,"Shared Written Blocks":0,"Local Hit Blocks":0,"Local Read Blocks":0,"Local Dirtied Blocks":0,"Local Written Blocks":0,"Temp Read Blocks":0,"Temp Written Blocks":0,"I/O Read Time":0.0,"I/O Write Time":0.0,"Temp I/O Read Time":0.0,"Temp I/O Write Time":0.0,"Plans":[{"Node Type":"Hash Join","Parent Relationship":"Outer","Parallel Aware":false,"Async Capable":false,"Join Type":"Inner","Startup Cost":1.07,"Total Cost":2.99,"Plan Rows":12,"Plan Width":12,"Actual Startup Time":0.017,"Actual Total Time":0.032,"Actual Rows":22,"Actual Loops":1,"Output":["nation.n_name","nation.n_nationkey"],"Inner Unique":true,"Hash Cond":"(nation.n_regionkey = region.r_regionkey)","Shared Hit Blocks":2,"Shared Read Blocks":0,"Shared Dirtied Blocks":0,"Shared Written Blocks":0,"Local Hit Blocks":0,"Local Read Blocks":0,"Local Dirtied Blocks":0,"Local Written Blocks":0,"Temp Read Blocks":0,"Temp Written Blocks":0,"I/O Read Time":0.0,"I/O Write Time":0.0,"Temp I/O Read Time":0.0,"Temp I/O Write Time":0.0,"Plans":[{"Node Type":"Seq Scan","Parent Relationship":"Outer","Parallel Aware":false,"Async Capable":false,"Relation Name":"nation","Schema":"public","Alias":"nation","Startup Cost":0.0,"Total Cost":1.62,"Plan Rows":62,"Plan Width":16,"Actual Startup Time":0.005,"Actual Total Time":0.009,"Actual Rows":62,"Actual Loops":1,"Output":["nation.n_nationkey","nation.n_name","nation.n_regionkey","nation.n_comment"],"Shared Hit Blocks":1,"Shared Read Blocks":0,"Shared Dirtied Blocks":0,"Shared Written Blocks":0,"Local Hit Blocks":0,"Local Read Blocks":0,"Local Dirtied Blocks":0,"Local Written Blocks":0,"Temp Read Blocks":0,"Temp Written Blocks":0,"I/O Read Time":0.0,"I/O Write Time":0.0,"Temp I/O Read Time":0.0,"Temp I/O Write Time":0.0},{"Node Type":"Hash","Parent Relationship":"Inner","Parallel Aware":false,"Async Capable":false,"Startup Cost":1.06,"Total Cost":1.06,"Plan Rows":1,"Plan Width":4,"Actual Startup Time":0.007,"Actual Total Time":0.008,"Actual Rows":1,"Actual Loops":1,"Output":["region.r_regionkey"],"Hash Buckets":1024,"Original Hash Buckets":1024,"Hash Batches":1,"Original Hash Batches":1,"Peak Memory Usage":9,"Shared Hit Blocks":1,"Shared Read Blocks":0,"Shared Dirtied Blocks":0,"Shared Written Blocks":0,"Local Hit Blocks":0,"Local Read Blocks":0,"Local Dirtied Blocks":0,"Local Written Blocks":0,"Temp Read Blocks":0,"Temp Written Blocks":0,"I/O Read Time":0.0,"I/O Write Time":0.0,"Temp I/O Read Time":0.0,"Temp I/O Write Time":0.0,"Plans":[{"Node Type":"Seq Scan","Parent Relationship":"Outer","Parallel Aware":false,"Async Capable":false,"Relation Name":"region","Schema":"public","Alias":"region","Startup Cost":0.0,"Total Cost":1.06,"Plan Rows":1,"Plan Width":4,"Actual Startup Time":0.006,"Actual Total Time":0.007,"Actual Rows":1,"Actual Loops":1,"Output":["region.r_regionkey"],"Filter":"((region.r_name)::text = 'Europe'::text)","Rows Removed by Filter":4,"Shared Hit Blocks":1,"Shared Read Blocks":0,"Shared Dirtied Blocks":0,"Shared Written Blocks":0,"Local Hit Blocks":0,"Local Read Blocks":0,"Local Dirtied Blocks":0,"Local Written Blocks":0,"Temp Read Blocks":0,"Temp Written Blocks":0,"I/O Read Time":0.0,"I/O Write Time":0.0,"Temp I/O Read Time":0.0,"Temp I/O Write Time":0.0}]}]}]}]}]},{"Node Type":"Index Only Scan","Parent Relationship":"Inner","Parallel Aware":false,"Async Capable":false,"Scan Direction":"Forward","Index Name":"stock_pk","Relation Name":"stock","Schema":"public","Alias":"stock","Startup Cost":0.43,"Total Cost":259690.86,"Plan Rows":10000162,"Plan Width":6,"Actual Startup Time":0.045,"Actual Total Time":716.554,"Actual Rows":9999996,"Actual Loops":1,"Output":["stock.s_w_id","stock.s_i_id"],"Heap Fetches":0,"Shared Hit Blocks":27338,"Shared Read Blocks":0,"Shared Dirtied Blocks":0,"Shared Written Blocks":0,"Local Hit Blocks":0,"Local Read Blocks":0,"Local Dirtied Blocks":0,"Local Written Blocks":0,"Temp Read Blocks":0,"Temp Written Blocks":0,"I/O Read Time":0.0,"I/O Write Time":0.0,"Temp I/O Read Time":0.0,"Temp I/O Write Time":0.0}]},{"Node Type":"Hash","Parent Relationship":"Inner","Parallel Aware":false,"Async Capable":false,"Startup Cost":317.0,"Total Cost":317.0,"Plan Rows":10000,"Plan Width":8,"Actual Startup Time":2.59,"Actual Total Time":2.591,"Actual Rows":10000,"Actual Loops":1,"Output":["supplier.su_suppkey","supplier.su_nationkey"],"Hash Buckets":16384,"Original Hash Buckets":16384,"Hash Batches":1,"Original Hash Batches":1,"Peak Memory Usage":519,"Shared Hit Blocks":217,"Shared Read Blocks":0,"Shared Dirtied Blocks":0,"Shared Written Blocks":0,"Local Hit Blocks":0,"Local Read Blocks":0,"Local Dirtied Blocks":0,"Local Written Blocks":0,"Temp Read Blocks":0,"Temp Written Blocks":0,"I/O Read Time":0.0,"I/O Write Time":0.0,"Temp I/O Read Time":0.0,"Temp I/O Write Time":0.0,"Plans":[{"Node Type":"Seq Scan","Parent Relationship":"Outer","Parallel Aware":false,"Async Capable":false,"Relation Name":"supplier","Schema":"public","Alias":"supplier","Startup Cost":0.0,"Total Cost":317.0,"Plan Rows":10000,"Plan Width":8,"Actual Startup Time":0.01,"Actual Total Time":1.246,"Actual Rows":10000,"Actual Loops":1,"Output":["supplier.su_suppkey","supplier.su_nationkey"],"Shared Hit Blocks":217,"Shared Read Blocks":0,"Shared Dirtied Blocks":0,"Shared Written Blocks":0,"Local Hit Blocks":0,"Local Read Blocks":0,"Local Dirtied Blocks":0,"Local Written Blocks":0,"Temp Read Blocks":0,"Temp Written Blocks":0,"I/O Read Time":0.0,"I/O Write Time":0.0,"Temp I/O Read Time":0.0,"Temp I/O Write Time":0.0}]}]}]}]}]},"Planning":{"Shared Hit Blocks":16,"Shared Read Blocks":0,"Shared Dirtied Blocks":0,"Shared Written Blocks":0,"Local Hit Blocks":0,"Local Read Blocks":0,"Local Dirtied Blocks":0,"Local Written Blocks":0,"Temp Read Blocks":0,"Temp Written Blocks":0,"I/O Read Time":0.0,"I/O Write Time":0.0,"Temp I/O Read Time":0.0,"Temp I/O Write Time":0.0},"Planning Time":4.014,"Triggers":[],"Execution Time":16725.546}]
[列存组合]: order_line
[{"Plan":{"Node Type":"Sort","Parallel Aware":false,"Async Capable":false,"Startup Cost":2003148.23,"Total Cost":2003148.39,"Plan Rows":62,"Plan Width":40,"Actual Startup Time":10336.144,"Actual Total Time":10336.17,"Actual Rows":11,"Actual Loops":1,"Output":["nation.n_name","(sum(order_line.ol_amount))"],"Sort Key":["(sum(order_line.ol_amount)) DESC"],"Sort Method":"quicksort","Sort Space Used":25,"Sort Space Type":"Memory","Shared Hit Blocks":279220,"Shared Read Blocks":0,"Shared Dirtied Blocks":0,"Shared Written Blocks":0,"Local Hit Blocks":0,"Local Read Blocks":0,"Local Dirtied Blocks":0,"Local Written Blocks":0,"Temp Read Blocks":62236,"Temp Written Blocks":62263,"I/O Read Time":0.0,"I/O Write Time":0.0,"Temp I/O Read Time":102.61,"Temp I/O Write Time":261.852,"Plans":[{"Node Type":"Aggregate","Strategy":"Sorted","Partial Mode":"Simple","Parent Relationship":"Outer","Parallel Aware":false,"Async Capable":false,"Startup Cost":2003072.45,"Total Cost":2003146.39,"Plan Rows":62,"Plan Width":40,"Actual Startup Time":10333.325,"Actual Total Time":10336.152,"Actual Rows":11,"Actual Loops":1,"Output":["nation.n_name","sum(order_line.ol_amount)"],"Group Key":["nation.n_name"],"Shared Hit Blocks":279220,"Shared Read Blocks":0,"Shared Dirtied Blocks":0,"Shared Written Blocks":0,"Local Hit Blocks":0,"Local Read Blocks":0,"Local Dirtied Blocks":0,"Local Written Blocks":0,"Temp Read Blocks":62236,"Temp Written Blocks":62263,"I/O Read Time":0.0,"I/O Write Time":0.0,"Temp I/O Read Time":102.61,"Temp I/O Write Time":261.852,"Plans":[{"Node Type":"Sort","Parent Relationship":"Outer","Parallel Aware":false,"Async Capable":false,"Startup Cost":2003072.45,"Total Cost":2003096.84,"Plan Rows":9755,"Plan Width":12,"Actual Startup Time":10333.119,"Actual Total Time":10333.894,"Actual Rows":17493,"Actual Loops":1,"Output":["nation.n_name","order_line.ol_amount"],"Sort Key":["nation.n_name"],"Sort Method":"quicksort","Sort Space Used":1725,"Sort Space Type":"Memory","Shared Hit Blocks":279220,"Shared Read Blocks":0,"Shared Dirtied Blocks":0,"Shared Written Blocks":0,"Local Hit Blocks":0,"Local Read Blocks":0,"Local Dirtied Blocks":0,"Local Written Blocks":0,"Temp Read Blocks":62236,"Temp Written Blocks":62263,"I/O Read Time":0.0,"I/O Write Time":0.0,"Temp I/O Read Time":102.61,"Temp I/O Write Time":261.852,"Plans":[{"Node Type":"Hash Join","Parent Relationship":"Outer","Parallel Aware":false,"Async Capable":false,"Join Type":"Inner","Startup Cost":1678929.18,"Total Cost":2002426.09,"Plan Rows":9755,"Plan Width":12,"Actual Startup Time":8497.706,"Actual Total Time":10324.243,"Actual Rows":17493,"Actual Loops":1,"Output":["nation.n_name","order_line.ol_amount"],"Inner Unique":true,"Hash Cond":"((mod((stock.s_w_id * stock.s_i_id), 10000) = supplier.su_suppkey) AND (customer.c_nationkey = supplier.su_nationkey))","Shared Hit Blocks":279220,"Shared Read Blocks":0,"Shared Dirtied Blocks":0,"Shared Written Blocks":0,"Local Hit Blocks":0,"Local Read Blocks":0,"Local Dirtied Blocks":0,"Local Written Blocks":0,"Temp Read Blocks":62236,"Temp Written Blocks":62263,"I/O Read Time":0.0,"I/O Write Time":0.0,"Temp I/O Read Time":102.61,"Temp I/O Write Time":261.852,"Plans":[{"Node Type":"Merge Join","Parent Relationship":"Outer","Parallel Aware":false,"Async Capable":false,"Join Type":"Inner","Startup Cost":1678462.18,"Total Cost":1998643.95,"Plan Rows":602749,"Plan Width":26,"Actual Startup Time":8494.615,"Actual Total Time":10180.191,"Actual Rows":1109507,"Actual Loops":1,"Output":["customer.c_nationkey","order_line.ol_amount","stock.s_w_id","stock.s_i_id","nation.n_name","nation.n_nationkey"],"Inner Unique":true,"Merge Cond":"((customer.c_w_id = stock.s_w_id) AND (order_line.ol_i_id = stock.s_i_id))","Shared Hit Blocks":279003,"Shared Read Blocks":0,"Shared Dirtied Blocks":0,"Shared Written Blocks":0,"Local Hit Blocks":0,"Local Read Blocks":0,"Local Dirtied Blocks":0,"Local Written Blocks":0,"Temp Read Blocks":62236,"Temp Written Blocks":62263,"I/O Read Time":0.0,"I/O Write Time":0.0,"Temp I/O Read Time":102.61,"Temp I/O Write Time":261.852,"Plans":[{"Node Type":"Sort","Parent Relationship":"Outer","Parallel Aware":false,"Async Capable":false,"Startup Cost":1678461.74,"Total Cost":1679949.42,"Plan Rows":595073,"Plan Width":30,"Actual Startup Time":8494.558,"Actual Total Time":8674.426,"Actual Rows":1109507,"Actual Loops":1,"Output":["customer.c_w_id","customer.c_nationkey","orders.o_w_id","order_line.ol_amount","order_line.ol_w_id","order_line.ol_i_id","nation.n_name","nation.n_nationkey"],"Sort Key":["customer.c_w_id","order_line.ol_i_id"],"Sort Method":"external merge","Sort Space Used":47304,"Sort Space Type":"Disk","Shared Hit Blocks":251665,"Shared Read Blocks":0,"Shared Dirtied Blocks":0,"Shared Written Blocks":0,"Local Hit Blocks":0,"Local Read Blocks":0,"Local Dirtied Blocks":0,"Local Written Blocks":0,"Temp Read Blocks":62236,"Temp Written Blocks":62263,"I/O Read Time":0.0,"I/O Write Time":0.0,"Temp I/O Read Time":102.61,"Temp I/O Write Time":261.852,"Plans":[{"Node Type":"Hash Join","Parent Relationship":"Outer","Parallel Aware":false,"Async Capable":false,"Join Type":"Inner","Startup Cost":403374.53,"Total Cost":1607148.18,"Plan Rows":595073,"Plan Width":30,"Actual Startup Time":1495.472,"Actual Total Time":7103.75,"Actual Rows":1109507,"Actual Loops":1,"Output":["customer.c_w_id","customer.c_nationkey","orders.o_w_id","order_line.ol_amount","order_line.ol_w_id","order_line.ol_i_id","nation.n_name","nation.n_nationkey"],"Inner Unique":false,"Hash Cond":"(customer.c_nationkey = nation.n_nationkey)","Shared Hit Blocks":251665,"Shared Read Blocks":0,"Shared Dirtied Blocks":0,"Shared Written Blocks":0,"Local Hit Blocks":0,"Local Read Blocks":0,"Local Dirtied Blocks":0,"Local Written Blocks":0,"Temp Read Blocks":50419,"Temp Written Blocks":50419,"I/O Read Time":0.0,"I/O Write Time":0.0,"Temp I/O Read Time":84.291,"Temp I/O Write Time":230.047,"Plans":[{"Node Type":"Hash Join","Parent Relationship":"Outer","Parallel Aware":false,"Async Capable":false,"Join Type":"Inner","Startup Cost":403371.39,"Total Cost":1590228.65,"Plan Rows":2975367,"Plan Width":18,"Actual Startup Time":1488.057,"Actual Total Time":6682.776,"Actual Rows":4284922,"Actual Loops":1,"Output":["customer.c_w_id","customer.c_nationkey","orders.o_w_id","order_line.ol_amount","order_line.ol_w_id","order_line.ol_i_id"],"Inner Unique":true,"Hash Cond":"((orders.o_c_id = customer.c_id) AND (orders.o_w_id = customer.c_w_id) AND (orders.o_d_id = customer.c_d_id))","Shared Hit Blocks":251663,"Shared Read Blocks":0,"Shared Dirtied Blocks":0,"Shared Written Blocks":0,"Local Hit Blocks":0,"Local Read Blocks":0,"Local Dirtied Blocks":0,"Local Written Blocks":0,"Temp Read Blocks":50419,"Temp Written Blocks":50419,"I/O Read Time":0.0,"I/O Write Time":0.0,"Temp I/O Read Time":84.291,"Temp I/O Write Time":230.047,"Plans":[{"Node Type":"Hash Join","Parent Relationship":"Outer","Parallel Aware":false,"Async Capable":false,"Join Type":"Inner","Startup Cost":76626.59,"Total Cost":1190536.82,"Plan Rows":2975367,"Plan Width":20,"Actual Startup Time":334.409,"Actual Total Time":3389.188,"Actual Rows":4284922,"Actual Loops":1,"Output":["orders.o_c_id","orders.o_w_id","orders.o_d_id","order_line.ol_amount","order_line.ol_w_id","order_line.ol_d_id","order_line.ol_i_id"],"Inner Unique":true,"Hash Cond":"((order_line.ol_w_id = orders.o_w_id) AND (order_line.ol_d_id = orders.o_d_id) AND (order_line.ol_o_id = orders.o_id))","Shared Hit Blocks":22059,"Shared Read Blocks":0,"Shared Dirtied Blocks":0,"Shared Written Blocks":0,"Local Hit Blocks":0,"Local Read Blocks":0,"Local Dirtied Blocks":0,"Local Written Blocks":0,"Temp Read Blocks":18772,"Temp Written Blocks":18772,"I/O Read Time":0.0,"I/O Write Time":0.0,"Temp I/O Read Time":32.046,"Temp I/O Write Time":80.542,"Plans":[{"Node Type":"Append","Parent Relationship":"Outer","Parallel Aware":false,"Async Capable":false,"Startup Cost":20.0,"Total Cost":701820.0,"Plan Rows":20926367,"Plan Width":20,"Actual Startup Time":1.442,"Actual Total Time":1318.446,"Actual Rows":4311079,"Actual Loops":1,"Shared Hit Blocks":0,"Shared Read Blocks":0,"Shared Dirtied Blocks":0,"Shared Written Blocks":0,"Local Hit Blocks":0,"Local Read Blocks":0,"Local Dirtied Blocks":0,"Local Written Blocks":0,"Temp Read Blocks":0,"Temp Written Blocks":0,"I/O Read Time":0.0,"I/O Write Time":0.0,"Temp I/O Read Time":0.0,"Temp I/O Write Time":0.0,"Subplans Removed":0,"Plans":[{"Node Type":"Custom Scan","Parent Relationship":"Member","Custom Plan Provider":"columnar scan","Parallel Aware":false,"Async Capable":false,"Relation Name":"order_line","Schema":"public","Alias":"order_line","Startup Cost":20.0,"Total Cost":533641.75,"Plan Rows":20926325,"Plan Width":20,"Actual Startup Time":1.439,"Actual Total Time":996.725,"Actual Rows":4311079,"Actual Loops":1,"Output":["order_line.ol_amount","order_line.ol_o_id","order_line.ol_w_id","order_line.ol_d_id","order_line.ol_i_id"],"Filter":"(order_line.ol_delivery_d >= '1992-01-02 20:10:02.27764'::timestamp without time zone)","Rows Removed by Filter":0,"Rows Removed by Columnar Filter":25686653,"Rows Filtered by Bloom Filter":0,"Dictionary Rows Filtered by Bloom Filter":25686653,"Columnar cache search mode":"native","Shared Hit Blocks":0,"Shared Read Blocks":0,"Shared Dirtied Blocks":0,"Shared Written Blocks":0,"Local Hit Blocks":0,"Local Read Blocks":0,"Local Dirtied Blocks":0,"Local Written Blocks":0,"Temp Read Blocks":0,"Temp Written Blocks":0,"I/O Read Time":0.0,"I/O Write Time":0.0,"Temp I/O Read Time":0.0,"Temp I/O Write Time":0.0},{"Node Type":"Seq Scan","Parent Relationship":"Member","Parallel Aware":false,"Async Capable":false,"Relation Name":"order_line","Schema":"public","Alias":"order_line","Startup Cost":0.0,"Total Cost":4.75,"Plan Rows":42,"Plan Width":20,"Actual Startup Time":0.0,"Actual Total Time":0.0,"Actual Rows":0,"Actual Loops":0,"Output":["order_line.ol_amount","order_line.ol_o_id","order_line.ol_w_id","order_line.ol_d_id","order_line.ol_i_id"],"Filter":"(order_line.ol_delivery_d >= '1992-01-02 20:10:02.27764'::timestamp without time zone)","Rows Removed by Filter":0,"Shared Hit Blocks":0,"Shared Read Blocks":0,"Shared Dirtied Blocks":0,"Shared Written Blocks":0,"Local Hit Blocks":0,"Local Read Blocks":0,"Local Dirtied Blocks":0,"Local Written Blocks":0,"Temp Read Blocks":0,"Temp Written Blocks":0,"I/O Read Time":0.0,"I/O Write Time":0.0,"Temp I/O Read Time":0.0,"Temp I/O Write Time":0.0}]},{"Node Type":"Hash","Parent Relationship":"Inner","Parallel Aware":false,"Async Capable":false,"Startup Cost":67059.0,"Total Cost":67059.0,"Plan Rows":426548,"Plan Width":16,"Actual Startup Time":331.533,"Actual Total Time":331.535,"Actual Rows":428399,"Actual Loops":1,"Output":["orders.o_c_id","orders.o_w_id","orders.o_d_id","orders.o_id"],"Hash Buckets":262144,"Original Hash Buckets":262144,"Hash Batches":4,"Original Hash Batches":4,"Peak Memory Usage":7080,"Shared Hit Blocks":22059,"Shared Read Blocks":0,"Shared Dirtied Blocks":0,"Shared Written Blocks":0,"Local Hit Blocks":0,"Local Read Blocks":0,"Local Dirtied Blocks":0,"Local Written Blocks":0,"Temp Read Blocks":0,"Temp Written Blocks":1410,"I/O Read Time":0.0,"I/O Write Time":0.0,"Temp I/O Read Time":0.0,"Temp I/O Write Time":6.815,"Plans":[{"Node Type":"Seq Scan","Parent Relationship":"Outer","Parallel Aware":false,"Async Capable":false,"Relation Name":"orders","Schema":"public","Alias":"orders","Startup Cost":0.0,"Total Cost":67059.0,"Plan Rows":426548,"Plan Width":16,"Actual Startup Time":0.787,"Actual Total Time":224.067,"Actual Rows":428399,"Actual Loops":1,"Output":["orders.o_c_id","orders.o_w_id","orders.o_d_id","orders.o_id"],"Filter":"((orders.o_entry_d >= '1993-01-02 20:10:02.27764'::timestamp without time zone) AND (orders.o_entry_d < '1994-01-02 20:10:02.27764'::timestamp without time zone))","Rows Removed by Filter":2571601,"Shared Hit Blocks":22059,"Shared Read Blocks":0,"Shared Dirtied Blocks":0,"Shared Written Blocks":0,"Local Hit Blocks":0,"Local Read Blocks":0,"Local Dirtied Blocks":0,"Local Written Blocks":0,"Temp Read Blocks":0,"Temp Written Blocks":0,"I/O Read Time":0.0,"I/O Write Time":0.0,"Temp I/O Read Time":0.0,"Temp I/O Write Time":0.0}]}]},{"Node Type":"Hash","Parent Relationship":"Inner","Parallel Aware":false,"Async Capable":false,"Startup Cost":259601.38,"Total Cost":259601.38,"Plan Rows":2999738,"Plan Width":12,"Actual Startup Time":1151.711,"Actual Total Time":1151.713,"Actual Rows":3000000,"Actual Loops":1,"Output":["customer.c_id","customer.c_w_id","customer.c_d_id","customer.c_nationkey"],"Hash Buckets":262144,"Original Hash Buckets":262144,"Hash Batches":32,"Original Hash Batches":32,"Peak Memory Usage":6090,"Shared Hit Blocks":229604,"Shared Read Blocks":0,"Shared Dirtied Blocks":0,"Shared Written Blocks":0,"Local Hit Blocks":0,"Local Read Blocks":0,"Local Dirtied Blocks":0,"Local Written Blocks":0,"Temp Read Blocks":0,"Temp Written Blocks":11335,"I/O Read Time":0.0,"I/O Write Time":0.0,"Temp I/O Read Time":0.0,"Temp I/O Write Time":56.344,"Plans":[{"Node Type":"Seq Scan","Parent Relationship":"Outer","Parallel Aware":false,"Async Capable":false,"Relation Name":"customer","Schema":"public","Alias":"customer","Startup Cost":0.0,"Total Cost":259601.38,"Plan Rows":2999738,"Plan Width":12,"Actual Startup Time":0.011,"Actual Total Time":649.835,"Actual Rows":3000000,"Actual Loops":1,"Output":["customer.c_id","customer.c_w_id","customer.c_d_id","customer.c_nationkey"],"Shared Hit Blocks":229604,"Shared Read Blocks":0,"Shared Dirtied Blocks":0,"Shared Written Blocks":0,"Local Hit Blocks":0,"Local Read Blocks":0,"Local Dirtied Blocks":0,"Local Written Blocks":0,"Temp Read Blocks":0,"Temp Written Blocks":0,"I/O Read Time":0.0,"I/O Write Time":0.0,"Temp I/O Read Time":0.0,"Temp I/O Write Time":0.0}]}]},{"Node Type":"Hash","Parent Relationship":"Inner","Parallel Aware":false,"Async Capable":false,"Startup Cost":2.99,"Total Cost":2.99,"Plan Rows":12,"Plan Width":12,"Actual Startup Time":0.047,"Actual Total Time":0.051,"Actual Rows":22,"Actual Loops":1,"Output":["nation.n_name","nation.n_nationkey"],"Hash Buckets":1024,"Original Hash Buckets":1024,"Hash Batches":1,"Original Hash Batches":1,"Peak Memory Usage":9,"Shared Hit Blocks":2,"Shared Read Blocks":0,"Shared Dirtied Blocks":0,"Shared Written Blocks":0,"Local Hit Blocks":0,"Local Read Blocks":0,"Local Dirtied Blocks":0,"Local Written Blocks":0,"Temp Read Blocks":0,"Temp Written Blocks":0,"I/O Read Time":0.0,"I/O Write Time":0.0,"Temp I/O Read Time":0.0,"Temp I/O Write Time":0.0,"Plans":[{"Node Type":"Hash Join","Parent Relationship":"Outer","Parallel Aware":false,"Async Capable":false,"Join Type":"Inner","Startup Cost":1.07,"Total Cost":2.99,"Plan Rows":12,"Plan Width":12,"Actual Startup Time":0.025,"Actual Total Time":0.04,"Actual Rows":22,"Actual Loops":1,"Output":["nation.n_name","nation.n_nationkey"],"Inner Unique":true,"Hash Cond":"(nation.n_regionkey = region.r_regionkey)","Shared Hit Blocks":2,"Shared Read Blocks":0,"Shared Dirtied Blocks":0,"Shared Written Blocks":0,"Local Hit Blocks":0,"Local Read Blocks":0,"Local Dirtied Blocks":0,"Local Written Blocks":0,"Temp Read Blocks":0,"Temp Written Blocks":0,"I/O Read Time":0.0,"I/O Write Time":0.0,"Temp I/O Read Time":0.0,"Temp I/O Write Time":0.0,"Plans":[{"Node Type":"Seq Scan","Parent Relationship":"Outer","Parallel Aware":false,"Async Capable":false,"Relation Name":"nation","Schema":"public","Alias":"nation","Startup Cost":0.0,"Total Cost":1.62,"Plan Rows":62,"Plan Width":16,"Actual Startup Time":0.006,"Actual Total Time":0.01,"Actual Rows":62,"Actual Loops":1,"Output":["nation.n_nationkey","nation.n_name","nation.n_regionkey","nation.n_comment"],"Shared Hit Blocks":1,"Shared Read Blocks":0,"Shared Dirtied Blocks":0,"Shared Written Blocks":0,"Local Hit Blocks":0,"Local Read Blocks":0,"Local Dirtied Blocks":0,"Local Written Blocks":0,"Temp Read Blocks":0,"Temp Written Blocks":0,"I/O Read Time":0.0,"I/O Write Time":0.0,"Temp I/O Read Time":0.0,"Temp I/O Write Time":0.0},{"Node Type":"Hash","Parent Relationship":"Inner","Parallel Aware":false,"Async Capable":false,"Startup Cost":1.06,"Total Cost":1.06,"Plan Rows":1,"Plan Width":4,"Actual Startup Time":0.008,"Actual Total Time":0.009,"Actual Rows":1,"Actual Loops":1,"Output":["region.r_regionkey"],"Hash Buckets":1024,"Original Hash Buckets":1024,"Hash Batches":1,"Original Hash Batches":1,"Peak Memory Usage":9,"Shared Hit Blocks":1,"Shared Read Blocks":0,"Shared Dirtied Blocks":0,"Shared Written Blocks":0,"Local Hit Blocks":0,"Local Read Blocks":0,"Local Dirtied Blocks":0,"Local Written Blocks":0,"Temp Read Blocks":0,"Temp Written Blocks":0,"I/O Read Time":0.0,"I/O Write Time":0.0,"Temp I/O Read Time":0.0,"Temp I/O Write Time":0.0,"Plans":[{"Node Type":"Seq Scan","Parent Relationship":"Outer","Parallel Aware":false,"Async Capable":false,"Relation Name":"region","Schema":"public","Alias":"region","Startup Cost":0.0,"Total Cost":1.06,"Plan Rows":1,"Plan Width":4,"Actual Startup Time":0.006,"Actual Total Time":0.006,"Actual Rows":1,"Actual Loops":1,"Output":["region.r_regionkey"],"Filter":"((region.r_name)::text = 'Europe'::text)","Rows Removed by Filter":4,"Shared Hit Blocks":1,"Shared Read Blocks":0,"Shared Dirtied Blocks":0,"Shared Written Blocks":0,"Local Hit Blocks":0,"Local Read Blocks":0,"Local Dirtied Blocks":0,"Local Written Blocks":0,"Temp Read Blocks":0,"Temp Written Blocks":0,"I/O Read Time":0.0,"I/O Write Time":0.0,"Temp I/O Read Time":0.0,"Temp I/O Write Time":0.0}]}]}]}]}]},{"Node Type":"Index Only Scan","Parent Relationship":"Inner","Parallel Aware":false,"Async Capable":false,"Scan Direction":"Forward","Index Name":"stock_pk","Relation Name":"stock","Schema":"public","Alias":"stock","Startup Cost":0.43,"Total Cost":259690.86,"Plan Rows":10000162,"Plan Width":6,"Actual Startup Time":0.045,"Actual Total Time":705.19,"Actual Rows":9999996,"Actual Loops":1,"Output":["stock.s_w_id","stock.s_i_id"],"Heap Fetches":0,"Shared Hit Blocks":27338,"Shared Read Blocks":0,"Shared Dirtied Blocks":0,"Shared Written Blocks":0,"Local Hit Blocks":0,"Local Read Blocks":0,"Local Dirtied Blocks":0,"Local Written Blocks":0,"Temp Read Blocks":0,"Temp Written Blocks":0,"I/O Read Time":0.0,"I/O Write Time":0.0,"Temp I/O Read Time":0.0,"Temp I/O Write Time":0.0}]},{"Node Type":"Hash","Parent Relationship":"Inner","Parallel Aware":false,"Async Capable":false,"Startup Cost":317.0,"Total Cost":317.0,"Plan Rows":10000,"Plan Width":8,"Actual Startup Time":2.669,"Actual Total Time":2.669,"Actual Rows":10000,"Actual Loops":1,"Output":["supplier.su_suppkey","supplier.su_nationkey"],"Hash Buckets":16384,"Original Hash Buckets":16384,"Hash Batches":1,"Original Hash Batches":1,"Peak Memory Usage":519,"Shared Hit Blocks":217,"Shared Read Blocks":0,"Shared Dirtied Blocks":0,"Shared Written Blocks":0,"Local Hit Blocks":0,"Local Read Blocks":0,"Local Dirtied Blocks":0,"Local Written Blocks":0,"Temp Read Blocks":0,"Temp Written Blocks":0,"I/O Read Time":0.0,"I/O Write Time":0.0,"Temp I/O Read Time":0.0,"Temp I/O Write Time":0.0,"Plans":[{"Node Type":"Seq Scan","Parent Relationship":"Outer","Parallel Aware":false,"Async Capable":false,"Relation Name":"supplier","Schema":"public","Alias":"supplier","Startup Cost":0.0,"Total Cost":317.0,"Plan Rows":10000,"Plan Width":8,"Actual Startup Time":0.012,"Actual Total Time":1.312,"Actual Rows":10000,"Actual Loops":1,"Output":["supplier.su_suppkey","supplier.su_nationkey"],"Shared Hit Blocks":217,"Shared Read Blocks":0,"Shared Dirtied Blocks":0,"Shared Written Blocks":0,"Local Hit Blocks":0,"Local Read Blocks":0,"Local Dirtied Blocks":0,"Local Written Blocks":0,"Temp Read Blocks":0,"Temp Written Blocks":0,"I/O Read Time":0.0,"I/O Write Time":0.0,"Temp I/O Read Time":0.0,"Temp I/O Write Time":0.0}]}]}]}]}]},"Planning":{"Shared Hit Blocks":16,"Shared Read Blocks":0,"Shared Dirtied Blocks":0,"Shared Written Blocks":0,"Local Hit Blocks":0,"Local Read Blocks":0,"Local Dirtied Blocks":0,"Local Written Blocks":0,"Temp Read Blocks":0,"Temp Written Blocks":0,"I/O Read Time":0.0,"I/O Write Time":0.0,"Temp I/O Read Time":0.0,"Temp I/O Write Time":0.0},"Planning Time":4.743,"Triggers":[],"Execution Time":10344.604}]
[列存组合]: orders
[{"Plan":{"Node Type":"Sort","Parallel Aware":false,"Async Capable":false,"Startup Cost":2015869.77,"Total Cost":2015869.92,"Plan Rows":62,"Plan Width":40,"Actual Startup Time":16595.082,"Actual Total Time":16595.108,"Actual Rows":11,"Actual Loops":1,"Output":["nation.n_name","(sum(order_line.ol_amount))"],"Sort Key":["(sum(order_line.ol_amount)) DESC"],"Sort Method":"quicksort","Sort Space Used":25,"Sort Space Type":"Memory","Shared Hit Blocks":598045,"Shared Read Blocks":0,"Shared Dirtied Blocks":0,"Shared Written Blocks":0,"Local Hit Blocks":0,"Local Read Blocks":0,"Local Dirtied Blocks":0,"Local Written Blocks":0,"Temp Read Blocks":129460,"Temp Written Blocks":129487,"I/O Read Time":0.0,"I/O Write Time":0.0,"Temp I/O Read Time":207.251,"Temp I/O Write Time":526.274,"Plans":[{"Node Type":"Aggregate","Strategy":"Sorted","Partial Mode":"Simple","Parent Relationship":"Outer","Parallel Aware":false,"Async Capable":false,"Startup Cost":2015793.98,"Total Cost":2015867.92,"Plan Rows":62,"Plan Width":40,"Actual Startup Time":16592.117,"Actual Total Time":16595.095,"Actual Rows":11,"Actual Loops":1,"Output":["nation.n_name","sum(order_line.ol_amount)"],"Group Key":["nation.n_name"],"Shared Hit Blocks":598045,"Shared Read Blocks":0,"Shared Dirtied Blocks":0,"Shared Written Blocks":0,"Local Hit Blocks":0,"Local Read Blocks":0,"Local Dirtied Blocks":0,"Local Written Blocks":0,"Temp Read Blocks":129460,"Temp Written Blocks":129487,"I/O Read Time":0.0,"I/O Write Time":0.0,"Temp I/O Read Time":207.251,"Temp I/O Write Time":526.274,"Plans":[{"Node Type":"Sort","Parent Relationship":"Outer","Parallel Aware":false,"Async Capable":false,"Startup Cost":2015793.98,"Total Cost":2015818.37,"Plan Rows":9755,"Plan Width":12,"Actual Startup Time":16591.898,"Actual Total Time":16592.709,"Actual Rows":17493,"Actual Loops":1,"Output":["nation.n_name","order_line.ol_amount"],"Sort Key":["nation.n_name"],"Sort Method":"quicksort","Sort Space Used":1725,"Sort Space Type":"Memory","Shared Hit Blocks":598045,"Shared Read Blocks":0,"Shared Dirtied Blocks":0,"Shared Written Blocks":0,"Local Hit Blocks":0,"Local Read Blocks":0,"Local Dirtied Blocks":0,"Local Written Blocks":0,"Temp Read Blocks":129460,"Temp Written Blocks":129487,"I/O Read Time":0.0,"I/O Write Time":0.0,"Temp I/O Read Time":207.251,"Temp I/O Write Time":526.274,"Plans":[{"Node Type":"Hash Join","Parent Relationship":"Outer","Parallel Aware":false,"Async Capable":false,"Join Type":"Inner","Startup Cost":1691650.71,"Total Cost":2015147.62,"Plan Rows":9755,"Plan Width":12,"Actual Startup Time":14715.14,"Actual Total Time":16582.676,"Actual Rows":17493,"Actual Loops":1,"Output":["nation.n_name","order_line.ol_amount"],"Inner Unique":true,"Hash Cond":"((mod((stock.s_w_id * stock.s_i_id), 10000) = supplier.su_suppkey) AND (customer.c_nationkey = supplier.su_nationkey))","Shared Hit Blocks":598045,"Shared Read Blocks":0,"Shared Dirtied Blocks":0,"Shared Written Blocks":0,"Local Hit Blocks":0,"Local Read Blocks":0,"Local Dirtied Blocks":0,"Local Written Blocks":0,"Temp Read Blocks":129460,"Temp Written Blocks":129487,"I/O Read Time":0.0,"I/O Write Time":0.0,"Temp I/O Read Time":207.251,"Temp I/O Write Time":526.274,"Plans":[{"Node Type":"Merge Join","Parent Relationship":"Outer","Parallel Aware":false,"Async Capable":false,"Join Type":"Inner","Startup Cost":1691183.71,"Total Cost":2011365.49,"Plan Rows":602749,"Plan Width":26,"Actual Startup Time":14712.028,"Actual Total Time":16438.228,"Actual Rows":1109507,"Actual Loops":1,"Output":["customer.c_nationkey","order_line.ol_amount","stock.s_w_id","stock.s_i_id","nation.n_name","nation.n_nationkey"],"Inner Unique":true,"Merge Cond":"((customer.c_w_id = stock.s_w_id) AND (order_line.ol_i_id = stock.s_i_id))","Shared Hit Blocks":597828,"Shared Read Blocks":0,"Shared Dirtied Blocks":0,"Shared Written Blocks":0,"Local Hit Blocks":0,"Local Read Blocks":0,"Local Dirtied Blocks":0,"Local Written Blocks":0,"Temp Read Blocks":129460,"Temp Written Blocks":129487,"I/O Read Time":0.0,"I/O Write Time":0.0,"Temp I/O Read Time":207.251,"Temp I/O Write Time":526.274,"Plans":[{"Node Type":"Sort","Parent Relationship":"Outer","Parallel Aware":false,"Async Capable":false,"Startup Cost":1691183.28,"Total Cost":1692670.96,"Plan Rows":595073,"Plan Width":30,"Actual Startup Time":14711.964,"Actual Total Time":14892.696,"Actual Rows":1109507,"Actual Loops":1,"Output":["customer.c_w_id","customer.c_nationkey","orders.o_w_id","order_line.ol_amount","order_line.ol_w_id","order_line.ol_i_id","nation.n_name","nation.n_nationkey"],"Sort Key":["customer.c_w_id","order_line.ol_i_id"],"Sort Method":"external merge","Sort Space Used":47304,"Sort Space Type":"Disk","Shared Hit Blocks":570490,"Shared Read Blocks":0,"Shared Dirtied Blocks":0,"Shared Written Blocks":0,"Local Hit Blocks":0,"Local Read Blocks":0,"Local Dirtied Blocks":0,"Local Written Blocks":0,"Temp Read Blocks":129460,"Temp Written Blocks":129487,"I/O Read Time":0.0,"I/O Write Time":0.0,"Temp I/O Read Time":207.251,"Temp I/O Write Time":526.274,"Plans":[{"Node Type":"Hash Join","Parent Relationship":"Outer","Parallel Aware":false,"Async Capable":false,"Join Type":"Inner","Startup Cost":402039.66,"Total Cost":1619869.72,"Plan Rows":595073,"Plan Width":30,"Actual Startup Time":1423.47,"Actual Total Time":13321.402,"Actual Rows":1109507,"Actual Loops":1,"Output":["customer.c_w_id","customer.c_nationkey","orders.o_w_id","order_line.ol_amount","order_line.ol_w_id","order_line.ol_i_id","nation.n_name","nation.n_nationkey"],"Inner Unique":false,"Hash Cond":"(customer.c_nationkey = nation.n_nationkey)","Shared Hit Blocks":570490,"Shared Read Blocks":0,"Shared Dirtied Blocks":0,"Shared Written Blocks":0,"Local Hit Blocks":0,"Local Read Blocks":0,"Local Dirtied Blocks":0,"Local Written Blocks":0,"Temp Read Blocks":117643,"Temp Written Blocks":117643,"I/O Read Time":0.0,"I/O Write Time":0.0,"Temp I/O Read Time":189.289,"Temp I/O Write Time":494.765,"Plans":[{"Node Type":"Hash Join","Parent Relationship":"Outer","Parallel Aware":false,"Async Capable":false,"Join Type":"Inner","Startup Cost":402036.52,"Total Cost":1602950.18,"Plan Rows":2975367,"Plan Width":18,"Actual Startup Time":1413.491,"Actual Total Time":12893.412,"Actual Rows":4284922,"Actual Loops":1,"Output":["customer.c_w_id","customer.c_nationkey","orders.o_w_id","order_line.ol_amount","order_line.ol_w_id","order_line.ol_i_id"],"Inner Unique":true,"Hash Cond":"((orders.o_c_id = customer.c_id) AND (orders.o_w_id = customer.c_w_id) AND (orders.o_d_id = customer.c_d_id))","Shared Hit Blocks":570488,"Shared Read Blocks":0,"Shared Dirtied Blocks":0,"Shared Written Blocks":0,"Local Hit Blocks":0,"Local Read Blocks":0,"Local Dirtied Blocks":0,"Local Written Blocks":0,"Temp Read Blocks":117643,"Temp Written Blocks":117643,"I/O Read Time":0.0,"I/O Write Time":0.0,"Temp I/O Read Time":189.289,"Temp I/O Write Time":494.765,"Plans":[{"Node Type":"Hash Join","Parent Relationship":"Outer","Parallel Aware":false,"Async Capable":false,"Join Type":"Inner","Startup Cost":75291.73,"Total Cost":1203258.36,"Plan Rows":2975367,"Plan Width":20,"Actual Startup Time":250.737,"Actual Total Time":9580.053,"Actual Rows":4284922,"Actual Loops":1,"Output":["orders.o_c_id","orders.o_w_id","orders.o_d_id","order_line.ol_amount","order_line.ol_w_id","order_line.ol_d_id","order_line.ol_i_id"],"Inner Unique":true,"Hash Cond":"((order_line.ol_w_id = orders.o_w_id) AND (order_line.ol_d_id = orders.o_d_id) AND (order_line.ol_o_id = orders.o_id))","Shared Hit Blocks":340884,"Shared Read Blocks":0,"Shared Dirtied Blocks":0,"Shared Written Blocks":0,"Local Hit Blocks":0,"Local Read Blocks":0,"Local Dirtied Blocks":0,"Local Written Blocks":0,"Temp Read Blocks":85996,"Temp Written Blocks":85996,"I/O Read Time":0.0,"I/O Write Time":0.0,"Temp I/O Read Time":138.061,"Temp I/O Write Time":345.853,"Plans":[{"Node Type":"Seq Scan","Parent Relationship":"Outer","Parallel Aware":false,"Async Capable":false,"Relation Name":"order_line","Schema":"public","Alias":"order_line","Startup Cost":0.0,"Total Cost":715856.4,"Plan Rows":20926367,"Plan Width":20,"Actual Startup Time":0.007,"Actual Total Time":3688.552,"Actual Rows":21002151,"Actual Loops":1,"Output":["order_line.ol_amount","order_line.ol_o_id","order_line.ol_w_id","order_line.ol_d_id","order_line.ol_i_id"],"Filter":"(order_line.ol_delivery_d >= '1992-01-02 20:10:02.27764'::timestamp without time zone)","Rows Removed by Filter":8995581,"Shared Hit Blocks":340884,"Shared Read Blocks":0,"Shared Dirtied Blocks":0,"Shared Written Blocks":0,"Local Hit Blocks":0,"Local Read Blocks":0,"Local Dirtied Blocks":0,"Local Written Blocks":0,"Temp Read Blocks":0,"Temp Written Blocks":0,"I/O Read Time":0.0,"I/O Write Time":0.0,"Temp I/O Read Time":0.0,"Temp I/O Write Time":0.0},{"Node Type":"Hash","Parent Relationship":"Inner","Parallel Aware":false,"Async Capable":false,"Startup Cost":65744.12,"Total Cost":65744.12,"Plan Rows":426549,"Plan Width":16,"Actual Startup Time":182.603,"Actual Total Time":182.611,"Actual Rows":428399,"Actual Loops":1,"Output":["orders.o_c_id","orders.o_w_id","orders.o_d_id","orders.o_id"],"Hash Buckets":262144,"Original Hash Buckets":262144,"Hash Batches":4,"Original Hash Batches":4,"Peak Memory Usage":7080,"Shared Hit Blocks":0,"Shared Read Blocks":0,"Shared Dirtied Blocks":0,"Shared Written Blocks":0,"Local Hit Blocks":0,"Local Read Blocks":0,"Local Dirtied Blocks":0,"Local Written Blocks":0,"Temp Read Blocks":0,"Temp Written Blocks":1410,"I/O Read Time":0.0,"I/O Write Time":0.0,"Temp I/O Read Time":0.0,"Temp I/O Write Time":5.97,"Plans":[{"Node Type":"Append","Parent Relationship":"Outer","Parallel Aware":false,"Async Capable":false,"Startup Cost":20.0,"Total Cost":65744.12,"Plan Rows":426549,"Plan Width":16,"Actual Startup Time":0.545,"Actual Total Time":104.398,"Actual Rows":428399,"Actual Loops":1,"Shared Hit Blocks":0,"Shared Read Blocks":0,"Shared Dirtied Blocks":0,"Shared Written Blocks":0,"Local Hit Blocks":0,"Local Read Blocks":0,"Local Dirtied Blocks":0,"Local Written Blocks":0,"Temp Read Blocks":0,"Temp Written Blocks":0,"I/O Read Time":0.0,"I/O Write Time":0.0,"Temp I/O Read Time":0.0,"Temp I/O Write Time":0.0,"Subplans Removed":0,"Plans":[{"Node Type":"Custom Scan","Parent Relationship":"Member","Custom Plan Provider":"columnar scan","Parallel Aware":false,"Async Capable":false,"Relation Name":"orders","Schema":"public","Alias":"orders","Startup Cost":20.0,"Total Cost":10043.96,"Plan Rows":426548,"Plan Width":16,"Actual Startup Time":0.543,"Actual Total Time":72.877,"Actual Rows":428399,"Actual Loops":1,"Output":["orders.o_c_id","orders.o_w_id","orders.o_d_id","orders.o_id"],"Filter":"((orders.o_entry_d < '1994-01-02 20:10:02.27764'::timestamp without time zone) AND (orders.o_entry_d >= '1993-01-02 20:10:02.27764'::timestamp without time zone))","Rows Removed by Filter":0,"Rows Removed by Columnar Filter":2571601,"Columnar cache search mode":"native","Shared Hit Blocks":0,"Shared Read Blocks":0,"Shared Dirtied Blocks":0,"Shared Written Blocks":0,"Local Hit Blocks":0,"Local Read Blocks":0,"Local Dirtied Blocks":0,"Local Written Blocks":0,"Temp Read Blocks":0,"Temp Written Blocks":0,"I/O Read Time":0.0,"I/O Write Time":0.0,"Temp I/O Read Time":0.0,"Temp I/O Write Time":0.0},{"Node Type":"Seq Scan","Parent Relationship":"Member","Parallel Aware":false,"Async Capable":false,"Relation Name":"orders","Schema":"public","Alias":"orders","Startup Cost":0.0,"Total Cost":4.01,"Plan Rows":1,"Plan Width":16,"Actual Startup Time":0.0,"Actual Total Time":0.0,"Actual Rows":0,"Actual Loops":0,"Output":["orders.o_c_id","orders.o_w_id","orders.o_d_id","orders.o_id"],"Filter":"((orders.o_entry_d < '1994-01-02 20:10:02.27764'::timestamp without time zone) AND (orders.o_entry_d >= '1993-01-02 20:10:02.27764'::timestamp without time zone))","Rows Removed by Filter":0,"Shared Hit Blocks":0,"Shared Read Blocks":0,"Shared Dirtied Blocks":0,"Shared Written Blocks":0,"Local Hit Blocks":0,"Local Read Blocks":0,"Local Dirtied Blocks":0,"Local Written Blocks":0,"Temp Read Blocks":0,"Temp Written Blocks":0,"I/O Read Time":0.0,"I/O Write Time":0.0,"Temp I/O Read Time":0.0,"Temp I/O Write Time":0.0}]}]}]},{"Node Type":"Hash","Parent Relationship":"Inner","Parallel Aware":false,"Async Capable":false,"Startup Cost":259601.38,"Total Cost":259601.38,"Plan Rows":2999738,"Plan Width":12,"Actual Startup Time":1160.293,"Actual Total Time":1160.295,"Actual Rows":3000000,"Actual Loops":1,"Output":["customer.c_id","customer.c_w_id","customer.c_d_id","customer.c_nationkey"],"Hash Buckets":262144,"Original Hash Buckets":262144,"Hash Batches":32,"Original Hash Batches":32,"Peak Memory Usage":6090,"Shared Hit Blocks":229604,"Shared Read Blocks":0,"Shared Dirtied Blocks":0,"Shared Written Blocks":0,"Local Hit Blocks":0,"Local Read Blocks":0,"Local Dirtied Blocks":0,"Local Written Blocks":0,"Temp Read Blocks":0,"Temp Written Blocks":11335,"I/O Read Time":0.0,"I/O Write Time":0.0,"Temp I/O Read Time":0.0,"Temp I/O Write Time":53.436,"Plans":[{"Node Type":"Seq Scan","Parent Relationship":"Outer","Parallel Aware":false,"Async Capable":false,"Relation Name":"customer","Schema":"public","Alias":"customer","Startup Cost":0.0,"Total Cost":259601.38,"Plan Rows":2999738,"Plan Width":12,"Actual Startup Time":0.009,"Actual Total Time":656.103,"Actual Rows":3000000,"Actual Loops":1,"Output":["customer.c_id","customer.c_w_id","customer.c_d_id","customer.c_nationkey"],"Shared Hit Blocks":229604,"Shared Read Blocks":0,"Shared Dirtied Blocks":0,"Shared Written Blocks":0,"Local Hit Blocks":0,"Local Read Blocks":0,"Local Dirtied Blocks":0,"Local Written Blocks":0,"Temp Read Blocks":0,"Temp Written Blocks":0,"I/O Read Time":0.0,"I/O Write Time":0.0,"Temp I/O Read Time":0.0,"Temp I/O Write Time":0.0}]}]},{"Node Type":"Hash","Parent Relationship":"Inner","Parallel Aware":false,"Async Capable":false,"Startup Cost":2.99,"Total Cost":2.99,"Plan Rows":12,"Plan Width":12,"Actual Startup Time":0.036,"Actual Total Time":0.04,"Actual Rows":22,"Actual Loops":1,"Output":["nation.n_name","nation.n_nationkey"],"Hash Buckets":1024,"Original Hash Buckets":1024,"Hash Batches":1,"Original Hash Batches":1,"Peak Memory Usage":9,"Shared Hit Blocks":2,"Shared Read Blocks":0,"Shared Dirtied Blocks":0,"Shared Written Blocks":0,"Local Hit Blocks":0,"Local Read Blocks":0,"Local Dirtied Blocks":0,"Local Written Blocks":0,"Temp Read Blocks":0,"Temp Written Blocks":0,"I/O Read Time":0.0,"I/O Write Time":0.0,"Temp I/O Read Time":0.0,"Temp I/O Write Time":0.0,"Plans":[{"Node Type":"Hash Join","Parent Relationship":"Outer","Parallel Aware":false,"Async Capable":false,"Join Type":"Inner","Startup Cost":1.07,"Total Cost":2.99,"Plan Rows":12,"Plan Width":12,"Actual Startup Time":0.018,"Actual Total Time":0.034,"Actual Rows":22,"Actual Loops":1,"Output":["nation.n_name","nation.n_nationkey"],"Inner Unique":true,"Hash Cond":"(nation.n_regionkey = region.r_regionkey)","Shared Hit Blocks":2,"Shared Read Blocks":0,"Shared Dirtied Blocks":0,"Shared Written Blocks":0,"Local Hit Blocks":0,"Local Read Blocks":0,"Local Dirtied Blocks":0,"Local Written Blocks":0,"Temp Read Blocks":0,"Temp Written Blocks":0,"I/O Read Time":0.0,"I/O Write Time":0.0,"Temp I/O Read Time":0.0,"Temp I/O Write Time":0.0,"Plans":[{"Node Type":"Seq Scan","Parent Relationship":"Outer","Parallel Aware":false,"Async Capable":false,"Relation Name":"nation","Schema":"public","Alias":"nation","Startup Cost":0.0,"Total Cost":1.62,"Plan Rows":62,"Plan Width":16,"Actual Startup Time":0.005,"Actual Total Time":0.009,"Actual Rows":62,"Actual Loops":1,"Output":["nation.n_nationkey","nation.n_name","nation.n_regionkey","nation.n_comment"],"Shared Hit Blocks":1,"Shared Read Blocks":0,"Shared Dirtied Blocks":0,"Shared Written Blocks":0,"Local Hit Blocks":0,"Local Read Blocks":0,"Local Dirtied Blocks":0,"Local Written Blocks":0,"Temp Read Blocks":0,"Temp Written Blocks":0,"I/O Read Time":0.0,"I/O Write Time":0.0,"Temp I/O Read Time":0.0,"Temp I/O Write Time":0.0},{"Node Type":"Hash","Parent Relationship":"Inner","Parallel Aware":false,"Async Capable":false,"Startup Cost":1.06,"Total Cost":1.06,"Plan Rows":1,"Plan Width":4,"Actual Startup Time":0.007,"Actual Total Time":0.008,"Actual Rows":1,"Actual Loops":1,"Output":["region.r_regionkey"],"Hash Buckets":1024,"Original Hash Buckets":1024,"Hash Batches":1,"Original Hash Batches":1,"Peak Memory Usage":9,"Shared Hit Blocks":1,"Shared Read Blocks":0,"Shared Dirtied Blocks":0,"Shared Written Blocks":0,"Local Hit Blocks":0,"Local Read Blocks":0,"Local Dirtied Blocks":0,"Local Written Blocks":0,"Temp Read Blocks":0,"Temp Written Blocks":0,"I/O Read Time":0.0,"I/O Write Time":0.0,"Temp I/O Read Time":0.0,"Temp I/O Write Time":0.0,"Plans":[{"Node Type":"Seq Scan","Parent Relationship":"Outer","Parallel Aware":false,"Async Capable":false,"Relation Name":"region","Schema":"public","Alias":"region","Startup Cost":0.0,"Total Cost":1.06,"Plan Rows":1,"Plan Width":4,"Actual Startup Time":0.006,"Actual Total Time":0.006,"Actual Rows":1,"Actual Loops":1,"Output":["region.r_regionkey"],"Filter":"((region.r_name)::text = 'Europe'::text)","Rows Removed by Filter":4,"Shared Hit Blocks":1,"Shared Read Blocks":0,"Shared Dirtied Blocks":0,"Shared Written Blocks":0,"Local Hit Blocks":0,"Local Read Blocks":0,"Local Dirtied Blocks":0,"Local Written Blocks":0,"Temp Read Blocks":0,"Temp Written Blocks":0,"I/O Read Time":0.0,"I/O Write Time":0.0,"Temp I/O Read Time":0.0,"Temp I/O Write Time":0.0}]}]}]}]}]},{"Node Type":"Index Only Scan","Parent Relationship":"Inner","Parallel Aware":false,"Async Capable":false,"Scan Direction":"Forward","Index Name":"stock_pk","Relation Name":"stock","Schema":"public","Alias":"stock","Startup Cost":0.43,"Total Cost":259690.86,"Plan Rows":10000162,"Plan Width":6,"Actual Startup Time":0.046,"Actual Total Time":724.303,"Actual Rows":9999996,"Actual Loops":1,"Output":["stock.s_w_id","stock.s_i_id"],"Heap Fetches":0,"Shared Hit Blocks":27338,"Shared Read Blocks":0,"Shared Dirtied Blocks":0,"Shared Written Blocks":0,"Local Hit Blocks":0,"Local Read Blocks":0,"Local Dirtied Blocks":0,"Local Written Blocks":0,"Temp Read Blocks":0,"Temp Written Blocks":0,"I/O Read Time":0.0,"I/O Write Time":0.0,"Temp I/O Read Time":0.0,"Temp I/O Write Time":0.0}]},{"Node Type":"Hash","Parent Relationship":"Inner","Parallel Aware":false,"Async Capable":false,"Startup Cost":317.0,"Total Cost":317.0,"Plan Rows":10000,"Plan Width":8,"Actual Startup Time":2.719,"Actual Total Time":2.719,"Actual Rows":10000,"Actual Loops":1,"Output":["supplier.su_suppkey","supplier.su_nationkey"],"Hash Buckets":16384,"Original Hash Buckets":16384,"Hash Batches":1,"Original Hash Batches":1,"Peak Memory Usage":519,"Shared Hit Blocks":217,"Shared Read Blocks":0,"Shared Dirtied Blocks":0,"Shared Written Blocks":0,"Local Hit Blocks":0,"Local Read Blocks":0,"Local Dirtied Blocks":0,"Local Written Blocks":0,"Temp Read Blocks":0,"Temp Written Blocks":0,"I/O Read Time":0.0,"I/O Write Time":0.0,"Temp I/O Read Time":0.0,"Temp I/O Write Time":0.0,"Plans":[{"Node Type":"Seq Scan","Parent Relationship":"Outer","Parallel Aware":false,"Async Capable":false,"Relation Name":"supplier","Schema":"public","Alias":"supplier","Startup Cost":0.0,"Total Cost":317.0,"Plan Rows":10000,"Plan Width":8,"Actual Startup Time":0.01,"Actual Total Time":1.353,"Actual Rows":10000,"Actual Loops":1,"Output":["supplier.su_suppkey","supplier.su_nationkey"],"Shared Hit Blocks":217,"Shared Read Blocks":0,"Shared Dirtied Blocks":0,"Shared Written Blocks":0,"Local Hit Blocks":0,"Local Read Blocks":0,"Local Dirtied Blocks":0,"Local Written Blocks":0,"Temp Read Blocks":0,"Temp Written Blocks":0,"I/O Read Time":0.0,"I/O Write Time":0.0,"Temp I/O Read Time":0.0,"Temp I/O Write Time":0.0}]}]}]}]}]},"Planning":{"Shared Hit Blocks":16,"Shared Read Blocks":0,"Shared Dirtied Blocks":0,"Shared Written Blocks":0,"Local Hit Blocks":0,"Local Read Blocks":0,"Local Dirtied Blocks":0,"Local Written Blocks":0,"Temp Read Blocks":0,"Temp Written Blocks":0,"I/O Read Time":0.0,"I/O Write Time":0.0,"Temp I/O Read Time":0.0,"Temp I/O Write Time":0.0},"Planning Time":4.375,"Triggers":[],"Execution Time":16603.253}]
[列存组合]: region
[{"Plan":{"Node Type":"Sort","Parallel Aware":false,"Async Capable":false,"Startup Cost":2017184.63,"Total Cost":2017184.79,"Plan Rows":62,"Plan Width":40,"Actual Startup Time":16582.465,"Actual Total Time":16582.488,"Actual Rows":11,"Actual Loops":1,"Output":["nation.n_name","(sum(order_line.ol_amount))"],"Sort Key":["(sum(order_line.ol_amount)) DESC"],"Sort Method":"quicksort","Sort Space Used":25,"Sort Space Type":"Memory","Shared Hit Blocks":620104,"Shared Read Blocks":0,"Shared Dirtied Blocks":0,"Shared Written Blocks":0,"Local Hit Blocks":0,"Local Read Blocks":0,"Local Dirtied Blocks":0,"Local Written Blocks":0,"Temp Read Blocks":129460,"Temp Written Blocks":129487,"I/O Read Time":0.0,"I/O Write Time":0.0,"Temp I/O Read Time":206.843,"Temp I/O Write Time":526.233,"Plans":[{"Node Type":"Aggregate","Strategy":"Sorted","Partial Mode":"Simple","Parent Relationship":"Outer","Parallel Aware":false,"Async Capable":false,"Startup Cost":2017108.85,"Total Cost":2017182.79,"Plan Rows":62,"Plan Width":40,"Actual Startup Time":16579.643,"Actual Total Time":16582.474,"Actual Rows":11,"Actual Loops":1,"Output":["nation.n_name","sum(order_line.ol_amount)"],"Group Key":["nation.n_name"],"Shared Hit Blocks":620104,"Shared Read Blocks":0,"Shared Dirtied Blocks":0,"Shared Written Blocks":0,"Local Hit Blocks":0,"Local Read Blocks":0,"Local Dirtied Blocks":0,"Local Written Blocks":0,"Temp Read Blocks":129460,"Temp Written Blocks":129487,"I/O Read Time":0.0,"I/O Write Time":0.0,"Temp I/O Read Time":206.843,"Temp I/O Write Time":526.233,"Plans":[{"Node Type":"Sort","Parent Relationship":"Outer","Parallel Aware":false,"Async Capable":false,"Startup Cost":2017108.85,"Total Cost":2017133.24,"Plan Rows":9755,"Plan Width":12,"Actual Startup Time":16579.427,"Actual Total Time":16580.198,"Actual Rows":17493,"Actual Loops":1,"Output":["nation.n_name","order_line.ol_amount"],"Sort Key":["nation.n_name"],"Sort Method":"quicksort","Sort Space Used":1725,"Sort Space Type":"Memory","Shared Hit Blocks":620104,"Shared Read Blocks":0,"Shared Dirtied Blocks":0,"Shared Written Blocks":0,"Local Hit Blocks":0,"Local Read Blocks":0,"Local Dirtied Blocks":0,"Local Written Blocks":0,"Temp Read Blocks":129460,"Temp Written Blocks":129487,"I/O Read Time":0.0,"I/O Write Time":0.0,"Temp I/O Read Time":206.843,"Temp I/O Write Time":526.233,"Plans":[{"Node Type":"Hash Join","Parent Relationship":"Outer","Parallel Aware":false,"Async Capable":false,"Join Type":"Inner","Startup Cost":1692965.58,"Total Cost":2016462.49,"Plan Rows":9755,"Plan Width":12,"Actual Startup Time":14725.428,"Actual Total Time":16570.185,"Actual Rows":17493,"Actual Loops":1,"Output":["nation.n_name","order_line.ol_amount"],"Inner Unique":true,"Hash Cond":"((mod((stock.s_w_id * stock.s_i_id), 10000) = supplier.su_suppkey) AND (customer.c_nationkey = supplier.su_nationkey))","Shared Hit Blocks":620104,"Shared Read Blocks":0,"Shared Dirtied Blocks":0,"Shared Written Blocks":0,"Local Hit Blocks":0,"Local Read Blocks":0,"Local Dirtied Blocks":0,"Local Written Blocks":0,"Temp Read Blocks":129460,"Temp Written Blocks":129487,"I/O Read Time":0.0,"I/O Write Time":0.0,"Temp I/O Read Time":206.843,"Temp I/O Write Time":526.233,"Plans":[{"Node Type":"Merge Join","Parent Relationship":"Outer","Parallel Aware":false,"Async Capable":false,"Join Type":"Inner","Startup Cost":1692498.58,"Total Cost":2012680.35,"Plan Rows":602749,"Plan Width":26,"Actual Startup Time":14722.359,"Actual Total Time":16426.282,"Actual Rows":1109507,"Actual Loops":1,"Output":["customer.c_nationkey","order_line.ol_amount","stock.s_w_id","stock.s_i_id","nation.n_name","nation.n_nationkey"],"Inner Unique":true,"Merge Cond":"((customer.c_w_id = stock.s_w_id) AND (order_line.ol_i_id = stock.s_i_id))","Shared Hit Blocks":619887,"Shared Read Blocks":0,"Shared Dirtied Blocks":0,"Shared Written Blocks":0,"Local Hit Blocks":0,"Local Read Blocks":0,"Local Dirtied Blocks":0,"Local Written Blocks":0,"Temp Read Blocks":129460,"Temp Written Blocks":129487,"I/O Read Time":0.0,"I/O Write Time":0.0,"Temp I/O Read Time":206.843,"Temp I/O Write Time":526.233,"Plans":[{"Node Type":"Sort","Parent Relationship":"Outer","Parallel Aware":false,"Async Capable":false,"Startup Cost":1692498.14,"Total Cost":1693985.82,"Plan Rows":595073,"Plan Width":30,"Actual Startup Time":14722.298,"Actual Total Time":14902.726,"Actual Rows":1109507,"Actual Loops":1,"Output":["customer.c_w_id","customer.c_nationkey","orders.o_w_id","order_line.ol_amount","order_line.ol_w_id","order_line.ol_i_id","nation.n_name","nation.n_nationkey"],"Sort Key":["customer.c_w_id","order_line.ol_i_id"],"Sort Method":"external merge","Sort Space Used":47304,"Sort Space Type":"Disk","Shared Hit Blocks":592549,"Shared Read Blocks":0,"Shared Dirtied Blocks":0,"Shared Written Blocks":0,"Local Hit Blocks":0,"Local Read Blocks":0,"Local Dirtied Blocks":0,"Local Written Blocks":0,"Temp Read Blocks":129460,"Temp Written Blocks":129487,"I/O Read Time":0.0,"I/O Write Time":0.0,"Temp I/O Read Time":206.843,"Temp I/O Write Time":526.233,"Plans":[{"Node Type":"Hash Join","Parent Relationship":"Outer","Parallel Aware":false,"Async Capable":false,"Join Type":"Inner","Startup Cost":403354.53,"Total Cost":1621184.58,"Plan Rows":595073,"Plan Width":30,"Actual Startup Time":1520.855,"Actual Total Time":13322.369,"Actual Rows":1109507,"Actual Loops":1,"Output":["customer.c_w_id","customer.c_nationkey","orders.o_w_id","order_line.ol_amount","order_line.ol_w_id","order_line.ol_i_id","nation.n_name","nation.n_nationkey"],"Inner Unique":false,"Hash Cond":"(customer.c_nationkey = nation.n_nationkey)","Shared Hit Blocks":592549,"Shared Read Blocks":0,"Shared Dirtied Blocks":0,"Shared Written Blocks":0,"Local Hit Blocks":0,"Local Read Blocks":0,"Local Dirtied Blocks":0,"Local Written Blocks":0,"Temp Read Blocks":117643,"Temp Written Blocks":117643,"I/O Read Time":0.0,"I/O Write Time":0.0,"Temp I/O Read Time":188.534,"Temp I/O Write Time":494.376,"Plans":[{"Node Type":"Hash Join","Parent Relationship":"Outer","Parallel Aware":false,"Async Capable":false,"Join Type":"Inner","Startup Cost":403351.39,"Total Cost":1604265.05,"Plan Rows":2975367,"Plan Width":18,"Actual Startup Time":1511.359,"Actual Total Time":12902.179,"Actual Rows":4284922,"Actual Loops":1,"Output":["customer.c_w_id","customer.c_nationkey","orders.o_w_id","order_line.ol_amount","order_line.ol_w_id","order_line.ol_i_id"],"Inner Unique":true,"Hash Cond":"((orders.o_c_id = customer.c_id) AND (orders.o_w_id = customer.c_w_id) AND (orders.o_d_id = customer.c_d_id))","Shared Hit Blocks":592547,"Shared Read Blocks":0,"Shared Dirtied Blocks":0,"Shared Written Blocks":0,"Local Hit Blocks":0,"Local Read Blocks":0,"Local Dirtied Blocks":0,"Local Written Blocks":0,"Temp Read Blocks":117643,"Temp Written Blocks":117643,"I/O Read Time":0.0,"I/O Write Time":0.0,"Temp I/O Read Time":188.534,"Temp I/O Write Time":494.376,"Plans":[{"Node Type":"Hash Join","Parent Relationship":"Outer","Parallel Aware":false,"Async Capable":false,"Join Type":"Inner","Startup Cost":76606.59,"Total Cost":1204573.22,"Plan Rows":2975367,"Plan Width":20,"Actual Startup Time":362.146,"Actual Total Time":9607.69,"Actual Rows":4284922,"Actual Loops":1,"Output":["orders.o_c_id","orders.o_w_id","orders.o_d_id","order_line.ol_amount","order_line.ol_w_id","order_line.ol_d_id","order_line.ol_i_id"],"Inner Unique":true,"Hash Cond":"((order_line.ol_w_id = orders.o_w_id) AND (order_line.ol_d_id = orders.o_d_id) AND (order_line.ol_o_id = orders.o_id))","Shared Hit Blocks":362943,"Shared Read Blocks":0,"Shared Dirtied Blocks":0,"Shared Written Blocks":0,"Local Hit Blocks":0,"Local Read Blocks":0,"Local Dirtied Blocks":0,"Local Written Blocks":0,"Temp Read Blocks":85996,"Temp Written Blocks":85996,"I/O Read Time":0.0,"I/O Write Time":0.0,"Temp I/O Read Time":137.312,"Temp I/O Write Time":345.315,"Plans":[{"Node Type":"Seq Scan","Parent Relationship":"Outer","Parallel Aware":false,"Async Capable":false,"Relation Name":"order_line","Schema":"public","Alias":"order_line","Startup Cost":0.0,"Total Cost":715856.4,"Plan Rows":20926367,"Plan Width":20,"Actual Startup Time":0.006,"Actual Total Time":3668.991,"Actual Rows":21002151,"Actual Loops":1,"Output":["order_line.ol_amount","order_line.ol_o_id","order_line.ol_w_id","order_line.ol_d_id","order_line.ol_i_id"],"Filter":"(order_line.ol_delivery_d >= '1992-01-02 20:10:02.27764'::timestamp without time zone)","Rows Removed by Filter":8995581,"Shared Hit Blocks":340884,"Shared Read Blocks":0,"Shared Dirtied Blocks":0,"Shared Written Blocks":0,"Local Hit Blocks":0,"Local Read Blocks":0,"Local Dirtied Blocks":0,"Local Written Blocks":0,"Temp Read Blocks":0,"Temp Written Blocks":0,"I/O Read Time":0.0,"I/O Write Time":0.0,"Temp I/O Read Time":0.0,"Temp I/O Write Time":0.0},{"Node Type":"Hash","Parent Relationship":"Inner","Parallel Aware":false,"Async Capable":false,"Startup Cost":67059.0,"Total Cost":67059.0,"Plan Rows":426548,"Plan Width":16,"Actual Startup Time":295.043,"Actual Total Time":295.047,"Actual Rows":428399,"Actual Loops":1,"Output":["orders.o_c_id","orders.o_w_id","orders.o_d_id","orders.o_id"],"Hash Buckets":262144,"Original Hash Buckets":262144,"Hash Batches":4,"Original Hash Batches":4,"Peak Memory Usage":7080,"Shared Hit Blocks":22059,"Shared Read Blocks":0,"Shared Dirtied Blocks":0,"Shared Written Blocks":0,"Local Hit Blocks":0,"Local Read Blocks":0,"Local Dirtied Blocks":0,"Local Written Blocks":0,"Temp Read Blocks":0,"Temp Written Blocks":1410,"I/O Read Time":0.0,"I/O Write Time":0.0,"Temp I/O Read Time":0.0,"Temp I/O Write Time":6.239,"Plans":[{"Node Type":"Seq Scan","Parent Relationship":"Outer","Parallel Aware":false,"Async Capable":false,"Relation Name":"orders","Schema":"public","Alias":"orders","Startup Cost":0.0,"Total Cost":67059.0,"Plan Rows":426548,"Plan Width":16,"Actual Startup Time":0.774,"Actual Total Time":220.016,"Actual Rows":428399,"Actual Loops":1,"Output":["orders.o_c_id","orders.o_w_id","orders.o_d_id","orders.o_id"],"Filter":"((orders.o_entry_d >= '1993-01-02 20:10:02.27764'::timestamp without time zone) AND (orders.o_entry_d < '1994-01-02 20:10:02.27764'::timestamp without time zone))","Rows Removed by Filter":2571601,"Shared Hit Blocks":22059,"Shared Read Blocks":0,"Shared Dirtied Blocks":0,"Shared Written Blocks":0,"Local Hit Blocks":0,"Local Read Blocks":0,"Local Dirtied Blocks":0,"Local Written Blocks":0,"Temp Read Blocks":0,"Temp Written Blocks":0,"I/O Read Time":0.0,"I/O Write Time":0.0,"Temp I/O Read Time":0.0,"Temp I/O Write Time":0.0}]}]},{"Node Type":"Hash","Parent Relationship":"Inner","Parallel Aware":false,"Async Capable":false,"Startup Cost":259601.38,"Total Cost":259601.38,"Plan Rows":2999738,"Plan Width":12,"Actual Startup Time":1146.895,"Actual Total Time":1146.896,"Actual Rows":3000000,"Actual Loops":1,"Output":["customer.c_id","customer.c_w_id","customer.c_d_id","customer.c_nationkey"],"Hash Buckets":262144,"Original Hash Buckets":262144,"Hash Batches":32,"Original Hash Batches":32,"Peak Memory Usage":6090,"Shared Hit Blocks":229604,"Shared Read Blocks":0,"Shared Dirtied Blocks":0,"Shared Written Blocks":0,"Local Hit Blocks":0,"Local Read Blocks":0,"Local Dirtied Blocks":0,"Local Written Blocks":0,"Temp Read Blocks":0,"Temp Written Blocks":11335,"I/O Read Time":0.0,"I/O Write Time":0.0,"Temp I/O Read Time":0.0,"Temp I/O Write Time":53.581,"Plans":[{"Node Type":"Seq Scan","Parent Relationship":"Outer","Parallel Aware":false,"Async Capable":false,"Relation Name":"customer","Schema":"public","Alias":"customer","Startup Cost":0.0,"Total Cost":259601.38,"Plan Rows":2999738,"Plan Width":12,"Actual Startup Time":0.008,"Actual Total Time":648.154,"Actual Rows":3000000,"Actual Loops":1,"Output":["customer.c_id","customer.c_w_id","customer.c_d_id","customer.c_nationkey"],"Shared Hit Blocks":229604,"Shared Read Blocks":0,"Shared Dirtied Blocks":0,"Shared Written Blocks":0,"Local Hit Blocks":0,"Local Read Blocks":0,"Local Dirtied Blocks":0,"Local Written Blocks":0,"Temp Read Blocks":0,"Temp Written Blocks":0,"I/O Read Time":0.0,"I/O Write Time":0.0,"Temp I/O Read Time":0.0,"Temp I/O Write Time":0.0}]}]},{"Node Type":"Hash","Parent Relationship":"Inner","Parallel Aware":false,"Async Capable":false,"Startup Cost":2.99,"Total Cost":2.99,"Plan Rows":12,"Plan Width":12,"Actual Startup Time":0.035,"Actual Total Time":0.039,"Actual Rows":22,"Actual Loops":1,"Output":["nation.n_name","nation.n_nationkey"],"Hash Buckets":1024,"Original Hash Buckets":1024,"Hash Batches":1,"Original Hash Batches":1,"Peak Memory Usage":9,"Shared Hit Blocks":2,"Shared Read Blocks":0,"Shared Dirtied Blocks":0,"Shared Written Blocks":0,"Local Hit Blocks":0,"Local Read Blocks":0,"Local Dirtied Blocks":0,"Local Written Blocks":0,"Temp Read Blocks":0,"Temp Written Blocks":0,"I/O Read Time":0.0,"I/O Write Time":0.0,"Temp I/O Read Time":0.0,"Temp I/O Write Time":0.0,"Plans":[{"Node Type":"Hash Join","Parent Relationship":"Outer","Parallel Aware":false,"Async Capable":false,"Join Type":"Inner","Startup Cost":1.07,"Total Cost":2.99,"Plan Rows":12,"Plan Width":12,"Actual Startup Time":0.018,"Actual Total Time":0.033,"Actual Rows":22,"Actual Loops":1,"Output":["nation.n_name","nation.n_nationkey"],"Inner Unique":true,"Hash Cond":"(nation.n_regionkey = region.r_regionkey)","Shared Hit Blocks":2,"Shared Read Blocks":0,"Shared Dirtied Blocks":0,"Shared Written Blocks":0,"Local Hit Blocks":0,"Local Read Blocks":0,"Local Dirtied Blocks":0,"Local Written Blocks":0,"Temp Read Blocks":0,"Temp Written Blocks":0,"I/O Read Time":0.0,"I/O Write Time":0.0,"Temp I/O Read Time":0.0,"Temp I/O Write Time":0.0,"Plans":[{"Node Type":"Seq Scan","Parent Relationship":"Outer","Parallel Aware":false,"Async Capable":false,"Relation Name":"nation","Schema":"public","Alias":"nation","Startup Cost":0.0,"Total Cost":1.62,"Plan Rows":62,"Plan Width":16,"Actual Startup Time":0.005,"Actual Total Time":0.009,"Actual Rows":62,"Actual Loops":1,"Output":["nation.n_nationkey","nation.n_name","nation.n_regionkey","nation.n_comment"],"Shared Hit Blocks":1,"Shared Read Blocks":0,"Shared Dirtied Blocks":0,"Shared Written Blocks":0,"Local Hit Blocks":0,"Local Read Blocks":0,"Local Dirtied Blocks":0,"Local Written Blocks":0,"Temp Read Blocks":0,"Temp Written Blocks":0,"I/O Read Time":0.0,"I/O Write Time":0.0,"Temp I/O Read Time":0.0,"Temp I/O Write Time":0.0},{"Node Type":"Hash","Parent Relationship":"Inner","Parallel Aware":false,"Async Capable":false,"Startup Cost":1.06,"Total Cost":1.06,"Plan Rows":1,"Plan Width":4,"Actual Startup Time":0.006,"Actual Total Time":0.007,"Actual Rows":1,"Actual Loops":1,"Output":["region.r_regionkey"],"Hash Buckets":1024,"Original Hash Buckets":1024,"Hash Batches":1,"Original Hash Batches":1,"Peak Memory Usage":9,"Shared Hit Blocks":1,"Shared Read Blocks":0,"Shared Dirtied Blocks":0,"Shared Written Blocks":0,"Local Hit Blocks":0,"Local Read Blocks":0,"Local Dirtied Blocks":0,"Local Written Blocks":0,"Temp Read Blocks":0,"Temp Written Blocks":0,"I/O Read Time":0.0,"I/O Write Time":0.0,"Temp I/O Read Time":0.0,"Temp I/O Write Time":0.0,"Plans":[{"Node Type":"Seq Scan","Parent Relationship":"Outer","Parallel Aware":false,"Async Capable":false,"Relation Name":"region","Schema":"public","Alias":"region","Startup Cost":0.0,"Total Cost":1.06,"Plan Rows":1,"Plan Width":4,"Actual Startup Time":0.005,"Actual Total Time":0.005,"Actual Rows":1,"Actual Loops":1,"Output":["region.r_regionkey"],"Filter":"((region.r_name)::text = 'Europe'::text)","Rows Removed by Filter":4,"Shared Hit Blocks":1,"Shared Read Blocks":0,"Shared Dirtied Blocks":0,"Shared Written Blocks":0,"Local Hit Blocks":0,"Local Read Blocks":0,"Local Dirtied Blocks":0,"Local Written Blocks":0,"Temp Read Blocks":0,"Temp Written Blocks":0,"I/O Read Time":0.0,"I/O Write Time":0.0,"Temp I/O Read Time":0.0,"Temp I/O Write Time":0.0}]}]}]}]}]},{"Node Type":"Index Only Scan","Parent Relationship":"Inner","Parallel Aware":false,"Async Capable":false,"Scan Direction":"Forward","Index Name":"stock_pk","Relation Name":"stock","Schema":"public","Alias":"stock","Startup Cost":0.43,"Total Cost":259690.86,"Plan Rows":10000162,"Plan Width":6,"Actual Startup Time":0.047,"Actual Total Time":713.473,"Actual Rows":9999996,"Actual Loops":1,"Output":["stock.s_w_id","stock.s_i_id"],"Heap Fetches":0,"Shared Hit Blocks":27338,"Shared Read Blocks":0,"Shared Dirtied Blocks":0,"Shared Written Blocks":0,"Local Hit Blocks":0,"Local Read Blocks":0,"Local Dirtied Blocks":0,"Local Written Blocks":0,"Temp Read Blocks":0,"Temp Written Blocks":0,"I/O Read Time":0.0,"I/O Write Time":0.0,"Temp I/O Read Time":0.0,"Temp I/O Write Time":0.0}]},{"Node Type":"Hash","Parent Relationship":"Inner","Parallel Aware":false,"Async Capable":false,"Startup Cost":317.0,"Total Cost":317.0,"Plan Rows":10000,"Plan Width":8,"Actual Startup Time":2.68,"Actual Total Time":2.68,"Actual Rows":10000,"Actual Loops":1,"Output":["supplier.su_suppkey","supplier.su_nationkey"],"Hash Buckets":16384,"Original Hash Buckets":16384,"Hash Batches":1,"Original Hash Batches":1,"Peak Memory Usage":519,"Shared Hit Blocks":217,"Shared Read Blocks":0,"Shared Dirtied Blocks":0,"Shared Written Blocks":0,"Local Hit Blocks":0,"Local Read Blocks":0,"Local Dirtied Blocks":0,"Local Written Blocks":0,"Temp Read Blocks":0,"Temp Written Blocks":0,"I/O Read Time":0.0,"I/O Write Time":0.0,"Temp I/O Read Time":0.0,"Temp I/O Write Time":0.0,"Plans":[{"Node Type":"Seq Scan","Parent Relationship":"Outer","Parallel Aware":false,"Async Capable":false,"Relation Name":"supplier","Schema":"public","Alias":"supplier","Startup Cost":0.0,"Total Cost":317.0,"Plan Rows":10000,"Plan Width":8,"Actual Startup Time":0.009,"Actual Total Time":1.39,"Actual Rows":10000,"Actual Loops":1,"Output":["supplier.su_suppkey","supplier.su_nationkey"],"Shared Hit Blocks":217,"Shared Read Blocks":0,"Shared Dirtied Blocks":0,"Shared Written Blocks":0,"Local Hit Blocks":0,"Local Read Blocks":0,"Local Dirtied Blocks":0,"Local Written Blocks":0,"Temp Read Blocks":0,"Temp Written Blocks":0,"I/O Read Time":0.0,"I/O Write Time":0.0,"Temp I/O Read Time":0.0,"Temp I/O Write Time":0.0}]}]}]}]}]},"Planning":{"Shared Hit Blocks":16,"Shared Read Blocks":0,"Shared Dirtied Blocks":0,"Shared Written Blocks":0,"Local Hit Blocks":0,"Local Read Blocks":0,"Local Dirtied Blocks":0,"Local Written Blocks":0,"Temp Read Blocks":0,"Temp Written Blocks":0,"I/O Read Time":0.0,"I/O Write Time":0.0,"Temp I/O Read Time":0.0,"Temp I/O Write Time":0.0},"Planning Time":4.004,"Triggers":[],"Execution Time":16590.749}]
[列存组合]: stock
[{"Plan":{"Node Type":"Sort","Parallel Aware":false,"Async Capable":false,"Startup Cost":2017184.63,"Total Cost":2017184.79,"Plan Rows":62,"Plan Width":40,"Actual Startup Time":16597.955,"Actual Total Time":16597.971,"Actual Rows":11,"Actual Loops":1,"Output":["nation.n_name","(sum(order_line.ol_amount))"],"Sort Key":["(sum(order_line.ol_amount)) DESC"],"Sort Method":"quicksort","Sort Space Used":25,"Sort Space Type":"Memory","Shared Hit Blocks":620104,"Shared Read Blocks":0,"Shared Dirtied Blocks":0,"Shared Written Blocks":0,"Local Hit Blocks":0,"Local Read Blocks":0,"Local Dirtied Blocks":0,"Local Written Blocks":0,"Temp Read Blocks":129460,"Temp Written Blocks":129487,"I/O Read Time":0.0,"I/O Write Time":0.0,"Temp I/O Read Time":206.71,"Temp I/O Write Time":533.652,"Plans":[{"Node Type":"Aggregate","Strategy":"Sorted","Partial Mode":"Simple","Parent Relationship":"Outer","Parallel Aware":false,"Async Capable":false,"Startup Cost":2017108.85,"Total Cost":2017182.79,"Plan Rows":62,"Plan Width":40,"Actual Startup Time":16595.113,"Actual Total Time":16597.954,"Actual Rows":11,"Actual Loops":1,"Output":["nation.n_name","sum(order_line.ol_amount)"],"Group Key":["nation.n_name"],"Shared Hit Blocks":620104,"Shared Read Blocks":0,"Shared Dirtied Blocks":0,"Shared Written Blocks":0,"Local Hit Blocks":0,"Local Read Blocks":0,"Local Dirtied Blocks":0,"Local Written Blocks":0,"Temp Read Blocks":129460,"Temp Written Blocks":129487,"I/O Read Time":0.0,"I/O Write Time":0.0,"Temp I/O Read Time":206.71,"Temp I/O Write Time":533.652,"Plans":[{"Node Type":"Sort","Parent Relationship":"Outer","Parallel Aware":false,"Async Capable":false,"Startup Cost":2017108.85,"Total Cost":2017133.24,"Plan Rows":9755,"Plan Width":12,"Actual Startup Time":16594.904,"Actual Total Time":16595.674,"Actual Rows":17493,"Actual Loops":1,"Output":["nation.n_name","order_line.ol_amount"],"Sort Key":["nation.n_name"],"Sort Method":"quicksort","Sort Space Used":1725,"Sort Space Type":"Memory","Shared Hit Blocks":620104,"Shared Read Blocks":0,"Shared Dirtied Blocks":0,"Shared Written Blocks":0,"Local Hit Blocks":0,"Local Read Blocks":0,"Local Dirtied Blocks":0,"Local Written Blocks":0,"Temp Read Blocks":129460,"Temp Written Blocks":129487,"I/O Read Time":0.0,"I/O Write Time":0.0,"Temp I/O Read Time":206.71,"Temp I/O Write Time":533.652,"Plans":[{"Node Type":"Hash Join","Parent Relationship":"Outer","Parallel Aware":false,"Async Capable":false,"Join Type":"Inner","Startup Cost":1692965.58,"Total Cost":2016462.49,"Plan Rows":9755,"Plan Width":12,"Actual Startup Time":14744.816,"Actual Total Time":16585.876,"Actual Rows":17493,"Actual Loops":1,"Output":["nation.n_name","order_line.ol_amount"],"Inner Unique":true,"Hash Cond":"((mod((stock.s_w_id * stock.s_i_id), 10000) = supplier.su_suppkey) AND (customer.c_nationkey = supplier.su_nationkey))","Shared Hit Blocks":620104,"Shared Read Blocks":0,"Shared Dirtied Blocks":0,"Shared Written Blocks":0,"Local Hit Blocks":0,"Local Read Blocks":0,"Local Dirtied Blocks":0,"Local Written Blocks":0,"Temp Read Blocks":129460,"Temp Written Blocks":129487,"I/O Read Time":0.0,"I/O Write Time":0.0,"Temp I/O Read Time":206.71,"Temp I/O Write Time":533.652,"Plans":[{"Node Type":"Merge Join","Parent Relationship":"Outer","Parallel Aware":false,"Async Capable":false,"Join Type":"Inner","Startup Cost":1692498.58,"Total Cost":2012680.35,"Plan Rows":602749,"Plan Width":26,"Actual Startup Time":14741.77,"Actual Total Time":16442.219,"Actual Rows":1109507,"Actual Loops":1,"Output":["customer.c_nationkey","order_line.ol_amount","stock.s_w_id","stock.s_i_id","nation.n_name","nation.n_nationkey"],"Inner Unique":true,"Merge Cond":"((customer.c_w_id = stock.s_w_id) AND (order_line.ol_i_id = stock.s_i_id))","Shared Hit Blocks":619887,"Shared Read Blocks":0,"Shared Dirtied Blocks":0,"Shared Written Blocks":0,"Local Hit Blocks":0,"Local Read Blocks":0,"Local Dirtied Blocks":0,"Local Written Blocks":0,"Temp Read Blocks":129460,"Temp Written Blocks":129487,"I/O Read Time":0.0,"I/O Write Time":0.0,"Temp I/O Read Time":206.71,"Temp I/O Write Time":533.652,"Plans":[{"Node Type":"Sort","Parent Relationship":"Outer","Parallel Aware":false,"Async Capable":false,"Startup Cost":1692498.14,"Total Cost":1693985.82,"Plan Rows":595073,"Plan Width":30,"Actual Startup Time":14741.705,"Actual Total Time":14920.674,"Actual Rows":1109507,"Actual Loops":1,"Output":["customer.c_w_id","customer.c_nationkey","orders.o_w_id","order_line.ol_amount","order_line.ol_w_id","order_line.ol_i_id","nation.n_name","nation.n_nationkey"],"Sort Key":["customer.c_w_id","order_line.ol_i_id"],"Sort Method":"external merge","Sort Space Used":47304,"Sort Space Type":"Disk","Shared Hit Blocks":592549,"Shared Read Blocks":0,"Shared Dirtied Blocks":0,"Shared Written Blocks":0,"Local Hit Blocks":0,"Local Read Blocks":0,"Local Dirtied Blocks":0,"Local Written Blocks":0,"Temp Read Blocks":129460,"Temp Written Blocks":129487,"I/O Read Time":0.0,"I/O Write Time":0.0,"Temp I/O Read Time":206.71,"Temp I/O Write Time":533.652,"Plans":[{"Node Type":"Hash Join","Parent Relationship":"Outer","Parallel Aware":false,"Async Capable":false,"Join Type":"Inner","Startup Cost":403354.53,"Total Cost":1621184.58,"Plan Rows":595073,"Plan Width":30,"Actual Startup Time":1533.476,"Actual Total Time":13355.287,"Actual Rows":1109507,"Actual Loops":1,"Output":["customer.c_w_id","customer.c_nationkey","orders.o_w_id","order_line.ol_amount","order_line.ol_w_id","order_line.ol_i_id","nation.n_name","nation.n_nationkey"],"Inner Unique":false,"Hash Cond":"(customer.c_nationkey = nation.n_nationkey)","Shared Hit Blocks":592549,"Shared Read Blocks":0,"Shared Dirtied Blocks":0,"Shared Written Blocks":0,"Local Hit Blocks":0,"Local Read Blocks":0,"Local Dirtied Blocks":0,"Local Written Blocks":0,"Temp Read Blocks":117643,"Temp Written Blocks":117643,"I/O Read Time":0.0,"I/O Write Time":0.0,"Temp I/O Read Time":188.398,"Temp I/O Write Time":501.842,"Plans":[{"Node Type":"Hash Join","Parent Relationship":"Outer","Parallel Aware":false,"Async Capable":false,"Join Type":"Inner","Startup Cost":403351.39,"Total Cost":1604265.05,"Plan Rows":2975367,"Plan Width":18,"Actual Startup Time":1523.732,"Actual Total Time":12934.541,"Actual Rows":4284922,"Actual Loops":1,"Output":["customer.c_w_id","customer.c_nationkey","orders.o_w_id","order_line.ol_amount","order_line.ol_w_id","order_line.ol_i_id"],"Inner Unique":true,"Hash Cond":"((orders.o_c_id = customer.c_id) AND (orders.o_w_id = customer.c_w_id) AND (orders.o_d_id = customer.c_d_id))","Shared Hit Blocks":592547,"Shared Read Blocks":0,"Shared Dirtied Blocks":0,"Shared Written Blocks":0,"Local Hit Blocks":0,"Local Read Blocks":0,"Local Dirtied Blocks":0,"Local Written Blocks":0,"Temp Read Blocks":117643,"Temp Written Blocks":117643,"I/O Read Time":0.0,"I/O Write Time":0.0,"Temp I/O Read Time":188.398,"Temp I/O Write Time":501.842,"Plans":[{"Node Type":"Hash Join","Parent Relationship":"Outer","Parallel Aware":false,"Async Capable":false,"Join Type":"Inner","Startup Cost":76606.59,"Total Cost":1204573.22,"Plan Rows":2975367,"Plan Width":20,"Actual Startup Time":364.896,"Actual Total Time":9630.962,"Actual Rows":4284922,"Actual Loops":1,"Output":["orders.o_c_id","orders.o_w_id","orders.o_d_id","order_line.ol_amount","order_line.ol_w_id","order_line.ol_d_id","order_line.ol_i_id"],"Inner Unique":true,"Hash Cond":"((order_line.ol_w_id = orders.o_w_id) AND (order_line.ol_d_id = orders.o_d_id) AND (order_line.ol_o_id = orders.o_id))","Shared Hit Blocks":362943,"Shared Read Blocks":0,"Shared Dirtied Blocks":0,"Shared Written Blocks":0,"Local Hit Blocks":0,"Local Read Blocks":0,"Local Dirtied Blocks":0,"Local Written Blocks":0,"Temp Read Blocks":85996,"Temp Written Blocks":85996,"I/O Read Time":0.0,"I/O Write Time":0.0,"Temp I/O Read Time":136.992,"Temp I/O Write Time":350.117,"Plans":[{"Node Type":"Seq Scan","Parent Relationship":"Outer","Parallel Aware":false,"Async Capable":false,"Relation Name":"order_line","Schema":"public","Alias":"order_line","Startup Cost":0.0,"Total Cost":715856.4,"Plan Rows":20926367,"Plan Width":20,"Actual Startup Time":0.008,"Actual Total Time":3668.994,"Actual Rows":21002151,"Actual Loops":1,"Output":["order_line.ol_amount","order_line.ol_o_id","order_line.ol_w_id","order_line.ol_d_id","order_line.ol_i_id"],"Filter":"(order_line.ol_delivery_d >= '1992-01-02 20:10:02.27764'::timestamp without time zone)","Rows Removed by Filter":8995581,"Shared Hit Blocks":340884,"Shared Read Blocks":0,"Shared Dirtied Blocks":0,"Shared Written Blocks":0,"Local Hit Blocks":0,"Local Read Blocks":0,"Local Dirtied Blocks":0,"Local Written Blocks":0,"Temp Read Blocks":0,"Temp Written Blocks":0,"I/O Read Time":0.0,"I/O Write Time":0.0,"Temp I/O Read Time":0.0,"Temp I/O Write Time":0.0},{"Node Type":"Hash","Parent Relationship":"Inner","Parallel Aware":false,"Async Capable":false,"Startup Cost":67059.0,"Total Cost":67059.0,"Plan Rows":426548,"Plan Width":16,"Actual Startup Time":297.299,"Actual Total Time":297.303,"Actual Rows":428399,"Actual Loops":1,"Output":["orders.o_c_id","orders.o_w_id","orders.o_d_id","orders.o_id"],"Hash Buckets":262144,"Original Hash Buckets":262144,"Hash Batches":4,"Original Hash Batches":4,"Peak Memory Usage":7080,"Shared Hit Blocks":22059,"Shared Read Blocks":0,"Shared Dirtied Blocks":0,"Shared Written Blocks":0,"Local Hit Blocks":0,"Local Read Blocks":0,"Local Dirtied Blocks":0,"Local Written Blocks":0,"Temp Read Blocks":0,"Temp Written Blocks":1410,"I/O Read Time":0.0,"I/O Write Time":0.0,"Temp I/O Read Time":0.0,"Temp I/O Write Time":6.741,"Plans":[{"Node Type":"Seq Scan","Parent Relationship":"Outer","Parallel Aware":false,"Async Capable":false,"Relation Name":"orders","Schema":"public","Alias":"orders","Startup Cost":0.0,"Total Cost":67059.0,"Plan Rows":426548,"Plan Width":16,"Actual Startup Time":0.797,"Actual Total Time":221.356,"Actual Rows":428399,"Actual Loops":1,"Output":["orders.o_c_id","orders.o_w_id","orders.o_d_id","orders.o_id"],"Filter":"((orders.o_entry_d >= '1993-01-02 20:10:02.27764'::timestamp without time zone) AND (orders.o_entry_d < '1994-01-02 20:10:02.27764'::timestamp without time zone))","Rows Removed by Filter":2571601,"Shared Hit Blocks":22059,"Shared Read Blocks":0,"Shared Dirtied Blocks":0,"Shared Written Blocks":0,"Local Hit Blocks":0,"Local Read Blocks":0,"Local Dirtied Blocks":0,"Local Written Blocks":0,"Temp Read Blocks":0,"Temp Written Blocks":0,"I/O Read Time":0.0,"I/O Write Time":0.0,"Temp I/O Read Time":0.0,"Temp I/O Write Time":0.0}]}]},{"Node Type":"Hash","Parent Relationship":"Inner","Parallel Aware":false,"Async Capable":false,"Startup Cost":259601.38,"Total Cost":259601.38,"Plan Rows":2999738,"Plan Width":12,"Actual Startup Time":1156.524,"Actual Total Time":1156.526,"Actual Rows":3000000,"Actual Loops":1,"Output":["customer.c_id","customer.c_w_id","customer.c_d_id","customer.c_nationkey"],"Hash Buckets":262144,"Original Hash Buckets":262144,"Hash Batches":32,"Original Hash Batches":32,"Peak Memory Usage":6090,"Shared Hit Blocks":229604,"Shared Read Blocks":0,"Shared Dirtied Blocks":0,"Shared Written Blocks":0,"Local Hit Blocks":0,"Local Read Blocks":0,"Local Dirtied Blocks":0,"Local Written Blocks":0,"Temp Read Blocks":0,"Temp Written Blocks":11335,"I/O Read Time":0.0,"I/O Write Time":0.0,"Temp I/O Read Time":0.0,"Temp I/O Write Time":55.927,"Plans":[{"Node Type":"Seq Scan","Parent Relationship":"Outer","Parallel Aware":false,"Async Capable":false,"Relation Name":"customer","Schema":"public","Alias":"customer","Startup Cost":0.0,"Total Cost":259601.38,"Plan Rows":2999738,"Plan Width":12,"Actual Startup Time":0.009,"Actual Total Time":652.951,"Actual Rows":3000000,"Actual Loops":1,"Output":["customer.c_id","customer.c_w_id","customer.c_d_id","customer.c_nationkey"],"Shared Hit Blocks":229604,"Shared Read Blocks":0,"Shared Dirtied Blocks":0,"Shared Written Blocks":0,"Local Hit Blocks":0,"Local Read Blocks":0,"Local Dirtied Blocks":0,"Local Written Blocks":0,"Temp Read Blocks":0,"Temp Written Blocks":0,"I/O Read Time":0.0,"I/O Write Time":0.0,"Temp I/O Read Time":0.0,"Temp I/O Write Time":0.0}]}]},{"Node Type":"Hash","Parent Relationship":"Inner","Parallel Aware":false,"Async Capable":false,"Startup Cost":2.99,"Total Cost":2.99,"Plan Rows":12,"Plan Width":12,"Actual Startup Time":0.041,"Actual Total Time":0.044,"Actual Rows":22,"Actual Loops":1,"Output":["nation.n_name","nation.n_nationkey"],"Hash Buckets":1024,"Original Hash Buckets":1024,"Hash Batches":1,"Original Hash Batches":1,"Peak Memory Usage":9,"Shared Hit Blocks":2,"Shared Read Blocks":0,"Shared Dirtied Blocks":0,"Shared Written Blocks":0,"Local Hit Blocks":0,"Local Read Blocks":0,"Local Dirtied Blocks":0,"Local Written Blocks":0,"Temp Read Blocks":0,"Temp Written Blocks":0,"I/O Read Time":0.0,"I/O Write Time":0.0,"Temp I/O Read Time":0.0,"Temp I/O Write Time":0.0,"Plans":[{"Node Type":"Hash Join","Parent Relationship":"Outer","Parallel Aware":false,"Async Capable":false,"Join Type":"Inner","Startup Cost":1.07,"Total Cost":2.99,"Plan Rows":12,"Plan Width":12,"Actual Startup Time":0.024,"Actual Total Time":0.039,"Actual Rows":22,"Actual Loops":1,"Output":["nation.n_name","nation.n_nationkey"],"Inner Unique":true,"Hash Cond":"(nation.n_regionkey = region.r_regionkey)","Shared Hit Blocks":2,"Shared Read Blocks":0,"Shared Dirtied Blocks":0,"Shared Written Blocks":0,"Local Hit Blocks":0,"Local Read Blocks":0,"Local Dirtied Blocks":0,"Local Written Blocks":0,"Temp Read Blocks":0,"Temp Written Blocks":0,"I/O Read Time":0.0,"I/O Write Time":0.0,"Temp I/O Read Time":0.0,"Temp I/O Write Time":0.0,"Plans":[{"Node Type":"Seq Scan","Parent Relationship":"Outer","Parallel Aware":false,"Async Capable":false,"Relation Name":"nation","Schema":"public","Alias":"nation","Startup Cost":0.0,"Total Cost":1.62,"Plan Rows":62,"Plan Width":16,"Actual Startup Time":0.005,"Actual Total Time":0.009,"Actual Rows":62,"Actual Loops":1,"Output":["nation.n_nationkey","nation.n_name","nation.n_regionkey","nation.n_comment"],"Shared Hit Blocks":1,"Shared Read Blocks":0,"Shared Dirtied Blocks":0,"Shared Written Blocks":0,"Local Hit Blocks":0,"Local Read Blocks":0,"Local Dirtied Blocks":0,"Local Written Blocks":0,"Temp Read Blocks":0,"Temp Written Blocks":0,"I/O Read Time":0.0,"I/O Write Time":0.0,"Temp I/O Read Time":0.0,"Temp I/O Write Time":0.0},{"Node Type":"Hash","Parent Relationship":"Inner","Parallel Aware":false,"Async Capable":false,"Startup Cost":1.06,"Total Cost":1.06,"Plan Rows":1,"Plan Width":4,"Actual Startup Time":0.008,"Actual Total Time":0.008,"Actual Rows":1,"Actual Loops":1,"Output":["region.r_regionkey"],"Hash Buckets":1024,"Original Hash Buckets":1024,"Hash Batches":1,"Original Hash Batches":1,"Peak Memory Usage":9,"Shared Hit Blocks":1,"Shared Read Blocks":0,"Shared Dirtied Blocks":0,"Shared Written Blocks":0,"Local Hit Blocks":0,"Local Read Blocks":0,"Local Dirtied Blocks":0,"Local Written Blocks":0,"Temp Read Blocks":0,"Temp Written Blocks":0,"I/O Read Time":0.0,"I/O Write Time":0.0,"Temp I/O Read Time":0.0,"Temp I/O Write Time":0.0,"Plans":[{"Node Type":"Seq Scan","Parent Relationship":"Outer","Parallel Aware":false,"Async Capable":false,"Relation Name":"region","Schema":"public","Alias":"region","Startup Cost":0.0,"Total Cost":1.06,"Plan Rows":1,"Plan Width":4,"Actual Startup Time":0.006,"Actual Total Time":0.006,"Actual Rows":1,"Actual Loops":1,"Output":["region.r_regionkey"],"Filter":"((region.r_name)::text = 'Europe'::text)","Rows Removed by Filter":4,"Shared Hit Blocks":1,"Shared Read Blocks":0,"Shared Dirtied Blocks":0,"Shared Written Blocks":0,"Local Hit Blocks":0,"Local Read Blocks":0,"Local Dirtied Blocks":0,"Local Written Blocks":0,"Temp Read Blocks":0,"Temp Written Blocks":0,"I/O Read Time":0.0,"I/O Write Time":0.0,"Temp I/O Read Time":0.0,"Temp I/O Write Time":0.0}]}]}]}]}]},{"Node Type":"Index Only Scan","Parent Relationship":"Inner","Parallel Aware":false,"Async Capable":false,"Scan Direction":"Forward","Index Name":"stock_pk","Relation Name":"stock","Schema":"public","Alias":"stock","Startup Cost":0.43,"Total Cost":259690.86,"Plan Rows":10000162,"Plan Width":6,"Actual Startup Time":0.051,"Actual Total Time":713.551,"Actual Rows":9999996,"Actual Loops":1,"Output":["stock.s_w_id","stock.s_i_id"],"Heap Fetches":0,"Shared Hit Blocks":27338,"Shared Read Blocks":0,"Shared Dirtied Blocks":0,"Shared Written Blocks":0,"Local Hit Blocks":0,"Local Read Blocks":0,"Local Dirtied Blocks":0,"Local Written Blocks":0,"Temp Read Blocks":0,"Temp Written Blocks":0,"I/O Read Time":0.0,"I/O Write Time":0.0,"Temp I/O Read Time":0.0,"Temp I/O Write Time":0.0}]},{"Node Type":"Hash","Parent Relationship":"Inner","Parallel Aware":false,"Async Capable":false,"Startup Cost":317.0,"Total Cost":317.0,"Plan Rows":10000,"Plan Width":8,"Actual Startup Time":2.615,"Actual Total Time":2.615,"Actual Rows":10000,"Actual Loops":1,"Output":["supplier.su_suppkey","supplier.su_nationkey"],"Hash Buckets":16384,"Original Hash Buckets":16384,"Hash Batches":1,"Original Hash Batches":1,"Peak Memory Usage":519,"Shared Hit Blocks":217,"Shared Read Blocks":0,"Shared Dirtied Blocks":0,"Shared Written Blocks":0,"Local Hit Blocks":0,"Local Read Blocks":0,"Local Dirtied Blocks":0,"Local Written Blocks":0,"Temp Read Blocks":0,"Temp Written Blocks":0,"I/O Read Time":0.0,"I/O Write Time":0.0,"Temp I/O Read Time":0.0,"Temp I/O Write Time":0.0,"Plans":[{"Node Type":"Seq Scan","Parent Relationship":"Outer","Parallel Aware":false,"Async Capable":false,"Relation Name":"supplier","Schema":"public","Alias":"supplier","Startup Cost":0.0,"Total Cost":317.0,"Plan Rows":10000,"Plan Width":8,"Actual Startup Time":0.011,"Actual Total Time":1.29,"Actual Rows":10000,"Actual Loops":1,"Output":["supplier.su_suppkey","supplier.su_nationkey"],"Shared Hit Blocks":217,"Shared Read Blocks":0,"Shared Dirtied Blocks":0,"Shared Written Blocks":0,"Local Hit Blocks":0,"Local Read Blocks":0,"Local Dirtied Blocks":0,"Local Written Blocks":0,"Temp Read Blocks":0,"Temp Written Blocks":0,"I/O Read Time":0.0,"I/O Write Time":0.0,"Temp I/O Read Time":0.0,"Temp I/O Write Time":0.0}]}]}]}]}]},"Planning":{"Shared Hit Blocks":16,"Shared Read Blocks":0,"Shared Dirtied Blocks":0,"Shared Written Blocks":0,"Local Hit Blocks":0,"Local Read Blocks":0,"Local Dirtied Blocks":0,"Local Written Blocks":0,"Temp Read Blocks":0,"Temp Written Blocks":0,"I/O Read Time":0.0,"I/O Write Time":0.0,"Temp I/O Read Time":0.0,"Temp I/O Write Time":0.0},"Planning Time":4.873,"Triggers":[],"Execution Time":16606.009}]
[列存组合]: supplier
[{"Plan":{"Node Type":"Sort","Parallel Aware":false,"Async Capable":false,"Startup Cost":2017086.66,"Total Cost":2017086.81,"Plan Rows":62,"Plan Width":40,"Actual Startup Time":16675.608,"Actual Total Time":16675.625,"Actual Rows":11,"Actual Loops":1,"Output":["nation.n_name","(sum(order_line.ol_amount))"],"Sort Key":["(sum(order_line.ol_amount)) DESC"],"Sort Method":"quicksort","Sort Space Used":25,"Sort Space Type":"Memory","Shared Hit Blocks":619887,"Shared Read Blocks":0,"Shared Dirtied Blocks":0,"Shared Written Blocks":0,"Local Hit Blocks":0,"Local Read Blocks":0,"Local Dirtied Blocks":0,"Local Written Blocks":0,"Temp Read Blocks":129460,"Temp Written Blocks":129487,"I/O Read Time":0.0,"I/O Write Time":0.0,"Temp I/O Read Time":214.118,"Temp I/O Write Time":528.135,"Plans":[{"Node Type":"Aggregate","Strategy":"Sorted","Partial Mode":"Simple","Parent Relationship":"Outer","Parallel Aware":false,"Async Capable":false,"Startup Cost":2017010.87,"Total Cost":2017084.81,"Plan Rows":62,"Plan Width":40,"Actual Startup Time":16672.785,"Actual Total Time":16675.609,"Actual Rows":11,"Actual Loops":1,"Output":["nation.n_name","sum(order_line.ol_amount)"],"Group Key":["nation.n_name"],"Shared Hit Blocks":619887,"Shared Read Blocks":0,"Shared Dirtied Blocks":0,"Shared Written Blocks":0,"Local Hit Blocks":0,"Local Read Blocks":0,"Local Dirtied Blocks":0,"Local Written Blocks":0,"Temp Read Blocks":129460,"Temp Written Blocks":129487,"I/O Read Time":0.0,"I/O Write Time":0.0,"Temp I/O Read Time":214.118,"Temp I/O Write Time":528.135,"Plans":[{"Node Type":"Sort","Parent Relationship":"Outer","Parallel Aware":false,"Async Capable":false,"Startup Cost":2017010.87,"Total Cost":2017035.26,"Plan Rows":9755,"Plan Width":12,"Actual Startup Time":16672.571,"Actual Total Time":16673.349,"Actual Rows":17493,"Actual Loops":1,"Output":["nation.n_name","order_line.ol_amount"],"Sort Key":["nation.n_name"],"Sort Method":"quicksort","Sort Space Used":1725,"Sort Space Type":"Memory","Shared Hit Blocks":619887,"Shared Read Blocks":0,"Shared Dirtied Blocks":0,"Shared Written Blocks":0,"Local Hit Blocks":0,"Local Read Blocks":0,"Local Dirtied Blocks":0,"Local Written Blocks":0,"Temp Read Blocks":129460,"Temp Written Blocks":129487,"I/O Read Time":0.0,"I/O Write Time":0.0,"Temp I/O Read Time":214.118,"Temp I/O Write Time":528.135,"Plans":[{"Node Type":"Hash Join","Parent Relationship":"Outer","Parallel Aware":false,"Async Capable":false,"Join Type":"Inner","Startup Cost":1692867.6,"Total Cost":2016364.51,"Plan Rows":9755,"Plan Width":12,"Actual Startup Time":14832.735,"Actual Total Time":16663.702,"Actual Rows":17493,"Actual Loops":1,"Output":["nation.n_name","order_line.ol_amount"],"Inner Unique":true,"Hash Cond":"((mod((stock.s_w_id * stock.s_i_id), 10000) = supplier.su_suppkey) AND (customer.c_nationkey = supplier.su_nationkey))","Shared Hit Blocks":619887,"Shared Read Blocks":0,"Shared Dirtied Blocks":0,"Shared Written Blocks":0,"Local Hit Blocks":0,"Local Read Blocks":0,"Local Dirtied Blocks":0,"Local Written Blocks":0,"Temp Read Blocks":129460,"Temp Written Blocks":129487,"I/O Read Time":0.0,"I/O Write Time":0.0,"Temp I/O Read Time":214.118,"Temp I/O Write Time":528.135,"Plans":[{"Node Type":"Merge Join","Parent Relationship":"Outer","Parallel Aware":false,"Async Capable":false,"Join Type":"Inner","Startup Cost":1692498.58,"Total Cost":2012680.35,"Plan Rows":602749,"Plan Width":26,"Actual Startup Time":14829.149,"Actual Total Time":16519.627,"Actual Rows":1109507,"Actual Loops":1,"Output":["customer.c_nationkey","order_line.ol_amount","stock.s_w_id","stock.s_i_id","nation.n_name","nation.n_nationkey"],"Inner Unique":true,"Merge Cond":"((customer.c_w_id = stock.s_w_id) AND (order_line.ol_i_id = stock.s_i_id))","Shared Hit Blocks":619887,"Shared Read Blocks":0,"Shared Dirtied Blocks":0,"Shared Written Blocks":0,"Local Hit Blocks":0,"Local Read Blocks":0,"Local Dirtied Blocks":0,"Local Written Blocks":0,"Temp Read Blocks":129460,"Temp Written Blocks":129487,"I/O Read Time":0.0,"I/O Write Time":0.0,"Temp I/O Read Time":214.118,"Temp I/O Write Time":528.135,"Plans":[{"Node Type":"Sort","Parent Relationship":"Outer","Parallel Aware":false,"Async Capable":false,"Startup Cost":1692498.14,"Total Cost":1693985.82,"Plan Rows":595073,"Plan Width":30,"Actual Startup Time":14829.091,"Actual Total Time":15008.444,"Actual Rows":1109507,"Actual Loops":1,"Output":["customer.c_w_id","customer.c_nationkey","orders.o_w_id","order_line.ol_amount","order_line.ol_w_id","order_line.ol_i_id","nation.n_name","nation.n_nationkey"],"Sort Key":["customer.c_w_id","order_line.ol_i_id"],"Sort Method":"external merge","Sort Space Used":47304,"Sort Space Type":"Disk","Shared Hit Blocks":592549,"Shared Read Blocks":0,"Shared Dirtied Blocks":0,"Shared Written Blocks":0,"Local Hit Blocks":0,"Local Read Blocks":0,"Local Dirtied Blocks":0,"Local Written Blocks":0,"Temp Read Blocks":129460,"Temp Written Blocks":129487,"I/O Read Time":0.0,"I/O Write Time":0.0,"Temp I/O Read Time":214.118,"Temp I/O Write Time":528.135,"Plans":[{"Node Type":"Hash Join","Parent Relationship":"Outer","Parallel Aware":false,"Async Capable":false,"Join Type":"Inner","Startup Cost":403354.53,"Total Cost":1621184.58,"Plan Rows":595073,"Plan Width":30,"Actual Startup Time":1540.802,"Actual Total Time":13443.863,"Actual Rows":1109507,"Actual Loops":1,"Output":["customer.c_w_id","customer.c_nationkey","orders.o_w_id","order_line.ol_amount","order_line.ol_w_id","order_line.ol_i_id","nation.n_name","nation.n_nationkey"],"Inner Unique":false,"Hash Cond":"(customer.c_nationkey = nation.n_nationkey)","Shared Hit Blocks":592549,"Shared Read Blocks":0,"Shared Dirtied Blocks":0,"Shared Written Blocks":0,"Local Hit Blocks":0,"Local Read Blocks":0,"Local Dirtied Blocks":0,"Local Written Blocks":0,"Temp Read Blocks":117643,"Temp Written Blocks":117643,"I/O Read Time":0.0,"I/O Write Time":0.0,"Temp I/O Read Time":196.011,"Temp I/O Write Time":496.495,"Plans":[{"Node Type":"Hash Join","Parent Relationship":"Outer","Parallel Aware":false,"Async Capable":false,"Join Type":"Inner","Startup Cost":403351.39,"Total Cost":1604265.05,"Plan Rows":2975367,"Plan Width":18,"Actual Startup Time":1531.344,"Actual Total Time":13023.414,"Actual Rows":4284922,"Actual Loops":1,"Output":["customer.c_w_id","customer.c_nationkey","orders.o_w_id","order_line.ol_amount","order_line.ol_w_id","order_line.ol_i_id"],"Inner Unique":true,"Hash Cond":"((orders.o_c_id = customer.c_id) AND (orders.o_w_id = customer.c_w_id) AND (orders.o_d_id = customer.c_d_id))","Shared Hit Blocks":592547,"Shared Read Blocks":0,"Shared Dirtied Blocks":0,"Shared Written Blocks":0,"Local Hit Blocks":0,"Local Read Blocks":0,"Local Dirtied Blocks":0,"Local Written Blocks":0,"Temp Read Blocks":117643,"Temp Written Blocks":117643,"I/O Read Time":0.0,"I/O Write Time":0.0,"Temp I/O Read Time":196.011,"Temp I/O Write Time":496.495,"Plans":[{"Node Type":"Hash Join","Parent Relationship":"Outer","Parallel Aware":false,"Async Capable":false,"Join Type":"Inner","Startup Cost":76606.59,"Total Cost":1204573.22,"Plan Rows":2975367,"Plan Width":20,"Actual Startup Time":362.308,"Actual Total Time":9703.575,"Actual Rows":4284922,"Actual Loops":1,"Output":["orders.o_c_id","orders.o_w_id","orders.o_d_id","order_line.ol_amount","order_line.ol_w_id","order_line.ol_d_id","order_line.ol_i_id"],"Inner Unique":true,"Hash Cond":"((order_line.ol_w_id = orders.o_w_id) AND (order_line.ol_d_id = orders.o_d_id) AND (order_line.ol_o_id = orders.o_id))","Shared Hit Blocks":362943,"Shared Read Blocks":0,"Shared Dirtied Blocks":0,"Shared Written Blocks":0,"Local Hit Blocks":0,"Local Read Blocks":0,"Local Dirtied Blocks":0,"Local Written Blocks":0,"Temp Read Blocks":85996,"Temp Written Blocks":85996,"I/O Read Time":0.0,"I/O Write Time":0.0,"Temp I/O Read Time":143.362,"Temp I/O Write Time":346.204,"Plans":[{"Node Type":"Seq Scan","Parent Relationship":"Outer","Parallel Aware":false,"Async Capable":false,"Relation Name":"order_line","Schema":"public","Alias":"order_line","Startup Cost":0.0,"Total Cost":715856.4,"Plan Rows":20926367,"Plan Width":20,"Actual Startup Time":0.008,"Actual Total Time":3769.718,"Actual Rows":21002151,"Actual Loops":1,"Output":["order_line.ol_amount","order_line.ol_o_id","order_line.ol_w_id","order_line.ol_d_id","order_line.ol_i_id"],"Filter":"(order_line.ol_delivery_d >= '1992-01-02 20:10:02.27764'::timestamp without time zone)","Rows Removed by Filter":8995581,"Shared Hit Blocks":340884,"Shared Read Blocks":0,"Shared Dirtied Blocks":0,"Shared Written Blocks":0,"Local Hit Blocks":0,"Local Read Blocks":0,"Local Dirtied Blocks":0,"Local Written Blocks":0,"Temp Read Blocks":0,"Temp Written Blocks":0,"I/O Read Time":0.0,"I/O Write Time":0.0,"Temp I/O Read Time":0.0,"Temp I/O Write Time":0.0},{"Node Type":"Hash","Parent Relationship":"Inner","Parallel Aware":false,"Async Capable":false,"Startup Cost":67059.0,"Total Cost":67059.0,"Plan Rows":426548,"Plan Width":16,"Actual Startup Time":295.148,"Actual Total Time":295.151,"Actual Rows":428399,"Actual Loops":1,"Output":["orders.o_c_id","orders.o_w_id","orders.o_d_id","orders.o_id"],"Hash Buckets":262144,"Original Hash Buckets":262144,"Hash Batches":4,"Original Hash Batches":4,"Peak Memory Usage":7080,"Shared Hit Blocks":22059,"Shared Read Blocks":0,"Shared Dirtied Blocks":0,"Shared Written Blocks":0,"Local Hit Blocks":0,"Local Read Blocks":0,"Local Dirtied Blocks":0,"Local Written Blocks":0,"Temp Read Blocks":0,"Temp Written Blocks":1410,"I/O Read Time":0.0,"I/O Write Time":0.0,"Temp I/O Read Time":0.0,"Temp I/O Write Time":6.325,"Plans":[{"Node Type":"Seq Scan","Parent Relationship":"Outer","Parallel Aware":false,"Async Capable":false,"Relation Name":"orders","Schema":"public","Alias":"orders","Startup Cost":0.0,"Total Cost":67059.0,"Plan Rows":426548,"Plan Width":16,"Actual Startup Time":0.771,"Actual Total Time":219.614,"Actual Rows":428399,"Actual Loops":1,"Output":["orders.o_c_id","orders.o_w_id","orders.o_d_id","orders.o_id"],"Filter":"((orders.o_entry_d >= '1993-01-02 20:10:02.27764'::timestamp without time zone) AND (orders.o_entry_d < '1994-01-02 20:10:02.27764'::timestamp without time zone))","Rows Removed by Filter":2571601,"Shared Hit Blocks":22059,"Shared Read Blocks":0,"Shared Dirtied Blocks":0,"Shared Written Blocks":0,"Local Hit Blocks":0,"Local Read Blocks":0,"Local Dirtied Blocks":0,"Local Written Blocks":0,"Temp Read Blocks":0,"Temp Written Blocks":0,"I/O Read Time":0.0,"I/O Write Time":0.0,"Temp I/O Read Time":0.0,"Temp I/O Write Time":0.0}]}]},{"Node Type":"Hash","Parent Relationship":"Inner","Parallel Aware":false,"Async Capable":false,"Startup Cost":259601.38,"Total Cost":259601.38,"Plan Rows":2999738,"Plan Width":12,"Actual Startup Time":1166.739,"Actual Total Time":1166.741,"Actual Rows":3000000,"Actual Loops":1,"Output":["customer.c_id","customer.c_w_id","customer.c_d_id","customer.c_nationkey"],"Hash Buckets":262144,"Original Hash Buckets":262144,"Hash Batches":32,"Original Hash Batches":32,"Peak Memory Usage":6090,"Shared Hit Blocks":229604,"Shared Read Blocks":0,"Shared Dirtied Blocks":0,"Shared Written Blocks":0,"Local Hit Blocks":0,"Local Read Blocks":0,"Local Dirtied Blocks":0,"Local Written Blocks":0,"Temp Read Blocks":0,"Temp Written Blocks":11335,"I/O Read Time":0.0,"I/O Write Time":0.0,"Temp I/O Read Time":0.0,"Temp I/O Write Time":53.658,"Plans":[{"Node Type":"Seq Scan","Parent Relationship":"Outer","Parallel Aware":false,"Async Capable":false,"Relation Name":"customer","Schema":"public","Alias":"customer","Startup Cost":0.0,"Total Cost":259601.38,"Plan Rows":2999738,"Plan Width":12,"Actual Startup Time":0.01,"Actual Total Time":659.99,"Actual Rows":3000000,"Actual Loops":1,"Output":["customer.c_id","customer.c_w_id","customer.c_d_id","customer.c_nationkey"],"Shared Hit Blocks":229604,"Shared Read Blocks":0,"Shared Dirtied Blocks":0,"Shared Written Blocks":0,"Local Hit Blocks":0,"Local Read Blocks":0,"Local Dirtied Blocks":0,"Local Written Blocks":0,"Temp Read Blocks":0,"Temp Written Blocks":0,"I/O Read Time":0.0,"I/O Write Time":0.0,"Temp I/O Read Time":0.0,"Temp I/O Write Time":0.0}]}]},{"Node Type":"Hash","Parent Relationship":"Inner","Parallel Aware":false,"Async Capable":false,"Startup Cost":2.99,"Total Cost":2.99,"Plan Rows":12,"Plan Width":12,"Actual Startup Time":0.04,"Actual Total Time":0.043,"Actual Rows":22,"Actual Loops":1,"Output":["nation.n_name","nation.n_nationkey"],"Hash Buckets":1024,"Original Hash Buckets":1024,"Hash Batches":1,"Original Hash Batches":1,"Peak Memory Usage":9,"Shared Hit Blocks":2,"Shared Read Blocks":0,"Shared Dirtied Blocks":0,"Shared Written Blocks":0,"Local Hit Blocks":0,"Local Read Blocks":0,"Local Dirtied Blocks":0,"Local Written Blocks":0,"Temp Read Blocks":0,"Temp Written Blocks":0,"I/O Read Time":0.0,"I/O Write Time":0.0,"Temp I/O Read Time":0.0,"Temp I/O Write Time":0.0,"Plans":[{"Node Type":"Hash Join","Parent Relationship":"Outer","Parallel Aware":false,"Async Capable":false,"Join Type":"Inner","Startup Cost":1.07,"Total Cost":2.99,"Plan Rows":12,"Plan Width":12,"Actual Startup Time":0.024,"Actual Total Time":0.038,"Actual Rows":22,"Actual Loops":1,"Output":["nation.n_name","nation.n_nationkey"],"Inner Unique":true,"Hash Cond":"(nation.n_regionkey = region.r_regionkey)","Shared Hit Blocks":2,"Shared Read Blocks":0,"Shared Dirtied Blocks":0,"Shared Written Blocks":0,"Local Hit Blocks":0,"Local Read Blocks":0,"Local Dirtied Blocks":0,"Local Written Blocks":0,"Temp Read Blocks":0,"Temp Written Blocks":0,"I/O Read Time":0.0,"I/O Write Time":0.0,"Temp I/O Read Time":0.0,"Temp I/O Write Time":0.0,"Plans":[{"Node Type":"Seq Scan","Parent Relationship":"Outer","Parallel Aware":false,"Async Capable":false,"Relation Name":"nation","Schema":"public","Alias":"nation","Startup Cost":0.0,"Total Cost":1.62,"Plan Rows":62,"Plan Width":16,"Actual Startup Time":0.006,"Actual Total Time":0.01,"Actual Rows":62,"Actual Loops":1,"Output":["nation.n_nationkey","nation.n_name","nation.n_regionkey","nation.n_comment"],"Shared Hit Blocks":1,"Shared Read Blocks":0,"Shared Dirtied Blocks":0,"Shared Written Blocks":0,"Local Hit Blocks":0,"Local Read Blocks":0,"Local Dirtied Blocks":0,"Local Written Blocks":0,"Temp Read Blocks":0,"Temp Written Blocks":0,"I/O Read Time":0.0,"I/O Write Time":0.0,"Temp I/O Read Time":0.0,"Temp I/O Write Time":0.0},{"Node Type":"Hash","Parent Relationship":"Inner","Parallel Aware":false,"Async Capable":false,"Startup Cost":1.06,"Total Cost":1.06,"Plan Rows":1,"Plan Width":4,"Actual Startup Time":0.008,"Actual Total Time":0.009,"Actual Rows":1,"Actual Loops":1,"Output":["region.r_regionkey"],"Hash Buckets":1024,"Original Hash Buckets":1024,"Hash Batches":1,"Original Hash Batches":1,"Peak Memory Usage":9,"Shared Hit Blocks":1,"Shared Read Blocks":0,"Shared Dirtied Blocks":0,"Shared Written Blocks":0,"Local Hit Blocks":0,"Local Read Blocks":0,"Local Dirtied Blocks":0,"Local Written Blocks":0,"Temp Read Blocks":0,"Temp Written Blocks":0,"I/O Read Time":0.0,"I/O Write Time":0.0,"Temp I/O Read Time":0.0,"Temp I/O Write Time":0.0,"Plans":[{"Node Type":"Seq Scan","Parent Relationship":"Outer","Parallel Aware":false,"Async Capable":false,"Relation Name":"region","Schema":"public","Alias":"region","Startup Cost":0.0,"Total Cost":1.06,"Plan Rows":1,"Plan Width":4,"Actual Startup Time":0.006,"Actual Total Time":0.007,"Actual Rows":1,"Actual Loops":1,"Output":["region.r_regionkey"],"Filter":"((region.r_name)::text = 'Europe'::text)","Rows Removed by Filter":4,"Shared Hit Blocks":1,"Shared Read Blocks":0,"Shared Dirtied Blocks":0,"Shared Written Blocks":0,"Local Hit Blocks":0,"Local Read Blocks":0,"Local Dirtied Blocks":0,"Local Written Blocks":0,"Temp Read Blocks":0,"Temp Written Blocks":0,"I/O Read Time":0.0,"I/O Write Time":0.0,"Temp I/O Read Time":0.0,"Temp I/O Write Time":0.0}]}]}]}]}]},{"Node Type":"Index Only Scan","Parent Relationship":"Inner","Parallel Aware":false,"Async Capable":false,"Scan Direction":"Forward","Index Name":"stock_pk","Relation Name":"stock","Schema":"public","Alias":"stock","Startup Cost":0.43,"Total Cost":259690.86,"Plan Rows":10000162,"Plan Width":6,"Actual Startup Time":0.044,"Actual Total Time":703.878,"Actual Rows":9999996,"Actual Loops":1,"Output":["stock.s_w_id","stock.s_i_id"],"Heap Fetches":0,"Shared Hit Blocks":27338,"Shared Read Blocks":0,"Shared Dirtied Blocks":0,"Shared Written Blocks":0,"Local Hit Blocks":0,"Local Read Blocks":0,"Local Dirtied Blocks":0,"Local Written Blocks":0,"Temp Read Blocks":0,"Temp Written Blocks":0,"I/O Read Time":0.0,"I/O Write Time":0.0,"Temp I/O Read Time":0.0,"Temp I/O Write Time":0.0}]},{"Node Type":"Hash","Parent Relationship":"Inner","Parallel Aware":false,"Async Capable":false,"Startup Cost":219.01,"Total Cost":219.01,"Plan Rows":10001,"Plan Width":8,"Actual Startup Time":3.168,"Actual Total Time":3.171,"Actual Rows":10000,"Actual Loops":1,"Output":["supplier.su_suppkey","supplier.su_nationkey"],"Hash Buckets":16384,"Original Hash Buckets":16384,"Hash Batches":1,"Original Hash Batches":1,"Peak Memory Usage":519,"Shared Hit Blocks":0,"Shared Read Blocks":0,"Shared Dirtied Blocks":0,"Shared Written Blocks":0,"Local Hit Blocks":0,"Local Read Blocks":0,"Local Dirtied Blocks":0,"Local Written Blocks":0,"Temp Read Blocks":0,"Temp Written Blocks":0,"I/O Read Time":0.0,"I/O Write Time":0.0,"Temp I/O Read Time":0.0,"Temp I/O Write Time":0.0,"Plans":[{"Node Type":"Append","Parent Relationship":"Outer","Parallel Aware":false,"Async Capable":false,"Startup Cost":20.0,"Total Cost":219.01,"Plan Rows":10001,"Plan Width":8,"Actual Startup Time":0.014,"Actual Total Time":1.77,"Actual Rows":10000,"Actual Loops":1,"Shared Hit Blocks":0,"Shared Read Blocks":0,"Shared Dirtied Blocks":0,"Shared Written Blocks":0,"Local Hit Blocks":0,"Local Read Blocks":0,"Local Dirtied Blocks":0,"Local Written Blocks":0,"Temp Read Blocks":0,"Temp Written Blocks":0,"I/O Read Time":0.0,"I/O Write Time":0.0,"Temp I/O Read Time":0.0,"Temp I/O Write Time":0.0,"Subplans Removed":0,"Plans":[{"Node Type":"Custom Scan","Parent Relationship":"Member","Custom Plan Provider":"columnar scan","Parallel Aware":false,"Async Capable":false,"Relation Name":"supplier","Schema":"public","Alias":"supplier","Startup Cost":20.0,"Total Cost":215.0,"Plan Rows":10000,"Plan Width":8,"Actual Startup Time":0.013,"Actual Total Time":1.083,"Actual Rows":10000,"Actual Loops":1,"Output":["supplier.su_suppkey","supplier.su_nationkey"],"Rows Removed by Columnar Filter":0,"Columnar cache search mode":"native","Shared Hit Blocks":0,"Shared Read Blocks":0,"Shared Dirtied Blocks":0,"Shared Written Blocks":0,"Local Hit Blocks":0,"Local Read Blocks":0,"Local Dirtied Blocks":0,"Local Written Blocks":0,"Temp Read Blocks":0,"Temp Written Blocks":0,"I/O Read Time":0.0,"I/O Write Time":0.0,"Temp I/O Read Time":0.0,"Temp I/O Write Time":0.0},{"Node Type":"Seq Scan","Parent Relationship":"Member","Parallel Aware":false,"Async Capable":false,"Relation Name":"supplier","Schema":"public","Alias":"supplier","Startup Cost":0.0,"Total Cost":4.01,"Plan Rows":1,"Plan Width":8,"Actual Startup Time":0.0,"Actual Total Time":0.0,"Actual Rows":0,"Actual Loops":0,"Output":["supplier.su_suppkey","supplier.su_nationkey"],"Shared Hit Blocks":0,"Shared Read Blocks":0,"Shared Dirtied Blocks":0,"Shared Written Blocks":0,"Local Hit Blocks":0,"Local Read Blocks":0,"Local Dirtied Blocks":0,"Local Written Blocks":0,"Temp Read Blocks":0,"Temp Written Blocks":0,"I/O Read Time":0.0,"I/O Write Time":0.0,"Temp I/O Read Time":0.0,"Temp I/O Write Time":0.0}]}]}]}]}]}]},"Planning":{"Shared Hit Blocks":16,"Shared Read Blocks":0,"Shared Dirtied Blocks":0,"Shared Written Blocks":0,"Local Hit Blocks":0,"Local Read Blocks":0,"Local Dirtied Blocks":0,"Local Written Blocks":0,"Temp Read Blocks":0,"Temp Written Blocks":0,"I/O Read Time":0.0,"I/O Write Time":0.0,"Temp I/O Read Time":0.0,"Temp I/O Write Time":0.0},"Planning Time":4.364,"Triggers":[],"Execution Time":16683.807}]
[列存组合]: customer, nation
[{"Plan":{"Node Type":"Sort","Parallel Aware":false,"Async Capable":false,"Startup Cost":2012094.43,"Total Cost":2012094.58,"Plan Rows":62,"Plan Width":40,"Actual Startup Time":16655.266,"Actual Total Time":16655.286,"Actual Rows":11,"Actual Loops":1,"Output":["nation.n_name","(sum(order_line.ol_amount))"],"Sort Key":["(sum(order_line.ol_amount)) DESC"],"Sort Method":"quicksort","Sort Space Used":25,"Sort Space Type":"Memory","Shared Hit Blocks":390500,"Shared Read Blocks":0,"Shared Dirtied Blocks":0,"Shared Written Blocks":0,"Local Hit Blocks":0,"Local Read Blocks":0,"Local Dirtied Blocks":0,"Local Written Blocks":0,"Temp Read Blocks":129460,"Temp Written Blocks":129487,"I/O Read Time":0.0,"I/O Write Time":0.0,"Temp I/O Read Time":210.594,"Temp I/O Write Time":520.703,"Plans":[{"Node Type":"Aggregate","Strategy":"Sorted","Partial Mode":"Simple","Parent Relationship":"Outer","Parallel Aware":false,"Async Capable":false,"Startup Cost":2012018.64,"Total Cost":2012092.58,"Plan Rows":62,"Plan Width":40,"Actual Startup Time":16652.379,"Actual Total Time":16655.27,"Actual Rows":11,"Actual Loops":1,"Output":["nation.n_name","sum(order_line.ol_amount)"],"Group Key":["nation.n_name"],"Shared Hit Blocks":390500,"Shared Read Blocks":0,"Shared Dirtied Blocks":0,"Shared Written Blocks":0,"Local Hit Blocks":0,"Local Read Blocks":0,"Local Dirtied Blocks":0,"Local Written Blocks":0,"Temp Read Blocks":129460,"Temp Written Blocks":129487,"I/O Read Time":0.0,"I/O Write Time":0.0,"Temp I/O Read Time":210.594,"Temp I/O Write Time":520.703,"Plans":[{"Node Type":"Sort","Parent Relationship":"Outer","Parallel Aware":false,"Async Capable":false,"Startup Cost":2012018.64,"Total Cost":2012043.03,"Plan Rows":9755,"Plan Width":12,"Actual Startup Time":16652.167,"Actual Total Time":16652.979,"Actual Rows":17493,"Actual Loops":1,"Output":["nation.n_name","order_line.ol_amount"],"Sort Key":["nation.n_name"],"Sort Method":"quicksort","Sort Space Used":1725,"Sort Space Type":"Memory","Shared Hit Blocks":390500,"Shared Read Blocks":0,"Shared Dirtied Blocks":0,"Shared Written Blocks":0,"Local Hit Blocks":0,"Local Read Blocks":0,"Local Dirtied Blocks":0,"Local Written Blocks":0,"Temp Read Blocks":129460,"Temp Written Blocks":129487,"I/O Read Time":0.0,"I/O Write Time":0.0,"Temp I/O Read Time":210.594,"Temp I/O Write Time":520.703,"Plans":[{"Node Type":"Hash Join","Parent Relationship":"Outer","Parallel Aware":false,"Async Capable":false,"Join Type":"Inner","Startup Cost":1687875.37,"Total Cost":2011372.28,"Plan Rows":9755,"Plan Width":12,"Actual Startup Time":14763.969,"Actual Total Time":16643.561,"Actual Rows":17493,"Actual Loops":1,"Output":["nation.n_name","order_line.ol_amount"],"Inner Unique":true,"Hash Cond":"((mod((stock.s_w_id * stock.s_i_id), 10000) = supplier.su_suppkey) AND (customer.c_nationkey = supplier.su_nationkey))","Shared Hit Blocks":390500,"Shared Read Blocks":0,"Shared Dirtied Blocks":0,"Shared Written Blocks":0,"Local Hit Blocks":0,"Local Read Blocks":0,"Local Dirtied Blocks":0,"Local Written Blocks":0,"Temp Read Blocks":129460,"Temp Written Blocks":129487,"I/O Read Time":0.0,"I/O Write Time":0.0,"Temp I/O Read Time":210.594,"Temp I/O Write Time":520.703,"Plans":[{"Node Type":"Merge Join","Parent Relationship":"Outer","Parallel Aware":false,"Async Capable":false,"Join Type":"Inner","Startup Cost":1687408.37,"Total Cost":2007590.15,"Plan Rows":602749,"Plan Width":26,"Actual Startup Time":14760.896,"Actual Total Time":16499.063,"Actual Rows":1109507,"Actual Loops":1,"Output":["customer.c_nationkey","order_line.ol_amount","stock.s_w_id","stock.s_i_id","nation.n_name","nation.n_nationkey"],"Inner Unique":true,"Merge Cond":"((customer.c_w_id = stock.s_w_id) AND (order_line.ol_i_id = stock.s_i_id))","Shared Hit Blocks":390283,"Shared Read Blocks":0,"Shared Dirtied Blocks":0,"Shared Written Blocks":0,"Local Hit Blocks":0,"Local Read Blocks":0,"Local Dirtied Blocks":0,"Local Written Blocks":0,"Temp Read Blocks":129460,"Temp Written Blocks":129487,"I/O Read Time":0.0,"I/O Write Time":0.0,"Temp I/O Read Time":210.594,"Temp I/O Write Time":520.703,"Plans":[{"Node Type":"Sort","Parent Relationship":"Outer","Parallel Aware":false,"Async Capable":false,"Startup Cost":1687407.93,"Total Cost":1688895.62,"Plan Rows":595073,"Plan Width":30,"Actual Startup Time":14760.839,"Actual Total Time":14940.188,"Actual Rows":1109507,"Actual Loops":1,"Output":["customer.c_w_id","customer.c_nationkey","orders.o_w_id","order_line.ol_amount","order_line.ol_w_id","order_line.ol_i_id","nation.n_name","nation.n_nationkey"],"Sort Key":["customer.c_w_id","order_line.ol_i_id"],"Sort Method":"external merge","Sort Space Used":47304,"Sort Space Type":"Disk","Shared Hit Blocks":362945,"Shared Read Blocks":0,"Shared Dirtied Blocks":0,"Shared Written Blocks":0,"Local Hit Blocks":0,"Local Read Blocks":0,"Local Dirtied Blocks":0,"Local Written Blocks":0,"Temp Read Blocks":129460,"Temp Written Blocks":129487,"I/O Read Time":0.0,"I/O Write Time":0.0,"Temp I/O Read Time":210.594,"Temp I/O Write Time":520.703,"Plans":[{"Node Type":"Hash Join","Parent Relationship":"Outer","Parallel Aware":false,"Async Capable":false,"Join Type":"Inner","Startup Cost":398264.32,"Total Cost":1616094.38,"Plan Rows":595073,"Plan Width":30,"Actual Startup Time":1543.292,"Actual Total Time":13372.847,"Actual Rows":1109507,"Actual Loops":1,"Output":["customer.c_w_id","customer.c_nationkey","orders.o_w_id","order_line.ol_amount","order_line.ol_w_id","order_line.ol_i_id","nation.n_name","nation.n_nationkey"],"Inner Unique":false,"Hash Cond":"(customer.c_nationkey = nation.n_nationkey)","Shared Hit Blocks":362945,"Shared Read Blocks":0,"Shared Dirtied Blocks":0,"Shared Written Blocks":0,"Local Hit Blocks":0,"Local Read Blocks":0,"Local Dirtied Blocks":0,"Local Written Blocks":0,"Temp Read Blocks":117643,"Temp Written Blocks":117643,"I/O Read Time":0.0,"I/O Write Time":0.0,"Temp I/O Read Time":192.396,"Temp I/O Write Time":488.947,"Plans":[{"Node Type":"Hash Join","Parent Relationship":"Outer","Parallel Aware":false,"Async Capable":false,"Join Type":"Inner","Startup Cost":398261.18,"Total Cost":1599174.84,"Plan Rows":2975367,"Plan Width":18,"Actual Startup Time":1533.757,"Actual Total Time":12941.154,"Actual Rows":4284922,"Actual Loops":1,"Output":["customer.c_w_id","customer.c_nationkey","orders.o_w_id","order_line.ol_amount","order_line.ol_w_id","order_line.ol_i_id"],"Inner Unique":true,"Hash Cond":"((orders.o_c_id = customer.c_id) AND (orders.o_w_id = customer.c_w_id) AND (orders.o_d_id = customer.c_d_id))","Shared Hit Blocks":362943,"Shared Read Blocks":0,"Shared Dirtied Blocks":0,"Shared Written Blocks":0,"Local Hit Blocks":0,"Local Read Blocks":0,"Local Dirtied Blocks":0,"Local Written Blocks":0,"Temp Read Blocks":117643,"Temp Written Blocks":117643,"I/O Read Time":0.0,"I/O Write Time":0.0,"Temp I/O Read Time":192.396,"Temp I/O Write Time":488.947,"Plans":[{"Node Type":"Hash Join","Parent Relationship":"Outer","Parallel Aware":false,"Async Capable":false,"Join Type":"Inner","Startup Cost":76606.59,"Total Cost":1204573.22,"Plan Rows":2975367,"Plan Width":20,"Actual Startup Time":364.224,"Actual Total Time":9632.977,"Actual Rows":4284922,"Actual Loops":1,"Output":["orders.o_c_id","orders.o_w_id","orders.o_d_id","order_line.ol_amount","order_line.ol_w_id","order_line.ol_d_id","order_line.ol_i_id"],"Inner Unique":true,"Hash Cond":"((order_line.ol_w_id = orders.o_w_id) AND (order_line.ol_d_id = orders.o_d_id) AND (order_line.ol_o_id = orders.o_id))","Shared Hit Blocks":362943,"Shared Read Blocks":0,"Shared Dirtied Blocks":0,"Shared Written Blocks":0,"Local Hit Blocks":0,"Local Read Blocks":0,"Local Dirtied Blocks":0,"Local Written Blocks":0,"Temp Read Blocks":85996,"Temp Written Blocks":85996,"I/O Read Time":0.0,"I/O Write Time":0.0,"Temp I/O Read Time":141.072,"Temp I/O Write Time":344.394,"Plans":[{"Node Type":"Seq Scan","Parent Relationship":"Outer","Parallel Aware":false,"Async Capable":false,"Relation Name":"order_line","Schema":"public","Alias":"order_line","Startup Cost":0.0,"Total Cost":715856.4,"Plan Rows":20926367,"Plan Width":20,"Actual Startup Time":0.006,"Actual Total Time":3683.212,"Actual Rows":21002151,"Actual Loops":1,"Output":["order_line.ol_amount","order_line.ol_o_id","order_line.ol_w_id","order_line.ol_d_id","order_line.ol_i_id"],"Filter":"(order_line.ol_delivery_d >= '1992-01-02 20:10:02.27764'::timestamp without time zone)","Rows Removed by Filter":8995581,"Shared Hit Blocks":340884,"Shared Read Blocks":0,"Shared Dirtied Blocks":0,"Shared Written Blocks":0,"Local Hit Blocks":0,"Local Read Blocks":0,"Local Dirtied Blocks":0,"Local Written Blocks":0,"Temp Read Blocks":0,"Temp Written Blocks":0,"I/O Read Time":0.0,"I/O Write Time":0.0,"Temp I/O Read Time":0.0,"Temp I/O Write Time":0.0},{"Node Type":"Hash","Parent Relationship":"Inner","Parallel Aware":false,"Async Capable":false,"Startup Cost":67059.0,"Total Cost":67059.0,"Plan Rows":426548,"Plan Width":16,"Actual Startup Time":296.826,"Actual Total Time":296.83,"Actual Rows":428399,"Actual Loops":1,"Output":["orders.o_c_id","orders.o_w_id","orders.o_d_id","orders.o_id"],"Hash Buckets":262144,"Original Hash Buckets":262144,"Hash Batches":4,"Original Hash Batches":4,"Peak Memory Usage":7080,"Shared Hit Blocks":22059,"Shared Read Blocks":0,"Shared Dirtied Blocks":0,"Shared Written Blocks":0,"Local Hit Blocks":0,"Local Read Blocks":0,"Local Dirtied Blocks":0,"Local Written Blocks":0,"Temp Read Blocks":0,"Temp Written Blocks":1410,"I/O Read Time":0.0,"I/O Write Time":0.0,"Temp I/O Read Time":0.0,"Temp I/O Write Time":6.211,"Plans":[{"Node Type":"Seq Scan","Parent Relationship":"Outer","Parallel Aware":false,"Async Capable":false,"Relation Name":"orders","Schema":"public","Alias":"orders","Startup Cost":0.0,"Total Cost":67059.0,"Plan Rows":426548,"Plan Width":16,"Actual Startup Time":0.774,"Actual Total Time":219.963,"Actual Rows":428399,"Actual Loops":1,"Output":["orders.o_c_id","orders.o_w_id","orders.o_d_id","orders.o_id"],"Filter":"((orders.o_entry_d >= '1993-01-02 20:10:02.27764'::timestamp without time zone) AND (orders.o_entry_d < '1994-01-02 20:10:02.27764'::timestamp without time zone))","Rows Removed by Filter":2571601,"Shared Hit Blocks":22059,"Shared Read Blocks":0,"Shared Dirtied Blocks":0,"Shared Written Blocks":0,"Local Hit Blocks":0,"Local Read Blocks":0,"Local Dirtied Blocks":0,"Local Written Blocks":0,"Temp Read Blocks":0,"Temp Written Blocks":0,"I/O Read Time":0.0,"I/O Write Time":0.0,"Temp I/O Read Time":0.0,"Temp I/O Write Time":0.0}]}]},{"Node Type":"Hash","Parent Relationship":"Inner","Parallel Aware":false,"Async Capable":false,"Startup Cost":254511.16,"Total Cost":254511.16,"Plan Rows":2999739,"Plan Width":12,"Actual Startup Time":1167.192,"Actual Total Time":1167.198,"Actual Rows":3000000,"Actual Loops":1,"Output":["customer.c_id","customer.c_w_id","customer.c_d_id","customer.c_nationkey"],"Hash Buckets":262144,"Original Hash Buckets":262144,"Hash Batches":32,"Original Hash Batches":32,"Peak Memory Usage":6090,"Shared Hit Blocks":0,"Shared Read Blocks":0,"Shared Dirtied Blocks":0,"Shared Written Blocks":0,"Local Hit Blocks":0,"Local Read Blocks":0,"Local Dirtied Blocks":0,"Local Written Blocks":0,"Temp Read Blocks":0,"Temp Written Blocks":11335,"I/O Read Time":0.0,"I/O Write Time":0.0,"Temp I/O Read Time":0.0,"Temp I/O Write Time":48.276,"Plans":[{"Node Type":"Append","Parent Relationship":"Outer","Parallel Aware":false,"Async Capable":false,"Startup Cost":20.0,"Total Cost":254511.16,"Plan Rows":2999739,"Plan Width":12,"Actual Startup Time":0.049,"Actual Total Time":665.25,"Actual Rows":3000000,"Actual Loops":1,"Shared Hit Blocks":0,"Shared Read Blocks":0,"Shared Dirtied Blocks":0,"Shared Written Blocks":0,"Local Hit Blocks":0,"Local Read Blocks":0,"Local Dirtied Blocks":0,"Local Written Blocks":0,"Temp Read Blocks":0,"Temp Written Blocks":0,"I/O Read Time":0.0,"I/O Write Time":0.0,"Temp I/O Read Time":0.0,"Temp I/O Write Time":0.0,"Subplans Removed":0,"Plans":[{"Node Type":"Custom Scan","Parent Relationship":"Member","Custom Plan Provider":"columnar scan","Parallel Aware":false,"Async Capable":false,"Relation Name":"customer","Schema":"public","Alias":"customer","Startup Cost":20.0,"Total Cost":70513.87,"Plan Rows":2999738,"Plan Width":12,"Actual Startup Time":0.047,"Actual Total Time":454.868,"Actual Rows":3000000,"Actual Loops":1,"Output":["customer.c_id","customer.c_w_id","customer.c_d_id","customer.c_nationkey"],"Rows Removed by Columnar Filter":0,"Columnar cache search mode":"native","Shared Hit Blocks":0,"Shared Read Blocks":0,"Shared Dirtied Blocks":0,"Shared Written Blocks":0,"Local Hit Blocks":0,"Local Read Blocks":0,"Local Dirtied Blocks":0,"Local Written Blocks":0,"Temp Read Blocks":0,"Temp Written Blocks":0,"I/O Read Time":0.0,"I/O Write Time":0.0,"Temp I/O Read Time":0.0,"Temp I/O Write Time":0.0},{"Node Type":"Seq Scan","Parent Relationship":"Member","Parallel Aware":false,"Async Capable":false,"Relation Name":"customer","Schema":"public","Alias":"customer","Startup Cost":0.0,"Total Cost":4.01,"Plan Rows":1,"Plan Width":12,"Actual Startup Time":0.0,"Actual Total Time":0.0,"Actual Rows":0,"Actual Loops":0,"Output":["customer.c_id","customer.c_w_id","customer.c_d_id","customer.c_nationkey"],"Shared Hit Blocks":0,"Shared Read Blocks":0,"Shared Dirtied Blocks":0,"Shared Written Blocks":0,"Local Hit Blocks":0,"Local Read Blocks":0,"Local Dirtied Blocks":0,"Local Written Blocks":0,"Temp Read Blocks":0,"Temp Written Blocks":0,"I/O Read Time":0.0,"I/O Write Time":0.0,"Temp I/O Read Time":0.0,"Temp I/O Write Time":0.0}]}]}]},{"Node Type":"Hash","Parent Relationship":"Inner","Parallel Aware":false,"Async Capable":false,"Startup Cost":2.99,"Total Cost":2.99,"Plan Rows":12,"Plan Width":12,"Actual Startup Time":0.04,"Actual Total Time":0.043,"Actual Rows":22,"Actual Loops":1,"Output":["nation.n_name","nation.n_nationkey"],"Hash Buckets":1024,"Original Hash Buckets":1024,"Hash Batches":1,"Original Hash Batches":1,"Peak Memory Usage":9,"Shared Hit Blocks":2,"Shared Read Blocks":0,"Shared Dirtied Blocks":0,"Shared Written Blocks":0,"Local Hit Blocks":0,"Local Read Blocks":0,"Local Dirtied Blocks":0,"Local Written Blocks":0,"Temp Read Blocks":0,"Temp Written Blocks":0,"I/O Read Time":0.0,"I/O Write Time":0.0,"Temp I/O Read Time":0.0,"Temp I/O Write Time":0.0,"Plans":[{"Node Type":"Hash Join","Parent Relationship":"Outer","Parallel Aware":false,"Async Capable":false,"Join Type":"Inner","Startup Cost":1.07,"Total Cost":2.99,"Plan Rows":12,"Plan Width":12,"Actual Startup Time":0.023,"Actual Total Time":0.037,"Actual Rows":22,"Actual Loops":1,"Output":["nation.n_name","nation.n_nationkey"],"Inner Unique":true,"Hash Cond":"(nation.n_regionkey = region.r_regionkey)","Shared Hit Blocks":2,"Shared Read Blocks":0,"Shared Dirtied Blocks":0,"Shared Written Blocks":0,"Local Hit Blocks":0,"Local Read Blocks":0,"Local Dirtied Blocks":0,"Local Written Blocks":0,"Temp Read Blocks":0,"Temp Written Blocks":0,"I/O Read Time":0.0,"I/O Write Time":0.0,"Temp I/O Read Time":0.0,"Temp I/O Write Time":0.0,"Plans":[{"Node Type":"Seq Scan","Parent Relationship":"Outer","Parallel Aware":false,"Async Capable":false,"Relation Name":"nation","Schema":"public","Alias":"nation","Startup Cost":0.0,"Total Cost":1.62,"Plan Rows":62,"Plan Width":16,"Actual Startup Time":0.005,"Actual Total Time":0.008,"Actual Rows":62,"Actual Loops":1,"Output":["nation.n_nationkey","nation.n_name","nation.n_regionkey","nation.n_comment"],"Shared Hit Blocks":1,"Shared Read Blocks":0,"Shared Dirtied Blocks":0,"Shared Written Blocks":0,"Local Hit Blocks":0,"Local Read Blocks":0,"Local Dirtied Blocks":0,"Local Written Blocks":0,"Temp Read Blocks":0,"Temp Written Blocks":0,"I/O Read Time":0.0,"I/O Write Time":0.0,"Temp I/O Read Time":0.0,"Temp I/O Write Time":0.0},{"Node Type":"Hash","Parent Relationship":"Inner","Parallel Aware":false,"Async Capable":false,"Startup Cost":1.06,"Total Cost":1.06,"Plan Rows":1,"Plan Width":4,"Actual Startup Time":0.008,"Actual Total Time":0.009,"Actual Rows":1,"Actual Loops":1,"Output":["region.r_regionkey"],"Hash Buckets":1024,"Original Hash Buckets":1024,"Hash Batches":1,"Original Hash Batches":1,"Peak Memory Usage":9,"Shared Hit Blocks":1,"Shared Read Blocks":0,"Shared Dirtied Blocks":0,"Shared Written Blocks":0,"Local Hit Blocks":0,"Local Read Blocks":0,"Local Dirtied Blocks":0,"Local Written Blocks":0,"Temp Read Blocks":0,"Temp Written Blocks":0,"I/O Read Time":0.0,"I/O Write Time":0.0,"Temp I/O Read Time":0.0,"Temp I/O Write Time":0.0,"Plans":[{"Node Type":"Seq Scan","Parent Relationship":"Outer","Parallel Aware":false,"Async Capable":false,"Relation Name":"region","Schema":"public","Alias":"region","Startup Cost":0.0,"Total Cost":1.06,"Plan Rows":1,"Plan Width":4,"Actual Startup Time":0.006,"Actual Total Time":0.006,"Actual Rows":1,"Actual Loops":1,"Output":["region.r_regionkey"],"Filter":"((region.r_name)::text = 'Europe'::text)","Rows Removed by Filter":4,"Shared Hit Blocks":1,"Shared Read Blocks":0,"Shared Dirtied Blocks":0,"Shared Written Blocks":0,"Local Hit Blocks":0,"Local Read Blocks":0,"Local Dirtied Blocks":0,"Local Written Blocks":0,"Temp Read Blocks":0,"Temp Written Blocks":0,"I/O Read Time":0.0,"I/O Write Time":0.0,"Temp I/O Read Time":0.0,"Temp I/O Write Time":0.0}]}]}]}]}]},{"Node Type":"Index Only Scan","Parent Relationship":"Inner","Parallel Aware":false,"Async Capable":false,"Scan Direction":"Forward","Index Name":"stock_pk","Relation Name":"stock","Schema":"public","Alias":"stock","Startup Cost":0.43,"Total Cost":259690.86,"Plan Rows":10000162,"Plan Width":6,"Actual Startup Time":0.044,"Actual Total Time":747.742,"Actual Rows":9999996,"Actual Loops":1,"Output":["stock.s_w_id","stock.s_i_id"],"Heap Fetches":0,"Shared Hit Blocks":27338,"Shared Read Blocks":0,"Shared Dirtied Blocks":0,"Shared Written Blocks":0,"Local Hit Blocks":0,"Local Read Blocks":0,"Local Dirtied Blocks":0,"Local Written Blocks":0,"Temp Read Blocks":0,"Temp Written Blocks":0,"I/O Read Time":0.0,"I/O Write Time":0.0,"Temp I/O Read Time":0.0,"Temp I/O Write Time":0.0}]},{"Node Type":"Hash","Parent Relationship":"Inner","Parallel Aware":false,"Async Capable":false,"Startup Cost":317.0,"Total Cost":317.0,"Plan Rows":10000,"Plan Width":8,"Actual Startup Time":2.645,"Actual Total Time":2.646,"Actual Rows":10000,"Actual Loops":1,"Output":["supplier.su_suppkey","supplier.su_nationkey"],"Hash Buckets":16384,"Original Hash Buckets":16384,"Hash Batches":1,"Original Hash Batches":1,"Peak Memory Usage":519,"Shared Hit Blocks":217,"Shared Read Blocks":0,"Shared Dirtied Blocks":0,"Shared Written Blocks":0,"Local Hit Blocks":0,"Local Read Blocks":0,"Local Dirtied Blocks":0,"Local Written Blocks":0,"Temp Read Blocks":0,"Temp Written Blocks":0,"I/O Read Time":0.0,"I/O Write Time":0.0,"Temp I/O Read Time":0.0,"Temp I/O Write Time":0.0,"Plans":[{"Node Type":"Seq Scan","Parent Relationship":"Outer","Parallel Aware":false,"Async Capable":false,"Relation Name":"supplier","Schema":"public","Alias":"supplier","Startup Cost":0.0,"Total Cost":317.0,"Plan Rows":10000,"Plan Width":8,"Actual Startup Time":0.01,"Actual Total Time":1.287,"Actual Rows":10000,"Actual Loops":1,"Output":["supplier.su_suppkey","supplier.su_nationkey"],"Shared Hit Blocks":217,"Shared Read Blocks":0,"Shared Dirtied Blocks":0,"Shared Written Blocks":0,"Local Hit Blocks":0,"Local Read Blocks":0,"Local Dirtied Blocks":0,"Local Written Blocks":0,"Temp Read Blocks":0,"Temp Written Blocks":0,"I/O Read Time":0.0,"I/O Write Time":0.0,"Temp I/O Read Time":0.0,"Temp I/O Write Time":0.0}]}]}]}]}]},"Planning":{"Shared Hit Blocks":18,"Shared Read Blocks":0,"Shared Dirtied Blocks":0,"Shared Written Blocks":0,"Local Hit Blocks":0,"Local Read Blocks":0,"Local Dirtied Blocks":0,"Local Written Blocks":0,"Temp Read Blocks":0,"Temp Written Blocks":0,"I/O Read Time":0.0,"I/O Write Time":0.0,"Temp I/O Read Time":0.0,"Temp I/O Write Time":0.0},"Planning Time":4.566,"Triggers":[],"Execution Time":16668.074}]
[列存组合]: customer, order_line
[{"Plan":{"Node Type":"Sort","Parallel Aware":false,"Async Capable":false,"Startup Cost":1998058.03,"Total Cost":1998058.18,"Plan Rows":62,"Plan Width":40,"Actual Startup Time":10350.342,"Actual Total Time":10350.374,"Actual Rows":11,"Actual Loops":1,"Output":["nation.n_name","(sum(order_line.ol_amount))"],"Sort Key":["(sum(order_line.ol_amount)) DESC"],"Sort Method":"quicksort","Sort Space Used":25,"Sort Space Type":"Memory","Shared Hit Blocks":49616,"Shared Read Blocks":0,"Shared Dirtied Blocks":0,"Shared Written Blocks":0,"Local Hit Blocks":0,"Local Read Blocks":0,"Local Dirtied Blocks":0,"Local Written Blocks":0,"Temp Read Blocks":62236,"Temp Written Blocks":62263,"I/O Read Time":0.0,"I/O Write Time":0.0,"Temp I/O Read Time":103.06,"Temp I/O Write Time":256.127,"Plans":[{"Node Type":"Aggregate","Strategy":"Sorted","Partial Mode":"Simple","Parent Relationship":"Outer","Parallel Aware":false,"Async Capable":false,"Startup Cost":1997982.24,"Total Cost":1998056.18,"Plan Rows":62,"Plan Width":40,"Actual Startup Time":10347.519,"Actual Total Time":10350.357,"Actual Rows":11,"Actual Loops":1,"Output":["nation.n_name","sum(order_line.ol_amount)"],"Group Key":["nation.n_name"],"Shared Hit Blocks":49616,"Shared Read Blocks":0,"Shared Dirtied Blocks":0,"Shared Written Blocks":0,"Local Hit Blocks":0,"Local Read Blocks":0,"Local Dirtied Blocks":0,"Local Written Blocks":0,"Temp Read Blocks":62236,"Temp Written Blocks":62263,"I/O Read Time":0.0,"I/O Write Time":0.0,"Temp I/O Read Time":103.06,"Temp I/O Write Time":256.127,"Plans":[{"Node Type":"Sort","Parent Relationship":"Outer","Parallel Aware":false,"Async Capable":false,"Startup Cost":1997982.24,"Total Cost":1998006.63,"Plan Rows":9755,"Plan Width":12,"Actual Startup Time":10347.309,"Actual Total Time":10348.094,"Actual Rows":17493,"Actual Loops":1,"Output":["nation.n_name","order_line.ol_amount"],"Sort Key":["nation.n_name"],"Sort Method":"quicksort","Sort Space Used":1725,"Sort Space Type":"Memory","Shared Hit Blocks":49616,"Shared Read Blocks":0,"Shared Dirtied Blocks":0,"Shared Written Blocks":0,"Local Hit Blocks":0,"Local Read Blocks":0,"Local Dirtied Blocks":0,"Local Written Blocks":0,"Temp Read Blocks":62236,"Temp Written Blocks":62263,"I/O Read Time":0.0,"I/O Write Time":0.0,"Temp I/O Read Time":103.06,"Temp I/O Write Time":256.127,"Plans":[{"Node Type":"Hash Join","Parent Relationship":"Outer","Parallel Aware":false,"Async Capable":false,"Join Type":"Inner","Startup Cost":1673838.97,"Total Cost":1997335.88,"Plan Rows":9755,"Plan Width":12,"Actual Startup Time":8506.338,"Actual Total Time":10338.021,"Actual Rows":17493,"Actual Loops":1,"Output":["nation.n_name","order_line.ol_amount"],"Inner Unique":true,"Hash Cond":"((mod((stock.s_w_id * stock.s_i_id), 10000) = supplier.su_suppkey) AND (customer.c_nationkey = supplier.su_nationkey))","Shared Hit Blocks":49616,"Shared Read Blocks":0,"Shared Dirtied Blocks":0,"Shared Written Blocks":0,"Local Hit Blocks":0,"Local Read Blocks":0,"Local Dirtied Blocks":0,"Local Written Blocks":0,"Temp Read Blocks":62236,"Temp Written Blocks":62263,"I/O Read Time":0.0,"I/O Write Time":0.0,"Temp I/O Read Time":103.06,"Temp I/O Write Time":256.127,"Plans":[{"Node Type":"Merge Join","Parent Relationship":"Outer","Parallel Aware":false,"Async Capable":false,"Join Type":"Inner","Startup Cost":1673371.97,"Total Cost":1993553.75,"Plan Rows":602749,"Plan Width":26,"Actual Startup Time":8503.357,"Actual Total Time":10194.622,"Actual Rows":1109507,"Actual Loops":1,"Output":["customer.c_nationkey","order_line.ol_amount","stock.s_w_id","stock.s_i_id","nation.n_name","nation.n_nationkey"],"Inner Unique":true,"Merge Cond":"((customer.c_w_id = stock.s_w_id) AND (order_line.ol_i_id = stock.s_i_id))","Shared Hit Blocks":49399,"Shared Read Blocks":0,"Shared Dirtied Blocks":0,"Shared Written Blocks":0,"Local Hit Blocks":0,"Local Read Blocks":0,"Local Dirtied Blocks":0,"Local Written Blocks":0,"Temp Read Blocks":62236,"Temp Written Blocks":62263,"I/O Read Time":0.0,"I/O Write Time":0.0,"Temp I/O Read Time":103.06,"Temp I/O Write Time":256.127,"Plans":[{"Node Type":"Sort","Parent Relationship":"Outer","Parallel Aware":false,"Async Capable":false,"Startup Cost":1673371.53,"Total Cost":1674859.22,"Plan Rows":595073,"Plan Width":30,"Actual Startup Time":8503.3,"Actual Total Time":8682.953,"Actual Rows":1109507,"Actual Loops":1,"Output":["customer.c_w_id","customer.c_nationkey","orders.o_w_id","order_line.ol_amount","order_line.ol_w_id","order_line.ol_i_id","nation.n_name","nation.n_nationkey"],"Sort Key":["customer.c_w_id","order_line.ol_i_id"],"Sort Method":"external merge","Sort Space Used":47304,"Sort Space Type":"Disk","Shared Hit Blocks":22061,"Shared Read Blocks":0,"Shared Dirtied Blocks":0,"Shared Written Blocks":0,"Local Hit Blocks":0,"Local Read Blocks":0,"Local Dirtied Blocks":0,"Local Written Blocks":0,"Temp Read Blocks":62236,"Temp Written Blocks":62263,"I/O Read Time":0.0,"I/O Write Time":0.0,"Temp I/O Read Time":103.06,"Temp I/O Write Time":256.127,"Plans":[{"Node Type":"Hash Join","Parent Relationship":"Outer","Parallel Aware":false,"Async Capable":false,"Join Type":"Inner","Startup Cost":398284.32,"Total Cost":1602057.98,"Plan Rows":595073,"Plan Width":30,"Actual Startup Time":1503.411,"Actual Total Time":7113.756,"Actual Rows":1109507,"Actual Loops":1,"Output":["customer.c_w_id","customer.c_nationkey","orders.o_w_id","order_line.ol_amount","order_line.ol_w_id","order_line.ol_i_id","nation.n_name","nation.n_nationkey"],"Inner Unique":false,"Hash Cond":"(customer.c_nationkey = nation.n_nationkey)","Shared Hit Blocks":22061,"Shared Read Blocks":0,"Shared Dirtied Blocks":0,"Shared Written Blocks":0,"Local Hit Blocks":0,"Local Read Blocks":0,"Local Dirtied Blocks":0,"Local Written Blocks":0,"Temp Read Blocks":50419,"Temp Written Blocks":50419,"I/O Read Time":0.0,"I/O Write Time":0.0,"Temp I/O Read Time":84.786,"Temp I/O Write Time":224.212,"Plans":[{"Node Type":"Hash Join","Parent Relationship":"Outer","Parallel Aware":false,"Async Capable":false,"Join Type":"Inner","Startup Cost":398281.18,"Total Cost":1585138.44,"Plan Rows":2975367,"Plan Width":18,"Actual Startup Time":1496.326,"Actual Total Time":6686.224,"Actual Rows":4284922,"Actual Loops":1,"Output":["customer.c_w_id","customer.c_nationkey","orders.o_w_id","order_line.ol_amount","order_line.ol_w_id","order_line.ol_i_id"],"Inner Unique":true,"Hash Cond":"((orders.o_c_id = customer.c_id) AND (orders.o_w_id = customer.c_w_id) AND (orders.o_d_id = customer.c_d_id))","Shared Hit Blocks":22059,"Shared Read Blocks":0,"Shared Dirtied Blocks":0,"Shared Written Blocks":0,"Local Hit Blocks":0,"Local Read Blocks":0,"Local Dirtied Blocks":0,"Local Written Blocks":0,"Temp Read Blocks":50419,"Temp Written Blocks":50419,"I/O Read Time":0.0,"I/O Write Time":0.0,"Temp I/O Read Time":84.786,"Temp I/O Write Time":224.212,"Plans":[{"Node Type":"Hash Join","Parent Relationship":"Outer","Parallel Aware":false,"Async Capable":false,"Join Type":"Inner","Startup Cost":76626.59,"Total Cost":1190536.82,"Plan Rows":2975367,"Plan Width":20,"Actual Startup Time":330.586,"Actual Total Time":3365.213,"Actual Rows":4284922,"Actual Loops":1,"Output":["orders.o_c_id","orders.o_w_id","orders.o_d_id","order_line.ol_amount","order_line.ol_w_id","order_line.ol_d_id","order_line.ol_i_id"],"Inner Unique":true,"Hash Cond":"((order_line.ol_w_id = orders.o_w_id) AND (order_line.ol_d_id = orders.o_d_id) AND (order_line.ol_o_id = orders.o_id))","Shared Hit Blocks":22059,"Shared Read Blocks":0,"Shared Dirtied Blocks":0,"Shared Written Blocks":0,"Local Hit Blocks":0,"Local Read Blocks":0,"Local Dirtied Blocks":0,"Local Written Blocks":0,"Temp Read Blocks":18772,"Temp Written Blocks":18772,"I/O Read Time":0.0,"I/O Write Time":0.0,"Temp I/O Read Time":32.279,"Temp I/O Write Time":80.248,"Plans":[{"Node Type":"Append","Parent Relationship":"Outer","Parallel Aware":false,"Async Capable":false,"Startup Cost":20.0,"Total Cost":701820.0,"Plan Rows":20926367,"Plan Width":20,"Actual Startup Time":1.401,"Actual Total Time":1309.158,"Actual Rows":4311079,"Actual Loops":1,"Shared Hit Blocks":0,"Shared Read Blocks":0,"Shared Dirtied Blocks":0,"Shared Written Blocks":0,"Local Hit Blocks":0,"Local Read Blocks":0,"Local Dirtied Blocks":0,"Local Written Blocks":0,"Temp Read Blocks":0,"Temp Written Blocks":0,"I/O Read Time":0.0,"I/O Write Time":0.0,"Temp I/O Read Time":0.0,"Temp I/O Write Time":0.0,"Subplans Removed":0,"Plans":[{"Node Type":"Custom Scan","Parent Relationship":"Member","Custom Plan Provider":"columnar scan","Parallel Aware":false,"Async Capable":false,"Relation Name":"order_line","Schema":"public","Alias":"order_line","Startup Cost":20.0,"Total Cost":533641.75,"Plan Rows":20926325,"Plan Width":20,"Actual Startup Time":1.399,"Actual Total Time":995.742,"Actual Rows":4311079,"Actual Loops":1,"Output":["order_line.ol_amount","order_line.ol_o_id","order_line.ol_w_id","order_line.ol_d_id","order_line.ol_i_id"],"Filter":"(order_line.ol_delivery_d >= '1992-01-02 20:10:02.27764'::timestamp without time zone)","Rows Removed by Filter":0,"Rows Removed by Columnar Filter":25686653,"Rows Filtered by Bloom Filter":0,"Dictionary Rows Filtered by Bloom Filter":25686653,"Columnar cache search mode":"native","Shared Hit Blocks":0,"Shared Read Blocks":0,"Shared Dirtied Blocks":0,"Shared Written Blocks":0,"Local Hit Blocks":0,"Local Read Blocks":0,"Local Dirtied Blocks":0,"Local Written Blocks":0,"Temp Read Blocks":0,"Temp Written Blocks":0,"I/O Read Time":0.0,"I/O Write Time":0.0,"Temp I/O Read Time":0.0,"Temp I/O Write Time":0.0},{"Node Type":"Seq Scan","Parent Relationship":"Member","Parallel Aware":false,"Async Capable":false,"Relation Name":"order_line","Schema":"public","Alias":"order_line","Startup Cost":0.0,"Total Cost":4.75,"Plan Rows":42,"Plan Width":20,"Actual Startup Time":0.0,"Actual Total Time":0.0,"Actual Rows":0,"Actual Loops":0,"Output":["order_line.ol_amount","order_line.ol_o_id","order_line.ol_w_id","order_line.ol_d_id","order_line.ol_i_id"],"Filter":"(order_line.ol_delivery_d >= '1992-01-02 20:10:02.27764'::timestamp without time zone)","Rows Removed by Filter":0,"Shared Hit Blocks":0,"Shared Read Blocks":0,"Shared Dirtied Blocks":0,"Shared Written Blocks":0,"Local Hit Blocks":0,"Local Read Blocks":0,"Local Dirtied Blocks":0,"Local Written Blocks":0,"Temp Read Blocks":0,"Temp Written Blocks":0,"I/O Read Time":0.0,"I/O Write Time":0.0,"Temp I/O Read Time":0.0,"Temp I/O Write Time":0.0}]},{"Node Type":"Hash","Parent Relationship":"Inner","Parallel Aware":false,"Async Capable":false,"Startup Cost":67059.0,"Total Cost":67059.0,"Plan Rows":426548,"Plan Width":16,"Actual Startup Time":327.787,"Actual Total Time":327.791,"Actual Rows":428399,"Actual Loops":1,"Output":["orders.o_c_id","orders.o_w_id","orders.o_d_id","orders.o_id"],"Hash Buckets":262144,"Original Hash Buckets":262144,"Hash Batches":4,"Original Hash Batches":4,"Peak Memory Usage":7080,"Shared Hit Blocks":22059,"Shared Read Blocks":0,"Shared Dirtied Blocks":0,"Shared Written Blocks":0,"Local Hit Blocks":0,"Local Read Blocks":0,"Local Dirtied Blocks":0,"Local Written Blocks":0,"Temp Read Blocks":0,"Temp Written Blocks":1410,"I/O Read Time":0.0,"I/O Write Time":0.0,"Temp I/O Read Time":0.0,"Temp I/O Write Time":6.757,"Plans":[{"Node Type":"Seq Scan","Parent Relationship":"Outer","Parallel Aware":false,"Async Capable":false,"Relation Name":"orders","Schema":"public","Alias":"orders","Startup Cost":0.0,"Total Cost":67059.0,"Plan Rows":426548,"Plan Width":16,"Actual Startup Time":0.776,"Actual Total Time":221.462,"Actual Rows":428399,"Actual Loops":1,"Output":["orders.o_c_id","orders.o_w_id","orders.o_d_id","orders.o_id"],"Filter":"((orders.o_entry_d >= '1993-01-02 20:10:02.27764'::timestamp without time zone) AND (orders.o_entry_d < '1994-01-02 20:10:02.27764'::timestamp without time zone))","Rows Removed by Filter":2571601,"Shared Hit Blocks":22059,"Shared Read Blocks":0,"Shared Dirtied Blocks":0,"Shared Written Blocks":0,"Local Hit Blocks":0,"Local Read Blocks":0,"Local Dirtied Blocks":0,"Local Written Blocks":0,"Temp Read Blocks":0,"Temp Written Blocks":0,"I/O Read Time":0.0,"I/O Write Time":0.0,"Temp I/O Read Time":0.0,"Temp I/O Write Time":0.0}]}]},{"Node Type":"Hash","Parent Relationship":"Inner","Parallel Aware":false,"Async Capable":false,"Startup Cost":254511.16,"Total Cost":254511.16,"Plan Rows":2999739,"Plan Width":12,"Actual Startup Time":1163.906,"Actual Total Time":1163.909,"Actual Rows":3000000,"Actual Loops":1,"Output":["customer.c_id","customer.c_w_id","customer.c_d_id","customer.c_nationkey"],"Hash Buckets":262144,"Original Hash Buckets":262144,"Hash Batches":32,"Original Hash Batches":32,"Peak Memory Usage":6090,"Shared Hit Blocks":0,"Shared Read Blocks":0,"Shared Dirtied Blocks":0,"Shared Written Blocks":0,"Local Hit Blocks":0,"Local Read Blocks":0,"Local Dirtied Blocks":0,"Local Written Blocks":0,"Temp Read Blocks":0,"Temp Written Blocks":11335,"I/O Read Time":0.0,"I/O Write Time":0.0,"Temp I/O Read Time":0.0,"Temp I/O Write Time":50.711,"Plans":[{"Node Type":"Append","Parent Relationship":"Outer","Parallel Aware":false,"Async Capable":false,"Startup Cost":20.0,"Total Cost":254511.16,"Plan Rows":2999739,"Plan Width":12,"Actual Startup Time":0.016,"Actual Total Time":659.283,"Actual Rows":3000000,"Actual Loops":1,"Shared Hit Blocks":0,"Shared Read Blocks":0,"Shared Dirtied Blocks":0,"Shared Written Blocks":0,"Local Hit Blocks":0,"Local Read Blocks":0,"Local Dirtied Blocks":0,"Local Written Blocks":0,"Temp Read Blocks":0,"Temp Written Blocks":0,"I/O Read Time":0.0,"I/O Write Time":0.0,"Temp I/O Read Time":0.0,"Temp I/O Write Time":0.0,"Subplans Removed":0,"Plans":[{"Node Type":"Custom Scan","Parent Relationship":"Member","Custom Plan Provider":"columnar scan","Parallel Aware":false,"Async Capable":false,"Relation Name":"customer","Schema":"public","Alias":"customer","Startup Cost":20.0,"Total Cost":70513.87,"Plan Rows":2999738,"Plan Width":12,"Actual Startup Time":0.015,"Actual Total Time":445.774,"Actual Rows":3000000,"Actual Loops":1,"Output":["customer.c_id","customer.c_w_id","customer.c_d_id","customer.c_nationkey"],"Rows Removed by Columnar Filter":0,"Columnar cache search mode":"native","Shared Hit Blocks":0,"Shared Read Blocks":0,"Shared Dirtied Blocks":0,"Shared Written Blocks":0,"Local Hit Blocks":0,"Local Read Blocks":0,"Local Dirtied Blocks":0,"Local Written Blocks":0,"Temp Read Blocks":0,"Temp Written Blocks":0,"I/O Read Time":0.0,"I/O Write Time":0.0,"Temp I/O Read Time":0.0,"Temp I/O Write Time":0.0},{"Node Type":"Seq Scan","Parent Relationship":"Member","Parallel Aware":false,"Async Capable":false,"Relation Name":"customer","Schema":"public","Alias":"customer","Startup Cost":0.0,"Total Cost":4.01,"Plan Rows":1,"Plan Width":12,"Actual Startup Time":0.0,"Actual Total Time":0.0,"Actual Rows":0,"Actual Loops":0,"Output":["customer.c_id","customer.c_w_id","customer.c_d_id","customer.c_nationkey"],"Shared Hit Blocks":0,"Shared Read Blocks":0,"Shared Dirtied Blocks":0,"Shared Written Blocks":0,"Local Hit Blocks":0,"Local Read Blocks":0,"Local Dirtied Blocks":0,"Local Written Blocks":0,"Temp Read Blocks":0,"Temp Written Blocks":0,"I/O Read Time":0.0,"I/O Write Time":0.0,"Temp I/O Read Time":0.0,"Temp I/O Write Time":0.0}]}]}]},{"Node Type":"Hash","Parent Relationship":"Inner","Parallel Aware":false,"Async Capable":false,"Startup Cost":2.99,"Total Cost":2.99,"Plan Rows":12,"Plan Width":12,"Actual Startup Time":0.044,"Actual Total Time":0.049,"Actual Rows":22,"Actual Loops":1,"Output":["nation.n_name","nation.n_nationkey"],"Hash Buckets":1024,"Original Hash Buckets":1024,"Hash Batches":1,"Original Hash Batches":1,"Peak Memory Usage":9,"Shared Hit Blocks":2,"Shared Read Blocks":0,"Shared Dirtied Blocks":0,"Shared Written Blocks":0,"Local Hit Blocks":0,"Local Read Blocks":0,"Local Dirtied Blocks":0,"Local Written Blocks":0,"Temp Read Blocks":0,"Temp Written Blocks":0,"I/O Read Time":0.0,"I/O Write Time":0.0,"Temp I/O Read Time":0.0,"Temp I/O Write Time":0.0,"Plans":[{"Node Type":"Hash Join","Parent Relationship":"Outer","Parallel Aware":false,"Async Capable":false,"Join Type":"Inner","Startup Cost":1.07,"Total Cost":2.99,"Plan Rows":12,"Plan Width":12,"Actual Startup Time":0.027,"Actual Total Time":0.043,"Actual Rows":22,"Actual Loops":1,"Output":["nation.n_name","nation.n_nationkey"],"Inner Unique":true,"Hash Cond":"(nation.n_regionkey = region.r_regionkey)","Shared Hit Blocks":2,"Shared Read Blocks":0,"Shared Dirtied Blocks":0,"Shared Written Blocks":0,"Local Hit Blocks":0,"Local Read Blocks":0,"Local Dirtied Blocks":0,"Local Written Blocks":0,"Temp Read Blocks":0,"Temp Written Blocks":0,"I/O Read Time":0.0,"I/O Write Time":0.0,"Temp I/O Read Time":0.0,"Temp I/O Write Time":0.0,"Plans":[{"Node Type":"Seq Scan","Parent Relationship":"Outer","Parallel Aware":false,"Async Capable":false,"Relation Name":"nation","Schema":"public","Alias":"nation","Startup Cost":0.0,"Total Cost":1.62,"Plan Rows":62,"Plan Width":16,"Actual Startup Time":0.005,"Actual Total Time":0.009,"Actual Rows":62,"Actual Loops":1,"Output":["nation.n_nationkey","nation.n_name","nation.n_regionkey","nation.n_comment"],"Shared Hit Blocks":1,"Shared Read Blocks":0,"Shared Dirtied Blocks":0,"Shared Written Blocks":0,"Local Hit Blocks":0,"Local Read Blocks":0,"Local Dirtied Blocks":0,"Local Written Blocks":0,"Temp Read Blocks":0,"Temp Written Blocks":0,"I/O Read Time":0.0,"I/O Write Time":0.0,"Temp I/O Read Time":0.0,"Temp I/O Write Time":0.0},{"Node Type":"Hash","Parent Relationship":"Inner","Parallel Aware":false,"Async Capable":false,"Startup Cost":1.06,"Total Cost":1.06,"Plan Rows":1,"Plan Width":4,"Actual Startup Time":0.008,"Actual Total Time":0.009,"Actual Rows":1,"Actual Loops":1,"Output":["region.r_regionkey"],"Hash Buckets":1024,"Original Hash Buckets":1024,"Hash Batches":1,"Original Hash Batches":1,"Peak Memory Usage":9,"Shared Hit Blocks":1,"Shared Read Blocks":0,"Shared Dirtied Blocks":0,"Shared Written Blocks":0,"Local Hit Blocks":0,"Local Read Blocks":0,"Local Dirtied Blocks":0,"Local Written Blocks":0,"Temp Read Blocks":0,"Temp Written Blocks":0,"I/O Read Time":0.0,"I/O Write Time":0.0,"Temp I/O Read Time":0.0,"Temp I/O Write Time":0.0,"Plans":[{"Node Type":"Seq Scan","Parent Relationship":"Outer","Parallel Aware":false,"Async Capable":false,"Relation Name":"region","Schema":"public","Alias":"region","Startup Cost":0.0,"Total Cost":1.06,"Plan Rows":1,"Plan Width":4,"Actual Startup Time":0.006,"Actual Total Time":0.006,"Actual Rows":1,"Actual Loops":1,"Output":["region.r_regionkey"],"Filter":"((region.r_name)::text = 'Europe'::text)","Rows Removed by Filter":4,"Shared Hit Blocks":1,"Shared Read Blocks":0,"Shared Dirtied Blocks":0,"Shared Written Blocks":0,"Local Hit Blocks":0,"Local Read Blocks":0,"Local Dirtied Blocks":0,"Local Written Blocks":0,"Temp Read Blocks":0,"Temp Written Blocks":0,"I/O Read Time":0.0,"I/O Write Time":0.0,"Temp I/O Read Time":0.0,"Temp I/O Write Time":0.0}]}]}]}]}]},{"Node Type":"Index Only Scan","Parent Relationship":"Inner","Parallel Aware":false,"Async Capable":false,"Scan Direction":"Forward","Index Name":"stock_pk","Relation Name":"stock","Schema":"public","Alias":"stock","Startup Cost":0.43,"Total Cost":259690.86,"Plan Rows":10000162,"Plan Width":6,"Actual Startup Time":0.042,"Actual Total Time":706.707,"Actual Rows":9999996,"Actual Loops":1,"Output":["stock.s_w_id","stock.s_i_id"],"Heap Fetches":0,"Shared Hit Blocks":27338,"Shared Read Blocks":0,"Shared Dirtied Blocks":0,"Shared Written Blocks":0,"Local Hit Blocks":0,"Local Read Blocks":0,"Local Dirtied Blocks":0,"Local Written Blocks":0,"Temp Read Blocks":0,"Temp Written Blocks":0,"I/O Read Time":0.0,"I/O Write Time":0.0,"Temp I/O Read Time":0.0,"Temp I/O Write Time":0.0}]},{"Node Type":"Hash","Parent Relationship":"Inner","Parallel Aware":false,"Async Capable":false,"Startup Cost":317.0,"Total Cost":317.0,"Plan Rows":10000,"Plan Width":8,"Actual Startup Time":2.552,"Actual Total Time":2.553,"Actual Rows":10000,"Actual Loops":1,"Output":["supplier.su_suppkey","supplier.su_nationkey"],"Hash Buckets":16384,"Original Hash Buckets":16384,"Hash Batches":1,"Original Hash Batches":1,"Peak Memory Usage":519,"Shared Hit Blocks":217,"Shared Read Blocks":0,"Shared Dirtied Blocks":0,"Shared Written Blocks":0,"Local Hit Blocks":0,"Local Read Blocks":0,"Local Dirtied Blocks":0,"Local Written Blocks":0,"Temp Read Blocks":0,"Temp Written Blocks":0,"I/O Read Time":0.0,"I/O Write Time":0.0,"Temp I/O Read Time":0.0,"Temp I/O Write Time":0.0,"Plans":[{"Node Type":"Seq Scan","Parent Relationship":"Outer","Parallel Aware":false,"Async Capable":false,"Relation Name":"supplier","Schema":"public","Alias":"supplier","Startup Cost":0.0,"Total Cost":317.0,"Plan Rows":10000,"Plan Width":8,"Actual Startup Time":0.011,"Actual Total Time":1.264,"Actual Rows":10000,"Actual Loops":1,"Output":["supplier.su_suppkey","supplier.su_nationkey"],"Shared Hit Blocks":217,"Shared Read Blocks":0,"Shared Dirtied Blocks":0,"Shared Written Blocks":0,"Local Hit Blocks":0,"Local Read Blocks":0,"Local Dirtied Blocks":0,"Local Written Blocks":0,"Temp Read Blocks":0,"Temp Written Blocks":0,"I/O Read Time":0.0,"I/O Write Time":0.0,"Temp I/O Read Time":0.0,"Temp I/O Write Time":0.0}]}]}]}]}]},"Planning":{"Shared Hit Blocks":16,"Shared Read Blocks":0,"Shared Dirtied Blocks":0,"Shared Written Blocks":0,"Local Hit Blocks":0,"Local Read Blocks":0,"Local Dirtied Blocks":0,"Local Written Blocks":0,"Temp Read Blocks":0,"Temp Written Blocks":0,"I/O Read Time":0.0,"I/O Write Time":0.0,"Temp I/O Read Time":0.0,"Temp I/O Write Time":0.0},"Planning Time":4.933,"Triggers":[],"Execution Time":10363.197}]
[列存组合]: customer, orders
[{"Plan":{"Node Type":"Sort","Parallel Aware":false,"Async Capable":false,"Startup Cost":2010779.56,"Total Cost":2010779.72,"Plan Rows":62,"Plan Width":40,"Actual Startup Time":16469.329,"Actual Total Time":16469.354,"Actual Rows":11,"Actual Loops":1,"Output":["nation.n_name","(sum(order_line.ol_amount))"],"Sort Key":["(sum(order_line.ol_amount)) DESC"],"Sort Method":"quicksort","Sort Space Used":25,"Sort Space Type":"Memory","Shared Hit Blocks":368441,"Shared Read Blocks":0,"Shared Dirtied Blocks":0,"Shared Written Blocks":0,"Local Hit Blocks":0,"Local Read Blocks":0,"Local Dirtied Blocks":0,"Local Written Blocks":0,"Temp Read Blocks":129460,"Temp Written Blocks":129487,"I/O Read Time":0.0,"I/O Write Time":0.0,"Temp I/O Read Time":206.299,"Temp I/O Write Time":521.659,"Plans":[{"Node Type":"Aggregate","Strategy":"Sorted","Partial Mode":"Simple","Parent Relationship":"Outer","Parallel Aware":false,"Async Capable":false,"Startup Cost":2010703.78,"Total Cost":2010777.72,"Plan Rows":62,"Plan Width":40,"Actual Startup Time":16466.492,"Actual Total Time":16469.337,"Actual Rows":11,"Actual Loops":1,"Output":["nation.n_name","sum(order_line.ol_amount)"],"Group Key":["nation.n_name"],"Shared Hit Blocks":368441,"Shared Read Blocks":0,"Shared Dirtied Blocks":0,"Shared Written Blocks":0,"Local Hit Blocks":0,"Local Read Blocks":0,"Local Dirtied Blocks":0,"Local Written Blocks":0,"Temp Read Blocks":129460,"Temp Written Blocks":129487,"I/O Read Time":0.0,"I/O Write Time":0.0,"Temp I/O Read Time":206.299,"Temp I/O Write Time":521.659,"Plans":[{"Node Type":"Sort","Parent Relationship":"Outer","Parallel Aware":false,"Async Capable":false,"Startup Cost":2010703.78,"Total Cost":2010728.17,"Plan Rows":9755,"Plan Width":12,"Actual Startup Time":16466.283,"Actual Total Time":16467.071,"Actual Rows":17493,"Actual Loops":1,"Output":["nation.n_name","order_line.ol_amount"],"Sort Key":["nation.n_name"],"Sort Method":"quicksort","Sort Space Used":1725,"Sort Space Type":"Memory","Shared Hit Blocks":368441,"Shared Read Blocks":0,"Shared Dirtied Blocks":0,"Shared Written Blocks":0,"Local Hit Blocks":0,"Local Read Blocks":0,"Local Dirtied Blocks":0,"Local Written Blocks":0,"Temp Read Blocks":129460,"Temp Written Blocks":129487,"I/O Read Time":0.0,"I/O Write Time":0.0,"Temp I/O Read Time":206.299,"Temp I/O Write Time":521.659,"Plans":[{"Node Type":"Hash Join","Parent Relationship":"Outer","Parallel Aware":false,"Async Capable":false,"Join Type":"Inner","Startup Cost":1686560.5,"Total Cost":2010057.42,"Plan Rows":9755,"Plan Width":12,"Actual Startup Time":14636.342,"Actual Total Time":16457.497,"Actual Rows":17493,"Actual Loops":1,"Output":["nation.n_name","order_line.ol_amount"],"Inner Unique":true,"Hash Cond":"((mod((stock.s_w_id * stock.s_i_id), 10000) = supplier.su_suppkey) AND (customer.c_nationkey = supplier.su_nationkey))","Shared Hit Blocks":368441,"Shared Read Blocks":0,"Shared Dirtied Blocks":0,"Shared Written Blocks":0,"Local Hit Blocks":0,"Local Read Blocks":0,"Local Dirtied Blocks":0,"Local Written Blocks":0,"Temp Read Blocks":129460,"Temp Written Blocks":129487,"I/O Read Time":0.0,"I/O Write Time":0.0,"Temp I/O Read Time":206.299,"Temp I/O Write Time":521.659,"Plans":[{"Node Type":"Merge Join","Parent Relationship":"Outer","Parallel Aware":false,"Async Capable":false,"Join Type":"Inner","Startup Cost":1686093.5,"Total Cost":2006275.28,"Plan Rows":602749,"Plan Width":26,"Actual Startup Time":14633.366,"Actual Total Time":16313.782,"Actual Rows":1109507,"Actual Loops":1,"Output":["customer.c_nationkey","order_line.ol_amount","stock.s_w_id","stock.s_i_id","nation.n_name","nation.n_nationkey"],"Inner Unique":true,"Merge Cond":"((customer.c_w_id = stock.s_w_id) AND (order_line.ol_i_id = stock.s_i_id))","Shared Hit Blocks":368224,"Shared Read Blocks":0,"Shared Dirtied Blocks":0,"Shared Written Blocks":0,"Local Hit Blocks":0,"Local Read Blocks":0,"Local Dirtied Blocks":0,"Local Written Blocks":0,"Temp Read Blocks":129460,"Temp Written Blocks":129487,"I/O Read Time":0.0,"I/O Write Time":0.0,"Temp I/O Read Time":206.299,"Temp I/O Write Time":521.659,"Plans":[{"Node Type":"Sort","Parent Relationship":"Outer","Parallel Aware":false,"Async Capable":false,"Startup Cost":1686093.07,"Total Cost":1687580.75,"Plan Rows":595073,"Plan Width":30,"Actual Startup Time":14633.306,"Actual Total Time":14811.664,"Actual Rows":1109507,"Actual Loops":1,"Output":["customer.c_w_id","customer.c_nationkey","orders.o_w_id","order_line.ol_amount","order_line.ol_w_id","order_line.ol_i_id","nation.n_name","nation.n_nationkey"],"Sort Key":["customer.c_w_id","order_line.ol_i_id"],"Sort Method":"external merge","Sort Space Used":47304,"Sort Space Type":"Disk","Shared Hit Blocks":340886,"Shared Read Blocks":0,"Shared Dirtied Blocks":0,"Shared Written Blocks":0,"Local Hit Blocks":0,"Local Read Blocks":0,"Local Dirtied Blocks":0,"Local Written Blocks":0,"Temp Read Blocks":129460,"Temp Written Blocks":129487,"I/O Read Time":0.0,"I/O Write Time":0.0,"Temp I/O Read Time":206.299,"Temp I/O Write Time":521.659,"Plans":[{"Node Type":"Hash Join","Parent Relationship":"Outer","Parallel Aware":false,"Async Capable":false,"Join Type":"Inner","Startup Cost":396949.46,"Total Cost":1614779.51,"Plan Rows":595073,"Plan Width":30,"Actual Startup Time":1417.725,"Actual Total Time":13247.22,"Actual Rows":1109507,"Actual Loops":1,"Output":["customer.c_w_id","customer.c_nationkey","orders.o_w_id","order_line.ol_amount","order_line.ol_w_id","order_line.ol_i_id","nation.n_name","nation.n_nationkey"],"Inner Unique":false,"Hash Cond":"(customer.c_nationkey = nation.n_nationkey)","Shared Hit Blocks":340886,"Shared Read Blocks":0,"Shared Dirtied Blocks":0,"Shared Written Blocks":0,"Local Hit Blocks":0,"Local Read Blocks":0,"Local Dirtied Blocks":0,"Local Written Blocks":0,"Temp Read Blocks":117643,"Temp Written Blocks":117643,"I/O Read Time":0.0,"I/O Write Time":0.0,"Temp I/O Read Time":189.016,"Temp I/O Write Time":490.216,"Plans":[{"Node Type":"Hash Join","Parent Relationship":"Outer","Parallel Aware":false,"Async Capable":false,"Join Type":"Inner","Startup Cost":396946.31,"Total Cost":1597859.98,"Plan Rows":2975367,"Plan Width":18,"Actual Startup Time":1407.714,"Actual Total Time":12821.471,"Actual Rows":4284922,"Actual Loops":1,"Output":["customer.c_w_id","customer.c_nationkey","orders.o_w_id","order_line.ol_amount","order_line.ol_w_id","order_line.ol_i_id"],"Inner Unique":true,"Hash Cond":"((orders.o_c_id = customer.c_id) AND (orders.o_w_id = customer.c_w_id) AND (orders.o_d_id = customer.c_d_id))","Shared Hit Blocks":340884,"Shared Read Blocks":0,"Shared Dirtied Blocks":0,"Shared Written Blocks":0,"Local Hit Blocks":0,"Local Read Blocks":0,"Local Dirtied Blocks":0,"Local Written Blocks":0,"Temp Read Blocks":117643,"Temp Written Blocks":117643,"I/O Read Time":0.0,"I/O Write Time":0.0,"Temp I/O Read Time":189.016,"Temp I/O Write Time":490.216,"Plans":[{"Node Type":"Hash Join","Parent Relationship":"Outer","Parallel Aware":false,"Async Capable":false,"Join Type":"Inner","Startup Cost":75291.73,"Total Cost":1203258.36,"Plan Rows":2975367,"Plan Width":20,"Actual Startup Time":246.451,"Actual Total Time":9505.439,"Actual Rows":4284922,"Actual Loops":1,"Output":["orders.o_c_id","orders.o_w_id","orders.o_d_id","order_line.ol_amount","order_line.ol_w_id","order_line.ol_d_id","order_line.ol_i_id"],"Inner Unique":true,"Hash Cond":"((order_line.ol_w_id = orders.o_w_id) AND (order_line.ol_d_id = orders.o_d_id) AND (order_line.ol_o_id = orders.o_id))","Shared Hit Blocks":340884,"Shared Read Blocks":0,"Shared Dirtied Blocks":0,"Shared Written Blocks":0,"Local Hit Blocks":0,"Local Read Blocks":0,"Local Dirtied Blocks":0,"Local Written Blocks":0,"Temp Read Blocks":85996,"Temp Written Blocks":85996,"I/O Read Time":0.0,"I/O Write Time":0.0,"Temp I/O Read Time":138.709,"Temp I/O Write Time":343.716,"Plans":[{"Node Type":"Seq Scan","Parent Relationship":"Outer","Parallel Aware":false,"Async Capable":false,"Relation Name":"order_line","Schema":"public","Alias":"order_line","Startup Cost":0.0,"Total Cost":715856.4,"Plan Rows":20926367,"Plan Width":20,"Actual Startup Time":0.006,"Actual Total Time":3681.28,"Actual Rows":21002151,"Actual Loops":1,"Output":["order_line.ol_amount","order_line.ol_o_id","order_line.ol_w_id","order_line.ol_d_id","order_line.ol_i_id"],"Filter":"(order_line.ol_delivery_d >= '1992-01-02 20:10:02.27764'::timestamp without time zone)","Rows Removed by Filter":8995581,"Shared Hit Blocks":340884,"Shared Read Blocks":0,"Shared Dirtied Blocks":0,"Shared Written Blocks":0,"Local Hit Blocks":0,"Local Read Blocks":0,"Local Dirtied Blocks":0,"Local Written Blocks":0,"Temp Read Blocks":0,"Temp Written Blocks":0,"I/O Read Time":0.0,"I/O Write Time":0.0,"Temp I/O Read Time":0.0,"Temp I/O Write Time":0.0},{"Node Type":"Hash","Parent Relationship":"Inner","Parallel Aware":false,"Async Capable":false,"Startup Cost":65744.12,"Total Cost":65744.12,"Plan Rows":426549,"Plan Width":16,"Actual Startup Time":178.753,"Actual Total Time":178.76,"Actual Rows":428399,"Actual Loops":1,"Output":["orders.o_c_id","orders.o_w_id","orders.o_d_id","orders.o_id"],"Hash Buckets":262144,"Original Hash Buckets":262144,"Hash Batches":4,"Original Hash Batches":4,"Peak Memory Usage":7080,"Shared Hit Blocks":0,"Shared Read Blocks":0,"Shared Dirtied Blocks":0,"Shared Written Blocks":0,"Local Hit Blocks":0,"Local Read Blocks":0,"Local Dirtied Blocks":0,"Local Written Blocks":0,"Temp Read Blocks":0,"Temp Written Blocks":1410,"I/O Read Time":0.0,"I/O Write Time":0.0,"Temp I/O Read Time":0.0,"Temp I/O Write Time":5.851,"Plans":[{"Node Type":"Append","Parent Relationship":"Outer","Parallel Aware":false,"Async Capable":false,"Startup Cost":20.0,"Total Cost":65744.12,"Plan Rows":426549,"Plan Width":16,"Actual Startup Time":0.547,"Actual Total Time":101.731,"Actual Rows":428399,"Actual Loops":1,"Shared Hit Blocks":0,"Shared Read Blocks":0,"Shared Dirtied Blocks":0,"Shared Written Blocks":0,"Local Hit Blocks":0,"Local Read Blocks":0,"Local Dirtied Blocks":0,"Local Written Blocks":0,"Temp Read Blocks":0,"Temp Written Blocks":0,"I/O Read Time":0.0,"I/O Write Time":0.0,"Temp I/O Read Time":0.0,"Temp I/O Write Time":0.0,"Subplans Removed":0,"Plans":[{"Node Type":"Custom Scan","Parent Relationship":"Member","Custom Plan Provider":"columnar scan","Parallel Aware":false,"Async Capable":false,"Relation Name":"orders","Schema":"public","Alias":"orders","Startup Cost":20.0,"Total Cost":10043.96,"Plan Rows":426548,"Plan Width":16,"Actual Startup Time":0.545,"Actual Total Time":71.448,"Actual Rows":428399,"Actual Loops":1,"Output":["orders.o_c_id","orders.o_w_id","orders.o_d_id","orders.o_id"],"Filter":"((orders.o_entry_d < '1994-01-02 20:10:02.27764'::timestamp without time zone) AND (orders.o_entry_d >= '1993-01-02 20:10:02.27764'::timestamp without time zone))","Rows Removed by Filter":0,"Rows Removed by Columnar Filter":2571601,"Columnar cache search mode":"native","Shared Hit Blocks":0,"Shared Read Blocks":0,"Shared Dirtied Blocks":0,"Shared Written Blocks":0,"Local Hit Blocks":0,"Local Read Blocks":0,"Local Dirtied Blocks":0,"Local Written Blocks":0,"Temp Read Blocks":0,"Temp Written Blocks":0,"I/O Read Time":0.0,"I/O Write Time":0.0,"Temp I/O Read Time":0.0,"Temp I/O Write Time":0.0},{"Node Type":"Seq Scan","Parent Relationship":"Member","Parallel Aware":false,"Async Capable":false,"Relation Name":"orders","Schema":"public","Alias":"orders","Startup Cost":0.0,"Total Cost":4.01,"Plan Rows":1,"Plan Width":16,"Actual Startup Time":0.0,"Actual Total Time":0.0,"Actual Rows":0,"Actual Loops":0,"Output":["orders.o_c_id","orders.o_w_id","orders.o_d_id","orders.o_id"],"Filter":"((orders.o_entry_d < '1994-01-02 20:10:02.27764'::timestamp without time zone) AND (orders.o_entry_d >= '1993-01-02 20:10:02.27764'::timestamp without time zone))","Rows Removed by Filter":0,"Shared Hit Blocks":0,"Shared Read Blocks":0,"Shared Dirtied Blocks":0,"Shared Written Blocks":0,"Local Hit Blocks":0,"Local Read Blocks":0,"Local Dirtied Blocks":0,"Local Written Blocks":0,"Temp Read Blocks":0,"Temp Written Blocks":0,"I/O Read Time":0.0,"I/O Write Time":0.0,"Temp I/O Read Time":0.0,"Temp I/O Write Time":0.0}]}]}]},{"Node Type":"Hash","Parent Relationship":"Inner","Parallel Aware":false,"Async Capable":false,"Startup Cost":254511.16,"Total Cost":254511.16,"Plan Rows":2999739,"Plan Width":12,"Actual Startup Time":1158.784,"Actual Total Time":1158.788,"Actual Rows":3000000,"Actual Loops":1,"Output":["customer.c_id","customer.c_w_id","customer.c_d_id","customer.c_nationkey"],"Hash Buckets":262144,"Original Hash Buckets":262144,"Hash Batches":32,"Original Hash Batches":32,"Peak Memory Usage":6090,"Shared Hit Blocks":0,"Shared Read Blocks":0,"Shared Dirtied Blocks":0,"Shared Written Blocks":0,"Local Hit Blocks":0,"Local Read Blocks":0,"Local Dirtied Blocks":0,"Local Written Blocks":0,"Temp Read Blocks":0,"Temp Written Blocks":11335,"I/O Read Time":0.0,"I/O Write Time":0.0,"Temp I/O Read Time":0.0,"Temp I/O Write Time":50.684,"Plans":[{"Node Type":"Append","Parent Relationship":"Outer","Parallel Aware":false,"Async Capable":false,"Startup Cost":20.0,"Total Cost":254511.16,"Plan Rows":2999739,"Plan Width":12,"Actual Startup Time":0.016,"Actual Total Time":654.728,"Actual Rows":3000000,"Actual Loops":1,"Shared Hit Blocks":0,"Shared Read Blocks":0,"Shared Dirtied Blocks":0,"Shared Written Blocks":0,"Local Hit Blocks":0,"Local Read Blocks":0,"Local Dirtied Blocks":0,"Local Written Blocks":0,"Temp Read Blocks":0,"Temp Written Blocks":0,"I/O Read Time":0.0,"I/O Write Time":0.0,"Temp I/O Read Time":0.0,"Temp I/O Write Time":0.0,"Subplans Removed":0,"Plans":[{"Node Type":"Custom Scan","Parent Relationship":"Member","Custom Plan Provider":"columnar scan","Parallel Aware":false,"Async Capable":false,"Relation Name":"customer","Schema":"public","Alias":"customer","Startup Cost":20.0,"Total Cost":70513.87,"Plan Rows":2999738,"Plan Width":12,"Actual Startup Time":0.015,"Actual Total Time":447.358,"Actual Rows":3000000,"Actual Loops":1,"Output":["customer.c_id","customer.c_w_id","customer.c_d_id","customer.c_nationkey"],"Rows Removed by Columnar Filter":0,"Columnar cache search mode":"native","Shared Hit Blocks":0,"Shared Read Blocks":0,"Shared Dirtied Blocks":0,"Shared Written Blocks":0,"Local Hit Blocks":0,"Local Read Blocks":0,"Local Dirtied Blocks":0,"Local Written Blocks":0,"Temp Read Blocks":0,"Temp Written Blocks":0,"I/O Read Time":0.0,"I/O Write Time":0.0,"Temp I/O Read Time":0.0,"Temp I/O Write Time":0.0},{"Node Type":"Seq Scan","Parent Relationship":"Member","Parallel Aware":false,"Async Capable":false,"Relation Name":"customer","Schema":"public","Alias":"customer","Startup Cost":0.0,"Total Cost":4.01,"Plan Rows":1,"Plan Width":12,"Actual Startup Time":0.0,"Actual Total Time":0.0,"Actual Rows":0,"Actual Loops":0,"Output":["customer.c_id","customer.c_w_id","customer.c_d_id","customer.c_nationkey"],"Shared Hit Blocks":0,"Shared Read Blocks":0,"Shared Dirtied Blocks":0,"Shared Written Blocks":0,"Local Hit Blocks":0,"Local Read Blocks":0,"Local Dirtied Blocks":0,"Local Written Blocks":0,"Temp Read Blocks":0,"Temp Written Blocks":0,"I/O Read Time":0.0,"I/O Write Time":0.0,"Temp I/O Read Time":0.0,"Temp I/O Write Time":0.0}]}]}]},{"Node Type":"Hash","Parent Relationship":"Inner","Parallel Aware":false,"Async Capable":false,"Startup Cost":2.99,"Total Cost":2.99,"Plan Rows":12,"Plan Width":12,"Actual Startup Time":0.041,"Actual Total Time":0.046,"Actual Rows":22,"Actual Loops":1,"Output":["nation.n_name","nation.n_nationkey"],"Hash Buckets":1024,"Original Hash Buckets":1024,"Hash Batches":1,"Original Hash Batches":1,"Peak Memory Usage":9,"Shared Hit Blocks":2,"Shared Read Blocks":0,"Shared Dirtied Blocks":0,"Shared Written Blocks":0,"Local Hit Blocks":0,"Local Read Blocks":0,"Local Dirtied Blocks":0,"Local Written Blocks":0,"Temp Read Blocks":0,"Temp Written Blocks":0,"I/O Read Time":0.0,"I/O Write Time":0.0,"Temp I/O Read Time":0.0,"Temp I/O Write Time":0.0,"Plans":[{"Node Type":"Hash Join","Parent Relationship":"Outer","Parallel Aware":false,"Async Capable":false,"Join Type":"Inner","Startup Cost":1.07,"Total Cost":2.99,"Plan Rows":12,"Plan Width":12,"Actual Startup Time":0.025,"Actual Total Time":0.04,"Actual Rows":22,"Actual Loops":1,"Output":["nation.n_name","nation.n_nationkey"],"Inner Unique":true,"Hash Cond":"(nation.n_regionkey = region.r_regionkey)","Shared Hit Blocks":2,"Shared Read Blocks":0,"Shared Dirtied Blocks":0,"Shared Written Blocks":0,"Local Hit Blocks":0,"Local Read Blocks":0,"Local Dirtied Blocks":0,"Local Written Blocks":0,"Temp Read Blocks":0,"Temp Written Blocks":0,"I/O Read Time":0.0,"I/O Write Time":0.0,"Temp I/O Read Time":0.0,"Temp I/O Write Time":0.0,"Plans":[{"Node Type":"Seq Scan","Parent Relationship":"Outer","Parallel Aware":false,"Async Capable":false,"Relation Name":"nation","Schema":"public","Alias":"nation","Startup Cost":0.0,"Total Cost":1.62,"Plan Rows":62,"Plan Width":16,"Actual Startup Time":0.006,"Actual Total Time":0.009,"Actual Rows":62,"Actual Loops":1,"Output":["nation.n_nationkey","nation.n_name","nation.n_regionkey","nation.n_comment"],"Shared Hit Blocks":1,"Shared Read Blocks":0,"Shared Dirtied Blocks":0,"Shared Written Blocks":0,"Local Hit Blocks":0,"Local Read Blocks":0,"Local Dirtied Blocks":0,"Local Written Blocks":0,"Temp Read Blocks":0,"Temp Written Blocks":0,"I/O Read Time":0.0,"I/O Write Time":0.0,"Temp I/O Read Time":0.0,"Temp I/O Write Time":0.0},{"Node Type":"Hash","Parent Relationship":"Inner","Parallel Aware":false,"Async Capable":false,"Startup Cost":1.06,"Total Cost":1.06,"Plan Rows":1,"Plan Width":4,"Actual Startup Time":0.008,"Actual Total Time":0.01,"Actual Rows":1,"Actual Loops":1,"Output":["region.r_regionkey"],"Hash Buckets":1024,"Original Hash Buckets":1024,"Hash Batches":1,"Original Hash Batches":1,"Peak Memory Usage":9,"Shared Hit Blocks":1,"Shared Read Blocks":0,"Shared Dirtied Blocks":0,"Shared Written Blocks":0,"Local Hit Blocks":0,"Local Read Blocks":0,"Local Dirtied Blocks":0,"Local Written Blocks":0,"Temp Read Blocks":0,"Temp Written Blocks":0,"I/O Read Time":0.0,"I/O Write Time":0.0,"Temp I/O Read Time":0.0,"Temp I/O Write Time":0.0,"Plans":[{"Node Type":"Seq Scan","Parent Relationship":"Outer","Parallel Aware":false,"Async Capable":false,"Relation Name":"region","Schema":"public","Alias":"region","Startup Cost":0.0,"Total Cost":1.06,"Plan Rows":1,"Plan Width":4,"Actual Startup Time":0.006,"Actual Total Time":0.007,"Actual Rows":1,"Actual Loops":1,"Output":["region.r_regionkey"],"Filter":"((region.r_name)::text = 'Europe'::text)","Rows Removed by Filter":4,"Shared Hit Blocks":1,"Shared Read Blocks":0,"Shared Dirtied Blocks":0,"Shared Written Blocks":0,"Local Hit Blocks":0,"Local Read Blocks":0,"Local Dirtied Blocks":0,"Local Written Blocks":0,"Temp Read Blocks":0,"Temp Written Blocks":0,"I/O Read Time":0.0,"I/O Write Time":0.0,"Temp I/O Read Time":0.0,"Temp I/O Write Time":0.0}]}]}]}]}]},{"Node Type":"Index Only Scan","Parent Relationship":"Inner","Parallel Aware":false,"Async Capable":false,"Scan Direction":"Forward","Index Name":"stock_pk","Relation Name":"stock","Schema":"public","Alias":"stock","Startup Cost":0.43,"Total Cost":259690.86,"Plan Rows":10000162,"Plan Width":6,"Actual Startup Time":0.046,"Actual Total Time":704.558,"Actual Rows":9999996,"Actual Loops":1,"Output":["stock.s_w_id","stock.s_i_id"],"Heap Fetches":0,"Shared Hit Blocks":27338,"Shared Read Blocks":0,"Shared Dirtied Blocks":0,"Shared Written Blocks":0,"Local Hit Blocks":0,"Local Read Blocks":0,"Local Dirtied Blocks":0,"Local Written Blocks":0,"Temp Read Blocks":0,"Temp Written Blocks":0,"I/O Read Time":0.0,"I/O Write Time":0.0,"Temp I/O Read Time":0.0,"Temp I/O Write Time":0.0}]},{"Node Type":"Hash","Parent Relationship":"Inner","Parallel Aware":false,"Async Capable":false,"Startup Cost":317.0,"Total Cost":317.0,"Plan Rows":10000,"Plan Width":8,"Actual Startup Time":2.549,"Actual Total Time":2.549,"Actual Rows":10000,"Actual Loops":1,"Output":["supplier.su_suppkey","supplier.su_nationkey"],"Hash Buckets":16384,"Original Hash Buckets":16384,"Hash Batches":1,"Original Hash Batches":1,"Peak Memory Usage":519,"Shared Hit Blocks":217,"Shared Read Blocks":0,"Shared Dirtied Blocks":0,"Shared Written Blocks":0,"Local Hit Blocks":0,"Local Read Blocks":0,"Local Dirtied Blocks":0,"Local Written Blocks":0,"Temp Read Blocks":0,"Temp Written Blocks":0,"I/O Read Time":0.0,"I/O Write Time":0.0,"Temp I/O Read Time":0.0,"Temp I/O Write Time":0.0,"Plans":[{"Node Type":"Seq Scan","Parent Relationship":"Outer","Parallel Aware":false,"Async Capable":false,"Relation Name":"supplier","Schema":"public","Alias":"supplier","Startup Cost":0.0,"Total Cost":317.0,"Plan Rows":10000,"Plan Width":8,"Actual Startup Time":0.011,"Actual Total Time":1.259,"Actual Rows":10000,"Actual Loops":1,"Output":["supplier.su_suppkey","supplier.su_nationkey"],"Shared Hit Blocks":217,"Shared Read Blocks":0,"Shared Dirtied Blocks":0,"Shared Written Blocks":0,"Local Hit Blocks":0,"Local Read Blocks":0,"Local Dirtied Blocks":0,"Local Written Blocks":0,"Temp Read Blocks":0,"Temp Written Blocks":0,"I/O Read Time":0.0,"I/O Write Time":0.0,"Temp I/O Read Time":0.0,"Temp I/O Write Time":0.0}]}]}]}]}]},"Planning":{"Shared Hit Blocks":16,"Shared Read Blocks":0,"Shared Dirtied Blocks":0,"Shared Written Blocks":0,"Local Hit Blocks":0,"Local Read Blocks":0,"Local Dirtied Blocks":0,"Local Written Blocks":0,"Temp Read Blocks":0,"Temp Written Blocks":0,"I/O Read Time":0.0,"I/O Write Time":0.0,"Temp I/O Read Time":0.0,"Temp I/O Write Time":0.0},"Planning Time":4.73,"Triggers":[],"Execution Time":16481.716}]
[列存组合]: customer, region
[{"Plan":{"Node Type":"Sort","Parallel Aware":false,"Async Capable":false,"Startup Cost":2012094.43,"Total Cost":2012094.58,"Plan Rows":62,"Plan Width":40,"Actual Startup Time":16708.839,"Actual Total Time":16708.869,"Actual Rows":11,"Actual Loops":1,"Output":["nation.n_name","(sum(order_line.ol_amount))"],"Sort Key":["(sum(order_line.ol_amount)) DESC"],"Sort Method":"quicksort","Sort Space Used":25,"Sort Space Type":"Memory","Shared Hit Blocks":390500,"Shared Read Blocks":0,"Shared Dirtied Blocks":0,"Shared Written Blocks":0,"Local Hit Blocks":0,"Local Read Blocks":0,"Local Dirtied Blocks":0,"Local Written Blocks":0,"Temp Read Blocks":129460,"Temp Written Blocks":129487,"I/O Read Time":0.0,"I/O Write Time":0.0,"Temp I/O Read Time":208.556,"Temp I/O Write Time":517.533,"Plans":[{"Node Type":"Aggregate","Strategy":"Sorted","Partial Mode":"Simple","Parent Relationship":"Outer","Parallel Aware":false,"Async Capable":false,"Startup Cost":2012018.64,"Total Cost":2012092.58,"Plan Rows":62,"Plan Width":40,"Actual Startup Time":16705.956,"Actual Total Time":16708.852,"Actual Rows":11,"Actual Loops":1,"Output":["nation.n_name","sum(order_line.ol_amount)"],"Group Key":["nation.n_name"],"Shared Hit Blocks":390500,"Shared Read Blocks":0,"Shared Dirtied Blocks":0,"Shared Written Blocks":0,"Local Hit Blocks":0,"Local Read Blocks":0,"Local Dirtied Blocks":0,"Local Written Blocks":0,"Temp Read Blocks":129460,"Temp Written Blocks":129487,"I/O Read Time":0.0,"I/O Write Time":0.0,"Temp I/O Read Time":208.556,"Temp I/O Write Time":517.533,"Plans":[{"Node Type":"Sort","Parent Relationship":"Outer","Parallel Aware":false,"Async Capable":false,"Startup Cost":2012018.64,"Total Cost":2012043.03,"Plan Rows":9755,"Plan Width":12,"Actual Startup Time":16705.742,"Actual Total Time":16706.555,"Actual Rows":17493,"Actual Loops":1,"Output":["nation.n_name","order_line.ol_amount"],"Sort Key":["nation.n_name"],"Sort Method":"quicksort","Sort Space Used":1725,"Sort Space Type":"Memory","Shared Hit Blocks":390500,"Shared Read Blocks":0,"Shared Dirtied Blocks":0,"Shared Written Blocks":0,"Local Hit Blocks":0,"Local Read Blocks":0,"Local Dirtied Blocks":0,"Local Written Blocks":0,"Temp Read Blocks":129460,"Temp Written Blocks":129487,"I/O Read Time":0.0,"I/O Write Time":0.0,"Temp I/O Read Time":208.556,"Temp I/O Write Time":517.533,"Plans":[{"Node Type":"Hash Join","Parent Relationship":"Outer","Parallel Aware":false,"Async Capable":false,"Join Type":"Inner","Startup Cost":1687875.37,"Total Cost":2011372.28,"Plan Rows":9755,"Plan Width":12,"Actual Startup Time":14812.973,"Actual Total Time":16696.532,"Actual Rows":17493,"Actual Loops":1,"Output":["nation.n_name","order_line.ol_amount"],"Inner Unique":true,"Hash Cond":"((mod((stock.s_w_id * stock.s_i_id), 10000) = supplier.su_suppkey) AND (customer.c_nationkey = supplier.su_nationkey))","Shared Hit Blocks":390500,"Shared Read Blocks":0,"Shared Dirtied Blocks":0,"Shared Written Blocks":0,"Local Hit Blocks":0,"Local Read Blocks":0,"Local Dirtied Blocks":0,"Local Written Blocks":0,"Temp Read Blocks":129460,"Temp Written Blocks":129487,"I/O Read Time":0.0,"I/O Write Time":0.0,"Temp I/O Read Time":208.556,"Temp I/O Write Time":517.533,"Plans":[{"Node Type":"Merge Join","Parent Relationship":"Outer","Parallel Aware":false,"Async Capable":false,"Join Type":"Inner","Startup Cost":1687408.37,"Total Cost":2007590.15,"Plan Rows":602749,"Plan Width":26,"Actual Startup Time":14809.627,"Actual Total Time":16551.55,"Actual Rows":1109507,"Actual Loops":1,"Output":["customer.c_nationkey","order_line.ol_amount","stock.s_w_id","stock.s_i_id","nation.n_name","nation.n_nationkey"],"Inner Unique":true,"Merge Cond":"((customer.c_w_id = stock.s_w_id) AND (order_line.ol_i_id = stock.s_i_id))","Shared Hit Blocks":390283,"Shared Read Blocks":0,"Shared Dirtied Blocks":0,"Shared Written Blocks":0,"Local Hit Blocks":0,"Local Read Blocks":0,"Local Dirtied Blocks":0,"Local Written Blocks":0,"Temp Read Blocks":129460,"Temp Written Blocks":129487,"I/O Read Time":0.0,"I/O Write Time":0.0,"Temp I/O Read Time":208.556,"Temp I/O Write Time":517.533,"Plans":[{"Node Type":"Sort","Parent Relationship":"Outer","Parallel Aware":false,"Async Capable":false,"Startup Cost":1687407.93,"Total Cost":1688895.62,"Plan Rows":595073,"Plan Width":30,"Actual Startup Time":14809.568,"Actual Total Time":14989.386,"Actual Rows":1109507,"Actual Loops":1,"Output":["customer.c_w_id","customer.c_nationkey","orders.o_w_id","order_line.ol_amount","order_line.ol_w_id","order_line.ol_i_id","nation.n_name","nation.n_nationkey"],"Sort Key":["customer.c_w_id","order_line.ol_i_id"],"Sort Method":"external merge","Sort Space Used":47304,"Sort Space Type":"Disk","Shared Hit Blocks":362945,"Shared Read Blocks":0,"Shared Dirtied Blocks":0,"Shared Written Blocks":0,"Local Hit Blocks":0,"Local Read Blocks":0,"Local Dirtied Blocks":0,"Local Written Blocks":0,"Temp Read Blocks":129460,"Temp Written Blocks":129487,"I/O Read Time":0.0,"I/O Write Time":0.0,"Temp I/O Read Time":208.556,"Temp I/O Write Time":517.533,"Plans":[{"Node Type":"Hash Join","Parent Relationship":"Outer","Parallel Aware":false,"Async Capable":false,"Join Type":"Inner","Startup Cost":398264.32,"Total Cost":1616094.38,"Plan Rows":595073,"Plan Width":30,"Actual Startup Time":1553.863,"Actual Total Time":13424.553,"Actual Rows":1109507,"Actual Loops":1,"Output":["customer.c_w_id","customer.c_nationkey","orders.o_w_id","order_line.ol_amount","order_line.ol_w_id","order_line.ol_i_id","nation.n_name","nation.n_nationkey"],"Inner Unique":false,"Hash Cond":"(customer.c_nationkey = nation.n_nationkey)","Shared Hit Blocks":362945,"Shared Read Blocks":0,"Shared Dirtied Blocks":0,"Shared Written Blocks":0,"Local Hit Blocks":0,"Local Read Blocks":0,"Local Dirtied Blocks":0,"Local Written Blocks":0,"Temp Read Blocks":117643,"Temp Written Blocks":117643,"I/O Read Time":0.0,"I/O Write Time":0.0,"Temp I/O Read Time":190.31,"Temp I/O Write Time":485.813,"Plans":[{"Node Type":"Hash Join","Parent Relationship":"Outer","Parallel Aware":false,"Async Capable":false,"Join Type":"Inner","Startup Cost":398261.18,"Total Cost":1599174.84,"Plan Rows":2975367,"Plan Width":18,"Actual Startup Time":1544.28,"Actual Total Time":12992.106,"Actual Rows":4284922,"Actual Loops":1,"Output":["customer.c_w_id","customer.c_nationkey","orders.o_w_id","order_line.ol_amount","order_line.ol_w_id","order_line.ol_i_id"],"Inner Unique":true,"Hash Cond":"((orders.o_c_id = customer.c_id) AND (orders.o_w_id = customer.c_w_id) AND (orders.o_d_id = customer.c_d_id))","Shared Hit Blocks":362943,"Shared Read Blocks":0,"Shared Dirtied Blocks":0,"Shared Written Blocks":0,"Local Hit Blocks":0,"Local Read Blocks":0,"Local Dirtied Blocks":0,"Local Written Blocks":0,"Temp Read Blocks":117643,"Temp Written Blocks":117643,"I/O Read Time":0.0,"I/O Write Time":0.0,"Temp I/O Read Time":190.31,"Temp I/O Write Time":485.813,"Plans":[{"Node Type":"Hash Join","Parent Relationship":"Outer","Parallel Aware":false,"Async Capable":false,"Join Type":"Inner","Startup Cost":76606.59,"Total Cost":1204573.22,"Plan Rows":2975367,"Plan Width":20,"Actual Startup Time":375.885,"Actual Total Time":9678.597,"Actual Rows":4284922,"Actual Loops":1,"Output":["orders.o_c_id","orders.o_w_id","orders.o_d_id","order_line.ol_amount","order_line.ol_w_id","order_line.ol_d_id","order_line.ol_i_id"],"Inner Unique":true,"Hash Cond":"((order_line.ol_w_id = orders.o_w_id) AND (order_line.ol_d_id = orders.o_d_id) AND (order_line.ol_o_id = orders.o_id))","Shared Hit Blocks":362943,"Shared Read Blocks":0,"Shared Dirtied Blocks":0,"Shared Written Blocks":0,"Local Hit Blocks":0,"Local Read Blocks":0,"Local Dirtied Blocks":0,"Local Written Blocks":0,"Temp Read Blocks":85996,"Temp Written Blocks":85996,"I/O Read Time":0.0,"I/O Write Time":0.0,"Temp I/O Read Time":138.807,"Temp I/O Write Time":341.872,"Plans":[{"Node Type":"Seq Scan","Parent Relationship":"Outer","Parallel Aware":false,"Async Capable":false,"Relation Name":"order_line","Schema":"public","Alias":"order_line","Startup Cost":0.0,"Total Cost":715856.4,"Plan Rows":20926367,"Plan Width":20,"Actual Startup Time":0.006,"Actual Total Time":3678.704,"Actual Rows":21002151,"Actual Loops":1,"Output":["order_line.ol_amount","order_line.ol_o_id","order_line.ol_w_id","order_line.ol_d_id","order_line.ol_i_id"],"Filter":"(order_line.ol_delivery_d >= '1992-01-02 20:10:02.27764'::timestamp without time zone)","Rows Removed by Filter":8995581,"Shared Hit Blocks":340884,"Shared Read Blocks":0,"Shared Dirtied Blocks":0,"Shared Written Blocks":0,"Local Hit Blocks":0,"Local Read Blocks":0,"Local Dirtied Blocks":0,"Local Written Blocks":0,"Temp Read Blocks":0,"Temp Written Blocks":0,"I/O Read Time":0.0,"I/O Write Time":0.0,"Temp I/O Read Time":0.0,"Temp I/O Write Time":0.0},{"Node Type":"Hash","Parent Relationship":"Inner","Parallel Aware":false,"Async Capable":false,"Startup Cost":67059.0,"Total Cost":67059.0,"Plan Rows":426548,"Plan Width":16,"Actual Startup Time":308.045,"Actual Total Time":308.05,"Actual Rows":428399,"Actual Loops":1,"Output":["orders.o_c_id","orders.o_w_id","orders.o_d_id","orders.o_id"],"Hash Buckets":262144,"Original Hash Buckets":262144,"Hash Batches":4,"Original Hash Batches":4,"Peak Memory Usage":7080,"Shared Hit Blocks":22059,"Shared Read Blocks":0,"Shared Dirtied Blocks":0,"Shared Written Blocks":0,"Local Hit Blocks":0,"Local Read Blocks":0,"Local Dirtied Blocks":0,"Local Written Blocks":0,"Temp Read Blocks":0,"Temp Written Blocks":1410,"I/O Read Time":0.0,"I/O Write Time":0.0,"Temp I/O Read Time":0.0,"Temp I/O Write Time":6.338,"Plans":[{"Node Type":"Seq Scan","Parent Relationship":"Outer","Parallel Aware":false,"Async Capable":false,"Relation Name":"orders","Schema":"public","Alias":"orders","Startup Cost":0.0,"Total Cost":67059.0,"Plan Rows":426548,"Plan Width":16,"Actual Startup Time":1.034,"Actual Total Time":231.794,"Actual Rows":428399,"Actual Loops":1,"Output":["orders.o_c_id","orders.o_w_id","orders.o_d_id","orders.o_id"],"Filter":"((orders.o_entry_d >= '1993-01-02 20:10:02.27764'::timestamp without time zone) AND (orders.o_entry_d < '1994-01-02 20:10:02.27764'::timestamp without time zone))","Rows Removed by Filter":2571601,"Shared Hit Blocks":22059,"Shared Read Blocks":0,"Shared Dirtied Blocks":0,"Shared Written Blocks":0,"Local Hit Blocks":0,"Local Read Blocks":0,"Local Dirtied Blocks":0,"Local Written Blocks":0,"Temp Read Blocks":0,"Temp Written Blocks":0,"I/O Read Time":0.0,"I/O Write Time":0.0,"Temp I/O Read Time":0.0,"Temp I/O Write Time":0.0}]}]},{"Node Type":"Hash","Parent Relationship":"Inner","Parallel Aware":false,"Async Capable":false,"Startup Cost":254511.16,"Total Cost":254511.16,"Plan Rows":2999739,"Plan Width":12,"Actual Startup Time":1166.042,"Actual Total Time":1166.05,"Actual Rows":3000000,"Actual Loops":1,"Output":["customer.c_id","customer.c_w_id","customer.c_d_id","customer.c_nationkey"],"Hash Buckets":262144,"Original Hash Buckets":262144,"Hash Batches":32,"Original Hash Batches":32,"Peak Memory Usage":6090,"Shared Hit Blocks":0,"Shared Read Blocks":0,"Shared Dirtied Blocks":0,"Shared Written Blocks":0,"Local Hit Blocks":0,"Local Read Blocks":0,"Local Dirtied Blocks":0,"Local Written Blocks":0,"Temp Read Blocks":0,"Temp Written Blocks":11335,"I/O Read Time":0.0,"I/O Write Time":0.0,"Temp I/O Read Time":0.0,"Temp I/O Write Time":48.43,"Plans":[{"Node Type":"Append","Parent Relationship":"Outer","Parallel Aware":false,"Async Capable":false,"Startup Cost":20.0,"Total Cost":254511.16,"Plan Rows":2999739,"Plan Width":12,"Actual Startup Time":0.031,"Actual Total Time":664.405,"Actual Rows":3000000,"Actual Loops":1,"Shared Hit Blocks":0,"Shared Read Blocks":0,"Shared Dirtied Blocks":0,"Shared Written Blocks":0,"Local Hit Blocks":0,"Local Read Blocks":0,"Local Dirtied Blocks":0,"Local Written Blocks":0,"Temp Read Blocks":0,"Temp Written Blocks":0,"I/O Read Time":0.0,"I/O Write Time":0.0,"Temp I/O Read Time":0.0,"Temp I/O Write Time":0.0,"Subplans Removed":0,"Plans":[{"Node Type":"Custom Scan","Parent Relationship":"Member","Custom Plan Provider":"columnar scan","Parallel Aware":false,"Async Capable":false,"Relation Name":"customer","Schema":"public","Alias":"customer","Startup Cost":20.0,"Total Cost":70513.87,"Plan Rows":2999738,"Plan Width":12,"Actual Startup Time":0.03,"Actual Total Time":454.205,"Actual Rows":3000000,"Actual Loops":1,"Output":["customer.c_id","customer.c_w_id","customer.c_d_id","customer.c_nationkey"],"Rows Removed by Columnar Filter":0,"Columnar cache search mode":"native","Shared Hit Blocks":0,"Shared Read Blocks":0,"Shared Dirtied Blocks":0,"Shared Written Blocks":0,"Local Hit Blocks":0,"Local Read Blocks":0,"Local Dirtied Blocks":0,"Local Written Blocks":0,"Temp Read Blocks":0,"Temp Written Blocks":0,"I/O Read Time":0.0,"I/O Write Time":0.0,"Temp I/O Read Time":0.0,"Temp I/O Write Time":0.0},{"Node Type":"Seq Scan","Parent Relationship":"Member","Parallel Aware":false,"Async Capable":false,"Relation Name":"customer","Schema":"public","Alias":"customer","Startup Cost":0.0,"Total Cost":4.01,"Plan Rows":1,"Plan Width":12,"Actual Startup Time":0.0,"Actual Total Time":0.0,"Actual Rows":0,"Actual Loops":0,"Output":["customer.c_id","customer.c_w_id","customer.c_d_id","customer.c_nationkey"],"Shared Hit Blocks":0,"Shared Read Blocks":0,"Shared Dirtied Blocks":0,"Shared Written Blocks":0,"Local Hit Blocks":0,"Local Read Blocks":0,"Local Dirtied Blocks":0,"Local Written Blocks":0,"Temp Read Blocks":0,"Temp Written Blocks":0,"I/O Read Time":0.0,"I/O Write Time":0.0,"Temp I/O Read Time":0.0,"Temp I/O Write Time":0.0}]}]}]},{"Node Type":"Hash","Parent Relationship":"Inner","Parallel Aware":false,"Async Capable":false,"Startup Cost":2.99,"Total Cost":2.99,"Plan Rows":12,"Plan Width":12,"Actual Startup Time":0.043,"Actual Total Time":0.047,"Actual Rows":22,"Actual Loops":1,"Output":["nation.n_name","nation.n_nationkey"],"Hash Buckets":1024,"Original Hash Buckets":1024,"Hash Batches":1,"Original Hash Batches":1,"Peak Memory Usage":9,"Shared Hit Blocks":2,"Shared Read Blocks":0,"Shared Dirtied Blocks":0,"Shared Written Blocks":0,"Local Hit Blocks":0,"Local Read Blocks":0,"Local Dirtied Blocks":0,"Local Written Blocks":0,"Temp Read Blocks":0,"Temp Written Blocks":0,"I/O Read Time":0.0,"I/O Write Time":0.0,"Temp I/O Read Time":0.0,"Temp I/O Write Time":0.0,"Plans":[{"Node Type":"Hash Join","Parent Relationship":"Outer","Parallel Aware":false,"Async Capable":false,"Join Type":"Inner","Startup Cost":1.07,"Total Cost":2.99,"Plan Rows":12,"Plan Width":12,"Actual Startup Time":0.025,"Actual Total Time":0.041,"Actual Rows":22,"Actual Loops":1,"Output":["nation.n_name","nation.n_nationkey"],"Inner Unique":true,"Hash Cond":"(nation.n_regionkey = region.r_regionkey)","Shared Hit Blocks":2,"Shared Read Blocks":0,"Shared Dirtied Blocks":0,"Shared Written Blocks":0,"Local Hit Blocks":0,"Local Read Blocks":0,"Local Dirtied Blocks":0,"Local Written Blocks":0,"Temp Read Blocks":0,"Temp Written Blocks":0,"I/O Read Time":0.0,"I/O Write Time":0.0,"Temp I/O Read Time":0.0,"Temp I/O Write Time":0.0,"Plans":[{"Node Type":"Seq Scan","Parent Relationship":"Outer","Parallel Aware":false,"Async Capable":false,"Relation Name":"nation","Schema":"public","Alias":"nation","Startup Cost":0.0,"Total Cost":1.62,"Plan Rows":62,"Plan Width":16,"Actual Startup Time":0.005,"Actual Total Time":0.009,"Actual Rows":62,"Actual Loops":1,"Output":["nation.n_nationkey","nation.n_name","nation.n_regionkey","nation.n_comment"],"Shared Hit Blocks":1,"Shared Read Blocks":0,"Shared Dirtied Blocks":0,"Shared Written Blocks":0,"Local Hit Blocks":0,"Local Read Blocks":0,"Local Dirtied Blocks":0,"Local Written Blocks":0,"Temp Read Blocks":0,"Temp Written Blocks":0,"I/O Read Time":0.0,"I/O Write Time":0.0,"Temp I/O Read Time":0.0,"Temp I/O Write Time":0.0},{"Node Type":"Hash","Parent Relationship":"Inner","Parallel Aware":false,"Async Capable":false,"Startup Cost":1.06,"Total Cost":1.06,"Plan Rows":1,"Plan Width":4,"Actual Startup Time":0.007,"Actual Total Time":0.008,"Actual Rows":1,"Actual Loops":1,"Output":["region.r_regionkey"],"Hash Buckets":1024,"Original Hash Buckets":1024,"Hash Batches":1,"Original Hash Batches":1,"Peak Memory Usage":9,"Shared Hit Blocks":1,"Shared Read Blocks":0,"Shared Dirtied Blocks":0,"Shared Written Blocks":0,"Local Hit Blocks":0,"Local Read Blocks":0,"Local Dirtied Blocks":0,"Local Written Blocks":0,"Temp Read Blocks":0,"Temp Written Blocks":0,"I/O Read Time":0.0,"I/O Write Time":0.0,"Temp I/O Read Time":0.0,"Temp I/O Write Time":0.0,"Plans":[{"Node Type":"Seq Scan","Parent Relationship":"Outer","Parallel Aware":false,"Async Capable":false,"Relation Name":"region","Schema":"public","Alias":"region","Startup Cost":0.0,"Total Cost":1.06,"Plan Rows":1,"Plan Width":4,"Actual Startup Time":0.006,"Actual Total Time":0.006,"Actual Rows":1,"Actual Loops":1,"Output":["region.r_regionkey"],"Filter":"((region.r_name)::text = 'Europe'::text)","Rows Removed by Filter":4,"Shared Hit Blocks":1,"Shared Read Blocks":0,"Shared Dirtied Blocks":0,"Shared Written Blocks":0,"Local Hit Blocks":0,"Local Read Blocks":0,"Local Dirtied Blocks":0,"Local Written Blocks":0,"Temp Read Blocks":0,"Temp Written Blocks":0,"I/O Read Time":0.0,"I/O Write Time":0.0,"Temp I/O Read Time":0.0,"Temp I/O Write Time":0.0}]}]}]}]}]},{"Node Type":"Index Only Scan","Parent Relationship":"Inner","Parallel Aware":false,"Async Capable":false,"Scan Direction":"Forward","Index Name":"stock_pk","Relation Name":"stock","Schema":"public","Alias":"stock","Startup Cost":0.43,"Total Cost":259690.86,"Plan Rows":10000162,"Plan Width":6,"Actual Startup Time":0.046,"Actual Total Time":746.885,"Actual Rows":9999996,"Actual Loops":1,"Output":["stock.s_w_id","stock.s_i_id"],"Heap Fetches":0,"Shared Hit Blocks":27338,"Shared Read Blocks":0,"Shared Dirtied Blocks":0,"Shared Written Blocks":0,"Local Hit Blocks":0,"Local Read Blocks":0,"Local Dirtied Blocks":0,"Local Written Blocks":0,"Temp Read Blocks":0,"Temp Written Blocks":0,"I/O Read Time":0.0,"I/O Write Time":0.0,"Temp I/O Read Time":0.0,"Temp I/O Write Time":0.0}]},{"Node Type":"Hash","Parent Relationship":"Inner","Parallel Aware":false,"Async Capable":false,"Startup Cost":317.0,"Total Cost":317.0,"Plan Rows":10000,"Plan Width":8,"Actual Startup Time":2.911,"Actual Total Time":2.912,"Actual Rows":10000,"Actual Loops":1,"Output":["supplier.su_suppkey","supplier.su_nationkey"],"Hash Buckets":16384,"Original Hash Buckets":16384,"Hash Batches":1,"Original Hash Batches":1,"Peak Memory Usage":519,"Shared Hit Blocks":217,"Shared Read Blocks":0,"Shared Dirtied Blocks":0,"Shared Written Blocks":0,"Local Hit Blocks":0,"Local Read Blocks":0,"Local Dirtied Blocks":0,"Local Written Blocks":0,"Temp Read Blocks":0,"Temp Written Blocks":0,"I/O Read Time":0.0,"I/O Write Time":0.0,"Temp I/O Read Time":0.0,"Temp I/O Write Time":0.0,"Plans":[{"Node Type":"Seq Scan","Parent Relationship":"Outer","Parallel Aware":false,"Async Capable":false,"Relation Name":"supplier","Schema":"public","Alias":"supplier","Startup Cost":0.0,"Total Cost":317.0,"Plan Rows":10000,"Plan Width":8,"Actual Startup Time":0.01,"Actual Total Time":1.436,"Actual Rows":10000,"Actual Loops":1,"Output":["supplier.su_suppkey","supplier.su_nationkey"],"Shared Hit Blocks":217,"Shared Read Blocks":0,"Shared Dirtied Blocks":0,"Shared Written Blocks":0,"Local Hit Blocks":0,"Local Read Blocks":0,"Local Dirtied Blocks":0,"Local Written Blocks":0,"Temp Read Blocks":0,"Temp Written Blocks":0,"I/O Read Time":0.0,"I/O Write Time":0.0,"Temp I/O Read Time":0.0,"Temp I/O Write Time":0.0}]}]}]}]}]},"Planning":{"Shared Hit Blocks":16,"Shared Read Blocks":0,"Shared Dirtied Blocks":0,"Shared Written Blocks":0,"Local Hit Blocks":0,"Local Read Blocks":0,"Local Dirtied Blocks":0,"Local Written Blocks":0,"Temp Read Blocks":0,"Temp Written Blocks":0,"I/O Read Time":0.0,"I/O Write Time":0.0,"Temp I/O Read Time":0.0,"Temp I/O Write Time":0.0},"Planning Time":4.773,"Triggers":[],"Execution Time":16721.497}]
[列存组合]: customer, stock
[{"Plan":{"Node Type":"Sort","Parallel Aware":false,"Async Capable":false,"Startup Cost":2012094.43,"Total Cost":2012094.58,"Plan Rows":62,"Plan Width":40,"Actual Startup Time":16930.678,"Actual Total Time":16930.697,"Actual Rows":11,"Actual Loops":1,"Output":["nation.n_name","(sum(order_line.ol_amount))"],"Sort Key":["(sum(order_line.ol_amount)) DESC"],"Sort Method":"quicksort","Sort Space Used":25,"Sort Space Type":"Memory","Shared Hit Blocks":390500,"Shared Read Blocks":0,"Shared Dirtied Blocks":0,"Shared Written Blocks":0,"Local Hit Blocks":0,"Local Read Blocks":0,"Local Dirtied Blocks":0,"Local Written Blocks":0,"Temp Read Blocks":129460,"Temp Written Blocks":129487,"I/O Read Time":0.0,"I/O Write Time":0.0,"Temp I/O Read Time":212.55,"Temp I/O Write Time":526.915,"Plans":[{"Node Type":"Aggregate","Strategy":"Sorted","Partial Mode":"Simple","Parent Relationship":"Outer","Parallel Aware":false,"Async Capable":false,"Startup Cost":2012018.64,"Total Cost":2012092.58,"Plan Rows":62,"Plan Width":40,"Actual Startup Time":16927.814,"Actual Total Time":16930.68,"Actual Rows":11,"Actual Loops":1,"Output":["nation.n_name","sum(order_line.ol_amount)"],"Group Key":["nation.n_name"],"Shared Hit Blocks":390500,"Shared Read Blocks":0,"Shared Dirtied Blocks":0,"Shared Written Blocks":0,"Local Hit Blocks":0,"Local Read Blocks":0,"Local Dirtied Blocks":0,"Local Written Blocks":0,"Temp Read Blocks":129460,"Temp Written Blocks":129487,"I/O Read Time":0.0,"I/O Write Time":0.0,"Temp I/O Read Time":212.55,"Temp I/O Write Time":526.915,"Plans":[{"Node Type":"Sort","Parent Relationship":"Outer","Parallel Aware":false,"Async Capable":false,"Startup Cost":2012018.64,"Total Cost":2012043.03,"Plan Rows":9755,"Plan Width":12,"Actual Startup Time":16927.587,"Actual Total Time":16928.376,"Actual Rows":17493,"Actual Loops":1,"Output":["nation.n_name","order_line.ol_amount"],"Sort Key":["nation.n_name"],"Sort Method":"quicksort","Sort Space Used":1725,"Sort Space Type":"Memory","Shared Hit Blocks":390500,"Shared Read Blocks":0,"Shared Dirtied Blocks":0,"Shared Written Blocks":0,"Local Hit Blocks":0,"Local Read Blocks":0,"Local Dirtied Blocks":0,"Local Written Blocks":0,"Temp Read Blocks":129460,"Temp Written Blocks":129487,"I/O Read Time":0.0,"I/O Write Time":0.0,"Temp I/O Read Time":212.55,"Temp I/O Write Time":526.915,"Plans":[{"Node Type":"Hash Join","Parent Relationship":"Outer","Parallel Aware":false,"Async Capable":false,"Join Type":"Inner","Startup Cost":1687875.37,"Total Cost":2011372.28,"Plan Rows":9755,"Plan Width":12,"Actual Startup Time":15038.239,"Actual Total Time":16918.589,"Actual Rows":17493,"Actual Loops":1,"Output":["nation.n_name","order_line.ol_amount"],"Inner Unique":true,"Hash Cond":"((mod((stock.s_w_id * stock.s_i_id), 10000) = supplier.su_suppkey) AND (customer.c_nationkey = supplier.su_nationkey))","Shared Hit Blocks":390500,"Shared Read Blocks":0,"Shared Dirtied Blocks":0,"Shared Written Blocks":0,"Local Hit Blocks":0,"Local Read Blocks":0,"Local Dirtied Blocks":0,"Local Written Blocks":0,"Temp Read Blocks":129460,"Temp Written Blocks":129487,"I/O Read Time":0.0,"I/O Write Time":0.0,"Temp I/O Read Time":212.55,"Temp I/O Write Time":526.915,"Plans":[{"Node Type":"Merge Join","Parent Relationship":"Outer","Parallel Aware":false,"Async Capable":false,"Join Type":"Inner","Startup Cost":1687408.37,"Total Cost":2007590.15,"Plan Rows":602749,"Plan Width":26,"Actual Startup Time":15035.254,"Actual Total Time":16776.495,"Actual Rows":1109507,"Actual Loops":1,"Output":["customer.c_nationkey","order_line.ol_amount","stock.s_w_id","stock.s_i_id","nation.n_name","nation.n_nationkey"],"Inner Unique":true,"Merge Cond":"((customer.c_w_id = stock.s_w_id) AND (order_line.ol_i_id = stock.s_i_id))","Shared Hit Blocks":390283,"Shared Read Blocks":0,"Shared Dirtied Blocks":0,"Shared Written Blocks":0,"Local Hit Blocks":0,"Local Read Blocks":0,"Local Dirtied Blocks":0,"Local Written Blocks":0,"Temp Read Blocks":129460,"Temp Written Blocks":129487,"I/O Read Time":0.0,"I/O Write Time":0.0,"Temp I/O Read Time":212.55,"Temp I/O Write Time":526.915,"Plans":[{"Node Type":"Sort","Parent Relationship":"Outer","Parallel Aware":false,"Async Capable":false,"Startup Cost":1687407.93,"Total Cost":1688895.62,"Plan Rows":595073,"Plan Width":30,"Actual Startup Time":15035.195,"Actual Total Time":15215.635,"Actual Rows":1109507,"Actual Loops":1,"Output":["customer.c_w_id","customer.c_nationkey","orders.o_w_id","order_line.ol_amount","order_line.ol_w_id","order_line.ol_i_id","nation.n_name","nation.n_nationkey"],"Sort Key":["customer.c_w_id","order_line.ol_i_id"],"Sort Method":"external merge","Sort Space Used":47304,"Sort Space Type":"Disk","Shared Hit Blocks":362945,"Shared Read Blocks":0,"Shared Dirtied Blocks":0,"Shared Written Blocks":0,"Local Hit Blocks":0,"Local Read Blocks":0,"Local Dirtied Blocks":0,"Local Written Blocks":0,"Temp Read Blocks":129460,"Temp Written Blocks":129487,"I/O Read Time":0.0,"I/O Write Time":0.0,"Temp I/O Read Time":212.55,"Temp I/O Write Time":526.915,"Plans":[{"Node Type":"Hash Join","Parent Relationship":"Outer","Parallel Aware":false,"Async Capable":false,"Join Type":"Inner","Startup Cost":398264.32,"Total Cost":1616094.38,"Plan Rows":595073,"Plan Width":30,"Actual Startup Time":1541.13,"Actual Total Time":13544.863,"Actual Rows":1109507,"Actual Loops":1,"Output":["customer.c_w_id","customer.c_nationkey","orders.o_w_id","order_line.ol_amount","order_line.ol_w_id","order_line.ol_i_id","nation.n_name","nation.n_nationkey"],"Inner Unique":false,"Hash Cond":"(customer.c_nationkey = nation.n_nationkey)","Shared Hit Blocks":362945,"Shared Read Blocks":0,"Shared Dirtied Blocks":0,"Shared Written Blocks":0,"Local Hit Blocks":0,"Local Read Blocks":0,"Local Dirtied Blocks":0,"Local Written Blocks":0,"Temp Read Blocks":117643,"Temp Written Blocks":117643,"I/O Read Time":0.0,"I/O Write Time":0.0,"Temp I/O Read Time":194.848,"Temp I/O Write Time":493.038,"Plans":[{"Node Type":"Hash Join","Parent Relationship":"Outer","Parallel Aware":false,"Async Capable":false,"Join Type":"Inner","Startup Cost":398261.18,"Total Cost":1599174.84,"Plan Rows":2975367,"Plan Width":18,"Actual Startup Time":1531.609,"Actual Total Time":13068.523,"Actual Rows":4284922,"Actual Loops":1,"Output":["customer.c_w_id","customer.c_nationkey","orders.o_w_id","order_line.ol_amount","order_line.ol_w_id","order_line.ol_i_id"],"Inner Unique":true,"Hash Cond":"((orders.o_c_id = customer.c_id) AND (orders.o_w_id = customer.c_w_id) AND (orders.o_d_id = customer.c_d_id))","Shared Hit Blocks":362943,"Shared Read Blocks":0,"Shared Dirtied Blocks":0,"Shared Written Blocks":0,"Local Hit Blocks":0,"Local Read Blocks":0,"Local Dirtied Blocks":0,"Local Written Blocks":0,"Temp Read Blocks":117643,"Temp Written Blocks":117643,"I/O Read Time":0.0,"I/O Write Time":0.0,"Temp I/O Read Time":194.848,"Temp I/O Write Time":493.038,"Plans":[{"Node Type":"Hash Join","Parent Relationship":"Outer","Parallel Aware":false,"Async Capable":false,"Join Type":"Inner","Startup Cost":76606.59,"Total Cost":1204573.22,"Plan Rows":2975367,"Plan Width":20,"Actual Startup Time":364.337,"Actual Total Time":9631.687,"Actual Rows":4284922,"Actual Loops":1,"Output":["orders.o_c_id","orders.o_w_id","orders.o_d_id","order_line.ol_amount","order_line.ol_w_id","order_line.ol_d_id","order_line.ol_i_id"],"Inner Unique":true,"Hash Cond":"((order_line.ol_w_id = orders.o_w_id) AND (order_line.ol_d_id = orders.o_d_id) AND (order_line.ol_o_id = orders.o_id))","Shared Hit Blocks":362943,"Shared Read Blocks":0,"Shared Dirtied Blocks":0,"Shared Written Blocks":0,"Local Hit Blocks":0,"Local Read Blocks":0,"Local Dirtied Blocks":0,"Local Written Blocks":0,"Temp Read Blocks":85996,"Temp Written Blocks":85996,"I/O Read Time":0.0,"I/O Write Time":0.0,"Temp I/O Read Time":137.991,"Temp I/O Write Time":346.558,"Plans":[{"Node Type":"Seq Scan","Parent Relationship":"Outer","Parallel Aware":false,"Async Capable":false,"Relation Name":"order_line","Schema":"public","Alias":"order_line","Startup Cost":0.0,"Total Cost":715856.4,"Plan Rows":20926367,"Plan Width":20,"Actual Startup Time":0.007,"Actual Total Time":3676.024,"Actual Rows":21002151,"Actual Loops":1,"Output":["order_line.ol_amount","order_line.ol_o_id","order_line.ol_w_id","order_line.ol_d_id","order_line.ol_i_id"],"Filter":"(order_line.ol_delivery_d >= '1992-01-02 20:10:02.27764'::timestamp without time zone)","Rows Removed by Filter":8995581,"Shared Hit Blocks":340884,"Shared Read Blocks":0,"Shared Dirtied Blocks":0,"Shared Written Blocks":0,"Local Hit Blocks":0,"Local Read Blocks":0,"Local Dirtied Blocks":0,"Local Written Blocks":0,"Temp Read Blocks":0,"Temp Written Blocks":0,"I/O Read Time":0.0,"I/O Write Time":0.0,"Temp I/O Read Time":0.0,"Temp I/O Write Time":0.0},{"Node Type":"Hash","Parent Relationship":"Inner","Parallel Aware":false,"Async Capable":false,"Startup Cost":67059.0,"Total Cost":67059.0,"Plan Rows":426548,"Plan Width":16,"Actual Startup Time":296.808,"Actual Total Time":296.811,"Actual Rows":428399,"Actual Loops":1,"Output":["orders.o_c_id","orders.o_w_id","orders.o_d_id","orders.o_id"],"Hash Buckets":262144,"Original Hash Buckets":262144,"Hash Batches":4,"Original Hash Batches":4,"Peak Memory Usage":7080,"Shared Hit Blocks":22059,"Shared Read Blocks":0,"Shared Dirtied Blocks":0,"Shared Written Blocks":0,"Local Hit Blocks":0,"Local Read Blocks":0,"Local Dirtied Blocks":0,"Local Written Blocks":0,"Temp Read Blocks":0,"Temp Written Blocks":1410,"I/O Read Time":0.0,"I/O Write Time":0.0,"Temp I/O Read Time":0.0,"Temp I/O Write Time":6.728,"Plans":[{"Node Type":"Seq Scan","Parent Relationship":"Outer","Parallel Aware":false,"Async Capable":false,"Relation Name":"orders","Schema":"public","Alias":"orders","Startup Cost":0.0,"Total Cost":67059.0,"Plan Rows":426548,"Plan Width":16,"Actual Startup Time":0.772,"Actual Total Time":219.926,"Actual Rows":428399,"Actual Loops":1,"Output":["orders.o_c_id","orders.o_w_id","orders.o_d_id","orders.o_id"],"Filter":"((orders.o_entry_d >= '1993-01-02 20:10:02.27764'::timestamp without time zone) AND (orders.o_entry_d < '1994-01-02 20:10:02.27764'::timestamp without time zone))","Rows Removed by Filter":2571601,"Shared Hit Blocks":22059,"Shared Read Blocks":0,"Shared Dirtied Blocks":0,"Shared Written Blocks":0,"Local Hit Blocks":0,"Local Read Blocks":0,"Local Dirtied Blocks":0,"Local Written Blocks":0,"Temp Read Blocks":0,"Temp Written Blocks":0,"I/O Read Time":0.0,"I/O Write Time":0.0,"Temp I/O Read Time":0.0,"Temp I/O Write Time":0.0}]}]},{"Node Type":"Hash","Parent Relationship":"Inner","Parallel Aware":false,"Async Capable":false,"Startup Cost":254511.16,"Total Cost":254511.16,"Plan Rows":2999739,"Plan Width":12,"Actual Startup Time":1164.962,"Actual Total Time":1164.967,"Actual Rows":3000000,"Actual Loops":1,"Output":["customer.c_id","customer.c_w_id","customer.c_d_id","customer.c_nationkey"],"Hash Buckets":262144,"Original Hash Buckets":262144,"Hash Batches":32,"Original Hash Batches":32,"Peak Memory Usage":6090,"Shared Hit Blocks":0,"Shared Read Blocks":0,"Shared Dirtied Blocks":0,"Shared Written Blocks":0,"Local Hit Blocks":0,"Local Read Blocks":0,"Local Dirtied Blocks":0,"Local Written Blocks":0,"Temp Read Blocks":0,"Temp Written Blocks":11335,"I/O Read Time":0.0,"I/O Write Time":0.0,"Temp I/O Read Time":0.0,"Temp I/O Write Time":50.557,"Plans":[{"Node Type":"Append","Parent Relationship":"Outer","Parallel Aware":false,"Async Capable":false,"Startup Cost":20.0,"Total Cost":254511.16,"Plan Rows":2999739,"Plan Width":12,"Actual Startup Time":0.032,"Actual Total Time":661.103,"Actual Rows":3000000,"Actual Loops":1,"Shared Hit Blocks":0,"Shared Read Blocks":0,"Shared Dirtied Blocks":0,"Shared Written Blocks":0,"Local Hit Blocks":0,"Local Read Blocks":0,"Local Dirtied Blocks":0,"Local Written Blocks":0,"Temp Read Blocks":0,"Temp Written Blocks":0,"I/O Read Time":0.0,"I/O Write Time":0.0,"Temp I/O Read Time":0.0,"Temp I/O Write Time":0.0,"Subplans Removed":0,"Plans":[{"Node Type":"Custom Scan","Parent Relationship":"Member","Custom Plan Provider":"columnar scan","Parallel Aware":false,"Async Capable":false,"Relation Name":"customer","Schema":"public","Alias":"customer","Startup Cost":20.0,"Total Cost":70513.87,"Plan Rows":2999738,"Plan Width":12,"Actual Startup Time":0.031,"Actual Total Time":451.688,"Actual Rows":3000000,"Actual Loops":1,"Output":["customer.c_id","customer.c_w_id","customer.c_d_id","customer.c_nationkey"],"Rows Removed by Columnar Filter":0,"Columnar cache search mode":"native","Shared Hit Blocks":0,"Shared Read Blocks":0,"Shared Dirtied Blocks":0,"Shared Written Blocks":0,"Local Hit Blocks":0,"Local Read Blocks":0,"Local Dirtied Blocks":0,"Local Written Blocks":0,"Temp Read Blocks":0,"Temp Written Blocks":0,"I/O Read Time":0.0,"I/O Write Time":0.0,"Temp I/O Read Time":0.0,"Temp I/O Write Time":0.0},{"Node Type":"Seq Scan","Parent Relationship":"Member","Parallel Aware":false,"Async Capable":false,"Relation Name":"customer","Schema":"public","Alias":"customer","Startup Cost":0.0,"Total Cost":4.01,"Plan Rows":1,"Plan Width":12,"Actual Startup Time":0.0,"Actual Total Time":0.0,"Actual Rows":0,"Actual Loops":0,"Output":["customer.c_id","customer.c_w_id","customer.c_d_id","customer.c_nationkey"],"Shared Hit Blocks":0,"Shared Read Blocks":0,"Shared Dirtied Blocks":0,"Shared Written Blocks":0,"Local Hit Blocks":0,"Local Read Blocks":0,"Local Dirtied Blocks":0,"Local Written Blocks":0,"Temp Read Blocks":0,"Temp Written Blocks":0,"I/O Read Time":0.0,"I/O Write Time":0.0,"Temp I/O Read Time":0.0,"Temp I/O Write Time":0.0}]}]}]},{"Node Type":"Hash","Parent Relationship":"Inner","Parallel Aware":false,"Async Capable":false,"Startup Cost":2.99,"Total Cost":2.99,"Plan Rows":12,"Plan Width":12,"Actual Startup Time":0.043,"Actual Total Time":0.046,"Actual Rows":22,"Actual Loops":1,"Output":["nation.n_name","nation.n_nationkey"],"Hash Buckets":1024,"Original Hash Buckets":1024,"Hash Batches":1,"Original Hash Batches":1,"Peak Memory Usage":9,"Shared Hit Blocks":2,"Shared Read Blocks":0,"Shared Dirtied Blocks":0,"Shared Written Blocks":0,"Local Hit Blocks":0,"Local Read Blocks":0,"Local Dirtied Blocks":0,"Local Written Blocks":0,"Temp Read Blocks":0,"Temp Written Blocks":0,"I/O Read Time":0.0,"I/O Write Time":0.0,"Temp I/O Read Time":0.0,"Temp I/O Write Time":0.0,"Plans":[{"Node Type":"Hash Join","Parent Relationship":"Outer","Parallel Aware":false,"Async Capable":false,"Join Type":"Inner","Startup Cost":1.07,"Total Cost":2.99,"Plan Rows":12,"Plan Width":12,"Actual Startup Time":0.025,"Actual Total Time":0.04,"Actual Rows":22,"Actual Loops":1,"Output":["nation.n_name","nation.n_nationkey"],"Inner Unique":true,"Hash Cond":"(nation.n_regionkey = region.r_regionkey)","Shared Hit Blocks":2,"Shared Read Blocks":0,"Shared Dirtied Blocks":0,"Shared Written Blocks":0,"Local Hit Blocks":0,"Local Read Blocks":0,"Local Dirtied Blocks":0,"Local Written Blocks":0,"Temp Read Blocks":0,"Temp Written Blocks":0,"I/O Read Time":0.0,"I/O Write Time":0.0,"Temp I/O Read Time":0.0,"Temp I/O Write Time":0.0,"Plans":[{"Node Type":"Seq Scan","Parent Relationship":"Outer","Parallel Aware":false,"Async Capable":false,"Relation Name":"nation","Schema":"public","Alias":"nation","Startup Cost":0.0,"Total Cost":1.62,"Plan Rows":62,"Plan Width":16,"Actual Startup Time":0.005,"Actual Total Time":0.009,"Actual Rows":62,"Actual Loops":1,"Output":["nation.n_nationkey","nation.n_name","nation.n_regionkey","nation.n_comment"],"Shared Hit Blocks":1,"Shared Read Blocks":0,"Shared Dirtied Blocks":0,"Shared Written Blocks":0,"Local Hit Blocks":0,"Local Read Blocks":0,"Local Dirtied Blocks":0,"Local Written Blocks":0,"Temp Read Blocks":0,"Temp Written Blocks":0,"I/O Read Time":0.0,"I/O Write Time":0.0,"Temp I/O Read Time":0.0,"Temp I/O Write Time":0.0},{"Node Type":"Hash","Parent Relationship":"Inner","Parallel Aware":false,"Async Capable":false,"Startup Cost":1.06,"Total Cost":1.06,"Plan Rows":1,"Plan Width":4,"Actual Startup Time":0.009,"Actual Total Time":0.01,"Actual Rows":1,"Actual Loops":1,"Output":["region.r_regionkey"],"Hash Buckets":1024,"Original Hash Buckets":1024,"Hash Batches":1,"Original Hash Batches":1,"Peak Memory Usage":9,"Shared Hit Blocks":1,"Shared Read Blocks":0,"Shared Dirtied Blocks":0,"Shared Written Blocks":0,"Local Hit Blocks":0,"Local Read Blocks":0,"Local Dirtied Blocks":0,"Local Written Blocks":0,"Temp Read Blocks":0,"Temp Written Blocks":0,"I/O Read Time":0.0,"I/O Write Time":0.0,"Temp I/O Read Time":0.0,"Temp I/O Write Time":0.0,"Plans":[{"Node Type":"Seq Scan","Parent Relationship":"Outer","Parallel Aware":false,"Async Capable":false,"Relation Name":"region","Schema":"public","Alias":"region","Startup Cost":0.0,"Total Cost":1.06,"Plan Rows":1,"Plan Width":4,"Actual Startup Time":0.007,"Actual Total Time":0.007,"Actual Rows":1,"Actual Loops":1,"Output":["region.r_regionkey"],"Filter":"((region.r_name)::text = 'Europe'::text)","Rows Removed by Filter":4,"Shared Hit Blocks":1,"Shared Read Blocks":0,"Shared Dirtied Blocks":0,"Shared Written Blocks":0,"Local Hit Blocks":0,"Local Read Blocks":0,"Local Dirtied Blocks":0,"Local Written Blocks":0,"Temp Read Blocks":0,"Temp Written Blocks":0,"I/O Read Time":0.0,"I/O Write Time":0.0,"Temp I/O Read Time":0.0,"Temp I/O Write Time":0.0}]}]}]}]}]},{"Node Type":"Index Only Scan","Parent Relationship":"Inner","Parallel Aware":false,"Async Capable":false,"Scan Direction":"Forward","Index Name":"stock_pk","Relation Name":"stock","Schema":"public","Alias":"stock","Startup Cost":0.43,"Total Cost":259690.86,"Plan Rows":10000162,"Plan Width":6,"Actual Startup Time":0.047,"Actual Total Time":746.775,"Actual Rows":9999996,"Actual Loops":1,"Output":["stock.s_w_id","stock.s_i_id"],"Heap Fetches":0,"Shared Hit Blocks":27338,"Shared Read Blocks":0,"Shared Dirtied Blocks":0,"Shared Written Blocks":0,"Local Hit Blocks":0,"Local Read Blocks":0,"Local Dirtied Blocks":0,"Local Written Blocks":0,"Temp Read Blocks":0,"Temp Written Blocks":0,"I/O Read Time":0.0,"I/O Write Time":0.0,"Temp I/O Read Time":0.0,"Temp I/O Write Time":0.0}]},{"Node Type":"Hash","Parent Relationship":"Inner","Parallel Aware":false,"Async Capable":false,"Startup Cost":317.0,"Total Cost":317.0,"Plan Rows":10000,"Plan Width":8,"Actual Startup Time":2.556,"Actual Total Time":2.556,"Actual Rows":10000,"Actual Loops":1,"Output":["supplier.su_suppkey","supplier.su_nationkey"],"Hash Buckets":16384,"Original Hash Buckets":16384,"Hash Batches":1,"Original Hash Batches":1,"Peak Memory Usage":519,"Shared Hit Blocks":217,"Shared Read Blocks":0,"Shared Dirtied Blocks":0,"Shared Written Blocks":0,"Local Hit Blocks":0,"Local Read Blocks":0,"Local Dirtied Blocks":0,"Local Written Blocks":0,"Temp Read Blocks":0,"Temp Written Blocks":0,"I/O Read Time":0.0,"I/O Write Time":0.0,"Temp I/O Read Time":0.0,"Temp I/O Write Time":0.0,"Plans":[{"Node Type":"Seq Scan","Parent Relationship":"Outer","Parallel Aware":false,"Async Capable":false,"Relation Name":"supplier","Schema":"public","Alias":"supplier","Startup Cost":0.0,"Total Cost":317.0,"Plan Rows":10000,"Plan Width":8,"Actual Startup Time":0.011,"Actual Total Time":1.272,"Actual Rows":10000,"Actual Loops":1,"Output":["supplier.su_suppkey","supplier.su_nationkey"],"Shared Hit Blocks":217,"Shared Read Blocks":0,"Shared Dirtied Blocks":0,"Shared Written Blocks":0,"Local Hit Blocks":0,"Local Read Blocks":0,"Local Dirtied Blocks":0,"Local Written Blocks":0,"Temp Read Blocks":0,"Temp Written Blocks":0,"I/O Read Time":0.0,"I/O Write Time":0.0,"Temp I/O Read Time":0.0,"Temp I/O Write Time":0.0}]}]}]}]}]},"Planning":{"Shared Hit Blocks":16,"Shared Read Blocks":0,"Shared Dirtied Blocks":0,"Shared Written Blocks":0,"Local Hit Blocks":0,"Local Read Blocks":0,"Local Dirtied Blocks":0,"Local Written Blocks":0,"Temp Read Blocks":0,"Temp Written Blocks":0,"I/O Read Time":0.0,"I/O Write Time":0.0,"Temp I/O Read Time":0.0,"Temp I/O Write Time":0.0},"Planning Time":6.641,"Triggers":[],"Execution Time":16942.397}]
[列存组合]: customer, supplier
[{"Plan":{"Node Type":"Sort","Parallel Aware":false,"Async Capable":false,"Startup Cost":2011996.45,"Total Cost":2011996.61,"Plan Rows":62,"Plan Width":40,"Actual Startup Time":16593.455,"Actual Total Time":16593.484,"Actual Rows":11,"Actual Loops":1,"Output":["nation.n_name","(sum(order_line.ol_amount))"],"Sort Key":["(sum(order_line.ol_amount)) DESC"],"Sort Method":"quicksort","Sort Space Used":25,"Sort Space Type":"Memory","Shared Hit Blocks":390283,"Shared Read Blocks":0,"Shared Dirtied Blocks":0,"Shared Written Blocks":0,"Local Hit Blocks":0,"Local Read Blocks":0,"Local Dirtied Blocks":0,"Local Written Blocks":0,"Temp Read Blocks":129460,"Temp Written Blocks":129487,"I/O Read Time":0.0,"I/O Write Time":0.0,"Temp I/O Read Time":203.625,"Temp I/O Write Time":515.875,"Plans":[{"Node Type":"Aggregate","Strategy":"Sorted","Partial Mode":"Simple","Parent Relationship":"Outer","Parallel Aware":false,"Async Capable":false,"Startup Cost":2011920.67,"Total Cost":2011994.61,"Plan Rows":62,"Plan Width":40,"Actual Startup Time":16590.538,"Actual Total Time":16593.469,"Actual Rows":11,"Actual Loops":1,"Output":["nation.n_name","sum(order_line.ol_amount)"],"Group Key":["nation.n_name"],"Shared Hit Blocks":390283,"Shared Read Blocks":0,"Shared Dirtied Blocks":0,"Shared Written Blocks":0,"Local Hit Blocks":0,"Local Read Blocks":0,"Local Dirtied Blocks":0,"Local Written Blocks":0,"Temp Read Blocks":129460,"Temp Written Blocks":129487,"I/O Read Time":0.0,"I/O Write Time":0.0,"Temp I/O Read Time":203.625,"Temp I/O Write Time":515.875,"Plans":[{"Node Type":"Sort","Parent Relationship":"Outer","Parallel Aware":false,"Async Capable":false,"Startup Cost":2011920.67,"Total Cost":2011945.06,"Plan Rows":9755,"Plan Width":12,"Actual Startup Time":16590.32,"Actual Total Time":16591.116,"Actual Rows":17493,"Actual Loops":1,"Output":["nation.n_name","order_line.ol_amount"],"Sort Key":["nation.n_name"],"Sort Method":"quicksort","Sort Space Used":1725,"Sort Space Type":"Memory","Shared Hit Blocks":390283,"Shared Read Blocks":0,"Shared Dirtied Blocks":0,"Shared Written Blocks":0,"Local Hit Blocks":0,"Local Read Blocks":0,"Local Dirtied Blocks":0,"Local Written Blocks":0,"Temp Read Blocks":129460,"Temp Written Blocks":129487,"I/O Read Time":0.0,"I/O Write Time":0.0,"Temp I/O Read Time":203.625,"Temp I/O Write Time":515.875,"Plans":[{"Node Type":"Hash Join","Parent Relationship":"Outer","Parallel Aware":false,"Async Capable":false,"Join Type":"Inner","Startup Cost":1687777.4,"Total Cost":2011274.31,"Plan Rows":9755,"Plan Width":12,"Actual Startup Time":14705.248,"Actual Total Time":16581.116,"Actual Rows":17493,"Actual Loops":1,"Output":["nation.n_name","order_line.ol_amount"],"Inner Unique":true,"Hash Cond":"((mod((stock.s_w_id * stock.s_i_id), 10000) = supplier.su_suppkey) AND (customer.c_nationkey = supplier.su_nationkey))","Shared Hit Blocks":390283,"Shared Read Blocks":0,"Shared Dirtied Blocks":0,"Shared Written Blocks":0,"Local Hit Blocks":0,"Local Read Blocks":0,"Local Dirtied Blocks":0,"Local Written Blocks":0,"Temp Read Blocks":129460,"Temp Written Blocks":129487,"I/O Read Time":0.0,"I/O Write Time":0.0,"Temp I/O Read Time":203.625,"Temp I/O Write Time":515.875,"Plans":[{"Node Type":"Merge Join","Parent Relationship":"Outer","Parallel Aware":false,"Async Capable":false,"Join Type":"Inner","Startup Cost":1687408.37,"Total Cost":2007590.15,"Plan Rows":602749,"Plan Width":26,"Actual Startup Time":14701.667,"Actual Total Time":16439.519,"Actual Rows":1109507,"Actual Loops":1,"Output":["customer.c_nationkey","order_line.ol_amount","stock.s_w_id","stock.s_i_id","nation.n_name","nation.n_nationkey"],"Inner Unique":true,"Merge Cond":"((customer.c_w_id = stock.s_w_id) AND (order_line.ol_i_id = stock.s_i_id))","Shared Hit Blocks":390283,"Shared Read Blocks":0,"Shared Dirtied Blocks":0,"Shared Written Blocks":0,"Local Hit Blocks":0,"Local Read Blocks":0,"Local Dirtied Blocks":0,"Local Written Blocks":0,"Temp Read Blocks":129460,"Temp Written Blocks":129487,"I/O Read Time":0.0,"I/O Write Time":0.0,"Temp I/O Read Time":203.625,"Temp I/O Write Time":515.875,"Plans":[{"Node Type":"Sort","Parent Relationship":"Outer","Parallel Aware":false,"Async Capable":false,"Startup Cost":1687407.93,"Total Cost":1688895.62,"Plan Rows":595073,"Plan Width":30,"Actual Startup Time":14701.608,"Actual Total Time":14883.069,"Actual Rows":1109507,"Actual Loops":1,"Output":["customer.c_w_id","customer.c_nationkey","orders.o_w_id","order_line.ol_amount","order_line.ol_w_id","order_line.ol_i_id","nation.n_name","nation.n_nationkey"],"Sort Key":["customer.c_w_id","order_line.ol_i_id"],"Sort Method":"external merge","Sort Space Used":47304,"Sort Space Type":"Disk","Shared Hit Blocks":362945,"Shared Read Blocks":0,"Shared Dirtied Blocks":0,"Shared Written Blocks":0,"Local Hit Blocks":0,"Local Read Blocks":0,"Local Dirtied Blocks":0,"Local Written Blocks":0,"Temp Read Blocks":129460,"Temp Written Blocks":129487,"I/O Read Time":0.0,"I/O Write Time":0.0,"Temp I/O Read Time":203.625,"Temp I/O Write Time":515.875,"Plans":[{"Node Type":"Hash Join","Parent Relationship":"Outer","Parallel Aware":false,"Async Capable":false,"Join Type":"Inner","Startup Cost":398264.32,"Total Cost":1616094.38,"Plan Rows":595073,"Plan Width":30,"Actual Startup Time":1538.829,"Actual Total Time":13309.157,"Actual Rows":1109507,"Actual Loops":1,"Output":["customer.c_w_id","customer.c_nationkey","orders.o_w_id","order_line.ol_amount","order_line.ol_w_id","order_line.ol_i_id","nation.n_name","nation.n_nationkey"],"Inner Unique":false,"Hash Cond":"(customer.c_nationkey = nation.n_nationkey)","Shared Hit Blocks":362945,"Shared Read Blocks":0,"Shared Dirtied Blocks":0,"Shared Written Blocks":0,"Local Hit Blocks":0,"Local Read Blocks":0,"Local Dirtied Blocks":0,"Local Written Blocks":0,"Temp Read Blocks":117643,"Temp Written Blocks":117643,"I/O Read Time":0.0,"I/O Write Time":0.0,"Temp I/O Read Time":185.57,"Temp I/O Write Time":484.443,"Plans":[{"Node Type":"Hash Join","Parent Relationship":"Outer","Parallel Aware":false,"Async Capable":false,"Join Type":"Inner","Startup Cost":398261.18,"Total Cost":1599174.84,"Plan Rows":2975367,"Plan Width":18,"Actual Startup Time":1529.369,"Actual Total Time":12876.323,"Actual Rows":4284922,"Actual Loops":1,"Output":["customer.c_w_id","customer.c_nationkey","orders.o_w_id","order_line.ol_amount","order_line.ol_w_id","order_line.ol_i_id"],"Inner Unique":true,"Hash Cond":"((orders.o_c_id = customer.c_id) AND (orders.o_w_id = customer.c_w_id) AND (orders.o_d_id = customer.c_d_id))","Shared Hit Blocks":362943,"Shared Read Blocks":0,"Shared Dirtied Blocks":0,"Shared Written Blocks":0,"Local Hit Blocks":0,"Local Read Blocks":0,"Local Dirtied Blocks":0,"Local Written Blocks":0,"Temp Read Blocks":117643,"Temp Written Blocks":117643,"I/O Read Time":0.0,"I/O Write Time":0.0,"Temp I/O Read Time":185.57,"Temp I/O Write Time":484.443,"Plans":[{"Node Type":"Hash Join","Parent Relationship":"Outer","Parallel Aware":false,"Async Capable":false,"Join Type":"Inner","Startup Cost":76606.59,"Total Cost":1204573.22,"Plan Rows":2975367,"Plan Width":20,"Actual Startup Time":361.828,"Actual Total Time":9584.828,"Actual Rows":4284922,"Actual Loops":1,"Output":["orders.o_c_id","orders.o_w_id","orders.o_d_id","order_line.ol_amount","order_line.ol_w_id","order_line.ol_d_id","order_line.ol_i_id"],"Inner Unique":true,"Hash Cond":"((order_line.ol_w_id = orders.o_w_id) AND (order_line.ol_d_id = orders.o_d_id) AND (order_line.ol_o_id = orders.o_id))","Shared Hit Blocks":362943,"Shared Read Blocks":0,"Shared Dirtied Blocks":0,"Shared Written Blocks":0,"Local Hit Blocks":0,"Local Read Blocks":0,"Local Dirtied Blocks":0,"Local Written Blocks":0,"Temp Read Blocks":85996,"Temp Written Blocks":85996,"I/O Read Time":0.0,"I/O Write Time":0.0,"Temp I/O Read Time":135.457,"Temp I/O Write Time":341.793,"Plans":[{"Node Type":"Seq Scan","Parent Relationship":"Outer","Parallel Aware":false,"Async Capable":false,"Relation Name":"order_line","Schema":"public","Alias":"order_line","Startup Cost":0.0,"Total Cost":715856.4,"Plan Rows":20926367,"Plan Width":20,"Actual Startup Time":0.006,"Actual Total Time":3668.428,"Actual Rows":21002151,"Actual Loops":1,"Output":["order_line.ol_amount","order_line.ol_o_id","order_line.ol_w_id","order_line.ol_d_id","order_line.ol_i_id"],"Filter":"(order_line.ol_delivery_d >= '1992-01-02 20:10:02.27764'::timestamp without time zone)","Rows Removed by Filter":8995581,"Shared Hit Blocks":340884,"Shared Read Blocks":0,"Shared Dirtied Blocks":0,"Shared Written Blocks":0,"Local Hit Blocks":0,"Local Read Blocks":0,"Local Dirtied Blocks":0,"Local Written Blocks":0,"Temp Read Blocks":0,"Temp Written Blocks":0,"I/O Read Time":0.0,"I/O Write Time":0.0,"Temp I/O Read Time":0.0,"Temp I/O Write Time":0.0},{"Node Type":"Hash","Parent Relationship":"Inner","Parallel Aware":false,"Async Capable":false,"Startup Cost":67059.0,"Total Cost":67059.0,"Plan Rows":426548,"Plan Width":16,"Actual Startup Time":294.765,"Actual Total Time":294.77,"Actual Rows":428399,"Actual Loops":1,"Output":["orders.o_c_id","orders.o_w_id","orders.o_d_id","orders.o_id"],"Hash Buckets":262144,"Original Hash Buckets":262144,"Hash Batches":4,"Original Hash Batches":4,"Peak Memory Usage":7080,"Shared Hit Blocks":22059,"Shared Read Blocks":0,"Shared Dirtied Blocks":0,"Shared Written Blocks":0,"Local Hit Blocks":0,"Local Read Blocks":0,"Local Dirtied Blocks":0,"Local Written Blocks":0,"Temp Read Blocks":0,"Temp Written Blocks":1410,"I/O Read Time":0.0,"I/O Write Time":0.0,"Temp I/O Read Time":0.0,"Temp I/O Write Time":6.182,"Plans":[{"Node Type":"Seq Scan","Parent Relationship":"Outer","Parallel Aware":false,"Async Capable":false,"Relation Name":"orders","Schema":"public","Alias":"orders","Startup Cost":0.0,"Total Cost":67059.0,"Plan Rows":426548,"Plan Width":16,"Actual Startup Time":0.792,"Actual Total Time":219.811,"Actual Rows":428399,"Actual Loops":1,"Output":["orders.o_c_id","orders.o_w_id","orders.o_d_id","orders.o_id"],"Filter":"((orders.o_entry_d >= '1993-01-02 20:10:02.27764'::timestamp without time zone) AND (orders.o_entry_d < '1994-01-02 20:10:02.27764'::timestamp without time zone))","Rows Removed by Filter":2571601,"Shared Hit Blocks":22059,"Shared Read Blocks":0,"Shared Dirtied Blocks":0,"Shared Written Blocks":0,"Local Hit Blocks":0,"Local Read Blocks":0,"Local Dirtied Blocks":0,"Local Written Blocks":0,"Temp Read Blocks":0,"Temp Written Blocks":0,"I/O Read Time":0.0,"I/O Write Time":0.0,"Temp I/O Read Time":0.0,"Temp I/O Write Time":0.0}]}]},{"Node Type":"Hash","Parent Relationship":"Inner","Parallel Aware":false,"Async Capable":false,"Startup Cost":254511.16,"Total Cost":254511.16,"Plan Rows":2999739,"Plan Width":12,"Actual Startup Time":1165.243,"Actual Total Time":1165.25,"Actual Rows":3000000,"Actual Loops":1,"Output":["customer.c_id","customer.c_w_id","customer.c_d_id","customer.c_nationkey"],"Hash Buckets":262144,"Original Hash Buckets":262144,"Hash Batches":32,"Original Hash Batches":32,"Peak Memory Usage":6090,"Shared Hit Blocks":0,"Shared Read Blocks":0,"Shared Dirtied Blocks":0,"Shared Written Blocks":0,"Local Hit Blocks":0,"Local Read Blocks":0,"Local Dirtied Blocks":0,"Local Written Blocks":0,"Temp Read Blocks":0,"Temp Written Blocks":11335,"I/O Read Time":0.0,"I/O Write Time":0.0,"Temp I/O Read Time":0.0,"Temp I/O Write Time":47.897,"Plans":[{"Node Type":"Append","Parent Relationship":"Outer","Parallel Aware":false,"Async Capable":false,"Startup Cost":20.0,"Total Cost":254511.16,"Plan Rows":2999739,"Plan Width":12,"Actual Startup Time":0.028,"Actual Total Time":664.485,"Actual Rows":3000000,"Actual Loops":1,"Shared Hit Blocks":0,"Shared Read Blocks":0,"Shared Dirtied Blocks":0,"Shared Written Blocks":0,"Local Hit Blocks":0,"Local Read Blocks":0,"Local Dirtied Blocks":0,"Local Written Blocks":0,"Temp Read Blocks":0,"Temp Written Blocks":0,"I/O Read Time":0.0,"I/O Write Time":0.0,"Temp I/O Read Time":0.0,"Temp I/O Write Time":0.0,"Subplans Removed":0,"Plans":[{"Node Type":"Custom Scan","Parent Relationship":"Member","Custom Plan Provider":"columnar scan","Parallel Aware":false,"Async Capable":false,"Relation Name":"customer","Schema":"public","Alias":"customer","Startup Cost":20.0,"Total Cost":70513.87,"Plan Rows":2999738,"Plan Width":12,"Actual Startup Time":0.027,"Actual Total Time":453.718,"Actual Rows":3000000,"Actual Loops":1,"Output":["customer.c_id","customer.c_w_id","customer.c_d_id","customer.c_nationkey"],"Rows Removed by Columnar Filter":0,"Columnar cache search mode":"native","Shared Hit Blocks":0,"Shared Read Blocks":0,"Shared Dirtied Blocks":0,"Shared Written Blocks":0,"Local Hit Blocks":0,"Local Read Blocks":0,"Local Dirtied Blocks":0,"Local Written Blocks":0,"Temp Read Blocks":0,"Temp Written Blocks":0,"I/O Read Time":0.0,"I/O Write Time":0.0,"Temp I/O Read Time":0.0,"Temp I/O Write Time":0.0},{"Node Type":"Seq Scan","Parent Relationship":"Member","Parallel Aware":false,"Async Capable":false,"Relation Name":"customer","Schema":"public","Alias":"customer","Startup Cost":0.0,"Total Cost":4.01,"Plan Rows":1,"Plan Width":12,"Actual Startup Time":0.0,"Actual Total Time":0.0,"Actual Rows":0,"Actual Loops":0,"Output":["customer.c_id","customer.c_w_id","customer.c_d_id","customer.c_nationkey"],"Shared Hit Blocks":0,"Shared Read Blocks":0,"Shared Dirtied Blocks":0,"Shared Written Blocks":0,"Local Hit Blocks":0,"Local Read Blocks":0,"Local Dirtied Blocks":0,"Local Written Blocks":0,"Temp Read Blocks":0,"Temp Written Blocks":0,"I/O Read Time":0.0,"I/O Write Time":0.0,"Temp I/O Read Time":0.0,"Temp I/O Write Time":0.0}]}]}]},{"Node Type":"Hash","Parent Relationship":"Inner","Parallel Aware":false,"Async Capable":false,"Startup Cost":2.99,"Total Cost":2.99,"Plan Rows":12,"Plan Width":12,"Actual Startup Time":0.043,"Actual Total Time":0.049,"Actual Rows":22,"Actual Loops":1,"Output":["nation.n_name","nation.n_nationkey"],"Hash Buckets":1024,"Original Hash Buckets":1024,"Hash Batches":1,"Original Hash Batches":1,"Peak Memory Usage":9,"Shared Hit Blocks":2,"Shared Read Blocks":0,"Shared Dirtied Blocks":0,"Shared Written Blocks":0,"Local Hit Blocks":0,"Local Read Blocks":0,"Local Dirtied Blocks":0,"Local Written Blocks":0,"Temp Read Blocks":0,"Temp Written Blocks":0,"I/O Read Time":0.0,"I/O Write Time":0.0,"Temp I/O Read Time":0.0,"Temp I/O Write Time":0.0,"Plans":[{"Node Type":"Hash Join","Parent Relationship":"Outer","Parallel Aware":false,"Async Capable":false,"Join Type":"Inner","Startup Cost":1.07,"Total Cost":2.99,"Plan Rows":12,"Plan Width":12,"Actual Startup Time":0.026,"Actual Total Time":0.043,"Actual Rows":22,"Actual Loops":1,"Output":["nation.n_name","nation.n_nationkey"],"Inner Unique":true,"Hash Cond":"(nation.n_regionkey = region.r_regionkey)","Shared Hit Blocks":2,"Shared Read Blocks":0,"Shared Dirtied Blocks":0,"Shared Written Blocks":0,"Local Hit Blocks":0,"Local Read Blocks":0,"Local Dirtied Blocks":0,"Local Written Blocks":0,"Temp Read Blocks":0,"Temp Written Blocks":0,"I/O Read Time":0.0,"I/O Write Time":0.0,"Temp I/O Read Time":0.0,"Temp I/O Write Time":0.0,"Plans":[{"Node Type":"Seq Scan","Parent Relationship":"Outer","Parallel Aware":false,"Async Capable":false,"Relation Name":"nation","Schema":"public","Alias":"nation","Startup Cost":0.0,"Total Cost":1.62,"Plan Rows":62,"Plan Width":16,"Actual Startup Time":0.007,"Actual Total Time":0.011,"Actual Rows":62,"Actual Loops":1,"Output":["nation.n_nationkey","nation.n_name","nation.n_regionkey","nation.n_comment"],"Shared Hit Blocks":1,"Shared Read Blocks":0,"Shared Dirtied Blocks":0,"Shared Written Blocks":0,"Local Hit Blocks":0,"Local Read Blocks":0,"Local Dirtied Blocks":0,"Local Written Blocks":0,"Temp Read Blocks":0,"Temp Written Blocks":0,"I/O Read Time":0.0,"I/O Write Time":0.0,"Temp I/O Read Time":0.0,"Temp I/O Write Time":0.0},{"Node Type":"Hash","Parent Relationship":"Inner","Parallel Aware":false,"Async Capable":false,"Startup Cost":1.06,"Total Cost":1.06,"Plan Rows":1,"Plan Width":4,"Actual Startup Time":0.007,"Actual Total Time":0.009,"Actual Rows":1,"Actual Loops":1,"Output":["region.r_regionkey"],"Hash Buckets":1024,"Original Hash Buckets":1024,"Hash Batches":1,"Original Hash Batches":1,"Peak Memory Usage":9,"Shared Hit Blocks":1,"Shared Read Blocks":0,"Shared Dirtied Blocks":0,"Shared Written Blocks":0,"Local Hit Blocks":0,"Local Read Blocks":0,"Local Dirtied Blocks":0,"Local Written Blocks":0,"Temp Read Blocks":0,"Temp Written Blocks":0,"I/O Read Time":0.0,"I/O Write Time":0.0,"Temp I/O Read Time":0.0,"Temp I/O Write Time":0.0,"Plans":[{"Node Type":"Seq Scan","Parent Relationship":"Outer","Parallel Aware":false,"Async Capable":false,"Relation Name":"region","Schema":"public","Alias":"region","Startup Cost":0.0,"Total Cost":1.06,"Plan Rows":1,"Plan Width":4,"Actual Startup Time":0.006,"Actual Total Time":0.006,"Actual Rows":1,"Actual Loops":1,"Output":["region.r_regionkey"],"Filter":"((region.r_name)::text = 'Europe'::text)","Rows Removed by Filter":4,"Shared Hit Blocks":1,"Shared Read Blocks":0,"Shared Dirtied Blocks":0,"Shared Written Blocks":0,"Local Hit Blocks":0,"Local Read Blocks":0,"Local Dirtied Blocks":0,"Local Written Blocks":0,"Temp Read Blocks":0,"Temp Written Blocks":0,"I/O Read Time":0.0,"I/O Write Time":0.0,"Temp I/O Read Time":0.0,"Temp I/O Write Time":0.0}]}]}]}]}]},{"Node Type":"Index Only Scan","Parent Relationship":"Inner","Parallel Aware":false,"Async Capable":false,"Scan Direction":"Forward","Index Name":"stock_pk","Relation Name":"stock","Schema":"public","Alias":"stock","Startup Cost":0.43,"Total Cost":259690.86,"Plan Rows":10000162,"Plan Width":6,"Actual Startup Time":0.046,"Actual Total Time":745.145,"Actual Rows":9999996,"Actual Loops":1,"Output":["stock.s_w_id","stock.s_i_id"],"Heap Fetches":0,"Shared Hit Blocks":27338,"Shared Read Blocks":0,"Shared Dirtied Blocks":0,"Shared Written Blocks":0,"Local Hit Blocks":0,"Local Read Blocks":0,"Local Dirtied Blocks":0,"Local Written Blocks":0,"Temp Read Blocks":0,"Temp Written Blocks":0,"I/O Read Time":0.0,"I/O Write Time":0.0,"Temp I/O Read Time":0.0,"Temp I/O Write Time":0.0}]},{"Node Type":"Hash","Parent Relationship":"Inner","Parallel Aware":false,"Async Capable":false,"Startup Cost":219.01,"Total Cost":219.01,"Plan Rows":10001,"Plan Width":8,"Actual Startup Time":3.154,"Actual Total Time":3.156,"Actual Rows":10000,"Actual Loops":1,"Output":["supplier.su_suppkey","supplier.su_nationkey"],"Hash Buckets":16384,"Original Hash Buckets":16384,"Hash Batches":1,"Original Hash Batches":1,"Peak Memory Usage":519,"Shared Hit Blocks":0,"Shared Read Blocks":0,"Shared Dirtied Blocks":0,"Shared Written Blocks":0,"Local Hit Blocks":0,"Local Read Blocks":0,"Local Dirtied Blocks":0,"Local Written Blocks":0,"Temp Read Blocks":0,"Temp Written Blocks":0,"I/O Read Time":0.0,"I/O Write Time":0.0,"Temp I/O Read Time":0.0,"Temp I/O Write Time":0.0,"Plans":[{"Node Type":"Append","Parent Relationship":"Outer","Parallel Aware":false,"Async Capable":false,"Startup Cost":20.0,"Total Cost":219.01,"Plan Rows":10001,"Plan Width":8,"Actual Startup Time":0.013,"Actual Total Time":1.789,"Actual Rows":10000,"Actual Loops":1,"Shared Hit Blocks":0,"Shared Read Blocks":0,"Shared Dirtied Blocks":0,"Shared Written Blocks":0,"Local Hit Blocks":0,"Local Read Blocks":0,"Local Dirtied Blocks":0,"Local Written Blocks":0,"Temp Read Blocks":0,"Temp Written Blocks":0,"I/O Read Time":0.0,"I/O Write Time":0.0,"Temp I/O Read Time":0.0,"Temp I/O Write Time":0.0,"Subplans Removed":0,"Plans":[{"Node Type":"Custom Scan","Parent Relationship":"Member","Custom Plan Provider":"columnar scan","Parallel Aware":false,"Async Capable":false,"Relation Name":"supplier","Schema":"public","Alias":"supplier","Startup Cost":20.0,"Total Cost":215.0,"Plan Rows":10000,"Plan Width":8,"Actual Startup Time":0.012,"Actual Total Time":1.089,"Actual Rows":10000,"Actual Loops":1,"Output":["supplier.su_suppkey","supplier.su_nationkey"],"Rows Removed by Columnar Filter":0,"Columnar cache search mode":"native","Shared Hit Blocks":0,"Shared Read Blocks":0,"Shared Dirtied Blocks":0,"Shared Written Blocks":0,"Local Hit Blocks":0,"Local Read Blocks":0,"Local Dirtied Blocks":0,"Local Written Blocks":0,"Temp Read Blocks":0,"Temp Written Blocks":0,"I/O Read Time":0.0,"I/O Write Time":0.0,"Temp I/O Read Time":0.0,"Temp I/O Write Time":0.0},{"Node Type":"Seq Scan","Parent Relationship":"Member","Parallel Aware":false,"Async Capable":false,"Relation Name":"supplier","Schema":"public","Alias":"supplier","Startup Cost":0.0,"Total Cost":4.01,"Plan Rows":1,"Plan Width":8,"Actual Startup Time":0.0,"Actual Total Time":0.0,"Actual Rows":0,"Actual Loops":0,"Output":["supplier.su_suppkey","supplier.su_nationkey"],"Shared Hit Blocks":0,"Shared Read Blocks":0,"Shared Dirtied Blocks":0,"Shared Written Blocks":0,"Local Hit Blocks":0,"Local Read Blocks":0,"Local Dirtied Blocks":0,"Local Written Blocks":0,"Temp Read Blocks":0,"Temp Written Blocks":0,"I/O Read Time":0.0,"I/O Write Time":0.0,"Temp I/O Read Time":0.0,"Temp I/O Write Time":0.0}]}]}]}]}]}]},"Planning":{"Shared Hit Blocks":16,"Shared Read Blocks":0,"Shared Dirtied Blocks":0,"Shared Written Blocks":0,"Local Hit Blocks":0,"Local Read Blocks":0,"Local Dirtied Blocks":0,"Local Written Blocks":0,"Temp Read Blocks":0,"Temp Written Blocks":0,"I/O Read Time":0.0,"I/O Write Time":0.0,"Temp I/O Read Time":0.0,"Temp I/O Write Time":0.0},"Planning Time":4.706,"Triggers":[],"Execution Time":16608.007}]
[列存组合]: nation, order_line
[{"Plan":{"Node Type":"Sort","Parallel Aware":false,"Async Capable":false,"Startup Cost":2003148.23,"Total Cost":2003148.39,"Plan Rows":62,"Plan Width":40,"Actual Startup Time":10343.499,"Actual Total Time":10343.524,"Actual Rows":11,"Actual Loops":1,"Output":["nation.n_name","(sum(order_line.ol_amount))"],"Sort Key":["(sum(order_line.ol_amount)) DESC"],"Sort Method":"quicksort","Sort Space Used":25,"Sort Space Type":"Memory","Shared Hit Blocks":279220,"Shared Read Blocks":0,"Shared Dirtied Blocks":0,"Shared Written Blocks":0,"Local Hit Blocks":0,"Local Read Blocks":0,"Local Dirtied Blocks":0,"Local Written Blocks":0,"Temp Read Blocks":62236,"Temp Written Blocks":62263,"I/O Read Time":0.0,"I/O Write Time":0.0,"Temp I/O Read Time":99.74,"Temp I/O Write Time":258.588,"Plans":[{"Node Type":"Aggregate","Strategy":"Sorted","Partial Mode":"Simple","Parent Relationship":"Outer","Parallel Aware":false,"Async Capable":false,"Startup Cost":2003072.45,"Total Cost":2003146.39,"Plan Rows":62,"Plan Width":40,"Actual Startup Time":10340.697,"Actual Total Time":10343.509,"Actual Rows":11,"Actual Loops":1,"Output":["nation.n_name","sum(order_line.ol_amount)"],"Group Key":["nation.n_name"],"Shared Hit Blocks":279220,"Shared Read Blocks":0,"Shared Dirtied Blocks":0,"Shared Written Blocks":0,"Local Hit Blocks":0,"Local Read Blocks":0,"Local Dirtied Blocks":0,"Local Written Blocks":0,"Temp Read Blocks":62236,"Temp Written Blocks":62263,"I/O Read Time":0.0,"I/O Write Time":0.0,"Temp I/O Read Time":99.74,"Temp I/O Write Time":258.588,"Plans":[{"Node Type":"Sort","Parent Relationship":"Outer","Parallel Aware":false,"Async Capable":false,"Startup Cost":2003072.45,"Total Cost":2003096.84,"Plan Rows":9755,"Plan Width":12,"Actual Startup Time":10340.488,"Actual Total Time":10341.25,"Actual Rows":17493,"Actual Loops":1,"Output":["nation.n_name","order_line.ol_amount"],"Sort Key":["nation.n_name"],"Sort Method":"quicksort","Sort Space Used":1725,"Sort Space Type":"Memory","Shared Hit Blocks":279220,"Shared Read Blocks":0,"Shared Dirtied Blocks":0,"Shared Written Blocks":0,"Local Hit Blocks":0,"Local Read Blocks":0,"Local Dirtied Blocks":0,"Local Written Blocks":0,"Temp Read Blocks":62236,"Temp Written Blocks":62263,"I/O Read Time":0.0,"I/O Write Time":0.0,"Temp I/O Read Time":99.74,"Temp I/O Write Time":258.588,"Plans":[{"Node Type":"Hash Join","Parent Relationship":"Outer","Parallel Aware":false,"Async Capable":false,"Join Type":"Inner","Startup Cost":1678929.18,"Total Cost":2002426.09,"Plan Rows":9755,"Plan Width":12,"Actual Startup Time":8507.616,"Actual Total Time":10331.569,"Actual Rows":17493,"Actual Loops":1,"Output":["nation.n_name","order_line.ol_amount"],"Inner Unique":true,"Hash Cond":"((mod((stock.s_w_id * stock.s_i_id), 10000) = supplier.su_suppkey) AND (customer.c_nationkey = supplier.su_nationkey))","Shared Hit Blocks":279220,"Shared Read Blocks":0,"Shared Dirtied Blocks":0,"Shared Written Blocks":0,"Local Hit Blocks":0,"Local Read Blocks":0,"Local Dirtied Blocks":0,"Local Written Blocks":0,"Temp Read Blocks":62236,"Temp Written Blocks":62263,"I/O Read Time":0.0,"I/O Write Time":0.0,"Temp I/O Read Time":99.74,"Temp I/O Write Time":258.588,"Plans":[{"Node Type":"Merge Join","Parent Relationship":"Outer","Parallel Aware":false,"Async Capable":false,"Join Type":"Inner","Startup Cost":1678462.18,"Total Cost":1998643.95,"Plan Rows":602749,"Plan Width":26,"Actual Startup Time":8504.594,"Actual Total Time":10189.896,"Actual Rows":1109507,"Actual Loops":1,"Output":["customer.c_nationkey","order_line.ol_amount","stock.s_w_id","stock.s_i_id","nation.n_name","nation.n_nationkey"],"Inner Unique":true,"Merge Cond":"((customer.c_w_id = stock.s_w_id) AND (order_line.ol_i_id = stock.s_i_id))","Shared Hit Blocks":279003,"Shared Read Blocks":0,"Shared Dirtied Blocks":0,"Shared Written Blocks":0,"Local Hit Blocks":0,"Local Read Blocks":0,"Local Dirtied Blocks":0,"Local Written Blocks":0,"Temp Read Blocks":62236,"Temp Written Blocks":62263,"I/O Read Time":0.0,"I/O Write Time":0.0,"Temp I/O Read Time":99.74,"Temp I/O Write Time":258.588,"Plans":[{"Node Type":"Sort","Parent Relationship":"Outer","Parallel Aware":false,"Async Capable":false,"Startup Cost":1678461.74,"Total Cost":1679949.42,"Plan Rows":595073,"Plan Width":30,"Actual Startup Time":8504.535,"Actual Total Time":8682.941,"Actual Rows":1109507,"Actual Loops":1,"Output":["customer.c_w_id","customer.c_nationkey","orders.o_w_id","order_line.ol_amount","order_line.ol_w_id","order_line.ol_i_id","nation.n_name","nation.n_nationkey"],"Sort Key":["customer.c_w_id","order_line.ol_i_id"],"Sort Method":"external merge","Sort Space Used":47304,"Sort Space Type":"Disk","Shared Hit Blocks":251665,"Shared Read Blocks":0,"Shared Dirtied Blocks":0,"Shared Written Blocks":0,"Local Hit Blocks":0,"Local Read Blocks":0,"Local Dirtied Blocks":0,"Local Written Blocks":0,"Temp Read Blocks":62236,"Temp Written Blocks":62263,"I/O Read Time":0.0,"I/O Write Time":0.0,"Temp I/O Read Time":99.74,"Temp I/O Write Time":258.588,"Plans":[{"Node Type":"Hash Join","Parent Relationship":"Outer","Parallel Aware":false,"Async Capable":false,"Join Type":"Inner","Startup Cost":403374.53,"Total Cost":1607148.18,"Plan Rows":595073,"Plan Width":30,"Actual Startup Time":1560.462,"Actual Total Time":7121.064,"Actual Rows":1109507,"Actual Loops":1,"Output":["customer.c_w_id","customer.c_nationkey","orders.o_w_id","order_line.ol_amount","order_line.ol_w_id","order_line.ol_i_id","nation.n_name","nation.n_nationkey"],"Inner Unique":false,"Hash Cond":"(customer.c_nationkey = nation.n_nationkey)","Shared Hit Blocks":251665,"Shared Read Blocks":0,"Shared Dirtied Blocks":0,"Shared Written Blocks":0,"Local Hit Blocks":0,"Local Read Blocks":0,"Local Dirtied Blocks":0,"Local Written Blocks":0,"Temp Read Blocks":50419,"Temp Written Blocks":50419,"I/O Read Time":0.0,"I/O Write Time":0.0,"Temp I/O Read Time":82.132,"Temp I/O Write Time":227.493,"Plans":[{"Node Type":"Hash Join","Parent Relationship":"Outer","Parallel Aware":false,"Async Capable":false,"Join Type":"Inner","Startup Cost":403371.39,"Total Cost":1590228.65,"Plan Rows":2975367,"Plan Width":18,"Actual Startup Time":1553.295,"Actual Total Time":6699.699,"Actual Rows":4284922,"Actual Loops":1,"Output":["customer.c_w_id","customer.c_nationkey","orders.o_w_id","order_line.ol_amount","order_line.ol_w_id","order_line.ol_i_id"],"Inner Unique":true,"Hash Cond":"((orders.o_c_id = customer.c_id) AND (orders.o_w_id = customer.c_w_id) AND (orders.o_d_id = customer.c_d_id))","Shared Hit Blocks":251663,"Shared Read Blocks":0,"Shared Dirtied Blocks":0,"Shared Written Blocks":0,"Local Hit Blocks":0,"Local Read Blocks":0,"Local Dirtied Blocks":0,"Local Written Blocks":0,"Temp Read Blocks":50419,"Temp Written Blocks":50419,"I/O Read Time":0.0,"I/O Write Time":0.0,"Temp I/O Read Time":82.132,"Temp I/O Write Time":227.493,"Plans":[{"Node Type":"Hash Join","Parent Relationship":"Outer","Parallel Aware":false,"Async Capable":false,"Join Type":"Inner","Startup Cost":76626.59,"Total Cost":1190536.82,"Plan Rows":2975367,"Plan Width":20,"Actual Startup Time":326.209,"Actual Total Time":3346.512,"Actual Rows":4284922,"Actual Loops":1,"Output":["orders.o_c_id","orders.o_w_id","orders.o_d_id","order_line.ol_amount","order_line.ol_w_id","order_line.ol_d_id","order_line.ol_i_id"],"Inner Unique":true,"Hash Cond":"((order_line.ol_w_id = orders.o_w_id) AND (order_line.ol_d_id = orders.o_d_id) AND (order_line.ol_o_id = orders.o_id))","Shared Hit Blocks":22059,"Shared Read Blocks":0,"Shared Dirtied Blocks":0,"Shared Written Blocks":0,"Local Hit Blocks":0,"Local Read Blocks":0,"Local Dirtied Blocks":0,"Local Written Blocks":0,"Temp Read Blocks":18772,"Temp Written Blocks":18772,"I/O Read Time":0.0,"I/O Write Time":0.0,"Temp I/O Read Time":31.324,"Temp I/O Write Time":79.96,"Plans":[{"Node Type":"Append","Parent Relationship":"Outer","Parallel Aware":false,"Async Capable":false,"Startup Cost":20.0,"Total Cost":701820.0,"Plan Rows":20926367,"Plan Width":20,"Actual Startup Time":1.408,"Actual Total Time":1303.732,"Actual Rows":4311079,"Actual Loops":1,"Shared Hit Blocks":0,"Shared Read Blocks":0,"Shared Dirtied Blocks":0,"Shared Written Blocks":0,"Local Hit Blocks":0,"Local Read Blocks":0,"Local Dirtied Blocks":0,"Local Written Blocks":0,"Temp Read Blocks":0,"Temp Written Blocks":0,"I/O Read Time":0.0,"I/O Write Time":0.0,"Temp I/O Read Time":0.0,"Temp I/O Write Time":0.0,"Subplans Removed":0,"Plans":[{"Node Type":"Custom Scan","Parent Relationship":"Member","Custom Plan Provider":"columnar scan","Parallel Aware":false,"Async Capable":false,"Relation Name":"order_line","Schema":"public","Alias":"order_line","Startup Cost":20.0,"Total Cost":533641.75,"Plan Rows":20926325,"Plan Width":20,"Actual Startup Time":1.406,"Actual Total Time":994.961,"Actual Rows":4311079,"Actual Loops":1,"Output":["order_line.ol_amount","order_line.ol_o_id","order_line.ol_w_id","order_line.ol_d_id","order_line.ol_i_id"],"Filter":"(order_line.ol_delivery_d >= '1992-01-02 20:10:02.27764'::timestamp without time zone)","Rows Removed by Filter":0,"Rows Removed by Columnar Filter":25686653,"Rows Filtered by Bloom Filter":0,"Dictionary Rows Filtered by Bloom Filter":25686653,"Columnar cache search mode":"native","Shared Hit Blocks":0,"Shared Read Blocks":0,"Shared Dirtied Blocks":0,"Shared Written Blocks":0,"Local Hit Blocks":0,"Local Read Blocks":0,"Local Dirtied Blocks":0,"Local Written Blocks":0,"Temp Read Blocks":0,"Temp Written Blocks":0,"I/O Read Time":0.0,"I/O Write Time":0.0,"Temp I/O Read Time":0.0,"Temp I/O Write Time":0.0},{"Node Type":"Seq Scan","Parent Relationship":"Member","Parallel Aware":false,"Async Capable":false,"Relation Name":"order_line","Schema":"public","Alias":"order_line","Startup Cost":0.0,"Total Cost":4.75,"Plan Rows":42,"Plan Width":20,"Actual Startup Time":0.0,"Actual Total Time":0.0,"Actual Rows":0,"Actual Loops":0,"Output":["order_line.ol_amount","order_line.ol_o_id","order_line.ol_w_id","order_line.ol_d_id","order_line.ol_i_id"],"Filter":"(order_line.ol_delivery_d >= '1992-01-02 20:10:02.27764'::timestamp without time zone)","Rows Removed by Filter":0,"Shared Hit Blocks":0,"Shared Read Blocks":0,"Shared Dirtied Blocks":0,"Shared Written Blocks":0,"Local Hit Blocks":0,"Local Read Blocks":0,"Local Dirtied Blocks":0,"Local Written Blocks":0,"Temp Read Blocks":0,"Temp Written Blocks":0,"I/O Read Time":0.0,"I/O Write Time":0.0,"Temp I/O Read Time":0.0,"Temp I/O Write Time":0.0}]},{"Node Type":"Hash","Parent Relationship":"Inner","Parallel Aware":false,"Async Capable":false,"Startup Cost":67059.0,"Total Cost":67059.0,"Plan Rows":426548,"Plan Width":16,"Actual Startup Time":323.459,"Actual Total Time":323.462,"Actual Rows":428399,"Actual Loops":1,"Output":["orders.o_c_id","orders.o_w_id","orders.o_d_id","orders.o_id"],"Hash Buckets":262144,"Original Hash Buckets":262144,"Hash Batches":4,"Original Hash Batches":4,"Peak Memory Usage":7080,"Shared Hit Blocks":22059,"Shared Read Blocks":0,"Shared Dirtied Blocks":0,"Shared Written Blocks":0,"Local Hit Blocks":0,"Local Read Blocks":0,"Local Dirtied Blocks":0,"Local Written Blocks":0,"Temp Read Blocks":0,"Temp Written Blocks":1410,"I/O Read Time":0.0,"I/O Write Time":0.0,"Temp I/O Read Time":0.0,"Temp I/O Write Time":6.715,"Plans":[{"Node Type":"Seq Scan","Parent Relationship":"Outer","Parallel Aware":false,"Async Capable":false,"Relation Name":"orders","Schema":"public","Alias":"orders","Startup Cost":0.0,"Total Cost":67059.0,"Plan Rows":426548,"Plan Width":16,"Actual Startup Time":0.774,"Actual Total Time":221.125,"Actual Rows":428399,"Actual Loops":1,"Output":["orders.o_c_id","orders.o_w_id","orders.o_d_id","orders.o_id"],"Filter":"((orders.o_entry_d >= '1993-01-02 20:10:02.27764'::timestamp without time zone) AND (orders.o_entry_d < '1994-01-02 20:10:02.27764'::timestamp without time zone))","Rows Removed by Filter":2571601,"Shared Hit Blocks":22059,"Shared Read Blocks":0,"Shared Dirtied Blocks":0,"Shared Written Blocks":0,"Local Hit Blocks":0,"Local Read Blocks":0,"Local Dirtied Blocks":0,"Local Written Blocks":0,"Temp Read Blocks":0,"Temp Written Blocks":0,"I/O Read Time":0.0,"I/O Write Time":0.0,"Temp I/O Read Time":0.0,"Temp I/O Write Time":0.0}]}]},{"Node Type":"Hash","Parent Relationship":"Inner","Parallel Aware":false,"Async Capable":false,"Startup Cost":259601.38,"Total Cost":259601.38,"Plan Rows":2999738,"Plan Width":12,"Actual Startup Time":1225.221,"Actual Total Time":1225.222,"Actual Rows":3000000,"Actual Loops":1,"Output":["customer.c_id","customer.c_w_id","customer.c_d_id","customer.c_nationkey"],"Hash Buckets":262144,"Original Hash Buckets":262144,"Hash Batches":32,"Original Hash Batches":32,"Peak Memory Usage":6090,"Shared Hit Blocks":229604,"Shared Read Blocks":0,"Shared Dirtied Blocks":0,"Shared Written Blocks":0,"Local Hit Blocks":0,"Local Read Blocks":0,"Local Dirtied Blocks":0,"Local Written Blocks":0,"Temp Read Blocks":0,"Temp Written Blocks":11335,"I/O Read Time":0.0,"I/O Write Time":0.0,"Temp I/O Read Time":0.0,"Temp I/O Write Time":54.845,"Plans":[{"Node Type":"Seq Scan","Parent Relationship":"Outer","Parallel Aware":false,"Async Capable":false,"Relation Name":"customer","Schema":"public","Alias":"customer","Startup Cost":0.0,"Total Cost":259601.38,"Plan Rows":2999738,"Plan Width":12,"Actual Startup Time":0.009,"Actual Total Time":720.206,"Actual Rows":3000000,"Actual Loops":1,"Output":["customer.c_id","customer.c_w_id","customer.c_d_id","customer.c_nationkey"],"Shared Hit Blocks":229604,"Shared Read Blocks":0,"Shared Dirtied Blocks":0,"Shared Written Blocks":0,"Local Hit Blocks":0,"Local Read Blocks":0,"Local Dirtied Blocks":0,"Local Written Blocks":0,"Temp Read Blocks":0,"Temp Written Blocks":0,"I/O Read Time":0.0,"I/O Write Time":0.0,"Temp I/O Read Time":0.0,"Temp I/O Write Time":0.0}]}]},{"Node Type":"Hash","Parent Relationship":"Inner","Parallel Aware":false,"Async Capable":false,"Startup Cost":2.99,"Total Cost":2.99,"Plan Rows":12,"Plan Width":12,"Actual Startup Time":0.04,"Actual Total Time":0.044,"Actual Rows":22,"Actual Loops":1,"Output":["nation.n_name","nation.n_nationkey"],"Hash Buckets":1024,"Original Hash Buckets":1024,"Hash Batches":1,"Original Hash Batches":1,"Peak Memory Usage":9,"Shared Hit Blocks":2,"Shared Read Blocks":0,"Shared Dirtied Blocks":0,"Shared Written Blocks":0,"Local Hit Blocks":0,"Local Read Blocks":0,"Local Dirtied Blocks":0,"Local Written Blocks":0,"Temp Read Blocks":0,"Temp Written Blocks":0,"I/O Read Time":0.0,"I/O Write Time":0.0,"Temp I/O Read Time":0.0,"Temp I/O Write Time":0.0,"Plans":[{"Node Type":"Hash Join","Parent Relationship":"Outer","Parallel Aware":false,"Async Capable":false,"Join Type":"Inner","Startup Cost":1.07,"Total Cost":2.99,"Plan Rows":12,"Plan Width":12,"Actual Startup Time":0.023,"Actual Total Time":0.037,"Actual Rows":22,"Actual Loops":1,"Output":["nation.n_name","nation.n_nationkey"],"Inner Unique":true,"Hash Cond":"(nation.n_regionkey = region.r_regionkey)","Shared Hit Blocks":2,"Shared Read Blocks":0,"Shared Dirtied Blocks":0,"Shared Written Blocks":0,"Local Hit Blocks":0,"Local Read Blocks":0,"Local Dirtied Blocks":0,"Local Written Blocks":0,"Temp Read Blocks":0,"Temp Written Blocks":0,"I/O Read Time":0.0,"I/O Write Time":0.0,"Temp I/O Read Time":0.0,"Temp I/O Write Time":0.0,"Plans":[{"Node Type":"Seq Scan","Parent Relationship":"Outer","Parallel Aware":false,"Async Capable":false,"Relation Name":"nation","Schema":"public","Alias":"nation","Startup Cost":0.0,"Total Cost":1.62,"Plan Rows":62,"Plan Width":16,"Actual Startup Time":0.005,"Actual Total Time":0.009,"Actual Rows":62,"Actual Loops":1,"Output":["nation.n_nationkey","nation.n_name","nation.n_regionkey","nation.n_comment"],"Shared Hit Blocks":1,"Shared Read Blocks":0,"Shared Dirtied Blocks":0,"Shared Written Blocks":0,"Local Hit Blocks":0,"Local Read Blocks":0,"Local Dirtied Blocks":0,"Local Written Blocks":0,"Temp Read Blocks":0,"Temp Written Blocks":0,"I/O Read Time":0.0,"I/O Write Time":0.0,"Temp I/O Read Time":0.0,"Temp I/O Write Time":0.0},{"Node Type":"Hash","Parent Relationship":"Inner","Parallel Aware":false,"Async Capable":false,"Startup Cost":1.06,"Total Cost":1.06,"Plan Rows":1,"Plan Width":4,"Actual Startup Time":0.008,"Actual Total Time":0.009,"Actual Rows":1,"Actual Loops":1,"Output":["region.r_regionkey"],"Hash Buckets":1024,"Original Hash Buckets":1024,"Hash Batches":1,"Original Hash Batches":1,"Peak Memory Usage":9,"Shared Hit Blocks":1,"Shared Read Blocks":0,"Shared Dirtied Blocks":0,"Shared Written Blocks":0,"Local Hit Blocks":0,"Local Read Blocks":0,"Local Dirtied Blocks":0,"Local Written Blocks":0,"Temp Read Blocks":0,"Temp Written Blocks":0,"I/O Read Time":0.0,"I/O Write Time":0.0,"Temp I/O Read Time":0.0,"Temp I/O Write Time":0.0,"Plans":[{"Node Type":"Seq Scan","Parent Relationship":"Outer","Parallel Aware":false,"Async Capable":false,"Relation Name":"region","Schema":"public","Alias":"region","Startup Cost":0.0,"Total Cost":1.06,"Plan Rows":1,"Plan Width":4,"Actual Startup Time":0.006,"Actual Total Time":0.007,"Actual Rows":1,"Actual Loops":1,"Output":["region.r_regionkey"],"Filter":"((region.r_name)::text = 'Europe'::text)","Rows Removed by Filter":4,"Shared Hit Blocks":1,"Shared Read Blocks":0,"Shared Dirtied Blocks":0,"Shared Written Blocks":0,"Local Hit Blocks":0,"Local Read Blocks":0,"Local Dirtied Blocks":0,"Local Written Blocks":0,"Temp Read Blocks":0,"Temp Written Blocks":0,"I/O Read Time":0.0,"I/O Write Time":0.0,"Temp I/O Read Time":0.0,"Temp I/O Write Time":0.0}]}]}]}]}]},{"Node Type":"Index Only Scan","Parent Relationship":"Inner","Parallel Aware":false,"Async Capable":false,"Scan Direction":"Forward","Index Name":"stock_pk","Relation Name":"stock","Schema":"public","Alias":"stock","Startup Cost":0.43,"Total Cost":259690.86,"Plan Rows":10000162,"Plan Width":6,"Actual Startup Time":0.045,"Actual Total Time":706.298,"Actual Rows":9999996,"Actual Loops":1,"Output":["stock.s_w_id","stock.s_i_id"],"Heap Fetches":0,"Shared Hit Blocks":27338,"Shared Read Blocks":0,"Shared Dirtied Blocks":0,"Shared Written Blocks":0,"Local Hit Blocks":0,"Local Read Blocks":0,"Local Dirtied Blocks":0,"Local Written Blocks":0,"Temp Read Blocks":0,"Temp Written Blocks":0,"I/O Read Time":0.0,"I/O Write Time":0.0,"Temp I/O Read Time":0.0,"Temp I/O Write Time":0.0}]},{"Node Type":"Hash","Parent Relationship":"Inner","Parallel Aware":false,"Async Capable":false,"Startup Cost":317.0,"Total Cost":317.0,"Plan Rows":10000,"Plan Width":8,"Actual Startup Time":2.603,"Actual Total Time":2.604,"Actual Rows":10000,"Actual Loops":1,"Output":["supplier.su_suppkey","supplier.su_nationkey"],"Hash Buckets":16384,"Original Hash Buckets":16384,"Hash Batches":1,"Original Hash Batches":1,"Peak Memory Usage":519,"Shared Hit Blocks":217,"Shared Read Blocks":0,"Shared Dirtied Blocks":0,"Shared Written Blocks":0,"Local Hit Blocks":0,"Local Read Blocks":0,"Local Dirtied Blocks":0,"Local Written Blocks":0,"Temp Read Blocks":0,"Temp Written Blocks":0,"I/O Read Time":0.0,"I/O Write Time":0.0,"Temp I/O Read Time":0.0,"Temp I/O Write Time":0.0,"Plans":[{"Node Type":"Seq Scan","Parent Relationship":"Outer","Parallel Aware":false,"Async Capable":false,"Relation Name":"supplier","Schema":"public","Alias":"supplier","Startup Cost":0.0,"Total Cost":317.0,"Plan Rows":10000,"Plan Width":8,"Actual Startup Time":0.009,"Actual Total Time":1.29,"Actual Rows":10000,"Actual Loops":1,"Output":["supplier.su_suppkey","supplier.su_nationkey"],"Shared Hit Blocks":217,"Shared Read Blocks":0,"Shared Dirtied Blocks":0,"Shared Written Blocks":0,"Local Hit Blocks":0,"Local Read Blocks":0,"Local Dirtied Blocks":0,"Local Written Blocks":0,"Temp Read Blocks":0,"Temp Written Blocks":0,"I/O Read Time":0.0,"I/O Write Time":0.0,"Temp I/O Read Time":0.0,"Temp I/O Write Time":0.0}]}]}]}]}]},"Planning":{"Shared Hit Blocks":16,"Shared Read Blocks":0,"Shared Dirtied Blocks":0,"Shared Written Blocks":0,"Local Hit Blocks":0,"Local Read Blocks":0,"Local Dirtied Blocks":0,"Local Written Blocks":0,"Temp Read Blocks":0,"Temp Written Blocks":0,"I/O Read Time":0.0,"I/O Write Time":0.0,"Temp I/O Read Time":0.0,"Temp I/O Write Time":0.0},"Planning Time":4.616,"Triggers":[],"Execution Time":10351.666}]
[列存组合]: nation, orders
[{"Plan":{"Node Type":"Sort","Parallel Aware":false,"Async Capable":false,"Startup Cost":2015869.77,"Total Cost":2015869.92,"Plan Rows":62,"Plan Width":40,"Actual Startup Time":16461.279,"Actual Total Time":16461.308,"Actual Rows":11,"Actual Loops":1,"Output":["nation.n_name","(sum(order_line.ol_amount))"],"Sort Key":["(sum(order_line.ol_amount)) DESC"],"Sort Method":"quicksort","Sort Space Used":25,"Sort Space Type":"Memory","Shared Hit Blocks":598045,"Shared Read Blocks":0,"Shared Dirtied Blocks":0,"Shared Written Blocks":0,"Local Hit Blocks":0,"Local Read Blocks":0,"Local Dirtied Blocks":0,"Local Written Blocks":0,"Temp Read Blocks":129460,"Temp Written Blocks":129487,"I/O Read Time":0.0,"I/O Write Time":0.0,"Temp I/O Read Time":201.378,"Temp I/O Write Time":523.71,"Plans":[{"Node Type":"Aggregate","Strategy":"Sorted","Partial Mode":"Simple","Parent Relationship":"Outer","Parallel Aware":false,"Async Capable":false,"Startup Cost":2015793.98,"Total Cost":2015867.92,"Plan Rows":62,"Plan Width":40,"Actual Startup Time":16458.4,"Actual Total Time":16461.292,"Actual Rows":11,"Actual Loops":1,"Output":["nation.n_name","sum(order_line.ol_amount)"],"Group Key":["nation.n_name"],"Shared Hit Blocks":598045,"Shared Read Blocks":0,"Shared Dirtied Blocks":0,"Shared Written Blocks":0,"Local Hit Blocks":0,"Local Read Blocks":0,"Local Dirtied Blocks":0,"Local Written Blocks":0,"Temp Read Blocks":129460,"Temp Written Blocks":129487,"I/O Read Time":0.0,"I/O Write Time":0.0,"Temp I/O Read Time":201.378,"Temp I/O Write Time":523.71,"Plans":[{"Node Type":"Sort","Parent Relationship":"Outer","Parallel Aware":false,"Async Capable":false,"Startup Cost":2015793.98,"Total Cost":2015818.37,"Plan Rows":9755,"Plan Width":12,"Actual Startup Time":16458.184,"Actual Total Time":16458.992,"Actual Rows":17493,"Actual Loops":1,"Output":["nation.n_name","order_line.ol_amount"],"Sort Key":["nation.n_name"],"Sort Method":"quicksort","Sort Space Used":1725,"Sort Space Type":"Memory","Shared Hit Blocks":598045,"Shared Read Blocks":0,"Shared Dirtied Blocks":0,"Shared Written Blocks":0,"Local Hit Blocks":0,"Local Read Blocks":0,"Local Dirtied Blocks":0,"Local Written Blocks":0,"Temp Read Blocks":129460,"Temp Written Blocks":129487,"I/O Read Time":0.0,"I/O Write Time":0.0,"Temp I/O Read Time":201.378,"Temp I/O Write Time":523.71,"Plans":[{"Node Type":"Hash Join","Parent Relationship":"Outer","Parallel Aware":false,"Async Capable":false,"Join Type":"Inner","Startup Cost":1691650.71,"Total Cost":2015147.62,"Plan Rows":9755,"Plan Width":12,"Actual Startup Time":14590.998,"Actual Total Time":16448.916,"Actual Rows":17493,"Actual Loops":1,"Output":["nation.n_name","order_line.ol_amount"],"Inner Unique":true,"Hash Cond":"((mod((stock.s_w_id * stock.s_i_id), 10000) = supplier.su_suppkey) AND (customer.c_nationkey = supplier.su_nationkey))","Shared Hit Blocks":598045,"Shared Read Blocks":0,"Shared Dirtied Blocks":0,"Shared Written Blocks":0,"Local Hit Blocks":0,"Local Read Blocks":0,"Local Dirtied Blocks":0,"Local Written Blocks":0,"Temp Read Blocks":129460,"Temp Written Blocks":129487,"I/O Read Time":0.0,"I/O Write Time":0.0,"Temp I/O Read Time":201.378,"Temp I/O Write Time":523.71,"Plans":[{"Node Type":"Merge Join","Parent Relationship":"Outer","Parallel Aware":false,"Async Capable":false,"Join Type":"Inner","Startup Cost":1691183.71,"Total Cost":2011365.49,"Plan Rows":602749,"Plan Width":26,"Actual Startup Time":14587.976,"Actual Total Time":16307.589,"Actual Rows":1109507,"Actual Loops":1,"Output":["customer.c_nationkey","order_line.ol_amount","stock.s_w_id","stock.s_i_id","nation.n_name","nation.n_nationkey"],"Inner Unique":true,"Merge Cond":"((customer.c_w_id = stock.s_w_id) AND (order_line.ol_i_id = stock.s_i_id))","Shared Hit Blocks":597828,"Shared Read Blocks":0,"Shared Dirtied Blocks":0,"Shared Written Blocks":0,"Local Hit Blocks":0,"Local Read Blocks":0,"Local Dirtied Blocks":0,"Local Written Blocks":0,"Temp Read Blocks":129460,"Temp Written Blocks":129487,"I/O Read Time":0.0,"I/O Write Time":0.0,"Temp I/O Read Time":201.378,"Temp I/O Write Time":523.71,"Plans":[{"Node Type":"Sort","Parent Relationship":"Outer","Parallel Aware":false,"Async Capable":false,"Startup Cost":1691183.28,"Total Cost":1692670.96,"Plan Rows":595073,"Plan Width":30,"Actual Startup Time":14587.917,"Actual Total Time":14768.587,"Actual Rows":1109507,"Actual Loops":1,"Output":["customer.c_w_id","customer.c_nationkey","orders.o_w_id","order_line.ol_amount","order_line.ol_w_id","order_line.ol_i_id","nation.n_name","nation.n_nationkey"],"Sort Key":["customer.c_w_id","order_line.ol_i_id"],"Sort Method":"external merge","Sort Space Used":47304,"Sort Space Type":"Disk","Shared Hit Blocks":570490,"Shared Read Blocks":0,"Shared Dirtied Blocks":0,"Shared Written Blocks":0,"Local Hit Blocks":0,"Local Read Blocks":0,"Local Dirtied Blocks":0,"Local Written Blocks":0,"Temp Read Blocks":129460,"Temp Written Blocks":129487,"I/O Read Time":0.0,"I/O Write Time":0.0,"Temp I/O Read Time":201.378,"Temp I/O Write Time":523.71,"Plans":[{"Node Type":"Hash Join","Parent Relationship":"Outer","Parallel Aware":false,"Async Capable":false,"Join Type":"Inner","Startup Cost":402039.66,"Total Cost":1619869.72,"Plan Rows":595073,"Plan Width":30,"Actual Startup Time":1408.544,"Actual Total Time":13201.95,"Actual Rows":1109507,"Actual Loops":1,"Output":["customer.c_w_id","customer.c_nationkey","orders.o_w_id","order_line.ol_amount","order_line.ol_w_id","order_line.ol_i_id","nation.n_name","nation.n_nationkey"],"Inner Unique":false,"Hash Cond":"(customer.c_nationkey = nation.n_nationkey)","Shared Hit Blocks":570490,"Shared Read Blocks":0,"Shared Dirtied Blocks":0,"Shared Written Blocks":0,"Local Hit Blocks":0,"Local Read Blocks":0,"Local Dirtied Blocks":0,"Local Written Blocks":0,"Temp Read Blocks":117643,"Temp Written Blocks":117643,"I/O Read Time":0.0,"I/O Write Time":0.0,"Temp I/O Read Time":183.717,"Temp I/O Write Time":492.418,"Plans":[{"Node Type":"Hash Join","Parent Relationship":"Outer","Parallel Aware":false,"Async Capable":false,"Join Type":"Inner","Startup Cost":402036.52,"Total Cost":1602950.18,"Plan Rows":2975367,"Plan Width":18,"Actual Startup Time":1399.077,"Actual Total Time":12778.605,"Actual Rows":4284922,"Actual Loops":1,"Output":["customer.c_w_id","customer.c_nationkey","orders.o_w_id","order_line.ol_amount","order_line.ol_w_id","order_line.ol_i_id"],"Inner Unique":true,"Hash Cond":"((orders.o_c_id = customer.c_id) AND (orders.o_w_id = customer.c_w_id) AND (orders.o_d_id = customer.c_d_id))","Shared Hit Blocks":570488,"Shared Read Blocks":0,"Shared Dirtied Blocks":0,"Shared Written Blocks":0,"Local Hit Blocks":0,"Local Read Blocks":0,"Local Dirtied Blocks":0,"Local Written Blocks":0,"Temp Read Blocks":117643,"Temp Written Blocks":117643,"I/O Read Time":0.0,"I/O Write Time":0.0,"Temp I/O Read Time":183.717,"Temp I/O Write Time":492.418,"Plans":[{"Node Type":"Hash Join","Parent Relationship":"Outer","Parallel Aware":false,"Async Capable":false,"Join Type":"Inner","Startup Cost":75291.73,"Total Cost":1203258.36,"Plan Rows":2975367,"Plan Width":20,"Actual Startup Time":246.632,"Actual Total Time":9498.398,"Actual Rows":4284922,"Actual Loops":1,"Output":["orders.o_c_id","orders.o_w_id","orders.o_d_id","order_line.ol_amount","order_line.ol_w_id","order_line.ol_d_id","order_line.ol_i_id"],"Inner Unique":true,"Hash Cond":"((order_line.ol_w_id = orders.o_w_id) AND (order_line.ol_d_id = orders.o_d_id) AND (order_line.ol_o_id = orders.o_id))","Shared Hit Blocks":340884,"Shared Read Blocks":0,"Shared Dirtied Blocks":0,"Shared Written Blocks":0,"Local Hit Blocks":0,"Local Read Blocks":0,"Local Dirtied Blocks":0,"Local Written Blocks":0,"Temp Read Blocks":85996,"Temp Written Blocks":85996,"I/O Read Time":0.0,"I/O Write Time":0.0,"Temp I/O Read Time":133.563,"Temp I/O Write Time":344.491,"Plans":[{"Node Type":"Seq Scan","Parent Relationship":"Outer","Parallel Aware":false,"Async Capable":false,"Relation Name":"order_line","Schema":"public","Alias":"order_line","Startup Cost":0.0,"Total Cost":715856.4,"Plan Rows":20926367,"Plan Width":20,"Actual Startup Time":0.006,"Actual Total Time":3679.02,"Actual Rows":21002151,"Actual Loops":1,"Output":["order_line.ol_amount","order_line.ol_o_id","order_line.ol_w_id","order_line.ol_d_id","order_line.ol_i_id"],"Filter":"(order_line.ol_delivery_d >= '1992-01-02 20:10:02.27764'::timestamp without time zone)","Rows Removed by Filter":8995581,"Shared Hit Blocks":340884,"Shared Read Blocks":0,"Shared Dirtied Blocks":0,"Shared Written Blocks":0,"Local Hit Blocks":0,"Local Read Blocks":0,"Local Dirtied Blocks":0,"Local Written Blocks":0,"Temp Read Blocks":0,"Temp Written Blocks":0,"I/O Read Time":0.0,"I/O Write Time":0.0,"Temp I/O Read Time":0.0,"Temp I/O Write Time":0.0},{"Node Type":"Hash","Parent Relationship":"Inner","Parallel Aware":false,"Async Capable":false,"Startup Cost":65744.12,"Total Cost":65744.12,"Plan Rows":426549,"Plan Width":16,"Actual Startup Time":179.168,"Actual Total Time":179.177,"Actual Rows":428399,"Actual Loops":1,"Output":["orders.o_c_id","orders.o_w_id","orders.o_d_id","orders.o_id"],"Hash Buckets":262144,"Original Hash Buckets":262144,"Hash Batches":4,"Original Hash Batches":4,"Peak Memory Usage":7080,"Shared Hit Blocks":0,"Shared Read Blocks":0,"Shared Dirtied Blocks":0,"Shared Written Blocks":0,"Local Hit Blocks":0,"Local Read Blocks":0,"Local Dirtied Blocks":0,"Local Written Blocks":0,"Temp Read Blocks":0,"Temp Written Blocks":1410,"I/O Read Time":0.0,"I/O Write Time":0.0,"Temp I/O Read Time":0.0,"Temp I/O Write Time":5.753,"Plans":[{"Node Type":"Append","Parent Relationship":"Outer","Parallel Aware":false,"Async Capable":false,"Startup Cost":20.0,"Total Cost":65744.12,"Plan Rows":426549,"Plan Width":16,"Actual Startup Time":0.524,"Actual Total Time":102.592,"Actual Rows":428399,"Actual Loops":1,"Shared Hit Blocks":0,"Shared Read Blocks":0,"Shared Dirtied Blocks":0,"Shared Written Blocks":0,"Local Hit Blocks":0,"Local Read Blocks":0,"Local Dirtied Blocks":0,"Local Written Blocks":0,"Temp Read Blocks":0,"Temp Written Blocks":0,"I/O Read Time":0.0,"I/O Write Time":0.0,"Temp I/O Read Time":0.0,"Temp I/O Write Time":0.0,"Subplans Removed":0,"Plans":[{"Node Type":"Custom Scan","Parent Relationship":"Member","Custom Plan Provider":"columnar scan","Parallel Aware":false,"Async Capable":false,"Relation Name":"orders","Schema":"public","Alias":"orders","Startup Cost":20.0,"Total Cost":10043.96,"Plan Rows":426548,"Plan Width":16,"Actual Startup Time":0.522,"Actual Total Time":72.293,"Actual Rows":428399,"Actual Loops":1,"Output":["orders.o_c_id","orders.o_w_id","orders.o_d_id","orders.o_id"],"Filter":"((orders.o_entry_d < '1994-01-02 20:10:02.27764'::timestamp without time zone) AND (orders.o_entry_d >= '1993-01-02 20:10:02.27764'::timestamp without time zone))","Rows Removed by Filter":0,"Rows Removed by Columnar Filter":2571601,"Columnar cache search mode":"native","Shared Hit Blocks":0,"Shared Read Blocks":0,"Shared Dirtied Blocks":0,"Shared Written Blocks":0,"Local Hit Blocks":0,"Local Read Blocks":0,"Local Dirtied Blocks":0,"Local Written Blocks":0,"Temp Read Blocks":0,"Temp Written Blocks":0,"I/O Read Time":0.0,"I/O Write Time":0.0,"Temp I/O Read Time":0.0,"Temp I/O Write Time":0.0},{"Node Type":"Seq Scan","Parent Relationship":"Member","Parallel Aware":false,"Async Capable":false,"Relation Name":"orders","Schema":"public","Alias":"orders","Startup Cost":0.0,"Total Cost":4.01,"Plan Rows":1,"Plan Width":16,"Actual Startup Time":0.0,"Actual Total Time":0.0,"Actual Rows":0,"Actual Loops":0,"Output":["orders.o_c_id","orders.o_w_id","orders.o_d_id","orders.o_id"],"Filter":"((orders.o_entry_d < '1994-01-02 20:10:02.27764'::timestamp without time zone) AND (orders.o_entry_d >= '1993-01-02 20:10:02.27764'::timestamp without time zone))","Rows Removed by Filter":0,"Shared Hit Blocks":0,"Shared Read Blocks":0,"Shared Dirtied Blocks":0,"Shared Written Blocks":0,"Local Hit Blocks":0,"Local Read Blocks":0,"Local Dirtied Blocks":0,"Local Written Blocks":0,"Temp Read Blocks":0,"Temp Written Blocks":0,"I/O Read Time":0.0,"I/O Write Time":0.0,"Temp I/O Read Time":0.0,"Temp I/O Write Time":0.0}]}]}]},{"Node Type":"Hash","Parent Relationship":"Inner","Parallel Aware":false,"Async Capable":false,"Startup Cost":259601.38,"Total Cost":259601.38,"Plan Rows":2999738,"Plan Width":12,"Actual Startup Time":1150.141,"Actual Total Time":1150.144,"Actual Rows":3000000,"Actual Loops":1,"Output":["customer.c_id","customer.c_w_id","customer.c_d_id","customer.c_nationkey"],"Hash Buckets":262144,"Original Hash Buckets":262144,"Hash Batches":32,"Original Hash Batches":32,"Peak Memory Usage":6090,"Shared Hit Blocks":229604,"Shared Read Blocks":0,"Shared Dirtied Blocks":0,"Shared Written Blocks":0,"Local Hit Blocks":0,"Local Read Blocks":0,"Local Dirtied Blocks":0,"Local Written Blocks":0,"Temp Read Blocks":0,"Temp Written Blocks":11335,"I/O Read Time":0.0,"I/O Write Time":0.0,"Temp I/O Read Time":0.0,"Temp I/O Write Time":52.519,"Plans":[{"Node Type":"Seq Scan","Parent Relationship":"Outer","Parallel Aware":false,"Async Capable":false,"Relation Name":"customer","Schema":"public","Alias":"customer","Startup Cost":0.0,"Total Cost":259601.38,"Plan Rows":2999738,"Plan Width":12,"Actual Startup Time":0.008,"Actual Total Time":646.68,"Actual Rows":3000000,"Actual Loops":1,"Output":["customer.c_id","customer.c_w_id","customer.c_d_id","customer.c_nationkey"],"Shared Hit Blocks":229604,"Shared Read Blocks":0,"Shared Dirtied Blocks":0,"Shared Written Blocks":0,"Local Hit Blocks":0,"Local Read Blocks":0,"Local Dirtied Blocks":0,"Local Written Blocks":0,"Temp Read Blocks":0,"Temp Written Blocks":0,"I/O Read Time":0.0,"I/O Write Time":0.0,"Temp I/O Read Time":0.0,"Temp I/O Write Time":0.0}]}]},{"Node Type":"Hash","Parent Relationship":"Inner","Parallel Aware":false,"Async Capable":false,"Startup Cost":2.99,"Total Cost":2.99,"Plan Rows":12,"Plan Width":12,"Actual Startup Time":0.042,"Actual Total Time":0.046,"Actual Rows":22,"Actual Loops":1,"Output":["nation.n_name","nation.n_nationkey"],"Hash Buckets":1024,"Original Hash Buckets":1024,"Hash Batches":1,"Original Hash Batches":1,"Peak Memory Usage":9,"Shared Hit Blocks":2,"Shared Read Blocks":0,"Shared Dirtied Blocks":0,"Shared Written Blocks":0,"Local Hit Blocks":0,"Local Read Blocks":0,"Local Dirtied Blocks":0,"Local Written Blocks":0,"Temp Read Blocks":0,"Temp Written Blocks":0,"I/O Read Time":0.0,"I/O Write Time":0.0,"Temp I/O Read Time":0.0,"Temp I/O Write Time":0.0,"Plans":[{"Node Type":"Hash Join","Parent Relationship":"Outer","Parallel Aware":false,"Async Capable":false,"Join Type":"Inner","Startup Cost":1.07,"Total Cost":2.99,"Plan Rows":12,"Plan Width":12,"Actual Startup Time":0.024,"Actual Total Time":0.038,"Actual Rows":22,"Actual Loops":1,"Output":["nation.n_name","nation.n_nationkey"],"Inner Unique":true,"Hash Cond":"(nation.n_regionkey = region.r_regionkey)","Shared Hit Blocks":2,"Shared Read Blocks":0,"Shared Dirtied Blocks":0,"Shared Written Blocks":0,"Local Hit Blocks":0,"Local Read Blocks":0,"Local Dirtied Blocks":0,"Local Written Blocks":0,"Temp Read Blocks":0,"Temp Written Blocks":0,"I/O Read Time":0.0,"I/O Write Time":0.0,"Temp I/O Read Time":0.0,"Temp I/O Write Time":0.0,"Plans":[{"Node Type":"Seq Scan","Parent Relationship":"Outer","Parallel Aware":false,"Async Capable":false,"Relation Name":"nation","Schema":"public","Alias":"nation","Startup Cost":0.0,"Total Cost":1.62,"Plan Rows":62,"Plan Width":16,"Actual Startup Time":0.006,"Actual Total Time":0.009,"Actual Rows":62,"Actual Loops":1,"Output":["nation.n_nationkey","nation.n_name","nation.n_regionkey","nation.n_comment"],"Shared Hit Blocks":1,"Shared Read Blocks":0,"Shared Dirtied Blocks":0,"Shared Written Blocks":0,"Local Hit Blocks":0,"Local Read Blocks":0,"Local Dirtied Blocks":0,"Local Written Blocks":0,"Temp Read Blocks":0,"Temp Written Blocks":0,"I/O Read Time":0.0,"I/O Write Time":0.0,"Temp I/O Read Time":0.0,"Temp I/O Write Time":0.0},{"Node Type":"Hash","Parent Relationship":"Inner","Parallel Aware":false,"Async Capable":false,"Startup Cost":1.06,"Total Cost":1.06,"Plan Rows":1,"Plan Width":4,"Actual Startup Time":0.008,"Actual Total Time":0.008,"Actual Rows":1,"Actual Loops":1,"Output":["region.r_regionkey"],"Hash Buckets":1024,"Original Hash Buckets":1024,"Hash Batches":1,"Original Hash Batches":1,"Peak Memory Usage":9,"Shared Hit Blocks":1,"Shared Read Blocks":0,"Shared Dirtied Blocks":0,"Shared Written Blocks":0,"Local Hit Blocks":0,"Local Read Blocks":0,"Local Dirtied Blocks":0,"Local Written Blocks":0,"Temp Read Blocks":0,"Temp Written Blocks":0,"I/O Read Time":0.0,"I/O Write Time":0.0,"Temp I/O Read Time":0.0,"Temp I/O Write Time":0.0,"Plans":[{"Node Type":"Seq Scan","Parent Relationship":"Outer","Parallel Aware":false,"Async Capable":false,"Relation Name":"region","Schema":"public","Alias":"region","Startup Cost":0.0,"Total Cost":1.06,"Plan Rows":1,"Plan Width":4,"Actual Startup Time":0.006,"Actual Total Time":0.006,"Actual Rows":1,"Actual Loops":1,"Output":["region.r_regionkey"],"Filter":"((region.r_name)::text = 'Europe'::text)","Rows Removed by Filter":4,"Shared Hit Blocks":1,"Shared Read Blocks":0,"Shared Dirtied Blocks":0,"Shared Written Blocks":0,"Local Hit Blocks":0,"Local Read Blocks":0,"Local Dirtied Blocks":0,"Local Written Blocks":0,"Temp Read Blocks":0,"Temp Written Blocks":0,"I/O Read Time":0.0,"I/O Write Time":0.0,"Temp I/O Read Time":0.0,"Temp I/O Write Time":0.0}]}]}]}]}]},{"Node Type":"Index Only Scan","Parent Relationship":"Inner","Parallel Aware":false,"Async Capable":false,"Scan Direction":"Forward","Index Name":"stock_pk","Relation Name":"stock","Schema":"public","Alias":"stock","Startup Cost":0.43,"Total Cost":259690.86,"Plan Rows":10000162,"Plan Width":6,"Actual Startup Time":0.045,"Actual Total Time":721.234,"Actual Rows":9999996,"Actual Loops":1,"Output":["stock.s_w_id","stock.s_i_id"],"Heap Fetches":0,"Shared Hit Blocks":27338,"Shared Read Blocks":0,"Shared Dirtied Blocks":0,"Shared Written Blocks":0,"Local Hit Blocks":0,"Local Read Blocks":0,"Local Dirtied Blocks":0,"Local Written Blocks":0,"Temp Read Blocks":0,"Temp Written Blocks":0,"I/O Read Time":0.0,"I/O Write Time":0.0,"Temp I/O Read Time":0.0,"Temp I/O Write Time":0.0}]},{"Node Type":"Hash","Parent Relationship":"Inner","Parallel Aware":false,"Async Capable":false,"Startup Cost":317.0,"Total Cost":317.0,"Plan Rows":10000,"Plan Width":8,"Actual Startup Time":2.593,"Actual Total Time":2.594,"Actual Rows":10000,"Actual Loops":1,"Output":["supplier.su_suppkey","supplier.su_nationkey"],"Hash Buckets":16384,"Original Hash Buckets":16384,"Hash Batches":1,"Original Hash Batches":1,"Peak Memory Usage":519,"Shared Hit Blocks":217,"Shared Read Blocks":0,"Shared Dirtied Blocks":0,"Shared Written Blocks":0,"Local Hit Blocks":0,"Local Read Blocks":0,"Local Dirtied Blocks":0,"Local Written Blocks":0,"Temp Read Blocks":0,"Temp Written Blocks":0,"I/O Read Time":0.0,"I/O Write Time":0.0,"Temp I/O Read Time":0.0,"Temp I/O Write Time":0.0,"Plans":[{"Node Type":"Seq Scan","Parent Relationship":"Outer","Parallel Aware":false,"Async Capable":false,"Relation Name":"supplier","Schema":"public","Alias":"supplier","Startup Cost":0.0,"Total Cost":317.0,"Plan Rows":10000,"Plan Width":8,"Actual Startup Time":0.011,"Actual Total Time":1.292,"Actual Rows":10000,"Actual Loops":1,"Output":["supplier.su_suppkey","supplier.su_nationkey"],"Shared Hit Blocks":217,"Shared Read Blocks":0,"Shared Dirtied Blocks":0,"Shared Written Blocks":0,"Local Hit Blocks":0,"Local Read Blocks":0,"Local Dirtied Blocks":0,"Local Written Blocks":0,"Temp Read Blocks":0,"Temp Written Blocks":0,"I/O Read Time":0.0,"I/O Write Time":0.0,"Temp I/O Read Time":0.0,"Temp I/O Write Time":0.0}]}]}]}]}]},"Planning":{"Shared Hit Blocks":16,"Shared Read Blocks":0,"Shared Dirtied Blocks":0,"Shared Written Blocks":0,"Local Hit Blocks":0,"Local Read Blocks":0,"Local Dirtied Blocks":0,"Local Written Blocks":0,"Temp Read Blocks":0,"Temp Written Blocks":0,"I/O Read Time":0.0,"I/O Write Time":0.0,"Temp I/O Read Time":0.0,"Temp I/O Write Time":0.0},"Planning Time":4.438,"Triggers":[],"Execution Time":16469.453}]
[列存组合]: nation, region
[{"Plan":{"Node Type":"Sort","Parallel Aware":false,"Async Capable":false,"Startup Cost":2017184.63,"Total Cost":2017184.79,"Plan Rows":62,"Plan Width":40,"Actual Startup Time":16542.698,"Actual Total Time":16542.721,"Actual Rows":11,"Actual Loops":1,"Output":["nation.n_name","(sum(order_line.ol_amount))"],"Sort Key":["(sum(order_line.ol_amount)) DESC"],"Sort Method":"quicksort","Sort Space Used":25,"Sort Space Type":"Memory","Shared Hit Blocks":620104,"Shared Read Blocks":0,"Shared Dirtied Blocks":0,"Shared Written Blocks":0,"Local Hit Blocks":0,"Local Read Blocks":0,"Local Dirtied Blocks":0,"Local Written Blocks":0,"Temp Read Blocks":129460,"Temp Written Blocks":129487,"I/O Read Time":0.0,"I/O Write Time":0.0,"Temp I/O Read Time":203.734,"Temp I/O Write Time":519.621,"Plans":[{"Node Type":"Aggregate","Strategy":"Sorted","Partial Mode":"Simple","Parent Relationship":"Outer","Parallel Aware":false,"Async Capable":false,"Startup Cost":2017108.85,"Total Cost":2017182.79,"Plan Rows":62,"Plan Width":40,"Actual Startup Time":16539.858,"Actual Total Time":16542.707,"Actual Rows":11,"Actual Loops":1,"Output":["nation.n_name","sum(order_line.ol_amount)"],"Group Key":["nation.n_name"],"Shared Hit Blocks":620104,"Shared Read Blocks":0,"Shared Dirtied Blocks":0,"Shared Written Blocks":0,"Local Hit Blocks":0,"Local Read Blocks":0,"Local Dirtied Blocks":0,"Local Written Blocks":0,"Temp Read Blocks":129460,"Temp Written Blocks":129487,"I/O Read Time":0.0,"I/O Write Time":0.0,"Temp I/O Read Time":203.734,"Temp I/O Write Time":519.621,"Plans":[{"Node Type":"Sort","Parent Relationship":"Outer","Parallel Aware":false,"Async Capable":false,"Startup Cost":2017108.85,"Total Cost":2017133.24,"Plan Rows":9755,"Plan Width":12,"Actual Startup Time":16539.647,"Actual Total Time":16540.425,"Actual Rows":17493,"Actual Loops":1,"Output":["nation.n_name","order_line.ol_amount"],"Sort Key":["nation.n_name"],"Sort Method":"quicksort","Sort Space Used":1725,"Sort Space Type":"Memory","Shared Hit Blocks":620104,"Shared Read Blocks":0,"Shared Dirtied Blocks":0,"Shared Written Blocks":0,"Local Hit Blocks":0,"Local Read Blocks":0,"Local Dirtied Blocks":0,"Local Written Blocks":0,"Temp Read Blocks":129460,"Temp Written Blocks":129487,"I/O Read Time":0.0,"I/O Write Time":0.0,"Temp I/O Read Time":203.734,"Temp I/O Write Time":519.621,"Plans":[{"Node Type":"Hash Join","Parent Relationship":"Outer","Parallel Aware":false,"Async Capable":false,"Join Type":"Inner","Startup Cost":1692965.58,"Total Cost":2016462.49,"Plan Rows":9755,"Plan Width":12,"Actual Startup Time":14688.679,"Actual Total Time":16530.415,"Actual Rows":17493,"Actual Loops":1,"Output":["nation.n_name","order_line.ol_amount"],"Inner Unique":true,"Hash Cond":"((mod((stock.s_w_id * stock.s_i_id), 10000) = supplier.su_suppkey) AND (customer.c_nationkey = supplier.su_nationkey))","Shared Hit Blocks":620104,"Shared Read Blocks":0,"Shared Dirtied Blocks":0,"Shared Written Blocks":0,"Local Hit Blocks":0,"Local Read Blocks":0,"Local Dirtied Blocks":0,"Local Written Blocks":0,"Temp Read Blocks":129460,"Temp Written Blocks":129487,"I/O Read Time":0.0,"I/O Write Time":0.0,"Temp I/O Read Time":203.734,"Temp I/O Write Time":519.621,"Plans":[{"Node Type":"Merge Join","Parent Relationship":"Outer","Parallel Aware":false,"Async Capable":false,"Join Type":"Inner","Startup Cost":1692498.58,"Total Cost":2012680.35,"Plan Rows":602749,"Plan Width":26,"Actual Startup Time":14685.69,"Actual Total Time":16389.677,"Actual Rows":1109507,"Actual Loops":1,"Output":["customer.c_nationkey","order_line.ol_amount","stock.s_w_id","stock.s_i_id","nation.n_name","nation.n_nationkey"],"Inner Unique":true,"Merge Cond":"((customer.c_w_id = stock.s_w_id) AND (order_line.ol_i_id = stock.s_i_id))","Shared Hit Blocks":619887,"Shared Read Blocks":0,"Shared Dirtied Blocks":0,"Shared Written Blocks":0,"Local Hit Blocks":0,"Local Read Blocks":0,"Local Dirtied Blocks":0,"Local Written Blocks":0,"Temp Read Blocks":129460,"Temp Written Blocks":129487,"I/O Read Time":0.0,"I/O Write Time":0.0,"Temp I/O Read Time":203.734,"Temp I/O Write Time":519.621,"Plans":[{"Node Type":"Sort","Parent Relationship":"Outer","Parallel Aware":false,"Async Capable":false,"Startup Cost":1692498.14,"Total Cost":1693985.82,"Plan Rows":595073,"Plan Width":30,"Actual Startup Time":14685.623,"Actual Total Time":14864.337,"Actual Rows":1109507,"Actual Loops":1,"Output":["customer.c_w_id","customer.c_nationkey","orders.o_w_id","order_line.ol_amount","order_line.ol_w_id","order_line.ol_i_id","nation.n_name","nation.n_nationkey"],"Sort Key":["customer.c_w_id","order_line.ol_i_id"],"Sort Method":"external merge","Sort Space Used":47304,"Sort Space Type":"Disk","Shared Hit Blocks":592549,"Shared Read Blocks":0,"Shared Dirtied Blocks":0,"Shared Written Blocks":0,"Local Hit Blocks":0,"Local Read Blocks":0,"Local Dirtied Blocks":0,"Local Written Blocks":0,"Temp Read Blocks":129460,"Temp Written Blocks":129487,"I/O Read Time":0.0,"I/O Write Time":0.0,"Temp I/O Read Time":203.734,"Temp I/O Write Time":519.621,"Plans":[{"Node Type":"Hash Join","Parent Relationship":"Outer","Parallel Aware":false,"Async Capable":false,"Join Type":"Inner","Startup Cost":403354.53,"Total Cost":1621184.58,"Plan Rows":595073,"Plan Width":30,"Actual Startup Time":1510.116,"Actual Total Time":13281.296,"Actual Rows":1109507,"Actual Loops":1,"Output":["customer.c_w_id","customer.c_nationkey","orders.o_w_id","order_line.ol_amount","order_line.ol_w_id","order_line.ol_i_id","nation.n_name","nation.n_nationkey"],"Inner Unique":false,"Hash Cond":"(customer.c_nationkey = nation.n_nationkey)","Shared Hit Blocks":592549,"Shared Read Blocks":0,"Shared Dirtied Blocks":0,"Shared Written Blocks":0,"Local Hit Blocks":0,"Local Read Blocks":0,"Local Dirtied Blocks":0,"Local Written Blocks":0,"Temp Read Blocks":117643,"Temp Written Blocks":117643,"I/O Read Time":0.0,"I/O Write Time":0.0,"Temp I/O Read Time":186.395,"Temp I/O Write Time":488.513,"Plans":[{"Node Type":"Hash Join","Parent Relationship":"Outer","Parallel Aware":false,"Async Capable":false,"Join Type":"Inner","Startup Cost":403351.39,"Total Cost":1604265.05,"Plan Rows":2975367,"Plan Width":18,"Actual Startup Time":1500.679,"Actual Total Time":12860.984,"Actual Rows":4284922,"Actual Loops":1,"Output":["customer.c_w_id","customer.c_nationkey","orders.o_w_id","order_line.ol_amount","order_line.ol_w_id","order_line.ol_i_id"],"Inner Unique":true,"Hash Cond":"((orders.o_c_id = customer.c_id) AND (orders.o_w_id = customer.c_w_id) AND (orders.o_d_id = customer.c_d_id))","Shared Hit Blocks":592547,"Shared Read Blocks":0,"Shared Dirtied Blocks":0,"Shared Written Blocks":0,"Local Hit Blocks":0,"Local Read Blocks":0,"Local Dirtied Blocks":0,"Local Written Blocks":0,"Temp Read Blocks":117643,"Temp Written Blocks":117643,"I/O Read Time":0.0,"I/O Write Time":0.0,"Temp I/O Read Time":186.395,"Temp I/O Write Time":488.513,"Plans":[{"Node Type":"Hash Join","Parent Relationship":"Outer","Parallel Aware":false,"Async Capable":false,"Join Type":"Inner","Startup Cost":76606.59,"Total Cost":1204573.22,"Plan Rows":2975367,"Plan Width":20,"Actual Startup Time":361.528,"Actual Total Time":9594.625,"Actual Rows":4284922,"Actual Loops":1,"Output":["orders.o_c_id","orders.o_w_id","orders.o_d_id","order_line.ol_amount","order_line.ol_w_id","order_line.ol_d_id","order_line.ol_i_id"],"Inner Unique":true,"Hash Cond":"((order_line.ol_w_id = orders.o_w_id) AND (order_line.ol_d_id = orders.o_d_id) AND (order_line.ol_o_id = orders.o_id))","Shared Hit Blocks":362943,"Shared Read Blocks":0,"Shared Dirtied Blocks":0,"Shared Written Blocks":0,"Local Hit Blocks":0,"Local Read Blocks":0,"Local Dirtied Blocks":0,"Local Written Blocks":0,"Temp Read Blocks":85996,"Temp Written Blocks":85996,"I/O Read Time":0.0,"I/O Write Time":0.0,"Temp I/O Read Time":136.571,"Temp I/O Write Time":342.394,"Plans":[{"Node Type":"Seq Scan","Parent Relationship":"Outer","Parallel Aware":false,"Async Capable":false,"Relation Name":"order_line","Schema":"public","Alias":"order_line","Startup Cost":0.0,"Total Cost":715856.4,"Plan Rows":20926367,"Plan Width":20,"Actual Startup Time":0.007,"Actual Total Time":3670.211,"Actual Rows":21002151,"Actual Loops":1,"Output":["order_line.ol_amount","order_line.ol_o_id","order_line.ol_w_id","order_line.ol_d_id","order_line.ol_i_id"],"Filter":"(order_line.ol_delivery_d >= '1992-01-02 20:10:02.27764'::timestamp without time zone)","Rows Removed by Filter":8995581,"Shared Hit Blocks":340884,"Shared Read Blocks":0,"Shared Dirtied Blocks":0,"Shared Written Blocks":0,"Local Hit Blocks":0,"Local Read Blocks":0,"Local Dirtied Blocks":0,"Local Written Blocks":0,"Temp Read Blocks":0,"Temp Written Blocks":0,"I/O Read Time":0.0,"I/O Write Time":0.0,"Temp I/O Read Time":0.0,"Temp I/O Write Time":0.0},{"Node Type":"Hash","Parent Relationship":"Inner","Parallel Aware":false,"Async Capable":false,"Startup Cost":67059.0,"Total Cost":67059.0,"Plan Rows":426548,"Plan Width":16,"Actual Startup Time":294.459,"Actual Total Time":294.463,"Actual Rows":428399,"Actual Loops":1,"Output":["orders.o_c_id","orders.o_w_id","orders.o_d_id","orders.o_id"],"Hash Buckets":262144,"Original Hash Buckets":262144,"Hash Batches":4,"Original Hash Batches":4,"Peak Memory Usage":7080,"Shared Hit Blocks":22059,"Shared Read Blocks":0,"Shared Dirtied Blocks":0,"Shared Written Blocks":0,"Local Hit Blocks":0,"Local Read Blocks":0,"Local Dirtied Blocks":0,"Local Written Blocks":0,"Temp Read Blocks":0,"Temp Written Blocks":1410,"I/O Read Time":0.0,"I/O Write Time":0.0,"Temp I/O Read Time":0.0,"Temp I/O Write Time":6.005,"Plans":[{"Node Type":"Seq Scan","Parent Relationship":"Outer","Parallel Aware":false,"Async Capable":false,"Relation Name":"orders","Schema":"public","Alias":"orders","Startup Cost":0.0,"Total Cost":67059.0,"Plan Rows":426548,"Plan Width":16,"Actual Startup Time":0.784,"Actual Total Time":220.588,"Actual Rows":428399,"Actual Loops":1,"Output":["orders.o_c_id","orders.o_w_id","orders.o_d_id","orders.o_id"],"Filter":"((orders.o_entry_d >= '1993-01-02 20:10:02.27764'::timestamp without time zone) AND (orders.o_entry_d < '1994-01-02 20:10:02.27764'::timestamp without time zone))","Rows Removed by Filter":2571601,"Shared Hit Blocks":22059,"Shared Read Blocks":0,"Shared Dirtied Blocks":0,"Shared Written Blocks":0,"Local Hit Blocks":0,"Local Read Blocks":0,"Local Dirtied Blocks":0,"Local Written Blocks":0,"Temp Read Blocks":0,"Temp Written Blocks":0,"I/O Read Time":0.0,"I/O Write Time":0.0,"Temp I/O Read Time":0.0,"Temp I/O Write Time":0.0}]}]},{"Node Type":"Hash","Parent Relationship":"Inner","Parallel Aware":false,"Async Capable":false,"Startup Cost":259601.38,"Total Cost":259601.38,"Plan Rows":2999738,"Plan Width":12,"Actual Startup Time":1136.863,"Actual Total Time":1136.864,"Actual Rows":3000000,"Actual Loops":1,"Output":["customer.c_id","customer.c_w_id","customer.c_d_id","customer.c_nationkey"],"Hash Buckets":262144,"Original Hash Buckets":262144,"Hash Batches":32,"Original Hash Batches":32,"Peak Memory Usage":6090,"Shared Hit Blocks":229604,"Shared Read Blocks":0,"Shared Dirtied Blocks":0,"Shared Written Blocks":0,"Local Hit Blocks":0,"Local Read Blocks":0,"Local Dirtied Blocks":0,"Local Written Blocks":0,"Temp Read Blocks":0,"Temp Written Blocks":11335,"I/O Read Time":0.0,"I/O Write Time":0.0,"Temp I/O Read Time":0.0,"Temp I/O Write Time":52.518,"Plans":[{"Node Type":"Seq Scan","Parent Relationship":"Outer","Parallel Aware":false,"Async Capable":false,"Relation Name":"customer","Schema":"public","Alias":"customer","Startup Cost":0.0,"Total Cost":259601.38,"Plan Rows":2999738,"Plan Width":12,"Actual Startup Time":0.007,"Actual Total Time":639.585,"Actual Rows":3000000,"Actual Loops":1,"Output":["customer.c_id","customer.c_w_id","customer.c_d_id","customer.c_nationkey"],"Shared Hit Blocks":229604,"Shared Read Blocks":0,"Shared Dirtied Blocks":0,"Shared Written Blocks":0,"Local Hit Blocks":0,"Local Read Blocks":0,"Local Dirtied Blocks":0,"Local Written Blocks":0,"Temp Read Blocks":0,"Temp Written Blocks":0,"I/O Read Time":0.0,"I/O Write Time":0.0,"Temp I/O Read Time":0.0,"Temp I/O Write Time":0.0}]}]},{"Node Type":"Hash","Parent Relationship":"Inner","Parallel Aware":false,"Async Capable":false,"Startup Cost":2.99,"Total Cost":2.99,"Plan Rows":12,"Plan Width":12,"Actual Startup Time":0.038,"Actual Total Time":0.042,"Actual Rows":22,"Actual Loops":1,"Output":["nation.n_name","nation.n_nationkey"],"Hash Buckets":1024,"Original Hash Buckets":1024,"Hash Batches":1,"Original Hash Batches":1,"Peak Memory Usage":9,"Shared Hit Blocks":2,"Shared Read Blocks":0,"Shared Dirtied Blocks":0,"Shared Written Blocks":0,"Local Hit Blocks":0,"Local Read Blocks":0,"Local Dirtied Blocks":0,"Local Written Blocks":0,"Temp Read Blocks":0,"Temp Written Blocks":0,"I/O Read Time":0.0,"I/O Write Time":0.0,"Temp I/O Read Time":0.0,"Temp I/O Write Time":0.0,"Plans":[{"Node Type":"Hash Join","Parent Relationship":"Outer","Parallel Aware":false,"Async Capable":false,"Join Type":"Inner","Startup Cost":1.07,"Total Cost":2.99,"Plan Rows":12,"Plan Width":12,"Actual Startup Time":0.023,"Actual Total Time":0.037,"Actual Rows":22,"Actual Loops":1,"Output":["nation.n_name","nation.n_nationkey"],"Inner Unique":true,"Hash Cond":"(nation.n_regionkey = region.r_regionkey)","Shared Hit Blocks":2,"Shared Read Blocks":0,"Shared Dirtied Blocks":0,"Shared Written Blocks":0,"Local Hit Blocks":0,"Local Read Blocks":0,"Local Dirtied Blocks":0,"Local Written Blocks":0,"Temp Read Blocks":0,"Temp Written Blocks":0,"I/O Read Time":0.0,"I/O Write Time":0.0,"Temp I/O Read Time":0.0,"Temp I/O Write Time":0.0,"Plans":[{"Node Type":"Seq Scan","Parent Relationship":"Outer","Parallel Aware":false,"Async Capable":false,"Relation Name":"nation","Schema":"public","Alias":"nation","Startup Cost":0.0,"Total Cost":1.62,"Plan Rows":62,"Plan Width":16,"Actual Startup Time":0.005,"Actual Total Time":0.009,"Actual Rows":62,"Actual Loops":1,"Output":["nation.n_nationkey","nation.n_name","nation.n_regionkey","nation.n_comment"],"Shared Hit Blocks":1,"Shared Read Blocks":0,"Shared Dirtied Blocks":0,"Shared Written Blocks":0,"Local Hit Blocks":0,"Local Read Blocks":0,"Local Dirtied Blocks":0,"Local Written Blocks":0,"Temp Read Blocks":0,"Temp Written Blocks":0,"I/O Read Time":0.0,"I/O Write Time":0.0,"Temp I/O Read Time":0.0,"Temp I/O Write Time":0.0},{"Node Type":"Hash","Parent Relationship":"Inner","Parallel Aware":false,"Async Capable":false,"Startup Cost":1.06,"Total Cost":1.06,"Plan Rows":1,"Plan Width":4,"Actual Startup Time":0.01,"Actual Total Time":0.01,"Actual Rows":1,"Actual Loops":1,"Output":["region.r_regionkey"],"Hash Buckets":1024,"Original Hash Buckets":1024,"Hash Batches":1,"Original Hash Batches":1,"Peak Memory Usage":9,"Shared Hit Blocks":1,"Shared Read Blocks":0,"Shared Dirtied Blocks":0,"Shared Written Blocks":0,"Local Hit Blocks":0,"Local Read Blocks":0,"Local Dirtied Blocks":0,"Local Written Blocks":0,"Temp Read Blocks":0,"Temp Written Blocks":0,"I/O Read Time":0.0,"I/O Write Time":0.0,"Temp I/O Read Time":0.0,"Temp I/O Write Time":0.0,"Plans":[{"Node Type":"Seq Scan","Parent Relationship":"Outer","Parallel Aware":false,"Async Capable":false,"Relation Name":"region","Schema":"public","Alias":"region","Startup Cost":0.0,"Total Cost":1.06,"Plan Rows":1,"Plan Width":4,"Actual Startup Time":0.008,"Actual Total Time":0.009,"Actual Rows":1,"Actual Loops":1,"Output":["region.r_regionkey"],"Filter":"((region.r_name)::text = 'Europe'::text)","Rows Removed by Filter":4,"Shared Hit Blocks":1,"Shared Read Blocks":0,"Shared Dirtied Blocks":0,"Shared Written Blocks":0,"Local Hit Blocks":0,"Local Read Blocks":0,"Local Dirtied Blocks":0,"Local Written Blocks":0,"Temp Read Blocks":0,"Temp Written Blocks":0,"I/O Read Time":0.0,"I/O Write Time":0.0,"Temp I/O Read Time":0.0,"Temp I/O Write Time":0.0}]}]}]}]}]},{"Node Type":"Index Only Scan","Parent Relationship":"Inner","Parallel Aware":false,"Async Capable":false,"Scan Direction":"Forward","Index Name":"stock_pk","Relation Name":"stock","Schema":"public","Alias":"stock","Startup Cost":0.43,"Total Cost":259690.86,"Plan Rows":10000162,"Plan Width":6,"Actual Startup Time":0.051,"Actual Total Time":715.713,"Actual Rows":9999996,"Actual Loops":1,"Output":["stock.s_w_id","stock.s_i_id"],"Heap Fetches":0,"Shared Hit Blocks":27338,"Shared Read Blocks":0,"Shared Dirtied Blocks":0,"Shared Written Blocks":0,"Local Hit Blocks":0,"Local Read Blocks":0,"Local Dirtied Blocks":0,"Local Written Blocks":0,"Temp Read Blocks":0,"Temp Written Blocks":0,"I/O Read Time":0.0,"I/O Write Time":0.0,"Temp I/O Read Time":0.0,"Temp I/O Write Time":0.0}]},{"Node Type":"Hash","Parent Relationship":"Inner","Parallel Aware":false,"Async Capable":false,"Startup Cost":317.0,"Total Cost":317.0,"Plan Rows":10000,"Plan Width":8,"Actual Startup Time":2.568,"Actual Total Time":2.568,"Actual Rows":10000,"Actual Loops":1,"Output":["supplier.su_suppkey","supplier.su_nationkey"],"Hash Buckets":16384,"Original Hash Buckets":16384,"Hash Batches":1,"Original Hash Batches":1,"Peak Memory Usage":519,"Shared Hit Blocks":217,"Shared Read Blocks":0,"Shared Dirtied Blocks":0,"Shared Written Blocks":0,"Local Hit Blocks":0,"Local Read Blocks":0,"Local Dirtied Blocks":0,"Local Written Blocks":0,"Temp Read Blocks":0,"Temp Written Blocks":0,"I/O Read Time":0.0,"I/O Write Time":0.0,"Temp I/O Read Time":0.0,"Temp I/O Write Time":0.0,"Plans":[{"Node Type":"Seq Scan","Parent Relationship":"Outer","Parallel Aware":false,"Async Capable":false,"Relation Name":"supplier","Schema":"public","Alias":"supplier","Startup Cost":0.0,"Total Cost":317.0,"Plan Rows":10000,"Plan Width":8,"Actual Startup Time":0.01,"Actual Total Time":1.298,"Actual Rows":10000,"Actual Loops":1,"Output":["supplier.su_suppkey","supplier.su_nationkey"],"Shared Hit Blocks":217,"Shared Read Blocks":0,"Shared Dirtied Blocks":0,"Shared Written Blocks":0,"Local Hit Blocks":0,"Local Read Blocks":0,"Local Dirtied Blocks":0,"Local Written Blocks":0,"Temp Read Blocks":0,"Temp Written Blocks":0,"I/O Read Time":0.0,"I/O Write Time":0.0,"Temp I/O Read Time":0.0,"Temp I/O Write Time":0.0}]}]}]}]}]},"Planning":{"Shared Hit Blocks":16,"Shared Read Blocks":0,"Shared Dirtied Blocks":0,"Shared Written Blocks":0,"Local Hit Blocks":0,"Local Read Blocks":0,"Local Dirtied Blocks":0,"Local Written Blocks":0,"Temp Read Blocks":0,"Temp Written Blocks":0,"I/O Read Time":0.0,"I/O Write Time":0.0,"Temp I/O Read Time":0.0,"Temp I/O Write Time":0.0},"Planning Time":4.041,"Triggers":[],"Execution Time":16550.738}]
[列存组合]: nation, stock
[{"Plan":{"Node Type":"Sort","Parallel Aware":false,"Async Capable":false,"Startup Cost":2017184.63,"Total Cost":2017184.79,"Plan Rows":62,"Plan Width":40,"Actual Startup Time":16543.366,"Actual Total Time":16543.39,"Actual Rows":11,"Actual Loops":1,"Output":["nation.n_name","(sum(order_line.ol_amount))"],"Sort Key":["(sum(order_line.ol_amount)) DESC"],"Sort Method":"quicksort","Sort Space Used":25,"Sort Space Type":"Memory","Shared Hit Blocks":620104,"Shared Read Blocks":0,"Shared Dirtied Blocks":0,"Shared Written Blocks":0,"Local Hit Blocks":0,"Local Read Blocks":0,"Local Dirtied Blocks":0,"Local Written Blocks":0,"Temp Read Blocks":129460,"Temp Written Blocks":129487,"I/O Read Time":0.0,"I/O Write Time":0.0,"Temp I/O Read Time":202.49,"Temp I/O Write Time":526.775,"Plans":[{"Node Type":"Aggregate","Strategy":"Sorted","Partial Mode":"Simple","Parent Relationship":"Outer","Parallel Aware":false,"Async Capable":false,"Startup Cost":2017108.85,"Total Cost":2017182.79,"Plan Rows":62,"Plan Width":40,"Actual Startup Time":16540.549,"Actual Total Time":16543.373,"Actual Rows":11,"Actual Loops":1,"Output":["nation.n_name","sum(order_line.ol_amount)"],"Group Key":["nation.n_name"],"Shared Hit Blocks":620104,"Shared Read Blocks":0,"Shared Dirtied Blocks":0,"Shared Written Blocks":0,"Local Hit Blocks":0,"Local Read Blocks":0,"Local Dirtied Blocks":0,"Local Written Blocks":0,"Temp Read Blocks":129460,"Temp Written Blocks":129487,"I/O Read Time":0.0,"I/O Write Time":0.0,"Temp I/O Read Time":202.49,"Temp I/O Write Time":526.775,"Plans":[{"Node Type":"Sort","Parent Relationship":"Outer","Parallel Aware":false,"Async Capable":false,"Startup Cost":2017108.85,"Total Cost":2017133.24,"Plan Rows":9755,"Plan Width":12,"Actual Startup Time":16540.34,"Actual Total Time":16541.104,"Actual Rows":17493,"Actual Loops":1,"Output":["nation.n_name","order_line.ol_amount"],"Sort Key":["nation.n_name"],"Sort Method":"quicksort","Sort Space Used":1725,"Sort Space Type":"Memory","Shared Hit Blocks":620104,"Shared Read Blocks":0,"Shared Dirtied Blocks":0,"Shared Written Blocks":0,"Local Hit Blocks":0,"Local Read Blocks":0,"Local Dirtied Blocks":0,"Local Written Blocks":0,"Temp Read Blocks":129460,"Temp Written Blocks":129487,"I/O Read Time":0.0,"I/O Write Time":0.0,"Temp I/O Read Time":202.49,"Temp I/O Write Time":526.775,"Plans":[{"Node Type":"Hash Join","Parent Relationship":"Outer","Parallel Aware":false,"Async Capable":false,"Join Type":"Inner","Startup Cost":1692965.58,"Total Cost":2016462.49,"Plan Rows":9755,"Plan Width":12,"Actual Startup Time":14684.516,"Actual Total Time":16531.086,"Actual Rows":17493,"Actual Loops":1,"Output":["nation.n_name","order_line.ol_amount"],"Inner Unique":true,"Hash Cond":"((mod((stock.s_w_id * stock.s_i_id), 10000) = supplier.su_suppkey) AND (customer.c_nationkey = supplier.su_nationkey))","Shared Hit Blocks":620104,"Shared Read Blocks":0,"Shared Dirtied Blocks":0,"Shared Written Blocks":0,"Local Hit Blocks":0,"Local Read Blocks":0,"Local Dirtied Blocks":0,"Local Written Blocks":0,"Temp Read Blocks":129460,"Temp Written Blocks":129487,"I/O Read Time":0.0,"I/O Write Time":0.0,"Temp I/O Read Time":202.49,"Temp I/O Write Time":526.775,"Plans":[{"Node Type":"Merge Join","Parent Relationship":"Outer","Parallel Aware":false,"Async Capable":false,"Join Type":"Inner","Startup Cost":1692498.58,"Total Cost":2012680.35,"Plan Rows":602749,"Plan Width":26,"Actual Startup Time":14681.513,"Actual Total Time":16389.792,"Actual Rows":1109507,"Actual Loops":1,"Output":["customer.c_nationkey","order_line.ol_amount","stock.s_w_id","stock.s_i_id","nation.n_name","nation.n_nationkey"],"Inner Unique":true,"Merge Cond":"((customer.c_w_id = stock.s_w_id) AND (order_line.ol_i_id = stock.s_i_id))","Shared Hit Blocks":619887,"Shared Read Blocks":0,"Shared Dirtied Blocks":0,"Shared Written Blocks":0,"Local Hit Blocks":0,"Local Read Blocks":0,"Local Dirtied Blocks":0,"Local Written Blocks":0,"Temp Read Blocks":129460,"Temp Written Blocks":129487,"I/O Read Time":0.0,"I/O Write Time":0.0,"Temp I/O Read Time":202.49,"Temp I/O Write Time":526.775,"Plans":[{"Node Type":"Sort","Parent Relationship":"Outer","Parallel Aware":false,"Async Capable":false,"Startup Cost":1692498.14,"Total Cost":1693985.82,"Plan Rows":595073,"Plan Width":30,"Actual Startup Time":14681.456,"Actual Total Time":14861.265,"Actual Rows":1109507,"Actual Loops":1,"Output":["customer.c_w_id","customer.c_nationkey","orders.o_w_id","order_line.ol_amount","order_line.ol_w_id","order_line.ol_i_id","nation.n_name","nation.n_nationkey"],"Sort Key":["customer.c_w_id","order_line.ol_i_id"],"Sort Method":"external merge","Sort Space Used":47304,"Sort Space Type":"Disk","Shared Hit Blocks":592549,"Shared Read Blocks":0,"Shared Dirtied Blocks":0,"Shared Written Blocks":0,"Local Hit Blocks":0,"Local Read Blocks":0,"Local Dirtied Blocks":0,"Local Written Blocks":0,"Temp Read Blocks":129460,"Temp Written Blocks":129487,"I/O Read Time":0.0,"I/O Write Time":0.0,"Temp I/O Read Time":202.49,"Temp I/O Write Time":526.775,"Plans":[{"Node Type":"Hash Join","Parent Relationship":"Outer","Parallel Aware":false,"Async Capable":false,"Join Type":"Inner","Startup Cost":403354.53,"Total Cost":1621184.58,"Plan Rows":595073,"Plan Width":30,"Actual Startup Time":1514.218,"Actual Total Time":13297.867,"Actual Rows":1109507,"Actual Loops":1,"Output":["customer.c_w_id","customer.c_nationkey","orders.o_w_id","order_line.ol_amount","order_line.ol_w_id","order_line.ol_i_id","nation.n_name","nation.n_nationkey"],"Inner Unique":false,"Hash Cond":"(customer.c_nationkey = nation.n_nationkey)","Shared Hit Blocks":592549,"Shared Read Blocks":0,"Shared Dirtied Blocks":0,"Shared Written Blocks":0,"Local Hit Blocks":0,"Local Read Blocks":0,"Local Dirtied Blocks":0,"Local Written Blocks":0,"Temp Read Blocks":117643,"Temp Written Blocks":117643,"I/O Read Time":0.0,"I/O Write Time":0.0,"Temp I/O Read Time":184.923,"Temp I/O Write Time":495.71,"Plans":[{"Node Type":"Hash Join","Parent Relationship":"Outer","Parallel Aware":false,"Async Capable":false,"Join Type":"Inner","Startup Cost":403351.39,"Total Cost":1604265.05,"Plan Rows":2975367,"Plan Width":18,"Actual Startup Time":1504.756,"Actual Total Time":12879.222,"Actual Rows":4284922,"Actual Loops":1,"Output":["customer.c_w_id","customer.c_nationkey","orders.o_w_id","order_line.ol_amount","order_line.ol_w_id","order_line.ol_i_id"],"Inner Unique":true,"Hash Cond":"((orders.o_c_id = customer.c_id) AND (orders.o_w_id = customer.c_w_id) AND (orders.o_d_id = customer.c_d_id))","Shared Hit Blocks":592547,"Shared Read Blocks":0,"Shared Dirtied Blocks":0,"Shared Written Blocks":0,"Local Hit Blocks":0,"Local Read Blocks":0,"Local Dirtied Blocks":0,"Local Written Blocks":0,"Temp Read Blocks":117643,"Temp Written Blocks":117643,"I/O Read Time":0.0,"I/O Write Time":0.0,"Temp I/O Read Time":184.923,"Temp I/O Write Time":495.71,"Plans":[{"Node Type":"Hash Join","Parent Relationship":"Outer","Parallel Aware":false,"Async Capable":false,"Join Type":"Inner","Startup Cost":76606.59,"Total Cost":1204573.22,"Plan Rows":2975367,"Plan Width":20,"Actual Startup Time":361.753,"Actual Total Time":9609.536,"Actual Rows":4284922,"Actual Loops":1,"Output":["orders.o_c_id","orders.o_w_id","orders.o_d_id","order_line.ol_amount","order_line.ol_w_id","order_line.ol_d_id","order_line.ol_i_id"],"Inner Unique":true,"Hash Cond":"((order_line.ol_w_id = orders.o_w_id) AND (order_line.ol_d_id = orders.o_d_id) AND (order_line.ol_o_id = orders.o_id))","Shared Hit Blocks":362943,"Shared Read Blocks":0,"Shared Dirtied Blocks":0,"Shared Written Blocks":0,"Local Hit Blocks":0,"Local Read Blocks":0,"Local Dirtied Blocks":0,"Local Written Blocks":0,"Temp Read Blocks":85996,"Temp Written Blocks":85996,"I/O Read Time":0.0,"I/O Write Time":0.0,"Temp I/O Read Time":134.82,"Temp I/O Write Time":346.557,"Plans":[{"Node Type":"Seq Scan","Parent Relationship":"Outer","Parallel Aware":false,"Async Capable":false,"Relation Name":"order_line","Schema":"public","Alias":"order_line","Startup Cost":0.0,"Total Cost":715856.4,"Plan Rows":20926367,"Plan Width":20,"Actual Startup Time":0.007,"Actual Total Time":3674.787,"Actual Rows":21002151,"Actual Loops":1,"Output":["order_line.ol_amount","order_line.ol_o_id","order_line.ol_w_id","order_line.ol_d_id","order_line.ol_i_id"],"Filter":"(order_line.ol_delivery_d >= '1992-01-02 20:10:02.27764'::timestamp without time zone)","Rows Removed by Filter":8995581,"Shared Hit Blocks":340884,"Shared Read Blocks":0,"Shared Dirtied Blocks":0,"Shared Written Blocks":0,"Local Hit Blocks":0,"Local Read Blocks":0,"Local Dirtied Blocks":0,"Local Written Blocks":0,"Temp Read Blocks":0,"Temp Written Blocks":0,"I/O Read Time":0.0,"I/O Write Time":0.0,"Temp I/O Read Time":0.0,"Temp I/O Write Time":0.0},{"Node Type":"Hash","Parent Relationship":"Inner","Parallel Aware":false,"Async Capable":false,"Startup Cost":67059.0,"Total Cost":67059.0,"Plan Rows":426548,"Plan Width":16,"Actual Startup Time":294.258,"Actual Total Time":294.263,"Actual Rows":428399,"Actual Loops":1,"Output":["orders.o_c_id","orders.o_w_id","orders.o_d_id","orders.o_id"],"Hash Buckets":262144,"Original Hash Buckets":262144,"Hash Batches":4,"Original Hash Batches":4,"Peak Memory Usage":7080,"Shared Hit Blocks":22059,"Shared Read Blocks":0,"Shared Dirtied Blocks":0,"Shared Written Blocks":0,"Local Hit Blocks":0,"Local Read Blocks":0,"Local Dirtied Blocks":0,"Local Written Blocks":0,"Temp Read Blocks":0,"Temp Written Blocks":1410,"I/O Read Time":0.0,"I/O Write Time":0.0,"Temp I/O Read Time":0.0,"Temp I/O Write Time":6.306,"Plans":[{"Node Type":"Seq Scan","Parent Relationship":"Outer","Parallel Aware":false,"Async Capable":false,"Relation Name":"orders","Schema":"public","Alias":"orders","Startup Cost":0.0,"Total Cost":67059.0,"Plan Rows":426548,"Plan Width":16,"Actual Startup Time":0.774,"Actual Total Time":218.794,"Actual Rows":428399,"Actual Loops":1,"Output":["orders.o_c_id","orders.o_w_id","orders.o_d_id","orders.o_id"],"Filter":"((orders.o_entry_d >= '1993-01-02 20:10:02.27764'::timestamp without time zone) AND (orders.o_entry_d < '1994-01-02 20:10:02.27764'::timestamp without time zone))","Rows Removed by Filter":2571601,"Shared Hit Blocks":22059,"Shared Read Blocks":0,"Shared Dirtied Blocks":0,"Shared Written Blocks":0,"Local Hit Blocks":0,"Local Read Blocks":0,"Local Dirtied Blocks":0,"Local Written Blocks":0,"Temp Read Blocks":0,"Temp Written Blocks":0,"I/O Read Time":0.0,"I/O Write Time":0.0,"Temp I/O Read Time":0.0,"Temp I/O Write Time":0.0}]}]},{"Node Type":"Hash","Parent Relationship":"Inner","Parallel Aware":false,"Async Capable":false,"Startup Cost":259601.38,"Total Cost":259601.38,"Plan Rows":2999738,"Plan Width":12,"Actual Startup Time":1140.496,"Actual Total Time":1140.498,"Actual Rows":3000000,"Actual Loops":1,"Output":["customer.c_id","customer.c_w_id","customer.c_d_id","customer.c_nationkey"],"Hash Buckets":262144,"Original Hash Buckets":262144,"Hash Batches":32,"Original Hash Batches":32,"Peak Memory Usage":6090,"Shared Hit Blocks":229604,"Shared Read Blocks":0,"Shared Dirtied Blocks":0,"Shared Written Blocks":0,"Local Hit Blocks":0,"Local Read Blocks":0,"Local Dirtied Blocks":0,"Local Written Blocks":0,"Temp Read Blocks":0,"Temp Written Blocks":11335,"I/O Read Time":0.0,"I/O Write Time":0.0,"Temp I/O Read Time":0.0,"Temp I/O Write Time":54.423,"Plans":[{"Node Type":"Seq Scan","Parent Relationship":"Outer","Parallel Aware":false,"Async Capable":false,"Relation Name":"customer","Schema":"public","Alias":"customer","Startup Cost":0.0,"Total Cost":259601.38,"Plan Rows":2999738,"Plan Width":12,"Actual Startup Time":0.008,"Actual Total Time":641.217,"Actual Rows":3000000,"Actual Loops":1,"Output":["customer.c_id","customer.c_w_id","customer.c_d_id","customer.c_nationkey"],"Shared Hit Blocks":229604,"Shared Read Blocks":0,"Shared Dirtied Blocks":0,"Shared Written Blocks":0,"Local Hit Blocks":0,"Local Read Blocks":0,"Local Dirtied Blocks":0,"Local Written Blocks":0,"Temp Read Blocks":0,"Temp Written Blocks":0,"I/O Read Time":0.0,"I/O Write Time":0.0,"Temp I/O Read Time":0.0,"Temp I/O Write Time":0.0}]}]},{"Node Type":"Hash","Parent Relationship":"Inner","Parallel Aware":false,"Async Capable":false,"Startup Cost":2.99,"Total Cost":2.99,"Plan Rows":12,"Plan Width":12,"Actual Startup Time":0.04,"Actual Total Time":0.044,"Actual Rows":22,"Actual Loops":1,"Output":["nation.n_name","nation.n_nationkey"],"Hash Buckets":1024,"Original Hash Buckets":1024,"Hash Batches":1,"Original Hash Batches":1,"Peak Memory Usage":9,"Shared Hit Blocks":2,"Shared Read Blocks":0,"Shared Dirtied Blocks":0,"Shared Written Blocks":0,"Local Hit Blocks":0,"Local Read Blocks":0,"Local Dirtied Blocks":0,"Local Written Blocks":0,"Temp Read Blocks":0,"Temp Written Blocks":0,"I/O Read Time":0.0,"I/O Write Time":0.0,"Temp I/O Read Time":0.0,"Temp I/O Write Time":0.0,"Plans":[{"Node Type":"Hash Join","Parent Relationship":"Outer","Parallel Aware":false,"Async Capable":false,"Join Type":"Inner","Startup Cost":1.07,"Total Cost":2.99,"Plan Rows":12,"Plan Width":12,"Actual Startup Time":0.025,"Actual Total Time":0.038,"Actual Rows":22,"Actual Loops":1,"Output":["nation.n_name","nation.n_nationkey"],"Inner Unique":true,"Hash Cond":"(nation.n_regionkey = region.r_regionkey)","Shared Hit Blocks":2,"Shared Read Blocks":0,"Shared Dirtied Blocks":0,"Shared Written Blocks":0,"Local Hit Blocks":0,"Local Read Blocks":0,"Local Dirtied Blocks":0,"Local Written Blocks":0,"Temp Read Blocks":0,"Temp Written Blocks":0,"I/O Read Time":0.0,"I/O Write Time":0.0,"Temp I/O Read Time":0.0,"Temp I/O Write Time":0.0,"Plans":[{"Node Type":"Seq Scan","Parent Relationship":"Outer","Parallel Aware":false,"Async Capable":false,"Relation Name":"nation","Schema":"public","Alias":"nation","Startup Cost":0.0,"Total Cost":1.62,"Plan Rows":62,"Plan Width":16,"Actual Startup Time":0.005,"Actual Total Time":0.009,"Actual Rows":62,"Actual Loops":1,"Output":["nation.n_nationkey","nation.n_name","nation.n_regionkey","nation.n_comment"],"Shared Hit Blocks":1,"Shared Read Blocks":0,"Shared Dirtied Blocks":0,"Shared Written Blocks":0,"Local Hit Blocks":0,"Local Read Blocks":0,"Local Dirtied Blocks":0,"Local Written Blocks":0,"Temp Read Blocks":0,"Temp Written Blocks":0,"I/O Read Time":0.0,"I/O Write Time":0.0,"Temp I/O Read Time":0.0,"Temp I/O Write Time":0.0},{"Node Type":"Hash","Parent Relationship":"Inner","Parallel Aware":false,"Async Capable":false,"Startup Cost":1.06,"Total Cost":1.06,"Plan Rows":1,"Plan Width":4,"Actual Startup Time":0.008,"Actual Total Time":0.009,"Actual Rows":1,"Actual Loops":1,"Output":["region.r_regionkey"],"Hash Buckets":1024,"Original Hash Buckets":1024,"Hash Batches":1,"Original Hash Batches":1,"Peak Memory Usage":9,"Shared Hit Blocks":1,"Shared Read Blocks":0,"Shared Dirtied Blocks":0,"Shared Written Blocks":0,"Local Hit Blocks":0,"Local Read Blocks":0,"Local Dirtied Blocks":0,"Local Written Blocks":0,"Temp Read Blocks":0,"Temp Written Blocks":0,"I/O Read Time":0.0,"I/O Write Time":0.0,"Temp I/O Read Time":0.0,"Temp I/O Write Time":0.0,"Plans":[{"Node Type":"Seq Scan","Parent Relationship":"Outer","Parallel Aware":false,"Async Capable":false,"Relation Name":"region","Schema":"public","Alias":"region","Startup Cost":0.0,"Total Cost":1.06,"Plan Rows":1,"Plan Width":4,"Actual Startup Time":0.006,"Actual Total Time":0.006,"Actual Rows":1,"Actual Loops":1,"Output":["region.r_regionkey"],"Filter":"((region.r_name)::text = 'Europe'::text)","Rows Removed by Filter":4,"Shared Hit Blocks":1,"Shared Read Blocks":0,"Shared Dirtied Blocks":0,"Shared Written Blocks":0,"Local Hit Blocks":0,"Local Read Blocks":0,"Local Dirtied Blocks":0,"Local Written Blocks":0,"Temp Read Blocks":0,"Temp Written Blocks":0,"I/O Read Time":0.0,"I/O Write Time":0.0,"Temp I/O Read Time":0.0,"Temp I/O Write Time":0.0}]}]}]}]}]},{"Node Type":"Index Only Scan","Parent Relationship":"Inner","Parallel Aware":false,"Async Capable":false,"Scan Direction":"Forward","Index Name":"stock_pk","Relation Name":"stock","Schema":"public","Alias":"stock","Startup Cost":0.43,"Total Cost":259690.86,"Plan Rows":10000162,"Plan Width":6,"Actual Startup Time":0.044,"Actual Total Time":715.0,"Actual Rows":9999996,"Actual Loops":1,"Output":["stock.s_w_id","stock.s_i_id"],"Heap Fetches":0,"Shared Hit Blocks":27338,"Shared Read Blocks":0,"Shared Dirtied Blocks":0,"Shared Written Blocks":0,"Local Hit Blocks":0,"Local Read Blocks":0,"Local Dirtied Blocks":0,"Local Written Blocks":0,"Temp Read Blocks":0,"Temp Written Blocks":0,"I/O Read Time":0.0,"I/O Write Time":0.0,"Temp I/O Read Time":0.0,"Temp I/O Write Time":0.0}]},{"Node Type":"Hash","Parent Relationship":"Inner","Parallel Aware":false,"Async Capable":false,"Startup Cost":317.0,"Total Cost":317.0,"Plan Rows":10000,"Plan Width":8,"Actual Startup Time":2.578,"Actual Total Time":2.578,"Actual Rows":10000,"Actual Loops":1,"Output":["supplier.su_suppkey","supplier.su_nationkey"],"Hash Buckets":16384,"Original Hash Buckets":16384,"Hash Batches":1,"Original Hash Batches":1,"Peak Memory Usage":519,"Shared Hit Blocks":217,"Shared Read Blocks":0,"Shared Dirtied Blocks":0,"Shared Written Blocks":0,"Local Hit Blocks":0,"Local Read Blocks":0,"Local Dirtied Blocks":0,"Local Written Blocks":0,"Temp Read Blocks":0,"Temp Written Blocks":0,"I/O Read Time":0.0,"I/O Write Time":0.0,"Temp I/O Read Time":0.0,"Temp I/O Write Time":0.0,"Plans":[{"Node Type":"Seq Scan","Parent Relationship":"Outer","Parallel Aware":false,"Async Capable":false,"Relation Name":"supplier","Schema":"public","Alias":"supplier","Startup Cost":0.0,"Total Cost":317.0,"Plan Rows":10000,"Plan Width":8,"Actual Startup Time":0.02,"Actual Total Time":1.282,"Actual Rows":10000,"Actual Loops":1,"Output":["supplier.su_suppkey","supplier.su_nationkey"],"Shared Hit Blocks":217,"Shared Read Blocks":0,"Shared Dirtied Blocks":0,"Shared Written Blocks":0,"Local Hit Blocks":0,"Local Read Blocks":0,"Local Dirtied Blocks":0,"Local Written Blocks":0,"Temp Read Blocks":0,"Temp Written Blocks":0,"I/O Read Time":0.0,"I/O Write Time":0.0,"Temp I/O Read Time":0.0,"Temp I/O Write Time":0.0}]}]}]}]}]},"Planning":{"Shared Hit Blocks":16,"Shared Read Blocks":0,"Shared Dirtied Blocks":0,"Shared Written Blocks":0,"Local Hit Blocks":0,"Local Read Blocks":0,"Local Dirtied Blocks":0,"Local Written Blocks":0,"Temp Read Blocks":0,"Temp Written Blocks":0,"I/O Read Time":0.0,"I/O Write Time":0.0,"Temp I/O Read Time":0.0,"Temp I/O Write Time":0.0},"Planning Time":4.733,"Triggers":[],"Execution Time":16551.416}]
[列存组合]: nation, supplier
[{"Plan":{"Node Type":"Sort","Parallel Aware":false,"Async Capable":false,"Startup Cost":2017086.66,"Total Cost":2017086.81,"Plan Rows":62,"Plan Width":40,"Actual Startup Time":16564.768,"Actual Total Time":16564.785,"Actual Rows":11,"Actual Loops":1,"Output":["nation.n_name","(sum(order_line.ol_amount))"],"Sort Key":["(sum(order_line.ol_amount)) DESC"],"Sort Method":"quicksort","Sort Space Used":25,"Sort Space Type":"Memory","Shared Hit Blocks":619887,"Shared Read Blocks":0,"Shared Dirtied Blocks":0,"Shared Written Blocks":0,"Local Hit Blocks":0,"Local Read Blocks":0,"Local Dirtied Blocks":0,"Local Written Blocks":0,"Temp Read Blocks":129460,"Temp Written Blocks":129487,"I/O Read Time":0.0,"I/O Write Time":0.0,"Temp I/O Read Time":202.305,"Temp I/O Write Time":524.05,"Plans":[{"Node Type":"Aggregate","Strategy":"Sorted","Partial Mode":"Simple","Parent Relationship":"Outer","Parallel Aware":false,"Async Capable":false,"Startup Cost":2017010.87,"Total Cost":2017084.81,"Plan Rows":62,"Plan Width":40,"Actual Startup Time":16561.951,"Actual Total Time":16564.772,"Actual Rows":11,"Actual Loops":1,"Output":["nation.n_name","sum(order_line.ol_amount)"],"Group Key":["nation.n_name"],"Shared Hit Blocks":619887,"Shared Read Blocks":0,"Shared Dirtied Blocks":0,"Shared Written Blocks":0,"Local Hit Blocks":0,"Local Read Blocks":0,"Local Dirtied Blocks":0,"Local Written Blocks":0,"Temp Read Blocks":129460,"Temp Written Blocks":129487,"I/O Read Time":0.0,"I/O Write Time":0.0,"Temp I/O Read Time":202.305,"Temp I/O Write Time":524.05,"Plans":[{"Node Type":"Sort","Parent Relationship":"Outer","Parallel Aware":false,"Async Capable":false,"Startup Cost":2017010.87,"Total Cost":2017035.26,"Plan Rows":9755,"Plan Width":12,"Actual Startup Time":16561.742,"Actual Total Time":16562.506,"Actual Rows":17493,"Actual Loops":1,"Output":["nation.n_name","order_line.ol_amount"],"Sort Key":["nation.n_name"],"Sort Method":"quicksort","Sort Space Used":1725,"Sort Space Type":"Memory","Shared Hit Blocks":619887,"Shared Read Blocks":0,"Shared Dirtied Blocks":0,"Shared Written Blocks":0,"Local Hit Blocks":0,"Local Read Blocks":0,"Local Dirtied Blocks":0,"Local Written Blocks":0,"Temp Read Blocks":129460,"Temp Written Blocks":129487,"I/O Read Time":0.0,"I/O Write Time":0.0,"Temp I/O Read Time":202.305,"Temp I/O Write Time":524.05,"Plans":[{"Node Type":"Hash Join","Parent Relationship":"Outer","Parallel Aware":false,"Async Capable":false,"Join Type":"Inner","Startup Cost":1692867.6,"Total Cost":2016364.51,"Plan Rows":9755,"Plan Width":12,"Actual Startup Time":14722.938,"Actual Total Time":16552.839,"Actual Rows":17493,"Actual Loops":1,"Output":["nation.n_name","order_line.ol_amount"],"Inner Unique":true,"Hash Cond":"((mod((stock.s_w_id * stock.s_i_id), 10000) = supplier.su_suppkey) AND (customer.c_nationkey = supplier.su_nationkey))","Shared Hit Blocks":619887,"Shared Read Blocks":0,"Shared Dirtied Blocks":0,"Shared Written Blocks":0,"Local Hit Blocks":0,"Local Read Blocks":0,"Local Dirtied Blocks":0,"Local Written Blocks":0,"Temp Read Blocks":129460,"Temp Written Blocks":129487,"I/O Read Time":0.0,"I/O Write Time":0.0,"Temp I/O Read Time":202.305,"Temp I/O Write Time":524.05,"Plans":[{"Node Type":"Merge Join","Parent Relationship":"Outer","Parallel Aware":false,"Async Capable":false,"Join Type":"Inner","Startup Cost":1692498.58,"Total Cost":2012680.35,"Plan Rows":602749,"Plan Width":26,"Actual Startup Time":14719.44,"Actual Total Time":16411.703,"Actual Rows":1109507,"Actual Loops":1,"Output":["customer.c_nationkey","order_line.ol_amount","stock.s_w_id","stock.s_i_id","nation.n_name","nation.n_nationkey"],"Inner Unique":true,"Merge Cond":"((customer.c_w_id = stock.s_w_id) AND (order_line.ol_i_id = stock.s_i_id))","Shared Hit Blocks":619887,"Shared Read Blocks":0,"Shared Dirtied Blocks":0,"Shared Written Blocks":0,"Local Hit Blocks":0,"Local Read Blocks":0,"Local Dirtied Blocks":0,"Local Written Blocks":0,"Temp Read Blocks":129460,"Temp Written Blocks":129487,"I/O Read Time":0.0,"I/O Write Time":0.0,"Temp I/O Read Time":202.305,"Temp I/O Write Time":524.05,"Plans":[{"Node Type":"Sort","Parent Relationship":"Outer","Parallel Aware":false,"Async Capable":false,"Startup Cost":1692498.14,"Total Cost":1693985.82,"Plan Rows":595073,"Plan Width":30,"Actual Startup Time":14719.377,"Actual Total Time":14897.839,"Actual Rows":1109507,"Actual Loops":1,"Output":["customer.c_w_id","customer.c_nationkey","orders.o_w_id","order_line.ol_amount","order_line.ol_w_id","order_line.ol_i_id","nation.n_name","nation.n_nationkey"],"Sort Key":["customer.c_w_id","order_line.ol_i_id"],"Sort Method":"external merge","Sort Space Used":47304,"Sort Space Type":"Disk","Shared Hit Blocks":592549,"Shared Read Blocks":0,"Shared Dirtied Blocks":0,"Shared Written Blocks":0,"Local Hit Blocks":0,"Local Read Blocks":0,"Local Dirtied Blocks":0,"Local Written Blocks":0,"Temp Read Blocks":129460,"Temp Written Blocks":129487,"I/O Read Time":0.0,"I/O Write Time":0.0,"Temp I/O Read Time":202.305,"Temp I/O Write Time":524.05,"Plans":[{"Node Type":"Hash Join","Parent Relationship":"Outer","Parallel Aware":false,"Async Capable":false,"Join Type":"Inner","Startup Cost":403354.53,"Total Cost":1621184.58,"Plan Rows":595073,"Plan Width":30,"Actual Startup Time":1515.988,"Actual Total Time":13327.505,"Actual Rows":1109507,"Actual Loops":1,"Output":["customer.c_w_id","customer.c_nationkey","orders.o_w_id","order_line.ol_amount","order_line.ol_w_id","order_line.ol_i_id","nation.n_name","nation.n_nationkey"],"Inner Unique":false,"Hash Cond":"(customer.c_nationkey = nation.n_nationkey)","Shared Hit Blocks":592549,"Shared Read Blocks":0,"Shared Dirtied Blocks":0,"Shared Written Blocks":0,"Local Hit Blocks":0,"Local Read Blocks":0,"Local Dirtied Blocks":0,"Local Written Blocks":0,"Temp Read Blocks":117643,"Temp Written Blocks":117643,"I/O Read Time":0.0,"I/O Write Time":0.0,"Temp I/O Read Time":184.811,"Temp I/O Write Time":492.937,"Plans":[{"Node Type":"Hash Join","Parent Relationship":"Outer","Parallel Aware":false,"Async Capable":false,"Join Type":"Inner","Startup Cost":403351.39,"Total Cost":1604265.05,"Plan Rows":2975367,"Plan Width":18,"Actual Startup Time":1506.538,"Actual Total Time":12909.446,"Actual Rows":4284922,"Actual Loops":1,"Output":["customer.c_w_id","customer.c_nationkey","orders.o_w_id","order_line.ol_amount","order_line.ol_w_id","order_line.ol_i_id"],"Inner Unique":true,"Hash Cond":"((orders.o_c_id = customer.c_id) AND (orders.o_w_id = customer.c_w_id) AND (orders.o_d_id = customer.c_d_id))","Shared Hit Blocks":592547,"Shared Read Blocks":0,"Shared Dirtied Blocks":0,"Shared Written Blocks":0,"Local Hit Blocks":0,"Local Read Blocks":0,"Local Dirtied Blocks":0,"Local Written Blocks":0,"Temp Read Blocks":117643,"Temp Written Blocks":117643,"I/O Read Time":0.0,"I/O Write Time":0.0,"Temp I/O Read Time":184.811,"Temp I/O Write Time":492.937,"Plans":[{"Node Type":"Hash Join","Parent Relationship":"Outer","Parallel Aware":false,"Async Capable":false,"Join Type":"Inner","Startup Cost":76606.59,"Total Cost":1204573.22,"Plan Rows":2975367,"Plan Width":20,"Actual Startup Time":361.983,"Actual Total Time":9636.557,"Actual Rows":4284922,"Actual Loops":1,"Output":["orders.o_c_id","orders.o_w_id","orders.o_d_id","order_line.ol_amount","order_line.ol_w_id","order_line.ol_d_id","order_line.ol_i_id"],"Inner Unique":true,"Hash Cond":"((order_line.ol_w_id = orders.o_w_id) AND (order_line.ol_d_id = orders.o_d_id) AND (order_line.ol_o_id = orders.o_id))","Shared Hit Blocks":362943,"Shared Read Blocks":0,"Shared Dirtied Blocks":0,"Shared Written Blocks":0,"Local Hit Blocks":0,"Local Read Blocks":0,"Local Dirtied Blocks":0,"Local Written Blocks":0,"Temp Read Blocks":85996,"Temp Written Blocks":85996,"I/O Read Time":0.0,"I/O Write Time":0.0,"Temp I/O Read Time":134.711,"Temp I/O Write Time":345.931,"Plans":[{"Node Type":"Seq Scan","Parent Relationship":"Outer","Parallel Aware":false,"Async Capable":false,"Relation Name":"order_line","Schema":"public","Alias":"order_line","Startup Cost":0.0,"Total Cost":715856.4,"Plan Rows":20926367,"Plan Width":20,"Actual Startup Time":0.007,"Actual Total Time":3688.525,"Actual Rows":21002151,"Actual Loops":1,"Output":["order_line.ol_amount","order_line.ol_o_id","order_line.ol_w_id","order_line.ol_d_id","order_line.ol_i_id"],"Filter":"(order_line.ol_delivery_d >= '1992-01-02 20:10:02.27764'::timestamp without time zone)","Rows Removed by Filter":8995581,"Shared Hit Blocks":340884,"Shared Read Blocks":0,"Shared Dirtied Blocks":0,"Shared Written Blocks":0,"Local Hit Blocks":0,"Local Read Blocks":0,"Local Dirtied Blocks":0,"Local Written Blocks":0,"Temp Read Blocks":0,"Temp Written Blocks":0,"I/O Read Time":0.0,"I/O Write Time":0.0,"Temp I/O Read Time":0.0,"Temp I/O Write Time":0.0},{"Node Type":"Hash","Parent Relationship":"Inner","Parallel Aware":false,"Async Capable":false,"Startup Cost":67059.0,"Total Cost":67059.0,"Plan Rows":426548,"Plan Width":16,"Actual Startup Time":294.521,"Actual Total Time":294.524,"Actual Rows":428399,"Actual Loops":1,"Output":["orders.o_c_id","orders.o_w_id","orders.o_d_id","orders.o_id"],"Hash Buckets":262144,"Original Hash Buckets":262144,"Hash Batches":4,"Original Hash Batches":4,"Peak Memory Usage":7080,"Shared Hit Blocks":22059,"Shared Read Blocks":0,"Shared Dirtied Blocks":0,"Shared Written Blocks":0,"Local Hit Blocks":0,"Local Read Blocks":0,"Local Dirtied Blocks":0,"Local Written Blocks":0,"Temp Read Blocks":0,"Temp Written Blocks":1410,"I/O Read Time":0.0,"I/O Write Time":0.0,"Temp I/O Read Time":0.0,"Temp I/O Write Time":6.077,"Plans":[{"Node Type":"Seq Scan","Parent Relationship":"Outer","Parallel Aware":false,"Async Capable":false,"Relation Name":"orders","Schema":"public","Alias":"orders","Startup Cost":0.0,"Total Cost":67059.0,"Plan Rows":426548,"Plan Width":16,"Actual Startup Time":0.77,"Actual Total Time":220.057,"Actual Rows":428399,"Actual Loops":1,"Output":["orders.o_c_id","orders.o_w_id","orders.o_d_id","orders.o_id"],"Filter":"((orders.o_entry_d >= '1993-01-02 20:10:02.27764'::timestamp without time zone) AND (orders.o_entry_d < '1994-01-02 20:10:02.27764'::timestamp without time zone))","Rows Removed by Filter":2571601,"Shared Hit Blocks":22059,"Shared Read Blocks":0,"Shared Dirtied Blocks":0,"Shared Written Blocks":0,"Local Hit Blocks":0,"Local Read Blocks":0,"Local Dirtied Blocks":0,"Local Written Blocks":0,"Temp Read Blocks":0,"Temp Written Blocks":0,"I/O Read Time":0.0,"I/O Write Time":0.0,"Temp I/O Read Time":0.0,"Temp I/O Write Time":0.0}]}]},{"Node Type":"Hash","Parent Relationship":"Inner","Parallel Aware":false,"Async Capable":false,"Startup Cost":259601.38,"Total Cost":259601.38,"Plan Rows":2999738,"Plan Width":12,"Actual Startup Time":1142.238,"Actual Total Time":1142.24,"Actual Rows":3000000,"Actual Loops":1,"Output":["customer.c_id","customer.c_w_id","customer.c_d_id","customer.c_nationkey"],"Hash Buckets":262144,"Original Hash Buckets":262144,"Hash Batches":32,"Original Hash Batches":32,"Peak Memory Usage":6090,"Shared Hit Blocks":229604,"Shared Read Blocks":0,"Shared Dirtied Blocks":0,"Shared Written Blocks":0,"Local Hit Blocks":0,"Local Read Blocks":0,"Local Dirtied Blocks":0,"Local Written Blocks":0,"Temp Read Blocks":0,"Temp Written Blocks":11335,"I/O Read Time":0.0,"I/O Write Time":0.0,"Temp I/O Read Time":0.0,"Temp I/O Write Time":52.289,"Plans":[{"Node Type":"Seq Scan","Parent Relationship":"Outer","Parallel Aware":false,"Async Capable":false,"Relation Name":"customer","Schema":"public","Alias":"customer","Startup Cost":0.0,"Total Cost":259601.38,"Plan Rows":2999738,"Plan Width":12,"Actual Startup Time":0.009,"Actual Total Time":640.484,"Actual Rows":3000000,"Actual Loops":1,"Output":["customer.c_id","customer.c_w_id","customer.c_d_id","customer.c_nationkey"],"Shared Hit Blocks":229604,"Shared Read Blocks":0,"Shared Dirtied Blocks":0,"Shared Written Blocks":0,"Local Hit Blocks":0,"Local Read Blocks":0,"Local Dirtied Blocks":0,"Local Written Blocks":0,"Temp Read Blocks":0,"Temp Written Blocks":0,"I/O Read Time":0.0,"I/O Write Time":0.0,"Temp I/O Read Time":0.0,"Temp I/O Write Time":0.0}]}]},{"Node Type":"Hash","Parent Relationship":"Inner","Parallel Aware":false,"Async Capable":false,"Startup Cost":2.99,"Total Cost":2.99,"Plan Rows":12,"Plan Width":12,"Actual Startup Time":0.039,"Actual Total Time":0.042,"Actual Rows":22,"Actual Loops":1,"Output":["nation.n_name","nation.n_nationkey"],"Hash Buckets":1024,"Original Hash Buckets":1024,"Hash Batches":1,"Original Hash Batches":1,"Peak Memory Usage":9,"Shared Hit Blocks":2,"Shared Read Blocks":0,"Shared Dirtied Blocks":0,"Shared Written Blocks":0,"Local Hit Blocks":0,"Local Read Blocks":0,"Local Dirtied Blocks":0,"Local Written Blocks":0,"Temp Read Blocks":0,"Temp Written Blocks":0,"I/O Read Time":0.0,"I/O Write Time":0.0,"Temp I/O Read Time":0.0,"Temp I/O Write Time":0.0,"Plans":[{"Node Type":"Hash Join","Parent Relationship":"Outer","Parallel Aware":false,"Async Capable":false,"Join Type":"Inner","Startup Cost":1.07,"Total Cost":2.99,"Plan Rows":12,"Plan Width":12,"Actual Startup Time":0.02,"Actual Total Time":0.034,"Actual Rows":22,"Actual Loops":1,"Output":["nation.n_name","nation.n_nationkey"],"Inner Unique":true,"Hash Cond":"(nation.n_regionkey = region.r_regionkey)","Shared Hit Blocks":2,"Shared Read Blocks":0,"Shared Dirtied Blocks":0,"Shared Written Blocks":0,"Local Hit Blocks":0,"Local Read Blocks":0,"Local Dirtied Blocks":0,"Local Written Blocks":0,"Temp Read Blocks":0,"Temp Written Blocks":0,"I/O Read Time":0.0,"I/O Write Time":0.0,"Temp I/O Read Time":0.0,"Temp I/O Write Time":0.0,"Plans":[{"Node Type":"Seq Scan","Parent Relationship":"Outer","Parallel Aware":false,"Async Capable":false,"Relation Name":"nation","Schema":"public","Alias":"nation","Startup Cost":0.0,"Total Cost":1.62,"Plan Rows":62,"Plan Width":16,"Actual Startup Time":0.006,"Actual Total Time":0.01,"Actual Rows":62,"Actual Loops":1,"Output":["nation.n_nationkey","nation.n_name","nation.n_regionkey","nation.n_comment"],"Shared Hit Blocks":1,"Shared Read Blocks":0,"Shared Dirtied Blocks":0,"Shared Written Blocks":0,"Local Hit Blocks":0,"Local Read Blocks":0,"Local Dirtied Blocks":0,"Local Written Blocks":0,"Temp Read Blocks":0,"Temp Written Blocks":0,"I/O Read Time":0.0,"I/O Write Time":0.0,"Temp I/O Read Time":0.0,"Temp I/O Write Time":0.0},{"Node Type":"Hash","Parent Relationship":"Inner","Parallel Aware":false,"Async Capable":false,"Startup Cost":1.06,"Total Cost":1.06,"Plan Rows":1,"Plan Width":4,"Actual Startup Time":0.007,"Actual Total Time":0.007,"Actual Rows":1,"Actual Loops":1,"Output":["region.r_regionkey"],"Hash Buckets":1024,"Original Hash Buckets":1024,"Hash Batches":1,"Original Hash Batches":1,"Peak Memory Usage":9,"Shared Hit Blocks":1,"Shared Read Blocks":0,"Shared Dirtied Blocks":0,"Shared Written Blocks":0,"Local Hit Blocks":0,"Local Read Blocks":0,"Local Dirtied Blocks":0,"Local Written Blocks":0,"Temp Read Blocks":0,"Temp Written Blocks":0,"I/O Read Time":0.0,"I/O Write Time":0.0,"Temp I/O Read Time":0.0,"Temp I/O Write Time":0.0,"Plans":[{"Node Type":"Seq Scan","Parent Relationship":"Outer","Parallel Aware":false,"Async Capable":false,"Relation Name":"region","Schema":"public","Alias":"region","Startup Cost":0.0,"Total Cost":1.06,"Plan Rows":1,"Plan Width":4,"Actual Startup Time":0.006,"Actual Total Time":0.006,"Actual Rows":1,"Actual Loops":1,"Output":["region.r_regionkey"],"Filter":"((region.r_name)::text = 'Europe'::text)","Rows Removed by Filter":4,"Shared Hit Blocks":1,"Shared Read Blocks":0,"Shared Dirtied Blocks":0,"Shared Written Blocks":0,"Local Hit Blocks":0,"Local Read Blocks":0,"Local Dirtied Blocks":0,"Local Written Blocks":0,"Temp Read Blocks":0,"Temp Written Blocks":0,"I/O Read Time":0.0,"I/O Write Time":0.0,"Temp I/O Read Time":0.0,"Temp I/O Write Time":0.0}]}]}]}]}]},{"Node Type":"Index Only Scan","Parent Relationship":"Inner","Parallel Aware":false,"Async Capable":false,"Scan Direction":"Forward","Index Name":"stock_pk","Relation Name":"stock","Schema":"public","Alias":"stock","Startup Cost":0.43,"Total Cost":259690.86,"Plan Rows":10000162,"Plan Width":6,"Actual Startup Time":0.049,"Actual Total Time":707.19,"Actual Rows":9999996,"Actual Loops":1,"Output":["stock.s_w_id","stock.s_i_id"],"Heap Fetches":0,"Shared Hit Blocks":27338,"Shared Read Blocks":0,"Shared Dirtied Blocks":0,"Shared Written Blocks":0,"Local Hit Blocks":0,"Local Read Blocks":0,"Local Dirtied Blocks":0,"Local Written Blocks":0,"Temp Read Blocks":0,"Temp Written Blocks":0,"I/O Read Time":0.0,"I/O Write Time":0.0,"Temp I/O Read Time":0.0,"Temp I/O Write Time":0.0}]},{"Node Type":"Hash","Parent Relationship":"Inner","Parallel Aware":false,"Async Capable":false,"Startup Cost":219.01,"Total Cost":219.01,"Plan Rows":10001,"Plan Width":8,"Actual Startup Time":3.118,"Actual Total Time":3.121,"Actual Rows":10000,"Actual Loops":1,"Output":["supplier.su_suppkey","supplier.su_nationkey"],"Hash Buckets":16384,"Original Hash Buckets":16384,"Hash Batches":1,"Original Hash Batches":1,"Peak Memory Usage":519,"Shared Hit Blocks":0,"Shared Read Blocks":0,"Shared Dirtied Blocks":0,"Shared Written Blocks":0,"Local Hit Blocks":0,"Local Read Blocks":0,"Local Dirtied Blocks":0,"Local Written Blocks":0,"Temp Read Blocks":0,"Temp Written Blocks":0,"I/O Read Time":0.0,"I/O Write Time":0.0,"Temp I/O Read Time":0.0,"Temp I/O Write Time":0.0,"Plans":[{"Node Type":"Append","Parent Relationship":"Outer","Parallel Aware":false,"Async Capable":false,"Startup Cost":20.0,"Total Cost":219.01,"Plan Rows":10001,"Plan Width":8,"Actual Startup Time":0.012,"Actual Total Time":1.827,"Actual Rows":10000,"Actual Loops":1,"Shared Hit Blocks":0,"Shared Read Blocks":0,"Shared Dirtied Blocks":0,"Shared Written Blocks":0,"Local Hit Blocks":0,"Local Read Blocks":0,"Local Dirtied Blocks":0,"Local Written Blocks":0,"Temp Read Blocks":0,"Temp Written Blocks":0,"I/O Read Time":0.0,"I/O Write Time":0.0,"Temp I/O Read Time":0.0,"Temp I/O Write Time":0.0,"Subplans Removed":0,"Plans":[{"Node Type":"Custom Scan","Parent Relationship":"Member","Custom Plan Provider":"columnar scan","Parallel Aware":false,"Async Capable":false,"Relation Name":"supplier","Schema":"public","Alias":"supplier","Startup Cost":20.0,"Total Cost":215.0,"Plan Rows":10000,"Plan Width":8,"Actual Startup Time":0.011,"Actual Total Time":1.068,"Actual Rows":10000,"Actual Loops":1,"Output":["supplier.su_suppkey","supplier.su_nationkey"],"Rows Removed by Columnar Filter":0,"Columnar cache search mode":"native","Shared Hit Blocks":0,"Shared Read Blocks":0,"Shared Dirtied Blocks":0,"Shared Written Blocks":0,"Local Hit Blocks":0,"Local Read Blocks":0,"Local Dirtied Blocks":0,"Local Written Blocks":0,"Temp Read Blocks":0,"Temp Written Blocks":0,"I/O Read Time":0.0,"I/O Write Time":0.0,"Temp I/O Read Time":0.0,"Temp I/O Write Time":0.0},{"Node Type":"Seq Scan","Parent Relationship":"Member","Parallel Aware":false,"Async Capable":false,"Relation Name":"supplier","Schema":"public","Alias":"supplier","Startup Cost":0.0,"Total Cost":4.01,"Plan Rows":1,"Plan Width":8,"Actual Startup Time":0.0,"Actual Total Time":0.0,"Actual Rows":0,"Actual Loops":0,"Output":["supplier.su_suppkey","supplier.su_nationkey"],"Shared Hit Blocks":0,"Shared Read Blocks":0,"Shared Dirtied Blocks":0,"Shared Written Blocks":0,"Local Hit Blocks":0,"Local Read Blocks":0,"Local Dirtied Blocks":0,"Local Written Blocks":0,"Temp Read Blocks":0,"Temp Written Blocks":0,"I/O Read Time":0.0,"I/O Write Time":0.0,"Temp I/O Read Time":0.0,"Temp I/O Write Time":0.0}]}]}]}]}]}]},"Planning":{"Shared Hit Blocks":16,"Shared Read Blocks":0,"Shared Dirtied Blocks":0,"Shared Written Blocks":0,"Local Hit Blocks":0,"Local Read Blocks":0,"Local Dirtied Blocks":0,"Local Written Blocks":0,"Temp Read Blocks":0,"Temp Written Blocks":0,"I/O Read Time":0.0,"I/O Write Time":0.0,"Temp I/O Read Time":0.0,"Temp I/O Write Time":0.0},"Planning Time":4.021,"Triggers":[],"Execution Time":16572.802}]
[列存组合]: order_line, orders
[{"Plan":{"Node Type":"Sort","Parallel Aware":false,"Async Capable":false,"Startup Cost":2001833.37,"Total Cost":2001833.52,"Plan Rows":62,"Plan Width":40,"Actual Startup Time":10180.375,"Actual Total Time":10180.407,"Actual Rows":11,"Actual Loops":1,"Output":["nation.n_name","(sum(order_line.ol_amount))"],"Sort Key":["(sum(order_line.ol_amount)) DESC"],"Sort Method":"quicksort","Sort Space Used":25,"Sort Space Type":"Memory","Shared Hit Blocks":257161,"Shared Read Blocks":0,"Shared Dirtied Blocks":0,"Shared Written Blocks":0,"Local Hit Blocks":0,"Local Read Blocks":0,"Local Dirtied Blocks":0,"Local Written Blocks":0,"Temp Read Blocks":62236,"Temp Written Blocks":62263,"I/O Read Time":0.0,"I/O Write Time":0.0,"Temp I/O Read Time":98.507,"Temp I/O Write Time":251.953,"Plans":[{"Node Type":"Aggregate","Strategy":"Sorted","Partial Mode":"Simple","Parent Relationship":"Outer","Parallel Aware":false,"Async Capable":false,"Startup Cost":2001757.58,"Total Cost":2001831.52,"Plan Rows":62,"Plan Width":40,"Actual Startup Time":10177.49,"Actual Total Time":10180.391,"Actual Rows":11,"Actual Loops":1,"Output":["nation.n_name","sum(order_line.ol_amount)"],"Group Key":["nation.n_name"],"Shared Hit Blocks":257161,"Shared Read Blocks":0,"Shared Dirtied Blocks":0,"Shared Written Blocks":0,"Local Hit Blocks":0,"Local Read Blocks":0,"Local Dirtied Blocks":0,"Local Written Blocks":0,"Temp Read Blocks":62236,"Temp Written Blocks":62263,"I/O Read Time":0.0,"I/O Write Time":0.0,"Temp I/O Read Time":98.507,"Temp I/O Write Time":251.953,"Plans":[{"Node Type":"Sort","Parent Relationship":"Outer","Parallel Aware":false,"Async Capable":false,"Startup Cost":2001757.58,"Total Cost":2001781.97,"Plan Rows":9755,"Plan Width":12,"Actual Startup Time":10177.27,"Actual Total Time":10178.12,"Actual Rows":17493,"Actual Loops":1,"Output":["nation.n_name","order_line.ol_amount"],"Sort Key":["nation.n_name"],"Sort Method":"quicksort","Sort Space Used":1725,"Sort Space Type":"Memory","Shared Hit Blocks":257161,"Shared Read Blocks":0,"Shared Dirtied Blocks":0,"Shared Written Blocks":0,"Local Hit Blocks":0,"Local Read Blocks":0,"Local Dirtied Blocks":0,"Local Written Blocks":0,"Temp Read Blocks":62236,"Temp Written Blocks":62263,"I/O Read Time":0.0,"I/O Write Time":0.0,"Temp I/O Read Time":98.507,"Temp I/O Write Time":251.953,"Plans":[{"Node Type":"Hash Join","Parent Relationship":"Outer","Parallel Aware":false,"Async Capable":false,"Join Type":"Inner","Startup Cost":1677614.31,"Total Cost":2001111.22,"Plan Rows":9755,"Plan Width":12,"Actual Startup Time":8321.064,"Actual Total Time":10168.072,"Actual Rows":17493,"Actual Loops":1,"Output":["nation.n_name","order_line.ol_amount"],"Inner Unique":true,"Hash Cond":"((mod((stock.s_w_id * stock.s_i_id), 10000) = supplier.su_suppkey) AND (customer.c_nationkey = supplier.su_nationkey))","Shared Hit Blocks":257161,"Shared Read Blocks":0,"Shared Dirtied Blocks":0,"Shared Written Blocks":0,"Local Hit Blocks":0,"Local Read Blocks":0,"Local Dirtied Blocks":0,"Local Written Blocks":0,"Temp Read Blocks":62236,"Temp Written Blocks":62263,"I/O Read Time":0.0,"I/O Write Time":0.0,"Temp I/O Read Time":98.507,"Temp I/O Write Time":251.953,"Plans":[{"Node Type":"Merge Join","Parent Relationship":"Outer","Parallel Aware":false,"Async Capable":false,"Join Type":"Inner","Startup Cost":1677147.31,"Total Cost":1997329.09,"Plan Rows":602749,"Plan Width":26,"Actual Startup Time":8318.08,"Actual Total Time":10027.0,"Actual Rows":1109507,"Actual Loops":1,"Output":["customer.c_nationkey","order_line.ol_amount","stock.s_w_id","stock.s_i_id","nation.n_name","nation.n_nationkey"],"Inner Unique":true,"Merge Cond":"((customer.c_w_id = stock.s_w_id) AND (order_line.ol_i_id = stock.s_i_id))","Shared Hit Blocks":256944,"Shared Read Blocks":0,"Shared Dirtied Blocks":0,"Shared Written Blocks":0,"Local Hit Blocks":0,"Local Read Blocks":0,"Local Dirtied Blocks":0,"Local Written Blocks":0,"Temp Read Blocks":62236,"Temp Written Blocks":62263,"I/O Read Time":0.0,"I/O Write Time":0.0,"Temp I/O Read Time":98.507,"Temp I/O Write Time":251.953,"Plans":[{"Node Type":"Sort","Parent Relationship":"Outer","Parallel Aware":false,"Async Capable":false,"Startup Cost":1677146.88,"Total Cost":1678634.56,"Plan Rows":595073,"Plan Width":30,"Actual Startup Time":8318.02,"Actual Total Time":8497.115,"Actual Rows":1109507,"Actual Loops":1,"Output":["customer.c_w_id","customer.c_nationkey","orders.o_w_id","order_line.ol_amount","order_line.ol_w_id","order_line.ol_i_id","nation.n_name","nation.n_nationkey"],"Sort Key":["customer.c_w_id","order_line.ol_i_id"],"Sort Method":"external merge","Sort Space Used":47304,"Sort Space Type":"Disk","Shared Hit Blocks":229606,"Shared Read Blocks":0,"Shared Dirtied Blocks":0,"Shared Written Blocks":0,"Local Hit Blocks":0,"Local Read Blocks":0,"Local Dirtied Blocks":0,"Local Written Blocks":0,"Temp Read Blocks":62236,"Temp Written Blocks":62263,"I/O Read Time":0.0,"I/O Write Time":0.0,"Temp I/O Read Time":98.507,"Temp I/O Write Time":251.953,"Plans":[{"Node Type":"Hash Join","Parent Relationship":"Outer","Parallel Aware":false,"Async Capable":false,"Join Type":"Inner","Startup Cost":402059.66,"Total Cost":1605833.32,"Plan Rows":595073,"Plan Width":30,"Actual Startup Time":1378.644,"Actual Total Time":6936.198,"Actual Rows":1109507,"Actual Loops":1,"Output":["customer.c_w_id","customer.c_nationkey","orders.o_w_id","order_line.ol_amount","order_line.ol_w_id","order_line.ol_i_id","nation.n_name","nation.n_nationkey"],"Inner Unique":false,"Hash Cond":"(customer.c_nationkey = nation.n_nationkey)","Shared Hit Blocks":229606,"Shared Read Blocks":0,"Shared Dirtied Blocks":0,"Shared Written Blocks":0,"Local Hit Blocks":0,"Local Read Blocks":0,"Local Dirtied Blocks":0,"Local Written Blocks":0,"Temp Read Blocks":50419,"Temp Written Blocks":50419,"I/O Read Time":0.0,"I/O Write Time":0.0,"Temp I/O Read Time":81.655,"Temp I/O Write Time":221.014,"Plans":[{"Node Type":"Hash Join","Parent Relationship":"Outer","Parallel Aware":false,"Async Capable":false,"Join Type":"Inner","Startup Cost":402056.52,"Total Cost":1588913.78,"Plan Rows":2975367,"Plan Width":18,"Actual Startup Time":1371.512,"Actual Total Time":6517.223,"Actual Rows":4284922,"Actual Loops":1,"Output":["customer.c_w_id","customer.c_nationkey","orders.o_w_id","order_line.ol_amount","order_line.ol_w_id","order_line.ol_i_id"],"Inner Unique":true,"Hash Cond":"((orders.o_c_id = customer.c_id) AND (orders.o_w_id = customer.c_w_id) AND (orders.o_d_id = customer.c_d_id))","Shared Hit Blocks":229604,"Shared Read Blocks":0,"Shared Dirtied Blocks":0,"Shared Written Blocks":0,"Local Hit Blocks":0,"Local Read Blocks":0,"Local Dirtied Blocks":0,"Local Written Blocks":0,"Temp Read Blocks":50419,"Temp Written Blocks":50419,"I/O Read Time":0.0,"I/O Write Time":0.0,"Temp I/O Read Time":81.655,"Temp I/O Write Time":221.014,"Plans":[{"Node Type":"Hash Join","Parent Relationship":"Outer","Parallel Aware":false,"Async Capable":false,"Join Type":"Inner","Startup Cost":75311.73,"Total Cost":1189221.96,"Plan Rows":2975367,"Plan Width":20,"Actual Startup Time":214.0,"Actual Total Time":3224.424,"Actual Rows":4284922,"Actual Loops":1,"Output":["orders.o_c_id","orders.o_w_id","orders.o_d_id","order_line.ol_amount","order_line.ol_w_id","order_line.ol_d_id","order_line.ol_i_id"],"Inner Unique":true,"Hash Cond":"((order_line.ol_w_id = orders.o_w_id) AND (order_line.ol_d_id = orders.o_d_id) AND (order_line.ol_o_id = orders.o_id))","Shared Hit Blocks":0,"Shared Read Blocks":0,"Shared Dirtied Blocks":0,"Shared Written Blocks":0,"Local Hit Blocks":0,"Local Read Blocks":0,"Local Dirtied Blocks":0,"Local Written Blocks":0,"Temp Read Blocks":18772,"Temp Written Blocks":18772,"I/O Read Time":0.0,"I/O Write Time":0.0,"Temp I/O Read Time":31.327,"Temp I/O Write Time":77.079,"Plans":[{"Node Type":"Append","Parent Relationship":"Outer","Parallel Aware":false,"Async Capable":false,"Startup Cost":20.0,"Total Cost":701820.0,"Plan Rows":20926367,"Plan Width":20,"Actual Startup Time":1.365,"Actual Total Time":1292.59,"Actual Rows":4311079,"Actual Loops":1,"Shared Hit Blocks":0,"Shared Read Blocks":0,"Shared Dirtied Blocks":0,"Shared Written Blocks":0,"Local Hit Blocks":0,"Local Read Blocks":0,"Local Dirtied Blocks":0,"Local Written Blocks":0,"Temp Read Blocks":0,"Temp Written Blocks":0,"I/O Read Time":0.0,"I/O Write Time":0.0,"Temp I/O Read Time":0.0,"Temp I/O Write Time":0.0,"Subplans Removed":0,"Plans":[{"Node Type":"Custom Scan","Parent Relationship":"Member","Custom Plan Provider":"columnar scan","Parallel Aware":false,"Async Capable":false,"Relation Name":"order_line","Schema":"public","Alias":"order_line","Startup Cost":20.0,"Total Cost":533641.75,"Plan Rows":20926325,"Plan Width":20,"Actual Startup Time":1.364,"Actual Total Time":989.758,"Actual Rows":4311079,"Actual Loops":1,"Output":["order_line.ol_amount","order_line.ol_o_id","order_line.ol_w_id","order_line.ol_d_id","order_line.ol_i_id"],"Filter":"(order_line.ol_delivery_d >= '1992-01-02 20:10:02.27764'::timestamp without time zone)","Rows Removed by Filter":0,"Rows Removed by Columnar Filter":25686653,"Rows Filtered by Bloom Filter":0,"Dictionary Rows Filtered by Bloom Filter":25686653,"Columnar cache search mode":"native","Shared Hit Blocks":0,"Shared Read Blocks":0,"Shared Dirtied Blocks":0,"Shared Written Blocks":0,"Local Hit Blocks":0,"Local Read Blocks":0,"Local Dirtied Blocks":0,"Local Written Blocks":0,"Temp Read Blocks":0,"Temp Written Blocks":0,"I/O Read Time":0.0,"I/O Write Time":0.0,"Temp I/O Read Time":0.0,"Temp I/O Write Time":0.0},{"Node Type":"Seq Scan","Parent Relationship":"Member","Parallel Aware":false,"Async Capable":false,"Relation Name":"order_line","Schema":"public","Alias":"order_line","Startup Cost":0.0,"Total Cost":4.75,"Plan Rows":42,"Plan Width":20,"Actual Startup Time":0.0,"Actual Total Time":0.0,"Actual Rows":0,"Actual Loops":0,"Output":["order_line.ol_amount","order_line.ol_o_id","order_line.ol_w_id","order_line.ol_d_id","order_line.ol_i_id"],"Filter":"(order_line.ol_delivery_d >= '1992-01-02 20:10:02.27764'::timestamp without time zone)","Rows Removed by Filter":0,"Shared Hit Blocks":0,"Shared Read Blocks":0,"Shared Dirtied Blocks":0,"Shared Written Blocks":0,"Local Hit Blocks":0,"Local Read Blocks":0,"Local Dirtied Blocks":0,"Local Written Blocks":0,"Temp Read Blocks":0,"Temp Written Blocks":0,"I/O Read Time":0.0,"I/O Write Time":0.0,"Temp I/O Read Time":0.0,"Temp I/O Write Time":0.0}]},{"Node Type":"Hash","Parent Relationship":"Inner","Parallel Aware":false,"Async Capable":false,"Startup Cost":65744.12,"Total Cost":65744.12,"Plan Rows":426549,"Plan Width":16,"Actual Startup Time":211.295,"Actual Total Time":211.301,"Actual Rows":428399,"Actual Loops":1,"Output":["orders.o_c_id","orders.o_w_id","orders.o_d_id","orders.o_id"],"Hash Buckets":262144,"Original Hash Buckets":262144,"Hash Batches":4,"Original Hash Batches":4,"Peak Memory Usage":7080,"Shared Hit Blocks":0,"Shared Read Blocks":0,"Shared Dirtied Blocks":0,"Shared Written Blocks":0,"Local Hit Blocks":0,"Local Read Blocks":0,"Local Dirtied Blocks":0,"Local Written Blocks":0,"Temp Read Blocks":0,"Temp Written Blocks":1410,"I/O Read Time":0.0,"I/O Write Time":0.0,"Temp I/O Read Time":0.0,"Temp I/O Write Time":5.774,"Plans":[{"Node Type":"Append","Parent Relationship":"Outer","Parallel Aware":false,"Async Capable":false,"Startup Cost":20.0,"Total Cost":65744.12,"Plan Rows":426549,"Plan Width":16,"Actual Startup Time":0.492,"Actual Total Time":106.574,"Actual Rows":428399,"Actual Loops":1,"Shared Hit Blocks":0,"Shared Read Blocks":0,"Shared Dirtied Blocks":0,"Shared Written Blocks":0,"Local Hit Blocks":0,"Local Read Blocks":0,"Local Dirtied Blocks":0,"Local Written Blocks":0,"Temp Read Blocks":0,"Temp Written Blocks":0,"I/O Read Time":0.0,"I/O Write Time":0.0,"Temp I/O Read Time":0.0,"Temp I/O Write Time":0.0,"Subplans Removed":0,"Plans":[{"Node Type":"Custom Scan","Parent Relationship":"Member","Custom Plan Provider":"columnar scan","Parallel Aware":false,"Async Capable":false,"Relation Name":"orders","Schema":"public","Alias":"orders","Startup Cost":20.0,"Total Cost":10043.96,"Plan Rows":426548,"Plan Width":16,"Actual Startup Time":0.49,"Actual Total Time":74.363,"Actual Rows":428399,"Actual Loops":1,"Output":["orders.o_c_id","orders.o_w_id","orders.o_d_id","orders.o_id"],"Filter":"((orders.o_entry_d < '1994-01-02 20:10:02.27764'::timestamp without time zone) AND (orders.o_entry_d >= '1993-01-02 20:10:02.27764'::timestamp without time zone))","Rows Removed by Filter":0,"Rows Removed by Columnar Filter":2571601,"Columnar cache search mode":"native","Shared Hit Blocks":0,"Shared Read Blocks":0,"Shared Dirtied Blocks":0,"Shared Written Blocks":0,"Local Hit Blocks":0,"Local Read Blocks":0,"Local Dirtied Blocks":0,"Local Written Blocks":0,"Temp Read Blocks":0,"Temp Written Blocks":0,"I/O Read Time":0.0,"I/O Write Time":0.0,"Temp I/O Read Time":0.0,"Temp I/O Write Time":0.0},{"Node Type":"Seq Scan","Parent Relationship":"Member","Parallel Aware":false,"Async Capable":false,"Relation Name":"orders","Schema":"public","Alias":"orders","Startup Cost":0.0,"Total Cost":4.01,"Plan Rows":1,"Plan Width":16,"Actual Startup Time":0.0,"Actual Total Time":0.0,"Actual Rows":0,"Actual Loops":0,"Output":["orders.o_c_id","orders.o_w_id","orders.o_d_id","orders.o_id"],"Filter":"((orders.o_entry_d < '1994-01-02 20:10:02.27764'::timestamp without time zone) AND (orders.o_entry_d >= '1993-01-02 20:10:02.27764'::timestamp without time zone))","Rows Removed by Filter":0,"Shared Hit Blocks":0,"Shared Read Blocks":0,"Shared Dirtied Blocks":0,"Shared Written Blocks":0,"Local Hit Blocks":0,"Local Read Blocks":0,"Local Dirtied Blocks":0,"Local Written Blocks":0,"Temp Read Blocks":0,"Temp Written Blocks":0,"I/O Read Time":0.0,"I/O Write Time":0.0,"Temp I/O Read Time":0.0,"Temp I/O Write Time":0.0}]}]}]},{"Node Type":"Hash","Parent Relationship":"Inner","Parallel Aware":false,"Async Capable":false,"Startup Cost":259601.38,"Total Cost":259601.38,"Plan Rows":2999738,"Plan Width":12,"Actual Startup Time":1155.681,"Actual Total Time":1155.684,"Actual Rows":3000000,"Actual Loops":1,"Output":["customer.c_id","customer.c_w_id","customer.c_d_id","customer.c_nationkey"],"Hash Buckets":262144,"Original Hash Buckets":262144,"Hash Batches":32,"Original Hash Batches":32,"Peak Memory Usage":6090,"Shared Hit Blocks":229604,"Shared Read Blocks":0,"Shared Dirtied Blocks":0,"Shared Written Blocks":0,"Local Hit Blocks":0,"Local Read Blocks":0,"Local Dirtied Blocks":0,"Local Written Blocks":0,"Temp Read Blocks":0,"Temp Written Blocks":11335,"I/O Read Time":0.0,"I/O Write Time":0.0,"Temp I/O Read Time":0.0,"Temp I/O Write Time":52.971,"Plans":[{"Node Type":"Seq Scan","Parent Relationship":"Outer","Parallel Aware":false,"Async Capable":false,"Relation Name":"customer","Schema":"public","Alias":"customer","Startup Cost":0.0,"Total Cost":259601.38,"Plan Rows":2999738,"Plan Width":12,"Actual Startup Time":0.01,"Actual Total Time":656.835,"Actual Rows":3000000,"Actual Loops":1,"Output":["customer.c_id","customer.c_w_id","customer.c_d_id","customer.c_nationkey"],"Shared Hit Blocks":229604,"Shared Read Blocks":0,"Shared Dirtied Blocks":0,"Shared Written Blocks":0,"Local Hit Blocks":0,"Local Read Blocks":0,"Local Dirtied Blocks":0,"Local Written Blocks":0,"Temp Read Blocks":0,"Temp Written Blocks":0,"I/O Read Time":0.0,"I/O Write Time":0.0,"Temp I/O Read Time":0.0,"Temp I/O Write Time":0.0}]}]},{"Node Type":"Hash","Parent Relationship":"Inner","Parallel Aware":false,"Async Capable":false,"Startup Cost":2.99,"Total Cost":2.99,"Plan Rows":12,"Plan Width":12,"Actual Startup Time":0.043,"Actual Total Time":0.048,"Actual Rows":22,"Actual Loops":1,"Output":["nation.n_name","nation.n_nationkey"],"Hash Buckets":1024,"Original Hash Buckets":1024,"Hash Batches":1,"Original Hash Batches":1,"Peak Memory Usage":9,"Shared Hit Blocks":2,"Shared Read Blocks":0,"Shared Dirtied Blocks":0,"Shared Written Blocks":0,"Local Hit Blocks":0,"Local Read Blocks":0,"Local Dirtied Blocks":0,"Local Written Blocks":0,"Temp Read Blocks":0,"Temp Written Blocks":0,"I/O Read Time":0.0,"I/O Write Time":0.0,"Temp I/O Read Time":0.0,"Temp I/O Write Time":0.0,"Plans":[{"Node Type":"Hash Join","Parent Relationship":"Outer","Parallel Aware":false,"Async Capable":false,"Join Type":"Inner","Startup Cost":1.07,"Total Cost":2.99,"Plan Rows":12,"Plan Width":12,"Actual Startup Time":0.026,"Actual Total Time":0.041,"Actual Rows":22,"Actual Loops":1,"Output":["nation.n_name","nation.n_nationkey"],"Inner Unique":true,"Hash Cond":"(nation.n_regionkey = region.r_regionkey)","Shared Hit Blocks":2,"Shared Read Blocks":0,"Shared Dirtied Blocks":0,"Shared Written Blocks":0,"Local Hit Blocks":0,"Local Read Blocks":0,"Local Dirtied Blocks":0,"Local Written Blocks":0,"Temp Read Blocks":0,"Temp Written Blocks":0,"I/O Read Time":0.0,"I/O Write Time":0.0,"Temp I/O Read Time":0.0,"Temp I/O Write Time":0.0,"Plans":[{"Node Type":"Seq Scan","Parent Relationship":"Outer","Parallel Aware":false,"Async Capable":false,"Relation Name":"nation","Schema":"public","Alias":"nation","Startup Cost":0.0,"Total Cost":1.62,"Plan Rows":62,"Plan Width":16,"Actual Startup Time":0.006,"Actual Total Time":0.009,"Actual Rows":62,"Actual Loops":1,"Output":["nation.n_nationkey","nation.n_name","nation.n_regionkey","nation.n_comment"],"Shared Hit Blocks":1,"Shared Read Blocks":0,"Shared Dirtied Blocks":0,"Shared Written Blocks":0,"Local Hit Blocks":0,"Local Read Blocks":0,"Local Dirtied Blocks":0,"Local Written Blocks":0,"Temp Read Blocks":0,"Temp Written Blocks":0,"I/O Read Time":0.0,"I/O Write Time":0.0,"Temp I/O Read Time":0.0,"Temp I/O Write Time":0.0},{"Node Type":"Hash","Parent Relationship":"Inner","Parallel Aware":false,"Async Capable":false,"Startup Cost":1.06,"Total Cost":1.06,"Plan Rows":1,"Plan Width":4,"Actual Startup Time":0.008,"Actual Total Time":0.009,"Actual Rows":1,"Actual Loops":1,"Output":["region.r_regionkey"],"Hash Buckets":1024,"Original Hash Buckets":1024,"Hash Batches":1,"Original Hash Batches":1,"Peak Memory Usage":9,"Shared Hit Blocks":1,"Shared Read Blocks":0,"Shared Dirtied Blocks":0,"Shared Written Blocks":0,"Local Hit Blocks":0,"Local Read Blocks":0,"Local Dirtied Blocks":0,"Local Written Blocks":0,"Temp Read Blocks":0,"Temp Written Blocks":0,"I/O Read Time":0.0,"I/O Write Time":0.0,"Temp I/O Read Time":0.0,"Temp I/O Write Time":0.0,"Plans":[{"Node Type":"Seq Scan","Parent Relationship":"Outer","Parallel Aware":false,"Async Capable":false,"Relation Name":"region","Schema":"public","Alias":"region","Startup Cost":0.0,"Total Cost":1.06,"Plan Rows":1,"Plan Width":4,"Actual Startup Time":0.006,"Actual Total Time":0.006,"Actual Rows":1,"Actual Loops":1,"Output":["region.r_regionkey"],"Filter":"((region.r_name)::text = 'Europe'::text)","Rows Removed by Filter":4,"Shared Hit Blocks":1,"Shared Read Blocks":0,"Shared Dirtied Blocks":0,"Shared Written Blocks":0,"Local Hit Blocks":0,"Local Read Blocks":0,"Local Dirtied Blocks":0,"Local Written Blocks":0,"Temp Read Blocks":0,"Temp Written Blocks":0,"I/O Read Time":0.0,"I/O Write Time":0.0,"Temp I/O Read Time":0.0,"Temp I/O Write Time":0.0}]}]}]}]}]},{"Node Type":"Index Only Scan","Parent Relationship":"Inner","Parallel Aware":false,"Async Capable":false,"Scan Direction":"Forward","Index Name":"stock_pk","Relation Name":"stock","Schema":"public","Alias":"stock","Startup Cost":0.43,"Total Cost":259690.86,"Plan Rows":10000162,"Plan Width":6,"Actual Startup Time":0.046,"Actual Total Time":725.184,"Actual Rows":9999996,"Actual Loops":1,"Output":["stock.s_w_id","stock.s_i_id"],"Heap Fetches":0,"Shared Hit Blocks":27338,"Shared Read Blocks":0,"Shared Dirtied Blocks":0,"Shared Written Blocks":0,"Local Hit Blocks":0,"Local Read Blocks":0,"Local Dirtied Blocks":0,"Local Written Blocks":0,"Temp Read Blocks":0,"Temp Written Blocks":0,"I/O Read Time":0.0,"I/O Write Time":0.0,"Temp I/O Read Time":0.0,"Temp I/O Write Time":0.0}]},{"Node Type":"Hash","Parent Relationship":"Inner","Parallel Aware":false,"Async Capable":false,"Startup Cost":317.0,"Total Cost":317.0,"Plan Rows":10000,"Plan Width":8,"Actual Startup Time":2.563,"Actual Total Time":2.564,"Actual Rows":10000,"Actual Loops":1,"Output":["supplier.su_suppkey","supplier.su_nationkey"],"Hash Buckets":16384,"Original Hash Buckets":16384,"Hash Batches":1,"Original Hash Batches":1,"Peak Memory Usage":519,"Shared Hit Blocks":217,"Shared Read Blocks":0,"Shared Dirtied Blocks":0,"Shared Written Blocks":0,"Local Hit Blocks":0,"Local Read Blocks":0,"Local Dirtied Blocks":0,"Local Written Blocks":0,"Temp Read Blocks":0,"Temp Written Blocks":0,"I/O Read Time":0.0,"I/O Write Time":0.0,"Temp I/O Read Time":0.0,"Temp I/O Write Time":0.0,"Plans":[{"Node Type":"Seq Scan","Parent Relationship":"Outer","Parallel Aware":false,"Async Capable":false,"Relation Name":"supplier","Schema":"public","Alias":"supplier","Startup Cost":0.0,"Total Cost":317.0,"Plan Rows":10000,"Plan Width":8,"Actual Startup Time":0.01,"Actual Total Time":1.27,"Actual Rows":10000,"Actual Loops":1,"Output":["supplier.su_suppkey","supplier.su_nationkey"],"Shared Hit Blocks":217,"Shared Read Blocks":0,"Shared Dirtied Blocks":0,"Shared Written Blocks":0,"Local Hit Blocks":0,"Local Read Blocks":0,"Local Dirtied Blocks":0,"Local Written Blocks":0,"Temp Read Blocks":0,"Temp Written Blocks":0,"I/O Read Time":0.0,"I/O Write Time":0.0,"Temp I/O Read Time":0.0,"Temp I/O Write Time":0.0}]}]}]}]}]},"Planning":{"Shared Hit Blocks":16,"Shared Read Blocks":0,"Shared Dirtied Blocks":0,"Shared Written Blocks":0,"Local Hit Blocks":0,"Local Read Blocks":0,"Local Dirtied Blocks":0,"Local Written Blocks":0,"Temp Read Blocks":0,"Temp Written Blocks":0,"I/O Read Time":0.0,"I/O Write Time":0.0,"Temp I/O Read Time":0.0,"Temp I/O Write Time":0.0},"Planning Time":4.687,"Triggers":[],"Execution Time":10188.614}]
[列存组合]: order_line, region
[{"Plan":{"Node Type":"Sort","Parallel Aware":false,"Async Capable":false,"Startup Cost":2003148.23,"Total Cost":2003148.39,"Plan Rows":62,"Plan Width":40,"Actual Startup Time":10285.428,"Actual Total Time":10285.457,"Actual Rows":11,"Actual Loops":1,"Output":["nation.n_name","(sum(order_line.ol_amount))"],"Sort Key":["(sum(order_line.ol_amount)) DESC"],"Sort Method":"quicksort","Sort Space Used":25,"Sort Space Type":"Memory","Shared Hit Blocks":279220,"Shared Read Blocks":0,"Shared Dirtied Blocks":0,"Shared Written Blocks":0,"Local Hit Blocks":0,"Local Read Blocks":0,"Local Dirtied Blocks":0,"Local Written Blocks":0,"Temp Read Blocks":62236,"Temp Written Blocks":62263,"I/O Read Time":0.0,"I/O Write Time":0.0,"Temp I/O Read Time":101.143,"Temp I/O Write Time":253.075,"Plans":[{"Node Type":"Aggregate","Strategy":"Sorted","Partial Mode":"Simple","Parent Relationship":"Outer","Parallel Aware":false,"Async Capable":false,"Startup Cost":2003072.45,"Total Cost":2003146.39,"Plan Rows":62,"Plan Width":40,"Actual Startup Time":10282.604,"Actual Total Time":10285.438,"Actual Rows":11,"Actual Loops":1,"Output":["nation.n_name","sum(order_line.ol_amount)"],"Group Key":["nation.n_name"],"Shared Hit Blocks":279220,"Shared Read Blocks":0,"Shared Dirtied Blocks":0,"Shared Written Blocks":0,"Local Hit Blocks":0,"Local Read Blocks":0,"Local Dirtied Blocks":0,"Local Written Blocks":0,"Temp Read Blocks":62236,"Temp Written Blocks":62263,"I/O Read Time":0.0,"I/O Write Time":0.0,"Temp I/O Read Time":101.143,"Temp I/O Write Time":253.075,"Plans":[{"Node Type":"Sort","Parent Relationship":"Outer","Parallel Aware":false,"Async Capable":false,"Startup Cost":2003072.45,"Total Cost":2003096.84,"Plan Rows":9755,"Plan Width":12,"Actual Startup Time":10282.396,"Actual Total Time":10283.177,"Actual Rows":17493,"Actual Loops":1,"Output":["nation.n_name","order_line.ol_amount"],"Sort Key":["nation.n_name"],"Sort Method":"quicksort","Sort Space Used":1725,"Sort Space Type":"Memory","Shared Hit Blocks":279220,"Shared Read Blocks":0,"Shared Dirtied Blocks":0,"Shared Written Blocks":0,"Local Hit Blocks":0,"Local Read Blocks":0,"Local Dirtied Blocks":0,"Local Written Blocks":0,"Temp Read Blocks":62236,"Temp Written Blocks":62263,"I/O Read Time":0.0,"I/O Write Time":0.0,"Temp I/O Read Time":101.143,"Temp I/O Write Time":253.075,"Plans":[{"Node Type":"Hash Join","Parent Relationship":"Outer","Parallel Aware":false,"Async Capable":false,"Join Type":"Inner","Startup Cost":1678929.18,"Total Cost":2002426.09,"Plan Rows":9755,"Plan Width":12,"Actual Startup Time":8444.428,"Actual Total Time":10273.43,"Actual Rows":17493,"Actual Loops":1,"Output":["nation.n_name","order_line.ol_amount"],"Inner Unique":true,"Hash Cond":"((mod((stock.s_w_id * stock.s_i_id), 10000) = supplier.su_suppkey) AND (customer.c_nationkey = supplier.su_nationkey))","Shared Hit Blocks":279220,"Shared Read Blocks":0,"Shared Dirtied Blocks":0,"Shared Written Blocks":0,"Local Hit Blocks":0,"Local Read Blocks":0,"Local Dirtied Blocks":0,"Local Written Blocks":0,"Temp Read Blocks":62236,"Temp Written Blocks":62263,"I/O Read Time":0.0,"I/O Write Time":0.0,"Temp I/O Read Time":101.143,"Temp I/O Write Time":253.075,"Plans":[{"Node Type":"Merge Join","Parent Relationship":"Outer","Parallel Aware":false,"Async Capable":false,"Join Type":"Inner","Startup Cost":1678462.18,"Total Cost":1998643.95,"Plan Rows":602749,"Plan Width":26,"Actual Startup Time":8441.368,"Actual Total Time":10130.357,"Actual Rows":1109507,"Actual Loops":1,"Output":["customer.c_nationkey","order_line.ol_amount","stock.s_w_id","stock.s_i_id","nation.n_name","nation.n_nationkey"],"Inner Unique":true,"Merge Cond":"((customer.c_w_id = stock.s_w_id) AND (order_line.ol_i_id = stock.s_i_id))","Shared Hit Blocks":279003,"Shared Read Blocks":0,"Shared Dirtied Blocks":0,"Shared Written Blocks":0,"Local Hit Blocks":0,"Local Read Blocks":0,"Local Dirtied Blocks":0,"Local Written Blocks":0,"Temp Read Blocks":62236,"Temp Written Blocks":62263,"I/O Read Time":0.0,"I/O Write Time":0.0,"Temp I/O Read Time":101.143,"Temp I/O Write Time":253.075,"Plans":[{"Node Type":"Sort","Parent Relationship":"Outer","Parallel Aware":false,"Async Capable":false,"Startup Cost":1678461.74,"Total Cost":1679949.42,"Plan Rows":595073,"Plan Width":30,"Actual Startup Time":8441.302,"Actual Total Time":8619.887,"Actual Rows":1109507,"Actual Loops":1,"Output":["customer.c_w_id","customer.c_nationkey","orders.o_w_id","order_line.ol_amount","order_line.ol_w_id","order_line.ol_i_id","nation.n_name","nation.n_nationkey"],"Sort Key":["customer.c_w_id","order_line.ol_i_id"],"Sort Method":"external merge","Sort Space Used":47304,"Sort Space Type":"Disk","Shared Hit Blocks":251665,"Shared Read Blocks":0,"Shared Dirtied Blocks":0,"Shared Written Blocks":0,"Local Hit Blocks":0,"Local Read Blocks":0,"Local Dirtied Blocks":0,"Local Written Blocks":0,"Temp Read Blocks":62236,"Temp Written Blocks":62263,"I/O Read Time":0.0,"I/O Write Time":0.0,"Temp I/O Read Time":101.143,"Temp I/O Write Time":253.075,"Plans":[{"Node Type":"Hash Join","Parent Relationship":"Outer","Parallel Aware":false,"Async Capable":false,"Join Type":"Inner","Startup Cost":403374.53,"Total Cost":1607148.18,"Plan Rows":595073,"Plan Width":30,"Actual Startup Time":1497.41,"Actual Total Time":7054.854,"Actual Rows":1109507,"Actual Loops":1,"Output":["customer.c_w_id","customer.c_nationkey","orders.o_w_id","order_line.ol_amount","order_line.ol_w_id","order_line.ol_i_id","nation.n_name","nation.n_nationkey"],"Inner Unique":false,"Hash Cond":"(customer.c_nationkey = nation.n_nationkey)","Shared Hit Blocks":251665,"Shared Read Blocks":0,"Shared Dirtied Blocks":0,"Shared Written Blocks":0,"Local Hit Blocks":0,"Local Read Blocks":0,"Local Dirtied Blocks":0,"Local Written Blocks":0,"Temp Read Blocks":50419,"Temp Written Blocks":50419,"I/O Read Time":0.0,"I/O Write Time":0.0,"Temp I/O Read Time":83.3,"Temp I/O Write Time":221.61,"Plans":[{"Node Type":"Hash Join","Parent Relationship":"Outer","Parallel Aware":false,"Async Capable":false,"Join Type":"Inner","Startup Cost":403371.39,"Total Cost":1590228.65,"Plan Rows":2975367,"Plan Width":18,"Actual Startup Time":1490.232,"Actual Total Time":6635.919,"Actual Rows":4284922,"Actual Loops":1,"Output":["customer.c_w_id","customer.c_nationkey","orders.o_w_id","order_line.ol_amount","order_line.ol_w_id","order_line.ol_i_id"],"Inner Unique":true,"Hash Cond":"((orders.o_c_id = customer.c_id) AND (orders.o_w_id = customer.c_w_id) AND (orders.o_d_id = customer.c_d_id))","Shared Hit Blocks":251663,"Shared Read Blocks":0,"Shared Dirtied Blocks":0,"Shared Written Blocks":0,"Local Hit Blocks":0,"Local Read Blocks":0,"Local Dirtied Blocks":0,"Local Written Blocks":0,"Temp Read Blocks":50419,"Temp Written Blocks":50419,"I/O Read Time":0.0,"I/O Write Time":0.0,"Temp I/O Read Time":83.3,"Temp I/O Write Time":221.61,"Plans":[{"Node Type":"Hash Join","Parent Relationship":"Outer","Parallel Aware":false,"Async Capable":false,"Join Type":"Inner","Startup Cost":76626.59,"Total Cost":1190536.82,"Plan Rows":2975367,"Plan Width":20,"Actual Startup Time":327.626,"Actual Total Time":3344.346,"Actual Rows":4284922,"Actual Loops":1,"Output":["orders.o_c_id","orders.o_w_id","orders.o_d_id","order_line.ol_amount","order_line.ol_w_id","order_line.ol_d_id","order_line.ol_i_id"],"Inner Unique":true,"Hash Cond":"((order_line.ol_w_id = orders.o_w_id) AND (order_line.ol_d_id = orders.o_d_id) AND (order_line.ol_o_id = orders.o_id))","Shared Hit Blocks":22059,"Shared Read Blocks":0,"Shared Dirtied Blocks":0,"Shared Written Blocks":0,"Local Hit Blocks":0,"Local Read Blocks":0,"Local Dirtied Blocks":0,"Local Written Blocks":0,"Temp Read Blocks":18772,"Temp Written Blocks":18772,"I/O Read Time":0.0,"I/O Write Time":0.0,"Temp I/O Read Time":31.691,"Temp I/O Write Time":76.958,"Plans":[{"Node Type":"Append","Parent Relationship":"Outer","Parallel Aware":false,"Async Capable":false,"Startup Cost":20.0,"Total Cost":701820.0,"Plan Rows":20926367,"Plan Width":20,"Actual Startup Time":1.393,"Actual Total Time":1297.396,"Actual Rows":4311079,"Actual Loops":1,"Shared Hit Blocks":0,"Shared Read Blocks":0,"Shared Dirtied Blocks":0,"Shared Written Blocks":0,"Local Hit Blocks":0,"Local Read Blocks":0,"Local Dirtied Blocks":0,"Local Written Blocks":0,"Temp Read Blocks":0,"Temp Written Blocks":0,"I/O Read Time":0.0,"I/O Write Time":0.0,"Temp I/O Read Time":0.0,"Temp I/O Write Time":0.0,"Subplans Removed":0,"Plans":[{"Node Type":"Custom Scan","Parent Relationship":"Member","Custom Plan Provider":"columnar scan","Parallel Aware":false,"Async Capable":false,"Relation Name":"order_line","Schema":"public","Alias":"order_line","Startup Cost":20.0,"Total Cost":533641.75,"Plan Rows":20926325,"Plan Width":20,"Actual Startup Time":1.391,"Actual Total Time":993.359,"Actual Rows":4311079,"Actual Loops":1,"Output":["order_line.ol_amount","order_line.ol_o_id","order_line.ol_w_id","order_line.ol_d_id","order_line.ol_i_id"],"Filter":"(order_line.ol_delivery_d >= '1992-01-02 20:10:02.27764'::timestamp without time zone)","Rows Removed by Filter":0,"Rows Removed by Columnar Filter":25686653,"Rows Filtered by Bloom Filter":0,"Dictionary Rows Filtered by Bloom Filter":25686653,"Columnar cache search mode":"native","Shared Hit Blocks":0,"Shared Read Blocks":0,"Shared Dirtied Blocks":0,"Shared Written Blocks":0,"Local Hit Blocks":0,"Local Read Blocks":0,"Local Dirtied Blocks":0,"Local Written Blocks":0,"Temp Read Blocks":0,"Temp Written Blocks":0,"I/O Read Time":0.0,"I/O Write Time":0.0,"Temp I/O Read Time":0.0,"Temp I/O Write Time":0.0},{"Node Type":"Seq Scan","Parent Relationship":"Member","Parallel Aware":false,"Async Capable":false,"Relation Name":"order_line","Schema":"public","Alias":"order_line","Startup Cost":0.0,"Total Cost":4.75,"Plan Rows":42,"Plan Width":20,"Actual Startup Time":0.0,"Actual Total Time":0.0,"Actual Rows":0,"Actual Loops":0,"Output":["order_line.ol_amount","order_line.ol_o_id","order_line.ol_w_id","order_line.ol_d_id","order_line.ol_i_id"],"Filter":"(order_line.ol_delivery_d >= '1992-01-02 20:10:02.27764'::timestamp without time zone)","Rows Removed by Filter":0,"Shared Hit Blocks":0,"Shared Read Blocks":0,"Shared Dirtied Blocks":0,"Shared Written Blocks":0,"Local Hit Blocks":0,"Local Read Blocks":0,"Local Dirtied Blocks":0,"Local Written Blocks":0,"Temp Read Blocks":0,"Temp Written Blocks":0,"I/O Read Time":0.0,"I/O Write Time":0.0,"Temp I/O Read Time":0.0,"Temp I/O Write Time":0.0}]},{"Node Type":"Hash","Parent Relationship":"Inner","Parallel Aware":false,"Async Capable":false,"Startup Cost":67059.0,"Total Cost":67059.0,"Plan Rows":426548,"Plan Width":16,"Actual Startup Time":324.935,"Actual Total Time":324.938,"Actual Rows":428399,"Actual Loops":1,"Output":["orders.o_c_id","orders.o_w_id","orders.o_d_id","orders.o_id"],"Hash Buckets":262144,"Original Hash Buckets":262144,"Hash Batches":4,"Original Hash Batches":4,"Peak Memory Usage":7080,"Shared Hit Blocks":22059,"Shared Read Blocks":0,"Shared Dirtied Blocks":0,"Shared Written Blocks":0,"Local Hit Blocks":0,"Local Read Blocks":0,"Local Dirtied Blocks":0,"Local Written Blocks":0,"Temp Read Blocks":0,"Temp Written Blocks":1410,"I/O Read Time":0.0,"I/O Write Time":0.0,"Temp I/O Read Time":0.0,"Temp I/O Write Time":6.298,"Plans":[{"Node Type":"Seq Scan","Parent Relationship":"Outer","Parallel Aware":false,"Async Capable":false,"Relation Name":"orders","Schema":"public","Alias":"orders","Startup Cost":0.0,"Total Cost":67059.0,"Plan Rows":426548,"Plan Width":16,"Actual Startup Time":0.778,"Actual Total Time":223.065,"Actual Rows":428399,"Actual Loops":1,"Output":["orders.o_c_id","orders.o_w_id","orders.o_d_id","orders.o_id"],"Filter":"((orders.o_entry_d >= '1993-01-02 20:10:02.27764'::timestamp without time zone) AND (orders.o_entry_d < '1994-01-02 20:10:02.27764'::timestamp without time zone))","Rows Removed by Filter":2571601,"Shared Hit Blocks":22059,"Shared Read Blocks":0,"Shared Dirtied Blocks":0,"Shared Written Blocks":0,"Local Hit Blocks":0,"Local Read Blocks":0,"Local Dirtied Blocks":0,"Local Written Blocks":0,"Temp Read Blocks":0,"Temp Written Blocks":0,"I/O Read Time":0.0,"I/O Write Time":0.0,"Temp I/O Read Time":0.0,"Temp I/O Write Time":0.0}]}]},{"Node Type":"Hash","Parent Relationship":"Inner","Parallel Aware":false,"Async Capable":false,"Startup Cost":259601.38,"Total Cost":259601.38,"Plan Rows":2999738,"Plan Width":12,"Actual Startup Time":1160.761,"Actual Total Time":1160.764,"Actual Rows":3000000,"Actual Loops":1,"Output":["customer.c_id","customer.c_w_id","customer.c_d_id","customer.c_nationkey"],"Hash Buckets":262144,"Original Hash Buckets":262144,"Hash Batches":32,"Original Hash Batches":32,"Peak Memory Usage":6090,"Shared Hit Blocks":229604,"Shared Read Blocks":0,"Shared Dirtied Blocks":0,"Shared Written Blocks":0,"Local Hit Blocks":0,"Local Read Blocks":0,"Local Dirtied Blocks":0,"Local Written Blocks":0,"Temp Read Blocks":0,"Temp Written Blocks":11335,"I/O Read Time":0.0,"I/O Write Time":0.0,"Temp I/O Read Time":0.0,"Temp I/O Write Time":53.153,"Plans":[{"Node Type":"Seq Scan","Parent Relationship":"Outer","Parallel Aware":false,"Async Capable":false,"Relation Name":"customer","Schema":"public","Alias":"customer","Startup Cost":0.0,"Total Cost":259601.38,"Plan Rows":2999738,"Plan Width":12,"Actual Startup Time":0.008,"Actual Total Time":656.388,"Actual Rows":3000000,"Actual Loops":1,"Output":["customer.c_id","customer.c_w_id","customer.c_d_id","customer.c_nationkey"],"Shared Hit Blocks":229604,"Shared Read Blocks":0,"Shared Dirtied Blocks":0,"Shared Written Blocks":0,"Local Hit Blocks":0,"Local Read Blocks":0,"Local Dirtied Blocks":0,"Local Written Blocks":0,"Temp Read Blocks":0,"Temp Written Blocks":0,"I/O Read Time":0.0,"I/O Write Time":0.0,"Temp I/O Read Time":0.0,"Temp I/O Write Time":0.0}]}]},{"Node Type":"Hash","Parent Relationship":"Inner","Parallel Aware":false,"Async Capable":false,"Startup Cost":2.99,"Total Cost":2.99,"Plan Rows":12,"Plan Width":12,"Actual Startup Time":0.041,"Actual Total Time":0.046,"Actual Rows":22,"Actual Loops":1,"Output":["nation.n_name","nation.n_nationkey"],"Hash Buckets":1024,"Original Hash Buckets":1024,"Hash Batches":1,"Original Hash Batches":1,"Peak Memory Usage":9,"Shared Hit Blocks":2,"Shared Read Blocks":0,"Shared Dirtied Blocks":0,"Shared Written Blocks":0,"Local Hit Blocks":0,"Local Read Blocks":0,"Local Dirtied Blocks":0,"Local Written Blocks":0,"Temp Read Blocks":0,"Temp Written Blocks":0,"I/O Read Time":0.0,"I/O Write Time":0.0,"Temp I/O Read Time":0.0,"Temp I/O Write Time":0.0,"Plans":[{"Node Type":"Hash Join","Parent Relationship":"Outer","Parallel Aware":false,"Async Capable":false,"Join Type":"Inner","Startup Cost":1.07,"Total Cost":2.99,"Plan Rows":12,"Plan Width":12,"Actual Startup Time":0.025,"Actual Total Time":0.038,"Actual Rows":22,"Actual Loops":1,"Output":["nation.n_name","nation.n_nationkey"],"Inner Unique":true,"Hash Cond":"(nation.n_regionkey = region.r_regionkey)","Shared Hit Blocks":2,"Shared Read Blocks":0,"Shared Dirtied Blocks":0,"Shared Written Blocks":0,"Local Hit Blocks":0,"Local Read Blocks":0,"Local Dirtied Blocks":0,"Local Written Blocks":0,"Temp Read Blocks":0,"Temp Written Blocks":0,"I/O Read Time":0.0,"I/O Write Time":0.0,"Temp I/O Read Time":0.0,"Temp I/O Write Time":0.0,"Plans":[{"Node Type":"Seq Scan","Parent Relationship":"Outer","Parallel Aware":false,"Async Capable":false,"Relation Name":"nation","Schema":"public","Alias":"nation","Startup Cost":0.0,"Total Cost":1.62,"Plan Rows":62,"Plan Width":16,"Actual Startup Time":0.006,"Actual Total Time":0.009,"Actual Rows":62,"Actual Loops":1,"Output":["nation.n_nationkey","nation.n_name","nation.n_regionkey","nation.n_comment"],"Shared Hit Blocks":1,"Shared Read Blocks":0,"Shared Dirtied Blocks":0,"Shared Written Blocks":0,"Local Hit Blocks":0,"Local Read Blocks":0,"Local Dirtied Blocks":0,"Local Written Blocks":0,"Temp Read Blocks":0,"Temp Written Blocks":0,"I/O Read Time":0.0,"I/O Write Time":0.0,"Temp I/O Read Time":0.0,"Temp I/O Write Time":0.0},{"Node Type":"Hash","Parent Relationship":"Inner","Parallel Aware":false,"Async Capable":false,"Startup Cost":1.06,"Total Cost":1.06,"Plan Rows":1,"Plan Width":4,"Actual Startup Time":0.008,"Actual Total Time":0.008,"Actual Rows":1,"Actual Loops":1,"Output":["region.r_regionkey"],"Hash Buckets":1024,"Original Hash Buckets":1024,"Hash Batches":1,"Original Hash Batches":1,"Peak Memory Usage":9,"Shared Hit Blocks":1,"Shared Read Blocks":0,"Shared Dirtied Blocks":0,"Shared Written Blocks":0,"Local Hit Blocks":0,"Local Read Blocks":0,"Local Dirtied Blocks":0,"Local Written Blocks":0,"Temp Read Blocks":0,"Temp Written Blocks":0,"I/O Read Time":0.0,"I/O Write Time":0.0,"Temp I/O Read Time":0.0,"Temp I/O Write Time":0.0,"Plans":[{"Node Type":"Seq Scan","Parent Relationship":"Outer","Parallel Aware":false,"Async Capable":false,"Relation Name":"region","Schema":"public","Alias":"region","Startup Cost":0.0,"Total Cost":1.06,"Plan Rows":1,"Plan Width":4,"Actual Startup Time":0.006,"Actual Total Time":0.006,"Actual Rows":1,"Actual Loops":1,"Output":["region.r_regionkey"],"Filter":"((region.r_name)::text = 'Europe'::text)","Rows Removed by Filter":4,"Shared Hit Blocks":1,"Shared Read Blocks":0,"Shared Dirtied Blocks":0,"Shared Written Blocks":0,"Local Hit Blocks":0,"Local Read Blocks":0,"Local Dirtied Blocks":0,"Local Written Blocks":0,"Temp Read Blocks":0,"Temp Written Blocks":0,"I/O Read Time":0.0,"I/O Write Time":0.0,"Temp I/O Read Time":0.0,"Temp I/O Write Time":0.0}]}]}]}]}]},{"Node Type":"Index Only Scan","Parent Relationship":"Inner","Parallel Aware":false,"Async Capable":false,"Scan Direction":"Forward","Index Name":"stock_pk","Relation Name":"stock","Schema":"public","Alias":"stock","Startup Cost":0.43,"Total Cost":259690.86,"Plan Rows":10000162,"Plan Width":6,"Actual Startup Time":0.054,"Actual Total Time":710.304,"Actual Rows":9999996,"Actual Loops":1,"Output":["stock.s_w_id","stock.s_i_id"],"Heap Fetches":0,"Shared Hit Blocks":27338,"Shared Read Blocks":0,"Shared Dirtied Blocks":0,"Shared Written Blocks":0,"Local Hit Blocks":0,"Local Read Blocks":0,"Local Dirtied Blocks":0,"Local Written Blocks":0,"Temp Read Blocks":0,"Temp Written Blocks":0,"I/O Read Time":0.0,"I/O Write Time":0.0,"Temp I/O Read Time":0.0,"Temp I/O Write Time":0.0}]},{"Node Type":"Hash","Parent Relationship":"Inner","Parallel Aware":false,"Async Capable":false,"Startup Cost":317.0,"Total Cost":317.0,"Plan Rows":10000,"Plan Width":8,"Actual Startup Time":2.638,"Actual Total Time":2.638,"Actual Rows":10000,"Actual Loops":1,"Output":["supplier.su_suppkey","supplier.su_nationkey"],"Hash Buckets":16384,"Original Hash Buckets":16384,"Hash Batches":1,"Original Hash Batches":1,"Peak Memory Usage":519,"Shared Hit Blocks":217,"Shared Read Blocks":0,"Shared Dirtied Blocks":0,"Shared Written Blocks":0,"Local Hit Blocks":0,"Local Read Blocks":0,"Local Dirtied Blocks":0,"Local Written Blocks":0,"Temp Read Blocks":0,"Temp Written Blocks":0,"I/O Read Time":0.0,"I/O Write Time":0.0,"Temp I/O Read Time":0.0,"Temp I/O Write Time":0.0,"Plans":[{"Node Type":"Seq Scan","Parent Relationship":"Outer","Parallel Aware":false,"Async Capable":false,"Relation Name":"supplier","Schema":"public","Alias":"supplier","Startup Cost":0.0,"Total Cost":317.0,"Plan Rows":10000,"Plan Width":8,"Actual Startup Time":0.01,"Actual Total Time":1.289,"Actual Rows":10000,"Actual Loops":1,"Output":["supplier.su_suppkey","supplier.su_nationkey"],"Shared Hit Blocks":217,"Shared Read Blocks":0,"Shared Dirtied Blocks":0,"Shared Written Blocks":0,"Local Hit Blocks":0,"Local Read Blocks":0,"Local Dirtied Blocks":0,"Local Written Blocks":0,"Temp Read Blocks":0,"Temp Written Blocks":0,"I/O Read Time":0.0,"I/O Write Time":0.0,"Temp I/O Read Time":0.0,"Temp I/O Write Time":0.0}]}]}]}]}]},"Planning":{"Shared Hit Blocks":16,"Shared Read Blocks":0,"Shared Dirtied Blocks":0,"Shared Written Blocks":0,"Local Hit Blocks":0,"Local Read Blocks":0,"Local Dirtied Blocks":0,"Local Written Blocks":0,"Temp Read Blocks":0,"Temp Written Blocks":0,"I/O Read Time":0.0,"I/O Write Time":0.0,"Temp I/O Read Time":0.0,"Temp I/O Write Time":0.0},"Planning Time":4.665,"Triggers":[],"Execution Time":10293.774}]
[列存组合]: order_line, stock
[{"Plan":{"Node Type":"Sort","Parallel Aware":false,"Async Capable":false,"Startup Cost":1200105.08,"Total Cost":1200105.24,"Plan Rows":62,"Plan Width":40,"Actual Startup Time":5241.728,"Actual Total Time":5241.742,"Actual Rows":11,"Actual Loops":1,"Output":["nation.n_name","(sum(order_line.ol_amount))"],"Sort Key":["(sum(order_line.ol_amount)) DESC"],"Sort Method":"quicksort","Sort Space Used":25,"Sort Space Type":"Memory","Shared Hit Blocks":251882,"Shared Read Blocks":0,"Shared Dirtied Blocks":0,"Shared Written Blocks":0,"Local Hit Blocks":0,"Local Read Blocks":0,"Local Dirtied Blocks":0,"Local Written Blocks":0,"Temp Read Blocks":31471,"Temp Written Blocks":31471,"I/O Read Time":0.0,"I/O Write Time":0.0,"Temp I/O Read Time":51.524,"Temp I/O Write Time":147.833,"Plans":[{"Node Type":"Aggregate","Strategy":"Sorted","Partial Mode":"Simple","Parent Relationship":"Outer","Parallel Aware":false,"Async Capable":false,"Startup Cost":1200029.3,"Total Cost":1200103.24,"Plan Rows":62,"Plan Width":40,"Actual Startup Time":5238.897,"Actual Total Time":5241.725,"Actual Rows":11,"Actual Loops":1,"Output":["nation.n_name","sum(order_line.ol_amount)"],"Group Key":["nation.n_name"],"Shared Hit Blocks":251882,"Shared Read Blocks":0,"Shared Dirtied Blocks":0,"Shared Written Blocks":0,"Local Hit Blocks":0,"Local Read Blocks":0,"Local Dirtied Blocks":0,"Local Written Blocks":0,"Temp Read Blocks":31471,"Temp Written Blocks":31471,"I/O Read Time":0.0,"I/O Write Time":0.0,"Temp I/O Read Time":51.524,"Temp I/O Write Time":147.833,"Plans":[{"Node Type":"Sort","Parent Relationship":"Outer","Parallel Aware":false,"Async Capable":false,"Startup Cost":1200029.3,"Total Cost":1200053.69,"Plan Rows":9755,"Plan Width":12,"Actual Startup Time":5238.691,"Actual Total Time":5239.461,"Actual Rows":17493,"Actual Loops":1,"Output":["nation.n_name","order_line.ol_amount"],"Sort Key":["nation.n_name"],"Sort Method":"quicksort","Sort Space Used":1725,"Sort Space Type":"Memory","Shared Hit Blocks":251882,"Shared Read Blocks":0,"Shared Dirtied Blocks":0,"Shared Written Blocks":0,"Local Hit Blocks":0,"Local Read Blocks":0,"Local Dirtied Blocks":0,"Local Written Blocks":0,"Temp Read Blocks":31471,"Temp Written Blocks":31471,"I/O Read Time":0.0,"I/O Write Time":0.0,"Temp I/O Read Time":51.524,"Temp I/O Write Time":147.833,"Plans":[{"Node Type":"Hash Join","Parent Relationship":"Outer","Parallel Aware":false,"Async Capable":false,"Join Type":"Inner","Startup Cost":440575.74,"Total Cost":1199382.94,"Plan Rows":9755,"Plan Width":12,"Actual Startup Time":2063.102,"Actual Total Time":5230.223,"Actual Rows":17493,"Actual Loops":1,"Output":["nation.n_name","order_line.ol_amount"],"Hash Cond":"((orders.o_c_id = customer.c_id) AND (orders.o_w_id = customer.c_w_id) AND (orders.o_d_id = customer.c_d_id) AND (supplier.su_nationkey = customer.c_nationkey))","Shared Hit Blocks":251882,"Shared Read Blocks":0,"Shared Dirtied Blocks":0,"Shared Written Blocks":0,"Local Hit Blocks":0,"Local Read Blocks":0,"Local Dirtied Blocks":0,"Local Written Blocks":0,"Temp Read Blocks":31471,"Temp Written Blocks":31471,"I/O Read Time":0.0,"I/O Write Time":0.0,"Temp I/O Read Time":51.524,"Temp I/O Write Time":147.833,"Plans":[{"Node Type":"Hash Join","Parent Relationship":"Outer","Parallel Aware":false,"Async Capable":false,"Join Type":"Inner","Startup Cost":106331.6,"Total Cost":834741.88,"Plan Rows":602754,"Plan Width":34,"Actual Startup Time":874.358,"Actual Total Time":3251.736,"Actual Rows":1489124,"Actual Loops":1,"Output":["orders.o_c_id","orders.o_w_id","orders.o_d_id","order_line.ol_amount","order_line.ol_w_id","order_line.ol_d_id","stock.s_w_id","supplier.su_nationkey","nation.n_name","nation.n_nationkey"],"Hash Cond":"((order_line.ol_w_id = orders.o_w_id) AND (order_line.ol_d_id = orders.o_d_id) AND (order_line.ol_o_id = orders.o_id))","Shared Hit Blocks":22278,"Shared Read Blocks":0,"Shared Dirtied Blocks":0,"Shared Written Blocks":0,"Local Hit Blocks":0,"Local Read Blocks":0,"Local Dirtied Blocks":0,"Local Written Blocks":0,"Temp Read Blocks":9894,"Temp Written Blocks":9894,"I/O Read Time":0.0,"I/O Write Time":0.0,"Temp I/O Read Time":16.582,"Temp I/O Write Time":44.155,"Plans":[{"Node Type":"Hash Join","Parent Relationship":"Outer","Parallel Aware":false,"Async Capable":false,"Join Type":"Inner","Startup Cost":29725.01,"Total Cost":656340.76,"Plan Rows":4242986,"Plan Width":34,"Actual Startup Time":543.657,"Actual Total Time":2195.079,"Actual Rows":1498118,"Actual Loops":1,"Output":["order_line.ol_amount","order_line.ol_o_id","order_line.ol_w_id","order_line.ol_d_id","stock.s_w_id","supplier.su_nationkey","nation.n_name","nation.n_nationkey"],"Hash Cond":"(mod((stock.s_w_id * stock.s_i_id), 10000) = supplier.su_suppkey)","Shared Hit Blocks":219,"Shared Read Blocks":0,"Shared Dirtied Blocks":0,"Shared Written Blocks":0,"Local Hit Blocks":0,"Local Read Blocks":0,"Local Dirtied Blocks":0,"Local Written Blocks":0,"Temp Read Blocks":0,"Temp Written Blocks":0,"I/O Read Time":0.0,"I/O Write Time":0.0,"Temp I/O Read Time":0.0,"Temp I/O Write Time":0.0,"Plans":[{"Node Type":"Hash Join","Parent Relationship":"Outer","Parallel Aware":false,"Async Capable":false,"Join Type":"Inner","Startup Cost":29323.02,"Total Cost":480915.59,"Plan Rows":21214932,"Plan Width":22,"Actual Startup Time":540.809,"Actual Total Time":1507.11,"Actual Rows":4311079,"Actual Loops":1,"Output":["order_line.ol_amount","order_line.ol_o_id","order_line.ol_w_id","order_line.ol_d_id","stock.s_w_id","stock.s_i_id"],"Hash Cond":"((order_line.ol_w_id = stock.s_w_id) AND (order_line.ol_i_id = stock.s_i_id))","Rows Removed by Bloom Filter":0,"Shared Hit Blocks":0,"Shared Read Blocks":0,"Shared Dirtied Blocks":0,"Shared Written Blocks":0,"Local Hit Blocks":0,"Local Read Blocks":0,"Local Dirtied Blocks":0,"Local Written Blocks":0,"Temp Read Blocks":0,"Temp Written Blocks":0,"I/O Read Time":0.0,"I/O Write Time":0.0,"Temp I/O Read Time":0.0,"Temp I/O Write Time":0.0,"Plans":[{"Node Type":"Append","Parent Relationship":"Outer","Parallel Aware":false,"Async Capable":false,"Startup Cost":20.0,"Total Cost":533646.5,"Plan Rows":20926367,"Plan Width":20,"Actual Startup Time":123.624,"Actual Total Time":123.627,"Actual Rows":4311079,"Actual Loops":1,"Shared Hit Blocks":0,"Shared Read Blocks":0,"Shared Dirtied Blocks":0,"Shared Written Blocks":0,"Local Hit Blocks":0,"Local Read Blocks":0,"Local Dirtied Blocks":0,"Local Written Blocks":0,"Temp Read Blocks":0,"Temp Written Blocks":0,"I/O Read Time":0.0,"I/O Write Time":0.0,"Temp I/O Read Time":0.0,"Temp I/O Write Time":0.0,"Subplans Removed":0,"Plans":[{"Node Type":"Custom Scan","Parent Relationship":"Member","Custom Plan Provider":"columnar scan","Parallel Aware":false,"Async Capable":false,"Relation Name":"order_line","Schema":"public","Alias":"order_line","Startup Cost":20.0,"Total Cost":533641.75,"Plan Rows":20926325,"Plan Width":20,"Actual Startup Time":123.622,"Actual Total Time":123.623,"Actual Rows":4311079,"Actual Loops":1,"Output":["order_line.ol_amount","order_line.ol_o_id","order_line.ol_w_id","order_line.ol_d_id","order_line.ol_i_id"],"Filter":"(order_line.ol_delivery_d >= '1992-01-02 20:10:02.27764'::timestamp without time zone)","Rows Removed by Filter":0,"Rows Removed by Columnar Filter":25686653,"Rows Filtered by Bloom Filter":0,"Dictionary Rows Filtered by Bloom Filter":25686653,"Columnar cache search mode":"native","Shared Hit Blocks":0,"Shared Read Blocks":0,"Shared Dirtied Blocks":0,"Shared Written Blocks":0,"Local Hit Blocks":0,"Local Read Blocks":0,"Local Dirtied Blocks":0,"Local Written Blocks":0,"Temp Read Blocks":0,"Temp Written Blocks":0,"I/O Read Time":0.0,"I/O Write Time":0.0,"Temp I/O Read Time":0.0,"Temp I/O Write Time":0.0},{"Node Type":"Seq Scan","Parent Relationship":"Member","Parallel Aware":false,"Async Capable":false,"Relation Name":"order_line","Schema":"public","Alias":"order_line","Startup Cost":0.0,"Total Cost":4.75,"Plan Rows":42,"Plan Width":20,"Actual Startup Time":0.0,"Actual Total Time":0.0,"Actual Rows":0,"Actual Loops":0,"Output":["order_line.ol_amount","order_line.ol_o_id","order_line.ol_w_id","order_line.ol_d_id","order_line.ol_i_id"],"Filter":"(order_line.ol_delivery_d >= '1992-01-02 20:10:02.27764'::timestamp without time zone)","Rows Removed by Filter":0,"Shared Hit Blocks":0,"Shared Read Blocks":0,"Shared Dirtied Blocks":0,"Shared Written Blocks":0,"Local Hit Blocks":0,"Local Read Blocks":0,"Local Dirtied Blocks":0,"Local Written Blocks":0,"Temp Read Blocks":0,"Temp Written Blocks":0,"I/O Read Time":0.0,"I/O Write Time":0.0,"Temp I/O Read Time":0.0,"Temp I/O Write Time":0.0}]},{"Node Type":"Hash","Parent Relationship":"Inner","Parallel Aware":false,"Async Capable":false,"Startup Cost":195025.67,"Total Cost":195025.67,"Plan Rows":10000162,"Plan Width":6,"Actual Rows":10000000,"Actual Loops":1,"Output":["stock.s_w_id","stock.s_i_id"],"Shared Hit Blocks":0,"Shared Read Blocks":0,"Shared Dirtied Blocks":0,"Shared Written Blocks":0,"Local Hit Blocks":0,"Local Read Blocks":0,"Local Dirtied Blocks":0,"Local Written Blocks":0,"Temp Read Blocks":0,"Temp Written Blocks":0,"I/O Read Time":0.0,"I/O Write Time":0.0,"Temp I/O Read Time":0.0,"Temp I/O Write Time":0.0,"Plans":[{"Node Type":"Append","Parent Relationship":"Outer","Parallel Aware":false,"Async Capable":false,"Startup Cost":20.0,"Total Cost":195025.67,"Plan Rows":10000162,"Plan Width":6,"Actual Startup Time":0.242,"Actual Total Time":0.244,"Actual Rows":10000000,"Actual Loops":1,"Shared Hit Blocks":0,"Shared Read Blocks":0,"Shared Dirtied Blocks":0,"Shared Written Blocks":0,"Local Hit Blocks":0,"Local Read Blocks":0,"Local Dirtied Blocks":0,"Local Written Blocks":0,"Temp Read Blocks":0,"Temp Written Blocks":0,"I/O Read Time":0.0,"I/O Write Time":0.0,"Temp I/O Read Time":0.0,"Temp I/O Write Time":0.0,"Subplans Removed":0,"Plans":[{"Node Type":"Custom Scan","Parent Relationship":"Member","Custom Plan Provider":"columnar scan","Parallel Aware":false,"Async Capable":false,"Relation Name":"stock","Schema":"public","Alias":"stock","Startup Cost":20.0,"Total Cost":195020.05,"Plan Rows":10000000,"Plan Width":6,"Actual Startup Time":0.24,"Actual Total Time":0.241,"Actual Rows":10000000,"Actual Loops":1,"Output":["stock.s_w_id","stock.s_i_id"],"Rows Removed by Columnar Filter":0,"Columnar cache search mode":"native","Shared Hit Blocks":0,"Shared Read Blocks":0,"Shared Dirtied Blocks":0,"Shared Written Blocks":0,"Local Hit Blocks":0,"Local Read Blocks":0,"Local Dirtied Blocks":0,"Local Written Blocks":0,"Temp Read Blocks":0,"Temp Written Blocks":0,"I/O Read Time":0.0,"I/O Write Time":0.0,"Temp I/O Read Time":0.0,"Temp I/O Write Time":0.0},{"Node Type":"Seq Scan","Parent Relationship":"Member","Parallel Aware":false,"Async Capable":false,"Relation Name":"stock","Schema":"public","Alias":"stock","Startup Cost":0.0,"Total Cost":5.62,"Plan Rows":162,"Plan Width":6,"Actual Startup Time":0.0,"Actual Total Time":0.0,"Actual Rows":0,"Actual Loops":0,"Output":["stock.s_w_id","stock.s_i_id"],"Shared Hit Blocks":0,"Shared Read Blocks":0,"Shared Dirtied Blocks":0,"Shared Written Blocks":0,"Local Hit Blocks":0,"Local Read Blocks":0,"Local Dirtied Blocks":0,"Local Written Blocks":0,"Temp Read Blocks":0,"Temp Written Blocks":0,"I/O Read Time":0.0,"I/O Write Time":0.0,"Temp I/O Read Time":0.0,"Temp I/O Write Time":0.0}]}]}]},{"Node Type":"Hash","Parent Relationship":"Inner","Parallel Aware":false,"Async Capable":false,"Startup Cost":376.99,"Total Cost":376.99,"Plan Rows":2000,"Plan Width":20,"Actual Startup Time":2.817,"Actual Total Time":2.82,"Actual Rows":3506,"Actual Loops":1,"Output":["supplier.su_suppkey","supplier.su_nationkey","nation.n_name","nation.n_nationkey"],"Hash Buckets":4096,"Original Hash Buckets":2048,"Hash Batches":1,"Original Hash Batches":1,"Peak Memory Usage":217,"Shared Hit Blocks":219,"Shared Read Blocks":0,"Shared Dirtied Blocks":0,"Shared Written Blocks":0,"Local Hit Blocks":0,"Local Read Blocks":0,"Local Dirtied Blocks":0,"Local Written Blocks":0,"Temp Read Blocks":0,"Temp Written Blocks":0,"I/O Read Time":0.0,"I/O Write Time":0.0,"Temp I/O Read Time":0.0,"Temp I/O Write Time":0.0,"Plans":[{"Node Type":"Hash Join","Parent Relationship":"Outer","Parallel Aware":false,"Async Capable":false,"Join Type":"Inner","Startup Cost":3.14,"Total Cost":376.99,"Plan Rows":2000,"Plan Width":20,"Actual Startup Time":0.064,"Actual Total Time":2.219,"Actual Rows":3506,"Actual Loops":1,"Output":["supplier.su_suppkey","supplier.su_nationkey","nation.n_name","nation.n_nationkey"],"Hash Cond":"(supplier.su_nationkey = nation.n_nationkey)","Shared Hit Blocks":219,"Shared Read Blocks":0,"Shared Dirtied Blocks":0,"Shared Written Blocks":0,"Local Hit Blocks":0,"Local Read Blocks":0,"Local Dirtied Blocks":0,"Local Written Blocks":0,"Temp Read Blocks":0,"Temp Written Blocks":0,"I/O Read Time":0.0,"I/O Write Time":0.0,"Temp I/O Read Time":0.0,"Temp I/O Write Time":0.0,"Plans":[{"Node Type":"Seq Scan","Parent Relationship":"Outer","Parallel Aware":false,"Async Capable":false,"Relation Name":"supplier","Schema":"public","Alias":"supplier","Startup Cost":0.0,"Total Cost":317.0,"Plan Rows":10000,"Plan Width":8,"Actual Startup Time":0.009,"Actual Total Time":0.779,"Actual Rows":10000,"Actual Loops":1,"Output":["supplier.su_suppkey","supplier.su_name","supplier.su_address","supplier.su_nationkey","supplier.su_phone","supplier.su_acctbal","supplier.su_comment"],"Shared Hit Blocks":217,"Shared Read Blocks":0,"Shared Dirtied Blocks":0,"Shared Written Blocks":0,"Local Hit Blocks":0,"Local Read Blocks":0,"Local Dirtied Blocks":0,"Local Written Blocks":0,"Temp Read Blocks":0,"Temp Written Blocks":0,"I/O Read Time":0.0,"I/O Write Time":0.0,"Temp I/O Read Time":0.0,"Temp I/O Write Time":0.0},{"Node Type":"Hash","Parent Relationship":"Inner","Parallel Aware":false,"Async Capable":false,"Startup Cost":2.99,"Total Cost":2.99,"Plan Rows":12,"Plan Width":12,"Actual Startup Time":0.045,"Actual Total Time":0.048,"Actual Rows":22,"Actual Loops":1,"Output":["nation.n_name","nation.n_nationkey"],"Hash Buckets":1024,"Original Hash Buckets":1024,"Hash Batches":1,"Original Hash Batches":1,"Peak Memory Usage":9,"Shared Hit Blocks":2,"Shared Read Blocks":0,"Shared Dirtied Blocks":0,"Shared Written Blocks":0,"Local Hit Blocks":0,"Local Read Blocks":0,"Local Dirtied Blocks":0,"Local Written Blocks":0,"Temp Read Blocks":0,"Temp Written Blocks":0,"I/O Read Time":0.0,"I/O Write Time":0.0,"Temp I/O Read Time":0.0,"Temp I/O Write Time":0.0,"Plans":[{"Node Type":"Hash Join","Parent Relationship":"Outer","Parallel Aware":false,"Async Capable":false,"Join Type":"Inner","Startup Cost":1.07,"Total Cost":2.99,"Plan Rows":12,"Plan Width":12,"Actual Startup Time":0.029,"Actual Total Time":0.043,"Actual Rows":22,"Actual Loops":1,"Output":["nation.n_name","nation.n_nationkey"],"Hash Cond":"(nation.n_regionkey = region.r_regionkey)","Shared Hit Blocks":2,"Shared Read Blocks":0,"Shared Dirtied Blocks":0,"Shared Written Blocks":0,"Local Hit Blocks":0,"Local Read Blocks":0,"Local Dirtied Blocks":0,"Local Written Blocks":0,"Temp Read Blocks":0,"Temp Written Blocks":0,"I/O Read Time":0.0,"I/O Write Time":0.0,"Temp I/O Read Time":0.0,"Temp I/O Write Time":0.0,"Plans":[{"Node Type":"Seq Scan","Parent Relationship":"Outer","Parallel Aware":false,"Async Capable":false,"Relation Name":"nation","Schema":"public","Alias":"nation","Startup Cost":0.0,"Total Cost":1.62,"Plan Rows":62,"Plan Width":16,"Actual Startup Time":0.005,"Actual Total Time":0.008,"Actual Rows":62,"Actual Loops":1,"Output":["nation.n_nationkey","nation.n_name","nation.n_regionkey","nation.n_comment"],"Shared Hit Blocks":1,"Shared Read Blocks":0,"Shared Dirtied Blocks":0,"Shared Written Blocks":0,"Local Hit Blocks":0,"Local Read Blocks":0,"Local Dirtied Blocks":0,"Local Written Blocks":0,"Temp Read Blocks":0,"Temp Written Blocks":0,"I/O Read Time":0.0,"I/O Write Time":0.0,"Temp I/O Read Time":0.0,"Temp I/O Write Time":0.0},{"Node Type":"Hash","Parent Relationship":"Inner","Parallel Aware":false,"Async Capable":false,"Startup Cost":1.06,"Total Cost":1.06,"Plan Rows":1,"Plan Width":4,"Actual Startup Time":0.011,"Actual Total Time":0.012,"Actual Rows":1,"Actual Loops":1,"Output":["region.r_regionkey"],"Hash Buckets":1024,"Original Hash Buckets":1024,"Hash Batches":1,"Original Hash Batches":1,"Peak Memory Usage":9,"Shared Hit Blocks":1,"Shared Read Blocks":0,"Shared Dirtied Blocks":0,"Shared Written Blocks":0,"Local Hit Blocks":0,"Local Read Blocks":0,"Local Dirtied Blocks":0,"Local Written Blocks":0,"Temp Read Blocks":0,"Temp Written Blocks":0,"I/O Read Time":0.0,"I/O Write Time":0.0,"Temp I/O Read Time":0.0,"Temp I/O Write Time":0.0,"Plans":[{"Node Type":"Seq Scan","Parent Relationship":"Outer","Parallel Aware":false,"Async Capable":false,"Relation Name":"region","Schema":"public","Alias":"region","Startup Cost":0.0,"Total Cost":1.06,"Plan Rows":1,"Plan Width":4,"Actual Startup Time":0.008,"Actual Total Time":0.01,"Actual Rows":1,"Actual Loops":1,"Output":["region.r_regionkey"],"Filter":"((region.r_name)::text = 'Europe'::text)","Rows Removed by Filter":4,"Shared Hit Blocks":1,"Shared Read Blocks":0,"Shared Dirtied Blocks":0,"Shared Written Blocks":0,"Local Hit Blocks":0,"Local Read Blocks":0,"Local Dirtied Blocks":0,"Local Written Blocks":0,"Temp Read Blocks":0,"Temp Written Blocks":0,"I/O Read Time":0.0,"I/O Write Time":0.0,"Temp I/O Read Time":0.0,"Temp I/O Write Time":0.0}]}]}]}]}]}]},{"Node Type":"Hash","Parent Relationship":"Inner","Parallel Aware":false,"Async Capable":false,"Startup Cost":67059.0,"Total Cost":67059.0,"Plan Rows":426548,"Plan Width":16,"Actual Startup Time":328.962,"Actual Total Time":328.963,"Actual Rows":428399,"Actual Loops":1,"Output":["orders.o_c_id","orders.o_w_id","orders.o_d_id","orders.o_id"],"Hash Buckets":262144,"Original Hash Buckets":262144,"Hash Batches":4,"Original Hash Batches":4,"Peak Memory Usage":7080,"Shared Hit Blocks":22059,"Shared Read Blocks":0,"Shared Dirtied Blocks":0,"Shared Written Blocks":0,"Local Hit Blocks":0,"Local Read Blocks":0,"Local Dirtied Blocks":0,"Local Written Blocks":0,"Temp Read Blocks":0,"Temp Written Blocks":1410,"I/O Read Time":0.0,"I/O Write Time":0.0,"Temp I/O Read Time":0.0,"Temp I/O Write Time":6.657,"Plans":[{"Node Type":"Seq Scan","Parent Relationship":"Outer","Parallel Aware":false,"Async Capable":false,"Relation Name":"orders","Schema":"public","Alias":"orders","Startup Cost":0.0,"Total Cost":67059.0,"Plan Rows":426548,"Plan Width":16,"Actual Startup Time":0.795,"Actual Total Time":223.427,"Actual Rows":428399,"Actual Loops":1,"Output":["orders.o_c_id","orders.o_w_id","orders.o_d_id","orders.o_id"],"Filter":"((orders.o_entry_d >= '1993-01-02 20:10:02.27764'::timestamp without time zone) AND (orders.o_entry_d < '1994-01-02 20:10:02.27764'::timestamp without time zone))","Rows Removed by Filter":2571601,"Shared Hit Blocks":22059,"Shared Read Blocks":0,"Shared Dirtied Blocks":0,"Shared Written Blocks":0,"Local Hit Blocks":0,"Local Read Blocks":0,"Local Dirtied Blocks":0,"Local Written Blocks":0,"Temp Read Blocks":0,"Temp Written Blocks":0,"I/O Read Time":0.0,"I/O Write Time":0.0,"Temp I/O Read Time":0.0,"Temp I/O Write Time":0.0}]}]},{"Node Type":"Hash","Parent Relationship":"Inner","Parallel Aware":false,"Async Capable":false,"Startup Cost":259601.38,"Total Cost":259601.38,"Plan Rows":2999738,"Plan Width":12,"Actual Startup Time":1179.976,"Actual Total Time":1179.976,"Actual Rows":3000000,"Actual Loops":1,"Output":["customer.c_id","customer.c_w_id","customer.c_d_id","customer.c_nationkey"],"Hash Buckets":262144,"Original Hash Buckets":262144,"Hash Batches":32,"Original Hash Batches":32,"Peak Memory Usage":6058,"Shared Hit Blocks":229604,"Shared Read Blocks":0,"Shared Dirtied Blocks":0,"Shared Written Blocks":0,"Local Hit Blocks":0,"Local Read Blocks":0,"Local Dirtied Blocks":0,"Local Written Blocks":0,"Temp Read Blocks":0,"Temp Written Blocks":11339,"I/O Read Time":0.0,"I/O Write Time":0.0,"Temp I/O Read Time":0.0,"Temp I/O Write Time":56.185,"Plans":[{"Node Type":"Seq Scan","Parent Relationship":"Outer","Parallel Aware":false,"Async Capable":false,"Relation Name":"customer","Schema":"public","Alias":"customer","Startup Cost":0.0,"Total Cost":259601.38,"Plan Rows":2999738,"Plan Width":12,"Actual Startup Time":0.015,"Actual Total Time":656.181,"Actual Rows":3000000,"Actual Loops":1,"Output":["customer.c_id","customer.c_w_id","customer.c_d_id","customer.c_nationkey"],"Shared Hit Blocks":229604,"Shared Read Blocks":0,"Shared Dirtied Blocks":0,"Shared Written Blocks":0,"Local Hit Blocks":0,"Local Read Blocks":0,"Local Dirtied Blocks":0,"Local Written Blocks":0,"Temp Read Blocks":0,"Temp Written Blocks":0,"I/O Read Time":0.0,"I/O Write Time":0.0,"Temp I/O Read Time":0.0,"Temp I/O Write Time":0.0}]}]}]}]}]},"Planning":{"Shared Hit Blocks":40,"Shared Read Blocks":0,"Shared Dirtied Blocks":1,"Shared Written Blocks":0,"Local Hit Blocks":0,"Local Read Blocks":0,"Local Dirtied Blocks":0,"Local Written Blocks":0,"Temp Read Blocks":0,"Temp Written Blocks":0,"I/O Read Time":0.0,"I/O Write Time":0.0,"Temp I/O Read Time":0.0,"Temp I/O Write Time":0.0},"Planning Time":6.086,"Triggers":[],"Execution Time":5244.379}]
[列存组合]: order_line, supplier
[{"Plan":{"Node Type":"Sort","Parallel Aware":false,"Async Capable":false,"Startup Cost":2003050.26,"Total Cost":2003050.41,"Plan Rows":62,"Plan Width":40,"Actual Startup Time":10329.635,"Actual Total Time":10329.666,"Actual Rows":11,"Actual Loops":1,"Output":["nation.n_name","(sum(order_line.ol_amount))"],"Sort Key":["(sum(order_line.ol_amount)) DESC"],"Sort Method":"quicksort","Sort Space Used":25,"Sort Space Type":"Memory","Shared Hit Blocks":279003,"Shared Read Blocks":0,"Shared Dirtied Blocks":0,"Shared Written Blocks":0,"Local Hit Blocks":0,"Local Read Blocks":0,"Local Dirtied Blocks":0,"Local Written Blocks":0,"Temp Read Blocks":62236,"Temp Written Blocks":62263,"I/O Read Time":0.0,"I/O Write Time":0.0,"Temp I/O Read Time":102.265,"Temp I/O Write Time":254.886,"Plans":[{"Node Type":"Aggregate","Strategy":"Sorted","Partial Mode":"Simple","Parent Relationship":"Outer","Parallel Aware":false,"Async Capable":false,"Startup Cost":2002974.47,"Total Cost":2003048.41,"Plan Rows":62,"Plan Width":40,"Actual Startup Time":10326.559,"Actual Total Time":10329.649,"Actual Rows":11,"Actual Loops":1,"Output":["nation.n_name","sum(order_line.ol_amount)"],"Group Key":["nation.n_name"],"Shared Hit Blocks":279003,"Shared Read Blocks":0,"Shared Dirtied Blocks":0,"Shared Written Blocks":0,"Local Hit Blocks":0,"Local Read Blocks":0,"Local Dirtied Blocks":0,"Local Written Blocks":0,"Temp Read Blocks":62236,"Temp Written Blocks":62263,"I/O Read Time":0.0,"I/O Write Time":0.0,"Temp I/O Read Time":102.265,"Temp I/O Write Time":254.886,"Plans":[{"Node Type":"Sort","Parent Relationship":"Outer","Parallel Aware":false,"Async Capable":false,"Startup Cost":2002974.47,"Total Cost":2002998.86,"Plan Rows":9755,"Plan Width":12,"Actual Startup Time":10326.33,"Actual Total Time":10327.34,"Actual Rows":17493,"Actual Loops":1,"Output":["nation.n_name","order_line.ol_amount"],"Sort Key":["nation.n_name"],"Sort Method":"quicksort","Sort Space Used":1725,"Sort Space Type":"Memory","Shared Hit Blocks":279003,"Shared Read Blocks":0,"Shared Dirtied Blocks":0,"Shared Written Blocks":0,"Local Hit Blocks":0,"Local Read Blocks":0,"Local Dirtied Blocks":0,"Local Written Blocks":0,"Temp Read Blocks":62236,"Temp Written Blocks":62263,"I/O Read Time":0.0,"I/O Write Time":0.0,"Temp I/O Read Time":102.265,"Temp I/O Write Time":254.886,"Plans":[{"Node Type":"Hash Join","Parent Relationship":"Outer","Parallel Aware":false,"Async Capable":false,"Join Type":"Inner","Startup Cost":1678831.2,"Total Cost":2002328.11,"Plan Rows":9755,"Plan Width":12,"Actual Startup Time":8485.607,"Actual Total Time":10317.025,"Actual Rows":17493,"Actual Loops":1,"Output":["nation.n_name","order_line.ol_amount"],"Inner Unique":true,"Hash Cond":"((mod((stock.s_w_id * stock.s_i_id), 10000) = supplier.su_suppkey) AND (customer.c_nationkey = supplier.su_nationkey))","Shared Hit Blocks":279003,"Shared Read Blocks":0,"Shared Dirtied Blocks":0,"Shared Written Blocks":0,"Local Hit Blocks":0,"Local Read Blocks":0,"Local Dirtied Blocks":0,"Local Written Blocks":0,"Temp Read Blocks":62236,"Temp Written Blocks":62263,"I/O Read Time":0.0,"I/O Write Time":0.0,"Temp I/O Read Time":102.265,"Temp I/O Write Time":254.886,"Plans":[{"Node Type":"Merge Join","Parent Relationship":"Outer","Parallel Aware":false,"Async Capable":false,"Join Type":"Inner","Startup Cost":1678462.18,"Total Cost":1998643.95,"Plan Rows":602749,"Plan Width":26,"Actual Startup Time":8482.061,"Actual Total Time":10173.226,"Actual Rows":1109507,"Actual Loops":1,"Output":["customer.c_nationkey","order_line.ol_amount","stock.s_w_id","stock.s_i_id","nation.n_name","nation.n_nationkey"],"Inner Unique":true,"Merge Cond":"((customer.c_w_id = stock.s_w_id) AND (order_line.ol_i_id = stock.s_i_id))","Shared Hit Blocks":279003,"Shared Read Blocks":0,"Shared Dirtied Blocks":0,"Shared Written Blocks":0,"Local Hit Blocks":0,"Local Read Blocks":0,"Local Dirtied Blocks":0,"Local Written Blocks":0,"Temp Read Blocks":62236,"Temp Written Blocks":62263,"I/O Read Time":0.0,"I/O Write Time":0.0,"Temp I/O Read Time":102.265,"Temp I/O Write Time":254.886,"Plans":[{"Node Type":"Sort","Parent Relationship":"Outer","Parallel Aware":false,"Async Capable":false,"Startup Cost":1678461.74,"Total Cost":1679949.42,"Plan Rows":595073,"Plan Width":30,"Actual Startup Time":8482.0,"Actual Total Time":8662.363,"Actual Rows":1109507,"Actual Loops":1,"Output":["customer.c_w_id","customer.c_nationkey","orders.o_w_id","order_line.ol_amount","order_line.ol_w_id","order_line.ol_i_id","nation.n_name","nation.n_nationkey"],"Sort Key":["customer.c_w_id","order_line.ol_i_id"],"Sort Method":"external merge","Sort Space Used":47304,"Sort Space Type":"Disk","Shared Hit Blocks":251665,"Shared Read Blocks":0,"Shared Dirtied Blocks":0,"Shared Written Blocks":0,"Local Hit Blocks":0,"Local Read Blocks":0,"Local Dirtied Blocks":0,"Local Written Blocks":0,"Temp Read Blocks":62236,"Temp Written Blocks":62263,"I/O Read Time":0.0,"I/O Write Time":0.0,"Temp I/O Read Time":102.265,"Temp I/O Write Time":254.886,"Plans":[{"Node Type":"Hash Join","Parent Relationship":"Outer","Parallel Aware":false,"Async Capable":false,"Join Type":"Inner","Startup Cost":403374.53,"Total Cost":1607148.18,"Plan Rows":595073,"Plan Width":30,"Actual Startup Time":1512.768,"Actual Total Time":7093.587,"Actual Rows":1109507,"Actual Loops":1,"Output":["customer.c_w_id","customer.c_nationkey","orders.o_w_id","order_line.ol_amount","order_line.ol_w_id","order_line.ol_i_id","nation.n_name","nation.n_nationkey"],"Inner Unique":false,"Hash Cond":"(customer.c_nationkey = nation.n_nationkey)","Shared Hit Blocks":251665,"Shared Read Blocks":0,"Shared Dirtied Blocks":0,"Shared Written Blocks":0,"Local Hit Blocks":0,"Local Read Blocks":0,"Local Dirtied Blocks":0,"Local Written Blocks":0,"Temp Read Blocks":50419,"Temp Written Blocks":50419,"I/O Read Time":0.0,"I/O Write Time":0.0,"Temp I/O Read Time":84.144,"Temp I/O Write Time":223.383,"Plans":[{"Node Type":"Hash Join","Parent Relationship":"Outer","Parallel Aware":false,"Async Capable":false,"Join Type":"Inner","Startup Cost":403371.39,"Total Cost":1590228.65,"Plan Rows":2975367,"Plan Width":18,"Actual Startup Time":1505.642,"Actual Total Time":6669.782,"Actual Rows":4284922,"Actual Loops":1,"Output":["customer.c_w_id","customer.c_nationkey","orders.o_w_id","order_line.ol_amount","order_line.ol_w_id","order_line.ol_i_id"],"Inner Unique":true,"Hash Cond":"((orders.o_c_id = customer.c_id) AND (orders.o_w_id = customer.c_w_id) AND (orders.o_d_id = customer.c_d_id))","Shared Hit Blocks":251663,"Shared Read Blocks":0,"Shared Dirtied Blocks":0,"Shared Written Blocks":0,"Local Hit Blocks":0,"Local Read Blocks":0,"Local Dirtied Blocks":0,"Local Written Blocks":0,"Temp Read Blocks":50419,"Temp Written Blocks":50419,"I/O Read Time":0.0,"I/O Write Time":0.0,"Temp I/O Read Time":84.144,"Temp I/O Write Time":223.383,"Plans":[{"Node Type":"Hash Join","Parent Relationship":"Outer","Parallel Aware":false,"Async Capable":false,"Join Type":"Inner","Startup Cost":76626.59,"Total Cost":1190536.82,"Plan Rows":2975367,"Plan Width":20,"Actual Startup Time":329.282,"Actual Total Time":3355.304,"Actual Rows":4284922,"Actual Loops":1,"Output":["orders.o_c_id","orders.o_w_id","orders.o_d_id","order_line.ol_amount","order_line.ol_w_id","order_line.ol_d_id","order_line.ol_i_id"],"Inner Unique":true,"Hash Cond":"((order_line.ol_w_id = orders.o_w_id) AND (order_line.ol_d_id = orders.o_d_id) AND (order_line.ol_o_id = orders.o_id))","Shared Hit Blocks":22059,"Shared Read Blocks":0,"Shared Dirtied Blocks":0,"Shared Written Blocks":0,"Local Hit Blocks":0,"Local Read Blocks":0,"Local Dirtied Blocks":0,"Local Written Blocks":0,"Temp Read Blocks":18772,"Temp Written Blocks":18772,"I/O Read Time":0.0,"I/O Write Time":0.0,"Temp I/O Read Time":32.169,"Temp I/O Write Time":77.7,"Plans":[{"Node Type":"Append","Parent Relationship":"Outer","Parallel Aware":false,"Async Capable":false,"Startup Cost":20.0,"Total Cost":701820.0,"Plan Rows":20926367,"Plan Width":20,"Actual Startup Time":1.441,"Actual Total Time":1310.096,"Actual Rows":4311079,"Actual Loops":1,"Shared Hit Blocks":0,"Shared Read Blocks":0,"Shared Dirtied Blocks":0,"Shared Written Blocks":0,"Local Hit Blocks":0,"Local Read Blocks":0,"Local Dirtied Blocks":0,"Local Written Blocks":0,"Temp Read Blocks":0,"Temp Written Blocks":0,"I/O Read Time":0.0,"I/O Write Time":0.0,"Temp I/O Read Time":0.0,"Temp I/O Write Time":0.0,"Subplans Removed":0,"Plans":[{"Node Type":"Custom Scan","Parent Relationship":"Member","Custom Plan Provider":"columnar scan","Parallel Aware":false,"Async Capable":false,"Relation Name":"order_line","Schema":"public","Alias":"order_line","Startup Cost":20.0,"Total Cost":533641.75,"Plan Rows":20926325,"Plan Width":20,"Actual Startup Time":1.439,"Actual Total Time":1001.904,"Actual Rows":4311079,"Actual Loops":1,"Output":["order_line.ol_amount","order_line.ol_o_id","order_line.ol_w_id","order_line.ol_d_id","order_line.ol_i_id"],"Filter":"(order_line.ol_delivery_d >= '1992-01-02 20:10:02.27764'::timestamp without time zone)","Rows Removed by Filter":0,"Rows Removed by Columnar Filter":25686653,"Rows Filtered by Bloom Filter":0,"Dictionary Rows Filtered by Bloom Filter":25686653,"Columnar cache search mode":"native","Shared Hit Blocks":0,"Shared Read Blocks":0,"Shared Dirtied Blocks":0,"Shared Written Blocks":0,"Local Hit Blocks":0,"Local Read Blocks":0,"Local Dirtied Blocks":0,"Local Written Blocks":0,"Temp Read Blocks":0,"Temp Written Blocks":0,"I/O Read Time":0.0,"I/O Write Time":0.0,"Temp I/O Read Time":0.0,"Temp I/O Write Time":0.0},{"Node Type":"Seq Scan","Parent Relationship":"Member","Parallel Aware":false,"Async Capable":false,"Relation Name":"order_line","Schema":"public","Alias":"order_line","Startup Cost":0.0,"Total Cost":4.75,"Plan Rows":42,"Plan Width":20,"Actual Startup Time":0.0,"Actual Total Time":0.0,"Actual Rows":0,"Actual Loops":0,"Output":["order_line.ol_amount","order_line.ol_o_id","order_line.ol_w_id","order_line.ol_d_id","order_line.ol_i_id"],"Filter":"(order_line.ol_delivery_d >= '1992-01-02 20:10:02.27764'::timestamp without time zone)","Rows Removed by Filter":0,"Shared Hit Blocks":0,"Shared Read Blocks":0,"Shared Dirtied Blocks":0,"Shared Written Blocks":0,"Local Hit Blocks":0,"Local Read Blocks":0,"Local Dirtied Blocks":0,"Local Written Blocks":0,"Temp Read Blocks":0,"Temp Written Blocks":0,"I/O Read Time":0.0,"I/O Write Time":0.0,"Temp I/O Read Time":0.0,"Temp I/O Write Time":0.0}]},{"Node Type":"Hash","Parent Relationship":"Inner","Parallel Aware":false,"Async Capable":false,"Startup Cost":67059.0,"Total Cost":67059.0,"Plan Rows":426548,"Plan Width":16,"Actual Startup Time":326.732,"Actual Total Time":326.735,"Actual Rows":428399,"Actual Loops":1,"Output":["orders.o_c_id","orders.o_w_id","orders.o_d_id","orders.o_id"],"Hash Buckets":262144,"Original Hash Buckets":262144,"Hash Batches":4,"Original Hash Batches":4,"Peak Memory Usage":7080,"Shared Hit Blocks":22059,"Shared Read Blocks":0,"Shared Dirtied Blocks":0,"Shared Written Blocks":0,"Local Hit Blocks":0,"Local Read Blocks":0,"Local Dirtied Blocks":0,"Local Written Blocks":0,"Temp Read Blocks":0,"Temp Written Blocks":1410,"I/O Read Time":0.0,"I/O Write Time":0.0,"Temp I/O Read Time":0.0,"Temp I/O Write Time":6.378,"Plans":[{"Node Type":"Seq Scan","Parent Relationship":"Outer","Parallel Aware":false,"Async Capable":false,"Relation Name":"orders","Schema":"public","Alias":"orders","Startup Cost":0.0,"Total Cost":67059.0,"Plan Rows":426548,"Plan Width":16,"Actual Startup Time":0.81,"Actual Total Time":223.647,"Actual Rows":428399,"Actual Loops":1,"Output":["orders.o_c_id","orders.o_w_id","orders.o_d_id","orders.o_id"],"Filter":"((orders.o_entry_d >= '1993-01-02 20:10:02.27764'::timestamp without time zone) AND (orders.o_entry_d < '1994-01-02 20:10:02.27764'::timestamp without time zone))","Rows Removed by Filter":2571601,"Shared Hit Blocks":22059,"Shared Read Blocks":0,"Shared Dirtied Blocks":0,"Shared Written Blocks":0,"Local Hit Blocks":0,"Local Read Blocks":0,"Local Dirtied Blocks":0,"Local Written Blocks":0,"Temp Read Blocks":0,"Temp Written Blocks":0,"I/O Read Time":0.0,"I/O Write Time":0.0,"Temp I/O Read Time":0.0,"Temp I/O Write Time":0.0}]}]},{"Node Type":"Hash","Parent Relationship":"Inner","Parallel Aware":false,"Async Capable":false,"Startup Cost":259601.38,"Total Cost":259601.38,"Plan Rows":2999738,"Plan Width":12,"Actual Startup Time":1174.458,"Actual Total Time":1174.459,"Actual Rows":3000000,"Actual Loops":1,"Output":["customer.c_id","customer.c_w_id","customer.c_d_id","customer.c_nationkey"],"Hash Buckets":262144,"Original Hash Buckets":262144,"Hash Batches":32,"Original Hash Batches":32,"Peak Memory Usage":6090,"Shared Hit Blocks":229604,"Shared Read Blocks":0,"Shared Dirtied Blocks":0,"Shared Written Blocks":0,"Local Hit Blocks":0,"Local Read Blocks":0,"Local Dirtied Blocks":0,"Local Written Blocks":0,"Temp Read Blocks":0,"Temp Written Blocks":11335,"I/O Read Time":0.0,"I/O Write Time":0.0,"Temp I/O Read Time":0.0,"Temp I/O Write Time":53.442,"Plans":[{"Node Type":"Seq Scan","Parent Relationship":"Outer","Parallel Aware":false,"Async Capable":false,"Relation Name":"customer","Schema":"public","Alias":"customer","Startup Cost":0.0,"Total Cost":259601.38,"Plan Rows":2999738,"Plan Width":12,"Actual Startup Time":0.012,"Actual Total Time":665.178,"Actual Rows":3000000,"Actual Loops":1,"Output":["customer.c_id","customer.c_w_id","customer.c_d_id","customer.c_nationkey"],"Shared Hit Blocks":229604,"Shared Read Blocks":0,"Shared Dirtied Blocks":0,"Shared Written Blocks":0,"Local Hit Blocks":0,"Local Read Blocks":0,"Local Dirtied Blocks":0,"Local Written Blocks":0,"Temp Read Blocks":0,"Temp Written Blocks":0,"I/O Read Time":0.0,"I/O Write Time":0.0,"Temp I/O Read Time":0.0,"Temp I/O Write Time":0.0}]}]},{"Node Type":"Hash","Parent Relationship":"Inner","Parallel Aware":false,"Async Capable":false,"Startup Cost":2.99,"Total Cost":2.99,"Plan Rows":12,"Plan Width":12,"Actual Startup Time":0.044,"Actual Total Time":0.049,"Actual Rows":22,"Actual Loops":1,"Output":["nation.n_name","nation.n_nationkey"],"Hash Buckets":1024,"Original Hash Buckets":1024,"Hash Batches":1,"Original Hash Batches":1,"Peak Memory Usage":9,"Shared Hit Blocks":2,"Shared Read Blocks":0,"Shared Dirtied Blocks":0,"Shared Written Blocks":0,"Local Hit Blocks":0,"Local Read Blocks":0,"Local Dirtied Blocks":0,"Local Written Blocks":0,"Temp Read Blocks":0,"Temp Written Blocks":0,"I/O Read Time":0.0,"I/O Write Time":0.0,"Temp I/O Read Time":0.0,"Temp I/O Write Time":0.0,"Plans":[{"Node Type":"Hash Join","Parent Relationship":"Outer","Parallel Aware":false,"Async Capable":false,"Join Type":"Inner","Startup Cost":1.07,"Total Cost":2.99,"Plan Rows":12,"Plan Width":12,"Actual Startup Time":0.026,"Actual Total Time":0.041,"Actual Rows":22,"Actual Loops":1,"Output":["nation.n_name","nation.n_nationkey"],"Inner Unique":true,"Hash Cond":"(nation.n_regionkey = region.r_regionkey)","Shared Hit Blocks":2,"Shared Read Blocks":0,"Shared Dirtied Blocks":0,"Shared Written Blocks":0,"Local Hit Blocks":0,"Local Read Blocks":0,"Local Dirtied Blocks":0,"Local Written Blocks":0,"Temp Read Blocks":0,"Temp Written Blocks":0,"I/O Read Time":0.0,"I/O Write Time":0.0,"Temp I/O Read Time":0.0,"Temp I/O Write Time":0.0,"Plans":[{"Node Type":"Seq Scan","Parent Relationship":"Outer","Parallel Aware":false,"Async Capable":false,"Relation Name":"nation","Schema":"public","Alias":"nation","Startup Cost":0.0,"Total Cost":1.62,"Plan Rows":62,"Plan Width":16,"Actual Startup Time":0.008,"Actual Total Time":0.011,"Actual Rows":62,"Actual Loops":1,"Output":["nation.n_nationkey","nation.n_name","nation.n_regionkey","nation.n_comment"],"Shared Hit Blocks":1,"Shared Read Blocks":0,"Shared Dirtied Blocks":0,"Shared Written Blocks":0,"Local Hit Blocks":0,"Local Read Blocks":0,"Local Dirtied Blocks":0,"Local Written Blocks":0,"Temp Read Blocks":0,"Temp Written Blocks":0,"I/O Read Time":0.0,"I/O Write Time":0.0,"Temp I/O Read Time":0.0,"Temp I/O Write Time":0.0},{"Node Type":"Hash","Parent Relationship":"Inner","Parallel Aware":false,"Async Capable":false,"Startup Cost":1.06,"Total Cost":1.06,"Plan Rows":1,"Plan Width":4,"Actual Startup Time":0.008,"Actual Total Time":0.01,"Actual Rows":1,"Actual Loops":1,"Output":["region.r_regionkey"],"Hash Buckets":1024,"Original Hash Buckets":1024,"Hash Batches":1,"Original Hash Batches":1,"Peak Memory Usage":9,"Shared Hit Blocks":1,"Shared Read Blocks":0,"Shared Dirtied Blocks":0,"Shared Written Blocks":0,"Local Hit Blocks":0,"Local Read Blocks":0,"Local Dirtied Blocks":0,"Local Written Blocks":0,"Temp Read Blocks":0,"Temp Written Blocks":0,"I/O Read Time":0.0,"I/O Write Time":0.0,"Temp I/O Read Time":0.0,"Temp I/O Write Time":0.0,"Plans":[{"Node Type":"Seq Scan","Parent Relationship":"Outer","Parallel Aware":false,"Async Capable":false,"Relation Name":"region","Schema":"public","Alias":"region","Startup Cost":0.0,"Total Cost":1.06,"Plan Rows":1,"Plan Width":4,"Actual Startup Time":0.006,"Actual Total Time":0.006,"Actual Rows":1,"Actual Loops":1,"Output":["region.r_regionkey"],"Filter":"((region.r_name)::text = 'Europe'::text)","Rows Removed by Filter":4,"Shared Hit Blocks":1,"Shared Read Blocks":0,"Shared Dirtied Blocks":0,"Shared Written Blocks":0,"Local Hit Blocks":0,"Local Read Blocks":0,"Local Dirtied Blocks":0,"Local Written Blocks":0,"Temp Read Blocks":0,"Temp Written Blocks":0,"I/O Read Time":0.0,"I/O Write Time":0.0,"Temp I/O Read Time":0.0,"Temp I/O Write Time":0.0}]}]}]}]}]},{"Node Type":"Index Only Scan","Parent Relationship":"Inner","Parallel Aware":false,"Async Capable":false,"Scan Direction":"Forward","Index Name":"stock_pk","Relation Name":"stock","Schema":"public","Alias":"stock","Startup Cost":0.43,"Total Cost":259690.86,"Plan Rows":10000162,"Plan Width":6,"Actual Startup Time":0.048,"Actual Total Time":710.178,"Actual Rows":9999996,"Actual Loops":1,"Output":["stock.s_w_id","stock.s_i_id"],"Heap Fetches":0,"Shared Hit Blocks":27338,"Shared Read Blocks":0,"Shared Dirtied Blocks":0,"Shared Written Blocks":0,"Local Hit Blocks":0,"Local Read Blocks":0,"Local Dirtied Blocks":0,"Local Written Blocks":0,"Temp Read Blocks":0,"Temp Written Blocks":0,"I/O Read Time":0.0,"I/O Write Time":0.0,"Temp I/O Read Time":0.0,"Temp I/O Write Time":0.0}]},{"Node Type":"Hash","Parent Relationship":"Inner","Parallel Aware":false,"Async Capable":false,"Startup Cost":219.01,"Total Cost":219.01,"Plan Rows":10001,"Plan Width":8,"Actual Startup Time":3.117,"Actual Total Time":3.12,"Actual Rows":10000,"Actual Loops":1,"Output":["supplier.su_suppkey","supplier.su_nationkey"],"Hash Buckets":16384,"Original Hash Buckets":16384,"Hash Batches":1,"Original Hash Batches":1,"Peak Memory Usage":519,"Shared Hit Blocks":0,"Shared Read Blocks":0,"Shared Dirtied Blocks":0,"Shared Written Blocks":0,"Local Hit Blocks":0,"Local Read Blocks":0,"Local Dirtied Blocks":0,"Local Written Blocks":0,"Temp Read Blocks":0,"Temp Written Blocks":0,"I/O Read Time":0.0,"I/O Write Time":0.0,"Temp I/O Read Time":0.0,"Temp I/O Write Time":0.0,"Plans":[{"Node Type":"Append","Parent Relationship":"Outer","Parallel Aware":false,"Async Capable":false,"Startup Cost":20.0,"Total Cost":219.01,"Plan Rows":10001,"Plan Width":8,"Actual Startup Time":0.012,"Actual Total Time":1.759,"Actual Rows":10000,"Actual Loops":1,"Shared Hit Blocks":0,"Shared Read Blocks":0,"Shared Dirtied Blocks":0,"Shared Written Blocks":0,"Local Hit Blocks":0,"Local Read Blocks":0,"Local Dirtied Blocks":0,"Local Written Blocks":0,"Temp Read Blocks":0,"Temp Written Blocks":0,"I/O Read Time":0.0,"I/O Write Time":0.0,"Temp I/O Read Time":0.0,"Temp I/O Write Time":0.0,"Subplans Removed":0,"Plans":[{"Node Type":"Custom Scan","Parent Relationship":"Member","Custom Plan Provider":"columnar scan","Parallel Aware":false,"Async Capable":false,"Relation Name":"supplier","Schema":"public","Alias":"supplier","Startup Cost":20.0,"Total Cost":215.0,"Plan Rows":10000,"Plan Width":8,"Actual Startup Time":0.011,"Actual Total Time":1.059,"Actual Rows":10000,"Actual Loops":1,"Output":["supplier.su_suppkey","supplier.su_nationkey"],"Rows Removed by Columnar Filter":0,"Columnar cache search mode":"native","Shared Hit Blocks":0,"Shared Read Blocks":0,"Shared Dirtied Blocks":0,"Shared Written Blocks":0,"Local Hit Blocks":0,"Local Read Blocks":0,"Local Dirtied Blocks":0,"Local Written Blocks":0,"Temp Read Blocks":0,"Temp Written Blocks":0,"I/O Read Time":0.0,"I/O Write Time":0.0,"Temp I/O Read Time":0.0,"Temp I/O Write Time":0.0},{"Node Type":"Seq Scan","Parent Relationship":"Member","Parallel Aware":false,"Async Capable":false,"Relation Name":"supplier","Schema":"public","Alias":"supplier","Startup Cost":0.0,"Total Cost":4.01,"Plan Rows":1,"Plan Width":8,"Actual Startup Time":0.0,"Actual Total Time":0.0,"Actual Rows":0,"Actual Loops":0,"Output":["supplier.su_suppkey","supplier.su_nationkey"],"Shared Hit Blocks":0,"Shared Read Blocks":0,"Shared Dirtied Blocks":0,"Shared Written Blocks":0,"Local Hit Blocks":0,"Local Read Blocks":0,"Local Dirtied Blocks":0,"Local Written Blocks":0,"Temp Read Blocks":0,"Temp Written Blocks":0,"I/O Read Time":0.0,"I/O Write Time":0.0,"Temp I/O Read Time":0.0,"Temp I/O Write Time":0.0}]}]}]}]}]}]},"Planning":{"Shared Hit Blocks":16,"Shared Read Blocks":0,"Shared Dirtied Blocks":0,"Shared Written Blocks":0,"Local Hit Blocks":0,"Local Read Blocks":0,"Local Dirtied Blocks":0,"Local Written Blocks":0,"Temp Read Blocks":0,"Temp Written Blocks":0,"I/O Read Time":0.0,"I/O Write Time":0.0,"Temp I/O Read Time":0.0,"Temp I/O Write Time":0.0},"Planning Time":4.735,"Triggers":[],"Execution Time":10337.402}]
[列存组合]: orders, region
[{"Plan":{"Node Type":"Sort","Parallel Aware":false,"Async Capable":false,"Startup Cost":2015869.77,"Total Cost":2015869.92,"Plan Rows":62,"Plan Width":40,"Actual Startup Time":16480.655,"Actual Total Time":16480.683,"Actual Rows":11,"Actual Loops":1,"Output":["nation.n_name","(sum(order_line.ol_amount))"],"Sort Key":["(sum(order_line.ol_amount)) DESC"],"Sort Method":"quicksort","Sort Space Used":25,"Sort Space Type":"Memory","Shared Hit Blocks":598045,"Shared Read Blocks":0,"Shared Dirtied Blocks":0,"Shared Written Blocks":0,"Local Hit Blocks":0,"Local Read Blocks":0,"Local Dirtied Blocks":0,"Local Written Blocks":0,"Temp Read Blocks":129460,"Temp Written Blocks":129487,"I/O Read Time":0.0,"I/O Write Time":0.0,"Temp I/O Read Time":203.831,"Temp I/O Write Time":521.987,"Plans":[{"Node Type":"Aggregate","Strategy":"Sorted","Partial Mode":"Simple","Parent Relationship":"Outer","Parallel Aware":false,"Async Capable":false,"Startup Cost":2015793.98,"Total Cost":2015867.92,"Plan Rows":62,"Plan Width":40,"Actual Startup Time":16477.701,"Actual Total Time":16480.67,"Actual Rows":11,"Actual Loops":1,"Output":["nation.n_name","sum(order_line.ol_amount)"],"Group Key":["nation.n_name"],"Shared Hit Blocks":598045,"Shared Read Blocks":0,"Shared Dirtied Blocks":0,"Shared Written Blocks":0,"Local Hit Blocks":0,"Local Read Blocks":0,"Local Dirtied Blocks":0,"Local Written Blocks":0,"Temp Read Blocks":129460,"Temp Written Blocks":129487,"I/O Read Time":0.0,"I/O Write Time":0.0,"Temp I/O Read Time":203.831,"Temp I/O Write Time":521.987,"Plans":[{"Node Type":"Sort","Parent Relationship":"Outer","Parallel Aware":false,"Async Capable":false,"Startup Cost":2015793.98,"Total Cost":2015818.37,"Plan Rows":9755,"Plan Width":12,"Actual Startup Time":16477.484,"Actual Total Time":16478.29,"Actual Rows":17493,"Actual Loops":1,"Output":["nation.n_name","order_line.ol_amount"],"Sort Key":["nation.n_name"],"Sort Method":"quicksort","Sort Space Used":1725,"Sort Space Type":"Memory","Shared Hit Blocks":598045,"Shared Read Blocks":0,"Shared Dirtied Blocks":0,"Shared Written Blocks":0,"Local Hit Blocks":0,"Local Read Blocks":0,"Local Dirtied Blocks":0,"Local Written Blocks":0,"Temp Read Blocks":129460,"Temp Written Blocks":129487,"I/O Read Time":0.0,"I/O Write Time":0.0,"Temp I/O Read Time":203.831,"Temp I/O Write Time":521.987,"Plans":[{"Node Type":"Hash Join","Parent Relationship":"Outer","Parallel Aware":false,"Async Capable":false,"Join Type":"Inner","Startup Cost":1691650.71,"Total Cost":2015147.62,"Plan Rows":9755,"Plan Width":12,"Actual Startup Time":14607.031,"Actual Total Time":16468.672,"Actual Rows":17493,"Actual Loops":1,"Output":["nation.n_name","order_line.ol_amount"],"Inner Unique":true,"Hash Cond":"((mod((stock.s_w_id * stock.s_i_id), 10000) = supplier.su_suppkey) AND (customer.c_nationkey = supplier.su_nationkey))","Shared Hit Blocks":598045,"Shared Read Blocks":0,"Shared Dirtied Blocks":0,"Shared Written Blocks":0,"Local Hit Blocks":0,"Local Read Blocks":0,"Local Dirtied Blocks":0,"Local Written Blocks":0,"Temp Read Blocks":129460,"Temp Written Blocks":129487,"I/O Read Time":0.0,"I/O Write Time":0.0,"Temp I/O Read Time":203.831,"Temp I/O Write Time":521.987,"Plans":[{"Node Type":"Merge Join","Parent Relationship":"Outer","Parallel Aware":false,"Async Capable":false,"Join Type":"Inner","Startup Cost":1691183.71,"Total Cost":2011365.49,"Plan Rows":602749,"Plan Width":26,"Actual Startup Time":14603.988,"Actual Total Time":16325.533,"Actual Rows":1109507,"Actual Loops":1,"Output":["customer.c_nationkey","order_line.ol_amount","stock.s_w_id","stock.s_i_id","nation.n_name","nation.n_nationkey"],"Inner Unique":true,"Merge Cond":"((customer.c_w_id = stock.s_w_id) AND (order_line.ol_i_id = stock.s_i_id))","Shared Hit Blocks":597828,"Shared Read Blocks":0,"Shared Dirtied Blocks":0,"Shared Written Blocks":0,"Local Hit Blocks":0,"Local Read Blocks":0,"Local Dirtied Blocks":0,"Local Written Blocks":0,"Temp Read Blocks":129460,"Temp Written Blocks":129487,"I/O Read Time":0.0,"I/O Write Time":0.0,"Temp I/O Read Time":203.831,"Temp I/O Write Time":521.987,"Plans":[{"Node Type":"Sort","Parent Relationship":"Outer","Parallel Aware":false,"Async Capable":false,"Startup Cost":1691183.28,"Total Cost":1692670.96,"Plan Rows":595073,"Plan Width":30,"Actual Startup Time":14603.929,"Actual Total Time":14784.699,"Actual Rows":1109507,"Actual Loops":1,"Output":["customer.c_w_id","customer.c_nationkey","orders.o_w_id","order_line.ol_amount","order_line.ol_w_id","order_line.ol_i_id","nation.n_name","nation.n_nationkey"],"Sort Key":["customer.c_w_id","order_line.ol_i_id"],"Sort Method":"external merge","Sort Space Used":47304,"Sort Space Type":"Disk","Shared Hit Blocks":570490,"Shared Read Blocks":0,"Shared Dirtied Blocks":0,"Shared Written Blocks":0,"Local Hit Blocks":0,"Local Read Blocks":0,"Local Dirtied Blocks":0,"Local Written Blocks":0,"Temp Read Blocks":129460,"Temp Written Blocks":129487,"I/O Read Time":0.0,"I/O Write Time":0.0,"Temp I/O Read Time":203.831,"Temp I/O Write Time":521.987,"Plans":[{"Node Type":"Hash Join","Parent Relationship":"Outer","Parallel Aware":false,"Async Capable":false,"Join Type":"Inner","Startup Cost":402039.66,"Total Cost":1619869.72,"Plan Rows":595073,"Plan Width":30,"Actual Startup Time":1418.464,"Actual Total Time":13218.501,"Actual Rows":1109507,"Actual Loops":1,"Output":["customer.c_w_id","customer.c_nationkey","orders.o_w_id","order_line.ol_amount","order_line.ol_w_id","order_line.ol_i_id","nation.n_name","nation.n_nationkey"],"Inner Unique":false,"Hash Cond":"(customer.c_nationkey = nation.n_nationkey)","Shared Hit Blocks":570490,"Shared Read Blocks":0,"Shared Dirtied Blocks":0,"Shared Written Blocks":0,"Local Hit Blocks":0,"Local Read Blocks":0,"Local Dirtied Blocks":0,"Local Written Blocks":0,"Temp Read Blocks":117643,"Temp Written Blocks":117643,"I/O Read Time":0.0,"I/O Write Time":0.0,"Temp I/O Read Time":186.178,"Temp I/O Write Time":490.46,"Plans":[{"Node Type":"Hash Join","Parent Relationship":"Outer","Parallel Aware":false,"Async Capable":false,"Join Type":"Inner","Startup Cost":402036.52,"Total Cost":1602950.18,"Plan Rows":2975367,"Plan Width":18,"Actual Startup Time":1408.602,"Actual Total Time":12789.97,"Actual Rows":4284922,"Actual Loops":1,"Output":["customer.c_w_id","customer.c_nationkey","orders.o_w_id","order_line.ol_amount","order_line.ol_w_id","order_line.ol_i_id"],"Inner Unique":true,"Hash Cond":"((orders.o_c_id = customer.c_id) AND (orders.o_w_id = customer.c_w_id) AND (orders.o_d_id = customer.c_d_id))","Shared Hit Blocks":570488,"Shared Read Blocks":0,"Shared Dirtied Blocks":0,"Shared Written Blocks":0,"Local Hit Blocks":0,"Local Read Blocks":0,"Local Dirtied Blocks":0,"Local Written Blocks":0,"Temp Read Blocks":117643,"Temp Written Blocks":117643,"I/O Read Time":0.0,"I/O Write Time":0.0,"Temp I/O Read Time":186.178,"Temp I/O Write Time":490.46,"Plans":[{"Node Type":"Hash Join","Parent Relationship":"Outer","Parallel Aware":false,"Async Capable":false,"Join Type":"Inner","Startup Cost":75291.73,"Total Cost":1203258.36,"Plan Rows":2975367,"Plan Width":20,"Actual Startup Time":246.177,"Actual Total Time":9486.923,"Actual Rows":4284922,"Actual Loops":1,"Output":["orders.o_c_id","orders.o_w_id","orders.o_d_id","order_line.ol_amount","order_line.ol_w_id","order_line.ol_d_id","order_line.ol_i_id"],"Inner Unique":true,"Hash Cond":"((order_line.ol_w_id = orders.o_w_id) AND (order_line.ol_d_id = orders.o_d_id) AND (order_line.ol_o_id = orders.o_id))","Shared Hit Blocks":340884,"Shared Read Blocks":0,"Shared Dirtied Blocks":0,"Shared Written Blocks":0,"Local Hit Blocks":0,"Local Read Blocks":0,"Local Dirtied Blocks":0,"Local Written Blocks":0,"Temp Read Blocks":85996,"Temp Written Blocks":85996,"I/O Read Time":0.0,"I/O Write Time":0.0,"Temp I/O Read Time":135.928,"Temp I/O Write Time":342.322,"Plans":[{"Node Type":"Seq Scan","Parent Relationship":"Outer","Parallel Aware":false,"Async Capable":false,"Relation Name":"order_line","Schema":"public","Alias":"order_line","Startup Cost":0.0,"Total Cost":715856.4,"Plan Rows":20926367,"Plan Width":20,"Actual Startup Time":0.007,"Actual Total Time":3677.507,"Actual Rows":21002151,"Actual Loops":1,"Output":["order_line.ol_amount","order_line.ol_o_id","order_line.ol_w_id","order_line.ol_d_id","order_line.ol_i_id"],"Filter":"(order_line.ol_delivery_d >= '1992-01-02 20:10:02.27764'::timestamp without time zone)","Rows Removed by Filter":8995581,"Shared Hit Blocks":340884,"Shared Read Blocks":0,"Shared Dirtied Blocks":0,"Shared Written Blocks":0,"Local Hit Blocks":0,"Local Read Blocks":0,"Local Dirtied Blocks":0,"Local Written Blocks":0,"Temp Read Blocks":0,"Temp Written Blocks":0,"I/O Read Time":0.0,"I/O Write Time":0.0,"Temp I/O Read Time":0.0,"Temp I/O Write Time":0.0},{"Node Type":"Hash","Parent Relationship":"Inner","Parallel Aware":false,"Async Capable":false,"Startup Cost":65744.12,"Total Cost":65744.12,"Plan Rows":426549,"Plan Width":16,"Actual Startup Time":178.834,"Actual Total Time":178.843,"Actual Rows":428399,"Actual Loops":1,"Output":["orders.o_c_id","orders.o_w_id","orders.o_d_id","orders.o_id"],"Hash Buckets":262144,"Original Hash Buckets":262144,"Hash Batches":4,"Original Hash Batches":4,"Peak Memory Usage":7080,"Shared Hit Blocks":0,"Shared Read Blocks":0,"Shared Dirtied Blocks":0,"Shared Written Blocks":0,"Local Hit Blocks":0,"Local Read Blocks":0,"Local Dirtied Blocks":0,"Local Written Blocks":0,"Temp Read Blocks":0,"Temp Written Blocks":1410,"I/O Read Time":0.0,"I/O Write Time":0.0,"Temp I/O Read Time":0.0,"Temp I/O Write Time":5.579,"Plans":[{"Node Type":"Append","Parent Relationship":"Outer","Parallel Aware":false,"Async Capable":false,"Startup Cost":20.0,"Total Cost":65744.12,"Plan Rows":426549,"Plan Width":16,"Actual Startup Time":0.532,"Actual Total Time":103.25,"Actual Rows":428399,"Actual Loops":1,"Shared Hit Blocks":0,"Shared Read Blocks":0,"Shared Dirtied Blocks":0,"Shared Written Blocks":0,"Local Hit Blocks":0,"Local Read Blocks":0,"Local Dirtied Blocks":0,"Local Written Blocks":0,"Temp Read Blocks":0,"Temp Written Blocks":0,"I/O Read Time":0.0,"I/O Write Time":0.0,"Temp I/O Read Time":0.0,"Temp I/O Write Time":0.0,"Subplans Removed":0,"Plans":[{"Node Type":"Custom Scan","Parent Relationship":"Member","Custom Plan Provider":"columnar scan","Parallel Aware":false,"Async Capable":false,"Relation Name":"orders","Schema":"public","Alias":"orders","Startup Cost":20.0,"Total Cost":10043.96,"Plan Rows":426548,"Plan Width":16,"Actual Startup Time":0.53,"Actual Total Time":72.705,"Actual Rows":428399,"Actual Loops":1,"Output":["orders.o_c_id","orders.o_w_id","orders.o_d_id","orders.o_id"],"Filter":"((orders.o_entry_d < '1994-01-02 20:10:02.27764'::timestamp without time zone) AND (orders.o_entry_d >= '1993-01-02 20:10:02.27764'::timestamp without time zone))","Rows Removed by Filter":0,"Rows Removed by Columnar Filter":2571601,"Columnar cache search mode":"native","Shared Hit Blocks":0,"Shared Read Blocks":0,"Shared Dirtied Blocks":0,"Shared Written Blocks":0,"Local Hit Blocks":0,"Local Read Blocks":0,"Local Dirtied Blocks":0,"Local Written Blocks":0,"Temp Read Blocks":0,"Temp Written Blocks":0,"I/O Read Time":0.0,"I/O Write Time":0.0,"Temp I/O Read Time":0.0,"Temp I/O Write Time":0.0},{"Node Type":"Seq Scan","Parent Relationship":"Member","Parallel Aware":false,"Async Capable":false,"Relation Name":"orders","Schema":"public","Alias":"orders","Startup Cost":0.0,"Total Cost":4.01,"Plan Rows":1,"Plan Width":16,"Actual Startup Time":0.0,"Actual Total Time":0.0,"Actual Rows":0,"Actual Loops":0,"Output":["orders.o_c_id","orders.o_w_id","orders.o_d_id","orders.o_id"],"Filter":"((orders.o_entry_d < '1994-01-02 20:10:02.27764'::timestamp without time zone) AND (orders.o_entry_d >= '1993-01-02 20:10:02.27764'::timestamp without time zone))","Rows Removed by Filter":0,"Shared Hit Blocks":0,"Shared Read Blocks":0,"Shared Dirtied Blocks":0,"Shared Written Blocks":0,"Local Hit Blocks":0,"Local Read Blocks":0,"Local Dirtied Blocks":0,"Local Written Blocks":0,"Temp Read Blocks":0,"Temp Written Blocks":0,"I/O Read Time":0.0,"I/O Write Time":0.0,"Temp I/O Read Time":0.0,"Temp I/O Write Time":0.0}]}]}]},{"Node Type":"Hash","Parent Relationship":"Inner","Parallel Aware":false,"Async Capable":false,"Startup Cost":259601.38,"Total Cost":259601.38,"Plan Rows":2999738,"Plan Width":12,"Actual Startup Time":1160.026,"Actual Total Time":1160.028,"Actual Rows":3000000,"Actual Loops":1,"Output":["customer.c_id","customer.c_w_id","customer.c_d_id","customer.c_nationkey"],"Hash Buckets":262144,"Original Hash Buckets":262144,"Hash Batches":32,"Original Hash Batches":32,"Peak Memory Usage":6090,"Shared Hit Blocks":229604,"Shared Read Blocks":0,"Shared Dirtied Blocks":0,"Shared Written Blocks":0,"Local Hit Blocks":0,"Local Read Blocks":0,"Local Dirtied Blocks":0,"Local Written Blocks":0,"Temp Read Blocks":0,"Temp Written Blocks":11335,"I/O Read Time":0.0,"I/O Write Time":0.0,"Temp I/O Read Time":0.0,"Temp I/O Write Time":53.296,"Plans":[{"Node Type":"Seq Scan","Parent Relationship":"Outer","Parallel Aware":false,"Async Capable":false,"Relation Name":"customer","Schema":"public","Alias":"customer","Startup Cost":0.0,"Total Cost":259601.38,"Plan Rows":2999738,"Plan Width":12,"Actual Startup Time":0.008,"Actual Total Time":655.772,"Actual Rows":3000000,"Actual Loops":1,"Output":["customer.c_id","customer.c_w_id","customer.c_d_id","customer.c_nationkey"],"Shared Hit Blocks":229604,"Shared Read Blocks":0,"Shared Dirtied Blocks":0,"Shared Written Blocks":0,"Local Hit Blocks":0,"Local Read Blocks":0,"Local Dirtied Blocks":0,"Local Written Blocks":0,"Temp Read Blocks":0,"Temp Written Blocks":0,"I/O Read Time":0.0,"I/O Write Time":0.0,"Temp I/O Read Time":0.0,"Temp I/O Write Time":0.0}]}]},{"Node Type":"Hash","Parent Relationship":"Inner","Parallel Aware":false,"Async Capable":false,"Startup Cost":2.99,"Total Cost":2.99,"Plan Rows":12,"Plan Width":12,"Actual Startup Time":0.035,"Actual Total Time":0.04,"Actual Rows":22,"Actual Loops":1,"Output":["nation.n_name","nation.n_nationkey"],"Hash Buckets":1024,"Original Hash Buckets":1024,"Hash Batches":1,"Original Hash Batches":1,"Peak Memory Usage":9,"Shared Hit Blocks":2,"Shared Read Blocks":0,"Shared Dirtied Blocks":0,"Shared Written Blocks":0,"Local Hit Blocks":0,"Local Read Blocks":0,"Local Dirtied Blocks":0,"Local Written Blocks":0,"Temp Read Blocks":0,"Temp Written Blocks":0,"I/O Read Time":0.0,"I/O Write Time":0.0,"Temp I/O Read Time":0.0,"Temp I/O Write Time":0.0,"Plans":[{"Node Type":"Hash Join","Parent Relationship":"Outer","Parallel Aware":false,"Async Capable":false,"Join Type":"Inner","Startup Cost":1.07,"Total Cost":2.99,"Plan Rows":12,"Plan Width":12,"Actual Startup Time":0.019,"Actual Total Time":0.033,"Actual Rows":22,"Actual Loops":1,"Output":["nation.n_name","nation.n_nationkey"],"Inner Unique":true,"Hash Cond":"(nation.n_regionkey = region.r_regionkey)","Shared Hit Blocks":2,"Shared Read Blocks":0,"Shared Dirtied Blocks":0,"Shared Written Blocks":0,"Local Hit Blocks":0,"Local Read Blocks":0,"Local Dirtied Blocks":0,"Local Written Blocks":0,"Temp Read Blocks":0,"Temp Written Blocks":0,"I/O Read Time":0.0,"I/O Write Time":0.0,"Temp I/O Read Time":0.0,"Temp I/O Write Time":0.0,"Plans":[{"Node Type":"Seq Scan","Parent Relationship":"Outer","Parallel Aware":false,"Async Capable":false,"Relation Name":"nation","Schema":"public","Alias":"nation","Startup Cost":0.0,"Total Cost":1.62,"Plan Rows":62,"Plan Width":16,"Actual Startup Time":0.005,"Actual Total Time":0.009,"Actual Rows":62,"Actual Loops":1,"Output":["nation.n_nationkey","nation.n_name","nation.n_regionkey","nation.n_comment"],"Shared Hit Blocks":1,"Shared Read Blocks":0,"Shared Dirtied Blocks":0,"Shared Written Blocks":0,"Local Hit Blocks":0,"Local Read Blocks":0,"Local Dirtied Blocks":0,"Local Written Blocks":0,"Temp Read Blocks":0,"Temp Written Blocks":0,"I/O Read Time":0.0,"I/O Write Time":0.0,"Temp I/O Read Time":0.0,"Temp I/O Write Time":0.0},{"Node Type":"Hash","Parent Relationship":"Inner","Parallel Aware":false,"Async Capable":false,"Startup Cost":1.06,"Total Cost":1.06,"Plan Rows":1,"Plan Width":4,"Actual Startup Time":0.006,"Actual Total Time":0.007,"Actual Rows":1,"Actual Loops":1,"Output":["region.r_regionkey"],"Hash Buckets":1024,"Original Hash Buckets":1024,"Hash Batches":1,"Original Hash Batches":1,"Peak Memory Usage":9,"Shared Hit Blocks":1,"Shared Read Blocks":0,"Shared Dirtied Blocks":0,"Shared Written Blocks":0,"Local Hit Blocks":0,"Local Read Blocks":0,"Local Dirtied Blocks":0,"Local Written Blocks":0,"Temp Read Blocks":0,"Temp Written Blocks":0,"I/O Read Time":0.0,"I/O Write Time":0.0,"Temp I/O Read Time":0.0,"Temp I/O Write Time":0.0,"Plans":[{"Node Type":"Seq Scan","Parent Relationship":"Outer","Parallel Aware":false,"Async Capable":false,"Relation Name":"region","Schema":"public","Alias":"region","Startup Cost":0.0,"Total Cost":1.06,"Plan Rows":1,"Plan Width":4,"Actual Startup Time":0.005,"Actual Total Time":0.005,"Actual Rows":1,"Actual Loops":1,"Output":["region.r_regionkey"],"Filter":"((region.r_name)::text = 'Europe'::text)","Rows Removed by Filter":4,"Shared Hit Blocks":1,"Shared Read Blocks":0,"Shared Dirtied Blocks":0,"Shared Written Blocks":0,"Local Hit Blocks":0,"Local Read Blocks":0,"Local Dirtied Blocks":0,"Local Written Blocks":0,"Temp Read Blocks":0,"Temp Written Blocks":0,"I/O Read Time":0.0,"I/O Write Time":0.0,"Temp I/O Read Time":0.0,"Temp I/O Write Time":0.0}]}]}]}]}]},{"Node Type":"Index Only Scan","Parent Relationship":"Inner","Parallel Aware":false,"Async Capable":false,"Scan Direction":"Forward","Index Name":"stock_pk","Relation Name":"stock","Schema":"public","Alias":"stock","Startup Cost":0.43,"Total Cost":259690.86,"Plan Rows":10000162,"Plan Width":6,"Actual Startup Time":0.046,"Actual Total Time":723.152,"Actual Rows":9999996,"Actual Loops":1,"Output":["stock.s_w_id","stock.s_i_id"],"Heap Fetches":0,"Shared Hit Blocks":27338,"Shared Read Blocks":0,"Shared Dirtied Blocks":0,"Shared Written Blocks":0,"Local Hit Blocks":0,"Local Read Blocks":0,"Local Dirtied Blocks":0,"Local Written Blocks":0,"Temp Read Blocks":0,"Temp Written Blocks":0,"I/O Read Time":0.0,"I/O Write Time":0.0,"Temp I/O Read Time":0.0,"Temp I/O Write Time":0.0}]},{"Node Type":"Hash","Parent Relationship":"Inner","Parallel Aware":false,"Async Capable":false,"Startup Cost":317.0,"Total Cost":317.0,"Plan Rows":10000,"Plan Width":8,"Actual Startup Time":2.644,"Actual Total Time":2.644,"Actual Rows":10000,"Actual Loops":1,"Output":["supplier.su_suppkey","supplier.su_nationkey"],"Hash Buckets":16384,"Original Hash Buckets":16384,"Hash Batches":1,"Original Hash Batches":1,"Peak Memory Usage":519,"Shared Hit Blocks":217,"Shared Read Blocks":0,"Shared Dirtied Blocks":0,"Shared Written Blocks":0,"Local Hit Blocks":0,"Local Read Blocks":0,"Local Dirtied Blocks":0,"Local Written Blocks":0,"Temp Read Blocks":0,"Temp Written Blocks":0,"I/O Read Time":0.0,"I/O Write Time":0.0,"Temp I/O Read Time":0.0,"Temp I/O Write Time":0.0,"Plans":[{"Node Type":"Seq Scan","Parent Relationship":"Outer","Parallel Aware":false,"Async Capable":false,"Relation Name":"supplier","Schema":"public","Alias":"supplier","Startup Cost":0.0,"Total Cost":317.0,"Plan Rows":10000,"Plan Width":8,"Actual Startup Time":0.072,"Actual Total Time":1.364,"Actual Rows":10000,"Actual Loops":1,"Output":["supplier.su_suppkey","supplier.su_nationkey"],"Shared Hit Blocks":217,"Shared Read Blocks":0,"Shared Dirtied Blocks":0,"Shared Written Blocks":0,"Local Hit Blocks":0,"Local Read Blocks":0,"Local Dirtied Blocks":0,"Local Written Blocks":0,"Temp Read Blocks":0,"Temp Written Blocks":0,"I/O Read Time":0.0,"I/O Write Time":0.0,"Temp I/O Read Time":0.0,"Temp I/O Write Time":0.0}]}]}]}]}]},"Planning":{"Shared Hit Blocks":16,"Shared Read Blocks":0,"Shared Dirtied Blocks":0,"Shared Written Blocks":0,"Local Hit Blocks":0,"Local Read Blocks":0,"Local Dirtied Blocks":0,"Local Written Blocks":0,"Temp Read Blocks":0,"Temp Written Blocks":0,"I/O Read Time":0.0,"I/O Write Time":0.0,"Temp I/O Read Time":0.0,"Temp I/O Write Time":0.0},"Planning Time":4.098,"Triggers":[],"Execution Time":16488.84}]
[列存组合]: orders, stock
[{"Plan":{"Node Type":"Sort","Parallel Aware":false,"Async Capable":false,"Startup Cost":2015869.77,"Total Cost":2015869.92,"Plan Rows":62,"Plan Width":40,"Actual Startup Time":16507.377,"Actual Total Time":16507.397,"Actual Rows":11,"Actual Loops":1,"Output":["nation.n_name","(sum(order_line.ol_amount))"],"Sort Key":["(sum(order_line.ol_amount)) DESC"],"Sort Method":"quicksort","Sort Space Used":25,"Sort Space Type":"Memory","Shared Hit Blocks":598045,"Shared Read Blocks":0,"Shared Dirtied Blocks":0,"Shared Written Blocks":0,"Local Hit Blocks":0,"Local Read Blocks":0,"Local Dirtied Blocks":0,"Local Written Blocks":0,"Temp Read Blocks":129460,"Temp Written Blocks":129487,"I/O Read Time":0.0,"I/O Write Time":0.0,"Temp I/O Read Time":209.035,"Temp I/O Write Time":531.897,"Plans":[{"Node Type":"Aggregate","Strategy":"Sorted","Partial Mode":"Simple","Parent Relationship":"Outer","Parallel Aware":false,"Async Capable":false,"Startup Cost":2015793.98,"Total Cost":2015867.92,"Plan Rows":62,"Plan Width":40,"Actual Startup Time":16504.422,"Actual Total Time":16507.381,"Actual Rows":11,"Actual Loops":1,"Output":["nation.n_name","sum(order_line.ol_amount)"],"Group Key":["nation.n_name"],"Shared Hit Blocks":598045,"Shared Read Blocks":0,"Shared Dirtied Blocks":0,"Shared Written Blocks":0,"Local Hit Blocks":0,"Local Read Blocks":0,"Local Dirtied Blocks":0,"Local Written Blocks":0,"Temp Read Blocks":129460,"Temp Written Blocks":129487,"I/O Read Time":0.0,"I/O Write Time":0.0,"Temp I/O Read Time":209.035,"Temp I/O Write Time":531.897,"Plans":[{"Node Type":"Sort","Parent Relationship":"Outer","Parallel Aware":false,"Async Capable":false,"Startup Cost":2015793.98,"Total Cost":2015818.37,"Plan Rows":9755,"Plan Width":12,"Actual Startup Time":16504.201,"Actual Total Time":16505.002,"Actual Rows":17493,"Actual Loops":1,"Output":["nation.n_name","order_line.ol_amount"],"Sort Key":["nation.n_name"],"Sort Method":"quicksort","Sort Space Used":1725,"Sort Space Type":"Memory","Shared Hit Blocks":598045,"Shared Read Blocks":0,"Shared Dirtied Blocks":0,"Shared Written Blocks":0,"Local Hit Blocks":0,"Local Read Blocks":0,"Local Dirtied Blocks":0,"Local Written Blocks":0,"Temp Read Blocks":129460,"Temp Written Blocks":129487,"I/O Read Time":0.0,"I/O Write Time":0.0,"Temp I/O Read Time":209.035,"Temp I/O Write Time":531.897,"Plans":[{"Node Type":"Hash Join","Parent Relationship":"Outer","Parallel Aware":false,"Async Capable":false,"Join Type":"Inner","Startup Cost":1691650.71,"Total Cost":2015147.62,"Plan Rows":9755,"Plan Width":12,"Actual Startup Time":14629.289,"Actual Total Time":16495.211,"Actual Rows":17493,"Actual Loops":1,"Output":["nation.n_name","order_line.ol_amount"],"Inner Unique":true,"Hash Cond":"((mod((stock.s_w_id * stock.s_i_id), 10000) = supplier.su_suppkey) AND (customer.c_nationkey = supplier.su_nationkey))","Shared Hit Blocks":598045,"Shared Read Blocks":0,"Shared Dirtied Blocks":0,"Shared Written Blocks":0,"Local Hit Blocks":0,"Local Read Blocks":0,"Local Dirtied Blocks":0,"Local Written Blocks":0,"Temp Read Blocks":129460,"Temp Written Blocks":129487,"I/O Read Time":0.0,"I/O Write Time":0.0,"Temp I/O Read Time":209.035,"Temp I/O Write Time":531.897,"Plans":[{"Node Type":"Merge Join","Parent Relationship":"Outer","Parallel Aware":false,"Async Capable":false,"Join Type":"Inner","Startup Cost":1691183.71,"Total Cost":2011365.49,"Plan Rows":602749,"Plan Width":26,"Actual Startup Time":14626.192,"Actual Total Time":16351.583,"Actual Rows":1109507,"Actual Loops":1,"Output":["customer.c_nationkey","order_line.ol_amount","stock.s_w_id","stock.s_i_id","nation.n_name","nation.n_nationkey"],"Inner Unique":true,"Merge Cond":"((customer.c_w_id = stock.s_w_id) AND (order_line.ol_i_id = stock.s_i_id))","Shared Hit Blocks":597828,"Shared Read Blocks":0,"Shared Dirtied Blocks":0,"Shared Written Blocks":0,"Local Hit Blocks":0,"Local Read Blocks":0,"Local Dirtied Blocks":0,"Local Written Blocks":0,"Temp Read Blocks":129460,"Temp Written Blocks":129487,"I/O Read Time":0.0,"I/O Write Time":0.0,"Temp I/O Read Time":209.035,"Temp I/O Write Time":531.897,"Plans":[{"Node Type":"Sort","Parent Relationship":"Outer","Parallel Aware":false,"Async Capable":false,"Startup Cost":1691183.28,"Total Cost":1692670.96,"Plan Rows":595073,"Plan Width":30,"Actual Startup Time":14626.13,"Actual Total Time":14808.092,"Actual Rows":1109507,"Actual Loops":1,"Output":["customer.c_w_id","customer.c_nationkey","orders.o_w_id","order_line.ol_amount","order_line.ol_w_id","order_line.ol_i_id","nation.n_name","nation.n_nationkey"],"Sort Key":["customer.c_w_id","order_line.ol_i_id"],"Sort Method":"external merge","Sort Space Used":47304,"Sort Space Type":"Disk","Shared Hit Blocks":570490,"Shared Read Blocks":0,"Shared Dirtied Blocks":0,"Shared Written Blocks":0,"Local Hit Blocks":0,"Local Read Blocks":0,"Local Dirtied Blocks":0,"Local Written Blocks":0,"Temp Read Blocks":129460,"Temp Written Blocks":129487,"I/O Read Time":0.0,"I/O Write Time":0.0,"Temp I/O Read Time":209.035,"Temp I/O Write Time":531.897,"Plans":[{"Node Type":"Hash Join","Parent Relationship":"Outer","Parallel Aware":false,"Async Capable":false,"Join Type":"Inner","Startup Cost":402039.66,"Total Cost":1619869.72,"Plan Rows":595073,"Plan Width":30,"Actual Startup Time":1421.03,"Actual Total Time":13232.235,"Actual Rows":1109507,"Actual Loops":1,"Output":["customer.c_w_id","customer.c_nationkey","orders.o_w_id","order_line.ol_amount","order_line.ol_w_id","order_line.ol_i_id","nation.n_name","nation.n_nationkey"],"Inner Unique":false,"Hash Cond":"(customer.c_nationkey = nation.n_nationkey)","Shared Hit Blocks":570490,"Shared Read Blocks":0,"Shared Dirtied Blocks":0,"Shared Written Blocks":0,"Local Hit Blocks":0,"Local Read Blocks":0,"Local Dirtied Blocks":0,"Local Written Blocks":0,"Temp Read Blocks":117643,"Temp Written Blocks":117643,"I/O Read Time":0.0,"I/O Write Time":0.0,"Temp I/O Read Time":190.721,"Temp I/O Write Time":499.894,"Plans":[{"Node Type":"Hash Join","Parent Relationship":"Outer","Parallel Aware":false,"Async Capable":false,"Join Type":"Inner","Startup Cost":402036.52,"Total Cost":1602950.18,"Plan Rows":2975367,"Plan Width":18,"Actual Startup Time":1411.575,"Actual Total Time":12801.675,"Actual Rows":4284922,"Actual Loops":1,"Output":["customer.c_w_id","customer.c_nationkey","orders.o_w_id","order_line.ol_amount","order_line.ol_w_id","order_line.ol_i_id"],"Inner Unique":true,"Hash Cond":"((orders.o_c_id = customer.c_id) AND (orders.o_w_id = customer.c_w_id) AND (orders.o_d_id = customer.c_d_id))","Shared Hit Blocks":570488,"Shared Read Blocks":0,"Shared Dirtied Blocks":0,"Shared Written Blocks":0,"Local Hit Blocks":0,"Local Read Blocks":0,"Local Dirtied Blocks":0,"Local Written Blocks":0,"Temp Read Blocks":117643,"Temp Written Blocks":117643,"I/O Read Time":0.0,"I/O Write Time":0.0,"Temp I/O Read Time":190.721,"Temp I/O Write Time":499.894,"Plans":[{"Node Type":"Hash Join","Parent Relationship":"Outer","Parallel Aware":false,"Async Capable":false,"Join Type":"Inner","Startup Cost":75291.73,"Total Cost":1203258.36,"Plan Rows":2975367,"Plan Width":20,"Actual Startup Time":247.985,"Actual Total Time":9497.704,"Actual Rows":4284922,"Actual Loops":1,"Output":["orders.o_c_id","orders.o_w_id","orders.o_d_id","order_line.ol_amount","order_line.ol_w_id","order_line.ol_d_id","order_line.ol_i_id"],"Inner Unique":true,"Hash Cond":"((order_line.ol_w_id = orders.o_w_id) AND (order_line.ol_d_id = orders.o_d_id) AND (order_line.ol_o_id = orders.o_id))","Shared Hit Blocks":340884,"Shared Read Blocks":0,"Shared Dirtied Blocks":0,"Shared Written Blocks":0,"Local Hit Blocks":0,"Local Read Blocks":0,"Local Dirtied Blocks":0,"Local Written Blocks":0,"Temp Read Blocks":85996,"Temp Written Blocks":85996,"I/O Read Time":0.0,"I/O Write Time":0.0,"Temp I/O Read Time":139.725,"Temp I/O Write Time":349.055,"Plans":[{"Node Type":"Seq Scan","Parent Relationship":"Outer","Parallel Aware":false,"Async Capable":false,"Relation Name":"order_line","Schema":"public","Alias":"order_line","Startup Cost":0.0,"Total Cost":715856.4,"Plan Rows":20926367,"Plan Width":20,"Actual Startup Time":0.006,"Actual Total Time":3678.98,"Actual Rows":21002151,"Actual Loops":1,"Output":["order_line.ol_amount","order_line.ol_o_id","order_line.ol_w_id","order_line.ol_d_id","order_line.ol_i_id"],"Filter":"(order_line.ol_delivery_d >= '1992-01-02 20:10:02.27764'::timestamp without time zone)","Rows Removed by Filter":8995581,"Shared Hit Blocks":340884,"Shared Read Blocks":0,"Shared Dirtied Blocks":0,"Shared Written Blocks":0,"Local Hit Blocks":0,"Local Read Blocks":0,"Local Dirtied Blocks":0,"Local Written Blocks":0,"Temp Read Blocks":0,"Temp Written Blocks":0,"I/O Read Time":0.0,"I/O Write Time":0.0,"Temp I/O Read Time":0.0,"Temp I/O Write Time":0.0},{"Node Type":"Hash","Parent Relationship":"Inner","Parallel Aware":false,"Async Capable":false,"Startup Cost":65744.12,"Total Cost":65744.12,"Plan Rows":426549,"Plan Width":16,"Actual Startup Time":180.385,"Actual Total Time":180.393,"Actual Rows":428399,"Actual Loops":1,"Output":["orders.o_c_id","orders.o_w_id","orders.o_d_id","orders.o_id"],"Hash Buckets":262144,"Original Hash Buckets":262144,"Hash Batches":4,"Original Hash Batches":4,"Peak Memory Usage":7080,"Shared Hit Blocks":0,"Shared Read Blocks":0,"Shared Dirtied Blocks":0,"Shared Written Blocks":0,"Local Hit Blocks":0,"Local Read Blocks":0,"Local Dirtied Blocks":0,"Local Written Blocks":0,"Temp Read Blocks":0,"Temp Written Blocks":1410,"I/O Read Time":0.0,"I/O Write Time":0.0,"Temp I/O Read Time":0.0,"Temp I/O Write Time":5.962,"Plans":[{"Node Type":"Append","Parent Relationship":"Outer","Parallel Aware":false,"Async Capable":false,"Startup Cost":20.0,"Total Cost":65744.12,"Plan Rows":426549,"Plan Width":16,"Actual Startup Time":0.534,"Actual Total Time":102.749,"Actual Rows":428399,"Actual Loops":1,"Shared Hit Blocks":0,"Shared Read Blocks":0,"Shared Dirtied Blocks":0,"Shared Written Blocks":0,"Local Hit Blocks":0,"Local Read Blocks":0,"Local Dirtied Blocks":0,"Local Written Blocks":0,"Temp Read Blocks":0,"Temp Written Blocks":0,"I/O Read Time":0.0,"I/O Write Time":0.0,"Temp I/O Read Time":0.0,"Temp I/O Write Time":0.0,"Subplans Removed":0,"Plans":[{"Node Type":"Custom Scan","Parent Relationship":"Member","Custom Plan Provider":"columnar scan","Parallel Aware":false,"Async Capable":false,"Relation Name":"orders","Schema":"public","Alias":"orders","Startup Cost":20.0,"Total Cost":10043.96,"Plan Rows":426548,"Plan Width":16,"Actual Startup Time":0.533,"Actual Total Time":71.909,"Actual Rows":428399,"Actual Loops":1,"Output":["orders.o_c_id","orders.o_w_id","orders.o_d_id","orders.o_id"],"Filter":"((orders.o_entry_d < '1994-01-02 20:10:02.27764'::timestamp without time zone) AND (orders.o_entry_d >= '1993-01-02 20:10:02.27764'::timestamp without time zone))","Rows Removed by Filter":0,"Rows Removed by Columnar Filter":2571601,"Columnar cache search mode":"native","Shared Hit Blocks":0,"Shared Read Blocks":0,"Shared Dirtied Blocks":0,"Shared Written Blocks":0,"Local Hit Blocks":0,"Local Read Blocks":0,"Local Dirtied Blocks":0,"Local Written Blocks":0,"Temp Read Blocks":0,"Temp Written Blocks":0,"I/O Read Time":0.0,"I/O Write Time":0.0,"Temp I/O Read Time":0.0,"Temp I/O Write Time":0.0},{"Node Type":"Seq Scan","Parent Relationship":"Member","Parallel Aware":false,"Async Capable":false,"Relation Name":"orders","Schema":"public","Alias":"orders","Startup Cost":0.0,"Total Cost":4.01,"Plan Rows":1,"Plan Width":16,"Actual Startup Time":0.0,"Actual Total Time":0.0,"Actual Rows":0,"Actual Loops":0,"Output":["orders.o_c_id","orders.o_w_id","orders.o_d_id","orders.o_id"],"Filter":"((orders.o_entry_d < '1994-01-02 20:10:02.27764'::timestamp without time zone) AND (orders.o_entry_d >= '1993-01-02 20:10:02.27764'::timestamp without time zone))","Rows Removed by Filter":0,"Shared Hit Blocks":0,"Shared Read Blocks":0,"Shared Dirtied Blocks":0,"Shared Written Blocks":0,"Local Hit Blocks":0,"Local Read Blocks":0,"Local Dirtied Blocks":0,"Local Written Blocks":0,"Temp Read Blocks":0,"Temp Written Blocks":0,"I/O Read Time":0.0,"I/O Write Time":0.0,"Temp I/O Read Time":0.0,"Temp I/O Write Time":0.0}]}]}]},{"Node Type":"Hash","Parent Relationship":"Inner","Parallel Aware":false,"Async Capable":false,"Startup Cost":259601.38,"Total Cost":259601.38,"Plan Rows":2999738,"Plan Width":12,"Actual Startup Time":1161.076,"Actual Total Time":1161.077,"Actual Rows":3000000,"Actual Loops":1,"Output":["customer.c_id","customer.c_w_id","customer.c_d_id","customer.c_nationkey"],"Hash Buckets":262144,"Original Hash Buckets":262144,"Hash Batches":32,"Original Hash Batches":32,"Peak Memory Usage":6090,"Shared Hit Blocks":229604,"Shared Read Blocks":0,"Shared Dirtied Blocks":0,"Shared Written Blocks":0,"Local Hit Blocks":0,"Local Read Blocks":0,"Local Dirtied Blocks":0,"Local Written Blocks":0,"Temp Read Blocks":0,"Temp Written Blocks":11335,"I/O Read Time":0.0,"I/O Write Time":0.0,"Temp I/O Read Time":0.0,"Temp I/O Write Time":55.373,"Plans":[{"Node Type":"Seq Scan","Parent Relationship":"Outer","Parallel Aware":false,"Async Capable":false,"Relation Name":"customer","Schema":"public","Alias":"customer","Startup Cost":0.0,"Total Cost":259601.38,"Plan Rows":2999738,"Plan Width":12,"Actual Startup Time":0.008,"Actual Total Time":654.506,"Actual Rows":3000000,"Actual Loops":1,"Output":["customer.c_id","customer.c_w_id","customer.c_d_id","customer.c_nationkey"],"Shared Hit Blocks":229604,"Shared Read Blocks":0,"Shared Dirtied Blocks":0,"Shared Written Blocks":0,"Local Hit Blocks":0,"Local Read Blocks":0,"Local Dirtied Blocks":0,"Local Written Blocks":0,"Temp Read Blocks":0,"Temp Written Blocks":0,"I/O Read Time":0.0,"I/O Write Time":0.0,"Temp I/O Read Time":0.0,"Temp I/O Write Time":0.0}]}]},{"Node Type":"Hash","Parent Relationship":"Inner","Parallel Aware":false,"Async Capable":false,"Startup Cost":2.99,"Total Cost":2.99,"Plan Rows":12,"Plan Width":12,"Actual Startup Time":0.045,"Actual Total Time":0.049,"Actual Rows":22,"Actual Loops":1,"Output":["nation.n_name","nation.n_nationkey"],"Hash Buckets":1024,"Original Hash Buckets":1024,"Hash Batches":1,"Original Hash Batches":1,"Peak Memory Usage":9,"Shared Hit Blocks":2,"Shared Read Blocks":0,"Shared Dirtied Blocks":0,"Shared Written Blocks":0,"Local Hit Blocks":0,"Local Read Blocks":0,"Local Dirtied Blocks":0,"Local Written Blocks":0,"Temp Read Blocks":0,"Temp Written Blocks":0,"I/O Read Time":0.0,"I/O Write Time":0.0,"Temp I/O Read Time":0.0,"Temp I/O Write Time":0.0,"Plans":[{"Node Type":"Hash Join","Parent Relationship":"Outer","Parallel Aware":false,"Async Capable":false,"Join Type":"Inner","Startup Cost":1.07,"Total Cost":2.99,"Plan Rows":12,"Plan Width":12,"Actual Startup Time":0.027,"Actual Total Time":0.043,"Actual Rows":22,"Actual Loops":1,"Output":["nation.n_name","nation.n_nationkey"],"Inner Unique":true,"Hash Cond":"(nation.n_regionkey = region.r_regionkey)","Shared Hit Blocks":2,"Shared Read Blocks":0,"Shared Dirtied Blocks":0,"Shared Written Blocks":0,"Local Hit Blocks":0,"Local Read Blocks":0,"Local Dirtied Blocks":0,"Local Written Blocks":0,"Temp Read Blocks":0,"Temp Written Blocks":0,"I/O Read Time":0.0,"I/O Write Time":0.0,"Temp I/O Read Time":0.0,"Temp I/O Write Time":0.0,"Plans":[{"Node Type":"Seq Scan","Parent Relationship":"Outer","Parallel Aware":false,"Async Capable":false,"Relation Name":"nation","Schema":"public","Alias":"nation","Startup Cost":0.0,"Total Cost":1.62,"Plan Rows":62,"Plan Width":16,"Actual Startup Time":0.007,"Actual Total Time":0.011,"Actual Rows":62,"Actual Loops":1,"Output":["nation.n_nationkey","nation.n_name","nation.n_regionkey","nation.n_comment"],"Shared Hit Blocks":1,"Shared Read Blocks":0,"Shared Dirtied Blocks":0,"Shared Written Blocks":0,"Local Hit Blocks":0,"Local Read Blocks":0,"Local Dirtied Blocks":0,"Local Written Blocks":0,"Temp Read Blocks":0,"Temp Written Blocks":0,"I/O Read Time":0.0,"I/O Write Time":0.0,"Temp I/O Read Time":0.0,"Temp I/O Write Time":0.0},{"Node Type":"Hash","Parent Relationship":"Inner","Parallel Aware":false,"Async Capable":false,"Startup Cost":1.06,"Total Cost":1.06,"Plan Rows":1,"Plan Width":4,"Actual Startup Time":0.008,"Actual Total Time":0.009,"Actual Rows":1,"Actual Loops":1,"Output":["region.r_regionkey"],"Hash Buckets":1024,"Original Hash Buckets":1024,"Hash Batches":1,"Original Hash Batches":1,"Peak Memory Usage":9,"Shared Hit Blocks":1,"Shared Read Blocks":0,"Shared Dirtied Blocks":0,"Shared Written Blocks":0,"Local Hit Blocks":0,"Local Read Blocks":0,"Local Dirtied Blocks":0,"Local Written Blocks":0,"Temp Read Blocks":0,"Temp Written Blocks":0,"I/O Read Time":0.0,"I/O Write Time":0.0,"Temp I/O Read Time":0.0,"Temp I/O Write Time":0.0,"Plans":[{"Node Type":"Seq Scan","Parent Relationship":"Outer","Parallel Aware":false,"Async Capable":false,"Relation Name":"region","Schema":"public","Alias":"region","Startup Cost":0.0,"Total Cost":1.06,"Plan Rows":1,"Plan Width":4,"Actual Startup Time":0.006,"Actual Total Time":0.007,"Actual Rows":1,"Actual Loops":1,"Output":["region.r_regionkey"],"Filter":"((region.r_name)::text = 'Europe'::text)","Rows Removed by Filter":4,"Shared Hit Blocks":1,"Shared Read Blocks":0,"Shared Dirtied Blocks":0,"Shared Written Blocks":0,"Local Hit Blocks":0,"Local Read Blocks":0,"Local Dirtied Blocks":0,"Local Written Blocks":0,"Temp Read Blocks":0,"Temp Written Blocks":0,"I/O Read Time":0.0,"I/O Write Time":0.0,"Temp I/O Read Time":0.0,"Temp I/O Write Time":0.0}]}]}]}]}]},{"Node Type":"Index Only Scan","Parent Relationship":"Inner","Parallel Aware":false,"Async Capable":false,"Scan Direction":"Forward","Index Name":"stock_pk","Relation Name":"stock","Schema":"public","Alias":"stock","Startup Cost":0.43,"Total Cost":259690.86,"Plan Rows":10000162,"Plan Width":6,"Actual Startup Time":0.047,"Actual Total Time":721.911,"Actual Rows":9999996,"Actual Loops":1,"Output":["stock.s_w_id","stock.s_i_id"],"Heap Fetches":0,"Shared Hit Blocks":27338,"Shared Read Blocks":0,"Shared Dirtied Blocks":0,"Shared Written Blocks":0,"Local Hit Blocks":0,"Local Read Blocks":0,"Local Dirtied Blocks":0,"Local Written Blocks":0,"Temp Read Blocks":0,"Temp Written Blocks":0,"I/O Read Time":0.0,"I/O Write Time":0.0,"Temp I/O Read Time":0.0,"Temp I/O Write Time":0.0}]},{"Node Type":"Hash","Parent Relationship":"Inner","Parallel Aware":false,"Async Capable":false,"Startup Cost":317.0,"Total Cost":317.0,"Plan Rows":10000,"Plan Width":8,"Actual Startup Time":2.673,"Actual Total Time":2.674,"Actual Rows":10000,"Actual Loops":1,"Output":["supplier.su_suppkey","supplier.su_nationkey"],"Hash Buckets":16384,"Original Hash Buckets":16384,"Hash Batches":1,"Original Hash Batches":1,"Peak Memory Usage":519,"Shared Hit Blocks":217,"Shared Read Blocks":0,"Shared Dirtied Blocks":0,"Shared Written Blocks":0,"Local Hit Blocks":0,"Local Read Blocks":0,"Local Dirtied Blocks":0,"Local Written Blocks":0,"Temp Read Blocks":0,"Temp Written Blocks":0,"I/O Read Time":0.0,"I/O Write Time":0.0,"Temp I/O Read Time":0.0,"Temp I/O Write Time":0.0,"Plans":[{"Node Type":"Seq Scan","Parent Relationship":"Outer","Parallel Aware":false,"Async Capable":false,"Relation Name":"supplier","Schema":"public","Alias":"supplier","Startup Cost":0.0,"Total Cost":317.0,"Plan Rows":10000,"Plan Width":8,"Actual Startup Time":0.011,"Actual Total Time":1.337,"Actual Rows":10000,"Actual Loops":1,"Output":["supplier.su_suppkey","supplier.su_nationkey"],"Shared Hit Blocks":217,"Shared Read Blocks":0,"Shared Dirtied Blocks":0,"Shared Written Blocks":0,"Local Hit Blocks":0,"Local Read Blocks":0,"Local Dirtied Blocks":0,"Local Written Blocks":0,"Temp Read Blocks":0,"Temp Written Blocks":0,"I/O Read Time":0.0,"I/O Write Time":0.0,"Temp I/O Read Time":0.0,"Temp I/O Write Time":0.0}]}]}]}]}]},"Planning":{"Shared Hit Blocks":16,"Shared Read Blocks":0,"Shared Dirtied Blocks":0,"Shared Written Blocks":0,"Local Hit Blocks":0,"Local Read Blocks":0,"Local Dirtied Blocks":0,"Local Written Blocks":0,"Temp Read Blocks":0,"Temp Written Blocks":0,"I/O Read Time":0.0,"I/O Write Time":0.0,"Temp I/O Read Time":0.0,"Temp I/O Write Time":0.0},"Planning Time":5.034,"Triggers":[],"Execution Time":16515.058}]
[列存组合]: orders, supplier
[{"Plan":{"Node Type":"Sort","Parallel Aware":false,"Async Capable":false,"Startup Cost":2015771.79,"Total Cost":2015771.95,"Plan Rows":62,"Plan Width":40,"Actual Startup Time":16477.716,"Actual Total Time":16477.745,"Actual Rows":11,"Actual Loops":1,"Output":["nation.n_name","(sum(order_line.ol_amount))"],"Sort Key":["(sum(order_line.ol_amount)) DESC"],"Sort Method":"quicksort","Sort Space Used":25,"Sort Space Type":"Memory","Shared Hit Blocks":597828,"Shared Read Blocks":0,"Shared Dirtied Blocks":0,"Shared Written Blocks":0,"Local Hit Blocks":0,"Local Read Blocks":0,"Local Dirtied Blocks":0,"Local Written Blocks":0,"Temp Read Blocks":129460,"Temp Written Blocks":129487,"I/O Read Time":0.0,"I/O Write Time":0.0,"Temp I/O Read Time":207.142,"Temp I/O Write Time":522.475,"Plans":[{"Node Type":"Aggregate","Strategy":"Sorted","Partial Mode":"Simple","Parent Relationship":"Outer","Parallel Aware":false,"Async Capable":false,"Startup Cost":2015696.01,"Total Cost":2015769.95,"Plan Rows":62,"Plan Width":40,"Actual Startup Time":16474.287,"Actual Total Time":16477.73,"Actual Rows":11,"Actual Loops":1,"Output":["nation.n_name","sum(order_line.ol_amount)"],"Group Key":["nation.n_name"],"Shared Hit Blocks":597828,"Shared Read Blocks":0,"Shared Dirtied Blocks":0,"Shared Written Blocks":0,"Local Hit Blocks":0,"Local Read Blocks":0,"Local Dirtied Blocks":0,"Local Written Blocks":0,"Temp Read Blocks":129460,"Temp Written Blocks":129487,"I/O Read Time":0.0,"I/O Write Time":0.0,"Temp I/O Read Time":207.142,"Temp I/O Write Time":522.475,"Plans":[{"Node Type":"Sort","Parent Relationship":"Outer","Parallel Aware":false,"Async Capable":false,"Startup Cost":2015696.01,"Total Cost":2015720.4,"Plan Rows":9755,"Plan Width":12,"Actual Startup Time":16474.034,"Actual Total Time":16474.907,"Actual Rows":17493,"Actual Loops":1,"Output":["nation.n_name","order_line.ol_amount"],"Sort Key":["nation.n_name"],"Sort Method":"quicksort","Sort Space Used":1725,"Sort Space Type":"Memory","Shared Hit Blocks":597828,"Shared Read Blocks":0,"Shared Dirtied Blocks":0,"Shared Written Blocks":0,"Local Hit Blocks":0,"Local Read Blocks":0,"Local Dirtied Blocks":0,"Local Written Blocks":0,"Temp Read Blocks":129460,"Temp Written Blocks":129487,"I/O Read Time":0.0,"I/O Write Time":0.0,"Temp I/O Read Time":207.142,"Temp I/O Write Time":522.475,"Plans":[{"Node Type":"Hash Join","Parent Relationship":"Outer","Parallel Aware":false,"Async Capable":false,"Join Type":"Inner","Startup Cost":1691552.74,"Total Cost":2015049.65,"Plan Rows":9755,"Plan Width":12,"Actual Startup Time":14601.793,"Actual Total Time":16465.112,"Actual Rows":17493,"Actual Loops":1,"Output":["nation.n_name","order_line.ol_amount"],"Inner Unique":true,"Hash Cond":"((mod((stock.s_w_id * stock.s_i_id), 10000) = supplier.su_suppkey) AND (customer.c_nationkey = supplier.su_nationkey))","Shared Hit Blocks":597828,"Shared Read Blocks":0,"Shared Dirtied Blocks":0,"Shared Written Blocks":0,"Local Hit Blocks":0,"Local Read Blocks":0,"Local Dirtied Blocks":0,"Local Written Blocks":0,"Temp Read Blocks":129460,"Temp Written Blocks":129487,"I/O Read Time":0.0,"I/O Write Time":0.0,"Temp I/O Read Time":207.142,"Temp I/O Write Time":522.475,"Plans":[{"Node Type":"Merge Join","Parent Relationship":"Outer","Parallel Aware":false,"Async Capable":false,"Join Type":"Inner","Startup Cost":1691183.71,"Total Cost":2011365.49,"Plan Rows":602749,"Plan Width":26,"Actual Startup Time":14598.276,"Actual Total Time":16321.938,"Actual Rows":1109507,"Actual Loops":1,"Output":["customer.c_nationkey","order_line.ol_amount","stock.s_w_id","stock.s_i_id","nation.n_name","nation.n_nationkey"],"Inner Unique":true,"Merge Cond":"((customer.c_w_id = stock.s_w_id) AND (order_line.ol_i_id = stock.s_i_id))","Shared Hit Blocks":597828,"Shared Read Blocks":0,"Shared Dirtied Blocks":0,"Shared Written Blocks":0,"Local Hit Blocks":0,"Local Read Blocks":0,"Local Dirtied Blocks":0,"Local Written Blocks":0,"Temp Read Blocks":129460,"Temp Written Blocks":129487,"I/O Read Time":0.0,"I/O Write Time":0.0,"Temp I/O Read Time":207.142,"Temp I/O Write Time":522.475,"Plans":[{"Node Type":"Sort","Parent Relationship":"Outer","Parallel Aware":false,"Async Capable":false,"Startup Cost":1691183.28,"Total Cost":1692670.96,"Plan Rows":595073,"Plan Width":30,"Actual Startup Time":14598.216,"Actual Total Time":14779.337,"Actual Rows":1109507,"Actual Loops":1,"Output":["customer.c_w_id","customer.c_nationkey","orders.o_w_id","order_line.ol_amount","order_line.ol_w_id","order_line.ol_i_id","nation.n_name","nation.n_nationkey"],"Sort Key":["customer.c_w_id","order_line.ol_i_id"],"Sort Method":"external merge","Sort Space Used":47304,"Sort Space Type":"Disk","Shared Hit Blocks":570490,"Shared Read Blocks":0,"Shared Dirtied Blocks":0,"Shared Written Blocks":0,"Local Hit Blocks":0,"Local Read Blocks":0,"Local Dirtied Blocks":0,"Local Written Blocks":0,"Temp Read Blocks":129460,"Temp Written Blocks":129487,"I/O Read Time":0.0,"I/O Write Time":0.0,"Temp I/O Read Time":207.142,"Temp I/O Write Time":522.475,"Plans":[{"Node Type":"Hash Join","Parent Relationship":"Outer","Parallel Aware":false,"Async Capable":false,"Join Type":"Inner","Startup Cost":402039.66,"Total Cost":1619869.72,"Plan Rows":595073,"Plan Width":30,"Actual Startup Time":1417.402,"Actual Total Time":13212.055,"Actual Rows":1109507,"Actual Loops":1,"Output":["customer.c_w_id","customer.c_nationkey","orders.o_w_id","order_line.ol_amount","order_line.ol_w_id","order_line.ol_i_id","nation.n_name","nation.n_nationkey"],"Inner Unique":false,"Hash Cond":"(customer.c_nationkey = nation.n_nationkey)","Shared Hit Blocks":570490,"Shared Read Blocks":0,"Shared Dirtied Blocks":0,"Shared Written Blocks":0,"Local Hit Blocks":0,"Local Read Blocks":0,"Local Dirtied Blocks":0,"Local Written Blocks":0,"Temp Read Blocks":117643,"Temp Written Blocks":117643,"I/O Read Time":0.0,"I/O Write Time":0.0,"Temp I/O Read Time":188.771,"Temp I/O Write Time":490.794,"Plans":[{"Node Type":"Hash Join","Parent Relationship":"Outer","Parallel Aware":false,"Async Capable":false,"Join Type":"Inner","Startup Cost":402036.52,"Total Cost":1602950.18,"Plan Rows":2975367,"Plan Width":18,"Actual Startup Time":1407.933,"Actual Total Time":12784.029,"Actual Rows":4284922,"Actual Loops":1,"Output":["customer.c_w_id","customer.c_nationkey","orders.o_w_id","order_line.ol_amount","order_line.ol_w_id","order_line.ol_i_id"],"Inner Unique":true,"Hash Cond":"((orders.o_c_id = customer.c_id) AND (orders.o_w_id = customer.c_w_id) AND (orders.o_d_id = customer.c_d_id))","Shared Hit Blocks":570488,"Shared Read Blocks":0,"Shared Dirtied Blocks":0,"Shared Written Blocks":0,"Local Hit Blocks":0,"Local Read Blocks":0,"Local Dirtied Blocks":0,"Local Written Blocks":0,"Temp Read Blocks":117643,"Temp Written Blocks":117643,"I/O Read Time":0.0,"I/O Write Time":0.0,"Temp I/O Read Time":188.771,"Temp I/O Write Time":490.794,"Plans":[{"Node Type":"Hash Join","Parent Relationship":"Outer","Parallel Aware":false,"Async Capable":false,"Join Type":"Inner","Startup Cost":75291.73,"Total Cost":1203258.36,"Plan Rows":2975367,"Plan Width":20,"Actual Startup Time":245.246,"Actual Total Time":9482.442,"Actual Rows":4284922,"Actual Loops":1,"Output":["orders.o_c_id","orders.o_w_id","orders.o_d_id","order_line.ol_amount","order_line.ol_w_id","order_line.ol_d_id","order_line.ol_i_id"],"Inner Unique":true,"Hash Cond":"((order_line.ol_w_id = orders.o_w_id) AND (order_line.ol_d_id = orders.o_d_id) AND (order_line.ol_o_id = orders.o_id))","Shared Hit Blocks":340884,"Shared Read Blocks":0,"Shared Dirtied Blocks":0,"Shared Written Blocks":0,"Local Hit Blocks":0,"Local Read Blocks":0,"Local Dirtied Blocks":0,"Local Written Blocks":0,"Temp Read Blocks":85996,"Temp Written Blocks":85996,"I/O Read Time":0.0,"I/O Write Time":0.0,"Temp I/O Read Time":137.734,"Temp I/O Write Time":343.276,"Plans":[{"Node Type":"Seq Scan","Parent Relationship":"Outer","Parallel Aware":false,"Async Capable":false,"Relation Name":"order_line","Schema":"public","Alias":"order_line","Startup Cost":0.0,"Total Cost":715856.4,"Plan Rows":20926367,"Plan Width":20,"Actual Startup Time":0.006,"Actual Total Time":3671.374,"Actual Rows":21002151,"Actual Loops":1,"Output":["order_line.ol_amount","order_line.ol_o_id","order_line.ol_w_id","order_line.ol_d_id","order_line.ol_i_id"],"Filter":"(order_line.ol_delivery_d >= '1992-01-02 20:10:02.27764'::timestamp without time zone)","Rows Removed by Filter":8995581,"Shared Hit Blocks":340884,"Shared Read Blocks":0,"Shared Dirtied Blocks":0,"Shared Written Blocks":0,"Local Hit Blocks":0,"Local Read Blocks":0,"Local Dirtied Blocks":0,"Local Written Blocks":0,"Temp Read Blocks":0,"Temp Written Blocks":0,"I/O Read Time":0.0,"I/O Write Time":0.0,"Temp I/O Read Time":0.0,"Temp I/O Write Time":0.0},{"Node Type":"Hash","Parent Relationship":"Inner","Parallel Aware":false,"Async Capable":false,"Startup Cost":65744.12,"Total Cost":65744.12,"Plan Rows":426549,"Plan Width":16,"Actual Startup Time":177.772,"Actual Total Time":177.781,"Actual Rows":428399,"Actual Loops":1,"Output":["orders.o_c_id","orders.o_w_id","orders.o_d_id","orders.o_id"],"Hash Buckets":262144,"Original Hash Buckets":262144,"Hash Batches":4,"Original Hash Batches":4,"Peak Memory Usage":7080,"Shared Hit Blocks":0,"Shared Read Blocks":0,"Shared Dirtied Blocks":0,"Shared Written Blocks":0,"Local Hit Blocks":0,"Local Read Blocks":0,"Local Dirtied Blocks":0,"Local Written Blocks":0,"Temp Read Blocks":0,"Temp Written Blocks":1410,"I/O Read Time":0.0,"I/O Write Time":0.0,"Temp I/O Read Time":0.0,"Temp I/O Write Time":5.595,"Plans":[{"Node Type":"Append","Parent Relationship":"Outer","Parallel Aware":false,"Async Capable":false,"Startup Cost":20.0,"Total Cost":65744.12,"Plan Rows":426549,"Plan Width":16,"Actual Startup Time":0.523,"Actual Total Time":102.299,"Actual Rows":428399,"Actual Loops":1,"Shared Hit Blocks":0,"Shared Read Blocks":0,"Shared Dirtied Blocks":0,"Shared Written Blocks":0,"Local Hit Blocks":0,"Local Read Blocks":0,"Local Dirtied Blocks":0,"Local Written Blocks":0,"Temp Read Blocks":0,"Temp Written Blocks":0,"I/O Read Time":0.0,"I/O Write Time":0.0,"Temp I/O Read Time":0.0,"Temp I/O Write Time":0.0,"Subplans Removed":0,"Plans":[{"Node Type":"Custom Scan","Parent Relationship":"Member","Custom Plan Provider":"columnar scan","Parallel Aware":false,"Async Capable":false,"Relation Name":"orders","Schema":"public","Alias":"orders","Startup Cost":20.0,"Total Cost":10043.96,"Plan Rows":426548,"Plan Width":16,"Actual Startup Time":0.522,"Actual Total Time":71.797,"Actual Rows":428399,"Actual Loops":1,"Output":["orders.o_c_id","orders.o_w_id","orders.o_d_id","orders.o_id"],"Filter":"((orders.o_entry_d < '1994-01-02 20:10:02.27764'::timestamp without time zone) AND (orders.o_entry_d >= '1993-01-02 20:10:02.27764'::timestamp without time zone))","Rows Removed by Filter":0,"Rows Removed by Columnar Filter":2571601,"Columnar cache search mode":"native","Shared Hit Blocks":0,"Shared Read Blocks":0,"Shared Dirtied Blocks":0,"Shared Written Blocks":0,"Local Hit Blocks":0,"Local Read Blocks":0,"Local Dirtied Blocks":0,"Local Written Blocks":0,"Temp Read Blocks":0,"Temp Written Blocks":0,"I/O Read Time":0.0,"I/O Write Time":0.0,"Temp I/O Read Time":0.0,"Temp I/O Write Time":0.0},{"Node Type":"Seq Scan","Parent Relationship":"Member","Parallel Aware":false,"Async Capable":false,"Relation Name":"orders","Schema":"public","Alias":"orders","Startup Cost":0.0,"Total Cost":4.01,"Plan Rows":1,"Plan Width":16,"Actual Startup Time":0.0,"Actual Total Time":0.0,"Actual Rows":0,"Actual Loops":0,"Output":["orders.o_c_id","orders.o_w_id","orders.o_d_id","orders.o_id"],"Filter":"((orders.o_entry_d < '1994-01-02 20:10:02.27764'::timestamp without time zone) AND (orders.o_entry_d >= '1993-01-02 20:10:02.27764'::timestamp without time zone))","Rows Removed by Filter":0,"Shared Hit Blocks":0,"Shared Read Blocks":0,"Shared Dirtied Blocks":0,"Shared Written Blocks":0,"Local Hit Blocks":0,"Local Read Blocks":0,"Local Dirtied Blocks":0,"Local Written Blocks":0,"Temp Read Blocks":0,"Temp Written Blocks":0,"I/O Read Time":0.0,"I/O Write Time":0.0,"Temp I/O Read Time":0.0,"Temp I/O Write Time":0.0}]}]}]},{"Node Type":"Hash","Parent Relationship":"Inner","Parallel Aware":false,"Async Capable":false,"Startup Cost":259601.38,"Total Cost":259601.38,"Plan Rows":2999738,"Plan Width":12,"Actual Startup Time":1160.376,"Actual Total Time":1160.378,"Actual Rows":3000000,"Actual Loops":1,"Output":["customer.c_id","customer.c_w_id","customer.c_d_id","customer.c_nationkey"],"Hash Buckets":262144,"Original Hash Buckets":262144,"Hash Batches":32,"Original Hash Batches":32,"Peak Memory Usage":6090,"Shared Hit Blocks":229604,"Shared Read Blocks":0,"Shared Dirtied Blocks":0,"Shared Written Blocks":0,"Local Hit Blocks":0,"Local Read Blocks":0,"Local Dirtied Blocks":0,"Local Written Blocks":0,"Temp Read Blocks":0,"Temp Written Blocks":11335,"I/O Read Time":0.0,"I/O Write Time":0.0,"Temp I/O Read Time":0.0,"Temp I/O Write Time":53.081,"Plans":[{"Node Type":"Seq Scan","Parent Relationship":"Outer","Parallel Aware":false,"Async Capable":false,"Relation Name":"customer","Schema":"public","Alias":"customer","Startup Cost":0.0,"Total Cost":259601.38,"Plan Rows":2999738,"Plan Width":12,"Actual Startup Time":0.009,"Actual Total Time":656.77,"Actual Rows":3000000,"Actual Loops":1,"Output":["customer.c_id","customer.c_w_id","customer.c_d_id","customer.c_nationkey"],"Shared Hit Blocks":229604,"Shared Read Blocks":0,"Shared Dirtied Blocks":0,"Shared Written Blocks":0,"Local Hit Blocks":0,"Local Read Blocks":0,"Local Dirtied Blocks":0,"Local Written Blocks":0,"Temp Read Blocks":0,"Temp Written Blocks":0,"I/O Read Time":0.0,"I/O Write Time":0.0,"Temp I/O Read Time":0.0,"Temp I/O Write Time":0.0}]}]},{"Node Type":"Hash","Parent Relationship":"Inner","Parallel Aware":false,"Async Capable":false,"Startup Cost":2.99,"Total Cost":2.99,"Plan Rows":12,"Plan Width":12,"Actual Startup Time":0.041,"Actual Total Time":0.047,"Actual Rows":22,"Actual Loops":1,"Output":["nation.n_name","nation.n_nationkey"],"Hash Buckets":1024,"Original Hash Buckets":1024,"Hash Batches":1,"Original Hash Batches":1,"Peak Memory Usage":9,"Shared Hit Blocks":2,"Shared Read Blocks":0,"Shared Dirtied Blocks":0,"Shared Written Blocks":0,"Local Hit Blocks":0,"Local Read Blocks":0,"Local Dirtied Blocks":0,"Local Written Blocks":0,"Temp Read Blocks":0,"Temp Written Blocks":0,"I/O Read Time":0.0,"I/O Write Time":0.0,"Temp I/O Read Time":0.0,"Temp I/O Write Time":0.0,"Plans":[{"Node Type":"Hash Join","Parent Relationship":"Outer","Parallel Aware":false,"Async Capable":false,"Join Type":"Inner","Startup Cost":1.07,"Total Cost":2.99,"Plan Rows":12,"Plan Width":12,"Actual Startup Time":0.025,"Actual Total Time":0.041,"Actual Rows":22,"Actual Loops":1,"Output":["nation.n_name","nation.n_nationkey"],"Inner Unique":true,"Hash Cond":"(nation.n_regionkey = region.r_regionkey)","Shared Hit Blocks":2,"Shared Read Blocks":0,"Shared Dirtied Blocks":0,"Shared Written Blocks":0,"Local Hit Blocks":0,"Local Read Blocks":0,"Local Dirtied Blocks":0,"Local Written Blocks":0,"Temp Read Blocks":0,"Temp Written Blocks":0,"I/O Read Time":0.0,"I/O Write Time":0.0,"Temp I/O Read Time":0.0,"Temp I/O Write Time":0.0,"Plans":[{"Node Type":"Seq Scan","Parent Relationship":"Outer","Parallel Aware":false,"Async Capable":false,"Relation Name":"nation","Schema":"public","Alias":"nation","Startup Cost":0.0,"Total Cost":1.62,"Plan Rows":62,"Plan Width":16,"Actual Startup Time":0.007,"Actual Total Time":0.011,"Actual Rows":62,"Actual Loops":1,"Output":["nation.n_nationkey","nation.n_name","nation.n_regionkey","nation.n_comment"],"Shared Hit Blocks":1,"Shared Read Blocks":0,"Shared Dirtied Blocks":0,"Shared Written Blocks":0,"Local Hit Blocks":0,"Local Read Blocks":0,"Local Dirtied Blocks":0,"Local Written Blocks":0,"Temp Read Blocks":0,"Temp Written Blocks":0,"I/O Read Time":0.0,"I/O Write Time":0.0,"Temp I/O Read Time":0.0,"Temp I/O Write Time":0.0},{"Node Type":"Hash","Parent Relationship":"Inner","Parallel Aware":false,"Async Capable":false,"Startup Cost":1.06,"Total Cost":1.06,"Plan Rows":1,"Plan Width":4,"Actual Startup Time":0.008,"Actual Total Time":0.01,"Actual Rows":1,"Actual Loops":1,"Output":["region.r_regionkey"],"Hash Buckets":1024,"Original Hash Buckets":1024,"Hash Batches":1,"Original Hash Batches":1,"Peak Memory Usage":9,"Shared Hit Blocks":1,"Shared Read Blocks":0,"Shared Dirtied Blocks":0,"Shared Written Blocks":0,"Local Hit Blocks":0,"Local Read Blocks":0,"Local Dirtied Blocks":0,"Local Written Blocks":0,"Temp Read Blocks":0,"Temp Written Blocks":0,"I/O Read Time":0.0,"I/O Write Time":0.0,"Temp I/O Read Time":0.0,"Temp I/O Write Time":0.0,"Plans":[{"Node Type":"Seq Scan","Parent Relationship":"Outer","Parallel Aware":false,"Async Capable":false,"Relation Name":"region","Schema":"public","Alias":"region","Startup Cost":0.0,"Total Cost":1.06,"Plan Rows":1,"Plan Width":4,"Actual Startup Time":0.006,"Actual Total Time":0.007,"Actual Rows":1,"Actual Loops":1,"Output":["region.r_regionkey"],"Filter":"((region.r_name)::text = 'Europe'::text)","Rows Removed by Filter":4,"Shared Hit Blocks":1,"Shared Read Blocks":0,"Shared Dirtied Blocks":0,"Shared Written Blocks":0,"Local Hit Blocks":0,"Local Read Blocks":0,"Local Dirtied Blocks":0,"Local Written Blocks":0,"Temp Read Blocks":0,"Temp Written Blocks":0,"I/O Read Time":0.0,"I/O Write Time":0.0,"Temp I/O Read Time":0.0,"Temp I/O Write Time":0.0}]}]}]}]}]},{"Node Type":"Index Only Scan","Parent Relationship":"Inner","Parallel Aware":false,"Async Capable":false,"Scan Direction":"Forward","Index Name":"stock_pk","Relation Name":"stock","Schema":"public","Alias":"stock","Startup Cost":0.43,"Total Cost":259690.86,"Plan Rows":10000162,"Plan Width":6,"Actual Startup Time":0.046,"Actual Total Time":723.886,"Actual Rows":9999996,"Actual Loops":1,"Output":["stock.s_w_id","stock.s_i_id"],"Heap Fetches":0,"Shared Hit Blocks":27338,"Shared Read Blocks":0,"Shared Dirtied Blocks":0,"Shared Written Blocks":0,"Local Hit Blocks":0,"Local Read Blocks":0,"Local Dirtied Blocks":0,"Local Written Blocks":0,"Temp Read Blocks":0,"Temp Written Blocks":0,"I/O Read Time":0.0,"I/O Write Time":0.0,"Temp I/O Read Time":0.0,"Temp I/O Write Time":0.0}]},{"Node Type":"Hash","Parent Relationship":"Inner","Parallel Aware":false,"Async Capable":false,"Startup Cost":219.01,"Total Cost":219.01,"Plan Rows":10001,"Plan Width":8,"Actual Startup Time":3.095,"Actual Total Time":3.097,"Actual Rows":10000,"Actual Loops":1,"Output":["supplier.su_suppkey","supplier.su_nationkey"],"Hash Buckets":16384,"Original Hash Buckets":16384,"Hash Batches":1,"Original Hash Batches":1,"Peak Memory Usage":519,"Shared Hit Blocks":0,"Shared Read Blocks":0,"Shared Dirtied Blocks":0,"Shared Written Blocks":0,"Local Hit Blocks":0,"Local Read Blocks":0,"Local Dirtied Blocks":0,"Local Written Blocks":0,"Temp Read Blocks":0,"Temp Written Blocks":0,"I/O Read Time":0.0,"I/O Write Time":0.0,"Temp I/O Read Time":0.0,"Temp I/O Write Time":0.0,"Plans":[{"Node Type":"Append","Parent Relationship":"Outer","Parallel Aware":false,"Async Capable":false,"Startup Cost":20.0,"Total Cost":219.01,"Plan Rows":10001,"Plan Width":8,"Actual Startup Time":0.013,"Actual Total Time":1.81,"Actual Rows":10000,"Actual Loops":1,"Shared Hit Blocks":0,"Shared Read Blocks":0,"Shared Dirtied Blocks":0,"Shared Written Blocks":0,"Local Hit Blocks":0,"Local Read Blocks":0,"Local Dirtied Blocks":0,"Local Written Blocks":0,"Temp Read Blocks":0,"Temp Written Blocks":0,"I/O Read Time":0.0,"I/O Write Time":0.0,"Temp I/O Read Time":0.0,"Temp I/O Write Time":0.0,"Subplans Removed":0,"Plans":[{"Node Type":"Custom Scan","Parent Relationship":"Member","Custom Plan Provider":"columnar scan","Parallel Aware":false,"Async Capable":false,"Relation Name":"supplier","Schema":"public","Alias":"supplier","Startup Cost":20.0,"Total Cost":215.0,"Plan Rows":10000,"Plan Width":8,"Actual Startup Time":0.011,"Actual Total Time":1.072,"Actual Rows":10000,"Actual Loops":1,"Output":["supplier.su_suppkey","supplier.su_nationkey"],"Rows Removed by Columnar Filter":0,"Columnar cache search mode":"native","Shared Hit Blocks":0,"Shared Read Blocks":0,"Shared Dirtied Blocks":0,"Shared Written Blocks":0,"Local Hit Blocks":0,"Local Read Blocks":0,"Local Dirtied Blocks":0,"Local Written Blocks":0,"Temp Read Blocks":0,"Temp Written Blocks":0,"I/O Read Time":0.0,"I/O Write Time":0.0,"Temp I/O Read Time":0.0,"Temp I/O Write Time":0.0},{"Node Type":"Seq Scan","Parent Relationship":"Member","Parallel Aware":false,"Async Capable":false,"Relation Name":"supplier","Schema":"public","Alias":"supplier","Startup Cost":0.0,"Total Cost":4.01,"Plan Rows":1,"Plan Width":8,"Actual Startup Time":0.0,"Actual Total Time":0.0,"Actual Rows":0,"Actual Loops":0,"Output":["supplier.su_suppkey","supplier.su_nationkey"],"Shared Hit Blocks":0,"Shared Read Blocks":0,"Shared Dirtied Blocks":0,"Shared Written Blocks":0,"Local Hit Blocks":0,"Local Read Blocks":0,"Local Dirtied Blocks":0,"Local Written Blocks":0,"Temp Read Blocks":0,"Temp Written Blocks":0,"I/O Read Time":0.0,"I/O Write Time":0.0,"Temp I/O Read Time":0.0,"Temp I/O Write Time":0.0}]}]}]}]}]}]},"Planning":{"Shared Hit Blocks":16,"Shared Read Blocks":0,"Shared Dirtied Blocks":0,"Shared Written Blocks":0,"Local Hit Blocks":0,"Local Read Blocks":0,"Local Dirtied Blocks":0,"Local Written Blocks":0,"Temp Read Blocks":0,"Temp Written Blocks":0,"I/O Read Time":0.0,"I/O Write Time":0.0,"Temp I/O Read Time":0.0,"Temp I/O Write Time":0.0},"Planning Time":4.357,"Triggers":[],"Execution Time":16486.109}]
[列存组合]: region, stock
[{"Plan":{"Node Type":"Sort","Parallel Aware":false,"Async Capable":false,"Startup Cost":2017184.63,"Total Cost":2017184.79,"Plan Rows":62,"Plan Width":40,"Actual Startup Time":16589.984,"Actual Total Time":16590.007,"Actual Rows":11,"Actual Loops":1,"Output":["nation.n_name","(sum(order_line.ol_amount))"],"Sort Key":["(sum(order_line.ol_amount)) DESC"],"Sort Method":"quicksort","Sort Space Used":25,"Sort Space Type":"Memory","Shared Hit Blocks":620104,"Shared Read Blocks":0,"Shared Dirtied Blocks":0,"Shared Written Blocks":0,"Local Hit Blocks":0,"Local Read Blocks":0,"Local Dirtied Blocks":0,"Local Written Blocks":0,"Temp Read Blocks":129460,"Temp Written Blocks":129487,"I/O Read Time":0.0,"I/O Write Time":0.0,"Temp I/O Read Time":206.997,"Temp I/O Write Time":530.787,"Plans":[{"Node Type":"Aggregate","Strategy":"Sorted","Partial Mode":"Simple","Parent Relationship":"Outer","Parallel Aware":false,"Async Capable":false,"Startup Cost":2017108.85,"Total Cost":2017182.79,"Plan Rows":62,"Plan Width":40,"Actual Startup Time":16587.16,"Actual Total Time":16589.991,"Actual Rows":11,"Actual Loops":1,"Output":["nation.n_name","sum(order_line.ol_amount)"],"Group Key":["nation.n_name"],"Shared Hit Blocks":620104,"Shared Read Blocks":0,"Shared Dirtied Blocks":0,"Shared Written Blocks":0,"Local Hit Blocks":0,"Local Read Blocks":0,"Local Dirtied Blocks":0,"Local Written Blocks":0,"Temp Read Blocks":129460,"Temp Written Blocks":129487,"I/O Read Time":0.0,"I/O Write Time":0.0,"Temp I/O Read Time":206.997,"Temp I/O Write Time":530.787,"Plans":[{"Node Type":"Sort","Parent Relationship":"Outer","Parallel Aware":false,"Async Capable":false,"Startup Cost":2017108.85,"Total Cost":2017133.24,"Plan Rows":9755,"Plan Width":12,"Actual Startup Time":16586.943,"Actual Total Time":16587.712,"Actual Rows":17493,"Actual Loops":1,"Output":["nation.n_name","order_line.ol_amount"],"Sort Key":["nation.n_name"],"Sort Method":"quicksort","Sort Space Used":1725,"Sort Space Type":"Memory","Shared Hit Blocks":620104,"Shared Read Blocks":0,"Shared Dirtied Blocks":0,"Shared Written Blocks":0,"Local Hit Blocks":0,"Local Read Blocks":0,"Local Dirtied Blocks":0,"Local Written Blocks":0,"Temp Read Blocks":129460,"Temp Written Blocks":129487,"I/O Read Time":0.0,"I/O Write Time":0.0,"Temp I/O Read Time":206.997,"Temp I/O Write Time":530.787,"Plans":[{"Node Type":"Hash Join","Parent Relationship":"Outer","Parallel Aware":false,"Async Capable":false,"Join Type":"Inner","Startup Cost":1692965.58,"Total Cost":2016462.49,"Plan Rows":9755,"Plan Width":12,"Actual Startup Time":14734.006,"Actual Total Time":16577.808,"Actual Rows":17493,"Actual Loops":1,"Output":["nation.n_name","order_line.ol_amount"],"Inner Unique":true,"Hash Cond":"((mod((stock.s_w_id * stock.s_i_id), 10000) = supplier.su_suppkey) AND (customer.c_nationkey = supplier.su_nationkey))","Shared Hit Blocks":620104,"Shared Read Blocks":0,"Shared Dirtied Blocks":0,"Shared Written Blocks":0,"Local Hit Blocks":0,"Local Read Blocks":0,"Local Dirtied Blocks":0,"Local Written Blocks":0,"Temp Read Blocks":129460,"Temp Written Blocks":129487,"I/O Read Time":0.0,"I/O Write Time":0.0,"Temp I/O Read Time":206.997,"Temp I/O Write Time":530.787,"Plans":[{"Node Type":"Merge Join","Parent Relationship":"Outer","Parallel Aware":false,"Async Capable":false,"Join Type":"Inner","Startup Cost":1692498.58,"Total Cost":2012680.35,"Plan Rows":602749,"Plan Width":26,"Actual Startup Time":14730.948,"Actual Total Time":16434.378,"Actual Rows":1109507,"Actual Loops":1,"Output":["customer.c_nationkey","order_line.ol_amount","stock.s_w_id","stock.s_i_id","nation.n_name","nation.n_nationkey"],"Inner Unique":true,"Merge Cond":"((customer.c_w_id = stock.s_w_id) AND (order_line.ol_i_id = stock.s_i_id))","Shared Hit Blocks":619887,"Shared Read Blocks":0,"Shared Dirtied Blocks":0,"Shared Written Blocks":0,"Local Hit Blocks":0,"Local Read Blocks":0,"Local Dirtied Blocks":0,"Local Written Blocks":0,"Temp Read Blocks":129460,"Temp Written Blocks":129487,"I/O Read Time":0.0,"I/O Write Time":0.0,"Temp I/O Read Time":206.997,"Temp I/O Write Time":530.787,"Plans":[{"Node Type":"Sort","Parent Relationship":"Outer","Parallel Aware":false,"Async Capable":false,"Startup Cost":1692498.14,"Total Cost":1693985.82,"Plan Rows":595073,"Plan Width":30,"Actual Startup Time":14730.888,"Actual Total Time":14910.407,"Actual Rows":1109507,"Actual Loops":1,"Output":["customer.c_w_id","customer.c_nationkey","orders.o_w_id","order_line.ol_amount","order_line.ol_w_id","order_line.ol_i_id","nation.n_name","nation.n_nationkey"],"Sort Key":["customer.c_w_id","order_line.ol_i_id"],"Sort Method":"external merge","Sort Space Used":47304,"Sort Space Type":"Disk","Shared Hit Blocks":592549,"Shared Read Blocks":0,"Shared Dirtied Blocks":0,"Shared Written Blocks":0,"Local Hit Blocks":0,"Local Read Blocks":0,"Local Dirtied Blocks":0,"Local Written Blocks":0,"Temp Read Blocks":129460,"Temp Written Blocks":129487,"I/O Read Time":0.0,"I/O Write Time":0.0,"Temp I/O Read Time":206.997,"Temp I/O Write Time":530.787,"Plans":[{"Node Type":"Hash Join","Parent Relationship":"Outer","Parallel Aware":false,"Async Capable":false,"Join Type":"Inner","Startup Cost":403354.53,"Total Cost":1621184.58,"Plan Rows":595073,"Plan Width":30,"Actual Startup Time":1529.226,"Actual Total Time":13343.835,"Actual Rows":1109507,"Actual Loops":1,"Output":["customer.c_w_id","customer.c_nationkey","orders.o_w_id","order_line.ol_amount","order_line.ol_w_id","order_line.ol_i_id","nation.n_name","nation.n_nationkey"],"Inner Unique":false,"Hash Cond":"(customer.c_nationkey = nation.n_nationkey)","Shared Hit Blocks":592549,"Shared Read Blocks":0,"Shared Dirtied Blocks":0,"Shared Written Blocks":0,"Local Hit Blocks":0,"Local Read Blocks":0,"Local Dirtied Blocks":0,"Local Written Blocks":0,"Temp Read Blocks":117643,"Temp Written Blocks":117643,"I/O Read Time":0.0,"I/O Write Time":0.0,"Temp I/O Read Time":188.736,"Temp I/O Write Time":499.135,"Plans":[{"Node Type":"Hash Join","Parent Relationship":"Outer","Parallel Aware":false,"Async Capable":false,"Join Type":"Inner","Startup Cost":403351.39,"Total Cost":1604265.05,"Plan Rows":2975367,"Plan Width":18,"Actual Startup Time":1519.714,"Actual Total Time":12924.56,"Actual Rows":4284922,"Actual Loops":1,"Output":["customer.c_w_id","customer.c_nationkey","orders.o_w_id","order_line.ol_amount","order_line.ol_w_id","order_line.ol_i_id"],"Inner Unique":true,"Hash Cond":"((orders.o_c_id = customer.c_id) AND (orders.o_w_id = customer.c_w_id) AND (orders.o_d_id = customer.c_d_id))","Shared Hit Blocks":592547,"Shared Read Blocks":0,"Shared Dirtied Blocks":0,"Shared Written Blocks":0,"Local Hit Blocks":0,"Local Read Blocks":0,"Local Dirtied Blocks":0,"Local Written Blocks":0,"Temp Read Blocks":117643,"Temp Written Blocks":117643,"I/O Read Time":0.0,"I/O Write Time":0.0,"Temp I/O Read Time":188.736,"Temp I/O Write Time":499.135,"Plans":[{"Node Type":"Hash Join","Parent Relationship":"Outer","Parallel Aware":false,"Async Capable":false,"Join Type":"Inner","Startup Cost":76606.59,"Total Cost":1204573.22,"Plan Rows":2975367,"Plan Width":20,"Actual Startup Time":364.822,"Actual Total Time":9634.7,"Actual Rows":4284922,"Actual Loops":1,"Output":["orders.o_c_id","orders.o_w_id","orders.o_d_id","order_line.ol_amount","order_line.ol_w_id","order_line.ol_d_id","order_line.ol_i_id"],"Inner Unique":true,"Hash Cond":"((order_line.ol_w_id = orders.o_w_id) AND (order_line.ol_d_id = orders.o_d_id) AND (order_line.ol_o_id = orders.o_id))","Shared Hit Blocks":362943,"Shared Read Blocks":0,"Shared Dirtied Blocks":0,"Shared Written Blocks":0,"Local Hit Blocks":0,"Local Read Blocks":0,"Local Dirtied Blocks":0,"Local Written Blocks":0,"Temp Read Blocks":85996,"Temp Written Blocks":85996,"I/O Read Time":0.0,"I/O Write Time":0.0,"Temp I/O Read Time":137.815,"Temp I/O Write Time":347.556,"Plans":[{"Node Type":"Seq Scan","Parent Relationship":"Outer","Parallel Aware":false,"Async Capable":false,"Relation Name":"order_line","Schema":"public","Alias":"order_line","Startup Cost":0.0,"Total Cost":715856.4,"Plan Rows":20926367,"Plan Width":20,"Actual Startup Time":0.007,"Actual Total Time":3680.376,"Actual Rows":21002151,"Actual Loops":1,"Output":["order_line.ol_amount","order_line.ol_o_id","order_line.ol_w_id","order_line.ol_d_id","order_line.ol_i_id"],"Filter":"(order_line.ol_delivery_d >= '1992-01-02 20:10:02.27764'::timestamp without time zone)","Rows Removed by Filter":8995581,"Shared Hit Blocks":340884,"Shared Read Blocks":0,"Shared Dirtied Blocks":0,"Shared Written Blocks":0,"Local Hit Blocks":0,"Local Read Blocks":0,"Local Dirtied Blocks":0,"Local Written Blocks":0,"Temp Read Blocks":0,"Temp Written Blocks":0,"I/O Read Time":0.0,"I/O Write Time":0.0,"Temp I/O Read Time":0.0,"Temp I/O Write Time":0.0},{"Node Type":"Hash","Parent Relationship":"Inner","Parallel Aware":false,"Async Capable":false,"Startup Cost":67059.0,"Total Cost":67059.0,"Plan Rows":426548,"Plan Width":16,"Actual Startup Time":296.726,"Actual Total Time":296.731,"Actual Rows":428399,"Actual Loops":1,"Output":["orders.o_c_id","orders.o_w_id","orders.o_d_id","orders.o_id"],"Hash Buckets":262144,"Original Hash Buckets":262144,"Hash Batches":4,"Original Hash Batches":4,"Peak Memory Usage":7080,"Shared Hit Blocks":22059,"Shared Read Blocks":0,"Shared Dirtied Blocks":0,"Shared Written Blocks":0,"Local Hit Blocks":0,"Local Read Blocks":0,"Local Dirtied Blocks":0,"Local Written Blocks":0,"Temp Read Blocks":0,"Temp Written Blocks":1410,"I/O Read Time":0.0,"I/O Write Time":0.0,"Temp I/O Read Time":0.0,"Temp I/O Write Time":6.396,"Plans":[{"Node Type":"Seq Scan","Parent Relationship":"Outer","Parallel Aware":false,"Async Capable":false,"Relation Name":"orders","Schema":"public","Alias":"orders","Startup Cost":0.0,"Total Cost":67059.0,"Plan Rows":426548,"Plan Width":16,"Actual Startup Time":0.773,"Actual Total Time":220.375,"Actual Rows":428399,"Actual Loops":1,"Output":["orders.o_c_id","orders.o_w_id","orders.o_d_id","orders.o_id"],"Filter":"((orders.o_entry_d >= '1993-01-02 20:10:02.27764'::timestamp without time zone) AND (orders.o_entry_d < '1994-01-02 20:10:02.27764'::timestamp without time zone))","Rows Removed by Filter":2571601,"Shared Hit Blocks":22059,"Shared Read Blocks":0,"Shared Dirtied Blocks":0,"Shared Written Blocks":0,"Local Hit Blocks":0,"Local Read Blocks":0,"Local Dirtied Blocks":0,"Local Written Blocks":0,"Temp Read Blocks":0,"Temp Written Blocks":0,"I/O Read Time":0.0,"I/O Write Time":0.0,"Temp I/O Read Time":0.0,"Temp I/O Write Time":0.0}]}]},{"Node Type":"Hash","Parent Relationship":"Inner","Parallel Aware":false,"Async Capable":false,"Startup Cost":259601.38,"Total Cost":259601.38,"Plan Rows":2999738,"Plan Width":12,"Actual Startup Time":1152.574,"Actual Total Time":1152.576,"Actual Rows":3000000,"Actual Loops":1,"Output":["customer.c_id","customer.c_w_id","customer.c_d_id","customer.c_nationkey"],"Hash Buckets":262144,"Original Hash Buckets":262144,"Hash Batches":32,"Original Hash Batches":32,"Peak Memory Usage":6090,"Shared Hit Blocks":229604,"Shared Read Blocks":0,"Shared Dirtied Blocks":0,"Shared Written Blocks":0,"Local Hit Blocks":0,"Local Read Blocks":0,"Local Dirtied Blocks":0,"Local Written Blocks":0,"Temp Read Blocks":0,"Temp Written Blocks":11335,"I/O Read Time":0.0,"I/O Write Time":0.0,"Temp I/O Read Time":0.0,"Temp I/O Write Time":55.88,"Plans":[{"Node Type":"Seq Scan","Parent Relationship":"Outer","Parallel Aware":false,"Async Capable":false,"Relation Name":"customer","Schema":"public","Alias":"customer","Startup Cost":0.0,"Total Cost":259601.38,"Plan Rows":2999738,"Plan Width":12,"Actual Startup Time":0.009,"Actual Total Time":650.744,"Actual Rows":3000000,"Actual Loops":1,"Output":["customer.c_id","customer.c_w_id","customer.c_d_id","customer.c_nationkey"],"Shared Hit Blocks":229604,"Shared Read Blocks":0,"Shared Dirtied Blocks":0,"Shared Written Blocks":0,"Local Hit Blocks":0,"Local Read Blocks":0,"Local Dirtied Blocks":0,"Local Written Blocks":0,"Temp Read Blocks":0,"Temp Written Blocks":0,"I/O Read Time":0.0,"I/O Write Time":0.0,"Temp I/O Read Time":0.0,"Temp I/O Write Time":0.0}]}]},{"Node Type":"Hash","Parent Relationship":"Inner","Parallel Aware":false,"Async Capable":false,"Startup Cost":2.99,"Total Cost":2.99,"Plan Rows":12,"Plan Width":12,"Actual Startup Time":0.041,"Actual Total Time":0.044,"Actual Rows":22,"Actual Loops":1,"Output":["nation.n_name","nation.n_nationkey"],"Hash Buckets":1024,"Original Hash Buckets":1024,"Hash Batches":1,"Original Hash Batches":1,"Peak Memory Usage":9,"Shared Hit Blocks":2,"Shared Read Blocks":0,"Shared Dirtied Blocks":0,"Shared Written Blocks":0,"Local Hit Blocks":0,"Local Read Blocks":0,"Local Dirtied Blocks":0,"Local Written Blocks":0,"Temp Read Blocks":0,"Temp Written Blocks":0,"I/O Read Time":0.0,"I/O Write Time":0.0,"Temp I/O Read Time":0.0,"Temp I/O Write Time":0.0,"Plans":[{"Node Type":"Hash Join","Parent Relationship":"Outer","Parallel Aware":false,"Async Capable":false,"Join Type":"Inner","Startup Cost":1.07,"Total Cost":2.99,"Plan Rows":12,"Plan Width":12,"Actual Startup Time":0.024,"Actual Total Time":0.038,"Actual Rows":22,"Actual Loops":1,"Output":["nation.n_name","nation.n_nationkey"],"Inner Unique":true,"Hash Cond":"(nation.n_regionkey = region.r_regionkey)","Shared Hit Blocks":2,"Shared Read Blocks":0,"Shared Dirtied Blocks":0,"Shared Written Blocks":0,"Local Hit Blocks":0,"Local Read Blocks":0,"Local Dirtied Blocks":0,"Local Written Blocks":0,"Temp Read Blocks":0,"Temp Written Blocks":0,"I/O Read Time":0.0,"I/O Write Time":0.0,"Temp I/O Read Time":0.0,"Temp I/O Write Time":0.0,"Plans":[{"Node Type":"Seq Scan","Parent Relationship":"Outer","Parallel Aware":false,"Async Capable":false,"Relation Name":"nation","Schema":"public","Alias":"nation","Startup Cost":0.0,"Total Cost":1.62,"Plan Rows":62,"Plan Width":16,"Actual Startup Time":0.005,"Actual Total Time":0.009,"Actual Rows":62,"Actual Loops":1,"Output":["nation.n_nationkey","nation.n_name","nation.n_regionkey","nation.n_comment"],"Shared Hit Blocks":1,"Shared Read Blocks":0,"Shared Dirtied Blocks":0,"Shared Written Blocks":0,"Local Hit Blocks":0,"Local Read Blocks":0,"Local Dirtied Blocks":0,"Local Written Blocks":0,"Temp Read Blocks":0,"Temp Written Blocks":0,"I/O Read Time":0.0,"I/O Write Time":0.0,"Temp I/O Read Time":0.0,"Temp I/O Write Time":0.0},{"Node Type":"Hash","Parent Relationship":"Inner","Parallel Aware":false,"Async Capable":false,"Startup Cost":1.06,"Total Cost":1.06,"Plan Rows":1,"Plan Width":4,"Actual Startup Time":0.008,"Actual Total Time":0.008,"Actual Rows":1,"Actual Loops":1,"Output":["region.r_regionkey"],"Hash Buckets":1024,"Original Hash Buckets":1024,"Hash Batches":1,"Original Hash Batches":1,"Peak Memory Usage":9,"Shared Hit Blocks":1,"Shared Read Blocks":0,"Shared Dirtied Blocks":0,"Shared Written Blocks":0,"Local Hit Blocks":0,"Local Read Blocks":0,"Local Dirtied Blocks":0,"Local Written Blocks":0,"Temp Read Blocks":0,"Temp Written Blocks":0,"I/O Read Time":0.0,"I/O Write Time":0.0,"Temp I/O Read Time":0.0,"Temp I/O Write Time":0.0,"Plans":[{"Node Type":"Seq Scan","Parent Relationship":"Outer","Parallel Aware":false,"Async Capable":false,"Relation Name":"region","Schema":"public","Alias":"region","Startup Cost":0.0,"Total Cost":1.06,"Plan Rows":1,"Plan Width":4,"Actual Startup Time":0.006,"Actual Total Time":0.006,"Actual Rows":1,"Actual Loops":1,"Output":["region.r_regionkey"],"Filter":"((region.r_name)::text = 'Europe'::text)","Rows Removed by Filter":4,"Shared Hit Blocks":1,"Shared Read Blocks":0,"Shared Dirtied Blocks":0,"Shared Written Blocks":0,"Local Hit Blocks":0,"Local Read Blocks":0,"Local Dirtied Blocks":0,"Local Written Blocks":0,"Temp Read Blocks":0,"Temp Written Blocks":0,"I/O Read Time":0.0,"I/O Write Time":0.0,"Temp I/O Read Time":0.0,"Temp I/O Write Time":0.0}]}]}]}]}]},{"Node Type":"Index Only Scan","Parent Relationship":"Inner","Parallel Aware":false,"Async Capable":false,"Scan Direction":"Forward","Index Name":"stock_pk","Relation Name":"stock","Schema":"public","Alias":"stock","Startup Cost":0.43,"Total Cost":259690.86,"Plan Rows":10000162,"Plan Width":6,"Actual Startup Time":0.046,"Actual Total Time":716.769,"Actual Rows":9999996,"Actual Loops":1,"Output":["stock.s_w_id","stock.s_i_id"],"Heap Fetches":0,"Shared Hit Blocks":27338,"Shared Read Blocks":0,"Shared Dirtied Blocks":0,"Shared Written Blocks":0,"Local Hit Blocks":0,"Local Read Blocks":0,"Local Dirtied Blocks":0,"Local Written Blocks":0,"Temp Read Blocks":0,"Temp Written Blocks":0,"I/O Read Time":0.0,"I/O Write Time":0.0,"Temp I/O Read Time":0.0,"Temp I/O Write Time":0.0}]},{"Node Type":"Hash","Parent Relationship":"Inner","Parallel Aware":false,"Async Capable":false,"Startup Cost":317.0,"Total Cost":317.0,"Plan Rows":10000,"Plan Width":8,"Actual Startup Time":2.634,"Actual Total Time":2.635,"Actual Rows":10000,"Actual Loops":1,"Output":["supplier.su_suppkey","supplier.su_nationkey"],"Hash Buckets":16384,"Original Hash Buckets":16384,"Hash Batches":1,"Original Hash Batches":1,"Peak Memory Usage":519,"Shared Hit Blocks":217,"Shared Read Blocks":0,"Shared Dirtied Blocks":0,"Shared Written Blocks":0,"Local Hit Blocks":0,"Local Read Blocks":0,"Local Dirtied Blocks":0,"Local Written Blocks":0,"Temp Read Blocks":0,"Temp Written Blocks":0,"I/O Read Time":0.0,"I/O Write Time":0.0,"Temp I/O Read Time":0.0,"Temp I/O Write Time":0.0,"Plans":[{"Node Type":"Seq Scan","Parent Relationship":"Outer","Parallel Aware":false,"Async Capable":false,"Relation Name":"supplier","Schema":"public","Alias":"supplier","Startup Cost":0.0,"Total Cost":317.0,"Plan Rows":10000,"Plan Width":8,"Actual Startup Time":0.011,"Actual Total Time":1.282,"Actual Rows":10000,"Actual Loops":1,"Output":["supplier.su_suppkey","supplier.su_nationkey"],"Shared Hit Blocks":217,"Shared Read Blocks":0,"Shared Dirtied Blocks":0,"Shared Written Blocks":0,"Local Hit Blocks":0,"Local Read Blocks":0,"Local Dirtied Blocks":0,"Local Written Blocks":0,"Temp Read Blocks":0,"Temp Written Blocks":0,"I/O Read Time":0.0,"I/O Write Time":0.0,"Temp I/O Read Time":0.0,"Temp I/O Write Time":0.0}]}]}]}]}]},"Planning":{"Shared Hit Blocks":16,"Shared Read Blocks":0,"Shared Dirtied Blocks":0,"Shared Written Blocks":0,"Local Hit Blocks":0,"Local Read Blocks":0,"Local Dirtied Blocks":0,"Local Written Blocks":0,"Temp Read Blocks":0,"Temp Written Blocks":0,"I/O Read Time":0.0,"I/O Write Time":0.0,"Temp I/O Read Time":0.0,"Temp I/O Write Time":0.0},"Planning Time":4.886,"Triggers":[],"Execution Time":16598.199}]
[列存组合]: region, supplier
[{"Plan":{"Node Type":"Sort","Parallel Aware":false,"Async Capable":false,"Startup Cost":2017086.66,"Total Cost":2017086.81,"Plan Rows":62,"Plan Width":40,"Actual Startup Time":16662.684,"Actual Total Time":16662.7,"Actual Rows":11,"Actual Loops":1,"Output":["nation.n_name","(sum(order_line.ol_amount))"],"Sort Key":["(sum(order_line.ol_amount)) DESC"],"Sort Method":"quicksort","Sort Space Used":25,"Sort Space Type":"Memory","Shared Hit Blocks":619887,"Shared Read Blocks":0,"Shared Dirtied Blocks":0,"Shared Written Blocks":0,"Local Hit Blocks":0,"Local Read Blocks":0,"Local Dirtied Blocks":0,"Local Written Blocks":0,"Temp Read Blocks":129460,"Temp Written Blocks":129487,"I/O Read Time":0.0,"I/O Write Time":0.0,"Temp I/O Read Time":205.001,"Temp I/O Write Time":525.417,"Plans":[{"Node Type":"Aggregate","Strategy":"Sorted","Partial Mode":"Simple","Parent Relationship":"Outer","Parallel Aware":false,"Async Capable":false,"Startup Cost":2017010.87,"Total Cost":2017084.81,"Plan Rows":62,"Plan Width":40,"Actual Startup Time":16659.876,"Actual Total Time":16662.686,"Actual Rows":11,"Actual Loops":1,"Output":["nation.n_name","sum(order_line.ol_amount)"],"Group Key":["nation.n_name"],"Shared Hit Blocks":619887,"Shared Read Blocks":0,"Shared Dirtied Blocks":0,"Shared Written Blocks":0,"Local Hit Blocks":0,"Local Read Blocks":0,"Local Dirtied Blocks":0,"Local Written Blocks":0,"Temp Read Blocks":129460,"Temp Written Blocks":129487,"I/O Read Time":0.0,"I/O Write Time":0.0,"Temp I/O Read Time":205.001,"Temp I/O Write Time":525.417,"Plans":[{"Node Type":"Sort","Parent Relationship":"Outer","Parallel Aware":false,"Async Capable":false,"Startup Cost":2017010.87,"Total Cost":2017035.26,"Plan Rows":9755,"Plan Width":12,"Actual Startup Time":16659.668,"Actual Total Time":16660.427,"Actual Rows":17493,"Actual Loops":1,"Output":["nation.n_name","order_line.ol_amount"],"Sort Key":["nation.n_name"],"Sort Method":"quicksort","Sort Space Used":1725,"Sort Space Type":"Memory","Shared Hit Blocks":619887,"Shared Read Blocks":0,"Shared Dirtied Blocks":0,"Shared Written Blocks":0,"Local Hit Blocks":0,"Local Read Blocks":0,"Local Dirtied Blocks":0,"Local Written Blocks":0,"Temp Read Blocks":129460,"Temp Written Blocks":129487,"I/O Read Time":0.0,"I/O Write Time":0.0,"Temp I/O Read Time":205.001,"Temp I/O Write Time":525.417,"Plans":[{"Node Type":"Hash Join","Parent Relationship":"Outer","Parallel Aware":false,"Async Capable":false,"Join Type":"Inner","Startup Cost":1692867.6,"Total Cost":2016364.51,"Plan Rows":9755,"Plan Width":12,"Actual Startup Time":14797.294,"Actual Total Time":16650.657,"Actual Rows":17493,"Actual Loops":1,"Output":["nation.n_name","order_line.ol_amount"],"Inner Unique":true,"Hash Cond":"((mod((stock.s_w_id * stock.s_i_id), 10000) = supplier.su_suppkey) AND (customer.c_nationkey = supplier.su_nationkey))","Shared Hit Blocks":619887,"Shared Read Blocks":0,"Shared Dirtied Blocks":0,"Shared Written Blocks":0,"Local Hit Blocks":0,"Local Read Blocks":0,"Local Dirtied Blocks":0,"Local Written Blocks":0,"Temp Read Blocks":129460,"Temp Written Blocks":129487,"I/O Read Time":0.0,"I/O Write Time":0.0,"Temp I/O Read Time":205.001,"Temp I/O Write Time":525.417,"Plans":[{"Node Type":"Merge Join","Parent Relationship":"Outer","Parallel Aware":false,"Async Capable":false,"Join Type":"Inner","Startup Cost":1692498.58,"Total Cost":2012680.35,"Plan Rows":602749,"Plan Width":26,"Actual Startup Time":14793.79,"Actual Total Time":16506.324,"Actual Rows":1109507,"Actual Loops":1,"Output":["customer.c_nationkey","order_line.ol_amount","stock.s_w_id","stock.s_i_id","nation.n_name","nation.n_nationkey"],"Inner Unique":true,"Merge Cond":"((customer.c_w_id = stock.s_w_id) AND (order_line.ol_i_id = stock.s_i_id))","Shared Hit Blocks":619887,"Shared Read Blocks":0,"Shared Dirtied Blocks":0,"Shared Written Blocks":0,"Local Hit Blocks":0,"Local Read Blocks":0,"Local Dirtied Blocks":0,"Local Written Blocks":0,"Temp Read Blocks":129460,"Temp Written Blocks":129487,"I/O Read Time":0.0,"I/O Write Time":0.0,"Temp I/O Read Time":205.001,"Temp I/O Write Time":525.417,"Plans":[{"Node Type":"Sort","Parent Relationship":"Outer","Parallel Aware":false,"Async Capable":false,"Startup Cost":1692498.14,"Total Cost":1693985.82,"Plan Rows":595073,"Plan Width":30,"Actual Startup Time":14793.73,"Actual Total Time":14974.332,"Actual Rows":1109507,"Actual Loops":1,"Output":["customer.c_w_id","customer.c_nationkey","orders.o_w_id","order_line.ol_amount","order_line.ol_w_id","order_line.ol_i_id","nation.n_name","nation.n_nationkey"],"Sort Key":["customer.c_w_id","order_line.ol_i_id"],"Sort Method":"external merge","Sort Space Used":47304,"Sort Space Type":"Disk","Shared Hit Blocks":592549,"Shared Read Blocks":0,"Shared Dirtied Blocks":0,"Shared Written Blocks":0,"Local Hit Blocks":0,"Local Read Blocks":0,"Local Dirtied Blocks":0,"Local Written Blocks":0,"Temp Read Blocks":129460,"Temp Written Blocks":129487,"I/O Read Time":0.0,"I/O Write Time":0.0,"Temp I/O Read Time":205.001,"Temp I/O Write Time":525.417,"Plans":[{"Node Type":"Hash Join","Parent Relationship":"Outer","Parallel Aware":false,"Async Capable":false,"Join Type":"Inner","Startup Cost":403354.53,"Total Cost":1621184.58,"Plan Rows":595073,"Plan Width":30,"Actual Startup Time":1522.661,"Actual Total Time":13405.404,"Actual Rows":1109507,"Actual Loops":1,"Output":["customer.c_w_id","customer.c_nationkey","orders.o_w_id","order_line.ol_amount","order_line.ol_w_id","order_line.ol_i_id","nation.n_name","nation.n_nationkey"],"Inner Unique":false,"Hash Cond":"(customer.c_nationkey = nation.n_nationkey)","Shared Hit Blocks":592549,"Shared Read Blocks":0,"Shared Dirtied Blocks":0,"Shared Written Blocks":0,"Local Hit Blocks":0,"Local Read Blocks":0,"Local Dirtied Blocks":0,"Local Written Blocks":0,"Temp Read Blocks":117643,"Temp Written Blocks":117643,"I/O Read Time":0.0,"I/O Write Time":0.0,"Temp I/O Read Time":186.853,"Temp I/O Write Time":493.75,"Plans":[{"Node Type":"Hash Join","Parent Relationship":"Outer","Parallel Aware":false,"Async Capable":false,"Join Type":"Inner","Startup Cost":403351.39,"Total Cost":1604265.05,"Plan Rows":2975367,"Plan Width":18,"Actual Startup Time":1512.817,"Actual Total Time":12988.882,"Actual Rows":4284922,"Actual Loops":1,"Output":["customer.c_w_id","customer.c_nationkey","orders.o_w_id","order_line.ol_amount","order_line.ol_w_id","order_line.ol_i_id"],"Inner Unique":true,"Hash Cond":"((orders.o_c_id = customer.c_id) AND (orders.o_w_id = customer.c_w_id) AND (orders.o_d_id = customer.c_d_id))","Shared Hit Blocks":592547,"Shared Read Blocks":0,"Shared Dirtied Blocks":0,"Shared Written Blocks":0,"Local Hit Blocks":0,"Local Read Blocks":0,"Local Dirtied Blocks":0,"Local Written Blocks":0,"Temp Read Blocks":117643,"Temp Written Blocks":117643,"I/O Read Time":0.0,"I/O Write Time":0.0,"Temp I/O Read Time":186.853,"Temp I/O Write Time":493.75,"Plans":[{"Node Type":"Hash Join","Parent Relationship":"Outer","Parallel Aware":false,"Async Capable":false,"Join Type":"Inner","Startup Cost":76606.59,"Total Cost":1204573.22,"Plan Rows":2975367,"Plan Width":20,"Actual Startup Time":362.869,"Actual Total Time":9706.774,"Actual Rows":4284922,"Actual Loops":1,"Output":["orders.o_c_id","orders.o_w_id","orders.o_d_id","order_line.ol_amount","order_line.ol_w_id","order_line.ol_d_id","order_line.ol_i_id"],"Inner Unique":true,"Hash Cond":"((order_line.ol_w_id = orders.o_w_id) AND (order_line.ol_d_id = orders.o_d_id) AND (order_line.ol_o_id = orders.o_id))","Shared Hit Blocks":362943,"Shared Read Blocks":0,"Shared Dirtied Blocks":0,"Shared Written Blocks":0,"Local Hit Blocks":0,"Local Read Blocks":0,"Local Dirtied Blocks":0,"Local Written Blocks":0,"Temp Read Blocks":85996,"Temp Written Blocks":85996,"I/O Read Time":0.0,"I/O Write Time":0.0,"Temp I/O Read Time":136.074,"Temp I/O Write Time":345.805,"Plans":[{"Node Type":"Seq Scan","Parent Relationship":"Outer","Parallel Aware":false,"Async Capable":false,"Relation Name":"order_line","Schema":"public","Alias":"order_line","Startup Cost":0.0,"Total Cost":715856.4,"Plan Rows":20926367,"Plan Width":20,"Actual Startup Time":0.008,"Actual Total Time":3771.305,"Actual Rows":21002151,"Actual Loops":1,"Output":["order_line.ol_amount","order_line.ol_o_id","order_line.ol_w_id","order_line.ol_d_id","order_line.ol_i_id"],"Filter":"(order_line.ol_delivery_d >= '1992-01-02 20:10:02.27764'::timestamp without time zone)","Rows Removed by Filter":8995581,"Shared Hit Blocks":340884,"Shared Read Blocks":0,"Shared Dirtied Blocks":0,"Shared Written Blocks":0,"Local Hit Blocks":0,"Local Read Blocks":0,"Local Dirtied Blocks":0,"Local Written Blocks":0,"Temp Read Blocks":0,"Temp Written Blocks":0,"I/O Read Time":0.0,"I/O Write Time":0.0,"Temp I/O Read Time":0.0,"Temp I/O Write Time":0.0},{"Node Type":"Hash","Parent Relationship":"Inner","Parallel Aware":false,"Async Capable":false,"Startup Cost":67059.0,"Total Cost":67059.0,"Plan Rows":426548,"Plan Width":16,"Actual Startup Time":295.329,"Actual Total Time":295.332,"Actual Rows":428399,"Actual Loops":1,"Output":["orders.o_c_id","orders.o_w_id","orders.o_d_id","orders.o_id"],"Hash Buckets":262144,"Original Hash Buckets":262144,"Hash Batches":4,"Original Hash Batches":4,"Peak Memory Usage":7080,"Shared Hit Blocks":22059,"Shared Read Blocks":0,"Shared Dirtied Blocks":0,"Shared Written Blocks":0,"Local Hit Blocks":0,"Local Read Blocks":0,"Local Dirtied Blocks":0,"Local Written Blocks":0,"Temp Read Blocks":0,"Temp Written Blocks":1410,"I/O Read Time":0.0,"I/O Write Time":0.0,"Temp I/O Read Time":0.0,"Temp I/O Write Time":6.151,"Plans":[{"Node Type":"Seq Scan","Parent Relationship":"Outer","Parallel Aware":false,"Async Capable":false,"Relation Name":"orders","Schema":"public","Alias":"orders","Startup Cost":0.0,"Total Cost":67059.0,"Plan Rows":426548,"Plan Width":16,"Actual Startup Time":0.859,"Actual Total Time":220.614,"Actual Rows":428399,"Actual Loops":1,"Output":["orders.o_c_id","orders.o_w_id","orders.o_d_id","orders.o_id"],"Filter":"((orders.o_entry_d >= '1993-01-02 20:10:02.27764'::timestamp without time zone) AND (orders.o_entry_d < '1994-01-02 20:10:02.27764'::timestamp without time zone))","Rows Removed by Filter":2571601,"Shared Hit Blocks":22059,"Shared Read Blocks":0,"Shared Dirtied Blocks":0,"Shared Written Blocks":0,"Local Hit Blocks":0,"Local Read Blocks":0,"Local Dirtied Blocks":0,"Local Written Blocks":0,"Temp Read Blocks":0,"Temp Written Blocks":0,"I/O Read Time":0.0,"I/O Write Time":0.0,"Temp I/O Read Time":0.0,"Temp I/O Write Time":0.0}]}]},{"Node Type":"Hash","Parent Relationship":"Inner","Parallel Aware":false,"Async Capable":false,"Startup Cost":259601.38,"Total Cost":259601.38,"Plan Rows":2999738,"Plan Width":12,"Actual Startup Time":1147.555,"Actual Total Time":1147.555,"Actual Rows":3000000,"Actual Loops":1,"Output":["customer.c_id","customer.c_w_id","customer.c_d_id","customer.c_nationkey"],"Hash Buckets":262144,"Original Hash Buckets":262144,"Hash Batches":32,"Original Hash Batches":32,"Peak Memory Usage":6090,"Shared Hit Blocks":229604,"Shared Read Blocks":0,"Shared Dirtied Blocks":0,"Shared Written Blocks":0,"Local Hit Blocks":0,"Local Read Blocks":0,"Local Dirtied Blocks":0,"Local Written Blocks":0,"Temp Read Blocks":0,"Temp Written Blocks":11335,"I/O Read Time":0.0,"I/O Write Time":0.0,"Temp I/O Read Time":0.0,"Temp I/O Write Time":53.151,"Plans":[{"Node Type":"Seq Scan","Parent Relationship":"Outer","Parallel Aware":false,"Async Capable":false,"Relation Name":"customer","Schema":"public","Alias":"customer","Startup Cost":0.0,"Total Cost":259601.38,"Plan Rows":2999738,"Plan Width":12,"Actual Startup Time":0.01,"Actual Total Time":649.935,"Actual Rows":3000000,"Actual Loops":1,"Output":["customer.c_id","customer.c_w_id","customer.c_d_id","customer.c_nationkey"],"Shared Hit Blocks":229604,"Shared Read Blocks":0,"Shared Dirtied Blocks":0,"Shared Written Blocks":0,"Local Hit Blocks":0,"Local Read Blocks":0,"Local Dirtied Blocks":0,"Local Written Blocks":0,"Temp Read Blocks":0,"Temp Written Blocks":0,"I/O Read Time":0.0,"I/O Write Time":0.0,"Temp I/O Read Time":0.0,"Temp I/O Write Time":0.0}]}]},{"Node Type":"Hash","Parent Relationship":"Inner","Parallel Aware":false,"Async Capable":false,"Startup Cost":2.99,"Total Cost":2.99,"Plan Rows":12,"Plan Width":12,"Actual Startup Time":0.036,"Actual Total Time":0.039,"Actual Rows":22,"Actual Loops":1,"Output":["nation.n_name","nation.n_nationkey"],"Hash Buckets":1024,"Original Hash Buckets":1024,"Hash Batches":1,"Original Hash Batches":1,"Peak Memory Usage":9,"Shared Hit Blocks":2,"Shared Read Blocks":0,"Shared Dirtied Blocks":0,"Shared Written Blocks":0,"Local Hit Blocks":0,"Local Read Blocks":0,"Local Dirtied Blocks":0,"Local Written Blocks":0,"Temp Read Blocks":0,"Temp Written Blocks":0,"I/O Read Time":0.0,"I/O Write Time":0.0,"Temp I/O Read Time":0.0,"Temp I/O Write Time":0.0,"Plans":[{"Node Type":"Hash Join","Parent Relationship":"Outer","Parallel Aware":false,"Async Capable":false,"Join Type":"Inner","Startup Cost":1.07,"Total Cost":2.99,"Plan Rows":12,"Plan Width":12,"Actual Startup Time":0.021,"Actual Total Time":0.035,"Actual Rows":22,"Actual Loops":1,"Output":["nation.n_name","nation.n_nationkey"],"Inner Unique":true,"Hash Cond":"(nation.n_regionkey = region.r_regionkey)","Shared Hit Blocks":2,"Shared Read Blocks":0,"Shared Dirtied Blocks":0,"Shared Written Blocks":0,"Local Hit Blocks":0,"Local Read Blocks":0,"Local Dirtied Blocks":0,"Local Written Blocks":0,"Temp Read Blocks":0,"Temp Written Blocks":0,"I/O Read Time":0.0,"I/O Write Time":0.0,"Temp I/O Read Time":0.0,"Temp I/O Write Time":0.0,"Plans":[{"Node Type":"Seq Scan","Parent Relationship":"Outer","Parallel Aware":false,"Async Capable":false,"Relation Name":"nation","Schema":"public","Alias":"nation","Startup Cost":0.0,"Total Cost":1.62,"Plan Rows":62,"Plan Width":16,"Actual Startup Time":0.007,"Actual Total Time":0.01,"Actual Rows":62,"Actual Loops":1,"Output":["nation.n_nationkey","nation.n_name","nation.n_regionkey","nation.n_comment"],"Shared Hit Blocks":1,"Shared Read Blocks":0,"Shared Dirtied Blocks":0,"Shared Written Blocks":0,"Local Hit Blocks":0,"Local Read Blocks":0,"Local Dirtied Blocks":0,"Local Written Blocks":0,"Temp Read Blocks":0,"Temp Written Blocks":0,"I/O Read Time":0.0,"I/O Write Time":0.0,"Temp I/O Read Time":0.0,"Temp I/O Write Time":0.0},{"Node Type":"Hash","Parent Relationship":"Inner","Parallel Aware":false,"Async Capable":false,"Startup Cost":1.06,"Total Cost":1.06,"Plan Rows":1,"Plan Width":4,"Actual Startup Time":0.007,"Actual Total Time":0.008,"Actual Rows":1,"Actual Loops":1,"Output":["region.r_regionkey"],"Hash Buckets":1024,"Original Hash Buckets":1024,"Hash Batches":1,"Original Hash Batches":1,"Peak Memory Usage":9,"Shared Hit Blocks":1,"Shared Read Blocks":0,"Shared Dirtied Blocks":0,"Shared Written Blocks":0,"Local Hit Blocks":0,"Local Read Blocks":0,"Local Dirtied Blocks":0,"Local Written Blocks":0,"Temp Read Blocks":0,"Temp Written Blocks":0,"I/O Read Time":0.0,"I/O Write Time":0.0,"Temp I/O Read Time":0.0,"Temp I/O Write Time":0.0,"Plans":[{"Node Type":"Seq Scan","Parent Relationship":"Outer","Parallel Aware":false,"Async Capable":false,"Relation Name":"region","Schema":"public","Alias":"region","Startup Cost":0.0,"Total Cost":1.06,"Plan Rows":1,"Plan Width":4,"Actual Startup Time":0.006,"Actual Total Time":0.006,"Actual Rows":1,"Actual Loops":1,"Output":["region.r_regionkey"],"Filter":"((region.r_name)::text = 'Europe'::text)","Rows Removed by Filter":4,"Shared Hit Blocks":1,"Shared Read Blocks":0,"Shared Dirtied Blocks":0,"Shared Written Blocks":0,"Local Hit Blocks":0,"Local Read Blocks":0,"Local Dirtied Blocks":0,"Local Written Blocks":0,"Temp Read Blocks":0,"Temp Written Blocks":0,"I/O Read Time":0.0,"I/O Write Time":0.0,"Temp I/O Read Time":0.0,"Temp I/O Write Time":0.0}]}]}]}]}]},{"Node Type":"Index Only Scan","Parent Relationship":"Inner","Parallel Aware":false,"Async Capable":false,"Scan Direction":"Forward","Index Name":"stock_pk","Relation Name":"stock","Schema":"public","Alias":"stock","Startup Cost":0.43,"Total Cost":259690.86,"Plan Rows":10000162,"Plan Width":6,"Actual Startup Time":0.046,"Actual Total Time":705.705,"Actual Rows":9999996,"Actual Loops":1,"Output":["stock.s_w_id","stock.s_i_id"],"Heap Fetches":0,"Shared Hit Blocks":27338,"Shared Read Blocks":0,"Shared Dirtied Blocks":0,"Shared Written Blocks":0,"Local Hit Blocks":0,"Local Read Blocks":0,"Local Dirtied Blocks":0,"Local Written Blocks":0,"Temp Read Blocks":0,"Temp Written Blocks":0,"I/O Read Time":0.0,"I/O Write Time":0.0,"Temp I/O Read Time":0.0,"Temp I/O Write Time":0.0}]},{"Node Type":"Hash","Parent Relationship":"Inner","Parallel Aware":false,"Async Capable":false,"Startup Cost":219.01,"Total Cost":219.01,"Plan Rows":10001,"Plan Width":8,"Actual Startup Time":3.114,"Actual Total Time":3.117,"Actual Rows":10000,"Actual Loops":1,"Output":["supplier.su_suppkey","supplier.su_nationkey"],"Hash Buckets":16384,"Original Hash Buckets":16384,"Hash Batches":1,"Original Hash Batches":1,"Peak Memory Usage":519,"Shared Hit Blocks":0,"Shared Read Blocks":0,"Shared Dirtied Blocks":0,"Shared Written Blocks":0,"Local Hit Blocks":0,"Local Read Blocks":0,"Local Dirtied Blocks":0,"Local Written Blocks":0,"Temp Read Blocks":0,"Temp Written Blocks":0,"I/O Read Time":0.0,"I/O Write Time":0.0,"Temp I/O Read Time":0.0,"Temp I/O Write Time":0.0,"Plans":[{"Node Type":"Append","Parent Relationship":"Outer","Parallel Aware":false,"Async Capable":false,"Startup Cost":20.0,"Total Cost":219.01,"Plan Rows":10001,"Plan Width":8,"Actual Startup Time":0.014,"Actual Total Time":1.816,"Actual Rows":10000,"Actual Loops":1,"Shared Hit Blocks":0,"Shared Read Blocks":0,"Shared Dirtied Blocks":0,"Shared Written Blocks":0,"Local Hit Blocks":0,"Local Read Blocks":0,"Local Dirtied Blocks":0,"Local Written Blocks":0,"Temp Read Blocks":0,"Temp Written Blocks":0,"I/O Read Time":0.0,"I/O Write Time":0.0,"Temp I/O Read Time":0.0,"Temp I/O Write Time":0.0,"Subplans Removed":0,"Plans":[{"Node Type":"Custom Scan","Parent Relationship":"Member","Custom Plan Provider":"columnar scan","Parallel Aware":false,"Async Capable":false,"Relation Name":"supplier","Schema":"public","Alias":"supplier","Startup Cost":20.0,"Total Cost":215.0,"Plan Rows":10000,"Plan Width":8,"Actual Startup Time":0.013,"Actual Total Time":1.061,"Actual Rows":10000,"Actual Loops":1,"Output":["supplier.su_suppkey","supplier.su_nationkey"],"Rows Removed by Columnar Filter":0,"Columnar cache search mode":"native","Shared Hit Blocks":0,"Shared Read Blocks":0,"Shared Dirtied Blocks":0,"Shared Written Blocks":0,"Local Hit Blocks":0,"Local Read Blocks":0,"Local Dirtied Blocks":0,"Local Written Blocks":0,"Temp Read Blocks":0,"Temp Written Blocks":0,"I/O Read Time":0.0,"I/O Write Time":0.0,"Temp I/O Read Time":0.0,"Temp I/O Write Time":0.0},{"Node Type":"Seq Scan","Parent Relationship":"Member","Parallel Aware":false,"Async Capable":false,"Relation Name":"supplier","Schema":"public","Alias":"supplier","Startup Cost":0.0,"Total Cost":4.01,"Plan Rows":1,"Plan Width":8,"Actual Startup Time":0.0,"Actual Total Time":0.0,"Actual Rows":0,"Actual Loops":0,"Output":["supplier.su_suppkey","supplier.su_nationkey"],"Shared Hit Blocks":0,"Shared Read Blocks":0,"Shared Dirtied Blocks":0,"Shared Written Blocks":0,"Local Hit Blocks":0,"Local Read Blocks":0,"Local Dirtied Blocks":0,"Local Written Blocks":0,"Temp Read Blocks":0,"Temp Written Blocks":0,"I/O Read Time":0.0,"I/O Write Time":0.0,"Temp I/O Read Time":0.0,"Temp I/O Write Time":0.0}]}]}]}]}]}]},"Planning":{"Shared Hit Blocks":16,"Shared Read Blocks":0,"Shared Dirtied Blocks":0,"Shared Written Blocks":0,"Local Hit Blocks":0,"Local Read Blocks":0,"Local Dirtied Blocks":0,"Local Written Blocks":0,"Temp Read Blocks":0,"Temp Written Blocks":0,"I/O Read Time":0.0,"I/O Write Time":0.0,"Temp I/O Read Time":0.0,"Temp I/O Write Time":0.0},"Planning Time":4.077,"Triggers":[],"Execution Time":16670.854}]
[列存组合]: stock, supplier
[{"Plan":{"Node Type":"Sort","Parallel Aware":false,"Async Capable":false,"Startup Cost":2017086.66,"Total Cost":2017086.81,"Plan Rows":62,"Plan Width":40,"Actual Startup Time":16657.497,"Actual Total Time":16657.515,"Actual Rows":11,"Actual Loops":1,"Output":["nation.n_name","(sum(order_line.ol_amount))"],"Sort Key":["(sum(order_line.ol_amount)) DESC"],"Sort Method":"quicksort","Sort Space Used":25,"Sort Space Type":"Memory","Shared Hit Blocks":619887,"Shared Read Blocks":0,"Shared Dirtied Blocks":0,"Shared Written Blocks":0,"Local Hit Blocks":0,"Local Read Blocks":0,"Local Dirtied Blocks":0,"Local Written Blocks":0,"Temp Read Blocks":129460,"Temp Written Blocks":129487,"I/O Read Time":0.0,"I/O Write Time":0.0,"Temp I/O Read Time":211.484,"Temp I/O Write Time":524.001,"Plans":[{"Node Type":"Aggregate","Strategy":"Sorted","Partial Mode":"Simple","Parent Relationship":"Outer","Parallel Aware":false,"Async Capable":false,"Startup Cost":2017010.87,"Total Cost":2017084.81,"Plan Rows":62,"Plan Width":40,"Actual Startup Time":16654.691,"Actual Total Time":16657.499,"Actual Rows":11,"Actual Loops":1,"Output":["nation.n_name","sum(order_line.ol_amount)"],"Group Key":["nation.n_name"],"Shared Hit Blocks":619887,"Shared Read Blocks":0,"Shared Dirtied Blocks":0,"Shared Written Blocks":0,"Local Hit Blocks":0,"Local Read Blocks":0,"Local Dirtied Blocks":0,"Local Written Blocks":0,"Temp Read Blocks":129460,"Temp Written Blocks":129487,"I/O Read Time":0.0,"I/O Write Time":0.0,"Temp I/O Read Time":211.484,"Temp I/O Write Time":524.001,"Plans":[{"Node Type":"Sort","Parent Relationship":"Outer","Parallel Aware":false,"Async Capable":false,"Startup Cost":2017010.87,"Total Cost":2017035.26,"Plan Rows":9755,"Plan Width":12,"Actual Startup Time":16654.482,"Actual Total Time":16655.238,"Actual Rows":17493,"Actual Loops":1,"Output":["nation.n_name","order_line.ol_amount"],"Sort Key":["nation.n_name"],"Sort Method":"quicksort","Sort Space Used":1725,"Sort Space Type":"Memory","Shared Hit Blocks":619887,"Shared Read Blocks":0,"Shared Dirtied Blocks":0,"Shared Written Blocks":0,"Local Hit Blocks":0,"Local Read Blocks":0,"Local Dirtied Blocks":0,"Local Written Blocks":0,"Temp Read Blocks":129460,"Temp Written Blocks":129487,"I/O Read Time":0.0,"I/O Write Time":0.0,"Temp I/O Read Time":211.484,"Temp I/O Write Time":524.001,"Plans":[{"Node Type":"Hash Join","Parent Relationship":"Outer","Parallel Aware":false,"Async Capable":false,"Join Type":"Inner","Startup Cost":1692867.6,"Total Cost":2016364.51,"Plan Rows":9755,"Plan Width":12,"Actual Startup Time":14809.258,"Actual Total Time":16645.461,"Actual Rows":17493,"Actual Loops":1,"Output":["nation.n_name","order_line.ol_amount"],"Inner Unique":true,"Hash Cond":"((mod((stock.s_w_id * stock.s_i_id), 10000) = supplier.su_suppkey) AND (customer.c_nationkey = supplier.su_nationkey))","Shared Hit Blocks":619887,"Shared Read Blocks":0,"Shared Dirtied Blocks":0,"Shared Written Blocks":0,"Local Hit Blocks":0,"Local Read Blocks":0,"Local Dirtied Blocks":0,"Local Written Blocks":0,"Temp Read Blocks":129460,"Temp Written Blocks":129487,"I/O Read Time":0.0,"I/O Write Time":0.0,"Temp I/O Read Time":211.484,"Temp I/O Write Time":524.001,"Plans":[{"Node Type":"Merge Join","Parent Relationship":"Outer","Parallel Aware":false,"Async Capable":false,"Join Type":"Inner","Startup Cost":1692498.58,"Total Cost":2012680.35,"Plan Rows":602749,"Plan Width":26,"Actual Startup Time":14805.744,"Actual Total Time":16501.844,"Actual Rows":1109507,"Actual Loops":1,"Output":["customer.c_nationkey","order_line.ol_amount","stock.s_w_id","stock.s_i_id","nation.n_name","nation.n_nationkey"],"Inner Unique":true,"Merge Cond":"((customer.c_w_id = stock.s_w_id) AND (order_line.ol_i_id = stock.s_i_id))","Shared Hit Blocks":619887,"Shared Read Blocks":0,"Shared Dirtied Blocks":0,"Shared Written Blocks":0,"Local Hit Blocks":0,"Local Read Blocks":0,"Local Dirtied Blocks":0,"Local Written Blocks":0,"Temp Read Blocks":129460,"Temp Written Blocks":129487,"I/O Read Time":0.0,"I/O Write Time":0.0,"Temp I/O Read Time":211.484,"Temp I/O Write Time":524.001,"Plans":[{"Node Type":"Sort","Parent Relationship":"Outer","Parallel Aware":false,"Async Capable":false,"Startup Cost":1692498.14,"Total Cost":1693985.82,"Plan Rows":595073,"Plan Width":30,"Actual Startup Time":14805.685,"Actual Total Time":14987.143,"Actual Rows":1109507,"Actual Loops":1,"Output":["customer.c_w_id","customer.c_nationkey","orders.o_w_id","order_line.ol_amount","order_line.ol_w_id","order_line.ol_i_id","nation.n_name","nation.n_nationkey"],"Sort Key":["customer.c_w_id","order_line.ol_i_id"],"Sort Method":"external merge","Sort Space Used":47304,"Sort Space Type":"Disk","Shared Hit Blocks":592549,"Shared Read Blocks":0,"Shared Dirtied Blocks":0,"Shared Written Blocks":0,"Local Hit Blocks":0,"Local Read Blocks":0,"Local Dirtied Blocks":0,"Local Written Blocks":0,"Temp Read Blocks":129460,"Temp Written Blocks":129487,"I/O Read Time":0.0,"I/O Write Time":0.0,"Temp I/O Read Time":211.484,"Temp I/O Write Time":524.001,"Plans":[{"Node Type":"Hash Join","Parent Relationship":"Outer","Parallel Aware":false,"Async Capable":false,"Join Type":"Inner","Startup Cost":403354.53,"Total Cost":1621184.58,"Plan Rows":595073,"Plan Width":30,"Actual Startup Time":1524.379,"Actual Total Time":13420.726,"Actual Rows":1109507,"Actual Loops":1,"Output":["customer.c_w_id","customer.c_nationkey","orders.o_w_id","order_line.ol_amount","order_line.ol_w_id","order_line.ol_i_id","nation.n_name","nation.n_nationkey"],"Inner Unique":false,"Hash Cond":"(customer.c_nationkey = nation.n_nationkey)","Shared Hit Blocks":592549,"Shared Read Blocks":0,"Shared Dirtied Blocks":0,"Shared Written Blocks":0,"Local Hit Blocks":0,"Local Read Blocks":0,"Local Dirtied Blocks":0,"Local Written Blocks":0,"Temp Read Blocks":117643,"Temp Written Blocks":117643,"I/O Read Time":0.0,"I/O Write Time":0.0,"Temp I/O Read Time":193.287,"Temp I/O Write Time":492.546,"Plans":[{"Node Type":"Hash Join","Parent Relationship":"Outer","Parallel Aware":false,"Async Capable":false,"Join Type":"Inner","Startup Cost":403351.39,"Total Cost":1604265.05,"Plan Rows":2975367,"Plan Width":18,"Actual Startup Time":1514.804,"Actual Total Time":13001.991,"Actual Rows":4284922,"Actual Loops":1,"Output":["customer.c_w_id","customer.c_nationkey","orders.o_w_id","order_line.ol_amount","order_line.ol_w_id","order_line.ol_i_id"],"Inner Unique":true,"Hash Cond":"((orders.o_c_id = customer.c_id) AND (orders.o_w_id = customer.c_w_id) AND (orders.o_d_id = customer.c_d_id))","Shared Hit Blocks":592547,"Shared Read Blocks":0,"Shared Dirtied Blocks":0,"Shared Written Blocks":0,"Local Hit Blocks":0,"Local Read Blocks":0,"Local Dirtied Blocks":0,"Local Written Blocks":0,"Temp Read Blocks":117643,"Temp Written Blocks":117643,"I/O Read Time":0.0,"I/O Write Time":0.0,"Temp I/O Read Time":193.287,"Temp I/O Write Time":492.546,"Plans":[{"Node Type":"Hash Join","Parent Relationship":"Outer","Parallel Aware":false,"Async Capable":false,"Join Type":"Inner","Startup Cost":76606.59,"Total Cost":1204573.22,"Plan Rows":2975367,"Plan Width":20,"Actual Startup Time":363.074,"Actual Total Time":9714.364,"Actual Rows":4284922,"Actual Loops":1,"Output":["orders.o_c_id","orders.o_w_id","orders.o_d_id","order_line.ol_amount","order_line.ol_w_id","order_line.ol_d_id","order_line.ol_i_id"],"Inner Unique":true,"Hash Cond":"((order_line.ol_w_id = orders.o_w_id) AND (order_line.ol_d_id = orders.o_d_id) AND (order_line.ol_o_id = orders.o_id))","Shared Hit Blocks":362943,"Shared Read Blocks":0,"Shared Dirtied Blocks":0,"Shared Written Blocks":0,"Local Hit Blocks":0,"Local Read Blocks":0,"Local Dirtied Blocks":0,"Local Written Blocks":0,"Temp Read Blocks":85996,"Temp Written Blocks":85996,"I/O Read Time":0.0,"I/O Write Time":0.0,"Temp I/O Read Time":141.935,"Temp I/O Write Time":343.575,"Plans":[{"Node Type":"Seq Scan","Parent Relationship":"Outer","Parallel Aware":false,"Async Capable":false,"Relation Name":"order_line","Schema":"public","Alias":"order_line","Startup Cost":0.0,"Total Cost":715856.4,"Plan Rows":20926367,"Plan Width":20,"Actual Startup Time":0.007,"Actual Total Time":3771.384,"Actual Rows":21002151,"Actual Loops":1,"Output":["order_line.ol_amount","order_line.ol_o_id","order_line.ol_w_id","order_line.ol_d_id","order_line.ol_i_id"],"Filter":"(order_line.ol_delivery_d >= '1992-01-02 20:10:02.27764'::timestamp without time zone)","Rows Removed by Filter":8995581,"Shared Hit Blocks":340884,"Shared Read Blocks":0,"Shared Dirtied Blocks":0,"Shared Written Blocks":0,"Local Hit Blocks":0,"Local Read Blocks":0,"Local Dirtied Blocks":0,"Local Written Blocks":0,"Temp Read Blocks":0,"Temp Written Blocks":0,"I/O Read Time":0.0,"I/O Write Time":0.0,"Temp I/O Read Time":0.0,"Temp I/O Write Time":0.0},{"Node Type":"Hash","Parent Relationship":"Inner","Parallel Aware":false,"Async Capable":false,"Startup Cost":67059.0,"Total Cost":67059.0,"Plan Rows":426548,"Plan Width":16,"Actual Startup Time":295.485,"Actual Total Time":295.488,"Actual Rows":428399,"Actual Loops":1,"Output":["orders.o_c_id","orders.o_w_id","orders.o_d_id","orders.o_id"],"Hash Buckets":262144,"Original Hash Buckets":262144,"Hash Batches":4,"Original Hash Batches":4,"Peak Memory Usage":7080,"Shared Hit Blocks":22059,"Shared Read Blocks":0,"Shared Dirtied Blocks":0,"Shared Written Blocks":0,"Local Hit Blocks":0,"Local Read Blocks":0,"Local Dirtied Blocks":0,"Local Written Blocks":0,"Temp Read Blocks":0,"Temp Written Blocks":1410,"I/O Read Time":0.0,"I/O Write Time":0.0,"Temp I/O Read Time":0.0,"Temp I/O Write Time":6.288,"Plans":[{"Node Type":"Seq Scan","Parent Relationship":"Outer","Parallel Aware":false,"Async Capable":false,"Relation Name":"orders","Schema":"public","Alias":"orders","Startup Cost":0.0,"Total Cost":67059.0,"Plan Rows":426548,"Plan Width":16,"Actual Startup Time":0.829,"Actual Total Time":220.261,"Actual Rows":428399,"Actual Loops":1,"Output":["orders.o_c_id","orders.o_w_id","orders.o_d_id","orders.o_id"],"Filter":"((orders.o_entry_d >= '1993-01-02 20:10:02.27764'::timestamp without time zone) AND (orders.o_entry_d < '1994-01-02 20:10:02.27764'::timestamp without time zone))","Rows Removed by Filter":2571601,"Shared Hit Blocks":22059,"Shared Read Blocks":0,"Shared Dirtied Blocks":0,"Shared Written Blocks":0,"Local Hit Blocks":0,"Local Read Blocks":0,"Local Dirtied Blocks":0,"Local Written Blocks":0,"Temp Read Blocks":0,"Temp Written Blocks":0,"I/O Read Time":0.0,"I/O Write Time":0.0,"Temp I/O Read Time":0.0,"Temp I/O Write Time":0.0}]}]},{"Node Type":"Hash","Parent Relationship":"Inner","Parallel Aware":false,"Async Capable":false,"Startup Cost":259601.38,"Total Cost":259601.38,"Plan Rows":2999738,"Plan Width":12,"Actual Startup Time":1149.374,"Actual Total Time":1149.375,"Actual Rows":3000000,"Actual Loops":1,"Output":["customer.c_id","customer.c_w_id","customer.c_d_id","customer.c_nationkey"],"Hash Buckets":262144,"Original Hash Buckets":262144,"Hash Batches":32,"Original Hash Batches":32,"Peak Memory Usage":6090,"Shared Hit Blocks":229604,"Shared Read Blocks":0,"Shared Dirtied Blocks":0,"Shared Written Blocks":0,"Local Hit Blocks":0,"Local Read Blocks":0,"Local Dirtied Blocks":0,"Local Written Blocks":0,"Temp Read Blocks":0,"Temp Written Blocks":11335,"I/O Read Time":0.0,"I/O Write Time":0.0,"Temp I/O Read Time":0.0,"Temp I/O Write Time":53.319,"Plans":[{"Node Type":"Seq Scan","Parent Relationship":"Outer","Parallel Aware":false,"Async Capable":false,"Relation Name":"customer","Schema":"public","Alias":"customer","Startup Cost":0.0,"Total Cost":259601.38,"Plan Rows":2999738,"Plan Width":12,"Actual Startup Time":0.011,"Actual Total Time":650.037,"Actual Rows":3000000,"Actual Loops":1,"Output":["customer.c_id","customer.c_w_id","customer.c_d_id","customer.c_nationkey"],"Shared Hit Blocks":229604,"Shared Read Blocks":0,"Shared Dirtied Blocks":0,"Shared Written Blocks":0,"Local Hit Blocks":0,"Local Read Blocks":0,"Local Dirtied Blocks":0,"Local Written Blocks":0,"Temp Read Blocks":0,"Temp Written Blocks":0,"I/O Read Time":0.0,"I/O Write Time":0.0,"Temp I/O Read Time":0.0,"Temp I/O Write Time":0.0}]}]},{"Node Type":"Hash","Parent Relationship":"Inner","Parallel Aware":false,"Async Capable":false,"Startup Cost":2.99,"Total Cost":2.99,"Plan Rows":12,"Plan Width":12,"Actual Startup Time":0.042,"Actual Total Time":0.045,"Actual Rows":22,"Actual Loops":1,"Output":["nation.n_name","nation.n_nationkey"],"Hash Buckets":1024,"Original Hash Buckets":1024,"Hash Batches":1,"Original Hash Batches":1,"Peak Memory Usage":9,"Shared Hit Blocks":2,"Shared Read Blocks":0,"Shared Dirtied Blocks":0,"Shared Written Blocks":0,"Local Hit Blocks":0,"Local Read Blocks":0,"Local Dirtied Blocks":0,"Local Written Blocks":0,"Temp Read Blocks":0,"Temp Written Blocks":0,"I/O Read Time":0.0,"I/O Write Time":0.0,"Temp I/O Read Time":0.0,"Temp I/O Write Time":0.0,"Plans":[{"Node Type":"Hash Join","Parent Relationship":"Outer","Parallel Aware":false,"Async Capable":false,"Join Type":"Inner","Startup Cost":1.07,"Total Cost":2.99,"Plan Rows":12,"Plan Width":12,"Actual Startup Time":0.025,"Actual Total Time":0.04,"Actual Rows":22,"Actual Loops":1,"Output":["nation.n_name","nation.n_nationkey"],"Inner Unique":true,"Hash Cond":"(nation.n_regionkey = region.r_regionkey)","Shared Hit Blocks":2,"Shared Read Blocks":0,"Shared Dirtied Blocks":0,"Shared Written Blocks":0,"Local Hit Blocks":0,"Local Read Blocks":0,"Local Dirtied Blocks":0,"Local Written Blocks":0,"Temp Read Blocks":0,"Temp Written Blocks":0,"I/O Read Time":0.0,"I/O Write Time":0.0,"Temp I/O Read Time":0.0,"Temp I/O Write Time":0.0,"Plans":[{"Node Type":"Seq Scan","Parent Relationship":"Outer","Parallel Aware":false,"Async Capable":false,"Relation Name":"nation","Schema":"public","Alias":"nation","Startup Cost":0.0,"Total Cost":1.62,"Plan Rows":62,"Plan Width":16,"Actual Startup Time":0.007,"Actual Total Time":0.011,"Actual Rows":62,"Actual Loops":1,"Output":["nation.n_nationkey","nation.n_name","nation.n_regionkey","nation.n_comment"],"Shared Hit Blocks":1,"Shared Read Blocks":0,"Shared Dirtied Blocks":0,"Shared Written Blocks":0,"Local Hit Blocks":0,"Local Read Blocks":0,"Local Dirtied Blocks":0,"Local Written Blocks":0,"Temp Read Blocks":0,"Temp Written Blocks":0,"I/O Read Time":0.0,"I/O Write Time":0.0,"Temp I/O Read Time":0.0,"Temp I/O Write Time":0.0},{"Node Type":"Hash","Parent Relationship":"Inner","Parallel Aware":false,"Async Capable":false,"Startup Cost":1.06,"Total Cost":1.06,"Plan Rows":1,"Plan Width":4,"Actual Startup Time":0.008,"Actual Total Time":0.008,"Actual Rows":1,"Actual Loops":1,"Output":["region.r_regionkey"],"Hash Buckets":1024,"Original Hash Buckets":1024,"Hash Batches":1,"Original Hash Batches":1,"Peak Memory Usage":9,"Shared Hit Blocks":1,"Shared Read Blocks":0,"Shared Dirtied Blocks":0,"Shared Written Blocks":0,"Local Hit Blocks":0,"Local Read Blocks":0,"Local Dirtied Blocks":0,"Local Written Blocks":0,"Temp Read Blocks":0,"Temp Written Blocks":0,"I/O Read Time":0.0,"I/O Write Time":0.0,"Temp I/O Read Time":0.0,"Temp I/O Write Time":0.0,"Plans":[{"Node Type":"Seq Scan","Parent Relationship":"Outer","Parallel Aware":false,"Async Capable":false,"Relation Name":"region","Schema":"public","Alias":"region","Startup Cost":0.0,"Total Cost":1.06,"Plan Rows":1,"Plan Width":4,"Actual Startup Time":0.006,"Actual Total Time":0.006,"Actual Rows":1,"Actual Loops":1,"Output":["region.r_regionkey"],"Filter":"((region.r_name)::text = 'Europe'::text)","Rows Removed by Filter":4,"Shared Hit Blocks":1,"Shared Read Blocks":0,"Shared Dirtied Blocks":0,"Shared Written Blocks":0,"Local Hit Blocks":0,"Local Read Blocks":0,"Local Dirtied Blocks":0,"Local Written Blocks":0,"Temp Read Blocks":0,"Temp Written Blocks":0,"I/O Read Time":0.0,"I/O Write Time":0.0,"Temp I/O Read Time":0.0,"Temp I/O Write Time":0.0}]}]}]}]}]},{"Node Type":"Index Only Scan","Parent Relationship":"Inner","Parallel Aware":false,"Async Capable":false,"Scan Direction":"Forward","Index Name":"stock_pk","Relation Name":"stock","Schema":"public","Alias":"stock","Startup Cost":0.43,"Total Cost":259690.86,"Plan Rows":10000162,"Plan Width":6,"Actual Startup Time":0.045,"Actual Total Time":707.222,"Actual Rows":9999996,"Actual Loops":1,"Output":["stock.s_w_id","stock.s_i_id"],"Heap Fetches":0,"Shared Hit Blocks":27338,"Shared Read Blocks":0,"Shared Dirtied Blocks":0,"Shared Written Blocks":0,"Local Hit Blocks":0,"Local Read Blocks":0,"Local Dirtied Blocks":0,"Local Written Blocks":0,"Temp Read Blocks":0,"Temp Written Blocks":0,"I/O Read Time":0.0,"I/O Write Time":0.0,"Temp I/O Read Time":0.0,"Temp I/O Write Time":0.0}]},{"Node Type":"Hash","Parent Relationship":"Inner","Parallel Aware":false,"Async Capable":false,"Startup Cost":219.01,"Total Cost":219.01,"Plan Rows":10001,"Plan Width":8,"Actual Startup Time":3.091,"Actual Total Time":3.094,"Actual Rows":10000,"Actual Loops":1,"Output":["supplier.su_suppkey","supplier.su_nationkey"],"Hash Buckets":16384,"Original Hash Buckets":16384,"Hash Batches":1,"Original Hash Batches":1,"Peak Memory Usage":519,"Shared Hit Blocks":0,"Shared Read Blocks":0,"Shared Dirtied Blocks":0,"Shared Written Blocks":0,"Local Hit Blocks":0,"Local Read Blocks":0,"Local Dirtied Blocks":0,"Local Written Blocks":0,"Temp Read Blocks":0,"Temp Written Blocks":0,"I/O Read Time":0.0,"I/O Write Time":0.0,"Temp I/O Read Time":0.0,"Temp I/O Write Time":0.0,"Plans":[{"Node Type":"Append","Parent Relationship":"Outer","Parallel Aware":false,"Async Capable":false,"Startup Cost":20.0,"Total Cost":219.01,"Plan Rows":10001,"Plan Width":8,"Actual Startup Time":0.014,"Actual Total Time":1.786,"Actual Rows":10000,"Actual Loops":1,"Shared Hit Blocks":0,"Shared Read Blocks":0,"Shared Dirtied Blocks":0,"Shared Written Blocks":0,"Local Hit Blocks":0,"Local Read Blocks":0,"Local Dirtied Blocks":0,"Local Written Blocks":0,"Temp Read Blocks":0,"Temp Written Blocks":0,"I/O Read Time":0.0,"I/O Write Time":0.0,"Temp I/O Read Time":0.0,"Temp I/O Write Time":0.0,"Subplans Removed":0,"Plans":[{"Node Type":"Custom Scan","Parent Relationship":"Member","Custom Plan Provider":"columnar scan","Parallel Aware":false,"Async Capable":false,"Relation Name":"supplier","Schema":"public","Alias":"supplier","Startup Cost":20.0,"Total Cost":215.0,"Plan Rows":10000,"Plan Width":8,"Actual Startup Time":0.013,"Actual Total Time":1.077,"Actual Rows":10000,"Actual Loops":1,"Output":["supplier.su_suppkey","supplier.su_nationkey"],"Rows Removed by Columnar Filter":0,"Columnar cache search mode":"native","Shared Hit Blocks":0,"Shared Read Blocks":0,"Shared Dirtied Blocks":0,"Shared Written Blocks":0,"Local Hit Blocks":0,"Local Read Blocks":0,"Local Dirtied Blocks":0,"Local Written Blocks":0,"Temp Read Blocks":0,"Temp Written Blocks":0,"I/O Read Time":0.0,"I/O Write Time":0.0,"Temp I/O Read Time":0.0,"Temp I/O Write Time":0.0},{"Node Type":"Seq Scan","Parent Relationship":"Member","Parallel Aware":false,"Async Capable":false,"Relation Name":"supplier","Schema":"public","Alias":"supplier","Startup Cost":0.0,"Total Cost":4.01,"Plan Rows":1,"Plan Width":8,"Actual Startup Time":0.0,"Actual Total Time":0.0,"Actual Rows":0,"Actual Loops":0,"Output":["supplier.su_suppkey","supplier.su_nationkey"],"Shared Hit Blocks":0,"Shared Read Blocks":0,"Shared Dirtied Blocks":0,"Shared Written Blocks":0,"Local Hit Blocks":0,"Local Read Blocks":0,"Local Dirtied Blocks":0,"Local Written Blocks":0,"Temp Read Blocks":0,"Temp Written Blocks":0,"I/O Read Time":0.0,"I/O Write Time":0.0,"Temp I/O Read Time":0.0,"Temp I/O Write Time":0.0}]}]}]}]}]}]},"Planning":{"Shared Hit Blocks":16,"Shared Read Blocks":0,"Shared Dirtied Blocks":0,"Shared Written Blocks":0,"Local Hit Blocks":0,"Local Read Blocks":0,"Local Dirtied Blocks":0,"Local Written Blocks":0,"Temp Read Blocks":0,"Temp Written Blocks":0,"I/O Read Time":0.0,"I/O Write Time":0.0,"Temp I/O Read Time":0.0,"Temp I/O Write Time":0.0},"Planning Time":4.754,"Triggers":[],"Execution Time":16665.841}]
[列存组合]: customer, nation, order_line
[{"Plan":{"Node Type":"Sort","Parallel Aware":false,"Async Capable":false,"Startup Cost":1998058.03,"Total Cost":1998058.18,"Plan Rows":62,"Plan Width":40,"Actual Startup Time":10334.076,"Actual Total Time":10334.107,"Actual Rows":11,"Actual Loops":1,"Output":["nation.n_name","(sum(order_line.ol_amount))"],"Sort Key":["(sum(order_line.ol_amount)) DESC"],"Sort Method":"quicksort","Sort Space Used":25,"Sort Space Type":"Memory","Shared Hit Blocks":49616,"Shared Read Blocks":0,"Shared Dirtied Blocks":0,"Shared Written Blocks":0,"Local Hit Blocks":0,"Local Read Blocks":0,"Local Dirtied Blocks":0,"Local Written Blocks":0,"Temp Read Blocks":62236,"Temp Written Blocks":62263,"I/O Read Time":0.0,"I/O Write Time":0.0,"Temp I/O Read Time":102.466,"Temp I/O Write Time":254.749,"Plans":[{"Node Type":"Aggregate","Strategy":"Sorted","Partial Mode":"Simple","Parent Relationship":"Outer","Parallel Aware":false,"Async Capable":false,"Startup Cost":1997982.24,"Total Cost":1998056.18,"Plan Rows":62,"Plan Width":40,"Actual Startup Time":10331.254,"Actual Total Time":10334.091,"Actual Rows":11,"Actual Loops":1,"Output":["nation.n_name","sum(order_line.ol_amount)"],"Group Key":["nation.n_name"],"Shared Hit Blocks":49616,"Shared Read Blocks":0,"Shared Dirtied Blocks":0,"Shared Written Blocks":0,"Local Hit Blocks":0,"Local Read Blocks":0,"Local Dirtied Blocks":0,"Local Written Blocks":0,"Temp Read Blocks":62236,"Temp Written Blocks":62263,"I/O Read Time":0.0,"I/O Write Time":0.0,"Temp I/O Read Time":102.466,"Temp I/O Write Time":254.749,"Plans":[{"Node Type":"Sort","Parent Relationship":"Outer","Parallel Aware":false,"Async Capable":false,"Startup Cost":1997982.24,"Total Cost":1998006.63,"Plan Rows":9755,"Plan Width":12,"Actual Startup Time":10331.045,"Actual Total Time":10331.833,"Actual Rows":17493,"Actual Loops":1,"Output":["nation.n_name","order_line.ol_amount"],"Sort Key":["nation.n_name"],"Sort Method":"quicksort","Sort Space Used":1725,"Sort Space Type":"Memory","Shared Hit Blocks":49616,"Shared Read Blocks":0,"Shared Dirtied Blocks":0,"Shared Written Blocks":0,"Local Hit Blocks":0,"Local Read Blocks":0,"Local Dirtied Blocks":0,"Local Written Blocks":0,"Temp Read Blocks":62236,"Temp Written Blocks":62263,"I/O Read Time":0.0,"I/O Write Time":0.0,"Temp I/O Read Time":102.466,"Temp I/O Write Time":254.749,"Plans":[{"Node Type":"Hash Join","Parent Relationship":"Outer","Parallel Aware":false,"Async Capable":false,"Join Type":"Inner","Startup Cost":1673838.97,"Total Cost":1997335.88,"Plan Rows":9755,"Plan Width":12,"Actual Startup Time":8493.526,"Actual Total Time":10321.988,"Actual Rows":17493,"Actual Loops":1,"Output":["nation.n_name","order_line.ol_amount"],"Inner Unique":true,"Hash Cond":"((mod((stock.s_w_id * stock.s_i_id), 10000) = supplier.su_suppkey) AND (customer.c_nationkey = supplier.su_nationkey))","Shared Hit Blocks":49616,"Shared Read Blocks":0,"Shared Dirtied Blocks":0,"Shared Written Blocks":0,"Local Hit Blocks":0,"Local Read Blocks":0,"Local Dirtied Blocks":0,"Local Written Blocks":0,"Temp Read Blocks":62236,"Temp Written Blocks":62263,"I/O Read Time":0.0,"I/O Write Time":0.0,"Temp I/O Read Time":102.466,"Temp I/O Write Time":254.749,"Plans":[{"Node Type":"Merge Join","Parent Relationship":"Outer","Parallel Aware":false,"Async Capable":false,"Join Type":"Inner","Startup Cost":1673371.97,"Total Cost":1993553.75,"Plan Rows":602749,"Plan Width":26,"Actual Startup Time":8490.538,"Actual Total Time":10179.068,"Actual Rows":1109507,"Actual Loops":1,"Output":["customer.c_nationkey","order_line.ol_amount","stock.s_w_id","stock.s_i_id","nation.n_name","nation.n_nationkey"],"Inner Unique":true,"Merge Cond":"((customer.c_w_id = stock.s_w_id) AND (order_line.ol_i_id = stock.s_i_id))","Shared Hit Blocks":49399,"Shared Read Blocks":0,"Shared Dirtied Blocks":0,"Shared Written Blocks":0,"Local Hit Blocks":0,"Local Read Blocks":0,"Local Dirtied Blocks":0,"Local Written Blocks":0,"Temp Read Blocks":62236,"Temp Written Blocks":62263,"I/O Read Time":0.0,"I/O Write Time":0.0,"Temp I/O Read Time":102.466,"Temp I/O Write Time":254.749,"Plans":[{"Node Type":"Sort","Parent Relationship":"Outer","Parallel Aware":false,"Async Capable":false,"Startup Cost":1673371.53,"Total Cost":1674859.22,"Plan Rows":595073,"Plan Width":30,"Actual Startup Time":8490.477,"Actual Total Time":8670.007,"Actual Rows":1109507,"Actual Loops":1,"Output":["customer.c_w_id","customer.c_nationkey","orders.o_w_id","order_line.ol_amount","order_line.ol_w_id","order_line.ol_i_id","nation.n_name","nation.n_nationkey"],"Sort Key":["customer.c_w_id","order_line.ol_i_id"],"Sort Method":"external merge","Sort Space Used":47304,"Sort Space Type":"Disk","Shared Hit Blocks":22061,"Shared Read Blocks":0,"Shared Dirtied Blocks":0,"Shared Written Blocks":0,"Local Hit Blocks":0,"Local Read Blocks":0,"Local Dirtied Blocks":0,"Local Written Blocks":0,"Temp Read Blocks":62236,"Temp Written Blocks":62263,"I/O Read Time":0.0,"I/O Write Time":0.0,"Temp I/O Read Time":102.466,"Temp I/O Write Time":254.749,"Plans":[{"Node Type":"Hash Join","Parent Relationship":"Outer","Parallel Aware":false,"Async Capable":false,"Join Type":"Inner","Startup Cost":398284.32,"Total Cost":1602057.98,"Plan Rows":595073,"Plan Width":30,"Actual Startup Time":1499.579,"Actual Total Time":7094.442,"Actual Rows":1109507,"Actual Loops":1,"Output":["customer.c_w_id","customer.c_nationkey","orders.o_w_id","order_line.ol_amount","order_line.ol_w_id","order_line.ol_i_id","nation.n_name","nation.n_nationkey"],"Inner Unique":false,"Hash Cond":"(customer.c_nationkey = nation.n_nationkey)","Shared Hit Blocks":22061,"Shared Read Blocks":0,"Shared Dirtied Blocks":0,"Shared Written Blocks":0,"Local Hit Blocks":0,"Local Read Blocks":0,"Local Dirtied Blocks":0,"Local Written Blocks":0,"Temp Read Blocks":50419,"Temp Written Blocks":50419,"I/O Read Time":0.0,"I/O Write Time":0.0,"Temp I/O Read Time":84.316,"Temp I/O Write Time":223.128,"Plans":[{"Node Type":"Hash Join","Parent Relationship":"Outer","Parallel Aware":false,"Async Capable":false,"Join Type":"Inner","Startup Cost":398281.18,"Total Cost":1585138.44,"Plan Rows":2975367,"Plan Width":18,"Actual Startup Time":1492.435,"Actual Total Time":6671.681,"Actual Rows":4284922,"Actual Loops":1,"Output":["customer.c_w_id","customer.c_nationkey","orders.o_w_id","order_line.ol_amount","order_line.ol_w_id","order_line.ol_i_id"],"Inner Unique":true,"Hash Cond":"((orders.o_c_id = customer.c_id) AND (orders.o_w_id = customer.c_w_id) AND (orders.o_d_id = customer.c_d_id))","Shared Hit Blocks":22059,"Shared Read Blocks":0,"Shared Dirtied Blocks":0,"Shared Written Blocks":0,"Local Hit Blocks":0,"Local Read Blocks":0,"Local Dirtied Blocks":0,"Local Written Blocks":0,"Temp Read Blocks":50419,"Temp Written Blocks":50419,"I/O Read Time":0.0,"I/O Write Time":0.0,"Temp I/O Read Time":84.316,"Temp I/O Write Time":223.128,"Plans":[{"Node Type":"Hash Join","Parent Relationship":"Outer","Parallel Aware":false,"Async Capable":false,"Join Type":"Inner","Startup Cost":76626.59,"Total Cost":1190536.82,"Plan Rows":2975367,"Plan Width":20,"Actual Startup Time":328.865,"Actual Total Time":3351.597,"Actual Rows":4284922,"Actual Loops":1,"Output":["orders.o_c_id","orders.o_w_id","orders.o_d_id","order_line.ol_amount","order_line.ol_w_id","order_line.ol_d_id","order_line.ol_i_id"],"Inner Unique":true,"Hash Cond":"((order_line.ol_w_id = orders.o_w_id) AND (order_line.ol_d_id = orders.o_d_id) AND (order_line.ol_o_id = orders.o_id))","Shared Hit Blocks":22059,"Shared Read Blocks":0,"Shared Dirtied Blocks":0,"Shared Written Blocks":0,"Local Hit Blocks":0,"Local Read Blocks":0,"Local Dirtied Blocks":0,"Local Written Blocks":0,"Temp Read Blocks":18772,"Temp Written Blocks":18772,"I/O Read Time":0.0,"I/O Write Time":0.0,"Temp I/O Read Time":32.103,"Temp I/O Write Time":79.865,"Plans":[{"Node Type":"Append","Parent Relationship":"Outer","Parallel Aware":false,"Async Capable":false,"Startup Cost":20.0,"Total Cost":701820.0,"Plan Rows":20926367,"Plan Width":20,"Actual Startup Time":1.403,"Actual Total Time":1303.187,"Actual Rows":4311079,"Actual Loops":1,"Shared Hit Blocks":0,"Shared Read Blocks":0,"Shared Dirtied Blocks":0,"Shared Written Blocks":0,"Local Hit Blocks":0,"Local Read Blocks":0,"Local Dirtied Blocks":0,"Local Written Blocks":0,"Temp Read Blocks":0,"Temp Written Blocks":0,"I/O Read Time":0.0,"I/O Write Time":0.0,"Temp I/O Read Time":0.0,"Temp I/O Write Time":0.0,"Subplans Removed":0,"Plans":[{"Node Type":"Custom Scan","Parent Relationship":"Member","Custom Plan Provider":"columnar scan","Parallel Aware":false,"Async Capable":false,"Relation Name":"order_line","Schema":"public","Alias":"order_line","Startup Cost":20.0,"Total Cost":533641.75,"Plan Rows":20926325,"Plan Width":20,"Actual Startup Time":1.401,"Actual Total Time":996.294,"Actual Rows":4311079,"Actual Loops":1,"Output":["order_line.ol_amount","order_line.ol_o_id","order_line.ol_w_id","order_line.ol_d_id","order_line.ol_i_id"],"Filter":"(order_line.ol_delivery_d >= '1992-01-02 20:10:02.27764'::timestamp without time zone)","Rows Removed by Filter":0,"Rows Removed by Columnar Filter":25686653,"Rows Filtered by Bloom Filter":0,"Dictionary Rows Filtered by Bloom Filter":25686653,"Columnar cache search mode":"native","Shared Hit Blocks":0,"Shared Read Blocks":0,"Shared Dirtied Blocks":0,"Shared Written Blocks":0,"Local Hit Blocks":0,"Local Read Blocks":0,"Local Dirtied Blocks":0,"Local Written Blocks":0,"Temp Read Blocks":0,"Temp Written Blocks":0,"I/O Read Time":0.0,"I/O Write Time":0.0,"Temp I/O Read Time":0.0,"Temp I/O Write Time":0.0},{"Node Type":"Seq Scan","Parent Relationship":"Member","Parallel Aware":false,"Async Capable":false,"Relation Name":"order_line","Schema":"public","Alias":"order_line","Startup Cost":0.0,"Total Cost":4.75,"Plan Rows":42,"Plan Width":20,"Actual Startup Time":0.0,"Actual Total Time":0.0,"Actual Rows":0,"Actual Loops":0,"Output":["order_line.ol_amount","order_line.ol_o_id","order_line.ol_w_id","order_line.ol_d_id","order_line.ol_i_id"],"Filter":"(order_line.ol_delivery_d >= '1992-01-02 20:10:02.27764'::timestamp without time zone)","Rows Removed by Filter":0,"Shared Hit Blocks":0,"Shared Read Blocks":0,"Shared Dirtied Blocks":0,"Shared Written Blocks":0,"Local Hit Blocks":0,"Local Read Blocks":0,"Local Dirtied Blocks":0,"Local Written Blocks":0,"Temp Read Blocks":0,"Temp Written Blocks":0,"I/O Read Time":0.0,"I/O Write Time":0.0,"Temp I/O Read Time":0.0,"Temp I/O Write Time":0.0}]},{"Node Type":"Hash","Parent Relationship":"Inner","Parallel Aware":false,"Async Capable":false,"Startup Cost":67059.0,"Total Cost":67059.0,"Plan Rows":426548,"Plan Width":16,"Actual Startup Time":326.347,"Actual Total Time":326.35,"Actual Rows":428399,"Actual Loops":1,"Output":["orders.o_c_id","orders.o_w_id","orders.o_d_id","orders.o_id"],"Hash Buckets":262144,"Original Hash Buckets":262144,"Hash Batches":4,"Original Hash Batches":4,"Peak Memory Usage":7080,"Shared Hit Blocks":22059,"Shared Read Blocks":0,"Shared Dirtied Blocks":0,"Shared Written Blocks":0,"Local Hit Blocks":0,"Local Read Blocks":0,"Local Dirtied Blocks":0,"Local Written Blocks":0,"Temp Read Blocks":0,"Temp Written Blocks":1410,"I/O Read Time":0.0,"I/O Write Time":0.0,"Temp I/O Read Time":0.0,"Temp I/O Write Time":6.757,"Plans":[{"Node Type":"Seq Scan","Parent Relationship":"Outer","Parallel Aware":false,"Async Capable":false,"Relation Name":"orders","Schema":"public","Alias":"orders","Startup Cost":0.0,"Total Cost":67059.0,"Plan Rows":426548,"Plan Width":16,"Actual Startup Time":0.777,"Actual Total Time":221.903,"Actual Rows":428399,"Actual Loops":1,"Output":["orders.o_c_id","orders.o_w_id","orders.o_d_id","orders.o_id"],"Filter":"((orders.o_entry_d >= '1993-01-02 20:10:02.27764'::timestamp without time zone) AND (orders.o_entry_d < '1994-01-02 20:10:02.27764'::timestamp without time zone))","Rows Removed by Filter":2571601,"Shared Hit Blocks":22059,"Shared Read Blocks":0,"Shared Dirtied Blocks":0,"Shared Written Blocks":0,"Local Hit Blocks":0,"Local Read Blocks":0,"Local Dirtied Blocks":0,"Local Written Blocks":0,"Temp Read Blocks":0,"Temp Written Blocks":0,"I/O Read Time":0.0,"I/O Write Time":0.0,"Temp I/O Read Time":0.0,"Temp I/O Write Time":0.0}]}]},{"Node Type":"Hash","Parent Relationship":"Inner","Parallel Aware":false,"Async Capable":false,"Startup Cost":254511.16,"Total Cost":254511.16,"Plan Rows":2999739,"Plan Width":12,"Actual Startup Time":1161.738,"Actual Total Time":1161.742,"Actual Rows":3000000,"Actual Loops":1,"Output":["customer.c_id","customer.c_w_id","customer.c_d_id","customer.c_nationkey"],"Hash Buckets":262144,"Original Hash Buckets":262144,"Hash Batches":32,"Original Hash Batches":32,"Peak Memory Usage":6090,"Shared Hit Blocks":0,"Shared Read Blocks":0,"Shared Dirtied Blocks":0,"Shared Written Blocks":0,"Local Hit Blocks":0,"Local Read Blocks":0,"Local Dirtied Blocks":0,"Local Written Blocks":0,"Temp Read Blocks":0,"Temp Written Blocks":11335,"I/O Read Time":0.0,"I/O Write Time":0.0,"Temp I/O Read Time":0.0,"Temp I/O Write Time":50.14,"Plans":[{"Node Type":"Append","Parent Relationship":"Outer","Parallel Aware":false,"Async Capable":false,"Startup Cost":20.0,"Total Cost":254511.16,"Plan Rows":2999739,"Plan Width":12,"Actual Startup Time":0.014,"Actual Total Time":657.955,"Actual Rows":3000000,"Actual Loops":1,"Shared Hit Blocks":0,"Shared Read Blocks":0,"Shared Dirtied Blocks":0,"Shared Written Blocks":0,"Local Hit Blocks":0,"Local Read Blocks":0,"Local Dirtied Blocks":0,"Local Written Blocks":0,"Temp Read Blocks":0,"Temp Written Blocks":0,"I/O Read Time":0.0,"I/O Write Time":0.0,"Temp I/O Read Time":0.0,"Temp I/O Write Time":0.0,"Subplans Removed":0,"Plans":[{"Node Type":"Custom Scan","Parent Relationship":"Member","Custom Plan Provider":"columnar scan","Parallel Aware":false,"Async Capable":false,"Relation Name":"customer","Schema":"public","Alias":"customer","Startup Cost":20.0,"Total Cost":70513.87,"Plan Rows":2999738,"Plan Width":12,"Actual Startup Time":0.014,"Actual Total Time":446.062,"Actual Rows":3000000,"Actual Loops":1,"Output":["customer.c_id","customer.c_w_id","customer.c_d_id","customer.c_nationkey"],"Rows Removed by Columnar Filter":0,"Columnar cache search mode":"native","Shared Hit Blocks":0,"Shared Read Blocks":0,"Shared Dirtied Blocks":0,"Shared Written Blocks":0,"Local Hit Blocks":0,"Local Read Blocks":0,"Local Dirtied Blocks":0,"Local Written Blocks":0,"Temp Read Blocks":0,"Temp Written Blocks":0,"I/O Read Time":0.0,"I/O Write Time":0.0,"Temp I/O Read Time":0.0,"Temp I/O Write Time":0.0},{"Node Type":"Seq Scan","Parent Relationship":"Member","Parallel Aware":false,"Async Capable":false,"Relation Name":"customer","Schema":"public","Alias":"customer","Startup Cost":0.0,"Total Cost":4.01,"Plan Rows":1,"Plan Width":12,"Actual Startup Time":0.0,"Actual Total Time":0.0,"Actual Rows":0,"Actual Loops":0,"Output":["customer.c_id","customer.c_w_id","customer.c_d_id","customer.c_nationkey"],"Shared Hit Blocks":0,"Shared Read Blocks":0,"Shared Dirtied Blocks":0,"Shared Written Blocks":0,"Local Hit Blocks":0,"Local Read Blocks":0,"Local Dirtied Blocks":0,"Local Written Blocks":0,"Temp Read Blocks":0,"Temp Written Blocks":0,"I/O Read Time":0.0,"I/O Write Time":0.0,"Temp I/O Read Time":0.0,"Temp I/O Write Time":0.0}]}]}]},{"Node Type":"Hash","Parent Relationship":"Inner","Parallel Aware":false,"Async Capable":false,"Startup Cost":2.99,"Total Cost":2.99,"Plan Rows":12,"Plan Width":12,"Actual Startup Time":0.044,"Actual Total Time":0.049,"Actual Rows":22,"Actual Loops":1,"Output":["nation.n_name","nation.n_nationkey"],"Hash Buckets":1024,"Original Hash Buckets":1024,"Hash Batches":1,"Original Hash Batches":1,"Peak Memory Usage":9,"Shared Hit Blocks":2,"Shared Read Blocks":0,"Shared Dirtied Blocks":0,"Shared Written Blocks":0,"Local Hit Blocks":0,"Local Read Blocks":0,"Local Dirtied Blocks":0,"Local Written Blocks":0,"Temp Read Blocks":0,"Temp Written Blocks":0,"I/O Read Time":0.0,"I/O Write Time":0.0,"Temp I/O Read Time":0.0,"Temp I/O Write Time":0.0,"Plans":[{"Node Type":"Hash Join","Parent Relationship":"Outer","Parallel Aware":false,"Async Capable":false,"Join Type":"Inner","Startup Cost":1.07,"Total Cost":2.99,"Plan Rows":12,"Plan Width":12,"Actual Startup Time":0.027,"Actual Total Time":0.043,"Actual Rows":22,"Actual Loops":1,"Output":["nation.n_name","nation.n_nationkey"],"Inner Unique":true,"Hash Cond":"(nation.n_regionkey = region.r_regionkey)","Shared Hit Blocks":2,"Shared Read Blocks":0,"Shared Dirtied Blocks":0,"Shared Written Blocks":0,"Local Hit Blocks":0,"Local Read Blocks":0,"Local Dirtied Blocks":0,"Local Written Blocks":0,"Temp Read Blocks":0,"Temp Written Blocks":0,"I/O Read Time":0.0,"I/O Write Time":0.0,"Temp I/O Read Time":0.0,"Temp I/O Write Time":0.0,"Plans":[{"Node Type":"Seq Scan","Parent Relationship":"Outer","Parallel Aware":false,"Async Capable":false,"Relation Name":"nation","Schema":"public","Alias":"nation","Startup Cost":0.0,"Total Cost":1.62,"Plan Rows":62,"Plan Width":16,"Actual Startup Time":0.005,"Actual Total Time":0.008,"Actual Rows":62,"Actual Loops":1,"Output":["nation.n_nationkey","nation.n_name","nation.n_regionkey","nation.n_comment"],"Shared Hit Blocks":1,"Shared Read Blocks":0,"Shared Dirtied Blocks":0,"Shared Written Blocks":0,"Local Hit Blocks":0,"Local Read Blocks":0,"Local Dirtied Blocks":0,"Local Written Blocks":0,"Temp Read Blocks":0,"Temp Written Blocks":0,"I/O Read Time":0.0,"I/O Write Time":0.0,"Temp I/O Read Time":0.0,"Temp I/O Write Time":0.0},{"Node Type":"Hash","Parent Relationship":"Inner","Parallel Aware":false,"Async Capable":false,"Startup Cost":1.06,"Total Cost":1.06,"Plan Rows":1,"Plan Width":4,"Actual Startup Time":0.008,"Actual Total Time":0.009,"Actual Rows":1,"Actual Loops":1,"Output":["region.r_regionkey"],"Hash Buckets":1024,"Original Hash Buckets":1024,"Hash Batches":1,"Original Hash Batches":1,"Peak Memory Usage":9,"Shared Hit Blocks":1,"Shared Read Blocks":0,"Shared Dirtied Blocks":0,"Shared Written Blocks":0,"Local Hit Blocks":0,"Local Read Blocks":0,"Local Dirtied Blocks":0,"Local Written Blocks":0,"Temp Read Blocks":0,"Temp Written Blocks":0,"I/O Read Time":0.0,"I/O Write Time":0.0,"Temp I/O Read Time":0.0,"Temp I/O Write Time":0.0,"Plans":[{"Node Type":"Seq Scan","Parent Relationship":"Outer","Parallel Aware":false,"Async Capable":false,"Relation Name":"region","Schema":"public","Alias":"region","Startup Cost":0.0,"Total Cost":1.06,"Plan Rows":1,"Plan Width":4,"Actual Startup Time":0.006,"Actual Total Time":0.006,"Actual Rows":1,"Actual Loops":1,"Output":["region.r_regionkey"],"Filter":"((region.r_name)::text = 'Europe'::text)","Rows Removed by Filter":4,"Shared Hit Blocks":1,"Shared Read Blocks":0,"Shared Dirtied Blocks":0,"Shared Written Blocks":0,"Local Hit Blocks":0,"Local Read Blocks":0,"Local Dirtied Blocks":0,"Local Written Blocks":0,"Temp Read Blocks":0,"Temp Written Blocks":0,"I/O Read Time":0.0,"I/O Write Time":0.0,"Temp I/O Read Time":0.0,"Temp I/O Write Time":0.0}]}]}]}]}]},{"Node Type":"Index Only Scan","Parent Relationship":"Inner","Parallel Aware":false,"Async Capable":false,"Scan Direction":"Forward","Index Name":"stock_pk","Relation Name":"stock","Schema":"public","Alias":"stock","Startup Cost":0.43,"Total Cost":259690.86,"Plan Rows":10000162,"Plan Width":6,"Actual Startup Time":0.048,"Actual Total Time":704.885,"Actual Rows":9999996,"Actual Loops":1,"Output":["stock.s_w_id","stock.s_i_id"],"Heap Fetches":0,"Shared Hit Blocks":27338,"Shared Read Blocks":0,"Shared Dirtied Blocks":0,"Shared Written Blocks":0,"Local Hit Blocks":0,"Local Read Blocks":0,"Local Dirtied Blocks":0,"Local Written Blocks":0,"Temp Read Blocks":0,"Temp Written Blocks":0,"I/O Read Time":0.0,"I/O Write Time":0.0,"Temp I/O Read Time":0.0,"Temp I/O Write Time":0.0}]},{"Node Type":"Hash","Parent Relationship":"Inner","Parallel Aware":false,"Async Capable":false,"Startup Cost":317.0,"Total Cost":317.0,"Plan Rows":10000,"Plan Width":8,"Actual Startup Time":2.564,"Actual Total Time":2.564,"Actual Rows":10000,"Actual Loops":1,"Output":["supplier.su_suppkey","supplier.su_nationkey"],"Hash Buckets":16384,"Original Hash Buckets":16384,"Hash Batches":1,"Original Hash Batches":1,"Peak Memory Usage":519,"Shared Hit Blocks":217,"Shared Read Blocks":0,"Shared Dirtied Blocks":0,"Shared Written Blocks":0,"Local Hit Blocks":0,"Local Read Blocks":0,"Local Dirtied Blocks":0,"Local Written Blocks":0,"Temp Read Blocks":0,"Temp Written Blocks":0,"I/O Read Time":0.0,"I/O Write Time":0.0,"Temp I/O Read Time":0.0,"Temp I/O Write Time":0.0,"Plans":[{"Node Type":"Seq Scan","Parent Relationship":"Outer","Parallel Aware":false,"Async Capable":false,"Relation Name":"supplier","Schema":"public","Alias":"supplier","Startup Cost":0.0,"Total Cost":317.0,"Plan Rows":10000,"Plan Width":8,"Actual Startup Time":0.01,"Actual Total Time":1.268,"Actual Rows":10000,"Actual Loops":1,"Output":["supplier.su_suppkey","supplier.su_nationkey"],"Shared Hit Blocks":217,"Shared Read Blocks":0,"Shared Dirtied Blocks":0,"Shared Written Blocks":0,"Local Hit Blocks":0,"Local Read Blocks":0,"Local Dirtied Blocks":0,"Local Written Blocks":0,"Temp Read Blocks":0,"Temp Written Blocks":0,"I/O Read Time":0.0,"I/O Write Time":0.0,"Temp I/O Read Time":0.0,"Temp I/O Write Time":0.0}]}]}]}]}]},"Planning":{"Shared Hit Blocks":16,"Shared Read Blocks":0,"Shared Dirtied Blocks":0,"Shared Written Blocks":0,"Local Hit Blocks":0,"Local Read Blocks":0,"Local Dirtied Blocks":0,"Local Written Blocks":0,"Temp Read Blocks":0,"Temp Written Blocks":0,"I/O Read Time":0.0,"I/O Write Time":0.0,"Temp I/O Read Time":0.0,"Temp I/O Write Time":0.0},"Planning Time":5.137,"Triggers":[],"Execution Time":10347.132}]
[列存组合]: customer, nation, orders
[{"Plan":{"Node Type":"Sort","Parallel Aware":false,"Async Capable":false,"Startup Cost":2010779.56,"Total Cost":2010779.72,"Plan Rows":62,"Plan Width":40,"Actual Startup Time":16568.822,"Actual Total Time":16568.845,"Actual Rows":11,"Actual Loops":1,"Output":["nation.n_name","(sum(order_line.ol_amount))"],"Sort Key":["(sum(order_line.ol_amount)) DESC"],"Sort Method":"quicksort","Sort Space Used":25,"Sort Space Type":"Memory","Shared Hit Blocks":368441,"Shared Read Blocks":0,"Shared Dirtied Blocks":0,"Shared Written Blocks":0,"Local Hit Blocks":0,"Local Read Blocks":0,"Local Dirtied Blocks":0,"Local Written Blocks":0,"Temp Read Blocks":129460,"Temp Written Blocks":129487,"I/O Read Time":0.0,"I/O Write Time":0.0,"Temp I/O Read Time":210.298,"Temp I/O Write Time":517.126,"Plans":[{"Node Type":"Aggregate","Strategy":"Sorted","Partial Mode":"Simple","Parent Relationship":"Outer","Parallel Aware":false,"Async Capable":false,"Startup Cost":2010703.78,"Total Cost":2010777.72,"Plan Rows":62,"Plan Width":40,"Actual Startup Time":16565.987,"Actual Total Time":16568.829,"Actual Rows":11,"Actual Loops":1,"Output":["nation.n_name","sum(order_line.ol_amount)"],"Group Key":["nation.n_name"],"Shared Hit Blocks":368441,"Shared Read Blocks":0,"Shared Dirtied Blocks":0,"Shared Written Blocks":0,"Local Hit Blocks":0,"Local Read Blocks":0,"Local Dirtied Blocks":0,"Local Written Blocks":0,"Temp Read Blocks":129460,"Temp Written Blocks":129487,"I/O Read Time":0.0,"I/O Write Time":0.0,"Temp I/O Read Time":210.298,"Temp I/O Write Time":517.126,"Plans":[{"Node Type":"Sort","Parent Relationship":"Outer","Parallel Aware":false,"Async Capable":false,"Startup Cost":2010703.78,"Total Cost":2010728.17,"Plan Rows":9755,"Plan Width":12,"Actual Startup Time":16565.772,"Actual Total Time":16566.56,"Actual Rows":17493,"Actual Loops":1,"Output":["nation.n_name","order_line.ol_amount"],"Sort Key":["nation.n_name"],"Sort Method":"quicksort","Sort Space Used":1725,"Sort Space Type":"Memory","Shared Hit Blocks":368441,"Shared Read Blocks":0,"Shared Dirtied Blocks":0,"Shared Written Blocks":0,"Local Hit Blocks":0,"Local Read Blocks":0,"Local Dirtied Blocks":0,"Local Written Blocks":0,"Temp Read Blocks":129460,"Temp Written Blocks":129487,"I/O Read Time":0.0,"I/O Write Time":0.0,"Temp I/O Read Time":210.298,"Temp I/O Write Time":517.126,"Plans":[{"Node Type":"Hash Join","Parent Relationship":"Outer","Parallel Aware":false,"Async Capable":false,"Join Type":"Inner","Startup Cost":1686560.5,"Total Cost":2010057.42,"Plan Rows":9755,"Plan Width":12,"Actual Startup Time":14721.777,"Actual Total Time":16556.62,"Actual Rows":17493,"Actual Loops":1,"Output":["nation.n_name","order_line.ol_amount"],"Inner Unique":true,"Hash Cond":"((mod((stock.s_w_id * stock.s_i_id), 10000) = supplier.su_suppkey) AND (customer.c_nationkey = supplier.su_nationkey))","Shared Hit Blocks":368441,"Shared Read Blocks":0,"Shared Dirtied Blocks":0,"Shared Written Blocks":0,"Local Hit Blocks":0,"Local Read Blocks":0,"Local Dirtied Blocks":0,"Local Written Blocks":0,"Temp Read Blocks":129460,"Temp Written Blocks":129487,"I/O Read Time":0.0,"I/O Write Time":0.0,"Temp I/O Read Time":210.298,"Temp I/O Write Time":517.126,"Plans":[{"Node Type":"Merge Join","Parent Relationship":"Outer","Parallel Aware":false,"Async Capable":false,"Join Type":"Inner","Startup Cost":1686093.5,"Total Cost":2006275.28,"Plan Rows":602749,"Plan Width":26,"Actual Startup Time":14718.806,"Actual Total Time":16413.157,"Actual Rows":1109507,"Actual Loops":1,"Output":["customer.c_nationkey","order_line.ol_amount","stock.s_w_id","stock.s_i_id","nation.n_name","nation.n_nationkey"],"Inner Unique":true,"Merge Cond":"((customer.c_w_id = stock.s_w_id) AND (order_line.ol_i_id = stock.s_i_id))","Shared Hit Blocks":368224,"Shared Read Blocks":0,"Shared Dirtied Blocks":0,"Shared Written Blocks":0,"Local Hit Blocks":0,"Local Read Blocks":0,"Local Dirtied Blocks":0,"Local Written Blocks":0,"Temp Read Blocks":129460,"Temp Written Blocks":129487,"I/O Read Time":0.0,"I/O Write Time":0.0,"Temp I/O Read Time":210.298,"Temp I/O Write Time":517.126,"Plans":[{"Node Type":"Sort","Parent Relationship":"Outer","Parallel Aware":false,"Async Capable":false,"Startup Cost":1686093.07,"Total Cost":1687580.75,"Plan Rows":595073,"Plan Width":30,"Actual Startup Time":14718.745,"Actual Total Time":14899.77,"Actual Rows":1109507,"Actual Loops":1,"Output":["customer.c_w_id","customer.c_nationkey","orders.o_w_id","order_line.ol_amount","order_line.ol_w_id","order_line.ol_i_id","nation.n_name","nation.n_nationkey"],"Sort Key":["customer.c_w_id","order_line.ol_i_id"],"Sort Method":"external merge","Sort Space Used":47304,"Sort Space Type":"Disk","Shared Hit Blocks":340886,"Shared Read Blocks":0,"Shared Dirtied Blocks":0,"Shared Written Blocks":0,"Local Hit Blocks":0,"Local Read Blocks":0,"Local Dirtied Blocks":0,"Local Written Blocks":0,"Temp Read Blocks":129460,"Temp Written Blocks":129487,"I/O Read Time":0.0,"I/O Write Time":0.0,"Temp I/O Read Time":210.298,"Temp I/O Write Time":517.126,"Plans":[{"Node Type":"Hash Join","Parent Relationship":"Outer","Parallel Aware":false,"Async Capable":false,"Join Type":"Inner","Startup Cost":396949.46,"Total Cost":1614779.51,"Plan Rows":595073,"Plan Width":30,"Actual Startup Time":1418.042,"Actual Total Time":13325.036,"Actual Rows":1109507,"Actual Loops":1,"Output":["customer.c_w_id","customer.c_nationkey","orders.o_w_id","order_line.ol_amount","order_line.ol_w_id","order_line.ol_i_id","nation.n_name","nation.n_nationkey"],"Inner Unique":false,"Hash Cond":"(customer.c_nationkey = nation.n_nationkey)","Shared Hit Blocks":340886,"Shared Read Blocks":0,"Shared Dirtied Blocks":0,"Shared Written Blocks":0,"Local Hit Blocks":0,"Local Read Blocks":0,"Local Dirtied Blocks":0,"Local Written Blocks":0,"Temp Read Blocks":117643,"Temp Written Blocks":117643,"I/O Read Time":0.0,"I/O Write Time":0.0,"Temp I/O Read Time":191.884,"Temp I/O Write Time":485.332,"Plans":[{"Node Type":"Hash Join","Parent Relationship":"Outer","Parallel Aware":false,"Async Capable":false,"Join Type":"Inner","Startup Cost":396946.31,"Total Cost":1597859.98,"Plan Rows":2975367,"Plan Width":18,"Actual Startup Time":1408.429,"Actual Total Time":12904.43,"Actual Rows":4284922,"Actual Loops":1,"Output":["customer.c_w_id","customer.c_nationkey","orders.o_w_id","order_line.ol_amount","order_line.ol_w_id","order_line.ol_i_id"],"Inner Unique":true,"Hash Cond":"((orders.o_c_id = customer.c_id) AND (orders.o_w_id = customer.c_w_id) AND (orders.o_d_id = customer.c_d_id))","Shared Hit Blocks":340884,"Shared Read Blocks":0,"Shared Dirtied Blocks":0,"Shared Written Blocks":0,"Local Hit Blocks":0,"Local Read Blocks":0,"Local Dirtied Blocks":0,"Local Written Blocks":0,"Temp Read Blocks":117643,"Temp Written Blocks":117643,"I/O Read Time":0.0,"I/O Write Time":0.0,"Temp I/O Read Time":191.884,"Temp I/O Write Time":485.332,"Plans":[{"Node Type":"Hash Join","Parent Relationship":"Outer","Parallel Aware":false,"Async Capable":false,"Join Type":"Inner","Startup Cost":75291.73,"Total Cost":1203258.36,"Plan Rows":2975367,"Plan Width":20,"Actual Startup Time":247.745,"Actual Total Time":9592.627,"Actual Rows":4284922,"Actual Loops":1,"Output":["orders.o_c_id","orders.o_w_id","orders.o_d_id","order_line.ol_amount","order_line.ol_w_id","order_line.ol_d_id","order_line.ol_i_id"],"Inner Unique":true,"Hash Cond":"((order_line.ol_w_id = orders.o_w_id) AND (order_line.ol_d_id = orders.o_d_id) AND (order_line.ol_o_id = orders.o_id))","Shared Hit Blocks":340884,"Shared Read Blocks":0,"Shared Dirtied Blocks":0,"Shared Written Blocks":0,"Local Hit Blocks":0,"Local Read Blocks":0,"Local Dirtied Blocks":0,"Local Written Blocks":0,"Temp Read Blocks":85996,"Temp Written Blocks":85996,"I/O Read Time":0.0,"I/O Write Time":0.0,"Temp I/O Read Time":140.572,"Temp I/O Write Time":342.207,"Plans":[{"Node Type":"Seq Scan","Parent Relationship":"Outer","Parallel Aware":false,"Async Capable":false,"Relation Name":"order_line","Schema":"public","Alias":"order_line","Startup Cost":0.0,"Total Cost":715856.4,"Plan Rows":20926367,"Plan Width":20,"Actual Startup Time":0.007,"Actual Total Time":3721.5,"Actual Rows":21002151,"Actual Loops":1,"Output":["order_line.ol_amount","order_line.ol_o_id","order_line.ol_w_id","order_line.ol_d_id","order_line.ol_i_id"],"Filter":"(order_line.ol_delivery_d >= '1992-01-02 20:10:02.27764'::timestamp without time zone)","Rows Removed by Filter":8995581,"Shared Hit Blocks":340884,"Shared Read Blocks":0,"Shared Dirtied Blocks":0,"Shared Written Blocks":0,"Local Hit Blocks":0,"Local Read Blocks":0,"Local Dirtied Blocks":0,"Local Written Blocks":0,"Temp Read Blocks":0,"Temp Written Blocks":0,"I/O Read Time":0.0,"I/O Write Time":0.0,"Temp I/O Read Time":0.0,"Temp I/O Write Time":0.0},{"Node Type":"Hash","Parent Relationship":"Inner","Parallel Aware":false,"Async Capable":false,"Startup Cost":65744.12,"Total Cost":65744.12,"Plan Rows":426549,"Plan Width":16,"Actual Startup Time":179.397,"Actual Total Time":179.403,"Actual Rows":428399,"Actual Loops":1,"Output":["orders.o_c_id","orders.o_w_id","orders.o_d_id","orders.o_id"],"Hash Buckets":262144,"Original Hash Buckets":262144,"Hash Batches":4,"Original Hash Batches":4,"Peak Memory Usage":7080,"Shared Hit Blocks":0,"Shared Read Blocks":0,"Shared Dirtied Blocks":0,"Shared Written Blocks":0,"Local Hit Blocks":0,"Local Read Blocks":0,"Local Dirtied Blocks":0,"Local Written Blocks":0,"Temp Read Blocks":0,"Temp Written Blocks":1410,"I/O Read Time":0.0,"I/O Write Time":0.0,"Temp I/O Read Time":0.0,"Temp I/O Write Time":5.781,"Plans":[{"Node Type":"Append","Parent Relationship":"Outer","Parallel Aware":false,"Async Capable":false,"Startup Cost":20.0,"Total Cost":65744.12,"Plan Rows":426549,"Plan Width":16,"Actual Startup Time":0.532,"Actual Total Time":102.689,"Actual Rows":428399,"Actual Loops":1,"Shared Hit Blocks":0,"Shared Read Blocks":0,"Shared Dirtied Blocks":0,"Shared Written Blocks":0,"Local Hit Blocks":0,"Local Read Blocks":0,"Local Dirtied Blocks":0,"Local Written Blocks":0,"Temp Read Blocks":0,"Temp Written Blocks":0,"I/O Read Time":0.0,"I/O Write Time":0.0,"Temp I/O Read Time":0.0,"Temp I/O Write Time":0.0,"Subplans Removed":0,"Plans":[{"Node Type":"Custom Scan","Parent Relationship":"Member","Custom Plan Provider":"columnar scan","Parallel Aware":false,"Async Capable":false,"Relation Name":"orders","Schema":"public","Alias":"orders","Startup Cost":20.0,"Total Cost":10043.96,"Plan Rows":426548,"Plan Width":16,"Actual Startup Time":0.53,"Actual Total Time":72.194,"Actual Rows":428399,"Actual Loops":1,"Output":["orders.o_c_id","orders.o_w_id","orders.o_d_id","orders.o_id"],"Filter":"((orders.o_entry_d < '1994-01-02 20:10:02.27764'::timestamp without time zone) AND (orders.o_entry_d >= '1993-01-02 20:10:02.27764'::timestamp without time zone))","Rows Removed by Filter":0,"Rows Removed by Columnar Filter":2571601,"Columnar cache search mode":"native","Shared Hit Blocks":0,"Shared Read Blocks":0,"Shared Dirtied Blocks":0,"Shared Written Blocks":0,"Local Hit Blocks":0,"Local Read Blocks":0,"Local Dirtied Blocks":0,"Local Written Blocks":0,"Temp Read Blocks":0,"Temp Written Blocks":0,"I/O Read Time":0.0,"I/O Write Time":0.0,"Temp I/O Read Time":0.0,"Temp I/O Write Time":0.0},{"Node Type":"Seq Scan","Parent Relationship":"Member","Parallel Aware":false,"Async Capable":false,"Relation Name":"orders","Schema":"public","Alias":"orders","Startup Cost":0.0,"Total Cost":4.01,"Plan Rows":1,"Plan Width":16,"Actual Startup Time":0.0,"Actual Total Time":0.0,"Actual Rows":0,"Actual Loops":0,"Output":["orders.o_c_id","orders.o_w_id","orders.o_d_id","orders.o_id"],"Filter":"((orders.o_entry_d < '1994-01-02 20:10:02.27764'::timestamp without time zone) AND (orders.o_entry_d >= '1993-01-02 20:10:02.27764'::timestamp without time zone))","Rows Removed by Filter":0,"Shared Hit Blocks":0,"Shared Read Blocks":0,"Shared Dirtied Blocks":0,"Shared Written Blocks":0,"Local Hit Blocks":0,"Local Read Blocks":0,"Local Dirtied Blocks":0,"Local Written Blocks":0,"Temp Read Blocks":0,"Temp Written Blocks":0,"I/O Read Time":0.0,"I/O Write Time":0.0,"Temp I/O Read Time":0.0,"Temp I/O Write Time":0.0}]}]}]},{"Node Type":"Hash","Parent Relationship":"Inner","Parallel Aware":false,"Async Capable":false,"Startup Cost":254511.16,"Total Cost":254511.16,"Plan Rows":2999739,"Plan Width":12,"Actual Startup Time":1158.356,"Actual Total Time":1158.36,"Actual Rows":3000000,"Actual Loops":1,"Output":["customer.c_id","customer.c_w_id","customer.c_d_id","customer.c_nationkey"],"Hash Buckets":262144,"Original Hash Buckets":262144,"Hash Batches":32,"Original Hash Batches":32,"Peak Memory Usage":6090,"Shared Hit Blocks":0,"Shared Read Blocks":0,"Shared Dirtied Blocks":0,"Shared Written Blocks":0,"Local Hit Blocks":0,"Local Read Blocks":0,"Local Dirtied Blocks":0,"Local Written Blocks":0,"Temp Read Blocks":0,"Temp Written Blocks":11335,"I/O Read Time":0.0,"I/O Write Time":0.0,"Temp I/O Read Time":0.0,"Temp I/O Write Time":48.332,"Plans":[{"Node Type":"Append","Parent Relationship":"Outer","Parallel Aware":false,"Async Capable":false,"Startup Cost":20.0,"Total Cost":254511.16,"Plan Rows":2999739,"Plan Width":12,"Actual Startup Time":0.017,"Actual Total Time":655.434,"Actual Rows":3000000,"Actual Loops":1,"Shared Hit Blocks":0,"Shared Read Blocks":0,"Shared Dirtied Blocks":0,"Shared Written Blocks":0,"Local Hit Blocks":0,"Local Read Blocks":0,"Local Dirtied Blocks":0,"Local Written Blocks":0,"Temp Read Blocks":0,"Temp Written Blocks":0,"I/O Read Time":0.0,"I/O Write Time":0.0,"Temp I/O Read Time":0.0,"Temp I/O Write Time":0.0,"Subplans Removed":0,"Plans":[{"Node Type":"Custom Scan","Parent Relationship":"Member","Custom Plan Provider":"columnar scan","Parallel Aware":false,"Async Capable":false,"Relation Name":"customer","Schema":"public","Alias":"customer","Startup Cost":20.0,"Total Cost":70513.87,"Plan Rows":2999738,"Plan Width":12,"Actual Startup Time":0.016,"Actual Total Time":445.426,"Actual Rows":3000000,"Actual Loops":1,"Output":["customer.c_id","customer.c_w_id","customer.c_d_id","customer.c_nationkey"],"Rows Removed by Columnar Filter":0,"Columnar cache search mode":"native","Shared Hit Blocks":0,"Shared Read Blocks":0,"Shared Dirtied Blocks":0,"Shared Written Blocks":0,"Local Hit Blocks":0,"Local Read Blocks":0,"Local Dirtied Blocks":0,"Local Written Blocks":0,"Temp Read Blocks":0,"Temp Written Blocks":0,"I/O Read Time":0.0,"I/O Write Time":0.0,"Temp I/O Read Time":0.0,"Temp I/O Write Time":0.0},{"Node Type":"Seq Scan","Parent Relationship":"Member","Parallel Aware":false,"Async Capable":false,"Relation Name":"customer","Schema":"public","Alias":"customer","Startup Cost":0.0,"Total Cost":4.01,"Plan Rows":1,"Plan Width":12,"Actual Startup Time":0.0,"Actual Total Time":0.0,"Actual Rows":0,"Actual Loops":0,"Output":["customer.c_id","customer.c_w_id","customer.c_d_id","customer.c_nationkey"],"Shared Hit Blocks":0,"Shared Read Blocks":0,"Shared Dirtied Blocks":0,"Shared Written Blocks":0,"Local Hit Blocks":0,"Local Read Blocks":0,"Local Dirtied Blocks":0,"Local Written Blocks":0,"Temp Read Blocks":0,"Temp Written Blocks":0,"I/O Read Time":0.0,"I/O Write Time":0.0,"Temp I/O Read Time":0.0,"Temp I/O Write Time":0.0}]}]}]},{"Node Type":"Hash","Parent Relationship":"Inner","Parallel Aware":false,"Async Capable":false,"Startup Cost":2.99,"Total Cost":2.99,"Plan Rows":12,"Plan Width":12,"Actual Startup Time":0.05,"Actual Total Time":0.055,"Actual Rows":22,"Actual Loops":1,"Output":["nation.n_name","nation.n_nationkey"],"Hash Buckets":1024,"Original Hash Buckets":1024,"Hash Batches":1,"Original Hash Batches":1,"Peak Memory Usage":9,"Shared Hit Blocks":2,"Shared Read Blocks":0,"Shared Dirtied Blocks":0,"Shared Written Blocks":0,"Local Hit Blocks":0,"Local Read Blocks":0,"Local Dirtied Blocks":0,"Local Written Blocks":0,"Temp Read Blocks":0,"Temp Written Blocks":0,"I/O Read Time":0.0,"I/O Write Time":0.0,"Temp I/O Read Time":0.0,"Temp I/O Write Time":0.0,"Plans":[{"Node Type":"Hash Join","Parent Relationship":"Outer","Parallel Aware":false,"Async Capable":false,"Join Type":"Inner","Startup Cost":1.07,"Total Cost":2.99,"Plan Rows":12,"Plan Width":12,"Actual Startup Time":0.033,"Actual Total Time":0.049,"Actual Rows":22,"Actual Loops":1,"Output":["nation.n_name","nation.n_nationkey"],"Inner Unique":true,"Hash Cond":"(nation.n_regionkey = region.r_regionkey)","Shared Hit Blocks":2,"Shared Read Blocks":0,"Shared Dirtied Blocks":0,"Shared Written Blocks":0,"Local Hit Blocks":0,"Local Read Blocks":0,"Local Dirtied Blocks":0,"Local Written Blocks":0,"Temp Read Blocks":0,"Temp Written Blocks":0,"I/O Read Time":0.0,"I/O Write Time":0.0,"Temp I/O Read Time":0.0,"Temp I/O Write Time":0.0,"Plans":[{"Node Type":"Seq Scan","Parent Relationship":"Outer","Parallel Aware":false,"Async Capable":false,"Relation Name":"nation","Schema":"public","Alias":"nation","Startup Cost":0.0,"Total Cost":1.62,"Plan Rows":62,"Plan Width":16,"Actual Startup Time":0.006,"Actual Total Time":0.009,"Actual Rows":62,"Actual Loops":1,"Output":["nation.n_nationkey","nation.n_name","nation.n_regionkey","nation.n_comment"],"Shared Hit Blocks":1,"Shared Read Blocks":0,"Shared Dirtied Blocks":0,"Shared Written Blocks":0,"Local Hit Blocks":0,"Local Read Blocks":0,"Local Dirtied Blocks":0,"Local Written Blocks":0,"Temp Read Blocks":0,"Temp Written Blocks":0,"I/O Read Time":0.0,"I/O Write Time":0.0,"Temp I/O Read Time":0.0,"Temp I/O Write Time":0.0},{"Node Type":"Hash","Parent Relationship":"Inner","Parallel Aware":false,"Async Capable":false,"Startup Cost":1.06,"Total Cost":1.06,"Plan Rows":1,"Plan Width":4,"Actual Startup Time":0.007,"Actual Total Time":0.009,"Actual Rows":1,"Actual Loops":1,"Output":["region.r_regionkey"],"Hash Buckets":1024,"Original Hash Buckets":1024,"Hash Batches":1,"Original Hash Batches":1,"Peak Memory Usage":9,"Shared Hit Blocks":1,"Shared Read Blocks":0,"Shared Dirtied Blocks":0,"Shared Written Blocks":0,"Local Hit Blocks":0,"Local Read Blocks":0,"Local Dirtied Blocks":0,"Local Written Blocks":0,"Temp Read Blocks":0,"Temp Written Blocks":0,"I/O Read Time":0.0,"I/O Write Time":0.0,"Temp I/O Read Time":0.0,"Temp I/O Write Time":0.0,"Plans":[{"Node Type":"Seq Scan","Parent Relationship":"Outer","Parallel Aware":false,"Async Capable":false,"Relation Name":"region","Schema":"public","Alias":"region","Startup Cost":0.0,"Total Cost":1.06,"Plan Rows":1,"Plan Width":4,"Actual Startup Time":0.006,"Actual Total Time":0.006,"Actual Rows":1,"Actual Loops":1,"Output":["region.r_regionkey"],"Filter":"((region.r_name)::text = 'Europe'::text)","Rows Removed by Filter":4,"Shared Hit Blocks":1,"Shared Read Blocks":0,"Shared Dirtied Blocks":0,"Shared Written Blocks":0,"Local Hit Blocks":0,"Local Read Blocks":0,"Local Dirtied Blocks":0,"Local Written Blocks":0,"Temp Read Blocks":0,"Temp Written Blocks":0,"I/O Read Time":0.0,"I/O Write Time":0.0,"Temp I/O Read Time":0.0,"Temp I/O Write Time":0.0}]}]}]}]}]},{"Node Type":"Index Only Scan","Parent Relationship":"Inner","Parallel Aware":false,"Async Capable":false,"Scan Direction":"Forward","Index Name":"stock_pk","Relation Name":"stock","Schema":"public","Alias":"stock","Startup Cost":0.43,"Total Cost":259690.86,"Plan Rows":10000162,"Plan Width":6,"Actual Startup Time":0.046,"Actual Total Time":704.182,"Actual Rows":9999996,"Actual Loops":1,"Output":["stock.s_w_id","stock.s_i_id"],"Heap Fetches":0,"Shared Hit Blocks":27338,"Shared Read Blocks":0,"Shared Dirtied Blocks":0,"Shared Written Blocks":0,"Local Hit Blocks":0,"Local Read Blocks":0,"Local Dirtied Blocks":0,"Local Written Blocks":0,"Temp Read Blocks":0,"Temp Written Blocks":0,"I/O Read Time":0.0,"I/O Write Time":0.0,"Temp I/O Read Time":0.0,"Temp I/O Write Time":0.0}]},{"Node Type":"Hash","Parent Relationship":"Inner","Parallel Aware":false,"Async Capable":false,"Startup Cost":317.0,"Total Cost":317.0,"Plan Rows":10000,"Plan Width":8,"Actual Startup Time":2.548,"Actual Total Time":2.549,"Actual Rows":10000,"Actual Loops":1,"Output":["supplier.su_suppkey","supplier.su_nationkey"],"Hash Buckets":16384,"Original Hash Buckets":16384,"Hash Batches":1,"Original Hash Batches":1,"Peak Memory Usage":519,"Shared Hit Blocks":217,"Shared Read Blocks":0,"Shared Dirtied Blocks":0,"Shared Written Blocks":0,"Local Hit Blocks":0,"Local Read Blocks":0,"Local Dirtied Blocks":0,"Local Written Blocks":0,"Temp Read Blocks":0,"Temp Written Blocks":0,"I/O Read Time":0.0,"I/O Write Time":0.0,"Temp I/O Read Time":0.0,"Temp I/O Write Time":0.0,"Plans":[{"Node Type":"Seq Scan","Parent Relationship":"Outer","Parallel Aware":false,"Async Capable":false,"Relation Name":"supplier","Schema":"public","Alias":"supplier","Startup Cost":0.0,"Total Cost":317.0,"Plan Rows":10000,"Plan Width":8,"Actual Startup Time":0.011,"Actual Total Time":1.26,"Actual Rows":10000,"Actual Loops":1,"Output":["supplier.su_suppkey","supplier.su_nationkey"],"Shared Hit Blocks":217,"Shared Read Blocks":0,"Shared Dirtied Blocks":0,"Shared Written Blocks":0,"Local Hit Blocks":0,"Local Read Blocks":0,"Local Dirtied Blocks":0,"Local Written Blocks":0,"Temp Read Blocks":0,"Temp Written Blocks":0,"I/O Read Time":0.0,"I/O Write Time":0.0,"Temp I/O Read Time":0.0,"Temp I/O Write Time":0.0}]}]}]}]}]},"Planning":{"Shared Hit Blocks":16,"Shared Read Blocks":0,"Shared Dirtied Blocks":0,"Shared Written Blocks":0,"Local Hit Blocks":0,"Local Read Blocks":0,"Local Dirtied Blocks":0,"Local Written Blocks":0,"Temp Read Blocks":0,"Temp Written Blocks":0,"I/O Read Time":0.0,"I/O Write Time":0.0,"Temp I/O Read Time":0.0,"Temp I/O Write Time":0.0},"Planning Time":4.739,"Triggers":[],"Execution Time":16577.062}]
[列存组合]: customer, nation, region
[{"Plan":{"Node Type":"Sort","Parallel Aware":false,"Async Capable":false,"Startup Cost":2012094.43,"Total Cost":2012094.58,"Plan Rows":62,"Plan Width":40,"Actual Startup Time":16639.294,"Actual Total Time":16639.315,"Actual Rows":11,"Actual Loops":1,"Output":["nation.n_name","(sum(order_line.ol_amount))"],"Sort Key":["(sum(order_line.ol_amount)) DESC"],"Sort Method":"quicksort","Sort Space Used":25,"Sort Space Type":"Memory","Shared Hit Blocks":390500,"Shared Read Blocks":0,"Shared Dirtied Blocks":0,"Shared Written Blocks":0,"Local Hit Blocks":0,"Local Read Blocks":0,"Local Dirtied Blocks":0,"Local Written Blocks":0,"Temp Read Blocks":129460,"Temp Written Blocks":129487,"I/O Read Time":0.0,"I/O Write Time":0.0,"Temp I/O Read Time":211.572,"Temp I/O Write Time":518.526,"Plans":[{"Node Type":"Aggregate","Strategy":"Sorted","Partial Mode":"Simple","Parent Relationship":"Outer","Parallel Aware":false,"Async Capable":false,"Startup Cost":2012018.64,"Total Cost":2012092.58,"Plan Rows":62,"Plan Width":40,"Actual Startup Time":16636.419,"Actual Total Time":16639.3,"Actual Rows":11,"Actual Loops":1,"Output":["nation.n_name","sum(order_line.ol_amount)"],"Group Key":["nation.n_name"],"Shared Hit Blocks":390500,"Shared Read Blocks":0,"Shared Dirtied Blocks":0,"Shared Written Blocks":0,"Local Hit Blocks":0,"Local Read Blocks":0,"Local Dirtied Blocks":0,"Local Written Blocks":0,"Temp Read Blocks":129460,"Temp Written Blocks":129487,"I/O Read Time":0.0,"I/O Write Time":0.0,"Temp I/O Read Time":211.572,"Temp I/O Write Time":518.526,"Plans":[{"Node Type":"Sort","Parent Relationship":"Outer","Parallel Aware":false,"Async Capable":false,"Startup Cost":2012018.64,"Total Cost":2012043.03,"Plan Rows":9755,"Plan Width":12,"Actual Startup Time":16636.208,"Actual Total Time":16637.01,"Actual Rows":17493,"Actual Loops":1,"Output":["nation.n_name","order_line.ol_amount"],"Sort Key":["nation.n_name"],"Sort Method":"quicksort","Sort Space Used":1725,"Sort Space Type":"Memory","Shared Hit Blocks":390500,"Shared Read Blocks":0,"Shared Dirtied Blocks":0,"Shared Written Blocks":0,"Local Hit Blocks":0,"Local Read Blocks":0,"Local Dirtied Blocks":0,"Local Written Blocks":0,"Temp Read Blocks":129460,"Temp Written Blocks":129487,"I/O Read Time":0.0,"I/O Write Time":0.0,"Temp I/O Read Time":211.572,"Temp I/O Write Time":518.526,"Plans":[{"Node Type":"Hash Join","Parent Relationship":"Outer","Parallel Aware":false,"Async Capable":false,"Join Type":"Inner","Startup Cost":1687875.37,"Total Cost":2011372.28,"Plan Rows":9755,"Plan Width":12,"Actual Startup Time":14747.47,"Actual Total Time":16627.125,"Actual Rows":17493,"Actual Loops":1,"Output":["nation.n_name","order_line.ol_amount"],"Inner Unique":true,"Hash Cond":"((mod((stock.s_w_id * stock.s_i_id), 10000) = supplier.su_suppkey) AND (customer.c_nationkey = supplier.su_nationkey))","Shared Hit Blocks":390500,"Shared Read Blocks":0,"Shared Dirtied Blocks":0,"Shared Written Blocks":0,"Local Hit Blocks":0,"Local Read Blocks":0,"Local Dirtied Blocks":0,"Local Written Blocks":0,"Temp Read Blocks":129460,"Temp Written Blocks":129487,"I/O Read Time":0.0,"I/O Write Time":0.0,"Temp I/O Read Time":211.572,"Temp I/O Write Time":518.526,"Plans":[{"Node Type":"Merge Join","Parent Relationship":"Outer","Parallel Aware":false,"Async Capable":false,"Join Type":"Inner","Startup Cost":1687408.37,"Total Cost":2007590.15,"Plan Rows":602749,"Plan Width":26,"Actual Startup Time":14744.406,"Actual Total Time":16483.736,"Actual Rows":1109507,"Actual Loops":1,"Output":["customer.c_nationkey","order_line.ol_amount","stock.s_w_id","stock.s_i_id","nation.n_name","nation.n_nationkey"],"Inner Unique":true,"Merge Cond":"((customer.c_w_id = stock.s_w_id) AND (order_line.ol_i_id = stock.s_i_id))","Shared Hit Blocks":390283,"Shared Read Blocks":0,"Shared Dirtied Blocks":0,"Shared Written Blocks":0,"Local Hit Blocks":0,"Local Read Blocks":0,"Local Dirtied Blocks":0,"Local Written Blocks":0,"Temp Read Blocks":129460,"Temp Written Blocks":129487,"I/O Read Time":0.0,"I/O Write Time":0.0,"Temp I/O Read Time":211.572,"Temp I/O Write Time":518.526,"Plans":[{"Node Type":"Sort","Parent Relationship":"Outer","Parallel Aware":false,"Async Capable":false,"Startup Cost":1687407.93,"Total Cost":1688895.62,"Plan Rows":595073,"Plan Width":30,"Actual Startup Time":14744.341,"Actual Total Time":14927.17,"Actual Rows":1109507,"Actual Loops":1,"Output":["customer.c_w_id","customer.c_nationkey","orders.o_w_id","order_line.ol_amount","order_line.ol_w_id","order_line.ol_i_id","nation.n_name","nation.n_nationkey"],"Sort Key":["customer.c_w_id","order_line.ol_i_id"],"Sort Method":"external merge","Sort Space Used":47304,"Sort Space Type":"Disk","Shared Hit Blocks":362945,"Shared Read Blocks":0,"Shared Dirtied Blocks":0,"Shared Written Blocks":0,"Local Hit Blocks":0,"Local Read Blocks":0,"Local Dirtied Blocks":0,"Local Written Blocks":0,"Temp Read Blocks":129460,"Temp Written Blocks":129487,"I/O Read Time":0.0,"I/O Write Time":0.0,"Temp I/O Read Time":211.572,"Temp I/O Write Time":518.526,"Plans":[{"Node Type":"Hash Join","Parent Relationship":"Outer","Parallel Aware":false,"Async Capable":false,"Join Type":"Inner","Startup Cost":398264.32,"Total Cost":1616094.38,"Plan Rows":595073,"Plan Width":30,"Actual Startup Time":1537.598,"Actual Total Time":13355.059,"Actual Rows":1109507,"Actual Loops":1,"Output":["customer.c_w_id","customer.c_nationkey","orders.o_w_id","order_line.ol_amount","order_line.ol_w_id","order_line.ol_i_id","nation.n_name","nation.n_nationkey"],"Inner Unique":false,"Hash Cond":"(customer.c_nationkey = nation.n_nationkey)","Shared Hit Blocks":362945,"Shared Read Blocks":0,"Shared Dirtied Blocks":0,"Shared Written Blocks":0,"Local Hit Blocks":0,"Local Read Blocks":0,"Local Dirtied Blocks":0,"Local Written Blocks":0,"Temp Read Blocks":117643,"Temp Written Blocks":117643,"I/O Read Time":0.0,"I/O Write Time":0.0,"Temp I/O Read Time":193.378,"Temp I/O Write Time":486.836,"Plans":[{"Node Type":"Hash Join","Parent Relationship":"Outer","Parallel Aware":false,"Async Capable":false,"Join Type":"Inner","Startup Cost":398261.18,"Total Cost":1599174.84,"Plan Rows":2975367,"Plan Width":18,"Actual Startup Time":1528.103,"Actual Total Time":12917.515,"Actual Rows":4284922,"Actual Loops":1,"Output":["customer.c_w_id","customer.c_nationkey","orders.o_w_id","order_line.ol_amount","order_line.ol_w_id","order_line.ol_i_id"],"Inner Unique":true,"Hash Cond":"((orders.o_c_id = customer.c_id) AND (orders.o_w_id = customer.c_w_id) AND (orders.o_d_id = customer.c_d_id))","Shared Hit Blocks":362943,"Shared Read Blocks":0,"Shared Dirtied Blocks":0,"Shared Written Blocks":0,"Local Hit Blocks":0,"Local Read Blocks":0,"Local Dirtied Blocks":0,"Local Written Blocks":0,"Temp Read Blocks":117643,"Temp Written Blocks":117643,"I/O Read Time":0.0,"I/O Write Time":0.0,"Temp I/O Read Time":193.378,"Temp I/O Write Time":486.836,"Plans":[{"Node Type":"Hash Join","Parent Relationship":"Outer","Parallel Aware":false,"Async Capable":false,"Join Type":"Inner","Startup Cost":76606.59,"Total Cost":1204573.22,"Plan Rows":2975367,"Plan Width":20,"Actual Startup Time":360.561,"Actual Total Time":9614.688,"Actual Rows":4284922,"Actual Loops":1,"Output":["orders.o_c_id","orders.o_w_id","orders.o_d_id","order_line.ol_amount","order_line.ol_w_id","order_line.ol_d_id","order_line.ol_i_id"],"Inner Unique":true,"Hash Cond":"((order_line.ol_w_id = orders.o_w_id) AND (order_line.ol_d_id = orders.o_d_id) AND (order_line.ol_o_id = orders.o_id))","Shared Hit Blocks":362943,"Shared Read Blocks":0,"Shared Dirtied Blocks":0,"Shared Written Blocks":0,"Local Hit Blocks":0,"Local Read Blocks":0,"Local Dirtied Blocks":0,"Local Written Blocks":0,"Temp Read Blocks":85996,"Temp Written Blocks":85996,"I/O Read Time":0.0,"I/O Write Time":0.0,"Temp I/O Read Time":141.986,"Temp I/O Write Time":343.236,"Plans":[{"Node Type":"Seq Scan","Parent Relationship":"Outer","Parallel Aware":false,"Async Capable":false,"Relation Name":"order_line","Schema":"public","Alias":"order_line","Startup Cost":0.0,"Total Cost":715856.4,"Plan Rows":20926367,"Plan Width":20,"Actual Startup Time":0.007,"Actual Total Time":3679.357,"Actual Rows":21002151,"Actual Loops":1,"Output":["order_line.ol_amount","order_line.ol_o_id","order_line.ol_w_id","order_line.ol_d_id","order_line.ol_i_id"],"Filter":"(order_line.ol_delivery_d >= '1992-01-02 20:10:02.27764'::timestamp without time zone)","Rows Removed by Filter":8995581,"Shared Hit Blocks":340884,"Shared Read Blocks":0,"Shared Dirtied Blocks":0,"Shared Written Blocks":0,"Local Hit Blocks":0,"Local Read Blocks":0,"Local Dirtied Blocks":0,"Local Written Blocks":0,"Temp Read Blocks":0,"Temp Written Blocks":0,"I/O Read Time":0.0,"I/O Write Time":0.0,"Temp I/O Read Time":0.0,"Temp I/O Write Time":0.0},{"Node Type":"Hash","Parent Relationship":"Inner","Parallel Aware":false,"Async Capable":false,"Startup Cost":67059.0,"Total Cost":67059.0,"Plan Rows":426548,"Plan Width":16,"Actual Startup Time":293.64,"Actual Total Time":293.643,"Actual Rows":428399,"Actual Loops":1,"Output":["orders.o_c_id","orders.o_w_id","orders.o_d_id","orders.o_id"],"Hash Buckets":262144,"Original Hash Buckets":262144,"Hash Batches":4,"Original Hash Batches":4,"Peak Memory Usage":7080,"Shared Hit Blocks":22059,"Shared Read Blocks":0,"Shared Dirtied Blocks":0,"Shared Written Blocks":0,"Local Hit Blocks":0,"Local Read Blocks":0,"Local Dirtied Blocks":0,"Local Written Blocks":0,"Temp Read Blocks":0,"Temp Written Blocks":1410,"I/O Read Time":0.0,"I/O Write Time":0.0,"Temp I/O Read Time":0.0,"Temp I/O Write Time":6.149,"Plans":[{"Node Type":"Seq Scan","Parent Relationship":"Outer","Parallel Aware":false,"Async Capable":false,"Relation Name":"orders","Schema":"public","Alias":"orders","Startup Cost":0.0,"Total Cost":67059.0,"Plan Rows":426548,"Plan Width":16,"Actual Startup Time":0.778,"Actual Total Time":218.966,"Actual Rows":428399,"Actual Loops":1,"Output":["orders.o_c_id","orders.o_w_id","orders.o_d_id","orders.o_id"],"Filter":"((orders.o_entry_d >= '1993-01-02 20:10:02.27764'::timestamp without time zone) AND (orders.o_entry_d < '1994-01-02 20:10:02.27764'::timestamp without time zone))","Rows Removed by Filter":2571601,"Shared Hit Blocks":22059,"Shared Read Blocks":0,"Shared Dirtied Blocks":0,"Shared Written Blocks":0,"Local Hit Blocks":0,"Local Read Blocks":0,"Local Dirtied Blocks":0,"Local Written Blocks":0,"Temp Read Blocks":0,"Temp Written Blocks":0,"I/O Read Time":0.0,"I/O Write Time":0.0,"Temp I/O Read Time":0.0,"Temp I/O Write Time":0.0}]}]},{"Node Type":"Hash","Parent Relationship":"Inner","Parallel Aware":false,"Async Capable":false,"Startup Cost":254511.16,"Total Cost":254511.16,"Plan Rows":2999739,"Plan Width":12,"Actual Startup Time":1165.259,"Actual Total Time":1165.265,"Actual Rows":3000000,"Actual Loops":1,"Output":["customer.c_id","customer.c_w_id","customer.c_d_id","customer.c_nationkey"],"Hash Buckets":262144,"Original Hash Buckets":262144,"Hash Batches":32,"Original Hash Batches":32,"Peak Memory Usage":6090,"Shared Hit Blocks":0,"Shared Read Blocks":0,"Shared Dirtied Blocks":0,"Shared Written Blocks":0,"Local Hit Blocks":0,"Local Read Blocks":0,"Local Dirtied Blocks":0,"Local Written Blocks":0,"Temp Read Blocks":0,"Temp Written Blocks":11335,"I/O Read Time":0.0,"I/O Write Time":0.0,"Temp I/O Read Time":0.0,"Temp I/O Write Time":48.281,"Plans":[{"Node Type":"Append","Parent Relationship":"Outer","Parallel Aware":false,"Async Capable":false,"Startup Cost":20.0,"Total Cost":254511.16,"Plan Rows":2999739,"Plan Width":12,"Actual Startup Time":0.031,"Actual Total Time":662.938,"Actual Rows":3000000,"Actual Loops":1,"Shared Hit Blocks":0,"Shared Read Blocks":0,"Shared Dirtied Blocks":0,"Shared Written Blocks":0,"Local Hit Blocks":0,"Local Read Blocks":0,"Local Dirtied Blocks":0,"Local Written Blocks":0,"Temp Read Blocks":0,"Temp Written Blocks":0,"I/O Read Time":0.0,"I/O Write Time":0.0,"Temp I/O Read Time":0.0,"Temp I/O Write Time":0.0,"Subplans Removed":0,"Plans":[{"Node Type":"Custom Scan","Parent Relationship":"Member","Custom Plan Provider":"columnar scan","Parallel Aware":false,"Async Capable":false,"Relation Name":"customer","Schema":"public","Alias":"customer","Startup Cost":20.0,"Total Cost":70513.87,"Plan Rows":2999738,"Plan Width":12,"Actual Startup Time":0.03,"Actual Total Time":452.141,"Actual Rows":3000000,"Actual Loops":1,"Output":["customer.c_id","customer.c_w_id","customer.c_d_id","customer.c_nationkey"],"Rows Removed by Columnar Filter":0,"Columnar cache search mode":"native","Shared Hit Blocks":0,"Shared Read Blocks":0,"Shared Dirtied Blocks":0,"Shared Written Blocks":0,"Local Hit Blocks":0,"Local Read Blocks":0,"Local Dirtied Blocks":0,"Local Written Blocks":0,"Temp Read Blocks":0,"Temp Written Blocks":0,"I/O Read Time":0.0,"I/O Write Time":0.0,"Temp I/O Read Time":0.0,"Temp I/O Write Time":0.0},{"Node Type":"Seq Scan","Parent Relationship":"Member","Parallel Aware":false,"Async Capable":false,"Relation Name":"customer","Schema":"public","Alias":"customer","Startup Cost":0.0,"Total Cost":4.01,"Plan Rows":1,"Plan Width":12,"Actual Startup Time":0.0,"Actual Total Time":0.0,"Actual Rows":0,"Actual Loops":0,"Output":["customer.c_id","customer.c_w_id","customer.c_d_id","customer.c_nationkey"],"Shared Hit Blocks":0,"Shared Read Blocks":0,"Shared Dirtied Blocks":0,"Shared Written Blocks":0,"Local Hit Blocks":0,"Local Read Blocks":0,"Local Dirtied Blocks":0,"Local Written Blocks":0,"Temp Read Blocks":0,"Temp Written Blocks":0,"I/O Read Time":0.0,"I/O Write Time":0.0,"Temp I/O Read Time":0.0,"Temp I/O Write Time":0.0}]}]}]},{"Node Type":"Hash","Parent Relationship":"Inner","Parallel Aware":false,"Async Capable":false,"Startup Cost":2.99,"Total Cost":2.99,"Plan Rows":12,"Plan Width":12,"Actual Startup Time":0.043,"Actual Total Time":0.047,"Actual Rows":22,"Actual Loops":1,"Output":["nation.n_name","nation.n_nationkey"],"Hash Buckets":1024,"Original Hash Buckets":1024,"Hash Batches":1,"Original Hash Batches":1,"Peak Memory Usage":9,"Shared Hit Blocks":2,"Shared Read Blocks":0,"Shared Dirtied Blocks":0,"Shared Written Blocks":0,"Local Hit Blocks":0,"Local Read Blocks":0,"Local Dirtied Blocks":0,"Local Written Blocks":0,"Temp Read Blocks":0,"Temp Written Blocks":0,"I/O Read Time":0.0,"I/O Write Time":0.0,"Temp I/O Read Time":0.0,"Temp I/O Write Time":0.0,"Plans":[{"Node Type":"Hash Join","Parent Relationship":"Outer","Parallel Aware":false,"Async Capable":false,"Join Type":"Inner","Startup Cost":1.07,"Total Cost":2.99,"Plan Rows":12,"Plan Width":12,"Actual Startup Time":0.026,"Actual Total Time":0.041,"Actual Rows":22,"Actual Loops":1,"Output":["nation.n_name","nation.n_nationkey"],"Inner Unique":true,"Hash Cond":"(nation.n_regionkey = region.r_regionkey)","Shared Hit Blocks":2,"Shared Read Blocks":0,"Shared Dirtied Blocks":0,"Shared Written Blocks":0,"Local Hit Blocks":0,"Local Read Blocks":0,"Local Dirtied Blocks":0,"Local Written Blocks":0,"Temp Read Blocks":0,"Temp Written Blocks":0,"I/O Read Time":0.0,"I/O Write Time":0.0,"Temp I/O Read Time":0.0,"Temp I/O Write Time":0.0,"Plans":[{"Node Type":"Seq Scan","Parent Relationship":"Outer","Parallel Aware":false,"Async Capable":false,"Relation Name":"nation","Schema":"public","Alias":"nation","Startup Cost":0.0,"Total Cost":1.62,"Plan Rows":62,"Plan Width":16,"Actual Startup Time":0.005,"Actual Total Time":0.009,"Actual Rows":62,"Actual Loops":1,"Output":["nation.n_nationkey","nation.n_name","nation.n_regionkey","nation.n_comment"],"Shared Hit Blocks":1,"Shared Read Blocks":0,"Shared Dirtied Blocks":0,"Shared Written Blocks":0,"Local Hit Blocks":0,"Local Read Blocks":0,"Local Dirtied Blocks":0,"Local Written Blocks":0,"Temp Read Blocks":0,"Temp Written Blocks":0,"I/O Read Time":0.0,"I/O Write Time":0.0,"Temp I/O Read Time":0.0,"Temp I/O Write Time":0.0},{"Node Type":"Hash","Parent Relationship":"Inner","Parallel Aware":false,"Async Capable":false,"Startup Cost":1.06,"Total Cost":1.06,"Plan Rows":1,"Plan Width":4,"Actual Startup Time":0.007,"Actual Total Time":0.008,"Actual Rows":1,"Actual Loops":1,"Output":["region.r_regionkey"],"Hash Buckets":1024,"Original Hash Buckets":1024,"Hash Batches":1,"Original Hash Batches":1,"Peak Memory Usage":9,"Shared Hit Blocks":1,"Shared Read Blocks":0,"Shared Dirtied Blocks":0,"Shared Written Blocks":0,"Local Hit Blocks":0,"Local Read Blocks":0,"Local Dirtied Blocks":0,"Local Written Blocks":0,"Temp Read Blocks":0,"Temp Written Blocks":0,"I/O Read Time":0.0,"I/O Write Time":0.0,"Temp I/O Read Time":0.0,"Temp I/O Write Time":0.0,"Plans":[{"Node Type":"Seq Scan","Parent Relationship":"Outer","Parallel Aware":false,"Async Capable":false,"Relation Name":"region","Schema":"public","Alias":"region","Startup Cost":0.0,"Total Cost":1.06,"Plan Rows":1,"Plan Width":4,"Actual Startup Time":0.005,"Actual Total Time":0.006,"Actual Rows":1,"Actual Loops":1,"Output":["region.r_regionkey"],"Filter":"((region.r_name)::text = 'Europe'::text)","Rows Removed by Filter":4,"Shared Hit Blocks":1,"Shared Read Blocks":0,"Shared Dirtied Blocks":0,"Shared Written Blocks":0,"Local Hit Blocks":0,"Local Read Blocks":0,"Local Dirtied Blocks":0,"Local Written Blocks":0,"Temp Read Blocks":0,"Temp Written Blocks":0,"I/O Read Time":0.0,"I/O Write Time":0.0,"Temp I/O Read Time":0.0,"Temp I/O Write Time":0.0}]}]}]}]}]},{"Node Type":"Index Only Scan","Parent Relationship":"Inner","Parallel Aware":false,"Async Capable":false,"Scan Direction":"Forward","Index Name":"stock_pk","Relation Name":"stock","Schema":"public","Alias":"stock","Startup Cost":0.43,"Total Cost":259690.86,"Plan Rows":10000162,"Plan Width":6,"Actual Startup Time":0.051,"Actual Total Time":745.082,"Actual Rows":9999996,"Actual Loops":1,"Output":["stock.s_w_id","stock.s_i_id"],"Heap Fetches":0,"Shared Hit Blocks":27338,"Shared Read Blocks":0,"Shared Dirtied Blocks":0,"Shared Written Blocks":0,"Local Hit Blocks":0,"Local Read Blocks":0,"Local Dirtied Blocks":0,"Local Written Blocks":0,"Temp Read Blocks":0,"Temp Written Blocks":0,"I/O Read Time":0.0,"I/O Write Time":0.0,"Temp I/O Read Time":0.0,"Temp I/O Write Time":0.0}]},{"Node Type":"Hash","Parent Relationship":"Inner","Parallel Aware":false,"Async Capable":false,"Startup Cost":317.0,"Total Cost":317.0,"Plan Rows":10000,"Plan Width":8,"Actual Startup Time":2.64,"Actual Total Time":2.64,"Actual Rows":10000,"Actual Loops":1,"Output":["supplier.su_suppkey","supplier.su_nationkey"],"Hash Buckets":16384,"Original Hash Buckets":16384,"Hash Batches":1,"Original Hash Batches":1,"Peak Memory Usage":519,"Shared Hit Blocks":217,"Shared Read Blocks":0,"Shared Dirtied Blocks":0,"Shared Written Blocks":0,"Local Hit Blocks":0,"Local Read Blocks":0,"Local Dirtied Blocks":0,"Local Written Blocks":0,"Temp Read Blocks":0,"Temp Written Blocks":0,"I/O Read Time":0.0,"I/O Write Time":0.0,"Temp I/O Read Time":0.0,"Temp I/O Write Time":0.0,"Plans":[{"Node Type":"Seq Scan","Parent Relationship":"Outer","Parallel Aware":false,"Async Capable":false,"Relation Name":"supplier","Schema":"public","Alias":"supplier","Startup Cost":0.0,"Total Cost":317.0,"Plan Rows":10000,"Plan Width":8,"Actual Startup Time":0.01,"Actual Total Time":1.343,"Actual Rows":10000,"Actual Loops":1,"Output":["supplier.su_suppkey","supplier.su_nationkey"],"Shared Hit Blocks":217,"Shared Read Blocks":0,"Shared Dirtied Blocks":0,"Shared Written Blocks":0,"Local Hit Blocks":0,"Local Read Blocks":0,"Local Dirtied Blocks":0,"Local Written Blocks":0,"Temp Read Blocks":0,"Temp Written Blocks":0,"I/O Read Time":0.0,"I/O Write Time":0.0,"Temp I/O Read Time":0.0,"Temp I/O Write Time":0.0}]}]}]}]}]},"Planning":{"Shared Hit Blocks":16,"Shared Read Blocks":0,"Shared Dirtied Blocks":0,"Shared Written Blocks":0,"Local Hit Blocks":0,"Local Read Blocks":0,"Local Dirtied Blocks":0,"Local Written Blocks":0,"Temp Read Blocks":0,"Temp Written Blocks":0,"I/O Read Time":0.0,"I/O Write Time":0.0,"Temp I/O Read Time":0.0,"Temp I/O Write Time":0.0},"Planning Time":4.72,"Triggers":[],"Execution Time":16647.444}]
[列存组合]: customer, nation, stock
[{"Plan":{"Node Type":"Sort","Parallel Aware":false,"Async Capable":false,"Startup Cost":2012094.43,"Total Cost":2012094.58,"Plan Rows":62,"Plan Width":40,"Actual Startup Time":16726.333,"Actual Total Time":16726.361,"Actual Rows":11,"Actual Loops":1,"Output":["nation.n_name","(sum(order_line.ol_amount))"],"Sort Key":["(sum(order_line.ol_amount)) DESC"],"Sort Method":"quicksort","Sort Space Used":25,"Sort Space Type":"Memory","Shared Hit Blocks":390500,"Shared Read Blocks":0,"Shared Dirtied Blocks":0,"Shared Written Blocks":0,"Local Hit Blocks":0,"Local Read Blocks":0,"Local Dirtied Blocks":0,"Local Written Blocks":0,"Temp Read Blocks":129460,"Temp Written Blocks":129487,"I/O Read Time":0.0,"I/O Write Time":0.0,"Temp I/O Read Time":211.77,"Temp I/O Write Time":526.342,"Plans":[{"Node Type":"Aggregate","Strategy":"Sorted","Partial Mode":"Simple","Parent Relationship":"Outer","Parallel Aware":false,"Async Capable":false,"Startup Cost":2012018.64,"Total Cost":2012092.58,"Plan Rows":62,"Plan Width":40,"Actual Startup Time":16723.46,"Actual Total Time":16726.346,"Actual Rows":11,"Actual Loops":1,"Output":["nation.n_name","sum(order_line.ol_amount)"],"Group Key":["nation.n_name"],"Shared Hit Blocks":390500,"Shared Read Blocks":0,"Shared Dirtied Blocks":0,"Shared Written Blocks":0,"Local Hit Blocks":0,"Local Read Blocks":0,"Local Dirtied Blocks":0,"Local Written Blocks":0,"Temp Read Blocks":129460,"Temp Written Blocks":129487,"I/O Read Time":0.0,"I/O Write Time":0.0,"Temp I/O Read Time":211.77,"Temp I/O Write Time":526.342,"Plans":[{"Node Type":"Sort","Parent Relationship":"Outer","Parallel Aware":false,"Async Capable":false,"Startup Cost":2012018.64,"Total Cost":2012043.03,"Plan Rows":9755,"Plan Width":12,"Actual Startup Time":16723.249,"Actual Total Time":16724.058,"Actual Rows":17493,"Actual Loops":1,"Output":["nation.n_name","order_line.ol_amount"],"Sort Key":["nation.n_name"],"Sort Method":"quicksort","Sort Space Used":1725,"Sort Space Type":"Memory","Shared Hit Blocks":390500,"Shared Read Blocks":0,"Shared Dirtied Blocks":0,"Shared Written Blocks":0,"Local Hit Blocks":0,"Local Read Blocks":0,"Local Dirtied Blocks":0,"Local Written Blocks":0,"Temp Read Blocks":129460,"Temp Written Blocks":129487,"I/O Read Time":0.0,"I/O Write Time":0.0,"Temp I/O Read Time":211.77,"Temp I/O Write Time":526.342,"Plans":[{"Node Type":"Hash Join","Parent Relationship":"Outer","Parallel Aware":false,"Async Capable":false,"Join Type":"Inner","Startup Cost":1687875.37,"Total Cost":2011372.28,"Plan Rows":9755,"Plan Width":12,"Actual Startup Time":14813.735,"Actual Total Time":16714.094,"Actual Rows":17493,"Actual Loops":1,"Output":["nation.n_name","order_line.ol_amount"],"Inner Unique":true,"Hash Cond":"((mod((stock.s_w_id * stock.s_i_id), 10000) = supplier.su_suppkey) AND (customer.c_nationkey = supplier.su_nationkey))","Shared Hit Blocks":390500,"Shared Read Blocks":0,"Shared Dirtied Blocks":0,"Shared Written Blocks":0,"Local Hit Blocks":0,"Local Read Blocks":0,"Local Dirtied Blocks":0,"Local Written Blocks":0,"Temp Read Blocks":129460,"Temp Written Blocks":129487,"I/O Read Time":0.0,"I/O Write Time":0.0,"Temp I/O Read Time":211.77,"Temp I/O Write Time":526.342,"Plans":[{"Node Type":"Merge Join","Parent Relationship":"Outer","Parallel Aware":false,"Async Capable":false,"Join Type":"Inner","Startup Cost":1687408.37,"Total Cost":2007590.15,"Plan Rows":602749,"Plan Width":26,"Actual Startup Time":14810.542,"Actual Total Time":16569.838,"Actual Rows":1109507,"Actual Loops":1,"Output":["customer.c_nationkey","order_line.ol_amount","stock.s_w_id","stock.s_i_id","nation.n_name","nation.n_nationkey"],"Inner Unique":true,"Merge Cond":"((customer.c_w_id = stock.s_w_id) AND (order_line.ol_i_id = stock.s_i_id))","Shared Hit Blocks":390283,"Shared Read Blocks":0,"Shared Dirtied Blocks":0,"Shared Written Blocks":0,"Local Hit Blocks":0,"Local Read Blocks":0,"Local Dirtied Blocks":0,"Local Written Blocks":0,"Temp Read Blocks":129460,"Temp Written Blocks":129487,"I/O Read Time":0.0,"I/O Write Time":0.0,"Temp I/O Read Time":211.77,"Temp I/O Write Time":526.342,"Plans":[{"Node Type":"Sort","Parent Relationship":"Outer","Parallel Aware":false,"Async Capable":false,"Startup Cost":1687407.93,"Total Cost":1688895.62,"Plan Rows":595073,"Plan Width":30,"Actual Startup Time":14810.476,"Actual Total Time":14990.053,"Actual Rows":1109507,"Actual Loops":1,"Output":["customer.c_w_id","customer.c_nationkey","orders.o_w_id","order_line.ol_amount","order_line.ol_w_id","order_line.ol_i_id","nation.n_name","nation.n_nationkey"],"Sort Key":["customer.c_w_id","order_line.ol_i_id"],"Sort Method":"external merge","Sort Space Used":47304,"Sort Space Type":"Disk","Shared Hit Blocks":362945,"Shared Read Blocks":0,"Shared Dirtied Blocks":0,"Shared Written Blocks":0,"Local Hit Blocks":0,"Local Read Blocks":0,"Local Dirtied Blocks":0,"Local Written Blocks":0,"Temp Read Blocks":129460,"Temp Written Blocks":129487,"I/O Read Time":0.0,"I/O Write Time":0.0,"Temp I/O Read Time":211.77,"Temp I/O Write Time":526.342,"Plans":[{"Node Type":"Hash Join","Parent Relationship":"Outer","Parallel Aware":false,"Async Capable":false,"Join Type":"Inner","Startup Cost":398264.32,"Total Cost":1616094.38,"Plan Rows":595073,"Plan Width":30,"Actual Startup Time":1562.928,"Actual Total Time":13423.69,"Actual Rows":1109507,"Actual Loops":1,"Output":["customer.c_w_id","customer.c_nationkey","orders.o_w_id","order_line.ol_amount","order_line.ol_w_id","order_line.ol_i_id","nation.n_name","nation.n_nationkey"],"Inner Unique":false,"Hash Cond":"(customer.c_nationkey = nation.n_nationkey)","Shared Hit Blocks":362945,"Shared Read Blocks":0,"Shared Dirtied Blocks":0,"Shared Written Blocks":0,"Local Hit Blocks":0,"Local Read Blocks":0,"Local Dirtied Blocks":0,"Local Written Blocks":0,"Temp Read Blocks":117643,"Temp Written Blocks":117643,"I/O Read Time":0.0,"I/O Write Time":0.0,"Temp I/O Read Time":193.61,"Temp I/O Write Time":494.815,"Plans":[{"Node Type":"Hash Join","Parent Relationship":"Outer","Parallel Aware":false,"Async Capable":false,"Join Type":"Inner","Startup Cost":398261.18,"Total Cost":1599174.84,"Plan Rows":2975367,"Plan Width":18,"Actual Startup Time":1552.883,"Actual Total Time":12993.062,"Actual Rows":4284922,"Actual Loops":1,"Output":["customer.c_w_id","customer.c_nationkey","orders.o_w_id","order_line.ol_amount","order_line.ol_w_id","order_line.ol_i_id"],"Inner Unique":true,"Hash Cond":"((orders.o_c_id = customer.c_id) AND (orders.o_w_id = customer.c_w_id) AND (orders.o_d_id = customer.c_d_id))","Shared Hit Blocks":362943,"Shared Read Blocks":0,"Shared Dirtied Blocks":0,"Shared Written Blocks":0,"Local Hit Blocks":0,"Local Read Blocks":0,"Local Dirtied Blocks":0,"Local Written Blocks":0,"Temp Read Blocks":117643,"Temp Written Blocks":117643,"I/O Read Time":0.0,"I/O Write Time":0.0,"Temp I/O Read Time":193.61,"Temp I/O Write Time":494.815,"Plans":[{"Node Type":"Hash Join","Parent Relationship":"Outer","Parallel Aware":false,"Async Capable":false,"Join Type":"Inner","Startup Cost":76606.59,"Total Cost":1204573.22,"Plan Rows":2975367,"Plan Width":20,"Actual Startup Time":369.588,"Actual Total Time":9657.652,"Actual Rows":4284922,"Actual Loops":1,"Output":["orders.o_c_id","orders.o_w_id","orders.o_d_id","order_line.ol_amount","order_line.ol_w_id","order_line.ol_d_id","order_line.ol_i_id"],"Inner Unique":true,"Hash Cond":"((order_line.ol_w_id = orders.o_w_id) AND (order_line.ol_d_id = orders.o_d_id) AND (order_line.ol_o_id = orders.o_id))","Shared Hit Blocks":362943,"Shared Read Blocks":0,"Shared Dirtied Blocks":0,"Shared Written Blocks":0,"Local Hit Blocks":0,"Local Read Blocks":0,"Local Dirtied Blocks":0,"Local Written Blocks":0,"Temp Read Blocks":85996,"Temp Written Blocks":85996,"I/O Read Time":0.0,"I/O Write Time":0.0,"Temp I/O Read Time":141.986,"Temp I/O Write Time":348.184,"Plans":[{"Node Type":"Seq Scan","Parent Relationship":"Outer","Parallel Aware":false,"Async Capable":false,"Relation Name":"order_line","Schema":"public","Alias":"order_line","Startup Cost":0.0,"Total Cost":715856.4,"Plan Rows":20926367,"Plan Width":20,"Actual Startup Time":0.007,"Actual Total Time":3673.505,"Actual Rows":21002151,"Actual Loops":1,"Output":["order_line.ol_amount","order_line.ol_o_id","order_line.ol_w_id","order_line.ol_d_id","order_line.ol_i_id"],"Filter":"(order_line.ol_delivery_d >= '1992-01-02 20:10:02.27764'::timestamp without time zone)","Rows Removed by Filter":8995581,"Shared Hit Blocks":340884,"Shared Read Blocks":0,"Shared Dirtied Blocks":0,"Shared Written Blocks":0,"Local Hit Blocks":0,"Local Read Blocks":0,"Local Dirtied Blocks":0,"Local Written Blocks":0,"Temp Read Blocks":0,"Temp Written Blocks":0,"I/O Read Time":0.0,"I/O Write Time":0.0,"Temp I/O Read Time":0.0,"Temp I/O Write Time":0.0},{"Node Type":"Hash","Parent Relationship":"Inner","Parallel Aware":false,"Async Capable":false,"Startup Cost":67059.0,"Total Cost":67059.0,"Plan Rows":426548,"Plan Width":16,"Actual Startup Time":301.873,"Actual Total Time":301.879,"Actual Rows":428399,"Actual Loops":1,"Output":["orders.o_c_id","orders.o_w_id","orders.o_d_id","orders.o_id"],"Hash Buckets":262144,"Original Hash Buckets":262144,"Hash Batches":4,"Original Hash Batches":4,"Peak Memory Usage":7080,"Shared Hit Blocks":22059,"Shared Read Blocks":0,"Shared Dirtied Blocks":0,"Shared Written Blocks":0,"Local Hit Blocks":0,"Local Read Blocks":0,"Local Dirtied Blocks":0,"Local Written Blocks":0,"Temp Read Blocks":0,"Temp Written Blocks":1410,"I/O Read Time":0.0,"I/O Write Time":0.0,"Temp I/O Read Time":0.0,"Temp I/O Write Time":6.78,"Plans":[{"Node Type":"Seq Scan","Parent Relationship":"Outer","Parallel Aware":false,"Async Capable":false,"Relation Name":"orders","Schema":"public","Alias":"orders","Startup Cost":0.0,"Total Cost":67059.0,"Plan Rows":426548,"Plan Width":16,"Actual Startup Time":0.82,"Actual Total Time":222.349,"Actual Rows":428399,"Actual Loops":1,"Output":["orders.o_c_id","orders.o_w_id","orders.o_d_id","orders.o_id"],"Filter":"((orders.o_entry_d >= '1993-01-02 20:10:02.27764'::timestamp without time zone) AND (orders.o_entry_d < '1994-01-02 20:10:02.27764'::timestamp without time zone))","Rows Removed by Filter":2571601,"Shared Hit Blocks":22059,"Shared Read Blocks":0,"Shared Dirtied Blocks":0,"Shared Written Blocks":0,"Local Hit Blocks":0,"Local Read Blocks":0,"Local Dirtied Blocks":0,"Local Written Blocks":0,"Temp Read Blocks":0,"Temp Written Blocks":0,"I/O Read Time":0.0,"I/O Write Time":0.0,"Temp I/O Read Time":0.0,"Temp I/O Write Time":0.0}]}]},{"Node Type":"Hash","Parent Relationship":"Inner","Parallel Aware":false,"Async Capable":false,"Startup Cost":254511.16,"Total Cost":254511.16,"Plan Rows":2999739,"Plan Width":12,"Actual Startup Time":1180.668,"Actual Total Time":1180.677,"Actual Rows":3000000,"Actual Loops":1,"Output":["customer.c_id","customer.c_w_id","customer.c_d_id","customer.c_nationkey"],"Hash Buckets":262144,"Original Hash Buckets":262144,"Hash Batches":32,"Original Hash Batches":32,"Peak Memory Usage":6090,"Shared Hit Blocks":0,"Shared Read Blocks":0,"Shared Dirtied Blocks":0,"Shared Written Blocks":0,"Local Hit Blocks":0,"Local Read Blocks":0,"Local Dirtied Blocks":0,"Local Written Blocks":0,"Temp Read Blocks":0,"Temp Written Blocks":11335,"I/O Read Time":0.0,"I/O Write Time":0.0,"Temp I/O Read Time":0.0,"Temp I/O Write Time":50.651,"Plans":[{"Node Type":"Append","Parent Relationship":"Outer","Parallel Aware":false,"Async Capable":false,"Startup Cost":20.0,"Total Cost":254511.16,"Plan Rows":2999739,"Plan Width":12,"Actual Startup Time":0.034,"Actual Total Time":668.566,"Actual Rows":3000000,"Actual Loops":1,"Shared Hit Blocks":0,"Shared Read Blocks":0,"Shared Dirtied Blocks":0,"Shared Written Blocks":0,"Local Hit Blocks":0,"Local Read Blocks":0,"Local Dirtied Blocks":0,"Local Written Blocks":0,"Temp Read Blocks":0,"Temp Written Blocks":0,"I/O Read Time":0.0,"I/O Write Time":0.0,"Temp I/O Read Time":0.0,"Temp I/O Write Time":0.0,"Subplans Removed":0,"Plans":[{"Node Type":"Custom Scan","Parent Relationship":"Member","Custom Plan Provider":"columnar scan","Parallel Aware":false,"Async Capable":false,"Relation Name":"customer","Schema":"public","Alias":"customer","Startup Cost":20.0,"Total Cost":70513.87,"Plan Rows":2999738,"Plan Width":12,"Actual Startup Time":0.033,"Actual Total Time":453.626,"Actual Rows":3000000,"Actual Loops":1,"Output":["customer.c_id","customer.c_w_id","customer.c_d_id","customer.c_nationkey"],"Rows Removed by Columnar Filter":0,"Columnar cache search mode":"native","Shared Hit Blocks":0,"Shared Read Blocks":0,"Shared Dirtied Blocks":0,"Shared Written Blocks":0,"Local Hit Blocks":0,"Local Read Blocks":0,"Local Dirtied Blocks":0,"Local Written Blocks":0,"Temp Read Blocks":0,"Temp Written Blocks":0,"I/O Read Time":0.0,"I/O Write Time":0.0,"Temp I/O Read Time":0.0,"Temp I/O Write Time":0.0},{"Node Type":"Seq Scan","Parent Relationship":"Member","Parallel Aware":false,"Async Capable":false,"Relation Name":"customer","Schema":"public","Alias":"customer","Startup Cost":0.0,"Total Cost":4.01,"Plan Rows":1,"Plan Width":12,"Actual Startup Time":0.0,"Actual Total Time":0.0,"Actual Rows":0,"Actual Loops":0,"Output":["customer.c_id","customer.c_w_id","customer.c_d_id","customer.c_nationkey"],"Shared Hit Blocks":0,"Shared Read Blocks":0,"Shared Dirtied Blocks":0,"Shared Written Blocks":0,"Local Hit Blocks":0,"Local Read Blocks":0,"Local Dirtied Blocks":0,"Local Written Blocks":0,"Temp Read Blocks":0,"Temp Written Blocks":0,"I/O Read Time":0.0,"I/O Write Time":0.0,"Temp I/O Read Time":0.0,"Temp I/O Write Time":0.0}]}]}]},{"Node Type":"Hash","Parent Relationship":"Inner","Parallel Aware":false,"Async Capable":false,"Startup Cost":2.99,"Total Cost":2.99,"Plan Rows":12,"Plan Width":12,"Actual Startup Time":0.047,"Actual Total Time":0.051,"Actual Rows":22,"Actual Loops":1,"Output":["nation.n_name","nation.n_nationkey"],"Hash Buckets":1024,"Original Hash Buckets":1024,"Hash Batches":1,"Original Hash Batches":1,"Peak Memory Usage":9,"Shared Hit Blocks":2,"Shared Read Blocks":0,"Shared Dirtied Blocks":0,"Shared Written Blocks":0,"Local Hit Blocks":0,"Local Read Blocks":0,"Local Dirtied Blocks":0,"Local Written Blocks":0,"Temp Read Blocks":0,"Temp Written Blocks":0,"I/O Read Time":0.0,"I/O Write Time":0.0,"Temp I/O Read Time":0.0,"Temp I/O Write Time":0.0,"Plans":[{"Node Type":"Hash Join","Parent Relationship":"Outer","Parallel Aware":false,"Async Capable":false,"Join Type":"Inner","Startup Cost":1.07,"Total Cost":2.99,"Plan Rows":12,"Plan Width":12,"Actual Startup Time":0.029,"Actual Total Time":0.045,"Actual Rows":22,"Actual Loops":1,"Output":["nation.n_name","nation.n_nationkey"],"Inner Unique":true,"Hash Cond":"(nation.n_regionkey = region.r_regionkey)","Shared Hit Blocks":2,"Shared Read Blocks":0,"Shared Dirtied Blocks":0,"Shared Written Blocks":0,"Local Hit Blocks":0,"Local Read Blocks":0,"Local Dirtied Blocks":0,"Local Written Blocks":0,"Temp Read Blocks":0,"Temp Written Blocks":0,"I/O Read Time":0.0,"I/O Write Time":0.0,"Temp I/O Read Time":0.0,"Temp I/O Write Time":0.0,"Plans":[{"Node Type":"Seq Scan","Parent Relationship":"Outer","Parallel Aware":false,"Async Capable":false,"Relation Name":"nation","Schema":"public","Alias":"nation","Startup Cost":0.0,"Total Cost":1.62,"Plan Rows":62,"Plan Width":16,"Actual Startup Time":0.005,"Actual Total Time":0.009,"Actual Rows":62,"Actual Loops":1,"Output":["nation.n_nationkey","nation.n_name","nation.n_regionkey","nation.n_comment"],"Shared Hit Blocks":1,"Shared Read Blocks":0,"Shared Dirtied Blocks":0,"Shared Written Blocks":0,"Local Hit Blocks":0,"Local Read Blocks":0,"Local Dirtied Blocks":0,"Local Written Blocks":0,"Temp Read Blocks":0,"Temp Written Blocks":0,"I/O Read Time":0.0,"I/O Write Time":0.0,"Temp I/O Read Time":0.0,"Temp I/O Write Time":0.0},{"Node Type":"Hash","Parent Relationship":"Inner","Parallel Aware":false,"Async Capable":false,"Startup Cost":1.06,"Total Cost":1.06,"Plan Rows":1,"Plan Width":4,"Actual Startup Time":0.008,"Actual Total Time":0.009,"Actual Rows":1,"Actual Loops":1,"Output":["region.r_regionkey"],"Hash Buckets":1024,"Original Hash Buckets":1024,"Hash Batches":1,"Original Hash Batches":1,"Peak Memory Usage":9,"Shared Hit Blocks":1,"Shared Read Blocks":0,"Shared Dirtied Blocks":0,"Shared Written Blocks":0,"Local Hit Blocks":0,"Local Read Blocks":0,"Local Dirtied Blocks":0,"Local Written Blocks":0,"Temp Read Blocks":0,"Temp Written Blocks":0,"I/O Read Time":0.0,"I/O Write Time":0.0,"Temp I/O Read Time":0.0,"Temp I/O Write Time":0.0,"Plans":[{"Node Type":"Seq Scan","Parent Relationship":"Outer","Parallel Aware":false,"Async Capable":false,"Relation Name":"region","Schema":"public","Alias":"region","Startup Cost":0.0,"Total Cost":1.06,"Plan Rows":1,"Plan Width":4,"Actual Startup Time":0.006,"Actual Total Time":0.007,"Actual Rows":1,"Actual Loops":1,"Output":["region.r_regionkey"],"Filter":"((region.r_name)::text = 'Europe'::text)","Rows Removed by Filter":4,"Shared Hit Blocks":1,"Shared Read Blocks":0,"Shared Dirtied Blocks":0,"Shared Written Blocks":0,"Local Hit Blocks":0,"Local Read Blocks":0,"Local Dirtied Blocks":0,"Local Written Blocks":0,"Temp Read Blocks":0,"Temp Written Blocks":0,"I/O Read Time":0.0,"I/O Write Time":0.0,"Temp I/O Read Time":0.0,"Temp I/O Write Time":0.0}]}]}]}]}]},{"Node Type":"Index Only Scan","Parent Relationship":"Inner","Parallel Aware":false,"Async Capable":false,"Scan Direction":"Forward","Index Name":"stock_pk","Relation Name":"stock","Schema":"public","Alias":"stock","Startup Cost":0.43,"Total Cost":259690.86,"Plan Rows":10000162,"Plan Width":6,"Actual Startup Time":0.051,"Actual Total Time":751.239,"Actual Rows":9999996,"Actual Loops":1,"Output":["stock.s_w_id","stock.s_i_id"],"Heap Fetches":0,"Shared Hit Blocks":27338,"Shared Read Blocks":0,"Shared Dirtied Blocks":0,"Shared Written Blocks":0,"Local Hit Blocks":0,"Local Read Blocks":0,"Local Dirtied Blocks":0,"Local Written Blocks":0,"Temp Read Blocks":0,"Temp Written Blocks":0,"I/O Read Time":0.0,"I/O Write Time":0.0,"Temp I/O Read Time":0.0,"Temp I/O Write Time":0.0}]},{"Node Type":"Hash","Parent Relationship":"Inner","Parallel Aware":false,"Async Capable":false,"Startup Cost":317.0,"Total Cost":317.0,"Plan Rows":10000,"Plan Width":8,"Actual Startup Time":2.755,"Actual Total Time":2.756,"Actual Rows":10000,"Actual Loops":1,"Output":["supplier.su_suppkey","supplier.su_nationkey"],"Hash Buckets":16384,"Original Hash Buckets":16384,"Hash Batches":1,"Original Hash Batches":1,"Peak Memory Usage":519,"Shared Hit Blocks":217,"Shared Read Blocks":0,"Shared Dirtied Blocks":0,"Shared Written Blocks":0,"Local Hit Blocks":0,"Local Read Blocks":0,"Local Dirtied Blocks":0,"Local Written Blocks":0,"Temp Read Blocks":0,"Temp Written Blocks":0,"I/O Read Time":0.0,"I/O Write Time":0.0,"Temp I/O Read Time":0.0,"Temp I/O Write Time":0.0,"Plans":[{"Node Type":"Seq Scan","Parent Relationship":"Outer","Parallel Aware":false,"Async Capable":false,"Relation Name":"supplier","Schema":"public","Alias":"supplier","Startup Cost":0.0,"Total Cost":317.0,"Plan Rows":10000,"Plan Width":8,"Actual Startup Time":0.01,"Actual Total Time":1.363,"Actual Rows":10000,"Actual Loops":1,"Output":["supplier.su_suppkey","supplier.su_nationkey"],"Shared Hit Blocks":217,"Shared Read Blocks":0,"Shared Dirtied Blocks":0,"Shared Written Blocks":0,"Local Hit Blocks":0,"Local Read Blocks":0,"Local Dirtied Blocks":0,"Local Written Blocks":0,"Temp Read Blocks":0,"Temp Written Blocks":0,"I/O Read Time":0.0,"I/O Write Time":0.0,"Temp I/O Read Time":0.0,"Temp I/O Write Time":0.0}]}]}]}]}]},"Planning":{"Shared Hit Blocks":16,"Shared Read Blocks":0,"Shared Dirtied Blocks":0,"Shared Written Blocks":0,"Local Hit Blocks":0,"Local Read Blocks":0,"Local Dirtied Blocks":0,"Local Written Blocks":0,"Temp Read Blocks":0,"Temp Written Blocks":0,"I/O Read Time":0.0,"I/O Write Time":0.0,"Temp I/O Read Time":0.0,"Temp I/O Write Time":0.0},"Planning Time":5.877,"Triggers":[],"Execution Time":16734.485}]
[列存组合]: customer, nation, supplier
[{"Plan":{"Node Type":"Sort","Parallel Aware":false,"Async Capable":false,"Startup Cost":2011996.45,"Total Cost":2011996.61,"Plan Rows":62,"Plan Width":40,"Actual Startup Time":16760.157,"Actual Total Time":16760.186,"Actual Rows":11,"Actual Loops":1,"Output":["nation.n_name","(sum(order_line.ol_amount))"],"Sort Key":["(sum(order_line.ol_amount)) DESC"],"Sort Method":"quicksort","Sort Space Used":25,"Sort Space Type":"Memory","Shared Hit Blocks":390283,"Shared Read Blocks":0,"Shared Dirtied Blocks":0,"Shared Written Blocks":0,"Local Hit Blocks":0,"Local Read Blocks":0,"Local Dirtied Blocks":0,"Local Written Blocks":0,"Temp Read Blocks":129460,"Temp Written Blocks":129487,"I/O Read Time":0.0,"I/O Write Time":0.0,"Temp I/O Read Time":213.015,"Temp I/O Write Time":523.256,"Plans":[{"Node Type":"Aggregate","Strategy":"Sorted","Partial Mode":"Simple","Parent Relationship":"Outer","Parallel Aware":false,"Async Capable":false,"Startup Cost":2011920.67,"Total Cost":2011994.61,"Plan Rows":62,"Plan Width":40,"Actual Startup Time":16757.257,"Actual Total Time":16760.172,"Actual Rows":11,"Actual Loops":1,"Output":["nation.n_name","sum(order_line.ol_amount)"],"Group Key":["nation.n_name"],"Shared Hit Blocks":390283,"Shared Read Blocks":0,"Shared Dirtied Blocks":0,"Shared Written Blocks":0,"Local Hit Blocks":0,"Local Read Blocks":0,"Local Dirtied Blocks":0,"Local Written Blocks":0,"Temp Read Blocks":129460,"Temp Written Blocks":129487,"I/O Read Time":0.0,"I/O Write Time":0.0,"Temp I/O Read Time":213.015,"Temp I/O Write Time":523.256,"Plans":[{"Node Type":"Sort","Parent Relationship":"Outer","Parallel Aware":false,"Async Capable":false,"Startup Cost":2011920.67,"Total Cost":2011945.06,"Plan Rows":9755,"Plan Width":12,"Actual Startup Time":16757.038,"Actual Total Time":16757.829,"Actual Rows":17493,"Actual Loops":1,"Output":["nation.n_name","order_line.ol_amount"],"Sort Key":["nation.n_name"],"Sort Method":"quicksort","Sort Space Used":1725,"Sort Space Type":"Memory","Shared Hit Blocks":390283,"Shared Read Blocks":0,"Shared Dirtied Blocks":0,"Shared Written Blocks":0,"Local Hit Blocks":0,"Local Read Blocks":0,"Local Dirtied Blocks":0,"Local Written Blocks":0,"Temp Read Blocks":129460,"Temp Written Blocks":129487,"I/O Read Time":0.0,"I/O Write Time":0.0,"Temp I/O Read Time":213.015,"Temp I/O Write Time":523.256,"Plans":[{"Node Type":"Hash Join","Parent Relationship":"Outer","Parallel Aware":false,"Async Capable":false,"Join Type":"Inner","Startup Cost":1687777.4,"Total Cost":2011274.31,"Plan Rows":9755,"Plan Width":12,"Actual Startup Time":14871.914,"Actual Total Time":16748.236,"Actual Rows":17493,"Actual Loops":1,"Output":["nation.n_name","order_line.ol_amount"],"Inner Unique":true,"Hash Cond":"((mod((stock.s_w_id * stock.s_i_id), 10000) = supplier.su_suppkey) AND (customer.c_nationkey = supplier.su_nationkey))","Shared Hit Blocks":390283,"Shared Read Blocks":0,"Shared Dirtied Blocks":0,"Shared Written Blocks":0,"Local Hit Blocks":0,"Local Read Blocks":0,"Local Dirtied Blocks":0,"Local Written Blocks":0,"Temp Read Blocks":129460,"Temp Written Blocks":129487,"I/O Read Time":0.0,"I/O Write Time":0.0,"Temp I/O Read Time":213.015,"Temp I/O Write Time":523.256,"Plans":[{"Node Type":"Merge Join","Parent Relationship":"Outer","Parallel Aware":false,"Async Capable":false,"Join Type":"Inner","Startup Cost":1687408.37,"Total Cost":2007590.15,"Plan Rows":602749,"Plan Width":26,"Actual Startup Time":14868.307,"Actual Total Time":16606.897,"Actual Rows":1109507,"Actual Loops":1,"Output":["customer.c_nationkey","order_line.ol_amount","stock.s_w_id","stock.s_i_id","nation.n_name","nation.n_nationkey"],"Inner Unique":true,"Merge Cond":"((customer.c_w_id = stock.s_w_id) AND (order_line.ol_i_id = stock.s_i_id))","Shared Hit Blocks":390283,"Shared Read Blocks":0,"Shared Dirtied Blocks":0,"Shared Written Blocks":0,"Local Hit Blocks":0,"Local Read Blocks":0,"Local Dirtied Blocks":0,"Local Written Blocks":0,"Temp Read Blocks":129460,"Temp Written Blocks":129487,"I/O Read Time":0.0,"I/O Write Time":0.0,"Temp I/O Read Time":213.015,"Temp I/O Write Time":523.256,"Plans":[{"Node Type":"Sort","Parent Relationship":"Outer","Parallel Aware":false,"Async Capable":false,"Startup Cost":1687407.93,"Total Cost":1688895.62,"Plan Rows":595073,"Plan Width":30,"Actual Startup Time":14868.247,"Actual Total Time":15049.789,"Actual Rows":1109507,"Actual Loops":1,"Output":["customer.c_w_id","customer.c_nationkey","orders.o_w_id","order_line.ol_amount","order_line.ol_w_id","order_line.ol_i_id","nation.n_name","nation.n_nationkey"],"Sort Key":["customer.c_w_id","order_line.ol_i_id"],"Sort Method":"external merge","Sort Space Used":47304,"Sort Space Type":"Disk","Shared Hit Blocks":362945,"Shared Read Blocks":0,"Shared Dirtied Blocks":0,"Shared Written Blocks":0,"Local Hit Blocks":0,"Local Read Blocks":0,"Local Dirtied Blocks":0,"Local Written Blocks":0,"Temp Read Blocks":129460,"Temp Written Blocks":129487,"I/O Read Time":0.0,"I/O Write Time":0.0,"Temp I/O Read Time":213.015,"Temp I/O Write Time":523.256,"Plans":[{"Node Type":"Hash Join","Parent Relationship":"Outer","Parallel Aware":false,"Async Capable":false,"Join Type":"Inner","Startup Cost":398264.32,"Total Cost":1616094.38,"Plan Rows":595073,"Plan Width":30,"Actual Startup Time":1540.112,"Actual Total Time":13428.269,"Actual Rows":1109507,"Actual Loops":1,"Output":["customer.c_w_id","customer.c_nationkey","orders.o_w_id","order_line.ol_amount","order_line.ol_w_id","order_line.ol_i_id","nation.n_name","nation.n_nationkey"],"Inner Unique":false,"Hash Cond":"(customer.c_nationkey = nation.n_nationkey)","Shared Hit Blocks":362945,"Shared Read Blocks":0,"Shared Dirtied Blocks":0,"Shared Written Blocks":0,"Local Hit Blocks":0,"Local Read Blocks":0,"Local Dirtied Blocks":0,"Local Written Blocks":0,"Temp Read Blocks":117643,"Temp Written Blocks":117643,"I/O Read Time":0.0,"I/O Write Time":0.0,"Temp I/O Read Time":195.262,"Temp I/O Write Time":490.547,"Plans":[{"Node Type":"Hash Join","Parent Relationship":"Outer","Parallel Aware":false,"Async Capable":false,"Join Type":"Inner","Startup Cost":398261.18,"Total Cost":1599174.84,"Plan Rows":2975367,"Plan Width":18,"Actual Startup Time":1530.552,"Actual Total Time":12972.996,"Actual Rows":4284922,"Actual Loops":1,"Output":["customer.c_w_id","customer.c_nationkey","orders.o_w_id","order_line.ol_amount","order_line.ol_w_id","order_line.ol_i_id"],"Inner Unique":true,"Hash Cond":"((orders.o_c_id = customer.c_id) AND (orders.o_w_id = customer.c_w_id) AND (orders.o_d_id = customer.c_d_id))","Shared Hit Blocks":362943,"Shared Read Blocks":0,"Shared Dirtied Blocks":0,"Shared Written Blocks":0,"Local Hit Blocks":0,"Local Read Blocks":0,"Local Dirtied Blocks":0,"Local Written Blocks":0,"Temp Read Blocks":117643,"Temp Written Blocks":117643,"I/O Read Time":0.0,"I/O Write Time":0.0,"Temp I/O Read Time":195.262,"Temp I/O Write Time":490.547,"Plans":[{"Node Type":"Hash Join","Parent Relationship":"Outer","Parallel Aware":false,"Async Capable":false,"Join Type":"Inner","Startup Cost":76606.59,"Total Cost":1204573.22,"Plan Rows":2975367,"Plan Width":20,"Actual Startup Time":362.327,"Actual Total Time":9612.141,"Actual Rows":4284922,"Actual Loops":1,"Output":["orders.o_c_id","orders.o_w_id","orders.o_d_id","order_line.ol_amount","order_line.ol_w_id","order_line.ol_d_id","order_line.ol_i_id"],"Inner Unique":true,"Hash Cond":"((order_line.ol_w_id = orders.o_w_id) AND (order_line.ol_d_id = orders.o_d_id) AND (order_line.ol_o_id = orders.o_id))","Shared Hit Blocks":362943,"Shared Read Blocks":0,"Shared Dirtied Blocks":0,"Shared Written Blocks":0,"Local Hit Blocks":0,"Local Read Blocks":0,"Local Dirtied Blocks":0,"Local Written Blocks":0,"Temp Read Blocks":85996,"Temp Written Blocks":85996,"I/O Read Time":0.0,"I/O Write Time":0.0,"Temp I/O Read Time":142.04,"Temp I/O Write Time":345.377,"Plans":[{"Node Type":"Seq Scan","Parent Relationship":"Outer","Parallel Aware":false,"Async Capable":false,"Relation Name":"order_line","Schema":"public","Alias":"order_line","Startup Cost":0.0,"Total Cost":715856.4,"Plan Rows":20926367,"Plan Width":20,"Actual Startup Time":0.006,"Actual Total Time":3670.703,"Actual Rows":21002151,"Actual Loops":1,"Output":["order_line.ol_amount","order_line.ol_o_id","order_line.ol_w_id","order_line.ol_d_id","order_line.ol_i_id"],"Filter":"(order_line.ol_delivery_d >= '1992-01-02 20:10:02.27764'::timestamp without time zone)","Rows Removed by Filter":8995581,"Shared Hit Blocks":340884,"Shared Read Blocks":0,"Shared Dirtied Blocks":0,"Shared Written Blocks":0,"Local Hit Blocks":0,"Local Read Blocks":0,"Local Dirtied Blocks":0,"Local Written Blocks":0,"Temp Read Blocks":0,"Temp Written Blocks":0,"I/O Read Time":0.0,"I/O Write Time":0.0,"Temp I/O Read Time":0.0,"Temp I/O Write Time":0.0},{"Node Type":"Hash","Parent Relationship":"Inner","Parallel Aware":false,"Async Capable":false,"Startup Cost":67059.0,"Total Cost":67059.0,"Plan Rows":426548,"Plan Width":16,"Actual Startup Time":295.333,"Actual Total Time":295.338,"Actual Rows":428399,"Actual Loops":1,"Output":["orders.o_c_id","orders.o_w_id","orders.o_d_id","orders.o_id"],"Hash Buckets":262144,"Original Hash Buckets":262144,"Hash Batches":4,"Original Hash Batches":4,"Peak Memory Usage":7080,"Shared Hit Blocks":22059,"Shared Read Blocks":0,"Shared Dirtied Blocks":0,"Shared Written Blocks":0,"Local Hit Blocks":0,"Local Read Blocks":0,"Local Dirtied Blocks":0,"Local Written Blocks":0,"Temp Read Blocks":0,"Temp Written Blocks":1410,"I/O Read Time":0.0,"I/O Write Time":0.0,"Temp I/O Read Time":0.0,"Temp I/O Write Time":6.154,"Plans":[{"Node Type":"Seq Scan","Parent Relationship":"Outer","Parallel Aware":false,"Async Capable":false,"Relation Name":"orders","Schema":"public","Alias":"orders","Startup Cost":0.0,"Total Cost":67059.0,"Plan Rows":426548,"Plan Width":16,"Actual Startup Time":0.772,"Actual Total Time":220.472,"Actual Rows":428399,"Actual Loops":1,"Output":["orders.o_c_id","orders.o_w_id","orders.o_d_id","orders.o_id"],"Filter":"((orders.o_entry_d >= '1993-01-02 20:10:02.27764'::timestamp without time zone) AND (orders.o_entry_d < '1994-01-02 20:10:02.27764'::timestamp without time zone))","Rows Removed by Filter":2571601,"Shared Hit Blocks":22059,"Shared Read Blocks":0,"Shared Dirtied Blocks":0,"Shared Written Blocks":0,"Local Hit Blocks":0,"Local Read Blocks":0,"Local Dirtied Blocks":0,"Local Written Blocks":0,"Temp Read Blocks":0,"Temp Written Blocks":0,"I/O Read Time":0.0,"I/O Write Time":0.0,"Temp I/O Read Time":0.0,"Temp I/O Write Time":0.0}]}]},{"Node Type":"Hash","Parent Relationship":"Inner","Parallel Aware":false,"Async Capable":false,"Startup Cost":254511.16,"Total Cost":254511.16,"Plan Rows":2999739,"Plan Width":12,"Actual Startup Time":1165.892,"Actual Total Time":1165.899,"Actual Rows":3000000,"Actual Loops":1,"Output":["customer.c_id","customer.c_w_id","customer.c_d_id","customer.c_nationkey"],"Hash Buckets":262144,"Original Hash Buckets":262144,"Hash Batches":32,"Original Hash Batches":32,"Peak Memory Usage":6090,"Shared Hit Blocks":0,"Shared Read Blocks":0,"Shared Dirtied Blocks":0,"Shared Written Blocks":0,"Local Hit Blocks":0,"Local Read Blocks":0,"Local Dirtied Blocks":0,"Local Written Blocks":0,"Temp Read Blocks":0,"Temp Written Blocks":11335,"I/O Read Time":0.0,"I/O Write Time":0.0,"Temp I/O Read Time":0.0,"Temp I/O Write Time":48.229,"Plans":[{"Node Type":"Append","Parent Relationship":"Outer","Parallel Aware":false,"Async Capable":false,"Startup Cost":20.0,"Total Cost":254511.16,"Plan Rows":2999739,"Plan Width":12,"Actual Startup Time":0.031,"Actual Total Time":663.089,"Actual Rows":3000000,"Actual Loops":1,"Shared Hit Blocks":0,"Shared Read Blocks":0,"Shared Dirtied Blocks":0,"Shared Written Blocks":0,"Local Hit Blocks":0,"Local Read Blocks":0,"Local Dirtied Blocks":0,"Local Written Blocks":0,"Temp Read Blocks":0,"Temp Written Blocks":0,"I/O Read Time":0.0,"I/O Write Time":0.0,"Temp I/O Read Time":0.0,"Temp I/O Write Time":0.0,"Subplans Removed":0,"Plans":[{"Node Type":"Custom Scan","Parent Relationship":"Member","Custom Plan Provider":"columnar scan","Parallel Aware":false,"Async Capable":false,"Relation Name":"customer","Schema":"public","Alias":"customer","Startup Cost":20.0,"Total Cost":70513.87,"Plan Rows":2999738,"Plan Width":12,"Actual Startup Time":0.03,"Actual Total Time":452.659,"Actual Rows":3000000,"Actual Loops":1,"Output":["customer.c_id","customer.c_w_id","customer.c_d_id","customer.c_nationkey"],"Rows Removed by Columnar Filter":0,"Columnar cache search mode":"native","Shared Hit Blocks":0,"Shared Read Blocks":0,"Shared Dirtied Blocks":0,"Shared Written Blocks":0,"Local Hit Blocks":0,"Local Read Blocks":0,"Local Dirtied Blocks":0,"Local Written Blocks":0,"Temp Read Blocks":0,"Temp Written Blocks":0,"I/O Read Time":0.0,"I/O Write Time":0.0,"Temp I/O Read Time":0.0,"Temp I/O Write Time":0.0},{"Node Type":"Seq Scan","Parent Relationship":"Member","Parallel Aware":false,"Async Capable":false,"Relation Name":"customer","Schema":"public","Alias":"customer","Startup Cost":0.0,"Total Cost":4.01,"Plan Rows":1,"Plan Width":12,"Actual Startup Time":0.0,"Actual Total Time":0.0,"Actual Rows":0,"Actual Loops":0,"Output":["customer.c_id","customer.c_w_id","customer.c_d_id","customer.c_nationkey"],"Shared Hit Blocks":0,"Shared Read Blocks":0,"Shared Dirtied Blocks":0,"Shared Written Blocks":0,"Local Hit Blocks":0,"Local Read Blocks":0,"Local Dirtied Blocks":0,"Local Written Blocks":0,"Temp Read Blocks":0,"Temp Written Blocks":0,"I/O Read Time":0.0,"I/O Write Time":0.0,"Temp I/O Read Time":0.0,"Temp I/O Write Time":0.0}]}]}]},{"Node Type":"Hash","Parent Relationship":"Inner","Parallel Aware":false,"Async Capable":false,"Startup Cost":2.99,"Total Cost":2.99,"Plan Rows":12,"Plan Width":12,"Actual Startup Time":0.045,"Actual Total Time":0.051,"Actual Rows":22,"Actual Loops":1,"Output":["nation.n_name","nation.n_nationkey"],"Hash Buckets":1024,"Original Hash Buckets":1024,"Hash Batches":1,"Original Hash Batches":1,"Peak Memory Usage":9,"Shared Hit Blocks":2,"Shared Read Blocks":0,"Shared Dirtied Blocks":0,"Shared Written Blocks":0,"Local Hit Blocks":0,"Local Read Blocks":0,"Local Dirtied Blocks":0,"Local Written Blocks":0,"Temp Read Blocks":0,"Temp Written Blocks":0,"I/O Read Time":0.0,"I/O Write Time":0.0,"Temp I/O Read Time":0.0,"Temp I/O Write Time":0.0,"Plans":[{"Node Type":"Hash Join","Parent Relationship":"Outer","Parallel Aware":false,"Async Capable":false,"Join Type":"Inner","Startup Cost":1.07,"Total Cost":2.99,"Plan Rows":12,"Plan Width":12,"Actual Startup Time":0.028,"Actual Total Time":0.043,"Actual Rows":22,"Actual Loops":1,"Output":["nation.n_name","nation.n_nationkey"],"Inner Unique":true,"Hash Cond":"(nation.n_regionkey = region.r_regionkey)","Shared Hit Blocks":2,"Shared Read Blocks":0,"Shared Dirtied Blocks":0,"Shared Written Blocks":0,"Local Hit Blocks":0,"Local Read Blocks":0,"Local Dirtied Blocks":0,"Local Written Blocks":0,"Temp Read Blocks":0,"Temp Written Blocks":0,"I/O Read Time":0.0,"I/O Write Time":0.0,"Temp I/O Read Time":0.0,"Temp I/O Write Time":0.0,"Plans":[{"Node Type":"Seq Scan","Parent Relationship":"Outer","Parallel Aware":false,"Async Capable":false,"Relation Name":"nation","Schema":"public","Alias":"nation","Startup Cost":0.0,"Total Cost":1.62,"Plan Rows":62,"Plan Width":16,"Actual Startup Time":0.007,"Actual Total Time":0.011,"Actual Rows":62,"Actual Loops":1,"Output":["nation.n_nationkey","nation.n_name","nation.n_regionkey","nation.n_comment"],"Shared Hit Blocks":1,"Shared Read Blocks":0,"Shared Dirtied Blocks":0,"Shared Written Blocks":0,"Local Hit Blocks":0,"Local Read Blocks":0,"Local Dirtied Blocks":0,"Local Written Blocks":0,"Temp Read Blocks":0,"Temp Written Blocks":0,"I/O Read Time":0.0,"I/O Write Time":0.0,"Temp I/O Read Time":0.0,"Temp I/O Write Time":0.0},{"Node Type":"Hash","Parent Relationship":"Inner","Parallel Aware":false,"Async Capable":false,"Startup Cost":1.06,"Total Cost":1.06,"Plan Rows":1,"Plan Width":4,"Actual Startup Time":0.008,"Actual Total Time":0.009,"Actual Rows":1,"Actual Loops":1,"Output":["region.r_regionkey"],"Hash Buckets":1024,"Original Hash Buckets":1024,"Hash Batches":1,"Original Hash Batches":1,"Peak Memory Usage":9,"Shared Hit Blocks":1,"Shared Read Blocks":0,"Shared Dirtied Blocks":0,"Shared Written Blocks":0,"Local Hit Blocks":0,"Local Read Blocks":0,"Local Dirtied Blocks":0,"Local Written Blocks":0,"Temp Read Blocks":0,"Temp Written Blocks":0,"I/O Read Time":0.0,"I/O Write Time":0.0,"Temp I/O Read Time":0.0,"Temp I/O Write Time":0.0,"Plans":[{"Node Type":"Seq Scan","Parent Relationship":"Outer","Parallel Aware":false,"Async Capable":false,"Relation Name":"region","Schema":"public","Alias":"region","Startup Cost":0.0,"Total Cost":1.06,"Plan Rows":1,"Plan Width":4,"Actual Startup Time":0.006,"Actual Total Time":0.006,"Actual Rows":1,"Actual Loops":1,"Output":["region.r_regionkey"],"Filter":"((region.r_name)::text = 'Europe'::text)","Rows Removed by Filter":4,"Shared Hit Blocks":1,"Shared Read Blocks":0,"Shared Dirtied Blocks":0,"Shared Written Blocks":0,"Local Hit Blocks":0,"Local Read Blocks":0,"Local Dirtied Blocks":0,"Local Written Blocks":0,"Temp Read Blocks":0,"Temp Written Blocks":0,"I/O Read Time":0.0,"I/O Write Time":0.0,"Temp I/O Read Time":0.0,"Temp I/O Write Time":0.0}]}]}]}]}]},{"Node Type":"Index Only Scan","Parent Relationship":"Inner","Parallel Aware":false,"Async Capable":false,"Scan Direction":"Forward","Index Name":"stock_pk","Relation Name":"stock","Schema":"public","Alias":"stock","Startup Cost":0.43,"Total Cost":259690.86,"Plan Rows":10000162,"Plan Width":6,"Actual Startup Time":0.047,"Actual Total Time":744.156,"Actual Rows":9999996,"Actual Loops":1,"Output":["stock.s_w_id","stock.s_i_id"],"Heap Fetches":0,"Shared Hit Blocks":27338,"Shared Read Blocks":0,"Shared Dirtied Blocks":0,"Shared Written Blocks":0,"Local Hit Blocks":0,"Local Read Blocks":0,"Local Dirtied Blocks":0,"Local Written Blocks":0,"Temp Read Blocks":0,"Temp Written Blocks":0,"I/O Read Time":0.0,"I/O Write Time":0.0,"Temp I/O Read Time":0.0,"Temp I/O Write Time":0.0}]},{"Node Type":"Hash","Parent Relationship":"Inner","Parallel Aware":false,"Async Capable":false,"Startup Cost":219.01,"Total Cost":219.01,"Plan Rows":10001,"Plan Width":8,"Actual Startup Time":3.179,"Actual Total Time":3.181,"Actual Rows":10000,"Actual Loops":1,"Output":["supplier.su_suppkey","supplier.su_nationkey"],"Hash Buckets":16384,"Original Hash Buckets":16384,"Hash Batches":1,"Original Hash Batches":1,"Peak Memory Usage":519,"Shared Hit Blocks":0,"Shared Read Blocks":0,"Shared Dirtied Blocks":0,"Shared Written Blocks":0,"Local Hit Blocks":0,"Local Read Blocks":0,"Local Dirtied Blocks":0,"Local Written Blocks":0,"Temp Read Blocks":0,"Temp Written Blocks":0,"I/O Read Time":0.0,"I/O Write Time":0.0,"Temp I/O Read Time":0.0,"Temp I/O Write Time":0.0,"Plans":[{"Node Type":"Append","Parent Relationship":"Outer","Parallel Aware":false,"Async Capable":false,"Startup Cost":20.0,"Total Cost":219.01,"Plan Rows":10001,"Plan Width":8,"Actual Startup Time":0.013,"Actual Total Time":1.789,"Actual Rows":10000,"Actual Loops":1,"Shared Hit Blocks":0,"Shared Read Blocks":0,"Shared Dirtied Blocks":0,"Shared Written Blocks":0,"Local Hit Blocks":0,"Local Read Blocks":0,"Local Dirtied Blocks":0,"Local Written Blocks":0,"Temp Read Blocks":0,"Temp Written Blocks":0,"I/O Read Time":0.0,"I/O Write Time":0.0,"Temp I/O Read Time":0.0,"Temp I/O Write Time":0.0,"Subplans Removed":0,"Plans":[{"Node Type":"Custom Scan","Parent Relationship":"Member","Custom Plan Provider":"columnar scan","Parallel Aware":false,"Async Capable":false,"Relation Name":"supplier","Schema":"public","Alias":"supplier","Startup Cost":20.0,"Total Cost":215.0,"Plan Rows":10000,"Plan Width":8,"Actual Startup Time":0.012,"Actual Total Time":1.087,"Actual Rows":10000,"Actual Loops":1,"Output":["supplier.su_suppkey","supplier.su_nationkey"],"Rows Removed by Columnar Filter":0,"Columnar cache search mode":"native","Shared Hit Blocks":0,"Shared Read Blocks":0,"Shared Dirtied Blocks":0,"Shared Written Blocks":0,"Local Hit Blocks":0,"Local Read Blocks":0,"Local Dirtied Blocks":0,"Local Written Blocks":0,"Temp Read Blocks":0,"Temp Written Blocks":0,"I/O Read Time":0.0,"I/O Write Time":0.0,"Temp I/O Read Time":0.0,"Temp I/O Write Time":0.0},{"Node Type":"Seq Scan","Parent Relationship":"Member","Parallel Aware":false,"Async Capable":false,"Relation Name":"supplier","Schema":"public","Alias":"supplier","Startup Cost":0.0,"Total Cost":4.01,"Plan Rows":1,"Plan Width":8,"Actual Startup Time":0.0,"Actual Total Time":0.0,"Actual Rows":0,"Actual Loops":0,"Output":["supplier.su_suppkey","supplier.su_nationkey"],"Shared Hit Blocks":0,"Shared Read Blocks":0,"Shared Dirtied Blocks":0,"Shared Written Blocks":0,"Local Hit Blocks":0,"Local Read Blocks":0,"Local Dirtied Blocks":0,"Local Written Blocks":0,"Temp Read Blocks":0,"Temp Written Blocks":0,"I/O Read Time":0.0,"I/O Write Time":0.0,"Temp I/O Read Time":0.0,"Temp I/O Write Time":0.0}]}]}]}]}]}]},"Planning":{"Shared Hit Blocks":16,"Shared Read Blocks":0,"Shared Dirtied Blocks":0,"Shared Written Blocks":0,"Local Hit Blocks":0,"Local Read Blocks":0,"Local Dirtied Blocks":0,"Local Written Blocks":0,"Temp Read Blocks":0,"Temp Written Blocks":0,"I/O Read Time":0.0,"I/O Write Time":0.0,"Temp I/O Read Time":0.0,"Temp I/O Write Time":0.0},"Planning Time":4.772,"Triggers":[],"Execution Time":16774.2}]
[列存组合]: customer, order_line, orders
[{"Plan":{"Node Type":"Sort","Parallel Aware":false,"Async Capable":false,"Startup Cost":1996743.16,"Total Cost":1996743.32,"Plan Rows":62,"Plan Width":40,"Actual Startup Time":10192.295,"Actual Total Time":10192.331,"Actual Rows":11,"Actual Loops":1,"Output":["nation.n_name","(sum(order_line.ol_amount))"],"Sort Key":["(sum(order_line.ol_amount)) DESC"],"Sort Method":"quicksort","Sort Space Used":25,"Sort Space Type":"Memory","Shared Hit Blocks":27557,"Shared Read Blocks":0,"Shared Dirtied Blocks":0,"Shared Written Blocks":0,"Local Hit Blocks":0,"Local Read Blocks":0,"Local Dirtied Blocks":0,"Local Written Blocks":0,"Temp Read Blocks":62236,"Temp Written Blocks":62263,"I/O Read Time":0.0,"I/O Write Time":0.0,"Temp I/O Read Time":99.136,"Temp I/O Write Time":246.3,"Plans":[{"Node Type":"Aggregate","Strategy":"Sorted","Partial Mode":"Simple","Parent Relationship":"Outer","Parallel Aware":false,"Async Capable":false,"Startup Cost":1996667.38,"Total Cost":1996741.32,"Plan Rows":62,"Plan Width":40,"Actual Startup Time":10189.47,"Actual Total Time":10192.314,"Actual Rows":11,"Actual Loops":1,"Output":["nation.n_name","sum(order_line.ol_amount)"],"Group Key":["nation.n_name"],"Shared Hit Blocks":27557,"Shared Read Blocks":0,"Shared Dirtied Blocks":0,"Shared Written Blocks":0,"Local Hit Blocks":0,"Local Read Blocks":0,"Local Dirtied Blocks":0,"Local Written Blocks":0,"Temp Read Blocks":62236,"Temp Written Blocks":62263,"I/O Read Time":0.0,"I/O Write Time":0.0,"Temp I/O Read Time":99.136,"Temp I/O Write Time":246.3,"Plans":[{"Node Type":"Sort","Parent Relationship":"Outer","Parallel Aware":false,"Async Capable":false,"Startup Cost":1996667.38,"Total Cost":1996691.77,"Plan Rows":9755,"Plan Width":12,"Actual Startup Time":10189.26,"Actual Total Time":10190.051,"Actual Rows":17493,"Actual Loops":1,"Output":["nation.n_name","order_line.ol_amount"],"Sort Key":["nation.n_name"],"Sort Method":"quicksort","Sort Space Used":1725,"Sort Space Type":"Memory","Shared Hit Blocks":27557,"Shared Read Blocks":0,"Shared Dirtied Blocks":0,"Shared Written Blocks":0,"Local Hit Blocks":0,"Local Read Blocks":0,"Local Dirtied Blocks":0,"Local Written Blocks":0,"Temp Read Blocks":62236,"Temp Written Blocks":62263,"I/O Read Time":0.0,"I/O Write Time":0.0,"Temp I/O Read Time":99.136,"Temp I/O Write Time":246.3,"Plans":[{"Node Type":"Hash Join","Parent Relationship":"Outer","Parallel Aware":false,"Async Capable":false,"Join Type":"Inner","Startup Cost":1672524.1,"Total Cost":1996021.02,"Plan Rows":9755,"Plan Width":12,"Actual Startup Time":8346.11,"Actual Total Time":10180.266,"Actual Rows":17493,"Actual Loops":1,"Output":["nation.n_name","order_line.ol_amount"],"Inner Unique":true,"Hash Cond":"((mod((stock.s_w_id * stock.s_i_id), 10000) = supplier.su_suppkey) AND (customer.c_nationkey = supplier.su_nationkey))","Shared Hit Blocks":27557,"Shared Read Blocks":0,"Shared Dirtied Blocks":0,"Shared Written Blocks":0,"Local Hit Blocks":0,"Local Read Blocks":0,"Local Dirtied Blocks":0,"Local Written Blocks":0,"Temp Read Blocks":62236,"Temp Written Blocks":62263,"I/O Read Time":0.0,"I/O Write Time":0.0,"Temp I/O Read Time":99.136,"Temp I/O Write Time":246.3,"Plans":[{"Node Type":"Merge Join","Parent Relationship":"Outer","Parallel Aware":false,"Async Capable":false,"Join Type":"Inner","Startup Cost":1672057.1,"Total Cost":1992238.88,"Plan Rows":602749,"Plan Width":26,"Actual Startup Time":8343.062,"Actual Total Time":10038.767,"Actual Rows":1109507,"Actual Loops":1,"Output":["customer.c_nationkey","order_line.ol_amount","stock.s_w_id","stock.s_i_id","nation.n_name","nation.n_nationkey"],"Inner Unique":true,"Merge Cond":"((customer.c_w_id = stock.s_w_id) AND (order_line.ol_i_id = stock.s_i_id))","Shared Hit Blocks":27340,"Shared Read Blocks":0,"Shared Dirtied Blocks":0,"Shared Written Blocks":0,"Local Hit Blocks":0,"Local Read Blocks":0,"Local Dirtied Blocks":0,"Local Written Blocks":0,"Temp Read Blocks":62236,"Temp Written Blocks":62263,"I/O Read Time":0.0,"I/O Write Time":0.0,"Temp I/O Read Time":99.136,"Temp I/O Write Time":246.3,"Plans":[{"Node Type":"Sort","Parent Relationship":"Outer","Parallel Aware":false,"Async Capable":false,"Startup Cost":1672056.67,"Total Cost":1673544.35,"Plan Rows":595073,"Plan Width":30,"Actual Startup Time":8343.002,"Actual Total Time":8522.517,"Actual Rows":1109507,"Actual Loops":1,"Output":["customer.c_w_id","customer.c_nationkey","orders.o_w_id","order_line.ol_amount","order_line.ol_w_id","order_line.ol_i_id","nation.n_name","nation.n_nationkey"],"Sort Key":["customer.c_w_id","order_line.ol_i_id"],"Sort Method":"external merge","Sort Space Used":47304,"Sort Space Type":"Disk","Shared Hit Blocks":2,"Shared Read Blocks":0,"Shared Dirtied Blocks":0,"Shared Written Blocks":0,"Local Hit Blocks":0,"Local Read Blocks":0,"Local Dirtied Blocks":0,"Local Written Blocks":0,"Temp Read Blocks":62236,"Temp Written Blocks":62263,"I/O Read Time":0.0,"I/O Write Time":0.0,"Temp I/O Read Time":99.136,"Temp I/O Write Time":246.3,"Plans":[{"Node Type":"Hash Join","Parent Relationship":"Outer","Parallel Aware":false,"Async Capable":false,"Join Type":"Inner","Startup Cost":396969.46,"Total Cost":1600743.11,"Plan Rows":595073,"Plan Width":30,"Actual Startup Time":1385.332,"Actual Total Time":6950.296,"Actual Rows":1109507,"Actual Loops":1,"Output":["customer.c_w_id","customer.c_nationkey","orders.o_w_id","order_line.ol_amount","order_line.ol_w_id","order_line.ol_i_id","nation.n_name","nation.n_nationkey"],"Inner Unique":false,"Hash Cond":"(customer.c_nationkey = nation.n_nationkey)","Shared Hit Blocks":2,"Shared Read Blocks":0,"Shared Dirtied Blocks":0,"Shared Written Blocks":0,"Local Hit Blocks":0,"Local Read Blocks":0,"Local Dirtied Blocks":0,"Local Written Blocks":0,"Temp Read Blocks":50419,"Temp Written Blocks":50419,"I/O Read Time":0.0,"I/O Write Time":0.0,"Temp I/O Read Time":81.697,"Temp I/O Write Time":215.205,"Plans":[{"Node Type":"Hash Join","Parent Relationship":"Outer","Parallel Aware":false,"Async Capable":false,"Join Type":"Inner","Startup Cost":396966.31,"Total Cost":1583823.58,"Plan Rows":2975367,"Plan Width":18,"Actual Startup Time":1378.245,"Actual Total Time":6530.292,"Actual Rows":4284922,"Actual Loops":1,"Output":["customer.c_w_id","customer.c_nationkey","orders.o_w_id","order_line.ol_amount","order_line.ol_w_id","order_line.ol_i_id"],"Inner Unique":true,"Hash Cond":"((orders.o_c_id = customer.c_id) AND (orders.o_w_id = customer.c_w_id) AND (orders.o_d_id = customer.c_d_id))","Shared Hit Blocks":0,"Shared Read Blocks":0,"Shared Dirtied Blocks":0,"Shared Written Blocks":0,"Local Hit Blocks":0,"Local Read Blocks":0,"Local Dirtied Blocks":0,"Local Written Blocks":0,"Temp Read Blocks":50419,"Temp Written Blocks":50419,"I/O Read Time":0.0,"I/O Write Time":0.0,"Temp I/O Read Time":81.697,"Temp I/O Write Time":215.205,"Plans":[{"Node Type":"Hash Join","Parent Relationship":"Outer","Parallel Aware":false,"Async Capable":false,"Join Type":"Inner","Startup Cost":75311.73,"Total Cost":1189221.96,"Plan Rows":2975367,"Plan Width":20,"Actual Startup Time":216.082,"Actual Total Time":3251.01,"Actual Rows":4284922,"Actual Loops":1,"Output":["orders.o_c_id","orders.o_w_id","orders.o_d_id","order_line.ol_amount","order_line.ol_w_id","order_line.ol_d_id","order_line.ol_i_id"],"Inner Unique":true,"Hash Cond":"((order_line.ol_w_id = orders.o_w_id) AND (order_line.ol_d_id = orders.o_d_id) AND (order_line.ol_o_id = orders.o_id))","Shared Hit Blocks":0,"Shared Read Blocks":0,"Shared Dirtied Blocks":0,"Shared Written Blocks":0,"Local Hit Blocks":0,"Local Read Blocks":0,"Local Dirtied Blocks":0,"Local Written Blocks":0,"Temp Read Blocks":18772,"Temp Written Blocks":18772,"I/O Read Time":0.0,"I/O Write Time":0.0,"Temp I/O Read Time":31.202,"Temp I/O Write Time":76.612,"Plans":[{"Node Type":"Append","Parent Relationship":"Outer","Parallel Aware":false,"Async Capable":false,"Startup Cost":20.0,"Total Cost":701820.0,"Plan Rows":20926367,"Plan Width":20,"Actual Startup Time":1.376,"Actual Total Time":1309.373,"Actual Rows":4311079,"Actual Loops":1,"Shared Hit Blocks":0,"Shared Read Blocks":0,"Shared Dirtied Blocks":0,"Shared Written Blocks":0,"Local Hit Blocks":0,"Local Read Blocks":0,"Local Dirtied Blocks":0,"Local Written Blocks":0,"Temp Read Blocks":0,"Temp Written Blocks":0,"I/O Read Time":0.0,"I/O Write Time":0.0,"Temp I/O Read Time":0.0,"Temp I/O Write Time":0.0,"Subplans Removed":0,"Plans":[{"Node Type":"Custom Scan","Parent Relationship":"Member","Custom Plan Provider":"columnar scan","Parallel Aware":false,"Async Capable":false,"Relation Name":"order_line","Schema":"public","Alias":"order_line","Startup Cost":20.0,"Total Cost":533641.75,"Plan Rows":20926325,"Plan Width":20,"Actual Startup Time":1.375,"Actual Total Time":999.571,"Actual Rows":4311079,"Actual Loops":1,"Output":["order_line.ol_amount","order_line.ol_o_id","order_line.ol_w_id","order_line.ol_d_id","order_line.ol_i_id"],"Filter":"(order_line.ol_delivery_d >= '1992-01-02 20:10:02.27764'::timestamp without time zone)","Rows Removed by Filter":0,"Rows Removed by Columnar Filter":25686653,"Rows Filtered by Bloom Filter":0,"Dictionary Rows Filtered by Bloom Filter":25686653,"Columnar cache search mode":"native","Shared Hit Blocks":0,"Shared Read Blocks":0,"Shared Dirtied Blocks":0,"Shared Written Blocks":0,"Local Hit Blocks":0,"Local Read Blocks":0,"Local Dirtied Blocks":0,"Local Written Blocks":0,"Temp Read Blocks":0,"Temp Written Blocks":0,"I/O Read Time":0.0,"I/O Write Time":0.0,"Temp I/O Read Time":0.0,"Temp I/O Write Time":0.0},{"Node Type":"Seq Scan","Parent Relationship":"Member","Parallel Aware":false,"Async Capable":false,"Relation Name":"order_line","Schema":"public","Alias":"order_line","Startup Cost":0.0,"Total Cost":4.75,"Plan Rows":42,"Plan Width":20,"Actual Startup Time":0.0,"Actual Total Time":0.0,"Actual Rows":0,"Actual Loops":0,"Output":["order_line.ol_amount","order_line.ol_o_id","order_line.ol_w_id","order_line.ol_d_id","order_line.ol_i_id"],"Filter":"(order_line.ol_delivery_d >= '1992-01-02 20:10:02.27764'::timestamp without time zone)","Rows Removed by Filter":0,"Shared Hit Blocks":0,"Shared Read Blocks":0,"Shared Dirtied Blocks":0,"Shared Written Blocks":0,"Local Hit Blocks":0,"Local Read Blocks":0,"Local Dirtied Blocks":0,"Local Written Blocks":0,"Temp Read Blocks":0,"Temp Written Blocks":0,"I/O Read Time":0.0,"I/O Write Time":0.0,"Temp I/O Read Time":0.0,"Temp I/O Write Time":0.0}]},{"Node Type":"Hash","Parent Relationship":"Inner","Parallel Aware":false,"Async Capable":false,"Startup Cost":65744.12,"Total Cost":65744.12,"Plan Rows":426549,"Plan Width":16,"Actual Startup Time":213.424,"Actual Total Time":213.431,"Actual Rows":428399,"Actual Loops":1,"Output":["orders.o_c_id","orders.o_w_id","orders.o_d_id","orders.o_id"],"Hash Buckets":262144,"Original Hash Buckets":262144,"Hash Batches":4,"Original Hash Batches":4,"Peak Memory Usage":7080,"Shared Hit Blocks":0,"Shared Read Blocks":0,"Shared Dirtied Blocks":0,"Shared Written Blocks":0,"Local Hit Blocks":0,"Local Read Blocks":0,"Local Dirtied Blocks":0,"Local Written Blocks":0,"Temp Read Blocks":0,"Temp Written Blocks":1410,"I/O Read Time":0.0,"I/O Write Time":0.0,"Temp I/O Read Time":0.0,"Temp I/O Write Time":5.901,"Plans":[{"Node Type":"Append","Parent Relationship":"Outer","Parallel Aware":false,"Async Capable":false,"Startup Cost":20.0,"Total Cost":65744.12,"Plan Rows":426549,"Plan Width":16,"Actual Startup Time":0.498,"Actual Total Time":108.65,"Actual Rows":428399,"Actual Loops":1,"Shared Hit Blocks":0,"Shared Read Blocks":0,"Shared Dirtied Blocks":0,"Shared Written Blocks":0,"Local Hit Blocks":0,"Local Read Blocks":0,"Local Dirtied Blocks":0,"Local Written Blocks":0,"Temp Read Blocks":0,"Temp Written Blocks":0,"I/O Read Time":0.0,"I/O Write Time":0.0,"Temp I/O Read Time":0.0,"Temp I/O Write Time":0.0,"Subplans Removed":0,"Plans":[{"Node Type":"Custom Scan","Parent Relationship":"Member","Custom Plan Provider":"columnar scan","Parallel Aware":false,"Async Capable":false,"Relation Name":"orders","Schema":"public","Alias":"orders","Startup Cost":20.0,"Total Cost":10043.96,"Plan Rows":426548,"Plan Width":16,"Actual Startup Time":0.497,"Actual Total Time":75.016,"Actual Rows":428399,"Actual Loops":1,"Output":["orders.o_c_id","orders.o_w_id","orders.o_d_id","orders.o_id"],"Filter":"((orders.o_entry_d < '1994-01-02 20:10:02.27764'::timestamp without time zone) AND (orders.o_entry_d >= '1993-01-02 20:10:02.27764'::timestamp without time zone))","Rows Removed by Filter":0,"Rows Removed by Columnar Filter":2571601,"Columnar cache search mode":"native","Shared Hit Blocks":0,"Shared Read Blocks":0,"Shared Dirtied Blocks":0,"Shared Written Blocks":0,"Local Hit Blocks":0,"Local Read Blocks":0,"Local Dirtied Blocks":0,"Local Written Blocks":0,"Temp Read Blocks":0,"Temp Written Blocks":0,"I/O Read Time":0.0,"I/O Write Time":0.0,"Temp I/O Read Time":0.0,"Temp I/O Write Time":0.0},{"Node Type":"Seq Scan","Parent Relationship":"Member","Parallel Aware":false,"Async Capable":false,"Relation Name":"orders","Schema":"public","Alias":"orders","Startup Cost":0.0,"Total Cost":4.01,"Plan Rows":1,"Plan Width":16,"Actual Startup Time":0.0,"Actual Total Time":0.0,"Actual Rows":0,"Actual Loops":0,"Output":["orders.o_c_id","orders.o_w_id","orders.o_d_id","orders.o_id"],"Filter":"((orders.o_entry_d < '1994-01-02 20:10:02.27764'::timestamp without time zone) AND (orders.o_entry_d >= '1993-01-02 20:10:02.27764'::timestamp without time zone))","Rows Removed by Filter":0,"Shared Hit Blocks":0,"Shared Read Blocks":0,"Shared Dirtied Blocks":0,"Shared Written Blocks":0,"Local Hit Blocks":0,"Local Read Blocks":0,"Local Dirtied Blocks":0,"Local Written Blocks":0,"Temp Read Blocks":0,"Temp Written Blocks":0,"I/O Read Time":0.0,"I/O Write Time":0.0,"Temp I/O Read Time":0.0,"Temp I/O Write Time":0.0}]}]}]},{"Node Type":"Hash","Parent Relationship":"Inner","Parallel Aware":false,"Async Capable":false,"Startup Cost":254511.16,"Total Cost":254511.16,"Plan Rows":2999739,"Plan Width":12,"Actual Startup Time":1160.346,"Actual Total Time":1160.352,"Actual Rows":3000000,"Actual Loops":1,"Output":["customer.c_id","customer.c_w_id","customer.c_d_id","customer.c_nationkey"],"Hash Buckets":262144,"Original Hash Buckets":262144,"Hash Batches":32,"Original Hash Batches":32,"Peak Memory Usage":6090,"Shared Hit Blocks":0,"Shared Read Blocks":0,"Shared Dirtied Blocks":0,"Shared Written Blocks":0,"Local Hit Blocks":0,"Local Read Blocks":0,"Local Dirtied Blocks":0,"Local Written Blocks":0,"Temp Read Blocks":0,"Temp Written Blocks":11335,"I/O Read Time":0.0,"I/O Write Time":0.0,"Temp I/O Read Time":0.0,"Temp I/O Write Time":47.76,"Plans":[{"Node Type":"Append","Parent Relationship":"Outer","Parallel Aware":false,"Async Capable":false,"Startup Cost":20.0,"Total Cost":254511.16,"Plan Rows":2999739,"Plan Width":12,"Actual Startup Time":0.013,"Actual Total Time":658.391,"Actual Rows":3000000,"Actual Loops":1,"Shared Hit Blocks":0,"Shared Read Blocks":0,"Shared Dirtied Blocks":0,"Shared Written Blocks":0,"Local Hit Blocks":0,"Local Read Blocks":0,"Local Dirtied Blocks":0,"Local Written Blocks":0,"Temp Read Blocks":0,"Temp Written Blocks":0,"I/O Read Time":0.0,"I/O Write Time":0.0,"Temp I/O Read Time":0.0,"Temp I/O Write Time":0.0,"Subplans Removed":0,"Plans":[{"Node Type":"Custom Scan","Parent Relationship":"Member","Custom Plan Provider":"columnar scan","Parallel Aware":false,"Async Capable":false,"Relation Name":"customer","Schema":"public","Alias":"customer","Startup Cost":20.0,"Total Cost":70513.87,"Plan Rows":2999738,"Plan Width":12,"Actual Startup Time":0.012,"Actual Total Time":446.887,"Actual Rows":3000000,"Actual Loops":1,"Output":["customer.c_id","customer.c_w_id","customer.c_d_id","customer.c_nationkey"],"Rows Removed by Columnar Filter":0,"Columnar cache search mode":"native","Shared Hit Blocks":0,"Shared Read Blocks":0,"Shared Dirtied Blocks":0,"Shared Written Blocks":0,"Local Hit Blocks":0,"Local Read Blocks":0,"Local Dirtied Blocks":0,"Local Written Blocks":0,"Temp Read Blocks":0,"Temp Written Blocks":0,"I/O Read Time":0.0,"I/O Write Time":0.0,"Temp I/O Read Time":0.0,"Temp I/O Write Time":0.0},{"Node Type":"Seq Scan","Parent Relationship":"Member","Parallel Aware":false,"Async Capable":false,"Relation Name":"customer","Schema":"public","Alias":"customer","Startup Cost":0.0,"Total Cost":4.01,"Plan Rows":1,"Plan Width":12,"Actual Startup Time":0.0,"Actual Total Time":0.0,"Actual Rows":0,"Actual Loops":0,"Output":["customer.c_id","customer.c_w_id","customer.c_d_id","customer.c_nationkey"],"Shared Hit Blocks":0,"Shared Read Blocks":0,"Shared Dirtied Blocks":0,"Shared Written Blocks":0,"Local Hit Blocks":0,"Local Read Blocks":0,"Local Dirtied Blocks":0,"Local Written Blocks":0,"Temp Read Blocks":0,"Temp Written Blocks":0,"I/O Read Time":0.0,"I/O Write Time":0.0,"Temp I/O Read Time":0.0,"Temp I/O Write Time":0.0}]}]}]},{"Node Type":"Hash","Parent Relationship":"Inner","Parallel Aware":false,"Async Capable":false,"Startup Cost":2.99,"Total Cost":2.99,"Plan Rows":12,"Plan Width":12,"Actual Startup Time":0.039,"Actual Total Time":0.045,"Actual Rows":22,"Actual Loops":1,"Output":["nation.n_name","nation.n_nationkey"],"Hash Buckets":1024,"Original Hash Buckets":1024,"Hash Batches":1,"Original Hash Batches":1,"Peak Memory Usage":9,"Shared Hit Blocks":2,"Shared Read Blocks":0,"Shared Dirtied Blocks":0,"Shared Written Blocks":0,"Local Hit Blocks":0,"Local Read Blocks":0,"Local Dirtied Blocks":0,"Local Written Blocks":0,"Temp Read Blocks":0,"Temp Written Blocks":0,"I/O Read Time":0.0,"I/O Write Time":0.0,"Temp I/O Read Time":0.0,"Temp I/O Write Time":0.0,"Plans":[{"Node Type":"Hash Join","Parent Relationship":"Outer","Parallel Aware":false,"Async Capable":false,"Join Type":"Inner","Startup Cost":1.07,"Total Cost":2.99,"Plan Rows":12,"Plan Width":12,"Actual Startup Time":0.023,"Actual Total Time":0.039,"Actual Rows":22,"Actual Loops":1,"Output":["nation.n_name","nation.n_nationkey"],"Inner Unique":true,"Hash Cond":"(nation.n_regionkey = region.r_regionkey)","Shared Hit Blocks":2,"Shared Read Blocks":0,"Shared Dirtied Blocks":0,"Shared Written Blocks":0,"Local Hit Blocks":0,"Local Read Blocks":0,"Local Dirtied Blocks":0,"Local Written Blocks":0,"Temp Read Blocks":0,"Temp Written Blocks":0,"I/O Read Time":0.0,"I/O Write Time":0.0,"Temp I/O Read Time":0.0,"Temp I/O Write Time":0.0,"Plans":[{"Node Type":"Seq Scan","Parent Relationship":"Outer","Parallel Aware":false,"Async Capable":false,"Relation Name":"nation","Schema":"public","Alias":"nation","Startup Cost":0.0,"Total Cost":1.62,"Plan Rows":62,"Plan Width":16,"Actual Startup Time":0.005,"Actual Total Time":0.01,"Actual Rows":62,"Actual Loops":1,"Output":["nation.n_nationkey","nation.n_name","nation.n_regionkey","nation.n_comment"],"Shared Hit Blocks":1,"Shared Read Blocks":0,"Shared Dirtied Blocks":0,"Shared Written Blocks":0,"Local Hit Blocks":0,"Local Read Blocks":0,"Local Dirtied Blocks":0,"Local Written Blocks":0,"Temp Read Blocks":0,"Temp Written Blocks":0,"I/O Read Time":0.0,"I/O Write Time":0.0,"Temp I/O Read Time":0.0,"Temp I/O Write Time":0.0},{"Node Type":"Hash","Parent Relationship":"Inner","Parallel Aware":false,"Async Capable":false,"Startup Cost":1.06,"Total Cost":1.06,"Plan Rows":1,"Plan Width":4,"Actual Startup Time":0.008,"Actual Total Time":0.01,"Actual Rows":1,"Actual Loops":1,"Output":["region.r_regionkey"],"Hash Buckets":1024,"Original Hash Buckets":1024,"Hash Batches":1,"Original Hash Batches":1,"Peak Memory Usage":9,"Shared Hit Blocks":1,"Shared Read Blocks":0,"Shared Dirtied Blocks":0,"Shared Written Blocks":0,"Local Hit Blocks":0,"Local Read Blocks":0,"Local Dirtied Blocks":0,"Local Written Blocks":0,"Temp Read Blocks":0,"Temp Written Blocks":0,"I/O Read Time":0.0,"I/O Write Time":0.0,"Temp I/O Read Time":0.0,"Temp I/O Write Time":0.0,"Plans":[{"Node Type":"Seq Scan","Parent Relationship":"Outer","Parallel Aware":false,"Async Capable":false,"Relation Name":"region","Schema":"public","Alias":"region","Startup Cost":0.0,"Total Cost":1.06,"Plan Rows":1,"Plan Width":4,"Actual Startup Time":0.007,"Actual Total Time":0.007,"Actual Rows":1,"Actual Loops":1,"Output":["region.r_regionkey"],"Filter":"((region.r_name)::text = 'Europe'::text)","Rows Removed by Filter":4,"Shared Hit Blocks":1,"Shared Read Blocks":0,"Shared Dirtied Blocks":0,"Shared Written Blocks":0,"Local Hit Blocks":0,"Local Read Blocks":0,"Local Dirtied Blocks":0,"Local Written Blocks":0,"Temp Read Blocks":0,"Temp Written Blocks":0,"I/O Read Time":0.0,"I/O Write Time":0.0,"Temp I/O Read Time":0.0,"Temp I/O Write Time":0.0}]}]}]}]}]},{"Node Type":"Index Only Scan","Parent Relationship":"Inner","Parallel Aware":false,"Async Capable":false,"Scan Direction":"Forward","Index Name":"stock_pk","Relation Name":"stock","Schema":"public","Alias":"stock","Startup Cost":0.43,"Total Cost":259690.86,"Plan Rows":10000162,"Plan Width":6,"Actual Startup Time":0.047,"Actual Total Time":704.366,"Actual Rows":9999996,"Actual Loops":1,"Output":["stock.s_w_id","stock.s_i_id"],"Heap Fetches":0,"Shared Hit Blocks":27338,"Shared Read Blocks":0,"Shared Dirtied Blocks":0,"Shared Written Blocks":0,"Local Hit Blocks":0,"Local Read Blocks":0,"Local Dirtied Blocks":0,"Local Written Blocks":0,"Temp Read Blocks":0,"Temp Written Blocks":0,"I/O Read Time":0.0,"I/O Write Time":0.0,"Temp I/O Read Time":0.0,"Temp I/O Write Time":0.0}]},{"Node Type":"Hash","Parent Relationship":"Inner","Parallel Aware":false,"Async Capable":false,"Startup Cost":317.0,"Total Cost":317.0,"Plan Rows":10000,"Plan Width":8,"Actual Startup Time":2.627,"Actual Total Time":2.628,"Actual Rows":10000,"Actual Loops":1,"Output":["supplier.su_suppkey","supplier.su_nationkey"],"Hash Buckets":16384,"Original Hash Buckets":16384,"Hash Batches":1,"Original Hash Batches":1,"Peak Memory Usage":519,"Shared Hit Blocks":217,"Shared Read Blocks":0,"Shared Dirtied Blocks":0,"Shared Written Blocks":0,"Local Hit Blocks":0,"Local Read Blocks":0,"Local Dirtied Blocks":0,"Local Written Blocks":0,"Temp Read Blocks":0,"Temp Written Blocks":0,"I/O Read Time":0.0,"I/O Write Time":0.0,"Temp I/O Read Time":0.0,"Temp I/O Write Time":0.0,"Plans":[{"Node Type":"Seq Scan","Parent Relationship":"Outer","Parallel Aware":false,"Async Capable":false,"Relation Name":"supplier","Schema":"public","Alias":"supplier","Startup Cost":0.0,"Total Cost":317.0,"Plan Rows":10000,"Plan Width":8,"Actual Startup Time":0.01,"Actual Total Time":1.283,"Actual Rows":10000,"Actual Loops":1,"Output":["supplier.su_suppkey","supplier.su_nationkey"],"Shared Hit Blocks":217,"Shared Read Blocks":0,"Shared Dirtied Blocks":0,"Shared Written Blocks":0,"Local Hit Blocks":0,"Local Read Blocks":0,"Local Dirtied Blocks":0,"Local Written Blocks":0,"Temp Read Blocks":0,"Temp Written Blocks":0,"I/O Read Time":0.0,"I/O Write Time":0.0,"Temp I/O Read Time":0.0,"Temp I/O Write Time":0.0}]}]}]}]}]},"Planning":{"Shared Hit Blocks":16,"Shared Read Blocks":0,"Shared Dirtied Blocks":0,"Shared Written Blocks":0,"Local Hit Blocks":0,"Local Read Blocks":0,"Local Dirtied Blocks":0,"Local Written Blocks":0,"Temp Read Blocks":0,"Temp Written Blocks":0,"I/O Read Time":0.0,"I/O Write Time":0.0,"Temp I/O Read Time":0.0,"Temp I/O Write Time":0.0},"Planning Time":5.027,"Triggers":[],"Execution Time":10205.588}]
[列存组合]: customer, order_line, region
[{"Plan":{"Node Type":"Sort","Parallel Aware":false,"Async Capable":false,"Startup Cost":1998058.03,"Total Cost":1998058.18,"Plan Rows":62,"Plan Width":40,"Actual Startup Time":10308.964,"Actual Total Time":10308.996,"Actual Rows":11,"Actual Loops":1,"Output":["nation.n_name","(sum(order_line.ol_amount))"],"Sort Key":["(sum(order_line.ol_amount)) DESC"],"Sort Method":"quicksort","Sort Space Used":25,"Sort Space Type":"Memory","Shared Hit Blocks":49616,"Shared Read Blocks":0,"Shared Dirtied Blocks":0,"Shared Written Blocks":0,"Local Hit Blocks":0,"Local Read Blocks":0,"Local Dirtied Blocks":0,"Local Written Blocks":0,"Temp Read Blocks":62236,"Temp Written Blocks":62263,"I/O Read Time":0.0,"I/O Write Time":0.0,"Temp I/O Read Time":98.741,"Temp I/O Write Time":245.629,"Plans":[{"Node Type":"Aggregate","Strategy":"Sorted","Partial Mode":"Simple","Parent Relationship":"Outer","Parallel Aware":false,"Async Capable":false,"Startup Cost":1997982.24,"Total Cost":1998056.18,"Plan Rows":62,"Plan Width":40,"Actual Startup Time":10306.148,"Actual Total Time":10308.98,"Actual Rows":11,"Actual Loops":1,"Output":["nation.n_name","sum(order_line.ol_amount)"],"Group Key":["nation.n_name"],"Shared Hit Blocks":49616,"Shared Read Blocks":0,"Shared Dirtied Blocks":0,"Shared Written Blocks":0,"Local Hit Blocks":0,"Local Read Blocks":0,"Local Dirtied Blocks":0,"Local Written Blocks":0,"Temp Read Blocks":62236,"Temp Written Blocks":62263,"I/O Read Time":0.0,"I/O Write Time":0.0,"Temp I/O Read Time":98.741,"Temp I/O Write Time":245.629,"Plans":[{"Node Type":"Sort","Parent Relationship":"Outer","Parallel Aware":false,"Async Capable":false,"Startup Cost":1997982.24,"Total Cost":1998006.63,"Plan Rows":9755,"Plan Width":12,"Actual Startup Time":10305.937,"Actual Total Time":10306.715,"Actual Rows":17493,"Actual Loops":1,"Output":["nation.n_name","order_line.ol_amount"],"Sort Key":["nation.n_name"],"Sort Method":"quicksort","Sort Space Used":1725,"Sort Space Type":"Memory","Shared Hit Blocks":49616,"Shared Read Blocks":0,"Shared Dirtied Blocks":0,"Shared Written Blocks":0,"Local Hit Blocks":0,"Local Read Blocks":0,"Local Dirtied Blocks":0,"Local Written Blocks":0,"Temp Read Blocks":62236,"Temp Written Blocks":62263,"I/O Read Time":0.0,"I/O Write Time":0.0,"Temp I/O Read Time":98.741,"Temp I/O Write Time":245.629,"Plans":[{"Node Type":"Hash Join","Parent Relationship":"Outer","Parallel Aware":false,"Async Capable":false,"Join Type":"Inner","Startup Cost":1673838.97,"Total Cost":1997335.88,"Plan Rows":9755,"Plan Width":12,"Actual Startup Time":8440.827,"Actual Total Time":10297.083,"Actual Rows":17493,"Actual Loops":1,"Output":["nation.n_name","order_line.ol_amount"],"Inner Unique":true,"Hash Cond":"((mod((stock.s_w_id * stock.s_i_id), 10000) = supplier.su_suppkey) AND (customer.c_nationkey = supplier.su_nationkey))","Shared Hit Blocks":49616,"Shared Read Blocks":0,"Shared Dirtied Blocks":0,"Shared Written Blocks":0,"Local Hit Blocks":0,"Local Read Blocks":0,"Local Dirtied Blocks":0,"Local Written Blocks":0,"Temp Read Blocks":62236,"Temp Written Blocks":62263,"I/O Read Time":0.0,"I/O Write Time":0.0,"Temp I/O Read Time":98.741,"Temp I/O Write Time":245.629,"Plans":[{"Node Type":"Merge Join","Parent Relationship":"Outer","Parallel Aware":false,"Async Capable":false,"Join Type":"Inner","Startup Cost":1673371.97,"Total Cost":1993553.75,"Plan Rows":602749,"Plan Width":26,"Actual Startup Time":8437.867,"Actual Total Time":10156.174,"Actual Rows":1109507,"Actual Loops":1,"Output":["customer.c_nationkey","order_line.ol_amount","stock.s_w_id","stock.s_i_id","nation.n_name","nation.n_nationkey"],"Inner Unique":true,"Merge Cond":"((customer.c_w_id = stock.s_w_id) AND (order_line.ol_i_id = stock.s_i_id))","Shared Hit Blocks":49399,"Shared Read Blocks":0,"Shared Dirtied Blocks":0,"Shared Written Blocks":0,"Local Hit Blocks":0,"Local Read Blocks":0,"Local Dirtied Blocks":0,"Local Written Blocks":0,"Temp Read Blocks":62236,"Temp Written Blocks":62263,"I/O Read Time":0.0,"I/O Write Time":0.0,"Temp I/O Read Time":98.741,"Temp I/O Write Time":245.629,"Plans":[{"Node Type":"Sort","Parent Relationship":"Outer","Parallel Aware":false,"Async Capable":false,"Startup Cost":1673371.53,"Total Cost":1674859.22,"Plan Rows":595073,"Plan Width":30,"Actual Startup Time":8437.808,"Actual Total Time":8617.053,"Actual Rows":1109507,"Actual Loops":1,"Output":["customer.c_w_id","customer.c_nationkey","orders.o_w_id","order_line.ol_amount","order_line.ol_w_id","order_line.ol_i_id","nation.n_name","nation.n_nationkey"],"Sort Key":["customer.c_w_id","order_line.ol_i_id"],"Sort Method":"external merge","Sort Space Used":47304,"Sort Space Type":"Disk","Shared Hit Blocks":22061,"Shared Read Blocks":0,"Shared Dirtied Blocks":0,"Shared Written Blocks":0,"Local Hit Blocks":0,"Local Read Blocks":0,"Local Dirtied Blocks":0,"Local Written Blocks":0,"Temp Read Blocks":62236,"Temp Written Blocks":62263,"I/O Read Time":0.0,"I/O Write Time":0.0,"Temp I/O Read Time":98.741,"Temp I/O Write Time":245.629,"Plans":[{"Node Type":"Hash Join","Parent Relationship":"Outer","Parallel Aware":false,"Async Capable":false,"Join Type":"Inner","Startup Cost":398284.32,"Total Cost":1602057.98,"Plan Rows":595073,"Plan Width":30,"Actual Startup Time":1494.495,"Actual Total Time":7043.055,"Actual Rows":1109507,"Actual Loops":1,"Output":["customer.c_w_id","customer.c_nationkey","orders.o_w_id","order_line.ol_amount","order_line.ol_w_id","order_line.ol_i_id","nation.n_name","nation.n_nationkey"],"Inner Unique":false,"Hash Cond":"(customer.c_nationkey = nation.n_nationkey)","Shared Hit Blocks":22061,"Shared Read Blocks":0,"Shared Dirtied Blocks":0,"Shared Written Blocks":0,"Local Hit Blocks":0,"Local Read Blocks":0,"Local Dirtied Blocks":0,"Local Written Blocks":0,"Temp Read Blocks":50419,"Temp Written Blocks":50419,"I/O Read Time":0.0,"I/O Write Time":0.0,"Temp I/O Read Time":81.144,"Temp I/O Write Time":214.446,"Plans":[{"Node Type":"Hash Join","Parent Relationship":"Outer","Parallel Aware":false,"Async Capable":false,"Join Type":"Inner","Startup Cost":398281.18,"Total Cost":1585138.44,"Plan Rows":2975367,"Plan Width":18,"Actual Startup Time":1487.37,"Actual Total Time":6618.788,"Actual Rows":4284922,"Actual Loops":1,"Output":["customer.c_w_id","customer.c_nationkey","orders.o_w_id","order_line.ol_amount","order_line.ol_w_id","order_line.ol_i_id"],"Inner Unique":true,"Hash Cond":"((orders.o_c_id = customer.c_id) AND (orders.o_w_id = customer.c_w_id) AND (orders.o_d_id = customer.c_d_id))","Shared Hit Blocks":22059,"Shared Read Blocks":0,"Shared Dirtied Blocks":0,"Shared Written Blocks":0,"Local Hit Blocks":0,"Local Read Blocks":0,"Local Dirtied Blocks":0,"Local Written Blocks":0,"Temp Read Blocks":50419,"Temp Written Blocks":50419,"I/O Read Time":0.0,"I/O Write Time":0.0,"Temp I/O Read Time":81.144,"Temp I/O Write Time":214.446,"Plans":[{"Node Type":"Hash Join","Parent Relationship":"Outer","Parallel Aware":false,"Async Capable":false,"Join Type":"Inner","Startup Cost":76626.59,"Total Cost":1190536.82,"Plan Rows":2975367,"Plan Width":20,"Actual Startup Time":327.273,"Actual Total Time":3340.208,"Actual Rows":4284922,"Actual Loops":1,"Output":["orders.o_c_id","orders.o_w_id","orders.o_d_id","order_line.ol_amount","order_line.ol_w_id","order_line.ol_d_id","order_line.ol_i_id"],"Inner Unique":true,"Hash Cond":"((order_line.ol_w_id = orders.o_w_id) AND (order_line.ol_d_id = orders.o_d_id) AND (order_line.ol_o_id = orders.o_id))","Shared Hit Blocks":22059,"Shared Read Blocks":0,"Shared Dirtied Blocks":0,"Shared Written Blocks":0,"Local Hit Blocks":0,"Local Read Blocks":0,"Local Dirtied Blocks":0,"Local Written Blocks":0,"Temp Read Blocks":18772,"Temp Written Blocks":18772,"I/O Read Time":0.0,"I/O Write Time":0.0,"Temp I/O Read Time":30.857,"Temp I/O Write Time":76.312,"Plans":[{"Node Type":"Append","Parent Relationship":"Outer","Parallel Aware":false,"Async Capable":false,"Startup Cost":20.0,"Total Cost":701820.0,"Plan Rows":20926367,"Plan Width":20,"Actual Startup Time":1.424,"Actual Total Time":1300.053,"Actual Rows":4311079,"Actual Loops":1,"Shared Hit Blocks":0,"Shared Read Blocks":0,"Shared Dirtied Blocks":0,"Shared Written Blocks":0,"Local Hit Blocks":0,"Local Read Blocks":0,"Local Dirtied Blocks":0,"Local Written Blocks":0,"Temp Read Blocks":0,"Temp Written Blocks":0,"I/O Read Time":0.0,"I/O Write Time":0.0,"Temp I/O Read Time":0.0,"Temp I/O Write Time":0.0,"Subplans Removed":0,"Plans":[{"Node Type":"Custom Scan","Parent Relationship":"Member","Custom Plan Provider":"columnar scan","Parallel Aware":false,"Async Capable":false,"Relation Name":"order_line","Schema":"public","Alias":"order_line","Startup Cost":20.0,"Total Cost":533641.75,"Plan Rows":20926325,"Plan Width":20,"Actual Startup Time":1.422,"Actual Total Time":993.958,"Actual Rows":4311079,"Actual Loops":1,"Output":["order_line.ol_amount","order_line.ol_o_id","order_line.ol_w_id","order_line.ol_d_id","order_line.ol_i_id"],"Filter":"(order_line.ol_delivery_d >= '1992-01-02 20:10:02.27764'::timestamp without time zone)","Rows Removed by Filter":0,"Rows Removed by Columnar Filter":25686653,"Rows Filtered by Bloom Filter":0,"Dictionary Rows Filtered by Bloom Filter":25686653,"Columnar cache search mode":"native","Shared Hit Blocks":0,"Shared Read Blocks":0,"Shared Dirtied Blocks":0,"Shared Written Blocks":0,"Local Hit Blocks":0,"Local Read Blocks":0,"Local Dirtied Blocks":0,"Local Written Blocks":0,"Temp Read Blocks":0,"Temp Written Blocks":0,"I/O Read Time":0.0,"I/O Write Time":0.0,"Temp I/O Read Time":0.0,"Temp I/O Write Time":0.0},{"Node Type":"Seq Scan","Parent Relationship":"Member","Parallel Aware":false,"Async Capable":false,"Relation Name":"order_line","Schema":"public","Alias":"order_line","Startup Cost":0.0,"Total Cost":4.75,"Plan Rows":42,"Plan Width":20,"Actual Startup Time":0.0,"Actual Total Time":0.0,"Actual Rows":0,"Actual Loops":0,"Output":["order_line.ol_amount","order_line.ol_o_id","order_line.ol_w_id","order_line.ol_d_id","order_line.ol_i_id"],"Filter":"(order_line.ol_delivery_d >= '1992-01-02 20:10:02.27764'::timestamp without time zone)","Rows Removed by Filter":0,"Shared Hit Blocks":0,"Shared Read Blocks":0,"Shared Dirtied Blocks":0,"Shared Written Blocks":0,"Local Hit Blocks":0,"Local Read Blocks":0,"Local Dirtied Blocks":0,"Local Written Blocks":0,"Temp Read Blocks":0,"Temp Written Blocks":0,"I/O Read Time":0.0,"I/O Write Time":0.0,"Temp I/O Read Time":0.0,"Temp I/O Write Time":0.0}]},{"Node Type":"Hash","Parent Relationship":"Inner","Parallel Aware":false,"Async Capable":false,"Startup Cost":67059.0,"Total Cost":67059.0,"Plan Rows":426548,"Plan Width":16,"Actual Startup Time":324.594,"Actual Total Time":324.597,"Actual Rows":428399,"Actual Loops":1,"Output":["orders.o_c_id","orders.o_w_id","orders.o_d_id","orders.o_id"],"Hash Buckets":262144,"Original Hash Buckets":262144,"Hash Batches":4,"Original Hash Batches":4,"Peak Memory Usage":7080,"Shared Hit Blocks":22059,"Shared Read Blocks":0,"Shared Dirtied Blocks":0,"Shared Written Blocks":0,"Local Hit Blocks":0,"Local Read Blocks":0,"Local Dirtied Blocks":0,"Local Written Blocks":0,"Temp Read Blocks":0,"Temp Written Blocks":1410,"I/O Read Time":0.0,"I/O Write Time":0.0,"Temp I/O Read Time":0.0,"Temp I/O Write Time":6.239,"Plans":[{"Node Type":"Seq Scan","Parent Relationship":"Outer","Parallel Aware":false,"Async Capable":false,"Relation Name":"orders","Schema":"public","Alias":"orders","Startup Cost":0.0,"Total Cost":67059.0,"Plan Rows":426548,"Plan Width":16,"Actual Startup Time":0.776,"Actual Total Time":222.715,"Actual Rows":428399,"Actual Loops":1,"Output":["orders.o_c_id","orders.o_w_id","orders.o_d_id","orders.o_id"],"Filter":"((orders.o_entry_d >= '1993-01-02 20:10:02.27764'::timestamp without time zone) AND (orders.o_entry_d < '1994-01-02 20:10:02.27764'::timestamp without time zone))","Rows Removed by Filter":2571601,"Shared Hit Blocks":22059,"Shared Read Blocks":0,"Shared Dirtied Blocks":0,"Shared Written Blocks":0,"Local Hit Blocks":0,"Local Read Blocks":0,"Local Dirtied Blocks":0,"Local Written Blocks":0,"Temp Read Blocks":0,"Temp Written Blocks":0,"I/O Read Time":0.0,"I/O Write Time":0.0,"Temp I/O Read Time":0.0,"Temp I/O Write Time":0.0}]}]},{"Node Type":"Hash","Parent Relationship":"Inner","Parallel Aware":false,"Async Capable":false,"Startup Cost":254511.16,"Total Cost":254511.16,"Plan Rows":2999739,"Plan Width":12,"Actual Startup Time":1158.285,"Actual Total Time":1158.289,"Actual Rows":3000000,"Actual Loops":1,"Output":["customer.c_id","customer.c_w_id","customer.c_d_id","customer.c_nationkey"],"Hash Buckets":262144,"Original Hash Buckets":262144,"Hash Batches":32,"Original Hash Batches":32,"Peak Memory Usage":6090,"Shared Hit Blocks":0,"Shared Read Blocks":0,"Shared Dirtied Blocks":0,"Shared Written Blocks":0,"Local Hit Blocks":0,"Local Read Blocks":0,"Local Dirtied Blocks":0,"Local Written Blocks":0,"Temp Read Blocks":0,"Temp Written Blocks":11335,"I/O Read Time":0.0,"I/O Write Time":0.0,"Temp I/O Read Time":0.0,"Temp I/O Write Time":47.612,"Plans":[{"Node Type":"Append","Parent Relationship":"Outer","Parallel Aware":false,"Async Capable":false,"Startup Cost":20.0,"Total Cost":254511.16,"Plan Rows":2999739,"Plan Width":12,"Actual Startup Time":0.019,"Actual Total Time":657.652,"Actual Rows":3000000,"Actual Loops":1,"Shared Hit Blocks":0,"Shared Read Blocks":0,"Shared Dirtied Blocks":0,"Shared Written Blocks":0,"Local Hit Blocks":0,"Local Read Blocks":0,"Local Dirtied Blocks":0,"Local Written Blocks":0,"Temp Read Blocks":0,"Temp Written Blocks":0,"I/O Read Time":0.0,"I/O Write Time":0.0,"Temp I/O Read Time":0.0,"Temp I/O Write Time":0.0,"Subplans Removed":0,"Plans":[{"Node Type":"Custom Scan","Parent Relationship":"Member","Custom Plan Provider":"columnar scan","Parallel Aware":false,"Async Capable":false,"Relation Name":"customer","Schema":"public","Alias":"customer","Startup Cost":20.0,"Total Cost":70513.87,"Plan Rows":2999738,"Plan Width":12,"Actual Startup Time":0.017,"Actual Total Time":445.49,"Actual Rows":3000000,"Actual Loops":1,"Output":["customer.c_id","customer.c_w_id","customer.c_d_id","customer.c_nationkey"],"Rows Removed by Columnar Filter":0,"Columnar cache search mode":"native","Shared Hit Blocks":0,"Shared Read Blocks":0,"Shared Dirtied Blocks":0,"Shared Written Blocks":0,"Local Hit Blocks":0,"Local Read Blocks":0,"Local Dirtied Blocks":0,"Local Written Blocks":0,"Temp Read Blocks":0,"Temp Written Blocks":0,"I/O Read Time":0.0,"I/O Write Time":0.0,"Temp I/O Read Time":0.0,"Temp I/O Write Time":0.0},{"Node Type":"Seq Scan","Parent Relationship":"Member","Parallel Aware":false,"Async Capable":false,"Relation Name":"customer","Schema":"public","Alias":"customer","Startup Cost":0.0,"Total Cost":4.01,"Plan Rows":1,"Plan Width":12,"Actual Startup Time":0.0,"Actual Total Time":0.0,"Actual Rows":0,"Actual Loops":0,"Output":["customer.c_id","customer.c_w_id","customer.c_d_id","customer.c_nationkey"],"Shared Hit Blocks":0,"Shared Read Blocks":0,"Shared Dirtied Blocks":0,"Shared Written Blocks":0,"Local Hit Blocks":0,"Local Read Blocks":0,"Local Dirtied Blocks":0,"Local Written Blocks":0,"Temp Read Blocks":0,"Temp Written Blocks":0,"I/O Read Time":0.0,"I/O Write Time":0.0,"Temp I/O Read Time":0.0,"Temp I/O Write Time":0.0}]}]}]},{"Node Type":"Hash","Parent Relationship":"Inner","Parallel Aware":false,"Async Capable":false,"Startup Cost":2.99,"Total Cost":2.99,"Plan Rows":12,"Plan Width":12,"Actual Startup Time":0.042,"Actual Total Time":0.048,"Actual Rows":22,"Actual Loops":1,"Output":["nation.n_name","nation.n_nationkey"],"Hash Buckets":1024,"Original Hash Buckets":1024,"Hash Batches":1,"Original Hash Batches":1,"Peak Memory Usage":9,"Shared Hit Blocks":2,"Shared Read Blocks":0,"Shared Dirtied Blocks":0,"Shared Written Blocks":0,"Local Hit Blocks":0,"Local Read Blocks":0,"Local Dirtied Blocks":0,"Local Written Blocks":0,"Temp Read Blocks":0,"Temp Written Blocks":0,"I/O Read Time":0.0,"I/O Write Time":0.0,"Temp I/O Read Time":0.0,"Temp I/O Write Time":0.0,"Plans":[{"Node Type":"Hash Join","Parent Relationship":"Outer","Parallel Aware":false,"Async Capable":false,"Join Type":"Inner","Startup Cost":1.07,"Total Cost":2.99,"Plan Rows":12,"Plan Width":12,"Actual Startup Time":0.026,"Actual Total Time":0.042,"Actual Rows":22,"Actual Loops":1,"Output":["nation.n_name","nation.n_nationkey"],"Inner Unique":true,"Hash Cond":"(nation.n_regionkey = region.r_regionkey)","Shared Hit Blocks":2,"Shared Read Blocks":0,"Shared Dirtied Blocks":0,"Shared Written Blocks":0,"Local Hit Blocks":0,"Local Read Blocks":0,"Local Dirtied Blocks":0,"Local Written Blocks":0,"Temp Read Blocks":0,"Temp Written Blocks":0,"I/O Read Time":0.0,"I/O Write Time":0.0,"Temp I/O Read Time":0.0,"Temp I/O Write Time":0.0,"Plans":[{"Node Type":"Seq Scan","Parent Relationship":"Outer","Parallel Aware":false,"Async Capable":false,"Relation Name":"nation","Schema":"public","Alias":"nation","Startup Cost":0.0,"Total Cost":1.62,"Plan Rows":62,"Plan Width":16,"Actual Startup Time":0.005,"Actual Total Time":0.009,"Actual Rows":62,"Actual Loops":1,"Output":["nation.n_nationkey","nation.n_name","nation.n_regionkey","nation.n_comment"],"Shared Hit Blocks":1,"Shared Read Blocks":0,"Shared Dirtied Blocks":0,"Shared Written Blocks":0,"Local Hit Blocks":0,"Local Read Blocks":0,"Local Dirtied Blocks":0,"Local Written Blocks":0,"Temp Read Blocks":0,"Temp Written Blocks":0,"I/O Read Time":0.0,"I/O Write Time":0.0,"Temp I/O Read Time":0.0,"Temp I/O Write Time":0.0},{"Node Type":"Hash","Parent Relationship":"Inner","Parallel Aware":false,"Async Capable":false,"Startup Cost":1.06,"Total Cost":1.06,"Plan Rows":1,"Plan Width":4,"Actual Startup Time":0.007,"Actual Total Time":0.009,"Actual Rows":1,"Actual Loops":1,"Output":["region.r_regionkey"],"Hash Buckets":1024,"Original Hash Buckets":1024,"Hash Batches":1,"Original Hash Batches":1,"Peak Memory Usage":9,"Shared Hit Blocks":1,"Shared Read Blocks":0,"Shared Dirtied Blocks":0,"Shared Written Blocks":0,"Local Hit Blocks":0,"Local Read Blocks":0,"Local Dirtied Blocks":0,"Local Written Blocks":0,"Temp Read Blocks":0,"Temp Written Blocks":0,"I/O Read Time":0.0,"I/O Write Time":0.0,"Temp I/O Read Time":0.0,"Temp I/O Write Time":0.0,"Plans":[{"Node Type":"Seq Scan","Parent Relationship":"Outer","Parallel Aware":false,"Async Capable":false,"Relation Name":"region","Schema":"public","Alias":"region","Startup Cost":0.0,"Total Cost":1.06,"Plan Rows":1,"Plan Width":4,"Actual Startup Time":0.005,"Actual Total Time":0.006,"Actual Rows":1,"Actual Loops":1,"Output":["region.r_regionkey"],"Filter":"((region.r_name)::text = 'Europe'::text)","Rows Removed by Filter":4,"Shared Hit Blocks":1,"Shared Read Blocks":0,"Shared Dirtied Blocks":0,"Shared Written Blocks":0,"Local Hit Blocks":0,"Local Read Blocks":0,"Local Dirtied Blocks":0,"Local Written Blocks":0,"Temp Read Blocks":0,"Temp Written Blocks":0,"I/O Read Time":0.0,"I/O Write Time":0.0,"Temp I/O Read Time":0.0,"Temp I/O Write Time":0.0}]}]}]}]}]},{"Node Type":"Index Only Scan","Parent Relationship":"Inner","Parallel Aware":false,"Async Capable":false,"Scan Direction":"Forward","Index Name":"stock_pk","Relation Name":"stock","Schema":"public","Alias":"stock","Startup Cost":0.43,"Total Cost":259690.86,"Plan Rows":10000162,"Plan Width":6,"Actual Startup Time":0.045,"Actual Total Time":713.923,"Actual Rows":9999996,"Actual Loops":1,"Output":["stock.s_w_id","stock.s_i_id"],"Heap Fetches":0,"Shared Hit Blocks":27338,"Shared Read Blocks":0,"Shared Dirtied Blocks":0,"Shared Written Blocks":0,"Local Hit Blocks":0,"Local Read Blocks":0,"Local Dirtied Blocks":0,"Local Written Blocks":0,"Temp Read Blocks":0,"Temp Written Blocks":0,"I/O Read Time":0.0,"I/O Write Time":0.0,"Temp I/O Read Time":0.0,"Temp I/O Write Time":0.0}]},{"Node Type":"Hash","Parent Relationship":"Inner","Parallel Aware":false,"Async Capable":false,"Startup Cost":317.0,"Total Cost":317.0,"Plan Rows":10000,"Plan Width":8,"Actual Startup Time":2.531,"Actual Total Time":2.532,"Actual Rows":10000,"Actual Loops":1,"Output":["supplier.su_suppkey","supplier.su_nationkey"],"Hash Buckets":16384,"Original Hash Buckets":16384,"Hash Batches":1,"Original Hash Batches":1,"Peak Memory Usage":519,"Shared Hit Blocks":217,"Shared Read Blocks":0,"Shared Dirtied Blocks":0,"Shared Written Blocks":0,"Local Hit Blocks":0,"Local Read Blocks":0,"Local Dirtied Blocks":0,"Local Written Blocks":0,"Temp Read Blocks":0,"Temp Written Blocks":0,"I/O Read Time":0.0,"I/O Write Time":0.0,"Temp I/O Read Time":0.0,"Temp I/O Write Time":0.0,"Plans":[{"Node Type":"Seq Scan","Parent Relationship":"Outer","Parallel Aware":false,"Async Capable":false,"Relation Name":"supplier","Schema":"public","Alias":"supplier","Startup Cost":0.0,"Total Cost":317.0,"Plan Rows":10000,"Plan Width":8,"Actual Startup Time":0.01,"Actual Total Time":1.245,"Actual Rows":10000,"Actual Loops":1,"Output":["supplier.su_suppkey","supplier.su_nationkey"],"Shared Hit Blocks":217,"Shared Read Blocks":0,"Shared Dirtied Blocks":0,"Shared Written Blocks":0,"Local Hit Blocks":0,"Local Read Blocks":0,"Local Dirtied Blocks":0,"Local Written Blocks":0,"Temp Read Blocks":0,"Temp Written Blocks":0,"I/O Read Time":0.0,"I/O Write Time":0.0,"Temp I/O Read Time":0.0,"Temp I/O Write Time":0.0}]}]}]}]}]},"Planning":{"Shared Hit Blocks":16,"Shared Read Blocks":0,"Shared Dirtied Blocks":0,"Shared Written Blocks":0,"Local Hit Blocks":0,"Local Read Blocks":0,"Local Dirtied Blocks":0,"Local Written Blocks":0,"Temp Read Blocks":0,"Temp Written Blocks":0,"I/O Read Time":0.0,"I/O Write Time":0.0,"Temp I/O Read Time":0.0,"Temp I/O Write Time":0.0},"Planning Time":4.959,"Triggers":[],"Execution Time":10317.429}]
[列存组合]: customer, order_line, stock
[{"Plan":{"Node Type":"Sort","Parallel Aware":false,"Async Capable":false,"Startup Cost":1195014.88,"Total Cost":1195015.03,"Plan Rows":62,"Plan Width":40,"Actual Startup Time":5492.352,"Actual Total Time":5492.373,"Actual Rows":11,"Actual Loops":1,"Output":["nation.n_name","(sum(order_line.ol_amount))"],"Sort Key":["(sum(order_line.ol_amount)) DESC"],"Sort Method":"quicksort","Sort Space Used":25,"Sort Space Type":"Memory","Shared Hit Blocks":22278,"Shared Read Blocks":0,"Shared Dirtied Blocks":0,"Shared Written Blocks":0,"Local Hit Blocks":0,"Local Read Blocks":0,"Local Dirtied Blocks":0,"Local Written Blocks":0,"Temp Read Blocks":31471,"Temp Written Blocks":31471,"I/O Read Time":0.0,"I/O Write Time":0.0,"Temp I/O Read Time":49.651,"Temp I/O Write Time":141.358,"Plans":[{"Node Type":"Aggregate","Strategy":"Sorted","Partial Mode":"Simple","Parent Relationship":"Outer","Parallel Aware":false,"Async Capable":false,"Startup Cost":1194939.1,"Total Cost":1195013.03,"Plan Rows":62,"Plan Width":40,"Actual Startup Time":5489.499,"Actual Total Time":5492.357,"Actual Rows":11,"Actual Loops":1,"Output":["nation.n_name","sum(order_line.ol_amount)"],"Group Key":["nation.n_name"],"Shared Hit Blocks":22278,"Shared Read Blocks":0,"Shared Dirtied Blocks":0,"Shared Written Blocks":0,"Local Hit Blocks":0,"Local Read Blocks":0,"Local Dirtied Blocks":0,"Local Written Blocks":0,"Temp Read Blocks":31471,"Temp Written Blocks":31471,"I/O Read Time":0.0,"I/O Write Time":0.0,"Temp I/O Read Time":49.651,"Temp I/O Write Time":141.358,"Plans":[{"Node Type":"Sort","Parent Relationship":"Outer","Parallel Aware":false,"Async Capable":false,"Startup Cost":1194939.1,"Total Cost":1194963.48,"Plan Rows":9755,"Plan Width":12,"Actual Startup Time":5489.284,"Actual Total Time":5490.09,"Actual Rows":17493,"Actual Loops":1,"Output":["nation.n_name","order_line.ol_amount"],"Sort Key":["nation.n_name"],"Sort Method":"quicksort","Sort Space Used":1725,"Sort Space Type":"Memory","Shared Hit Blocks":22278,"Shared Read Blocks":0,"Shared Dirtied Blocks":0,"Shared Written Blocks":0,"Local Hit Blocks":0,"Local Read Blocks":0,"Local Dirtied Blocks":0,"Local Written Blocks":0,"Temp Read Blocks":31471,"Temp Written Blocks":31471,"I/O Read Time":0.0,"I/O Write Time":0.0,"Temp I/O Read Time":49.651,"Temp I/O Write Time":141.358,"Plans":[{"Node Type":"Hash Join","Parent Relationship":"Outer","Parallel Aware":false,"Async Capable":false,"Join Type":"Inner","Startup Cost":435485.54,"Total Cost":1194292.73,"Plan Rows":9755,"Plan Width":12,"Actual Startup Time":2335.854,"Actual Total Time":5480.877,"Actual Rows":17493,"Actual Loops":1,"Output":["nation.n_name","order_line.ol_amount"],"Hash Cond":"((orders.o_c_id = customer.c_id) AND (orders.o_w_id = customer.c_w_id) AND (orders.o_d_id = customer.c_d_id) AND (supplier.su_nationkey = customer.c_nationkey))","Shared Hit Blocks":22278,"Shared Read Blocks":0,"Shared Dirtied Blocks":0,"Shared Written Blocks":0,"Local Hit Blocks":0,"Local Read Blocks":0,"Local Dirtied Blocks":0,"Local Written Blocks":0,"Temp Read Blocks":31471,"Temp Written Blocks":31471,"I/O Read Time":0.0,"I/O Write Time":0.0,"Temp I/O Read Time":49.651,"Temp I/O Write Time":141.358,"Plans":[{"Node Type":"Hash Join","Parent Relationship":"Outer","Parallel Aware":false,"Async Capable":false,"Join Type":"Inner","Startup Cost":106331.6,"Total Cost":834741.88,"Plan Rows":602754,"Plan Width":34,"Actual Startup Time":1140.693,"Actual Total Time":3511.846,"Actual Rows":1489124,"Actual Loops":1,"Output":["orders.o_c_id","orders.o_w_id","orders.o_d_id","order_line.ol_amount","order_line.ol_w_id","order_line.ol_d_id","stock.s_w_id","supplier.su_nationkey","nation.n_name","nation.n_nationkey"],"Hash Cond":"((order_line.ol_w_id = orders.o_w_id) AND (order_line.ol_d_id = orders.o_d_id) AND (order_line.ol_o_id = orders.o_id))","Shared Hit Blocks":22278,"Shared Read Blocks":0,"Shared Dirtied Blocks":0,"Shared Written Blocks":0,"Local Hit Blocks":0,"Local Read Blocks":0,"Local Dirtied Blocks":0,"Local Written Blocks":0,"Temp Read Blocks":9894,"Temp Written Blocks":9894,"I/O Read Time":0.0,"I/O Write Time":0.0,"Temp I/O Read Time":15.937,"Temp I/O Write Time":43.316,"Plans":[{"Node Type":"Hash Join","Parent Relationship":"Outer","Parallel Aware":false,"Async Capable":false,"Join Type":"Inner","Startup Cost":29725.01,"Total Cost":656340.76,"Plan Rows":4242986,"Plan Width":34,"Actual Startup Time":813.035,"Actual Total Time":2459.131,"Actual Rows":1498118,"Actual Loops":1,"Output":["order_line.ol_amount","order_line.ol_o_id","order_line.ol_w_id","order_line.ol_d_id","stock.s_w_id","supplier.su_nationkey","nation.n_name","nation.n_nationkey"],"Hash Cond":"(mod((stock.s_w_id * stock.s_i_id), 10000) = supplier.su_suppkey)","Shared Hit Blocks":219,"Shared Read Blocks":0,"Shared Dirtied Blocks":0,"Shared Written Blocks":0,"Local Hit Blocks":0,"Local Read Blocks":0,"Local Dirtied Blocks":0,"Local Written Blocks":0,"Temp Read Blocks":0,"Temp Written Blocks":0,"I/O Read Time":0.0,"I/O Write Time":0.0,"Temp I/O Read Time":0.0,"Temp I/O Write Time":0.0,"Plans":[{"Node Type":"Hash Join","Parent Relationship":"Outer","Parallel Aware":false,"Async Capable":false,"Join Type":"Inner","Startup Cost":29323.02,"Total Cost":480915.59,"Plan Rows":21214932,"Plan Width":22,"Actual Startup Time":810.18,"Actual Total Time":1776.058,"Actual Rows":4311079,"Actual Loops":1,"Output":["order_line.ol_amount","order_line.ol_o_id","order_line.ol_w_id","order_line.ol_d_id","stock.s_w_id","stock.s_i_id"],"Hash Cond":"((order_line.ol_w_id = stock.s_w_id) AND (order_line.ol_i_id = stock.s_i_id))","Rows Removed by Bloom Filter":0,"Shared Hit Blocks":0,"Shared Read Blocks":0,"Shared Dirtied Blocks":0,"Shared Written Blocks":0,"Local Hit Blocks":0,"Local Read Blocks":0,"Local Dirtied Blocks":0,"Local Written Blocks":0,"Temp Read Blocks":0,"Temp Written Blocks":0,"I/O Read Time":0.0,"I/O Write Time":0.0,"Temp I/O Read Time":0.0,"Temp I/O Write Time":0.0,"Plans":[{"Node Type":"Append","Parent Relationship":"Outer","Parallel Aware":false,"Async Capable":false,"Startup Cost":20.0,"Total Cost":533646.5,"Plan Rows":20926367,"Plan Width":20,"Actual Startup Time":123.409,"Actual Total Time":123.412,"Actual Rows":4311079,"Actual Loops":1,"Shared Hit Blocks":0,"Shared Read Blocks":0,"Shared Dirtied Blocks":0,"Shared Written Blocks":0,"Local Hit Blocks":0,"Local Read Blocks":0,"Local Dirtied Blocks":0,"Local Written Blocks":0,"Temp Read Blocks":0,"Temp Written Blocks":0,"I/O Read Time":0.0,"I/O Write Time":0.0,"Temp I/O Read Time":0.0,"Temp I/O Write Time":0.0,"Subplans Removed":0,"Plans":[{"Node Type":"Custom Scan","Parent Relationship":"Member","Custom Plan Provider":"columnar scan","Parallel Aware":false,"Async Capable":false,"Relation Name":"order_line","Schema":"public","Alias":"order_line","Startup Cost":20.0,"Total Cost":533641.75,"Plan Rows":20926325,"Plan Width":20,"Actual Startup Time":123.407,"Actual Total Time":123.408,"Actual Rows":4311079,"Actual Loops":1,"Output":["order_line.ol_amount","order_line.ol_o_id","order_line.ol_w_id","order_line.ol_d_id","order_line.ol_i_id"],"Filter":"(order_line.ol_delivery_d >= '1992-01-02 20:10:02.27764'::timestamp without time zone)","Rows Removed by Filter":0,"Rows Removed by Columnar Filter":25686653,"Rows Filtered by Bloom Filter":0,"Dictionary Rows Filtered by Bloom Filter":25686653,"Columnar cache search mode":"native","Shared Hit Blocks":0,"Shared Read Blocks":0,"Shared Dirtied Blocks":0,"Shared Written Blocks":0,"Local Hit Blocks":0,"Local Read Blocks":0,"Local Dirtied Blocks":0,"Local Written Blocks":0,"Temp Read Blocks":0,"Temp Written Blocks":0,"I/O Read Time":0.0,"I/O Write Time":0.0,"Temp I/O Read Time":0.0,"Temp I/O Write Time":0.0},{"Node Type":"Seq Scan","Parent Relationship":"Member","Parallel Aware":false,"Async Capable":false,"Relation Name":"order_line","Schema":"public","Alias":"order_line","Startup Cost":0.0,"Total Cost":4.75,"Plan Rows":42,"Plan Width":20,"Actual Startup Time":0.0,"Actual Total Time":0.0,"Actual Rows":0,"Actual Loops":0,"Output":["order_line.ol_amount","order_line.ol_o_id","order_line.ol_w_id","order_line.ol_d_id","order_line.ol_i_id"],"Filter":"(order_line.ol_delivery_d >= '1992-01-02 20:10:02.27764'::timestamp without time zone)","Rows Removed by Filter":0,"Shared Hit Blocks":0,"Shared Read Blocks":0,"Shared Dirtied Blocks":0,"Shared Written Blocks":0,"Local Hit Blocks":0,"Local Read Blocks":0,"Local Dirtied Blocks":0,"Local Written Blocks":0,"Temp Read Blocks":0,"Temp Written Blocks":0,"I/O Read Time":0.0,"I/O Write Time":0.0,"Temp I/O Read Time":0.0,"Temp I/O Write Time":0.0}]},{"Node Type":"Hash","Parent Relationship":"Inner","Parallel Aware":false,"Async Capable":false,"Startup Cost":195025.67,"Total Cost":195025.67,"Plan Rows":10000162,"Plan Width":6,"Actual Rows":10000000,"Actual Loops":1,"Output":["stock.s_w_id","stock.s_i_id"],"Shared Hit Blocks":0,"Shared Read Blocks":0,"Shared Dirtied Blocks":0,"Shared Written Blocks":0,"Local Hit Blocks":0,"Local Read Blocks":0,"Local Dirtied Blocks":0,"Local Written Blocks":0,"Temp Read Blocks":0,"Temp Written Blocks":0,"I/O Read Time":0.0,"I/O Write Time":0.0,"Temp I/O Read Time":0.0,"Temp I/O Write Time":0.0,"Plans":[{"Node Type":"Append","Parent Relationship":"Outer","Parallel Aware":false,"Async Capable":false,"Startup Cost":20.0,"Total Cost":195025.67,"Plan Rows":10000162,"Plan Width":6,"Actual Startup Time":0.238,"Actual Total Time":0.239,"Actual Rows":10000000,"Actual Loops":1,"Shared Hit Blocks":0,"Shared Read Blocks":0,"Shared Dirtied Blocks":0,"Shared Written Blocks":0,"Local Hit Blocks":0,"Local Read Blocks":0,"Local Dirtied Blocks":0,"Local Written Blocks":0,"Temp Read Blocks":0,"Temp Written Blocks":0,"I/O Read Time":0.0,"I/O Write Time":0.0,"Temp I/O Read Time":0.0,"Temp I/O Write Time":0.0,"Subplans Removed":0,"Plans":[{"Node Type":"Custom Scan","Parent Relationship":"Member","Custom Plan Provider":"columnar scan","Parallel Aware":false,"Async Capable":false,"Relation Name":"stock","Schema":"public","Alias":"stock","Startup Cost":20.0,"Total Cost":195020.05,"Plan Rows":10000000,"Plan Width":6,"Actual Startup Time":0.236,"Actual Total Time":0.236,"Actual Rows":10000000,"Actual Loops":1,"Output":["stock.s_w_id","stock.s_i_id"],"Rows Removed by Columnar Filter":0,"Columnar cache search mode":"native","Shared Hit Blocks":0,"Shared Read Blocks":0,"Shared Dirtied Blocks":0,"Shared Written Blocks":0,"Local Hit Blocks":0,"Local Read Blocks":0,"Local Dirtied Blocks":0,"Local Written Blocks":0,"Temp Read Blocks":0,"Temp Written Blocks":0,"I/O Read Time":0.0,"I/O Write Time":0.0,"Temp I/O Read Time":0.0,"Temp I/O Write Time":0.0},{"Node Type":"Seq Scan","Parent Relationship":"Member","Parallel Aware":false,"Async Capable":false,"Relation Name":"stock","Schema":"public","Alias":"stock","Startup Cost":0.0,"Total Cost":5.62,"Plan Rows":162,"Plan Width":6,"Actual Startup Time":0.0,"Actual Total Time":0.0,"Actual Rows":0,"Actual Loops":0,"Output":["stock.s_w_id","stock.s_i_id"],"Shared Hit Blocks":0,"Shared Read Blocks":0,"Shared Dirtied Blocks":0,"Shared Written Blocks":0,"Local Hit Blocks":0,"Local Read Blocks":0,"Local Dirtied Blocks":0,"Local Written Blocks":0,"Temp Read Blocks":0,"Temp Written Blocks":0,"I/O Read Time":0.0,"I/O Write Time":0.0,"Temp I/O Read Time":0.0,"Temp I/O Write Time":0.0}]}]}]},{"Node Type":"Hash","Parent Relationship":"Inner","Parallel Aware":false,"Async Capable":false,"Startup Cost":376.99,"Total Cost":376.99,"Plan Rows":2000,"Plan Width":20,"Actual Startup Time":2.789,"Actual Total Time":2.799,"Actual Rows":3506,"Actual Loops":1,"Output":["supplier.su_suppkey","supplier.su_nationkey","nation.n_name","nation.n_nationkey"],"Hash Buckets":4096,"Original Hash Buckets":2048,"Hash Batches":1,"Original Hash Batches":1,"Peak Memory Usage":217,"Shared Hit Blocks":219,"Shared Read Blocks":0,"Shared Dirtied Blocks":0,"Shared Written Blocks":0,"Local Hit Blocks":0,"Local Read Blocks":0,"Local Dirtied Blocks":0,"Local Written Blocks":0,"Temp Read Blocks":0,"Temp Written Blocks":0,"I/O Read Time":0.0,"I/O Write Time":0.0,"Temp I/O Read Time":0.0,"Temp I/O Write Time":0.0,"Plans":[{"Node Type":"Hash Join","Parent Relationship":"Outer","Parallel Aware":false,"Async Capable":false,"Join Type":"Inner","Startup Cost":3.14,"Total Cost":376.99,"Plan Rows":2000,"Plan Width":20,"Actual Startup Time":0.069,"Actual Total Time":2.219,"Actual Rows":3506,"Actual Loops":1,"Output":["supplier.su_suppkey","supplier.su_nationkey","nation.n_name","nation.n_nationkey"],"Hash Cond":"(supplier.su_nationkey = nation.n_nationkey)","Shared Hit Blocks":219,"Shared Read Blocks":0,"Shared Dirtied Blocks":0,"Shared Written Blocks":0,"Local Hit Blocks":0,"Local Read Blocks":0,"Local Dirtied Blocks":0,"Local Written Blocks":0,"Temp Read Blocks":0,"Temp Written Blocks":0,"I/O Read Time":0.0,"I/O Write Time":0.0,"Temp I/O Read Time":0.0,"Temp I/O Write Time":0.0,"Plans":[{"Node Type":"Seq Scan","Parent Relationship":"Outer","Parallel Aware":false,"Async Capable":false,"Relation Name":"supplier","Schema":"public","Alias":"supplier","Startup Cost":0.0,"Total Cost":317.0,"Plan Rows":10000,"Plan Width":8,"Actual Startup Time":0.011,"Actual Total Time":0.777,"Actual Rows":10000,"Actual Loops":1,"Output":["supplier.su_suppkey","supplier.su_name","supplier.su_address","supplier.su_nationkey","supplier.su_phone","supplier.su_acctbal","supplier.su_comment"],"Shared Hit Blocks":217,"Shared Read Blocks":0,"Shared Dirtied Blocks":0,"Shared Written Blocks":0,"Local Hit Blocks":0,"Local Read Blocks":0,"Local Dirtied Blocks":0,"Local Written Blocks":0,"Temp Read Blocks":0,"Temp Written Blocks":0,"I/O Read Time":0.0,"I/O Write Time":0.0,"Temp I/O Read Time":0.0,"Temp I/O Write Time":0.0},{"Node Type":"Hash","Parent Relationship":"Inner","Parallel Aware":false,"Async Capable":false,"Startup Cost":2.99,"Total Cost":2.99,"Plan Rows":12,"Plan Width":12,"Actual Startup Time":0.048,"Actual Total Time":0.056,"Actual Rows":22,"Actual Loops":1,"Output":["nation.n_name","nation.n_nationkey"],"Hash Buckets":1024,"Original Hash Buckets":1024,"Hash Batches":1,"Original Hash Batches":1,"Peak Memory Usage":9,"Shared Hit Blocks":2,"Shared Read Blocks":0,"Shared Dirtied Blocks":0,"Shared Written Blocks":0,"Local Hit Blocks":0,"Local Read Blocks":0,"Local Dirtied Blocks":0,"Local Written Blocks":0,"Temp Read Blocks":0,"Temp Written Blocks":0,"I/O Read Time":0.0,"I/O Write Time":0.0,"Temp I/O Read Time":0.0,"Temp I/O Write Time":0.0,"Plans":[{"Node Type":"Hash Join","Parent Relationship":"Outer","Parallel Aware":false,"Async Capable":false,"Join Type":"Inner","Startup Cost":1.07,"Total Cost":2.99,"Plan Rows":12,"Plan Width":12,"Actual Startup Time":0.031,"Actual Total Time":0.049,"Actual Rows":22,"Actual Loops":1,"Output":["nation.n_name","nation.n_nationkey"],"Hash Cond":"(nation.n_regionkey = region.r_regionkey)","Shared Hit Blocks":2,"Shared Read Blocks":0,"Shared Dirtied Blocks":0,"Shared Written Blocks":0,"Local Hit Blocks":0,"Local Read Blocks":0,"Local Dirtied Blocks":0,"Local Written Blocks":0,"Temp Read Blocks":0,"Temp Written Blocks":0,"I/O Read Time":0.0,"I/O Write Time":0.0,"Temp I/O Read Time":0.0,"Temp I/O Write Time":0.0,"Plans":[{"Node Type":"Seq Scan","Parent Relationship":"Outer","Parallel Aware":false,"Async Capable":false,"Relation Name":"nation","Schema":"public","Alias":"nation","Startup Cost":0.0,"Total Cost":1.62,"Plan Rows":62,"Plan Width":16,"Actual Startup Time":0.005,"Actual Total Time":0.01,"Actual Rows":62,"Actual Loops":1,"Output":["nation.n_nationkey","nation.n_name","nation.n_regionkey","nation.n_comment"],"Shared Hit Blocks":1,"Shared Read Blocks":0,"Shared Dirtied Blocks":0,"Shared Written Blocks":0,"Local Hit Blocks":0,"Local Read Blocks":0,"Local Dirtied Blocks":0,"Local Written Blocks":0,"Temp Read Blocks":0,"Temp Written Blocks":0,"I/O Read Time":0.0,"I/O Write Time":0.0,"Temp I/O Read Time":0.0,"Temp I/O Write Time":0.0},{"Node Type":"Hash","Parent Relationship":"Inner","Parallel Aware":false,"Async Capable":false,"Startup Cost":1.06,"Total Cost":1.06,"Plan Rows":1,"Plan Width":4,"Actual Startup Time":0.012,"Actual Total Time":0.014,"Actual Rows":1,"Actual Loops":1,"Output":["region.r_regionkey"],"Hash Buckets":1024,"Original Hash Buckets":1024,"Hash Batches":1,"Original Hash Batches":1,"Peak Memory Usage":9,"Shared Hit Blocks":1,"Shared Read Blocks":0,"Shared Dirtied Blocks":0,"Shared Written Blocks":0,"Local Hit Blocks":0,"Local Read Blocks":0,"Local Dirtied Blocks":0,"Local Written Blocks":0,"Temp Read Blocks":0,"Temp Written Blocks":0,"I/O Read Time":0.0,"I/O Write Time":0.0,"Temp I/O Read Time":0.0,"Temp I/O Write Time":0.0,"Plans":[{"Node Type":"Seq Scan","Parent Relationship":"Outer","Parallel Aware":false,"Async Capable":false,"Relation Name":"region","Schema":"public","Alias":"region","Startup Cost":0.0,"Total Cost":1.06,"Plan Rows":1,"Plan Width":4,"Actual Startup Time":0.009,"Actual Total Time":0.009,"Actual Rows":1,"Actual Loops":1,"Output":["region.r_regionkey"],"Filter":"((region.r_name)::text = 'Europe'::text)","Rows Removed by Filter":4,"Shared Hit Blocks":1,"Shared Read Blocks":0,"Shared Dirtied Blocks":0,"Shared Written Blocks":0,"Local Hit Blocks":0,"Local Read Blocks":0,"Local Dirtied Blocks":0,"Local Written Blocks":0,"Temp Read Blocks":0,"Temp Written Blocks":0,"I/O Read Time":0.0,"I/O Write Time":0.0,"Temp I/O Read Time":0.0,"Temp I/O Write Time":0.0}]}]}]}]}]}]},{"Node Type":"Hash","Parent Relationship":"Inner","Parallel Aware":false,"Async Capable":false,"Startup Cost":67059.0,"Total Cost":67059.0,"Plan Rows":426548,"Plan Width":16,"Actual Startup Time":326.051,"Actual Total Time":326.052,"Actual Rows":428399,"Actual Loops":1,"Output":["orders.o_c_id","orders.o_w_id","orders.o_d_id","orders.o_id"],"Hash Buckets":262144,"Original Hash Buckets":262144,"Hash Batches":4,"Original Hash Batches":4,"Peak Memory Usage":7080,"Shared Hit Blocks":22059,"Shared Read Blocks":0,"Shared Dirtied Blocks":0,"Shared Written Blocks":0,"Local Hit Blocks":0,"Local Read Blocks":0,"Local Dirtied Blocks":0,"Local Written Blocks":0,"Temp Read Blocks":0,"Temp Written Blocks":1410,"I/O Read Time":0.0,"I/O Write Time":0.0,"Temp I/O Read Time":0.0,"Temp I/O Write Time":6.555,"Plans":[{"Node Type":"Seq Scan","Parent Relationship":"Outer","Parallel Aware":false,"Async Capable":false,"Relation Name":"orders","Schema":"public","Alias":"orders","Startup Cost":0.0,"Total Cost":67059.0,"Plan Rows":426548,"Plan Width":16,"Actual Startup Time":0.789,"Actual Total Time":222.007,"Actual Rows":428399,"Actual Loops":1,"Output":["orders.o_c_id","orders.o_w_id","orders.o_d_id","orders.o_id"],"Filter":"((orders.o_entry_d >= '1993-01-02 20:10:02.27764'::timestamp without time zone) AND (orders.o_entry_d < '1994-01-02 20:10:02.27764'::timestamp without time zone))","Rows Removed by Filter":2571601,"Shared Hit Blocks":22059,"Shared Read Blocks":0,"Shared Dirtied Blocks":0,"Shared Written Blocks":0,"Local Hit Blocks":0,"Local Read Blocks":0,"Local Dirtied Blocks":0,"Local Written Blocks":0,"Temp Read Blocks":0,"Temp Written Blocks":0,"I/O Read Time":0.0,"I/O Write Time":0.0,"Temp I/O Read Time":0.0,"Temp I/O Write Time":0.0}]}]},{"Node Type":"Hash","Parent Relationship":"Inner","Parallel Aware":false,"Async Capable":false,"Startup Cost":254511.16,"Total Cost":254511.16,"Plan Rows":2999739,"Plan Width":12,"Actual Startup Time":1186.188,"Actual Total Time":1186.189,"Actual Rows":3000000,"Actual Loops":1,"Output":["customer.c_id","customer.c_w_id","customer.c_d_id","customer.c_nationkey"],"Hash Buckets":262144,"Original Hash Buckets":262144,"Hash Batches":32,"Original Hash Batches":32,"Peak Memory Usage":6058,"Shared Hit Blocks":0,"Shared Read Blocks":0,"Shared Dirtied Blocks":0,"Shared Written Blocks":0,"Local Hit Blocks":0,"Local Read Blocks":0,"Local Dirtied Blocks":0,"Local Written Blocks":0,"Temp Read Blocks":0,"Temp Written Blocks":11339,"I/O Read Time":0.0,"I/O Write Time":0.0,"Temp I/O Read Time":0.0,"Temp I/O Write Time":50.724,"Plans":[{"Node Type":"Append","Parent Relationship":"Outer","Parallel Aware":false,"Async Capable":false,"Startup Cost":20.0,"Total Cost":254511.16,"Plan Rows":2999739,"Plan Width":12,"Actual Startup Time":0.051,"Actual Total Time":656.63,"Actual Rows":3000000,"Actual Loops":1,"Shared Hit Blocks":0,"Shared Read Blocks":0,"Shared Dirtied Blocks":0,"Shared Written Blocks":0,"Local Hit Blocks":0,"Local Read Blocks":0,"Local Dirtied Blocks":0,"Local Written Blocks":0,"Temp Read Blocks":0,"Temp Written Blocks":0,"I/O Read Time":0.0,"I/O Write Time":0.0,"Temp I/O Read Time":0.0,"Temp I/O Write Time":0.0,"Subplans Removed":0,"Plans":[{"Node Type":"Custom Scan","Parent Relationship":"Member","Custom Plan Provider":"columnar scan","Parallel Aware":false,"Async Capable":false,"Relation Name":"customer","Schema":"public","Alias":"customer","Startup Cost":20.0,"Total Cost":70513.87,"Plan Rows":2999738,"Plan Width":12,"Actual Startup Time":0.047,"Actual Total Time":448.38,"Actual Rows":3000000,"Actual Loops":1,"Output":["customer.c_id","customer.c_w_id","customer.c_d_id","customer.c_nationkey"],"Rows Removed by Columnar Filter":0,"Columnar cache search mode":"native","Shared Hit Blocks":0,"Shared Read Blocks":0,"Shared Dirtied Blocks":0,"Shared Written Blocks":0,"Local Hit Blocks":0,"Local Read Blocks":0,"Local Dirtied Blocks":0,"Local Written Blocks":0,"Temp Read Blocks":0,"Temp Written Blocks":0,"I/O Read Time":0.0,"I/O Write Time":0.0,"Temp I/O Read Time":0.0,"Temp I/O Write Time":0.0},{"Node Type":"Seq Scan","Parent Relationship":"Member","Parallel Aware":false,"Async Capable":false,"Relation Name":"customer","Schema":"public","Alias":"customer","Startup Cost":0.0,"Total Cost":4.01,"Plan Rows":1,"Plan Width":12,"Actual Startup Time":0.0,"Actual Total Time":0.0,"Actual Rows":0,"Actual Loops":0,"Output":["customer.c_id","customer.c_w_id","customer.c_d_id","customer.c_nationkey"],"Shared Hit Blocks":0,"Shared Read Blocks":0,"Shared Dirtied Blocks":0,"Shared Written Blocks":0,"Local Hit Blocks":0,"Local Read Blocks":0,"Local Dirtied Blocks":0,"Local Written Blocks":0,"Temp Read Blocks":0,"Temp Written Blocks":0,"I/O Read Time":0.0,"I/O Write Time":0.0,"Temp I/O Read Time":0.0,"Temp I/O Write Time":0.0}]}]}]}]}]}]},"Planning":{"Shared Hit Blocks":16,"Shared Read Blocks":0,"Shared Dirtied Blocks":0,"Shared Written Blocks":0,"Local Hit Blocks":0,"Local Read Blocks":0,"Local Dirtied Blocks":0,"Local Written Blocks":0,"Temp Read Blocks":0,"Temp Written Blocks":0,"I/O Read Time":0.0,"I/O Write Time":0.0,"Temp I/O Read Time":0.0,"Temp I/O Write Time":0.0},"Planning Time":6.969,"Triggers":[],"Execution Time":5497.547}]
[列存组合]: customer, order_line, supplier
[{"Plan":{"Node Type":"Sort","Parallel Aware":false,"Async Capable":false,"Startup Cost":1997960.05,"Total Cost":1997960.21,"Plan Rows":62,"Plan Width":40,"Actual Startup Time":10317.626,"Actual Total Time":10317.66,"Actual Rows":11,"Actual Loops":1,"Output":["nation.n_name","(sum(order_line.ol_amount))"],"Sort Key":["(sum(order_line.ol_amount)) DESC"],"Sort Method":"quicksort","Sort Space Used":25,"Sort Space Type":"Memory","Shared Hit Blocks":49399,"Shared Read Blocks":0,"Shared Dirtied Blocks":0,"Shared Written Blocks":0,"Local Hit Blocks":0,"Local Read Blocks":0,"Local Dirtied Blocks":0,"Local Written Blocks":0,"Temp Read Blocks":62236,"Temp Written Blocks":62263,"I/O Read Time":0.0,"I/O Write Time":0.0,"Temp I/O Read Time":99.063,"Temp I/O Write Time":245.216,"Plans":[{"Node Type":"Aggregate","Strategy":"Sorted","Partial Mode":"Simple","Parent Relationship":"Outer","Parallel Aware":false,"Async Capable":false,"Startup Cost":1997884.27,"Total Cost":1997958.21,"Plan Rows":62,"Plan Width":40,"Actual Startup Time":10314.811,"Actual Total Time":10317.642,"Actual Rows":11,"Actual Loops":1,"Output":["nation.n_name","sum(order_line.ol_amount)"],"Group Key":["nation.n_name"],"Shared Hit Blocks":49399,"Shared Read Blocks":0,"Shared Dirtied Blocks":0,"Shared Written Blocks":0,"Local Hit Blocks":0,"Local Read Blocks":0,"Local Dirtied Blocks":0,"Local Written Blocks":0,"Temp Read Blocks":62236,"Temp Written Blocks":62263,"I/O Read Time":0.0,"I/O Write Time":0.0,"Temp I/O Read Time":99.063,"Temp I/O Write Time":245.216,"Plans":[{"Node Type":"Sort","Parent Relationship":"Outer","Parallel Aware":false,"Async Capable":false,"Startup Cost":1997884.27,"Total Cost":1997908.66,"Plan Rows":9755,"Plan Width":12,"Actual Startup Time":10314.599,"Actual Total Time":10315.389,"Actual Rows":17493,"Actual Loops":1,"Output":["nation.n_name","order_line.ol_amount"],"Sort Key":["nation.n_name"],"Sort Method":"quicksort","Sort Space Used":1725,"Sort Space Type":"Memory","Shared Hit Blocks":49399,"Shared Read Blocks":0,"Shared Dirtied Blocks":0,"Shared Written Blocks":0,"Local Hit Blocks":0,"Local Read Blocks":0,"Local Dirtied Blocks":0,"Local Written Blocks":0,"Temp Read Blocks":62236,"Temp Written Blocks":62263,"I/O Read Time":0.0,"I/O Write Time":0.0,"Temp I/O Read Time":99.063,"Temp I/O Write Time":245.216,"Plans":[{"Node Type":"Hash Join","Parent Relationship":"Outer","Parallel Aware":false,"Async Capable":false,"Join Type":"Inner","Startup Cost":1673741.0,"Total Cost":1997237.91,"Plan Rows":9755,"Plan Width":12,"Actual Startup Time":8466.219,"Actual Total Time":10305.804,"Actual Rows":17493,"Actual Loops":1,"Output":["nation.n_name","order_line.ol_amount"],"Inner Unique":true,"Hash Cond":"((mod((stock.s_w_id * stock.s_i_id), 10000) = supplier.su_suppkey) AND (customer.c_nationkey = supplier.su_nationkey))","Shared Hit Blocks":49399,"Shared Read Blocks":0,"Shared Dirtied Blocks":0,"Shared Written Blocks":0,"Local Hit Blocks":0,"Local Read Blocks":0,"Local Dirtied Blocks":0,"Local Written Blocks":0,"Temp Read Blocks":62236,"Temp Written Blocks":62263,"I/O Read Time":0.0,"I/O Write Time":0.0,"Temp I/O Read Time":99.063,"Temp I/O Write Time":245.216,"Plans":[{"Node Type":"Merge Join","Parent Relationship":"Outer","Parallel Aware":false,"Async Capable":false,"Join Type":"Inner","Startup Cost":1673371.97,"Total Cost":1993553.75,"Plan Rows":602749,"Plan Width":26,"Actual Startup Time":8462.733,"Actual Total Time":10161.232,"Actual Rows":1109507,"Actual Loops":1,"Output":["customer.c_nationkey","order_line.ol_amount","stock.s_w_id","stock.s_i_id","nation.n_name","nation.n_nationkey"],"Inner Unique":true,"Merge Cond":"((customer.c_w_id = stock.s_w_id) AND (order_line.ol_i_id = stock.s_i_id))","Shared Hit Blocks":49399,"Shared Read Blocks":0,"Shared Dirtied Blocks":0,"Shared Written Blocks":0,"Local Hit Blocks":0,"Local Read Blocks":0,"Local Dirtied Blocks":0,"Local Written Blocks":0,"Temp Read Blocks":62236,"Temp Written Blocks":62263,"I/O Read Time":0.0,"I/O Write Time":0.0,"Temp I/O Read Time":99.063,"Temp I/O Write Time":245.216,"Plans":[{"Node Type":"Sort","Parent Relationship":"Outer","Parallel Aware":false,"Async Capable":false,"Startup Cost":1673371.53,"Total Cost":1674859.22,"Plan Rows":595073,"Plan Width":30,"Actual Startup Time":8462.672,"Actual Total Time":8642.833,"Actual Rows":1109507,"Actual Loops":1,"Output":["customer.c_w_id","customer.c_nationkey","orders.o_w_id","order_line.ol_amount","order_line.ol_w_id","order_line.ol_i_id","nation.n_name","nation.n_nationkey"],"Sort Key":["customer.c_w_id","order_line.ol_i_id"],"Sort Method":"external merge","Sort Space Used":47304,"Sort Space Type":"Disk","Shared Hit Blocks":22061,"Shared Read Blocks":0,"Shared Dirtied Blocks":0,"Shared Written Blocks":0,"Local Hit Blocks":0,"Local Read Blocks":0,"Local Dirtied Blocks":0,"Local Written Blocks":0,"Temp Read Blocks":62236,"Temp Written Blocks":62263,"I/O Read Time":0.0,"I/O Write Time":0.0,"Temp I/O Read Time":99.063,"Temp I/O Write Time":245.216,"Plans":[{"Node Type":"Hash Join","Parent Relationship":"Outer","Parallel Aware":false,"Async Capable":false,"Join Type":"Inner","Startup Cost":398284.32,"Total Cost":1602057.98,"Plan Rows":595073,"Plan Width":30,"Actual Startup Time":1499.138,"Actual Total Time":7074.871,"Actual Rows":1109507,"Actual Loops":1,"Output":["customer.c_w_id","customer.c_nationkey","orders.o_w_id","order_line.ol_amount","order_line.ol_w_id","order_line.ol_i_id","nation.n_name","nation.n_nationkey"],"Inner Unique":false,"Hash Cond":"(customer.c_nationkey = nation.n_nationkey)","Shared Hit Blocks":22061,"Shared Read Blocks":0,"Shared Dirtied Blocks":0,"Shared Written Blocks":0,"Local Hit Blocks":0,"Local Read Blocks":0,"Local Dirtied Blocks":0,"Local Written Blocks":0,"Temp Read Blocks":50419,"Temp Written Blocks":50419,"I/O Read Time":0.0,"I/O Write Time":0.0,"Temp I/O Read Time":81.351,"Temp I/O Write Time":214.13,"Plans":[{"Node Type":"Hash Join","Parent Relationship":"Outer","Parallel Aware":false,"Async Capable":false,"Join Type":"Inner","Startup Cost":398281.18,"Total Cost":1585138.44,"Plan Rows":2975367,"Plan Width":18,"Actual Startup Time":1491.913,"Actual Total Time":6654.411,"Actual Rows":4284922,"Actual Loops":1,"Output":["customer.c_w_id","customer.c_nationkey","orders.o_w_id","order_line.ol_amount","order_line.ol_w_id","order_line.ol_i_id"],"Inner Unique":true,"Hash Cond":"((orders.o_c_id = customer.c_id) AND (orders.o_w_id = customer.c_w_id) AND (orders.o_d_id = customer.c_d_id))","Shared Hit Blocks":22059,"Shared Read Blocks":0,"Shared Dirtied Blocks":0,"Shared Written Blocks":0,"Local Hit Blocks":0,"Local Read Blocks":0,"Local Dirtied Blocks":0,"Local Written Blocks":0,"Temp Read Blocks":50419,"Temp Written Blocks":50419,"I/O Read Time":0.0,"I/O Write Time":0.0,"Temp I/O Read Time":81.351,"Temp I/O Write Time":214.13,"Plans":[{"Node Type":"Hash Join","Parent Relationship":"Outer","Parallel Aware":false,"Async Capable":false,"Join Type":"Inner","Startup Cost":76626.59,"Total Cost":1190536.82,"Plan Rows":2975367,"Plan Width":20,"Actual Startup Time":328.278,"Actual Total Time":3361.567,"Actual Rows":4284922,"Actual Loops":1,"Output":["orders.o_c_id","orders.o_w_id","orders.o_d_id","order_line.ol_amount","order_line.ol_w_id","order_line.ol_d_id","order_line.ol_i_id"],"Inner Unique":true,"Hash Cond":"((order_line.ol_w_id = orders.o_w_id) AND (order_line.ol_d_id = orders.o_d_id) AND (order_line.ol_o_id = orders.o_id))","Shared Hit Blocks":22059,"Shared Read Blocks":0,"Shared Dirtied Blocks":0,"Shared Written Blocks":0,"Local Hit Blocks":0,"Local Read Blocks":0,"Local Dirtied Blocks":0,"Local Written Blocks":0,"Temp Read Blocks":18772,"Temp Written Blocks":18772,"I/O Read Time":0.0,"I/O Write Time":0.0,"Temp I/O Read Time":30.984,"Temp I/O Write Time":76.167,"Plans":[{"Node Type":"Append","Parent Relationship":"Outer","Parallel Aware":false,"Async Capable":false,"Startup Cost":20.0,"Total Cost":701820.0,"Plan Rows":20926367,"Plan Width":20,"Actual Startup Time":1.398,"Actual Total Time":1315.947,"Actual Rows":4311079,"Actual Loops":1,"Shared Hit Blocks":0,"Shared Read Blocks":0,"Shared Dirtied Blocks":0,"Shared Written Blocks":0,"Local Hit Blocks":0,"Local Read Blocks":0,"Local Dirtied Blocks":0,"Local Written Blocks":0,"Temp Read Blocks":0,"Temp Written Blocks":0,"I/O Read Time":0.0,"I/O Write Time":0.0,"Temp I/O Read Time":0.0,"Temp I/O Write Time":0.0,"Subplans Removed":0,"Plans":[{"Node Type":"Custom Scan","Parent Relationship":"Member","Custom Plan Provider":"columnar scan","Parallel Aware":false,"Async Capable":false,"Relation Name":"order_line","Schema":"public","Alias":"order_line","Startup Cost":20.0,"Total Cost":533641.75,"Plan Rows":20926325,"Plan Width":20,"Actual Startup Time":1.397,"Actual Total Time":995.374,"Actual Rows":4311079,"Actual Loops":1,"Output":["order_line.ol_amount","order_line.ol_o_id","order_line.ol_w_id","order_line.ol_d_id","order_line.ol_i_id"],"Filter":"(order_line.ol_delivery_d >= '1992-01-02 20:10:02.27764'::timestamp without time zone)","Rows Removed by Filter":0,"Rows Removed by Columnar Filter":25686653,"Rows Filtered by Bloom Filter":0,"Dictionary Rows Filtered by Bloom Filter":25686653,"Columnar cache search mode":"native","Shared Hit Blocks":0,"Shared Read Blocks":0,"Shared Dirtied Blocks":0,"Shared Written Blocks":0,"Local Hit Blocks":0,"Local Read Blocks":0,"Local Dirtied Blocks":0,"Local Written Blocks":0,"Temp Read Blocks":0,"Temp Written Blocks":0,"I/O Read Time":0.0,"I/O Write Time":0.0,"Temp I/O Read Time":0.0,"Temp I/O Write Time":0.0},{"Node Type":"Seq Scan","Parent Relationship":"Member","Parallel Aware":false,"Async Capable":false,"Relation Name":"order_line","Schema":"public","Alias":"order_line","Startup Cost":0.0,"Total Cost":4.75,"Plan Rows":42,"Plan Width":20,"Actual Startup Time":0.0,"Actual Total Time":0.0,"Actual Rows":0,"Actual Loops":0,"Output":["order_line.ol_amount","order_line.ol_o_id","order_line.ol_w_id","order_line.ol_d_id","order_line.ol_i_id"],"Filter":"(order_line.ol_delivery_d >= '1992-01-02 20:10:02.27764'::timestamp without time zone)","Rows Removed by Filter":0,"Shared Hit Blocks":0,"Shared Read Blocks":0,"Shared Dirtied Blocks":0,"Shared Written Blocks":0,"Local Hit Blocks":0,"Local Read Blocks":0,"Local Dirtied Blocks":0,"Local Written Blocks":0,"Temp Read Blocks":0,"Temp Written Blocks":0,"I/O Read Time":0.0,"I/O Write Time":0.0,"Temp I/O Read Time":0.0,"Temp I/O Write Time":0.0}]},{"Node Type":"Hash","Parent Relationship":"Inner","Parallel Aware":false,"Async Capable":false,"Startup Cost":67059.0,"Total Cost":67059.0,"Plan Rows":426548,"Plan Width":16,"Actual Startup Time":325.781,"Actual Total Time":325.784,"Actual Rows":428399,"Actual Loops":1,"Output":["orders.o_c_id","orders.o_w_id","orders.o_d_id","orders.o_id"],"Hash Buckets":262144,"Original Hash Buckets":262144,"Hash Batches":4,"Original Hash Batches":4,"Peak Memory Usage":7080,"Shared Hit Blocks":22059,"Shared Read Blocks":0,"Shared Dirtied Blocks":0,"Shared Written Blocks":0,"Local Hit Blocks":0,"Local Read Blocks":0,"Local Dirtied Blocks":0,"Local Written Blocks":0,"Temp Read Blocks":0,"Temp Written Blocks":1410,"I/O Read Time":0.0,"I/O Write Time":0.0,"Temp I/O Read Time":0.0,"Temp I/O Write Time":6.167,"Plans":[{"Node Type":"Seq Scan","Parent Relationship":"Outer","Parallel Aware":false,"Async Capable":false,"Relation Name":"orders","Schema":"public","Alias":"orders","Startup Cost":0.0,"Total Cost":67059.0,"Plan Rows":426548,"Plan Width":16,"Actual Startup Time":0.767,"Actual Total Time":223.342,"Actual Rows":428399,"Actual Loops":1,"Output":["orders.o_c_id","orders.o_w_id","orders.o_d_id","orders.o_id"],"Filter":"((orders.o_entry_d >= '1993-01-02 20:10:02.27764'::timestamp without time zone) AND (orders.o_entry_d < '1994-01-02 20:10:02.27764'::timestamp without time zone))","Rows Removed by Filter":2571601,"Shared Hit Blocks":22059,"Shared Read Blocks":0,"Shared Dirtied Blocks":0,"Shared Written Blocks":0,"Local Hit Blocks":0,"Local Read Blocks":0,"Local Dirtied Blocks":0,"Local Written Blocks":0,"Temp Read Blocks":0,"Temp Written Blocks":0,"I/O Read Time":0.0,"I/O Write Time":0.0,"Temp I/O Read Time":0.0,"Temp I/O Write Time":0.0}]}]},{"Node Type":"Hash","Parent Relationship":"Inner","Parallel Aware":false,"Async Capable":false,"Startup Cost":254511.16,"Total Cost":254511.16,"Plan Rows":2999739,"Plan Width":12,"Actual Startup Time":1161.834,"Actual Total Time":1161.837,"Actual Rows":3000000,"Actual Loops":1,"Output":["customer.c_id","customer.c_w_id","customer.c_d_id","customer.c_nationkey"],"Hash Buckets":262144,"Original Hash Buckets":262144,"Hash Batches":32,"Original Hash Batches":32,"Peak Memory Usage":6090,"Shared Hit Blocks":0,"Shared Read Blocks":0,"Shared Dirtied Blocks":0,"Shared Written Blocks":0,"Local Hit Blocks":0,"Local Read Blocks":0,"Local Dirtied Blocks":0,"Local Written Blocks":0,"Temp Read Blocks":0,"Temp Written Blocks":11335,"I/O Read Time":0.0,"I/O Write Time":0.0,"Temp I/O Read Time":0.0,"Temp I/O Write Time":47.761,"Plans":[{"Node Type":"Append","Parent Relationship":"Outer","Parallel Aware":false,"Async Capable":false,"Startup Cost":20.0,"Total Cost":254511.16,"Plan Rows":2999739,"Plan Width":12,"Actual Startup Time":0.016,"Actual Total Time":660.918,"Actual Rows":3000000,"Actual Loops":1,"Shared Hit Blocks":0,"Shared Read Blocks":0,"Shared Dirtied Blocks":0,"Shared Written Blocks":0,"Local Hit Blocks":0,"Local Read Blocks":0,"Local Dirtied Blocks":0,"Local Written Blocks":0,"Temp Read Blocks":0,"Temp Written Blocks":0,"I/O Read Time":0.0,"I/O Write Time":0.0,"Temp I/O Read Time":0.0,"Temp I/O Write Time":0.0,"Subplans Removed":0,"Plans":[{"Node Type":"Custom Scan","Parent Relationship":"Member","Custom Plan Provider":"columnar scan","Parallel Aware":false,"Async Capable":false,"Relation Name":"customer","Schema":"public","Alias":"customer","Startup Cost":20.0,"Total Cost":70513.87,"Plan Rows":2999738,"Plan Width":12,"Actual Startup Time":0.015,"Actual Total Time":448.249,"Actual Rows":3000000,"Actual Loops":1,"Output":["customer.c_id","customer.c_w_id","customer.c_d_id","customer.c_nationkey"],"Rows Removed by Columnar Filter":0,"Columnar cache search mode":"native","Shared Hit Blocks":0,"Shared Read Blocks":0,"Shared Dirtied Blocks":0,"Shared Written Blocks":0,"Local Hit Blocks":0,"Local Read Blocks":0,"Local Dirtied Blocks":0,"Local Written Blocks":0,"Temp Read Blocks":0,"Temp Written Blocks":0,"I/O Read Time":0.0,"I/O Write Time":0.0,"Temp I/O Read Time":0.0,"Temp I/O Write Time":0.0},{"Node Type":"Seq Scan","Parent Relationship":"Member","Parallel Aware":false,"Async Capable":false,"Relation Name":"customer","Schema":"public","Alias":"customer","Startup Cost":0.0,"Total Cost":4.01,"Plan Rows":1,"Plan Width":12,"Actual Startup Time":0.0,"Actual Total Time":0.0,"Actual Rows":0,"Actual Loops":0,"Output":["customer.c_id","customer.c_w_id","customer.c_d_id","customer.c_nationkey"],"Shared Hit Blocks":0,"Shared Read Blocks":0,"Shared Dirtied Blocks":0,"Shared Written Blocks":0,"Local Hit Blocks":0,"Local Read Blocks":0,"Local Dirtied Blocks":0,"Local Written Blocks":0,"Temp Read Blocks":0,"Temp Written Blocks":0,"I/O Read Time":0.0,"I/O Write Time":0.0,"Temp I/O Read Time":0.0,"Temp I/O Write Time":0.0}]}]}]},{"Node Type":"Hash","Parent Relationship":"Inner","Parallel Aware":false,"Async Capable":false,"Startup Cost":2.99,"Total Cost":2.99,"Plan Rows":12,"Plan Width":12,"Actual Startup Time":0.041,"Actual Total Time":0.047,"Actual Rows":22,"Actual Loops":1,"Output":["nation.n_name","nation.n_nationkey"],"Hash Buckets":1024,"Original Hash Buckets":1024,"Hash Batches":1,"Original Hash Batches":1,"Peak Memory Usage":9,"Shared Hit Blocks":2,"Shared Read Blocks":0,"Shared Dirtied Blocks":0,"Shared Written Blocks":0,"Local Hit Blocks":0,"Local Read Blocks":0,"Local Dirtied Blocks":0,"Local Written Blocks":0,"Temp Read Blocks":0,"Temp Written Blocks":0,"I/O Read Time":0.0,"I/O Write Time":0.0,"Temp I/O Read Time":0.0,"Temp I/O Write Time":0.0,"Plans":[{"Node Type":"Hash Join","Parent Relationship":"Outer","Parallel Aware":false,"Async Capable":false,"Join Type":"Inner","Startup Cost":1.07,"Total Cost":2.99,"Plan Rows":12,"Plan Width":12,"Actual Startup Time":0.024,"Actual Total Time":0.04,"Actual Rows":22,"Actual Loops":1,"Output":["nation.n_name","nation.n_nationkey"],"Inner Unique":true,"Hash Cond":"(nation.n_regionkey = region.r_regionkey)","Shared Hit Blocks":2,"Shared Read Blocks":0,"Shared Dirtied Blocks":0,"Shared Written Blocks":0,"Local Hit Blocks":0,"Local Read Blocks":0,"Local Dirtied Blocks":0,"Local Written Blocks":0,"Temp Read Blocks":0,"Temp Written Blocks":0,"I/O Read Time":0.0,"I/O Write Time":0.0,"Temp I/O Read Time":0.0,"Temp I/O Write Time":0.0,"Plans":[{"Node Type":"Seq Scan","Parent Relationship":"Outer","Parallel Aware":false,"Async Capable":false,"Relation Name":"nation","Schema":"public","Alias":"nation","Startup Cost":0.0,"Total Cost":1.62,"Plan Rows":62,"Plan Width":16,"Actual Startup Time":0.006,"Actual Total Time":0.01,"Actual Rows":62,"Actual Loops":1,"Output":["nation.n_nationkey","nation.n_name","nation.n_regionkey","nation.n_comment"],"Shared Hit Blocks":1,"Shared Read Blocks":0,"Shared Dirtied Blocks":0,"Shared Written Blocks":0,"Local Hit Blocks":0,"Local Read Blocks":0,"Local Dirtied Blocks":0,"Local Written Blocks":0,"Temp Read Blocks":0,"Temp Written Blocks":0,"I/O Read Time":0.0,"I/O Write Time":0.0,"Temp I/O Read Time":0.0,"Temp I/O Write Time":0.0},{"Node Type":"Hash","Parent Relationship":"Inner","Parallel Aware":false,"Async Capable":false,"Startup Cost":1.06,"Total Cost":1.06,"Plan Rows":1,"Plan Width":4,"Actual Startup Time":0.008,"Actual Total Time":0.009,"Actual Rows":1,"Actual Loops":1,"Output":["region.r_regionkey"],"Hash Buckets":1024,"Original Hash Buckets":1024,"Hash Batches":1,"Original Hash Batches":1,"Peak Memory Usage":9,"Shared Hit Blocks":1,"Shared Read Blocks":0,"Shared Dirtied Blocks":0,"Shared Written Blocks":0,"Local Hit Blocks":0,"Local Read Blocks":0,"Local Dirtied Blocks":0,"Local Written Blocks":0,"Temp Read Blocks":0,"Temp Written Blocks":0,"I/O Read Time":0.0,"I/O Write Time":0.0,"Temp I/O Read Time":0.0,"Temp I/O Write Time":0.0,"Plans":[{"Node Type":"Seq Scan","Parent Relationship":"Outer","Parallel Aware":false,"Async Capable":false,"Relation Name":"region","Schema":"public","Alias":"region","Startup Cost":0.0,"Total Cost":1.06,"Plan Rows":1,"Plan Width":4,"Actual Startup Time":0.006,"Actual Total Time":0.006,"Actual Rows":1,"Actual Loops":1,"Output":["region.r_regionkey"],"Filter":"((region.r_name)::text = 'Europe'::text)","Rows Removed by Filter":4,"Shared Hit Blocks":1,"Shared Read Blocks":0,"Shared Dirtied Blocks":0,"Shared Written Blocks":0,"Local Hit Blocks":0,"Local Read Blocks":0,"Local Dirtied Blocks":0,"Local Written Blocks":0,"Temp Read Blocks":0,"Temp Written Blocks":0,"I/O Read Time":0.0,"I/O Write Time":0.0,"Temp I/O Read Time":0.0,"Temp I/O Write Time":0.0}]}]}]}]}]},{"Node Type":"Index Only Scan","Parent Relationship":"Inner","Parallel Aware":false,"Async Capable":false,"Scan Direction":"Forward","Index Name":"stock_pk","Relation Name":"stock","Schema":"public","Alias":"stock","Startup Cost":0.43,"Total Cost":259690.86,"Plan Rows":10000162,"Plan Width":6,"Actual Startup Time":0.048,"Actual Total Time":708.844,"Actual Rows":9999996,"Actual Loops":1,"Output":["stock.s_w_id","stock.s_i_id"],"Heap Fetches":0,"Shared Hit Blocks":27338,"Shared Read Blocks":0,"Shared Dirtied Blocks":0,"Shared Written Blocks":0,"Local Hit Blocks":0,"Local Read Blocks":0,"Local Dirtied Blocks":0,"Local Written Blocks":0,"Temp Read Blocks":0,"Temp Written Blocks":0,"I/O Read Time":0.0,"I/O Write Time":0.0,"Temp I/O Read Time":0.0,"Temp I/O Write Time":0.0}]},{"Node Type":"Hash","Parent Relationship":"Inner","Parallel Aware":false,"Async Capable":false,"Startup Cost":219.01,"Total Cost":219.01,"Plan Rows":10001,"Plan Width":8,"Actual Startup Time":3.062,"Actual Total Time":3.065,"Actual Rows":10000,"Actual Loops":1,"Output":["supplier.su_suppkey","supplier.su_nationkey"],"Hash Buckets":16384,"Original Hash Buckets":16384,"Hash Batches":1,"Original Hash Batches":1,"Peak Memory Usage":519,"Shared Hit Blocks":0,"Shared Read Blocks":0,"Shared Dirtied Blocks":0,"Shared Written Blocks":0,"Local Hit Blocks":0,"Local Read Blocks":0,"Local Dirtied Blocks":0,"Local Written Blocks":0,"Temp Read Blocks":0,"Temp Written Blocks":0,"I/O Read Time":0.0,"I/O Write Time":0.0,"Temp I/O Read Time":0.0,"Temp I/O Write Time":0.0,"Plans":[{"Node Type":"Append","Parent Relationship":"Outer","Parallel Aware":false,"Async Capable":false,"Startup Cost":20.0,"Total Cost":219.01,"Plan Rows":10001,"Plan Width":8,"Actual Startup Time":0.012,"Actual Total Time":1.766,"Actual Rows":10000,"Actual Loops":1,"Shared Hit Blocks":0,"Shared Read Blocks":0,"Shared Dirtied Blocks":0,"Shared Written Blocks":0,"Local Hit Blocks":0,"Local Read Blocks":0,"Local Dirtied Blocks":0,"Local Written Blocks":0,"Temp Read Blocks":0,"Temp Written Blocks":0,"I/O Read Time":0.0,"I/O Write Time":0.0,"Temp I/O Read Time":0.0,"Temp I/O Write Time":0.0,"Subplans Removed":0,"Plans":[{"Node Type":"Custom Scan","Parent Relationship":"Member","Custom Plan Provider":"columnar scan","Parallel Aware":false,"Async Capable":false,"Relation Name":"supplier","Schema":"public","Alias":"supplier","Startup Cost":20.0,"Total Cost":215.0,"Plan Rows":10000,"Plan Width":8,"Actual Startup Time":0.011,"Actual Total Time":1.061,"Actual Rows":10000,"Actual Loops":1,"Output":["supplier.su_suppkey","supplier.su_nationkey"],"Rows Removed by Columnar Filter":0,"Columnar cache search mode":"native","Shared Hit Blocks":0,"Shared Read Blocks":0,"Shared Dirtied Blocks":0,"Shared Written Blocks":0,"Local Hit Blocks":0,"Local Read Blocks":0,"Local Dirtied Blocks":0,"Local Written Blocks":0,"Temp Read Blocks":0,"Temp Written Blocks":0,"I/O Read Time":0.0,"I/O Write Time":0.0,"Temp I/O Read Time":0.0,"Temp I/O Write Time":0.0},{"Node Type":"Seq Scan","Parent Relationship":"Member","Parallel Aware":false,"Async Capable":false,"Relation Name":"supplier","Schema":"public","Alias":"supplier","Startup Cost":0.0,"Total Cost":4.01,"Plan Rows":1,"Plan Width":8,"Actual Startup Time":0.0,"Actual Total Time":0.0,"Actual Rows":0,"Actual Loops":0,"Output":["supplier.su_suppkey","supplier.su_nationkey"],"Shared Hit Blocks":0,"Shared Read Blocks":0,"Shared Dirtied Blocks":0,"Shared Written Blocks":0,"Local Hit Blocks":0,"Local Read Blocks":0,"Local Dirtied Blocks":0,"Local Written Blocks":0,"Temp Read Blocks":0,"Temp Written Blocks":0,"I/O Read Time":0.0,"I/O Write Time":0.0,"Temp I/O Read Time":0.0,"Temp I/O Write Time":0.0}]}]}]}]}]}]},"Planning":{"Shared Hit Blocks":16,"Shared Read Blocks":0,"Shared Dirtied Blocks":0,"Shared Written Blocks":0,"Local Hit Blocks":0,"Local Read Blocks":0,"Local Dirtied Blocks":0,"Local Written Blocks":0,"Temp Read Blocks":0,"Temp Written Blocks":0,"I/O Read Time":0.0,"I/O Write Time":0.0,"Temp I/O Read Time":0.0,"Temp I/O Write Time":0.0},"Planning Time":4.976,"Triggers":[],"Execution Time":10332.316}]
[列存组合]: customer, orders, region
[{"Plan":{"Node Type":"Sort","Parallel Aware":false,"Async Capable":false,"Startup Cost":2010779.56,"Total Cost":2010779.72,"Plan Rows":62,"Plan Width":40,"Actual Startup Time":16453.403,"Actual Total Time":16453.436,"Actual Rows":11,"Actual Loops":1,"Output":["nation.n_name","(sum(order_line.ol_amount))"],"Sort Key":["(sum(order_line.ol_amount)) DESC"],"Sort Method":"quicksort","Sort Space Used":25,"Sort Space Type":"Memory","Shared Hit Blocks":368441,"Shared Read Blocks":0,"Shared Dirtied Blocks":0,"Shared Written Blocks":0,"Local Hit Blocks":0,"Local Read Blocks":0,"Local Dirtied Blocks":0,"Local Written Blocks":0,"Temp Read Blocks":129460,"Temp Written Blocks":129487,"I/O Read Time":0.0,"I/O Write Time":0.0,"Temp I/O Read Time":200.208,"Temp I/O Write Time":505.344,"Plans":[{"Node Type":"Aggregate","Strategy":"Sorted","Partial Mode":"Simple","Parent Relationship":"Outer","Parallel Aware":false,"Async Capable":false,"Startup Cost":2010703.78,"Total Cost":2010777.72,"Plan Rows":62,"Plan Width":40,"Actual Startup Time":16450.597,"Actual Total Time":16453.42,"Actual Rows":11,"Actual Loops":1,"Output":["nation.n_name","sum(order_line.ol_amount)"],"Group Key":["nation.n_name"],"Shared Hit Blocks":368441,"Shared Read Blocks":0,"Shared Dirtied Blocks":0,"Shared Written Blocks":0,"Local Hit Blocks":0,"Local Read Blocks":0,"Local Dirtied Blocks":0,"Local Written Blocks":0,"Temp Read Blocks":129460,"Temp Written Blocks":129487,"I/O Read Time":0.0,"I/O Write Time":0.0,"Temp I/O Read Time":200.208,"Temp I/O Write Time":505.344,"Plans":[{"Node Type":"Sort","Parent Relationship":"Outer","Parallel Aware":false,"Async Capable":false,"Startup Cost":2010703.78,"Total Cost":2010728.17,"Plan Rows":9755,"Plan Width":12,"Actual Startup Time":16450.386,"Actual Total Time":16451.166,"Actual Rows":17493,"Actual Loops":1,"Output":["nation.n_name","order_line.ol_amount"],"Sort Key":["nation.n_name"],"Sort Method":"quicksort","Sort Space Used":1725,"Sort Space Type":"Memory","Shared Hit Blocks":368441,"Shared Read Blocks":0,"Shared Dirtied Blocks":0,"Shared Written Blocks":0,"Local Hit Blocks":0,"Local Read Blocks":0,"Local Dirtied Blocks":0,"Local Written Blocks":0,"Temp Read Blocks":129460,"Temp Written Blocks":129487,"I/O Read Time":0.0,"I/O Write Time":0.0,"Temp I/O Read Time":200.208,"Temp I/O Write Time":505.344,"Plans":[{"Node Type":"Hash Join","Parent Relationship":"Outer","Parallel Aware":false,"Async Capable":false,"Join Type":"Inner","Startup Cost":1686560.5,"Total Cost":2010057.42,"Plan Rows":9755,"Plan Width":12,"Actual Startup Time":14620.985,"Actual Total Time":16441.592,"Actual Rows":17493,"Actual Loops":1,"Output":["nation.n_name","order_line.ol_amount"],"Inner Unique":true,"Hash Cond":"((mod((stock.s_w_id * stock.s_i_id), 10000) = supplier.su_suppkey) AND (customer.c_nationkey = supplier.su_nationkey))","Shared Hit Blocks":368441,"Shared Read Blocks":0,"Shared Dirtied Blocks":0,"Shared Written Blocks":0,"Local Hit Blocks":0,"Local Read Blocks":0,"Local Dirtied Blocks":0,"Local Written Blocks":0,"Temp Read Blocks":129460,"Temp Written Blocks":129487,"I/O Read Time":0.0,"I/O Write Time":0.0,"Temp I/O Read Time":200.208,"Temp I/O Write Time":505.344,"Plans":[{"Node Type":"Merge Join","Parent Relationship":"Outer","Parallel Aware":false,"Async Capable":false,"Join Type":"Inner","Startup Cost":1686093.5,"Total Cost":2006275.28,"Plan Rows":602749,"Plan Width":26,"Actual Startup Time":14618.034,"Actual Total Time":16300.352,"Actual Rows":1109507,"Actual Loops":1,"Output":["customer.c_nationkey","order_line.ol_amount","stock.s_w_id","stock.s_i_id","nation.n_name","nation.n_nationkey"],"Inner Unique":true,"Merge Cond":"((customer.c_w_id = stock.s_w_id) AND (order_line.ol_i_id = stock.s_i_id))","Shared Hit Blocks":368224,"Shared Read Blocks":0,"Shared Dirtied Blocks":0,"Shared Written Blocks":0,"Local Hit Blocks":0,"Local Read Blocks":0,"Local Dirtied Blocks":0,"Local Written Blocks":0,"Temp Read Blocks":129460,"Temp Written Blocks":129487,"I/O Read Time":0.0,"I/O Write Time":0.0,"Temp I/O Read Time":200.208,"Temp I/O Write Time":505.344,"Plans":[{"Node Type":"Sort","Parent Relationship":"Outer","Parallel Aware":false,"Async Capable":false,"Startup Cost":1686093.07,"Total Cost":1687580.75,"Plan Rows":595073,"Plan Width":30,"Actual Startup Time":14617.994,"Actual Total Time":14796.864,"Actual Rows":1109507,"Actual Loops":1,"Output":["customer.c_w_id","customer.c_nationkey","orders.o_w_id","order_line.ol_amount","order_line.ol_w_id","order_line.ol_i_id","nation.n_name","nation.n_nationkey"],"Sort Key":["customer.c_w_id","order_line.ol_i_id"],"Sort Method":"external merge","Sort Space Used":47304,"Sort Space Type":"Disk","Shared Hit Blocks":340886,"Shared Read Blocks":0,"Shared Dirtied Blocks":0,"Shared Written Blocks":0,"Local Hit Blocks":0,"Local Read Blocks":0,"Local Dirtied Blocks":0,"Local Written Blocks":0,"Temp Read Blocks":129460,"Temp Written Blocks":129487,"I/O Read Time":0.0,"I/O Write Time":0.0,"Temp I/O Read Time":200.208,"Temp I/O Write Time":505.344,"Plans":[{"Node Type":"Hash Join","Parent Relationship":"Outer","Parallel Aware":false,"Async Capable":false,"Join Type":"Inner","Startup Cost":396949.46,"Total Cost":1614779.51,"Plan Rows":595073,"Plan Width":30,"Actual Startup Time":1414.561,"Actual Total Time":13224.0,"Actual Rows":1109507,"Actual Loops":1,"Output":["customer.c_w_id","customer.c_nationkey","orders.o_w_id","order_line.ol_amount","order_line.ol_w_id","order_line.ol_i_id","nation.n_name","nation.n_nationkey"],"Inner Unique":false,"Hash Cond":"(customer.c_nationkey = nation.n_nationkey)","Shared Hit Blocks":340886,"Shared Read Blocks":0,"Shared Dirtied Blocks":0,"Shared Written Blocks":0,"Local Hit Blocks":0,"Local Read Blocks":0,"Local Dirtied Blocks":0,"Local Written Blocks":0,"Temp Read Blocks":117643,"Temp Written Blocks":117643,"I/O Read Time":0.0,"I/O Write Time":0.0,"Temp I/O Read Time":182.552,"Temp I/O Write Time":474.263,"Plans":[{"Node Type":"Hash Join","Parent Relationship":"Outer","Parallel Aware":false,"Async Capable":false,"Join Type":"Inner","Startup Cost":396946.31,"Total Cost":1597859.98,"Plan Rows":2975367,"Plan Width":18,"Actual Startup Time":1405.004,"Actual Total Time":12795.555,"Actual Rows":4284922,"Actual Loops":1,"Output":["customer.c_w_id","customer.c_nationkey","orders.o_w_id","order_line.ol_amount","order_line.ol_w_id","order_line.ol_i_id"],"Inner Unique":true,"Hash Cond":"((orders.o_c_id = customer.c_id) AND (orders.o_w_id = customer.c_w_id) AND (orders.o_d_id = customer.c_d_id))","Shared Hit Blocks":340884,"Shared Read Blocks":0,"Shared Dirtied Blocks":0,"Shared Written Blocks":0,"Local Hit Blocks":0,"Local Read Blocks":0,"Local Dirtied Blocks":0,"Local Written Blocks":0,"Temp Read Blocks":117643,"Temp Written Blocks":117643,"I/O Read Time":0.0,"I/O Write Time":0.0,"Temp I/O Read Time":182.552,"Temp I/O Write Time":474.263,"Plans":[{"Node Type":"Hash Join","Parent Relationship":"Outer","Parallel Aware":false,"Async Capable":false,"Join Type":"Inner","Startup Cost":75291.73,"Total Cost":1203258.36,"Plan Rows":2975367,"Plan Width":20,"Actual Startup Time":247.011,"Actual Total Time":9506.222,"Actual Rows":4284922,"Actual Loops":1,"Output":["orders.o_c_id","orders.o_w_id","orders.o_d_id","order_line.ol_amount","order_line.ol_w_id","order_line.ol_d_id","order_line.ol_i_id"],"Inner Unique":true,"Hash Cond":"((order_line.ol_w_id = orders.o_w_id) AND (order_line.ol_d_id = orders.o_d_id) AND (order_line.ol_o_id = orders.o_id))","Shared Hit Blocks":340884,"Shared Read Blocks":0,"Shared Dirtied Blocks":0,"Shared Written Blocks":0,"Local Hit Blocks":0,"Local Read Blocks":0,"Local Dirtied Blocks":0,"Local Written Blocks":0,"Temp Read Blocks":85996,"Temp Written Blocks":85996,"I/O Read Time":0.0,"I/O Write Time":0.0,"Temp I/O Read Time":133.416,"Temp I/O Write Time":333.932,"Plans":[{"Node Type":"Seq Scan","Parent Relationship":"Outer","Parallel Aware":false,"Async Capable":false,"Relation Name":"order_line","Schema":"public","Alias":"order_line","Startup Cost":0.0,"Total Cost":715856.4,"Plan Rows":20926367,"Plan Width":20,"Actual Startup Time":0.006,"Actual Total Time":3677.574,"Actual Rows":21002151,"Actual Loops":1,"Output":["order_line.ol_amount","order_line.ol_o_id","order_line.ol_w_id","order_line.ol_d_id","order_line.ol_i_id"],"Filter":"(order_line.ol_delivery_d >= '1992-01-02 20:10:02.27764'::timestamp without time zone)","Rows Removed by Filter":8995581,"Shared Hit Blocks":340884,"Shared Read Blocks":0,"Shared Dirtied Blocks":0,"Shared Written Blocks":0,"Local Hit Blocks":0,"Local Read Blocks":0,"Local Dirtied Blocks":0,"Local Written Blocks":0,"Temp Read Blocks":0,"Temp Written Blocks":0,"I/O Read Time":0.0,"I/O Write Time":0.0,"Temp I/O Read Time":0.0,"Temp I/O Write Time":0.0},{"Node Type":"Hash","Parent Relationship":"Inner","Parallel Aware":false,"Async Capable":false,"Startup Cost":65744.12,"Total Cost":65744.12,"Plan Rows":426549,"Plan Width":16,"Actual Startup Time":178.682,"Actual Total Time":178.691,"Actual Rows":428399,"Actual Loops":1,"Output":["orders.o_c_id","orders.o_w_id","orders.o_d_id","orders.o_id"],"Hash Buckets":262144,"Original Hash Buckets":262144,"Hash Batches":4,"Original Hash Batches":4,"Peak Memory Usage":7080,"Shared Hit Blocks":0,"Shared Read Blocks":0,"Shared Dirtied Blocks":0,"Shared Written Blocks":0,"Local Hit Blocks":0,"Local Read Blocks":0,"Local Dirtied Blocks":0,"Local Written Blocks":0,"Temp Read Blocks":0,"Temp Written Blocks":1410,"I/O Read Time":0.0,"I/O Write Time":0.0,"Temp I/O Read Time":0.0,"Temp I/O Write Time":5.499,"Plans":[{"Node Type":"Append","Parent Relationship":"Outer","Parallel Aware":false,"Async Capable":false,"Startup Cost":20.0,"Total Cost":65744.12,"Plan Rows":426549,"Plan Width":16,"Actual Startup Time":0.542,"Actual Total Time":103.061,"Actual Rows":428399,"Actual Loops":1,"Shared Hit Blocks":0,"Shared Read Blocks":0,"Shared Dirtied Blocks":0,"Shared Written Blocks":0,"Local Hit Blocks":0,"Local Read Blocks":0,"Local Dirtied Blocks":0,"Local Written Blocks":0,"Temp Read Blocks":0,"Temp Written Blocks":0,"I/O Read Time":0.0,"I/O Write Time":0.0,"Temp I/O Read Time":0.0,"Temp I/O Write Time":0.0,"Subplans Removed":0,"Plans":[{"Node Type":"Custom Scan","Parent Relationship":"Member","Custom Plan Provider":"columnar scan","Parallel Aware":false,"Async Capable":false,"Relation Name":"orders","Schema":"public","Alias":"orders","Startup Cost":20.0,"Total Cost":10043.96,"Plan Rows":426548,"Plan Width":16,"Actual Startup Time":0.541,"Actual Total Time":71.422,"Actual Rows":428399,"Actual Loops":1,"Output":["orders.o_c_id","orders.o_w_id","orders.o_d_id","orders.o_id"],"Filter":"((orders.o_entry_d < '1994-01-02 20:10:02.27764'::timestamp without time zone) AND (orders.o_entry_d >= '1993-01-02 20:10:02.27764'::timestamp without time zone))","Rows Removed by Filter":0,"Rows Removed by Columnar Filter":2571601,"Columnar cache search mode":"native","Shared Hit Blocks":0,"Shared Read Blocks":0,"Shared Dirtied Blocks":0,"Shared Written Blocks":0,"Local Hit Blocks":0,"Local Read Blocks":0,"Local Dirtied Blocks":0,"Local Written Blocks":0,"Temp Read Blocks":0,"Temp Written Blocks":0,"I/O Read Time":0.0,"I/O Write Time":0.0,"Temp I/O Read Time":0.0,"Temp I/O Write Time":0.0},{"Node Type":"Seq Scan","Parent Relationship":"Member","Parallel Aware":false,"Async Capable":false,"Relation Name":"orders","Schema":"public","Alias":"orders","Startup Cost":0.0,"Total Cost":4.01,"Plan Rows":1,"Plan Width":16,"Actual Startup Time":0.0,"Actual Total Time":0.0,"Actual Rows":0,"Actual Loops":0,"Output":["orders.o_c_id","orders.o_w_id","orders.o_d_id","orders.o_id"],"Filter":"((orders.o_entry_d < '1994-01-02 20:10:02.27764'::timestamp without time zone) AND (orders.o_entry_d >= '1993-01-02 20:10:02.27764'::timestamp without time zone))","Rows Removed by Filter":0,"Shared Hit Blocks":0,"Shared Read Blocks":0,"Shared Dirtied Blocks":0,"Shared Written Blocks":0,"Local Hit Blocks":0,"Local Read Blocks":0,"Local Dirtied Blocks":0,"Local Written Blocks":0,"Temp Read Blocks":0,"Temp Written Blocks":0,"I/O Read Time":0.0,"I/O Write Time":0.0,"Temp I/O Read Time":0.0,"Temp I/O Write Time":0.0}]}]}]},{"Node Type":"Hash","Parent Relationship":"Inner","Parallel Aware":false,"Async Capable":false,"Startup Cost":254511.16,"Total Cost":254511.16,"Plan Rows":2999739,"Plan Width":12,"Actual Startup Time":1155.669,"Actual Total Time":1155.674,"Actual Rows":3000000,"Actual Loops":1,"Output":["customer.c_id","customer.c_w_id","customer.c_d_id","customer.c_nationkey"],"Hash Buckets":262144,"Original Hash Buckets":262144,"Hash Batches":32,"Original Hash Batches":32,"Peak Memory Usage":6090,"Shared Hit Blocks":0,"Shared Read Blocks":0,"Shared Dirtied Blocks":0,"Shared Written Blocks":0,"Local Hit Blocks":0,"Local Read Blocks":0,"Local Dirtied Blocks":0,"Local Written Blocks":0,"Temp Read Blocks":0,"Temp Written Blocks":11335,"I/O Read Time":0.0,"I/O Write Time":0.0,"Temp I/O Read Time":0.0,"Temp I/O Write Time":47.944,"Plans":[{"Node Type":"Append","Parent Relationship":"Outer","Parallel Aware":false,"Async Capable":false,"Startup Cost":20.0,"Total Cost":254511.16,"Plan Rows":2999739,"Plan Width":12,"Actual Startup Time":0.016,"Actual Total Time":654.976,"Actual Rows":3000000,"Actual Loops":1,"Shared Hit Blocks":0,"Shared Read Blocks":0,"Shared Dirtied Blocks":0,"Shared Written Blocks":0,"Local Hit Blocks":0,"Local Read Blocks":0,"Local Dirtied Blocks":0,"Local Written Blocks":0,"Temp Read Blocks":0,"Temp Written Blocks":0,"I/O Read Time":0.0,"I/O Write Time":0.0,"Temp I/O Read Time":0.0,"Temp I/O Write Time":0.0,"Subplans Removed":0,"Plans":[{"Node Type":"Custom Scan","Parent Relationship":"Member","Custom Plan Provider":"columnar scan","Parallel Aware":false,"Async Capable":false,"Relation Name":"customer","Schema":"public","Alias":"customer","Startup Cost":20.0,"Total Cost":70513.87,"Plan Rows":2999738,"Plan Width":12,"Actual Startup Time":0.016,"Actual Total Time":445.519,"Actual Rows":3000000,"Actual Loops":1,"Output":["customer.c_id","customer.c_w_id","customer.c_d_id","customer.c_nationkey"],"Rows Removed by Columnar Filter":0,"Columnar cache search mode":"native","Shared Hit Blocks":0,"Shared Read Blocks":0,"Shared Dirtied Blocks":0,"Shared Written Blocks":0,"Local Hit Blocks":0,"Local Read Blocks":0,"Local Dirtied Blocks":0,"Local Written Blocks":0,"Temp Read Blocks":0,"Temp Written Blocks":0,"I/O Read Time":0.0,"I/O Write Time":0.0,"Temp I/O Read Time":0.0,"Temp I/O Write Time":0.0},{"Node Type":"Seq Scan","Parent Relationship":"Member","Parallel Aware":false,"Async Capable":false,"Relation Name":"customer","Schema":"public","Alias":"customer","Startup Cost":0.0,"Total Cost":4.01,"Plan Rows":1,"Plan Width":12,"Actual Startup Time":0.0,"Actual Total Time":0.0,"Actual Rows":0,"Actual Loops":0,"Output":["customer.c_id","customer.c_w_id","customer.c_d_id","customer.c_nationkey"],"Shared Hit Blocks":0,"Shared Read Blocks":0,"Shared Dirtied Blocks":0,"Shared Written Blocks":0,"Local Hit Blocks":0,"Local Read Blocks":0,"Local Dirtied Blocks":0,"Local Written Blocks":0,"Temp Read Blocks":0,"Temp Written Blocks":0,"I/O Read Time":0.0,"I/O Write Time":0.0,"Temp I/O Read Time":0.0,"Temp I/O Write Time":0.0}]}]}]},{"Node Type":"Hash","Parent Relationship":"Inner","Parallel Aware":false,"Async Capable":false,"Startup Cost":2.99,"Total Cost":2.99,"Plan Rows":12,"Plan Width":12,"Actual Startup Time":0.039,"Actual Total Time":0.046,"Actual Rows":22,"Actual Loops":1,"Output":["nation.n_name","nation.n_nationkey"],"Hash Buckets":1024,"Original Hash Buckets":1024,"Hash Batches":1,"Original Hash Batches":1,"Peak Memory Usage":9,"Shared Hit Blocks":2,"Shared Read Blocks":0,"Shared Dirtied Blocks":0,"Shared Written Blocks":0,"Local Hit Blocks":0,"Local Read Blocks":0,"Local Dirtied Blocks":0,"Local Written Blocks":0,"Temp Read Blocks":0,"Temp Written Blocks":0,"I/O Read Time":0.0,"I/O Write Time":0.0,"Temp I/O Read Time":0.0,"Temp I/O Write Time":0.0,"Plans":[{"Node Type":"Hash Join","Parent Relationship":"Outer","Parallel Aware":false,"Async Capable":false,"Join Type":"Inner","Startup Cost":1.07,"Total Cost":2.99,"Plan Rows":12,"Plan Width":12,"Actual Startup Time":0.022,"Actual Total Time":0.04,"Actual Rows":22,"Actual Loops":1,"Output":["nation.n_name","nation.n_nationkey"],"Inner Unique":true,"Hash Cond":"(nation.n_regionkey = region.r_regionkey)","Shared Hit Blocks":2,"Shared Read Blocks":0,"Shared Dirtied Blocks":0,"Shared Written Blocks":0,"Local Hit Blocks":0,"Local Read Blocks":0,"Local Dirtied Blocks":0,"Local Written Blocks":0,"Temp Read Blocks":0,"Temp Written Blocks":0,"I/O Read Time":0.0,"I/O Write Time":0.0,"Temp I/O Read Time":0.0,"Temp I/O Write Time":0.0,"Plans":[{"Node Type":"Seq Scan","Parent Relationship":"Outer","Parallel Aware":false,"Async Capable":false,"Relation Name":"nation","Schema":"public","Alias":"nation","Startup Cost":0.0,"Total Cost":1.62,"Plan Rows":62,"Plan Width":16,"Actual Startup Time":0.005,"Actual Total Time":0.01,"Actual Rows":62,"Actual Loops":1,"Output":["nation.n_nationkey","nation.n_name","nation.n_regionkey","nation.n_comment"],"Shared Hit Blocks":1,"Shared Read Blocks":0,"Shared Dirtied Blocks":0,"Shared Written Blocks":0,"Local Hit Blocks":0,"Local Read Blocks":0,"Local Dirtied Blocks":0,"Local Written Blocks":0,"Temp Read Blocks":0,"Temp Written Blocks":0,"I/O Read Time":0.0,"I/O Write Time":0.0,"Temp I/O Read Time":0.0,"Temp I/O Write Time":0.0},{"Node Type":"Hash","Parent Relationship":"Inner","Parallel Aware":false,"Async Capable":false,"Startup Cost":1.06,"Total Cost":1.06,"Plan Rows":1,"Plan Width":4,"Actual Startup Time":0.006,"Actual Total Time":0.008,"Actual Rows":1,"Actual Loops":1,"Output":["region.r_regionkey"],"Hash Buckets":1024,"Original Hash Buckets":1024,"Hash Batches":1,"Original Hash Batches":1,"Peak Memory Usage":9,"Shared Hit Blocks":1,"Shared Read Blocks":0,"Shared Dirtied Blocks":0,"Shared Written Blocks":0,"Local Hit Blocks":0,"Local Read Blocks":0,"Local Dirtied Blocks":0,"Local Written Blocks":0,"Temp Read Blocks":0,"Temp Written Blocks":0,"I/O Read Time":0.0,"I/O Write Time":0.0,"Temp I/O Read Time":0.0,"Temp I/O Write Time":0.0,"Plans":[{"Node Type":"Seq Scan","Parent Relationship":"Outer","Parallel Aware":false,"Async Capable":false,"Relation Name":"region","Schema":"public","Alias":"region","Startup Cost":0.0,"Total Cost":1.06,"Plan Rows":1,"Plan Width":4,"Actual Startup Time":0.005,"Actual Total Time":0.006,"Actual Rows":1,"Actual Loops":1,"Output":["region.r_regionkey"],"Filter":"((region.r_name)::text = 'Europe'::text)","Rows Removed by Filter":4,"Shared Hit Blocks":1,"Shared Read Blocks":0,"Shared Dirtied Blocks":0,"Shared Written Blocks":0,"Local Hit Blocks":0,"Local Read Blocks":0,"Local Dirtied Blocks":0,"Local Written Blocks":0,"Temp Read Blocks":0,"Temp Written Blocks":0,"I/O Read Time":0.0,"I/O Write Time":0.0,"Temp I/O Read Time":0.0,"Temp I/O Write Time":0.0}]}]}]}]}]},{"Node Type":"Index Only Scan","Parent Relationship":"Inner","Parallel Aware":false,"Async Capable":false,"Scan Direction":"Forward","Index Name":"stock_pk","Relation Name":"stock","Schema":"public","Alias":"stock","Startup Cost":0.43,"Total Cost":259690.86,"Plan Rows":10000162,"Plan Width":6,"Actual Startup Time":0.032,"Actual Total Time":701.543,"Actual Rows":9999996,"Actual Loops":1,"Output":["stock.s_w_id","stock.s_i_id"],"Heap Fetches":0,"Shared Hit Blocks":27338,"Shared Read Blocks":0,"Shared Dirtied Blocks":0,"Shared Written Blocks":0,"Local Hit Blocks":0,"Local Read Blocks":0,"Local Dirtied Blocks":0,"Local Written Blocks":0,"Temp Read Blocks":0,"Temp Written Blocks":0,"I/O Read Time":0.0,"I/O Write Time":0.0,"Temp I/O Read Time":0.0,"Temp I/O Write Time":0.0}]},{"Node Type":"Hash","Parent Relationship":"Inner","Parallel Aware":false,"Async Capable":false,"Startup Cost":317.0,"Total Cost":317.0,"Plan Rows":10000,"Plan Width":8,"Actual Startup Time":2.561,"Actual Total Time":2.561,"Actual Rows":10000,"Actual Loops":1,"Output":["supplier.su_suppkey","supplier.su_nationkey"],"Hash Buckets":16384,"Original Hash Buckets":16384,"Hash Batches":1,"Original Hash Batches":1,"Peak Memory Usage":519,"Shared Hit Blocks":217,"Shared Read Blocks":0,"Shared Dirtied Blocks":0,"Shared Written Blocks":0,"Local Hit Blocks":0,"Local Read Blocks":0,"Local Dirtied Blocks":0,"Local Written Blocks":0,"Temp Read Blocks":0,"Temp Written Blocks":0,"I/O Read Time":0.0,"I/O Write Time":0.0,"Temp I/O Read Time":0.0,"Temp I/O Write Time":0.0,"Plans":[{"Node Type":"Seq Scan","Parent Relationship":"Outer","Parallel Aware":false,"Async Capable":false,"Relation Name":"supplier","Schema":"public","Alias":"supplier","Startup Cost":0.0,"Total Cost":317.0,"Plan Rows":10000,"Plan Width":8,"Actual Startup Time":0.01,"Actual Total Time":1.276,"Actual Rows":10000,"Actual Loops":1,"Output":["supplier.su_suppkey","supplier.su_nationkey"],"Shared Hit Blocks":217,"Shared Read Blocks":0,"Shared Dirtied Blocks":0,"Shared Written Blocks":0,"Local Hit Blocks":0,"Local Read Blocks":0,"Local Dirtied Blocks":0,"Local Written Blocks":0,"Temp Read Blocks":0,"Temp Written Blocks":0,"I/O Read Time":0.0,"I/O Write Time":0.0,"Temp I/O Read Time":0.0,"Temp I/O Write Time":0.0}]}]}]}]}]},"Planning":{"Shared Hit Blocks":16,"Shared Read Blocks":0,"Shared Dirtied Blocks":0,"Shared Written Blocks":0,"Local Hit Blocks":0,"Local Read Blocks":0,"Local Dirtied Blocks":0,"Local Written Blocks":0,"Temp Read Blocks":0,"Temp Written Blocks":0,"I/O Read Time":0.0,"I/O Write Time":0.0,"Temp I/O Read Time":0.0,"Temp I/O Write Time":0.0},"Planning Time":4.765,"Triggers":[],"Execution Time":16461.651}]
[列存组合]: customer, orders, stock
[{"Plan":{"Node Type":"Sort","Parallel Aware":false,"Async Capable":false,"Startup Cost":2010779.56,"Total Cost":2010779.72,"Plan Rows":62,"Plan Width":40,"Actual Startup Time":16426.93,"Actual Total Time":16426.964,"Actual Rows":11,"Actual Loops":1,"Output":["nation.n_name","(sum(order_line.ol_amount))"],"Sort Key":["(sum(order_line.ol_amount)) DESC"],"Sort Method":"quicksort","Sort Space Used":25,"Sort Space Type":"Memory","Shared Hit Blocks":368441,"Shared Read Blocks":0,"Shared Dirtied Blocks":0,"Shared Written Blocks":0,"Local Hit Blocks":0,"Local Read Blocks":0,"Local Dirtied Blocks":0,"Local Written Blocks":0,"Temp Read Blocks":129460,"Temp Written Blocks":129487,"I/O Read Time":0.0,"I/O Write Time":0.0,"Temp I/O Read Time":201.207,"Temp I/O Write Time":512.629,"Plans":[{"Node Type":"Aggregate","Strategy":"Sorted","Partial Mode":"Simple","Parent Relationship":"Outer","Parallel Aware":false,"Async Capable":false,"Startup Cost":2010703.78,"Total Cost":2010777.72,"Plan Rows":62,"Plan Width":40,"Actual Startup Time":16424.103,"Actual Total Time":16426.948,"Actual Rows":11,"Actual Loops":1,"Output":["nation.n_name","sum(order_line.ol_amount)"],"Group Key":["nation.n_name"],"Shared Hit Blocks":368441,"Shared Read Blocks":0,"Shared Dirtied Blocks":0,"Shared Written Blocks":0,"Local Hit Blocks":0,"Local Read Blocks":0,"Local Dirtied Blocks":0,"Local Written Blocks":0,"Temp Read Blocks":129460,"Temp Written Blocks":129487,"I/O Read Time":0.0,"I/O Write Time":0.0,"Temp I/O Read Time":201.207,"Temp I/O Write Time":512.629,"Plans":[{"Node Type":"Sort","Parent Relationship":"Outer","Parallel Aware":false,"Async Capable":false,"Startup Cost":2010703.78,"Total Cost":2010728.17,"Plan Rows":9755,"Plan Width":12,"Actual Startup Time":16423.891,"Actual Total Time":16424.679,"Actual Rows":17493,"Actual Loops":1,"Output":["nation.n_name","order_line.ol_amount"],"Sort Key":["nation.n_name"],"Sort Method":"quicksort","Sort Space Used":1725,"Sort Space Type":"Memory","Shared Hit Blocks":368441,"Shared Read Blocks":0,"Shared Dirtied Blocks":0,"Shared Written Blocks":0,"Local Hit Blocks":0,"Local Read Blocks":0,"Local Dirtied Blocks":0,"Local Written Blocks":0,"Temp Read Blocks":129460,"Temp Written Blocks":129487,"I/O Read Time":0.0,"I/O Write Time":0.0,"Temp I/O Read Time":201.207,"Temp I/O Write Time":512.629,"Plans":[{"Node Type":"Hash Join","Parent Relationship":"Outer","Parallel Aware":false,"Async Capable":false,"Join Type":"Inner","Startup Cost":1686560.5,"Total Cost":2010057.42,"Plan Rows":9755,"Plan Width":12,"Actual Startup Time":14595.828,"Actual Total Time":16414.956,"Actual Rows":17493,"Actual Loops":1,"Output":["nation.n_name","order_line.ol_amount"],"Inner Unique":true,"Hash Cond":"((mod((stock.s_w_id * stock.s_i_id), 10000) = supplier.su_suppkey) AND (customer.c_nationkey = supplier.su_nationkey))","Shared Hit Blocks":368441,"Shared Read Blocks":0,"Shared Dirtied Blocks":0,"Shared Written Blocks":0,"Local Hit Blocks":0,"Local Read Blocks":0,"Local Dirtied Blocks":0,"Local Written Blocks":0,"Temp Read Blocks":129460,"Temp Written Blocks":129487,"I/O Read Time":0.0,"I/O Write Time":0.0,"Temp I/O Read Time":201.207,"Temp I/O Write Time":512.629,"Plans":[{"Node Type":"Merge Join","Parent Relationship":"Outer","Parallel Aware":false,"Async Capable":false,"Join Type":"Inner","Startup Cost":1686093.5,"Total Cost":2006275.28,"Plan Rows":602749,"Plan Width":26,"Actual Startup Time":14592.635,"Actual Total Time":16273.549,"Actual Rows":1109507,"Actual Loops":1,"Output":["customer.c_nationkey","order_line.ol_amount","stock.s_w_id","stock.s_i_id","nation.n_name","nation.n_nationkey"],"Inner Unique":true,"Merge Cond":"((customer.c_w_id = stock.s_w_id) AND (order_line.ol_i_id = stock.s_i_id))","Shared Hit Blocks":368224,"Shared Read Blocks":0,"Shared Dirtied Blocks":0,"Shared Written Blocks":0,"Local Hit Blocks":0,"Local Read Blocks":0,"Local Dirtied Blocks":0,"Local Written Blocks":0,"Temp Read Blocks":129460,"Temp Written Blocks":129487,"I/O Read Time":0.0,"I/O Write Time":0.0,"Temp I/O Read Time":201.207,"Temp I/O Write Time":512.629,"Plans":[{"Node Type":"Sort","Parent Relationship":"Outer","Parallel Aware":false,"Async Capable":false,"Startup Cost":1686093.07,"Total Cost":1687580.75,"Plan Rows":595073,"Plan Width":30,"Actual Startup Time":14592.566,"Actual Total Time":14771.253,"Actual Rows":1109507,"Actual Loops":1,"Output":["customer.c_w_id","customer.c_nationkey","orders.o_w_id","order_line.ol_amount","order_line.ol_w_id","order_line.ol_i_id","nation.n_name","nation.n_nationkey"],"Sort Key":["customer.c_w_id","order_line.ol_i_id"],"Sort Method":"external merge","Sort Space Used":47304,"Sort Space Type":"Disk","Shared Hit Blocks":340886,"Shared Read Blocks":0,"Shared Dirtied Blocks":0,"Shared Written Blocks":0,"Local Hit Blocks":0,"Local Read Blocks":0,"Local Dirtied Blocks":0,"Local Written Blocks":0,"Temp Read Blocks":129460,"Temp Written Blocks":129487,"I/O Read Time":0.0,"I/O Write Time":0.0,"Temp I/O Read Time":201.207,"Temp I/O Write Time":512.629,"Plans":[{"Node Type":"Hash Join","Parent Relationship":"Outer","Parallel Aware":false,"Async Capable":false,"Join Type":"Inner","Startup Cost":396949.46,"Total Cost":1614779.51,"Plan Rows":595073,"Plan Width":30,"Actual Startup Time":1415.508,"Actual Total Time":13206.691,"Actual Rows":1109507,"Actual Loops":1,"Output":["customer.c_w_id","customer.c_nationkey","orders.o_w_id","order_line.ol_amount","order_line.ol_w_id","order_line.ol_i_id","nation.n_name","nation.n_nationkey"],"Inner Unique":false,"Hash Cond":"(customer.c_nationkey = nation.n_nationkey)","Shared Hit Blocks":340886,"Shared Read Blocks":0,"Shared Dirtied Blocks":0,"Shared Written Blocks":0,"Local Hit Blocks":0,"Local Read Blocks":0,"Local Dirtied Blocks":0,"Local Written Blocks":0,"Temp Read Blocks":117643,"Temp Written Blocks":117643,"I/O Read Time":0.0,"I/O Write Time":0.0,"Temp I/O Read Time":183.577,"Temp I/O Write Time":481.395,"Plans":[{"Node Type":"Hash Join","Parent Relationship":"Outer","Parallel Aware":false,"Async Capable":false,"Join Type":"Inner","Startup Cost":396946.31,"Total Cost":1597859.98,"Plan Rows":2975367,"Plan Width":18,"Actual Startup Time":1405.939,"Actual Total Time":12782.543,"Actual Rows":4284922,"Actual Loops":1,"Output":["customer.c_w_id","customer.c_nationkey","orders.o_w_id","order_line.ol_amount","order_line.ol_w_id","order_line.ol_i_id"],"Inner Unique":true,"Hash Cond":"((orders.o_c_id = customer.c_id) AND (orders.o_w_id = customer.c_w_id) AND (orders.o_d_id = customer.c_d_id))","Shared Hit Blocks":340884,"Shared Read Blocks":0,"Shared Dirtied Blocks":0,"Shared Written Blocks":0,"Local Hit Blocks":0,"Local Read Blocks":0,"Local Dirtied Blocks":0,"Local Written Blocks":0,"Temp Read Blocks":117643,"Temp Written Blocks":117643,"I/O Read Time":0.0,"I/O Write Time":0.0,"Temp I/O Read Time":183.577,"Temp I/O Write Time":481.395,"Plans":[{"Node Type":"Hash Join","Parent Relationship":"Outer","Parallel Aware":false,"Async Capable":false,"Join Type":"Inner","Startup Cost":75291.73,"Total Cost":1203258.36,"Plan Rows":2975367,"Plan Width":20,"Actual Startup Time":246.942,"Actual Total Time":9500.49,"Actual Rows":4284922,"Actual Loops":1,"Output":["orders.o_c_id","orders.o_w_id","orders.o_d_id","order_line.ol_amount","order_line.ol_w_id","order_line.ol_d_id","order_line.ol_i_id"],"Inner Unique":true,"Hash Cond":"((order_line.ol_w_id = orders.o_w_id) AND (order_line.ol_d_id = orders.o_d_id) AND (order_line.ol_o_id = orders.o_id))","Shared Hit Blocks":340884,"Shared Read Blocks":0,"Shared Dirtied Blocks":0,"Shared Written Blocks":0,"Local Hit Blocks":0,"Local Read Blocks":0,"Local Dirtied Blocks":0,"Local Written Blocks":0,"Temp Read Blocks":85996,"Temp Written Blocks":85996,"I/O Read Time":0.0,"I/O Write Time":0.0,"Temp I/O Read Time":133.833,"Temp I/O Write Time":337.848,"Plans":[{"Node Type":"Seq Scan","Parent Relationship":"Outer","Parallel Aware":false,"Async Capable":false,"Relation Name":"order_line","Schema":"public","Alias":"order_line","Startup Cost":0.0,"Total Cost":715856.4,"Plan Rows":20926367,"Plan Width":20,"Actual Startup Time":0.007,"Actual Total Time":3662.442,"Actual Rows":21002151,"Actual Loops":1,"Output":["order_line.ol_amount","order_line.ol_o_id","order_line.ol_w_id","order_line.ol_d_id","order_line.ol_i_id"],"Filter":"(order_line.ol_delivery_d >= '1992-01-02 20:10:02.27764'::timestamp without time zone)","Rows Removed by Filter":8995581,"Shared Hit Blocks":340884,"Shared Read Blocks":0,"Shared Dirtied Blocks":0,"Shared Written Blocks":0,"Local Hit Blocks":0,"Local Read Blocks":0,"Local Dirtied Blocks":0,"Local Written Blocks":0,"Temp Read Blocks":0,"Temp Written Blocks":0,"I/O Read Time":0.0,"I/O Write Time":0.0,"Temp I/O Read Time":0.0,"Temp I/O Write Time":0.0},{"Node Type":"Hash","Parent Relationship":"Inner","Parallel Aware":false,"Async Capable":false,"Startup Cost":65744.12,"Total Cost":65744.12,"Plan Rows":426549,"Plan Width":16,"Actual Startup Time":178.928,"Actual Total Time":178.937,"Actual Rows":428399,"Actual Loops":1,"Output":["orders.o_c_id","orders.o_w_id","orders.o_d_id","orders.o_id"],"Hash Buckets":262144,"Original Hash Buckets":262144,"Hash Batches":4,"Original Hash Batches":4,"Peak Memory Usage":7080,"Shared Hit Blocks":0,"Shared Read Blocks":0,"Shared Dirtied Blocks":0,"Shared Written Blocks":0,"Local Hit Blocks":0,"Local Read Blocks":0,"Local Dirtied Blocks":0,"Local Written Blocks":0,"Temp Read Blocks":0,"Temp Written Blocks":1410,"I/O Read Time":0.0,"I/O Write Time":0.0,"Temp I/O Read Time":0.0,"Temp I/O Write Time":5.745,"Plans":[{"Node Type":"Append","Parent Relationship":"Outer","Parallel Aware":false,"Async Capable":false,"Startup Cost":20.0,"Total Cost":65744.12,"Plan Rows":426549,"Plan Width":16,"Actual Startup Time":0.535,"Actual Total Time":102.996,"Actual Rows":428399,"Actual Loops":1,"Shared Hit Blocks":0,"Shared Read Blocks":0,"Shared Dirtied Blocks":0,"Shared Written Blocks":0,"Local Hit Blocks":0,"Local Read Blocks":0,"Local Dirtied Blocks":0,"Local Written Blocks":0,"Temp Read Blocks":0,"Temp Written Blocks":0,"I/O Read Time":0.0,"I/O Write Time":0.0,"Temp I/O Read Time":0.0,"Temp I/O Write Time":0.0,"Subplans Removed":0,"Plans":[{"Node Type":"Custom Scan","Parent Relationship":"Member","Custom Plan Provider":"columnar scan","Parallel Aware":false,"Async Capable":false,"Relation Name":"orders","Schema":"public","Alias":"orders","Startup Cost":20.0,"Total Cost":10043.96,"Plan Rows":426548,"Plan Width":16,"Actual Startup Time":0.533,"Actual Total Time":71.874,"Actual Rows":428399,"Actual Loops":1,"Output":["orders.o_c_id","orders.o_w_id","orders.o_d_id","orders.o_id"],"Filter":"((orders.o_entry_d < '1994-01-02 20:10:02.27764'::timestamp without time zone) AND (orders.o_entry_d >= '1993-01-02 20:10:02.27764'::timestamp without time zone))","Rows Removed by Filter":0,"Rows Removed by Columnar Filter":2571601,"Columnar cache search mode":"native","Shared Hit Blocks":0,"Shared Read Blocks":0,"Shared Dirtied Blocks":0,"Shared Written Blocks":0,"Local Hit Blocks":0,"Local Read Blocks":0,"Local Dirtied Blocks":0,"Local Written Blocks":0,"Temp Read Blocks":0,"Temp Written Blocks":0,"I/O Read Time":0.0,"I/O Write Time":0.0,"Temp I/O Read Time":0.0,"Temp I/O Write Time":0.0},{"Node Type":"Seq Scan","Parent Relationship":"Member","Parallel Aware":false,"Async Capable":false,"Relation Name":"orders","Schema":"public","Alias":"orders","Startup Cost":0.0,"Total Cost":4.01,"Plan Rows":1,"Plan Width":16,"Actual Startup Time":0.0,"Actual Total Time":0.0,"Actual Rows":0,"Actual Loops":0,"Output":["orders.o_c_id","orders.o_w_id","orders.o_d_id","orders.o_id"],"Filter":"((orders.o_entry_d < '1994-01-02 20:10:02.27764'::timestamp without time zone) AND (orders.o_entry_d >= '1993-01-02 20:10:02.27764'::timestamp without time zone))","Rows Removed by Filter":0,"Shared Hit Blocks":0,"Shared Read Blocks":0,"Shared Dirtied Blocks":0,"Shared Written Blocks":0,"Local Hit Blocks":0,"Local Read Blocks":0,"Local Dirtied Blocks":0,"Local Written Blocks":0,"Temp Read Blocks":0,"Temp Written Blocks":0,"I/O Read Time":0.0,"I/O Write Time":0.0,"Temp I/O Read Time":0.0,"Temp I/O Write Time":0.0}]}]}]},{"Node Type":"Hash","Parent Relationship":"Inner","Parallel Aware":false,"Async Capable":false,"Startup Cost":254511.16,"Total Cost":254511.16,"Plan Rows":2999739,"Plan Width":12,"Actual Startup Time":1156.699,"Actual Total Time":1156.704,"Actual Rows":3000000,"Actual Loops":1,"Output":["customer.c_id","customer.c_w_id","customer.c_d_id","customer.c_nationkey"],"Hash Buckets":262144,"Original Hash Buckets":262144,"Hash Batches":32,"Original Hash Batches":32,"Peak Memory Usage":6090,"Shared Hit Blocks":0,"Shared Read Blocks":0,"Shared Dirtied Blocks":0,"Shared Written Blocks":0,"Local Hit Blocks":0,"Local Read Blocks":0,"Local Dirtied Blocks":0,"Local Written Blocks":0,"Temp Read Blocks":0,"Temp Written Blocks":11335,"I/O Read Time":0.0,"I/O Write Time":0.0,"Temp I/O Read Time":0.0,"Temp I/O Write Time":50.155,"Plans":[{"Node Type":"Append","Parent Relationship":"Outer","Parallel Aware":false,"Async Capable":false,"Startup Cost":20.0,"Total Cost":254511.16,"Plan Rows":2999739,"Plan Width":12,"Actual Startup Time":0.015,"Actual Total Time":654.024,"Actual Rows":3000000,"Actual Loops":1,"Shared Hit Blocks":0,"Shared Read Blocks":0,"Shared Dirtied Blocks":0,"Shared Written Blocks":0,"Local Hit Blocks":0,"Local Read Blocks":0,"Local Dirtied Blocks":0,"Local Written Blocks":0,"Temp Read Blocks":0,"Temp Written Blocks":0,"I/O Read Time":0.0,"I/O Write Time":0.0,"Temp I/O Read Time":0.0,"Temp I/O Write Time":0.0,"Subplans Removed":0,"Plans":[{"Node Type":"Custom Scan","Parent Relationship":"Member","Custom Plan Provider":"columnar scan","Parallel Aware":false,"Async Capable":false,"Relation Name":"customer","Schema":"public","Alias":"customer","Startup Cost":20.0,"Total Cost":70513.87,"Plan Rows":2999738,"Plan Width":12,"Actual Startup Time":0.014,"Actual Total Time":446.497,"Actual Rows":3000000,"Actual Loops":1,"Output":["customer.c_id","customer.c_w_id","customer.c_d_id","customer.c_nationkey"],"Rows Removed by Columnar Filter":0,"Columnar cache search mode":"native","Shared Hit Blocks":0,"Shared Read Blocks":0,"Shared Dirtied Blocks":0,"Shared Written Blocks":0,"Local Hit Blocks":0,"Local Read Blocks":0,"Local Dirtied Blocks":0,"Local Written Blocks":0,"Temp Read Blocks":0,"Temp Written Blocks":0,"I/O Read Time":0.0,"I/O Write Time":0.0,"Temp I/O Read Time":0.0,"Temp I/O Write Time":0.0},{"Node Type":"Seq Scan","Parent Relationship":"Member","Parallel Aware":false,"Async Capable":false,"Relation Name":"customer","Schema":"public","Alias":"customer","Startup Cost":0.0,"Total Cost":4.01,"Plan Rows":1,"Plan Width":12,"Actual Startup Time":0.0,"Actual Total Time":0.0,"Actual Rows":0,"Actual Loops":0,"Output":["customer.c_id","customer.c_w_id","customer.c_d_id","customer.c_nationkey"],"Shared Hit Blocks":0,"Shared Read Blocks":0,"Shared Dirtied Blocks":0,"Shared Written Blocks":0,"Local Hit Blocks":0,"Local Read Blocks":0,"Local Dirtied Blocks":0,"Local Written Blocks":0,"Temp Read Blocks":0,"Temp Written Blocks":0,"I/O Read Time":0.0,"I/O Write Time":0.0,"Temp I/O Read Time":0.0,"Temp I/O Write Time":0.0}]}]}]},{"Node Type":"Hash","Parent Relationship":"Inner","Parallel Aware":false,"Async Capable":false,"Startup Cost":2.99,"Total Cost":2.99,"Plan Rows":12,"Plan Width":12,"Actual Startup Time":0.044,"Actual Total Time":0.051,"Actual Rows":22,"Actual Loops":1,"Output":["nation.n_name","nation.n_nationkey"],"Hash Buckets":1024,"Original Hash Buckets":1024,"Hash Batches":1,"Original Hash Batches":1,"Peak Memory Usage":9,"Shared Hit Blocks":2,"Shared Read Blocks":0,"Shared Dirtied Blocks":0,"Shared Written Blocks":0,"Local Hit Blocks":0,"Local Read Blocks":0,"Local Dirtied Blocks":0,"Local Written Blocks":0,"Temp Read Blocks":0,"Temp Written Blocks":0,"I/O Read Time":0.0,"I/O Write Time":0.0,"Temp I/O Read Time":0.0,"Temp I/O Write Time":0.0,"Plans":[{"Node Type":"Hash Join","Parent Relationship":"Outer","Parallel Aware":false,"Async Capable":false,"Join Type":"Inner","Startup Cost":1.07,"Total Cost":2.99,"Plan Rows":12,"Plan Width":12,"Actual Startup Time":0.027,"Actual Total Time":0.045,"Actual Rows":22,"Actual Loops":1,"Output":["nation.n_name","nation.n_nationkey"],"Inner Unique":true,"Hash Cond":"(nation.n_regionkey = region.r_regionkey)","Shared Hit Blocks":2,"Shared Read Blocks":0,"Shared Dirtied Blocks":0,"Shared Written Blocks":0,"Local Hit Blocks":0,"Local Read Blocks":0,"Local Dirtied Blocks":0,"Local Written Blocks":0,"Temp Read Blocks":0,"Temp Written Blocks":0,"I/O Read Time":0.0,"I/O Write Time":0.0,"Temp I/O Read Time":0.0,"Temp I/O Write Time":0.0,"Plans":[{"Node Type":"Seq Scan","Parent Relationship":"Outer","Parallel Aware":false,"Async Capable":false,"Relation Name":"nation","Schema":"public","Alias":"nation","Startup Cost":0.0,"Total Cost":1.62,"Plan Rows":62,"Plan Width":16,"Actual Startup Time":0.006,"Actual Total Time":0.01,"Actual Rows":62,"Actual Loops":1,"Output":["nation.n_nationkey","nation.n_name","nation.n_regionkey","nation.n_comment"],"Shared Hit Blocks":1,"Shared Read Blocks":0,"Shared Dirtied Blocks":0,"Shared Written Blocks":0,"Local Hit Blocks":0,"Local Read Blocks":0,"Local Dirtied Blocks":0,"Local Written Blocks":0,"Temp Read Blocks":0,"Temp Written Blocks":0,"I/O Read Time":0.0,"I/O Write Time":0.0,"Temp I/O Read Time":0.0,"Temp I/O Write Time":0.0},{"Node Type":"Hash","Parent Relationship":"Inner","Parallel Aware":false,"Async Capable":false,"Startup Cost":1.06,"Total Cost":1.06,"Plan Rows":1,"Plan Width":4,"Actual Startup Time":0.008,"Actual Total Time":0.009,"Actual Rows":1,"Actual Loops":1,"Output":["region.r_regionkey"],"Hash Buckets":1024,"Original Hash Buckets":1024,"Hash Batches":1,"Original Hash Batches":1,"Peak Memory Usage":9,"Shared Hit Blocks":1,"Shared Read Blocks":0,"Shared Dirtied Blocks":0,"Shared Written Blocks":0,"Local Hit Blocks":0,"Local Read Blocks":0,"Local Dirtied Blocks":0,"Local Written Blocks":0,"Temp Read Blocks":0,"Temp Written Blocks":0,"I/O Read Time":0.0,"I/O Write Time":0.0,"Temp I/O Read Time":0.0,"Temp I/O Write Time":0.0,"Plans":[{"Node Type":"Seq Scan","Parent Relationship":"Outer","Parallel Aware":false,"Async Capable":false,"Relation Name":"region","Schema":"public","Alias":"region","Startup Cost":0.0,"Total Cost":1.06,"Plan Rows":1,"Plan Width":4,"Actual Startup Time":0.006,"Actual Total Time":0.006,"Actual Rows":1,"Actual Loops":1,"Output":["region.r_regionkey"],"Filter":"((region.r_name)::text = 'Europe'::text)","Rows Removed by Filter":4,"Shared Hit Blocks":1,"Shared Read Blocks":0,"Shared Dirtied Blocks":0,"Shared Written Blocks":0,"Local Hit Blocks":0,"Local Read Blocks":0,"Local Dirtied Blocks":0,"Local Written Blocks":0,"Temp Read Blocks":0,"Temp Written Blocks":0,"I/O Read Time":0.0,"I/O Write Time":0.0,"Temp I/O Read Time":0.0,"Temp I/O Write Time":0.0}]}]}]}]}]},{"Node Type":"Index Only Scan","Parent Relationship":"Inner","Parallel Aware":false,"Async Capable":false,"Scan Direction":"Forward","Index Name":"stock_pk","Relation Name":"stock","Schema":"public","Alias":"stock","Startup Cost":0.43,"Total Cost":259690.86,"Plan Rows":10000162,"Plan Width":6,"Actual Startup Time":0.055,"Actual Total Time":701.06,"Actual Rows":9999996,"Actual Loops":1,"Output":["stock.s_w_id","stock.s_i_id"],"Heap Fetches":0,"Shared Hit Blocks":27338,"Shared Read Blocks":0,"Shared Dirtied Blocks":0,"Shared Written Blocks":0,"Local Hit Blocks":0,"Local Read Blocks":0,"Local Dirtied Blocks":0,"Local Written Blocks":0,"Temp Read Blocks":0,"Temp Written Blocks":0,"I/O Read Time":0.0,"I/O Write Time":0.0,"Temp I/O Read Time":0.0,"Temp I/O Write Time":0.0}]},{"Node Type":"Hash","Parent Relationship":"Inner","Parallel Aware":false,"Async Capable":false,"Startup Cost":317.0,"Total Cost":317.0,"Plan Rows":10000,"Plan Width":8,"Actual Startup Time":2.758,"Actual Total Time":2.759,"Actual Rows":10000,"Actual Loops":1,"Output":["supplier.su_suppkey","supplier.su_nationkey"],"Hash Buckets":16384,"Original Hash Buckets":16384,"Hash Batches":1,"Original Hash Batches":1,"Peak Memory Usage":519,"Shared Hit Blocks":217,"Shared Read Blocks":0,"Shared Dirtied Blocks":0,"Shared Written Blocks":0,"Local Hit Blocks":0,"Local Read Blocks":0,"Local Dirtied Blocks":0,"Local Written Blocks":0,"Temp Read Blocks":0,"Temp Written Blocks":0,"I/O Read Time":0.0,"I/O Write Time":0.0,"Temp I/O Read Time":0.0,"Temp I/O Write Time":0.0,"Plans":[{"Node Type":"Seq Scan","Parent Relationship":"Outer","Parallel Aware":false,"Async Capable":false,"Relation Name":"supplier","Schema":"public","Alias":"supplier","Startup Cost":0.0,"Total Cost":317.0,"Plan Rows":10000,"Plan Width":8,"Actual Startup Time":0.011,"Actual Total Time":1.281,"Actual Rows":10000,"Actual Loops":1,"Output":["supplier.su_suppkey","supplier.su_nationkey"],"Shared Hit Blocks":217,"Shared Read Blocks":0,"Shared Dirtied Blocks":0,"Shared Written Blocks":0,"Local Hit Blocks":0,"Local Read Blocks":0,"Local Dirtied Blocks":0,"Local Written Blocks":0,"Temp Read Blocks":0,"Temp Written Blocks":0,"I/O Read Time":0.0,"I/O Write Time":0.0,"Temp I/O Read Time":0.0,"Temp I/O Write Time":0.0}]}]}]}]}]},"Planning":{"Shared Hit Blocks":16,"Shared Read Blocks":0,"Shared Dirtied Blocks":0,"Shared Written Blocks":0,"Local Hit Blocks":0,"Local Read Blocks":0,"Local Dirtied Blocks":0,"Local Written Blocks":0,"Temp Read Blocks":0,"Temp Written Blocks":0,"I/O Read Time":0.0,"I/O Write Time":0.0,"Temp I/O Read Time":0.0,"Temp I/O Write Time":0.0},"Planning Time":5.326,"Triggers":[],"Execution Time":16435.123}]
[列存组合]: customer, orders, supplier
[{"Plan":{"Node Type":"Sort","Parallel Aware":false,"Async Capable":false,"Startup Cost":2010681.59,"Total Cost":2010681.74,"Plan Rows":62,"Plan Width":40,"Actual Startup Time":16401.981,"Actual Total Time":16402.007,"Actual Rows":11,"Actual Loops":1,"Output":["nation.n_name","(sum(order_line.ol_amount))"],"Sort Key":["(sum(order_line.ol_amount)) DESC"],"Sort Method":"quicksort","Sort Space Used":25,"Sort Space Type":"Memory","Shared Hit Blocks":368224,"Shared Read Blocks":0,"Shared Dirtied Blocks":0,"Shared Written Blocks":0,"Local Hit Blocks":0,"Local Read Blocks":0,"Local Dirtied Blocks":0,"Local Written Blocks":0,"Temp Read Blocks":129460,"Temp Written Blocks":129487,"I/O Read Time":0.0,"I/O Write Time":0.0,"Temp I/O Read Time":197.886,"Temp I/O Write Time":506.186,"Plans":[{"Node Type":"Aggregate","Strategy":"Sorted","Partial Mode":"Simple","Parent Relationship":"Outer","Parallel Aware":false,"Async Capable":false,"Startup Cost":2010605.8,"Total Cost":2010679.74,"Plan Rows":62,"Plan Width":40,"Actual Startup Time":16399.177,"Actual Total Time":16401.991,"Actual Rows":11,"Actual Loops":1,"Output":["nation.n_name","sum(order_line.ol_amount)"],"Group Key":["nation.n_name"],"Shared Hit Blocks":368224,"Shared Read Blocks":0,"Shared Dirtied Blocks":0,"Shared Written Blocks":0,"Local Hit Blocks":0,"Local Read Blocks":0,"Local Dirtied Blocks":0,"Local Written Blocks":0,"Temp Read Blocks":129460,"Temp Written Blocks":129487,"I/O Read Time":0.0,"I/O Write Time":0.0,"Temp I/O Read Time":197.886,"Temp I/O Write Time":506.186,"Plans":[{"Node Type":"Sort","Parent Relationship":"Outer","Parallel Aware":false,"Async Capable":false,"Startup Cost":2010605.8,"Total Cost":2010630.19,"Plan Rows":9755,"Plan Width":12,"Actual Startup Time":16398.969,"Actual Total Time":16399.737,"Actual Rows":17493,"Actual Loops":1,"Output":["nation.n_name","order_line.ol_amount"],"Sort Key":["nation.n_name"],"Sort Method":"quicksort","Sort Space Used":1725,"Sort Space Type":"Memory","Shared Hit Blocks":368224,"Shared Read Blocks":0,"Shared Dirtied Blocks":0,"Shared Written Blocks":0,"Local Hit Blocks":0,"Local Read Blocks":0,"Local Dirtied Blocks":0,"Local Written Blocks":0,"Temp Read Blocks":129460,"Temp Written Blocks":129487,"I/O Read Time":0.0,"I/O Write Time":0.0,"Temp I/O Read Time":197.886,"Temp I/O Write Time":506.186,"Plans":[{"Node Type":"Hash Join","Parent Relationship":"Outer","Parallel Aware":false,"Async Capable":false,"Join Type":"Inner","Startup Cost":1686462.53,"Total Cost":2009959.44,"Plan Rows":9755,"Plan Width":12,"Actual Startup Time":14550.182,"Actual Total Time":16389.957,"Actual Rows":17493,"Actual Loops":1,"Output":["nation.n_name","order_line.ol_amount"],"Inner Unique":true,"Hash Cond":"((mod((stock.s_w_id * stock.s_i_id), 10000) = supplier.su_suppkey) AND (customer.c_nationkey = supplier.su_nationkey))","Shared Hit Blocks":368224,"Shared Read Blocks":0,"Shared Dirtied Blocks":0,"Shared Written Blocks":0,"Local Hit Blocks":0,"Local Read Blocks":0,"Local Dirtied Blocks":0,"Local Written Blocks":0,"Temp Read Blocks":129460,"Temp Written Blocks":129487,"I/O Read Time":0.0,"I/O Write Time":0.0,"Temp I/O Read Time":197.886,"Temp I/O Write Time":506.186,"Plans":[{"Node Type":"Merge Join","Parent Relationship":"Outer","Parallel Aware":false,"Async Capable":false,"Join Type":"Inner","Startup Cost":1686093.5,"Total Cost":2006275.28,"Plan Rows":602749,"Plan Width":26,"Actual Startup Time":14546.685,"Actual Total Time":16248.669,"Actual Rows":1109507,"Actual Loops":1,"Output":["customer.c_nationkey","order_line.ol_amount","stock.s_w_id","stock.s_i_id","nation.n_name","nation.n_nationkey"],"Inner Unique":true,"Merge Cond":"((customer.c_w_id = stock.s_w_id) AND (order_line.ol_i_id = stock.s_i_id))","Shared Hit Blocks":368224,"Shared Read Blocks":0,"Shared Dirtied Blocks":0,"Shared Written Blocks":0,"Local Hit Blocks":0,"Local Read Blocks":0,"Local Dirtied Blocks":0,"Local Written Blocks":0,"Temp Read Blocks":129460,"Temp Written Blocks":129487,"I/O Read Time":0.0,"I/O Write Time":0.0,"Temp I/O Read Time":197.886,"Temp I/O Write Time":506.186,"Plans":[{"Node Type":"Sort","Parent Relationship":"Outer","Parallel Aware":false,"Async Capable":false,"Startup Cost":1686093.07,"Total Cost":1687580.75,"Plan Rows":595073,"Plan Width":30,"Actual Startup Time":14546.623,"Actual Total Time":14726.584,"Actual Rows":1109507,"Actual Loops":1,"Output":["customer.c_w_id","customer.c_nationkey","orders.o_w_id","order_line.ol_amount","order_line.ol_w_id","order_line.ol_i_id","nation.n_name","nation.n_nationkey"],"Sort Key":["customer.c_w_id","order_line.ol_i_id"],"Sort Method":"external merge","Sort Space Used":47304,"Sort Space Type":"Disk","Shared Hit Blocks":340886,"Shared Read Blocks":0,"Shared Dirtied Blocks":0,"Shared Written Blocks":0,"Local Hit Blocks":0,"Local Read Blocks":0,"Local Dirtied Blocks":0,"Local Written Blocks":0,"Temp Read Blocks":129460,"Temp Written Blocks":129487,"I/O Read Time":0.0,"I/O Write Time":0.0,"Temp I/O Read Time":197.886,"Temp I/O Write Time":506.186,"Plans":[{"Node Type":"Hash Join","Parent Relationship":"Outer","Parallel Aware":false,"Async Capable":false,"Join Type":"Inner","Startup Cost":396949.46,"Total Cost":1614779.51,"Plan Rows":595073,"Plan Width":30,"Actual Startup Time":1410.518,"Actual Total Time":13159.045,"Actual Rows":1109507,"Actual Loops":1,"Output":["customer.c_w_id","customer.c_nationkey","orders.o_w_id","order_line.ol_amount","order_line.ol_w_id","order_line.ol_i_id","nation.n_name","nation.n_nationkey"],"Inner Unique":false,"Hash Cond":"(customer.c_nationkey = nation.n_nationkey)","Shared Hit Blocks":340886,"Shared Read Blocks":0,"Shared Dirtied Blocks":0,"Shared Written Blocks":0,"Local Hit Blocks":0,"Local Read Blocks":0,"Local Dirtied Blocks":0,"Local Written Blocks":0,"Temp Read Blocks":117643,"Temp Written Blocks":117643,"I/O Read Time":0.0,"I/O Write Time":0.0,"Temp I/O Read Time":179.985,"Temp I/O Write Time":475.033,"Plans":[{"Node Type":"Hash Join","Parent Relationship":"Outer","Parallel Aware":false,"Async Capable":false,"Join Type":"Inner","Startup Cost":396946.31,"Total Cost":1597859.98,"Plan Rows":2975367,"Plan Width":18,"Actual Startup Time":1401.025,"Actual Total Time":12732.894,"Actual Rows":4284922,"Actual Loops":1,"Output":["customer.c_w_id","customer.c_nationkey","orders.o_w_id","order_line.ol_amount","order_line.ol_w_id","order_line.ol_i_id"],"Inner Unique":true,"Hash Cond":"((orders.o_c_id = customer.c_id) AND (orders.o_w_id = customer.c_w_id) AND (orders.o_d_id = customer.c_d_id))","Shared Hit Blocks":340884,"Shared Read Blocks":0,"Shared Dirtied Blocks":0,"Shared Written Blocks":0,"Local Hit Blocks":0,"Local Read Blocks":0,"Local Dirtied Blocks":0,"Local Written Blocks":0,"Temp Read Blocks":117643,"Temp Written Blocks":117643,"I/O Read Time":0.0,"I/O Write Time":0.0,"Temp I/O Read Time":179.985,"Temp I/O Write Time":475.033,"Plans":[{"Node Type":"Hash Join","Parent Relationship":"Outer","Parallel Aware":false,"Async Capable":false,"Join Type":"Inner","Startup Cost":75291.73,"Total Cost":1203258.36,"Plan Rows":2975367,"Plan Width":20,"Actual Startup Time":243.871,"Actual Total Time":9442.699,"Actual Rows":4284922,"Actual Loops":1,"Output":["orders.o_c_id","orders.o_w_id","orders.o_d_id","order_line.ol_amount","order_line.ol_w_id","order_line.ol_d_id","order_line.ol_i_id"],"Inner Unique":true,"Hash Cond":"((order_line.ol_w_id = orders.o_w_id) AND (order_line.ol_d_id = orders.o_d_id) AND (order_line.ol_o_id = orders.o_id))","Shared Hit Blocks":340884,"Shared Read Blocks":0,"Shared Dirtied Blocks":0,"Shared Written Blocks":0,"Local Hit Blocks":0,"Local Read Blocks":0,"Local Dirtied Blocks":0,"Local Written Blocks":0,"Temp Read Blocks":85996,"Temp Written Blocks":85996,"I/O Read Time":0.0,"I/O Write Time":0.0,"Temp I/O Read Time":130.558,"Temp I/O Write Time":334.341,"Plans":[{"Node Type":"Seq Scan","Parent Relationship":"Outer","Parallel Aware":false,"Async Capable":false,"Relation Name":"order_line","Schema":"public","Alias":"order_line","Startup Cost":0.0,"Total Cost":715856.4,"Plan Rows":20926367,"Plan Width":20,"Actual Startup Time":0.007,"Actual Total Time":3661.572,"Actual Rows":21002151,"Actual Loops":1,"Output":["order_line.ol_amount","order_line.ol_o_id","order_line.ol_w_id","order_line.ol_d_id","order_line.ol_i_id"],"Filter":"(order_line.ol_delivery_d >= '1992-01-02 20:10:02.27764'::timestamp without time zone)","Rows Removed by Filter":8995581,"Shared Hit Blocks":340884,"Shared Read Blocks":0,"Shared Dirtied Blocks":0,"Shared Written Blocks":0,"Local Hit Blocks":0,"Local Read Blocks":0,"Local Dirtied Blocks":0,"Local Written Blocks":0,"Temp Read Blocks":0,"Temp Written Blocks":0,"I/O Read Time":0.0,"I/O Write Time":0.0,"Temp I/O Read Time":0.0,"Temp I/O Write Time":0.0},{"Node Type":"Hash","Parent Relationship":"Inner","Parallel Aware":false,"Async Capable":false,"Startup Cost":65744.12,"Total Cost":65744.12,"Plan Rows":426549,"Plan Width":16,"Actual Startup Time":176.689,"Actual Total Time":176.695,"Actual Rows":428399,"Actual Loops":1,"Output":["orders.o_c_id","orders.o_w_id","orders.o_d_id","orders.o_id"],"Hash Buckets":262144,"Original Hash Buckets":262144,"Hash Batches":4,"Original Hash Batches":4,"Peak Memory Usage":7080,"Shared Hit Blocks":0,"Shared Read Blocks":0,"Shared Dirtied Blocks":0,"Shared Written Blocks":0,"Local Hit Blocks":0,"Local Read Blocks":0,"Local Dirtied Blocks":0,"Local Written Blocks":0,"Temp Read Blocks":0,"Temp Written Blocks":1410,"I/O Read Time":0.0,"I/O Write Time":0.0,"Temp I/O Read Time":0.0,"Temp I/O Write Time":5.595,"Plans":[{"Node Type":"Append","Parent Relationship":"Outer","Parallel Aware":false,"Async Capable":false,"Startup Cost":20.0,"Total Cost":65744.12,"Plan Rows":426549,"Plan Width":16,"Actual Startup Time":0.497,"Actual Total Time":101.722,"Actual Rows":428399,"Actual Loops":1,"Shared Hit Blocks":0,"Shared Read Blocks":0,"Shared Dirtied Blocks":0,"Shared Written Blocks":0,"Local Hit Blocks":0,"Local Read Blocks":0,"Local Dirtied Blocks":0,"Local Written Blocks":0,"Temp Read Blocks":0,"Temp Written Blocks":0,"I/O Read Time":0.0,"I/O Write Time":0.0,"Temp I/O Read Time":0.0,"Temp I/O Write Time":0.0,"Subplans Removed":0,"Plans":[{"Node Type":"Custom Scan","Parent Relationship":"Member","Custom Plan Provider":"columnar scan","Parallel Aware":false,"Async Capable":false,"Relation Name":"orders","Schema":"public","Alias":"orders","Startup Cost":20.0,"Total Cost":10043.96,"Plan Rows":426548,"Plan Width":16,"Actual Startup Time":0.496,"Actual Total Time":71.386,"Actual Rows":428399,"Actual Loops":1,"Output":["orders.o_c_id","orders.o_w_id","orders.o_d_id","orders.o_id"],"Filter":"((orders.o_entry_d < '1994-01-02 20:10:02.27764'::timestamp without time zone) AND (orders.o_entry_d >= '1993-01-02 20:10:02.27764'::timestamp without time zone))","Rows Removed by Filter":0,"Rows Removed by Columnar Filter":2571601,"Columnar cache search mode":"native","Shared Hit Blocks":0,"Shared Read Blocks":0,"Shared Dirtied Blocks":0,"Shared Written Blocks":0,"Local Hit Blocks":0,"Local Read Blocks":0,"Local Dirtied Blocks":0,"Local Written Blocks":0,"Temp Read Blocks":0,"Temp Written Blocks":0,"I/O Read Time":0.0,"I/O Write Time":0.0,"Temp I/O Read Time":0.0,"Temp I/O Write Time":0.0},{"Node Type":"Seq Scan","Parent Relationship":"Member","Parallel Aware":false,"Async Capable":false,"Relation Name":"orders","Schema":"public","Alias":"orders","Startup Cost":0.0,"Total Cost":4.01,"Plan Rows":1,"Plan Width":16,"Actual Startup Time":0.0,"Actual Total Time":0.0,"Actual Rows":0,"Actual Loops":0,"Output":["orders.o_c_id","orders.o_w_id","orders.o_d_id","orders.o_id"],"Filter":"((orders.o_entry_d < '1994-01-02 20:10:02.27764'::timestamp without time zone) AND (orders.o_entry_d >= '1993-01-02 20:10:02.27764'::timestamp without time zone))","Rows Removed by Filter":0,"Shared Hit Blocks":0,"Shared Read Blocks":0,"Shared Dirtied Blocks":0,"Shared Written Blocks":0,"Local Hit Blocks":0,"Local Read Blocks":0,"Local Dirtied Blocks":0,"Local Written Blocks":0,"Temp Read Blocks":0,"Temp Written Blocks":0,"I/O Read Time":0.0,"I/O Write Time":0.0,"Temp I/O Read Time":0.0,"Temp I/O Write Time":0.0}]}]}]},{"Node Type":"Hash","Parent Relationship":"Inner","Parallel Aware":false,"Async Capable":false,"Startup Cost":254511.16,"Total Cost":254511.16,"Plan Rows":2999739,"Plan Width":12,"Actual Startup Time":1154.879,"Actual Total Time":1154.883,"Actual Rows":3000000,"Actual Loops":1,"Output":["customer.c_id","customer.c_w_id","customer.c_d_id","customer.c_nationkey"],"Hash Buckets":262144,"Original Hash Buckets":262144,"Hash Batches":32,"Original Hash Batches":32,"Peak Memory Usage":6090,"Shared Hit Blocks":0,"Shared Read Blocks":0,"Shared Dirtied Blocks":0,"Shared Written Blocks":0,"Local Hit Blocks":0,"Local Read Blocks":0,"Local Dirtied Blocks":0,"Local Written Blocks":0,"Temp Read Blocks":0,"Temp Written Blocks":11335,"I/O Read Time":0.0,"I/O Write Time":0.0,"Temp I/O Read Time":0.0,"Temp I/O Write Time":48.09,"Plans":[{"Node Type":"Append","Parent Relationship":"Outer","Parallel Aware":false,"Async Capable":false,"Startup Cost":20.0,"Total Cost":254511.16,"Plan Rows":2999739,"Plan Width":12,"Actual Startup Time":0.015,"Actual Total Time":653.743,"Actual Rows":3000000,"Actual Loops":1,"Shared Hit Blocks":0,"Shared Read Blocks":0,"Shared Dirtied Blocks":0,"Shared Written Blocks":0,"Local Hit Blocks":0,"Local Read Blocks":0,"Local Dirtied Blocks":0,"Local Written Blocks":0,"Temp Read Blocks":0,"Temp Written Blocks":0,"I/O Read Time":0.0,"I/O Write Time":0.0,"Temp I/O Read Time":0.0,"Temp I/O Write Time":0.0,"Subplans Removed":0,"Plans":[{"Node Type":"Custom Scan","Parent Relationship":"Member","Custom Plan Provider":"columnar scan","Parallel Aware":false,"Async Capable":false,"Relation Name":"customer","Schema":"public","Alias":"customer","Startup Cost":20.0,"Total Cost":70513.87,"Plan Rows":2999738,"Plan Width":12,"Actual Startup Time":0.015,"Actual Total Time":445.404,"Actual Rows":3000000,"Actual Loops":1,"Output":["customer.c_id","customer.c_w_id","customer.c_d_id","customer.c_nationkey"],"Rows Removed by Columnar Filter":0,"Columnar cache search mode":"native","Shared Hit Blocks":0,"Shared Read Blocks":0,"Shared Dirtied Blocks":0,"Shared Written Blocks":0,"Local Hit Blocks":0,"Local Read Blocks":0,"Local Dirtied Blocks":0,"Local Written Blocks":0,"Temp Read Blocks":0,"Temp Written Blocks":0,"I/O Read Time":0.0,"I/O Write Time":0.0,"Temp I/O Read Time":0.0,"Temp I/O Write Time":0.0},{"Node Type":"Seq Scan","Parent Relationship":"Member","Parallel Aware":false,"Async Capable":false,"Relation Name":"customer","Schema":"public","Alias":"customer","Startup Cost":0.0,"Total Cost":4.01,"Plan Rows":1,"Plan Width":12,"Actual Startup Time":0.0,"Actual Total Time":0.0,"Actual Rows":0,"Actual Loops":0,"Output":["customer.c_id","customer.c_w_id","customer.c_d_id","customer.c_nationkey"],"Shared Hit Blocks":0,"Shared Read Blocks":0,"Shared Dirtied Blocks":0,"Shared Written Blocks":0,"Local Hit Blocks":0,"Local Read Blocks":0,"Local Dirtied Blocks":0,"Local Written Blocks":0,"Temp Read Blocks":0,"Temp Written Blocks":0,"I/O Read Time":0.0,"I/O Write Time":0.0,"Temp I/O Read Time":0.0,"Temp I/O Write Time":0.0}]}]}]},{"Node Type":"Hash","Parent Relationship":"Inner","Parallel Aware":false,"Async Capable":false,"Startup Cost":2.99,"Total Cost":2.99,"Plan Rows":12,"Plan Width":12,"Actual Startup Time":0.045,"Actual Total Time":0.05,"Actual Rows":22,"Actual Loops":1,"Output":["nation.n_name","nation.n_nationkey"],"Hash Buckets":1024,"Original Hash Buckets":1024,"Hash Batches":1,"Original Hash Batches":1,"Peak Memory Usage":9,"Shared Hit Blocks":2,"Shared Read Blocks":0,"Shared Dirtied Blocks":0,"Shared Written Blocks":0,"Local Hit Blocks":0,"Local Read Blocks":0,"Local Dirtied Blocks":0,"Local Written Blocks":0,"Temp Read Blocks":0,"Temp Written Blocks":0,"I/O Read Time":0.0,"I/O Write Time":0.0,"Temp I/O Read Time":0.0,"Temp I/O Write Time":0.0,"Plans":[{"Node Type":"Hash Join","Parent Relationship":"Outer","Parallel Aware":false,"Async Capable":false,"Join Type":"Inner","Startup Cost":1.07,"Total Cost":2.99,"Plan Rows":12,"Plan Width":12,"Actual Startup Time":0.029,"Actual Total Time":0.045,"Actual Rows":22,"Actual Loops":1,"Output":["nation.n_name","nation.n_nationkey"],"Inner Unique":true,"Hash Cond":"(nation.n_regionkey = region.r_regionkey)","Shared Hit Blocks":2,"Shared Read Blocks":0,"Shared Dirtied Blocks":0,"Shared Written Blocks":0,"Local Hit Blocks":0,"Local Read Blocks":0,"Local Dirtied Blocks":0,"Local Written Blocks":0,"Temp Read Blocks":0,"Temp Written Blocks":0,"I/O Read Time":0.0,"I/O Write Time":0.0,"Temp I/O Read Time":0.0,"Temp I/O Write Time":0.0,"Plans":[{"Node Type":"Seq Scan","Parent Relationship":"Outer","Parallel Aware":false,"Async Capable":false,"Relation Name":"nation","Schema":"public","Alias":"nation","Startup Cost":0.0,"Total Cost":1.62,"Plan Rows":62,"Plan Width":16,"Actual Startup Time":0.007,"Actual Total Time":0.01,"Actual Rows":62,"Actual Loops":1,"Output":["nation.n_nationkey","nation.n_name","nation.n_regionkey","nation.n_comment"],"Shared Hit Blocks":1,"Shared Read Blocks":0,"Shared Dirtied Blocks":0,"Shared Written Blocks":0,"Local Hit Blocks":0,"Local Read Blocks":0,"Local Dirtied Blocks":0,"Local Written Blocks":0,"Temp Read Blocks":0,"Temp Written Blocks":0,"I/O Read Time":0.0,"I/O Write Time":0.0,"Temp I/O Read Time":0.0,"Temp I/O Write Time":0.0},{"Node Type":"Hash","Parent Relationship":"Inner","Parallel Aware":false,"Async Capable":false,"Startup Cost":1.06,"Total Cost":1.06,"Plan Rows":1,"Plan Width":4,"Actual Startup Time":0.009,"Actual Total Time":0.01,"Actual Rows":1,"Actual Loops":1,"Output":["region.r_regionkey"],"Hash Buckets":1024,"Original Hash Buckets":1024,"Hash Batches":1,"Original Hash Batches":1,"Peak Memory Usage":9,"Shared Hit Blocks":1,"Shared Read Blocks":0,"Shared Dirtied Blocks":0,"Shared Written Blocks":0,"Local Hit Blocks":0,"Local Read Blocks":0,"Local Dirtied Blocks":0,"Local Written Blocks":0,"Temp Read Blocks":0,"Temp Written Blocks":0,"I/O Read Time":0.0,"I/O Write Time":0.0,"Temp I/O Read Time":0.0,"Temp I/O Write Time":0.0,"Plans":[{"Node Type":"Seq Scan","Parent Relationship":"Outer","Parallel Aware":false,"Async Capable":false,"Relation Name":"region","Schema":"public","Alias":"region","Startup Cost":0.0,"Total Cost":1.06,"Plan Rows":1,"Plan Width":4,"Actual Startup Time":0.007,"Actual Total Time":0.007,"Actual Rows":1,"Actual Loops":1,"Output":["region.r_regionkey"],"Filter":"((region.r_name)::text = 'Europe'::text)","Rows Removed by Filter":4,"Shared Hit Blocks":1,"Shared Read Blocks":0,"Shared Dirtied Blocks":0,"Shared Written Blocks":0,"Local Hit Blocks":0,"Local Read Blocks":0,"Local Dirtied Blocks":0,"Local Written Blocks":0,"Temp Read Blocks":0,"Temp Written Blocks":0,"I/O Read Time":0.0,"I/O Write Time":0.0,"Temp I/O Read Time":0.0,"Temp I/O Write Time":0.0}]}]}]}]}]},{"Node Type":"Index Only Scan","Parent Relationship":"Inner","Parallel Aware":false,"Async Capable":false,"Scan Direction":"Forward","Index Name":"stock_pk","Relation Name":"stock","Schema":"public","Alias":"stock","Startup Cost":0.43,"Total Cost":259690.86,"Plan Rows":10000162,"Plan Width":6,"Actual Startup Time":0.049,"Actual Total Time":707.442,"Actual Rows":9999996,"Actual Loops":1,"Output":["stock.s_w_id","stock.s_i_id"],"Heap Fetches":0,"Shared Hit Blocks":27338,"Shared Read Blocks":0,"Shared Dirtied Blocks":0,"Shared Written Blocks":0,"Local Hit Blocks":0,"Local Read Blocks":0,"Local Dirtied Blocks":0,"Local Written Blocks":0,"Temp Read Blocks":0,"Temp Written Blocks":0,"I/O Read Time":0.0,"I/O Write Time":0.0,"Temp I/O Read Time":0.0,"Temp I/O Write Time":0.0}]},{"Node Type":"Hash","Parent Relationship":"Inner","Parallel Aware":false,"Async Capable":false,"Startup Cost":219.01,"Total Cost":219.01,"Plan Rows":10001,"Plan Width":8,"Actual Startup Time":3.077,"Actual Total Time":3.079,"Actual Rows":10000,"Actual Loops":1,"Output":["supplier.su_suppkey","supplier.su_nationkey"],"Hash Buckets":16384,"Original Hash Buckets":16384,"Hash Batches":1,"Original Hash Batches":1,"Peak Memory Usage":519,"Shared Hit Blocks":0,"Shared Read Blocks":0,"Shared Dirtied Blocks":0,"Shared Written Blocks":0,"Local Hit Blocks":0,"Local Read Blocks":0,"Local Dirtied Blocks":0,"Local Written Blocks":0,"Temp Read Blocks":0,"Temp Written Blocks":0,"I/O Read Time":0.0,"I/O Write Time":0.0,"Temp I/O Read Time":0.0,"Temp I/O Write Time":0.0,"Plans":[{"Node Type":"Append","Parent Relationship":"Outer","Parallel Aware":false,"Async Capable":false,"Startup Cost":20.0,"Total Cost":219.01,"Plan Rows":10001,"Plan Width":8,"Actual Startup Time":0.012,"Actual Total Time":1.78,"Actual Rows":10000,"Actual Loops":1,"Shared Hit Blocks":0,"Shared Read Blocks":0,"Shared Dirtied Blocks":0,"Shared Written Blocks":0,"Local Hit Blocks":0,"Local Read Blocks":0,"Local Dirtied Blocks":0,"Local Written Blocks":0,"Temp Read Blocks":0,"Temp Written Blocks":0,"I/O Read Time":0.0,"I/O Write Time":0.0,"Temp I/O Read Time":0.0,"Temp I/O Write Time":0.0,"Subplans Removed":0,"Plans":[{"Node Type":"Custom Scan","Parent Relationship":"Member","Custom Plan Provider":"columnar scan","Parallel Aware":false,"Async Capable":false,"Relation Name":"supplier","Schema":"public","Alias":"supplier","Startup Cost":20.0,"Total Cost":215.0,"Plan Rows":10000,"Plan Width":8,"Actual Startup Time":0.011,"Actual Total Time":1.056,"Actual Rows":10000,"Actual Loops":1,"Output":["supplier.su_suppkey","supplier.su_nationkey"],"Rows Removed by Columnar Filter":0,"Columnar cache search mode":"native","Shared Hit Blocks":0,"Shared Read Blocks":0,"Shared Dirtied Blocks":0,"Shared Written Blocks":0,"Local Hit Blocks":0,"Local Read Blocks":0,"Local Dirtied Blocks":0,"Local Written Blocks":0,"Temp Read Blocks":0,"Temp Written Blocks":0,"I/O Read Time":0.0,"I/O Write Time":0.0,"Temp I/O Read Time":0.0,"Temp I/O Write Time":0.0},{"Node Type":"Seq Scan","Parent Relationship":"Member","Parallel Aware":false,"Async Capable":false,"Relation Name":"supplier","Schema":"public","Alias":"supplier","Startup Cost":0.0,"Total Cost":4.01,"Plan Rows":1,"Plan Width":8,"Actual Startup Time":0.0,"Actual Total Time":0.0,"Actual Rows":0,"Actual Loops":0,"Output":["supplier.su_suppkey","supplier.su_nationkey"],"Shared Hit Blocks":0,"Shared Read Blocks":0,"Shared Dirtied Blocks":0,"Shared Written Blocks":0,"Local Hit Blocks":0,"Local Read Blocks":0,"Local Dirtied Blocks":0,"Local Written Blocks":0,"Temp Read Blocks":0,"Temp Written Blocks":0,"I/O Read Time":0.0,"I/O Write Time":0.0,"Temp I/O Read Time":0.0,"Temp I/O Write Time":0.0}]}]}]}]}]}]},"Planning":{"Shared Hit Blocks":16,"Shared Read Blocks":0,"Shared Dirtied Blocks":0,"Shared Written Blocks":0,"Local Hit Blocks":0,"Local Read Blocks":0,"Local Dirtied Blocks":0,"Local Written Blocks":0,"Temp Read Blocks":0,"Temp Written Blocks":0,"I/O Read Time":0.0,"I/O Write Time":0.0,"Temp I/O Read Time":0.0,"Temp I/O Write Time":0.0},"Planning Time":4.844,"Triggers":[],"Execution Time":16416.932}]
[列存组合]: customer, region, stock
[{"Plan":{"Node Type":"Sort","Parallel Aware":false,"Async Capable":false,"Startup Cost":2012094.43,"Total Cost":2012094.58,"Plan Rows":62,"Plan Width":40,"Actual Startup Time":16607.827,"Actual Total Time":16607.855,"Actual Rows":11,"Actual Loops":1,"Output":["nation.n_name","(sum(order_line.ol_amount))"],"Sort Key":["(sum(order_line.ol_amount)) DESC"],"Sort Method":"quicksort","Sort Space Used":25,"Sort Space Type":"Memory","Shared Hit Blocks":390500,"Shared Read Blocks":0,"Shared Dirtied Blocks":0,"Shared Written Blocks":0,"Local Hit Blocks":0,"Local Read Blocks":0,"Local Dirtied Blocks":0,"Local Written Blocks":0,"Temp Read Blocks":129460,"Temp Written Blocks":129487,"I/O Read Time":0.0,"I/O Write Time":0.0,"Temp I/O Read Time":202.8,"Temp I/O Write Time":520.653,"Plans":[{"Node Type":"Aggregate","Strategy":"Sorted","Partial Mode":"Simple","Parent Relationship":"Outer","Parallel Aware":false,"Async Capable":false,"Startup Cost":2012018.64,"Total Cost":2012092.58,"Plan Rows":62,"Plan Width":40,"Actual Startup Time":16604.96,"Actual Total Time":16607.84,"Actual Rows":11,"Actual Loops":1,"Output":["nation.n_name","sum(order_line.ol_amount)"],"Group Key":["nation.n_name"],"Shared Hit Blocks":390500,"Shared Read Blocks":0,"Shared Dirtied Blocks":0,"Shared Written Blocks":0,"Local Hit Blocks":0,"Local Read Blocks":0,"Local Dirtied Blocks":0,"Local Written Blocks":0,"Temp Read Blocks":129460,"Temp Written Blocks":129487,"I/O Read Time":0.0,"I/O Write Time":0.0,"Temp I/O Read Time":202.8,"Temp I/O Write Time":520.653,"Plans":[{"Node Type":"Sort","Parent Relationship":"Outer","Parallel Aware":false,"Async Capable":false,"Startup Cost":2012018.64,"Total Cost":2012043.03,"Plan Rows":9755,"Plan Width":12,"Actual Startup Time":16604.751,"Actual Total Time":16605.549,"Actual Rows":17493,"Actual Loops":1,"Output":["nation.n_name","order_line.ol_amount"],"Sort Key":["nation.n_name"],"Sort Method":"quicksort","Sort Space Used":1725,"Sort Space Type":"Memory","Shared Hit Blocks":390500,"Shared Read Blocks":0,"Shared Dirtied Blocks":0,"Shared Written Blocks":0,"Local Hit Blocks":0,"Local Read Blocks":0,"Local Dirtied Blocks":0,"Local Written Blocks":0,"Temp Read Blocks":129460,"Temp Written Blocks":129487,"I/O Read Time":0.0,"I/O Write Time":0.0,"Temp I/O Read Time":202.8,"Temp I/O Write Time":520.653,"Plans":[{"Node Type":"Hash Join","Parent Relationship":"Outer","Parallel Aware":false,"Async Capable":false,"Join Type":"Inner","Startup Cost":1687875.37,"Total Cost":2011372.28,"Plan Rows":9755,"Plan Width":12,"Actual Startup Time":14712.766,"Actual Total Time":16595.758,"Actual Rows":17493,"Actual Loops":1,"Output":["nation.n_name","order_line.ol_amount"],"Inner Unique":true,"Hash Cond":"((mod((stock.s_w_id * stock.s_i_id), 10000) = supplier.su_suppkey) AND (customer.c_nationkey = supplier.su_nationkey))","Shared Hit Blocks":390500,"Shared Read Blocks":0,"Shared Dirtied Blocks":0,"Shared Written Blocks":0,"Local Hit Blocks":0,"Local Read Blocks":0,"Local Dirtied Blocks":0,"Local Written Blocks":0,"Temp Read Blocks":129460,"Temp Written Blocks":129487,"I/O Read Time":0.0,"I/O Write Time":0.0,"Temp I/O Read Time":202.8,"Temp I/O Write Time":520.653,"Plans":[{"Node Type":"Merge Join","Parent Relationship":"Outer","Parallel Aware":false,"Async Capable":false,"Join Type":"Inner","Startup Cost":1687408.37,"Total Cost":2007590.15,"Plan Rows":602749,"Plan Width":26,"Actual Startup Time":14709.628,"Actual Total Time":16454.643,"Actual Rows":1109507,"Actual Loops":1,"Output":["customer.c_nationkey","order_line.ol_amount","stock.s_w_id","stock.s_i_id","nation.n_name","nation.n_nationkey"],"Inner Unique":true,"Merge Cond":"((customer.c_w_id = stock.s_w_id) AND (order_line.ol_i_id = stock.s_i_id))","Shared Hit Blocks":390283,"Shared Read Blocks":0,"Shared Dirtied Blocks":0,"Shared Written Blocks":0,"Local Hit Blocks":0,"Local Read Blocks":0,"Local Dirtied Blocks":0,"Local Written Blocks":0,"Temp Read Blocks":129460,"Temp Written Blocks":129487,"I/O Read Time":0.0,"I/O Write Time":0.0,"Temp I/O Read Time":202.8,"Temp I/O Write Time":520.653,"Plans":[{"Node Type":"Sort","Parent Relationship":"Outer","Parallel Aware":false,"Async Capable":false,"Startup Cost":1687407.93,"Total Cost":1688895.62,"Plan Rows":595073,"Plan Width":30,"Actual Startup Time":14709.566,"Actual Total Time":14891.176,"Actual Rows":1109507,"Actual Loops":1,"Output":["customer.c_w_id","customer.c_nationkey","orders.o_w_id","order_line.ol_amount","order_line.ol_w_id","order_line.ol_i_id","nation.n_name","nation.n_nationkey"],"Sort Key":["customer.c_w_id","order_line.ol_i_id"],"Sort Method":"external merge","Sort Space Used":47304,"Sort Space Type":"Disk","Shared Hit Blocks":362945,"Shared Read Blocks":0,"Shared Dirtied Blocks":0,"Shared Written Blocks":0,"Local Hit Blocks":0,"Local Read Blocks":0,"Local Dirtied Blocks":0,"Local Written Blocks":0,"Temp Read Blocks":129460,"Temp Written Blocks":129487,"I/O Read Time":0.0,"I/O Write Time":0.0,"Temp I/O Read Time":202.8,"Temp I/O Write Time":520.653,"Plans":[{"Node Type":"Hash Join","Parent Relationship":"Outer","Parallel Aware":false,"Async Capable":false,"Join Type":"Inner","Startup Cost":398264.32,"Total Cost":1616094.38,"Plan Rows":595073,"Plan Width":30,"Actual Startup Time":1543.102,"Actual Total Time":13323.913,"Actual Rows":1109507,"Actual Loops":1,"Output":["customer.c_w_id","customer.c_nationkey","orders.o_w_id","order_line.ol_amount","order_line.ol_w_id","order_line.ol_i_id","nation.n_name","nation.n_nationkey"],"Inner Unique":false,"Hash Cond":"(customer.c_nationkey = nation.n_nationkey)","Shared Hit Blocks":362945,"Shared Read Blocks":0,"Shared Dirtied Blocks":0,"Shared Written Blocks":0,"Local Hit Blocks":0,"Local Read Blocks":0,"Local Dirtied Blocks":0,"Local Written Blocks":0,"Temp Read Blocks":117643,"Temp Written Blocks":117643,"I/O Read Time":0.0,"I/O Write Time":0.0,"Temp I/O Read Time":185.095,"Temp I/O Write Time":489.514,"Plans":[{"Node Type":"Hash Join","Parent Relationship":"Outer","Parallel Aware":false,"Async Capable":false,"Join Type":"Inner","Startup Cost":398261.18,"Total Cost":1599174.84,"Plan Rows":2975367,"Plan Width":18,"Actual Startup Time":1533.598,"Actual Total Time":12887.768,"Actual Rows":4284922,"Actual Loops":1,"Output":["customer.c_w_id","customer.c_nationkey","orders.o_w_id","order_line.ol_amount","order_line.ol_w_id","order_line.ol_i_id"],"Inner Unique":true,"Hash Cond":"((orders.o_c_id = customer.c_id) AND (orders.o_w_id = customer.c_w_id) AND (orders.o_d_id = customer.c_d_id))","Shared Hit Blocks":362943,"Shared Read Blocks":0,"Shared Dirtied Blocks":0,"Shared Written Blocks":0,"Local Hit Blocks":0,"Local Read Blocks":0,"Local Dirtied Blocks":0,"Local Written Blocks":0,"Temp Read Blocks":117643,"Temp Written Blocks":117643,"I/O Read Time":0.0,"I/O Write Time":0.0,"Temp I/O Read Time":185.095,"Temp I/O Write Time":489.514,"Plans":[{"Node Type":"Hash Join","Parent Relationship":"Outer","Parallel Aware":false,"Async Capable":false,"Join Type":"Inner","Startup Cost":76606.59,"Total Cost":1204573.22,"Plan Rows":2975367,"Plan Width":20,"Actual Startup Time":363.286,"Actual Total Time":9595.312,"Actual Rows":4284922,"Actual Loops":1,"Output":["orders.o_c_id","orders.o_w_id","orders.o_d_id","order_line.ol_amount","order_line.ol_w_id","order_line.ol_d_id","order_line.ol_i_id"],"Inner Unique":true,"Hash Cond":"((order_line.ol_w_id = orders.o_w_id) AND (order_line.ol_d_id = orders.o_d_id) AND (order_line.ol_o_id = orders.o_id))","Shared Hit Blocks":362943,"Shared Read Blocks":0,"Shared Dirtied Blocks":0,"Shared Written Blocks":0,"Local Hit Blocks":0,"Local Read Blocks":0,"Local Dirtied Blocks":0,"Local Written Blocks":0,"Temp Read Blocks":85996,"Temp Written Blocks":85996,"I/O Read Time":0.0,"I/O Write Time":0.0,"Temp I/O Read Time":135.266,"Temp I/O Write Time":346.353,"Plans":[{"Node Type":"Seq Scan","Parent Relationship":"Outer","Parallel Aware":false,"Async Capable":false,"Relation Name":"order_line","Schema":"public","Alias":"order_line","Startup Cost":0.0,"Total Cost":715856.4,"Plan Rows":20926367,"Plan Width":20,"Actual Startup Time":0.007,"Actual Total Time":3665.691,"Actual Rows":21002151,"Actual Loops":1,"Output":["order_line.ol_amount","order_line.ol_o_id","order_line.ol_w_id","order_line.ol_d_id","order_line.ol_i_id"],"Filter":"(order_line.ol_delivery_d >= '1992-01-02 20:10:02.27764'::timestamp without time zone)","Rows Removed by Filter":8995581,"Shared Hit Blocks":340884,"Shared Read Blocks":0,"Shared Dirtied Blocks":0,"Shared Written Blocks":0,"Local Hit Blocks":0,"Local Read Blocks":0,"Local Dirtied Blocks":0,"Local Written Blocks":0,"Temp Read Blocks":0,"Temp Written Blocks":0,"I/O Read Time":0.0,"I/O Write Time":0.0,"Temp I/O Read Time":0.0,"Temp I/O Write Time":0.0},{"Node Type":"Hash","Parent Relationship":"Inner","Parallel Aware":false,"Async Capable":false,"Startup Cost":67059.0,"Total Cost":67059.0,"Plan Rows":426548,"Plan Width":16,"Actual Startup Time":295.836,"Actual Total Time":295.842,"Actual Rows":428399,"Actual Loops":1,"Output":["orders.o_c_id","orders.o_w_id","orders.o_d_id","orders.o_id"],"Hash Buckets":262144,"Original Hash Buckets":262144,"Hash Batches":4,"Original Hash Batches":4,"Peak Memory Usage":7080,"Shared Hit Blocks":22059,"Shared Read Blocks":0,"Shared Dirtied Blocks":0,"Shared Written Blocks":0,"Local Hit Blocks":0,"Local Read Blocks":0,"Local Dirtied Blocks":0,"Local Written Blocks":0,"Temp Read Blocks":0,"Temp Written Blocks":1410,"I/O Read Time":0.0,"I/O Write Time":0.0,"Temp I/O Read Time":0.0,"Temp I/O Write Time":6.299,"Plans":[{"Node Type":"Seq Scan","Parent Relationship":"Outer","Parallel Aware":false,"Async Capable":false,"Relation Name":"orders","Schema":"public","Alias":"orders","Startup Cost":0.0,"Total Cost":67059.0,"Plan Rows":426548,"Plan Width":16,"Actual Startup Time":0.772,"Actual Total Time":219.656,"Actual Rows":428399,"Actual Loops":1,"Output":["orders.o_c_id","orders.o_w_id","orders.o_d_id","orders.o_id"],"Filter":"((orders.o_entry_d >= '1993-01-02 20:10:02.27764'::timestamp without time zone) AND (orders.o_entry_d < '1994-01-02 20:10:02.27764'::timestamp without time zone))","Rows Removed by Filter":2571601,"Shared Hit Blocks":22059,"Shared Read Blocks":0,"Shared Dirtied Blocks":0,"Shared Written Blocks":0,"Local Hit Blocks":0,"Local Read Blocks":0,"Local Dirtied Blocks":0,"Local Written Blocks":0,"Temp Read Blocks":0,"Temp Written Blocks":0,"I/O Read Time":0.0,"I/O Write Time":0.0,"Temp I/O Read Time":0.0,"Temp I/O Write Time":0.0}]}]},{"Node Type":"Hash","Parent Relationship":"Inner","Parallel Aware":false,"Async Capable":false,"Startup Cost":254511.16,"Total Cost":254511.16,"Plan Rows":2999739,"Plan Width":12,"Actual Startup Time":1168.025,"Actual Total Time":1168.033,"Actual Rows":3000000,"Actual Loops":1,"Output":["customer.c_id","customer.c_w_id","customer.c_d_id","customer.c_nationkey"],"Hash Buckets":262144,"Original Hash Buckets":262144,"Hash Batches":32,"Original Hash Batches":32,"Peak Memory Usage":6090,"Shared Hit Blocks":0,"Shared Read Blocks":0,"Shared Dirtied Blocks":0,"Shared Written Blocks":0,"Local Hit Blocks":0,"Local Read Blocks":0,"Local Dirtied Blocks":0,"Local Written Blocks":0,"Temp Read Blocks":0,"Temp Written Blocks":11335,"I/O Read Time":0.0,"I/O Write Time":0.0,"Temp I/O Read Time":0.0,"Temp I/O Write Time":49.919,"Plans":[{"Node Type":"Append","Parent Relationship":"Outer","Parallel Aware":false,"Async Capable":false,"Startup Cost":20.0,"Total Cost":254511.16,"Plan Rows":2999739,"Plan Width":12,"Actual Startup Time":0.032,"Actual Total Time":664.732,"Actual Rows":3000000,"Actual Loops":1,"Shared Hit Blocks":0,"Shared Read Blocks":0,"Shared Dirtied Blocks":0,"Shared Written Blocks":0,"Local Hit Blocks":0,"Local Read Blocks":0,"Local Dirtied Blocks":0,"Local Written Blocks":0,"Temp Read Blocks":0,"Temp Written Blocks":0,"I/O Read Time":0.0,"I/O Write Time":0.0,"Temp I/O Read Time":0.0,"Temp I/O Write Time":0.0,"Subplans Removed":0,"Plans":[{"Node Type":"Custom Scan","Parent Relationship":"Member","Custom Plan Provider":"columnar scan","Parallel Aware":false,"Async Capable":false,"Relation Name":"customer","Schema":"public","Alias":"customer","Startup Cost":20.0,"Total Cost":70513.87,"Plan Rows":2999738,"Plan Width":12,"Actual Startup Time":0.031,"Actual Total Time":454.816,"Actual Rows":3000000,"Actual Loops":1,"Output":["customer.c_id","customer.c_w_id","customer.c_d_id","customer.c_nationkey"],"Rows Removed by Columnar Filter":0,"Columnar cache search mode":"native","Shared Hit Blocks":0,"Shared Read Blocks":0,"Shared Dirtied Blocks":0,"Shared Written Blocks":0,"Local Hit Blocks":0,"Local Read Blocks":0,"Local Dirtied Blocks":0,"Local Written Blocks":0,"Temp Read Blocks":0,"Temp Written Blocks":0,"I/O Read Time":0.0,"I/O Write Time":0.0,"Temp I/O Read Time":0.0,"Temp I/O Write Time":0.0},{"Node Type":"Seq Scan","Parent Relationship":"Member","Parallel Aware":false,"Async Capable":false,"Relation Name":"customer","Schema":"public","Alias":"customer","Startup Cost":0.0,"Total Cost":4.01,"Plan Rows":1,"Plan Width":12,"Actual Startup Time":0.0,"Actual Total Time":0.0,"Actual Rows":0,"Actual Loops":0,"Output":["customer.c_id","customer.c_w_id","customer.c_d_id","customer.c_nationkey"],"Shared Hit Blocks":0,"Shared Read Blocks":0,"Shared Dirtied Blocks":0,"Shared Written Blocks":0,"Local Hit Blocks":0,"Local Read Blocks":0,"Local Dirtied Blocks":0,"Local Written Blocks":0,"Temp Read Blocks":0,"Temp Written Blocks":0,"I/O Read Time":0.0,"I/O Write Time":0.0,"Temp I/O Read Time":0.0,"Temp I/O Write Time":0.0}]}]}]},{"Node Type":"Hash","Parent Relationship":"Inner","Parallel Aware":false,"Async Capable":false,"Startup Cost":2.99,"Total Cost":2.99,"Plan Rows":12,"Plan Width":12,"Actual Startup Time":0.039,"Actual Total Time":0.043,"Actual Rows":22,"Actual Loops":1,"Output":["nation.n_name","nation.n_nationkey"],"Hash Buckets":1024,"Original Hash Buckets":1024,"Hash Batches":1,"Original Hash Batches":1,"Peak Memory Usage":9,"Shared Hit Blocks":2,"Shared Read Blocks":0,"Shared Dirtied Blocks":0,"Shared Written Blocks":0,"Local Hit Blocks":0,"Local Read Blocks":0,"Local Dirtied Blocks":0,"Local Written Blocks":0,"Temp Read Blocks":0,"Temp Written Blocks":0,"I/O Read Time":0.0,"I/O Write Time":0.0,"Temp I/O Read Time":0.0,"Temp I/O Write Time":0.0,"Plans":[{"Node Type":"Hash Join","Parent Relationship":"Outer","Parallel Aware":false,"Async Capable":false,"Join Type":"Inner","Startup Cost":1.07,"Total Cost":2.99,"Plan Rows":12,"Plan Width":12,"Actual Startup Time":0.022,"Actual Total Time":0.037,"Actual Rows":22,"Actual Loops":1,"Output":["nation.n_name","nation.n_nationkey"],"Inner Unique":true,"Hash Cond":"(nation.n_regionkey = region.r_regionkey)","Shared Hit Blocks":2,"Shared Read Blocks":0,"Shared Dirtied Blocks":0,"Shared Written Blocks":0,"Local Hit Blocks":0,"Local Read Blocks":0,"Local Dirtied Blocks":0,"Local Written Blocks":0,"Temp Read Blocks":0,"Temp Written Blocks":0,"I/O Read Time":0.0,"I/O Write Time":0.0,"Temp I/O Read Time":0.0,"Temp I/O Write Time":0.0,"Plans":[{"Node Type":"Seq Scan","Parent Relationship":"Outer","Parallel Aware":false,"Async Capable":false,"Relation Name":"nation","Schema":"public","Alias":"nation","Startup Cost":0.0,"Total Cost":1.62,"Plan Rows":62,"Plan Width":16,"Actual Startup Time":0.005,"Actual Total Time":0.008,"Actual Rows":62,"Actual Loops":1,"Output":["nation.n_nationkey","nation.n_name","nation.n_regionkey","nation.n_comment"],"Shared Hit Blocks":1,"Shared Read Blocks":0,"Shared Dirtied Blocks":0,"Shared Written Blocks":0,"Local Hit Blocks":0,"Local Read Blocks":0,"Local Dirtied Blocks":0,"Local Written Blocks":0,"Temp Read Blocks":0,"Temp Written Blocks":0,"I/O Read Time":0.0,"I/O Write Time":0.0,"Temp I/O Read Time":0.0,"Temp I/O Write Time":0.0},{"Node Type":"Hash","Parent Relationship":"Inner","Parallel Aware":false,"Async Capable":false,"Startup Cost":1.06,"Total Cost":1.06,"Plan Rows":1,"Plan Width":4,"Actual Startup Time":0.008,"Actual Total Time":0.009,"Actual Rows":1,"Actual Loops":1,"Output":["region.r_regionkey"],"Hash Buckets":1024,"Original Hash Buckets":1024,"Hash Batches":1,"Original Hash Batches":1,"Peak Memory Usage":9,"Shared Hit Blocks":1,"Shared Read Blocks":0,"Shared Dirtied Blocks":0,"Shared Written Blocks":0,"Local Hit Blocks":0,"Local Read Blocks":0,"Local Dirtied Blocks":0,"Local Written Blocks":0,"Temp Read Blocks":0,"Temp Written Blocks":0,"I/O Read Time":0.0,"I/O Write Time":0.0,"Temp I/O Read Time":0.0,"Temp I/O Write Time":0.0,"Plans":[{"Node Type":"Seq Scan","Parent Relationship":"Outer","Parallel Aware":false,"Async Capable":false,"Relation Name":"region","Schema":"public","Alias":"region","Startup Cost":0.0,"Total Cost":1.06,"Plan Rows":1,"Plan Width":4,"Actual Startup Time":0.006,"Actual Total Time":0.007,"Actual Rows":1,"Actual Loops":1,"Output":["region.r_regionkey"],"Filter":"((region.r_name)::text = 'Europe'::text)","Rows Removed by Filter":4,"Shared Hit Blocks":1,"Shared Read Blocks":0,"Shared Dirtied Blocks":0,"Shared Written Blocks":0,"Local Hit Blocks":0,"Local Read Blocks":0,"Local Dirtied Blocks":0,"Local Written Blocks":0,"Temp Read Blocks":0,"Temp Written Blocks":0,"I/O Read Time":0.0,"I/O Write Time":0.0,"Temp I/O Read Time":0.0,"Temp I/O Write Time":0.0}]}]}]}]}]},{"Node Type":"Index Only Scan","Parent Relationship":"Inner","Parallel Aware":false,"Async Capable":false,"Scan Direction":"Forward","Index Name":"stock_pk","Relation Name":"stock","Schema":"public","Alias":"stock","Startup Cost":0.43,"Total Cost":259690.86,"Plan Rows":10000162,"Plan Width":6,"Actual Startup Time":0.05,"Actual Total Time":749.326,"Actual Rows":9999996,"Actual Loops":1,"Output":["stock.s_w_id","stock.s_i_id"],"Heap Fetches":0,"Shared Hit Blocks":27338,"Shared Read Blocks":0,"Shared Dirtied Blocks":0,"Shared Written Blocks":0,"Local Hit Blocks":0,"Local Read Blocks":0,"Local Dirtied Blocks":0,"Local Written Blocks":0,"Temp Read Blocks":0,"Temp Written Blocks":0,"I/O Read Time":0.0,"I/O Write Time":0.0,"Temp I/O Read Time":0.0,"Temp I/O Write Time":0.0}]},{"Node Type":"Hash","Parent Relationship":"Inner","Parallel Aware":false,"Async Capable":false,"Startup Cost":317.0,"Total Cost":317.0,"Plan Rows":10000,"Plan Width":8,"Actual Startup Time":2.709,"Actual Total Time":2.709,"Actual Rows":10000,"Actual Loops":1,"Output":["supplier.su_suppkey","supplier.su_nationkey"],"Hash Buckets":16384,"Original Hash Buckets":16384,"Hash Batches":1,"Original Hash Batches":1,"Peak Memory Usage":519,"Shared Hit Blocks":217,"Shared Read Blocks":0,"Shared Dirtied Blocks":0,"Shared Written Blocks":0,"Local Hit Blocks":0,"Local Read Blocks":0,"Local Dirtied Blocks":0,"Local Written Blocks":0,"Temp Read Blocks":0,"Temp Written Blocks":0,"I/O Read Time":0.0,"I/O Write Time":0.0,"Temp I/O Read Time":0.0,"Temp I/O Write Time":0.0,"Plans":[{"Node Type":"Seq Scan","Parent Relationship":"Outer","Parallel Aware":false,"Async Capable":false,"Relation Name":"supplier","Schema":"public","Alias":"supplier","Startup Cost":0.0,"Total Cost":317.0,"Plan Rows":10000,"Plan Width":8,"Actual Startup Time":0.01,"Actual Total Time":1.287,"Actual Rows":10000,"Actual Loops":1,"Output":["supplier.su_suppkey","supplier.su_nationkey"],"Shared Hit Blocks":217,"Shared Read Blocks":0,"Shared Dirtied Blocks":0,"Shared Written Blocks":0,"Local Hit Blocks":0,"Local Read Blocks":0,"Local Dirtied Blocks":0,"Local Written Blocks":0,"Temp Read Blocks":0,"Temp Written Blocks":0,"I/O Read Time":0.0,"I/O Write Time":0.0,"Temp I/O Read Time":0.0,"Temp I/O Write Time":0.0}]}]}]}]}]},"Planning":{"Shared Hit Blocks":16,"Shared Read Blocks":0,"Shared Dirtied Blocks":0,"Shared Written Blocks":0,"Local Hit Blocks":0,"Local Read Blocks":0,"Local Dirtied Blocks":0,"Local Written Blocks":0,"Temp Read Blocks":0,"Temp Written Blocks":0,"I/O Read Time":0.0,"I/O Write Time":0.0,"Temp I/O Read Time":0.0,"Temp I/O Write Time":0.0},"Planning Time":5.189,"Triggers":[],"Execution Time":16616.044}]
[列存组合]: customer, region, supplier
[{"Plan":{"Node Type":"Sort","Parallel Aware":false,"Async Capable":false,"Startup Cost":2011996.45,"Total Cost":2011996.61,"Plan Rows":62,"Plan Width":40,"Actual Startup Time":16654.081,"Actual Total Time":16654.104,"Actual Rows":11,"Actual Loops":1,"Output":["nation.n_name","(sum(order_line.ol_amount))"],"Sort Key":["(sum(order_line.ol_amount)) DESC"],"Sort Method":"quicksort","Sort Space Used":25,"Sort Space Type":"Memory","Shared Hit Blocks":390283,"Shared Read Blocks":0,"Shared Dirtied Blocks":0,"Shared Written Blocks":0,"Local Hit Blocks":0,"Local Read Blocks":0,"Local Dirtied Blocks":0,"Local Written Blocks":0,"Temp Read Blocks":129460,"Temp Written Blocks":129487,"I/O Read Time":0.0,"I/O Write Time":0.0,"Temp I/O Read Time":209.37,"Temp I/O Write Time":516.371,"Plans":[{"Node Type":"Aggregate","Strategy":"Sorted","Partial Mode":"Simple","Parent Relationship":"Outer","Parallel Aware":false,"Async Capable":false,"Startup Cost":2011920.67,"Total Cost":2011994.61,"Plan Rows":62,"Plan Width":40,"Actual Startup Time":16651.16,"Actual Total Time":16654.089,"Actual Rows":11,"Actual Loops":1,"Output":["nation.n_name","sum(order_line.ol_amount)"],"Group Key":["nation.n_name"],"Shared Hit Blocks":390283,"Shared Read Blocks":0,"Shared Dirtied Blocks":0,"Shared Written Blocks":0,"Local Hit Blocks":0,"Local Read Blocks":0,"Local Dirtied Blocks":0,"Local Written Blocks":0,"Temp Read Blocks":129460,"Temp Written Blocks":129487,"I/O Read Time":0.0,"I/O Write Time":0.0,"Temp I/O Read Time":209.37,"Temp I/O Write Time":516.371,"Plans":[{"Node Type":"Sort","Parent Relationship":"Outer","Parallel Aware":false,"Async Capable":false,"Startup Cost":2011920.67,"Total Cost":2011945.06,"Plan Rows":9755,"Plan Width":12,"Actual Startup Time":16650.906,"Actual Total Time":16651.706,"Actual Rows":17493,"Actual Loops":1,"Output":["nation.n_name","order_line.ol_amount"],"Sort Key":["nation.n_name"],"Sort Method":"quicksort","Sort Space Used":1725,"Sort Space Type":"Memory","Shared Hit Blocks":390283,"Shared Read Blocks":0,"Shared Dirtied Blocks":0,"Shared Written Blocks":0,"Local Hit Blocks":0,"Local Read Blocks":0,"Local Dirtied Blocks":0,"Local Written Blocks":0,"Temp Read Blocks":129460,"Temp Written Blocks":129487,"I/O Read Time":0.0,"I/O Write Time":0.0,"Temp I/O Read Time":209.37,"Temp I/O Write Time":516.371,"Plans":[{"Node Type":"Hash Join","Parent Relationship":"Outer","Parallel Aware":false,"Async Capable":false,"Join Type":"Inner","Startup Cost":1687777.4,"Total Cost":2011274.31,"Plan Rows":9755,"Plan Width":12,"Actual Startup Time":14757.277,"Actual Total Time":16641.877,"Actual Rows":17493,"Actual Loops":1,"Output":["nation.n_name","order_line.ol_amount"],"Inner Unique":true,"Hash Cond":"((mod((stock.s_w_id * stock.s_i_id), 10000) = supplier.su_suppkey) AND (customer.c_nationkey = supplier.su_nationkey))","Shared Hit Blocks":390283,"Shared Read Blocks":0,"Shared Dirtied Blocks":0,"Shared Written Blocks":0,"Local Hit Blocks":0,"Local Read Blocks":0,"Local Dirtied Blocks":0,"Local Written Blocks":0,"Temp Read Blocks":129460,"Temp Written Blocks":129487,"I/O Read Time":0.0,"I/O Write Time":0.0,"Temp I/O Read Time":209.37,"Temp I/O Write Time":516.371,"Plans":[{"Node Type":"Merge Join","Parent Relationship":"Outer","Parallel Aware":false,"Async Capable":false,"Join Type":"Inner","Startup Cost":1687408.37,"Total Cost":2007590.15,"Plan Rows":602749,"Plan Width":26,"Actual Startup Time":14753.758,"Actual Total Time":16497.581,"Actual Rows":1109507,"Actual Loops":1,"Output":["customer.c_nationkey","order_line.ol_amount","stock.s_w_id","stock.s_i_id","nation.n_name","nation.n_nationkey"],"Inner Unique":true,"Merge Cond":"((customer.c_w_id = stock.s_w_id) AND (order_line.ol_i_id = stock.s_i_id))","Shared Hit Blocks":390283,"Shared Read Blocks":0,"Shared Dirtied Blocks":0,"Shared Written Blocks":0,"Local Hit Blocks":0,"Local Read Blocks":0,"Local Dirtied Blocks":0,"Local Written Blocks":0,"Temp Read Blocks":129460,"Temp Written Blocks":129487,"I/O Read Time":0.0,"I/O Write Time":0.0,"Temp I/O Read Time":209.37,"Temp I/O Write Time":516.371,"Plans":[{"Node Type":"Sort","Parent Relationship":"Outer","Parallel Aware":false,"Async Capable":false,"Startup Cost":1687407.93,"Total Cost":1688895.62,"Plan Rows":595073,"Plan Width":30,"Actual Startup Time":14753.691,"Actual Total Time":14933.361,"Actual Rows":1109507,"Actual Loops":1,"Output":["customer.c_w_id","customer.c_nationkey","orders.o_w_id","order_line.ol_amount","order_line.ol_w_id","order_line.ol_i_id","nation.n_name","nation.n_nationkey"],"Sort Key":["customer.c_w_id","order_line.ol_i_id"],"Sort Method":"external merge","Sort Space Used":47304,"Sort Space Type":"Disk","Shared Hit Blocks":362945,"Shared Read Blocks":0,"Shared Dirtied Blocks":0,"Shared Written Blocks":0,"Local Hit Blocks":0,"Local Read Blocks":0,"Local Dirtied Blocks":0,"Local Written Blocks":0,"Temp Read Blocks":129460,"Temp Written Blocks":129487,"I/O Read Time":0.0,"I/O Write Time":0.0,"Temp I/O Read Time":209.37,"Temp I/O Write Time":516.371,"Plans":[{"Node Type":"Hash Join","Parent Relationship":"Outer","Parallel Aware":false,"Async Capable":false,"Join Type":"Inner","Startup Cost":398264.32,"Total Cost":1616094.38,"Plan Rows":595073,"Plan Width":30,"Actual Startup Time":1546.234,"Actual Total Time":13369.155,"Actual Rows":1109507,"Actual Loops":1,"Output":["customer.c_w_id","customer.c_nationkey","orders.o_w_id","order_line.ol_amount","order_line.ol_w_id","order_line.ol_i_id","nation.n_name","nation.n_nationkey"],"Inner Unique":false,"Hash Cond":"(customer.c_nationkey = nation.n_nationkey)","Shared Hit Blocks":362945,"Shared Read Blocks":0,"Shared Dirtied Blocks":0,"Shared Written Blocks":0,"Local Hit Blocks":0,"Local Read Blocks":0,"Local Dirtied Blocks":0,"Local Written Blocks":0,"Temp Read Blocks":117643,"Temp Written Blocks":117643,"I/O Read Time":0.0,"I/O Write Time":0.0,"Temp I/O Read Time":191.698,"Temp I/O Write Time":484.987,"Plans":[{"Node Type":"Hash Join","Parent Relationship":"Outer","Parallel Aware":false,"Async Capable":false,"Join Type":"Inner","Startup Cost":398261.18,"Total Cost":1599174.84,"Plan Rows":2975367,"Plan Width":18,"Actual Startup Time":1536.632,"Actual Total Time":12933.453,"Actual Rows":4284922,"Actual Loops":1,"Output":["customer.c_w_id","customer.c_nationkey","orders.o_w_id","order_line.ol_amount","order_line.ol_w_id","order_line.ol_i_id"],"Inner Unique":true,"Hash Cond":"((orders.o_c_id = customer.c_id) AND (orders.o_w_id = customer.c_w_id) AND (orders.o_d_id = customer.c_d_id))","Shared Hit Blocks":362943,"Shared Read Blocks":0,"Shared Dirtied Blocks":0,"Shared Written Blocks":0,"Local Hit Blocks":0,"Local Read Blocks":0,"Local Dirtied Blocks":0,"Local Written Blocks":0,"Temp Read Blocks":117643,"Temp Written Blocks":117643,"I/O Read Time":0.0,"I/O Write Time":0.0,"Temp I/O Read Time":191.698,"Temp I/O Write Time":484.987,"Plans":[{"Node Type":"Hash Join","Parent Relationship":"Outer","Parallel Aware":false,"Async Capable":false,"Join Type":"Inner","Startup Cost":76606.59,"Total Cost":1204573.22,"Plan Rows":2975367,"Plan Width":20,"Actual Startup Time":362.606,"Actual Total Time":9619.573,"Actual Rows":4284922,"Actual Loops":1,"Output":["orders.o_c_id","orders.o_w_id","orders.o_d_id","order_line.ol_amount","order_line.ol_w_id","order_line.ol_d_id","order_line.ol_i_id"],"Inner Unique":true,"Hash Cond":"((order_line.ol_w_id = orders.o_w_id) AND (order_line.ol_d_id = orders.o_d_id) AND (order_line.ol_o_id = orders.o_id))","Shared Hit Blocks":362943,"Shared Read Blocks":0,"Shared Dirtied Blocks":0,"Shared Written Blocks":0,"Local Hit Blocks":0,"Local Read Blocks":0,"Local Dirtied Blocks":0,"Local Written Blocks":0,"Temp Read Blocks":85996,"Temp Written Blocks":85996,"I/O Read Time":0.0,"I/O Write Time":0.0,"Temp I/O Read Time":140.677,"Temp I/O Write Time":341.441,"Plans":[{"Node Type":"Seq Scan","Parent Relationship":"Outer","Parallel Aware":false,"Async Capable":false,"Relation Name":"order_line","Schema":"public","Alias":"order_line","Startup Cost":0.0,"Total Cost":715856.4,"Plan Rows":20926367,"Plan Width":20,"Actual Startup Time":0.007,"Actual Total Time":3679.163,"Actual Rows":21002151,"Actual Loops":1,"Output":["order_line.ol_amount","order_line.ol_o_id","order_line.ol_w_id","order_line.ol_d_id","order_line.ol_i_id"],"Filter":"(order_line.ol_delivery_d >= '1992-01-02 20:10:02.27764'::timestamp without time zone)","Rows Removed by Filter":8995581,"Shared Hit Blocks":340884,"Shared Read Blocks":0,"Shared Dirtied Blocks":0,"Shared Written Blocks":0,"Local Hit Blocks":0,"Local Read Blocks":0,"Local Dirtied Blocks":0,"Local Written Blocks":0,"Temp Read Blocks":0,"Temp Written Blocks":0,"I/O Read Time":0.0,"I/O Write Time":0.0,"Temp I/O Read Time":0.0,"Temp I/O Write Time":0.0},{"Node Type":"Hash","Parent Relationship":"Inner","Parallel Aware":false,"Async Capable":false,"Startup Cost":67059.0,"Total Cost":67059.0,"Plan Rows":426548,"Plan Width":16,"Actual Startup Time":295.268,"Actual Total Time":295.271,"Actual Rows":428399,"Actual Loops":1,"Output":["orders.o_c_id","orders.o_w_id","orders.o_d_id","orders.o_id"],"Hash Buckets":262144,"Original Hash Buckets":262144,"Hash Batches":4,"Original Hash Batches":4,"Peak Memory Usage":7080,"Shared Hit Blocks":22059,"Shared Read Blocks":0,"Shared Dirtied Blocks":0,"Shared Written Blocks":0,"Local Hit Blocks":0,"Local Read Blocks":0,"Local Dirtied Blocks":0,"Local Written Blocks":0,"Temp Read Blocks":0,"Temp Written Blocks":1410,"I/O Read Time":0.0,"I/O Write Time":0.0,"Temp I/O Read Time":0.0,"Temp I/O Write Time":6.31,"Plans":[{"Node Type":"Seq Scan","Parent Relationship":"Outer","Parallel Aware":false,"Async Capable":false,"Relation Name":"orders","Schema":"public","Alias":"orders","Startup Cost":0.0,"Total Cost":67059.0,"Plan Rows":426548,"Plan Width":16,"Actual Startup Time":0.813,"Actual Total Time":220.135,"Actual Rows":428399,"Actual Loops":1,"Output":["orders.o_c_id","orders.o_w_id","orders.o_d_id","orders.o_id"],"Filter":"((orders.o_entry_d >= '1993-01-02 20:10:02.27764'::timestamp without time zone) AND (orders.o_entry_d < '1994-01-02 20:10:02.27764'::timestamp without time zone))","Rows Removed by Filter":2571601,"Shared Hit Blocks":22059,"Shared Read Blocks":0,"Shared Dirtied Blocks":0,"Shared Written Blocks":0,"Local Hit Blocks":0,"Local Read Blocks":0,"Local Dirtied Blocks":0,"Local Written Blocks":0,"Temp Read Blocks":0,"Temp Written Blocks":0,"I/O Read Time":0.0,"I/O Write Time":0.0,"Temp I/O Read Time":0.0,"Temp I/O Write Time":0.0}]}]},{"Node Type":"Hash","Parent Relationship":"Inner","Parallel Aware":false,"Async Capable":false,"Startup Cost":254511.16,"Total Cost":254511.16,"Plan Rows":2999739,"Plan Width":12,"Actual Startup Time":1171.643,"Actual Total Time":1171.649,"Actual Rows":3000000,"Actual Loops":1,"Output":["customer.c_id","customer.c_w_id","customer.c_d_id","customer.c_nationkey"],"Hash Buckets":262144,"Original Hash Buckets":262144,"Hash Batches":32,"Original Hash Batches":32,"Peak Memory Usage":6090,"Shared Hit Blocks":0,"Shared Read Blocks":0,"Shared Dirtied Blocks":0,"Shared Written Blocks":0,"Local Hit Blocks":0,"Local Read Blocks":0,"Local Dirtied Blocks":0,"Local Written Blocks":0,"Temp Read Blocks":0,"Temp Written Blocks":11335,"I/O Read Time":0.0,"I/O Write Time":0.0,"Temp I/O Read Time":0.0,"Temp I/O Write Time":48.346,"Plans":[{"Node Type":"Append","Parent Relationship":"Outer","Parallel Aware":false,"Async Capable":false,"Startup Cost":20.0,"Total Cost":254511.16,"Plan Rows":2999739,"Plan Width":12,"Actual Startup Time":0.031,"Actual Total Time":667.845,"Actual Rows":3000000,"Actual Loops":1,"Shared Hit Blocks":0,"Shared Read Blocks":0,"Shared Dirtied Blocks":0,"Shared Written Blocks":0,"Local Hit Blocks":0,"Local Read Blocks":0,"Local Dirtied Blocks":0,"Local Written Blocks":0,"Temp Read Blocks":0,"Temp Written Blocks":0,"I/O Read Time":0.0,"I/O Write Time":0.0,"Temp I/O Read Time":0.0,"Temp I/O Write Time":0.0,"Subplans Removed":0,"Plans":[{"Node Type":"Custom Scan","Parent Relationship":"Member","Custom Plan Provider":"columnar scan","Parallel Aware":false,"Async Capable":false,"Relation Name":"customer","Schema":"public","Alias":"customer","Startup Cost":20.0,"Total Cost":70513.87,"Plan Rows":2999738,"Plan Width":12,"Actual Startup Time":0.03,"Actual Total Time":455.149,"Actual Rows":3000000,"Actual Loops":1,"Output":["customer.c_id","customer.c_w_id","customer.c_d_id","customer.c_nationkey"],"Rows Removed by Columnar Filter":0,"Columnar cache search mode":"native","Shared Hit Blocks":0,"Shared Read Blocks":0,"Shared Dirtied Blocks":0,"Shared Written Blocks":0,"Local Hit Blocks":0,"Local Read Blocks":0,"Local Dirtied Blocks":0,"Local Written Blocks":0,"Temp Read Blocks":0,"Temp Written Blocks":0,"I/O Read Time":0.0,"I/O Write Time":0.0,"Temp I/O Read Time":0.0,"Temp I/O Write Time":0.0},{"Node Type":"Seq Scan","Parent Relationship":"Member","Parallel Aware":false,"Async Capable":false,"Relation Name":"customer","Schema":"public","Alias":"customer","Startup Cost":0.0,"Total Cost":4.01,"Plan Rows":1,"Plan Width":12,"Actual Startup Time":0.0,"Actual Total Time":0.0,"Actual Rows":0,"Actual Loops":0,"Output":["customer.c_id","customer.c_w_id","customer.c_d_id","customer.c_nationkey"],"Shared Hit Blocks":0,"Shared Read Blocks":0,"Shared Dirtied Blocks":0,"Shared Written Blocks":0,"Local Hit Blocks":0,"Local Read Blocks":0,"Local Dirtied Blocks":0,"Local Written Blocks":0,"Temp Read Blocks":0,"Temp Written Blocks":0,"I/O Read Time":0.0,"I/O Write Time":0.0,"Temp I/O Read Time":0.0,"Temp I/O Write Time":0.0}]}]}]},{"Node Type":"Hash","Parent Relationship":"Inner","Parallel Aware":false,"Async Capable":false,"Startup Cost":2.99,"Total Cost":2.99,"Plan Rows":12,"Plan Width":12,"Actual Startup Time":0.046,"Actual Total Time":0.05,"Actual Rows":22,"Actual Loops":1,"Output":["nation.n_name","nation.n_nationkey"],"Hash Buckets":1024,"Original Hash Buckets":1024,"Hash Batches":1,"Original Hash Batches":1,"Peak Memory Usage":9,"Shared Hit Blocks":2,"Shared Read Blocks":0,"Shared Dirtied Blocks":0,"Shared Written Blocks":0,"Local Hit Blocks":0,"Local Read Blocks":0,"Local Dirtied Blocks":0,"Local Written Blocks":0,"Temp Read Blocks":0,"Temp Written Blocks":0,"I/O Read Time":0.0,"I/O Write Time":0.0,"Temp I/O Read Time":0.0,"Temp I/O Write Time":0.0,"Plans":[{"Node Type":"Hash Join","Parent Relationship":"Outer","Parallel Aware":false,"Async Capable":false,"Join Type":"Inner","Startup Cost":1.07,"Total Cost":2.99,"Plan Rows":12,"Plan Width":12,"Actual Startup Time":0.028,"Actual Total Time":0.043,"Actual Rows":22,"Actual Loops":1,"Output":["nation.n_name","nation.n_nationkey"],"Inner Unique":true,"Hash Cond":"(nation.n_regionkey = region.r_regionkey)","Shared Hit Blocks":2,"Shared Read Blocks":0,"Shared Dirtied Blocks":0,"Shared Written Blocks":0,"Local Hit Blocks":0,"Local Read Blocks":0,"Local Dirtied Blocks":0,"Local Written Blocks":0,"Temp Read Blocks":0,"Temp Written Blocks":0,"I/O Read Time":0.0,"I/O Write Time":0.0,"Temp I/O Read Time":0.0,"Temp I/O Write Time":0.0,"Plans":[{"Node Type":"Seq Scan","Parent Relationship":"Outer","Parallel Aware":false,"Async Capable":false,"Relation Name":"nation","Schema":"public","Alias":"nation","Startup Cost":0.0,"Total Cost":1.62,"Plan Rows":62,"Plan Width":16,"Actual Startup Time":0.008,"Actual Total Time":0.011,"Actual Rows":62,"Actual Loops":1,"Output":["nation.n_nationkey","nation.n_name","nation.n_regionkey","nation.n_comment"],"Shared Hit Blocks":1,"Shared Read Blocks":0,"Shared Dirtied Blocks":0,"Shared Written Blocks":0,"Local Hit Blocks":0,"Local Read Blocks":0,"Local Dirtied Blocks":0,"Local Written Blocks":0,"Temp Read Blocks":0,"Temp Written Blocks":0,"I/O Read Time":0.0,"I/O Write Time":0.0,"Temp I/O Read Time":0.0,"Temp I/O Write Time":0.0},{"Node Type":"Hash","Parent Relationship":"Inner","Parallel Aware":false,"Async Capable":false,"Startup Cost":1.06,"Total Cost":1.06,"Plan Rows":1,"Plan Width":4,"Actual Startup Time":0.008,"Actual Total Time":0.008,"Actual Rows":1,"Actual Loops":1,"Output":["region.r_regionkey"],"Hash Buckets":1024,"Original Hash Buckets":1024,"Hash Batches":1,"Original Hash Batches":1,"Peak Memory Usage":9,"Shared Hit Blocks":1,"Shared Read Blocks":0,"Shared Dirtied Blocks":0,"Shared Written Blocks":0,"Local Hit Blocks":0,"Local Read Blocks":0,"Local Dirtied Blocks":0,"Local Written Blocks":0,"Temp Read Blocks":0,"Temp Written Blocks":0,"I/O Read Time":0.0,"I/O Write Time":0.0,"Temp I/O Read Time":0.0,"Temp I/O Write Time":0.0,"Plans":[{"Node Type":"Seq Scan","Parent Relationship":"Outer","Parallel Aware":false,"Async Capable":false,"Relation Name":"region","Schema":"public","Alias":"region","Startup Cost":0.0,"Total Cost":1.06,"Plan Rows":1,"Plan Width":4,"Actual Startup Time":0.006,"Actual Total Time":0.006,"Actual Rows":1,"Actual Loops":1,"Output":["region.r_regionkey"],"Filter":"((region.r_name)::text = 'Europe'::text)","Rows Removed by Filter":4,"Shared Hit Blocks":1,"Shared Read Blocks":0,"Shared Dirtied Blocks":0,"Shared Written Blocks":0,"Local Hit Blocks":0,"Local Read Blocks":0,"Local Dirtied Blocks":0,"Local Written Blocks":0,"Temp Read Blocks":0,"Temp Written Blocks":0,"I/O Read Time":0.0,"I/O Write Time":0.0,"Temp I/O Read Time":0.0,"Temp I/O Write Time":0.0}]}]}]}]}]},{"Node Type":"Index Only Scan","Parent Relationship":"Inner","Parallel Aware":false,"Async Capable":false,"Scan Direction":"Forward","Index Name":"stock_pk","Relation Name":"stock","Schema":"public","Alias":"stock","Startup Cost":0.43,"Total Cost":259690.86,"Plan Rows":10000162,"Plan Width":6,"Actual Startup Time":0.053,"Actual Total Time":749.982,"Actual Rows":9999996,"Actual Loops":1,"Output":["stock.s_w_id","stock.s_i_id"],"Heap Fetches":0,"Shared Hit Blocks":27338,"Shared Read Blocks":0,"Shared Dirtied Blocks":0,"Shared Written Blocks":0,"Local Hit Blocks":0,"Local Read Blocks":0,"Local Dirtied Blocks":0,"Local Written Blocks":0,"Temp Read Blocks":0,"Temp Written Blocks":0,"I/O Read Time":0.0,"I/O Write Time":0.0,"Temp I/O Read Time":0.0,"Temp I/O Write Time":0.0}]},{"Node Type":"Hash","Parent Relationship":"Inner","Parallel Aware":false,"Async Capable":false,"Startup Cost":219.01,"Total Cost":219.01,"Plan Rows":10001,"Plan Width":8,"Actual Startup Time":3.084,"Actual Total Time":3.087,"Actual Rows":10000,"Actual Loops":1,"Output":["supplier.su_suppkey","supplier.su_nationkey"],"Hash Buckets":16384,"Original Hash Buckets":16384,"Hash Batches":1,"Original Hash Batches":1,"Peak Memory Usage":519,"Shared Hit Blocks":0,"Shared Read Blocks":0,"Shared Dirtied Blocks":0,"Shared Written Blocks":0,"Local Hit Blocks":0,"Local Read Blocks":0,"Local Dirtied Blocks":0,"Local Written Blocks":0,"Temp Read Blocks":0,"Temp Written Blocks":0,"I/O Read Time":0.0,"I/O Write Time":0.0,"Temp I/O Read Time":0.0,"Temp I/O Write Time":0.0,"Plans":[{"Node Type":"Append","Parent Relationship":"Outer","Parallel Aware":false,"Async Capable":false,"Startup Cost":20.0,"Total Cost":219.01,"Plan Rows":10001,"Plan Width":8,"Actual Startup Time":0.015,"Actual Total Time":1.79,"Actual Rows":10000,"Actual Loops":1,"Shared Hit Blocks":0,"Shared Read Blocks":0,"Shared Dirtied Blocks":0,"Shared Written Blocks":0,"Local Hit Blocks":0,"Local Read Blocks":0,"Local Dirtied Blocks":0,"Local Written Blocks":0,"Temp Read Blocks":0,"Temp Written Blocks":0,"I/O Read Time":0.0,"I/O Write Time":0.0,"Temp I/O Read Time":0.0,"Temp I/O Write Time":0.0,"Subplans Removed":0,"Plans":[{"Node Type":"Custom Scan","Parent Relationship":"Member","Custom Plan Provider":"columnar scan","Parallel Aware":false,"Async Capable":false,"Relation Name":"supplier","Schema":"public","Alias":"supplier","Startup Cost":20.0,"Total Cost":215.0,"Plan Rows":10000,"Plan Width":8,"Actual Startup Time":0.013,"Actual Total Time":1.083,"Actual Rows":10000,"Actual Loops":1,"Output":["supplier.su_suppkey","supplier.su_nationkey"],"Rows Removed by Columnar Filter":0,"Columnar cache search mode":"native","Shared Hit Blocks":0,"Shared Read Blocks":0,"Shared Dirtied Blocks":0,"Shared Written Blocks":0,"Local Hit Blocks":0,"Local Read Blocks":0,"Local Dirtied Blocks":0,"Local Written Blocks":0,"Temp Read Blocks":0,"Temp Written Blocks":0,"I/O Read Time":0.0,"I/O Write Time":0.0,"Temp I/O Read Time":0.0,"Temp I/O Write Time":0.0},{"Node Type":"Seq Scan","Parent Relationship":"Member","Parallel Aware":false,"Async Capable":false,"Relation Name":"supplier","Schema":"public","Alias":"supplier","Startup Cost":0.0,"Total Cost":4.01,"Plan Rows":1,"Plan Width":8,"Actual Startup Time":0.0,"Actual Total Time":0.0,"Actual Rows":0,"Actual Loops":0,"Output":["supplier.su_suppkey","supplier.su_nationkey"],"Shared Hit Blocks":0,"Shared Read Blocks":0,"Shared Dirtied Blocks":0,"Shared Written Blocks":0,"Local Hit Blocks":0,"Local Read Blocks":0,"Local Dirtied Blocks":0,"Local Written Blocks":0,"Temp Read Blocks":0,"Temp Written Blocks":0,"I/O Read Time":0.0,"I/O Write Time":0.0,"Temp I/O Read Time":0.0,"Temp I/O Write Time":0.0}]}]}]}]}]}]},"Planning":{"Shared Hit Blocks":16,"Shared Read Blocks":0,"Shared Dirtied Blocks":0,"Shared Written Blocks":0,"Local Hit Blocks":0,"Local Read Blocks":0,"Local Dirtied Blocks":0,"Local Written Blocks":0,"Temp Read Blocks":0,"Temp Written Blocks":0,"I/O Read Time":0.0,"I/O Write Time":0.0,"Temp I/O Read Time":0.0,"Temp I/O Write Time":0.0},"Planning Time":4.71,"Triggers":[],"Execution Time":16662.275}]
[列存组合]: customer, stock, supplier
[{"Plan":{"Node Type":"Sort","Parallel Aware":false,"Async Capable":false,"Startup Cost":2011996.45,"Total Cost":2011996.61,"Plan Rows":62,"Plan Width":40,"Actual Startup Time":16649.622,"Actual Total Time":16649.651,"Actual Rows":11,"Actual Loops":1,"Output":["nation.n_name","(sum(order_line.ol_amount))"],"Sort Key":["(sum(order_line.ol_amount)) DESC"],"Sort Method":"quicksort","Sort Space Used":25,"Sort Space Type":"Memory","Shared Hit Blocks":390283,"Shared Read Blocks":0,"Shared Dirtied Blocks":0,"Shared Written Blocks":0,"Local Hit Blocks":0,"Local Read Blocks":0,"Local Dirtied Blocks":0,"Local Written Blocks":0,"Temp Read Blocks":129460,"Temp Written Blocks":129487,"I/O Read Time":0.0,"I/O Write Time":0.0,"Temp I/O Read Time":207.29,"Temp I/O Write Time":523.394,"Plans":[{"Node Type":"Aggregate","Strategy":"Sorted","Partial Mode":"Simple","Parent Relationship":"Outer","Parallel Aware":false,"Async Capable":false,"Startup Cost":2011920.67,"Total Cost":2011994.61,"Plan Rows":62,"Plan Width":40,"Actual Startup Time":16646.702,"Actual Total Time":16649.637,"Actual Rows":11,"Actual Loops":1,"Output":["nation.n_name","sum(order_line.ol_amount)"],"Group Key":["nation.n_name"],"Shared Hit Blocks":390283,"Shared Read Blocks":0,"Shared Dirtied Blocks":0,"Shared Written Blocks":0,"Local Hit Blocks":0,"Local Read Blocks":0,"Local Dirtied Blocks":0,"Local Written Blocks":0,"Temp Read Blocks":129460,"Temp Written Blocks":129487,"I/O Read Time":0.0,"I/O Write Time":0.0,"Temp I/O Read Time":207.29,"Temp I/O Write Time":523.394,"Plans":[{"Node Type":"Sort","Parent Relationship":"Outer","Parallel Aware":false,"Async Capable":false,"Startup Cost":2011920.67,"Total Cost":2011945.06,"Plan Rows":9755,"Plan Width":12,"Actual Startup Time":16646.481,"Actual Total Time":16647.282,"Actual Rows":17493,"Actual Loops":1,"Output":["nation.n_name","order_line.ol_amount"],"Sort Key":["nation.n_name"],"Sort Method":"quicksort","Sort Space Used":1725,"Sort Space Type":"Memory","Shared Hit Blocks":390283,"Shared Read Blocks":0,"Shared Dirtied Blocks":0,"Shared Written Blocks":0,"Local Hit Blocks":0,"Local Read Blocks":0,"Local Dirtied Blocks":0,"Local Written Blocks":0,"Temp Read Blocks":129460,"Temp Written Blocks":129487,"I/O Read Time":0.0,"I/O Write Time":0.0,"Temp I/O Read Time":207.29,"Temp I/O Write Time":523.394,"Plans":[{"Node Type":"Hash Join","Parent Relationship":"Outer","Parallel Aware":false,"Async Capable":false,"Join Type":"Inner","Startup Cost":1687777.4,"Total Cost":2011274.31,"Plan Rows":9755,"Plan Width":12,"Actual Startup Time":14752.996,"Actual Total Time":16637.647,"Actual Rows":17493,"Actual Loops":1,"Output":["nation.n_name","order_line.ol_amount"],"Inner Unique":true,"Hash Cond":"((mod((stock.s_w_id * stock.s_i_id), 10000) = supplier.su_suppkey) AND (customer.c_nationkey = supplier.su_nationkey))","Shared Hit Blocks":390283,"Shared Read Blocks":0,"Shared Dirtied Blocks":0,"Shared Written Blocks":0,"Local Hit Blocks":0,"Local Read Blocks":0,"Local Dirtied Blocks":0,"Local Written Blocks":0,"Temp Read Blocks":129460,"Temp Written Blocks":129487,"I/O Read Time":0.0,"I/O Write Time":0.0,"Temp I/O Read Time":207.29,"Temp I/O Write Time":523.394,"Plans":[{"Node Type":"Merge Join","Parent Relationship":"Outer","Parallel Aware":false,"Async Capable":false,"Join Type":"Inner","Startup Cost":1687408.37,"Total Cost":2007590.15,"Plan Rows":602749,"Plan Width":26,"Actual Startup Time":14749.46,"Actual Total Time":16495.115,"Actual Rows":1109507,"Actual Loops":1,"Output":["customer.c_nationkey","order_line.ol_amount","stock.s_w_id","stock.s_i_id","nation.n_name","nation.n_nationkey"],"Inner Unique":true,"Merge Cond":"((customer.c_w_id = stock.s_w_id) AND (order_line.ol_i_id = stock.s_i_id))","Shared Hit Blocks":390283,"Shared Read Blocks":0,"Shared Dirtied Blocks":0,"Shared Written Blocks":0,"Local Hit Blocks":0,"Local Read Blocks":0,"Local Dirtied Blocks":0,"Local Written Blocks":0,"Temp Read Blocks":129460,"Temp Written Blocks":129487,"I/O Read Time":0.0,"I/O Write Time":0.0,"Temp I/O Read Time":207.29,"Temp I/O Write Time":523.394,"Plans":[{"Node Type":"Sort","Parent Relationship":"Outer","Parallel Aware":false,"Async Capable":false,"Startup Cost":1687407.93,"Total Cost":1688895.62,"Plan Rows":595073,"Plan Width":30,"Actual Startup Time":14749.397,"Actual Total Time":14931.678,"Actual Rows":1109507,"Actual Loops":1,"Output":["customer.c_w_id","customer.c_nationkey","orders.o_w_id","order_line.ol_amount","order_line.ol_w_id","order_line.ol_i_id","nation.n_name","nation.n_nationkey"],"Sort Key":["customer.c_w_id","order_line.ol_i_id"],"Sort Method":"external merge","Sort Space Used":47304,"Sort Space Type":"Disk","Shared Hit Blocks":362945,"Shared Read Blocks":0,"Shared Dirtied Blocks":0,"Shared Written Blocks":0,"Local Hit Blocks":0,"Local Read Blocks":0,"Local Dirtied Blocks":0,"Local Written Blocks":0,"Temp Read Blocks":129460,"Temp Written Blocks":129487,"I/O Read Time":0.0,"I/O Write Time":0.0,"Temp I/O Read Time":207.29,"Temp I/O Write Time":523.394,"Plans":[{"Node Type":"Hash Join","Parent Relationship":"Outer","Parallel Aware":false,"Async Capable":false,"Join Type":"Inner","Startup Cost":398264.32,"Total Cost":1616094.38,"Plan Rows":595073,"Plan Width":30,"Actual Startup Time":1539.89,"Actual Total Time":13357.421,"Actual Rows":1109507,"Actual Loops":1,"Output":["customer.c_w_id","customer.c_nationkey","orders.o_w_id","order_line.ol_amount","order_line.ol_w_id","order_line.ol_i_id","nation.n_name","nation.n_nationkey"],"Inner Unique":false,"Hash Cond":"(customer.c_nationkey = nation.n_nationkey)","Shared Hit Blocks":362945,"Shared Read Blocks":0,"Shared Dirtied Blocks":0,"Shared Written Blocks":0,"Local Hit Blocks":0,"Local Read Blocks":0,"Local Dirtied Blocks":0,"Local Written Blocks":0,"Temp Read Blocks":117643,"Temp Written Blocks":117643,"I/O Read Time":0.0,"I/O Write Time":0.0,"Temp I/O Read Time":189.048,"Temp I/O Write Time":491.631,"Plans":[{"Node Type":"Hash Join","Parent Relationship":"Outer","Parallel Aware":false,"Async Capable":false,"Join Type":"Inner","Startup Cost":398261.18,"Total Cost":1599174.84,"Plan Rows":2975367,"Plan Width":18,"Actual Startup Time":1529.972,"Actual Total Time":12923.111,"Actual Rows":4284922,"Actual Loops":1,"Output":["customer.c_w_id","customer.c_nationkey","orders.o_w_id","order_line.ol_amount","order_line.ol_w_id","order_line.ol_i_id"],"Inner Unique":true,"Hash Cond":"((orders.o_c_id = customer.c_id) AND (orders.o_w_id = customer.c_w_id) AND (orders.o_d_id = customer.c_d_id))","Shared Hit Blocks":362943,"Shared Read Blocks":0,"Shared Dirtied Blocks":0,"Shared Written Blocks":0,"Local Hit Blocks":0,"Local Read Blocks":0,"Local Dirtied Blocks":0,"Local Written Blocks":0,"Temp Read Blocks":117643,"Temp Written Blocks":117643,"I/O Read Time":0.0,"I/O Write Time":0.0,"Temp I/O Read Time":189.048,"Temp I/O Write Time":491.631,"Plans":[{"Node Type":"Hash Join","Parent Relationship":"Outer","Parallel Aware":false,"Async Capable":false,"Join Type":"Inner","Startup Cost":76606.59,"Total Cost":1204573.22,"Plan Rows":2975367,"Plan Width":20,"Actual Startup Time":362.157,"Actual Total Time":9602.696,"Actual Rows":4284922,"Actual Loops":1,"Output":["orders.o_c_id","orders.o_w_id","orders.o_d_id","order_line.ol_amount","order_line.ol_w_id","order_line.ol_d_id","order_line.ol_i_id"],"Inner Unique":true,"Hash Cond":"((order_line.ol_w_id = orders.o_w_id) AND (order_line.ol_d_id = orders.o_d_id) AND (order_line.ol_o_id = orders.o_id))","Shared Hit Blocks":362943,"Shared Read Blocks":0,"Shared Dirtied Blocks":0,"Shared Written Blocks":0,"Local Hit Blocks":0,"Local Read Blocks":0,"Local Dirtied Blocks":0,"Local Written Blocks":0,"Temp Read Blocks":85996,"Temp Written Blocks":85996,"I/O Read Time":0.0,"I/O Write Time":0.0,"Temp I/O Read Time":137.568,"Temp I/O Write Time":346.818,"Plans":[{"Node Type":"Seq Scan","Parent Relationship":"Outer","Parallel Aware":false,"Async Capable":false,"Relation Name":"order_line","Schema":"public","Alias":"order_line","Startup Cost":0.0,"Total Cost":715856.4,"Plan Rows":20926367,"Plan Width":20,"Actual Startup Time":0.007,"Actual Total Time":3671.815,"Actual Rows":21002151,"Actual Loops":1,"Output":["order_line.ol_amount","order_line.ol_o_id","order_line.ol_w_id","order_line.ol_d_id","order_line.ol_i_id"],"Filter":"(order_line.ol_delivery_d >= '1992-01-02 20:10:02.27764'::timestamp without time zone)","Rows Removed by Filter":8995581,"Shared Hit Blocks":340884,"Shared Read Blocks":0,"Shared Dirtied Blocks":0,"Shared Written Blocks":0,"Local Hit Blocks":0,"Local Read Blocks":0,"Local Dirtied Blocks":0,"Local Written Blocks":0,"Temp Read Blocks":0,"Temp Written Blocks":0,"I/O Read Time":0.0,"I/O Write Time":0.0,"Temp I/O Read Time":0.0,"Temp I/O Write Time":0.0},{"Node Type":"Hash","Parent Relationship":"Inner","Parallel Aware":false,"Async Capable":false,"Startup Cost":67059.0,"Total Cost":67059.0,"Plan Rows":426548,"Plan Width":16,"Actual Startup Time":294.889,"Actual Total Time":294.893,"Actual Rows":428399,"Actual Loops":1,"Output":["orders.o_c_id","orders.o_w_id","orders.o_d_id","orders.o_id"],"Hash Buckets":262144,"Original Hash Buckets":262144,"Hash Batches":4,"Original Hash Batches":4,"Peak Memory Usage":7080,"Shared Hit Blocks":22059,"Shared Read Blocks":0,"Shared Dirtied Blocks":0,"Shared Written Blocks":0,"Local Hit Blocks":0,"Local Read Blocks":0,"Local Dirtied Blocks":0,"Local Written Blocks":0,"Temp Read Blocks":0,"Temp Written Blocks":1410,"I/O Read Time":0.0,"I/O Write Time":0.0,"Temp I/O Read Time":0.0,"Temp I/O Write Time":6.297,"Plans":[{"Node Type":"Seq Scan","Parent Relationship":"Outer","Parallel Aware":false,"Async Capable":false,"Relation Name":"orders","Schema":"public","Alias":"orders","Startup Cost":0.0,"Total Cost":67059.0,"Plan Rows":426548,"Plan Width":16,"Actual Startup Time":0.771,"Actual Total Time":219.757,"Actual Rows":428399,"Actual Loops":1,"Output":["orders.o_c_id","orders.o_w_id","orders.o_d_id","orders.o_id"],"Filter":"((orders.o_entry_d >= '1993-01-02 20:10:02.27764'::timestamp without time zone) AND (orders.o_entry_d < '1994-01-02 20:10:02.27764'::timestamp without time zone))","Rows Removed by Filter":2571601,"Shared Hit Blocks":22059,"Shared Read Blocks":0,"Shared Dirtied Blocks":0,"Shared Written Blocks":0,"Local Hit Blocks":0,"Local Read Blocks":0,"Local Dirtied Blocks":0,"Local Written Blocks":0,"Temp Read Blocks":0,"Temp Written Blocks":0,"I/O Read Time":0.0,"I/O Write Time":0.0,"Temp I/O Read Time":0.0,"Temp I/O Write Time":0.0}]}]},{"Node Type":"Hash","Parent Relationship":"Inner","Parallel Aware":false,"Async Capable":false,"Startup Cost":254511.16,"Total Cost":254511.16,"Plan Rows":2999739,"Plan Width":12,"Actual Startup Time":1165.414,"Actual Total Time":1165.421,"Actual Rows":3000000,"Actual Loops":1,"Output":["customer.c_id","customer.c_w_id","customer.c_d_id","customer.c_nationkey"],"Hash Buckets":262144,"Original Hash Buckets":262144,"Hash Batches":32,"Original Hash Batches":32,"Peak Memory Usage":6090,"Shared Hit Blocks":0,"Shared Read Blocks":0,"Shared Dirtied Blocks":0,"Shared Written Blocks":0,"Local Hit Blocks":0,"Local Read Blocks":0,"Local Dirtied Blocks":0,"Local Written Blocks":0,"Temp Read Blocks":0,"Temp Written Blocks":11335,"I/O Read Time":0.0,"I/O Write Time":0.0,"Temp I/O Read Time":0.0,"Temp I/O Write Time":48.552,"Plans":[{"Node Type":"Append","Parent Relationship":"Outer","Parallel Aware":false,"Async Capable":false,"Startup Cost":20.0,"Total Cost":254511.16,"Plan Rows":2999739,"Plan Width":12,"Actual Startup Time":0.029,"Actual Total Time":663.155,"Actual Rows":3000000,"Actual Loops":1,"Shared Hit Blocks":0,"Shared Read Blocks":0,"Shared Dirtied Blocks":0,"Shared Written Blocks":0,"Local Hit Blocks":0,"Local Read Blocks":0,"Local Dirtied Blocks":0,"Local Written Blocks":0,"Temp Read Blocks":0,"Temp Written Blocks":0,"I/O Read Time":0.0,"I/O Write Time":0.0,"Temp I/O Read Time":0.0,"Temp I/O Write Time":0.0,"Subplans Removed":0,"Plans":[{"Node Type":"Custom Scan","Parent Relationship":"Member","Custom Plan Provider":"columnar scan","Parallel Aware":false,"Async Capable":false,"Relation Name":"customer","Schema":"public","Alias":"customer","Startup Cost":20.0,"Total Cost":70513.87,"Plan Rows":2999738,"Plan Width":12,"Actual Startup Time":0.028,"Actual Total Time":453.056,"Actual Rows":3000000,"Actual Loops":1,"Output":["customer.c_id","customer.c_w_id","customer.c_d_id","customer.c_nationkey"],"Rows Removed by Columnar Filter":0,"Columnar cache search mode":"native","Shared Hit Blocks":0,"Shared Read Blocks":0,"Shared Dirtied Blocks":0,"Shared Written Blocks":0,"Local Hit Blocks":0,"Local Read Blocks":0,"Local Dirtied Blocks":0,"Local Written Blocks":0,"Temp Read Blocks":0,"Temp Written Blocks":0,"I/O Read Time":0.0,"I/O Write Time":0.0,"Temp I/O Read Time":0.0,"Temp I/O Write Time":0.0},{"Node Type":"Seq Scan","Parent Relationship":"Member","Parallel Aware":false,"Async Capable":false,"Relation Name":"customer","Schema":"public","Alias":"customer","Startup Cost":0.0,"Total Cost":4.01,"Plan Rows":1,"Plan Width":12,"Actual Startup Time":0.0,"Actual Total Time":0.0,"Actual Rows":0,"Actual Loops":0,"Output":["customer.c_id","customer.c_w_id","customer.c_d_id","customer.c_nationkey"],"Shared Hit Blocks":0,"Shared Read Blocks":0,"Shared Dirtied Blocks":0,"Shared Written Blocks":0,"Local Hit Blocks":0,"Local Read Blocks":0,"Local Dirtied Blocks":0,"Local Written Blocks":0,"Temp Read Blocks":0,"Temp Written Blocks":0,"I/O Read Time":0.0,"I/O Write Time":0.0,"Temp I/O Read Time":0.0,"Temp I/O Write Time":0.0}]}]}]},{"Node Type":"Hash","Parent Relationship":"Inner","Parallel Aware":false,"Async Capable":false,"Startup Cost":2.99,"Total Cost":2.99,"Plan Rows":12,"Plan Width":12,"Actual Startup Time":0.044,"Actual Total Time":0.05,"Actual Rows":22,"Actual Loops":1,"Output":["nation.n_name","nation.n_nationkey"],"Hash Buckets":1024,"Original Hash Buckets":1024,"Hash Batches":1,"Original Hash Batches":1,"Peak Memory Usage":9,"Shared Hit Blocks":2,"Shared Read Blocks":0,"Shared Dirtied Blocks":0,"Shared Written Blocks":0,"Local Hit Blocks":0,"Local Read Blocks":0,"Local Dirtied Blocks":0,"Local Written Blocks":0,"Temp Read Blocks":0,"Temp Written Blocks":0,"I/O Read Time":0.0,"I/O Write Time":0.0,"Temp I/O Read Time":0.0,"Temp I/O Write Time":0.0,"Plans":[{"Node Type":"Hash Join","Parent Relationship":"Outer","Parallel Aware":false,"Async Capable":false,"Join Type":"Inner","Startup Cost":1.07,"Total Cost":2.99,"Plan Rows":12,"Plan Width":12,"Actual Startup Time":0.027,"Actual Total Time":0.044,"Actual Rows":22,"Actual Loops":1,"Output":["nation.n_name","nation.n_nationkey"],"Inner Unique":true,"Hash Cond":"(nation.n_regionkey = region.r_regionkey)","Shared Hit Blocks":2,"Shared Read Blocks":0,"Shared Dirtied Blocks":0,"Shared Written Blocks":0,"Local Hit Blocks":0,"Local Read Blocks":0,"Local Dirtied Blocks":0,"Local Written Blocks":0,"Temp Read Blocks":0,"Temp Written Blocks":0,"I/O Read Time":0.0,"I/O Write Time":0.0,"Temp I/O Read Time":0.0,"Temp I/O Write Time":0.0,"Plans":[{"Node Type":"Seq Scan","Parent Relationship":"Outer","Parallel Aware":false,"Async Capable":false,"Relation Name":"nation","Schema":"public","Alias":"nation","Startup Cost":0.0,"Total Cost":1.62,"Plan Rows":62,"Plan Width":16,"Actual Startup Time":0.007,"Actual Total Time":0.012,"Actual Rows":62,"Actual Loops":1,"Output":["nation.n_nationkey","nation.n_name","nation.n_regionkey","nation.n_comment"],"Shared Hit Blocks":1,"Shared Read Blocks":0,"Shared Dirtied Blocks":0,"Shared Written Blocks":0,"Local Hit Blocks":0,"Local Read Blocks":0,"Local Dirtied Blocks":0,"Local Written Blocks":0,"Temp Read Blocks":0,"Temp Written Blocks":0,"I/O Read Time":0.0,"I/O Write Time":0.0,"Temp I/O Read Time":0.0,"Temp I/O Write Time":0.0},{"Node Type":"Hash","Parent Relationship":"Inner","Parallel Aware":false,"Async Capable":false,"Startup Cost":1.06,"Total Cost":1.06,"Plan Rows":1,"Plan Width":4,"Actual Startup Time":0.008,"Actual Total Time":0.009,"Actual Rows":1,"Actual Loops":1,"Output":["region.r_regionkey"],"Hash Buckets":1024,"Original Hash Buckets":1024,"Hash Batches":1,"Original Hash Batches":1,"Peak Memory Usage":9,"Shared Hit Blocks":1,"Shared Read Blocks":0,"Shared Dirtied Blocks":0,"Shared Written Blocks":0,"Local Hit Blocks":0,"Local Read Blocks":0,"Local Dirtied Blocks":0,"Local Written Blocks":0,"Temp Read Blocks":0,"Temp Written Blocks":0,"I/O Read Time":0.0,"I/O Write Time":0.0,"Temp I/O Read Time":0.0,"Temp I/O Write Time":0.0,"Plans":[{"Node Type":"Seq Scan","Parent Relationship":"Outer","Parallel Aware":false,"Async Capable":false,"Relation Name":"region","Schema":"public","Alias":"region","Startup Cost":0.0,"Total Cost":1.06,"Plan Rows":1,"Plan Width":4,"Actual Startup Time":0.006,"Actual Total Time":0.006,"Actual Rows":1,"Actual Loops":1,"Output":["region.r_regionkey"],"Filter":"((region.r_name)::text = 'Europe'::text)","Rows Removed by Filter":4,"Shared Hit Blocks":1,"Shared Read Blocks":0,"Shared Dirtied Blocks":0,"Shared Written Blocks":0,"Local Hit Blocks":0,"Local Read Blocks":0,"Local Dirtied Blocks":0,"Local Written Blocks":0,"Temp Read Blocks":0,"Temp Written Blocks":0,"I/O Read Time":0.0,"I/O Write Time":0.0,"Temp I/O Read Time":0.0,"Temp I/O Write Time":0.0}]}]}]}]}]},{"Node Type":"Index Only Scan","Parent Relationship":"Inner","Parallel Aware":false,"Async Capable":false,"Scan Direction":"Forward","Index Name":"stock_pk","Relation Name":"stock","Schema":"public","Alias":"stock","Startup Cost":0.43,"Total Cost":259690.86,"Plan Rows":10000162,"Plan Width":6,"Actual Startup Time":0.049,"Actual Total Time":748.78,"Actual Rows":9999996,"Actual Loops":1,"Output":["stock.s_w_id","stock.s_i_id"],"Heap Fetches":0,"Shared Hit Blocks":27338,"Shared Read Blocks":0,"Shared Dirtied Blocks":0,"Shared Written Blocks":0,"Local Hit Blocks":0,"Local Read Blocks":0,"Local Dirtied Blocks":0,"Local Written Blocks":0,"Temp Read Blocks":0,"Temp Written Blocks":0,"I/O Read Time":0.0,"I/O Write Time":0.0,"Temp I/O Read Time":0.0,"Temp I/O Write Time":0.0}]},{"Node Type":"Hash","Parent Relationship":"Inner","Parallel Aware":false,"Async Capable":false,"Startup Cost":219.01,"Total Cost":219.01,"Plan Rows":10001,"Plan Width":8,"Actual Startup Time":3.106,"Actual Total Time":3.108,"Actual Rows":10000,"Actual Loops":1,"Output":["supplier.su_suppkey","supplier.su_nationkey"],"Hash Buckets":16384,"Original Hash Buckets":16384,"Hash Batches":1,"Original Hash Batches":1,"Peak Memory Usage":519,"Shared Hit Blocks":0,"Shared Read Blocks":0,"Shared Dirtied Blocks":0,"Shared Written Blocks":0,"Local Hit Blocks":0,"Local Read Blocks":0,"Local Dirtied Blocks":0,"Local Written Blocks":0,"Temp Read Blocks":0,"Temp Written Blocks":0,"I/O Read Time":0.0,"I/O Write Time":0.0,"Temp I/O Read Time":0.0,"Temp I/O Write Time":0.0,"Plans":[{"Node Type":"Append","Parent Relationship":"Outer","Parallel Aware":false,"Async Capable":false,"Startup Cost":20.0,"Total Cost":219.01,"Plan Rows":10001,"Plan Width":8,"Actual Startup Time":0.013,"Actual Total Time":1.807,"Actual Rows":10000,"Actual Loops":1,"Shared Hit Blocks":0,"Shared Read Blocks":0,"Shared Dirtied Blocks":0,"Shared Written Blocks":0,"Local Hit Blocks":0,"Local Read Blocks":0,"Local Dirtied Blocks":0,"Local Written Blocks":0,"Temp Read Blocks":0,"Temp Written Blocks":0,"I/O Read Time":0.0,"I/O Write Time":0.0,"Temp I/O Read Time":0.0,"Temp I/O Write Time":0.0,"Subplans Removed":0,"Plans":[{"Node Type":"Custom Scan","Parent Relationship":"Member","Custom Plan Provider":"columnar scan","Parallel Aware":false,"Async Capable":false,"Relation Name":"supplier","Schema":"public","Alias":"supplier","Startup Cost":20.0,"Total Cost":215.0,"Plan Rows":10000,"Plan Width":8,"Actual Startup Time":0.012,"Actual Total Time":1.099,"Actual Rows":10000,"Actual Loops":1,"Output":["supplier.su_suppkey","supplier.su_nationkey"],"Rows Removed by Columnar Filter":0,"Columnar cache search mode":"native","Shared Hit Blocks":0,"Shared Read Blocks":0,"Shared Dirtied Blocks":0,"Shared Written Blocks":0,"Local Hit Blocks":0,"Local Read Blocks":0,"Local Dirtied Blocks":0,"Local Written Blocks":0,"Temp Read Blocks":0,"Temp Written Blocks":0,"I/O Read Time":0.0,"I/O Write Time":0.0,"Temp I/O Read Time":0.0,"Temp I/O Write Time":0.0},{"Node Type":"Seq Scan","Parent Relationship":"Member","Parallel Aware":false,"Async Capable":false,"Relation Name":"supplier","Schema":"public","Alias":"supplier","Startup Cost":0.0,"Total Cost":4.01,"Plan Rows":1,"Plan Width":8,"Actual Startup Time":0.0,"Actual Total Time":0.0,"Actual Rows":0,"Actual Loops":0,"Output":["supplier.su_suppkey","supplier.su_nationkey"],"Shared Hit Blocks":0,"Shared Read Blocks":0,"Shared Dirtied Blocks":0,"Shared Written Blocks":0,"Local Hit Blocks":0,"Local Read Blocks":0,"Local Dirtied Blocks":0,"Local Written Blocks":0,"Temp Read Blocks":0,"Temp Written Blocks":0,"I/O Read Time":0.0,"I/O Write Time":0.0,"Temp I/O Read Time":0.0,"Temp I/O Write Time":0.0}]}]}]}]}]}]},"Planning":{"Shared Hit Blocks":16,"Shared Read Blocks":0,"Shared Dirtied Blocks":0,"Shared Written Blocks":0,"Local Hit Blocks":0,"Local Read Blocks":0,"Local Dirtied Blocks":0,"Local Written Blocks":0,"Temp Read Blocks":0,"Temp Written Blocks":0,"I/O Read Time":0.0,"I/O Write Time":0.0,"Temp I/O Read Time":0.0,"Temp I/O Write Time":0.0},"Planning Time":5.187,"Triggers":[],"Execution Time":16657.533}]
[列存组合]: nation, order_line, orders
[{"Plan":{"Node Type":"Sort","Parallel Aware":false,"Async Capable":false,"Startup Cost":2001833.37,"Total Cost":2001833.52,"Plan Rows":62,"Plan Width":40,"Actual Startup Time":10243.225,"Actual Total Time":10243.257,"Actual Rows":11,"Actual Loops":1,"Output":["nation.n_name","(sum(order_line.ol_amount))"],"Sort Key":["(sum(order_line.ol_amount)) DESC"],"Sort Method":"quicksort","Sort Space Used":25,"Sort Space Type":"Memory","Shared Hit Blocks":257161,"Shared Read Blocks":0,"Shared Dirtied Blocks":0,"Shared Written Blocks":0,"Local Hit Blocks":0,"Local Read Blocks":0,"Local Dirtied Blocks":0,"Local Written Blocks":0,"Temp Read Blocks":62236,"Temp Written Blocks":62263,"I/O Read Time":0.0,"I/O Write Time":0.0,"Temp I/O Read Time":98.7,"Temp I/O Write Time":250.099,"Plans":[{"Node Type":"Aggregate","Strategy":"Sorted","Partial Mode":"Simple","Parent Relationship":"Outer","Parallel Aware":false,"Async Capable":false,"Startup Cost":2001757.58,"Total Cost":2001831.52,"Plan Rows":62,"Plan Width":40,"Actual Startup Time":10240.346,"Actual Total Time":10243.242,"Actual Rows":11,"Actual Loops":1,"Output":["nation.n_name","sum(order_line.ol_amount)"],"Group Key":["nation.n_name"],"Shared Hit Blocks":257161,"Shared Read Blocks":0,"Shared Dirtied Blocks":0,"Shared Written Blocks":0,"Local Hit Blocks":0,"Local Read Blocks":0,"Local Dirtied Blocks":0,"Local Written Blocks":0,"Temp Read Blocks":62236,"Temp Written Blocks":62263,"I/O Read Time":0.0,"I/O Write Time":0.0,"Temp I/O Read Time":98.7,"Temp I/O Write Time":250.099,"Plans":[{"Node Type":"Sort","Parent Relationship":"Outer","Parallel Aware":false,"Async Capable":false,"Startup Cost":2001757.58,"Total Cost":2001781.97,"Plan Rows":9755,"Plan Width":12,"Actual Startup Time":10240.135,"Actual Total Time":10240.982,"Actual Rows":17493,"Actual Loops":1,"Output":["nation.n_name","order_line.ol_amount"],"Sort Key":["nation.n_name"],"Sort Method":"quicksort","Sort Space Used":1725,"Sort Space Type":"Memory","Shared Hit Blocks":257161,"Shared Read Blocks":0,"Shared Dirtied Blocks":0,"Shared Written Blocks":0,"Local Hit Blocks":0,"Local Read Blocks":0,"Local Dirtied Blocks":0,"Local Written Blocks":0,"Temp Read Blocks":62236,"Temp Written Blocks":62263,"I/O Read Time":0.0,"I/O Write Time":0.0,"Temp I/O Read Time":98.7,"Temp I/O Write Time":250.099,"Plans":[{"Node Type":"Hash Join","Parent Relationship":"Outer","Parallel Aware":false,"Async Capable":false,"Join Type":"Inner","Startup Cost":1677614.31,"Total Cost":2001111.22,"Plan Rows":9755,"Plan Width":12,"Actual Startup Time":8386.648,"Actual Total Time":10231.333,"Actual Rows":17493,"Actual Loops":1,"Output":["nation.n_name","order_line.ol_amount"],"Inner Unique":true,"Hash Cond":"((mod((stock.s_w_id * stock.s_i_id), 10000) = supplier.su_suppkey) AND (customer.c_nationkey = supplier.su_nationkey))","Shared Hit Blocks":257161,"Shared Read Blocks":0,"Shared Dirtied Blocks":0,"Shared Written Blocks":0,"Local Hit Blocks":0,"Local Read Blocks":0,"Local Dirtied Blocks":0,"Local Written Blocks":0,"Temp Read Blocks":62236,"Temp Written Blocks":62263,"I/O Read Time":0.0,"I/O Write Time":0.0,"Temp I/O Read Time":98.7,"Temp I/O Write Time":250.099,"Plans":[{"Node Type":"Merge Join","Parent Relationship":"Outer","Parallel Aware":false,"Async Capable":false,"Join Type":"Inner","Startup Cost":1677147.31,"Total Cost":1997329.09,"Plan Rows":602749,"Plan Width":26,"Actual Startup Time":8383.526,"Actual Total Time":10090.309,"Actual Rows":1109507,"Actual Loops":1,"Output":["customer.c_nationkey","order_line.ol_amount","stock.s_w_id","stock.s_i_id","nation.n_name","nation.n_nationkey"],"Inner Unique":true,"Merge Cond":"((customer.c_w_id = stock.s_w_id) AND (order_line.ol_i_id = stock.s_i_id))","Shared Hit Blocks":256944,"Shared Read Blocks":0,"Shared Dirtied Blocks":0,"Shared Written Blocks":0,"Local Hit Blocks":0,"Local Read Blocks":0,"Local Dirtied Blocks":0,"Local Written Blocks":0,"Temp Read Blocks":62236,"Temp Written Blocks":62263,"I/O Read Time":0.0,"I/O Write Time":0.0,"Temp I/O Read Time":98.7,"Temp I/O Write Time":250.099,"Plans":[{"Node Type":"Sort","Parent Relationship":"Outer","Parallel Aware":false,"Async Capable":false,"Startup Cost":1677146.88,"Total Cost":1678634.56,"Plan Rows":595073,"Plan Width":30,"Actual Startup Time":8383.47,"Actual Total Time":8562.119,"Actual Rows":1109507,"Actual Loops":1,"Output":["customer.c_w_id","customer.c_nationkey","orders.o_w_id","order_line.ol_amount","order_line.ol_w_id","order_line.ol_i_id","nation.n_name","nation.n_nationkey"],"Sort Key":["customer.c_w_id","order_line.ol_i_id"],"Sort Method":"external merge","Sort Space Used":47304,"Sort Space Type":"Disk","Shared Hit Blocks":229606,"Shared Read Blocks":0,"Shared Dirtied Blocks":0,"Shared Written Blocks":0,"Local Hit Blocks":0,"Local Read Blocks":0,"Local Dirtied Blocks":0,"Local Written Blocks":0,"Temp Read Blocks":62236,"Temp Written Blocks":62263,"I/O Read Time":0.0,"I/O Write Time":0.0,"Temp I/O Read Time":98.7,"Temp I/O Write Time":250.099,"Plans":[{"Node Type":"Hash Join","Parent Relationship":"Outer","Parallel Aware":false,"Async Capable":false,"Join Type":"Inner","Startup Cost":402059.66,"Total Cost":1605833.32,"Plan Rows":595073,"Plan Width":30,"Actual Startup Time":1413.975,"Actual Total Time":6999.512,"Actual Rows":1109507,"Actual Loops":1,"Output":["customer.c_w_id","customer.c_nationkey","orders.o_w_id","order_line.ol_amount","order_line.ol_w_id","order_line.ol_i_id","nation.n_name","nation.n_nationkey"],"Inner Unique":false,"Hash Cond":"(customer.c_nationkey = nation.n_nationkey)","Shared Hit Blocks":229606,"Shared Read Blocks":0,"Shared Dirtied Blocks":0,"Shared Written Blocks":0,"Local Hit Blocks":0,"Local Read Blocks":0,"Local Dirtied Blocks":0,"Local Written Blocks":0,"Temp Read Blocks":50419,"Temp Written Blocks":50419,"I/O Read Time":0.0,"I/O Write Time":0.0,"Temp I/O Read Time":81.432,"Temp I/O Write Time":219.118,"Plans":[{"Node Type":"Hash Join","Parent Relationship":"Outer","Parallel Aware":false,"Async Capable":false,"Join Type":"Inner","Startup Cost":402056.52,"Total Cost":1588913.78,"Plan Rows":2975367,"Plan Width":18,"Actual Startup Time":1406.786,"Actual Total Time":6580.041,"Actual Rows":4284922,"Actual Loops":1,"Output":["customer.c_w_id","customer.c_nationkey","orders.o_w_id","order_line.ol_amount","order_line.ol_w_id","order_line.ol_i_id"],"Inner Unique":true,"Hash Cond":"((orders.o_c_id = customer.c_id) AND (orders.o_w_id = customer.c_w_id) AND (orders.o_d_id = customer.c_d_id))","Shared Hit Blocks":229604,"Shared Read Blocks":0,"Shared Dirtied Blocks":0,"Shared Written Blocks":0,"Local Hit Blocks":0,"Local Read Blocks":0,"Local Dirtied Blocks":0,"Local Written Blocks":0,"Temp Read Blocks":50419,"Temp Written Blocks":50419,"I/O Read Time":0.0,"I/O Write Time":0.0,"Temp I/O Read Time":81.432,"Temp I/O Write Time":219.118,"Plans":[{"Node Type":"Hash Join","Parent Relationship":"Outer","Parallel Aware":false,"Async Capable":false,"Join Type":"Inner","Startup Cost":75311.73,"Total Cost":1189221.96,"Plan Rows":2975367,"Plan Width":20,"Actual Startup Time":217.435,"Actual Total Time":3261.389,"Actual Rows":4284922,"Actual Loops":1,"Output":["orders.o_c_id","orders.o_w_id","orders.o_d_id","order_line.ol_amount","order_line.ol_w_id","order_line.ol_d_id","order_line.ol_i_id"],"Inner Unique":true,"Hash Cond":"((order_line.ol_w_id = orders.o_w_id) AND (order_line.ol_d_id = orders.o_d_id) AND (order_line.ol_o_id = orders.o_id))","Shared Hit Blocks":0,"Shared Read Blocks":0,"Shared Dirtied Blocks":0,"Shared Written Blocks":0,"Local Hit Blocks":0,"Local Read Blocks":0,"Local Dirtied Blocks":0,"Local Written Blocks":0,"Temp Read Blocks":18772,"Temp Written Blocks":18772,"I/O Read Time":0.0,"I/O Write Time":0.0,"Temp I/O Read Time":31.14,"Temp I/O Write Time":76.085,"Plans":[{"Node Type":"Append","Parent Relationship":"Outer","Parallel Aware":false,"Async Capable":false,"Startup Cost":20.0,"Total Cost":701820.0,"Plan Rows":20926367,"Plan Width":20,"Actual Startup Time":1.373,"Actual Total Time":1327.276,"Actual Rows":4311079,"Actual Loops":1,"Shared Hit Blocks":0,"Shared Read Blocks":0,"Shared Dirtied Blocks":0,"Shared Written Blocks":0,"Local Hit Blocks":0,"Local Read Blocks":0,"Local Dirtied Blocks":0,"Local Written Blocks":0,"Temp Read Blocks":0,"Temp Written Blocks":0,"I/O Read Time":0.0,"I/O Write Time":0.0,"Temp I/O Read Time":0.0,"Temp I/O Write Time":0.0,"Subplans Removed":0,"Plans":[{"Node Type":"Custom Scan","Parent Relationship":"Member","Custom Plan Provider":"columnar scan","Parallel Aware":false,"Async Capable":false,"Relation Name":"order_line","Schema":"public","Alias":"order_line","Startup Cost":20.0,"Total Cost":533641.75,"Plan Rows":20926325,"Plan Width":20,"Actual Startup Time":1.372,"Actual Total Time":1002.382,"Actual Rows":4311079,"Actual Loops":1,"Output":["order_line.ol_amount","order_line.ol_o_id","order_line.ol_w_id","order_line.ol_d_id","order_line.ol_i_id"],"Filter":"(order_line.ol_delivery_d >= '1992-01-02 20:10:02.27764'::timestamp without time zone)","Rows Removed by Filter":0,"Rows Removed by Columnar Filter":25686653,"Rows Filtered by Bloom Filter":0,"Dictionary Rows Filtered by Bloom Filter":25686653,"Columnar cache search mode":"native","Shared Hit Blocks":0,"Shared Read Blocks":0,"Shared Dirtied Blocks":0,"Shared Written Blocks":0,"Local Hit Blocks":0,"Local Read Blocks":0,"Local Dirtied Blocks":0,"Local Written Blocks":0,"Temp Read Blocks":0,"Temp Written Blocks":0,"I/O Read Time":0.0,"I/O Write Time":0.0,"Temp I/O Read Time":0.0,"Temp I/O Write Time":0.0},{"Node Type":"Seq Scan","Parent Relationship":"Member","Parallel Aware":false,"Async Capable":false,"Relation Name":"order_line","Schema":"public","Alias":"order_line","Startup Cost":0.0,"Total Cost":4.75,"Plan Rows":42,"Plan Width":20,"Actual Startup Time":0.0,"Actual Total Time":0.0,"Actual Rows":0,"Actual Loops":0,"Output":["order_line.ol_amount","order_line.ol_o_id","order_line.ol_w_id","order_line.ol_d_id","order_line.ol_i_id"],"Filter":"(order_line.ol_delivery_d >= '1992-01-02 20:10:02.27764'::timestamp without time zone)","Rows Removed by Filter":0,"Shared Hit Blocks":0,"Shared Read Blocks":0,"Shared Dirtied Blocks":0,"Shared Written Blocks":0,"Local Hit Blocks":0,"Local Read Blocks":0,"Local Dirtied Blocks":0,"Local Written Blocks":0,"Temp Read Blocks":0,"Temp Written Blocks":0,"I/O Read Time":0.0,"I/O Write Time":0.0,"Temp I/O Read Time":0.0,"Temp I/O Write Time":0.0}]},{"Node Type":"Hash","Parent Relationship":"Inner","Parallel Aware":false,"Async Capable":false,"Startup Cost":65744.12,"Total Cost":65744.12,"Plan Rows":426549,"Plan Width":16,"Actual Startup Time":214.733,"Actual Total Time":214.74,"Actual Rows":428399,"Actual Loops":1,"Output":["orders.o_c_id","orders.o_w_id","orders.o_d_id","orders.o_id"],"Hash Buckets":262144,"Original Hash Buckets":262144,"Hash Batches":4,"Original Hash Batches":4,"Peak Memory Usage":7080,"Shared Hit Blocks":0,"Shared Read Blocks":0,"Shared Dirtied Blocks":0,"Shared Written Blocks":0,"Local Hit Blocks":0,"Local Read Blocks":0,"Local Dirtied Blocks":0,"Local Written Blocks":0,"Temp Read Blocks":0,"Temp Written Blocks":1410,"I/O Read Time":0.0,"I/O Write Time":0.0,"Temp I/O Read Time":0.0,"Temp I/O Write Time":5.848,"Plans":[{"Node Type":"Append","Parent Relationship":"Outer","Parallel Aware":false,"Async Capable":false,"Startup Cost":20.0,"Total Cost":65744.12,"Plan Rows":426549,"Plan Width":16,"Actual Startup Time":0.491,"Actual Total Time":108.992,"Actual Rows":428399,"Actual Loops":1,"Shared Hit Blocks":0,"Shared Read Blocks":0,"Shared Dirtied Blocks":0,"Shared Written Blocks":0,"Local Hit Blocks":0,"Local Read Blocks":0,"Local Dirtied Blocks":0,"Local Written Blocks":0,"Temp Read Blocks":0,"Temp Written Blocks":0,"I/O Read Time":0.0,"I/O Write Time":0.0,"Temp I/O Read Time":0.0,"Temp I/O Write Time":0.0,"Subplans Removed":0,"Plans":[{"Node Type":"Custom Scan","Parent Relationship":"Member","Custom Plan Provider":"columnar scan","Parallel Aware":false,"Async Capable":false,"Relation Name":"orders","Schema":"public","Alias":"orders","Startup Cost":20.0,"Total Cost":10043.96,"Plan Rows":426548,"Plan Width":16,"Actual Startup Time":0.489,"Actual Total Time":75.498,"Actual Rows":428399,"Actual Loops":1,"Output":["orders.o_c_id","orders.o_w_id","orders.o_d_id","orders.o_id"],"Filter":"((orders.o_entry_d < '1994-01-02 20:10:02.27764'::timestamp without time zone) AND (orders.o_entry_d >= '1993-01-02 20:10:02.27764'::timestamp without time zone))","Rows Removed by Filter":0,"Rows Removed by Columnar Filter":2571601,"Columnar cache search mode":"native","Shared Hit Blocks":0,"Shared Read Blocks":0,"Shared Dirtied Blocks":0,"Shared Written Blocks":0,"Local Hit Blocks":0,"Local Read Blocks":0,"Local Dirtied Blocks":0,"Local Written Blocks":0,"Temp Read Blocks":0,"Temp Written Blocks":0,"I/O Read Time":0.0,"I/O Write Time":0.0,"Temp I/O Read Time":0.0,"Temp I/O Write Time":0.0},{"Node Type":"Seq Scan","Parent Relationship":"Member","Parallel Aware":false,"Async Capable":false,"Relation Name":"orders","Schema":"public","Alias":"orders","Startup Cost":0.0,"Total Cost":4.01,"Plan Rows":1,"Plan Width":16,"Actual Startup Time":0.0,"Actual Total Time":0.0,"Actual Rows":0,"Actual Loops":0,"Output":["orders.o_c_id","orders.o_w_id","orders.o_d_id","orders.o_id"],"Filter":"((orders.o_entry_d < '1994-01-02 20:10:02.27764'::timestamp without time zone) AND (orders.o_entry_d >= '1993-01-02 20:10:02.27764'::timestamp without time zone))","Rows Removed by Filter":0,"Shared Hit Blocks":0,"Shared Read Blocks":0,"Shared Dirtied Blocks":0,"Shared Written Blocks":0,"Local Hit Blocks":0,"Local Read Blocks":0,"Local Dirtied Blocks":0,"Local Written Blocks":0,"Temp Read Blocks":0,"Temp Written Blocks":0,"I/O Read Time":0.0,"I/O Write Time":0.0,"Temp I/O Read Time":0.0,"Temp I/O Write Time":0.0}]}]}]},{"Node Type":"Hash","Parent Relationship":"Inner","Parallel Aware":false,"Async Capable":false,"Startup Cost":259601.38,"Total Cost":259601.38,"Plan Rows":2999738,"Plan Width":12,"Actual Startup Time":1187.487,"Actual Total Time":1187.489,"Actual Rows":3000000,"Actual Loops":1,"Output":["customer.c_id","customer.c_w_id","customer.c_d_id","customer.c_nationkey"],"Hash Buckets":262144,"Original Hash Buckets":262144,"Hash Batches":32,"Original Hash Batches":32,"Peak Memory Usage":6090,"Shared Hit Blocks":229604,"Shared Read Blocks":0,"Shared Dirtied Blocks":0,"Shared Written Blocks":0,"Local Hit Blocks":0,"Local Read Blocks":0,"Local Dirtied Blocks":0,"Local Written Blocks":0,"Temp Read Blocks":0,"Temp Written Blocks":11335,"I/O Read Time":0.0,"I/O Write Time":0.0,"Temp I/O Read Time":0.0,"Temp I/O Write Time":52.211,"Plans":[{"Node Type":"Seq Scan","Parent Relationship":"Outer","Parallel Aware":false,"Async Capable":false,"Relation Name":"customer","Schema":"public","Alias":"customer","Startup Cost":0.0,"Total Cost":259601.38,"Plan Rows":2999738,"Plan Width":12,"Actual Startup Time":0.01,"Actual Total Time":690.661,"Actual Rows":3000000,"Actual Loops":1,"Output":["customer.c_id","customer.c_w_id","customer.c_d_id","customer.c_nationkey"],"Shared Hit Blocks":229604,"Shared Read Blocks":0,"Shared Dirtied Blocks":0,"Shared Written Blocks":0,"Local Hit Blocks":0,"Local Read Blocks":0,"Local Dirtied Blocks":0,"Local Written Blocks":0,"Temp Read Blocks":0,"Temp Written Blocks":0,"I/O Read Time":0.0,"I/O Write Time":0.0,"Temp I/O Read Time":0.0,"Temp I/O Write Time":0.0}]}]},{"Node Type":"Hash","Parent Relationship":"Inner","Parallel Aware":false,"Async Capable":false,"Startup Cost":2.99,"Total Cost":2.99,"Plan Rows":12,"Plan Width":12,"Actual Startup Time":0.046,"Actual Total Time":0.051,"Actual Rows":22,"Actual Loops":1,"Output":["nation.n_name","nation.n_nationkey"],"Hash Buckets":1024,"Original Hash Buckets":1024,"Hash Batches":1,"Original Hash Batches":1,"Peak Memory Usage":9,"Shared Hit Blocks":2,"Shared Read Blocks":0,"Shared Dirtied Blocks":0,"Shared Written Blocks":0,"Local Hit Blocks":0,"Local Read Blocks":0,"Local Dirtied Blocks":0,"Local Written Blocks":0,"Temp Read Blocks":0,"Temp Written Blocks":0,"I/O Read Time":0.0,"I/O Write Time":0.0,"Temp I/O Read Time":0.0,"Temp I/O Write Time":0.0,"Plans":[{"Node Type":"Hash Join","Parent Relationship":"Outer","Parallel Aware":false,"Async Capable":false,"Join Type":"Inner","Startup Cost":1.07,"Total Cost":2.99,"Plan Rows":12,"Plan Width":12,"Actual Startup Time":0.024,"Actual Total Time":0.044,"Actual Rows":22,"Actual Loops":1,"Output":["nation.n_name","nation.n_nationkey"],"Inner Unique":true,"Hash Cond":"(nation.n_regionkey = region.r_regionkey)","Shared Hit Blocks":2,"Shared Read Blocks":0,"Shared Dirtied Blocks":0,"Shared Written Blocks":0,"Local Hit Blocks":0,"Local Read Blocks":0,"Local Dirtied Blocks":0,"Local Written Blocks":0,"Temp Read Blocks":0,"Temp Written Blocks":0,"I/O Read Time":0.0,"I/O Write Time":0.0,"Temp I/O Read Time":0.0,"Temp I/O Write Time":0.0,"Plans":[{"Node Type":"Seq Scan","Parent Relationship":"Outer","Parallel Aware":false,"Async Capable":false,"Relation Name":"nation","Schema":"public","Alias":"nation","Startup Cost":0.0,"Total Cost":1.62,"Plan Rows":62,"Plan Width":16,"Actual Startup Time":0.005,"Actual Total Time":0.008,"Actual Rows":62,"Actual Loops":1,"Output":["nation.n_nationkey","nation.n_name","nation.n_regionkey","nation.n_comment"],"Shared Hit Blocks":1,"Shared Read Blocks":0,"Shared Dirtied Blocks":0,"Shared Written Blocks":0,"Local Hit Blocks":0,"Local Read Blocks":0,"Local Dirtied Blocks":0,"Local Written Blocks":0,"Temp Read Blocks":0,"Temp Written Blocks":0,"I/O Read Time":0.0,"I/O Write Time":0.0,"Temp I/O Read Time":0.0,"Temp I/O Write Time":0.0},{"Node Type":"Hash","Parent Relationship":"Inner","Parallel Aware":false,"Async Capable":false,"Startup Cost":1.06,"Total Cost":1.06,"Plan Rows":1,"Plan Width":4,"Actual Startup Time":0.008,"Actual Total Time":0.009,"Actual Rows":1,"Actual Loops":1,"Output":["region.r_regionkey"],"Hash Buckets":1024,"Original Hash Buckets":1024,"Hash Batches":1,"Original Hash Batches":1,"Peak Memory Usage":9,"Shared Hit Blocks":1,"Shared Read Blocks":0,"Shared Dirtied Blocks":0,"Shared Written Blocks":0,"Local Hit Blocks":0,"Local Read Blocks":0,"Local Dirtied Blocks":0,"Local Written Blocks":0,"Temp Read Blocks":0,"Temp Written Blocks":0,"I/O Read Time":0.0,"I/O Write Time":0.0,"Temp I/O Read Time":0.0,"Temp I/O Write Time":0.0,"Plans":[{"Node Type":"Seq Scan","Parent Relationship":"Outer","Parallel Aware":false,"Async Capable":false,"Relation Name":"region","Schema":"public","Alias":"region","Startup Cost":0.0,"Total Cost":1.06,"Plan Rows":1,"Plan Width":4,"Actual Startup Time":0.006,"Actual Total Time":0.006,"Actual Rows":1,"Actual Loops":1,"Output":["region.r_regionkey"],"Filter":"((region.r_name)::text = 'Europe'::text)","Rows Removed by Filter":4,"Shared Hit Blocks":1,"Shared Read Blocks":0,"Shared Dirtied Blocks":0,"Shared Written Blocks":0,"Local Hit Blocks":0,"Local Read Blocks":0,"Local Dirtied Blocks":0,"Local Written Blocks":0,"Temp Read Blocks":0,"Temp Written Blocks":0,"I/O Read Time":0.0,"I/O Write Time":0.0,"Temp I/O Read Time":0.0,"Temp I/O Write Time":0.0}]}]}]}]}]},{"Node Type":"Index Only Scan","Parent Relationship":"Inner","Parallel Aware":false,"Async Capable":false,"Scan Direction":"Forward","Index Name":"stock_pk","Relation Name":"stock","Schema":"public","Alias":"stock","Startup Cost":0.43,"Total Cost":259690.86,"Plan Rows":10000162,"Plan Width":6,"Actual Startup Time":0.042,"Actual Total Time":728.322,"Actual Rows":9999996,"Actual Loops":1,"Output":["stock.s_w_id","stock.s_i_id"],"Heap Fetches":0,"Shared Hit Blocks":27338,"Shared Read Blocks":0,"Shared Dirtied Blocks":0,"Shared Written Blocks":0,"Local Hit Blocks":0,"Local Read Blocks":0,"Local Dirtied Blocks":0,"Local Written Blocks":0,"Temp Read Blocks":0,"Temp Written Blocks":0,"I/O Read Time":0.0,"I/O Write Time":0.0,"Temp I/O Read Time":0.0,"Temp I/O Write Time":0.0}]},{"Node Type":"Hash","Parent Relationship":"Inner","Parallel Aware":false,"Async Capable":false,"Startup Cost":317.0,"Total Cost":317.0,"Plan Rows":10000,"Plan Width":8,"Actual Startup Time":2.699,"Actual Total Time":2.7,"Actual Rows":10000,"Actual Loops":1,"Output":["supplier.su_suppkey","supplier.su_nationkey"],"Hash Buckets":16384,"Original Hash Buckets":16384,"Hash Batches":1,"Original Hash Batches":1,"Peak Memory Usage":519,"Shared Hit Blocks":217,"Shared Read Blocks":0,"Shared Dirtied Blocks":0,"Shared Written Blocks":0,"Local Hit Blocks":0,"Local Read Blocks":0,"Local Dirtied Blocks":0,"Local Written Blocks":0,"Temp Read Blocks":0,"Temp Written Blocks":0,"I/O Read Time":0.0,"I/O Write Time":0.0,"Temp I/O Read Time":0.0,"Temp I/O Write Time":0.0,"Plans":[{"Node Type":"Seq Scan","Parent Relationship":"Outer","Parallel Aware":false,"Async Capable":false,"Relation Name":"supplier","Schema":"public","Alias":"supplier","Startup Cost":0.0,"Total Cost":317.0,"Plan Rows":10000,"Plan Width":8,"Actual Startup Time":0.011,"Actual Total Time":1.325,"Actual Rows":10000,"Actual Loops":1,"Output":["supplier.su_suppkey","supplier.su_nationkey"],"Shared Hit Blocks":217,"Shared Read Blocks":0,"Shared Dirtied Blocks":0,"Shared Written Blocks":0,"Local Hit Blocks":0,"Local Read Blocks":0,"Local Dirtied Blocks":0,"Local Written Blocks":0,"Temp Read Blocks":0,"Temp Written Blocks":0,"I/O Read Time":0.0,"I/O Write Time":0.0,"Temp I/O Read Time":0.0,"Temp I/O Write Time":0.0}]}]}]}]}]},"Planning":{"Shared Hit Blocks":16,"Shared Read Blocks":0,"Shared Dirtied Blocks":0,"Shared Written Blocks":0,"Local Hit Blocks":0,"Local Read Blocks":0,"Local Dirtied Blocks":0,"Local Written Blocks":0,"Temp Read Blocks":0,"Temp Written Blocks":0,"I/O Read Time":0.0,"I/O Write Time":0.0,"Temp I/O Read Time":0.0,"Temp I/O Write Time":0.0},"Planning Time":4.99,"Triggers":[],"Execution Time":10251.5}]
[列存组合]: nation, order_line, region
[{"Plan":{"Node Type":"Sort","Parallel Aware":false,"Async Capable":false,"Startup Cost":2003148.23,"Total Cost":2003148.39,"Plan Rows":62,"Plan Width":40,"Actual Startup Time":10260.932,"Actual Total Time":10260.952,"Actual Rows":11,"Actual Loops":1,"Output":["nation.n_name","(sum(order_line.ol_amount))"],"Sort Key":["(sum(order_line.ol_amount)) DESC"],"Sort Method":"quicksort","Sort Space Used":25,"Sort Space Type":"Memory","Shared Hit Blocks":279220,"Shared Read Blocks":0,"Shared Dirtied Blocks":0,"Shared Written Blocks":0,"Local Hit Blocks":0,"Local Read Blocks":0,"Local Dirtied Blocks":0,"Local Written Blocks":0,"Temp Read Blocks":62236,"Temp Written Blocks":62263,"I/O Read Time":0.0,"I/O Write Time":0.0,"Temp I/O Read Time":99.453,"Temp I/O Write Time":249.964,"Plans":[{"Node Type":"Aggregate","Strategy":"Sorted","Partial Mode":"Simple","Parent Relationship":"Outer","Parallel Aware":false,"Async Capable":false,"Startup Cost":2003072.45,"Total Cost":2003146.39,"Plan Rows":62,"Plan Width":40,"Actual Startup Time":10258.128,"Actual Total Time":10260.935,"Actual Rows":11,"Actual Loops":1,"Output":["nation.n_name","sum(order_line.ol_amount)"],"Group Key":["nation.n_name"],"Shared Hit Blocks":279220,"Shared Read Blocks":0,"Shared Dirtied Blocks":0,"Shared Written Blocks":0,"Local Hit Blocks":0,"Local Read Blocks":0,"Local Dirtied Blocks":0,"Local Written Blocks":0,"Temp Read Blocks":62236,"Temp Written Blocks":62263,"I/O Read Time":0.0,"I/O Write Time":0.0,"Temp I/O Read Time":99.453,"Temp I/O Write Time":249.964,"Plans":[{"Node Type":"Sort","Parent Relationship":"Outer","Parallel Aware":false,"Async Capable":false,"Startup Cost":2003072.45,"Total Cost":2003096.84,"Plan Rows":9755,"Plan Width":12,"Actual Startup Time":10257.92,"Actual Total Time":10258.678,"Actual Rows":17493,"Actual Loops":1,"Output":["nation.n_name","order_line.ol_amount"],"Sort Key":["nation.n_name"],"Sort Method":"quicksort","Sort Space Used":1725,"Sort Space Type":"Memory","Shared Hit Blocks":279220,"Shared Read Blocks":0,"Shared Dirtied Blocks":0,"Shared Written Blocks":0,"Local Hit Blocks":0,"Local Read Blocks":0,"Local Dirtied Blocks":0,"Local Written Blocks":0,"Temp Read Blocks":62236,"Temp Written Blocks":62263,"I/O Read Time":0.0,"I/O Write Time":0.0,"Temp I/O Read Time":99.453,"Temp I/O Write Time":249.964,"Plans":[{"Node Type":"Hash Join","Parent Relationship":"Outer","Parallel Aware":false,"Async Capable":false,"Join Type":"Inner","Startup Cost":1678929.18,"Total Cost":2002426.09,"Plan Rows":9755,"Plan Width":12,"Actual Startup Time":8417.119,"Actual Total Time":10248.934,"Actual Rows":17493,"Actual Loops":1,"Output":["nation.n_name","order_line.ol_amount"],"Inner Unique":true,"Hash Cond":"((mod((stock.s_w_id * stock.s_i_id), 10000) = supplier.su_suppkey) AND (customer.c_nationkey = supplier.su_nationkey))","Shared Hit Blocks":279220,"Shared Read Blocks":0,"Shared Dirtied Blocks":0,"Shared Written Blocks":0,"Local Hit Blocks":0,"Local Read Blocks":0,"Local Dirtied Blocks":0,"Local Written Blocks":0,"Temp Read Blocks":62236,"Temp Written Blocks":62263,"I/O Read Time":0.0,"I/O Write Time":0.0,"Temp I/O Read Time":99.453,"Temp I/O Write Time":249.964,"Plans":[{"Node Type":"Merge Join","Parent Relationship":"Outer","Parallel Aware":false,"Async Capable":false,"Join Type":"Inner","Startup Cost":1678462.18,"Total Cost":1998643.95,"Plan Rows":602749,"Plan Width":26,"Actual Startup Time":8414.066,"Actual Total Time":10106.815,"Actual Rows":1109507,"Actual Loops":1,"Output":["customer.c_nationkey","order_line.ol_amount","stock.s_w_id","stock.s_i_id","nation.n_name","nation.n_nationkey"],"Inner Unique":true,"Merge Cond":"((customer.c_w_id = stock.s_w_id) AND (order_line.ol_i_id = stock.s_i_id))","Shared Hit Blocks":279003,"Shared Read Blocks":0,"Shared Dirtied Blocks":0,"Shared Written Blocks":0,"Local Hit Blocks":0,"Local Read Blocks":0,"Local Dirtied Blocks":0,"Local Written Blocks":0,"Temp Read Blocks":62236,"Temp Written Blocks":62263,"I/O Read Time":0.0,"I/O Write Time":0.0,"Temp I/O Read Time":99.453,"Temp I/O Write Time":249.964,"Plans":[{"Node Type":"Sort","Parent Relationship":"Outer","Parallel Aware":false,"Async Capable":false,"Startup Cost":1678461.74,"Total Cost":1679949.42,"Plan Rows":595073,"Plan Width":30,"Actual Startup Time":8414.002,"Actual Total Time":8593.497,"Actual Rows":1109507,"Actual Loops":1,"Output":["customer.c_w_id","customer.c_nationkey","orders.o_w_id","order_line.ol_amount","order_line.ol_w_id","order_line.ol_i_id","nation.n_name","nation.n_nationkey"],"Sort Key":["customer.c_w_id","order_line.ol_i_id"],"Sort Method":"external merge","Sort Space Used":47304,"Sort Space Type":"Disk","Shared Hit Blocks":251665,"Shared Read Blocks":0,"Shared Dirtied Blocks":0,"Shared Written Blocks":0,"Local Hit Blocks":0,"Local Read Blocks":0,"Local Dirtied Blocks":0,"Local Written Blocks":0,"Temp Read Blocks":62236,"Temp Written Blocks":62263,"I/O Read Time":0.0,"I/O Write Time":0.0,"Temp I/O Read Time":99.453,"Temp I/O Write Time":249.964,"Plans":[{"Node Type":"Hash Join","Parent Relationship":"Outer","Parallel Aware":false,"Async Capable":false,"Join Type":"Inner","Startup Cost":403374.53,"Total Cost":1607148.18,"Plan Rows":595073,"Plan Width":30,"Actual Startup Time":1466.575,"Actual Total Time":7020.687,"Actual Rows":1109507,"Actual Loops":1,"Output":["customer.c_w_id","customer.c_nationkey","orders.o_w_id","order_line.ol_amount","order_line.ol_w_id","order_line.ol_i_id","nation.n_name","nation.n_nationkey"],"Inner Unique":false,"Hash Cond":"(customer.c_nationkey = nation.n_nationkey)","Shared Hit Blocks":251665,"Shared Read Blocks":0,"Shared Dirtied Blocks":0,"Shared Written Blocks":0,"Local Hit Blocks":0,"Local Read Blocks":0,"Local Dirtied Blocks":0,"Local Written Blocks":0,"Temp Read Blocks":50419,"Temp Written Blocks":50419,"I/O Read Time":0.0,"I/O Write Time":0.0,"Temp I/O Read Time":81.879,"Temp I/O Write Time":218.893,"Plans":[{"Node Type":"Hash Join","Parent Relationship":"Outer","Parallel Aware":false,"Async Capable":false,"Join Type":"Inner","Startup Cost":403371.39,"Total Cost":1590228.65,"Plan Rows":2975367,"Plan Width":18,"Actual Startup Time":1459.497,"Actual Total Time":6599.267,"Actual Rows":4284922,"Actual Loops":1,"Output":["customer.c_w_id","customer.c_nationkey","orders.o_w_id","order_line.ol_amount","order_line.ol_w_id","order_line.ol_i_id"],"Inner Unique":true,"Hash Cond":"((orders.o_c_id = customer.c_id) AND (orders.o_w_id = customer.c_w_id) AND (orders.o_d_id = customer.c_d_id))","Shared Hit Blocks":251663,"Shared Read Blocks":0,"Shared Dirtied Blocks":0,"Shared Written Blocks":0,"Local Hit Blocks":0,"Local Read Blocks":0,"Local Dirtied Blocks":0,"Local Written Blocks":0,"Temp Read Blocks":50419,"Temp Written Blocks":50419,"I/O Read Time":0.0,"I/O Write Time":0.0,"Temp I/O Read Time":81.879,"Temp I/O Write Time":218.893,"Plans":[{"Node Type":"Hash Join","Parent Relationship":"Outer","Parallel Aware":false,"Async Capable":false,"Join Type":"Inner","Startup Cost":76626.59,"Total Cost":1190536.82,"Plan Rows":2975367,"Plan Width":20,"Actual Startup Time":326.108,"Actual Total Time":3344.988,"Actual Rows":4284922,"Actual Loops":1,"Output":["orders.o_c_id","orders.o_w_id","orders.o_d_id","order_line.ol_amount","order_line.ol_w_id","order_line.ol_d_id","order_line.ol_i_id"],"Inner Unique":true,"Hash Cond":"((order_line.ol_w_id = orders.o_w_id) AND (order_line.ol_d_id = orders.o_d_id) AND (order_line.ol_o_id = orders.o_id))","Shared Hit Blocks":22059,"Shared Read Blocks":0,"Shared Dirtied Blocks":0,"Shared Written Blocks":0,"Local Hit Blocks":0,"Local Read Blocks":0,"Local Dirtied Blocks":0,"Local Written Blocks":0,"Temp Read Blocks":18772,"Temp Written Blocks":18772,"I/O Read Time":0.0,"I/O Write Time":0.0,"Temp I/O Read Time":31.151,"Temp I/O Write Time":76.215,"Plans":[{"Node Type":"Append","Parent Relationship":"Outer","Parallel Aware":false,"Async Capable":false,"Startup Cost":20.0,"Total Cost":701820.0,"Plan Rows":20926367,"Plan Width":20,"Actual Startup Time":1.409,"Actual Total Time":1307.37,"Actual Rows":4311079,"Actual Loops":1,"Shared Hit Blocks":0,"Shared Read Blocks":0,"Shared Dirtied Blocks":0,"Shared Written Blocks":0,"Local Hit Blocks":0,"Local Read Blocks":0,"Local Dirtied Blocks":0,"Local Written Blocks":0,"Temp Read Blocks":0,"Temp Written Blocks":0,"I/O Read Time":0.0,"I/O Write Time":0.0,"Temp I/O Read Time":0.0,"Temp I/O Write Time":0.0,"Subplans Removed":0,"Plans":[{"Node Type":"Custom Scan","Parent Relationship":"Member","Custom Plan Provider":"columnar scan","Parallel Aware":false,"Async Capable":false,"Relation Name":"order_line","Schema":"public","Alias":"order_line","Startup Cost":20.0,"Total Cost":533641.75,"Plan Rows":20926325,"Plan Width":20,"Actual Startup Time":1.408,"Actual Total Time":996.207,"Actual Rows":4311079,"Actual Loops":1,"Output":["order_line.ol_amount","order_line.ol_o_id","order_line.ol_w_id","order_line.ol_d_id","order_line.ol_i_id"],"Filter":"(order_line.ol_delivery_d >= '1992-01-02 20:10:02.27764'::timestamp without time zone)","Rows Removed by Filter":0,"Rows Removed by Columnar Filter":25686653,"Rows Filtered by Bloom Filter":0,"Dictionary Rows Filtered by Bloom Filter":25686653,"Columnar cache search mode":"native","Shared Hit Blocks":0,"Shared Read Blocks":0,"Shared Dirtied Blocks":0,"Shared Written Blocks":0,"Local Hit Blocks":0,"Local Read Blocks":0,"Local Dirtied Blocks":0,"Local Written Blocks":0,"Temp Read Blocks":0,"Temp Written Blocks":0,"I/O Read Time":0.0,"I/O Write Time":0.0,"Temp I/O Read Time":0.0,"Temp I/O Write Time":0.0},{"Node Type":"Seq Scan","Parent Relationship":"Member","Parallel Aware":false,"Async Capable":false,"Relation Name":"order_line","Schema":"public","Alias":"order_line","Startup Cost":0.0,"Total Cost":4.75,"Plan Rows":42,"Plan Width":20,"Actual Startup Time":0.0,"Actual Total Time":0.0,"Actual Rows":0,"Actual Loops":0,"Output":["order_line.ol_amount","order_line.ol_o_id","order_line.ol_w_id","order_line.ol_d_id","order_line.ol_i_id"],"Filter":"(order_line.ol_delivery_d >= '1992-01-02 20:10:02.27764'::timestamp without time zone)","Rows Removed by Filter":0,"Shared Hit Blocks":0,"Shared Read Blocks":0,"Shared Dirtied Blocks":0,"Shared Written Blocks":0,"Local Hit Blocks":0,"Local Read Blocks":0,"Local Dirtied Blocks":0,"Local Written Blocks":0,"Temp Read Blocks":0,"Temp Written Blocks":0,"I/O Read Time":0.0,"I/O Write Time":0.0,"Temp I/O Read Time":0.0,"Temp I/O Write Time":0.0}]},{"Node Type":"Hash","Parent Relationship":"Inner","Parallel Aware":false,"Async Capable":false,"Startup Cost":67059.0,"Total Cost":67059.0,"Plan Rows":426548,"Plan Width":16,"Actual Startup Time":323.66,"Actual Total Time":323.661,"Actual Rows":428399,"Actual Loops":1,"Output":["orders.o_c_id","orders.o_w_id","orders.o_d_id","orders.o_id"],"Hash Buckets":262144,"Original Hash Buckets":262144,"Hash Batches":4,"Original Hash Batches":4,"Peak Memory Usage":7080,"Shared Hit Blocks":22059,"Shared Read Blocks":0,"Shared Dirtied Blocks":0,"Shared Written Blocks":0,"Local Hit Blocks":0,"Local Read Blocks":0,"Local Dirtied Blocks":0,"Local Written Blocks":0,"Temp Read Blocks":0,"Temp Written Blocks":1410,"I/O Read Time":0.0,"I/O Write Time":0.0,"Temp I/O Read Time":0.0,"Temp I/O Write Time":6.154,"Plans":[{"Node Type":"Seq Scan","Parent Relationship":"Outer","Parallel Aware":false,"Async Capable":false,"Relation Name":"orders","Schema":"public","Alias":"orders","Startup Cost":0.0,"Total Cost":67059.0,"Plan Rows":426548,"Plan Width":16,"Actual Startup Time":0.765,"Actual Total Time":221.731,"Actual Rows":428399,"Actual Loops":1,"Output":["orders.o_c_id","orders.o_w_id","orders.o_d_id","orders.o_id"],"Filter":"((orders.o_entry_d >= '1993-01-02 20:10:02.27764'::timestamp without time zone) AND (orders.o_entry_d < '1994-01-02 20:10:02.27764'::timestamp without time zone))","Rows Removed by Filter":2571601,"Shared Hit Blocks":22059,"Shared Read Blocks":0,"Shared Dirtied Blocks":0,"Shared Written Blocks":0,"Local Hit Blocks":0,"Local Read Blocks":0,"Local Dirtied Blocks":0,"Local Written Blocks":0,"Temp Read Blocks":0,"Temp Written Blocks":0,"I/O Read Time":0.0,"I/O Write Time":0.0,"Temp I/O Read Time":0.0,"Temp I/O Write Time":0.0}]}]},{"Node Type":"Hash","Parent Relationship":"Inner","Parallel Aware":false,"Async Capable":false,"Startup Cost":259601.38,"Total Cost":259601.38,"Plan Rows":2999738,"Plan Width":12,"Actual Startup Time":1131.563,"Actual Total Time":1131.564,"Actual Rows":3000000,"Actual Loops":1,"Output":["customer.c_id","customer.c_w_id","customer.c_d_id","customer.c_nationkey"],"Hash Buckets":262144,"Original Hash Buckets":262144,"Hash Batches":32,"Original Hash Batches":32,"Peak Memory Usage":6090,"Shared Hit Blocks":229604,"Shared Read Blocks":0,"Shared Dirtied Blocks":0,"Shared Written Blocks":0,"Local Hit Blocks":0,"Local Read Blocks":0,"Local Dirtied Blocks":0,"Local Written Blocks":0,"Temp Read Blocks":0,"Temp Written Blocks":11335,"I/O Read Time":0.0,"I/O Write Time":0.0,"Temp I/O Read Time":0.0,"Temp I/O Write Time":52.183,"Plans":[{"Node Type":"Seq Scan","Parent Relationship":"Outer","Parallel Aware":false,"Async Capable":false,"Relation Name":"customer","Schema":"public","Alias":"customer","Startup Cost":0.0,"Total Cost":259601.38,"Plan Rows":2999738,"Plan Width":12,"Actual Startup Time":0.007,"Actual Total Time":635.474,"Actual Rows":3000000,"Actual Loops":1,"Output":["customer.c_id","customer.c_w_id","customer.c_d_id","customer.c_nationkey"],"Shared Hit Blocks":229604,"Shared Read Blocks":0,"Shared Dirtied Blocks":0,"Shared Written Blocks":0,"Local Hit Blocks":0,"Local Read Blocks":0,"Local Dirtied Blocks":0,"Local Written Blocks":0,"Temp Read Blocks":0,"Temp Written Blocks":0,"I/O Read Time":0.0,"I/O Write Time":0.0,"Temp I/O Read Time":0.0,"Temp I/O Write Time":0.0}]}]},{"Node Type":"Hash","Parent Relationship":"Inner","Parallel Aware":false,"Async Capable":false,"Startup Cost":2.99,"Total Cost":2.99,"Plan Rows":12,"Plan Width":12,"Actual Startup Time":0.042,"Actual Total Time":0.046,"Actual Rows":22,"Actual Loops":1,"Output":["nation.n_name","nation.n_nationkey"],"Hash Buckets":1024,"Original Hash Buckets":1024,"Hash Batches":1,"Original Hash Batches":1,"Peak Memory Usage":9,"Shared Hit Blocks":2,"Shared Read Blocks":0,"Shared Dirtied Blocks":0,"Shared Written Blocks":0,"Local Hit Blocks":0,"Local Read Blocks":0,"Local Dirtied Blocks":0,"Local Written Blocks":0,"Temp Read Blocks":0,"Temp Written Blocks":0,"I/O Read Time":0.0,"I/O Write Time":0.0,"Temp I/O Read Time":0.0,"Temp I/O Write Time":0.0,"Plans":[{"Node Type":"Hash Join","Parent Relationship":"Outer","Parallel Aware":false,"Async Capable":false,"Join Type":"Inner","Startup Cost":1.07,"Total Cost":2.99,"Plan Rows":12,"Plan Width":12,"Actual Startup Time":0.025,"Actual Total Time":0.04,"Actual Rows":22,"Actual Loops":1,"Output":["nation.n_name","nation.n_nationkey"],"Inner Unique":true,"Hash Cond":"(nation.n_regionkey = region.r_regionkey)","Shared Hit Blocks":2,"Shared Read Blocks":0,"Shared Dirtied Blocks":0,"Shared Written Blocks":0,"Local Hit Blocks":0,"Local Read Blocks":0,"Local Dirtied Blocks":0,"Local Written Blocks":0,"Temp Read Blocks":0,"Temp Written Blocks":0,"I/O Read Time":0.0,"I/O Write Time":0.0,"Temp I/O Read Time":0.0,"Temp I/O Write Time":0.0,"Plans":[{"Node Type":"Seq Scan","Parent Relationship":"Outer","Parallel Aware":false,"Async Capable":false,"Relation Name":"nation","Schema":"public","Alias":"nation","Startup Cost":0.0,"Total Cost":1.62,"Plan Rows":62,"Plan Width":16,"Actual Startup Time":0.007,"Actual Total Time":0.01,"Actual Rows":62,"Actual Loops":1,"Output":["nation.n_nationkey","nation.n_name","nation.n_regionkey","nation.n_comment"],"Shared Hit Blocks":1,"Shared Read Blocks":0,"Shared Dirtied Blocks":0,"Shared Written Blocks":0,"Local Hit Blocks":0,"Local Read Blocks":0,"Local Dirtied Blocks":0,"Local Written Blocks":0,"Temp Read Blocks":0,"Temp Written Blocks":0,"I/O Read Time":0.0,"I/O Write Time":0.0,"Temp I/O Read Time":0.0,"Temp I/O Write Time":0.0},{"Node Type":"Hash","Parent Relationship":"Inner","Parallel Aware":false,"Async Capable":false,"Startup Cost":1.06,"Total Cost":1.06,"Plan Rows":1,"Plan Width":4,"Actual Startup Time":0.008,"Actual Total Time":0.009,"Actual Rows":1,"Actual Loops":1,"Output":["region.r_regionkey"],"Hash Buckets":1024,"Original Hash Buckets":1024,"Hash Batches":1,"Original Hash Batches":1,"Peak Memory Usage":9,"Shared Hit Blocks":1,"Shared Read Blocks":0,"Shared Dirtied Blocks":0,"Shared Written Blocks":0,"Local Hit Blocks":0,"Local Read Blocks":0,"Local Dirtied Blocks":0,"Local Written Blocks":0,"Temp Read Blocks":0,"Temp Written Blocks":0,"I/O Read Time":0.0,"I/O Write Time":0.0,"Temp I/O Read Time":0.0,"Temp I/O Write Time":0.0,"Plans":[{"Node Type":"Seq Scan","Parent Relationship":"Outer","Parallel Aware":false,"Async Capable":false,"Relation Name":"region","Schema":"public","Alias":"region","Startup Cost":0.0,"Total Cost":1.06,"Plan Rows":1,"Plan Width":4,"Actual Startup Time":0.006,"Actual Total Time":0.006,"Actual Rows":1,"Actual Loops":1,"Output":["region.r_regionkey"],"Filter":"((region.r_name)::text = 'Europe'::text)","Rows Removed by Filter":4,"Shared Hit Blocks":1,"Shared Read Blocks":0,"Shared Dirtied Blocks":0,"Shared Written Blocks":0,"Local Hit Blocks":0,"Local Read Blocks":0,"Local Dirtied Blocks":0,"Local Written Blocks":0,"Temp Read Blocks":0,"Temp Written Blocks":0,"I/O Read Time":0.0,"I/O Write Time":0.0,"Temp I/O Read Time":0.0,"Temp I/O Write Time":0.0}]}]}]}]}]},{"Node Type":"Index Only Scan","Parent Relationship":"Inner","Parallel Aware":false,"Async Capable":false,"Scan Direction":"Forward","Index Name":"stock_pk","Relation Name":"stock","Schema":"public","Alias":"stock","Startup Cost":0.43,"Total Cost":259690.86,"Plan Rows":10000162,"Plan Width":6,"Actual Startup Time":0.05,"Actual Total Time":712.425,"Actual Rows":9999996,"Actual Loops":1,"Output":["stock.s_w_id","stock.s_i_id"],"Heap Fetches":0,"Shared Hit Blocks":27338,"Shared Read Blocks":0,"Shared Dirtied Blocks":0,"Shared Written Blocks":0,"Local Hit Blocks":0,"Local Read Blocks":0,"Local Dirtied Blocks":0,"Local Written Blocks":0,"Temp Read Blocks":0,"Temp Written Blocks":0,"I/O Read Time":0.0,"I/O Write Time":0.0,"Temp I/O Read Time":0.0,"Temp I/O Write Time":0.0}]},{"Node Type":"Hash","Parent Relationship":"Inner","Parallel Aware":false,"Async Capable":false,"Startup Cost":317.0,"Total Cost":317.0,"Plan Rows":10000,"Plan Width":8,"Actual Startup Time":2.634,"Actual Total Time":2.634,"Actual Rows":10000,"Actual Loops":1,"Output":["supplier.su_suppkey","supplier.su_nationkey"],"Hash Buckets":16384,"Original Hash Buckets":16384,"Hash Batches":1,"Original Hash Batches":1,"Peak Memory Usage":519,"Shared Hit Blocks":217,"Shared Read Blocks":0,"Shared Dirtied Blocks":0,"Shared Written Blocks":0,"Local Hit Blocks":0,"Local Read Blocks":0,"Local Dirtied Blocks":0,"Local Written Blocks":0,"Temp Read Blocks":0,"Temp Written Blocks":0,"I/O Read Time":0.0,"I/O Write Time":0.0,"Temp I/O Read Time":0.0,"Temp I/O Write Time":0.0,"Plans":[{"Node Type":"Seq Scan","Parent Relationship":"Outer","Parallel Aware":false,"Async Capable":false,"Relation Name":"supplier","Schema":"public","Alias":"supplier","Startup Cost":0.0,"Total Cost":317.0,"Plan Rows":10000,"Plan Width":8,"Actual Startup Time":0.009,"Actual Total Time":1.34,"Actual Rows":10000,"Actual Loops":1,"Output":["supplier.su_suppkey","supplier.su_nationkey"],"Shared Hit Blocks":217,"Shared Read Blocks":0,"Shared Dirtied Blocks":0,"Shared Written Blocks":0,"Local Hit Blocks":0,"Local Read Blocks":0,"Local Dirtied Blocks":0,"Local Written Blocks":0,"Temp Read Blocks":0,"Temp Written Blocks":0,"I/O Read Time":0.0,"I/O Write Time":0.0,"Temp I/O Read Time":0.0,"Temp I/O Write Time":0.0}]}]}]}]}]},"Planning":{"Shared Hit Blocks":16,"Shared Read Blocks":0,"Shared Dirtied Blocks":0,"Shared Written Blocks":0,"Local Hit Blocks":0,"Local Read Blocks":0,"Local Dirtied Blocks":0,"Local Written Blocks":0,"Temp Read Blocks":0,"Temp Written Blocks":0,"I/O Read Time":0.0,"I/O Write Time":0.0,"Temp I/O Read Time":0.0,"Temp I/O Write Time":0.0},"Planning Time":4.634,"Triggers":[],"Execution Time":10269.15}]
[列存组合]: nation, order_line, stock
[{"Plan":{"Node Type":"Sort","Parallel Aware":false,"Async Capable":false,"Startup Cost":1200105.08,"Total Cost":1200105.24,"Plan Rows":62,"Plan Width":40,"Actual Startup Time":5178.358,"Actual Total Time":5178.382,"Actual Rows":11,"Actual Loops":1,"Output":["nation.n_name","(sum(order_line.ol_amount))"],"Sort Key":["(sum(order_line.ol_amount)) DESC"],"Sort Method":"quicksort","Sort Space Used":25,"Sort Space Type":"Memory","Shared Hit Blocks":251882,"Shared Read Blocks":0,"Shared Dirtied Blocks":0,"Shared Written Blocks":0,"Local Hit Blocks":0,"Local Read Blocks":0,"Local Dirtied Blocks":0,"Local Written Blocks":0,"Temp Read Blocks":31471,"Temp Written Blocks":31471,"I/O Read Time":0.0,"I/O Write Time":0.0,"Temp I/O Read Time":50.136,"Temp I/O Write Time":144.759,"Plans":[{"Node Type":"Aggregate","Strategy":"Sorted","Partial Mode":"Simple","Parent Relationship":"Outer","Parallel Aware":false,"Async Capable":false,"Startup Cost":1200029.3,"Total Cost":1200103.24,"Plan Rows":62,"Plan Width":40,"Actual Startup Time":5175.523,"Actual Total Time":5178.365,"Actual Rows":11,"Actual Loops":1,"Output":["nation.n_name","sum(order_line.ol_amount)"],"Group Key":["nation.n_name"],"Shared Hit Blocks":251882,"Shared Read Blocks":0,"Shared Dirtied Blocks":0,"Shared Written Blocks":0,"Local Hit Blocks":0,"Local Read Blocks":0,"Local Dirtied Blocks":0,"Local Written Blocks":0,"Temp Read Blocks":31471,"Temp Written Blocks":31471,"I/O Read Time":0.0,"I/O Write Time":0.0,"Temp I/O Read Time":50.136,"Temp I/O Write Time":144.759,"Plans":[{"Node Type":"Sort","Parent Relationship":"Outer","Parallel Aware":false,"Async Capable":false,"Startup Cost":1200029.3,"Total Cost":1200053.69,"Plan Rows":9755,"Plan Width":12,"Actual Startup Time":5175.313,"Actual Total Time":5176.099,"Actual Rows":17493,"Actual Loops":1,"Output":["nation.n_name","order_line.ol_amount"],"Sort Key":["nation.n_name"],"Sort Method":"quicksort","Sort Space Used":1725,"Sort Space Type":"Memory","Shared Hit Blocks":251882,"Shared Read Blocks":0,"Shared Dirtied Blocks":0,"Shared Written Blocks":0,"Local Hit Blocks":0,"Local Read Blocks":0,"Local Dirtied Blocks":0,"Local Written Blocks":0,"Temp Read Blocks":31471,"Temp Written Blocks":31471,"I/O Read Time":0.0,"I/O Write Time":0.0,"Temp I/O Read Time":50.136,"Temp I/O Write Time":144.759,"Plans":[{"Node Type":"Hash Join","Parent Relationship":"Outer","Parallel Aware":false,"Async Capable":false,"Join Type":"Inner","Startup Cost":440575.74,"Total Cost":1199382.94,"Plan Rows":9755,"Plan Width":12,"Actual Startup Time":2090.5,"Actual Total Time":5166.932,"Actual Rows":17493,"Actual Loops":1,"Output":["nation.n_name","order_line.ol_amount"],"Hash Cond":"((orders.o_c_id = customer.c_id) AND (orders.o_w_id = customer.c_w_id) AND (orders.o_d_id = customer.c_d_id) AND (supplier.su_nationkey = customer.c_nationkey))","Shared Hit Blocks":251882,"Shared Read Blocks":0,"Shared Dirtied Blocks":0,"Shared Written Blocks":0,"Local Hit Blocks":0,"Local Read Blocks":0,"Local Dirtied Blocks":0,"Local Written Blocks":0,"Temp Read Blocks":31471,"Temp Written Blocks":31471,"I/O Read Time":0.0,"I/O Write Time":0.0,"Temp I/O Read Time":50.136,"Temp I/O Write Time":144.759,"Plans":[{"Node Type":"Hash Join","Parent Relationship":"Outer","Parallel Aware":false,"Async Capable":false,"Join Type":"Inner","Startup Cost":106331.6,"Total Cost":834741.88,"Plan Rows":602754,"Plan Width":34,"Actual Startup Time":898.415,"Actual Total Time":3201.495,"Actual Rows":1489124,"Actual Loops":1,"Output":["orders.o_c_id","orders.o_w_id","orders.o_d_id","order_line.ol_amount","order_line.ol_w_id","order_line.ol_d_id","stock.s_w_id","supplier.su_nationkey","nation.n_name","nation.n_nationkey"],"Hash Cond":"((order_line.ol_w_id = orders.o_w_id) AND (order_line.ol_d_id = orders.o_d_id) AND (order_line.ol_o_id = orders.o_id))","Shared Hit Blocks":22278,"Shared Read Blocks":0,"Shared Dirtied Blocks":0,"Shared Written Blocks":0,"Local Hit Blocks":0,"Local Read Blocks":0,"Local Dirtied Blocks":0,"Local Written Blocks":0,"Temp Read Blocks":9894,"Temp Written Blocks":9894,"I/O Read Time":0.0,"I/O Write Time":0.0,"Temp I/O Read Time":16.204,"Temp I/O Write Time":43.919,"Plans":[{"Node Type":"Hash Join","Parent Relationship":"Outer","Parallel Aware":false,"Async Capable":false,"Join Type":"Inner","Startup Cost":29725.01,"Total Cost":656340.76,"Plan Rows":4242986,"Plan Width":34,"Actual Startup Time":568.813,"Actual Total Time":2153.107,"Actual Rows":1498118,"Actual Loops":1,"Output":["order_line.ol_amount","order_line.ol_o_id","order_line.ol_w_id","order_line.ol_d_id","stock.s_w_id","supplier.su_nationkey","nation.n_name","nation.n_nationkey"],"Hash Cond":"(mod((stock.s_w_id * stock.s_i_id), 10000) = supplier.su_suppkey)","Shared Hit Blocks":219,"Shared Read Blocks":0,"Shared Dirtied Blocks":0,"Shared Written Blocks":0,"Local Hit Blocks":0,"Local Read Blocks":0,"Local Dirtied Blocks":0,"Local Written Blocks":0,"Temp Read Blocks":0,"Temp Written Blocks":0,"I/O Read Time":0.0,"I/O Write Time":0.0,"Temp I/O Read Time":0.0,"Temp I/O Write Time":0.0,"Plans":[{"Node Type":"Hash Join","Parent Relationship":"Outer","Parallel Aware":false,"Async Capable":false,"Join Type":"Inner","Startup Cost":29323.02,"Total Cost":480915.59,"Plan Rows":21214932,"Plan Width":22,"Actual Startup Time":565.994,"Actual Total Time":1467.35,"Actual Rows":4311079,"Actual Loops":1,"Output":["order_line.ol_amount","order_line.ol_o_id","order_line.ol_w_id","order_line.ol_d_id","stock.s_w_id","stock.s_i_id"],"Hash Cond":"((order_line.ol_w_id = stock.s_w_id) AND (order_line.ol_i_id = stock.s_i_id))","Rows Removed by Bloom Filter":0,"Shared Hit Blocks":0,"Shared Read Blocks":0,"Shared Dirtied Blocks":0,"Shared Written Blocks":0,"Local Hit Blocks":0,"Local Read Blocks":0,"Local Dirtied Blocks":0,"Local Written Blocks":0,"Temp Read Blocks":0,"Temp Written Blocks":0,"I/O Read Time":0.0,"I/O Write Time":0.0,"Temp I/O Read Time":0.0,"Temp I/O Write Time":0.0,"Plans":[{"Node Type":"Append","Parent Relationship":"Outer","Parallel Aware":false,"Async Capable":false,"Startup Cost":20.0,"Total Cost":533646.5,"Plan Rows":20926367,"Plan Width":20,"Actual Startup Time":122.805,"Actual Total Time":122.811,"Actual Rows":4311079,"Actual Loops":1,"Shared Hit Blocks":0,"Shared Read Blocks":0,"Shared Dirtied Blocks":0,"Shared Written Blocks":0,"Local Hit Blocks":0,"Local Read Blocks":0,"Local Dirtied Blocks":0,"Local Written Blocks":0,"Temp Read Blocks":0,"Temp Written Blocks":0,"I/O Read Time":0.0,"I/O Write Time":0.0,"Temp I/O Read Time":0.0,"Temp I/O Write Time":0.0,"Subplans Removed":0,"Plans":[{"Node Type":"Custom Scan","Parent Relationship":"Member","Custom Plan Provider":"columnar scan","Parallel Aware":false,"Async Capable":false,"Relation Name":"order_line","Schema":"public","Alias":"order_line","Startup Cost":20.0,"Total Cost":533641.75,"Plan Rows":20926325,"Plan Width":20,"Actual Startup Time":122.802,"Actual Total Time":122.804,"Actual Rows":4311079,"Actual Loops":1,"Output":["order_line.ol_amount","order_line.ol_o_id","order_line.ol_w_id","order_line.ol_d_id","order_line.ol_i_id"],"Filter":"(order_line.ol_delivery_d >= '1992-01-02 20:10:02.27764'::timestamp without time zone)","Rows Removed by Filter":0,"Rows Removed by Columnar Filter":25686653,"Rows Filtered by Bloom Filter":0,"Dictionary Rows Filtered by Bloom Filter":25686653,"Columnar cache search mode":"native","Shared Hit Blocks":0,"Shared Read Blocks":0,"Shared Dirtied Blocks":0,"Shared Written Blocks":0,"Local Hit Blocks":0,"Local Read Blocks":0,"Local Dirtied Blocks":0,"Local Written Blocks":0,"Temp Read Blocks":0,"Temp Written Blocks":0,"I/O Read Time":0.0,"I/O Write Time":0.0,"Temp I/O Read Time":0.0,"Temp I/O Write Time":0.0},{"Node Type":"Seq Scan","Parent Relationship":"Member","Parallel Aware":false,"Async Capable":false,"Relation Name":"order_line","Schema":"public","Alias":"order_line","Startup Cost":0.0,"Total Cost":4.75,"Plan Rows":42,"Plan Width":20,"Actual Startup Time":0.0,"Actual Total Time":0.0,"Actual Rows":0,"Actual Loops":0,"Output":["order_line.ol_amount","order_line.ol_o_id","order_line.ol_w_id","order_line.ol_d_id","order_line.ol_i_id"],"Filter":"(order_line.ol_delivery_d >= '1992-01-02 20:10:02.27764'::timestamp without time zone)","Rows Removed by Filter":0,"Shared Hit Blocks":0,"Shared Read Blocks":0,"Shared Dirtied Blocks":0,"Shared Written Blocks":0,"Local Hit Blocks":0,"Local Read Blocks":0,"Local Dirtied Blocks":0,"Local Written Blocks":0,"Temp Read Blocks":0,"Temp Written Blocks":0,"I/O Read Time":0.0,"I/O Write Time":0.0,"Temp I/O Read Time":0.0,"Temp I/O Write Time":0.0}]},{"Node Type":"Hash","Parent Relationship":"Inner","Parallel Aware":false,"Async Capable":false,"Startup Cost":195025.67,"Total Cost":195025.67,"Plan Rows":10000162,"Plan Width":6,"Actual Rows":10000000,"Actual Loops":1,"Output":["stock.s_w_id","stock.s_i_id"],"Shared Hit Blocks":0,"Shared Read Blocks":0,"Shared Dirtied Blocks":0,"Shared Written Blocks":0,"Local Hit Blocks":0,"Local Read Blocks":0,"Local Dirtied Blocks":0,"Local Written Blocks":0,"Temp Read Blocks":0,"Temp Written Blocks":0,"I/O Read Time":0.0,"I/O Write Time":0.0,"Temp I/O Read Time":0.0,"Temp I/O Write Time":0.0,"Plans":[{"Node Type":"Append","Parent Relationship":"Outer","Parallel Aware":false,"Async Capable":false,"Startup Cost":20.0,"Total Cost":195025.67,"Plan Rows":10000162,"Plan Width":6,"Actual Startup Time":0.256,"Actual Total Time":0.257,"Actual Rows":10000000,"Actual Loops":1,"Shared Hit Blocks":0,"Shared Read Blocks":0,"Shared Dirtied Blocks":0,"Shared Written Blocks":0,"Local Hit Blocks":0,"Local Read Blocks":0,"Local Dirtied Blocks":0,"Local Written Blocks":0,"Temp Read Blocks":0,"Temp Written Blocks":0,"I/O Read Time":0.0,"I/O Write Time":0.0,"Temp I/O Read Time":0.0,"Temp I/O Write Time":0.0,"Subplans Removed":0,"Plans":[{"Node Type":"Custom Scan","Parent Relationship":"Member","Custom Plan Provider":"columnar scan","Parallel Aware":false,"Async Capable":false,"Relation Name":"stock","Schema":"public","Alias":"stock","Startup Cost":20.0,"Total Cost":195020.05,"Plan Rows":10000000,"Plan Width":6,"Actual Startup Time":0.253,"Actual Total Time":0.254,"Actual Rows":10000000,"Actual Loops":1,"Output":["stock.s_w_id","stock.s_i_id"],"Rows Removed by Columnar Filter":0,"Columnar cache search mode":"native","Shared Hit Blocks":0,"Shared Read Blocks":0,"Shared Dirtied Blocks":0,"Shared Written Blocks":0,"Local Hit Blocks":0,"Local Read Blocks":0,"Local Dirtied Blocks":0,"Local Written Blocks":0,"Temp Read Blocks":0,"Temp Written Blocks":0,"I/O Read Time":0.0,"I/O Write Time":0.0,"Temp I/O Read Time":0.0,"Temp I/O Write Time":0.0},{"Node Type":"Seq Scan","Parent Relationship":"Member","Parallel Aware":false,"Async Capable":false,"Relation Name":"stock","Schema":"public","Alias":"stock","Startup Cost":0.0,"Total Cost":5.62,"Plan Rows":162,"Plan Width":6,"Actual Startup Time":0.0,"Actual Total Time":0.0,"Actual Rows":0,"Actual Loops":0,"Output":["stock.s_w_id","stock.s_i_id"],"Shared Hit Blocks":0,"Shared Read Blocks":0,"Shared Dirtied Blocks":0,"Shared Written Blocks":0,"Local Hit Blocks":0,"Local Read Blocks":0,"Local Dirtied Blocks":0,"Local Written Blocks":0,"Temp Read Blocks":0,"Temp Written Blocks":0,"I/O Read Time":0.0,"I/O Write Time":0.0,"Temp I/O Read Time":0.0,"Temp I/O Write Time":0.0}]}]}]},{"Node Type":"Hash","Parent Relationship":"Inner","Parallel Aware":false,"Async Capable":false,"Startup Cost":376.99,"Total Cost":376.99,"Plan Rows":2000,"Plan Width":20,"Actual Startup Time":2.787,"Actual Total Time":2.796,"Actual Rows":3506,"Actual Loops":1,"Output":["supplier.su_suppkey","supplier.su_nationkey","nation.n_name","nation.n_nationkey"],"Hash Buckets":4096,"Original Hash Buckets":2048,"Hash Batches":1,"Original Hash Batches":1,"Peak Memory Usage":217,"Shared Hit Blocks":219,"Shared Read Blocks":0,"Shared Dirtied Blocks":0,"Shared Written Blocks":0,"Local Hit Blocks":0,"Local Read Blocks":0,"Local Dirtied Blocks":0,"Local Written Blocks":0,"Temp Read Blocks":0,"Temp Written Blocks":0,"I/O Read Time":0.0,"I/O Write Time":0.0,"Temp I/O Read Time":0.0,"Temp I/O Write Time":0.0,"Plans":[{"Node Type":"Hash Join","Parent Relationship":"Outer","Parallel Aware":false,"Async Capable":false,"Join Type":"Inner","Startup Cost":3.14,"Total Cost":376.99,"Plan Rows":2000,"Plan Width":20,"Actual Startup Time":0.067,"Actual Total Time":2.213,"Actual Rows":3506,"Actual Loops":1,"Output":["supplier.su_suppkey","supplier.su_nationkey","nation.n_name","nation.n_nationkey"],"Hash Cond":"(supplier.su_nationkey = nation.n_nationkey)","Shared Hit Blocks":219,"Shared Read Blocks":0,"Shared Dirtied Blocks":0,"Shared Written Blocks":0,"Local Hit Blocks":0,"Local Read Blocks":0,"Local Dirtied Blocks":0,"Local Written Blocks":0,"Temp Read Blocks":0,"Temp Written Blocks":0,"I/O Read Time":0.0,"I/O Write Time":0.0,"Temp I/O Read Time":0.0,"Temp I/O Write Time":0.0,"Plans":[{"Node Type":"Seq Scan","Parent Relationship":"Outer","Parallel Aware":false,"Async Capable":false,"Relation Name":"supplier","Schema":"public","Alias":"supplier","Startup Cost":0.0,"Total Cost":317.0,"Plan Rows":10000,"Plan Width":8,"Actual Startup Time":0.011,"Actual Total Time":0.78,"Actual Rows":10000,"Actual Loops":1,"Output":["supplier.su_suppkey","supplier.su_name","supplier.su_address","supplier.su_nationkey","supplier.su_phone","supplier.su_acctbal","supplier.su_comment"],"Shared Hit Blocks":217,"Shared Read Blocks":0,"Shared Dirtied Blocks":0,"Shared Written Blocks":0,"Local Hit Blocks":0,"Local Read Blocks":0,"Local Dirtied Blocks":0,"Local Written Blocks":0,"Temp Read Blocks":0,"Temp Written Blocks":0,"I/O Read Time":0.0,"I/O Write Time":0.0,"Temp I/O Read Time":0.0,"Temp I/O Write Time":0.0},{"Node Type":"Hash","Parent Relationship":"Inner","Parallel Aware":false,"Async Capable":false,"Startup Cost":2.99,"Total Cost":2.99,"Plan Rows":12,"Plan Width":12,"Actual Startup Time":0.045,"Actual Total Time":0.051,"Actual Rows":22,"Actual Loops":1,"Output":["nation.n_name","nation.n_nationkey"],"Hash Buckets":1024,"Original Hash Buckets":1024,"Hash Batches":1,"Original Hash Batches":1,"Peak Memory Usage":9,"Shared Hit Blocks":2,"Shared Read Blocks":0,"Shared Dirtied Blocks":0,"Shared Written Blocks":0,"Local Hit Blocks":0,"Local Read Blocks":0,"Local Dirtied Blocks":0,"Local Written Blocks":0,"Temp Read Blocks":0,"Temp Written Blocks":0,"I/O Read Time":0.0,"I/O Write Time":0.0,"Temp I/O Read Time":0.0,"Temp I/O Write Time":0.0,"Plans":[{"Node Type":"Hash Join","Parent Relationship":"Outer","Parallel Aware":false,"Async Capable":false,"Join Type":"Inner","Startup Cost":1.07,"Total Cost":2.99,"Plan Rows":12,"Plan Width":12,"Actual Startup Time":0.028,"Actual Total Time":0.044,"Actual Rows":22,"Actual Loops":1,"Output":["nation.n_name","nation.n_nationkey"],"Hash Cond":"(nation.n_regionkey = region.r_regionkey)","Shared Hit Blocks":2,"Shared Read Blocks":0,"Shared Dirtied Blocks":0,"Shared Written Blocks":0,"Local Hit Blocks":0,"Local Read Blocks":0,"Local Dirtied Blocks":0,"Local Written Blocks":0,"Temp Read Blocks":0,"Temp Written Blocks":0,"I/O Read Time":0.0,"I/O Write Time":0.0,"Temp I/O Read Time":0.0,"Temp I/O Write Time":0.0,"Plans":[{"Node Type":"Seq Scan","Parent Relationship":"Outer","Parallel Aware":false,"Async Capable":false,"Relation Name":"nation","Schema":"public","Alias":"nation","Startup Cost":0.0,"Total Cost":1.62,"Plan Rows":62,"Plan Width":16,"Actual Startup Time":0.004,"Actual Total Time":0.008,"Actual Rows":62,"Actual Loops":1,"Output":["nation.n_nationkey","nation.n_name","nation.n_regionkey","nation.n_comment"],"Shared Hit Blocks":1,"Shared Read Blocks":0,"Shared Dirtied Blocks":0,"Shared Written Blocks":0,"Local Hit Blocks":0,"Local Read Blocks":0,"Local Dirtied Blocks":0,"Local Written Blocks":0,"Temp Read Blocks":0,"Temp Written Blocks":0,"I/O Read Time":0.0,"I/O Write Time":0.0,"Temp I/O Read Time":0.0,"Temp I/O Write Time":0.0},{"Node Type":"Hash","Parent Relationship":"Inner","Parallel Aware":false,"Async Capable":false,"Startup Cost":1.06,"Total Cost":1.06,"Plan Rows":1,"Plan Width":4,"Actual Startup Time":0.012,"Actual Total Time":0.014,"Actual Rows":1,"Actual Loops":1,"Output":["region.r_regionkey"],"Hash Buckets":1024,"Original Hash Buckets":1024,"Hash Batches":1,"Original Hash Batches":1,"Peak Memory Usage":9,"Shared Hit Blocks":1,"Shared Read Blocks":0,"Shared Dirtied Blocks":0,"Shared Written Blocks":0,"Local Hit Blocks":0,"Local Read Blocks":0,"Local Dirtied Blocks":0,"Local Written Blocks":0,"Temp Read Blocks":0,"Temp Written Blocks":0,"I/O Read Time":0.0,"I/O Write Time":0.0,"Temp I/O Read Time":0.0,"Temp I/O Write Time":0.0,"Plans":[{"Node Type":"Seq Scan","Parent Relationship":"Outer","Parallel Aware":false,"Async Capable":false,"Relation Name":"region","Schema":"public","Alias":"region","Startup Cost":0.0,"Total Cost":1.06,"Plan Rows":1,"Plan Width":4,"Actual Startup Time":0.009,"Actual Total Time":0.01,"Actual Rows":1,"Actual Loops":1,"Output":["region.r_regionkey"],"Filter":"((region.r_name)::text = 'Europe'::text)","Rows Removed by Filter":4,"Shared Hit Blocks":1,"Shared Read Blocks":0,"Shared Dirtied Blocks":0,"Shared Written Blocks":0,"Local Hit Blocks":0,"Local Read Blocks":0,"Local Dirtied Blocks":0,"Local Written Blocks":0,"Temp Read Blocks":0,"Temp Written Blocks":0,"I/O Read Time":0.0,"I/O Write Time":0.0,"Temp I/O Read Time":0.0,"Temp I/O Write Time":0.0}]}]}]}]}]}]},{"Node Type":"Hash","Parent Relationship":"Inner","Parallel Aware":false,"Async Capable":false,"Startup Cost":67059.0,"Total Cost":67059.0,"Plan Rows":426548,"Plan Width":16,"Actual Startup Time":328.028,"Actual Total Time":328.029,"Actual Rows":428399,"Actual Loops":1,"Output":["orders.o_c_id","orders.o_w_id","orders.o_d_id","orders.o_id"],"Hash Buckets":262144,"Original Hash Buckets":262144,"Hash Batches":4,"Original Hash Batches":4,"Peak Memory Usage":7080,"Shared Hit Blocks":22059,"Shared Read Blocks":0,"Shared Dirtied Blocks":0,"Shared Written Blocks":0,"Local Hit Blocks":0,"Local Read Blocks":0,"Local Dirtied Blocks":0,"Local Written Blocks":0,"Temp Read Blocks":0,"Temp Written Blocks":1410,"I/O Read Time":0.0,"I/O Write Time":0.0,"Temp I/O Read Time":0.0,"Temp I/O Write Time":6.355,"Plans":[{"Node Type":"Seq Scan","Parent Relationship":"Outer","Parallel Aware":false,"Async Capable":false,"Relation Name":"orders","Schema":"public","Alias":"orders","Startup Cost":0.0,"Total Cost":67059.0,"Plan Rows":426548,"Plan Width":16,"Actual Startup Time":0.786,"Actual Total Time":222.648,"Actual Rows":428399,"Actual Loops":1,"Output":["orders.o_c_id","orders.o_w_id","orders.o_d_id","orders.o_id"],"Filter":"((orders.o_entry_d >= '1993-01-02 20:10:02.27764'::timestamp without time zone) AND (orders.o_entry_d < '1994-01-02 20:10:02.27764'::timestamp without time zone))","Rows Removed by Filter":2571601,"Shared Hit Blocks":22059,"Shared Read Blocks":0,"Shared Dirtied Blocks":0,"Shared Written Blocks":0,"Local Hit Blocks":0,"Local Read Blocks":0,"Local Dirtied Blocks":0,"Local Written Blocks":0,"Temp Read Blocks":0,"Temp Written Blocks":0,"I/O Read Time":0.0,"I/O Write Time":0.0,"Temp I/O Read Time":0.0,"Temp I/O Write Time":0.0}]}]},{"Node Type":"Hash","Parent Relationship":"Inner","Parallel Aware":false,"Async Capable":false,"Startup Cost":259601.38,"Total Cost":259601.38,"Plan Rows":2999738,"Plan Width":12,"Actual Startup Time":1183.081,"Actual Total Time":1183.081,"Actual Rows":3000000,"Actual Loops":1,"Output":["customer.c_id","customer.c_w_id","customer.c_d_id","customer.c_nationkey"],"Hash Buckets":262144,"Original Hash Buckets":262144,"Hash Batches":32,"Original Hash Batches":32,"Peak Memory Usage":6058,"Shared Hit Blocks":229604,"Shared Read Blocks":0,"Shared Dirtied Blocks":0,"Shared Written Blocks":0,"Local Hit Blocks":0,"Local Read Blocks":0,"Local Dirtied Blocks":0,"Local Written Blocks":0,"Temp Read Blocks":0,"Temp Written Blocks":11339,"I/O Read Time":0.0,"I/O Write Time":0.0,"Temp I/O Read Time":0.0,"Temp I/O Write Time":54.647,"Plans":[{"Node Type":"Seq Scan","Parent Relationship":"Outer","Parallel Aware":false,"Async Capable":false,"Relation Name":"customer","Schema":"public","Alias":"customer","Startup Cost":0.0,"Total Cost":259601.38,"Plan Rows":2999738,"Plan Width":12,"Actual Startup Time":0.015,"Actual Total Time":654.485,"Actual Rows":3000000,"Actual Loops":1,"Output":["customer.c_id","customer.c_w_id","customer.c_d_id","customer.c_nationkey"],"Shared Hit Blocks":229604,"Shared Read Blocks":0,"Shared Dirtied Blocks":0,"Shared Written Blocks":0,"Local Hit Blocks":0,"Local Read Blocks":0,"Local Dirtied Blocks":0,"Local Written Blocks":0,"Temp Read Blocks":0,"Temp Written Blocks":0,"I/O Read Time":0.0,"I/O Write Time":0.0,"Temp I/O Read Time":0.0,"Temp I/O Write Time":0.0}]}]}]}]}]},"Planning":{"Shared Hit Blocks":16,"Shared Read Blocks":0,"Shared Dirtied Blocks":0,"Shared Written Blocks":0,"Local Hit Blocks":0,"Local Read Blocks":0,"Local Dirtied Blocks":0,"Local Written Blocks":0,"Temp Read Blocks":0,"Temp Written Blocks":0,"I/O Read Time":0.0,"I/O Write Time":0.0,"Temp I/O Read Time":0.0,"Temp I/O Write Time":0.0},"Planning Time":5.249,"Triggers":[],"Execution Time":5179.21}]
[列存组合]: nation, order_line, supplier
[{"Plan":{"Node Type":"Sort","Parallel Aware":false,"Async Capable":false,"Startup Cost":2003050.26,"Total Cost":2003050.41,"Plan Rows":62,"Plan Width":40,"Actual Startup Time":10249.2,"Actual Total Time":10249.233,"Actual Rows":11,"Actual Loops":1,"Output":["nation.n_name","(sum(order_line.ol_amount))"],"Sort Key":["(sum(order_line.ol_amount)) DESC"],"Sort Method":"quicksort","Sort Space Used":25,"Sort Space Type":"Memory","Shared Hit Blocks":279003,"Shared Read Blocks":0,"Shared Dirtied Blocks":0,"Shared Written Blocks":0,"Local Hit Blocks":0,"Local Read Blocks":0,"Local Dirtied Blocks":0,"Local Written Blocks":0,"Temp Read Blocks":62236,"Temp Written Blocks":62263,"I/O Read Time":0.0,"I/O Write Time":0.0,"Temp I/O Read Time":99.333,"Temp I/O Write Time":250.506,"Plans":[{"Node Type":"Aggregate","Strategy":"Sorted","Partial Mode":"Simple","Parent Relationship":"Outer","Parallel Aware":false,"Async Capable":false,"Startup Cost":2002974.47,"Total Cost":2003048.41,"Plan Rows":62,"Plan Width":40,"Actual Startup Time":10246.332,"Actual Total Time":10249.217,"Actual Rows":11,"Actual Loops":1,"Output":["nation.n_name","sum(order_line.ol_amount)"],"Group Key":["nation.n_name"],"Shared Hit Blocks":279003,"Shared Read Blocks":0,"Shared Dirtied Blocks":0,"Shared Written Blocks":0,"Local Hit Blocks":0,"Local Read Blocks":0,"Local Dirtied Blocks":0,"Local Written Blocks":0,"Temp Read Blocks":62236,"Temp Written Blocks":62263,"I/O Read Time":0.0,"I/O Write Time":0.0,"Temp I/O Read Time":99.333,"Temp I/O Write Time":250.506,"Plans":[{"Node Type":"Sort","Parent Relationship":"Outer","Parallel Aware":false,"Async Capable":false,"Startup Cost":2002974.47,"Total Cost":2002998.86,"Plan Rows":9755,"Plan Width":12,"Actual Startup Time":10246.119,"Actual Total Time":10246.912,"Actual Rows":17493,"Actual Loops":1,"Output":["nation.n_name","order_line.ol_amount"],"Sort Key":["nation.n_name"],"Sort Method":"quicksort","Sort Space Used":1725,"Sort Space Type":"Memory","Shared Hit Blocks":279003,"Shared Read Blocks":0,"Shared Dirtied Blocks":0,"Shared Written Blocks":0,"Local Hit Blocks":0,"Local Read Blocks":0,"Local Dirtied Blocks":0,"Local Written Blocks":0,"Temp Read Blocks":62236,"Temp Written Blocks":62263,"I/O Read Time":0.0,"I/O Write Time":0.0,"Temp I/O Read Time":99.333,"Temp I/O Write Time":250.506,"Plans":[{"Node Type":"Hash Join","Parent Relationship":"Outer","Parallel Aware":false,"Async Capable":false,"Join Type":"Inner","Startup Cost":1678831.2,"Total Cost":2002328.11,"Plan Rows":9755,"Plan Width":12,"Actual Startup Time":8410.103,"Actual Total Time":10236.881,"Actual Rows":17493,"Actual Loops":1,"Output":["nation.n_name","order_line.ol_amount"],"Inner Unique":true,"Hash Cond":"((mod((stock.s_w_id * stock.s_i_id), 10000) = supplier.su_suppkey) AND (customer.c_nationkey = supplier.su_nationkey))","Shared Hit Blocks":279003,"Shared Read Blocks":0,"Shared Dirtied Blocks":0,"Shared Written Blocks":0,"Local Hit Blocks":0,"Local Read Blocks":0,"Local Dirtied Blocks":0,"Local Written Blocks":0,"Temp Read Blocks":62236,"Temp Written Blocks":62263,"I/O Read Time":0.0,"I/O Write Time":0.0,"Temp I/O Read Time":99.333,"Temp I/O Write Time":250.506,"Plans":[{"Node Type":"Merge Join","Parent Relationship":"Outer","Parallel Aware":false,"Async Capable":false,"Join Type":"Inner","Startup Cost":1678462.18,"Total Cost":1998643.95,"Plan Rows":602749,"Plan Width":26,"Actual Startup Time":8406.55,"Actual Total Time":10095.626,"Actual Rows":1109507,"Actual Loops":1,"Output":["customer.c_nationkey","order_line.ol_amount","stock.s_w_id","stock.s_i_id","nation.n_name","nation.n_nationkey"],"Inner Unique":true,"Merge Cond":"((customer.c_w_id = stock.s_w_id) AND (order_line.ol_i_id = stock.s_i_id))","Shared Hit Blocks":279003,"Shared Read Blocks":0,"Shared Dirtied Blocks":0,"Shared Written Blocks":0,"Local Hit Blocks":0,"Local Read Blocks":0,"Local Dirtied Blocks":0,"Local Written Blocks":0,"Temp Read Blocks":62236,"Temp Written Blocks":62263,"I/O Read Time":0.0,"I/O Write Time":0.0,"Temp I/O Read Time":99.333,"Temp I/O Write Time":250.506,"Plans":[{"Node Type":"Sort","Parent Relationship":"Outer","Parallel Aware":false,"Async Capable":false,"Startup Cost":1678461.74,"Total Cost":1679949.42,"Plan Rows":595073,"Plan Width":30,"Actual Startup Time":8406.486,"Actual Total Time":8585.7,"Actual Rows":1109507,"Actual Loops":1,"Output":["customer.c_w_id","customer.c_nationkey","orders.o_w_id","order_line.ol_amount","order_line.ol_w_id","order_line.ol_i_id","nation.n_name","nation.n_nationkey"],"Sort Key":["customer.c_w_id","order_line.ol_i_id"],"Sort Method":"external merge","Sort Space Used":47304,"Sort Space Type":"Disk","Shared Hit Blocks":251665,"Shared Read Blocks":0,"Shared Dirtied Blocks":0,"Shared Written Blocks":0,"Local Hit Blocks":0,"Local Read Blocks":0,"Local Dirtied Blocks":0,"Local Written Blocks":0,"Temp Read Blocks":62236,"Temp Written Blocks":62263,"I/O Read Time":0.0,"I/O Write Time":0.0,"Temp I/O Read Time":99.333,"Temp I/O Write Time":250.506,"Plans":[{"Node Type":"Hash Join","Parent Relationship":"Outer","Parallel Aware":false,"Async Capable":false,"Join Type":"Inner","Startup Cost":403374.53,"Total Cost":1607148.18,"Plan Rows":595073,"Plan Width":30,"Actual Startup Time":1489.038,"Actual Total Time":7025.397,"Actual Rows":1109507,"Actual Loops":1,"Output":["customer.c_w_id","customer.c_nationkey","orders.o_w_id","order_line.ol_amount","order_line.ol_w_id","order_line.ol_i_id","nation.n_name","nation.n_nationkey"],"Inner Unique":false,"Hash Cond":"(customer.c_nationkey = nation.n_nationkey)","Shared Hit Blocks":251665,"Shared Read Blocks":0,"Shared Dirtied Blocks":0,"Shared Written Blocks":0,"Local Hit Blocks":0,"Local Read Blocks":0,"Local Dirtied Blocks":0,"Local Written Blocks":0,"Temp Read Blocks":50419,"Temp Written Blocks":50419,"I/O Read Time":0.0,"I/O Write Time":0.0,"Temp I/O Read Time":81.734,"Temp I/O Write Time":219.444,"Plans":[{"Node Type":"Hash Join","Parent Relationship":"Outer","Parallel Aware":false,"Async Capable":false,"Join Type":"Inner","Startup Cost":403371.39,"Total Cost":1590228.65,"Plan Rows":2975367,"Plan Width":18,"Actual Startup Time":1481.926,"Actual Total Time":6607.257,"Actual Rows":4284922,"Actual Loops":1,"Output":["customer.c_w_id","customer.c_nationkey","orders.o_w_id","order_line.ol_amount","order_line.ol_w_id","order_line.ol_i_id"],"Inner Unique":true,"Hash Cond":"((orders.o_c_id = customer.c_id) AND (orders.o_w_id = customer.c_w_id) AND (orders.o_d_id = customer.c_d_id))","Shared Hit Blocks":251663,"Shared Read Blocks":0,"Shared Dirtied Blocks":0,"Shared Written Blocks":0,"Local Hit Blocks":0,"Local Read Blocks":0,"Local Dirtied Blocks":0,"Local Written Blocks":0,"Temp Read Blocks":50419,"Temp Written Blocks":50419,"I/O Read Time":0.0,"I/O Write Time":0.0,"Temp I/O Read Time":81.734,"Temp I/O Write Time":219.444,"Plans":[{"Node Type":"Hash Join","Parent Relationship":"Outer","Parallel Aware":false,"Async Capable":false,"Join Type":"Inner","Startup Cost":76626.59,"Total Cost":1190536.82,"Plan Rows":2975367,"Plan Width":20,"Actual Startup Time":325.776,"Actual Total Time":3331.589,"Actual Rows":4284922,"Actual Loops":1,"Output":["orders.o_c_id","orders.o_w_id","orders.o_d_id","order_line.ol_amount","order_line.ol_w_id","order_line.ol_d_id","order_line.ol_i_id"],"Inner Unique":true,"Hash Cond":"((order_line.ol_w_id = orders.o_w_id) AND (order_line.ol_d_id = orders.o_d_id) AND (order_line.ol_o_id = orders.o_id))","Shared Hit Blocks":22059,"Shared Read Blocks":0,"Shared Dirtied Blocks":0,"Shared Written Blocks":0,"Local Hit Blocks":0,"Local Read Blocks":0,"Local Dirtied Blocks":0,"Local Written Blocks":0,"Temp Read Blocks":18772,"Temp Written Blocks":18772,"I/O Read Time":0.0,"I/O Write Time":0.0,"Temp I/O Read Time":31.19,"Temp I/O Write Time":76.172,"Plans":[{"Node Type":"Append","Parent Relationship":"Outer","Parallel Aware":false,"Async Capable":false,"Startup Cost":20.0,"Total Cost":701820.0,"Plan Rows":20926367,"Plan Width":20,"Actual Startup Time":1.393,"Actual Total Time":1295.976,"Actual Rows":4311079,"Actual Loops":1,"Shared Hit Blocks":0,"Shared Read Blocks":0,"Shared Dirtied Blocks":0,"Shared Written Blocks":0,"Local Hit Blocks":0,"Local Read Blocks":0,"Local Dirtied Blocks":0,"Local Written Blocks":0,"Temp Read Blocks":0,"Temp Written Blocks":0,"I/O Read Time":0.0,"I/O Write Time":0.0,"Temp I/O Read Time":0.0,"Temp I/O Write Time":0.0,"Subplans Removed":0,"Plans":[{"Node Type":"Custom Scan","Parent Relationship":"Member","Custom Plan Provider":"columnar scan","Parallel Aware":false,"Async Capable":false,"Relation Name":"order_line","Schema":"public","Alias":"order_line","Startup Cost":20.0,"Total Cost":533641.75,"Plan Rows":20926325,"Plan Width":20,"Actual Startup Time":1.391,"Actual Total Time":992.377,"Actual Rows":4311079,"Actual Loops":1,"Output":["order_line.ol_amount","order_line.ol_o_id","order_line.ol_w_id","order_line.ol_d_id","order_line.ol_i_id"],"Filter":"(order_line.ol_delivery_d >= '1992-01-02 20:10:02.27764'::timestamp without time zone)","Rows Removed by Filter":0,"Rows Removed by Columnar Filter":25686653,"Rows Filtered by Bloom Filter":0,"Dictionary Rows Filtered by Bloom Filter":25686653,"Columnar cache search mode":"native","Shared Hit Blocks":0,"Shared Read Blocks":0,"Shared Dirtied Blocks":0,"Shared Written Blocks":0,"Local Hit Blocks":0,"Local Read Blocks":0,"Local Dirtied Blocks":0,"Local Written Blocks":0,"Temp Read Blocks":0,"Temp Written Blocks":0,"I/O Read Time":0.0,"I/O Write Time":0.0,"Temp I/O Read Time":0.0,"Temp I/O Write Time":0.0},{"Node Type":"Seq Scan","Parent Relationship":"Member","Parallel Aware":false,"Async Capable":false,"Relation Name":"order_line","Schema":"public","Alias":"order_line","Startup Cost":0.0,"Total Cost":4.75,"Plan Rows":42,"Plan Width":20,"Actual Startup Time":0.0,"Actual Total Time":0.0,"Actual Rows":0,"Actual Loops":0,"Output":["order_line.ol_amount","order_line.ol_o_id","order_line.ol_w_id","order_line.ol_d_id","order_line.ol_i_id"],"Filter":"(order_line.ol_delivery_d >= '1992-01-02 20:10:02.27764'::timestamp without time zone)","Rows Removed by Filter":0,"Shared Hit Blocks":0,"Shared Read Blocks":0,"Shared Dirtied Blocks":0,"Shared Written Blocks":0,"Local Hit Blocks":0,"Local Read Blocks":0,"Local Dirtied Blocks":0,"Local Written Blocks":0,"Temp Read Blocks":0,"Temp Written Blocks":0,"I/O Read Time":0.0,"I/O Write Time":0.0,"Temp I/O Read Time":0.0,"Temp I/O Write Time":0.0}]},{"Node Type":"Hash","Parent Relationship":"Inner","Parallel Aware":false,"Async Capable":false,"Startup Cost":67059.0,"Total Cost":67059.0,"Plan Rows":426548,"Plan Width":16,"Actual Startup Time":323.392,"Actual Total Time":323.395,"Actual Rows":428399,"Actual Loops":1,"Output":["orders.o_c_id","orders.o_w_id","orders.o_d_id","orders.o_id"],"Hash Buckets":262144,"Original Hash Buckets":262144,"Hash Batches":4,"Original Hash Batches":4,"Peak Memory Usage":7080,"Shared Hit Blocks":22059,"Shared Read Blocks":0,"Shared Dirtied Blocks":0,"Shared Written Blocks":0,"Local Hit Blocks":0,"Local Read Blocks":0,"Local Dirtied Blocks":0,"Local Written Blocks":0,"Temp Read Blocks":0,"Temp Written Blocks":1410,"I/O Read Time":0.0,"I/O Write Time":0.0,"Temp I/O Read Time":0.0,"Temp I/O Write Time":6.119,"Plans":[{"Node Type":"Seq Scan","Parent Relationship":"Outer","Parallel Aware":false,"Async Capable":false,"Relation Name":"orders","Schema":"public","Alias":"orders","Startup Cost":0.0,"Total Cost":67059.0,"Plan Rows":426548,"Plan Width":16,"Actual Startup Time":0.797,"Actual Total Time":221.567,"Actual Rows":428399,"Actual Loops":1,"Output":["orders.o_c_id","orders.o_w_id","orders.o_d_id","orders.o_id"],"Filter":"((orders.o_entry_d >= '1993-01-02 20:10:02.27764'::timestamp without time zone) AND (orders.o_entry_d < '1994-01-02 20:10:02.27764'::timestamp without time zone))","Rows Removed by Filter":2571601,"Shared Hit Blocks":22059,"Shared Read Blocks":0,"Shared Dirtied Blocks":0,"Shared Written Blocks":0,"Local Hit Blocks":0,"Local Read Blocks":0,"Local Dirtied Blocks":0,"Local Written Blocks":0,"Temp Read Blocks":0,"Temp Written Blocks":0,"I/O Read Time":0.0,"I/O Write Time":0.0,"Temp I/O Read Time":0.0,"Temp I/O Write Time":0.0}]}]},{"Node Type":"Hash","Parent Relationship":"Inner","Parallel Aware":false,"Async Capable":false,"Startup Cost":259601.38,"Total Cost":259601.38,"Plan Rows":2999738,"Plan Width":12,"Actual Startup Time":1154.324,"Actual Total Time":1154.326,"Actual Rows":3000000,"Actual Loops":1,"Output":["customer.c_id","customer.c_w_id","customer.c_d_id","customer.c_nationkey"],"Hash Buckets":262144,"Original Hash Buckets":262144,"Hash Batches":32,"Original Hash Batches":32,"Peak Memory Usage":6090,"Shared Hit Blocks":229604,"Shared Read Blocks":0,"Shared Dirtied Blocks":0,"Shared Written Blocks":0,"Local Hit Blocks":0,"Local Read Blocks":0,"Local Dirtied Blocks":0,"Local Written Blocks":0,"Temp Read Blocks":0,"Temp Written Blocks":11335,"I/O Read Time":0.0,"I/O Write Time":0.0,"Temp I/O Read Time":0.0,"Temp I/O Write Time":52.359,"Plans":[{"Node Type":"Seq Scan","Parent Relationship":"Outer","Parallel Aware":false,"Async Capable":false,"Relation Name":"customer","Schema":"public","Alias":"customer","Startup Cost":0.0,"Total Cost":259601.38,"Plan Rows":2999738,"Plan Width":12,"Actual Startup Time":0.009,"Actual Total Time":649.836,"Actual Rows":3000000,"Actual Loops":1,"Output":["customer.c_id","customer.c_w_id","customer.c_d_id","customer.c_nationkey"],"Shared Hit Blocks":229604,"Shared Read Blocks":0,"Shared Dirtied Blocks":0,"Shared Written Blocks":0,"Local Hit Blocks":0,"Local Read Blocks":0,"Local Dirtied Blocks":0,"Local Written Blocks":0,"Temp Read Blocks":0,"Temp Written Blocks":0,"I/O Read Time":0.0,"I/O Write Time":0.0,"Temp I/O Read Time":0.0,"Temp I/O Write Time":0.0}]}]},{"Node Type":"Hash","Parent Relationship":"Inner","Parallel Aware":false,"Async Capable":false,"Startup Cost":2.99,"Total Cost":2.99,"Plan Rows":12,"Plan Width":12,"Actual Startup Time":0.04,"Actual Total Time":0.047,"Actual Rows":22,"Actual Loops":1,"Output":["nation.n_name","nation.n_nationkey"],"Hash Buckets":1024,"Original Hash Buckets":1024,"Hash Batches":1,"Original Hash Batches":1,"Peak Memory Usage":9,"Shared Hit Blocks":2,"Shared Read Blocks":0,"Shared Dirtied Blocks":0,"Shared Written Blocks":0,"Local Hit Blocks":0,"Local Read Blocks":0,"Local Dirtied Blocks":0,"Local Written Blocks":0,"Temp Read Blocks":0,"Temp Written Blocks":0,"I/O Read Time":0.0,"I/O Write Time":0.0,"Temp I/O Read Time":0.0,"Temp I/O Write Time":0.0,"Plans":[{"Node Type":"Hash Join","Parent Relationship":"Outer","Parallel Aware":false,"Async Capable":false,"Join Type":"Inner","Startup Cost":1.07,"Total Cost":2.99,"Plan Rows":12,"Plan Width":12,"Actual Startup Time":0.024,"Actual Total Time":0.04,"Actual Rows":22,"Actual Loops":1,"Output":["nation.n_name","nation.n_nationkey"],"Inner Unique":true,"Hash Cond":"(nation.n_regionkey = region.r_regionkey)","Shared Hit Blocks":2,"Shared Read Blocks":0,"Shared Dirtied Blocks":0,"Shared Written Blocks":0,"Local Hit Blocks":0,"Local Read Blocks":0,"Local Dirtied Blocks":0,"Local Written Blocks":0,"Temp Read Blocks":0,"Temp Written Blocks":0,"I/O Read Time":0.0,"I/O Write Time":0.0,"Temp I/O Read Time":0.0,"Temp I/O Write Time":0.0,"Plans":[{"Node Type":"Seq Scan","Parent Relationship":"Outer","Parallel Aware":false,"Async Capable":false,"Relation Name":"nation","Schema":"public","Alias":"nation","Startup Cost":0.0,"Total Cost":1.62,"Plan Rows":62,"Plan Width":16,"Actual Startup Time":0.007,"Actual Total Time":0.011,"Actual Rows":62,"Actual Loops":1,"Output":["nation.n_nationkey","nation.n_name","nation.n_regionkey","nation.n_comment"],"Shared Hit Blocks":1,"Shared Read Blocks":0,"Shared Dirtied Blocks":0,"Shared Written Blocks":0,"Local Hit Blocks":0,"Local Read Blocks":0,"Local Dirtied Blocks":0,"Local Written Blocks":0,"Temp Read Blocks":0,"Temp Written Blocks":0,"I/O Read Time":0.0,"I/O Write Time":0.0,"Temp I/O Read Time":0.0,"Temp I/O Write Time":0.0},{"Node Type":"Hash","Parent Relationship":"Inner","Parallel Aware":false,"Async Capable":false,"Startup Cost":1.06,"Total Cost":1.06,"Plan Rows":1,"Plan Width":4,"Actual Startup Time":0.008,"Actual Total Time":0.01,"Actual Rows":1,"Actual Loops":1,"Output":["region.r_regionkey"],"Hash Buckets":1024,"Original Hash Buckets":1024,"Hash Batches":1,"Original Hash Batches":1,"Peak Memory Usage":9,"Shared Hit Blocks":1,"Shared Read Blocks":0,"Shared Dirtied Blocks":0,"Shared Written Blocks":0,"Local Hit Blocks":0,"Local Read Blocks":0,"Local Dirtied Blocks":0,"Local Written Blocks":0,"Temp Read Blocks":0,"Temp Written Blocks":0,"I/O Read Time":0.0,"I/O Write Time":0.0,"Temp I/O Read Time":0.0,"Temp I/O Write Time":0.0,"Plans":[{"Node Type":"Seq Scan","Parent Relationship":"Outer","Parallel Aware":false,"Async Capable":false,"Relation Name":"region","Schema":"public","Alias":"region","Startup Cost":0.0,"Total Cost":1.06,"Plan Rows":1,"Plan Width":4,"Actual Startup Time":0.006,"Actual Total Time":0.007,"Actual Rows":1,"Actual Loops":1,"Output":["region.r_regionkey"],"Filter":"((region.r_name)::text = 'Europe'::text)","Rows Removed by Filter":4,"Shared Hit Blocks":1,"Shared Read Blocks":0,"Shared Dirtied Blocks":0,"Shared Written Blocks":0,"Local Hit Blocks":0,"Local Read Blocks":0,"Local Dirtied Blocks":0,"Local Written Blocks":0,"Temp Read Blocks":0,"Temp Written Blocks":0,"I/O Read Time":0.0,"I/O Write Time":0.0,"Temp I/O Read Time":0.0,"Temp I/O Write Time":0.0}]}]}]}]}]},{"Node Type":"Index Only Scan","Parent Relationship":"Inner","Parallel Aware":false,"Async Capable":false,"Scan Direction":"Forward","Index Name":"stock_pk","Relation Name":"stock","Schema":"public","Alias":"stock","Startup Cost":0.43,"Total Cost":259690.86,"Plan Rows":10000162,"Plan Width":6,"Actual Startup Time":0.049,"Actual Total Time":705.638,"Actual Rows":9999996,"Actual Loops":1,"Output":["stock.s_w_id","stock.s_i_id"],"Heap Fetches":0,"Shared Hit Blocks":27338,"Shared Read Blocks":0,"Shared Dirtied Blocks":0,"Shared Written Blocks":0,"Local Hit Blocks":0,"Local Read Blocks":0,"Local Dirtied Blocks":0,"Local Written Blocks":0,"Temp Read Blocks":0,"Temp Written Blocks":0,"I/O Read Time":0.0,"I/O Write Time":0.0,"Temp I/O Read Time":0.0,"Temp I/O Write Time":0.0}]},{"Node Type":"Hash","Parent Relationship":"Inner","Parallel Aware":false,"Async Capable":false,"Startup Cost":219.01,"Total Cost":219.01,"Plan Rows":10001,"Plan Width":8,"Actual Startup Time":3.131,"Actual Total Time":3.134,"Actual Rows":10000,"Actual Loops":1,"Output":["supplier.su_suppkey","supplier.su_nationkey"],"Hash Buckets":16384,"Original Hash Buckets":16384,"Hash Batches":1,"Original Hash Batches":1,"Peak Memory Usage":519,"Shared Hit Blocks":0,"Shared Read Blocks":0,"Shared Dirtied Blocks":0,"Shared Written Blocks":0,"Local Hit Blocks":0,"Local Read Blocks":0,"Local Dirtied Blocks":0,"Local Written Blocks":0,"Temp Read Blocks":0,"Temp Written Blocks":0,"I/O Read Time":0.0,"I/O Write Time":0.0,"Temp I/O Read Time":0.0,"Temp I/O Write Time":0.0,"Plans":[{"Node Type":"Append","Parent Relationship":"Outer","Parallel Aware":false,"Async Capable":false,"Startup Cost":20.0,"Total Cost":219.01,"Plan Rows":10001,"Plan Width":8,"Actual Startup Time":0.012,"Actual Total Time":1.812,"Actual Rows":10000,"Actual Loops":1,"Shared Hit Blocks":0,"Shared Read Blocks":0,"Shared Dirtied Blocks":0,"Shared Written Blocks":0,"Local Hit Blocks":0,"Local Read Blocks":0,"Local Dirtied Blocks":0,"Local Written Blocks":0,"Temp Read Blocks":0,"Temp Written Blocks":0,"I/O Read Time":0.0,"I/O Write Time":0.0,"Temp I/O Read Time":0.0,"Temp I/O Write Time":0.0,"Subplans Removed":0,"Plans":[{"Node Type":"Custom Scan","Parent Relationship":"Member","Custom Plan Provider":"columnar scan","Parallel Aware":false,"Async Capable":false,"Relation Name":"supplier","Schema":"public","Alias":"supplier","Startup Cost":20.0,"Total Cost":215.0,"Plan Rows":10000,"Plan Width":8,"Actual Startup Time":0.01,"Actual Total Time":1.103,"Actual Rows":10000,"Actual Loops":1,"Output":["supplier.su_suppkey","supplier.su_nationkey"],"Rows Removed by Columnar Filter":0,"Columnar cache search mode":"native","Shared Hit Blocks":0,"Shared Read Blocks":0,"Shared Dirtied Blocks":0,"Shared Written Blocks":0,"Local Hit Blocks":0,"Local Read Blocks":0,"Local Dirtied Blocks":0,"Local Written Blocks":0,"Temp Read Blocks":0,"Temp Written Blocks":0,"I/O Read Time":0.0,"I/O Write Time":0.0,"Temp I/O Read Time":0.0,"Temp I/O Write Time":0.0},{"Node Type":"Seq Scan","Parent Relationship":"Member","Parallel Aware":false,"Async Capable":false,"Relation Name":"supplier","Schema":"public","Alias":"supplier","Startup Cost":0.0,"Total Cost":4.01,"Plan Rows":1,"Plan Width":8,"Actual Startup Time":0.0,"Actual Total Time":0.0,"Actual Rows":0,"Actual Loops":0,"Output":["supplier.su_suppkey","supplier.su_nationkey"],"Shared Hit Blocks":0,"Shared Read Blocks":0,"Shared Dirtied Blocks":0,"Shared Written Blocks":0,"Local Hit Blocks":0,"Local Read Blocks":0,"Local Dirtied Blocks":0,"Local Written Blocks":0,"Temp Read Blocks":0,"Temp Written Blocks":0,"I/O Read Time":0.0,"I/O Write Time":0.0,"Temp I/O Read Time":0.0,"Temp I/O Write Time":0.0}]}]}]}]}]}]},"Planning":{"Shared Hit Blocks":16,"Shared Read Blocks":0,"Shared Dirtied Blocks":0,"Shared Written Blocks":0,"Local Hit Blocks":0,"Local Read Blocks":0,"Local Dirtied Blocks":0,"Local Written Blocks":0,"Temp Read Blocks":0,"Temp Written Blocks":0,"I/O Read Time":0.0,"I/O Write Time":0.0,"Temp I/O Read Time":0.0,"Temp I/O Write Time":0.0},"Planning Time":4.766,"Triggers":[],"Execution Time":10257.531}]
[列存组合]: nation, orders, region
[{"Plan":{"Node Type":"Sort","Parallel Aware":false,"Async Capable":false,"Startup Cost":2015869.77,"Total Cost":2015869.92,"Plan Rows":62,"Plan Width":40,"Actual Startup Time":16487.074,"Actual Total Time":16487.093,"Actual Rows":11,"Actual Loops":1,"Output":["nation.n_name","(sum(order_line.ol_amount))"],"Sort Key":["(sum(order_line.ol_amount)) DESC"],"Sort Method":"quicksort","Sort Space Used":25,"Sort Space Type":"Memory","Shared Hit Blocks":598045,"Shared Read Blocks":0,"Shared Dirtied Blocks":0,"Shared Written Blocks":0,"Local Hit Blocks":0,"Local Read Blocks":0,"Local Dirtied Blocks":0,"Local Written Blocks":0,"Temp Read Blocks":129460,"Temp Written Blocks":129487,"I/O Read Time":0.0,"I/O Write Time":0.0,"Temp I/O Read Time":202.115,"Temp I/O Write Time":511.47,"Plans":[{"Node Type":"Aggregate","Strategy":"Sorted","Partial Mode":"Simple","Parent Relationship":"Outer","Parallel Aware":false,"Async Capable":false,"Startup Cost":2015793.98,"Total Cost":2015867.92,"Plan Rows":62,"Plan Width":40,"Actual Startup Time":16484.193,"Actual Total Time":16487.079,"Actual Rows":11,"Actual Loops":1,"Output":["nation.n_name","sum(order_line.ol_amount)"],"Group Key":["nation.n_name"],"Shared Hit Blocks":598045,"Shared Read Blocks":0,"Shared Dirtied Blocks":0,"Shared Written Blocks":0,"Local Hit Blocks":0,"Local Read Blocks":0,"Local Dirtied Blocks":0,"Local Written Blocks":0,"Temp Read Blocks":129460,"Temp Written Blocks":129487,"I/O Read Time":0.0,"I/O Write Time":0.0,"Temp I/O Read Time":202.115,"Temp I/O Write Time":511.47,"Plans":[{"Node Type":"Sort","Parent Relationship":"Outer","Parallel Aware":false,"Async Capable":false,"Startup Cost":2015793.98,"Total Cost":2015818.37,"Plan Rows":9755,"Plan Width":12,"Actual Startup Time":16483.981,"Actual Total Time":16484.779,"Actual Rows":17493,"Actual Loops":1,"Output":["nation.n_name","order_line.ol_amount"],"Sort Key":["nation.n_name"],"Sort Method":"quicksort","Sort Space Used":1725,"Sort Space Type":"Memory","Shared Hit Blocks":598045,"Shared Read Blocks":0,"Shared Dirtied Blocks":0,"Shared Written Blocks":0,"Local Hit Blocks":0,"Local Read Blocks":0,"Local Dirtied Blocks":0,"Local Written Blocks":0,"Temp Read Blocks":129460,"Temp Written Blocks":129487,"I/O Read Time":0.0,"I/O Write Time":0.0,"Temp I/O Read Time":202.115,"Temp I/O Write Time":511.47,"Plans":[{"Node Type":"Hash Join","Parent Relationship":"Outer","Parallel Aware":false,"Async Capable":false,"Join Type":"Inner","Startup Cost":1691650.71,"Total Cost":2015147.62,"Plan Rows":9755,"Plan Width":12,"Actual Startup Time":14615.592,"Actual Total Time":16475.091,"Actual Rows":17493,"Actual Loops":1,"Output":["nation.n_name","order_line.ol_amount"],"Inner Unique":true,"Hash Cond":"((mod((stock.s_w_id * stock.s_i_id), 10000) = supplier.su_suppkey) AND (customer.c_nationkey = supplier.su_nationkey))","Shared Hit Blocks":598045,"Shared Read Blocks":0,"Shared Dirtied Blocks":0,"Shared Written Blocks":0,"Local Hit Blocks":0,"Local Read Blocks":0,"Local Dirtied Blocks":0,"Local Written Blocks":0,"Temp Read Blocks":129460,"Temp Written Blocks":129487,"I/O Read Time":0.0,"I/O Write Time":0.0,"Temp I/O Read Time":202.115,"Temp I/O Write Time":511.47,"Plans":[{"Node Type":"Merge Join","Parent Relationship":"Outer","Parallel Aware":false,"Async Capable":false,"Join Type":"Inner","Startup Cost":1691183.71,"Total Cost":2011365.49,"Plan Rows":602749,"Plan Width":26,"Actual Startup Time":14612.553,"Actual Total Time":16333.681,"Actual Rows":1109507,"Actual Loops":1,"Output":["customer.c_nationkey","order_line.ol_amount","stock.s_w_id","stock.s_i_id","nation.n_name","nation.n_nationkey"],"Inner Unique":true,"Merge Cond":"((customer.c_w_id = stock.s_w_id) AND (order_line.ol_i_id = stock.s_i_id))","Shared Hit Blocks":597828,"Shared Read Blocks":0,"Shared Dirtied Blocks":0,"Shared Written Blocks":0,"Local Hit Blocks":0,"Local Read Blocks":0,"Local Dirtied Blocks":0,"Local Written Blocks":0,"Temp Read Blocks":129460,"Temp Written Blocks":129487,"I/O Read Time":0.0,"I/O Write Time":0.0,"Temp I/O Read Time":202.115,"Temp I/O Write Time":511.47,"Plans":[{"Node Type":"Sort","Parent Relationship":"Outer","Parallel Aware":false,"Async Capable":false,"Startup Cost":1691183.28,"Total Cost":1692670.96,"Plan Rows":595073,"Plan Width":30,"Actual Startup Time":14612.492,"Actual Total Time":14792.189,"Actual Rows":1109507,"Actual Loops":1,"Output":["customer.c_w_id","customer.c_nationkey","orders.o_w_id","order_line.ol_amount","order_line.ol_w_id","order_line.ol_i_id","nation.n_name","nation.n_nationkey"],"Sort Key":["customer.c_w_id","order_line.ol_i_id"],"Sort Method":"external merge","Sort Space Used":47304,"Sort Space Type":"Disk","Shared Hit Blocks":570490,"Shared Read Blocks":0,"Shared Dirtied Blocks":0,"Shared Written Blocks":0,"Local Hit Blocks":0,"Local Read Blocks":0,"Local Dirtied Blocks":0,"Local Written Blocks":0,"Temp Read Blocks":129460,"Temp Written Blocks":129487,"I/O Read Time":0.0,"I/O Write Time":0.0,"Temp I/O Read Time":202.115,"Temp I/O Write Time":511.47,"Plans":[{"Node Type":"Hash Join","Parent Relationship":"Outer","Parallel Aware":false,"Async Capable":false,"Join Type":"Inner","Startup Cost":402039.66,"Total Cost":1619869.72,"Plan Rows":595073,"Plan Width":30,"Actual Startup Time":1416.396,"Actual Total Time":13226.4,"Actual Rows":1109507,"Actual Loops":1,"Output":["customer.c_w_id","customer.c_nationkey","orders.o_w_id","order_line.ol_amount","order_line.ol_w_id","order_line.ol_i_id","nation.n_name","nation.n_nationkey"],"Inner Unique":false,"Hash Cond":"(customer.c_nationkey = nation.n_nationkey)","Shared Hit Blocks":570490,"Shared Read Blocks":0,"Shared Dirtied Blocks":0,"Shared Written Blocks":0,"Local Hit Blocks":0,"Local Read Blocks":0,"Local Dirtied Blocks":0,"Local Written Blocks":0,"Temp Read Blocks":117643,"Temp Written Blocks":117643,"I/O Read Time":0.0,"I/O Write Time":0.0,"Temp I/O Read Time":184.441,"Temp I/O Write Time":480.359,"Plans":[{"Node Type":"Hash Join","Parent Relationship":"Outer","Parallel Aware":false,"Async Capable":false,"Join Type":"Inner","Startup Cost":402036.52,"Total Cost":1602950.18,"Plan Rows":2975367,"Plan Width":18,"Actual Startup Time":1406.485,"Actual Total Time":12801.11,"Actual Rows":4284922,"Actual Loops":1,"Output":["customer.c_w_id","customer.c_nationkey","orders.o_w_id","order_line.ol_amount","order_line.ol_w_id","order_line.ol_i_id"],"Inner Unique":true,"Hash Cond":"((orders.o_c_id = customer.c_id) AND (orders.o_w_id = customer.c_w_id) AND (orders.o_d_id = customer.c_d_id))","Shared Hit Blocks":570488,"Shared Read Blocks":0,"Shared Dirtied Blocks":0,"Shared Written Blocks":0,"Local Hit Blocks":0,"Local Read Blocks":0,"Local Dirtied Blocks":0,"Local Written Blocks":0,"Temp Read Blocks":117643,"Temp Written Blocks":117643,"I/O Read Time":0.0,"I/O Write Time":0.0,"Temp I/O Read Time":184.441,"Temp I/O Write Time":480.359,"Plans":[{"Node Type":"Hash Join","Parent Relationship":"Outer","Parallel Aware":false,"Async Capable":false,"Join Type":"Inner","Startup Cost":75291.73,"Total Cost":1203258.36,"Plan Rows":2975367,"Plan Width":20,"Actual Startup Time":246.401,"Actual Total Time":9510.04,"Actual Rows":4284922,"Actual Loops":1,"Output":["orders.o_c_id","orders.o_w_id","orders.o_d_id","order_line.ol_amount","order_line.ol_w_id","order_line.ol_d_id","order_line.ol_i_id"],"Inner Unique":true,"Hash Cond":"((order_line.ol_w_id = orders.o_w_id) AND (order_line.ol_d_id = orders.o_d_id) AND (order_line.ol_o_id = orders.o_id))","Shared Hit Blocks":340884,"Shared Read Blocks":0,"Shared Dirtied Blocks":0,"Shared Written Blocks":0,"Local Hit Blocks":0,"Local Read Blocks":0,"Local Dirtied Blocks":0,"Local Written Blocks":0,"Temp Read Blocks":85996,"Temp Written Blocks":85996,"I/O Read Time":0.0,"I/O Write Time":0.0,"Temp I/O Read Time":135.012,"Temp I/O Write Time":335.389,"Plans":[{"Node Type":"Seq Scan","Parent Relationship":"Outer","Parallel Aware":false,"Async Capable":false,"Relation Name":"order_line","Schema":"public","Alias":"order_line","Startup Cost":0.0,"Total Cost":715856.4,"Plan Rows":20926367,"Plan Width":20,"Actual Startup Time":0.006,"Actual Total Time":3686.08,"Actual Rows":21002151,"Actual Loops":1,"Output":["order_line.ol_amount","order_line.ol_o_id","order_line.ol_w_id","order_line.ol_d_id","order_line.ol_i_id"],"Filter":"(order_line.ol_delivery_d >= '1992-01-02 20:10:02.27764'::timestamp without time zone)","Rows Removed by Filter":8995581,"Shared Hit Blocks":340884,"Shared Read Blocks":0,"Shared Dirtied Blocks":0,"Shared Written Blocks":0,"Local Hit Blocks":0,"Local Read Blocks":0,"Local Dirtied Blocks":0,"Local Written Blocks":0,"Temp Read Blocks":0,"Temp Written Blocks":0,"I/O Read Time":0.0,"I/O Write Time":0.0,"Temp I/O Read Time":0.0,"Temp I/O Write Time":0.0},{"Node Type":"Hash","Parent Relationship":"Inner","Parallel Aware":false,"Async Capable":false,"Startup Cost":65744.12,"Total Cost":65744.12,"Plan Rows":426549,"Plan Width":16,"Actual Startup Time":178.815,"Actual Total Time":178.821,"Actual Rows":428399,"Actual Loops":1,"Output":["orders.o_c_id","orders.o_w_id","orders.o_d_id","orders.o_id"],"Hash Buckets":262144,"Original Hash Buckets":262144,"Hash Batches":4,"Original Hash Batches":4,"Peak Memory Usage":7080,"Shared Hit Blocks":0,"Shared Read Blocks":0,"Shared Dirtied Blocks":0,"Shared Written Blocks":0,"Local Hit Blocks":0,"Local Read Blocks":0,"Local Dirtied Blocks":0,"Local Written Blocks":0,"Temp Read Blocks":0,"Temp Written Blocks":1410,"I/O Read Time":0.0,"I/O Write Time":0.0,"Temp I/O Read Time":0.0,"Temp I/O Write Time":5.514,"Plans":[{"Node Type":"Append","Parent Relationship":"Outer","Parallel Aware":false,"Async Capable":false,"Startup Cost":20.0,"Total Cost":65744.12,"Plan Rows":426549,"Plan Width":16,"Actual Startup Time":0.507,"Actual Total Time":103.627,"Actual Rows":428399,"Actual Loops":1,"Shared Hit Blocks":0,"Shared Read Blocks":0,"Shared Dirtied Blocks":0,"Shared Written Blocks":0,"Local Hit Blocks":0,"Local Read Blocks":0,"Local Dirtied Blocks":0,"Local Written Blocks":0,"Temp Read Blocks":0,"Temp Written Blocks":0,"I/O Read Time":0.0,"I/O Write Time":0.0,"Temp I/O Read Time":0.0,"Temp I/O Write Time":0.0,"Subplans Removed":0,"Plans":[{"Node Type":"Custom Scan","Parent Relationship":"Member","Custom Plan Provider":"columnar scan","Parallel Aware":false,"Async Capable":false,"Relation Name":"orders","Schema":"public","Alias":"orders","Startup Cost":20.0,"Total Cost":10043.96,"Plan Rows":426548,"Plan Width":16,"Actual Startup Time":0.505,"Actual Total Time":71.312,"Actual Rows":428399,"Actual Loops":1,"Output":["orders.o_c_id","orders.o_w_id","orders.o_d_id","orders.o_id"],"Filter":"((orders.o_entry_d < '1994-01-02 20:10:02.27764'::timestamp without time zone) AND (orders.o_entry_d >= '1993-01-02 20:10:02.27764'::timestamp without time zone))","Rows Removed by Filter":0,"Rows Removed by Columnar Filter":2571601,"Columnar cache search mode":"native","Shared Hit Blocks":0,"Shared Read Blocks":0,"Shared Dirtied Blocks":0,"Shared Written Blocks":0,"Local Hit Blocks":0,"Local Read Blocks":0,"Local Dirtied Blocks":0,"Local Written Blocks":0,"Temp Read Blocks":0,"Temp Written Blocks":0,"I/O Read Time":0.0,"I/O Write Time":0.0,"Temp I/O Read Time":0.0,"Temp I/O Write Time":0.0},{"Node Type":"Seq Scan","Parent Relationship":"Member","Parallel Aware":false,"Async Capable":false,"Relation Name":"orders","Schema":"public","Alias":"orders","Startup Cost":0.0,"Total Cost":4.01,"Plan Rows":1,"Plan Width":16,"Actual Startup Time":0.0,"Actual Total Time":0.0,"Actual Rows":0,"Actual Loops":0,"Output":["orders.o_c_id","orders.o_w_id","orders.o_d_id","orders.o_id"],"Filter":"((orders.o_entry_d < '1994-01-02 20:10:02.27764'::timestamp without time zone) AND (orders.o_entry_d >= '1993-01-02 20:10:02.27764'::timestamp without time zone))","Rows Removed by Filter":0,"Shared Hit Blocks":0,"Shared Read Blocks":0,"Shared Dirtied Blocks":0,"Shared Written Blocks":0,"Local Hit Blocks":0,"Local Read Blocks":0,"Local Dirtied Blocks":0,"Local Written Blocks":0,"Temp Read Blocks":0,"Temp Written Blocks":0,"I/O Read Time":0.0,"I/O Write Time":0.0,"Temp I/O Read Time":0.0,"Temp I/O Write Time":0.0}]}]}]},{"Node Type":"Hash","Parent Relationship":"Inner","Parallel Aware":false,"Async Capable":false,"Startup Cost":259601.38,"Total Cost":259601.38,"Plan Rows":2999738,"Plan Width":12,"Actual Startup Time":1157.694,"Actual Total Time":1157.694,"Actual Rows":3000000,"Actual Loops":1,"Output":["customer.c_id","customer.c_w_id","customer.c_d_id","customer.c_nationkey"],"Hash Buckets":262144,"Original Hash Buckets":262144,"Hash Batches":32,"Original Hash Batches":32,"Peak Memory Usage":6090,"Shared Hit Blocks":229604,"Shared Read Blocks":0,"Shared Dirtied Blocks":0,"Shared Written Blocks":0,"Local Hit Blocks":0,"Local Read Blocks":0,"Local Dirtied Blocks":0,"Local Written Blocks":0,"Temp Read Blocks":0,"Temp Written Blocks":11335,"I/O Read Time":0.0,"I/O Write Time":0.0,"Temp I/O Read Time":0.0,"Temp I/O Write Time":52.002,"Plans":[{"Node Type":"Seq Scan","Parent Relationship":"Outer","Parallel Aware":false,"Async Capable":false,"Relation Name":"customer","Schema":"public","Alias":"customer","Startup Cost":0.0,"Total Cost":259601.38,"Plan Rows":2999738,"Plan Width":12,"Actual Startup Time":0.008,"Actual Total Time":650.44,"Actual Rows":3000000,"Actual Loops":1,"Output":["customer.c_id","customer.c_w_id","customer.c_d_id","customer.c_nationkey"],"Shared Hit Blocks":229604,"Shared Read Blocks":0,"Shared Dirtied Blocks":0,"Shared Written Blocks":0,"Local Hit Blocks":0,"Local Read Blocks":0,"Local Dirtied Blocks":0,"Local Written Blocks":0,"Temp Read Blocks":0,"Temp Written Blocks":0,"I/O Read Time":0.0,"I/O Write Time":0.0,"Temp I/O Read Time":0.0,"Temp I/O Write Time":0.0}]}]},{"Node Type":"Hash","Parent Relationship":"Inner","Parallel Aware":false,"Async Capable":false,"Startup Cost":2.99,"Total Cost":2.99,"Plan Rows":12,"Plan Width":12,"Actual Startup Time":0.034,"Actual Total Time":0.038,"Actual Rows":22,"Actual Loops":1,"Output":["nation.n_name","nation.n_nationkey"],"Hash Buckets":1024,"Original Hash Buckets":1024,"Hash Batches":1,"Original Hash Batches":1,"Peak Memory Usage":9,"Shared Hit Blocks":2,"Shared Read Blocks":0,"Shared Dirtied Blocks":0,"Shared Written Blocks":0,"Local Hit Blocks":0,"Local Read Blocks":0,"Local Dirtied Blocks":0,"Local Written Blocks":0,"Temp Read Blocks":0,"Temp Written Blocks":0,"I/O Read Time":0.0,"I/O Write Time":0.0,"Temp I/O Read Time":0.0,"Temp I/O Write Time":0.0,"Plans":[{"Node Type":"Hash Join","Parent Relationship":"Outer","Parallel Aware":false,"Async Capable":false,"Join Type":"Inner","Startup Cost":1.07,"Total Cost":2.99,"Plan Rows":12,"Plan Width":12,"Actual Startup Time":0.019,"Actual Total Time":0.033,"Actual Rows":22,"Actual Loops":1,"Output":["nation.n_name","nation.n_nationkey"],"Inner Unique":true,"Hash Cond":"(nation.n_regionkey = region.r_regionkey)","Shared Hit Blocks":2,"Shared Read Blocks":0,"Shared Dirtied Blocks":0,"Shared Written Blocks":0,"Local Hit Blocks":0,"Local Read Blocks":0,"Local Dirtied Blocks":0,"Local Written Blocks":0,"Temp Read Blocks":0,"Temp Written Blocks":0,"I/O Read Time":0.0,"I/O Write Time":0.0,"Temp I/O Read Time":0.0,"Temp I/O Write Time":0.0,"Plans":[{"Node Type":"Seq Scan","Parent Relationship":"Outer","Parallel Aware":false,"Async Capable":false,"Relation Name":"nation","Schema":"public","Alias":"nation","Startup Cost":0.0,"Total Cost":1.62,"Plan Rows":62,"Plan Width":16,"Actual Startup Time":0.005,"Actual Total Time":0.008,"Actual Rows":62,"Actual Loops":1,"Output":["nation.n_nationkey","nation.n_name","nation.n_regionkey","nation.n_comment"],"Shared Hit Blocks":1,"Shared Read Blocks":0,"Shared Dirtied Blocks":0,"Shared Written Blocks":0,"Local Hit Blocks":0,"Local Read Blocks":0,"Local Dirtied Blocks":0,"Local Written Blocks":0,"Temp Read Blocks":0,"Temp Written Blocks":0,"I/O Read Time":0.0,"I/O Write Time":0.0,"Temp I/O Read Time":0.0,"Temp I/O Write Time":0.0},{"Node Type":"Hash","Parent Relationship":"Inner","Parallel Aware":false,"Async Capable":false,"Startup Cost":1.06,"Total Cost":1.06,"Plan Rows":1,"Plan Width":4,"Actual Startup Time":0.006,"Actual Total Time":0.007,"Actual Rows":1,"Actual Loops":1,"Output":["region.r_regionkey"],"Hash Buckets":1024,"Original Hash Buckets":1024,"Hash Batches":1,"Original Hash Batches":1,"Peak Memory Usage":9,"Shared Hit Blocks":1,"Shared Read Blocks":0,"Shared Dirtied Blocks":0,"Shared Written Blocks":0,"Local Hit Blocks":0,"Local Read Blocks":0,"Local Dirtied Blocks":0,"Local Written Blocks":0,"Temp Read Blocks":0,"Temp Written Blocks":0,"I/O Read Time":0.0,"I/O Write Time":0.0,"Temp I/O Read Time":0.0,"Temp I/O Write Time":0.0,"Plans":[{"Node Type":"Seq Scan","Parent Relationship":"Outer","Parallel Aware":false,"Async Capable":false,"Relation Name":"region","Schema":"public","Alias":"region","Startup Cost":0.0,"Total Cost":1.06,"Plan Rows":1,"Plan Width":4,"Actual Startup Time":0.005,"Actual Total Time":0.006,"Actual Rows":1,"Actual Loops":1,"Output":["region.r_regionkey"],"Filter":"((region.r_name)::text = 'Europe'::text)","Rows Removed by Filter":4,"Shared Hit Blocks":1,"Shared Read Blocks":0,"Shared Dirtied Blocks":0,"Shared Written Blocks":0,"Local Hit Blocks":0,"Local Read Blocks":0,"Local Dirtied Blocks":0,"Local Written Blocks":0,"Temp Read Blocks":0,"Temp Written Blocks":0,"I/O Read Time":0.0,"I/O Write Time":0.0,"Temp I/O Read Time":0.0,"Temp I/O Write Time":0.0}]}]}]}]}]},{"Node Type":"Index Only Scan","Parent Relationship":"Inner","Parallel Aware":false,"Async Capable":false,"Scan Direction":"Forward","Index Name":"stock_pk","Relation Name":"stock","Schema":"public","Alias":"stock","Startup Cost":0.43,"Total Cost":259690.86,"Plan Rows":10000162,"Plan Width":6,"Actual Startup Time":0.047,"Actual Total Time":719.068,"Actual Rows":9999996,"Actual Loops":1,"Output":["stock.s_w_id","stock.s_i_id"],"Heap Fetches":0,"Shared Hit Blocks":27338,"Shared Read Blocks":0,"Shared Dirtied Blocks":0,"Shared Written Blocks":0,"Local Hit Blocks":0,"Local Read Blocks":0,"Local Dirtied Blocks":0,"Local Written Blocks":0,"Temp Read Blocks":0,"Temp Written Blocks":0,"I/O Read Time":0.0,"I/O Write Time":0.0,"Temp I/O Read Time":0.0,"Temp I/O Write Time":0.0}]},{"Node Type":"Hash","Parent Relationship":"Inner","Parallel Aware":false,"Async Capable":false,"Startup Cost":317.0,"Total Cost":317.0,"Plan Rows":10000,"Plan Width":8,"Actual Startup Time":2.642,"Actual Total Time":2.643,"Actual Rows":10000,"Actual Loops":1,"Output":["supplier.su_suppkey","supplier.su_nationkey"],"Hash Buckets":16384,"Original Hash Buckets":16384,"Hash Batches":1,"Original Hash Batches":1,"Peak Memory Usage":519,"Shared Hit Blocks":217,"Shared Read Blocks":0,"Shared Dirtied Blocks":0,"Shared Written Blocks":0,"Local Hit Blocks":0,"Local Read Blocks":0,"Local Dirtied Blocks":0,"Local Written Blocks":0,"Temp Read Blocks":0,"Temp Written Blocks":0,"I/O Read Time":0.0,"I/O Write Time":0.0,"Temp I/O Read Time":0.0,"Temp I/O Write Time":0.0,"Plans":[{"Node Type":"Seq Scan","Parent Relationship":"Outer","Parallel Aware":false,"Async Capable":false,"Relation Name":"supplier","Schema":"public","Alias":"supplier","Startup Cost":0.0,"Total Cost":317.0,"Plan Rows":10000,"Plan Width":8,"Actual Startup Time":0.009,"Actual Total Time":1.362,"Actual Rows":10000,"Actual Loops":1,"Output":["supplier.su_suppkey","supplier.su_nationkey"],"Shared Hit Blocks":217,"Shared Read Blocks":0,"Shared Dirtied Blocks":0,"Shared Written Blocks":0,"Local Hit Blocks":0,"Local Read Blocks":0,"Local Dirtied Blocks":0,"Local Written Blocks":0,"Temp Read Blocks":0,"Temp Written Blocks":0,"I/O Read Time":0.0,"I/O Write Time":0.0,"Temp I/O Read Time":0.0,"Temp I/O Write Time":0.0}]}]}]}]}]},"Planning":{"Shared Hit Blocks":16,"Shared Read Blocks":0,"Shared Dirtied Blocks":0,"Shared Written Blocks":0,"Local Hit Blocks":0,"Local Read Blocks":0,"Local Dirtied Blocks":0,"Local Written Blocks":0,"Temp Read Blocks":0,"Temp Written Blocks":0,"I/O Read Time":0.0,"I/O Write Time":0.0,"Temp I/O Read Time":0.0,"Temp I/O Write Time":0.0},"Planning Time":4.137,"Triggers":[],"Execution Time":16495.281}]
[列存组合]: nation, orders, stock
[{"Plan":{"Node Type":"Sort","Parallel Aware":false,"Async Capable":false,"Startup Cost":2015869.77,"Total Cost":2015869.92,"Plan Rows":62,"Plan Width":40,"Actual Startup Time":16470.979,"Actual Total Time":16471.004,"Actual Rows":11,"Actual Loops":1,"Output":["nation.n_name","(sum(order_line.ol_amount))"],"Sort Key":["(sum(order_line.ol_amount)) DESC"],"Sort Method":"quicksort","Sort Space Used":25,"Sort Space Type":"Memory","Shared Hit Blocks":598045,"Shared Read Blocks":0,"Shared Dirtied Blocks":0,"Shared Written Blocks":0,"Local Hit Blocks":0,"Local Read Blocks":0,"Local Dirtied Blocks":0,"Local Written Blocks":0,"Temp Read Blocks":129460,"Temp Written Blocks":129487,"I/O Read Time":0.0,"I/O Write Time":0.0,"Temp I/O Read Time":207.186,"Temp I/O Write Time":520.354,"Plans":[{"Node Type":"Aggregate","Strategy":"Sorted","Partial Mode":"Simple","Parent Relationship":"Outer","Parallel Aware":false,"Async Capable":false,"Startup Cost":2015793.98,"Total Cost":2015867.92,"Plan Rows":62,"Plan Width":40,"Actual Startup Time":16468.1,"Actual Total Time":16470.988,"Actual Rows":11,"Actual Loops":1,"Output":["nation.n_name","sum(order_line.ol_amount)"],"Group Key":["nation.n_name"],"Shared Hit Blocks":598045,"Shared Read Blocks":0,"Shared Dirtied Blocks":0,"Shared Written Blocks":0,"Local Hit Blocks":0,"Local Read Blocks":0,"Local Dirtied Blocks":0,"Local Written Blocks":0,"Temp Read Blocks":129460,"Temp Written Blocks":129487,"I/O Read Time":0.0,"I/O Write Time":0.0,"Temp I/O Read Time":207.186,"Temp I/O Write Time":520.354,"Plans":[{"Node Type":"Sort","Parent Relationship":"Outer","Parallel Aware":false,"Async Capable":false,"Startup Cost":2015793.98,"Total Cost":2015818.37,"Plan Rows":9755,"Plan Width":12,"Actual Startup Time":16467.887,"Actual Total Time":16468.691,"Actual Rows":17493,"Actual Loops":1,"Output":["nation.n_name","order_line.ol_amount"],"Sort Key":["nation.n_name"],"Sort Method":"quicksort","Sort Space Used":1725,"Sort Space Type":"Memory","Shared Hit Blocks":598045,"Shared Read Blocks":0,"Shared Dirtied Blocks":0,"Shared Written Blocks":0,"Local Hit Blocks":0,"Local Read Blocks":0,"Local Dirtied Blocks":0,"Local Written Blocks":0,"Temp Read Blocks":129460,"Temp Written Blocks":129487,"I/O Read Time":0.0,"I/O Write Time":0.0,"Temp I/O Read Time":207.186,"Temp I/O Write Time":520.354,"Plans":[{"Node Type":"Hash Join","Parent Relationship":"Outer","Parallel Aware":false,"Async Capable":false,"Join Type":"Inner","Startup Cost":1691650.71,"Total Cost":2015147.62,"Plan Rows":9755,"Plan Width":12,"Actual Startup Time":14601.234,"Actual Total Time":16458.806,"Actual Rows":17493,"Actual Loops":1,"Output":["nation.n_name","order_line.ol_amount"],"Inner Unique":true,"Hash Cond":"((mod((stock.s_w_id * stock.s_i_id), 10000) = supplier.su_suppkey) AND (customer.c_nationkey = supplier.su_nationkey))","Shared Hit Blocks":598045,"Shared Read Blocks":0,"Shared Dirtied Blocks":0,"Shared Written Blocks":0,"Local Hit Blocks":0,"Local Read Blocks":0,"Local Dirtied Blocks":0,"Local Written Blocks":0,"Temp Read Blocks":129460,"Temp Written Blocks":129487,"I/O Read Time":0.0,"I/O Write Time":0.0,"Temp I/O Read Time":207.186,"Temp I/O Write Time":520.354,"Plans":[{"Node Type":"Merge Join","Parent Relationship":"Outer","Parallel Aware":false,"Async Capable":false,"Join Type":"Inner","Startup Cost":1691183.71,"Total Cost":2011365.49,"Plan Rows":602749,"Plan Width":26,"Actual Startup Time":14598.14,"Actual Total Time":16317.781,"Actual Rows":1109507,"Actual Loops":1,"Output":["customer.c_nationkey","order_line.ol_amount","stock.s_w_id","stock.s_i_id","nation.n_name","nation.n_nationkey"],"Inner Unique":true,"Merge Cond":"((customer.c_w_id = stock.s_w_id) AND (order_line.ol_i_id = stock.s_i_id))","Shared Hit Blocks":597828,"Shared Read Blocks":0,"Shared Dirtied Blocks":0,"Shared Written Blocks":0,"Local Hit Blocks":0,"Local Read Blocks":0,"Local Dirtied Blocks":0,"Local Written Blocks":0,"Temp Read Blocks":129460,"Temp Written Blocks":129487,"I/O Read Time":0.0,"I/O Write Time":0.0,"Temp I/O Read Time":207.186,"Temp I/O Write Time":520.354,"Plans":[{"Node Type":"Sort","Parent Relationship":"Outer","Parallel Aware":false,"Async Capable":false,"Startup Cost":1691183.28,"Total Cost":1692670.96,"Plan Rows":595073,"Plan Width":30,"Actual Startup Time":14598.079,"Actual Total Time":14777.536,"Actual Rows":1109507,"Actual Loops":1,"Output":["customer.c_w_id","customer.c_nationkey","orders.o_w_id","order_line.ol_amount","order_line.ol_w_id","order_line.ol_i_id","nation.n_name","nation.n_nationkey"],"Sort Key":["customer.c_w_id","order_line.ol_i_id"],"Sort Method":"external merge","Sort Space Used":47304,"Sort Space Type":"Disk","Shared Hit Blocks":570490,"Shared Read Blocks":0,"Shared Dirtied Blocks":0,"Shared Written Blocks":0,"Local Hit Blocks":0,"Local Read Blocks":0,"Local Dirtied Blocks":0,"Local Written Blocks":0,"Temp Read Blocks":129460,"Temp Written Blocks":129487,"I/O Read Time":0.0,"I/O Write Time":0.0,"Temp I/O Read Time":207.186,"Temp I/O Write Time":520.354,"Plans":[{"Node Type":"Hash Join","Parent Relationship":"Outer","Parallel Aware":false,"Async Capable":false,"Join Type":"Inner","Startup Cost":402039.66,"Total Cost":1619869.72,"Plan Rows":595073,"Plan Width":30,"Actual Startup Time":1420.948,"Actual Total Time":13215.108,"Actual Rows":1109507,"Actual Loops":1,"Output":["customer.c_w_id","customer.c_nationkey","orders.o_w_id","order_line.ol_amount","order_line.ol_w_id","order_line.ol_i_id","nation.n_name","nation.n_nationkey"],"Inner Unique":false,"Hash Cond":"(customer.c_nationkey = nation.n_nationkey)","Shared Hit Blocks":570490,"Shared Read Blocks":0,"Shared Dirtied Blocks":0,"Shared Written Blocks":0,"Local Hit Blocks":0,"Local Read Blocks":0,"Local Dirtied Blocks":0,"Local Written Blocks":0,"Temp Read Blocks":117643,"Temp Written Blocks":117643,"I/O Read Time":0.0,"I/O Write Time":0.0,"Temp I/O Read Time":189.509,"Temp I/O Write Time":489.248,"Plans":[{"Node Type":"Hash Join","Parent Relationship":"Outer","Parallel Aware":false,"Async Capable":false,"Join Type":"Inner","Startup Cost":402036.52,"Total Cost":1602950.18,"Plan Rows":2975367,"Plan Width":18,"Actual Startup Time":1411.508,"Actual Total Time":12792.343,"Actual Rows":4284922,"Actual Loops":1,"Output":["customer.c_w_id","customer.c_nationkey","orders.o_w_id","order_line.ol_amount","order_line.ol_w_id","order_line.ol_i_id"],"Inner Unique":true,"Hash Cond":"((orders.o_c_id = customer.c_id) AND (orders.o_w_id = customer.c_w_id) AND (orders.o_d_id = customer.c_d_id))","Shared Hit Blocks":570488,"Shared Read Blocks":0,"Shared Dirtied Blocks":0,"Shared Written Blocks":0,"Local Hit Blocks":0,"Local Read Blocks":0,"Local Dirtied Blocks":0,"Local Written Blocks":0,"Temp Read Blocks":117643,"Temp Written Blocks":117643,"I/O Read Time":0.0,"I/O Write Time":0.0,"Temp I/O Read Time":189.509,"Temp I/O Write Time":489.248,"Plans":[{"Node Type":"Hash Join","Parent Relationship":"Outer","Parallel Aware":false,"Async Capable":false,"Join Type":"Inner","Startup Cost":75291.73,"Total Cost":1203258.36,"Plan Rows":2975367,"Plan Width":20,"Actual Startup Time":248.503,"Actual Total Time":9495.731,"Actual Rows":4284922,"Actual Loops":1,"Output":["orders.o_c_id","orders.o_w_id","orders.o_d_id","order_line.ol_amount","order_line.ol_w_id","order_line.ol_d_id","order_line.ol_i_id"],"Inner Unique":true,"Hash Cond":"((order_line.ol_w_id = orders.o_w_id) AND (order_line.ol_d_id = orders.o_d_id) AND (order_line.ol_o_id = orders.o_id))","Shared Hit Blocks":340884,"Shared Read Blocks":0,"Shared Dirtied Blocks":0,"Shared Written Blocks":0,"Local Hit Blocks":0,"Local Read Blocks":0,"Local Dirtied Blocks":0,"Local Written Blocks":0,"Temp Read Blocks":85996,"Temp Written Blocks":85996,"I/O Read Time":0.0,"I/O Write Time":0.0,"Temp I/O Read Time":138.936,"Temp I/O Write Time":341.49,"Plans":[{"Node Type":"Seq Scan","Parent Relationship":"Outer","Parallel Aware":false,"Async Capable":false,"Relation Name":"order_line","Schema":"public","Alias":"order_line","Startup Cost":0.0,"Total Cost":715856.4,"Plan Rows":20926367,"Plan Width":20,"Actual Startup Time":0.006,"Actual Total Time":3665.107,"Actual Rows":21002151,"Actual Loops":1,"Output":["order_line.ol_amount","order_line.ol_o_id","order_line.ol_w_id","order_line.ol_d_id","order_line.ol_i_id"],"Filter":"(order_line.ol_delivery_d >= '1992-01-02 20:10:02.27764'::timestamp without time zone)","Rows Removed by Filter":8995581,"Shared Hit Blocks":340884,"Shared Read Blocks":0,"Shared Dirtied Blocks":0,"Shared Written Blocks":0,"Local Hit Blocks":0,"Local Read Blocks":0,"Local Dirtied Blocks":0,"Local Written Blocks":0,"Temp Read Blocks":0,"Temp Written Blocks":0,"I/O Read Time":0.0,"I/O Write Time":0.0,"Temp I/O Read Time":0.0,"Temp I/O Write Time":0.0},{"Node Type":"Hash","Parent Relationship":"Inner","Parallel Aware":false,"Async Capable":false,"Startup Cost":65744.12,"Total Cost":65744.12,"Plan Rows":426549,"Plan Width":16,"Actual Startup Time":180.713,"Actual Total Time":180.721,"Actual Rows":428399,"Actual Loops":1,"Output":["orders.o_c_id","orders.o_w_id","orders.o_d_id","orders.o_id"],"Hash Buckets":262144,"Original Hash Buckets":262144,"Hash Batches":4,"Original Hash Batches":4,"Peak Memory Usage":7080,"Shared Hit Blocks":0,"Shared Read Blocks":0,"Shared Dirtied Blocks":0,"Shared Written Blocks":0,"Local Hit Blocks":0,"Local Read Blocks":0,"Local Dirtied Blocks":0,"Local Written Blocks":0,"Temp Read Blocks":0,"Temp Written Blocks":1410,"I/O Read Time":0.0,"I/O Write Time":0.0,"Temp I/O Read Time":0.0,"Temp I/O Write Time":5.967,"Plans":[{"Node Type":"Append","Parent Relationship":"Outer","Parallel Aware":false,"Async Capable":false,"Startup Cost":20.0,"Total Cost":65744.12,"Plan Rows":426549,"Plan Width":16,"Actual Startup Time":0.527,"Actual Total Time":103.57,"Actual Rows":428399,"Actual Loops":1,"Shared Hit Blocks":0,"Shared Read Blocks":0,"Shared Dirtied Blocks":0,"Shared Written Blocks":0,"Local Hit Blocks":0,"Local Read Blocks":0,"Local Dirtied Blocks":0,"Local Written Blocks":0,"Temp Read Blocks":0,"Temp Written Blocks":0,"I/O Read Time":0.0,"I/O Write Time":0.0,"Temp I/O Read Time":0.0,"Temp I/O Write Time":0.0,"Subplans Removed":0,"Plans":[{"Node Type":"Custom Scan","Parent Relationship":"Member","Custom Plan Provider":"columnar scan","Parallel Aware":false,"Async Capable":false,"Relation Name":"orders","Schema":"public","Alias":"orders","Startup Cost":20.0,"Total Cost":10043.96,"Plan Rows":426548,"Plan Width":16,"Actual Startup Time":0.526,"Actual Total Time":72.658,"Actual Rows":428399,"Actual Loops":1,"Output":["orders.o_c_id","orders.o_w_id","orders.o_d_id","orders.o_id"],"Filter":"((orders.o_entry_d < '1994-01-02 20:10:02.27764'::timestamp without time zone) AND (orders.o_entry_d >= '1993-01-02 20:10:02.27764'::timestamp without time zone))","Rows Removed by Filter":0,"Rows Removed by Columnar Filter":2571601,"Columnar cache search mode":"native","Shared Hit Blocks":0,"Shared Read Blocks":0,"Shared Dirtied Blocks":0,"Shared Written Blocks":0,"Local Hit Blocks":0,"Local Read Blocks":0,"Local Dirtied Blocks":0,"Local Written Blocks":0,"Temp Read Blocks":0,"Temp Written Blocks":0,"I/O Read Time":0.0,"I/O Write Time":0.0,"Temp I/O Read Time":0.0,"Temp I/O Write Time":0.0},{"Node Type":"Seq Scan","Parent Relationship":"Member","Parallel Aware":false,"Async Capable":false,"Relation Name":"orders","Schema":"public","Alias":"orders","Startup Cost":0.0,"Total Cost":4.01,"Plan Rows":1,"Plan Width":16,"Actual Startup Time":0.0,"Actual Total Time":0.0,"Actual Rows":0,"Actual Loops":0,"Output":["orders.o_c_id","orders.o_w_id","orders.o_d_id","orders.o_id"],"Filter":"((orders.o_entry_d < '1994-01-02 20:10:02.27764'::timestamp without time zone) AND (orders.o_entry_d >= '1993-01-02 20:10:02.27764'::timestamp without time zone))","Rows Removed by Filter":0,"Shared Hit Blocks":0,"Shared Read Blocks":0,"Shared Dirtied Blocks":0,"Shared Written Blocks":0,"Local Hit Blocks":0,"Local Read Blocks":0,"Local Dirtied Blocks":0,"Local Written Blocks":0,"Temp Read Blocks":0,"Temp Written Blocks":0,"I/O Read Time":0.0,"I/O Write Time":0.0,"Temp I/O Read Time":0.0,"Temp I/O Write Time":0.0}]}]}]},{"Node Type":"Hash","Parent Relationship":"Inner","Parallel Aware":false,"Async Capable":false,"Startup Cost":259601.38,"Total Cost":259601.38,"Plan Rows":2999738,"Plan Width":12,"Actual Startup Time":1160.518,"Actual Total Time":1160.52,"Actual Rows":3000000,"Actual Loops":1,"Output":["customer.c_id","customer.c_w_id","customer.c_d_id","customer.c_nationkey"],"Hash Buckets":262144,"Original Hash Buckets":262144,"Hash Batches":32,"Original Hash Batches":32,"Peak Memory Usage":6090,"Shared Hit Blocks":229604,"Shared Read Blocks":0,"Shared Dirtied Blocks":0,"Shared Written Blocks":0,"Local Hit Blocks":0,"Local Read Blocks":0,"Local Dirtied Blocks":0,"Local Written Blocks":0,"Temp Read Blocks":0,"Temp Written Blocks":11335,"I/O Read Time":0.0,"I/O Write Time":0.0,"Temp I/O Read Time":0.0,"Temp I/O Write Time":54.391,"Plans":[{"Node Type":"Seq Scan","Parent Relationship":"Outer","Parallel Aware":false,"Async Capable":false,"Relation Name":"customer","Schema":"public","Alias":"customer","Startup Cost":0.0,"Total Cost":259601.38,"Plan Rows":2999738,"Plan Width":12,"Actual Startup Time":0.009,"Actual Total Time":652.781,"Actual Rows":3000000,"Actual Loops":1,"Output":["customer.c_id","customer.c_w_id","customer.c_d_id","customer.c_nationkey"],"Shared Hit Blocks":229604,"Shared Read Blocks":0,"Shared Dirtied Blocks":0,"Shared Written Blocks":0,"Local Hit Blocks":0,"Local Read Blocks":0,"Local Dirtied Blocks":0,"Local Written Blocks":0,"Temp Read Blocks":0,"Temp Written Blocks":0,"I/O Read Time":0.0,"I/O Write Time":0.0,"Temp I/O Read Time":0.0,"Temp I/O Write Time":0.0}]}]},{"Node Type":"Hash","Parent Relationship":"Inner","Parallel Aware":false,"Async Capable":false,"Startup Cost":2.99,"Total Cost":2.99,"Plan Rows":12,"Plan Width":12,"Actual Startup Time":0.043,"Actual Total Time":0.048,"Actual Rows":22,"Actual Loops":1,"Output":["nation.n_name","nation.n_nationkey"],"Hash Buckets":1024,"Original Hash Buckets":1024,"Hash Batches":1,"Original Hash Batches":1,"Peak Memory Usage":9,"Shared Hit Blocks":2,"Shared Read Blocks":0,"Shared Dirtied Blocks":0,"Shared Written Blocks":0,"Local Hit Blocks":0,"Local Read Blocks":0,"Local Dirtied Blocks":0,"Local Written Blocks":0,"Temp Read Blocks":0,"Temp Written Blocks":0,"I/O Read Time":0.0,"I/O Write Time":0.0,"Temp I/O Read Time":0.0,"Temp I/O Write Time":0.0,"Plans":[{"Node Type":"Hash Join","Parent Relationship":"Outer","Parallel Aware":false,"Async Capable":false,"Join Type":"Inner","Startup Cost":1.07,"Total Cost":2.99,"Plan Rows":12,"Plan Width":12,"Actual Startup Time":0.025,"Actual Total Time":0.04,"Actual Rows":22,"Actual Loops":1,"Output":["nation.n_name","nation.n_nationkey"],"Inner Unique":true,"Hash Cond":"(nation.n_regionkey = region.r_regionkey)","Shared Hit Blocks":2,"Shared Read Blocks":0,"Shared Dirtied Blocks":0,"Shared Written Blocks":0,"Local Hit Blocks":0,"Local Read Blocks":0,"Local Dirtied Blocks":0,"Local Written Blocks":0,"Temp Read Blocks":0,"Temp Written Blocks":0,"I/O Read Time":0.0,"I/O Write Time":0.0,"Temp I/O Read Time":0.0,"Temp I/O Write Time":0.0,"Plans":[{"Node Type":"Seq Scan","Parent Relationship":"Outer","Parallel Aware":false,"Async Capable":false,"Relation Name":"nation","Schema":"public","Alias":"nation","Startup Cost":0.0,"Total Cost":1.62,"Plan Rows":62,"Plan Width":16,"Actual Startup Time":0.006,"Actual Total Time":0.009,"Actual Rows":62,"Actual Loops":1,"Output":["nation.n_nationkey","nation.n_name","nation.n_regionkey","nation.n_comment"],"Shared Hit Blocks":1,"Shared Read Blocks":0,"Shared Dirtied Blocks":0,"Shared Written Blocks":0,"Local Hit Blocks":0,"Local Read Blocks":0,"Local Dirtied Blocks":0,"Local Written Blocks":0,"Temp Read Blocks":0,"Temp Written Blocks":0,"I/O Read Time":0.0,"I/O Write Time":0.0,"Temp I/O Read Time":0.0,"Temp I/O Write Time":0.0},{"Node Type":"Hash","Parent Relationship":"Inner","Parallel Aware":false,"Async Capable":false,"Startup Cost":1.06,"Total Cost":1.06,"Plan Rows":1,"Plan Width":4,"Actual Startup Time":0.008,"Actual Total Time":0.009,"Actual Rows":1,"Actual Loops":1,"Output":["region.r_regionkey"],"Hash Buckets":1024,"Original Hash Buckets":1024,"Hash Batches":1,"Original Hash Batches":1,"Peak Memory Usage":9,"Shared Hit Blocks":1,"Shared Read Blocks":0,"Shared Dirtied Blocks":0,"Shared Written Blocks":0,"Local Hit Blocks":0,"Local Read Blocks":0,"Local Dirtied Blocks":0,"Local Written Blocks":0,"Temp Read Blocks":0,"Temp Written Blocks":0,"I/O Read Time":0.0,"I/O Write Time":0.0,"Temp I/O Read Time":0.0,"Temp I/O Write Time":0.0,"Plans":[{"Node Type":"Seq Scan","Parent Relationship":"Outer","Parallel Aware":false,"Async Capable":false,"Relation Name":"region","Schema":"public","Alias":"region","Startup Cost":0.0,"Total Cost":1.06,"Plan Rows":1,"Plan Width":4,"Actual Startup Time":0.007,"Actual Total Time":0.007,"Actual Rows":1,"Actual Loops":1,"Output":["region.r_regionkey"],"Filter":"((region.r_name)::text = 'Europe'::text)","Rows Removed by Filter":4,"Shared Hit Blocks":1,"Shared Read Blocks":0,"Shared Dirtied Blocks":0,"Shared Written Blocks":0,"Local Hit Blocks":0,"Local Read Blocks":0,"Local Dirtied Blocks":0,"Local Written Blocks":0,"Temp Read Blocks":0,"Temp Written Blocks":0,"I/O Read Time":0.0,"I/O Write Time":0.0,"Temp I/O Read Time":0.0,"Temp I/O Write Time":0.0}]}]}]}]}]},{"Node Type":"Index Only Scan","Parent Relationship":"Inner","Parallel Aware":false,"Async Capable":false,"Scan Direction":"Forward","Index Name":"stock_pk","Relation Name":"stock","Schema":"public","Alias":"stock","Startup Cost":0.43,"Total Cost":259690.86,"Plan Rows":10000162,"Plan Width":6,"Actual Startup Time":0.047,"Actual Total Time":718.934,"Actual Rows":9999996,"Actual Loops":1,"Output":["stock.s_w_id","stock.s_i_id"],"Heap Fetches":0,"Shared Hit Blocks":27338,"Shared Read Blocks":0,"Shared Dirtied Blocks":0,"Shared Written Blocks":0,"Local Hit Blocks":0,"Local Read Blocks":0,"Local Dirtied Blocks":0,"Local Written Blocks":0,"Temp Read Blocks":0,"Temp Written Blocks":0,"I/O Read Time":0.0,"I/O Write Time":0.0,"Temp I/O Read Time":0.0,"Temp I/O Write Time":0.0}]},{"Node Type":"Hash","Parent Relationship":"Inner","Parallel Aware":false,"Async Capable":false,"Startup Cost":317.0,"Total Cost":317.0,"Plan Rows":10000,"Plan Width":8,"Actual Startup Time":2.673,"Actual Total Time":2.673,"Actual Rows":10000,"Actual Loops":1,"Output":["supplier.su_suppkey","supplier.su_nationkey"],"Hash Buckets":16384,"Original Hash Buckets":16384,"Hash Batches":1,"Original Hash Batches":1,"Peak Memory Usage":519,"Shared Hit Blocks":217,"Shared Read Blocks":0,"Shared Dirtied Blocks":0,"Shared Written Blocks":0,"Local Hit Blocks":0,"Local Read Blocks":0,"Local Dirtied Blocks":0,"Local Written Blocks":0,"Temp Read Blocks":0,"Temp Written Blocks":0,"I/O Read Time":0.0,"I/O Write Time":0.0,"Temp I/O Read Time":0.0,"Temp I/O Write Time":0.0,"Plans":[{"Node Type":"Seq Scan","Parent Relationship":"Outer","Parallel Aware":false,"Async Capable":false,"Relation Name":"supplier","Schema":"public","Alias":"supplier","Startup Cost":0.0,"Total Cost":317.0,"Plan Rows":10000,"Plan Width":8,"Actual Startup Time":0.01,"Actual Total Time":1.327,"Actual Rows":10000,"Actual Loops":1,"Output":["supplier.su_suppkey","supplier.su_nationkey"],"Shared Hit Blocks":217,"Shared Read Blocks":0,"Shared Dirtied Blocks":0,"Shared Written Blocks":0,"Local Hit Blocks":0,"Local Read Blocks":0,"Local Dirtied Blocks":0,"Local Written Blocks":0,"Temp Read Blocks":0,"Temp Written Blocks":0,"I/O Read Time":0.0,"I/O Write Time":0.0,"Temp I/O Read Time":0.0,"Temp I/O Write Time":0.0}]}]}]}]}]},"Planning":{"Shared Hit Blocks":16,"Shared Read Blocks":0,"Shared Dirtied Blocks":0,"Shared Written Blocks":0,"Local Hit Blocks":0,"Local Read Blocks":0,"Local Dirtied Blocks":0,"Local Written Blocks":0,"Temp Read Blocks":0,"Temp Written Blocks":0,"I/O Read Time":0.0,"I/O Write Time":0.0,"Temp I/O Read Time":0.0,"Temp I/O Write Time":0.0},"Planning Time":4.995,"Triggers":[],"Execution Time":16479.322}]
[列存组合]: nation, orders, supplier
[{"Plan":{"Node Type":"Sort","Parallel Aware":false,"Async Capable":false,"Startup Cost":2015771.79,"Total Cost":2015771.95,"Plan Rows":62,"Plan Width":40,"Actual Startup Time":16405.969,"Actual Total Time":16405.992,"Actual Rows":11,"Actual Loops":1,"Output":["nation.n_name","(sum(order_line.ol_amount))"],"Sort Key":["(sum(order_line.ol_amount)) DESC"],"Sort Method":"quicksort","Sort Space Used":25,"Sort Space Type":"Memory","Shared Hit Blocks":597828,"Shared Read Blocks":0,"Shared Dirtied Blocks":0,"Shared Written Blocks":0,"Local Hit Blocks":0,"Local Read Blocks":0,"Local Dirtied Blocks":0,"Local Written Blocks":0,"Temp Read Blocks":129460,"Temp Written Blocks":129487,"I/O Read Time":0.0,"I/O Write Time":0.0,"Temp I/O Read Time":199.691,"Temp I/O Write Time":508.875,"Plans":[{"Node Type":"Aggregate","Strategy":"Sorted","Partial Mode":"Simple","Parent Relationship":"Outer","Parallel Aware":false,"Async Capable":false,"Startup Cost":2015696.01,"Total Cost":2015769.95,"Plan Rows":62,"Plan Width":40,"Actual Startup Time":16403.081,"Actual Total Time":16405.978,"Actual Rows":11,"Actual Loops":1,"Output":["nation.n_name","sum(order_line.ol_amount)"],"Group Key":["nation.n_name"],"Shared Hit Blocks":597828,"Shared Read Blocks":0,"Shared Dirtied Blocks":0,"Shared Written Blocks":0,"Local Hit Blocks":0,"Local Read Blocks":0,"Local Dirtied Blocks":0,"Local Written Blocks":0,"Temp Read Blocks":129460,"Temp Written Blocks":129487,"I/O Read Time":0.0,"I/O Write Time":0.0,"Temp I/O Read Time":199.691,"Temp I/O Write Time":508.875,"Plans":[{"Node Type":"Sort","Parent Relationship":"Outer","Parallel Aware":false,"Async Capable":false,"Startup Cost":2015696.01,"Total Cost":2015720.4,"Plan Rows":9755,"Plan Width":12,"Actual Startup Time":16402.863,"Actual Total Time":16403.643,"Actual Rows":17493,"Actual Loops":1,"Output":["nation.n_name","order_line.ol_amount"],"Sort Key":["nation.n_name"],"Sort Method":"quicksort","Sort Space Used":1725,"Sort Space Type":"Memory","Shared Hit Blocks":597828,"Shared Read Blocks":0,"Shared Dirtied Blocks":0,"Shared Written Blocks":0,"Local Hit Blocks":0,"Local Read Blocks":0,"Local Dirtied Blocks":0,"Local Written Blocks":0,"Temp Read Blocks":129460,"Temp Written Blocks":129487,"I/O Read Time":0.0,"I/O Write Time":0.0,"Temp I/O Read Time":199.691,"Temp I/O Write Time":508.875,"Plans":[{"Node Type":"Hash Join","Parent Relationship":"Outer","Parallel Aware":false,"Async Capable":false,"Join Type":"Inner","Startup Cost":1691552.74,"Total Cost":2015049.65,"Plan Rows":9755,"Plan Width":12,"Actual Startup Time":14532.16,"Actual Total Time":16394.172,"Actual Rows":17493,"Actual Loops":1,"Output":["nation.n_name","order_line.ol_amount"],"Inner Unique":true,"Hash Cond":"((mod((stock.s_w_id * stock.s_i_id), 10000) = supplier.su_suppkey) AND (customer.c_nationkey = supplier.su_nationkey))","Shared Hit Blocks":597828,"Shared Read Blocks":0,"Shared Dirtied Blocks":0,"Shared Written Blocks":0,"Local Hit Blocks":0,"Local Read Blocks":0,"Local Dirtied Blocks":0,"Local Written Blocks":0,"Temp Read Blocks":129460,"Temp Written Blocks":129487,"I/O Read Time":0.0,"I/O Write Time":0.0,"Temp I/O Read Time":199.691,"Temp I/O Write Time":508.875,"Plans":[{"Node Type":"Merge Join","Parent Relationship":"Outer","Parallel Aware":false,"Async Capable":false,"Join Type":"Inner","Startup Cost":1691183.71,"Total Cost":2011365.49,"Plan Rows":602749,"Plan Width":26,"Actual Startup Time":14528.532,"Actual Total Time":16252.716,"Actual Rows":1109507,"Actual Loops":1,"Output":["customer.c_nationkey","order_line.ol_amount","stock.s_w_id","stock.s_i_id","nation.n_name","nation.n_nationkey"],"Inner Unique":true,"Merge Cond":"((customer.c_w_id = stock.s_w_id) AND (order_line.ol_i_id = stock.s_i_id))","Shared Hit Blocks":597828,"Shared Read Blocks":0,"Shared Dirtied Blocks":0,"Shared Written Blocks":0,"Local Hit Blocks":0,"Local Read Blocks":0,"Local Dirtied Blocks":0,"Local Written Blocks":0,"Temp Read Blocks":129460,"Temp Written Blocks":129487,"I/O Read Time":0.0,"I/O Write Time":0.0,"Temp I/O Read Time":199.691,"Temp I/O Write Time":508.875,"Plans":[{"Node Type":"Sort","Parent Relationship":"Outer","Parallel Aware":false,"Async Capable":false,"Startup Cost":1691183.28,"Total Cost":1692670.96,"Plan Rows":595073,"Plan Width":30,"Actual Startup Time":14528.473,"Actual Total Time":14707.87,"Actual Rows":1109507,"Actual Loops":1,"Output":["customer.c_w_id","customer.c_nationkey","orders.o_w_id","order_line.ol_amount","order_line.ol_w_id","order_line.ol_i_id","nation.n_name","nation.n_nationkey"],"Sort Key":["customer.c_w_id","order_line.ol_i_id"],"Sort Method":"external merge","Sort Space Used":47304,"Sort Space Type":"Disk","Shared Hit Blocks":570490,"Shared Read Blocks":0,"Shared Dirtied Blocks":0,"Shared Written Blocks":0,"Local Hit Blocks":0,"Local Read Blocks":0,"Local Dirtied Blocks":0,"Local Written Blocks":0,"Temp Read Blocks":129460,"Temp Written Blocks":129487,"I/O Read Time":0.0,"I/O Write Time":0.0,"Temp I/O Read Time":199.691,"Temp I/O Write Time":508.875,"Plans":[{"Node Type":"Hash Join","Parent Relationship":"Outer","Parallel Aware":false,"Async Capable":false,"Join Type":"Inner","Startup Cost":402039.66,"Total Cost":1619869.72,"Plan Rows":595073,"Plan Width":30,"Actual Startup Time":1406.448,"Actual Total Time":13147.876,"Actual Rows":1109507,"Actual Loops":1,"Output":["customer.c_w_id","customer.c_nationkey","orders.o_w_id","order_line.ol_amount","order_line.ol_w_id","order_line.ol_i_id","nation.n_name","nation.n_nationkey"],"Inner Unique":false,"Hash Cond":"(customer.c_nationkey = nation.n_nationkey)","Shared Hit Blocks":570490,"Shared Read Blocks":0,"Shared Dirtied Blocks":0,"Shared Written Blocks":0,"Local Hit Blocks":0,"Local Read Blocks":0,"Local Dirtied Blocks":0,"Local Written Blocks":0,"Temp Read Blocks":117643,"Temp Written Blocks":117643,"I/O Read Time":0.0,"I/O Write Time":0.0,"Temp I/O Read Time":182.068,"Temp I/O Write Time":477.79,"Plans":[{"Node Type":"Hash Join","Parent Relationship":"Outer","Parallel Aware":false,"Async Capable":false,"Join Type":"Inner","Startup Cost":402036.52,"Total Cost":1602950.18,"Plan Rows":2975367,"Plan Width":18,"Actual Startup Time":1397.021,"Actual Total Time":12724.207,"Actual Rows":4284922,"Actual Loops":1,"Output":["customer.c_w_id","customer.c_nationkey","orders.o_w_id","order_line.ol_amount","order_line.ol_w_id","order_line.ol_i_id"],"Inner Unique":true,"Hash Cond":"((orders.o_c_id = customer.c_id) AND (orders.o_w_id = customer.c_w_id) AND (orders.o_d_id = customer.c_d_id))","Shared Hit Blocks":570488,"Shared Read Blocks":0,"Shared Dirtied Blocks":0,"Shared Written Blocks":0,"Local Hit Blocks":0,"Local Read Blocks":0,"Local Dirtied Blocks":0,"Local Written Blocks":0,"Temp Read Blocks":117643,"Temp Written Blocks":117643,"I/O Read Time":0.0,"I/O Write Time":0.0,"Temp I/O Read Time":182.068,"Temp I/O Write Time":477.79,"Plans":[{"Node Type":"Hash Join","Parent Relationship":"Outer","Parallel Aware":false,"Async Capable":false,"Join Type":"Inner","Startup Cost":75291.73,"Total Cost":1203258.36,"Plan Rows":2975367,"Plan Width":20,"Actual Startup Time":245.487,"Actual Total Time":9445.675,"Actual Rows":4284922,"Actual Loops":1,"Output":["orders.o_c_id","orders.o_w_id","orders.o_d_id","order_line.ol_amount","order_line.ol_w_id","order_line.ol_d_id","order_line.ol_i_id"],"Inner Unique":true,"Hash Cond":"((order_line.ol_w_id = orders.o_w_id) AND (order_line.ol_d_id = orders.o_d_id) AND (order_line.ol_o_id = orders.o_id))","Shared Hit Blocks":340884,"Shared Read Blocks":0,"Shared Dirtied Blocks":0,"Shared Written Blocks":0,"Local Hit Blocks":0,"Local Read Blocks":0,"Local Dirtied Blocks":0,"Local Written Blocks":0,"Temp Read Blocks":85996,"Temp Written Blocks":85996,"I/O Read Time":0.0,"I/O Write Time":0.0,"Temp I/O Read Time":132.918,"Temp I/O Write Time":333.626,"Plans":[{"Node Type":"Seq Scan","Parent Relationship":"Outer","Parallel Aware":false,"Async Capable":false,"Relation Name":"order_line","Schema":"public","Alias":"order_line","Startup Cost":0.0,"Total Cost":715856.4,"Plan Rows":20926367,"Plan Width":20,"Actual Startup Time":0.006,"Actual Total Time":3666.383,"Actual Rows":21002151,"Actual Loops":1,"Output":["order_line.ol_amount","order_line.ol_o_id","order_line.ol_w_id","order_line.ol_d_id","order_line.ol_i_id"],"Filter":"(order_line.ol_delivery_d >= '1992-01-02 20:10:02.27764'::timestamp without time zone)","Rows Removed by Filter":8995581,"Shared Hit Blocks":340884,"Shared Read Blocks":0,"Shared Dirtied Blocks":0,"Shared Written Blocks":0,"Local Hit Blocks":0,"Local Read Blocks":0,"Local Dirtied Blocks":0,"Local Written Blocks":0,"Temp Read Blocks":0,"Temp Written Blocks":0,"I/O Read Time":0.0,"I/O Write Time":0.0,"Temp I/O Read Time":0.0,"Temp I/O Write Time":0.0},{"Node Type":"Hash","Parent Relationship":"Inner","Parallel Aware":false,"Async Capable":false,"Startup Cost":65744.12,"Total Cost":65744.12,"Plan Rows":426549,"Plan Width":16,"Actual Startup Time":178.274,"Actual Total Time":178.282,"Actual Rows":428399,"Actual Loops":1,"Output":["orders.o_c_id","orders.o_w_id","orders.o_d_id","orders.o_id"],"Hash Buckets":262144,"Original Hash Buckets":262144,"Hash Batches":4,"Original Hash Batches":4,"Peak Memory Usage":7080,"Shared Hit Blocks":0,"Shared Read Blocks":0,"Shared Dirtied Blocks":0,"Shared Written Blocks":0,"Local Hit Blocks":0,"Local Read Blocks":0,"Local Dirtied Blocks":0,"Local Written Blocks":0,"Temp Read Blocks":0,"Temp Written Blocks":1410,"I/O Read Time":0.0,"I/O Write Time":0.0,"Temp I/O Read Time":0.0,"Temp I/O Write Time":5.777,"Plans":[{"Node Type":"Append","Parent Relationship":"Outer","Parallel Aware":false,"Async Capable":false,"Startup Cost":20.0,"Total Cost":65744.12,"Plan Rows":426549,"Plan Width":16,"Actual Startup Time":0.507,"Actual Total Time":102.94,"Actual Rows":428399,"Actual Loops":1,"Shared Hit Blocks":0,"Shared Read Blocks":0,"Shared Dirtied Blocks":0,"Shared Written Blocks":0,"Local Hit Blocks":0,"Local Read Blocks":0,"Local Dirtied Blocks":0,"Local Written Blocks":0,"Temp Read Blocks":0,"Temp Written Blocks":0,"I/O Read Time":0.0,"I/O Write Time":0.0,"Temp I/O Read Time":0.0,"Temp I/O Write Time":0.0,"Subplans Removed":0,"Plans":[{"Node Type":"Custom Scan","Parent Relationship":"Member","Custom Plan Provider":"columnar scan","Parallel Aware":false,"Async Capable":false,"Relation Name":"orders","Schema":"public","Alias":"orders","Startup Cost":20.0,"Total Cost":10043.96,"Plan Rows":426548,"Plan Width":16,"Actual Startup Time":0.507,"Actual Total Time":71.892,"Actual Rows":428399,"Actual Loops":1,"Output":["orders.o_c_id","orders.o_w_id","orders.o_d_id","orders.o_id"],"Filter":"((orders.o_entry_d < '1994-01-02 20:10:02.27764'::timestamp without time zone) AND (orders.o_entry_d >= '1993-01-02 20:10:02.27764'::timestamp without time zone))","Rows Removed by Filter":0,"Rows Removed by Columnar Filter":2571601,"Columnar cache search mode":"native","Shared Hit Blocks":0,"Shared Read Blocks":0,"Shared Dirtied Blocks":0,"Shared Written Blocks":0,"Local Hit Blocks":0,"Local Read Blocks":0,"Local Dirtied Blocks":0,"Local Written Blocks":0,"Temp Read Blocks":0,"Temp Written Blocks":0,"I/O Read Time":0.0,"I/O Write Time":0.0,"Temp I/O Read Time":0.0,"Temp I/O Write Time":0.0},{"Node Type":"Seq Scan","Parent Relationship":"Member","Parallel Aware":false,"Async Capable":false,"Relation Name":"orders","Schema":"public","Alias":"orders","Startup Cost":0.0,"Total Cost":4.01,"Plan Rows":1,"Plan Width":16,"Actual Startup Time":0.0,"Actual Total Time":0.0,"Actual Rows":0,"Actual Loops":0,"Output":["orders.o_c_id","orders.o_w_id","orders.o_d_id","orders.o_id"],"Filter":"((orders.o_entry_d < '1994-01-02 20:10:02.27764'::timestamp without time zone) AND (orders.o_entry_d >= '1993-01-02 20:10:02.27764'::timestamp without time zone))","Rows Removed by Filter":0,"Shared Hit Blocks":0,"Shared Read Blocks":0,"Shared Dirtied Blocks":0,"Shared Written Blocks":0,"Local Hit Blocks":0,"Local Read Blocks":0,"Local Dirtied Blocks":0,"Local Written Blocks":0,"Temp Read Blocks":0,"Temp Written Blocks":0,"I/O Read Time":0.0,"I/O Write Time":0.0,"Temp I/O Read Time":0.0,"Temp I/O Write Time":0.0}]}]}]},{"Node Type":"Hash","Parent Relationship":"Inner","Parallel Aware":false,"Async Capable":false,"Startup Cost":259601.38,"Total Cost":259601.38,"Plan Rows":2999738,"Plan Width":12,"Actual Startup Time":1149.255,"Actual Total Time":1149.256,"Actual Rows":3000000,"Actual Loops":1,"Output":["customer.c_id","customer.c_w_id","customer.c_d_id","customer.c_nationkey"],"Hash Buckets":262144,"Original Hash Buckets":262144,"Hash Batches":32,"Original Hash Batches":32,"Peak Memory Usage":6090,"Shared Hit Blocks":229604,"Shared Read Blocks":0,"Shared Dirtied Blocks":0,"Shared Written Blocks":0,"Local Hit Blocks":0,"Local Read Blocks":0,"Local Dirtied Blocks":0,"Local Written Blocks":0,"Temp Read Blocks":0,"Temp Written Blocks":11335,"I/O Read Time":0.0,"I/O Write Time":0.0,"Temp I/O Read Time":0.0,"Temp I/O Write Time":51.882,"Plans":[{"Node Type":"Seq Scan","Parent Relationship":"Outer","Parallel Aware":false,"Async Capable":false,"Relation Name":"customer","Schema":"public","Alias":"customer","Startup Cost":0.0,"Total Cost":259601.38,"Plan Rows":2999738,"Plan Width":12,"Actual Startup Time":0.009,"Actual Total Time":647.178,"Actual Rows":3000000,"Actual Loops":1,"Output":["customer.c_id","customer.c_w_id","customer.c_d_id","customer.c_nationkey"],"Shared Hit Blocks":229604,"Shared Read Blocks":0,"Shared Dirtied Blocks":0,"Shared Written Blocks":0,"Local Hit Blocks":0,"Local Read Blocks":0,"Local Dirtied Blocks":0,"Local Written Blocks":0,"Temp Read Blocks":0,"Temp Written Blocks":0,"I/O Read Time":0.0,"I/O Write Time":0.0,"Temp I/O Read Time":0.0,"Temp I/O Write Time":0.0}]}]},{"Node Type":"Hash","Parent Relationship":"Inner","Parallel Aware":false,"Async Capable":false,"Startup Cost":2.99,"Total Cost":2.99,"Plan Rows":12,"Plan Width":12,"Actual Startup Time":0.035,"Actual Total Time":0.04,"Actual Rows":22,"Actual Loops":1,"Output":["nation.n_name","nation.n_nationkey"],"Hash Buckets":1024,"Original Hash Buckets":1024,"Hash Batches":1,"Original Hash Batches":1,"Peak Memory Usage":9,"Shared Hit Blocks":2,"Shared Read Blocks":0,"Shared Dirtied Blocks":0,"Shared Written Blocks":0,"Local Hit Blocks":0,"Local Read Blocks":0,"Local Dirtied Blocks":0,"Local Written Blocks":0,"Temp Read Blocks":0,"Temp Written Blocks":0,"I/O Read Time":0.0,"I/O Write Time":0.0,"Temp I/O Read Time":0.0,"Temp I/O Write Time":0.0,"Plans":[{"Node Type":"Hash Join","Parent Relationship":"Outer","Parallel Aware":false,"Async Capable":false,"Join Type":"Inner","Startup Cost":1.07,"Total Cost":2.99,"Plan Rows":12,"Plan Width":12,"Actual Startup Time":0.019,"Actual Total Time":0.034,"Actual Rows":22,"Actual Loops":1,"Output":["nation.n_name","nation.n_nationkey"],"Inner Unique":true,"Hash Cond":"(nation.n_regionkey = region.r_regionkey)","Shared Hit Blocks":2,"Shared Read Blocks":0,"Shared Dirtied Blocks":0,"Shared Written Blocks":0,"Local Hit Blocks":0,"Local Read Blocks":0,"Local Dirtied Blocks":0,"Local Written Blocks":0,"Temp Read Blocks":0,"Temp Written Blocks":0,"I/O Read Time":0.0,"I/O Write Time":0.0,"Temp I/O Read Time":0.0,"Temp I/O Write Time":0.0,"Plans":[{"Node Type":"Seq Scan","Parent Relationship":"Outer","Parallel Aware":false,"Async Capable":false,"Relation Name":"nation","Schema":"public","Alias":"nation","Startup Cost":0.0,"Total Cost":1.62,"Plan Rows":62,"Plan Width":16,"Actual Startup Time":0.006,"Actual Total Time":0.01,"Actual Rows":62,"Actual Loops":1,"Output":["nation.n_nationkey","nation.n_name","nation.n_regionkey","nation.n_comment"],"Shared Hit Blocks":1,"Shared Read Blocks":0,"Shared Dirtied Blocks":0,"Shared Written Blocks":0,"Local Hit Blocks":0,"Local Read Blocks":0,"Local Dirtied Blocks":0,"Local Written Blocks":0,"Temp Read Blocks":0,"Temp Written Blocks":0,"I/O Read Time":0.0,"I/O Write Time":0.0,"Temp I/O Read Time":0.0,"Temp I/O Write Time":0.0},{"Node Type":"Hash","Parent Relationship":"Inner","Parallel Aware":false,"Async Capable":false,"Startup Cost":1.06,"Total Cost":1.06,"Plan Rows":1,"Plan Width":4,"Actual Startup Time":0.007,"Actual Total Time":0.008,"Actual Rows":1,"Actual Loops":1,"Output":["region.r_regionkey"],"Hash Buckets":1024,"Original Hash Buckets":1024,"Hash Batches":1,"Original Hash Batches":1,"Peak Memory Usage":9,"Shared Hit Blocks":1,"Shared Read Blocks":0,"Shared Dirtied Blocks":0,"Shared Written Blocks":0,"Local Hit Blocks":0,"Local Read Blocks":0,"Local Dirtied Blocks":0,"Local Written Blocks":0,"Temp Read Blocks":0,"Temp Written Blocks":0,"I/O Read Time":0.0,"I/O Write Time":0.0,"Temp I/O Read Time":0.0,"Temp I/O Write Time":0.0,"Plans":[{"Node Type":"Seq Scan","Parent Relationship":"Outer","Parallel Aware":false,"Async Capable":false,"Relation Name":"region","Schema":"public","Alias":"region","Startup Cost":0.0,"Total Cost":1.06,"Plan Rows":1,"Plan Width":4,"Actual Startup Time":0.006,"Actual Total Time":0.006,"Actual Rows":1,"Actual Loops":1,"Output":["region.r_regionkey"],"Filter":"((region.r_name)::text = 'Europe'::text)","Rows Removed by Filter":4,"Shared Hit Blocks":1,"Shared Read Blocks":0,"Shared Dirtied Blocks":0,"Shared Written Blocks":0,"Local Hit Blocks":0,"Local Read Blocks":0,"Local Dirtied Blocks":0,"Local Written Blocks":0,"Temp Read Blocks":0,"Temp Written Blocks":0,"I/O Read Time":0.0,"I/O Write Time":0.0,"Temp I/O Read Time":0.0,"Temp I/O Write Time":0.0}]}]}]}]}]},{"Node Type":"Index Only Scan","Parent Relationship":"Inner","Parallel Aware":false,"Async Capable":false,"Scan Direction":"Forward","Index Name":"stock_pk","Relation Name":"stock","Schema":"public","Alias":"stock","Startup Cost":0.43,"Total Cost":259690.86,"Plan Rows":10000162,"Plan Width":6,"Actual Startup Time":0.044,"Actual Total Time":722.165,"Actual Rows":9999996,"Actual Loops":1,"Output":["stock.s_w_id","stock.s_i_id"],"Heap Fetches":0,"Shared Hit Blocks":27338,"Shared Read Blocks":0,"Shared Dirtied Blocks":0,"Shared Written Blocks":0,"Local Hit Blocks":0,"Local Read Blocks":0,"Local Dirtied Blocks":0,"Local Written Blocks":0,"Temp Read Blocks":0,"Temp Written Blocks":0,"I/O Read Time":0.0,"I/O Write Time":0.0,"Temp I/O Read Time":0.0,"Temp I/O Write Time":0.0}]},{"Node Type":"Hash","Parent Relationship":"Inner","Parallel Aware":false,"Async Capable":false,"Startup Cost":219.01,"Total Cost":219.01,"Plan Rows":10001,"Plan Width":8,"Actual Startup Time":3.231,"Actual Total Time":3.233,"Actual Rows":10000,"Actual Loops":1,"Output":["supplier.su_suppkey","supplier.su_nationkey"],"Hash Buckets":16384,"Original Hash Buckets":16384,"Hash Batches":1,"Original Hash Batches":1,"Peak Memory Usage":519,"Shared Hit Blocks":0,"Shared Read Blocks":0,"Shared Dirtied Blocks":0,"Shared Written Blocks":0,"Local Hit Blocks":0,"Local Read Blocks":0,"Local Dirtied Blocks":0,"Local Written Blocks":0,"Temp Read Blocks":0,"Temp Written Blocks":0,"I/O Read Time":0.0,"I/O Write Time":0.0,"Temp I/O Read Time":0.0,"Temp I/O Write Time":0.0,"Plans":[{"Node Type":"Append","Parent Relationship":"Outer","Parallel Aware":false,"Async Capable":false,"Startup Cost":20.0,"Total Cost":219.01,"Plan Rows":10001,"Plan Width":8,"Actual Startup Time":0.013,"Actual Total Time":1.936,"Actual Rows":10000,"Actual Loops":1,"Shared Hit Blocks":0,"Shared Read Blocks":0,"Shared Dirtied Blocks":0,"Shared Written Blocks":0,"Local Hit Blocks":0,"Local Read Blocks":0,"Local Dirtied Blocks":0,"Local Written Blocks":0,"Temp Read Blocks":0,"Temp Written Blocks":0,"I/O Read Time":0.0,"I/O Write Time":0.0,"Temp I/O Read Time":0.0,"Temp I/O Write Time":0.0,"Subplans Removed":0,"Plans":[{"Node Type":"Custom Scan","Parent Relationship":"Member","Custom Plan Provider":"columnar scan","Parallel Aware":false,"Async Capable":false,"Relation Name":"supplier","Schema":"public","Alias":"supplier","Startup Cost":20.0,"Total Cost":215.0,"Plan Rows":10000,"Plan Width":8,"Actual Startup Time":0.011,"Actual Total Time":1.19,"Actual Rows":10000,"Actual Loops":1,"Output":["supplier.su_suppkey","supplier.su_nationkey"],"Rows Removed by Columnar Filter":0,"Columnar cache search mode":"native","Shared Hit Blocks":0,"Shared Read Blocks":0,"Shared Dirtied Blocks":0,"Shared Written Blocks":0,"Local Hit Blocks":0,"Local Read Blocks":0,"Local Dirtied Blocks":0,"Local Written Blocks":0,"Temp Read Blocks":0,"Temp Written Blocks":0,"I/O Read Time":0.0,"I/O Write Time":0.0,"Temp I/O Read Time":0.0,"Temp I/O Write Time":0.0},{"Node Type":"Seq Scan","Parent Relationship":"Member","Parallel Aware":false,"Async Capable":false,"Relation Name":"supplier","Schema":"public","Alias":"supplier","Startup Cost":0.0,"Total Cost":4.01,"Plan Rows":1,"Plan Width":8,"Actual Startup Time":0.0,"Actual Total Time":0.0,"Actual Rows":0,"Actual Loops":0,"Output":["supplier.su_suppkey","supplier.su_nationkey"],"Shared Hit Blocks":0,"Shared Read Blocks":0,"Shared Dirtied Blocks":0,"Shared Written Blocks":0,"Local Hit Blocks":0,"Local Read Blocks":0,"Local Dirtied Blocks":0,"Local Written Blocks":0,"Temp Read Blocks":0,"Temp Written Blocks":0,"I/O Read Time":0.0,"I/O Write Time":0.0,"Temp I/O Read Time":0.0,"Temp I/O Write Time":0.0}]}]}]}]}]}]},"Planning":{"Shared Hit Blocks":16,"Shared Read Blocks":0,"Shared Dirtied Blocks":0,"Shared Written Blocks":0,"Local Hit Blocks":0,"Local Read Blocks":0,"Local Dirtied Blocks":0,"Local Written Blocks":0,"Temp Read Blocks":0,"Temp Written Blocks":0,"I/O Read Time":0.0,"I/O Write Time":0.0,"Temp I/O Read Time":0.0,"Temp I/O Write Time":0.0},"Planning Time":4.166,"Triggers":[],"Execution Time":16413.466}]
[列存组合]: nation, region, stock
[{"Plan":{"Node Type":"Sort","Parallel Aware":false,"Async Capable":false,"Startup Cost":2017184.63,"Total Cost":2017184.79,"Plan Rows":62,"Plan Width":40,"Actual Startup Time":16524.28,"Actual Total Time":16524.296,"Actual Rows":11,"Actual Loops":1,"Output":["nation.n_name","(sum(order_line.ol_amount))"],"Sort Key":["(sum(order_line.ol_amount)) DESC"],"Sort Method":"quicksort","Sort Space Used":25,"Sort Space Type":"Memory","Shared Hit Blocks":620104,"Shared Read Blocks":0,"Shared Dirtied Blocks":0,"Shared Written Blocks":0,"Local Hit Blocks":0,"Local Read Blocks":0,"Local Dirtied Blocks":0,"Local Written Blocks":0,"Temp Read Blocks":129460,"Temp Written Blocks":129487,"I/O Read Time":0.0,"I/O Write Time":0.0,"Temp I/O Read Time":202.442,"Temp I/O Write Time":523.759,"Plans":[{"Node Type":"Aggregate","Strategy":"Sorted","Partial Mode":"Simple","Parent Relationship":"Outer","Parallel Aware":false,"Async Capable":false,"Startup Cost":2017108.85,"Total Cost":2017182.79,"Plan Rows":62,"Plan Width":40,"Actual Startup Time":16521.457,"Actual Total Time":16524.28,"Actual Rows":11,"Actual Loops":1,"Output":["nation.n_name","sum(order_line.ol_amount)"],"Group Key":["nation.n_name"],"Shared Hit Blocks":620104,"Shared Read Blocks":0,"Shared Dirtied Blocks":0,"Shared Written Blocks":0,"Local Hit Blocks":0,"Local Read Blocks":0,"Local Dirtied Blocks":0,"Local Written Blocks":0,"Temp Read Blocks":129460,"Temp Written Blocks":129487,"I/O Read Time":0.0,"I/O Write Time":0.0,"Temp I/O Read Time":202.442,"Temp I/O Write Time":523.759,"Plans":[{"Node Type":"Sort","Parent Relationship":"Outer","Parallel Aware":false,"Async Capable":false,"Startup Cost":2017108.85,"Total Cost":2017133.24,"Plan Rows":9755,"Plan Width":12,"Actual Startup Time":16521.247,"Actual Total Time":16522.014,"Actual Rows":17493,"Actual Loops":1,"Output":["nation.n_name","order_line.ol_amount"],"Sort Key":["nation.n_name"],"Sort Method":"quicksort","Sort Space Used":1725,"Sort Space Type":"Memory","Shared Hit Blocks":620104,"Shared Read Blocks":0,"Shared Dirtied Blocks":0,"Shared Written Blocks":0,"Local Hit Blocks":0,"Local Read Blocks":0,"Local Dirtied Blocks":0,"Local Written Blocks":0,"Temp Read Blocks":129460,"Temp Written Blocks":129487,"I/O Read Time":0.0,"I/O Write Time":0.0,"Temp I/O Read Time":202.442,"Temp I/O Write Time":523.759,"Plans":[{"Node Type":"Hash Join","Parent Relationship":"Outer","Parallel Aware":false,"Async Capable":false,"Join Type":"Inner","Startup Cost":1692965.58,"Total Cost":2016462.49,"Plan Rows":9755,"Plan Width":12,"Actual Startup Time":14676.363,"Actual Total Time":16512.591,"Actual Rows":17493,"Actual Loops":1,"Output":["nation.n_name","order_line.ol_amount"],"Inner Unique":true,"Hash Cond":"((mod((stock.s_w_id * stock.s_i_id), 10000) = supplier.su_suppkey) AND (customer.c_nationkey = supplier.su_nationkey))","Shared Hit Blocks":620104,"Shared Read Blocks":0,"Shared Dirtied Blocks":0,"Shared Written Blocks":0,"Local Hit Blocks":0,"Local Read Blocks":0,"Local Dirtied Blocks":0,"Local Written Blocks":0,"Temp Read Blocks":129460,"Temp Written Blocks":129487,"I/O Read Time":0.0,"I/O Write Time":0.0,"Temp I/O Read Time":202.442,"Temp I/O Write Time":523.759,"Plans":[{"Node Type":"Merge Join","Parent Relationship":"Outer","Parallel Aware":false,"Async Capable":false,"Join Type":"Inner","Startup Cost":1692498.58,"Total Cost":2012680.35,"Plan Rows":602749,"Plan Width":26,"Actual Startup Time":14673.406,"Actual Total Time":16371.559,"Actual Rows":1109507,"Actual Loops":1,"Output":["customer.c_nationkey","order_line.ol_amount","stock.s_w_id","stock.s_i_id","nation.n_name","nation.n_nationkey"],"Inner Unique":true,"Merge Cond":"((customer.c_w_id = stock.s_w_id) AND (order_line.ol_i_id = stock.s_i_id))","Shared Hit Blocks":619887,"Shared Read Blocks":0,"Shared Dirtied Blocks":0,"Shared Written Blocks":0,"Local Hit Blocks":0,"Local Read Blocks":0,"Local Dirtied Blocks":0,"Local Written Blocks":0,"Temp Read Blocks":129460,"Temp Written Blocks":129487,"I/O Read Time":0.0,"I/O Write Time":0.0,"Temp I/O Read Time":202.442,"Temp I/O Write Time":523.759,"Plans":[{"Node Type":"Sort","Parent Relationship":"Outer","Parallel Aware":false,"Async Capable":false,"Startup Cost":1692498.14,"Total Cost":1693985.82,"Plan Rows":595073,"Plan Width":30,"Actual Startup Time":14673.346,"Actual Total Time":14852.982,"Actual Rows":1109507,"Actual Loops":1,"Output":["customer.c_w_id","customer.c_nationkey","orders.o_w_id","order_line.ol_amount","order_line.ol_w_id","order_line.ol_i_id","nation.n_name","nation.n_nationkey"],"Sort Key":["customer.c_w_id","order_line.ol_i_id"],"Sort Method":"external merge","Sort Space Used":47304,"Sort Space Type":"Disk","Shared Hit Blocks":592549,"Shared Read Blocks":0,"Shared Dirtied Blocks":0,"Shared Written Blocks":0,"Local Hit Blocks":0,"Local Read Blocks":0,"Local Dirtied Blocks":0,"Local Written Blocks":0,"Temp Read Blocks":129460,"Temp Written Blocks":129487,"I/O Read Time":0.0,"I/O Write Time":0.0,"Temp I/O Read Time":202.442,"Temp I/O Write Time":523.759,"Plans":[{"Node Type":"Hash Join","Parent Relationship":"Outer","Parallel Aware":false,"Async Capable":false,"Join Type":"Inner","Startup Cost":403354.53,"Total Cost":1621184.58,"Plan Rows":595073,"Plan Width":30,"Actual Startup Time":1539.916,"Actual Total Time":13289.82,"Actual Rows":1109507,"Actual Loops":1,"Output":["customer.c_w_id","customer.c_nationkey","orders.o_w_id","order_line.ol_amount","order_line.ol_w_id","order_line.ol_i_id","nation.n_name","nation.n_nationkey"],"Inner Unique":false,"Hash Cond":"(customer.c_nationkey = nation.n_nationkey)","Shared Hit Blocks":592549,"Shared Read Blocks":0,"Shared Dirtied Blocks":0,"Shared Written Blocks":0,"Local Hit Blocks":0,"Local Read Blocks":0,"Local Dirtied Blocks":0,"Local Written Blocks":0,"Temp Read Blocks":117643,"Temp Written Blocks":117643,"I/O Read Time":0.0,"I/O Write Time":0.0,"Temp I/O Read Time":184.851,"Temp I/O Write Time":492.607,"Plans":[{"Node Type":"Hash Join","Parent Relationship":"Outer","Parallel Aware":false,"Async Capable":false,"Join Type":"Inner","Startup Cost":403351.39,"Total Cost":1604265.05,"Plan Rows":2975367,"Plan Width":18,"Actual Startup Time":1530.457,"Actual Total Time":12869.066,"Actual Rows":4284922,"Actual Loops":1,"Output":["customer.c_w_id","customer.c_nationkey","orders.o_w_id","order_line.ol_amount","order_line.ol_w_id","order_line.ol_i_id"],"Inner Unique":true,"Hash Cond":"((orders.o_c_id = customer.c_id) AND (orders.o_w_id = customer.c_w_id) AND (orders.o_d_id = customer.c_d_id))","Shared Hit Blocks":592547,"Shared Read Blocks":0,"Shared Dirtied Blocks":0,"Shared Written Blocks":0,"Local Hit Blocks":0,"Local Read Blocks":0,"Local Dirtied Blocks":0,"Local Written Blocks":0,"Temp Read Blocks":117643,"Temp Written Blocks":117643,"I/O Read Time":0.0,"I/O Write Time":0.0,"Temp I/O Read Time":184.851,"Temp I/O Write Time":492.607,"Plans":[{"Node Type":"Hash Join","Parent Relationship":"Outer","Parallel Aware":false,"Async Capable":false,"Join Type":"Inner","Startup Cost":76606.59,"Total Cost":1204573.22,"Plan Rows":2975367,"Plan Width":20,"Actual Startup Time":363.837,"Actual Total Time":9580.099,"Actual Rows":4284922,"Actual Loops":1,"Output":["orders.o_c_id","orders.o_w_id","orders.o_d_id","order_line.ol_amount","order_line.ol_w_id","order_line.ol_d_id","order_line.ol_i_id"],"Inner Unique":true,"Hash Cond":"((order_line.ol_w_id = orders.o_w_id) AND (order_line.ol_d_id = orders.o_d_id) AND (order_line.ol_o_id = orders.o_id))","Shared Hit Blocks":362943,"Shared Read Blocks":0,"Shared Dirtied Blocks":0,"Shared Written Blocks":0,"Local Hit Blocks":0,"Local Read Blocks":0,"Local Dirtied Blocks":0,"Local Written Blocks":0,"Temp Read Blocks":85996,"Temp Written Blocks":85996,"I/O Read Time":0.0,"I/O Write Time":0.0,"Temp I/O Read Time":135.271,"Temp I/O Write Time":344.361,"Plans":[{"Node Type":"Seq Scan","Parent Relationship":"Outer","Parallel Aware":false,"Async Capable":false,"Relation Name":"order_line","Schema":"public","Alias":"order_line","Startup Cost":0.0,"Total Cost":715856.4,"Plan Rows":20926367,"Plan Width":20,"Actual Startup Time":0.007,"Actual Total Time":3658.06,"Actual Rows":21002151,"Actual Loops":1,"Output":["order_line.ol_amount","order_line.ol_o_id","order_line.ol_w_id","order_line.ol_d_id","order_line.ol_i_id"],"Filter":"(order_line.ol_delivery_d >= '1992-01-02 20:10:02.27764'::timestamp without time zone)","Rows Removed by Filter":8995581,"Shared Hit Blocks":340884,"Shared Read Blocks":0,"Shared Dirtied Blocks":0,"Shared Written Blocks":0,"Local Hit Blocks":0,"Local Read Blocks":0,"Local Dirtied Blocks":0,"Local Written Blocks":0,"Temp Read Blocks":0,"Temp Written Blocks":0,"I/O Read Time":0.0,"I/O Write Time":0.0,"Temp I/O Read Time":0.0,"Temp I/O Write Time":0.0},{"Node Type":"Hash","Parent Relationship":"Inner","Parallel Aware":false,"Async Capable":false,"Startup Cost":67059.0,"Total Cost":67059.0,"Plan Rows":426548,"Plan Width":16,"Actual Startup Time":295.804,"Actual Total Time":295.807,"Actual Rows":428399,"Actual Loops":1,"Output":["orders.o_c_id","orders.o_w_id","orders.o_d_id","orders.o_id"],"Hash Buckets":262144,"Original Hash Buckets":262144,"Hash Batches":4,"Original Hash Batches":4,"Peak Memory Usage":7080,"Shared Hit Blocks":22059,"Shared Read Blocks":0,"Shared Dirtied Blocks":0,"Shared Written Blocks":0,"Local Hit Blocks":0,"Local Read Blocks":0,"Local Dirtied Blocks":0,"Local Written Blocks":0,"Temp Read Blocks":0,"Temp Written Blocks":1410,"I/O Read Time":0.0,"I/O Write Time":0.0,"Temp I/O Read Time":0.0,"Temp I/O Write Time":6.258,"Plans":[{"Node Type":"Seq Scan","Parent Relationship":"Outer","Parallel Aware":false,"Async Capable":false,"Relation Name":"orders","Schema":"public","Alias":"orders","Startup Cost":0.0,"Total Cost":67059.0,"Plan Rows":426548,"Plan Width":16,"Actual Startup Time":0.776,"Actual Total Time":219.756,"Actual Rows":428399,"Actual Loops":1,"Output":["orders.o_c_id","orders.o_w_id","orders.o_d_id","orders.o_id"],"Filter":"((orders.o_entry_d >= '1993-01-02 20:10:02.27764'::timestamp without time zone) AND (orders.o_entry_d < '1994-01-02 20:10:02.27764'::timestamp without time zone))","Rows Removed by Filter":2571601,"Shared Hit Blocks":22059,"Shared Read Blocks":0,"Shared Dirtied Blocks":0,"Shared Written Blocks":0,"Local Hit Blocks":0,"Local Read Blocks":0,"Local Dirtied Blocks":0,"Local Written Blocks":0,"Temp Read Blocks":0,"Temp Written Blocks":0,"I/O Read Time":0.0,"I/O Write Time":0.0,"Temp I/O Read Time":0.0,"Temp I/O Write Time":0.0}]}]},{"Node Type":"Hash","Parent Relationship":"Inner","Parallel Aware":false,"Async Capable":false,"Startup Cost":259601.38,"Total Cost":259601.38,"Plan Rows":2999738,"Plan Width":12,"Actual Startup Time":1164.282,"Actual Total Time":1164.282,"Actual Rows":3000000,"Actual Loops":1,"Output":["customer.c_id","customer.c_w_id","customer.c_d_id","customer.c_nationkey"],"Hash Buckets":262144,"Original Hash Buckets":262144,"Hash Batches":32,"Original Hash Batches":32,"Peak Memory Usage":6090,"Shared Hit Blocks":229604,"Shared Read Blocks":0,"Shared Dirtied Blocks":0,"Shared Written Blocks":0,"Local Hit Blocks":0,"Local Read Blocks":0,"Local Dirtied Blocks":0,"Local Written Blocks":0,"Temp Read Blocks":0,"Temp Written Blocks":11335,"I/O Read Time":0.0,"I/O Write Time":0.0,"Temp I/O Read Time":0.0,"Temp I/O Write Time":54.404,"Plans":[{"Node Type":"Seq Scan","Parent Relationship":"Outer","Parallel Aware":false,"Async Capable":false,"Relation Name":"customer","Schema":"public","Alias":"customer","Startup Cost":0.0,"Total Cost":259601.38,"Plan Rows":2999738,"Plan Width":12,"Actual Startup Time":0.017,"Actual Total Time":654.494,"Actual Rows":3000000,"Actual Loops":1,"Output":["customer.c_id","customer.c_w_id","customer.c_d_id","customer.c_nationkey"],"Shared Hit Blocks":229604,"Shared Read Blocks":0,"Shared Dirtied Blocks":0,"Shared Written Blocks":0,"Local Hit Blocks":0,"Local Read Blocks":0,"Local Dirtied Blocks":0,"Local Written Blocks":0,"Temp Read Blocks":0,"Temp Written Blocks":0,"I/O Read Time":0.0,"I/O Write Time":0.0,"Temp I/O Read Time":0.0,"Temp I/O Write Time":0.0}]}]},{"Node Type":"Hash","Parent Relationship":"Inner","Parallel Aware":false,"Async Capable":false,"Startup Cost":2.99,"Total Cost":2.99,"Plan Rows":12,"Plan Width":12,"Actual Startup Time":0.04,"Actual Total Time":0.042,"Actual Rows":22,"Actual Loops":1,"Output":["nation.n_name","nation.n_nationkey"],"Hash Buckets":1024,"Original Hash Buckets":1024,"Hash Batches":1,"Original Hash Batches":1,"Peak Memory Usage":9,"Shared Hit Blocks":2,"Shared Read Blocks":0,"Shared Dirtied Blocks":0,"Shared Written Blocks":0,"Local Hit Blocks":0,"Local Read Blocks":0,"Local Dirtied Blocks":0,"Local Written Blocks":0,"Temp Read Blocks":0,"Temp Written Blocks":0,"I/O Read Time":0.0,"I/O Write Time":0.0,"Temp I/O Read Time":0.0,"Temp I/O Write Time":0.0,"Plans":[{"Node Type":"Hash Join","Parent Relationship":"Outer","Parallel Aware":false,"Async Capable":false,"Join Type":"Inner","Startup Cost":1.07,"Total Cost":2.99,"Plan Rows":12,"Plan Width":12,"Actual Startup Time":0.023,"Actual Total Time":0.037,"Actual Rows":22,"Actual Loops":1,"Output":["nation.n_name","nation.n_nationkey"],"Inner Unique":true,"Hash Cond":"(nation.n_regionkey = region.r_regionkey)","Shared Hit Blocks":2,"Shared Read Blocks":0,"Shared Dirtied Blocks":0,"Shared Written Blocks":0,"Local Hit Blocks":0,"Local Read Blocks":0,"Local Dirtied Blocks":0,"Local Written Blocks":0,"Temp Read Blocks":0,"Temp Written Blocks":0,"I/O Read Time":0.0,"I/O Write Time":0.0,"Temp I/O Read Time":0.0,"Temp I/O Write Time":0.0,"Plans":[{"Node Type":"Seq Scan","Parent Relationship":"Outer","Parallel Aware":false,"Async Capable":false,"Relation Name":"nation","Schema":"public","Alias":"nation","Startup Cost":0.0,"Total Cost":1.62,"Plan Rows":62,"Plan Width":16,"Actual Startup Time":0.005,"Actual Total Time":0.008,"Actual Rows":62,"Actual Loops":1,"Output":["nation.n_nationkey","nation.n_name","nation.n_regionkey","nation.n_comment"],"Shared Hit Blocks":1,"Shared Read Blocks":0,"Shared Dirtied Blocks":0,"Shared Written Blocks":0,"Local Hit Blocks":0,"Local Read Blocks":0,"Local Dirtied Blocks":0,"Local Written Blocks":0,"Temp Read Blocks":0,"Temp Written Blocks":0,"I/O Read Time":0.0,"I/O Write Time":0.0,"Temp I/O Read Time":0.0,"Temp I/O Write Time":0.0},{"Node Type":"Hash","Parent Relationship":"Inner","Parallel Aware":false,"Async Capable":false,"Startup Cost":1.06,"Total Cost":1.06,"Plan Rows":1,"Plan Width":4,"Actual Startup Time":0.007,"Actual Total Time":0.008,"Actual Rows":1,"Actual Loops":1,"Output":["region.r_regionkey"],"Hash Buckets":1024,"Original Hash Buckets":1024,"Hash Batches":1,"Original Hash Batches":1,"Peak Memory Usage":9,"Shared Hit Blocks":1,"Shared Read Blocks":0,"Shared Dirtied Blocks":0,"Shared Written Blocks":0,"Local Hit Blocks":0,"Local Read Blocks":0,"Local Dirtied Blocks":0,"Local Written Blocks":0,"Temp Read Blocks":0,"Temp Written Blocks":0,"I/O Read Time":0.0,"I/O Write Time":0.0,"Temp I/O Read Time":0.0,"Temp I/O Write Time":0.0,"Plans":[{"Node Type":"Seq Scan","Parent Relationship":"Outer","Parallel Aware":false,"Async Capable":false,"Relation Name":"region","Schema":"public","Alias":"region","Startup Cost":0.0,"Total Cost":1.06,"Plan Rows":1,"Plan Width":4,"Actual Startup Time":0.005,"Actual Total Time":0.006,"Actual Rows":1,"Actual Loops":1,"Output":["region.r_regionkey"],"Filter":"((region.r_name)::text = 'Europe'::text)","Rows Removed by Filter":4,"Shared Hit Blocks":1,"Shared Read Blocks":0,"Shared Dirtied Blocks":0,"Shared Written Blocks":0,"Local Hit Blocks":0,"Local Read Blocks":0,"Local Dirtied Blocks":0,"Local Written Blocks":0,"Temp Read Blocks":0,"Temp Written Blocks":0,"I/O Read Time":0.0,"I/O Write Time":0.0,"Temp I/O Read Time":0.0,"Temp I/O Write Time":0.0}]}]}]}]}]},{"Node Type":"Index Only Scan","Parent Relationship":"Inner","Parallel Aware":false,"Async Capable":false,"Scan Direction":"Forward","Index Name":"stock_pk","Relation Name":"stock","Schema":"public","Alias":"stock","Startup Cost":0.43,"Total Cost":259690.86,"Plan Rows":10000162,"Plan Width":6,"Actual Startup Time":0.047,"Actual Total Time":712.68,"Actual Rows":9999996,"Actual Loops":1,"Output":["stock.s_w_id","stock.s_i_id"],"Heap Fetches":0,"Shared Hit Blocks":27338,"Shared Read Blocks":0,"Shared Dirtied Blocks":0,"Shared Written Blocks":0,"Local Hit Blocks":0,"Local Read Blocks":0,"Local Dirtied Blocks":0,"Local Written Blocks":0,"Temp Read Blocks":0,"Temp Written Blocks":0,"I/O Read Time":0.0,"I/O Write Time":0.0,"Temp I/O Read Time":0.0,"Temp I/O Write Time":0.0}]},{"Node Type":"Hash","Parent Relationship":"Inner","Parallel Aware":false,"Async Capable":false,"Startup Cost":317.0,"Total Cost":317.0,"Plan Rows":10000,"Plan Width":8,"Actual Startup Time":2.539,"Actual Total Time":2.539,"Actual Rows":10000,"Actual Loops":1,"Output":["supplier.su_suppkey","supplier.su_nationkey"],"Hash Buckets":16384,"Original Hash Buckets":16384,"Hash Batches":1,"Original Hash Batches":1,"Peak Memory Usage":519,"Shared Hit Blocks":217,"Shared Read Blocks":0,"Shared Dirtied Blocks":0,"Shared Written Blocks":0,"Local Hit Blocks":0,"Local Read Blocks":0,"Local Dirtied Blocks":0,"Local Written Blocks":0,"Temp Read Blocks":0,"Temp Written Blocks":0,"I/O Read Time":0.0,"I/O Write Time":0.0,"Temp I/O Read Time":0.0,"Temp I/O Write Time":0.0,"Plans":[{"Node Type":"Seq Scan","Parent Relationship":"Outer","Parallel Aware":false,"Async Capable":false,"Relation Name":"supplier","Schema":"public","Alias":"supplier","Startup Cost":0.0,"Total Cost":317.0,"Plan Rows":10000,"Plan Width":8,"Actual Startup Time":0.012,"Actual Total Time":1.256,"Actual Rows":10000,"Actual Loops":1,"Output":["supplier.su_suppkey","supplier.su_nationkey"],"Shared Hit Blocks":217,"Shared Read Blocks":0,"Shared Dirtied Blocks":0,"Shared Written Blocks":0,"Local Hit Blocks":0,"Local Read Blocks":0,"Local Dirtied Blocks":0,"Local Written Blocks":0,"Temp Read Blocks":0,"Temp Written Blocks":0,"I/O Read Time":0.0,"I/O Write Time":0.0,"Temp I/O Read Time":0.0,"Temp I/O Write Time":0.0}]}]}]}]}]},"Planning":{"Shared Hit Blocks":16,"Shared Read Blocks":0,"Shared Dirtied Blocks":0,"Shared Written Blocks":0,"Local Hit Blocks":0,"Local Read Blocks":0,"Local Dirtied Blocks":0,"Local Written Blocks":0,"Temp Read Blocks":0,"Temp Written Blocks":0,"I/O Read Time":0.0,"I/O Write Time":0.0,"Temp I/O Read Time":0.0,"Temp I/O Write Time":0.0},"Planning Time":4.807,"Triggers":[],"Execution Time":16532.413}]
[列存组合]: nation, region, supplier
[{"Plan":{"Node Type":"Sort","Parallel Aware":false,"Async Capable":false,"Startup Cost":2017086.66,"Total Cost":2017086.81,"Plan Rows":62,"Plan Width":40,"Actual Startup Time":16563.24,"Actual Total Time":16563.266,"Actual Rows":11,"Actual Loops":1,"Output":["nation.n_name","(sum(order_line.ol_amount))"],"Sort Key":["(sum(order_line.ol_amount)) DESC"],"Sort Method":"quicksort","Sort Space Used":25,"Sort Space Type":"Memory","Shared Hit Blocks":619887,"Shared Read Blocks":0,"Shared Dirtied Blocks":0,"Shared Written Blocks":0,"Local Hit Blocks":0,"Local Read Blocks":0,"Local Dirtied Blocks":0,"Local Written Blocks":0,"Temp Read Blocks":129460,"Temp Written Blocks":129487,"I/O Read Time":0.0,"I/O Write Time":0.0,"Temp I/O Read Time":205.707,"Temp I/O Write Time":516.376,"Plans":[{"Node Type":"Aggregate","Strategy":"Sorted","Partial Mode":"Simple","Parent Relationship":"Outer","Parallel Aware":false,"Async Capable":false,"Startup Cost":2017010.87,"Total Cost":2017084.81,"Plan Rows":62,"Plan Width":40,"Actual Startup Time":16560.431,"Actual Total Time":16563.252,"Actual Rows":11,"Actual Loops":1,"Output":["nation.n_name","sum(order_line.ol_amount)"],"Group Key":["nation.n_name"],"Shared Hit Blocks":619887,"Shared Read Blocks":0,"Shared Dirtied Blocks":0,"Shared Written Blocks":0,"Local Hit Blocks":0,"Local Read Blocks":0,"Local Dirtied Blocks":0,"Local Written Blocks":0,"Temp Read Blocks":129460,"Temp Written Blocks":129487,"I/O Read Time":0.0,"I/O Write Time":0.0,"Temp I/O Read Time":205.707,"Temp I/O Write Time":516.376,"Plans":[{"Node Type":"Sort","Parent Relationship":"Outer","Parallel Aware":false,"Async Capable":false,"Startup Cost":2017010.87,"Total Cost":2017035.26,"Plan Rows":9755,"Plan Width":12,"Actual Startup Time":16560.222,"Actual Total Time":16560.993,"Actual Rows":17493,"Actual Loops":1,"Output":["nation.n_name","order_line.ol_amount"],"Sort Key":["nation.n_name"],"Sort Method":"quicksort","Sort Space Used":1725,"Sort Space Type":"Memory","Shared Hit Blocks":619887,"Shared Read Blocks":0,"Shared Dirtied Blocks":0,"Shared Written Blocks":0,"Local Hit Blocks":0,"Local Read Blocks":0,"Local Dirtied Blocks":0,"Local Written Blocks":0,"Temp Read Blocks":129460,"Temp Written Blocks":129487,"I/O Read Time":0.0,"I/O Write Time":0.0,"Temp I/O Read Time":205.707,"Temp I/O Write Time":516.376,"Plans":[{"Node Type":"Hash Join","Parent Relationship":"Outer","Parallel Aware":false,"Async Capable":false,"Join Type":"Inner","Startup Cost":1692867.6,"Total Cost":2016364.51,"Plan Rows":9755,"Plan Width":12,"Actual Startup Time":14727.364,"Actual Total Time":16551.422,"Actual Rows":17493,"Actual Loops":1,"Output":["nation.n_name","order_line.ol_amount"],"Inner Unique":true,"Hash Cond":"((mod((stock.s_w_id * stock.s_i_id), 10000) = supplier.su_suppkey) AND (customer.c_nationkey = supplier.su_nationkey))","Shared Hit Blocks":619887,"Shared Read Blocks":0,"Shared Dirtied Blocks":0,"Shared Written Blocks":0,"Local Hit Blocks":0,"Local Read Blocks":0,"Local Dirtied Blocks":0,"Local Written Blocks":0,"Temp Read Blocks":129460,"Temp Written Blocks":129487,"I/O Read Time":0.0,"I/O Write Time":0.0,"Temp I/O Read Time":205.707,"Temp I/O Write Time":516.376,"Plans":[{"Node Type":"Merge Join","Parent Relationship":"Outer","Parallel Aware":false,"Async Capable":false,"Join Type":"Inner","Startup Cost":1692498.58,"Total Cost":2012680.35,"Plan Rows":602749,"Plan Width":26,"Actual Startup Time":14723.82,"Actual Total Time":16409.051,"Actual Rows":1109507,"Actual Loops":1,"Output":["customer.c_nationkey","order_line.ol_amount","stock.s_w_id","stock.s_i_id","nation.n_name","nation.n_nationkey"],"Inner Unique":true,"Merge Cond":"((customer.c_w_id = stock.s_w_id) AND (order_line.ol_i_id = stock.s_i_id))","Shared Hit Blocks":619887,"Shared Read Blocks":0,"Shared Dirtied Blocks":0,"Shared Written Blocks":0,"Local Hit Blocks":0,"Local Read Blocks":0,"Local Dirtied Blocks":0,"Local Written Blocks":0,"Temp Read Blocks":129460,"Temp Written Blocks":129487,"I/O Read Time":0.0,"I/O Write Time":0.0,"Temp I/O Read Time":205.707,"Temp I/O Write Time":516.376,"Plans":[{"Node Type":"Sort","Parent Relationship":"Outer","Parallel Aware":false,"Async Capable":false,"Startup Cost":1692498.14,"Total Cost":1693985.82,"Plan Rows":595073,"Plan Width":30,"Actual Startup Time":14723.761,"Actual Total Time":14902.844,"Actual Rows":1109507,"Actual Loops":1,"Output":["customer.c_w_id","customer.c_nationkey","orders.o_w_id","order_line.ol_amount","order_line.ol_w_id","order_line.ol_i_id","nation.n_name","nation.n_nationkey"],"Sort Key":["customer.c_w_id","order_line.ol_i_id"],"Sort Method":"external merge","Sort Space Used":47304,"Sort Space Type":"Disk","Shared Hit Blocks":592549,"Shared Read Blocks":0,"Shared Dirtied Blocks":0,"Shared Written Blocks":0,"Local Hit Blocks":0,"Local Read Blocks":0,"Local Dirtied Blocks":0,"Local Written Blocks":0,"Temp Read Blocks":129460,"Temp Written Blocks":129487,"I/O Read Time":0.0,"I/O Write Time":0.0,"Temp I/O Read Time":205.707,"Temp I/O Write Time":516.376,"Plans":[{"Node Type":"Hash Join","Parent Relationship":"Outer","Parallel Aware":false,"Async Capable":false,"Join Type":"Inner","Startup Cost":403354.53,"Total Cost":1621184.58,"Plan Rows":595073,"Plan Width":30,"Actual Startup Time":1511.757,"Actual Total Time":13335.661,"Actual Rows":1109507,"Actual Loops":1,"Output":["customer.c_w_id","customer.c_nationkey","orders.o_w_id","order_line.ol_amount","order_line.ol_w_id","order_line.ol_i_id","nation.n_name","nation.n_nationkey"],"Inner Unique":false,"Hash Cond":"(customer.c_nationkey = nation.n_nationkey)","Shared Hit Blocks":592549,"Shared Read Blocks":0,"Shared Dirtied Blocks":0,"Shared Written Blocks":0,"Local Hit Blocks":0,"Local Read Blocks":0,"Local Dirtied Blocks":0,"Local Written Blocks":0,"Temp Read Blocks":117643,"Temp Written Blocks":117643,"I/O Read Time":0.0,"I/O Write Time":0.0,"Temp I/O Read Time":188.141,"Temp I/O Write Time":485.271,"Plans":[{"Node Type":"Hash Join","Parent Relationship":"Outer","Parallel Aware":false,"Async Capable":false,"Join Type":"Inner","Startup Cost":403351.39,"Total Cost":1604265.05,"Plan Rows":2975367,"Plan Width":18,"Actual Startup Time":1502.259,"Actual Total Time":12913.401,"Actual Rows":4284922,"Actual Loops":1,"Output":["customer.c_w_id","customer.c_nationkey","orders.o_w_id","order_line.ol_amount","order_line.ol_w_id","order_line.ol_i_id"],"Inner Unique":true,"Hash Cond":"((orders.o_c_id = customer.c_id) AND (orders.o_w_id = customer.c_w_id) AND (orders.o_d_id = customer.c_d_id))","Shared Hit Blocks":592547,"Shared Read Blocks":0,"Shared Dirtied Blocks":0,"Shared Written Blocks":0,"Local Hit Blocks":0,"Local Read Blocks":0,"Local Dirtied Blocks":0,"Local Written Blocks":0,"Temp Read Blocks":117643,"Temp Written Blocks":117643,"I/O Read Time":0.0,"I/O Write Time":0.0,"Temp I/O Read Time":188.141,"Temp I/O Write Time":485.271,"Plans":[{"Node Type":"Hash Join","Parent Relationship":"Outer","Parallel Aware":false,"Async Capable":false,"Join Type":"Inner","Startup Cost":76606.59,"Total Cost":1204573.22,"Plan Rows":2975367,"Plan Width":20,"Actual Startup Time":362.916,"Actual Total Time":9644.037,"Actual Rows":4284922,"Actual Loops":1,"Output":["orders.o_c_id","orders.o_w_id","orders.o_d_id","order_line.ol_amount","order_line.ol_w_id","order_line.ol_d_id","order_line.ol_i_id"],"Inner Unique":true,"Hash Cond":"((order_line.ol_w_id = orders.o_w_id) AND (order_line.ol_d_id = orders.o_d_id) AND (order_line.ol_o_id = orders.o_id))","Shared Hit Blocks":362943,"Shared Read Blocks":0,"Shared Dirtied Blocks":0,"Shared Written Blocks":0,"Local Hit Blocks":0,"Local Read Blocks":0,"Local Dirtied Blocks":0,"Local Written Blocks":0,"Temp Read Blocks":85996,"Temp Written Blocks":85996,"I/O Read Time":0.0,"I/O Write Time":0.0,"Temp I/O Read Time":138.169,"Temp I/O Write Time":340.013,"Plans":[{"Node Type":"Seq Scan","Parent Relationship":"Outer","Parallel Aware":false,"Async Capable":false,"Relation Name":"order_line","Schema":"public","Alias":"order_line","Startup Cost":0.0,"Total Cost":715856.4,"Plan Rows":20926367,"Plan Width":20,"Actual Startup Time":0.007,"Actual Total Time":3687.496,"Actual Rows":21002151,"Actual Loops":1,"Output":["order_line.ol_amount","order_line.ol_o_id","order_line.ol_w_id","order_line.ol_d_id","order_line.ol_i_id"],"Filter":"(order_line.ol_delivery_d >= '1992-01-02 20:10:02.27764'::timestamp without time zone)","Rows Removed by Filter":8995581,"Shared Hit Blocks":340884,"Shared Read Blocks":0,"Shared Dirtied Blocks":0,"Shared Written Blocks":0,"Local Hit Blocks":0,"Local Read Blocks":0,"Local Dirtied Blocks":0,"Local Written Blocks":0,"Temp Read Blocks":0,"Temp Written Blocks":0,"I/O Read Time":0.0,"I/O Write Time":0.0,"Temp I/O Read Time":0.0,"Temp I/O Write Time":0.0},{"Node Type":"Hash","Parent Relationship":"Inner","Parallel Aware":false,"Async Capable":false,"Startup Cost":67059.0,"Total Cost":67059.0,"Plan Rows":426548,"Plan Width":16,"Actual Startup Time":294.896,"Actual Total Time":294.901,"Actual Rows":428399,"Actual Loops":1,"Output":["orders.o_c_id","orders.o_w_id","orders.o_d_id","orders.o_id"],"Hash Buckets":262144,"Original Hash Buckets":262144,"Hash Batches":4,"Original Hash Batches":4,"Peak Memory Usage":7080,"Shared Hit Blocks":22059,"Shared Read Blocks":0,"Shared Dirtied Blocks":0,"Shared Written Blocks":0,"Local Hit Blocks":0,"Local Read Blocks":0,"Local Dirtied Blocks":0,"Local Written Blocks":0,"Temp Read Blocks":0,"Temp Written Blocks":1410,"I/O Read Time":0.0,"I/O Write Time":0.0,"Temp I/O Read Time":0.0,"Temp I/O Write Time":6.068,"Plans":[{"Node Type":"Seq Scan","Parent Relationship":"Outer","Parallel Aware":false,"Async Capable":false,"Relation Name":"orders","Schema":"public","Alias":"orders","Startup Cost":0.0,"Total Cost":67059.0,"Plan Rows":426548,"Plan Width":16,"Actual Startup Time":0.772,"Actual Total Time":220.294,"Actual Rows":428399,"Actual Loops":1,"Output":["orders.o_c_id","orders.o_w_id","orders.o_d_id","orders.o_id"],"Filter":"((orders.o_entry_d >= '1993-01-02 20:10:02.27764'::timestamp without time zone) AND (orders.o_entry_d < '1994-01-02 20:10:02.27764'::timestamp without time zone))","Rows Removed by Filter":2571601,"Shared Hit Blocks":22059,"Shared Read Blocks":0,"Shared Dirtied Blocks":0,"Shared Written Blocks":0,"Local Hit Blocks":0,"Local Read Blocks":0,"Local Dirtied Blocks":0,"Local Written Blocks":0,"Temp Read Blocks":0,"Temp Written Blocks":0,"I/O Read Time":0.0,"I/O Write Time":0.0,"Temp I/O Read Time":0.0,"Temp I/O Write Time":0.0}]}]},{"Node Type":"Hash","Parent Relationship":"Inner","Parallel Aware":false,"Async Capable":false,"Startup Cost":259601.38,"Total Cost":259601.38,"Plan Rows":2999738,"Plan Width":12,"Actual Startup Time":1137.018,"Actual Total Time":1137.02,"Actual Rows":3000000,"Actual Loops":1,"Output":["customer.c_id","customer.c_w_id","customer.c_d_id","customer.c_nationkey"],"Hash Buckets":262144,"Original Hash Buckets":262144,"Hash Batches":32,"Original Hash Batches":32,"Peak Memory Usage":6090,"Shared Hit Blocks":229604,"Shared Read Blocks":0,"Shared Dirtied Blocks":0,"Shared Written Blocks":0,"Local Hit Blocks":0,"Local Read Blocks":0,"Local Dirtied Blocks":0,"Local Written Blocks":0,"Temp Read Blocks":0,"Temp Written Blocks":11335,"I/O Read Time":0.0,"I/O Write Time":0.0,"Temp I/O Read Time":0.0,"Temp I/O Write Time":52.098,"Plans":[{"Node Type":"Seq Scan","Parent Relationship":"Outer","Parallel Aware":false,"Async Capable":false,"Relation Name":"customer","Schema":"public","Alias":"customer","Startup Cost":0.0,"Total Cost":259601.38,"Plan Rows":2999738,"Plan Width":12,"Actual Startup Time":0.011,"Actual Total Time":639.366,"Actual Rows":3000000,"Actual Loops":1,"Output":["customer.c_id","customer.c_w_id","customer.c_d_id","customer.c_nationkey"],"Shared Hit Blocks":229604,"Shared Read Blocks":0,"Shared Dirtied Blocks":0,"Shared Written Blocks":0,"Local Hit Blocks":0,"Local Read Blocks":0,"Local Dirtied Blocks":0,"Local Written Blocks":0,"Temp Read Blocks":0,"Temp Written Blocks":0,"I/O Read Time":0.0,"I/O Write Time":0.0,"Temp I/O Read Time":0.0,"Temp I/O Write Time":0.0}]}]},{"Node Type":"Hash","Parent Relationship":"Inner","Parallel Aware":false,"Async Capable":false,"Startup Cost":2.99,"Total Cost":2.99,"Plan Rows":12,"Plan Width":12,"Actual Startup Time":0.034,"Actual Total Time":0.037,"Actual Rows":22,"Actual Loops":1,"Output":["nation.n_name","nation.n_nationkey"],"Hash Buckets":1024,"Original Hash Buckets":1024,"Hash Batches":1,"Original Hash Batches":1,"Peak Memory Usage":9,"Shared Hit Blocks":2,"Shared Read Blocks":0,"Shared Dirtied Blocks":0,"Shared Written Blocks":0,"Local Hit Blocks":0,"Local Read Blocks":0,"Local Dirtied Blocks":0,"Local Written Blocks":0,"Temp Read Blocks":0,"Temp Written Blocks":0,"I/O Read Time":0.0,"I/O Write Time":0.0,"Temp I/O Read Time":0.0,"Temp I/O Write Time":0.0,"Plans":[{"Node Type":"Hash Join","Parent Relationship":"Outer","Parallel Aware":false,"Async Capable":false,"Join Type":"Inner","Startup Cost":1.07,"Total Cost":2.99,"Plan Rows":12,"Plan Width":12,"Actual Startup Time":0.019,"Actual Total Time":0.032,"Actual Rows":22,"Actual Loops":1,"Output":["nation.n_name","nation.n_nationkey"],"Inner Unique":true,"Hash Cond":"(nation.n_regionkey = region.r_regionkey)","Shared Hit Blocks":2,"Shared Read Blocks":0,"Shared Dirtied Blocks":0,"Shared Written Blocks":0,"Local Hit Blocks":0,"Local Read Blocks":0,"Local Dirtied Blocks":0,"Local Written Blocks":0,"Temp Read Blocks":0,"Temp Written Blocks":0,"I/O Read Time":0.0,"I/O Write Time":0.0,"Temp I/O Read Time":0.0,"Temp I/O Write Time":0.0,"Plans":[{"Node Type":"Seq Scan","Parent Relationship":"Outer","Parallel Aware":false,"Async Capable":false,"Relation Name":"nation","Schema":"public","Alias":"nation","Startup Cost":0.0,"Total Cost":1.62,"Plan Rows":62,"Plan Width":16,"Actual Startup Time":0.007,"Actual Total Time":0.01,"Actual Rows":62,"Actual Loops":1,"Output":["nation.n_nationkey","nation.n_name","nation.n_regionkey","nation.n_comment"],"Shared Hit Blocks":1,"Shared Read Blocks":0,"Shared Dirtied Blocks":0,"Shared Written Blocks":0,"Local Hit Blocks":0,"Local Read Blocks":0,"Local Dirtied Blocks":0,"Local Written Blocks":0,"Temp Read Blocks":0,"Temp Written Blocks":0,"I/O Read Time":0.0,"I/O Write Time":0.0,"Temp I/O Read Time":0.0,"Temp I/O Write Time":0.0},{"Node Type":"Hash","Parent Relationship":"Inner","Parallel Aware":false,"Async Capable":false,"Startup Cost":1.06,"Total Cost":1.06,"Plan Rows":1,"Plan Width":4,"Actual Startup Time":0.007,"Actual Total Time":0.007,"Actual Rows":1,"Actual Loops":1,"Output":["region.r_regionkey"],"Hash Buckets":1024,"Original Hash Buckets":1024,"Hash Batches":1,"Original Hash Batches":1,"Peak Memory Usage":9,"Shared Hit Blocks":1,"Shared Read Blocks":0,"Shared Dirtied Blocks":0,"Shared Written Blocks":0,"Local Hit Blocks":0,"Local Read Blocks":0,"Local Dirtied Blocks":0,"Local Written Blocks":0,"Temp Read Blocks":0,"Temp Written Blocks":0,"I/O Read Time":0.0,"I/O Write Time":0.0,"Temp I/O Read Time":0.0,"Temp I/O Write Time":0.0,"Plans":[{"Node Type":"Seq Scan","Parent Relationship":"Outer","Parallel Aware":false,"Async Capable":false,"Relation Name":"region","Schema":"public","Alias":"region","Startup Cost":0.0,"Total Cost":1.06,"Plan Rows":1,"Plan Width":4,"Actual Startup Time":0.006,"Actual Total Time":0.006,"Actual Rows":1,"Actual Loops":1,"Output":["region.r_regionkey"],"Filter":"((region.r_name)::text = 'Europe'::text)","Rows Removed by Filter":4,"Shared Hit Blocks":1,"Shared Read Blocks":0,"Shared Dirtied Blocks":0,"Shared Written Blocks":0,"Local Hit Blocks":0,"Local Read Blocks":0,"Local Dirtied Blocks":0,"Local Written Blocks":0,"Temp Read Blocks":0,"Temp Written Blocks":0,"I/O Read Time":0.0,"I/O Write Time":0.0,"Temp I/O Read Time":0.0,"Temp I/O Write Time":0.0}]}]}]}]}]},{"Node Type":"Index Only Scan","Parent Relationship":"Inner","Parallel Aware":false,"Async Capable":false,"Scan Direction":"Forward","Index Name":"stock_pk","Relation Name":"stock","Schema":"public","Alias":"stock","Startup Cost":0.43,"Total Cost":259690.86,"Plan Rows":10000162,"Plan Width":6,"Actual Startup Time":0.045,"Actual Total Time":701.128,"Actual Rows":9999996,"Actual Loops":1,"Output":["stock.s_w_id","stock.s_i_id"],"Heap Fetches":0,"Shared Hit Blocks":27338,"Shared Read Blocks":0,"Shared Dirtied Blocks":0,"Shared Written Blocks":0,"Local Hit Blocks":0,"Local Read Blocks":0,"Local Dirtied Blocks":0,"Local Written Blocks":0,"Temp Read Blocks":0,"Temp Written Blocks":0,"I/O Read Time":0.0,"I/O Write Time":0.0,"Temp I/O Read Time":0.0,"Temp I/O Write Time":0.0}]},{"Node Type":"Hash","Parent Relationship":"Inner","Parallel Aware":false,"Async Capable":false,"Startup Cost":219.01,"Total Cost":219.01,"Plan Rows":10001,"Plan Width":8,"Actual Startup Time":3.156,"Actual Total Time":3.159,"Actual Rows":10000,"Actual Loops":1,"Output":["supplier.su_suppkey","supplier.su_nationkey"],"Hash Buckets":16384,"Original Hash Buckets":16384,"Hash Batches":1,"Original Hash Batches":1,"Peak Memory Usage":519,"Shared Hit Blocks":0,"Shared Read Blocks":0,"Shared Dirtied Blocks":0,"Shared Written Blocks":0,"Local Hit Blocks":0,"Local Read Blocks":0,"Local Dirtied Blocks":0,"Local Written Blocks":0,"Temp Read Blocks":0,"Temp Written Blocks":0,"I/O Read Time":0.0,"I/O Write Time":0.0,"Temp I/O Read Time":0.0,"Temp I/O Write Time":0.0,"Plans":[{"Node Type":"Append","Parent Relationship":"Outer","Parallel Aware":false,"Async Capable":false,"Startup Cost":20.0,"Total Cost":219.01,"Plan Rows":10001,"Plan Width":8,"Actual Startup Time":0.013,"Actual Total Time":1.772,"Actual Rows":10000,"Actual Loops":1,"Shared Hit Blocks":0,"Shared Read Blocks":0,"Shared Dirtied Blocks":0,"Shared Written Blocks":0,"Local Hit Blocks":0,"Local Read Blocks":0,"Local Dirtied Blocks":0,"Local Written Blocks":0,"Temp Read Blocks":0,"Temp Written Blocks":0,"I/O Read Time":0.0,"I/O Write Time":0.0,"Temp I/O Read Time":0.0,"Temp I/O Write Time":0.0,"Subplans Removed":0,"Plans":[{"Node Type":"Custom Scan","Parent Relationship":"Member","Custom Plan Provider":"columnar scan","Parallel Aware":false,"Async Capable":false,"Relation Name":"supplier","Schema":"public","Alias":"supplier","Startup Cost":20.0,"Total Cost":215.0,"Plan Rows":10000,"Plan Width":8,"Actual Startup Time":0.012,"Actual Total Time":1.072,"Actual Rows":10000,"Actual Loops":1,"Output":["supplier.su_suppkey","supplier.su_nationkey"],"Rows Removed by Columnar Filter":0,"Columnar cache search mode":"native","Shared Hit Blocks":0,"Shared Read Blocks":0,"Shared Dirtied Blocks":0,"Shared Written Blocks":0,"Local Hit Blocks":0,"Local Read Blocks":0,"Local Dirtied Blocks":0,"Local Written Blocks":0,"Temp Read Blocks":0,"Temp Written Blocks":0,"I/O Read Time":0.0,"I/O Write Time":0.0,"Temp I/O Read Time":0.0,"Temp I/O Write Time":0.0},{"Node Type":"Seq Scan","Parent Relationship":"Member","Parallel Aware":false,"Async Capable":false,"Relation Name":"supplier","Schema":"public","Alias":"supplier","Startup Cost":0.0,"Total Cost":4.01,"Plan Rows":1,"Plan Width":8,"Actual Startup Time":0.0,"Actual Total Time":0.0,"Actual Rows":0,"Actual Loops":0,"Output":["supplier.su_suppkey","supplier.su_nationkey"],"Shared Hit Blocks":0,"Shared Read Blocks":0,"Shared Dirtied Blocks":0,"Shared Written Blocks":0,"Local Hit Blocks":0,"Local Read Blocks":0,"Local Dirtied Blocks":0,"Local Written Blocks":0,"Temp Read Blocks":0,"Temp Written Blocks":0,"I/O Read Time":0.0,"I/O Write Time":0.0,"Temp I/O Read Time":0.0,"Temp I/O Write Time":0.0}]}]}]}]}]}]},"Planning":{"Shared Hit Blocks":16,"Shared Read Blocks":0,"Shared Dirtied Blocks":0,"Shared Written Blocks":0,"Local Hit Blocks":0,"Local Read Blocks":0,"Local Dirtied Blocks":0,"Local Written Blocks":0,"Temp Read Blocks":0,"Temp Written Blocks":0,"I/O Read Time":0.0,"I/O Write Time":0.0,"Temp I/O Read Time":0.0,"Temp I/O Write Time":0.0},"Planning Time":4.089,"Triggers":[],"Execution Time":16571.447}]
[列存组合]: nation, stock, supplier
[{"Plan":{"Node Type":"Sort","Parallel Aware":false,"Async Capable":false,"Startup Cost":2017086.66,"Total Cost":2017086.81,"Plan Rows":62,"Plan Width":40,"Actual Startup Time":16542.652,"Actual Total Time":16542.668,"Actual Rows":11,"Actual Loops":1,"Output":["nation.n_name","(sum(order_line.ol_amount))"],"Sort Key":["(sum(order_line.ol_amount)) DESC"],"Sort Method":"quicksort","Sort Space Used":25,"Sort Space Type":"Memory","Shared Hit Blocks":619887,"Shared Read Blocks":0,"Shared Dirtied Blocks":0,"Shared Written Blocks":0,"Local Hit Blocks":0,"Local Read Blocks":0,"Local Dirtied Blocks":0,"Local Written Blocks":0,"Temp Read Blocks":129460,"Temp Written Blocks":129487,"I/O Read Time":0.0,"I/O Write Time":0.0,"Temp I/O Read Time":202.739,"Temp I/O Write Time":519.023,"Plans":[{"Node Type":"Aggregate","Strategy":"Sorted","Partial Mode":"Simple","Parent Relationship":"Outer","Parallel Aware":false,"Async Capable":false,"Startup Cost":2017010.87,"Total Cost":2017084.81,"Plan Rows":62,"Plan Width":40,"Actual Startup Time":16539.843,"Actual Total Time":16542.652,"Actual Rows":11,"Actual Loops":1,"Output":["nation.n_name","sum(order_line.ol_amount)"],"Group Key":["nation.n_name"],"Shared Hit Blocks":619887,"Shared Read Blocks":0,"Shared Dirtied Blocks":0,"Shared Written Blocks":0,"Local Hit Blocks":0,"Local Read Blocks":0,"Local Dirtied Blocks":0,"Local Written Blocks":0,"Temp Read Blocks":129460,"Temp Written Blocks":129487,"I/O Read Time":0.0,"I/O Write Time":0.0,"Temp I/O Read Time":202.739,"Temp I/O Write Time":519.023,"Plans":[{"Node Type":"Sort","Parent Relationship":"Outer","Parallel Aware":false,"Async Capable":false,"Startup Cost":2017010.87,"Total Cost":2017035.26,"Plan Rows":9755,"Plan Width":12,"Actual Startup Time":16539.632,"Actual Total Time":16540.389,"Actual Rows":17493,"Actual Loops":1,"Output":["nation.n_name","order_line.ol_amount"],"Sort Key":["nation.n_name"],"Sort Method":"quicksort","Sort Space Used":1725,"Sort Space Type":"Memory","Shared Hit Blocks":619887,"Shared Read Blocks":0,"Shared Dirtied Blocks":0,"Shared Written Blocks":0,"Local Hit Blocks":0,"Local Read Blocks":0,"Local Dirtied Blocks":0,"Local Written Blocks":0,"Temp Read Blocks":129460,"Temp Written Blocks":129487,"I/O Read Time":0.0,"I/O Write Time":0.0,"Temp I/O Read Time":202.739,"Temp I/O Write Time":519.023,"Plans":[{"Node Type":"Hash Join","Parent Relationship":"Outer","Parallel Aware":false,"Async Capable":false,"Join Type":"Inner","Startup Cost":1692867.6,"Total Cost":2016364.51,"Plan Rows":9755,"Plan Width":12,"Actual Startup Time":14704.954,"Actual Total Time":16530.863,"Actual Rows":17493,"Actual Loops":1,"Output":["nation.n_name","order_line.ol_amount"],"Inner Unique":true,"Hash Cond":"((mod((stock.s_w_id * stock.s_i_id), 10000) = supplier.su_suppkey) AND (customer.c_nationkey = supplier.su_nationkey))","Shared Hit Blocks":619887,"Shared Read Blocks":0,"Shared Dirtied Blocks":0,"Shared Written Blocks":0,"Local Hit Blocks":0,"Local Read Blocks":0,"Local Dirtied Blocks":0,"Local Written Blocks":0,"Temp Read Blocks":129460,"Temp Written Blocks":129487,"I/O Read Time":0.0,"I/O Write Time":0.0,"Temp I/O Read Time":202.739,"Temp I/O Write Time":519.023,"Plans":[{"Node Type":"Merge Join","Parent Relationship":"Outer","Parallel Aware":false,"Async Capable":false,"Join Type":"Inner","Startup Cost":1692498.58,"Total Cost":2012680.35,"Plan Rows":602749,"Plan Width":26,"Actual Startup Time":14701.404,"Actual Total Time":16388.774,"Actual Rows":1109507,"Actual Loops":1,"Output":["customer.c_nationkey","order_line.ol_amount","stock.s_w_id","stock.s_i_id","nation.n_name","nation.n_nationkey"],"Inner Unique":true,"Merge Cond":"((customer.c_w_id = stock.s_w_id) AND (order_line.ol_i_id = stock.s_i_id))","Shared Hit Blocks":619887,"Shared Read Blocks":0,"Shared Dirtied Blocks":0,"Shared Written Blocks":0,"Local Hit Blocks":0,"Local Read Blocks":0,"Local Dirtied Blocks":0,"Local Written Blocks":0,"Temp Read Blocks":129460,"Temp Written Blocks":129487,"I/O Read Time":0.0,"I/O Write Time":0.0,"Temp I/O Read Time":202.739,"Temp I/O Write Time":519.023,"Plans":[{"Node Type":"Sort","Parent Relationship":"Outer","Parallel Aware":false,"Async Capable":false,"Startup Cost":1692498.14,"Total Cost":1693985.82,"Plan Rows":595073,"Plan Width":30,"Actual Startup Time":14701.345,"Actual Total Time":14880.846,"Actual Rows":1109507,"Actual Loops":1,"Output":["customer.c_w_id","customer.c_nationkey","orders.o_w_id","order_line.ol_amount","order_line.ol_w_id","order_line.ol_i_id","nation.n_name","nation.n_nationkey"],"Sort Key":["customer.c_w_id","order_line.ol_i_id"],"Sort Method":"external merge","Sort Space Used":47304,"Sort Space Type":"Disk","Shared Hit Blocks":592549,"Shared Read Blocks":0,"Shared Dirtied Blocks":0,"Shared Written Blocks":0,"Local Hit Blocks":0,"Local Read Blocks":0,"Local Dirtied Blocks":0,"Local Written Blocks":0,"Temp Read Blocks":129460,"Temp Written Blocks":129487,"I/O Read Time":0.0,"I/O Write Time":0.0,"Temp I/O Read Time":202.739,"Temp I/O Write Time":519.023,"Plans":[{"Node Type":"Hash Join","Parent Relationship":"Outer","Parallel Aware":false,"Async Capable":false,"Join Type":"Inner","Startup Cost":403354.53,"Total Cost":1621184.58,"Plan Rows":595073,"Plan Width":30,"Actual Startup Time":1507.708,"Actual Total Time":13311.689,"Actual Rows":1109507,"Actual Loops":1,"Output":["customer.c_w_id","customer.c_nationkey","orders.o_w_id","order_line.ol_amount","order_line.ol_w_id","order_line.ol_i_id","nation.n_name","nation.n_nationkey"],"Inner Unique":false,"Hash Cond":"(customer.c_nationkey = nation.n_nationkey)","Shared Hit Blocks":592549,"Shared Read Blocks":0,"Shared Dirtied Blocks":0,"Shared Written Blocks":0,"Local Hit Blocks":0,"Local Read Blocks":0,"Local Dirtied Blocks":0,"Local Written Blocks":0,"Temp Read Blocks":117643,"Temp Written Blocks":117643,"I/O Read Time":0.0,"I/O Write Time":0.0,"Temp I/O Read Time":185.116,"Temp I/O Write Time":487.828,"Plans":[{"Node Type":"Hash Join","Parent Relationship":"Outer","Parallel Aware":false,"Async Capable":false,"Join Type":"Inner","Startup Cost":403351.39,"Total Cost":1604265.05,"Plan Rows":2975367,"Plan Width":18,"Actual Startup Time":1498.257,"Actual Total Time":12890.792,"Actual Rows":4284922,"Actual Loops":1,"Output":["customer.c_w_id","customer.c_nationkey","orders.o_w_id","order_line.ol_amount","order_line.ol_w_id","order_line.ol_i_id"],"Inner Unique":true,"Hash Cond":"((orders.o_c_id = customer.c_id) AND (orders.o_w_id = customer.c_w_id) AND (orders.o_d_id = customer.c_d_id))","Shared Hit Blocks":592547,"Shared Read Blocks":0,"Shared Dirtied Blocks":0,"Shared Written Blocks":0,"Local Hit Blocks":0,"Local Read Blocks":0,"Local Dirtied Blocks":0,"Local Written Blocks":0,"Temp Read Blocks":117643,"Temp Written Blocks":117643,"I/O Read Time":0.0,"I/O Write Time":0.0,"Temp I/O Read Time":185.116,"Temp I/O Write Time":487.828,"Plans":[{"Node Type":"Hash Join","Parent Relationship":"Outer","Parallel Aware":false,"Async Capable":false,"Join Type":"Inner","Startup Cost":76606.59,"Total Cost":1204573.22,"Plan Rows":2975367,"Plan Width":20,"Actual Startup Time":361.817,"Actual Total Time":9622.972,"Actual Rows":4284922,"Actual Loops":1,"Output":["orders.o_c_id","orders.o_w_id","orders.o_d_id","order_line.ol_amount","order_line.ol_w_id","order_line.ol_d_id","order_line.ol_i_id"],"Inner Unique":true,"Hash Cond":"((order_line.ol_w_id = orders.o_w_id) AND (order_line.ol_d_id = orders.o_d_id) AND (order_line.ol_o_id = orders.o_id))","Shared Hit Blocks":362943,"Shared Read Blocks":0,"Shared Dirtied Blocks":0,"Shared Written Blocks":0,"Local Hit Blocks":0,"Local Read Blocks":0,"Local Dirtied Blocks":0,"Local Written Blocks":0,"Temp Read Blocks":85996,"Temp Written Blocks":85996,"I/O Read Time":0.0,"I/O Write Time":0.0,"Temp I/O Read Time":135.503,"Temp I/O Write Time":342.13,"Plans":[{"Node Type":"Seq Scan","Parent Relationship":"Outer","Parallel Aware":false,"Async Capable":false,"Relation Name":"order_line","Schema":"public","Alias":"order_line","Startup Cost":0.0,"Total Cost":715856.4,"Plan Rows":20926367,"Plan Width":20,"Actual Startup Time":0.007,"Actual Total Time":3685.471,"Actual Rows":21002151,"Actual Loops":1,"Output":["order_line.ol_amount","order_line.ol_o_id","order_line.ol_w_id","order_line.ol_d_id","order_line.ol_i_id"],"Filter":"(order_line.ol_delivery_d >= '1992-01-02 20:10:02.27764'::timestamp without time zone)","Rows Removed by Filter":8995581,"Shared Hit Blocks":340884,"Shared Read Blocks":0,"Shared Dirtied Blocks":0,"Shared Written Blocks":0,"Local Hit Blocks":0,"Local Read Blocks":0,"Local Dirtied Blocks":0,"Local Written Blocks":0,"Temp Read Blocks":0,"Temp Written Blocks":0,"I/O Read Time":0.0,"I/O Write Time":0.0,"Temp I/O Read Time":0.0,"Temp I/O Write Time":0.0},{"Node Type":"Hash","Parent Relationship":"Inner","Parallel Aware":false,"Async Capable":false,"Startup Cost":67059.0,"Total Cost":67059.0,"Plan Rows":426548,"Plan Width":16,"Actual Startup Time":293.867,"Actual Total Time":293.87,"Actual Rows":428399,"Actual Loops":1,"Output":["orders.o_c_id","orders.o_w_id","orders.o_d_id","orders.o_id"],"Hash Buckets":262144,"Original Hash Buckets":262144,"Hash Batches":4,"Original Hash Batches":4,"Peak Memory Usage":7080,"Shared Hit Blocks":22059,"Shared Read Blocks":0,"Shared Dirtied Blocks":0,"Shared Written Blocks":0,"Local Hit Blocks":0,"Local Read Blocks":0,"Local Dirtied Blocks":0,"Local Written Blocks":0,"Temp Read Blocks":0,"Temp Written Blocks":1410,"I/O Read Time":0.0,"I/O Write Time":0.0,"Temp I/O Read Time":0.0,"Temp I/O Write Time":6.028,"Plans":[{"Node Type":"Seq Scan","Parent Relationship":"Outer","Parallel Aware":false,"Async Capable":false,"Relation Name":"orders","Schema":"public","Alias":"orders","Startup Cost":0.0,"Total Cost":67059.0,"Plan Rows":426548,"Plan Width":16,"Actual Startup Time":0.791,"Actual Total Time":219.24,"Actual Rows":428399,"Actual Loops":1,"Output":["orders.o_c_id","orders.o_w_id","orders.o_d_id","orders.o_id"],"Filter":"((orders.o_entry_d >= '1993-01-02 20:10:02.27764'::timestamp without time zone) AND (orders.o_entry_d < '1994-01-02 20:10:02.27764'::timestamp without time zone))","Rows Removed by Filter":2571601,"Shared Hit Blocks":22059,"Shared Read Blocks":0,"Shared Dirtied Blocks":0,"Shared Written Blocks":0,"Local Hit Blocks":0,"Local Read Blocks":0,"Local Dirtied Blocks":0,"Local Written Blocks":0,"Temp Read Blocks":0,"Temp Written Blocks":0,"I/O Read Time":0.0,"I/O Write Time":0.0,"Temp I/O Read Time":0.0,"Temp I/O Write Time":0.0}]}]},{"Node Type":"Hash","Parent Relationship":"Inner","Parallel Aware":false,"Async Capable":false,"Startup Cost":259601.38,"Total Cost":259601.38,"Plan Rows":2999738,"Plan Width":12,"Actual Startup Time":1134.109,"Actual Total Time":1134.11,"Actual Rows":3000000,"Actual Loops":1,"Output":["customer.c_id","customer.c_w_id","customer.c_d_id","customer.c_nationkey"],"Hash Buckets":262144,"Original Hash Buckets":262144,"Hash Batches":32,"Original Hash Batches":32,"Peak Memory Usage":6090,"Shared Hit Blocks":229604,"Shared Read Blocks":0,"Shared Dirtied Blocks":0,"Shared Written Blocks":0,"Local Hit Blocks":0,"Local Read Blocks":0,"Local Dirtied Blocks":0,"Local Written Blocks":0,"Temp Read Blocks":0,"Temp Written Blocks":11335,"I/O Read Time":0.0,"I/O Write Time":0.0,"Temp I/O Read Time":0.0,"Temp I/O Write Time":52.024,"Plans":[{"Node Type":"Seq Scan","Parent Relationship":"Outer","Parallel Aware":false,"Async Capable":false,"Relation Name":"customer","Schema":"public","Alias":"customer","Startup Cost":0.0,"Total Cost":259601.38,"Plan Rows":2999738,"Plan Width":12,"Actual Startup Time":0.018,"Actual Total Time":637.05,"Actual Rows":3000000,"Actual Loops":1,"Output":["customer.c_id","customer.c_w_id","customer.c_d_id","customer.c_nationkey"],"Shared Hit Blocks":229604,"Shared Read Blocks":0,"Shared Dirtied Blocks":0,"Shared Written Blocks":0,"Local Hit Blocks":0,"Local Read Blocks":0,"Local Dirtied Blocks":0,"Local Written Blocks":0,"Temp Read Blocks":0,"Temp Written Blocks":0,"I/O Read Time":0.0,"I/O Write Time":0.0,"Temp I/O Read Time":0.0,"Temp I/O Write Time":0.0}]}]},{"Node Type":"Hash","Parent Relationship":"Inner","Parallel Aware":false,"Async Capable":false,"Startup Cost":2.99,"Total Cost":2.99,"Plan Rows":12,"Plan Width":12,"Actual Startup Time":0.04,"Actual Total Time":0.043,"Actual Rows":22,"Actual Loops":1,"Output":["nation.n_name","nation.n_nationkey"],"Hash Buckets":1024,"Original Hash Buckets":1024,"Hash Batches":1,"Original Hash Batches":1,"Peak Memory Usage":9,"Shared Hit Blocks":2,"Shared Read Blocks":0,"Shared Dirtied Blocks":0,"Shared Written Blocks":0,"Local Hit Blocks":0,"Local Read Blocks":0,"Local Dirtied Blocks":0,"Local Written Blocks":0,"Temp Read Blocks":0,"Temp Written Blocks":0,"I/O Read Time":0.0,"I/O Write Time":0.0,"Temp I/O Read Time":0.0,"Temp I/O Write Time":0.0,"Plans":[{"Node Type":"Hash Join","Parent Relationship":"Outer","Parallel Aware":false,"Async Capable":false,"Join Type":"Inner","Startup Cost":1.07,"Total Cost":2.99,"Plan Rows":12,"Plan Width":12,"Actual Startup Time":0.023,"Actual Total Time":0.038,"Actual Rows":22,"Actual Loops":1,"Output":["nation.n_name","nation.n_nationkey"],"Inner Unique":true,"Hash Cond":"(nation.n_regionkey = region.r_regionkey)","Shared Hit Blocks":2,"Shared Read Blocks":0,"Shared Dirtied Blocks":0,"Shared Written Blocks":0,"Local Hit Blocks":0,"Local Read Blocks":0,"Local Dirtied Blocks":0,"Local Written Blocks":0,"Temp Read Blocks":0,"Temp Written Blocks":0,"I/O Read Time":0.0,"I/O Write Time":0.0,"Temp I/O Read Time":0.0,"Temp I/O Write Time":0.0,"Plans":[{"Node Type":"Seq Scan","Parent Relationship":"Outer","Parallel Aware":false,"Async Capable":false,"Relation Name":"nation","Schema":"public","Alias":"nation","Startup Cost":0.0,"Total Cost":1.62,"Plan Rows":62,"Plan Width":16,"Actual Startup Time":0.006,"Actual Total Time":0.009,"Actual Rows":62,"Actual Loops":1,"Output":["nation.n_nationkey","nation.n_name","nation.n_regionkey","nation.n_comment"],"Shared Hit Blocks":1,"Shared Read Blocks":0,"Shared Dirtied Blocks":0,"Shared Written Blocks":0,"Local Hit Blocks":0,"Local Read Blocks":0,"Local Dirtied Blocks":0,"Local Written Blocks":0,"Temp Read Blocks":0,"Temp Written Blocks":0,"I/O Read Time":0.0,"I/O Write Time":0.0,"Temp I/O Read Time":0.0,"Temp I/O Write Time":0.0},{"Node Type":"Hash","Parent Relationship":"Inner","Parallel Aware":false,"Async Capable":false,"Startup Cost":1.06,"Total Cost":1.06,"Plan Rows":1,"Plan Width":4,"Actual Startup Time":0.008,"Actual Total Time":0.008,"Actual Rows":1,"Actual Loops":1,"Output":["region.r_regionkey"],"Hash Buckets":1024,"Original Hash Buckets":1024,"Hash Batches":1,"Original Hash Batches":1,"Peak Memory Usage":9,"Shared Hit Blocks":1,"Shared Read Blocks":0,"Shared Dirtied Blocks":0,"Shared Written Blocks":0,"Local Hit Blocks":0,"Local Read Blocks":0,"Local Dirtied Blocks":0,"Local Written Blocks":0,"Temp Read Blocks":0,"Temp Written Blocks":0,"I/O Read Time":0.0,"I/O Write Time":0.0,"Temp I/O Read Time":0.0,"Temp I/O Write Time":0.0,"Plans":[{"Node Type":"Seq Scan","Parent Relationship":"Outer","Parallel Aware":false,"Async Capable":false,"Relation Name":"region","Schema":"public","Alias":"region","Startup Cost":0.0,"Total Cost":1.06,"Plan Rows":1,"Plan Width":4,"Actual Startup Time":0.006,"Actual Total Time":0.006,"Actual Rows":1,"Actual Loops":1,"Output":["region.r_regionkey"],"Filter":"((region.r_name)::text = 'Europe'::text)","Rows Removed by Filter":4,"Shared Hit Blocks":1,"Shared Read Blocks":0,"Shared Dirtied Blocks":0,"Shared Written Blocks":0,"Local Hit Blocks":0,"Local Read Blocks":0,"Local Dirtied Blocks":0,"Local Written Blocks":0,"Temp Read Blocks":0,"Temp Written Blocks":0,"I/O Read Time":0.0,"I/O Write Time":0.0,"Temp I/O Read Time":0.0,"Temp I/O Write Time":0.0}]}]}]}]}]},{"Node Type":"Index Only Scan","Parent Relationship":"Inner","Parallel Aware":false,"Async Capable":false,"Scan Direction":"Forward","Index Name":"stock_pk","Relation Name":"stock","Schema":"public","Alias":"stock","Startup Cost":0.43,"Total Cost":259690.86,"Plan Rows":10000162,"Plan Width":6,"Actual Startup Time":0.045,"Actual Total Time":702.201,"Actual Rows":9999996,"Actual Loops":1,"Output":["stock.s_w_id","stock.s_i_id"],"Heap Fetches":0,"Shared Hit Blocks":27338,"Shared Read Blocks":0,"Shared Dirtied Blocks":0,"Shared Written Blocks":0,"Local Hit Blocks":0,"Local Read Blocks":0,"Local Dirtied Blocks":0,"Local Written Blocks":0,"Temp Read Blocks":0,"Temp Written Blocks":0,"I/O Read Time":0.0,"I/O Write Time":0.0,"Temp I/O Read Time":0.0,"Temp I/O Write Time":0.0}]},{"Node Type":"Hash","Parent Relationship":"Inner","Parallel Aware":false,"Async Capable":false,"Startup Cost":219.01,"Total Cost":219.01,"Plan Rows":10001,"Plan Width":8,"Actual Startup Time":3.135,"Actual Total Time":3.138,"Actual Rows":10000,"Actual Loops":1,"Output":["supplier.su_suppkey","supplier.su_nationkey"],"Hash Buckets":16384,"Original Hash Buckets":16384,"Hash Batches":1,"Original Hash Batches":1,"Peak Memory Usage":519,"Shared Hit Blocks":0,"Shared Read Blocks":0,"Shared Dirtied Blocks":0,"Shared Written Blocks":0,"Local Hit Blocks":0,"Local Read Blocks":0,"Local Dirtied Blocks":0,"Local Written Blocks":0,"Temp Read Blocks":0,"Temp Written Blocks":0,"I/O Read Time":0.0,"I/O Write Time":0.0,"Temp I/O Read Time":0.0,"Temp I/O Write Time":0.0,"Plans":[{"Node Type":"Append","Parent Relationship":"Outer","Parallel Aware":false,"Async Capable":false,"Startup Cost":20.0,"Total Cost":219.01,"Plan Rows":10001,"Plan Width":8,"Actual Startup Time":0.013,"Actual Total Time":1.782,"Actual Rows":10000,"Actual Loops":1,"Shared Hit Blocks":0,"Shared Read Blocks":0,"Shared Dirtied Blocks":0,"Shared Written Blocks":0,"Local Hit Blocks":0,"Local Read Blocks":0,"Local Dirtied Blocks":0,"Local Written Blocks":0,"Temp Read Blocks":0,"Temp Written Blocks":0,"I/O Read Time":0.0,"I/O Write Time":0.0,"Temp I/O Read Time":0.0,"Temp I/O Write Time":0.0,"Subplans Removed":0,"Plans":[{"Node Type":"Custom Scan","Parent Relationship":"Member","Custom Plan Provider":"columnar scan","Parallel Aware":false,"Async Capable":false,"Relation Name":"supplier","Schema":"public","Alias":"supplier","Startup Cost":20.0,"Total Cost":215.0,"Plan Rows":10000,"Plan Width":8,"Actual Startup Time":0.012,"Actual Total Time":1.082,"Actual Rows":10000,"Actual Loops":1,"Output":["supplier.su_suppkey","supplier.su_nationkey"],"Rows Removed by Columnar Filter":0,"Columnar cache search mode":"native","Shared Hit Blocks":0,"Shared Read Blocks":0,"Shared Dirtied Blocks":0,"Shared Written Blocks":0,"Local Hit Blocks":0,"Local Read Blocks":0,"Local Dirtied Blocks":0,"Local Written Blocks":0,"Temp Read Blocks":0,"Temp Written Blocks":0,"I/O Read Time":0.0,"I/O Write Time":0.0,"Temp I/O Read Time":0.0,"Temp I/O Write Time":0.0},{"Node Type":"Seq Scan","Parent Relationship":"Member","Parallel Aware":false,"Async Capable":false,"Relation Name":"supplier","Schema":"public","Alias":"supplier","Startup Cost":0.0,"Total Cost":4.01,"Plan Rows":1,"Plan Width":8,"Actual Startup Time":0.0,"Actual Total Time":0.0,"Actual Rows":0,"Actual Loops":0,"Output":["supplier.su_suppkey","supplier.su_nationkey"],"Shared Hit Blocks":0,"Shared Read Blocks":0,"Shared Dirtied Blocks":0,"Shared Written Blocks":0,"Local Hit Blocks":0,"Local Read Blocks":0,"Local Dirtied Blocks":0,"Local Written Blocks":0,"Temp Read Blocks":0,"Temp Written Blocks":0,"I/O Read Time":0.0,"I/O Write Time":0.0,"Temp I/O Read Time":0.0,"Temp I/O Write Time":0.0}]}]}]}]}]}]},"Planning":{"Shared Hit Blocks":16,"Shared Read Blocks":0,"Shared Dirtied Blocks":0,"Shared Written Blocks":0,"Local Hit Blocks":0,"Local Read Blocks":0,"Local Dirtied Blocks":0,"Local Written Blocks":0,"Temp Read Blocks":0,"Temp Written Blocks":0,"I/O Read Time":0.0,"I/O Write Time":0.0,"Temp I/O Read Time":0.0,"Temp I/O Write Time":0.0},"Planning Time":4.81,"Triggers":[],"Execution Time":16550.147}]
[列存组合]: order_line, orders, region
[{"Plan":{"Node Type":"Sort","Parallel Aware":false,"Async Capable":false,"Startup Cost":2001833.37,"Total Cost":2001833.52,"Plan Rows":62,"Plan Width":40,"Actual Startup Time":10187.707,"Actual Total Time":10187.741,"Actual Rows":11,"Actual Loops":1,"Output":["nation.n_name","(sum(order_line.ol_amount))"],"Sort Key":["(sum(order_line.ol_amount)) DESC"],"Sort Method":"quicksort","Sort Space Used":25,"Sort Space Type":"Memory","Shared Hit Blocks":257161,"Shared Read Blocks":0,"Shared Dirtied Blocks":0,"Shared Written Blocks":0,"Local Hit Blocks":0,"Local Read Blocks":0,"Local Dirtied Blocks":0,"Local Written Blocks":0,"Temp Read Blocks":62236,"Temp Written Blocks":62263,"I/O Read Time":0.0,"I/O Write Time":0.0,"Temp I/O Read Time":99.192,"Temp I/O Write Time":248.776,"Plans":[{"Node Type":"Aggregate","Strategy":"Sorted","Partial Mode":"Simple","Parent Relationship":"Outer","Parallel Aware":false,"Async Capable":false,"Startup Cost":2001757.58,"Total Cost":2001831.52,"Plan Rows":62,"Plan Width":40,"Actual Startup Time":10184.845,"Actual Total Time":10187.724,"Actual Rows":11,"Actual Loops":1,"Output":["nation.n_name","sum(order_line.ol_amount)"],"Group Key":["nation.n_name"],"Shared Hit Blocks":257161,"Shared Read Blocks":0,"Shared Dirtied Blocks":0,"Shared Written Blocks":0,"Local Hit Blocks":0,"Local Read Blocks":0,"Local Dirtied Blocks":0,"Local Written Blocks":0,"Temp Read Blocks":62236,"Temp Written Blocks":62263,"I/O Read Time":0.0,"I/O Write Time":0.0,"Temp I/O Read Time":99.192,"Temp I/O Write Time":248.776,"Plans":[{"Node Type":"Sort","Parent Relationship":"Outer","Parallel Aware":false,"Async Capable":false,"Startup Cost":2001757.58,"Total Cost":2001781.97,"Plan Rows":9755,"Plan Width":12,"Actual Startup Time":10184.632,"Actual Total Time":10185.466,"Actual Rows":17493,"Actual Loops":1,"Output":["nation.n_name","order_line.ol_amount"],"Sort Key":["nation.n_name"],"Sort Method":"quicksort","Sort Space Used":1725,"Sort Space Type":"Memory","Shared Hit Blocks":257161,"Shared Read Blocks":0,"Shared Dirtied Blocks":0,"Shared Written Blocks":0,"Local Hit Blocks":0,"Local Read Blocks":0,"Local Dirtied Blocks":0,"Local Written Blocks":0,"Temp Read Blocks":62236,"Temp Written Blocks":62263,"I/O Read Time":0.0,"I/O Write Time":0.0,"Temp I/O Read Time":99.192,"Temp I/O Write Time":248.776,"Plans":[{"Node Type":"Hash Join","Parent Relationship":"Outer","Parallel Aware":false,"Async Capable":false,"Join Type":"Inner","Startup Cost":1677614.31,"Total Cost":2001111.22,"Plan Rows":9755,"Plan Width":12,"Actual Startup Time":8327.288,"Actual Total Time":10175.662,"Actual Rows":17493,"Actual Loops":1,"Output":["nation.n_name","order_line.ol_amount"],"Inner Unique":true,"Hash Cond":"((mod((stock.s_w_id * stock.s_i_id), 10000) = supplier.su_suppkey) AND (customer.c_nationkey = supplier.su_nationkey))","Shared Hit Blocks":257161,"Shared Read Blocks":0,"Shared Dirtied Blocks":0,"Shared Written Blocks":0,"Local Hit Blocks":0,"Local Read Blocks":0,"Local Dirtied Blocks":0,"Local Written Blocks":0,"Temp Read Blocks":62236,"Temp Written Blocks":62263,"I/O Read Time":0.0,"I/O Write Time":0.0,"Temp I/O Read Time":99.192,"Temp I/O Write Time":248.776,"Plans":[{"Node Type":"Merge Join","Parent Relationship":"Outer","Parallel Aware":false,"Async Capable":false,"Join Type":"Inner","Startup Cost":1677147.31,"Total Cost":1997329.09,"Plan Rows":602749,"Plan Width":26,"Actual Startup Time":8324.063,"Actual Total Time":10034.35,"Actual Rows":1109507,"Actual Loops":1,"Output":["customer.c_nationkey","order_line.ol_amount","stock.s_w_id","stock.s_i_id","nation.n_name","nation.n_nationkey"],"Inner Unique":true,"Merge Cond":"((customer.c_w_id = stock.s_w_id) AND (order_line.ol_i_id = stock.s_i_id))","Shared Hit Blocks":256944,"Shared Read Blocks":0,"Shared Dirtied Blocks":0,"Shared Written Blocks":0,"Local Hit Blocks":0,"Local Read Blocks":0,"Local Dirtied Blocks":0,"Local Written Blocks":0,"Temp Read Blocks":62236,"Temp Written Blocks":62263,"I/O Read Time":0.0,"I/O Write Time":0.0,"Temp I/O Read Time":99.192,"Temp I/O Write Time":248.776,"Plans":[{"Node Type":"Sort","Parent Relationship":"Outer","Parallel Aware":false,"Async Capable":false,"Startup Cost":1677146.88,"Total Cost":1678634.56,"Plan Rows":595073,"Plan Width":30,"Actual Startup Time":8324.007,"Actual Total Time":8503.519,"Actual Rows":1109507,"Actual Loops":1,"Output":["customer.c_w_id","customer.c_nationkey","orders.o_w_id","order_line.ol_amount","order_line.ol_w_id","order_line.ol_i_id","nation.n_name","nation.n_nationkey"],"Sort Key":["customer.c_w_id","order_line.ol_i_id"],"Sort Method":"external merge","Sort Space Used":47304,"Sort Space Type":"Disk","Shared Hit Blocks":229606,"Shared Read Blocks":0,"Shared Dirtied Blocks":0,"Shared Written Blocks":0,"Local Hit Blocks":0,"Local Read Blocks":0,"Local Dirtied Blocks":0,"Local Written Blocks":0,"Temp Read Blocks":62236,"Temp Written Blocks":62263,"I/O Read Time":0.0,"I/O Write Time":0.0,"Temp I/O Read Time":99.192,"Temp I/O Write Time":248.776,"Plans":[{"Node Type":"Hash Join","Parent Relationship":"Outer","Parallel Aware":false,"Async Capable":false,"Join Type":"Inner","Startup Cost":402059.66,"Total Cost":1605833.32,"Plan Rows":595073,"Plan Width":30,"Actual Startup Time":1376.445,"Actual Total Time":6940.498,"Actual Rows":1109507,"Actual Loops":1,"Output":["customer.c_w_id","customer.c_nationkey","orders.o_w_id","order_line.ol_amount","order_line.ol_w_id","order_line.ol_i_id","nation.n_name","nation.n_nationkey"],"Inner Unique":false,"Hash Cond":"(customer.c_nationkey = nation.n_nationkey)","Shared Hit Blocks":229606,"Shared Read Blocks":0,"Shared Dirtied Blocks":0,"Shared Written Blocks":0,"Local Hit Blocks":0,"Local Read Blocks":0,"Local Dirtied Blocks":0,"Local Written Blocks":0,"Temp Read Blocks":50419,"Temp Written Blocks":50419,"I/O Read Time":0.0,"I/O Write Time":0.0,"Temp I/O Read Time":81.696,"Temp I/O Write Time":217.705,"Plans":[{"Node Type":"Hash Join","Parent Relationship":"Outer","Parallel Aware":false,"Async Capable":false,"Join Type":"Inner","Startup Cost":402056.52,"Total Cost":1588913.78,"Plan Rows":2975367,"Plan Width":18,"Actual Startup Time":1369.347,"Actual Total Time":6518.494,"Actual Rows":4284922,"Actual Loops":1,"Output":["customer.c_w_id","customer.c_nationkey","orders.o_w_id","order_line.ol_amount","order_line.ol_w_id","order_line.ol_i_id"],"Inner Unique":true,"Hash Cond":"((orders.o_c_id = customer.c_id) AND (orders.o_w_id = customer.c_w_id) AND (orders.o_d_id = customer.c_d_id))","Shared Hit Blocks":229604,"Shared Read Blocks":0,"Shared Dirtied Blocks":0,"Shared Written Blocks":0,"Local Hit Blocks":0,"Local Read Blocks":0,"Local Dirtied Blocks":0,"Local Written Blocks":0,"Temp Read Blocks":50419,"Temp Written Blocks":50419,"I/O Read Time":0.0,"I/O Write Time":0.0,"Temp I/O Read Time":81.696,"Temp I/O Write Time":217.705,"Plans":[{"Node Type":"Hash Join","Parent Relationship":"Outer","Parallel Aware":false,"Async Capable":false,"Join Type":"Inner","Startup Cost":75311.73,"Total Cost":1189221.96,"Plan Rows":2975367,"Plan Width":20,"Actual Startup Time":212.964,"Actual Total Time":3229.022,"Actual Rows":4284922,"Actual Loops":1,"Output":["orders.o_c_id","orders.o_w_id","orders.o_d_id","order_line.ol_amount","order_line.ol_w_id","order_line.ol_d_id","order_line.ol_i_id"],"Inner Unique":true,"Hash Cond":"((order_line.ol_w_id = orders.o_w_id) AND (order_line.ol_d_id = orders.o_d_id) AND (order_line.ol_o_id = orders.o_id))","Shared Hit Blocks":0,"Shared Read Blocks":0,"Shared Dirtied Blocks":0,"Shared Written Blocks":0,"Local Hit Blocks":0,"Local Read Blocks":0,"Local Dirtied Blocks":0,"Local Written Blocks":0,"Temp Read Blocks":18772,"Temp Written Blocks":18772,"I/O Read Time":0.0,"I/O Write Time":0.0,"Temp I/O Read Time":31.277,"Temp I/O Write Time":75.574,"Plans":[{"Node Type":"Append","Parent Relationship":"Outer","Parallel Aware":false,"Async Capable":false,"Startup Cost":20.0,"Total Cost":701820.0,"Plan Rows":20926367,"Plan Width":20,"Actual Startup Time":1.361,"Actual Total Time":1294.266,"Actual Rows":4311079,"Actual Loops":1,"Shared Hit Blocks":0,"Shared Read Blocks":0,"Shared Dirtied Blocks":0,"Shared Written Blocks":0,"Local Hit Blocks":0,"Local Read Blocks":0,"Local Dirtied Blocks":0,"Local Written Blocks":0,"Temp Read Blocks":0,"Temp Written Blocks":0,"I/O Read Time":0.0,"I/O Write Time":0.0,"Temp I/O Read Time":0.0,"Temp I/O Write Time":0.0,"Subplans Removed":0,"Plans":[{"Node Type":"Custom Scan","Parent Relationship":"Member","Custom Plan Provider":"columnar scan","Parallel Aware":false,"Async Capable":false,"Relation Name":"order_line","Schema":"public","Alias":"order_line","Startup Cost":20.0,"Total Cost":533641.75,"Plan Rows":20926325,"Plan Width":20,"Actual Startup Time":1.36,"Actual Total Time":992.64,"Actual Rows":4311079,"Actual Loops":1,"Output":["order_line.ol_amount","order_line.ol_o_id","order_line.ol_w_id","order_line.ol_d_id","order_line.ol_i_id"],"Filter":"(order_line.ol_delivery_d >= '1992-01-02 20:10:02.27764'::timestamp without time zone)","Rows Removed by Filter":0,"Rows Removed by Columnar Filter":25686653,"Rows Filtered by Bloom Filter":0,"Dictionary Rows Filtered by Bloom Filter":25686653,"Columnar cache search mode":"native","Shared Hit Blocks":0,"Shared Read Blocks":0,"Shared Dirtied Blocks":0,"Shared Written Blocks":0,"Local Hit Blocks":0,"Local Read Blocks":0,"Local Dirtied Blocks":0,"Local Written Blocks":0,"Temp Read Blocks":0,"Temp Written Blocks":0,"I/O Read Time":0.0,"I/O Write Time":0.0,"Temp I/O Read Time":0.0,"Temp I/O Write Time":0.0},{"Node Type":"Seq Scan","Parent Relationship":"Member","Parallel Aware":false,"Async Capable":false,"Relation Name":"order_line","Schema":"public","Alias":"order_line","Startup Cost":0.0,"Total Cost":4.75,"Plan Rows":42,"Plan Width":20,"Actual Startup Time":0.0,"Actual Total Time":0.0,"Actual Rows":0,"Actual Loops":0,"Output":["order_line.ol_amount","order_line.ol_o_id","order_line.ol_w_id","order_line.ol_d_id","order_line.ol_i_id"],"Filter":"(order_line.ol_delivery_d >= '1992-01-02 20:10:02.27764'::timestamp without time zone)","Rows Removed by Filter":0,"Shared Hit Blocks":0,"Shared Read Blocks":0,"Shared Dirtied Blocks":0,"Shared Written Blocks":0,"Local Hit Blocks":0,"Local Read Blocks":0,"Local Dirtied Blocks":0,"Local Written Blocks":0,"Temp Read Blocks":0,"Temp Written Blocks":0,"I/O Read Time":0.0,"I/O Write Time":0.0,"Temp I/O Read Time":0.0,"Temp I/O Write Time":0.0}]},{"Node Type":"Hash","Parent Relationship":"Inner","Parallel Aware":false,"Async Capable":false,"Startup Cost":65744.12,"Total Cost":65744.12,"Plan Rows":426549,"Plan Width":16,"Actual Startup Time":210.637,"Actual Total Time":210.643,"Actual Rows":428399,"Actual Loops":1,"Output":["orders.o_c_id","orders.o_w_id","orders.o_d_id","orders.o_id"],"Hash Buckets":262144,"Original Hash Buckets":262144,"Hash Batches":4,"Original Hash Batches":4,"Peak Memory Usage":7080,"Shared Hit Blocks":0,"Shared Read Blocks":0,"Shared Dirtied Blocks":0,"Shared Written Blocks":0,"Local Hit Blocks":0,"Local Read Blocks":0,"Local Dirtied Blocks":0,"Local Written Blocks":0,"Temp Read Blocks":0,"Temp Written Blocks":1410,"I/O Read Time":0.0,"I/O Write Time":0.0,"Temp I/O Read Time":0.0,"Temp I/O Write Time":5.491,"Plans":[{"Node Type":"Append","Parent Relationship":"Outer","Parallel Aware":false,"Async Capable":false,"Startup Cost":20.0,"Total Cost":65744.12,"Plan Rows":426549,"Plan Width":16,"Actual Startup Time":0.509,"Actual Total Time":107.217,"Actual Rows":428399,"Actual Loops":1,"Shared Hit Blocks":0,"Shared Read Blocks":0,"Shared Dirtied Blocks":0,"Shared Written Blocks":0,"Local Hit Blocks":0,"Local Read Blocks":0,"Local Dirtied Blocks":0,"Local Written Blocks":0,"Temp Read Blocks":0,"Temp Written Blocks":0,"I/O Read Time":0.0,"I/O Write Time":0.0,"Temp I/O Read Time":0.0,"Temp I/O Write Time":0.0,"Subplans Removed":0,"Plans":[{"Node Type":"Custom Scan","Parent Relationship":"Member","Custom Plan Provider":"columnar scan","Parallel Aware":false,"Async Capable":false,"Relation Name":"orders","Schema":"public","Alias":"orders","Startup Cost":20.0,"Total Cost":10043.96,"Plan Rows":426548,"Plan Width":16,"Actual Startup Time":0.508,"Actual Total Time":74.543,"Actual Rows":428399,"Actual Loops":1,"Output":["orders.o_c_id","orders.o_w_id","orders.o_d_id","orders.o_id"],"Filter":"((orders.o_entry_d < '1994-01-02 20:10:02.27764'::timestamp without time zone) AND (orders.o_entry_d >= '1993-01-02 20:10:02.27764'::timestamp without time zone))","Rows Removed by Filter":0,"Rows Removed by Columnar Filter":2571601,"Columnar cache search mode":"native","Shared Hit Blocks":0,"Shared Read Blocks":0,"Shared Dirtied Blocks":0,"Shared Written Blocks":0,"Local Hit Blocks":0,"Local Read Blocks":0,"Local Dirtied Blocks":0,"Local Written Blocks":0,"Temp Read Blocks":0,"Temp Written Blocks":0,"I/O Read Time":0.0,"I/O Write Time":0.0,"Temp I/O Read Time":0.0,"Temp I/O Write Time":0.0},{"Node Type":"Seq Scan","Parent Relationship":"Member","Parallel Aware":false,"Async Capable":false,"Relation Name":"orders","Schema":"public","Alias":"orders","Startup Cost":0.0,"Total Cost":4.01,"Plan Rows":1,"Plan Width":16,"Actual Startup Time":0.0,"Actual Total Time":0.0,"Actual Rows":0,"Actual Loops":0,"Output":["orders.o_c_id","orders.o_w_id","orders.o_d_id","orders.o_id"],"Filter":"((orders.o_entry_d < '1994-01-02 20:10:02.27764'::timestamp without time zone) AND (orders.o_entry_d >= '1993-01-02 20:10:02.27764'::timestamp without time zone))","Rows Removed by Filter":0,"Shared Hit Blocks":0,"Shared Read Blocks":0,"Shared Dirtied Blocks":0,"Shared Written Blocks":0,"Local Hit Blocks":0,"Local Read Blocks":0,"Local Dirtied Blocks":0,"Local Written Blocks":0,"Temp Read Blocks":0,"Temp Written Blocks":0,"I/O Read Time":0.0,"I/O Write Time":0.0,"Temp I/O Read Time":0.0,"Temp I/O Write Time":0.0}]}]}]},{"Node Type":"Hash","Parent Relationship":"Inner","Parallel Aware":false,"Async Capable":false,"Startup Cost":259601.38,"Total Cost":259601.38,"Plan Rows":2999738,"Plan Width":12,"Actual Startup Time":1154.566,"Actual Total Time":1154.568,"Actual Rows":3000000,"Actual Loops":1,"Output":["customer.c_id","customer.c_w_id","customer.c_d_id","customer.c_nationkey"],"Hash Buckets":262144,"Original Hash Buckets":262144,"Hash Batches":32,"Original Hash Batches":32,"Peak Memory Usage":6090,"Shared Hit Blocks":229604,"Shared Read Blocks":0,"Shared Dirtied Blocks":0,"Shared Written Blocks":0,"Local Hit Blocks":0,"Local Read Blocks":0,"Local Dirtied Blocks":0,"Local Written Blocks":0,"Temp Read Blocks":0,"Temp Written Blocks":11335,"I/O Read Time":0.0,"I/O Write Time":0.0,"Temp I/O Read Time":0.0,"Temp I/O Write Time":51.833,"Plans":[{"Node Type":"Seq Scan","Parent Relationship":"Outer","Parallel Aware":false,"Async Capable":false,"Relation Name":"customer","Schema":"public","Alias":"customer","Startup Cost":0.0,"Total Cost":259601.38,"Plan Rows":2999738,"Plan Width":12,"Actual Startup Time":0.009,"Actual Total Time":658.567,"Actual Rows":3000000,"Actual Loops":1,"Output":["customer.c_id","customer.c_w_id","customer.c_d_id","customer.c_nationkey"],"Shared Hit Blocks":229604,"Shared Read Blocks":0,"Shared Dirtied Blocks":0,"Shared Written Blocks":0,"Local Hit Blocks":0,"Local Read Blocks":0,"Local Dirtied Blocks":0,"Local Written Blocks":0,"Temp Read Blocks":0,"Temp Written Blocks":0,"I/O Read Time":0.0,"I/O Write Time":0.0,"Temp I/O Read Time":0.0,"Temp I/O Write Time":0.0}]}]},{"Node Type":"Hash","Parent Relationship":"Inner","Parallel Aware":false,"Async Capable":false,"Startup Cost":2.99,"Total Cost":2.99,"Plan Rows":12,"Plan Width":12,"Actual Startup Time":0.039,"Actual Total Time":0.045,"Actual Rows":22,"Actual Loops":1,"Output":["nation.n_name","nation.n_nationkey"],"Hash Buckets":1024,"Original Hash Buckets":1024,"Hash Batches":1,"Original Hash Batches":1,"Peak Memory Usage":9,"Shared Hit Blocks":2,"Shared Read Blocks":0,"Shared Dirtied Blocks":0,"Shared Written Blocks":0,"Local Hit Blocks":0,"Local Read Blocks":0,"Local Dirtied Blocks":0,"Local Written Blocks":0,"Temp Read Blocks":0,"Temp Written Blocks":0,"I/O Read Time":0.0,"I/O Write Time":0.0,"Temp I/O Read Time":0.0,"Temp I/O Write Time":0.0,"Plans":[{"Node Type":"Hash Join","Parent Relationship":"Outer","Parallel Aware":false,"Async Capable":false,"Join Type":"Inner","Startup Cost":1.07,"Total Cost":2.99,"Plan Rows":12,"Plan Width":12,"Actual Startup Time":0.023,"Actual Total Time":0.038,"Actual Rows":22,"Actual Loops":1,"Output":["nation.n_name","nation.n_nationkey"],"Inner Unique":true,"Hash Cond":"(nation.n_regionkey = region.r_regionkey)","Shared Hit Blocks":2,"Shared Read Blocks":0,"Shared Dirtied Blocks":0,"Shared Written Blocks":0,"Local Hit Blocks":0,"Local Read Blocks":0,"Local Dirtied Blocks":0,"Local Written Blocks":0,"Temp Read Blocks":0,"Temp Written Blocks":0,"I/O Read Time":0.0,"I/O Write Time":0.0,"Temp I/O Read Time":0.0,"Temp I/O Write Time":0.0,"Plans":[{"Node Type":"Seq Scan","Parent Relationship":"Outer","Parallel Aware":false,"Async Capable":false,"Relation Name":"nation","Schema":"public","Alias":"nation","Startup Cost":0.0,"Total Cost":1.62,"Plan Rows":62,"Plan Width":16,"Actual Startup Time":0.005,"Actual Total Time":0.008,"Actual Rows":62,"Actual Loops":1,"Output":["nation.n_nationkey","nation.n_name","nation.n_regionkey","nation.n_comment"],"Shared Hit Blocks":1,"Shared Read Blocks":0,"Shared Dirtied Blocks":0,"Shared Written Blocks":0,"Local Hit Blocks":0,"Local Read Blocks":0,"Local Dirtied Blocks":0,"Local Written Blocks":0,"Temp Read Blocks":0,"Temp Written Blocks":0,"I/O Read Time":0.0,"I/O Write Time":0.0,"Temp I/O Read Time":0.0,"Temp I/O Write Time":0.0},{"Node Type":"Hash","Parent Relationship":"Inner","Parallel Aware":false,"Async Capable":false,"Startup Cost":1.06,"Total Cost":1.06,"Plan Rows":1,"Plan Width":4,"Actual Startup Time":0.007,"Actual Total Time":0.008,"Actual Rows":1,"Actual Loops":1,"Output":["region.r_regionkey"],"Hash Buckets":1024,"Original Hash Buckets":1024,"Hash Batches":1,"Original Hash Batches":1,"Peak Memory Usage":9,"Shared Hit Blocks":1,"Shared Read Blocks":0,"Shared Dirtied Blocks":0,"Shared Written Blocks":0,"Local Hit Blocks":0,"Local Read Blocks":0,"Local Dirtied Blocks":0,"Local Written Blocks":0,"Temp Read Blocks":0,"Temp Written Blocks":0,"I/O Read Time":0.0,"I/O Write Time":0.0,"Temp I/O Read Time":0.0,"Temp I/O Write Time":0.0,"Plans":[{"Node Type":"Seq Scan","Parent Relationship":"Outer","Parallel Aware":false,"Async Capable":false,"Relation Name":"region","Schema":"public","Alias":"region","Startup Cost":0.0,"Total Cost":1.06,"Plan Rows":1,"Plan Width":4,"Actual Startup Time":0.005,"Actual Total Time":0.006,"Actual Rows":1,"Actual Loops":1,"Output":["region.r_regionkey"],"Filter":"((region.r_name)::text = 'Europe'::text)","Rows Removed by Filter":4,"Shared Hit Blocks":1,"Shared Read Blocks":0,"Shared Dirtied Blocks":0,"Shared Written Blocks":0,"Local Hit Blocks":0,"Local Read Blocks":0,"Local Dirtied Blocks":0,"Local Written Blocks":0,"Temp Read Blocks":0,"Temp Written Blocks":0,"I/O Read Time":0.0,"I/O Write Time":0.0,"Temp I/O Read Time":0.0,"Temp I/O Write Time":0.0}]}]}]}]}]},{"Node Type":"Index Only Scan","Parent Relationship":"Inner","Parallel Aware":false,"Async Capable":false,"Scan Direction":"Forward","Index Name":"stock_pk","Relation Name":"stock","Schema":"public","Alias":"stock","Startup Cost":0.43,"Total Cost":259690.86,"Plan Rows":10000162,"Plan Width":6,"Actual Startup Time":0.044,"Actual Total Time":721.653,"Actual Rows":9999996,"Actual Loops":1,"Output":["stock.s_w_id","stock.s_i_id"],"Heap Fetches":0,"Shared Hit Blocks":27338,"Shared Read Blocks":0,"Shared Dirtied Blocks":0,"Shared Written Blocks":0,"Local Hit Blocks":0,"Local Read Blocks":0,"Local Dirtied Blocks":0,"Local Written Blocks":0,"Temp Read Blocks":0,"Temp Written Blocks":0,"I/O Read Time":0.0,"I/O Write Time":0.0,"Temp I/O Read Time":0.0,"Temp I/O Write Time":0.0}]},{"Node Type":"Hash","Parent Relationship":"Inner","Parallel Aware":false,"Async Capable":false,"Startup Cost":317.0,"Total Cost":317.0,"Plan Rows":10000,"Plan Width":8,"Actual Startup Time":2.805,"Actual Total Time":2.806,"Actual Rows":10000,"Actual Loops":1,"Output":["supplier.su_suppkey","supplier.su_nationkey"],"Hash Buckets":16384,"Original Hash Buckets":16384,"Hash Batches":1,"Original Hash Batches":1,"Peak Memory Usage":519,"Shared Hit Blocks":217,"Shared Read Blocks":0,"Shared Dirtied Blocks":0,"Shared Written Blocks":0,"Local Hit Blocks":0,"Local Read Blocks":0,"Local Dirtied Blocks":0,"Local Written Blocks":0,"Temp Read Blocks":0,"Temp Written Blocks":0,"I/O Read Time":0.0,"I/O Write Time":0.0,"Temp I/O Read Time":0.0,"Temp I/O Write Time":0.0,"Plans":[{"Node Type":"Seq Scan","Parent Relationship":"Outer","Parallel Aware":false,"Async Capable":false,"Relation Name":"supplier","Schema":"public","Alias":"supplier","Startup Cost":0.0,"Total Cost":317.0,"Plan Rows":10000,"Plan Width":8,"Actual Startup Time":0.009,"Actual Total Time":1.284,"Actual Rows":10000,"Actual Loops":1,"Output":["supplier.su_suppkey","supplier.su_nationkey"],"Shared Hit Blocks":217,"Shared Read Blocks":0,"Shared Dirtied Blocks":0,"Shared Written Blocks":0,"Local Hit Blocks":0,"Local Read Blocks":0,"Local Dirtied Blocks":0,"Local Written Blocks":0,"Temp Read Blocks":0,"Temp Written Blocks":0,"I/O Read Time":0.0,"I/O Write Time":0.0,"Temp I/O Read Time":0.0,"Temp I/O Write Time":0.0}]}]}]}]}]},"Planning":{"Shared Hit Blocks":16,"Shared Read Blocks":0,"Shared Dirtied Blocks":0,"Shared Written Blocks":0,"Local Hit Blocks":0,"Local Read Blocks":0,"Local Dirtied Blocks":0,"Local Written Blocks":0,"Temp Read Blocks":0,"Temp Written Blocks":0,"I/O Read Time":0.0,"I/O Write Time":0.0,"Temp I/O Read Time":0.0,"Temp I/O Write Time":0.0},"Planning Time":4.716,"Triggers":[],"Execution Time":10196.039}]
[列存组合]: order_line, orders, stock
[{"Plan":{"Node Type":"Sort","Parallel Aware":false,"Async Capable":false,"Startup Cost":1198790.22,"Total Cost":1198790.37,"Plan Rows":62,"Plan Width":40,"Actual Startup Time":5086.225,"Actual Total Time":5086.255,"Actual Rows":11,"Actual Loops":1,"Output":["nation.n_name","(sum(order_line.ol_amount))"],"Sort Key":["(sum(order_line.ol_amount)) DESC"],"Sort Method":"quicksort","Sort Space Used":25,"Sort Space Type":"Memory","Shared Hit Blocks":229823,"Shared Read Blocks":0,"Shared Dirtied Blocks":0,"Shared Written Blocks":0,"Local Hit Blocks":0,"Local Read Blocks":0,"Local Dirtied Blocks":0,"Local Written Blocks":0,"Temp Read Blocks":31471,"Temp Written Blocks":31471,"I/O Read Time":0.0,"I/O Write Time":0.0,"Temp I/O Read Time":49.684,"Temp I/O Write Time":144.065,"Plans":[{"Node Type":"Aggregate","Strategy":"Sorted","Partial Mode":"Simple","Parent Relationship":"Outer","Parallel Aware":false,"Async Capable":false,"Startup Cost":1198714.43,"Total Cost":1198788.37,"Plan Rows":62,"Plan Width":40,"Actual Startup Time":5083.334,"Actual Total Time":5086.238,"Actual Rows":11,"Actual Loops":1,"Output":["nation.n_name","sum(order_line.ol_amount)"],"Group Key":["nation.n_name"],"Shared Hit Blocks":229823,"Shared Read Blocks":0,"Shared Dirtied Blocks":0,"Shared Written Blocks":0,"Local Hit Blocks":0,"Local Read Blocks":0,"Local Dirtied Blocks":0,"Local Written Blocks":0,"Temp Read Blocks":31471,"Temp Written Blocks":31471,"I/O Read Time":0.0,"I/O Write Time":0.0,"Temp I/O Read Time":49.684,"Temp I/O Write Time":144.065,"Plans":[{"Node Type":"Sort","Parent Relationship":"Outer","Parallel Aware":false,"Async Capable":false,"Startup Cost":1198714.43,"Total Cost":1198738.82,"Plan Rows":9755,"Plan Width":12,"Actual Startup Time":5083.11,"Actual Total Time":5083.968,"Actual Rows":17493,"Actual Loops":1,"Output":["nation.n_name","order_line.ol_amount"],"Sort Key":["nation.n_name"],"Sort Method":"quicksort","Sort Space Used":1725,"Sort Space Type":"Memory","Shared Hit Blocks":229823,"Shared Read Blocks":0,"Shared Dirtied Blocks":0,"Shared Written Blocks":0,"Local Hit Blocks":0,"Local Read Blocks":0,"Local Dirtied Blocks":0,"Local Written Blocks":0,"Temp Read Blocks":31471,"Temp Written Blocks":31471,"I/O Read Time":0.0,"I/O Write Time":0.0,"Temp I/O Read Time":49.684,"Temp I/O Write Time":144.065,"Plans":[{"Node Type":"Hash Join","Parent Relationship":"Outer","Parallel Aware":false,"Async Capable":false,"Join Type":"Inner","Startup Cost":439260.88,"Total Cost":1198068.07,"Plan Rows":9755,"Plan Width":12,"Actual Startup Time":1965.11,"Actual Total Time":5074.554,"Actual Rows":17493,"Actual Loops":1,"Output":["nation.n_name","order_line.ol_amount"],"Hash Cond":"((orders.o_c_id = customer.c_id) AND (orders.o_w_id = customer.c_w_id) AND (orders.o_d_id = customer.c_d_id) AND (supplier.su_nationkey = customer.c_nationkey))","Shared Hit Blocks":229823,"Shared Read Blocks":0,"Shared Dirtied Blocks":0,"Shared Written Blocks":0,"Local Hit Blocks":0,"Local Read Blocks":0,"Local Dirtied Blocks":0,"Local Written Blocks":0,"Temp Read Blocks":31471,"Temp Written Blocks":31471,"I/O Read Time":0.0,"I/O Write Time":0.0,"Temp I/O Read Time":49.684,"Temp I/O Write Time":144.065,"Plans":[{"Node Type":"Hash Join","Parent Relationship":"Outer","Parallel Aware":false,"Async Capable":false,"Join Type":"Inner","Startup Cost":105016.74,"Total Cost":833427.02,"Plan Rows":602754,"Plan Width":34,"Actual Startup Time":778.8,"Actual Total Time":3115.262,"Actual Rows":1489124,"Actual Loops":1,"Output":["orders.o_c_id","orders.o_w_id","orders.o_d_id","order_line.ol_amount","order_line.ol_w_id","order_line.ol_d_id","stock.s_w_id","supplier.su_nationkey","nation.n_name","nation.n_nationkey"],"Hash Cond":"((order_line.ol_w_id = orders.o_w_id) AND (order_line.ol_d_id = orders.o_d_id) AND (order_line.ol_o_id = orders.o_id))","Shared Hit Blocks":219,"Shared Read Blocks":0,"Shared Dirtied Blocks":0,"Shared Written Blocks":0,"Local Hit Blocks":0,"Local Read Blocks":0,"Local Dirtied Blocks":0,"Local Written Blocks":0,"Temp Read Blocks":9894,"Temp Written Blocks":9894,"I/O Read Time":0.0,"I/O Write Time":0.0,"Temp I/O Read Time":16.01,"Temp I/O Write Time":43.658,"Plans":[{"Node Type":"Hash Join","Parent Relationship":"Outer","Parallel Aware":false,"Async Capable":false,"Join Type":"Inner","Startup Cost":29725.01,"Total Cost":656340.76,"Plan Rows":4242986,"Plan Width":34,"Actual Startup Time":567.047,"Actual Total Time":2183.006,"Actual Rows":1498118,"Actual Loops":1,"Output":["order_line.ol_amount","order_line.ol_o_id","order_line.ol_w_id","order_line.ol_d_id","stock.s_w_id","supplier.su_nationkey","nation.n_name","nation.n_nationkey"],"Hash Cond":"(mod((stock.s_w_id * stock.s_i_id), 10000) = supplier.su_suppkey)","Shared Hit Blocks":219,"Shared Read Blocks":0,"Shared Dirtied Blocks":0,"Shared Written Blocks":0,"Local Hit Blocks":0,"Local Read Blocks":0,"Local Dirtied Blocks":0,"Local Written Blocks":0,"Temp Read Blocks":0,"Temp Written Blocks":0,"I/O Read Time":0.0,"I/O Write Time":0.0,"Temp I/O Read Time":0.0,"Temp I/O Write Time":0.0,"Plans":[{"Node Type":"Hash Join","Parent Relationship":"Outer","Parallel Aware":false,"Async Capable":false,"Join Type":"Inner","Startup Cost":29323.02,"Total Cost":480915.59,"Plan Rows":21214932,"Plan Width":22,"Actual Startup Time":564.198,"Actual Total Time":1503.374,"Actual Rows":4311079,"Actual Loops":1,"Output":["order_line.ol_amount","order_line.ol_o_id","order_line.ol_w_id","order_line.ol_d_id","stock.s_w_id","stock.s_i_id"],"Hash Cond":"((order_line.ol_w_id = stock.s_w_id) AND (order_line.ol_i_id = stock.s_i_id))","Rows Removed by Bloom Filter":0,"Shared Hit Blocks":0,"Shared Read Blocks":0,"Shared Dirtied Blocks":0,"Shared Written Blocks":0,"Local Hit Blocks":0,"Local Read Blocks":0,"Local Dirtied Blocks":0,"Local Written Blocks":0,"Temp Read Blocks":0,"Temp Written Blocks":0,"I/O Read Time":0.0,"I/O Write Time":0.0,"Temp I/O Read Time":0.0,"Temp I/O Write Time":0.0,"Plans":[{"Node Type":"Append","Parent Relationship":"Outer","Parallel Aware":false,"Async Capable":false,"Startup Cost":20.0,"Total Cost":533646.5,"Plan Rows":20926367,"Plan Width":20,"Actual Startup Time":122.556,"Actual Total Time":122.563,"Actual Rows":4311079,"Actual Loops":1,"Shared Hit Blocks":0,"Shared Read Blocks":0,"Shared Dirtied Blocks":0,"Shared Written Blocks":0,"Local Hit Blocks":0,"Local Read Blocks":0,"Local Dirtied Blocks":0,"Local Written Blocks":0,"Temp Read Blocks":0,"Temp Written Blocks":0,"I/O Read Time":0.0,"I/O Write Time":0.0,"Temp I/O Read Time":0.0,"Temp I/O Write Time":0.0,"Subplans Removed":0,"Plans":[{"Node Type":"Custom Scan","Parent Relationship":"Member","Custom Plan Provider":"columnar scan","Parallel Aware":false,"Async Capable":false,"Relation Name":"order_line","Schema":"public","Alias":"order_line","Startup Cost":20.0,"Total Cost":533641.75,"Plan Rows":20926325,"Plan Width":20,"Actual Startup Time":122.554,"Actual Total Time":122.557,"Actual Rows":4311079,"Actual Loops":1,"Output":["order_line.ol_amount","order_line.ol_o_id","order_line.ol_w_id","order_line.ol_d_id","order_line.ol_i_id"],"Filter":"(order_line.ol_delivery_d >= '1992-01-02 20:10:02.27764'::timestamp without time zone)","Rows Removed by Filter":0,"Rows Removed by Columnar Filter":25686653,"Rows Filtered by Bloom Filter":0,"Dictionary Rows Filtered by Bloom Filter":25686653,"Columnar cache search mode":"native","Shared Hit Blocks":0,"Shared Read Blocks":0,"Shared Dirtied Blocks":0,"Shared Written Blocks":0,"Local Hit Blocks":0,"Local Read Blocks":0,"Local Dirtied Blocks":0,"Local Written Blocks":0,"Temp Read Blocks":0,"Temp Written Blocks":0,"I/O Read Time":0.0,"I/O Write Time":0.0,"Temp I/O Read Time":0.0,"Temp I/O Write Time":0.0},{"Node Type":"Seq Scan","Parent Relationship":"Member","Parallel Aware":false,"Async Capable":false,"Relation Name":"order_line","Schema":"public","Alias":"order_line","Startup Cost":0.0,"Total Cost":4.75,"Plan Rows":42,"Plan Width":20,"Actual Startup Time":0.0,"Actual Total Time":0.0,"Actual Rows":0,"Actual Loops":0,"Output":["order_line.ol_amount","order_line.ol_o_id","order_line.ol_w_id","order_line.ol_d_id","order_line.ol_i_id"],"Filter":"(order_line.ol_delivery_d >= '1992-01-02 20:10:02.27764'::timestamp without time zone)","Rows Removed by Filter":0,"Shared Hit Blocks":0,"Shared Read Blocks":0,"Shared Dirtied Blocks":0,"Shared Written Blocks":0,"Local Hit Blocks":0,"Local Read Blocks":0,"Local Dirtied Blocks":0,"Local Written Blocks":0,"Temp Read Blocks":0,"Temp Written Blocks":0,"I/O Read Time":0.0,"I/O Write Time":0.0,"Temp I/O Read Time":0.0,"Temp I/O Write Time":0.0}]},{"Node Type":"Hash","Parent Relationship":"Inner","Parallel Aware":false,"Async Capable":false,"Startup Cost":195025.67,"Total Cost":195025.67,"Plan Rows":10000162,"Plan Width":6,"Actual Rows":10000000,"Actual Loops":1,"Output":["stock.s_w_id","stock.s_i_id"],"Shared Hit Blocks":0,"Shared Read Blocks":0,"Shared Dirtied Blocks":0,"Shared Written Blocks":0,"Local Hit Blocks":0,"Local Read Blocks":0,"Local Dirtied Blocks":0,"Local Written Blocks":0,"Temp Read Blocks":0,"Temp Written Blocks":0,"I/O Read Time":0.0,"I/O Write Time":0.0,"Temp I/O Read Time":0.0,"Temp I/O Write Time":0.0,"Plans":[{"Node Type":"Append","Parent Relationship":"Outer","Parallel Aware":false,"Async Capable":false,"Startup Cost":20.0,"Total Cost":195025.67,"Plan Rows":10000162,"Plan Width":6,"Actual Startup Time":0.215,"Actual Total Time":0.216,"Actual Rows":10000000,"Actual Loops":1,"Shared Hit Blocks":0,"Shared Read Blocks":0,"Shared Dirtied Blocks":0,"Shared Written Blocks":0,"Local Hit Blocks":0,"Local Read Blocks":0,"Local Dirtied Blocks":0,"Local Written Blocks":0,"Temp Read Blocks":0,"Temp Written Blocks":0,"I/O Read Time":0.0,"I/O Write Time":0.0,"Temp I/O Read Time":0.0,"Temp I/O Write Time":0.0,"Subplans Removed":0,"Plans":[{"Node Type":"Custom Scan","Parent Relationship":"Member","Custom Plan Provider":"columnar scan","Parallel Aware":false,"Async Capable":false,"Relation Name":"stock","Schema":"public","Alias":"stock","Startup Cost":20.0,"Total Cost":195020.05,"Plan Rows":10000000,"Plan Width":6,"Actual Startup Time":0.214,"Actual Total Time":0.214,"Actual Rows":10000000,"Actual Loops":1,"Output":["stock.s_w_id","stock.s_i_id"],"Rows Removed by Columnar Filter":0,"Columnar cache search mode":"native","Shared Hit Blocks":0,"Shared Read Blocks":0,"Shared Dirtied Blocks":0,"Shared Written Blocks":0,"Local Hit Blocks":0,"Local Read Blocks":0,"Local Dirtied Blocks":0,"Local Written Blocks":0,"Temp Read Blocks":0,"Temp Written Blocks":0,"I/O Read Time":0.0,"I/O Write Time":0.0,"Temp I/O Read Time":0.0,"Temp I/O Write Time":0.0},{"Node Type":"Seq Scan","Parent Relationship":"Member","Parallel Aware":false,"Async Capable":false,"Relation Name":"stock","Schema":"public","Alias":"stock","Startup Cost":0.0,"Total Cost":5.62,"Plan Rows":162,"Plan Width":6,"Actual Startup Time":0.0,"Actual Total Time":0.0,"Actual Rows":0,"Actual Loops":0,"Output":["stock.s_w_id","stock.s_i_id"],"Shared Hit Blocks":0,"Shared Read Blocks":0,"Shared Dirtied Blocks":0,"Shared Written Blocks":0,"Local Hit Blocks":0,"Local Read Blocks":0,"Local Dirtied Blocks":0,"Local Written Blocks":0,"Temp Read Blocks":0,"Temp Written Blocks":0,"I/O Read Time":0.0,"I/O Write Time":0.0,"Temp I/O Read Time":0.0,"Temp I/O Write Time":0.0}]}]}]},{"Node Type":"Hash","Parent Relationship":"Inner","Parallel Aware":false,"Async Capable":false,"Startup Cost":376.99,"Total Cost":376.99,"Plan Rows":2000,"Plan Width":20,"Actual Startup Time":2.82,"Actual Total Time":2.83,"Actual Rows":3506,"Actual Loops":1,"Output":["supplier.su_suppkey","supplier.su_nationkey","nation.n_name","nation.n_nationkey"],"Hash Buckets":4096,"Original Hash Buckets":2048,"Hash Batches":1,"Original Hash Batches":1,"Peak Memory Usage":217,"Shared Hit Blocks":219,"Shared Read Blocks":0,"Shared Dirtied Blocks":0,"Shared Written Blocks":0,"Local Hit Blocks":0,"Local Read Blocks":0,"Local Dirtied Blocks":0,"Local Written Blocks":0,"Temp Read Blocks":0,"Temp Written Blocks":0,"I/O Read Time":0.0,"I/O Write Time":0.0,"Temp I/O Read Time":0.0,"Temp I/O Write Time":0.0,"Plans":[{"Node Type":"Hash Join","Parent Relationship":"Outer","Parallel Aware":false,"Async Capable":false,"Join Type":"Inner","Startup Cost":3.14,"Total Cost":376.99,"Plan Rows":2000,"Plan Width":20,"Actual Startup Time":0.065,"Actual Total Time":2.257,"Actual Rows":3506,"Actual Loops":1,"Output":["supplier.su_suppkey","supplier.su_nationkey","nation.n_name","nation.n_nationkey"],"Hash Cond":"(supplier.su_nationkey = nation.n_nationkey)","Shared Hit Blocks":219,"Shared Read Blocks":0,"Shared Dirtied Blocks":0,"Shared Written Blocks":0,"Local Hit Blocks":0,"Local Read Blocks":0,"Local Dirtied Blocks":0,"Local Written Blocks":0,"Temp Read Blocks":0,"Temp Written Blocks":0,"I/O Read Time":0.0,"I/O Write Time":0.0,"Temp I/O Read Time":0.0,"Temp I/O Write Time":0.0,"Plans":[{"Node Type":"Seq Scan","Parent Relationship":"Outer","Parallel Aware":false,"Async Capable":false,"Relation Name":"supplier","Schema":"public","Alias":"supplier","Startup Cost":0.0,"Total Cost":317.0,"Plan Rows":10000,"Plan Width":8,"Actual Startup Time":0.014,"Actual Total Time":0.823,"Actual Rows":10000,"Actual Loops":1,"Output":["supplier.su_suppkey","supplier.su_name","supplier.su_address","supplier.su_nationkey","supplier.su_phone","supplier.su_acctbal","supplier.su_comment"],"Shared Hit Blocks":217,"Shared Read Blocks":0,"Shared Dirtied Blocks":0,"Shared Written Blocks":0,"Local Hit Blocks":0,"Local Read Blocks":0,"Local Dirtied Blocks":0,"Local Written Blocks":0,"Temp Read Blocks":0,"Temp Written Blocks":0,"I/O Read Time":0.0,"I/O Write Time":0.0,"Temp I/O Read Time":0.0,"Temp I/O Write Time":0.0},{"Node Type":"Hash","Parent Relationship":"Inner","Parallel Aware":false,"Async Capable":false,"Startup Cost":2.99,"Total Cost":2.99,"Plan Rows":12,"Plan Width":12,"Actual Startup Time":0.042,"Actual Total Time":0.049,"Actual Rows":22,"Actual Loops":1,"Output":["nation.n_name","nation.n_nationkey"],"Hash Buckets":1024,"Original Hash Buckets":1024,"Hash Batches":1,"Original Hash Batches":1,"Peak Memory Usage":9,"Shared Hit Blocks":2,"Shared Read Blocks":0,"Shared Dirtied Blocks":0,"Shared Written Blocks":0,"Local Hit Blocks":0,"Local Read Blocks":0,"Local Dirtied Blocks":0,"Local Written Blocks":0,"Temp Read Blocks":0,"Temp Written Blocks":0,"I/O Read Time":0.0,"I/O Write Time":0.0,"Temp I/O Read Time":0.0,"Temp I/O Write Time":0.0,"Plans":[{"Node Type":"Hash Join","Parent Relationship":"Outer","Parallel Aware":false,"Async Capable":false,"Join Type":"Inner","Startup Cost":1.07,"Total Cost":2.99,"Plan Rows":12,"Plan Width":12,"Actual Startup Time":0.025,"Actual Total Time":0.042,"Actual Rows":22,"Actual Loops":1,"Output":["nation.n_name","nation.n_nationkey"],"Hash Cond":"(nation.n_regionkey = region.r_regionkey)","Shared Hit Blocks":2,"Shared Read Blocks":0,"Shared Dirtied Blocks":0,"Shared Written Blocks":0,"Local Hit Blocks":0,"Local Read Blocks":0,"Local Dirtied Blocks":0,"Local Written Blocks":0,"Temp Read Blocks":0,"Temp Written Blocks":0,"I/O Read Time":0.0,"I/O Write Time":0.0,"Temp I/O Read Time":0.0,"Temp I/O Write Time":0.0,"Plans":[{"Node Type":"Seq Scan","Parent Relationship":"Outer","Parallel Aware":false,"Async Capable":false,"Relation Name":"nation","Schema":"public","Alias":"nation","Startup Cost":0.0,"Total Cost":1.62,"Plan Rows":62,"Plan Width":16,"Actual Startup Time":0.005,"Actual Total Time":0.009,"Actual Rows":62,"Actual Loops":1,"Output":["nation.n_nationkey","nation.n_name","nation.n_regionkey","nation.n_comment"],"Shared Hit Blocks":1,"Shared Read Blocks":0,"Shared Dirtied Blocks":0,"Shared Written Blocks":0,"Local Hit Blocks":0,"Local Read Blocks":0,"Local Dirtied Blocks":0,"Local Written Blocks":0,"Temp Read Blocks":0,"Temp Written Blocks":0,"I/O Read Time":0.0,"I/O Write Time":0.0,"Temp I/O Read Time":0.0,"Temp I/O Write Time":0.0},{"Node Type":"Hash","Parent Relationship":"Inner","Parallel Aware":false,"Async Capable":false,"Startup Cost":1.06,"Total Cost":1.06,"Plan Rows":1,"Plan Width":4,"Actual Startup Time":0.01,"Actual Total Time":0.013,"Actual Rows":1,"Actual Loops":1,"Output":["region.r_regionkey"],"Hash Buckets":1024,"Original Hash Buckets":1024,"Hash Batches":1,"Original Hash Batches":1,"Peak Memory Usage":9,"Shared Hit Blocks":1,"Shared Read Blocks":0,"Shared Dirtied Blocks":0,"Shared Written Blocks":0,"Local Hit Blocks":0,"Local Read Blocks":0,"Local Dirtied Blocks":0,"Local Written Blocks":0,"Temp Read Blocks":0,"Temp Written Blocks":0,"I/O Read Time":0.0,"I/O Write Time":0.0,"Temp I/O Read Time":0.0,"Temp I/O Write Time":0.0,"Plans":[{"Node Type":"Seq Scan","Parent Relationship":"Outer","Parallel Aware":false,"Async Capable":false,"Relation Name":"region","Schema":"public","Alias":"region","Startup Cost":0.0,"Total Cost":1.06,"Plan Rows":1,"Plan Width":4,"Actual Startup Time":0.008,"Actual Total Time":0.008,"Actual Rows":1,"Actual Loops":1,"Output":["region.r_regionkey"],"Filter":"((region.r_name)::text = 'Europe'::text)","Rows Removed by Filter":4,"Shared Hit Blocks":1,"Shared Read Blocks":0,"Shared Dirtied Blocks":0,"Shared Written Blocks":0,"Local Hit Blocks":0,"Local Read Blocks":0,"Local Dirtied Blocks":0,"Local Written Blocks":0,"Temp Read Blocks":0,"Temp Written Blocks":0,"I/O Read Time":0.0,"I/O Write Time":0.0,"Temp I/O Read Time":0.0,"Temp I/O Write Time":0.0}]}]}]}]}]}]},{"Node Type":"Hash","Parent Relationship":"Inner","Parallel Aware":false,"Async Capable":false,"Startup Cost":65744.12,"Total Cost":65744.12,"Plan Rows":426549,"Plan Width":16,"Actual Startup Time":210.12,"Actual Total Time":210.123,"Actual Rows":428399,"Actual Loops":1,"Output":["orders.o_c_id","orders.o_w_id","orders.o_d_id","orders.o_id"],"Hash Buckets":262144,"Original Hash Buckets":262144,"Hash Batches":4,"Original Hash Batches":4,"Peak Memory Usage":7080,"Shared Hit Blocks":0,"Shared Read Blocks":0,"Shared Dirtied Blocks":0,"Shared Written Blocks":0,"Local Hit Blocks":0,"Local Read Blocks":0,"Local Dirtied Blocks":0,"Local Written Blocks":0,"Temp Read Blocks":0,"Temp Written Blocks":1410,"I/O Read Time":0.0,"I/O Write Time":0.0,"Temp I/O Read Time":0.0,"Temp I/O Write Time":5.804,"Plans":[{"Node Type":"Append","Parent Relationship":"Outer","Parallel Aware":false,"Async Capable":false,"Startup Cost":20.0,"Total Cost":65744.12,"Plan Rows":426549,"Plan Width":16,"Actual Startup Time":0.489,"Actual Total Time":106.658,"Actual Rows":428399,"Actual Loops":1,"Shared Hit Blocks":0,"Shared Read Blocks":0,"Shared Dirtied Blocks":0,"Shared Written Blocks":0,"Local Hit Blocks":0,"Local Read Blocks":0,"Local Dirtied Blocks":0,"Local Written Blocks":0,"Temp Read Blocks":0,"Temp Written Blocks":0,"I/O Read Time":0.0,"I/O Write Time":0.0,"Temp I/O Read Time":0.0,"Temp I/O Write Time":0.0,"Subplans Removed":0,"Plans":[{"Node Type":"Custom Scan","Parent Relationship":"Member","Custom Plan Provider":"columnar scan","Parallel Aware":false,"Async Capable":false,"Relation Name":"orders","Schema":"public","Alias":"orders","Startup Cost":20.0,"Total Cost":10043.96,"Plan Rows":426548,"Plan Width":16,"Actual Startup Time":0.488,"Actual Total Time":74.406,"Actual Rows":428399,"Actual Loops":1,"Output":["orders.o_c_id","orders.o_w_id","orders.o_d_id","orders.o_id"],"Filter":"((orders.o_entry_d < '1994-01-02 20:10:02.27764'::timestamp without time zone) AND (orders.o_entry_d >= '1993-01-02 20:10:02.27764'::timestamp without time zone))","Rows Removed by Filter":0,"Rows Removed by Columnar Filter":2571601,"Columnar cache search mode":"native","Shared Hit Blocks":0,"Shared Read Blocks":0,"Shared Dirtied Blocks":0,"Shared Written Blocks":0,"Local Hit Blocks":0,"Local Read Blocks":0,"Local Dirtied Blocks":0,"Local Written Blocks":0,"Temp Read Blocks":0,"Temp Written Blocks":0,"I/O Read Time":0.0,"I/O Write Time":0.0,"Temp I/O Read Time":0.0,"Temp I/O Write Time":0.0},{"Node Type":"Seq Scan","Parent Relationship":"Member","Parallel Aware":false,"Async Capable":false,"Relation Name":"orders","Schema":"public","Alias":"orders","Startup Cost":0.0,"Total Cost":4.01,"Plan Rows":1,"Plan Width":16,"Actual Startup Time":0.0,"Actual Total Time":0.0,"Actual Rows":0,"Actual Loops":0,"Output":["orders.o_c_id","orders.o_w_id","orders.o_d_id","orders.o_id"],"Filter":"((orders.o_entry_d < '1994-01-02 20:10:02.27764'::timestamp without time zone) AND (orders.o_entry_d >= '1993-01-02 20:10:02.27764'::timestamp without time zone))","Rows Removed by Filter":0,"Shared Hit Blocks":0,"Shared Read Blocks":0,"Shared Dirtied Blocks":0,"Shared Written Blocks":0,"Local Hit Blocks":0,"Local Read Blocks":0,"Local Dirtied Blocks":0,"Local Written Blocks":0,"Temp Read Blocks":0,"Temp Written Blocks":0,"I/O Read Time":0.0,"I/O Write Time":0.0,"Temp I/O Read Time":0.0,"Temp I/O Write Time":0.0}]}]}]},{"Node Type":"Hash","Parent Relationship":"Inner","Parallel Aware":false,"Async Capable":false,"Startup Cost":259601.38,"Total Cost":259601.38,"Plan Rows":2999738,"Plan Width":12,"Actual Startup Time":1177.573,"Actual Total Time":1177.573,"Actual Rows":3000000,"Actual Loops":1,"Output":["customer.c_id","customer.c_w_id","customer.c_d_id","customer.c_nationkey"],"Hash Buckets":262144,"Original Hash Buckets":262144,"Hash Batches":32,"Original Hash Batches":32,"Peak Memory Usage":6058,"Shared Hit Blocks":229604,"Shared Read Blocks":0,"Shared Dirtied Blocks":0,"Shared Written Blocks":0,"Local Hit Blocks":0,"Local Read Blocks":0,"Local Dirtied Blocks":0,"Local Written Blocks":0,"Temp Read Blocks":0,"Temp Written Blocks":11339,"I/O Read Time":0.0,"I/O Write Time":0.0,"Temp I/O Read Time":0.0,"Temp I/O Write Time":54.537,"Plans":[{"Node Type":"Seq Scan","Parent Relationship":"Outer","Parallel Aware":false,"Async Capable":false,"Relation Name":"customer","Schema":"public","Alias":"customer","Startup Cost":0.0,"Total Cost":259601.38,"Plan Rows":2999738,"Plan Width":12,"Actual Startup Time":0.017,"Actual Total Time":656.612,"Actual Rows":3000000,"Actual Loops":1,"Output":["customer.c_id","customer.c_w_id","customer.c_d_id","customer.c_nationkey"],"Shared Hit Blocks":229604,"Shared Read Blocks":0,"Shared Dirtied Blocks":0,"Shared Written Blocks":0,"Local Hit Blocks":0,"Local Read Blocks":0,"Local Dirtied Blocks":0,"Local Written Blocks":0,"Temp Read Blocks":0,"Temp Written Blocks":0,"I/O Read Time":0.0,"I/O Write Time":0.0,"Temp I/O Read Time":0.0,"Temp I/O Write Time":0.0}]}]}]}]}]},"Planning":{"Shared Hit Blocks":16,"Shared Read Blocks":0,"Shared Dirtied Blocks":0,"Shared Written Blocks":0,"Local Hit Blocks":0,"Local Read Blocks":0,"Local Dirtied Blocks":0,"Local Written Blocks":0,"Temp Read Blocks":0,"Temp Written Blocks":0,"I/O Read Time":0.0,"I/O Write Time":0.0,"Temp I/O Read Time":0.0,"Temp I/O Write Time":0.0},"Planning Time":5.276,"Triggers":[],"Execution Time":5087.393}]
[列存组合]: order_line, orders, supplier
[{"Plan":{"Node Type":"Sort","Parallel Aware":false,"Async Capable":false,"Startup Cost":2001735.39,"Total Cost":2001735.55,"Plan Rows":62,"Plan Width":40,"Actual Startup Time":10213.377,"Actual Total Time":10213.415,"Actual Rows":11,"Actual Loops":1,"Output":["nation.n_name","(sum(order_line.ol_amount))"],"Sort Key":["(sum(order_line.ol_amount)) DESC"],"Sort Method":"quicksort","Sort Space Used":25,"Sort Space Type":"Memory","Shared Hit Blocks":256944,"Shared Read Blocks":0,"Shared Dirtied Blocks":0,"Shared Written Blocks":0,"Local Hit Blocks":0,"Local Read Blocks":0,"Local Dirtied Blocks":0,"Local Written Blocks":0,"Temp Read Blocks":62236,"Temp Written Blocks":62263,"I/O Read Time":0.0,"I/O Write Time":0.0,"Temp I/O Read Time":97.003,"Temp I/O Write Time":249.279,"Plans":[{"Node Type":"Aggregate","Strategy":"Sorted","Partial Mode":"Simple","Parent Relationship":"Outer","Parallel Aware":false,"Async Capable":false,"Startup Cost":2001659.61,"Total Cost":2001733.55,"Plan Rows":62,"Plan Width":40,"Actual Startup Time":10210.341,"Actual Total Time":10213.392,"Actual Rows":11,"Actual Loops":1,"Output":["nation.n_name","sum(order_line.ol_amount)"],"Group Key":["nation.n_name"],"Shared Hit Blocks":256944,"Shared Read Blocks":0,"Shared Dirtied Blocks":0,"Shared Written Blocks":0,"Local Hit Blocks":0,"Local Read Blocks":0,"Local Dirtied Blocks":0,"Local Written Blocks":0,"Temp Read Blocks":62236,"Temp Written Blocks":62263,"I/O Read Time":0.0,"I/O Write Time":0.0,"Temp I/O Read Time":97.003,"Temp I/O Write Time":249.279,"Plans":[{"Node Type":"Sort","Parent Relationship":"Outer","Parallel Aware":false,"Async Capable":false,"Startup Cost":2001659.61,"Total Cost":2001684.0,"Plan Rows":9755,"Plan Width":12,"Actual Startup Time":10210.115,"Actual Total Time":10210.959,"Actual Rows":17493,"Actual Loops":1,"Output":["nation.n_name","order_line.ol_amount"],"Sort Key":["nation.n_name"],"Sort Method":"quicksort","Sort Space Used":1725,"Sort Space Type":"Memory","Shared Hit Blocks":256944,"Shared Read Blocks":0,"Shared Dirtied Blocks":0,"Shared Written Blocks":0,"Local Hit Blocks":0,"Local Read Blocks":0,"Local Dirtied Blocks":0,"Local Written Blocks":0,"Temp Read Blocks":62236,"Temp Written Blocks":62263,"I/O Read Time":0.0,"I/O Write Time":0.0,"Temp I/O Read Time":97.003,"Temp I/O Write Time":249.279,"Plans":[{"Node Type":"Hash Join","Parent Relationship":"Outer","Parallel Aware":false,"Async Capable":false,"Join Type":"Inner","Startup Cost":1677516.34,"Total Cost":2001013.25,"Plan Rows":9755,"Plan Width":12,"Actual Startup Time":8352.542,"Actual Total Time":10200.814,"Actual Rows":17493,"Actual Loops":1,"Output":["nation.n_name","order_line.ol_amount"],"Inner Unique":true,"Hash Cond":"((mod((stock.s_w_id * stock.s_i_id), 10000) = supplier.su_suppkey) AND (customer.c_nationkey = supplier.su_nationkey))","Shared Hit Blocks":256944,"Shared Read Blocks":0,"Shared Dirtied Blocks":0,"Shared Written Blocks":0,"Local Hit Blocks":0,"Local Read Blocks":0,"Local Dirtied Blocks":0,"Local Written Blocks":0,"Temp Read Blocks":62236,"Temp Written Blocks":62263,"I/O Read Time":0.0,"I/O Write Time":0.0,"Temp I/O Read Time":97.003,"Temp I/O Write Time":249.279,"Plans":[{"Node Type":"Merge Join","Parent Relationship":"Outer","Parallel Aware":false,"Async Capable":false,"Join Type":"Inner","Startup Cost":1677147.31,"Total Cost":1997329.09,"Plan Rows":602749,"Plan Width":26,"Actual Startup Time":8348.912,"Actual Total Time":10058.337,"Actual Rows":1109507,"Actual Loops":1,"Output":["customer.c_nationkey","order_line.ol_amount","stock.s_w_id","stock.s_i_id","nation.n_name","nation.n_nationkey"],"Inner Unique":true,"Merge Cond":"((customer.c_w_id = stock.s_w_id) AND (order_line.ol_i_id = stock.s_i_id))","Shared Hit Blocks":256944,"Shared Read Blocks":0,"Shared Dirtied Blocks":0,"Shared Written Blocks":0,"Local Hit Blocks":0,"Local Read Blocks":0,"Local Dirtied Blocks":0,"Local Written Blocks":0,"Temp Read Blocks":62236,"Temp Written Blocks":62263,"I/O Read Time":0.0,"I/O Write Time":0.0,"Temp I/O Read Time":97.003,"Temp I/O Write Time":249.279,"Plans":[{"Node Type":"Sort","Parent Relationship":"Outer","Parallel Aware":false,"Async Capable":false,"Startup Cost":1677146.88,"Total Cost":1678634.56,"Plan Rows":595073,"Plan Width":30,"Actual Startup Time":8348.874,"Actual Total Time":8528.214,"Actual Rows":1109507,"Actual Loops":1,"Output":["customer.c_w_id","customer.c_nationkey","orders.o_w_id","order_line.ol_amount","order_line.ol_w_id","order_line.ol_i_id","nation.n_name","nation.n_nationkey"],"Sort Key":["customer.c_w_id","order_line.ol_i_id"],"Sort Method":"external merge","Sort Space Used":47304,"Sort Space Type":"Disk","Shared Hit Blocks":229606,"Shared Read Blocks":0,"Shared Dirtied Blocks":0,"Shared Written Blocks":0,"Local Hit Blocks":0,"Local Read Blocks":0,"Local Dirtied Blocks":0,"Local Written Blocks":0,"Temp Read Blocks":62236,"Temp Written Blocks":62263,"I/O Read Time":0.0,"I/O Write Time":0.0,"Temp I/O Read Time":97.003,"Temp I/O Write Time":249.279,"Plans":[{"Node Type":"Hash Join","Parent Relationship":"Outer","Parallel Aware":false,"Async Capable":false,"Join Type":"Inner","Startup Cost":402059.66,"Total Cost":1605833.32,"Plan Rows":595073,"Plan Width":30,"Actual Startup Time":1406.531,"Actual Total Time":6958.678,"Actual Rows":1109507,"Actual Loops":1,"Output":["customer.c_w_id","customer.c_nationkey","orders.o_w_id","order_line.ol_amount","order_line.ol_w_id","order_line.ol_i_id","nation.n_name","nation.n_nationkey"],"Inner Unique":false,"Hash Cond":"(customer.c_nationkey = nation.n_nationkey)","Shared Hit Blocks":229606,"Shared Read Blocks":0,"Shared Dirtied Blocks":0,"Shared Written Blocks":0,"Local Hit Blocks":0,"Local Read Blocks":0,"Local Dirtied Blocks":0,"Local Written Blocks":0,"Temp Read Blocks":50419,"Temp Written Blocks":50419,"I/O Read Time":0.0,"I/O Write Time":0.0,"Temp I/O Read Time":79.462,"Temp I/O Write Time":218.206,"Plans":[{"Node Type":"Hash Join","Parent Relationship":"Outer","Parallel Aware":false,"Async Capable":false,"Join Type":"Inner","Startup Cost":402056.52,"Total Cost":1588913.78,"Plan Rows":2975367,"Plan Width":18,"Actual Startup Time":1399.474,"Actual Total Time":6535.945,"Actual Rows":4284922,"Actual Loops":1,"Output":["customer.c_w_id","customer.c_nationkey","orders.o_w_id","order_line.ol_amount","order_line.ol_w_id","order_line.ol_i_id"],"Inner Unique":true,"Hash Cond":"((orders.o_c_id = customer.c_id) AND (orders.o_w_id = customer.c_w_id) AND (orders.o_d_id = customer.c_d_id))","Shared Hit Blocks":229604,"Shared Read Blocks":0,"Shared Dirtied Blocks":0,"Shared Written Blocks":0,"Local Hit Blocks":0,"Local Read Blocks":0,"Local Dirtied Blocks":0,"Local Written Blocks":0,"Temp Read Blocks":50419,"Temp Written Blocks":50419,"I/O Read Time":0.0,"I/O Write Time":0.0,"Temp I/O Read Time":79.462,"Temp I/O Write Time":218.206,"Plans":[{"Node Type":"Hash Join","Parent Relationship":"Outer","Parallel Aware":false,"Async Capable":false,"Join Type":"Inner","Startup Cost":75311.73,"Total Cost":1189221.96,"Plan Rows":2975367,"Plan Width":20,"Actual Startup Time":212.459,"Actual Total Time":3220.97,"Actual Rows":4284922,"Actual Loops":1,"Output":["orders.o_c_id","orders.o_w_id","orders.o_d_id","order_line.ol_amount","order_line.ol_w_id","order_line.ol_d_id","order_line.ol_i_id"],"Inner Unique":true,"Hash Cond":"((order_line.ol_w_id = orders.o_w_id) AND (order_line.ol_d_id = orders.o_d_id) AND (order_line.ol_o_id = orders.o_id))","Shared Hit Blocks":0,"Shared Read Blocks":0,"Shared Dirtied Blocks":0,"Shared Written Blocks":0,"Local Hit Blocks":0,"Local Read Blocks":0,"Local Dirtied Blocks":0,"Local Written Blocks":0,"Temp Read Blocks":18772,"Temp Written Blocks":18772,"I/O Read Time":0.0,"I/O Write Time":0.0,"Temp I/O Read Time":29.805,"Temp I/O Write Time":76.085,"Plans":[{"Node Type":"Append","Parent Relationship":"Outer","Parallel Aware":false,"Async Capable":false,"Startup Cost":20.0,"Total Cost":701820.0,"Plan Rows":20926367,"Plan Width":20,"Actual Startup Time":1.359,"Actual Total Time":1291.869,"Actual Rows":4311079,"Actual Loops":1,"Shared Hit Blocks":0,"Shared Read Blocks":0,"Shared Dirtied Blocks":0,"Shared Written Blocks":0,"Local Hit Blocks":0,"Local Read Blocks":0,"Local Dirtied Blocks":0,"Local Written Blocks":0,"Temp Read Blocks":0,"Temp Written Blocks":0,"I/O Read Time":0.0,"I/O Write Time":0.0,"Temp I/O Read Time":0.0,"Temp I/O Write Time":0.0,"Subplans Removed":0,"Plans":[{"Node Type":"Custom Scan","Parent Relationship":"Member","Custom Plan Provider":"columnar scan","Parallel Aware":false,"Async Capable":false,"Relation Name":"order_line","Schema":"public","Alias":"order_line","Startup Cost":20.0,"Total Cost":533641.75,"Plan Rows":20926325,"Plan Width":20,"Actual Startup Time":1.358,"Actual Total Time":985.425,"Actual Rows":4311079,"Actual Loops":1,"Output":["order_line.ol_amount","order_line.ol_o_id","order_line.ol_w_id","order_line.ol_d_id","order_line.ol_i_id"],"Filter":"(order_line.ol_delivery_d >= '1992-01-02 20:10:02.27764'::timestamp without time zone)","Rows Removed by Filter":0,"Rows Removed by Columnar Filter":25686653,"Rows Filtered by Bloom Filter":0,"Dictionary Rows Filtered by Bloom Filter":25686653,"Columnar cache search mode":"native","Shared Hit Blocks":0,"Shared Read Blocks":0,"Shared Dirtied Blocks":0,"Shared Written Blocks":0,"Local Hit Blocks":0,"Local Read Blocks":0,"Local Dirtied Blocks":0,"Local Written Blocks":0,"Temp Read Blocks":0,"Temp Written Blocks":0,"I/O Read Time":0.0,"I/O Write Time":0.0,"Temp I/O Read Time":0.0,"Temp I/O Write Time":0.0},{"Node Type":"Seq Scan","Parent Relationship":"Member","Parallel Aware":false,"Async Capable":false,"Relation Name":"order_line","Schema":"public","Alias":"order_line","Startup Cost":0.0,"Total Cost":4.75,"Plan Rows":42,"Plan Width":20,"Actual Startup Time":0.0,"Actual Total Time":0.0,"Actual Rows":0,"Actual Loops":0,"Output":["order_line.ol_amount","order_line.ol_o_id","order_line.ol_w_id","order_line.ol_d_id","order_line.ol_i_id"],"Filter":"(order_line.ol_delivery_d >= '1992-01-02 20:10:02.27764'::timestamp without time zone)","Rows Removed by Filter":0,"Shared Hit Blocks":0,"Shared Read Blocks":0,"Shared Dirtied Blocks":0,"Shared Written Blocks":0,"Local Hit Blocks":0,"Local Read Blocks":0,"Local Dirtied Blocks":0,"Local Written Blocks":0,"Temp Read Blocks":0,"Temp Written Blocks":0,"I/O Read Time":0.0,"I/O Write Time":0.0,"Temp I/O Read Time":0.0,"Temp I/O Write Time":0.0}]},{"Node Type":"Hash","Parent Relationship":"Inner","Parallel Aware":false,"Async Capable":false,"Startup Cost":65744.12,"Total Cost":65744.12,"Plan Rows":426549,"Plan Width":16,"Actual Startup Time":210.12,"Actual Total Time":210.127,"Actual Rows":428399,"Actual Loops":1,"Output":["orders.o_c_id","orders.o_w_id","orders.o_d_id","orders.o_id"],"Hash Buckets":262144,"Original Hash Buckets":262144,"Hash Batches":4,"Original Hash Batches":4,"Peak Memory Usage":7080,"Shared Hit Blocks":0,"Shared Read Blocks":0,"Shared Dirtied Blocks":0,"Shared Written Blocks":0,"Local Hit Blocks":0,"Local Read Blocks":0,"Local Dirtied Blocks":0,"Local Written Blocks":0,"Temp Read Blocks":0,"Temp Written Blocks":1410,"I/O Read Time":0.0,"I/O Write Time":0.0,"Temp I/O Read Time":0.0,"Temp I/O Write Time":5.619,"Plans":[{"Node Type":"Append","Parent Relationship":"Outer","Parallel Aware":false,"Async Capable":false,"Startup Cost":20.0,"Total Cost":65744.12,"Plan Rows":426549,"Plan Width":16,"Actual Startup Time":0.503,"Actual Total Time":106.772,"Actual Rows":428399,"Actual Loops":1,"Shared Hit Blocks":0,"Shared Read Blocks":0,"Shared Dirtied Blocks":0,"Shared Written Blocks":0,"Local Hit Blocks":0,"Local Read Blocks":0,"Local Dirtied Blocks":0,"Local Written Blocks":0,"Temp Read Blocks":0,"Temp Written Blocks":0,"I/O Read Time":0.0,"I/O Write Time":0.0,"Temp I/O Read Time":0.0,"Temp I/O Write Time":0.0,"Subplans Removed":0,"Plans":[{"Node Type":"Custom Scan","Parent Relationship":"Member","Custom Plan Provider":"columnar scan","Parallel Aware":false,"Async Capable":false,"Relation Name":"orders","Schema":"public","Alias":"orders","Startup Cost":20.0,"Total Cost":10043.96,"Plan Rows":426548,"Plan Width":16,"Actual Startup Time":0.502,"Actual Total Time":74.19,"Actual Rows":428399,"Actual Loops":1,"Output":["orders.o_c_id","orders.o_w_id","orders.o_d_id","orders.o_id"],"Filter":"((orders.o_entry_d < '1994-01-02 20:10:02.27764'::timestamp without time zone) AND (orders.o_entry_d >= '1993-01-02 20:10:02.27764'::timestamp without time zone))","Rows Removed by Filter":0,"Rows Removed by Columnar Filter":2571601,"Columnar cache search mode":"native","Shared Hit Blocks":0,"Shared Read Blocks":0,"Shared Dirtied Blocks":0,"Shared Written Blocks":0,"Local Hit Blocks":0,"Local Read Blocks":0,"Local Dirtied Blocks":0,"Local Written Blocks":0,"Temp Read Blocks":0,"Temp Written Blocks":0,"I/O Read Time":0.0,"I/O Write Time":0.0,"Temp I/O Read Time":0.0,"Temp I/O Write Time":0.0},{"Node Type":"Seq Scan","Parent Relationship":"Member","Parallel Aware":false,"Async Capable":false,"Relation Name":"orders","Schema":"public","Alias":"orders","Startup Cost":0.0,"Total Cost":4.01,"Plan Rows":1,"Plan Width":16,"Actual Startup Time":0.0,"Actual Total Time":0.0,"Actual Rows":0,"Actual Loops":0,"Output":["orders.o_c_id","orders.o_w_id","orders.o_d_id","orders.o_id"],"Filter":"((orders.o_entry_d < '1994-01-02 20:10:02.27764'::timestamp without time zone) AND (orders.o_entry_d >= '1993-01-02 20:10:02.27764'::timestamp without time zone))","Rows Removed by Filter":0,"Shared Hit Blocks":0,"Shared Read Blocks":0,"Shared Dirtied Blocks":0,"Shared Written Blocks":0,"Local Hit Blocks":0,"Local Read Blocks":0,"Local Dirtied Blocks":0,"Local Written Blocks":0,"Temp Read Blocks":0,"Temp Written Blocks":0,"I/O Read Time":0.0,"I/O Write Time":0.0,"Temp I/O Read Time":0.0,"Temp I/O Write Time":0.0}]}]}]},{"Node Type":"Hash","Parent Relationship":"Inner","Parallel Aware":false,"Async Capable":false,"Startup Cost":259601.38,"Total Cost":259601.38,"Plan Rows":2999738,"Plan Width":12,"Actual Startup Time":1185.211,"Actual Total Time":1185.214,"Actual Rows":3000000,"Actual Loops":1,"Output":["customer.c_id","customer.c_w_id","customer.c_d_id","customer.c_nationkey"],"Hash Buckets":262144,"Original Hash Buckets":262144,"Hash Batches":32,"Original Hash Batches":32,"Peak Memory Usage":6090,"Shared Hit Blocks":229604,"Shared Read Blocks":0,"Shared Dirtied Blocks":0,"Shared Written Blocks":0,"Local Hit Blocks":0,"Local Read Blocks":0,"Local Dirtied Blocks":0,"Local Written Blocks":0,"Temp Read Blocks":0,"Temp Written Blocks":11335,"I/O Read Time":0.0,"I/O Write Time":0.0,"Temp I/O Read Time":0.0,"Temp I/O Write Time":51.8,"Plans":[{"Node Type":"Seq Scan","Parent Relationship":"Outer","Parallel Aware":false,"Async Capable":false,"Relation Name":"customer","Schema":"public","Alias":"customer","Startup Cost":0.0,"Total Cost":259601.38,"Plan Rows":2999738,"Plan Width":12,"Actual Startup Time":0.009,"Actual Total Time":674.601,"Actual Rows":3000000,"Actual Loops":1,"Output":["customer.c_id","customer.c_w_id","customer.c_d_id","customer.c_nationkey"],"Shared Hit Blocks":229604,"Shared Read Blocks":0,"Shared Dirtied Blocks":0,"Shared Written Blocks":0,"Local Hit Blocks":0,"Local Read Blocks":0,"Local Dirtied Blocks":0,"Local Written Blocks":0,"Temp Read Blocks":0,"Temp Written Blocks":0,"I/O Read Time":0.0,"I/O Write Time":0.0,"Temp I/O Read Time":0.0,"Temp I/O Write Time":0.0}]}]},{"Node Type":"Hash","Parent Relationship":"Inner","Parallel Aware":false,"Async Capable":false,"Startup Cost":2.99,"Total Cost":2.99,"Plan Rows":12,"Plan Width":12,"Actual Startup Time":0.042,"Actual Total Time":0.047,"Actual Rows":22,"Actual Loops":1,"Output":["nation.n_name","nation.n_nationkey"],"Hash Buckets":1024,"Original Hash Buckets":1024,"Hash Batches":1,"Original Hash Batches":1,"Peak Memory Usage":9,"Shared Hit Blocks":2,"Shared Read Blocks":0,"Shared Dirtied Blocks":0,"Shared Written Blocks":0,"Local Hit Blocks":0,"Local Read Blocks":0,"Local Dirtied Blocks":0,"Local Written Blocks":0,"Temp Read Blocks":0,"Temp Written Blocks":0,"I/O Read Time":0.0,"I/O Write Time":0.0,"Temp I/O Read Time":0.0,"Temp I/O Write Time":0.0,"Plans":[{"Node Type":"Hash Join","Parent Relationship":"Outer","Parallel Aware":false,"Async Capable":false,"Join Type":"Inner","Startup Cost":1.07,"Total Cost":2.99,"Plan Rows":12,"Plan Width":12,"Actual Startup Time":0.025,"Actual Total Time":0.041,"Actual Rows":22,"Actual Loops":1,"Output":["nation.n_name","nation.n_nationkey"],"Inner Unique":true,"Hash Cond":"(nation.n_regionkey = region.r_regionkey)","Shared Hit Blocks":2,"Shared Read Blocks":0,"Shared Dirtied Blocks":0,"Shared Written Blocks":0,"Local Hit Blocks":0,"Local Read Blocks":0,"Local Dirtied Blocks":0,"Local Written Blocks":0,"Temp Read Blocks":0,"Temp Written Blocks":0,"I/O Read Time":0.0,"I/O Write Time":0.0,"Temp I/O Read Time":0.0,"Temp I/O Write Time":0.0,"Plans":[{"Node Type":"Seq Scan","Parent Relationship":"Outer","Parallel Aware":false,"Async Capable":false,"Relation Name":"nation","Schema":"public","Alias":"nation","Startup Cost":0.0,"Total Cost":1.62,"Plan Rows":62,"Plan Width":16,"Actual Startup Time":0.007,"Actual Total Time":0.01,"Actual Rows":62,"Actual Loops":1,"Output":["nation.n_nationkey","nation.n_name","nation.n_regionkey","nation.n_comment"],"Shared Hit Blocks":1,"Shared Read Blocks":0,"Shared Dirtied Blocks":0,"Shared Written Blocks":0,"Local Hit Blocks":0,"Local Read Blocks":0,"Local Dirtied Blocks":0,"Local Written Blocks":0,"Temp Read Blocks":0,"Temp Written Blocks":0,"I/O Read Time":0.0,"I/O Write Time":0.0,"Temp I/O Read Time":0.0,"Temp I/O Write Time":0.0},{"Node Type":"Hash","Parent Relationship":"Inner","Parallel Aware":false,"Async Capable":false,"Startup Cost":1.06,"Total Cost":1.06,"Plan Rows":1,"Plan Width":4,"Actual Startup Time":0.008,"Actual Total Time":0.009,"Actual Rows":1,"Actual Loops":1,"Output":["region.r_regionkey"],"Hash Buckets":1024,"Original Hash Buckets":1024,"Hash Batches":1,"Original Hash Batches":1,"Peak Memory Usage":9,"Shared Hit Blocks":1,"Shared Read Blocks":0,"Shared Dirtied Blocks":0,"Shared Written Blocks":0,"Local Hit Blocks":0,"Local Read Blocks":0,"Local Dirtied Blocks":0,"Local Written Blocks":0,"Temp Read Blocks":0,"Temp Written Blocks":0,"I/O Read Time":0.0,"I/O Write Time":0.0,"Temp I/O Read Time":0.0,"Temp I/O Write Time":0.0,"Plans":[{"Node Type":"Seq Scan","Parent Relationship":"Outer","Parallel Aware":false,"Async Capable":false,"Relation Name":"region","Schema":"public","Alias":"region","Startup Cost":0.0,"Total Cost":1.06,"Plan Rows":1,"Plan Width":4,"Actual Startup Time":0.006,"Actual Total Time":0.006,"Actual Rows":1,"Actual Loops":1,"Output":["region.r_regionkey"],"Filter":"((region.r_name)::text = 'Europe'::text)","Rows Removed by Filter":4,"Shared Hit Blocks":1,"Shared Read Blocks":0,"Shared Dirtied Blocks":0,"Shared Written Blocks":0,"Local Hit Blocks":0,"Local Read Blocks":0,"Local Dirtied Blocks":0,"Local Written Blocks":0,"Temp Read Blocks":0,"Temp Written Blocks":0,"I/O Read Time":0.0,"I/O Write Time":0.0,"Temp I/O Read Time":0.0,"Temp I/O Write Time":0.0}]}]}]}]}]},{"Node Type":"Index Only Scan","Parent Relationship":"Inner","Parallel Aware":false,"Async Capable":false,"Scan Direction":"Forward","Index Name":"stock_pk","Relation Name":"stock","Schema":"public","Alias":"stock","Startup Cost":0.43,"Total Cost":259690.86,"Plan Rows":10000162,"Plan Width":6,"Actual Startup Time":0.031,"Actual Total Time":722.335,"Actual Rows":9999996,"Actual Loops":1,"Output":["stock.s_w_id","stock.s_i_id"],"Heap Fetches":0,"Shared Hit Blocks":27338,"Shared Read Blocks":0,"Shared Dirtied Blocks":0,"Shared Written Blocks":0,"Local Hit Blocks":0,"Local Read Blocks":0,"Local Dirtied Blocks":0,"Local Written Blocks":0,"Temp Read Blocks":0,"Temp Written Blocks":0,"I/O Read Time":0.0,"I/O Write Time":0.0,"Temp I/O Read Time":0.0,"Temp I/O Write Time":0.0}]},{"Node Type":"Hash","Parent Relationship":"Inner","Parallel Aware":false,"Async Capable":false,"Startup Cost":219.01,"Total Cost":219.01,"Plan Rows":10001,"Plan Width":8,"Actual Startup Time":3.29,"Actual Total Time":3.293,"Actual Rows":10000,"Actual Loops":1,"Output":["supplier.su_suppkey","supplier.su_nationkey"],"Hash Buckets":16384,"Original Hash Buckets":16384,"Hash Batches":1,"Original Hash Batches":1,"Peak Memory Usage":519,"Shared Hit Blocks":0,"Shared Read Blocks":0,"Shared Dirtied Blocks":0,"Shared Written Blocks":0,"Local Hit Blocks":0,"Local Read Blocks":0,"Local Dirtied Blocks":0,"Local Written Blocks":0,"Temp Read Blocks":0,"Temp Written Blocks":0,"I/O Read Time":0.0,"I/O Write Time":0.0,"Temp I/O Read Time":0.0,"Temp I/O Write Time":0.0,"Plans":[{"Node Type":"Append","Parent Relationship":"Outer","Parallel Aware":false,"Async Capable":false,"Startup Cost":20.0,"Total Cost":219.01,"Plan Rows":10001,"Plan Width":8,"Actual Startup Time":0.013,"Actual Total Time":1.974,"Actual Rows":10000,"Actual Loops":1,"Shared Hit Blocks":0,"Shared Read Blocks":0,"Shared Dirtied Blocks":0,"Shared Written Blocks":0,"Local Hit Blocks":0,"Local Read Blocks":0,"Local Dirtied Blocks":0,"Local Written Blocks":0,"Temp Read Blocks":0,"Temp Written Blocks":0,"I/O Read Time":0.0,"I/O Write Time":0.0,"Temp I/O Read Time":0.0,"Temp I/O Write Time":0.0,"Subplans Removed":0,"Plans":[{"Node Type":"Custom Scan","Parent Relationship":"Member","Custom Plan Provider":"columnar scan","Parallel Aware":false,"Async Capable":false,"Relation Name":"supplier","Schema":"public","Alias":"supplier","Startup Cost":20.0,"Total Cost":215.0,"Plan Rows":10000,"Plan Width":8,"Actual Startup Time":0.012,"Actual Total Time":1.075,"Actual Rows":10000,"Actual Loops":1,"Output":["supplier.su_suppkey","supplier.su_nationkey"],"Rows Removed by Columnar Filter":0,"Columnar cache search mode":"native","Shared Hit Blocks":0,"Shared Read Blocks":0,"Shared Dirtied Blocks":0,"Shared Written Blocks":0,"Local Hit Blocks":0,"Local Read Blocks":0,"Local Dirtied Blocks":0,"Local Written Blocks":0,"Temp Read Blocks":0,"Temp Written Blocks":0,"I/O Read Time":0.0,"I/O Write Time":0.0,"Temp I/O Read Time":0.0,"Temp I/O Write Time":0.0},{"Node Type":"Seq Scan","Parent Relationship":"Member","Parallel Aware":false,"Async Capable":false,"Relation Name":"supplier","Schema":"public","Alias":"supplier","Startup Cost":0.0,"Total Cost":4.01,"Plan Rows":1,"Plan Width":8,"Actual Startup Time":0.0,"Actual Total Time":0.0,"Actual Rows":0,"Actual Loops":0,"Output":["supplier.su_suppkey","supplier.su_nationkey"],"Shared Hit Blocks":0,"Shared Read Blocks":0,"Shared Dirtied Blocks":0,"Shared Written Blocks":0,"Local Hit Blocks":0,"Local Read Blocks":0,"Local Dirtied Blocks":0,"Local Written Blocks":0,"Temp Read Blocks":0,"Temp Written Blocks":0,"I/O Read Time":0.0,"I/O Write Time":0.0,"Temp I/O Read Time":0.0,"Temp I/O Write Time":0.0}]}]}]}]}]}]},"Planning":{"Shared Hit Blocks":16,"Shared Read Blocks":0,"Shared Dirtied Blocks":0,"Shared Written Blocks":0,"Local Hit Blocks":0,"Local Read Blocks":0,"Local Dirtied Blocks":0,"Local Written Blocks":0,"Temp Read Blocks":0,"Temp Written Blocks":0,"I/O Read Time":0.0,"I/O Write Time":0.0,"Temp I/O Read Time":0.0,"Temp I/O Write Time":0.0},"Planning Time":5.069,"Triggers":[],"Execution Time":10221.784}]
[列存组合]: order_line, region, stock
[{"Plan":{"Node Type":"Sort","Parallel Aware":false,"Async Capable":false,"Startup Cost":1200105.08,"Total Cost":1200105.24,"Plan Rows":62,"Plan Width":40,"Actual Startup Time":5166.44,"Actual Total Time":5166.465,"Actual Rows":11,"Actual Loops":1,"Output":["nation.n_name","(sum(order_line.ol_amount))"],"Sort Key":["(sum(order_line.ol_amount)) DESC"],"Sort Method":"quicksort","Sort Space Used":25,"Sort Space Type":"Memory","Shared Hit Blocks":251882,"Shared Read Blocks":0,"Shared Dirtied Blocks":0,"Shared Written Blocks":0,"Local Hit Blocks":0,"Local Read Blocks":0,"Local Dirtied Blocks":0,"Local Written Blocks":0,"Temp Read Blocks":31471,"Temp Written Blocks":31471,"I/O Read Time":0.0,"I/O Write Time":0.0,"Temp I/O Read Time":49.776,"Temp I/O Write Time":145.202,"Plans":[{"Node Type":"Aggregate","Strategy":"Sorted","Partial Mode":"Simple","Parent Relationship":"Outer","Parallel Aware":false,"Async Capable":false,"Startup Cost":1200029.3,"Total Cost":1200103.24,"Plan Rows":62,"Plan Width":40,"Actual Startup Time":5163.607,"Actual Total Time":5166.448,"Actual Rows":11,"Actual Loops":1,"Output":["nation.n_name","sum(order_line.ol_amount)"],"Group Key":["nation.n_name"],"Shared Hit Blocks":251882,"Shared Read Blocks":0,"Shared Dirtied Blocks":0,"Shared Written Blocks":0,"Local Hit Blocks":0,"Local Read Blocks":0,"Local Dirtied Blocks":0,"Local Written Blocks":0,"Temp Read Blocks":31471,"Temp Written Blocks":31471,"I/O Read Time":0.0,"I/O Write Time":0.0,"Temp I/O Read Time":49.776,"Temp I/O Write Time":145.202,"Plans":[{"Node Type":"Sort","Parent Relationship":"Outer","Parallel Aware":false,"Async Capable":false,"Startup Cost":1200029.3,"Total Cost":1200053.69,"Plan Rows":9755,"Plan Width":12,"Actual Startup Time":5163.388,"Actual Total Time":5164.171,"Actual Rows":17493,"Actual Loops":1,"Output":["nation.n_name","order_line.ol_amount"],"Sort Key":["nation.n_name"],"Sort Method":"quicksort","Sort Space Used":1725,"Sort Space Type":"Memory","Shared Hit Blocks":251882,"Shared Read Blocks":0,"Shared Dirtied Blocks":0,"Shared Written Blocks":0,"Local Hit Blocks":0,"Local Read Blocks":0,"Local Dirtied Blocks":0,"Local Written Blocks":0,"Temp Read Blocks":31471,"Temp Written Blocks":31471,"I/O Read Time":0.0,"I/O Write Time":0.0,"Temp I/O Read Time":49.776,"Temp I/O Write Time":145.202,"Plans":[{"Node Type":"Hash Join","Parent Relationship":"Outer","Parallel Aware":false,"Async Capable":false,"Join Type":"Inner","Startup Cost":440575.74,"Total Cost":1199382.94,"Plan Rows":9755,"Plan Width":12,"Actual Startup Time":2070.439,"Actual Total Time":5154.979,"Actual Rows":17493,"Actual Loops":1,"Output":["nation.n_name","order_line.ol_amount"],"Hash Cond":"((orders.o_c_id = customer.c_id) AND (orders.o_w_id = customer.c_w_id) AND (orders.o_d_id = customer.c_d_id) AND (supplier.su_nationkey = customer.c_nationkey))","Shared Hit Blocks":251882,"Shared Read Blocks":0,"Shared Dirtied Blocks":0,"Shared Written Blocks":0,"Local Hit Blocks":0,"Local Read Blocks":0,"Local Dirtied Blocks":0,"Local Written Blocks":0,"Temp Read Blocks":31471,"Temp Written Blocks":31471,"I/O Read Time":0.0,"I/O Write Time":0.0,"Temp I/O Read Time":49.776,"Temp I/O Write Time":145.202,"Plans":[{"Node Type":"Hash Join","Parent Relationship":"Outer","Parallel Aware":false,"Async Capable":false,"Join Type":"Inner","Startup Cost":106331.6,"Total Cost":834741.88,"Plan Rows":602754,"Plan Width":34,"Actual Startup Time":894.713,"Actual Total Time":3203.781,"Actual Rows":1489124,"Actual Loops":1,"Output":["orders.o_c_id","orders.o_w_id","orders.o_d_id","order_line.ol_amount","order_line.ol_w_id","order_line.ol_d_id","stock.s_w_id","supplier.su_nationkey","nation.n_name","nation.n_nationkey"],"Hash Cond":"((order_line.ol_w_id = orders.o_w_id) AND (order_line.ol_d_id = orders.o_d_id) AND (order_line.ol_o_id = orders.o_id))","Shared Hit Blocks":22278,"Shared Read Blocks":0,"Shared Dirtied Blocks":0,"Shared Written Blocks":0,"Local Hit Blocks":0,"Local Read Blocks":0,"Local Dirtied Blocks":0,"Local Written Blocks":0,"Temp Read Blocks":9894,"Temp Written Blocks":9894,"I/O Read Time":0.0,"I/O Write Time":0.0,"Temp I/O Read Time":16.04,"Temp I/O Write Time":44.55,"Plans":[{"Node Type":"Hash Join","Parent Relationship":"Outer","Parallel Aware":false,"Async Capable":false,"Join Type":"Inner","Startup Cost":29725.01,"Total Cost":656340.76,"Plan Rows":4242986,"Plan Width":34,"Actual Startup Time":566.622,"Actual Total Time":2154.958,"Actual Rows":1498118,"Actual Loops":1,"Output":["order_line.ol_amount","order_line.ol_o_id","order_line.ol_w_id","order_line.ol_d_id","stock.s_w_id","supplier.su_nationkey","nation.n_name","nation.n_nationkey"],"Hash Cond":"(mod((stock.s_w_id * stock.s_i_id), 10000) = supplier.su_suppkey)","Shared Hit Blocks":219,"Shared Read Blocks":0,"Shared Dirtied Blocks":0,"Shared Written Blocks":0,"Local Hit Blocks":0,"Local Read Blocks":0,"Local Dirtied Blocks":0,"Local Written Blocks":0,"Temp Read Blocks":0,"Temp Written Blocks":0,"I/O Read Time":0.0,"I/O Write Time":0.0,"Temp I/O Read Time":0.0,"Temp I/O Write Time":0.0,"Plans":[{"Node Type":"Hash Join","Parent Relationship":"Outer","Parallel Aware":false,"Async Capable":false,"Join Type":"Inner","Startup Cost":29323.02,"Total Cost":480915.59,"Plan Rows":21214932,"Plan Width":22,"Actual Startup Time":563.796,"Actual Total Time":1468.438,"Actual Rows":4311079,"Actual Loops":1,"Output":["order_line.ol_amount","order_line.ol_o_id","order_line.ol_w_id","order_line.ol_d_id","stock.s_w_id","stock.s_i_id"],"Hash Cond":"((order_line.ol_w_id = stock.s_w_id) AND (order_line.ol_i_id = stock.s_i_id))","Rows Removed by Bloom Filter":0,"Shared Hit Blocks":0,"Shared Read Blocks":0,"Shared Dirtied Blocks":0,"Shared Written Blocks":0,"Local Hit Blocks":0,"Local Read Blocks":0,"Local Dirtied Blocks":0,"Local Written Blocks":0,"Temp Read Blocks":0,"Temp Written Blocks":0,"I/O Read Time":0.0,"I/O Write Time":0.0,"Temp I/O Read Time":0.0,"Temp I/O Write Time":0.0,"Plans":[{"Node Type":"Append","Parent Relationship":"Outer","Parallel Aware":false,"Async Capable":false,"Startup Cost":20.0,"Total Cost":533646.5,"Plan Rows":20926367,"Plan Width":20,"Actual Startup Time":122.855,"Actual Total Time":122.863,"Actual Rows":4311079,"Actual Loops":1,"Shared Hit Blocks":0,"Shared Read Blocks":0,"Shared Dirtied Blocks":0,"Shared Written Blocks":0,"Local Hit Blocks":0,"Local Read Blocks":0,"Local Dirtied Blocks":0,"Local Written Blocks":0,"Temp Read Blocks":0,"Temp Written Blocks":0,"I/O Read Time":0.0,"I/O Write Time":0.0,"Temp I/O Read Time":0.0,"Temp I/O Write Time":0.0,"Subplans Removed":0,"Plans":[{"Node Type":"Custom Scan","Parent Relationship":"Member","Custom Plan Provider":"columnar scan","Parallel Aware":false,"Async Capable":false,"Relation Name":"order_line","Schema":"public","Alias":"order_line","Startup Cost":20.0,"Total Cost":533641.75,"Plan Rows":20926325,"Plan Width":20,"Actual Startup Time":122.854,"Actual Total Time":122.856,"Actual Rows":4311079,"Actual Loops":1,"Output":["order_line.ol_amount","order_line.ol_o_id","order_line.ol_w_id","order_line.ol_d_id","order_line.ol_i_id"],"Filter":"(order_line.ol_delivery_d >= '1992-01-02 20:10:02.27764'::timestamp without time zone)","Rows Removed by Filter":0,"Rows Removed by Columnar Filter":25686653,"Rows Filtered by Bloom Filter":0,"Dictionary Rows Filtered by Bloom Filter":25686653,"Columnar cache search mode":"native","Shared Hit Blocks":0,"Shared Read Blocks":0,"Shared Dirtied Blocks":0,"Shared Written Blocks":0,"Local Hit Blocks":0,"Local Read Blocks":0,"Local Dirtied Blocks":0,"Local Written Blocks":0,"Temp Read Blocks":0,"Temp Written Blocks":0,"I/O Read Time":0.0,"I/O Write Time":0.0,"Temp I/O Read Time":0.0,"Temp I/O Write Time":0.0},{"Node Type":"Seq Scan","Parent Relationship":"Member","Parallel Aware":false,"Async Capable":false,"Relation Name":"order_line","Schema":"public","Alias":"order_line","Startup Cost":0.0,"Total Cost":4.75,"Plan Rows":42,"Plan Width":20,"Actual Startup Time":0.0,"Actual Total Time":0.0,"Actual Rows":0,"Actual Loops":0,"Output":["order_line.ol_amount","order_line.ol_o_id","order_line.ol_w_id","order_line.ol_d_id","order_line.ol_i_id"],"Filter":"(order_line.ol_delivery_d >= '1992-01-02 20:10:02.27764'::timestamp without time zone)","Rows Removed by Filter":0,"Shared Hit Blocks":0,"Shared Read Blocks":0,"Shared Dirtied Blocks":0,"Shared Written Blocks":0,"Local Hit Blocks":0,"Local Read Blocks":0,"Local Dirtied Blocks":0,"Local Written Blocks":0,"Temp Read Blocks":0,"Temp Written Blocks":0,"I/O Read Time":0.0,"I/O Write Time":0.0,"Temp I/O Read Time":0.0,"Temp I/O Write Time":0.0}]},{"Node Type":"Hash","Parent Relationship":"Inner","Parallel Aware":false,"Async Capable":false,"Startup Cost":195025.67,"Total Cost":195025.67,"Plan Rows":10000162,"Plan Width":6,"Actual Rows":10000000,"Actual Loops":1,"Output":["stock.s_w_id","stock.s_i_id"],"Shared Hit Blocks":0,"Shared Read Blocks":0,"Shared Dirtied Blocks":0,"Shared Written Blocks":0,"Local Hit Blocks":0,"Local Read Blocks":0,"Local Dirtied Blocks":0,"Local Written Blocks":0,"Temp Read Blocks":0,"Temp Written Blocks":0,"I/O Read Time":0.0,"I/O Write Time":0.0,"Temp I/O Read Time":0.0,"Temp I/O Write Time":0.0,"Plans":[{"Node Type":"Append","Parent Relationship":"Outer","Parallel Aware":false,"Async Capable":false,"Startup Cost":20.0,"Total Cost":195025.67,"Plan Rows":10000162,"Plan Width":6,"Actual Startup Time":0.242,"Actual Total Time":0.243,"Actual Rows":10000000,"Actual Loops":1,"Shared Hit Blocks":0,"Shared Read Blocks":0,"Shared Dirtied Blocks":0,"Shared Written Blocks":0,"Local Hit Blocks":0,"Local Read Blocks":0,"Local Dirtied Blocks":0,"Local Written Blocks":0,"Temp Read Blocks":0,"Temp Written Blocks":0,"I/O Read Time":0.0,"I/O Write Time":0.0,"Temp I/O Read Time":0.0,"Temp I/O Write Time":0.0,"Subplans Removed":0,"Plans":[{"Node Type":"Custom Scan","Parent Relationship":"Member","Custom Plan Provider":"columnar scan","Parallel Aware":false,"Async Capable":false,"Relation Name":"stock","Schema":"public","Alias":"stock","Startup Cost":20.0,"Total Cost":195020.05,"Plan Rows":10000000,"Plan Width":6,"Actual Startup Time":0.241,"Actual Total Time":0.241,"Actual Rows":10000000,"Actual Loops":1,"Output":["stock.s_w_id","stock.s_i_id"],"Rows Removed by Columnar Filter":0,"Columnar cache search mode":"native","Shared Hit Blocks":0,"Shared Read Blocks":0,"Shared Dirtied Blocks":0,"Shared Written Blocks":0,"Local Hit Blocks":0,"Local Read Blocks":0,"Local Dirtied Blocks":0,"Local Written Blocks":0,"Temp Read Blocks":0,"Temp Written Blocks":0,"I/O Read Time":0.0,"I/O Write Time":0.0,"Temp I/O Read Time":0.0,"Temp I/O Write Time":0.0},{"Node Type":"Seq Scan","Parent Relationship":"Member","Parallel Aware":false,"Async Capable":false,"Relation Name":"stock","Schema":"public","Alias":"stock","Startup Cost":0.0,"Total Cost":5.62,"Plan Rows":162,"Plan Width":6,"Actual Startup Time":0.0,"Actual Total Time":0.0,"Actual Rows":0,"Actual Loops":0,"Output":["stock.s_w_id","stock.s_i_id"],"Shared Hit Blocks":0,"Shared Read Blocks":0,"Shared Dirtied Blocks":0,"Shared Written Blocks":0,"Local Hit Blocks":0,"Local Read Blocks":0,"Local Dirtied Blocks":0,"Local Written Blocks":0,"Temp Read Blocks":0,"Temp Written Blocks":0,"I/O Read Time":0.0,"I/O Write Time":0.0,"Temp I/O Read Time":0.0,"Temp I/O Write Time":0.0}]}]}]},{"Node Type":"Hash","Parent Relationship":"Inner","Parallel Aware":false,"Async Capable":false,"Startup Cost":376.99,"Total Cost":376.99,"Plan Rows":2000,"Plan Width":20,"Actual Startup Time":2.792,"Actual Total Time":2.8,"Actual Rows":3506,"Actual Loops":1,"Output":["supplier.su_suppkey","supplier.su_nationkey","nation.n_name","nation.n_nationkey"],"Hash Buckets":4096,"Original Hash Buckets":2048,"Hash Batches":1,"Original Hash Batches":1,"Peak Memory Usage":217,"Shared Hit Blocks":219,"Shared Read Blocks":0,"Shared Dirtied Blocks":0,"Shared Written Blocks":0,"Local Hit Blocks":0,"Local Read Blocks":0,"Local Dirtied Blocks":0,"Local Written Blocks":0,"Temp Read Blocks":0,"Temp Written Blocks":0,"I/O Read Time":0.0,"I/O Write Time":0.0,"Temp I/O Read Time":0.0,"Temp I/O Write Time":0.0,"Plans":[{"Node Type":"Hash Join","Parent Relationship":"Outer","Parallel Aware":false,"Async Capable":false,"Join Type":"Inner","Startup Cost":3.14,"Total Cost":376.99,"Plan Rows":2000,"Plan Width":20,"Actual Startup Time":0.069,"Actual Total Time":2.22,"Actual Rows":3506,"Actual Loops":1,"Output":["supplier.su_suppkey","supplier.su_nationkey","nation.n_name","nation.n_nationkey"],"Hash Cond":"(supplier.su_nationkey = nation.n_nationkey)","Shared Hit Blocks":219,"Shared Read Blocks":0,"Shared Dirtied Blocks":0,"Shared Written Blocks":0,"Local Hit Blocks":0,"Local Read Blocks":0,"Local Dirtied Blocks":0,"Local Written Blocks":0,"Temp Read Blocks":0,"Temp Written Blocks":0,"I/O Read Time":0.0,"I/O Write Time":0.0,"Temp I/O Read Time":0.0,"Temp I/O Write Time":0.0,"Plans":[{"Node Type":"Seq Scan","Parent Relationship":"Outer","Parallel Aware":false,"Async Capable":false,"Relation Name":"supplier","Schema":"public","Alias":"supplier","Startup Cost":0.0,"Total Cost":317.0,"Plan Rows":10000,"Plan Width":8,"Actual Startup Time":0.011,"Actual Total Time":0.784,"Actual Rows":10000,"Actual Loops":1,"Output":["supplier.su_suppkey","supplier.su_name","supplier.su_address","supplier.su_nationkey","supplier.su_phone","supplier.su_acctbal","supplier.su_comment"],"Shared Hit Blocks":217,"Shared Read Blocks":0,"Shared Dirtied Blocks":0,"Shared Written Blocks":0,"Local Hit Blocks":0,"Local Read Blocks":0,"Local Dirtied Blocks":0,"Local Written Blocks":0,"Temp Read Blocks":0,"Temp Written Blocks":0,"I/O Read Time":0.0,"I/O Write Time":0.0,"Temp I/O Read Time":0.0,"Temp I/O Write Time":0.0},{"Node Type":"Hash","Parent Relationship":"Inner","Parallel Aware":false,"Async Capable":false,"Startup Cost":2.99,"Total Cost":2.99,"Plan Rows":12,"Plan Width":12,"Actual Startup Time":0.045,"Actual Total Time":0.05,"Actual Rows":22,"Actual Loops":1,"Output":["nation.n_name","nation.n_nationkey"],"Hash Buckets":1024,"Original Hash Buckets":1024,"Hash Batches":1,"Original Hash Batches":1,"Peak Memory Usage":9,"Shared Hit Blocks":2,"Shared Read Blocks":0,"Shared Dirtied Blocks":0,"Shared Written Blocks":0,"Local Hit Blocks":0,"Local Read Blocks":0,"Local Dirtied Blocks":0,"Local Written Blocks":0,"Temp Read Blocks":0,"Temp Written Blocks":0,"I/O Read Time":0.0,"I/O Write Time":0.0,"Temp I/O Read Time":0.0,"Temp I/O Write Time":0.0,"Plans":[{"Node Type":"Hash Join","Parent Relationship":"Outer","Parallel Aware":false,"Async Capable":false,"Join Type":"Inner","Startup Cost":1.07,"Total Cost":2.99,"Plan Rows":12,"Plan Width":12,"Actual Startup Time":0.027,"Actual Total Time":0.043,"Actual Rows":22,"Actual Loops":1,"Output":["nation.n_name","nation.n_nationkey"],"Hash Cond":"(nation.n_regionkey = region.r_regionkey)","Shared Hit Blocks":2,"Shared Read Blocks":0,"Shared Dirtied Blocks":0,"Shared Written Blocks":0,"Local Hit Blocks":0,"Local Read Blocks":0,"Local Dirtied Blocks":0,"Local Written Blocks":0,"Temp Read Blocks":0,"Temp Written Blocks":0,"I/O Read Time":0.0,"I/O Write Time":0.0,"Temp I/O Read Time":0.0,"Temp I/O Write Time":0.0,"Plans":[{"Node Type":"Seq Scan","Parent Relationship":"Outer","Parallel Aware":false,"Async Capable":false,"Relation Name":"nation","Schema":"public","Alias":"nation","Startup Cost":0.0,"Total Cost":1.62,"Plan Rows":62,"Plan Width":16,"Actual Startup Time":0.004,"Actual Total Time":0.009,"Actual Rows":62,"Actual Loops":1,"Output":["nation.n_nationkey","nation.n_name","nation.n_regionkey","nation.n_comment"],"Shared Hit Blocks":1,"Shared Read Blocks":0,"Shared Dirtied Blocks":0,"Shared Written Blocks":0,"Local Hit Blocks":0,"Local Read Blocks":0,"Local Dirtied Blocks":0,"Local Written Blocks":0,"Temp Read Blocks":0,"Temp Written Blocks":0,"I/O Read Time":0.0,"I/O Write Time":0.0,"Temp I/O Read Time":0.0,"Temp I/O Write Time":0.0},{"Node Type":"Hash","Parent Relationship":"Inner","Parallel Aware":false,"Async Capable":false,"Startup Cost":1.06,"Total Cost":1.06,"Plan Rows":1,"Plan Width":4,"Actual Startup Time":0.011,"Actual Total Time":0.013,"Actual Rows":1,"Actual Loops":1,"Output":["region.r_regionkey"],"Hash Buckets":1024,"Original Hash Buckets":1024,"Hash Batches":1,"Original Hash Batches":1,"Peak Memory Usage":9,"Shared Hit Blocks":1,"Shared Read Blocks":0,"Shared Dirtied Blocks":0,"Shared Written Blocks":0,"Local Hit Blocks":0,"Local Read Blocks":0,"Local Dirtied Blocks":0,"Local Written Blocks":0,"Temp Read Blocks":0,"Temp Written Blocks":0,"I/O Read Time":0.0,"I/O Write Time":0.0,"Temp I/O Read Time":0.0,"Temp I/O Write Time":0.0,"Plans":[{"Node Type":"Seq Scan","Parent Relationship":"Outer","Parallel Aware":false,"Async Capable":false,"Relation Name":"region","Schema":"public","Alias":"region","Startup Cost":0.0,"Total Cost":1.06,"Plan Rows":1,"Plan Width":4,"Actual Startup Time":0.009,"Actual Total Time":0.009,"Actual Rows":1,"Actual Loops":1,"Output":["region.r_regionkey"],"Filter":"((region.r_name)::text = 'Europe'::text)","Rows Removed by Filter":4,"Shared Hit Blocks":1,"Shared Read Blocks":0,"Shared Dirtied Blocks":0,"Shared Written Blocks":0,"Local Hit Blocks":0,"Local Read Blocks":0,"Local Dirtied Blocks":0,"Local Written Blocks":0,"Temp Read Blocks":0,"Temp Written Blocks":0,"I/O Read Time":0.0,"I/O Write Time":0.0,"Temp I/O Read Time":0.0,"Temp I/O Write Time":0.0}]}]}]}]}]}]},{"Node Type":"Hash","Parent Relationship":"Inner","Parallel Aware":false,"Async Capable":false,"Startup Cost":67059.0,"Total Cost":67059.0,"Plan Rows":426548,"Plan Width":16,"Actual Startup Time":326.432,"Actual Total Time":326.433,"Actual Rows":428399,"Actual Loops":1,"Output":["orders.o_c_id","orders.o_w_id","orders.o_d_id","orders.o_id"],"Hash Buckets":262144,"Original Hash Buckets":262144,"Hash Batches":4,"Original Hash Batches":4,"Peak Memory Usage":7080,"Shared Hit Blocks":22059,"Shared Read Blocks":0,"Shared Dirtied Blocks":0,"Shared Written Blocks":0,"Local Hit Blocks":0,"Local Read Blocks":0,"Local Dirtied Blocks":0,"Local Written Blocks":0,"Temp Read Blocks":0,"Temp Written Blocks":1410,"I/O Read Time":0.0,"I/O Write Time":0.0,"Temp I/O Read Time":0.0,"Temp I/O Write Time":6.333,"Plans":[{"Node Type":"Seq Scan","Parent Relationship":"Outer","Parallel Aware":false,"Async Capable":false,"Relation Name":"orders","Schema":"public","Alias":"orders","Startup Cost":0.0,"Total Cost":67059.0,"Plan Rows":426548,"Plan Width":16,"Actual Startup Time":0.786,"Actual Total Time":223.3,"Actual Rows":428399,"Actual Loops":1,"Output":["orders.o_c_id","orders.o_w_id","orders.o_d_id","orders.o_id"],"Filter":"((orders.o_entry_d >= '1993-01-02 20:10:02.27764'::timestamp without time zone) AND (orders.o_entry_d < '1994-01-02 20:10:02.27764'::timestamp without time zone))","Rows Removed by Filter":2571601,"Shared Hit Blocks":22059,"Shared Read Blocks":0,"Shared Dirtied Blocks":0,"Shared Written Blocks":0,"Local Hit Blocks":0,"Local Read Blocks":0,"Local Dirtied Blocks":0,"Local Written Blocks":0,"Temp Read Blocks":0,"Temp Written Blocks":0,"I/O Read Time":0.0,"I/O Write Time":0.0,"Temp I/O Read Time":0.0,"Temp I/O Write Time":0.0}]}]},{"Node Type":"Hash","Parent Relationship":"Inner","Parallel Aware":false,"Async Capable":false,"Startup Cost":259601.38,"Total Cost":259601.38,"Plan Rows":2999738,"Plan Width":12,"Actual Startup Time":1166.776,"Actual Total Time":1166.777,"Actual Rows":3000000,"Actual Loops":1,"Output":["customer.c_id","customer.c_w_id","customer.c_d_id","customer.c_nationkey"],"Hash Buckets":262144,"Original Hash Buckets":262144,"Hash Batches":32,"Original Hash Batches":32,"Peak Memory Usage":6058,"Shared Hit Blocks":229604,"Shared Read Blocks":0,"Shared Dirtied Blocks":0,"Shared Written Blocks":0,"Local Hit Blocks":0,"Local Read Blocks":0,"Local Dirtied Blocks":0,"Local Written Blocks":0,"Temp Read Blocks":0,"Temp Written Blocks":11339,"I/O Read Time":0.0,"I/O Write Time":0.0,"Temp I/O Read Time":0.0,"Temp I/O Write Time":55.056,"Plans":[{"Node Type":"Seq Scan","Parent Relationship":"Outer","Parallel Aware":false,"Async Capable":false,"Relation Name":"customer","Schema":"public","Alias":"customer","Startup Cost":0.0,"Total Cost":259601.38,"Plan Rows":2999738,"Plan Width":12,"Actual Startup Time":0.015,"Actual Total Time":644.321,"Actual Rows":3000000,"Actual Loops":1,"Output":["customer.c_id","customer.c_w_id","customer.c_d_id","customer.c_nationkey"],"Shared Hit Blocks":229604,"Shared Read Blocks":0,"Shared Dirtied Blocks":0,"Shared Written Blocks":0,"Local Hit Blocks":0,"Local Read Blocks":0,"Local Dirtied Blocks":0,"Local Written Blocks":0,"Temp Read Blocks":0,"Temp Written Blocks":0,"I/O Read Time":0.0,"I/O Write Time":0.0,"Temp I/O Read Time":0.0,"Temp I/O Write Time":0.0}]}]}]}]}]},"Planning":{"Shared Hit Blocks":16,"Shared Read Blocks":0,"Shared Dirtied Blocks":0,"Shared Written Blocks":0,"Local Hit Blocks":0,"Local Read Blocks":0,"Local Dirtied Blocks":0,"Local Written Blocks":0,"Temp Read Blocks":0,"Temp Written Blocks":0,"I/O Read Time":0.0,"I/O Write Time":0.0,"Temp I/O Read Time":0.0,"Temp I/O Write Time":0.0},"Planning Time":5.033,"Triggers":[],"Execution Time":5167.146}]
[列存组合]: order_line, region, supplier
[{"Plan":{"Node Type":"Sort","Parallel Aware":false,"Async Capable":false,"Startup Cost":2003050.26,"Total Cost":2003050.41,"Plan Rows":62,"Plan Width":40,"Actual Startup Time":10250.454,"Actual Total Time":10250.485,"Actual Rows":11,"Actual Loops":1,"Output":["nation.n_name","(sum(order_line.ol_amount))"],"Sort Key":["(sum(order_line.ol_amount)) DESC"],"Sort Method":"quicksort","Sort Space Used":25,"Sort Space Type":"Memory","Shared Hit Blocks":279003,"Shared Read Blocks":0,"Shared Dirtied Blocks":0,"Shared Written Blocks":0,"Local Hit Blocks":0,"Local Read Blocks":0,"Local Dirtied Blocks":0,"Local Written Blocks":0,"Temp Read Blocks":62236,"Temp Written Blocks":62263,"I/O Read Time":0.0,"I/O Write Time":0.0,"Temp I/O Read Time":99.513,"Temp I/O Write Time":249.638,"Plans":[{"Node Type":"Aggregate","Strategy":"Sorted","Partial Mode":"Simple","Parent Relationship":"Outer","Parallel Aware":false,"Async Capable":false,"Startup Cost":2002974.47,"Total Cost":2003048.41,"Plan Rows":62,"Plan Width":40,"Actual Startup Time":10247.61,"Actual Total Time":10250.47,"Actual Rows":11,"Actual Loops":1,"Output":["nation.n_name","sum(order_line.ol_amount)"],"Group Key":["nation.n_name"],"Shared Hit Blocks":279003,"Shared Read Blocks":0,"Shared Dirtied Blocks":0,"Shared Written Blocks":0,"Local Hit Blocks":0,"Local Read Blocks":0,"Local Dirtied Blocks":0,"Local Written Blocks":0,"Temp Read Blocks":62236,"Temp Written Blocks":62263,"I/O Read Time":0.0,"I/O Write Time":0.0,"Temp I/O Read Time":99.513,"Temp I/O Write Time":249.638,"Plans":[{"Node Type":"Sort","Parent Relationship":"Outer","Parallel Aware":false,"Async Capable":false,"Startup Cost":2002974.47,"Total Cost":2002998.86,"Plan Rows":9755,"Plan Width":12,"Actual Startup Time":10247.4,"Actual Total Time":10248.178,"Actual Rows":17493,"Actual Loops":1,"Output":["nation.n_name","order_line.ol_amount"],"Sort Key":["nation.n_name"],"Sort Method":"quicksort","Sort Space Used":1725,"Sort Space Type":"Memory","Shared Hit Blocks":279003,"Shared Read Blocks":0,"Shared Dirtied Blocks":0,"Shared Written Blocks":0,"Local Hit Blocks":0,"Local Read Blocks":0,"Local Dirtied Blocks":0,"Local Written Blocks":0,"Temp Read Blocks":62236,"Temp Written Blocks":62263,"I/O Read Time":0.0,"I/O Write Time":0.0,"Temp I/O Read Time":99.513,"Temp I/O Write Time":249.638,"Plans":[{"Node Type":"Hash Join","Parent Relationship":"Outer","Parallel Aware":false,"Async Capable":false,"Join Type":"Inner","Startup Cost":1678831.2,"Total Cost":2002328.11,"Plan Rows":9755,"Plan Width":12,"Actual Startup Time":8411.045,"Actual Total Time":10238.22,"Actual Rows":17493,"Actual Loops":1,"Output":["nation.n_name","order_line.ol_amount"],"Inner Unique":true,"Hash Cond":"((mod((stock.s_w_id * stock.s_i_id), 10000) = supplier.su_suppkey) AND (customer.c_nationkey = supplier.su_nationkey))","Shared Hit Blocks":279003,"Shared Read Blocks":0,"Shared Dirtied Blocks":0,"Shared Written Blocks":0,"Local Hit Blocks":0,"Local Read Blocks":0,"Local Dirtied Blocks":0,"Local Written Blocks":0,"Temp Read Blocks":62236,"Temp Written Blocks":62263,"I/O Read Time":0.0,"I/O Write Time":0.0,"Temp I/O Read Time":99.513,"Temp I/O Write Time":249.638,"Plans":[{"Node Type":"Merge Join","Parent Relationship":"Outer","Parallel Aware":false,"Async Capable":false,"Join Type":"Inner","Startup Cost":1678462.18,"Total Cost":1998643.95,"Plan Rows":602749,"Plan Width":26,"Actual Startup Time":8407.489,"Actual Total Time":10096.486,"Actual Rows":1109507,"Actual Loops":1,"Output":["customer.c_nationkey","order_line.ol_amount","stock.s_w_id","stock.s_i_id","nation.n_name","nation.n_nationkey"],"Inner Unique":true,"Merge Cond":"((customer.c_w_id = stock.s_w_id) AND (order_line.ol_i_id = stock.s_i_id))","Shared Hit Blocks":279003,"Shared Read Blocks":0,"Shared Dirtied Blocks":0,"Shared Written Blocks":0,"Local Hit Blocks":0,"Local Read Blocks":0,"Local Dirtied Blocks":0,"Local Written Blocks":0,"Temp Read Blocks":62236,"Temp Written Blocks":62263,"I/O Read Time":0.0,"I/O Write Time":0.0,"Temp I/O Read Time":99.513,"Temp I/O Write Time":249.638,"Plans":[{"Node Type":"Sort","Parent Relationship":"Outer","Parallel Aware":false,"Async Capable":false,"Startup Cost":1678461.74,"Total Cost":1679949.42,"Plan Rows":595073,"Plan Width":30,"Actual Startup Time":8407.432,"Actual Total Time":8586.584,"Actual Rows":1109507,"Actual Loops":1,"Output":["customer.c_w_id","customer.c_nationkey","orders.o_w_id","order_line.ol_amount","order_line.ol_w_id","order_line.ol_i_id","nation.n_name","nation.n_nationkey"],"Sort Key":["customer.c_w_id","order_line.ol_i_id"],"Sort Method":"external merge","Sort Space Used":47304,"Sort Space Type":"Disk","Shared Hit Blocks":251665,"Shared Read Blocks":0,"Shared Dirtied Blocks":0,"Shared Written Blocks":0,"Local Hit Blocks":0,"Local Read Blocks":0,"Local Dirtied Blocks":0,"Local Written Blocks":0,"Temp Read Blocks":62236,"Temp Written Blocks":62263,"I/O Read Time":0.0,"I/O Write Time":0.0,"Temp I/O Read Time":99.513,"Temp I/O Write Time":249.638,"Plans":[{"Node Type":"Hash Join","Parent Relationship":"Outer","Parallel Aware":false,"Async Capable":false,"Join Type":"Inner","Startup Cost":403374.53,"Total Cost":1607148.18,"Plan Rows":595073,"Plan Width":30,"Actual Startup Time":1471.798,"Actual Total Time":7016.702,"Actual Rows":1109507,"Actual Loops":1,"Output":["customer.c_w_id","customer.c_nationkey","orders.o_w_id","order_line.ol_amount","order_line.ol_w_id","order_line.ol_i_id","nation.n_name","nation.n_nationkey"],"Inner Unique":false,"Hash Cond":"(customer.c_nationkey = nation.n_nationkey)","Shared Hit Blocks":251665,"Shared Read Blocks":0,"Shared Dirtied Blocks":0,"Shared Written Blocks":0,"Local Hit Blocks":0,"Local Read Blocks":0,"Local Dirtied Blocks":0,"Local Written Blocks":0,"Temp Read Blocks":50419,"Temp Written Blocks":50419,"I/O Read Time":0.0,"I/O Write Time":0.0,"Temp I/O Read Time":81.925,"Temp I/O Write Time":218.603,"Plans":[{"Node Type":"Hash Join","Parent Relationship":"Outer","Parallel Aware":false,"Async Capable":false,"Join Type":"Inner","Startup Cost":403371.39,"Total Cost":1590228.65,"Plan Rows":2975367,"Plan Width":18,"Actual Startup Time":1464.692,"Actual Total Time":6595.991,"Actual Rows":4284922,"Actual Loops":1,"Output":["customer.c_w_id","customer.c_nationkey","orders.o_w_id","order_line.ol_amount","order_line.ol_w_id","order_line.ol_i_id"],"Inner Unique":true,"Hash Cond":"((orders.o_c_id = customer.c_id) AND (orders.o_w_id = customer.c_w_id) AND (orders.o_d_id = customer.c_d_id))","Shared Hit Blocks":251663,"Shared Read Blocks":0,"Shared Dirtied Blocks":0,"Shared Written Blocks":0,"Local Hit Blocks":0,"Local Read Blocks":0,"Local Dirtied Blocks":0,"Local Written Blocks":0,"Temp Read Blocks":50419,"Temp Written Blocks":50419,"I/O Read Time":0.0,"I/O Write Time":0.0,"Temp I/O Read Time":81.925,"Temp I/O Write Time":218.603,"Plans":[{"Node Type":"Hash Join","Parent Relationship":"Outer","Parallel Aware":false,"Async Capable":false,"Join Type":"Inner","Startup Cost":76626.59,"Total Cost":1190536.82,"Plan Rows":2975367,"Plan Width":20,"Actual Startup Time":326.064,"Actual Total Time":3332.595,"Actual Rows":4284922,"Actual Loops":1,"Output":["orders.o_c_id","orders.o_w_id","orders.o_d_id","order_line.ol_amount","order_line.ol_w_id","order_line.ol_d_id","order_line.ol_i_id"],"Inner Unique":true,"Hash Cond":"((order_line.ol_w_id = orders.o_w_id) AND (order_line.ol_d_id = orders.o_d_id) AND (order_line.ol_o_id = orders.o_id))","Shared Hit Blocks":22059,"Shared Read Blocks":0,"Shared Dirtied Blocks":0,"Shared Written Blocks":0,"Local Hit Blocks":0,"Local Read Blocks":0,"Local Dirtied Blocks":0,"Local Written Blocks":0,"Temp Read Blocks":18772,"Temp Written Blocks":18772,"I/O Read Time":0.0,"I/O Write Time":0.0,"Temp I/O Read Time":31.2,"Temp I/O Write Time":75.731,"Plans":[{"Node Type":"Append","Parent Relationship":"Outer","Parallel Aware":false,"Async Capable":false,"Startup Cost":20.0,"Total Cost":701820.0,"Plan Rows":20926367,"Plan Width":20,"Actual Startup Time":1.401,"Actual Total Time":1296.76,"Actual Rows":4311079,"Actual Loops":1,"Shared Hit Blocks":0,"Shared Read Blocks":0,"Shared Dirtied Blocks":0,"Shared Written Blocks":0,"Local Hit Blocks":0,"Local Read Blocks":0,"Local Dirtied Blocks":0,"Local Written Blocks":0,"Temp Read Blocks":0,"Temp Written Blocks":0,"I/O Read Time":0.0,"I/O Write Time":0.0,"Temp I/O Read Time":0.0,"Temp I/O Write Time":0.0,"Subplans Removed":0,"Plans":[{"Node Type":"Custom Scan","Parent Relationship":"Member","Custom Plan Provider":"columnar scan","Parallel Aware":false,"Async Capable":false,"Relation Name":"order_line","Schema":"public","Alias":"order_line","Startup Cost":20.0,"Total Cost":533641.75,"Plan Rows":20926325,"Plan Width":20,"Actual Startup Time":1.4,"Actual Total Time":992.697,"Actual Rows":4311079,"Actual Loops":1,"Output":["order_line.ol_amount","order_line.ol_o_id","order_line.ol_w_id","order_line.ol_d_id","order_line.ol_i_id"],"Filter":"(order_line.ol_delivery_d >= '1992-01-02 20:10:02.27764'::timestamp without time zone)","Rows Removed by Filter":0,"Rows Removed by Columnar Filter":25686653,"Rows Filtered by Bloom Filter":0,"Dictionary Rows Filtered by Bloom Filter":25686653,"Columnar cache search mode":"native","Shared Hit Blocks":0,"Shared Read Blocks":0,"Shared Dirtied Blocks":0,"Shared Written Blocks":0,"Local Hit Blocks":0,"Local Read Blocks":0,"Local Dirtied Blocks":0,"Local Written Blocks":0,"Temp Read Blocks":0,"Temp Written Blocks":0,"I/O Read Time":0.0,"I/O Write Time":0.0,"Temp I/O Read Time":0.0,"Temp I/O Write Time":0.0},{"Node Type":"Seq Scan","Parent Relationship":"Member","Parallel Aware":false,"Async Capable":false,"Relation Name":"order_line","Schema":"public","Alias":"order_line","Startup Cost":0.0,"Total Cost":4.75,"Plan Rows":42,"Plan Width":20,"Actual Startup Time":0.0,"Actual Total Time":0.0,"Actual Rows":0,"Actual Loops":0,"Output":["order_line.ol_amount","order_line.ol_o_id","order_line.ol_w_id","order_line.ol_d_id","order_line.ol_i_id"],"Filter":"(order_line.ol_delivery_d >= '1992-01-02 20:10:02.27764'::timestamp without time zone)","Rows Removed by Filter":0,"Shared Hit Blocks":0,"Shared Read Blocks":0,"Shared Dirtied Blocks":0,"Shared Written Blocks":0,"Local Hit Blocks":0,"Local Read Blocks":0,"Local Dirtied Blocks":0,"Local Written Blocks":0,"Temp Read Blocks":0,"Temp Written Blocks":0,"I/O Read Time":0.0,"I/O Write Time":0.0,"Temp I/O Read Time":0.0,"Temp I/O Write Time":0.0}]},{"Node Type":"Hash","Parent Relationship":"Inner","Parallel Aware":false,"Async Capable":false,"Startup Cost":67059.0,"Total Cost":67059.0,"Plan Rows":426548,"Plan Width":16,"Actual Startup Time":323.66,"Actual Total Time":323.663,"Actual Rows":428399,"Actual Loops":1,"Output":["orders.o_c_id","orders.o_w_id","orders.o_d_id","orders.o_id"],"Hash Buckets":262144,"Original Hash Buckets":262144,"Hash Batches":4,"Original Hash Batches":4,"Peak Memory Usage":7080,"Shared Hit Blocks":22059,"Shared Read Blocks":0,"Shared Dirtied Blocks":0,"Shared Written Blocks":0,"Local Hit Blocks":0,"Local Read Blocks":0,"Local Dirtied Blocks":0,"Local Written Blocks":0,"Temp Read Blocks":0,"Temp Written Blocks":1410,"I/O Read Time":0.0,"I/O Write Time":0.0,"Temp I/O Read Time":0.0,"Temp I/O Write Time":6.14,"Plans":[{"Node Type":"Seq Scan","Parent Relationship":"Outer","Parallel Aware":false,"Async Capable":false,"Relation Name":"orders","Schema":"public","Alias":"orders","Startup Cost":0.0,"Total Cost":67059.0,"Plan Rows":426548,"Plan Width":16,"Actual Startup Time":0.773,"Actual Total Time":222.049,"Actual Rows":428399,"Actual Loops":1,"Output":["orders.o_c_id","orders.o_w_id","orders.o_d_id","orders.o_id"],"Filter":"((orders.o_entry_d >= '1993-01-02 20:10:02.27764'::timestamp without time zone) AND (orders.o_entry_d < '1994-01-02 20:10:02.27764'::timestamp without time zone))","Rows Removed by Filter":2571601,"Shared Hit Blocks":22059,"Shared Read Blocks":0,"Shared Dirtied Blocks":0,"Shared Written Blocks":0,"Local Hit Blocks":0,"Local Read Blocks":0,"Local Dirtied Blocks":0,"Local Written Blocks":0,"Temp Read Blocks":0,"Temp Written Blocks":0,"I/O Read Time":0.0,"I/O Write Time":0.0,"Temp I/O Read Time":0.0,"Temp I/O Write Time":0.0}]}]},{"Node Type":"Hash","Parent Relationship":"Inner","Parallel Aware":false,"Async Capable":false,"Startup Cost":259601.38,"Total Cost":259601.38,"Plan Rows":2999738,"Plan Width":12,"Actual Startup Time":1136.814,"Actual Total Time":1136.816,"Actual Rows":3000000,"Actual Loops":1,"Output":["customer.c_id","customer.c_w_id","customer.c_d_id","customer.c_nationkey"],"Hash Buckets":262144,"Original Hash Buckets":262144,"Hash Batches":32,"Original Hash Batches":32,"Peak Memory Usage":6090,"Shared Hit Blocks":229604,"Shared Read Blocks":0,"Shared Dirtied Blocks":0,"Shared Written Blocks":0,"Local Hit Blocks":0,"Local Read Blocks":0,"Local Dirtied Blocks":0,"Local Written Blocks":0,"Temp Read Blocks":0,"Temp Written Blocks":11335,"I/O Read Time":0.0,"I/O Write Time":0.0,"Temp I/O Read Time":0.0,"Temp I/O Write Time":52.087,"Plans":[{"Node Type":"Seq Scan","Parent Relationship":"Outer","Parallel Aware":false,"Async Capable":false,"Relation Name":"customer","Schema":"public","Alias":"customer","Startup Cost":0.0,"Total Cost":259601.38,"Plan Rows":2999738,"Plan Width":12,"Actual Startup Time":0.008,"Actual Total Time":639.645,"Actual Rows":3000000,"Actual Loops":1,"Output":["customer.c_id","customer.c_w_id","customer.c_d_id","customer.c_nationkey"],"Shared Hit Blocks":229604,"Shared Read Blocks":0,"Shared Dirtied Blocks":0,"Shared Written Blocks":0,"Local Hit Blocks":0,"Local Read Blocks":0,"Local Dirtied Blocks":0,"Local Written Blocks":0,"Temp Read Blocks":0,"Temp Written Blocks":0,"I/O Read Time":0.0,"I/O Write Time":0.0,"Temp I/O Read Time":0.0,"Temp I/O Write Time":0.0}]}]},{"Node Type":"Hash","Parent Relationship":"Inner","Parallel Aware":false,"Async Capable":false,"Startup Cost":2.99,"Total Cost":2.99,"Plan Rows":12,"Plan Width":12,"Actual Startup Time":0.042,"Actual Total Time":0.048,"Actual Rows":22,"Actual Loops":1,"Output":["nation.n_name","nation.n_nationkey"],"Hash Buckets":1024,"Original Hash Buckets":1024,"Hash Batches":1,"Original Hash Batches":1,"Peak Memory Usage":9,"Shared Hit Blocks":2,"Shared Read Blocks":0,"Shared Dirtied Blocks":0,"Shared Written Blocks":0,"Local Hit Blocks":0,"Local Read Blocks":0,"Local Dirtied Blocks":0,"Local Written Blocks":0,"Temp Read Blocks":0,"Temp Written Blocks":0,"I/O Read Time":0.0,"I/O Write Time":0.0,"Temp I/O Read Time":0.0,"Temp I/O Write Time":0.0,"Plans":[{"Node Type":"Hash Join","Parent Relationship":"Outer","Parallel Aware":false,"Async Capable":false,"Join Type":"Inner","Startup Cost":1.07,"Total Cost":2.99,"Plan Rows":12,"Plan Width":12,"Actual Startup Time":0.025,"Actual Total Time":0.041,"Actual Rows":22,"Actual Loops":1,"Output":["nation.n_name","nation.n_nationkey"],"Inner Unique":true,"Hash Cond":"(nation.n_regionkey = region.r_regionkey)","Shared Hit Blocks":2,"Shared Read Blocks":0,"Shared Dirtied Blocks":0,"Shared Written Blocks":0,"Local Hit Blocks":0,"Local Read Blocks":0,"Local Dirtied Blocks":0,"Local Written Blocks":0,"Temp Read Blocks":0,"Temp Written Blocks":0,"I/O Read Time":0.0,"I/O Write Time":0.0,"Temp I/O Read Time":0.0,"Temp I/O Write Time":0.0,"Plans":[{"Node Type":"Seq Scan","Parent Relationship":"Outer","Parallel Aware":false,"Async Capable":false,"Relation Name":"nation","Schema":"public","Alias":"nation","Startup Cost":0.0,"Total Cost":1.62,"Plan Rows":62,"Plan Width":16,"Actual Startup Time":0.007,"Actual Total Time":0.011,"Actual Rows":62,"Actual Loops":1,"Output":["nation.n_nationkey","nation.n_name","nation.n_regionkey","nation.n_comment"],"Shared Hit Blocks":1,"Shared Read Blocks":0,"Shared Dirtied Blocks":0,"Shared Written Blocks":0,"Local Hit Blocks":0,"Local Read Blocks":0,"Local Dirtied Blocks":0,"Local Written Blocks":0,"Temp Read Blocks":0,"Temp Written Blocks":0,"I/O Read Time":0.0,"I/O Write Time":0.0,"Temp I/O Read Time":0.0,"Temp I/O Write Time":0.0},{"Node Type":"Hash","Parent Relationship":"Inner","Parallel Aware":false,"Async Capable":false,"Startup Cost":1.06,"Total Cost":1.06,"Plan Rows":1,"Plan Width":4,"Actual Startup Time":0.007,"Actual Total Time":0.01,"Actual Rows":1,"Actual Loops":1,"Output":["region.r_regionkey"],"Hash Buckets":1024,"Original Hash Buckets":1024,"Hash Batches":1,"Original Hash Batches":1,"Peak Memory Usage":9,"Shared Hit Blocks":1,"Shared Read Blocks":0,"Shared Dirtied Blocks":0,"Shared Written Blocks":0,"Local Hit Blocks":0,"Local Read Blocks":0,"Local Dirtied Blocks":0,"Local Written Blocks":0,"Temp Read Blocks":0,"Temp Written Blocks":0,"I/O Read Time":0.0,"I/O Write Time":0.0,"Temp I/O Read Time":0.0,"Temp I/O Write Time":0.0,"Plans":[{"Node Type":"Seq Scan","Parent Relationship":"Outer","Parallel Aware":false,"Async Capable":false,"Relation Name":"region","Schema":"public","Alias":"region","Startup Cost":0.0,"Total Cost":1.06,"Plan Rows":1,"Plan Width":4,"Actual Startup Time":0.006,"Actual Total Time":0.006,"Actual Rows":1,"Actual Loops":1,"Output":["region.r_regionkey"],"Filter":"((region.r_name)::text = 'Europe'::text)","Rows Removed by Filter":4,"Shared Hit Blocks":1,"Shared Read Blocks":0,"Shared Dirtied Blocks":0,"Shared Written Blocks":0,"Local Hit Blocks":0,"Local Read Blocks":0,"Local Dirtied Blocks":0,"Local Written Blocks":0,"Temp Read Blocks":0,"Temp Written Blocks":0,"I/O Read Time":0.0,"I/O Write Time":0.0,"Temp I/O Read Time":0.0,"Temp I/O Write Time":0.0}]}]}]}]}]},{"Node Type":"Index Only Scan","Parent Relationship":"Inner","Parallel Aware":false,"Async Capable":false,"Scan Direction":"Forward","Index Name":"stock_pk","Relation Name":"stock","Schema":"public","Alias":"stock","Startup Cost":0.43,"Total Cost":259690.86,"Plan Rows":10000162,"Plan Width":6,"Actual Startup Time":0.044,"Actual Total Time":706.363,"Actual Rows":9999996,"Actual Loops":1,"Output":["stock.s_w_id","stock.s_i_id"],"Heap Fetches":0,"Shared Hit Blocks":27338,"Shared Read Blocks":0,"Shared Dirtied Blocks":0,"Shared Written Blocks":0,"Local Hit Blocks":0,"Local Read Blocks":0,"Local Dirtied Blocks":0,"Local Written Blocks":0,"Temp Read Blocks":0,"Temp Written Blocks":0,"I/O Read Time":0.0,"I/O Write Time":0.0,"Temp I/O Read Time":0.0,"Temp I/O Write Time":0.0}]},{"Node Type":"Hash","Parent Relationship":"Inner","Parallel Aware":false,"Async Capable":false,"Startup Cost":219.01,"Total Cost":219.01,"Plan Rows":10001,"Plan Width":8,"Actual Startup Time":3.14,"Actual Total Time":3.142,"Actual Rows":10000,"Actual Loops":1,"Output":["supplier.su_suppkey","supplier.su_nationkey"],"Hash Buckets":16384,"Original Hash Buckets":16384,"Hash Batches":1,"Original Hash Batches":1,"Peak Memory Usage":519,"Shared Hit Blocks":0,"Shared Read Blocks":0,"Shared Dirtied Blocks":0,"Shared Written Blocks":0,"Local Hit Blocks":0,"Local Read Blocks":0,"Local Dirtied Blocks":0,"Local Written Blocks":0,"Temp Read Blocks":0,"Temp Written Blocks":0,"I/O Read Time":0.0,"I/O Write Time":0.0,"Temp I/O Read Time":0.0,"Temp I/O Write Time":0.0,"Plans":[{"Node Type":"Append","Parent Relationship":"Outer","Parallel Aware":false,"Async Capable":false,"Startup Cost":20.0,"Total Cost":219.01,"Plan Rows":10001,"Plan Width":8,"Actual Startup Time":0.012,"Actual Total Time":1.791,"Actual Rows":10000,"Actual Loops":1,"Shared Hit Blocks":0,"Shared Read Blocks":0,"Shared Dirtied Blocks":0,"Shared Written Blocks":0,"Local Hit Blocks":0,"Local Read Blocks":0,"Local Dirtied Blocks":0,"Local Written Blocks":0,"Temp Read Blocks":0,"Temp Written Blocks":0,"I/O Read Time":0.0,"I/O Write Time":0.0,"Temp I/O Read Time":0.0,"Temp I/O Write Time":0.0,"Subplans Removed":0,"Plans":[{"Node Type":"Custom Scan","Parent Relationship":"Member","Custom Plan Provider":"columnar scan","Parallel Aware":false,"Async Capable":false,"Relation Name":"supplier","Schema":"public","Alias":"supplier","Startup Cost":20.0,"Total Cost":215.0,"Plan Rows":10000,"Plan Width":8,"Actual Startup Time":0.01,"Actual Total Time":1.087,"Actual Rows":10000,"Actual Loops":1,"Output":["supplier.su_suppkey","supplier.su_nationkey"],"Rows Removed by Columnar Filter":0,"Columnar cache search mode":"native","Shared Hit Blocks":0,"Shared Read Blocks":0,"Shared Dirtied Blocks":0,"Shared Written Blocks":0,"Local Hit Blocks":0,"Local Read Blocks":0,"Local Dirtied Blocks":0,"Local Written Blocks":0,"Temp Read Blocks":0,"Temp Written Blocks":0,"I/O Read Time":0.0,"I/O Write Time":0.0,"Temp I/O Read Time":0.0,"Temp I/O Write Time":0.0},{"Node Type":"Seq Scan","Parent Relationship":"Member","Parallel Aware":false,"Async Capable":false,"Relation Name":"supplier","Schema":"public","Alias":"supplier","Startup Cost":0.0,"Total Cost":4.01,"Plan Rows":1,"Plan Width":8,"Actual Startup Time":0.0,"Actual Total Time":0.0,"Actual Rows":0,"Actual Loops":0,"Output":["supplier.su_suppkey","supplier.su_nationkey"],"Shared Hit Blocks":0,"Shared Read Blocks":0,"Shared Dirtied Blocks":0,"Shared Written Blocks":0,"Local Hit Blocks":0,"Local Read Blocks":0,"Local Dirtied Blocks":0,"Local Written Blocks":0,"Temp Read Blocks":0,"Temp Written Blocks":0,"I/O Read Time":0.0,"I/O Write Time":0.0,"Temp I/O Read Time":0.0,"Temp I/O Write Time":0.0}]}]}]}]}]}]},"Planning":{"Shared Hit Blocks":16,"Shared Read Blocks":0,"Shared Dirtied Blocks":0,"Shared Written Blocks":0,"Local Hit Blocks":0,"Local Read Blocks":0,"Local Dirtied Blocks":0,"Local Written Blocks":0,"Temp Read Blocks":0,"Temp Written Blocks":0,"I/O Read Time":0.0,"I/O Write Time":0.0,"Temp I/O Read Time":0.0,"Temp I/O Write Time":0.0},"Planning Time":4.694,"Triggers":[],"Execution Time":10258.738}]
[列存组合]: order_line, stock, supplier
[{"Plan":{"Node Type":"Sort","Parallel Aware":false,"Async Capable":false,"Startup Cost":1200007.11,"Total Cost":1200007.26,"Plan Rows":62,"Plan Width":40,"Actual Startup Time":5297.713,"Actual Total Time":5297.741,"Actual Rows":11,"Actual Loops":1,"Output":["nation.n_name","(sum(order_line.ol_amount))"],"Sort Key":["(sum(order_line.ol_amount)) DESC"],"Sort Method":"quicksort","Sort Space Used":25,"Sort Space Type":"Memory","Shared Hit Blocks":251665,"Shared Read Blocks":0,"Shared Dirtied Blocks":0,"Shared Written Blocks":0,"Local Hit Blocks":0,"Local Read Blocks":0,"Local Dirtied Blocks":0,"Local Written Blocks":0,"Temp Read Blocks":31471,"Temp Written Blocks":31471,"I/O Read Time":0.0,"I/O Write Time":0.0,"Temp I/O Read Time":50.239,"Temp I/O Write Time":142.544,"Plans":[{"Node Type":"Aggregate","Strategy":"Sorted","Partial Mode":"Simple","Parent Relationship":"Outer","Parallel Aware":false,"Async Capable":false,"Startup Cost":1199931.32,"Total Cost":1200005.26,"Plan Rows":62,"Plan Width":40,"Actual Startup Time":5294.877,"Actual Total Time":5297.726,"Actual Rows":11,"Actual Loops":1,"Output":["nation.n_name","sum(order_line.ol_amount)"],"Group Key":["nation.n_name"],"Shared Hit Blocks":251665,"Shared Read Blocks":0,"Shared Dirtied Blocks":0,"Shared Written Blocks":0,"Local Hit Blocks":0,"Local Read Blocks":0,"Local Dirtied Blocks":0,"Local Written Blocks":0,"Temp Read Blocks":31471,"Temp Written Blocks":31471,"I/O Read Time":0.0,"I/O Write Time":0.0,"Temp I/O Read Time":50.239,"Temp I/O Write Time":142.544,"Plans":[{"Node Type":"Sort","Parent Relationship":"Outer","Parallel Aware":false,"Async Capable":false,"Startup Cost":1199931.32,"Total Cost":1199955.71,"Plan Rows":9755,"Plan Width":12,"Actual Startup Time":5294.659,"Actual Total Time":5295.454,"Actual Rows":17493,"Actual Loops":1,"Output":["nation.n_name","order_line.ol_amount"],"Sort Key":["nation.n_name"],"Sort Method":"quicksort","Sort Space Used":1725,"Sort Space Type":"Memory","Shared Hit Blocks":251665,"Shared Read Blocks":0,"Shared Dirtied Blocks":0,"Shared Written Blocks":0,"Local Hit Blocks":0,"Local Read Blocks":0,"Local Dirtied Blocks":0,"Local Written Blocks":0,"Temp Read Blocks":31471,"Temp Written Blocks":31471,"I/O Read Time":0.0,"I/O Write Time":0.0,"Temp I/O Read Time":50.239,"Temp I/O Write Time":142.544,"Plans":[{"Node Type":"Hash Join","Parent Relationship":"Outer","Parallel Aware":false,"Async Capable":false,"Join Type":"Inner","Startup Cost":440477.77,"Total Cost":1199284.96,"Plan Rows":9755,"Plan Width":12,"Actual Startup Time":2187.37,"Actual Total Time":5286.256,"Actual Rows":17493,"Actual Loops":1,"Output":["nation.n_name","order_line.ol_amount"],"Hash Cond":"((orders.o_c_id = customer.c_id) AND (orders.o_w_id = customer.c_w_id) AND (orders.o_d_id = customer.c_d_id) AND (supplier.su_nationkey = customer.c_nationkey))","Shared Hit Blocks":251665,"Shared Read Blocks":0,"Shared Dirtied Blocks":0,"Shared Written Blocks":0,"Local Hit Blocks":0,"Local Read Blocks":0,"Local Dirtied Blocks":0,"Local Written Blocks":0,"Temp Read Blocks":31471,"Temp Written Blocks":31471,"I/O Read Time":0.0,"I/O Write Time":0.0,"Temp I/O Read Time":50.239,"Temp I/O Write Time":142.544,"Plans":[{"Node Type":"Hash Join","Parent Relationship":"Outer","Parallel Aware":false,"Async Capable":false,"Join Type":"Inner","Startup Cost":106233.63,"Total Cost":834643.9,"Plan Rows":602754,"Plan Width":34,"Actual Startup Time":892.073,"Actual Total Time":3213.854,"Actual Rows":1489124,"Actual Loops":1,"Output":["orders.o_c_id","orders.o_w_id","orders.o_d_id","order_line.ol_amount","order_line.ol_w_id","order_line.ol_d_id","stock.s_w_id","supplier.su_nationkey","nation.n_name","nation.n_nationkey"],"Hash Cond":"((order_line.ol_w_id = orders.o_w_id) AND (order_line.ol_d_id = orders.o_d_id) AND (order_line.ol_o_id = orders.o_id))","Shared Hit Blocks":22061,"Shared Read Blocks":0,"Shared Dirtied Blocks":0,"Shared Written Blocks":0,"Local Hit Blocks":0,"Local Read Blocks":0,"Local Dirtied Blocks":0,"Local Written Blocks":0,"Temp Read Blocks":9894,"Temp Written Blocks":9894,"I/O Read Time":0.0,"I/O Write Time":0.0,"Temp I/O Read Time":16.204,"Temp I/O Write Time":42.246,"Plans":[{"Node Type":"Hash Join","Parent Relationship":"Outer","Parallel Aware":false,"Async Capable":false,"Join Type":"Inner","Startup Cost":29627.04,"Total Cost":656242.79,"Plan Rows":4242986,"Plan Width":34,"Actual Startup Time":566.471,"Actual Total Time":2168.036,"Actual Rows":1498118,"Actual Loops":1,"Output":["order_line.ol_amount","order_line.ol_o_id","order_line.ol_w_id","order_line.ol_d_id","stock.s_w_id","supplier.su_nationkey","nation.n_name","nation.n_nationkey"],"Hash Cond":"(mod((stock.s_w_id * stock.s_i_id), 10000) = supplier.su_suppkey)","Shared Hit Blocks":2,"Shared Read Blocks":0,"Shared Dirtied Blocks":0,"Shared Written Blocks":0,"Local Hit Blocks":0,"Local Read Blocks":0,"Local Dirtied Blocks":0,"Local Written Blocks":0,"Temp Read Blocks":0,"Temp Written Blocks":0,"I/O Read Time":0.0,"I/O Write Time":0.0,"Temp I/O Read Time":0.0,"Temp I/O Write Time":0.0,"Plans":[{"Node Type":"Hash Join","Parent Relationship":"Outer","Parallel Aware":false,"Async Capable":false,"Join Type":"Inner","Startup Cost":29323.02,"Total Cost":480915.59,"Plan Rows":21214932,"Plan Width":22,"Actual Startup Time":563.901,"Actual Total Time":1485.461,"Actual Rows":4311079,"Actual Loops":1,"Output":["order_line.ol_amount","order_line.ol_o_id","order_line.ol_w_id","order_line.ol_d_id","stock.s_w_id","stock.s_i_id"],"Hash Cond":"((order_line.ol_w_id = stock.s_w_id) AND (order_line.ol_i_id = stock.s_i_id))","Rows Removed by Bloom Filter":0,"Shared Hit Blocks":0,"Shared Read Blocks":0,"Shared Dirtied Blocks":0,"Shared Written Blocks":0,"Local Hit Blocks":0,"Local Read Blocks":0,"Local Dirtied Blocks":0,"Local Written Blocks":0,"Temp Read Blocks":0,"Temp Written Blocks":0,"I/O Read Time":0.0,"I/O Write Time":0.0,"Temp I/O Read Time":0.0,"Temp I/O Write Time":0.0,"Plans":[{"Node Type":"Append","Parent Relationship":"Outer","Parallel Aware":false,"Async Capable":false,"Startup Cost":20.0,"Total Cost":533646.5,"Plan Rows":20926367,"Plan Width":20,"Actual Startup Time":124.198,"Actual Total Time":124.204,"Actual Rows":4311079,"Actual Loops":1,"Shared Hit Blocks":0,"Shared Read Blocks":0,"Shared Dirtied Blocks":0,"Shared Written Blocks":0,"Local Hit Blocks":0,"Local Read Blocks":0,"Local Dirtied Blocks":0,"Local Written Blocks":0,"Temp Read Blocks":0,"Temp Written Blocks":0,"I/O Read Time":0.0,"I/O Write Time":0.0,"Temp I/O Read Time":0.0,"Temp I/O Write Time":0.0,"Subplans Removed":0,"Plans":[{"Node Type":"Custom Scan","Parent Relationship":"Member","Custom Plan Provider":"columnar scan","Parallel Aware":false,"Async Capable":false,"Relation Name":"order_line","Schema":"public","Alias":"order_line","Startup Cost":20.0,"Total Cost":533641.75,"Plan Rows":20926325,"Plan Width":20,"Actual Startup Time":124.196,"Actual Total Time":124.199,"Actual Rows":4311079,"Actual Loops":1,"Output":["order_line.ol_amount","order_line.ol_o_id","order_line.ol_w_id","order_line.ol_d_id","order_line.ol_i_id"],"Filter":"(order_line.ol_delivery_d >= '1992-01-02 20:10:02.27764'::timestamp without time zone)","Rows Removed by Filter":0,"Rows Removed by Columnar Filter":25686653,"Rows Filtered by Bloom Filter":0,"Dictionary Rows Filtered by Bloom Filter":25686653,"Columnar cache search mode":"native","Shared Hit Blocks":0,"Shared Read Blocks":0,"Shared Dirtied Blocks":0,"Shared Written Blocks":0,"Local Hit Blocks":0,"Local Read Blocks":0,"Local Dirtied Blocks":0,"Local Written Blocks":0,"Temp Read Blocks":0,"Temp Written Blocks":0,"I/O Read Time":0.0,"I/O Write Time":0.0,"Temp I/O Read Time":0.0,"Temp I/O Write Time":0.0},{"Node Type":"Seq Scan","Parent Relationship":"Member","Parallel Aware":false,"Async Capable":false,"Relation Name":"order_line","Schema":"public","Alias":"order_line","Startup Cost":0.0,"Total Cost":4.75,"Plan Rows":42,"Plan Width":20,"Actual Startup Time":0.0,"Actual Total Time":0.0,"Actual Rows":0,"Actual Loops":0,"Output":["order_line.ol_amount","order_line.ol_o_id","order_line.ol_w_id","order_line.ol_d_id","order_line.ol_i_id"],"Filter":"(order_line.ol_delivery_d >= '1992-01-02 20:10:02.27764'::timestamp without time zone)","Rows Removed by Filter":0,"Shared Hit Blocks":0,"Shared Read Blocks":0,"Shared Dirtied Blocks":0,"Shared Written Blocks":0,"Local Hit Blocks":0,"Local Read Blocks":0,"Local Dirtied Blocks":0,"Local Written Blocks":0,"Temp Read Blocks":0,"Temp Written Blocks":0,"I/O Read Time":0.0,"I/O Write Time":0.0,"Temp I/O Read Time":0.0,"Temp I/O Write Time":0.0}]},{"Node Type":"Hash","Parent Relationship":"Inner","Parallel Aware":false,"Async Capable":false,"Startup Cost":195025.67,"Total Cost":195025.67,"Plan Rows":10000162,"Plan Width":6,"Actual Rows":10000000,"Actual Loops":1,"Output":["stock.s_w_id","stock.s_i_id"],"Shared Hit Blocks":0,"Shared Read Blocks":0,"Shared Dirtied Blocks":0,"Shared Written Blocks":0,"Local Hit Blocks":0,"Local Read Blocks":0,"Local Dirtied Blocks":0,"Local Written Blocks":0,"Temp Read Blocks":0,"Temp Written Blocks":0,"I/O Read Time":0.0,"I/O Write Time":0.0,"Temp I/O Read Time":0.0,"Temp I/O Write Time":0.0,"Plans":[{"Node Type":"Append","Parent Relationship":"Outer","Parallel Aware":false,"Async Capable":false,"Startup Cost":20.0,"Total Cost":195025.67,"Plan Rows":10000162,"Plan Width":6,"Actual Startup Time":0.239,"Actual Total Time":0.242,"Actual Rows":10000000,"Actual Loops":1,"Shared Hit Blocks":0,"Shared Read Blocks":0,"Shared Dirtied Blocks":0,"Shared Written Blocks":0,"Local Hit Blocks":0,"Local Read Blocks":0,"Local Dirtied Blocks":0,"Local Written Blocks":0,"Temp Read Blocks":0,"Temp Written Blocks":0,"I/O Read Time":0.0,"I/O Write Time":0.0,"Temp I/O Read Time":0.0,"Temp I/O Write Time":0.0,"Subplans Removed":0,"Plans":[{"Node Type":"Custom Scan","Parent Relationship":"Member","Custom Plan Provider":"columnar scan","Parallel Aware":false,"Async Capable":false,"Relation Name":"stock","Schema":"public","Alias":"stock","Startup Cost":20.0,"Total Cost":195020.05,"Plan Rows":10000000,"Plan Width":6,"Actual Startup Time":0.239,"Actual Total Time":0.24,"Actual Rows":10000000,"Actual Loops":1,"Output":["stock.s_w_id","stock.s_i_id"],"Rows Removed by Columnar Filter":0,"Columnar cache search mode":"native","Shared Hit Blocks":0,"Shared Read Blocks":0,"Shared Dirtied Blocks":0,"Shared Written Blocks":0,"Local Hit Blocks":0,"Local Read Blocks":0,"Local Dirtied Blocks":0,"Local Written Blocks":0,"Temp Read Blocks":0,"Temp Written Blocks":0,"I/O Read Time":0.0,"I/O Write Time":0.0,"Temp I/O Read Time":0.0,"Temp I/O Write Time":0.0},{"Node Type":"Seq Scan","Parent Relationship":"Member","Parallel Aware":false,"Async Capable":false,"Relation Name":"stock","Schema":"public","Alias":"stock","Startup Cost":0.0,"Total Cost":5.62,"Plan Rows":162,"Plan Width":6,"Actual Startup Time":0.0,"Actual Total Time":0.0,"Actual Rows":0,"Actual Loops":0,"Output":["stock.s_w_id","stock.s_i_id"],"Shared Hit Blocks":0,"Shared Read Blocks":0,"Shared Dirtied Blocks":0,"Shared Written Blocks":0,"Local Hit Blocks":0,"Local Read Blocks":0,"Local Dirtied Blocks":0,"Local Written Blocks":0,"Temp Read Blocks":0,"Temp Written Blocks":0,"I/O Read Time":0.0,"I/O Write Time":0.0,"Temp I/O Read Time":0.0,"Temp I/O Write Time":0.0}]}]}]},{"Node Type":"Hash","Parent Relationship":"Inner","Parallel Aware":false,"Async Capable":false,"Startup Cost":279.02,"Total Cost":279.02,"Plan Rows":2000,"Plan Width":20,"Actual Startup Time":2.538,"Actual Total Time":2.55,"Actual Rows":3506,"Actual Loops":1,"Output":["supplier.su_suppkey","supplier.su_nationkey","nation.n_name","nation.n_nationkey"],"Hash Buckets":4096,"Original Hash Buckets":2048,"Hash Batches":1,"Original Hash Batches":1,"Peak Memory Usage":217,"Shared Hit Blocks":2,"Shared Read Blocks":0,"Shared Dirtied Blocks":0,"Shared Written Blocks":0,"Local Hit Blocks":0,"Local Read Blocks":0,"Local Dirtied Blocks":0,"Local Written Blocks":0,"Temp Read Blocks":0,"Temp Written Blocks":0,"I/O Read Time":0.0,"I/O Write Time":0.0,"Temp I/O Read Time":0.0,"Temp I/O Write Time":0.0,"Plans":[{"Node Type":"Hash Join","Parent Relationship":"Outer","Parallel Aware":false,"Async Capable":false,"Join Type":"Inner","Startup Cost":23.14,"Total Cost":279.02,"Plan Rows":2000,"Plan Width":20,"Actual Startup Time":0.556,"Actual Total Time":1.971,"Actual Rows":3506,"Actual Loops":1,"Output":["supplier.su_suppkey","supplier.su_nationkey","nation.n_name","nation.n_nationkey"],"Hash Cond":"(supplier.su_nationkey = nation.n_nationkey)","Shared Hit Blocks":2,"Shared Read Blocks":0,"Shared Dirtied Blocks":0,"Shared Written Blocks":0,"Local Hit Blocks":0,"Local Read Blocks":0,"Local Dirtied Blocks":0,"Local Written Blocks":0,"Temp Read Blocks":0,"Temp Written Blocks":0,"I/O Read Time":0.0,"I/O Write Time":0.0,"Temp I/O Read Time":0.0,"Temp I/O Write Time":0.0,"Plans":[{"Node Type":"Append","Parent Relationship":"Outer","Parallel Aware":false,"Async Capable":false,"Startup Cost":20.0,"Total Cost":219.01,"Plan Rows":10001,"Plan Width":8,"Actual Startup Time":0.119,"Actual Total Time":0.88,"Actual Rows":3506,"Actual Loops":1,"Shared Hit Blocks":0,"Shared Read Blocks":0,"Shared Dirtied Blocks":0,"Shared Written Blocks":0,"Local Hit Blocks":0,"Local Read Blocks":0,"Local Dirtied Blocks":0,"Local Written Blocks":0,"Temp Read Blocks":0,"Temp Written Blocks":0,"I/O Read Time":0.0,"I/O Write Time":0.0,"Temp I/O Read Time":0.0,"Temp I/O Write Time":0.0,"Subplans Removed":0,"Plans":[{"Node Type":"Custom Scan","Parent Relationship":"Member","Custom Plan Provider":"columnar scan","Parallel Aware":false,"Async Capable":false,"Relation Name":"supplier","Schema":"public","Alias":"supplier","Startup Cost":20.0,"Total Cost":215.0,"Plan Rows":10000,"Plan Width":8,"Actual Startup Time":0.118,"Actual Total Time":0.621,"Actual Rows":3506,"Actual Loops":1,"Output":["supplier.su_suppkey","supplier.su_nationkey"],"Rows Removed by Columnar Filter":6494,"Rows Filtered by Bloom Filter":0,"Dictionary Rows Filtered by Bloom Filter":6494,"Columnar cache search mode":"native","Shared Hit Blocks":0,"Shared Read Blocks":0,"Shared Dirtied Blocks":0,"Shared Written Blocks":0,"Local Hit Blocks":0,"Local Read Blocks":0,"Local Dirtied Blocks":0,"Local Written Blocks":0,"Temp Read Blocks":0,"Temp Written Blocks":0,"I/O Read Time":0.0,"I/O Write Time":0.0,"Temp I/O Read Time":0.0,"Temp I/O Write Time":0.0},{"Node Type":"Seq Scan","Parent Relationship":"Member","Parallel Aware":false,"Async Capable":false,"Relation Name":"supplier","Schema":"public","Alias":"supplier","Startup Cost":0.0,"Total Cost":4.01,"Plan Rows":1,"Plan Width":8,"Actual Startup Time":0.0,"Actual Total Time":0.0,"Actual Rows":0,"Actual Loops":0,"Output":["supplier.su_suppkey","supplier.su_nationkey"],"Shared Hit Blocks":0,"Shared Read Blocks":0,"Shared Dirtied Blocks":0,"Shared Written Blocks":0,"Local Hit Blocks":0,"Local Read Blocks":0,"Local Dirtied Blocks":0,"Local Written Blocks":0,"Temp Read Blocks":0,"Temp Written Blocks":0,"I/O Read Time":0.0,"I/O Write Time":0.0,"Temp I/O Read Time":0.0,"Temp I/O Write Time":0.0}]},{"Node Type":"Hash","Parent Relationship":"Inner","Parallel Aware":false,"Async Capable":false,"Startup Cost":2.99,"Total Cost":2.99,"Plan Rows":12,"Plan Width":12,"Actual Startup Time":0.051,"Actual Total Time":0.056,"Actual Rows":22,"Actual Loops":1,"Output":["nation.n_name","nation.n_nationkey"],"Hash Buckets":1024,"Original Hash Buckets":1024,"Hash Batches":1,"Original Hash Batches":1,"Peak Memory Usage":9,"Shared Hit Blocks":2,"Shared Read Blocks":0,"Shared Dirtied Blocks":0,"Shared Written Blocks":0,"Local Hit Blocks":0,"Local Read Blocks":0,"Local Dirtied Blocks":0,"Local Written Blocks":0,"Temp Read Blocks":0,"Temp Written Blocks":0,"I/O Read Time":0.0,"I/O Write Time":0.0,"Temp I/O Read Time":0.0,"Temp I/O Write Time":0.0,"Plans":[{"Node Type":"Hash Join","Parent Relationship":"Outer","Parallel Aware":false,"Async Capable":false,"Join Type":"Inner","Startup Cost":1.07,"Total Cost":2.99,"Plan Rows":12,"Plan Width":12,"Actual Startup Time":0.031,"Actual Total Time":0.047,"Actual Rows":22,"Actual Loops":1,"Output":["nation.n_name","nation.n_nationkey"],"Hash Cond":"(nation.n_regionkey = region.r_regionkey)","Shared Hit Blocks":2,"Shared Read Blocks":0,"Shared Dirtied Blocks":0,"Shared Written Blocks":0,"Local Hit Blocks":0,"Local Read Blocks":0,"Local Dirtied Blocks":0,"Local Written Blocks":0,"Temp Read Blocks":0,"Temp Written Blocks":0,"I/O Read Time":0.0,"I/O Write Time":0.0,"Temp I/O Read Time":0.0,"Temp I/O Write Time":0.0,"Plans":[{"Node Type":"Seq Scan","Parent Relationship":"Outer","Parallel Aware":false,"Async Capable":false,"Relation Name":"nation","Schema":"public","Alias":"nation","Startup Cost":0.0,"Total Cost":1.62,"Plan Rows":62,"Plan Width":16,"Actual Startup Time":0.008,"Actual Total Time":0.012,"Actual Rows":62,"Actual Loops":1,"Output":["nation.n_nationkey","nation.n_name","nation.n_regionkey","nation.n_comment"],"Shared Hit Blocks":1,"Shared Read Blocks":0,"Shared Dirtied Blocks":0,"Shared Written Blocks":0,"Local Hit Blocks":0,"Local Read Blocks":0,"Local Dirtied Blocks":0,"Local Written Blocks":0,"Temp Read Blocks":0,"Temp Written Blocks":0,"I/O Read Time":0.0,"I/O Write Time":0.0,"Temp I/O Read Time":0.0,"Temp I/O Write Time":0.0},{"Node Type":"Hash","Parent Relationship":"Inner","Parallel Aware":false,"Async Capable":false,"Startup Cost":1.06,"Total Cost":1.06,"Plan Rows":1,"Plan Width":4,"Actual Startup Time":0.01,"Actual Total Time":0.012,"Actual Rows":1,"Actual Loops":1,"Output":["region.r_regionkey"],"Hash Buckets":1024,"Original Hash Buckets":1024,"Hash Batches":1,"Original Hash Batches":1,"Peak Memory Usage":9,"Shared Hit Blocks":1,"Shared Read Blocks":0,"Shared Dirtied Blocks":0,"Shared Written Blocks":0,"Local Hit Blocks":0,"Local Read Blocks":0,"Local Dirtied Blocks":0,"Local Written Blocks":0,"Temp Read Blocks":0,"Temp Written Blocks":0,"I/O Read Time":0.0,"I/O Write Time":0.0,"Temp I/O Read Time":0.0,"Temp I/O Write Time":0.0,"Plans":[{"Node Type":"Seq Scan","Parent Relationship":"Outer","Parallel Aware":false,"Async Capable":false,"Relation Name":"region","Schema":"public","Alias":"region","Startup Cost":0.0,"Total Cost":1.06,"Plan Rows":1,"Plan Width":4,"Actual Startup Time":0.007,"Actual Total Time":0.007,"Actual Rows":1,"Actual Loops":1,"Output":["region.r_regionkey"],"Filter":"((region.r_name)::text = 'Europe'::text)","Rows Removed by Filter":4,"Shared Hit Blocks":1,"Shared Read Blocks":0,"Shared Dirtied Blocks":0,"Shared Written Blocks":0,"Local Hit Blocks":0,"Local Read Blocks":0,"Local Dirtied Blocks":0,"Local Written Blocks":0,"Temp Read Blocks":0,"Temp Written Blocks":0,"I/O Read Time":0.0,"I/O Write Time":0.0,"Temp I/O Read Time":0.0,"Temp I/O Write Time":0.0}]}]}]}]}]}]},{"Node Type":"Hash","Parent Relationship":"Inner","Parallel Aware":false,"Async Capable":false,"Startup Cost":67059.0,"Total Cost":67059.0,"Plan Rows":426548,"Plan Width":16,"Actual Startup Time":324.137,"Actual Total Time":324.138,"Actual Rows":428399,"Actual Loops":1,"Output":["orders.o_c_id","orders.o_w_id","orders.o_d_id","orders.o_id"],"Hash Buckets":262144,"Original Hash Buckets":262144,"Hash Batches":4,"Original Hash Batches":4,"Peak Memory Usage":7080,"Shared Hit Blocks":22059,"Shared Read Blocks":0,"Shared Dirtied Blocks":0,"Shared Written Blocks":0,"Local Hit Blocks":0,"Local Read Blocks":0,"Local Dirtied Blocks":0,"Local Written Blocks":0,"Temp Read Blocks":0,"Temp Written Blocks":1410,"I/O Read Time":0.0,"I/O Write Time":0.0,"Temp I/O Read Time":0.0,"Temp I/O Write Time":6.178,"Plans":[{"Node Type":"Seq Scan","Parent Relationship":"Outer","Parallel Aware":false,"Async Capable":false,"Relation Name":"orders","Schema":"public","Alias":"orders","Startup Cost":0.0,"Total Cost":67059.0,"Plan Rows":426548,"Plan Width":16,"Actual Startup Time":0.776,"Actual Total Time":222.683,"Actual Rows":428399,"Actual Loops":1,"Output":["orders.o_c_id","orders.o_w_id","orders.o_d_id","orders.o_id"],"Filter":"((orders.o_entry_d >= '1993-01-02 20:10:02.27764'::timestamp without time zone) AND (orders.o_entry_d < '1994-01-02 20:10:02.27764'::timestamp without time zone))","Rows Removed by Filter":2571601,"Shared Hit Blocks":22059,"Shared Read Blocks":0,"Shared Dirtied Blocks":0,"Shared Written Blocks":0,"Local Hit Blocks":0,"Local Read Blocks":0,"Local Dirtied Blocks":0,"Local Written Blocks":0,"Temp Read Blocks":0,"Temp Written Blocks":0,"I/O Read Time":0.0,"I/O Write Time":0.0,"Temp I/O Read Time":0.0,"Temp I/O Write Time":0.0}]}]},{"Node Type":"Hash","Parent Relationship":"Inner","Parallel Aware":false,"Async Capable":false,"Startup Cost":259601.38,"Total Cost":259601.38,"Plan Rows":2999738,"Plan Width":12,"Actual Startup Time":1285.109,"Actual Total Time":1285.111,"Actual Rows":3000000,"Actual Loops":1,"Output":["customer.c_id","customer.c_w_id","customer.c_d_id","customer.c_nationkey"],"Hash Buckets":262144,"Original Hash Buckets":262144,"Hash Batches":32,"Original Hash Batches":32,"Peak Memory Usage":6058,"Shared Hit Blocks":229604,"Shared Read Blocks":0,"Shared Dirtied Blocks":0,"Shared Written Blocks":0,"Local Hit Blocks":0,"Local Read Blocks":0,"Local Dirtied Blocks":0,"Local Written Blocks":0,"Temp Read Blocks":0,"Temp Written Blocks":11339,"I/O Read Time":0.0,"I/O Write Time":0.0,"Temp I/O Read Time":0.0,"Temp I/O Write Time":55.005,"Plans":[{"Node Type":"Seq Scan","Parent Relationship":"Outer","Parallel Aware":false,"Async Capable":false,"Relation Name":"customer","Schema":"public","Alias":"customer","Startup Cost":0.0,"Total Cost":259601.38,"Plan Rows":2999738,"Plan Width":12,"Actual Startup Time":0.015,"Actual Total Time":710.544,"Actual Rows":3000000,"Actual Loops":1,"Output":["customer.c_id","customer.c_w_id","customer.c_d_id","customer.c_nationkey"],"Shared Hit Blocks":229604,"Shared Read Blocks":0,"Shared Dirtied Blocks":0,"Shared Written Blocks":0,"Local Hit Blocks":0,"Local Read Blocks":0,"Local Dirtied Blocks":0,"Local Written Blocks":0,"Temp Read Blocks":0,"Temp Written Blocks":0,"I/O Read Time":0.0,"I/O Write Time":0.0,"Temp I/O Read Time":0.0,"Temp I/O Write Time":0.0}]}]}]}]}]},"Planning":{"Shared Hit Blocks":16,"Shared Read Blocks":0,"Shared Dirtied Blocks":0,"Shared Written Blocks":0,"Local Hit Blocks":0,"Local Read Blocks":0,"Local Dirtied Blocks":0,"Local Written Blocks":0,"Temp Read Blocks":0,"Temp Written Blocks":0,"I/O Read Time":0.0,"I/O Write Time":0.0,"Temp I/O Read Time":0.0,"Temp I/O Write Time":0.0},"Planning Time":5.083,"Triggers":[],"Execution Time":5298.758}]
[列存组合]: orders, region, stock
[{"Plan":{"Node Type":"Sort","Parallel Aware":false,"Async Capable":false,"Startup Cost":2015869.77,"Total Cost":2015869.92,"Plan Rows":62,"Plan Width":40,"Actual Startup Time":16468.633,"Actual Total Time":16468.659,"Actual Rows":11,"Actual Loops":1,"Output":["nation.n_name","(sum(order_line.ol_amount))"],"Sort Key":["(sum(order_line.ol_amount)) DESC"],"Sort Method":"quicksort","Sort Space Used":25,"Sort Space Type":"Memory","Shared Hit Blocks":598045,"Shared Read Blocks":0,"Shared Dirtied Blocks":0,"Shared Written Blocks":0,"Local Hit Blocks":0,"Local Read Blocks":0,"Local Dirtied Blocks":0,"Local Written Blocks":0,"Temp Read Blocks":129460,"Temp Written Blocks":129487,"I/O Read Time":0.0,"I/O Write Time":0.0,"Temp I/O Read Time":205.776,"Temp I/O Write Time":523.538,"Plans":[{"Node Type":"Aggregate","Strategy":"Sorted","Partial Mode":"Simple","Parent Relationship":"Outer","Parallel Aware":false,"Async Capable":false,"Startup Cost":2015793.98,"Total Cost":2015867.92,"Plan Rows":62,"Plan Width":40,"Actual Startup Time":16465.745,"Actual Total Time":16468.642,"Actual Rows":11,"Actual Loops":1,"Output":["nation.n_name","sum(order_line.ol_amount)"],"Group Key":["nation.n_name"],"Shared Hit Blocks":598045,"Shared Read Blocks":0,"Shared Dirtied Blocks":0,"Shared Written Blocks":0,"Local Hit Blocks":0,"Local Read Blocks":0,"Local Dirtied Blocks":0,"Local Written Blocks":0,"Temp Read Blocks":129460,"Temp Written Blocks":129487,"I/O Read Time":0.0,"I/O Write Time":0.0,"Temp I/O Read Time":205.776,"Temp I/O Write Time":523.538,"Plans":[{"Node Type":"Sort","Parent Relationship":"Outer","Parallel Aware":false,"Async Capable":false,"Startup Cost":2015793.98,"Total Cost":2015818.37,"Plan Rows":9755,"Plan Width":12,"Actual Startup Time":16465.532,"Actual Total Time":16466.339,"Actual Rows":17493,"Actual Loops":1,"Output":["nation.n_name","order_line.ol_amount"],"Sort Key":["nation.n_name"],"Sort Method":"quicksort","Sort Space Used":1725,"Sort Space Type":"Memory","Shared Hit Blocks":598045,"Shared Read Blocks":0,"Shared Dirtied Blocks":0,"Shared Written Blocks":0,"Local Hit Blocks":0,"Local Read Blocks":0,"Local Dirtied Blocks":0,"Local Written Blocks":0,"Temp Read Blocks":129460,"Temp Written Blocks":129487,"I/O Read Time":0.0,"I/O Write Time":0.0,"Temp I/O Read Time":205.776,"Temp I/O Write Time":523.538,"Plans":[{"Node Type":"Hash Join","Parent Relationship":"Outer","Parallel Aware":false,"Async Capable":false,"Join Type":"Inner","Startup Cost":1691650.71,"Total Cost":2015147.62,"Plan Rows":9755,"Plan Width":12,"Actual Startup Time":14598.963,"Actual Total Time":16456.433,"Actual Rows":17493,"Actual Loops":1,"Output":["nation.n_name","order_line.ol_amount"],"Inner Unique":true,"Hash Cond":"((mod((stock.s_w_id * stock.s_i_id), 10000) = supplier.su_suppkey) AND (customer.c_nationkey = supplier.su_nationkey))","Shared Hit Blocks":598045,"Shared Read Blocks":0,"Shared Dirtied Blocks":0,"Shared Written Blocks":0,"Local Hit Blocks":0,"Local Read Blocks":0,"Local Dirtied Blocks":0,"Local Written Blocks":0,"Temp Read Blocks":129460,"Temp Written Blocks":129487,"I/O Read Time":0.0,"I/O Write Time":0.0,"Temp I/O Read Time":205.776,"Temp I/O Write Time":523.538,"Plans":[{"Node Type":"Merge Join","Parent Relationship":"Outer","Parallel Aware":false,"Async Capable":false,"Join Type":"Inner","Startup Cost":1691183.71,"Total Cost":2011365.49,"Plan Rows":602749,"Plan Width":26,"Actual Startup Time":14595.941,"Actual Total Time":16315.079,"Actual Rows":1109507,"Actual Loops":1,"Output":["customer.c_nationkey","order_line.ol_amount","stock.s_w_id","stock.s_i_id","nation.n_name","nation.n_nationkey"],"Inner Unique":true,"Merge Cond":"((customer.c_w_id = stock.s_w_id) AND (order_line.ol_i_id = stock.s_i_id))","Shared Hit Blocks":597828,"Shared Read Blocks":0,"Shared Dirtied Blocks":0,"Shared Written Blocks":0,"Local Hit Blocks":0,"Local Read Blocks":0,"Local Dirtied Blocks":0,"Local Written Blocks":0,"Temp Read Blocks":129460,"Temp Written Blocks":129487,"I/O Read Time":0.0,"I/O Write Time":0.0,"Temp I/O Read Time":205.776,"Temp I/O Write Time":523.538,"Plans":[{"Node Type":"Sort","Parent Relationship":"Outer","Parallel Aware":false,"Async Capable":false,"Startup Cost":1691183.28,"Total Cost":1692670.96,"Plan Rows":595073,"Plan Width":30,"Actual Startup Time":14595.884,"Actual Total Time":14775.108,"Actual Rows":1109507,"Actual Loops":1,"Output":["customer.c_w_id","customer.c_nationkey","orders.o_w_id","order_line.ol_amount","order_line.ol_w_id","order_line.ol_i_id","nation.n_name","nation.n_nationkey"],"Sort Key":["customer.c_w_id","order_line.ol_i_id"],"Sort Method":"external merge","Sort Space Used":47304,"Sort Space Type":"Disk","Shared Hit Blocks":570490,"Shared Read Blocks":0,"Shared Dirtied Blocks":0,"Shared Written Blocks":0,"Local Hit Blocks":0,"Local Read Blocks":0,"Local Dirtied Blocks":0,"Local Written Blocks":0,"Temp Read Blocks":129460,"Temp Written Blocks":129487,"I/O Read Time":0.0,"I/O Write Time":0.0,"Temp I/O Read Time":205.776,"Temp I/O Write Time":523.538,"Plans":[{"Node Type":"Hash Join","Parent Relationship":"Outer","Parallel Aware":false,"Async Capable":false,"Join Type":"Inner","Startup Cost":402039.66,"Total Cost":1619869.72,"Plan Rows":595073,"Plan Width":30,"Actual Startup Time":1408.823,"Actual Total Time":13210.782,"Actual Rows":1109507,"Actual Loops":1,"Output":["customer.c_w_id","customer.c_nationkey","orders.o_w_id","order_line.ol_amount","order_line.ol_w_id","order_line.ol_i_id","nation.n_name","nation.n_nationkey"],"Inner Unique":false,"Hash Cond":"(customer.c_nationkey = nation.n_nationkey)","Shared Hit Blocks":570490,"Shared Read Blocks":0,"Shared Dirtied Blocks":0,"Shared Written Blocks":0,"Local Hit Blocks":0,"Local Read Blocks":0,"Local Dirtied Blocks":0,"Local Written Blocks":0,"Temp Read Blocks":117643,"Temp Written Blocks":117643,"I/O Read Time":0.0,"I/O Write Time":0.0,"Temp I/O Read Time":188.174,"Temp I/O Write Time":492.44,"Plans":[{"Node Type":"Hash Join","Parent Relationship":"Outer","Parallel Aware":false,"Async Capable":false,"Join Type":"Inner","Startup Cost":402036.52,"Total Cost":1602950.18,"Plan Rows":2975367,"Plan Width":18,"Actual Startup Time":1399.373,"Actual Total Time":12783.0,"Actual Rows":4284922,"Actual Loops":1,"Output":["customer.c_w_id","customer.c_nationkey","orders.o_w_id","order_line.ol_amount","order_line.ol_w_id","order_line.ol_i_id"],"Inner Unique":true,"Hash Cond":"((orders.o_c_id = customer.c_id) AND (orders.o_w_id = customer.c_w_id) AND (orders.o_d_id = customer.c_d_id))","Shared Hit Blocks":570488,"Shared Read Blocks":0,"Shared Dirtied Blocks":0,"Shared Written Blocks":0,"Local Hit Blocks":0,"Local Read Blocks":0,"Local Dirtied Blocks":0,"Local Written Blocks":0,"Temp Read Blocks":117643,"Temp Written Blocks":117643,"I/O Read Time":0.0,"I/O Write Time":0.0,"Temp I/O Read Time":188.174,"Temp I/O Write Time":492.44,"Plans":[{"Node Type":"Hash Join","Parent Relationship":"Outer","Parallel Aware":false,"Async Capable":false,"Join Type":"Inner","Startup Cost":75291.73,"Total Cost":1203258.36,"Plan Rows":2975367,"Plan Width":20,"Actual Startup Time":247.755,"Actual Total Time":9496.878,"Actual Rows":4284922,"Actual Loops":1,"Output":["orders.o_c_id","orders.o_w_id","orders.o_d_id","order_line.ol_amount","order_line.ol_w_id","order_line.ol_d_id","order_line.ol_i_id"],"Inner Unique":true,"Hash Cond":"((order_line.ol_w_id = orders.o_w_id) AND (order_line.ol_d_id = orders.o_d_id) AND (order_line.ol_o_id = orders.o_id))","Shared Hit Blocks":340884,"Shared Read Blocks":0,"Shared Dirtied Blocks":0,"Shared Written Blocks":0,"Local Hit Blocks":0,"Local Read Blocks":0,"Local Dirtied Blocks":0,"Local Written Blocks":0,"Temp Read Blocks":85996,"Temp Written Blocks":85996,"I/O Read Time":0.0,"I/O Write Time":0.0,"Temp I/O Read Time":137.601,"Temp I/O Write Time":344.081,"Plans":[{"Node Type":"Seq Scan","Parent Relationship":"Outer","Parallel Aware":false,"Async Capable":false,"Relation Name":"order_line","Schema":"public","Alias":"order_line","Startup Cost":0.0,"Total Cost":715856.4,"Plan Rows":20926367,"Plan Width":20,"Actual Startup Time":0.006,"Actual Total Time":3668.537,"Actual Rows":21002151,"Actual Loops":1,"Output":["order_line.ol_amount","order_line.ol_o_id","order_line.ol_w_id","order_line.ol_d_id","order_line.ol_i_id"],"Filter":"(order_line.ol_delivery_d >= '1992-01-02 20:10:02.27764'::timestamp without time zone)","Rows Removed by Filter":8995581,"Shared Hit Blocks":340884,"Shared Read Blocks":0,"Shared Dirtied Blocks":0,"Shared Written Blocks":0,"Local Hit Blocks":0,"Local Read Blocks":0,"Local Dirtied Blocks":0,"Local Written Blocks":0,"Temp Read Blocks":0,"Temp Written Blocks":0,"I/O Read Time":0.0,"I/O Write Time":0.0,"Temp I/O Read Time":0.0,"Temp I/O Write Time":0.0},{"Node Type":"Hash","Parent Relationship":"Inner","Parallel Aware":false,"Async Capable":false,"Startup Cost":65744.12,"Total Cost":65744.12,"Plan Rows":426549,"Plan Width":16,"Actual Startup Time":179.994,"Actual Total Time":180.002,"Actual Rows":428399,"Actual Loops":1,"Output":["orders.o_c_id","orders.o_w_id","orders.o_d_id","orders.o_id"],"Hash Buckets":262144,"Original Hash Buckets":262144,"Hash Batches":4,"Original Hash Batches":4,"Peak Memory Usage":7080,"Shared Hit Blocks":0,"Shared Read Blocks":0,"Shared Dirtied Blocks":0,"Shared Written Blocks":0,"Local Hit Blocks":0,"Local Read Blocks":0,"Local Dirtied Blocks":0,"Local Written Blocks":0,"Temp Read Blocks":0,"Temp Written Blocks":1410,"I/O Read Time":0.0,"I/O Write Time":0.0,"Temp I/O Read Time":0.0,"Temp I/O Write Time":5.735,"Plans":[{"Node Type":"Append","Parent Relationship":"Outer","Parallel Aware":false,"Async Capable":false,"Startup Cost":20.0,"Total Cost":65744.12,"Plan Rows":426549,"Plan Width":16,"Actual Startup Time":0.527,"Actual Total Time":103.026,"Actual Rows":428399,"Actual Loops":1,"Shared Hit Blocks":0,"Shared Read Blocks":0,"Shared Dirtied Blocks":0,"Shared Written Blocks":0,"Local Hit Blocks":0,"Local Read Blocks":0,"Local Dirtied Blocks":0,"Local Written Blocks":0,"Temp Read Blocks":0,"Temp Written Blocks":0,"I/O Read Time":0.0,"I/O Write Time":0.0,"Temp I/O Read Time":0.0,"Temp I/O Write Time":0.0,"Subplans Removed":0,"Plans":[{"Node Type":"Custom Scan","Parent Relationship":"Member","Custom Plan Provider":"columnar scan","Parallel Aware":false,"Async Capable":false,"Relation Name":"orders","Schema":"public","Alias":"orders","Startup Cost":20.0,"Total Cost":10043.96,"Plan Rows":426548,"Plan Width":16,"Actual Startup Time":0.526,"Actual Total Time":72.226,"Actual Rows":428399,"Actual Loops":1,"Output":["orders.o_c_id","orders.o_w_id","orders.o_d_id","orders.o_id"],"Filter":"((orders.o_entry_d < '1994-01-02 20:10:02.27764'::timestamp without time zone) AND (orders.o_entry_d >= '1993-01-02 20:10:02.27764'::timestamp without time zone))","Rows Removed by Filter":0,"Rows Removed by Columnar Filter":2571601,"Columnar cache search mode":"native","Shared Hit Blocks":0,"Shared Read Blocks":0,"Shared Dirtied Blocks":0,"Shared Written Blocks":0,"Local Hit Blocks":0,"Local Read Blocks":0,"Local Dirtied Blocks":0,"Local Written Blocks":0,"Temp Read Blocks":0,"Temp Written Blocks":0,"I/O Read Time":0.0,"I/O Write Time":0.0,"Temp I/O Read Time":0.0,"Temp I/O Write Time":0.0},{"Node Type":"Seq Scan","Parent Relationship":"Member","Parallel Aware":false,"Async Capable":false,"Relation Name":"orders","Schema":"public","Alias":"orders","Startup Cost":0.0,"Total Cost":4.01,"Plan Rows":1,"Plan Width":16,"Actual Startup Time":0.0,"Actual Total Time":0.0,"Actual Rows":0,"Actual Loops":0,"Output":["orders.o_c_id","orders.o_w_id","orders.o_d_id","orders.o_id"],"Filter":"((orders.o_entry_d < '1994-01-02 20:10:02.27764'::timestamp without time zone) AND (orders.o_entry_d >= '1993-01-02 20:10:02.27764'::timestamp without time zone))","Rows Removed by Filter":0,"Shared Hit Blocks":0,"Shared Read Blocks":0,"Shared Dirtied Blocks":0,"Shared Written Blocks":0,"Local Hit Blocks":0,"Local Read Blocks":0,"Local Dirtied Blocks":0,"Local Written Blocks":0,"Temp Read Blocks":0,"Temp Written Blocks":0,"I/O Read Time":0.0,"I/O Write Time":0.0,"Temp I/O Read Time":0.0,"Temp I/O Write Time":0.0}]}]}]},{"Node Type":"Hash","Parent Relationship":"Inner","Parallel Aware":false,"Async Capable":false,"Startup Cost":259601.38,"Total Cost":259601.38,"Plan Rows":2999738,"Plan Width":12,"Actual Startup Time":1149.277,"Actual Total Time":1149.279,"Actual Rows":3000000,"Actual Loops":1,"Output":["customer.c_id","customer.c_w_id","customer.c_d_id","customer.c_nationkey"],"Hash Buckets":262144,"Original Hash Buckets":262144,"Hash Batches":32,"Original Hash Batches":32,"Peak Memory Usage":6090,"Shared Hit Blocks":229604,"Shared Read Blocks":0,"Shared Dirtied Blocks":0,"Shared Written Blocks":0,"Local Hit Blocks":0,"Local Read Blocks":0,"Local Dirtied Blocks":0,"Local Written Blocks":0,"Temp Read Blocks":0,"Temp Written Blocks":11335,"I/O Read Time":0.0,"I/O Write Time":0.0,"Temp I/O Read Time":0.0,"Temp I/O Write Time":54.287,"Plans":[{"Node Type":"Seq Scan","Parent Relationship":"Outer","Parallel Aware":false,"Async Capable":false,"Relation Name":"customer","Schema":"public","Alias":"customer","Startup Cost":0.0,"Total Cost":259601.38,"Plan Rows":2999738,"Plan Width":12,"Actual Startup Time":0.018,"Actual Total Time":644.907,"Actual Rows":3000000,"Actual Loops":1,"Output":["customer.c_id","customer.c_w_id","customer.c_d_id","customer.c_nationkey"],"Shared Hit Blocks":229604,"Shared Read Blocks":0,"Shared Dirtied Blocks":0,"Shared Written Blocks":0,"Local Hit Blocks":0,"Local Read Blocks":0,"Local Dirtied Blocks":0,"Local Written Blocks":0,"Temp Read Blocks":0,"Temp Written Blocks":0,"I/O Read Time":0.0,"I/O Write Time":0.0,"Temp I/O Read Time":0.0,"Temp I/O Write Time":0.0}]}]},{"Node Type":"Hash","Parent Relationship":"Inner","Parallel Aware":false,"Async Capable":false,"Startup Cost":2.99,"Total Cost":2.99,"Plan Rows":12,"Plan Width":12,"Actual Startup Time":0.044,"Actual Total Time":0.047,"Actual Rows":22,"Actual Loops":1,"Output":["nation.n_name","nation.n_nationkey"],"Hash Buckets":1024,"Original Hash Buckets":1024,"Hash Batches":1,"Original Hash Batches":1,"Peak Memory Usage":9,"Shared Hit Blocks":2,"Shared Read Blocks":0,"Shared Dirtied Blocks":0,"Shared Written Blocks":0,"Local Hit Blocks":0,"Local Read Blocks":0,"Local Dirtied Blocks":0,"Local Written Blocks":0,"Temp Read Blocks":0,"Temp Written Blocks":0,"I/O Read Time":0.0,"I/O Write Time":0.0,"Temp I/O Read Time":0.0,"Temp I/O Write Time":0.0,"Plans":[{"Node Type":"Hash Join","Parent Relationship":"Outer","Parallel Aware":false,"Async Capable":false,"Join Type":"Inner","Startup Cost":1.07,"Total Cost":2.99,"Plan Rows":12,"Plan Width":12,"Actual Startup Time":0.026,"Actual Total Time":0.04,"Actual Rows":22,"Actual Loops":1,"Output":["nation.n_name","nation.n_nationkey"],"Inner Unique":true,"Hash Cond":"(nation.n_regionkey = region.r_regionkey)","Shared Hit Blocks":2,"Shared Read Blocks":0,"Shared Dirtied Blocks":0,"Shared Written Blocks":0,"Local Hit Blocks":0,"Local Read Blocks":0,"Local Dirtied Blocks":0,"Local Written Blocks":0,"Temp Read Blocks":0,"Temp Written Blocks":0,"I/O Read Time":0.0,"I/O Write Time":0.0,"Temp I/O Read Time":0.0,"Temp I/O Write Time":0.0,"Plans":[{"Node Type":"Seq Scan","Parent Relationship":"Outer","Parallel Aware":false,"Async Capable":false,"Relation Name":"nation","Schema":"public","Alias":"nation","Startup Cost":0.0,"Total Cost":1.62,"Plan Rows":62,"Plan Width":16,"Actual Startup Time":0.006,"Actual Total Time":0.01,"Actual Rows":62,"Actual Loops":1,"Output":["nation.n_nationkey","nation.n_name","nation.n_regionkey","nation.n_comment"],"Shared Hit Blocks":1,"Shared Read Blocks":0,"Shared Dirtied Blocks":0,"Shared Written Blocks":0,"Local Hit Blocks":0,"Local Read Blocks":0,"Local Dirtied Blocks":0,"Local Written Blocks":0,"Temp Read Blocks":0,"Temp Written Blocks":0,"I/O Read Time":0.0,"I/O Write Time":0.0,"Temp I/O Read Time":0.0,"Temp I/O Write Time":0.0},{"Node Type":"Hash","Parent Relationship":"Inner","Parallel Aware":false,"Async Capable":false,"Startup Cost":1.06,"Total Cost":1.06,"Plan Rows":1,"Plan Width":4,"Actual Startup Time":0.009,"Actual Total Time":0.01,"Actual Rows":1,"Actual Loops":1,"Output":["region.r_regionkey"],"Hash Buckets":1024,"Original Hash Buckets":1024,"Hash Batches":1,"Original Hash Batches":1,"Peak Memory Usage":9,"Shared Hit Blocks":1,"Shared Read Blocks":0,"Shared Dirtied Blocks":0,"Shared Written Blocks":0,"Local Hit Blocks":0,"Local Read Blocks":0,"Local Dirtied Blocks":0,"Local Written Blocks":0,"Temp Read Blocks":0,"Temp Written Blocks":0,"I/O Read Time":0.0,"I/O Write Time":0.0,"Temp I/O Read Time":0.0,"Temp I/O Write Time":0.0,"Plans":[{"Node Type":"Seq Scan","Parent Relationship":"Outer","Parallel Aware":false,"Async Capable":false,"Relation Name":"region","Schema":"public","Alias":"region","Startup Cost":0.0,"Total Cost":1.06,"Plan Rows":1,"Plan Width":4,"Actual Startup Time":0.007,"Actual Total Time":0.007,"Actual Rows":1,"Actual Loops":1,"Output":["region.r_regionkey"],"Filter":"((region.r_name)::text = 'Europe'::text)","Rows Removed by Filter":4,"Shared Hit Blocks":1,"Shared Read Blocks":0,"Shared Dirtied Blocks":0,"Shared Written Blocks":0,"Local Hit Blocks":0,"Local Read Blocks":0,"Local Dirtied Blocks":0,"Local Written Blocks":0,"Temp Read Blocks":0,"Temp Written Blocks":0,"I/O Read Time":0.0,"I/O Write Time":0.0,"Temp I/O Read Time":0.0,"Temp I/O Write Time":0.0}]}]}]}]}]},{"Node Type":"Index Only Scan","Parent Relationship":"Inner","Parallel Aware":false,"Async Capable":false,"Scan Direction":"Forward","Index Name":"stock_pk","Relation Name":"stock","Schema":"public","Alias":"stock","Startup Cost":0.43,"Total Cost":259690.86,"Plan Rows":10000162,"Plan Width":6,"Actual Startup Time":0.042,"Actual Total Time":719.292,"Actual Rows":9999996,"Actual Loops":1,"Output":["stock.s_w_id","stock.s_i_id"],"Heap Fetches":0,"Shared Hit Blocks":27338,"Shared Read Blocks":0,"Shared Dirtied Blocks":0,"Shared Written Blocks":0,"Local Hit Blocks":0,"Local Read Blocks":0,"Local Dirtied Blocks":0,"Local Written Blocks":0,"Temp Read Blocks":0,"Temp Written Blocks":0,"I/O Read Time":0.0,"I/O Write Time":0.0,"Temp I/O Read Time":0.0,"Temp I/O Write Time":0.0}]},{"Node Type":"Hash","Parent Relationship":"Inner","Parallel Aware":false,"Async Capable":false,"Startup Cost":317.0,"Total Cost":317.0,"Plan Rows":10000,"Plan Width":8,"Actual Startup Time":2.593,"Actual Total Time":2.594,"Actual Rows":10000,"Actual Loops":1,"Output":["supplier.su_suppkey","supplier.su_nationkey"],"Hash Buckets":16384,"Original Hash Buckets":16384,"Hash Batches":1,"Original Hash Batches":1,"Peak Memory Usage":519,"Shared Hit Blocks":217,"Shared Read Blocks":0,"Shared Dirtied Blocks":0,"Shared Written Blocks":0,"Local Hit Blocks":0,"Local Read Blocks":0,"Local Dirtied Blocks":0,"Local Written Blocks":0,"Temp Read Blocks":0,"Temp Written Blocks":0,"I/O Read Time":0.0,"I/O Write Time":0.0,"Temp I/O Read Time":0.0,"Temp I/O Write Time":0.0,"Plans":[{"Node Type":"Seq Scan","Parent Relationship":"Outer","Parallel Aware":false,"Async Capable":false,"Relation Name":"supplier","Schema":"public","Alias":"supplier","Startup Cost":0.0,"Total Cost":317.0,"Plan Rows":10000,"Plan Width":8,"Actual Startup Time":0.009,"Actual Total Time":1.282,"Actual Rows":10000,"Actual Loops":1,"Output":["supplier.su_suppkey","supplier.su_nationkey"],"Shared Hit Blocks":217,"Shared Read Blocks":0,"Shared Dirtied Blocks":0,"Shared Written Blocks":0,"Local Hit Blocks":0,"Local Read Blocks":0,"Local Dirtied Blocks":0,"Local Written Blocks":0,"Temp Read Blocks":0,"Temp Written Blocks":0,"I/O Read Time":0.0,"I/O Write Time":0.0,"Temp I/O Read Time":0.0,"Temp I/O Write Time":0.0}]}]}]}]}]},"Planning":{"Shared Hit Blocks":16,"Shared Read Blocks":0,"Shared Dirtied Blocks":0,"Shared Written Blocks":0,"Local Hit Blocks":0,"Local Read Blocks":0,"Local Dirtied Blocks":0,"Local Written Blocks":0,"Temp Read Blocks":0,"Temp Written Blocks":0,"I/O Read Time":0.0,"I/O Write Time":0.0,"Temp I/O Read Time":0.0,"Temp I/O Write Time":0.0},"Planning Time":4.921,"Triggers":[],"Execution Time":16476.846}]
[列存组合]: orders, region, supplier
[{"Plan":{"Node Type":"Sort","Parallel Aware":false,"Async Capable":false,"Startup Cost":2015771.79,"Total Cost":2015771.95,"Plan Rows":62,"Plan Width":40,"Actual Startup Time":16553.596,"Actual Total Time":16553.625,"Actual Rows":11,"Actual Loops":1,"Output":["nation.n_name","(sum(order_line.ol_amount))"],"Sort Key":["(sum(order_line.ol_amount)) DESC"],"Sort Method":"quicksort","Sort Space Used":25,"Sort Space Type":"Memory","Shared Hit Blocks":597828,"Shared Read Blocks":0,"Shared Dirtied Blocks":0,"Shared Written Blocks":0,"Local Hit Blocks":0,"Local Read Blocks":0,"Local Dirtied Blocks":0,"Local Written Blocks":0,"Temp Read Blocks":129460,"Temp Written Blocks":129487,"I/O Read Time":0.0,"I/O Write Time":0.0,"Temp I/O Read Time":202.583,"Temp I/O Write Time":511.069,"Plans":[{"Node Type":"Aggregate","Strategy":"Sorted","Partial Mode":"Simple","Parent Relationship":"Outer","Parallel Aware":false,"Async Capable":false,"Startup Cost":2015696.01,"Total Cost":2015769.95,"Plan Rows":62,"Plan Width":40,"Actual Startup Time":16550.725,"Actual Total Time":16553.613,"Actual Rows":11,"Actual Loops":1,"Output":["nation.n_name","sum(order_line.ol_amount)"],"Group Key":["nation.n_name"],"Shared Hit Blocks":597828,"Shared Read Blocks":0,"Shared Dirtied Blocks":0,"Shared Written Blocks":0,"Local Hit Blocks":0,"Local Read Blocks":0,"Local Dirtied Blocks":0,"Local Written Blocks":0,"Temp Read Blocks":129460,"Temp Written Blocks":129487,"I/O Read Time":0.0,"I/O Write Time":0.0,"Temp I/O Read Time":202.583,"Temp I/O Write Time":511.069,"Plans":[{"Node Type":"Sort","Parent Relationship":"Outer","Parallel Aware":false,"Async Capable":false,"Startup Cost":2015696.01,"Total Cost":2015720.4,"Plan Rows":9755,"Plan Width":12,"Actual Startup Time":16550.51,"Actual Total Time":16551.282,"Actual Rows":17493,"Actual Loops":1,"Output":["nation.n_name","order_line.ol_amount"],"Sort Key":["nation.n_name"],"Sort Method":"quicksort","Sort Space Used":1725,"Sort Space Type":"Memory","Shared Hit Blocks":597828,"Shared Read Blocks":0,"Shared Dirtied Blocks":0,"Shared Written Blocks":0,"Local Hit Blocks":0,"Local Read Blocks":0,"Local Dirtied Blocks":0,"Local Written Blocks":0,"Temp Read Blocks":129460,"Temp Written Blocks":129487,"I/O Read Time":0.0,"I/O Write Time":0.0,"Temp I/O Read Time":202.583,"Temp I/O Write Time":511.069,"Plans":[{"Node Type":"Hash Join","Parent Relationship":"Outer","Parallel Aware":false,"Async Capable":false,"Join Type":"Inner","Startup Cost":1691552.74,"Total Cost":2015049.65,"Plan Rows":9755,"Plan Width":12,"Actual Startup Time":14687.197,"Actual Total Time":16541.405,"Actual Rows":17493,"Actual Loops":1,"Output":["nation.n_name","order_line.ol_amount"],"Inner Unique":true,"Hash Cond":"((mod((stock.s_w_id * stock.s_i_id), 10000) = supplier.su_suppkey) AND (customer.c_nationkey = supplier.su_nationkey))","Shared Hit Blocks":597828,"Shared Read Blocks":0,"Shared Dirtied Blocks":0,"Shared Written Blocks":0,"Local Hit Blocks":0,"Local Read Blocks":0,"Local Dirtied Blocks":0,"Local Written Blocks":0,"Temp Read Blocks":129460,"Temp Written Blocks":129487,"I/O Read Time":0.0,"I/O Write Time":0.0,"Temp I/O Read Time":202.583,"Temp I/O Write Time":511.069,"Plans":[{"Node Type":"Merge Join","Parent Relationship":"Outer","Parallel Aware":false,"Async Capable":false,"Join Type":"Inner","Startup Cost":1691183.71,"Total Cost":2011365.49,"Plan Rows":602749,"Plan Width":26,"Actual Startup Time":14683.722,"Actual Total Time":16400.251,"Actual Rows":1109507,"Actual Loops":1,"Output":["customer.c_nationkey","order_line.ol_amount","stock.s_w_id","stock.s_i_id","nation.n_name","nation.n_nationkey"],"Inner Unique":true,"Merge Cond":"((customer.c_w_id = stock.s_w_id) AND (order_line.ol_i_id = stock.s_i_id))","Shared Hit Blocks":597828,"Shared Read Blocks":0,"Shared Dirtied Blocks":0,"Shared Written Blocks":0,"Local Hit Blocks":0,"Local Read Blocks":0,"Local Dirtied Blocks":0,"Local Written Blocks":0,"Temp Read Blocks":129460,"Temp Written Blocks":129487,"I/O Read Time":0.0,"I/O Write Time":0.0,"Temp I/O Read Time":202.583,"Temp I/O Write Time":511.069,"Plans":[{"Node Type":"Sort","Parent Relationship":"Outer","Parallel Aware":false,"Async Capable":false,"Startup Cost":1691183.28,"Total Cost":1692670.96,"Plan Rows":595073,"Plan Width":30,"Actual Startup Time":14683.663,"Actual Total Time":14862.928,"Actual Rows":1109507,"Actual Loops":1,"Output":["customer.c_w_id","customer.c_nationkey","orders.o_w_id","order_line.ol_amount","order_line.ol_w_id","order_line.ol_i_id","nation.n_name","nation.n_nationkey"],"Sort Key":["customer.c_w_id","order_line.ol_i_id"],"Sort Method":"external merge","Sort Space Used":47304,"Sort Space Type":"Disk","Shared Hit Blocks":570490,"Shared Read Blocks":0,"Shared Dirtied Blocks":0,"Shared Written Blocks":0,"Local Hit Blocks":0,"Local Read Blocks":0,"Local Dirtied Blocks":0,"Local Written Blocks":0,"Temp Read Blocks":129460,"Temp Written Blocks":129487,"I/O Read Time":0.0,"I/O Write Time":0.0,"Temp I/O Read Time":202.583,"Temp I/O Write Time":511.069,"Plans":[{"Node Type":"Hash Join","Parent Relationship":"Outer","Parallel Aware":false,"Async Capable":false,"Join Type":"Inner","Startup Cost":402039.66,"Total Cost":1619869.72,"Plan Rows":595073,"Plan Width":30,"Actual Startup Time":1406.804,"Actual Total Time":13244.162,"Actual Rows":1109507,"Actual Loops":1,"Output":["customer.c_w_id","customer.c_nationkey","orders.o_w_id","order_line.ol_amount","order_line.ol_w_id","order_line.ol_i_id","nation.n_name","nation.n_nationkey"],"Inner Unique":false,"Hash Cond":"(customer.c_nationkey = nation.n_nationkey)","Shared Hit Blocks":570490,"Shared Read Blocks":0,"Shared Dirtied Blocks":0,"Shared Written Blocks":0,"Local Hit Blocks":0,"Local Read Blocks":0,"Local Dirtied Blocks":0,"Local Written Blocks":0,"Temp Read Blocks":117643,"Temp Written Blocks":117643,"I/O Read Time":0.0,"I/O Write Time":0.0,"Temp I/O Read Time":185.296,"Temp I/O Write Time":478.532,"Plans":[{"Node Type":"Hash Join","Parent Relationship":"Outer","Parallel Aware":false,"Async Capable":false,"Join Type":"Inner","Startup Cost":402036.52,"Total Cost":1602950.18,"Plan Rows":2975367,"Plan Width":18,"Actual Startup Time":1397.384,"Actual Total Time":12801.574,"Actual Rows":4284922,"Actual Loops":1,"Output":["customer.c_w_id","customer.c_nationkey","orders.o_w_id","order_line.ol_amount","order_line.ol_w_id","order_line.ol_i_id"],"Inner Unique":true,"Hash Cond":"((orders.o_c_id = customer.c_id) AND (orders.o_w_id = customer.c_w_id) AND (orders.o_d_id = customer.c_d_id))","Shared Hit Blocks":570488,"Shared Read Blocks":0,"Shared Dirtied Blocks":0,"Shared Written Blocks":0,"Local Hit Blocks":0,"Local Read Blocks":0,"Local Dirtied Blocks":0,"Local Written Blocks":0,"Temp Read Blocks":117643,"Temp Written Blocks":117643,"I/O Read Time":0.0,"I/O Write Time":0.0,"Temp I/O Read Time":185.296,"Temp I/O Write Time":478.532,"Plans":[{"Node Type":"Hash Join","Parent Relationship":"Outer","Parallel Aware":false,"Async Capable":false,"Join Type":"Inner","Startup Cost":75291.73,"Total Cost":1203258.36,"Plan Rows":2975367,"Plan Width":20,"Actual Startup Time":244.584,"Actual Total Time":9456.618,"Actual Rows":4284922,"Actual Loops":1,"Output":["orders.o_c_id","orders.o_w_id","orders.o_d_id","order_line.ol_amount","order_line.ol_w_id","order_line.ol_d_id","order_line.ol_i_id"],"Inner Unique":true,"Hash Cond":"((order_line.ol_w_id = orders.o_w_id) AND (order_line.ol_d_id = orders.o_d_id) AND (order_line.ol_o_id = orders.o_id))","Shared Hit Blocks":340884,"Shared Read Blocks":0,"Shared Dirtied Blocks":0,"Shared Written Blocks":0,"Local Hit Blocks":0,"Local Read Blocks":0,"Local Dirtied Blocks":0,"Local Written Blocks":0,"Temp Read Blocks":85996,"Temp Written Blocks":85996,"I/O Read Time":0.0,"I/O Write Time":0.0,"Temp I/O Read Time":134.067,"Temp I/O Write Time":334.076,"Plans":[{"Node Type":"Seq Scan","Parent Relationship":"Outer","Parallel Aware":false,"Async Capable":false,"Relation Name":"order_line","Schema":"public","Alias":"order_line","Startup Cost":0.0,"Total Cost":715856.4,"Plan Rows":20926367,"Plan Width":20,"Actual Startup Time":0.006,"Actual Total Time":3665.119,"Actual Rows":21002151,"Actual Loops":1,"Output":["order_line.ol_amount","order_line.ol_o_id","order_line.ol_w_id","order_line.ol_d_id","order_line.ol_i_id"],"Filter":"(order_line.ol_delivery_d >= '1992-01-02 20:10:02.27764'::timestamp without time zone)","Rows Removed by Filter":8995581,"Shared Hit Blocks":340884,"Shared Read Blocks":0,"Shared Dirtied Blocks":0,"Shared Written Blocks":0,"Local Hit Blocks":0,"Local Read Blocks":0,"Local Dirtied Blocks":0,"Local Written Blocks":0,"Temp Read Blocks":0,"Temp Written Blocks":0,"I/O Read Time":0.0,"I/O Write Time":0.0,"Temp I/O Read Time":0.0,"Temp I/O Write Time":0.0},{"Node Type":"Hash","Parent Relationship":"Inner","Parallel Aware":false,"Async Capable":false,"Startup Cost":65744.12,"Total Cost":65744.12,"Plan Rows":426549,"Plan Width":16,"Actual Startup Time":177.473,"Actual Total Time":177.481,"Actual Rows":428399,"Actual Loops":1,"Output":["orders.o_c_id","orders.o_w_id","orders.o_d_id","orders.o_id"],"Hash Buckets":262144,"Original Hash Buckets":262144,"Hash Batches":4,"Original Hash Batches":4,"Peak Memory Usage":7080,"Shared Hit Blocks":0,"Shared Read Blocks":0,"Shared Dirtied Blocks":0,"Shared Written Blocks":0,"Local Hit Blocks":0,"Local Read Blocks":0,"Local Dirtied Blocks":0,"Local Written Blocks":0,"Temp Read Blocks":0,"Temp Written Blocks":1410,"I/O Read Time":0.0,"I/O Write Time":0.0,"Temp I/O Read Time":0.0,"Temp I/O Write Time":5.602,"Plans":[{"Node Type":"Append","Parent Relationship":"Outer","Parallel Aware":false,"Async Capable":false,"Startup Cost":20.0,"Total Cost":65744.12,"Plan Rows":426549,"Plan Width":16,"Actual Startup Time":0.506,"Actual Total Time":102.223,"Actual Rows":428399,"Actual Loops":1,"Shared Hit Blocks":0,"Shared Read Blocks":0,"Shared Dirtied Blocks":0,"Shared Written Blocks":0,"Local Hit Blocks":0,"Local Read Blocks":0,"Local Dirtied Blocks":0,"Local Written Blocks":0,"Temp Read Blocks":0,"Temp Written Blocks":0,"I/O Read Time":0.0,"I/O Write Time":0.0,"Temp I/O Read Time":0.0,"Temp I/O Write Time":0.0,"Subplans Removed":0,"Plans":[{"Node Type":"Custom Scan","Parent Relationship":"Member","Custom Plan Provider":"columnar scan","Parallel Aware":false,"Async Capable":false,"Relation Name":"orders","Schema":"public","Alias":"orders","Startup Cost":20.0,"Total Cost":10043.96,"Plan Rows":426548,"Plan Width":16,"Actual Startup Time":0.505,"Actual Total Time":71.556,"Actual Rows":428399,"Actual Loops":1,"Output":["orders.o_c_id","orders.o_w_id","orders.o_d_id","orders.o_id"],"Filter":"((orders.o_entry_d < '1994-01-02 20:10:02.27764'::timestamp without time zone) AND (orders.o_entry_d >= '1993-01-02 20:10:02.27764'::timestamp without time zone))","Rows Removed by Filter":0,"Rows Removed by Columnar Filter":2571601,"Columnar cache search mode":"native","Shared Hit Blocks":0,"Shared Read Blocks":0,"Shared Dirtied Blocks":0,"Shared Written Blocks":0,"Local Hit Blocks":0,"Local Read Blocks":0,"Local Dirtied Blocks":0,"Local Written Blocks":0,"Temp Read Blocks":0,"Temp Written Blocks":0,"I/O Read Time":0.0,"I/O Write Time":0.0,"Temp I/O Read Time":0.0,"Temp I/O Write Time":0.0},{"Node Type":"Seq Scan","Parent Relationship":"Member","Parallel Aware":false,"Async Capable":false,"Relation Name":"orders","Schema":"public","Alias":"orders","Startup Cost":0.0,"Total Cost":4.01,"Plan Rows":1,"Plan Width":16,"Actual Startup Time":0.0,"Actual Total Time":0.0,"Actual Rows":0,"Actual Loops":0,"Output":["orders.o_c_id","orders.o_w_id","orders.o_d_id","orders.o_id"],"Filter":"((orders.o_entry_d < '1994-01-02 20:10:02.27764'::timestamp without time zone) AND (orders.o_entry_d >= '1993-01-02 20:10:02.27764'::timestamp without time zone))","Rows Removed by Filter":0,"Shared Hit Blocks":0,"Shared Read Blocks":0,"Shared Dirtied Blocks":0,"Shared Written Blocks":0,"Local Hit Blocks":0,"Local Read Blocks":0,"Local Dirtied Blocks":0,"Local Written Blocks":0,"Temp Read Blocks":0,"Temp Written Blocks":0,"I/O Read Time":0.0,"I/O Write Time":0.0,"Temp I/O Read Time":0.0,"Temp I/O Write Time":0.0}]}]}]},{"Node Type":"Hash","Parent Relationship":"Inner","Parallel Aware":false,"Async Capable":false,"Startup Cost":259601.38,"Total Cost":259601.38,"Plan Rows":2999738,"Plan Width":12,"Actual Startup Time":1150.505,"Actual Total Time":1150.507,"Actual Rows":3000000,"Actual Loops":1,"Output":["customer.c_id","customer.c_w_id","customer.c_d_id","customer.c_nationkey"],"Hash Buckets":262144,"Original Hash Buckets":262144,"Hash Batches":32,"Original Hash Batches":32,"Peak Memory Usage":6090,"Shared Hit Blocks":229604,"Shared Read Blocks":0,"Shared Dirtied Blocks":0,"Shared Written Blocks":0,"Local Hit Blocks":0,"Local Read Blocks":0,"Local Dirtied Blocks":0,"Local Written Blocks":0,"Temp Read Blocks":0,"Temp Written Blocks":11335,"I/O Read Time":0.0,"I/O Write Time":0.0,"Temp I/O Read Time":0.0,"Temp I/O Write Time":52.239,"Plans":[{"Node Type":"Seq Scan","Parent Relationship":"Outer","Parallel Aware":false,"Async Capable":false,"Relation Name":"customer","Schema":"public","Alias":"customer","Startup Cost":0.0,"Total Cost":259601.38,"Plan Rows":2999738,"Plan Width":12,"Actual Startup Time":0.009,"Actual Total Time":646.782,"Actual Rows":3000000,"Actual Loops":1,"Output":["customer.c_id","customer.c_w_id","customer.c_d_id","customer.c_nationkey"],"Shared Hit Blocks":229604,"Shared Read Blocks":0,"Shared Dirtied Blocks":0,"Shared Written Blocks":0,"Local Hit Blocks":0,"Local Read Blocks":0,"Local Dirtied Blocks":0,"Local Written Blocks":0,"Temp Read Blocks":0,"Temp Written Blocks":0,"I/O Read Time":0.0,"I/O Write Time":0.0,"Temp I/O Read Time":0.0,"Temp I/O Write Time":0.0}]}]},{"Node Type":"Hash","Parent Relationship":"Inner","Parallel Aware":false,"Async Capable":false,"Startup Cost":2.99,"Total Cost":2.99,"Plan Rows":12,"Plan Width":12,"Actual Startup Time":0.035,"Actual Total Time":0.04,"Actual Rows":22,"Actual Loops":1,"Output":["nation.n_name","nation.n_nationkey"],"Hash Buckets":1024,"Original Hash Buckets":1024,"Hash Batches":1,"Original Hash Batches":1,"Peak Memory Usage":9,"Shared Hit Blocks":2,"Shared Read Blocks":0,"Shared Dirtied Blocks":0,"Shared Written Blocks":0,"Local Hit Blocks":0,"Local Read Blocks":0,"Local Dirtied Blocks":0,"Local Written Blocks":0,"Temp Read Blocks":0,"Temp Written Blocks":0,"I/O Read Time":0.0,"I/O Write Time":0.0,"Temp I/O Read Time":0.0,"Temp I/O Write Time":0.0,"Plans":[{"Node Type":"Hash Join","Parent Relationship":"Outer","Parallel Aware":false,"Async Capable":false,"Join Type":"Inner","Startup Cost":1.07,"Total Cost":2.99,"Plan Rows":12,"Plan Width":12,"Actual Startup Time":0.019,"Actual Total Time":0.034,"Actual Rows":22,"Actual Loops":1,"Output":["nation.n_name","nation.n_nationkey"],"Inner Unique":true,"Hash Cond":"(nation.n_regionkey = region.r_regionkey)","Shared Hit Blocks":2,"Shared Read Blocks":0,"Shared Dirtied Blocks":0,"Shared Written Blocks":0,"Local Hit Blocks":0,"Local Read Blocks":0,"Local Dirtied Blocks":0,"Local Written Blocks":0,"Temp Read Blocks":0,"Temp Written Blocks":0,"I/O Read Time":0.0,"I/O Write Time":0.0,"Temp I/O Read Time":0.0,"Temp I/O Write Time":0.0,"Plans":[{"Node Type":"Seq Scan","Parent Relationship":"Outer","Parallel Aware":false,"Async Capable":false,"Relation Name":"nation","Schema":"public","Alias":"nation","Startup Cost":0.0,"Total Cost":1.62,"Plan Rows":62,"Plan Width":16,"Actual Startup Time":0.005,"Actual Total Time":0.009,"Actual Rows":62,"Actual Loops":1,"Output":["nation.n_nationkey","nation.n_name","nation.n_regionkey","nation.n_comment"],"Shared Hit Blocks":1,"Shared Read Blocks":0,"Shared Dirtied Blocks":0,"Shared Written Blocks":0,"Local Hit Blocks":0,"Local Read Blocks":0,"Local Dirtied Blocks":0,"Local Written Blocks":0,"Temp Read Blocks":0,"Temp Written Blocks":0,"I/O Read Time":0.0,"I/O Write Time":0.0,"Temp I/O Read Time":0.0,"Temp I/O Write Time":0.0},{"Node Type":"Hash","Parent Relationship":"Inner","Parallel Aware":false,"Async Capable":false,"Startup Cost":1.06,"Total Cost":1.06,"Plan Rows":1,"Plan Width":4,"Actual Startup Time":0.007,"Actual Total Time":0.008,"Actual Rows":1,"Actual Loops":1,"Output":["region.r_regionkey"],"Hash Buckets":1024,"Original Hash Buckets":1024,"Hash Batches":1,"Original Hash Batches":1,"Peak Memory Usage":9,"Shared Hit Blocks":1,"Shared Read Blocks":0,"Shared Dirtied Blocks":0,"Shared Written Blocks":0,"Local Hit Blocks":0,"Local Read Blocks":0,"Local Dirtied Blocks":0,"Local Written Blocks":0,"Temp Read Blocks":0,"Temp Written Blocks":0,"I/O Read Time":0.0,"I/O Write Time":0.0,"Temp I/O Read Time":0.0,"Temp I/O Write Time":0.0,"Plans":[{"Node Type":"Seq Scan","Parent Relationship":"Outer","Parallel Aware":false,"Async Capable":false,"Relation Name":"region","Schema":"public","Alias":"region","Startup Cost":0.0,"Total Cost":1.06,"Plan Rows":1,"Plan Width":4,"Actual Startup Time":0.006,"Actual Total Time":0.006,"Actual Rows":1,"Actual Loops":1,"Output":["region.r_regionkey"],"Filter":"((region.r_name)::text = 'Europe'::text)","Rows Removed by Filter":4,"Shared Hit Blocks":1,"Shared Read Blocks":0,"Shared Dirtied Blocks":0,"Shared Written Blocks":0,"Local Hit Blocks":0,"Local Read Blocks":0,"Local Dirtied Blocks":0,"Local Written Blocks":0,"Temp Read Blocks":0,"Temp Written Blocks":0,"I/O Read Time":0.0,"I/O Write Time":0.0,"Temp I/O Read Time":0.0,"Temp I/O Write Time":0.0}]}]}]}]}]},{"Node Type":"Index Only Scan","Parent Relationship":"Inner","Parallel Aware":false,"Async Capable":false,"Scan Direction":"Forward","Index Name":"stock_pk","Relation Name":"stock","Schema":"public","Alias":"stock","Startup Cost":0.43,"Total Cost":259690.86,"Plan Rows":10000162,"Plan Width":6,"Actual Startup Time":0.045,"Actual Total Time":719.488,"Actual Rows":9999996,"Actual Loops":1,"Output":["stock.s_w_id","stock.s_i_id"],"Heap Fetches":0,"Shared Hit Blocks":27338,"Shared Read Blocks":0,"Shared Dirtied Blocks":0,"Shared Written Blocks":0,"Local Hit Blocks":0,"Local Read Blocks":0,"Local Dirtied Blocks":0,"Local Written Blocks":0,"Temp Read Blocks":0,"Temp Written Blocks":0,"I/O Read Time":0.0,"I/O Write Time":0.0,"Temp I/O Read Time":0.0,"Temp I/O Write Time":0.0}]},{"Node Type":"Hash","Parent Relationship":"Inner","Parallel Aware":false,"Async Capable":false,"Startup Cost":219.01,"Total Cost":219.01,"Plan Rows":10001,"Plan Width":8,"Actual Startup Time":3.083,"Actual Total Time":3.085,"Actual Rows":10000,"Actual Loops":1,"Output":["supplier.su_suppkey","supplier.su_nationkey"],"Hash Buckets":16384,"Original Hash Buckets":16384,"Hash Batches":1,"Original Hash Batches":1,"Peak Memory Usage":519,"Shared Hit Blocks":0,"Shared Read Blocks":0,"Shared Dirtied Blocks":0,"Shared Written Blocks":0,"Local Hit Blocks":0,"Local Read Blocks":0,"Local Dirtied Blocks":0,"Local Written Blocks":0,"Temp Read Blocks":0,"Temp Written Blocks":0,"I/O Read Time":0.0,"I/O Write Time":0.0,"Temp I/O Read Time":0.0,"Temp I/O Write Time":0.0,"Plans":[{"Node Type":"Append","Parent Relationship":"Outer","Parallel Aware":false,"Async Capable":false,"Startup Cost":20.0,"Total Cost":219.01,"Plan Rows":10001,"Plan Width":8,"Actual Startup Time":0.012,"Actual Total Time":1.795,"Actual Rows":10000,"Actual Loops":1,"Shared Hit Blocks":0,"Shared Read Blocks":0,"Shared Dirtied Blocks":0,"Shared Written Blocks":0,"Local Hit Blocks":0,"Local Read Blocks":0,"Local Dirtied Blocks":0,"Local Written Blocks":0,"Temp Read Blocks":0,"Temp Written Blocks":0,"I/O Read Time":0.0,"I/O Write Time":0.0,"Temp I/O Read Time":0.0,"Temp I/O Write Time":0.0,"Subplans Removed":0,"Plans":[{"Node Type":"Custom Scan","Parent Relationship":"Member","Custom Plan Provider":"columnar scan","Parallel Aware":false,"Async Capable":false,"Relation Name":"supplier","Schema":"public","Alias":"supplier","Startup Cost":20.0,"Total Cost":215.0,"Plan Rows":10000,"Plan Width":8,"Actual Startup Time":0.011,"Actual Total Time":1.057,"Actual Rows":10000,"Actual Loops":1,"Output":["supplier.su_suppkey","supplier.su_nationkey"],"Rows Removed by Columnar Filter":0,"Columnar cache search mode":"native","Shared Hit Blocks":0,"Shared Read Blocks":0,"Shared Dirtied Blocks":0,"Shared Written Blocks":0,"Local Hit Blocks":0,"Local Read Blocks":0,"Local Dirtied Blocks":0,"Local Written Blocks":0,"Temp Read Blocks":0,"Temp Written Blocks":0,"I/O Read Time":0.0,"I/O Write Time":0.0,"Temp I/O Read Time":0.0,"Temp I/O Write Time":0.0},{"Node Type":"Seq Scan","Parent Relationship":"Member","Parallel Aware":false,"Async Capable":false,"Relation Name":"supplier","Schema":"public","Alias":"supplier","Startup Cost":0.0,"Total Cost":4.01,"Plan Rows":1,"Plan Width":8,"Actual Startup Time":0.0,"Actual Total Time":0.0,"Actual Rows":0,"Actual Loops":0,"Output":["supplier.su_suppkey","supplier.su_nationkey"],"Shared Hit Blocks":0,"Shared Read Blocks":0,"Shared Dirtied Blocks":0,"Shared Written Blocks":0,"Local Hit Blocks":0,"Local Read Blocks":0,"Local Dirtied Blocks":0,"Local Written Blocks":0,"Temp Read Blocks":0,"Temp Written Blocks":0,"I/O Read Time":0.0,"I/O Write Time":0.0,"Temp I/O Read Time":0.0,"Temp I/O Write Time":0.0}]}]}]}]}]}]},"Planning":{"Shared Hit Blocks":16,"Shared Read Blocks":0,"Shared Dirtied Blocks":0,"Shared Written Blocks":0,"Local Hit Blocks":0,"Local Read Blocks":0,"Local Dirtied Blocks":0,"Local Written Blocks":0,"Temp Read Blocks":0,"Temp Written Blocks":0,"I/O Read Time":0.0,"I/O Write Time":0.0,"Temp I/O Read Time":0.0,"Temp I/O Write Time":0.0},"Planning Time":4.118,"Triggers":[],"Execution Time":16561.071}]
[列存组合]: orders, stock, supplier
[{"Plan":{"Node Type":"Sort","Parallel Aware":false,"Async Capable":false,"Startup Cost":2015771.79,"Total Cost":2015771.95,"Plan Rows":62,"Plan Width":40,"Actual Startup Time":16442.437,"Actual Total Time":16442.468,"Actual Rows":11,"Actual Loops":1,"Output":["nation.n_name","(sum(order_line.ol_amount))"],"Sort Key":["(sum(order_line.ol_amount)) DESC"],"Sort Method":"quicksort","Sort Space Used":25,"Sort Space Type":"Memory","Shared Hit Blocks":597828,"Shared Read Blocks":0,"Shared Dirtied Blocks":0,"Shared Written Blocks":0,"Local Hit Blocks":0,"Local Read Blocks":0,"Local Dirtied Blocks":0,"Local Written Blocks":0,"Temp Read Blocks":129460,"Temp Written Blocks":129487,"I/O Read Time":0.0,"I/O Write Time":0.0,"Temp I/O Read Time":206.768,"Temp I/O Write Time":513.723,"Plans":[{"Node Type":"Aggregate","Strategy":"Sorted","Partial Mode":"Simple","Parent Relationship":"Outer","Parallel Aware":false,"Async Capable":false,"Startup Cost":2015696.01,"Total Cost":2015769.95,"Plan Rows":62,"Plan Width":40,"Actual Startup Time":16439.576,"Actual Total Time":16442.453,"Actual Rows":11,"Actual Loops":1,"Output":["nation.n_name","sum(order_line.ol_amount)"],"Group Key":["nation.n_name"],"Shared Hit Blocks":597828,"Shared Read Blocks":0,"Shared Dirtied Blocks":0,"Shared Written Blocks":0,"Local Hit Blocks":0,"Local Read Blocks":0,"Local Dirtied Blocks":0,"Local Written Blocks":0,"Temp Read Blocks":129460,"Temp Written Blocks":129487,"I/O Read Time":0.0,"I/O Write Time":0.0,"Temp I/O Read Time":206.768,"Temp I/O Write Time":513.723,"Plans":[{"Node Type":"Sort","Parent Relationship":"Outer","Parallel Aware":false,"Async Capable":false,"Startup Cost":2015696.01,"Total Cost":2015720.4,"Plan Rows":9755,"Plan Width":12,"Actual Startup Time":16439.363,"Actual Total Time":16440.132,"Actual Rows":17493,"Actual Loops":1,"Output":["nation.n_name","order_line.ol_amount"],"Sort Key":["nation.n_name"],"Sort Method":"quicksort","Sort Space Used":1725,"Sort Space Type":"Memory","Shared Hit Blocks":597828,"Shared Read Blocks":0,"Shared Dirtied Blocks":0,"Shared Written Blocks":0,"Local Hit Blocks":0,"Local Read Blocks":0,"Local Dirtied Blocks":0,"Local Written Blocks":0,"Temp Read Blocks":129460,"Temp Written Blocks":129487,"I/O Read Time":0.0,"I/O Write Time":0.0,"Temp I/O Read Time":206.768,"Temp I/O Write Time":513.723,"Plans":[{"Node Type":"Hash Join","Parent Relationship":"Outer","Parallel Aware":false,"Async Capable":false,"Join Type":"Inner","Startup Cost":1691552.74,"Total Cost":2015049.65,"Plan Rows":9755,"Plan Width":12,"Actual Startup Time":14573.09,"Actual Total Time":16430.128,"Actual Rows":17493,"Actual Loops":1,"Output":["nation.n_name","order_line.ol_amount"],"Inner Unique":true,"Hash Cond":"((mod((stock.s_w_id * stock.s_i_id), 10000) = supplier.su_suppkey) AND (customer.c_nationkey = supplier.su_nationkey))","Shared Hit Blocks":597828,"Shared Read Blocks":0,"Shared Dirtied Blocks":0,"Shared Written Blocks":0,"Local Hit Blocks":0,"Local Read Blocks":0,"Local Dirtied Blocks":0,"Local Written Blocks":0,"Temp Read Blocks":129460,"Temp Written Blocks":129487,"I/O Read Time":0.0,"I/O Write Time":0.0,"Temp I/O Read Time":206.768,"Temp I/O Write Time":513.723,"Plans":[{"Node Type":"Merge Join","Parent Relationship":"Outer","Parallel Aware":false,"Async Capable":false,"Join Type":"Inner","Startup Cost":1691183.71,"Total Cost":2011365.49,"Plan Rows":602749,"Plan Width":26,"Actual Startup Time":14569.543,"Actual Total Time":16288.782,"Actual Rows":1109507,"Actual Loops":1,"Output":["customer.c_nationkey","order_line.ol_amount","stock.s_w_id","stock.s_i_id","nation.n_name","nation.n_nationkey"],"Inner Unique":true,"Merge Cond":"((customer.c_w_id = stock.s_w_id) AND (order_line.ol_i_id = stock.s_i_id))","Shared Hit Blocks":597828,"Shared Read Blocks":0,"Shared Dirtied Blocks":0,"Shared Written Blocks":0,"Local Hit Blocks":0,"Local Read Blocks":0,"Local Dirtied Blocks":0,"Local Written Blocks":0,"Temp Read Blocks":129460,"Temp Written Blocks":129487,"I/O Read Time":0.0,"I/O Write Time":0.0,"Temp I/O Read Time":206.768,"Temp I/O Write Time":513.723,"Plans":[{"Node Type":"Sort","Parent Relationship":"Outer","Parallel Aware":false,"Async Capable":false,"Startup Cost":1691183.28,"Total Cost":1692670.96,"Plan Rows":595073,"Plan Width":30,"Actual Startup Time":14569.482,"Actual Total Time":14748.47,"Actual Rows":1109507,"Actual Loops":1,"Output":["customer.c_w_id","customer.c_nationkey","orders.o_w_id","order_line.ol_amount","order_line.ol_w_id","order_line.ol_i_id","nation.n_name","nation.n_nationkey"],"Sort Key":["customer.c_w_id","order_line.ol_i_id"],"Sort Method":"external merge","Sort Space Used":47304,"Sort Space Type":"Disk","Shared Hit Blocks":570490,"Shared Read Blocks":0,"Shared Dirtied Blocks":0,"Shared Written Blocks":0,"Local Hit Blocks":0,"Local Read Blocks":0,"Local Dirtied Blocks":0,"Local Written Blocks":0,"Temp Read Blocks":129460,"Temp Written Blocks":129487,"I/O Read Time":0.0,"I/O Write Time":0.0,"Temp I/O Read Time":206.768,"Temp I/O Write Time":513.723,"Plans":[{"Node Type":"Hash Join","Parent Relationship":"Outer","Parallel Aware":false,"Async Capable":false,"Join Type":"Inner","Startup Cost":402039.66,"Total Cost":1619869.72,"Plan Rows":595073,"Plan Width":30,"Actual Startup Time":1433.093,"Actual Total Time":13187.754,"Actual Rows":1109507,"Actual Loops":1,"Output":["customer.c_w_id","customer.c_nationkey","orders.o_w_id","order_line.ol_amount","order_line.ol_w_id","order_line.ol_i_id","nation.n_name","nation.n_nationkey"],"Inner Unique":false,"Hash Cond":"(customer.c_nationkey = nation.n_nationkey)","Shared Hit Blocks":570490,"Shared Read Blocks":0,"Shared Dirtied Blocks":0,"Shared Written Blocks":0,"Local Hit Blocks":0,"Local Read Blocks":0,"Local Dirtied Blocks":0,"Local Written Blocks":0,"Temp Read Blocks":117643,"Temp Written Blocks":117643,"I/O Read Time":0.0,"I/O Write Time":0.0,"Temp I/O Read Time":189.25,"Temp I/O Write Time":482.642,"Plans":[{"Node Type":"Hash Join","Parent Relationship":"Outer","Parallel Aware":false,"Async Capable":false,"Join Type":"Inner","Startup Cost":402036.52,"Total Cost":1602950.18,"Plan Rows":2975367,"Plan Width":18,"Actual Startup Time":1423.646,"Actual Total Time":12762.805,"Actual Rows":4284922,"Actual Loops":1,"Output":["customer.c_w_id","customer.c_nationkey","orders.o_w_id","order_line.ol_amount","order_line.ol_w_id","order_line.ol_i_id"],"Inner Unique":true,"Hash Cond":"((orders.o_c_id = customer.c_id) AND (orders.o_w_id = customer.c_w_id) AND (orders.o_d_id = customer.c_d_id))","Shared Hit Blocks":570488,"Shared Read Blocks":0,"Shared Dirtied Blocks":0,"Shared Written Blocks":0,"Local Hit Blocks":0,"Local Read Blocks":0,"Local Dirtied Blocks":0,"Local Written Blocks":0,"Temp Read Blocks":117643,"Temp Written Blocks":117643,"I/O Read Time":0.0,"I/O Write Time":0.0,"Temp I/O Read Time":189.25,"Temp I/O Write Time":482.642,"Plans":[{"Node Type":"Hash Join","Parent Relationship":"Outer","Parallel Aware":false,"Async Capable":false,"Join Type":"Inner","Startup Cost":75291.73,"Total Cost":1203258.36,"Plan Rows":2975367,"Plan Width":20,"Actual Startup Time":244.689,"Actual Total Time":9452.642,"Actual Rows":4284922,"Actual Loops":1,"Output":["orders.o_c_id","orders.o_w_id","orders.o_d_id","order_line.ol_amount","order_line.ol_w_id","order_line.ol_d_id","order_line.ol_i_id"],"Inner Unique":true,"Hash Cond":"((order_line.ol_w_id = orders.o_w_id) AND (order_line.ol_d_id = orders.o_d_id) AND (order_line.ol_o_id = orders.o_id))","Shared Hit Blocks":340884,"Shared Read Blocks":0,"Shared Dirtied Blocks":0,"Shared Written Blocks":0,"Local Hit Blocks":0,"Local Read Blocks":0,"Local Dirtied Blocks":0,"Local Written Blocks":0,"Temp Read Blocks":85996,"Temp Written Blocks":85996,"I/O Read Time":0.0,"I/O Write Time":0.0,"Temp I/O Read Time":138.806,"Temp I/O Write Time":337.158,"Plans":[{"Node Type":"Seq Scan","Parent Relationship":"Outer","Parallel Aware":false,"Async Capable":false,"Relation Name":"order_line","Schema":"public","Alias":"order_line","Startup Cost":0.0,"Total Cost":715856.4,"Plan Rows":20926367,"Plan Width":20,"Actual Startup Time":0.007,"Actual Total Time":3660.236,"Actual Rows":21002151,"Actual Loops":1,"Output":["order_line.ol_amount","order_line.ol_o_id","order_line.ol_w_id","order_line.ol_d_id","order_line.ol_i_id"],"Filter":"(order_line.ol_delivery_d >= '1992-01-02 20:10:02.27764'::timestamp without time zone)","Rows Removed by Filter":8995581,"Shared Hit Blocks":340884,"Shared Read Blocks":0,"Shared Dirtied Blocks":0,"Shared Written Blocks":0,"Local Hit Blocks":0,"Local Read Blocks":0,"Local Dirtied Blocks":0,"Local Written Blocks":0,"Temp Read Blocks":0,"Temp Written Blocks":0,"I/O Read Time":0.0,"I/O Write Time":0.0,"Temp I/O Read Time":0.0,"Temp I/O Write Time":0.0},{"Node Type":"Hash","Parent Relationship":"Inner","Parallel Aware":false,"Async Capable":false,"Startup Cost":65744.12,"Total Cost":65744.12,"Plan Rows":426549,"Plan Width":16,"Actual Startup Time":177.6,"Actual Total Time":177.609,"Actual Rows":428399,"Actual Loops":1,"Output":["orders.o_c_id","orders.o_w_id","orders.o_d_id","orders.o_id"],"Hash Buckets":262144,"Original Hash Buckets":262144,"Hash Batches":4,"Original Hash Batches":4,"Peak Memory Usage":7080,"Shared Hit Blocks":0,"Shared Read Blocks":0,"Shared Dirtied Blocks":0,"Shared Written Blocks":0,"Local Hit Blocks":0,"Local Read Blocks":0,"Local Dirtied Blocks":0,"Local Written Blocks":0,"Temp Read Blocks":0,"Temp Written Blocks":1410,"I/O Read Time":0.0,"I/O Write Time":0.0,"Temp I/O Read Time":0.0,"Temp I/O Write Time":5.577,"Plans":[{"Node Type":"Append","Parent Relationship":"Outer","Parallel Aware":false,"Async Capable":false,"Startup Cost":20.0,"Total Cost":65744.12,"Plan Rows":426549,"Plan Width":16,"Actual Startup Time":0.519,"Actual Total Time":102.38,"Actual Rows":428399,"Actual Loops":1,"Shared Hit Blocks":0,"Shared Read Blocks":0,"Shared Dirtied Blocks":0,"Shared Written Blocks":0,"Local Hit Blocks":0,"Local Read Blocks":0,"Local Dirtied Blocks":0,"Local Written Blocks":0,"Temp Read Blocks":0,"Temp Written Blocks":0,"I/O Read Time":0.0,"I/O Write Time":0.0,"Temp I/O Read Time":0.0,"Temp I/O Write Time":0.0,"Subplans Removed":0,"Plans":[{"Node Type":"Custom Scan","Parent Relationship":"Member","Custom Plan Provider":"columnar scan","Parallel Aware":false,"Async Capable":false,"Relation Name":"orders","Schema":"public","Alias":"orders","Startup Cost":20.0,"Total Cost":10043.96,"Plan Rows":426548,"Plan Width":16,"Actual Startup Time":0.518,"Actual Total Time":71.69,"Actual Rows":428399,"Actual Loops":1,"Output":["orders.o_c_id","orders.o_w_id","orders.o_d_id","orders.o_id"],"Filter":"((orders.o_entry_d < '1994-01-02 20:10:02.27764'::timestamp without time zone) AND (orders.o_entry_d >= '1993-01-02 20:10:02.27764'::timestamp without time zone))","Rows Removed by Filter":0,"Rows Removed by Columnar Filter":2571601,"Columnar cache search mode":"native","Shared Hit Blocks":0,"Shared Read Blocks":0,"Shared Dirtied Blocks":0,"Shared Written Blocks":0,"Local Hit Blocks":0,"Local Read Blocks":0,"Local Dirtied Blocks":0,"Local Written Blocks":0,"Temp Read Blocks":0,"Temp Written Blocks":0,"I/O Read Time":0.0,"I/O Write Time":0.0,"Temp I/O Read Time":0.0,"Temp I/O Write Time":0.0},{"Node Type":"Seq Scan","Parent Relationship":"Member","Parallel Aware":false,"Async Capable":false,"Relation Name":"orders","Schema":"public","Alias":"orders","Startup Cost":0.0,"Total Cost":4.01,"Plan Rows":1,"Plan Width":16,"Actual Startup Time":0.0,"Actual Total Time":0.0,"Actual Rows":0,"Actual Loops":0,"Output":["orders.o_c_id","orders.o_w_id","orders.o_d_id","orders.o_id"],"Filter":"((orders.o_entry_d < '1994-01-02 20:10:02.27764'::timestamp without time zone) AND (orders.o_entry_d >= '1993-01-02 20:10:02.27764'::timestamp without time zone))","Rows Removed by Filter":0,"Shared Hit Blocks":0,"Shared Read Blocks":0,"Shared Dirtied Blocks":0,"Shared Written Blocks":0,"Local Hit Blocks":0,"Local Read Blocks":0,"Local Dirtied Blocks":0,"Local Written Blocks":0,"Temp Read Blocks":0,"Temp Written Blocks":0,"I/O Read Time":0.0,"I/O Write Time":0.0,"Temp I/O Read Time":0.0,"Temp I/O Write Time":0.0}]}]}]},{"Node Type":"Hash","Parent Relationship":"Inner","Parallel Aware":false,"Async Capable":false,"Startup Cost":259601.38,"Total Cost":259601.38,"Plan Rows":2999738,"Plan Width":12,"Actual Startup Time":1176.697,"Actual Total Time":1176.698,"Actual Rows":3000000,"Actual Loops":1,"Output":["customer.c_id","customer.c_w_id","customer.c_d_id","customer.c_nationkey"],"Hash Buckets":262144,"Original Hash Buckets":262144,"Hash Batches":32,"Original Hash Batches":32,"Peak Memory Usage":6090,"Shared Hit Blocks":229604,"Shared Read Blocks":0,"Shared Dirtied Blocks":0,"Shared Written Blocks":0,"Local Hit Blocks":0,"Local Read Blocks":0,"Local Dirtied Blocks":0,"Local Written Blocks":0,"Temp Read Blocks":0,"Temp Written Blocks":11335,"I/O Read Time":0.0,"I/O Write Time":0.0,"Temp I/O Read Time":0.0,"Temp I/O Write Time":52.125,"Plans":[{"Node Type":"Seq Scan","Parent Relationship":"Outer","Parallel Aware":false,"Async Capable":false,"Relation Name":"customer","Schema":"public","Alias":"customer","Startup Cost":0.0,"Total Cost":259601.38,"Plan Rows":2999738,"Plan Width":12,"Actual Startup Time":0.009,"Actual Total Time":663.228,"Actual Rows":3000000,"Actual Loops":1,"Output":["customer.c_id","customer.c_w_id","customer.c_d_id","customer.c_nationkey"],"Shared Hit Blocks":229604,"Shared Read Blocks":0,"Shared Dirtied Blocks":0,"Shared Written Blocks":0,"Local Hit Blocks":0,"Local Read Blocks":0,"Local Dirtied Blocks":0,"Local Written Blocks":0,"Temp Read Blocks":0,"Temp Written Blocks":0,"I/O Read Time":0.0,"I/O Write Time":0.0,"Temp I/O Read Time":0.0,"Temp I/O Write Time":0.0}]}]},{"Node Type":"Hash","Parent Relationship":"Inner","Parallel Aware":false,"Async Capable":false,"Startup Cost":2.99,"Total Cost":2.99,"Plan Rows":12,"Plan Width":12,"Actual Startup Time":0.039,"Actual Total Time":0.045,"Actual Rows":22,"Actual Loops":1,"Output":["nation.n_name","nation.n_nationkey"],"Hash Buckets":1024,"Original Hash Buckets":1024,"Hash Batches":1,"Original Hash Batches":1,"Peak Memory Usage":9,"Shared Hit Blocks":2,"Shared Read Blocks":0,"Shared Dirtied Blocks":0,"Shared Written Blocks":0,"Local Hit Blocks":0,"Local Read Blocks":0,"Local Dirtied Blocks":0,"Local Written Blocks":0,"Temp Read Blocks":0,"Temp Written Blocks":0,"I/O Read Time":0.0,"I/O Write Time":0.0,"Temp I/O Read Time":0.0,"Temp I/O Write Time":0.0,"Plans":[{"Node Type":"Hash Join","Parent Relationship":"Outer","Parallel Aware":false,"Async Capable":false,"Join Type":"Inner","Startup Cost":1.07,"Total Cost":2.99,"Plan Rows":12,"Plan Width":12,"Actual Startup Time":0.023,"Actual Total Time":0.038,"Actual Rows":22,"Actual Loops":1,"Output":["nation.n_name","nation.n_nationkey"],"Inner Unique":true,"Hash Cond":"(nation.n_regionkey = region.r_regionkey)","Shared Hit Blocks":2,"Shared Read Blocks":0,"Shared Dirtied Blocks":0,"Shared Written Blocks":0,"Local Hit Blocks":0,"Local Read Blocks":0,"Local Dirtied Blocks":0,"Local Written Blocks":0,"Temp Read Blocks":0,"Temp Written Blocks":0,"I/O Read Time":0.0,"I/O Write Time":0.0,"Temp I/O Read Time":0.0,"Temp I/O Write Time":0.0,"Plans":[{"Node Type":"Seq Scan","Parent Relationship":"Outer","Parallel Aware":false,"Async Capable":false,"Relation Name":"nation","Schema":"public","Alias":"nation","Startup Cost":0.0,"Total Cost":1.62,"Plan Rows":62,"Plan Width":16,"Actual Startup Time":0.006,"Actual Total Time":0.01,"Actual Rows":62,"Actual Loops":1,"Output":["nation.n_nationkey","nation.n_name","nation.n_regionkey","nation.n_comment"],"Shared Hit Blocks":1,"Shared Read Blocks":0,"Shared Dirtied Blocks":0,"Shared Written Blocks":0,"Local Hit Blocks":0,"Local Read Blocks":0,"Local Dirtied Blocks":0,"Local Written Blocks":0,"Temp Read Blocks":0,"Temp Written Blocks":0,"I/O Read Time":0.0,"I/O Write Time":0.0,"Temp I/O Read Time":0.0,"Temp I/O Write Time":0.0},{"Node Type":"Hash","Parent Relationship":"Inner","Parallel Aware":false,"Async Capable":false,"Startup Cost":1.06,"Total Cost":1.06,"Plan Rows":1,"Plan Width":4,"Actual Startup Time":0.008,"Actual Total Time":0.009,"Actual Rows":1,"Actual Loops":1,"Output":["region.r_regionkey"],"Hash Buckets":1024,"Original Hash Buckets":1024,"Hash Batches":1,"Original Hash Batches":1,"Peak Memory Usage":9,"Shared Hit Blocks":1,"Shared Read Blocks":0,"Shared Dirtied Blocks":0,"Shared Written Blocks":0,"Local Hit Blocks":0,"Local Read Blocks":0,"Local Dirtied Blocks":0,"Local Written Blocks":0,"Temp Read Blocks":0,"Temp Written Blocks":0,"I/O Read Time":0.0,"I/O Write Time":0.0,"Temp I/O Read Time":0.0,"Temp I/O Write Time":0.0,"Plans":[{"Node Type":"Seq Scan","Parent Relationship":"Outer","Parallel Aware":false,"Async Capable":false,"Relation Name":"region","Schema":"public","Alias":"region","Startup Cost":0.0,"Total Cost":1.06,"Plan Rows":1,"Plan Width":4,"Actual Startup Time":0.006,"Actual Total Time":0.006,"Actual Rows":1,"Actual Loops":1,"Output":["region.r_regionkey"],"Filter":"((region.r_name)::text = 'Europe'::text)","Rows Removed by Filter":4,"Shared Hit Blocks":1,"Shared Read Blocks":0,"Shared Dirtied Blocks":0,"Shared Written Blocks":0,"Local Hit Blocks":0,"Local Read Blocks":0,"Local Dirtied Blocks":0,"Local Written Blocks":0,"Temp Read Blocks":0,"Temp Written Blocks":0,"I/O Read Time":0.0,"I/O Write Time":0.0,"Temp I/O Read Time":0.0,"Temp I/O Write Time":0.0}]}]}]}]}]},{"Node Type":"Index Only Scan","Parent Relationship":"Inner","Parallel Aware":false,"Async Capable":false,"Scan Direction":"Forward","Index Name":"stock_pk","Relation Name":"stock","Schema":"public","Alias":"stock","Startup Cost":0.43,"Total Cost":259690.86,"Plan Rows":10000162,"Plan Width":6,"Actual Startup Time":0.046,"Actual Total Time":719.866,"Actual Rows":9999996,"Actual Loops":1,"Output":["stock.s_w_id","stock.s_i_id"],"Heap Fetches":0,"Shared Hit Blocks":27338,"Shared Read Blocks":0,"Shared Dirtied Blocks":0,"Shared Written Blocks":0,"Local Hit Blocks":0,"Local Read Blocks":0,"Local Dirtied Blocks":0,"Local Written Blocks":0,"Temp Read Blocks":0,"Temp Written Blocks":0,"I/O Read Time":0.0,"I/O Write Time":0.0,"Temp I/O Read Time":0.0,"Temp I/O Write Time":0.0}]},{"Node Type":"Hash","Parent Relationship":"Inner","Parallel Aware":false,"Async Capable":false,"Startup Cost":219.01,"Total Cost":219.01,"Plan Rows":10001,"Plan Width":8,"Actual Startup Time":3.113,"Actual Total Time":3.115,"Actual Rows":10000,"Actual Loops":1,"Output":["supplier.su_suppkey","supplier.su_nationkey"],"Hash Buckets":16384,"Original Hash Buckets":16384,"Hash Batches":1,"Original Hash Batches":1,"Peak Memory Usage":519,"Shared Hit Blocks":0,"Shared Read Blocks":0,"Shared Dirtied Blocks":0,"Shared Written Blocks":0,"Local Hit Blocks":0,"Local Read Blocks":0,"Local Dirtied Blocks":0,"Local Written Blocks":0,"Temp Read Blocks":0,"Temp Written Blocks":0,"I/O Read Time":0.0,"I/O Write Time":0.0,"Temp I/O Read Time":0.0,"Temp I/O Write Time":0.0,"Plans":[{"Node Type":"Append","Parent Relationship":"Outer","Parallel Aware":false,"Async Capable":false,"Startup Cost":20.0,"Total Cost":219.01,"Plan Rows":10001,"Plan Width":8,"Actual Startup Time":0.012,"Actual Total Time":1.812,"Actual Rows":10000,"Actual Loops":1,"Shared Hit Blocks":0,"Shared Read Blocks":0,"Shared Dirtied Blocks":0,"Shared Written Blocks":0,"Local Hit Blocks":0,"Local Read Blocks":0,"Local Dirtied Blocks":0,"Local Written Blocks":0,"Temp Read Blocks":0,"Temp Written Blocks":0,"I/O Read Time":0.0,"I/O Write Time":0.0,"Temp I/O Read Time":0.0,"Temp I/O Write Time":0.0,"Subplans Removed":0,"Plans":[{"Node Type":"Custom Scan","Parent Relationship":"Member","Custom Plan Provider":"columnar scan","Parallel Aware":false,"Async Capable":false,"Relation Name":"supplier","Schema":"public","Alias":"supplier","Startup Cost":20.0,"Total Cost":215.0,"Plan Rows":10000,"Plan Width":8,"Actual Startup Time":0.011,"Actual Total Time":1.072,"Actual Rows":10000,"Actual Loops":1,"Output":["supplier.su_suppkey","supplier.su_nationkey"],"Rows Removed by Columnar Filter":0,"Columnar cache search mode":"native","Shared Hit Blocks":0,"Shared Read Blocks":0,"Shared Dirtied Blocks":0,"Shared Written Blocks":0,"Local Hit Blocks":0,"Local Read Blocks":0,"Local Dirtied Blocks":0,"Local Written Blocks":0,"Temp Read Blocks":0,"Temp Written Blocks":0,"I/O Read Time":0.0,"I/O Write Time":0.0,"Temp I/O Read Time":0.0,"Temp I/O Write Time":0.0},{"Node Type":"Seq Scan","Parent Relationship":"Member","Parallel Aware":false,"Async Capable":false,"Relation Name":"supplier","Schema":"public","Alias":"supplier","Startup Cost":0.0,"Total Cost":4.01,"Plan Rows":1,"Plan Width":8,"Actual Startup Time":0.0,"Actual Total Time":0.0,"Actual Rows":0,"Actual Loops":0,"Output":["supplier.su_suppkey","supplier.su_nationkey"],"Shared Hit Blocks":0,"Shared Read Blocks":0,"Shared Dirtied Blocks":0,"Shared Written Blocks":0,"Local Hit Blocks":0,"Local Read Blocks":0,"Local Dirtied Blocks":0,"Local Written Blocks":0,"Temp Read Blocks":0,"Temp Written Blocks":0,"I/O Read Time":0.0,"I/O Write Time":0.0,"Temp I/O Read Time":0.0,"Temp I/O Write Time":0.0}]}]}]}]}]}]},"Planning":{"Shared Hit Blocks":16,"Shared Read Blocks":0,"Shared Dirtied Blocks":0,"Shared Written Blocks":0,"Local Hit Blocks":0,"Local Read Blocks":0,"Local Dirtied Blocks":0,"Local Written Blocks":0,"Temp Read Blocks":0,"Temp Written Blocks":0,"I/O Read Time":0.0,"I/O Write Time":0.0,"Temp I/O Read Time":0.0,"Temp I/O Write Time":0.0},"Planning Time":5.062,"Triggers":[],"Execution Time":16450.951}]
[列存组合]: region, stock, supplier
[{"Plan":{"Node Type":"Sort","Parallel Aware":false,"Async Capable":false,"Startup Cost":2017086.66,"Total Cost":2017086.81,"Plan Rows":62,"Plan Width":40,"Actual Startup Time":16562.425,"Actual Total Time":16562.45,"Actual Rows":11,"Actual Loops":1,"Output":["nation.n_name","(sum(order_line.ol_amount))"],"Sort Key":["(sum(order_line.ol_amount)) DESC"],"Sort Method":"quicksort","Sort Space Used":25,"Sort Space Type":"Memory","Shared Hit Blocks":619887,"Shared Read Blocks":0,"Shared Dirtied Blocks":0,"Shared Written Blocks":0,"Local Hit Blocks":0,"Local Read Blocks":0,"Local Dirtied Blocks":0,"Local Written Blocks":0,"Temp Read Blocks":129460,"Temp Written Blocks":129487,"I/O Read Time":0.0,"I/O Write Time":0.0,"Temp I/O Read Time":206.392,"Temp I/O Write Time":519.124,"Plans":[{"Node Type":"Aggregate","Strategy":"Sorted","Partial Mode":"Simple","Parent Relationship":"Outer","Parallel Aware":false,"Async Capable":false,"Startup Cost":2017010.87,"Total Cost":2017084.81,"Plan Rows":62,"Plan Width":40,"Actual Startup Time":16559.609,"Actual Total Time":16562.434,"Actual Rows":11,"Actual Loops":1,"Output":["nation.n_name","sum(order_line.ol_amount)"],"Group Key":["nation.n_name"],"Shared Hit Blocks":619887,"Shared Read Blocks":0,"Shared Dirtied Blocks":0,"Shared Written Blocks":0,"Local Hit Blocks":0,"Local Read Blocks":0,"Local Dirtied Blocks":0,"Local Written Blocks":0,"Temp Read Blocks":129460,"Temp Written Blocks":129487,"I/O Read Time":0.0,"I/O Write Time":0.0,"Temp I/O Read Time":206.392,"Temp I/O Write Time":519.124,"Plans":[{"Node Type":"Sort","Parent Relationship":"Outer","Parallel Aware":false,"Async Capable":false,"Startup Cost":2017010.87,"Total Cost":2017035.26,"Plan Rows":9755,"Plan Width":12,"Actual Startup Time":16559.396,"Actual Total Time":16560.168,"Actual Rows":17493,"Actual Loops":1,"Output":["nation.n_name","order_line.ol_amount"],"Sort Key":["nation.n_name"],"Sort Method":"quicksort","Sort Space Used":1725,"Sort Space Type":"Memory","Shared Hit Blocks":619887,"Shared Read Blocks":0,"Shared Dirtied Blocks":0,"Shared Written Blocks":0,"Local Hit Blocks":0,"Local Read Blocks":0,"Local Dirtied Blocks":0,"Local Written Blocks":0,"Temp Read Blocks":129460,"Temp Written Blocks":129487,"I/O Read Time":0.0,"I/O Write Time":0.0,"Temp I/O Read Time":206.392,"Temp I/O Write Time":519.124,"Plans":[{"Node Type":"Hash Join","Parent Relationship":"Outer","Parallel Aware":false,"Async Capable":false,"Join Type":"Inner","Startup Cost":1692867.6,"Total Cost":2016364.51,"Plan Rows":9755,"Plan Width":12,"Actual Startup Time":14721.599,"Actual Total Time":16550.302,"Actual Rows":17493,"Actual Loops":1,"Output":["nation.n_name","order_line.ol_amount"],"Inner Unique":true,"Hash Cond":"((mod((stock.s_w_id * stock.s_i_id), 10000) = supplier.su_suppkey) AND (customer.c_nationkey = supplier.su_nationkey))","Shared Hit Blocks":619887,"Shared Read Blocks":0,"Shared Dirtied Blocks":0,"Shared Written Blocks":0,"Local Hit Blocks":0,"Local Read Blocks":0,"Local Dirtied Blocks":0,"Local Written Blocks":0,"Temp Read Blocks":129460,"Temp Written Blocks":129487,"I/O Read Time":0.0,"I/O Write Time":0.0,"Temp I/O Read Time":206.392,"Temp I/O Write Time":519.124,"Plans":[{"Node Type":"Merge Join","Parent Relationship":"Outer","Parallel Aware":false,"Async Capable":false,"Join Type":"Inner","Startup Cost":1692498.58,"Total Cost":2012680.35,"Plan Rows":602749,"Plan Width":26,"Actual Startup Time":14718.042,"Actual Total Time":16408.383,"Actual Rows":1109507,"Actual Loops":1,"Output":["customer.c_nationkey","order_line.ol_amount","stock.s_w_id","stock.s_i_id","nation.n_name","nation.n_nationkey"],"Inner Unique":true,"Merge Cond":"((customer.c_w_id = stock.s_w_id) AND (order_line.ol_i_id = stock.s_i_id))","Shared Hit Blocks":619887,"Shared Read Blocks":0,"Shared Dirtied Blocks":0,"Shared Written Blocks":0,"Local Hit Blocks":0,"Local Read Blocks":0,"Local Dirtied Blocks":0,"Local Written Blocks":0,"Temp Read Blocks":129460,"Temp Written Blocks":129487,"I/O Read Time":0.0,"I/O Write Time":0.0,"Temp I/O Read Time":206.392,"Temp I/O Write Time":519.124,"Plans":[{"Node Type":"Sort","Parent Relationship":"Outer","Parallel Aware":false,"Async Capable":false,"Startup Cost":1692498.14,"Total Cost":1693985.82,"Plan Rows":595073,"Plan Width":30,"Actual Startup Time":14717.984,"Actual Total Time":14897.682,"Actual Rows":1109507,"Actual Loops":1,"Output":["customer.c_w_id","customer.c_nationkey","orders.o_w_id","order_line.ol_amount","order_line.ol_w_id","order_line.ol_i_id","nation.n_name","nation.n_nationkey"],"Sort Key":["customer.c_w_id","order_line.ol_i_id"],"Sort Method":"external merge","Sort Space Used":47304,"Sort Space Type":"Disk","Shared Hit Blocks":592549,"Shared Read Blocks":0,"Shared Dirtied Blocks":0,"Shared Written Blocks":0,"Local Hit Blocks":0,"Local Read Blocks":0,"Local Dirtied Blocks":0,"Local Written Blocks":0,"Temp Read Blocks":129460,"Temp Written Blocks":129487,"I/O Read Time":0.0,"I/O Write Time":0.0,"Temp I/O Read Time":206.392,"Temp I/O Write Time":519.124,"Plans":[{"Node Type":"Hash Join","Parent Relationship":"Outer","Parallel Aware":false,"Async Capable":false,"Join Type":"Inner","Startup Cost":403354.53,"Total Cost":1621184.58,"Plan Rows":595073,"Plan Width":30,"Actual Startup Time":1507.936,"Actual Total Time":13327.302,"Actual Rows":1109507,"Actual Loops":1,"Output":["customer.c_w_id","customer.c_nationkey","orders.o_w_id","order_line.ol_amount","order_line.ol_w_id","order_line.ol_i_id","nation.n_name","nation.n_nationkey"],"Inner Unique":false,"Hash Cond":"(customer.c_nationkey = nation.n_nationkey)","Shared Hit Blocks":592549,"Shared Read Blocks":0,"Shared Dirtied Blocks":0,"Shared Written Blocks":0,"Local Hit Blocks":0,"Local Read Blocks":0,"Local Dirtied Blocks":0,"Local Written Blocks":0,"Temp Read Blocks":117643,"Temp Written Blocks":117643,"I/O Read Time":0.0,"I/O Write Time":0.0,"Temp I/O Read Time":188.881,"Temp I/O Write Time":488.033,"Plans":[{"Node Type":"Hash Join","Parent Relationship":"Outer","Parallel Aware":false,"Async Capable":false,"Join Type":"Inner","Startup Cost":403351.39,"Total Cost":1604265.05,"Plan Rows":2975367,"Plan Width":18,"Actual Startup Time":1498.472,"Actual Total Time":12905.293,"Actual Rows":4284922,"Actual Loops":1,"Output":["customer.c_w_id","customer.c_nationkey","orders.o_w_id","order_line.ol_amount","order_line.ol_w_id","order_line.ol_i_id"],"Inner Unique":true,"Hash Cond":"((orders.o_c_id = customer.c_id) AND (orders.o_w_id = customer.c_w_id) AND (orders.o_d_id = customer.c_d_id))","Shared Hit Blocks":592547,"Shared Read Blocks":0,"Shared Dirtied Blocks":0,"Shared Written Blocks":0,"Local Hit Blocks":0,"Local Read Blocks":0,"Local Dirtied Blocks":0,"Local Written Blocks":0,"Temp Read Blocks":117643,"Temp Written Blocks":117643,"I/O Read Time":0.0,"I/O Write Time":0.0,"Temp I/O Read Time":188.881,"Temp I/O Write Time":488.033,"Plans":[{"Node Type":"Hash Join","Parent Relationship":"Outer","Parallel Aware":false,"Async Capable":false,"Join Type":"Inner","Startup Cost":76606.59,"Total Cost":1204573.22,"Plan Rows":2975367,"Plan Width":20,"Actual Startup Time":361.253,"Actual Total Time":9638.446,"Actual Rows":4284922,"Actual Loops":1,"Output":["orders.o_c_id","orders.o_w_id","orders.o_d_id","order_line.ol_amount","order_line.ol_w_id","order_line.ol_d_id","order_line.ol_i_id"],"Inner Unique":true,"Hash Cond":"((order_line.ol_w_id = orders.o_w_id) AND (order_line.ol_d_id = orders.o_d_id) AND (order_line.ol_o_id = orders.o_id))","Shared Hit Blocks":362943,"Shared Read Blocks":0,"Shared Dirtied Blocks":0,"Shared Written Blocks":0,"Local Hit Blocks":0,"Local Read Blocks":0,"Local Dirtied Blocks":0,"Local Written Blocks":0,"Temp Read Blocks":85996,"Temp Written Blocks":85996,"I/O Read Time":0.0,"I/O Write Time":0.0,"Temp I/O Read Time":138.296,"Temp I/O Write Time":342.572,"Plans":[{"Node Type":"Seq Scan","Parent Relationship":"Outer","Parallel Aware":false,"Async Capable":false,"Relation Name":"order_line","Schema":"public","Alias":"order_line","Startup Cost":0.0,"Total Cost":715856.4,"Plan Rows":20926367,"Plan Width":20,"Actual Startup Time":0.007,"Actual Total Time":3699.354,"Actual Rows":21002151,"Actual Loops":1,"Output":["order_line.ol_amount","order_line.ol_o_id","order_line.ol_w_id","order_line.ol_d_id","order_line.ol_i_id"],"Filter":"(order_line.ol_delivery_d >= '1992-01-02 20:10:02.27764'::timestamp without time zone)","Rows Removed by Filter":8995581,"Shared Hit Blocks":340884,"Shared Read Blocks":0,"Shared Dirtied Blocks":0,"Shared Written Blocks":0,"Local Hit Blocks":0,"Local Read Blocks":0,"Local Dirtied Blocks":0,"Local Written Blocks":0,"Temp Read Blocks":0,"Temp Written Blocks":0,"I/O Read Time":0.0,"I/O Write Time":0.0,"Temp I/O Read Time":0.0,"Temp I/O Write Time":0.0},{"Node Type":"Hash","Parent Relationship":"Inner","Parallel Aware":false,"Async Capable":false,"Startup Cost":67059.0,"Total Cost":67059.0,"Plan Rows":426548,"Plan Width":16,"Actual Startup Time":293.872,"Actual Total Time":293.877,"Actual Rows":428399,"Actual Loops":1,"Output":["orders.o_c_id","orders.o_w_id","orders.o_d_id","orders.o_id"],"Hash Buckets":262144,"Original Hash Buckets":262144,"Hash Batches":4,"Original Hash Batches":4,"Peak Memory Usage":7080,"Shared Hit Blocks":22059,"Shared Read Blocks":0,"Shared Dirtied Blocks":0,"Shared Written Blocks":0,"Local Hit Blocks":0,"Local Read Blocks":0,"Local Dirtied Blocks":0,"Local Written Blocks":0,"Temp Read Blocks":0,"Temp Written Blocks":1410,"I/O Read Time":0.0,"I/O Write Time":0.0,"Temp I/O Read Time":0.0,"Temp I/O Write Time":6.08,"Plans":[{"Node Type":"Seq Scan","Parent Relationship":"Outer","Parallel Aware":false,"Async Capable":false,"Relation Name":"orders","Schema":"public","Alias":"orders","Startup Cost":0.0,"Total Cost":67059.0,"Plan Rows":426548,"Plan Width":16,"Actual Startup Time":0.775,"Actual Total Time":219.279,"Actual Rows":428399,"Actual Loops":1,"Output":["orders.o_c_id","orders.o_w_id","orders.o_d_id","orders.o_id"],"Filter":"((orders.o_entry_d >= '1993-01-02 20:10:02.27764'::timestamp without time zone) AND (orders.o_entry_d < '1994-01-02 20:10:02.27764'::timestamp without time zone))","Rows Removed by Filter":2571601,"Shared Hit Blocks":22059,"Shared Read Blocks":0,"Shared Dirtied Blocks":0,"Shared Written Blocks":0,"Local Hit Blocks":0,"Local Read Blocks":0,"Local Dirtied Blocks":0,"Local Written Blocks":0,"Temp Read Blocks":0,"Temp Written Blocks":0,"I/O Read Time":0.0,"I/O Write Time":0.0,"Temp I/O Read Time":0.0,"Temp I/O Write Time":0.0}]}]},{"Node Type":"Hash","Parent Relationship":"Inner","Parallel Aware":false,"Async Capable":false,"Startup Cost":259601.38,"Total Cost":259601.38,"Plan Rows":2999738,"Plan Width":12,"Actual Startup Time":1134.917,"Actual Total Time":1134.92,"Actual Rows":3000000,"Actual Loops":1,"Output":["customer.c_id","customer.c_w_id","customer.c_d_id","customer.c_nationkey"],"Hash Buckets":262144,"Original Hash Buckets":262144,"Hash Batches":32,"Original Hash Batches":32,"Peak Memory Usage":6090,"Shared Hit Blocks":229604,"Shared Read Blocks":0,"Shared Dirtied Blocks":0,"Shared Written Blocks":0,"Local Hit Blocks":0,"Local Read Blocks":0,"Local Dirtied Blocks":0,"Local Written Blocks":0,"Temp Read Blocks":0,"Temp Written Blocks":11335,"I/O Read Time":0.0,"I/O Write Time":0.0,"Temp I/O Read Time":0.0,"Temp I/O Write Time":52.126,"Plans":[{"Node Type":"Seq Scan","Parent Relationship":"Outer","Parallel Aware":false,"Async Capable":false,"Relation Name":"customer","Schema":"public","Alias":"customer","Startup Cost":0.0,"Total Cost":259601.38,"Plan Rows":2999738,"Plan Width":12,"Actual Startup Time":0.01,"Actual Total Time":637.945,"Actual Rows":3000000,"Actual Loops":1,"Output":["customer.c_id","customer.c_w_id","customer.c_d_id","customer.c_nationkey"],"Shared Hit Blocks":229604,"Shared Read Blocks":0,"Shared Dirtied Blocks":0,"Shared Written Blocks":0,"Local Hit Blocks":0,"Local Read Blocks":0,"Local Dirtied Blocks":0,"Local Written Blocks":0,"Temp Read Blocks":0,"Temp Written Blocks":0,"I/O Read Time":0.0,"I/O Write Time":0.0,"Temp I/O Read Time":0.0,"Temp I/O Write Time":0.0}]}]},{"Node Type":"Hash","Parent Relationship":"Inner","Parallel Aware":false,"Async Capable":false,"Startup Cost":2.99,"Total Cost":2.99,"Plan Rows":12,"Plan Width":12,"Actual Startup Time":0.041,"Actual Total Time":0.045,"Actual Rows":22,"Actual Loops":1,"Output":["nation.n_name","nation.n_nationkey"],"Hash Buckets":1024,"Original Hash Buckets":1024,"Hash Batches":1,"Original Hash Batches":1,"Peak Memory Usage":9,"Shared Hit Blocks":2,"Shared Read Blocks":0,"Shared Dirtied Blocks":0,"Shared Written Blocks":0,"Local Hit Blocks":0,"Local Read Blocks":0,"Local Dirtied Blocks":0,"Local Written Blocks":0,"Temp Read Blocks":0,"Temp Written Blocks":0,"I/O Read Time":0.0,"I/O Write Time":0.0,"Temp I/O Read Time":0.0,"Temp I/O Write Time":0.0,"Plans":[{"Node Type":"Hash Join","Parent Relationship":"Outer","Parallel Aware":false,"Async Capable":false,"Join Type":"Inner","Startup Cost":1.07,"Total Cost":2.99,"Plan Rows":12,"Plan Width":12,"Actual Startup Time":0.025,"Actual Total Time":0.039,"Actual Rows":22,"Actual Loops":1,"Output":["nation.n_name","nation.n_nationkey"],"Inner Unique":true,"Hash Cond":"(nation.n_regionkey = region.r_regionkey)","Shared Hit Blocks":2,"Shared Read Blocks":0,"Shared Dirtied Blocks":0,"Shared Written Blocks":0,"Local Hit Blocks":0,"Local Read Blocks":0,"Local Dirtied Blocks":0,"Local Written Blocks":0,"Temp Read Blocks":0,"Temp Written Blocks":0,"I/O Read Time":0.0,"I/O Write Time":0.0,"Temp I/O Read Time":0.0,"Temp I/O Write Time":0.0,"Plans":[{"Node Type":"Seq Scan","Parent Relationship":"Outer","Parallel Aware":false,"Async Capable":false,"Relation Name":"nation","Schema":"public","Alias":"nation","Startup Cost":0.0,"Total Cost":1.62,"Plan Rows":62,"Plan Width":16,"Actual Startup Time":0.007,"Actual Total Time":0.012,"Actual Rows":62,"Actual Loops":1,"Output":["nation.n_nationkey","nation.n_name","nation.n_regionkey","nation.n_comment"],"Shared Hit Blocks":1,"Shared Read Blocks":0,"Shared Dirtied Blocks":0,"Shared Written Blocks":0,"Local Hit Blocks":0,"Local Read Blocks":0,"Local Dirtied Blocks":0,"Local Written Blocks":0,"Temp Read Blocks":0,"Temp Written Blocks":0,"I/O Read Time":0.0,"I/O Write Time":0.0,"Temp I/O Read Time":0.0,"Temp I/O Write Time":0.0},{"Node Type":"Hash","Parent Relationship":"Inner","Parallel Aware":false,"Async Capable":false,"Startup Cost":1.06,"Total Cost":1.06,"Plan Rows":1,"Plan Width":4,"Actual Startup Time":0.008,"Actual Total Time":0.008,"Actual Rows":1,"Actual Loops":1,"Output":["region.r_regionkey"],"Hash Buckets":1024,"Original Hash Buckets":1024,"Hash Batches":1,"Original Hash Batches":1,"Peak Memory Usage":9,"Shared Hit Blocks":1,"Shared Read Blocks":0,"Shared Dirtied Blocks":0,"Shared Written Blocks":0,"Local Hit Blocks":0,"Local Read Blocks":0,"Local Dirtied Blocks":0,"Local Written Blocks":0,"Temp Read Blocks":0,"Temp Written Blocks":0,"I/O Read Time":0.0,"I/O Write Time":0.0,"Temp I/O Read Time":0.0,"Temp I/O Write Time":0.0,"Plans":[{"Node Type":"Seq Scan","Parent Relationship":"Outer","Parallel Aware":false,"Async Capable":false,"Relation Name":"region","Schema":"public","Alias":"region","Startup Cost":0.0,"Total Cost":1.06,"Plan Rows":1,"Plan Width":4,"Actual Startup Time":0.006,"Actual Total Time":0.006,"Actual Rows":1,"Actual Loops":1,"Output":["region.r_regionkey"],"Filter":"((region.r_name)::text = 'Europe'::text)","Rows Removed by Filter":4,"Shared Hit Blocks":1,"Shared Read Blocks":0,"Shared Dirtied Blocks":0,"Shared Written Blocks":0,"Local Hit Blocks":0,"Local Read Blocks":0,"Local Dirtied Blocks":0,"Local Written Blocks":0,"Temp Read Blocks":0,"Temp Written Blocks":0,"I/O Read Time":0.0,"I/O Write Time":0.0,"Temp I/O Read Time":0.0,"Temp I/O Write Time":0.0}]}]}]}]}]},{"Node Type":"Index Only Scan","Parent Relationship":"Inner","Parallel Aware":false,"Async Capable":false,"Scan Direction":"Forward","Index Name":"stock_pk","Relation Name":"stock","Schema":"public","Alias":"stock","Startup Cost":0.43,"Total Cost":259690.86,"Plan Rows":10000162,"Plan Width":6,"Actual Startup Time":0.044,"Actual Total Time":702.446,"Actual Rows":9999996,"Actual Loops":1,"Output":["stock.s_w_id","stock.s_i_id"],"Heap Fetches":0,"Shared Hit Blocks":27338,"Shared Read Blocks":0,"Shared Dirtied Blocks":0,"Shared Written Blocks":0,"Local Hit Blocks":0,"Local Read Blocks":0,"Local Dirtied Blocks":0,"Local Written Blocks":0,"Temp Read Blocks":0,"Temp Written Blocks":0,"I/O Read Time":0.0,"I/O Write Time":0.0,"Temp I/O Read Time":0.0,"Temp I/O Write Time":0.0}]},{"Node Type":"Hash","Parent Relationship":"Inner","Parallel Aware":false,"Async Capable":false,"Startup Cost":219.01,"Total Cost":219.01,"Plan Rows":10001,"Plan Width":8,"Actual Startup Time":3.131,"Actual Total Time":3.134,"Actual Rows":10000,"Actual Loops":1,"Output":["supplier.su_suppkey","supplier.su_nationkey"],"Hash Buckets":16384,"Original Hash Buckets":16384,"Hash Batches":1,"Original Hash Batches":1,"Peak Memory Usage":519,"Shared Hit Blocks":0,"Shared Read Blocks":0,"Shared Dirtied Blocks":0,"Shared Written Blocks":0,"Local Hit Blocks":0,"Local Read Blocks":0,"Local Dirtied Blocks":0,"Local Written Blocks":0,"Temp Read Blocks":0,"Temp Written Blocks":0,"I/O Read Time":0.0,"I/O Write Time":0.0,"Temp I/O Read Time":0.0,"Temp I/O Write Time":0.0,"Plans":[{"Node Type":"Append","Parent Relationship":"Outer","Parallel Aware":false,"Async Capable":false,"Startup Cost":20.0,"Total Cost":219.01,"Plan Rows":10001,"Plan Width":8,"Actual Startup Time":0.013,"Actual Total Time":1.835,"Actual Rows":10000,"Actual Loops":1,"Shared Hit Blocks":0,"Shared Read Blocks":0,"Shared Dirtied Blocks":0,"Shared Written Blocks":0,"Local Hit Blocks":0,"Local Read Blocks":0,"Local Dirtied Blocks":0,"Local Written Blocks":0,"Temp Read Blocks":0,"Temp Written Blocks":0,"I/O Read Time":0.0,"I/O Write Time":0.0,"Temp I/O Read Time":0.0,"Temp I/O Write Time":0.0,"Subplans Removed":0,"Plans":[{"Node Type":"Custom Scan","Parent Relationship":"Member","Custom Plan Provider":"columnar scan","Parallel Aware":false,"Async Capable":false,"Relation Name":"supplier","Schema":"public","Alias":"supplier","Startup Cost":20.0,"Total Cost":215.0,"Plan Rows":10000,"Plan Width":8,"Actual Startup Time":0.012,"Actual Total Time":1.134,"Actual Rows":10000,"Actual Loops":1,"Output":["supplier.su_suppkey","supplier.su_nationkey"],"Rows Removed by Columnar Filter":0,"Columnar cache search mode":"native","Shared Hit Blocks":0,"Shared Read Blocks":0,"Shared Dirtied Blocks":0,"Shared Written Blocks":0,"Local Hit Blocks":0,"Local Read Blocks":0,"Local Dirtied Blocks":0,"Local Written Blocks":0,"Temp Read Blocks":0,"Temp Written Blocks":0,"I/O Read Time":0.0,"I/O Write Time":0.0,"Temp I/O Read Time":0.0,"Temp I/O Write Time":0.0},{"Node Type":"Seq Scan","Parent Relationship":"Member","Parallel Aware":false,"Async Capable":false,"Relation Name":"supplier","Schema":"public","Alias":"supplier","Startup Cost":0.0,"Total Cost":4.01,"Plan Rows":1,"Plan Width":8,"Actual Startup Time":0.0,"Actual Total Time":0.0,"Actual Rows":0,"Actual Loops":0,"Output":["supplier.su_suppkey","supplier.su_nationkey"],"Shared Hit Blocks":0,"Shared Read Blocks":0,"Shared Dirtied Blocks":0,"Shared Written Blocks":0,"Local Hit Blocks":0,"Local Read Blocks":0,"Local Dirtied Blocks":0,"Local Written Blocks":0,"Temp Read Blocks":0,"Temp Written Blocks":0,"I/O Read Time":0.0,"I/O Write Time":0.0,"Temp I/O Read Time":0.0,"Temp I/O Write Time":0.0}]}]}]}]}]}]},"Planning":{"Shared Hit Blocks":16,"Shared Read Blocks":0,"Shared Dirtied Blocks":0,"Shared Written Blocks":0,"Local Hit Blocks":0,"Local Read Blocks":0,"Local Dirtied Blocks":0,"Local Written Blocks":0,"Temp Read Blocks":0,"Temp Written Blocks":0,"I/O Read Time":0.0,"I/O Write Time":0.0,"Temp I/O Read Time":0.0,"Temp I/O Write Time":0.0},"Planning Time":4.837,"Triggers":[],"Execution Time":16570.682}]
[列存组合]: customer, nation, order_line, orders
[{"Plan":{"Node Type":"Sort","Parallel Aware":false,"Async Capable":false,"Startup Cost":1996743.16,"Total Cost":1996743.32,"Plan Rows":62,"Plan Width":40,"Actual Startup Time":10173.342,"Actual Total Time":10173.377,"Actual Rows":11,"Actual Loops":1,"Output":["nation.n_name","(sum(order_line.ol_amount))"],"Sort Key":["(sum(order_line.ol_amount)) DESC"],"Sort Method":"quicksort","Sort Space Used":25,"Sort Space Type":"Memory","Shared Hit Blocks":27557,"Shared Read Blocks":0,"Shared Dirtied Blocks":0,"Shared Written Blocks":0,"Local Hit Blocks":0,"Local Read Blocks":0,"Local Dirtied Blocks":0,"Local Written Blocks":0,"Temp Read Blocks":62236,"Temp Written Blocks":62263,"I/O Read Time":0.0,"I/O Write Time":0.0,"Temp I/O Read Time":98.713,"Temp I/O Write Time":245.605,"Plans":[{"Node Type":"Aggregate","Strategy":"Sorted","Partial Mode":"Simple","Parent Relationship":"Outer","Parallel Aware":false,"Async Capable":false,"Startup Cost":1996667.38,"Total Cost":1996741.32,"Plan Rows":62,"Plan Width":40,"Actual Startup Time":10170.514,"Actual Total Time":10173.361,"Actual Rows":11,"Actual Loops":1,"Output":["nation.n_name","sum(order_line.ol_amount)"],"Group Key":["nation.n_name"],"Shared Hit Blocks":27557,"Shared Read Blocks":0,"Shared Dirtied Blocks":0,"Shared Written Blocks":0,"Local Hit Blocks":0,"Local Read Blocks":0,"Local Dirtied Blocks":0,"Local Written Blocks":0,"Temp Read Blocks":62236,"Temp Written Blocks":62263,"I/O Read Time":0.0,"I/O Write Time":0.0,"Temp I/O Read Time":98.713,"Temp I/O Write Time":245.605,"Plans":[{"Node Type":"Sort","Parent Relationship":"Outer","Parallel Aware":false,"Async Capable":false,"Startup Cost":1996667.38,"Total Cost":1996691.77,"Plan Rows":9755,"Plan Width":12,"Actual Startup Time":10170.3,"Actual Total Time":10171.095,"Actual Rows":17493,"Actual Loops":1,"Output":["nation.n_name","order_line.ol_amount"],"Sort Key":["nation.n_name"],"Sort Method":"quicksort","Sort Space Used":1725,"Sort Space Type":"Memory","Shared Hit Blocks":27557,"Shared Read Blocks":0,"Shared Dirtied Blocks":0,"Shared Written Blocks":0,"Local Hit Blocks":0,"Local Read Blocks":0,"Local Dirtied Blocks":0,"Local Written Blocks":0,"Temp Read Blocks":62236,"Temp Written Blocks":62263,"I/O Read Time":0.0,"I/O Write Time":0.0,"Temp I/O Read Time":98.713,"Temp I/O Write Time":245.605,"Plans":[{"Node Type":"Hash Join","Parent Relationship":"Outer","Parallel Aware":false,"Async Capable":false,"Join Type":"Inner","Startup Cost":1672524.1,"Total Cost":1996021.02,"Plan Rows":9755,"Plan Width":12,"Actual Startup Time":8328.901,"Actual Total Time":10161.19,"Actual Rows":17493,"Actual Loops":1,"Output":["nation.n_name","order_line.ol_amount"],"Inner Unique":true,"Hash Cond":"((mod((stock.s_w_id * stock.s_i_id), 10000) = supplier.su_suppkey) AND (customer.c_nationkey = supplier.su_nationkey))","Shared Hit Blocks":27557,"Shared Read Blocks":0,"Shared Dirtied Blocks":0,"Shared Written Blocks":0,"Local Hit Blocks":0,"Local Read Blocks":0,"Local Dirtied Blocks":0,"Local Written Blocks":0,"Temp Read Blocks":62236,"Temp Written Blocks":62263,"I/O Read Time":0.0,"I/O Write Time":0.0,"Temp I/O Read Time":98.713,"Temp I/O Write Time":245.605,"Plans":[{"Node Type":"Merge Join","Parent Relationship":"Outer","Parallel Aware":false,"Async Capable":false,"Join Type":"Inner","Startup Cost":1672057.1,"Total Cost":1992238.88,"Plan Rows":602749,"Plan Width":26,"Actual Startup Time":8325.887,"Actual Total Time":10019.518,"Actual Rows":1109507,"Actual Loops":1,"Output":["customer.c_nationkey","order_line.ol_amount","stock.s_w_id","stock.s_i_id","nation.n_name","nation.n_nationkey"],"Inner Unique":true,"Merge Cond":"((customer.c_w_id = stock.s_w_id) AND (order_line.ol_i_id = stock.s_i_id))","Shared Hit Blocks":27340,"Shared Read Blocks":0,"Shared Dirtied Blocks":0,"Shared Written Blocks":0,"Local Hit Blocks":0,"Local Read Blocks":0,"Local Dirtied Blocks":0,"Local Written Blocks":0,"Temp Read Blocks":62236,"Temp Written Blocks":62263,"I/O Read Time":0.0,"I/O Write Time":0.0,"Temp I/O Read Time":98.713,"Temp I/O Write Time":245.605,"Plans":[{"Node Type":"Sort","Parent Relationship":"Outer","Parallel Aware":false,"Async Capable":false,"Startup Cost":1672056.67,"Total Cost":1673544.35,"Plan Rows":595073,"Plan Width":30,"Actual Startup Time":8325.825,"Actual Total Time":8504.642,"Actual Rows":1109507,"Actual Loops":1,"Output":["customer.c_w_id","customer.c_nationkey","orders.o_w_id","order_line.ol_amount","order_line.ol_w_id","order_line.ol_i_id","nation.n_name","nation.n_nationkey"],"Sort Key":["customer.c_w_id","order_line.ol_i_id"],"Sort Method":"external merge","Sort Space Used":47304,"Sort Space Type":"Disk","Shared Hit Blocks":2,"Shared Read Blocks":0,"Shared Dirtied Blocks":0,"Shared Written Blocks":0,"Local Hit Blocks":0,"Local Read Blocks":0,"Local Dirtied Blocks":0,"Local Written Blocks":0,"Temp Read Blocks":62236,"Temp Written Blocks":62263,"I/O Read Time":0.0,"I/O Write Time":0.0,"Temp I/O Read Time":98.713,"Temp I/O Write Time":245.605,"Plans":[{"Node Type":"Hash Join","Parent Relationship":"Outer","Parallel Aware":false,"Async Capable":false,"Join Type":"Inner","Startup Cost":396969.46,"Total Cost":1600743.11,"Plan Rows":595073,"Plan Width":30,"Actual Startup Time":1384.733,"Actual Total Time":6935.724,"Actual Rows":1109507,"Actual Loops":1,"Output":["customer.c_w_id","customer.c_nationkey","orders.o_w_id","order_line.ol_amount","order_line.ol_w_id","order_line.ol_i_id","nation.n_name","nation.n_nationkey"],"Inner Unique":false,"Hash Cond":"(customer.c_nationkey = nation.n_nationkey)","Shared Hit Blocks":2,"Shared Read Blocks":0,"Shared Dirtied Blocks":0,"Shared Written Blocks":0,"Local Hit Blocks":0,"Local Read Blocks":0,"Local Dirtied Blocks":0,"Local Written Blocks":0,"Temp Read Blocks":50419,"Temp Written Blocks":50419,"I/O Read Time":0.0,"I/O Write Time":0.0,"Temp I/O Read Time":81.534,"Temp I/O Write Time":214.676,"Plans":[{"Node Type":"Hash Join","Parent Relationship":"Outer","Parallel Aware":false,"Async Capable":false,"Join Type":"Inner","Startup Cost":396966.31,"Total Cost":1583823.58,"Plan Rows":2975367,"Plan Width":18,"Actual Startup Time":1377.655,"Actual Total Time":6518.289,"Actual Rows":4284922,"Actual Loops":1,"Output":["customer.c_w_id","customer.c_nationkey","orders.o_w_id","order_line.ol_amount","order_line.ol_w_id","order_line.ol_i_id"],"Inner Unique":true,"Hash Cond":"((orders.o_c_id = customer.c_id) AND (orders.o_w_id = customer.c_w_id) AND (orders.o_d_id = customer.c_d_id))","Shared Hit Blocks":0,"Shared Read Blocks":0,"Shared Dirtied Blocks":0,"Shared Written Blocks":0,"Local Hit Blocks":0,"Local Read Blocks":0,"Local Dirtied Blocks":0,"Local Written Blocks":0,"Temp Read Blocks":50419,"Temp Written Blocks":50419,"I/O Read Time":0.0,"I/O Write Time":0.0,"Temp I/O Read Time":81.534,"Temp I/O Write Time":214.676,"Plans":[{"Node Type":"Hash Join","Parent Relationship":"Outer","Parallel Aware":false,"Async Capable":false,"Join Type":"Inner","Startup Cost":75311.73,"Total Cost":1189221.96,"Plan Rows":2975367,"Plan Width":20,"Actual Startup Time":215.911,"Actual Total Time":3237.819,"Actual Rows":4284922,"Actual Loops":1,"Output":["orders.o_c_id","orders.o_w_id","orders.o_d_id","order_line.ol_amount","order_line.ol_w_id","order_line.ol_d_id","order_line.ol_i_id"],"Inner Unique":true,"Hash Cond":"((order_line.ol_w_id = orders.o_w_id) AND (order_line.ol_d_id = orders.o_d_id) AND (order_line.ol_o_id = orders.o_id))","Shared Hit Blocks":0,"Shared Read Blocks":0,"Shared Dirtied Blocks":0,"Shared Written Blocks":0,"Local Hit Blocks":0,"Local Read Blocks":0,"Local Dirtied Blocks":0,"Local Written Blocks":0,"Temp Read Blocks":18772,"Temp Written Blocks":18772,"I/O Read Time":0.0,"I/O Write Time":0.0,"Temp I/O Read Time":31.064,"Temp I/O Write Time":76.322,"Plans":[{"Node Type":"Append","Parent Relationship":"Outer","Parallel Aware":false,"Async Capable":false,"Startup Cost":20.0,"Total Cost":701820.0,"Plan Rows":20926367,"Plan Width":20,"Actual Startup Time":1.408,"Actual Total Time":1298.44,"Actual Rows":4311079,"Actual Loops":1,"Shared Hit Blocks":0,"Shared Read Blocks":0,"Shared Dirtied Blocks":0,"Shared Written Blocks":0,"Local Hit Blocks":0,"Local Read Blocks":0,"Local Dirtied Blocks":0,"Local Written Blocks":0,"Temp Read Blocks":0,"Temp Written Blocks":0,"I/O Read Time":0.0,"I/O Write Time":0.0,"Temp I/O Read Time":0.0,"Temp I/O Write Time":0.0,"Subplans Removed":0,"Plans":[{"Node Type":"Custom Scan","Parent Relationship":"Member","Custom Plan Provider":"columnar scan","Parallel Aware":false,"Async Capable":false,"Relation Name":"order_line","Schema":"public","Alias":"order_line","Startup Cost":20.0,"Total Cost":533641.75,"Plan Rows":20926325,"Plan Width":20,"Actual Startup Time":1.407,"Actual Total Time":992.582,"Actual Rows":4311079,"Actual Loops":1,"Output":["order_line.ol_amount","order_line.ol_o_id","order_line.ol_w_id","order_line.ol_d_id","order_line.ol_i_id"],"Filter":"(order_line.ol_delivery_d >= '1992-01-02 20:10:02.27764'::timestamp without time zone)","Rows Removed by Filter":0,"Rows Removed by Columnar Filter":25686653,"Rows Filtered by Bloom Filter":0,"Dictionary Rows Filtered by Bloom Filter":25686653,"Columnar cache search mode":"native","Shared Hit Blocks":0,"Shared Read Blocks":0,"Shared Dirtied Blocks":0,"Shared Written Blocks":0,"Local Hit Blocks":0,"Local Read Blocks":0,"Local Dirtied Blocks":0,"Local Written Blocks":0,"Temp Read Blocks":0,"Temp Written Blocks":0,"I/O Read Time":0.0,"I/O Write Time":0.0,"Temp I/O Read Time":0.0,"Temp I/O Write Time":0.0},{"Node Type":"Seq Scan","Parent Relationship":"Member","Parallel Aware":false,"Async Capable":false,"Relation Name":"order_line","Schema":"public","Alias":"order_line","Startup Cost":0.0,"Total Cost":4.75,"Plan Rows":42,"Plan Width":20,"Actual Startup Time":0.0,"Actual Total Time":0.0,"Actual Rows":0,"Actual Loops":0,"Output":["order_line.ol_amount","order_line.ol_o_id","order_line.ol_w_id","order_line.ol_d_id","order_line.ol_i_id"],"Filter":"(order_line.ol_delivery_d >= '1992-01-02 20:10:02.27764'::timestamp without time zone)","Rows Removed by Filter":0,"Shared Hit Blocks":0,"Shared Read Blocks":0,"Shared Dirtied Blocks":0,"Shared Written Blocks":0,"Local Hit Blocks":0,"Local Read Blocks":0,"Local Dirtied Blocks":0,"Local Written Blocks":0,"Temp Read Blocks":0,"Temp Written Blocks":0,"I/O Read Time":0.0,"I/O Write Time":0.0,"Temp I/O Read Time":0.0,"Temp I/O Write Time":0.0}]},{"Node Type":"Hash","Parent Relationship":"Inner","Parallel Aware":false,"Async Capable":false,"Startup Cost":65744.12,"Total Cost":65744.12,"Plan Rows":426549,"Plan Width":16,"Actual Startup Time":213.213,"Actual Total Time":213.219,"Actual Rows":428399,"Actual Loops":1,"Output":["orders.o_c_id","orders.o_w_id","orders.o_d_id","orders.o_id"],"Hash Buckets":262144,"Original Hash Buckets":262144,"Hash Batches":4,"Original Hash Batches":4,"Peak Memory Usage":7080,"Shared Hit Blocks":0,"Shared Read Blocks":0,"Shared Dirtied Blocks":0,"Shared Written Blocks":0,"Local Hit Blocks":0,"Local Read Blocks":0,"Local Dirtied Blocks":0,"Local Written Blocks":0,"Temp Read Blocks":0,"Temp Written Blocks":1410,"I/O Read Time":0.0,"I/O Write Time":0.0,"Temp I/O Read Time":0.0,"Temp I/O Write Time":5.82,"Plans":[{"Node Type":"Append","Parent Relationship":"Outer","Parallel Aware":false,"Async Capable":false,"Startup Cost":20.0,"Total Cost":65744.12,"Plan Rows":426549,"Plan Width":16,"Actual Startup Time":0.485,"Actual Total Time":107.876,"Actual Rows":428399,"Actual Loops":1,"Shared Hit Blocks":0,"Shared Read Blocks":0,"Shared Dirtied Blocks":0,"Shared Written Blocks":0,"Local Hit Blocks":0,"Local Read Blocks":0,"Local Dirtied Blocks":0,"Local Written Blocks":0,"Temp Read Blocks":0,"Temp Written Blocks":0,"I/O Read Time":0.0,"I/O Write Time":0.0,"Temp I/O Read Time":0.0,"Temp I/O Write Time":0.0,"Subplans Removed":0,"Plans":[{"Node Type":"Custom Scan","Parent Relationship":"Member","Custom Plan Provider":"columnar scan","Parallel Aware":false,"Async Capable":false,"Relation Name":"orders","Schema":"public","Alias":"orders","Startup Cost":20.0,"Total Cost":10043.96,"Plan Rows":426548,"Plan Width":16,"Actual Startup Time":0.483,"Actual Total Time":75.08,"Actual Rows":428399,"Actual Loops":1,"Output":["orders.o_c_id","orders.o_w_id","orders.o_d_id","orders.o_id"],"Filter":"((orders.o_entry_d < '1994-01-02 20:10:02.27764'::timestamp without time zone) AND (orders.o_entry_d >= '1993-01-02 20:10:02.27764'::timestamp without time zone))","Rows Removed by Filter":0,"Rows Removed by Columnar Filter":2571601,"Columnar cache search mode":"native","Shared Hit Blocks":0,"Shared Read Blocks":0,"Shared Dirtied Blocks":0,"Shared Written Blocks":0,"Local Hit Blocks":0,"Local Read Blocks":0,"Local Dirtied Blocks":0,"Local Written Blocks":0,"Temp Read Blocks":0,"Temp Written Blocks":0,"I/O Read Time":0.0,"I/O Write Time":0.0,"Temp I/O Read Time":0.0,"Temp I/O Write Time":0.0},{"Node Type":"Seq Scan","Parent Relationship":"Member","Parallel Aware":false,"Async Capable":false,"Relation Name":"orders","Schema":"public","Alias":"orders","Startup Cost":0.0,"Total Cost":4.01,"Plan Rows":1,"Plan Width":16,"Actual Startup Time":0.0,"Actual Total Time":0.0,"Actual Rows":0,"Actual Loops":0,"Output":["orders.o_c_id","orders.o_w_id","orders.o_d_id","orders.o_id"],"Filter":"((orders.o_entry_d < '1994-01-02 20:10:02.27764'::timestamp without time zone) AND (orders.o_entry_d >= '1993-01-02 20:10:02.27764'::timestamp without time zone))","Rows Removed by Filter":0,"Shared Hit Blocks":0,"Shared Read Blocks":0,"Shared Dirtied Blocks":0,"Shared Written Blocks":0,"Local Hit Blocks":0,"Local Read Blocks":0,"Local Dirtied Blocks":0,"Local Written Blocks":0,"Temp Read Blocks":0,"Temp Written Blocks":0,"I/O Read Time":0.0,"I/O Write Time":0.0,"Temp I/O Read Time":0.0,"Temp I/O Write Time":0.0}]}]}]},{"Node Type":"Hash","Parent Relationship":"Inner","Parallel Aware":false,"Async Capable":false,"Startup Cost":254511.16,"Total Cost":254511.16,"Plan Rows":2999739,"Plan Width":12,"Actual Startup Time":1159.939,"Actual Total Time":1159.944,"Actual Rows":3000000,"Actual Loops":1,"Output":["customer.c_id","customer.c_w_id","customer.c_d_id","customer.c_nationkey"],"Hash Buckets":262144,"Original Hash Buckets":262144,"Hash Batches":32,"Original Hash Batches":32,"Peak Memory Usage":6090,"Shared Hit Blocks":0,"Shared Read Blocks":0,"Shared Dirtied Blocks":0,"Shared Written Blocks":0,"Local Hit Blocks":0,"Local Read Blocks":0,"Local Dirtied Blocks":0,"Local Written Blocks":0,"Temp Read Blocks":0,"Temp Written Blocks":11335,"I/O Read Time":0.0,"I/O Write Time":0.0,"Temp I/O Read Time":0.0,"Temp I/O Write Time":47.805,"Plans":[{"Node Type":"Append","Parent Relationship":"Outer","Parallel Aware":false,"Async Capable":false,"Startup Cost":20.0,"Total Cost":254511.16,"Plan Rows":2999739,"Plan Width":12,"Actual Startup Time":0.012,"Actual Total Time":658.085,"Actual Rows":3000000,"Actual Loops":1,"Shared Hit Blocks":0,"Shared Read Blocks":0,"Shared Dirtied Blocks":0,"Shared Written Blocks":0,"Local Hit Blocks":0,"Local Read Blocks":0,"Local Dirtied Blocks":0,"Local Written Blocks":0,"Temp Read Blocks":0,"Temp Written Blocks":0,"I/O Read Time":0.0,"I/O Write Time":0.0,"Temp I/O Read Time":0.0,"Temp I/O Write Time":0.0,"Subplans Removed":0,"Plans":[{"Node Type":"Custom Scan","Parent Relationship":"Member","Custom Plan Provider":"columnar scan","Parallel Aware":false,"Async Capable":false,"Relation Name":"customer","Schema":"public","Alias":"customer","Startup Cost":20.0,"Total Cost":70513.87,"Plan Rows":2999738,"Plan Width":12,"Actual Startup Time":0.012,"Actual Total Time":446.629,"Actual Rows":3000000,"Actual Loops":1,"Output":["customer.c_id","customer.c_w_id","customer.c_d_id","customer.c_nationkey"],"Rows Removed by Columnar Filter":0,"Columnar cache search mode":"native","Shared Hit Blocks":0,"Shared Read Blocks":0,"Shared Dirtied Blocks":0,"Shared Written Blocks":0,"Local Hit Blocks":0,"Local Read Blocks":0,"Local Dirtied Blocks":0,"Local Written Blocks":0,"Temp Read Blocks":0,"Temp Written Blocks":0,"I/O Read Time":0.0,"I/O Write Time":0.0,"Temp I/O Read Time":0.0,"Temp I/O Write Time":0.0},{"Node Type":"Seq Scan","Parent Relationship":"Member","Parallel Aware":false,"Async Capable":false,"Relation Name":"customer","Schema":"public","Alias":"customer","Startup Cost":0.0,"Total Cost":4.01,"Plan Rows":1,"Plan Width":12,"Actual Startup Time":0.0,"Actual Total Time":0.0,"Actual Rows":0,"Actual Loops":0,"Output":["customer.c_id","customer.c_w_id","customer.c_d_id","customer.c_nationkey"],"Shared Hit Blocks":0,"Shared Read Blocks":0,"Shared Dirtied Blocks":0,"Shared Written Blocks":0,"Local Hit Blocks":0,"Local Read Blocks":0,"Local Dirtied Blocks":0,"Local Written Blocks":0,"Temp Read Blocks":0,"Temp Written Blocks":0,"I/O Read Time":0.0,"I/O Write Time":0.0,"Temp I/O Read Time":0.0,"Temp I/O Write Time":0.0}]}]}]},{"Node Type":"Hash","Parent Relationship":"Inner","Parallel Aware":false,"Async Capable":false,"Startup Cost":2.99,"Total Cost":2.99,"Plan Rows":12,"Plan Width":12,"Actual Startup Time":0.042,"Actual Total Time":0.048,"Actual Rows":22,"Actual Loops":1,"Output":["nation.n_name","nation.n_nationkey"],"Hash Buckets":1024,"Original Hash Buckets":1024,"Hash Batches":1,"Original Hash Batches":1,"Peak Memory Usage":9,"Shared Hit Blocks":2,"Shared Read Blocks":0,"Shared Dirtied Blocks":0,"Shared Written Blocks":0,"Local Hit Blocks":0,"Local Read Blocks":0,"Local Dirtied Blocks":0,"Local Written Blocks":0,"Temp Read Blocks":0,"Temp Written Blocks":0,"I/O Read Time":0.0,"I/O Write Time":0.0,"Temp I/O Read Time":0.0,"Temp I/O Write Time":0.0,"Plans":[{"Node Type":"Hash Join","Parent Relationship":"Outer","Parallel Aware":false,"Async Capable":false,"Join Type":"Inner","Startup Cost":1.07,"Total Cost":2.99,"Plan Rows":12,"Plan Width":12,"Actual Startup Time":0.026,"Actual Total Time":0.042,"Actual Rows":22,"Actual Loops":1,"Output":["nation.n_name","nation.n_nationkey"],"Inner Unique":true,"Hash Cond":"(nation.n_regionkey = region.r_regionkey)","Shared Hit Blocks":2,"Shared Read Blocks":0,"Shared Dirtied Blocks":0,"Shared Written Blocks":0,"Local Hit Blocks":0,"Local Read Blocks":0,"Local Dirtied Blocks":0,"Local Written Blocks":0,"Temp Read Blocks":0,"Temp Written Blocks":0,"I/O Read Time":0.0,"I/O Write Time":0.0,"Temp I/O Read Time":0.0,"Temp I/O Write Time":0.0,"Plans":[{"Node Type":"Seq Scan","Parent Relationship":"Outer","Parallel Aware":false,"Async Capable":false,"Relation Name":"nation","Schema":"public","Alias":"nation","Startup Cost":0.0,"Total Cost":1.62,"Plan Rows":62,"Plan Width":16,"Actual Startup Time":0.005,"Actual Total Time":0.01,"Actual Rows":62,"Actual Loops":1,"Output":["nation.n_nationkey","nation.n_name","nation.n_regionkey","nation.n_comment"],"Shared Hit Blocks":1,"Shared Read Blocks":0,"Shared Dirtied Blocks":0,"Shared Written Blocks":0,"Local Hit Blocks":0,"Local Read Blocks":0,"Local Dirtied Blocks":0,"Local Written Blocks":0,"Temp Read Blocks":0,"Temp Written Blocks":0,"I/O Read Time":0.0,"I/O Write Time":0.0,"Temp I/O Read Time":0.0,"Temp I/O Write Time":0.0},{"Node Type":"Hash","Parent Relationship":"Inner","Parallel Aware":false,"Async Capable":false,"Startup Cost":1.06,"Total Cost":1.06,"Plan Rows":1,"Plan Width":4,"Actual Startup Time":0.008,"Actual Total Time":0.01,"Actual Rows":1,"Actual Loops":1,"Output":["region.r_regionkey"],"Hash Buckets":1024,"Original Hash Buckets":1024,"Hash Batches":1,"Original Hash Batches":1,"Peak Memory Usage":9,"Shared Hit Blocks":1,"Shared Read Blocks":0,"Shared Dirtied Blocks":0,"Shared Written Blocks":0,"Local Hit Blocks":0,"Local Read Blocks":0,"Local Dirtied Blocks":0,"Local Written Blocks":0,"Temp Read Blocks":0,"Temp Written Blocks":0,"I/O Read Time":0.0,"I/O Write Time":0.0,"Temp I/O Read Time":0.0,"Temp I/O Write Time":0.0,"Plans":[{"Node Type":"Seq Scan","Parent Relationship":"Outer","Parallel Aware":false,"Async Capable":false,"Relation Name":"region","Schema":"public","Alias":"region","Startup Cost":0.0,"Total Cost":1.06,"Plan Rows":1,"Plan Width":4,"Actual Startup Time":0.007,"Actual Total Time":0.007,"Actual Rows":1,"Actual Loops":1,"Output":["region.r_regionkey"],"Filter":"((region.r_name)::text = 'Europe'::text)","Rows Removed by Filter":4,"Shared Hit Blocks":1,"Shared Read Blocks":0,"Shared Dirtied Blocks":0,"Shared Written Blocks":0,"Local Hit Blocks":0,"Local Read Blocks":0,"Local Dirtied Blocks":0,"Local Written Blocks":0,"Temp Read Blocks":0,"Temp Written Blocks":0,"I/O Read Time":0.0,"I/O Write Time":0.0,"Temp I/O Read Time":0.0,"Temp I/O Write Time":0.0}]}]}]}]}]},{"Node Type":"Index Only Scan","Parent Relationship":"Inner","Parallel Aware":false,"Async Capable":false,"Scan Direction":"Forward","Index Name":"stock_pk","Relation Name":"stock","Schema":"public","Alias":"stock","Startup Cost":0.43,"Total Cost":259690.86,"Plan Rows":10000162,"Plan Width":6,"Actual Startup Time":0.047,"Actual Total Time":706.284,"Actual Rows":9999996,"Actual Loops":1,"Output":["stock.s_w_id","stock.s_i_id"],"Heap Fetches":0,"Shared Hit Blocks":27338,"Shared Read Blocks":0,"Shared Dirtied Blocks":0,"Shared Written Blocks":0,"Local Hit Blocks":0,"Local Read Blocks":0,"Local Dirtied Blocks":0,"Local Written Blocks":0,"Temp Read Blocks":0,"Temp Written Blocks":0,"I/O Read Time":0.0,"I/O Write Time":0.0,"Temp I/O Read Time":0.0,"Temp I/O Write Time":0.0}]},{"Node Type":"Hash","Parent Relationship":"Inner","Parallel Aware":false,"Async Capable":false,"Startup Cost":317.0,"Total Cost":317.0,"Plan Rows":10000,"Plan Width":8,"Actual Startup Time":2.597,"Actual Total Time":2.597,"Actual Rows":10000,"Actual Loops":1,"Output":["supplier.su_suppkey","supplier.su_nationkey"],"Hash Buckets":16384,"Original Hash Buckets":16384,"Hash Batches":1,"Original Hash Batches":1,"Peak Memory Usage":519,"Shared Hit Blocks":217,"Shared Read Blocks":0,"Shared Dirtied Blocks":0,"Shared Written Blocks":0,"Local Hit Blocks":0,"Local Read Blocks":0,"Local Dirtied Blocks":0,"Local Written Blocks":0,"Temp Read Blocks":0,"Temp Written Blocks":0,"I/O Read Time":0.0,"I/O Write Time":0.0,"Temp I/O Read Time":0.0,"Temp I/O Write Time":0.0,"Plans":[{"Node Type":"Seq Scan","Parent Relationship":"Outer","Parallel Aware":false,"Async Capable":false,"Relation Name":"supplier","Schema":"public","Alias":"supplier","Startup Cost":0.0,"Total Cost":317.0,"Plan Rows":10000,"Plan Width":8,"Actual Startup Time":0.01,"Actual Total Time":1.293,"Actual Rows":10000,"Actual Loops":1,"Output":["supplier.su_suppkey","supplier.su_nationkey"],"Shared Hit Blocks":217,"Shared Read Blocks":0,"Shared Dirtied Blocks":0,"Shared Written Blocks":0,"Local Hit Blocks":0,"Local Read Blocks":0,"Local Dirtied Blocks":0,"Local Written Blocks":0,"Temp Read Blocks":0,"Temp Written Blocks":0,"I/O Read Time":0.0,"I/O Write Time":0.0,"Temp I/O Read Time":0.0,"Temp I/O Write Time":0.0}]}]}]}]}]},"Planning":{"Shared Hit Blocks":16,"Shared Read Blocks":0,"Shared Dirtied Blocks":0,"Shared Written Blocks":0,"Local Hit Blocks":0,"Local Read Blocks":0,"Local Dirtied Blocks":0,"Local Written Blocks":0,"Temp Read Blocks":0,"Temp Written Blocks":0,"I/O Read Time":0.0,"I/O Write Time":0.0,"Temp I/O Read Time":0.0,"Temp I/O Write Time":0.0},"Planning Time":5.168,"Triggers":[],"Execution Time":10181.785}]
[列存组合]: customer, nation, order_line, region
[{"Plan":{"Node Type":"Sort","Parallel Aware":false,"Async Capable":false,"Startup Cost":1998058.03,"Total Cost":1998058.18,"Plan Rows":62,"Plan Width":40,"Actual Startup Time":10324.275,"Actual Total Time":10324.304,"Actual Rows":11,"Actual Loops":1,"Output":["nation.n_name","(sum(order_line.ol_amount))"],"Sort Key":["(sum(order_line.ol_amount)) DESC"],"Sort Method":"quicksort","Sort Space Used":25,"Sort Space Type":"Memory","Shared Hit Blocks":49616,"Shared Read Blocks":0,"Shared Dirtied Blocks":0,"Shared Written Blocks":0,"Local Hit Blocks":0,"Local Read Blocks":0,"Local Dirtied Blocks":0,"Local Written Blocks":0,"Temp Read Blocks":62236,"Temp Written Blocks":62263,"I/O Read Time":0.0,"I/O Write Time":0.0,"Temp I/O Read Time":102.375,"Temp I/O Write Time":250.088,"Plans":[{"Node Type":"Aggregate","Strategy":"Sorted","Partial Mode":"Simple","Parent Relationship":"Outer","Parallel Aware":false,"Async Capable":false,"Startup Cost":1997982.24,"Total Cost":1998056.18,"Plan Rows":62,"Plan Width":40,"Actual Startup Time":10321.441,"Actual Total Time":10324.288,"Actual Rows":11,"Actual Loops":1,"Output":["nation.n_name","sum(order_line.ol_amount)"],"Group Key":["nation.n_name"],"Shared Hit Blocks":49616,"Shared Read Blocks":0,"Shared Dirtied Blocks":0,"Shared Written Blocks":0,"Local Hit Blocks":0,"Local Read Blocks":0,"Local Dirtied Blocks":0,"Local Written Blocks":0,"Temp Read Blocks":62236,"Temp Written Blocks":62263,"I/O Read Time":0.0,"I/O Write Time":0.0,"Temp I/O Read Time":102.375,"Temp I/O Write Time":250.088,"Plans":[{"Node Type":"Sort","Parent Relationship":"Outer","Parallel Aware":false,"Async Capable":false,"Startup Cost":1997982.24,"Total Cost":1998006.63,"Plan Rows":9755,"Plan Width":12,"Actual Startup Time":10321.232,"Actual Total Time":10322.02,"Actual Rows":17493,"Actual Loops":1,"Output":["nation.n_name","order_line.ol_amount"],"Sort Key":["nation.n_name"],"Sort Method":"quicksort","Sort Space Used":1725,"Sort Space Type":"Memory","Shared Hit Blocks":49616,"Shared Read Blocks":0,"Shared Dirtied Blocks":0,"Shared Written Blocks":0,"Local Hit Blocks":0,"Local Read Blocks":0,"Local Dirtied Blocks":0,"Local Written Blocks":0,"Temp Read Blocks":62236,"Temp Written Blocks":62263,"I/O Read Time":0.0,"I/O Write Time":0.0,"Temp I/O Read Time":102.375,"Temp I/O Write Time":250.088,"Plans":[{"Node Type":"Hash Join","Parent Relationship":"Outer","Parallel Aware":false,"Async Capable":false,"Join Type":"Inner","Startup Cost":1673838.97,"Total Cost":1997335.88,"Plan Rows":9755,"Plan Width":12,"Actual Startup Time":8478.083,"Actual Total Time":10312.012,"Actual Rows":17493,"Actual Loops":1,"Output":["nation.n_name","order_line.ol_amount"],"Inner Unique":true,"Hash Cond":"((mod((stock.s_w_id * stock.s_i_id), 10000) = supplier.su_suppkey) AND (customer.c_nationkey = supplier.su_nationkey))","Shared Hit Blocks":49616,"Shared Read Blocks":0,"Shared Dirtied Blocks":0,"Shared Written Blocks":0,"Local Hit Blocks":0,"Local Read Blocks":0,"Local Dirtied Blocks":0,"Local Written Blocks":0,"Temp Read Blocks":62236,"Temp Written Blocks":62263,"I/O Read Time":0.0,"I/O Write Time":0.0,"Temp I/O Read Time":102.375,"Temp I/O Write Time":250.088,"Plans":[{"Node Type":"Merge Join","Parent Relationship":"Outer","Parallel Aware":false,"Async Capable":false,"Join Type":"Inner","Startup Cost":1673371.97,"Total Cost":1993553.75,"Plan Rows":602749,"Plan Width":26,"Actual Startup Time":8475.027,"Actual Total Time":10168.56,"Actual Rows":1109507,"Actual Loops":1,"Output":["customer.c_nationkey","order_line.ol_amount","stock.s_w_id","stock.s_i_id","nation.n_name","nation.n_nationkey"],"Inner Unique":true,"Merge Cond":"((customer.c_w_id = stock.s_w_id) AND (order_line.ol_i_id = stock.s_i_id))","Shared Hit Blocks":49399,"Shared Read Blocks":0,"Shared Dirtied Blocks":0,"Shared Written Blocks":0,"Local Hit Blocks":0,"Local Read Blocks":0,"Local Dirtied Blocks":0,"Local Written Blocks":0,"Temp Read Blocks":62236,"Temp Written Blocks":62263,"I/O Read Time":0.0,"I/O Write Time":0.0,"Temp I/O Read Time":102.375,"Temp I/O Write Time":250.088,"Plans":[{"Node Type":"Sort","Parent Relationship":"Outer","Parallel Aware":false,"Async Capable":false,"Startup Cost":1673371.53,"Total Cost":1674859.22,"Plan Rows":595073,"Plan Width":30,"Actual Startup Time":8474.962,"Actual Total Time":8654.83,"Actual Rows":1109507,"Actual Loops":1,"Output":["customer.c_w_id","customer.c_nationkey","orders.o_w_id","order_line.ol_amount","order_line.ol_w_id","order_line.ol_i_id","nation.n_name","nation.n_nationkey"],"Sort Key":["customer.c_w_id","order_line.ol_i_id"],"Sort Method":"external merge","Sort Space Used":47304,"Sort Space Type":"Disk","Shared Hit Blocks":22061,"Shared Read Blocks":0,"Shared Dirtied Blocks":0,"Shared Written Blocks":0,"Local Hit Blocks":0,"Local Read Blocks":0,"Local Dirtied Blocks":0,"Local Written Blocks":0,"Temp Read Blocks":62236,"Temp Written Blocks":62263,"I/O Read Time":0.0,"I/O Write Time":0.0,"Temp I/O Read Time":102.375,"Temp I/O Write Time":250.088,"Plans":[{"Node Type":"Hash Join","Parent Relationship":"Outer","Parallel Aware":false,"Async Capable":false,"Join Type":"Inner","Startup Cost":398284.32,"Total Cost":1602057.98,"Plan Rows":595073,"Plan Width":30,"Actual Startup Time":1499.515,"Actual Total Time":7088.716,"Actual Rows":1109507,"Actual Loops":1,"Output":["customer.c_w_id","customer.c_nationkey","orders.o_w_id","order_line.ol_amount","order_line.ol_w_id","order_line.ol_i_id","nation.n_name","nation.n_nationkey"],"Inner Unique":false,"Hash Cond":"(customer.c_nationkey = nation.n_nationkey)","Shared Hit Blocks":22061,"Shared Read Blocks":0,"Shared Dirtied Blocks":0,"Shared Written Blocks":0,"Local Hit Blocks":0,"Local Read Blocks":0,"Local Dirtied Blocks":0,"Local Written Blocks":0,"Temp Read Blocks":50419,"Temp Written Blocks":50419,"I/O Read Time":0.0,"I/O Write Time":0.0,"Temp I/O Read Time":84.187,"Temp I/O Write Time":218.388,"Plans":[{"Node Type":"Hash Join","Parent Relationship":"Outer","Parallel Aware":false,"Async Capable":false,"Join Type":"Inner","Startup Cost":398281.18,"Total Cost":1585138.44,"Plan Rows":2975367,"Plan Width":18,"Actual Startup Time":1492.109,"Actual Total Time":6662.29,"Actual Rows":4284922,"Actual Loops":1,"Output":["customer.c_w_id","customer.c_nationkey","orders.o_w_id","order_line.ol_amount","order_line.ol_w_id","order_line.ol_i_id"],"Inner Unique":true,"Hash Cond":"((orders.o_c_id = customer.c_id) AND (orders.o_w_id = customer.c_w_id) AND (orders.o_d_id = customer.c_d_id))","Shared Hit Blocks":22059,"Shared Read Blocks":0,"Shared Dirtied Blocks":0,"Shared Written Blocks":0,"Local Hit Blocks":0,"Local Read Blocks":0,"Local Dirtied Blocks":0,"Local Written Blocks":0,"Temp Read Blocks":50419,"Temp Written Blocks":50419,"I/O Read Time":0.0,"I/O Write Time":0.0,"Temp I/O Read Time":84.187,"Temp I/O Write Time":218.388,"Plans":[{"Node Type":"Hash Join","Parent Relationship":"Outer","Parallel Aware":false,"Async Capable":false,"Join Type":"Inner","Startup Cost":76626.59,"Total Cost":1190536.82,"Plan Rows":2975367,"Plan Width":20,"Actual Startup Time":328.357,"Actual Total Time":3355.508,"Actual Rows":4284922,"Actual Loops":1,"Output":["orders.o_c_id","orders.o_w_id","orders.o_d_id","order_line.ol_amount","order_line.ol_w_id","order_line.ol_d_id","order_line.ol_i_id"],"Inner Unique":true,"Hash Cond":"((order_line.ol_w_id = orders.o_w_id) AND (order_line.ol_d_id = orders.o_d_id) AND (order_line.ol_o_id = orders.o_id))","Shared Hit Blocks":22059,"Shared Read Blocks":0,"Shared Dirtied Blocks":0,"Shared Written Blocks":0,"Local Hit Blocks":0,"Local Read Blocks":0,"Local Dirtied Blocks":0,"Local Written Blocks":0,"Temp Read Blocks":18772,"Temp Written Blocks":18772,"I/O Read Time":0.0,"I/O Write Time":0.0,"Temp I/O Read Time":31.937,"Temp I/O Write Time":77.388,"Plans":[{"Node Type":"Append","Parent Relationship":"Outer","Parallel Aware":false,"Async Capable":false,"Startup Cost":20.0,"Total Cost":701820.0,"Plan Rows":20926367,"Plan Width":20,"Actual Startup Time":1.399,"Actual Total Time":1307.607,"Actual Rows":4311079,"Actual Loops":1,"Shared Hit Blocks":0,"Shared Read Blocks":0,"Shared Dirtied Blocks":0,"Shared Written Blocks":0,"Local Hit Blocks":0,"Local Read Blocks":0,"Local Dirtied Blocks":0,"Local Written Blocks":0,"Temp Read Blocks":0,"Temp Written Blocks":0,"I/O Read Time":0.0,"I/O Write Time":0.0,"Temp I/O Read Time":0.0,"Temp I/O Write Time":0.0,"Subplans Removed":0,"Plans":[{"Node Type":"Custom Scan","Parent Relationship":"Member","Custom Plan Provider":"columnar scan","Parallel Aware":false,"Async Capable":false,"Relation Name":"order_line","Schema":"public","Alias":"order_line","Startup Cost":20.0,"Total Cost":533641.75,"Plan Rows":20926325,"Plan Width":20,"Actual Startup Time":1.397,"Actual Total Time":998.903,"Actual Rows":4311079,"Actual Loops":1,"Output":["order_line.ol_amount","order_line.ol_o_id","order_line.ol_w_id","order_line.ol_d_id","order_line.ol_i_id"],"Filter":"(order_line.ol_delivery_d >= '1992-01-02 20:10:02.27764'::timestamp without time zone)","Rows Removed by Filter":0,"Rows Removed by Columnar Filter":25686653,"Rows Filtered by Bloom Filter":0,"Dictionary Rows Filtered by Bloom Filter":25686653,"Columnar cache search mode":"native","Shared Hit Blocks":0,"Shared Read Blocks":0,"Shared Dirtied Blocks":0,"Shared Written Blocks":0,"Local Hit Blocks":0,"Local Read Blocks":0,"Local Dirtied Blocks":0,"Local Written Blocks":0,"Temp Read Blocks":0,"Temp Written Blocks":0,"I/O Read Time":0.0,"I/O Write Time":0.0,"Temp I/O Read Time":0.0,"Temp I/O Write Time":0.0},{"Node Type":"Seq Scan","Parent Relationship":"Member","Parallel Aware":false,"Async Capable":false,"Relation Name":"order_line","Schema":"public","Alias":"order_line","Startup Cost":0.0,"Total Cost":4.75,"Plan Rows":42,"Plan Width":20,"Actual Startup Time":0.0,"Actual Total Time":0.0,"Actual Rows":0,"Actual Loops":0,"Output":["order_line.ol_amount","order_line.ol_o_id","order_line.ol_w_id","order_line.ol_d_id","order_line.ol_i_id"],"Filter":"(order_line.ol_delivery_d >= '1992-01-02 20:10:02.27764'::timestamp without time zone)","Rows Removed by Filter":0,"Shared Hit Blocks":0,"Shared Read Blocks":0,"Shared Dirtied Blocks":0,"Shared Written Blocks":0,"Local Hit Blocks":0,"Local Read Blocks":0,"Local Dirtied Blocks":0,"Local Written Blocks":0,"Temp Read Blocks":0,"Temp Written Blocks":0,"I/O Read Time":0.0,"I/O Write Time":0.0,"Temp I/O Read Time":0.0,"Temp I/O Write Time":0.0}]},{"Node Type":"Hash","Parent Relationship":"Inner","Parallel Aware":false,"Async Capable":false,"Startup Cost":67059.0,"Total Cost":67059.0,"Plan Rows":426548,"Plan Width":16,"Actual Startup Time":325.699,"Actual Total Time":325.701,"Actual Rows":428399,"Actual Loops":1,"Output":["orders.o_c_id","orders.o_w_id","orders.o_d_id","orders.o_id"],"Hash Buckets":262144,"Original Hash Buckets":262144,"Hash Batches":4,"Original Hash Batches":4,"Peak Memory Usage":7080,"Shared Hit Blocks":22059,"Shared Read Blocks":0,"Shared Dirtied Blocks":0,"Shared Written Blocks":0,"Local Hit Blocks":0,"Local Read Blocks":0,"Local Dirtied Blocks":0,"Local Written Blocks":0,"Temp Read Blocks":0,"Temp Written Blocks":1410,"I/O Read Time":0.0,"I/O Write Time":0.0,"Temp I/O Read Time":0.0,"Temp I/O Write Time":6.327,"Plans":[{"Node Type":"Seq Scan","Parent Relationship":"Outer","Parallel Aware":false,"Async Capable":false,"Relation Name":"orders","Schema":"public","Alias":"orders","Startup Cost":0.0,"Total Cost":67059.0,"Plan Rows":426548,"Plan Width":16,"Actual Startup Time":0.784,"Actual Total Time":222.991,"Actual Rows":428399,"Actual Loops":1,"Output":["orders.o_c_id","orders.o_w_id","orders.o_d_id","orders.o_id"],"Filter":"((orders.o_entry_d >= '1993-01-02 20:10:02.27764'::timestamp without time zone) AND (orders.o_entry_d < '1994-01-02 20:10:02.27764'::timestamp without time zone))","Rows Removed by Filter":2571601,"Shared Hit Blocks":22059,"Shared Read Blocks":0,"Shared Dirtied Blocks":0,"Shared Written Blocks":0,"Local Hit Blocks":0,"Local Read Blocks":0,"Local Dirtied Blocks":0,"Local Written Blocks":0,"Temp Read Blocks":0,"Temp Written Blocks":0,"I/O Read Time":0.0,"I/O Write Time":0.0,"Temp I/O Read Time":0.0,"Temp I/O Write Time":0.0}]}]},{"Node Type":"Hash","Parent Relationship":"Inner","Parallel Aware":false,"Async Capable":false,"Startup Cost":254511.16,"Total Cost":254511.16,"Plan Rows":2999739,"Plan Width":12,"Actual Startup Time":1161.88,"Actual Total Time":1161.883,"Actual Rows":3000000,"Actual Loops":1,"Output":["customer.c_id","customer.c_w_id","customer.c_d_id","customer.c_nationkey"],"Hash Buckets":262144,"Original Hash Buckets":262144,"Hash Batches":32,"Original Hash Batches":32,"Peak Memory Usage":6090,"Shared Hit Blocks":0,"Shared Read Blocks":0,"Shared Dirtied Blocks":0,"Shared Written Blocks":0,"Local Hit Blocks":0,"Local Read Blocks":0,"Local Dirtied Blocks":0,"Local Written Blocks":0,"Temp Read Blocks":0,"Temp Written Blocks":11335,"I/O Read Time":0.0,"I/O Write Time":0.0,"Temp I/O Read Time":0.0,"Temp I/O Write Time":48.398,"Plans":[{"Node Type":"Append","Parent Relationship":"Outer","Parallel Aware":false,"Async Capable":false,"Startup Cost":20.0,"Total Cost":254511.16,"Plan Rows":2999739,"Plan Width":12,"Actual Startup Time":0.015,"Actual Total Time":658.698,"Actual Rows":3000000,"Actual Loops":1,"Shared Hit Blocks":0,"Shared Read Blocks":0,"Shared Dirtied Blocks":0,"Shared Written Blocks":0,"Local Hit Blocks":0,"Local Read Blocks":0,"Local Dirtied Blocks":0,"Local Written Blocks":0,"Temp Read Blocks":0,"Temp Written Blocks":0,"I/O Read Time":0.0,"I/O Write Time":0.0,"Temp I/O Read Time":0.0,"Temp I/O Write Time":0.0,"Subplans Removed":0,"Plans":[{"Node Type":"Custom Scan","Parent Relationship":"Member","Custom Plan Provider":"columnar scan","Parallel Aware":false,"Async Capable":false,"Relation Name":"customer","Schema":"public","Alias":"customer","Startup Cost":20.0,"Total Cost":70513.87,"Plan Rows":2999738,"Plan Width":12,"Actual Startup Time":0.014,"Actual Total Time":445.701,"Actual Rows":3000000,"Actual Loops":1,"Output":["customer.c_id","customer.c_w_id","customer.c_d_id","customer.c_nationkey"],"Rows Removed by Columnar Filter":0,"Columnar cache search mode":"native","Shared Hit Blocks":0,"Shared Read Blocks":0,"Shared Dirtied Blocks":0,"Shared Written Blocks":0,"Local Hit Blocks":0,"Local Read Blocks":0,"Local Dirtied Blocks":0,"Local Written Blocks":0,"Temp Read Blocks":0,"Temp Written Blocks":0,"I/O Read Time":0.0,"I/O Write Time":0.0,"Temp I/O Read Time":0.0,"Temp I/O Write Time":0.0},{"Node Type":"Seq Scan","Parent Relationship":"Member","Parallel Aware":false,"Async Capable":false,"Relation Name":"customer","Schema":"public","Alias":"customer","Startup Cost":0.0,"Total Cost":4.01,"Plan Rows":1,"Plan Width":12,"Actual Startup Time":0.0,"Actual Total Time":0.0,"Actual Rows":0,"Actual Loops":0,"Output":["customer.c_id","customer.c_w_id","customer.c_d_id","customer.c_nationkey"],"Shared Hit Blocks":0,"Shared Read Blocks":0,"Shared Dirtied Blocks":0,"Shared Written Blocks":0,"Local Hit Blocks":0,"Local Read Blocks":0,"Local Dirtied Blocks":0,"Local Written Blocks":0,"Temp Read Blocks":0,"Temp Written Blocks":0,"I/O Read Time":0.0,"I/O Write Time":0.0,"Temp I/O Read Time":0.0,"Temp I/O Write Time":0.0}]}]}]},{"Node Type":"Hash","Parent Relationship":"Inner","Parallel Aware":false,"Async Capable":false,"Startup Cost":2.99,"Total Cost":2.99,"Plan Rows":12,"Plan Width":12,"Actual Startup Time":0.044,"Actual Total Time":0.048,"Actual Rows":22,"Actual Loops":1,"Output":["nation.n_name","nation.n_nationkey"],"Hash Buckets":1024,"Original Hash Buckets":1024,"Hash Batches":1,"Original Hash Batches":1,"Peak Memory Usage":9,"Shared Hit Blocks":2,"Shared Read Blocks":0,"Shared Dirtied Blocks":0,"Shared Written Blocks":0,"Local Hit Blocks":0,"Local Read Blocks":0,"Local Dirtied Blocks":0,"Local Written Blocks":0,"Temp Read Blocks":0,"Temp Written Blocks":0,"I/O Read Time":0.0,"I/O Write Time":0.0,"Temp I/O Read Time":0.0,"Temp I/O Write Time":0.0,"Plans":[{"Node Type":"Hash Join","Parent Relationship":"Outer","Parallel Aware":false,"Async Capable":false,"Join Type":"Inner","Startup Cost":1.07,"Total Cost":2.99,"Plan Rows":12,"Plan Width":12,"Actual Startup Time":0.027,"Actual Total Time":0.043,"Actual Rows":22,"Actual Loops":1,"Output":["nation.n_name","nation.n_nationkey"],"Inner Unique":true,"Hash Cond":"(nation.n_regionkey = region.r_regionkey)","Shared Hit Blocks":2,"Shared Read Blocks":0,"Shared Dirtied Blocks":0,"Shared Written Blocks":0,"Local Hit Blocks":0,"Local Read Blocks":0,"Local Dirtied Blocks":0,"Local Written Blocks":0,"Temp Read Blocks":0,"Temp Written Blocks":0,"I/O Read Time":0.0,"I/O Write Time":0.0,"Temp I/O Read Time":0.0,"Temp I/O Write Time":0.0,"Plans":[{"Node Type":"Seq Scan","Parent Relationship":"Outer","Parallel Aware":false,"Async Capable":false,"Relation Name":"nation","Schema":"public","Alias":"nation","Startup Cost":0.0,"Total Cost":1.62,"Plan Rows":62,"Plan Width":16,"Actual Startup Time":0.005,"Actual Total Time":0.009,"Actual Rows":62,"Actual Loops":1,"Output":["nation.n_nationkey","nation.n_name","nation.n_regionkey","nation.n_comment"],"Shared Hit Blocks":1,"Shared Read Blocks":0,"Shared Dirtied Blocks":0,"Shared Written Blocks":0,"Local Hit Blocks":0,"Local Read Blocks":0,"Local Dirtied Blocks":0,"Local Written Blocks":0,"Temp Read Blocks":0,"Temp Written Blocks":0,"I/O Read Time":0.0,"I/O Write Time":0.0,"Temp I/O Read Time":0.0,"Temp I/O Write Time":0.0},{"Node Type":"Hash","Parent Relationship":"Inner","Parallel Aware":false,"Async Capable":false,"Startup Cost":1.06,"Total Cost":1.06,"Plan Rows":1,"Plan Width":4,"Actual Startup Time":0.008,"Actual Total Time":0.009,"Actual Rows":1,"Actual Loops":1,"Output":["region.r_regionkey"],"Hash Buckets":1024,"Original Hash Buckets":1024,"Hash Batches":1,"Original Hash Batches":1,"Peak Memory Usage":9,"Shared Hit Blocks":1,"Shared Read Blocks":0,"Shared Dirtied Blocks":0,"Shared Written Blocks":0,"Local Hit Blocks":0,"Local Read Blocks":0,"Local Dirtied Blocks":0,"Local Written Blocks":0,"Temp Read Blocks":0,"Temp Written Blocks":0,"I/O Read Time":0.0,"I/O Write Time":0.0,"Temp I/O Read Time":0.0,"Temp I/O Write Time":0.0,"Plans":[{"Node Type":"Seq Scan","Parent Relationship":"Outer","Parallel Aware":false,"Async Capable":false,"Relation Name":"region","Schema":"public","Alias":"region","Startup Cost":0.0,"Total Cost":1.06,"Plan Rows":1,"Plan Width":4,"Actual Startup Time":0.005,"Actual Total Time":0.006,"Actual Rows":1,"Actual Loops":1,"Output":["region.r_regionkey"],"Filter":"((region.r_name)::text = 'Europe'::text)","Rows Removed by Filter":4,"Shared Hit Blocks":1,"Shared Read Blocks":0,"Shared Dirtied Blocks":0,"Shared Written Blocks":0,"Local Hit Blocks":0,"Local Read Blocks":0,"Local Dirtied Blocks":0,"Local Written Blocks":0,"Temp Read Blocks":0,"Temp Written Blocks":0,"I/O Read Time":0.0,"I/O Write Time":0.0,"Temp I/O Read Time":0.0,"Temp I/O Write Time":0.0}]}]}]}]}]},{"Node Type":"Index Only Scan","Parent Relationship":"Inner","Parallel Aware":false,"Async Capable":false,"Scan Direction":"Forward","Index Name":"stock_pk","Relation Name":"stock","Schema":"public","Alias":"stock","Startup Cost":0.43,"Total Cost":259690.86,"Plan Rows":10000162,"Plan Width":6,"Actual Startup Time":0.052,"Actual Total Time":707.518,"Actual Rows":9999996,"Actual Loops":1,"Output":["stock.s_w_id","stock.s_i_id"],"Heap Fetches":0,"Shared Hit Blocks":27338,"Shared Read Blocks":0,"Shared Dirtied Blocks":0,"Shared Written Blocks":0,"Local Hit Blocks":0,"Local Read Blocks":0,"Local Dirtied Blocks":0,"Local Written Blocks":0,"Temp Read Blocks":0,"Temp Written Blocks":0,"I/O Read Time":0.0,"I/O Write Time":0.0,"Temp I/O Read Time":0.0,"Temp I/O Write Time":0.0}]},{"Node Type":"Hash","Parent Relationship":"Inner","Parallel Aware":false,"Async Capable":false,"Startup Cost":317.0,"Total Cost":317.0,"Plan Rows":10000,"Plan Width":8,"Actual Startup Time":2.632,"Actual Total Time":2.632,"Actual Rows":10000,"Actual Loops":1,"Output":["supplier.su_suppkey","supplier.su_nationkey"],"Hash Buckets":16384,"Original Hash Buckets":16384,"Hash Batches":1,"Original Hash Batches":1,"Peak Memory Usage":519,"Shared Hit Blocks":217,"Shared Read Blocks":0,"Shared Dirtied Blocks":0,"Shared Written Blocks":0,"Local Hit Blocks":0,"Local Read Blocks":0,"Local Dirtied Blocks":0,"Local Written Blocks":0,"Temp Read Blocks":0,"Temp Written Blocks":0,"I/O Read Time":0.0,"I/O Write Time":0.0,"Temp I/O Read Time":0.0,"Temp I/O Write Time":0.0,"Plans":[{"Node Type":"Seq Scan","Parent Relationship":"Outer","Parallel Aware":false,"Async Capable":false,"Relation Name":"supplier","Schema":"public","Alias":"supplier","Startup Cost":0.0,"Total Cost":317.0,"Plan Rows":10000,"Plan Width":8,"Actual Startup Time":0.01,"Actual Total Time":1.279,"Actual Rows":10000,"Actual Loops":1,"Output":["supplier.su_suppkey","supplier.su_nationkey"],"Shared Hit Blocks":217,"Shared Read Blocks":0,"Shared Dirtied Blocks":0,"Shared Written Blocks":0,"Local Hit Blocks":0,"Local Read Blocks":0,"Local Dirtied Blocks":0,"Local Written Blocks":0,"Temp Read Blocks":0,"Temp Written Blocks":0,"I/O Read Time":0.0,"I/O Write Time":0.0,"Temp I/O Read Time":0.0,"Temp I/O Write Time":0.0}]}]}]}]}]},"Planning":{"Shared Hit Blocks":16,"Shared Read Blocks":0,"Shared Dirtied Blocks":0,"Shared Written Blocks":0,"Local Hit Blocks":0,"Local Read Blocks":0,"Local Dirtied Blocks":0,"Local Written Blocks":0,"Temp Read Blocks":0,"Temp Written Blocks":0,"I/O Read Time":0.0,"I/O Write Time":0.0,"Temp I/O Read Time":0.0,"Temp I/O Write Time":0.0},"Planning Time":5.099,"Triggers":[],"Execution Time":10332.571}]
[列存组合]: customer, nation, order_line, stock
[{"Plan":{"Node Type":"Sort","Parallel Aware":false,"Async Capable":false,"Startup Cost":1195014.88,"Total Cost":1195015.03,"Plan Rows":62,"Plan Width":40,"Actual Startup Time":5421.638,"Actual Total Time":5421.673,"Actual Rows":11,"Actual Loops":1,"Output":["nation.n_name","(sum(order_line.ol_amount))"],"Sort Key":["(sum(order_line.ol_amount)) DESC"],"Sort Method":"quicksort","Sort Space Used":25,"Sort Space Type":"Memory","Shared Hit Blocks":22278,"Shared Read Blocks":0,"Shared Dirtied Blocks":0,"Shared Written Blocks":0,"Local Hit Blocks":0,"Local Read Blocks":0,"Local Dirtied Blocks":0,"Local Written Blocks":0,"Temp Read Blocks":31471,"Temp Written Blocks":31471,"I/O Read Time":0.0,"I/O Write Time":0.0,"Temp I/O Read Time":50.489,"Temp I/O Write Time":143.713,"Plans":[{"Node Type":"Aggregate","Strategy":"Sorted","Partial Mode":"Simple","Parent Relationship":"Outer","Parallel Aware":false,"Async Capable":false,"Startup Cost":1194939.1,"Total Cost":1195013.03,"Plan Rows":62,"Plan Width":40,"Actual Startup Time":5418.783,"Actual Total Time":5421.655,"Actual Rows":11,"Actual Loops":1,"Output":["nation.n_name","sum(order_line.ol_amount)"],"Group Key":["nation.n_name"],"Shared Hit Blocks":22278,"Shared Read Blocks":0,"Shared Dirtied Blocks":0,"Shared Written Blocks":0,"Local Hit Blocks":0,"Local Read Blocks":0,"Local Dirtied Blocks":0,"Local Written Blocks":0,"Temp Read Blocks":31471,"Temp Written Blocks":31471,"I/O Read Time":0.0,"I/O Write Time":0.0,"Temp I/O Read Time":50.489,"Temp I/O Write Time":143.713,"Plans":[{"Node Type":"Sort","Parent Relationship":"Outer","Parallel Aware":false,"Async Capable":false,"Startup Cost":1194939.1,"Total Cost":1194963.48,"Plan Rows":9755,"Plan Width":12,"Actual Startup Time":5418.563,"Actual Total Time":5419.384,"Actual Rows":17493,"Actual Loops":1,"Output":["nation.n_name","order_line.ol_amount"],"Sort Key":["nation.n_name"],"Sort Method":"quicksort","Sort Space Used":1725,"Sort Space Type":"Memory","Shared Hit Blocks":22278,"Shared Read Blocks":0,"Shared Dirtied Blocks":0,"Shared Written Blocks":0,"Local Hit Blocks":0,"Local Read Blocks":0,"Local Dirtied Blocks":0,"Local Written Blocks":0,"Temp Read Blocks":31471,"Temp Written Blocks":31471,"I/O Read Time":0.0,"I/O Write Time":0.0,"Temp I/O Read Time":50.489,"Temp I/O Write Time":143.713,"Plans":[{"Node Type":"Hash Join","Parent Relationship":"Outer","Parallel Aware":false,"Async Capable":false,"Join Type":"Inner","Startup Cost":435485.54,"Total Cost":1194292.73,"Plan Rows":9755,"Plan Width":12,"Actual Startup Time":2278.627,"Actual Total Time":5410.104,"Actual Rows":17493,"Actual Loops":1,"Output":["nation.n_name","order_line.ol_amount"],"Hash Cond":"((orders.o_c_id = customer.c_id) AND (orders.o_w_id = customer.c_w_id) AND (orders.o_d_id = customer.c_d_id) AND (supplier.su_nationkey = customer.c_nationkey))","Shared Hit Blocks":22278,"Shared Read Blocks":0,"Shared Dirtied Blocks":0,"Shared Written Blocks":0,"Local Hit Blocks":0,"Local Read Blocks":0,"Local Dirtied Blocks":0,"Local Written Blocks":0,"Temp Read Blocks":31471,"Temp Written Blocks":31471,"I/O Read Time":0.0,"I/O Write Time":0.0,"Temp I/O Read Time":50.489,"Temp I/O Write Time":143.713,"Plans":[{"Node Type":"Hash Join","Parent Relationship":"Outer","Parallel Aware":false,"Async Capable":false,"Join Type":"Inner","Startup Cost":106331.6,"Total Cost":834741.88,"Plan Rows":602754,"Plan Width":34,"Actual Startup Time":1004.943,"Actual Total Time":3344.983,"Actual Rows":1489124,"Actual Loops":1,"Output":["orders.o_c_id","orders.o_w_id","orders.o_d_id","order_line.ol_amount","order_line.ol_w_id","order_line.ol_d_id","stock.s_w_id","supplier.su_nationkey","nation.n_name","nation.n_nationkey"],"Hash Cond":"((order_line.ol_w_id = orders.o_w_id) AND (order_line.ol_d_id = orders.o_d_id) AND (order_line.ol_o_id = orders.o_id))","Shared Hit Blocks":22278,"Shared Read Blocks":0,"Shared Dirtied Blocks":0,"Shared Written Blocks":0,"Local Hit Blocks":0,"Local Read Blocks":0,"Local Dirtied Blocks":0,"Local Written Blocks":0,"Temp Read Blocks":9894,"Temp Written Blocks":9894,"I/O Read Time":0.0,"I/O Write Time":0.0,"Temp I/O Read Time":16.532,"Temp I/O Write Time":44.601,"Plans":[{"Node Type":"Hash Join","Parent Relationship":"Outer","Parallel Aware":false,"Async Capable":false,"Join Type":"Inner","Startup Cost":29725.01,"Total Cost":656340.76,"Plan Rows":4242986,"Plan Width":34,"Actual Startup Time":605.397,"Actual Total Time":2218.518,"Actual Rows":1498118,"Actual Loops":1,"Output":["order_line.ol_amount","order_line.ol_o_id","order_line.ol_w_id","order_line.ol_d_id","stock.s_w_id","supplier.su_nationkey","nation.n_name","nation.n_nationkey"],"Hash Cond":"(mod((stock.s_w_id * stock.s_i_id), 10000) = supplier.su_suppkey)","Shared Hit Blocks":219,"Shared Read Blocks":0,"Shared Dirtied Blocks":0,"Shared Written Blocks":0,"Local Hit Blocks":0,"Local Read Blocks":0,"Local Dirtied Blocks":0,"Local Written Blocks":0,"Temp Read Blocks":0,"Temp Written Blocks":0,"I/O Read Time":0.0,"I/O Write Time":0.0,"Temp I/O Read Time":0.0,"Temp I/O Write Time":0.0,"Plans":[{"Node Type":"Hash Join","Parent Relationship":"Outer","Parallel Aware":false,"Async Capable":false,"Join Type":"Inner","Startup Cost":29323.02,"Total Cost":480915.59,"Plan Rows":21214932,"Plan Width":22,"Actual Startup Time":602.276,"Actual Total Time":1537.71,"Actual Rows":4311079,"Actual Loops":1,"Output":["order_line.ol_amount","order_line.ol_o_id","order_line.ol_w_id","order_line.ol_d_id","stock.s_w_id","stock.s_i_id"],"Hash Cond":"((order_line.ol_w_id = stock.s_w_id) AND (order_line.ol_i_id = stock.s_i_id))","Rows Removed by Bloom Filter":0,"Shared Hit Blocks":0,"Shared Read Blocks":0,"Shared Dirtied Blocks":0,"Shared Written Blocks":0,"Local Hit Blocks":0,"Local Read Blocks":0,"Local Dirtied Blocks":0,"Local Written Blocks":0,"Temp Read Blocks":0,"Temp Written Blocks":0,"I/O Read Time":0.0,"I/O Write Time":0.0,"Temp I/O Read Time":0.0,"Temp I/O Write Time":0.0,"Plans":[{"Node Type":"Append","Parent Relationship":"Outer","Parallel Aware":false,"Async Capable":false,"Startup Cost":20.0,"Total Cost":533646.5,"Plan Rows":20926367,"Plan Width":20,"Actual Startup Time":160.446,"Actual Total Time":160.453,"Actual Rows":4311079,"Actual Loops":1,"Shared Hit Blocks":0,"Shared Read Blocks":0,"Shared Dirtied Blocks":0,"Shared Written Blocks":0,"Local Hit Blocks":0,"Local Read Blocks":0,"Local Dirtied Blocks":0,"Local Written Blocks":0,"Temp Read Blocks":0,"Temp Written Blocks":0,"I/O Read Time":0.0,"I/O Write Time":0.0,"Temp I/O Read Time":0.0,"Temp I/O Write Time":0.0,"Subplans Removed":0,"Plans":[{"Node Type":"Custom Scan","Parent Relationship":"Member","Custom Plan Provider":"columnar scan","Parallel Aware":false,"Async Capable":false,"Relation Name":"order_line","Schema":"public","Alias":"order_line","Startup Cost":20.0,"Total Cost":533641.75,"Plan Rows":20926325,"Plan Width":20,"Actual Startup Time":160.444,"Actual Total Time":160.447,"Actual Rows":4311079,"Actual Loops":1,"Output":["order_line.ol_amount","order_line.ol_o_id","order_line.ol_w_id","order_line.ol_d_id","order_line.ol_i_id"],"Filter":"(order_line.ol_delivery_d >= '1992-01-02 20:10:02.27764'::timestamp without time zone)","Rows Removed by Filter":0,"Rows Removed by Columnar Filter":25686653,"Rows Filtered by Bloom Filter":0,"Dictionary Rows Filtered by Bloom Filter":25686653,"Columnar cache search mode":"native","Shared Hit Blocks":0,"Shared Read Blocks":0,"Shared Dirtied Blocks":0,"Shared Written Blocks":0,"Local Hit Blocks":0,"Local Read Blocks":0,"Local Dirtied Blocks":0,"Local Written Blocks":0,"Temp Read Blocks":0,"Temp Written Blocks":0,"I/O Read Time":0.0,"I/O Write Time":0.0,"Temp I/O Read Time":0.0,"Temp I/O Write Time":0.0},{"Node Type":"Seq Scan","Parent Relationship":"Member","Parallel Aware":false,"Async Capable":false,"Relation Name":"order_line","Schema":"public","Alias":"order_line","Startup Cost":0.0,"Total Cost":4.75,"Plan Rows":42,"Plan Width":20,"Actual Startup Time":0.0,"Actual Total Time":0.0,"Actual Rows":0,"Actual Loops":0,"Output":["order_line.ol_amount","order_line.ol_o_id","order_line.ol_w_id","order_line.ol_d_id","order_line.ol_i_id"],"Filter":"(order_line.ol_delivery_d >= '1992-01-02 20:10:02.27764'::timestamp without time zone)","Rows Removed by Filter":0,"Shared Hit Blocks":0,"Shared Read Blocks":0,"Shared Dirtied Blocks":0,"Shared Written Blocks":0,"Local Hit Blocks":0,"Local Read Blocks":0,"Local Dirtied Blocks":0,"Local Written Blocks":0,"Temp Read Blocks":0,"Temp Written Blocks":0,"I/O Read Time":0.0,"I/O Write Time":0.0,"Temp I/O Read Time":0.0,"Temp I/O Write Time":0.0}]},{"Node Type":"Hash","Parent Relationship":"Inner","Parallel Aware":false,"Async Capable":false,"Startup Cost":195025.67,"Total Cost":195025.67,"Plan Rows":10000162,"Plan Width":6,"Actual Rows":10000000,"Actual Loops":1,"Output":["stock.s_w_id","stock.s_i_id"],"Shared Hit Blocks":0,"Shared Read Blocks":0,"Shared Dirtied Blocks":0,"Shared Written Blocks":0,"Local Hit Blocks":0,"Local Read Blocks":0,"Local Dirtied Blocks":0,"Local Written Blocks":0,"Temp Read Blocks":0,"Temp Written Blocks":0,"I/O Read Time":0.0,"I/O Write Time":0.0,"Temp I/O Read Time":0.0,"Temp I/O Write Time":0.0,"Plans":[{"Node Type":"Append","Parent Relationship":"Outer","Parallel Aware":false,"Async Capable":false,"Startup Cost":20.0,"Total Cost":195025.67,"Plan Rows":10000162,"Plan Width":6,"Actual Startup Time":0.272,"Actual Total Time":0.275,"Actual Rows":10000000,"Actual Loops":1,"Shared Hit Blocks":0,"Shared Read Blocks":0,"Shared Dirtied Blocks":0,"Shared Written Blocks":0,"Local Hit Blocks":0,"Local Read Blocks":0,"Local Dirtied Blocks":0,"Local Written Blocks":0,"Temp Read Blocks":0,"Temp Written Blocks":0,"I/O Read Time":0.0,"I/O Write Time":0.0,"Temp I/O Read Time":0.0,"Temp I/O Write Time":0.0,"Subplans Removed":0,"Plans":[{"Node Type":"Custom Scan","Parent Relationship":"Member","Custom Plan Provider":"columnar scan","Parallel Aware":false,"Async Capable":false,"Relation Name":"stock","Schema":"public","Alias":"stock","Startup Cost":20.0,"Total Cost":195020.05,"Plan Rows":10000000,"Plan Width":6,"Actual Startup Time":0.27,"Actual Total Time":0.27,"Actual Rows":10000000,"Actual Loops":1,"Output":["stock.s_w_id","stock.s_i_id"],"Rows Removed by Columnar Filter":0,"Columnar cache search mode":"native","Shared Hit Blocks":0,"Shared Read Blocks":0,"Shared Dirtied Blocks":0,"Shared Written Blocks":0,"Local Hit Blocks":0,"Local Read Blocks":0,"Local Dirtied Blocks":0,"Local Written Blocks":0,"Temp Read Blocks":0,"Temp Written Blocks":0,"I/O Read Time":0.0,"I/O Write Time":0.0,"Temp I/O Read Time":0.0,"Temp I/O Write Time":0.0},{"Node Type":"Seq Scan","Parent Relationship":"Member","Parallel Aware":false,"Async Capable":false,"Relation Name":"stock","Schema":"public","Alias":"stock","Startup Cost":0.0,"Total Cost":5.62,"Plan Rows":162,"Plan Width":6,"Actual Startup Time":0.0,"Actual Total Time":0.0,"Actual Rows":0,"Actual Loops":0,"Output":["stock.s_w_id","stock.s_i_id"],"Shared Hit Blocks":0,"Shared Read Blocks":0,"Shared Dirtied Blocks":0,"Shared Written Blocks":0,"Local Hit Blocks":0,"Local Read Blocks":0,"Local Dirtied Blocks":0,"Local Written Blocks":0,"Temp Read Blocks":0,"Temp Written Blocks":0,"I/O Read Time":0.0,"I/O Write Time":0.0,"Temp I/O Read Time":0.0,"Temp I/O Write Time":0.0}]}]}]},{"Node Type":"Hash","Parent Relationship":"Inner","Parallel Aware":false,"Async Capable":false,"Startup Cost":376.99,"Total Cost":376.99,"Plan Rows":2000,"Plan Width":20,"Actual Startup Time":3.09,"Actual Total Time":3.102,"Actual Rows":3506,"Actual Loops":1,"Output":["supplier.su_suppkey","supplier.su_nationkey","nation.n_name","nation.n_nationkey"],"Hash Buckets":4096,"Original Hash Buckets":2048,"Hash Batches":1,"Original Hash Batches":1,"Peak Memory Usage":217,"Shared Hit Blocks":219,"Shared Read Blocks":0,"Shared Dirtied Blocks":0,"Shared Written Blocks":0,"Local Hit Blocks":0,"Local Read Blocks":0,"Local Dirtied Blocks":0,"Local Written Blocks":0,"Temp Read Blocks":0,"Temp Written Blocks":0,"I/O Read Time":0.0,"I/O Write Time":0.0,"Temp I/O Read Time":0.0,"Temp I/O Write Time":0.0,"Plans":[{"Node Type":"Hash Join","Parent Relationship":"Outer","Parallel Aware":false,"Async Capable":false,"Join Type":"Inner","Startup Cost":3.14,"Total Cost":376.99,"Plan Rows":2000,"Plan Width":20,"Actual Startup Time":0.066,"Actual Total Time":2.509,"Actual Rows":3506,"Actual Loops":1,"Output":["supplier.su_suppkey","supplier.su_nationkey","nation.n_name","nation.n_nationkey"],"Hash Cond":"(supplier.su_nationkey = nation.n_nationkey)","Shared Hit Blocks":219,"Shared Read Blocks":0,"Shared Dirtied Blocks":0,"Shared Written Blocks":0,"Local Hit Blocks":0,"Local Read Blocks":0,"Local Dirtied Blocks":0,"Local Written Blocks":0,"Temp Read Blocks":0,"Temp Written Blocks":0,"I/O Read Time":0.0,"I/O Write Time":0.0,"Temp I/O Read Time":0.0,"Temp I/O Write Time":0.0,"Plans":[{"Node Type":"Seq Scan","Parent Relationship":"Outer","Parallel Aware":false,"Async Capable":false,"Relation Name":"supplier","Schema":"public","Alias":"supplier","Startup Cost":0.0,"Total Cost":317.0,"Plan Rows":10000,"Plan Width":8,"Actual Startup Time":0.01,"Actual Total Time":0.892,"Actual Rows":10000,"Actual Loops":1,"Output":["supplier.su_suppkey","supplier.su_name","supplier.su_address","supplier.su_nationkey","supplier.su_phone","supplier.su_acctbal","supplier.su_comment"],"Shared Hit Blocks":217,"Shared Read Blocks":0,"Shared Dirtied Blocks":0,"Shared Written Blocks":0,"Local Hit Blocks":0,"Local Read Blocks":0,"Local Dirtied Blocks":0,"Local Written Blocks":0,"Temp Read Blocks":0,"Temp Written Blocks":0,"I/O Read Time":0.0,"I/O Write Time":0.0,"Temp I/O Read Time":0.0,"Temp I/O Write Time":0.0},{"Node Type":"Hash","Parent Relationship":"Inner","Parallel Aware":false,"Async Capable":false,"Startup Cost":2.99,"Total Cost":2.99,"Plan Rows":12,"Plan Width":12,"Actual Startup Time":0.045,"Actual Total Time":0.053,"Actual Rows":22,"Actual Loops":1,"Output":["nation.n_name","nation.n_nationkey"],"Hash Buckets":1024,"Original Hash Buckets":1024,"Hash Batches":1,"Original Hash Batches":1,"Peak Memory Usage":9,"Shared Hit Blocks":2,"Shared Read Blocks":0,"Shared Dirtied Blocks":0,"Shared Written Blocks":0,"Local Hit Blocks":0,"Local Read Blocks":0,"Local Dirtied Blocks":0,"Local Written Blocks":0,"Temp Read Blocks":0,"Temp Written Blocks":0,"I/O Read Time":0.0,"I/O Write Time":0.0,"Temp I/O Read Time":0.0,"Temp I/O Write Time":0.0,"Plans":[{"Node Type":"Hash Join","Parent Relationship":"Outer","Parallel Aware":false,"Async Capable":false,"Join Type":"Inner","Startup Cost":1.07,"Total Cost":2.99,"Plan Rows":12,"Plan Width":12,"Actual Startup Time":0.028,"Actual Total Time":0.046,"Actual Rows":22,"Actual Loops":1,"Output":["nation.n_name","nation.n_nationkey"],"Hash Cond":"(nation.n_regionkey = region.r_regionkey)","Shared Hit Blocks":2,"Shared Read Blocks":0,"Shared Dirtied Blocks":0,"Shared Written Blocks":0,"Local Hit Blocks":0,"Local Read Blocks":0,"Local Dirtied Blocks":0,"Local Written Blocks":0,"Temp Read Blocks":0,"Temp Written Blocks":0,"I/O Read Time":0.0,"I/O Write Time":0.0,"Temp I/O Read Time":0.0,"Temp I/O Write Time":0.0,"Plans":[{"Node Type":"Seq Scan","Parent Relationship":"Outer","Parallel Aware":false,"Async Capable":false,"Relation Name":"nation","Schema":"public","Alias":"nation","Startup Cost":0.0,"Total Cost":1.62,"Plan Rows":62,"Plan Width":16,"Actual Startup Time":0.004,"Actual Total Time":0.008,"Actual Rows":62,"Actual Loops":1,"Output":["nation.n_nationkey","nation.n_name","nation.n_regionkey","nation.n_comment"],"Shared Hit Blocks":1,"Shared Read Blocks":0,"Shared Dirtied Blocks":0,"Shared Written Blocks":0,"Local Hit Blocks":0,"Local Read Blocks":0,"Local Dirtied Blocks":0,"Local Written Blocks":0,"Temp Read Blocks":0,"Temp Written Blocks":0,"I/O Read Time":0.0,"I/O Write Time":0.0,"Temp I/O Read Time":0.0,"Temp I/O Write Time":0.0},{"Node Type":"Hash","Parent Relationship":"Inner","Parallel Aware":false,"Async Capable":false,"Startup Cost":1.06,"Total Cost":1.06,"Plan Rows":1,"Plan Width":4,"Actual Startup Time":0.012,"Actual Total Time":0.015,"Actual Rows":1,"Actual Loops":1,"Output":["region.r_regionkey"],"Hash Buckets":1024,"Original Hash Buckets":1024,"Hash Batches":1,"Original Hash Batches":1,"Peak Memory Usage":9,"Shared Hit Blocks":1,"Shared Read Blocks":0,"Shared Dirtied Blocks":0,"Shared Written Blocks":0,"Local Hit Blocks":0,"Local Read Blocks":0,"Local Dirtied Blocks":0,"Local Written Blocks":0,"Temp Read Blocks":0,"Temp Written Blocks":0,"I/O Read Time":0.0,"I/O Write Time":0.0,"Temp I/O Read Time":0.0,"Temp I/O Write Time":0.0,"Plans":[{"Node Type":"Seq Scan","Parent Relationship":"Outer","Parallel Aware":false,"Async Capable":false,"Relation Name":"region","Schema":"public","Alias":"region","Startup Cost":0.0,"Total Cost":1.06,"Plan Rows":1,"Plan Width":4,"Actual Startup Time":0.008,"Actual Total Time":0.009,"Actual Rows":1,"Actual Loops":1,"Output":["region.r_regionkey"],"Filter":"((region.r_name)::text = 'Europe'::text)","Rows Removed by Filter":4,"Shared Hit Blocks":1,"Shared Read Blocks":0,"Shared Dirtied Blocks":0,"Shared Written Blocks":0,"Local Hit Blocks":0,"Local Read Blocks":0,"Local Dirtied Blocks":0,"Local Written Blocks":0,"Temp Read Blocks":0,"Temp Written Blocks":0,"I/O Read Time":0.0,"I/O Write Time":0.0,"Temp I/O Read Time":0.0,"Temp I/O Write Time":0.0}]}]}]}]}]}]},{"Node Type":"Hash","Parent Relationship":"Inner","Parallel Aware":false,"Async Capable":false,"Startup Cost":67059.0,"Total Cost":67059.0,"Plan Rows":426548,"Plan Width":16,"Actual Startup Time":397.885,"Actual Total Time":397.886,"Actual Rows":428399,"Actual Loops":1,"Output":["orders.o_c_id","orders.o_w_id","orders.o_d_id","orders.o_id"],"Hash Buckets":262144,"Original Hash Buckets":262144,"Hash Batches":4,"Original Hash Batches":4,"Peak Memory Usage":7080,"Shared Hit Blocks":22059,"Shared Read Blocks":0,"Shared Dirtied Blocks":0,"Shared Written Blocks":0,"Local Hit Blocks":0,"Local Read Blocks":0,"Local Dirtied Blocks":0,"Local Written Blocks":0,"Temp Read Blocks":0,"Temp Written Blocks":1410,"I/O Read Time":0.0,"I/O Write Time":0.0,"Temp I/O Read Time":0.0,"Temp I/O Write Time":7.005,"Plans":[{"Node Type":"Seq Scan","Parent Relationship":"Outer","Parallel Aware":false,"Async Capable":false,"Relation Name":"orders","Schema":"public","Alias":"orders","Startup Cost":0.0,"Total Cost":67059.0,"Plan Rows":426548,"Plan Width":16,"Actual Startup Time":1.049,"Actual Total Time":285.916,"Actual Rows":428399,"Actual Loops":1,"Output":["orders.o_c_id","orders.o_w_id","orders.o_d_id","orders.o_id"],"Filter":"((orders.o_entry_d >= '1993-01-02 20:10:02.27764'::timestamp without time zone) AND (orders.o_entry_d < '1994-01-02 20:10:02.27764'::timestamp without time zone))","Rows Removed by Filter":2571601,"Shared Hit Blocks":22059,"Shared Read Blocks":0,"Shared Dirtied Blocks":0,"Shared Written Blocks":0,"Local Hit Blocks":0,"Local Read Blocks":0,"Local Dirtied Blocks":0,"Local Written Blocks":0,"Temp Read Blocks":0,"Temp Written Blocks":0,"I/O Read Time":0.0,"I/O Write Time":0.0,"Temp I/O Read Time":0.0,"Temp I/O Write Time":0.0}]}]},{"Node Type":"Hash","Parent Relationship":"Inner","Parallel Aware":false,"Async Capable":false,"Startup Cost":254511.16,"Total Cost":254511.16,"Plan Rows":2999739,"Plan Width":12,"Actual Startup Time":1264.906,"Actual Total Time":1264.908,"Actual Rows":3000000,"Actual Loops":1,"Output":["customer.c_id","customer.c_w_id","customer.c_d_id","customer.c_nationkey"],"Hash Buckets":262144,"Original Hash Buckets":262144,"Hash Batches":32,"Original Hash Batches":32,"Peak Memory Usage":6058,"Shared Hit Blocks":0,"Shared Read Blocks":0,"Shared Dirtied Blocks":0,"Shared Written Blocks":0,"Local Hit Blocks":0,"Local Read Blocks":0,"Local Dirtied Blocks":0,"Local Written Blocks":0,"Temp Read Blocks":0,"Temp Written Blocks":11339,"I/O Read Time":0.0,"I/O Write Time":0.0,"Temp I/O Read Time":0.0,"Temp I/O Write Time":52.111,"Plans":[{"Node Type":"Append","Parent Relationship":"Outer","Parallel Aware":false,"Async Capable":false,"Startup Cost":20.0,"Total Cost":254511.16,"Plan Rows":2999739,"Plan Width":12,"Actual Startup Time":0.026,"Actual Total Time":710.874,"Actual Rows":3000000,"Actual Loops":1,"Shared Hit Blocks":0,"Shared Read Blocks":0,"Shared Dirtied Blocks":0,"Shared Written Blocks":0,"Local Hit Blocks":0,"Local Read Blocks":0,"Local Dirtied Blocks":0,"Local Written Blocks":0,"Temp Read Blocks":0,"Temp Written Blocks":0,"I/O Read Time":0.0,"I/O Write Time":0.0,"Temp I/O Read Time":0.0,"Temp I/O Write Time":0.0,"Subplans Removed":0,"Plans":[{"Node Type":"Custom Scan","Parent Relationship":"Member","Custom Plan Provider":"columnar scan","Parallel Aware":false,"Async Capable":false,"Relation Name":"customer","Schema":"public","Alias":"customer","Startup Cost":20.0,"Total Cost":70513.87,"Plan Rows":2999738,"Plan Width":12,"Actual Startup Time":0.025,"Actual Total Time":478.008,"Actual Rows":3000000,"Actual Loops":1,"Output":["customer.c_id","customer.c_w_id","customer.c_d_id","customer.c_nationkey"],"Rows Removed by Columnar Filter":0,"Columnar cache search mode":"native","Shared Hit Blocks":0,"Shared Read Blocks":0,"Shared Dirtied Blocks":0,"Shared Written Blocks":0,"Local Hit Blocks":0,"Local Read Blocks":0,"Local Dirtied Blocks":0,"Local Written Blocks":0,"Temp Read Blocks":0,"Temp Written Blocks":0,"I/O Read Time":0.0,"I/O Write Time":0.0,"Temp I/O Read Time":0.0,"Temp I/O Write Time":0.0},{"Node Type":"Seq Scan","Parent Relationship":"Member","Parallel Aware":false,"Async Capable":false,"Relation Name":"customer","Schema":"public","Alias":"customer","Startup Cost":0.0,"Total Cost":4.01,"Plan Rows":1,"Plan Width":12,"Actual Startup Time":0.0,"Actual Total Time":0.0,"Actual Rows":0,"Actual Loops":0,"Output":["customer.c_id","customer.c_w_id","customer.c_d_id","customer.c_nationkey"],"Shared Hit Blocks":0,"Shared Read Blocks":0,"Shared Dirtied Blocks":0,"Shared Written Blocks":0,"Local Hit Blocks":0,"Local Read Blocks":0,"Local Dirtied Blocks":0,"Local Written Blocks":0,"Temp Read Blocks":0,"Temp Written Blocks":0,"I/O Read Time":0.0,"I/O Write Time":0.0,"Temp I/O Read Time":0.0,"Temp I/O Write Time":0.0}]}]}]}]}]}]},"Planning":{"Shared Hit Blocks":16,"Shared Read Blocks":0,"Shared Dirtied Blocks":0,"Shared Written Blocks":0,"Local Hit Blocks":0,"Local Read Blocks":0,"Local Dirtied Blocks":0,"Local Written Blocks":0,"Temp Read Blocks":0,"Temp Written Blocks":0,"I/O Read Time":0.0,"I/O Write Time":0.0,"Temp I/O Read Time":0.0,"Temp I/O Write Time":0.0},"Planning Time":6.106,"Triggers":[],"Execution Time":5422.467}]
[列存组合]: customer, nation, order_line, supplier
[{"Plan":{"Node Type":"Sort","Parallel Aware":false,"Async Capable":false,"Startup Cost":1997960.05,"Total Cost":1997960.21,"Plan Rows":62,"Plan Width":40,"Actual Startup Time":10328.053,"Actual Total Time":10328.087,"Actual Rows":11,"Actual Loops":1,"Output":["nation.n_name","(sum(order_line.ol_amount))"],"Sort Key":["(sum(order_line.ol_amount)) DESC"],"Sort Method":"quicksort","Sort Space Used":25,"Sort Space Type":"Memory","Shared Hit Blocks":49399,"Shared Read Blocks":0,"Shared Dirtied Blocks":0,"Shared Written Blocks":0,"Local Hit Blocks":0,"Local Read Blocks":0,"Local Dirtied Blocks":0,"Local Written Blocks":0,"Temp Read Blocks":62236,"Temp Written Blocks":62263,"I/O Read Time":0.0,"I/O Write Time":0.0,"Temp I/O Read Time":102.732,"Temp I/O Write Time":249.818,"Plans":[{"Node Type":"Aggregate","Strategy":"Sorted","Partial Mode":"Simple","Parent Relationship":"Outer","Parallel Aware":false,"Async Capable":false,"Startup Cost":1997884.27,"Total Cost":1997958.21,"Plan Rows":62,"Plan Width":40,"Actual Startup Time":10325.216,"Actual Total Time":10328.071,"Actual Rows":11,"Actual Loops":1,"Output":["nation.n_name","sum(order_line.ol_amount)"],"Group Key":["nation.n_name"],"Shared Hit Blocks":49399,"Shared Read Blocks":0,"Shared Dirtied Blocks":0,"Shared Written Blocks":0,"Local Hit Blocks":0,"Local Read Blocks":0,"Local Dirtied Blocks":0,"Local Written Blocks":0,"Temp Read Blocks":62236,"Temp Written Blocks":62263,"I/O Read Time":0.0,"I/O Write Time":0.0,"Temp I/O Read Time":102.732,"Temp I/O Write Time":249.818,"Plans":[{"Node Type":"Sort","Parent Relationship":"Outer","Parallel Aware":false,"Async Capable":false,"Startup Cost":1997884.27,"Total Cost":1997908.66,"Plan Rows":9755,"Plan Width":12,"Actual Startup Time":10325.007,"Actual Total Time":10325.815,"Actual Rows":17493,"Actual Loops":1,"Output":["nation.n_name","order_line.ol_amount"],"Sort Key":["nation.n_name"],"Sort Method":"quicksort","Sort Space Used":1725,"Sort Space Type":"Memory","Shared Hit Blocks":49399,"Shared Read Blocks":0,"Shared Dirtied Blocks":0,"Shared Written Blocks":0,"Local Hit Blocks":0,"Local Read Blocks":0,"Local Dirtied Blocks":0,"Local Written Blocks":0,"Temp Read Blocks":62236,"Temp Written Blocks":62263,"I/O Read Time":0.0,"I/O Write Time":0.0,"Temp I/O Read Time":102.732,"Temp I/O Write Time":249.818,"Plans":[{"Node Type":"Hash Join","Parent Relationship":"Outer","Parallel Aware":false,"Async Capable":false,"Join Type":"Inner","Startup Cost":1673741.0,"Total Cost":1997237.91,"Plan Rows":9755,"Plan Width":12,"Actual Startup Time":8486.481,"Actual Total Time":10316.122,"Actual Rows":17493,"Actual Loops":1,"Output":["nation.n_name","order_line.ol_amount"],"Inner Unique":true,"Hash Cond":"((mod((stock.s_w_id * stock.s_i_id), 10000) = supplier.su_suppkey) AND (customer.c_nationkey = supplier.su_nationkey))","Shared Hit Blocks":49399,"Shared Read Blocks":0,"Shared Dirtied Blocks":0,"Shared Written Blocks":0,"Local Hit Blocks":0,"Local Read Blocks":0,"Local Dirtied Blocks":0,"Local Written Blocks":0,"Temp Read Blocks":62236,"Temp Written Blocks":62263,"I/O Read Time":0.0,"I/O Write Time":0.0,"Temp I/O Read Time":102.732,"Temp I/O Write Time":249.818,"Plans":[{"Node Type":"Merge Join","Parent Relationship":"Outer","Parallel Aware":false,"Async Capable":false,"Join Type":"Inner","Startup Cost":1673371.97,"Total Cost":1993553.75,"Plan Rows":602749,"Plan Width":26,"Actual Startup Time":8482.956,"Actual Total Time":10167.2,"Actual Rows":1109507,"Actual Loops":1,"Output":["customer.c_nationkey","order_line.ol_amount","stock.s_w_id","stock.s_i_id","nation.n_name","nation.n_nationkey"],"Inner Unique":true,"Merge Cond":"((customer.c_w_id = stock.s_w_id) AND (order_line.ol_i_id = stock.s_i_id))","Shared Hit Blocks":49399,"Shared Read Blocks":0,"Shared Dirtied Blocks":0,"Shared Written Blocks":0,"Local Hit Blocks":0,"Local Read Blocks":0,"Local Dirtied Blocks":0,"Local Written Blocks":0,"Temp Read Blocks":62236,"Temp Written Blocks":62263,"I/O Read Time":0.0,"I/O Write Time":0.0,"Temp I/O Read Time":102.732,"Temp I/O Write Time":249.818,"Plans":[{"Node Type":"Sort","Parent Relationship":"Outer","Parallel Aware":false,"Async Capable":false,"Startup Cost":1673371.53,"Total Cost":1674859.22,"Plan Rows":595073,"Plan Width":30,"Actual Startup Time":8482.896,"Actual Total Time":8662.749,"Actual Rows":1109507,"Actual Loops":1,"Output":["customer.c_w_id","customer.c_nationkey","orders.o_w_id","order_line.ol_amount","order_line.ol_w_id","order_line.ol_i_id","nation.n_name","nation.n_nationkey"],"Sort Key":["customer.c_w_id","order_line.ol_i_id"],"Sort Method":"external merge","Sort Space Used":47304,"Sort Space Type":"Disk","Shared Hit Blocks":22061,"Shared Read Blocks":0,"Shared Dirtied Blocks":0,"Shared Written Blocks":0,"Local Hit Blocks":0,"Local Read Blocks":0,"Local Dirtied Blocks":0,"Local Written Blocks":0,"Temp Read Blocks":62236,"Temp Written Blocks":62263,"I/O Read Time":0.0,"I/O Write Time":0.0,"Temp I/O Read Time":102.732,"Temp I/O Write Time":249.818,"Plans":[{"Node Type":"Hash Join","Parent Relationship":"Outer","Parallel Aware":false,"Async Capable":false,"Join Type":"Inner","Startup Cost":398284.32,"Total Cost":1602057.98,"Plan Rows":595073,"Plan Width":30,"Actual Startup Time":1498.609,"Actual Total Time":7091.92,"Actual Rows":1109507,"Actual Loops":1,"Output":["customer.c_w_id","customer.c_nationkey","orders.o_w_id","order_line.ol_amount","order_line.ol_w_id","order_line.ol_i_id","nation.n_name","nation.n_nationkey"],"Inner Unique":false,"Hash Cond":"(customer.c_nationkey = nation.n_nationkey)","Shared Hit Blocks":22061,"Shared Read Blocks":0,"Shared Dirtied Blocks":0,"Shared Written Blocks":0,"Local Hit Blocks":0,"Local Read Blocks":0,"Local Dirtied Blocks":0,"Local Written Blocks":0,"Temp Read Blocks":50419,"Temp Written Blocks":50419,"I/O Read Time":0.0,"I/O Write Time":0.0,"Temp I/O Read Time":84.349,"Temp I/O Write Time":217.932,"Plans":[{"Node Type":"Hash Join","Parent Relationship":"Outer","Parallel Aware":false,"Async Capable":false,"Join Type":"Inner","Startup Cost":398281.18,"Total Cost":1585138.44,"Plan Rows":2975367,"Plan Width":18,"Actual Startup Time":1491.494,"Actual Total Time":6664.346,"Actual Rows":4284922,"Actual Loops":1,"Output":["customer.c_w_id","customer.c_nationkey","orders.o_w_id","order_line.ol_amount","order_line.ol_w_id","order_line.ol_i_id"],"Inner Unique":true,"Hash Cond":"((orders.o_c_id = customer.c_id) AND (orders.o_w_id = customer.c_w_id) AND (orders.o_d_id = customer.c_d_id))","Shared Hit Blocks":22059,"Shared Read Blocks":0,"Shared Dirtied Blocks":0,"Shared Written Blocks":0,"Local Hit Blocks":0,"Local Read Blocks":0,"Local Dirtied Blocks":0,"Local Written Blocks":0,"Temp Read Blocks":50419,"Temp Written Blocks":50419,"I/O Read Time":0.0,"I/O Write Time":0.0,"Temp I/O Read Time":84.349,"Temp I/O Write Time":217.932,"Plans":[{"Node Type":"Hash Join","Parent Relationship":"Outer","Parallel Aware":false,"Async Capable":false,"Join Type":"Inner","Startup Cost":76626.59,"Total Cost":1190536.82,"Plan Rows":2975367,"Plan Width":20,"Actual Startup Time":329.211,"Actual Total Time":3344.599,"Actual Rows":4284922,"Actual Loops":1,"Output":["orders.o_c_id","orders.o_w_id","orders.o_d_id","order_line.ol_amount","order_line.ol_w_id","order_line.ol_d_id","order_line.ol_i_id"],"Inner Unique":true,"Hash Cond":"((order_line.ol_w_id = orders.o_w_id) AND (order_line.ol_d_id = orders.o_d_id) AND (order_line.ol_o_id = orders.o_id))","Shared Hit Blocks":22059,"Shared Read Blocks":0,"Shared Dirtied Blocks":0,"Shared Written Blocks":0,"Local Hit Blocks":0,"Local Read Blocks":0,"Local Dirtied Blocks":0,"Local Written Blocks":0,"Temp Read Blocks":18772,"Temp Written Blocks":18772,"I/O Read Time":0.0,"I/O Write Time":0.0,"Temp I/O Read Time":32.045,"Temp I/O Write Time":77.111,"Plans":[{"Node Type":"Append","Parent Relationship":"Outer","Parallel Aware":false,"Async Capable":false,"Startup Cost":20.0,"Total Cost":701820.0,"Plan Rows":20926367,"Plan Width":20,"Actual Startup Time":1.406,"Actual Total Time":1302.693,"Actual Rows":4311079,"Actual Loops":1,"Shared Hit Blocks":0,"Shared Read Blocks":0,"Shared Dirtied Blocks":0,"Shared Written Blocks":0,"Local Hit Blocks":0,"Local Read Blocks":0,"Local Dirtied Blocks":0,"Local Written Blocks":0,"Temp Read Blocks":0,"Temp Written Blocks":0,"I/O Read Time":0.0,"I/O Write Time":0.0,"Temp I/O Read Time":0.0,"Temp I/O Write Time":0.0,"Subplans Removed":0,"Plans":[{"Node Type":"Custom Scan","Parent Relationship":"Member","Custom Plan Provider":"columnar scan","Parallel Aware":false,"Async Capable":false,"Relation Name":"order_line","Schema":"public","Alias":"order_line","Startup Cost":20.0,"Total Cost":533641.75,"Plan Rows":20926325,"Plan Width":20,"Actual Startup Time":1.404,"Actual Total Time":998.555,"Actual Rows":4311079,"Actual Loops":1,"Output":["order_line.ol_amount","order_line.ol_o_id","order_line.ol_w_id","order_line.ol_d_id","order_line.ol_i_id"],"Filter":"(order_line.ol_delivery_d >= '1992-01-02 20:10:02.27764'::timestamp without time zone)","Rows Removed by Filter":0,"Rows Removed by Columnar Filter":25686653,"Rows Filtered by Bloom Filter":0,"Dictionary Rows Filtered by Bloom Filter":25686653,"Columnar cache search mode":"native","Shared Hit Blocks":0,"Shared Read Blocks":0,"Shared Dirtied Blocks":0,"Shared Written Blocks":0,"Local Hit Blocks":0,"Local Read Blocks":0,"Local Dirtied Blocks":0,"Local Written Blocks":0,"Temp Read Blocks":0,"Temp Written Blocks":0,"I/O Read Time":0.0,"I/O Write Time":0.0,"Temp I/O Read Time":0.0,"Temp I/O Write Time":0.0},{"Node Type":"Seq Scan","Parent Relationship":"Member","Parallel Aware":false,"Async Capable":false,"Relation Name":"order_line","Schema":"public","Alias":"order_line","Startup Cost":0.0,"Total Cost":4.75,"Plan Rows":42,"Plan Width":20,"Actual Startup Time":0.0,"Actual Total Time":0.0,"Actual Rows":0,"Actual Loops":0,"Output":["order_line.ol_amount","order_line.ol_o_id","order_line.ol_w_id","order_line.ol_d_id","order_line.ol_i_id"],"Filter":"(order_line.ol_delivery_d >= '1992-01-02 20:10:02.27764'::timestamp without time zone)","Rows Removed by Filter":0,"Shared Hit Blocks":0,"Shared Read Blocks":0,"Shared Dirtied Blocks":0,"Shared Written Blocks":0,"Local Hit Blocks":0,"Local Read Blocks":0,"Local Dirtied Blocks":0,"Local Written Blocks":0,"Temp Read Blocks":0,"Temp Written Blocks":0,"I/O Read Time":0.0,"I/O Write Time":0.0,"Temp I/O Read Time":0.0,"Temp I/O Write Time":0.0}]},{"Node Type":"Hash","Parent Relationship":"Inner","Parallel Aware":false,"Async Capable":false,"Startup Cost":67059.0,"Total Cost":67059.0,"Plan Rows":426548,"Plan Width":16,"Actual Startup Time":326.703,"Actual Total Time":326.706,"Actual Rows":428399,"Actual Loops":1,"Output":["orders.o_c_id","orders.o_w_id","orders.o_d_id","orders.o_id"],"Hash Buckets":262144,"Original Hash Buckets":262144,"Hash Batches":4,"Original Hash Batches":4,"Peak Memory Usage":7080,"Shared Hit Blocks":22059,"Shared Read Blocks":0,"Shared Dirtied Blocks":0,"Shared Written Blocks":0,"Local Hit Blocks":0,"Local Read Blocks":0,"Local Dirtied Blocks":0,"Local Written Blocks":0,"Temp Read Blocks":0,"Temp Written Blocks":1410,"I/O Read Time":0.0,"I/O Write Time":0.0,"Temp I/O Read Time":0.0,"Temp I/O Write Time":6.288,"Plans":[{"Node Type":"Seq Scan","Parent Relationship":"Outer","Parallel Aware":false,"Async Capable":false,"Relation Name":"orders","Schema":"public","Alias":"orders","Startup Cost":0.0,"Total Cost":67059.0,"Plan Rows":426548,"Plan Width":16,"Actual Startup Time":0.777,"Actual Total Time":222.613,"Actual Rows":428399,"Actual Loops":1,"Output":["orders.o_c_id","orders.o_w_id","orders.o_d_id","orders.o_id"],"Filter":"((orders.o_entry_d >= '1993-01-02 20:10:02.27764'::timestamp without time zone) AND (orders.o_entry_d < '1994-01-02 20:10:02.27764'::timestamp without time zone))","Rows Removed by Filter":2571601,"Shared Hit Blocks":22059,"Shared Read Blocks":0,"Shared Dirtied Blocks":0,"Shared Written Blocks":0,"Local Hit Blocks":0,"Local Read Blocks":0,"Local Dirtied Blocks":0,"Local Written Blocks":0,"Temp Read Blocks":0,"Temp Written Blocks":0,"I/O Read Time":0.0,"I/O Write Time":0.0,"Temp I/O Read Time":0.0,"Temp I/O Write Time":0.0}]}]},{"Node Type":"Hash","Parent Relationship":"Inner","Parallel Aware":false,"Async Capable":false,"Startup Cost":254511.16,"Total Cost":254511.16,"Plan Rows":2999739,"Plan Width":12,"Actual Startup Time":1160.441,"Actual Total Time":1160.445,"Actual Rows":3000000,"Actual Loops":1,"Output":["customer.c_id","customer.c_w_id","customer.c_d_id","customer.c_nationkey"],"Hash Buckets":262144,"Original Hash Buckets":262144,"Hash Batches":32,"Original Hash Batches":32,"Peak Memory Usage":6090,"Shared Hit Blocks":0,"Shared Read Blocks":0,"Shared Dirtied Blocks":0,"Shared Written Blocks":0,"Local Hit Blocks":0,"Local Read Blocks":0,"Local Dirtied Blocks":0,"Local Written Blocks":0,"Temp Read Blocks":0,"Temp Written Blocks":11335,"I/O Read Time":0.0,"I/O Write Time":0.0,"Temp I/O Read Time":0.0,"Temp I/O Write Time":48.35,"Plans":[{"Node Type":"Append","Parent Relationship":"Outer","Parallel Aware":false,"Async Capable":false,"Startup Cost":20.0,"Total Cost":254511.16,"Plan Rows":2999739,"Plan Width":12,"Actual Startup Time":0.017,"Actual Total Time":658.685,"Actual Rows":3000000,"Actual Loops":1,"Shared Hit Blocks":0,"Shared Read Blocks":0,"Shared Dirtied Blocks":0,"Shared Written Blocks":0,"Local Hit Blocks":0,"Local Read Blocks":0,"Local Dirtied Blocks":0,"Local Written Blocks":0,"Temp Read Blocks":0,"Temp Written Blocks":0,"I/O Read Time":0.0,"I/O Write Time":0.0,"Temp I/O Read Time":0.0,"Temp I/O Write Time":0.0,"Subplans Removed":0,"Plans":[{"Node Type":"Custom Scan","Parent Relationship":"Member","Custom Plan Provider":"columnar scan","Parallel Aware":false,"Async Capable":false,"Relation Name":"customer","Schema":"public","Alias":"customer","Startup Cost":20.0,"Total Cost":70513.87,"Plan Rows":2999738,"Plan Width":12,"Actual Startup Time":0.016,"Actual Total Time":445.468,"Actual Rows":3000000,"Actual Loops":1,"Output":["customer.c_id","customer.c_w_id","customer.c_d_id","customer.c_nationkey"],"Rows Removed by Columnar Filter":0,"Columnar cache search mode":"native","Shared Hit Blocks":0,"Shared Read Blocks":0,"Shared Dirtied Blocks":0,"Shared Written Blocks":0,"Local Hit Blocks":0,"Local Read Blocks":0,"Local Dirtied Blocks":0,"Local Written Blocks":0,"Temp Read Blocks":0,"Temp Written Blocks":0,"I/O Read Time":0.0,"I/O Write Time":0.0,"Temp I/O Read Time":0.0,"Temp I/O Write Time":0.0},{"Node Type":"Seq Scan","Parent Relationship":"Member","Parallel Aware":false,"Async Capable":false,"Relation Name":"customer","Schema":"public","Alias":"customer","Startup Cost":0.0,"Total Cost":4.01,"Plan Rows":1,"Plan Width":12,"Actual Startup Time":0.0,"Actual Total Time":0.0,"Actual Rows":0,"Actual Loops":0,"Output":["customer.c_id","customer.c_w_id","customer.c_d_id","customer.c_nationkey"],"Shared Hit Blocks":0,"Shared Read Blocks":0,"Shared Dirtied Blocks":0,"Shared Written Blocks":0,"Local Hit Blocks":0,"Local Read Blocks":0,"Local Dirtied Blocks":0,"Local Written Blocks":0,"Temp Read Blocks":0,"Temp Written Blocks":0,"I/O Read Time":0.0,"I/O Write Time":0.0,"Temp I/O Read Time":0.0,"Temp I/O Write Time":0.0}]}]}]},{"Node Type":"Hash","Parent Relationship":"Inner","Parallel Aware":false,"Async Capable":false,"Startup Cost":2.99,"Total Cost":2.99,"Plan Rows":12,"Plan Width":12,"Actual Startup Time":0.04,"Actual Total Time":0.047,"Actual Rows":22,"Actual Loops":1,"Output":["nation.n_name","nation.n_nationkey"],"Hash Buckets":1024,"Original Hash Buckets":1024,"Hash Batches":1,"Original Hash Batches":1,"Peak Memory Usage":9,"Shared Hit Blocks":2,"Shared Read Blocks":0,"Shared Dirtied Blocks":0,"Shared Written Blocks":0,"Local Hit Blocks":0,"Local Read Blocks":0,"Local Dirtied Blocks":0,"Local Written Blocks":0,"Temp Read Blocks":0,"Temp Written Blocks":0,"I/O Read Time":0.0,"I/O Write Time":0.0,"Temp I/O Read Time":0.0,"Temp I/O Write Time":0.0,"Plans":[{"Node Type":"Hash Join","Parent Relationship":"Outer","Parallel Aware":false,"Async Capable":false,"Join Type":"Inner","Startup Cost":1.07,"Total Cost":2.99,"Plan Rows":12,"Plan Width":12,"Actual Startup Time":0.024,"Actual Total Time":0.04,"Actual Rows":22,"Actual Loops":1,"Output":["nation.n_name","nation.n_nationkey"],"Inner Unique":true,"Hash Cond":"(nation.n_regionkey = region.r_regionkey)","Shared Hit Blocks":2,"Shared Read Blocks":0,"Shared Dirtied Blocks":0,"Shared Written Blocks":0,"Local Hit Blocks":0,"Local Read Blocks":0,"Local Dirtied Blocks":0,"Local Written Blocks":0,"Temp Read Blocks":0,"Temp Written Blocks":0,"I/O Read Time":0.0,"I/O Write Time":0.0,"Temp I/O Read Time":0.0,"Temp I/O Write Time":0.0,"Plans":[{"Node Type":"Seq Scan","Parent Relationship":"Outer","Parallel Aware":false,"Async Capable":false,"Relation Name":"nation","Schema":"public","Alias":"nation","Startup Cost":0.0,"Total Cost":1.62,"Plan Rows":62,"Plan Width":16,"Actual Startup Time":0.007,"Actual Total Time":0.011,"Actual Rows":62,"Actual Loops":1,"Output":["nation.n_nationkey","nation.n_name","nation.n_regionkey","nation.n_comment"],"Shared Hit Blocks":1,"Shared Read Blocks":0,"Shared Dirtied Blocks":0,"Shared Written Blocks":0,"Local Hit Blocks":0,"Local Read Blocks":0,"Local Dirtied Blocks":0,"Local Written Blocks":0,"Temp Read Blocks":0,"Temp Written Blocks":0,"I/O Read Time":0.0,"I/O Write Time":0.0,"Temp I/O Read Time":0.0,"Temp I/O Write Time":0.0},{"Node Type":"Hash","Parent Relationship":"Inner","Parallel Aware":false,"Async Capable":false,"Startup Cost":1.06,"Total Cost":1.06,"Plan Rows":1,"Plan Width":4,"Actual Startup Time":0.008,"Actual Total Time":0.009,"Actual Rows":1,"Actual Loops":1,"Output":["region.r_regionkey"],"Hash Buckets":1024,"Original Hash Buckets":1024,"Hash Batches":1,"Original Hash Batches":1,"Peak Memory Usage":9,"Shared Hit Blocks":1,"Shared Read Blocks":0,"Shared Dirtied Blocks":0,"Shared Written Blocks":0,"Local Hit Blocks":0,"Local Read Blocks":0,"Local Dirtied Blocks":0,"Local Written Blocks":0,"Temp Read Blocks":0,"Temp Written Blocks":0,"I/O Read Time":0.0,"I/O Write Time":0.0,"Temp I/O Read Time":0.0,"Temp I/O Write Time":0.0,"Plans":[{"Node Type":"Seq Scan","Parent Relationship":"Outer","Parallel Aware":false,"Async Capable":false,"Relation Name":"region","Schema":"public","Alias":"region","Startup Cost":0.0,"Total Cost":1.06,"Plan Rows":1,"Plan Width":4,"Actual Startup Time":0.006,"Actual Total Time":0.006,"Actual Rows":1,"Actual Loops":1,"Output":["region.r_regionkey"],"Filter":"((region.r_name)::text = 'Europe'::text)","Rows Removed by Filter":4,"Shared Hit Blocks":1,"Shared Read Blocks":0,"Shared Dirtied Blocks":0,"Shared Written Blocks":0,"Local Hit Blocks":0,"Local Read Blocks":0,"Local Dirtied Blocks":0,"Local Written Blocks":0,"Temp Read Blocks":0,"Temp Written Blocks":0,"I/O Read Time":0.0,"I/O Write Time":0.0,"Temp I/O Read Time":0.0,"Temp I/O Write Time":0.0}]}]}]}]}]},{"Node Type":"Index Only Scan","Parent Relationship":"Inner","Parallel Aware":false,"Async Capable":false,"Scan Direction":"Forward","Index Name":"stock_pk","Relation Name":"stock","Schema":"public","Alias":"stock","Startup Cost":0.43,"Total Cost":259690.86,"Plan Rows":10000162,"Plan Width":6,"Actual Startup Time":0.046,"Actual Total Time":702.738,"Actual Rows":9999996,"Actual Loops":1,"Output":["stock.s_w_id","stock.s_i_id"],"Heap Fetches":0,"Shared Hit Blocks":27338,"Shared Read Blocks":0,"Shared Dirtied Blocks":0,"Shared Written Blocks":0,"Local Hit Blocks":0,"Local Read Blocks":0,"Local Dirtied Blocks":0,"Local Written Blocks":0,"Temp Read Blocks":0,"Temp Written Blocks":0,"I/O Read Time":0.0,"I/O Write Time":0.0,"Temp I/O Read Time":0.0,"Temp I/O Write Time":0.0}]},{"Node Type":"Hash","Parent Relationship":"Inner","Parallel Aware":false,"Async Capable":false,"Startup Cost":219.01,"Total Cost":219.01,"Plan Rows":10001,"Plan Width":8,"Actual Startup Time":3.116,"Actual Total Time":3.119,"Actual Rows":10000,"Actual Loops":1,"Output":["supplier.su_suppkey","supplier.su_nationkey"],"Hash Buckets":16384,"Original Hash Buckets":16384,"Hash Batches":1,"Original Hash Batches":1,"Peak Memory Usage":519,"Shared Hit Blocks":0,"Shared Read Blocks":0,"Shared Dirtied Blocks":0,"Shared Written Blocks":0,"Local Hit Blocks":0,"Local Read Blocks":0,"Local Dirtied Blocks":0,"Local Written Blocks":0,"Temp Read Blocks":0,"Temp Written Blocks":0,"I/O Read Time":0.0,"I/O Write Time":0.0,"Temp I/O Read Time":0.0,"Temp I/O Write Time":0.0,"Plans":[{"Node Type":"Append","Parent Relationship":"Outer","Parallel Aware":false,"Async Capable":false,"Startup Cost":20.0,"Total Cost":219.01,"Plan Rows":10001,"Plan Width":8,"Actual Startup Time":0.013,"Actual Total Time":1.826,"Actual Rows":10000,"Actual Loops":1,"Shared Hit Blocks":0,"Shared Read Blocks":0,"Shared Dirtied Blocks":0,"Shared Written Blocks":0,"Local Hit Blocks":0,"Local Read Blocks":0,"Local Dirtied Blocks":0,"Local Written Blocks":0,"Temp Read Blocks":0,"Temp Written Blocks":0,"I/O Read Time":0.0,"I/O Write Time":0.0,"Temp I/O Read Time":0.0,"Temp I/O Write Time":0.0,"Subplans Removed":0,"Plans":[{"Node Type":"Custom Scan","Parent Relationship":"Member","Custom Plan Provider":"columnar scan","Parallel Aware":false,"Async Capable":false,"Relation Name":"supplier","Schema":"public","Alias":"supplier","Startup Cost":20.0,"Total Cost":215.0,"Plan Rows":10000,"Plan Width":8,"Actual Startup Time":0.012,"Actual Total Time":1.112,"Actual Rows":10000,"Actual Loops":1,"Output":["supplier.su_suppkey","supplier.su_nationkey"],"Rows Removed by Columnar Filter":0,"Columnar cache search mode":"native","Shared Hit Blocks":0,"Shared Read Blocks":0,"Shared Dirtied Blocks":0,"Shared Written Blocks":0,"Local Hit Blocks":0,"Local Read Blocks":0,"Local Dirtied Blocks":0,"Local Written Blocks":0,"Temp Read Blocks":0,"Temp Written Blocks":0,"I/O Read Time":0.0,"I/O Write Time":0.0,"Temp I/O Read Time":0.0,"Temp I/O Write Time":0.0},{"Node Type":"Seq Scan","Parent Relationship":"Member","Parallel Aware":false,"Async Capable":false,"Relation Name":"supplier","Schema":"public","Alias":"supplier","Startup Cost":0.0,"Total Cost":4.01,"Plan Rows":1,"Plan Width":8,"Actual Startup Time":0.0,"Actual Total Time":0.0,"Actual Rows":0,"Actual Loops":0,"Output":["supplier.su_suppkey","supplier.su_nationkey"],"Shared Hit Blocks":0,"Shared Read Blocks":0,"Shared Dirtied Blocks":0,"Shared Written Blocks":0,"Local Hit Blocks":0,"Local Read Blocks":0,"Local Dirtied Blocks":0,"Local Written Blocks":0,"Temp Read Blocks":0,"Temp Written Blocks":0,"I/O Read Time":0.0,"I/O Write Time":0.0,"Temp I/O Read Time":0.0,"Temp I/O Write Time":0.0}]}]}]}]}]}]},"Planning":{"Shared Hit Blocks":16,"Shared Read Blocks":0,"Shared Dirtied Blocks":0,"Shared Written Blocks":0,"Local Hit Blocks":0,"Local Read Blocks":0,"Local Dirtied Blocks":0,"Local Written Blocks":0,"Temp Read Blocks":0,"Temp Written Blocks":0,"I/O Read Time":0.0,"I/O Write Time":0.0,"Temp I/O Read Time":0.0,"Temp I/O Write Time":0.0},"Planning Time":5.072,"Triggers":[],"Execution Time":10336.534}]
[列存组合]: customer, nation, orders, region
[{"Plan":{"Node Type":"Sort","Parallel Aware":false,"Async Capable":false,"Startup Cost":2010779.56,"Total Cost":2010779.72,"Plan Rows":62,"Plan Width":40,"Actual Startup Time":17125.542,"Actual Total Time":17125.574,"Actual Rows":11,"Actual Loops":1,"Output":["nation.n_name","(sum(order_line.ol_amount))"],"Sort Key":["(sum(order_line.ol_amount)) DESC"],"Sort Method":"quicksort","Sort Space Used":25,"Sort Space Type":"Memory","Shared Hit Blocks":368441,"Shared Read Blocks":0,"Shared Dirtied Blocks":0,"Shared Written Blocks":0,"Local Hit Blocks":0,"Local Read Blocks":0,"Local Dirtied Blocks":0,"Local Written Blocks":0,"Temp Read Blocks":129460,"Temp Written Blocks":129487,"I/O Read Time":0.0,"I/O Write Time":0.0,"Temp I/O Read Time":218.142,"Temp I/O Write Time":520.532,"Plans":[{"Node Type":"Aggregate","Strategy":"Sorted","Partial Mode":"Simple","Parent Relationship":"Outer","Parallel Aware":false,"Async Capable":false,"Startup Cost":2010703.78,"Total Cost":2010777.72,"Plan Rows":62,"Plan Width":40,"Actual Startup Time":17122.72,"Actual Total Time":17125.558,"Actual Rows":11,"Actual Loops":1,"Output":["nation.n_name","sum(order_line.ol_amount)"],"Group Key":["nation.n_name"],"Shared Hit Blocks":368441,"Shared Read Blocks":0,"Shared Dirtied Blocks":0,"Shared Written Blocks":0,"Local Hit Blocks":0,"Local Read Blocks":0,"Local Dirtied Blocks":0,"Local Written Blocks":0,"Temp Read Blocks":129460,"Temp Written Blocks":129487,"I/O Read Time":0.0,"I/O Write Time":0.0,"Temp I/O Read Time":218.142,"Temp I/O Write Time":520.532,"Plans":[{"Node Type":"Sort","Parent Relationship":"Outer","Parallel Aware":false,"Async Capable":false,"Startup Cost":2010703.78,"Total Cost":2010728.17,"Plan Rows":9755,"Plan Width":12,"Actual Startup Time":17122.508,"Actual Total Time":17123.295,"Actual Rows":17493,"Actual Loops":1,"Output":["nation.n_name","order_line.ol_amount"],"Sort Key":["nation.n_name"],"Sort Method":"quicksort","Sort Space Used":1725,"Sort Space Type":"Memory","Shared Hit Blocks":368441,"Shared Read Blocks":0,"Shared Dirtied Blocks":0,"Shared Written Blocks":0,"Local Hit Blocks":0,"Local Read Blocks":0,"Local Dirtied Blocks":0,"Local Written Blocks":0,"Temp Read Blocks":129460,"Temp Written Blocks":129487,"I/O Read Time":0.0,"I/O Write Time":0.0,"Temp I/O Read Time":218.142,"Temp I/O Write Time":520.532,"Plans":[{"Node Type":"Hash Join","Parent Relationship":"Outer","Parallel Aware":false,"Async Capable":false,"Join Type":"Inner","Startup Cost":1686560.5,"Total Cost":2010057.42,"Plan Rows":9755,"Plan Width":12,"Actual Startup Time":15287.933,"Actual Total Time":17113.562,"Actual Rows":17493,"Actual Loops":1,"Output":["nation.n_name","order_line.ol_amount"],"Inner Unique":true,"Hash Cond":"((mod((stock.s_w_id * stock.s_i_id), 10000) = supplier.su_suppkey) AND (customer.c_nationkey = supplier.su_nationkey))","Shared Hit Blocks":368441,"Shared Read Blocks":0,"Shared Dirtied Blocks":0,"Shared Written Blocks":0,"Local Hit Blocks":0,"Local Read Blocks":0,"Local Dirtied Blocks":0,"Local Written Blocks":0,"Temp Read Blocks":129460,"Temp Written Blocks":129487,"I/O Read Time":0.0,"I/O Write Time":0.0,"Temp I/O Read Time":218.142,"Temp I/O Write Time":520.532,"Plans":[{"Node Type":"Merge Join","Parent Relationship":"Outer","Parallel Aware":false,"Async Capable":false,"Join Type":"Inner","Startup Cost":1686093.5,"Total Cost":2006275.28,"Plan Rows":602749,"Plan Width":26,"Actual Startup Time":15284.956,"Actual Total Time":16970.524,"Actual Rows":1109507,"Actual Loops":1,"Output":["customer.c_nationkey","order_line.ol_amount","stock.s_w_id","stock.s_i_id","nation.n_name","nation.n_nationkey"],"Inner Unique":true,"Merge Cond":"((customer.c_w_id = stock.s_w_id) AND (order_line.ol_i_id = stock.s_i_id))","Shared Hit Blocks":368224,"Shared Read Blocks":0,"Shared Dirtied Blocks":0,"Shared Written Blocks":0,"Local Hit Blocks":0,"Local Read Blocks":0,"Local Dirtied Blocks":0,"Local Written Blocks":0,"Temp Read Blocks":129460,"Temp Written Blocks":129487,"I/O Read Time":0.0,"I/O Write Time":0.0,"Temp I/O Read Time":218.142,"Temp I/O Write Time":520.532,"Plans":[{"Node Type":"Sort","Parent Relationship":"Outer","Parallel Aware":false,"Async Capable":false,"Startup Cost":1686093.07,"Total Cost":1687580.75,"Plan Rows":595073,"Plan Width":30,"Actual Startup Time":15284.892,"Actual Total Time":15464.602,"Actual Rows":1109507,"Actual Loops":1,"Output":["customer.c_w_id","customer.c_nationkey","orders.o_w_id","order_line.ol_amount","order_line.ol_w_id","order_line.ol_i_id","nation.n_name","nation.n_nationkey"],"Sort Key":["customer.c_w_id","order_line.ol_i_id"],"Sort Method":"external merge","Sort Space Used":47304,"Sort Space Type":"Disk","Shared Hit Blocks":340886,"Shared Read Blocks":0,"Shared Dirtied Blocks":0,"Shared Written Blocks":0,"Local Hit Blocks":0,"Local Read Blocks":0,"Local Dirtied Blocks":0,"Local Written Blocks":0,"Temp Read Blocks":129460,"Temp Written Blocks":129487,"I/O Read Time":0.0,"I/O Write Time":0.0,"Temp I/O Read Time":218.142,"Temp I/O Write Time":520.532,"Plans":[{"Node Type":"Hash Join","Parent Relationship":"Outer","Parallel Aware":false,"Async Capable":false,"Join Type":"Inner","Startup Cost":396949.46,"Total Cost":1614779.51,"Plan Rows":595073,"Plan Width":30,"Actual Startup Time":1418.39,"Actual Total Time":13657.545,"Actual Rows":1109507,"Actual Loops":1,"Output":["customer.c_w_id","customer.c_nationkey","orders.o_w_id","order_line.ol_amount","order_line.ol_w_id","order_line.ol_i_id","nation.n_name","nation.n_nationkey"],"Inner Unique":false,"Hash Cond":"(customer.c_nationkey = nation.n_nationkey)","Shared Hit Blocks":340886,"Shared Read Blocks":0,"Shared Dirtied Blocks":0,"Shared Written Blocks":0,"Local Hit Blocks":0,"Local Read Blocks":0,"Local Dirtied Blocks":0,"Local Written Blocks":0,"Temp Read Blocks":117643,"Temp Written Blocks":117643,"I/O Read Time":0.0,"I/O Write Time":0.0,"Temp I/O Read Time":200.221,"Temp I/O Write Time":483.483,"Plans":[{"Node Type":"Hash Join","Parent Relationship":"Outer","Parallel Aware":false,"Async Capable":false,"Join Type":"Inner","Startup Cost":396946.31,"Total Cost":1597859.98,"Plan Rows":2975367,"Plan Width":18,"Actual Startup Time":1408.833,"Actual Total Time":13137.407,"Actual Rows":4284922,"Actual Loops":1,"Output":["customer.c_w_id","customer.c_nationkey","orders.o_w_id","order_line.ol_amount","order_line.ol_w_id","order_line.ol_i_id"],"Inner Unique":true,"Hash Cond":"((orders.o_c_id = customer.c_id) AND (orders.o_w_id = customer.c_w_id) AND (orders.o_d_id = customer.c_d_id))","Shared Hit Blocks":340884,"Shared Read Blocks":0,"Shared Dirtied Blocks":0,"Shared Written Blocks":0,"Local Hit Blocks":0,"Local Read Blocks":0,"Local Dirtied Blocks":0,"Local Written Blocks":0,"Temp Read Blocks":117643,"Temp Written Blocks":117643,"I/O Read Time":0.0,"I/O Write Time":0.0,"Temp I/O Read Time":200.221,"Temp I/O Write Time":483.483,"Plans":[{"Node Type":"Hash Join","Parent Relationship":"Outer","Parallel Aware":false,"Async Capable":false,"Join Type":"Inner","Startup Cost":75291.73,"Total Cost":1203258.36,"Plan Rows":2975367,"Plan Width":20,"Actual Startup Time":245.26,"Actual Total Time":9492.177,"Actual Rows":4284922,"Actual Loops":1,"Output":["orders.o_c_id","orders.o_w_id","orders.o_d_id","order_line.ol_amount","order_line.ol_w_id","order_line.ol_d_id","order_line.ol_i_id"],"Inner Unique":true,"Hash Cond":"((order_line.ol_w_id = orders.o_w_id) AND (order_line.ol_d_id = orders.o_d_id) AND (order_line.ol_o_id = orders.o_id))","Shared Hit Blocks":340884,"Shared Read Blocks":0,"Shared Dirtied Blocks":0,"Shared Written Blocks":0,"Local Hit Blocks":0,"Local Read Blocks":0,"Local Dirtied Blocks":0,"Local Written Blocks":0,"Temp Read Blocks":85996,"Temp Written Blocks":85996,"I/O Read Time":0.0,"I/O Write Time":0.0,"Temp I/O Read Time":136.549,"Temp I/O Write Time":339.666,"Plans":[{"Node Type":"Seq Scan","Parent Relationship":"Outer","Parallel Aware":false,"Async Capable":false,"Relation Name":"order_line","Schema":"public","Alias":"order_line","Startup Cost":0.0,"Total Cost":715856.4,"Plan Rows":20926367,"Plan Width":20,"Actual Startup Time":0.006,"Actual Total Time":3685.64,"Actual Rows":21002151,"Actual Loops":1,"Output":["order_line.ol_amount","order_line.ol_o_id","order_line.ol_w_id","order_line.ol_d_id","order_line.ol_i_id"],"Filter":"(order_line.ol_delivery_d >= '1992-01-02 20:10:02.27764'::timestamp without time zone)","Rows Removed by Filter":8995581,"Shared Hit Blocks":340884,"Shared Read Blocks":0,"Shared Dirtied Blocks":0,"Shared Written Blocks":0,"Local Hit Blocks":0,"Local Read Blocks":0,"Local Dirtied Blocks":0,"Local Written Blocks":0,"Temp Read Blocks":0,"Temp Written Blocks":0,"I/O Read Time":0.0,"I/O Write Time":0.0,"Temp I/O Read Time":0.0,"Temp I/O Write Time":0.0},{"Node Type":"Hash","Parent Relationship":"Inner","Parallel Aware":false,"Async Capable":false,"Startup Cost":65744.12,"Total Cost":65744.12,"Plan Rows":426549,"Plan Width":16,"Actual Startup Time":177.854,"Actual Total Time":177.862,"Actual Rows":428399,"Actual Loops":1,"Output":["orders.o_c_id","orders.o_w_id","orders.o_d_id","orders.o_id"],"Hash Buckets":262144,"Original Hash Buckets":262144,"Hash Batches":4,"Original Hash Batches":4,"Peak Memory Usage":7080,"Shared Hit Blocks":0,"Shared Read Blocks":0,"Shared Dirtied Blocks":0,"Shared Written Blocks":0,"Local Hit Blocks":0,"Local Read Blocks":0,"Local Dirtied Blocks":0,"Local Written Blocks":0,"Temp Read Blocks":0,"Temp Written Blocks":1410,"I/O Read Time":0.0,"I/O Write Time":0.0,"Temp I/O Read Time":0.0,"Temp I/O Write Time":5.506,"Plans":[{"Node Type":"Append","Parent Relationship":"Outer","Parallel Aware":false,"Async Capable":false,"Startup Cost":20.0,"Total Cost":65744.12,"Plan Rows":426549,"Plan Width":16,"Actual Startup Time":0.553,"Actual Total Time":102.449,"Actual Rows":428399,"Actual Loops":1,"Shared Hit Blocks":0,"Shared Read Blocks":0,"Shared Dirtied Blocks":0,"Shared Written Blocks":0,"Local Hit Blocks":0,"Local Read Blocks":0,"Local Dirtied Blocks":0,"Local Written Blocks":0,"Temp Read Blocks":0,"Temp Written Blocks":0,"I/O Read Time":0.0,"I/O Write Time":0.0,"Temp I/O Read Time":0.0,"Temp I/O Write Time":0.0,"Subplans Removed":0,"Plans":[{"Node Type":"Custom Scan","Parent Relationship":"Member","Custom Plan Provider":"columnar scan","Parallel Aware":false,"Async Capable":false,"Relation Name":"orders","Schema":"public","Alias":"orders","Startup Cost":20.0,"Total Cost":10043.96,"Plan Rows":426548,"Plan Width":16,"Actual Startup Time":0.551,"Actual Total Time":72.196,"Actual Rows":428399,"Actual Loops":1,"Output":["orders.o_c_id","orders.o_w_id","orders.o_d_id","orders.o_id"],"Filter":"((orders.o_entry_d < '1994-01-02 20:10:02.27764'::timestamp without time zone) AND (orders.o_entry_d >= '1993-01-02 20:10:02.27764'::timestamp without time zone))","Rows Removed by Filter":0,"Rows Removed by Columnar Filter":2571601,"Columnar cache search mode":"native","Shared Hit Blocks":0,"Shared Read Blocks":0,"Shared Dirtied Blocks":0,"Shared Written Blocks":0,"Local Hit Blocks":0,"Local Read Blocks":0,"Local Dirtied Blocks":0,"Local Written Blocks":0,"Temp Read Blocks":0,"Temp Written Blocks":0,"I/O Read Time":0.0,"I/O Write Time":0.0,"Temp I/O Read Time":0.0,"Temp I/O Write Time":0.0},{"Node Type":"Seq Scan","Parent Relationship":"Member","Parallel Aware":false,"Async Capable":false,"Relation Name":"orders","Schema":"public","Alias":"orders","Startup Cost":0.0,"Total Cost":4.01,"Plan Rows":1,"Plan Width":16,"Actual Startup Time":0.0,"Actual Total Time":0.0,"Actual Rows":0,"Actual Loops":0,"Output":["orders.o_c_id","orders.o_w_id","orders.o_d_id","orders.o_id"],"Filter":"((orders.o_entry_d < '1994-01-02 20:10:02.27764'::timestamp without time zone) AND (orders.o_entry_d >= '1993-01-02 20:10:02.27764'::timestamp without time zone))","Rows Removed by Filter":0,"Shared Hit Blocks":0,"Shared Read Blocks":0,"Shared Dirtied Blocks":0,"Shared Written Blocks":0,"Local Hit Blocks":0,"Local Read Blocks":0,"Local Dirtied Blocks":0,"Local Written Blocks":0,"Temp Read Blocks":0,"Temp Written Blocks":0,"I/O Read Time":0.0,"I/O Write Time":0.0,"Temp I/O Read Time":0.0,"Temp I/O Write Time":0.0}]}]}]},{"Node Type":"Hash","Parent Relationship":"Inner","Parallel Aware":false,"Async Capable":false,"Startup Cost":254511.16,"Total Cost":254511.16,"Plan Rows":2999739,"Plan Width":12,"Actual Startup Time":1161.222,"Actual Total Time":1161.228,"Actual Rows":3000000,"Actual Loops":1,"Output":["customer.c_id","customer.c_w_id","customer.c_d_id","customer.c_nationkey"],"Hash Buckets":262144,"Original Hash Buckets":262144,"Hash Batches":32,"Original Hash Batches":32,"Peak Memory Usage":6090,"Shared Hit Blocks":0,"Shared Read Blocks":0,"Shared Dirtied Blocks":0,"Shared Written Blocks":0,"Local Hit Blocks":0,"Local Read Blocks":0,"Local Dirtied Blocks":0,"Local Written Blocks":0,"Temp Read Blocks":0,"Temp Written Blocks":11335,"I/O Read Time":0.0,"I/O Write Time":0.0,"Temp I/O Read Time":0.0,"Temp I/O Write Time":48.274,"Plans":[{"Node Type":"Append","Parent Relationship":"Outer","Parallel Aware":false,"Async Capable":false,"Startup Cost":20.0,"Total Cost":254511.16,"Plan Rows":2999739,"Plan Width":12,"Actual Startup Time":0.016,"Actual Total Time":658.007,"Actual Rows":3000000,"Actual Loops":1,"Shared Hit Blocks":0,"Shared Read Blocks":0,"Shared Dirtied Blocks":0,"Shared Written Blocks":0,"Local Hit Blocks":0,"Local Read Blocks":0,"Local Dirtied Blocks":0,"Local Written Blocks":0,"Temp Read Blocks":0,"Temp Written Blocks":0,"I/O Read Time":0.0,"I/O Write Time":0.0,"Temp I/O Read Time":0.0,"Temp I/O Write Time":0.0,"Subplans Removed":0,"Plans":[{"Node Type":"Custom Scan","Parent Relationship":"Member","Custom Plan Provider":"columnar scan","Parallel Aware":false,"Async Capable":false,"Relation Name":"customer","Schema":"public","Alias":"customer","Startup Cost":20.0,"Total Cost":70513.87,"Plan Rows":2999738,"Plan Width":12,"Actual Startup Time":0.015,"Actual Total Time":447.341,"Actual Rows":3000000,"Actual Loops":1,"Output":["customer.c_id","customer.c_w_id","customer.c_d_id","customer.c_nationkey"],"Rows Removed by Columnar Filter":0,"Columnar cache search mode":"native","Shared Hit Blocks":0,"Shared Read Blocks":0,"Shared Dirtied Blocks":0,"Shared Written Blocks":0,"Local Hit Blocks":0,"Local Read Blocks":0,"Local Dirtied Blocks":0,"Local Written Blocks":0,"Temp Read Blocks":0,"Temp Written Blocks":0,"I/O Read Time":0.0,"I/O Write Time":0.0,"Temp I/O Read Time":0.0,"Temp I/O Write Time":0.0},{"Node Type":"Seq Scan","Parent Relationship":"Member","Parallel Aware":false,"Async Capable":false,"Relation Name":"customer","Schema":"public","Alias":"customer","Startup Cost":0.0,"Total Cost":4.01,"Plan Rows":1,"Plan Width":12,"Actual Startup Time":0.0,"Actual Total Time":0.0,"Actual Rows":0,"Actual Loops":0,"Output":["customer.c_id","customer.c_w_id","customer.c_d_id","customer.c_nationkey"],"Shared Hit Blocks":0,"Shared Read Blocks":0,"Shared Dirtied Blocks":0,"Shared Written Blocks":0,"Local Hit Blocks":0,"Local Read Blocks":0,"Local Dirtied Blocks":0,"Local Written Blocks":0,"Temp Read Blocks":0,"Temp Written Blocks":0,"I/O Read Time":0.0,"I/O Write Time":0.0,"Temp I/O Read Time":0.0,"Temp I/O Write Time":0.0}]}]}]},{"Node Type":"Hash","Parent Relationship":"Inner","Parallel Aware":false,"Async Capable":false,"Startup Cost":2.99,"Total Cost":2.99,"Plan Rows":12,"Plan Width":12,"Actual Startup Time":0.046,"Actual Total Time":0.051,"Actual Rows":22,"Actual Loops":1,"Output":["nation.n_name","nation.n_nationkey"],"Hash Buckets":1024,"Original Hash Buckets":1024,"Hash Batches":1,"Original Hash Batches":1,"Peak Memory Usage":9,"Shared Hit Blocks":2,"Shared Read Blocks":0,"Shared Dirtied Blocks":0,"Shared Written Blocks":0,"Local Hit Blocks":0,"Local Read Blocks":0,"Local Dirtied Blocks":0,"Local Written Blocks":0,"Temp Read Blocks":0,"Temp Written Blocks":0,"I/O Read Time":0.0,"I/O Write Time":0.0,"Temp I/O Read Time":0.0,"Temp I/O Write Time":0.0,"Plans":[{"Node Type":"Hash Join","Parent Relationship":"Outer","Parallel Aware":false,"Async Capable":false,"Join Type":"Inner","Startup Cost":1.07,"Total Cost":2.99,"Plan Rows":12,"Plan Width":12,"Actual Startup Time":0.03,"Actual Total Time":0.045,"Actual Rows":22,"Actual Loops":1,"Output":["nation.n_name","nation.n_nationkey"],"Inner Unique":true,"Hash Cond":"(nation.n_regionkey = region.r_regionkey)","Shared Hit Blocks":2,"Shared Read Blocks":0,"Shared Dirtied Blocks":0,"Shared Written Blocks":0,"Local Hit Blocks":0,"Local Read Blocks":0,"Local Dirtied Blocks":0,"Local Written Blocks":0,"Temp Read Blocks":0,"Temp Written Blocks":0,"I/O Read Time":0.0,"I/O Write Time":0.0,"Temp I/O Read Time":0.0,"Temp I/O Write Time":0.0,"Plans":[{"Node Type":"Seq Scan","Parent Relationship":"Outer","Parallel Aware":false,"Async Capable":false,"Relation Name":"nation","Schema":"public","Alias":"nation","Startup Cost":0.0,"Total Cost":1.62,"Plan Rows":62,"Plan Width":16,"Actual Startup Time":0.005,"Actual Total Time":0.008,"Actual Rows":62,"Actual Loops":1,"Output":["nation.n_nationkey","nation.n_name","nation.n_regionkey","nation.n_comment"],"Shared Hit Blocks":1,"Shared Read Blocks":0,"Shared Dirtied Blocks":0,"Shared Written Blocks":0,"Local Hit Blocks":0,"Local Read Blocks":0,"Local Dirtied Blocks":0,"Local Written Blocks":0,"Temp Read Blocks":0,"Temp Written Blocks":0,"I/O Read Time":0.0,"I/O Write Time":0.0,"Temp I/O Read Time":0.0,"Temp I/O Write Time":0.0},{"Node Type":"Hash","Parent Relationship":"Inner","Parallel Aware":false,"Async Capable":false,"Startup Cost":1.06,"Total Cost":1.06,"Plan Rows":1,"Plan Width":4,"Actual Startup Time":0.008,"Actual Total Time":0.009,"Actual Rows":1,"Actual Loops":1,"Output":["region.r_regionkey"],"Hash Buckets":1024,"Original Hash Buckets":1024,"Hash Batches":1,"Original Hash Batches":1,"Peak Memory Usage":9,"Shared Hit Blocks":1,"Shared Read Blocks":0,"Shared Dirtied Blocks":0,"Shared Written Blocks":0,"Local Hit Blocks":0,"Local Read Blocks":0,"Local Dirtied Blocks":0,"Local Written Blocks":0,"Temp Read Blocks":0,"Temp Written Blocks":0,"I/O Read Time":0.0,"I/O Write Time":0.0,"Temp I/O Read Time":0.0,"Temp I/O Write Time":0.0,"Plans":[{"Node Type":"Seq Scan","Parent Relationship":"Outer","Parallel Aware":false,"Async Capable":false,"Relation Name":"region","Schema":"public","Alias":"region","Startup Cost":0.0,"Total Cost":1.06,"Plan Rows":1,"Plan Width":4,"Actual Startup Time":0.005,"Actual Total Time":0.006,"Actual Rows":1,"Actual Loops":1,"Output":["region.r_regionkey"],"Filter":"((region.r_name)::text = 'Europe'::text)","Rows Removed by Filter":4,"Shared Hit Blocks":1,"Shared Read Blocks":0,"Shared Dirtied Blocks":0,"Shared Written Blocks":0,"Local Hit Blocks":0,"Local Read Blocks":0,"Local Dirtied Blocks":0,"Local Written Blocks":0,"Temp Read Blocks":0,"Temp Written Blocks":0,"I/O Read Time":0.0,"I/O Write Time":0.0,"Temp I/O Read Time":0.0,"Temp I/O Write Time":0.0}]}]}]}]}]},{"Node Type":"Index Only Scan","Parent Relationship":"Inner","Parallel Aware":false,"Async Capable":false,"Scan Direction":"Forward","Index Name":"stock_pk","Relation Name":"stock","Schema":"public","Alias":"stock","Startup Cost":0.43,"Total Cost":259690.86,"Plan Rows":10000162,"Plan Width":6,"Actual Startup Time":0.049,"Actual Total Time":702.325,"Actual Rows":9999996,"Actual Loops":1,"Output":["stock.s_w_id","stock.s_i_id"],"Heap Fetches":0,"Shared Hit Blocks":27338,"Shared Read Blocks":0,"Shared Dirtied Blocks":0,"Shared Written Blocks":0,"Local Hit Blocks":0,"Local Read Blocks":0,"Local Dirtied Blocks":0,"Local Written Blocks":0,"Temp Read Blocks":0,"Temp Written Blocks":0,"I/O Read Time":0.0,"I/O Write Time":0.0,"Temp I/O Read Time":0.0,"Temp I/O Write Time":0.0}]},{"Node Type":"Hash","Parent Relationship":"Inner","Parallel Aware":false,"Async Capable":false,"Startup Cost":317.0,"Total Cost":317.0,"Plan Rows":10000,"Plan Width":8,"Actual Startup Time":2.553,"Actual Total Time":2.553,"Actual Rows":10000,"Actual Loops":1,"Output":["supplier.su_suppkey","supplier.su_nationkey"],"Hash Buckets":16384,"Original Hash Buckets":16384,"Hash Batches":1,"Original Hash Batches":1,"Peak Memory Usage":519,"Shared Hit Blocks":217,"Shared Read Blocks":0,"Shared Dirtied Blocks":0,"Shared Written Blocks":0,"Local Hit Blocks":0,"Local Read Blocks":0,"Local Dirtied Blocks":0,"Local Written Blocks":0,"Temp Read Blocks":0,"Temp Written Blocks":0,"I/O Read Time":0.0,"I/O Write Time":0.0,"Temp I/O Read Time":0.0,"Temp I/O Write Time":0.0,"Plans":[{"Node Type":"Seq Scan","Parent Relationship":"Outer","Parallel Aware":false,"Async Capable":false,"Relation Name":"supplier","Schema":"public","Alias":"supplier","Startup Cost":0.0,"Total Cost":317.0,"Plan Rows":10000,"Plan Width":8,"Actual Startup Time":0.01,"Actual Total Time":1.272,"Actual Rows":10000,"Actual Loops":1,"Output":["supplier.su_suppkey","supplier.su_nationkey"],"Shared Hit Blocks":217,"Shared Read Blocks":0,"Shared Dirtied Blocks":0,"Shared Written Blocks":0,"Local Hit Blocks":0,"Local Read Blocks":0,"Local Dirtied Blocks":0,"Local Written Blocks":0,"Temp Read Blocks":0,"Temp Written Blocks":0,"I/O Read Time":0.0,"I/O Write Time":0.0,"Temp I/O Read Time":0.0,"Temp I/O Write Time":0.0}]}]}]}]}]},"Planning":{"Shared Hit Blocks":16,"Shared Read Blocks":0,"Shared Dirtied Blocks":0,"Shared Written Blocks":0,"Local Hit Blocks":0,"Local Read Blocks":0,"Local Dirtied Blocks":0,"Local Written Blocks":0,"Temp Read Blocks":0,"Temp Written Blocks":0,"I/O Read Time":0.0,"I/O Write Time":0.0,"Temp I/O Read Time":0.0,"Temp I/O Write Time":0.0},"Planning Time":5.373,"Triggers":[],"Execution Time":17133.078}]
[列存组合]: customer, nation, orders, stock
[{"Plan":{"Node Type":"Sort","Parallel Aware":false,"Async Capable":false,"Startup Cost":2010779.56,"Total Cost":2010779.72,"Plan Rows":62,"Plan Width":40,"Actual Startup Time":16530.914,"Actual Total Time":16530.936,"Actual Rows":11,"Actual Loops":1,"Output":["nation.n_name","(sum(order_line.ol_amount))"],"Sort Key":["(sum(order_line.ol_amount)) DESC"],"Sort Method":"quicksort","Sort Space Used":25,"Sort Space Type":"Memory","Shared Hit Blocks":368441,"Shared Read Blocks":0,"Shared Dirtied Blocks":0,"Shared Written Blocks":0,"Local Hit Blocks":0,"Local Read Blocks":0,"Local Dirtied Blocks":0,"Local Written Blocks":0,"Temp Read Blocks":129460,"Temp Written Blocks":129487,"I/O Read Time":0.0,"I/O Write Time":0.0,"Temp I/O Read Time":205.02,"Temp I/O Write Time":519.987,"Plans":[{"Node Type":"Aggregate","Strategy":"Sorted","Partial Mode":"Simple","Parent Relationship":"Outer","Parallel Aware":false,"Async Capable":false,"Startup Cost":2010703.78,"Total Cost":2010777.72,"Plan Rows":62,"Plan Width":40,"Actual Startup Time":16528.086,"Actual Total Time":16530.921,"Actual Rows":11,"Actual Loops":1,"Output":["nation.n_name","sum(order_line.ol_amount)"],"Group Key":["nation.n_name"],"Shared Hit Blocks":368441,"Shared Read Blocks":0,"Shared Dirtied Blocks":0,"Shared Written Blocks":0,"Local Hit Blocks":0,"Local Read Blocks":0,"Local Dirtied Blocks":0,"Local Written Blocks":0,"Temp Read Blocks":129460,"Temp Written Blocks":129487,"I/O Read Time":0.0,"I/O Write Time":0.0,"Temp I/O Read Time":205.02,"Temp I/O Write Time":519.987,"Plans":[{"Node Type":"Sort","Parent Relationship":"Outer","Parallel Aware":false,"Async Capable":false,"Startup Cost":2010703.78,"Total Cost":2010728.17,"Plan Rows":9755,"Plan Width":12,"Actual Startup Time":16527.877,"Actual Total Time":16528.656,"Actual Rows":17493,"Actual Loops":1,"Output":["nation.n_name","order_line.ol_amount"],"Sort Key":["nation.n_name"],"Sort Method":"quicksort","Sort Space Used":1725,"Sort Space Type":"Memory","Shared Hit Blocks":368441,"Shared Read Blocks":0,"Shared Dirtied Blocks":0,"Shared Written Blocks":0,"Local Hit Blocks":0,"Local Read Blocks":0,"Local Dirtied Blocks":0,"Local Written Blocks":0,"Temp Read Blocks":129460,"Temp Written Blocks":129487,"I/O Read Time":0.0,"I/O Write Time":0.0,"Temp I/O Read Time":205.02,"Temp I/O Write Time":519.987,"Plans":[{"Node Type":"Hash Join","Parent Relationship":"Outer","Parallel Aware":false,"Async Capable":false,"Join Type":"Inner","Startup Cost":1686560.5,"Total Cost":2010057.42,"Plan Rows":9755,"Plan Width":12,"Actual Startup Time":14685.826,"Actual Total Time":16518.946,"Actual Rows":17493,"Actual Loops":1,"Output":["nation.n_name","order_line.ol_amount"],"Inner Unique":true,"Hash Cond":"((mod((stock.s_w_id * stock.s_i_id), 10000) = supplier.su_suppkey) AND (customer.c_nationkey = supplier.su_nationkey))","Shared Hit Blocks":368441,"Shared Read Blocks":0,"Shared Dirtied Blocks":0,"Shared Written Blocks":0,"Local Hit Blocks":0,"Local Read Blocks":0,"Local Dirtied Blocks":0,"Local Written Blocks":0,"Temp Read Blocks":129460,"Temp Written Blocks":129487,"I/O Read Time":0.0,"I/O Write Time":0.0,"Temp I/O Read Time":205.02,"Temp I/O Write Time":519.987,"Plans":[{"Node Type":"Merge Join","Parent Relationship":"Outer","Parallel Aware":false,"Async Capable":false,"Join Type":"Inner","Startup Cost":1686093.5,"Total Cost":2006275.28,"Plan Rows":602749,"Plan Width":26,"Actual Startup Time":14682.827,"Actual Total Time":16376.445,"Actual Rows":1109507,"Actual Loops":1,"Output":["customer.c_nationkey","order_line.ol_amount","stock.s_w_id","stock.s_i_id","nation.n_name","nation.n_nationkey"],"Inner Unique":true,"Merge Cond":"((customer.c_w_id = stock.s_w_id) AND (order_line.ol_i_id = stock.s_i_id))","Shared Hit Blocks":368224,"Shared Read Blocks":0,"Shared Dirtied Blocks":0,"Shared Written Blocks":0,"Local Hit Blocks":0,"Local Read Blocks":0,"Local Dirtied Blocks":0,"Local Written Blocks":0,"Temp Read Blocks":129460,"Temp Written Blocks":129487,"I/O Read Time":0.0,"I/O Write Time":0.0,"Temp I/O Read Time":205.02,"Temp I/O Write Time":519.987,"Plans":[{"Node Type":"Sort","Parent Relationship":"Outer","Parallel Aware":false,"Async Capable":false,"Startup Cost":1686093.07,"Total Cost":1687580.75,"Plan Rows":595073,"Plan Width":30,"Actual Startup Time":14682.769,"Actual Total Time":14862.47,"Actual Rows":1109507,"Actual Loops":1,"Output":["customer.c_w_id","customer.c_nationkey","orders.o_w_id","order_line.ol_amount","order_line.ol_w_id","order_line.ol_i_id","nation.n_name","nation.n_nationkey"],"Sort Key":["customer.c_w_id","order_line.ol_i_id"],"Sort Method":"external merge","Sort Space Used":47304,"Sort Space Type":"Disk","Shared Hit Blocks":340886,"Shared Read Blocks":0,"Shared Dirtied Blocks":0,"Shared Written Blocks":0,"Local Hit Blocks":0,"Local Read Blocks":0,"Local Dirtied Blocks":0,"Local Written Blocks":0,"Temp Read Blocks":129460,"Temp Written Blocks":129487,"I/O Read Time":0.0,"I/O Write Time":0.0,"Temp I/O Read Time":205.02,"Temp I/O Write Time":519.987,"Plans":[{"Node Type":"Hash Join","Parent Relationship":"Outer","Parallel Aware":false,"Async Capable":false,"Join Type":"Inner","Startup Cost":396949.46,"Total Cost":1614779.51,"Plan Rows":595073,"Plan Width":30,"Actual Startup Time":1420.317,"Actual Total Time":13296.651,"Actual Rows":1109507,"Actual Loops":1,"Output":["customer.c_w_id","customer.c_nationkey","orders.o_w_id","order_line.ol_amount","order_line.ol_w_id","order_line.ol_i_id","nation.n_name","nation.n_nationkey"],"Inner Unique":false,"Hash Cond":"(customer.c_nationkey = nation.n_nationkey)","Shared Hit Blocks":340886,"Shared Read Blocks":0,"Shared Dirtied Blocks":0,"Shared Written Blocks":0,"Local Hit Blocks":0,"Local Read Blocks":0,"Local Dirtied Blocks":0,"Local Written Blocks":0,"Temp Read Blocks":117643,"Temp Written Blocks":117643,"I/O Read Time":0.0,"I/O Write Time":0.0,"Temp I/O Read Time":187.179,"Temp I/O Write Time":488.706,"Plans":[{"Node Type":"Hash Join","Parent Relationship":"Outer","Parallel Aware":false,"Async Capable":false,"Join Type":"Inner","Startup Cost":396946.31,"Total Cost":1597859.98,"Plan Rows":2975367,"Plan Width":18,"Actual Startup Time":1410.689,"Actual Total Time":12871.203,"Actual Rows":4284922,"Actual Loops":1,"Output":["customer.c_w_id","customer.c_nationkey","orders.o_w_id","order_line.ol_amount","order_line.ol_w_id","order_line.ol_i_id"],"Inner Unique":true,"Hash Cond":"((orders.o_c_id = customer.c_id) AND (orders.o_w_id = customer.c_w_id) AND (orders.o_d_id = customer.c_d_id))","Shared Hit Blocks":340884,"Shared Read Blocks":0,"Shared Dirtied Blocks":0,"Shared Written Blocks":0,"Local Hit Blocks":0,"Local Read Blocks":0,"Local Dirtied Blocks":0,"Local Written Blocks":0,"Temp Read Blocks":117643,"Temp Written Blocks":117643,"I/O Read Time":0.0,"I/O Write Time":0.0,"Temp I/O Read Time":187.179,"Temp I/O Write Time":488.706,"Plans":[{"Node Type":"Hash Join","Parent Relationship":"Outer","Parallel Aware":false,"Async Capable":false,"Join Type":"Inner","Startup Cost":75291.73,"Total Cost":1203258.36,"Plan Rows":2975367,"Plan Width":20,"Actual Startup Time":247.498,"Actual Total Time":9560.037,"Actual Rows":4284922,"Actual Loops":1,"Output":["orders.o_c_id","orders.o_w_id","orders.o_d_id","order_line.ol_amount","order_line.ol_w_id","order_line.ol_d_id","order_line.ol_i_id"],"Inner Unique":true,"Hash Cond":"((order_line.ol_w_id = orders.o_w_id) AND (order_line.ol_d_id = orders.o_d_id) AND (order_line.ol_o_id = orders.o_id))","Shared Hit Blocks":340884,"Shared Read Blocks":0,"Shared Dirtied Blocks":0,"Shared Written Blocks":0,"Local Hit Blocks":0,"Local Read Blocks":0,"Local Dirtied Blocks":0,"Local Written Blocks":0,"Temp Read Blocks":85996,"Temp Written Blocks":85996,"I/O Read Time":0.0,"I/O Write Time":0.0,"Temp I/O Read Time":136.243,"Temp I/O Write Time":344.29,"Plans":[{"Node Type":"Seq Scan","Parent Relationship":"Outer","Parallel Aware":false,"Async Capable":false,"Relation Name":"order_line","Schema":"public","Alias":"order_line","Startup Cost":0.0,"Total Cost":715856.4,"Plan Rows":20926367,"Plan Width":20,"Actual Startup Time":0.006,"Actual Total Time":3690.852,"Actual Rows":21002151,"Actual Loops":1,"Output":["order_line.ol_amount","order_line.ol_o_id","order_line.ol_w_id","order_line.ol_d_id","order_line.ol_i_id"],"Filter":"(order_line.ol_delivery_d >= '1992-01-02 20:10:02.27764'::timestamp without time zone)","Rows Removed by Filter":8995581,"Shared Hit Blocks":340884,"Shared Read Blocks":0,"Shared Dirtied Blocks":0,"Shared Written Blocks":0,"Local Hit Blocks":0,"Local Read Blocks":0,"Local Dirtied Blocks":0,"Local Written Blocks":0,"Temp Read Blocks":0,"Temp Written Blocks":0,"I/O Read Time":0.0,"I/O Write Time":0.0,"Temp I/O Read Time":0.0,"Temp I/O Write Time":0.0},{"Node Type":"Hash","Parent Relationship":"Inner","Parallel Aware":false,"Async Capable":false,"Startup Cost":65744.12,"Total Cost":65744.12,"Plan Rows":426549,"Plan Width":16,"Actual Startup Time":179.227,"Actual Total Time":179.233,"Actual Rows":428399,"Actual Loops":1,"Output":["orders.o_c_id","orders.o_w_id","orders.o_d_id","orders.o_id"],"Hash Buckets":262144,"Original Hash Buckets":262144,"Hash Batches":4,"Original Hash Batches":4,"Peak Memory Usage":7080,"Shared Hit Blocks":0,"Shared Read Blocks":0,"Shared Dirtied Blocks":0,"Shared Written Blocks":0,"Local Hit Blocks":0,"Local Read Blocks":0,"Local Dirtied Blocks":0,"Local Written Blocks":0,"Temp Read Blocks":0,"Temp Written Blocks":1410,"I/O Read Time":0.0,"I/O Write Time":0.0,"Temp I/O Read Time":0.0,"Temp I/O Write Time":5.968,"Plans":[{"Node Type":"Append","Parent Relationship":"Outer","Parallel Aware":false,"Async Capable":false,"Startup Cost":20.0,"Total Cost":65744.12,"Plan Rows":426549,"Plan Width":16,"Actual Startup Time":0.542,"Actual Total Time":102.53,"Actual Rows":428399,"Actual Loops":1,"Shared Hit Blocks":0,"Shared Read Blocks":0,"Shared Dirtied Blocks":0,"Shared Written Blocks":0,"Local Hit Blocks":0,"Local Read Blocks":0,"Local Dirtied Blocks":0,"Local Written Blocks":0,"Temp Read Blocks":0,"Temp Written Blocks":0,"I/O Read Time":0.0,"I/O Write Time":0.0,"Temp I/O Read Time":0.0,"Temp I/O Write Time":0.0,"Subplans Removed":0,"Plans":[{"Node Type":"Custom Scan","Parent Relationship":"Member","Custom Plan Provider":"columnar scan","Parallel Aware":false,"Async Capable":false,"Relation Name":"orders","Schema":"public","Alias":"orders","Startup Cost":20.0,"Total Cost":10043.96,"Plan Rows":426548,"Plan Width":16,"Actual Startup Time":0.541,"Actual Total Time":71.764,"Actual Rows":428399,"Actual Loops":1,"Output":["orders.o_c_id","orders.o_w_id","orders.o_d_id","orders.o_id"],"Filter":"((orders.o_entry_d < '1994-01-02 20:10:02.27764'::timestamp without time zone) AND (orders.o_entry_d >= '1993-01-02 20:10:02.27764'::timestamp without time zone))","Rows Removed by Filter":0,"Rows Removed by Columnar Filter":2571601,"Columnar cache search mode":"native","Shared Hit Blocks":0,"Shared Read Blocks":0,"Shared Dirtied Blocks":0,"Shared Written Blocks":0,"Local Hit Blocks":0,"Local Read Blocks":0,"Local Dirtied Blocks":0,"Local Written Blocks":0,"Temp Read Blocks":0,"Temp Written Blocks":0,"I/O Read Time":0.0,"I/O Write Time":0.0,"Temp I/O Read Time":0.0,"Temp I/O Write Time":0.0},{"Node Type":"Seq Scan","Parent Relationship":"Member","Parallel Aware":false,"Async Capable":false,"Relation Name":"orders","Schema":"public","Alias":"orders","Startup Cost":0.0,"Total Cost":4.01,"Plan Rows":1,"Plan Width":16,"Actual Startup Time":0.0,"Actual Total Time":0.0,"Actual Rows":0,"Actual Loops":0,"Output":["orders.o_c_id","orders.o_w_id","orders.o_d_id","orders.o_id"],"Filter":"((orders.o_entry_d < '1994-01-02 20:10:02.27764'::timestamp without time zone) AND (orders.o_entry_d >= '1993-01-02 20:10:02.27764'::timestamp without time zone))","Rows Removed by Filter":0,"Shared Hit Blocks":0,"Shared Read Blocks":0,"Shared Dirtied Blocks":0,"Shared Written Blocks":0,"Local Hit Blocks":0,"Local Read Blocks":0,"Local Dirtied Blocks":0,"Local Written Blocks":0,"Temp Read Blocks":0,"Temp Written Blocks":0,"I/O Read Time":0.0,"I/O Write Time":0.0,"Temp I/O Read Time":0.0,"Temp I/O Write Time":0.0}]}]}]},{"Node Type":"Hash","Parent Relationship":"Inner","Parallel Aware":false,"Async Capable":false,"Startup Cost":254511.16,"Total Cost":254511.16,"Plan Rows":2999739,"Plan Width":12,"Actual Startup Time":1160.843,"Actual Total Time":1160.846,"Actual Rows":3000000,"Actual Loops":1,"Output":["customer.c_id","customer.c_w_id","customer.c_d_id","customer.c_nationkey"],"Hash Buckets":262144,"Original Hash Buckets":262144,"Hash Batches":32,"Original Hash Batches":32,"Peak Memory Usage":6090,"Shared Hit Blocks":0,"Shared Read Blocks":0,"Shared Dirtied Blocks":0,"Shared Written Blocks":0,"Local Hit Blocks":0,"Local Read Blocks":0,"Local Dirtied Blocks":0,"Local Written Blocks":0,"Temp Read Blocks":0,"Temp Written Blocks":11335,"I/O Read Time":0.0,"I/O Write Time":0.0,"Temp I/O Read Time":0.0,"Temp I/O Write Time":50.144,"Plans":[{"Node Type":"Append","Parent Relationship":"Outer","Parallel Aware":false,"Async Capable":false,"Startup Cost":20.0,"Total Cost":254511.16,"Plan Rows":2999739,"Plan Width":12,"Actual Startup Time":0.015,"Actual Total Time":656.306,"Actual Rows":3000000,"Actual Loops":1,"Shared Hit Blocks":0,"Shared Read Blocks":0,"Shared Dirtied Blocks":0,"Shared Written Blocks":0,"Local Hit Blocks":0,"Local Read Blocks":0,"Local Dirtied Blocks":0,"Local Written Blocks":0,"Temp Read Blocks":0,"Temp Written Blocks":0,"I/O Read Time":0.0,"I/O Write Time":0.0,"Temp I/O Read Time":0.0,"Temp I/O Write Time":0.0,"Subplans Removed":0,"Plans":[{"Node Type":"Custom Scan","Parent Relationship":"Member","Custom Plan Provider":"columnar scan","Parallel Aware":false,"Async Capable":false,"Relation Name":"customer","Schema":"public","Alias":"customer","Startup Cost":20.0,"Total Cost":70513.87,"Plan Rows":2999738,"Plan Width":12,"Actual Startup Time":0.014,"Actual Total Time":445.757,"Actual Rows":3000000,"Actual Loops":1,"Output":["customer.c_id","customer.c_w_id","customer.c_d_id","customer.c_nationkey"],"Rows Removed by Columnar Filter":0,"Columnar cache search mode":"native","Shared Hit Blocks":0,"Shared Read Blocks":0,"Shared Dirtied Blocks":0,"Shared Written Blocks":0,"Local Hit Blocks":0,"Local Read Blocks":0,"Local Dirtied Blocks":0,"Local Written Blocks":0,"Temp Read Blocks":0,"Temp Written Blocks":0,"I/O Read Time":0.0,"I/O Write Time":0.0,"Temp I/O Read Time":0.0,"Temp I/O Write Time":0.0},{"Node Type":"Seq Scan","Parent Relationship":"Member","Parallel Aware":false,"Async Capable":false,"Relation Name":"customer","Schema":"public","Alias":"customer","Startup Cost":0.0,"Total Cost":4.01,"Plan Rows":1,"Plan Width":12,"Actual Startup Time":0.0,"Actual Total Time":0.0,"Actual Rows":0,"Actual Loops":0,"Output":["customer.c_id","customer.c_w_id","customer.c_d_id","customer.c_nationkey"],"Shared Hit Blocks":0,"Shared Read Blocks":0,"Shared Dirtied Blocks":0,"Shared Written Blocks":0,"Local Hit Blocks":0,"Local Read Blocks":0,"Local Dirtied Blocks":0,"Local Written Blocks":0,"Temp Read Blocks":0,"Temp Written Blocks":0,"I/O Read Time":0.0,"I/O Write Time":0.0,"Temp I/O Read Time":0.0,"Temp I/O Write Time":0.0}]}]}]},{"Node Type":"Hash","Parent Relationship":"Inner","Parallel Aware":false,"Async Capable":false,"Startup Cost":2.99,"Total Cost":2.99,"Plan Rows":12,"Plan Width":12,"Actual Startup Time":0.041,"Actual Total Time":0.045,"Actual Rows":22,"Actual Loops":1,"Output":["nation.n_name","nation.n_nationkey"],"Hash Buckets":1024,"Original Hash Buckets":1024,"Hash Batches":1,"Original Hash Batches":1,"Peak Memory Usage":9,"Shared Hit Blocks":2,"Shared Read Blocks":0,"Shared Dirtied Blocks":0,"Shared Written Blocks":0,"Local Hit Blocks":0,"Local Read Blocks":0,"Local Dirtied Blocks":0,"Local Written Blocks":0,"Temp Read Blocks":0,"Temp Written Blocks":0,"I/O Read Time":0.0,"I/O Write Time":0.0,"Temp I/O Read Time":0.0,"Temp I/O Write Time":0.0,"Plans":[{"Node Type":"Hash Join","Parent Relationship":"Outer","Parallel Aware":false,"Async Capable":false,"Join Type":"Inner","Startup Cost":1.07,"Total Cost":2.99,"Plan Rows":12,"Plan Width":12,"Actual Startup Time":0.024,"Actual Total Time":0.04,"Actual Rows":22,"Actual Loops":1,"Output":["nation.n_name","nation.n_nationkey"],"Inner Unique":true,"Hash Cond":"(nation.n_regionkey = region.r_regionkey)","Shared Hit Blocks":2,"Shared Read Blocks":0,"Shared Dirtied Blocks":0,"Shared Written Blocks":0,"Local Hit Blocks":0,"Local Read Blocks":0,"Local Dirtied Blocks":0,"Local Written Blocks":0,"Temp Read Blocks":0,"Temp Written Blocks":0,"I/O Read Time":0.0,"I/O Write Time":0.0,"Temp I/O Read Time":0.0,"Temp I/O Write Time":0.0,"Plans":[{"Node Type":"Seq Scan","Parent Relationship":"Outer","Parallel Aware":false,"Async Capable":false,"Relation Name":"nation","Schema":"public","Alias":"nation","Startup Cost":0.0,"Total Cost":1.62,"Plan Rows":62,"Plan Width":16,"Actual Startup Time":0.005,"Actual Total Time":0.008,"Actual Rows":62,"Actual Loops":1,"Output":["nation.n_nationkey","nation.n_name","nation.n_regionkey","nation.n_comment"],"Shared Hit Blocks":1,"Shared Read Blocks":0,"Shared Dirtied Blocks":0,"Shared Written Blocks":0,"Local Hit Blocks":0,"Local Read Blocks":0,"Local Dirtied Blocks":0,"Local Written Blocks":0,"Temp Read Blocks":0,"Temp Written Blocks":0,"I/O Read Time":0.0,"I/O Write Time":0.0,"Temp I/O Read Time":0.0,"Temp I/O Write Time":0.0},{"Node Type":"Hash","Parent Relationship":"Inner","Parallel Aware":false,"Async Capable":false,"Startup Cost":1.06,"Total Cost":1.06,"Plan Rows":1,"Plan Width":4,"Actual Startup Time":0.008,"Actual Total Time":0.01,"Actual Rows":1,"Actual Loops":1,"Output":["region.r_regionkey"],"Hash Buckets":1024,"Original Hash Buckets":1024,"Hash Batches":1,"Original Hash Batches":1,"Peak Memory Usage":9,"Shared Hit Blocks":1,"Shared Read Blocks":0,"Shared Dirtied Blocks":0,"Shared Written Blocks":0,"Local Hit Blocks":0,"Local Read Blocks":0,"Local Dirtied Blocks":0,"Local Written Blocks":0,"Temp Read Blocks":0,"Temp Written Blocks":0,"I/O Read Time":0.0,"I/O Write Time":0.0,"Temp I/O Read Time":0.0,"Temp I/O Write Time":0.0,"Plans":[{"Node Type":"Seq Scan","Parent Relationship":"Outer","Parallel Aware":false,"Async Capable":false,"Relation Name":"region","Schema":"public","Alias":"region","Startup Cost":0.0,"Total Cost":1.06,"Plan Rows":1,"Plan Width":4,"Actual Startup Time":0.006,"Actual Total Time":0.007,"Actual Rows":1,"Actual Loops":1,"Output":["region.r_regionkey"],"Filter":"((region.r_name)::text = 'Europe'::text)","Rows Removed by Filter":4,"Shared Hit Blocks":1,"Shared Read Blocks":0,"Shared Dirtied Blocks":0,"Shared Written Blocks":0,"Local Hit Blocks":0,"Local Read Blocks":0,"Local Dirtied Blocks":0,"Local Written Blocks":0,"Temp Read Blocks":0,"Temp Written Blocks":0,"I/O Read Time":0.0,"I/O Write Time":0.0,"Temp I/O Read Time":0.0,"Temp I/O Write Time":0.0}]}]}]}]}]},{"Node Type":"Index Only Scan","Parent Relationship":"Inner","Parallel Aware":false,"Async Capable":false,"Scan Direction":"Forward","Index Name":"stock_pk","Relation Name":"stock","Schema":"public","Alias":"stock","Startup Cost":0.43,"Total Cost":259690.86,"Plan Rows":10000162,"Plan Width":6,"Actual Startup Time":0.046,"Actual Total Time":703.391,"Actual Rows":9999996,"Actual Loops":1,"Output":["stock.s_w_id","stock.s_i_id"],"Heap Fetches":0,"Shared Hit Blocks":27338,"Shared Read Blocks":0,"Shared Dirtied Blocks":0,"Shared Written Blocks":0,"Local Hit Blocks":0,"Local Read Blocks":0,"Local Dirtied Blocks":0,"Local Written Blocks":0,"Temp Read Blocks":0,"Temp Written Blocks":0,"I/O Read Time":0.0,"I/O Write Time":0.0,"Temp I/O Read Time":0.0,"Temp I/O Write Time":0.0}]},{"Node Type":"Hash","Parent Relationship":"Inner","Parallel Aware":false,"Async Capable":false,"Startup Cost":317.0,"Total Cost":317.0,"Plan Rows":10000,"Plan Width":8,"Actual Startup Time":2.58,"Actual Total Time":2.58,"Actual Rows":10000,"Actual Loops":1,"Output":["supplier.su_suppkey","supplier.su_nationkey"],"Hash Buckets":16384,"Original Hash Buckets":16384,"Hash Batches":1,"Original Hash Batches":1,"Peak Memory Usage":519,"Shared Hit Blocks":217,"Shared Read Blocks":0,"Shared Dirtied Blocks":0,"Shared Written Blocks":0,"Local Hit Blocks":0,"Local Read Blocks":0,"Local Dirtied Blocks":0,"Local Written Blocks":0,"Temp Read Blocks":0,"Temp Written Blocks":0,"I/O Read Time":0.0,"I/O Write Time":0.0,"Temp I/O Read Time":0.0,"Temp I/O Write Time":0.0,"Plans":[{"Node Type":"Seq Scan","Parent Relationship":"Outer","Parallel Aware":false,"Async Capable":false,"Relation Name":"supplier","Schema":"public","Alias":"supplier","Startup Cost":0.0,"Total Cost":317.0,"Plan Rows":10000,"Plan Width":8,"Actual Startup Time":0.01,"Actual Total Time":1.277,"Actual Rows":10000,"Actual Loops":1,"Output":["supplier.su_suppkey","supplier.su_nationkey"],"Shared Hit Blocks":217,"Shared Read Blocks":0,"Shared Dirtied Blocks":0,"Shared Written Blocks":0,"Local Hit Blocks":0,"Local Read Blocks":0,"Local Dirtied Blocks":0,"Local Written Blocks":0,"Temp Read Blocks":0,"Temp Written Blocks":0,"I/O Read Time":0.0,"I/O Write Time":0.0,"Temp I/O Read Time":0.0,"Temp I/O Write Time":0.0}]}]}]}]}]},"Planning":{"Shared Hit Blocks":16,"Shared Read Blocks":0,"Shared Dirtied Blocks":0,"Shared Written Blocks":0,"Local Hit Blocks":0,"Local Read Blocks":0,"Local Dirtied Blocks":0,"Local Written Blocks":0,"Temp Read Blocks":0,"Temp Written Blocks":0,"I/O Read Time":0.0,"I/O Write Time":0.0,"Temp I/O Read Time":0.0,"Temp I/O Write Time":0.0},"Planning Time":5.198,"Triggers":[],"Execution Time":16539.178}]
[列存组合]: customer, nation, orders, supplier
[{"Plan":{"Node Type":"Sort","Parallel Aware":false,"Async Capable":false,"Startup Cost":2010681.59,"Total Cost":2010681.74,"Plan Rows":62,"Plan Width":40,"Actual Startup Time":16453.748,"Actual Total Time":16453.783,"Actual Rows":11,"Actual Loops":1,"Output":["nation.n_name","(sum(order_line.ol_amount))"],"Sort Key":["(sum(order_line.ol_amount)) DESC"],"Sort Method":"quicksort","Sort Space Used":25,"Sort Space Type":"Memory","Shared Hit Blocks":368224,"Shared Read Blocks":0,"Shared Dirtied Blocks":0,"Shared Written Blocks":0,"Local Hit Blocks":0,"Local Read Blocks":0,"Local Dirtied Blocks":0,"Local Written Blocks":0,"Temp Read Blocks":129460,"Temp Written Blocks":129487,"I/O Read Time":0.0,"I/O Write Time":0.0,"Temp I/O Read Time":204.624,"Temp I/O Write Time":510.967,"Plans":[{"Node Type":"Aggregate","Strategy":"Sorted","Partial Mode":"Simple","Parent Relationship":"Outer","Parallel Aware":false,"Async Capable":false,"Startup Cost":2010605.8,"Total Cost":2010679.74,"Plan Rows":62,"Plan Width":40,"Actual Startup Time":16450.931,"Actual Total Time":16453.767,"Actual Rows":11,"Actual Loops":1,"Output":["nation.n_name","sum(order_line.ol_amount)"],"Group Key":["nation.n_name"],"Shared Hit Blocks":368224,"Shared Read Blocks":0,"Shared Dirtied Blocks":0,"Shared Written Blocks":0,"Local Hit Blocks":0,"Local Read Blocks":0,"Local Dirtied Blocks":0,"Local Written Blocks":0,"Temp Read Blocks":129460,"Temp Written Blocks":129487,"I/O Read Time":0.0,"I/O Write Time":0.0,"Temp I/O Read Time":204.624,"Temp I/O Write Time":510.967,"Plans":[{"Node Type":"Sort","Parent Relationship":"Outer","Parallel Aware":false,"Async Capable":false,"Startup Cost":2010605.8,"Total Cost":2010630.19,"Plan Rows":9755,"Plan Width":12,"Actual Startup Time":16450.722,"Actual Total Time":16451.502,"Actual Rows":17493,"Actual Loops":1,"Output":["nation.n_name","order_line.ol_amount"],"Sort Key":["nation.n_name"],"Sort Method":"quicksort","Sort Space Used":1725,"Sort Space Type":"Memory","Shared Hit Blocks":368224,"Shared Read Blocks":0,"Shared Dirtied Blocks":0,"Shared Written Blocks":0,"Local Hit Blocks":0,"Local Read Blocks":0,"Local Dirtied Blocks":0,"Local Written Blocks":0,"Temp Read Blocks":129460,"Temp Written Blocks":129487,"I/O Read Time":0.0,"I/O Write Time":0.0,"Temp I/O Read Time":204.624,"Temp I/O Write Time":510.967,"Plans":[{"Node Type":"Hash Join","Parent Relationship":"Outer","Parallel Aware":false,"Async Capable":false,"Join Type":"Inner","Startup Cost":1686462.53,"Total Cost":2009959.44,"Plan Rows":9755,"Plan Width":12,"Actual Startup Time":14621.098,"Actual Total Time":16441.947,"Actual Rows":17493,"Actual Loops":1,"Output":["nation.n_name","order_line.ol_amount"],"Inner Unique":true,"Hash Cond":"((mod((stock.s_w_id * stock.s_i_id), 10000) = supplier.su_suppkey) AND (customer.c_nationkey = supplier.su_nationkey))","Shared Hit Blocks":368224,"Shared Read Blocks":0,"Shared Dirtied Blocks":0,"Shared Written Blocks":0,"Local Hit Blocks":0,"Local Read Blocks":0,"Local Dirtied Blocks":0,"Local Written Blocks":0,"Temp Read Blocks":129460,"Temp Written Blocks":129487,"I/O Read Time":0.0,"I/O Write Time":0.0,"Temp I/O Read Time":204.624,"Temp I/O Write Time":510.967,"Plans":[{"Node Type":"Merge Join","Parent Relationship":"Outer","Parallel Aware":false,"Async Capable":false,"Join Type":"Inner","Startup Cost":1686093.5,"Total Cost":2006275.28,"Plan Rows":602749,"Plan Width":26,"Actual Startup Time":14617.58,"Actual Total Time":16298.994,"Actual Rows":1109507,"Actual Loops":1,"Output":["customer.c_nationkey","order_line.ol_amount","stock.s_w_id","stock.s_i_id","nation.n_name","nation.n_nationkey"],"Inner Unique":true,"Merge Cond":"((customer.c_w_id = stock.s_w_id) AND (order_line.ol_i_id = stock.s_i_id))","Shared Hit Blocks":368224,"Shared Read Blocks":0,"Shared Dirtied Blocks":0,"Shared Written Blocks":0,"Local Hit Blocks":0,"Local Read Blocks":0,"Local Dirtied Blocks":0,"Local Written Blocks":0,"Temp Read Blocks":129460,"Temp Written Blocks":129487,"I/O Read Time":0.0,"I/O Write Time":0.0,"Temp I/O Read Time":204.624,"Temp I/O Write Time":510.967,"Plans":[{"Node Type":"Sort","Parent Relationship":"Outer","Parallel Aware":false,"Async Capable":false,"Startup Cost":1686093.07,"Total Cost":1687580.75,"Plan Rows":595073,"Plan Width":30,"Actual Startup Time":14617.513,"Actual Total Time":14797.899,"Actual Rows":1109507,"Actual Loops":1,"Output":["customer.c_w_id","customer.c_nationkey","orders.o_w_id","order_line.ol_amount","order_line.ol_w_id","order_line.ol_i_id","nation.n_name","nation.n_nationkey"],"Sort Key":["customer.c_w_id","order_line.ol_i_id"],"Sort Method":"external merge","Sort Space Used":47304,"Sort Space Type":"Disk","Shared Hit Blocks":340886,"Shared Read Blocks":0,"Shared Dirtied Blocks":0,"Shared Written Blocks":0,"Local Hit Blocks":0,"Local Read Blocks":0,"Local Dirtied Blocks":0,"Local Written Blocks":0,"Temp Read Blocks":129460,"Temp Written Blocks":129487,"I/O Read Time":0.0,"I/O Write Time":0.0,"Temp I/O Read Time":204.624,"Temp I/O Write Time":510.967,"Plans":[{"Node Type":"Hash Join","Parent Relationship":"Outer","Parallel Aware":false,"Async Capable":false,"Join Type":"Inner","Startup Cost":396949.46,"Total Cost":1614779.51,"Plan Rows":595073,"Plan Width":30,"Actual Startup Time":1415.009,"Actual Total Time":13233.04,"Actual Rows":1109507,"Actual Loops":1,"Output":["customer.c_w_id","customer.c_nationkey","orders.o_w_id","order_line.ol_amount","order_line.ol_w_id","order_line.ol_i_id","nation.n_name","nation.n_nationkey"],"Inner Unique":false,"Hash Cond":"(customer.c_nationkey = nation.n_nationkey)","Shared Hit Blocks":340886,"Shared Read Blocks":0,"Shared Dirtied Blocks":0,"Shared Written Blocks":0,"Local Hit Blocks":0,"Local Read Blocks":0,"Local Dirtied Blocks":0,"Local Written Blocks":0,"Temp Read Blocks":117643,"Temp Written Blocks":117643,"I/O Read Time":0.0,"I/O Write Time":0.0,"Temp I/O Read Time":186.822,"Temp I/O Write Time":479.548,"Plans":[{"Node Type":"Hash Join","Parent Relationship":"Outer","Parallel Aware":false,"Async Capable":false,"Join Type":"Inner","Startup Cost":396946.31,"Total Cost":1597859.98,"Plan Rows":2975367,"Plan Width":18,"Actual Startup Time":1405.176,"Actual Total Time":12816.404,"Actual Rows":4284922,"Actual Loops":1,"Output":["customer.c_w_id","customer.c_nationkey","orders.o_w_id","order_line.ol_amount","order_line.ol_w_id","order_line.ol_i_id"],"Inner Unique":true,"Hash Cond":"((orders.o_c_id = customer.c_id) AND (orders.o_w_id = customer.c_w_id) AND (orders.o_d_id = customer.c_d_id))","Shared Hit Blocks":340884,"Shared Read Blocks":0,"Shared Dirtied Blocks":0,"Shared Written Blocks":0,"Local Hit Blocks":0,"Local Read Blocks":0,"Local Dirtied Blocks":0,"Local Written Blocks":0,"Temp Read Blocks":117643,"Temp Written Blocks":117643,"I/O Read Time":0.0,"I/O Write Time":0.0,"Temp I/O Read Time":186.822,"Temp I/O Write Time":479.548,"Plans":[{"Node Type":"Hash Join","Parent Relationship":"Outer","Parallel Aware":false,"Async Capable":false,"Join Type":"Inner","Startup Cost":75291.73,"Total Cost":1203258.36,"Plan Rows":2975367,"Plan Width":20,"Actual Startup Time":246.939,"Actual Total Time":9527.3,"Actual Rows":4284922,"Actual Loops":1,"Output":["orders.o_c_id","orders.o_w_id","orders.o_d_id","order_line.ol_amount","order_line.ol_w_id","order_line.ol_d_id","order_line.ol_i_id"],"Inner Unique":true,"Hash Cond":"((order_line.ol_w_id = orders.o_w_id) AND (order_line.ol_d_id = orders.o_d_id) AND (order_line.ol_o_id = orders.o_id))","Shared Hit Blocks":340884,"Shared Read Blocks":0,"Shared Dirtied Blocks":0,"Shared Written Blocks":0,"Local Hit Blocks":0,"Local Read Blocks":0,"Local Dirtied Blocks":0,"Local Written Blocks":0,"Temp Read Blocks":85996,"Temp Written Blocks":85996,"I/O Read Time":0.0,"I/O Write Time":0.0,"Temp I/O Read Time":136.613,"Temp I/O Write Time":337.896,"Plans":[{"Node Type":"Seq Scan","Parent Relationship":"Outer","Parallel Aware":false,"Async Capable":false,"Relation Name":"order_line","Schema":"public","Alias":"order_line","Startup Cost":0.0,"Total Cost":715856.4,"Plan Rows":20926367,"Plan Width":20,"Actual Startup Time":0.007,"Actual Total Time":3676.597,"Actual Rows":21002151,"Actual Loops":1,"Output":["order_line.ol_amount","order_line.ol_o_id","order_line.ol_w_id","order_line.ol_d_id","order_line.ol_i_id"],"Filter":"(order_line.ol_delivery_d >= '1992-01-02 20:10:02.27764'::timestamp without time zone)","Rows Removed by Filter":8995581,"Shared Hit Blocks":340884,"Shared Read Blocks":0,"Shared Dirtied Blocks":0,"Shared Written Blocks":0,"Local Hit Blocks":0,"Local Read Blocks":0,"Local Dirtied Blocks":0,"Local Written Blocks":0,"Temp Read Blocks":0,"Temp Written Blocks":0,"I/O Read Time":0.0,"I/O Write Time":0.0,"Temp I/O Read Time":0.0,"Temp I/O Write Time":0.0},{"Node Type":"Hash","Parent Relationship":"Inner","Parallel Aware":false,"Async Capable":false,"Startup Cost":65744.12,"Total Cost":65744.12,"Plan Rows":426549,"Plan Width":16,"Actual Startup Time":178.962,"Actual Total Time":178.97,"Actual Rows":428399,"Actual Loops":1,"Output":["orders.o_c_id","orders.o_w_id","orders.o_d_id","orders.o_id"],"Hash Buckets":262144,"Original Hash Buckets":262144,"Hash Batches":4,"Original Hash Batches":4,"Peak Memory Usage":7080,"Shared Hit Blocks":0,"Shared Read Blocks":0,"Shared Dirtied Blocks":0,"Shared Written Blocks":0,"Local Hit Blocks":0,"Local Read Blocks":0,"Local Dirtied Blocks":0,"Local Written Blocks":0,"Temp Read Blocks":0,"Temp Written Blocks":1410,"I/O Read Time":0.0,"I/O Write Time":0.0,"Temp I/O Read Time":0.0,"Temp I/O Write Time":5.571,"Plans":[{"Node Type":"Append","Parent Relationship":"Outer","Parallel Aware":false,"Async Capable":false,"Startup Cost":20.0,"Total Cost":65744.12,"Plan Rows":426549,"Plan Width":16,"Actual Startup Time":0.511,"Actual Total Time":102.945,"Actual Rows":428399,"Actual Loops":1,"Shared Hit Blocks":0,"Shared Read Blocks":0,"Shared Dirtied Blocks":0,"Shared Written Blocks":0,"Local Hit Blocks":0,"Local Read Blocks":0,"Local Dirtied Blocks":0,"Local Written Blocks":0,"Temp Read Blocks":0,"Temp Written Blocks":0,"I/O Read Time":0.0,"I/O Write Time":0.0,"Temp I/O Read Time":0.0,"Temp I/O Write Time":0.0,"Subplans Removed":0,"Plans":[{"Node Type":"Custom Scan","Parent Relationship":"Member","Custom Plan Provider":"columnar scan","Parallel Aware":false,"Async Capable":false,"Relation Name":"orders","Schema":"public","Alias":"orders","Startup Cost":20.0,"Total Cost":10043.96,"Plan Rows":426548,"Plan Width":16,"Actual Startup Time":0.51,"Actual Total Time":72.119,"Actual Rows":428399,"Actual Loops":1,"Output":["orders.o_c_id","orders.o_w_id","orders.o_d_id","orders.o_id"],"Filter":"((orders.o_entry_d < '1994-01-02 20:10:02.27764'::timestamp without time zone) AND (orders.o_entry_d >= '1993-01-02 20:10:02.27764'::timestamp without time zone))","Rows Removed by Filter":0,"Rows Removed by Columnar Filter":2571601,"Columnar cache search mode":"native","Shared Hit Blocks":0,"Shared Read Blocks":0,"Shared Dirtied Blocks":0,"Shared Written Blocks":0,"Local Hit Blocks":0,"Local Read Blocks":0,"Local Dirtied Blocks":0,"Local Written Blocks":0,"Temp Read Blocks":0,"Temp Written Blocks":0,"I/O Read Time":0.0,"I/O Write Time":0.0,"Temp I/O Read Time":0.0,"Temp I/O Write Time":0.0},{"Node Type":"Seq Scan","Parent Relationship":"Member","Parallel Aware":false,"Async Capable":false,"Relation Name":"orders","Schema":"public","Alias":"orders","Startup Cost":0.0,"Total Cost":4.01,"Plan Rows":1,"Plan Width":16,"Actual Startup Time":0.0,"Actual Total Time":0.0,"Actual Rows":0,"Actual Loops":0,"Output":["orders.o_c_id","orders.o_w_id","orders.o_d_id","orders.o_id"],"Filter":"((orders.o_entry_d < '1994-01-02 20:10:02.27764'::timestamp without time zone) AND (orders.o_entry_d >= '1993-01-02 20:10:02.27764'::timestamp without time zone))","Rows Removed by Filter":0,"Shared Hit Blocks":0,"Shared Read Blocks":0,"Shared Dirtied Blocks":0,"Shared Written Blocks":0,"Local Hit Blocks":0,"Local Read Blocks":0,"Local Dirtied Blocks":0,"Local Written Blocks":0,"Temp Read Blocks":0,"Temp Written Blocks":0,"I/O Read Time":0.0,"I/O Write Time":0.0,"Temp I/O Read Time":0.0,"Temp I/O Write Time":0.0}]}]}]},{"Node Type":"Hash","Parent Relationship":"Inner","Parallel Aware":false,"Async Capable":false,"Startup Cost":254511.16,"Total Cost":254511.16,"Plan Rows":2999739,"Plan Width":12,"Actual Startup Time":1155.845,"Actual Total Time":1155.851,"Actual Rows":3000000,"Actual Loops":1,"Output":["customer.c_id","customer.c_w_id","customer.c_d_id","customer.c_nationkey"],"Hash Buckets":262144,"Original Hash Buckets":262144,"Hash Batches":32,"Original Hash Batches":32,"Peak Memory Usage":6090,"Shared Hit Blocks":0,"Shared Read Blocks":0,"Shared Dirtied Blocks":0,"Shared Written Blocks":0,"Local Hit Blocks":0,"Local Read Blocks":0,"Local Dirtied Blocks":0,"Local Written Blocks":0,"Temp Read Blocks":0,"Temp Written Blocks":11335,"I/O Read Time":0.0,"I/O Write Time":0.0,"Temp I/O Read Time":0.0,"Temp I/O Write Time":48.187,"Plans":[{"Node Type":"Append","Parent Relationship":"Outer","Parallel Aware":false,"Async Capable":false,"Startup Cost":20.0,"Total Cost":254511.16,"Plan Rows":2999739,"Plan Width":12,"Actual Startup Time":0.015,"Actual Total Time":655.236,"Actual Rows":3000000,"Actual Loops":1,"Shared Hit Blocks":0,"Shared Read Blocks":0,"Shared Dirtied Blocks":0,"Shared Written Blocks":0,"Local Hit Blocks":0,"Local Read Blocks":0,"Local Dirtied Blocks":0,"Local Written Blocks":0,"Temp Read Blocks":0,"Temp Written Blocks":0,"I/O Read Time":0.0,"I/O Write Time":0.0,"Temp I/O Read Time":0.0,"Temp I/O Write Time":0.0,"Subplans Removed":0,"Plans":[{"Node Type":"Custom Scan","Parent Relationship":"Member","Custom Plan Provider":"columnar scan","Parallel Aware":false,"Async Capable":false,"Relation Name":"customer","Schema":"public","Alias":"customer","Startup Cost":20.0,"Total Cost":70513.87,"Plan Rows":2999738,"Plan Width":12,"Actual Startup Time":0.014,"Actual Total Time":447.798,"Actual Rows":3000000,"Actual Loops":1,"Output":["customer.c_id","customer.c_w_id","customer.c_d_id","customer.c_nationkey"],"Rows Removed by Columnar Filter":0,"Columnar cache search mode":"native","Shared Hit Blocks":0,"Shared Read Blocks":0,"Shared Dirtied Blocks":0,"Shared Written Blocks":0,"Local Hit Blocks":0,"Local Read Blocks":0,"Local Dirtied Blocks":0,"Local Written Blocks":0,"Temp Read Blocks":0,"Temp Written Blocks":0,"I/O Read Time":0.0,"I/O Write Time":0.0,"Temp I/O Read Time":0.0,"Temp I/O Write Time":0.0},{"Node Type":"Seq Scan","Parent Relationship":"Member","Parallel Aware":false,"Async Capable":false,"Relation Name":"customer","Schema":"public","Alias":"customer","Startup Cost":0.0,"Total Cost":4.01,"Plan Rows":1,"Plan Width":12,"Actual Startup Time":0.0,"Actual Total Time":0.0,"Actual Rows":0,"Actual Loops":0,"Output":["customer.c_id","customer.c_w_id","customer.c_d_id","customer.c_nationkey"],"Shared Hit Blocks":0,"Shared Read Blocks":0,"Shared Dirtied Blocks":0,"Shared Written Blocks":0,"Local Hit Blocks":0,"Local Read Blocks":0,"Local Dirtied Blocks":0,"Local Written Blocks":0,"Temp Read Blocks":0,"Temp Written Blocks":0,"I/O Read Time":0.0,"I/O Write Time":0.0,"Temp I/O Read Time":0.0,"Temp I/O Write Time":0.0}]}]}]},{"Node Type":"Hash","Parent Relationship":"Inner","Parallel Aware":false,"Async Capable":false,"Startup Cost":2.99,"Total Cost":2.99,"Plan Rows":12,"Plan Width":12,"Actual Startup Time":0.04,"Actual Total Time":0.047,"Actual Rows":22,"Actual Loops":1,"Output":["nation.n_name","nation.n_nationkey"],"Hash Buckets":1024,"Original Hash Buckets":1024,"Hash Batches":1,"Original Hash Batches":1,"Peak Memory Usage":9,"Shared Hit Blocks":2,"Shared Read Blocks":0,"Shared Dirtied Blocks":0,"Shared Written Blocks":0,"Local Hit Blocks":0,"Local Read Blocks":0,"Local Dirtied Blocks":0,"Local Written Blocks":0,"Temp Read Blocks":0,"Temp Written Blocks":0,"I/O Read Time":0.0,"I/O Write Time":0.0,"Temp I/O Read Time":0.0,"Temp I/O Write Time":0.0,"Plans":[{"Node Type":"Hash Join","Parent Relationship":"Outer","Parallel Aware":false,"Async Capable":false,"Join Type":"Inner","Startup Cost":1.07,"Total Cost":2.99,"Plan Rows":12,"Plan Width":12,"Actual Startup Time":0.024,"Actual Total Time":0.04,"Actual Rows":22,"Actual Loops":1,"Output":["nation.n_name","nation.n_nationkey"],"Inner Unique":true,"Hash Cond":"(nation.n_regionkey = region.r_regionkey)","Shared Hit Blocks":2,"Shared Read Blocks":0,"Shared Dirtied Blocks":0,"Shared Written Blocks":0,"Local Hit Blocks":0,"Local Read Blocks":0,"Local Dirtied Blocks":0,"Local Written Blocks":0,"Temp Read Blocks":0,"Temp Written Blocks":0,"I/O Read Time":0.0,"I/O Write Time":0.0,"Temp I/O Read Time":0.0,"Temp I/O Write Time":0.0,"Plans":[{"Node Type":"Seq Scan","Parent Relationship":"Outer","Parallel Aware":false,"Async Capable":false,"Relation Name":"nation","Schema":"public","Alias":"nation","Startup Cost":0.0,"Total Cost":1.62,"Plan Rows":62,"Plan Width":16,"Actual Startup Time":0.006,"Actual Total Time":0.01,"Actual Rows":62,"Actual Loops":1,"Output":["nation.n_nationkey","nation.n_name","nation.n_regionkey","nation.n_comment"],"Shared Hit Blocks":1,"Shared Read Blocks":0,"Shared Dirtied Blocks":0,"Shared Written Blocks":0,"Local Hit Blocks":0,"Local Read Blocks":0,"Local Dirtied Blocks":0,"Local Written Blocks":0,"Temp Read Blocks":0,"Temp Written Blocks":0,"I/O Read Time":0.0,"I/O Write Time":0.0,"Temp I/O Read Time":0.0,"Temp I/O Write Time":0.0},{"Node Type":"Hash","Parent Relationship":"Inner","Parallel Aware":false,"Async Capable":false,"Startup Cost":1.06,"Total Cost":1.06,"Plan Rows":1,"Plan Width":4,"Actual Startup Time":0.008,"Actual Total Time":0.009,"Actual Rows":1,"Actual Loops":1,"Output":["region.r_regionkey"],"Hash Buckets":1024,"Original Hash Buckets":1024,"Hash Batches":1,"Original Hash Batches":1,"Peak Memory Usage":9,"Shared Hit Blocks":1,"Shared Read Blocks":0,"Shared Dirtied Blocks":0,"Shared Written Blocks":0,"Local Hit Blocks":0,"Local Read Blocks":0,"Local Dirtied Blocks":0,"Local Written Blocks":0,"Temp Read Blocks":0,"Temp Written Blocks":0,"I/O Read Time":0.0,"I/O Write Time":0.0,"Temp I/O Read Time":0.0,"Temp I/O Write Time":0.0,"Plans":[{"Node Type":"Seq Scan","Parent Relationship":"Outer","Parallel Aware":false,"Async Capable":false,"Relation Name":"region","Schema":"public","Alias":"region","Startup Cost":0.0,"Total Cost":1.06,"Plan Rows":1,"Plan Width":4,"Actual Startup Time":0.006,"Actual Total Time":0.006,"Actual Rows":1,"Actual Loops":1,"Output":["region.r_regionkey"],"Filter":"((region.r_name)::text = 'Europe'::text)","Rows Removed by Filter":4,"Shared Hit Blocks":1,"Shared Read Blocks":0,"Shared Dirtied Blocks":0,"Shared Written Blocks":0,"Local Hit Blocks":0,"Local Read Blocks":0,"Local Dirtied Blocks":0,"Local Written Blocks":0,"Temp Read Blocks":0,"Temp Written Blocks":0,"I/O Read Time":0.0,"I/O Write Time":0.0,"Temp I/O Read Time":0.0,"Temp I/O Write Time":0.0}]}]}]}]}]},{"Node Type":"Index Only Scan","Parent Relationship":"Inner","Parallel Aware":false,"Async Capable":false,"Scan Direction":"Forward","Index Name":"stock_pk","Relation Name":"stock","Schema":"public","Alias":"stock","Startup Cost":0.43,"Total Cost":259690.86,"Plan Rows":10000162,"Plan Width":6,"Actual Startup Time":0.053,"Actual Total Time":702.018,"Actual Rows":9999996,"Actual Loops":1,"Output":["stock.s_w_id","stock.s_i_id"],"Heap Fetches":0,"Shared Hit Blocks":27338,"Shared Read Blocks":0,"Shared Dirtied Blocks":0,"Shared Written Blocks":0,"Local Hit Blocks":0,"Local Read Blocks":0,"Local Dirtied Blocks":0,"Local Written Blocks":0,"Temp Read Blocks":0,"Temp Written Blocks":0,"I/O Read Time":0.0,"I/O Write Time":0.0,"Temp I/O Read Time":0.0,"Temp I/O Write Time":0.0}]},{"Node Type":"Hash","Parent Relationship":"Inner","Parallel Aware":false,"Async Capable":false,"Startup Cost":219.01,"Total Cost":219.01,"Plan Rows":10001,"Plan Width":8,"Actual Startup Time":3.109,"Actual Total Time":3.112,"Actual Rows":10000,"Actual Loops":1,"Output":["supplier.su_suppkey","supplier.su_nationkey"],"Hash Buckets":16384,"Original Hash Buckets":16384,"Hash Batches":1,"Original Hash Batches":1,"Peak Memory Usage":519,"Shared Hit Blocks":0,"Shared Read Blocks":0,"Shared Dirtied Blocks":0,"Shared Written Blocks":0,"Local Hit Blocks":0,"Local Read Blocks":0,"Local Dirtied Blocks":0,"Local Written Blocks":0,"Temp Read Blocks":0,"Temp Written Blocks":0,"I/O Read Time":0.0,"I/O Write Time":0.0,"Temp I/O Read Time":0.0,"Temp I/O Write Time":0.0,"Plans":[{"Node Type":"Append","Parent Relationship":"Outer","Parallel Aware":false,"Async Capable":false,"Startup Cost":20.0,"Total Cost":219.01,"Plan Rows":10001,"Plan Width":8,"Actual Startup Time":0.013,"Actual Total Time":1.81,"Actual Rows":10000,"Actual Loops":1,"Shared Hit Blocks":0,"Shared Read Blocks":0,"Shared Dirtied Blocks":0,"Shared Written Blocks":0,"Local Hit Blocks":0,"Local Read Blocks":0,"Local Dirtied Blocks":0,"Local Written Blocks":0,"Temp Read Blocks":0,"Temp Written Blocks":0,"I/O Read Time":0.0,"I/O Write Time":0.0,"Temp I/O Read Time":0.0,"Temp I/O Write Time":0.0,"Subplans Removed":0,"Plans":[{"Node Type":"Custom Scan","Parent Relationship":"Member","Custom Plan Provider":"columnar scan","Parallel Aware":false,"Async Capable":false,"Relation Name":"supplier","Schema":"public","Alias":"supplier","Startup Cost":20.0,"Total Cost":215.0,"Plan Rows":10000,"Plan Width":8,"Actual Startup Time":0.012,"Actual Total Time":1.092,"Actual Rows":10000,"Actual Loops":1,"Output":["supplier.su_suppkey","supplier.su_nationkey"],"Rows Removed by Columnar Filter":0,"Columnar cache search mode":"native","Shared Hit Blocks":0,"Shared Read Blocks":0,"Shared Dirtied Blocks":0,"Shared Written Blocks":0,"Local Hit Blocks":0,"Local Read Blocks":0,"Local Dirtied Blocks":0,"Local Written Blocks":0,"Temp Read Blocks":0,"Temp Written Blocks":0,"I/O Read Time":0.0,"I/O Write Time":0.0,"Temp I/O Read Time":0.0,"Temp I/O Write Time":0.0},{"Node Type":"Seq Scan","Parent Relationship":"Member","Parallel Aware":false,"Async Capable":false,"Relation Name":"supplier","Schema":"public","Alias":"supplier","Startup Cost":0.0,"Total Cost":4.01,"Plan Rows":1,"Plan Width":8,"Actual Startup Time":0.0,"Actual Total Time":0.0,"Actual Rows":0,"Actual Loops":0,"Output":["supplier.su_suppkey","supplier.su_nationkey"],"Shared Hit Blocks":0,"Shared Read Blocks":0,"Shared Dirtied Blocks":0,"Shared Written Blocks":0,"Local Hit Blocks":0,"Local Read Blocks":0,"Local Dirtied Blocks":0,"Local Written Blocks":0,"Temp Read Blocks":0,"Temp Written Blocks":0,"I/O Read Time":0.0,"I/O Write Time":0.0,"Temp I/O Read Time":0.0,"Temp I/O Write Time":0.0}]}]}]}]}]}]},"Planning":{"Shared Hit Blocks":16,"Shared Read Blocks":0,"Shared Dirtied Blocks":0,"Shared Written Blocks":0,"Local Hit Blocks":0,"Local Read Blocks":0,"Local Dirtied Blocks":0,"Local Written Blocks":0,"Temp Read Blocks":0,"Temp Written Blocks":0,"I/O Read Time":0.0,"I/O Write Time":0.0,"Temp I/O Read Time":0.0,"Temp I/O Write Time":0.0},"Planning Time":4.87,"Triggers":[],"Execution Time":16462.095}]
[列存组合]: customer, nation, region, stock
[{"Plan":{"Node Type":"Sort","Parallel Aware":false,"Async Capable":false,"Startup Cost":2012094.43,"Total Cost":2012094.58,"Plan Rows":62,"Plan Width":40,"Actual Startup Time":16620.773,"Actual Total Time":16620.801,"Actual Rows":11,"Actual Loops":1,"Output":["nation.n_name","(sum(order_line.ol_amount))"],"Sort Key":["(sum(order_line.ol_amount)) DESC"],"Sort Method":"quicksort","Sort Space Used":25,"Sort Space Type":"Memory","Shared Hit Blocks":390500,"Shared Read Blocks":0,"Shared Dirtied Blocks":0,"Shared Written Blocks":0,"Local Hit Blocks":0,"Local Read Blocks":0,"Local Dirtied Blocks":0,"Local Written Blocks":0,"Temp Read Blocks":129460,"Temp Written Blocks":129487,"I/O Read Time":0.0,"I/O Write Time":0.0,"Temp I/O Read Time":206.815,"Temp I/O Write Time":523.323,"Plans":[{"Node Type":"Aggregate","Strategy":"Sorted","Partial Mode":"Simple","Parent Relationship":"Outer","Parallel Aware":false,"Async Capable":false,"Startup Cost":2012018.64,"Total Cost":2012092.58,"Plan Rows":62,"Plan Width":40,"Actual Startup Time":16617.894,"Actual Total Time":16620.779,"Actual Rows":11,"Actual Loops":1,"Output":["nation.n_name","sum(order_line.ol_amount)"],"Group Key":["nation.n_name"],"Shared Hit Blocks":390500,"Shared Read Blocks":0,"Shared Dirtied Blocks":0,"Shared Written Blocks":0,"Local Hit Blocks":0,"Local Read Blocks":0,"Local Dirtied Blocks":0,"Local Written Blocks":0,"Temp Read Blocks":129460,"Temp Written Blocks":129487,"I/O Read Time":0.0,"I/O Write Time":0.0,"Temp I/O Read Time":206.815,"Temp I/O Write Time":523.323,"Plans":[{"Node Type":"Sort","Parent Relationship":"Outer","Parallel Aware":false,"Async Capable":false,"Startup Cost":2012018.64,"Total Cost":2012043.03,"Plan Rows":9755,"Plan Width":12,"Actual Startup Time":16617.681,"Actual Total Time":16618.489,"Actual Rows":17493,"Actual Loops":1,"Output":["nation.n_name","order_line.ol_amount"],"Sort Key":["nation.n_name"],"Sort Method":"quicksort","Sort Space Used":1725,"Sort Space Type":"Memory","Shared Hit Blocks":390500,"Shared Read Blocks":0,"Shared Dirtied Blocks":0,"Shared Written Blocks":0,"Local Hit Blocks":0,"Local Read Blocks":0,"Local Dirtied Blocks":0,"Local Written Blocks":0,"Temp Read Blocks":129460,"Temp Written Blocks":129487,"I/O Read Time":0.0,"I/O Write Time":0.0,"Temp I/O Read Time":206.815,"Temp I/O Write Time":523.323,"Plans":[{"Node Type":"Hash Join","Parent Relationship":"Outer","Parallel Aware":false,"Async Capable":false,"Join Type":"Inner","Startup Cost":1687875.37,"Total Cost":2011372.28,"Plan Rows":9755,"Plan Width":12,"Actual Startup Time":14733.429,"Actual Total Time":16609.002,"Actual Rows":17493,"Actual Loops":1,"Output":["nation.n_name","order_line.ol_amount"],"Inner Unique":true,"Hash Cond":"((mod((stock.s_w_id * stock.s_i_id), 10000) = supplier.su_suppkey) AND (customer.c_nationkey = supplier.su_nationkey))","Shared Hit Blocks":390500,"Shared Read Blocks":0,"Shared Dirtied Blocks":0,"Shared Written Blocks":0,"Local Hit Blocks":0,"Local Read Blocks":0,"Local Dirtied Blocks":0,"Local Written Blocks":0,"Temp Read Blocks":129460,"Temp Written Blocks":129487,"I/O Read Time":0.0,"I/O Write Time":0.0,"Temp I/O Read Time":206.815,"Temp I/O Write Time":523.323,"Plans":[{"Node Type":"Merge Join","Parent Relationship":"Outer","Parallel Aware":false,"Async Capable":false,"Join Type":"Inner","Startup Cost":1687408.37,"Total Cost":2007590.15,"Plan Rows":602749,"Plan Width":26,"Actual Startup Time":14730.326,"Actual Total Time":16466.495,"Actual Rows":1109507,"Actual Loops":1,"Output":["customer.c_nationkey","order_line.ol_amount","stock.s_w_id","stock.s_i_id","nation.n_name","nation.n_nationkey"],"Inner Unique":true,"Merge Cond":"((customer.c_w_id = stock.s_w_id) AND (order_line.ol_i_id = stock.s_i_id))","Shared Hit Blocks":390283,"Shared Read Blocks":0,"Shared Dirtied Blocks":0,"Shared Written Blocks":0,"Local Hit Blocks":0,"Local Read Blocks":0,"Local Dirtied Blocks":0,"Local Written Blocks":0,"Temp Read Blocks":129460,"Temp Written Blocks":129487,"I/O Read Time":0.0,"I/O Write Time":0.0,"Temp I/O Read Time":206.815,"Temp I/O Write Time":523.323,"Plans":[{"Node Type":"Sort","Parent Relationship":"Outer","Parallel Aware":false,"Async Capable":false,"Startup Cost":1687407.93,"Total Cost":1688895.62,"Plan Rows":595073,"Plan Width":30,"Actual Startup Time":14730.263,"Actual Total Time":14909.161,"Actual Rows":1109507,"Actual Loops":1,"Output":["customer.c_w_id","customer.c_nationkey","orders.o_w_id","order_line.ol_amount","order_line.ol_w_id","order_line.ol_i_id","nation.n_name","nation.n_nationkey"],"Sort Key":["customer.c_w_id","order_line.ol_i_id"],"Sort Method":"external merge","Sort Space Used":47304,"Sort Space Type":"Disk","Shared Hit Blocks":362945,"Shared Read Blocks":0,"Shared Dirtied Blocks":0,"Shared Written Blocks":0,"Local Hit Blocks":0,"Local Read Blocks":0,"Local Dirtied Blocks":0,"Local Written Blocks":0,"Temp Read Blocks":129460,"Temp Written Blocks":129487,"I/O Read Time":0.0,"I/O Write Time":0.0,"Temp I/O Read Time":206.815,"Temp I/O Write Time":523.323,"Plans":[{"Node Type":"Hash Join","Parent Relationship":"Outer","Parallel Aware":false,"Async Capable":false,"Join Type":"Inner","Startup Cost":398264.32,"Total Cost":1616094.38,"Plan Rows":595073,"Plan Width":30,"Actual Startup Time":1547.89,"Actual Total Time":13340.846,"Actual Rows":1109507,"Actual Loops":1,"Output":["customer.c_w_id","customer.c_nationkey","orders.o_w_id","order_line.ol_amount","order_line.ol_w_id","order_line.ol_i_id","nation.n_name","nation.n_nationkey"],"Inner Unique":false,"Hash Cond":"(customer.c_nationkey = nation.n_nationkey)","Shared Hit Blocks":362945,"Shared Read Blocks":0,"Shared Dirtied Blocks":0,"Shared Written Blocks":0,"Local Hit Blocks":0,"Local Read Blocks":0,"Local Dirtied Blocks":0,"Local Written Blocks":0,"Temp Read Blocks":117643,"Temp Written Blocks":117643,"I/O Read Time":0.0,"I/O Write Time":0.0,"Temp I/O Read Time":189.033,"Temp I/O Write Time":491.94,"Plans":[{"Node Type":"Hash Join","Parent Relationship":"Outer","Parallel Aware":false,"Async Capable":false,"Join Type":"Inner","Startup Cost":398261.18,"Total Cost":1599174.84,"Plan Rows":2975367,"Plan Width":18,"Actual Startup Time":1538.367,"Actual Total Time":12910.401,"Actual Rows":4284922,"Actual Loops":1,"Output":["customer.c_w_id","customer.c_nationkey","orders.o_w_id","order_line.ol_amount","order_line.ol_w_id","order_line.ol_i_id"],"Inner Unique":true,"Hash Cond":"((orders.o_c_id = customer.c_id) AND (orders.o_w_id = customer.c_w_id) AND (orders.o_d_id = customer.c_d_id))","Shared Hit Blocks":362943,"Shared Read Blocks":0,"Shared Dirtied Blocks":0,"Shared Written Blocks":0,"Local Hit Blocks":0,"Local Read Blocks":0,"Local Dirtied Blocks":0,"Local Written Blocks":0,"Temp Read Blocks":117643,"Temp Written Blocks":117643,"I/O Read Time":0.0,"I/O Write Time":0.0,"Temp I/O Read Time":189.033,"Temp I/O Write Time":491.94,"Plans":[{"Node Type":"Hash Join","Parent Relationship":"Outer","Parallel Aware":false,"Async Capable":false,"Join Type":"Inner","Startup Cost":76606.59,"Total Cost":1204573.22,"Plan Rows":2975367,"Plan Width":20,"Actual Startup Time":365.972,"Actual Total Time":9609.82,"Actual Rows":4284922,"Actual Loops":1,"Output":["orders.o_c_id","orders.o_w_id","orders.o_d_id","order_line.ol_amount","order_line.ol_w_id","order_line.ol_d_id","order_line.ol_i_id"],"Inner Unique":true,"Hash Cond":"((order_line.ol_w_id = orders.o_w_id) AND (order_line.ol_d_id = orders.o_d_id) AND (order_line.ol_o_id = orders.o_id))","Shared Hit Blocks":362943,"Shared Read Blocks":0,"Shared Dirtied Blocks":0,"Shared Written Blocks":0,"Local Hit Blocks":0,"Local Read Blocks":0,"Local Dirtied Blocks":0,"Local Written Blocks":0,"Temp Read Blocks":85996,"Temp Written Blocks":85996,"I/O Read Time":0.0,"I/O Write Time":0.0,"Temp I/O Read Time":137.601,"Temp I/O Write Time":347.562,"Plans":[{"Node Type":"Seq Scan","Parent Relationship":"Outer","Parallel Aware":false,"Async Capable":false,"Relation Name":"order_line","Schema":"public","Alias":"order_line","Startup Cost":0.0,"Total Cost":715856.4,"Plan Rows":20926367,"Plan Width":20,"Actual Startup Time":0.007,"Actual Total Time":3678.132,"Actual Rows":21002151,"Actual Loops":1,"Output":["order_line.ol_amount","order_line.ol_o_id","order_line.ol_w_id","order_line.ol_d_id","order_line.ol_i_id"],"Filter":"(order_line.ol_delivery_d >= '1992-01-02 20:10:02.27764'::timestamp without time zone)","Rows Removed by Filter":8995581,"Shared Hit Blocks":340884,"Shared Read Blocks":0,"Shared Dirtied Blocks":0,"Shared Written Blocks":0,"Local Hit Blocks":0,"Local Read Blocks":0,"Local Dirtied Blocks":0,"Local Written Blocks":0,"Temp Read Blocks":0,"Temp Written Blocks":0,"I/O Read Time":0.0,"I/O Write Time":0.0,"Temp I/O Read Time":0.0,"Temp I/O Write Time":0.0},{"Node Type":"Hash","Parent Relationship":"Inner","Parallel Aware":false,"Async Capable":false,"Startup Cost":67059.0,"Total Cost":67059.0,"Plan Rows":426548,"Plan Width":16,"Actual Startup Time":298.477,"Actual Total Time":298.483,"Actual Rows":428399,"Actual Loops":1,"Output":["orders.o_c_id","orders.o_w_id","orders.o_d_id","orders.o_id"],"Hash Buckets":262144,"Original Hash Buckets":262144,"Hash Batches":4,"Original Hash Batches":4,"Peak Memory Usage":7080,"Shared Hit Blocks":22059,"Shared Read Blocks":0,"Shared Dirtied Blocks":0,"Shared Written Blocks":0,"Local Hit Blocks":0,"Local Read Blocks":0,"Local Dirtied Blocks":0,"Local Written Blocks":0,"Temp Read Blocks":0,"Temp Written Blocks":1410,"I/O Read Time":0.0,"I/O Write Time":0.0,"Temp I/O Read Time":0.0,"Temp I/O Write Time":6.586,"Plans":[{"Node Type":"Seq Scan","Parent Relationship":"Outer","Parallel Aware":false,"Async Capable":false,"Relation Name":"orders","Schema":"public","Alias":"orders","Startup Cost":0.0,"Total Cost":67059.0,"Plan Rows":426548,"Plan Width":16,"Actual Startup Time":0.8,"Actual Total Time":221.375,"Actual Rows":428399,"Actual Loops":1,"Output":["orders.o_c_id","orders.o_w_id","orders.o_d_id","orders.o_id"],"Filter":"((orders.o_entry_d >= '1993-01-02 20:10:02.27764'::timestamp without time zone) AND (orders.o_entry_d < '1994-01-02 20:10:02.27764'::timestamp without time zone))","Rows Removed by Filter":2571601,"Shared Hit Blocks":22059,"Shared Read Blocks":0,"Shared Dirtied Blocks":0,"Shared Written Blocks":0,"Local Hit Blocks":0,"Local Read Blocks":0,"Local Dirtied Blocks":0,"Local Written Blocks":0,"Temp Read Blocks":0,"Temp Written Blocks":0,"I/O Read Time":0.0,"I/O Write Time":0.0,"Temp I/O Read Time":0.0,"Temp I/O Write Time":0.0}]}]},{"Node Type":"Hash","Parent Relationship":"Inner","Parallel Aware":false,"Async Capable":false,"Startup Cost":254511.16,"Total Cost":254511.16,"Plan Rows":2999739,"Plan Width":12,"Actual Startup Time":1169.896,"Actual Total Time":1169.904,"Actual Rows":3000000,"Actual Loops":1,"Output":["customer.c_id","customer.c_w_id","customer.c_d_id","customer.c_nationkey"],"Hash Buckets":262144,"Original Hash Buckets":262144,"Hash Batches":32,"Original Hash Batches":32,"Peak Memory Usage":6090,"Shared Hit Blocks":0,"Shared Read Blocks":0,"Shared Dirtied Blocks":0,"Shared Written Blocks":0,"Local Hit Blocks":0,"Local Read Blocks":0,"Local Dirtied Blocks":0,"Local Written Blocks":0,"Temp Read Blocks":0,"Temp Written Blocks":11335,"I/O Read Time":0.0,"I/O Write Time":0.0,"Temp I/O Read Time":0.0,"Temp I/O Write Time":50.118,"Plans":[{"Node Type":"Append","Parent Relationship":"Outer","Parallel Aware":false,"Async Capable":false,"Startup Cost":20.0,"Total Cost":254511.16,"Plan Rows":2999739,"Plan Width":12,"Actual Startup Time":0.033,"Actual Total Time":665.322,"Actual Rows":3000000,"Actual Loops":1,"Shared Hit Blocks":0,"Shared Read Blocks":0,"Shared Dirtied Blocks":0,"Shared Written Blocks":0,"Local Hit Blocks":0,"Local Read Blocks":0,"Local Dirtied Blocks":0,"Local Written Blocks":0,"Temp Read Blocks":0,"Temp Written Blocks":0,"I/O Read Time":0.0,"I/O Write Time":0.0,"Temp I/O Read Time":0.0,"Temp I/O Write Time":0.0,"Subplans Removed":0,"Plans":[{"Node Type":"Custom Scan","Parent Relationship":"Member","Custom Plan Provider":"columnar scan","Parallel Aware":false,"Async Capable":false,"Relation Name":"customer","Schema":"public","Alias":"customer","Startup Cost":20.0,"Total Cost":70513.87,"Plan Rows":2999738,"Plan Width":12,"Actual Startup Time":0.032,"Actual Total Time":453.529,"Actual Rows":3000000,"Actual Loops":1,"Output":["customer.c_id","customer.c_w_id","customer.c_d_id","customer.c_nationkey"],"Rows Removed by Columnar Filter":0,"Columnar cache search mode":"native","Shared Hit Blocks":0,"Shared Read Blocks":0,"Shared Dirtied Blocks":0,"Shared Written Blocks":0,"Local Hit Blocks":0,"Local Read Blocks":0,"Local Dirtied Blocks":0,"Local Written Blocks":0,"Temp Read Blocks":0,"Temp Written Blocks":0,"I/O Read Time":0.0,"I/O Write Time":0.0,"Temp I/O Read Time":0.0,"Temp I/O Write Time":0.0},{"Node Type":"Seq Scan","Parent Relationship":"Member","Parallel Aware":false,"Async Capable":false,"Relation Name":"customer","Schema":"public","Alias":"customer","Startup Cost":0.0,"Total Cost":4.01,"Plan Rows":1,"Plan Width":12,"Actual Startup Time":0.0,"Actual Total Time":0.0,"Actual Rows":0,"Actual Loops":0,"Output":["customer.c_id","customer.c_w_id","customer.c_d_id","customer.c_nationkey"],"Shared Hit Blocks":0,"Shared Read Blocks":0,"Shared Dirtied Blocks":0,"Shared Written Blocks":0,"Local Hit Blocks":0,"Local Read Blocks":0,"Local Dirtied Blocks":0,"Local Written Blocks":0,"Temp Read Blocks":0,"Temp Written Blocks":0,"I/O Read Time":0.0,"I/O Write Time":0.0,"Temp I/O Read Time":0.0,"Temp I/O Write Time":0.0}]}]}]},{"Node Type":"Hash","Parent Relationship":"Inner","Parallel Aware":false,"Async Capable":false,"Startup Cost":2.99,"Total Cost":2.99,"Plan Rows":12,"Plan Width":12,"Actual Startup Time":0.051,"Actual Total Time":0.054,"Actual Rows":22,"Actual Loops":1,"Output":["nation.n_name","nation.n_nationkey"],"Hash Buckets":1024,"Original Hash Buckets":1024,"Hash Batches":1,"Original Hash Batches":1,"Peak Memory Usage":9,"Shared Hit Blocks":2,"Shared Read Blocks":0,"Shared Dirtied Blocks":0,"Shared Written Blocks":0,"Local Hit Blocks":0,"Local Read Blocks":0,"Local Dirtied Blocks":0,"Local Written Blocks":0,"Temp Read Blocks":0,"Temp Written Blocks":0,"I/O Read Time":0.0,"I/O Write Time":0.0,"Temp I/O Read Time":0.0,"Temp I/O Write Time":0.0,"Plans":[{"Node Type":"Hash Join","Parent Relationship":"Outer","Parallel Aware":false,"Async Capable":false,"Join Type":"Inner","Startup Cost":1.07,"Total Cost":2.99,"Plan Rows":12,"Plan Width":12,"Actual Startup Time":0.024,"Actual Total Time":0.039,"Actual Rows":22,"Actual Loops":1,"Output":["nation.n_name","nation.n_nationkey"],"Inner Unique":true,"Hash Cond":"(nation.n_regionkey = region.r_regionkey)","Shared Hit Blocks":2,"Shared Read Blocks":0,"Shared Dirtied Blocks":0,"Shared Written Blocks":0,"Local Hit Blocks":0,"Local Read Blocks":0,"Local Dirtied Blocks":0,"Local Written Blocks":0,"Temp Read Blocks":0,"Temp Written Blocks":0,"I/O Read Time":0.0,"I/O Write Time":0.0,"Temp I/O Read Time":0.0,"Temp I/O Write Time":0.0,"Plans":[{"Node Type":"Seq Scan","Parent Relationship":"Outer","Parallel Aware":false,"Async Capable":false,"Relation Name":"nation","Schema":"public","Alias":"nation","Startup Cost":0.0,"Total Cost":1.62,"Plan Rows":62,"Plan Width":16,"Actual Startup Time":0.005,"Actual Total Time":0.008,"Actual Rows":62,"Actual Loops":1,"Output":["nation.n_nationkey","nation.n_name","nation.n_regionkey","nation.n_comment"],"Shared Hit Blocks":1,"Shared Read Blocks":0,"Shared Dirtied Blocks":0,"Shared Written Blocks":0,"Local Hit Blocks":0,"Local Read Blocks":0,"Local Dirtied Blocks":0,"Local Written Blocks":0,"Temp Read Blocks":0,"Temp Written Blocks":0,"I/O Read Time":0.0,"I/O Write Time":0.0,"Temp I/O Read Time":0.0,"Temp I/O Write Time":0.0},{"Node Type":"Hash","Parent Relationship":"Inner","Parallel Aware":false,"Async Capable":false,"Startup Cost":1.06,"Total Cost":1.06,"Plan Rows":1,"Plan Width":4,"Actual Startup Time":0.008,"Actual Total Time":0.009,"Actual Rows":1,"Actual Loops":1,"Output":["region.r_regionkey"],"Hash Buckets":1024,"Original Hash Buckets":1024,"Hash Batches":1,"Original Hash Batches":1,"Peak Memory Usage":9,"Shared Hit Blocks":1,"Shared Read Blocks":0,"Shared Dirtied Blocks":0,"Shared Written Blocks":0,"Local Hit Blocks":0,"Local Read Blocks":0,"Local Dirtied Blocks":0,"Local Written Blocks":0,"Temp Read Blocks":0,"Temp Written Blocks":0,"I/O Read Time":0.0,"I/O Write Time":0.0,"Temp I/O Read Time":0.0,"Temp I/O Write Time":0.0,"Plans":[{"Node Type":"Seq Scan","Parent Relationship":"Outer","Parallel Aware":false,"Async Capable":false,"Relation Name":"region","Schema":"public","Alias":"region","Startup Cost":0.0,"Total Cost":1.06,"Plan Rows":1,"Plan Width":4,"Actual Startup Time":0.006,"Actual Total Time":0.007,"Actual Rows":1,"Actual Loops":1,"Output":["region.r_regionkey"],"Filter":"((region.r_name)::text = 'Europe'::text)","Rows Removed by Filter":4,"Shared Hit Blocks":1,"Shared Read Blocks":0,"Shared Dirtied Blocks":0,"Shared Written Blocks":0,"Local Hit Blocks":0,"Local Read Blocks":0,"Local Dirtied Blocks":0,"Local Written Blocks":0,"Temp Read Blocks":0,"Temp Written Blocks":0,"I/O Read Time":0.0,"I/O Write Time":0.0,"Temp I/O Read Time":0.0,"Temp I/O Write Time":0.0}]}]}]}]}]},{"Node Type":"Index Only Scan","Parent Relationship":"Inner","Parallel Aware":false,"Async Capable":false,"Scan Direction":"Forward","Index Name":"stock_pk","Relation Name":"stock","Schema":"public","Alias":"stock","Startup Cost":0.43,"Total Cost":259690.86,"Plan Rows":10000162,"Plan Width":6,"Actual Startup Time":0.049,"Actual Total Time":745.222,"Actual Rows":9999996,"Actual Loops":1,"Output":["stock.s_w_id","stock.s_i_id"],"Heap Fetches":0,"Shared Hit Blocks":27338,"Shared Read Blocks":0,"Shared Dirtied Blocks":0,"Shared Written Blocks":0,"Local Hit Blocks":0,"Local Read Blocks":0,"Local Dirtied Blocks":0,"Local Written Blocks":0,"Temp Read Blocks":0,"Temp Written Blocks":0,"I/O Read Time":0.0,"I/O Write Time":0.0,"Temp I/O Read Time":0.0,"Temp I/O Write Time":0.0}]},{"Node Type":"Hash","Parent Relationship":"Inner","Parallel Aware":false,"Async Capable":false,"Startup Cost":317.0,"Total Cost":317.0,"Plan Rows":10000,"Plan Width":8,"Actual Startup Time":2.671,"Actual Total Time":2.671,"Actual Rows":10000,"Actual Loops":1,"Output":["supplier.su_suppkey","supplier.su_nationkey"],"Hash Buckets":16384,"Original Hash Buckets":16384,"Hash Batches":1,"Original Hash Batches":1,"Peak Memory Usage":519,"Shared Hit Blocks":217,"Shared Read Blocks":0,"Shared Dirtied Blocks":0,"Shared Written Blocks":0,"Local Hit Blocks":0,"Local Read Blocks":0,"Local Dirtied Blocks":0,"Local Written Blocks":0,"Temp Read Blocks":0,"Temp Written Blocks":0,"I/O Read Time":0.0,"I/O Write Time":0.0,"Temp I/O Read Time":0.0,"Temp I/O Write Time":0.0,"Plans":[{"Node Type":"Seq Scan","Parent Relationship":"Outer","Parallel Aware":false,"Async Capable":false,"Relation Name":"supplier","Schema":"public","Alias":"supplier","Startup Cost":0.0,"Total Cost":317.0,"Plan Rows":10000,"Plan Width":8,"Actual Startup Time":0.01,"Actual Total Time":1.318,"Actual Rows":10000,"Actual Loops":1,"Output":["supplier.su_suppkey","supplier.su_nationkey"],"Shared Hit Blocks":217,"Shared Read Blocks":0,"Shared Dirtied Blocks":0,"Shared Written Blocks":0,"Local Hit Blocks":0,"Local Read Blocks":0,"Local Dirtied Blocks":0,"Local Written Blocks":0,"Temp Read Blocks":0,"Temp Written Blocks":0,"I/O Read Time":0.0,"I/O Write Time":0.0,"Temp I/O Read Time":0.0,"Temp I/O Write Time":0.0}]}]}]}]}]},"Planning":{"Shared Hit Blocks":16,"Shared Read Blocks":0,"Shared Dirtied Blocks":0,"Shared Written Blocks":0,"Local Hit Blocks":0,"Local Read Blocks":0,"Local Dirtied Blocks":0,"Local Written Blocks":0,"Temp Read Blocks":0,"Temp Written Blocks":0,"I/O Read Time":0.0,"I/O Write Time":0.0,"Temp I/O Read Time":0.0,"Temp I/O Write Time":0.0},"Planning Time":5.28,"Triggers":[],"Execution Time":16628.988}]
[列存组合]: customer, nation, region, supplier
[{"Plan":{"Node Type":"Sort","Parallel Aware":false,"Async Capable":false,"Startup Cost":2011996.45,"Total Cost":2011996.61,"Plan Rows":62,"Plan Width":40,"Actual Startup Time":16643.079,"Actual Total Time":16643.108,"Actual Rows":11,"Actual Loops":1,"Output":["nation.n_name","(sum(order_line.ol_amount))"],"Sort Key":["(sum(order_line.ol_amount)) DESC"],"Sort Method":"quicksort","Sort Space Used":25,"Sort Space Type":"Memory","Shared Hit Blocks":390283,"Shared Read Blocks":0,"Shared Dirtied Blocks":0,"Shared Written Blocks":0,"Local Hit Blocks":0,"Local Read Blocks":0,"Local Dirtied Blocks":0,"Local Written Blocks":0,"Temp Read Blocks":129460,"Temp Written Blocks":129487,"I/O Read Time":0.0,"I/O Write Time":0.0,"Temp I/O Read Time":206.355,"Temp I/O Write Time":517.557,"Plans":[{"Node Type":"Aggregate","Strategy":"Sorted","Partial Mode":"Simple","Parent Relationship":"Outer","Parallel Aware":false,"Async Capable":false,"Startup Cost":2011920.67,"Total Cost":2011994.61,"Plan Rows":62,"Plan Width":40,"Actual Startup Time":16640.172,"Actual Total Time":16643.092,"Actual Rows":11,"Actual Loops":1,"Output":["nation.n_name","sum(order_line.ol_amount)"],"Group Key":["nation.n_name"],"Shared Hit Blocks":390283,"Shared Read Blocks":0,"Shared Dirtied Blocks":0,"Shared Written Blocks":0,"Local Hit Blocks":0,"Local Read Blocks":0,"Local Dirtied Blocks":0,"Local Written Blocks":0,"Temp Read Blocks":129460,"Temp Written Blocks":129487,"I/O Read Time":0.0,"I/O Write Time":0.0,"Temp I/O Read Time":206.355,"Temp I/O Write Time":517.557,"Plans":[{"Node Type":"Sort","Parent Relationship":"Outer","Parallel Aware":false,"Async Capable":false,"Startup Cost":2011920.67,"Total Cost":2011945.06,"Plan Rows":9755,"Plan Width":12,"Actual Startup Time":16639.956,"Actual Total Time":16640.748,"Actual Rows":17493,"Actual Loops":1,"Output":["nation.n_name","order_line.ol_amount"],"Sort Key":["nation.n_name"],"Sort Method":"quicksort","Sort Space Used":1725,"Sort Space Type":"Memory","Shared Hit Blocks":390283,"Shared Read Blocks":0,"Shared Dirtied Blocks":0,"Shared Written Blocks":0,"Local Hit Blocks":0,"Local Read Blocks":0,"Local Dirtied Blocks":0,"Local Written Blocks":0,"Temp Read Blocks":129460,"Temp Written Blocks":129487,"I/O Read Time":0.0,"I/O Write Time":0.0,"Temp I/O Read Time":206.355,"Temp I/O Write Time":517.557,"Plans":[{"Node Type":"Hash Join","Parent Relationship":"Outer","Parallel Aware":false,"Async Capable":false,"Join Type":"Inner","Startup Cost":1687777.4,"Total Cost":2011274.31,"Plan Rows":9755,"Plan Width":12,"Actual Startup Time":14751.378,"Actual Total Time":16630.992,"Actual Rows":17493,"Actual Loops":1,"Output":["nation.n_name","order_line.ol_amount"],"Inner Unique":true,"Hash Cond":"((mod((stock.s_w_id * stock.s_i_id), 10000) = supplier.su_suppkey) AND (customer.c_nationkey = supplier.su_nationkey))","Shared Hit Blocks":390283,"Shared Read Blocks":0,"Shared Dirtied Blocks":0,"Shared Written Blocks":0,"Local Hit Blocks":0,"Local Read Blocks":0,"Local Dirtied Blocks":0,"Local Written Blocks":0,"Temp Read Blocks":129460,"Temp Written Blocks":129487,"I/O Read Time":0.0,"I/O Write Time":0.0,"Temp I/O Read Time":206.355,"Temp I/O Write Time":517.557,"Plans":[{"Node Type":"Merge Join","Parent Relationship":"Outer","Parallel Aware":false,"Async Capable":false,"Join Type":"Inner","Startup Cost":1687408.37,"Total Cost":2007590.15,"Plan Rows":602749,"Plan Width":26,"Actual Startup Time":14747.786,"Actual Total Time":16489.25,"Actual Rows":1109507,"Actual Loops":1,"Output":["customer.c_nationkey","order_line.ol_amount","stock.s_w_id","stock.s_i_id","nation.n_name","nation.n_nationkey"],"Inner Unique":true,"Merge Cond":"((customer.c_w_id = stock.s_w_id) AND (order_line.ol_i_id = stock.s_i_id))","Shared Hit Blocks":390283,"Shared Read Blocks":0,"Shared Dirtied Blocks":0,"Shared Written Blocks":0,"Local Hit Blocks":0,"Local Read Blocks":0,"Local Dirtied Blocks":0,"Local Written Blocks":0,"Temp Read Blocks":129460,"Temp Written Blocks":129487,"I/O Read Time":0.0,"I/O Write Time":0.0,"Temp I/O Read Time":206.355,"Temp I/O Write Time":517.557,"Plans":[{"Node Type":"Sort","Parent Relationship":"Outer","Parallel Aware":false,"Async Capable":false,"Startup Cost":1687407.93,"Total Cost":1688895.62,"Plan Rows":595073,"Plan Width":30,"Actual Startup Time":14747.727,"Actual Total Time":14930.095,"Actual Rows":1109507,"Actual Loops":1,"Output":["customer.c_w_id","customer.c_nationkey","orders.o_w_id","order_line.ol_amount","order_line.ol_w_id","order_line.ol_i_id","nation.n_name","nation.n_nationkey"],"Sort Key":["customer.c_w_id","order_line.ol_i_id"],"Sort Method":"external merge","Sort Space Used":47304,"Sort Space Type":"Disk","Shared Hit Blocks":362945,"Shared Read Blocks":0,"Shared Dirtied Blocks":0,"Shared Written Blocks":0,"Local Hit Blocks":0,"Local Read Blocks":0,"Local Dirtied Blocks":0,"Local Written Blocks":0,"Temp Read Blocks":129460,"Temp Written Blocks":129487,"I/O Read Time":0.0,"I/O Write Time":0.0,"Temp I/O Read Time":206.355,"Temp I/O Write Time":517.557,"Plans":[{"Node Type":"Hash Join","Parent Relationship":"Outer","Parallel Aware":false,"Async Capable":false,"Join Type":"Inner","Startup Cost":398264.32,"Total Cost":1616094.38,"Plan Rows":595073,"Plan Width":30,"Actual Startup Time":1538.08,"Actual Total Time":13352.967,"Actual Rows":1109507,"Actual Loops":1,"Output":["customer.c_w_id","customer.c_nationkey","orders.o_w_id","order_line.ol_amount","order_line.ol_w_id","order_line.ol_i_id","nation.n_name","nation.n_nationkey"],"Inner Unique":false,"Hash Cond":"(customer.c_nationkey = nation.n_nationkey)","Shared Hit Blocks":362945,"Shared Read Blocks":0,"Shared Dirtied Blocks":0,"Shared Written Blocks":0,"Local Hit Blocks":0,"Local Read Blocks":0,"Local Dirtied Blocks":0,"Local Written Blocks":0,"Temp Read Blocks":117643,"Temp Written Blocks":117643,"I/O Read Time":0.0,"I/O Write Time":0.0,"Temp I/O Read Time":188.479,"Temp I/O Write Time":486.352,"Plans":[{"Node Type":"Hash Join","Parent Relationship":"Outer","Parallel Aware":false,"Async Capable":false,"Join Type":"Inner","Startup Cost":398261.18,"Total Cost":1599174.84,"Plan Rows":2975367,"Plan Width":18,"Actual Startup Time":1528.585,"Actual Total Time":12912.581,"Actual Rows":4284922,"Actual Loops":1,"Output":["customer.c_w_id","customer.c_nationkey","orders.o_w_id","order_line.ol_amount","order_line.ol_w_id","order_line.ol_i_id"],"Inner Unique":true,"Hash Cond":"((orders.o_c_id = customer.c_id) AND (orders.o_w_id = customer.c_w_id) AND (orders.o_d_id = customer.c_d_id))","Shared Hit Blocks":362943,"Shared Read Blocks":0,"Shared Dirtied Blocks":0,"Shared Written Blocks":0,"Local Hit Blocks":0,"Local Read Blocks":0,"Local Dirtied Blocks":0,"Local Written Blocks":0,"Temp Read Blocks":117643,"Temp Written Blocks":117643,"I/O Read Time":0.0,"I/O Write Time":0.0,"Temp I/O Read Time":188.479,"Temp I/O Write Time":486.352,"Plans":[{"Node Type":"Hash Join","Parent Relationship":"Outer","Parallel Aware":false,"Async Capable":false,"Join Type":"Inner","Startup Cost":76606.59,"Total Cost":1204573.22,"Plan Rows":2975367,"Plan Width":20,"Actual Startup Time":362.44,"Actual Total Time":9618.392,"Actual Rows":4284922,"Actual Loops":1,"Output":["orders.o_c_id","orders.o_w_id","orders.o_d_id","order_line.ol_amount","order_line.ol_w_id","order_line.ol_d_id","order_line.ol_i_id"],"Inner Unique":true,"Hash Cond":"((order_line.ol_w_id = orders.o_w_id) AND (order_line.ol_d_id = orders.o_d_id) AND (order_line.ol_o_id = orders.o_id))","Shared Hit Blocks":362943,"Shared Read Blocks":0,"Shared Dirtied Blocks":0,"Shared Written Blocks":0,"Local Hit Blocks":0,"Local Read Blocks":0,"Local Dirtied Blocks":0,"Local Written Blocks":0,"Temp Read Blocks":85996,"Temp Written Blocks":85996,"I/O Read Time":0.0,"I/O Write Time":0.0,"Temp I/O Read Time":137.603,"Temp I/O Write Time":343.915,"Plans":[{"Node Type":"Seq Scan","Parent Relationship":"Outer","Parallel Aware":false,"Async Capable":false,"Relation Name":"order_line","Schema":"public","Alias":"order_line","Startup Cost":0.0,"Total Cost":715856.4,"Plan Rows":20926367,"Plan Width":20,"Actual Startup Time":0.006,"Actual Total Time":3666.083,"Actual Rows":21002151,"Actual Loops":1,"Output":["order_line.ol_amount","order_line.ol_o_id","order_line.ol_w_id","order_line.ol_d_id","order_line.ol_i_id"],"Filter":"(order_line.ol_delivery_d >= '1992-01-02 20:10:02.27764'::timestamp without time zone)","Rows Removed by Filter":8995581,"Shared Hit Blocks":340884,"Shared Read Blocks":0,"Shared Dirtied Blocks":0,"Shared Written Blocks":0,"Local Hit Blocks":0,"Local Read Blocks":0,"Local Dirtied Blocks":0,"Local Written Blocks":0,"Temp Read Blocks":0,"Temp Written Blocks":0,"I/O Read Time":0.0,"I/O Write Time":0.0,"Temp I/O Read Time":0.0,"Temp I/O Write Time":0.0},{"Node Type":"Hash","Parent Relationship":"Inner","Parallel Aware":false,"Async Capable":false,"Startup Cost":67059.0,"Total Cost":67059.0,"Plan Rows":426548,"Plan Width":16,"Actual Startup Time":295.227,"Actual Total Time":295.232,"Actual Rows":428399,"Actual Loops":1,"Output":["orders.o_c_id","orders.o_w_id","orders.o_d_id","orders.o_id"],"Hash Buckets":262144,"Original Hash Buckets":262144,"Hash Batches":4,"Original Hash Batches":4,"Peak Memory Usage":7080,"Shared Hit Blocks":22059,"Shared Read Blocks":0,"Shared Dirtied Blocks":0,"Shared Written Blocks":0,"Local Hit Blocks":0,"Local Read Blocks":0,"Local Dirtied Blocks":0,"Local Written Blocks":0,"Temp Read Blocks":0,"Temp Written Blocks":1410,"I/O Read Time":0.0,"I/O Write Time":0.0,"Temp I/O Read Time":0.0,"Temp I/O Write Time":6.114,"Plans":[{"Node Type":"Seq Scan","Parent Relationship":"Outer","Parallel Aware":false,"Async Capable":false,"Relation Name":"orders","Schema":"public","Alias":"orders","Startup Cost":0.0,"Total Cost":67059.0,"Plan Rows":426548,"Plan Width":16,"Actual Startup Time":0.774,"Actual Total Time":220.337,"Actual Rows":428399,"Actual Loops":1,"Output":["orders.o_c_id","orders.o_w_id","orders.o_d_id","orders.o_id"],"Filter":"((orders.o_entry_d >= '1993-01-02 20:10:02.27764'::timestamp without time zone) AND (orders.o_entry_d < '1994-01-02 20:10:02.27764'::timestamp without time zone))","Rows Removed by Filter":2571601,"Shared Hit Blocks":22059,"Shared Read Blocks":0,"Shared Dirtied Blocks":0,"Shared Written Blocks":0,"Local Hit Blocks":0,"Local Read Blocks":0,"Local Dirtied Blocks":0,"Local Written Blocks":0,"Temp Read Blocks":0,"Temp Written Blocks":0,"I/O Read Time":0.0,"I/O Write Time":0.0,"Temp I/O Read Time":0.0,"Temp I/O Write Time":0.0}]}]},{"Node Type":"Hash","Parent Relationship":"Inner","Parallel Aware":false,"Async Capable":false,"Startup Cost":254511.16,"Total Cost":254511.16,"Plan Rows":2999739,"Plan Width":12,"Actual Startup Time":1163.848,"Actual Total Time":1163.855,"Actual Rows":3000000,"Actual Loops":1,"Output":["customer.c_id","customer.c_w_id","customer.c_d_id","customer.c_nationkey"],"Hash Buckets":262144,"Original Hash Buckets":262144,"Hash Batches":32,"Original Hash Batches":32,"Peak Memory Usage":6090,"Shared Hit Blocks":0,"Shared Read Blocks":0,"Shared Dirtied Blocks":0,"Shared Written Blocks":0,"Local Hit Blocks":0,"Local Read Blocks":0,"Local Dirtied Blocks":0,"Local Written Blocks":0,"Temp Read Blocks":0,"Temp Written Blocks":11335,"I/O Read Time":0.0,"I/O Write Time":0.0,"Temp I/O Read Time":0.0,"Temp I/O Write Time":47.923,"Plans":[{"Node Type":"Append","Parent Relationship":"Outer","Parallel Aware":false,"Async Capable":false,"Startup Cost":20.0,"Total Cost":254511.16,"Plan Rows":2999739,"Plan Width":12,"Actual Startup Time":0.031,"Actual Total Time":662.847,"Actual Rows":3000000,"Actual Loops":1,"Shared Hit Blocks":0,"Shared Read Blocks":0,"Shared Dirtied Blocks":0,"Shared Written Blocks":0,"Local Hit Blocks":0,"Local Read Blocks":0,"Local Dirtied Blocks":0,"Local Written Blocks":0,"Temp Read Blocks":0,"Temp Written Blocks":0,"I/O Read Time":0.0,"I/O Write Time":0.0,"Temp I/O Read Time":0.0,"Temp I/O Write Time":0.0,"Subplans Removed":0,"Plans":[{"Node Type":"Custom Scan","Parent Relationship":"Member","Custom Plan Provider":"columnar scan","Parallel Aware":false,"Async Capable":false,"Relation Name":"customer","Schema":"public","Alias":"customer","Startup Cost":20.0,"Total Cost":70513.87,"Plan Rows":2999738,"Plan Width":12,"Actual Startup Time":0.029,"Actual Total Time":453.243,"Actual Rows":3000000,"Actual Loops":1,"Output":["customer.c_id","customer.c_w_id","customer.c_d_id","customer.c_nationkey"],"Rows Removed by Columnar Filter":0,"Columnar cache search mode":"native","Shared Hit Blocks":0,"Shared Read Blocks":0,"Shared Dirtied Blocks":0,"Shared Written Blocks":0,"Local Hit Blocks":0,"Local Read Blocks":0,"Local Dirtied Blocks":0,"Local Written Blocks":0,"Temp Read Blocks":0,"Temp Written Blocks":0,"I/O Read Time":0.0,"I/O Write Time":0.0,"Temp I/O Read Time":0.0,"Temp I/O Write Time":0.0},{"Node Type":"Seq Scan","Parent Relationship":"Member","Parallel Aware":false,"Async Capable":false,"Relation Name":"customer","Schema":"public","Alias":"customer","Startup Cost":0.0,"Total Cost":4.01,"Plan Rows":1,"Plan Width":12,"Actual Startup Time":0.0,"Actual Total Time":0.0,"Actual Rows":0,"Actual Loops":0,"Output":["customer.c_id","customer.c_w_id","customer.c_d_id","customer.c_nationkey"],"Shared Hit Blocks":0,"Shared Read Blocks":0,"Shared Dirtied Blocks":0,"Shared Written Blocks":0,"Local Hit Blocks":0,"Local Read Blocks":0,"Local Dirtied Blocks":0,"Local Written Blocks":0,"Temp Read Blocks":0,"Temp Written Blocks":0,"I/O Read Time":0.0,"I/O Write Time":0.0,"Temp I/O Read Time":0.0,"Temp I/O Write Time":0.0}]}]}]},{"Node Type":"Hash","Parent Relationship":"Inner","Parallel Aware":false,"Async Capable":false,"Startup Cost":2.99,"Total Cost":2.99,"Plan Rows":12,"Plan Width":12,"Actual Startup Time":0.04,"Actual Total Time":0.046,"Actual Rows":22,"Actual Loops":1,"Output":["nation.n_name","nation.n_nationkey"],"Hash Buckets":1024,"Original Hash Buckets":1024,"Hash Batches":1,"Original Hash Batches":1,"Peak Memory Usage":9,"Shared Hit Blocks":2,"Shared Read Blocks":0,"Shared Dirtied Blocks":0,"Shared Written Blocks":0,"Local Hit Blocks":0,"Local Read Blocks":0,"Local Dirtied Blocks":0,"Local Written Blocks":0,"Temp Read Blocks":0,"Temp Written Blocks":0,"I/O Read Time":0.0,"I/O Write Time":0.0,"Temp I/O Read Time":0.0,"Temp I/O Write Time":0.0,"Plans":[{"Node Type":"Hash Join","Parent Relationship":"Outer","Parallel Aware":false,"Async Capable":false,"Join Type":"Inner","Startup Cost":1.07,"Total Cost":2.99,"Plan Rows":12,"Plan Width":12,"Actual Startup Time":0.023,"Actual Total Time":0.039,"Actual Rows":22,"Actual Loops":1,"Output":["nation.n_name","nation.n_nationkey"],"Inner Unique":true,"Hash Cond":"(nation.n_regionkey = region.r_regionkey)","Shared Hit Blocks":2,"Shared Read Blocks":0,"Shared Dirtied Blocks":0,"Shared Written Blocks":0,"Local Hit Blocks":0,"Local Read Blocks":0,"Local Dirtied Blocks":0,"Local Written Blocks":0,"Temp Read Blocks":0,"Temp Written Blocks":0,"I/O Read Time":0.0,"I/O Write Time":0.0,"Temp I/O Read Time":0.0,"Temp I/O Write Time":0.0,"Plans":[{"Node Type":"Seq Scan","Parent Relationship":"Outer","Parallel Aware":false,"Async Capable":false,"Relation Name":"nation","Schema":"public","Alias":"nation","Startup Cost":0.0,"Total Cost":1.62,"Plan Rows":62,"Plan Width":16,"Actual Startup Time":0.006,"Actual Total Time":0.01,"Actual Rows":62,"Actual Loops":1,"Output":["nation.n_nationkey","nation.n_name","nation.n_regionkey","nation.n_comment"],"Shared Hit Blocks":1,"Shared Read Blocks":0,"Shared Dirtied Blocks":0,"Shared Written Blocks":0,"Local Hit Blocks":0,"Local Read Blocks":0,"Local Dirtied Blocks":0,"Local Written Blocks":0,"Temp Read Blocks":0,"Temp Written Blocks":0,"I/O Read Time":0.0,"I/O Write Time":0.0,"Temp I/O Read Time":0.0,"Temp I/O Write Time":0.0},{"Node Type":"Hash","Parent Relationship":"Inner","Parallel Aware":false,"Async Capable":false,"Startup Cost":1.06,"Total Cost":1.06,"Plan Rows":1,"Plan Width":4,"Actual Startup Time":0.007,"Actual Total Time":0.009,"Actual Rows":1,"Actual Loops":1,"Output":["region.r_regionkey"],"Hash Buckets":1024,"Original Hash Buckets":1024,"Hash Batches":1,"Original Hash Batches":1,"Peak Memory Usage":9,"Shared Hit Blocks":1,"Shared Read Blocks":0,"Shared Dirtied Blocks":0,"Shared Written Blocks":0,"Local Hit Blocks":0,"Local Read Blocks":0,"Local Dirtied Blocks":0,"Local Written Blocks":0,"Temp Read Blocks":0,"Temp Written Blocks":0,"I/O Read Time":0.0,"I/O Write Time":0.0,"Temp I/O Read Time":0.0,"Temp I/O Write Time":0.0,"Plans":[{"Node Type":"Seq Scan","Parent Relationship":"Outer","Parallel Aware":false,"Async Capable":false,"Relation Name":"region","Schema":"public","Alias":"region","Startup Cost":0.0,"Total Cost":1.06,"Plan Rows":1,"Plan Width":4,"Actual Startup Time":0.005,"Actual Total Time":0.006,"Actual Rows":1,"Actual Loops":1,"Output":["region.r_regionkey"],"Filter":"((region.r_name)::text = 'Europe'::text)","Rows Removed by Filter":4,"Shared Hit Blocks":1,"Shared Read Blocks":0,"Shared Dirtied Blocks":0,"Shared Written Blocks":0,"Local Hit Blocks":0,"Local Read Blocks":0,"Local Dirtied Blocks":0,"Local Written Blocks":0,"Temp Read Blocks":0,"Temp Written Blocks":0,"I/O Read Time":0.0,"I/O Write Time":0.0,"Temp I/O Read Time":0.0,"Temp I/O Write Time":0.0}]}]}]}]}]},{"Node Type":"Index Only Scan","Parent Relationship":"Inner","Parallel Aware":false,"Async Capable":false,"Scan Direction":"Forward","Index Name":"stock_pk","Relation Name":"stock","Schema":"public","Alias":"stock","Startup Cost":0.43,"Total Cost":259690.86,"Plan Rows":10000162,"Plan Width":6,"Actual Startup Time":0.045,"Actual Total Time":745.333,"Actual Rows":9999996,"Actual Loops":1,"Output":["stock.s_w_id","stock.s_i_id"],"Heap Fetches":0,"Shared Hit Blocks":27338,"Shared Read Blocks":0,"Shared Dirtied Blocks":0,"Shared Written Blocks":0,"Local Hit Blocks":0,"Local Read Blocks":0,"Local Dirtied Blocks":0,"Local Written Blocks":0,"Temp Read Blocks":0,"Temp Written Blocks":0,"I/O Read Time":0.0,"I/O Write Time":0.0,"Temp I/O Read Time":0.0,"Temp I/O Write Time":0.0}]},{"Node Type":"Hash","Parent Relationship":"Inner","Parallel Aware":false,"Async Capable":false,"Startup Cost":219.01,"Total Cost":219.01,"Plan Rows":10001,"Plan Width":8,"Actual Startup Time":3.161,"Actual Total Time":3.163,"Actual Rows":10000,"Actual Loops":1,"Output":["supplier.su_suppkey","supplier.su_nationkey"],"Hash Buckets":16384,"Original Hash Buckets":16384,"Hash Batches":1,"Original Hash Batches":1,"Peak Memory Usage":519,"Shared Hit Blocks":0,"Shared Read Blocks":0,"Shared Dirtied Blocks":0,"Shared Written Blocks":0,"Local Hit Blocks":0,"Local Read Blocks":0,"Local Dirtied Blocks":0,"Local Written Blocks":0,"Temp Read Blocks":0,"Temp Written Blocks":0,"I/O Read Time":0.0,"I/O Write Time":0.0,"Temp I/O Read Time":0.0,"Temp I/O Write Time":0.0,"Plans":[{"Node Type":"Append","Parent Relationship":"Outer","Parallel Aware":false,"Async Capable":false,"Startup Cost":20.0,"Total Cost":219.01,"Plan Rows":10001,"Plan Width":8,"Actual Startup Time":0.012,"Actual Total Time":1.783,"Actual Rows":10000,"Actual Loops":1,"Shared Hit Blocks":0,"Shared Read Blocks":0,"Shared Dirtied Blocks":0,"Shared Written Blocks":0,"Local Hit Blocks":0,"Local Read Blocks":0,"Local Dirtied Blocks":0,"Local Written Blocks":0,"Temp Read Blocks":0,"Temp Written Blocks":0,"I/O Read Time":0.0,"I/O Write Time":0.0,"Temp I/O Read Time":0.0,"Temp I/O Write Time":0.0,"Subplans Removed":0,"Plans":[{"Node Type":"Custom Scan","Parent Relationship":"Member","Custom Plan Provider":"columnar scan","Parallel Aware":false,"Async Capable":false,"Relation Name":"supplier","Schema":"public","Alias":"supplier","Startup Cost":20.0,"Total Cost":215.0,"Plan Rows":10000,"Plan Width":8,"Actual Startup Time":0.011,"Actual Total Time":1.081,"Actual Rows":10000,"Actual Loops":1,"Output":["supplier.su_suppkey","supplier.su_nationkey"],"Rows Removed by Columnar Filter":0,"Columnar cache search mode":"native","Shared Hit Blocks":0,"Shared Read Blocks":0,"Shared Dirtied Blocks":0,"Shared Written Blocks":0,"Local Hit Blocks":0,"Local Read Blocks":0,"Local Dirtied Blocks":0,"Local Written Blocks":0,"Temp Read Blocks":0,"Temp Written Blocks":0,"I/O Read Time":0.0,"I/O Write Time":0.0,"Temp I/O Read Time":0.0,"Temp I/O Write Time":0.0},{"Node Type":"Seq Scan","Parent Relationship":"Member","Parallel Aware":false,"Async Capable":false,"Relation Name":"supplier","Schema":"public","Alias":"supplier","Startup Cost":0.0,"Total Cost":4.01,"Plan Rows":1,"Plan Width":8,"Actual Startup Time":0.0,"Actual Total Time":0.0,"Actual Rows":0,"Actual Loops":0,"Output":["supplier.su_suppkey","supplier.su_nationkey"],"Shared Hit Blocks":0,"Shared Read Blocks":0,"Shared Dirtied Blocks":0,"Shared Written Blocks":0,"Local Hit Blocks":0,"Local Read Blocks":0,"Local Dirtied Blocks":0,"Local Written Blocks":0,"Temp Read Blocks":0,"Temp Written Blocks":0,"I/O Read Time":0.0,"I/O Write Time":0.0,"Temp I/O Read Time":0.0,"Temp I/O Write Time":0.0}]}]}]}]}]}]},"Planning":{"Shared Hit Blocks":16,"Shared Read Blocks":0,"Shared Dirtied Blocks":0,"Shared Written Blocks":0,"Local Hit Blocks":0,"Local Read Blocks":0,"Local Dirtied Blocks":0,"Local Written Blocks":0,"Temp Read Blocks":0,"Temp Written Blocks":0,"I/O Read Time":0.0,"I/O Write Time":0.0,"Temp I/O Read Time":0.0,"Temp I/O Write Time":0.0},"Planning Time":4.791,"Triggers":[],"Execution Time":16651.256}]
[列存组合]: customer, nation, stock, supplier
[{"Plan":{"Node Type":"Sort","Parallel Aware":false,"Async Capable":false,"Startup Cost":2011996.45,"Total Cost":2011996.61,"Plan Rows":62,"Plan Width":40,"Actual Startup Time":16626.014,"Actual Total Time":16626.043,"Actual Rows":11,"Actual Loops":1,"Output":["nation.n_name","(sum(order_line.ol_amount))"],"Sort Key":["(sum(order_line.ol_amount)) DESC"],"Sort Method":"quicksort","Sort Space Used":25,"Sort Space Type":"Memory","Shared Hit Blocks":390283,"Shared Read Blocks":0,"Shared Dirtied Blocks":0,"Shared Written Blocks":0,"Local Hit Blocks":0,"Local Read Blocks":0,"Local Dirtied Blocks":0,"Local Written Blocks":0,"Temp Read Blocks":129460,"Temp Written Blocks":129487,"I/O Read Time":0.0,"I/O Write Time":0.0,"Temp I/O Read Time":204.379,"Temp I/O Write Time":521.073,"Plans":[{"Node Type":"Aggregate","Strategy":"Sorted","Partial Mode":"Simple","Parent Relationship":"Outer","Parallel Aware":false,"Async Capable":false,"Startup Cost":2011920.67,"Total Cost":2011994.61,"Plan Rows":62,"Plan Width":40,"Actual Startup Time":16623.106,"Actual Total Time":16626.026,"Actual Rows":11,"Actual Loops":1,"Output":["nation.n_name","sum(order_line.ol_amount)"],"Group Key":["nation.n_name"],"Shared Hit Blocks":390283,"Shared Read Blocks":0,"Shared Dirtied Blocks":0,"Shared Written Blocks":0,"Local Hit Blocks":0,"Local Read Blocks":0,"Local Dirtied Blocks":0,"Local Written Blocks":0,"Temp Read Blocks":129460,"Temp Written Blocks":129487,"I/O Read Time":0.0,"I/O Write Time":0.0,"Temp I/O Read Time":204.379,"Temp I/O Write Time":521.073,"Plans":[{"Node Type":"Sort","Parent Relationship":"Outer","Parallel Aware":false,"Async Capable":false,"Startup Cost":2011920.67,"Total Cost":2011945.06,"Plan Rows":9755,"Plan Width":12,"Actual Startup Time":16622.888,"Actual Total Time":16623.677,"Actual Rows":17493,"Actual Loops":1,"Output":["nation.n_name","order_line.ol_amount"],"Sort Key":["nation.n_name"],"Sort Method":"quicksort","Sort Space Used":1725,"Sort Space Type":"Memory","Shared Hit Blocks":390283,"Shared Read Blocks":0,"Shared Dirtied Blocks":0,"Shared Written Blocks":0,"Local Hit Blocks":0,"Local Read Blocks":0,"Local Dirtied Blocks":0,"Local Written Blocks":0,"Temp Read Blocks":129460,"Temp Written Blocks":129487,"I/O Read Time":0.0,"I/O Write Time":0.0,"Temp I/O Read Time":204.379,"Temp I/O Write Time":521.073,"Plans":[{"Node Type":"Hash Join","Parent Relationship":"Outer","Parallel Aware":false,"Async Capable":false,"Join Type":"Inner","Startup Cost":1687777.4,"Total Cost":2011274.31,"Plan Rows":9755,"Plan Width":12,"Actual Startup Time":14735.568,"Actual Total Time":16614.02,"Actual Rows":17493,"Actual Loops":1,"Output":["nation.n_name","order_line.ol_amount"],"Inner Unique":true,"Hash Cond":"((mod((stock.s_w_id * stock.s_i_id), 10000) = supplier.su_suppkey) AND (customer.c_nationkey = supplier.su_nationkey))","Shared Hit Blocks":390283,"Shared Read Blocks":0,"Shared Dirtied Blocks":0,"Shared Written Blocks":0,"Local Hit Blocks":0,"Local Read Blocks":0,"Local Dirtied Blocks":0,"Local Written Blocks":0,"Temp Read Blocks":129460,"Temp Written Blocks":129487,"I/O Read Time":0.0,"I/O Write Time":0.0,"Temp I/O Read Time":204.379,"Temp I/O Write Time":521.073,"Plans":[{"Node Type":"Merge Join","Parent Relationship":"Outer","Parallel Aware":false,"Async Capable":false,"Join Type":"Inner","Startup Cost":1687408.37,"Total Cost":2007590.15,"Plan Rows":602749,"Plan Width":26,"Actual Startup Time":14732.022,"Actual Total Time":16472.479,"Actual Rows":1109507,"Actual Loops":1,"Output":["customer.c_nationkey","order_line.ol_amount","stock.s_w_id","stock.s_i_id","nation.n_name","nation.n_nationkey"],"Inner Unique":true,"Merge Cond":"((customer.c_w_id = stock.s_w_id) AND (order_line.ol_i_id = stock.s_i_id))","Shared Hit Blocks":390283,"Shared Read Blocks":0,"Shared Dirtied Blocks":0,"Shared Written Blocks":0,"Local Hit Blocks":0,"Local Read Blocks":0,"Local Dirtied Blocks":0,"Local Written Blocks":0,"Temp Read Blocks":129460,"Temp Written Blocks":129487,"I/O Read Time":0.0,"I/O Write Time":0.0,"Temp I/O Read Time":204.379,"Temp I/O Write Time":521.073,"Plans":[{"Node Type":"Sort","Parent Relationship":"Outer","Parallel Aware":false,"Async Capable":false,"Startup Cost":1687407.93,"Total Cost":1688895.62,"Plan Rows":595073,"Plan Width":30,"Actual Startup Time":14731.956,"Actual Total Time":14910.59,"Actual Rows":1109507,"Actual Loops":1,"Output":["customer.c_w_id","customer.c_nationkey","orders.o_w_id","order_line.ol_amount","order_line.ol_w_id","order_line.ol_i_id","nation.n_name","nation.n_nationkey"],"Sort Key":["customer.c_w_id","order_line.ol_i_id"],"Sort Method":"external merge","Sort Space Used":47304,"Sort Space Type":"Disk","Shared Hit Blocks":362945,"Shared Read Blocks":0,"Shared Dirtied Blocks":0,"Shared Written Blocks":0,"Local Hit Blocks":0,"Local Read Blocks":0,"Local Dirtied Blocks":0,"Local Written Blocks":0,"Temp Read Blocks":129460,"Temp Written Blocks":129487,"I/O Read Time":0.0,"I/O Write Time":0.0,"Temp I/O Read Time":204.379,"Temp I/O Write Time":521.073,"Plans":[{"Node Type":"Hash Join","Parent Relationship":"Outer","Parallel Aware":false,"Async Capable":false,"Join Type":"Inner","Startup Cost":398264.32,"Total Cost":1616094.38,"Plan Rows":595073,"Plan Width":30,"Actual Startup Time":1539.974,"Actual Total Time":13345.276,"Actual Rows":1109507,"Actual Loops":1,"Output":["customer.c_w_id","customer.c_nationkey","orders.o_w_id","order_line.ol_amount","order_line.ol_w_id","order_line.ol_i_id","nation.n_name","nation.n_nationkey"],"Inner Unique":false,"Hash Cond":"(customer.c_nationkey = nation.n_nationkey)","Shared Hit Blocks":362945,"Shared Read Blocks":0,"Shared Dirtied Blocks":0,"Shared Written Blocks":0,"Local Hit Blocks":0,"Local Read Blocks":0,"Local Dirtied Blocks":0,"Local Written Blocks":0,"Temp Read Blocks":117643,"Temp Written Blocks":117643,"I/O Read Time":0.0,"I/O Write Time":0.0,"Temp I/O Read Time":186.349,"Temp I/O Write Time":489.807,"Plans":[{"Node Type":"Hash Join","Parent Relationship":"Outer","Parallel Aware":false,"Async Capable":false,"Join Type":"Inner","Startup Cost":398261.18,"Total Cost":1599174.84,"Plan Rows":2975367,"Plan Width":18,"Actual Startup Time":1530.295,"Actual Total Time":12915.135,"Actual Rows":4284922,"Actual Loops":1,"Output":["customer.c_w_id","customer.c_nationkey","orders.o_w_id","order_line.ol_amount","order_line.ol_w_id","order_line.ol_i_id"],"Inner Unique":true,"Hash Cond":"((orders.o_c_id = customer.c_id) AND (orders.o_w_id = customer.c_w_id) AND (orders.o_d_id = customer.c_d_id))","Shared Hit Blocks":362943,"Shared Read Blocks":0,"Shared Dirtied Blocks":0,"Shared Written Blocks":0,"Local Hit Blocks":0,"Local Read Blocks":0,"Local Dirtied Blocks":0,"Local Written Blocks":0,"Temp Read Blocks":117643,"Temp Written Blocks":117643,"I/O Read Time":0.0,"I/O Write Time":0.0,"Temp I/O Read Time":186.349,"Temp I/O Write Time":489.807,"Plans":[{"Node Type":"Hash Join","Parent Relationship":"Outer","Parallel Aware":false,"Async Capable":false,"Join Type":"Inner","Startup Cost":76606.59,"Total Cost":1204573.22,"Plan Rows":2975367,"Plan Width":20,"Actual Startup Time":360.754,"Actual Total Time":9614.027,"Actual Rows":4284922,"Actual Loops":1,"Output":["orders.o_c_id","orders.o_w_id","orders.o_d_id","order_line.ol_amount","order_line.ol_w_id","order_line.ol_d_id","order_line.ol_i_id"],"Inner Unique":true,"Hash Cond":"((order_line.ol_w_id = orders.o_w_id) AND (order_line.ol_d_id = orders.o_d_id) AND (order_line.ol_o_id = orders.o_id))","Shared Hit Blocks":362943,"Shared Read Blocks":0,"Shared Dirtied Blocks":0,"Shared Written Blocks":0,"Local Hit Blocks":0,"Local Read Blocks":0,"Local Dirtied Blocks":0,"Local Written Blocks":0,"Temp Read Blocks":85996,"Temp Written Blocks":85996,"I/O Read Time":0.0,"I/O Write Time":0.0,"Temp I/O Read Time":135.861,"Temp I/O Write Time":346.508,"Plans":[{"Node Type":"Seq Scan","Parent Relationship":"Outer","Parallel Aware":false,"Async Capable":false,"Relation Name":"order_line","Schema":"public","Alias":"order_line","Startup Cost":0.0,"Total Cost":715856.4,"Plan Rows":20926367,"Plan Width":20,"Actual Startup Time":0.007,"Actual Total Time":3670.522,"Actual Rows":21002151,"Actual Loops":1,"Output":["order_line.ol_amount","order_line.ol_o_id","order_line.ol_w_id","order_line.ol_d_id","order_line.ol_i_id"],"Filter":"(order_line.ol_delivery_d >= '1992-01-02 20:10:02.27764'::timestamp without time zone)","Rows Removed by Filter":8995581,"Shared Hit Blocks":340884,"Shared Read Blocks":0,"Shared Dirtied Blocks":0,"Shared Written Blocks":0,"Local Hit Blocks":0,"Local Read Blocks":0,"Local Dirtied Blocks":0,"Local Written Blocks":0,"Temp Read Blocks":0,"Temp Written Blocks":0,"I/O Read Time":0.0,"I/O Write Time":0.0,"Temp I/O Read Time":0.0,"Temp I/O Write Time":0.0},{"Node Type":"Hash","Parent Relationship":"Inner","Parallel Aware":false,"Async Capable":false,"Startup Cost":67059.0,"Total Cost":67059.0,"Plan Rows":426548,"Plan Width":16,"Actual Startup Time":293.51,"Actual Total Time":293.514,"Actual Rows":428399,"Actual Loops":1,"Output":["orders.o_c_id","orders.o_w_id","orders.o_d_id","orders.o_id"],"Hash Buckets":262144,"Original Hash Buckets":262144,"Hash Batches":4,"Original Hash Batches":4,"Peak Memory Usage":7080,"Shared Hit Blocks":22059,"Shared Read Blocks":0,"Shared Dirtied Blocks":0,"Shared Written Blocks":0,"Local Hit Blocks":0,"Local Read Blocks":0,"Local Dirtied Blocks":0,"Local Written Blocks":0,"Temp Read Blocks":0,"Temp Written Blocks":1410,"I/O Read Time":0.0,"I/O Write Time":0.0,"Temp I/O Read Time":0.0,"Temp I/O Write Time":6.131,"Plans":[{"Node Type":"Seq Scan","Parent Relationship":"Outer","Parallel Aware":false,"Async Capable":false,"Relation Name":"orders","Schema":"public","Alias":"orders","Startup Cost":0.0,"Total Cost":67059.0,"Plan Rows":426548,"Plan Width":16,"Actual Startup Time":0.766,"Actual Total Time":218.782,"Actual Rows":428399,"Actual Loops":1,"Output":["orders.o_c_id","orders.o_w_id","orders.o_d_id","orders.o_id"],"Filter":"((orders.o_entry_d >= '1993-01-02 20:10:02.27764'::timestamp without time zone) AND (orders.o_entry_d < '1994-01-02 20:10:02.27764'::timestamp without time zone))","Rows Removed by Filter":2571601,"Shared Hit Blocks":22059,"Shared Read Blocks":0,"Shared Dirtied Blocks":0,"Shared Written Blocks":0,"Local Hit Blocks":0,"Local Read Blocks":0,"Local Dirtied Blocks":0,"Local Written Blocks":0,"Temp Read Blocks":0,"Temp Written Blocks":0,"I/O Read Time":0.0,"I/O Write Time":0.0,"Temp I/O Read Time":0.0,"Temp I/O Write Time":0.0}]}]},{"Node Type":"Hash","Parent Relationship":"Inner","Parallel Aware":false,"Async Capable":false,"Startup Cost":254511.16,"Total Cost":254511.16,"Plan Rows":2999739,"Plan Width":12,"Actual Startup Time":1167.21,"Actual Total Time":1167.218,"Actual Rows":3000000,"Actual Loops":1,"Output":["customer.c_id","customer.c_w_id","customer.c_d_id","customer.c_nationkey"],"Hash Buckets":262144,"Original Hash Buckets":262144,"Hash Batches":32,"Original Hash Batches":32,"Peak Memory Usage":6090,"Shared Hit Blocks":0,"Shared Read Blocks":0,"Shared Dirtied Blocks":0,"Shared Written Blocks":0,"Local Hit Blocks":0,"Local Read Blocks":0,"Local Dirtied Blocks":0,"Local Written Blocks":0,"Temp Read Blocks":0,"Temp Written Blocks":11335,"I/O Read Time":0.0,"I/O Write Time":0.0,"Temp I/O Read Time":0.0,"Temp I/O Write Time":48.053,"Plans":[{"Node Type":"Append","Parent Relationship":"Outer","Parallel Aware":false,"Async Capable":false,"Startup Cost":20.0,"Total Cost":254511.16,"Plan Rows":2999739,"Plan Width":12,"Actual Startup Time":0.03,"Actual Total Time":664.514,"Actual Rows":3000000,"Actual Loops":1,"Shared Hit Blocks":0,"Shared Read Blocks":0,"Shared Dirtied Blocks":0,"Shared Written Blocks":0,"Local Hit Blocks":0,"Local Read Blocks":0,"Local Dirtied Blocks":0,"Local Written Blocks":0,"Temp Read Blocks":0,"Temp Written Blocks":0,"I/O Read Time":0.0,"I/O Write Time":0.0,"Temp I/O Read Time":0.0,"Temp I/O Write Time":0.0,"Subplans Removed":0,"Plans":[{"Node Type":"Custom Scan","Parent Relationship":"Member","Custom Plan Provider":"columnar scan","Parallel Aware":false,"Async Capable":false,"Relation Name":"customer","Schema":"public","Alias":"customer","Startup Cost":20.0,"Total Cost":70513.87,"Plan Rows":2999738,"Plan Width":12,"Actual Startup Time":0.028,"Actual Total Time":454.097,"Actual Rows":3000000,"Actual Loops":1,"Output":["customer.c_id","customer.c_w_id","customer.c_d_id","customer.c_nationkey"],"Rows Removed by Columnar Filter":0,"Columnar cache search mode":"native","Shared Hit Blocks":0,"Shared Read Blocks":0,"Shared Dirtied Blocks":0,"Shared Written Blocks":0,"Local Hit Blocks":0,"Local Read Blocks":0,"Local Dirtied Blocks":0,"Local Written Blocks":0,"Temp Read Blocks":0,"Temp Written Blocks":0,"I/O Read Time":0.0,"I/O Write Time":0.0,"Temp I/O Read Time":0.0,"Temp I/O Write Time":0.0},{"Node Type":"Seq Scan","Parent Relationship":"Member","Parallel Aware":false,"Async Capable":false,"Relation Name":"customer","Schema":"public","Alias":"customer","Startup Cost":0.0,"Total Cost":4.01,"Plan Rows":1,"Plan Width":12,"Actual Startup Time":0.0,"Actual Total Time":0.0,"Actual Rows":0,"Actual Loops":0,"Output":["customer.c_id","customer.c_w_id","customer.c_d_id","customer.c_nationkey"],"Shared Hit Blocks":0,"Shared Read Blocks":0,"Shared Dirtied Blocks":0,"Shared Written Blocks":0,"Local Hit Blocks":0,"Local Read Blocks":0,"Local Dirtied Blocks":0,"Local Written Blocks":0,"Temp Read Blocks":0,"Temp Written Blocks":0,"I/O Read Time":0.0,"I/O Write Time":0.0,"Temp I/O Read Time":0.0,"Temp I/O Write Time":0.0}]}]}]},{"Node Type":"Hash","Parent Relationship":"Inner","Parallel Aware":false,"Async Capable":false,"Startup Cost":2.99,"Total Cost":2.99,"Plan Rows":12,"Plan Width":12,"Actual Startup Time":0.041,"Actual Total Time":0.045,"Actual Rows":22,"Actual Loops":1,"Output":["nation.n_name","nation.n_nationkey"],"Hash Buckets":1024,"Original Hash Buckets":1024,"Hash Batches":1,"Original Hash Batches":1,"Peak Memory Usage":9,"Shared Hit Blocks":2,"Shared Read Blocks":0,"Shared Dirtied Blocks":0,"Shared Written Blocks":0,"Local Hit Blocks":0,"Local Read Blocks":0,"Local Dirtied Blocks":0,"Local Written Blocks":0,"Temp Read Blocks":0,"Temp Written Blocks":0,"I/O Read Time":0.0,"I/O Write Time":0.0,"Temp I/O Read Time":0.0,"Temp I/O Write Time":0.0,"Plans":[{"Node Type":"Hash Join","Parent Relationship":"Outer","Parallel Aware":false,"Async Capable":false,"Join Type":"Inner","Startup Cost":1.07,"Total Cost":2.99,"Plan Rows":12,"Plan Width":12,"Actual Startup Time":0.024,"Actual Total Time":0.038,"Actual Rows":22,"Actual Loops":1,"Output":["nation.n_name","nation.n_nationkey"],"Inner Unique":true,"Hash Cond":"(nation.n_regionkey = region.r_regionkey)","Shared Hit Blocks":2,"Shared Read Blocks":0,"Shared Dirtied Blocks":0,"Shared Written Blocks":0,"Local Hit Blocks":0,"Local Read Blocks":0,"Local Dirtied Blocks":0,"Local Written Blocks":0,"Temp Read Blocks":0,"Temp Written Blocks":0,"I/O Read Time":0.0,"I/O Write Time":0.0,"Temp I/O Read Time":0.0,"Temp I/O Write Time":0.0,"Plans":[{"Node Type":"Seq Scan","Parent Relationship":"Outer","Parallel Aware":false,"Async Capable":false,"Relation Name":"nation","Schema":"public","Alias":"nation","Startup Cost":0.0,"Total Cost":1.62,"Plan Rows":62,"Plan Width":16,"Actual Startup Time":0.007,"Actual Total Time":0.011,"Actual Rows":62,"Actual Loops":1,"Output":["nation.n_nationkey","nation.n_name","nation.n_regionkey","nation.n_comment"],"Shared Hit Blocks":1,"Shared Read Blocks":0,"Shared Dirtied Blocks":0,"Shared Written Blocks":0,"Local Hit Blocks":0,"Local Read Blocks":0,"Local Dirtied Blocks":0,"Local Written Blocks":0,"Temp Read Blocks":0,"Temp Written Blocks":0,"I/O Read Time":0.0,"I/O Write Time":0.0,"Temp I/O Read Time":0.0,"Temp I/O Write Time":0.0},{"Node Type":"Hash","Parent Relationship":"Inner","Parallel Aware":false,"Async Capable":false,"Startup Cost":1.06,"Total Cost":1.06,"Plan Rows":1,"Plan Width":4,"Actual Startup Time":0.008,"Actual Total Time":0.008,"Actual Rows":1,"Actual Loops":1,"Output":["region.r_regionkey"],"Hash Buckets":1024,"Original Hash Buckets":1024,"Hash Batches":1,"Original Hash Batches":1,"Peak Memory Usage":9,"Shared Hit Blocks":1,"Shared Read Blocks":0,"Shared Dirtied Blocks":0,"Shared Written Blocks":0,"Local Hit Blocks":0,"Local Read Blocks":0,"Local Dirtied Blocks":0,"Local Written Blocks":0,"Temp Read Blocks":0,"Temp Written Blocks":0,"I/O Read Time":0.0,"I/O Write Time":0.0,"Temp I/O Read Time":0.0,"Temp I/O Write Time":0.0,"Plans":[{"Node Type":"Seq Scan","Parent Relationship":"Outer","Parallel Aware":false,"Async Capable":false,"Relation Name":"region","Schema":"public","Alias":"region","Startup Cost":0.0,"Total Cost":1.06,"Plan Rows":1,"Plan Width":4,"Actual Startup Time":0.006,"Actual Total Time":0.006,"Actual Rows":1,"Actual Loops":1,"Output":["region.r_regionkey"],"Filter":"((region.r_name)::text = 'Europe'::text)","Rows Removed by Filter":4,"Shared Hit Blocks":1,"Shared Read Blocks":0,"Shared Dirtied Blocks":0,"Shared Written Blocks":0,"Local Hit Blocks":0,"Local Read Blocks":0,"Local Dirtied Blocks":0,"Local Written Blocks":0,"Temp Read Blocks":0,"Temp Written Blocks":0,"I/O Read Time":0.0,"I/O Write Time":0.0,"Temp I/O Read Time":0.0,"Temp I/O Write Time":0.0}]}]}]}]}]},{"Node Type":"Index Only Scan","Parent Relationship":"Inner","Parallel Aware":false,"Async Capable":false,"Scan Direction":"Forward","Index Name":"stock_pk","Relation Name":"stock","Schema":"public","Alias":"stock","Startup Cost":0.43,"Total Cost":259690.86,"Plan Rows":10000162,"Plan Width":6,"Actual Startup Time":0.054,"Actual Total Time":750.124,"Actual Rows":9999996,"Actual Loops":1,"Output":["stock.s_w_id","stock.s_i_id"],"Heap Fetches":0,"Shared Hit Blocks":27338,"Shared Read Blocks":0,"Shared Dirtied Blocks":0,"Shared Written Blocks":0,"Local Hit Blocks":0,"Local Read Blocks":0,"Local Dirtied Blocks":0,"Local Written Blocks":0,"Temp Read Blocks":0,"Temp Written Blocks":0,"I/O Read Time":0.0,"I/O Write Time":0.0,"Temp I/O Read Time":0.0,"Temp I/O Write Time":0.0}]},{"Node Type":"Hash","Parent Relationship":"Inner","Parallel Aware":false,"Async Capable":false,"Startup Cost":219.01,"Total Cost":219.01,"Plan Rows":10001,"Plan Width":8,"Actual Startup Time":3.117,"Actual Total Time":3.119,"Actual Rows":10000,"Actual Loops":1,"Output":["supplier.su_suppkey","supplier.su_nationkey"],"Hash Buckets":16384,"Original Hash Buckets":16384,"Hash Batches":1,"Original Hash Batches":1,"Peak Memory Usage":519,"Shared Hit Blocks":0,"Shared Read Blocks":0,"Shared Dirtied Blocks":0,"Shared Written Blocks":0,"Local Hit Blocks":0,"Local Read Blocks":0,"Local Dirtied Blocks":0,"Local Written Blocks":0,"Temp Read Blocks":0,"Temp Written Blocks":0,"I/O Read Time":0.0,"I/O Write Time":0.0,"Temp I/O Read Time":0.0,"Temp I/O Write Time":0.0,"Plans":[{"Node Type":"Append","Parent Relationship":"Outer","Parallel Aware":false,"Async Capable":false,"Startup Cost":20.0,"Total Cost":219.01,"Plan Rows":10001,"Plan Width":8,"Actual Startup Time":0.013,"Actual Total Time":1.779,"Actual Rows":10000,"Actual Loops":1,"Shared Hit Blocks":0,"Shared Read Blocks":0,"Shared Dirtied Blocks":0,"Shared Written Blocks":0,"Local Hit Blocks":0,"Local Read Blocks":0,"Local Dirtied Blocks":0,"Local Written Blocks":0,"Temp Read Blocks":0,"Temp Written Blocks":0,"I/O Read Time":0.0,"I/O Write Time":0.0,"Temp I/O Read Time":0.0,"Temp I/O Write Time":0.0,"Subplans Removed":0,"Plans":[{"Node Type":"Custom Scan","Parent Relationship":"Member","Custom Plan Provider":"columnar scan","Parallel Aware":false,"Async Capable":false,"Relation Name":"supplier","Schema":"public","Alias":"supplier","Startup Cost":20.0,"Total Cost":215.0,"Plan Rows":10000,"Plan Width":8,"Actual Startup Time":0.011,"Actual Total Time":1.072,"Actual Rows":10000,"Actual Loops":1,"Output":["supplier.su_suppkey","supplier.su_nationkey"],"Rows Removed by Columnar Filter":0,"Columnar cache search mode":"native","Shared Hit Blocks":0,"Shared Read Blocks":0,"Shared Dirtied Blocks":0,"Shared Written Blocks":0,"Local Hit Blocks":0,"Local Read Blocks":0,"Local Dirtied Blocks":0,"Local Written Blocks":0,"Temp Read Blocks":0,"Temp Written Blocks":0,"I/O Read Time":0.0,"I/O Write Time":0.0,"Temp I/O Read Time":0.0,"Temp I/O Write Time":0.0},{"Node Type":"Seq Scan","Parent Relationship":"Member","Parallel Aware":false,"Async Capable":false,"Relation Name":"supplier","Schema":"public","Alias":"supplier","Startup Cost":0.0,"Total Cost":4.01,"Plan Rows":1,"Plan Width":8,"Actual Startup Time":0.0,"Actual Total Time":0.0,"Actual Rows":0,"Actual Loops":0,"Output":["supplier.su_suppkey","supplier.su_nationkey"],"Shared Hit Blocks":0,"Shared Read Blocks":0,"Shared Dirtied Blocks":0,"Shared Written Blocks":0,"Local Hit Blocks":0,"Local Read Blocks":0,"Local Dirtied Blocks":0,"Local Written Blocks":0,"Temp Read Blocks":0,"Temp Written Blocks":0,"I/O Read Time":0.0,"I/O Write Time":0.0,"Temp I/O Read Time":0.0,"Temp I/O Write Time":0.0}]}]}]}]}]}]},"Planning":{"Shared Hit Blocks":16,"Shared Read Blocks":0,"Shared Dirtied Blocks":0,"Shared Written Blocks":0,"Local Hit Blocks":0,"Local Read Blocks":0,"Local Dirtied Blocks":0,"Local Written Blocks":0,"Temp Read Blocks":0,"Temp Written Blocks":0,"I/O Read Time":0.0,"I/O Write Time":0.0,"Temp I/O Read Time":0.0,"Temp I/O Write Time":0.0},"Planning Time":5.119,"Triggers":[],"Execution Time":16634.029}]
[列存组合]: customer, order_line, orders, region
[{"Plan":{"Node Type":"Sort","Parallel Aware":false,"Async Capable":false,"Startup Cost":1996743.16,"Total Cost":1996743.32,"Plan Rows":62,"Plan Width":40,"Actual Startup Time":10203.718,"Actual Total Time":10203.746,"Actual Rows":11,"Actual Loops":1,"Output":["nation.n_name","(sum(order_line.ol_amount))"],"Sort Key":["(sum(order_line.ol_amount)) DESC"],"Sort Method":"quicksort","Sort Space Used":25,"Sort Space Type":"Memory","Shared Hit Blocks":27557,"Shared Read Blocks":0,"Shared Dirtied Blocks":0,"Shared Written Blocks":0,"Local Hit Blocks":0,"Local Read Blocks":0,"Local Dirtied Blocks":0,"Local Written Blocks":0,"Temp Read Blocks":62236,"Temp Written Blocks":62263,"I/O Read Time":0.0,"I/O Write Time":0.0,"Temp I/O Read Time":101.373,"Temp I/O Write Time":248.799,"Plans":[{"Node Type":"Aggregate","Strategy":"Sorted","Partial Mode":"Simple","Parent Relationship":"Outer","Parallel Aware":false,"Async Capable":false,"Startup Cost":1996667.38,"Total Cost":1996741.32,"Plan Rows":62,"Plan Width":40,"Actual Startup Time":10200.904,"Actual Total Time":10203.73,"Actual Rows":11,"Actual Loops":1,"Output":["nation.n_name","sum(order_line.ol_amount)"],"Group Key":["nation.n_name"],"Shared Hit Blocks":27557,"Shared Read Blocks":0,"Shared Dirtied Blocks":0,"Shared Written Blocks":0,"Local Hit Blocks":0,"Local Read Blocks":0,"Local Dirtied Blocks":0,"Local Written Blocks":0,"Temp Read Blocks":62236,"Temp Written Blocks":62263,"I/O Read Time":0.0,"I/O Write Time":0.0,"Temp I/O Read Time":101.373,"Temp I/O Write Time":248.799,"Plans":[{"Node Type":"Sort","Parent Relationship":"Outer","Parallel Aware":false,"Async Capable":false,"Startup Cost":1996667.38,"Total Cost":1996691.77,"Plan Rows":9755,"Plan Width":12,"Actual Startup Time":10200.693,"Actual Total Time":10201.466,"Actual Rows":17493,"Actual Loops":1,"Output":["nation.n_name","order_line.ol_amount"],"Sort Key":["nation.n_name"],"Sort Method":"quicksort","Sort Space Used":1725,"Sort Space Type":"Memory","Shared Hit Blocks":27557,"Shared Read Blocks":0,"Shared Dirtied Blocks":0,"Shared Written Blocks":0,"Local Hit Blocks":0,"Local Read Blocks":0,"Local Dirtied Blocks":0,"Local Written Blocks":0,"Temp Read Blocks":62236,"Temp Written Blocks":62263,"I/O Read Time":0.0,"I/O Write Time":0.0,"Temp I/O Read Time":101.373,"Temp I/O Write Time":248.799,"Plans":[{"Node Type":"Hash Join","Parent Relationship":"Outer","Parallel Aware":false,"Async Capable":false,"Join Type":"Inner","Startup Cost":1672524.1,"Total Cost":1996021.02,"Plan Rows":9755,"Plan Width":12,"Actual Startup Time":8355.247,"Actual Total Time":10191.729,"Actual Rows":17493,"Actual Loops":1,"Output":["nation.n_name","order_line.ol_amount"],"Inner Unique":true,"Hash Cond":"((mod((stock.s_w_id * stock.s_i_id), 10000) = supplier.su_suppkey) AND (customer.c_nationkey = supplier.su_nationkey))","Shared Hit Blocks":27557,"Shared Read Blocks":0,"Shared Dirtied Blocks":0,"Shared Written Blocks":0,"Local Hit Blocks":0,"Local Read Blocks":0,"Local Dirtied Blocks":0,"Local Written Blocks":0,"Temp Read Blocks":62236,"Temp Written Blocks":62263,"I/O Read Time":0.0,"I/O Write Time":0.0,"Temp I/O Read Time":101.373,"Temp I/O Write Time":248.799,"Plans":[{"Node Type":"Merge Join","Parent Relationship":"Outer","Parallel Aware":false,"Async Capable":false,"Join Type":"Inner","Startup Cost":1672057.1,"Total Cost":1992238.88,"Plan Rows":602749,"Plan Width":26,"Actual Startup Time":8352.153,"Actual Total Time":10048.401,"Actual Rows":1109507,"Actual Loops":1,"Output":["customer.c_nationkey","order_line.ol_amount","stock.s_w_id","stock.s_i_id","nation.n_name","nation.n_nationkey"],"Inner Unique":true,"Merge Cond":"((customer.c_w_id = stock.s_w_id) AND (order_line.ol_i_id = stock.s_i_id))","Shared Hit Blocks":27340,"Shared Read Blocks":0,"Shared Dirtied Blocks":0,"Shared Written Blocks":0,"Local Hit Blocks":0,"Local Read Blocks":0,"Local Dirtied Blocks":0,"Local Written Blocks":0,"Temp Read Blocks":62236,"Temp Written Blocks":62263,"I/O Read Time":0.0,"I/O Write Time":0.0,"Temp I/O Read Time":101.373,"Temp I/O Write Time":248.799,"Plans":[{"Node Type":"Sort","Parent Relationship":"Outer","Parallel Aware":false,"Async Capable":false,"Startup Cost":1672056.67,"Total Cost":1673544.35,"Plan Rows":595073,"Plan Width":30,"Actual Startup Time":8352.091,"Actual Total Time":8533.257,"Actual Rows":1109507,"Actual Loops":1,"Output":["customer.c_w_id","customer.c_nationkey","orders.o_w_id","order_line.ol_amount","order_line.ol_w_id","order_line.ol_i_id","nation.n_name","nation.n_nationkey"],"Sort Key":["customer.c_w_id","order_line.ol_i_id"],"Sort Method":"external merge","Sort Space Used":47304,"Sort Space Type":"Disk","Shared Hit Blocks":2,"Shared Read Blocks":0,"Shared Dirtied Blocks":0,"Shared Written Blocks":0,"Local Hit Blocks":0,"Local Read Blocks":0,"Local Dirtied Blocks":0,"Local Written Blocks":0,"Temp Read Blocks":62236,"Temp Written Blocks":62263,"I/O Read Time":0.0,"I/O Write Time":0.0,"Temp I/O Read Time":101.373,"Temp I/O Write Time":248.799,"Plans":[{"Node Type":"Hash Join","Parent Relationship":"Outer","Parallel Aware":false,"Async Capable":false,"Join Type":"Inner","Startup Cost":396969.46,"Total Cost":1600743.11,"Plan Rows":595073,"Plan Width":30,"Actual Startup Time":1384.019,"Actual Total Time":6960.148,"Actual Rows":1109507,"Actual Loops":1,"Output":["customer.c_w_id","customer.c_nationkey","orders.o_w_id","order_line.ol_amount","order_line.ol_w_id","order_line.ol_i_id","nation.n_name","nation.n_nationkey"],"Inner Unique":false,"Hash Cond":"(customer.c_nationkey = nation.n_nationkey)","Shared Hit Blocks":2,"Shared Read Blocks":0,"Shared Dirtied Blocks":0,"Shared Written Blocks":0,"Local Hit Blocks":0,"Local Read Blocks":0,"Local Dirtied Blocks":0,"Local Written Blocks":0,"Temp Read Blocks":50419,"Temp Written Blocks":50419,"I/O Read Time":0.0,"I/O Write Time":0.0,"Temp I/O Read Time":83.142,"Temp I/O Write Time":217.157,"Plans":[{"Node Type":"Hash Join","Parent Relationship":"Outer","Parallel Aware":false,"Async Capable":false,"Join Type":"Inner","Startup Cost":396966.31,"Total Cost":1583823.58,"Plan Rows":2975367,"Plan Width":18,"Actual Startup Time":1376.856,"Actual Total Time":6542.879,"Actual Rows":4284922,"Actual Loops":1,"Output":["customer.c_w_id","customer.c_nationkey","orders.o_w_id","order_line.ol_amount","order_line.ol_w_id","order_line.ol_i_id"],"Inner Unique":true,"Hash Cond":"((orders.o_c_id = customer.c_id) AND (orders.o_w_id = customer.c_w_id) AND (orders.o_d_id = customer.c_d_id))","Shared Hit Blocks":0,"Shared Read Blocks":0,"Shared Dirtied Blocks":0,"Shared Written Blocks":0,"Local Hit Blocks":0,"Local Read Blocks":0,"Local Dirtied Blocks":0,"Local Written Blocks":0,"Temp Read Blocks":50419,"Temp Written Blocks":50419,"I/O Read Time":0.0,"I/O Write Time":0.0,"Temp I/O Read Time":83.142,"Temp I/O Write Time":217.157,"Plans":[{"Node Type":"Hash Join","Parent Relationship":"Outer","Parallel Aware":false,"Async Capable":false,"Join Type":"Inner","Startup Cost":75311.73,"Total Cost":1189221.96,"Plan Rows":2975367,"Plan Width":20,"Actual Startup Time":214.506,"Actual Total Time":3253.241,"Actual Rows":4284922,"Actual Loops":1,"Output":["orders.o_c_id","orders.o_w_id","orders.o_d_id","order_line.ol_amount","order_line.ol_w_id","order_line.ol_d_id","order_line.ol_i_id"],"Inner Unique":true,"Hash Cond":"((order_line.ol_w_id = orders.o_w_id) AND (order_line.ol_d_id = orders.o_d_id) AND (order_line.ol_o_id = orders.o_id))","Shared Hit Blocks":0,"Shared Read Blocks":0,"Shared Dirtied Blocks":0,"Shared Written Blocks":0,"Local Hit Blocks":0,"Local Read Blocks":0,"Local Dirtied Blocks":0,"Local Written Blocks":0,"Temp Read Blocks":18772,"Temp Written Blocks":18772,"I/O Read Time":0.0,"I/O Write Time":0.0,"Temp I/O Read Time":31.489,"Temp I/O Write Time":76.301,"Plans":[{"Node Type":"Append","Parent Relationship":"Outer","Parallel Aware":false,"Async Capable":false,"Startup Cost":20.0,"Total Cost":701820.0,"Plan Rows":20926367,"Plan Width":20,"Actual Startup Time":1.358,"Actual Total Time":1310.831,"Actual Rows":4311079,"Actual Loops":1,"Shared Hit Blocks":0,"Shared Read Blocks":0,"Shared Dirtied Blocks":0,"Shared Written Blocks":0,"Local Hit Blocks":0,"Local Read Blocks":0,"Local Dirtied Blocks":0,"Local Written Blocks":0,"Temp Read Blocks":0,"Temp Written Blocks":0,"I/O Read Time":0.0,"I/O Write Time":0.0,"Temp I/O Read Time":0.0,"Temp I/O Write Time":0.0,"Subplans Removed":0,"Plans":[{"Node Type":"Custom Scan","Parent Relationship":"Member","Custom Plan Provider":"columnar scan","Parallel Aware":false,"Async Capable":false,"Relation Name":"order_line","Schema":"public","Alias":"order_line","Startup Cost":20.0,"Total Cost":533641.75,"Plan Rows":20926325,"Plan Width":20,"Actual Startup Time":1.358,"Actual Total Time":997.378,"Actual Rows":4311079,"Actual Loops":1,"Output":["order_line.ol_amount","order_line.ol_o_id","order_line.ol_w_id","order_line.ol_d_id","order_line.ol_i_id"],"Filter":"(order_line.ol_delivery_d >= '1992-01-02 20:10:02.27764'::timestamp without time zone)","Rows Removed by Filter":0,"Rows Removed by Columnar Filter":25686653,"Rows Filtered by Bloom Filter":0,"Dictionary Rows Filtered by Bloom Filter":25686653,"Columnar cache search mode":"native","Shared Hit Blocks":0,"Shared Read Blocks":0,"Shared Dirtied Blocks":0,"Shared Written Blocks":0,"Local Hit Blocks":0,"Local Read Blocks":0,"Local Dirtied Blocks":0,"Local Written Blocks":0,"Temp Read Blocks":0,"Temp Written Blocks":0,"I/O Read Time":0.0,"I/O Write Time":0.0,"Temp I/O Read Time":0.0,"Temp I/O Write Time":0.0},{"Node Type":"Seq Scan","Parent Relationship":"Member","Parallel Aware":false,"Async Capable":false,"Relation Name":"order_line","Schema":"public","Alias":"order_line","Startup Cost":0.0,"Total Cost":4.75,"Plan Rows":42,"Plan Width":20,"Actual Startup Time":0.0,"Actual Total Time":0.0,"Actual Rows":0,"Actual Loops":0,"Output":["order_line.ol_amount","order_line.ol_o_id","order_line.ol_w_id","order_line.ol_d_id","order_line.ol_i_id"],"Filter":"(order_line.ol_delivery_d >= '1992-01-02 20:10:02.27764'::timestamp without time zone)","Rows Removed by Filter":0,"Shared Hit Blocks":0,"Shared Read Blocks":0,"Shared Dirtied Blocks":0,"Shared Written Blocks":0,"Local Hit Blocks":0,"Local Read Blocks":0,"Local Dirtied Blocks":0,"Local Written Blocks":0,"Temp Read Blocks":0,"Temp Written Blocks":0,"I/O Read Time":0.0,"I/O Write Time":0.0,"Temp I/O Read Time":0.0,"Temp I/O Write Time":0.0}]},{"Node Type":"Hash","Parent Relationship":"Inner","Parallel Aware":false,"Async Capable":false,"Startup Cost":65744.12,"Total Cost":65744.12,"Plan Rows":426549,"Plan Width":16,"Actual Startup Time":212.111,"Actual Total Time":212.117,"Actual Rows":428399,"Actual Loops":1,"Output":["orders.o_c_id","orders.o_w_id","orders.o_d_id","orders.o_id"],"Hash Buckets":262144,"Original Hash Buckets":262144,"Hash Batches":4,"Original Hash Batches":4,"Peak Memory Usage":7080,"Shared Hit Blocks":0,"Shared Read Blocks":0,"Shared Dirtied Blocks":0,"Shared Written Blocks":0,"Local Hit Blocks":0,"Local Read Blocks":0,"Local Dirtied Blocks":0,"Local Written Blocks":0,"Temp Read Blocks":0,"Temp Written Blocks":1410,"I/O Read Time":0.0,"I/O Write Time":0.0,"Temp I/O Read Time":0.0,"Temp I/O Write Time":5.653,"Plans":[{"Node Type":"Append","Parent Relationship":"Outer","Parallel Aware":false,"Async Capable":false,"Startup Cost":20.0,"Total Cost":65744.12,"Plan Rows":426549,"Plan Width":16,"Actual Startup Time":0.537,"Actual Total Time":108.521,"Actual Rows":428399,"Actual Loops":1,"Shared Hit Blocks":0,"Shared Read Blocks":0,"Shared Dirtied Blocks":0,"Shared Written Blocks":0,"Local Hit Blocks":0,"Local Read Blocks":0,"Local Dirtied Blocks":0,"Local Written Blocks":0,"Temp Read Blocks":0,"Temp Written Blocks":0,"I/O Read Time":0.0,"I/O Write Time":0.0,"Temp I/O Read Time":0.0,"Temp I/O Write Time":0.0,"Subplans Removed":0,"Plans":[{"Node Type":"Custom Scan","Parent Relationship":"Member","Custom Plan Provider":"columnar scan","Parallel Aware":false,"Async Capable":false,"Relation Name":"orders","Schema":"public","Alias":"orders","Startup Cost":20.0,"Total Cost":10043.96,"Plan Rows":426548,"Plan Width":16,"Actual Startup Time":0.535,"Actual Total Time":74.928,"Actual Rows":428399,"Actual Loops":1,"Output":["orders.o_c_id","orders.o_w_id","orders.o_d_id","orders.o_id"],"Filter":"((orders.o_entry_d < '1994-01-02 20:10:02.27764'::timestamp without time zone) AND (orders.o_entry_d >= '1993-01-02 20:10:02.27764'::timestamp without time zone))","Rows Removed by Filter":0,"Rows Removed by Columnar Filter":2571601,"Columnar cache search mode":"native","Shared Hit Blocks":0,"Shared Read Blocks":0,"Shared Dirtied Blocks":0,"Shared Written Blocks":0,"Local Hit Blocks":0,"Local Read Blocks":0,"Local Dirtied Blocks":0,"Local Written Blocks":0,"Temp Read Blocks":0,"Temp Written Blocks":0,"I/O Read Time":0.0,"I/O Write Time":0.0,"Temp I/O Read Time":0.0,"Temp I/O Write Time":0.0},{"Node Type":"Seq Scan","Parent Relationship":"Member","Parallel Aware":false,"Async Capable":false,"Relation Name":"orders","Schema":"public","Alias":"orders","Startup Cost":0.0,"Total Cost":4.01,"Plan Rows":1,"Plan Width":16,"Actual Startup Time":0.0,"Actual Total Time":0.0,"Actual Rows":0,"Actual Loops":0,"Output":["orders.o_c_id","orders.o_w_id","orders.o_d_id","orders.o_id"],"Filter":"((orders.o_entry_d < '1994-01-02 20:10:02.27764'::timestamp without time zone) AND (orders.o_entry_d >= '1993-01-02 20:10:02.27764'::timestamp without time zone))","Rows Removed by Filter":0,"Shared Hit Blocks":0,"Shared Read Blocks":0,"Shared Dirtied Blocks":0,"Shared Written Blocks":0,"Local Hit Blocks":0,"Local Read Blocks":0,"Local Dirtied Blocks":0,"Local Written Blocks":0,"Temp Read Blocks":0,"Temp Written Blocks":0,"I/O Read Time":0.0,"I/O Write Time":0.0,"Temp I/O Read Time":0.0,"Temp I/O Write Time":0.0}]}]}]},{"Node Type":"Hash","Parent Relationship":"Inner","Parallel Aware":false,"Async Capable":false,"Startup Cost":254511.16,"Total Cost":254511.16,"Plan Rows":2999739,"Plan Width":12,"Actual Startup Time":1160.539,"Actual Total Time":1160.543,"Actual Rows":3000000,"Actual Loops":1,"Output":["customer.c_id","customer.c_w_id","customer.c_d_id","customer.c_nationkey"],"Hash Buckets":262144,"Original Hash Buckets":262144,"Hash Batches":32,"Original Hash Batches":32,"Peak Memory Usage":6090,"Shared Hit Blocks":0,"Shared Read Blocks":0,"Shared Dirtied Blocks":0,"Shared Written Blocks":0,"Local Hit Blocks":0,"Local Read Blocks":0,"Local Dirtied Blocks":0,"Local Written Blocks":0,"Temp Read Blocks":0,"Temp Written Blocks":11335,"I/O Read Time":0.0,"I/O Write Time":0.0,"Temp I/O Read Time":0.0,"Temp I/O Write Time":48.312,"Plans":[{"Node Type":"Append","Parent Relationship":"Outer","Parallel Aware":false,"Async Capable":false,"Startup Cost":20.0,"Total Cost":254511.16,"Plan Rows":2999739,"Plan Width":12,"Actual Startup Time":0.013,"Actual Total Time":658.211,"Actual Rows":3000000,"Actual Loops":1,"Shared Hit Blocks":0,"Shared Read Blocks":0,"Shared Dirtied Blocks":0,"Shared Written Blocks":0,"Local Hit Blocks":0,"Local Read Blocks":0,"Local Dirtied Blocks":0,"Local Written Blocks":0,"Temp Read Blocks":0,"Temp Written Blocks":0,"I/O Read Time":0.0,"I/O Write Time":0.0,"Temp I/O Read Time":0.0,"Temp I/O Write Time":0.0,"Subplans Removed":0,"Plans":[{"Node Type":"Custom Scan","Parent Relationship":"Member","Custom Plan Provider":"columnar scan","Parallel Aware":false,"Async Capable":false,"Relation Name":"customer","Schema":"public","Alias":"customer","Startup Cost":20.0,"Total Cost":70513.87,"Plan Rows":2999738,"Plan Width":12,"Actual Startup Time":0.012,"Actual Total Time":446.786,"Actual Rows":3000000,"Actual Loops":1,"Output":["customer.c_id","customer.c_w_id","customer.c_d_id","customer.c_nationkey"],"Rows Removed by Columnar Filter":0,"Columnar cache search mode":"native","Shared Hit Blocks":0,"Shared Read Blocks":0,"Shared Dirtied Blocks":0,"Shared Written Blocks":0,"Local Hit Blocks":0,"Local Read Blocks":0,"Local Dirtied Blocks":0,"Local Written Blocks":0,"Temp Read Blocks":0,"Temp Written Blocks":0,"I/O Read Time":0.0,"I/O Write Time":0.0,"Temp I/O Read Time":0.0,"Temp I/O Write Time":0.0},{"Node Type":"Seq Scan","Parent Relationship":"Member","Parallel Aware":false,"Async Capable":false,"Relation Name":"customer","Schema":"public","Alias":"customer","Startup Cost":0.0,"Total Cost":4.01,"Plan Rows":1,"Plan Width":12,"Actual Startup Time":0.0,"Actual Total Time":0.0,"Actual Rows":0,"Actual Loops":0,"Output":["customer.c_id","customer.c_w_id","customer.c_d_id","customer.c_nationkey"],"Shared Hit Blocks":0,"Shared Read Blocks":0,"Shared Dirtied Blocks":0,"Shared Written Blocks":0,"Local Hit Blocks":0,"Local Read Blocks":0,"Local Dirtied Blocks":0,"Local Written Blocks":0,"Temp Read Blocks":0,"Temp Written Blocks":0,"I/O Read Time":0.0,"I/O Write Time":0.0,"Temp I/O Read Time":0.0,"Temp I/O Write Time":0.0}]}]}]},{"Node Type":"Hash","Parent Relationship":"Inner","Parallel Aware":false,"Async Capable":false,"Startup Cost":2.99,"Total Cost":2.99,"Plan Rows":12,"Plan Width":12,"Actual Startup Time":0.04,"Actual Total Time":0.045,"Actual Rows":22,"Actual Loops":1,"Output":["nation.n_name","nation.n_nationkey"],"Hash Buckets":1024,"Original Hash Buckets":1024,"Hash Batches":1,"Original Hash Batches":1,"Peak Memory Usage":9,"Shared Hit Blocks":2,"Shared Read Blocks":0,"Shared Dirtied Blocks":0,"Shared Written Blocks":0,"Local Hit Blocks":0,"Local Read Blocks":0,"Local Dirtied Blocks":0,"Local Written Blocks":0,"Temp Read Blocks":0,"Temp Written Blocks":0,"I/O Read Time":0.0,"I/O Write Time":0.0,"Temp I/O Read Time":0.0,"Temp I/O Write Time":0.0,"Plans":[{"Node Type":"Hash Join","Parent Relationship":"Outer","Parallel Aware":false,"Async Capable":false,"Join Type":"Inner","Startup Cost":1.07,"Total Cost":2.99,"Plan Rows":12,"Plan Width":12,"Actual Startup Time":0.023,"Actual Total Time":0.039,"Actual Rows":22,"Actual Loops":1,"Output":["nation.n_name","nation.n_nationkey"],"Inner Unique":true,"Hash Cond":"(nation.n_regionkey = region.r_regionkey)","Shared Hit Blocks":2,"Shared Read Blocks":0,"Shared Dirtied Blocks":0,"Shared Written Blocks":0,"Local Hit Blocks":0,"Local Read Blocks":0,"Local Dirtied Blocks":0,"Local Written Blocks":0,"Temp Read Blocks":0,"Temp Written Blocks":0,"I/O Read Time":0.0,"I/O Write Time":0.0,"Temp I/O Read Time":0.0,"Temp I/O Write Time":0.0,"Plans":[{"Node Type":"Seq Scan","Parent Relationship":"Outer","Parallel Aware":false,"Async Capable":false,"Relation Name":"nation","Schema":"public","Alias":"nation","Startup Cost":0.0,"Total Cost":1.62,"Plan Rows":62,"Plan Width":16,"Actual Startup Time":0.005,"Actual Total Time":0.009,"Actual Rows":62,"Actual Loops":1,"Output":["nation.n_nationkey","nation.n_name","nation.n_regionkey","nation.n_comment"],"Shared Hit Blocks":1,"Shared Read Blocks":0,"Shared Dirtied Blocks":0,"Shared Written Blocks":0,"Local Hit Blocks":0,"Local Read Blocks":0,"Local Dirtied Blocks":0,"Local Written Blocks":0,"Temp Read Blocks":0,"Temp Written Blocks":0,"I/O Read Time":0.0,"I/O Write Time":0.0,"Temp I/O Read Time":0.0,"Temp I/O Write Time":0.0},{"Node Type":"Hash","Parent Relationship":"Inner","Parallel Aware":false,"Async Capable":false,"Startup Cost":1.06,"Total Cost":1.06,"Plan Rows":1,"Plan Width":4,"Actual Startup Time":0.008,"Actual Total Time":0.009,"Actual Rows":1,"Actual Loops":1,"Output":["region.r_regionkey"],"Hash Buckets":1024,"Original Hash Buckets":1024,"Hash Batches":1,"Original Hash Batches":1,"Peak Memory Usage":9,"Shared Hit Blocks":1,"Shared Read Blocks":0,"Shared Dirtied Blocks":0,"Shared Written Blocks":0,"Local Hit Blocks":0,"Local Read Blocks":0,"Local Dirtied Blocks":0,"Local Written Blocks":0,"Temp Read Blocks":0,"Temp Written Blocks":0,"I/O Read Time":0.0,"I/O Write Time":0.0,"Temp I/O Read Time":0.0,"Temp I/O Write Time":0.0,"Plans":[{"Node Type":"Seq Scan","Parent Relationship":"Outer","Parallel Aware":false,"Async Capable":false,"Relation Name":"region","Schema":"public","Alias":"region","Startup Cost":0.0,"Total Cost":1.06,"Plan Rows":1,"Plan Width":4,"Actual Startup Time":0.006,"Actual Total Time":0.007,"Actual Rows":1,"Actual Loops":1,"Output":["region.r_regionkey"],"Filter":"((region.r_name)::text = 'Europe'::text)","Rows Removed by Filter":4,"Shared Hit Blocks":1,"Shared Read Blocks":0,"Shared Dirtied Blocks":0,"Shared Written Blocks":0,"Local Hit Blocks":0,"Local Read Blocks":0,"Local Dirtied Blocks":0,"Local Written Blocks":0,"Temp Read Blocks":0,"Temp Written Blocks":0,"I/O Read Time":0.0,"I/O Write Time":0.0,"Temp I/O Read Time":0.0,"Temp I/O Write Time":0.0}]}]}]}]}]},{"Node Type":"Index Only Scan","Parent Relationship":"Inner","Parallel Aware":false,"Async Capable":false,"Scan Direction":"Forward","Index Name":"stock_pk","Relation Name":"stock","Schema":"public","Alias":"stock","Startup Cost":0.43,"Total Cost":259690.86,"Plan Rows":10000162,"Plan Width":6,"Actual Startup Time":0.049,"Actual Total Time":704.025,"Actual Rows":9999996,"Actual Loops":1,"Output":["stock.s_w_id","stock.s_i_id"],"Heap Fetches":0,"Shared Hit Blocks":27338,"Shared Read Blocks":0,"Shared Dirtied Blocks":0,"Shared Written Blocks":0,"Local Hit Blocks":0,"Local Read Blocks":0,"Local Dirtied Blocks":0,"Local Written Blocks":0,"Temp Read Blocks":0,"Temp Written Blocks":0,"I/O Read Time":0.0,"I/O Write Time":0.0,"Temp I/O Read Time":0.0,"Temp I/O Write Time":0.0}]},{"Node Type":"Hash","Parent Relationship":"Inner","Parallel Aware":false,"Async Capable":false,"Startup Cost":317.0,"Total Cost":317.0,"Plan Rows":10000,"Plan Width":8,"Actual Startup Time":2.67,"Actual Total Time":2.67,"Actual Rows":10000,"Actual Loops":1,"Output":["supplier.su_suppkey","supplier.su_nationkey"],"Hash Buckets":16384,"Original Hash Buckets":16384,"Hash Batches":1,"Original Hash Batches":1,"Peak Memory Usage":519,"Shared Hit Blocks":217,"Shared Read Blocks":0,"Shared Dirtied Blocks":0,"Shared Written Blocks":0,"Local Hit Blocks":0,"Local Read Blocks":0,"Local Dirtied Blocks":0,"Local Written Blocks":0,"Temp Read Blocks":0,"Temp Written Blocks":0,"I/O Read Time":0.0,"I/O Write Time":0.0,"Temp I/O Read Time":0.0,"Temp I/O Write Time":0.0,"Plans":[{"Node Type":"Seq Scan","Parent Relationship":"Outer","Parallel Aware":false,"Async Capable":false,"Relation Name":"supplier","Schema":"public","Alias":"supplier","Startup Cost":0.0,"Total Cost":317.0,"Plan Rows":10000,"Plan Width":8,"Actual Startup Time":0.011,"Actual Total Time":1.281,"Actual Rows":10000,"Actual Loops":1,"Output":["supplier.su_suppkey","supplier.su_nationkey"],"Shared Hit Blocks":217,"Shared Read Blocks":0,"Shared Dirtied Blocks":0,"Shared Written Blocks":0,"Local Hit Blocks":0,"Local Read Blocks":0,"Local Dirtied Blocks":0,"Local Written Blocks":0,"Temp Read Blocks":0,"Temp Written Blocks":0,"I/O Read Time":0.0,"I/O Write Time":0.0,"Temp I/O Read Time":0.0,"Temp I/O Write Time":0.0}]}]}]}]}]},"Planning":{"Shared Hit Blocks":16,"Shared Read Blocks":0,"Shared Dirtied Blocks":0,"Shared Written Blocks":0,"Local Hit Blocks":0,"Local Read Blocks":0,"Local Dirtied Blocks":0,"Local Written Blocks":0,"Temp Read Blocks":0,"Temp Written Blocks":0,"I/O Read Time":0.0,"I/O Write Time":0.0,"Temp I/O Read Time":0.0,"Temp I/O Write Time":0.0},"Planning Time":5.118,"Triggers":[],"Execution Time":10212.187}]
[列存组合]: customer, order_line, orders, stock
[{"Plan":{"Node Type":"Sort","Parallel Aware":false,"Async Capable":false,"Startup Cost":1193700.02,"Total Cost":1193700.17,"Plan Rows":62,"Plan Width":40,"Actual Startup Time":5172.146,"Actual Total Time":5172.175,"Actual Rows":11,"Actual Loops":1,"Output":["nation.n_name","(sum(order_line.ol_amount))"],"Sort Key":["(sum(order_line.ol_amount)) DESC"],"Sort Method":"quicksort","Sort Space Used":25,"Sort Space Type":"Memory","Shared Hit Blocks":219,"Shared Read Blocks":0,"Shared Dirtied Blocks":0,"Shared Written Blocks":0,"Local Hit Blocks":0,"Local Read Blocks":0,"Local Dirtied Blocks":0,"Local Written Blocks":0,"Temp Read Blocks":31471,"Temp Written Blocks":31471,"I/O Read Time":0.0,"I/O Write Time":0.0,"Temp I/O Read Time":50.787,"Temp I/O Write Time":141.369,"Plans":[{"Node Type":"Aggregate","Strategy":"Sorted","Partial Mode":"Simple","Parent Relationship":"Outer","Parallel Aware":false,"Async Capable":false,"Startup Cost":1193624.23,"Total Cost":1193698.17,"Plan Rows":62,"Plan Width":40,"Actual Startup Time":5169.291,"Actual Total Time":5172.157,"Actual Rows":11,"Actual Loops":1,"Output":["nation.n_name","sum(order_line.ol_amount)"],"Group Key":["nation.n_name"],"Shared Hit Blocks":219,"Shared Read Blocks":0,"Shared Dirtied Blocks":0,"Shared Written Blocks":0,"Local Hit Blocks":0,"Local Read Blocks":0,"Local Dirtied Blocks":0,"Local Written Blocks":0,"Temp Read Blocks":31471,"Temp Written Blocks":31471,"I/O Read Time":0.0,"I/O Write Time":0.0,"Temp I/O Read Time":50.787,"Temp I/O Write Time":141.369,"Plans":[{"Node Type":"Sort","Parent Relationship":"Outer","Parallel Aware":false,"Async Capable":false,"Startup Cost":1193624.23,"Total Cost":1193648.62,"Plan Rows":9755,"Plan Width":12,"Actual Startup Time":5169.072,"Actual Total Time":5169.855,"Actual Rows":17493,"Actual Loops":1,"Output":["nation.n_name","order_line.ol_amount"],"Sort Key":["nation.n_name"],"Sort Method":"quicksort","Sort Space Used":1725,"Sort Space Type":"Memory","Shared Hit Blocks":219,"Shared Read Blocks":0,"Shared Dirtied Blocks":0,"Shared Written Blocks":0,"Local Hit Blocks":0,"Local Read Blocks":0,"Local Dirtied Blocks":0,"Local Written Blocks":0,"Temp Read Blocks":31471,"Temp Written Blocks":31471,"I/O Read Time":0.0,"I/O Write Time":0.0,"Temp I/O Read Time":50.787,"Temp I/O Write Time":141.369,"Plans":[{"Node Type":"Hash Join","Parent Relationship":"Outer","Parallel Aware":false,"Async Capable":false,"Join Type":"Inner","Startup Cost":434170.67,"Total Cost":1192977.87,"Plan Rows":9755,"Plan Width":12,"Actual Startup Time":1992.018,"Actual Total Time":5160.588,"Actual Rows":17493,"Actual Loops":1,"Output":["nation.n_name","order_line.ol_amount"],"Hash Cond":"((orders.o_c_id = customer.c_id) AND (orders.o_w_id = customer.c_w_id) AND (orders.o_d_id = customer.c_d_id) AND (supplier.su_nationkey = customer.c_nationkey))","Shared Hit Blocks":219,"Shared Read Blocks":0,"Shared Dirtied Blocks":0,"Shared Written Blocks":0,"Local Hit Blocks":0,"Local Read Blocks":0,"Local Dirtied Blocks":0,"Local Written Blocks":0,"Temp Read Blocks":31471,"Temp Written Blocks":31471,"I/O Read Time":0.0,"I/O Write Time":0.0,"Temp I/O Read Time":50.787,"Temp I/O Write Time":141.369,"Plans":[{"Node Type":"Hash Join","Parent Relationship":"Outer","Parallel Aware":false,"Async Capable":false,"Join Type":"Inner","Startup Cost":105016.74,"Total Cost":833427.02,"Plan Rows":602754,"Plan Width":34,"Actual Startup Time":781.366,"Actual Total Time":3160.811,"Actual Rows":1489124,"Actual Loops":1,"Output":["orders.o_c_id","orders.o_w_id","orders.o_d_id","order_line.ol_amount","order_line.ol_w_id","order_line.ol_d_id","stock.s_w_id","supplier.su_nationkey","nation.n_name","nation.n_nationkey"],"Hash Cond":"((order_line.ol_w_id = orders.o_w_id) AND (order_line.ol_d_id = orders.o_d_id) AND (order_line.ol_o_id = orders.o_id))","Shared Hit Blocks":219,"Shared Read Blocks":0,"Shared Dirtied Blocks":0,"Shared Written Blocks":0,"Local Hit Blocks":0,"Local Read Blocks":0,"Local Dirtied Blocks":0,"Local Written Blocks":0,"Temp Read Blocks":9894,"Temp Written Blocks":9894,"I/O Read Time":0.0,"I/O Write Time":0.0,"Temp I/O Read Time":16.531,"Temp I/O Write Time":43.694,"Plans":[{"Node Type":"Hash Join","Parent Relationship":"Outer","Parallel Aware":false,"Async Capable":false,"Join Type":"Inner","Startup Cost":29725.01,"Total Cost":656340.76,"Plan Rows":4242986,"Plan Width":34,"Actual Startup Time":567.419,"Actual Total Time":2224.942,"Actual Rows":1498118,"Actual Loops":1,"Output":["order_line.ol_amount","order_line.ol_o_id","order_line.ol_w_id","order_line.ol_d_id","stock.s_w_id","supplier.su_nationkey","nation.n_name","nation.n_nationkey"],"Hash Cond":"(mod((stock.s_w_id * stock.s_i_id), 10000) = supplier.su_suppkey)","Shared Hit Blocks":219,"Shared Read Blocks":0,"Shared Dirtied Blocks":0,"Shared Written Blocks":0,"Local Hit Blocks":0,"Local Read Blocks":0,"Local Dirtied Blocks":0,"Local Written Blocks":0,"Temp Read Blocks":0,"Temp Written Blocks":0,"I/O Read Time":0.0,"I/O Write Time":0.0,"Temp I/O Read Time":0.0,"Temp I/O Write Time":0.0,"Plans":[{"Node Type":"Hash Join","Parent Relationship":"Outer","Parallel Aware":false,"Async Capable":false,"Join Type":"Inner","Startup Cost":29323.02,"Total Cost":480915.59,"Plan Rows":21214932,"Plan Width":22,"Actual Startup Time":564.503,"Actual Total Time":1530.976,"Actual Rows":4311079,"Actual Loops":1,"Output":["order_line.ol_amount","order_line.ol_o_id","order_line.ol_w_id","order_line.ol_d_id","stock.s_w_id","stock.s_i_id"],"Hash Cond":"((order_line.ol_w_id = stock.s_w_id) AND (order_line.ol_i_id = stock.s_i_id))","Rows Removed by Bloom Filter":0,"Shared Hit Blocks":0,"Shared Read Blocks":0,"Shared Dirtied Blocks":0,"Shared Written Blocks":0,"Local Hit Blocks":0,"Local Read Blocks":0,"Local Dirtied Blocks":0,"Local Written Blocks":0,"Temp Read Blocks":0,"Temp Written Blocks":0,"I/O Read Time":0.0,"I/O Write Time":0.0,"Temp I/O Read Time":0.0,"Temp I/O Write Time":0.0,"Plans":[{"Node Type":"Append","Parent Relationship":"Outer","Parallel Aware":false,"Async Capable":false,"Startup Cost":20.0,"Total Cost":533646.5,"Plan Rows":20926367,"Plan Width":20,"Actual Startup Time":123.475,"Actual Total Time":123.482,"Actual Rows":4311079,"Actual Loops":1,"Shared Hit Blocks":0,"Shared Read Blocks":0,"Shared Dirtied Blocks":0,"Shared Written Blocks":0,"Local Hit Blocks":0,"Local Read Blocks":0,"Local Dirtied Blocks":0,"Local Written Blocks":0,"Temp Read Blocks":0,"Temp Written Blocks":0,"I/O Read Time":0.0,"I/O Write Time":0.0,"Temp I/O Read Time":0.0,"Temp I/O Write Time":0.0,"Subplans Removed":0,"Plans":[{"Node Type":"Custom Scan","Parent Relationship":"Member","Custom Plan Provider":"columnar scan","Parallel Aware":false,"Async Capable":false,"Relation Name":"order_line","Schema":"public","Alias":"order_line","Startup Cost":20.0,"Total Cost":533641.75,"Plan Rows":20926325,"Plan Width":20,"Actual Startup Time":123.474,"Actual Total Time":123.476,"Actual Rows":4311079,"Actual Loops":1,"Output":["order_line.ol_amount","order_line.ol_o_id","order_line.ol_w_id","order_line.ol_d_id","order_line.ol_i_id"],"Filter":"(order_line.ol_delivery_d >= '1992-01-02 20:10:02.27764'::timestamp without time zone)","Rows Removed by Filter":0,"Rows Removed by Columnar Filter":25686653,"Rows Filtered by Bloom Filter":0,"Dictionary Rows Filtered by Bloom Filter":25686653,"Columnar cache search mode":"native","Shared Hit Blocks":0,"Shared Read Blocks":0,"Shared Dirtied Blocks":0,"Shared Written Blocks":0,"Local Hit Blocks":0,"Local Read Blocks":0,"Local Dirtied Blocks":0,"Local Written Blocks":0,"Temp Read Blocks":0,"Temp Written Blocks":0,"I/O Read Time":0.0,"I/O Write Time":0.0,"Temp I/O Read Time":0.0,"Temp I/O Write Time":0.0},{"Node Type":"Seq Scan","Parent Relationship":"Member","Parallel Aware":false,"Async Capable":false,"Relation Name":"order_line","Schema":"public","Alias":"order_line","Startup Cost":0.0,"Total Cost":4.75,"Plan Rows":42,"Plan Width":20,"Actual Startup Time":0.0,"Actual Total Time":0.0,"Actual Rows":0,"Actual Loops":0,"Output":["order_line.ol_amount","order_line.ol_o_id","order_line.ol_w_id","order_line.ol_d_id","order_line.ol_i_id"],"Filter":"(order_line.ol_delivery_d >= '1992-01-02 20:10:02.27764'::timestamp without time zone)","Rows Removed by Filter":0,"Shared Hit Blocks":0,"Shared Read Blocks":0,"Shared Dirtied Blocks":0,"Shared Written Blocks":0,"Local Hit Blocks":0,"Local Read Blocks":0,"Local Dirtied Blocks":0,"Local Written Blocks":0,"Temp Read Blocks":0,"Temp Written Blocks":0,"I/O Read Time":0.0,"I/O Write Time":0.0,"Temp I/O Read Time":0.0,"Temp I/O Write Time":0.0}]},{"Node Type":"Hash","Parent Relationship":"Inner","Parallel Aware":false,"Async Capable":false,"Startup Cost":195025.67,"Total Cost":195025.67,"Plan Rows":10000162,"Plan Width":6,"Actual Rows":10000000,"Actual Loops":1,"Output":["stock.s_w_id","stock.s_i_id"],"Shared Hit Blocks":0,"Shared Read Blocks":0,"Shared Dirtied Blocks":0,"Shared Written Blocks":0,"Local Hit Blocks":0,"Local Read Blocks":0,"Local Dirtied Blocks":0,"Local Written Blocks":0,"Temp Read Blocks":0,"Temp Written Blocks":0,"I/O Read Time":0.0,"I/O Write Time":0.0,"Temp I/O Read Time":0.0,"Temp I/O Write Time":0.0,"Plans":[{"Node Type":"Append","Parent Relationship":"Outer","Parallel Aware":false,"Async Capable":false,"Startup Cost":20.0,"Total Cost":195025.67,"Plan Rows":10000162,"Plan Width":6,"Actual Startup Time":0.217,"Actual Total Time":0.219,"Actual Rows":10000000,"Actual Loops":1,"Shared Hit Blocks":0,"Shared Read Blocks":0,"Shared Dirtied Blocks":0,"Shared Written Blocks":0,"Local Hit Blocks":0,"Local Read Blocks":0,"Local Dirtied Blocks":0,"Local Written Blocks":0,"Temp Read Blocks":0,"Temp Written Blocks":0,"I/O Read Time":0.0,"I/O Write Time":0.0,"Temp I/O Read Time":0.0,"Temp I/O Write Time":0.0,"Subplans Removed":0,"Plans":[{"Node Type":"Custom Scan","Parent Relationship":"Member","Custom Plan Provider":"columnar scan","Parallel Aware":false,"Async Capable":false,"Relation Name":"stock","Schema":"public","Alias":"stock","Startup Cost":20.0,"Total Cost":195020.05,"Plan Rows":10000000,"Plan Width":6,"Actual Startup Time":0.216,"Actual Total Time":0.217,"Actual Rows":10000000,"Actual Loops":1,"Output":["stock.s_w_id","stock.s_i_id"],"Rows Removed by Columnar Filter":0,"Columnar cache search mode":"native","Shared Hit Blocks":0,"Shared Read Blocks":0,"Shared Dirtied Blocks":0,"Shared Written Blocks":0,"Local Hit Blocks":0,"Local Read Blocks":0,"Local Dirtied Blocks":0,"Local Written Blocks":0,"Temp Read Blocks":0,"Temp Written Blocks":0,"I/O Read Time":0.0,"I/O Write Time":0.0,"Temp I/O Read Time":0.0,"Temp I/O Write Time":0.0},{"Node Type":"Seq Scan","Parent Relationship":"Member","Parallel Aware":false,"Async Capable":false,"Relation Name":"stock","Schema":"public","Alias":"stock","Startup Cost":0.0,"Total Cost":5.62,"Plan Rows":162,"Plan Width":6,"Actual Startup Time":0.0,"Actual Total Time":0.0,"Actual Rows":0,"Actual Loops":0,"Output":["stock.s_w_id","stock.s_i_id"],"Shared Hit Blocks":0,"Shared Read Blocks":0,"Shared Dirtied Blocks":0,"Shared Written Blocks":0,"Local Hit Blocks":0,"Local Read Blocks":0,"Local Dirtied Blocks":0,"Local Written Blocks":0,"Temp Read Blocks":0,"Temp Written Blocks":0,"I/O Read Time":0.0,"I/O Write Time":0.0,"Temp I/O Read Time":0.0,"Temp I/O Write Time":0.0}]}]}]},{"Node Type":"Hash","Parent Relationship":"Inner","Parallel Aware":false,"Async Capable":false,"Startup Cost":376.99,"Total Cost":376.99,"Plan Rows":2000,"Plan Width":20,"Actual Startup Time":2.896,"Actual Total Time":2.906,"Actual Rows":3506,"Actual Loops":1,"Output":["supplier.su_suppkey","supplier.su_nationkey","nation.n_name","nation.n_nationkey"],"Hash Buckets":4096,"Original Hash Buckets":2048,"Hash Batches":1,"Original Hash Batches":1,"Peak Memory Usage":217,"Shared Hit Blocks":219,"Shared Read Blocks":0,"Shared Dirtied Blocks":0,"Shared Written Blocks":0,"Local Hit Blocks":0,"Local Read Blocks":0,"Local Dirtied Blocks":0,"Local Written Blocks":0,"Temp Read Blocks":0,"Temp Written Blocks":0,"I/O Read Time":0.0,"I/O Write Time":0.0,"Temp I/O Read Time":0.0,"Temp I/O Write Time":0.0,"Plans":[{"Node Type":"Hash Join","Parent Relationship":"Outer","Parallel Aware":false,"Async Capable":false,"Join Type":"Inner","Startup Cost":3.14,"Total Cost":376.99,"Plan Rows":2000,"Plan Width":20,"Actual Startup Time":0.067,"Actual Total Time":2.322,"Actual Rows":3506,"Actual Loops":1,"Output":["supplier.su_suppkey","supplier.su_nationkey","nation.n_name","nation.n_nationkey"],"Hash Cond":"(supplier.su_nationkey = nation.n_nationkey)","Shared Hit Blocks":219,"Shared Read Blocks":0,"Shared Dirtied Blocks":0,"Shared Written Blocks":0,"Local Hit Blocks":0,"Local Read Blocks":0,"Local Dirtied Blocks":0,"Local Written Blocks":0,"Temp Read Blocks":0,"Temp Written Blocks":0,"I/O Read Time":0.0,"I/O Write Time":0.0,"Temp I/O Read Time":0.0,"Temp I/O Write Time":0.0,"Plans":[{"Node Type":"Seq Scan","Parent Relationship":"Outer","Parallel Aware":false,"Async Capable":false,"Relation Name":"supplier","Schema":"public","Alias":"supplier","Startup Cost":0.0,"Total Cost":317.0,"Plan Rows":10000,"Plan Width":8,"Actual Startup Time":0.013,"Actual Total Time":0.836,"Actual Rows":10000,"Actual Loops":1,"Output":["supplier.su_suppkey","supplier.su_name","supplier.su_address","supplier.su_nationkey","supplier.su_phone","supplier.su_acctbal","supplier.su_comment"],"Shared Hit Blocks":217,"Shared Read Blocks":0,"Shared Dirtied Blocks":0,"Shared Written Blocks":0,"Local Hit Blocks":0,"Local Read Blocks":0,"Local Dirtied Blocks":0,"Local Written Blocks":0,"Temp Read Blocks":0,"Temp Written Blocks":0,"I/O Read Time":0.0,"I/O Write Time":0.0,"Temp I/O Read Time":0.0,"Temp I/O Write Time":0.0},{"Node Type":"Hash","Parent Relationship":"Inner","Parallel Aware":false,"Async Capable":false,"Startup Cost":2.99,"Total Cost":2.99,"Plan Rows":12,"Plan Width":12,"Actual Startup Time":0.044,"Actual Total Time":0.05,"Actual Rows":22,"Actual Loops":1,"Output":["nation.n_name","nation.n_nationkey"],"Hash Buckets":1024,"Original Hash Buckets":1024,"Hash Batches":1,"Original Hash Batches":1,"Peak Memory Usage":9,"Shared Hit Blocks":2,"Shared Read Blocks":0,"Shared Dirtied Blocks":0,"Shared Written Blocks":0,"Local Hit Blocks":0,"Local Read Blocks":0,"Local Dirtied Blocks":0,"Local Written Blocks":0,"Temp Read Blocks":0,"Temp Written Blocks":0,"I/O Read Time":0.0,"I/O Write Time":0.0,"Temp I/O Read Time":0.0,"Temp I/O Write Time":0.0,"Plans":[{"Node Type":"Hash Join","Parent Relationship":"Outer","Parallel Aware":false,"Async Capable":false,"Join Type":"Inner","Startup Cost":1.07,"Total Cost":2.99,"Plan Rows":12,"Plan Width":12,"Actual Startup Time":0.027,"Actual Total Time":0.044,"Actual Rows":22,"Actual Loops":1,"Output":["nation.n_name","nation.n_nationkey"],"Hash Cond":"(nation.n_regionkey = region.r_regionkey)","Shared Hit Blocks":2,"Shared Read Blocks":0,"Shared Dirtied Blocks":0,"Shared Written Blocks":0,"Local Hit Blocks":0,"Local Read Blocks":0,"Local Dirtied Blocks":0,"Local Written Blocks":0,"Temp Read Blocks":0,"Temp Written Blocks":0,"I/O Read Time":0.0,"I/O Write Time":0.0,"Temp I/O Read Time":0.0,"Temp I/O Write Time":0.0,"Plans":[{"Node Type":"Seq Scan","Parent Relationship":"Outer","Parallel Aware":false,"Async Capable":false,"Relation Name":"nation","Schema":"public","Alias":"nation","Startup Cost":0.0,"Total Cost":1.62,"Plan Rows":62,"Plan Width":16,"Actual Startup Time":0.006,"Actual Total Time":0.009,"Actual Rows":62,"Actual Loops":1,"Output":["nation.n_nationkey","nation.n_name","nation.n_regionkey","nation.n_comment"],"Shared Hit Blocks":1,"Shared Read Blocks":0,"Shared Dirtied Blocks":0,"Shared Written Blocks":0,"Local Hit Blocks":0,"Local Read Blocks":0,"Local Dirtied Blocks":0,"Local Written Blocks":0,"Temp Read Blocks":0,"Temp Written Blocks":0,"I/O Read Time":0.0,"I/O Write Time":0.0,"Temp I/O Read Time":0.0,"Temp I/O Write Time":0.0},{"Node Type":"Hash","Parent Relationship":"Inner","Parallel Aware":false,"Async Capable":false,"Startup Cost":1.06,"Total Cost":1.06,"Plan Rows":1,"Plan Width":4,"Actual Startup Time":0.01,"Actual Total Time":0.013,"Actual Rows":1,"Actual Loops":1,"Output":["region.r_regionkey"],"Hash Buckets":1024,"Original Hash Buckets":1024,"Hash Batches":1,"Original Hash Batches":1,"Peak Memory Usage":9,"Shared Hit Blocks":1,"Shared Read Blocks":0,"Shared Dirtied Blocks":0,"Shared Written Blocks":0,"Local Hit Blocks":0,"Local Read Blocks":0,"Local Dirtied Blocks":0,"Local Written Blocks":0,"Temp Read Blocks":0,"Temp Written Blocks":0,"I/O Read Time":0.0,"I/O Write Time":0.0,"Temp I/O Read Time":0.0,"Temp I/O Write Time":0.0,"Plans":[{"Node Type":"Seq Scan","Parent Relationship":"Outer","Parallel Aware":false,"Async Capable":false,"Relation Name":"region","Schema":"public","Alias":"region","Startup Cost":0.0,"Total Cost":1.06,"Plan Rows":1,"Plan Width":4,"Actual Startup Time":0.008,"Actual Total Time":0.008,"Actual Rows":1,"Actual Loops":1,"Output":["region.r_regionkey"],"Filter":"((region.r_name)::text = 'Europe'::text)","Rows Removed by Filter":4,"Shared Hit Blocks":1,"Shared Read Blocks":0,"Shared Dirtied Blocks":0,"Shared Written Blocks":0,"Local Hit Blocks":0,"Local Read Blocks":0,"Local Dirtied Blocks":0,"Local Written Blocks":0,"Temp Read Blocks":0,"Temp Written Blocks":0,"I/O Read Time":0.0,"I/O Write Time":0.0,"Temp I/O Read Time":0.0,"Temp I/O Write Time":0.0}]}]}]}]}]}]},{"Node Type":"Hash","Parent Relationship":"Inner","Parallel Aware":false,"Async Capable":false,"Startup Cost":65744.12,"Total Cost":65744.12,"Plan Rows":426549,"Plan Width":16,"Actual Startup Time":212.603,"Actual Total Time":212.606,"Actual Rows":428399,"Actual Loops":1,"Output":["orders.o_c_id","orders.o_w_id","orders.o_d_id","orders.o_id"],"Hash Buckets":262144,"Original Hash Buckets":262144,"Hash Batches":4,"Original Hash Batches":4,"Peak Memory Usage":7080,"Shared Hit Blocks":0,"Shared Read Blocks":0,"Shared Dirtied Blocks":0,"Shared Written Blocks":0,"Local Hit Blocks":0,"Local Read Blocks":0,"Local Dirtied Blocks":0,"Local Written Blocks":0,"Temp Read Blocks":0,"Temp Written Blocks":1410,"I/O Read Time":0.0,"I/O Write Time":0.0,"Temp I/O Read Time":0.0,"Temp I/O Write Time":6.125,"Plans":[{"Node Type":"Append","Parent Relationship":"Outer","Parallel Aware":false,"Async Capable":false,"Startup Cost":20.0,"Total Cost":65744.12,"Plan Rows":426549,"Plan Width":16,"Actual Startup Time":0.52,"Actual Total Time":107.054,"Actual Rows":428399,"Actual Loops":1,"Shared Hit Blocks":0,"Shared Read Blocks":0,"Shared Dirtied Blocks":0,"Shared Written Blocks":0,"Local Hit Blocks":0,"Local Read Blocks":0,"Local Dirtied Blocks":0,"Local Written Blocks":0,"Temp Read Blocks":0,"Temp Written Blocks":0,"I/O Read Time":0.0,"I/O Write Time":0.0,"Temp I/O Read Time":0.0,"Temp I/O Write Time":0.0,"Subplans Removed":0,"Plans":[{"Node Type":"Custom Scan","Parent Relationship":"Member","Custom Plan Provider":"columnar scan","Parallel Aware":false,"Async Capable":false,"Relation Name":"orders","Schema":"public","Alias":"orders","Startup Cost":20.0,"Total Cost":10043.96,"Plan Rows":426548,"Plan Width":16,"Actual Startup Time":0.518,"Actual Total Time":75.348,"Actual Rows":428399,"Actual Loops":1,"Output":["orders.o_c_id","orders.o_w_id","orders.o_d_id","orders.o_id"],"Filter":"((orders.o_entry_d < '1994-01-02 20:10:02.27764'::timestamp without time zone) AND (orders.o_entry_d >= '1993-01-02 20:10:02.27764'::timestamp without time zone))","Rows Removed by Filter":0,"Rows Removed by Columnar Filter":2571601,"Columnar cache search mode":"native","Shared Hit Blocks":0,"Shared Read Blocks":0,"Shared Dirtied Blocks":0,"Shared Written Blocks":0,"Local Hit Blocks":0,"Local Read Blocks":0,"Local Dirtied Blocks":0,"Local Written Blocks":0,"Temp Read Blocks":0,"Temp Written Blocks":0,"I/O Read Time":0.0,"I/O Write Time":0.0,"Temp I/O Read Time":0.0,"Temp I/O Write Time":0.0},{"Node Type":"Seq Scan","Parent Relationship":"Member","Parallel Aware":false,"Async Capable":false,"Relation Name":"orders","Schema":"public","Alias":"orders","Startup Cost":0.0,"Total Cost":4.01,"Plan Rows":1,"Plan Width":16,"Actual Startup Time":0.0,"Actual Total Time":0.0,"Actual Rows":0,"Actual Loops":0,"Output":["orders.o_c_id","orders.o_w_id","orders.o_d_id","orders.o_id"],"Filter":"((orders.o_entry_d < '1994-01-02 20:10:02.27764'::timestamp without time zone) AND (orders.o_entry_d >= '1993-01-02 20:10:02.27764'::timestamp without time zone))","Rows Removed by Filter":0,"Shared Hit Blocks":0,"Shared Read Blocks":0,"Shared Dirtied Blocks":0,"Shared Written Blocks":0,"Local Hit Blocks":0,"Local Read Blocks":0,"Local Dirtied Blocks":0,"Local Written Blocks":0,"Temp Read Blocks":0,"Temp Written Blocks":0,"I/O Read Time":0.0,"I/O Write Time":0.0,"Temp I/O Read Time":0.0,"Temp I/O Write Time":0.0}]}]}]},{"Node Type":"Hash","Parent Relationship":"Inner","Parallel Aware":false,"Async Capable":false,"Startup Cost":254511.16,"Total Cost":254511.16,"Plan Rows":2999739,"Plan Width":12,"Actual Startup Time":1201.559,"Actual Total Time":1201.56,"Actual Rows":3000000,"Actual Loops":1,"Output":["customer.c_id","customer.c_w_id","customer.c_d_id","customer.c_nationkey"],"Hash Buckets":262144,"Original Hash Buckets":262144,"Hash Batches":32,"Original Hash Batches":32,"Peak Memory Usage":6058,"Shared Hit Blocks":0,"Shared Read Blocks":0,"Shared Dirtied Blocks":0,"Shared Written Blocks":0,"Local Hit Blocks":0,"Local Read Blocks":0,"Local Dirtied Blocks":0,"Local Written Blocks":0,"Temp Read Blocks":0,"Temp Written Blocks":11339,"I/O Read Time":0.0,"I/O Write Time":0.0,"Temp I/O Read Time":0.0,"Temp I/O Write Time":50.637,"Plans":[{"Node Type":"Append","Parent Relationship":"Outer","Parallel Aware":false,"Async Capable":false,"Startup Cost":20.0,"Total Cost":254511.16,"Plan Rows":2999739,"Plan Width":12,"Actual Startup Time":0.025,"Actual Total Time":671.273,"Actual Rows":3000000,"Actual Loops":1,"Shared Hit Blocks":0,"Shared Read Blocks":0,"Shared Dirtied Blocks":0,"Shared Written Blocks":0,"Local Hit Blocks":0,"Local Read Blocks":0,"Local Dirtied Blocks":0,"Local Written Blocks":0,"Temp Read Blocks":0,"Temp Written Blocks":0,"I/O Read Time":0.0,"I/O Write Time":0.0,"Temp I/O Read Time":0.0,"Temp I/O Write Time":0.0,"Subplans Removed":0,"Plans":[{"Node Type":"Custom Scan","Parent Relationship":"Member","Custom Plan Provider":"columnar scan","Parallel Aware":false,"Async Capable":false,"Relation Name":"customer","Schema":"public","Alias":"customer","Startup Cost":20.0,"Total Cost":70513.87,"Plan Rows":2999738,"Plan Width":12,"Actual Startup Time":0.024,"Actual Total Time":447.584,"Actual Rows":3000000,"Actual Loops":1,"Output":["customer.c_id","customer.c_w_id","customer.c_d_id","customer.c_nationkey"],"Rows Removed by Columnar Filter":0,"Columnar cache search mode":"native","Shared Hit Blocks":0,"Shared Read Blocks":0,"Shared Dirtied Blocks":0,"Shared Written Blocks":0,"Local Hit Blocks":0,"Local Read Blocks":0,"Local Dirtied Blocks":0,"Local Written Blocks":0,"Temp Read Blocks":0,"Temp Written Blocks":0,"I/O Read Time":0.0,"I/O Write Time":0.0,"Temp I/O Read Time":0.0,"Temp I/O Write Time":0.0},{"Node Type":"Seq Scan","Parent Relationship":"Member","Parallel Aware":false,"Async Capable":false,"Relation Name":"customer","Schema":"public","Alias":"customer","Startup Cost":0.0,"Total Cost":4.01,"Plan Rows":1,"Plan Width":12,"Actual Startup Time":0.0,"Actual Total Time":0.0,"Actual Rows":0,"Actual Loops":0,"Output":["customer.c_id","customer.c_w_id","customer.c_d_id","customer.c_nationkey"],"Shared Hit Blocks":0,"Shared Read Blocks":0,"Shared Dirtied Blocks":0,"Shared Written Blocks":0,"Local Hit Blocks":0,"Local Read Blocks":0,"Local Dirtied Blocks":0,"Local Written Blocks":0,"Temp Read Blocks":0,"Temp Written Blocks":0,"I/O Read Time":0.0,"I/O Write Time":0.0,"Temp I/O Read Time":0.0,"Temp I/O Write Time":0.0}]}]}]}]}]}]},"Planning":{"Shared Hit Blocks":16,"Shared Read Blocks":0,"Shared Dirtied Blocks":0,"Shared Written Blocks":0,"Local Hit Blocks":0,"Local Read Blocks":0,"Local Dirtied Blocks":0,"Local Written Blocks":0,"Temp Read Blocks":0,"Temp Written Blocks":0,"I/O Read Time":0.0,"I/O Write Time":0.0,"Temp I/O Read Time":0.0,"Temp I/O Write Time":0.0},"Planning Time":6.096,"Triggers":[],"Execution Time":5172.925}]
[列存组合]: customer, order_line, orders, supplier
[{"Plan":{"Node Type":"Sort","Parallel Aware":false,"Async Capable":false,"Startup Cost":1996645.19,"Total Cost":1996645.34,"Plan Rows":62,"Plan Width":40,"Actual Startup Time":10170.42,"Actual Total Time":10170.457,"Actual Rows":11,"Actual Loops":1,"Output":["nation.n_name","(sum(order_line.ol_amount))"],"Sort Key":["(sum(order_line.ol_amount)) DESC"],"Sort Method":"quicksort","Sort Space Used":25,"Sort Space Type":"Memory","Shared Hit Blocks":27340,"Shared Read Blocks":0,"Shared Dirtied Blocks":0,"Shared Written Blocks":0,"Local Hit Blocks":0,"Local Read Blocks":0,"Local Dirtied Blocks":0,"Local Written Blocks":0,"Temp Read Blocks":62236,"Temp Written Blocks":62263,"I/O Read Time":0.0,"I/O Write Time":0.0,"Temp I/O Read Time":100.274,"Temp I/O Write Time":249.669,"Plans":[{"Node Type":"Aggregate","Strategy":"Sorted","Partial Mode":"Simple","Parent Relationship":"Outer","Parallel Aware":false,"Async Capable":false,"Startup Cost":1996569.4,"Total Cost":1996643.34,"Plan Rows":62,"Plan Width":40,"Actual Startup Time":10167.542,"Actual Total Time":10170.443,"Actual Rows":11,"Actual Loops":1,"Output":["nation.n_name","sum(order_line.ol_amount)"],"Group Key":["nation.n_name"],"Shared Hit Blocks":27340,"Shared Read Blocks":0,"Shared Dirtied Blocks":0,"Shared Written Blocks":0,"Local Hit Blocks":0,"Local Read Blocks":0,"Local Dirtied Blocks":0,"Local Written Blocks":0,"Temp Read Blocks":62236,"Temp Written Blocks":62263,"I/O Read Time":0.0,"I/O Write Time":0.0,"Temp I/O Read Time":100.274,"Temp I/O Write Time":249.669,"Plans":[{"Node Type":"Sort","Parent Relationship":"Outer","Parallel Aware":false,"Async Capable":false,"Startup Cost":1996569.4,"Total Cost":1996593.79,"Plan Rows":9755,"Plan Width":12,"Actual Startup Time":10167.331,"Actual Total Time":10168.15,"Actual Rows":17493,"Actual Loops":1,"Output":["nation.n_name","order_line.ol_amount"],"Sort Key":["nation.n_name"],"Sort Method":"quicksort","Sort Space Used":1725,"Sort Space Type":"Memory","Shared Hit Blocks":27340,"Shared Read Blocks":0,"Shared Dirtied Blocks":0,"Shared Written Blocks":0,"Local Hit Blocks":0,"Local Read Blocks":0,"Local Dirtied Blocks":0,"Local Written Blocks":0,"Temp Read Blocks":62236,"Temp Written Blocks":62263,"I/O Read Time":0.0,"I/O Write Time":0.0,"Temp I/O Read Time":100.274,"Temp I/O Write Time":249.669,"Plans":[{"Node Type":"Hash Join","Parent Relationship":"Outer","Parallel Aware":false,"Async Capable":false,"Join Type":"Inner","Startup Cost":1672426.13,"Total Cost":1995923.04,"Plan Rows":9755,"Plan Width":12,"Actual Startup Time":8327.659,"Actual Total Time":10158.632,"Actual Rows":17493,"Actual Loops":1,"Output":["nation.n_name","order_line.ol_amount"],"Inner Unique":true,"Hash Cond":"((mod((stock.s_w_id * stock.s_i_id), 10000) = supplier.su_suppkey) AND (customer.c_nationkey = supplier.su_nationkey))","Shared Hit Blocks":27340,"Shared Read Blocks":0,"Shared Dirtied Blocks":0,"Shared Written Blocks":0,"Local Hit Blocks":0,"Local Read Blocks":0,"Local Dirtied Blocks":0,"Local Written Blocks":0,"Temp Read Blocks":62236,"Temp Written Blocks":62263,"I/O Read Time":0.0,"I/O Write Time":0.0,"Temp I/O Read Time":100.274,"Temp I/O Write Time":249.669,"Plans":[{"Node Type":"Merge Join","Parent Relationship":"Outer","Parallel Aware":false,"Async Capable":false,"Join Type":"Inner","Startup Cost":1672057.1,"Total Cost":1992238.88,"Plan Rows":602749,"Plan Width":26,"Actual Startup Time":8324.156,"Actual Total Time":10014.773,"Actual Rows":1109507,"Actual Loops":1,"Output":["customer.c_nationkey","order_line.ol_amount","stock.s_w_id","stock.s_i_id","nation.n_name","nation.n_nationkey"],"Inner Unique":true,"Merge Cond":"((customer.c_w_id = stock.s_w_id) AND (order_line.ol_i_id = stock.s_i_id))","Shared Hit Blocks":27340,"Shared Read Blocks":0,"Shared Dirtied Blocks":0,"Shared Written Blocks":0,"Local Hit Blocks":0,"Local Read Blocks":0,"Local Dirtied Blocks":0,"Local Written Blocks":0,"Temp Read Blocks":62236,"Temp Written Blocks":62263,"I/O Read Time":0.0,"I/O Write Time":0.0,"Temp I/O Read Time":100.274,"Temp I/O Write Time":249.669,"Plans":[{"Node Type":"Sort","Parent Relationship":"Outer","Parallel Aware":false,"Async Capable":false,"Startup Cost":1672056.67,"Total Cost":1673544.35,"Plan Rows":595073,"Plan Width":30,"Actual Startup Time":8324.093,"Actual Total Time":8503.494,"Actual Rows":1109507,"Actual Loops":1,"Output":["customer.c_w_id","customer.c_nationkey","orders.o_w_id","order_line.ol_amount","order_line.ol_w_id","order_line.ol_i_id","nation.n_name","nation.n_nationkey"],"Sort Key":["customer.c_w_id","order_line.ol_i_id"],"Sort Method":"external merge","Sort Space Used":47304,"Sort Space Type":"Disk","Shared Hit Blocks":2,"Shared Read Blocks":0,"Shared Dirtied Blocks":0,"Shared Written Blocks":0,"Local Hit Blocks":0,"Local Read Blocks":0,"Local Dirtied Blocks":0,"Local Written Blocks":0,"Temp Read Blocks":62236,"Temp Written Blocks":62263,"I/O Read Time":0.0,"I/O Write Time":0.0,"Temp I/O Read Time":100.274,"Temp I/O Write Time":249.669,"Plans":[{"Node Type":"Hash Join","Parent Relationship":"Outer","Parallel Aware":false,"Async Capable":false,"Join Type":"Inner","Startup Cost":396969.46,"Total Cost":1600743.11,"Plan Rows":595073,"Plan Width":30,"Actual Startup Time":1381.398,"Actual Total Time":6938.335,"Actual Rows":1109507,"Actual Loops":1,"Output":["customer.c_w_id","customer.c_nationkey","orders.o_w_id","order_line.ol_amount","order_line.ol_w_id","order_line.ol_i_id","nation.n_name","nation.n_nationkey"],"Inner Unique":false,"Hash Cond":"(customer.c_nationkey = nation.n_nationkey)","Shared Hit Blocks":2,"Shared Read Blocks":0,"Shared Dirtied Blocks":0,"Shared Written Blocks":0,"Local Hit Blocks":0,"Local Read Blocks":0,"Local Dirtied Blocks":0,"Local Written Blocks":0,"Temp Read Blocks":50419,"Temp Written Blocks":50419,"I/O Read Time":0.0,"I/O Write Time":0.0,"Temp I/O Read Time":82.094,"Temp I/O Write Time":217.809,"Plans":[{"Node Type":"Hash Join","Parent Relationship":"Outer","Parallel Aware":false,"Async Capable":false,"Join Type":"Inner","Startup Cost":396966.31,"Total Cost":1583823.58,"Plan Rows":2975367,"Plan Width":18,"Actual Startup Time":1374.268,"Actual Total Time":6518.115,"Actual Rows":4284922,"Actual Loops":1,"Output":["customer.c_w_id","customer.c_nationkey","orders.o_w_id","order_line.ol_amount","order_line.ol_w_id","order_line.ol_i_id"],"Inner Unique":true,"Hash Cond":"((orders.o_c_id = customer.c_id) AND (orders.o_w_id = customer.c_w_id) AND (orders.o_d_id = customer.c_d_id))","Shared Hit Blocks":0,"Shared Read Blocks":0,"Shared Dirtied Blocks":0,"Shared Written Blocks":0,"Local Hit Blocks":0,"Local Read Blocks":0,"Local Dirtied Blocks":0,"Local Written Blocks":0,"Temp Read Blocks":50419,"Temp Written Blocks":50419,"I/O Read Time":0.0,"I/O Write Time":0.0,"Temp I/O Read Time":82.094,"Temp I/O Write Time":217.809,"Plans":[{"Node Type":"Hash Join","Parent Relationship":"Outer","Parallel Aware":false,"Async Capable":false,"Join Type":"Inner","Startup Cost":75311.73,"Total Cost":1189221.96,"Plan Rows":2975367,"Plan Width":20,"Actual Startup Time":214.361,"Actual Total Time":3238.827,"Actual Rows":4284922,"Actual Loops":1,"Output":["orders.o_c_id","orders.o_w_id","orders.o_d_id","order_line.ol_amount","order_line.ol_w_id","order_line.ol_d_id","order_line.ol_i_id"],"Inner Unique":true,"Hash Cond":"((order_line.ol_w_id = orders.o_w_id) AND (order_line.ol_d_id = orders.o_d_id) AND (order_line.ol_o_id = orders.o_id))","Shared Hit Blocks":0,"Shared Read Blocks":0,"Shared Dirtied Blocks":0,"Shared Written Blocks":0,"Local Hit Blocks":0,"Local Read Blocks":0,"Local Dirtied Blocks":0,"Local Written Blocks":0,"Temp Read Blocks":18772,"Temp Written Blocks":18772,"I/O Read Time":0.0,"I/O Write Time":0.0,"Temp I/O Read Time":31.332,"Temp I/O Write Time":76.855,"Plans":[{"Node Type":"Append","Parent Relationship":"Outer","Parallel Aware":false,"Async Capable":false,"Startup Cost":20.0,"Total Cost":701820.0,"Plan Rows":20926367,"Plan Width":20,"Actual Startup Time":1.352,"Actual Total Time":1300.365,"Actual Rows":4311079,"Actual Loops":1,"Shared Hit Blocks":0,"Shared Read Blocks":0,"Shared Dirtied Blocks":0,"Shared Written Blocks":0,"Local Hit Blocks":0,"Local Read Blocks":0,"Local Dirtied Blocks":0,"Local Written Blocks":0,"Temp Read Blocks":0,"Temp Written Blocks":0,"I/O Read Time":0.0,"I/O Write Time":0.0,"Temp I/O Read Time":0.0,"Temp I/O Write Time":0.0,"Subplans Removed":0,"Plans":[{"Node Type":"Custom Scan","Parent Relationship":"Member","Custom Plan Provider":"columnar scan","Parallel Aware":false,"Async Capable":false,"Relation Name":"order_line","Schema":"public","Alias":"order_line","Startup Cost":20.0,"Total Cost":533641.75,"Plan Rows":20926325,"Plan Width":20,"Actual Startup Time":1.351,"Actual Total Time":993.978,"Actual Rows":4311079,"Actual Loops":1,"Output":["order_line.ol_amount","order_line.ol_o_id","order_line.ol_w_id","order_line.ol_d_id","order_line.ol_i_id"],"Filter":"(order_line.ol_delivery_d >= '1992-01-02 20:10:02.27764'::timestamp without time zone)","Rows Removed by Filter":0,"Rows Removed by Columnar Filter":25686653,"Rows Filtered by Bloom Filter":0,"Dictionary Rows Filtered by Bloom Filter":25686653,"Columnar cache search mode":"native","Shared Hit Blocks":0,"Shared Read Blocks":0,"Shared Dirtied Blocks":0,"Shared Written Blocks":0,"Local Hit Blocks":0,"Local Read Blocks":0,"Local Dirtied Blocks":0,"Local Written Blocks":0,"Temp Read Blocks":0,"Temp Written Blocks":0,"I/O Read Time":0.0,"I/O Write Time":0.0,"Temp I/O Read Time":0.0,"Temp I/O Write Time":0.0},{"Node Type":"Seq Scan","Parent Relationship":"Member","Parallel Aware":false,"Async Capable":false,"Relation Name":"order_line","Schema":"public","Alias":"order_line","Startup Cost":0.0,"Total Cost":4.75,"Plan Rows":42,"Plan Width":20,"Actual Startup Time":0.0,"Actual Total Time":0.0,"Actual Rows":0,"Actual Loops":0,"Output":["order_line.ol_amount","order_line.ol_o_id","order_line.ol_w_id","order_line.ol_d_id","order_line.ol_i_id"],"Filter":"(order_line.ol_delivery_d >= '1992-01-02 20:10:02.27764'::timestamp without time zone)","Rows Removed by Filter":0,"Shared Hit Blocks":0,"Shared Read Blocks":0,"Shared Dirtied Blocks":0,"Shared Written Blocks":0,"Local Hit Blocks":0,"Local Read Blocks":0,"Local Dirtied Blocks":0,"Local Written Blocks":0,"Temp Read Blocks":0,"Temp Written Blocks":0,"I/O Read Time":0.0,"I/O Write Time":0.0,"Temp I/O Read Time":0.0,"Temp I/O Write Time":0.0}]},{"Node Type":"Hash","Parent Relationship":"Inner","Parallel Aware":false,"Async Capable":false,"Startup Cost":65744.12,"Total Cost":65744.12,"Plan Rows":426549,"Plan Width":16,"Actual Startup Time":211.843,"Actual Total Time":211.851,"Actual Rows":428399,"Actual Loops":1,"Output":["orders.o_c_id","orders.o_w_id","orders.o_d_id","orders.o_id"],"Hash Buckets":262144,"Original Hash Buckets":262144,"Hash Batches":4,"Original Hash Batches":4,"Peak Memory Usage":7080,"Shared Hit Blocks":0,"Shared Read Blocks":0,"Shared Dirtied Blocks":0,"Shared Written Blocks":0,"Local Hit Blocks":0,"Local Read Blocks":0,"Local Dirtied Blocks":0,"Local Written Blocks":0,"Temp Read Blocks":0,"Temp Written Blocks":1410,"I/O Read Time":0.0,"I/O Write Time":0.0,"Temp I/O Read Time":0.0,"Temp I/O Write Time":5.755,"Plans":[{"Node Type":"Append","Parent Relationship":"Outer","Parallel Aware":false,"Async Capable":false,"Startup Cost":20.0,"Total Cost":65744.12,"Plan Rows":426549,"Plan Width":16,"Actual Startup Time":0.492,"Actual Total Time":108.196,"Actual Rows":428399,"Actual Loops":1,"Shared Hit Blocks":0,"Shared Read Blocks":0,"Shared Dirtied Blocks":0,"Shared Written Blocks":0,"Local Hit Blocks":0,"Local Read Blocks":0,"Local Dirtied Blocks":0,"Local Written Blocks":0,"Temp Read Blocks":0,"Temp Written Blocks":0,"I/O Read Time":0.0,"I/O Write Time":0.0,"Temp I/O Read Time":0.0,"Temp I/O Write Time":0.0,"Subplans Removed":0,"Plans":[{"Node Type":"Custom Scan","Parent Relationship":"Member","Custom Plan Provider":"columnar scan","Parallel Aware":false,"Async Capable":false,"Relation Name":"orders","Schema":"public","Alias":"orders","Startup Cost":20.0,"Total Cost":10043.96,"Plan Rows":426548,"Plan Width":16,"Actual Startup Time":0.491,"Actual Total Time":75.154,"Actual Rows":428399,"Actual Loops":1,"Output":["orders.o_c_id","orders.o_w_id","orders.o_d_id","orders.o_id"],"Filter":"((orders.o_entry_d < '1994-01-02 20:10:02.27764'::timestamp without time zone) AND (orders.o_entry_d >= '1993-01-02 20:10:02.27764'::timestamp without time zone))","Rows Removed by Filter":0,"Rows Removed by Columnar Filter":2571601,"Columnar cache search mode":"native","Shared Hit Blocks":0,"Shared Read Blocks":0,"Shared Dirtied Blocks":0,"Shared Written Blocks":0,"Local Hit Blocks":0,"Local Read Blocks":0,"Local Dirtied Blocks":0,"Local Written Blocks":0,"Temp Read Blocks":0,"Temp Written Blocks":0,"I/O Read Time":0.0,"I/O Write Time":0.0,"Temp I/O Read Time":0.0,"Temp I/O Write Time":0.0},{"Node Type":"Seq Scan","Parent Relationship":"Member","Parallel Aware":false,"Async Capable":false,"Relation Name":"orders","Schema":"public","Alias":"orders","Startup Cost":0.0,"Total Cost":4.01,"Plan Rows":1,"Plan Width":16,"Actual Startup Time":0.0,"Actual Total Time":0.0,"Actual Rows":0,"Actual Loops":0,"Output":["orders.o_c_id","orders.o_w_id","orders.o_d_id","orders.o_id"],"Filter":"((orders.o_entry_d < '1994-01-02 20:10:02.27764'::timestamp without time zone) AND (orders.o_entry_d >= '1993-01-02 20:10:02.27764'::timestamp without time zone))","Rows Removed by Filter":0,"Shared Hit Blocks":0,"Shared Read Blocks":0,"Shared Dirtied Blocks":0,"Shared Written Blocks":0,"Local Hit Blocks":0,"Local Read Blocks":0,"Local Dirtied Blocks":0,"Local Written Blocks":0,"Temp Read Blocks":0,"Temp Written Blocks":0,"I/O Read Time":0.0,"I/O Write Time":0.0,"Temp I/O Read Time":0.0,"Temp I/O Write Time":0.0}]}]}]},{"Node Type":"Hash","Parent Relationship":"Inner","Parallel Aware":false,"Async Capable":false,"Startup Cost":254511.16,"Total Cost":254511.16,"Plan Rows":2999739,"Plan Width":12,"Actual Startup Time":1158.085,"Actual Total Time":1158.091,"Actual Rows":3000000,"Actual Loops":1,"Output":["customer.c_id","customer.c_w_id","customer.c_d_id","customer.c_nationkey"],"Hash Buckets":262144,"Original Hash Buckets":262144,"Hash Batches":32,"Original Hash Batches":32,"Peak Memory Usage":6090,"Shared Hit Blocks":0,"Shared Read Blocks":0,"Shared Dirtied Blocks":0,"Shared Written Blocks":0,"Local Hit Blocks":0,"Local Read Blocks":0,"Local Dirtied Blocks":0,"Local Written Blocks":0,"Temp Read Blocks":0,"Temp Written Blocks":11335,"I/O Read Time":0.0,"I/O Write Time":0.0,"Temp I/O Read Time":0.0,"Temp I/O Write Time":48.123,"Plans":[{"Node Type":"Append","Parent Relationship":"Outer","Parallel Aware":false,"Async Capable":false,"Startup Cost":20.0,"Total Cost":254511.16,"Plan Rows":2999739,"Plan Width":12,"Actual Startup Time":0.012,"Actual Total Time":655.887,"Actual Rows":3000000,"Actual Loops":1,"Shared Hit Blocks":0,"Shared Read Blocks":0,"Shared Dirtied Blocks":0,"Shared Written Blocks":0,"Local Hit Blocks":0,"Local Read Blocks":0,"Local Dirtied Blocks":0,"Local Written Blocks":0,"Temp Read Blocks":0,"Temp Written Blocks":0,"I/O Read Time":0.0,"I/O Write Time":0.0,"Temp I/O Read Time":0.0,"Temp I/O Write Time":0.0,"Subplans Removed":0,"Plans":[{"Node Type":"Custom Scan","Parent Relationship":"Member","Custom Plan Provider":"columnar scan","Parallel Aware":false,"Async Capable":false,"Relation Name":"customer","Schema":"public","Alias":"customer","Startup Cost":20.0,"Total Cost":70513.87,"Plan Rows":2999738,"Plan Width":12,"Actual Startup Time":0.012,"Actual Total Time":446.248,"Actual Rows":3000000,"Actual Loops":1,"Output":["customer.c_id","customer.c_w_id","customer.c_d_id","customer.c_nationkey"],"Rows Removed by Columnar Filter":0,"Columnar cache search mode":"native","Shared Hit Blocks":0,"Shared Read Blocks":0,"Shared Dirtied Blocks":0,"Shared Written Blocks":0,"Local Hit Blocks":0,"Local Read Blocks":0,"Local Dirtied Blocks":0,"Local Written Blocks":0,"Temp Read Blocks":0,"Temp Written Blocks":0,"I/O Read Time":0.0,"I/O Write Time":0.0,"Temp I/O Read Time":0.0,"Temp I/O Write Time":0.0},{"Node Type":"Seq Scan","Parent Relationship":"Member","Parallel Aware":false,"Async Capable":false,"Relation Name":"customer","Schema":"public","Alias":"customer","Startup Cost":0.0,"Total Cost":4.01,"Plan Rows":1,"Plan Width":12,"Actual Startup Time":0.0,"Actual Total Time":0.0,"Actual Rows":0,"Actual Loops":0,"Output":["customer.c_id","customer.c_w_id","customer.c_d_id","customer.c_nationkey"],"Shared Hit Blocks":0,"Shared Read Blocks":0,"Shared Dirtied Blocks":0,"Shared Written Blocks":0,"Local Hit Blocks":0,"Local Read Blocks":0,"Local Dirtied Blocks":0,"Local Written Blocks":0,"Temp Read Blocks":0,"Temp Written Blocks":0,"I/O Read Time":0.0,"I/O Write Time":0.0,"Temp I/O Read Time":0.0,"Temp I/O Write Time":0.0}]}]}]},{"Node Type":"Hash","Parent Relationship":"Inner","Parallel Aware":false,"Async Capable":false,"Startup Cost":2.99,"Total Cost":2.99,"Plan Rows":12,"Plan Width":12,"Actual Startup Time":0.041,"Actual Total Time":0.046,"Actual Rows":22,"Actual Loops":1,"Output":["nation.n_name","nation.n_nationkey"],"Hash Buckets":1024,"Original Hash Buckets":1024,"Hash Batches":1,"Original Hash Batches":1,"Peak Memory Usage":9,"Shared Hit Blocks":2,"Shared Read Blocks":0,"Shared Dirtied Blocks":0,"Shared Written Blocks":0,"Local Hit Blocks":0,"Local Read Blocks":0,"Local Dirtied Blocks":0,"Local Written Blocks":0,"Temp Read Blocks":0,"Temp Written Blocks":0,"I/O Read Time":0.0,"I/O Write Time":0.0,"Temp I/O Read Time":0.0,"Temp I/O Write Time":0.0,"Plans":[{"Node Type":"Hash Join","Parent Relationship":"Outer","Parallel Aware":false,"Async Capable":false,"Join Type":"Inner","Startup Cost":1.07,"Total Cost":2.99,"Plan Rows":12,"Plan Width":12,"Actual Startup Time":0.024,"Actual Total Time":0.04,"Actual Rows":22,"Actual Loops":1,"Output":["nation.n_name","nation.n_nationkey"],"Inner Unique":true,"Hash Cond":"(nation.n_regionkey = region.r_regionkey)","Shared Hit Blocks":2,"Shared Read Blocks":0,"Shared Dirtied Blocks":0,"Shared Written Blocks":0,"Local Hit Blocks":0,"Local Read Blocks":0,"Local Dirtied Blocks":0,"Local Written Blocks":0,"Temp Read Blocks":0,"Temp Written Blocks":0,"I/O Read Time":0.0,"I/O Write Time":0.0,"Temp I/O Read Time":0.0,"Temp I/O Write Time":0.0,"Plans":[{"Node Type":"Seq Scan","Parent Relationship":"Outer","Parallel Aware":false,"Async Capable":false,"Relation Name":"nation","Schema":"public","Alias":"nation","Startup Cost":0.0,"Total Cost":1.62,"Plan Rows":62,"Plan Width":16,"Actual Startup Time":0.006,"Actual Total Time":0.011,"Actual Rows":62,"Actual Loops":1,"Output":["nation.n_nationkey","nation.n_name","nation.n_regionkey","nation.n_comment"],"Shared Hit Blocks":1,"Shared Read Blocks":0,"Shared Dirtied Blocks":0,"Shared Written Blocks":0,"Local Hit Blocks":0,"Local Read Blocks":0,"Local Dirtied Blocks":0,"Local Written Blocks":0,"Temp Read Blocks":0,"Temp Written Blocks":0,"I/O Read Time":0.0,"I/O Write Time":0.0,"Temp I/O Read Time":0.0,"Temp I/O Write Time":0.0},{"Node Type":"Hash","Parent Relationship":"Inner","Parallel Aware":false,"Async Capable":false,"Startup Cost":1.06,"Total Cost":1.06,"Plan Rows":1,"Plan Width":4,"Actual Startup Time":0.008,"Actual Total Time":0.01,"Actual Rows":1,"Actual Loops":1,"Output":["region.r_regionkey"],"Hash Buckets":1024,"Original Hash Buckets":1024,"Hash Batches":1,"Original Hash Batches":1,"Peak Memory Usage":9,"Shared Hit Blocks":1,"Shared Read Blocks":0,"Shared Dirtied Blocks":0,"Shared Written Blocks":0,"Local Hit Blocks":0,"Local Read Blocks":0,"Local Dirtied Blocks":0,"Local Written Blocks":0,"Temp Read Blocks":0,"Temp Written Blocks":0,"I/O Read Time":0.0,"I/O Write Time":0.0,"Temp I/O Read Time":0.0,"Temp I/O Write Time":0.0,"Plans":[{"Node Type":"Seq Scan","Parent Relationship":"Outer","Parallel Aware":false,"Async Capable":false,"Relation Name":"region","Schema":"public","Alias":"region","Startup Cost":0.0,"Total Cost":1.06,"Plan Rows":1,"Plan Width":4,"Actual Startup Time":0.006,"Actual Total Time":0.007,"Actual Rows":1,"Actual Loops":1,"Output":["region.r_regionkey"],"Filter":"((region.r_name)::text = 'Europe'::text)","Rows Removed by Filter":4,"Shared Hit Blocks":1,"Shared Read Blocks":0,"Shared Dirtied Blocks":0,"Shared Written Blocks":0,"Local Hit Blocks":0,"Local Read Blocks":0,"Local Dirtied Blocks":0,"Local Written Blocks":0,"Temp Read Blocks":0,"Temp Written Blocks":0,"I/O Read Time":0.0,"I/O Write Time":0.0,"Temp I/O Read Time":0.0,"Temp I/O Write Time":0.0}]}]}]}]}]},{"Node Type":"Index Only Scan","Parent Relationship":"Inner","Parallel Aware":false,"Async Capable":false,"Scan Direction":"Forward","Index Name":"stock_pk","Relation Name":"stock","Schema":"public","Alias":"stock","Startup Cost":0.43,"Total Cost":259690.86,"Plan Rows":10000162,"Plan Width":6,"Actual Startup Time":0.049,"Actual Total Time":703.04,"Actual Rows":9999996,"Actual Loops":1,"Output":["stock.s_w_id","stock.s_i_id"],"Heap Fetches":0,"Shared Hit Blocks":27338,"Shared Read Blocks":0,"Shared Dirtied Blocks":0,"Shared Written Blocks":0,"Local Hit Blocks":0,"Local Read Blocks":0,"Local Dirtied Blocks":0,"Local Written Blocks":0,"Temp Read Blocks":0,"Temp Written Blocks":0,"I/O Read Time":0.0,"I/O Write Time":0.0,"Temp I/O Read Time":0.0,"Temp I/O Write Time":0.0}]},{"Node Type":"Hash","Parent Relationship":"Inner","Parallel Aware":false,"Async Capable":false,"Startup Cost":219.01,"Total Cost":219.01,"Plan Rows":10001,"Plan Width":8,"Actual Startup Time":3.086,"Actual Total Time":3.088,"Actual Rows":10000,"Actual Loops":1,"Output":["supplier.su_suppkey","supplier.su_nationkey"],"Hash Buckets":16384,"Original Hash Buckets":16384,"Hash Batches":1,"Original Hash Batches":1,"Peak Memory Usage":519,"Shared Hit Blocks":0,"Shared Read Blocks":0,"Shared Dirtied Blocks":0,"Shared Written Blocks":0,"Local Hit Blocks":0,"Local Read Blocks":0,"Local Dirtied Blocks":0,"Local Written Blocks":0,"Temp Read Blocks":0,"Temp Written Blocks":0,"I/O Read Time":0.0,"I/O Write Time":0.0,"Temp I/O Read Time":0.0,"Temp I/O Write Time":0.0,"Plans":[{"Node Type":"Append","Parent Relationship":"Outer","Parallel Aware":false,"Async Capable":false,"Startup Cost":20.0,"Total Cost":219.01,"Plan Rows":10001,"Plan Width":8,"Actual Startup Time":0.014,"Actual Total Time":1.777,"Actual Rows":10000,"Actual Loops":1,"Shared Hit Blocks":0,"Shared Read Blocks":0,"Shared Dirtied Blocks":0,"Shared Written Blocks":0,"Local Hit Blocks":0,"Local Read Blocks":0,"Local Dirtied Blocks":0,"Local Written Blocks":0,"Temp Read Blocks":0,"Temp Written Blocks":0,"I/O Read Time":0.0,"I/O Write Time":0.0,"Temp I/O Read Time":0.0,"Temp I/O Write Time":0.0,"Subplans Removed":0,"Plans":[{"Node Type":"Custom Scan","Parent Relationship":"Member","Custom Plan Provider":"columnar scan","Parallel Aware":false,"Async Capable":false,"Relation Name":"supplier","Schema":"public","Alias":"supplier","Startup Cost":20.0,"Total Cost":215.0,"Plan Rows":10000,"Plan Width":8,"Actual Startup Time":0.012,"Actual Total Time":1.079,"Actual Rows":10000,"Actual Loops":1,"Output":["supplier.su_suppkey","supplier.su_nationkey"],"Rows Removed by Columnar Filter":0,"Columnar cache search mode":"native","Shared Hit Blocks":0,"Shared Read Blocks":0,"Shared Dirtied Blocks":0,"Shared Written Blocks":0,"Local Hit Blocks":0,"Local Read Blocks":0,"Local Dirtied Blocks":0,"Local Written Blocks":0,"Temp Read Blocks":0,"Temp Written Blocks":0,"I/O Read Time":0.0,"I/O Write Time":0.0,"Temp I/O Read Time":0.0,"Temp I/O Write Time":0.0},{"Node Type":"Seq Scan","Parent Relationship":"Member","Parallel Aware":false,"Async Capable":false,"Relation Name":"supplier","Schema":"public","Alias":"supplier","Startup Cost":0.0,"Total Cost":4.01,"Plan Rows":1,"Plan Width":8,"Actual Startup Time":0.0,"Actual Total Time":0.0,"Actual Rows":0,"Actual Loops":0,"Output":["supplier.su_suppkey","supplier.su_nationkey"],"Shared Hit Blocks":0,"Shared Read Blocks":0,"Shared Dirtied Blocks":0,"Shared Written Blocks":0,"Local Hit Blocks":0,"Local Read Blocks":0,"Local Dirtied Blocks":0,"Local Written Blocks":0,"Temp Read Blocks":0,"Temp Written Blocks":0,"I/O Read Time":0.0,"I/O Write Time":0.0,"Temp I/O Read Time":0.0,"Temp I/O Write Time":0.0}]}]}]}]}]}]},"Planning":{"Shared Hit Blocks":16,"Shared Read Blocks":0,"Shared Dirtied Blocks":0,"Shared Written Blocks":0,"Local Hit Blocks":0,"Local Read Blocks":0,"Local Dirtied Blocks":0,"Local Written Blocks":0,"Temp Read Blocks":0,"Temp Written Blocks":0,"I/O Read Time":0.0,"I/O Write Time":0.0,"Temp I/O Read Time":0.0,"Temp I/O Write Time":0.0},"Planning Time":5.097,"Triggers":[],"Execution Time":10179.001}]
[列存组合]: customer, order_line, region, stock
[{"Plan":{"Node Type":"Sort","Parallel Aware":false,"Async Capable":false,"Startup Cost":1195014.88,"Total Cost":1195015.03,"Plan Rows":62,"Plan Width":40,"Actual Startup Time":5214.638,"Actual Total Time":5214.666,"Actual Rows":11,"Actual Loops":1,"Output":["nation.n_name","(sum(order_line.ol_amount))"],"Sort Key":["(sum(order_line.ol_amount)) DESC"],"Sort Method":"quicksort","Sort Space Used":25,"Sort Space Type":"Memory","Shared Hit Blocks":22278,"Shared Read Blocks":0,"Shared Dirtied Blocks":0,"Shared Written Blocks":0,"Local Hit Blocks":0,"Local Read Blocks":0,"Local Dirtied Blocks":0,"Local Written Blocks":0,"Temp Read Blocks":31471,"Temp Written Blocks":31471,"I/O Read Time":0.0,"I/O Write Time":0.0,"Temp I/O Read Time":51.386,"Temp I/O Write Time":141.192,"Plans":[{"Node Type":"Aggregate","Strategy":"Sorted","Partial Mode":"Simple","Parent Relationship":"Outer","Parallel Aware":false,"Async Capable":false,"Startup Cost":1194939.1,"Total Cost":1195013.03,"Plan Rows":62,"Plan Width":40,"Actual Startup Time":5211.784,"Actual Total Time":5214.649,"Actual Rows":11,"Actual Loops":1,"Output":["nation.n_name","sum(order_line.ol_amount)"],"Group Key":["nation.n_name"],"Shared Hit Blocks":22278,"Shared Read Blocks":0,"Shared Dirtied Blocks":0,"Shared Written Blocks":0,"Local Hit Blocks":0,"Local Read Blocks":0,"Local Dirtied Blocks":0,"Local Written Blocks":0,"Temp Read Blocks":31471,"Temp Written Blocks":31471,"I/O Read Time":0.0,"I/O Write Time":0.0,"Temp I/O Read Time":51.386,"Temp I/O Write Time":141.192,"Plans":[{"Node Type":"Sort","Parent Relationship":"Outer","Parallel Aware":false,"Async Capable":false,"Startup Cost":1194939.1,"Total Cost":1194963.48,"Plan Rows":9755,"Plan Width":12,"Actual Startup Time":5211.57,"Actual Total Time":5212.378,"Actual Rows":17493,"Actual Loops":1,"Output":["nation.n_name","order_line.ol_amount"],"Sort Key":["nation.n_name"],"Sort Method":"quicksort","Sort Space Used":1725,"Sort Space Type":"Memory","Shared Hit Blocks":22278,"Shared Read Blocks":0,"Shared Dirtied Blocks":0,"Shared Written Blocks":0,"Local Hit Blocks":0,"Local Read Blocks":0,"Local Dirtied Blocks":0,"Local Written Blocks":0,"Temp Read Blocks":31471,"Temp Written Blocks":31471,"I/O Read Time":0.0,"I/O Write Time":0.0,"Temp I/O Read Time":51.386,"Temp I/O Write Time":141.192,"Plans":[{"Node Type":"Hash Join","Parent Relationship":"Outer","Parallel Aware":false,"Async Capable":false,"Join Type":"Inner","Startup Cost":435485.54,"Total Cost":1194292.73,"Plan Rows":9755,"Plan Width":12,"Actual Startup Time":2105.648,"Actual Total Time":5203.015,"Actual Rows":17493,"Actual Loops":1,"Output":["nation.n_name","order_line.ol_amount"],"Hash Cond":"((orders.o_c_id = customer.c_id) AND (orders.o_w_id = customer.c_w_id) AND (orders.o_d_id = customer.c_d_id) AND (supplier.su_nationkey = customer.c_nationkey))","Shared Hit Blocks":22278,"Shared Read Blocks":0,"Shared Dirtied Blocks":0,"Shared Written Blocks":0,"Local Hit Blocks":0,"Local Read Blocks":0,"Local Dirtied Blocks":0,"Local Written Blocks":0,"Temp Read Blocks":31471,"Temp Written Blocks":31471,"I/O Read Time":0.0,"I/O Write Time":0.0,"Temp I/O Read Time":51.386,"Temp I/O Write Time":141.192,"Plans":[{"Node Type":"Hash Join","Parent Relationship":"Outer","Parallel Aware":false,"Async Capable":false,"Join Type":"Inner","Startup Cost":106331.6,"Total Cost":834741.88,"Plan Rows":602754,"Plan Width":34,"Actual Startup Time":904.406,"Actual Total Time":3206.591,"Actual Rows":1489124,"Actual Loops":1,"Output":["orders.o_c_id","orders.o_w_id","orders.o_d_id","order_line.ol_amount","order_line.ol_w_id","order_line.ol_d_id","stock.s_w_id","supplier.su_nationkey","nation.n_name","nation.n_nationkey"],"Hash Cond":"((order_line.ol_w_id = orders.o_w_id) AND (order_line.ol_d_id = orders.o_d_id) AND (order_line.ol_o_id = orders.o_id))","Shared Hit Blocks":22278,"Shared Read Blocks":0,"Shared Dirtied Blocks":0,"Shared Written Blocks":0,"Local Hit Blocks":0,"Local Read Blocks":0,"Local Dirtied Blocks":0,"Local Written Blocks":0,"Temp Read Blocks":9894,"Temp Written Blocks":9894,"I/O Read Time":0.0,"I/O Write Time":0.0,"Temp I/O Read Time":16.495,"Temp I/O Write Time":44.246,"Plans":[{"Node Type":"Hash Join","Parent Relationship":"Outer","Parallel Aware":false,"Async Capable":false,"Join Type":"Inner","Startup Cost":29725.01,"Total Cost":656340.76,"Plan Rows":4242986,"Plan Width":34,"Actual Startup Time":569.578,"Actual Total Time":2144.493,"Actual Rows":1498118,"Actual Loops":1,"Output":["order_line.ol_amount","order_line.ol_o_id","order_line.ol_w_id","order_line.ol_d_id","stock.s_w_id","supplier.su_nationkey","nation.n_name","nation.n_nationkey"],"Hash Cond":"(mod((stock.s_w_id * stock.s_i_id), 10000) = supplier.su_suppkey)","Shared Hit Blocks":219,"Shared Read Blocks":0,"Shared Dirtied Blocks":0,"Shared Written Blocks":0,"Local Hit Blocks":0,"Local Read Blocks":0,"Local Dirtied Blocks":0,"Local Written Blocks":0,"Temp Read Blocks":0,"Temp Written Blocks":0,"I/O Read Time":0.0,"I/O Write Time":0.0,"Temp I/O Read Time":0.0,"Temp I/O Write Time":0.0,"Plans":[{"Node Type":"Hash Join","Parent Relationship":"Outer","Parallel Aware":false,"Async Capable":false,"Join Type":"Inner","Startup Cost":29323.02,"Total Cost":480915.59,"Plan Rows":21214932,"Plan Width":22,"Actual Startup Time":566.716,"Actual Total Time":1470.491,"Actual Rows":4311079,"Actual Loops":1,"Output":["order_line.ol_amount","order_line.ol_o_id","order_line.ol_w_id","order_line.ol_d_id","stock.s_w_id","stock.s_i_id"],"Hash Cond":"((order_line.ol_w_id = stock.s_w_id) AND (order_line.ol_i_id = stock.s_i_id))","Rows Removed by Bloom Filter":0,"Shared Hit Blocks":0,"Shared Read Blocks":0,"Shared Dirtied Blocks":0,"Shared Written Blocks":0,"Local Hit Blocks":0,"Local Read Blocks":0,"Local Dirtied Blocks":0,"Local Written Blocks":0,"Temp Read Blocks":0,"Temp Written Blocks":0,"I/O Read Time":0.0,"I/O Write Time":0.0,"Temp I/O Read Time":0.0,"Temp I/O Write Time":0.0,"Plans":[{"Node Type":"Append","Parent Relationship":"Outer","Parallel Aware":false,"Async Capable":false,"Startup Cost":20.0,"Total Cost":533646.5,"Plan Rows":20926367,"Plan Width":20,"Actual Startup Time":123.177,"Actual Total Time":123.183,"Actual Rows":4311079,"Actual Loops":1,"Shared Hit Blocks":0,"Shared Read Blocks":0,"Shared Dirtied Blocks":0,"Shared Written Blocks":0,"Local Hit Blocks":0,"Local Read Blocks":0,"Local Dirtied Blocks":0,"Local Written Blocks":0,"Temp Read Blocks":0,"Temp Written Blocks":0,"I/O Read Time":0.0,"I/O Write Time":0.0,"Temp I/O Read Time":0.0,"Temp I/O Write Time":0.0,"Subplans Removed":0,"Plans":[{"Node Type":"Custom Scan","Parent Relationship":"Member","Custom Plan Provider":"columnar scan","Parallel Aware":false,"Async Capable":false,"Relation Name":"order_line","Schema":"public","Alias":"order_line","Startup Cost":20.0,"Total Cost":533641.75,"Plan Rows":20926325,"Plan Width":20,"Actual Startup Time":123.175,"Actual Total Time":123.177,"Actual Rows":4311079,"Actual Loops":1,"Output":["order_line.ol_amount","order_line.ol_o_id","order_line.ol_w_id","order_line.ol_d_id","order_line.ol_i_id"],"Filter":"(order_line.ol_delivery_d >= '1992-01-02 20:10:02.27764'::timestamp without time zone)","Rows Removed by Filter":0,"Rows Removed by Columnar Filter":25686653,"Rows Filtered by Bloom Filter":0,"Dictionary Rows Filtered by Bloom Filter":25686653,"Columnar cache search mode":"native","Shared Hit Blocks":0,"Shared Read Blocks":0,"Shared Dirtied Blocks":0,"Shared Written Blocks":0,"Local Hit Blocks":0,"Local Read Blocks":0,"Local Dirtied Blocks":0,"Local Written Blocks":0,"Temp Read Blocks":0,"Temp Written Blocks":0,"I/O Read Time":0.0,"I/O Write Time":0.0,"Temp I/O Read Time":0.0,"Temp I/O Write Time":0.0},{"Node Type":"Seq Scan","Parent Relationship":"Member","Parallel Aware":false,"Async Capable":false,"Relation Name":"order_line","Schema":"public","Alias":"order_line","Startup Cost":0.0,"Total Cost":4.75,"Plan Rows":42,"Plan Width":20,"Actual Startup Time":0.0,"Actual Total Time":0.0,"Actual Rows":0,"Actual Loops":0,"Output":["order_line.ol_amount","order_line.ol_o_id","order_line.ol_w_id","order_line.ol_d_id","order_line.ol_i_id"],"Filter":"(order_line.ol_delivery_d >= '1992-01-02 20:10:02.27764'::timestamp without time zone)","Rows Removed by Filter":0,"Shared Hit Blocks":0,"Shared Read Blocks":0,"Shared Dirtied Blocks":0,"Shared Written Blocks":0,"Local Hit Blocks":0,"Local Read Blocks":0,"Local Dirtied Blocks":0,"Local Written Blocks":0,"Temp Read Blocks":0,"Temp Written Blocks":0,"I/O Read Time":0.0,"I/O Write Time":0.0,"Temp I/O Read Time":0.0,"Temp I/O Write Time":0.0}]},{"Node Type":"Hash","Parent Relationship":"Inner","Parallel Aware":false,"Async Capable":false,"Startup Cost":195025.67,"Total Cost":195025.67,"Plan Rows":10000162,"Plan Width":6,"Actual Rows":10000000,"Actual Loops":1,"Output":["stock.s_w_id","stock.s_i_id"],"Shared Hit Blocks":0,"Shared Read Blocks":0,"Shared Dirtied Blocks":0,"Shared Written Blocks":0,"Local Hit Blocks":0,"Local Read Blocks":0,"Local Dirtied Blocks":0,"Local Written Blocks":0,"Temp Read Blocks":0,"Temp Written Blocks":0,"I/O Read Time":0.0,"I/O Write Time":0.0,"Temp I/O Read Time":0.0,"Temp I/O Write Time":0.0,"Plans":[{"Node Type":"Append","Parent Relationship":"Outer","Parallel Aware":false,"Async Capable":false,"Startup Cost":20.0,"Total Cost":195025.67,"Plan Rows":10000162,"Plan Width":6,"Actual Startup Time":0.258,"Actual Total Time":0.261,"Actual Rows":10000000,"Actual Loops":1,"Shared Hit Blocks":0,"Shared Read Blocks":0,"Shared Dirtied Blocks":0,"Shared Written Blocks":0,"Local Hit Blocks":0,"Local Read Blocks":0,"Local Dirtied Blocks":0,"Local Written Blocks":0,"Temp Read Blocks":0,"Temp Written Blocks":0,"I/O Read Time":0.0,"I/O Write Time":0.0,"Temp I/O Read Time":0.0,"Temp I/O Write Time":0.0,"Subplans Removed":0,"Plans":[{"Node Type":"Custom Scan","Parent Relationship":"Member","Custom Plan Provider":"columnar scan","Parallel Aware":false,"Async Capable":false,"Relation Name":"stock","Schema":"public","Alias":"stock","Startup Cost":20.0,"Total Cost":195020.05,"Plan Rows":10000000,"Plan Width":6,"Actual Startup Time":0.256,"Actual Total Time":0.256,"Actual Rows":10000000,"Actual Loops":1,"Output":["stock.s_w_id","stock.s_i_id"],"Rows Removed by Columnar Filter":0,"Columnar cache search mode":"native","Shared Hit Blocks":0,"Shared Read Blocks":0,"Shared Dirtied Blocks":0,"Shared Written Blocks":0,"Local Hit Blocks":0,"Local Read Blocks":0,"Local Dirtied Blocks":0,"Local Written Blocks":0,"Temp Read Blocks":0,"Temp Written Blocks":0,"I/O Read Time":0.0,"I/O Write Time":0.0,"Temp I/O Read Time":0.0,"Temp I/O Write Time":0.0},{"Node Type":"Seq Scan","Parent Relationship":"Member","Parallel Aware":false,"Async Capable":false,"Relation Name":"stock","Schema":"public","Alias":"stock","Startup Cost":0.0,"Total Cost":5.62,"Plan Rows":162,"Plan Width":6,"Actual Startup Time":0.0,"Actual Total Time":0.0,"Actual Rows":0,"Actual Loops":0,"Output":["stock.s_w_id","stock.s_i_id"],"Shared Hit Blocks":0,"Shared Read Blocks":0,"Shared Dirtied Blocks":0,"Shared Written Blocks":0,"Local Hit Blocks":0,"Local Read Blocks":0,"Local Dirtied Blocks":0,"Local Written Blocks":0,"Temp Read Blocks":0,"Temp Written Blocks":0,"I/O Read Time":0.0,"I/O Write Time":0.0,"Temp I/O Read Time":0.0,"Temp I/O Write Time":0.0}]}]}]},{"Node Type":"Hash","Parent Relationship":"Inner","Parallel Aware":false,"Async Capable":false,"Startup Cost":376.99,"Total Cost":376.99,"Plan Rows":2000,"Plan Width":20,"Actual Startup Time":2.827,"Actual Total Time":2.838,"Actual Rows":3506,"Actual Loops":1,"Output":["supplier.su_suppkey","supplier.su_nationkey","nation.n_name","nation.n_nationkey"],"Hash Buckets":4096,"Original Hash Buckets":2048,"Hash Batches":1,"Original Hash Batches":1,"Peak Memory Usage":217,"Shared Hit Blocks":219,"Shared Read Blocks":0,"Shared Dirtied Blocks":0,"Shared Written Blocks":0,"Local Hit Blocks":0,"Local Read Blocks":0,"Local Dirtied Blocks":0,"Local Written Blocks":0,"Temp Read Blocks":0,"Temp Written Blocks":0,"I/O Read Time":0.0,"I/O Write Time":0.0,"Temp I/O Read Time":0.0,"Temp I/O Write Time":0.0,"Plans":[{"Node Type":"Hash Join","Parent Relationship":"Outer","Parallel Aware":false,"Async Capable":false,"Join Type":"Inner","Startup Cost":3.14,"Total Cost":376.99,"Plan Rows":2000,"Plan Width":20,"Actual Startup Time":0.07,"Actual Total Time":2.244,"Actual Rows":3506,"Actual Loops":1,"Output":["supplier.su_suppkey","supplier.su_nationkey","nation.n_name","nation.n_nationkey"],"Hash Cond":"(supplier.su_nationkey = nation.n_nationkey)","Shared Hit Blocks":219,"Shared Read Blocks":0,"Shared Dirtied Blocks":0,"Shared Written Blocks":0,"Local Hit Blocks":0,"Local Read Blocks":0,"Local Dirtied Blocks":0,"Local Written Blocks":0,"Temp Read Blocks":0,"Temp Written Blocks":0,"I/O Read Time":0.0,"I/O Write Time":0.0,"Temp I/O Read Time":0.0,"Temp I/O Write Time":0.0,"Plans":[{"Node Type":"Seq Scan","Parent Relationship":"Outer","Parallel Aware":false,"Async Capable":false,"Relation Name":"supplier","Schema":"public","Alias":"supplier","Startup Cost":0.0,"Total Cost":317.0,"Plan Rows":10000,"Plan Width":8,"Actual Startup Time":0.013,"Actual Total Time":0.795,"Actual Rows":10000,"Actual Loops":1,"Output":["supplier.su_suppkey","supplier.su_name","supplier.su_address","supplier.su_nationkey","supplier.su_phone","supplier.su_acctbal","supplier.su_comment"],"Shared Hit Blocks":217,"Shared Read Blocks":0,"Shared Dirtied Blocks":0,"Shared Written Blocks":0,"Local Hit Blocks":0,"Local Read Blocks":0,"Local Dirtied Blocks":0,"Local Written Blocks":0,"Temp Read Blocks":0,"Temp Written Blocks":0,"I/O Read Time":0.0,"I/O Write Time":0.0,"Temp I/O Read Time":0.0,"Temp I/O Write Time":0.0},{"Node Type":"Hash","Parent Relationship":"Inner","Parallel Aware":false,"Async Capable":false,"Startup Cost":2.99,"Total Cost":2.99,"Plan Rows":12,"Plan Width":12,"Actual Startup Time":0.047,"Actual Total Time":0.053,"Actual Rows":22,"Actual Loops":1,"Output":["nation.n_name","nation.n_nationkey"],"Hash Buckets":1024,"Original Hash Buckets":1024,"Hash Batches":1,"Original Hash Batches":1,"Peak Memory Usage":9,"Shared Hit Blocks":2,"Shared Read Blocks":0,"Shared Dirtied Blocks":0,"Shared Written Blocks":0,"Local Hit Blocks":0,"Local Read Blocks":0,"Local Dirtied Blocks":0,"Local Written Blocks":0,"Temp Read Blocks":0,"Temp Written Blocks":0,"I/O Read Time":0.0,"I/O Write Time":0.0,"Temp I/O Read Time":0.0,"Temp I/O Write Time":0.0,"Plans":[{"Node Type":"Hash Join","Parent Relationship":"Outer","Parallel Aware":false,"Async Capable":false,"Join Type":"Inner","Startup Cost":1.07,"Total Cost":2.99,"Plan Rows":12,"Plan Width":12,"Actual Startup Time":0.029,"Actual Total Time":0.046,"Actual Rows":22,"Actual Loops":1,"Output":["nation.n_name","nation.n_nationkey"],"Hash Cond":"(nation.n_regionkey = region.r_regionkey)","Shared Hit Blocks":2,"Shared Read Blocks":0,"Shared Dirtied Blocks":0,"Shared Written Blocks":0,"Local Hit Blocks":0,"Local Read Blocks":0,"Local Dirtied Blocks":0,"Local Written Blocks":0,"Temp Read Blocks":0,"Temp Written Blocks":0,"I/O Read Time":0.0,"I/O Write Time":0.0,"Temp I/O Read Time":0.0,"Temp I/O Write Time":0.0,"Plans":[{"Node Type":"Seq Scan","Parent Relationship":"Outer","Parallel Aware":false,"Async Capable":false,"Relation Name":"nation","Schema":"public","Alias":"nation","Startup Cost":0.0,"Total Cost":1.62,"Plan Rows":62,"Plan Width":16,"Actual Startup Time":0.005,"Actual Total Time":0.008,"Actual Rows":62,"Actual Loops":1,"Output":["nation.n_nationkey","nation.n_name","nation.n_regionkey","nation.n_comment"],"Shared Hit Blocks":1,"Shared Read Blocks":0,"Shared Dirtied Blocks":0,"Shared Written Blocks":0,"Local Hit Blocks":0,"Local Read Blocks":0,"Local Dirtied Blocks":0,"Local Written Blocks":0,"Temp Read Blocks":0,"Temp Written Blocks":0,"I/O Read Time":0.0,"I/O Write Time":0.0,"Temp I/O Read Time":0.0,"Temp I/O Write Time":0.0},{"Node Type":"Hash","Parent Relationship":"Inner","Parallel Aware":false,"Async Capable":false,"Startup Cost":1.06,"Total Cost":1.06,"Plan Rows":1,"Plan Width":4,"Actual Startup Time":0.012,"Actual Total Time":0.014,"Actual Rows":1,"Actual Loops":1,"Output":["region.r_regionkey"],"Hash Buckets":1024,"Original Hash Buckets":1024,"Hash Batches":1,"Original Hash Batches":1,"Peak Memory Usage":9,"Shared Hit Blocks":1,"Shared Read Blocks":0,"Shared Dirtied Blocks":0,"Shared Written Blocks":0,"Local Hit Blocks":0,"Local Read Blocks":0,"Local Dirtied Blocks":0,"Local Written Blocks":0,"Temp Read Blocks":0,"Temp Written Blocks":0,"I/O Read Time":0.0,"I/O Write Time":0.0,"Temp I/O Read Time":0.0,"Temp I/O Write Time":0.0,"Plans":[{"Node Type":"Seq Scan","Parent Relationship":"Outer","Parallel Aware":false,"Async Capable":false,"Relation Name":"region","Schema":"public","Alias":"region","Startup Cost":0.0,"Total Cost":1.06,"Plan Rows":1,"Plan Width":4,"Actual Startup Time":0.008,"Actual Total Time":0.009,"Actual Rows":1,"Actual Loops":1,"Output":["region.r_regionkey"],"Filter":"((region.r_name)::text = 'Europe'::text)","Rows Removed by Filter":4,"Shared Hit Blocks":1,"Shared Read Blocks":0,"Shared Dirtied Blocks":0,"Shared Written Blocks":0,"Local Hit Blocks":0,"Local Read Blocks":0,"Local Dirtied Blocks":0,"Local Written Blocks":0,"Temp Read Blocks":0,"Temp Written Blocks":0,"I/O Read Time":0.0,"I/O Write Time":0.0,"Temp I/O Read Time":0.0,"Temp I/O Write Time":0.0}]}]}]}]}]}]},{"Node Type":"Hash","Parent Relationship":"Inner","Parallel Aware":false,"Async Capable":false,"Startup Cost":67059.0,"Total Cost":67059.0,"Plan Rows":426548,"Plan Width":16,"Actual Startup Time":333.125,"Actual Total Time":333.126,"Actual Rows":428399,"Actual Loops":1,"Output":["orders.o_c_id","orders.o_w_id","orders.o_d_id","orders.o_id"],"Hash Buckets":262144,"Original Hash Buckets":262144,"Hash Batches":4,"Original Hash Batches":4,"Peak Memory Usage":7080,"Shared Hit Blocks":22059,"Shared Read Blocks":0,"Shared Dirtied Blocks":0,"Shared Written Blocks":0,"Local Hit Blocks":0,"Local Read Blocks":0,"Local Dirtied Blocks":0,"Local Written Blocks":0,"Temp Read Blocks":0,"Temp Written Blocks":1410,"I/O Read Time":0.0,"I/O Write Time":0.0,"Temp I/O Read Time":0.0,"Temp I/O Write Time":6.727,"Plans":[{"Node Type":"Seq Scan","Parent Relationship":"Outer","Parallel Aware":false,"Async Capable":false,"Relation Name":"orders","Schema":"public","Alias":"orders","Startup Cost":0.0,"Total Cost":67059.0,"Plan Rows":426548,"Plan Width":16,"Actual Startup Time":0.835,"Actual Total Time":224.7,"Actual Rows":428399,"Actual Loops":1,"Output":["orders.o_c_id","orders.o_w_id","orders.o_d_id","orders.o_id"],"Filter":"((orders.o_entry_d >= '1993-01-02 20:10:02.27764'::timestamp without time zone) AND (orders.o_entry_d < '1994-01-02 20:10:02.27764'::timestamp without time zone))","Rows Removed by Filter":2571601,"Shared Hit Blocks":22059,"Shared Read Blocks":0,"Shared Dirtied Blocks":0,"Shared Written Blocks":0,"Local Hit Blocks":0,"Local Read Blocks":0,"Local Dirtied Blocks":0,"Local Written Blocks":0,"Temp Read Blocks":0,"Temp Written Blocks":0,"I/O Read Time":0.0,"I/O Write Time":0.0,"Temp I/O Read Time":0.0,"Temp I/O Write Time":0.0}]}]},{"Node Type":"Hash","Parent Relationship":"Inner","Parallel Aware":false,"Async Capable":false,"Startup Cost":254511.16,"Total Cost":254511.16,"Plan Rows":2999739,"Plan Width":12,"Actual Startup Time":1191.918,"Actual Total Time":1191.919,"Actual Rows":3000000,"Actual Loops":1,"Output":["customer.c_id","customer.c_w_id","customer.c_d_id","customer.c_nationkey"],"Hash Buckets":262144,"Original Hash Buckets":262144,"Hash Batches":32,"Original Hash Batches":32,"Peak Memory Usage":6058,"Shared Hit Blocks":0,"Shared Read Blocks":0,"Shared Dirtied Blocks":0,"Shared Written Blocks":0,"Local Hit Blocks":0,"Local Read Blocks":0,"Local Dirtied Blocks":0,"Local Written Blocks":0,"Temp Read Blocks":0,"Temp Written Blocks":11339,"I/O Read Time":0.0,"I/O Write Time":0.0,"Temp I/O Read Time":0.0,"Temp I/O Write Time":50.223,"Plans":[{"Node Type":"Append","Parent Relationship":"Outer","Parallel Aware":false,"Async Capable":false,"Startup Cost":20.0,"Total Cost":254511.16,"Plan Rows":2999739,"Plan Width":12,"Actual Startup Time":0.025,"Actual Total Time":662.27,"Actual Rows":3000000,"Actual Loops":1,"Shared Hit Blocks":0,"Shared Read Blocks":0,"Shared Dirtied Blocks":0,"Shared Written Blocks":0,"Local Hit Blocks":0,"Local Read Blocks":0,"Local Dirtied Blocks":0,"Local Written Blocks":0,"Temp Read Blocks":0,"Temp Written Blocks":0,"I/O Read Time":0.0,"I/O Write Time":0.0,"Temp I/O Read Time":0.0,"Temp I/O Write Time":0.0,"Subplans Removed":0,"Plans":[{"Node Type":"Custom Scan","Parent Relationship":"Member","Custom Plan Provider":"columnar scan","Parallel Aware":false,"Async Capable":false,"Relation Name":"customer","Schema":"public","Alias":"customer","Startup Cost":20.0,"Total Cost":70513.87,"Plan Rows":2999738,"Plan Width":12,"Actual Startup Time":0.024,"Actual Total Time":449.9,"Actual Rows":3000000,"Actual Loops":1,"Output":["customer.c_id","customer.c_w_id","customer.c_d_id","customer.c_nationkey"],"Rows Removed by Columnar Filter":0,"Columnar cache search mode":"native","Shared Hit Blocks":0,"Shared Read Blocks":0,"Shared Dirtied Blocks":0,"Shared Written Blocks":0,"Local Hit Blocks":0,"Local Read Blocks":0,"Local Dirtied Blocks":0,"Local Written Blocks":0,"Temp Read Blocks":0,"Temp Written Blocks":0,"I/O Read Time":0.0,"I/O Write Time":0.0,"Temp I/O Read Time":0.0,"Temp I/O Write Time":0.0},{"Node Type":"Seq Scan","Parent Relationship":"Member","Parallel Aware":false,"Async Capable":false,"Relation Name":"customer","Schema":"public","Alias":"customer","Startup Cost":0.0,"Total Cost":4.01,"Plan Rows":1,"Plan Width":12,"Actual Startup Time":0.0,"Actual Total Time":0.0,"Actual Rows":0,"Actual Loops":0,"Output":["customer.c_id","customer.c_w_id","customer.c_d_id","customer.c_nationkey"],"Shared Hit Blocks":0,"Shared Read Blocks":0,"Shared Dirtied Blocks":0,"Shared Written Blocks":0,"Local Hit Blocks":0,"Local Read Blocks":0,"Local Dirtied Blocks":0,"Local Written Blocks":0,"Temp Read Blocks":0,"Temp Written Blocks":0,"I/O Read Time":0.0,"I/O Write Time":0.0,"Temp I/O Read Time":0.0,"Temp I/O Write Time":0.0}]}]}]}]}]}]},"Planning":{"Shared Hit Blocks":16,"Shared Read Blocks":0,"Shared Dirtied Blocks":0,"Shared Written Blocks":0,"Local Hit Blocks":0,"Local Read Blocks":0,"Local Dirtied Blocks":0,"Local Written Blocks":0,"Temp Read Blocks":0,"Temp Written Blocks":0,"I/O Read Time":0.0,"I/O Write Time":0.0,"Temp I/O Read Time":0.0,"Temp I/O Write Time":0.0},"Planning Time":5.97,"Triggers":[],"Execution Time":5215.689}]
[列存组合]: customer, order_line, region, supplier
[{"Plan":{"Node Type":"Sort","Parallel Aware":false,"Async Capable":false,"Startup Cost":1997960.05,"Total Cost":1997960.21,"Plan Rows":62,"Plan Width":40,"Actual Startup Time":10299.559,"Actual Total Time":10299.587,"Actual Rows":11,"Actual Loops":1,"Output":["nation.n_name","(sum(order_line.ol_amount))"],"Sort Key":["(sum(order_line.ol_amount)) DESC"],"Sort Method":"quicksort","Sort Space Used":25,"Sort Space Type":"Memory","Shared Hit Blocks":49399,"Shared Read Blocks":0,"Shared Dirtied Blocks":0,"Shared Written Blocks":0,"Local Hit Blocks":0,"Local Read Blocks":0,"Local Dirtied Blocks":0,"Local Written Blocks":0,"Temp Read Blocks":62236,"Temp Written Blocks":62263,"I/O Read Time":0.0,"I/O Write Time":0.0,"Temp I/O Read Time":97.584,"Temp I/O Write Time":248.726,"Plans":[{"Node Type":"Aggregate","Strategy":"Sorted","Partial Mode":"Simple","Parent Relationship":"Outer","Parallel Aware":false,"Async Capable":false,"Startup Cost":1997884.27,"Total Cost":1997958.21,"Plan Rows":62,"Plan Width":40,"Actual Startup Time":10296.744,"Actual Total Time":10299.572,"Actual Rows":11,"Actual Loops":1,"Output":["nation.n_name","sum(order_line.ol_amount)"],"Group Key":["nation.n_name"],"Shared Hit Blocks":49399,"Shared Read Blocks":0,"Shared Dirtied Blocks":0,"Shared Written Blocks":0,"Local Hit Blocks":0,"Local Read Blocks":0,"Local Dirtied Blocks":0,"Local Written Blocks":0,"Temp Read Blocks":62236,"Temp Written Blocks":62263,"I/O Read Time":0.0,"I/O Write Time":0.0,"Temp I/O Read Time":97.584,"Temp I/O Write Time":248.726,"Plans":[{"Node Type":"Sort","Parent Relationship":"Outer","Parallel Aware":false,"Async Capable":false,"Startup Cost":1997884.27,"Total Cost":1997908.66,"Plan Rows":9755,"Plan Width":12,"Actual Startup Time":10296.534,"Actual Total Time":10297.304,"Actual Rows":17493,"Actual Loops":1,"Output":["nation.n_name","order_line.ol_amount"],"Sort Key":["nation.n_name"],"Sort Method":"quicksort","Sort Space Used":1725,"Sort Space Type":"Memory","Shared Hit Blocks":49399,"Shared Read Blocks":0,"Shared Dirtied Blocks":0,"Shared Written Blocks":0,"Local Hit Blocks":0,"Local Read Blocks":0,"Local Dirtied Blocks":0,"Local Written Blocks":0,"Temp Read Blocks":62236,"Temp Written Blocks":62263,"I/O Read Time":0.0,"I/O Write Time":0.0,"Temp I/O Read Time":97.584,"Temp I/O Write Time":248.726,"Plans":[{"Node Type":"Hash Join","Parent Relationship":"Outer","Parallel Aware":false,"Async Capable":false,"Join Type":"Inner","Startup Cost":1673741.0,"Total Cost":1997237.91,"Plan Rows":9755,"Plan Width":12,"Actual Startup Time":8457.111,"Actual Total Time":10287.661,"Actual Rows":17493,"Actual Loops":1,"Output":["nation.n_name","order_line.ol_amount"],"Inner Unique":true,"Hash Cond":"((mod((stock.s_w_id * stock.s_i_id), 10000) = supplier.su_suppkey) AND (customer.c_nationkey = supplier.su_nationkey))","Shared Hit Blocks":49399,"Shared Read Blocks":0,"Shared Dirtied Blocks":0,"Shared Written Blocks":0,"Local Hit Blocks":0,"Local Read Blocks":0,"Local Dirtied Blocks":0,"Local Written Blocks":0,"Temp Read Blocks":62236,"Temp Written Blocks":62263,"I/O Read Time":0.0,"I/O Write Time":0.0,"Temp I/O Read Time":97.584,"Temp I/O Write Time":248.726,"Plans":[{"Node Type":"Merge Join","Parent Relationship":"Outer","Parallel Aware":false,"Async Capable":false,"Join Type":"Inner","Startup Cost":1673371.97,"Total Cost":1993553.75,"Plan Rows":602749,"Plan Width":26,"Actual Startup Time":8453.617,"Actual Total Time":10143.164,"Actual Rows":1109507,"Actual Loops":1,"Output":["customer.c_nationkey","order_line.ol_amount","stock.s_w_id","stock.s_i_id","nation.n_name","nation.n_nationkey"],"Inner Unique":true,"Merge Cond":"((customer.c_w_id = stock.s_w_id) AND (order_line.ol_i_id = stock.s_i_id))","Shared Hit Blocks":49399,"Shared Read Blocks":0,"Shared Dirtied Blocks":0,"Shared Written Blocks":0,"Local Hit Blocks":0,"Local Read Blocks":0,"Local Dirtied Blocks":0,"Local Written Blocks":0,"Temp Read Blocks":62236,"Temp Written Blocks":62263,"I/O Read Time":0.0,"I/O Write Time":0.0,"Temp I/O Read Time":97.584,"Temp I/O Write Time":248.726,"Plans":[{"Node Type":"Sort","Parent Relationship":"Outer","Parallel Aware":false,"Async Capable":false,"Startup Cost":1673371.53,"Total Cost":1674859.22,"Plan Rows":595073,"Plan Width":30,"Actual Startup Time":8453.552,"Actual Total Time":8632.492,"Actual Rows":1109507,"Actual Loops":1,"Output":["customer.c_w_id","customer.c_nationkey","orders.o_w_id","order_line.ol_amount","order_line.ol_w_id","order_line.ol_i_id","nation.n_name","nation.n_nationkey"],"Sort Key":["customer.c_w_id","order_line.ol_i_id"],"Sort Method":"external merge","Sort Space Used":47304,"Sort Space Type":"Disk","Shared Hit Blocks":22061,"Shared Read Blocks":0,"Shared Dirtied Blocks":0,"Shared Written Blocks":0,"Local Hit Blocks":0,"Local Read Blocks":0,"Local Dirtied Blocks":0,"Local Written Blocks":0,"Temp Read Blocks":62236,"Temp Written Blocks":62263,"I/O Read Time":0.0,"I/O Write Time":0.0,"Temp I/O Read Time":97.584,"Temp I/O Write Time":248.726,"Plans":[{"Node Type":"Hash Join","Parent Relationship":"Outer","Parallel Aware":false,"Async Capable":false,"Join Type":"Inner","Startup Cost":398284.32,"Total Cost":1602057.98,"Plan Rows":595073,"Plan Width":30,"Actual Startup Time":1497.149,"Actual Total Time":7070.393,"Actual Rows":1109507,"Actual Loops":1,"Output":["customer.c_w_id","customer.c_nationkey","orders.o_w_id","order_line.ol_amount","order_line.ol_w_id","order_line.ol_i_id","nation.n_name","nation.n_nationkey"],"Inner Unique":false,"Hash Cond":"(customer.c_nationkey = nation.n_nationkey)","Shared Hit Blocks":22061,"Shared Read Blocks":0,"Shared Dirtied Blocks":0,"Shared Written Blocks":0,"Local Hit Blocks":0,"Local Read Blocks":0,"Local Dirtied Blocks":0,"Local Written Blocks":0,"Temp Read Blocks":50419,"Temp Written Blocks":50419,"I/O Read Time":0.0,"I/O Write Time":0.0,"Temp I/O Read Time":80.647,"Temp I/O Write Time":217.836,"Plans":[{"Node Type":"Hash Join","Parent Relationship":"Outer","Parallel Aware":false,"Async Capable":false,"Join Type":"Inner","Startup Cost":398281.18,"Total Cost":1585138.44,"Plan Rows":2975367,"Plan Width":18,"Actual Startup Time":1490.07,"Actual Total Time":6643.814,"Actual Rows":4284922,"Actual Loops":1,"Output":["customer.c_w_id","customer.c_nationkey","orders.o_w_id","order_line.ol_amount","order_line.ol_w_id","order_line.ol_i_id"],"Inner Unique":true,"Hash Cond":"((orders.o_c_id = customer.c_id) AND (orders.o_w_id = customer.c_w_id) AND (orders.o_d_id = customer.c_d_id))","Shared Hit Blocks":22059,"Shared Read Blocks":0,"Shared Dirtied Blocks":0,"Shared Written Blocks":0,"Local Hit Blocks":0,"Local Read Blocks":0,"Local Dirtied Blocks":0,"Local Written Blocks":0,"Temp Read Blocks":50419,"Temp Written Blocks":50419,"I/O Read Time":0.0,"I/O Write Time":0.0,"Temp I/O Read Time":80.647,"Temp I/O Write Time":217.836,"Plans":[{"Node Type":"Hash Join","Parent Relationship":"Outer","Parallel Aware":false,"Async Capable":false,"Join Type":"Inner","Startup Cost":76626.59,"Total Cost":1190536.82,"Plan Rows":2975367,"Plan Width":20,"Actual Startup Time":326.289,"Actual Total Time":3342.027,"Actual Rows":4284922,"Actual Loops":1,"Output":["orders.o_c_id","orders.o_w_id","orders.o_d_id","order_line.ol_amount","order_line.ol_w_id","order_line.ol_d_id","order_line.ol_i_id"],"Inner Unique":true,"Hash Cond":"((order_line.ol_w_id = orders.o_w_id) AND (order_line.ol_d_id = orders.o_d_id) AND (order_line.ol_o_id = orders.o_id))","Shared Hit Blocks":22059,"Shared Read Blocks":0,"Shared Dirtied Blocks":0,"Shared Written Blocks":0,"Local Hit Blocks":0,"Local Read Blocks":0,"Local Dirtied Blocks":0,"Local Written Blocks":0,"Temp Read Blocks":18772,"Temp Written Blocks":18772,"I/O Read Time":0.0,"I/O Write Time":0.0,"Temp I/O Read Time":30.899,"Temp I/O Write Time":79.557,"Plans":[{"Node Type":"Append","Parent Relationship":"Outer","Parallel Aware":false,"Async Capable":false,"Startup Cost":20.0,"Total Cost":701820.0,"Plan Rows":20926367,"Plan Width":20,"Actual Startup Time":1.394,"Actual Total Time":1305.591,"Actual Rows":4311079,"Actual Loops":1,"Shared Hit Blocks":0,"Shared Read Blocks":0,"Shared Dirtied Blocks":0,"Shared Written Blocks":0,"Local Hit Blocks":0,"Local Read Blocks":0,"Local Dirtied Blocks":0,"Local Written Blocks":0,"Temp Read Blocks":0,"Temp Written Blocks":0,"I/O Read Time":0.0,"I/O Write Time":0.0,"Temp I/O Read Time":0.0,"Temp I/O Write Time":0.0,"Subplans Removed":0,"Plans":[{"Node Type":"Custom Scan","Parent Relationship":"Member","Custom Plan Provider":"columnar scan","Parallel Aware":false,"Async Capable":false,"Relation Name":"order_line","Schema":"public","Alias":"order_line","Startup Cost":20.0,"Total Cost":533641.75,"Plan Rows":20926325,"Plan Width":20,"Actual Startup Time":1.393,"Actual Total Time":995.97,"Actual Rows":4311079,"Actual Loops":1,"Output":["order_line.ol_amount","order_line.ol_o_id","order_line.ol_w_id","order_line.ol_d_id","order_line.ol_i_id"],"Filter":"(order_line.ol_delivery_d >= '1992-01-02 20:10:02.27764'::timestamp without time zone)","Rows Removed by Filter":0,"Rows Removed by Columnar Filter":25686653,"Rows Filtered by Bloom Filter":0,"Dictionary Rows Filtered by Bloom Filter":25686653,"Columnar cache search mode":"native","Shared Hit Blocks":0,"Shared Read Blocks":0,"Shared Dirtied Blocks":0,"Shared Written Blocks":0,"Local Hit Blocks":0,"Local Read Blocks":0,"Local Dirtied Blocks":0,"Local Written Blocks":0,"Temp Read Blocks":0,"Temp Written Blocks":0,"I/O Read Time":0.0,"I/O Write Time":0.0,"Temp I/O Read Time":0.0,"Temp I/O Write Time":0.0},{"Node Type":"Seq Scan","Parent Relationship":"Member","Parallel Aware":false,"Async Capable":false,"Relation Name":"order_line","Schema":"public","Alias":"order_line","Startup Cost":0.0,"Total Cost":4.75,"Plan Rows":42,"Plan Width":20,"Actual Startup Time":0.0,"Actual Total Time":0.0,"Actual Rows":0,"Actual Loops":0,"Output":["order_line.ol_amount","order_line.ol_o_id","order_line.ol_w_id","order_line.ol_d_id","order_line.ol_i_id"],"Filter":"(order_line.ol_delivery_d >= '1992-01-02 20:10:02.27764'::timestamp without time zone)","Rows Removed by Filter":0,"Shared Hit Blocks":0,"Shared Read Blocks":0,"Shared Dirtied Blocks":0,"Shared Written Blocks":0,"Local Hit Blocks":0,"Local Read Blocks":0,"Local Dirtied Blocks":0,"Local Written Blocks":0,"Temp Read Blocks":0,"Temp Written Blocks":0,"I/O Read Time":0.0,"I/O Write Time":0.0,"Temp I/O Read Time":0.0,"Temp I/O Write Time":0.0}]},{"Node Type":"Hash","Parent Relationship":"Inner","Parallel Aware":false,"Async Capable":false,"Startup Cost":67059.0,"Total Cost":67059.0,"Plan Rows":426548,"Plan Width":16,"Actual Startup Time":323.598,"Actual Total Time":323.6,"Actual Rows":428399,"Actual Loops":1,"Output":["orders.o_c_id","orders.o_w_id","orders.o_d_id","orders.o_id"],"Hash Buckets":262144,"Original Hash Buckets":262144,"Hash Batches":4,"Original Hash Batches":4,"Peak Memory Usage":7080,"Shared Hit Blocks":22059,"Shared Read Blocks":0,"Shared Dirtied Blocks":0,"Shared Written Blocks":0,"Local Hit Blocks":0,"Local Read Blocks":0,"Local Dirtied Blocks":0,"Local Written Blocks":0,"Temp Read Blocks":0,"Temp Written Blocks":1410,"I/O Read Time":0.0,"I/O Write Time":0.0,"Temp I/O Read Time":0.0,"Temp I/O Write Time":6.167,"Plans":[{"Node Type":"Seq Scan","Parent Relationship":"Outer","Parallel Aware":false,"Async Capable":false,"Relation Name":"orders","Schema":"public","Alias":"orders","Startup Cost":0.0,"Total Cost":67059.0,"Plan Rows":426548,"Plan Width":16,"Actual Startup Time":0.771,"Actual Total Time":221.704,"Actual Rows":428399,"Actual Loops":1,"Output":["orders.o_c_id","orders.o_w_id","orders.o_d_id","orders.o_id"],"Filter":"((orders.o_entry_d >= '1993-01-02 20:10:02.27764'::timestamp without time zone) AND (orders.o_entry_d < '1994-01-02 20:10:02.27764'::timestamp without time zone))","Rows Removed by Filter":2571601,"Shared Hit Blocks":22059,"Shared Read Blocks":0,"Shared Dirtied Blocks":0,"Shared Written Blocks":0,"Local Hit Blocks":0,"Local Read Blocks":0,"Local Dirtied Blocks":0,"Local Written Blocks":0,"Temp Read Blocks":0,"Temp Written Blocks":0,"I/O Read Time":0.0,"I/O Write Time":0.0,"Temp I/O Read Time":0.0,"Temp I/O Write Time":0.0}]}]},{"Node Type":"Hash","Parent Relationship":"Inner","Parallel Aware":false,"Async Capable":false,"Startup Cost":254511.16,"Total Cost":254511.16,"Plan Rows":2999739,"Plan Width":12,"Actual Startup Time":1161.985,"Actual Total Time":1161.989,"Actual Rows":3000000,"Actual Loops":1,"Output":["customer.c_id","customer.c_w_id","customer.c_d_id","customer.c_nationkey"],"Hash Buckets":262144,"Original Hash Buckets":262144,"Hash Batches":32,"Original Hash Batches":32,"Peak Memory Usage":6090,"Shared Hit Blocks":0,"Shared Read Blocks":0,"Shared Dirtied Blocks":0,"Shared Written Blocks":0,"Local Hit Blocks":0,"Local Read Blocks":0,"Local Dirtied Blocks":0,"Local Written Blocks":0,"Temp Read Blocks":0,"Temp Written Blocks":11335,"I/O Read Time":0.0,"I/O Write Time":0.0,"Temp I/O Read Time":0.0,"Temp I/O Write Time":47.781,"Plans":[{"Node Type":"Append","Parent Relationship":"Outer","Parallel Aware":false,"Async Capable":false,"Startup Cost":20.0,"Total Cost":254511.16,"Plan Rows":2999739,"Plan Width":12,"Actual Startup Time":0.014,"Actual Total Time":660.507,"Actual Rows":3000000,"Actual Loops":1,"Shared Hit Blocks":0,"Shared Read Blocks":0,"Shared Dirtied Blocks":0,"Shared Written Blocks":0,"Local Hit Blocks":0,"Local Read Blocks":0,"Local Dirtied Blocks":0,"Local Written Blocks":0,"Temp Read Blocks":0,"Temp Written Blocks":0,"I/O Read Time":0.0,"I/O Write Time":0.0,"Temp I/O Read Time":0.0,"Temp I/O Write Time":0.0,"Subplans Removed":0,"Plans":[{"Node Type":"Custom Scan","Parent Relationship":"Member","Custom Plan Provider":"columnar scan","Parallel Aware":false,"Async Capable":false,"Relation Name":"customer","Schema":"public","Alias":"customer","Startup Cost":20.0,"Total Cost":70513.87,"Plan Rows":2999738,"Plan Width":12,"Actual Startup Time":0.013,"Actual Total Time":446.18,"Actual Rows":3000000,"Actual Loops":1,"Output":["customer.c_id","customer.c_w_id","customer.c_d_id","customer.c_nationkey"],"Rows Removed by Columnar Filter":0,"Columnar cache search mode":"native","Shared Hit Blocks":0,"Shared Read Blocks":0,"Shared Dirtied Blocks":0,"Shared Written Blocks":0,"Local Hit Blocks":0,"Local Read Blocks":0,"Local Dirtied Blocks":0,"Local Written Blocks":0,"Temp Read Blocks":0,"Temp Written Blocks":0,"I/O Read Time":0.0,"I/O Write Time":0.0,"Temp I/O Read Time":0.0,"Temp I/O Write Time":0.0},{"Node Type":"Seq Scan","Parent Relationship":"Member","Parallel Aware":false,"Async Capable":false,"Relation Name":"customer","Schema":"public","Alias":"customer","Startup Cost":0.0,"Total Cost":4.01,"Plan Rows":1,"Plan Width":12,"Actual Startup Time":0.0,"Actual Total Time":0.0,"Actual Rows":0,"Actual Loops":0,"Output":["customer.c_id","customer.c_w_id","customer.c_d_id","customer.c_nationkey"],"Shared Hit Blocks":0,"Shared Read Blocks":0,"Shared Dirtied Blocks":0,"Shared Written Blocks":0,"Local Hit Blocks":0,"Local Read Blocks":0,"Local Dirtied Blocks":0,"Local Written Blocks":0,"Temp Read Blocks":0,"Temp Written Blocks":0,"I/O Read Time":0.0,"I/O Write Time":0.0,"Temp I/O Read Time":0.0,"Temp I/O Write Time":0.0}]}]}]},{"Node Type":"Hash","Parent Relationship":"Inner","Parallel Aware":false,"Async Capable":false,"Startup Cost":2.99,"Total Cost":2.99,"Plan Rows":12,"Plan Width":12,"Actual Startup Time":0.043,"Actual Total Time":0.047,"Actual Rows":22,"Actual Loops":1,"Output":["nation.n_name","nation.n_nationkey"],"Hash Buckets":1024,"Original Hash Buckets":1024,"Hash Batches":1,"Original Hash Batches":1,"Peak Memory Usage":9,"Shared Hit Blocks":2,"Shared Read Blocks":0,"Shared Dirtied Blocks":0,"Shared Written Blocks":0,"Local Hit Blocks":0,"Local Read Blocks":0,"Local Dirtied Blocks":0,"Local Written Blocks":0,"Temp Read Blocks":0,"Temp Written Blocks":0,"I/O Read Time":0.0,"I/O Write Time":0.0,"Temp I/O Read Time":0.0,"Temp I/O Write Time":0.0,"Plans":[{"Node Type":"Hash Join","Parent Relationship":"Outer","Parallel Aware":false,"Async Capable":false,"Join Type":"Inner","Startup Cost":1.07,"Total Cost":2.99,"Plan Rows":12,"Plan Width":12,"Actual Startup Time":0.026,"Actual Total Time":0.042,"Actual Rows":22,"Actual Loops":1,"Output":["nation.n_name","nation.n_nationkey"],"Inner Unique":true,"Hash Cond":"(nation.n_regionkey = region.r_regionkey)","Shared Hit Blocks":2,"Shared Read Blocks":0,"Shared Dirtied Blocks":0,"Shared Written Blocks":0,"Local Hit Blocks":0,"Local Read Blocks":0,"Local Dirtied Blocks":0,"Local Written Blocks":0,"Temp Read Blocks":0,"Temp Written Blocks":0,"I/O Read Time":0.0,"I/O Write Time":0.0,"Temp I/O Read Time":0.0,"Temp I/O Write Time":0.0,"Plans":[{"Node Type":"Seq Scan","Parent Relationship":"Outer","Parallel Aware":false,"Async Capable":false,"Relation Name":"nation","Schema":"public","Alias":"nation","Startup Cost":0.0,"Total Cost":1.62,"Plan Rows":62,"Plan Width":16,"Actual Startup Time":0.006,"Actual Total Time":0.009,"Actual Rows":62,"Actual Loops":1,"Output":["nation.n_nationkey","nation.n_name","nation.n_regionkey","nation.n_comment"],"Shared Hit Blocks":1,"Shared Read Blocks":0,"Shared Dirtied Blocks":0,"Shared Written Blocks":0,"Local Hit Blocks":0,"Local Read Blocks":0,"Local Dirtied Blocks":0,"Local Written Blocks":0,"Temp Read Blocks":0,"Temp Written Blocks":0,"I/O Read Time":0.0,"I/O Write Time":0.0,"Temp I/O Read Time":0.0,"Temp I/O Write Time":0.0},{"Node Type":"Hash","Parent Relationship":"Inner","Parallel Aware":false,"Async Capable":false,"Startup Cost":1.06,"Total Cost":1.06,"Plan Rows":1,"Plan Width":4,"Actual Startup Time":0.007,"Actual Total Time":0.009,"Actual Rows":1,"Actual Loops":1,"Output":["region.r_regionkey"],"Hash Buckets":1024,"Original Hash Buckets":1024,"Hash Batches":1,"Original Hash Batches":1,"Peak Memory Usage":9,"Shared Hit Blocks":1,"Shared Read Blocks":0,"Shared Dirtied Blocks":0,"Shared Written Blocks":0,"Local Hit Blocks":0,"Local Read Blocks":0,"Local Dirtied Blocks":0,"Local Written Blocks":0,"Temp Read Blocks":0,"Temp Written Blocks":0,"I/O Read Time":0.0,"I/O Write Time":0.0,"Temp I/O Read Time":0.0,"Temp I/O Write Time":0.0,"Plans":[{"Node Type":"Seq Scan","Parent Relationship":"Outer","Parallel Aware":false,"Async Capable":false,"Relation Name":"region","Schema":"public","Alias":"region","Startup Cost":0.0,"Total Cost":1.06,"Plan Rows":1,"Plan Width":4,"Actual Startup Time":0.006,"Actual Total Time":0.006,"Actual Rows":1,"Actual Loops":1,"Output":["region.r_regionkey"],"Filter":"((region.r_name)::text = 'Europe'::text)","Rows Removed by Filter":4,"Shared Hit Blocks":1,"Shared Read Blocks":0,"Shared Dirtied Blocks":0,"Shared Written Blocks":0,"Local Hit Blocks":0,"Local Read Blocks":0,"Local Dirtied Blocks":0,"Local Written Blocks":0,"Temp Read Blocks":0,"Temp Written Blocks":0,"I/O Read Time":0.0,"I/O Write Time":0.0,"Temp I/O Read Time":0.0,"Temp I/O Write Time":0.0}]}]}]}]}]},{"Node Type":"Index Only Scan","Parent Relationship":"Inner","Parallel Aware":false,"Async Capable":false,"Scan Direction":"Forward","Index Name":"stock_pk","Relation Name":"stock","Schema":"public","Alias":"stock","Startup Cost":0.43,"Total Cost":259690.86,"Plan Rows":10000162,"Plan Width":6,"Actual Startup Time":0.051,"Actual Total Time":705.945,"Actual Rows":9999996,"Actual Loops":1,"Output":["stock.s_w_id","stock.s_i_id"],"Heap Fetches":0,"Shared Hit Blocks":27338,"Shared Read Blocks":0,"Shared Dirtied Blocks":0,"Shared Written Blocks":0,"Local Hit Blocks":0,"Local Read Blocks":0,"Local Dirtied Blocks":0,"Local Written Blocks":0,"Temp Read Blocks":0,"Temp Written Blocks":0,"I/O Read Time":0.0,"I/O Write Time":0.0,"Temp I/O Read Time":0.0,"Temp I/O Write Time":0.0}]},{"Node Type":"Hash","Parent Relationship":"Inner","Parallel Aware":false,"Async Capable":false,"Startup Cost":219.01,"Total Cost":219.01,"Plan Rows":10001,"Plan Width":8,"Actual Startup Time":3.068,"Actual Total Time":3.071,"Actual Rows":10000,"Actual Loops":1,"Output":["supplier.su_suppkey","supplier.su_nationkey"],"Hash Buckets":16384,"Original Hash Buckets":16384,"Hash Batches":1,"Original Hash Batches":1,"Peak Memory Usage":519,"Shared Hit Blocks":0,"Shared Read Blocks":0,"Shared Dirtied Blocks":0,"Shared Written Blocks":0,"Local Hit Blocks":0,"Local Read Blocks":0,"Local Dirtied Blocks":0,"Local Written Blocks":0,"Temp Read Blocks":0,"Temp Written Blocks":0,"I/O Read Time":0.0,"I/O Write Time":0.0,"Temp I/O Read Time":0.0,"Temp I/O Write Time":0.0,"Plans":[{"Node Type":"Append","Parent Relationship":"Outer","Parallel Aware":false,"Async Capable":false,"Startup Cost":20.0,"Total Cost":219.01,"Plan Rows":10001,"Plan Width":8,"Actual Startup Time":0.013,"Actual Total Time":1.773,"Actual Rows":10000,"Actual Loops":1,"Shared Hit Blocks":0,"Shared Read Blocks":0,"Shared Dirtied Blocks":0,"Shared Written Blocks":0,"Local Hit Blocks":0,"Local Read Blocks":0,"Local Dirtied Blocks":0,"Local Written Blocks":0,"Temp Read Blocks":0,"Temp Written Blocks":0,"I/O Read Time":0.0,"I/O Write Time":0.0,"Temp I/O Read Time":0.0,"Temp I/O Write Time":0.0,"Subplans Removed":0,"Plans":[{"Node Type":"Custom Scan","Parent Relationship":"Member","Custom Plan Provider":"columnar scan","Parallel Aware":false,"Async Capable":false,"Relation Name":"supplier","Schema":"public","Alias":"supplier","Startup Cost":20.0,"Total Cost":215.0,"Plan Rows":10000,"Plan Width":8,"Actual Startup Time":0.011,"Actual Total Time":1.066,"Actual Rows":10000,"Actual Loops":1,"Output":["supplier.su_suppkey","supplier.su_nationkey"],"Rows Removed by Columnar Filter":0,"Columnar cache search mode":"native","Shared Hit Blocks":0,"Shared Read Blocks":0,"Shared Dirtied Blocks":0,"Shared Written Blocks":0,"Local Hit Blocks":0,"Local Read Blocks":0,"Local Dirtied Blocks":0,"Local Written Blocks":0,"Temp Read Blocks":0,"Temp Written Blocks":0,"I/O Read Time":0.0,"I/O Write Time":0.0,"Temp I/O Read Time":0.0,"Temp I/O Write Time":0.0},{"Node Type":"Seq Scan","Parent Relationship":"Member","Parallel Aware":false,"Async Capable":false,"Relation Name":"supplier","Schema":"public","Alias":"supplier","Startup Cost":0.0,"Total Cost":4.01,"Plan Rows":1,"Plan Width":8,"Actual Startup Time":0.0,"Actual Total Time":0.0,"Actual Rows":0,"Actual Loops":0,"Output":["supplier.su_suppkey","supplier.su_nationkey"],"Shared Hit Blocks":0,"Shared Read Blocks":0,"Shared Dirtied Blocks":0,"Shared Written Blocks":0,"Local Hit Blocks":0,"Local Read Blocks":0,"Local Dirtied Blocks":0,"Local Written Blocks":0,"Temp Read Blocks":0,"Temp Written Blocks":0,"I/O Read Time":0.0,"I/O Write Time":0.0,"Temp I/O Read Time":0.0,"Temp I/O Write Time":0.0}]}]}]}]}]}]},"Planning":{"Shared Hit Blocks":16,"Shared Read Blocks":0,"Shared Dirtied Blocks":0,"Shared Written Blocks":0,"Local Hit Blocks":0,"Local Read Blocks":0,"Local Dirtied Blocks":0,"Local Written Blocks":0,"Temp Read Blocks":0,"Temp Written Blocks":0,"I/O Read Time":0.0,"I/O Write Time":0.0,"Temp I/O Read Time":0.0,"Temp I/O Write Time":0.0},"Planning Time":5.016,"Triggers":[],"Execution Time":10307.697}]
[列存组合]: customer, order_line, stock, supplier
[{"Plan":{"Node Type":"Sort","Parallel Aware":false,"Async Capable":false,"Startup Cost":1194916.9,"Total Cost":1194917.06,"Plan Rows":62,"Plan Width":40,"Actual Startup Time":5236.639,"Actual Total Time":5236.669,"Actual Rows":11,"Actual Loops":1,"Output":["nation.n_name","(sum(order_line.ol_amount))"],"Sort Key":["(sum(order_line.ol_amount)) DESC"],"Sort Method":"quicksort","Sort Space Used":25,"Sort Space Type":"Memory","Shared Hit Blocks":22061,"Shared Read Blocks":0,"Shared Dirtied Blocks":0,"Shared Written Blocks":0,"Local Hit Blocks":0,"Local Read Blocks":0,"Local Dirtied Blocks":0,"Local Written Blocks":0,"Temp Read Blocks":31471,"Temp Written Blocks":31471,"I/O Read Time":0.0,"I/O Write Time":0.0,"Temp I/O Read Time":50.027,"Temp I/O Write Time":135.892,"Plans":[{"Node Type":"Aggregate","Strategy":"Sorted","Partial Mode":"Simple","Parent Relationship":"Outer","Parallel Aware":false,"Async Capable":false,"Startup Cost":1194841.12,"Total Cost":1194915.06,"Plan Rows":62,"Plan Width":40,"Actual Startup Time":5233.746,"Actual Total Time":5236.648,"Actual Rows":11,"Actual Loops":1,"Output":["nation.n_name","sum(order_line.ol_amount)"],"Group Key":["nation.n_name"],"Shared Hit Blocks":22061,"Shared Read Blocks":0,"Shared Dirtied Blocks":0,"Shared Written Blocks":0,"Local Hit Blocks":0,"Local Read Blocks":0,"Local Dirtied Blocks":0,"Local Written Blocks":0,"Temp Read Blocks":31471,"Temp Written Blocks":31471,"I/O Read Time":0.0,"I/O Write Time":0.0,"Temp I/O Read Time":50.027,"Temp I/O Write Time":135.892,"Plans":[{"Node Type":"Sort","Parent Relationship":"Outer","Parallel Aware":false,"Async Capable":false,"Startup Cost":1194841.12,"Total Cost":1194865.51,"Plan Rows":9755,"Plan Width":12,"Actual Startup Time":5233.527,"Actual Total Time":5234.321,"Actual Rows":17493,"Actual Loops":1,"Output":["nation.n_name","order_line.ol_amount"],"Sort Key":["nation.n_name"],"Sort Method":"quicksort","Sort Space Used":1725,"Sort Space Type":"Memory","Shared Hit Blocks":22061,"Shared Read Blocks":0,"Shared Dirtied Blocks":0,"Shared Written Blocks":0,"Local Hit Blocks":0,"Local Read Blocks":0,"Local Dirtied Blocks":0,"Local Written Blocks":0,"Temp Read Blocks":31471,"Temp Written Blocks":31471,"I/O Read Time":0.0,"I/O Write Time":0.0,"Temp I/O Read Time":50.027,"Temp I/O Write Time":135.892,"Plans":[{"Node Type":"Hash Join","Parent Relationship":"Outer","Parallel Aware":false,"Async Capable":false,"Join Type":"Inner","Startup Cost":435387.56,"Total Cost":1194194.76,"Plan Rows":9755,"Plan Width":12,"Actual Startup Time":2105.09,"Actual Total Time":5225.135,"Actual Rows":17493,"Actual Loops":1,"Output":["nation.n_name","order_line.ol_amount"],"Hash Cond":"((orders.o_c_id = customer.c_id) AND (orders.o_w_id = customer.c_w_id) AND (orders.o_d_id = customer.c_d_id) AND (supplier.su_nationkey = customer.c_nationkey))","Shared Hit Blocks":22061,"Shared Read Blocks":0,"Shared Dirtied Blocks":0,"Shared Written Blocks":0,"Local Hit Blocks":0,"Local Read Blocks":0,"Local Dirtied Blocks":0,"Local Written Blocks":0,"Temp Read Blocks":31471,"Temp Written Blocks":31471,"I/O Read Time":0.0,"I/O Write Time":0.0,"Temp I/O Read Time":50.027,"Temp I/O Write Time":135.892,"Plans":[{"Node Type":"Hash Join","Parent Relationship":"Outer","Parallel Aware":false,"Async Capable":false,"Join Type":"Inner","Startup Cost":106233.63,"Total Cost":834643.9,"Plan Rows":602754,"Plan Width":34,"Actual Startup Time":907.583,"Actual Total Time":3251.651,"Actual Rows":1489124,"Actual Loops":1,"Output":["orders.o_c_id","orders.o_w_id","orders.o_d_id","order_line.ol_amount","order_line.ol_w_id","order_line.ol_d_id","stock.s_w_id","supplier.su_nationkey","nation.n_name","nation.n_nationkey"],"Hash Cond":"((order_line.ol_w_id = orders.o_w_id) AND (order_line.ol_d_id = orders.o_d_id) AND (order_line.ol_o_id = orders.o_id))","Shared Hit Blocks":22061,"Shared Read Blocks":0,"Shared Dirtied Blocks":0,"Shared Written Blocks":0,"Local Hit Blocks":0,"Local Read Blocks":0,"Local Dirtied Blocks":0,"Local Written Blocks":0,"Temp Read Blocks":9894,"Temp Written Blocks":9894,"I/O Read Time":0.0,"I/O Write Time":0.0,"Temp I/O Read Time":16.191,"Temp I/O Write Time":42.229,"Plans":[{"Node Type":"Hash Join","Parent Relationship":"Outer","Parallel Aware":false,"Async Capable":false,"Join Type":"Inner","Startup Cost":29627.04,"Total Cost":656242.79,"Plan Rows":4242986,"Plan Width":34,"Actual Startup Time":565.347,"Actual Total Time":2190.883,"Actual Rows":1498118,"Actual Loops":1,"Output":["order_line.ol_amount","order_line.ol_o_id","order_line.ol_w_id","order_line.ol_d_id","stock.s_w_id","supplier.su_nationkey","nation.n_name","nation.n_nationkey"],"Hash Cond":"(mod((stock.s_w_id * stock.s_i_id), 10000) = supplier.su_suppkey)","Shared Hit Blocks":2,"Shared Read Blocks":0,"Shared Dirtied Blocks":0,"Shared Written Blocks":0,"Local Hit Blocks":0,"Local Read Blocks":0,"Local Dirtied Blocks":0,"Local Written Blocks":0,"Temp Read Blocks":0,"Temp Written Blocks":0,"I/O Read Time":0.0,"I/O Write Time":0.0,"Temp I/O Read Time":0.0,"Temp I/O Write Time":0.0,"Plans":[{"Node Type":"Hash Join","Parent Relationship":"Outer","Parallel Aware":false,"Async Capable":false,"Join Type":"Inner","Startup Cost":29323.02,"Total Cost":480915.59,"Plan Rows":21214932,"Plan Width":22,"Actual Startup Time":562.786,"Actual Total Time":1515.777,"Actual Rows":4311079,"Actual Loops":1,"Output":["order_line.ol_amount","order_line.ol_o_id","order_line.ol_w_id","order_line.ol_d_id","stock.s_w_id","stock.s_i_id"],"Hash Cond":"((order_line.ol_w_id = stock.s_w_id) AND (order_line.ol_i_id = stock.s_i_id))","Rows Removed by Bloom Filter":0,"Shared Hit Blocks":0,"Shared Read Blocks":0,"Shared Dirtied Blocks":0,"Shared Written Blocks":0,"Local Hit Blocks":0,"Local Read Blocks":0,"Local Dirtied Blocks":0,"Local Written Blocks":0,"Temp Read Blocks":0,"Temp Written Blocks":0,"I/O Read Time":0.0,"I/O Write Time":0.0,"Temp I/O Read Time":0.0,"Temp I/O Write Time":0.0,"Plans":[{"Node Type":"Append","Parent Relationship":"Outer","Parallel Aware":false,"Async Capable":false,"Startup Cost":20.0,"Total Cost":533646.5,"Plan Rows":20926367,"Plan Width":20,"Actual Startup Time":122.299,"Actual Total Time":122.306,"Actual Rows":4311079,"Actual Loops":1,"Shared Hit Blocks":0,"Shared Read Blocks":0,"Shared Dirtied Blocks":0,"Shared Written Blocks":0,"Local Hit Blocks":0,"Local Read Blocks":0,"Local Dirtied Blocks":0,"Local Written Blocks":0,"Temp Read Blocks":0,"Temp Written Blocks":0,"I/O Read Time":0.0,"I/O Write Time":0.0,"Temp I/O Read Time":0.0,"Temp I/O Write Time":0.0,"Subplans Removed":0,"Plans":[{"Node Type":"Custom Scan","Parent Relationship":"Member","Custom Plan Provider":"columnar scan","Parallel Aware":false,"Async Capable":false,"Relation Name":"order_line","Schema":"public","Alias":"order_line","Startup Cost":20.0,"Total Cost":533641.75,"Plan Rows":20926325,"Plan Width":20,"Actual Startup Time":122.297,"Actual Total Time":122.3,"Actual Rows":4311079,"Actual Loops":1,"Output":["order_line.ol_amount","order_line.ol_o_id","order_line.ol_w_id","order_line.ol_d_id","order_line.ol_i_id"],"Filter":"(order_line.ol_delivery_d >= '1992-01-02 20:10:02.27764'::timestamp without time zone)","Rows Removed by Filter":0,"Rows Removed by Columnar Filter":25686653,"Rows Filtered by Bloom Filter":0,"Dictionary Rows Filtered by Bloom Filter":25686653,"Columnar cache search mode":"native","Shared Hit Blocks":0,"Shared Read Blocks":0,"Shared Dirtied Blocks":0,"Shared Written Blocks":0,"Local Hit Blocks":0,"Local Read Blocks":0,"Local Dirtied Blocks":0,"Local Written Blocks":0,"Temp Read Blocks":0,"Temp Written Blocks":0,"I/O Read Time":0.0,"I/O Write Time":0.0,"Temp I/O Read Time":0.0,"Temp I/O Write Time":0.0},{"Node Type":"Seq Scan","Parent Relationship":"Member","Parallel Aware":false,"Async Capable":false,"Relation Name":"order_line","Schema":"public","Alias":"order_line","Startup Cost":0.0,"Total Cost":4.75,"Plan Rows":42,"Plan Width":20,"Actual Startup Time":0.0,"Actual Total Time":0.0,"Actual Rows":0,"Actual Loops":0,"Output":["order_line.ol_amount","order_line.ol_o_id","order_line.ol_w_id","order_line.ol_d_id","order_line.ol_i_id"],"Filter":"(order_line.ol_delivery_d >= '1992-01-02 20:10:02.27764'::timestamp without time zone)","Rows Removed by Filter":0,"Shared Hit Blocks":0,"Shared Read Blocks":0,"Shared Dirtied Blocks":0,"Shared Written Blocks":0,"Local Hit Blocks":0,"Local Read Blocks":0,"Local Dirtied Blocks":0,"Local Written Blocks":0,"Temp Read Blocks":0,"Temp Written Blocks":0,"I/O Read Time":0.0,"I/O Write Time":0.0,"Temp I/O Read Time":0.0,"Temp I/O Write Time":0.0}]},{"Node Type":"Hash","Parent Relationship":"Inner","Parallel Aware":false,"Async Capable":false,"Startup Cost":195025.67,"Total Cost":195025.67,"Plan Rows":10000162,"Plan Width":6,"Actual Rows":10000000,"Actual Loops":1,"Output":["stock.s_w_id","stock.s_i_id"],"Shared Hit Blocks":0,"Shared Read Blocks":0,"Shared Dirtied Blocks":0,"Shared Written Blocks":0,"Local Hit Blocks":0,"Local Read Blocks":0,"Local Dirtied Blocks":0,"Local Written Blocks":0,"Temp Read Blocks":0,"Temp Written Blocks":0,"I/O Read Time":0.0,"I/O Write Time":0.0,"Temp I/O Read Time":0.0,"Temp I/O Write Time":0.0,"Plans":[{"Node Type":"Append","Parent Relationship":"Outer","Parallel Aware":false,"Async Capable":false,"Startup Cost":20.0,"Total Cost":195025.67,"Plan Rows":10000162,"Plan Width":6,"Actual Startup Time":0.219,"Actual Total Time":0.222,"Actual Rows":10000000,"Actual Loops":1,"Shared Hit Blocks":0,"Shared Read Blocks":0,"Shared Dirtied Blocks":0,"Shared Written Blocks":0,"Local Hit Blocks":0,"Local Read Blocks":0,"Local Dirtied Blocks":0,"Local Written Blocks":0,"Temp Read Blocks":0,"Temp Written Blocks":0,"I/O Read Time":0.0,"I/O Write Time":0.0,"Temp I/O Read Time":0.0,"Temp I/O Write Time":0.0,"Subplans Removed":0,"Plans":[{"Node Type":"Custom Scan","Parent Relationship":"Member","Custom Plan Provider":"columnar scan","Parallel Aware":false,"Async Capable":false,"Relation Name":"stock","Schema":"public","Alias":"stock","Startup Cost":20.0,"Total Cost":195020.05,"Plan Rows":10000000,"Plan Width":6,"Actual Startup Time":0.219,"Actual Total Time":0.219,"Actual Rows":10000000,"Actual Loops":1,"Output":["stock.s_w_id","stock.s_i_id"],"Rows Removed by Columnar Filter":0,"Columnar cache search mode":"native","Shared Hit Blocks":0,"Shared Read Blocks":0,"Shared Dirtied Blocks":0,"Shared Written Blocks":0,"Local Hit Blocks":0,"Local Read Blocks":0,"Local Dirtied Blocks":0,"Local Written Blocks":0,"Temp Read Blocks":0,"Temp Written Blocks":0,"I/O Read Time":0.0,"I/O Write Time":0.0,"Temp I/O Read Time":0.0,"Temp I/O Write Time":0.0},{"Node Type":"Seq Scan","Parent Relationship":"Member","Parallel Aware":false,"Async Capable":false,"Relation Name":"stock","Schema":"public","Alias":"stock","Startup Cost":0.0,"Total Cost":5.62,"Plan Rows":162,"Plan Width":6,"Actual Startup Time":0.0,"Actual Total Time":0.0,"Actual Rows":0,"Actual Loops":0,"Output":["stock.s_w_id","stock.s_i_id"],"Shared Hit Blocks":0,"Shared Read Blocks":0,"Shared Dirtied Blocks":0,"Shared Written Blocks":0,"Local Hit Blocks":0,"Local Read Blocks":0,"Local Dirtied Blocks":0,"Local Written Blocks":0,"Temp Read Blocks":0,"Temp Written Blocks":0,"I/O Read Time":0.0,"I/O Write Time":0.0,"Temp I/O Read Time":0.0,"Temp I/O Write Time":0.0}]}]}]},{"Node Type":"Hash","Parent Relationship":"Inner","Parallel Aware":false,"Async Capable":false,"Startup Cost":279.02,"Total Cost":279.02,"Plan Rows":2000,"Plan Width":20,"Actual Startup Time":2.537,"Actual Total Time":2.55,"Actual Rows":3506,"Actual Loops":1,"Output":["supplier.su_suppkey","supplier.su_nationkey","nation.n_name","nation.n_nationkey"],"Hash Buckets":4096,"Original Hash Buckets":2048,"Hash Batches":1,"Original Hash Batches":1,"Peak Memory Usage":217,"Shared Hit Blocks":2,"Shared Read Blocks":0,"Shared Dirtied Blocks":0,"Shared Written Blocks":0,"Local Hit Blocks":0,"Local Read Blocks":0,"Local Dirtied Blocks":0,"Local Written Blocks":0,"Temp Read Blocks":0,"Temp Written Blocks":0,"I/O Read Time":0.0,"I/O Write Time":0.0,"Temp I/O Read Time":0.0,"Temp I/O Write Time":0.0,"Plans":[{"Node Type":"Hash Join","Parent Relationship":"Outer","Parallel Aware":false,"Async Capable":false,"Join Type":"Inner","Startup Cost":23.14,"Total Cost":279.02,"Plan Rows":2000,"Plan Width":20,"Actual Startup Time":0.541,"Actual Total Time":1.963,"Actual Rows":3506,"Actual Loops":1,"Output":["supplier.su_suppkey","supplier.su_nationkey","nation.n_name","nation.n_nationkey"],"Hash Cond":"(supplier.su_nationkey = nation.n_nationkey)","Shared Hit Blocks":2,"Shared Read Blocks":0,"Shared Dirtied Blocks":0,"Shared Written Blocks":0,"Local Hit Blocks":0,"Local Read Blocks":0,"Local Dirtied Blocks":0,"Local Written Blocks":0,"Temp Read Blocks":0,"Temp Written Blocks":0,"I/O Read Time":0.0,"I/O Write Time":0.0,"Temp I/O Read Time":0.0,"Temp I/O Write Time":0.0,"Plans":[{"Node Type":"Append","Parent Relationship":"Outer","Parallel Aware":false,"Async Capable":false,"Startup Cost":20.0,"Total Cost":219.01,"Plan Rows":10001,"Plan Width":8,"Actual Startup Time":0.105,"Actual Total Time":0.879,"Actual Rows":3506,"Actual Loops":1,"Shared Hit Blocks":0,"Shared Read Blocks":0,"Shared Dirtied Blocks":0,"Shared Written Blocks":0,"Local Hit Blocks":0,"Local Read Blocks":0,"Local Dirtied Blocks":0,"Local Written Blocks":0,"Temp Read Blocks":0,"Temp Written Blocks":0,"I/O Read Time":0.0,"I/O Write Time":0.0,"Temp I/O Read Time":0.0,"Temp I/O Write Time":0.0,"Subplans Removed":0,"Plans":[{"Node Type":"Custom Scan","Parent Relationship":"Member","Custom Plan Provider":"columnar scan","Parallel Aware":false,"Async Capable":false,"Relation Name":"supplier","Schema":"public","Alias":"supplier","Startup Cost":20.0,"Total Cost":215.0,"Plan Rows":10000,"Plan Width":8,"Actual Startup Time":0.104,"Actual Total Time":0.618,"Actual Rows":3506,"Actual Loops":1,"Output":["supplier.su_suppkey","supplier.su_nationkey"],"Rows Removed by Columnar Filter":6494,"Rows Filtered by Bloom Filter":0,"Dictionary Rows Filtered by Bloom Filter":6494,"Columnar cache search mode":"native","Shared Hit Blocks":0,"Shared Read Blocks":0,"Shared Dirtied Blocks":0,"Shared Written Blocks":0,"Local Hit Blocks":0,"Local Read Blocks":0,"Local Dirtied Blocks":0,"Local Written Blocks":0,"Temp Read Blocks":0,"Temp Written Blocks":0,"I/O Read Time":0.0,"I/O Write Time":0.0,"Temp I/O Read Time":0.0,"Temp I/O Write Time":0.0},{"Node Type":"Seq Scan","Parent Relationship":"Member","Parallel Aware":false,"Async Capable":false,"Relation Name":"supplier","Schema":"public","Alias":"supplier","Startup Cost":0.0,"Total Cost":4.01,"Plan Rows":1,"Plan Width":8,"Actual Startup Time":0.0,"Actual Total Time":0.0,"Actual Rows":0,"Actual Loops":0,"Output":["supplier.su_suppkey","supplier.su_nationkey"],"Shared Hit Blocks":0,"Shared Read Blocks":0,"Shared Dirtied Blocks":0,"Shared Written Blocks":0,"Local Hit Blocks":0,"Local Read Blocks":0,"Local Dirtied Blocks":0,"Local Written Blocks":0,"Temp Read Blocks":0,"Temp Written Blocks":0,"I/O Read Time":0.0,"I/O Write Time":0.0,"Temp I/O Read Time":0.0,"Temp I/O Write Time":0.0}]},{"Node Type":"Hash","Parent Relationship":"Inner","Parallel Aware":false,"Async Capable":false,"Startup Cost":2.99,"Total Cost":2.99,"Plan Rows":12,"Plan Width":12,"Actual Startup Time":0.055,"Actual Total Time":0.06,"Actual Rows":22,"Actual Loops":1,"Output":["nation.n_name","nation.n_nationkey"],"Hash Buckets":1024,"Original Hash Buckets":1024,"Hash Batches":1,"Original Hash Batches":1,"Peak Memory Usage":9,"Shared Hit Blocks":2,"Shared Read Blocks":0,"Shared Dirtied Blocks":0,"Shared Written Blocks":0,"Local Hit Blocks":0,"Local Read Blocks":0,"Local Dirtied Blocks":0,"Local Written Blocks":0,"Temp Read Blocks":0,"Temp Written Blocks":0,"I/O Read Time":0.0,"I/O Write Time":0.0,"Temp I/O Read Time":0.0,"Temp I/O Write Time":0.0,"Plans":[{"Node Type":"Hash Join","Parent Relationship":"Outer","Parallel Aware":false,"Async Capable":false,"Join Type":"Inner","Startup Cost":1.07,"Total Cost":2.99,"Plan Rows":12,"Plan Width":12,"Actual Startup Time":0.032,"Actual Total Time":0.049,"Actual Rows":22,"Actual Loops":1,"Output":["nation.n_name","nation.n_nationkey"],"Hash Cond":"(nation.n_regionkey = region.r_regionkey)","Shared Hit Blocks":2,"Shared Read Blocks":0,"Shared Dirtied Blocks":0,"Shared Written Blocks":0,"Local Hit Blocks":0,"Local Read Blocks":0,"Local Dirtied Blocks":0,"Local Written Blocks":0,"Temp Read Blocks":0,"Temp Written Blocks":0,"I/O Read Time":0.0,"I/O Write Time":0.0,"Temp I/O Read Time":0.0,"Temp I/O Write Time":0.0,"Plans":[{"Node Type":"Seq Scan","Parent Relationship":"Outer","Parallel Aware":false,"Async Capable":false,"Relation Name":"nation","Schema":"public","Alias":"nation","Startup Cost":0.0,"Total Cost":1.62,"Plan Rows":62,"Plan Width":16,"Actual Startup Time":0.009,"Actual Total Time":0.013,"Actual Rows":62,"Actual Loops":1,"Output":["nation.n_nationkey","nation.n_name","nation.n_regionkey","nation.n_comment"],"Shared Hit Blocks":1,"Shared Read Blocks":0,"Shared Dirtied Blocks":0,"Shared Written Blocks":0,"Local Hit Blocks":0,"Local Read Blocks":0,"Local Dirtied Blocks":0,"Local Written Blocks":0,"Temp Read Blocks":0,"Temp Written Blocks":0,"I/O Read Time":0.0,"I/O Write Time":0.0,"Temp I/O Read Time":0.0,"Temp I/O Write Time":0.0},{"Node Type":"Hash","Parent Relationship":"Inner","Parallel Aware":false,"Async Capable":false,"Startup Cost":1.06,"Total Cost":1.06,"Plan Rows":1,"Plan Width":4,"Actual Startup Time":0.01,"Actual Total Time":0.012,"Actual Rows":1,"Actual Loops":1,"Output":["region.r_regionkey"],"Hash Buckets":1024,"Original Hash Buckets":1024,"Hash Batches":1,"Original Hash Batches":1,"Peak Memory Usage":9,"Shared Hit Blocks":1,"Shared Read Blocks":0,"Shared Dirtied Blocks":0,"Shared Written Blocks":0,"Local Hit Blocks":0,"Local Read Blocks":0,"Local Dirtied Blocks":0,"Local Written Blocks":0,"Temp Read Blocks":0,"Temp Written Blocks":0,"I/O Read Time":0.0,"I/O Write Time":0.0,"Temp I/O Read Time":0.0,"Temp I/O Write Time":0.0,"Plans":[{"Node Type":"Seq Scan","Parent Relationship":"Outer","Parallel Aware":false,"Async Capable":false,"Relation Name":"region","Schema":"public","Alias":"region","Startup Cost":0.0,"Total Cost":1.06,"Plan Rows":1,"Plan Width":4,"Actual Startup Time":0.007,"Actual Total Time":0.008,"Actual Rows":1,"Actual Loops":1,"Output":["region.r_regionkey"],"Filter":"((region.r_name)::text = 'Europe'::text)","Rows Removed by Filter":4,"Shared Hit Blocks":1,"Shared Read Blocks":0,"Shared Dirtied Blocks":0,"Shared Written Blocks":0,"Local Hit Blocks":0,"Local Read Blocks":0,"Local Dirtied Blocks":0,"Local Written Blocks":0,"Temp Read Blocks":0,"Temp Written Blocks":0,"I/O Read Time":0.0,"I/O Write Time":0.0,"Temp I/O Read Time":0.0,"Temp I/O Write Time":0.0}]}]}]}]}]}]},{"Node Type":"Hash","Parent Relationship":"Inner","Parallel Aware":false,"Async Capable":false,"Startup Cost":67059.0,"Total Cost":67059.0,"Plan Rows":426548,"Plan Width":16,"Actual Startup Time":340.97,"Actual Total Time":340.97,"Actual Rows":428399,"Actual Loops":1,"Output":["orders.o_c_id","orders.o_w_id","orders.o_d_id","orders.o_id"],"Hash Buckets":262144,"Original Hash Buckets":262144,"Hash Batches":4,"Original Hash Batches":4,"Peak Memory Usage":7080,"Shared Hit Blocks":22059,"Shared Read Blocks":0,"Shared Dirtied Blocks":0,"Shared Written Blocks":0,"Local Hit Blocks":0,"Local Read Blocks":0,"Local Dirtied Blocks":0,"Local Written Blocks":0,"Temp Read Blocks":0,"Temp Written Blocks":1410,"I/O Read Time":0.0,"I/O Write Time":0.0,"Temp I/O Read Time":0.0,"Temp I/O Write Time":6.123,"Plans":[{"Node Type":"Seq Scan","Parent Relationship":"Outer","Parallel Aware":false,"Async Capable":false,"Relation Name":"orders","Schema":"public","Alias":"orders","Startup Cost":0.0,"Total Cost":67059.0,"Plan Rows":426548,"Plan Width":16,"Actual Startup Time":0.869,"Actual Total Time":239.184,"Actual Rows":428399,"Actual Loops":1,"Output":["orders.o_c_id","orders.o_w_id","orders.o_d_id","orders.o_id"],"Filter":"((orders.o_entry_d >= '1993-01-02 20:10:02.27764'::timestamp without time zone) AND (orders.o_entry_d < '1994-01-02 20:10:02.27764'::timestamp without time zone))","Rows Removed by Filter":2571601,"Shared Hit Blocks":22059,"Shared Read Blocks":0,"Shared Dirtied Blocks":0,"Shared Written Blocks":0,"Local Hit Blocks":0,"Local Read Blocks":0,"Local Dirtied Blocks":0,"Local Written Blocks":0,"Temp Read Blocks":0,"Temp Written Blocks":0,"I/O Read Time":0.0,"I/O Write Time":0.0,"Temp I/O Read Time":0.0,"Temp I/O Write Time":0.0}]}]},{"Node Type":"Hash","Parent Relationship":"Inner","Parallel Aware":false,"Async Capable":false,"Startup Cost":254511.16,"Total Cost":254511.16,"Plan Rows":2999739,"Plan Width":12,"Actual Startup Time":1188.742,"Actual Total Time":1188.743,"Actual Rows":3000000,"Actual Loops":1,"Output":["customer.c_id","customer.c_w_id","customer.c_d_id","customer.c_nationkey"],"Hash Buckets":262144,"Original Hash Buckets":262144,"Hash Batches":32,"Original Hash Batches":32,"Peak Memory Usage":6058,"Shared Hit Blocks":0,"Shared Read Blocks":0,"Shared Dirtied Blocks":0,"Shared Written Blocks":0,"Local Hit Blocks":0,"Local Read Blocks":0,"Local Dirtied Blocks":0,"Local Written Blocks":0,"Temp Read Blocks":0,"Temp Written Blocks":11339,"I/O Read Time":0.0,"I/O Write Time":0.0,"Temp I/O Read Time":0.0,"Temp I/O Write Time":48.367,"Plans":[{"Node Type":"Append","Parent Relationship":"Outer","Parallel Aware":false,"Async Capable":false,"Startup Cost":20.0,"Total Cost":254511.16,"Plan Rows":2999739,"Plan Width":12,"Actual Startup Time":0.025,"Actual Total Time":660.462,"Actual Rows":3000000,"Actual Loops":1,"Shared Hit Blocks":0,"Shared Read Blocks":0,"Shared Dirtied Blocks":0,"Shared Written Blocks":0,"Local Hit Blocks":0,"Local Read Blocks":0,"Local Dirtied Blocks":0,"Local Written Blocks":0,"Temp Read Blocks":0,"Temp Written Blocks":0,"I/O Read Time":0.0,"I/O Write Time":0.0,"Temp I/O Read Time":0.0,"Temp I/O Write Time":0.0,"Subplans Removed":0,"Plans":[{"Node Type":"Custom Scan","Parent Relationship":"Member","Custom Plan Provider":"columnar scan","Parallel Aware":false,"Async Capable":false,"Relation Name":"customer","Schema":"public","Alias":"customer","Startup Cost":20.0,"Total Cost":70513.87,"Plan Rows":2999738,"Plan Width":12,"Actual Startup Time":0.024,"Actual Total Time":451.07,"Actual Rows":3000000,"Actual Loops":1,"Output":["customer.c_id","customer.c_w_id","customer.c_d_id","customer.c_nationkey"],"Rows Removed by Columnar Filter":0,"Columnar cache search mode":"native","Shared Hit Blocks":0,"Shared Read Blocks":0,"Shared Dirtied Blocks":0,"Shared Written Blocks":0,"Local Hit Blocks":0,"Local Read Blocks":0,"Local Dirtied Blocks":0,"Local Written Blocks":0,"Temp Read Blocks":0,"Temp Written Blocks":0,"I/O Read Time":0.0,"I/O Write Time":0.0,"Temp I/O Read Time":0.0,"Temp I/O Write Time":0.0},{"Node Type":"Seq Scan","Parent Relationship":"Member","Parallel Aware":false,"Async Capable":false,"Relation Name":"customer","Schema":"public","Alias":"customer","Startup Cost":0.0,"Total Cost":4.01,"Plan Rows":1,"Plan Width":12,"Actual Startup Time":0.0,"Actual Total Time":0.0,"Actual Rows":0,"Actual Loops":0,"Output":["customer.c_id","customer.c_w_id","customer.c_d_id","customer.c_nationkey"],"Shared Hit Blocks":0,"Shared Read Blocks":0,"Shared Dirtied Blocks":0,"Shared Written Blocks":0,"Local Hit Blocks":0,"Local Read Blocks":0,"Local Dirtied Blocks":0,"Local Written Blocks":0,"Temp Read Blocks":0,"Temp Written Blocks":0,"I/O Read Time":0.0,"I/O Write Time":0.0,"Temp I/O Read Time":0.0,"Temp I/O Write Time":0.0}]}]}]}]}]}]},"Planning":{"Shared Hit Blocks":16,"Shared Read Blocks":0,"Shared Dirtied Blocks":0,"Shared Written Blocks":0,"Local Hit Blocks":0,"Local Read Blocks":0,"Local Dirtied Blocks":0,"Local Written Blocks":0,"Temp Read Blocks":0,"Temp Written Blocks":0,"I/O Read Time":0.0,"I/O Write Time":0.0,"Temp I/O Read Time":0.0,"Temp I/O Write Time":0.0},"Planning Time":5.503,"Triggers":[],"Execution Time":5243.62}]
[列存组合]: customer, orders, region, stock
[{"Plan":{"Node Type":"Sort","Parallel Aware":false,"Async Capable":false,"Startup Cost":2010779.56,"Total Cost":2010779.72,"Plan Rows":62,"Plan Width":40,"Actual Startup Time":16417.687,"Actual Total Time":16417.717,"Actual Rows":11,"Actual Loops":1,"Output":["nation.n_name","(sum(order_line.ol_amount))"],"Sort Key":["(sum(order_line.ol_amount)) DESC"],"Sort Method":"quicksort","Sort Space Used":25,"Sort Space Type":"Memory","Shared Hit Blocks":368441,"Shared Read Blocks":0,"Shared Dirtied Blocks":0,"Shared Written Blocks":0,"Local Hit Blocks":0,"Local Read Blocks":0,"Local Dirtied Blocks":0,"Local Written Blocks":0,"Temp Read Blocks":129460,"Temp Written Blocks":129487,"I/O Read Time":0.0,"I/O Write Time":0.0,"Temp I/O Read Time":203.143,"Temp I/O Write Time":522.573,"Plans":[{"Node Type":"Aggregate","Strategy":"Sorted","Partial Mode":"Simple","Parent Relationship":"Outer","Parallel Aware":false,"Async Capable":false,"Startup Cost":2010703.78,"Total Cost":2010777.72,"Plan Rows":62,"Plan Width":40,"Actual Startup Time":16414.877,"Actual Total Time":16417.701,"Actual Rows":11,"Actual Loops":1,"Output":["nation.n_name","sum(order_line.ol_amount)"],"Group Key":["nation.n_name"],"Shared Hit Blocks":368441,"Shared Read Blocks":0,"Shared Dirtied Blocks":0,"Shared Written Blocks":0,"Local Hit Blocks":0,"Local Read Blocks":0,"Local Dirtied Blocks":0,"Local Written Blocks":0,"Temp Read Blocks":129460,"Temp Written Blocks":129487,"I/O Read Time":0.0,"I/O Write Time":0.0,"Temp I/O Read Time":203.143,"Temp I/O Write Time":522.573,"Plans":[{"Node Type":"Sort","Parent Relationship":"Outer","Parallel Aware":false,"Async Capable":false,"Startup Cost":2010703.78,"Total Cost":2010728.17,"Plan Rows":9755,"Plan Width":12,"Actual Startup Time":16414.671,"Actual Total Time":16415.448,"Actual Rows":17493,"Actual Loops":1,"Output":["nation.n_name","order_line.ol_amount"],"Sort Key":["nation.n_name"],"Sort Method":"quicksort","Sort Space Used":1725,"Sort Space Type":"Memory","Shared Hit Blocks":368441,"Shared Read Blocks":0,"Shared Dirtied Blocks":0,"Shared Written Blocks":0,"Local Hit Blocks":0,"Local Read Blocks":0,"Local Dirtied Blocks":0,"Local Written Blocks":0,"Temp Read Blocks":129460,"Temp Written Blocks":129487,"I/O Read Time":0.0,"I/O Write Time":0.0,"Temp I/O Read Time":203.143,"Temp I/O Write Time":522.573,"Plans":[{"Node Type":"Hash Join","Parent Relationship":"Outer","Parallel Aware":false,"Async Capable":false,"Join Type":"Inner","Startup Cost":1686560.5,"Total Cost":2010057.42,"Plan Rows":9755,"Plan Width":12,"Actual Startup Time":14585.497,"Actual Total Time":16405.878,"Actual Rows":17493,"Actual Loops":1,"Output":["nation.n_name","order_line.ol_amount"],"Inner Unique":true,"Hash Cond":"((mod((stock.s_w_id * stock.s_i_id), 10000) = supplier.su_suppkey) AND (customer.c_nationkey = supplier.su_nationkey))","Shared Hit Blocks":368441,"Shared Read Blocks":0,"Shared Dirtied Blocks":0,"Shared Written Blocks":0,"Local Hit Blocks":0,"Local Read Blocks":0,"Local Dirtied Blocks":0,"Local Written Blocks":0,"Temp Read Blocks":129460,"Temp Written Blocks":129487,"I/O Read Time":0.0,"I/O Write Time":0.0,"Temp I/O Read Time":203.143,"Temp I/O Write Time":522.573,"Plans":[{"Node Type":"Merge Join","Parent Relationship":"Outer","Parallel Aware":false,"Async Capable":false,"Join Type":"Inner","Startup Cost":1686093.5,"Total Cost":2006275.28,"Plan Rows":602749,"Plan Width":26,"Actual Startup Time":14582.433,"Actual Total Time":16264.476,"Actual Rows":1109507,"Actual Loops":1,"Output":["customer.c_nationkey","order_line.ol_amount","stock.s_w_id","stock.s_i_id","nation.n_name","nation.n_nationkey"],"Inner Unique":true,"Merge Cond":"((customer.c_w_id = stock.s_w_id) AND (order_line.ol_i_id = stock.s_i_id))","Shared Hit Blocks":368224,"Shared Read Blocks":0,"Shared Dirtied Blocks":0,"Shared Written Blocks":0,"Local Hit Blocks":0,"Local Read Blocks":0,"Local Dirtied Blocks":0,"Local Written Blocks":0,"Temp Read Blocks":129460,"Temp Written Blocks":129487,"I/O Read Time":0.0,"I/O Write Time":0.0,"Temp I/O Read Time":203.143,"Temp I/O Write Time":522.573,"Plans":[{"Node Type":"Sort","Parent Relationship":"Outer","Parallel Aware":false,"Async Capable":false,"Startup Cost":1686093.07,"Total Cost":1687580.75,"Plan Rows":595073,"Plan Width":30,"Actual Startup Time":14582.372,"Actual Total Time":14762.461,"Actual Rows":1109507,"Actual Loops":1,"Output":["customer.c_w_id","customer.c_nationkey","orders.o_w_id","order_line.ol_amount","order_line.ol_w_id","order_line.ol_i_id","nation.n_name","nation.n_nationkey"],"Sort Key":["customer.c_w_id","order_line.ol_i_id"],"Sort Method":"external merge","Sort Space Used":47304,"Sort Space Type":"Disk","Shared Hit Blocks":340886,"Shared Read Blocks":0,"Shared Dirtied Blocks":0,"Shared Written Blocks":0,"Local Hit Blocks":0,"Local Read Blocks":0,"Local Dirtied Blocks":0,"Local Written Blocks":0,"Temp Read Blocks":129460,"Temp Written Blocks":129487,"I/O Read Time":0.0,"I/O Write Time":0.0,"Temp I/O Read Time":203.143,"Temp I/O Write Time":522.573,"Plans":[{"Node Type":"Hash Join","Parent Relationship":"Outer","Parallel Aware":false,"Async Capable":false,"Join Type":"Inner","Startup Cost":396949.46,"Total Cost":1614779.51,"Plan Rows":595073,"Plan Width":30,"Actual Startup Time":1418.428,"Actual Total Time":13195.954,"Actual Rows":1109507,"Actual Loops":1,"Output":["customer.c_w_id","customer.c_nationkey","orders.o_w_id","order_line.ol_amount","order_line.ol_w_id","order_line.ol_i_id","nation.n_name","nation.n_nationkey"],"Inner Unique":false,"Hash Cond":"(customer.c_nationkey = nation.n_nationkey)","Shared Hit Blocks":340886,"Shared Read Blocks":0,"Shared Dirtied Blocks":0,"Shared Written Blocks":0,"Local Hit Blocks":0,"Local Read Blocks":0,"Local Dirtied Blocks":0,"Local Written Blocks":0,"Temp Read Blocks":117643,"Temp Written Blocks":117643,"I/O Read Time":0.0,"I/O Write Time":0.0,"Temp I/O Read Time":185.459,"Temp I/O Write Time":491.476,"Plans":[{"Node Type":"Hash Join","Parent Relationship":"Outer","Parallel Aware":false,"Async Capable":false,"Join Type":"Inner","Startup Cost":396946.31,"Total Cost":1597859.98,"Plan Rows":2975367,"Plan Width":18,"Actual Startup Time":1408.858,"Actual Total Time":12769.272,"Actual Rows":4284922,"Actual Loops":1,"Output":["customer.c_w_id","customer.c_nationkey","orders.o_w_id","order_line.ol_amount","order_line.ol_w_id","order_line.ol_i_id"],"Inner Unique":true,"Hash Cond":"((orders.o_c_id = customer.c_id) AND (orders.o_w_id = customer.c_w_id) AND (orders.o_d_id = customer.c_d_id))","Shared Hit Blocks":340884,"Shared Read Blocks":0,"Shared Dirtied Blocks":0,"Shared Written Blocks":0,"Local Hit Blocks":0,"Local Read Blocks":0,"Local Dirtied Blocks":0,"Local Written Blocks":0,"Temp Read Blocks":117643,"Temp Written Blocks":117643,"I/O Read Time":0.0,"I/O Write Time":0.0,"Temp I/O Read Time":185.459,"Temp I/O Write Time":491.476,"Plans":[{"Node Type":"Hash Join","Parent Relationship":"Outer","Parallel Aware":false,"Async Capable":false,"Join Type":"Inner","Startup Cost":75291.73,"Total Cost":1203258.36,"Plan Rows":2975367,"Plan Width":20,"Actual Startup Time":246.382,"Actual Total Time":9471.523,"Actual Rows":4284922,"Actual Loops":1,"Output":["orders.o_c_id","orders.o_w_id","orders.o_d_id","order_line.ol_amount","order_line.ol_w_id","order_line.ol_d_id","order_line.ol_i_id"],"Inner Unique":true,"Hash Cond":"((order_line.ol_w_id = orders.o_w_id) AND (order_line.ol_d_id = orders.o_d_id) AND (order_line.ol_o_id = orders.o_id))","Shared Hit Blocks":340884,"Shared Read Blocks":0,"Shared Dirtied Blocks":0,"Shared Written Blocks":0,"Local Hit Blocks":0,"Local Read Blocks":0,"Local Dirtied Blocks":0,"Local Written Blocks":0,"Temp Read Blocks":85996,"Temp Written Blocks":85996,"I/O Read Time":0.0,"I/O Write Time":0.0,"Temp I/O Read Time":135.303,"Temp I/O Write Time":347.508,"Plans":[{"Node Type":"Seq Scan","Parent Relationship":"Outer","Parallel Aware":false,"Async Capable":false,"Relation Name":"order_line","Schema":"public","Alias":"order_line","Startup Cost":0.0,"Total Cost":715856.4,"Plan Rows":20926367,"Plan Width":20,"Actual Startup Time":0.006,"Actual Total Time":3676.103,"Actual Rows":21002151,"Actual Loops":1,"Output":["order_line.ol_amount","order_line.ol_o_id","order_line.ol_w_id","order_line.ol_d_id","order_line.ol_i_id"],"Filter":"(order_line.ol_delivery_d >= '1992-01-02 20:10:02.27764'::timestamp without time zone)","Rows Removed by Filter":8995581,"Shared Hit Blocks":340884,"Shared Read Blocks":0,"Shared Dirtied Blocks":0,"Shared Written Blocks":0,"Local Hit Blocks":0,"Local Read Blocks":0,"Local Dirtied Blocks":0,"Local Written Blocks":0,"Temp Read Blocks":0,"Temp Written Blocks":0,"I/O Read Time":0.0,"I/O Write Time":0.0,"Temp I/O Read Time":0.0,"Temp I/O Write Time":0.0},{"Node Type":"Hash","Parent Relationship":"Inner","Parallel Aware":false,"Async Capable":false,"Startup Cost":65744.12,"Total Cost":65744.12,"Plan Rows":426549,"Plan Width":16,"Actual Startup Time":178.706,"Actual Total Time":178.715,"Actual Rows":428399,"Actual Loops":1,"Output":["orders.o_c_id","orders.o_w_id","orders.o_d_id","orders.o_id"],"Hash Buckets":262144,"Original Hash Buckets":262144,"Hash Batches":4,"Original Hash Batches":4,"Peak Memory Usage":7080,"Shared Hit Blocks":0,"Shared Read Blocks":0,"Shared Dirtied Blocks":0,"Shared Written Blocks":0,"Local Hit Blocks":0,"Local Read Blocks":0,"Local Dirtied Blocks":0,"Local Written Blocks":0,"Temp Read Blocks":0,"Temp Written Blocks":1410,"I/O Read Time":0.0,"I/O Write Time":0.0,"Temp I/O Read Time":0.0,"Temp I/O Write Time":5.873,"Plans":[{"Node Type":"Append","Parent Relationship":"Outer","Parallel Aware":false,"Async Capable":false,"Startup Cost":20.0,"Total Cost":65744.12,"Plan Rows":426549,"Plan Width":16,"Actual Startup Time":0.516,"Actual Total Time":101.968,"Actual Rows":428399,"Actual Loops":1,"Shared Hit Blocks":0,"Shared Read Blocks":0,"Shared Dirtied Blocks":0,"Shared Written Blocks":0,"Local Hit Blocks":0,"Local Read Blocks":0,"Local Dirtied Blocks":0,"Local Written Blocks":0,"Temp Read Blocks":0,"Temp Written Blocks":0,"I/O Read Time":0.0,"I/O Write Time":0.0,"Temp I/O Read Time":0.0,"Temp I/O Write Time":0.0,"Subplans Removed":0,"Plans":[{"Node Type":"Custom Scan","Parent Relationship":"Member","Custom Plan Provider":"columnar scan","Parallel Aware":false,"Async Capable":false,"Relation Name":"orders","Schema":"public","Alias":"orders","Startup Cost":20.0,"Total Cost":10043.96,"Plan Rows":426548,"Plan Width":16,"Actual Startup Time":0.515,"Actual Total Time":71.156,"Actual Rows":428399,"Actual Loops":1,"Output":["orders.o_c_id","orders.o_w_id","orders.o_d_id","orders.o_id"],"Filter":"((orders.o_entry_d < '1994-01-02 20:10:02.27764'::timestamp without time zone) AND (orders.o_entry_d >= '1993-01-02 20:10:02.27764'::timestamp without time zone))","Rows Removed by Filter":0,"Rows Removed by Columnar Filter":2571601,"Columnar cache search mode":"native","Shared Hit Blocks":0,"Shared Read Blocks":0,"Shared Dirtied Blocks":0,"Shared Written Blocks":0,"Local Hit Blocks":0,"Local Read Blocks":0,"Local Dirtied Blocks":0,"Local Written Blocks":0,"Temp Read Blocks":0,"Temp Written Blocks":0,"I/O Read Time":0.0,"I/O Write Time":0.0,"Temp I/O Read Time":0.0,"Temp I/O Write Time":0.0},{"Node Type":"Seq Scan","Parent Relationship":"Member","Parallel Aware":false,"Async Capable":false,"Relation Name":"orders","Schema":"public","Alias":"orders","Startup Cost":0.0,"Total Cost":4.01,"Plan Rows":1,"Plan Width":16,"Actual Startup Time":0.0,"Actual Total Time":0.0,"Actual Rows":0,"Actual Loops":0,"Output":["orders.o_c_id","orders.o_w_id","orders.o_d_id","orders.o_id"],"Filter":"((orders.o_entry_d < '1994-01-02 20:10:02.27764'::timestamp without time zone) AND (orders.o_entry_d >= '1993-01-02 20:10:02.27764'::timestamp without time zone))","Rows Removed by Filter":0,"Shared Hit Blocks":0,"Shared Read Blocks":0,"Shared Dirtied Blocks":0,"Shared Written Blocks":0,"Local Hit Blocks":0,"Local Read Blocks":0,"Local Dirtied Blocks":0,"Local Written Blocks":0,"Temp Read Blocks":0,"Temp Written Blocks":0,"I/O Read Time":0.0,"I/O Write Time":0.0,"Temp I/O Read Time":0.0,"Temp I/O Write Time":0.0}]}]}]},{"Node Type":"Hash","Parent Relationship":"Inner","Parallel Aware":false,"Async Capable":false,"Startup Cost":254511.16,"Total Cost":254511.16,"Plan Rows":2999739,"Plan Width":12,"Actual Startup Time":1159.936,"Actual Total Time":1159.941,"Actual Rows":3000000,"Actual Loops":1,"Output":["customer.c_id","customer.c_w_id","customer.c_d_id","customer.c_nationkey"],"Hash Buckets":262144,"Original Hash Buckets":262144,"Hash Batches":32,"Original Hash Batches":32,"Peak Memory Usage":6090,"Shared Hit Blocks":0,"Shared Read Blocks":0,"Shared Dirtied Blocks":0,"Shared Written Blocks":0,"Local Hit Blocks":0,"Local Read Blocks":0,"Local Dirtied Blocks":0,"Local Written Blocks":0,"Temp Read Blocks":0,"Temp Written Blocks":11335,"I/O Read Time":0.0,"I/O Write Time":0.0,"Temp I/O Read Time":0.0,"Temp I/O Write Time":49.81,"Plans":[{"Node Type":"Append","Parent Relationship":"Outer","Parallel Aware":false,"Async Capable":false,"Startup Cost":20.0,"Total Cost":254511.16,"Plan Rows":2999739,"Plan Width":12,"Actual Startup Time":0.015,"Actual Total Time":656.231,"Actual Rows":3000000,"Actual Loops":1,"Shared Hit Blocks":0,"Shared Read Blocks":0,"Shared Dirtied Blocks":0,"Shared Written Blocks":0,"Local Hit Blocks":0,"Local Read Blocks":0,"Local Dirtied Blocks":0,"Local Written Blocks":0,"Temp Read Blocks":0,"Temp Written Blocks":0,"I/O Read Time":0.0,"I/O Write Time":0.0,"Temp I/O Read Time":0.0,"Temp I/O Write Time":0.0,"Subplans Removed":0,"Plans":[{"Node Type":"Custom Scan","Parent Relationship":"Member","Custom Plan Provider":"columnar scan","Parallel Aware":false,"Async Capable":false,"Relation Name":"customer","Schema":"public","Alias":"customer","Startup Cost":20.0,"Total Cost":70513.87,"Plan Rows":2999738,"Plan Width":12,"Actual Startup Time":0.014,"Actual Total Time":445.669,"Actual Rows":3000000,"Actual Loops":1,"Output":["customer.c_id","customer.c_w_id","customer.c_d_id","customer.c_nationkey"],"Rows Removed by Columnar Filter":0,"Columnar cache search mode":"native","Shared Hit Blocks":0,"Shared Read Blocks":0,"Shared Dirtied Blocks":0,"Shared Written Blocks":0,"Local Hit Blocks":0,"Local Read Blocks":0,"Local Dirtied Blocks":0,"Local Written Blocks":0,"Temp Read Blocks":0,"Temp Written Blocks":0,"I/O Read Time":0.0,"I/O Write Time":0.0,"Temp I/O Read Time":0.0,"Temp I/O Write Time":0.0},{"Node Type":"Seq Scan","Parent Relationship":"Member","Parallel Aware":false,"Async Capable":false,"Relation Name":"customer","Schema":"public","Alias":"customer","Startup Cost":0.0,"Total Cost":4.01,"Plan Rows":1,"Plan Width":12,"Actual Startup Time":0.0,"Actual Total Time":0.0,"Actual Rows":0,"Actual Loops":0,"Output":["customer.c_id","customer.c_w_id","customer.c_d_id","customer.c_nationkey"],"Shared Hit Blocks":0,"Shared Read Blocks":0,"Shared Dirtied Blocks":0,"Shared Written Blocks":0,"Local Hit Blocks":0,"Local Read Blocks":0,"Local Dirtied Blocks":0,"Local Written Blocks":0,"Temp Read Blocks":0,"Temp Written Blocks":0,"I/O Read Time":0.0,"I/O Write Time":0.0,"Temp I/O Read Time":0.0,"Temp I/O Write Time":0.0}]}]}]},{"Node Type":"Hash","Parent Relationship":"Inner","Parallel Aware":false,"Async Capable":false,"Startup Cost":2.99,"Total Cost":2.99,"Plan Rows":12,"Plan Width":12,"Actual Startup Time":0.039,"Actual Total Time":0.044,"Actual Rows":22,"Actual Loops":1,"Output":["nation.n_name","nation.n_nationkey"],"Hash Buckets":1024,"Original Hash Buckets":1024,"Hash Batches":1,"Original Hash Batches":1,"Peak Memory Usage":9,"Shared Hit Blocks":2,"Shared Read Blocks":0,"Shared Dirtied Blocks":0,"Shared Written Blocks":0,"Local Hit Blocks":0,"Local Read Blocks":0,"Local Dirtied Blocks":0,"Local Written Blocks":0,"Temp Read Blocks":0,"Temp Written Blocks":0,"I/O Read Time":0.0,"I/O Write Time":0.0,"Temp I/O Read Time":0.0,"Temp I/O Write Time":0.0,"Plans":[{"Node Type":"Hash Join","Parent Relationship":"Outer","Parallel Aware":false,"Async Capable":false,"Join Type":"Inner","Startup Cost":1.07,"Total Cost":2.99,"Plan Rows":12,"Plan Width":12,"Actual Startup Time":0.022,"Actual Total Time":0.038,"Actual Rows":22,"Actual Loops":1,"Output":["nation.n_name","nation.n_nationkey"],"Inner Unique":true,"Hash Cond":"(nation.n_regionkey = region.r_regionkey)","Shared Hit Blocks":2,"Shared Read Blocks":0,"Shared Dirtied Blocks":0,"Shared Written Blocks":0,"Local Hit Blocks":0,"Local Read Blocks":0,"Local Dirtied Blocks":0,"Local Written Blocks":0,"Temp Read Blocks":0,"Temp Written Blocks":0,"I/O Read Time":0.0,"I/O Write Time":0.0,"Temp I/O Read Time":0.0,"Temp I/O Write Time":0.0,"Plans":[{"Node Type":"Seq Scan","Parent Relationship":"Outer","Parallel Aware":false,"Async Capable":false,"Relation Name":"nation","Schema":"public","Alias":"nation","Startup Cost":0.0,"Total Cost":1.62,"Plan Rows":62,"Plan Width":16,"Actual Startup Time":0.005,"Actual Total Time":0.008,"Actual Rows":62,"Actual Loops":1,"Output":["nation.n_nationkey","nation.n_name","nation.n_regionkey","nation.n_comment"],"Shared Hit Blocks":1,"Shared Read Blocks":0,"Shared Dirtied Blocks":0,"Shared Written Blocks":0,"Local Hit Blocks":0,"Local Read Blocks":0,"Local Dirtied Blocks":0,"Local Written Blocks":0,"Temp Read Blocks":0,"Temp Written Blocks":0,"I/O Read Time":0.0,"I/O Write Time":0.0,"Temp I/O Read Time":0.0,"Temp I/O Write Time":0.0},{"Node Type":"Hash","Parent Relationship":"Inner","Parallel Aware":false,"Async Capable":false,"Startup Cost":1.06,"Total Cost":1.06,"Plan Rows":1,"Plan Width":4,"Actual Startup Time":0.007,"Actual Total Time":0.009,"Actual Rows":1,"Actual Loops":1,"Output":["region.r_regionkey"],"Hash Buckets":1024,"Original Hash Buckets":1024,"Hash Batches":1,"Original Hash Batches":1,"Peak Memory Usage":9,"Shared Hit Blocks":1,"Shared Read Blocks":0,"Shared Dirtied Blocks":0,"Shared Written Blocks":0,"Local Hit Blocks":0,"Local Read Blocks":0,"Local Dirtied Blocks":0,"Local Written Blocks":0,"Temp Read Blocks":0,"Temp Written Blocks":0,"I/O Read Time":0.0,"I/O Write Time":0.0,"Temp I/O Read Time":0.0,"Temp I/O Write Time":0.0,"Plans":[{"Node Type":"Seq Scan","Parent Relationship":"Outer","Parallel Aware":false,"Async Capable":false,"Relation Name":"region","Schema":"public","Alias":"region","Startup Cost":0.0,"Total Cost":1.06,"Plan Rows":1,"Plan Width":4,"Actual Startup Time":0.005,"Actual Total Time":0.006,"Actual Rows":1,"Actual Loops":1,"Output":["region.r_regionkey"],"Filter":"((region.r_name)::text = 'Europe'::text)","Rows Removed by Filter":4,"Shared Hit Blocks":1,"Shared Read Blocks":0,"Shared Dirtied Blocks":0,"Shared Written Blocks":0,"Local Hit Blocks":0,"Local Read Blocks":0,"Local Dirtied Blocks":0,"Local Written Blocks":0,"Temp Read Blocks":0,"Temp Written Blocks":0,"I/O Read Time":0.0,"I/O Write Time":0.0,"Temp I/O Read Time":0.0,"Temp I/O Write Time":0.0}]}]}]}]}]},{"Node Type":"Index Only Scan","Parent Relationship":"Inner","Parallel Aware":false,"Async Capable":false,"Scan Direction":"Forward","Index Name":"stock_pk","Relation Name":"stock","Schema":"public","Alias":"stock","Startup Cost":0.43,"Total Cost":259690.86,"Plan Rows":10000162,"Plan Width":6,"Actual Startup Time":0.048,"Actual Total Time":704.527,"Actual Rows":9999996,"Actual Loops":1,"Output":["stock.s_w_id","stock.s_i_id"],"Heap Fetches":0,"Shared Hit Blocks":27338,"Shared Read Blocks":0,"Shared Dirtied Blocks":0,"Shared Written Blocks":0,"Local Hit Blocks":0,"Local Read Blocks":0,"Local Dirtied Blocks":0,"Local Written Blocks":0,"Temp Read Blocks":0,"Temp Written Blocks":0,"I/O Read Time":0.0,"I/O Write Time":0.0,"Temp I/O Read Time":0.0,"Temp I/O Write Time":0.0}]},{"Node Type":"Hash","Parent Relationship":"Inner","Parallel Aware":false,"Async Capable":false,"Startup Cost":317.0,"Total Cost":317.0,"Plan Rows":10000,"Plan Width":8,"Actual Startup Time":2.646,"Actual Total Time":2.647,"Actual Rows":10000,"Actual Loops":1,"Output":["supplier.su_suppkey","supplier.su_nationkey"],"Hash Buckets":16384,"Original Hash Buckets":16384,"Hash Batches":1,"Original Hash Batches":1,"Peak Memory Usage":519,"Shared Hit Blocks":217,"Shared Read Blocks":0,"Shared Dirtied Blocks":0,"Shared Written Blocks":0,"Local Hit Blocks":0,"Local Read Blocks":0,"Local Dirtied Blocks":0,"Local Written Blocks":0,"Temp Read Blocks":0,"Temp Written Blocks":0,"I/O Read Time":0.0,"I/O Write Time":0.0,"Temp I/O Read Time":0.0,"Temp I/O Write Time":0.0,"Plans":[{"Node Type":"Seq Scan","Parent Relationship":"Outer","Parallel Aware":false,"Async Capable":false,"Relation Name":"supplier","Schema":"public","Alias":"supplier","Startup Cost":0.0,"Total Cost":317.0,"Plan Rows":10000,"Plan Width":8,"Actual Startup Time":0.01,"Actual Total Time":1.27,"Actual Rows":10000,"Actual Loops":1,"Output":["supplier.su_suppkey","supplier.su_nationkey"],"Shared Hit Blocks":217,"Shared Read Blocks":0,"Shared Dirtied Blocks":0,"Shared Written Blocks":0,"Local Hit Blocks":0,"Local Read Blocks":0,"Local Dirtied Blocks":0,"Local Written Blocks":0,"Temp Read Blocks":0,"Temp Written Blocks":0,"I/O Read Time":0.0,"I/O Write Time":0.0,"Temp I/O Read Time":0.0,"Temp I/O Write Time":0.0}]}]}]}]}]},"Planning":{"Shared Hit Blocks":16,"Shared Read Blocks":0,"Shared Dirtied Blocks":0,"Shared Written Blocks":0,"Local Hit Blocks":0,"Local Read Blocks":0,"Local Dirtied Blocks":0,"Local Written Blocks":0,"Temp Read Blocks":0,"Temp Written Blocks":0,"I/O Read Time":0.0,"I/O Write Time":0.0,"Temp I/O Read Time":0.0,"Temp I/O Write Time":0.0},"Planning Time":5.158,"Triggers":[],"Execution Time":16425.915}]
[列存组合]: customer, orders, region, supplier
[{"Plan":{"Node Type":"Sort","Parallel Aware":false,"Async Capable":false,"Startup Cost":2010681.59,"Total Cost":2010681.74,"Plan Rows":62,"Plan Width":40,"Actual Startup Time":16395.37,"Actual Total Time":16395.394,"Actual Rows":11,"Actual Loops":1,"Output":["nation.n_name","(sum(order_line.ol_amount))"],"Sort Key":["(sum(order_line.ol_amount)) DESC"],"Sort Method":"quicksort","Sort Space Used":25,"Sort Space Type":"Memory","Shared Hit Blocks":368224,"Shared Read Blocks":0,"Shared Dirtied Blocks":0,"Shared Written Blocks":0,"Local Hit Blocks":0,"Local Read Blocks":0,"Local Dirtied Blocks":0,"Local Written Blocks":0,"Temp Read Blocks":129460,"Temp Written Blocks":129487,"I/O Read Time":0.0,"I/O Write Time":0.0,"Temp I/O Read Time":201.661,"Temp I/O Write Time":511.076,"Plans":[{"Node Type":"Aggregate","Strategy":"Sorted","Partial Mode":"Simple","Parent Relationship":"Outer","Parallel Aware":false,"Async Capable":false,"Startup Cost":2010605.8,"Total Cost":2010679.74,"Plan Rows":62,"Plan Width":40,"Actual Startup Time":16392.566,"Actual Total Time":16395.379,"Actual Rows":11,"Actual Loops":1,"Output":["nation.n_name","sum(order_line.ol_amount)"],"Group Key":["nation.n_name"],"Shared Hit Blocks":368224,"Shared Read Blocks":0,"Shared Dirtied Blocks":0,"Shared Written Blocks":0,"Local Hit Blocks":0,"Local Read Blocks":0,"Local Dirtied Blocks":0,"Local Written Blocks":0,"Temp Read Blocks":129460,"Temp Written Blocks":129487,"I/O Read Time":0.0,"I/O Write Time":0.0,"Temp I/O Read Time":201.661,"Temp I/O Write Time":511.076,"Plans":[{"Node Type":"Sort","Parent Relationship":"Outer","Parallel Aware":false,"Async Capable":false,"Startup Cost":2010605.8,"Total Cost":2010630.19,"Plan Rows":9755,"Plan Width":12,"Actual Startup Time":16392.354,"Actual Total Time":16393.118,"Actual Rows":17493,"Actual Loops":1,"Output":["nation.n_name","order_line.ol_amount"],"Sort Key":["nation.n_name"],"Sort Method":"quicksort","Sort Space Used":1725,"Sort Space Type":"Memory","Shared Hit Blocks":368224,"Shared Read Blocks":0,"Shared Dirtied Blocks":0,"Shared Written Blocks":0,"Local Hit Blocks":0,"Local Read Blocks":0,"Local Dirtied Blocks":0,"Local Written Blocks":0,"Temp Read Blocks":129460,"Temp Written Blocks":129487,"I/O Read Time":0.0,"I/O Write Time":0.0,"Temp I/O Read Time":201.661,"Temp I/O Write Time":511.076,"Plans":[{"Node Type":"Hash Join","Parent Relationship":"Outer","Parallel Aware":false,"Async Capable":false,"Join Type":"Inner","Startup Cost":1686462.53,"Total Cost":2009959.44,"Plan Rows":9755,"Plan Width":12,"Actual Startup Time":14559.64,"Actual Total Time":16383.402,"Actual Rows":17493,"Actual Loops":1,"Output":["nation.n_name","order_line.ol_amount"],"Inner Unique":true,"Hash Cond":"((mod((stock.s_w_id * stock.s_i_id), 10000) = supplier.su_suppkey) AND (customer.c_nationkey = supplier.su_nationkey))","Shared Hit Blocks":368224,"Shared Read Blocks":0,"Shared Dirtied Blocks":0,"Shared Written Blocks":0,"Local Hit Blocks":0,"Local Read Blocks":0,"Local Dirtied Blocks":0,"Local Written Blocks":0,"Temp Read Blocks":129460,"Temp Written Blocks":129487,"I/O Read Time":0.0,"I/O Write Time":0.0,"Temp I/O Read Time":201.661,"Temp I/O Write Time":511.076,"Plans":[{"Node Type":"Merge Join","Parent Relationship":"Outer","Parallel Aware":false,"Async Capable":false,"Join Type":"Inner","Startup Cost":1686093.5,"Total Cost":2006275.28,"Plan Rows":602749,"Plan Width":26,"Actual Startup Time":14556.127,"Actual Total Time":16241.73,"Actual Rows":1109507,"Actual Loops":1,"Output":["customer.c_nationkey","order_line.ol_amount","stock.s_w_id","stock.s_i_id","nation.n_name","nation.n_nationkey"],"Inner Unique":true,"Merge Cond":"((customer.c_w_id = stock.s_w_id) AND (order_line.ol_i_id = stock.s_i_id))","Shared Hit Blocks":368224,"Shared Read Blocks":0,"Shared Dirtied Blocks":0,"Shared Written Blocks":0,"Local Hit Blocks":0,"Local Read Blocks":0,"Local Dirtied Blocks":0,"Local Written Blocks":0,"Temp Read Blocks":129460,"Temp Written Blocks":129487,"I/O Read Time":0.0,"I/O Write Time":0.0,"Temp I/O Read Time":201.661,"Temp I/O Write Time":511.076,"Plans":[{"Node Type":"Sort","Parent Relationship":"Outer","Parallel Aware":false,"Async Capable":false,"Startup Cost":1686093.07,"Total Cost":1687580.75,"Plan Rows":595073,"Plan Width":30,"Actual Startup Time":14556.068,"Actual Total Time":14736.126,"Actual Rows":1109507,"Actual Loops":1,"Output":["customer.c_w_id","customer.c_nationkey","orders.o_w_id","order_line.ol_amount","order_line.ol_w_id","order_line.ol_i_id","nation.n_name","nation.n_nationkey"],"Sort Key":["customer.c_w_id","order_line.ol_i_id"],"Sort Method":"external merge","Sort Space Used":47304,"Sort Space Type":"Disk","Shared Hit Blocks":340886,"Shared Read Blocks":0,"Shared Dirtied Blocks":0,"Shared Written Blocks":0,"Local Hit Blocks":0,"Local Read Blocks":0,"Local Dirtied Blocks":0,"Local Written Blocks":0,"Temp Read Blocks":129460,"Temp Written Blocks":129487,"I/O Read Time":0.0,"I/O Write Time":0.0,"Temp I/O Read Time":201.661,"Temp I/O Write Time":511.076,"Plans":[{"Node Type":"Hash Join","Parent Relationship":"Outer","Parallel Aware":false,"Async Capable":false,"Join Type":"Inner","Startup Cost":396949.46,"Total Cost":1614779.51,"Plan Rows":595073,"Plan Width":30,"Actual Startup Time":1417.718,"Actual Total Time":13167.182,"Actual Rows":1109507,"Actual Loops":1,"Output":["customer.c_w_id","customer.c_nationkey","orders.o_w_id","order_line.ol_amount","order_line.ol_w_id","order_line.ol_i_id","nation.n_name","nation.n_nationkey"],"Inner Unique":false,"Hash Cond":"(customer.c_nationkey = nation.n_nationkey)","Shared Hit Blocks":340886,"Shared Read Blocks":0,"Shared Dirtied Blocks":0,"Shared Written Blocks":0,"Local Hit Blocks":0,"Local Read Blocks":0,"Local Dirtied Blocks":0,"Local Written Blocks":0,"Temp Read Blocks":117643,"Temp Written Blocks":117643,"I/O Read Time":0.0,"I/O Write Time":0.0,"Temp I/O Read Time":184.379,"Temp I/O Write Time":479.989,"Plans":[{"Node Type":"Hash Join","Parent Relationship":"Outer","Parallel Aware":false,"Async Capable":false,"Join Type":"Inner","Startup Cost":396946.31,"Total Cost":1597859.98,"Plan Rows":2975367,"Plan Width":18,"Actual Startup Time":1407.873,"Actual Total Time":12747.649,"Actual Rows":4284922,"Actual Loops":1,"Output":["customer.c_w_id","customer.c_nationkey","orders.o_w_id","order_line.ol_amount","order_line.ol_w_id","order_line.ol_i_id"],"Inner Unique":true,"Hash Cond":"((orders.o_c_id = customer.c_id) AND (orders.o_w_id = customer.c_w_id) AND (orders.o_d_id = customer.c_d_id))","Shared Hit Blocks":340884,"Shared Read Blocks":0,"Shared Dirtied Blocks":0,"Shared Written Blocks":0,"Local Hit Blocks":0,"Local Read Blocks":0,"Local Dirtied Blocks":0,"Local Written Blocks":0,"Temp Read Blocks":117643,"Temp Written Blocks":117643,"I/O Read Time":0.0,"I/O Write Time":0.0,"Temp I/O Read Time":184.379,"Temp I/O Write Time":479.989,"Plans":[{"Node Type":"Hash Join","Parent Relationship":"Outer","Parallel Aware":false,"Async Capable":false,"Join Type":"Inner","Startup Cost":75291.73,"Total Cost":1203258.36,"Plan Rows":2975367,"Plan Width":20,"Actual Startup Time":245.148,"Actual Total Time":9464.477,"Actual Rows":4284922,"Actual Loops":1,"Output":["orders.o_c_id","orders.o_w_id","orders.o_d_id","order_line.ol_amount","order_line.ol_w_id","order_line.ol_d_id","order_line.ol_i_id"],"Inner Unique":true,"Hash Cond":"((order_line.ol_w_id = orders.o_w_id) AND (order_line.ol_d_id = orders.o_d_id) AND (order_line.ol_o_id = orders.o_id))","Shared Hit Blocks":340884,"Shared Read Blocks":0,"Shared Dirtied Blocks":0,"Shared Written Blocks":0,"Local Hit Blocks":0,"Local Read Blocks":0,"Local Dirtied Blocks":0,"Local Written Blocks":0,"Temp Read Blocks":85996,"Temp Written Blocks":85996,"I/O Read Time":0.0,"I/O Write Time":0.0,"Temp I/O Read Time":135.353,"Temp I/O Write Time":338.206,"Plans":[{"Node Type":"Seq Scan","Parent Relationship":"Outer","Parallel Aware":false,"Async Capable":false,"Relation Name":"order_line","Schema":"public","Alias":"order_line","Startup Cost":0.0,"Total Cost":715856.4,"Plan Rows":20926367,"Plan Width":20,"Actual Startup Time":0.006,"Actual Total Time":3667.372,"Actual Rows":21002151,"Actual Loops":1,"Output":["order_line.ol_amount","order_line.ol_o_id","order_line.ol_w_id","order_line.ol_d_id","order_line.ol_i_id"],"Filter":"(order_line.ol_delivery_d >= '1992-01-02 20:10:02.27764'::timestamp without time zone)","Rows Removed by Filter":8995581,"Shared Hit Blocks":340884,"Shared Read Blocks":0,"Shared Dirtied Blocks":0,"Shared Written Blocks":0,"Local Hit Blocks":0,"Local Read Blocks":0,"Local Dirtied Blocks":0,"Local Written Blocks":0,"Temp Read Blocks":0,"Temp Written Blocks":0,"I/O Read Time":0.0,"I/O Write Time":0.0,"Temp I/O Read Time":0.0,"Temp I/O Write Time":0.0},{"Node Type":"Hash","Parent Relationship":"Inner","Parallel Aware":false,"Async Capable":false,"Startup Cost":65744.12,"Total Cost":65744.12,"Plan Rows":426549,"Plan Width":16,"Actual Startup Time":178.04,"Actual Total Time":178.047,"Actual Rows":428399,"Actual Loops":1,"Output":["orders.o_c_id","orders.o_w_id","orders.o_d_id","orders.o_id"],"Hash Buckets":262144,"Original Hash Buckets":262144,"Hash Batches":4,"Original Hash Batches":4,"Peak Memory Usage":7080,"Shared Hit Blocks":0,"Shared Read Blocks":0,"Shared Dirtied Blocks":0,"Shared Written Blocks":0,"Local Hit Blocks":0,"Local Read Blocks":0,"Local Dirtied Blocks":0,"Local Written Blocks":0,"Temp Read Blocks":0,"Temp Written Blocks":1410,"I/O Read Time":0.0,"I/O Write Time":0.0,"Temp I/O Read Time":0.0,"Temp I/O Write Time":5.513,"Plans":[{"Node Type":"Append","Parent Relationship":"Outer","Parallel Aware":false,"Async Capable":false,"Startup Cost":20.0,"Total Cost":65744.12,"Plan Rows":426549,"Plan Width":16,"Actual Startup Time":0.519,"Actual Total Time":102.502,"Actual Rows":428399,"Actual Loops":1,"Shared Hit Blocks":0,"Shared Read Blocks":0,"Shared Dirtied Blocks":0,"Shared Written Blocks":0,"Local Hit Blocks":0,"Local Read Blocks":0,"Local Dirtied Blocks":0,"Local Written Blocks":0,"Temp Read Blocks":0,"Temp Written Blocks":0,"I/O Read Time":0.0,"I/O Write Time":0.0,"Temp I/O Read Time":0.0,"Temp I/O Write Time":0.0,"Subplans Removed":0,"Plans":[{"Node Type":"Custom Scan","Parent Relationship":"Member","Custom Plan Provider":"columnar scan","Parallel Aware":false,"Async Capable":false,"Relation Name":"orders","Schema":"public","Alias":"orders","Startup Cost":20.0,"Total Cost":10043.96,"Plan Rows":426548,"Plan Width":16,"Actual Startup Time":0.518,"Actual Total Time":71.481,"Actual Rows":428399,"Actual Loops":1,"Output":["orders.o_c_id","orders.o_w_id","orders.o_d_id","orders.o_id"],"Filter":"((orders.o_entry_d < '1994-01-02 20:10:02.27764'::timestamp without time zone) AND (orders.o_entry_d >= '1993-01-02 20:10:02.27764'::timestamp without time zone))","Rows Removed by Filter":0,"Rows Removed by Columnar Filter":2571601,"Columnar cache search mode":"native","Shared Hit Blocks":0,"Shared Read Blocks":0,"Shared Dirtied Blocks":0,"Shared Written Blocks":0,"Local Hit Blocks":0,"Local Read Blocks":0,"Local Dirtied Blocks":0,"Local Written Blocks":0,"Temp Read Blocks":0,"Temp Written Blocks":0,"I/O Read Time":0.0,"I/O Write Time":0.0,"Temp I/O Read Time":0.0,"Temp I/O Write Time":0.0},{"Node Type":"Seq Scan","Parent Relationship":"Member","Parallel Aware":false,"Async Capable":false,"Relation Name":"orders","Schema":"public","Alias":"orders","Startup Cost":0.0,"Total Cost":4.01,"Plan Rows":1,"Plan Width":16,"Actual Startup Time":0.0,"Actual Total Time":0.0,"Actual Rows":0,"Actual Loops":0,"Output":["orders.o_c_id","orders.o_w_id","orders.o_d_id","orders.o_id"],"Filter":"((orders.o_entry_d < '1994-01-02 20:10:02.27764'::timestamp without time zone) AND (orders.o_entry_d >= '1993-01-02 20:10:02.27764'::timestamp without time zone))","Rows Removed by Filter":0,"Shared Hit Blocks":0,"Shared Read Blocks":0,"Shared Dirtied Blocks":0,"Shared Written Blocks":0,"Local Hit Blocks":0,"Local Read Blocks":0,"Local Dirtied Blocks":0,"Local Written Blocks":0,"Temp Read Blocks":0,"Temp Written Blocks":0,"I/O Read Time":0.0,"I/O Write Time":0.0,"Temp I/O Read Time":0.0,"Temp I/O Write Time":0.0}]}]}]},{"Node Type":"Hash","Parent Relationship":"Inner","Parallel Aware":false,"Async Capable":false,"Startup Cost":254511.16,"Total Cost":254511.16,"Plan Rows":2999739,"Plan Width":12,"Actual Startup Time":1160.35,"Actual Total Time":1160.353,"Actual Rows":3000000,"Actual Loops":1,"Output":["customer.c_id","customer.c_w_id","customer.c_d_id","customer.c_nationkey"],"Hash Buckets":262144,"Original Hash Buckets":262144,"Hash Batches":32,"Original Hash Batches":32,"Peak Memory Usage":6090,"Shared Hit Blocks":0,"Shared Read Blocks":0,"Shared Dirtied Blocks":0,"Shared Written Blocks":0,"Local Hit Blocks":0,"Local Read Blocks":0,"Local Dirtied Blocks":0,"Local Written Blocks":0,"Temp Read Blocks":0,"Temp Written Blocks":11335,"I/O Read Time":0.0,"I/O Write Time":0.0,"Temp I/O Read Time":0.0,"Temp I/O Write Time":47.915,"Plans":[{"Node Type":"Append","Parent Relationship":"Outer","Parallel Aware":false,"Async Capable":false,"Startup Cost":20.0,"Total Cost":254511.16,"Plan Rows":2999739,"Plan Width":12,"Actual Startup Time":0.016,"Actual Total Time":659.188,"Actual Rows":3000000,"Actual Loops":1,"Shared Hit Blocks":0,"Shared Read Blocks":0,"Shared Dirtied Blocks":0,"Shared Written Blocks":0,"Local Hit Blocks":0,"Local Read Blocks":0,"Local Dirtied Blocks":0,"Local Written Blocks":0,"Temp Read Blocks":0,"Temp Written Blocks":0,"I/O Read Time":0.0,"I/O Write Time":0.0,"Temp I/O Read Time":0.0,"Temp I/O Write Time":0.0,"Subplans Removed":0,"Plans":[{"Node Type":"Custom Scan","Parent Relationship":"Member","Custom Plan Provider":"columnar scan","Parallel Aware":false,"Async Capable":false,"Relation Name":"customer","Schema":"public","Alias":"customer","Startup Cost":20.0,"Total Cost":70513.87,"Plan Rows":2999738,"Plan Width":12,"Actual Startup Time":0.015,"Actual Total Time":448.816,"Actual Rows":3000000,"Actual Loops":1,"Output":["customer.c_id","customer.c_w_id","customer.c_d_id","customer.c_nationkey"],"Rows Removed by Columnar Filter":0,"Columnar cache search mode":"native","Shared Hit Blocks":0,"Shared Read Blocks":0,"Shared Dirtied Blocks":0,"Shared Written Blocks":0,"Local Hit Blocks":0,"Local Read Blocks":0,"Local Dirtied Blocks":0,"Local Written Blocks":0,"Temp Read Blocks":0,"Temp Written Blocks":0,"I/O Read Time":0.0,"I/O Write Time":0.0,"Temp I/O Read Time":0.0,"Temp I/O Write Time":0.0},{"Node Type":"Seq Scan","Parent Relationship":"Member","Parallel Aware":false,"Async Capable":false,"Relation Name":"customer","Schema":"public","Alias":"customer","Startup Cost":0.0,"Total Cost":4.01,"Plan Rows":1,"Plan Width":12,"Actual Startup Time":0.0,"Actual Total Time":0.0,"Actual Rows":0,"Actual Loops":0,"Output":["customer.c_id","customer.c_w_id","customer.c_d_id","customer.c_nationkey"],"Shared Hit Blocks":0,"Shared Read Blocks":0,"Shared Dirtied Blocks":0,"Shared Written Blocks":0,"Local Hit Blocks":0,"Local Read Blocks":0,"Local Dirtied Blocks":0,"Local Written Blocks":0,"Temp Read Blocks":0,"Temp Written Blocks":0,"I/O Read Time":0.0,"I/O Write Time":0.0,"Temp I/O Read Time":0.0,"Temp I/O Write Time":0.0}]}]}]},{"Node Type":"Hash","Parent Relationship":"Inner","Parallel Aware":false,"Async Capable":false,"Startup Cost":2.99,"Total Cost":2.99,"Plan Rows":12,"Plan Width":12,"Actual Startup Time":0.04,"Actual Total Time":0.044,"Actual Rows":22,"Actual Loops":1,"Output":["nation.n_name","nation.n_nationkey"],"Hash Buckets":1024,"Original Hash Buckets":1024,"Hash Batches":1,"Original Hash Batches":1,"Peak Memory Usage":9,"Shared Hit Blocks":2,"Shared Read Blocks":0,"Shared Dirtied Blocks":0,"Shared Written Blocks":0,"Local Hit Blocks":0,"Local Read Blocks":0,"Local Dirtied Blocks":0,"Local Written Blocks":0,"Temp Read Blocks":0,"Temp Written Blocks":0,"I/O Read Time":0.0,"I/O Write Time":0.0,"Temp I/O Read Time":0.0,"Temp I/O Write Time":0.0,"Plans":[{"Node Type":"Hash Join","Parent Relationship":"Outer","Parallel Aware":false,"Async Capable":false,"Join Type":"Inner","Startup Cost":1.07,"Total Cost":2.99,"Plan Rows":12,"Plan Width":12,"Actual Startup Time":0.024,"Actual Total Time":0.04,"Actual Rows":22,"Actual Loops":1,"Output":["nation.n_name","nation.n_nationkey"],"Inner Unique":true,"Hash Cond":"(nation.n_regionkey = region.r_regionkey)","Shared Hit Blocks":2,"Shared Read Blocks":0,"Shared Dirtied Blocks":0,"Shared Written Blocks":0,"Local Hit Blocks":0,"Local Read Blocks":0,"Local Dirtied Blocks":0,"Local Written Blocks":0,"Temp Read Blocks":0,"Temp Written Blocks":0,"I/O Read Time":0.0,"I/O Write Time":0.0,"Temp I/O Read Time":0.0,"Temp I/O Write Time":0.0,"Plans":[{"Node Type":"Seq Scan","Parent Relationship":"Outer","Parallel Aware":false,"Async Capable":false,"Relation Name":"nation","Schema":"public","Alias":"nation","Startup Cost":0.0,"Total Cost":1.62,"Plan Rows":62,"Plan Width":16,"Actual Startup Time":0.006,"Actual Total Time":0.01,"Actual Rows":62,"Actual Loops":1,"Output":["nation.n_nationkey","nation.n_name","nation.n_regionkey","nation.n_comment"],"Shared Hit Blocks":1,"Shared Read Blocks":0,"Shared Dirtied Blocks":0,"Shared Written Blocks":0,"Local Hit Blocks":0,"Local Read Blocks":0,"Local Dirtied Blocks":0,"Local Written Blocks":0,"Temp Read Blocks":0,"Temp Written Blocks":0,"I/O Read Time":0.0,"I/O Write Time":0.0,"Temp I/O Read Time":0.0,"Temp I/O Write Time":0.0},{"Node Type":"Hash","Parent Relationship":"Inner","Parallel Aware":false,"Async Capable":false,"Startup Cost":1.06,"Total Cost":1.06,"Plan Rows":1,"Plan Width":4,"Actual Startup Time":0.007,"Actual Total Time":0.009,"Actual Rows":1,"Actual Loops":1,"Output":["region.r_regionkey"],"Hash Buckets":1024,"Original Hash Buckets":1024,"Hash Batches":1,"Original Hash Batches":1,"Peak Memory Usage":9,"Shared Hit Blocks":1,"Shared Read Blocks":0,"Shared Dirtied Blocks":0,"Shared Written Blocks":0,"Local Hit Blocks":0,"Local Read Blocks":0,"Local Dirtied Blocks":0,"Local Written Blocks":0,"Temp Read Blocks":0,"Temp Written Blocks":0,"I/O Read Time":0.0,"I/O Write Time":0.0,"Temp I/O Read Time":0.0,"Temp I/O Write Time":0.0,"Plans":[{"Node Type":"Seq Scan","Parent Relationship":"Outer","Parallel Aware":false,"Async Capable":false,"Relation Name":"region","Schema":"public","Alias":"region","Startup Cost":0.0,"Total Cost":1.06,"Plan Rows":1,"Plan Width":4,"Actual Startup Time":0.006,"Actual Total Time":0.006,"Actual Rows":1,"Actual Loops":1,"Output":["region.r_regionkey"],"Filter":"((region.r_name)::text = 'Europe'::text)","Rows Removed by Filter":4,"Shared Hit Blocks":1,"Shared Read Blocks":0,"Shared Dirtied Blocks":0,"Shared Written Blocks":0,"Local Hit Blocks":0,"Local Read Blocks":0,"Local Dirtied Blocks":0,"Local Written Blocks":0,"Temp Read Blocks":0,"Temp Written Blocks":0,"I/O Read Time":0.0,"I/O Write Time":0.0,"Temp I/O Read Time":0.0,"Temp I/O Write Time":0.0}]}]}]}]}]},{"Node Type":"Index Only Scan","Parent Relationship":"Inner","Parallel Aware":false,"Async Capable":false,"Scan Direction":"Forward","Index Name":"stock_pk","Relation Name":"stock","Schema":"public","Alias":"stock","Startup Cost":0.43,"Total Cost":259690.86,"Plan Rows":10000162,"Plan Width":6,"Actual Startup Time":0.046,"Actual Total Time":703.716,"Actual Rows":9999996,"Actual Loops":1,"Output":["stock.s_w_id","stock.s_i_id"],"Heap Fetches":0,"Shared Hit Blocks":27338,"Shared Read Blocks":0,"Shared Dirtied Blocks":0,"Shared Written Blocks":0,"Local Hit Blocks":0,"Local Read Blocks":0,"Local Dirtied Blocks":0,"Local Written Blocks":0,"Temp Read Blocks":0,"Temp Written Blocks":0,"I/O Read Time":0.0,"I/O Write Time":0.0,"Temp I/O Read Time":0.0,"Temp I/O Write Time":0.0}]},{"Node Type":"Hash","Parent Relationship":"Inner","Parallel Aware":false,"Async Capable":false,"Startup Cost":219.01,"Total Cost":219.01,"Plan Rows":10001,"Plan Width":8,"Actual Startup Time":3.091,"Actual Total Time":3.094,"Actual Rows":10000,"Actual Loops":1,"Output":["supplier.su_suppkey","supplier.su_nationkey"],"Hash Buckets":16384,"Original Hash Buckets":16384,"Hash Batches":1,"Original Hash Batches":1,"Peak Memory Usage":519,"Shared Hit Blocks":0,"Shared Read Blocks":0,"Shared Dirtied Blocks":0,"Shared Written Blocks":0,"Local Hit Blocks":0,"Local Read Blocks":0,"Local Dirtied Blocks":0,"Local Written Blocks":0,"Temp Read Blocks":0,"Temp Written Blocks":0,"I/O Read Time":0.0,"I/O Write Time":0.0,"Temp I/O Read Time":0.0,"Temp I/O Write Time":0.0,"Plans":[{"Node Type":"Append","Parent Relationship":"Outer","Parallel Aware":false,"Async Capable":false,"Startup Cost":20.0,"Total Cost":219.01,"Plan Rows":10001,"Plan Width":8,"Actual Startup Time":0.013,"Actual Total Time":1.787,"Actual Rows":10000,"Actual Loops":1,"Shared Hit Blocks":0,"Shared Read Blocks":0,"Shared Dirtied Blocks":0,"Shared Written Blocks":0,"Local Hit Blocks":0,"Local Read Blocks":0,"Local Dirtied Blocks":0,"Local Written Blocks":0,"Temp Read Blocks":0,"Temp Written Blocks":0,"I/O Read Time":0.0,"I/O Write Time":0.0,"Temp I/O Read Time":0.0,"Temp I/O Write Time":0.0,"Subplans Removed":0,"Plans":[{"Node Type":"Custom Scan","Parent Relationship":"Member","Custom Plan Provider":"columnar scan","Parallel Aware":false,"Async Capable":false,"Relation Name":"supplier","Schema":"public","Alias":"supplier","Startup Cost":20.0,"Total Cost":215.0,"Plan Rows":10000,"Plan Width":8,"Actual Startup Time":0.011,"Actual Total Time":1.071,"Actual Rows":10000,"Actual Loops":1,"Output":["supplier.su_suppkey","supplier.su_nationkey"],"Rows Removed by Columnar Filter":0,"Columnar cache search mode":"native","Shared Hit Blocks":0,"Shared Read Blocks":0,"Shared Dirtied Blocks":0,"Shared Written Blocks":0,"Local Hit Blocks":0,"Local Read Blocks":0,"Local Dirtied Blocks":0,"Local Written Blocks":0,"Temp Read Blocks":0,"Temp Written Blocks":0,"I/O Read Time":0.0,"I/O Write Time":0.0,"Temp I/O Read Time":0.0,"Temp I/O Write Time":0.0},{"Node Type":"Seq Scan","Parent Relationship":"Member","Parallel Aware":false,"Async Capable":false,"Relation Name":"supplier","Schema":"public","Alias":"supplier","Startup Cost":0.0,"Total Cost":4.01,"Plan Rows":1,"Plan Width":8,"Actual Startup Time":0.0,"Actual Total Time":0.0,"Actual Rows":0,"Actual Loops":0,"Output":["supplier.su_suppkey","supplier.su_nationkey"],"Shared Hit Blocks":0,"Shared Read Blocks":0,"Shared Dirtied Blocks":0,"Shared Written Blocks":0,"Local Hit Blocks":0,"Local Read Blocks":0,"Local Dirtied Blocks":0,"Local Written Blocks":0,"Temp Read Blocks":0,"Temp Written Blocks":0,"I/O Read Time":0.0,"I/O Write Time":0.0,"Temp I/O Read Time":0.0,"Temp I/O Write Time":0.0}]}]}]}]}]}]},"Planning":{"Shared Hit Blocks":16,"Shared Read Blocks":0,"Shared Dirtied Blocks":0,"Shared Written Blocks":0,"Local Hit Blocks":0,"Local Read Blocks":0,"Local Dirtied Blocks":0,"Local Written Blocks":0,"Temp Read Blocks":0,"Temp Written Blocks":0,"I/O Read Time":0.0,"I/O Write Time":0.0,"Temp I/O Read Time":0.0,"Temp I/O Write Time":0.0},"Planning Time":5.156,"Triggers":[],"Execution Time":16403.364}]
[列存组合]: customer, orders, stock, supplier
[{"Plan":{"Node Type":"Sort","Parallel Aware":false,"Async Capable":false,"Startup Cost":2010681.59,"Total Cost":2010681.74,"Plan Rows":62,"Plan Width":40,"Actual Startup Time":16415.772,"Actual Total Time":16415.796,"Actual Rows":11,"Actual Loops":1,"Output":["nation.n_name","(sum(order_line.ol_amount))"],"Sort Key":["(sum(order_line.ol_amount)) DESC"],"Sort Method":"quicksort","Sort Space Used":25,"Sort Space Type":"Memory","Shared Hit Blocks":368224,"Shared Read Blocks":0,"Shared Dirtied Blocks":0,"Shared Written Blocks":0,"Local Hit Blocks":0,"Local Read Blocks":0,"Local Dirtied Blocks":0,"Local Written Blocks":0,"Temp Read Blocks":129460,"Temp Written Blocks":129487,"I/O Read Time":0.0,"I/O Write Time":0.0,"Temp I/O Read Time":202.148,"Temp I/O Write Time":513.735,"Plans":[{"Node Type":"Aggregate","Strategy":"Sorted","Partial Mode":"Simple","Parent Relationship":"Outer","Parallel Aware":false,"Async Capable":false,"Startup Cost":2010605.8,"Total Cost":2010679.74,"Plan Rows":62,"Plan Width":40,"Actual Startup Time":16412.965,"Actual Total Time":16415.781,"Actual Rows":11,"Actual Loops":1,"Output":["nation.n_name","sum(order_line.ol_amount)"],"Group Key":["nation.n_name"],"Shared Hit Blocks":368224,"Shared Read Blocks":0,"Shared Dirtied Blocks":0,"Shared Written Blocks":0,"Local Hit Blocks":0,"Local Read Blocks":0,"Local Dirtied Blocks":0,"Local Written Blocks":0,"Temp Read Blocks":129460,"Temp Written Blocks":129487,"I/O Read Time":0.0,"I/O Write Time":0.0,"Temp I/O Read Time":202.148,"Temp I/O Write Time":513.735,"Plans":[{"Node Type":"Sort","Parent Relationship":"Outer","Parallel Aware":false,"Async Capable":false,"Startup Cost":2010605.8,"Total Cost":2010630.19,"Plan Rows":9755,"Plan Width":12,"Actual Startup Time":16412.751,"Actual Total Time":16413.526,"Actual Rows":17493,"Actual Loops":1,"Output":["nation.n_name","order_line.ol_amount"],"Sort Key":["nation.n_name"],"Sort Method":"quicksort","Sort Space Used":1725,"Sort Space Type":"Memory","Shared Hit Blocks":368224,"Shared Read Blocks":0,"Shared Dirtied Blocks":0,"Shared Written Blocks":0,"Local Hit Blocks":0,"Local Read Blocks":0,"Local Dirtied Blocks":0,"Local Written Blocks":0,"Temp Read Blocks":129460,"Temp Written Blocks":129487,"I/O Read Time":0.0,"I/O Write Time":0.0,"Temp I/O Read Time":202.148,"Temp I/O Write Time":513.735,"Plans":[{"Node Type":"Hash Join","Parent Relationship":"Outer","Parallel Aware":false,"Async Capable":false,"Join Type":"Inner","Startup Cost":1686462.53,"Total Cost":2009959.44,"Plan Rows":9755,"Plan Width":12,"Actual Startup Time":14580.874,"Actual Total Time":16404.185,"Actual Rows":17493,"Actual Loops":1,"Output":["nation.n_name","order_line.ol_amount"],"Inner Unique":true,"Hash Cond":"((mod((stock.s_w_id * stock.s_i_id), 10000) = supplier.su_suppkey) AND (customer.c_nationkey = supplier.su_nationkey))","Shared Hit Blocks":368224,"Shared Read Blocks":0,"Shared Dirtied Blocks":0,"Shared Written Blocks":0,"Local Hit Blocks":0,"Local Read Blocks":0,"Local Dirtied Blocks":0,"Local Written Blocks":0,"Temp Read Blocks":129460,"Temp Written Blocks":129487,"I/O Read Time":0.0,"I/O Write Time":0.0,"Temp I/O Read Time":202.148,"Temp I/O Write Time":513.735,"Plans":[{"Node Type":"Merge Join","Parent Relationship":"Outer","Parallel Aware":false,"Async Capable":false,"Join Type":"Inner","Startup Cost":1686093.5,"Total Cost":2006275.28,"Plan Rows":602749,"Plan Width":26,"Actual Startup Time":14577.318,"Actual Total Time":16263.475,"Actual Rows":1109507,"Actual Loops":1,"Output":["customer.c_nationkey","order_line.ol_amount","stock.s_w_id","stock.s_i_id","nation.n_name","nation.n_nationkey"],"Inner Unique":true,"Merge Cond":"((customer.c_w_id = stock.s_w_id) AND (order_line.ol_i_id = stock.s_i_id))","Shared Hit Blocks":368224,"Shared Read Blocks":0,"Shared Dirtied Blocks":0,"Shared Written Blocks":0,"Local Hit Blocks":0,"Local Read Blocks":0,"Local Dirtied Blocks":0,"Local Written Blocks":0,"Temp Read Blocks":129460,"Temp Written Blocks":129487,"I/O Read Time":0.0,"I/O Write Time":0.0,"Temp I/O Read Time":202.148,"Temp I/O Write Time":513.735,"Plans":[{"Node Type":"Sort","Parent Relationship":"Outer","Parallel Aware":false,"Async Capable":false,"Startup Cost":1686093.07,"Total Cost":1687580.75,"Plan Rows":595073,"Plan Width":30,"Actual Startup Time":14577.26,"Actual Total Time":14758.066,"Actual Rows":1109507,"Actual Loops":1,"Output":["customer.c_w_id","customer.c_nationkey","orders.o_w_id","order_line.ol_amount","order_line.ol_w_id","order_line.ol_i_id","nation.n_name","nation.n_nationkey"],"Sort Key":["customer.c_w_id","order_line.ol_i_id"],"Sort Method":"external merge","Sort Space Used":47304,"Sort Space Type":"Disk","Shared Hit Blocks":340886,"Shared Read Blocks":0,"Shared Dirtied Blocks":0,"Shared Written Blocks":0,"Local Hit Blocks":0,"Local Read Blocks":0,"Local Dirtied Blocks":0,"Local Written Blocks":0,"Temp Read Blocks":129460,"Temp Written Blocks":129487,"I/O Read Time":0.0,"I/O Write Time":0.0,"Temp I/O Read Time":202.148,"Temp I/O Write Time":513.735,"Plans":[{"Node Type":"Hash Join","Parent Relationship":"Outer","Parallel Aware":false,"Async Capable":false,"Join Type":"Inner","Startup Cost":396949.46,"Total Cost":1614779.51,"Plan Rows":595073,"Plan Width":30,"Actual Startup Time":1413.482,"Actual Total Time":13182.866,"Actual Rows":1109507,"Actual Loops":1,"Output":["customer.c_w_id","customer.c_nationkey","orders.o_w_id","order_line.ol_amount","order_line.ol_w_id","order_line.ol_i_id","nation.n_name","nation.n_nationkey"],"Inner Unique":false,"Hash Cond":"(customer.c_nationkey = nation.n_nationkey)","Shared Hit Blocks":340886,"Shared Read Blocks":0,"Shared Dirtied Blocks":0,"Shared Written Blocks":0,"Local Hit Blocks":0,"Local Read Blocks":0,"Local Dirtied Blocks":0,"Local Written Blocks":0,"Temp Read Blocks":117643,"Temp Written Blocks":117643,"I/O Read Time":0.0,"I/O Write Time":0.0,"Temp I/O Read Time":184.659,"Temp I/O Write Time":482.72,"Plans":[{"Node Type":"Hash Join","Parent Relationship":"Outer","Parallel Aware":false,"Async Capable":false,"Join Type":"Inner","Startup Cost":396946.31,"Total Cost":1597859.98,"Plan Rows":2975367,"Plan Width":18,"Actual Startup Time":1403.971,"Actual Total Time":12757.649,"Actual Rows":4284922,"Actual Loops":1,"Output":["customer.c_w_id","customer.c_nationkey","orders.o_w_id","order_line.ol_amount","order_line.ol_w_id","order_line.ol_i_id"],"Inner Unique":true,"Hash Cond":"((orders.o_c_id = customer.c_id) AND (orders.o_w_id = customer.c_w_id) AND (orders.o_d_id = customer.c_d_id))","Shared Hit Blocks":340884,"Shared Read Blocks":0,"Shared Dirtied Blocks":0,"Shared Written Blocks":0,"Local Hit Blocks":0,"Local Read Blocks":0,"Local Dirtied Blocks":0,"Local Written Blocks":0,"Temp Read Blocks":117643,"Temp Written Blocks":117643,"I/O Read Time":0.0,"I/O Write Time":0.0,"Temp I/O Read Time":184.659,"Temp I/O Write Time":482.72,"Plans":[{"Node Type":"Hash Join","Parent Relationship":"Outer","Parallel Aware":false,"Async Capable":false,"Join Type":"Inner","Startup Cost":75291.73,"Total Cost":1203258.36,"Plan Rows":2975367,"Plan Width":20,"Actual Startup Time":244.642,"Actual Total Time":9466.66,"Actual Rows":4284922,"Actual Loops":1,"Output":["orders.o_c_id","orders.o_w_id","orders.o_d_id","order_line.ol_amount","order_line.ol_w_id","order_line.ol_d_id","order_line.ol_i_id"],"Inner Unique":true,"Hash Cond":"((order_line.ol_w_id = orders.o_w_id) AND (order_line.ol_d_id = orders.o_d_id) AND (order_line.ol_o_id = orders.o_id))","Shared Hit Blocks":340884,"Shared Read Blocks":0,"Shared Dirtied Blocks":0,"Shared Written Blocks":0,"Local Hit Blocks":0,"Local Read Blocks":0,"Local Dirtied Blocks":0,"Local Written Blocks":0,"Temp Read Blocks":85996,"Temp Written Blocks":85996,"I/O Read Time":0.0,"I/O Write Time":0.0,"Temp I/O Read Time":134.865,"Temp I/O Write Time":340.559,"Plans":[{"Node Type":"Seq Scan","Parent Relationship":"Outer","Parallel Aware":false,"Async Capable":false,"Relation Name":"order_line","Schema":"public","Alias":"order_line","Startup Cost":0.0,"Total Cost":715856.4,"Plan Rows":20926367,"Plan Width":20,"Actual Startup Time":0.006,"Actual Total Time":3664.625,"Actual Rows":21002151,"Actual Loops":1,"Output":["order_line.ol_amount","order_line.ol_o_id","order_line.ol_w_id","order_line.ol_d_id","order_line.ol_i_id"],"Filter":"(order_line.ol_delivery_d >= '1992-01-02 20:10:02.27764'::timestamp without time zone)","Rows Removed by Filter":8995581,"Shared Hit Blocks":340884,"Shared Read Blocks":0,"Shared Dirtied Blocks":0,"Shared Written Blocks":0,"Local Hit Blocks":0,"Local Read Blocks":0,"Local Dirtied Blocks":0,"Local Written Blocks":0,"Temp Read Blocks":0,"Temp Written Blocks":0,"I/O Read Time":0.0,"I/O Write Time":0.0,"Temp I/O Read Time":0.0,"Temp I/O Write Time":0.0},{"Node Type":"Hash","Parent Relationship":"Inner","Parallel Aware":false,"Async Capable":false,"Startup Cost":65744.12,"Total Cost":65744.12,"Plan Rows":426549,"Plan Width":16,"Actual Startup Time":177.378,"Actual Total Time":177.385,"Actual Rows":428399,"Actual Loops":1,"Output":["orders.o_c_id","orders.o_w_id","orders.o_d_id","orders.o_id"],"Hash Buckets":262144,"Original Hash Buckets":262144,"Hash Batches":4,"Original Hash Batches":4,"Peak Memory Usage":7080,"Shared Hit Blocks":0,"Shared Read Blocks":0,"Shared Dirtied Blocks":0,"Shared Written Blocks":0,"Local Hit Blocks":0,"Local Read Blocks":0,"Local Dirtied Blocks":0,"Local Written Blocks":0,"Temp Read Blocks":0,"Temp Written Blocks":1410,"I/O Read Time":0.0,"I/O Write Time":0.0,"Temp I/O Read Time":0.0,"Temp I/O Write Time":5.542,"Plans":[{"Node Type":"Append","Parent Relationship":"Outer","Parallel Aware":false,"Async Capable":false,"Startup Cost":20.0,"Total Cost":65744.12,"Plan Rows":426549,"Plan Width":16,"Actual Startup Time":0.511,"Actual Total Time":102.251,"Actual Rows":428399,"Actual Loops":1,"Shared Hit Blocks":0,"Shared Read Blocks":0,"Shared Dirtied Blocks":0,"Shared Written Blocks":0,"Local Hit Blocks":0,"Local Read Blocks":0,"Local Dirtied Blocks":0,"Local Written Blocks":0,"Temp Read Blocks":0,"Temp Written Blocks":0,"I/O Read Time":0.0,"I/O Write Time":0.0,"Temp I/O Read Time":0.0,"Temp I/O Write Time":0.0,"Subplans Removed":0,"Plans":[{"Node Type":"Custom Scan","Parent Relationship":"Member","Custom Plan Provider":"columnar scan","Parallel Aware":false,"Async Capable":false,"Relation Name":"orders","Schema":"public","Alias":"orders","Startup Cost":20.0,"Total Cost":10043.96,"Plan Rows":426548,"Plan Width":16,"Actual Startup Time":0.511,"Actual Total Time":71.815,"Actual Rows":428399,"Actual Loops":1,"Output":["orders.o_c_id","orders.o_w_id","orders.o_d_id","orders.o_id"],"Filter":"((orders.o_entry_d < '1994-01-02 20:10:02.27764'::timestamp without time zone) AND (orders.o_entry_d >= '1993-01-02 20:10:02.27764'::timestamp without time zone))","Rows Removed by Filter":0,"Rows Removed by Columnar Filter":2571601,"Columnar cache search mode":"native","Shared Hit Blocks":0,"Shared Read Blocks":0,"Shared Dirtied Blocks":0,"Shared Written Blocks":0,"Local Hit Blocks":0,"Local Read Blocks":0,"Local Dirtied Blocks":0,"Local Written Blocks":0,"Temp Read Blocks":0,"Temp Written Blocks":0,"I/O Read Time":0.0,"I/O Write Time":0.0,"Temp I/O Read Time":0.0,"Temp I/O Write Time":0.0},{"Node Type":"Seq Scan","Parent Relationship":"Member","Parallel Aware":false,"Async Capable":false,"Relation Name":"orders","Schema":"public","Alias":"orders","Startup Cost":0.0,"Total Cost":4.01,"Plan Rows":1,"Plan Width":16,"Actual Startup Time":0.0,"Actual Total Time":0.0,"Actual Rows":0,"Actual Loops":0,"Output":["orders.o_c_id","orders.o_w_id","orders.o_d_id","orders.o_id"],"Filter":"((orders.o_entry_d < '1994-01-02 20:10:02.27764'::timestamp without time zone) AND (orders.o_entry_d >= '1993-01-02 20:10:02.27764'::timestamp without time zone))","Rows Removed by Filter":0,"Shared Hit Blocks":0,"Shared Read Blocks":0,"Shared Dirtied Blocks":0,"Shared Written Blocks":0,"Local Hit Blocks":0,"Local Read Blocks":0,"Local Dirtied Blocks":0,"Local Written Blocks":0,"Temp Read Blocks":0,"Temp Written Blocks":0,"I/O Read Time":0.0,"I/O Write Time":0.0,"Temp I/O Read Time":0.0,"Temp I/O Write Time":0.0}]}]}]},{"Node Type":"Hash","Parent Relationship":"Inner","Parallel Aware":false,"Async Capable":false,"Startup Cost":254511.16,"Total Cost":254511.16,"Plan Rows":2999739,"Plan Width":12,"Actual Startup Time":1157.049,"Actual Total Time":1157.051,"Actual Rows":3000000,"Actual Loops":1,"Output":["customer.c_id","customer.c_w_id","customer.c_d_id","customer.c_nationkey"],"Hash Buckets":262144,"Original Hash Buckets":262144,"Hash Batches":32,"Original Hash Batches":32,"Peak Memory Usage":6090,"Shared Hit Blocks":0,"Shared Read Blocks":0,"Shared Dirtied Blocks":0,"Shared Written Blocks":0,"Local Hit Blocks":0,"Local Read Blocks":0,"Local Dirtied Blocks":0,"Local Written Blocks":0,"Temp Read Blocks":0,"Temp Written Blocks":11335,"I/O Read Time":0.0,"I/O Write Time":0.0,"Temp I/O Read Time":0.0,"Temp I/O Write Time":47.899,"Plans":[{"Node Type":"Append","Parent Relationship":"Outer","Parallel Aware":false,"Async Capable":false,"Startup Cost":20.0,"Total Cost":254511.16,"Plan Rows":2999739,"Plan Width":12,"Actual Startup Time":0.014,"Actual Total Time":656.071,"Actual Rows":3000000,"Actual Loops":1,"Shared Hit Blocks":0,"Shared Read Blocks":0,"Shared Dirtied Blocks":0,"Shared Written Blocks":0,"Local Hit Blocks":0,"Local Read Blocks":0,"Local Dirtied Blocks":0,"Local Written Blocks":0,"Temp Read Blocks":0,"Temp Written Blocks":0,"I/O Read Time":0.0,"I/O Write Time":0.0,"Temp I/O Read Time":0.0,"Temp I/O Write Time":0.0,"Subplans Removed":0,"Plans":[{"Node Type":"Custom Scan","Parent Relationship":"Member","Custom Plan Provider":"columnar scan","Parallel Aware":false,"Async Capable":false,"Relation Name":"customer","Schema":"public","Alias":"customer","Startup Cost":20.0,"Total Cost":70513.87,"Plan Rows":2999738,"Plan Width":12,"Actual Startup Time":0.014,"Actual Total Time":446.537,"Actual Rows":3000000,"Actual Loops":1,"Output":["customer.c_id","customer.c_w_id","customer.c_d_id","customer.c_nationkey"],"Rows Removed by Columnar Filter":0,"Columnar cache search mode":"native","Shared Hit Blocks":0,"Shared Read Blocks":0,"Shared Dirtied Blocks":0,"Shared Written Blocks":0,"Local Hit Blocks":0,"Local Read Blocks":0,"Local Dirtied Blocks":0,"Local Written Blocks":0,"Temp Read Blocks":0,"Temp Written Blocks":0,"I/O Read Time":0.0,"I/O Write Time":0.0,"Temp I/O Read Time":0.0,"Temp I/O Write Time":0.0},{"Node Type":"Seq Scan","Parent Relationship":"Member","Parallel Aware":false,"Async Capable":false,"Relation Name":"customer","Schema":"public","Alias":"customer","Startup Cost":0.0,"Total Cost":4.01,"Plan Rows":1,"Plan Width":12,"Actual Startup Time":0.0,"Actual Total Time":0.0,"Actual Rows":0,"Actual Loops":0,"Output":["customer.c_id","customer.c_w_id","customer.c_d_id","customer.c_nationkey"],"Shared Hit Blocks":0,"Shared Read Blocks":0,"Shared Dirtied Blocks":0,"Shared Written Blocks":0,"Local Hit Blocks":0,"Local Read Blocks":0,"Local Dirtied Blocks":0,"Local Written Blocks":0,"Temp Read Blocks":0,"Temp Written Blocks":0,"I/O Read Time":0.0,"I/O Write Time":0.0,"Temp I/O Read Time":0.0,"Temp I/O Write Time":0.0}]}]}]},{"Node Type":"Hash","Parent Relationship":"Inner","Parallel Aware":false,"Async Capable":false,"Startup Cost":2.99,"Total Cost":2.99,"Plan Rows":12,"Plan Width":12,"Actual Startup Time":0.041,"Actual Total Time":0.045,"Actual Rows":22,"Actual Loops":1,"Output":["nation.n_name","nation.n_nationkey"],"Hash Buckets":1024,"Original Hash Buckets":1024,"Hash Batches":1,"Original Hash Batches":1,"Peak Memory Usage":9,"Shared Hit Blocks":2,"Shared Read Blocks":0,"Shared Dirtied Blocks":0,"Shared Written Blocks":0,"Local Hit Blocks":0,"Local Read Blocks":0,"Local Dirtied Blocks":0,"Local Written Blocks":0,"Temp Read Blocks":0,"Temp Written Blocks":0,"I/O Read Time":0.0,"I/O Write Time":0.0,"Temp I/O Read Time":0.0,"Temp I/O Write Time":0.0,"Plans":[{"Node Type":"Hash Join","Parent Relationship":"Outer","Parallel Aware":false,"Async Capable":false,"Join Type":"Inner","Startup Cost":1.07,"Total Cost":2.99,"Plan Rows":12,"Plan Width":12,"Actual Startup Time":0.024,"Actual Total Time":0.04,"Actual Rows":22,"Actual Loops":1,"Output":["nation.n_name","nation.n_nationkey"],"Inner Unique":true,"Hash Cond":"(nation.n_regionkey = region.r_regionkey)","Shared Hit Blocks":2,"Shared Read Blocks":0,"Shared Dirtied Blocks":0,"Shared Written Blocks":0,"Local Hit Blocks":0,"Local Read Blocks":0,"Local Dirtied Blocks":0,"Local Written Blocks":0,"Temp Read Blocks":0,"Temp Written Blocks":0,"I/O Read Time":0.0,"I/O Write Time":0.0,"Temp I/O Read Time":0.0,"Temp I/O Write Time":0.0,"Plans":[{"Node Type":"Seq Scan","Parent Relationship":"Outer","Parallel Aware":false,"Async Capable":false,"Relation Name":"nation","Schema":"public","Alias":"nation","Startup Cost":0.0,"Total Cost":1.62,"Plan Rows":62,"Plan Width":16,"Actual Startup Time":0.006,"Actual Total Time":0.01,"Actual Rows":62,"Actual Loops":1,"Output":["nation.n_nationkey","nation.n_name","nation.n_regionkey","nation.n_comment"],"Shared Hit Blocks":1,"Shared Read Blocks":0,"Shared Dirtied Blocks":0,"Shared Written Blocks":0,"Local Hit Blocks":0,"Local Read Blocks":0,"Local Dirtied Blocks":0,"Local Written Blocks":0,"Temp Read Blocks":0,"Temp Written Blocks":0,"I/O Read Time":0.0,"I/O Write Time":0.0,"Temp I/O Read Time":0.0,"Temp I/O Write Time":0.0},{"Node Type":"Hash","Parent Relationship":"Inner","Parallel Aware":false,"Async Capable":false,"Startup Cost":1.06,"Total Cost":1.06,"Plan Rows":1,"Plan Width":4,"Actual Startup Time":0.007,"Actual Total Time":0.009,"Actual Rows":1,"Actual Loops":1,"Output":["region.r_regionkey"],"Hash Buckets":1024,"Original Hash Buckets":1024,"Hash Batches":1,"Original Hash Batches":1,"Peak Memory Usage":9,"Shared Hit Blocks":1,"Shared Read Blocks":0,"Shared Dirtied Blocks":0,"Shared Written Blocks":0,"Local Hit Blocks":0,"Local Read Blocks":0,"Local Dirtied Blocks":0,"Local Written Blocks":0,"Temp Read Blocks":0,"Temp Written Blocks":0,"I/O Read Time":0.0,"I/O Write Time":0.0,"Temp I/O Read Time":0.0,"Temp I/O Write Time":0.0,"Plans":[{"Node Type":"Seq Scan","Parent Relationship":"Outer","Parallel Aware":false,"Async Capable":false,"Relation Name":"region","Schema":"public","Alias":"region","Startup Cost":0.0,"Total Cost":1.06,"Plan Rows":1,"Plan Width":4,"Actual Startup Time":0.005,"Actual Total Time":0.006,"Actual Rows":1,"Actual Loops":1,"Output":["region.r_regionkey"],"Filter":"((region.r_name)::text = 'Europe'::text)","Rows Removed by Filter":4,"Shared Hit Blocks":1,"Shared Read Blocks":0,"Shared Dirtied Blocks":0,"Shared Written Blocks":0,"Local Hit Blocks":0,"Local Read Blocks":0,"Local Dirtied Blocks":0,"Local Written Blocks":0,"Temp Read Blocks":0,"Temp Written Blocks":0,"I/O Read Time":0.0,"I/O Write Time":0.0,"Temp I/O Read Time":0.0,"Temp I/O Write Time":0.0}]}]}]}]}]},{"Node Type":"Index Only Scan","Parent Relationship":"Inner","Parallel Aware":false,"Async Capable":false,"Scan Direction":"Forward","Index Name":"stock_pk","Relation Name":"stock","Schema":"public","Alias":"stock","Startup Cost":0.43,"Total Cost":259690.86,"Plan Rows":10000162,"Plan Width":6,"Actual Startup Time":0.044,"Actual Total Time":703.841,"Actual Rows":9999996,"Actual Loops":1,"Output":["stock.s_w_id","stock.s_i_id"],"Heap Fetches":0,"Shared Hit Blocks":27338,"Shared Read Blocks":0,"Shared Dirtied Blocks":0,"Shared Written Blocks":0,"Local Hit Blocks":0,"Local Read Blocks":0,"Local Dirtied Blocks":0,"Local Written Blocks":0,"Temp Read Blocks":0,"Temp Written Blocks":0,"I/O Read Time":0.0,"I/O Write Time":0.0,"Temp I/O Read Time":0.0,"Temp I/O Write Time":0.0}]},{"Node Type":"Hash","Parent Relationship":"Inner","Parallel Aware":false,"Async Capable":false,"Startup Cost":219.01,"Total Cost":219.01,"Plan Rows":10001,"Plan Width":8,"Actual Startup Time":3.134,"Actual Total Time":3.137,"Actual Rows":10000,"Actual Loops":1,"Output":["supplier.su_suppkey","supplier.su_nationkey"],"Hash Buckets":16384,"Original Hash Buckets":16384,"Hash Batches":1,"Original Hash Batches":1,"Peak Memory Usage":519,"Shared Hit Blocks":0,"Shared Read Blocks":0,"Shared Dirtied Blocks":0,"Shared Written Blocks":0,"Local Hit Blocks":0,"Local Read Blocks":0,"Local Dirtied Blocks":0,"Local Written Blocks":0,"Temp Read Blocks":0,"Temp Written Blocks":0,"I/O Read Time":0.0,"I/O Write Time":0.0,"Temp I/O Read Time":0.0,"Temp I/O Write Time":0.0,"Plans":[{"Node Type":"Append","Parent Relationship":"Outer","Parallel Aware":false,"Async Capable":false,"Startup Cost":20.0,"Total Cost":219.01,"Plan Rows":10001,"Plan Width":8,"Actual Startup Time":0.013,"Actual Total Time":1.834,"Actual Rows":10000,"Actual Loops":1,"Shared Hit Blocks":0,"Shared Read Blocks":0,"Shared Dirtied Blocks":0,"Shared Written Blocks":0,"Local Hit Blocks":0,"Local Read Blocks":0,"Local Dirtied Blocks":0,"Local Written Blocks":0,"Temp Read Blocks":0,"Temp Written Blocks":0,"I/O Read Time":0.0,"I/O Write Time":0.0,"Temp I/O Read Time":0.0,"Temp I/O Write Time":0.0,"Subplans Removed":0,"Plans":[{"Node Type":"Custom Scan","Parent Relationship":"Member","Custom Plan Provider":"columnar scan","Parallel Aware":false,"Async Capable":false,"Relation Name":"supplier","Schema":"public","Alias":"supplier","Startup Cost":20.0,"Total Cost":215.0,"Plan Rows":10000,"Plan Width":8,"Actual Startup Time":0.011,"Actual Total Time":1.118,"Actual Rows":10000,"Actual Loops":1,"Output":["supplier.su_suppkey","supplier.su_nationkey"],"Rows Removed by Columnar Filter":0,"Columnar cache search mode":"native","Shared Hit Blocks":0,"Shared Read Blocks":0,"Shared Dirtied Blocks":0,"Shared Written Blocks":0,"Local Hit Blocks":0,"Local Read Blocks":0,"Local Dirtied Blocks":0,"Local Written Blocks":0,"Temp Read Blocks":0,"Temp Written Blocks":0,"I/O Read Time":0.0,"I/O Write Time":0.0,"Temp I/O Read Time":0.0,"Temp I/O Write Time":0.0},{"Node Type":"Seq Scan","Parent Relationship":"Member","Parallel Aware":false,"Async Capable":false,"Relation Name":"supplier","Schema":"public","Alias":"supplier","Startup Cost":0.0,"Total Cost":4.01,"Plan Rows":1,"Plan Width":8,"Actual Startup Time":0.0,"Actual Total Time":0.0,"Actual Rows":0,"Actual Loops":0,"Output":["supplier.su_suppkey","supplier.su_nationkey"],"Shared Hit Blocks":0,"Shared Read Blocks":0,"Shared Dirtied Blocks":0,"Shared Written Blocks":0,"Local Hit Blocks":0,"Local Read Blocks":0,"Local Dirtied Blocks":0,"Local Written Blocks":0,"Temp Read Blocks":0,"Temp Written Blocks":0,"I/O Read Time":0.0,"I/O Write Time":0.0,"Temp I/O Read Time":0.0,"Temp I/O Write Time":0.0}]}]}]}]}]}]},"Planning":{"Shared Hit Blocks":16,"Shared Read Blocks":0,"Shared Dirtied Blocks":0,"Shared Written Blocks":0,"Local Hit Blocks":0,"Local Read Blocks":0,"Local Dirtied Blocks":0,"Local Written Blocks":0,"Temp Read Blocks":0,"Temp Written Blocks":0,"I/O Read Time":0.0,"I/O Write Time":0.0,"Temp I/O Read Time":0.0,"Temp I/O Write Time":0.0},"Planning Time":5.172,"Triggers":[],"Execution Time":16423.807}]
[列存组合]: customer, region, stock, supplier
[{"Plan":{"Node Type":"Sort","Parallel Aware":false,"Async Capable":false,"Startup Cost":2011996.45,"Total Cost":2011996.61,"Plan Rows":62,"Plan Width":40,"Actual Startup Time":16646.086,"Actual Total Time":16646.114,"Actual Rows":11,"Actual Loops":1,"Output":["nation.n_name","(sum(order_line.ol_amount))"],"Sort Key":["(sum(order_line.ol_amount)) DESC"],"Sort Method":"quicksort","Sort Space Used":25,"Sort Space Type":"Memory","Shared Hit Blocks":390283,"Shared Read Blocks":0,"Shared Dirtied Blocks":0,"Shared Written Blocks":0,"Local Hit Blocks":0,"Local Read Blocks":0,"Local Dirtied Blocks":0,"Local Written Blocks":0,"Temp Read Blocks":129460,"Temp Written Blocks":129487,"I/O Read Time":0.0,"I/O Write Time":0.0,"Temp I/O Read Time":205.891,"Temp I/O Write Time":519.875,"Plans":[{"Node Type":"Aggregate","Strategy":"Sorted","Partial Mode":"Simple","Parent Relationship":"Outer","Parallel Aware":false,"Async Capable":false,"Startup Cost":2011920.67,"Total Cost":2011994.61,"Plan Rows":62,"Plan Width":40,"Actual Startup Time":16643.155,"Actual Total Time":16646.098,"Actual Rows":11,"Actual Loops":1,"Output":["nation.n_name","sum(order_line.ol_amount)"],"Group Key":["nation.n_name"],"Shared Hit Blocks":390283,"Shared Read Blocks":0,"Shared Dirtied Blocks":0,"Shared Written Blocks":0,"Local Hit Blocks":0,"Local Read Blocks":0,"Local Dirtied Blocks":0,"Local Written Blocks":0,"Temp Read Blocks":129460,"Temp Written Blocks":129487,"I/O Read Time":0.0,"I/O Write Time":0.0,"Temp I/O Read Time":205.891,"Temp I/O Write Time":519.875,"Plans":[{"Node Type":"Sort","Parent Relationship":"Outer","Parallel Aware":false,"Async Capable":false,"Startup Cost":2011920.67,"Total Cost":2011945.06,"Plan Rows":9755,"Plan Width":12,"Actual Startup Time":16642.937,"Actual Total Time":16643.74,"Actual Rows":17493,"Actual Loops":1,"Output":["nation.n_name","order_line.ol_amount"],"Sort Key":["nation.n_name"],"Sort Method":"quicksort","Sort Space Used":1725,"Sort Space Type":"Memory","Shared Hit Blocks":390283,"Shared Read Blocks":0,"Shared Dirtied Blocks":0,"Shared Written Blocks":0,"Local Hit Blocks":0,"Local Read Blocks":0,"Local Dirtied Blocks":0,"Local Written Blocks":0,"Temp Read Blocks":129460,"Temp Written Blocks":129487,"I/O Read Time":0.0,"I/O Write Time":0.0,"Temp I/O Read Time":205.891,"Temp I/O Write Time":519.875,"Plans":[{"Node Type":"Hash Join","Parent Relationship":"Outer","Parallel Aware":false,"Async Capable":false,"Join Type":"Inner","Startup Cost":1687777.4,"Total Cost":2011274.31,"Plan Rows":9755,"Plan Width":12,"Actual Startup Time":14750.956,"Actual Total Time":16634.123,"Actual Rows":17493,"Actual Loops":1,"Output":["nation.n_name","order_line.ol_amount"],"Inner Unique":true,"Hash Cond":"((mod((stock.s_w_id * stock.s_i_id), 10000) = supplier.su_suppkey) AND (customer.c_nationkey = supplier.su_nationkey))","Shared Hit Blocks":390283,"Shared Read Blocks":0,"Shared Dirtied Blocks":0,"Shared Written Blocks":0,"Local Hit Blocks":0,"Local Read Blocks":0,"Local Dirtied Blocks":0,"Local Written Blocks":0,"Temp Read Blocks":129460,"Temp Written Blocks":129487,"I/O Read Time":0.0,"I/O Write Time":0.0,"Temp I/O Read Time":205.891,"Temp I/O Write Time":519.875,"Plans":[{"Node Type":"Merge Join","Parent Relationship":"Outer","Parallel Aware":false,"Async Capable":false,"Join Type":"Inner","Startup Cost":1687408.37,"Total Cost":2007590.15,"Plan Rows":602749,"Plan Width":26,"Actual Startup Time":14747.227,"Actual Total Time":16491.093,"Actual Rows":1109507,"Actual Loops":1,"Output":["customer.c_nationkey","order_line.ol_amount","stock.s_w_id","stock.s_i_id","nation.n_name","nation.n_nationkey"],"Inner Unique":true,"Merge Cond":"((customer.c_w_id = stock.s_w_id) AND (order_line.ol_i_id = stock.s_i_id))","Shared Hit Blocks":390283,"Shared Read Blocks":0,"Shared Dirtied Blocks":0,"Shared Written Blocks":0,"Local Hit Blocks":0,"Local Read Blocks":0,"Local Dirtied Blocks":0,"Local Written Blocks":0,"Temp Read Blocks":129460,"Temp Written Blocks":129487,"I/O Read Time":0.0,"I/O Write Time":0.0,"Temp I/O Read Time":205.891,"Temp I/O Write Time":519.875,"Plans":[{"Node Type":"Sort","Parent Relationship":"Outer","Parallel Aware":false,"Async Capable":false,"Startup Cost":1687407.93,"Total Cost":1688895.62,"Plan Rows":595073,"Plan Width":30,"Actual Startup Time":14747.159,"Actual Total Time":14926.28,"Actual Rows":1109507,"Actual Loops":1,"Output":["customer.c_w_id","customer.c_nationkey","orders.o_w_id","order_line.ol_amount","order_line.ol_w_id","order_line.ol_i_id","nation.n_name","nation.n_nationkey"],"Sort Key":["customer.c_w_id","order_line.ol_i_id"],"Sort Method":"external merge","Sort Space Used":47304,"Sort Space Type":"Disk","Shared Hit Blocks":362945,"Shared Read Blocks":0,"Shared Dirtied Blocks":0,"Shared Written Blocks":0,"Local Hit Blocks":0,"Local Read Blocks":0,"Local Dirtied Blocks":0,"Local Written Blocks":0,"Temp Read Blocks":129460,"Temp Written Blocks":129487,"I/O Read Time":0.0,"I/O Write Time":0.0,"Temp I/O Read Time":205.891,"Temp I/O Write Time":519.875,"Plans":[{"Node Type":"Hash Join","Parent Relationship":"Outer","Parallel Aware":false,"Async Capable":false,"Join Type":"Inner","Startup Cost":398264.32,"Total Cost":1616094.38,"Plan Rows":595073,"Plan Width":30,"Actual Startup Time":1543.568,"Actual Total Time":13359.248,"Actual Rows":1109507,"Actual Loops":1,"Output":["customer.c_w_id","customer.c_nationkey","orders.o_w_id","order_line.ol_amount","order_line.ol_w_id","order_line.ol_i_id","nation.n_name","nation.n_nationkey"],"Inner Unique":false,"Hash Cond":"(customer.c_nationkey = nation.n_nationkey)","Shared Hit Blocks":362945,"Shared Read Blocks":0,"Shared Dirtied Blocks":0,"Shared Written Blocks":0,"Local Hit Blocks":0,"Local Read Blocks":0,"Local Dirtied Blocks":0,"Local Written Blocks":0,"Temp Read Blocks":117643,"Temp Written Blocks":117643,"I/O Read Time":0.0,"I/O Write Time":0.0,"Temp I/O Read Time":188.032,"Temp I/O Write Time":488.519,"Plans":[{"Node Type":"Hash Join","Parent Relationship":"Outer","Parallel Aware":false,"Async Capable":false,"Join Type":"Inner","Startup Cost":398261.18,"Total Cost":1599174.84,"Plan Rows":2975367,"Plan Width":18,"Actual Startup Time":1534.029,"Actual Total Time":12927.268,"Actual Rows":4284922,"Actual Loops":1,"Output":["customer.c_w_id","customer.c_nationkey","orders.o_w_id","order_line.ol_amount","order_line.ol_w_id","order_line.ol_i_id"],"Inner Unique":true,"Hash Cond":"((orders.o_c_id = customer.c_id) AND (orders.o_w_id = customer.c_w_id) AND (orders.o_d_id = customer.c_d_id))","Shared Hit Blocks":362943,"Shared Read Blocks":0,"Shared Dirtied Blocks":0,"Shared Written Blocks":0,"Local Hit Blocks":0,"Local Read Blocks":0,"Local Dirtied Blocks":0,"Local Written Blocks":0,"Temp Read Blocks":117643,"Temp Written Blocks":117643,"I/O Read Time":0.0,"I/O Write Time":0.0,"Temp I/O Read Time":188.032,"Temp I/O Write Time":488.519,"Plans":[{"Node Type":"Hash Join","Parent Relationship":"Outer","Parallel Aware":false,"Async Capable":false,"Join Type":"Inner","Startup Cost":76606.59,"Total Cost":1204573.22,"Plan Rows":2975367,"Plan Width":20,"Actual Startup Time":362.759,"Actual Total Time":9629.248,"Actual Rows":4284922,"Actual Loops":1,"Output":["orders.o_c_id","orders.o_w_id","orders.o_d_id","order_line.ol_amount","order_line.ol_w_id","order_line.ol_d_id","order_line.ol_i_id"],"Inner Unique":true,"Hash Cond":"((order_line.ol_w_id = orders.o_w_id) AND (order_line.ol_d_id = orders.o_d_id) AND (order_line.ol_o_id = orders.o_id))","Shared Hit Blocks":362943,"Shared Read Blocks":0,"Shared Dirtied Blocks":0,"Shared Written Blocks":0,"Local Hit Blocks":0,"Local Read Blocks":0,"Local Dirtied Blocks":0,"Local Written Blocks":0,"Temp Read Blocks":85996,"Temp Written Blocks":85996,"I/O Read Time":0.0,"I/O Write Time":0.0,"Temp I/O Read Time":137.442,"Temp I/O Write Time":345.087,"Plans":[{"Node Type":"Seq Scan","Parent Relationship":"Outer","Parallel Aware":false,"Async Capable":false,"Relation Name":"order_line","Schema":"public","Alias":"order_line","Startup Cost":0.0,"Total Cost":715856.4,"Plan Rows":20926367,"Plan Width":20,"Actual Startup Time":0.008,"Actual Total Time":3669.064,"Actual Rows":21002151,"Actual Loops":1,"Output":["order_line.ol_amount","order_line.ol_o_id","order_line.ol_w_id","order_line.ol_d_id","order_line.ol_i_id"],"Filter":"(order_line.ol_delivery_d >= '1992-01-02 20:10:02.27764'::timestamp without time zone)","Rows Removed by Filter":8995581,"Shared Hit Blocks":340884,"Shared Read Blocks":0,"Shared Dirtied Blocks":0,"Shared Written Blocks":0,"Local Hit Blocks":0,"Local Read Blocks":0,"Local Dirtied Blocks":0,"Local Written Blocks":0,"Temp Read Blocks":0,"Temp Written Blocks":0,"I/O Read Time":0.0,"I/O Write Time":0.0,"Temp I/O Read Time":0.0,"Temp I/O Write Time":0.0},{"Node Type":"Hash","Parent Relationship":"Inner","Parallel Aware":false,"Async Capable":false,"Startup Cost":67059.0,"Total Cost":67059.0,"Plan Rows":426548,"Plan Width":16,"Actual Startup Time":295.342,"Actual Total Time":295.347,"Actual Rows":428399,"Actual Loops":1,"Output":["orders.o_c_id","orders.o_w_id","orders.o_d_id","orders.o_id"],"Hash Buckets":262144,"Original Hash Buckets":262144,"Hash Batches":4,"Original Hash Batches":4,"Peak Memory Usage":7080,"Shared Hit Blocks":22059,"Shared Read Blocks":0,"Shared Dirtied Blocks":0,"Shared Written Blocks":0,"Local Hit Blocks":0,"Local Read Blocks":0,"Local Dirtied Blocks":0,"Local Written Blocks":0,"Temp Read Blocks":0,"Temp Written Blocks":1410,"I/O Read Time":0.0,"I/O Write Time":0.0,"Temp I/O Read Time":0.0,"Temp I/O Write Time":6.182,"Plans":[{"Node Type":"Seq Scan","Parent Relationship":"Outer","Parallel Aware":false,"Async Capable":false,"Relation Name":"orders","Schema":"public","Alias":"orders","Startup Cost":0.0,"Total Cost":67059.0,"Plan Rows":426548,"Plan Width":16,"Actual Startup Time":0.782,"Actual Total Time":220.349,"Actual Rows":428399,"Actual Loops":1,"Output":["orders.o_c_id","orders.o_w_id","orders.o_d_id","orders.o_id"],"Filter":"((orders.o_entry_d >= '1993-01-02 20:10:02.27764'::timestamp without time zone) AND (orders.o_entry_d < '1994-01-02 20:10:02.27764'::timestamp without time zone))","Rows Removed by Filter":2571601,"Shared Hit Blocks":22059,"Shared Read Blocks":0,"Shared Dirtied Blocks":0,"Shared Written Blocks":0,"Local Hit Blocks":0,"Local Read Blocks":0,"Local Dirtied Blocks":0,"Local Written Blocks":0,"Temp Read Blocks":0,"Temp Written Blocks":0,"I/O Read Time":0.0,"I/O Write Time":0.0,"Temp I/O Read Time":0.0,"Temp I/O Write Time":0.0}]}]},{"Node Type":"Hash","Parent Relationship":"Inner","Parallel Aware":false,"Async Capable":false,"Startup Cost":254511.16,"Total Cost":254511.16,"Plan Rows":2999739,"Plan Width":12,"Actual Startup Time":1168.963,"Actual Total Time":1168.97,"Actual Rows":3000000,"Actual Loops":1,"Output":["customer.c_id","customer.c_w_id","customer.c_d_id","customer.c_nationkey"],"Hash Buckets":262144,"Original Hash Buckets":262144,"Hash Batches":32,"Original Hash Batches":32,"Peak Memory Usage":6090,"Shared Hit Blocks":0,"Shared Read Blocks":0,"Shared Dirtied Blocks":0,"Shared Written Blocks":0,"Local Hit Blocks":0,"Local Read Blocks":0,"Local Dirtied Blocks":0,"Local Written Blocks":0,"Temp Read Blocks":0,"Temp Written Blocks":11335,"I/O Read Time":0.0,"I/O Write Time":0.0,"Temp I/O Read Time":0.0,"Temp I/O Write Time":48.124,"Plans":[{"Node Type":"Append","Parent Relationship":"Outer","Parallel Aware":false,"Async Capable":false,"Startup Cost":20.0,"Total Cost":254511.16,"Plan Rows":2999739,"Plan Width":12,"Actual Startup Time":0.03,"Actual Total Time":667.003,"Actual Rows":3000000,"Actual Loops":1,"Shared Hit Blocks":0,"Shared Read Blocks":0,"Shared Dirtied Blocks":0,"Shared Written Blocks":0,"Local Hit Blocks":0,"Local Read Blocks":0,"Local Dirtied Blocks":0,"Local Written Blocks":0,"Temp Read Blocks":0,"Temp Written Blocks":0,"I/O Read Time":0.0,"I/O Write Time":0.0,"Temp I/O Read Time":0.0,"Temp I/O Write Time":0.0,"Subplans Removed":0,"Plans":[{"Node Type":"Custom Scan","Parent Relationship":"Member","Custom Plan Provider":"columnar scan","Parallel Aware":false,"Async Capable":false,"Relation Name":"customer","Schema":"public","Alias":"customer","Startup Cost":20.0,"Total Cost":70513.87,"Plan Rows":2999738,"Plan Width":12,"Actual Startup Time":0.029,"Actual Total Time":454.94,"Actual Rows":3000000,"Actual Loops":1,"Output":["customer.c_id","customer.c_w_id","customer.c_d_id","customer.c_nationkey"],"Rows Removed by Columnar Filter":0,"Columnar cache search mode":"native","Shared Hit Blocks":0,"Shared Read Blocks":0,"Shared Dirtied Blocks":0,"Shared Written Blocks":0,"Local Hit Blocks":0,"Local Read Blocks":0,"Local Dirtied Blocks":0,"Local Written Blocks":0,"Temp Read Blocks":0,"Temp Written Blocks":0,"I/O Read Time":0.0,"I/O Write Time":0.0,"Temp I/O Read Time":0.0,"Temp I/O Write Time":0.0},{"Node Type":"Seq Scan","Parent Relationship":"Member","Parallel Aware":false,"Async Capable":false,"Relation Name":"customer","Schema":"public","Alias":"customer","Startup Cost":0.0,"Total Cost":4.01,"Plan Rows":1,"Plan Width":12,"Actual Startup Time":0.0,"Actual Total Time":0.0,"Actual Rows":0,"Actual Loops":0,"Output":["customer.c_id","customer.c_w_id","customer.c_d_id","customer.c_nationkey"],"Shared Hit Blocks":0,"Shared Read Blocks":0,"Shared Dirtied Blocks":0,"Shared Written Blocks":0,"Local Hit Blocks":0,"Local Read Blocks":0,"Local Dirtied Blocks":0,"Local Written Blocks":0,"Temp Read Blocks":0,"Temp Written Blocks":0,"I/O Read Time":0.0,"I/O Write Time":0.0,"Temp I/O Read Time":0.0,"Temp I/O Write Time":0.0}]}]}]},{"Node Type":"Hash","Parent Relationship":"Inner","Parallel Aware":false,"Async Capable":false,"Startup Cost":2.99,"Total Cost":2.99,"Plan Rows":12,"Plan Width":12,"Actual Startup Time":0.043,"Actual Total Time":0.047,"Actual Rows":22,"Actual Loops":1,"Output":["nation.n_name","nation.n_nationkey"],"Hash Buckets":1024,"Original Hash Buckets":1024,"Hash Batches":1,"Original Hash Batches":1,"Peak Memory Usage":9,"Shared Hit Blocks":2,"Shared Read Blocks":0,"Shared Dirtied Blocks":0,"Shared Written Blocks":0,"Local Hit Blocks":0,"Local Read Blocks":0,"Local Dirtied Blocks":0,"Local Written Blocks":0,"Temp Read Blocks":0,"Temp Written Blocks":0,"I/O Read Time":0.0,"I/O Write Time":0.0,"Temp I/O Read Time":0.0,"Temp I/O Write Time":0.0,"Plans":[{"Node Type":"Hash Join","Parent Relationship":"Outer","Parallel Aware":false,"Async Capable":false,"Join Type":"Inner","Startup Cost":1.07,"Total Cost":2.99,"Plan Rows":12,"Plan Width":12,"Actual Startup Time":0.026,"Actual Total Time":0.04,"Actual Rows":22,"Actual Loops":1,"Output":["nation.n_name","nation.n_nationkey"],"Inner Unique":true,"Hash Cond":"(nation.n_regionkey = region.r_regionkey)","Shared Hit Blocks":2,"Shared Read Blocks":0,"Shared Dirtied Blocks":0,"Shared Written Blocks":0,"Local Hit Blocks":0,"Local Read Blocks":0,"Local Dirtied Blocks":0,"Local Written Blocks":0,"Temp Read Blocks":0,"Temp Written Blocks":0,"I/O Read Time":0.0,"I/O Write Time":0.0,"Temp I/O Read Time":0.0,"Temp I/O Write Time":0.0,"Plans":[{"Node Type":"Seq Scan","Parent Relationship":"Outer","Parallel Aware":false,"Async Capable":false,"Relation Name":"nation","Schema":"public","Alias":"nation","Startup Cost":0.0,"Total Cost":1.62,"Plan Rows":62,"Plan Width":16,"Actual Startup Time":0.008,"Actual Total Time":0.011,"Actual Rows":62,"Actual Loops":1,"Output":["nation.n_nationkey","nation.n_name","nation.n_regionkey","nation.n_comment"],"Shared Hit Blocks":1,"Shared Read Blocks":0,"Shared Dirtied Blocks":0,"Shared Written Blocks":0,"Local Hit Blocks":0,"Local Read Blocks":0,"Local Dirtied Blocks":0,"Local Written Blocks":0,"Temp Read Blocks":0,"Temp Written Blocks":0,"I/O Read Time":0.0,"I/O Write Time":0.0,"Temp I/O Read Time":0.0,"Temp I/O Write Time":0.0},{"Node Type":"Hash","Parent Relationship":"Inner","Parallel Aware":false,"Async Capable":false,"Startup Cost":1.06,"Total Cost":1.06,"Plan Rows":1,"Plan Width":4,"Actual Startup Time":0.008,"Actual Total Time":0.008,"Actual Rows":1,"Actual Loops":1,"Output":["region.r_regionkey"],"Hash Buckets":1024,"Original Hash Buckets":1024,"Hash Batches":1,"Original Hash Batches":1,"Peak Memory Usage":9,"Shared Hit Blocks":1,"Shared Read Blocks":0,"Shared Dirtied Blocks":0,"Shared Written Blocks":0,"Local Hit Blocks":0,"Local Read Blocks":0,"Local Dirtied Blocks":0,"Local Written Blocks":0,"Temp Read Blocks":0,"Temp Written Blocks":0,"I/O Read Time":0.0,"I/O Write Time":0.0,"Temp I/O Read Time":0.0,"Temp I/O Write Time":0.0,"Plans":[{"Node Type":"Seq Scan","Parent Relationship":"Outer","Parallel Aware":false,"Async Capable":false,"Relation Name":"region","Schema":"public","Alias":"region","Startup Cost":0.0,"Total Cost":1.06,"Plan Rows":1,"Plan Width":4,"Actual Startup Time":0.006,"Actual Total Time":0.006,"Actual Rows":1,"Actual Loops":1,"Output":["region.r_regionkey"],"Filter":"((region.r_name)::text = 'Europe'::text)","Rows Removed by Filter":4,"Shared Hit Blocks":1,"Shared Read Blocks":0,"Shared Dirtied Blocks":0,"Shared Written Blocks":0,"Local Hit Blocks":0,"Local Read Blocks":0,"Local Dirtied Blocks":0,"Local Written Blocks":0,"Temp Read Blocks":0,"Temp Written Blocks":0,"I/O Read Time":0.0,"I/O Write Time":0.0,"Temp I/O Read Time":0.0,"Temp I/O Write Time":0.0}]}]}]}]}]},{"Node Type":"Index Only Scan","Parent Relationship":"Inner","Parallel Aware":false,"Async Capable":false,"Scan Direction":"Forward","Index Name":"stock_pk","Relation Name":"stock","Schema":"public","Alias":"stock","Startup Cost":0.43,"Total Cost":259690.86,"Plan Rows":10000162,"Plan Width":6,"Actual Startup Time":0.056,"Actual Total Time":751.863,"Actual Rows":9999996,"Actual Loops":1,"Output":["stock.s_w_id","stock.s_i_id"],"Heap Fetches":0,"Shared Hit Blocks":27338,"Shared Read Blocks":0,"Shared Dirtied Blocks":0,"Shared Written Blocks":0,"Local Hit Blocks":0,"Local Read Blocks":0,"Local Dirtied Blocks":0,"Local Written Blocks":0,"Temp Read Blocks":0,"Temp Written Blocks":0,"I/O Read Time":0.0,"I/O Write Time":0.0,"Temp I/O Read Time":0.0,"Temp I/O Write Time":0.0}]},{"Node Type":"Hash","Parent Relationship":"Inner","Parallel Aware":false,"Async Capable":false,"Startup Cost":219.01,"Total Cost":219.01,"Plan Rows":10001,"Plan Width":8,"Actual Startup Time":3.301,"Actual Total Time":3.303,"Actual Rows":10000,"Actual Loops":1,"Output":["supplier.su_suppkey","supplier.su_nationkey"],"Hash Buckets":16384,"Original Hash Buckets":16384,"Hash Batches":1,"Original Hash Batches":1,"Peak Memory Usage":519,"Shared Hit Blocks":0,"Shared Read Blocks":0,"Shared Dirtied Blocks":0,"Shared Written Blocks":0,"Local Hit Blocks":0,"Local Read Blocks":0,"Local Dirtied Blocks":0,"Local Written Blocks":0,"Temp Read Blocks":0,"Temp Written Blocks":0,"I/O Read Time":0.0,"I/O Write Time":0.0,"Temp I/O Read Time":0.0,"Temp I/O Write Time":0.0,"Plans":[{"Node Type":"Append","Parent Relationship":"Outer","Parallel Aware":false,"Async Capable":false,"Startup Cost":20.0,"Total Cost":219.01,"Plan Rows":10001,"Plan Width":8,"Actual Startup Time":0.013,"Actual Total Time":1.988,"Actual Rows":10000,"Actual Loops":1,"Shared Hit Blocks":0,"Shared Read Blocks":0,"Shared Dirtied Blocks":0,"Shared Written Blocks":0,"Local Hit Blocks":0,"Local Read Blocks":0,"Local Dirtied Blocks":0,"Local Written Blocks":0,"Temp Read Blocks":0,"Temp Written Blocks":0,"I/O Read Time":0.0,"I/O Write Time":0.0,"Temp I/O Read Time":0.0,"Temp I/O Write Time":0.0,"Subplans Removed":0,"Plans":[{"Node Type":"Custom Scan","Parent Relationship":"Member","Custom Plan Provider":"columnar scan","Parallel Aware":false,"Async Capable":false,"Relation Name":"supplier","Schema":"public","Alias":"supplier","Startup Cost":20.0,"Total Cost":215.0,"Plan Rows":10000,"Plan Width":8,"Actual Startup Time":0.012,"Actual Total Time":1.278,"Actual Rows":10000,"Actual Loops":1,"Output":["supplier.su_suppkey","supplier.su_nationkey"],"Rows Removed by Columnar Filter":0,"Columnar cache search mode":"native","Shared Hit Blocks":0,"Shared Read Blocks":0,"Shared Dirtied Blocks":0,"Shared Written Blocks":0,"Local Hit Blocks":0,"Local Read Blocks":0,"Local Dirtied Blocks":0,"Local Written Blocks":0,"Temp Read Blocks":0,"Temp Written Blocks":0,"I/O Read Time":0.0,"I/O Write Time":0.0,"Temp I/O Read Time":0.0,"Temp I/O Write Time":0.0},{"Node Type":"Seq Scan","Parent Relationship":"Member","Parallel Aware":false,"Async Capable":false,"Relation Name":"supplier","Schema":"public","Alias":"supplier","Startup Cost":0.0,"Total Cost":4.01,"Plan Rows":1,"Plan Width":8,"Actual Startup Time":0.0,"Actual Total Time":0.0,"Actual Rows":0,"Actual Loops":0,"Output":["supplier.su_suppkey","supplier.su_nationkey"],"Shared Hit Blocks":0,"Shared Read Blocks":0,"Shared Dirtied Blocks":0,"Shared Written Blocks":0,"Local Hit Blocks":0,"Local Read Blocks":0,"Local Dirtied Blocks":0,"Local Written Blocks":0,"Temp Read Blocks":0,"Temp Written Blocks":0,"I/O Read Time":0.0,"I/O Write Time":0.0,"Temp I/O Read Time":0.0,"Temp I/O Write Time":0.0}]}]}]}]}]}]},"Planning":{"Shared Hit Blocks":16,"Shared Read Blocks":0,"Shared Dirtied Blocks":0,"Shared Written Blocks":0,"Local Hit Blocks":0,"Local Read Blocks":0,"Local Dirtied Blocks":0,"Local Written Blocks":0,"Temp Read Blocks":0,"Temp Written Blocks":0,"I/O Read Time":0.0,"I/O Write Time":0.0,"Temp I/O Read Time":0.0,"Temp I/O Write Time":0.0},"Planning Time":5.672,"Triggers":[],"Execution Time":16654.265}]
[列存组合]: nation, order_line, orders, region
[{"Plan":{"Node Type":"Sort","Parallel Aware":false,"Async Capable":false,"Startup Cost":2001833.37,"Total Cost":2001833.52,"Plan Rows":62,"Plan Width":40,"Actual Startup Time":10261.384,"Actual Total Time":10261.417,"Actual Rows":11,"Actual Loops":1,"Output":["nation.n_name","(sum(order_line.ol_amount))"],"Sort Key":["(sum(order_line.ol_amount)) DESC"],"Sort Method":"quicksort","Sort Space Used":25,"Sort Space Type":"Memory","Shared Hit Blocks":257161,"Shared Read Blocks":0,"Shared Dirtied Blocks":0,"Shared Written Blocks":0,"Local Hit Blocks":0,"Local Read Blocks":0,"Local Dirtied Blocks":0,"Local Written Blocks":0,"Temp Read Blocks":62236,"Temp Written Blocks":62263,"I/O Read Time":0.0,"I/O Write Time":0.0,"Temp I/O Read Time":99.944,"Temp I/O Write Time":253.032,"Plans":[{"Node Type":"Aggregate","Strategy":"Sorted","Partial Mode":"Simple","Parent Relationship":"Outer","Parallel Aware":false,"Async Capable":false,"Startup Cost":2001757.58,"Total Cost":2001831.52,"Plan Rows":62,"Plan Width":40,"Actual Startup Time":10258.511,"Actual Total Time":10261.401,"Actual Rows":11,"Actual Loops":1,"Output":["nation.n_name","sum(order_line.ol_amount)"],"Group Key":["nation.n_name"],"Shared Hit Blocks":257161,"Shared Read Blocks":0,"Shared Dirtied Blocks":0,"Shared Written Blocks":0,"Local Hit Blocks":0,"Local Read Blocks":0,"Local Dirtied Blocks":0,"Local Written Blocks":0,"Temp Read Blocks":62236,"Temp Written Blocks":62263,"I/O Read Time":0.0,"I/O Write Time":0.0,"Temp I/O Read Time":99.944,"Temp I/O Write Time":253.032,"Plans":[{"Node Type":"Sort","Parent Relationship":"Outer","Parallel Aware":false,"Async Capable":false,"Startup Cost":2001757.58,"Total Cost":2001781.97,"Plan Rows":9755,"Plan Width":12,"Actual Startup Time":10258.298,"Actual Total Time":10259.139,"Actual Rows":17493,"Actual Loops":1,"Output":["nation.n_name","order_line.ol_amount"],"Sort Key":["nation.n_name"],"Sort Method":"quicksort","Sort Space Used":1725,"Sort Space Type":"Memory","Shared Hit Blocks":257161,"Shared Read Blocks":0,"Shared Dirtied Blocks":0,"Shared Written Blocks":0,"Local Hit Blocks":0,"Local Read Blocks":0,"Local Dirtied Blocks":0,"Local Written Blocks":0,"Temp Read Blocks":62236,"Temp Written Blocks":62263,"I/O Read Time":0.0,"I/O Write Time":0.0,"Temp I/O Read Time":99.944,"Temp I/O Write Time":253.032,"Plans":[{"Node Type":"Hash Join","Parent Relationship":"Outer","Parallel Aware":false,"Async Capable":false,"Join Type":"Inner","Startup Cost":1677614.31,"Total Cost":2001111.22,"Plan Rows":9755,"Plan Width":12,"Actual Startup Time":8393.709,"Actual Total Time":10249.287,"Actual Rows":17493,"Actual Loops":1,"Output":["nation.n_name","order_line.ol_amount"],"Inner Unique":true,"Hash Cond":"((mod((stock.s_w_id * stock.s_i_id), 10000) = supplier.su_suppkey) AND (customer.c_nationkey = supplier.su_nationkey))","Shared Hit Blocks":257161,"Shared Read Blocks":0,"Shared Dirtied Blocks":0,"Shared Written Blocks":0,"Local Hit Blocks":0,"Local Read Blocks":0,"Local Dirtied Blocks":0,"Local Written Blocks":0,"Temp Read Blocks":62236,"Temp Written Blocks":62263,"I/O Read Time":0.0,"I/O Write Time":0.0,"Temp I/O Read Time":99.944,"Temp I/O Write Time":253.032,"Plans":[{"Node Type":"Merge Join","Parent Relationship":"Outer","Parallel Aware":false,"Async Capable":false,"Join Type":"Inner","Startup Cost":1677147.31,"Total Cost":1997329.09,"Plan Rows":602749,"Plan Width":26,"Actual Startup Time":8390.664,"Actual Total Time":10107.701,"Actual Rows":1109507,"Actual Loops":1,"Output":["customer.c_nationkey","order_line.ol_amount","stock.s_w_id","stock.s_i_id","nation.n_name","nation.n_nationkey"],"Inner Unique":true,"Merge Cond":"((customer.c_w_id = stock.s_w_id) AND (order_line.ol_i_id = stock.s_i_id))","Shared Hit Blocks":256944,"Shared Read Blocks":0,"Shared Dirtied Blocks":0,"Shared Written Blocks":0,"Local Hit Blocks":0,"Local Read Blocks":0,"Local Dirtied Blocks":0,"Local Written Blocks":0,"Temp Read Blocks":62236,"Temp Written Blocks":62263,"I/O Read Time":0.0,"I/O Write Time":0.0,"Temp I/O Read Time":99.944,"Temp I/O Write Time":253.032,"Plans":[{"Node Type":"Sort","Parent Relationship":"Outer","Parallel Aware":false,"Async Capable":false,"Startup Cost":1677146.88,"Total Cost":1678634.56,"Plan Rows":595073,"Plan Width":30,"Actual Startup Time":8390.602,"Actual Total Time":8570.068,"Actual Rows":1109507,"Actual Loops":1,"Output":["customer.c_w_id","customer.c_nationkey","orders.o_w_id","order_line.ol_amount","order_line.ol_w_id","order_line.ol_i_id","nation.n_name","nation.n_nationkey"],"Sort Key":["customer.c_w_id","order_line.ol_i_id"],"Sort Method":"external merge","Sort Space Used":47304,"Sort Space Type":"Disk","Shared Hit Blocks":229606,"Shared Read Blocks":0,"Shared Dirtied Blocks":0,"Shared Written Blocks":0,"Local Hit Blocks":0,"Local Read Blocks":0,"Local Dirtied Blocks":0,"Local Written Blocks":0,"Temp Read Blocks":62236,"Temp Written Blocks":62263,"I/O Read Time":0.0,"I/O Write Time":0.0,"Temp I/O Read Time":99.944,"Temp I/O Write Time":253.032,"Plans":[{"Node Type":"Hash Join","Parent Relationship":"Outer","Parallel Aware":false,"Async Capable":false,"Join Type":"Inner","Startup Cost":402059.66,"Total Cost":1605833.32,"Plan Rows":595073,"Plan Width":30,"Actual Startup Time":1425.28,"Actual Total Time":7006.556,"Actual Rows":1109507,"Actual Loops":1,"Output":["customer.c_w_id","customer.c_nationkey","orders.o_w_id","order_line.ol_amount","order_line.ol_w_id","order_line.ol_i_id","nation.n_name","nation.n_nationkey"],"Inner Unique":false,"Hash Cond":"(customer.c_nationkey = nation.n_nationkey)","Shared Hit Blocks":229606,"Shared Read Blocks":0,"Shared Dirtied Blocks":0,"Shared Written Blocks":0,"Local Hit Blocks":0,"Local Read Blocks":0,"Local Dirtied Blocks":0,"Local Written Blocks":0,"Temp Read Blocks":50419,"Temp Written Blocks":50419,"I/O Read Time":0.0,"I/O Write Time":0.0,"Temp I/O Read Time":82.052,"Temp I/O Write Time":221.536,"Plans":[{"Node Type":"Hash Join","Parent Relationship":"Outer","Parallel Aware":false,"Async Capable":false,"Join Type":"Inner","Startup Cost":402056.52,"Total Cost":1588913.78,"Plan Rows":2975367,"Plan Width":18,"Actual Startup Time":1418.11,"Actual Total Time":6586.516,"Actual Rows":4284922,"Actual Loops":1,"Output":["customer.c_w_id","customer.c_nationkey","orders.o_w_id","order_line.ol_amount","order_line.ol_w_id","order_line.ol_i_id"],"Inner Unique":true,"Hash Cond":"((orders.o_c_id = customer.c_id) AND (orders.o_w_id = customer.c_w_id) AND (orders.o_d_id = customer.c_d_id))","Shared Hit Blocks":229604,"Shared Read Blocks":0,"Shared Dirtied Blocks":0,"Shared Written Blocks":0,"Local Hit Blocks":0,"Local Read Blocks":0,"Local Dirtied Blocks":0,"Local Written Blocks":0,"Temp Read Blocks":50419,"Temp Written Blocks":50419,"I/O Read Time":0.0,"I/O Write Time":0.0,"Temp I/O Read Time":82.052,"Temp I/O Write Time":221.536,"Plans":[{"Node Type":"Hash Join","Parent Relationship":"Outer","Parallel Aware":false,"Async Capable":false,"Join Type":"Inner","Startup Cost":75311.73,"Total Cost":1189221.96,"Plan Rows":2975367,"Plan Width":20,"Actual Startup Time":212.824,"Actual Total Time":3233.584,"Actual Rows":4284922,"Actual Loops":1,"Output":["orders.o_c_id","orders.o_w_id","orders.o_d_id","order_line.ol_amount","order_line.ol_w_id","order_line.ol_d_id","order_line.ol_i_id"],"Inner Unique":true,"Hash Cond":"((order_line.ol_w_id = orders.o_w_id) AND (order_line.ol_d_id = orders.o_d_id) AND (order_line.ol_o_id = orders.o_id))","Shared Hit Blocks":0,"Shared Read Blocks":0,"Shared Dirtied Blocks":0,"Shared Written Blocks":0,"Local Hit Blocks":0,"Local Read Blocks":0,"Local Dirtied Blocks":0,"Local Written Blocks":0,"Temp Read Blocks":18772,"Temp Written Blocks":18772,"I/O Read Time":0.0,"I/O Write Time":0.0,"Temp I/O Read Time":31.145,"Temp I/O Write Time":75.924,"Plans":[{"Node Type":"Append","Parent Relationship":"Outer","Parallel Aware":false,"Async Capable":false,"Startup Cost":20.0,"Total Cost":701820.0,"Plan Rows":20926367,"Plan Width":20,"Actual Startup Time":1.372,"Actual Total Time":1297.177,"Actual Rows":4311079,"Actual Loops":1,"Shared Hit Blocks":0,"Shared Read Blocks":0,"Shared Dirtied Blocks":0,"Shared Written Blocks":0,"Local Hit Blocks":0,"Local Read Blocks":0,"Local Dirtied Blocks":0,"Local Written Blocks":0,"Temp Read Blocks":0,"Temp Written Blocks":0,"I/O Read Time":0.0,"I/O Write Time":0.0,"Temp I/O Read Time":0.0,"Temp I/O Write Time":0.0,"Subplans Removed":0,"Plans":[{"Node Type":"Custom Scan","Parent Relationship":"Member","Custom Plan Provider":"columnar scan","Parallel Aware":false,"Async Capable":false,"Relation Name":"order_line","Schema":"public","Alias":"order_line","Startup Cost":20.0,"Total Cost":533641.75,"Plan Rows":20926325,"Plan Width":20,"Actual Startup Time":1.371,"Actual Total Time":995.639,"Actual Rows":4311079,"Actual Loops":1,"Output":["order_line.ol_amount","order_line.ol_o_id","order_line.ol_w_id","order_line.ol_d_id","order_line.ol_i_id"],"Filter":"(order_line.ol_delivery_d >= '1992-01-02 20:10:02.27764'::timestamp without time zone)","Rows Removed by Filter":0,"Rows Removed by Columnar Filter":25686653,"Rows Filtered by Bloom Filter":0,"Dictionary Rows Filtered by Bloom Filter":25686653,"Columnar cache search mode":"native","Shared Hit Blocks":0,"Shared Read Blocks":0,"Shared Dirtied Blocks":0,"Shared Written Blocks":0,"Local Hit Blocks":0,"Local Read Blocks":0,"Local Dirtied Blocks":0,"Local Written Blocks":0,"Temp Read Blocks":0,"Temp Written Blocks":0,"I/O Read Time":0.0,"I/O Write Time":0.0,"Temp I/O Read Time":0.0,"Temp I/O Write Time":0.0},{"Node Type":"Seq Scan","Parent Relationship":"Member","Parallel Aware":false,"Async Capable":false,"Relation Name":"order_line","Schema":"public","Alias":"order_line","Startup Cost":0.0,"Total Cost":4.75,"Plan Rows":42,"Plan Width":20,"Actual Startup Time":0.0,"Actual Total Time":0.0,"Actual Rows":0,"Actual Loops":0,"Output":["order_line.ol_amount","order_line.ol_o_id","order_line.ol_w_id","order_line.ol_d_id","order_line.ol_i_id"],"Filter":"(order_line.ol_delivery_d >= '1992-01-02 20:10:02.27764'::timestamp without time zone)","Rows Removed by Filter":0,"Shared Hit Blocks":0,"Shared Read Blocks":0,"Shared Dirtied Blocks":0,"Shared Written Blocks":0,"Local Hit Blocks":0,"Local Read Blocks":0,"Local Dirtied Blocks":0,"Local Written Blocks":0,"Temp Read Blocks":0,"Temp Written Blocks":0,"I/O Read Time":0.0,"I/O Write Time":0.0,"Temp I/O Read Time":0.0,"Temp I/O Write Time":0.0}]},{"Node Type":"Hash","Parent Relationship":"Inner","Parallel Aware":false,"Async Capable":false,"Startup Cost":65744.12,"Total Cost":65744.12,"Plan Rows":426549,"Plan Width":16,"Actual Startup Time":210.181,"Actual Total Time":210.188,"Actual Rows":428399,"Actual Loops":1,"Output":["orders.o_c_id","orders.o_w_id","orders.o_d_id","orders.o_id"],"Hash Buckets":262144,"Original Hash Buckets":262144,"Hash Batches":4,"Original Hash Batches":4,"Peak Memory Usage":7080,"Shared Hit Blocks":0,"Shared Read Blocks":0,"Shared Dirtied Blocks":0,"Shared Written Blocks":0,"Local Hit Blocks":0,"Local Read Blocks":0,"Local Dirtied Blocks":0,"Local Written Blocks":0,"Temp Read Blocks":0,"Temp Written Blocks":1410,"I/O Read Time":0.0,"I/O Write Time":0.0,"Temp I/O Read Time":0.0,"Temp I/O Write Time":5.648,"Plans":[{"Node Type":"Append","Parent Relationship":"Outer","Parallel Aware":false,"Async Capable":false,"Startup Cost":20.0,"Total Cost":65744.12,"Plan Rows":426549,"Plan Width":16,"Actual Startup Time":0.5,"Actual Total Time":107.12,"Actual Rows":428399,"Actual Loops":1,"Shared Hit Blocks":0,"Shared Read Blocks":0,"Shared Dirtied Blocks":0,"Shared Written Blocks":0,"Local Hit Blocks":0,"Local Read Blocks":0,"Local Dirtied Blocks":0,"Local Written Blocks":0,"Temp Read Blocks":0,"Temp Written Blocks":0,"I/O Read Time":0.0,"I/O Write Time":0.0,"Temp I/O Read Time":0.0,"Temp I/O Write Time":0.0,"Subplans Removed":0,"Plans":[{"Node Type":"Custom Scan","Parent Relationship":"Member","Custom Plan Provider":"columnar scan","Parallel Aware":false,"Async Capable":false,"Relation Name":"orders","Schema":"public","Alias":"orders","Startup Cost":20.0,"Total Cost":10043.96,"Plan Rows":426548,"Plan Width":16,"Actual Startup Time":0.499,"Actual Total Time":74.55,"Actual Rows":428399,"Actual Loops":1,"Output":["orders.o_c_id","orders.o_w_id","orders.o_d_id","orders.o_id"],"Filter":"((orders.o_entry_d < '1994-01-02 20:10:02.27764'::timestamp without time zone) AND (orders.o_entry_d >= '1993-01-02 20:10:02.27764'::timestamp without time zone))","Rows Removed by Filter":0,"Rows Removed by Columnar Filter":2571601,"Columnar cache search mode":"native","Shared Hit Blocks":0,"Shared Read Blocks":0,"Shared Dirtied Blocks":0,"Shared Written Blocks":0,"Local Hit Blocks":0,"Local Read Blocks":0,"Local Dirtied Blocks":0,"Local Written Blocks":0,"Temp Read Blocks":0,"Temp Written Blocks":0,"I/O Read Time":0.0,"I/O Write Time":0.0,"Temp I/O Read Time":0.0,"Temp I/O Write Time":0.0},{"Node Type":"Seq Scan","Parent Relationship":"Member","Parallel Aware":false,"Async Capable":false,"Relation Name":"orders","Schema":"public","Alias":"orders","Startup Cost":0.0,"Total Cost":4.01,"Plan Rows":1,"Plan Width":16,"Actual Startup Time":0.0,"Actual Total Time":0.0,"Actual Rows":0,"Actual Loops":0,"Output":["orders.o_c_id","orders.o_w_id","orders.o_d_id","orders.o_id"],"Filter":"((orders.o_entry_d < '1994-01-02 20:10:02.27764'::timestamp without time zone) AND (orders.o_entry_d >= '1993-01-02 20:10:02.27764'::timestamp without time zone))","Rows Removed by Filter":0,"Shared Hit Blocks":0,"Shared Read Blocks":0,"Shared Dirtied Blocks":0,"Shared Written Blocks":0,"Local Hit Blocks":0,"Local Read Blocks":0,"Local Dirtied Blocks":0,"Local Written Blocks":0,"Temp Read Blocks":0,"Temp Written Blocks":0,"I/O Read Time":0.0,"I/O Write Time":0.0,"Temp I/O Read Time":0.0,"Temp I/O Write Time":0.0}]}]}]},{"Node Type":"Hash","Parent Relationship":"Inner","Parallel Aware":false,"Async Capable":false,"Startup Cost":259601.38,"Total Cost":259601.38,"Plan Rows":2999738,"Plan Width":12,"Actual Startup Time":1203.455,"Actual Total Time":1203.457,"Actual Rows":3000000,"Actual Loops":1,"Output":["customer.c_id","customer.c_w_id","customer.c_d_id","customer.c_nationkey"],"Hash Buckets":262144,"Original Hash Buckets":262144,"Hash Batches":32,"Original Hash Batches":32,"Peak Memory Usage":6090,"Shared Hit Blocks":229604,"Shared Read Blocks":0,"Shared Dirtied Blocks":0,"Shared Written Blocks":0,"Local Hit Blocks":0,"Local Read Blocks":0,"Local Dirtied Blocks":0,"Local Written Blocks":0,"Temp Read Blocks":0,"Temp Written Blocks":11335,"I/O Read Time":0.0,"I/O Write Time":0.0,"Temp I/O Read Time":0.0,"Temp I/O Write Time":52.417,"Plans":[{"Node Type":"Seq Scan","Parent Relationship":"Outer","Parallel Aware":false,"Async Capable":false,"Relation Name":"customer","Schema":"public","Alias":"customer","Startup Cost":0.0,"Total Cost":259601.38,"Plan Rows":2999738,"Plan Width":12,"Actual Startup Time":0.009,"Actual Total Time":701.781,"Actual Rows":3000000,"Actual Loops":1,"Output":["customer.c_id","customer.c_w_id","customer.c_d_id","customer.c_nationkey"],"Shared Hit Blocks":229604,"Shared Read Blocks":0,"Shared Dirtied Blocks":0,"Shared Written Blocks":0,"Local Hit Blocks":0,"Local Read Blocks":0,"Local Dirtied Blocks":0,"Local Written Blocks":0,"Temp Read Blocks":0,"Temp Written Blocks":0,"I/O Read Time":0.0,"I/O Write Time":0.0,"Temp I/O Read Time":0.0,"Temp I/O Write Time":0.0}]}]},{"Node Type":"Hash","Parent Relationship":"Inner","Parallel Aware":false,"Async Capable":false,"Startup Cost":2.99,"Total Cost":2.99,"Plan Rows":12,"Plan Width":12,"Actual Startup Time":0.046,"Actual Total Time":0.053,"Actual Rows":22,"Actual Loops":1,"Output":["nation.n_name","nation.n_nationkey"],"Hash Buckets":1024,"Original Hash Buckets":1024,"Hash Batches":1,"Original Hash Batches":1,"Peak Memory Usage":9,"Shared Hit Blocks":2,"Shared Read Blocks":0,"Shared Dirtied Blocks":0,"Shared Written Blocks":0,"Local Hit Blocks":0,"Local Read Blocks":0,"Local Dirtied Blocks":0,"Local Written Blocks":0,"Temp Read Blocks":0,"Temp Written Blocks":0,"I/O Read Time":0.0,"I/O Write Time":0.0,"Temp I/O Read Time":0.0,"Temp I/O Write Time":0.0,"Plans":[{"Node Type":"Hash Join","Parent Relationship":"Outer","Parallel Aware":false,"Async Capable":false,"Join Type":"Inner","Startup Cost":1.07,"Total Cost":2.99,"Plan Rows":12,"Plan Width":12,"Actual Startup Time":0.03,"Actual Total Time":0.047,"Actual Rows":22,"Actual Loops":1,"Output":["nation.n_name","nation.n_nationkey"],"Inner Unique":true,"Hash Cond":"(nation.n_regionkey = region.r_regionkey)","Shared Hit Blocks":2,"Shared Read Blocks":0,"Shared Dirtied Blocks":0,"Shared Written Blocks":0,"Local Hit Blocks":0,"Local Read Blocks":0,"Local Dirtied Blocks":0,"Local Written Blocks":0,"Temp Read Blocks":0,"Temp Written Blocks":0,"I/O Read Time":0.0,"I/O Write Time":0.0,"Temp I/O Read Time":0.0,"Temp I/O Write Time":0.0,"Plans":[{"Node Type":"Seq Scan","Parent Relationship":"Outer","Parallel Aware":false,"Async Capable":false,"Relation Name":"nation","Schema":"public","Alias":"nation","Startup Cost":0.0,"Total Cost":1.62,"Plan Rows":62,"Plan Width":16,"Actual Startup Time":0.005,"Actual Total Time":0.01,"Actual Rows":62,"Actual Loops":1,"Output":["nation.n_nationkey","nation.n_name","nation.n_regionkey","nation.n_comment"],"Shared Hit Blocks":1,"Shared Read Blocks":0,"Shared Dirtied Blocks":0,"Shared Written Blocks":0,"Local Hit Blocks":0,"Local Read Blocks":0,"Local Dirtied Blocks":0,"Local Written Blocks":0,"Temp Read Blocks":0,"Temp Written Blocks":0,"I/O Read Time":0.0,"I/O Write Time":0.0,"Temp I/O Read Time":0.0,"Temp I/O Write Time":0.0},{"Node Type":"Hash","Parent Relationship":"Inner","Parallel Aware":false,"Async Capable":false,"Startup Cost":1.06,"Total Cost":1.06,"Plan Rows":1,"Plan Width":4,"Actual Startup Time":0.007,"Actual Total Time":0.009,"Actual Rows":1,"Actual Loops":1,"Output":["region.r_regionkey"],"Hash Buckets":1024,"Original Hash Buckets":1024,"Hash Batches":1,"Original Hash Batches":1,"Peak Memory Usage":9,"Shared Hit Blocks":1,"Shared Read Blocks":0,"Shared Dirtied Blocks":0,"Shared Written Blocks":0,"Local Hit Blocks":0,"Local Read Blocks":0,"Local Dirtied Blocks":0,"Local Written Blocks":0,"Temp Read Blocks":0,"Temp Written Blocks":0,"I/O Read Time":0.0,"I/O Write Time":0.0,"Temp I/O Read Time":0.0,"Temp I/O Write Time":0.0,"Plans":[{"Node Type":"Seq Scan","Parent Relationship":"Outer","Parallel Aware":false,"Async Capable":false,"Relation Name":"region","Schema":"public","Alias":"region","Startup Cost":0.0,"Total Cost":1.06,"Plan Rows":1,"Plan Width":4,"Actual Startup Time":0.005,"Actual Total Time":0.006,"Actual Rows":1,"Actual Loops":1,"Output":["region.r_regionkey"],"Filter":"((region.r_name)::text = 'Europe'::text)","Rows Removed by Filter":4,"Shared Hit Blocks":1,"Shared Read Blocks":0,"Shared Dirtied Blocks":0,"Shared Written Blocks":0,"Local Hit Blocks":0,"Local Read Blocks":0,"Local Dirtied Blocks":0,"Local Written Blocks":0,"Temp Read Blocks":0,"Temp Written Blocks":0,"I/O Read Time":0.0,"I/O Write Time":0.0,"Temp I/O Read Time":0.0,"Temp I/O Write Time":0.0}]}]}]}]}]},{"Node Type":"Index Only Scan","Parent Relationship":"Inner","Parallel Aware":false,"Async Capable":false,"Scan Direction":"Forward","Index Name":"stock_pk","Relation Name":"stock","Schema":"public","Alias":"stock","Startup Cost":0.43,"Total Cost":259690.86,"Plan Rows":10000162,"Plan Width":6,"Actual Startup Time":0.049,"Actual Total Time":729.997,"Actual Rows":9999996,"Actual Loops":1,"Output":["stock.s_w_id","stock.s_i_id"],"Heap Fetches":0,"Shared Hit Blocks":27338,"Shared Read Blocks":0,"Shared Dirtied Blocks":0,"Shared Written Blocks":0,"Local Hit Blocks":0,"Local Read Blocks":0,"Local Dirtied Blocks":0,"Local Written Blocks":0,"Temp Read Blocks":0,"Temp Written Blocks":0,"I/O Read Time":0.0,"I/O Write Time":0.0,"Temp I/O Read Time":0.0,"Temp I/O Write Time":0.0}]},{"Node Type":"Hash","Parent Relationship":"Inner","Parallel Aware":false,"Async Capable":false,"Startup Cost":317.0,"Total Cost":317.0,"Plan Rows":10000,"Plan Width":8,"Actual Startup Time":2.623,"Actual Total Time":2.623,"Actual Rows":10000,"Actual Loops":1,"Output":["supplier.su_suppkey","supplier.su_nationkey"],"Hash Buckets":16384,"Original Hash Buckets":16384,"Hash Batches":1,"Original Hash Batches":1,"Peak Memory Usage":519,"Shared Hit Blocks":217,"Shared Read Blocks":0,"Shared Dirtied Blocks":0,"Shared Written Blocks":0,"Local Hit Blocks":0,"Local Read Blocks":0,"Local Dirtied Blocks":0,"Local Written Blocks":0,"Temp Read Blocks":0,"Temp Written Blocks":0,"I/O Read Time":0.0,"I/O Write Time":0.0,"Temp I/O Read Time":0.0,"Temp I/O Write Time":0.0,"Plans":[{"Node Type":"Seq Scan","Parent Relationship":"Outer","Parallel Aware":false,"Async Capable":false,"Relation Name":"supplier","Schema":"public","Alias":"supplier","Startup Cost":0.0,"Total Cost":317.0,"Plan Rows":10000,"Plan Width":8,"Actual Startup Time":0.009,"Actual Total Time":1.324,"Actual Rows":10000,"Actual Loops":1,"Output":["supplier.su_suppkey","supplier.su_nationkey"],"Shared Hit Blocks":217,"Shared Read Blocks":0,"Shared Dirtied Blocks":0,"Shared Written Blocks":0,"Local Hit Blocks":0,"Local Read Blocks":0,"Local Dirtied Blocks":0,"Local Written Blocks":0,"Temp Read Blocks":0,"Temp Written Blocks":0,"I/O Read Time":0.0,"I/O Write Time":0.0,"Temp I/O Read Time":0.0,"Temp I/O Write Time":0.0}]}]}]}]}]},"Planning":{"Shared Hit Blocks":16,"Shared Read Blocks":0,"Shared Dirtied Blocks":0,"Shared Written Blocks":0,"Local Hit Blocks":0,"Local Read Blocks":0,"Local Dirtied Blocks":0,"Local Written Blocks":0,"Temp Read Blocks":0,"Temp Written Blocks":0,"I/O Read Time":0.0,"I/O Write Time":0.0,"Temp I/O Read Time":0.0,"Temp I/O Write Time":0.0},"Planning Time":4.723,"Triggers":[],"Execution Time":10269.585}]
[列存组合]: nation, order_line, orders, stock
[{"Plan":{"Node Type":"Sort","Parallel Aware":false,"Async Capable":false,"Startup Cost":1198790.22,"Total Cost":1198790.37,"Plan Rows":62,"Plan Width":40,"Actual Startup Time":5117.117,"Actual Total Time":5117.139,"Actual Rows":11,"Actual Loops":1,"Output":["nation.n_name","(sum(order_line.ol_amount))"],"Sort Key":["(sum(order_line.ol_amount)) DESC"],"Sort Method":"quicksort","Sort Space Used":25,"Sort Space Type":"Memory","Shared Hit Blocks":229823,"Shared Read Blocks":0,"Shared Dirtied Blocks":0,"Shared Written Blocks":0,"Local Hit Blocks":0,"Local Read Blocks":0,"Local Dirtied Blocks":0,"Local Written Blocks":0,"Temp Read Blocks":31471,"Temp Written Blocks":31471,"I/O Read Time":0.0,"I/O Write Time":0.0,"Temp I/O Read Time":50.314,"Temp I/O Write Time":144.422,"Plans":[{"Node Type":"Aggregate","Strategy":"Sorted","Partial Mode":"Simple","Parent Relationship":"Outer","Parallel Aware":false,"Async Capable":false,"Startup Cost":1198714.43,"Total Cost":1198788.37,"Plan Rows":62,"Plan Width":40,"Actual Startup Time":5114.258,"Actual Total Time":5117.122,"Actual Rows":11,"Actual Loops":1,"Output":["nation.n_name","sum(order_line.ol_amount)"],"Group Key":["nation.n_name"],"Shared Hit Blocks":229823,"Shared Read Blocks":0,"Shared Dirtied Blocks":0,"Shared Written Blocks":0,"Local Hit Blocks":0,"Local Read Blocks":0,"Local Dirtied Blocks":0,"Local Written Blocks":0,"Temp Read Blocks":31471,"Temp Written Blocks":31471,"I/O Read Time":0.0,"I/O Write Time":0.0,"Temp I/O Read Time":50.314,"Temp I/O Write Time":144.422,"Plans":[{"Node Type":"Sort","Parent Relationship":"Outer","Parallel Aware":false,"Async Capable":false,"Startup Cost":1198714.43,"Total Cost":1198738.82,"Plan Rows":9755,"Plan Width":12,"Actual Startup Time":5114.032,"Actual Total Time":5114.837,"Actual Rows":17493,"Actual Loops":1,"Output":["nation.n_name","order_line.ol_amount"],"Sort Key":["nation.n_name"],"Sort Method":"quicksort","Sort Space Used":1725,"Sort Space Type":"Memory","Shared Hit Blocks":229823,"Shared Read Blocks":0,"Shared Dirtied Blocks":0,"Shared Written Blocks":0,"Local Hit Blocks":0,"Local Read Blocks":0,"Local Dirtied Blocks":0,"Local Written Blocks":0,"Temp Read Blocks":31471,"Temp Written Blocks":31471,"I/O Read Time":0.0,"I/O Write Time":0.0,"Temp I/O Read Time":50.314,"Temp I/O Write Time":144.422,"Plans":[{"Node Type":"Hash Join","Parent Relationship":"Outer","Parallel Aware":false,"Async Capable":false,"Join Type":"Inner","Startup Cost":439260.88,"Total Cost":1198068.07,"Plan Rows":9755,"Plan Width":12,"Actual Startup Time":1964.67,"Actual Total Time":5105.587,"Actual Rows":17493,"Actual Loops":1,"Output":["nation.n_name","order_line.ol_amount"],"Hash Cond":"((orders.o_c_id = customer.c_id) AND (orders.o_w_id = customer.c_w_id) AND (orders.o_d_id = customer.c_d_id) AND (supplier.su_nationkey = customer.c_nationkey))","Shared Hit Blocks":229823,"Shared Read Blocks":0,"Shared Dirtied Blocks":0,"Shared Written Blocks":0,"Local Hit Blocks":0,"Local Read Blocks":0,"Local Dirtied Blocks":0,"Local Written Blocks":0,"Temp Read Blocks":31471,"Temp Written Blocks":31471,"I/O Read Time":0.0,"I/O Write Time":0.0,"Temp I/O Read Time":50.314,"Temp I/O Write Time":144.422,"Plans":[{"Node Type":"Hash Join","Parent Relationship":"Outer","Parallel Aware":false,"Async Capable":false,"Join Type":"Inner","Startup Cost":105016.74,"Total Cost":833427.02,"Plan Rows":602754,"Plan Width":34,"Actual Startup Time":779.092,"Actual Total Time":3139.746,"Actual Rows":1489124,"Actual Loops":1,"Output":["orders.o_c_id","orders.o_w_id","orders.o_d_id","order_line.ol_amount","order_line.ol_w_id","order_line.ol_d_id","stock.s_w_id","supplier.su_nationkey","nation.n_name","nation.n_nationkey"],"Hash Cond":"((order_line.ol_w_id = orders.o_w_id) AND (order_line.ol_d_id = orders.o_d_id) AND (order_line.ol_o_id = orders.o_id))","Shared Hit Blocks":219,"Shared Read Blocks":0,"Shared Dirtied Blocks":0,"Shared Written Blocks":0,"Local Hit Blocks":0,"Local Read Blocks":0,"Local Dirtied Blocks":0,"Local Written Blocks":0,"Temp Read Blocks":9894,"Temp Written Blocks":9894,"I/O Read Time":0.0,"I/O Write Time":0.0,"Temp I/O Read Time":16.144,"Temp I/O Write Time":43.381,"Plans":[{"Node Type":"Hash Join","Parent Relationship":"Outer","Parallel Aware":false,"Async Capable":false,"Join Type":"Inner","Startup Cost":29725.01,"Total Cost":656340.76,"Plan Rows":4242986,"Plan Width":34,"Actual Startup Time":566.232,"Actual Total Time":2207.715,"Actual Rows":1498118,"Actual Loops":1,"Output":["order_line.ol_amount","order_line.ol_o_id","order_line.ol_w_id","order_line.ol_d_id","stock.s_w_id","supplier.su_nationkey","nation.n_name","nation.n_nationkey"],"Hash Cond":"(mod((stock.s_w_id * stock.s_i_id), 10000) = supplier.su_suppkey)","Shared Hit Blocks":219,"Shared Read Blocks":0,"Shared Dirtied Blocks":0,"Shared Written Blocks":0,"Local Hit Blocks":0,"Local Read Blocks":0,"Local Dirtied Blocks":0,"Local Written Blocks":0,"Temp Read Blocks":0,"Temp Written Blocks":0,"I/O Read Time":0.0,"I/O Write Time":0.0,"Temp I/O Read Time":0.0,"Temp I/O Write Time":0.0,"Plans":[{"Node Type":"Hash Join","Parent Relationship":"Outer","Parallel Aware":false,"Async Capable":false,"Join Type":"Inner","Startup Cost":29323.02,"Total Cost":480915.59,"Plan Rows":21214932,"Plan Width":22,"Actual Startup Time":563.323,"Actual Total Time":1524.877,"Actual Rows":4311079,"Actual Loops":1,"Output":["order_line.ol_amount","order_line.ol_o_id","order_line.ol_w_id","order_line.ol_d_id","stock.s_w_id","stock.s_i_id"],"Hash Cond":"((order_line.ol_w_id = stock.s_w_id) AND (order_line.ol_i_id = stock.s_i_id))","Rows Removed by Bloom Filter":0,"Shared Hit Blocks":0,"Shared Read Blocks":0,"Shared Dirtied Blocks":0,"Shared Written Blocks":0,"Local Hit Blocks":0,"Local Read Blocks":0,"Local Dirtied Blocks":0,"Local Written Blocks":0,"Temp Read Blocks":0,"Temp Written Blocks":0,"I/O Read Time":0.0,"I/O Write Time":0.0,"Temp I/O Read Time":0.0,"Temp I/O Write Time":0.0,"Plans":[{"Node Type":"Append","Parent Relationship":"Outer","Parallel Aware":false,"Async Capable":false,"Startup Cost":20.0,"Total Cost":533646.5,"Plan Rows":20926367,"Plan Width":20,"Actual Startup Time":123.996,"Actual Total Time":123.998,"Actual Rows":4311079,"Actual Loops":1,"Shared Hit Blocks":0,"Shared Read Blocks":0,"Shared Dirtied Blocks":0,"Shared Written Blocks":0,"Local Hit Blocks":0,"Local Read Blocks":0,"Local Dirtied Blocks":0,"Local Written Blocks":0,"Temp Read Blocks":0,"Temp Written Blocks":0,"I/O Read Time":0.0,"I/O Write Time":0.0,"Temp I/O Read Time":0.0,"Temp I/O Write Time":0.0,"Subplans Removed":0,"Plans":[{"Node Type":"Custom Scan","Parent Relationship":"Member","Custom Plan Provider":"columnar scan","Parallel Aware":false,"Async Capable":false,"Relation Name":"order_line","Schema":"public","Alias":"order_line","Startup Cost":20.0,"Total Cost":533641.75,"Plan Rows":20926325,"Plan Width":20,"Actual Startup Time":123.993,"Actual Total Time":123.994,"Actual Rows":4311079,"Actual Loops":1,"Output":["order_line.ol_amount","order_line.ol_o_id","order_line.ol_w_id","order_line.ol_d_id","order_line.ol_i_id"],"Filter":"(order_line.ol_delivery_d >= '1992-01-02 20:10:02.27764'::timestamp without time zone)","Rows Removed by Filter":0,"Rows Removed by Columnar Filter":25686653,"Rows Filtered by Bloom Filter":0,"Dictionary Rows Filtered by Bloom Filter":25686653,"Columnar cache search mode":"native","Shared Hit Blocks":0,"Shared Read Blocks":0,"Shared Dirtied Blocks":0,"Shared Written Blocks":0,"Local Hit Blocks":0,"Local Read Blocks":0,"Local Dirtied Blocks":0,"Local Written Blocks":0,"Temp Read Blocks":0,"Temp Written Blocks":0,"I/O Read Time":0.0,"I/O Write Time":0.0,"Temp I/O Read Time":0.0,"Temp I/O Write Time":0.0},{"Node Type":"Seq Scan","Parent Relationship":"Member","Parallel Aware":false,"Async Capable":false,"Relation Name":"order_line","Schema":"public","Alias":"order_line","Startup Cost":0.0,"Total Cost":4.75,"Plan Rows":42,"Plan Width":20,"Actual Startup Time":0.0,"Actual Total Time":0.0,"Actual Rows":0,"Actual Loops":0,"Output":["order_line.ol_amount","order_line.ol_o_id","order_line.ol_w_id","order_line.ol_d_id","order_line.ol_i_id"],"Filter":"(order_line.ol_delivery_d >= '1992-01-02 20:10:02.27764'::timestamp without time zone)","Rows Removed by Filter":0,"Shared Hit Blocks":0,"Shared Read Blocks":0,"Shared Dirtied Blocks":0,"Shared Written Blocks":0,"Local Hit Blocks":0,"Local Read Blocks":0,"Local Dirtied Blocks":0,"Local Written Blocks":0,"Temp Read Blocks":0,"Temp Written Blocks":0,"I/O Read Time":0.0,"I/O Write Time":0.0,"Temp I/O Read Time":0.0,"Temp I/O Write Time":0.0}]},{"Node Type":"Hash","Parent Relationship":"Inner","Parallel Aware":false,"Async Capable":false,"Startup Cost":195025.67,"Total Cost":195025.67,"Plan Rows":10000162,"Plan Width":6,"Actual Rows":10000000,"Actual Loops":1,"Output":["stock.s_w_id","stock.s_i_id"],"Shared Hit Blocks":0,"Shared Read Blocks":0,"Shared Dirtied Blocks":0,"Shared Written Blocks":0,"Local Hit Blocks":0,"Local Read Blocks":0,"Local Dirtied Blocks":0,"Local Written Blocks":0,"Temp Read Blocks":0,"Temp Written Blocks":0,"I/O Read Time":0.0,"I/O Write Time":0.0,"Temp I/O Read Time":0.0,"Temp I/O Write Time":0.0,"Plans":[{"Node Type":"Append","Parent Relationship":"Outer","Parallel Aware":false,"Async Capable":false,"Startup Cost":20.0,"Total Cost":195025.67,"Plan Rows":10000162,"Plan Width":6,"Actual Startup Time":0.234,"Actual Total Time":0.236,"Actual Rows":10000000,"Actual Loops":1,"Shared Hit Blocks":0,"Shared Read Blocks":0,"Shared Dirtied Blocks":0,"Shared Written Blocks":0,"Local Hit Blocks":0,"Local Read Blocks":0,"Local Dirtied Blocks":0,"Local Written Blocks":0,"Temp Read Blocks":0,"Temp Written Blocks":0,"I/O Read Time":0.0,"I/O Write Time":0.0,"Temp I/O Read Time":0.0,"Temp I/O Write Time":0.0,"Subplans Removed":0,"Plans":[{"Node Type":"Custom Scan","Parent Relationship":"Member","Custom Plan Provider":"columnar scan","Parallel Aware":false,"Async Capable":false,"Relation Name":"stock","Schema":"public","Alias":"stock","Startup Cost":20.0,"Total Cost":195020.05,"Plan Rows":10000000,"Plan Width":6,"Actual Startup Time":0.233,"Actual Total Time":0.234,"Actual Rows":10000000,"Actual Loops":1,"Output":["stock.s_w_id","stock.s_i_id"],"Rows Removed by Columnar Filter":0,"Columnar cache search mode":"native","Shared Hit Blocks":0,"Shared Read Blocks":0,"Shared Dirtied Blocks":0,"Shared Written Blocks":0,"Local Hit Blocks":0,"Local Read Blocks":0,"Local Dirtied Blocks":0,"Local Written Blocks":0,"Temp Read Blocks":0,"Temp Written Blocks":0,"I/O Read Time":0.0,"I/O Write Time":0.0,"Temp I/O Read Time":0.0,"Temp I/O Write Time":0.0},{"Node Type":"Seq Scan","Parent Relationship":"Member","Parallel Aware":false,"Async Capable":false,"Relation Name":"stock","Schema":"public","Alias":"stock","Startup Cost":0.0,"Total Cost":5.62,"Plan Rows":162,"Plan Width":6,"Actual Startup Time":0.0,"Actual Total Time":0.0,"Actual Rows":0,"Actual Loops":0,"Output":["stock.s_w_id","stock.s_i_id"],"Shared Hit Blocks":0,"Shared Read Blocks":0,"Shared Dirtied Blocks":0,"Shared Written Blocks":0,"Local Hit Blocks":0,"Local Read Blocks":0,"Local Dirtied Blocks":0,"Local Written Blocks":0,"Temp Read Blocks":0,"Temp Written Blocks":0,"I/O Read Time":0.0,"I/O Write Time":0.0,"Temp I/O Read Time":0.0,"Temp I/O Write Time":0.0}]}]}]},{"Node Type":"Hash","Parent Relationship":"Inner","Parallel Aware":false,"Async Capable":false,"Startup Cost":376.99,"Total Cost":376.99,"Plan Rows":2000,"Plan Width":20,"Actual Startup Time":2.85,"Actual Total Time":2.86,"Actual Rows":3506,"Actual Loops":1,"Output":["supplier.su_suppkey","supplier.su_nationkey","nation.n_name","nation.n_nationkey"],"Hash Buckets":4096,"Original Hash Buckets":2048,"Hash Batches":1,"Original Hash Batches":1,"Peak Memory Usage":217,"Shared Hit Blocks":219,"Shared Read Blocks":0,"Shared Dirtied Blocks":0,"Shared Written Blocks":0,"Local Hit Blocks":0,"Local Read Blocks":0,"Local Dirtied Blocks":0,"Local Written Blocks":0,"Temp Read Blocks":0,"Temp Written Blocks":0,"I/O Read Time":0.0,"I/O Write Time":0.0,"Temp I/O Read Time":0.0,"Temp I/O Write Time":0.0,"Plans":[{"Node Type":"Hash Join","Parent Relationship":"Outer","Parallel Aware":false,"Async Capable":false,"Join Type":"Inner","Startup Cost":3.14,"Total Cost":376.99,"Plan Rows":2000,"Plan Width":20,"Actual Startup Time":0.068,"Actual Total Time":2.279,"Actual Rows":3506,"Actual Loops":1,"Output":["supplier.su_suppkey","supplier.su_nationkey","nation.n_name","nation.n_nationkey"],"Hash Cond":"(supplier.su_nationkey = nation.n_nationkey)","Shared Hit Blocks":219,"Shared Read Blocks":0,"Shared Dirtied Blocks":0,"Shared Written Blocks":0,"Local Hit Blocks":0,"Local Read Blocks":0,"Local Dirtied Blocks":0,"Local Written Blocks":0,"Temp Read Blocks":0,"Temp Written Blocks":0,"I/O Read Time":0.0,"I/O Write Time":0.0,"Temp I/O Read Time":0.0,"Temp I/O Write Time":0.0,"Plans":[{"Node Type":"Seq Scan","Parent Relationship":"Outer","Parallel Aware":false,"Async Capable":false,"Relation Name":"supplier","Schema":"public","Alias":"supplier","Startup Cost":0.0,"Total Cost":317.0,"Plan Rows":10000,"Plan Width":8,"Actual Startup Time":0.014,"Actual Total Time":0.831,"Actual Rows":10000,"Actual Loops":1,"Output":["supplier.su_suppkey","supplier.su_name","supplier.su_address","supplier.su_nationkey","supplier.su_phone","supplier.su_acctbal","supplier.su_comment"],"Shared Hit Blocks":217,"Shared Read Blocks":0,"Shared Dirtied Blocks":0,"Shared Written Blocks":0,"Local Hit Blocks":0,"Local Read Blocks":0,"Local Dirtied Blocks":0,"Local Written Blocks":0,"Temp Read Blocks":0,"Temp Written Blocks":0,"I/O Read Time":0.0,"I/O Write Time":0.0,"Temp I/O Read Time":0.0,"Temp I/O Write Time":0.0},{"Node Type":"Hash","Parent Relationship":"Inner","Parallel Aware":false,"Async Capable":false,"Startup Cost":2.99,"Total Cost":2.99,"Plan Rows":12,"Plan Width":12,"Actual Startup Time":0.043,"Actual Total Time":0.051,"Actual Rows":22,"Actual Loops":1,"Output":["nation.n_name","nation.n_nationkey"],"Hash Buckets":1024,"Original Hash Buckets":1024,"Hash Batches":1,"Original Hash Batches":1,"Peak Memory Usage":9,"Shared Hit Blocks":2,"Shared Read Blocks":0,"Shared Dirtied Blocks":0,"Shared Written Blocks":0,"Local Hit Blocks":0,"Local Read Blocks":0,"Local Dirtied Blocks":0,"Local Written Blocks":0,"Temp Read Blocks":0,"Temp Written Blocks":0,"I/O Read Time":0.0,"I/O Write Time":0.0,"Temp I/O Read Time":0.0,"Temp I/O Write Time":0.0,"Plans":[{"Node Type":"Hash Join","Parent Relationship":"Outer","Parallel Aware":false,"Async Capable":false,"Join Type":"Inner","Startup Cost":1.07,"Total Cost":2.99,"Plan Rows":12,"Plan Width":12,"Actual Startup Time":0.026,"Actual Total Time":0.043,"Actual Rows":22,"Actual Loops":1,"Output":["nation.n_name","nation.n_nationkey"],"Hash Cond":"(nation.n_regionkey = region.r_regionkey)","Shared Hit Blocks":2,"Shared Read Blocks":0,"Shared Dirtied Blocks":0,"Shared Written Blocks":0,"Local Hit Blocks":0,"Local Read Blocks":0,"Local Dirtied Blocks":0,"Local Written Blocks":0,"Temp Read Blocks":0,"Temp Written Blocks":0,"I/O Read Time":0.0,"I/O Write Time":0.0,"Temp I/O Read Time":0.0,"Temp I/O Write Time":0.0,"Plans":[{"Node Type":"Seq Scan","Parent Relationship":"Outer","Parallel Aware":false,"Async Capable":false,"Relation Name":"nation","Schema":"public","Alias":"nation","Startup Cost":0.0,"Total Cost":1.62,"Plan Rows":62,"Plan Width":16,"Actual Startup Time":0.006,"Actual Total Time":0.011,"Actual Rows":62,"Actual Loops":1,"Output":["nation.n_nationkey","nation.n_name","nation.n_regionkey","nation.n_comment"],"Shared Hit Blocks":1,"Shared Read Blocks":0,"Shared Dirtied Blocks":0,"Shared Written Blocks":0,"Local Hit Blocks":0,"Local Read Blocks":0,"Local Dirtied Blocks":0,"Local Written Blocks":0,"Temp Read Blocks":0,"Temp Written Blocks":0,"I/O Read Time":0.0,"I/O Write Time":0.0,"Temp I/O Read Time":0.0,"Temp I/O Write Time":0.0},{"Node Type":"Hash","Parent Relationship":"Inner","Parallel Aware":false,"Async Capable":false,"Startup Cost":1.06,"Total Cost":1.06,"Plan Rows":1,"Plan Width":4,"Actual Startup Time":0.01,"Actual Total Time":0.012,"Actual Rows":1,"Actual Loops":1,"Output":["region.r_regionkey"],"Hash Buckets":1024,"Original Hash Buckets":1024,"Hash Batches":1,"Original Hash Batches":1,"Peak Memory Usage":9,"Shared Hit Blocks":1,"Shared Read Blocks":0,"Shared Dirtied Blocks":0,"Shared Written Blocks":0,"Local Hit Blocks":0,"Local Read Blocks":0,"Local Dirtied Blocks":0,"Local Written Blocks":0,"Temp Read Blocks":0,"Temp Written Blocks":0,"I/O Read Time":0.0,"I/O Write Time":0.0,"Temp I/O Read Time":0.0,"Temp I/O Write Time":0.0,"Plans":[{"Node Type":"Seq Scan","Parent Relationship":"Outer","Parallel Aware":false,"Async Capable":false,"Relation Name":"region","Schema":"public","Alias":"region","Startup Cost":0.0,"Total Cost":1.06,"Plan Rows":1,"Plan Width":4,"Actual Startup Time":0.007,"Actual Total Time":0.008,"Actual Rows":1,"Actual Loops":1,"Output":["region.r_regionkey"],"Filter":"((region.r_name)::text = 'Europe'::text)","Rows Removed by Filter":4,"Shared Hit Blocks":1,"Shared Read Blocks":0,"Shared Dirtied Blocks":0,"Shared Written Blocks":0,"Local Hit Blocks":0,"Local Read Blocks":0,"Local Dirtied Blocks":0,"Local Written Blocks":0,"Temp Read Blocks":0,"Temp Written Blocks":0,"I/O Read Time":0.0,"I/O Write Time":0.0,"Temp I/O Read Time":0.0,"Temp I/O Write Time":0.0}]}]}]}]}]}]},{"Node Type":"Hash","Parent Relationship":"Inner","Parallel Aware":false,"Async Capable":false,"Startup Cost":65744.12,"Total Cost":65744.12,"Plan Rows":426549,"Plan Width":16,"Actual Startup Time":211.196,"Actual Total Time":211.199,"Actual Rows":428399,"Actual Loops":1,"Output":["orders.o_c_id","orders.o_w_id","orders.o_d_id","orders.o_id"],"Hash Buckets":262144,"Original Hash Buckets":262144,"Hash Batches":4,"Original Hash Batches":4,"Peak Memory Usage":7080,"Shared Hit Blocks":0,"Shared Read Blocks":0,"Shared Dirtied Blocks":0,"Shared Written Blocks":0,"Local Hit Blocks":0,"Local Read Blocks":0,"Local Dirtied Blocks":0,"Local Written Blocks":0,"Temp Read Blocks":0,"Temp Written Blocks":1410,"I/O Read Time":0.0,"I/O Write Time":0.0,"Temp I/O Read Time":0.0,"Temp I/O Write Time":6.0,"Plans":[{"Node Type":"Append","Parent Relationship":"Outer","Parallel Aware":false,"Async Capable":false,"Startup Cost":20.0,"Total Cost":65744.12,"Plan Rows":426549,"Plan Width":16,"Actual Startup Time":0.503,"Actual Total Time":106.633,"Actual Rows":428399,"Actual Loops":1,"Shared Hit Blocks":0,"Shared Read Blocks":0,"Shared Dirtied Blocks":0,"Shared Written Blocks":0,"Local Hit Blocks":0,"Local Read Blocks":0,"Local Dirtied Blocks":0,"Local Written Blocks":0,"Temp Read Blocks":0,"Temp Written Blocks":0,"I/O Read Time":0.0,"I/O Write Time":0.0,"Temp I/O Read Time":0.0,"Temp I/O Write Time":0.0,"Subplans Removed":0,"Plans":[{"Node Type":"Custom Scan","Parent Relationship":"Member","Custom Plan Provider":"columnar scan","Parallel Aware":false,"Async Capable":false,"Relation Name":"orders","Schema":"public","Alias":"orders","Startup Cost":20.0,"Total Cost":10043.96,"Plan Rows":426548,"Plan Width":16,"Actual Startup Time":0.501,"Actual Total Time":74.67,"Actual Rows":428399,"Actual Loops":1,"Output":["orders.o_c_id","orders.o_w_id","orders.o_d_id","orders.o_id"],"Filter":"((orders.o_entry_d < '1994-01-02 20:10:02.27764'::timestamp without time zone) AND (orders.o_entry_d >= '1993-01-02 20:10:02.27764'::timestamp without time zone))","Rows Removed by Filter":0,"Rows Removed by Columnar Filter":2571601,"Columnar cache search mode":"native","Shared Hit Blocks":0,"Shared Read Blocks":0,"Shared Dirtied Blocks":0,"Shared Written Blocks":0,"Local Hit Blocks":0,"Local Read Blocks":0,"Local Dirtied Blocks":0,"Local Written Blocks":0,"Temp Read Blocks":0,"Temp Written Blocks":0,"I/O Read Time":0.0,"I/O Write Time":0.0,"Temp I/O Read Time":0.0,"Temp I/O Write Time":0.0},{"Node Type":"Seq Scan","Parent Relationship":"Member","Parallel Aware":false,"Async Capable":false,"Relation Name":"orders","Schema":"public","Alias":"orders","Startup Cost":0.0,"Total Cost":4.01,"Plan Rows":1,"Plan Width":16,"Actual Startup Time":0.0,"Actual Total Time":0.0,"Actual Rows":0,"Actual Loops":0,"Output":["orders.o_c_id","orders.o_w_id","orders.o_d_id","orders.o_id"],"Filter":"((orders.o_entry_d < '1994-01-02 20:10:02.27764'::timestamp without time zone) AND (orders.o_entry_d >= '1993-01-02 20:10:02.27764'::timestamp without time zone))","Rows Removed by Filter":0,"Shared Hit Blocks":0,"Shared Read Blocks":0,"Shared Dirtied Blocks":0,"Shared Written Blocks":0,"Local Hit Blocks":0,"Local Read Blocks":0,"Local Dirtied Blocks":0,"Local Written Blocks":0,"Temp Read Blocks":0,"Temp Written Blocks":0,"I/O Read Time":0.0,"I/O Write Time":0.0,"Temp I/O Read Time":0.0,"Temp I/O Write Time":0.0}]}]}]},{"Node Type":"Hash","Parent Relationship":"Inner","Parallel Aware":false,"Async Capable":false,"Startup Cost":259601.38,"Total Cost":259601.38,"Plan Rows":2999738,"Plan Width":12,"Actual Startup Time":1176.678,"Actual Total Time":1176.679,"Actual Rows":3000000,"Actual Loops":1,"Output":["customer.c_id","customer.c_w_id","customer.c_d_id","customer.c_nationkey"],"Hash Buckets":262144,"Original Hash Buckets":262144,"Hash Batches":32,"Original Hash Batches":32,"Peak Memory Usage":6058,"Shared Hit Blocks":229604,"Shared Read Blocks":0,"Shared Dirtied Blocks":0,"Shared Written Blocks":0,"Local Hit Blocks":0,"Local Read Blocks":0,"Local Dirtied Blocks":0,"Local Written Blocks":0,"Temp Read Blocks":0,"Temp Written Blocks":11339,"I/O Read Time":0.0,"I/O Write Time":0.0,"Temp I/O Read Time":0.0,"Temp I/O Write Time":54.958,"Plans":[{"Node Type":"Seq Scan","Parent Relationship":"Outer","Parallel Aware":false,"Async Capable":false,"Relation Name":"customer","Schema":"public","Alias":"customer","Startup Cost":0.0,"Total Cost":259601.38,"Plan Rows":2999738,"Plan Width":12,"Actual Startup Time":0.028,"Actual Total Time":655.253,"Actual Rows":3000000,"Actual Loops":1,"Output":["customer.c_id","customer.c_w_id","customer.c_d_id","customer.c_nationkey"],"Shared Hit Blocks":229604,"Shared Read Blocks":0,"Shared Dirtied Blocks":0,"Shared Written Blocks":0,"Local Hit Blocks":0,"Local Read Blocks":0,"Local Dirtied Blocks":0,"Local Written Blocks":0,"Temp Read Blocks":0,"Temp Written Blocks":0,"I/O Read Time":0.0,"I/O Write Time":0.0,"Temp I/O Read Time":0.0,"Temp I/O Write Time":0.0}]}]}]}]}]},"Planning":{"Shared Hit Blocks":16,"Shared Read Blocks":0,"Shared Dirtied Blocks":0,"Shared Written Blocks":0,"Local Hit Blocks":0,"Local Read Blocks":0,"Local Dirtied Blocks":0,"Local Written Blocks":0,"Temp Read Blocks":0,"Temp Written Blocks":0,"I/O Read Time":0.0,"I/O Write Time":0.0,"Temp I/O Read Time":0.0,"Temp I/O Write Time":0.0},"Planning Time":5.117,"Triggers":[],"Execution Time":5123.513}]
[列存组合]: nation, order_line, orders, supplier
[{"Plan":{"Node Type":"Sort","Parallel Aware":false,"Async Capable":false,"Startup Cost":2001735.39,"Total Cost":2001735.55,"Plan Rows":62,"Plan Width":40,"Actual Startup Time":10217.22,"Actual Total Time":10217.251,"Actual Rows":11,"Actual Loops":1,"Output":["nation.n_name","(sum(order_line.ol_amount))"],"Sort Key":["(sum(order_line.ol_amount)) DESC"],"Sort Method":"quicksort","Sort Space Used":25,"Sort Space Type":"Memory","Shared Hit Blocks":256944,"Shared Read Blocks":0,"Shared Dirtied Blocks":0,"Shared Written Blocks":0,"Local Hit Blocks":0,"Local Read Blocks":0,"Local Dirtied Blocks":0,"Local Written Blocks":0,"Temp Read Blocks":62236,"Temp Written Blocks":62263,"I/O Read Time":0.0,"I/O Write Time":0.0,"Temp I/O Read Time":100.274,"Temp I/O Write Time":250.221,"Plans":[{"Node Type":"Aggregate","Strategy":"Sorted","Partial Mode":"Simple","Parent Relationship":"Outer","Parallel Aware":false,"Async Capable":false,"Startup Cost":2001659.61,"Total Cost":2001733.55,"Plan Rows":62,"Plan Width":40,"Actual Startup Time":10214.344,"Actual Total Time":10217.234,"Actual Rows":11,"Actual Loops":1,"Output":["nation.n_name","sum(order_line.ol_amount)"],"Group Key":["nation.n_name"],"Shared Hit Blocks":256944,"Shared Read Blocks":0,"Shared Dirtied Blocks":0,"Shared Written Blocks":0,"Local Hit Blocks":0,"Local Read Blocks":0,"Local Dirtied Blocks":0,"Local Written Blocks":0,"Temp Read Blocks":62236,"Temp Written Blocks":62263,"I/O Read Time":0.0,"I/O Write Time":0.0,"Temp I/O Read Time":100.274,"Temp I/O Write Time":250.221,"Plans":[{"Node Type":"Sort","Parent Relationship":"Outer","Parallel Aware":false,"Async Capable":false,"Startup Cost":2001659.61,"Total Cost":2001684.0,"Plan Rows":9755,"Plan Width":12,"Actual Startup Time":10214.132,"Actual Total Time":10214.948,"Actual Rows":17493,"Actual Loops":1,"Output":["nation.n_name","order_line.ol_amount"],"Sort Key":["nation.n_name"],"Sort Method":"quicksort","Sort Space Used":1725,"Sort Space Type":"Memory","Shared Hit Blocks":256944,"Shared Read Blocks":0,"Shared Dirtied Blocks":0,"Shared Written Blocks":0,"Local Hit Blocks":0,"Local Read Blocks":0,"Local Dirtied Blocks":0,"Local Written Blocks":0,"Temp Read Blocks":62236,"Temp Written Blocks":62263,"I/O Read Time":0.0,"I/O Write Time":0.0,"Temp I/O Read Time":100.274,"Temp I/O Write Time":250.221,"Plans":[{"Node Type":"Hash Join","Parent Relationship":"Outer","Parallel Aware":false,"Async Capable":false,"Join Type":"Inner","Startup Cost":1677516.34,"Total Cost":2001013.25,"Plan Rows":9755,"Plan Width":12,"Actual Startup Time":8359.593,"Actual Total Time":10205.147,"Actual Rows":17493,"Actual Loops":1,"Output":["nation.n_name","order_line.ol_amount"],"Inner Unique":true,"Hash Cond":"((mod((stock.s_w_id * stock.s_i_id), 10000) = supplier.su_suppkey) AND (customer.c_nationkey = supplier.su_nationkey))","Shared Hit Blocks":256944,"Shared Read Blocks":0,"Shared Dirtied Blocks":0,"Shared Written Blocks":0,"Local Hit Blocks":0,"Local Read Blocks":0,"Local Dirtied Blocks":0,"Local Written Blocks":0,"Temp Read Blocks":62236,"Temp Written Blocks":62263,"I/O Read Time":0.0,"I/O Write Time":0.0,"Temp I/O Read Time":100.274,"Temp I/O Write Time":250.221,"Plans":[{"Node Type":"Merge Join","Parent Relationship":"Outer","Parallel Aware":false,"Async Capable":false,"Join Type":"Inner","Startup Cost":1677147.31,"Total Cost":1997329.09,"Plan Rows":602749,"Plan Width":26,"Actual Startup Time":8356.077,"Actual Total Time":10062.47,"Actual Rows":1109507,"Actual Loops":1,"Output":["customer.c_nationkey","order_line.ol_amount","stock.s_w_id","stock.s_i_id","nation.n_name","nation.n_nationkey"],"Inner Unique":true,"Merge Cond":"((customer.c_w_id = stock.s_w_id) AND (order_line.ol_i_id = stock.s_i_id))","Shared Hit Blocks":256944,"Shared Read Blocks":0,"Shared Dirtied Blocks":0,"Shared Written Blocks":0,"Local Hit Blocks":0,"Local Read Blocks":0,"Local Dirtied Blocks":0,"Local Written Blocks":0,"Temp Read Blocks":62236,"Temp Written Blocks":62263,"I/O Read Time":0.0,"I/O Write Time":0.0,"Temp I/O Read Time":100.274,"Temp I/O Write Time":250.221,"Plans":[{"Node Type":"Sort","Parent Relationship":"Outer","Parallel Aware":false,"Async Capable":false,"Startup Cost":1677146.88,"Total Cost":1678634.56,"Plan Rows":595073,"Plan Width":30,"Actual Startup Time":8356.012,"Actual Total Time":8535.089,"Actual Rows":1109507,"Actual Loops":1,"Output":["customer.c_w_id","customer.c_nationkey","orders.o_w_id","order_line.ol_amount","order_line.ol_w_id","order_line.ol_i_id","nation.n_name","nation.n_nationkey"],"Sort Key":["customer.c_w_id","order_line.ol_i_id"],"Sort Method":"external merge","Sort Space Used":47304,"Sort Space Type":"Disk","Shared Hit Blocks":229606,"Shared Read Blocks":0,"Shared Dirtied Blocks":0,"Shared Written Blocks":0,"Local Hit Blocks":0,"Local Read Blocks":0,"Local Dirtied Blocks":0,"Local Written Blocks":0,"Temp Read Blocks":62236,"Temp Written Blocks":62263,"I/O Read Time":0.0,"I/O Write Time":0.0,"Temp I/O Read Time":100.274,"Temp I/O Write Time":250.221,"Plans":[{"Node Type":"Hash Join","Parent Relationship":"Outer","Parallel Aware":false,"Async Capable":false,"Join Type":"Inner","Startup Cost":402059.66,"Total Cost":1605833.32,"Plan Rows":595073,"Plan Width":30,"Actual Startup Time":1407.151,"Actual Total Time":6969.596,"Actual Rows":1109507,"Actual Loops":1,"Output":["customer.c_w_id","customer.c_nationkey","orders.o_w_id","order_line.ol_amount","order_line.ol_w_id","order_line.ol_i_id","nation.n_name","nation.n_nationkey"],"Inner Unique":false,"Hash Cond":"(customer.c_nationkey = nation.n_nationkey)","Shared Hit Blocks":229606,"Shared Read Blocks":0,"Shared Dirtied Blocks":0,"Shared Written Blocks":0,"Local Hit Blocks":0,"Local Read Blocks":0,"Local Dirtied Blocks":0,"Local Written Blocks":0,"Temp Read Blocks":50419,"Temp Written Blocks":50419,"I/O Read Time":0.0,"I/O Write Time":0.0,"Temp I/O Read Time":82.246,"Temp I/O Write Time":218.888,"Plans":[{"Node Type":"Hash Join","Parent Relationship":"Outer","Parallel Aware":false,"Async Capable":false,"Join Type":"Inner","Startup Cost":402056.52,"Total Cost":1588913.78,"Plan Rows":2975367,"Plan Width":18,"Actual Startup Time":1400.061,"Actual Total Time":6550.783,"Actual Rows":4284922,"Actual Loops":1,"Output":["customer.c_w_id","customer.c_nationkey","orders.o_w_id","order_line.ol_amount","order_line.ol_w_id","order_line.ol_i_id"],"Inner Unique":true,"Hash Cond":"((orders.o_c_id = customer.c_id) AND (orders.o_w_id = customer.c_w_id) AND (orders.o_d_id = customer.c_d_id))","Shared Hit Blocks":229604,"Shared Read Blocks":0,"Shared Dirtied Blocks":0,"Shared Written Blocks":0,"Local Hit Blocks":0,"Local Read Blocks":0,"Local Dirtied Blocks":0,"Local Written Blocks":0,"Temp Read Blocks":50419,"Temp Written Blocks":50419,"I/O Read Time":0.0,"I/O Write Time":0.0,"Temp I/O Read Time":82.246,"Temp I/O Write Time":218.888,"Plans":[{"Node Type":"Hash Join","Parent Relationship":"Outer","Parallel Aware":false,"Async Capable":false,"Join Type":"Inner","Startup Cost":75311.73,"Total Cost":1189221.96,"Plan Rows":2975367,"Plan Width":20,"Actual Startup Time":213.088,"Actual Total Time":3225.377,"Actual Rows":4284922,"Actual Loops":1,"Output":["orders.o_c_id","orders.o_w_id","orders.o_d_id","order_line.ol_amount","order_line.ol_w_id","order_line.ol_d_id","order_line.ol_i_id"],"Inner Unique":true,"Hash Cond":"((order_line.ol_w_id = orders.o_w_id) AND (order_line.ol_d_id = orders.o_d_id) AND (order_line.ol_o_id = orders.o_id))","Shared Hit Blocks":0,"Shared Read Blocks":0,"Shared Dirtied Blocks":0,"Shared Written Blocks":0,"Local Hit Blocks":0,"Local Read Blocks":0,"Local Dirtied Blocks":0,"Local Written Blocks":0,"Temp Read Blocks":18772,"Temp Written Blocks":18772,"I/O Read Time":0.0,"I/O Write Time":0.0,"Temp I/O Read Time":31.386,"Temp I/O Write Time":75.408,"Plans":[{"Node Type":"Append","Parent Relationship":"Outer","Parallel Aware":false,"Async Capable":false,"Startup Cost":20.0,"Total Cost":701820.0,"Plan Rows":20926367,"Plan Width":20,"Actual Startup Time":1.359,"Actual Total Time":1289.74,"Actual Rows":4311079,"Actual Loops":1,"Shared Hit Blocks":0,"Shared Read Blocks":0,"Shared Dirtied Blocks":0,"Shared Written Blocks":0,"Local Hit Blocks":0,"Local Read Blocks":0,"Local Dirtied Blocks":0,"Local Written Blocks":0,"Temp Read Blocks":0,"Temp Written Blocks":0,"I/O Read Time":0.0,"I/O Write Time":0.0,"Temp I/O Read Time":0.0,"Temp I/O Write Time":0.0,"Subplans Removed":0,"Plans":[{"Node Type":"Custom Scan","Parent Relationship":"Member","Custom Plan Provider":"columnar scan","Parallel Aware":false,"Async Capable":false,"Relation Name":"order_line","Schema":"public","Alias":"order_line","Startup Cost":20.0,"Total Cost":533641.75,"Plan Rows":20926325,"Plan Width":20,"Actual Startup Time":1.358,"Actual Total Time":988.309,"Actual Rows":4311079,"Actual Loops":1,"Output":["order_line.ol_amount","order_line.ol_o_id","order_line.ol_w_id","order_line.ol_d_id","order_line.ol_i_id"],"Filter":"(order_line.ol_delivery_d >= '1992-01-02 20:10:02.27764'::timestamp without time zone)","Rows Removed by Filter":0,"Rows Removed by Columnar Filter":25686653,"Rows Filtered by Bloom Filter":0,"Dictionary Rows Filtered by Bloom Filter":25686653,"Columnar cache search mode":"native","Shared Hit Blocks":0,"Shared Read Blocks":0,"Shared Dirtied Blocks":0,"Shared Written Blocks":0,"Local Hit Blocks":0,"Local Read Blocks":0,"Local Dirtied Blocks":0,"Local Written Blocks":0,"Temp Read Blocks":0,"Temp Written Blocks":0,"I/O Read Time":0.0,"I/O Write Time":0.0,"Temp I/O Read Time":0.0,"Temp I/O Write Time":0.0},{"Node Type":"Seq Scan","Parent Relationship":"Member","Parallel Aware":false,"Async Capable":false,"Relation Name":"order_line","Schema":"public","Alias":"order_line","Startup Cost":0.0,"Total Cost":4.75,"Plan Rows":42,"Plan Width":20,"Actual Startup Time":0.0,"Actual Total Time":0.0,"Actual Rows":0,"Actual Loops":0,"Output":["order_line.ol_amount","order_line.ol_o_id","order_line.ol_w_id","order_line.ol_d_id","order_line.ol_i_id"],"Filter":"(order_line.ol_delivery_d >= '1992-01-02 20:10:02.27764'::timestamp without time zone)","Rows Removed by Filter":0,"Shared Hit Blocks":0,"Shared Read Blocks":0,"Shared Dirtied Blocks":0,"Shared Written Blocks":0,"Local Hit Blocks":0,"Local Read Blocks":0,"Local Dirtied Blocks":0,"Local Written Blocks":0,"Temp Read Blocks":0,"Temp Written Blocks":0,"I/O Read Time":0.0,"I/O Write Time":0.0,"Temp I/O Read Time":0.0,"Temp I/O Write Time":0.0}]},{"Node Type":"Hash","Parent Relationship":"Inner","Parallel Aware":false,"Async Capable":false,"Startup Cost":65744.12,"Total Cost":65744.12,"Plan Rows":426549,"Plan Width":16,"Actual Startup Time":210.747,"Actual Total Time":210.753,"Actual Rows":428399,"Actual Loops":1,"Output":["orders.o_c_id","orders.o_w_id","orders.o_d_id","orders.o_id"],"Hash Buckets":262144,"Original Hash Buckets":262144,"Hash Batches":4,"Original Hash Batches":4,"Peak Memory Usage":7080,"Shared Hit Blocks":0,"Shared Read Blocks":0,"Shared Dirtied Blocks":0,"Shared Written Blocks":0,"Local Hit Blocks":0,"Local Read Blocks":0,"Local Dirtied Blocks":0,"Local Written Blocks":0,"Temp Read Blocks":0,"Temp Written Blocks":1410,"I/O Read Time":0.0,"I/O Write Time":0.0,"Temp I/O Read Time":0.0,"Temp I/O Write Time":5.603,"Plans":[{"Node Type":"Append","Parent Relationship":"Outer","Parallel Aware":false,"Async Capable":false,"Startup Cost":20.0,"Total Cost":65744.12,"Plan Rows":426549,"Plan Width":16,"Actual Startup Time":0.506,"Actual Total Time":107.364,"Actual Rows":428399,"Actual Loops":1,"Shared Hit Blocks":0,"Shared Read Blocks":0,"Shared Dirtied Blocks":0,"Shared Written Blocks":0,"Local Hit Blocks":0,"Local Read Blocks":0,"Local Dirtied Blocks":0,"Local Written Blocks":0,"Temp Read Blocks":0,"Temp Written Blocks":0,"I/O Read Time":0.0,"I/O Write Time":0.0,"Temp I/O Read Time":0.0,"Temp I/O Write Time":0.0,"Subplans Removed":0,"Plans":[{"Node Type":"Custom Scan","Parent Relationship":"Member","Custom Plan Provider":"columnar scan","Parallel Aware":false,"Async Capable":false,"Relation Name":"orders","Schema":"public","Alias":"orders","Startup Cost":20.0,"Total Cost":10043.96,"Plan Rows":426548,"Plan Width":16,"Actual Startup Time":0.505,"Actual Total Time":74.976,"Actual Rows":428399,"Actual Loops":1,"Output":["orders.o_c_id","orders.o_w_id","orders.o_d_id","orders.o_id"],"Filter":"((orders.o_entry_d < '1994-01-02 20:10:02.27764'::timestamp without time zone) AND (orders.o_entry_d >= '1993-01-02 20:10:02.27764'::timestamp without time zone))","Rows Removed by Filter":0,"Rows Removed by Columnar Filter":2571601,"Columnar cache search mode":"native","Shared Hit Blocks":0,"Shared Read Blocks":0,"Shared Dirtied Blocks":0,"Shared Written Blocks":0,"Local Hit Blocks":0,"Local Read Blocks":0,"Local Dirtied Blocks":0,"Local Written Blocks":0,"Temp Read Blocks":0,"Temp Written Blocks":0,"I/O Read Time":0.0,"I/O Write Time":0.0,"Temp I/O Read Time":0.0,"Temp I/O Write Time":0.0},{"Node Type":"Seq Scan","Parent Relationship":"Member","Parallel Aware":false,"Async Capable":false,"Relation Name":"orders","Schema":"public","Alias":"orders","Startup Cost":0.0,"Total Cost":4.01,"Plan Rows":1,"Plan Width":16,"Actual Startup Time":0.0,"Actual Total Time":0.0,"Actual Rows":0,"Actual Loops":0,"Output":["orders.o_c_id","orders.o_w_id","orders.o_d_id","orders.o_id"],"Filter":"((orders.o_entry_d < '1994-01-02 20:10:02.27764'::timestamp without time zone) AND (orders.o_entry_d >= '1993-01-02 20:10:02.27764'::timestamp without time zone))","Rows Removed by Filter":0,"Shared Hit Blocks":0,"Shared Read Blocks":0,"Shared Dirtied Blocks":0,"Shared Written Blocks":0,"Local Hit Blocks":0,"Local Read Blocks":0,"Local Dirtied Blocks":0,"Local Written Blocks":0,"Temp Read Blocks":0,"Temp Written Blocks":0,"I/O Read Time":0.0,"I/O Write Time":0.0,"Temp I/O Read Time":0.0,"Temp I/O Write Time":0.0}]}]}]},{"Node Type":"Hash","Parent Relationship":"Inner","Parallel Aware":false,"Async Capable":false,"Startup Cost":259601.38,"Total Cost":259601.38,"Plan Rows":2999738,"Plan Width":12,"Actual Startup Time":1185.145,"Actual Total Time":1185.147,"Actual Rows":3000000,"Actual Loops":1,"Output":["customer.c_id","customer.c_w_id","customer.c_d_id","customer.c_nationkey"],"Hash Buckets":262144,"Original Hash Buckets":262144,"Hash Batches":32,"Original Hash Batches":32,"Peak Memory Usage":6090,"Shared Hit Blocks":229604,"Shared Read Blocks":0,"Shared Dirtied Blocks":0,"Shared Written Blocks":0,"Local Hit Blocks":0,"Local Read Blocks":0,"Local Dirtied Blocks":0,"Local Written Blocks":0,"Temp Read Blocks":0,"Temp Written Blocks":11335,"I/O Read Time":0.0,"I/O Write Time":0.0,"Temp I/O Read Time":0.0,"Temp I/O Write Time":52.47,"Plans":[{"Node Type":"Seq Scan","Parent Relationship":"Outer","Parallel Aware":false,"Async Capable":false,"Relation Name":"customer","Schema":"public","Alias":"customer","Startup Cost":0.0,"Total Cost":259601.38,"Plan Rows":2999738,"Plan Width":12,"Actual Startup Time":0.009,"Actual Total Time":674.178,"Actual Rows":3000000,"Actual Loops":1,"Output":["customer.c_id","customer.c_w_id","customer.c_d_id","customer.c_nationkey"],"Shared Hit Blocks":229604,"Shared Read Blocks":0,"Shared Dirtied Blocks":0,"Shared Written Blocks":0,"Local Hit Blocks":0,"Local Read Blocks":0,"Local Dirtied Blocks":0,"Local Written Blocks":0,"Temp Read Blocks":0,"Temp Written Blocks":0,"I/O Read Time":0.0,"I/O Write Time":0.0,"Temp I/O Read Time":0.0,"Temp I/O Write Time":0.0}]}]},{"Node Type":"Hash","Parent Relationship":"Inner","Parallel Aware":false,"Async Capable":false,"Startup Cost":2.99,"Total Cost":2.99,"Plan Rows":12,"Plan Width":12,"Actual Startup Time":0.041,"Actual Total Time":0.046,"Actual Rows":22,"Actual Loops":1,"Output":["nation.n_name","nation.n_nationkey"],"Hash Buckets":1024,"Original Hash Buckets":1024,"Hash Batches":1,"Original Hash Batches":1,"Peak Memory Usage":9,"Shared Hit Blocks":2,"Shared Read Blocks":0,"Shared Dirtied Blocks":0,"Shared Written Blocks":0,"Local Hit Blocks":0,"Local Read Blocks":0,"Local Dirtied Blocks":0,"Local Written Blocks":0,"Temp Read Blocks":0,"Temp Written Blocks":0,"I/O Read Time":0.0,"I/O Write Time":0.0,"Temp I/O Read Time":0.0,"Temp I/O Write Time":0.0,"Plans":[{"Node Type":"Hash Join","Parent Relationship":"Outer","Parallel Aware":false,"Async Capable":false,"Join Type":"Inner","Startup Cost":1.07,"Total Cost":2.99,"Plan Rows":12,"Plan Width":12,"Actual Startup Time":0.024,"Actual Total Time":0.041,"Actual Rows":22,"Actual Loops":1,"Output":["nation.n_name","nation.n_nationkey"],"Inner Unique":true,"Hash Cond":"(nation.n_regionkey = region.r_regionkey)","Shared Hit Blocks":2,"Shared Read Blocks":0,"Shared Dirtied Blocks":0,"Shared Written Blocks":0,"Local Hit Blocks":0,"Local Read Blocks":0,"Local Dirtied Blocks":0,"Local Written Blocks":0,"Temp Read Blocks":0,"Temp Written Blocks":0,"I/O Read Time":0.0,"I/O Write Time":0.0,"Temp I/O Read Time":0.0,"Temp I/O Write Time":0.0,"Plans":[{"Node Type":"Seq Scan","Parent Relationship":"Outer","Parallel Aware":false,"Async Capable":false,"Relation Name":"nation","Schema":"public","Alias":"nation","Startup Cost":0.0,"Total Cost":1.62,"Plan Rows":62,"Plan Width":16,"Actual Startup Time":0.006,"Actual Total Time":0.01,"Actual Rows":62,"Actual Loops":1,"Output":["nation.n_nationkey","nation.n_name","nation.n_regionkey","nation.n_comment"],"Shared Hit Blocks":1,"Shared Read Blocks":0,"Shared Dirtied Blocks":0,"Shared Written Blocks":0,"Local Hit Blocks":0,"Local Read Blocks":0,"Local Dirtied Blocks":0,"Local Written Blocks":0,"Temp Read Blocks":0,"Temp Written Blocks":0,"I/O Read Time":0.0,"I/O Write Time":0.0,"Temp I/O Read Time":0.0,"Temp I/O Write Time":0.0},{"Node Type":"Hash","Parent Relationship":"Inner","Parallel Aware":false,"Async Capable":false,"Startup Cost":1.06,"Total Cost":1.06,"Plan Rows":1,"Plan Width":4,"Actual Startup Time":0.007,"Actual Total Time":0.009,"Actual Rows":1,"Actual Loops":1,"Output":["region.r_regionkey"],"Hash Buckets":1024,"Original Hash Buckets":1024,"Hash Batches":1,"Original Hash Batches":1,"Peak Memory Usage":9,"Shared Hit Blocks":1,"Shared Read Blocks":0,"Shared Dirtied Blocks":0,"Shared Written Blocks":0,"Local Hit Blocks":0,"Local Read Blocks":0,"Local Dirtied Blocks":0,"Local Written Blocks":0,"Temp Read Blocks":0,"Temp Written Blocks":0,"I/O Read Time":0.0,"I/O Write Time":0.0,"Temp I/O Read Time":0.0,"Temp I/O Write Time":0.0,"Plans":[{"Node Type":"Seq Scan","Parent Relationship":"Outer","Parallel Aware":false,"Async Capable":false,"Relation Name":"region","Schema":"public","Alias":"region","Startup Cost":0.0,"Total Cost":1.06,"Plan Rows":1,"Plan Width":4,"Actual Startup Time":0.006,"Actual Total Time":0.006,"Actual Rows":1,"Actual Loops":1,"Output":["region.r_regionkey"],"Filter":"((region.r_name)::text = 'Europe'::text)","Rows Removed by Filter":4,"Shared Hit Blocks":1,"Shared Read Blocks":0,"Shared Dirtied Blocks":0,"Shared Written Blocks":0,"Local Hit Blocks":0,"Local Read Blocks":0,"Local Dirtied Blocks":0,"Local Written Blocks":0,"Temp Read Blocks":0,"Temp Written Blocks":0,"I/O Read Time":0.0,"I/O Write Time":0.0,"Temp I/O Read Time":0.0,"Temp I/O Write Time":0.0}]}]}]}]}]},{"Node Type":"Index Only Scan","Parent Relationship":"Inner","Parallel Aware":false,"Async Capable":false,"Scan Direction":"Forward","Index Name":"stock_pk","Relation Name":"stock","Schema":"public","Alias":"stock","Startup Cost":0.43,"Total Cost":259690.86,"Plan Rows":10000162,"Plan Width":6,"Actual Startup Time":0.049,"Actual Total Time":721.88,"Actual Rows":9999996,"Actual Loops":1,"Output":["stock.s_w_id","stock.s_i_id"],"Heap Fetches":0,"Shared Hit Blocks":27338,"Shared Read Blocks":0,"Shared Dirtied Blocks":0,"Shared Written Blocks":0,"Local Hit Blocks":0,"Local Read Blocks":0,"Local Dirtied Blocks":0,"Local Written Blocks":0,"Temp Read Blocks":0,"Temp Written Blocks":0,"I/O Read Time":0.0,"I/O Write Time":0.0,"Temp I/O Read Time":0.0,"Temp I/O Write Time":0.0}]},{"Node Type":"Hash","Parent Relationship":"Inner","Parallel Aware":false,"Async Capable":false,"Startup Cost":219.01,"Total Cost":219.01,"Plan Rows":10001,"Plan Width":8,"Actual Startup Time":3.093,"Actual Total Time":3.095,"Actual Rows":10000,"Actual Loops":1,"Output":["supplier.su_suppkey","supplier.su_nationkey"],"Hash Buckets":16384,"Original Hash Buckets":16384,"Hash Batches":1,"Original Hash Batches":1,"Peak Memory Usage":519,"Shared Hit Blocks":0,"Shared Read Blocks":0,"Shared Dirtied Blocks":0,"Shared Written Blocks":0,"Local Hit Blocks":0,"Local Read Blocks":0,"Local Dirtied Blocks":0,"Local Written Blocks":0,"Temp Read Blocks":0,"Temp Written Blocks":0,"I/O Read Time":0.0,"I/O Write Time":0.0,"Temp I/O Read Time":0.0,"Temp I/O Write Time":0.0,"Plans":[{"Node Type":"Append","Parent Relationship":"Outer","Parallel Aware":false,"Async Capable":false,"Startup Cost":20.0,"Total Cost":219.01,"Plan Rows":10001,"Plan Width":8,"Actual Startup Time":0.014,"Actual Total Time":1.78,"Actual Rows":10000,"Actual Loops":1,"Shared Hit Blocks":0,"Shared Read Blocks":0,"Shared Dirtied Blocks":0,"Shared Written Blocks":0,"Local Hit Blocks":0,"Local Read Blocks":0,"Local Dirtied Blocks":0,"Local Written Blocks":0,"Temp Read Blocks":0,"Temp Written Blocks":0,"I/O Read Time":0.0,"I/O Write Time":0.0,"Temp I/O Read Time":0.0,"Temp I/O Write Time":0.0,"Subplans Removed":0,"Plans":[{"Node Type":"Custom Scan","Parent Relationship":"Member","Custom Plan Provider":"columnar scan","Parallel Aware":false,"Async Capable":false,"Relation Name":"supplier","Schema":"public","Alias":"supplier","Startup Cost":20.0,"Total Cost":215.0,"Plan Rows":10000,"Plan Width":8,"Actual Startup Time":0.012,"Actual Total Time":1.073,"Actual Rows":10000,"Actual Loops":1,"Output":["supplier.su_suppkey","supplier.su_nationkey"],"Rows Removed by Columnar Filter":0,"Columnar cache search mode":"native","Shared Hit Blocks":0,"Shared Read Blocks":0,"Shared Dirtied Blocks":0,"Shared Written Blocks":0,"Local Hit Blocks":0,"Local Read Blocks":0,"Local Dirtied Blocks":0,"Local Written Blocks":0,"Temp Read Blocks":0,"Temp Written Blocks":0,"I/O Read Time":0.0,"I/O Write Time":0.0,"Temp I/O Read Time":0.0,"Temp I/O Write Time":0.0},{"Node Type":"Seq Scan","Parent Relationship":"Member","Parallel Aware":false,"Async Capable":false,"Relation Name":"supplier","Schema":"public","Alias":"supplier","Startup Cost":0.0,"Total Cost":4.01,"Plan Rows":1,"Plan Width":8,"Actual Startup Time":0.0,"Actual Total Time":0.0,"Actual Rows":0,"Actual Loops":0,"Output":["supplier.su_suppkey","supplier.su_nationkey"],"Shared Hit Blocks":0,"Shared Read Blocks":0,"Shared Dirtied Blocks":0,"Shared Written Blocks":0,"Local Hit Blocks":0,"Local Read Blocks":0,"Local Dirtied Blocks":0,"Local Written Blocks":0,"Temp Read Blocks":0,"Temp Written Blocks":0,"I/O Read Time":0.0,"I/O Write Time":0.0,"Temp I/O Read Time":0.0,"Temp I/O Write Time":0.0}]}]}]}]}]}]},"Planning":{"Shared Hit Blocks":16,"Shared Read Blocks":0,"Shared Dirtied Blocks":0,"Shared Written Blocks":0,"Local Hit Blocks":0,"Local Read Blocks":0,"Local Dirtied Blocks":0,"Local Written Blocks":0,"Temp Read Blocks":0,"Temp Written Blocks":0,"I/O Read Time":0.0,"I/O Write Time":0.0,"Temp I/O Read Time":0.0,"Temp I/O Write Time":0.0},"Planning Time":4.791,"Triggers":[],"Execution Time":10225.514}]
[列存组合]: nation, order_line, region, stock
[{"Plan":{"Node Type":"Sort","Parallel Aware":false,"Async Capable":false,"Startup Cost":1200105.08,"Total Cost":1200105.24,"Plan Rows":62,"Plan Width":40,"Actual Startup Time":5253.643,"Actual Total Time":5253.662,"Actual Rows":11,"Actual Loops":1,"Output":["nation.n_name","(sum(order_line.ol_amount))"],"Sort Key":["(sum(order_line.ol_amount)) DESC"],"Sort Method":"quicksort","Sort Space Used":25,"Sort Space Type":"Memory","Shared Hit Blocks":251882,"Shared Read Blocks":0,"Shared Dirtied Blocks":0,"Shared Written Blocks":0,"Local Hit Blocks":0,"Local Read Blocks":0,"Local Dirtied Blocks":0,"Local Written Blocks":0,"Temp Read Blocks":31471,"Temp Written Blocks":31471,"I/O Read Time":0.0,"I/O Write Time":0.0,"Temp I/O Read Time":50.097,"Temp I/O Write Time":145.115,"Plans":[{"Node Type":"Aggregate","Strategy":"Sorted","Partial Mode":"Simple","Parent Relationship":"Outer","Parallel Aware":false,"Async Capable":false,"Startup Cost":1200029.3,"Total Cost":1200103.24,"Plan Rows":62,"Plan Width":40,"Actual Startup Time":5250.804,"Actual Total Time":5253.646,"Actual Rows":11,"Actual Loops":1,"Output":["nation.n_name","sum(order_line.ol_amount)"],"Group Key":["nation.n_name"],"Shared Hit Blocks":251882,"Shared Read Blocks":0,"Shared Dirtied Blocks":0,"Shared Written Blocks":0,"Local Hit Blocks":0,"Local Read Blocks":0,"Local Dirtied Blocks":0,"Local Written Blocks":0,"Temp Read Blocks":31471,"Temp Written Blocks":31471,"I/O Read Time":0.0,"I/O Write Time":0.0,"Temp I/O Read Time":50.097,"Temp I/O Write Time":145.115,"Plans":[{"Node Type":"Sort","Parent Relationship":"Outer","Parallel Aware":false,"Async Capable":false,"Startup Cost":1200029.3,"Total Cost":1200053.69,"Plan Rows":9755,"Plan Width":12,"Actual Startup Time":5250.589,"Actual Total Time":5251.379,"Actual Rows":17493,"Actual Loops":1,"Output":["nation.n_name","order_line.ol_amount"],"Sort Key":["nation.n_name"],"Sort Method":"quicksort","Sort Space Used":1725,"Sort Space Type":"Memory","Shared Hit Blocks":251882,"Shared Read Blocks":0,"Shared Dirtied Blocks":0,"Shared Written Blocks":0,"Local Hit Blocks":0,"Local Read Blocks":0,"Local Dirtied Blocks":0,"Local Written Blocks":0,"Temp Read Blocks":31471,"Temp Written Blocks":31471,"I/O Read Time":0.0,"I/O Write Time":0.0,"Temp I/O Read Time":50.097,"Temp I/O Write Time":145.115,"Plans":[{"Node Type":"Hash Join","Parent Relationship":"Outer","Parallel Aware":false,"Async Capable":false,"Join Type":"Inner","Startup Cost":440575.74,"Total Cost":1199382.94,"Plan Rows":9755,"Plan Width":12,"Actual Startup Time":2091.23,"Actual Total Time":5242.146,"Actual Rows":17493,"Actual Loops":1,"Output":["nation.n_name","order_line.ol_amount"],"Hash Cond":"((orders.o_c_id = customer.c_id) AND (orders.o_w_id = customer.c_w_id) AND (orders.o_d_id = customer.c_d_id) AND (supplier.su_nationkey = customer.c_nationkey))","Shared Hit Blocks":251882,"Shared Read Blocks":0,"Shared Dirtied Blocks":0,"Shared Written Blocks":0,"Local Hit Blocks":0,"Local Read Blocks":0,"Local Dirtied Blocks":0,"Local Written Blocks":0,"Temp Read Blocks":31471,"Temp Written Blocks":31471,"I/O Read Time":0.0,"I/O Write Time":0.0,"Temp I/O Read Time":50.097,"Temp I/O Write Time":145.115,"Plans":[{"Node Type":"Hash Join","Parent Relationship":"Outer","Parallel Aware":false,"Async Capable":false,"Join Type":"Inner","Startup Cost":106331.6,"Total Cost":834741.88,"Plan Rows":602754,"Plan Width":34,"Actual Startup Time":897.022,"Actual Total Time":3268.897,"Actual Rows":1489124,"Actual Loops":1,"Output":["orders.o_c_id","orders.o_w_id","orders.o_d_id","order_line.ol_amount","order_line.ol_w_id","order_line.ol_d_id","stock.s_w_id","supplier.su_nationkey","nation.n_name","nation.n_nationkey"],"Hash Cond":"((order_line.ol_w_id = orders.o_w_id) AND (order_line.ol_d_id = orders.o_d_id) AND (order_line.ol_o_id = orders.o_id))","Shared Hit Blocks":22278,"Shared Read Blocks":0,"Shared Dirtied Blocks":0,"Shared Written Blocks":0,"Local Hit Blocks":0,"Local Read Blocks":0,"Local Dirtied Blocks":0,"Local Written Blocks":0,"Temp Read Blocks":9894,"Temp Written Blocks":9894,"I/O Read Time":0.0,"I/O Write Time":0.0,"Temp I/O Read Time":16.081,"Temp I/O Write Time":44.3,"Plans":[{"Node Type":"Hash Join","Parent Relationship":"Outer","Parallel Aware":false,"Async Capable":false,"Join Type":"Inner","Startup Cost":29725.01,"Total Cost":656340.76,"Plan Rows":4242986,"Plan Width":34,"Actual Startup Time":567.902,"Actual Total Time":2210.503,"Actual Rows":1498118,"Actual Loops":1,"Output":["order_line.ol_amount","order_line.ol_o_id","order_line.ol_w_id","order_line.ol_d_id","stock.s_w_id","supplier.su_nationkey","nation.n_name","nation.n_nationkey"],"Hash Cond":"(mod((stock.s_w_id * stock.s_i_id), 10000) = supplier.su_suppkey)","Shared Hit Blocks":219,"Shared Read Blocks":0,"Shared Dirtied Blocks":0,"Shared Written Blocks":0,"Local Hit Blocks":0,"Local Read Blocks":0,"Local Dirtied Blocks":0,"Local Written Blocks":0,"Temp Read Blocks":0,"Temp Written Blocks":0,"I/O Read Time":0.0,"I/O Write Time":0.0,"Temp I/O Read Time":0.0,"Temp I/O Write Time":0.0,"Plans":[{"Node Type":"Hash Join","Parent Relationship":"Outer","Parallel Aware":false,"Async Capable":false,"Join Type":"Inner","Startup Cost":29323.02,"Total Cost":480915.59,"Plan Rows":21214932,"Plan Width":22,"Actual Startup Time":565.078,"Actual Total Time":1532.732,"Actual Rows":4311079,"Actual Loops":1,"Output":["order_line.ol_amount","order_line.ol_o_id","order_line.ol_w_id","order_line.ol_d_id","stock.s_w_id","stock.s_i_id"],"Hash Cond":"((order_line.ol_w_id = stock.s_w_id) AND (order_line.ol_i_id = stock.s_i_id))","Rows Removed by Bloom Filter":0,"Shared Hit Blocks":0,"Shared Read Blocks":0,"Shared Dirtied Blocks":0,"Shared Written Blocks":0,"Local Hit Blocks":0,"Local Read Blocks":0,"Local Dirtied Blocks":0,"Local Written Blocks":0,"Temp Read Blocks":0,"Temp Written Blocks":0,"I/O Read Time":0.0,"I/O Write Time":0.0,"Temp I/O Read Time":0.0,"Temp I/O Write Time":0.0,"Plans":[{"Node Type":"Append","Parent Relationship":"Outer","Parallel Aware":false,"Async Capable":false,"Startup Cost":20.0,"Total Cost":533646.5,"Plan Rows":20926367,"Plan Width":20,"Actual Startup Time":123.555,"Actual Total Time":123.559,"Actual Rows":4311079,"Actual Loops":1,"Shared Hit Blocks":0,"Shared Read Blocks":0,"Shared Dirtied Blocks":0,"Shared Written Blocks":0,"Local Hit Blocks":0,"Local Read Blocks":0,"Local Dirtied Blocks":0,"Local Written Blocks":0,"Temp Read Blocks":0,"Temp Written Blocks":0,"I/O Read Time":0.0,"I/O Write Time":0.0,"Temp I/O Read Time":0.0,"Temp I/O Write Time":0.0,"Subplans Removed":0,"Plans":[{"Node Type":"Custom Scan","Parent Relationship":"Member","Custom Plan Provider":"columnar scan","Parallel Aware":false,"Async Capable":false,"Relation Name":"order_line","Schema":"public","Alias":"order_line","Startup Cost":20.0,"Total Cost":533641.75,"Plan Rows":20926325,"Plan Width":20,"Actual Startup Time":123.553,"Actual Total Time":123.554,"Actual Rows":4311079,"Actual Loops":1,"Output":["order_line.ol_amount","order_line.ol_o_id","order_line.ol_w_id","order_line.ol_d_id","order_line.ol_i_id"],"Filter":"(order_line.ol_delivery_d >= '1992-01-02 20:10:02.27764'::timestamp without time zone)","Rows Removed by Filter":0,"Rows Removed by Columnar Filter":25686653,"Rows Filtered by Bloom Filter":0,"Dictionary Rows Filtered by Bloom Filter":25686653,"Columnar cache search mode":"native","Shared Hit Blocks":0,"Shared Read Blocks":0,"Shared Dirtied Blocks":0,"Shared Written Blocks":0,"Local Hit Blocks":0,"Local Read Blocks":0,"Local Dirtied Blocks":0,"Local Written Blocks":0,"Temp Read Blocks":0,"Temp Written Blocks":0,"I/O Read Time":0.0,"I/O Write Time":0.0,"Temp I/O Read Time":0.0,"Temp I/O Write Time":0.0},{"Node Type":"Seq Scan","Parent Relationship":"Member","Parallel Aware":false,"Async Capable":false,"Relation Name":"order_line","Schema":"public","Alias":"order_line","Startup Cost":0.0,"Total Cost":4.75,"Plan Rows":42,"Plan Width":20,"Actual Startup Time":0.0,"Actual Total Time":0.0,"Actual Rows":0,"Actual Loops":0,"Output":["order_line.ol_amount","order_line.ol_o_id","order_line.ol_w_id","order_line.ol_d_id","order_line.ol_i_id"],"Filter":"(order_line.ol_delivery_d >= '1992-01-02 20:10:02.27764'::timestamp without time zone)","Rows Removed by Filter":0,"Shared Hit Blocks":0,"Shared Read Blocks":0,"Shared Dirtied Blocks":0,"Shared Written Blocks":0,"Local Hit Blocks":0,"Local Read Blocks":0,"Local Dirtied Blocks":0,"Local Written Blocks":0,"Temp Read Blocks":0,"Temp Written Blocks":0,"I/O Read Time":0.0,"I/O Write Time":0.0,"Temp I/O Read Time":0.0,"Temp I/O Write Time":0.0}]},{"Node Type":"Hash","Parent Relationship":"Inner","Parallel Aware":false,"Async Capable":false,"Startup Cost":195025.67,"Total Cost":195025.67,"Plan Rows":10000162,"Plan Width":6,"Actual Rows":10000000,"Actual Loops":1,"Output":["stock.s_w_id","stock.s_i_id"],"Shared Hit Blocks":0,"Shared Read Blocks":0,"Shared Dirtied Blocks":0,"Shared Written Blocks":0,"Local Hit Blocks":0,"Local Read Blocks":0,"Local Dirtied Blocks":0,"Local Written Blocks":0,"Temp Read Blocks":0,"Temp Written Blocks":0,"I/O Read Time":0.0,"I/O Write Time":0.0,"Temp I/O Read Time":0.0,"Temp I/O Write Time":0.0,"Plans":[{"Node Type":"Append","Parent Relationship":"Outer","Parallel Aware":false,"Async Capable":false,"Startup Cost":20.0,"Total Cost":195025.67,"Plan Rows":10000162,"Plan Width":6,"Actual Startup Time":0.25,"Actual Total Time":0.25,"Actual Rows":10000000,"Actual Loops":1,"Shared Hit Blocks":0,"Shared Read Blocks":0,"Shared Dirtied Blocks":0,"Shared Written Blocks":0,"Local Hit Blocks":0,"Local Read Blocks":0,"Local Dirtied Blocks":0,"Local Written Blocks":0,"Temp Read Blocks":0,"Temp Written Blocks":0,"I/O Read Time":0.0,"I/O Write Time":0.0,"Temp I/O Read Time":0.0,"Temp I/O Write Time":0.0,"Subplans Removed":0,"Plans":[{"Node Type":"Custom Scan","Parent Relationship":"Member","Custom Plan Provider":"columnar scan","Parallel Aware":false,"Async Capable":false,"Relation Name":"stock","Schema":"public","Alias":"stock","Startup Cost":20.0,"Total Cost":195020.05,"Plan Rows":10000000,"Plan Width":6,"Actual Startup Time":0.248,"Actual Total Time":0.248,"Actual Rows":10000000,"Actual Loops":1,"Output":["stock.s_w_id","stock.s_i_id"],"Rows Removed by Columnar Filter":0,"Columnar cache search mode":"native","Shared Hit Blocks":0,"Shared Read Blocks":0,"Shared Dirtied Blocks":0,"Shared Written Blocks":0,"Local Hit Blocks":0,"Local Read Blocks":0,"Local Dirtied Blocks":0,"Local Written Blocks":0,"Temp Read Blocks":0,"Temp Written Blocks":0,"I/O Read Time":0.0,"I/O Write Time":0.0,"Temp I/O Read Time":0.0,"Temp I/O Write Time":0.0},{"Node Type":"Seq Scan","Parent Relationship":"Member","Parallel Aware":false,"Async Capable":false,"Relation Name":"stock","Schema":"public","Alias":"stock","Startup Cost":0.0,"Total Cost":5.62,"Plan Rows":162,"Plan Width":6,"Actual Startup Time":0.0,"Actual Total Time":0.0,"Actual Rows":0,"Actual Loops":0,"Output":["stock.s_w_id","stock.s_i_id"],"Shared Hit Blocks":0,"Shared Read Blocks":0,"Shared Dirtied Blocks":0,"Shared Written Blocks":0,"Local Hit Blocks":0,"Local Read Blocks":0,"Local Dirtied Blocks":0,"Local Written Blocks":0,"Temp Read Blocks":0,"Temp Written Blocks":0,"I/O Read Time":0.0,"I/O Write Time":0.0,"Temp I/O Read Time":0.0,"Temp I/O Write Time":0.0}]}]}]},{"Node Type":"Hash","Parent Relationship":"Inner","Parallel Aware":false,"Async Capable":false,"Startup Cost":376.99,"Total Cost":376.99,"Plan Rows":2000,"Plan Width":20,"Actual Startup Time":2.782,"Actual Total Time":2.791,"Actual Rows":3506,"Actual Loops":1,"Output":["supplier.su_suppkey","supplier.su_nationkey","nation.n_name","nation.n_nationkey"],"Hash Buckets":4096,"Original Hash Buckets":2048,"Hash Batches":1,"Original Hash Batches":1,"Peak Memory Usage":217,"Shared Hit Blocks":219,"Shared Read Blocks":0,"Shared Dirtied Blocks":0,"Shared Written Blocks":0,"Local Hit Blocks":0,"Local Read Blocks":0,"Local Dirtied Blocks":0,"Local Written Blocks":0,"Temp Read Blocks":0,"Temp Written Blocks":0,"I/O Read Time":0.0,"I/O Write Time":0.0,"Temp I/O Read Time":0.0,"Temp I/O Write Time":0.0,"Plans":[{"Node Type":"Hash Join","Parent Relationship":"Outer","Parallel Aware":false,"Async Capable":false,"Join Type":"Inner","Startup Cost":3.14,"Total Cost":376.99,"Plan Rows":2000,"Plan Width":20,"Actual Startup Time":0.061,"Actual Total Time":2.209,"Actual Rows":3506,"Actual Loops":1,"Output":["supplier.su_suppkey","supplier.su_nationkey","nation.n_name","nation.n_nationkey"],"Hash Cond":"(supplier.su_nationkey = nation.n_nationkey)","Shared Hit Blocks":219,"Shared Read Blocks":0,"Shared Dirtied Blocks":0,"Shared Written Blocks":0,"Local Hit Blocks":0,"Local Read Blocks":0,"Local Dirtied Blocks":0,"Local Written Blocks":0,"Temp Read Blocks":0,"Temp Written Blocks":0,"I/O Read Time":0.0,"I/O Write Time":0.0,"Temp I/O Read Time":0.0,"Temp I/O Write Time":0.0,"Plans":[{"Node Type":"Seq Scan","Parent Relationship":"Outer","Parallel Aware":false,"Async Capable":false,"Relation Name":"supplier","Schema":"public","Alias":"supplier","Startup Cost":0.0,"Total Cost":317.0,"Plan Rows":10000,"Plan Width":8,"Actual Startup Time":0.009,"Actual Total Time":0.775,"Actual Rows":10000,"Actual Loops":1,"Output":["supplier.su_suppkey","supplier.su_name","supplier.su_address","supplier.su_nationkey","supplier.su_phone","supplier.su_acctbal","supplier.su_comment"],"Shared Hit Blocks":217,"Shared Read Blocks":0,"Shared Dirtied Blocks":0,"Shared Written Blocks":0,"Local Hit Blocks":0,"Local Read Blocks":0,"Local Dirtied Blocks":0,"Local Written Blocks":0,"Temp Read Blocks":0,"Temp Written Blocks":0,"I/O Read Time":0.0,"I/O Write Time":0.0,"Temp I/O Read Time":0.0,"Temp I/O Write Time":0.0},{"Node Type":"Hash","Parent Relationship":"Inner","Parallel Aware":false,"Async Capable":false,"Startup Cost":2.99,"Total Cost":2.99,"Plan Rows":12,"Plan Width":12,"Actual Startup Time":0.043,"Actual Total Time":0.048,"Actual Rows":22,"Actual Loops":1,"Output":["nation.n_name","nation.n_nationkey"],"Hash Buckets":1024,"Original Hash Buckets":1024,"Hash Batches":1,"Original Hash Batches":1,"Peak Memory Usage":9,"Shared Hit Blocks":2,"Shared Read Blocks":0,"Shared Dirtied Blocks":0,"Shared Written Blocks":0,"Local Hit Blocks":0,"Local Read Blocks":0,"Local Dirtied Blocks":0,"Local Written Blocks":0,"Temp Read Blocks":0,"Temp Written Blocks":0,"I/O Read Time":0.0,"I/O Write Time":0.0,"Temp I/O Read Time":0.0,"Temp I/O Write Time":0.0,"Plans":[{"Node Type":"Hash Join","Parent Relationship":"Outer","Parallel Aware":false,"Async Capable":false,"Join Type":"Inner","Startup Cost":1.07,"Total Cost":2.99,"Plan Rows":12,"Plan Width":12,"Actual Startup Time":0.027,"Actual Total Time":0.042,"Actual Rows":22,"Actual Loops":1,"Output":["nation.n_name","nation.n_nationkey"],"Hash Cond":"(nation.n_regionkey = region.r_regionkey)","Shared Hit Blocks":2,"Shared Read Blocks":0,"Shared Dirtied Blocks":0,"Shared Written Blocks":0,"Local Hit Blocks":0,"Local Read Blocks":0,"Local Dirtied Blocks":0,"Local Written Blocks":0,"Temp Read Blocks":0,"Temp Written Blocks":0,"I/O Read Time":0.0,"I/O Write Time":0.0,"Temp I/O Read Time":0.0,"Temp I/O Write Time":0.0,"Plans":[{"Node Type":"Seq Scan","Parent Relationship":"Outer","Parallel Aware":false,"Async Capable":false,"Relation Name":"nation","Schema":"public","Alias":"nation","Startup Cost":0.0,"Total Cost":1.62,"Plan Rows":62,"Plan Width":16,"Actual Startup Time":0.004,"Actual Total Time":0.008,"Actual Rows":62,"Actual Loops":1,"Output":["nation.n_nationkey","nation.n_name","nation.n_regionkey","nation.n_comment"],"Shared Hit Blocks":1,"Shared Read Blocks":0,"Shared Dirtied Blocks":0,"Shared Written Blocks":0,"Local Hit Blocks":0,"Local Read Blocks":0,"Local Dirtied Blocks":0,"Local Written Blocks":0,"Temp Read Blocks":0,"Temp Written Blocks":0,"I/O Read Time":0.0,"I/O Write Time":0.0,"Temp I/O Read Time":0.0,"Temp I/O Write Time":0.0},{"Node Type":"Hash","Parent Relationship":"Inner","Parallel Aware":false,"Async Capable":false,"Startup Cost":1.06,"Total Cost":1.06,"Plan Rows":1,"Plan Width":4,"Actual Startup Time":0.011,"Actual Total Time":0.013,"Actual Rows":1,"Actual Loops":1,"Output":["region.r_regionkey"],"Hash Buckets":1024,"Original Hash Buckets":1024,"Hash Batches":1,"Original Hash Batches":1,"Peak Memory Usage":9,"Shared Hit Blocks":1,"Shared Read Blocks":0,"Shared Dirtied Blocks":0,"Shared Written Blocks":0,"Local Hit Blocks":0,"Local Read Blocks":0,"Local Dirtied Blocks":0,"Local Written Blocks":0,"Temp Read Blocks":0,"Temp Written Blocks":0,"I/O Read Time":0.0,"I/O Write Time":0.0,"Temp I/O Read Time":0.0,"Temp I/O Write Time":0.0,"Plans":[{"Node Type":"Seq Scan","Parent Relationship":"Outer","Parallel Aware":false,"Async Capable":false,"Relation Name":"region","Schema":"public","Alias":"region","Startup Cost":0.0,"Total Cost":1.06,"Plan Rows":1,"Plan Width":4,"Actual Startup Time":0.009,"Actual Total Time":0.009,"Actual Rows":1,"Actual Loops":1,"Output":["region.r_regionkey"],"Filter":"((region.r_name)::text = 'Europe'::text)","Rows Removed by Filter":4,"Shared Hit Blocks":1,"Shared Read Blocks":0,"Shared Dirtied Blocks":0,"Shared Written Blocks":0,"Local Hit Blocks":0,"Local Read Blocks":0,"Local Dirtied Blocks":0,"Local Written Blocks":0,"Temp Read Blocks":0,"Temp Written Blocks":0,"I/O Read Time":0.0,"I/O Write Time":0.0,"Temp I/O Read Time":0.0,"Temp I/O Write Time":0.0}]}]}]}]}]}]},{"Node Type":"Hash","Parent Relationship":"Inner","Parallel Aware":false,"Async Capable":false,"Startup Cost":67059.0,"Total Cost":67059.0,"Plan Rows":426548,"Plan Width":16,"Actual Startup Time":327.791,"Actual Total Time":327.792,"Actual Rows":428399,"Actual Loops":1,"Output":["orders.o_c_id","orders.o_w_id","orders.o_d_id","orders.o_id"],"Hash Buckets":262144,"Original Hash Buckets":262144,"Hash Batches":4,"Original Hash Batches":4,"Peak Memory Usage":7080,"Shared Hit Blocks":22059,"Shared Read Blocks":0,"Shared Dirtied Blocks":0,"Shared Written Blocks":0,"Local Hit Blocks":0,"Local Read Blocks":0,"Local Dirtied Blocks":0,"Local Written Blocks":0,"Temp Read Blocks":0,"Temp Written Blocks":1410,"I/O Read Time":0.0,"I/O Write Time":0.0,"Temp I/O Read Time":0.0,"Temp I/O Write Time":6.555,"Plans":[{"Node Type":"Seq Scan","Parent Relationship":"Outer","Parallel Aware":false,"Async Capable":false,"Relation Name":"orders","Schema":"public","Alias":"orders","Startup Cost":0.0,"Total Cost":67059.0,"Plan Rows":426548,"Plan Width":16,"Actual Startup Time":0.826,"Actual Total Time":223.537,"Actual Rows":428399,"Actual Loops":1,"Output":["orders.o_c_id","orders.o_w_id","orders.o_d_id","orders.o_id"],"Filter":"((orders.o_entry_d >= '1993-01-02 20:10:02.27764'::timestamp without time zone) AND (orders.o_entry_d < '1994-01-02 20:10:02.27764'::timestamp without time zone))","Rows Removed by Filter":2571601,"Shared Hit Blocks":22059,"Shared Read Blocks":0,"Shared Dirtied Blocks":0,"Shared Written Blocks":0,"Local Hit Blocks":0,"Local Read Blocks":0,"Local Dirtied Blocks":0,"Local Written Blocks":0,"Temp Read Blocks":0,"Temp Written Blocks":0,"I/O Read Time":0.0,"I/O Write Time":0.0,"Temp I/O Read Time":0.0,"Temp I/O Write Time":0.0}]}]},{"Node Type":"Hash","Parent Relationship":"Inner","Parallel Aware":false,"Async Capable":false,"Startup Cost":259601.38,"Total Cost":259601.38,"Plan Rows":2999738,"Plan Width":12,"Actual Startup Time":1185.075,"Actual Total Time":1185.076,"Actual Rows":3000000,"Actual Loops":1,"Output":["customer.c_id","customer.c_w_id","customer.c_d_id","customer.c_nationkey"],"Hash Buckets":262144,"Original Hash Buckets":262144,"Hash Batches":32,"Original Hash Batches":32,"Peak Memory Usage":6058,"Shared Hit Blocks":229604,"Shared Read Blocks":0,"Shared Dirtied Blocks":0,"Shared Written Blocks":0,"Local Hit Blocks":0,"Local Read Blocks":0,"Local Dirtied Blocks":0,"Local Written Blocks":0,"Temp Read Blocks":0,"Temp Written Blocks":11339,"I/O Read Time":0.0,"I/O Write Time":0.0,"Temp I/O Read Time":0.0,"Temp I/O Write Time":54.668,"Plans":[{"Node Type":"Seq Scan","Parent Relationship":"Outer","Parallel Aware":false,"Async Capable":false,"Relation Name":"customer","Schema":"public","Alias":"customer","Startup Cost":0.0,"Total Cost":259601.38,"Plan Rows":2999738,"Plan Width":12,"Actual Startup Time":0.026,"Actual Total Time":655.306,"Actual Rows":3000000,"Actual Loops":1,"Output":["customer.c_id","customer.c_w_id","customer.c_d_id","customer.c_nationkey"],"Shared Hit Blocks":229604,"Shared Read Blocks":0,"Shared Dirtied Blocks":0,"Shared Written Blocks":0,"Local Hit Blocks":0,"Local Read Blocks":0,"Local Dirtied Blocks":0,"Local Written Blocks":0,"Temp Read Blocks":0,"Temp Written Blocks":0,"I/O Read Time":0.0,"I/O Write Time":0.0,"Temp I/O Read Time":0.0,"Temp I/O Write Time":0.0}]}]}]}]}]},"Planning":{"Shared Hit Blocks":16,"Shared Read Blocks":0,"Shared Dirtied Blocks":0,"Shared Written Blocks":0,"Local Hit Blocks":0,"Local Read Blocks":0,"Local Dirtied Blocks":0,"Local Written Blocks":0,"Temp Read Blocks":0,"Temp Written Blocks":0,"I/O Read Time":0.0,"I/O Write Time":0.0,"Temp I/O Read Time":0.0,"Temp I/O Write Time":0.0},"Planning Time":5.231,"Triggers":[],"Execution Time":5254.402}]
[列存组合]: nation, order_line, region, supplier
[{"Plan":{"Node Type":"Sort","Parallel Aware":false,"Async Capable":false,"Startup Cost":2003050.26,"Total Cost":2003050.41,"Plan Rows":62,"Plan Width":40,"Actual Startup Time":10256.8,"Actual Total Time":10256.823,"Actual Rows":11,"Actual Loops":1,"Output":["nation.n_name","(sum(order_line.ol_amount))"],"Sort Key":["(sum(order_line.ol_amount)) DESC"],"Sort Method":"quicksort","Sort Space Used":25,"Sort Space Type":"Memory","Shared Hit Blocks":279003,"Shared Read Blocks":0,"Shared Dirtied Blocks":0,"Shared Written Blocks":0,"Local Hit Blocks":0,"Local Read Blocks":0,"Local Dirtied Blocks":0,"Local Written Blocks":0,"Temp Read Blocks":62236,"Temp Written Blocks":62263,"I/O Read Time":0.0,"I/O Write Time":0.0,"Temp I/O Read Time":100.153,"Temp I/O Write Time":252.32,"Plans":[{"Node Type":"Aggregate","Strategy":"Sorted","Partial Mode":"Simple","Parent Relationship":"Outer","Parallel Aware":false,"Async Capable":false,"Startup Cost":2002974.47,"Total Cost":2003048.41,"Plan Rows":62,"Plan Width":40,"Actual Startup Time":10253.91,"Actual Total Time":10256.807,"Actual Rows":11,"Actual Loops":1,"Output":["nation.n_name","sum(order_line.ol_amount)"],"Group Key":["nation.n_name"],"Shared Hit Blocks":279003,"Shared Read Blocks":0,"Shared Dirtied Blocks":0,"Shared Written Blocks":0,"Local Hit Blocks":0,"Local Read Blocks":0,"Local Dirtied Blocks":0,"Local Written Blocks":0,"Temp Read Blocks":62236,"Temp Written Blocks":62263,"I/O Read Time":0.0,"I/O Write Time":0.0,"Temp I/O Read Time":100.153,"Temp I/O Write Time":252.32,"Plans":[{"Node Type":"Sort","Parent Relationship":"Outer","Parallel Aware":false,"Async Capable":false,"Startup Cost":2002974.47,"Total Cost":2002998.86,"Plan Rows":9755,"Plan Width":12,"Actual Startup Time":10253.695,"Actual Total Time":10254.505,"Actual Rows":17493,"Actual Loops":1,"Output":["nation.n_name","order_line.ol_amount"],"Sort Key":["nation.n_name"],"Sort Method":"quicksort","Sort Space Used":1725,"Sort Space Type":"Memory","Shared Hit Blocks":279003,"Shared Read Blocks":0,"Shared Dirtied Blocks":0,"Shared Written Blocks":0,"Local Hit Blocks":0,"Local Read Blocks":0,"Local Dirtied Blocks":0,"Local Written Blocks":0,"Temp Read Blocks":62236,"Temp Written Blocks":62263,"I/O Read Time":0.0,"I/O Write Time":0.0,"Temp I/O Read Time":100.153,"Temp I/O Write Time":252.32,"Plans":[{"Node Type":"Hash Join","Parent Relationship":"Outer","Parallel Aware":false,"Async Capable":false,"Join Type":"Inner","Startup Cost":1678831.2,"Total Cost":2002328.11,"Plan Rows":9755,"Plan Width":12,"Actual Startup Time":8415.823,"Actual Total Time":10244.529,"Actual Rows":17493,"Actual Loops":1,"Output":["nation.n_name","order_line.ol_amount"],"Inner Unique":true,"Hash Cond":"((mod((stock.s_w_id * stock.s_i_id), 10000) = supplier.su_suppkey) AND (customer.c_nationkey = supplier.su_nationkey))","Shared Hit Blocks":279003,"Shared Read Blocks":0,"Shared Dirtied Blocks":0,"Shared Written Blocks":0,"Local Hit Blocks":0,"Local Read Blocks":0,"Local Dirtied Blocks":0,"Local Written Blocks":0,"Temp Read Blocks":62236,"Temp Written Blocks":62263,"I/O Read Time":0.0,"I/O Write Time":0.0,"Temp I/O Read Time":100.153,"Temp I/O Write Time":252.32,"Plans":[{"Node Type":"Merge Join","Parent Relationship":"Outer","Parallel Aware":false,"Async Capable":false,"Join Type":"Inner","Startup Cost":1678462.18,"Total Cost":1998643.95,"Plan Rows":602749,"Plan Width":26,"Actual Startup Time":8412.203,"Actual Total Time":10102.301,"Actual Rows":1109507,"Actual Loops":1,"Output":["customer.c_nationkey","order_line.ol_amount","stock.s_w_id","stock.s_i_id","nation.n_name","nation.n_nationkey"],"Inner Unique":true,"Merge Cond":"((customer.c_w_id = stock.s_w_id) AND (order_line.ol_i_id = stock.s_i_id))","Shared Hit Blocks":279003,"Shared Read Blocks":0,"Shared Dirtied Blocks":0,"Shared Written Blocks":0,"Local Hit Blocks":0,"Local Read Blocks":0,"Local Dirtied Blocks":0,"Local Written Blocks":0,"Temp Read Blocks":62236,"Temp Written Blocks":62263,"I/O Read Time":0.0,"I/O Write Time":0.0,"Temp I/O Read Time":100.153,"Temp I/O Write Time":252.32,"Plans":[{"Node Type":"Sort","Parent Relationship":"Outer","Parallel Aware":false,"Async Capable":false,"Startup Cost":1678461.74,"Total Cost":1679949.42,"Plan Rows":595073,"Plan Width":30,"Actual Startup Time":8412.144,"Actual Total Time":8591.353,"Actual Rows":1109507,"Actual Loops":1,"Output":["customer.c_w_id","customer.c_nationkey","orders.o_w_id","order_line.ol_amount","order_line.ol_w_id","order_line.ol_i_id","nation.n_name","nation.n_nationkey"],"Sort Key":["customer.c_w_id","order_line.ol_i_id"],"Sort Method":"external merge","Sort Space Used":47304,"Sort Space Type":"Disk","Shared Hit Blocks":251665,"Shared Read Blocks":0,"Shared Dirtied Blocks":0,"Shared Written Blocks":0,"Local Hit Blocks":0,"Local Read Blocks":0,"Local Dirtied Blocks":0,"Local Written Blocks":0,"Temp Read Blocks":62236,"Temp Written Blocks":62263,"I/O Read Time":0.0,"I/O Write Time":0.0,"Temp I/O Read Time":100.153,"Temp I/O Write Time":252.32,"Plans":[{"Node Type":"Hash Join","Parent Relationship":"Outer","Parallel Aware":false,"Async Capable":false,"Join Type":"Inner","Startup Cost":403374.53,"Total Cost":1607148.18,"Plan Rows":595073,"Plan Width":30,"Actual Startup Time":1472.27,"Actual Total Time":7029.42,"Actual Rows":1109507,"Actual Loops":1,"Output":["customer.c_w_id","customer.c_nationkey","orders.o_w_id","order_line.ol_amount","order_line.ol_w_id","order_line.ol_i_id","nation.n_name","nation.n_nationkey"],"Inner Unique":false,"Hash Cond":"(customer.c_nationkey = nation.n_nationkey)","Shared Hit Blocks":251665,"Shared Read Blocks":0,"Shared Dirtied Blocks":0,"Shared Written Blocks":0,"Local Hit Blocks":0,"Local Read Blocks":0,"Local Dirtied Blocks":0,"Local Written Blocks":0,"Temp Read Blocks":50419,"Temp Written Blocks":50419,"I/O Read Time":0.0,"I/O Write Time":0.0,"Temp I/O Read Time":82.343,"Temp I/O Write Time":220.942,"Plans":[{"Node Type":"Hash Join","Parent Relationship":"Outer","Parallel Aware":false,"Async Capable":false,"Join Type":"Inner","Startup Cost":403371.39,"Total Cost":1590228.65,"Plan Rows":2975367,"Plan Width":18,"Actual Startup Time":1465.183,"Actual Total Time":6611.993,"Actual Rows":4284922,"Actual Loops":1,"Output":["customer.c_w_id","customer.c_nationkey","orders.o_w_id","order_line.ol_amount","order_line.ol_w_id","order_line.ol_i_id"],"Inner Unique":true,"Hash Cond":"((orders.o_c_id = customer.c_id) AND (orders.o_w_id = customer.c_w_id) AND (orders.o_d_id = customer.c_d_id))","Shared Hit Blocks":251663,"Shared Read Blocks":0,"Shared Dirtied Blocks":0,"Shared Written Blocks":0,"Local Hit Blocks":0,"Local Read Blocks":0,"Local Dirtied Blocks":0,"Local Written Blocks":0,"Temp Read Blocks":50419,"Temp Written Blocks":50419,"I/O Read Time":0.0,"I/O Write Time":0.0,"Temp I/O Read Time":82.343,"Temp I/O Write Time":220.942,"Plans":[{"Node Type":"Hash Join","Parent Relationship":"Outer","Parallel Aware":false,"Async Capable":false,"Join Type":"Inner","Startup Cost":76626.59,"Total Cost":1190536.82,"Plan Rows":2975367,"Plan Width":20,"Actual Startup Time":327.043,"Actual Total Time":3345.825,"Actual Rows":4284922,"Actual Loops":1,"Output":["orders.o_c_id","orders.o_w_id","orders.o_d_id","order_line.ol_amount","order_line.ol_w_id","order_line.ol_d_id","order_line.ol_i_id"],"Inner Unique":true,"Hash Cond":"((order_line.ol_w_id = orders.o_w_id) AND (order_line.ol_d_id = orders.o_d_id) AND (order_line.ol_o_id = orders.o_id))","Shared Hit Blocks":22059,"Shared Read Blocks":0,"Shared Dirtied Blocks":0,"Shared Written Blocks":0,"Local Hit Blocks":0,"Local Read Blocks":0,"Local Dirtied Blocks":0,"Local Written Blocks":0,"Temp Read Blocks":18772,"Temp Written Blocks":18772,"I/O Read Time":0.0,"I/O Write Time":0.0,"Temp I/O Read Time":31.376,"Temp I/O Write Time":77.048,"Plans":[{"Node Type":"Append","Parent Relationship":"Outer","Parallel Aware":false,"Async Capable":false,"Startup Cost":20.0,"Total Cost":701820.0,"Plan Rows":20926367,"Plan Width":20,"Actual Startup Time":1.427,"Actual Total Time":1302.266,"Actual Rows":4311079,"Actual Loops":1,"Shared Hit Blocks":0,"Shared Read Blocks":0,"Shared Dirtied Blocks":0,"Shared Written Blocks":0,"Local Hit Blocks":0,"Local Read Blocks":0,"Local Dirtied Blocks":0,"Local Written Blocks":0,"Temp Read Blocks":0,"Temp Written Blocks":0,"I/O Read Time":0.0,"I/O Write Time":0.0,"Temp I/O Read Time":0.0,"Temp I/O Write Time":0.0,"Subplans Removed":0,"Plans":[{"Node Type":"Custom Scan","Parent Relationship":"Member","Custom Plan Provider":"columnar scan","Parallel Aware":false,"Async Capable":false,"Relation Name":"order_line","Schema":"public","Alias":"order_line","Startup Cost":20.0,"Total Cost":533641.75,"Plan Rows":20926325,"Plan Width":20,"Actual Startup Time":1.425,"Actual Total Time":997.265,"Actual Rows":4311079,"Actual Loops":1,"Output":["order_line.ol_amount","order_line.ol_o_id","order_line.ol_w_id","order_line.ol_d_id","order_line.ol_i_id"],"Filter":"(order_line.ol_delivery_d >= '1992-01-02 20:10:02.27764'::timestamp without time zone)","Rows Removed by Filter":0,"Rows Removed by Columnar Filter":25686653,"Rows Filtered by Bloom Filter":0,"Dictionary Rows Filtered by Bloom Filter":25686653,"Columnar cache search mode":"native","Shared Hit Blocks":0,"Shared Read Blocks":0,"Shared Dirtied Blocks":0,"Shared Written Blocks":0,"Local Hit Blocks":0,"Local Read Blocks":0,"Local Dirtied Blocks":0,"Local Written Blocks":0,"Temp Read Blocks":0,"Temp Written Blocks":0,"I/O Read Time":0.0,"I/O Write Time":0.0,"Temp I/O Read Time":0.0,"Temp I/O Write Time":0.0},{"Node Type":"Seq Scan","Parent Relationship":"Member","Parallel Aware":false,"Async Capable":false,"Relation Name":"order_line","Schema":"public","Alias":"order_line","Startup Cost":0.0,"Total Cost":4.75,"Plan Rows":42,"Plan Width":20,"Actual Startup Time":0.0,"Actual Total Time":0.0,"Actual Rows":0,"Actual Loops":0,"Output":["order_line.ol_amount","order_line.ol_o_id","order_line.ol_w_id","order_line.ol_d_id","order_line.ol_i_id"],"Filter":"(order_line.ol_delivery_d >= '1992-01-02 20:10:02.27764'::timestamp without time zone)","Rows Removed by Filter":0,"Shared Hit Blocks":0,"Shared Read Blocks":0,"Shared Dirtied Blocks":0,"Shared Written Blocks":0,"Local Hit Blocks":0,"Local Read Blocks":0,"Local Dirtied Blocks":0,"Local Written Blocks":0,"Temp Read Blocks":0,"Temp Written Blocks":0,"I/O Read Time":0.0,"I/O Write Time":0.0,"Temp I/O Read Time":0.0,"Temp I/O Write Time":0.0}]},{"Node Type":"Hash","Parent Relationship":"Inner","Parallel Aware":false,"Async Capable":false,"Startup Cost":67059.0,"Total Cost":67059.0,"Plan Rows":426548,"Plan Width":16,"Actual Startup Time":324.623,"Actual Total Time":324.625,"Actual Rows":428399,"Actual Loops":1,"Output":["orders.o_c_id","orders.o_w_id","orders.o_d_id","orders.o_id"],"Hash Buckets":262144,"Original Hash Buckets":262144,"Hash Batches":4,"Original Hash Batches":4,"Peak Memory Usage":7080,"Shared Hit Blocks":22059,"Shared Read Blocks":0,"Shared Dirtied Blocks":0,"Shared Written Blocks":0,"Local Hit Blocks":0,"Local Read Blocks":0,"Local Dirtied Blocks":0,"Local Written Blocks":0,"Temp Read Blocks":0,"Temp Written Blocks":1410,"I/O Read Time":0.0,"I/O Write Time":0.0,"Temp I/O Read Time":0.0,"Temp I/O Write Time":6.188,"Plans":[{"Node Type":"Seq Scan","Parent Relationship":"Outer","Parallel Aware":false,"Async Capable":false,"Relation Name":"orders","Schema":"public","Alias":"orders","Startup Cost":0.0,"Total Cost":67059.0,"Plan Rows":426548,"Plan Width":16,"Actual Startup Time":0.774,"Actual Total Time":222.298,"Actual Rows":428399,"Actual Loops":1,"Output":["orders.o_c_id","orders.o_w_id","orders.o_d_id","orders.o_id"],"Filter":"((orders.o_entry_d >= '1993-01-02 20:10:02.27764'::timestamp without time zone) AND (orders.o_entry_d < '1994-01-02 20:10:02.27764'::timestamp without time zone))","Rows Removed by Filter":2571601,"Shared Hit Blocks":22059,"Shared Read Blocks":0,"Shared Dirtied Blocks":0,"Shared Written Blocks":0,"Local Hit Blocks":0,"Local Read Blocks":0,"Local Dirtied Blocks":0,"Local Written Blocks":0,"Temp Read Blocks":0,"Temp Written Blocks":0,"I/O Read Time":0.0,"I/O Write Time":0.0,"Temp I/O Read Time":0.0,"Temp I/O Write Time":0.0}]}]},{"Node Type":"Hash","Parent Relationship":"Inner","Parallel Aware":false,"Async Capable":false,"Startup Cost":259601.38,"Total Cost":259601.38,"Plan Rows":2999738,"Plan Width":12,"Actual Startup Time":1136.322,"Actual Total Time":1136.323,"Actual Rows":3000000,"Actual Loops":1,"Output":["customer.c_id","customer.c_w_id","customer.c_d_id","customer.c_nationkey"],"Hash Buckets":262144,"Original Hash Buckets":262144,"Hash Batches":32,"Original Hash Batches":32,"Peak Memory Usage":6090,"Shared Hit Blocks":229604,"Shared Read Blocks":0,"Shared Dirtied Blocks":0,"Shared Written Blocks":0,"Local Hit Blocks":0,"Local Read Blocks":0,"Local Dirtied Blocks":0,"Local Written Blocks":0,"Temp Read Blocks":0,"Temp Written Blocks":11335,"I/O Read Time":0.0,"I/O Write Time":0.0,"Temp I/O Read Time":0.0,"Temp I/O Write Time":52.921,"Plans":[{"Node Type":"Seq Scan","Parent Relationship":"Outer","Parallel Aware":false,"Async Capable":false,"Relation Name":"customer","Schema":"public","Alias":"customer","Startup Cost":0.0,"Total Cost":259601.38,"Plan Rows":2999738,"Plan Width":12,"Actual Startup Time":0.009,"Actual Total Time":638.557,"Actual Rows":3000000,"Actual Loops":1,"Output":["customer.c_id","customer.c_w_id","customer.c_d_id","customer.c_nationkey"],"Shared Hit Blocks":229604,"Shared Read Blocks":0,"Shared Dirtied Blocks":0,"Shared Written Blocks":0,"Local Hit Blocks":0,"Local Read Blocks":0,"Local Dirtied Blocks":0,"Local Written Blocks":0,"Temp Read Blocks":0,"Temp Written Blocks":0,"I/O Read Time":0.0,"I/O Write Time":0.0,"Temp I/O Read Time":0.0,"Temp I/O Write Time":0.0}]}]},{"Node Type":"Hash","Parent Relationship":"Inner","Parallel Aware":false,"Async Capable":false,"Startup Cost":2.99,"Total Cost":2.99,"Plan Rows":12,"Plan Width":12,"Actual Startup Time":0.043,"Actual Total Time":0.049,"Actual Rows":22,"Actual Loops":1,"Output":["nation.n_name","nation.n_nationkey"],"Hash Buckets":1024,"Original Hash Buckets":1024,"Hash Batches":1,"Original Hash Batches":1,"Peak Memory Usage":9,"Shared Hit Blocks":2,"Shared Read Blocks":0,"Shared Dirtied Blocks":0,"Shared Written Blocks":0,"Local Hit Blocks":0,"Local Read Blocks":0,"Local Dirtied Blocks":0,"Local Written Blocks":0,"Temp Read Blocks":0,"Temp Written Blocks":0,"I/O Read Time":0.0,"I/O Write Time":0.0,"Temp I/O Read Time":0.0,"Temp I/O Write Time":0.0,"Plans":[{"Node Type":"Hash Join","Parent Relationship":"Outer","Parallel Aware":false,"Async Capable":false,"Join Type":"Inner","Startup Cost":1.07,"Total Cost":2.99,"Plan Rows":12,"Plan Width":12,"Actual Startup Time":0.026,"Actual Total Time":0.042,"Actual Rows":22,"Actual Loops":1,"Output":["nation.n_name","nation.n_nationkey"],"Inner Unique":true,"Hash Cond":"(nation.n_regionkey = region.r_regionkey)","Shared Hit Blocks":2,"Shared Read Blocks":0,"Shared Dirtied Blocks":0,"Shared Written Blocks":0,"Local Hit Blocks":0,"Local Read Blocks":0,"Local Dirtied Blocks":0,"Local Written Blocks":0,"Temp Read Blocks":0,"Temp Written Blocks":0,"I/O Read Time":0.0,"I/O Write Time":0.0,"Temp I/O Read Time":0.0,"Temp I/O Write Time":0.0,"Plans":[{"Node Type":"Seq Scan","Parent Relationship":"Outer","Parallel Aware":false,"Async Capable":false,"Relation Name":"nation","Schema":"public","Alias":"nation","Startup Cost":0.0,"Total Cost":1.62,"Plan Rows":62,"Plan Width":16,"Actual Startup Time":0.007,"Actual Total Time":0.011,"Actual Rows":62,"Actual Loops":1,"Output":["nation.n_nationkey","nation.n_name","nation.n_regionkey","nation.n_comment"],"Shared Hit Blocks":1,"Shared Read Blocks":0,"Shared Dirtied Blocks":0,"Shared Written Blocks":0,"Local Hit Blocks":0,"Local Read Blocks":0,"Local Dirtied Blocks":0,"Local Written Blocks":0,"Temp Read Blocks":0,"Temp Written Blocks":0,"I/O Read Time":0.0,"I/O Write Time":0.0,"Temp I/O Read Time":0.0,"Temp I/O Write Time":0.0},{"Node Type":"Hash","Parent Relationship":"Inner","Parallel Aware":false,"Async Capable":false,"Startup Cost":1.06,"Total Cost":1.06,"Plan Rows":1,"Plan Width":4,"Actual Startup Time":0.008,"Actual Total Time":0.01,"Actual Rows":1,"Actual Loops":1,"Output":["region.r_regionkey"],"Hash Buckets":1024,"Original Hash Buckets":1024,"Hash Batches":1,"Original Hash Batches":1,"Peak Memory Usage":9,"Shared Hit Blocks":1,"Shared Read Blocks":0,"Shared Dirtied Blocks":0,"Shared Written Blocks":0,"Local Hit Blocks":0,"Local Read Blocks":0,"Local Dirtied Blocks":0,"Local Written Blocks":0,"Temp Read Blocks":0,"Temp Written Blocks":0,"I/O Read Time":0.0,"I/O Write Time":0.0,"Temp I/O Read Time":0.0,"Temp I/O Write Time":0.0,"Plans":[{"Node Type":"Seq Scan","Parent Relationship":"Outer","Parallel Aware":false,"Async Capable":false,"Relation Name":"region","Schema":"public","Alias":"region","Startup Cost":0.0,"Total Cost":1.06,"Plan Rows":1,"Plan Width":4,"Actual Startup Time":0.007,"Actual Total Time":0.007,"Actual Rows":1,"Actual Loops":1,"Output":["region.r_regionkey"],"Filter":"((region.r_name)::text = 'Europe'::text)","Rows Removed by Filter":4,"Shared Hit Blocks":1,"Shared Read Blocks":0,"Shared Dirtied Blocks":0,"Shared Written Blocks":0,"Local Hit Blocks":0,"Local Read Blocks":0,"Local Dirtied Blocks":0,"Local Written Blocks":0,"Temp Read Blocks":0,"Temp Written Blocks":0,"I/O Read Time":0.0,"I/O Write Time":0.0,"Temp I/O Read Time":0.0,"Temp I/O Write Time":0.0}]}]}]}]}]},{"Node Type":"Index Only Scan","Parent Relationship":"Inner","Parallel Aware":false,"Async Capable":false,"Scan Direction":"Forward","Index Name":"stock_pk","Relation Name":"stock","Schema":"public","Alias":"stock","Startup Cost":0.43,"Total Cost":259690.86,"Plan Rows":10000162,"Plan Width":6,"Actual Startup Time":0.045,"Actual Total Time":705.948,"Actual Rows":9999996,"Actual Loops":1,"Output":["stock.s_w_id","stock.s_i_id"],"Heap Fetches":0,"Shared Hit Blocks":27338,"Shared Read Blocks":0,"Shared Dirtied Blocks":0,"Shared Written Blocks":0,"Local Hit Blocks":0,"Local Read Blocks":0,"Local Dirtied Blocks":0,"Local Written Blocks":0,"Temp Read Blocks":0,"Temp Written Blocks":0,"I/O Read Time":0.0,"I/O Write Time":0.0,"Temp I/O Read Time":0.0,"Temp I/O Write Time":0.0}]},{"Node Type":"Hash","Parent Relationship":"Inner","Parallel Aware":false,"Async Capable":false,"Startup Cost":219.01,"Total Cost":219.01,"Plan Rows":10001,"Plan Width":8,"Actual Startup Time":3.196,"Actual Total Time":3.199,"Actual Rows":10000,"Actual Loops":1,"Output":["supplier.su_suppkey","supplier.su_nationkey"],"Hash Buckets":16384,"Original Hash Buckets":16384,"Hash Batches":1,"Original Hash Batches":1,"Peak Memory Usage":519,"Shared Hit Blocks":0,"Shared Read Blocks":0,"Shared Dirtied Blocks":0,"Shared Written Blocks":0,"Local Hit Blocks":0,"Local Read Blocks":0,"Local Dirtied Blocks":0,"Local Written Blocks":0,"Temp Read Blocks":0,"Temp Written Blocks":0,"I/O Read Time":0.0,"I/O Write Time":0.0,"Temp I/O Read Time":0.0,"Temp I/O Write Time":0.0,"Plans":[{"Node Type":"Append","Parent Relationship":"Outer","Parallel Aware":false,"Async Capable":false,"Startup Cost":20.0,"Total Cost":219.01,"Plan Rows":10001,"Plan Width":8,"Actual Startup Time":0.012,"Actual Total Time":1.883,"Actual Rows":10000,"Actual Loops":1,"Shared Hit Blocks":0,"Shared Read Blocks":0,"Shared Dirtied Blocks":0,"Shared Written Blocks":0,"Local Hit Blocks":0,"Local Read Blocks":0,"Local Dirtied Blocks":0,"Local Written Blocks":0,"Temp Read Blocks":0,"Temp Written Blocks":0,"I/O Read Time":0.0,"I/O Write Time":0.0,"Temp I/O Read Time":0.0,"Temp I/O Write Time":0.0,"Subplans Removed":0,"Plans":[{"Node Type":"Custom Scan","Parent Relationship":"Member","Custom Plan Provider":"columnar scan","Parallel Aware":false,"Async Capable":false,"Relation Name":"supplier","Schema":"public","Alias":"supplier","Startup Cost":20.0,"Total Cost":215.0,"Plan Rows":10000,"Plan Width":8,"Actual Startup Time":0.011,"Actual Total Time":1.102,"Actual Rows":10000,"Actual Loops":1,"Output":["supplier.su_suppkey","supplier.su_nationkey"],"Rows Removed by Columnar Filter":0,"Columnar cache search mode":"native","Shared Hit Blocks":0,"Shared Read Blocks":0,"Shared Dirtied Blocks":0,"Shared Written Blocks":0,"Local Hit Blocks":0,"Local Read Blocks":0,"Local Dirtied Blocks":0,"Local Written Blocks":0,"Temp Read Blocks":0,"Temp Written Blocks":0,"I/O Read Time":0.0,"I/O Write Time":0.0,"Temp I/O Read Time":0.0,"Temp I/O Write Time":0.0},{"Node Type":"Seq Scan","Parent Relationship":"Member","Parallel Aware":false,"Async Capable":false,"Relation Name":"supplier","Schema":"public","Alias":"supplier","Startup Cost":0.0,"Total Cost":4.01,"Plan Rows":1,"Plan Width":8,"Actual Startup Time":0.0,"Actual Total Time":0.0,"Actual Rows":0,"Actual Loops":0,"Output":["supplier.su_suppkey","supplier.su_nationkey"],"Shared Hit Blocks":0,"Shared Read Blocks":0,"Shared Dirtied Blocks":0,"Shared Written Blocks":0,"Local Hit Blocks":0,"Local Read Blocks":0,"Local Dirtied Blocks":0,"Local Written Blocks":0,"Temp Read Blocks":0,"Temp Written Blocks":0,"I/O Read Time":0.0,"I/O Write Time":0.0,"Temp I/O Read Time":0.0,"Temp I/O Write Time":0.0}]}]}]}]}]}]},"Planning":{"Shared Hit Blocks":16,"Shared Read Blocks":0,"Shared Dirtied Blocks":0,"Shared Written Blocks":0,"Local Hit Blocks":0,"Local Read Blocks":0,"Local Dirtied Blocks":0,"Local Written Blocks":0,"Temp Read Blocks":0,"Temp Written Blocks":0,"I/O Read Time":0.0,"I/O Write Time":0.0,"Temp I/O Read Time":0.0,"Temp I/O Write Time":0.0},"Planning Time":4.689,"Triggers":[],"Execution Time":10265.005}]
[列存组合]: nation, order_line, stock, supplier
[{"Plan":{"Node Type":"Sort","Parallel Aware":false,"Async Capable":false,"Startup Cost":1199921.96,"Total Cost":1199922.11,"Plan Rows":62,"Plan Width":40,"Actual Startup Time":5496.549,"Actual Total Time":5496.563,"Actual Rows":11,"Actual Loops":1,"Output":["nation.n_name","(sum(order_line.ol_amount))"],"Sort Key":["(sum(order_line.ol_amount)) DESC"],"Sort Method":"quicksort","Sort Space Used":25,"Sort Space Type":"Memory","Shared Hit Blocks":251664,"Shared Read Blocks":0,"Shared Dirtied Blocks":0,"Shared Written Blocks":0,"Local Hit Blocks":0,"Local Read Blocks":0,"Local Dirtied Blocks":0,"Local Written Blocks":0,"Temp Read Blocks":31471,"Temp Written Blocks":31471,"I/O Read Time":0.0,"I/O Write Time":0.0,"Temp I/O Read Time":50.603,"Temp I/O Write Time":141.416,"Plans":[{"Node Type":"Aggregate","Strategy":"Sorted","Partial Mode":"Simple","Parent Relationship":"Outer","Parallel Aware":false,"Async Capable":false,"Startup Cost":1199846.18,"Total Cost":1199920.11,"Plan Rows":62,"Plan Width":40,"Actual Startup Time":5493.718,"Actual Total Time":5496.55,"Actual Rows":11,"Actual Loops":1,"Output":["nation.n_name","sum(order_line.ol_amount)"],"Group Key":["nation.n_name"],"Shared Hit Blocks":251664,"Shared Read Blocks":0,"Shared Dirtied Blocks":0,"Shared Written Blocks":0,"Local Hit Blocks":0,"Local Read Blocks":0,"Local Dirtied Blocks":0,"Local Written Blocks":0,"Temp Read Blocks":31471,"Temp Written Blocks":31471,"I/O Read Time":0.0,"I/O Write Time":0.0,"Temp I/O Read Time":50.603,"Temp I/O Write Time":141.416,"Plans":[{"Node Type":"Sort","Parent Relationship":"Outer","Parallel Aware":false,"Async Capable":false,"Startup Cost":1199846.18,"Total Cost":1199870.56,"Plan Rows":9755,"Plan Width":12,"Actual Startup Time":5493.506,"Actual Total Time":5494.285,"Actual Rows":17493,"Actual Loops":1,"Output":["nation.n_name","order_line.ol_amount"],"Sort Key":["nation.n_name"],"Sort Method":"quicksort","Sort Space Used":1725,"Sort Space Type":"Memory","Shared Hit Blocks":251664,"Shared Read Blocks":0,"Shared Dirtied Blocks":0,"Shared Written Blocks":0,"Local Hit Blocks":0,"Local Read Blocks":0,"Local Dirtied Blocks":0,"Local Written Blocks":0,"Temp Read Blocks":31471,"Temp Written Blocks":31471,"I/O Read Time":0.0,"I/O Write Time":0.0,"Temp I/O Read Time":50.603,"Temp I/O Write Time":141.416,"Plans":[{"Node Type":"Hash Join","Parent Relationship":"Outer","Parallel Aware":false,"Async Capable":false,"Join Type":"Inner","Startup Cost":440392.62,"Total Cost":1199199.81,"Plan Rows":9755,"Plan Width":12,"Actual Startup Time":2324.807,"Actual Total Time":5484.926,"Actual Rows":17493,"Actual Loops":1,"Output":["nation.n_name","order_line.ol_amount"],"Hash Cond":"((orders.o_c_id = customer.c_id) AND (orders.o_w_id = customer.c_w_id) AND (orders.o_d_id = customer.c_d_id) AND (supplier.su_nationkey = customer.c_nationkey))","Shared Hit Blocks":251664,"Shared Read Blocks":0,"Shared Dirtied Blocks":0,"Shared Written Blocks":0,"Local Hit Blocks":0,"Local Read Blocks":0,"Local Dirtied Blocks":0,"Local Written Blocks":0,"Temp Read Blocks":31471,"Temp Written Blocks":31471,"I/O Read Time":0.0,"I/O Write Time":0.0,"Temp I/O Read Time":50.603,"Temp I/O Write Time":141.416,"Plans":[{"Node Type":"Hash Join","Parent Relationship":"Outer","Parallel Aware":false,"Async Capable":false,"Join Type":"Inner","Startup Cost":106148.48,"Total Cost":834558.76,"Plan Rows":602754,"Plan Width":34,"Actual Startup Time":1108.689,"Actual Total Time":3486.057,"Actual Rows":1489124,"Actual Loops":1,"Output":["orders.o_c_id","orders.o_w_id","orders.o_d_id","order_line.ol_amount","order_line.ol_w_id","order_line.ol_d_id","stock.s_w_id","supplier.su_nationkey","nation.n_name","nation.n_nationkey"],"Hash Cond":"((order_line.ol_w_id = orders.o_w_id) AND (order_line.ol_d_id = orders.o_d_id) AND (order_line.ol_o_id = orders.o_id))","Shared Hit Blocks":22060,"Shared Read Blocks":0,"Shared Dirtied Blocks":0,"Shared Written Blocks":0,"Local Hit Blocks":0,"Local Read Blocks":0,"Local Dirtied Blocks":0,"Local Written Blocks":0,"Temp Read Blocks":9894,"Temp Written Blocks":9894,"I/O Read Time":0.0,"I/O Write Time":0.0,"Temp I/O Read Time":16.388,"Temp I/O Write Time":42.578,"Plans":[{"Node Type":"Hash Join","Parent Relationship":"Outer","Parallel Aware":false,"Async Capable":false,"Join Type":"Inner","Startup Cost":29541.89,"Total Cost":656157.64,"Plan Rows":4242986,"Plan Width":34,"Actual Startup Time":782.904,"Actual Total Time":2437.861,"Actual Rows":1498118,"Actual Loops":1,"Output":["order_line.ol_amount","order_line.ol_o_id","order_line.ol_w_id","order_line.ol_d_id","stock.s_w_id","supplier.su_nationkey","nation.n_name","nation.n_nationkey"],"Hash Cond":"(mod((stock.s_w_id * stock.s_i_id), 10000) = supplier.su_suppkey)","Shared Hit Blocks":1,"Shared Read Blocks":0,"Shared Dirtied Blocks":0,"Shared Written Blocks":0,"Local Hit Blocks":0,"Local Read Blocks":0,"Local Dirtied Blocks":0,"Local Written Blocks":0,"Temp Read Blocks":0,"Temp Written Blocks":0,"I/O Read Time":0.0,"I/O Write Time":0.0,"Temp I/O Read Time":0.0,"Temp I/O Write Time":0.0,"Plans":[{"Node Type":"Hash Join","Parent Relationship":"Outer","Parallel Aware":false,"Async Capable":false,"Join Type":"Inner","Startup Cost":29323.02,"Total Cost":480915.59,"Plan Rows":21214932,"Plan Width":22,"Actual Startup Time":778.917,"Actual Total Time":1757.978,"Actual Rows":4311079,"Actual Loops":1,"Output":["order_line.ol_amount","order_line.ol_o_id","order_line.ol_w_id","order_line.ol_d_id","stock.s_w_id","stock.s_i_id"],"Hash Cond":"((order_line.ol_w_id = stock.s_w_id) AND (order_line.ol_i_id = stock.s_i_id))","Rows Removed by Bloom Filter":0,"Shared Hit Blocks":0,"Shared Read Blocks":0,"Shared Dirtied Blocks":0,"Shared Written Blocks":0,"Local Hit Blocks":0,"Local Read Blocks":0,"Local Dirtied Blocks":0,"Local Written Blocks":0,"Temp Read Blocks":0,"Temp Written Blocks":0,"I/O Read Time":0.0,"I/O Write Time":0.0,"Temp I/O Read Time":0.0,"Temp I/O Write Time":0.0,"Plans":[{"Node Type":"Append","Parent Relationship":"Outer","Parallel Aware":false,"Async Capable":false,"Startup Cost":20.0,"Total Cost":533646.5,"Plan Rows":20926367,"Plan Width":20,"Actual Startup Time":122.424,"Actual Total Time":122.426,"Actual Rows":4311079,"Actual Loops":1,"Shared Hit Blocks":0,"Shared Read Blocks":0,"Shared Dirtied Blocks":0,"Shared Written Blocks":0,"Local Hit Blocks":0,"Local Read Blocks":0,"Local Dirtied Blocks":0,"Local Written Blocks":0,"Temp Read Blocks":0,"Temp Written Blocks":0,"I/O Read Time":0.0,"I/O Write Time":0.0,"Temp I/O Read Time":0.0,"Temp I/O Write Time":0.0,"Subplans Removed":0,"Plans":[{"Node Type":"Custom Scan","Parent Relationship":"Member","Custom Plan Provider":"columnar scan","Parallel Aware":false,"Async Capable":false,"Relation Name":"order_line","Schema":"public","Alias":"order_line","Startup Cost":20.0,"Total Cost":533641.75,"Plan Rows":20926325,"Plan Width":20,"Actual Startup Time":122.423,"Actual Total Time":122.424,"Actual Rows":4311079,"Actual Loops":1,"Output":["order_line.ol_amount","order_line.ol_o_id","order_line.ol_w_id","order_line.ol_d_id","order_line.ol_i_id"],"Filter":"(order_line.ol_delivery_d >= '1992-01-02 20:10:02.27764'::timestamp without time zone)","Rows Removed by Filter":0,"Rows Removed by Columnar Filter":25686653,"Rows Filtered by Bloom Filter":0,"Dictionary Rows Filtered by Bloom Filter":25686653,"Columnar cache search mode":"native","Shared Hit Blocks":0,"Shared Read Blocks":0,"Shared Dirtied Blocks":0,"Shared Written Blocks":0,"Local Hit Blocks":0,"Local Read Blocks":0,"Local Dirtied Blocks":0,"Local Written Blocks":0,"Temp Read Blocks":0,"Temp Written Blocks":0,"I/O Read Time":0.0,"I/O Write Time":0.0,"Temp I/O Read Time":0.0,"Temp I/O Write Time":0.0},{"Node Type":"Seq Scan","Parent Relationship":"Member","Parallel Aware":false,"Async Capable":false,"Relation Name":"order_line","Schema":"public","Alias":"order_line","Startup Cost":0.0,"Total Cost":4.75,"Plan Rows":42,"Plan Width":20,"Actual Startup Time":0.0,"Actual Total Time":0.0,"Actual Rows":0,"Actual Loops":0,"Output":["order_line.ol_amount","order_line.ol_o_id","order_line.ol_w_id","order_line.ol_d_id","order_line.ol_i_id"],"Filter":"(order_line.ol_delivery_d >= '1992-01-02 20:10:02.27764'::timestamp without time zone)","Rows Removed by Filter":0,"Shared Hit Blocks":0,"Shared Read Blocks":0,"Shared Dirtied Blocks":0,"Shared Written Blocks":0,"Local Hit Blocks":0,"Local Read Blocks":0,"Local Dirtied Blocks":0,"Local Written Blocks":0,"Temp Read Blocks":0,"Temp Written Blocks":0,"I/O Read Time":0.0,"I/O Write Time":0.0,"Temp I/O Read Time":0.0,"Temp I/O Write Time":0.0}]},{"Node Type":"Hash","Parent Relationship":"Inner","Parallel Aware":false,"Async Capable":false,"Startup Cost":195025.67,"Total Cost":195025.67,"Plan Rows":10000162,"Plan Width":6,"Actual Rows":10000000,"Actual Loops":1,"Output":["stock.s_w_id","stock.s_i_id"],"Shared Hit Blocks":0,"Shared Read Blocks":0,"Shared Dirtied Blocks":0,"Shared Written Blocks":0,"Local Hit Blocks":0,"Local Read Blocks":0,"Local Dirtied Blocks":0,"Local Written Blocks":0,"Temp Read Blocks":0,"Temp Written Blocks":0,"I/O Read Time":0.0,"I/O Write Time":0.0,"Temp I/O Read Time":0.0,"Temp I/O Write Time":0.0,"Plans":[{"Node Type":"Append","Parent Relationship":"Outer","Parallel Aware":false,"Async Capable":false,"Startup Cost":20.0,"Total Cost":195025.67,"Plan Rows":10000162,"Plan Width":6,"Actual Startup Time":0.225,"Actual Total Time":0.226,"Actual Rows":10000000,"Actual Loops":1,"Shared Hit Blocks":0,"Shared Read Blocks":0,"Shared Dirtied Blocks":0,"Shared Written Blocks":0,"Local Hit Blocks":0,"Local Read Blocks":0,"Local Dirtied Blocks":0,"Local Written Blocks":0,"Temp Read Blocks":0,"Temp Written Blocks":0,"I/O Read Time":0.0,"I/O Write Time":0.0,"Temp I/O Read Time":0.0,"Temp I/O Write Time":0.0,"Subplans Removed":0,"Plans":[{"Node Type":"Custom Scan","Parent Relationship":"Member","Custom Plan Provider":"columnar scan","Parallel Aware":false,"Async Capable":false,"Relation Name":"stock","Schema":"public","Alias":"stock","Startup Cost":20.0,"Total Cost":195020.05,"Plan Rows":10000000,"Plan Width":6,"Actual Startup Time":0.224,"Actual Total Time":0.225,"Actual Rows":10000000,"Actual Loops":1,"Output":["stock.s_w_id","stock.s_i_id"],"Rows Removed by Columnar Filter":0,"Columnar cache search mode":"native","Shared Hit Blocks":0,"Shared Read Blocks":0,"Shared Dirtied Blocks":0,"Shared Written Blocks":0,"Local Hit Blocks":0,"Local Read Blocks":0,"Local Dirtied Blocks":0,"Local Written Blocks":0,"Temp Read Blocks":0,"Temp Written Blocks":0,"I/O Read Time":0.0,"I/O Write Time":0.0,"Temp I/O Read Time":0.0,"Temp I/O Write Time":0.0},{"Node Type":"Seq Scan","Parent Relationship":"Member","Parallel Aware":false,"Async Capable":false,"Relation Name":"stock","Schema":"public","Alias":"stock","Startup Cost":0.0,"Total Cost":5.62,"Plan Rows":162,"Plan Width":6,"Actual Startup Time":0.0,"Actual Total Time":0.0,"Actual Rows":0,"Actual Loops":0,"Output":["stock.s_w_id","stock.s_i_id"],"Shared Hit Blocks":0,"Shared Read Blocks":0,"Shared Dirtied Blocks":0,"Shared Written Blocks":0,"Local Hit Blocks":0,"Local Read Blocks":0,"Local Dirtied Blocks":0,"Local Written Blocks":0,"Temp Read Blocks":0,"Temp Written Blocks":0,"I/O Read Time":0.0,"I/O Write Time":0.0,"Temp I/O Read Time":0.0,"Temp I/O Write Time":0.0}]}]}]},{"Node Type":"Hash","Parent Relationship":"Inner","Parallel Aware":false,"Async Capable":false,"Startup Cost":193.87,"Total Cost":193.87,"Plan Rows":2000,"Plan Width":20,"Actual Startup Time":3.96,"Actual Total Time":3.965,"Actual Rows":3506,"Actual Loops":1,"Output":["supplier.su_suppkey","supplier.su_nationkey","nation.n_name","nation.n_nationkey"],"Hash Buckets":4096,"Original Hash Buckets":2048,"Hash Batches":1,"Original Hash Batches":1,"Peak Memory Usage":217,"Shared Hit Blocks":1,"Shared Read Blocks":0,"Shared Dirtied Blocks":0,"Shared Written Blocks":0,"Local Hit Blocks":0,"Local Read Blocks":0,"Local Dirtied Blocks":0,"Local Written Blocks":0,"Temp Read Blocks":0,"Temp Written Blocks":0,"I/O Read Time":0.0,"I/O Write Time":0.0,"Temp I/O Read Time":0.0,"Temp I/O Write Time":0.0,"Plans":[{"Node Type":"Hash Join","Parent Relationship":"Outer","Parallel Aware":false,"Async Capable":false,"Join Type":"Inner","Startup Cost":25.24,"Total Cost":193.87,"Plan Rows":2000,"Plan Width":20,"Actual Startup Time":1.707,"Actual Total Time":3.394,"Actual Rows":3506,"Actual Loops":1,"Output":["supplier.su_suppkey","supplier.su_nationkey","nation.n_name","nation.n_nationkey"],"Hash Cond":"(nation.n_regionkey = region.r_regionkey)","Shared Hit Blocks":1,"Shared Read Blocks":0,"Shared Dirtied Blocks":0,"Shared Written Blocks":0,"Local Hit Blocks":0,"Local Read Blocks":0,"Local Dirtied Blocks":0,"Local Written Blocks":0,"Temp Read Blocks":0,"Temp Written Blocks":0,"I/O Read Time":0.0,"I/O Write Time":0.0,"Temp I/O Read Time":0.0,"Temp I/O Write Time":0.0,"Plans":[{"Node Type":"Hash Join","Parent Relationship":"Outer","Parallel Aware":false,"Async Capable":false,"Join Type":"Inner","Startup Cost":24.16,"Total Cost":144.29,"Plan Rows":10000,"Plan Width":24,"Actual Startup Time":1.68,"Actual Total Time":2.321,"Actual Rows":10000,"Actual Loops":1,"Output":["supplier.su_suppkey","supplier.su_nationkey","nation.n_name","nation.n_nationkey","nation.n_regionkey"],"Hash Cond":"(supplier.su_nationkey = nation.n_nationkey)","Rows Removed by Bloom Filter":0,"Shared Hit Blocks":0,"Shared Read Blocks":0,"Shared Dirtied Blocks":0,"Shared Written Blocks":0,"Local Hit Blocks":0,"Local Read Blocks":0,"Local Dirtied Blocks":0,"Local Written Blocks":0,"Temp Read Blocks":0,"Temp Written Blocks":0,"I/O Read Time":0.0,"I/O Write Time":0.0,"Temp I/O Read Time":0.0,"Temp I/O Write Time":0.0,"Plans":[{"Node Type":"Append","Parent Relationship":"Outer","Parallel Aware":false,"Async Capable":false,"Startup Cost":20.0,"Total Cost":219.01,"Plan Rows":10001,"Plan Width":8,"Actual Startup Time":0.008,"Actual Total Time":0.009,"Actual Rows":10000,"Actual Loops":1,"Shared Hit Blocks":0,"Shared Read Blocks":0,"Shared Dirtied Blocks":0,"Shared Written Blocks":0,"Local Hit Blocks":0,"Local Read Blocks":0,"Local Dirtied Blocks":0,"Local Written Blocks":0,"Temp Read Blocks":0,"Temp Written Blocks":0,"I/O Read Time":0.0,"I/O Write Time":0.0,"Temp I/O Read Time":0.0,"Temp I/O Write Time":0.0,"Subplans Removed":0,"Plans":[{"Node Type":"Custom Scan","Parent Relationship":"Member","Custom Plan Provider":"columnar scan","Parallel Aware":false,"Async Capable":false,"Relation Name":"supplier","Schema":"public","Alias":"supplier","Startup Cost":20.0,"Total Cost":215.0,"Plan Rows":10000,"Plan Width":8,"Actual Startup Time":0.008,"Actual Total Time":0.008,"Actual Rows":10000,"Actual Loops":1,"Output":["supplier.su_suppkey","supplier.su_nationkey"],"Rows Removed by Columnar Filter":0,"Columnar cache search mode":"native","Shared Hit Blocks":0,"Shared Read Blocks":0,"Shared Dirtied Blocks":0,"Shared Written Blocks":0,"Local Hit Blocks":0,"Local Read Blocks":0,"Local Dirtied Blocks":0,"Local Written Blocks":0,"Temp Read Blocks":0,"Temp Written Blocks":0,"I/O Read Time":0.0,"I/O Write Time":0.0,"Temp I/O Read Time":0.0,"Temp I/O Write Time":0.0},{"Node Type":"Seq Scan","Parent Relationship":"Member","Parallel Aware":false,"Async Capable":false,"Relation Name":"supplier","Schema":"public","Alias":"supplier","Startup Cost":0.0,"Total Cost":4.01,"Plan Rows":1,"Plan Width":8,"Actual Startup Time":0.0,"Actual Total Time":0.0,"Actual Rows":0,"Actual Loops":0,"Output":["supplier.su_suppkey","supplier.su_nationkey"],"Shared Hit Blocks":0,"Shared Read Blocks":0,"Shared Dirtied Blocks":0,"Shared Written Blocks":0,"Local Hit Blocks":0,"Local Read Blocks":0,"Local Dirtied Blocks":0,"Local Written Blocks":0,"Temp Read Blocks":0,"Temp Written Blocks":0,"I/O Read Time":0.0,"I/O Write Time":0.0,"Temp I/O Read Time":0.0,"Temp I/O Write Time":0.0}]},{"Node Type":"Hash","Parent Relationship":"Inner","Parallel Aware":false,"Async Capable":false,"Startup Cost":25.34,"Total Cost":25.34,"Plan Rows":63,"Plan Width":16,"Actual Rows":62,"Actual Loops":1,"Output":["nation.n_name","nation.n_nationkey","nation.n_regionkey"],"Shared Hit Blocks":0,"Shared Read Blocks":0,"Shared Dirtied Blocks":0,"Shared Written Blocks":0,"Local Hit Blocks":0,"Local Read Blocks":0,"Local Dirtied Blocks":0,"Local Written Blocks":0,"Temp Read Blocks":0,"Temp Written Blocks":0,"I/O Read Time":0.0,"I/O Write Time":0.0,"Temp I/O Read Time":0.0,"Temp I/O Write Time":0.0,"Plans":[{"Node Type":"Append","Parent Relationship":"Outer","Parallel Aware":false,"Async Capable":false,"Startup Cost":20.0,"Total Cost":25.34,"Plan Rows":63,"Plan Width":16,"Actual Startup Time":0.023,"Actual Total Time":0.024,"Actual Rows":62,"Actual Loops":1,"Shared Hit Blocks":0,"Shared Read Blocks":0,"Shared Dirtied Blocks":0,"Shared Written Blocks":0,"Local Hit Blocks":0,"Local Read Blocks":0,"Local Dirtied Blocks":0,"Local Written Blocks":0,"Temp Read Blocks":0,"Temp Written Blocks":0,"I/O Read Time":0.0,"I/O Write Time":0.0,"Temp I/O Read Time":0.0,"Temp I/O Write Time":0.0,"Subplans Removed":0,"Plans":[{"Node Type":"Custom Scan","Parent Relationship":"Member","Custom Plan Provider":"columnar scan","Parallel Aware":false,"Async Capable":false,"Relation Name":"nation","Schema":"public","Alias":"nation","Startup Cost":20.0,"Total Cost":21.33,"Plan Rows":62,"Plan Width":16,"Actual Startup Time":0.021,"Actual Total Time":0.021,"Actual Rows":62,"Actual Loops":1,"Output":["nation.n_name","nation.n_nationkey","nation.n_regionkey"],"Rows Removed by Columnar Filter":0,"Columnar cache search mode":"native","Shared Hit Blocks":0,"Shared Read Blocks":0,"Shared Dirtied Blocks":0,"Shared Written Blocks":0,"Local Hit Blocks":0,"Local Read Blocks":0,"Local Dirtied Blocks":0,"Local Written Blocks":0,"Temp Read Blocks":0,"Temp Written Blocks":0,"I/O Read Time":0.0,"I/O Write Time":0.0,"Temp I/O Read Time":0.0,"Temp I/O Write Time":0.0},{"Node Type":"Seq Scan","Parent Relationship":"Member","Parallel Aware":false,"Async Capable":false,"Relation Name":"nation","Schema":"public","Alias":"nation","Startup Cost":0.0,"Total Cost":4.01,"Plan Rows":1,"Plan Width":16,"Actual Startup Time":0.0,"Actual Total Time":0.0,"Actual Rows":0,"Actual Loops":0,"Output":["nation.n_name","nation.n_nationkey","nation.n_regionkey"],"Shared Hit Blocks":0,"Shared Read Blocks":0,"Shared Dirtied Blocks":0,"Shared Written Blocks":0,"Local Hit Blocks":0,"Local Read Blocks":0,"Local Dirtied Blocks":0,"Local Written Blocks":0,"Temp Read Blocks":0,"Temp Written Blocks":0,"I/O Read Time":0.0,"I/O Write Time":0.0,"Temp I/O Read Time":0.0,"Temp I/O Write Time":0.0}]}]}]},{"Node Type":"Hash","Parent Relationship":"Inner","Parallel Aware":false,"Async Capable":false,"Startup Cost":1.06,"Total Cost":1.06,"Plan Rows":1,"Plan Width":4,"Actual Startup Time":0.015,"Actual Total Time":0.015,"Actual Rows":1,"Actual Loops":1,"Output":["region.r_regionkey"],"Hash Buckets":1024,"Original Hash Buckets":1024,"Hash Batches":1,"Original Hash Batches":1,"Peak Memory Usage":9,"Shared Hit Blocks":1,"Shared Read Blocks":0,"Shared Dirtied Blocks":0,"Shared Written Blocks":0,"Local Hit Blocks":0,"Local Read Blocks":0,"Local Dirtied Blocks":0,"Local Written Blocks":0,"Temp Read Blocks":0,"Temp Written Blocks":0,"I/O Read Time":0.0,"I/O Write Time":0.0,"Temp I/O Read Time":0.0,"Temp I/O Write Time":0.0,"Plans":[{"Node Type":"Seq Scan","Parent Relationship":"Outer","Parallel Aware":false,"Async Capable":false,"Relation Name":"region","Schema":"public","Alias":"region","Startup Cost":0.0,"Total Cost":1.06,"Plan Rows":1,"Plan Width":4,"Actual Startup Time":0.012,"Actual Total Time":0.013,"Actual Rows":1,"Actual Loops":1,"Output":["region.r_regionkey"],"Filter":"((region.r_name)::text = 'Europe'::text)","Rows Removed by Filter":4,"Shared Hit Blocks":1,"Shared Read Blocks":0,"Shared Dirtied Blocks":0,"Shared Written Blocks":0,"Local Hit Blocks":0,"Local Read Blocks":0,"Local Dirtied Blocks":0,"Local Written Blocks":0,"Temp Read Blocks":0,"Temp Written Blocks":0,"I/O Read Time":0.0,"I/O Write Time":0.0,"Temp I/O Read Time":0.0,"Temp I/O Write Time":0.0}]}]}]}]},{"Node Type":"Hash","Parent Relationship":"Inner","Parallel Aware":false,"Async Capable":false,"Startup Cost":67059.0,"Total Cost":67059.0,"Plan Rows":426548,"Plan Width":16,"Actual Startup Time":324.535,"Actual Total Time":324.536,"Actual Rows":428399,"Actual Loops":1,"Output":["orders.o_c_id","orders.o_w_id","orders.o_d_id","orders.o_id"],"Hash Buckets":262144,"Original Hash Buckets":262144,"Hash Batches":4,"Original Hash Batches":4,"Peak Memory Usage":7080,"Shared Hit Blocks":22059,"Shared Read Blocks":0,"Shared Dirtied Blocks":0,"Shared Written Blocks":0,"Local Hit Blocks":0,"Local Read Blocks":0,"Local Dirtied Blocks":0,"Local Written Blocks":0,"Temp Read Blocks":0,"Temp Written Blocks":1410,"I/O Read Time":0.0,"I/O Write Time":0.0,"Temp I/O Read Time":0.0,"Temp I/O Write Time":6.191,"Plans":[{"Node Type":"Seq Scan","Parent Relationship":"Outer","Parallel Aware":false,"Async Capable":false,"Relation Name":"orders","Schema":"public","Alias":"orders","Startup Cost":0.0,"Total Cost":67059.0,"Plan Rows":426548,"Plan Width":16,"Actual Startup Time":0.777,"Actual Total Time":222.056,"Actual Rows":428399,"Actual Loops":1,"Output":["orders.o_c_id","orders.o_w_id","orders.o_d_id","orders.o_id"],"Filter":"((orders.o_entry_d >= '1993-01-02 20:10:02.27764'::timestamp without time zone) AND (orders.o_entry_d < '1994-01-02 20:10:02.27764'::timestamp without time zone))","Rows Removed by Filter":2571601,"Shared Hit Blocks":22059,"Shared Read Blocks":0,"Shared Dirtied Blocks":0,"Shared Written Blocks":0,"Local Hit Blocks":0,"Local Read Blocks":0,"Local Dirtied Blocks":0,"Local Written Blocks":0,"Temp Read Blocks":0,"Temp Written Blocks":0,"I/O Read Time":0.0,"I/O Write Time":0.0,"Temp I/O Read Time":0.0,"Temp I/O Write Time":0.0}]}]},{"Node Type":"Hash","Parent Relationship":"Inner","Parallel Aware":false,"Async Capable":false,"Startup Cost":259601.38,"Total Cost":259601.38,"Plan Rows":2999738,"Plan Width":12,"Actual Startup Time":1207.147,"Actual Total Time":1207.147,"Actual Rows":3000000,"Actual Loops":1,"Output":["customer.c_id","customer.c_w_id","customer.c_d_id","customer.c_nationkey"],"Hash Buckets":262144,"Original Hash Buckets":262144,"Hash Batches":32,"Original Hash Batches":32,"Peak Memory Usage":6058,"Shared Hit Blocks":229604,"Shared Read Blocks":0,"Shared Dirtied Blocks":0,"Shared Written Blocks":0,"Local Hit Blocks":0,"Local Read Blocks":0,"Local Dirtied Blocks":0,"Local Written Blocks":0,"Temp Read Blocks":0,"Temp Written Blocks":11339,"I/O Read Time":0.0,"I/O Write Time":0.0,"Temp I/O Read Time":0.0,"Temp I/O Write Time":53.347,"Plans":[{"Node Type":"Seq Scan","Parent Relationship":"Outer","Parallel Aware":false,"Async Capable":false,"Relation Name":"customer","Schema":"public","Alias":"customer","Startup Cost":0.0,"Total Cost":259601.38,"Plan Rows":2999738,"Plan Width":12,"Actual Startup Time":0.025,"Actual Total Time":672.062,"Actual Rows":3000000,"Actual Loops":1,"Output":["customer.c_id","customer.c_w_id","customer.c_d_id","customer.c_nationkey"],"Shared Hit Blocks":229604,"Shared Read Blocks":0,"Shared Dirtied Blocks":0,"Shared Written Blocks":0,"Local Hit Blocks":0,"Local Read Blocks":0,"Local Dirtied Blocks":0,"Local Written Blocks":0,"Temp Read Blocks":0,"Temp Written Blocks":0,"I/O Read Time":0.0,"I/O Write Time":0.0,"Temp I/O Read Time":0.0,"Temp I/O Write Time":0.0}]}]}]}]}]},"Planning":{"Shared Hit Blocks":16,"Shared Read Blocks":0,"Shared Dirtied Blocks":0,"Shared Written Blocks":0,"Local Hit Blocks":0,"Local Read Blocks":0,"Local Dirtied Blocks":0,"Local Written Blocks":0,"Temp Read Blocks":0,"Temp Written Blocks":0,"I/O Read Time":0.0,"I/O Write Time":0.0,"Temp I/O Read Time":0.0,"Temp I/O Write Time":0.0},"Planning Time":5.073,"Triggers":[],"Execution Time":5497.733}]
[列存组合]: nation, orders, region, stock
[{"Plan":{"Node Type":"Sort","Parallel Aware":false,"Async Capable":false,"Startup Cost":2015869.77,"Total Cost":2015869.92,"Plan Rows":62,"Plan Width":40,"Actual Startup Time":16494.227,"Actual Total Time":16494.254,"Actual Rows":11,"Actual Loops":1,"Output":["nation.n_name","(sum(order_line.ol_amount))"],"Sort Key":["(sum(order_line.ol_amount)) DESC"],"Sort Method":"quicksort","Sort Space Used":25,"Sort Space Type":"Memory","Shared Hit Blocks":598045,"Shared Read Blocks":0,"Shared Dirtied Blocks":0,"Shared Written Blocks":0,"Local Hit Blocks":0,"Local Read Blocks":0,"Local Dirtied Blocks":0,"Local Written Blocks":0,"Temp Read Blocks":129460,"Temp Written Blocks":129487,"I/O Read Time":0.0,"I/O Write Time":0.0,"Temp I/O Read Time":207.05,"Temp I/O Write Time":525.36,"Plans":[{"Node Type":"Aggregate","Strategy":"Sorted","Partial Mode":"Simple","Parent Relationship":"Outer","Parallel Aware":false,"Async Capable":false,"Startup Cost":2015793.98,"Total Cost":2015867.92,"Plan Rows":62,"Plan Width":40,"Actual Startup Time":16491.333,"Actual Total Time":16494.238,"Actual Rows":11,"Actual Loops":1,"Output":["nation.n_name","sum(order_line.ol_amount)"],"Group Key":["nation.n_name"],"Shared Hit Blocks":598045,"Shared Read Blocks":0,"Shared Dirtied Blocks":0,"Shared Written Blocks":0,"Local Hit Blocks":0,"Local Read Blocks":0,"Local Dirtied Blocks":0,"Local Written Blocks":0,"Temp Read Blocks":129460,"Temp Written Blocks":129487,"I/O Read Time":0.0,"I/O Write Time":0.0,"Temp I/O Read Time":207.05,"Temp I/O Write Time":525.36,"Plans":[{"Node Type":"Sort","Parent Relationship":"Outer","Parallel Aware":false,"Async Capable":false,"Startup Cost":2015793.98,"Total Cost":2015818.37,"Plan Rows":9755,"Plan Width":12,"Actual Startup Time":16491.116,"Actual Total Time":16491.927,"Actual Rows":17493,"Actual Loops":1,"Output":["nation.n_name","order_line.ol_amount"],"Sort Key":["nation.n_name"],"Sort Method":"quicksort","Sort Space Used":1725,"Sort Space Type":"Memory","Shared Hit Blocks":598045,"Shared Read Blocks":0,"Shared Dirtied Blocks":0,"Shared Written Blocks":0,"Local Hit Blocks":0,"Local Read Blocks":0,"Local Dirtied Blocks":0,"Local Written Blocks":0,"Temp Read Blocks":129460,"Temp Written Blocks":129487,"I/O Read Time":0.0,"I/O Write Time":0.0,"Temp I/O Read Time":207.05,"Temp I/O Write Time":525.36,"Plans":[{"Node Type":"Hash Join","Parent Relationship":"Outer","Parallel Aware":false,"Async Capable":false,"Join Type":"Inner","Startup Cost":1691650.71,"Total Cost":2015147.62,"Plan Rows":9755,"Plan Width":12,"Actual Startup Time":14604.396,"Actual Total Time":16482.285,"Actual Rows":17493,"Actual Loops":1,"Output":["nation.n_name","order_line.ol_amount"],"Inner Unique":true,"Hash Cond":"((mod((stock.s_w_id * stock.s_i_id), 10000) = supplier.su_suppkey) AND (customer.c_nationkey = supplier.su_nationkey))","Shared Hit Blocks":598045,"Shared Read Blocks":0,"Shared Dirtied Blocks":0,"Shared Written Blocks":0,"Local Hit Blocks":0,"Local Read Blocks":0,"Local Dirtied Blocks":0,"Local Written Blocks":0,"Temp Read Blocks":129460,"Temp Written Blocks":129487,"I/O Read Time":0.0,"I/O Write Time":0.0,"Temp I/O Read Time":207.05,"Temp I/O Write Time":525.36,"Plans":[{"Node Type":"Merge Join","Parent Relationship":"Outer","Parallel Aware":false,"Async Capable":false,"Join Type":"Inner","Startup Cost":1691183.71,"Total Cost":2011365.49,"Plan Rows":602749,"Plan Width":26,"Actual Startup Time":14601.308,"Actual Total Time":16340.123,"Actual Rows":1109507,"Actual Loops":1,"Output":["customer.c_nationkey","order_line.ol_amount","stock.s_w_id","stock.s_i_id","nation.n_name","nation.n_nationkey"],"Inner Unique":true,"Merge Cond":"((customer.c_w_id = stock.s_w_id) AND (order_line.ol_i_id = stock.s_i_id))","Shared Hit Blocks":597828,"Shared Read Blocks":0,"Shared Dirtied Blocks":0,"Shared Written Blocks":0,"Local Hit Blocks":0,"Local Read Blocks":0,"Local Dirtied Blocks":0,"Local Written Blocks":0,"Temp Read Blocks":129460,"Temp Written Blocks":129487,"I/O Read Time":0.0,"I/O Write Time":0.0,"Temp I/O Read Time":207.05,"Temp I/O Write Time":525.36,"Plans":[{"Node Type":"Sort","Parent Relationship":"Outer","Parallel Aware":false,"Async Capable":false,"Startup Cost":1691183.28,"Total Cost":1692670.96,"Plan Rows":595073,"Plan Width":30,"Actual Startup Time":14601.249,"Actual Total Time":14780.968,"Actual Rows":1109507,"Actual Loops":1,"Output":["customer.c_w_id","customer.c_nationkey","orders.o_w_id","order_line.ol_amount","order_line.ol_w_id","order_line.ol_i_id","nation.n_name","nation.n_nationkey"],"Sort Key":["customer.c_w_id","order_line.ol_i_id"],"Sort Method":"external merge","Sort Space Used":47304,"Sort Space Type":"Disk","Shared Hit Blocks":570490,"Shared Read Blocks":0,"Shared Dirtied Blocks":0,"Shared Written Blocks":0,"Local Hit Blocks":0,"Local Read Blocks":0,"Local Dirtied Blocks":0,"Local Written Blocks":0,"Temp Read Blocks":129460,"Temp Written Blocks":129487,"I/O Read Time":0.0,"I/O Write Time":0.0,"Temp I/O Read Time":207.05,"Temp I/O Write Time":525.36,"Plans":[{"Node Type":"Hash Join","Parent Relationship":"Outer","Parallel Aware":false,"Async Capable":false,"Join Type":"Inner","Startup Cost":402039.66,"Total Cost":1619869.72,"Plan Rows":595073,"Plan Width":30,"Actual Startup Time":1412.978,"Actual Total Time":13209.669,"Actual Rows":1109507,"Actual Loops":1,"Output":["customer.c_w_id","customer.c_nationkey","orders.o_w_id","order_line.ol_amount","order_line.ol_w_id","order_line.ol_i_id","nation.n_name","nation.n_nationkey"],"Inner Unique":false,"Hash Cond":"(customer.c_nationkey = nation.n_nationkey)","Shared Hit Blocks":570490,"Shared Read Blocks":0,"Shared Dirtied Blocks":0,"Shared Written Blocks":0,"Local Hit Blocks":0,"Local Read Blocks":0,"Local Dirtied Blocks":0,"Local Written Blocks":0,"Temp Read Blocks":117643,"Temp Written Blocks":117643,"I/O Read Time":0.0,"I/O Write Time":0.0,"Temp I/O Read Time":189.092,"Temp I/O Write Time":493.953,"Plans":[{"Node Type":"Hash Join","Parent Relationship":"Outer","Parallel Aware":false,"Async Capable":false,"Join Type":"Inner","Startup Cost":402036.52,"Total Cost":1602950.18,"Plan Rows":2975367,"Plan Width":18,"Actual Startup Time":1403.196,"Actual Total Time":12785.941,"Actual Rows":4284922,"Actual Loops":1,"Output":["customer.c_w_id","customer.c_nationkey","orders.o_w_id","order_line.ol_amount","order_line.ol_w_id","order_line.ol_i_id"],"Inner Unique":true,"Hash Cond":"((orders.o_c_id = customer.c_id) AND (orders.o_w_id = customer.c_w_id) AND (orders.o_d_id = customer.c_d_id))","Shared Hit Blocks":570488,"Shared Read Blocks":0,"Shared Dirtied Blocks":0,"Shared Written Blocks":0,"Local Hit Blocks":0,"Local Read Blocks":0,"Local Dirtied Blocks":0,"Local Written Blocks":0,"Temp Read Blocks":117643,"Temp Written Blocks":117643,"I/O Read Time":0.0,"I/O Write Time":0.0,"Temp I/O Read Time":189.092,"Temp I/O Write Time":493.953,"Plans":[{"Node Type":"Hash Join","Parent Relationship":"Outer","Parallel Aware":false,"Async Capable":false,"Join Type":"Inner","Startup Cost":75291.73,"Total Cost":1203258.36,"Plan Rows":2975367,"Plan Width":20,"Actual Startup Time":246.233,"Actual Total Time":9490.834,"Actual Rows":4284922,"Actual Loops":1,"Output":["orders.o_c_id","orders.o_w_id","orders.o_d_id","order_line.ol_amount","order_line.ol_w_id","order_line.ol_d_id","order_line.ol_i_id"],"Inner Unique":true,"Hash Cond":"((order_line.ol_w_id = orders.o_w_id) AND (order_line.ol_d_id = orders.o_d_id) AND (order_line.ol_o_id = orders.o_id))","Shared Hit Blocks":340884,"Shared Read Blocks":0,"Shared Dirtied Blocks":0,"Shared Written Blocks":0,"Local Hit Blocks":0,"Local Read Blocks":0,"Local Dirtied Blocks":0,"Local Written Blocks":0,"Temp Read Blocks":85996,"Temp Written Blocks":85996,"I/O Read Time":0.0,"I/O Write Time":0.0,"Temp I/O Read Time":138.753,"Temp I/O Write Time":345.079,"Plans":[{"Node Type":"Seq Scan","Parent Relationship":"Outer","Parallel Aware":false,"Async Capable":false,"Relation Name":"order_line","Schema":"public","Alias":"order_line","Startup Cost":0.0,"Total Cost":715856.4,"Plan Rows":20926367,"Plan Width":20,"Actual Startup Time":0.007,"Actual Total Time":3678.616,"Actual Rows":21002151,"Actual Loops":1,"Output":["order_line.ol_amount","order_line.ol_o_id","order_line.ol_w_id","order_line.ol_d_id","order_line.ol_i_id"],"Filter":"(order_line.ol_delivery_d >= '1992-01-02 20:10:02.27764'::timestamp without time zone)","Rows Removed by Filter":8995581,"Shared Hit Blocks":340884,"Shared Read Blocks":0,"Shared Dirtied Blocks":0,"Shared Written Blocks":0,"Local Hit Blocks":0,"Local Read Blocks":0,"Local Dirtied Blocks":0,"Local Written Blocks":0,"Temp Read Blocks":0,"Temp Written Blocks":0,"I/O Read Time":0.0,"I/O Write Time":0.0,"Temp I/O Read Time":0.0,"Temp I/O Write Time":0.0},{"Node Type":"Hash","Parent Relationship":"Inner","Parallel Aware":false,"Async Capable":false,"Startup Cost":65744.12,"Total Cost":65744.12,"Plan Rows":426549,"Plan Width":16,"Actual Startup Time":178.725,"Actual Total Time":178.734,"Actual Rows":428399,"Actual Loops":1,"Output":["orders.o_c_id","orders.o_w_id","orders.o_d_id","orders.o_id"],"Hash Buckets":262144,"Original Hash Buckets":262144,"Hash Batches":4,"Original Hash Batches":4,"Peak Memory Usage":7080,"Shared Hit Blocks":0,"Shared Read Blocks":0,"Shared Dirtied Blocks":0,"Shared Written Blocks":0,"Local Hit Blocks":0,"Local Read Blocks":0,"Local Dirtied Blocks":0,"Local Written Blocks":0,"Temp Read Blocks":0,"Temp Written Blocks":1410,"I/O Read Time":0.0,"I/O Write Time":0.0,"Temp I/O Read Time":0.0,"Temp I/O Write Time":5.975,"Plans":[{"Node Type":"Append","Parent Relationship":"Outer","Parallel Aware":false,"Async Capable":false,"Startup Cost":20.0,"Total Cost":65744.12,"Plan Rows":426549,"Plan Width":16,"Actual Startup Time":0.522,"Actual Total Time":102.199,"Actual Rows":428399,"Actual Loops":1,"Shared Hit Blocks":0,"Shared Read Blocks":0,"Shared Dirtied Blocks":0,"Shared Written Blocks":0,"Local Hit Blocks":0,"Local Read Blocks":0,"Local Dirtied Blocks":0,"Local Written Blocks":0,"Temp Read Blocks":0,"Temp Written Blocks":0,"I/O Read Time":0.0,"I/O Write Time":0.0,"Temp I/O Read Time":0.0,"Temp I/O Write Time":0.0,"Subplans Removed":0,"Plans":[{"Node Type":"Custom Scan","Parent Relationship":"Member","Custom Plan Provider":"columnar scan","Parallel Aware":false,"Async Capable":false,"Relation Name":"orders","Schema":"public","Alias":"orders","Startup Cost":20.0,"Total Cost":10043.96,"Plan Rows":426548,"Plan Width":16,"Actual Startup Time":0.52,"Actual Total Time":71.872,"Actual Rows":428399,"Actual Loops":1,"Output":["orders.o_c_id","orders.o_w_id","orders.o_d_id","orders.o_id"],"Filter":"((orders.o_entry_d < '1994-01-02 20:10:02.27764'::timestamp without time zone) AND (orders.o_entry_d >= '1993-01-02 20:10:02.27764'::timestamp without time zone))","Rows Removed by Filter":0,"Rows Removed by Columnar Filter":2571601,"Columnar cache search mode":"native","Shared Hit Blocks":0,"Shared Read Blocks":0,"Shared Dirtied Blocks":0,"Shared Written Blocks":0,"Local Hit Blocks":0,"Local Read Blocks":0,"Local Dirtied Blocks":0,"Local Written Blocks":0,"Temp Read Blocks":0,"Temp Written Blocks":0,"I/O Read Time":0.0,"I/O Write Time":0.0,"Temp I/O Read Time":0.0,"Temp I/O Write Time":0.0},{"Node Type":"Seq Scan","Parent Relationship":"Member","Parallel Aware":false,"Async Capable":false,"Relation Name":"orders","Schema":"public","Alias":"orders","Startup Cost":0.0,"Total Cost":4.01,"Plan Rows":1,"Plan Width":16,"Actual Startup Time":0.0,"Actual Total Time":0.0,"Actual Rows":0,"Actual Loops":0,"Output":["orders.o_c_id","orders.o_w_id","orders.o_d_id","orders.o_id"],"Filter":"((orders.o_entry_d < '1994-01-02 20:10:02.27764'::timestamp without time zone) AND (orders.o_entry_d >= '1993-01-02 20:10:02.27764'::timestamp without time zone))","Rows Removed by Filter":0,"Shared Hit Blocks":0,"Shared Read Blocks":0,"Shared Dirtied Blocks":0,"Shared Written Blocks":0,"Local Hit Blocks":0,"Local Read Blocks":0,"Local Dirtied Blocks":0,"Local Written Blocks":0,"Temp Read Blocks":0,"Temp Written Blocks":0,"I/O Read Time":0.0,"I/O Write Time":0.0,"Temp I/O Read Time":0.0,"Temp I/O Write Time":0.0}]}]}]},{"Node Type":"Hash","Parent Relationship":"Inner","Parallel Aware":false,"Async Capable":false,"Startup Cost":259601.38,"Total Cost":259601.38,"Plan Rows":2999738,"Plan Width":12,"Actual Startup Time":1154.602,"Actual Total Time":1154.604,"Actual Rows":3000000,"Actual Loops":1,"Output":["customer.c_id","customer.c_w_id","customer.c_d_id","customer.c_nationkey"],"Hash Buckets":262144,"Original Hash Buckets":262144,"Hash Batches":32,"Original Hash Batches":32,"Peak Memory Usage":6090,"Shared Hit Blocks":229604,"Shared Read Blocks":0,"Shared Dirtied Blocks":0,"Shared Written Blocks":0,"Local Hit Blocks":0,"Local Read Blocks":0,"Local Dirtied Blocks":0,"Local Written Blocks":0,"Temp Read Blocks":0,"Temp Written Blocks":11335,"I/O Read Time":0.0,"I/O Write Time":0.0,"Temp I/O Read Time":0.0,"Temp I/O Write Time":54.561,"Plans":[{"Node Type":"Seq Scan","Parent Relationship":"Outer","Parallel Aware":false,"Async Capable":false,"Relation Name":"customer","Schema":"public","Alias":"customer","Startup Cost":0.0,"Total Cost":259601.38,"Plan Rows":2999738,"Plan Width":12,"Actual Startup Time":0.008,"Actual Total Time":649.757,"Actual Rows":3000000,"Actual Loops":1,"Output":["customer.c_id","customer.c_w_id","customer.c_d_id","customer.c_nationkey"],"Shared Hit Blocks":229604,"Shared Read Blocks":0,"Shared Dirtied Blocks":0,"Shared Written Blocks":0,"Local Hit Blocks":0,"Local Read Blocks":0,"Local Dirtied Blocks":0,"Local Written Blocks":0,"Temp Read Blocks":0,"Temp Written Blocks":0,"I/O Read Time":0.0,"I/O Write Time":0.0,"Temp I/O Read Time":0.0,"Temp I/O Write Time":0.0}]}]},{"Node Type":"Hash","Parent Relationship":"Inner","Parallel Aware":false,"Async Capable":false,"Startup Cost":2.99,"Total Cost":2.99,"Plan Rows":12,"Plan Width":12,"Actual Startup Time":0.041,"Actual Total Time":0.046,"Actual Rows":22,"Actual Loops":1,"Output":["nation.n_name","nation.n_nationkey"],"Hash Buckets":1024,"Original Hash Buckets":1024,"Hash Batches":1,"Original Hash Batches":1,"Peak Memory Usage":9,"Shared Hit Blocks":2,"Shared Read Blocks":0,"Shared Dirtied Blocks":0,"Shared Written Blocks":0,"Local Hit Blocks":0,"Local Read Blocks":0,"Local Dirtied Blocks":0,"Local Written Blocks":0,"Temp Read Blocks":0,"Temp Written Blocks":0,"I/O Read Time":0.0,"I/O Write Time":0.0,"Temp I/O Read Time":0.0,"Temp I/O Write Time":0.0,"Plans":[{"Node Type":"Hash Join","Parent Relationship":"Outer","Parallel Aware":false,"Async Capable":false,"Join Type":"Inner","Startup Cost":1.07,"Total Cost":2.99,"Plan Rows":12,"Plan Width":12,"Actual Startup Time":0.024,"Actual Total Time":0.039,"Actual Rows":22,"Actual Loops":1,"Output":["nation.n_name","nation.n_nationkey"],"Inner Unique":true,"Hash Cond":"(nation.n_regionkey = region.r_regionkey)","Shared Hit Blocks":2,"Shared Read Blocks":0,"Shared Dirtied Blocks":0,"Shared Written Blocks":0,"Local Hit Blocks":0,"Local Read Blocks":0,"Local Dirtied Blocks":0,"Local Written Blocks":0,"Temp Read Blocks":0,"Temp Written Blocks":0,"I/O Read Time":0.0,"I/O Write Time":0.0,"Temp I/O Read Time":0.0,"Temp I/O Write Time":0.0,"Plans":[{"Node Type":"Seq Scan","Parent Relationship":"Outer","Parallel Aware":false,"Async Capable":false,"Relation Name":"nation","Schema":"public","Alias":"nation","Startup Cost":0.0,"Total Cost":1.62,"Plan Rows":62,"Plan Width":16,"Actual Startup Time":0.006,"Actual Total Time":0.009,"Actual Rows":62,"Actual Loops":1,"Output":["nation.n_nationkey","nation.n_name","nation.n_regionkey","nation.n_comment"],"Shared Hit Blocks":1,"Shared Read Blocks":0,"Shared Dirtied Blocks":0,"Shared Written Blocks":0,"Local Hit Blocks":0,"Local Read Blocks":0,"Local Dirtied Blocks":0,"Local Written Blocks":0,"Temp Read Blocks":0,"Temp Written Blocks":0,"I/O Read Time":0.0,"I/O Write Time":0.0,"Temp I/O Read Time":0.0,"Temp I/O Write Time":0.0},{"Node Type":"Hash","Parent Relationship":"Inner","Parallel Aware":false,"Async Capable":false,"Startup Cost":1.06,"Total Cost":1.06,"Plan Rows":1,"Plan Width":4,"Actual Startup Time":0.008,"Actual Total Time":0.009,"Actual Rows":1,"Actual Loops":1,"Output":["region.r_regionkey"],"Hash Buckets":1024,"Original Hash Buckets":1024,"Hash Batches":1,"Original Hash Batches":1,"Peak Memory Usage":9,"Shared Hit Blocks":1,"Shared Read Blocks":0,"Shared Dirtied Blocks":0,"Shared Written Blocks":0,"Local Hit Blocks":0,"Local Read Blocks":0,"Local Dirtied Blocks":0,"Local Written Blocks":0,"Temp Read Blocks":0,"Temp Written Blocks":0,"I/O Read Time":0.0,"I/O Write Time":0.0,"Temp I/O Read Time":0.0,"Temp I/O Write Time":0.0,"Plans":[{"Node Type":"Seq Scan","Parent Relationship":"Outer","Parallel Aware":false,"Async Capable":false,"Relation Name":"region","Schema":"public","Alias":"region","Startup Cost":0.0,"Total Cost":1.06,"Plan Rows":1,"Plan Width":4,"Actual Startup Time":0.006,"Actual Total Time":0.006,"Actual Rows":1,"Actual Loops":1,"Output":["region.r_regionkey"],"Filter":"((region.r_name)::text = 'Europe'::text)","Rows Removed by Filter":4,"Shared Hit Blocks":1,"Shared Read Blocks":0,"Shared Dirtied Blocks":0,"Shared Written Blocks":0,"Local Hit Blocks":0,"Local Read Blocks":0,"Local Dirtied Blocks":0,"Local Written Blocks":0,"Temp Read Blocks":0,"Temp Written Blocks":0,"I/O Read Time":0.0,"I/O Write Time":0.0,"Temp I/O Read Time":0.0,"Temp I/O Write Time":0.0}]}]}]}]}]},{"Node Type":"Index Only Scan","Parent Relationship":"Inner","Parallel Aware":false,"Async Capable":false,"Scan Direction":"Forward","Index Name":"stock_pk","Relation Name":"stock","Schema":"public","Alias":"stock","Startup Cost":0.43,"Total Cost":259690.86,"Plan Rows":10000162,"Plan Width":6,"Actual Startup Time":0.045,"Actual Total Time":724.75,"Actual Rows":9999996,"Actual Loops":1,"Output":["stock.s_w_id","stock.s_i_id"],"Heap Fetches":0,"Shared Hit Blocks":27338,"Shared Read Blocks":0,"Shared Dirtied Blocks":0,"Shared Written Blocks":0,"Local Hit Blocks":0,"Local Read Blocks":0,"Local Dirtied Blocks":0,"Local Written Blocks":0,"Temp Read Blocks":0,"Temp Written Blocks":0,"I/O Read Time":0.0,"I/O Write Time":0.0,"Temp I/O Read Time":0.0,"Temp I/O Write Time":0.0}]},{"Node Type":"Hash","Parent Relationship":"Inner","Parallel Aware":false,"Async Capable":false,"Startup Cost":317.0,"Total Cost":317.0,"Plan Rows":10000,"Plan Width":8,"Actual Startup Time":2.658,"Actual Total Time":2.658,"Actual Rows":10000,"Actual Loops":1,"Output":["supplier.su_suppkey","supplier.su_nationkey"],"Hash Buckets":16384,"Original Hash Buckets":16384,"Hash Batches":1,"Original Hash Batches":1,"Peak Memory Usage":519,"Shared Hit Blocks":217,"Shared Read Blocks":0,"Shared Dirtied Blocks":0,"Shared Written Blocks":0,"Local Hit Blocks":0,"Local Read Blocks":0,"Local Dirtied Blocks":0,"Local Written Blocks":0,"Temp Read Blocks":0,"Temp Written Blocks":0,"I/O Read Time":0.0,"I/O Write Time":0.0,"Temp I/O Read Time":0.0,"Temp I/O Write Time":0.0,"Plans":[{"Node Type":"Seq Scan","Parent Relationship":"Outer","Parallel Aware":false,"Async Capable":false,"Relation Name":"supplier","Schema":"public","Alias":"supplier","Startup Cost":0.0,"Total Cost":317.0,"Plan Rows":10000,"Plan Width":8,"Actual Startup Time":0.01,"Actual Total Time":1.364,"Actual Rows":10000,"Actual Loops":1,"Output":["supplier.su_suppkey","supplier.su_nationkey"],"Shared Hit Blocks":217,"Shared Read Blocks":0,"Shared Dirtied Blocks":0,"Shared Written Blocks":0,"Local Hit Blocks":0,"Local Read Blocks":0,"Local Dirtied Blocks":0,"Local Written Blocks":0,"Temp Read Blocks":0,"Temp Written Blocks":0,"I/O Read Time":0.0,"I/O Write Time":0.0,"Temp I/O Read Time":0.0,"Temp I/O Write Time":0.0}]}]}]}]}]},"Planning":{"Shared Hit Blocks":16,"Shared Read Blocks":0,"Shared Dirtied Blocks":0,"Shared Written Blocks":0,"Local Hit Blocks":0,"Local Read Blocks":0,"Local Dirtied Blocks":0,"Local Written Blocks":0,"Temp Read Blocks":0,"Temp Written Blocks":0,"I/O Read Time":0.0,"I/O Write Time":0.0,"Temp I/O Read Time":0.0,"Temp I/O Write Time":0.0},"Planning Time":4.845,"Triggers":[],"Execution Time":16502.493}]
[列存组合]: nation, orders, region, supplier
[{"Plan":{"Node Type":"Sort","Parallel Aware":false,"Async Capable":false,"Startup Cost":2015771.79,"Total Cost":2015771.95,"Plan Rows":62,"Plan Width":40,"Actual Startup Time":16508.445,"Actual Total Time":16508.468,"Actual Rows":11,"Actual Loops":1,"Output":["nation.n_name","(sum(order_line.ol_amount))"],"Sort Key":["(sum(order_line.ol_amount)) DESC"],"Sort Method":"quicksort","Sort Space Used":25,"Sort Space Type":"Memory","Shared Hit Blocks":597828,"Shared Read Blocks":0,"Shared Dirtied Blocks":0,"Shared Written Blocks":0,"Local Hit Blocks":0,"Local Read Blocks":0,"Local Dirtied Blocks":0,"Local Written Blocks":0,"Temp Read Blocks":129460,"Temp Written Blocks":129487,"I/O Read Time":0.0,"I/O Write Time":0.0,"Temp I/O Read Time":201.185,"Temp I/O Write Time":512.076,"Plans":[{"Node Type":"Aggregate","Strategy":"Sorted","Partial Mode":"Simple","Parent Relationship":"Outer","Parallel Aware":false,"Async Capable":false,"Startup Cost":2015696.01,"Total Cost":2015769.95,"Plan Rows":62,"Plan Width":40,"Actual Startup Time":16505.572,"Actual Total Time":16508.456,"Actual Rows":11,"Actual Loops":1,"Output":["nation.n_name","sum(order_line.ol_amount)"],"Group Key":["nation.n_name"],"Shared Hit Blocks":597828,"Shared Read Blocks":0,"Shared Dirtied Blocks":0,"Shared Written Blocks":0,"Local Hit Blocks":0,"Local Read Blocks":0,"Local Dirtied Blocks":0,"Local Written Blocks":0,"Temp Read Blocks":129460,"Temp Written Blocks":129487,"I/O Read Time":0.0,"I/O Write Time":0.0,"Temp I/O Read Time":201.185,"Temp I/O Write Time":512.076,"Plans":[{"Node Type":"Sort","Parent Relationship":"Outer","Parallel Aware":false,"Async Capable":false,"Startup Cost":2015696.01,"Total Cost":2015720.4,"Plan Rows":9755,"Plan Width":12,"Actual Startup Time":16505.359,"Actual Total Time":16506.128,"Actual Rows":17493,"Actual Loops":1,"Output":["nation.n_name","order_line.ol_amount"],"Sort Key":["nation.n_name"],"Sort Method":"quicksort","Sort Space Used":1725,"Sort Space Type":"Memory","Shared Hit Blocks":597828,"Shared Read Blocks":0,"Shared Dirtied Blocks":0,"Shared Written Blocks":0,"Local Hit Blocks":0,"Local Read Blocks":0,"Local Dirtied Blocks":0,"Local Written Blocks":0,"Temp Read Blocks":129460,"Temp Written Blocks":129487,"I/O Read Time":0.0,"I/O Write Time":0.0,"Temp I/O Read Time":201.185,"Temp I/O Write Time":512.076,"Plans":[{"Node Type":"Hash Join","Parent Relationship":"Outer","Parallel Aware":false,"Async Capable":false,"Join Type":"Inner","Startup Cost":1691552.74,"Total Cost":2015049.65,"Plan Rows":9755,"Plan Width":12,"Actual Startup Time":14616.727,"Actual Total Time":16496.576,"Actual Rows":17493,"Actual Loops":1,"Output":["nation.n_name","order_line.ol_amount"],"Inner Unique":true,"Hash Cond":"((mod((stock.s_w_id * stock.s_i_id), 10000) = supplier.su_suppkey) AND (customer.c_nationkey = supplier.su_nationkey))","Shared Hit Blocks":597828,"Shared Read Blocks":0,"Shared Dirtied Blocks":0,"Shared Written Blocks":0,"Local Hit Blocks":0,"Local Read Blocks":0,"Local Dirtied Blocks":0,"Local Written Blocks":0,"Temp Read Blocks":129460,"Temp Written Blocks":129487,"I/O Read Time":0.0,"I/O Write Time":0.0,"Temp I/O Read Time":201.185,"Temp I/O Write Time":512.076,"Plans":[{"Node Type":"Merge Join","Parent Relationship":"Outer","Parallel Aware":false,"Async Capable":false,"Join Type":"Inner","Startup Cost":1691183.71,"Total Cost":2011365.49,"Plan Rows":602749,"Plan Width":26,"Actual Startup Time":14613.146,"Actual Total Time":16354.176,"Actual Rows":1109507,"Actual Loops":1,"Output":["customer.c_nationkey","order_line.ol_amount","stock.s_w_id","stock.s_i_id","nation.n_name","nation.n_nationkey"],"Inner Unique":true,"Merge Cond":"((customer.c_w_id = stock.s_w_id) AND (order_line.ol_i_id = stock.s_i_id))","Shared Hit Blocks":597828,"Shared Read Blocks":0,"Shared Dirtied Blocks":0,"Shared Written Blocks":0,"Local Hit Blocks":0,"Local Read Blocks":0,"Local Dirtied Blocks":0,"Local Written Blocks":0,"Temp Read Blocks":129460,"Temp Written Blocks":129487,"I/O Read Time":0.0,"I/O Write Time":0.0,"Temp I/O Read Time":201.185,"Temp I/O Write Time":512.076,"Plans":[{"Node Type":"Sort","Parent Relationship":"Outer","Parallel Aware":false,"Async Capable":false,"Startup Cost":1691183.28,"Total Cost":1692670.96,"Plan Rows":595073,"Plan Width":30,"Actual Startup Time":14613.087,"Actual Total Time":14792.484,"Actual Rows":1109507,"Actual Loops":1,"Output":["customer.c_w_id","customer.c_nationkey","orders.o_w_id","order_line.ol_amount","order_line.ol_w_id","order_line.ol_i_id","nation.n_name","nation.n_nationkey"],"Sort Key":["customer.c_w_id","order_line.ol_i_id"],"Sort Method":"external merge","Sort Space Used":47304,"Sort Space Type":"Disk","Shared Hit Blocks":570490,"Shared Read Blocks":0,"Shared Dirtied Blocks":0,"Shared Written Blocks":0,"Local Hit Blocks":0,"Local Read Blocks":0,"Local Dirtied Blocks":0,"Local Written Blocks":0,"Temp Read Blocks":129460,"Temp Written Blocks":129487,"I/O Read Time":0.0,"I/O Write Time":0.0,"Temp I/O Read Time":201.185,"Temp I/O Write Time":512.076,"Plans":[{"Node Type":"Hash Join","Parent Relationship":"Outer","Parallel Aware":false,"Async Capable":false,"Join Type":"Inner","Startup Cost":402039.66,"Total Cost":1619869.72,"Plan Rows":595073,"Plan Width":30,"Actual Startup Time":1409.28,"Actual Total Time":13224.293,"Actual Rows":1109507,"Actual Loops":1,"Output":["customer.c_w_id","customer.c_nationkey","orders.o_w_id","order_line.ol_amount","order_line.ol_w_id","order_line.ol_i_id","nation.n_name","nation.n_nationkey"],"Inner Unique":false,"Hash Cond":"(customer.c_nationkey = nation.n_nationkey)","Shared Hit Blocks":570490,"Shared Read Blocks":0,"Shared Dirtied Blocks":0,"Shared Written Blocks":0,"Local Hit Blocks":0,"Local Read Blocks":0,"Local Dirtied Blocks":0,"Local Written Blocks":0,"Temp Read Blocks":117643,"Temp Written Blocks":117643,"I/O Read Time":0.0,"I/O Write Time":0.0,"Temp I/O Read Time":183.691,"Temp I/O Write Time":480.76,"Plans":[{"Node Type":"Hash Join","Parent Relationship":"Outer","Parallel Aware":false,"Async Capable":false,"Join Type":"Inner","Startup Cost":402036.52,"Total Cost":1602950.18,"Plan Rows":2975367,"Plan Width":18,"Actual Startup Time":1399.804,"Actual Total Time":12801.734,"Actual Rows":4284922,"Actual Loops":1,"Output":["customer.c_w_id","customer.c_nationkey","orders.o_w_id","order_line.ol_amount","order_line.ol_w_id","order_line.ol_i_id"],"Inner Unique":true,"Hash Cond":"((orders.o_c_id = customer.c_id) AND (orders.o_w_id = customer.c_w_id) AND (orders.o_d_id = customer.c_d_id))","Shared Hit Blocks":570488,"Shared Read Blocks":0,"Shared Dirtied Blocks":0,"Shared Written Blocks":0,"Local Hit Blocks":0,"Local Read Blocks":0,"Local Dirtied Blocks":0,"Local Written Blocks":0,"Temp Read Blocks":117643,"Temp Written Blocks":117643,"I/O Read Time":0.0,"I/O Write Time":0.0,"Temp I/O Read Time":183.691,"Temp I/O Write Time":480.76,"Plans":[{"Node Type":"Hash Join","Parent Relationship":"Outer","Parallel Aware":false,"Async Capable":false,"Join Type":"Inner","Startup Cost":75291.73,"Total Cost":1203258.36,"Plan Rows":2975367,"Plan Width":20,"Actual Startup Time":246.052,"Actual Total Time":9512.825,"Actual Rows":4284922,"Actual Loops":1,"Output":["orders.o_c_id","orders.o_w_id","orders.o_d_id","order_line.ol_amount","order_line.ol_w_id","order_line.ol_d_id","order_line.ol_i_id"],"Inner Unique":true,"Hash Cond":"((order_line.ol_w_id = orders.o_w_id) AND (order_line.ol_d_id = orders.o_d_id) AND (order_line.ol_o_id = orders.o_id))","Shared Hit Blocks":340884,"Shared Read Blocks":0,"Shared Dirtied Blocks":0,"Shared Written Blocks":0,"Local Hit Blocks":0,"Local Read Blocks":0,"Local Dirtied Blocks":0,"Local Written Blocks":0,"Temp Read Blocks":85996,"Temp Written Blocks":85996,"I/O Read Time":0.0,"I/O Write Time":0.0,"Temp I/O Read Time":133.767,"Temp I/O Write Time":335.289,"Plans":[{"Node Type":"Seq Scan","Parent Relationship":"Outer","Parallel Aware":false,"Async Capable":false,"Relation Name":"order_line","Schema":"public","Alias":"order_line","Startup Cost":0.0,"Total Cost":715856.4,"Plan Rows":20926367,"Plan Width":20,"Actual Startup Time":0.006,"Actual Total Time":3663.96,"Actual Rows":21002151,"Actual Loops":1,"Output":["order_line.ol_amount","order_line.ol_o_id","order_line.ol_w_id","order_line.ol_d_id","order_line.ol_i_id"],"Filter":"(order_line.ol_delivery_d >= '1992-01-02 20:10:02.27764'::timestamp without time zone)","Rows Removed by Filter":8995581,"Shared Hit Blocks":340884,"Shared Read Blocks":0,"Shared Dirtied Blocks":0,"Shared Written Blocks":0,"Local Hit Blocks":0,"Local Read Blocks":0,"Local Dirtied Blocks":0,"Local Written Blocks":0,"Temp Read Blocks":0,"Temp Written Blocks":0,"I/O Read Time":0.0,"I/O Write Time":0.0,"Temp I/O Read Time":0.0,"Temp I/O Write Time":0.0},{"Node Type":"Hash","Parent Relationship":"Inner","Parallel Aware":false,"Async Capable":false,"Startup Cost":65744.12,"Total Cost":65744.12,"Plan Rows":426549,"Plan Width":16,"Actual Startup Time":177.652,"Actual Total Time":177.659,"Actual Rows":428399,"Actual Loops":1,"Output":["orders.o_c_id","orders.o_w_id","orders.o_d_id","orders.o_id"],"Hash Buckets":262144,"Original Hash Buckets":262144,"Hash Batches":4,"Original Hash Batches":4,"Peak Memory Usage":7080,"Shared Hit Blocks":0,"Shared Read Blocks":0,"Shared Dirtied Blocks":0,"Shared Written Blocks":0,"Local Hit Blocks":0,"Local Read Blocks":0,"Local Dirtied Blocks":0,"Local Written Blocks":0,"Temp Read Blocks":0,"Temp Written Blocks":1410,"I/O Read Time":0.0,"I/O Write Time":0.0,"Temp I/O Read Time":0.0,"Temp I/O Write Time":5.575,"Plans":[{"Node Type":"Append","Parent Relationship":"Outer","Parallel Aware":false,"Async Capable":false,"Startup Cost":20.0,"Total Cost":65744.12,"Plan Rows":426549,"Plan Width":16,"Actual Startup Time":0.507,"Actual Total Time":102.426,"Actual Rows":428399,"Actual Loops":1,"Shared Hit Blocks":0,"Shared Read Blocks":0,"Shared Dirtied Blocks":0,"Shared Written Blocks":0,"Local Hit Blocks":0,"Local Read Blocks":0,"Local Dirtied Blocks":0,"Local Written Blocks":0,"Temp Read Blocks":0,"Temp Written Blocks":0,"I/O Read Time":0.0,"I/O Write Time":0.0,"Temp I/O Read Time":0.0,"Temp I/O Write Time":0.0,"Subplans Removed":0,"Plans":[{"Node Type":"Custom Scan","Parent Relationship":"Member","Custom Plan Provider":"columnar scan","Parallel Aware":false,"Async Capable":false,"Relation Name":"orders","Schema":"public","Alias":"orders","Startup Cost":20.0,"Total Cost":10043.96,"Plan Rows":426548,"Plan Width":16,"Actual Startup Time":0.507,"Actual Total Time":71.868,"Actual Rows":428399,"Actual Loops":1,"Output":["orders.o_c_id","orders.o_w_id","orders.o_d_id","orders.o_id"],"Filter":"((orders.o_entry_d < '1994-01-02 20:10:02.27764'::timestamp without time zone) AND (orders.o_entry_d >= '1993-01-02 20:10:02.27764'::timestamp without time zone))","Rows Removed by Filter":0,"Rows Removed by Columnar Filter":2571601,"Columnar cache search mode":"native","Shared Hit Blocks":0,"Shared Read Blocks":0,"Shared Dirtied Blocks":0,"Shared Written Blocks":0,"Local Hit Blocks":0,"Local Read Blocks":0,"Local Dirtied Blocks":0,"Local Written Blocks":0,"Temp Read Blocks":0,"Temp Written Blocks":0,"I/O Read Time":0.0,"I/O Write Time":0.0,"Temp I/O Read Time":0.0,"Temp I/O Write Time":0.0},{"Node Type":"Seq Scan","Parent Relationship":"Member","Parallel Aware":false,"Async Capable":false,"Relation Name":"orders","Schema":"public","Alias":"orders","Startup Cost":0.0,"Total Cost":4.01,"Plan Rows":1,"Plan Width":16,"Actual Startup Time":0.0,"Actual Total Time":0.0,"Actual Rows":0,"Actual Loops":0,"Output":["orders.o_c_id","orders.o_w_id","orders.o_d_id","orders.o_id"],"Filter":"((orders.o_entry_d < '1994-01-02 20:10:02.27764'::timestamp without time zone) AND (orders.o_entry_d >= '1993-01-02 20:10:02.27764'::timestamp without time zone))","Rows Removed by Filter":0,"Shared Hit Blocks":0,"Shared Read Blocks":0,"Shared Dirtied Blocks":0,"Shared Written Blocks":0,"Local Hit Blocks":0,"Local Read Blocks":0,"Local Dirtied Blocks":0,"Local Written Blocks":0,"Temp Read Blocks":0,"Temp Written Blocks":0,"I/O Read Time":0.0,"I/O Write Time":0.0,"Temp I/O Read Time":0.0,"Temp I/O Write Time":0.0}]}]}]},{"Node Type":"Hash","Parent Relationship":"Inner","Parallel Aware":false,"Async Capable":false,"Startup Cost":259601.38,"Total Cost":259601.38,"Plan Rows":2999738,"Plan Width":12,"Actual Startup Time":1151.462,"Actual Total Time":1151.464,"Actual Rows":3000000,"Actual Loops":1,"Output":["customer.c_id","customer.c_w_id","customer.c_d_id","customer.c_nationkey"],"Hash Buckets":262144,"Original Hash Buckets":262144,"Hash Batches":32,"Original Hash Batches":32,"Peak Memory Usage":6090,"Shared Hit Blocks":229604,"Shared Read Blocks":0,"Shared Dirtied Blocks":0,"Shared Written Blocks":0,"Local Hit Blocks":0,"Local Read Blocks":0,"Local Dirtied Blocks":0,"Local Written Blocks":0,"Temp Read Blocks":0,"Temp Written Blocks":11335,"I/O Read Time":0.0,"I/O Write Time":0.0,"Temp I/O Read Time":0.0,"Temp I/O Write Time":52.338,"Plans":[{"Node Type":"Seq Scan","Parent Relationship":"Outer","Parallel Aware":false,"Async Capable":false,"Relation Name":"customer","Schema":"public","Alias":"customer","Startup Cost":0.0,"Total Cost":259601.38,"Plan Rows":2999738,"Plan Width":12,"Actual Startup Time":0.009,"Actual Total Time":649.229,"Actual Rows":3000000,"Actual Loops":1,"Output":["customer.c_id","customer.c_w_id","customer.c_d_id","customer.c_nationkey"],"Shared Hit Blocks":229604,"Shared Read Blocks":0,"Shared Dirtied Blocks":0,"Shared Written Blocks":0,"Local Hit Blocks":0,"Local Read Blocks":0,"Local Dirtied Blocks":0,"Local Written Blocks":0,"Temp Read Blocks":0,"Temp Written Blocks":0,"I/O Read Time":0.0,"I/O Write Time":0.0,"Temp I/O Read Time":0.0,"Temp I/O Write Time":0.0}]}]},{"Node Type":"Hash","Parent Relationship":"Inner","Parallel Aware":false,"Async Capable":false,"Startup Cost":2.99,"Total Cost":2.99,"Plan Rows":12,"Plan Width":12,"Actual Startup Time":0.035,"Actual Total Time":0.039,"Actual Rows":22,"Actual Loops":1,"Output":["nation.n_name","nation.n_nationkey"],"Hash Buckets":1024,"Original Hash Buckets":1024,"Hash Batches":1,"Original Hash Batches":1,"Peak Memory Usage":9,"Shared Hit Blocks":2,"Shared Read Blocks":0,"Shared Dirtied Blocks":0,"Shared Written Blocks":0,"Local Hit Blocks":0,"Local Read Blocks":0,"Local Dirtied Blocks":0,"Local Written Blocks":0,"Temp Read Blocks":0,"Temp Written Blocks":0,"I/O Read Time":0.0,"I/O Write Time":0.0,"Temp I/O Read Time":0.0,"Temp I/O Write Time":0.0,"Plans":[{"Node Type":"Hash Join","Parent Relationship":"Outer","Parallel Aware":false,"Async Capable":false,"Join Type":"Inner","Startup Cost":1.07,"Total Cost":2.99,"Plan Rows":12,"Plan Width":12,"Actual Startup Time":0.019,"Actual Total Time":0.034,"Actual Rows":22,"Actual Loops":1,"Output":["nation.n_name","nation.n_nationkey"],"Inner Unique":true,"Hash Cond":"(nation.n_regionkey = region.r_regionkey)","Shared Hit Blocks":2,"Shared Read Blocks":0,"Shared Dirtied Blocks":0,"Shared Written Blocks":0,"Local Hit Blocks":0,"Local Read Blocks":0,"Local Dirtied Blocks":0,"Local Written Blocks":0,"Temp Read Blocks":0,"Temp Written Blocks":0,"I/O Read Time":0.0,"I/O Write Time":0.0,"Temp I/O Read Time":0.0,"Temp I/O Write Time":0.0,"Plans":[{"Node Type":"Seq Scan","Parent Relationship":"Outer","Parallel Aware":false,"Async Capable":false,"Relation Name":"nation","Schema":"public","Alias":"nation","Startup Cost":0.0,"Total Cost":1.62,"Plan Rows":62,"Plan Width":16,"Actual Startup Time":0.007,"Actual Total Time":0.01,"Actual Rows":62,"Actual Loops":1,"Output":["nation.n_nationkey","nation.n_name","nation.n_regionkey","nation.n_comment"],"Shared Hit Blocks":1,"Shared Read Blocks":0,"Shared Dirtied Blocks":0,"Shared Written Blocks":0,"Local Hit Blocks":0,"Local Read Blocks":0,"Local Dirtied Blocks":0,"Local Written Blocks":0,"Temp Read Blocks":0,"Temp Written Blocks":0,"I/O Read Time":0.0,"I/O Write Time":0.0,"Temp I/O Read Time":0.0,"Temp I/O Write Time":0.0},{"Node Type":"Hash","Parent Relationship":"Inner","Parallel Aware":false,"Async Capable":false,"Startup Cost":1.06,"Total Cost":1.06,"Plan Rows":1,"Plan Width":4,"Actual Startup Time":0.007,"Actual Total Time":0.008,"Actual Rows":1,"Actual Loops":1,"Output":["region.r_regionkey"],"Hash Buckets":1024,"Original Hash Buckets":1024,"Hash Batches":1,"Original Hash Batches":1,"Peak Memory Usage":9,"Shared Hit Blocks":1,"Shared Read Blocks":0,"Shared Dirtied Blocks":0,"Shared Written Blocks":0,"Local Hit Blocks":0,"Local Read Blocks":0,"Local Dirtied Blocks":0,"Local Written Blocks":0,"Temp Read Blocks":0,"Temp Written Blocks":0,"I/O Read Time":0.0,"I/O Write Time":0.0,"Temp I/O Read Time":0.0,"Temp I/O Write Time":0.0,"Plans":[{"Node Type":"Seq Scan","Parent Relationship":"Outer","Parallel Aware":false,"Async Capable":false,"Relation Name":"region","Schema":"public","Alias":"region","Startup Cost":0.0,"Total Cost":1.06,"Plan Rows":1,"Plan Width":4,"Actual Startup Time":0.006,"Actual Total Time":0.006,"Actual Rows":1,"Actual Loops":1,"Output":["region.r_regionkey"],"Filter":"((region.r_name)::text = 'Europe'::text)","Rows Removed by Filter":4,"Shared Hit Blocks":1,"Shared Read Blocks":0,"Shared Dirtied Blocks":0,"Shared Written Blocks":0,"Local Hit Blocks":0,"Local Read Blocks":0,"Local Dirtied Blocks":0,"Local Written Blocks":0,"Temp Read Blocks":0,"Temp Written Blocks":0,"I/O Read Time":0.0,"I/O Write Time":0.0,"Temp I/O Read Time":0.0,"Temp I/O Write Time":0.0}]}]}]}]}]},{"Node Type":"Index Only Scan","Parent Relationship":"Inner","Parallel Aware":false,"Async Capable":false,"Scan Direction":"Forward","Index Name":"stock_pk","Relation Name":"stock","Schema":"public","Alias":"stock","Startup Cost":0.43,"Total Cost":259690.86,"Plan Rows":10000162,"Plan Width":6,"Actual Startup Time":0.045,"Actual Total Time":728.727,"Actual Rows":9999996,"Actual Loops":1,"Output":["stock.s_w_id","stock.s_i_id"],"Heap Fetches":0,"Shared Hit Blocks":27338,"Shared Read Blocks":0,"Shared Dirtied Blocks":0,"Shared Written Blocks":0,"Local Hit Blocks":0,"Local Read Blocks":0,"Local Dirtied Blocks":0,"Local Written Blocks":0,"Temp Read Blocks":0,"Temp Written Blocks":0,"I/O Read Time":0.0,"I/O Write Time":0.0,"Temp I/O Read Time":0.0,"Temp I/O Write Time":0.0}]},{"Node Type":"Hash","Parent Relationship":"Inner","Parallel Aware":false,"Async Capable":false,"Startup Cost":219.01,"Total Cost":219.01,"Plan Rows":10001,"Plan Width":8,"Actual Startup Time":3.185,"Actual Total Time":3.187,"Actual Rows":10000,"Actual Loops":1,"Output":["supplier.su_suppkey","supplier.su_nationkey"],"Hash Buckets":16384,"Original Hash Buckets":16384,"Hash Batches":1,"Original Hash Batches":1,"Peak Memory Usage":519,"Shared Hit Blocks":0,"Shared Read Blocks":0,"Shared Dirtied Blocks":0,"Shared Written Blocks":0,"Local Hit Blocks":0,"Local Read Blocks":0,"Local Dirtied Blocks":0,"Local Written Blocks":0,"Temp Read Blocks":0,"Temp Written Blocks":0,"I/O Read Time":0.0,"I/O Write Time":0.0,"Temp I/O Read Time":0.0,"Temp I/O Write Time":0.0,"Plans":[{"Node Type":"Append","Parent Relationship":"Outer","Parallel Aware":false,"Async Capable":false,"Startup Cost":20.0,"Total Cost":219.01,"Plan Rows":10001,"Plan Width":8,"Actual Startup Time":0.012,"Actual Total Time":1.826,"Actual Rows":10000,"Actual Loops":1,"Shared Hit Blocks":0,"Shared Read Blocks":0,"Shared Dirtied Blocks":0,"Shared Written Blocks":0,"Local Hit Blocks":0,"Local Read Blocks":0,"Local Dirtied Blocks":0,"Local Written Blocks":0,"Temp Read Blocks":0,"Temp Written Blocks":0,"I/O Read Time":0.0,"I/O Write Time":0.0,"Temp I/O Read Time":0.0,"Temp I/O Write Time":0.0,"Subplans Removed":0,"Plans":[{"Node Type":"Custom Scan","Parent Relationship":"Member","Custom Plan Provider":"columnar scan","Parallel Aware":false,"Async Capable":false,"Relation Name":"supplier","Schema":"public","Alias":"supplier","Startup Cost":20.0,"Total Cost":215.0,"Plan Rows":10000,"Plan Width":8,"Actual Startup Time":0.011,"Actual Total Time":1.077,"Actual Rows":10000,"Actual Loops":1,"Output":["supplier.su_suppkey","supplier.su_nationkey"],"Rows Removed by Columnar Filter":0,"Columnar cache search mode":"native","Shared Hit Blocks":0,"Shared Read Blocks":0,"Shared Dirtied Blocks":0,"Shared Written Blocks":0,"Local Hit Blocks":0,"Local Read Blocks":0,"Local Dirtied Blocks":0,"Local Written Blocks":0,"Temp Read Blocks":0,"Temp Written Blocks":0,"I/O Read Time":0.0,"I/O Write Time":0.0,"Temp I/O Read Time":0.0,"Temp I/O Write Time":0.0},{"Node Type":"Seq Scan","Parent Relationship":"Member","Parallel Aware":false,"Async Capable":false,"Relation Name":"supplier","Schema":"public","Alias":"supplier","Startup Cost":0.0,"Total Cost":4.01,"Plan Rows":1,"Plan Width":8,"Actual Startup Time":0.0,"Actual Total Time":0.0,"Actual Rows":0,"Actual Loops":0,"Output":["supplier.su_suppkey","supplier.su_nationkey"],"Shared Hit Blocks":0,"Shared Read Blocks":0,"Shared Dirtied Blocks":0,"Shared Written Blocks":0,"Local Hit Blocks":0,"Local Read Blocks":0,"Local Dirtied Blocks":0,"Local Written Blocks":0,"Temp Read Blocks":0,"Temp Written Blocks":0,"I/O Read Time":0.0,"I/O Write Time":0.0,"Temp I/O Read Time":0.0,"Temp I/O Write Time":0.0}]}]}]}]}]}]},"Planning":{"Shared Hit Blocks":16,"Shared Read Blocks":0,"Shared Dirtied Blocks":0,"Shared Written Blocks":0,"Local Hit Blocks":0,"Local Read Blocks":0,"Local Dirtied Blocks":0,"Local Written Blocks":0,"Temp Read Blocks":0,"Temp Written Blocks":0,"I/O Read Time":0.0,"I/O Write Time":0.0,"Temp I/O Read Time":0.0,"Temp I/O Write Time":0.0},"Planning Time":4.21,"Triggers":[],"Execution Time":16516.648}]
[列存组合]: nation, orders, stock, supplier
[{"Plan":{"Node Type":"Sort","Parallel Aware":false,"Async Capable":false,"Startup Cost":2015771.79,"Total Cost":2015771.95,"Plan Rows":62,"Plan Width":40,"Actual Startup Time":16477.254,"Actual Total Time":16477.278,"Actual Rows":11,"Actual Loops":1,"Output":["nation.n_name","(sum(order_line.ol_amount))"],"Sort Key":["(sum(order_line.ol_amount)) DESC"],"Sort Method":"quicksort","Sort Space Used":25,"Sort Space Type":"Memory","Shared Hit Blocks":597828,"Shared Read Blocks":0,"Shared Dirtied Blocks":0,"Shared Written Blocks":0,"Local Hit Blocks":0,"Local Read Blocks":0,"Local Dirtied Blocks":0,"Local Written Blocks":0,"Temp Read Blocks":129460,"Temp Written Blocks":129487,"I/O Read Time":0.0,"I/O Write Time":0.0,"Temp I/O Read Time":207.448,"Temp I/O Write Time":520.213,"Plans":[{"Node Type":"Aggregate","Strategy":"Sorted","Partial Mode":"Simple","Parent Relationship":"Outer","Parallel Aware":false,"Async Capable":false,"Startup Cost":2015696.01,"Total Cost":2015769.95,"Plan Rows":62,"Plan Width":40,"Actual Startup Time":16474.364,"Actual Total Time":16477.263,"Actual Rows":11,"Actual Loops":1,"Output":["nation.n_name","sum(order_line.ol_amount)"],"Group Key":["nation.n_name"],"Shared Hit Blocks":597828,"Shared Read Blocks":0,"Shared Dirtied Blocks":0,"Shared Written Blocks":0,"Local Hit Blocks":0,"Local Read Blocks":0,"Local Dirtied Blocks":0,"Local Written Blocks":0,"Temp Read Blocks":129460,"Temp Written Blocks":129487,"I/O Read Time":0.0,"I/O Write Time":0.0,"Temp I/O Read Time":207.448,"Temp I/O Write Time":520.213,"Plans":[{"Node Type":"Sort","Parent Relationship":"Outer","Parallel Aware":false,"Async Capable":false,"Startup Cost":2015696.01,"Total Cost":2015720.4,"Plan Rows":9755,"Plan Width":12,"Actual Startup Time":16474.151,"Actual Total Time":16474.931,"Actual Rows":17493,"Actual Loops":1,"Output":["nation.n_name","order_line.ol_amount"],"Sort Key":["nation.n_name"],"Sort Method":"quicksort","Sort Space Used":1725,"Sort Space Type":"Memory","Shared Hit Blocks":597828,"Shared Read Blocks":0,"Shared Dirtied Blocks":0,"Shared Written Blocks":0,"Local Hit Blocks":0,"Local Read Blocks":0,"Local Dirtied Blocks":0,"Local Written Blocks":0,"Temp Read Blocks":129460,"Temp Written Blocks":129487,"I/O Read Time":0.0,"I/O Write Time":0.0,"Temp I/O Read Time":207.448,"Temp I/O Write Time":520.213,"Plans":[{"Node Type":"Hash Join","Parent Relationship":"Outer","Parallel Aware":false,"Async Capable":false,"Join Type":"Inner","Startup Cost":1691552.74,"Total Cost":2015049.65,"Plan Rows":9755,"Plan Width":12,"Actual Startup Time":14591.078,"Actual Total Time":16465.267,"Actual Rows":17493,"Actual Loops":1,"Output":["nation.n_name","order_line.ol_amount"],"Inner Unique":true,"Hash Cond":"((mod((stock.s_w_id * stock.s_i_id), 10000) = supplier.su_suppkey) AND (customer.c_nationkey = supplier.su_nationkey))","Shared Hit Blocks":597828,"Shared Read Blocks":0,"Shared Dirtied Blocks":0,"Shared Written Blocks":0,"Local Hit Blocks":0,"Local Read Blocks":0,"Local Dirtied Blocks":0,"Local Written Blocks":0,"Temp Read Blocks":129460,"Temp Written Blocks":129487,"I/O Read Time":0.0,"I/O Write Time":0.0,"Temp I/O Read Time":207.448,"Temp I/O Write Time":520.213,"Plans":[{"Node Type":"Merge Join","Parent Relationship":"Outer","Parallel Aware":false,"Async Capable":false,"Join Type":"Inner","Startup Cost":1691183.71,"Total Cost":2011365.49,"Plan Rows":602749,"Plan Width":26,"Actual Startup Time":14587.409,"Actual Total Time":16322.984,"Actual Rows":1109507,"Actual Loops":1,"Output":["customer.c_nationkey","order_line.ol_amount","stock.s_w_id","stock.s_i_id","nation.n_name","nation.n_nationkey"],"Inner Unique":true,"Merge Cond":"((customer.c_w_id = stock.s_w_id) AND (order_line.ol_i_id = stock.s_i_id))","Shared Hit Blocks":597828,"Shared Read Blocks":0,"Shared Dirtied Blocks":0,"Shared Written Blocks":0,"Local Hit Blocks":0,"Local Read Blocks":0,"Local Dirtied Blocks":0,"Local Written Blocks":0,"Temp Read Blocks":129460,"Temp Written Blocks":129487,"I/O Read Time":0.0,"I/O Write Time":0.0,"Temp I/O Read Time":207.448,"Temp I/O Write Time":520.213,"Plans":[{"Node Type":"Sort","Parent Relationship":"Outer","Parallel Aware":false,"Async Capable":false,"Startup Cost":1691183.28,"Total Cost":1692670.96,"Plan Rows":595073,"Plan Width":30,"Actual Startup Time":14587.35,"Actual Total Time":14767.188,"Actual Rows":1109507,"Actual Loops":1,"Output":["customer.c_w_id","customer.c_nationkey","orders.o_w_id","order_line.ol_amount","order_line.ol_w_id","order_line.ol_i_id","nation.n_name","nation.n_nationkey"],"Sort Key":["customer.c_w_id","order_line.ol_i_id"],"Sort Method":"external merge","Sort Space Used":47304,"Sort Space Type":"Disk","Shared Hit Blocks":570490,"Shared Read Blocks":0,"Shared Dirtied Blocks":0,"Shared Written Blocks":0,"Local Hit Blocks":0,"Local Read Blocks":0,"Local Dirtied Blocks":0,"Local Written Blocks":0,"Temp Read Blocks":129460,"Temp Written Blocks":129487,"I/O Read Time":0.0,"I/O Write Time":0.0,"Temp I/O Read Time":207.448,"Temp I/O Write Time":520.213,"Plans":[{"Node Type":"Hash Join","Parent Relationship":"Outer","Parallel Aware":false,"Async Capable":false,"Join Type":"Inner","Startup Cost":402039.66,"Total Cost":1619869.72,"Plan Rows":595073,"Plan Width":30,"Actual Startup Time":1409.36,"Actual Total Time":13199.514,"Actual Rows":1109507,"Actual Loops":1,"Output":["customer.c_w_id","customer.c_nationkey","orders.o_w_id","order_line.ol_amount","order_line.ol_w_id","order_line.ol_i_id","nation.n_name","nation.n_nationkey"],"Inner Unique":false,"Hash Cond":"(customer.c_nationkey = nation.n_nationkey)","Shared Hit Blocks":570490,"Shared Read Blocks":0,"Shared Dirtied Blocks":0,"Shared Written Blocks":0,"Local Hit Blocks":0,"Local Read Blocks":0,"Local Dirtied Blocks":0,"Local Written Blocks":0,"Temp Read Blocks":117643,"Temp Written Blocks":117643,"I/O Read Time":0.0,"I/O Write Time":0.0,"Temp I/O Read Time":189.557,"Temp I/O Write Time":488.724,"Plans":[{"Node Type":"Hash Join","Parent Relationship":"Outer","Parallel Aware":false,"Async Capable":false,"Join Type":"Inner","Startup Cost":402036.52,"Total Cost":1602950.18,"Plan Rows":2975367,"Plan Width":18,"Actual Startup Time":1399.889,"Actual Total Time":12775.259,"Actual Rows":4284922,"Actual Loops":1,"Output":["customer.c_w_id","customer.c_nationkey","orders.o_w_id","order_line.ol_amount","order_line.ol_w_id","order_line.ol_i_id"],"Inner Unique":true,"Hash Cond":"((orders.o_c_id = customer.c_id) AND (orders.o_w_id = customer.c_w_id) AND (orders.o_d_id = customer.c_d_id))","Shared Hit Blocks":570488,"Shared Read Blocks":0,"Shared Dirtied Blocks":0,"Shared Written Blocks":0,"Local Hit Blocks":0,"Local Read Blocks":0,"Local Dirtied Blocks":0,"Local Written Blocks":0,"Temp Read Blocks":117643,"Temp Written Blocks":117643,"I/O Read Time":0.0,"I/O Write Time":0.0,"Temp I/O Read Time":189.557,"Temp I/O Write Time":488.724,"Plans":[{"Node Type":"Hash Join","Parent Relationship":"Outer","Parallel Aware":false,"Async Capable":false,"Join Type":"Inner","Startup Cost":75291.73,"Total Cost":1203258.36,"Plan Rows":2975367,"Plan Width":20,"Actual Startup Time":245.798,"Actual Total Time":9483.672,"Actual Rows":4284922,"Actual Loops":1,"Output":["orders.o_c_id","orders.o_w_id","orders.o_d_id","order_line.ol_amount","order_line.ol_w_id","order_line.ol_d_id","order_line.ol_i_id"],"Inner Unique":true,"Hash Cond":"((order_line.ol_w_id = orders.o_w_id) AND (order_line.ol_d_id = orders.o_d_id) AND (order_line.ol_o_id = orders.o_id))","Shared Hit Blocks":340884,"Shared Read Blocks":0,"Shared Dirtied Blocks":0,"Shared Written Blocks":0,"Local Hit Blocks":0,"Local Read Blocks":0,"Local Dirtied Blocks":0,"Local Written Blocks":0,"Temp Read Blocks":85996,"Temp Written Blocks":85996,"I/O Read Time":0.0,"I/O Write Time":0.0,"Temp I/O Read Time":139.192,"Temp I/O Write Time":341.566,"Plans":[{"Node Type":"Seq Scan","Parent Relationship":"Outer","Parallel Aware":false,"Async Capable":false,"Relation Name":"order_line","Schema":"public","Alias":"order_line","Startup Cost":0.0,"Total Cost":715856.4,"Plan Rows":20926367,"Plan Width":20,"Actual Startup Time":0.006,"Actual Total Time":3668.538,"Actual Rows":21002151,"Actual Loops":1,"Output":["order_line.ol_amount","order_line.ol_o_id","order_line.ol_w_id","order_line.ol_d_id","order_line.ol_i_id"],"Filter":"(order_line.ol_delivery_d >= '1992-01-02 20:10:02.27764'::timestamp without time zone)","Rows Removed by Filter":8995581,"Shared Hit Blocks":340884,"Shared Read Blocks":0,"Shared Dirtied Blocks":0,"Shared Written Blocks":0,"Local Hit Blocks":0,"Local Read Blocks":0,"Local Dirtied Blocks":0,"Local Written Blocks":0,"Temp Read Blocks":0,"Temp Written Blocks":0,"I/O Read Time":0.0,"I/O Write Time":0.0,"Temp I/O Read Time":0.0,"Temp I/O Write Time":0.0},{"Node Type":"Hash","Parent Relationship":"Inner","Parallel Aware":false,"Async Capable":false,"Startup Cost":65744.12,"Total Cost":65744.12,"Plan Rows":426549,"Plan Width":16,"Actual Startup Time":177.559,"Actual Total Time":177.567,"Actual Rows":428399,"Actual Loops":1,"Output":["orders.o_c_id","orders.o_w_id","orders.o_d_id","orders.o_id"],"Hash Buckets":262144,"Original Hash Buckets":262144,"Hash Batches":4,"Original Hash Batches":4,"Peak Memory Usage":7080,"Shared Hit Blocks":0,"Shared Read Blocks":0,"Shared Dirtied Blocks":0,"Shared Written Blocks":0,"Local Hit Blocks":0,"Local Read Blocks":0,"Local Dirtied Blocks":0,"Local Written Blocks":0,"Temp Read Blocks":0,"Temp Written Blocks":1410,"I/O Read Time":0.0,"I/O Write Time":0.0,"Temp I/O Read Time":0.0,"Temp I/O Write Time":5.569,"Plans":[{"Node Type":"Append","Parent Relationship":"Outer","Parallel Aware":false,"Async Capable":false,"Startup Cost":20.0,"Total Cost":65744.12,"Plan Rows":426549,"Plan Width":16,"Actual Startup Time":0.571,"Actual Total Time":102.429,"Actual Rows":428399,"Actual Loops":1,"Shared Hit Blocks":0,"Shared Read Blocks":0,"Shared Dirtied Blocks":0,"Shared Written Blocks":0,"Local Hit Blocks":0,"Local Read Blocks":0,"Local Dirtied Blocks":0,"Local Written Blocks":0,"Temp Read Blocks":0,"Temp Written Blocks":0,"I/O Read Time":0.0,"I/O Write Time":0.0,"Temp I/O Read Time":0.0,"Temp I/O Write Time":0.0,"Subplans Removed":0,"Plans":[{"Node Type":"Custom Scan","Parent Relationship":"Member","Custom Plan Provider":"columnar scan","Parallel Aware":false,"Async Capable":false,"Relation Name":"orders","Schema":"public","Alias":"orders","Startup Cost":20.0,"Total Cost":10043.96,"Plan Rows":426548,"Plan Width":16,"Actual Startup Time":0.57,"Actual Total Time":72.179,"Actual Rows":428399,"Actual Loops":1,"Output":["orders.o_c_id","orders.o_w_id","orders.o_d_id","orders.o_id"],"Filter":"((orders.o_entry_d < '1994-01-02 20:10:02.27764'::timestamp without time zone) AND (orders.o_entry_d >= '1993-01-02 20:10:02.27764'::timestamp without time zone))","Rows Removed by Filter":0,"Rows Removed by Columnar Filter":2571601,"Columnar cache search mode":"native","Shared Hit Blocks":0,"Shared Read Blocks":0,"Shared Dirtied Blocks":0,"Shared Written Blocks":0,"Local Hit Blocks":0,"Local Read Blocks":0,"Local Dirtied Blocks":0,"Local Written Blocks":0,"Temp Read Blocks":0,"Temp Written Blocks":0,"I/O Read Time":0.0,"I/O Write Time":0.0,"Temp I/O Read Time":0.0,"Temp I/O Write Time":0.0},{"Node Type":"Seq Scan","Parent Relationship":"Member","Parallel Aware":false,"Async Capable":false,"Relation Name":"orders","Schema":"public","Alias":"orders","Startup Cost":0.0,"Total Cost":4.01,"Plan Rows":1,"Plan Width":16,"Actual Startup Time":0.0,"Actual Total Time":0.0,"Actual Rows":0,"Actual Loops":0,"Output":["orders.o_c_id","orders.o_w_id","orders.o_d_id","orders.o_id"],"Filter":"((orders.o_entry_d < '1994-01-02 20:10:02.27764'::timestamp without time zone) AND (orders.o_entry_d >= '1993-01-02 20:10:02.27764'::timestamp without time zone))","Rows Removed by Filter":0,"Shared Hit Blocks":0,"Shared Read Blocks":0,"Shared Dirtied Blocks":0,"Shared Written Blocks":0,"Local Hit Blocks":0,"Local Read Blocks":0,"Local Dirtied Blocks":0,"Local Written Blocks":0,"Temp Read Blocks":0,"Temp Written Blocks":0,"I/O Read Time":0.0,"I/O Write Time":0.0,"Temp I/O Read Time":0.0,"Temp I/O Write Time":0.0}]}]}]},{"Node Type":"Hash","Parent Relationship":"Inner","Parallel Aware":false,"Async Capable":false,"Startup Cost":259601.38,"Total Cost":259601.38,"Plan Rows":2999738,"Plan Width":12,"Actual Startup Time":1151.753,"Actual Total Time":1151.753,"Actual Rows":3000000,"Actual Loops":1,"Output":["customer.c_id","customer.c_w_id","customer.c_d_id","customer.c_nationkey"],"Hash Buckets":262144,"Original Hash Buckets":262144,"Hash Batches":32,"Original Hash Batches":32,"Peak Memory Usage":6090,"Shared Hit Blocks":229604,"Shared Read Blocks":0,"Shared Dirtied Blocks":0,"Shared Written Blocks":0,"Local Hit Blocks":0,"Local Read Blocks":0,"Local Dirtied Blocks":0,"Local Written Blocks":0,"Temp Read Blocks":0,"Temp Written Blocks":11335,"I/O Read Time":0.0,"I/O Write Time":0.0,"Temp I/O Read Time":0.0,"Temp I/O Write Time":52.612,"Plans":[{"Node Type":"Seq Scan","Parent Relationship":"Outer","Parallel Aware":false,"Async Capable":false,"Relation Name":"customer","Schema":"public","Alias":"customer","Startup Cost":0.0,"Total Cost":259601.38,"Plan Rows":2999738,"Plan Width":12,"Actual Startup Time":0.019,"Actual Total Time":649.469,"Actual Rows":3000000,"Actual Loops":1,"Output":["customer.c_id","customer.c_w_id","customer.c_d_id","customer.c_nationkey"],"Shared Hit Blocks":229604,"Shared Read Blocks":0,"Shared Dirtied Blocks":0,"Shared Written Blocks":0,"Local Hit Blocks":0,"Local Read Blocks":0,"Local Dirtied Blocks":0,"Local Written Blocks":0,"Temp Read Blocks":0,"Temp Written Blocks":0,"I/O Read Time":0.0,"I/O Write Time":0.0,"Temp I/O Read Time":0.0,"Temp I/O Write Time":0.0}]}]},{"Node Type":"Hash","Parent Relationship":"Inner","Parallel Aware":false,"Async Capable":false,"Startup Cost":2.99,"Total Cost":2.99,"Plan Rows":12,"Plan Width":12,"Actual Startup Time":0.041,"Actual Total Time":0.046,"Actual Rows":22,"Actual Loops":1,"Output":["nation.n_name","nation.n_nationkey"],"Hash Buckets":1024,"Original Hash Buckets":1024,"Hash Batches":1,"Original Hash Batches":1,"Peak Memory Usage":9,"Shared Hit Blocks":2,"Shared Read Blocks":0,"Shared Dirtied Blocks":0,"Shared Written Blocks":0,"Local Hit Blocks":0,"Local Read Blocks":0,"Local Dirtied Blocks":0,"Local Written Blocks":0,"Temp Read Blocks":0,"Temp Written Blocks":0,"I/O Read Time":0.0,"I/O Write Time":0.0,"Temp I/O Read Time":0.0,"Temp I/O Write Time":0.0,"Plans":[{"Node Type":"Hash Join","Parent Relationship":"Outer","Parallel Aware":false,"Async Capable":false,"Join Type":"Inner","Startup Cost":1.07,"Total Cost":2.99,"Plan Rows":12,"Plan Width":12,"Actual Startup Time":0.024,"Actual Total Time":0.04,"Actual Rows":22,"Actual Loops":1,"Output":["nation.n_name","nation.n_nationkey"],"Inner Unique":true,"Hash Cond":"(nation.n_regionkey = region.r_regionkey)","Shared Hit Blocks":2,"Shared Read Blocks":0,"Shared Dirtied Blocks":0,"Shared Written Blocks":0,"Local Hit Blocks":0,"Local Read Blocks":0,"Local Dirtied Blocks":0,"Local Written Blocks":0,"Temp Read Blocks":0,"Temp Written Blocks":0,"I/O Read Time":0.0,"I/O Write Time":0.0,"Temp I/O Read Time":0.0,"Temp I/O Write Time":0.0,"Plans":[{"Node Type":"Seq Scan","Parent Relationship":"Outer","Parallel Aware":false,"Async Capable":false,"Relation Name":"nation","Schema":"public","Alias":"nation","Startup Cost":0.0,"Total Cost":1.62,"Plan Rows":62,"Plan Width":16,"Actual Startup Time":0.006,"Actual Total Time":0.011,"Actual Rows":62,"Actual Loops":1,"Output":["nation.n_nationkey","nation.n_name","nation.n_regionkey","nation.n_comment"],"Shared Hit Blocks":1,"Shared Read Blocks":0,"Shared Dirtied Blocks":0,"Shared Written Blocks":0,"Local Hit Blocks":0,"Local Read Blocks":0,"Local Dirtied Blocks":0,"Local Written Blocks":0,"Temp Read Blocks":0,"Temp Written Blocks":0,"I/O Read Time":0.0,"I/O Write Time":0.0,"Temp I/O Read Time":0.0,"Temp I/O Write Time":0.0},{"Node Type":"Hash","Parent Relationship":"Inner","Parallel Aware":false,"Async Capable":false,"Startup Cost":1.06,"Total Cost":1.06,"Plan Rows":1,"Plan Width":4,"Actual Startup Time":0.008,"Actual Total Time":0.009,"Actual Rows":1,"Actual Loops":1,"Output":["region.r_regionkey"],"Hash Buckets":1024,"Original Hash Buckets":1024,"Hash Batches":1,"Original Hash Batches":1,"Peak Memory Usage":9,"Shared Hit Blocks":1,"Shared Read Blocks":0,"Shared Dirtied Blocks":0,"Shared Written Blocks":0,"Local Hit Blocks":0,"Local Read Blocks":0,"Local Dirtied Blocks":0,"Local Written Blocks":0,"Temp Read Blocks":0,"Temp Written Blocks":0,"I/O Read Time":0.0,"I/O Write Time":0.0,"Temp I/O Read Time":0.0,"Temp I/O Write Time":0.0,"Plans":[{"Node Type":"Seq Scan","Parent Relationship":"Outer","Parallel Aware":false,"Async Capable":false,"Relation Name":"region","Schema":"public","Alias":"region","Startup Cost":0.0,"Total Cost":1.06,"Plan Rows":1,"Plan Width":4,"Actual Startup Time":0.006,"Actual Total Time":0.006,"Actual Rows":1,"Actual Loops":1,"Output":["region.r_regionkey"],"Filter":"((region.r_name)::text = 'Europe'::text)","Rows Removed by Filter":4,"Shared Hit Blocks":1,"Shared Read Blocks":0,"Shared Dirtied Blocks":0,"Shared Written Blocks":0,"Local Hit Blocks":0,"Local Read Blocks":0,"Local Dirtied Blocks":0,"Local Written Blocks":0,"Temp Read Blocks":0,"Temp Written Blocks":0,"I/O Read Time":0.0,"I/O Write Time":0.0,"Temp I/O Read Time":0.0,"Temp I/O Write Time":0.0}]}]}]}]}]},{"Node Type":"Index Only Scan","Parent Relationship":"Inner","Parallel Aware":false,"Async Capable":false,"Scan Direction":"Forward","Index Name":"stock_pk","Relation Name":"stock","Schema":"public","Alias":"stock","Startup Cost":0.43,"Total Cost":259690.86,"Plan Rows":10000162,"Plan Width":6,"Actual Startup Time":0.046,"Actual Total Time":721.178,"Actual Rows":9999996,"Actual Loops":1,"Output":["stock.s_w_id","stock.s_i_id"],"Heap Fetches":0,"Shared Hit Blocks":27338,"Shared Read Blocks":0,"Shared Dirtied Blocks":0,"Shared Written Blocks":0,"Local Hit Blocks":0,"Local Read Blocks":0,"Local Dirtied Blocks":0,"Local Written Blocks":0,"Temp Read Blocks":0,"Temp Written Blocks":0,"I/O Read Time":0.0,"I/O Write Time":0.0,"Temp I/O Read Time":0.0,"Temp I/O Write Time":0.0}]},{"Node Type":"Hash","Parent Relationship":"Inner","Parallel Aware":false,"Async Capable":false,"Startup Cost":219.01,"Total Cost":219.01,"Plan Rows":10001,"Plan Width":8,"Actual Startup Time":3.242,"Actual Total Time":3.245,"Actual Rows":10000,"Actual Loops":1,"Output":["supplier.su_suppkey","supplier.su_nationkey"],"Hash Buckets":16384,"Original Hash Buckets":16384,"Hash Batches":1,"Original Hash Batches":1,"Peak Memory Usage":519,"Shared Hit Blocks":0,"Shared Read Blocks":0,"Shared Dirtied Blocks":0,"Shared Written Blocks":0,"Local Hit Blocks":0,"Local Read Blocks":0,"Local Dirtied Blocks":0,"Local Written Blocks":0,"Temp Read Blocks":0,"Temp Written Blocks":0,"I/O Read Time":0.0,"I/O Write Time":0.0,"Temp I/O Read Time":0.0,"Temp I/O Write Time":0.0,"Plans":[{"Node Type":"Append","Parent Relationship":"Outer","Parallel Aware":false,"Async Capable":false,"Startup Cost":20.0,"Total Cost":219.01,"Plan Rows":10001,"Plan Width":8,"Actual Startup Time":0.078,"Actual Total Time":1.936,"Actual Rows":10000,"Actual Loops":1,"Shared Hit Blocks":0,"Shared Read Blocks":0,"Shared Dirtied Blocks":0,"Shared Written Blocks":0,"Local Hit Blocks":0,"Local Read Blocks":0,"Local Dirtied Blocks":0,"Local Written Blocks":0,"Temp Read Blocks":0,"Temp Written Blocks":0,"I/O Read Time":0.0,"I/O Write Time":0.0,"Temp I/O Read Time":0.0,"Temp I/O Write Time":0.0,"Subplans Removed":0,"Plans":[{"Node Type":"Custom Scan","Parent Relationship":"Member","Custom Plan Provider":"columnar scan","Parallel Aware":false,"Async Capable":false,"Relation Name":"supplier","Schema":"public","Alias":"supplier","Startup Cost":20.0,"Total Cost":215.0,"Plan Rows":10000,"Plan Width":8,"Actual Startup Time":0.077,"Actual Total Time":1.174,"Actual Rows":10000,"Actual Loops":1,"Output":["supplier.su_suppkey","supplier.su_nationkey"],"Rows Removed by Columnar Filter":0,"Columnar cache search mode":"native","Shared Hit Blocks":0,"Shared Read Blocks":0,"Shared Dirtied Blocks":0,"Shared Written Blocks":0,"Local Hit Blocks":0,"Local Read Blocks":0,"Local Dirtied Blocks":0,"Local Written Blocks":0,"Temp Read Blocks":0,"Temp Written Blocks":0,"I/O Read Time":0.0,"I/O Write Time":0.0,"Temp I/O Read Time":0.0,"Temp I/O Write Time":0.0},{"Node Type":"Seq Scan","Parent Relationship":"Member","Parallel Aware":false,"Async Capable":false,"Relation Name":"supplier","Schema":"public","Alias":"supplier","Startup Cost":0.0,"Total Cost":4.01,"Plan Rows":1,"Plan Width":8,"Actual Startup Time":0.0,"Actual Total Time":0.0,"Actual Rows":0,"Actual Loops":0,"Output":["supplier.su_suppkey","supplier.su_nationkey"],"Shared Hit Blocks":0,"Shared Read Blocks":0,"Shared Dirtied Blocks":0,"Shared Written Blocks":0,"Local Hit Blocks":0,"Local Read Blocks":0,"Local Dirtied Blocks":0,"Local Written Blocks":0,"Temp Read Blocks":0,"Temp Written Blocks":0,"I/O Read Time":0.0,"I/O Write Time":0.0,"Temp I/O Read Time":0.0,"Temp I/O Write Time":0.0}]}]}]}]}]}]},"Planning":{"Shared Hit Blocks":16,"Shared Read Blocks":0,"Shared Dirtied Blocks":0,"Shared Written Blocks":0,"Local Hit Blocks":0,"Local Read Blocks":0,"Local Dirtied Blocks":0,"Local Written Blocks":0,"Temp Read Blocks":0,"Temp Written Blocks":0,"I/O Read Time":0.0,"I/O Write Time":0.0,"Temp I/O Read Time":0.0,"Temp I/O Write Time":0.0},"Planning Time":4.865,"Triggers":[],"Execution Time":16485.423}]
[列存组合]: nation, region, stock, supplier
[{"Plan":{"Node Type":"Sort","Parallel Aware":false,"Async Capable":false,"Startup Cost":2017086.66,"Total Cost":2017086.81,"Plan Rows":62,"Plan Width":40,"Actual Startup Time":16533.078,"Actual Total Time":16533.096,"Actual Rows":11,"Actual Loops":1,"Output":["nation.n_name","(sum(order_line.ol_amount))"],"Sort Key":["(sum(order_line.ol_amount)) DESC"],"Sort Method":"quicksort","Sort Space Used":25,"Sort Space Type":"Memory","Shared Hit Blocks":619887,"Shared Read Blocks":0,"Shared Dirtied Blocks":0,"Shared Written Blocks":0,"Local Hit Blocks":0,"Local Read Blocks":0,"Local Dirtied Blocks":0,"Local Written Blocks":0,"Temp Read Blocks":129460,"Temp Written Blocks":129487,"I/O Read Time":0.0,"I/O Write Time":0.0,"Temp I/O Read Time":206.346,"Temp I/O Write Time":521.151,"Plans":[{"Node Type":"Aggregate","Strategy":"Sorted","Partial Mode":"Simple","Parent Relationship":"Outer","Parallel Aware":false,"Async Capable":false,"Startup Cost":2017010.87,"Total Cost":2017084.81,"Plan Rows":62,"Plan Width":40,"Actual Startup Time":16530.261,"Actual Total Time":16533.08,"Actual Rows":11,"Actual Loops":1,"Output":["nation.n_name","sum(order_line.ol_amount)"],"Group Key":["nation.n_name"],"Shared Hit Blocks":619887,"Shared Read Blocks":0,"Shared Dirtied Blocks":0,"Shared Written Blocks":0,"Local Hit Blocks":0,"Local Read Blocks":0,"Local Dirtied Blocks":0,"Local Written Blocks":0,"Temp Read Blocks":129460,"Temp Written Blocks":129487,"I/O Read Time":0.0,"I/O Write Time":0.0,"Temp I/O Read Time":206.346,"Temp I/O Write Time":521.151,"Plans":[{"Node Type":"Sort","Parent Relationship":"Outer","Parallel Aware":false,"Async Capable":false,"Startup Cost":2017010.87,"Total Cost":2017035.26,"Plan Rows":9755,"Plan Width":12,"Actual Startup Time":16530.048,"Actual Total Time":16530.814,"Actual Rows":17493,"Actual Loops":1,"Output":["nation.n_name","order_line.ol_amount"],"Sort Key":["nation.n_name"],"Sort Method":"quicksort","Sort Space Used":1725,"Sort Space Type":"Memory","Shared Hit Blocks":619887,"Shared Read Blocks":0,"Shared Dirtied Blocks":0,"Shared Written Blocks":0,"Local Hit Blocks":0,"Local Read Blocks":0,"Local Dirtied Blocks":0,"Local Written Blocks":0,"Temp Read Blocks":129460,"Temp Written Blocks":129487,"I/O Read Time":0.0,"I/O Write Time":0.0,"Temp I/O Read Time":206.346,"Temp I/O Write Time":521.151,"Plans":[{"Node Type":"Hash Join","Parent Relationship":"Outer","Parallel Aware":false,"Async Capable":false,"Join Type":"Inner","Startup Cost":1692867.6,"Total Cost":2016364.51,"Plan Rows":9755,"Plan Width":12,"Actual Startup Time":14689.265,"Actual Total Time":16521.052,"Actual Rows":17493,"Actual Loops":1,"Output":["nation.n_name","order_line.ol_amount"],"Inner Unique":true,"Hash Cond":"((mod((stock.s_w_id * stock.s_i_id), 10000) = supplier.su_suppkey) AND (customer.c_nationkey = supplier.su_nationkey))","Shared Hit Blocks":619887,"Shared Read Blocks":0,"Shared Dirtied Blocks":0,"Shared Written Blocks":0,"Local Hit Blocks":0,"Local Read Blocks":0,"Local Dirtied Blocks":0,"Local Written Blocks":0,"Temp Read Blocks":129460,"Temp Written Blocks":129487,"I/O Read Time":0.0,"I/O Write Time":0.0,"Temp I/O Read Time":206.346,"Temp I/O Write Time":521.151,"Plans":[{"Node Type":"Merge Join","Parent Relationship":"Outer","Parallel Aware":false,"Async Capable":false,"Join Type":"Inner","Startup Cost":1692498.58,"Total Cost":2012680.35,"Plan Rows":602749,"Plan Width":26,"Actual Startup Time":14685.715,"Actual Total Time":16378.456,"Actual Rows":1109507,"Actual Loops":1,"Output":["customer.c_nationkey","order_line.ol_amount","stock.s_w_id","stock.s_i_id","nation.n_name","nation.n_nationkey"],"Inner Unique":true,"Merge Cond":"((customer.c_w_id = stock.s_w_id) AND (order_line.ol_i_id = stock.s_i_id))","Shared Hit Blocks":619887,"Shared Read Blocks":0,"Shared Dirtied Blocks":0,"Shared Written Blocks":0,"Local Hit Blocks":0,"Local Read Blocks":0,"Local Dirtied Blocks":0,"Local Written Blocks":0,"Temp Read Blocks":129460,"Temp Written Blocks":129487,"I/O Read Time":0.0,"I/O Write Time":0.0,"Temp I/O Read Time":206.346,"Temp I/O Write Time":521.151,"Plans":[{"Node Type":"Sort","Parent Relationship":"Outer","Parallel Aware":false,"Async Capable":false,"Startup Cost":1692498.14,"Total Cost":1693985.82,"Plan Rows":595073,"Plan Width":30,"Actual Startup Time":14685.66,"Actual Total Time":14865.309,"Actual Rows":1109507,"Actual Loops":1,"Output":["customer.c_w_id","customer.c_nationkey","orders.o_w_id","order_line.ol_amount","order_line.ol_w_id","order_line.ol_i_id","nation.n_name","nation.n_nationkey"],"Sort Key":["customer.c_w_id","order_line.ol_i_id"],"Sort Method":"external merge","Sort Space Used":47304,"Sort Space Type":"Disk","Shared Hit Blocks":592549,"Shared Read Blocks":0,"Shared Dirtied Blocks":0,"Shared Written Blocks":0,"Local Hit Blocks":0,"Local Read Blocks":0,"Local Dirtied Blocks":0,"Local Written Blocks":0,"Temp Read Blocks":129460,"Temp Written Blocks":129487,"I/O Read Time":0.0,"I/O Write Time":0.0,"Temp I/O Read Time":206.346,"Temp I/O Write Time":521.151,"Plans":[{"Node Type":"Hash Join","Parent Relationship":"Outer","Parallel Aware":false,"Async Capable":false,"Join Type":"Inner","Startup Cost":403354.53,"Total Cost":1621184.58,"Plan Rows":595073,"Plan Width":30,"Actual Startup Time":1515.735,"Actual Total Time":13299.566,"Actual Rows":1109507,"Actual Loops":1,"Output":["customer.c_w_id","customer.c_nationkey","orders.o_w_id","order_line.ol_amount","order_line.ol_w_id","order_line.ol_i_id","nation.n_name","nation.n_nationkey"],"Inner Unique":false,"Hash Cond":"(customer.c_nationkey = nation.n_nationkey)","Shared Hit Blocks":592549,"Shared Read Blocks":0,"Shared Dirtied Blocks":0,"Shared Written Blocks":0,"Local Hit Blocks":0,"Local Read Blocks":0,"Local Dirtied Blocks":0,"Local Written Blocks":0,"Temp Read Blocks":117643,"Temp Written Blocks":117643,"I/O Read Time":0.0,"I/O Write Time":0.0,"Temp I/O Read Time":188.419,"Temp I/O Write Time":489.827,"Plans":[{"Node Type":"Hash Join","Parent Relationship":"Outer","Parallel Aware":false,"Async Capable":false,"Join Type":"Inner","Startup Cost":403351.39,"Total Cost":1604265.05,"Plan Rows":2975367,"Plan Width":18,"Actual Startup Time":1506.233,"Actual Total Time":12879.217,"Actual Rows":4284922,"Actual Loops":1,"Output":["customer.c_w_id","customer.c_nationkey","orders.o_w_id","order_line.ol_amount","order_line.ol_w_id","order_line.ol_i_id"],"Inner Unique":true,"Hash Cond":"((orders.o_c_id = customer.c_id) AND (orders.o_w_id = customer.c_w_id) AND (orders.o_d_id = customer.c_d_id))","Shared Hit Blocks":592547,"Shared Read Blocks":0,"Shared Dirtied Blocks":0,"Shared Written Blocks":0,"Local Hit Blocks":0,"Local Read Blocks":0,"Local Dirtied Blocks":0,"Local Written Blocks":0,"Temp Read Blocks":117643,"Temp Written Blocks":117643,"I/O Read Time":0.0,"I/O Write Time":0.0,"Temp I/O Read Time":188.419,"Temp I/O Write Time":489.827,"Plans":[{"Node Type":"Hash Join","Parent Relationship":"Outer","Parallel Aware":false,"Async Capable":false,"Join Type":"Inner","Startup Cost":76606.59,"Total Cost":1204573.22,"Plan Rows":2975367,"Plan Width":20,"Actual Startup Time":361.709,"Actual Total Time":9606.828,"Actual Rows":4284922,"Actual Loops":1,"Output":["orders.o_c_id","orders.o_w_id","orders.o_d_id","order_line.ol_amount","order_line.ol_w_id","order_line.ol_d_id","order_line.ol_i_id"],"Inner Unique":true,"Hash Cond":"((order_line.ol_w_id = orders.o_w_id) AND (order_line.ol_d_id = orders.o_d_id) AND (order_line.ol_o_id = orders.o_id))","Shared Hit Blocks":362943,"Shared Read Blocks":0,"Shared Dirtied Blocks":0,"Shared Written Blocks":0,"Local Hit Blocks":0,"Local Read Blocks":0,"Local Dirtied Blocks":0,"Local Written Blocks":0,"Temp Read Blocks":85996,"Temp Written Blocks":85996,"I/O Read Time":0.0,"I/O Write Time":0.0,"Temp I/O Read Time":137.512,"Temp I/O Write Time":342.868,"Plans":[{"Node Type":"Seq Scan","Parent Relationship":"Outer","Parallel Aware":false,"Async Capable":false,"Relation Name":"order_line","Schema":"public","Alias":"order_line","Startup Cost":0.0,"Total Cost":715856.4,"Plan Rows":20926367,"Plan Width":20,"Actual Startup Time":0.007,"Actual Total Time":3691.277,"Actual Rows":21002151,"Actual Loops":1,"Output":["order_line.ol_amount","order_line.ol_o_id","order_line.ol_w_id","order_line.ol_d_id","order_line.ol_i_id"],"Filter":"(order_line.ol_delivery_d >= '1992-01-02 20:10:02.27764'::timestamp without time zone)","Rows Removed by Filter":8995581,"Shared Hit Blocks":340884,"Shared Read Blocks":0,"Shared Dirtied Blocks":0,"Shared Written Blocks":0,"Local Hit Blocks":0,"Local Read Blocks":0,"Local Dirtied Blocks":0,"Local Written Blocks":0,"Temp Read Blocks":0,"Temp Written Blocks":0,"I/O Read Time":0.0,"I/O Write Time":0.0,"Temp I/O Read Time":0.0,"Temp I/O Write Time":0.0},{"Node Type":"Hash","Parent Relationship":"Inner","Parallel Aware":false,"Async Capable":false,"Startup Cost":67059.0,"Total Cost":67059.0,"Plan Rows":426548,"Plan Width":16,"Actual Startup Time":294.621,"Actual Total Time":294.624,"Actual Rows":428399,"Actual Loops":1,"Output":["orders.o_c_id","orders.o_w_id","orders.o_d_id","orders.o_id"],"Hash Buckets":262144,"Original Hash Buckets":262144,"Hash Batches":4,"Original Hash Batches":4,"Peak Memory Usage":7080,"Shared Hit Blocks":22059,"Shared Read Blocks":0,"Shared Dirtied Blocks":0,"Shared Written Blocks":0,"Local Hit Blocks":0,"Local Read Blocks":0,"Local Dirtied Blocks":0,"Local Written Blocks":0,"Temp Read Blocks":0,"Temp Written Blocks":1410,"I/O Read Time":0.0,"I/O Write Time":0.0,"Temp I/O Read Time":0.0,"Temp I/O Write Time":6.111,"Plans":[{"Node Type":"Seq Scan","Parent Relationship":"Outer","Parallel Aware":false,"Async Capable":false,"Relation Name":"orders","Schema":"public","Alias":"orders","Startup Cost":0.0,"Total Cost":67059.0,"Plan Rows":426548,"Plan Width":16,"Actual Startup Time":0.831,"Actual Total Time":219.981,"Actual Rows":428399,"Actual Loops":1,"Output":["orders.o_c_id","orders.o_w_id","orders.o_d_id","orders.o_id"],"Filter":"((orders.o_entry_d >= '1993-01-02 20:10:02.27764'::timestamp without time zone) AND (orders.o_entry_d < '1994-01-02 20:10:02.27764'::timestamp without time zone))","Rows Removed by Filter":2571601,"Shared Hit Blocks":22059,"Shared Read Blocks":0,"Shared Dirtied Blocks":0,"Shared Written Blocks":0,"Local Hit Blocks":0,"Local Read Blocks":0,"Local Dirtied Blocks":0,"Local Written Blocks":0,"Temp Read Blocks":0,"Temp Written Blocks":0,"I/O Read Time":0.0,"I/O Write Time":0.0,"Temp I/O Read Time":0.0,"Temp I/O Write Time":0.0}]}]},{"Node Type":"Hash","Parent Relationship":"Inner","Parallel Aware":false,"Async Capable":false,"Startup Cost":259601.38,"Total Cost":259601.38,"Plan Rows":2999738,"Plan Width":12,"Actual Startup Time":1142.201,"Actual Total Time":1142.203,"Actual Rows":3000000,"Actual Loops":1,"Output":["customer.c_id","customer.c_w_id","customer.c_d_id","customer.c_nationkey"],"Hash Buckets":262144,"Original Hash Buckets":262144,"Hash Batches":32,"Original Hash Batches":32,"Peak Memory Usage":6090,"Shared Hit Blocks":229604,"Shared Read Blocks":0,"Shared Dirtied Blocks":0,"Shared Written Blocks":0,"Local Hit Blocks":0,"Local Read Blocks":0,"Local Dirtied Blocks":0,"Local Written Blocks":0,"Temp Read Blocks":0,"Temp Written Blocks":11335,"I/O Read Time":0.0,"I/O Write Time":0.0,"Temp I/O Read Time":0.0,"Temp I/O Write Time":52.589,"Plans":[{"Node Type":"Seq Scan","Parent Relationship":"Outer","Parallel Aware":false,"Async Capable":false,"Relation Name":"customer","Schema":"public","Alias":"customer","Startup Cost":0.0,"Total Cost":259601.38,"Plan Rows":2999738,"Plan Width":12,"Actual Startup Time":0.01,"Actual Total Time":639.202,"Actual Rows":3000000,"Actual Loops":1,"Output":["customer.c_id","customer.c_w_id","customer.c_d_id","customer.c_nationkey"],"Shared Hit Blocks":229604,"Shared Read Blocks":0,"Shared Dirtied Blocks":0,"Shared Written Blocks":0,"Local Hit Blocks":0,"Local Read Blocks":0,"Local Dirtied Blocks":0,"Local Written Blocks":0,"Temp Read Blocks":0,"Temp Written Blocks":0,"I/O Read Time":0.0,"I/O Write Time":0.0,"Temp I/O Read Time":0.0,"Temp I/O Write Time":0.0}]}]},{"Node Type":"Hash","Parent Relationship":"Inner","Parallel Aware":false,"Async Capable":false,"Startup Cost":2.99,"Total Cost":2.99,"Plan Rows":12,"Plan Width":12,"Actual Startup Time":0.041,"Actual Total Time":0.044,"Actual Rows":22,"Actual Loops":1,"Output":["nation.n_name","nation.n_nationkey"],"Hash Buckets":1024,"Original Hash Buckets":1024,"Hash Batches":1,"Original Hash Batches":1,"Peak Memory Usage":9,"Shared Hit Blocks":2,"Shared Read Blocks":0,"Shared Dirtied Blocks":0,"Shared Written Blocks":0,"Local Hit Blocks":0,"Local Read Blocks":0,"Local Dirtied Blocks":0,"Local Written Blocks":0,"Temp Read Blocks":0,"Temp Written Blocks":0,"I/O Read Time":0.0,"I/O Write Time":0.0,"Temp I/O Read Time":0.0,"Temp I/O Write Time":0.0,"Plans":[{"Node Type":"Hash Join","Parent Relationship":"Outer","Parallel Aware":false,"Async Capable":false,"Join Type":"Inner","Startup Cost":1.07,"Total Cost":2.99,"Plan Rows":12,"Plan Width":12,"Actual Startup Time":0.025,"Actual Total Time":0.039,"Actual Rows":22,"Actual Loops":1,"Output":["nation.n_name","nation.n_nationkey"],"Inner Unique":true,"Hash Cond":"(nation.n_regionkey = region.r_regionkey)","Shared Hit Blocks":2,"Shared Read Blocks":0,"Shared Dirtied Blocks":0,"Shared Written Blocks":0,"Local Hit Blocks":0,"Local Read Blocks":0,"Local Dirtied Blocks":0,"Local Written Blocks":0,"Temp Read Blocks":0,"Temp Written Blocks":0,"I/O Read Time":0.0,"I/O Write Time":0.0,"Temp I/O Read Time":0.0,"Temp I/O Write Time":0.0,"Plans":[{"Node Type":"Seq Scan","Parent Relationship":"Outer","Parallel Aware":false,"Async Capable":false,"Relation Name":"nation","Schema":"public","Alias":"nation","Startup Cost":0.0,"Total Cost":1.62,"Plan Rows":62,"Plan Width":16,"Actual Startup Time":0.007,"Actual Total Time":0.011,"Actual Rows":62,"Actual Loops":1,"Output":["nation.n_nationkey","nation.n_name","nation.n_regionkey","nation.n_comment"],"Shared Hit Blocks":1,"Shared Read Blocks":0,"Shared Dirtied Blocks":0,"Shared Written Blocks":0,"Local Hit Blocks":0,"Local Read Blocks":0,"Local Dirtied Blocks":0,"Local Written Blocks":0,"Temp Read Blocks":0,"Temp Written Blocks":0,"I/O Read Time":0.0,"I/O Write Time":0.0,"Temp I/O Read Time":0.0,"Temp I/O Write Time":0.0},{"Node Type":"Hash","Parent Relationship":"Inner","Parallel Aware":false,"Async Capable":false,"Startup Cost":1.06,"Total Cost":1.06,"Plan Rows":1,"Plan Width":4,"Actual Startup Time":0.008,"Actual Total Time":0.008,"Actual Rows":1,"Actual Loops":1,"Output":["region.r_regionkey"],"Hash Buckets":1024,"Original Hash Buckets":1024,"Hash Batches":1,"Original Hash Batches":1,"Peak Memory Usage":9,"Shared Hit Blocks":1,"Shared Read Blocks":0,"Shared Dirtied Blocks":0,"Shared Written Blocks":0,"Local Hit Blocks":0,"Local Read Blocks":0,"Local Dirtied Blocks":0,"Local Written Blocks":0,"Temp Read Blocks":0,"Temp Written Blocks":0,"I/O Read Time":0.0,"I/O Write Time":0.0,"Temp I/O Read Time":0.0,"Temp I/O Write Time":0.0,"Plans":[{"Node Type":"Seq Scan","Parent Relationship":"Outer","Parallel Aware":false,"Async Capable":false,"Relation Name":"region","Schema":"public","Alias":"region","Startup Cost":0.0,"Total Cost":1.06,"Plan Rows":1,"Plan Width":4,"Actual Startup Time":0.006,"Actual Total Time":0.006,"Actual Rows":1,"Actual Loops":1,"Output":["region.r_regionkey"],"Filter":"((region.r_name)::text = 'Europe'::text)","Rows Removed by Filter":4,"Shared Hit Blocks":1,"Shared Read Blocks":0,"Shared Dirtied Blocks":0,"Shared Written Blocks":0,"Local Hit Blocks":0,"Local Read Blocks":0,"Local Dirtied Blocks":0,"Local Written Blocks":0,"Temp Read Blocks":0,"Temp Written Blocks":0,"I/O Read Time":0.0,"I/O Write Time":0.0,"Temp I/O Read Time":0.0,"Temp I/O Write Time":0.0}]}]}]}]}]},{"Node Type":"Index Only Scan","Parent Relationship":"Inner","Parallel Aware":false,"Async Capable":false,"Scan Direction":"Forward","Index Name":"stock_pk","Relation Name":"stock","Schema":"public","Alias":"stock","Startup Cost":0.43,"Total Cost":259690.86,"Plan Rows":10000162,"Plan Width":6,"Actual Startup Time":0.041,"Actual Total Time":707.837,"Actual Rows":9999996,"Actual Loops":1,"Output":["stock.s_w_id","stock.s_i_id"],"Heap Fetches":0,"Shared Hit Blocks":27338,"Shared Read Blocks":0,"Shared Dirtied Blocks":0,"Shared Written Blocks":0,"Local Hit Blocks":0,"Local Read Blocks":0,"Local Dirtied Blocks":0,"Local Written Blocks":0,"Temp Read Blocks":0,"Temp Written Blocks":0,"I/O Read Time":0.0,"I/O Write Time":0.0,"Temp I/O Read Time":0.0,"Temp I/O Write Time":0.0}]},{"Node Type":"Hash","Parent Relationship":"Inner","Parallel Aware":false,"Async Capable":false,"Startup Cost":219.01,"Total Cost":219.01,"Plan Rows":10001,"Plan Width":8,"Actual Startup Time":3.125,"Actual Total Time":3.128,"Actual Rows":10000,"Actual Loops":1,"Output":["supplier.su_suppkey","supplier.su_nationkey"],"Hash Buckets":16384,"Original Hash Buckets":16384,"Hash Batches":1,"Original Hash Batches":1,"Peak Memory Usage":519,"Shared Hit Blocks":0,"Shared Read Blocks":0,"Shared Dirtied Blocks":0,"Shared Written Blocks":0,"Local Hit Blocks":0,"Local Read Blocks":0,"Local Dirtied Blocks":0,"Local Written Blocks":0,"Temp Read Blocks":0,"Temp Written Blocks":0,"I/O Read Time":0.0,"I/O Write Time":0.0,"Temp I/O Read Time":0.0,"Temp I/O Write Time":0.0,"Plans":[{"Node Type":"Append","Parent Relationship":"Outer","Parallel Aware":false,"Async Capable":false,"Startup Cost":20.0,"Total Cost":219.01,"Plan Rows":10001,"Plan Width":8,"Actual Startup Time":0.083,"Actual Total Time":1.832,"Actual Rows":10000,"Actual Loops":1,"Shared Hit Blocks":0,"Shared Read Blocks":0,"Shared Dirtied Blocks":0,"Shared Written Blocks":0,"Local Hit Blocks":0,"Local Read Blocks":0,"Local Dirtied Blocks":0,"Local Written Blocks":0,"Temp Read Blocks":0,"Temp Written Blocks":0,"I/O Read Time":0.0,"I/O Write Time":0.0,"Temp I/O Read Time":0.0,"Temp I/O Write Time":0.0,"Subplans Removed":0,"Plans":[{"Node Type":"Custom Scan","Parent Relationship":"Member","Custom Plan Provider":"columnar scan","Parallel Aware":false,"Async Capable":false,"Relation Name":"supplier","Schema":"public","Alias":"supplier","Startup Cost":20.0,"Total Cost":215.0,"Plan Rows":10000,"Plan Width":8,"Actual Startup Time":0.082,"Actual Total Time":1.129,"Actual Rows":10000,"Actual Loops":1,"Output":["supplier.su_suppkey","supplier.su_nationkey"],"Rows Removed by Columnar Filter":0,"Columnar cache search mode":"native","Shared Hit Blocks":0,"Shared Read Blocks":0,"Shared Dirtied Blocks":0,"Shared Written Blocks":0,"Local Hit Blocks":0,"Local Read Blocks":0,"Local Dirtied Blocks":0,"Local Written Blocks":0,"Temp Read Blocks":0,"Temp Written Blocks":0,"I/O Read Time":0.0,"I/O Write Time":0.0,"Temp I/O Read Time":0.0,"Temp I/O Write Time":0.0},{"Node Type":"Seq Scan","Parent Relationship":"Member","Parallel Aware":false,"Async Capable":false,"Relation Name":"supplier","Schema":"public","Alias":"supplier","Startup Cost":0.0,"Total Cost":4.01,"Plan Rows":1,"Plan Width":8,"Actual Startup Time":0.0,"Actual Total Time":0.0,"Actual Rows":0,"Actual Loops":0,"Output":["supplier.su_suppkey","supplier.su_nationkey"],"Shared Hit Blocks":0,"Shared Read Blocks":0,"Shared Dirtied Blocks":0,"Shared Written Blocks":0,"Local Hit Blocks":0,"Local Read Blocks":0,"Local Dirtied Blocks":0,"Local Written Blocks":0,"Temp Read Blocks":0,"Temp Written Blocks":0,"I/O Read Time":0.0,"I/O Write Time":0.0,"Temp I/O Read Time":0.0,"Temp I/O Write Time":0.0}]}]}]}]}]}]},"Planning":{"Shared Hit Blocks":16,"Shared Read Blocks":0,"Shared Dirtied Blocks":0,"Shared Written Blocks":0,"Local Hit Blocks":0,"Local Read Blocks":0,"Local Dirtied Blocks":0,"Local Written Blocks":0,"Temp Read Blocks":0,"Temp Written Blocks":0,"I/O Read Time":0.0,"I/O Write Time":0.0,"Temp I/O Read Time":0.0,"Temp I/O Write Time":0.0},"Planning Time":4.823,"Triggers":[],"Execution Time":16541.32}]
[列存组合]: order_line, orders, region, stock
[{"Plan":{"Node Type":"Sort","Parallel Aware":false,"Async Capable":false,"Startup Cost":1198790.22,"Total Cost":1198790.37,"Plan Rows":62,"Plan Width":40,"Actual Startup Time":5050.368,"Actual Total Time":5050.38,"Actual Rows":11,"Actual Loops":1,"Output":["nation.n_name","(sum(order_line.ol_amount))"],"Sort Key":["(sum(order_line.ol_amount)) DESC"],"Sort Method":"quicksort","Sort Space Used":25,"Sort Space Type":"Memory","Shared Hit Blocks":229823,"Shared Read Blocks":0,"Shared Dirtied Blocks":0,"Shared Written Blocks":0,"Local Hit Blocks":0,"Local Read Blocks":0,"Local Dirtied Blocks":0,"Local Written Blocks":0,"Temp Read Blocks":31471,"Temp Written Blocks":31471,"I/O Read Time":0.0,"I/O Write Time":0.0,"Temp I/O Read Time":49.845,"Temp I/O Write Time":144.017,"Plans":[{"Node Type":"Aggregate","Strategy":"Sorted","Partial Mode":"Simple","Parent Relationship":"Outer","Parallel Aware":false,"Async Capable":false,"Startup Cost":1198714.43,"Total Cost":1198788.37,"Plan Rows":62,"Plan Width":40,"Actual Startup Time":5047.551,"Actual Total Time":5050.367,"Actual Rows":11,"Actual Loops":1,"Output":["nation.n_name","sum(order_line.ol_amount)"],"Group Key":["nation.n_name"],"Shared Hit Blocks":229823,"Shared Read Blocks":0,"Shared Dirtied Blocks":0,"Shared Written Blocks":0,"Local Hit Blocks":0,"Local Read Blocks":0,"Local Dirtied Blocks":0,"Local Written Blocks":0,"Temp Read Blocks":31471,"Temp Written Blocks":31471,"I/O Read Time":0.0,"I/O Write Time":0.0,"Temp I/O Read Time":49.845,"Temp I/O Write Time":144.017,"Plans":[{"Node Type":"Sort","Parent Relationship":"Outer","Parallel Aware":false,"Async Capable":false,"Startup Cost":1198714.43,"Total Cost":1198738.82,"Plan Rows":9755,"Plan Width":12,"Actual Startup Time":5047.346,"Actual Total Time":5048.116,"Actual Rows":17493,"Actual Loops":1,"Output":["nation.n_name","order_line.ol_amount"],"Sort Key":["nation.n_name"],"Sort Method":"quicksort","Sort Space Used":1725,"Sort Space Type":"Memory","Shared Hit Blocks":229823,"Shared Read Blocks":0,"Shared Dirtied Blocks":0,"Shared Written Blocks":0,"Local Hit Blocks":0,"Local Read Blocks":0,"Local Dirtied Blocks":0,"Local Written Blocks":0,"Temp Read Blocks":31471,"Temp Written Blocks":31471,"I/O Read Time":0.0,"I/O Write Time":0.0,"Temp I/O Read Time":49.845,"Temp I/O Write Time":144.017,"Plans":[{"Node Type":"Hash Join","Parent Relationship":"Outer","Parallel Aware":false,"Async Capable":false,"Join Type":"Inner","Startup Cost":439260.88,"Total Cost":1198068.07,"Plan Rows":9755,"Plan Width":12,"Actual Startup Time":1966.083,"Actual Total Time":5038.893,"Actual Rows":17493,"Actual Loops":1,"Output":["nation.n_name","order_line.ol_amount"],"Hash Cond":"((orders.o_c_id = customer.c_id) AND (orders.o_w_id = customer.c_w_id) AND (orders.o_d_id = customer.c_d_id) AND (supplier.su_nationkey = customer.c_nationkey))","Shared Hit Blocks":229823,"Shared Read Blocks":0,"Shared Dirtied Blocks":0,"Shared Written Blocks":0,"Local Hit Blocks":0,"Local Read Blocks":0,"Local Dirtied Blocks":0,"Local Written Blocks":0,"Temp Read Blocks":31471,"Temp Written Blocks":31471,"I/O Read Time":0.0,"I/O Write Time":0.0,"Temp I/O Read Time":49.845,"Temp I/O Write Time":144.017,"Plans":[{"Node Type":"Hash Join","Parent Relationship":"Outer","Parallel Aware":false,"Async Capable":false,"Join Type":"Inner","Startup Cost":105016.74,"Total Cost":833427.02,"Plan Rows":602754,"Plan Width":34,"Actual Startup Time":779.279,"Actual Total Time":3078.735,"Actual Rows":1489124,"Actual Loops":1,"Output":["orders.o_c_id","orders.o_w_id","orders.o_d_id","order_line.ol_amount","order_line.ol_w_id","order_line.ol_d_id","stock.s_w_id","supplier.su_nationkey","nation.n_name","nation.n_nationkey"],"Hash Cond":"((order_line.ol_w_id = orders.o_w_id) AND (order_line.ol_d_id = orders.o_d_id) AND (order_line.ol_o_id = orders.o_id))","Shared Hit Blocks":219,"Shared Read Blocks":0,"Shared Dirtied Blocks":0,"Shared Written Blocks":0,"Local Hit Blocks":0,"Local Read Blocks":0,"Local Dirtied Blocks":0,"Local Written Blocks":0,"Temp Read Blocks":9894,"Temp Written Blocks":9894,"I/O Read Time":0.0,"I/O Write Time":0.0,"Temp I/O Read Time":16.143,"Temp I/O Write Time":42.92,"Plans":[{"Node Type":"Hash Join","Parent Relationship":"Outer","Parallel Aware":false,"Async Capable":false,"Join Type":"Inner","Startup Cost":29725.01,"Total Cost":656340.76,"Plan Rows":4242986,"Plan Width":34,"Actual Startup Time":564.656,"Actual Total Time":2148.423,"Actual Rows":1498118,"Actual Loops":1,"Output":["order_line.ol_amount","order_line.ol_o_id","order_line.ol_w_id","order_line.ol_d_id","stock.s_w_id","supplier.su_nationkey","nation.n_name","nation.n_nationkey"],"Hash Cond":"(mod((stock.s_w_id * stock.s_i_id), 10000) = supplier.su_suppkey)","Shared Hit Blocks":219,"Shared Read Blocks":0,"Shared Dirtied Blocks":0,"Shared Written Blocks":0,"Local Hit Blocks":0,"Local Read Blocks":0,"Local Dirtied Blocks":0,"Local Written Blocks":0,"Temp Read Blocks":0,"Temp Written Blocks":0,"I/O Read Time":0.0,"I/O Write Time":0.0,"Temp I/O Read Time":0.0,"Temp I/O Write Time":0.0,"Plans":[{"Node Type":"Hash Join","Parent Relationship":"Outer","Parallel Aware":false,"Async Capable":false,"Join Type":"Inner","Startup Cost":29323.02,"Total Cost":480915.59,"Plan Rows":21214932,"Plan Width":22,"Actual Startup Time":561.779,"Actual Total Time":1468.72,"Actual Rows":4311079,"Actual Loops":1,"Output":["order_line.ol_amount","order_line.ol_o_id","order_line.ol_w_id","order_line.ol_d_id","stock.s_w_id","stock.s_i_id"],"Hash Cond":"((order_line.ol_w_id = stock.s_w_id) AND (order_line.ol_i_id = stock.s_i_id))","Rows Removed by Bloom Filter":0,"Shared Hit Blocks":0,"Shared Read Blocks":0,"Shared Dirtied Blocks":0,"Shared Written Blocks":0,"Local Hit Blocks":0,"Local Read Blocks":0,"Local Dirtied Blocks":0,"Local Written Blocks":0,"Temp Read Blocks":0,"Temp Written Blocks":0,"I/O Read Time":0.0,"I/O Write Time":0.0,"Temp I/O Read Time":0.0,"Temp I/O Write Time":0.0,"Plans":[{"Node Type":"Append","Parent Relationship":"Outer","Parallel Aware":false,"Async Capable":false,"Startup Cost":20.0,"Total Cost":533646.5,"Plan Rows":20926367,"Plan Width":20,"Actual Startup Time":122.754,"Actual Total Time":122.756,"Actual Rows":4311079,"Actual Loops":1,"Shared Hit Blocks":0,"Shared Read Blocks":0,"Shared Dirtied Blocks":0,"Shared Written Blocks":0,"Local Hit Blocks":0,"Local Read Blocks":0,"Local Dirtied Blocks":0,"Local Written Blocks":0,"Temp Read Blocks":0,"Temp Written Blocks":0,"I/O Read Time":0.0,"I/O Write Time":0.0,"Temp I/O Read Time":0.0,"Temp I/O Write Time":0.0,"Subplans Removed":0,"Plans":[{"Node Type":"Custom Scan","Parent Relationship":"Member","Custom Plan Provider":"columnar scan","Parallel Aware":false,"Async Capable":false,"Relation Name":"order_line","Schema":"public","Alias":"order_line","Startup Cost":20.0,"Total Cost":533641.75,"Plan Rows":20926325,"Plan Width":20,"Actual Startup Time":122.752,"Actual Total Time":122.753,"Actual Rows":4311079,"Actual Loops":1,"Output":["order_line.ol_amount","order_line.ol_o_id","order_line.ol_w_id","order_line.ol_d_id","order_line.ol_i_id"],"Filter":"(order_line.ol_delivery_d >= '1992-01-02 20:10:02.27764'::timestamp without time zone)","Rows Removed by Filter":0,"Rows Removed by Columnar Filter":25686653,"Rows Filtered by Bloom Filter":0,"Dictionary Rows Filtered by Bloom Filter":25686653,"Columnar cache search mode":"native","Shared Hit Blocks":0,"Shared Read Blocks":0,"Shared Dirtied Blocks":0,"Shared Written Blocks":0,"Local Hit Blocks":0,"Local Read Blocks":0,"Local Dirtied Blocks":0,"Local Written Blocks":0,"Temp Read Blocks":0,"Temp Written Blocks":0,"I/O Read Time":0.0,"I/O Write Time":0.0,"Temp I/O Read Time":0.0,"Temp I/O Write Time":0.0},{"Node Type":"Seq Scan","Parent Relationship":"Member","Parallel Aware":false,"Async Capable":false,"Relation Name":"order_line","Schema":"public","Alias":"order_line","Startup Cost":0.0,"Total Cost":4.75,"Plan Rows":42,"Plan Width":20,"Actual Startup Time":0.0,"Actual Total Time":0.0,"Actual Rows":0,"Actual Loops":0,"Output":["order_line.ol_amount","order_line.ol_o_id","order_line.ol_w_id","order_line.ol_d_id","order_line.ol_i_id"],"Filter":"(order_line.ol_delivery_d >= '1992-01-02 20:10:02.27764'::timestamp without time zone)","Rows Removed by Filter":0,"Shared Hit Blocks":0,"Shared Read Blocks":0,"Shared Dirtied Blocks":0,"Shared Written Blocks":0,"Local Hit Blocks":0,"Local Read Blocks":0,"Local Dirtied Blocks":0,"Local Written Blocks":0,"Temp Read Blocks":0,"Temp Written Blocks":0,"I/O Read Time":0.0,"I/O Write Time":0.0,"Temp I/O Read Time":0.0,"Temp I/O Write Time":0.0}]},{"Node Type":"Hash","Parent Relationship":"Inner","Parallel Aware":false,"Async Capable":false,"Startup Cost":195025.67,"Total Cost":195025.67,"Plan Rows":10000162,"Plan Width":6,"Actual Rows":10000000,"Actual Loops":1,"Output":["stock.s_w_id","stock.s_i_id"],"Shared Hit Blocks":0,"Shared Read Blocks":0,"Shared Dirtied Blocks":0,"Shared Written Blocks":0,"Local Hit Blocks":0,"Local Read Blocks":0,"Local Dirtied Blocks":0,"Local Written Blocks":0,"Temp Read Blocks":0,"Temp Written Blocks":0,"I/O Read Time":0.0,"I/O Write Time":0.0,"Temp I/O Read Time":0.0,"Temp I/O Write Time":0.0,"Plans":[{"Node Type":"Append","Parent Relationship":"Outer","Parallel Aware":false,"Async Capable":false,"Startup Cost":20.0,"Total Cost":195025.67,"Plan Rows":10000162,"Plan Width":6,"Actual Startup Time":0.221,"Actual Total Time":0.222,"Actual Rows":10000000,"Actual Loops":1,"Shared Hit Blocks":0,"Shared Read Blocks":0,"Shared Dirtied Blocks":0,"Shared Written Blocks":0,"Local Hit Blocks":0,"Local Read Blocks":0,"Local Dirtied Blocks":0,"Local Written Blocks":0,"Temp Read Blocks":0,"Temp Written Blocks":0,"I/O Read Time":0.0,"I/O Write Time":0.0,"Temp I/O Read Time":0.0,"Temp I/O Write Time":0.0,"Subplans Removed":0,"Plans":[{"Node Type":"Custom Scan","Parent Relationship":"Member","Custom Plan Provider":"columnar scan","Parallel Aware":false,"Async Capable":false,"Relation Name":"stock","Schema":"public","Alias":"stock","Startup Cost":20.0,"Total Cost":195020.05,"Plan Rows":10000000,"Plan Width":6,"Actual Startup Time":0.221,"Actual Total Time":0.221,"Actual Rows":10000000,"Actual Loops":1,"Output":["stock.s_w_id","stock.s_i_id"],"Rows Removed by Columnar Filter":0,"Columnar cache search mode":"native","Shared Hit Blocks":0,"Shared Read Blocks":0,"Shared Dirtied Blocks":0,"Shared Written Blocks":0,"Local Hit Blocks":0,"Local Read Blocks":0,"Local Dirtied Blocks":0,"Local Written Blocks":0,"Temp Read Blocks":0,"Temp Written Blocks":0,"I/O Read Time":0.0,"I/O Write Time":0.0,"Temp I/O Read Time":0.0,"Temp I/O Write Time":0.0},{"Node Type":"Seq Scan","Parent Relationship":"Member","Parallel Aware":false,"Async Capable":false,"Relation Name":"stock","Schema":"public","Alias":"stock","Startup Cost":0.0,"Total Cost":5.62,"Plan Rows":162,"Plan Width":6,"Actual Startup Time":0.0,"Actual Total Time":0.0,"Actual Rows":0,"Actual Loops":0,"Output":["stock.s_w_id","stock.s_i_id"],"Shared Hit Blocks":0,"Shared Read Blocks":0,"Shared Dirtied Blocks":0,"Shared Written Blocks":0,"Local Hit Blocks":0,"Local Read Blocks":0,"Local Dirtied Blocks":0,"Local Written Blocks":0,"Temp Read Blocks":0,"Temp Written Blocks":0,"I/O Read Time":0.0,"I/O Write Time":0.0,"Temp I/O Read Time":0.0,"Temp I/O Write Time":0.0}]}]}]},{"Node Type":"Hash","Parent Relationship":"Inner","Parallel Aware":false,"Async Capable":false,"Startup Cost":376.99,"Total Cost":376.99,"Plan Rows":2000,"Plan Width":20,"Actual Startup Time":2.846,"Actual Total Time":2.849,"Actual Rows":3506,"Actual Loops":1,"Output":["supplier.su_suppkey","supplier.su_nationkey","nation.n_name","nation.n_nationkey"],"Hash Buckets":4096,"Original Hash Buckets":2048,"Hash Batches":1,"Original Hash Batches":1,"Peak Memory Usage":217,"Shared Hit Blocks":219,"Shared Read Blocks":0,"Shared Dirtied Blocks":0,"Shared Written Blocks":0,"Local Hit Blocks":0,"Local Read Blocks":0,"Local Dirtied Blocks":0,"Local Written Blocks":0,"Temp Read Blocks":0,"Temp Written Blocks":0,"I/O Read Time":0.0,"I/O Write Time":0.0,"Temp I/O Read Time":0.0,"Temp I/O Write Time":0.0,"Plans":[{"Node Type":"Hash Join","Parent Relationship":"Outer","Parallel Aware":false,"Async Capable":false,"Join Type":"Inner","Startup Cost":3.14,"Total Cost":376.99,"Plan Rows":2000,"Plan Width":20,"Actual Startup Time":0.072,"Actual Total Time":2.268,"Actual Rows":3506,"Actual Loops":1,"Output":["supplier.su_suppkey","supplier.su_nationkey","nation.n_name","nation.n_nationkey"],"Hash Cond":"(supplier.su_nationkey = nation.n_nationkey)","Shared Hit Blocks":219,"Shared Read Blocks":0,"Shared Dirtied Blocks":0,"Shared Written Blocks":0,"Local Hit Blocks":0,"Local Read Blocks":0,"Local Dirtied Blocks":0,"Local Written Blocks":0,"Temp Read Blocks":0,"Temp Written Blocks":0,"I/O Read Time":0.0,"I/O Write Time":0.0,"Temp I/O Read Time":0.0,"Temp I/O Write Time":0.0,"Plans":[{"Node Type":"Seq Scan","Parent Relationship":"Outer","Parallel Aware":false,"Async Capable":false,"Relation Name":"supplier","Schema":"public","Alias":"supplier","Startup Cost":0.0,"Total Cost":317.0,"Plan Rows":10000,"Plan Width":8,"Actual Startup Time":0.016,"Actual Total Time":0.833,"Actual Rows":10000,"Actual Loops":1,"Output":["supplier.su_suppkey","supplier.su_name","supplier.su_address","supplier.su_nationkey","supplier.su_phone","supplier.su_acctbal","supplier.su_comment"],"Shared Hit Blocks":217,"Shared Read Blocks":0,"Shared Dirtied Blocks":0,"Shared Written Blocks":0,"Local Hit Blocks":0,"Local Read Blocks":0,"Local Dirtied Blocks":0,"Local Written Blocks":0,"Temp Read Blocks":0,"Temp Written Blocks":0,"I/O Read Time":0.0,"I/O Write Time":0.0,"Temp I/O Read Time":0.0,"Temp I/O Write Time":0.0},{"Node Type":"Hash","Parent Relationship":"Inner","Parallel Aware":false,"Async Capable":false,"Startup Cost":2.99,"Total Cost":2.99,"Plan Rows":12,"Plan Width":12,"Actual Startup Time":0.047,"Actual Total Time":0.049,"Actual Rows":22,"Actual Loops":1,"Output":["nation.n_name","nation.n_nationkey"],"Hash Buckets":1024,"Original Hash Buckets":1024,"Hash Batches":1,"Original Hash Batches":1,"Peak Memory Usage":9,"Shared Hit Blocks":2,"Shared Read Blocks":0,"Shared Dirtied Blocks":0,"Shared Written Blocks":0,"Local Hit Blocks":0,"Local Read Blocks":0,"Local Dirtied Blocks":0,"Local Written Blocks":0,"Temp Read Blocks":0,"Temp Written Blocks":0,"I/O Read Time":0.0,"I/O Write Time":0.0,"Temp I/O Read Time":0.0,"Temp I/O Write Time":0.0,"Plans":[{"Node Type":"Hash Join","Parent Relationship":"Outer","Parallel Aware":false,"Async Capable":false,"Join Type":"Inner","Startup Cost":1.07,"Total Cost":2.99,"Plan Rows":12,"Plan Width":12,"Actual Startup Time":0.028,"Actual Total Time":0.042,"Actual Rows":22,"Actual Loops":1,"Output":["nation.n_name","nation.n_nationkey"],"Hash Cond":"(nation.n_regionkey = region.r_regionkey)","Shared Hit Blocks":2,"Shared Read Blocks":0,"Shared Dirtied Blocks":0,"Shared Written Blocks":0,"Local Hit Blocks":0,"Local Read Blocks":0,"Local Dirtied Blocks":0,"Local Written Blocks":0,"Temp Read Blocks":0,"Temp Written Blocks":0,"I/O Read Time":0.0,"I/O Write Time":0.0,"Temp I/O Read Time":0.0,"Temp I/O Write Time":0.0,"Plans":[{"Node Type":"Seq Scan","Parent Relationship":"Outer","Parallel Aware":false,"Async Capable":false,"Relation Name":"nation","Schema":"public","Alias":"nation","Startup Cost":0.0,"Total Cost":1.62,"Plan Rows":62,"Plan Width":16,"Actual Startup Time":0.005,"Actual Total Time":0.009,"Actual Rows":62,"Actual Loops":1,"Output":["nation.n_nationkey","nation.n_name","nation.n_regionkey","nation.n_comment"],"Shared Hit Blocks":1,"Shared Read Blocks":0,"Shared Dirtied Blocks":0,"Shared Written Blocks":0,"Local Hit Blocks":0,"Local Read Blocks":0,"Local Dirtied Blocks":0,"Local Written Blocks":0,"Temp Read Blocks":0,"Temp Written Blocks":0,"I/O Read Time":0.0,"I/O Write Time":0.0,"Temp I/O Read Time":0.0,"Temp I/O Write Time":0.0},{"Node Type":"Hash","Parent Relationship":"Inner","Parallel Aware":false,"Async Capable":false,"Startup Cost":1.06,"Total Cost":1.06,"Plan Rows":1,"Plan Width":4,"Actual Startup Time":0.011,"Actual Total Time":0.011,"Actual Rows":1,"Actual Loops":1,"Output":["region.r_regionkey"],"Hash Buckets":1024,"Original Hash Buckets":1024,"Hash Batches":1,"Original Hash Batches":1,"Peak Memory Usage":9,"Shared Hit Blocks":1,"Shared Read Blocks":0,"Shared Dirtied Blocks":0,"Shared Written Blocks":0,"Local Hit Blocks":0,"Local Read Blocks":0,"Local Dirtied Blocks":0,"Local Written Blocks":0,"Temp Read Blocks":0,"Temp Written Blocks":0,"I/O Read Time":0.0,"I/O Write Time":0.0,"Temp I/O Read Time":0.0,"Temp I/O Write Time":0.0,"Plans":[{"Node Type":"Seq Scan","Parent Relationship":"Outer","Parallel Aware":false,"Async Capable":false,"Relation Name":"region","Schema":"public","Alias":"region","Startup Cost":0.0,"Total Cost":1.06,"Plan Rows":1,"Plan Width":4,"Actual Startup Time":0.008,"Actual Total Time":0.009,"Actual Rows":1,"Actual Loops":1,"Output":["region.r_regionkey"],"Filter":"((region.r_name)::text = 'Europe'::text)","Rows Removed by Filter":4,"Shared Hit Blocks":1,"Shared Read Blocks":0,"Shared Dirtied Blocks":0,"Shared Written Blocks":0,"Local Hit Blocks":0,"Local Read Blocks":0,"Local Dirtied Blocks":0,"Local Written Blocks":0,"Temp Read Blocks":0,"Temp Written Blocks":0,"I/O Read Time":0.0,"I/O Write Time":0.0,"Temp I/O Read Time":0.0,"Temp I/O Write Time":0.0}]}]}]}]}]}]},{"Node Type":"Hash","Parent Relationship":"Inner","Parallel Aware":false,"Async Capable":false,"Startup Cost":65744.12,"Total Cost":65744.12,"Plan Rows":426549,"Plan Width":16,"Actual Startup Time":213.025,"Actual Total Time":213.026,"Actual Rows":428399,"Actual Loops":1,"Output":["orders.o_c_id","orders.o_w_id","orders.o_d_id","orders.o_id"],"Hash Buckets":262144,"Original Hash Buckets":262144,"Hash Batches":4,"Original Hash Batches":4,"Peak Memory Usage":7080,"Shared Hit Blocks":0,"Shared Read Blocks":0,"Shared Dirtied Blocks":0,"Shared Written Blocks":0,"Local Hit Blocks":0,"Local Read Blocks":0,"Local Dirtied Blocks":0,"Local Written Blocks":0,"Temp Read Blocks":0,"Temp Written Blocks":1410,"I/O Read Time":0.0,"I/O Write Time":0.0,"Temp I/O Read Time":0.0,"Temp I/O Write Time":6.119,"Plans":[{"Node Type":"Append","Parent Relationship":"Outer","Parallel Aware":false,"Async Capable":false,"Startup Cost":20.0,"Total Cost":65744.12,"Plan Rows":426549,"Plan Width":16,"Actual Startup Time":0.493,"Actual Total Time":106.308,"Actual Rows":428399,"Actual Loops":1,"Shared Hit Blocks":0,"Shared Read Blocks":0,"Shared Dirtied Blocks":0,"Shared Written Blocks":0,"Local Hit Blocks":0,"Local Read Blocks":0,"Local Dirtied Blocks":0,"Local Written Blocks":0,"Temp Read Blocks":0,"Temp Written Blocks":0,"I/O Read Time":0.0,"I/O Write Time":0.0,"Temp I/O Read Time":0.0,"Temp I/O Write Time":0.0,"Subplans Removed":0,"Plans":[{"Node Type":"Custom Scan","Parent Relationship":"Member","Custom Plan Provider":"columnar scan","Parallel Aware":false,"Async Capable":false,"Relation Name":"orders","Schema":"public","Alias":"orders","Startup Cost":20.0,"Total Cost":10043.96,"Plan Rows":426548,"Plan Width":16,"Actual Startup Time":0.491,"Actual Total Time":74.509,"Actual Rows":428399,"Actual Loops":1,"Output":["orders.o_c_id","orders.o_w_id","orders.o_d_id","orders.o_id"],"Filter":"((orders.o_entry_d < '1994-01-02 20:10:02.27764'::timestamp without time zone) AND (orders.o_entry_d >= '1993-01-02 20:10:02.27764'::timestamp without time zone))","Rows Removed by Filter":0,"Rows Removed by Columnar Filter":2571601,"Columnar cache search mode":"native","Shared Hit Blocks":0,"Shared Read Blocks":0,"Shared Dirtied Blocks":0,"Shared Written Blocks":0,"Local Hit Blocks":0,"Local Read Blocks":0,"Local Dirtied Blocks":0,"Local Written Blocks":0,"Temp Read Blocks":0,"Temp Written Blocks":0,"I/O Read Time":0.0,"I/O Write Time":0.0,"Temp I/O Read Time":0.0,"Temp I/O Write Time":0.0},{"Node Type":"Seq Scan","Parent Relationship":"Member","Parallel Aware":false,"Async Capable":false,"Relation Name":"orders","Schema":"public","Alias":"orders","Startup Cost":0.0,"Total Cost":4.01,"Plan Rows":1,"Plan Width":16,"Actual Startup Time":0.0,"Actual Total Time":0.0,"Actual Rows":0,"Actual Loops":0,"Output":["orders.o_c_id","orders.o_w_id","orders.o_d_id","orders.o_id"],"Filter":"((orders.o_entry_d < '1994-01-02 20:10:02.27764'::timestamp without time zone) AND (orders.o_entry_d >= '1993-01-02 20:10:02.27764'::timestamp without time zone))","Rows Removed by Filter":0,"Shared Hit Blocks":0,"Shared Read Blocks":0,"Shared Dirtied Blocks":0,"Shared Written Blocks":0,"Local Hit Blocks":0,"Local Read Blocks":0,"Local Dirtied Blocks":0,"Local Written Blocks":0,"Temp Read Blocks":0,"Temp Written Blocks":0,"I/O Read Time":0.0,"I/O Write Time":0.0,"Temp I/O Read Time":0.0,"Temp I/O Write Time":0.0}]}]}]},{"Node Type":"Hash","Parent Relationship":"Inner","Parallel Aware":false,"Async Capable":false,"Startup Cost":259601.38,"Total Cost":259601.38,"Plan Rows":2999738,"Plan Width":12,"Actual Startup Time":1178.089,"Actual Total Time":1178.089,"Actual Rows":3000000,"Actual Loops":1,"Output":["customer.c_id","customer.c_w_id","customer.c_d_id","customer.c_nationkey"],"Hash Buckets":262144,"Original Hash Buckets":262144,"Hash Batches":32,"Original Hash Batches":32,"Peak Memory Usage":6058,"Shared Hit Blocks":229604,"Shared Read Blocks":0,"Shared Dirtied Blocks":0,"Shared Written Blocks":0,"Local Hit Blocks":0,"Local Read Blocks":0,"Local Dirtied Blocks":0,"Local Written Blocks":0,"Temp Read Blocks":0,"Temp Written Blocks":11339,"I/O Read Time":0.0,"I/O Write Time":0.0,"Temp I/O Read Time":0.0,"Temp I/O Write Time":54.595,"Plans":[{"Node Type":"Seq Scan","Parent Relationship":"Outer","Parallel Aware":false,"Async Capable":false,"Relation Name":"customer","Schema":"public","Alias":"customer","Startup Cost":0.0,"Total Cost":259601.38,"Plan Rows":2999738,"Plan Width":12,"Actual Startup Time":0.017,"Actual Total Time":654.928,"Actual Rows":3000000,"Actual Loops":1,"Output":["customer.c_id","customer.c_w_id","customer.c_d_id","customer.c_nationkey"],"Shared Hit Blocks":229604,"Shared Read Blocks":0,"Shared Dirtied Blocks":0,"Shared Written Blocks":0,"Local Hit Blocks":0,"Local Read Blocks":0,"Local Dirtied Blocks":0,"Local Written Blocks":0,"Temp Read Blocks":0,"Temp Written Blocks":0,"I/O Read Time":0.0,"I/O Write Time":0.0,"Temp I/O Read Time":0.0,"Temp I/O Write Time":0.0}]}]}]}]}]},"Planning":{"Shared Hit Blocks":16,"Shared Read Blocks":0,"Shared Dirtied Blocks":0,"Shared Written Blocks":0,"Local Hit Blocks":0,"Local Read Blocks":0,"Local Dirtied Blocks":0,"Local Written Blocks":0,"Temp Read Blocks":0,"Temp Written Blocks":0,"I/O Read Time":0.0,"I/O Write Time":0.0,"Temp I/O Read Time":0.0,"Temp I/O Write Time":0.0},"Planning Time":5.14,"Triggers":[],"Execution Time":5051.022}]
[列存组合]: order_line, orders, region, supplier
[{"Plan":{"Node Type":"Sort","Parallel Aware":false,"Async Capable":false,"Startup Cost":2001735.39,"Total Cost":2001735.55,"Plan Rows":62,"Plan Width":40,"Actual Startup Time":10215.329,"Actual Total Time":10215.366,"Actual Rows":11,"Actual Loops":1,"Output":["nation.n_name","(sum(order_line.ol_amount))"],"Sort Key":["(sum(order_line.ol_amount)) DESC"],"Sort Method":"quicksort","Sort Space Used":25,"Sort Space Type":"Memory","Shared Hit Blocks":256944,"Shared Read Blocks":0,"Shared Dirtied Blocks":0,"Shared Written Blocks":0,"Local Hit Blocks":0,"Local Read Blocks":0,"Local Dirtied Blocks":0,"Local Written Blocks":0,"Temp Read Blocks":62236,"Temp Written Blocks":62263,"I/O Read Time":0.0,"I/O Write Time":0.0,"Temp I/O Read Time":98.884,"Temp I/O Write Time":250.516,"Plans":[{"Node Type":"Aggregate","Strategy":"Sorted","Partial Mode":"Simple","Parent Relationship":"Outer","Parallel Aware":false,"Async Capable":false,"Startup Cost":2001659.61,"Total Cost":2001733.55,"Plan Rows":62,"Plan Width":40,"Actual Startup Time":10212.506,"Actual Total Time":10215.349,"Actual Rows":11,"Actual Loops":1,"Output":["nation.n_name","sum(order_line.ol_amount)"],"Group Key":["nation.n_name"],"Shared Hit Blocks":256944,"Shared Read Blocks":0,"Shared Dirtied Blocks":0,"Shared Written Blocks":0,"Local Hit Blocks":0,"Local Read Blocks":0,"Local Dirtied Blocks":0,"Local Written Blocks":0,"Temp Read Blocks":62236,"Temp Written Blocks":62263,"I/O Read Time":0.0,"I/O Write Time":0.0,"Temp I/O Read Time":98.884,"Temp I/O Write Time":250.516,"Plans":[{"Node Type":"Sort","Parent Relationship":"Outer","Parallel Aware":false,"Async Capable":false,"Startup Cost":2001659.61,"Total Cost":2001684.0,"Plan Rows":9755,"Plan Width":12,"Actual Startup Time":10212.297,"Actual Total Time":10213.078,"Actual Rows":17493,"Actual Loops":1,"Output":["nation.n_name","order_line.ol_amount"],"Sort Key":["nation.n_name"],"Sort Method":"quicksort","Sort Space Used":1725,"Sort Space Type":"Memory","Shared Hit Blocks":256944,"Shared Read Blocks":0,"Shared Dirtied Blocks":0,"Shared Written Blocks":0,"Local Hit Blocks":0,"Local Read Blocks":0,"Local Dirtied Blocks":0,"Local Written Blocks":0,"Temp Read Blocks":62236,"Temp Written Blocks":62263,"I/O Read Time":0.0,"I/O Write Time":0.0,"Temp I/O Read Time":98.884,"Temp I/O Write Time":250.516,"Plans":[{"Node Type":"Hash Join","Parent Relationship":"Outer","Parallel Aware":false,"Async Capable":false,"Join Type":"Inner","Startup Cost":1677516.34,"Total Cost":2001013.25,"Plan Rows":9755,"Plan Width":12,"Actual Startup Time":8356.557,"Actual Total Time":10203.073,"Actual Rows":17493,"Actual Loops":1,"Output":["nation.n_name","order_line.ol_amount"],"Inner Unique":true,"Hash Cond":"((mod((stock.s_w_id * stock.s_i_id), 10000) = supplier.su_suppkey) AND (customer.c_nationkey = supplier.su_nationkey))","Shared Hit Blocks":256944,"Shared Read Blocks":0,"Shared Dirtied Blocks":0,"Shared Written Blocks":0,"Local Hit Blocks":0,"Local Read Blocks":0,"Local Dirtied Blocks":0,"Local Written Blocks":0,"Temp Read Blocks":62236,"Temp Written Blocks":62263,"I/O Read Time":0.0,"I/O Write Time":0.0,"Temp I/O Read Time":98.884,"Temp I/O Write Time":250.516,"Plans":[{"Node Type":"Merge Join","Parent Relationship":"Outer","Parallel Aware":false,"Async Capable":false,"Join Type":"Inner","Startup Cost":1677147.31,"Total Cost":1997329.09,"Plan Rows":602749,"Plan Width":26,"Actual Startup Time":8352.967,"Actual Total Time":10061.642,"Actual Rows":1109507,"Actual Loops":1,"Output":["customer.c_nationkey","order_line.ol_amount","stock.s_w_id","stock.s_i_id","nation.n_name","nation.n_nationkey"],"Inner Unique":true,"Merge Cond":"((customer.c_w_id = stock.s_w_id) AND (order_line.ol_i_id = stock.s_i_id))","Shared Hit Blocks":256944,"Shared Read Blocks":0,"Shared Dirtied Blocks":0,"Shared Written Blocks":0,"Local Hit Blocks":0,"Local Read Blocks":0,"Local Dirtied Blocks":0,"Local Written Blocks":0,"Temp Read Blocks":62236,"Temp Written Blocks":62263,"I/O Read Time":0.0,"I/O Write Time":0.0,"Temp I/O Read Time":98.884,"Temp I/O Write Time":250.516,"Plans":[{"Node Type":"Sort","Parent Relationship":"Outer","Parallel Aware":false,"Async Capable":false,"Startup Cost":1677146.88,"Total Cost":1678634.56,"Plan Rows":595073,"Plan Width":30,"Actual Startup Time":8352.907,"Actual Total Time":8532.566,"Actual Rows":1109507,"Actual Loops":1,"Output":["customer.c_w_id","customer.c_nationkey","orders.o_w_id","order_line.ol_amount","order_line.ol_w_id","order_line.ol_i_id","nation.n_name","nation.n_nationkey"],"Sort Key":["customer.c_w_id","order_line.ol_i_id"],"Sort Method":"external merge","Sort Space Used":47304,"Sort Space Type":"Disk","Shared Hit Blocks":229606,"Shared Read Blocks":0,"Shared Dirtied Blocks":0,"Shared Written Blocks":0,"Local Hit Blocks":0,"Local Read Blocks":0,"Local Dirtied Blocks":0,"Local Written Blocks":0,"Temp Read Blocks":62236,"Temp Written Blocks":62263,"I/O Read Time":0.0,"I/O Write Time":0.0,"Temp I/O Read Time":98.884,"Temp I/O Write Time":250.516,"Plans":[{"Node Type":"Hash Join","Parent Relationship":"Outer","Parallel Aware":false,"Async Capable":false,"Join Type":"Inner","Startup Cost":402059.66,"Total Cost":1605833.32,"Plan Rows":595073,"Plan Width":30,"Actual Startup Time":1377.836,"Actual Total Time":6964.528,"Actual Rows":1109507,"Actual Loops":1,"Output":["customer.c_w_id","customer.c_nationkey","orders.o_w_id","order_line.ol_amount","order_line.ol_w_id","order_line.ol_i_id","nation.n_name","nation.n_nationkey"],"Inner Unique":false,"Hash Cond":"(customer.c_nationkey = nation.n_nationkey)","Shared Hit Blocks":229606,"Shared Read Blocks":0,"Shared Dirtied Blocks":0,"Shared Written Blocks":0,"Local Hit Blocks":0,"Local Read Blocks":0,"Local Dirtied Blocks":0,"Local Written Blocks":0,"Temp Read Blocks":50419,"Temp Written Blocks":50419,"I/O Read Time":0.0,"I/O Write Time":0.0,"Temp I/O Read Time":81.548,"Temp I/O Write Time":219.557,"Plans":[{"Node Type":"Hash Join","Parent Relationship":"Outer","Parallel Aware":false,"Async Capable":false,"Join Type":"Inner","Startup Cost":402056.52,"Total Cost":1588913.78,"Plan Rows":2975367,"Plan Width":18,"Actual Startup Time":1370.79,"Actual Total Time":6543.516,"Actual Rows":4284922,"Actual Loops":1,"Output":["customer.c_w_id","customer.c_nationkey","orders.o_w_id","order_line.ol_amount","order_line.ol_w_id","order_line.ol_i_id"],"Inner Unique":true,"Hash Cond":"((orders.o_c_id = customer.c_id) AND (orders.o_w_id = customer.c_w_id) AND (orders.o_d_id = customer.c_d_id))","Shared Hit Blocks":229604,"Shared Read Blocks":0,"Shared Dirtied Blocks":0,"Shared Written Blocks":0,"Local Hit Blocks":0,"Local Read Blocks":0,"Local Dirtied Blocks":0,"Local Written Blocks":0,"Temp Read Blocks":50419,"Temp Written Blocks":50419,"I/O Read Time":0.0,"I/O Write Time":0.0,"Temp I/O Read Time":81.548,"Temp I/O Write Time":219.557,"Plans":[{"Node Type":"Hash Join","Parent Relationship":"Outer","Parallel Aware":false,"Async Capable":false,"Join Type":"Inner","Startup Cost":75311.73,"Total Cost":1189221.96,"Plan Rows":2975367,"Plan Width":20,"Actual Startup Time":212.979,"Actual Total Time":3245.38,"Actual Rows":4284922,"Actual Loops":1,"Output":["orders.o_c_id","orders.o_w_id","orders.o_d_id","order_line.ol_amount","order_line.ol_w_id","order_line.ol_d_id","order_line.ol_i_id"],"Inner Unique":true,"Hash Cond":"((order_line.ol_w_id = orders.o_w_id) AND (order_line.ol_d_id = orders.o_d_id) AND (order_line.ol_o_id = orders.o_id))","Shared Hit Blocks":0,"Shared Read Blocks":0,"Shared Dirtied Blocks":0,"Shared Written Blocks":0,"Local Hit Blocks":0,"Local Read Blocks":0,"Local Dirtied Blocks":0,"Local Written Blocks":0,"Temp Read Blocks":18772,"Temp Written Blocks":18772,"I/O Read Time":0.0,"I/O Write Time":0.0,"Temp I/O Read Time":31.09,"Temp I/O Write Time":76.531,"Plans":[{"Node Type":"Append","Parent Relationship":"Outer","Parallel Aware":false,"Async Capable":false,"Startup Cost":20.0,"Total Cost":701820.0,"Plan Rows":20926367,"Plan Width":20,"Actual Startup Time":1.357,"Actual Total Time":1302.226,"Actual Rows":4311079,"Actual Loops":1,"Shared Hit Blocks":0,"Shared Read Blocks":0,"Shared Dirtied Blocks":0,"Shared Written Blocks":0,"Local Hit Blocks":0,"Local Read Blocks":0,"Local Dirtied Blocks":0,"Local Written Blocks":0,"Temp Read Blocks":0,"Temp Written Blocks":0,"I/O Read Time":0.0,"I/O Write Time":0.0,"Temp I/O Read Time":0.0,"Temp I/O Write Time":0.0,"Subplans Removed":0,"Plans":[{"Node Type":"Custom Scan","Parent Relationship":"Member","Custom Plan Provider":"columnar scan","Parallel Aware":false,"Async Capable":false,"Relation Name":"order_line","Schema":"public","Alias":"order_line","Startup Cost":20.0,"Total Cost":533641.75,"Plan Rows":20926325,"Plan Width":20,"Actual Startup Time":1.357,"Actual Total Time":997.088,"Actual Rows":4311079,"Actual Loops":1,"Output":["order_line.ol_amount","order_line.ol_o_id","order_line.ol_w_id","order_line.ol_d_id","order_line.ol_i_id"],"Filter":"(order_line.ol_delivery_d >= '1992-01-02 20:10:02.27764'::timestamp without time zone)","Rows Removed by Filter":0,"Rows Removed by Columnar Filter":25686653,"Rows Filtered by Bloom Filter":0,"Dictionary Rows Filtered by Bloom Filter":25686653,"Columnar cache search mode":"native","Shared Hit Blocks":0,"Shared Read Blocks":0,"Shared Dirtied Blocks":0,"Shared Written Blocks":0,"Local Hit Blocks":0,"Local Read Blocks":0,"Local Dirtied Blocks":0,"Local Written Blocks":0,"Temp Read Blocks":0,"Temp Written Blocks":0,"I/O Read Time":0.0,"I/O Write Time":0.0,"Temp I/O Read Time":0.0,"Temp I/O Write Time":0.0},{"Node Type":"Seq Scan","Parent Relationship":"Member","Parallel Aware":false,"Async Capable":false,"Relation Name":"order_line","Schema":"public","Alias":"order_line","Startup Cost":0.0,"Total Cost":4.75,"Plan Rows":42,"Plan Width":20,"Actual Startup Time":0.0,"Actual Total Time":0.0,"Actual Rows":0,"Actual Loops":0,"Output":["order_line.ol_amount","order_line.ol_o_id","order_line.ol_w_id","order_line.ol_d_id","order_line.ol_i_id"],"Filter":"(order_line.ol_delivery_d >= '1992-01-02 20:10:02.27764'::timestamp without time zone)","Rows Removed by Filter":0,"Shared Hit Blocks":0,"Shared Read Blocks":0,"Shared Dirtied Blocks":0,"Shared Written Blocks":0,"Local Hit Blocks":0,"Local Read Blocks":0,"Local Dirtied Blocks":0,"Local Written Blocks":0,"Temp Read Blocks":0,"Temp Written Blocks":0,"I/O Read Time":0.0,"I/O Write Time":0.0,"Temp I/O Read Time":0.0,"Temp I/O Write Time":0.0}]},{"Node Type":"Hash","Parent Relationship":"Inner","Parallel Aware":false,"Async Capable":false,"Startup Cost":65744.12,"Total Cost":65744.12,"Plan Rows":426549,"Plan Width":16,"Actual Startup Time":210.632,"Actual Total Time":210.64,"Actual Rows":428399,"Actual Loops":1,"Output":["orders.o_c_id","orders.o_w_id","orders.o_d_id","orders.o_id"],"Hash Buckets":262144,"Original Hash Buckets":262144,"Hash Batches":4,"Original Hash Batches":4,"Peak Memory Usage":7080,"Shared Hit Blocks":0,"Shared Read Blocks":0,"Shared Dirtied Blocks":0,"Shared Written Blocks":0,"Local Hit Blocks":0,"Local Read Blocks":0,"Local Dirtied Blocks":0,"Local Written Blocks":0,"Temp Read Blocks":0,"Temp Written Blocks":1410,"I/O Read Time":0.0,"I/O Write Time":0.0,"Temp I/O Read Time":0.0,"Temp I/O Write Time":5.654,"Plans":[{"Node Type":"Append","Parent Relationship":"Outer","Parallel Aware":false,"Async Capable":false,"Startup Cost":20.0,"Total Cost":65744.12,"Plan Rows":426549,"Plan Width":16,"Actual Startup Time":0.492,"Actual Total Time":107.068,"Actual Rows":428399,"Actual Loops":1,"Shared Hit Blocks":0,"Shared Read Blocks":0,"Shared Dirtied Blocks":0,"Shared Written Blocks":0,"Local Hit Blocks":0,"Local Read Blocks":0,"Local Dirtied Blocks":0,"Local Written Blocks":0,"Temp Read Blocks":0,"Temp Written Blocks":0,"I/O Read Time":0.0,"I/O Write Time":0.0,"Temp I/O Read Time":0.0,"Temp I/O Write Time":0.0,"Subplans Removed":0,"Plans":[{"Node Type":"Custom Scan","Parent Relationship":"Member","Custom Plan Provider":"columnar scan","Parallel Aware":false,"Async Capable":false,"Relation Name":"orders","Schema":"public","Alias":"orders","Startup Cost":20.0,"Total Cost":10043.96,"Plan Rows":426548,"Plan Width":16,"Actual Startup Time":0.491,"Actual Total Time":74.398,"Actual Rows":428399,"Actual Loops":1,"Output":["orders.o_c_id","orders.o_w_id","orders.o_d_id","orders.o_id"],"Filter":"((orders.o_entry_d < '1994-01-02 20:10:02.27764'::timestamp without time zone) AND (orders.o_entry_d >= '1993-01-02 20:10:02.27764'::timestamp without time zone))","Rows Removed by Filter":0,"Rows Removed by Columnar Filter":2571601,"Columnar cache search mode":"native","Shared Hit Blocks":0,"Shared Read Blocks":0,"Shared Dirtied Blocks":0,"Shared Written Blocks":0,"Local Hit Blocks":0,"Local Read Blocks":0,"Local Dirtied Blocks":0,"Local Written Blocks":0,"Temp Read Blocks":0,"Temp Written Blocks":0,"I/O Read Time":0.0,"I/O Write Time":0.0,"Temp I/O Read Time":0.0,"Temp I/O Write Time":0.0},{"Node Type":"Seq Scan","Parent Relationship":"Member","Parallel Aware":false,"Async Capable":false,"Relation Name":"orders","Schema":"public","Alias":"orders","Startup Cost":0.0,"Total Cost":4.01,"Plan Rows":1,"Plan Width":16,"Actual Startup Time":0.0,"Actual Total Time":0.0,"Actual Rows":0,"Actual Loops":0,"Output":["orders.o_c_id","orders.o_w_id","orders.o_d_id","orders.o_id"],"Filter":"((orders.o_entry_d < '1994-01-02 20:10:02.27764'::timestamp without time zone) AND (orders.o_entry_d >= '1993-01-02 20:10:02.27764'::timestamp without time zone))","Rows Removed by Filter":0,"Shared Hit Blocks":0,"Shared Read Blocks":0,"Shared Dirtied Blocks":0,"Shared Written Blocks":0,"Local Hit Blocks":0,"Local Read Blocks":0,"Local Dirtied Blocks":0,"Local Written Blocks":0,"Temp Read Blocks":0,"Temp Written Blocks":0,"I/O Read Time":0.0,"I/O Write Time":0.0,"Temp I/O Read Time":0.0,"Temp I/O Write Time":0.0}]}]}]},{"Node Type":"Hash","Parent Relationship":"Inner","Parallel Aware":false,"Async Capable":false,"Startup Cost":259601.38,"Total Cost":259601.38,"Plan Rows":2999738,"Plan Width":12,"Actual Startup Time":1156.005,"Actual Total Time":1156.006,"Actual Rows":3000000,"Actual Loops":1,"Output":["customer.c_id","customer.c_w_id","customer.c_d_id","customer.c_nationkey"],"Hash Buckets":262144,"Original Hash Buckets":262144,"Hash Batches":32,"Original Hash Batches":32,"Peak Memory Usage":6090,"Shared Hit Blocks":229604,"Shared Read Blocks":0,"Shared Dirtied Blocks":0,"Shared Written Blocks":0,"Local Hit Blocks":0,"Local Read Blocks":0,"Local Dirtied Blocks":0,"Local Written Blocks":0,"Temp Read Blocks":0,"Temp Written Blocks":11335,"I/O Read Time":0.0,"I/O Write Time":0.0,"Temp I/O Read Time":0.0,"Temp I/O Write Time":51.91,"Plans":[{"Node Type":"Seq Scan","Parent Relationship":"Outer","Parallel Aware":false,"Async Capable":false,"Relation Name":"customer","Schema":"public","Alias":"customer","Startup Cost":0.0,"Total Cost":259601.38,"Plan Rows":2999738,"Plan Width":12,"Actual Startup Time":0.01,"Actual Total Time":656.57,"Actual Rows":3000000,"Actual Loops":1,"Output":["customer.c_id","customer.c_w_id","customer.c_d_id","customer.c_nationkey"],"Shared Hit Blocks":229604,"Shared Read Blocks":0,"Shared Dirtied Blocks":0,"Shared Written Blocks":0,"Local Hit Blocks":0,"Local Read Blocks":0,"Local Dirtied Blocks":0,"Local Written Blocks":0,"Temp Read Blocks":0,"Temp Written Blocks":0,"I/O Read Time":0.0,"I/O Write Time":0.0,"Temp I/O Read Time":0.0,"Temp I/O Write Time":0.0}]}]},{"Node Type":"Hash","Parent Relationship":"Inner","Parallel Aware":false,"Async Capable":false,"Startup Cost":2.99,"Total Cost":2.99,"Plan Rows":12,"Plan Width":12,"Actual Startup Time":0.041,"Actual Total Time":0.048,"Actual Rows":22,"Actual Loops":1,"Output":["nation.n_name","nation.n_nationkey"],"Hash Buckets":1024,"Original Hash Buckets":1024,"Hash Batches":1,"Original Hash Batches":1,"Peak Memory Usage":9,"Shared Hit Blocks":2,"Shared Read Blocks":0,"Shared Dirtied Blocks":0,"Shared Written Blocks":0,"Local Hit Blocks":0,"Local Read Blocks":0,"Local Dirtied Blocks":0,"Local Written Blocks":0,"Temp Read Blocks":0,"Temp Written Blocks":0,"I/O Read Time":0.0,"I/O Write Time":0.0,"Temp I/O Read Time":0.0,"Temp I/O Write Time":0.0,"Plans":[{"Node Type":"Hash Join","Parent Relationship":"Outer","Parallel Aware":false,"Async Capable":false,"Join Type":"Inner","Startup Cost":1.07,"Total Cost":2.99,"Plan Rows":12,"Plan Width":12,"Actual Startup Time":0.025,"Actual Total Time":0.041,"Actual Rows":22,"Actual Loops":1,"Output":["nation.n_name","nation.n_nationkey"],"Inner Unique":true,"Hash Cond":"(nation.n_regionkey = region.r_regionkey)","Shared Hit Blocks":2,"Shared Read Blocks":0,"Shared Dirtied Blocks":0,"Shared Written Blocks":0,"Local Hit Blocks":0,"Local Read Blocks":0,"Local Dirtied Blocks":0,"Local Written Blocks":0,"Temp Read Blocks":0,"Temp Written Blocks":0,"I/O Read Time":0.0,"I/O Write Time":0.0,"Temp I/O Read Time":0.0,"Temp I/O Write Time":0.0,"Plans":[{"Node Type":"Seq Scan","Parent Relationship":"Outer","Parallel Aware":false,"Async Capable":false,"Relation Name":"nation","Schema":"public","Alias":"nation","Startup Cost":0.0,"Total Cost":1.62,"Plan Rows":62,"Plan Width":16,"Actual Startup Time":0.007,"Actual Total Time":0.011,"Actual Rows":62,"Actual Loops":1,"Output":["nation.n_nationkey","nation.n_name","nation.n_regionkey","nation.n_comment"],"Shared Hit Blocks":1,"Shared Read Blocks":0,"Shared Dirtied Blocks":0,"Shared Written Blocks":0,"Local Hit Blocks":0,"Local Read Blocks":0,"Local Dirtied Blocks":0,"Local Written Blocks":0,"Temp Read Blocks":0,"Temp Written Blocks":0,"I/O Read Time":0.0,"I/O Write Time":0.0,"Temp I/O Read Time":0.0,"Temp I/O Write Time":0.0},{"Node Type":"Hash","Parent Relationship":"Inner","Parallel Aware":false,"Async Capable":false,"Startup Cost":1.06,"Total Cost":1.06,"Plan Rows":1,"Plan Width":4,"Actual Startup Time":0.008,"Actual Total Time":0.009,"Actual Rows":1,"Actual Loops":1,"Output":["region.r_regionkey"],"Hash Buckets":1024,"Original Hash Buckets":1024,"Hash Batches":1,"Original Hash Batches":1,"Peak Memory Usage":9,"Shared Hit Blocks":1,"Shared Read Blocks":0,"Shared Dirtied Blocks":0,"Shared Written Blocks":0,"Local Hit Blocks":0,"Local Read Blocks":0,"Local Dirtied Blocks":0,"Local Written Blocks":0,"Temp Read Blocks":0,"Temp Written Blocks":0,"I/O Read Time":0.0,"I/O Write Time":0.0,"Temp I/O Read Time":0.0,"Temp I/O Write Time":0.0,"Plans":[{"Node Type":"Seq Scan","Parent Relationship":"Outer","Parallel Aware":false,"Async Capable":false,"Relation Name":"region","Schema":"public","Alias":"region","Startup Cost":0.0,"Total Cost":1.06,"Plan Rows":1,"Plan Width":4,"Actual Startup Time":0.006,"Actual Total Time":0.006,"Actual Rows":1,"Actual Loops":1,"Output":["region.r_regionkey"],"Filter":"((region.r_name)::text = 'Europe'::text)","Rows Removed by Filter":4,"Shared Hit Blocks":1,"Shared Read Blocks":0,"Shared Dirtied Blocks":0,"Shared Written Blocks":0,"Local Hit Blocks":0,"Local Read Blocks":0,"Local Dirtied Blocks":0,"Local Written Blocks":0,"Temp Read Blocks":0,"Temp Written Blocks":0,"I/O Read Time":0.0,"I/O Write Time":0.0,"Temp I/O Read Time":0.0,"Temp I/O Write Time":0.0}]}]}]}]}]},{"Node Type":"Index Only Scan","Parent Relationship":"Inner","Parallel Aware":false,"Async Capable":false,"Scan Direction":"Forward","Index Name":"stock_pk","Relation Name":"stock","Schema":"public","Alias":"stock","Startup Cost":0.43,"Total Cost":259690.86,"Plan Rows":10000162,"Plan Width":6,"Actual Startup Time":0.046,"Actual Total Time":723.796,"Actual Rows":9999996,"Actual Loops":1,"Output":["stock.s_w_id","stock.s_i_id"],"Heap Fetches":0,"Shared Hit Blocks":27338,"Shared Read Blocks":0,"Shared Dirtied Blocks":0,"Shared Written Blocks":0,"Local Hit Blocks":0,"Local Read Blocks":0,"Local Dirtied Blocks":0,"Local Written Blocks":0,"Temp Read Blocks":0,"Temp Written Blocks":0,"I/O Read Time":0.0,"I/O Write Time":0.0,"Temp I/O Read Time":0.0,"Temp I/O Write Time":0.0}]},{"Node Type":"Hash","Parent Relationship":"Inner","Parallel Aware":false,"Async Capable":false,"Startup Cost":219.01,"Total Cost":219.01,"Plan Rows":10001,"Plan Width":8,"Actual Startup Time":3.168,"Actual Total Time":3.17,"Actual Rows":10000,"Actual Loops":1,"Output":["supplier.su_suppkey","supplier.su_nationkey"],"Hash Buckets":16384,"Original Hash Buckets":16384,"Hash Batches":1,"Original Hash Batches":1,"Peak Memory Usage":519,"Shared Hit Blocks":0,"Shared Read Blocks":0,"Shared Dirtied Blocks":0,"Shared Written Blocks":0,"Local Hit Blocks":0,"Local Read Blocks":0,"Local Dirtied Blocks":0,"Local Written Blocks":0,"Temp Read Blocks":0,"Temp Written Blocks":0,"I/O Read Time":0.0,"I/O Write Time":0.0,"Temp I/O Read Time":0.0,"Temp I/O Write Time":0.0,"Plans":[{"Node Type":"Append","Parent Relationship":"Outer","Parallel Aware":false,"Async Capable":false,"Startup Cost":20.0,"Total Cost":219.01,"Plan Rows":10001,"Plan Width":8,"Actual Startup Time":0.012,"Actual Total Time":1.799,"Actual Rows":10000,"Actual Loops":1,"Shared Hit Blocks":0,"Shared Read Blocks":0,"Shared Dirtied Blocks":0,"Shared Written Blocks":0,"Local Hit Blocks":0,"Local Read Blocks":0,"Local Dirtied Blocks":0,"Local Written Blocks":0,"Temp Read Blocks":0,"Temp Written Blocks":0,"I/O Read Time":0.0,"I/O Write Time":0.0,"Temp I/O Read Time":0.0,"Temp I/O Write Time":0.0,"Subplans Removed":0,"Plans":[{"Node Type":"Custom Scan","Parent Relationship":"Member","Custom Plan Provider":"columnar scan","Parallel Aware":false,"Async Capable":false,"Relation Name":"supplier","Schema":"public","Alias":"supplier","Startup Cost":20.0,"Total Cost":215.0,"Plan Rows":10000,"Plan Width":8,"Actual Startup Time":0.011,"Actual Total Time":1.087,"Actual Rows":10000,"Actual Loops":1,"Output":["supplier.su_suppkey","supplier.su_nationkey"],"Rows Removed by Columnar Filter":0,"Columnar cache search mode":"native","Shared Hit Blocks":0,"Shared Read Blocks":0,"Shared Dirtied Blocks":0,"Shared Written Blocks":0,"Local Hit Blocks":0,"Local Read Blocks":0,"Local Dirtied Blocks":0,"Local Written Blocks":0,"Temp Read Blocks":0,"Temp Written Blocks":0,"I/O Read Time":0.0,"I/O Write Time":0.0,"Temp I/O Read Time":0.0,"Temp I/O Write Time":0.0},{"Node Type":"Seq Scan","Parent Relationship":"Member","Parallel Aware":false,"Async Capable":false,"Relation Name":"supplier","Schema":"public","Alias":"supplier","Startup Cost":0.0,"Total Cost":4.01,"Plan Rows":1,"Plan Width":8,"Actual Startup Time":0.0,"Actual Total Time":0.0,"Actual Rows":0,"Actual Loops":0,"Output":["supplier.su_suppkey","supplier.su_nationkey"],"Shared Hit Blocks":0,"Shared Read Blocks":0,"Shared Dirtied Blocks":0,"Shared Written Blocks":0,"Local Hit Blocks":0,"Local Read Blocks":0,"Local Dirtied Blocks":0,"Local Written Blocks":0,"Temp Read Blocks":0,"Temp Written Blocks":0,"I/O Read Time":0.0,"I/O Write Time":0.0,"Temp I/O Read Time":0.0,"Temp I/O Write Time":0.0}]}]}]}]}]}]},"Planning":{"Shared Hit Blocks":16,"Shared Read Blocks":0,"Shared Dirtied Blocks":0,"Shared Written Blocks":0,"Local Hit Blocks":0,"Local Read Blocks":0,"Local Dirtied Blocks":0,"Local Written Blocks":0,"Temp Read Blocks":0,"Temp Written Blocks":0,"I/O Read Time":0.0,"I/O Write Time":0.0,"Temp I/O Read Time":0.0,"Temp I/O Write Time":0.0},"Planning Time":4.763,"Triggers":[],"Execution Time":10223.618}]
[列存组合]: order_line, orders, stock, supplier
[{"Plan":{"Node Type":"Sort","Parallel Aware":false,"Async Capable":false,"Startup Cost":1198692.24,"Total Cost":1198692.4,"Plan Rows":62,"Plan Width":40,"Actual Startup Time":5068.007,"Actual Total Time":5068.04,"Actual Rows":11,"Actual Loops":1,"Output":["nation.n_name","(sum(order_line.ol_amount))"],"Sort Key":["(sum(order_line.ol_amount)) DESC"],"Sort Method":"quicksort","Sort Space Used":25,"Sort Space Type":"Memory","Shared Hit Blocks":229606,"Shared Read Blocks":0,"Shared Dirtied Blocks":0,"Shared Written Blocks":0,"Local Hit Blocks":0,"Local Read Blocks":0,"Local Dirtied Blocks":0,"Local Written Blocks":0,"Temp Read Blocks":31471,"Temp Written Blocks":31471,"I/O Read Time":0.0,"I/O Write Time":0.0,"Temp I/O Read Time":50.083,"Temp I/O Write Time":139.379,"Plans":[{"Node Type":"Aggregate","Strategy":"Sorted","Partial Mode":"Simple","Parent Relationship":"Outer","Parallel Aware":false,"Async Capable":false,"Startup Cost":1198616.46,"Total Cost":1198690.4,"Plan Rows":62,"Plan Width":40,"Actual Startup Time":5065.081,"Actual Total Time":5068.024,"Actual Rows":11,"Actual Loops":1,"Output":["nation.n_name","sum(order_line.ol_amount)"],"Group Key":["nation.n_name"],"Shared Hit Blocks":229606,"Shared Read Blocks":0,"Shared Dirtied Blocks":0,"Shared Written Blocks":0,"Local Hit Blocks":0,"Local Read Blocks":0,"Local Dirtied Blocks":0,"Local Written Blocks":0,"Temp Read Blocks":31471,"Temp Written Blocks":31471,"I/O Read Time":0.0,"I/O Write Time":0.0,"Temp I/O Read Time":50.083,"Temp I/O Write Time":139.379,"Plans":[{"Node Type":"Sort","Parent Relationship":"Outer","Parallel Aware":false,"Async Capable":false,"Startup Cost":1198616.46,"Total Cost":1198640.85,"Plan Rows":9755,"Plan Width":12,"Actual Startup Time":5064.863,"Actual Total Time":5065.689,"Actual Rows":17493,"Actual Loops":1,"Output":["nation.n_name","order_line.ol_amount"],"Sort Key":["nation.n_name"],"Sort Method":"quicksort","Sort Space Used":1725,"Sort Space Type":"Memory","Shared Hit Blocks":229606,"Shared Read Blocks":0,"Shared Dirtied Blocks":0,"Shared Written Blocks":0,"Local Hit Blocks":0,"Local Read Blocks":0,"Local Dirtied Blocks":0,"Local Written Blocks":0,"Temp Read Blocks":31471,"Temp Written Blocks":31471,"I/O Read Time":0.0,"I/O Write Time":0.0,"Temp I/O Read Time":50.083,"Temp I/O Write Time":139.379,"Plans":[{"Node Type":"Hash Join","Parent Relationship":"Outer","Parallel Aware":false,"Async Capable":false,"Join Type":"Inner","Startup Cost":439162.9,"Total Cost":1197970.1,"Plan Rows":9755,"Plan Width":12,"Actual Startup Time":1981.764,"Actual Total Time":5056.508,"Actual Rows":17493,"Actual Loops":1,"Output":["nation.n_name","order_line.ol_amount"],"Hash Cond":"((orders.o_c_id = customer.c_id) AND (orders.o_w_id = customer.c_w_id) AND (orders.o_d_id = customer.c_d_id) AND (supplier.su_nationkey = customer.c_nationkey))","Shared Hit Blocks":229606,"Shared Read Blocks":0,"Shared Dirtied Blocks":0,"Shared Written Blocks":0,"Local Hit Blocks":0,"Local Read Blocks":0,"Local Dirtied Blocks":0,"Local Written Blocks":0,"Temp Read Blocks":31471,"Temp Written Blocks":31471,"I/O Read Time":0.0,"I/O Write Time":0.0,"Temp I/O Read Time":50.083,"Temp I/O Write Time":139.379,"Plans":[{"Node Type":"Hash Join","Parent Relationship":"Outer","Parallel Aware":false,"Async Capable":false,"Join Type":"Inner","Startup Cost":104918.76,"Total Cost":833329.04,"Plan Rows":602754,"Plan Width":34,"Actual Startup Time":806.766,"Actual Total Time":3105.643,"Actual Rows":1489124,"Actual Loops":1,"Output":["orders.o_c_id","orders.o_w_id","orders.o_d_id","order_line.ol_amount","order_line.ol_w_id","order_line.ol_d_id","stock.s_w_id","supplier.su_nationkey","nation.n_name","nation.n_nationkey"],"Hash Cond":"((order_line.ol_w_id = orders.o_w_id) AND (order_line.ol_d_id = orders.o_d_id) AND (order_line.ol_o_id = orders.o_id))","Shared Hit Blocks":2,"Shared Read Blocks":0,"Shared Dirtied Blocks":0,"Shared Written Blocks":0,"Local Hit Blocks":0,"Local Read Blocks":0,"Local Dirtied Blocks":0,"Local Written Blocks":0,"Temp Read Blocks":9894,"Temp Written Blocks":9894,"I/O Read Time":0.0,"I/O Write Time":0.0,"Temp I/O Read Time":16.167,"Temp I/O Write Time":41.536,"Plans":[{"Node Type":"Hash Join","Parent Relationship":"Outer","Parallel Aware":false,"Async Capable":false,"Join Type":"Inner","Startup Cost":29627.04,"Total Cost":656242.79,"Plan Rows":4242986,"Plan Width":34,"Actual Startup Time":597.653,"Actual Total Time":2178.398,"Actual Rows":1498118,"Actual Loops":1,"Output":["order_line.ol_amount","order_line.ol_o_id","order_line.ol_w_id","order_line.ol_d_id","stock.s_w_id","supplier.su_nationkey","nation.n_name","nation.n_nationkey"],"Hash Cond":"(mod((stock.s_w_id * stock.s_i_id), 10000) = supplier.su_suppkey)","Shared Hit Blocks":2,"Shared Read Blocks":0,"Shared Dirtied Blocks":0,"Shared Written Blocks":0,"Local Hit Blocks":0,"Local Read Blocks":0,"Local Dirtied Blocks":0,"Local Written Blocks":0,"Temp Read Blocks":0,"Temp Written Blocks":0,"I/O Read Time":0.0,"I/O Write Time":0.0,"Temp I/O Read Time":0.0,"Temp I/O Write Time":0.0,"Plans":[{"Node Type":"Hash Join","Parent Relationship":"Outer","Parallel Aware":false,"Async Capable":false,"Join Type":"Inner","Startup Cost":29323.02,"Total Cost":480915.59,"Plan Rows":21214932,"Plan Width":22,"Actual Startup Time":595.12,"Actual Total Time":1504.147,"Actual Rows":4311079,"Actual Loops":1,"Output":["order_line.ol_amount","order_line.ol_o_id","order_line.ol_w_id","order_line.ol_d_id","stock.s_w_id","stock.s_i_id"],"Hash Cond":"((order_line.ol_w_id = stock.s_w_id) AND (order_line.ol_i_id = stock.s_i_id))","Rows Removed by Bloom Filter":0,"Shared Hit Blocks":0,"Shared Read Blocks":0,"Shared Dirtied Blocks":0,"Shared Written Blocks":0,"Local Hit Blocks":0,"Local Read Blocks":0,"Local Dirtied Blocks":0,"Local Written Blocks":0,"Temp Read Blocks":0,"Temp Written Blocks":0,"I/O Read Time":0.0,"I/O Write Time":0.0,"Temp I/O Read Time":0.0,"Temp I/O Write Time":0.0,"Plans":[{"Node Type":"Append","Parent Relationship":"Outer","Parallel Aware":false,"Async Capable":false,"Startup Cost":20.0,"Total Cost":533646.5,"Plan Rows":20926367,"Plan Width":20,"Actual Startup Time":121.692,"Actual Total Time":121.698,"Actual Rows":4311079,"Actual Loops":1,"Shared Hit Blocks":0,"Shared Read Blocks":0,"Shared Dirtied Blocks":0,"Shared Written Blocks":0,"Local Hit Blocks":0,"Local Read Blocks":0,"Local Dirtied Blocks":0,"Local Written Blocks":0,"Temp Read Blocks":0,"Temp Written Blocks":0,"I/O Read Time":0.0,"I/O Write Time":0.0,"Temp I/O Read Time":0.0,"Temp I/O Write Time":0.0,"Subplans Removed":0,"Plans":[{"Node Type":"Custom Scan","Parent Relationship":"Member","Custom Plan Provider":"columnar scan","Parallel Aware":false,"Async Capable":false,"Relation Name":"order_line","Schema":"public","Alias":"order_line","Startup Cost":20.0,"Total Cost":533641.75,"Plan Rows":20926325,"Plan Width":20,"Actual Startup Time":121.69,"Actual Total Time":121.692,"Actual Rows":4311079,"Actual Loops":1,"Output":["order_line.ol_amount","order_line.ol_o_id","order_line.ol_w_id","order_line.ol_d_id","order_line.ol_i_id"],"Filter":"(order_line.ol_delivery_d >= '1992-01-02 20:10:02.27764'::timestamp without time zone)","Rows Removed by Filter":0,"Rows Removed by Columnar Filter":25686653,"Rows Filtered by Bloom Filter":0,"Dictionary Rows Filtered by Bloom Filter":25686653,"Columnar cache search mode":"native","Shared Hit Blocks":0,"Shared Read Blocks":0,"Shared Dirtied Blocks":0,"Shared Written Blocks":0,"Local Hit Blocks":0,"Local Read Blocks":0,"Local Dirtied Blocks":0,"Local Written Blocks":0,"Temp Read Blocks":0,"Temp Written Blocks":0,"I/O Read Time":0.0,"I/O Write Time":0.0,"Temp I/O Read Time":0.0,"Temp I/O Write Time":0.0},{"Node Type":"Seq Scan","Parent Relationship":"Member","Parallel Aware":false,"Async Capable":false,"Relation Name":"order_line","Schema":"public","Alias":"order_line","Startup Cost":0.0,"Total Cost":4.75,"Plan Rows":42,"Plan Width":20,"Actual Startup Time":0.0,"Actual Total Time":0.0,"Actual Rows":0,"Actual Loops":0,"Output":["order_line.ol_amount","order_line.ol_o_id","order_line.ol_w_id","order_line.ol_d_id","order_line.ol_i_id"],"Filter":"(order_line.ol_delivery_d >= '1992-01-02 20:10:02.27764'::timestamp without time zone)","Rows Removed by Filter":0,"Shared Hit Blocks":0,"Shared Read Blocks":0,"Shared Dirtied Blocks":0,"Shared Written Blocks":0,"Local Hit Blocks":0,"Local Read Blocks":0,"Local Dirtied Blocks":0,"Local Written Blocks":0,"Temp Read Blocks":0,"Temp Written Blocks":0,"I/O Read Time":0.0,"I/O Write Time":0.0,"Temp I/O Read Time":0.0,"Temp I/O Write Time":0.0}]},{"Node Type":"Hash","Parent Relationship":"Inner","Parallel Aware":false,"Async Capable":false,"Startup Cost":195025.67,"Total Cost":195025.67,"Plan Rows":10000162,"Plan Width":6,"Actual Rows":10000000,"Actual Loops":1,"Output":["stock.s_w_id","stock.s_i_id"],"Shared Hit Blocks":0,"Shared Read Blocks":0,"Shared Dirtied Blocks":0,"Shared Written Blocks":0,"Local Hit Blocks":0,"Local Read Blocks":0,"Local Dirtied Blocks":0,"Local Written Blocks":0,"Temp Read Blocks":0,"Temp Written Blocks":0,"I/O Read Time":0.0,"I/O Write Time":0.0,"Temp I/O Read Time":0.0,"Temp I/O Write Time":0.0,"Plans":[{"Node Type":"Append","Parent Relationship":"Outer","Parallel Aware":false,"Async Capable":false,"Startup Cost":20.0,"Total Cost":195025.67,"Plan Rows":10000162,"Plan Width":6,"Actual Startup Time":0.207,"Actual Total Time":0.209,"Actual Rows":10000000,"Actual Loops":1,"Shared Hit Blocks":0,"Shared Read Blocks":0,"Shared Dirtied Blocks":0,"Shared Written Blocks":0,"Local Hit Blocks":0,"Local Read Blocks":0,"Local Dirtied Blocks":0,"Local Written Blocks":0,"Temp Read Blocks":0,"Temp Written Blocks":0,"I/O Read Time":0.0,"I/O Write Time":0.0,"Temp I/O Read Time":0.0,"Temp I/O Write Time":0.0,"Subplans Removed":0,"Plans":[{"Node Type":"Custom Scan","Parent Relationship":"Member","Custom Plan Provider":"columnar scan","Parallel Aware":false,"Async Capable":false,"Relation Name":"stock","Schema":"public","Alias":"stock","Startup Cost":20.0,"Total Cost":195020.05,"Plan Rows":10000000,"Plan Width":6,"Actual Startup Time":0.207,"Actual Total Time":0.207,"Actual Rows":10000000,"Actual Loops":1,"Output":["stock.s_w_id","stock.s_i_id"],"Rows Removed by Columnar Filter":0,"Columnar cache search mode":"native","Shared Hit Blocks":0,"Shared Read Blocks":0,"Shared Dirtied Blocks":0,"Shared Written Blocks":0,"Local Hit Blocks":0,"Local Read Blocks":0,"Local Dirtied Blocks":0,"Local Written Blocks":0,"Temp Read Blocks":0,"Temp Written Blocks":0,"I/O Read Time":0.0,"I/O Write Time":0.0,"Temp I/O Read Time":0.0,"Temp I/O Write Time":0.0},{"Node Type":"Seq Scan","Parent Relationship":"Member","Parallel Aware":false,"Async Capable":false,"Relation Name":"stock","Schema":"public","Alias":"stock","Startup Cost":0.0,"Total Cost":5.62,"Plan Rows":162,"Plan Width":6,"Actual Startup Time":0.0,"Actual Total Time":0.0,"Actual Rows":0,"Actual Loops":0,"Output":["stock.s_w_id","stock.s_i_id"],"Shared Hit Blocks":0,"Shared Read Blocks":0,"Shared Dirtied Blocks":0,"Shared Written Blocks":0,"Local Hit Blocks":0,"Local Read Blocks":0,"Local Dirtied Blocks":0,"Local Written Blocks":0,"Temp Read Blocks":0,"Temp Written Blocks":0,"I/O Read Time":0.0,"I/O Write Time":0.0,"Temp I/O Read Time":0.0,"Temp I/O Write Time":0.0}]}]}]},{"Node Type":"Hash","Parent Relationship":"Inner","Parallel Aware":false,"Async Capable":false,"Startup Cost":279.02,"Total Cost":279.02,"Plan Rows":2000,"Plan Width":20,"Actual Startup Time":2.506,"Actual Total Time":2.519,"Actual Rows":3506,"Actual Loops":1,"Output":["supplier.su_suppkey","supplier.su_nationkey","nation.n_name","nation.n_nationkey"],"Hash Buckets":4096,"Original Hash Buckets":2048,"Hash Batches":1,"Original Hash Batches":1,"Peak Memory Usage":217,"Shared Hit Blocks":2,"Shared Read Blocks":0,"Shared Dirtied Blocks":0,"Shared Written Blocks":0,"Local Hit Blocks":0,"Local Read Blocks":0,"Local Dirtied Blocks":0,"Local Written Blocks":0,"Temp Read Blocks":0,"Temp Written Blocks":0,"I/O Read Time":0.0,"I/O Write Time":0.0,"Temp I/O Read Time":0.0,"Temp I/O Write Time":0.0,"Plans":[{"Node Type":"Hash Join","Parent Relationship":"Outer","Parallel Aware":false,"Async Capable":false,"Join Type":"Inner","Startup Cost":23.14,"Total Cost":279.02,"Plan Rows":2000,"Plan Width":20,"Actual Startup Time":0.53,"Actual Total Time":1.936,"Actual Rows":3506,"Actual Loops":1,"Output":["supplier.su_suppkey","supplier.su_nationkey","nation.n_name","nation.n_nationkey"],"Hash Cond":"(supplier.su_nationkey = nation.n_nationkey)","Shared Hit Blocks":2,"Shared Read Blocks":0,"Shared Dirtied Blocks":0,"Shared Written Blocks":0,"Local Hit Blocks":0,"Local Read Blocks":0,"Local Dirtied Blocks":0,"Local Written Blocks":0,"Temp Read Blocks":0,"Temp Written Blocks":0,"I/O Read Time":0.0,"I/O Write Time":0.0,"Temp I/O Read Time":0.0,"Temp I/O Write Time":0.0,"Plans":[{"Node Type":"Append","Parent Relationship":"Outer","Parallel Aware":false,"Async Capable":false,"Startup Cost":20.0,"Total Cost":219.01,"Plan Rows":10001,"Plan Width":8,"Actual Startup Time":0.09,"Actual Total Time":0.846,"Actual Rows":3506,"Actual Loops":1,"Shared Hit Blocks":0,"Shared Read Blocks":0,"Shared Dirtied Blocks":0,"Shared Written Blocks":0,"Local Hit Blocks":0,"Local Read Blocks":0,"Local Dirtied Blocks":0,"Local Written Blocks":0,"Temp Read Blocks":0,"Temp Written Blocks":0,"I/O Read Time":0.0,"I/O Write Time":0.0,"Temp I/O Read Time":0.0,"Temp I/O Write Time":0.0,"Subplans Removed":0,"Plans":[{"Node Type":"Custom Scan","Parent Relationship":"Member","Custom Plan Provider":"columnar scan","Parallel Aware":false,"Async Capable":false,"Relation Name":"supplier","Schema":"public","Alias":"supplier","Startup Cost":20.0,"Total Cost":215.0,"Plan Rows":10000,"Plan Width":8,"Actual Startup Time":0.09,"Actual Total Time":0.589,"Actual Rows":3506,"Actual Loops":1,"Output":["supplier.su_suppkey","supplier.su_nationkey"],"Rows Removed by Columnar Filter":6494,"Rows Filtered by Bloom Filter":0,"Dictionary Rows Filtered by Bloom Filter":6494,"Columnar cache search mode":"native","Shared Hit Blocks":0,"Shared Read Blocks":0,"Shared Dirtied Blocks":0,"Shared Written Blocks":0,"Local Hit Blocks":0,"Local Read Blocks":0,"Local Dirtied Blocks":0,"Local Written Blocks":0,"Temp Read Blocks":0,"Temp Written Blocks":0,"I/O Read Time":0.0,"I/O Write Time":0.0,"Temp I/O Read Time":0.0,"Temp I/O Write Time":0.0},{"Node Type":"Seq Scan","Parent Relationship":"Member","Parallel Aware":false,"Async Capable":false,"Relation Name":"supplier","Schema":"public","Alias":"supplier","Startup Cost":0.0,"Total Cost":4.01,"Plan Rows":1,"Plan Width":8,"Actual Startup Time":0.0,"Actual Total Time":0.0,"Actual Rows":0,"Actual Loops":0,"Output":["supplier.su_suppkey","supplier.su_nationkey"],"Shared Hit Blocks":0,"Shared Read Blocks":0,"Shared Dirtied Blocks":0,"Shared Written Blocks":0,"Local Hit Blocks":0,"Local Read Blocks":0,"Local Dirtied Blocks":0,"Local Written Blocks":0,"Temp Read Blocks":0,"Temp Written Blocks":0,"I/O Read Time":0.0,"I/O Write Time":0.0,"Temp I/O Read Time":0.0,"Temp I/O Write Time":0.0}]},{"Node Type":"Hash","Parent Relationship":"Inner","Parallel Aware":false,"Async Capable":false,"Startup Cost":2.99,"Total Cost":2.99,"Plan Rows":12,"Plan Width":12,"Actual Startup Time":0.061,"Actual Total Time":0.067,"Actual Rows":22,"Actual Loops":1,"Output":["nation.n_name","nation.n_nationkey"],"Hash Buckets":1024,"Original Hash Buckets":1024,"Hash Batches":1,"Original Hash Batches":1,"Peak Memory Usage":9,"Shared Hit Blocks":2,"Shared Read Blocks":0,"Shared Dirtied Blocks":0,"Shared Written Blocks":0,"Local Hit Blocks":0,"Local Read Blocks":0,"Local Dirtied Blocks":0,"Local Written Blocks":0,"Temp Read Blocks":0,"Temp Written Blocks":0,"I/O Read Time":0.0,"I/O Write Time":0.0,"Temp I/O Read Time":0.0,"Temp I/O Write Time":0.0,"Plans":[{"Node Type":"Hash Join","Parent Relationship":"Outer","Parallel Aware":false,"Async Capable":false,"Join Type":"Inner","Startup Cost":1.07,"Total Cost":2.99,"Plan Rows":12,"Plan Width":12,"Actual Startup Time":0.033,"Actual Total Time":0.052,"Actual Rows":22,"Actual Loops":1,"Output":["nation.n_name","nation.n_nationkey"],"Hash Cond":"(nation.n_regionkey = region.r_regionkey)","Shared Hit Blocks":2,"Shared Read Blocks":0,"Shared Dirtied Blocks":0,"Shared Written Blocks":0,"Local Hit Blocks":0,"Local Read Blocks":0,"Local Dirtied Blocks":0,"Local Written Blocks":0,"Temp Read Blocks":0,"Temp Written Blocks":0,"I/O Read Time":0.0,"I/O Write Time":0.0,"Temp I/O Read Time":0.0,"Temp I/O Write Time":0.0,"Plans":[{"Node Type":"Seq Scan","Parent Relationship":"Outer","Parallel Aware":false,"Async Capable":false,"Relation Name":"nation","Schema":"public","Alias":"nation","Startup Cost":0.0,"Total Cost":1.62,"Plan Rows":62,"Plan Width":16,"Actual Startup Time":0.01,"Actual Total Time":0.014,"Actual Rows":62,"Actual Loops":1,"Output":["nation.n_nationkey","nation.n_name","nation.n_regionkey","nation.n_comment"],"Shared Hit Blocks":1,"Shared Read Blocks":0,"Shared Dirtied Blocks":0,"Shared Written Blocks":0,"Local Hit Blocks":0,"Local Read Blocks":0,"Local Dirtied Blocks":0,"Local Written Blocks":0,"Temp Read Blocks":0,"Temp Written Blocks":0,"I/O Read Time":0.0,"I/O Write Time":0.0,"Temp I/O Read Time":0.0,"Temp I/O Write Time":0.0},{"Node Type":"Hash","Parent Relationship":"Inner","Parallel Aware":false,"Async Capable":false,"Startup Cost":1.06,"Total Cost":1.06,"Plan Rows":1,"Plan Width":4,"Actual Startup Time":0.011,"Actual Total Time":0.013,"Actual Rows":1,"Actual Loops":1,"Output":["region.r_regionkey"],"Hash Buckets":1024,"Original Hash Buckets":1024,"Hash Batches":1,"Original Hash Batches":1,"Peak Memory Usage":9,"Shared Hit Blocks":1,"Shared Read Blocks":0,"Shared Dirtied Blocks":0,"Shared Written Blocks":0,"Local Hit Blocks":0,"Local Read Blocks":0,"Local Dirtied Blocks":0,"Local Written Blocks":0,"Temp Read Blocks":0,"Temp Written Blocks":0,"I/O Read Time":0.0,"I/O Write Time":0.0,"Temp I/O Read Time":0.0,"Temp I/O Write Time":0.0,"Plans":[{"Node Type":"Seq Scan","Parent Relationship":"Outer","Parallel Aware":false,"Async Capable":false,"Relation Name":"region","Schema":"public","Alias":"region","Startup Cost":0.0,"Total Cost":1.06,"Plan Rows":1,"Plan Width":4,"Actual Startup Time":0.008,"Actual Total Time":0.009,"Actual Rows":1,"Actual Loops":1,"Output":["region.r_regionkey"],"Filter":"((region.r_name)::text = 'Europe'::text)","Rows Removed by Filter":4,"Shared Hit Blocks":1,"Shared Read Blocks":0,"Shared Dirtied Blocks":0,"Shared Written Blocks":0,"Local Hit Blocks":0,"Local Read Blocks":0,"Local Dirtied Blocks":0,"Local Written Blocks":0,"Temp Read Blocks":0,"Temp Written Blocks":0,"I/O Read Time":0.0,"I/O Write Time":0.0,"Temp I/O Read Time":0.0,"Temp I/O Write Time":0.0}]}]}]}]}]}]},{"Node Type":"Hash","Parent Relationship":"Inner","Parallel Aware":false,"Async Capable":false,"Startup Cost":65744.12,"Total Cost":65744.12,"Plan Rows":426549,"Plan Width":16,"Actual Startup Time":207.743,"Actual Total Time":207.747,"Actual Rows":428399,"Actual Loops":1,"Output":["orders.o_c_id","orders.o_w_id","orders.o_d_id","orders.o_id"],"Hash Buckets":262144,"Original Hash Buckets":262144,"Hash Batches":4,"Original Hash Batches":4,"Peak Memory Usage":7080,"Shared Hit Blocks":0,"Shared Read Blocks":0,"Shared Dirtied Blocks":0,"Shared Written Blocks":0,"Local Hit Blocks":0,"Local Read Blocks":0,"Local Dirtied Blocks":0,"Local Written Blocks":0,"Temp Read Blocks":0,"Temp Written Blocks":1410,"I/O Read Time":0.0,"I/O Write Time":0.0,"Temp I/O Read Time":0.0,"Temp I/O Write Time":5.63,"Plans":[{"Node Type":"Append","Parent Relationship":"Outer","Parallel Aware":false,"Async Capable":false,"Startup Cost":20.0,"Total Cost":65744.12,"Plan Rows":426549,"Plan Width":16,"Actual Startup Time":0.504,"Actual Total Time":104.829,"Actual Rows":428399,"Actual Loops":1,"Shared Hit Blocks":0,"Shared Read Blocks":0,"Shared Dirtied Blocks":0,"Shared Written Blocks":0,"Local Hit Blocks":0,"Local Read Blocks":0,"Local Dirtied Blocks":0,"Local Written Blocks":0,"Temp Read Blocks":0,"Temp Written Blocks":0,"I/O Read Time":0.0,"I/O Write Time":0.0,"Temp I/O Read Time":0.0,"Temp I/O Write Time":0.0,"Subplans Removed":0,"Plans":[{"Node Type":"Custom Scan","Parent Relationship":"Member","Custom Plan Provider":"columnar scan","Parallel Aware":false,"Async Capable":false,"Relation Name":"orders","Schema":"public","Alias":"orders","Startup Cost":20.0,"Total Cost":10043.96,"Plan Rows":426548,"Plan Width":16,"Actual Startup Time":0.502,"Actual Total Time":74.799,"Actual Rows":428399,"Actual Loops":1,"Output":["orders.o_c_id","orders.o_w_id","orders.o_d_id","orders.o_id"],"Filter":"((orders.o_entry_d < '1994-01-02 20:10:02.27764'::timestamp without time zone) AND (orders.o_entry_d >= '1993-01-02 20:10:02.27764'::timestamp without time zone))","Rows Removed by Filter":0,"Rows Removed by Columnar Filter":2571601,"Columnar cache search mode":"native","Shared Hit Blocks":0,"Shared Read Blocks":0,"Shared Dirtied Blocks":0,"Shared Written Blocks":0,"Local Hit Blocks":0,"Local Read Blocks":0,"Local Dirtied Blocks":0,"Local Written Blocks":0,"Temp Read Blocks":0,"Temp Written Blocks":0,"I/O Read Time":0.0,"I/O Write Time":0.0,"Temp I/O Read Time":0.0,"Temp I/O Write Time":0.0},{"Node Type":"Seq Scan","Parent Relationship":"Member","Parallel Aware":false,"Async Capable":false,"Relation Name":"orders","Schema":"public","Alias":"orders","Startup Cost":0.0,"Total Cost":4.01,"Plan Rows":1,"Plan Width":16,"Actual Startup Time":0.0,"Actual Total Time":0.0,"Actual Rows":0,"Actual Loops":0,"Output":["orders.o_c_id","orders.o_w_id","orders.o_d_id","orders.o_id"],"Filter":"((orders.o_entry_d < '1994-01-02 20:10:02.27764'::timestamp without time zone) AND (orders.o_entry_d >= '1993-01-02 20:10:02.27764'::timestamp without time zone))","Rows Removed by Filter":0,"Shared Hit Blocks":0,"Shared Read Blocks":0,"Shared Dirtied Blocks":0,"Shared Written Blocks":0,"Local Hit Blocks":0,"Local Read Blocks":0,"Local Dirtied Blocks":0,"Local Written Blocks":0,"Temp Read Blocks":0,"Temp Written Blocks":0,"I/O Read Time":0.0,"I/O Write Time":0.0,"Temp I/O Read Time":0.0,"Temp I/O Write Time":0.0}]}]}]},{"Node Type":"Hash","Parent Relationship":"Inner","Parallel Aware":false,"Async Capable":false,"Startup Cost":259601.38,"Total Cost":259601.38,"Plan Rows":2999738,"Plan Width":12,"Actual Startup Time":1166.184,"Actual Total Time":1166.184,"Actual Rows":3000000,"Actual Loops":1,"Output":["customer.c_id","customer.c_w_id","customer.c_d_id","customer.c_nationkey"],"Hash Buckets":262144,"Original Hash Buckets":262144,"Hash Batches":32,"Original Hash Batches":32,"Peak Memory Usage":6058,"Shared Hit Blocks":229604,"Shared Read Blocks":0,"Shared Dirtied Blocks":0,"Shared Written Blocks":0,"Local Hit Blocks":0,"Local Read Blocks":0,"Local Dirtied Blocks":0,"Local Written Blocks":0,"Temp Read Blocks":0,"Temp Written Blocks":11339,"I/O Read Time":0.0,"I/O Write Time":0.0,"Temp I/O Read Time":0.0,"Temp I/O Write Time":52.638,"Plans":[{"Node Type":"Seq Scan","Parent Relationship":"Outer","Parallel Aware":false,"Async Capable":false,"Relation Name":"customer","Schema":"public","Alias":"customer","Startup Cost":0.0,"Total Cost":259601.38,"Plan Rows":2999738,"Plan Width":12,"Actual Startup Time":0.017,"Actual Total Time":645.841,"Actual Rows":3000000,"Actual Loops":1,"Output":["customer.c_id","customer.c_w_id","customer.c_d_id","customer.c_nationkey"],"Shared Hit Blocks":229604,"Shared Read Blocks":0,"Shared Dirtied Blocks":0,"Shared Written Blocks":0,"Local Hit Blocks":0,"Local Read Blocks":0,"Local Dirtied Blocks":0,"Local Written Blocks":0,"Temp Read Blocks":0,"Temp Written Blocks":0,"I/O Read Time":0.0,"I/O Write Time":0.0,"Temp I/O Read Time":0.0,"Temp I/O Write Time":0.0}]}]}]}]}]},"Planning":{"Shared Hit Blocks":16,"Shared Read Blocks":0,"Shared Dirtied Blocks":0,"Shared Written Blocks":0,"Local Hit Blocks":0,"Local Read Blocks":0,"Local Dirtied Blocks":0,"Local Written Blocks":0,"Temp Read Blocks":0,"Temp Written Blocks":0,"I/O Read Time":0.0,"I/O Write Time":0.0,"Temp I/O Read Time":0.0,"Temp I/O Write Time":0.0},"Planning Time":5.232,"Triggers":[],"Execution Time":5069.259}]
[列存组合]: order_line, region, stock, supplier
[{"Plan":{"Node Type":"Sort","Parallel Aware":false,"Async Capable":false,"Startup Cost":1200007.11,"Total Cost":1200007.26,"Plan Rows":62,"Plan Width":40,"Actual Startup Time":5203.473,"Actual Total Time":5203.486,"Actual Rows":11,"Actual Loops":1,"Output":["nation.n_name","(sum(order_line.ol_amount))"],"Sort Key":["(sum(order_line.ol_amount)) DESC"],"Sort Method":"quicksort","Sort Space Used":25,"Sort Space Type":"Memory","Shared Hit Blocks":251665,"Shared Read Blocks":0,"Shared Dirtied Blocks":0,"Shared Written Blocks":0,"Local Hit Blocks":0,"Local Read Blocks":0,"Local Dirtied Blocks":0,"Local Written Blocks":0,"Temp Read Blocks":31471,"Temp Written Blocks":31471,"I/O Read Time":0.0,"I/O Write Time":0.0,"Temp I/O Read Time":50.052,"Temp I/O Write Time":139.763,"Plans":[{"Node Type":"Aggregate","Strategy":"Sorted","Partial Mode":"Simple","Parent Relationship":"Outer","Parallel Aware":false,"Async Capable":false,"Startup Cost":1199931.32,"Total Cost":1200005.26,"Plan Rows":62,"Plan Width":40,"Actual Startup Time":5200.668,"Actual Total Time":5203.472,"Actual Rows":11,"Actual Loops":1,"Output":["nation.n_name","sum(order_line.ol_amount)"],"Group Key":["nation.n_name"],"Shared Hit Blocks":251665,"Shared Read Blocks":0,"Shared Dirtied Blocks":0,"Shared Written Blocks":0,"Local Hit Blocks":0,"Local Read Blocks":0,"Local Dirtied Blocks":0,"Local Written Blocks":0,"Temp Read Blocks":31471,"Temp Written Blocks":31471,"I/O Read Time":0.0,"I/O Write Time":0.0,"Temp I/O Read Time":50.052,"Temp I/O Write Time":139.763,"Plans":[{"Node Type":"Sort","Parent Relationship":"Outer","Parallel Aware":false,"Async Capable":false,"Startup Cost":1199931.32,"Total Cost":1199955.71,"Plan Rows":9755,"Plan Width":12,"Actual Startup Time":5200.464,"Actual Total Time":5201.216,"Actual Rows":17493,"Actual Loops":1,"Output":["nation.n_name","order_line.ol_amount"],"Sort Key":["nation.n_name"],"Sort Method":"quicksort","Sort Space Used":1725,"Sort Space Type":"Memory","Shared Hit Blocks":251665,"Shared Read Blocks":0,"Shared Dirtied Blocks":0,"Shared Written Blocks":0,"Local Hit Blocks":0,"Local Read Blocks":0,"Local Dirtied Blocks":0,"Local Written Blocks":0,"Temp Read Blocks":31471,"Temp Written Blocks":31471,"I/O Read Time":0.0,"I/O Write Time":0.0,"Temp I/O Read Time":50.052,"Temp I/O Write Time":139.763,"Plans":[{"Node Type":"Hash Join","Parent Relationship":"Outer","Parallel Aware":false,"Async Capable":false,"Join Type":"Inner","Startup Cost":440477.77,"Total Cost":1199284.96,"Plan Rows":9755,"Plan Width":12,"Actual Startup Time":2059.265,"Actual Total Time":5192.132,"Actual Rows":17493,"Actual Loops":1,"Output":["nation.n_name","order_line.ol_amount"],"Hash Cond":"((orders.o_c_id = customer.c_id) AND (orders.o_w_id = customer.c_w_id) AND (orders.o_d_id = customer.c_d_id) AND (supplier.su_nationkey = customer.c_nationkey))","Shared Hit Blocks":251665,"Shared Read Blocks":0,"Shared Dirtied Blocks":0,"Shared Written Blocks":0,"Local Hit Blocks":0,"Local Read Blocks":0,"Local Dirtied Blocks":0,"Local Written Blocks":0,"Temp Read Blocks":31471,"Temp Written Blocks":31471,"I/O Read Time":0.0,"I/O Write Time":0.0,"Temp I/O Read Time":50.052,"Temp I/O Write Time":139.763,"Plans":[{"Node Type":"Hash Join","Parent Relationship":"Outer","Parallel Aware":false,"Async Capable":false,"Join Type":"Inner","Startup Cost":106233.63,"Total Cost":834643.9,"Plan Rows":602754,"Plan Width":34,"Actual Startup Time":892.983,"Actual Total Time":3250.282,"Actual Rows":1489124,"Actual Loops":1,"Output":["orders.o_c_id","orders.o_w_id","orders.o_d_id","order_line.ol_amount","order_line.ol_w_id","order_line.ol_d_id","stock.s_w_id","supplier.su_nationkey","nation.n_name","nation.n_nationkey"],"Hash Cond":"((order_line.ol_w_id = orders.o_w_id) AND (order_line.ol_d_id = orders.o_d_id) AND (order_line.ol_o_id = orders.o_id))","Shared Hit Blocks":22061,"Shared Read Blocks":0,"Shared Dirtied Blocks":0,"Shared Written Blocks":0,"Local Hit Blocks":0,"Local Read Blocks":0,"Local Dirtied Blocks":0,"Local Written Blocks":0,"Temp Read Blocks":9894,"Temp Written Blocks":9894,"I/O Read Time":0.0,"I/O Write Time":0.0,"Temp I/O Read Time":16.139,"Temp I/O Write Time":42.283,"Plans":[{"Node Type":"Hash Join","Parent Relationship":"Outer","Parallel Aware":false,"Async Capable":false,"Join Type":"Inner","Startup Cost":29627.04,"Total Cost":656242.79,"Plan Rows":4242986,"Plan Width":34,"Actual Startup Time":567.261,"Actual Total Time":2205.259,"Actual Rows":1498118,"Actual Loops":1,"Output":["order_line.ol_amount","order_line.ol_o_id","order_line.ol_w_id","order_line.ol_d_id","stock.s_w_id","supplier.su_nationkey","nation.n_name","nation.n_nationkey"],"Hash Cond":"(mod((stock.s_w_id * stock.s_i_id), 10000) = supplier.su_suppkey)","Shared Hit Blocks":2,"Shared Read Blocks":0,"Shared Dirtied Blocks":0,"Shared Written Blocks":0,"Local Hit Blocks":0,"Local Read Blocks":0,"Local Dirtied Blocks":0,"Local Written Blocks":0,"Temp Read Blocks":0,"Temp Written Blocks":0,"I/O Read Time":0.0,"I/O Write Time":0.0,"Temp I/O Read Time":0.0,"Temp I/O Write Time":0.0,"Plans":[{"Node Type":"Hash Join","Parent Relationship":"Outer","Parallel Aware":false,"Async Capable":false,"Join Type":"Inner","Startup Cost":29323.02,"Total Cost":480915.59,"Plan Rows":21214932,"Plan Width":22,"Actual Startup Time":564.717,"Actual Total Time":1533.154,"Actual Rows":4311079,"Actual Loops":1,"Output":["order_line.ol_amount","order_line.ol_o_id","order_line.ol_w_id","order_line.ol_d_id","stock.s_w_id","stock.s_i_id"],"Hash Cond":"((order_line.ol_w_id = stock.s_w_id) AND (order_line.ol_i_id = stock.s_i_id))","Rows Removed by Bloom Filter":0,"Shared Hit Blocks":0,"Shared Read Blocks":0,"Shared Dirtied Blocks":0,"Shared Written Blocks":0,"Local Hit Blocks":0,"Local Read Blocks":0,"Local Dirtied Blocks":0,"Local Written Blocks":0,"Temp Read Blocks":0,"Temp Written Blocks":0,"I/O Read Time":0.0,"I/O Write Time":0.0,"Temp I/O Read Time":0.0,"Temp I/O Write Time":0.0,"Plans":[{"Node Type":"Append","Parent Relationship":"Outer","Parallel Aware":false,"Async Capable":false,"Startup Cost":20.0,"Total Cost":533646.5,"Plan Rows":20926367,"Plan Width":20,"Actual Startup Time":123.38,"Actual Total Time":123.382,"Actual Rows":4311079,"Actual Loops":1,"Shared Hit Blocks":0,"Shared Read Blocks":0,"Shared Dirtied Blocks":0,"Shared Written Blocks":0,"Local Hit Blocks":0,"Local Read Blocks":0,"Local Dirtied Blocks":0,"Local Written Blocks":0,"Temp Read Blocks":0,"Temp Written Blocks":0,"I/O Read Time":0.0,"I/O Write Time":0.0,"Temp I/O Read Time":0.0,"Temp I/O Write Time":0.0,"Subplans Removed":0,"Plans":[{"Node Type":"Custom Scan","Parent Relationship":"Member","Custom Plan Provider":"columnar scan","Parallel Aware":false,"Async Capable":false,"Relation Name":"order_line","Schema":"public","Alias":"order_line","Startup Cost":20.0,"Total Cost":533641.75,"Plan Rows":20926325,"Plan Width":20,"Actual Startup Time":123.378,"Actual Total Time":123.38,"Actual Rows":4311079,"Actual Loops":1,"Output":["order_line.ol_amount","order_line.ol_o_id","order_line.ol_w_id","order_line.ol_d_id","order_line.ol_i_id"],"Filter":"(order_line.ol_delivery_d >= '1992-01-02 20:10:02.27764'::timestamp without time zone)","Rows Removed by Filter":0,"Rows Removed by Columnar Filter":25686653,"Rows Filtered by Bloom Filter":0,"Dictionary Rows Filtered by Bloom Filter":25686653,"Columnar cache search mode":"native","Shared Hit Blocks":0,"Shared Read Blocks":0,"Shared Dirtied Blocks":0,"Shared Written Blocks":0,"Local Hit Blocks":0,"Local Read Blocks":0,"Local Dirtied Blocks":0,"Local Written Blocks":0,"Temp Read Blocks":0,"Temp Written Blocks":0,"I/O Read Time":0.0,"I/O Write Time":0.0,"Temp I/O Read Time":0.0,"Temp I/O Write Time":0.0},{"Node Type":"Seq Scan","Parent Relationship":"Member","Parallel Aware":false,"Async Capable":false,"Relation Name":"order_line","Schema":"public","Alias":"order_line","Startup Cost":0.0,"Total Cost":4.75,"Plan Rows":42,"Plan Width":20,"Actual Startup Time":0.0,"Actual Total Time":0.0,"Actual Rows":0,"Actual Loops":0,"Output":["order_line.ol_amount","order_line.ol_o_id","order_line.ol_w_id","order_line.ol_d_id","order_line.ol_i_id"],"Filter":"(order_line.ol_delivery_d >= '1992-01-02 20:10:02.27764'::timestamp without time zone)","Rows Removed by Filter":0,"Shared Hit Blocks":0,"Shared Read Blocks":0,"Shared Dirtied Blocks":0,"Shared Written Blocks":0,"Local Hit Blocks":0,"Local Read Blocks":0,"Local Dirtied Blocks":0,"Local Written Blocks":0,"Temp Read Blocks":0,"Temp Written Blocks":0,"I/O Read Time":0.0,"I/O Write Time":0.0,"Temp I/O Read Time":0.0,"Temp I/O Write Time":0.0}]},{"Node Type":"Hash","Parent Relationship":"Inner","Parallel Aware":false,"Async Capable":false,"Startup Cost":195025.67,"Total Cost":195025.67,"Plan Rows":10000162,"Plan Width":6,"Actual Rows":10000000,"Actual Loops":1,"Output":["stock.s_w_id","stock.s_i_id"],"Shared Hit Blocks":0,"Shared Read Blocks":0,"Shared Dirtied Blocks":0,"Shared Written Blocks":0,"Local Hit Blocks":0,"Local Read Blocks":0,"Local Dirtied Blocks":0,"Local Written Blocks":0,"Temp Read Blocks":0,"Temp Written Blocks":0,"I/O Read Time":0.0,"I/O Write Time":0.0,"Temp I/O Read Time":0.0,"Temp I/O Write Time":0.0,"Plans":[{"Node Type":"Append","Parent Relationship":"Outer","Parallel Aware":false,"Async Capable":false,"Startup Cost":20.0,"Total Cost":195025.67,"Plan Rows":10000162,"Plan Width":6,"Actual Startup Time":0.213,"Actual Total Time":0.214,"Actual Rows":10000000,"Actual Loops":1,"Shared Hit Blocks":0,"Shared Read Blocks":0,"Shared Dirtied Blocks":0,"Shared Written Blocks":0,"Local Hit Blocks":0,"Local Read Blocks":0,"Local Dirtied Blocks":0,"Local Written Blocks":0,"Temp Read Blocks":0,"Temp Written Blocks":0,"I/O Read Time":0.0,"I/O Write Time":0.0,"Temp I/O Read Time":0.0,"Temp I/O Write Time":0.0,"Subplans Removed":0,"Plans":[{"Node Type":"Custom Scan","Parent Relationship":"Member","Custom Plan Provider":"columnar scan","Parallel Aware":false,"Async Capable":false,"Relation Name":"stock","Schema":"public","Alias":"stock","Startup Cost":20.0,"Total Cost":195020.05,"Plan Rows":10000000,"Plan Width":6,"Actual Startup Time":0.213,"Actual Total Time":0.213,"Actual Rows":10000000,"Actual Loops":1,"Output":["stock.s_w_id","stock.s_i_id"],"Rows Removed by Columnar Filter":0,"Columnar cache search mode":"native","Shared Hit Blocks":0,"Shared Read Blocks":0,"Shared Dirtied Blocks":0,"Shared Written Blocks":0,"Local Hit Blocks":0,"Local Read Blocks":0,"Local Dirtied Blocks":0,"Local Written Blocks":0,"Temp Read Blocks":0,"Temp Written Blocks":0,"I/O Read Time":0.0,"I/O Write Time":0.0,"Temp I/O Read Time":0.0,"Temp I/O Write Time":0.0},{"Node Type":"Seq Scan","Parent Relationship":"Member","Parallel Aware":false,"Async Capable":false,"Relation Name":"stock","Schema":"public","Alias":"stock","Startup Cost":0.0,"Total Cost":5.62,"Plan Rows":162,"Plan Width":6,"Actual Startup Time":0.0,"Actual Total Time":0.0,"Actual Rows":0,"Actual Loops":0,"Output":["stock.s_w_id","stock.s_i_id"],"Shared Hit Blocks":0,"Shared Read Blocks":0,"Shared Dirtied Blocks":0,"Shared Written Blocks":0,"Local Hit Blocks":0,"Local Read Blocks":0,"Local Dirtied Blocks":0,"Local Written Blocks":0,"Temp Read Blocks":0,"Temp Written Blocks":0,"I/O Read Time":0.0,"I/O Write Time":0.0,"Temp I/O Read Time":0.0,"Temp I/O Write Time":0.0}]}]}]},{"Node Type":"Hash","Parent Relationship":"Inner","Parallel Aware":false,"Async Capable":false,"Startup Cost":279.02,"Total Cost":279.02,"Plan Rows":2000,"Plan Width":20,"Actual Startup Time":2.52,"Actual Total Time":2.524,"Actual Rows":3506,"Actual Loops":1,"Output":["supplier.su_suppkey","supplier.su_nationkey","nation.n_name","nation.n_nationkey"],"Hash Buckets":4096,"Original Hash Buckets":2048,"Hash Batches":1,"Original Hash Batches":1,"Peak Memory Usage":217,"Shared Hit Blocks":2,"Shared Read Blocks":0,"Shared Dirtied Blocks":0,"Shared Written Blocks":0,"Local Hit Blocks":0,"Local Read Blocks":0,"Local Dirtied Blocks":0,"Local Written Blocks":0,"Temp Read Blocks":0,"Temp Written Blocks":0,"I/O Read Time":0.0,"I/O Write Time":0.0,"Temp I/O Read Time":0.0,"Temp I/O Write Time":0.0,"Plans":[{"Node Type":"Hash Join","Parent Relationship":"Outer","Parallel Aware":false,"Async Capable":false,"Join Type":"Inner","Startup Cost":23.14,"Total Cost":279.02,"Plan Rows":2000,"Plan Width":20,"Actual Startup Time":0.545,"Actual Total Time":1.942,"Actual Rows":3506,"Actual Loops":1,"Output":["supplier.su_suppkey","supplier.su_nationkey","nation.n_name","nation.n_nationkey"],"Hash Cond":"(supplier.su_nationkey = nation.n_nationkey)","Shared Hit Blocks":2,"Shared Read Blocks":0,"Shared Dirtied Blocks":0,"Shared Written Blocks":0,"Local Hit Blocks":0,"Local Read Blocks":0,"Local Dirtied Blocks":0,"Local Written Blocks":0,"Temp Read Blocks":0,"Temp Written Blocks":0,"I/O Read Time":0.0,"I/O Write Time":0.0,"Temp I/O Read Time":0.0,"Temp I/O Write Time":0.0,"Plans":[{"Node Type":"Append","Parent Relationship":"Outer","Parallel Aware":false,"Async Capable":false,"Startup Cost":20.0,"Total Cost":219.01,"Plan Rows":10001,"Plan Width":8,"Actual Startup Time":0.107,"Actual Total Time":0.862,"Actual Rows":3506,"Actual Loops":1,"Shared Hit Blocks":0,"Shared Read Blocks":0,"Shared Dirtied Blocks":0,"Shared Written Blocks":0,"Local Hit Blocks":0,"Local Read Blocks":0,"Local Dirtied Blocks":0,"Local Written Blocks":0,"Temp Read Blocks":0,"Temp Written Blocks":0,"I/O Read Time":0.0,"I/O Write Time":0.0,"Temp I/O Read Time":0.0,"Temp I/O Write Time":0.0,"Subplans Removed":0,"Plans":[{"Node Type":"Custom Scan","Parent Relationship":"Member","Custom Plan Provider":"columnar scan","Parallel Aware":false,"Async Capable":false,"Relation Name":"supplier","Schema":"public","Alias":"supplier","Startup Cost":20.0,"Total Cost":215.0,"Plan Rows":10000,"Plan Width":8,"Actual Startup Time":0.105,"Actual Total Time":0.607,"Actual Rows":3506,"Actual Loops":1,"Output":["supplier.su_suppkey","supplier.su_nationkey"],"Rows Removed by Columnar Filter":6494,"Rows Filtered by Bloom Filter":0,"Dictionary Rows Filtered by Bloom Filter":6494,"Columnar cache search mode":"native","Shared Hit Blocks":0,"Shared Read Blocks":0,"Shared Dirtied Blocks":0,"Shared Written Blocks":0,"Local Hit Blocks":0,"Local Read Blocks":0,"Local Dirtied Blocks":0,"Local Written Blocks":0,"Temp Read Blocks":0,"Temp Written Blocks":0,"I/O Read Time":0.0,"I/O Write Time":0.0,"Temp I/O Read Time":0.0,"Temp I/O Write Time":0.0},{"Node Type":"Seq Scan","Parent Relationship":"Member","Parallel Aware":false,"Async Capable":false,"Relation Name":"supplier","Schema":"public","Alias":"supplier","Startup Cost":0.0,"Total Cost":4.01,"Plan Rows":1,"Plan Width":8,"Actual Startup Time":0.0,"Actual Total Time":0.0,"Actual Rows":0,"Actual Loops":0,"Output":["supplier.su_suppkey","supplier.su_nationkey"],"Shared Hit Blocks":0,"Shared Read Blocks":0,"Shared Dirtied Blocks":0,"Shared Written Blocks":0,"Local Hit Blocks":0,"Local Read Blocks":0,"Local Dirtied Blocks":0,"Local Written Blocks":0,"Temp Read Blocks":0,"Temp Written Blocks":0,"I/O Read Time":0.0,"I/O Write Time":0.0,"Temp I/O Read Time":0.0,"Temp I/O Write Time":0.0}]},{"Node Type":"Hash","Parent Relationship":"Inner","Parallel Aware":false,"Async Capable":false,"Startup Cost":2.99,"Total Cost":2.99,"Plan Rows":12,"Plan Width":12,"Actual Startup Time":0.051,"Actual Total Time":0.054,"Actual Rows":22,"Actual Loops":1,"Output":["nation.n_name","nation.n_nationkey"],"Hash Buckets":1024,"Original Hash Buckets":1024,"Hash Batches":1,"Original Hash Batches":1,"Peak Memory Usage":9,"Shared Hit Blocks":2,"Shared Read Blocks":0,"Shared Dirtied Blocks":0,"Shared Written Blocks":0,"Local Hit Blocks":0,"Local Read Blocks":0,"Local Dirtied Blocks":0,"Local Written Blocks":0,"Temp Read Blocks":0,"Temp Written Blocks":0,"I/O Read Time":0.0,"I/O Write Time":0.0,"Temp I/O Read Time":0.0,"Temp I/O Write Time":0.0,"Plans":[{"Node Type":"Hash Join","Parent Relationship":"Outer","Parallel Aware":false,"Async Capable":false,"Join Type":"Inner","Startup Cost":1.07,"Total Cost":2.99,"Plan Rows":12,"Plan Width":12,"Actual Startup Time":0.031,"Actual Total Time":0.045,"Actual Rows":22,"Actual Loops":1,"Output":["nation.n_name","nation.n_nationkey"],"Hash Cond":"(nation.n_regionkey = region.r_regionkey)","Shared Hit Blocks":2,"Shared Read Blocks":0,"Shared Dirtied Blocks":0,"Shared Written Blocks":0,"Local Hit Blocks":0,"Local Read Blocks":0,"Local Dirtied Blocks":0,"Local Written Blocks":0,"Temp Read Blocks":0,"Temp Written Blocks":0,"I/O Read Time":0.0,"I/O Write Time":0.0,"Temp I/O Read Time":0.0,"Temp I/O Write Time":0.0,"Plans":[{"Node Type":"Seq Scan","Parent Relationship":"Outer","Parallel Aware":false,"Async Capable":false,"Relation Name":"nation","Schema":"public","Alias":"nation","Startup Cost":0.0,"Total Cost":1.62,"Plan Rows":62,"Plan Width":16,"Actual Startup Time":0.008,"Actual Total Time":0.012,"Actual Rows":62,"Actual Loops":1,"Output":["nation.n_nationkey","nation.n_name","nation.n_regionkey","nation.n_comment"],"Shared Hit Blocks":1,"Shared Read Blocks":0,"Shared Dirtied Blocks":0,"Shared Written Blocks":0,"Local Hit Blocks":0,"Local Read Blocks":0,"Local Dirtied Blocks":0,"Local Written Blocks":0,"Temp Read Blocks":0,"Temp Written Blocks":0,"I/O Read Time":0.0,"I/O Write Time":0.0,"Temp I/O Read Time":0.0,"Temp I/O Write Time":0.0},{"Node Type":"Hash","Parent Relationship":"Inner","Parallel Aware":false,"Async Capable":false,"Startup Cost":1.06,"Total Cost":1.06,"Plan Rows":1,"Plan Width":4,"Actual Startup Time":0.01,"Actual Total Time":0.011,"Actual Rows":1,"Actual Loops":1,"Output":["region.r_regionkey"],"Hash Buckets":1024,"Original Hash Buckets":1024,"Hash Batches":1,"Original Hash Batches":1,"Peak Memory Usage":9,"Shared Hit Blocks":1,"Shared Read Blocks":0,"Shared Dirtied Blocks":0,"Shared Written Blocks":0,"Local Hit Blocks":0,"Local Read Blocks":0,"Local Dirtied Blocks":0,"Local Written Blocks":0,"Temp Read Blocks":0,"Temp Written Blocks":0,"I/O Read Time":0.0,"I/O Write Time":0.0,"Temp I/O Read Time":0.0,"Temp I/O Write Time":0.0,"Plans":[{"Node Type":"Seq Scan","Parent Relationship":"Outer","Parallel Aware":false,"Async Capable":false,"Relation Name":"region","Schema":"public","Alias":"region","Startup Cost":0.0,"Total Cost":1.06,"Plan Rows":1,"Plan Width":4,"Actual Startup Time":0.007,"Actual Total Time":0.008,"Actual Rows":1,"Actual Loops":1,"Output":["region.r_regionkey"],"Filter":"((region.r_name)::text = 'Europe'::text)","Rows Removed by Filter":4,"Shared Hit Blocks":1,"Shared Read Blocks":0,"Shared Dirtied Blocks":0,"Shared Written Blocks":0,"Local Hit Blocks":0,"Local Read Blocks":0,"Local Dirtied Blocks":0,"Local Written Blocks":0,"Temp Read Blocks":0,"Temp Written Blocks":0,"I/O Read Time":0.0,"I/O Write Time":0.0,"Temp I/O Read Time":0.0,"Temp I/O Write Time":0.0}]}]}]}]}]}]},{"Node Type":"Hash","Parent Relationship":"Inner","Parallel Aware":false,"Async Capable":false,"Startup Cost":67059.0,"Total Cost":67059.0,"Plan Rows":426548,"Plan Width":16,"Actual Startup Time":324.632,"Actual Total Time":324.632,"Actual Rows":428399,"Actual Loops":1,"Output":["orders.o_c_id","orders.o_w_id","orders.o_d_id","orders.o_id"],"Hash Buckets":262144,"Original Hash Buckets":262144,"Hash Batches":4,"Original Hash Batches":4,"Peak Memory Usage":7080,"Shared Hit Blocks":22059,"Shared Read Blocks":0,"Shared Dirtied Blocks":0,"Shared Written Blocks":0,"Local Hit Blocks":0,"Local Read Blocks":0,"Local Dirtied Blocks":0,"Local Written Blocks":0,"Temp Read Blocks":0,"Temp Written Blocks":1410,"I/O Read Time":0.0,"I/O Write Time":0.0,"Temp I/O Read Time":0.0,"Temp I/O Write Time":6.158,"Plans":[{"Node Type":"Seq Scan","Parent Relationship":"Outer","Parallel Aware":false,"Async Capable":false,"Relation Name":"orders","Schema":"public","Alias":"orders","Startup Cost":0.0,"Total Cost":67059.0,"Plan Rows":426548,"Plan Width":16,"Actual Startup Time":0.845,"Actual Total Time":223.118,"Actual Rows":428399,"Actual Loops":1,"Output":["orders.o_c_id","orders.o_w_id","orders.o_d_id","orders.o_id"],"Filter":"((orders.o_entry_d >= '1993-01-02 20:10:02.27764'::timestamp without time zone) AND (orders.o_entry_d < '1994-01-02 20:10:02.27764'::timestamp without time zone))","Rows Removed by Filter":2571601,"Shared Hit Blocks":22059,"Shared Read Blocks":0,"Shared Dirtied Blocks":0,"Shared Written Blocks":0,"Local Hit Blocks":0,"Local Read Blocks":0,"Local Dirtied Blocks":0,"Local Written Blocks":0,"Temp Read Blocks":0,"Temp Written Blocks":0,"I/O Read Time":0.0,"I/O Write Time":0.0,"Temp I/O Read Time":0.0,"Temp I/O Write Time":0.0}]}]},{"Node Type":"Hash","Parent Relationship":"Inner","Parallel Aware":false,"Async Capable":false,"Startup Cost":259601.38,"Total Cost":259601.38,"Plan Rows":2999738,"Plan Width":12,"Actual Startup Time":1157.584,"Actual Total Time":1157.584,"Actual Rows":3000000,"Actual Loops":1,"Output":["customer.c_id","customer.c_w_id","customer.c_d_id","customer.c_nationkey"],"Hash Buckets":262144,"Original Hash Buckets":262144,"Hash Batches":32,"Original Hash Batches":32,"Peak Memory Usage":6058,"Shared Hit Blocks":229604,"Shared Read Blocks":0,"Shared Dirtied Blocks":0,"Shared Written Blocks":0,"Local Hit Blocks":0,"Local Read Blocks":0,"Local Dirtied Blocks":0,"Local Written Blocks":0,"Temp Read Blocks":0,"Temp Written Blocks":11339,"I/O Read Time":0.0,"I/O Write Time":0.0,"Temp I/O Read Time":0.0,"Temp I/O Write Time":52.202,"Plans":[{"Node Type":"Seq Scan","Parent Relationship":"Outer","Parallel Aware":false,"Async Capable":false,"Relation Name":"customer","Schema":"public","Alias":"customer","Startup Cost":0.0,"Total Cost":259601.38,"Plan Rows":2999738,"Plan Width":12,"Actual Startup Time":0.016,"Actual Total Time":639.659,"Actual Rows":3000000,"Actual Loops":1,"Output":["customer.c_id","customer.c_w_id","customer.c_d_id","customer.c_nationkey"],"Shared Hit Blocks":229604,"Shared Read Blocks":0,"Shared Dirtied Blocks":0,"Shared Written Blocks":0,"Local Hit Blocks":0,"Local Read Blocks":0,"Local Dirtied Blocks":0,"Local Written Blocks":0,"Temp Read Blocks":0,"Temp Written Blocks":0,"I/O Read Time":0.0,"I/O Write Time":0.0,"Temp I/O Read Time":0.0,"Temp I/O Write Time":0.0}]}]}]}]}]},"Planning":{"Shared Hit Blocks":16,"Shared Read Blocks":0,"Shared Dirtied Blocks":0,"Shared Written Blocks":0,"Local Hit Blocks":0,"Local Read Blocks":0,"Local Dirtied Blocks":0,"Local Written Blocks":0,"Temp Read Blocks":0,"Temp Written Blocks":0,"I/O Read Time":0.0,"I/O Write Time":0.0,"Temp I/O Read Time":0.0,"Temp I/O Write Time":0.0},"Planning Time":5.099,"Triggers":[],"Execution Time":5204.277}]
[列存组合]: orders, region, stock, supplier
[{"Plan":{"Node Type":"Sort","Parallel Aware":false,"Async Capable":false,"Startup Cost":2015771.79,"Total Cost":2015771.95,"Plan Rows":62,"Plan Width":40,"Actual Startup Time":16421.628,"Actual Total Time":16421.653,"Actual Rows":11,"Actual Loops":1,"Output":["nation.n_name","(sum(order_line.ol_amount))"],"Sort Key":["(sum(order_line.ol_amount)) DESC"],"Sort Method":"quicksort","Sort Space Used":25,"Sort Space Type":"Memory","Shared Hit Blocks":597828,"Shared Read Blocks":0,"Shared Dirtied Blocks":0,"Shared Written Blocks":0,"Local Hit Blocks":0,"Local Read Blocks":0,"Local Dirtied Blocks":0,"Local Written Blocks":0,"Temp Read Blocks":129460,"Temp Written Blocks":129487,"I/O Read Time":0.0,"I/O Write Time":0.0,"Temp I/O Read Time":196.328,"Temp I/O Write Time":511.516,"Plans":[{"Node Type":"Aggregate","Strategy":"Sorted","Partial Mode":"Simple","Parent Relationship":"Outer","Parallel Aware":false,"Async Capable":false,"Startup Cost":2015696.01,"Total Cost":2015769.95,"Plan Rows":62,"Plan Width":40,"Actual Startup Time":16418.198,"Actual Total Time":16421.638,"Actual Rows":11,"Actual Loops":1,"Output":["nation.n_name","sum(order_line.ol_amount)"],"Group Key":["nation.n_name"],"Shared Hit Blocks":597828,"Shared Read Blocks":0,"Shared Dirtied Blocks":0,"Shared Written Blocks":0,"Local Hit Blocks":0,"Local Read Blocks":0,"Local Dirtied Blocks":0,"Local Written Blocks":0,"Temp Read Blocks":129460,"Temp Written Blocks":129487,"I/O Read Time":0.0,"I/O Write Time":0.0,"Temp I/O Read Time":196.328,"Temp I/O Write Time":511.516,"Plans":[{"Node Type":"Sort","Parent Relationship":"Outer","Parallel Aware":false,"Async Capable":false,"Startup Cost":2015696.01,"Total Cost":2015720.4,"Plan Rows":9755,"Plan Width":12,"Actual Startup Time":16417.944,"Actual Total Time":16418.809,"Actual Rows":17493,"Actual Loops":1,"Output":["nation.n_name","order_line.ol_amount"],"Sort Key":["nation.n_name"],"Sort Method":"quicksort","Sort Space Used":1725,"Sort Space Type":"Memory","Shared Hit Blocks":597828,"Shared Read Blocks":0,"Shared Dirtied Blocks":0,"Shared Written Blocks":0,"Local Hit Blocks":0,"Local Read Blocks":0,"Local Dirtied Blocks":0,"Local Written Blocks":0,"Temp Read Blocks":129460,"Temp Written Blocks":129487,"I/O Read Time":0.0,"I/O Write Time":0.0,"Temp I/O Read Time":196.328,"Temp I/O Write Time":511.516,"Plans":[{"Node Type":"Hash Join","Parent Relationship":"Outer","Parallel Aware":false,"Async Capable":false,"Join Type":"Inner","Startup Cost":1691552.74,"Total Cost":2015049.65,"Plan Rows":9755,"Plan Width":12,"Actual Startup Time":14555.095,"Actual Total Time":16408.992,"Actual Rows":17493,"Actual Loops":1,"Output":["nation.n_name","order_line.ol_amount"],"Inner Unique":true,"Hash Cond":"((mod((stock.s_w_id * stock.s_i_id), 10000) = supplier.su_suppkey) AND (customer.c_nationkey = supplier.su_nationkey))","Shared Hit Blocks":597828,"Shared Read Blocks":0,"Shared Dirtied Blocks":0,"Shared Written Blocks":0,"Local Hit Blocks":0,"Local Read Blocks":0,"Local Dirtied Blocks":0,"Local Written Blocks":0,"Temp Read Blocks":129460,"Temp Written Blocks":129487,"I/O Read Time":0.0,"I/O Write Time":0.0,"Temp I/O Read Time":196.328,"Temp I/O Write Time":511.516,"Plans":[{"Node Type":"Merge Join","Parent Relationship":"Outer","Parallel Aware":false,"Async Capable":false,"Join Type":"Inner","Startup Cost":1691183.71,"Total Cost":2011365.49,"Plan Rows":602749,"Plan Width":26,"Actual Startup Time":14551.476,"Actual Total Time":16267.733,"Actual Rows":1109507,"Actual Loops":1,"Output":["customer.c_nationkey","order_line.ol_amount","stock.s_w_id","stock.s_i_id","nation.n_name","nation.n_nationkey"],"Inner Unique":true,"Merge Cond":"((customer.c_w_id = stock.s_w_id) AND (order_line.ol_i_id = stock.s_i_id))","Shared Hit Blocks":597828,"Shared Read Blocks":0,"Shared Dirtied Blocks":0,"Shared Written Blocks":0,"Local Hit Blocks":0,"Local Read Blocks":0,"Local Dirtied Blocks":0,"Local Written Blocks":0,"Temp Read Blocks":129460,"Temp Written Blocks":129487,"I/O Read Time":0.0,"I/O Write Time":0.0,"Temp I/O Read Time":196.328,"Temp I/O Write Time":511.516,"Plans":[{"Node Type":"Sort","Parent Relationship":"Outer","Parallel Aware":false,"Async Capable":false,"Startup Cost":1691183.28,"Total Cost":1692670.96,"Plan Rows":595073,"Plan Width":30,"Actual Startup Time":14551.413,"Actual Total Time":14731.201,"Actual Rows":1109507,"Actual Loops":1,"Output":["customer.c_w_id","customer.c_nationkey","orders.o_w_id","order_line.ol_amount","order_line.ol_w_id","order_line.ol_i_id","nation.n_name","nation.n_nationkey"],"Sort Key":["customer.c_w_id","order_line.ol_i_id"],"Sort Method":"external merge","Sort Space Used":47304,"Sort Space Type":"Disk","Shared Hit Blocks":570490,"Shared Read Blocks":0,"Shared Dirtied Blocks":0,"Shared Written Blocks":0,"Local Hit Blocks":0,"Local Read Blocks":0,"Local Dirtied Blocks":0,"Local Written Blocks":0,"Temp Read Blocks":129460,"Temp Written Blocks":129487,"I/O Read Time":0.0,"I/O Write Time":0.0,"Temp I/O Read Time":196.328,"Temp I/O Write Time":511.516,"Plans":[{"Node Type":"Hash Join","Parent Relationship":"Outer","Parallel Aware":false,"Async Capable":false,"Join Type":"Inner","Startup Cost":402039.66,"Total Cost":1619869.72,"Plan Rows":595073,"Plan Width":30,"Actual Startup Time":1409.653,"Actual Total Time":13165.455,"Actual Rows":1109507,"Actual Loops":1,"Output":["customer.c_w_id","customer.c_nationkey","orders.o_w_id","order_line.ol_amount","order_line.ol_w_id","order_line.ol_i_id","nation.n_name","nation.n_nationkey"],"Inner Unique":false,"Hash Cond":"(customer.c_nationkey = nation.n_nationkey)","Shared Hit Blocks":570490,"Shared Read Blocks":0,"Shared Dirtied Blocks":0,"Shared Written Blocks":0,"Local Hit Blocks":0,"Local Read Blocks":0,"Local Dirtied Blocks":0,"Local Written Blocks":0,"Temp Read Blocks":117643,"Temp Written Blocks":117643,"I/O Read Time":0.0,"I/O Write Time":0.0,"Temp I/O Read Time":179.875,"Temp I/O Write Time":480.842,"Plans":[{"Node Type":"Hash Join","Parent Relationship":"Outer","Parallel Aware":false,"Async Capable":false,"Join Type":"Inner","Startup Cost":402036.52,"Total Cost":1602950.18,"Plan Rows":2975367,"Plan Width":18,"Actual Startup Time":1400.212,"Actual Total Time":12736.105,"Actual Rows":4284922,"Actual Loops":1,"Output":["customer.c_w_id","customer.c_nationkey","orders.o_w_id","order_line.ol_amount","order_line.ol_w_id","order_line.ol_i_id"],"Inner Unique":true,"Hash Cond":"((orders.o_c_id = customer.c_id) AND (orders.o_w_id = customer.c_w_id) AND (orders.o_d_id = customer.c_d_id))","Shared Hit Blocks":570488,"Shared Read Blocks":0,"Shared Dirtied Blocks":0,"Shared Written Blocks":0,"Local Hit Blocks":0,"Local Read Blocks":0,"Local Dirtied Blocks":0,"Local Written Blocks":0,"Temp Read Blocks":117643,"Temp Written Blocks":117643,"I/O Read Time":0.0,"I/O Write Time":0.0,"Temp I/O Read Time":179.875,"Temp I/O Write Time":480.842,"Plans":[{"Node Type":"Hash Join","Parent Relationship":"Outer","Parallel Aware":false,"Async Capable":false,"Join Type":"Inner","Startup Cost":75291.73,"Total Cost":1203258.36,"Plan Rows":2975367,"Plan Width":20,"Actual Startup Time":244.078,"Actual Total Time":9454.274,"Actual Rows":4284922,"Actual Loops":1,"Output":["orders.o_c_id","orders.o_w_id","orders.o_d_id","order_line.ol_amount","order_line.ol_w_id","order_line.ol_d_id","order_line.ol_i_id"],"Inner Unique":true,"Hash Cond":"((order_line.ol_w_id = orders.o_w_id) AND (order_line.ol_d_id = orders.o_d_id) AND (order_line.ol_o_id = orders.o_id))","Shared Hit Blocks":340884,"Shared Read Blocks":0,"Shared Dirtied Blocks":0,"Shared Written Blocks":0,"Local Hit Blocks":0,"Local Read Blocks":0,"Local Dirtied Blocks":0,"Local Written Blocks":0,"Temp Read Blocks":85996,"Temp Written Blocks":85996,"I/O Read Time":0.0,"I/O Write Time":0.0,"Temp I/O Read Time":131.75,"Temp I/O Write Time":336.185,"Plans":[{"Node Type":"Seq Scan","Parent Relationship":"Outer","Parallel Aware":false,"Async Capable":false,"Relation Name":"order_line","Schema":"public","Alias":"order_line","Startup Cost":0.0,"Total Cost":715856.4,"Plan Rows":20926367,"Plan Width":20,"Actual Startup Time":0.006,"Actual Total Time":3671.647,"Actual Rows":21002151,"Actual Loops":1,"Output":["order_line.ol_amount","order_line.ol_o_id","order_line.ol_w_id","order_line.ol_d_id","order_line.ol_i_id"],"Filter":"(order_line.ol_delivery_d >= '1992-01-02 20:10:02.27764'::timestamp without time zone)","Rows Removed by Filter":8995581,"Shared Hit Blocks":340884,"Shared Read Blocks":0,"Shared Dirtied Blocks":0,"Shared Written Blocks":0,"Local Hit Blocks":0,"Local Read Blocks":0,"Local Dirtied Blocks":0,"Local Written Blocks":0,"Temp Read Blocks":0,"Temp Written Blocks":0,"I/O Read Time":0.0,"I/O Write Time":0.0,"Temp I/O Read Time":0.0,"Temp I/O Write Time":0.0},{"Node Type":"Hash","Parent Relationship":"Inner","Parallel Aware":false,"Async Capable":false,"Startup Cost":65744.12,"Total Cost":65744.12,"Plan Rows":426549,"Plan Width":16,"Actual Startup Time":177.056,"Actual Total Time":177.065,"Actual Rows":428399,"Actual Loops":1,"Output":["orders.o_c_id","orders.o_w_id","orders.o_d_id","orders.o_id"],"Hash Buckets":262144,"Original Hash Buckets":262144,"Hash Batches":4,"Original Hash Batches":4,"Peak Memory Usage":7080,"Shared Hit Blocks":0,"Shared Read Blocks":0,"Shared Dirtied Blocks":0,"Shared Written Blocks":0,"Local Hit Blocks":0,"Local Read Blocks":0,"Local Dirtied Blocks":0,"Local Written Blocks":0,"Temp Read Blocks":0,"Temp Written Blocks":1410,"I/O Read Time":0.0,"I/O Write Time":0.0,"Temp I/O Read Time":0.0,"Temp I/O Write Time":5.532,"Plans":[{"Node Type":"Append","Parent Relationship":"Outer","Parallel Aware":false,"Async Capable":false,"Startup Cost":20.0,"Total Cost":65744.12,"Plan Rows":426549,"Plan Width":16,"Actual Startup Time":0.515,"Actual Total Time":101.714,"Actual Rows":428399,"Actual Loops":1,"Shared Hit Blocks":0,"Shared Read Blocks":0,"Shared Dirtied Blocks":0,"Shared Written Blocks":0,"Local Hit Blocks":0,"Local Read Blocks":0,"Local Dirtied Blocks":0,"Local Written Blocks":0,"Temp Read Blocks":0,"Temp Written Blocks":0,"I/O Read Time":0.0,"I/O Write Time":0.0,"Temp I/O Read Time":0.0,"Temp I/O Write Time":0.0,"Subplans Removed":0,"Plans":[{"Node Type":"Custom Scan","Parent Relationship":"Member","Custom Plan Provider":"columnar scan","Parallel Aware":false,"Async Capable":false,"Relation Name":"orders","Schema":"public","Alias":"orders","Startup Cost":20.0,"Total Cost":10043.96,"Plan Rows":426548,"Plan Width":16,"Actual Startup Time":0.514,"Actual Total Time":71.474,"Actual Rows":428399,"Actual Loops":1,"Output":["orders.o_c_id","orders.o_w_id","orders.o_d_id","orders.o_id"],"Filter":"((orders.o_entry_d < '1994-01-02 20:10:02.27764'::timestamp without time zone) AND (orders.o_entry_d >= '1993-01-02 20:10:02.27764'::timestamp without time zone))","Rows Removed by Filter":0,"Rows Removed by Columnar Filter":2571601,"Columnar cache search mode":"native","Shared Hit Blocks":0,"Shared Read Blocks":0,"Shared Dirtied Blocks":0,"Shared Written Blocks":0,"Local Hit Blocks":0,"Local Read Blocks":0,"Local Dirtied Blocks":0,"Local Written Blocks":0,"Temp Read Blocks":0,"Temp Written Blocks":0,"I/O Read Time":0.0,"I/O Write Time":0.0,"Temp I/O Read Time":0.0,"Temp I/O Write Time":0.0},{"Node Type":"Seq Scan","Parent Relationship":"Member","Parallel Aware":false,"Async Capable":false,"Relation Name":"orders","Schema":"public","Alias":"orders","Startup Cost":0.0,"Total Cost":4.01,"Plan Rows":1,"Plan Width":16,"Actual Startup Time":0.0,"Actual Total Time":0.0,"Actual Rows":0,"Actual Loops":0,"Output":["orders.o_c_id","orders.o_w_id","orders.o_d_id","orders.o_id"],"Filter":"((orders.o_entry_d < '1994-01-02 20:10:02.27764'::timestamp without time zone) AND (orders.o_entry_d >= '1993-01-02 20:10:02.27764'::timestamp without time zone))","Rows Removed by Filter":0,"Shared Hit Blocks":0,"Shared Read Blocks":0,"Shared Dirtied Blocks":0,"Shared Written Blocks":0,"Local Hit Blocks":0,"Local Read Blocks":0,"Local Dirtied Blocks":0,"Local Written Blocks":0,"Temp Read Blocks":0,"Temp Written Blocks":0,"I/O Read Time":0.0,"I/O Write Time":0.0,"Temp I/O Read Time":0.0,"Temp I/O Write Time":0.0}]}]}]},{"Node Type":"Hash","Parent Relationship":"Inner","Parallel Aware":false,"Async Capable":false,"Startup Cost":259601.38,"Total Cost":259601.38,"Plan Rows":2999738,"Plan Width":12,"Actual Startup Time":1153.869,"Actual Total Time":1153.87,"Actual Rows":3000000,"Actual Loops":1,"Output":["customer.c_id","customer.c_w_id","customer.c_d_id","customer.c_nationkey"],"Hash Buckets":262144,"Original Hash Buckets":262144,"Hash Batches":32,"Original Hash Batches":32,"Peak Memory Usage":6090,"Shared Hit Blocks":229604,"Shared Read Blocks":0,"Shared Dirtied Blocks":0,"Shared Written Blocks":0,"Local Hit Blocks":0,"Local Read Blocks":0,"Local Dirtied Blocks":0,"Local Written Blocks":0,"Temp Read Blocks":0,"Temp Written Blocks":11335,"I/O Read Time":0.0,"I/O Write Time":0.0,"Temp I/O Read Time":0.0,"Temp I/O Write Time":52.54,"Plans":[{"Node Type":"Seq Scan","Parent Relationship":"Outer","Parallel Aware":false,"Async Capable":false,"Relation Name":"customer","Schema":"public","Alias":"customer","Startup Cost":0.0,"Total Cost":259601.38,"Plan Rows":2999738,"Plan Width":12,"Actual Startup Time":0.009,"Actual Total Time":647.91,"Actual Rows":3000000,"Actual Loops":1,"Output":["customer.c_id","customer.c_w_id","customer.c_d_id","customer.c_nationkey"],"Shared Hit Blocks":229604,"Shared Read Blocks":0,"Shared Dirtied Blocks":0,"Shared Written Blocks":0,"Local Hit Blocks":0,"Local Read Blocks":0,"Local Dirtied Blocks":0,"Local Written Blocks":0,"Temp Read Blocks":0,"Temp Written Blocks":0,"I/O Read Time":0.0,"I/O Write Time":0.0,"Temp I/O Read Time":0.0,"Temp I/O Write Time":0.0}]}]},{"Node Type":"Hash","Parent Relationship":"Inner","Parallel Aware":false,"Async Capable":false,"Startup Cost":2.99,"Total Cost":2.99,"Plan Rows":12,"Plan Width":12,"Actual Startup Time":0.041,"Actual Total Time":0.045,"Actual Rows":22,"Actual Loops":1,"Output":["nation.n_name","nation.n_nationkey"],"Hash Buckets":1024,"Original Hash Buckets":1024,"Hash Batches":1,"Original Hash Batches":1,"Peak Memory Usage":9,"Shared Hit Blocks":2,"Shared Read Blocks":0,"Shared Dirtied Blocks":0,"Shared Written Blocks":0,"Local Hit Blocks":0,"Local Read Blocks":0,"Local Dirtied Blocks":0,"Local Written Blocks":0,"Temp Read Blocks":0,"Temp Written Blocks":0,"I/O Read Time":0.0,"I/O Write Time":0.0,"Temp I/O Read Time":0.0,"Temp I/O Write Time":0.0,"Plans":[{"Node Type":"Hash Join","Parent Relationship":"Outer","Parallel Aware":false,"Async Capable":false,"Join Type":"Inner","Startup Cost":1.07,"Total Cost":2.99,"Plan Rows":12,"Plan Width":12,"Actual Startup Time":0.024,"Actual Total Time":0.039,"Actual Rows":22,"Actual Loops":1,"Output":["nation.n_name","nation.n_nationkey"],"Inner Unique":true,"Hash Cond":"(nation.n_regionkey = region.r_regionkey)","Shared Hit Blocks":2,"Shared Read Blocks":0,"Shared Dirtied Blocks":0,"Shared Written Blocks":0,"Local Hit Blocks":0,"Local Read Blocks":0,"Local Dirtied Blocks":0,"Local Written Blocks":0,"Temp Read Blocks":0,"Temp Written Blocks":0,"I/O Read Time":0.0,"I/O Write Time":0.0,"Temp I/O Read Time":0.0,"Temp I/O Write Time":0.0,"Plans":[{"Node Type":"Seq Scan","Parent Relationship":"Outer","Parallel Aware":false,"Async Capable":false,"Relation Name":"nation","Schema":"public","Alias":"nation","Startup Cost":0.0,"Total Cost":1.62,"Plan Rows":62,"Plan Width":16,"Actual Startup Time":0.006,"Actual Total Time":0.01,"Actual Rows":62,"Actual Loops":1,"Output":["nation.n_nationkey","nation.n_name","nation.n_regionkey","nation.n_comment"],"Shared Hit Blocks":1,"Shared Read Blocks":0,"Shared Dirtied Blocks":0,"Shared Written Blocks":0,"Local Hit Blocks":0,"Local Read Blocks":0,"Local Dirtied Blocks":0,"Local Written Blocks":0,"Temp Read Blocks":0,"Temp Written Blocks":0,"I/O Read Time":0.0,"I/O Write Time":0.0,"Temp I/O Read Time":0.0,"Temp I/O Write Time":0.0},{"Node Type":"Hash","Parent Relationship":"Inner","Parallel Aware":false,"Async Capable":false,"Startup Cost":1.06,"Total Cost":1.06,"Plan Rows":1,"Plan Width":4,"Actual Startup Time":0.007,"Actual Total Time":0.009,"Actual Rows":1,"Actual Loops":1,"Output":["region.r_regionkey"],"Hash Buckets":1024,"Original Hash Buckets":1024,"Hash Batches":1,"Original Hash Batches":1,"Peak Memory Usage":9,"Shared Hit Blocks":1,"Shared Read Blocks":0,"Shared Dirtied Blocks":0,"Shared Written Blocks":0,"Local Hit Blocks":0,"Local Read Blocks":0,"Local Dirtied Blocks":0,"Local Written Blocks":0,"Temp Read Blocks":0,"Temp Written Blocks":0,"I/O Read Time":0.0,"I/O Write Time":0.0,"Temp I/O Read Time":0.0,"Temp I/O Write Time":0.0,"Plans":[{"Node Type":"Seq Scan","Parent Relationship":"Outer","Parallel Aware":false,"Async Capable":false,"Relation Name":"region","Schema":"public","Alias":"region","Startup Cost":0.0,"Total Cost":1.06,"Plan Rows":1,"Plan Width":4,"Actual Startup Time":0.006,"Actual Total Time":0.006,"Actual Rows":1,"Actual Loops":1,"Output":["region.r_regionkey"],"Filter":"((region.r_name)::text = 'Europe'::text)","Rows Removed by Filter":4,"Shared Hit Blocks":1,"Shared Read Blocks":0,"Shared Dirtied Blocks":0,"Shared Written Blocks":0,"Local Hit Blocks":0,"Local Read Blocks":0,"Local Dirtied Blocks":0,"Local Written Blocks":0,"Temp Read Blocks":0,"Temp Written Blocks":0,"I/O Read Time":0.0,"I/O Write Time":0.0,"Temp I/O Read Time":0.0,"Temp I/O Write Time":0.0}]}]}]}]}]},{"Node Type":"Index Only Scan","Parent Relationship":"Inner","Parallel Aware":false,"Async Capable":false,"Scan Direction":"Forward","Index Name":"stock_pk","Relation Name":"stock","Schema":"public","Alias":"stock","Startup Cost":0.43,"Total Cost":259690.86,"Plan Rows":10000162,"Plan Width":6,"Actual Startup Time":0.048,"Actual Total Time":719.029,"Actual Rows":9999996,"Actual Loops":1,"Output":["stock.s_w_id","stock.s_i_id"],"Heap Fetches":0,"Shared Hit Blocks":27338,"Shared Read Blocks":0,"Shared Dirtied Blocks":0,"Shared Written Blocks":0,"Local Hit Blocks":0,"Local Read Blocks":0,"Local Dirtied Blocks":0,"Local Written Blocks":0,"Temp Read Blocks":0,"Temp Written Blocks":0,"I/O Read Time":0.0,"I/O Write Time":0.0,"Temp I/O Read Time":0.0,"Temp I/O Write Time":0.0}]},{"Node Type":"Hash","Parent Relationship":"Inner","Parallel Aware":false,"Async Capable":false,"Startup Cost":219.01,"Total Cost":219.01,"Plan Rows":10001,"Plan Width":8,"Actual Startup Time":3.198,"Actual Total Time":3.2,"Actual Rows":10000,"Actual Loops":1,"Output":["supplier.su_suppkey","supplier.su_nationkey"],"Hash Buckets":16384,"Original Hash Buckets":16384,"Hash Batches":1,"Original Hash Batches":1,"Peak Memory Usage":519,"Shared Hit Blocks":0,"Shared Read Blocks":0,"Shared Dirtied Blocks":0,"Shared Written Blocks":0,"Local Hit Blocks":0,"Local Read Blocks":0,"Local Dirtied Blocks":0,"Local Written Blocks":0,"Temp Read Blocks":0,"Temp Written Blocks":0,"I/O Read Time":0.0,"I/O Write Time":0.0,"Temp I/O Read Time":0.0,"Temp I/O Write Time":0.0,"Plans":[{"Node Type":"Append","Parent Relationship":"Outer","Parallel Aware":false,"Async Capable":false,"Startup Cost":20.0,"Total Cost":219.01,"Plan Rows":10001,"Plan Width":8,"Actual Startup Time":0.012,"Actual Total Time":1.847,"Actual Rows":10000,"Actual Loops":1,"Shared Hit Blocks":0,"Shared Read Blocks":0,"Shared Dirtied Blocks":0,"Shared Written Blocks":0,"Local Hit Blocks":0,"Local Read Blocks":0,"Local Dirtied Blocks":0,"Local Written Blocks":0,"Temp Read Blocks":0,"Temp Written Blocks":0,"I/O Read Time":0.0,"I/O Write Time":0.0,"Temp I/O Read Time":0.0,"Temp I/O Write Time":0.0,"Subplans Removed":0,"Plans":[{"Node Type":"Custom Scan","Parent Relationship":"Member","Custom Plan Provider":"columnar scan","Parallel Aware":false,"Async Capable":false,"Relation Name":"supplier","Schema":"public","Alias":"supplier","Startup Cost":20.0,"Total Cost":215.0,"Plan Rows":10000,"Plan Width":8,"Actual Startup Time":0.011,"Actual Total Time":1.102,"Actual Rows":10000,"Actual Loops":1,"Output":["supplier.su_suppkey","supplier.su_nationkey"],"Rows Removed by Columnar Filter":0,"Columnar cache search mode":"native","Shared Hit Blocks":0,"Shared Read Blocks":0,"Shared Dirtied Blocks":0,"Shared Written Blocks":0,"Local Hit Blocks":0,"Local Read Blocks":0,"Local Dirtied Blocks":0,"Local Written Blocks":0,"Temp Read Blocks":0,"Temp Written Blocks":0,"I/O Read Time":0.0,"I/O Write Time":0.0,"Temp I/O Read Time":0.0,"Temp I/O Write Time":0.0},{"Node Type":"Seq Scan","Parent Relationship":"Member","Parallel Aware":false,"Async Capable":false,"Relation Name":"supplier","Schema":"public","Alias":"supplier","Startup Cost":0.0,"Total Cost":4.01,"Plan Rows":1,"Plan Width":8,"Actual Startup Time":0.0,"Actual Total Time":0.0,"Actual Rows":0,"Actual Loops":0,"Output":["supplier.su_suppkey","supplier.su_nationkey"],"Shared Hit Blocks":0,"Shared Read Blocks":0,"Shared Dirtied Blocks":0,"Shared Written Blocks":0,"Local Hit Blocks":0,"Local Read Blocks":0,"Local Dirtied Blocks":0,"Local Written Blocks":0,"Temp Read Blocks":0,"Temp Written Blocks":0,"I/O Read Time":0.0,"I/O Write Time":0.0,"Temp I/O Read Time":0.0,"Temp I/O Write Time":0.0}]}]}]}]}]}]},"Planning":{"Shared Hit Blocks":16,"Shared Read Blocks":0,"Shared Dirtied Blocks":0,"Shared Written Blocks":0,"Local Hit Blocks":0,"Local Read Blocks":0,"Local Dirtied Blocks":0,"Local Written Blocks":0,"Temp Read Blocks":0,"Temp Written Blocks":0,"I/O Read Time":0.0,"I/O Write Time":0.0,"Temp I/O Read Time":0.0,"Temp I/O Write Time":0.0},"Planning Time":4.896,"Triggers":[],"Execution Time":16429.623}]
[列存组合]: customer, nation, order_line, orders, region
[{"Plan":{"Node Type":"Sort","Parallel Aware":false,"Async Capable":false,"Startup Cost":1996743.16,"Total Cost":1996743.32,"Plan Rows":62,"Plan Width":40,"Actual Startup Time":10178.567,"Actual Total Time":10178.602,"Actual Rows":11,"Actual Loops":1,"Output":["nation.n_name","(sum(order_line.ol_amount))"],"Sort Key":["(sum(order_line.ol_amount)) DESC"],"Sort Method":"quicksort","Sort Space Used":25,"Sort Space Type":"Memory","Shared Hit Blocks":27557,"Shared Read Blocks":0,"Shared Dirtied Blocks":0,"Shared Written Blocks":0,"Local Hit Blocks":0,"Local Read Blocks":0,"Local Dirtied Blocks":0,"Local Written Blocks":0,"Temp Read Blocks":62236,"Temp Written Blocks":62263,"I/O Read Time":0.0,"I/O Write Time":0.0,"Temp I/O Read Time":97.308,"Temp I/O Write Time":246.321,"Plans":[{"Node Type":"Aggregate","Strategy":"Sorted","Partial Mode":"Simple","Parent Relationship":"Outer","Parallel Aware":false,"Async Capable":false,"Startup Cost":1996667.38,"Total Cost":1996741.32,"Plan Rows":62,"Plan Width":40,"Actual Startup Time":10175.745,"Actual Total Time":10178.585,"Actual Rows":11,"Actual Loops":1,"Output":["nation.n_name","sum(order_line.ol_amount)"],"Group Key":["nation.n_name"],"Shared Hit Blocks":27557,"Shared Read Blocks":0,"Shared Dirtied Blocks":0,"Shared Written Blocks":0,"Local Hit Blocks":0,"Local Read Blocks":0,"Local Dirtied Blocks":0,"Local Written Blocks":0,"Temp Read Blocks":62236,"Temp Written Blocks":62263,"I/O Read Time":0.0,"I/O Write Time":0.0,"Temp I/O Read Time":97.308,"Temp I/O Write Time":246.321,"Plans":[{"Node Type":"Sort","Parent Relationship":"Outer","Parallel Aware":false,"Async Capable":false,"Startup Cost":1996667.38,"Total Cost":1996691.77,"Plan Rows":9755,"Plan Width":12,"Actual Startup Time":10175.533,"Actual Total Time":10176.317,"Actual Rows":17493,"Actual Loops":1,"Output":["nation.n_name","order_line.ol_amount"],"Sort Key":["nation.n_name"],"Sort Method":"quicksort","Sort Space Used":1725,"Sort Space Type":"Memory","Shared Hit Blocks":27557,"Shared Read Blocks":0,"Shared Dirtied Blocks":0,"Shared Written Blocks":0,"Local Hit Blocks":0,"Local Read Blocks":0,"Local Dirtied Blocks":0,"Local Written Blocks":0,"Temp Read Blocks":62236,"Temp Written Blocks":62263,"I/O Read Time":0.0,"I/O Write Time":0.0,"Temp I/O Read Time":97.308,"Temp I/O Write Time":246.321,"Plans":[{"Node Type":"Hash Join","Parent Relationship":"Outer","Parallel Aware":false,"Async Capable":false,"Join Type":"Inner","Startup Cost":1672524.1,"Total Cost":1996021.02,"Plan Rows":9755,"Plan Width":12,"Actual Startup Time":8332.568,"Actual Total Time":10166.389,"Actual Rows":17493,"Actual Loops":1,"Output":["nation.n_name","order_line.ol_amount"],"Inner Unique":true,"Hash Cond":"((mod((stock.s_w_id * stock.s_i_id), 10000) = supplier.su_suppkey) AND (customer.c_nationkey = supplier.su_nationkey))","Shared Hit Blocks":27557,"Shared Read Blocks":0,"Shared Dirtied Blocks":0,"Shared Written Blocks":0,"Local Hit Blocks":0,"Local Read Blocks":0,"Local Dirtied Blocks":0,"Local Written Blocks":0,"Temp Read Blocks":62236,"Temp Written Blocks":62263,"I/O Read Time":0.0,"I/O Write Time":0.0,"Temp I/O Read Time":97.308,"Temp I/O Write Time":246.321,"Plans":[{"Node Type":"Merge Join","Parent Relationship":"Outer","Parallel Aware":false,"Async Capable":false,"Join Type":"Inner","Startup Cost":1672057.1,"Total Cost":1992238.88,"Plan Rows":602749,"Plan Width":26,"Actual Startup Time":8329.599,"Actual Total Time":10026.014,"Actual Rows":1109507,"Actual Loops":1,"Output":["customer.c_nationkey","order_line.ol_amount","stock.s_w_id","stock.s_i_id","nation.n_name","nation.n_nationkey"],"Inner Unique":true,"Merge Cond":"((customer.c_w_id = stock.s_w_id) AND (order_line.ol_i_id = stock.s_i_id))","Shared Hit Blocks":27340,"Shared Read Blocks":0,"Shared Dirtied Blocks":0,"Shared Written Blocks":0,"Local Hit Blocks":0,"Local Read Blocks":0,"Local Dirtied Blocks":0,"Local Written Blocks":0,"Temp Read Blocks":62236,"Temp Written Blocks":62263,"I/O Read Time":0.0,"I/O Write Time":0.0,"Temp I/O Read Time":97.308,"Temp I/O Write Time":246.321,"Plans":[{"Node Type":"Sort","Parent Relationship":"Outer","Parallel Aware":false,"Async Capable":false,"Startup Cost":1672056.67,"Total Cost":1673544.35,"Plan Rows":595073,"Plan Width":30,"Actual Startup Time":8329.535,"Actual Total Time":8508.34,"Actual Rows":1109507,"Actual Loops":1,"Output":["customer.c_w_id","customer.c_nationkey","orders.o_w_id","order_line.ol_amount","order_line.ol_w_id","order_line.ol_i_id","nation.n_name","nation.n_nationkey"],"Sort Key":["customer.c_w_id","order_line.ol_i_id"],"Sort Method":"external merge","Sort Space Used":47304,"Sort Space Type":"Disk","Shared Hit Blocks":2,"Shared Read Blocks":0,"Shared Dirtied Blocks":0,"Shared Written Blocks":0,"Local Hit Blocks":0,"Local Read Blocks":0,"Local Dirtied Blocks":0,"Local Written Blocks":0,"Temp Read Blocks":62236,"Temp Written Blocks":62263,"I/O Read Time":0.0,"I/O Write Time":0.0,"Temp I/O Read Time":97.308,"Temp I/O Write Time":246.321,"Plans":[{"Node Type":"Hash Join","Parent Relationship":"Outer","Parallel Aware":false,"Async Capable":false,"Join Type":"Inner","Startup Cost":396969.46,"Total Cost":1600743.11,"Plan Rows":595073,"Plan Width":30,"Actual Startup Time":1397.689,"Actual Total Time":6940.277,"Actual Rows":1109507,"Actual Loops":1,"Output":["customer.c_w_id","customer.c_nationkey","orders.o_w_id","order_line.ol_amount","order_line.ol_w_id","order_line.ol_i_id","nation.n_name","nation.n_nationkey"],"Inner Unique":false,"Hash Cond":"(customer.c_nationkey = nation.n_nationkey)","Shared Hit Blocks":2,"Shared Read Blocks":0,"Shared Dirtied Blocks":0,"Shared Written Blocks":0,"Local Hit Blocks":0,"Local Read Blocks":0,"Local Dirtied Blocks":0,"Local Written Blocks":0,"Temp Read Blocks":50419,"Temp Written Blocks":50419,"I/O Read Time":0.0,"I/O Write Time":0.0,"Temp I/O Read Time":79.866,"Temp I/O Write Time":215.084,"Plans":[{"Node Type":"Hash Join","Parent Relationship":"Outer","Parallel Aware":false,"Async Capable":false,"Join Type":"Inner","Startup Cost":396966.31,"Total Cost":1583823.58,"Plan Rows":2975367,"Plan Width":18,"Actual Startup Time":1390.601,"Actual Total Time":6522.28,"Actual Rows":4284922,"Actual Loops":1,"Output":["customer.c_w_id","customer.c_nationkey","orders.o_w_id","order_line.ol_amount","order_line.ol_w_id","order_line.ol_i_id"],"Inner Unique":true,"Hash Cond":"((orders.o_c_id = customer.c_id) AND (orders.o_w_id = customer.c_w_id) AND (orders.o_d_id = customer.c_d_id))","Shared Hit Blocks":0,"Shared Read Blocks":0,"Shared Dirtied Blocks":0,"Shared Written Blocks":0,"Local Hit Blocks":0,"Local Read Blocks":0,"Local Dirtied Blocks":0,"Local Written Blocks":0,"Temp Read Blocks":50419,"Temp Written Blocks":50419,"I/O Read Time":0.0,"I/O Write Time":0.0,"Temp I/O Read Time":79.866,"Temp I/O Write Time":215.084,"Plans":[{"Node Type":"Hash Join","Parent Relationship":"Outer","Parallel Aware":false,"Async Capable":false,"Join Type":"Inner","Startup Cost":75311.73,"Total Cost":1189221.96,"Plan Rows":2975367,"Plan Width":20,"Actual Startup Time":212.203,"Actual Total Time":3222.688,"Actual Rows":4284922,"Actual Loops":1,"Output":["orders.o_c_id","orders.o_w_id","orders.o_d_id","order_line.ol_amount","order_line.ol_w_id","order_line.ol_d_id","order_line.ol_i_id"],"Inner Unique":true,"Hash Cond":"((order_line.ol_w_id = orders.o_w_id) AND (order_line.ol_d_id = orders.o_d_id) AND (order_line.ol_o_id = orders.o_id))","Shared Hit Blocks":0,"Shared Read Blocks":0,"Shared Dirtied Blocks":0,"Shared Written Blocks":0,"Local Hit Blocks":0,"Local Read Blocks":0,"Local Dirtied Blocks":0,"Local Written Blocks":0,"Temp Read Blocks":18772,"Temp Written Blocks":18772,"I/O Read Time":0.0,"I/O Write Time":0.0,"Temp I/O Read Time":29.81,"Temp I/O Write Time":75.782,"Plans":[{"Node Type":"Append","Parent Relationship":"Outer","Parallel Aware":false,"Async Capable":false,"Startup Cost":20.0,"Total Cost":701820.0,"Plan Rows":20926367,"Plan Width":20,"Actual Startup Time":1.375,"Actual Total Time":1294.001,"Actual Rows":4311079,"Actual Loops":1,"Shared Hit Blocks":0,"Shared Read Blocks":0,"Shared Dirtied Blocks":0,"Shared Written Blocks":0,"Local Hit Blocks":0,"Local Read Blocks":0,"Local Dirtied Blocks":0,"Local Written Blocks":0,"Temp Read Blocks":0,"Temp Written Blocks":0,"I/O Read Time":0.0,"I/O Write Time":0.0,"Temp I/O Read Time":0.0,"Temp I/O Write Time":0.0,"Subplans Removed":0,"Plans":[{"Node Type":"Custom Scan","Parent Relationship":"Member","Custom Plan Provider":"columnar scan","Parallel Aware":false,"Async Capable":false,"Relation Name":"order_line","Schema":"public","Alias":"order_line","Startup Cost":20.0,"Total Cost":533641.75,"Plan Rows":20926325,"Plan Width":20,"Actual Startup Time":1.373,"Actual Total Time":990.152,"Actual Rows":4311079,"Actual Loops":1,"Output":["order_line.ol_amount","order_line.ol_o_id","order_line.ol_w_id","order_line.ol_d_id","order_line.ol_i_id"],"Filter":"(order_line.ol_delivery_d >= '1992-01-02 20:10:02.27764'::timestamp without time zone)","Rows Removed by Filter":0,"Rows Removed by Columnar Filter":25686653,"Rows Filtered by Bloom Filter":0,"Dictionary Rows Filtered by Bloom Filter":25686653,"Columnar cache search mode":"native","Shared Hit Blocks":0,"Shared Read Blocks":0,"Shared Dirtied Blocks":0,"Shared Written Blocks":0,"Local Hit Blocks":0,"Local Read Blocks":0,"Local Dirtied Blocks":0,"Local Written Blocks":0,"Temp Read Blocks":0,"Temp Written Blocks":0,"I/O Read Time":0.0,"I/O Write Time":0.0,"Temp I/O Read Time":0.0,"Temp I/O Write Time":0.0},{"Node Type":"Seq Scan","Parent Relationship":"Member","Parallel Aware":false,"Async Capable":false,"Relation Name":"order_line","Schema":"public","Alias":"order_line","Startup Cost":0.0,"Total Cost":4.75,"Plan Rows":42,"Plan Width":20,"Actual Startup Time":0.0,"Actual Total Time":0.0,"Actual Rows":0,"Actual Loops":0,"Output":["order_line.ol_amount","order_line.ol_o_id","order_line.ol_w_id","order_line.ol_d_id","order_line.ol_i_id"],"Filter":"(order_line.ol_delivery_d >= '1992-01-02 20:10:02.27764'::timestamp without time zone)","Rows Removed by Filter":0,"Shared Hit Blocks":0,"Shared Read Blocks":0,"Shared Dirtied Blocks":0,"Shared Written Blocks":0,"Local Hit Blocks":0,"Local Read Blocks":0,"Local Dirtied Blocks":0,"Local Written Blocks":0,"Temp Read Blocks":0,"Temp Written Blocks":0,"I/O Read Time":0.0,"I/O Write Time":0.0,"Temp I/O Read Time":0.0,"Temp I/O Write Time":0.0}]},{"Node Type":"Hash","Parent Relationship":"Inner","Parallel Aware":false,"Async Capable":false,"Startup Cost":65744.12,"Total Cost":65744.12,"Plan Rows":426549,"Plan Width":16,"Actual Startup Time":209.835,"Actual Total Time":209.842,"Actual Rows":428399,"Actual Loops":1,"Output":["orders.o_c_id","orders.o_w_id","orders.o_d_id","orders.o_id"],"Hash Buckets":262144,"Original Hash Buckets":262144,"Hash Batches":4,"Original Hash Batches":4,"Peak Memory Usage":7080,"Shared Hit Blocks":0,"Shared Read Blocks":0,"Shared Dirtied Blocks":0,"Shared Written Blocks":0,"Local Hit Blocks":0,"Local Read Blocks":0,"Local Dirtied Blocks":0,"Local Written Blocks":0,"Temp Read Blocks":0,"Temp Written Blocks":1410,"I/O Read Time":0.0,"I/O Write Time":0.0,"Temp I/O Read Time":0.0,"Temp I/O Write Time":5.478,"Plans":[{"Node Type":"Append","Parent Relationship":"Outer","Parallel Aware":false,"Async Capable":false,"Startup Cost":20.0,"Total Cost":65744.12,"Plan Rows":426549,"Plan Width":16,"Actual Startup Time":0.595,"Actual Total Time":106.855,"Actual Rows":428399,"Actual Loops":1,"Shared Hit Blocks":0,"Shared Read Blocks":0,"Shared Dirtied Blocks":0,"Shared Written Blocks":0,"Local Hit Blocks":0,"Local Read Blocks":0,"Local Dirtied Blocks":0,"Local Written Blocks":0,"Temp Read Blocks":0,"Temp Written Blocks":0,"I/O Read Time":0.0,"I/O Write Time":0.0,"Temp I/O Read Time":0.0,"Temp I/O Write Time":0.0,"Subplans Removed":0,"Plans":[{"Node Type":"Custom Scan","Parent Relationship":"Member","Custom Plan Provider":"columnar scan","Parallel Aware":false,"Async Capable":false,"Relation Name":"orders","Schema":"public","Alias":"orders","Startup Cost":20.0,"Total Cost":10043.96,"Plan Rows":426548,"Plan Width":16,"Actual Startup Time":0.593,"Actual Total Time":74.627,"Actual Rows":428399,"Actual Loops":1,"Output":["orders.o_c_id","orders.o_w_id","orders.o_d_id","orders.o_id"],"Filter":"((orders.o_entry_d < '1994-01-02 20:10:02.27764'::timestamp without time zone) AND (orders.o_entry_d >= '1993-01-02 20:10:02.27764'::timestamp without time zone))","Rows Removed by Filter":0,"Rows Removed by Columnar Filter":2571601,"Columnar cache search mode":"native","Shared Hit Blocks":0,"Shared Read Blocks":0,"Shared Dirtied Blocks":0,"Shared Written Blocks":0,"Local Hit Blocks":0,"Local Read Blocks":0,"Local Dirtied Blocks":0,"Local Written Blocks":0,"Temp Read Blocks":0,"Temp Written Blocks":0,"I/O Read Time":0.0,"I/O Write Time":0.0,"Temp I/O Read Time":0.0,"Temp I/O Write Time":0.0},{"Node Type":"Seq Scan","Parent Relationship":"Member","Parallel Aware":false,"Async Capable":false,"Relation Name":"orders","Schema":"public","Alias":"orders","Startup Cost":0.0,"Total Cost":4.01,"Plan Rows":1,"Plan Width":16,"Actual Startup Time":0.0,"Actual Total Time":0.0,"Actual Rows":0,"Actual Loops":0,"Output":["orders.o_c_id","orders.o_w_id","orders.o_d_id","orders.o_id"],"Filter":"((orders.o_entry_d < '1994-01-02 20:10:02.27764'::timestamp without time zone) AND (orders.o_entry_d >= '1993-01-02 20:10:02.27764'::timestamp without time zone))","Rows Removed by Filter":0,"Shared Hit Blocks":0,"Shared Read Blocks":0,"Shared Dirtied Blocks":0,"Shared Written Blocks":0,"Local Hit Blocks":0,"Local Read Blocks":0,"Local Dirtied Blocks":0,"Local Written Blocks":0,"Temp Read Blocks":0,"Temp Written Blocks":0,"I/O Read Time":0.0,"I/O Write Time":0.0,"Temp I/O Read Time":0.0,"Temp I/O Write Time":0.0}]}]}]},{"Node Type":"Hash","Parent Relationship":"Inner","Parallel Aware":false,"Async Capable":false,"Startup Cost":254511.16,"Total Cost":254511.16,"Plan Rows":2999739,"Plan Width":12,"Actual Startup Time":1176.636,"Actual Total Time":1176.641,"Actual Rows":3000000,"Actual Loops":1,"Output":["customer.c_id","customer.c_w_id","customer.c_d_id","customer.c_nationkey"],"Hash Buckets":262144,"Original Hash Buckets":262144,"Hash Batches":32,"Original Hash Batches":32,"Peak Memory Usage":6090,"Shared Hit Blocks":0,"Shared Read Blocks":0,"Shared Dirtied Blocks":0,"Shared Written Blocks":0,"Local Hit Blocks":0,"Local Read Blocks":0,"Local Dirtied Blocks":0,"Local Written Blocks":0,"Temp Read Blocks":0,"Temp Written Blocks":11335,"I/O Read Time":0.0,"I/O Write Time":0.0,"Temp I/O Read Time":0.0,"Temp I/O Write Time":47.82,"Plans":[{"Node Type":"Append","Parent Relationship":"Outer","Parallel Aware":false,"Async Capable":false,"Startup Cost":20.0,"Total Cost":254511.16,"Plan Rows":2999739,"Plan Width":12,"Actual Startup Time":0.011,"Actual Total Time":671.449,"Actual Rows":3000000,"Actual Loops":1,"Shared Hit Blocks":0,"Shared Read Blocks":0,"Shared Dirtied Blocks":0,"Shared Written Blocks":0,"Local Hit Blocks":0,"Local Read Blocks":0,"Local Dirtied Blocks":0,"Local Written Blocks":0,"Temp Read Blocks":0,"Temp Written Blocks":0,"I/O Read Time":0.0,"I/O Write Time":0.0,"Temp I/O Read Time":0.0,"Temp I/O Write Time":0.0,"Subplans Removed":0,"Plans":[{"Node Type":"Custom Scan","Parent Relationship":"Member","Custom Plan Provider":"columnar scan","Parallel Aware":false,"Async Capable":false,"Relation Name":"customer","Schema":"public","Alias":"customer","Startup Cost":20.0,"Total Cost":70513.87,"Plan Rows":2999738,"Plan Width":12,"Actual Startup Time":0.011,"Actual Total Time":446.216,"Actual Rows":3000000,"Actual Loops":1,"Output":["customer.c_id","customer.c_w_id","customer.c_d_id","customer.c_nationkey"],"Rows Removed by Columnar Filter":0,"Columnar cache search mode":"native","Shared Hit Blocks":0,"Shared Read Blocks":0,"Shared Dirtied Blocks":0,"Shared Written Blocks":0,"Local Hit Blocks":0,"Local Read Blocks":0,"Local Dirtied Blocks":0,"Local Written Blocks":0,"Temp Read Blocks":0,"Temp Written Blocks":0,"I/O Read Time":0.0,"I/O Write Time":0.0,"Temp I/O Read Time":0.0,"Temp I/O Write Time":0.0},{"Node Type":"Seq Scan","Parent Relationship":"Member","Parallel Aware":false,"Async Capable":false,"Relation Name":"customer","Schema":"public","Alias":"customer","Startup Cost":0.0,"Total Cost":4.01,"Plan Rows":1,"Plan Width":12,"Actual Startup Time":0.0,"Actual Total Time":0.0,"Actual Rows":0,"Actual Loops":0,"Output":["customer.c_id","customer.c_w_id","customer.c_d_id","customer.c_nationkey"],"Shared Hit Blocks":0,"Shared Read Blocks":0,"Shared Dirtied Blocks":0,"Shared Written Blocks":0,"Local Hit Blocks":0,"Local Read Blocks":0,"Local Dirtied Blocks":0,"Local Written Blocks":0,"Temp Read Blocks":0,"Temp Written Blocks":0,"I/O Read Time":0.0,"I/O Write Time":0.0,"Temp I/O Read Time":0.0,"Temp I/O Write Time":0.0}]}]}]},{"Node Type":"Hash","Parent Relationship":"Inner","Parallel Aware":false,"Async Capable":false,"Startup Cost":2.99,"Total Cost":2.99,"Plan Rows":12,"Plan Width":12,"Actual Startup Time":0.038,"Actual Total Time":0.044,"Actual Rows":22,"Actual Loops":1,"Output":["nation.n_name","nation.n_nationkey"],"Hash Buckets":1024,"Original Hash Buckets":1024,"Hash Batches":1,"Original Hash Batches":1,"Peak Memory Usage":9,"Shared Hit Blocks":2,"Shared Read Blocks":0,"Shared Dirtied Blocks":0,"Shared Written Blocks":0,"Local Hit Blocks":0,"Local Read Blocks":0,"Local Dirtied Blocks":0,"Local Written Blocks":0,"Temp Read Blocks":0,"Temp Written Blocks":0,"I/O Read Time":0.0,"I/O Write Time":0.0,"Temp I/O Read Time":0.0,"Temp I/O Write Time":0.0,"Plans":[{"Node Type":"Hash Join","Parent Relationship":"Outer","Parallel Aware":false,"Async Capable":false,"Join Type":"Inner","Startup Cost":1.07,"Total Cost":2.99,"Plan Rows":12,"Plan Width":12,"Actual Startup Time":0.022,"Actual Total Time":0.038,"Actual Rows":22,"Actual Loops":1,"Output":["nation.n_name","nation.n_nationkey"],"Inner Unique":true,"Hash Cond":"(nation.n_regionkey = region.r_regionkey)","Shared Hit Blocks":2,"Shared Read Blocks":0,"Shared Dirtied Blocks":0,"Shared Written Blocks":0,"Local Hit Blocks":0,"Local Read Blocks":0,"Local Dirtied Blocks":0,"Local Written Blocks":0,"Temp Read Blocks":0,"Temp Written Blocks":0,"I/O Read Time":0.0,"I/O Write Time":0.0,"Temp I/O Read Time":0.0,"Temp I/O Write Time":0.0,"Plans":[{"Node Type":"Seq Scan","Parent Relationship":"Outer","Parallel Aware":false,"Async Capable":false,"Relation Name":"nation","Schema":"public","Alias":"nation","Startup Cost":0.0,"Total Cost":1.62,"Plan Rows":62,"Plan Width":16,"Actual Startup Time":0.004,"Actual Total Time":0.009,"Actual Rows":62,"Actual Loops":1,"Output":["nation.n_nationkey","nation.n_name","nation.n_regionkey","nation.n_comment"],"Shared Hit Blocks":1,"Shared Read Blocks":0,"Shared Dirtied Blocks":0,"Shared Written Blocks":0,"Local Hit Blocks":0,"Local Read Blocks":0,"Local Dirtied Blocks":0,"Local Written Blocks":0,"Temp Read Blocks":0,"Temp Written Blocks":0,"I/O Read Time":0.0,"I/O Write Time":0.0,"Temp I/O Read Time":0.0,"Temp I/O Write Time":0.0},{"Node Type":"Hash","Parent Relationship":"Inner","Parallel Aware":false,"Async Capable":false,"Startup Cost":1.06,"Total Cost":1.06,"Plan Rows":1,"Plan Width":4,"Actual Startup Time":0.008,"Actual Total Time":0.009,"Actual Rows":1,"Actual Loops":1,"Output":["region.r_regionkey"],"Hash Buckets":1024,"Original Hash Buckets":1024,"Hash Batches":1,"Original Hash Batches":1,"Peak Memory Usage":9,"Shared Hit Blocks":1,"Shared Read Blocks":0,"Shared Dirtied Blocks":0,"Shared Written Blocks":0,"Local Hit Blocks":0,"Local Read Blocks":0,"Local Dirtied Blocks":0,"Local Written Blocks":0,"Temp Read Blocks":0,"Temp Written Blocks":0,"I/O Read Time":0.0,"I/O Write Time":0.0,"Temp I/O Read Time":0.0,"Temp I/O Write Time":0.0,"Plans":[{"Node Type":"Seq Scan","Parent Relationship":"Outer","Parallel Aware":false,"Async Capable":false,"Relation Name":"region","Schema":"public","Alias":"region","Startup Cost":0.0,"Total Cost":1.06,"Plan Rows":1,"Plan Width":4,"Actual Startup Time":0.006,"Actual Total Time":0.006,"Actual Rows":1,"Actual Loops":1,"Output":["region.r_regionkey"],"Filter":"((region.r_name)::text = 'Europe'::text)","Rows Removed by Filter":4,"Shared Hit Blocks":1,"Shared Read Blocks":0,"Shared Dirtied Blocks":0,"Shared Written Blocks":0,"Local Hit Blocks":0,"Local Read Blocks":0,"Local Dirtied Blocks":0,"Local Written Blocks":0,"Temp Read Blocks":0,"Temp Written Blocks":0,"I/O Read Time":0.0,"I/O Write Time":0.0,"Temp I/O Read Time":0.0,"Temp I/O Write Time":0.0}]}]}]}]}]},{"Node Type":"Index Only Scan","Parent Relationship":"Inner","Parallel Aware":false,"Async Capable":false,"Scan Direction":"Forward","Index Name":"stock_pk","Relation Name":"stock","Schema":"public","Alias":"stock","Startup Cost":0.43,"Total Cost":259690.86,"Plan Rows":10000162,"Plan Width":6,"Actual Startup Time":0.048,"Actual Total Time":709.693,"Actual Rows":9999996,"Actual Loops":1,"Output":["stock.s_w_id","stock.s_i_id"],"Heap Fetches":0,"Shared Hit Blocks":27338,"Shared Read Blocks":0,"Shared Dirtied Blocks":0,"Shared Written Blocks":0,"Local Hit Blocks":0,"Local Read Blocks":0,"Local Dirtied Blocks":0,"Local Written Blocks":0,"Temp Read Blocks":0,"Temp Written Blocks":0,"I/O Read Time":0.0,"I/O Write Time":0.0,"Temp I/O Read Time":0.0,"Temp I/O Write Time":0.0}]},{"Node Type":"Hash","Parent Relationship":"Inner","Parallel Aware":false,"Async Capable":false,"Startup Cost":317.0,"Total Cost":317.0,"Plan Rows":10000,"Plan Width":8,"Actual Startup Time":2.549,"Actual Total Time":2.549,"Actual Rows":10000,"Actual Loops":1,"Output":["supplier.su_suppkey","supplier.su_nationkey"],"Hash Buckets":16384,"Original Hash Buckets":16384,"Hash Batches":1,"Original Hash Batches":1,"Peak Memory Usage":519,"Shared Hit Blocks":217,"Shared Read Blocks":0,"Shared Dirtied Blocks":0,"Shared Written Blocks":0,"Local Hit Blocks":0,"Local Read Blocks":0,"Local Dirtied Blocks":0,"Local Written Blocks":0,"Temp Read Blocks":0,"Temp Written Blocks":0,"I/O Read Time":0.0,"I/O Write Time":0.0,"Temp I/O Read Time":0.0,"Temp I/O Write Time":0.0,"Plans":[{"Node Type":"Seq Scan","Parent Relationship":"Outer","Parallel Aware":false,"Async Capable":false,"Relation Name":"supplier","Schema":"public","Alias":"supplier","Startup Cost":0.0,"Total Cost":317.0,"Plan Rows":10000,"Plan Width":8,"Actual Startup Time":0.01,"Actual Total Time":1.254,"Actual Rows":10000,"Actual Loops":1,"Output":["supplier.su_suppkey","supplier.su_nationkey"],"Shared Hit Blocks":217,"Shared Read Blocks":0,"Shared Dirtied Blocks":0,"Shared Written Blocks":0,"Local Hit Blocks":0,"Local Read Blocks":0,"Local Dirtied Blocks":0,"Local Written Blocks":0,"Temp Read Blocks":0,"Temp Written Blocks":0,"I/O Read Time":0.0,"I/O Write Time":0.0,"Temp I/O Read Time":0.0,"Temp I/O Write Time":0.0}]}]}]}]}]},"Planning":{"Shared Hit Blocks":16,"Shared Read Blocks":0,"Shared Dirtied Blocks":0,"Shared Written Blocks":0,"Local Hit Blocks":0,"Local Read Blocks":0,"Local Dirtied Blocks":0,"Local Written Blocks":0,"Temp Read Blocks":0,"Temp Written Blocks":0,"I/O Read Time":0.0,"I/O Write Time":0.0,"Temp I/O Read Time":0.0,"Temp I/O Write Time":0.0},"Planning Time":5.156,"Triggers":[],"Execution Time":10186.769}]
[列存组合]: customer, nation, order_line, orders, stock
[{"Plan":{"Node Type":"Sort","Parallel Aware":false,"Async Capable":false,"Startup Cost":1193700.02,"Total Cost":1193700.17,"Plan Rows":62,"Plan Width":40,"Actual Startup Time":5122.393,"Actual Total Time":5122.406,"Actual Rows":11,"Actual Loops":1,"Output":["nation.n_name","(sum(order_line.ol_amount))"],"Sort Key":["(sum(order_line.ol_amount)) DESC"],"Sort Method":"quicksort","Sort Space Used":25,"Sort Space Type":"Memory","Shared Hit Blocks":219,"Shared Read Blocks":0,"Shared Dirtied Blocks":0,"Shared Written Blocks":0,"Local Hit Blocks":0,"Local Read Blocks":0,"Local Dirtied Blocks":0,"Local Written Blocks":0,"Temp Read Blocks":31471,"Temp Written Blocks":31471,"I/O Read Time":0.0,"I/O Write Time":0.0,"Temp I/O Read Time":49.925,"Temp I/O Write Time":138.979,"Plans":[{"Node Type":"Aggregate","Strategy":"Sorted","Partial Mode":"Simple","Parent Relationship":"Outer","Parallel Aware":false,"Async Capable":false,"Startup Cost":1193624.23,"Total Cost":1193698.17,"Plan Rows":62,"Plan Width":40,"Actual Startup Time":5119.387,"Actual Total Time":5122.39,"Actual Rows":11,"Actual Loops":1,"Output":["nation.n_name","sum(order_line.ol_amount)"],"Group Key":["nation.n_name"],"Shared Hit Blocks":219,"Shared Read Blocks":0,"Shared Dirtied Blocks":0,"Shared Written Blocks":0,"Local Hit Blocks":0,"Local Read Blocks":0,"Local Dirtied Blocks":0,"Local Written Blocks":0,"Temp Read Blocks":31471,"Temp Written Blocks":31471,"I/O Read Time":0.0,"I/O Write Time":0.0,"Temp I/O Read Time":49.925,"Temp I/O Write Time":138.979,"Plans":[{"Node Type":"Sort","Parent Relationship":"Outer","Parallel Aware":false,"Async Capable":false,"Startup Cost":1193624.23,"Total Cost":1193648.62,"Plan Rows":9755,"Plan Width":12,"Actual Startup Time":5118.817,"Actual Total Time":5120.069,"Actual Rows":17493,"Actual Loops":1,"Output":["nation.n_name","order_line.ol_amount"],"Sort Key":["nation.n_name"],"Sort Method":"quicksort","Sort Space Used":1725,"Sort Space Type":"Memory","Shared Hit Blocks":219,"Shared Read Blocks":0,"Shared Dirtied Blocks":0,"Shared Written Blocks":0,"Local Hit Blocks":0,"Local Read Blocks":0,"Local Dirtied Blocks":0,"Local Written Blocks":0,"Temp Read Blocks":31471,"Temp Written Blocks":31471,"I/O Read Time":0.0,"I/O Write Time":0.0,"Temp I/O Read Time":49.925,"Temp I/O Write Time":138.979,"Plans":[{"Node Type":"Hash Join","Parent Relationship":"Outer","Parallel Aware":false,"Async Capable":false,"Join Type":"Inner","Startup Cost":434170.67,"Total Cost":1192977.87,"Plan Rows":9755,"Plan Width":12,"Actual Startup Time":1990.232,"Actual Total Time":5110.395,"Actual Rows":17493,"Actual Loops":1,"Output":["nation.n_name","order_line.ol_amount"],"Hash Cond":"((orders.o_c_id = customer.c_id) AND (orders.o_w_id = customer.c_w_id) AND (orders.o_d_id = customer.c_d_id) AND (supplier.su_nationkey = customer.c_nationkey))","Shared Hit Blocks":219,"Shared Read Blocks":0,"Shared Dirtied Blocks":0,"Shared Written Blocks":0,"Local Hit Blocks":0,"Local Read Blocks":0,"Local Dirtied Blocks":0,"Local Written Blocks":0,"Temp Read Blocks":31471,"Temp Written Blocks":31471,"I/O Read Time":0.0,"I/O Write Time":0.0,"Temp I/O Read Time":49.925,"Temp I/O Write Time":138.979,"Plans":[{"Node Type":"Hash Join","Parent Relationship":"Outer","Parallel Aware":false,"Async Capable":false,"Join Type":"Inner","Startup Cost":105016.74,"Total Cost":833427.02,"Plan Rows":602754,"Plan Width":34,"Actual Startup Time":781.367,"Actual Total Time":3122.931,"Actual Rows":1489124,"Actual Loops":1,"Output":["orders.o_c_id","orders.o_w_id","orders.o_d_id","order_line.ol_amount","order_line.ol_w_id","order_line.ol_d_id","stock.s_w_id","supplier.su_nationkey","nation.n_name","nation.n_nationkey"],"Hash Cond":"((order_line.ol_w_id = orders.o_w_id) AND (order_line.ol_d_id = orders.o_d_id) AND (order_line.ol_o_id = orders.o_id))","Shared Hit Blocks":219,"Shared Read Blocks":0,"Shared Dirtied Blocks":0,"Shared Written Blocks":0,"Local Hit Blocks":0,"Local Read Blocks":0,"Local Dirtied Blocks":0,"Local Written Blocks":0,"Temp Read Blocks":9894,"Temp Written Blocks":9894,"I/O Read Time":0.0,"I/O Write Time":0.0,"Temp I/O Read Time":16.026,"Temp I/O Write Time":43.589,"Plans":[{"Node Type":"Hash Join","Parent Relationship":"Outer","Parallel Aware":false,"Async Capable":false,"Join Type":"Inner","Startup Cost":29725.01,"Total Cost":656340.76,"Plan Rows":4242986,"Plan Width":34,"Actual Startup Time":569.997,"Actual Total Time":2193.214,"Actual Rows":1498118,"Actual Loops":1,"Output":["order_line.ol_amount","order_line.ol_o_id","order_line.ol_w_id","order_line.ol_d_id","stock.s_w_id","supplier.su_nationkey","nation.n_name","nation.n_nationkey"],"Hash Cond":"(mod((stock.s_w_id * stock.s_i_id), 10000) = supplier.su_suppkey)","Shared Hit Blocks":219,"Shared Read Blocks":0,"Shared Dirtied Blocks":0,"Shared Written Blocks":0,"Local Hit Blocks":0,"Local Read Blocks":0,"Local Dirtied Blocks":0,"Local Written Blocks":0,"Temp Read Blocks":0,"Temp Written Blocks":0,"I/O Read Time":0.0,"I/O Write Time":0.0,"Temp I/O Read Time":0.0,"Temp I/O Write Time":0.0,"Plans":[{"Node Type":"Hash Join","Parent Relationship":"Outer","Parallel Aware":false,"Async Capable":false,"Join Type":"Inner","Startup Cost":29323.02,"Total Cost":480915.59,"Plan Rows":21214932,"Plan Width":22,"Actual Startup Time":567.128,"Actual Total Time":1503.239,"Actual Rows":4311079,"Actual Loops":1,"Output":["order_line.ol_amount","order_line.ol_o_id","order_line.ol_w_id","order_line.ol_d_id","stock.s_w_id","stock.s_i_id"],"Hash Cond":"((order_line.ol_w_id = stock.s_w_id) AND (order_line.ol_i_id = stock.s_i_id))","Rows Removed by Bloom Filter":0,"Shared Hit Blocks":0,"Shared Read Blocks":0,"Shared Dirtied Blocks":0,"Shared Written Blocks":0,"Local Hit Blocks":0,"Local Read Blocks":0,"Local Dirtied Blocks":0,"Local Written Blocks":0,"Temp Read Blocks":0,"Temp Written Blocks":0,"I/O Read Time":0.0,"I/O Write Time":0.0,"Temp I/O Read Time":0.0,"Temp I/O Write Time":0.0,"Plans":[{"Node Type":"Append","Parent Relationship":"Outer","Parallel Aware":false,"Async Capable":false,"Startup Cost":20.0,"Total Cost":533646.5,"Plan Rows":20926367,"Plan Width":20,"Actual Startup Time":123.184,"Actual Total Time":123.187,"Actual Rows":4311079,"Actual Loops":1,"Shared Hit Blocks":0,"Shared Read Blocks":0,"Shared Dirtied Blocks":0,"Shared Written Blocks":0,"Local Hit Blocks":0,"Local Read Blocks":0,"Local Dirtied Blocks":0,"Local Written Blocks":0,"Temp Read Blocks":0,"Temp Written Blocks":0,"I/O Read Time":0.0,"I/O Write Time":0.0,"Temp I/O Read Time":0.0,"Temp I/O Write Time":0.0,"Subplans Removed":0,"Plans":[{"Node Type":"Custom Scan","Parent Relationship":"Member","Custom Plan Provider":"columnar scan","Parallel Aware":false,"Async Capable":false,"Relation Name":"order_line","Schema":"public","Alias":"order_line","Startup Cost":20.0,"Total Cost":533641.75,"Plan Rows":20926325,"Plan Width":20,"Actual Startup Time":123.183,"Actual Total Time":123.184,"Actual Rows":4311079,"Actual Loops":1,"Output":["order_line.ol_amount","order_line.ol_o_id","order_line.ol_w_id","order_line.ol_d_id","order_line.ol_i_id"],"Filter":"(order_line.ol_delivery_d >= '1992-01-02 20:10:02.27764'::timestamp without time zone)","Rows Removed by Filter":0,"Rows Removed by Columnar Filter":25686653,"Rows Filtered by Bloom Filter":0,"Dictionary Rows Filtered by Bloom Filter":25686653,"Columnar cache search mode":"native","Shared Hit Blocks":0,"Shared Read Blocks":0,"Shared Dirtied Blocks":0,"Shared Written Blocks":0,"Local Hit Blocks":0,"Local Read Blocks":0,"Local Dirtied Blocks":0,"Local Written Blocks":0,"Temp Read Blocks":0,"Temp Written Blocks":0,"I/O Read Time":0.0,"I/O Write Time":0.0,"Temp I/O Read Time":0.0,"Temp I/O Write Time":0.0},{"Node Type":"Seq Scan","Parent Relationship":"Member","Parallel Aware":false,"Async Capable":false,"Relation Name":"order_line","Schema":"public","Alias":"order_line","Startup Cost":0.0,"Total Cost":4.75,"Plan Rows":42,"Plan Width":20,"Actual Startup Time":0.0,"Actual Total Time":0.0,"Actual Rows":0,"Actual Loops":0,"Output":["order_line.ol_amount","order_line.ol_o_id","order_line.ol_w_id","order_line.ol_d_id","order_line.ol_i_id"],"Filter":"(order_line.ol_delivery_d >= '1992-01-02 20:10:02.27764'::timestamp without time zone)","Rows Removed by Filter":0,"Shared Hit Blocks":0,"Shared Read Blocks":0,"Shared Dirtied Blocks":0,"Shared Written Blocks":0,"Local Hit Blocks":0,"Local Read Blocks":0,"Local Dirtied Blocks":0,"Local Written Blocks":0,"Temp Read Blocks":0,"Temp Written Blocks":0,"I/O Read Time":0.0,"I/O Write Time":0.0,"Temp I/O Read Time":0.0,"Temp I/O Write Time":0.0}]},{"Node Type":"Hash","Parent Relationship":"Inner","Parallel Aware":false,"Async Capable":false,"Startup Cost":195025.67,"Total Cost":195025.67,"Plan Rows":10000162,"Plan Width":6,"Actual Rows":10000000,"Actual Loops":1,"Output":["stock.s_w_id","stock.s_i_id"],"Shared Hit Blocks":0,"Shared Read Blocks":0,"Shared Dirtied Blocks":0,"Shared Written Blocks":0,"Local Hit Blocks":0,"Local Read Blocks":0,"Local Dirtied Blocks":0,"Local Written Blocks":0,"Temp Read Blocks":0,"Temp Written Blocks":0,"I/O Read Time":0.0,"I/O Write Time":0.0,"Temp I/O Read Time":0.0,"Temp I/O Write Time":0.0,"Plans":[{"Node Type":"Append","Parent Relationship":"Outer","Parallel Aware":false,"Async Capable":false,"Startup Cost":20.0,"Total Cost":195025.67,"Plan Rows":10000162,"Plan Width":6,"Actual Startup Time":0.235,"Actual Total Time":0.236,"Actual Rows":10000000,"Actual Loops":1,"Shared Hit Blocks":0,"Shared Read Blocks":0,"Shared Dirtied Blocks":0,"Shared Written Blocks":0,"Local Hit Blocks":0,"Local Read Blocks":0,"Local Dirtied Blocks":0,"Local Written Blocks":0,"Temp Read Blocks":0,"Temp Written Blocks":0,"I/O Read Time":0.0,"I/O Write Time":0.0,"Temp I/O Read Time":0.0,"Temp I/O Write Time":0.0,"Subplans Removed":0,"Plans":[{"Node Type":"Custom Scan","Parent Relationship":"Member","Custom Plan Provider":"columnar scan","Parallel Aware":false,"Async Capable":false,"Relation Name":"stock","Schema":"public","Alias":"stock","Startup Cost":20.0,"Total Cost":195020.05,"Plan Rows":10000000,"Plan Width":6,"Actual Startup Time":0.234,"Actual Total Time":0.235,"Actual Rows":10000000,"Actual Loops":1,"Output":["stock.s_w_id","stock.s_i_id"],"Rows Removed by Columnar Filter":0,"Columnar cache search mode":"native","Shared Hit Blocks":0,"Shared Read Blocks":0,"Shared Dirtied Blocks":0,"Shared Written Blocks":0,"Local Hit Blocks":0,"Local Read Blocks":0,"Local Dirtied Blocks":0,"Local Written Blocks":0,"Temp Read Blocks":0,"Temp Written Blocks":0,"I/O Read Time":0.0,"I/O Write Time":0.0,"Temp I/O Read Time":0.0,"Temp I/O Write Time":0.0},{"Node Type":"Seq Scan","Parent Relationship":"Member","Parallel Aware":false,"Async Capable":false,"Relation Name":"stock","Schema":"public","Alias":"stock","Startup Cost":0.0,"Total Cost":5.62,"Plan Rows":162,"Plan Width":6,"Actual Startup Time":0.0,"Actual Total Time":0.0,"Actual Rows":0,"Actual Loops":0,"Output":["stock.s_w_id","stock.s_i_id"],"Shared Hit Blocks":0,"Shared Read Blocks":0,"Shared Dirtied Blocks":0,"Shared Written Blocks":0,"Local Hit Blocks":0,"Local Read Blocks":0,"Local Dirtied Blocks":0,"Local Written Blocks":0,"Temp Read Blocks":0,"Temp Written Blocks":0,"I/O Read Time":0.0,"I/O Write Time":0.0,"Temp I/O Read Time":0.0,"Temp I/O Write Time":0.0}]}]}]},{"Node Type":"Hash","Parent Relationship":"Inner","Parallel Aware":false,"Async Capable":false,"Startup Cost":376.99,"Total Cost":376.99,"Plan Rows":2000,"Plan Width":20,"Actual Startup Time":2.843,"Actual Total Time":2.846,"Actual Rows":3506,"Actual Loops":1,"Output":["supplier.su_suppkey","supplier.su_nationkey","nation.n_name","nation.n_nationkey"],"Hash Buckets":4096,"Original Hash Buckets":2048,"Hash Batches":1,"Original Hash Batches":1,"Peak Memory Usage":217,"Shared Hit Blocks":219,"Shared Read Blocks":0,"Shared Dirtied Blocks":0,"Shared Written Blocks":0,"Local Hit Blocks":0,"Local Read Blocks":0,"Local Dirtied Blocks":0,"Local Written Blocks":0,"Temp Read Blocks":0,"Temp Written Blocks":0,"I/O Read Time":0.0,"I/O Write Time":0.0,"Temp I/O Read Time":0.0,"Temp I/O Write Time":0.0,"Plans":[{"Node Type":"Hash Join","Parent Relationship":"Outer","Parallel Aware":false,"Async Capable":false,"Join Type":"Inner","Startup Cost":3.14,"Total Cost":376.99,"Plan Rows":2000,"Plan Width":20,"Actual Startup Time":0.065,"Actual Total Time":2.267,"Actual Rows":3506,"Actual Loops":1,"Output":["supplier.su_suppkey","supplier.su_nationkey","nation.n_name","nation.n_nationkey"],"Hash Cond":"(supplier.su_nationkey = nation.n_nationkey)","Shared Hit Blocks":219,"Shared Read Blocks":0,"Shared Dirtied Blocks":0,"Shared Written Blocks":0,"Local Hit Blocks":0,"Local Read Blocks":0,"Local Dirtied Blocks":0,"Local Written Blocks":0,"Temp Read Blocks":0,"Temp Written Blocks":0,"I/O Read Time":0.0,"I/O Write Time":0.0,"Temp I/O Read Time":0.0,"Temp I/O Write Time":0.0,"Plans":[{"Node Type":"Seq Scan","Parent Relationship":"Outer","Parallel Aware":false,"Async Capable":false,"Relation Name":"supplier","Schema":"public","Alias":"supplier","Startup Cost":0.0,"Total Cost":317.0,"Plan Rows":10000,"Plan Width":8,"Actual Startup Time":0.012,"Actual Total Time":0.827,"Actual Rows":10000,"Actual Loops":1,"Output":["supplier.su_suppkey","supplier.su_name","supplier.su_address","supplier.su_nationkey","supplier.su_phone","supplier.su_acctbal","supplier.su_comment"],"Shared Hit Blocks":217,"Shared Read Blocks":0,"Shared Dirtied Blocks":0,"Shared Written Blocks":0,"Local Hit Blocks":0,"Local Read Blocks":0,"Local Dirtied Blocks":0,"Local Written Blocks":0,"Temp Read Blocks":0,"Temp Written Blocks":0,"I/O Read Time":0.0,"I/O Write Time":0.0,"Temp I/O Read Time":0.0,"Temp I/O Write Time":0.0},{"Node Type":"Hash","Parent Relationship":"Inner","Parallel Aware":false,"Async Capable":false,"Startup Cost":2.99,"Total Cost":2.99,"Plan Rows":12,"Plan Width":12,"Actual Startup Time":0.044,"Actual Total Time":0.047,"Actual Rows":22,"Actual Loops":1,"Output":["nation.n_name","nation.n_nationkey"],"Hash Buckets":1024,"Original Hash Buckets":1024,"Hash Batches":1,"Original Hash Batches":1,"Peak Memory Usage":9,"Shared Hit Blocks":2,"Shared Read Blocks":0,"Shared Dirtied Blocks":0,"Shared Written Blocks":0,"Local Hit Blocks":0,"Local Read Blocks":0,"Local Dirtied Blocks":0,"Local Written Blocks":0,"Temp Read Blocks":0,"Temp Written Blocks":0,"I/O Read Time":0.0,"I/O Write Time":0.0,"Temp I/O Read Time":0.0,"Temp I/O Write Time":0.0,"Plans":[{"Node Type":"Hash Join","Parent Relationship":"Outer","Parallel Aware":false,"Async Capable":false,"Join Type":"Inner","Startup Cost":1.07,"Total Cost":2.99,"Plan Rows":12,"Plan Width":12,"Actual Startup Time":0.028,"Actual Total Time":0.042,"Actual Rows":22,"Actual Loops":1,"Output":["nation.n_name","nation.n_nationkey"],"Hash Cond":"(nation.n_regionkey = region.r_regionkey)","Shared Hit Blocks":2,"Shared Read Blocks":0,"Shared Dirtied Blocks":0,"Shared Written Blocks":0,"Local Hit Blocks":0,"Local Read Blocks":0,"Local Dirtied Blocks":0,"Local Written Blocks":0,"Temp Read Blocks":0,"Temp Written Blocks":0,"I/O Read Time":0.0,"I/O Write Time":0.0,"Temp I/O Read Time":0.0,"Temp I/O Write Time":0.0,"Plans":[{"Node Type":"Seq Scan","Parent Relationship":"Outer","Parallel Aware":false,"Async Capable":false,"Relation Name":"nation","Schema":"public","Alias":"nation","Startup Cost":0.0,"Total Cost":1.62,"Plan Rows":62,"Plan Width":16,"Actual Startup Time":0.005,"Actual Total Time":0.009,"Actual Rows":62,"Actual Loops":1,"Output":["nation.n_nationkey","nation.n_name","nation.n_regionkey","nation.n_comment"],"Shared Hit Blocks":1,"Shared Read Blocks":0,"Shared Dirtied Blocks":0,"Shared Written Blocks":0,"Local Hit Blocks":0,"Local Read Blocks":0,"Local Dirtied Blocks":0,"Local Written Blocks":0,"Temp Read Blocks":0,"Temp Written Blocks":0,"I/O Read Time":0.0,"I/O Write Time":0.0,"Temp I/O Read Time":0.0,"Temp I/O Write Time":0.0},{"Node Type":"Hash","Parent Relationship":"Inner","Parallel Aware":false,"Async Capable":false,"Startup Cost":1.06,"Total Cost":1.06,"Plan Rows":1,"Plan Width":4,"Actual Startup Time":0.01,"Actual Total Time":0.011,"Actual Rows":1,"Actual Loops":1,"Output":["region.r_regionkey"],"Hash Buckets":1024,"Original Hash Buckets":1024,"Hash Batches":1,"Original Hash Batches":1,"Peak Memory Usage":9,"Shared Hit Blocks":1,"Shared Read Blocks":0,"Shared Dirtied Blocks":0,"Shared Written Blocks":0,"Local Hit Blocks":0,"Local Read Blocks":0,"Local Dirtied Blocks":0,"Local Written Blocks":0,"Temp Read Blocks":0,"Temp Written Blocks":0,"I/O Read Time":0.0,"I/O Write Time":0.0,"Temp I/O Read Time":0.0,"Temp I/O Write Time":0.0,"Plans":[{"Node Type":"Seq Scan","Parent Relationship":"Outer","Parallel Aware":false,"Async Capable":false,"Relation Name":"region","Schema":"public","Alias":"region","Startup Cost":0.0,"Total Cost":1.06,"Plan Rows":1,"Plan Width":4,"Actual Startup Time":0.007,"Actual Total Time":0.008,"Actual Rows":1,"Actual Loops":1,"Output":["region.r_regionkey"],"Filter":"((region.r_name)::text = 'Europe'::text)","Rows Removed by Filter":4,"Shared Hit Blocks":1,"Shared Read Blocks":0,"Shared Dirtied Blocks":0,"Shared Written Blocks":0,"Local Hit Blocks":0,"Local Read Blocks":0,"Local Dirtied Blocks":0,"Local Written Blocks":0,"Temp Read Blocks":0,"Temp Written Blocks":0,"I/O Read Time":0.0,"I/O Write Time":0.0,"Temp I/O Read Time":0.0,"Temp I/O Write Time":0.0}]}]}]}]}]}]},{"Node Type":"Hash","Parent Relationship":"Inner","Parallel Aware":false,"Async Capable":false,"Startup Cost":65744.12,"Total Cost":65744.12,"Plan Rows":426549,"Plan Width":16,"Actual Startup Time":209.88,"Actual Total Time":209.881,"Actual Rows":428399,"Actual Loops":1,"Output":["orders.o_c_id","orders.o_w_id","orders.o_d_id","orders.o_id"],"Hash Buckets":262144,"Original Hash Buckets":262144,"Hash Batches":4,"Original Hash Batches":4,"Peak Memory Usage":7080,"Shared Hit Blocks":0,"Shared Read Blocks":0,"Shared Dirtied Blocks":0,"Shared Written Blocks":0,"Local Hit Blocks":0,"Local Read Blocks":0,"Local Dirtied Blocks":0,"Local Written Blocks":0,"Temp Read Blocks":0,"Temp Written Blocks":1410,"I/O Read Time":0.0,"I/O Write Time":0.0,"Temp I/O Read Time":0.0,"Temp I/O Write Time":5.906,"Plans":[{"Node Type":"Append","Parent Relationship":"Outer","Parallel Aware":false,"Async Capable":false,"Startup Cost":20.0,"Total Cost":65744.12,"Plan Rows":426549,"Plan Width":16,"Actual Startup Time":0.494,"Actual Total Time":106.06,"Actual Rows":428399,"Actual Loops":1,"Shared Hit Blocks":0,"Shared Read Blocks":0,"Shared Dirtied Blocks":0,"Shared Written Blocks":0,"Local Hit Blocks":0,"Local Read Blocks":0,"Local Dirtied Blocks":0,"Local Written Blocks":0,"Temp Read Blocks":0,"Temp Written Blocks":0,"I/O Read Time":0.0,"I/O Write Time":0.0,"Temp I/O Read Time":0.0,"Temp I/O Write Time":0.0,"Subplans Removed":0,"Plans":[{"Node Type":"Custom Scan","Parent Relationship":"Member","Custom Plan Provider":"columnar scan","Parallel Aware":false,"Async Capable":false,"Relation Name":"orders","Schema":"public","Alias":"orders","Startup Cost":20.0,"Total Cost":10043.96,"Plan Rows":426548,"Plan Width":16,"Actual Startup Time":0.492,"Actual Total Time":74.721,"Actual Rows":428399,"Actual Loops":1,"Output":["orders.o_c_id","orders.o_w_id","orders.o_d_id","orders.o_id"],"Filter":"((orders.o_entry_d < '1994-01-02 20:10:02.27764'::timestamp without time zone) AND (orders.o_entry_d >= '1993-01-02 20:10:02.27764'::timestamp without time zone))","Rows Removed by Filter":0,"Rows Removed by Columnar Filter":2571601,"Columnar cache search mode":"native","Shared Hit Blocks":0,"Shared Read Blocks":0,"Shared Dirtied Blocks":0,"Shared Written Blocks":0,"Local Hit Blocks":0,"Local Read Blocks":0,"Local Dirtied Blocks":0,"Local Written Blocks":0,"Temp Read Blocks":0,"Temp Written Blocks":0,"I/O Read Time":0.0,"I/O Write Time":0.0,"Temp I/O Read Time":0.0,"Temp I/O Write Time":0.0},{"Node Type":"Seq Scan","Parent Relationship":"Member","Parallel Aware":false,"Async Capable":false,"Relation Name":"orders","Schema":"public","Alias":"orders","Startup Cost":0.0,"Total Cost":4.01,"Plan Rows":1,"Plan Width":16,"Actual Startup Time":0.0,"Actual Total Time":0.0,"Actual Rows":0,"Actual Loops":0,"Output":["orders.o_c_id","orders.o_w_id","orders.o_d_id","orders.o_id"],"Filter":"((orders.o_entry_d < '1994-01-02 20:10:02.27764'::timestamp without time zone) AND (orders.o_entry_d >= '1993-01-02 20:10:02.27764'::timestamp without time zone))","Rows Removed by Filter":0,"Shared Hit Blocks":0,"Shared Read Blocks":0,"Shared Dirtied Blocks":0,"Shared Written Blocks":0,"Local Hit Blocks":0,"Local Read Blocks":0,"Local Dirtied Blocks":0,"Local Written Blocks":0,"Temp Read Blocks":0,"Temp Written Blocks":0,"I/O Read Time":0.0,"I/O Write Time":0.0,"Temp I/O Read Time":0.0,"Temp I/O Write Time":0.0}]}]}]},{"Node Type":"Hash","Parent Relationship":"Inner","Parallel Aware":false,"Async Capable":false,"Startup Cost":254511.16,"Total Cost":254511.16,"Plan Rows":2999739,"Plan Width":12,"Actual Startup Time":1199.926,"Actual Total Time":1199.927,"Actual Rows":3000000,"Actual Loops":1,"Output":["customer.c_id","customer.c_w_id","customer.c_d_id","customer.c_nationkey"],"Hash Buckets":262144,"Original Hash Buckets":262144,"Hash Batches":32,"Original Hash Batches":32,"Peak Memory Usage":6058,"Shared Hit Blocks":0,"Shared Read Blocks":0,"Shared Dirtied Blocks":0,"Shared Written Blocks":0,"Local Hit Blocks":0,"Local Read Blocks":0,"Local Dirtied Blocks":0,"Local Written Blocks":0,"Temp Read Blocks":0,"Temp Written Blocks":11339,"I/O Read Time":0.0,"I/O Write Time":0.0,"Temp I/O Read Time":0.0,"Temp I/O Write Time":49.655,"Plans":[{"Node Type":"Append","Parent Relationship":"Outer","Parallel Aware":false,"Async Capable":false,"Startup Cost":20.0,"Total Cost":254511.16,"Plan Rows":2999739,"Plan Width":12,"Actual Startup Time":0.025,"Actual Total Time":670.94,"Actual Rows":3000000,"Actual Loops":1,"Shared Hit Blocks":0,"Shared Read Blocks":0,"Shared Dirtied Blocks":0,"Shared Written Blocks":0,"Local Hit Blocks":0,"Local Read Blocks":0,"Local Dirtied Blocks":0,"Local Written Blocks":0,"Temp Read Blocks":0,"Temp Written Blocks":0,"I/O Read Time":0.0,"I/O Write Time":0.0,"Temp I/O Read Time":0.0,"Temp I/O Write Time":0.0,"Subplans Removed":0,"Plans":[{"Node Type":"Custom Scan","Parent Relationship":"Member","Custom Plan Provider":"columnar scan","Parallel Aware":false,"Async Capable":false,"Relation Name":"customer","Schema":"public","Alias":"customer","Startup Cost":20.0,"Total Cost":70513.87,"Plan Rows":2999738,"Plan Width":12,"Actual Startup Time":0.023,"Actual Total Time":447.338,"Actual Rows":3000000,"Actual Loops":1,"Output":["customer.c_id","customer.c_w_id","customer.c_d_id","customer.c_nationkey"],"Rows Removed by Columnar Filter":0,"Columnar cache search mode":"native","Shared Hit Blocks":0,"Shared Read Blocks":0,"Shared Dirtied Blocks":0,"Shared Written Blocks":0,"Local Hit Blocks":0,"Local Read Blocks":0,"Local Dirtied Blocks":0,"Local Written Blocks":0,"Temp Read Blocks":0,"Temp Written Blocks":0,"I/O Read Time":0.0,"I/O Write Time":0.0,"Temp I/O Read Time":0.0,"Temp I/O Write Time":0.0},{"Node Type":"Seq Scan","Parent Relationship":"Member","Parallel Aware":false,"Async Capable":false,"Relation Name":"customer","Schema":"public","Alias":"customer","Startup Cost":0.0,"Total Cost":4.01,"Plan Rows":1,"Plan Width":12,"Actual Startup Time":0.0,"Actual Total Time":0.0,"Actual Rows":0,"Actual Loops":0,"Output":["customer.c_id","customer.c_w_id","customer.c_d_id","customer.c_nationkey"],"Shared Hit Blocks":0,"Shared Read Blocks":0,"Shared Dirtied Blocks":0,"Shared Written Blocks":0,"Local Hit Blocks":0,"Local Read Blocks":0,"Local Dirtied Blocks":0,"Local Written Blocks":0,"Temp Read Blocks":0,"Temp Written Blocks":0,"I/O Read Time":0.0,"I/O Write Time":0.0,"Temp I/O Read Time":0.0,"Temp I/O Write Time":0.0}]}]}]}]}]}]},"Planning":{"Shared Hit Blocks":16,"Shared Read Blocks":0,"Shared Dirtied Blocks":0,"Shared Written Blocks":0,"Local Hit Blocks":0,"Local Read Blocks":0,"Local Dirtied Blocks":0,"Local Written Blocks":0,"Temp Read Blocks":0,"Temp Written Blocks":0,"I/O Read Time":0.0,"I/O Write Time":0.0,"Temp I/O Read Time":0.0,"Temp I/O Write Time":0.0},"Planning Time":5.694,"Triggers":[],"Execution Time":5123.481}]
[列存组合]: customer, nation, order_line, orders, supplier
[{"Plan":{"Node Type":"Sort","Parallel Aware":false,"Async Capable":false,"Startup Cost":1996645.19,"Total Cost":1996645.34,"Plan Rows":62,"Plan Width":40,"Actual Startup Time":10170.621,"Actual Total Time":10170.653,"Actual Rows":11,"Actual Loops":1,"Output":["nation.n_name","(sum(order_line.ol_amount))"],"Sort Key":["(sum(order_line.ol_amount)) DESC"],"Sort Method":"quicksort","Sort Space Used":25,"Sort Space Type":"Memory","Shared Hit Blocks":27340,"Shared Read Blocks":0,"Shared Dirtied Blocks":0,"Shared Written Blocks":0,"Local Hit Blocks":0,"Local Read Blocks":0,"Local Dirtied Blocks":0,"Local Written Blocks":0,"Temp Read Blocks":62236,"Temp Written Blocks":62263,"I/O Read Time":0.0,"I/O Write Time":0.0,"Temp I/O Read Time":98.63,"Temp I/O Write Time":244.262,"Plans":[{"Node Type":"Aggregate","Strategy":"Sorted","Partial Mode":"Simple","Parent Relationship":"Outer","Parallel Aware":false,"Async Capable":false,"Startup Cost":1996569.4,"Total Cost":1996643.34,"Plan Rows":62,"Plan Width":40,"Actual Startup Time":10167.752,"Actual Total Time":10170.638,"Actual Rows":11,"Actual Loops":1,"Output":["nation.n_name","sum(order_line.ol_amount)"],"Group Key":["nation.n_name"],"Shared Hit Blocks":27340,"Shared Read Blocks":0,"Shared Dirtied Blocks":0,"Shared Written Blocks":0,"Local Hit Blocks":0,"Local Read Blocks":0,"Local Dirtied Blocks":0,"Local Written Blocks":0,"Temp Read Blocks":62236,"Temp Written Blocks":62263,"I/O Read Time":0.0,"I/O Write Time":0.0,"Temp I/O Read Time":98.63,"Temp I/O Write Time":244.262,"Plans":[{"Node Type":"Sort","Parent Relationship":"Outer","Parallel Aware":false,"Async Capable":false,"Startup Cost":1996569.4,"Total Cost":1996593.79,"Plan Rows":9755,"Plan Width":12,"Actual Startup Time":10167.54,"Actual Total Time":10168.356,"Actual Rows":17493,"Actual Loops":1,"Output":["nation.n_name","order_line.ol_amount"],"Sort Key":["nation.n_name"],"Sort Method":"quicksort","Sort Space Used":1725,"Sort Space Type":"Memory","Shared Hit Blocks":27340,"Shared Read Blocks":0,"Shared Dirtied Blocks":0,"Shared Written Blocks":0,"Local Hit Blocks":0,"Local Read Blocks":0,"Local Dirtied Blocks":0,"Local Written Blocks":0,"Temp Read Blocks":62236,"Temp Written Blocks":62263,"I/O Read Time":0.0,"I/O Write Time":0.0,"Temp I/O Read Time":98.63,"Temp I/O Write Time":244.262,"Plans":[{"Node Type":"Hash Join","Parent Relationship":"Outer","Parallel Aware":false,"Async Capable":false,"Join Type":"Inner","Startup Cost":1672426.13,"Total Cost":1995923.04,"Plan Rows":9755,"Plan Width":12,"Actual Startup Time":8325.772,"Actual Total Time":10158.518,"Actual Rows":17493,"Actual Loops":1,"Output":["nation.n_name","order_line.ol_amount"],"Inner Unique":true,"Hash Cond":"((mod((stock.s_w_id * stock.s_i_id), 10000) = supplier.su_suppkey) AND (customer.c_nationkey = supplier.su_nationkey))","Shared Hit Blocks":27340,"Shared Read Blocks":0,"Shared Dirtied Blocks":0,"Shared Written Blocks":0,"Local Hit Blocks":0,"Local Read Blocks":0,"Local Dirtied Blocks":0,"Local Written Blocks":0,"Temp Read Blocks":62236,"Temp Written Blocks":62263,"I/O Read Time":0.0,"I/O Write Time":0.0,"Temp I/O Read Time":98.63,"Temp I/O Write Time":244.262,"Plans":[{"Node Type":"Merge Join","Parent Relationship":"Outer","Parallel Aware":false,"Async Capable":false,"Join Type":"Inner","Startup Cost":1672057.1,"Total Cost":1992238.88,"Plan Rows":602749,"Plan Width":26,"Actual Startup Time":8322.271,"Actual Total Time":10016.641,"Actual Rows":1109507,"Actual Loops":1,"Output":["customer.c_nationkey","order_line.ol_amount","stock.s_w_id","stock.s_i_id","nation.n_name","nation.n_nationkey"],"Inner Unique":true,"Merge Cond":"((customer.c_w_id = stock.s_w_id) AND (order_line.ol_i_id = stock.s_i_id))","Shared Hit Blocks":27340,"Shared Read Blocks":0,"Shared Dirtied Blocks":0,"Shared Written Blocks":0,"Local Hit Blocks":0,"Local Read Blocks":0,"Local Dirtied Blocks":0,"Local Written Blocks":0,"Temp Read Blocks":62236,"Temp Written Blocks":62263,"I/O Read Time":0.0,"I/O Write Time":0.0,"Temp I/O Read Time":98.63,"Temp I/O Write Time":244.262,"Plans":[{"Node Type":"Sort","Parent Relationship":"Outer","Parallel Aware":false,"Async Capable":false,"Startup Cost":1672056.67,"Total Cost":1673544.35,"Plan Rows":595073,"Plan Width":30,"Actual Startup Time":8322.208,"Actual Total Time":8501.53,"Actual Rows":1109507,"Actual Loops":1,"Output":["customer.c_w_id","customer.c_nationkey","orders.o_w_id","order_line.ol_amount","order_line.ol_w_id","order_line.ol_i_id","nation.n_name","nation.n_nationkey"],"Sort Key":["customer.c_w_id","order_line.ol_i_id"],"Sort Method":"external merge","Sort Space Used":47304,"Sort Space Type":"Disk","Shared Hit Blocks":2,"Shared Read Blocks":0,"Shared Dirtied Blocks":0,"Shared Written Blocks":0,"Local Hit Blocks":0,"Local Read Blocks":0,"Local Dirtied Blocks":0,"Local Written Blocks":0,"Temp Read Blocks":62236,"Temp Written Blocks":62263,"I/O Read Time":0.0,"I/O Write Time":0.0,"Temp I/O Read Time":98.63,"Temp I/O Write Time":244.262,"Plans":[{"Node Type":"Hash Join","Parent Relationship":"Outer","Parallel Aware":false,"Async Capable":false,"Join Type":"Inner","Startup Cost":396969.46,"Total Cost":1600743.11,"Plan Rows":595073,"Plan Width":30,"Actual Startup Time":1385.996,"Actual Total Time":6933.91,"Actual Rows":1109507,"Actual Loops":1,"Output":["customer.c_w_id","customer.c_nationkey","orders.o_w_id","order_line.ol_amount","order_line.ol_w_id","order_line.ol_i_id","nation.n_name","nation.n_nationkey"],"Inner Unique":false,"Hash Cond":"(customer.c_nationkey = nation.n_nationkey)","Shared Hit Blocks":2,"Shared Read Blocks":0,"Shared Dirtied Blocks":0,"Shared Written Blocks":0,"Local Hit Blocks":0,"Local Read Blocks":0,"Local Dirtied Blocks":0,"Local Written Blocks":0,"Temp Read Blocks":50419,"Temp Written Blocks":50419,"I/O Read Time":0.0,"I/O Write Time":0.0,"Temp I/O Read Time":81.005,"Temp I/O Write Time":213.252,"Plans":[{"Node Type":"Hash Join","Parent Relationship":"Outer","Parallel Aware":false,"Async Capable":false,"Join Type":"Inner","Startup Cost":396966.31,"Total Cost":1583823.58,"Plan Rows":2975367,"Plan Width":18,"Actual Startup Time":1378.839,"Actual Total Time":6516.855,"Actual Rows":4284922,"Actual Loops":1,"Output":["customer.c_w_id","customer.c_nationkey","orders.o_w_id","order_line.ol_amount","order_line.ol_w_id","order_line.ol_i_id"],"Inner Unique":true,"Hash Cond":"((orders.o_c_id = customer.c_id) AND (orders.o_w_id = customer.c_w_id) AND (orders.o_d_id = customer.c_d_id))","Shared Hit Blocks":0,"Shared Read Blocks":0,"Shared Dirtied Blocks":0,"Shared Written Blocks":0,"Local Hit Blocks":0,"Local Read Blocks":0,"Local Dirtied Blocks":0,"Local Written Blocks":0,"Temp Read Blocks":50419,"Temp Written Blocks":50419,"I/O Read Time":0.0,"I/O Write Time":0.0,"Temp I/O Read Time":81.005,"Temp I/O Write Time":213.252,"Plans":[{"Node Type":"Hash Join","Parent Relationship":"Outer","Parallel Aware":false,"Async Capable":false,"Join Type":"Inner","Startup Cost":75311.73,"Total Cost":1189221.96,"Plan Rows":2975367,"Plan Width":20,"Actual Startup Time":213.463,"Actual Total Time":3244.361,"Actual Rows":4284922,"Actual Loops":1,"Output":["orders.o_c_id","orders.o_w_id","orders.o_d_id","order_line.ol_amount","order_line.ol_w_id","order_line.ol_d_id","order_line.ol_i_id"],"Inner Unique":true,"Hash Cond":"((order_line.ol_w_id = orders.o_w_id) AND (order_line.ol_d_id = orders.o_d_id) AND (order_line.ol_o_id = orders.o_id))","Shared Hit Blocks":0,"Shared Read Blocks":0,"Shared Dirtied Blocks":0,"Shared Written Blocks":0,"Local Hit Blocks":0,"Local Read Blocks":0,"Local Dirtied Blocks":0,"Local Written Blocks":0,"Temp Read Blocks":18772,"Temp Written Blocks":18772,"I/O Read Time":0.0,"I/O Write Time":0.0,"Temp I/O Read Time":30.825,"Temp I/O Write Time":75.263,"Plans":[{"Node Type":"Append","Parent Relationship":"Outer","Parallel Aware":false,"Async Capable":false,"Startup Cost":20.0,"Total Cost":701820.0,"Plan Rows":20926367,"Plan Width":20,"Actual Startup Time":1.362,"Actual Total Time":1313.84,"Actual Rows":4311079,"Actual Loops":1,"Shared Hit Blocks":0,"Shared Read Blocks":0,"Shared Dirtied Blocks":0,"Shared Written Blocks":0,"Local Hit Blocks":0,"Local Read Blocks":0,"Local Dirtied Blocks":0,"Local Written Blocks":0,"Temp Read Blocks":0,"Temp Written Blocks":0,"I/O Read Time":0.0,"I/O Write Time":0.0,"Temp I/O Read Time":0.0,"Temp I/O Write Time":0.0,"Subplans Removed":0,"Plans":[{"Node Type":"Custom Scan","Parent Relationship":"Member","Custom Plan Provider":"columnar scan","Parallel Aware":false,"Async Capable":false,"Relation Name":"order_line","Schema":"public","Alias":"order_line","Startup Cost":20.0,"Total Cost":533641.75,"Plan Rows":20926325,"Plan Width":20,"Actual Startup Time":1.361,"Actual Total Time":995.094,"Actual Rows":4311079,"Actual Loops":1,"Output":["order_line.ol_amount","order_line.ol_o_id","order_line.ol_w_id","order_line.ol_d_id","order_line.ol_i_id"],"Filter":"(order_line.ol_delivery_d >= '1992-01-02 20:10:02.27764'::timestamp without time zone)","Rows Removed by Filter":0,"Rows Removed by Columnar Filter":25686653,"Rows Filtered by Bloom Filter":0,"Dictionary Rows Filtered by Bloom Filter":25686653,"Columnar cache search mode":"native","Shared Hit Blocks":0,"Shared Read Blocks":0,"Shared Dirtied Blocks":0,"Shared Written Blocks":0,"Local Hit Blocks":0,"Local Read Blocks":0,"Local Dirtied Blocks":0,"Local Written Blocks":0,"Temp Read Blocks":0,"Temp Written Blocks":0,"I/O Read Time":0.0,"I/O Write Time":0.0,"Temp I/O Read Time":0.0,"Temp I/O Write Time":0.0},{"Node Type":"Seq Scan","Parent Relationship":"Member","Parallel Aware":false,"Async Capable":false,"Relation Name":"order_line","Schema":"public","Alias":"order_line","Startup Cost":0.0,"Total Cost":4.75,"Plan Rows":42,"Plan Width":20,"Actual Startup Time":0.0,"Actual Total Time":0.0,"Actual Rows":0,"Actual Loops":0,"Output":["order_line.ol_amount","order_line.ol_o_id","order_line.ol_w_id","order_line.ol_d_id","order_line.ol_i_id"],"Filter":"(order_line.ol_delivery_d >= '1992-01-02 20:10:02.27764'::timestamp without time zone)","Rows Removed by Filter":0,"Shared Hit Blocks":0,"Shared Read Blocks":0,"Shared Dirtied Blocks":0,"Shared Written Blocks":0,"Local Hit Blocks":0,"Local Read Blocks":0,"Local Dirtied Blocks":0,"Local Written Blocks":0,"Temp Read Blocks":0,"Temp Written Blocks":0,"I/O Read Time":0.0,"I/O Write Time":0.0,"Temp I/O Read Time":0.0,"Temp I/O Write Time":0.0}]},{"Node Type":"Hash","Parent Relationship":"Inner","Parallel Aware":false,"Async Capable":false,"Startup Cost":65744.12,"Total Cost":65744.12,"Plan Rows":426549,"Plan Width":16,"Actual Startup Time":211.136,"Actual Total Time":211.141,"Actual Rows":428399,"Actual Loops":1,"Output":["orders.o_c_id","orders.o_w_id","orders.o_d_id","orders.o_id"],"Hash Buckets":262144,"Original Hash Buckets":262144,"Hash Batches":4,"Original Hash Batches":4,"Peak Memory Usage":7080,"Shared Hit Blocks":0,"Shared Read Blocks":0,"Shared Dirtied Blocks":0,"Shared Written Blocks":0,"Local Hit Blocks":0,"Local Read Blocks":0,"Local Dirtied Blocks":0,"Local Written Blocks":0,"Temp Read Blocks":0,"Temp Written Blocks":1410,"I/O Read Time":0.0,"I/O Write Time":0.0,"Temp I/O Read Time":0.0,"Temp I/O Write Time":5.556,"Plans":[{"Node Type":"Append","Parent Relationship":"Outer","Parallel Aware":false,"Async Capable":false,"Startup Cost":20.0,"Total Cost":65744.12,"Plan Rows":426549,"Plan Width":16,"Actual Startup Time":0.584,"Actual Total Time":108.245,"Actual Rows":428399,"Actual Loops":1,"Shared Hit Blocks":0,"Shared Read Blocks":0,"Shared Dirtied Blocks":0,"Shared Written Blocks":0,"Local Hit Blocks":0,"Local Read Blocks":0,"Local Dirtied Blocks":0,"Local Written Blocks":0,"Temp Read Blocks":0,"Temp Written Blocks":0,"I/O Read Time":0.0,"I/O Write Time":0.0,"Temp I/O Read Time":0.0,"Temp I/O Write Time":0.0,"Subplans Removed":0,"Plans":[{"Node Type":"Custom Scan","Parent Relationship":"Member","Custom Plan Provider":"columnar scan","Parallel Aware":false,"Async Capable":false,"Relation Name":"orders","Schema":"public","Alias":"orders","Startup Cost":20.0,"Total Cost":10043.96,"Plan Rows":426548,"Plan Width":16,"Actual Startup Time":0.583,"Actual Total Time":75.28,"Actual Rows":428399,"Actual Loops":1,"Output":["orders.o_c_id","orders.o_w_id","orders.o_d_id","orders.o_id"],"Filter":"((orders.o_entry_d < '1994-01-02 20:10:02.27764'::timestamp without time zone) AND (orders.o_entry_d >= '1993-01-02 20:10:02.27764'::timestamp without time zone))","Rows Removed by Filter":0,"Rows Removed by Columnar Filter":2571601,"Columnar cache search mode":"native","Shared Hit Blocks":0,"Shared Read Blocks":0,"Shared Dirtied Blocks":0,"Shared Written Blocks":0,"Local Hit Blocks":0,"Local Read Blocks":0,"Local Dirtied Blocks":0,"Local Written Blocks":0,"Temp Read Blocks":0,"Temp Written Blocks":0,"I/O Read Time":0.0,"I/O Write Time":0.0,"Temp I/O Read Time":0.0,"Temp I/O Write Time":0.0},{"Node Type":"Seq Scan","Parent Relationship":"Member","Parallel Aware":false,"Async Capable":false,"Relation Name":"orders","Schema":"public","Alias":"orders","Startup Cost":0.0,"Total Cost":4.01,"Plan Rows":1,"Plan Width":16,"Actual Startup Time":0.0,"Actual Total Time":0.0,"Actual Rows":0,"Actual Loops":0,"Output":["orders.o_c_id","orders.o_w_id","orders.o_d_id","orders.o_id"],"Filter":"((orders.o_entry_d < '1994-01-02 20:10:02.27764'::timestamp without time zone) AND (orders.o_entry_d >= '1993-01-02 20:10:02.27764'::timestamp without time zone))","Rows Removed by Filter":0,"Shared Hit Blocks":0,"Shared Read Blocks":0,"Shared Dirtied Blocks":0,"Shared Written Blocks":0,"Local Hit Blocks":0,"Local Read Blocks":0,"Local Dirtied Blocks":0,"Local Written Blocks":0,"Temp Read Blocks":0,"Temp Written Blocks":0,"I/O Read Time":0.0,"I/O Write Time":0.0,"Temp I/O Read Time":0.0,"Temp I/O Write Time":0.0}]}]}]},{"Node Type":"Hash","Parent Relationship":"Inner","Parallel Aware":false,"Async Capable":false,"Startup Cost":254511.16,"Total Cost":254511.16,"Plan Rows":2999739,"Plan Width":12,"Actual Startup Time":1163.574,"Actual Total Time":1163.578,"Actual Rows":3000000,"Actual Loops":1,"Output":["customer.c_id","customer.c_w_id","customer.c_d_id","customer.c_nationkey"],"Hash Buckets":262144,"Original Hash Buckets":262144,"Hash Batches":32,"Original Hash Batches":32,"Peak Memory Usage":6090,"Shared Hit Blocks":0,"Shared Read Blocks":0,"Shared Dirtied Blocks":0,"Shared Written Blocks":0,"Local Hit Blocks":0,"Local Read Blocks":0,"Local Dirtied Blocks":0,"Local Written Blocks":0,"Temp Read Blocks":0,"Temp Written Blocks":11335,"I/O Read Time":0.0,"I/O Write Time":0.0,"Temp I/O Read Time":0.0,"Temp I/O Write Time":47.705,"Plans":[{"Node Type":"Append","Parent Relationship":"Outer","Parallel Aware":false,"Async Capable":false,"Startup Cost":20.0,"Total Cost":254511.16,"Plan Rows":2999739,"Plan Width":12,"Actual Startup Time":0.011,"Actual Total Time":662.752,"Actual Rows":3000000,"Actual Loops":1,"Shared Hit Blocks":0,"Shared Read Blocks":0,"Shared Dirtied Blocks":0,"Shared Written Blocks":0,"Local Hit Blocks":0,"Local Read Blocks":0,"Local Dirtied Blocks":0,"Local Written Blocks":0,"Temp Read Blocks":0,"Temp Written Blocks":0,"I/O Read Time":0.0,"I/O Write Time":0.0,"Temp I/O Read Time":0.0,"Temp I/O Write Time":0.0,"Subplans Removed":0,"Plans":[{"Node Type":"Custom Scan","Parent Relationship":"Member","Custom Plan Provider":"columnar scan","Parallel Aware":false,"Async Capable":false,"Relation Name":"customer","Schema":"public","Alias":"customer","Startup Cost":20.0,"Total Cost":70513.87,"Plan Rows":2999738,"Plan Width":12,"Actual Startup Time":0.01,"Actual Total Time":446.098,"Actual Rows":3000000,"Actual Loops":1,"Output":["customer.c_id","customer.c_w_id","customer.c_d_id","customer.c_nationkey"],"Rows Removed by Columnar Filter":0,"Columnar cache search mode":"native","Shared Hit Blocks":0,"Shared Read Blocks":0,"Shared Dirtied Blocks":0,"Shared Written Blocks":0,"Local Hit Blocks":0,"Local Read Blocks":0,"Local Dirtied Blocks":0,"Local Written Blocks":0,"Temp Read Blocks":0,"Temp Written Blocks":0,"I/O Read Time":0.0,"I/O Write Time":0.0,"Temp I/O Read Time":0.0,"Temp I/O Write Time":0.0},{"Node Type":"Seq Scan","Parent Relationship":"Member","Parallel Aware":false,"Async Capable":false,"Relation Name":"customer","Schema":"public","Alias":"customer","Startup Cost":0.0,"Total Cost":4.01,"Plan Rows":1,"Plan Width":12,"Actual Startup Time":0.0,"Actual Total Time":0.0,"Actual Rows":0,"Actual Loops":0,"Output":["customer.c_id","customer.c_w_id","customer.c_d_id","customer.c_nationkey"],"Shared Hit Blocks":0,"Shared Read Blocks":0,"Shared Dirtied Blocks":0,"Shared Written Blocks":0,"Local Hit Blocks":0,"Local Read Blocks":0,"Local Dirtied Blocks":0,"Local Written Blocks":0,"Temp Read Blocks":0,"Temp Written Blocks":0,"I/O Read Time":0.0,"I/O Write Time":0.0,"Temp I/O Read Time":0.0,"Temp I/O Write Time":0.0}]}]}]},{"Node Type":"Hash","Parent Relationship":"Inner","Parallel Aware":false,"Async Capable":false,"Startup Cost":2.99,"Total Cost":2.99,"Plan Rows":12,"Plan Width":12,"Actual Startup Time":0.044,"Actual Total Time":0.049,"Actual Rows":22,"Actual Loops":1,"Output":["nation.n_name","nation.n_nationkey"],"Hash Buckets":1024,"Original Hash Buckets":1024,"Hash Batches":1,"Original Hash Batches":1,"Peak Memory Usage":9,"Shared Hit Blocks":2,"Shared Read Blocks":0,"Shared Dirtied Blocks":0,"Shared Written Blocks":0,"Local Hit Blocks":0,"Local Read Blocks":0,"Local Dirtied Blocks":0,"Local Written Blocks":0,"Temp Read Blocks":0,"Temp Written Blocks":0,"I/O Read Time":0.0,"I/O Write Time":0.0,"Temp I/O Read Time":0.0,"Temp I/O Write Time":0.0,"Plans":[{"Node Type":"Hash Join","Parent Relationship":"Outer","Parallel Aware":false,"Async Capable":false,"Join Type":"Inner","Startup Cost":1.07,"Total Cost":2.99,"Plan Rows":12,"Plan Width":12,"Actual Startup Time":0.028,"Actual Total Time":0.044,"Actual Rows":22,"Actual Loops":1,"Output":["nation.n_name","nation.n_nationkey"],"Inner Unique":true,"Hash Cond":"(nation.n_regionkey = region.r_regionkey)","Shared Hit Blocks":2,"Shared Read Blocks":0,"Shared Dirtied Blocks":0,"Shared Written Blocks":0,"Local Hit Blocks":0,"Local Read Blocks":0,"Local Dirtied Blocks":0,"Local Written Blocks":0,"Temp Read Blocks":0,"Temp Written Blocks":0,"I/O Read Time":0.0,"I/O Write Time":0.0,"Temp I/O Read Time":0.0,"Temp I/O Write Time":0.0,"Plans":[{"Node Type":"Seq Scan","Parent Relationship":"Outer","Parallel Aware":false,"Async Capable":false,"Relation Name":"nation","Schema":"public","Alias":"nation","Startup Cost":0.0,"Total Cost":1.62,"Plan Rows":62,"Plan Width":16,"Actual Startup Time":0.006,"Actual Total Time":0.011,"Actual Rows":62,"Actual Loops":1,"Output":["nation.n_nationkey","nation.n_name","nation.n_regionkey","nation.n_comment"],"Shared Hit Blocks":1,"Shared Read Blocks":0,"Shared Dirtied Blocks":0,"Shared Written Blocks":0,"Local Hit Blocks":0,"Local Read Blocks":0,"Local Dirtied Blocks":0,"Local Written Blocks":0,"Temp Read Blocks":0,"Temp Written Blocks":0,"I/O Read Time":0.0,"I/O Write Time":0.0,"Temp I/O Read Time":0.0,"Temp I/O Write Time":0.0},{"Node Type":"Hash","Parent Relationship":"Inner","Parallel Aware":false,"Async Capable":false,"Startup Cost":1.06,"Total Cost":1.06,"Plan Rows":1,"Plan Width":4,"Actual Startup Time":0.008,"Actual Total Time":0.01,"Actual Rows":1,"Actual Loops":1,"Output":["region.r_regionkey"],"Hash Buckets":1024,"Original Hash Buckets":1024,"Hash Batches":1,"Original Hash Batches":1,"Peak Memory Usage":9,"Shared Hit Blocks":1,"Shared Read Blocks":0,"Shared Dirtied Blocks":0,"Shared Written Blocks":0,"Local Hit Blocks":0,"Local Read Blocks":0,"Local Dirtied Blocks":0,"Local Written Blocks":0,"Temp Read Blocks":0,"Temp Written Blocks":0,"I/O Read Time":0.0,"I/O Write Time":0.0,"Temp I/O Read Time":0.0,"Temp I/O Write Time":0.0,"Plans":[{"Node Type":"Seq Scan","Parent Relationship":"Outer","Parallel Aware":false,"Async Capable":false,"Relation Name":"region","Schema":"public","Alias":"region","Startup Cost":0.0,"Total Cost":1.06,"Plan Rows":1,"Plan Width":4,"Actual Startup Time":0.006,"Actual Total Time":0.007,"Actual Rows":1,"Actual Loops":1,"Output":["region.r_regionkey"],"Filter":"((region.r_name)::text = 'Europe'::text)","Rows Removed by Filter":4,"Shared Hit Blocks":1,"Shared Read Blocks":0,"Shared Dirtied Blocks":0,"Shared Written Blocks":0,"Local Hit Blocks":0,"Local Read Blocks":0,"Local Dirtied Blocks":0,"Local Written Blocks":0,"Temp Read Blocks":0,"Temp Written Blocks":0,"I/O Read Time":0.0,"I/O Write Time":0.0,"Temp I/O Read Time":0.0,"Temp I/O Write Time":0.0}]}]}]}]}]},{"Node Type":"Index Only Scan","Parent Relationship":"Inner","Parallel Aware":false,"Async Capable":false,"Scan Direction":"Forward","Index Name":"stock_pk","Relation Name":"stock","Schema":"public","Alias":"stock","Startup Cost":0.43,"Total Cost":259690.86,"Plan Rows":10000162,"Plan Width":6,"Actual Startup Time":0.05,"Actual Total Time":705.81,"Actual Rows":9999996,"Actual Loops":1,"Output":["stock.s_w_id","stock.s_i_id"],"Heap Fetches":0,"Shared Hit Blocks":27338,"Shared Read Blocks":0,"Shared Dirtied Blocks":0,"Shared Written Blocks":0,"Local Hit Blocks":0,"Local Read Blocks":0,"Local Dirtied Blocks":0,"Local Written Blocks":0,"Temp Read Blocks":0,"Temp Written Blocks":0,"I/O Read Time":0.0,"I/O Write Time":0.0,"Temp I/O Read Time":0.0,"Temp I/O Write Time":0.0}]},{"Node Type":"Hash","Parent Relationship":"Inner","Parallel Aware":false,"Async Capable":false,"Startup Cost":219.01,"Total Cost":219.01,"Plan Rows":10001,"Plan Width":8,"Actual Startup Time":3.083,"Actual Total Time":3.085,"Actual Rows":10000,"Actual Loops":1,"Output":["supplier.su_suppkey","supplier.su_nationkey"],"Hash Buckets":16384,"Original Hash Buckets":16384,"Hash Batches":1,"Original Hash Batches":1,"Peak Memory Usage":519,"Shared Hit Blocks":0,"Shared Read Blocks":0,"Shared Dirtied Blocks":0,"Shared Written Blocks":0,"Local Hit Blocks":0,"Local Read Blocks":0,"Local Dirtied Blocks":0,"Local Written Blocks":0,"Temp Read Blocks":0,"Temp Written Blocks":0,"I/O Read Time":0.0,"I/O Write Time":0.0,"Temp I/O Read Time":0.0,"Temp I/O Write Time":0.0,"Plans":[{"Node Type":"Append","Parent Relationship":"Outer","Parallel Aware":false,"Async Capable":false,"Startup Cost":20.0,"Total Cost":219.01,"Plan Rows":10001,"Plan Width":8,"Actual Startup Time":0.013,"Actual Total Time":1.782,"Actual Rows":10000,"Actual Loops":1,"Shared Hit Blocks":0,"Shared Read Blocks":0,"Shared Dirtied Blocks":0,"Shared Written Blocks":0,"Local Hit Blocks":0,"Local Read Blocks":0,"Local Dirtied Blocks":0,"Local Written Blocks":0,"Temp Read Blocks":0,"Temp Written Blocks":0,"I/O Read Time":0.0,"I/O Write Time":0.0,"Temp I/O Read Time":0.0,"Temp I/O Write Time":0.0,"Subplans Removed":0,"Plans":[{"Node Type":"Custom Scan","Parent Relationship":"Member","Custom Plan Provider":"columnar scan","Parallel Aware":false,"Async Capable":false,"Relation Name":"supplier","Schema":"public","Alias":"supplier","Startup Cost":20.0,"Total Cost":215.0,"Plan Rows":10000,"Plan Width":8,"Actual Startup Time":0.011,"Actual Total Time":1.062,"Actual Rows":10000,"Actual Loops":1,"Output":["supplier.su_suppkey","supplier.su_nationkey"],"Rows Removed by Columnar Filter":0,"Columnar cache search mode":"native","Shared Hit Blocks":0,"Shared Read Blocks":0,"Shared Dirtied Blocks":0,"Shared Written Blocks":0,"Local Hit Blocks":0,"Local Read Blocks":0,"Local Dirtied Blocks":0,"Local Written Blocks":0,"Temp Read Blocks":0,"Temp Written Blocks":0,"I/O Read Time":0.0,"I/O Write Time":0.0,"Temp I/O Read Time":0.0,"Temp I/O Write Time":0.0},{"Node Type":"Seq Scan","Parent Relationship":"Member","Parallel Aware":false,"Async Capable":false,"Relation Name":"supplier","Schema":"public","Alias":"supplier","Startup Cost":0.0,"Total Cost":4.01,"Plan Rows":1,"Plan Width":8,"Actual Startup Time":0.0,"Actual Total Time":0.0,"Actual Rows":0,"Actual Loops":0,"Output":["supplier.su_suppkey","supplier.su_nationkey"],"Shared Hit Blocks":0,"Shared Read Blocks":0,"Shared Dirtied Blocks":0,"Shared Written Blocks":0,"Local Hit Blocks":0,"Local Read Blocks":0,"Local Dirtied Blocks":0,"Local Written Blocks":0,"Temp Read Blocks":0,"Temp Written Blocks":0,"I/O Read Time":0.0,"I/O Write Time":0.0,"Temp I/O Read Time":0.0,"Temp I/O Write Time":0.0}]}]}]}]}]}]},"Planning":{"Shared Hit Blocks":16,"Shared Read Blocks":0,"Shared Dirtied Blocks":0,"Shared Written Blocks":0,"Local Hit Blocks":0,"Local Read Blocks":0,"Local Dirtied Blocks":0,"Local Written Blocks":0,"Temp Read Blocks":0,"Temp Written Blocks":0,"I/O Read Time":0.0,"I/O Write Time":0.0,"Temp I/O Read Time":0.0,"Temp I/O Write Time":0.0},"Planning Time":5.195,"Triggers":[],"Execution Time":10178.838}]
[列存组合]: customer, nation, order_line, region, stock
[{"Plan":{"Node Type":"Sort","Parallel Aware":false,"Async Capable":false,"Startup Cost":1195014.88,"Total Cost":1195015.03,"Plan Rows":62,"Plan Width":40,"Actual Startup Time":5175.518,"Actual Total Time":5175.53,"Actual Rows":11,"Actual Loops":1,"Output":["nation.n_name","(sum(order_line.ol_amount))"],"Sort Key":["(sum(order_line.ol_amount)) DESC"],"Sort Method":"quicksort","Sort Space Used":25,"Sort Space Type":"Memory","Shared Hit Blocks":22278,"Shared Read Blocks":0,"Shared Dirtied Blocks":0,"Shared Written Blocks":0,"Local Hit Blocks":0,"Local Read Blocks":0,"Local Dirtied Blocks":0,"Local Written Blocks":0,"Temp Read Blocks":31471,"Temp Written Blocks":31471,"I/O Read Time":0.0,"I/O Write Time":0.0,"Temp I/O Read Time":49.717,"Temp I/O Write Time":139.281,"Plans":[{"Node Type":"Aggregate","Strategy":"Sorted","Partial Mode":"Simple","Parent Relationship":"Outer","Parallel Aware":false,"Async Capable":false,"Startup Cost":1194939.1,"Total Cost":1195013.03,"Plan Rows":62,"Plan Width":40,"Actual Startup Time":5172.689,"Actual Total Time":5175.518,"Actual Rows":11,"Actual Loops":1,"Output":["nation.n_name","sum(order_line.ol_amount)"],"Group Key":["nation.n_name"],"Shared Hit Blocks":22278,"Shared Read Blocks":0,"Shared Dirtied Blocks":0,"Shared Written Blocks":0,"Local Hit Blocks":0,"Local Read Blocks":0,"Local Dirtied Blocks":0,"Local Written Blocks":0,"Temp Read Blocks":31471,"Temp Written Blocks":31471,"I/O Read Time":0.0,"I/O Write Time":0.0,"Temp I/O Read Time":49.717,"Temp I/O Write Time":139.281,"Plans":[{"Node Type":"Sort","Parent Relationship":"Outer","Parallel Aware":false,"Async Capable":false,"Startup Cost":1194939.1,"Total Cost":1194963.48,"Plan Rows":9755,"Plan Width":12,"Actual Startup Time":5172.482,"Actual Total Time":5173.255,"Actual Rows":17493,"Actual Loops":1,"Output":["nation.n_name","order_line.ol_amount"],"Sort Key":["nation.n_name"],"Sort Method":"quicksort","Sort Space Used":1725,"Sort Space Type":"Memory","Shared Hit Blocks":22278,"Shared Read Blocks":0,"Shared Dirtied Blocks":0,"Shared Written Blocks":0,"Local Hit Blocks":0,"Local Read Blocks":0,"Local Dirtied Blocks":0,"Local Written Blocks":0,"Temp Read Blocks":31471,"Temp Written Blocks":31471,"I/O Read Time":0.0,"I/O Write Time":0.0,"Temp I/O Read Time":49.717,"Temp I/O Write Time":139.281,"Plans":[{"Node Type":"Hash Join","Parent Relationship":"Outer","Parallel Aware":false,"Async Capable":false,"Join Type":"Inner","Startup Cost":435485.54,"Total Cost":1194292.73,"Plan Rows":9755,"Plan Width":12,"Actual Startup Time":2086.076,"Actual Total Time":5164.116,"Actual Rows":17493,"Actual Loops":1,"Output":["nation.n_name","order_line.ol_amount"],"Hash Cond":"((orders.o_c_id = customer.c_id) AND (orders.o_w_id = customer.c_w_id) AND (orders.o_d_id = customer.c_d_id) AND (supplier.su_nationkey = customer.c_nationkey))","Shared Hit Blocks":22278,"Shared Read Blocks":0,"Shared Dirtied Blocks":0,"Shared Written Blocks":0,"Local Hit Blocks":0,"Local Read Blocks":0,"Local Dirtied Blocks":0,"Local Written Blocks":0,"Temp Read Blocks":31471,"Temp Written Blocks":31471,"I/O Read Time":0.0,"I/O Write Time":0.0,"Temp I/O Read Time":49.717,"Temp I/O Write Time":139.281,"Plans":[{"Node Type":"Hash Join","Parent Relationship":"Outer","Parallel Aware":false,"Async Capable":false,"Join Type":"Inner","Startup Cost":106331.6,"Total Cost":834741.88,"Plan Rows":602754,"Plan Width":34,"Actual Startup Time":891.719,"Actual Total Time":3195.916,"Actual Rows":1489124,"Actual Loops":1,"Output":["orders.o_c_id","orders.o_w_id","orders.o_d_id","order_line.ol_amount","order_line.ol_w_id","order_line.ol_d_id","stock.s_w_id","supplier.su_nationkey","nation.n_name","nation.n_nationkey"],"Hash Cond":"((order_line.ol_w_id = orders.o_w_id) AND (order_line.ol_d_id = orders.o_d_id) AND (order_line.ol_o_id = orders.o_id))","Shared Hit Blocks":22278,"Shared Read Blocks":0,"Shared Dirtied Blocks":0,"Shared Written Blocks":0,"Local Hit Blocks":0,"Local Read Blocks":0,"Local Dirtied Blocks":0,"Local Written Blocks":0,"Temp Read Blocks":9894,"Temp Written Blocks":9894,"I/O Read Time":0.0,"I/O Write Time":0.0,"Temp I/O Read Time":15.956,"Temp I/O Write Time":43.775,"Plans":[{"Node Type":"Hash Join","Parent Relationship":"Outer","Parallel Aware":false,"Async Capable":false,"Join Type":"Inner","Startup Cost":29725.01,"Total Cost":656340.76,"Plan Rows":4242986,"Plan Width":34,"Actual Startup Time":566.106,"Actual Total Time":2153.992,"Actual Rows":1498118,"Actual Loops":1,"Output":["order_line.ol_amount","order_line.ol_o_id","order_line.ol_w_id","order_line.ol_d_id","stock.s_w_id","supplier.su_nationkey","nation.n_name","nation.n_nationkey"],"Hash Cond":"(mod((stock.s_w_id * stock.s_i_id), 10000) = supplier.su_suppkey)","Shared Hit Blocks":219,"Shared Read Blocks":0,"Shared Dirtied Blocks":0,"Shared Written Blocks":0,"Local Hit Blocks":0,"Local Read Blocks":0,"Local Dirtied Blocks":0,"Local Written Blocks":0,"Temp Read Blocks":0,"Temp Written Blocks":0,"I/O Read Time":0.0,"I/O Write Time":0.0,"Temp I/O Read Time":0.0,"Temp I/O Write Time":0.0,"Plans":[{"Node Type":"Hash Join","Parent Relationship":"Outer","Parallel Aware":false,"Async Capable":false,"Join Type":"Inner","Startup Cost":29323.02,"Total Cost":480915.59,"Plan Rows":21214932,"Plan Width":22,"Actual Startup Time":563.279,"Actual Total Time":1466.609,"Actual Rows":4311079,"Actual Loops":1,"Output":["order_line.ol_amount","order_line.ol_o_id","order_line.ol_w_id","order_line.ol_d_id","stock.s_w_id","stock.s_i_id"],"Hash Cond":"((order_line.ol_w_id = stock.s_w_id) AND (order_line.ol_i_id = stock.s_i_id))","Rows Removed by Bloom Filter":0,"Shared Hit Blocks":0,"Shared Read Blocks":0,"Shared Dirtied Blocks":0,"Shared Written Blocks":0,"Local Hit Blocks":0,"Local Read Blocks":0,"Local Dirtied Blocks":0,"Local Written Blocks":0,"Temp Read Blocks":0,"Temp Written Blocks":0,"I/O Read Time":0.0,"I/O Write Time":0.0,"Temp I/O Read Time":0.0,"Temp I/O Write Time":0.0,"Plans":[{"Node Type":"Append","Parent Relationship":"Outer","Parallel Aware":false,"Async Capable":false,"Startup Cost":20.0,"Total Cost":533646.5,"Plan Rows":20926367,"Plan Width":20,"Actual Startup Time":122.327,"Actual Total Time":122.33,"Actual Rows":4311079,"Actual Loops":1,"Shared Hit Blocks":0,"Shared Read Blocks":0,"Shared Dirtied Blocks":0,"Shared Written Blocks":0,"Local Hit Blocks":0,"Local Read Blocks":0,"Local Dirtied Blocks":0,"Local Written Blocks":0,"Temp Read Blocks":0,"Temp Written Blocks":0,"I/O Read Time":0.0,"I/O Write Time":0.0,"Temp I/O Read Time":0.0,"Temp I/O Write Time":0.0,"Subplans Removed":0,"Plans":[{"Node Type":"Custom Scan","Parent Relationship":"Member","Custom Plan Provider":"columnar scan","Parallel Aware":false,"Async Capable":false,"Relation Name":"order_line","Schema":"public","Alias":"order_line","Startup Cost":20.0,"Total Cost":533641.75,"Plan Rows":20926325,"Plan Width":20,"Actual Startup Time":122.326,"Actual Total Time":122.327,"Actual Rows":4311079,"Actual Loops":1,"Output":["order_line.ol_amount","order_line.ol_o_id","order_line.ol_w_id","order_line.ol_d_id","order_line.ol_i_id"],"Filter":"(order_line.ol_delivery_d >= '1992-01-02 20:10:02.27764'::timestamp without time zone)","Rows Removed by Filter":0,"Rows Removed by Columnar Filter":25686653,"Rows Filtered by Bloom Filter":0,"Dictionary Rows Filtered by Bloom Filter":25686653,"Columnar cache search mode":"native","Shared Hit Blocks":0,"Shared Read Blocks":0,"Shared Dirtied Blocks":0,"Shared Written Blocks":0,"Local Hit Blocks":0,"Local Read Blocks":0,"Local Dirtied Blocks":0,"Local Written Blocks":0,"Temp Read Blocks":0,"Temp Written Blocks":0,"I/O Read Time":0.0,"I/O Write Time":0.0,"Temp I/O Read Time":0.0,"Temp I/O Write Time":0.0},{"Node Type":"Seq Scan","Parent Relationship":"Member","Parallel Aware":false,"Async Capable":false,"Relation Name":"order_line","Schema":"public","Alias":"order_line","Startup Cost":0.0,"Total Cost":4.75,"Plan Rows":42,"Plan Width":20,"Actual Startup Time":0.0,"Actual Total Time":0.0,"Actual Rows":0,"Actual Loops":0,"Output":["order_line.ol_amount","order_line.ol_o_id","order_line.ol_w_id","order_line.ol_d_id","order_line.ol_i_id"],"Filter":"(order_line.ol_delivery_d >= '1992-01-02 20:10:02.27764'::timestamp without time zone)","Rows Removed by Filter":0,"Shared Hit Blocks":0,"Shared Read Blocks":0,"Shared Dirtied Blocks":0,"Shared Written Blocks":0,"Local Hit Blocks":0,"Local Read Blocks":0,"Local Dirtied Blocks":0,"Local Written Blocks":0,"Temp Read Blocks":0,"Temp Written Blocks":0,"I/O Read Time":0.0,"I/O Write Time":0.0,"Temp I/O Read Time":0.0,"Temp I/O Write Time":0.0}]},{"Node Type":"Hash","Parent Relationship":"Inner","Parallel Aware":false,"Async Capable":false,"Startup Cost":195025.67,"Total Cost":195025.67,"Plan Rows":10000162,"Plan Width":6,"Actual Rows":10000000,"Actual Loops":1,"Output":["stock.s_w_id","stock.s_i_id"],"Shared Hit Blocks":0,"Shared Read Blocks":0,"Shared Dirtied Blocks":0,"Shared Written Blocks":0,"Local Hit Blocks":0,"Local Read Blocks":0,"Local Dirtied Blocks":0,"Local Written Blocks":0,"Temp Read Blocks":0,"Temp Written Blocks":0,"I/O Read Time":0.0,"I/O Write Time":0.0,"Temp I/O Read Time":0.0,"Temp I/O Write Time":0.0,"Plans":[{"Node Type":"Append","Parent Relationship":"Outer","Parallel Aware":false,"Async Capable":false,"Startup Cost":20.0,"Total Cost":195025.67,"Plan Rows":10000162,"Plan Width":6,"Actual Startup Time":0.231,"Actual Total Time":0.232,"Actual Rows":10000000,"Actual Loops":1,"Shared Hit Blocks":0,"Shared Read Blocks":0,"Shared Dirtied Blocks":0,"Shared Written Blocks":0,"Local Hit Blocks":0,"Local Read Blocks":0,"Local Dirtied Blocks":0,"Local Written Blocks":0,"Temp Read Blocks":0,"Temp Written Blocks":0,"I/O Read Time":0.0,"I/O Write Time":0.0,"Temp I/O Read Time":0.0,"Temp I/O Write Time":0.0,"Subplans Removed":0,"Plans":[{"Node Type":"Custom Scan","Parent Relationship":"Member","Custom Plan Provider":"columnar scan","Parallel Aware":false,"Async Capable":false,"Relation Name":"stock","Schema":"public","Alias":"stock","Startup Cost":20.0,"Total Cost":195020.05,"Plan Rows":10000000,"Plan Width":6,"Actual Startup Time":0.23,"Actual Total Time":0.23,"Actual Rows":10000000,"Actual Loops":1,"Output":["stock.s_w_id","stock.s_i_id"],"Rows Removed by Columnar Filter":0,"Columnar cache search mode":"native","Shared Hit Blocks":0,"Shared Read Blocks":0,"Shared Dirtied Blocks":0,"Shared Written Blocks":0,"Local Hit Blocks":0,"Local Read Blocks":0,"Local Dirtied Blocks":0,"Local Written Blocks":0,"Temp Read Blocks":0,"Temp Written Blocks":0,"I/O Read Time":0.0,"I/O Write Time":0.0,"Temp I/O Read Time":0.0,"Temp I/O Write Time":0.0},{"Node Type":"Seq Scan","Parent Relationship":"Member","Parallel Aware":false,"Async Capable":false,"Relation Name":"stock","Schema":"public","Alias":"stock","Startup Cost":0.0,"Total Cost":5.62,"Plan Rows":162,"Plan Width":6,"Actual Startup Time":0.0,"Actual Total Time":0.0,"Actual Rows":0,"Actual Loops":0,"Output":["stock.s_w_id","stock.s_i_id"],"Shared Hit Blocks":0,"Shared Read Blocks":0,"Shared Dirtied Blocks":0,"Shared Written Blocks":0,"Local Hit Blocks":0,"Local Read Blocks":0,"Local Dirtied Blocks":0,"Local Written Blocks":0,"Temp Read Blocks":0,"Temp Written Blocks":0,"I/O Read Time":0.0,"I/O Write Time":0.0,"Temp I/O Read Time":0.0,"Temp I/O Write Time":0.0}]}]}]},{"Node Type":"Hash","Parent Relationship":"Inner","Parallel Aware":false,"Async Capable":false,"Startup Cost":376.99,"Total Cost":376.99,"Plan Rows":2000,"Plan Width":20,"Actual Startup Time":2.804,"Actual Total Time":2.807,"Actual Rows":3506,"Actual Loops":1,"Output":["supplier.su_suppkey","supplier.su_nationkey","nation.n_name","nation.n_nationkey"],"Hash Buckets":4096,"Original Hash Buckets":2048,"Hash Batches":1,"Original Hash Batches":1,"Peak Memory Usage":217,"Shared Hit Blocks":219,"Shared Read Blocks":0,"Shared Dirtied Blocks":0,"Shared Written Blocks":0,"Local Hit Blocks":0,"Local Read Blocks":0,"Local Dirtied Blocks":0,"Local Written Blocks":0,"Temp Read Blocks":0,"Temp Written Blocks":0,"I/O Read Time":0.0,"I/O Write Time":0.0,"Temp I/O Read Time":0.0,"Temp I/O Write Time":0.0,"Plans":[{"Node Type":"Hash Join","Parent Relationship":"Outer","Parallel Aware":false,"Async Capable":false,"Join Type":"Inner","Startup Cost":3.14,"Total Cost":376.99,"Plan Rows":2000,"Plan Width":20,"Actual Startup Time":0.067,"Actual Total Time":2.23,"Actual Rows":3506,"Actual Loops":1,"Output":["supplier.su_suppkey","supplier.su_nationkey","nation.n_name","nation.n_nationkey"],"Hash Cond":"(supplier.su_nationkey = nation.n_nationkey)","Shared Hit Blocks":219,"Shared Read Blocks":0,"Shared Dirtied Blocks":0,"Shared Written Blocks":0,"Local Hit Blocks":0,"Local Read Blocks":0,"Local Dirtied Blocks":0,"Local Written Blocks":0,"Temp Read Blocks":0,"Temp Written Blocks":0,"I/O Read Time":0.0,"I/O Write Time":0.0,"Temp I/O Read Time":0.0,"Temp I/O Write Time":0.0,"Plans":[{"Node Type":"Seq Scan","Parent Relationship":"Outer","Parallel Aware":false,"Async Capable":false,"Relation Name":"supplier","Schema":"public","Alias":"supplier","Startup Cost":0.0,"Total Cost":317.0,"Plan Rows":10000,"Plan Width":8,"Actual Startup Time":0.01,"Actual Total Time":0.782,"Actual Rows":10000,"Actual Loops":1,"Output":["supplier.su_suppkey","supplier.su_name","supplier.su_address","supplier.su_nationkey","supplier.su_phone","supplier.su_acctbal","supplier.su_comment"],"Shared Hit Blocks":217,"Shared Read Blocks":0,"Shared Dirtied Blocks":0,"Shared Written Blocks":0,"Local Hit Blocks":0,"Local Read Blocks":0,"Local Dirtied Blocks":0,"Local Written Blocks":0,"Temp Read Blocks":0,"Temp Written Blocks":0,"I/O Read Time":0.0,"I/O Write Time":0.0,"Temp I/O Read Time":0.0,"Temp I/O Write Time":0.0},{"Node Type":"Hash","Parent Relationship":"Inner","Parallel Aware":false,"Async Capable":false,"Startup Cost":2.99,"Total Cost":2.99,"Plan Rows":12,"Plan Width":12,"Actual Startup Time":0.047,"Actual Total Time":0.049,"Actual Rows":22,"Actual Loops":1,"Output":["nation.n_name","nation.n_nationkey"],"Hash Buckets":1024,"Original Hash Buckets":1024,"Hash Batches":1,"Original Hash Batches":1,"Peak Memory Usage":9,"Shared Hit Blocks":2,"Shared Read Blocks":0,"Shared Dirtied Blocks":0,"Shared Written Blocks":0,"Local Hit Blocks":0,"Local Read Blocks":0,"Local Dirtied Blocks":0,"Local Written Blocks":0,"Temp Read Blocks":0,"Temp Written Blocks":0,"I/O Read Time":0.0,"I/O Write Time":0.0,"Temp I/O Read Time":0.0,"Temp I/O Write Time":0.0,"Plans":[{"Node Type":"Hash Join","Parent Relationship":"Outer","Parallel Aware":false,"Async Capable":false,"Join Type":"Inner","Startup Cost":1.07,"Total Cost":2.99,"Plan Rows":12,"Plan Width":12,"Actual Startup Time":0.03,"Actual Total Time":0.044,"Actual Rows":22,"Actual Loops":1,"Output":["nation.n_name","nation.n_nationkey"],"Hash Cond":"(nation.n_regionkey = region.r_regionkey)","Shared Hit Blocks":2,"Shared Read Blocks":0,"Shared Dirtied Blocks":0,"Shared Written Blocks":0,"Local Hit Blocks":0,"Local Read Blocks":0,"Local Dirtied Blocks":0,"Local Written Blocks":0,"Temp Read Blocks":0,"Temp Written Blocks":0,"I/O Read Time":0.0,"I/O Write Time":0.0,"Temp I/O Read Time":0.0,"Temp I/O Write Time":0.0,"Plans":[{"Node Type":"Seq Scan","Parent Relationship":"Outer","Parallel Aware":false,"Async Capable":false,"Relation Name":"nation","Schema":"public","Alias":"nation","Startup Cost":0.0,"Total Cost":1.62,"Plan Rows":62,"Plan Width":16,"Actual Startup Time":0.004,"Actual Total Time":0.007,"Actual Rows":62,"Actual Loops":1,"Output":["nation.n_nationkey","nation.n_name","nation.n_regionkey","nation.n_comment"],"Shared Hit Blocks":1,"Shared Read Blocks":0,"Shared Dirtied Blocks":0,"Shared Written Blocks":0,"Local Hit Blocks":0,"Local Read Blocks":0,"Local Dirtied Blocks":0,"Local Written Blocks":0,"Temp Read Blocks":0,"Temp Written Blocks":0,"I/O Read Time":0.0,"I/O Write Time":0.0,"Temp I/O Read Time":0.0,"Temp I/O Write Time":0.0},{"Node Type":"Hash","Parent Relationship":"Inner","Parallel Aware":false,"Async Capable":false,"Startup Cost":1.06,"Total Cost":1.06,"Plan Rows":1,"Plan Width":4,"Actual Startup Time":0.014,"Actual Total Time":0.015,"Actual Rows":1,"Actual Loops":1,"Output":["region.r_regionkey"],"Hash Buckets":1024,"Original Hash Buckets":1024,"Hash Batches":1,"Original Hash Batches":1,"Peak Memory Usage":9,"Shared Hit Blocks":1,"Shared Read Blocks":0,"Shared Dirtied Blocks":0,"Shared Written Blocks":0,"Local Hit Blocks":0,"Local Read Blocks":0,"Local Dirtied Blocks":0,"Local Written Blocks":0,"Temp Read Blocks":0,"Temp Written Blocks":0,"I/O Read Time":0.0,"I/O Write Time":0.0,"Temp I/O Read Time":0.0,"Temp I/O Write Time":0.0,"Plans":[{"Node Type":"Seq Scan","Parent Relationship":"Outer","Parallel Aware":false,"Async Capable":false,"Relation Name":"region","Schema":"public","Alias":"region","Startup Cost":0.0,"Total Cost":1.06,"Plan Rows":1,"Plan Width":4,"Actual Startup Time":0.007,"Actual Total Time":0.008,"Actual Rows":1,"Actual Loops":1,"Output":["region.r_regionkey"],"Filter":"((region.r_name)::text = 'Europe'::text)","Rows Removed by Filter":4,"Shared Hit Blocks":1,"Shared Read Blocks":0,"Shared Dirtied Blocks":0,"Shared Written Blocks":0,"Local Hit Blocks":0,"Local Read Blocks":0,"Local Dirtied Blocks":0,"Local Written Blocks":0,"Temp Read Blocks":0,"Temp Written Blocks":0,"I/O Read Time":0.0,"I/O Write Time":0.0,"Temp I/O Read Time":0.0,"Temp I/O Write Time":0.0}]}]}]}]}]}]},{"Node Type":"Hash","Parent Relationship":"Inner","Parallel Aware":false,"Async Capable":false,"Startup Cost":67059.0,"Total Cost":67059.0,"Plan Rows":426548,"Plan Width":16,"Actual Startup Time":324.434,"Actual Total Time":324.434,"Actual Rows":428399,"Actual Loops":1,"Output":["orders.o_c_id","orders.o_w_id","orders.o_d_id","orders.o_id"],"Hash Buckets":262144,"Original Hash Buckets":262144,"Hash Batches":4,"Original Hash Batches":4,"Peak Memory Usage":7080,"Shared Hit Blocks":22059,"Shared Read Blocks":0,"Shared Dirtied Blocks":0,"Shared Written Blocks":0,"Local Hit Blocks":0,"Local Read Blocks":0,"Local Dirtied Blocks":0,"Local Written Blocks":0,"Temp Read Blocks":0,"Temp Written Blocks":1410,"I/O Read Time":0.0,"I/O Write Time":0.0,"Temp I/O Read Time":0.0,"Temp I/O Write Time":6.522,"Plans":[{"Node Type":"Seq Scan","Parent Relationship":"Outer","Parallel Aware":false,"Async Capable":false,"Relation Name":"orders","Schema":"public","Alias":"orders","Startup Cost":0.0,"Total Cost":67059.0,"Plan Rows":426548,"Plan Width":16,"Actual Startup Time":0.778,"Actual Total Time":222.857,"Actual Rows":428399,"Actual Loops":1,"Output":["orders.o_c_id","orders.o_w_id","orders.o_d_id","orders.o_id"],"Filter":"((orders.o_entry_d >= '1993-01-02 20:10:02.27764'::timestamp without time zone) AND (orders.o_entry_d < '1994-01-02 20:10:02.27764'::timestamp without time zone))","Rows Removed by Filter":2571601,"Shared Hit Blocks":22059,"Shared Read Blocks":0,"Shared Dirtied Blocks":0,"Shared Written Blocks":0,"Local Hit Blocks":0,"Local Read Blocks":0,"Local Dirtied Blocks":0,"Local Written Blocks":0,"Temp Read Blocks":0,"Temp Written Blocks":0,"I/O Read Time":0.0,"I/O Write Time":0.0,"Temp I/O Read Time":0.0,"Temp I/O Write Time":0.0}]}]},{"Node Type":"Hash","Parent Relationship":"Inner","Parallel Aware":false,"Async Capable":false,"Startup Cost":254511.16,"Total Cost":254511.16,"Plan Rows":2999739,"Plan Width":12,"Actual Startup Time":1185.406,"Actual Total Time":1185.407,"Actual Rows":3000000,"Actual Loops":1,"Output":["customer.c_id","customer.c_w_id","customer.c_d_id","customer.c_nationkey"],"Hash Buckets":262144,"Original Hash Buckets":262144,"Hash Batches":32,"Original Hash Batches":32,"Peak Memory Usage":6058,"Shared Hit Blocks":0,"Shared Read Blocks":0,"Shared Dirtied Blocks":0,"Shared Written Blocks":0,"Local Hit Blocks":0,"Local Read Blocks":0,"Local Dirtied Blocks":0,"Local Written Blocks":0,"Temp Read Blocks":0,"Temp Written Blocks":11339,"I/O Read Time":0.0,"I/O Write Time":0.0,"Temp I/O Read Time":0.0,"Temp I/O Write Time":49.714,"Plans":[{"Node Type":"Append","Parent Relationship":"Outer","Parallel Aware":false,"Async Capable":false,"Startup Cost":20.0,"Total Cost":254511.16,"Plan Rows":2999739,"Plan Width":12,"Actual Startup Time":0.025,"Actual Total Time":657.711,"Actual Rows":3000000,"Actual Loops":1,"Shared Hit Blocks":0,"Shared Read Blocks":0,"Shared Dirtied Blocks":0,"Shared Written Blocks":0,"Local Hit Blocks":0,"Local Read Blocks":0,"Local Dirtied Blocks":0,"Local Written Blocks":0,"Temp Read Blocks":0,"Temp Written Blocks":0,"I/O Read Time":0.0,"I/O Write Time":0.0,"Temp I/O Read Time":0.0,"Temp I/O Write Time":0.0,"Subplans Removed":0,"Plans":[{"Node Type":"Custom Scan","Parent Relationship":"Member","Custom Plan Provider":"columnar scan","Parallel Aware":false,"Async Capable":false,"Relation Name":"customer","Schema":"public","Alias":"customer","Startup Cost":20.0,"Total Cost":70513.87,"Plan Rows":2999738,"Plan Width":12,"Actual Startup Time":0.024,"Actual Total Time":447.918,"Actual Rows":3000000,"Actual Loops":1,"Output":["customer.c_id","customer.c_w_id","customer.c_d_id","customer.c_nationkey"],"Rows Removed by Columnar Filter":0,"Columnar cache search mode":"native","Shared Hit Blocks":0,"Shared Read Blocks":0,"Shared Dirtied Blocks":0,"Shared Written Blocks":0,"Local Hit Blocks":0,"Local Read Blocks":0,"Local Dirtied Blocks":0,"Local Written Blocks":0,"Temp Read Blocks":0,"Temp Written Blocks":0,"I/O Read Time":0.0,"I/O Write Time":0.0,"Temp I/O Read Time":0.0,"Temp I/O Write Time":0.0},{"Node Type":"Seq Scan","Parent Relationship":"Member","Parallel Aware":false,"Async Capable":false,"Relation Name":"customer","Schema":"public","Alias":"customer","Startup Cost":0.0,"Total Cost":4.01,"Plan Rows":1,"Plan Width":12,"Actual Startup Time":0.0,"Actual Total Time":0.0,"Actual Rows":0,"Actual Loops":0,"Output":["customer.c_id","customer.c_w_id","customer.c_d_id","customer.c_nationkey"],"Shared Hit Blocks":0,"Shared Read Blocks":0,"Shared Dirtied Blocks":0,"Shared Written Blocks":0,"Local Hit Blocks":0,"Local Read Blocks":0,"Local Dirtied Blocks":0,"Local Written Blocks":0,"Temp Read Blocks":0,"Temp Written Blocks":0,"I/O Read Time":0.0,"I/O Write Time":0.0,"Temp I/O Read Time":0.0,"Temp I/O Write Time":0.0}]}]}]}]}]}]},"Planning":{"Shared Hit Blocks":16,"Shared Read Blocks":0,"Shared Dirtied Blocks":0,"Shared Written Blocks":0,"Local Hit Blocks":0,"Local Read Blocks":0,"Local Dirtied Blocks":0,"Local Written Blocks":0,"Temp Read Blocks":0,"Temp Written Blocks":0,"I/O Read Time":0.0,"I/O Write Time":0.0,"Temp I/O Read Time":0.0,"Temp I/O Write Time":0.0},"Planning Time":5.632,"Triggers":[],"Execution Time":5176.383}]
[列存组合]: customer, nation, order_line, region, supplier
[{"Plan":{"Node Type":"Sort","Parallel Aware":false,"Async Capable":false,"Startup Cost":1997960.05,"Total Cost":1997960.21,"Plan Rows":62,"Plan Width":40,"Actual Startup Time":10298.087,"Actual Total Time":10298.115,"Actual Rows":11,"Actual Loops":1,"Output":["nation.n_name","(sum(order_line.ol_amount))"],"Sort Key":["(sum(order_line.ol_amount)) DESC"],"Sort Method":"quicksort","Sort Space Used":25,"Sort Space Type":"Memory","Shared Hit Blocks":49399,"Shared Read Blocks":0,"Shared Dirtied Blocks":0,"Shared Written Blocks":0,"Local Hit Blocks":0,"Local Read Blocks":0,"Local Dirtied Blocks":0,"Local Written Blocks":0,"Temp Read Blocks":62236,"Temp Written Blocks":62263,"I/O Read Time":0.0,"I/O Write Time":0.0,"Temp I/O Read Time":100.564,"Temp I/O Write Time":246.864,"Plans":[{"Node Type":"Aggregate","Strategy":"Sorted","Partial Mode":"Simple","Parent Relationship":"Outer","Parallel Aware":false,"Async Capable":false,"Startup Cost":1997884.27,"Total Cost":1997958.21,"Plan Rows":62,"Plan Width":40,"Actual Startup Time":10295.286,"Actual Total Time":10298.1,"Actual Rows":11,"Actual Loops":1,"Output":["nation.n_name","sum(order_line.ol_amount)"],"Group Key":["nation.n_name"],"Shared Hit Blocks":49399,"Shared Read Blocks":0,"Shared Dirtied Blocks":0,"Shared Written Blocks":0,"Local Hit Blocks":0,"Local Read Blocks":0,"Local Dirtied Blocks":0,"Local Written Blocks":0,"Temp Read Blocks":62236,"Temp Written Blocks":62263,"I/O Read Time":0.0,"I/O Write Time":0.0,"Temp I/O Read Time":100.564,"Temp I/O Write Time":246.864,"Plans":[{"Node Type":"Sort","Parent Relationship":"Outer","Parallel Aware":false,"Async Capable":false,"Startup Cost":1997884.27,"Total Cost":1997908.66,"Plan Rows":9755,"Plan Width":12,"Actual Startup Time":10295.074,"Actual Total Time":10295.844,"Actual Rows":17493,"Actual Loops":1,"Output":["nation.n_name","order_line.ol_amount"],"Sort Key":["nation.n_name"],"Sort Method":"quicksort","Sort Space Used":1725,"Sort Space Type":"Memory","Shared Hit Blocks":49399,"Shared Read Blocks":0,"Shared Dirtied Blocks":0,"Shared Written Blocks":0,"Local Hit Blocks":0,"Local Read Blocks":0,"Local Dirtied Blocks":0,"Local Written Blocks":0,"Temp Read Blocks":62236,"Temp Written Blocks":62263,"I/O Read Time":0.0,"I/O Write Time":0.0,"Temp I/O Read Time":100.564,"Temp I/O Write Time":246.864,"Plans":[{"Node Type":"Hash Join","Parent Relationship":"Outer","Parallel Aware":false,"Async Capable":false,"Join Type":"Inner","Startup Cost":1673741.0,"Total Cost":1997237.91,"Plan Rows":9755,"Plan Width":12,"Actual Startup Time":8450.999,"Actual Total Time":10286.257,"Actual Rows":17493,"Actual Loops":1,"Output":["nation.n_name","order_line.ol_amount"],"Inner Unique":true,"Hash Cond":"((mod((stock.s_w_id * stock.s_i_id), 10000) = supplier.su_suppkey) AND (customer.c_nationkey = supplier.su_nationkey))","Shared Hit Blocks":49399,"Shared Read Blocks":0,"Shared Dirtied Blocks":0,"Shared Written Blocks":0,"Local Hit Blocks":0,"Local Read Blocks":0,"Local Dirtied Blocks":0,"Local Written Blocks":0,"Temp Read Blocks":62236,"Temp Written Blocks":62263,"I/O Read Time":0.0,"I/O Write Time":0.0,"Temp I/O Read Time":100.564,"Temp I/O Write Time":246.864,"Plans":[{"Node Type":"Merge Join","Parent Relationship":"Outer","Parallel Aware":false,"Async Capable":false,"Join Type":"Inner","Startup Cost":1673371.97,"Total Cost":1993553.75,"Plan Rows":602749,"Plan Width":26,"Actual Startup Time":8447.497,"Actual Total Time":10142.901,"Actual Rows":1109507,"Actual Loops":1,"Output":["customer.c_nationkey","order_line.ol_amount","stock.s_w_id","stock.s_i_id","nation.n_name","nation.n_nationkey"],"Inner Unique":true,"Merge Cond":"((customer.c_w_id = stock.s_w_id) AND (order_line.ol_i_id = stock.s_i_id))","Shared Hit Blocks":49399,"Shared Read Blocks":0,"Shared Dirtied Blocks":0,"Shared Written Blocks":0,"Local Hit Blocks":0,"Local Read Blocks":0,"Local Dirtied Blocks":0,"Local Written Blocks":0,"Temp Read Blocks":62236,"Temp Written Blocks":62263,"I/O Read Time":0.0,"I/O Write Time":0.0,"Temp I/O Read Time":100.564,"Temp I/O Write Time":246.864,"Plans":[{"Node Type":"Sort","Parent Relationship":"Outer","Parallel Aware":false,"Async Capable":false,"Startup Cost":1673371.53,"Total Cost":1674859.22,"Plan Rows":595073,"Plan Width":30,"Actual Startup Time":8447.439,"Actual Total Time":8626.439,"Actual Rows":1109507,"Actual Loops":1,"Output":["customer.c_w_id","customer.c_nationkey","orders.o_w_id","order_line.ol_amount","order_line.ol_w_id","order_line.ol_i_id","nation.n_name","nation.n_nationkey"],"Sort Key":["customer.c_w_id","order_line.ol_i_id"],"Sort Method":"external merge","Sort Space Used":47304,"Sort Space Type":"Disk","Shared Hit Blocks":22061,"Shared Read Blocks":0,"Shared Dirtied Blocks":0,"Shared Written Blocks":0,"Local Hit Blocks":0,"Local Read Blocks":0,"Local Dirtied Blocks":0,"Local Written Blocks":0,"Temp Read Blocks":62236,"Temp Written Blocks":62263,"I/O Read Time":0.0,"I/O Write Time":0.0,"Temp I/O Read Time":100.564,"Temp I/O Write Time":246.864,"Plans":[{"Node Type":"Hash Join","Parent Relationship":"Outer","Parallel Aware":false,"Async Capable":false,"Join Type":"Inner","Startup Cost":398284.32,"Total Cost":1602057.98,"Plan Rows":595073,"Plan Width":30,"Actual Startup Time":1495.425,"Actual Total Time":7062.928,"Actual Rows":1109507,"Actual Loops":1,"Output":["customer.c_w_id","customer.c_nationkey","orders.o_w_id","order_line.ol_amount","order_line.ol_w_id","order_line.ol_i_id","nation.n_name","nation.n_nationkey"],"Inner Unique":false,"Hash Cond":"(customer.c_nationkey = nation.n_nationkey)","Shared Hit Blocks":22061,"Shared Read Blocks":0,"Shared Dirtied Blocks":0,"Shared Written Blocks":0,"Local Hit Blocks":0,"Local Read Blocks":0,"Local Dirtied Blocks":0,"Local Written Blocks":0,"Temp Read Blocks":50419,"Temp Written Blocks":50419,"I/O Read Time":0.0,"I/O Write Time":0.0,"Temp I/O Read Time":82.694,"Temp I/O Write Time":215.726,"Plans":[{"Node Type":"Hash Join","Parent Relationship":"Outer","Parallel Aware":false,"Async Capable":false,"Join Type":"Inner","Startup Cost":398281.18,"Total Cost":1585138.44,"Plan Rows":2975367,"Plan Width":18,"Actual Startup Time":1488.365,"Actual Total Time":6643.965,"Actual Rows":4284922,"Actual Loops":1,"Output":["customer.c_w_id","customer.c_nationkey","orders.o_w_id","order_line.ol_amount","order_line.ol_w_id","order_line.ol_i_id"],"Inner Unique":true,"Hash Cond":"((orders.o_c_id = customer.c_id) AND (orders.o_w_id = customer.c_w_id) AND (orders.o_d_id = customer.c_d_id))","Shared Hit Blocks":22059,"Shared Read Blocks":0,"Shared Dirtied Blocks":0,"Shared Written Blocks":0,"Local Hit Blocks":0,"Local Read Blocks":0,"Local Dirtied Blocks":0,"Local Written Blocks":0,"Temp Read Blocks":50419,"Temp Written Blocks":50419,"I/O Read Time":0.0,"I/O Write Time":0.0,"Temp I/O Read Time":82.694,"Temp I/O Write Time":215.726,"Plans":[{"Node Type":"Hash Join","Parent Relationship":"Outer","Parallel Aware":false,"Async Capable":false,"Join Type":"Inner","Startup Cost":76626.59,"Total Cost":1190536.82,"Plan Rows":2975367,"Plan Width":20,"Actual Startup Time":326.841,"Actual Total Time":3357.395,"Actual Rows":4284922,"Actual Loops":1,"Output":["orders.o_c_id","orders.o_w_id","orders.o_d_id","order_line.ol_amount","order_line.ol_w_id","order_line.ol_d_id","order_line.ol_i_id"],"Inner Unique":true,"Hash Cond":"((order_line.ol_w_id = orders.o_w_id) AND (order_line.ol_d_id = orders.o_d_id) AND (order_line.ol_o_id = orders.o_id))","Shared Hit Blocks":22059,"Shared Read Blocks":0,"Shared Dirtied Blocks":0,"Shared Written Blocks":0,"Local Hit Blocks":0,"Local Read Blocks":0,"Local Dirtied Blocks":0,"Local Written Blocks":0,"Temp Read Blocks":18772,"Temp Written Blocks":18772,"I/O Read Time":0.0,"I/O Write Time":0.0,"Temp I/O Read Time":31.366,"Temp I/O Write Time":76.724,"Plans":[{"Node Type":"Append","Parent Relationship":"Outer","Parallel Aware":false,"Async Capable":false,"Startup Cost":20.0,"Total Cost":701820.0,"Plan Rows":20926367,"Plan Width":20,"Actual Startup Time":1.4,"Actual Total Time":1305.778,"Actual Rows":4311079,"Actual Loops":1,"Shared Hit Blocks":0,"Shared Read Blocks":0,"Shared Dirtied Blocks":0,"Shared Written Blocks":0,"Local Hit Blocks":0,"Local Read Blocks":0,"Local Dirtied Blocks":0,"Local Written Blocks":0,"Temp Read Blocks":0,"Temp Written Blocks":0,"I/O Read Time":0.0,"I/O Write Time":0.0,"Temp I/O Read Time":0.0,"Temp I/O Write Time":0.0,"Subplans Removed":0,"Plans":[{"Node Type":"Custom Scan","Parent Relationship":"Member","Custom Plan Provider":"columnar scan","Parallel Aware":false,"Async Capable":false,"Relation Name":"order_line","Schema":"public","Alias":"order_line","Startup Cost":20.0,"Total Cost":533641.75,"Plan Rows":20926325,"Plan Width":20,"Actual Startup Time":1.398,"Actual Total Time":996.17,"Actual Rows":4311079,"Actual Loops":1,"Output":["order_line.ol_amount","order_line.ol_o_id","order_line.ol_w_id","order_line.ol_d_id","order_line.ol_i_id"],"Filter":"(order_line.ol_delivery_d >= '1992-01-02 20:10:02.27764'::timestamp without time zone)","Rows Removed by Filter":0,"Rows Removed by Columnar Filter":25686653,"Rows Filtered by Bloom Filter":0,"Dictionary Rows Filtered by Bloom Filter":25686653,"Columnar cache search mode":"native","Shared Hit Blocks":0,"Shared Read Blocks":0,"Shared Dirtied Blocks":0,"Shared Written Blocks":0,"Local Hit Blocks":0,"Local Read Blocks":0,"Local Dirtied Blocks":0,"Local Written Blocks":0,"Temp Read Blocks":0,"Temp Written Blocks":0,"I/O Read Time":0.0,"I/O Write Time":0.0,"Temp I/O Read Time":0.0,"Temp I/O Write Time":0.0},{"Node Type":"Seq Scan","Parent Relationship":"Member","Parallel Aware":false,"Async Capable":false,"Relation Name":"order_line","Schema":"public","Alias":"order_line","Startup Cost":0.0,"Total Cost":4.75,"Plan Rows":42,"Plan Width":20,"Actual Startup Time":0.0,"Actual Total Time":0.0,"Actual Rows":0,"Actual Loops":0,"Output":["order_line.ol_amount","order_line.ol_o_id","order_line.ol_w_id","order_line.ol_d_id","order_line.ol_i_id"],"Filter":"(order_line.ol_delivery_d >= '1992-01-02 20:10:02.27764'::timestamp without time zone)","Rows Removed by Filter":0,"Shared Hit Blocks":0,"Shared Read Blocks":0,"Shared Dirtied Blocks":0,"Shared Written Blocks":0,"Local Hit Blocks":0,"Local Read Blocks":0,"Local Dirtied Blocks":0,"Local Written Blocks":0,"Temp Read Blocks":0,"Temp Written Blocks":0,"I/O Read Time":0.0,"I/O Write Time":0.0,"Temp I/O Read Time":0.0,"Temp I/O Write Time":0.0}]},{"Node Type":"Hash","Parent Relationship":"Inner","Parallel Aware":false,"Async Capable":false,"Startup Cost":67059.0,"Total Cost":67059.0,"Plan Rows":426548,"Plan Width":16,"Actual Startup Time":324.419,"Actual Total Time":324.42,"Actual Rows":428399,"Actual Loops":1,"Output":["orders.o_c_id","orders.o_w_id","orders.o_d_id","orders.o_id"],"Hash Buckets":262144,"Original Hash Buckets":262144,"Hash Batches":4,"Original Hash Batches":4,"Peak Memory Usage":7080,"Shared Hit Blocks":22059,"Shared Read Blocks":0,"Shared Dirtied Blocks":0,"Shared Written Blocks":0,"Local Hit Blocks":0,"Local Read Blocks":0,"Local Dirtied Blocks":0,"Local Written Blocks":0,"Temp Read Blocks":0,"Temp Written Blocks":1410,"I/O Read Time":0.0,"I/O Write Time":0.0,"Temp I/O Read Time":0.0,"Temp I/O Write Time":6.198,"Plans":[{"Node Type":"Seq Scan","Parent Relationship":"Outer","Parallel Aware":false,"Async Capable":false,"Relation Name":"orders","Schema":"public","Alias":"orders","Startup Cost":0.0,"Total Cost":67059.0,"Plan Rows":426548,"Plan Width":16,"Actual Startup Time":0.794,"Actual Total Time":222.351,"Actual Rows":428399,"Actual Loops":1,"Output":["orders.o_c_id","orders.o_w_id","orders.o_d_id","orders.o_id"],"Filter":"((orders.o_entry_d >= '1993-01-02 20:10:02.27764'::timestamp without time zone) AND (orders.o_entry_d < '1994-01-02 20:10:02.27764'::timestamp without time zone))","Rows Removed by Filter":2571601,"Shared Hit Blocks":22059,"Shared Read Blocks":0,"Shared Dirtied Blocks":0,"Shared Written Blocks":0,"Local Hit Blocks":0,"Local Read Blocks":0,"Local Dirtied Blocks":0,"Local Written Blocks":0,"Temp Read Blocks":0,"Temp Written Blocks":0,"I/O Read Time":0.0,"I/O Write Time":0.0,"Temp I/O Read Time":0.0,"Temp I/O Write Time":0.0}]}]},{"Node Type":"Hash","Parent Relationship":"Inner","Parallel Aware":false,"Async Capable":false,"Startup Cost":254511.16,"Total Cost":254511.16,"Plan Rows":2999739,"Plan Width":12,"Actual Startup Time":1159.73,"Actual Total Time":1159.734,"Actual Rows":3000000,"Actual Loops":1,"Output":["customer.c_id","customer.c_w_id","customer.c_d_id","customer.c_nationkey"],"Hash Buckets":262144,"Original Hash Buckets":262144,"Hash Batches":32,"Original Hash Batches":32,"Peak Memory Usage":6090,"Shared Hit Blocks":0,"Shared Read Blocks":0,"Shared Dirtied Blocks":0,"Shared Written Blocks":0,"Local Hit Blocks":0,"Local Read Blocks":0,"Local Dirtied Blocks":0,"Local Written Blocks":0,"Temp Read Blocks":0,"Temp Written Blocks":11335,"I/O Read Time":0.0,"I/O Write Time":0.0,"Temp I/O Read Time":0.0,"Temp I/O Write Time":48.009,"Plans":[{"Node Type":"Append","Parent Relationship":"Outer","Parallel Aware":false,"Async Capable":false,"Startup Cost":20.0,"Total Cost":254511.16,"Plan Rows":2999739,"Plan Width":12,"Actual Startup Time":0.015,"Actual Total Time":658.991,"Actual Rows":3000000,"Actual Loops":1,"Shared Hit Blocks":0,"Shared Read Blocks":0,"Shared Dirtied Blocks":0,"Shared Written Blocks":0,"Local Hit Blocks":0,"Local Read Blocks":0,"Local Dirtied Blocks":0,"Local Written Blocks":0,"Temp Read Blocks":0,"Temp Written Blocks":0,"I/O Read Time":0.0,"I/O Write Time":0.0,"Temp I/O Read Time":0.0,"Temp I/O Write Time":0.0,"Subplans Removed":0,"Plans":[{"Node Type":"Custom Scan","Parent Relationship":"Member","Custom Plan Provider":"columnar scan","Parallel Aware":false,"Async Capable":false,"Relation Name":"customer","Schema":"public","Alias":"customer","Startup Cost":20.0,"Total Cost":70513.87,"Plan Rows":2999738,"Plan Width":12,"Actual Startup Time":0.014,"Actual Total Time":445.991,"Actual Rows":3000000,"Actual Loops":1,"Output":["customer.c_id","customer.c_w_id","customer.c_d_id","customer.c_nationkey"],"Rows Removed by Columnar Filter":0,"Columnar cache search mode":"native","Shared Hit Blocks":0,"Shared Read Blocks":0,"Shared Dirtied Blocks":0,"Shared Written Blocks":0,"Local Hit Blocks":0,"Local Read Blocks":0,"Local Dirtied Blocks":0,"Local Written Blocks":0,"Temp Read Blocks":0,"Temp Written Blocks":0,"I/O Read Time":0.0,"I/O Write Time":0.0,"Temp I/O Read Time":0.0,"Temp I/O Write Time":0.0},{"Node Type":"Seq Scan","Parent Relationship":"Member","Parallel Aware":false,"Async Capable":false,"Relation Name":"customer","Schema":"public","Alias":"customer","Startup Cost":0.0,"Total Cost":4.01,"Plan Rows":1,"Plan Width":12,"Actual Startup Time":0.0,"Actual Total Time":0.0,"Actual Rows":0,"Actual Loops":0,"Output":["customer.c_id","customer.c_w_id","customer.c_d_id","customer.c_nationkey"],"Shared Hit Blocks":0,"Shared Read Blocks":0,"Shared Dirtied Blocks":0,"Shared Written Blocks":0,"Local Hit Blocks":0,"Local Read Blocks":0,"Local Dirtied Blocks":0,"Local Written Blocks":0,"Temp Read Blocks":0,"Temp Written Blocks":0,"I/O Read Time":0.0,"I/O Write Time":0.0,"Temp I/O Read Time":0.0,"Temp I/O Write Time":0.0}]}]}]},{"Node Type":"Hash","Parent Relationship":"Inner","Parallel Aware":false,"Async Capable":false,"Startup Cost":2.99,"Total Cost":2.99,"Plan Rows":12,"Plan Width":12,"Actual Startup Time":0.041,"Actual Total Time":0.046,"Actual Rows":22,"Actual Loops":1,"Output":["nation.n_name","nation.n_nationkey"],"Hash Buckets":1024,"Original Hash Buckets":1024,"Hash Batches":1,"Original Hash Batches":1,"Peak Memory Usage":9,"Shared Hit Blocks":2,"Shared Read Blocks":0,"Shared Dirtied Blocks":0,"Shared Written Blocks":0,"Local Hit Blocks":0,"Local Read Blocks":0,"Local Dirtied Blocks":0,"Local Written Blocks":0,"Temp Read Blocks":0,"Temp Written Blocks":0,"I/O Read Time":0.0,"I/O Write Time":0.0,"Temp I/O Read Time":0.0,"Temp I/O Write Time":0.0,"Plans":[{"Node Type":"Hash Join","Parent Relationship":"Outer","Parallel Aware":false,"Async Capable":false,"Join Type":"Inner","Startup Cost":1.07,"Total Cost":2.99,"Plan Rows":12,"Plan Width":12,"Actual Startup Time":0.025,"Actual Total Time":0.041,"Actual Rows":22,"Actual Loops":1,"Output":["nation.n_name","nation.n_nationkey"],"Inner Unique":true,"Hash Cond":"(nation.n_regionkey = region.r_regionkey)","Shared Hit Blocks":2,"Shared Read Blocks":0,"Shared Dirtied Blocks":0,"Shared Written Blocks":0,"Local Hit Blocks":0,"Local Read Blocks":0,"Local Dirtied Blocks":0,"Local Written Blocks":0,"Temp Read Blocks":0,"Temp Written Blocks":0,"I/O Read Time":0.0,"I/O Write Time":0.0,"Temp I/O Read Time":0.0,"Temp I/O Write Time":0.0,"Plans":[{"Node Type":"Seq Scan","Parent Relationship":"Outer","Parallel Aware":false,"Async Capable":false,"Relation Name":"nation","Schema":"public","Alias":"nation","Startup Cost":0.0,"Total Cost":1.62,"Plan Rows":62,"Plan Width":16,"Actual Startup Time":0.006,"Actual Total Time":0.01,"Actual Rows":62,"Actual Loops":1,"Output":["nation.n_nationkey","nation.n_name","nation.n_regionkey","nation.n_comment"],"Shared Hit Blocks":1,"Shared Read Blocks":0,"Shared Dirtied Blocks":0,"Shared Written Blocks":0,"Local Hit Blocks":0,"Local Read Blocks":0,"Local Dirtied Blocks":0,"Local Written Blocks":0,"Temp Read Blocks":0,"Temp Written Blocks":0,"I/O Read Time":0.0,"I/O Write Time":0.0,"Temp I/O Read Time":0.0,"Temp I/O Write Time":0.0},{"Node Type":"Hash","Parent Relationship":"Inner","Parallel Aware":false,"Async Capable":false,"Startup Cost":1.06,"Total Cost":1.06,"Plan Rows":1,"Plan Width":4,"Actual Startup Time":0.008,"Actual Total Time":0.01,"Actual Rows":1,"Actual Loops":1,"Output":["region.r_regionkey"],"Hash Buckets":1024,"Original Hash Buckets":1024,"Hash Batches":1,"Original Hash Batches":1,"Peak Memory Usage":9,"Shared Hit Blocks":1,"Shared Read Blocks":0,"Shared Dirtied Blocks":0,"Shared Written Blocks":0,"Local Hit Blocks":0,"Local Read Blocks":0,"Local Dirtied Blocks":0,"Local Written Blocks":0,"Temp Read Blocks":0,"Temp Written Blocks":0,"I/O Read Time":0.0,"I/O Write Time":0.0,"Temp I/O Read Time":0.0,"Temp I/O Write Time":0.0,"Plans":[{"Node Type":"Seq Scan","Parent Relationship":"Outer","Parallel Aware":false,"Async Capable":false,"Relation Name":"region","Schema":"public","Alias":"region","Startup Cost":0.0,"Total Cost":1.06,"Plan Rows":1,"Plan Width":4,"Actual Startup Time":0.006,"Actual Total Time":0.006,"Actual Rows":1,"Actual Loops":1,"Output":["region.r_regionkey"],"Filter":"((region.r_name)::text = 'Europe'::text)","Rows Removed by Filter":4,"Shared Hit Blocks":1,"Shared Read Blocks":0,"Shared Dirtied Blocks":0,"Shared Written Blocks":0,"Local Hit Blocks":0,"Local Read Blocks":0,"Local Dirtied Blocks":0,"Local Written Blocks":0,"Temp Read Blocks":0,"Temp Written Blocks":0,"I/O Read Time":0.0,"I/O Write Time":0.0,"Temp I/O Read Time":0.0,"Temp I/O Write Time":0.0}]}]}]}]}]},{"Node Type":"Index Only Scan","Parent Relationship":"Inner","Parallel Aware":false,"Async Capable":false,"Scan Direction":"Forward","Index Name":"stock_pk","Relation Name":"stock","Schema":"public","Alias":"stock","Startup Cost":0.43,"Total Cost":259690.86,"Plan Rows":10000162,"Plan Width":6,"Actual Startup Time":0.045,"Actual Total Time":707.458,"Actual Rows":9999996,"Actual Loops":1,"Output":["stock.s_w_id","stock.s_i_id"],"Heap Fetches":0,"Shared Hit Blocks":27338,"Shared Read Blocks":0,"Shared Dirtied Blocks":0,"Shared Written Blocks":0,"Local Hit Blocks":0,"Local Read Blocks":0,"Local Dirtied Blocks":0,"Local Written Blocks":0,"Temp Read Blocks":0,"Temp Written Blocks":0,"I/O Read Time":0.0,"I/O Write Time":0.0,"Temp I/O Read Time":0.0,"Temp I/O Write Time":0.0}]},{"Node Type":"Hash","Parent Relationship":"Inner","Parallel Aware":false,"Async Capable":false,"Startup Cost":219.01,"Total Cost":219.01,"Plan Rows":10001,"Plan Width":8,"Actual Startup Time":3.083,"Actual Total Time":3.086,"Actual Rows":10000,"Actual Loops":1,"Output":["supplier.su_suppkey","supplier.su_nationkey"],"Hash Buckets":16384,"Original Hash Buckets":16384,"Hash Batches":1,"Original Hash Batches":1,"Peak Memory Usage":519,"Shared Hit Blocks":0,"Shared Read Blocks":0,"Shared Dirtied Blocks":0,"Shared Written Blocks":0,"Local Hit Blocks":0,"Local Read Blocks":0,"Local Dirtied Blocks":0,"Local Written Blocks":0,"Temp Read Blocks":0,"Temp Written Blocks":0,"I/O Read Time":0.0,"I/O Write Time":0.0,"Temp I/O Read Time":0.0,"Temp I/O Write Time":0.0,"Plans":[{"Node Type":"Append","Parent Relationship":"Outer","Parallel Aware":false,"Async Capable":false,"Startup Cost":20.0,"Total Cost":219.01,"Plan Rows":10001,"Plan Width":8,"Actual Startup Time":0.013,"Actual Total Time":1.784,"Actual Rows":10000,"Actual Loops":1,"Shared Hit Blocks":0,"Shared Read Blocks":0,"Shared Dirtied Blocks":0,"Shared Written Blocks":0,"Local Hit Blocks":0,"Local Read Blocks":0,"Local Dirtied Blocks":0,"Local Written Blocks":0,"Temp Read Blocks":0,"Temp Written Blocks":0,"I/O Read Time":0.0,"I/O Write Time":0.0,"Temp I/O Read Time":0.0,"Temp I/O Write Time":0.0,"Subplans Removed":0,"Plans":[{"Node Type":"Custom Scan","Parent Relationship":"Member","Custom Plan Provider":"columnar scan","Parallel Aware":false,"Async Capable":false,"Relation Name":"supplier","Schema":"public","Alias":"supplier","Startup Cost":20.0,"Total Cost":215.0,"Plan Rows":10000,"Plan Width":8,"Actual Startup Time":0.012,"Actual Total Time":1.079,"Actual Rows":10000,"Actual Loops":1,"Output":["supplier.su_suppkey","supplier.su_nationkey"],"Rows Removed by Columnar Filter":0,"Columnar cache search mode":"native","Shared Hit Blocks":0,"Shared Read Blocks":0,"Shared Dirtied Blocks":0,"Shared Written Blocks":0,"Local Hit Blocks":0,"Local Read Blocks":0,"Local Dirtied Blocks":0,"Local Written Blocks":0,"Temp Read Blocks":0,"Temp Written Blocks":0,"I/O Read Time":0.0,"I/O Write Time":0.0,"Temp I/O Read Time":0.0,"Temp I/O Write Time":0.0},{"Node Type":"Seq Scan","Parent Relationship":"Member","Parallel Aware":false,"Async Capable":false,"Relation Name":"supplier","Schema":"public","Alias":"supplier","Startup Cost":0.0,"Total Cost":4.01,"Plan Rows":1,"Plan Width":8,"Actual Startup Time":0.0,"Actual Total Time":0.0,"Actual Rows":0,"Actual Loops":0,"Output":["supplier.su_suppkey","supplier.su_nationkey"],"Shared Hit Blocks":0,"Shared Read Blocks":0,"Shared Dirtied Blocks":0,"Shared Written Blocks":0,"Local Hit Blocks":0,"Local Read Blocks":0,"Local Dirtied Blocks":0,"Local Written Blocks":0,"Temp Read Blocks":0,"Temp Written Blocks":0,"I/O Read Time":0.0,"I/O Write Time":0.0,"Temp I/O Read Time":0.0,"Temp I/O Write Time":0.0}]}]}]}]}]}]},"Planning":{"Shared Hit Blocks":16,"Shared Read Blocks":0,"Shared Dirtied Blocks":0,"Shared Written Blocks":0,"Local Hit Blocks":0,"Local Read Blocks":0,"Local Dirtied Blocks":0,"Local Written Blocks":0,"Temp Read Blocks":0,"Temp Written Blocks":0,"I/O Read Time":0.0,"I/O Write Time":0.0,"Temp I/O Read Time":0.0,"Temp I/O Write Time":0.0},"Planning Time":5.091,"Triggers":[],"Execution Time":10306.265}]
[列存组合]: customer, nation, order_line, stock, supplier
[{"Plan":{"Node Type":"Sort","Parallel Aware":false,"Async Capable":false,"Startup Cost":1194831.76,"Total Cost":1194831.91,"Plan Rows":62,"Plan Width":40,"Actual Startup Time":5229.598,"Actual Total Time":5229.634,"Actual Rows":11,"Actual Loops":1,"Output":["nation.n_name","(sum(order_line.ol_amount))"],"Sort Key":["(sum(order_line.ol_amount)) DESC"],"Sort Method":"quicksort","Sort Space Used":25,"Sort Space Type":"Memory","Shared Hit Blocks":22060,"Shared Read Blocks":0,"Shared Dirtied Blocks":0,"Shared Written Blocks":0,"Local Hit Blocks":0,"Local Read Blocks":0,"Local Dirtied Blocks":0,"Local Written Blocks":0,"Temp Read Blocks":31471,"Temp Written Blocks":31471,"I/O Read Time":0.0,"I/O Write Time":0.0,"Temp I/O Read Time":50.571,"Temp I/O Write Time":136.22,"Plans":[{"Node Type":"Aggregate","Strategy":"Sorted","Partial Mode":"Simple","Parent Relationship":"Outer","Parallel Aware":false,"Async Capable":false,"Startup Cost":1194755.97,"Total Cost":1194829.91,"Plan Rows":62,"Plan Width":40,"Actual Startup Time":5226.773,"Actual Total Time":5229.618,"Actual Rows":11,"Actual Loops":1,"Output":["nation.n_name","sum(order_line.ol_amount)"],"Group Key":["nation.n_name"],"Shared Hit Blocks":22060,"Shared Read Blocks":0,"Shared Dirtied Blocks":0,"Shared Written Blocks":0,"Local Hit Blocks":0,"Local Read Blocks":0,"Local Dirtied Blocks":0,"Local Written Blocks":0,"Temp Read Blocks":31471,"Temp Written Blocks":31471,"I/O Read Time":0.0,"I/O Write Time":0.0,"Temp I/O Read Time":50.571,"Temp I/O Write Time":136.22,"Plans":[{"Node Type":"Sort","Parent Relationship":"Outer","Parallel Aware":false,"Async Capable":false,"Startup Cost":1194755.97,"Total Cost":1194780.36,"Plan Rows":9755,"Plan Width":12,"Actual Startup Time":5226.558,"Actual Total Time":5227.346,"Actual Rows":17493,"Actual Loops":1,"Output":["nation.n_name","order_line.ol_amount"],"Sort Key":["nation.n_name"],"Sort Method":"quicksort","Sort Space Used":1725,"Sort Space Type":"Memory","Shared Hit Blocks":22060,"Shared Read Blocks":0,"Shared Dirtied Blocks":0,"Shared Written Blocks":0,"Local Hit Blocks":0,"Local Read Blocks":0,"Local Dirtied Blocks":0,"Local Written Blocks":0,"Temp Read Blocks":31471,"Temp Written Blocks":31471,"I/O Read Time":0.0,"I/O Write Time":0.0,"Temp I/O Read Time":50.571,"Temp I/O Write Time":136.22,"Plans":[{"Node Type":"Hash Join","Parent Relationship":"Outer","Parallel Aware":false,"Async Capable":false,"Join Type":"Inner","Startup Cost":435302.41,"Total Cost":1194109.61,"Plan Rows":9755,"Plan Width":12,"Actual Startup Time":2133.655,"Actual Total Time":5218.018,"Actual Rows":17493,"Actual Loops":1,"Output":["nation.n_name","order_line.ol_amount"],"Hash Cond":"((orders.o_c_id = customer.c_id) AND (orders.o_w_id = customer.c_w_id) AND (orders.o_d_id = customer.c_d_id) AND (supplier.su_nationkey = customer.c_nationkey))","Shared Hit Blocks":22060,"Shared Read Blocks":0,"Shared Dirtied Blocks":0,"Shared Written Blocks":0,"Local Hit Blocks":0,"Local Read Blocks":0,"Local Dirtied Blocks":0,"Local Written Blocks":0,"Temp Read Blocks":31471,"Temp Written Blocks":31471,"I/O Read Time":0.0,"I/O Write Time":0.0,"Temp I/O Read Time":50.571,"Temp I/O Write Time":136.22,"Plans":[{"Node Type":"Hash Join","Parent Relationship":"Outer","Parallel Aware":false,"Async Capable":false,"Join Type":"Inner","Startup Cost":106148.48,"Total Cost":834558.76,"Plan Rows":602754,"Plan Width":34,"Actual Startup Time":914.99,"Actual Total Time":3219.369,"Actual Rows":1489124,"Actual Loops":1,"Output":["orders.o_c_id","orders.o_w_id","orders.o_d_id","order_line.ol_amount","order_line.ol_w_id","order_line.ol_d_id","stock.s_w_id","supplier.su_nationkey","nation.n_name","nation.n_nationkey"],"Hash Cond":"((order_line.ol_w_id = orders.o_w_id) AND (order_line.ol_d_id = orders.o_d_id) AND (order_line.ol_o_id = orders.o_id))","Shared Hit Blocks":22060,"Shared Read Blocks":0,"Shared Dirtied Blocks":0,"Shared Written Blocks":0,"Local Hit Blocks":0,"Local Read Blocks":0,"Local Dirtied Blocks":0,"Local Written Blocks":0,"Temp Read Blocks":9894,"Temp Written Blocks":9894,"I/O Read Time":0.0,"I/O Write Time":0.0,"Temp I/O Read Time":16.321,"Temp I/O Write Time":42.371,"Plans":[{"Node Type":"Hash Join","Parent Relationship":"Outer","Parallel Aware":false,"Async Capable":false,"Join Type":"Inner","Startup Cost":29541.89,"Total Cost":656157.64,"Plan Rows":4242986,"Plan Width":34,"Actual Startup Time":589.84,"Actual Total Time":2176.397,"Actual Rows":1498118,"Actual Loops":1,"Output":["order_line.ol_amount","order_line.ol_o_id","order_line.ol_w_id","order_line.ol_d_id","stock.s_w_id","supplier.su_nationkey","nation.n_name","nation.n_nationkey"],"Hash Cond":"(mod((stock.s_w_id * stock.s_i_id), 10000) = supplier.su_suppkey)","Shared Hit Blocks":1,"Shared Read Blocks":0,"Shared Dirtied Blocks":0,"Shared Written Blocks":0,"Local Hit Blocks":0,"Local Read Blocks":0,"Local Dirtied Blocks":0,"Local Written Blocks":0,"Temp Read Blocks":0,"Temp Written Blocks":0,"I/O Read Time":0.0,"I/O Write Time":0.0,"Temp I/O Read Time":0.0,"Temp I/O Write Time":0.0,"Plans":[{"Node Type":"Hash Join","Parent Relationship":"Outer","Parallel Aware":false,"Async Capable":false,"Join Type":"Inner","Startup Cost":29323.02,"Total Cost":480915.59,"Plan Rows":21214932,"Plan Width":22,"Actual Startup Time":585.774,"Actual Total Time":1502.939,"Actual Rows":4311079,"Actual Loops":1,"Output":["order_line.ol_amount","order_line.ol_o_id","order_line.ol_w_id","order_line.ol_d_id","stock.s_w_id","stock.s_i_id"],"Hash Cond":"((order_line.ol_w_id = stock.s_w_id) AND (order_line.ol_i_id = stock.s_i_id))","Rows Removed by Bloom Filter":0,"Shared Hit Blocks":0,"Shared Read Blocks":0,"Shared Dirtied Blocks":0,"Shared Written Blocks":0,"Local Hit Blocks":0,"Local Read Blocks":0,"Local Dirtied Blocks":0,"Local Written Blocks":0,"Temp Read Blocks":0,"Temp Written Blocks":0,"I/O Read Time":0.0,"I/O Write Time":0.0,"Temp I/O Read Time":0.0,"Temp I/O Write Time":0.0,"Plans":[{"Node Type":"Append","Parent Relationship":"Outer","Parallel Aware":false,"Async Capable":false,"Startup Cost":20.0,"Total Cost":533646.5,"Plan Rows":20926367,"Plan Width":20,"Actual Startup Time":123.651,"Actual Total Time":123.658,"Actual Rows":4311079,"Actual Loops":1,"Shared Hit Blocks":0,"Shared Read Blocks":0,"Shared Dirtied Blocks":0,"Shared Written Blocks":0,"Local Hit Blocks":0,"Local Read Blocks":0,"Local Dirtied Blocks":0,"Local Written Blocks":0,"Temp Read Blocks":0,"Temp Written Blocks":0,"I/O Read Time":0.0,"I/O Write Time":0.0,"Temp I/O Read Time":0.0,"Temp I/O Write Time":0.0,"Subplans Removed":0,"Plans":[{"Node Type":"Custom Scan","Parent Relationship":"Member","Custom Plan Provider":"columnar scan","Parallel Aware":false,"Async Capable":false,"Relation Name":"order_line","Schema":"public","Alias":"order_line","Startup Cost":20.0,"Total Cost":533641.75,"Plan Rows":20926325,"Plan Width":20,"Actual Startup Time":123.65,"Actual Total Time":123.652,"Actual Rows":4311079,"Actual Loops":1,"Output":["order_line.ol_amount","order_line.ol_o_id","order_line.ol_w_id","order_line.ol_d_id","order_line.ol_i_id"],"Filter":"(order_line.ol_delivery_d >= '1992-01-02 20:10:02.27764'::timestamp without time zone)","Rows Removed by Filter":0,"Rows Removed by Columnar Filter":25686653,"Rows Filtered by Bloom Filter":0,"Dictionary Rows Filtered by Bloom Filter":25686653,"Columnar cache search mode":"native","Shared Hit Blocks":0,"Shared Read Blocks":0,"Shared Dirtied Blocks":0,"Shared Written Blocks":0,"Local Hit Blocks":0,"Local Read Blocks":0,"Local Dirtied Blocks":0,"Local Written Blocks":0,"Temp Read Blocks":0,"Temp Written Blocks":0,"I/O Read Time":0.0,"I/O Write Time":0.0,"Temp I/O Read Time":0.0,"Temp I/O Write Time":0.0},{"Node Type":"Seq Scan","Parent Relationship":"Member","Parallel Aware":false,"Async Capable":false,"Relation Name":"order_line","Schema":"public","Alias":"order_line","Startup Cost":0.0,"Total Cost":4.75,"Plan Rows":42,"Plan Width":20,"Actual Startup Time":0.0,"Actual Total Time":0.0,"Actual Rows":0,"Actual Loops":0,"Output":["order_line.ol_amount","order_line.ol_o_id","order_line.ol_w_id","order_line.ol_d_id","order_line.ol_i_id"],"Filter":"(order_line.ol_delivery_d >= '1992-01-02 20:10:02.27764'::timestamp without time zone)","Rows Removed by Filter":0,"Shared Hit Blocks":0,"Shared Read Blocks":0,"Shared Dirtied Blocks":0,"Shared Written Blocks":0,"Local Hit Blocks":0,"Local Read Blocks":0,"Local Dirtied Blocks":0,"Local Written Blocks":0,"Temp Read Blocks":0,"Temp Written Blocks":0,"I/O Read Time":0.0,"I/O Write Time":0.0,"Temp I/O Read Time":0.0,"Temp I/O Write Time":0.0}]},{"Node Type":"Hash","Parent Relationship":"Inner","Parallel Aware":false,"Async Capable":false,"Startup Cost":195025.67,"Total Cost":195025.67,"Plan Rows":10000162,"Plan Width":6,"Actual Rows":10000000,"Actual Loops":1,"Output":["stock.s_w_id","stock.s_i_id"],"Shared Hit Blocks":0,"Shared Read Blocks":0,"Shared Dirtied Blocks":0,"Shared Written Blocks":0,"Local Hit Blocks":0,"Local Read Blocks":0,"Local Dirtied Blocks":0,"Local Written Blocks":0,"Temp Read Blocks":0,"Temp Written Blocks":0,"I/O Read Time":0.0,"I/O Write Time":0.0,"Temp I/O Read Time":0.0,"Temp I/O Write Time":0.0,"Plans":[{"Node Type":"Append","Parent Relationship":"Outer","Parallel Aware":false,"Async Capable":false,"Startup Cost":20.0,"Total Cost":195025.67,"Plan Rows":10000162,"Plan Width":6,"Actual Startup Time":0.247,"Actual Total Time":0.25,"Actual Rows":10000000,"Actual Loops":1,"Shared Hit Blocks":0,"Shared Read Blocks":0,"Shared Dirtied Blocks":0,"Shared Written Blocks":0,"Local Hit Blocks":0,"Local Read Blocks":0,"Local Dirtied Blocks":0,"Local Written Blocks":0,"Temp Read Blocks":0,"Temp Written Blocks":0,"I/O Read Time":0.0,"I/O Write Time":0.0,"Temp I/O Read Time":0.0,"Temp I/O Write Time":0.0,"Subplans Removed":0,"Plans":[{"Node Type":"Custom Scan","Parent Relationship":"Member","Custom Plan Provider":"columnar scan","Parallel Aware":false,"Async Capable":false,"Relation Name":"stock","Schema":"public","Alias":"stock","Startup Cost":20.0,"Total Cost":195020.05,"Plan Rows":10000000,"Plan Width":6,"Actual Startup Time":0.247,"Actual Total Time":0.247,"Actual Rows":10000000,"Actual Loops":1,"Output":["stock.s_w_id","stock.s_i_id"],"Rows Removed by Columnar Filter":0,"Columnar cache search mode":"native","Shared Hit Blocks":0,"Shared Read Blocks":0,"Shared Dirtied Blocks":0,"Shared Written Blocks":0,"Local Hit Blocks":0,"Local Read Blocks":0,"Local Dirtied Blocks":0,"Local Written Blocks":0,"Temp Read Blocks":0,"Temp Written Blocks":0,"I/O Read Time":0.0,"I/O Write Time":0.0,"Temp I/O Read Time":0.0,"Temp I/O Write Time":0.0},{"Node Type":"Seq Scan","Parent Relationship":"Member","Parallel Aware":false,"Async Capable":false,"Relation Name":"stock","Schema":"public","Alias":"stock","Startup Cost":0.0,"Total Cost":5.62,"Plan Rows":162,"Plan Width":6,"Actual Startup Time":0.0,"Actual Total Time":0.0,"Actual Rows":0,"Actual Loops":0,"Output":["stock.s_w_id","stock.s_i_id"],"Shared Hit Blocks":0,"Shared Read Blocks":0,"Shared Dirtied Blocks":0,"Shared Written Blocks":0,"Local Hit Blocks":0,"Local Read Blocks":0,"Local Dirtied Blocks":0,"Local Written Blocks":0,"Temp Read Blocks":0,"Temp Written Blocks":0,"I/O Read Time":0.0,"I/O Write Time":0.0,"Temp I/O Read Time":0.0,"Temp I/O Write Time":0.0}]}]}]},{"Node Type":"Hash","Parent Relationship":"Inner","Parallel Aware":false,"Async Capable":false,"Startup Cost":193.87,"Total Cost":193.87,"Plan Rows":2000,"Plan Width":20,"Actual Startup Time":4.019,"Actual Total Time":4.034,"Actual Rows":3506,"Actual Loops":1,"Output":["supplier.su_suppkey","supplier.su_nationkey","nation.n_name","nation.n_nationkey"],"Hash Buckets":4096,"Original Hash Buckets":2048,"Hash Batches":1,"Original Hash Batches":1,"Peak Memory Usage":217,"Shared Hit Blocks":1,"Shared Read Blocks":0,"Shared Dirtied Blocks":0,"Shared Written Blocks":0,"Local Hit Blocks":0,"Local Read Blocks":0,"Local Dirtied Blocks":0,"Local Written Blocks":0,"Temp Read Blocks":0,"Temp Written Blocks":0,"I/O Read Time":0.0,"I/O Write Time":0.0,"Temp I/O Read Time":0.0,"Temp I/O Write Time":0.0,"Plans":[{"Node Type":"Hash Join","Parent Relationship":"Outer","Parallel Aware":false,"Async Capable":false,"Join Type":"Inner","Startup Cost":25.24,"Total Cost":193.87,"Plan Rows":2000,"Plan Width":20,"Actual Startup Time":1.786,"Actual Total Time":3.465,"Actual Rows":3506,"Actual Loops":1,"Output":["supplier.su_suppkey","supplier.su_nationkey","nation.n_name","nation.n_nationkey"],"Hash Cond":"(nation.n_regionkey = region.r_regionkey)","Shared Hit Blocks":1,"Shared Read Blocks":0,"Shared Dirtied Blocks":0,"Shared Written Blocks":0,"Local Hit Blocks":0,"Local Read Blocks":0,"Local Dirtied Blocks":0,"Local Written Blocks":0,"Temp Read Blocks":0,"Temp Written Blocks":0,"I/O Read Time":0.0,"I/O Write Time":0.0,"Temp I/O Read Time":0.0,"Temp I/O Write Time":0.0,"Plans":[{"Node Type":"Hash Join","Parent Relationship":"Outer","Parallel Aware":false,"Async Capable":false,"Join Type":"Inner","Startup Cost":24.16,"Total Cost":144.29,"Plan Rows":10000,"Plan Width":24,"Actual Startup Time":1.757,"Actual Total Time":2.394,"Actual Rows":10000,"Actual Loops":1,"Output":["supplier.su_suppkey","supplier.su_nationkey","nation.n_name","nation.n_nationkey","nation.n_regionkey"],"Hash Cond":"(supplier.su_nationkey = nation.n_nationkey)","Rows Removed by Bloom Filter":0,"Shared Hit Blocks":0,"Shared Read Blocks":0,"Shared Dirtied Blocks":0,"Shared Written Blocks":0,"Local Hit Blocks":0,"Local Read Blocks":0,"Local Dirtied Blocks":0,"Local Written Blocks":0,"Temp Read Blocks":0,"Temp Written Blocks":0,"I/O Read Time":0.0,"I/O Write Time":0.0,"Temp I/O Read Time":0.0,"Temp I/O Write Time":0.0,"Plans":[{"Node Type":"Append","Parent Relationship":"Outer","Parallel Aware":false,"Async Capable":false,"Startup Cost":20.0,"Total Cost":219.01,"Plan Rows":10001,"Plan Width":8,"Actual Startup Time":0.008,"Actual Total Time":0.011,"Actual Rows":10000,"Actual Loops":1,"Shared Hit Blocks":0,"Shared Read Blocks":0,"Shared Dirtied Blocks":0,"Shared Written Blocks":0,"Local Hit Blocks":0,"Local Read Blocks":0,"Local Dirtied Blocks":0,"Local Written Blocks":0,"Temp Read Blocks":0,"Temp Written Blocks":0,"I/O Read Time":0.0,"I/O Write Time":0.0,"Temp I/O Read Time":0.0,"Temp I/O Write Time":0.0,"Subplans Removed":0,"Plans":[{"Node Type":"Custom Scan","Parent Relationship":"Member","Custom Plan Provider":"columnar scan","Parallel Aware":false,"Async Capable":false,"Relation Name":"supplier","Schema":"public","Alias":"supplier","Startup Cost":20.0,"Total Cost":215.0,"Plan Rows":10000,"Plan Width":8,"Actual Startup Time":0.007,"Actual Total Time":0.009,"Actual Rows":10000,"Actual Loops":1,"Output":["supplier.su_suppkey","supplier.su_nationkey"],"Rows Removed by Columnar Filter":0,"Columnar cache search mode":"native","Shared Hit Blocks":0,"Shared Read Blocks":0,"Shared Dirtied Blocks":0,"Shared Written Blocks":0,"Local Hit Blocks":0,"Local Read Blocks":0,"Local Dirtied Blocks":0,"Local Written Blocks":0,"Temp Read Blocks":0,"Temp Written Blocks":0,"I/O Read Time":0.0,"I/O Write Time":0.0,"Temp I/O Read Time":0.0,"Temp I/O Write Time":0.0},{"Node Type":"Seq Scan","Parent Relationship":"Member","Parallel Aware":false,"Async Capable":false,"Relation Name":"supplier","Schema":"public","Alias":"supplier","Startup Cost":0.0,"Total Cost":4.01,"Plan Rows":1,"Plan Width":8,"Actual Startup Time":0.0,"Actual Total Time":0.0,"Actual Rows":0,"Actual Loops":0,"Output":["supplier.su_suppkey","supplier.su_nationkey"],"Shared Hit Blocks":0,"Shared Read Blocks":0,"Shared Dirtied Blocks":0,"Shared Written Blocks":0,"Local Hit Blocks":0,"Local Read Blocks":0,"Local Dirtied Blocks":0,"Local Written Blocks":0,"Temp Read Blocks":0,"Temp Written Blocks":0,"I/O Read Time":0.0,"I/O Write Time":0.0,"Temp I/O Read Time":0.0,"Temp I/O Write Time":0.0}]},{"Node Type":"Hash","Parent Relationship":"Inner","Parallel Aware":false,"Async Capable":false,"Startup Cost":25.34,"Total Cost":25.34,"Plan Rows":63,"Plan Width":16,"Actual Rows":62,"Actual Loops":1,"Output":["nation.n_name","nation.n_nationkey","nation.n_regionkey"],"Shared Hit Blocks":0,"Shared Read Blocks":0,"Shared Dirtied Blocks":0,"Shared Written Blocks":0,"Local Hit Blocks":0,"Local Read Blocks":0,"Local Dirtied Blocks":0,"Local Written Blocks":0,"Temp Read Blocks":0,"Temp Written Blocks":0,"I/O Read Time":0.0,"I/O Write Time":0.0,"Temp I/O Read Time":0.0,"Temp I/O Write Time":0.0,"Plans":[{"Node Type":"Append","Parent Relationship":"Outer","Parallel Aware":false,"Async Capable":false,"Startup Cost":20.0,"Total Cost":25.34,"Plan Rows":63,"Plan Width":16,"Actual Startup Time":0.024,"Actual Total Time":0.026,"Actual Rows":62,"Actual Loops":1,"Shared Hit Blocks":0,"Shared Read Blocks":0,"Shared Dirtied Blocks":0,"Shared Written Blocks":0,"Local Hit Blocks":0,"Local Read Blocks":0,"Local Dirtied Blocks":0,"Local Written Blocks":0,"Temp Read Blocks":0,"Temp Written Blocks":0,"I/O Read Time":0.0,"I/O Write Time":0.0,"Temp I/O Read Time":0.0,"Temp I/O Write Time":0.0,"Subplans Removed":0,"Plans":[{"Node Type":"Custom Scan","Parent Relationship":"Member","Custom Plan Provider":"columnar scan","Parallel Aware":false,"Async Capable":false,"Relation Name":"nation","Schema":"public","Alias":"nation","Startup Cost":20.0,"Total Cost":21.33,"Plan Rows":62,"Plan Width":16,"Actual Startup Time":0.022,"Actual Total Time":0.022,"Actual Rows":62,"Actual Loops":1,"Output":["nation.n_name","nation.n_nationkey","nation.n_regionkey"],"Rows Removed by Columnar Filter":0,"Columnar cache search mode":"native","Shared Hit Blocks":0,"Shared Read Blocks":0,"Shared Dirtied Blocks":0,"Shared Written Blocks":0,"Local Hit Blocks":0,"Local Read Blocks":0,"Local Dirtied Blocks":0,"Local Written Blocks":0,"Temp Read Blocks":0,"Temp Written Blocks":0,"I/O Read Time":0.0,"I/O Write Time":0.0,"Temp I/O Read Time":0.0,"Temp I/O Write Time":0.0},{"Node Type":"Seq Scan","Parent Relationship":"Member","Parallel Aware":false,"Async Capable":false,"Relation Name":"nation","Schema":"public","Alias":"nation","Startup Cost":0.0,"Total Cost":4.01,"Plan Rows":1,"Plan Width":16,"Actual Startup Time":0.0,"Actual Total Time":0.0,"Actual Rows":0,"Actual Loops":0,"Output":["nation.n_name","nation.n_nationkey","nation.n_regionkey"],"Shared Hit Blocks":0,"Shared Read Blocks":0,"Shared Dirtied Blocks":0,"Shared Written Blocks":0,"Local Hit Blocks":0,"Local Read Blocks":0,"Local Dirtied Blocks":0,"Local Written Blocks":0,"Temp Read Blocks":0,"Temp Written Blocks":0,"I/O Read Time":0.0,"I/O Write Time":0.0,"Temp I/O Read Time":0.0,"Temp I/O Write Time":0.0}]}]}]},{"Node Type":"Hash","Parent Relationship":"Inner","Parallel Aware":false,"Async Capable":false,"Startup Cost":1.06,"Total Cost":1.06,"Plan Rows":1,"Plan Width":4,"Actual Startup Time":0.018,"Actual Total Time":0.019,"Actual Rows":1,"Actual Loops":1,"Output":["region.r_regionkey"],"Hash Buckets":1024,"Original Hash Buckets":1024,"Hash Batches":1,"Original Hash Batches":1,"Peak Memory Usage":9,"Shared Hit Blocks":1,"Shared Read Blocks":0,"Shared Dirtied Blocks":0,"Shared Written Blocks":0,"Local Hit Blocks":0,"Local Read Blocks":0,"Local Dirtied Blocks":0,"Local Written Blocks":0,"Temp Read Blocks":0,"Temp Written Blocks":0,"I/O Read Time":0.0,"I/O Write Time":0.0,"Temp I/O Read Time":0.0,"Temp I/O Write Time":0.0,"Plans":[{"Node Type":"Seq Scan","Parent Relationship":"Outer","Parallel Aware":false,"Async Capable":false,"Relation Name":"region","Schema":"public","Alias":"region","Startup Cost":0.0,"Total Cost":1.06,"Plan Rows":1,"Plan Width":4,"Actual Startup Time":0.014,"Actual Total Time":0.015,"Actual Rows":1,"Actual Loops":1,"Output":["region.r_regionkey"],"Filter":"((region.r_name)::text = 'Europe'::text)","Rows Removed by Filter":4,"Shared Hit Blocks":1,"Shared Read Blocks":0,"Shared Dirtied Blocks":0,"Shared Written Blocks":0,"Local Hit Blocks":0,"Local Read Blocks":0,"Local Dirtied Blocks":0,"Local Written Blocks":0,"Temp Read Blocks":0,"Temp Written Blocks":0,"I/O Read Time":0.0,"I/O Write Time":0.0,"Temp I/O Read Time":0.0,"Temp I/O Write Time":0.0}]}]}]}]},{"Node Type":"Hash","Parent Relationship":"Inner","Parallel Aware":false,"Async Capable":false,"Startup Cost":67059.0,"Total Cost":67059.0,"Plan Rows":426548,"Plan Width":16,"Actual Startup Time":323.524,"Actual Total Time":323.525,"Actual Rows":428399,"Actual Loops":1,"Output":["orders.o_c_id","orders.o_w_id","orders.o_d_id","orders.o_id"],"Hash Buckets":262144,"Original Hash Buckets":262144,"Hash Batches":4,"Original Hash Batches":4,"Peak Memory Usage":7080,"Shared Hit Blocks":22059,"Shared Read Blocks":0,"Shared Dirtied Blocks":0,"Shared Written Blocks":0,"Local Hit Blocks":0,"Local Read Blocks":0,"Local Dirtied Blocks":0,"Local Written Blocks":0,"Temp Read Blocks":0,"Temp Written Blocks":1410,"I/O Read Time":0.0,"I/O Write Time":0.0,"Temp I/O Read Time":0.0,"Temp I/O Write Time":6.338,"Plans":[{"Node Type":"Seq Scan","Parent Relationship":"Outer","Parallel Aware":false,"Async Capable":false,"Relation Name":"orders","Schema":"public","Alias":"orders","Startup Cost":0.0,"Total Cost":67059.0,"Plan Rows":426548,"Plan Width":16,"Actual Startup Time":0.778,"Actual Total Time":221.786,"Actual Rows":428399,"Actual Loops":1,"Output":["orders.o_c_id","orders.o_w_id","orders.o_d_id","orders.o_id"],"Filter":"((orders.o_entry_d >= '1993-01-02 20:10:02.27764'::timestamp without time zone) AND (orders.o_entry_d < '1994-01-02 20:10:02.27764'::timestamp without time zone))","Rows Removed by Filter":2571601,"Shared Hit Blocks":22059,"Shared Read Blocks":0,"Shared Dirtied Blocks":0,"Shared Written Blocks":0,"Local Hit Blocks":0,"Local Read Blocks":0,"Local Dirtied Blocks":0,"Local Written Blocks":0,"Temp Read Blocks":0,"Temp Written Blocks":0,"I/O Read Time":0.0,"I/O Write Time":0.0,"Temp I/O Read Time":0.0,"Temp I/O Write Time":0.0}]}]},{"Node Type":"Hash","Parent Relationship":"Inner","Parallel Aware":false,"Async Capable":false,"Startup Cost":254511.16,"Total Cost":254511.16,"Plan Rows":2999739,"Plan Width":12,"Actual Startup Time":1210.0,"Actual Total Time":1210.003,"Actual Rows":3000000,"Actual Loops":1,"Output":["customer.c_id","customer.c_w_id","customer.c_d_id","customer.c_nationkey"],"Hash Buckets":262144,"Original Hash Buckets":262144,"Hash Batches":32,"Original Hash Batches":32,"Peak Memory Usage":6058,"Shared Hit Blocks":0,"Shared Read Blocks":0,"Shared Dirtied Blocks":0,"Shared Written Blocks":0,"Local Hit Blocks":0,"Local Read Blocks":0,"Local Dirtied Blocks":0,"Local Written Blocks":0,"Temp Read Blocks":0,"Temp Written Blocks":11339,"I/O Read Time":0.0,"I/O Write Time":0.0,"Temp I/O Read Time":0.0,"Temp I/O Write Time":48.115,"Plans":[{"Node Type":"Append","Parent Relationship":"Outer","Parallel Aware":false,"Async Capable":false,"Startup Cost":20.0,"Total Cost":254511.16,"Plan Rows":2999739,"Plan Width":12,"Actual Startup Time":0.022,"Actual Total Time":657.724,"Actual Rows":3000000,"Actual Loops":1,"Shared Hit Blocks":0,"Shared Read Blocks":0,"Shared Dirtied Blocks":0,"Shared Written Blocks":0,"Local Hit Blocks":0,"Local Read Blocks":0,"Local Dirtied Blocks":0,"Local Written Blocks":0,"Temp Read Blocks":0,"Temp Written Blocks":0,"I/O Read Time":0.0,"I/O Write Time":0.0,"Temp I/O Read Time":0.0,"Temp I/O Write Time":0.0,"Subplans Removed":0,"Plans":[{"Node Type":"Custom Scan","Parent Relationship":"Member","Custom Plan Provider":"columnar scan","Parallel Aware":false,"Async Capable":false,"Relation Name":"customer","Schema":"public","Alias":"customer","Startup Cost":20.0,"Total Cost":70513.87,"Plan Rows":2999738,"Plan Width":12,"Actual Startup Time":0.021,"Actual Total Time":446.426,"Actual Rows":3000000,"Actual Loops":1,"Output":["customer.c_id","customer.c_w_id","customer.c_d_id","customer.c_nationkey"],"Rows Removed by Columnar Filter":0,"Columnar cache search mode":"native","Shared Hit Blocks":0,"Shared Read Blocks":0,"Shared Dirtied Blocks":0,"Shared Written Blocks":0,"Local Hit Blocks":0,"Local Read Blocks":0,"Local Dirtied Blocks":0,"Local Written Blocks":0,"Temp Read Blocks":0,"Temp Written Blocks":0,"I/O Read Time":0.0,"I/O Write Time":0.0,"Temp I/O Read Time":0.0,"Temp I/O Write Time":0.0},{"Node Type":"Seq Scan","Parent Relationship":"Member","Parallel Aware":false,"Async Capable":false,"Relation Name":"customer","Schema":"public","Alias":"customer","Startup Cost":0.0,"Total Cost":4.01,"Plan Rows":1,"Plan Width":12,"Actual Startup Time":0.0,"Actual Total Time":0.0,"Actual Rows":0,"Actual Loops":0,"Output":["customer.c_id","customer.c_w_id","customer.c_d_id","customer.c_nationkey"],"Shared Hit Blocks":0,"Shared Read Blocks":0,"Shared Dirtied Blocks":0,"Shared Written Blocks":0,"Local Hit Blocks":0,"Local Read Blocks":0,"Local Dirtied Blocks":0,"Local Written Blocks":0,"Temp Read Blocks":0,"Temp Written Blocks":0,"I/O Read Time":0.0,"I/O Write Time":0.0,"Temp I/O Read Time":0.0,"Temp I/O Write Time":0.0}]}]}]}]}]}]},"Planning":{"Shared Hit Blocks":16,"Shared Read Blocks":0,"Shared Dirtied Blocks":0,"Shared Written Blocks":0,"Local Hit Blocks":0,"Local Read Blocks":0,"Local Dirtied Blocks":0,"Local Written Blocks":0,"Temp Read Blocks":0,"Temp Written Blocks":0,"I/O Read Time":0.0,"I/O Write Time":0.0,"Temp I/O Read Time":0.0,"Temp I/O Write Time":0.0},"Planning Time":5.986,"Triggers":[],"Execution Time":5230.783}]
[列存组合]: customer, nation, orders, region, stock
[{"Plan":{"Node Type":"Sort","Parallel Aware":false,"Async Capable":false,"Startup Cost":2010779.56,"Total Cost":2010779.72,"Plan Rows":62,"Plan Width":40,"Actual Startup Time":16577.627,"Actual Total Time":16577.653,"Actual Rows":11,"Actual Loops":1,"Output":["nation.n_name","(sum(order_line.ol_amount))"],"Sort Key":["(sum(order_line.ol_amount)) DESC"],"Sort Method":"quicksort","Sort Space Used":25,"Sort Space Type":"Memory","Shared Hit Blocks":368441,"Shared Read Blocks":0,"Shared Dirtied Blocks":0,"Shared Written Blocks":0,"Local Hit Blocks":0,"Local Read Blocks":0,"Local Dirtied Blocks":0,"Local Written Blocks":0,"Temp Read Blocks":129460,"Temp Written Blocks":129487,"I/O Read Time":0.0,"I/O Write Time":0.0,"Temp I/O Read Time":209.612,"Temp I/O Write Time":525.905,"Plans":[{"Node Type":"Aggregate","Strategy":"Sorted","Partial Mode":"Simple","Parent Relationship":"Outer","Parallel Aware":false,"Async Capable":false,"Startup Cost":2010703.78,"Total Cost":2010777.72,"Plan Rows":62,"Plan Width":40,"Actual Startup Time":16574.784,"Actual Total Time":16577.637,"Actual Rows":11,"Actual Loops":1,"Output":["nation.n_name","sum(order_line.ol_amount)"],"Group Key":["nation.n_name"],"Shared Hit Blocks":368441,"Shared Read Blocks":0,"Shared Dirtied Blocks":0,"Shared Written Blocks":0,"Local Hit Blocks":0,"Local Read Blocks":0,"Local Dirtied Blocks":0,"Local Written Blocks":0,"Temp Read Blocks":129460,"Temp Written Blocks":129487,"I/O Read Time":0.0,"I/O Write Time":0.0,"Temp I/O Read Time":209.612,"Temp I/O Write Time":525.905,"Plans":[{"Node Type":"Sort","Parent Relationship":"Outer","Parallel Aware":false,"Async Capable":false,"Startup Cost":2010703.78,"Total Cost":2010728.17,"Plan Rows":9755,"Plan Width":12,"Actual Startup Time":16574.569,"Actual Total Time":16575.376,"Actual Rows":17493,"Actual Loops":1,"Output":["nation.n_name","order_line.ol_amount"],"Sort Key":["nation.n_name"],"Sort Method":"quicksort","Sort Space Used":1725,"Sort Space Type":"Memory","Shared Hit Blocks":368441,"Shared Read Blocks":0,"Shared Dirtied Blocks":0,"Shared Written Blocks":0,"Local Hit Blocks":0,"Local Read Blocks":0,"Local Dirtied Blocks":0,"Local Written Blocks":0,"Temp Read Blocks":129460,"Temp Written Blocks":129487,"I/O Read Time":0.0,"I/O Write Time":0.0,"Temp I/O Read Time":209.612,"Temp I/O Write Time":525.905,"Plans":[{"Node Type":"Hash Join","Parent Relationship":"Outer","Parallel Aware":false,"Async Capable":false,"Join Type":"Inner","Startup Cost":1686560.5,"Total Cost":2010057.42,"Plan Rows":9755,"Plan Width":12,"Actual Startup Time":14741.212,"Actual Total Time":16565.523,"Actual Rows":17493,"Actual Loops":1,"Output":["nation.n_name","order_line.ol_amount"],"Inner Unique":true,"Hash Cond":"((mod((stock.s_w_id * stock.s_i_id), 10000) = supplier.su_suppkey) AND (customer.c_nationkey = supplier.su_nationkey))","Shared Hit Blocks":368441,"Shared Read Blocks":0,"Shared Dirtied Blocks":0,"Shared Written Blocks":0,"Local Hit Blocks":0,"Local Read Blocks":0,"Local Dirtied Blocks":0,"Local Written Blocks":0,"Temp Read Blocks":129460,"Temp Written Blocks":129487,"I/O Read Time":0.0,"I/O Write Time":0.0,"Temp I/O Read Time":209.612,"Temp I/O Write Time":525.905,"Plans":[{"Node Type":"Merge Join","Parent Relationship":"Outer","Parallel Aware":false,"Async Capable":false,"Join Type":"Inner","Startup Cost":1686093.5,"Total Cost":2006275.28,"Plan Rows":602749,"Plan Width":26,"Actual Startup Time":14738.124,"Actual Total Time":16421.25,"Actual Rows":1109507,"Actual Loops":1,"Output":["customer.c_nationkey","order_line.ol_amount","stock.s_w_id","stock.s_i_id","nation.n_name","nation.n_nationkey"],"Inner Unique":true,"Merge Cond":"((customer.c_w_id = stock.s_w_id) AND (order_line.ol_i_id = stock.s_i_id))","Shared Hit Blocks":368224,"Shared Read Blocks":0,"Shared Dirtied Blocks":0,"Shared Written Blocks":0,"Local Hit Blocks":0,"Local Read Blocks":0,"Local Dirtied Blocks":0,"Local Written Blocks":0,"Temp Read Blocks":129460,"Temp Written Blocks":129487,"I/O Read Time":0.0,"I/O Write Time":0.0,"Temp I/O Read Time":209.612,"Temp I/O Write Time":525.905,"Plans":[{"Node Type":"Sort","Parent Relationship":"Outer","Parallel Aware":false,"Async Capable":false,"Startup Cost":1686093.07,"Total Cost":1687580.75,"Plan Rows":595073,"Plan Width":30,"Actual Startup Time":14738.061,"Actual Total Time":14918.025,"Actual Rows":1109507,"Actual Loops":1,"Output":["customer.c_w_id","customer.c_nationkey","orders.o_w_id","order_line.ol_amount","order_line.ol_w_id","order_line.ol_i_id","nation.n_name","nation.n_nationkey"],"Sort Key":["customer.c_w_id","order_line.ol_i_id"],"Sort Method":"external merge","Sort Space Used":47304,"Sort Space Type":"Disk","Shared Hit Blocks":340886,"Shared Read Blocks":0,"Shared Dirtied Blocks":0,"Shared Written Blocks":0,"Local Hit Blocks":0,"Local Read Blocks":0,"Local Dirtied Blocks":0,"Local Written Blocks":0,"Temp Read Blocks":129460,"Temp Written Blocks":129487,"I/O Read Time":0.0,"I/O Write Time":0.0,"Temp I/O Read Time":209.612,"Temp I/O Write Time":525.905,"Plans":[{"Node Type":"Hash Join","Parent Relationship":"Outer","Parallel Aware":false,"Async Capable":false,"Join Type":"Inner","Startup Cost":396949.46,"Total Cost":1614779.51,"Plan Rows":595073,"Plan Width":30,"Actual Startup Time":1427.899,"Actual Total Time":13343.38,"Actual Rows":1109507,"Actual Loops":1,"Output":["customer.c_w_id","customer.c_nationkey","orders.o_w_id","order_line.ol_amount","order_line.ol_w_id","order_line.ol_i_id","nation.n_name","nation.n_nationkey"],"Inner Unique":false,"Hash Cond":"(customer.c_nationkey = nation.n_nationkey)","Shared Hit Blocks":340886,"Shared Read Blocks":0,"Shared Dirtied Blocks":0,"Shared Written Blocks":0,"Local Hit Blocks":0,"Local Read Blocks":0,"Local Dirtied Blocks":0,"Local Written Blocks":0,"Temp Read Blocks":117643,"Temp Written Blocks":117643,"I/O Read Time":0.0,"I/O Write Time":0.0,"Temp I/O Read Time":191.239,"Temp I/O Write Time":494.116,"Plans":[{"Node Type":"Hash Join","Parent Relationship":"Outer","Parallel Aware":false,"Async Capable":false,"Join Type":"Inner","Startup Cost":396946.31,"Total Cost":1597859.98,"Plan Rows":2975367,"Plan Width":18,"Actual Startup Time":1418.262,"Actual Total Time":12910.92,"Actual Rows":4284922,"Actual Loops":1,"Output":["customer.c_w_id","customer.c_nationkey","orders.o_w_id","order_line.ol_amount","order_line.ol_w_id","order_line.ol_i_id"],"Inner Unique":true,"Hash Cond":"((orders.o_c_id = customer.c_id) AND (orders.o_w_id = customer.c_w_id) AND (orders.o_d_id = customer.c_d_id))","Shared Hit Blocks":340884,"Shared Read Blocks":0,"Shared Dirtied Blocks":0,"Shared Written Blocks":0,"Local Hit Blocks":0,"Local Read Blocks":0,"Local Dirtied Blocks":0,"Local Written Blocks":0,"Temp Read Blocks":117643,"Temp Written Blocks":117643,"I/O Read Time":0.0,"I/O Write Time":0.0,"Temp I/O Read Time":191.239,"Temp I/O Write Time":494.116,"Plans":[{"Node Type":"Hash Join","Parent Relationship":"Outer","Parallel Aware":false,"Async Capable":false,"Join Type":"Inner","Startup Cost":75291.73,"Total Cost":1203258.36,"Plan Rows":2975367,"Plan Width":20,"Actual Startup Time":251.722,"Actual Total Time":9584.686,"Actual Rows":4284922,"Actual Loops":1,"Output":["orders.o_c_id","orders.o_w_id","orders.o_d_id","order_line.ol_amount","order_line.ol_w_id","order_line.ol_d_id","order_line.ol_i_id"],"Inner Unique":true,"Hash Cond":"((order_line.ol_w_id = orders.o_w_id) AND (order_line.ol_d_id = orders.o_d_id) AND (order_line.ol_o_id = orders.o_id))","Shared Hit Blocks":340884,"Shared Read Blocks":0,"Shared Dirtied Blocks":0,"Shared Written Blocks":0,"Local Hit Blocks":0,"Local Read Blocks":0,"Local Dirtied Blocks":0,"Local Written Blocks":0,"Temp Read Blocks":85996,"Temp Written Blocks":85996,"I/O Read Time":0.0,"I/O Write Time":0.0,"Temp I/O Read Time":139.774,"Temp I/O Write Time":347.489,"Plans":[{"Node Type":"Seq Scan","Parent Relationship":"Outer","Parallel Aware":false,"Async Capable":false,"Relation Name":"order_line","Schema":"public","Alias":"order_line","Startup Cost":0.0,"Total Cost":715856.4,"Plan Rows":20926367,"Plan Width":20,"Actual Startup Time":0.007,"Actual Total Time":3701.785,"Actual Rows":21002151,"Actual Loops":1,"Output":["order_line.ol_amount","order_line.ol_o_id","order_line.ol_w_id","order_line.ol_d_id","order_line.ol_i_id"],"Filter":"(order_line.ol_delivery_d >= '1992-01-02 20:10:02.27764'::timestamp without time zone)","Rows Removed by Filter":8995581,"Shared Hit Blocks":340884,"Shared Read Blocks":0,"Shared Dirtied Blocks":0,"Shared Written Blocks":0,"Local Hit Blocks":0,"Local Read Blocks":0,"Local Dirtied Blocks":0,"Local Written Blocks":0,"Temp Read Blocks":0,"Temp Written Blocks":0,"I/O Read Time":0.0,"I/O Write Time":0.0,"Temp I/O Read Time":0.0,"Temp I/O Write Time":0.0},{"Node Type":"Hash","Parent Relationship":"Inner","Parallel Aware":false,"Async Capable":false,"Startup Cost":65744.12,"Total Cost":65744.12,"Plan Rows":426549,"Plan Width":16,"Actual Startup Time":183.216,"Actual Total Time":183.223,"Actual Rows":428399,"Actual Loops":1,"Output":["orders.o_c_id","orders.o_w_id","orders.o_d_id","orders.o_id"],"Hash Buckets":262144,"Original Hash Buckets":262144,"Hash Batches":4,"Original Hash Batches":4,"Peak Memory Usage":7080,"Shared Hit Blocks":0,"Shared Read Blocks":0,"Shared Dirtied Blocks":0,"Shared Written Blocks":0,"Local Hit Blocks":0,"Local Read Blocks":0,"Local Dirtied Blocks":0,"Local Written Blocks":0,"Temp Read Blocks":0,"Temp Written Blocks":1410,"I/O Read Time":0.0,"I/O Write Time":0.0,"Temp I/O Read Time":0.0,"Temp I/O Write Time":6.035,"Plans":[{"Node Type":"Append","Parent Relationship":"Outer","Parallel Aware":false,"Async Capable":false,"Startup Cost":20.0,"Total Cost":65744.12,"Plan Rows":426549,"Plan Width":16,"Actual Startup Time":0.55,"Actual Total Time":103.581,"Actual Rows":428399,"Actual Loops":1,"Shared Hit Blocks":0,"Shared Read Blocks":0,"Shared Dirtied Blocks":0,"Shared Written Blocks":0,"Local Hit Blocks":0,"Local Read Blocks":0,"Local Dirtied Blocks":0,"Local Written Blocks":0,"Temp Read Blocks":0,"Temp Written Blocks":0,"I/O Read Time":0.0,"I/O Write Time":0.0,"Temp I/O Read Time":0.0,"Temp I/O Write Time":0.0,"Subplans Removed":0,"Plans":[{"Node Type":"Custom Scan","Parent Relationship":"Member","Custom Plan Provider":"columnar scan","Parallel Aware":false,"Async Capable":false,"Relation Name":"orders","Schema":"public","Alias":"orders","Startup Cost":20.0,"Total Cost":10043.96,"Plan Rows":426548,"Plan Width":16,"Actual Startup Time":0.548,"Actual Total Time":72.682,"Actual Rows":428399,"Actual Loops":1,"Output":["orders.o_c_id","orders.o_w_id","orders.o_d_id","orders.o_id"],"Filter":"((orders.o_entry_d < '1994-01-02 20:10:02.27764'::timestamp without time zone) AND (orders.o_entry_d >= '1993-01-02 20:10:02.27764'::timestamp without time zone))","Rows Removed by Filter":0,"Rows Removed by Columnar Filter":2571601,"Columnar cache search mode":"native","Shared Hit Blocks":0,"Shared Read Blocks":0,"Shared Dirtied Blocks":0,"Shared Written Blocks":0,"Local Hit Blocks":0,"Local Read Blocks":0,"Local Dirtied Blocks":0,"Local Written Blocks":0,"Temp Read Blocks":0,"Temp Written Blocks":0,"I/O Read Time":0.0,"I/O Write Time":0.0,"Temp I/O Read Time":0.0,"Temp I/O Write Time":0.0},{"Node Type":"Seq Scan","Parent Relationship":"Member","Parallel Aware":false,"Async Capable":false,"Relation Name":"orders","Schema":"public","Alias":"orders","Startup Cost":0.0,"Total Cost":4.01,"Plan Rows":1,"Plan Width":16,"Actual Startup Time":0.0,"Actual Total Time":0.0,"Actual Rows":0,"Actual Loops":0,"Output":["orders.o_c_id","orders.o_w_id","orders.o_d_id","orders.o_id"],"Filter":"((orders.o_entry_d < '1994-01-02 20:10:02.27764'::timestamp without time zone) AND (orders.o_entry_d >= '1993-01-02 20:10:02.27764'::timestamp without time zone))","Rows Removed by Filter":0,"Shared Hit Blocks":0,"Shared Read Blocks":0,"Shared Dirtied Blocks":0,"Shared Written Blocks":0,"Local Hit Blocks":0,"Local Read Blocks":0,"Local Dirtied Blocks":0,"Local Written Blocks":0,"Temp Read Blocks":0,"Temp Written Blocks":0,"I/O Read Time":0.0,"I/O Write Time":0.0,"Temp I/O Read Time":0.0,"Temp I/O Write Time":0.0}]}]}]},{"Node Type":"Hash","Parent Relationship":"Inner","Parallel Aware":false,"Async Capable":false,"Startup Cost":254511.16,"Total Cost":254511.16,"Plan Rows":2999739,"Plan Width":12,"Actual Startup Time":1164.017,"Actual Total Time":1164.021,"Actual Rows":3000000,"Actual Loops":1,"Output":["customer.c_id","customer.c_w_id","customer.c_d_id","customer.c_nationkey"],"Hash Buckets":262144,"Original Hash Buckets":262144,"Hash Batches":32,"Original Hash Batches":32,"Peak Memory Usage":6090,"Shared Hit Blocks":0,"Shared Read Blocks":0,"Shared Dirtied Blocks":0,"Shared Written Blocks":0,"Local Hit Blocks":0,"Local Read Blocks":0,"Local Dirtied Blocks":0,"Local Written Blocks":0,"Temp Read Blocks":0,"Temp Written Blocks":11335,"I/O Read Time":0.0,"I/O Write Time":0.0,"Temp I/O Read Time":0.0,"Temp I/O Write Time":50.807,"Plans":[{"Node Type":"Append","Parent Relationship":"Outer","Parallel Aware":false,"Async Capable":false,"Startup Cost":20.0,"Total Cost":254511.16,"Plan Rows":2999739,"Plan Width":12,"Actual Startup Time":0.017,"Actual Total Time":657.18,"Actual Rows":3000000,"Actual Loops":1,"Shared Hit Blocks":0,"Shared Read Blocks":0,"Shared Dirtied Blocks":0,"Shared Written Blocks":0,"Local Hit Blocks":0,"Local Read Blocks":0,"Local Dirtied Blocks":0,"Local Written Blocks":0,"Temp Read Blocks":0,"Temp Written Blocks":0,"I/O Read Time":0.0,"I/O Write Time":0.0,"Temp I/O Read Time":0.0,"Temp I/O Write Time":0.0,"Subplans Removed":0,"Plans":[{"Node Type":"Custom Scan","Parent Relationship":"Member","Custom Plan Provider":"columnar scan","Parallel Aware":false,"Async Capable":false,"Relation Name":"customer","Schema":"public","Alias":"customer","Startup Cost":20.0,"Total Cost":70513.87,"Plan Rows":2999738,"Plan Width":12,"Actual Startup Time":0.016,"Actual Total Time":447.403,"Actual Rows":3000000,"Actual Loops":1,"Output":["customer.c_id","customer.c_w_id","customer.c_d_id","customer.c_nationkey"],"Rows Removed by Columnar Filter":0,"Columnar cache search mode":"native","Shared Hit Blocks":0,"Shared Read Blocks":0,"Shared Dirtied Blocks":0,"Shared Written Blocks":0,"Local Hit Blocks":0,"Local Read Blocks":0,"Local Dirtied Blocks":0,"Local Written Blocks":0,"Temp Read Blocks":0,"Temp Written Blocks":0,"I/O Read Time":0.0,"I/O Write Time":0.0,"Temp I/O Read Time":0.0,"Temp I/O Write Time":0.0},{"Node Type":"Seq Scan","Parent Relationship":"Member","Parallel Aware":false,"Async Capable":false,"Relation Name":"customer","Schema":"public","Alias":"customer","Startup Cost":0.0,"Total Cost":4.01,"Plan Rows":1,"Plan Width":12,"Actual Startup Time":0.0,"Actual Total Time":0.0,"Actual Rows":0,"Actual Loops":0,"Output":["customer.c_id","customer.c_w_id","customer.c_d_id","customer.c_nationkey"],"Shared Hit Blocks":0,"Shared Read Blocks":0,"Shared Dirtied Blocks":0,"Shared Written Blocks":0,"Local Hit Blocks":0,"Local Read Blocks":0,"Local Dirtied Blocks":0,"Local Written Blocks":0,"Temp Read Blocks":0,"Temp Written Blocks":0,"I/O Read Time":0.0,"I/O Write Time":0.0,"Temp I/O Read Time":0.0,"Temp I/O Write Time":0.0}]}]}]},{"Node Type":"Hash","Parent Relationship":"Inner","Parallel Aware":false,"Async Capable":false,"Startup Cost":2.99,"Total Cost":2.99,"Plan Rows":12,"Plan Width":12,"Actual Startup Time":0.049,"Actual Total Time":0.054,"Actual Rows":22,"Actual Loops":1,"Output":["nation.n_name","nation.n_nationkey"],"Hash Buckets":1024,"Original Hash Buckets":1024,"Hash Batches":1,"Original Hash Batches":1,"Peak Memory Usage":9,"Shared Hit Blocks":2,"Shared Read Blocks":0,"Shared Dirtied Blocks":0,"Shared Written Blocks":0,"Local Hit Blocks":0,"Local Read Blocks":0,"Local Dirtied Blocks":0,"Local Written Blocks":0,"Temp Read Blocks":0,"Temp Written Blocks":0,"I/O Read Time":0.0,"I/O Write Time":0.0,"Temp I/O Read Time":0.0,"Temp I/O Write Time":0.0,"Plans":[{"Node Type":"Hash Join","Parent Relationship":"Outer","Parallel Aware":false,"Async Capable":false,"Join Type":"Inner","Startup Cost":1.07,"Total Cost":2.99,"Plan Rows":12,"Plan Width":12,"Actual Startup Time":0.032,"Actual Total Time":0.049,"Actual Rows":22,"Actual Loops":1,"Output":["nation.n_name","nation.n_nationkey"],"Inner Unique":true,"Hash Cond":"(nation.n_regionkey = region.r_regionkey)","Shared Hit Blocks":2,"Shared Read Blocks":0,"Shared Dirtied Blocks":0,"Shared Written Blocks":0,"Local Hit Blocks":0,"Local Read Blocks":0,"Local Dirtied Blocks":0,"Local Written Blocks":0,"Temp Read Blocks":0,"Temp Written Blocks":0,"I/O Read Time":0.0,"I/O Write Time":0.0,"Temp I/O Read Time":0.0,"Temp I/O Write Time":0.0,"Plans":[{"Node Type":"Seq Scan","Parent Relationship":"Outer","Parallel Aware":false,"Async Capable":false,"Relation Name":"nation","Schema":"public","Alias":"nation","Startup Cost":0.0,"Total Cost":1.62,"Plan Rows":62,"Plan Width":16,"Actual Startup Time":0.005,"Actual Total Time":0.009,"Actual Rows":62,"Actual Loops":1,"Output":["nation.n_nationkey","nation.n_name","nation.n_regionkey","nation.n_comment"],"Shared Hit Blocks":1,"Shared Read Blocks":0,"Shared Dirtied Blocks":0,"Shared Written Blocks":0,"Local Hit Blocks":0,"Local Read Blocks":0,"Local Dirtied Blocks":0,"Local Written Blocks":0,"Temp Read Blocks":0,"Temp Written Blocks":0,"I/O Read Time":0.0,"I/O Write Time":0.0,"Temp I/O Read Time":0.0,"Temp I/O Write Time":0.0},{"Node Type":"Hash","Parent Relationship":"Inner","Parallel Aware":false,"Async Capable":false,"Startup Cost":1.06,"Total Cost":1.06,"Plan Rows":1,"Plan Width":4,"Actual Startup Time":0.008,"Actual Total Time":0.01,"Actual Rows":1,"Actual Loops":1,"Output":["region.r_regionkey"],"Hash Buckets":1024,"Original Hash Buckets":1024,"Hash Batches":1,"Original Hash Batches":1,"Peak Memory Usage":9,"Shared Hit Blocks":1,"Shared Read Blocks":0,"Shared Dirtied Blocks":0,"Shared Written Blocks":0,"Local Hit Blocks":0,"Local Read Blocks":0,"Local Dirtied Blocks":0,"Local Written Blocks":0,"Temp Read Blocks":0,"Temp Written Blocks":0,"I/O Read Time":0.0,"I/O Write Time":0.0,"Temp I/O Read Time":0.0,"Temp I/O Write Time":0.0,"Plans":[{"Node Type":"Seq Scan","Parent Relationship":"Outer","Parallel Aware":false,"Async Capable":false,"Relation Name":"region","Schema":"public","Alias":"region","Startup Cost":0.0,"Total Cost":1.06,"Plan Rows":1,"Plan Width":4,"Actual Startup Time":0.006,"Actual Total Time":0.007,"Actual Rows":1,"Actual Loops":1,"Output":["region.r_regionkey"],"Filter":"((region.r_name)::text = 'Europe'::text)","Rows Removed by Filter":4,"Shared Hit Blocks":1,"Shared Read Blocks":0,"Shared Dirtied Blocks":0,"Shared Written Blocks":0,"Local Hit Blocks":0,"Local Read Blocks":0,"Local Dirtied Blocks":0,"Local Written Blocks":0,"Temp Read Blocks":0,"Temp Written Blocks":0,"I/O Read Time":0.0,"I/O Write Time":0.0,"Temp I/O Read Time":0.0,"Temp I/O Write Time":0.0}]}]}]}]}]},{"Node Type":"Index Only Scan","Parent Relationship":"Inner","Parallel Aware":false,"Async Capable":false,"Scan Direction":"Forward","Index Name":"stock_pk","Relation Name":"stock","Schema":"public","Alias":"stock","Startup Cost":0.43,"Total Cost":259690.86,"Plan Rows":10000162,"Plan Width":6,"Actual Startup Time":0.049,"Actual Total Time":703.046,"Actual Rows":9999996,"Actual Loops":1,"Output":["stock.s_w_id","stock.s_i_id"],"Heap Fetches":0,"Shared Hit Blocks":27338,"Shared Read Blocks":0,"Shared Dirtied Blocks":0,"Shared Written Blocks":0,"Local Hit Blocks":0,"Local Read Blocks":0,"Local Dirtied Blocks":0,"Local Written Blocks":0,"Temp Read Blocks":0,"Temp Written Blocks":0,"I/O Read Time":0.0,"I/O Write Time":0.0,"Temp I/O Read Time":0.0,"Temp I/O Write Time":0.0}]},{"Node Type":"Hash","Parent Relationship":"Inner","Parallel Aware":false,"Async Capable":false,"Startup Cost":317.0,"Total Cost":317.0,"Plan Rows":10000,"Plan Width":8,"Actual Startup Time":2.665,"Actual Total Time":2.666,"Actual Rows":10000,"Actual Loops":1,"Output":["supplier.su_suppkey","supplier.su_nationkey"],"Hash Buckets":16384,"Original Hash Buckets":16384,"Hash Batches":1,"Original Hash Batches":1,"Peak Memory Usage":519,"Shared Hit Blocks":217,"Shared Read Blocks":0,"Shared Dirtied Blocks":0,"Shared Written Blocks":0,"Local Hit Blocks":0,"Local Read Blocks":0,"Local Dirtied Blocks":0,"Local Written Blocks":0,"Temp Read Blocks":0,"Temp Written Blocks":0,"I/O Read Time":0.0,"I/O Write Time":0.0,"Temp I/O Read Time":0.0,"Temp I/O Write Time":0.0,"Plans":[{"Node Type":"Seq Scan","Parent Relationship":"Outer","Parallel Aware":false,"Async Capable":false,"Relation Name":"supplier","Schema":"public","Alias":"supplier","Startup Cost":0.0,"Total Cost":317.0,"Plan Rows":10000,"Plan Width":8,"Actual Startup Time":0.012,"Actual Total Time":1.315,"Actual Rows":10000,"Actual Loops":1,"Output":["supplier.su_suppkey","supplier.su_nationkey"],"Shared Hit Blocks":217,"Shared Read Blocks":0,"Shared Dirtied Blocks":0,"Shared Written Blocks":0,"Local Hit Blocks":0,"Local Read Blocks":0,"Local Dirtied Blocks":0,"Local Written Blocks":0,"Temp Read Blocks":0,"Temp Written Blocks":0,"I/O Read Time":0.0,"I/O Write Time":0.0,"Temp I/O Read Time":0.0,"Temp I/O Write Time":0.0}]}]}]}]}]},"Planning":{"Shared Hit Blocks":16,"Shared Read Blocks":0,"Shared Dirtied Blocks":0,"Shared Written Blocks":0,"Local Hit Blocks":0,"Local Read Blocks":0,"Local Dirtied Blocks":0,"Local Written Blocks":0,"Temp Read Blocks":0,"Temp Written Blocks":0,"I/O Read Time":0.0,"I/O Write Time":0.0,"Temp I/O Read Time":0.0,"Temp I/O Write Time":0.0},"Planning Time":5.444,"Triggers":[],"Execution Time":16585.817}]
[列存组合]: customer, nation, orders, region, supplier
[{"Plan":{"Node Type":"Sort","Parallel Aware":false,"Async Capable":false,"Startup Cost":2010681.59,"Total Cost":2010681.74,"Plan Rows":62,"Plan Width":40,"Actual Startup Time":16432.202,"Actual Total Time":16432.23,"Actual Rows":11,"Actual Loops":1,"Output":["nation.n_name","(sum(order_line.ol_amount))"],"Sort Key":["(sum(order_line.ol_amount)) DESC"],"Sort Method":"quicksort","Sort Space Used":25,"Sort Space Type":"Memory","Shared Hit Blocks":368224,"Shared Read Blocks":0,"Shared Dirtied Blocks":0,"Shared Written Blocks":0,"Local Hit Blocks":0,"Local Read Blocks":0,"Local Dirtied Blocks":0,"Local Written Blocks":0,"Temp Read Blocks":129460,"Temp Written Blocks":129487,"I/O Read Time":0.0,"I/O Write Time":0.0,"Temp I/O Read Time":207.079,"Temp I/O Write Time":522.948,"Plans":[{"Node Type":"Aggregate","Strategy":"Sorted","Partial Mode":"Simple","Parent Relationship":"Outer","Parallel Aware":false,"Async Capable":false,"Startup Cost":2010605.8,"Total Cost":2010679.74,"Plan Rows":62,"Plan Width":40,"Actual Startup Time":16429.379,"Actual Total Time":16432.215,"Actual Rows":11,"Actual Loops":1,"Output":["nation.n_name","sum(order_line.ol_amount)"],"Group Key":["nation.n_name"],"Shared Hit Blocks":368224,"Shared Read Blocks":0,"Shared Dirtied Blocks":0,"Shared Written Blocks":0,"Local Hit Blocks":0,"Local Read Blocks":0,"Local Dirtied Blocks":0,"Local Written Blocks":0,"Temp Read Blocks":129460,"Temp Written Blocks":129487,"I/O Read Time":0.0,"I/O Write Time":0.0,"Temp I/O Read Time":207.079,"Temp I/O Write Time":522.948,"Plans":[{"Node Type":"Sort","Parent Relationship":"Outer","Parallel Aware":false,"Async Capable":false,"Startup Cost":2010605.8,"Total Cost":2010630.19,"Plan Rows":9755,"Plan Width":12,"Actual Startup Time":16429.17,"Actual Total Time":16429.953,"Actual Rows":17493,"Actual Loops":1,"Output":["nation.n_name","order_line.ol_amount"],"Sort Key":["nation.n_name"],"Sort Method":"quicksort","Sort Space Used":1725,"Sort Space Type":"Memory","Shared Hit Blocks":368224,"Shared Read Blocks":0,"Shared Dirtied Blocks":0,"Shared Written Blocks":0,"Local Hit Blocks":0,"Local Read Blocks":0,"Local Dirtied Blocks":0,"Local Written Blocks":0,"Temp Read Blocks":129460,"Temp Written Blocks":129487,"I/O Read Time":0.0,"I/O Write Time":0.0,"Temp I/O Read Time":207.079,"Temp I/O Write Time":522.948,"Plans":[{"Node Type":"Hash Join","Parent Relationship":"Outer","Parallel Aware":false,"Async Capable":false,"Join Type":"Inner","Startup Cost":1686462.53,"Total Cost":2009959.44,"Plan Rows":9755,"Plan Width":12,"Actual Startup Time":14594.481,"Actual Total Time":16420.206,"Actual Rows":17493,"Actual Loops":1,"Output":["nation.n_name","order_line.ol_amount"],"Inner Unique":true,"Hash Cond":"((mod((stock.s_w_id * stock.s_i_id), 10000) = supplier.su_suppkey) AND (customer.c_nationkey = supplier.su_nationkey))","Shared Hit Blocks":368224,"Shared Read Blocks":0,"Shared Dirtied Blocks":0,"Shared Written Blocks":0,"Local Hit Blocks":0,"Local Read Blocks":0,"Local Dirtied Blocks":0,"Local Written Blocks":0,"Temp Read Blocks":129460,"Temp Written Blocks":129487,"I/O Read Time":0.0,"I/O Write Time":0.0,"Temp I/O Read Time":207.079,"Temp I/O Write Time":522.948,"Plans":[{"Node Type":"Merge Join","Parent Relationship":"Outer","Parallel Aware":false,"Async Capable":false,"Join Type":"Inner","Startup Cost":1686093.5,"Total Cost":2006275.28,"Plan Rows":602749,"Plan Width":26,"Actual Startup Time":14590.973,"Actual Total Time":16276.843,"Actual Rows":1109507,"Actual Loops":1,"Output":["customer.c_nationkey","order_line.ol_amount","stock.s_w_id","stock.s_i_id","nation.n_name","nation.n_nationkey"],"Inner Unique":true,"Merge Cond":"((customer.c_w_id = stock.s_w_id) AND (order_line.ol_i_id = stock.s_i_id))","Shared Hit Blocks":368224,"Shared Read Blocks":0,"Shared Dirtied Blocks":0,"Shared Written Blocks":0,"Local Hit Blocks":0,"Local Read Blocks":0,"Local Dirtied Blocks":0,"Local Written Blocks":0,"Temp Read Blocks":129460,"Temp Written Blocks":129487,"I/O Read Time":0.0,"I/O Write Time":0.0,"Temp I/O Read Time":207.079,"Temp I/O Write Time":522.948,"Plans":[{"Node Type":"Sort","Parent Relationship":"Outer","Parallel Aware":false,"Async Capable":false,"Startup Cost":1686093.07,"Total Cost":1687580.75,"Plan Rows":595073,"Plan Width":30,"Actual Startup Time":14590.914,"Actual Total Time":14770.957,"Actual Rows":1109507,"Actual Loops":1,"Output":["customer.c_w_id","customer.c_nationkey","orders.o_w_id","order_line.ol_amount","order_line.ol_w_id","order_line.ol_i_id","nation.n_name","nation.n_nationkey"],"Sort Key":["customer.c_w_id","order_line.ol_i_id"],"Sort Method":"external merge","Sort Space Used":47304,"Sort Space Type":"Disk","Shared Hit Blocks":340886,"Shared Read Blocks":0,"Shared Dirtied Blocks":0,"Shared Written Blocks":0,"Local Hit Blocks":0,"Local Read Blocks":0,"Local Dirtied Blocks":0,"Local Written Blocks":0,"Temp Read Blocks":129460,"Temp Written Blocks":129487,"I/O Read Time":0.0,"I/O Write Time":0.0,"Temp I/O Read Time":207.079,"Temp I/O Write Time":522.948,"Plans":[{"Node Type":"Hash Join","Parent Relationship":"Outer","Parallel Aware":false,"Async Capable":false,"Join Type":"Inner","Startup Cost":396949.46,"Total Cost":1614779.51,"Plan Rows":595073,"Plan Width":30,"Actual Startup Time":1415.766,"Actual Total Time":13201.087,"Actual Rows":1109507,"Actual Loops":1,"Output":["customer.c_w_id","customer.c_nationkey","orders.o_w_id","order_line.ol_amount","order_line.ol_w_id","order_line.ol_i_id","nation.n_name","nation.n_nationkey"],"Inner Unique":false,"Hash Cond":"(customer.c_nationkey = nation.n_nationkey)","Shared Hit Blocks":340886,"Shared Read Blocks":0,"Shared Dirtied Blocks":0,"Shared Written Blocks":0,"Local Hit Blocks":0,"Local Read Blocks":0,"Local Dirtied Blocks":0,"Local Written Blocks":0,"Temp Read Blocks":117643,"Temp Written Blocks":117643,"I/O Read Time":0.0,"I/O Write Time":0.0,"Temp I/O Read Time":188.767,"Temp I/O Write Time":491.157,"Plans":[{"Node Type":"Hash Join","Parent Relationship":"Outer","Parallel Aware":false,"Async Capable":false,"Join Type":"Inner","Startup Cost":396946.31,"Total Cost":1597859.98,"Plan Rows":2975367,"Plan Width":18,"Actual Startup Time":1406.208,"Actual Total Time":12779.068,"Actual Rows":4284922,"Actual Loops":1,"Output":["customer.c_w_id","customer.c_nationkey","orders.o_w_id","order_line.ol_amount","order_line.ol_w_id","order_line.ol_i_id"],"Inner Unique":true,"Hash Cond":"((orders.o_c_id = customer.c_id) AND (orders.o_w_id = customer.c_w_id) AND (orders.o_d_id = customer.c_d_id))","Shared Hit Blocks":340884,"Shared Read Blocks":0,"Shared Dirtied Blocks":0,"Shared Written Blocks":0,"Local Hit Blocks":0,"Local Read Blocks":0,"Local Dirtied Blocks":0,"Local Written Blocks":0,"Temp Read Blocks":117643,"Temp Written Blocks":117643,"I/O Read Time":0.0,"I/O Write Time":0.0,"Temp I/O Read Time":188.767,"Temp I/O Write Time":491.157,"Plans":[{"Node Type":"Hash Join","Parent Relationship":"Outer","Parallel Aware":false,"Async Capable":false,"Join Type":"Inner","Startup Cost":75291.73,"Total Cost":1203258.36,"Plan Rows":2975367,"Plan Width":20,"Actual Startup Time":247.291,"Actual Total Time":9480.542,"Actual Rows":4284922,"Actual Loops":1,"Output":["orders.o_c_id","orders.o_w_id","orders.o_d_id","order_line.ol_amount","order_line.ol_w_id","order_line.ol_d_id","order_line.ol_i_id"],"Inner Unique":true,"Hash Cond":"((order_line.ol_w_id = orders.o_w_id) AND (order_line.ol_d_id = orders.o_d_id) AND (order_line.ol_o_id = orders.o_id))","Shared Hit Blocks":340884,"Shared Read Blocks":0,"Shared Dirtied Blocks":0,"Shared Written Blocks":0,"Local Hit Blocks":0,"Local Read Blocks":0,"Local Dirtied Blocks":0,"Local Written Blocks":0,"Temp Read Blocks":85996,"Temp Written Blocks":85996,"I/O Read Time":0.0,"I/O Write Time":0.0,"Temp I/O Read Time":137.723,"Temp I/O Write Time":344.653,"Plans":[{"Node Type":"Seq Scan","Parent Relationship":"Outer","Parallel Aware":false,"Async Capable":false,"Relation Name":"order_line","Schema":"public","Alias":"order_line","Startup Cost":0.0,"Total Cost":715856.4,"Plan Rows":20926367,"Plan Width":20,"Actual Startup Time":0.006,"Actual Total Time":3674.665,"Actual Rows":21002151,"Actual Loops":1,"Output":["order_line.ol_amount","order_line.ol_o_id","order_line.ol_w_id","order_line.ol_d_id","order_line.ol_i_id"],"Filter":"(order_line.ol_delivery_d >= '1992-01-02 20:10:02.27764'::timestamp without time zone)","Rows Removed by Filter":8995581,"Shared Hit Blocks":340884,"Shared Read Blocks":0,"Shared Dirtied Blocks":0,"Shared Written Blocks":0,"Local Hit Blocks":0,"Local Read Blocks":0,"Local Dirtied Blocks":0,"Local Written Blocks":0,"Temp Read Blocks":0,"Temp Written Blocks":0,"I/O Read Time":0.0,"I/O Write Time":0.0,"Temp I/O Read Time":0.0,"Temp I/O Write Time":0.0},{"Node Type":"Hash","Parent Relationship":"Inner","Parallel Aware":false,"Async Capable":false,"Startup Cost":65744.12,"Total Cost":65744.12,"Plan Rows":426549,"Plan Width":16,"Actual Startup Time":180.061,"Actual Total Time":180.068,"Actual Rows":428399,"Actual Loops":1,"Output":["orders.o_c_id","orders.o_w_id","orders.o_d_id","orders.o_id"],"Hash Buckets":262144,"Original Hash Buckets":262144,"Hash Batches":4,"Original Hash Batches":4,"Peak Memory Usage":7080,"Shared Hit Blocks":0,"Shared Read Blocks":0,"Shared Dirtied Blocks":0,"Shared Written Blocks":0,"Local Hit Blocks":0,"Local Read Blocks":0,"Local Dirtied Blocks":0,"Local Written Blocks":0,"Temp Read Blocks":0,"Temp Written Blocks":1410,"I/O Read Time":0.0,"I/O Write Time":0.0,"Temp I/O Read Time":0.0,"Temp I/O Write Time":5.579,"Plans":[{"Node Type":"Append","Parent Relationship":"Outer","Parallel Aware":false,"Async Capable":false,"Startup Cost":20.0,"Total Cost":65744.12,"Plan Rows":426549,"Plan Width":16,"Actual Startup Time":0.527,"Actual Total Time":104.311,"Actual Rows":428399,"Actual Loops":1,"Shared Hit Blocks":0,"Shared Read Blocks":0,"Shared Dirtied Blocks":0,"Shared Written Blocks":0,"Local Hit Blocks":0,"Local Read Blocks":0,"Local Dirtied Blocks":0,"Local Written Blocks":0,"Temp Read Blocks":0,"Temp Written Blocks":0,"I/O Read Time":0.0,"I/O Write Time":0.0,"Temp I/O Read Time":0.0,"Temp I/O Write Time":0.0,"Subplans Removed":0,"Plans":[{"Node Type":"Custom Scan","Parent Relationship":"Member","Custom Plan Provider":"columnar scan","Parallel Aware":false,"Async Capable":false,"Relation Name":"orders","Schema":"public","Alias":"orders","Startup Cost":20.0,"Total Cost":10043.96,"Plan Rows":426548,"Plan Width":16,"Actual Startup Time":0.526,"Actual Total Time":72.05,"Actual Rows":428399,"Actual Loops":1,"Output":["orders.o_c_id","orders.o_w_id","orders.o_d_id","orders.o_id"],"Filter":"((orders.o_entry_d < '1994-01-02 20:10:02.27764'::timestamp without time zone) AND (orders.o_entry_d >= '1993-01-02 20:10:02.27764'::timestamp without time zone))","Rows Removed by Filter":0,"Rows Removed by Columnar Filter":2571601,"Columnar cache search mode":"native","Shared Hit Blocks":0,"Shared Read Blocks":0,"Shared Dirtied Blocks":0,"Shared Written Blocks":0,"Local Hit Blocks":0,"Local Read Blocks":0,"Local Dirtied Blocks":0,"Local Written Blocks":0,"Temp Read Blocks":0,"Temp Written Blocks":0,"I/O Read Time":0.0,"I/O Write Time":0.0,"Temp I/O Read Time":0.0,"Temp I/O Write Time":0.0},{"Node Type":"Seq Scan","Parent Relationship":"Member","Parallel Aware":false,"Async Capable":false,"Relation Name":"orders","Schema":"public","Alias":"orders","Startup Cost":0.0,"Total Cost":4.01,"Plan Rows":1,"Plan Width":16,"Actual Startup Time":0.0,"Actual Total Time":0.0,"Actual Rows":0,"Actual Loops":0,"Output":["orders.o_c_id","orders.o_w_id","orders.o_d_id","orders.o_id"],"Filter":"((orders.o_entry_d < '1994-01-02 20:10:02.27764'::timestamp without time zone) AND (orders.o_entry_d >= '1993-01-02 20:10:02.27764'::timestamp without time zone))","Rows Removed by Filter":0,"Shared Hit Blocks":0,"Shared Read Blocks":0,"Shared Dirtied Blocks":0,"Shared Written Blocks":0,"Local Hit Blocks":0,"Local Read Blocks":0,"Local Dirtied Blocks":0,"Local Written Blocks":0,"Temp Read Blocks":0,"Temp Written Blocks":0,"I/O Read Time":0.0,"I/O Write Time":0.0,"Temp I/O Read Time":0.0,"Temp I/O Write Time":0.0}]}]}]},{"Node Type":"Hash","Parent Relationship":"Inner","Parallel Aware":false,"Async Capable":false,"Startup Cost":254511.16,"Total Cost":254511.16,"Plan Rows":2999739,"Plan Width":12,"Actual Startup Time":1156.608,"Actual Total Time":1156.612,"Actual Rows":3000000,"Actual Loops":1,"Output":["customer.c_id","customer.c_w_id","customer.c_d_id","customer.c_nationkey"],"Hash Buckets":262144,"Original Hash Buckets":262144,"Hash Batches":32,"Original Hash Batches":32,"Peak Memory Usage":6090,"Shared Hit Blocks":0,"Shared Read Blocks":0,"Shared Dirtied Blocks":0,"Shared Written Blocks":0,"Local Hit Blocks":0,"Local Read Blocks":0,"Local Dirtied Blocks":0,"Local Written Blocks":0,"Temp Read Blocks":0,"Temp Written Blocks":11335,"I/O Read Time":0.0,"I/O Write Time":0.0,"Temp I/O Read Time":0.0,"Temp I/O Write Time":48.262,"Plans":[{"Node Type":"Append","Parent Relationship":"Outer","Parallel Aware":false,"Async Capable":false,"Startup Cost":20.0,"Total Cost":254511.16,"Plan Rows":2999739,"Plan Width":12,"Actual Startup Time":0.016,"Actual Total Time":655.31,"Actual Rows":3000000,"Actual Loops":1,"Shared Hit Blocks":0,"Shared Read Blocks":0,"Shared Dirtied Blocks":0,"Shared Written Blocks":0,"Local Hit Blocks":0,"Local Read Blocks":0,"Local Dirtied Blocks":0,"Local Written Blocks":0,"Temp Read Blocks":0,"Temp Written Blocks":0,"I/O Read Time":0.0,"I/O Write Time":0.0,"Temp I/O Read Time":0.0,"Temp I/O Write Time":0.0,"Subplans Removed":0,"Plans":[{"Node Type":"Custom Scan","Parent Relationship":"Member","Custom Plan Provider":"columnar scan","Parallel Aware":false,"Async Capable":false,"Relation Name":"customer","Schema":"public","Alias":"customer","Startup Cost":20.0,"Total Cost":70513.87,"Plan Rows":2999738,"Plan Width":12,"Actual Startup Time":0.015,"Actual Total Time":445.912,"Actual Rows":3000000,"Actual Loops":1,"Output":["customer.c_id","customer.c_w_id","customer.c_d_id","customer.c_nationkey"],"Rows Removed by Columnar Filter":0,"Columnar cache search mode":"native","Shared Hit Blocks":0,"Shared Read Blocks":0,"Shared Dirtied Blocks":0,"Shared Written Blocks":0,"Local Hit Blocks":0,"Local Read Blocks":0,"Local Dirtied Blocks":0,"Local Written Blocks":0,"Temp Read Blocks":0,"Temp Written Blocks":0,"I/O Read Time":0.0,"I/O Write Time":0.0,"Temp I/O Read Time":0.0,"Temp I/O Write Time":0.0},{"Node Type":"Seq Scan","Parent Relationship":"Member","Parallel Aware":false,"Async Capable":false,"Relation Name":"customer","Schema":"public","Alias":"customer","Startup Cost":0.0,"Total Cost":4.01,"Plan Rows":1,"Plan Width":12,"Actual Startup Time":0.0,"Actual Total Time":0.0,"Actual Rows":0,"Actual Loops":0,"Output":["customer.c_id","customer.c_w_id","customer.c_d_id","customer.c_nationkey"],"Shared Hit Blocks":0,"Shared Read Blocks":0,"Shared Dirtied Blocks":0,"Shared Written Blocks":0,"Local Hit Blocks":0,"Local Read Blocks":0,"Local Dirtied Blocks":0,"Local Written Blocks":0,"Temp Read Blocks":0,"Temp Written Blocks":0,"I/O Read Time":0.0,"I/O Write Time":0.0,"Temp I/O Read Time":0.0,"Temp I/O Write Time":0.0}]}]}]},{"Node Type":"Hash","Parent Relationship":"Inner","Parallel Aware":false,"Async Capable":false,"Startup Cost":2.99,"Total Cost":2.99,"Plan Rows":12,"Plan Width":12,"Actual Startup Time":0.041,"Actual Total Time":0.046,"Actual Rows":22,"Actual Loops":1,"Output":["nation.n_name","nation.n_nationkey"],"Hash Buckets":1024,"Original Hash Buckets":1024,"Hash Batches":1,"Original Hash Batches":1,"Peak Memory Usage":9,"Shared Hit Blocks":2,"Shared Read Blocks":0,"Shared Dirtied Blocks":0,"Shared Written Blocks":0,"Local Hit Blocks":0,"Local Read Blocks":0,"Local Dirtied Blocks":0,"Local Written Blocks":0,"Temp Read Blocks":0,"Temp Written Blocks":0,"I/O Read Time":0.0,"I/O Write Time":0.0,"Temp I/O Read Time":0.0,"Temp I/O Write Time":0.0,"Plans":[{"Node Type":"Hash Join","Parent Relationship":"Outer","Parallel Aware":false,"Async Capable":false,"Join Type":"Inner","Startup Cost":1.07,"Total Cost":2.99,"Plan Rows":12,"Plan Width":12,"Actual Startup Time":0.025,"Actual Total Time":0.041,"Actual Rows":22,"Actual Loops":1,"Output":["nation.n_name","nation.n_nationkey"],"Inner Unique":true,"Hash Cond":"(nation.n_regionkey = region.r_regionkey)","Shared Hit Blocks":2,"Shared Read Blocks":0,"Shared Dirtied Blocks":0,"Shared Written Blocks":0,"Local Hit Blocks":0,"Local Read Blocks":0,"Local Dirtied Blocks":0,"Local Written Blocks":0,"Temp Read Blocks":0,"Temp Written Blocks":0,"I/O Read Time":0.0,"I/O Write Time":0.0,"Temp I/O Read Time":0.0,"Temp I/O Write Time":0.0,"Plans":[{"Node Type":"Seq Scan","Parent Relationship":"Outer","Parallel Aware":false,"Async Capable":false,"Relation Name":"nation","Schema":"public","Alias":"nation","Startup Cost":0.0,"Total Cost":1.62,"Plan Rows":62,"Plan Width":16,"Actual Startup Time":0.006,"Actual Total Time":0.01,"Actual Rows":62,"Actual Loops":1,"Output":["nation.n_nationkey","nation.n_name","nation.n_regionkey","nation.n_comment"],"Shared Hit Blocks":1,"Shared Read Blocks":0,"Shared Dirtied Blocks":0,"Shared Written Blocks":0,"Local Hit Blocks":0,"Local Read Blocks":0,"Local Dirtied Blocks":0,"Local Written Blocks":0,"Temp Read Blocks":0,"Temp Written Blocks":0,"I/O Read Time":0.0,"I/O Write Time":0.0,"Temp I/O Read Time":0.0,"Temp I/O Write Time":0.0},{"Node Type":"Hash","Parent Relationship":"Inner","Parallel Aware":false,"Async Capable":false,"Startup Cost":1.06,"Total Cost":1.06,"Plan Rows":1,"Plan Width":4,"Actual Startup Time":0.008,"Actual Total Time":0.009,"Actual Rows":1,"Actual Loops":1,"Output":["region.r_regionkey"],"Hash Buckets":1024,"Original Hash Buckets":1024,"Hash Batches":1,"Original Hash Batches":1,"Peak Memory Usage":9,"Shared Hit Blocks":1,"Shared Read Blocks":0,"Shared Dirtied Blocks":0,"Shared Written Blocks":0,"Local Hit Blocks":0,"Local Read Blocks":0,"Local Dirtied Blocks":0,"Local Written Blocks":0,"Temp Read Blocks":0,"Temp Written Blocks":0,"I/O Read Time":0.0,"I/O Write Time":0.0,"Temp I/O Read Time":0.0,"Temp I/O Write Time":0.0,"Plans":[{"Node Type":"Seq Scan","Parent Relationship":"Outer","Parallel Aware":false,"Async Capable":false,"Relation Name":"region","Schema":"public","Alias":"region","Startup Cost":0.0,"Total Cost":1.06,"Plan Rows":1,"Plan Width":4,"Actual Startup Time":0.006,"Actual Total Time":0.006,"Actual Rows":1,"Actual Loops":1,"Output":["region.r_regionkey"],"Filter":"((region.r_name)::text = 'Europe'::text)","Rows Removed by Filter":4,"Shared Hit Blocks":1,"Shared Read Blocks":0,"Shared Dirtied Blocks":0,"Shared Written Blocks":0,"Local Hit Blocks":0,"Local Read Blocks":0,"Local Dirtied Blocks":0,"Local Written Blocks":0,"Temp Read Blocks":0,"Temp Written Blocks":0,"I/O Read Time":0.0,"I/O Write Time":0.0,"Temp I/O Read Time":0.0,"Temp I/O Write Time":0.0}]}]}]}]}]},{"Node Type":"Index Only Scan","Parent Relationship":"Inner","Parallel Aware":false,"Async Capable":false,"Scan Direction":"Forward","Index Name":"stock_pk","Relation Name":"stock","Schema":"public","Alias":"stock","Startup Cost":0.43,"Total Cost":259690.86,"Plan Rows":10000162,"Plan Width":6,"Actual Startup Time":0.046,"Actual Total Time":703.605,"Actual Rows":9999996,"Actual Loops":1,"Output":["stock.s_w_id","stock.s_i_id"],"Heap Fetches":0,"Shared Hit Blocks":27338,"Shared Read Blocks":0,"Shared Dirtied Blocks":0,"Shared Written Blocks":0,"Local Hit Blocks":0,"Local Read Blocks":0,"Local Dirtied Blocks":0,"Local Written Blocks":0,"Temp Read Blocks":0,"Temp Written Blocks":0,"I/O Read Time":0.0,"I/O Write Time":0.0,"Temp I/O Read Time":0.0,"Temp I/O Write Time":0.0}]},{"Node Type":"Hash","Parent Relationship":"Inner","Parallel Aware":false,"Async Capable":false,"Startup Cost":219.01,"Total Cost":219.01,"Plan Rows":10001,"Plan Width":8,"Actual Startup Time":3.082,"Actual Total Time":3.085,"Actual Rows":10000,"Actual Loops":1,"Output":["supplier.su_suppkey","supplier.su_nationkey"],"Hash Buckets":16384,"Original Hash Buckets":16384,"Hash Batches":1,"Original Hash Batches":1,"Peak Memory Usage":519,"Shared Hit Blocks":0,"Shared Read Blocks":0,"Shared Dirtied Blocks":0,"Shared Written Blocks":0,"Local Hit Blocks":0,"Local Read Blocks":0,"Local Dirtied Blocks":0,"Local Written Blocks":0,"Temp Read Blocks":0,"Temp Written Blocks":0,"I/O Read Time":0.0,"I/O Write Time":0.0,"Temp I/O Read Time":0.0,"Temp I/O Write Time":0.0,"Plans":[{"Node Type":"Append","Parent Relationship":"Outer","Parallel Aware":false,"Async Capable":false,"Startup Cost":20.0,"Total Cost":219.01,"Plan Rows":10001,"Plan Width":8,"Actual Startup Time":0.013,"Actual Total Time":1.776,"Actual Rows":10000,"Actual Loops":1,"Shared Hit Blocks":0,"Shared Read Blocks":0,"Shared Dirtied Blocks":0,"Shared Written Blocks":0,"Local Hit Blocks":0,"Local Read Blocks":0,"Local Dirtied Blocks":0,"Local Written Blocks":0,"Temp Read Blocks":0,"Temp Written Blocks":0,"I/O Read Time":0.0,"I/O Write Time":0.0,"Temp I/O Read Time":0.0,"Temp I/O Write Time":0.0,"Subplans Removed":0,"Plans":[{"Node Type":"Custom Scan","Parent Relationship":"Member","Custom Plan Provider":"columnar scan","Parallel Aware":false,"Async Capable":false,"Relation Name":"supplier","Schema":"public","Alias":"supplier","Startup Cost":20.0,"Total Cost":215.0,"Plan Rows":10000,"Plan Width":8,"Actual Startup Time":0.011,"Actual Total Time":1.062,"Actual Rows":10000,"Actual Loops":1,"Output":["supplier.su_suppkey","supplier.su_nationkey"],"Rows Removed by Columnar Filter":0,"Columnar cache search mode":"native","Shared Hit Blocks":0,"Shared Read Blocks":0,"Shared Dirtied Blocks":0,"Shared Written Blocks":0,"Local Hit Blocks":0,"Local Read Blocks":0,"Local Dirtied Blocks":0,"Local Written Blocks":0,"Temp Read Blocks":0,"Temp Written Blocks":0,"I/O Read Time":0.0,"I/O Write Time":0.0,"Temp I/O Read Time":0.0,"Temp I/O Write Time":0.0},{"Node Type":"Seq Scan","Parent Relationship":"Member","Parallel Aware":false,"Async Capable":false,"Relation Name":"supplier","Schema":"public","Alias":"supplier","Startup Cost":0.0,"Total Cost":4.01,"Plan Rows":1,"Plan Width":8,"Actual Startup Time":0.0,"Actual Total Time":0.0,"Actual Rows":0,"Actual Loops":0,"Output":["supplier.su_suppkey","supplier.su_nationkey"],"Shared Hit Blocks":0,"Shared Read Blocks":0,"Shared Dirtied Blocks":0,"Shared Written Blocks":0,"Local Hit Blocks":0,"Local Read Blocks":0,"Local Dirtied Blocks":0,"Local Written Blocks":0,"Temp Read Blocks":0,"Temp Written Blocks":0,"I/O Read Time":0.0,"I/O Write Time":0.0,"Temp I/O Read Time":0.0,"Temp I/O Write Time":0.0}]}]}]}]}]}]},"Planning":{"Shared Hit Blocks":16,"Shared Read Blocks":0,"Shared Dirtied Blocks":0,"Shared Written Blocks":0,"Local Hit Blocks":0,"Local Read Blocks":0,"Local Dirtied Blocks":0,"Local Written Blocks":0,"Temp Read Blocks":0,"Temp Written Blocks":0,"I/O Read Time":0.0,"I/O Write Time":0.0,"Temp I/O Read Time":0.0,"Temp I/O Write Time":0.0},"Planning Time":4.881,"Triggers":[],"Execution Time":16440.474}]
[列存组合]: customer, nation, orders, stock, supplier
[{"Plan":{"Node Type":"Sort","Parallel Aware":false,"Async Capable":false,"Startup Cost":2010681.59,"Total Cost":2010681.74,"Plan Rows":62,"Plan Width":40,"Actual Startup Time":16494.605,"Actual Total Time":16494.632,"Actual Rows":11,"Actual Loops":1,"Output":["nation.n_name","(sum(order_line.ol_amount))"],"Sort Key":["(sum(order_line.ol_amount)) DESC"],"Sort Method":"quicksort","Sort Space Used":25,"Sort Space Type":"Memory","Shared Hit Blocks":368224,"Shared Read Blocks":0,"Shared Dirtied Blocks":0,"Shared Written Blocks":0,"Local Hit Blocks":0,"Local Read Blocks":0,"Local Dirtied Blocks":0,"Local Written Blocks":0,"Temp Read Blocks":129460,"Temp Written Blocks":129487,"I/O Read Time":0.0,"I/O Write Time":0.0,"Temp I/O Read Time":205.947,"Temp I/O Write Time":516.189,"Plans":[{"Node Type":"Aggregate","Strategy":"Sorted","Partial Mode":"Simple","Parent Relationship":"Outer","Parallel Aware":false,"Async Capable":false,"Startup Cost":2010605.8,"Total Cost":2010679.74,"Plan Rows":62,"Plan Width":40,"Actual Startup Time":16491.802,"Actual Total Time":16494.616,"Actual Rows":11,"Actual Loops":1,"Output":["nation.n_name","sum(order_line.ol_amount)"],"Group Key":["nation.n_name"],"Shared Hit Blocks":368224,"Shared Read Blocks":0,"Shared Dirtied Blocks":0,"Shared Written Blocks":0,"Local Hit Blocks":0,"Local Read Blocks":0,"Local Dirtied Blocks":0,"Local Written Blocks":0,"Temp Read Blocks":129460,"Temp Written Blocks":129487,"I/O Read Time":0.0,"I/O Write Time":0.0,"Temp I/O Read Time":205.947,"Temp I/O Write Time":516.189,"Plans":[{"Node Type":"Sort","Parent Relationship":"Outer","Parallel Aware":false,"Async Capable":false,"Startup Cost":2010605.8,"Total Cost":2010630.19,"Plan Rows":9755,"Plan Width":12,"Actual Startup Time":16491.594,"Actual Total Time":16492.357,"Actual Rows":17493,"Actual Loops":1,"Output":["nation.n_name","order_line.ol_amount"],"Sort Key":["nation.n_name"],"Sort Method":"quicksort","Sort Space Used":1725,"Sort Space Type":"Memory","Shared Hit Blocks":368224,"Shared Read Blocks":0,"Shared Dirtied Blocks":0,"Shared Written Blocks":0,"Local Hit Blocks":0,"Local Read Blocks":0,"Local Dirtied Blocks":0,"Local Written Blocks":0,"Temp Read Blocks":129460,"Temp Written Blocks":129487,"I/O Read Time":0.0,"I/O Write Time":0.0,"Temp I/O Read Time":205.947,"Temp I/O Write Time":516.189,"Plans":[{"Node Type":"Hash Join","Parent Relationship":"Outer","Parallel Aware":false,"Async Capable":false,"Join Type":"Inner","Startup Cost":1686462.53,"Total Cost":2009959.44,"Plan Rows":9755,"Plan Width":12,"Actual Startup Time":14642.802,"Actual Total Time":16482.849,"Actual Rows":17493,"Actual Loops":1,"Output":["nation.n_name","order_line.ol_amount"],"Inner Unique":true,"Hash Cond":"((mod((stock.s_w_id * stock.s_i_id), 10000) = supplier.su_suppkey) AND (customer.c_nationkey = supplier.su_nationkey))","Shared Hit Blocks":368224,"Shared Read Blocks":0,"Shared Dirtied Blocks":0,"Shared Written Blocks":0,"Local Hit Blocks":0,"Local Read Blocks":0,"Local Dirtied Blocks":0,"Local Written Blocks":0,"Temp Read Blocks":129460,"Temp Written Blocks":129487,"I/O Read Time":0.0,"I/O Write Time":0.0,"Temp I/O Read Time":205.947,"Temp I/O Write Time":516.189,"Plans":[{"Node Type":"Merge Join","Parent Relationship":"Outer","Parallel Aware":false,"Async Capable":false,"Join Type":"Inner","Startup Cost":1686093.5,"Total Cost":2006275.28,"Plan Rows":602749,"Plan Width":26,"Actual Startup Time":14639.215,"Actual Total Time":16338.766,"Actual Rows":1109507,"Actual Loops":1,"Output":["customer.c_nationkey","order_line.ol_amount","stock.s_w_id","stock.s_i_id","nation.n_name","nation.n_nationkey"],"Inner Unique":true,"Merge Cond":"((customer.c_w_id = stock.s_w_id) AND (order_line.ol_i_id = stock.s_i_id))","Shared Hit Blocks":368224,"Shared Read Blocks":0,"Shared Dirtied Blocks":0,"Shared Written Blocks":0,"Local Hit Blocks":0,"Local Read Blocks":0,"Local Dirtied Blocks":0,"Local Written Blocks":0,"Temp Read Blocks":129460,"Temp Written Blocks":129487,"I/O Read Time":0.0,"I/O Write Time":0.0,"Temp I/O Read Time":205.947,"Temp I/O Write Time":516.189,"Plans":[{"Node Type":"Sort","Parent Relationship":"Outer","Parallel Aware":false,"Async Capable":false,"Startup Cost":1686093.07,"Total Cost":1687580.75,"Plan Rows":595073,"Plan Width":30,"Actual Startup Time":14639.154,"Actual Total Time":14819.717,"Actual Rows":1109507,"Actual Loops":1,"Output":["customer.c_w_id","customer.c_nationkey","orders.o_w_id","order_line.ol_amount","order_line.ol_w_id","order_line.ol_i_id","nation.n_name","nation.n_nationkey"],"Sort Key":["customer.c_w_id","order_line.ol_i_id"],"Sort Method":"external merge","Sort Space Used":47304,"Sort Space Type":"Disk","Shared Hit Blocks":340886,"Shared Read Blocks":0,"Shared Dirtied Blocks":0,"Shared Written Blocks":0,"Local Hit Blocks":0,"Local Read Blocks":0,"Local Dirtied Blocks":0,"Local Written Blocks":0,"Temp Read Blocks":129460,"Temp Written Blocks":129487,"I/O Read Time":0.0,"I/O Write Time":0.0,"Temp I/O Read Time":205.947,"Temp I/O Write Time":516.189,"Plans":[{"Node Type":"Hash Join","Parent Relationship":"Outer","Parallel Aware":false,"Async Capable":false,"Join Type":"Inner","Startup Cost":396949.46,"Total Cost":1614779.51,"Plan Rows":595073,"Plan Width":30,"Actual Startup Time":1425.492,"Actual Total Time":13245.167,"Actual Rows":1109507,"Actual Loops":1,"Output":["customer.c_w_id","customer.c_nationkey","orders.o_w_id","order_line.ol_amount","order_line.ol_w_id","order_line.ol_i_id","nation.n_name","nation.n_nationkey"],"Inner Unique":false,"Hash Cond":"(customer.c_nationkey = nation.n_nationkey)","Shared Hit Blocks":340886,"Shared Read Blocks":0,"Shared Dirtied Blocks":0,"Shared Written Blocks":0,"Local Hit Blocks":0,"Local Read Blocks":0,"Local Dirtied Blocks":0,"Local Written Blocks":0,"Temp Read Blocks":117643,"Temp Written Blocks":117643,"I/O Read Time":0.0,"I/O Write Time":0.0,"Temp I/O Read Time":187.841,"Temp I/O Write Time":484.576,"Plans":[{"Node Type":"Hash Join","Parent Relationship":"Outer","Parallel Aware":false,"Async Capable":false,"Join Type":"Inner","Startup Cost":396946.31,"Total Cost":1597859.98,"Plan Rows":2975367,"Plan Width":18,"Actual Startup Time":1416.018,"Actual Total Time":12819.332,"Actual Rows":4284922,"Actual Loops":1,"Output":["customer.c_w_id","customer.c_nationkey","orders.o_w_id","order_line.ol_amount","order_line.ol_w_id","order_line.ol_i_id"],"Inner Unique":true,"Hash Cond":"((orders.o_c_id = customer.c_id) AND (orders.o_w_id = customer.c_w_id) AND (orders.o_d_id = customer.c_d_id))","Shared Hit Blocks":340884,"Shared Read Blocks":0,"Shared Dirtied Blocks":0,"Shared Written Blocks":0,"Local Hit Blocks":0,"Local Read Blocks":0,"Local Dirtied Blocks":0,"Local Written Blocks":0,"Temp Read Blocks":117643,"Temp Written Blocks":117643,"I/O Read Time":0.0,"I/O Write Time":0.0,"Temp I/O Read Time":187.841,"Temp I/O Write Time":484.576,"Plans":[{"Node Type":"Hash Join","Parent Relationship":"Outer","Parallel Aware":false,"Async Capable":false,"Join Type":"Inner","Startup Cost":75291.73,"Total Cost":1203258.36,"Plan Rows":2975367,"Plan Width":20,"Actual Startup Time":245.42,"Actual Total Time":9493.358,"Actual Rows":4284922,"Actual Loops":1,"Output":["orders.o_c_id","orders.o_w_id","orders.o_d_id","order_line.ol_amount","order_line.ol_w_id","order_line.ol_d_id","order_line.ol_i_id"],"Inner Unique":true,"Hash Cond":"((order_line.ol_w_id = orders.o_w_id) AND (order_line.ol_d_id = orders.o_d_id) AND (order_line.ol_o_id = orders.o_id))","Shared Hit Blocks":340884,"Shared Read Blocks":0,"Shared Dirtied Blocks":0,"Shared Written Blocks":0,"Local Hit Blocks":0,"Local Read Blocks":0,"Local Dirtied Blocks":0,"Local Written Blocks":0,"Temp Read Blocks":85996,"Temp Written Blocks":85996,"I/O Read Time":0.0,"I/O Write Time":0.0,"Temp I/O Read Time":137.009,"Temp I/O Write Time":341.263,"Plans":[{"Node Type":"Seq Scan","Parent Relationship":"Outer","Parallel Aware":false,"Async Capable":false,"Relation Name":"order_line","Schema":"public","Alias":"order_line","Startup Cost":0.0,"Total Cost":715856.4,"Plan Rows":20926367,"Plan Width":20,"Actual Startup Time":0.007,"Actual Total Time":3674.306,"Actual Rows":21002151,"Actual Loops":1,"Output":["order_line.ol_amount","order_line.ol_o_id","order_line.ol_w_id","order_line.ol_d_id","order_line.ol_i_id"],"Filter":"(order_line.ol_delivery_d >= '1992-01-02 20:10:02.27764'::timestamp without time zone)","Rows Removed by Filter":8995581,"Shared Hit Blocks":340884,"Shared Read Blocks":0,"Shared Dirtied Blocks":0,"Shared Written Blocks":0,"Local Hit Blocks":0,"Local Read Blocks":0,"Local Dirtied Blocks":0,"Local Written Blocks":0,"Temp Read Blocks":0,"Temp Written Blocks":0,"I/O Read Time":0.0,"I/O Write Time":0.0,"Temp I/O Read Time":0.0,"Temp I/O Write Time":0.0},{"Node Type":"Hash","Parent Relationship":"Inner","Parallel Aware":false,"Async Capable":false,"Startup Cost":65744.12,"Total Cost":65744.12,"Plan Rows":426549,"Plan Width":16,"Actual Startup Time":178.005,"Actual Total Time":178.011,"Actual Rows":428399,"Actual Loops":1,"Output":["orders.o_c_id","orders.o_w_id","orders.o_d_id","orders.o_id"],"Hash Buckets":262144,"Original Hash Buckets":262144,"Hash Batches":4,"Original Hash Batches":4,"Peak Memory Usage":7080,"Shared Hit Blocks":0,"Shared Read Blocks":0,"Shared Dirtied Blocks":0,"Shared Written Blocks":0,"Local Hit Blocks":0,"Local Read Blocks":0,"Local Dirtied Blocks":0,"Local Written Blocks":0,"Temp Read Blocks":0,"Temp Written Blocks":1410,"I/O Read Time":0.0,"I/O Write Time":0.0,"Temp I/O Read Time":0.0,"Temp I/O Write Time":5.61,"Plans":[{"Node Type":"Append","Parent Relationship":"Outer","Parallel Aware":false,"Async Capable":false,"Startup Cost":20.0,"Total Cost":65744.12,"Plan Rows":426549,"Plan Width":16,"Actual Startup Time":0.542,"Actual Total Time":102.383,"Actual Rows":428399,"Actual Loops":1,"Shared Hit Blocks":0,"Shared Read Blocks":0,"Shared Dirtied Blocks":0,"Shared Written Blocks":0,"Local Hit Blocks":0,"Local Read Blocks":0,"Local Dirtied Blocks":0,"Local Written Blocks":0,"Temp Read Blocks":0,"Temp Written Blocks":0,"I/O Read Time":0.0,"I/O Write Time":0.0,"Temp I/O Read Time":0.0,"Temp I/O Write Time":0.0,"Subplans Removed":0,"Plans":[{"Node Type":"Custom Scan","Parent Relationship":"Member","Custom Plan Provider":"columnar scan","Parallel Aware":false,"Async Capable":false,"Relation Name":"orders","Schema":"public","Alias":"orders","Startup Cost":20.0,"Total Cost":10043.96,"Plan Rows":426548,"Plan Width":16,"Actual Startup Time":0.541,"Actual Total Time":72.148,"Actual Rows":428399,"Actual Loops":1,"Output":["orders.o_c_id","orders.o_w_id","orders.o_d_id","orders.o_id"],"Filter":"((orders.o_entry_d < '1994-01-02 20:10:02.27764'::timestamp without time zone) AND (orders.o_entry_d >= '1993-01-02 20:10:02.27764'::timestamp without time zone))","Rows Removed by Filter":0,"Rows Removed by Columnar Filter":2571601,"Columnar cache search mode":"native","Shared Hit Blocks":0,"Shared Read Blocks":0,"Shared Dirtied Blocks":0,"Shared Written Blocks":0,"Local Hit Blocks":0,"Local Read Blocks":0,"Local Dirtied Blocks":0,"Local Written Blocks":0,"Temp Read Blocks":0,"Temp Written Blocks":0,"I/O Read Time":0.0,"I/O Write Time":0.0,"Temp I/O Read Time":0.0,"Temp I/O Write Time":0.0},{"Node Type":"Seq Scan","Parent Relationship":"Member","Parallel Aware":false,"Async Capable":false,"Relation Name":"orders","Schema":"public","Alias":"orders","Startup Cost":0.0,"Total Cost":4.01,"Plan Rows":1,"Plan Width":16,"Actual Startup Time":0.0,"Actual Total Time":0.0,"Actual Rows":0,"Actual Loops":0,"Output":["orders.o_c_id","orders.o_w_id","orders.o_d_id","orders.o_id"],"Filter":"((orders.o_entry_d < '1994-01-02 20:10:02.27764'::timestamp without time zone) AND (orders.o_entry_d >= '1993-01-02 20:10:02.27764'::timestamp without time zone))","Rows Removed by Filter":0,"Shared Hit Blocks":0,"Shared Read Blocks":0,"Shared Dirtied Blocks":0,"Shared Written Blocks":0,"Local Hit Blocks":0,"Local Read Blocks":0,"Local Dirtied Blocks":0,"Local Written Blocks":0,"Temp Read Blocks":0,"Temp Written Blocks":0,"I/O Read Time":0.0,"I/O Write Time":0.0,"Temp I/O Read Time":0.0,"Temp I/O Write Time":0.0}]}]}]},{"Node Type":"Hash","Parent Relationship":"Inner","Parallel Aware":false,"Async Capable":false,"Startup Cost":254511.16,"Total Cost":254511.16,"Plan Rows":2999739,"Plan Width":12,"Actual Startup Time":1168.304,"Actual Total Time":1168.308,"Actual Rows":3000000,"Actual Loops":1,"Output":["customer.c_id","customer.c_w_id","customer.c_d_id","customer.c_nationkey"],"Hash Buckets":262144,"Original Hash Buckets":262144,"Hash Batches":32,"Original Hash Batches":32,"Peak Memory Usage":6090,"Shared Hit Blocks":0,"Shared Read Blocks":0,"Shared Dirtied Blocks":0,"Shared Written Blocks":0,"Local Hit Blocks":0,"Local Read Blocks":0,"Local Dirtied Blocks":0,"Local Written Blocks":0,"Temp Read Blocks":0,"Temp Written Blocks":11335,"I/O Read Time":0.0,"I/O Write Time":0.0,"Temp I/O Read Time":0.0,"Temp I/O Write Time":48.614,"Plans":[{"Node Type":"Append","Parent Relationship":"Outer","Parallel Aware":false,"Async Capable":false,"Startup Cost":20.0,"Total Cost":254511.16,"Plan Rows":2999739,"Plan Width":12,"Actual Startup Time":0.016,"Actual Total Time":666.444,"Actual Rows":3000000,"Actual Loops":1,"Shared Hit Blocks":0,"Shared Read Blocks":0,"Shared Dirtied Blocks":0,"Shared Written Blocks":0,"Local Hit Blocks":0,"Local Read Blocks":0,"Local Dirtied Blocks":0,"Local Written Blocks":0,"Temp Read Blocks":0,"Temp Written Blocks":0,"I/O Read Time":0.0,"I/O Write Time":0.0,"Temp I/O Read Time":0.0,"Temp I/O Write Time":0.0,"Subplans Removed":0,"Plans":[{"Node Type":"Custom Scan","Parent Relationship":"Member","Custom Plan Provider":"columnar scan","Parallel Aware":false,"Async Capable":false,"Relation Name":"customer","Schema":"public","Alias":"customer","Startup Cost":20.0,"Total Cost":70513.87,"Plan Rows":2999738,"Plan Width":12,"Actual Startup Time":0.015,"Actual Total Time":448.788,"Actual Rows":3000000,"Actual Loops":1,"Output":["customer.c_id","customer.c_w_id","customer.c_d_id","customer.c_nationkey"],"Rows Removed by Columnar Filter":0,"Columnar cache search mode":"native","Shared Hit Blocks":0,"Shared Read Blocks":0,"Shared Dirtied Blocks":0,"Shared Written Blocks":0,"Local Hit Blocks":0,"Local Read Blocks":0,"Local Dirtied Blocks":0,"Local Written Blocks":0,"Temp Read Blocks":0,"Temp Written Blocks":0,"I/O Read Time":0.0,"I/O Write Time":0.0,"Temp I/O Read Time":0.0,"Temp I/O Write Time":0.0},{"Node Type":"Seq Scan","Parent Relationship":"Member","Parallel Aware":false,"Async Capable":false,"Relation Name":"customer","Schema":"public","Alias":"customer","Startup Cost":0.0,"Total Cost":4.01,"Plan Rows":1,"Plan Width":12,"Actual Startup Time":0.0,"Actual Total Time":0.0,"Actual Rows":0,"Actual Loops":0,"Output":["customer.c_id","customer.c_w_id","customer.c_d_id","customer.c_nationkey"],"Shared Hit Blocks":0,"Shared Read Blocks":0,"Shared Dirtied Blocks":0,"Shared Written Blocks":0,"Local Hit Blocks":0,"Local Read Blocks":0,"Local Dirtied Blocks":0,"Local Written Blocks":0,"Temp Read Blocks":0,"Temp Written Blocks":0,"I/O Read Time":0.0,"I/O Write Time":0.0,"Temp I/O Read Time":0.0,"Temp I/O Write Time":0.0}]}]}]},{"Node Type":"Hash","Parent Relationship":"Inner","Parallel Aware":false,"Async Capable":false,"Startup Cost":2.99,"Total Cost":2.99,"Plan Rows":12,"Plan Width":12,"Actual Startup Time":0.042,"Actual Total Time":0.047,"Actual Rows":22,"Actual Loops":1,"Output":["nation.n_name","nation.n_nationkey"],"Hash Buckets":1024,"Original Hash Buckets":1024,"Hash Batches":1,"Original Hash Batches":1,"Peak Memory Usage":9,"Shared Hit Blocks":2,"Shared Read Blocks":0,"Shared Dirtied Blocks":0,"Shared Written Blocks":0,"Local Hit Blocks":0,"Local Read Blocks":0,"Local Dirtied Blocks":0,"Local Written Blocks":0,"Temp Read Blocks":0,"Temp Written Blocks":0,"I/O Read Time":0.0,"I/O Write Time":0.0,"Temp I/O Read Time":0.0,"Temp I/O Write Time":0.0,"Plans":[{"Node Type":"Hash Join","Parent Relationship":"Outer","Parallel Aware":false,"Async Capable":false,"Join Type":"Inner","Startup Cost":1.07,"Total Cost":2.99,"Plan Rows":12,"Plan Width":12,"Actual Startup Time":0.025,"Actual Total Time":0.042,"Actual Rows":22,"Actual Loops":1,"Output":["nation.n_name","nation.n_nationkey"],"Inner Unique":true,"Hash Cond":"(nation.n_regionkey = region.r_regionkey)","Shared Hit Blocks":2,"Shared Read Blocks":0,"Shared Dirtied Blocks":0,"Shared Written Blocks":0,"Local Hit Blocks":0,"Local Read Blocks":0,"Local Dirtied Blocks":0,"Local Written Blocks":0,"Temp Read Blocks":0,"Temp Written Blocks":0,"I/O Read Time":0.0,"I/O Write Time":0.0,"Temp I/O Read Time":0.0,"Temp I/O Write Time":0.0,"Plans":[{"Node Type":"Seq Scan","Parent Relationship":"Outer","Parallel Aware":false,"Async Capable":false,"Relation Name":"nation","Schema":"public","Alias":"nation","Startup Cost":0.0,"Total Cost":1.62,"Plan Rows":62,"Plan Width":16,"Actual Startup Time":0.007,"Actual Total Time":0.011,"Actual Rows":62,"Actual Loops":1,"Output":["nation.n_nationkey","nation.n_name","nation.n_regionkey","nation.n_comment"],"Shared Hit Blocks":1,"Shared Read Blocks":0,"Shared Dirtied Blocks":0,"Shared Written Blocks":0,"Local Hit Blocks":0,"Local Read Blocks":0,"Local Dirtied Blocks":0,"Local Written Blocks":0,"Temp Read Blocks":0,"Temp Written Blocks":0,"I/O Read Time":0.0,"I/O Write Time":0.0,"Temp I/O Read Time":0.0,"Temp I/O Write Time":0.0},{"Node Type":"Hash","Parent Relationship":"Inner","Parallel Aware":false,"Async Capable":false,"Startup Cost":1.06,"Total Cost":1.06,"Plan Rows":1,"Plan Width":4,"Actual Startup Time":0.008,"Actual Total Time":0.009,"Actual Rows":1,"Actual Loops":1,"Output":["region.r_regionkey"],"Hash Buckets":1024,"Original Hash Buckets":1024,"Hash Batches":1,"Original Hash Batches":1,"Peak Memory Usage":9,"Shared Hit Blocks":1,"Shared Read Blocks":0,"Shared Dirtied Blocks":0,"Shared Written Blocks":0,"Local Hit Blocks":0,"Local Read Blocks":0,"Local Dirtied Blocks":0,"Local Written Blocks":0,"Temp Read Blocks":0,"Temp Written Blocks":0,"I/O Read Time":0.0,"I/O Write Time":0.0,"Temp I/O Read Time":0.0,"Temp I/O Write Time":0.0,"Plans":[{"Node Type":"Seq Scan","Parent Relationship":"Outer","Parallel Aware":false,"Async Capable":false,"Relation Name":"region","Schema":"public","Alias":"region","Startup Cost":0.0,"Total Cost":1.06,"Plan Rows":1,"Plan Width":4,"Actual Startup Time":0.006,"Actual Total Time":0.006,"Actual Rows":1,"Actual Loops":1,"Output":["region.r_regionkey"],"Filter":"((region.r_name)::text = 'Europe'::text)","Rows Removed by Filter":4,"Shared Hit Blocks":1,"Shared Read Blocks":0,"Shared Dirtied Blocks":0,"Shared Written Blocks":0,"Local Hit Blocks":0,"Local Read Blocks":0,"Local Dirtied Blocks":0,"Local Written Blocks":0,"Temp Read Blocks":0,"Temp Written Blocks":0,"I/O Read Time":0.0,"I/O Write Time":0.0,"Temp I/O Read Time":0.0,"Temp I/O Write Time":0.0}]}]}]}]}]},{"Node Type":"Index Only Scan","Parent Relationship":"Inner","Parallel Aware":false,"Async Capable":false,"Scan Direction":"Forward","Index Name":"stock_pk","Relation Name":"stock","Schema":"public","Alias":"stock","Startup Cost":0.43,"Total Cost":259690.86,"Plan Rows":10000162,"Plan Width":6,"Actual Startup Time":0.048,"Actual Total Time":714.635,"Actual Rows":9999996,"Actual Loops":1,"Output":["stock.s_w_id","stock.s_i_id"],"Heap Fetches":0,"Shared Hit Blocks":27338,"Shared Read Blocks":0,"Shared Dirtied Blocks":0,"Shared Written Blocks":0,"Local Hit Blocks":0,"Local Read Blocks":0,"Local Dirtied Blocks":0,"Local Written Blocks":0,"Temp Read Blocks":0,"Temp Written Blocks":0,"I/O Read Time":0.0,"I/O Write Time":0.0,"Temp I/O Read Time":0.0,"Temp I/O Write Time":0.0}]},{"Node Type":"Hash","Parent Relationship":"Inner","Parallel Aware":false,"Async Capable":false,"Startup Cost":219.01,"Total Cost":219.01,"Plan Rows":10001,"Plan Width":8,"Actual Startup Time":3.165,"Actual Total Time":3.167,"Actual Rows":10000,"Actual Loops":1,"Output":["supplier.su_suppkey","supplier.su_nationkey"],"Hash Buckets":16384,"Original Hash Buckets":16384,"Hash Batches":1,"Original Hash Batches":1,"Peak Memory Usage":519,"Shared Hit Blocks":0,"Shared Read Blocks":0,"Shared Dirtied Blocks":0,"Shared Written Blocks":0,"Local Hit Blocks":0,"Local Read Blocks":0,"Local Dirtied Blocks":0,"Local Written Blocks":0,"Temp Read Blocks":0,"Temp Written Blocks":0,"I/O Read Time":0.0,"I/O Write Time":0.0,"Temp I/O Read Time":0.0,"Temp I/O Write Time":0.0,"Plans":[{"Node Type":"Append","Parent Relationship":"Outer","Parallel Aware":false,"Async Capable":false,"Startup Cost":20.0,"Total Cost":219.01,"Plan Rows":10001,"Plan Width":8,"Actual Startup Time":0.014,"Actual Total Time":1.86,"Actual Rows":10000,"Actual Loops":1,"Shared Hit Blocks":0,"Shared Read Blocks":0,"Shared Dirtied Blocks":0,"Shared Written Blocks":0,"Local Hit Blocks":0,"Local Read Blocks":0,"Local Dirtied Blocks":0,"Local Written Blocks":0,"Temp Read Blocks":0,"Temp Written Blocks":0,"I/O Read Time":0.0,"I/O Write Time":0.0,"Temp I/O Read Time":0.0,"Temp I/O Write Time":0.0,"Subplans Removed":0,"Plans":[{"Node Type":"Custom Scan","Parent Relationship":"Member","Custom Plan Provider":"columnar scan","Parallel Aware":false,"Async Capable":false,"Relation Name":"supplier","Schema":"public","Alias":"supplier","Startup Cost":20.0,"Total Cost":215.0,"Plan Rows":10000,"Plan Width":8,"Actual Startup Time":0.012,"Actual Total Time":1.088,"Actual Rows":10000,"Actual Loops":1,"Output":["supplier.su_suppkey","supplier.su_nationkey"],"Rows Removed by Columnar Filter":0,"Columnar cache search mode":"native","Shared Hit Blocks":0,"Shared Read Blocks":0,"Shared Dirtied Blocks":0,"Shared Written Blocks":0,"Local Hit Blocks":0,"Local Read Blocks":0,"Local Dirtied Blocks":0,"Local Written Blocks":0,"Temp Read Blocks":0,"Temp Written Blocks":0,"I/O Read Time":0.0,"I/O Write Time":0.0,"Temp I/O Read Time":0.0,"Temp I/O Write Time":0.0},{"Node Type":"Seq Scan","Parent Relationship":"Member","Parallel Aware":false,"Async Capable":false,"Relation Name":"supplier","Schema":"public","Alias":"supplier","Startup Cost":0.0,"Total Cost":4.01,"Plan Rows":1,"Plan Width":8,"Actual Startup Time":0.0,"Actual Total Time":0.0,"Actual Rows":0,"Actual Loops":0,"Output":["supplier.su_suppkey","supplier.su_nationkey"],"Shared Hit Blocks":0,"Shared Read Blocks":0,"Shared Dirtied Blocks":0,"Shared Written Blocks":0,"Local Hit Blocks":0,"Local Read Blocks":0,"Local Dirtied Blocks":0,"Local Written Blocks":0,"Temp Read Blocks":0,"Temp Written Blocks":0,"I/O Read Time":0.0,"I/O Write Time":0.0,"Temp I/O Read Time":0.0,"Temp I/O Write Time":0.0}]}]}]}]}]}]},"Planning":{"Shared Hit Blocks":16,"Shared Read Blocks":0,"Shared Dirtied Blocks":0,"Shared Written Blocks":0,"Local Hit Blocks":0,"Local Read Blocks":0,"Local Dirtied Blocks":0,"Local Written Blocks":0,"Temp Read Blocks":0,"Temp Written Blocks":0,"I/O Read Time":0.0,"I/O Write Time":0.0,"Temp I/O Read Time":0.0,"Temp I/O Write Time":0.0},"Planning Time":5.307,"Triggers":[],"Execution Time":16502.829}]
[列存组合]: customer, nation, region, stock, supplier
[{"Plan":{"Node Type":"Sort","Parallel Aware":false,"Async Capable":false,"Startup Cost":2011996.45,"Total Cost":2011996.61,"Plan Rows":62,"Plan Width":40,"Actual Startup Time":16635.771,"Actual Total Time":16635.8,"Actual Rows":11,"Actual Loops":1,"Output":["nation.n_name","(sum(order_line.ol_amount))"],"Sort Key":["(sum(order_line.ol_amount)) DESC"],"Sort Method":"quicksort","Sort Space Used":25,"Sort Space Type":"Memory","Shared Hit Blocks":390283,"Shared Read Blocks":0,"Shared Dirtied Blocks":0,"Shared Written Blocks":0,"Local Hit Blocks":0,"Local Read Blocks":0,"Local Dirtied Blocks":0,"Local Written Blocks":0,"Temp Read Blocks":129460,"Temp Written Blocks":129487,"I/O Read Time":0.0,"I/O Write Time":0.0,"Temp I/O Read Time":204.481,"Temp I/O Write Time":517.843,"Plans":[{"Node Type":"Aggregate","Strategy":"Sorted","Partial Mode":"Simple","Parent Relationship":"Outer","Parallel Aware":false,"Async Capable":false,"Startup Cost":2011920.67,"Total Cost":2011994.61,"Plan Rows":62,"Plan Width":40,"Actual Startup Time":16632.86,"Actual Total Time":16635.784,"Actual Rows":11,"Actual Loops":1,"Output":["nation.n_name","sum(order_line.ol_amount)"],"Group Key":["nation.n_name"],"Shared Hit Blocks":390283,"Shared Read Blocks":0,"Shared Dirtied Blocks":0,"Shared Written Blocks":0,"Local Hit Blocks":0,"Local Read Blocks":0,"Local Dirtied Blocks":0,"Local Written Blocks":0,"Temp Read Blocks":129460,"Temp Written Blocks":129487,"I/O Read Time":0.0,"I/O Write Time":0.0,"Temp I/O Read Time":204.481,"Temp I/O Write Time":517.843,"Plans":[{"Node Type":"Sort","Parent Relationship":"Outer","Parallel Aware":false,"Async Capable":false,"Startup Cost":2011920.67,"Total Cost":2011945.06,"Plan Rows":9755,"Plan Width":12,"Actual Startup Time":16632.641,"Actual Total Time":16633.433,"Actual Rows":17493,"Actual Loops":1,"Output":["nation.n_name","order_line.ol_amount"],"Sort Key":["nation.n_name"],"Sort Method":"quicksort","Sort Space Used":1725,"Sort Space Type":"Memory","Shared Hit Blocks":390283,"Shared Read Blocks":0,"Shared Dirtied Blocks":0,"Shared Written Blocks":0,"Local Hit Blocks":0,"Local Read Blocks":0,"Local Dirtied Blocks":0,"Local Written Blocks":0,"Temp Read Blocks":129460,"Temp Written Blocks":129487,"I/O Read Time":0.0,"I/O Write Time":0.0,"Temp I/O Read Time":204.481,"Temp I/O Write Time":517.843,"Plans":[{"Node Type":"Hash Join","Parent Relationship":"Outer","Parallel Aware":false,"Async Capable":false,"Join Type":"Inner","Startup Cost":1687777.4,"Total Cost":2011274.31,"Plan Rows":9755,"Plan Width":12,"Actual Startup Time":14727.453,"Actual Total Time":16623.494,"Actual Rows":17493,"Actual Loops":1,"Output":["nation.n_name","order_line.ol_amount"],"Inner Unique":true,"Hash Cond":"((mod((stock.s_w_id * stock.s_i_id), 10000) = supplier.su_suppkey) AND (customer.c_nationkey = supplier.su_nationkey))","Shared Hit Blocks":390283,"Shared Read Blocks":0,"Shared Dirtied Blocks":0,"Shared Written Blocks":0,"Local Hit Blocks":0,"Local Read Blocks":0,"Local Dirtied Blocks":0,"Local Written Blocks":0,"Temp Read Blocks":129460,"Temp Written Blocks":129487,"I/O Read Time":0.0,"I/O Write Time":0.0,"Temp I/O Read Time":204.481,"Temp I/O Write Time":517.843,"Plans":[{"Node Type":"Merge Join","Parent Relationship":"Outer","Parallel Aware":false,"Async Capable":false,"Join Type":"Inner","Startup Cost":1687408.37,"Total Cost":2007590.15,"Plan Rows":602749,"Plan Width":26,"Actual Startup Time":14723.868,"Actual Total Time":16481.503,"Actual Rows":1109507,"Actual Loops":1,"Output":["customer.c_nationkey","order_line.ol_amount","stock.s_w_id","stock.s_i_id","nation.n_name","nation.n_nationkey"],"Inner Unique":true,"Merge Cond":"((customer.c_w_id = stock.s_w_id) AND (order_line.ol_i_id = stock.s_i_id))","Shared Hit Blocks":390283,"Shared Read Blocks":0,"Shared Dirtied Blocks":0,"Shared Written Blocks":0,"Local Hit Blocks":0,"Local Read Blocks":0,"Local Dirtied Blocks":0,"Local Written Blocks":0,"Temp Read Blocks":129460,"Temp Written Blocks":129487,"I/O Read Time":0.0,"I/O Write Time":0.0,"Temp I/O Read Time":204.481,"Temp I/O Write Time":517.843,"Plans":[{"Node Type":"Sort","Parent Relationship":"Outer","Parallel Aware":false,"Async Capable":false,"Startup Cost":1687407.93,"Total Cost":1688895.62,"Plan Rows":595073,"Plan Width":30,"Actual Startup Time":14723.809,"Actual Total Time":14903.362,"Actual Rows":1109507,"Actual Loops":1,"Output":["customer.c_w_id","customer.c_nationkey","orders.o_w_id","order_line.ol_amount","order_line.ol_w_id","order_line.ol_i_id","nation.n_name","nation.n_nationkey"],"Sort Key":["customer.c_w_id","order_line.ol_i_id"],"Sort Method":"external merge","Sort Space Used":47304,"Sort Space Type":"Disk","Shared Hit Blocks":362945,"Shared Read Blocks":0,"Shared Dirtied Blocks":0,"Shared Written Blocks":0,"Local Hit Blocks":0,"Local Read Blocks":0,"Local Dirtied Blocks":0,"Local Written Blocks":0,"Temp Read Blocks":129460,"Temp Written Blocks":129487,"I/O Read Time":0.0,"I/O Write Time":0.0,"Temp I/O Read Time":204.481,"Temp I/O Write Time":517.843,"Plans":[{"Node Type":"Hash Join","Parent Relationship":"Outer","Parallel Aware":false,"Async Capable":false,"Join Type":"Inner","Startup Cost":398264.32,"Total Cost":1616094.38,"Plan Rows":595073,"Plan Width":30,"Actual Startup Time":1536.985,"Actual Total Time":13331.742,"Actual Rows":1109507,"Actual Loops":1,"Output":["customer.c_w_id","customer.c_nationkey","orders.o_w_id","order_line.ol_amount","order_line.ol_w_id","order_line.ol_i_id","nation.n_name","nation.n_nationkey"],"Inner Unique":false,"Hash Cond":"(customer.c_nationkey = nation.n_nationkey)","Shared Hit Blocks":362945,"Shared Read Blocks":0,"Shared Dirtied Blocks":0,"Shared Written Blocks":0,"Local Hit Blocks":0,"Local Read Blocks":0,"Local Dirtied Blocks":0,"Local Written Blocks":0,"Temp Read Blocks":117643,"Temp Written Blocks":117643,"I/O Read Time":0.0,"I/O Write Time":0.0,"Temp I/O Read Time":186.762,"Temp I/O Write Time":486.565,"Plans":[{"Node Type":"Hash Join","Parent Relationship":"Outer","Parallel Aware":false,"Async Capable":false,"Join Type":"Inner","Startup Cost":398261.18,"Total Cost":1599174.84,"Plan Rows":2975367,"Plan Width":18,"Actual Startup Time":1527.464,"Actual Total Time":12898.98,"Actual Rows":4284922,"Actual Loops":1,"Output":["customer.c_w_id","customer.c_nationkey","orders.o_w_id","order_line.ol_amount","order_line.ol_w_id","order_line.ol_i_id"],"Inner Unique":true,"Hash Cond":"((orders.o_c_id = customer.c_id) AND (orders.o_w_id = customer.c_w_id) AND (orders.o_d_id = customer.c_d_id))","Shared Hit Blocks":362943,"Shared Read Blocks":0,"Shared Dirtied Blocks":0,"Shared Written Blocks":0,"Local Hit Blocks":0,"Local Read Blocks":0,"Local Dirtied Blocks":0,"Local Written Blocks":0,"Temp Read Blocks":117643,"Temp Written Blocks":117643,"I/O Read Time":0.0,"I/O Write Time":0.0,"Temp I/O Read Time":186.762,"Temp I/O Write Time":486.565,"Plans":[{"Node Type":"Hash Join","Parent Relationship":"Outer","Parallel Aware":false,"Async Capable":false,"Join Type":"Inner","Startup Cost":76606.59,"Total Cost":1204573.22,"Plan Rows":2975367,"Plan Width":20,"Actual Startup Time":361.563,"Actual Total Time":9596.624,"Actual Rows":4284922,"Actual Loops":1,"Output":["orders.o_c_id","orders.o_w_id","orders.o_d_id","order_line.ol_amount","order_line.ol_w_id","order_line.ol_d_id","order_line.ol_i_id"],"Inner Unique":true,"Hash Cond":"((order_line.ol_w_id = orders.o_w_id) AND (order_line.ol_d_id = orders.o_d_id) AND (order_line.ol_o_id = orders.o_id))","Shared Hit Blocks":362943,"Shared Read Blocks":0,"Shared Dirtied Blocks":0,"Shared Written Blocks":0,"Local Hit Blocks":0,"Local Read Blocks":0,"Local Dirtied Blocks":0,"Local Written Blocks":0,"Temp Read Blocks":85996,"Temp Written Blocks":85996,"I/O Read Time":0.0,"I/O Write Time":0.0,"Temp I/O Read Time":136.136,"Temp I/O Write Time":344.369,"Plans":[{"Node Type":"Seq Scan","Parent Relationship":"Outer","Parallel Aware":false,"Async Capable":false,"Relation Name":"order_line","Schema":"public","Alias":"order_line","Startup Cost":0.0,"Total Cost":715856.4,"Plan Rows":20926367,"Plan Width":20,"Actual Startup Time":0.006,"Actual Total Time":3662.734,"Actual Rows":21002151,"Actual Loops":1,"Output":["order_line.ol_amount","order_line.ol_o_id","order_line.ol_w_id","order_line.ol_d_id","order_line.ol_i_id"],"Filter":"(order_line.ol_delivery_d >= '1992-01-02 20:10:02.27764'::timestamp without time zone)","Rows Removed by Filter":8995581,"Shared Hit Blocks":340884,"Shared Read Blocks":0,"Shared Dirtied Blocks":0,"Shared Written Blocks":0,"Local Hit Blocks":0,"Local Read Blocks":0,"Local Dirtied Blocks":0,"Local Written Blocks":0,"Temp Read Blocks":0,"Temp Written Blocks":0,"I/O Read Time":0.0,"I/O Write Time":0.0,"Temp I/O Read Time":0.0,"Temp I/O Write Time":0.0},{"Node Type":"Hash","Parent Relationship":"Inner","Parallel Aware":false,"Async Capable":false,"Startup Cost":67059.0,"Total Cost":67059.0,"Plan Rows":426548,"Plan Width":16,"Actual Startup Time":294.202,"Actual Total Time":294.207,"Actual Rows":428399,"Actual Loops":1,"Output":["orders.o_c_id","orders.o_w_id","orders.o_d_id","orders.o_id"],"Hash Buckets":262144,"Original Hash Buckets":262144,"Hash Batches":4,"Original Hash Batches":4,"Peak Memory Usage":7080,"Shared Hit Blocks":22059,"Shared Read Blocks":0,"Shared Dirtied Blocks":0,"Shared Written Blocks":0,"Local Hit Blocks":0,"Local Read Blocks":0,"Local Dirtied Blocks":0,"Local Written Blocks":0,"Temp Read Blocks":0,"Temp Written Blocks":1410,"I/O Read Time":0.0,"I/O Write Time":0.0,"Temp I/O Read Time":0.0,"Temp I/O Write Time":6.113,"Plans":[{"Node Type":"Seq Scan","Parent Relationship":"Outer","Parallel Aware":false,"Async Capable":false,"Relation Name":"orders","Schema":"public","Alias":"orders","Startup Cost":0.0,"Total Cost":67059.0,"Plan Rows":426548,"Plan Width":16,"Actual Startup Time":0.776,"Actual Total Time":219.352,"Actual Rows":428399,"Actual Loops":1,"Output":["orders.o_c_id","orders.o_w_id","orders.o_d_id","orders.o_id"],"Filter":"((orders.o_entry_d >= '1993-01-02 20:10:02.27764'::timestamp without time zone) AND (orders.o_entry_d < '1994-01-02 20:10:02.27764'::timestamp without time zone))","Rows Removed by Filter":2571601,"Shared Hit Blocks":22059,"Shared Read Blocks":0,"Shared Dirtied Blocks":0,"Shared Written Blocks":0,"Local Hit Blocks":0,"Local Read Blocks":0,"Local Dirtied Blocks":0,"Local Written Blocks":0,"Temp Read Blocks":0,"Temp Written Blocks":0,"I/O Read Time":0.0,"I/O Write Time":0.0,"Temp I/O Read Time":0.0,"Temp I/O Write Time":0.0}]}]},{"Node Type":"Hash","Parent Relationship":"Inner","Parallel Aware":false,"Async Capable":false,"Startup Cost":254511.16,"Total Cost":254511.16,"Plan Rows":2999739,"Plan Width":12,"Actual Startup Time":1163.567,"Actual Total Time":1163.573,"Actual Rows":3000000,"Actual Loops":1,"Output":["customer.c_id","customer.c_w_id","customer.c_d_id","customer.c_nationkey"],"Hash Buckets":262144,"Original Hash Buckets":262144,"Hash Batches":32,"Original Hash Batches":32,"Peak Memory Usage":6090,"Shared Hit Blocks":0,"Shared Read Blocks":0,"Shared Dirtied Blocks":0,"Shared Written Blocks":0,"Local Hit Blocks":0,"Local Read Blocks":0,"Local Dirtied Blocks":0,"Local Written Blocks":0,"Temp Read Blocks":0,"Temp Written Blocks":11335,"I/O Read Time":0.0,"I/O Write Time":0.0,"Temp I/O Read Time":0.0,"Temp I/O Write Time":47.863,"Plans":[{"Node Type":"Append","Parent Relationship":"Outer","Parallel Aware":false,"Async Capable":false,"Startup Cost":20.0,"Total Cost":254511.16,"Plan Rows":2999739,"Plan Width":12,"Actual Startup Time":0.044,"Actual Total Time":662.705,"Actual Rows":3000000,"Actual Loops":1,"Shared Hit Blocks":0,"Shared Read Blocks":0,"Shared Dirtied Blocks":0,"Shared Written Blocks":0,"Local Hit Blocks":0,"Local Read Blocks":0,"Local Dirtied Blocks":0,"Local Written Blocks":0,"Temp Read Blocks":0,"Temp Written Blocks":0,"I/O Read Time":0.0,"I/O Write Time":0.0,"Temp I/O Read Time":0.0,"Temp I/O Write Time":0.0,"Subplans Removed":0,"Plans":[{"Node Type":"Custom Scan","Parent Relationship":"Member","Custom Plan Provider":"columnar scan","Parallel Aware":false,"Async Capable":false,"Relation Name":"customer","Schema":"public","Alias":"customer","Startup Cost":20.0,"Total Cost":70513.87,"Plan Rows":2999738,"Plan Width":12,"Actual Startup Time":0.041,"Actual Total Time":452.344,"Actual Rows":3000000,"Actual Loops":1,"Output":["customer.c_id","customer.c_w_id","customer.c_d_id","customer.c_nationkey"],"Rows Removed by Columnar Filter":0,"Columnar cache search mode":"native","Shared Hit Blocks":0,"Shared Read Blocks":0,"Shared Dirtied Blocks":0,"Shared Written Blocks":0,"Local Hit Blocks":0,"Local Read Blocks":0,"Local Dirtied Blocks":0,"Local Written Blocks":0,"Temp Read Blocks":0,"Temp Written Blocks":0,"I/O Read Time":0.0,"I/O Write Time":0.0,"Temp I/O Read Time":0.0,"Temp I/O Write Time":0.0},{"Node Type":"Seq Scan","Parent Relationship":"Member","Parallel Aware":false,"Async Capable":false,"Relation Name":"customer","Schema":"public","Alias":"customer","Startup Cost":0.0,"Total Cost":4.01,"Plan Rows":1,"Plan Width":12,"Actual Startup Time":0.0,"Actual Total Time":0.0,"Actual Rows":0,"Actual Loops":0,"Output":["customer.c_id","customer.c_w_id","customer.c_d_id","customer.c_nationkey"],"Shared Hit Blocks":0,"Shared Read Blocks":0,"Shared Dirtied Blocks":0,"Shared Written Blocks":0,"Local Hit Blocks":0,"Local Read Blocks":0,"Local Dirtied Blocks":0,"Local Written Blocks":0,"Temp Read Blocks":0,"Temp Written Blocks":0,"I/O Read Time":0.0,"I/O Write Time":0.0,"Temp I/O Read Time":0.0,"Temp I/O Write Time":0.0}]}]}]},{"Node Type":"Hash","Parent Relationship":"Inner","Parallel Aware":false,"Async Capable":false,"Startup Cost":2.99,"Total Cost":2.99,"Plan Rows":12,"Plan Width":12,"Actual Startup Time":0.042,"Actual Total Time":0.047,"Actual Rows":22,"Actual Loops":1,"Output":["nation.n_name","nation.n_nationkey"],"Hash Buckets":1024,"Original Hash Buckets":1024,"Hash Batches":1,"Original Hash Batches":1,"Peak Memory Usage":9,"Shared Hit Blocks":2,"Shared Read Blocks":0,"Shared Dirtied Blocks":0,"Shared Written Blocks":0,"Local Hit Blocks":0,"Local Read Blocks":0,"Local Dirtied Blocks":0,"Local Written Blocks":0,"Temp Read Blocks":0,"Temp Written Blocks":0,"I/O Read Time":0.0,"I/O Write Time":0.0,"Temp I/O Read Time":0.0,"Temp I/O Write Time":0.0,"Plans":[{"Node Type":"Hash Join","Parent Relationship":"Outer","Parallel Aware":false,"Async Capable":false,"Join Type":"Inner","Startup Cost":1.07,"Total Cost":2.99,"Plan Rows":12,"Plan Width":12,"Actual Startup Time":0.025,"Actual Total Time":0.04,"Actual Rows":22,"Actual Loops":1,"Output":["nation.n_name","nation.n_nationkey"],"Inner Unique":true,"Hash Cond":"(nation.n_regionkey = region.r_regionkey)","Shared Hit Blocks":2,"Shared Read Blocks":0,"Shared Dirtied Blocks":0,"Shared Written Blocks":0,"Local Hit Blocks":0,"Local Read Blocks":0,"Local Dirtied Blocks":0,"Local Written Blocks":0,"Temp Read Blocks":0,"Temp Written Blocks":0,"I/O Read Time":0.0,"I/O Write Time":0.0,"Temp I/O Read Time":0.0,"Temp I/O Write Time":0.0,"Plans":[{"Node Type":"Seq Scan","Parent Relationship":"Outer","Parallel Aware":false,"Async Capable":false,"Relation Name":"nation","Schema":"public","Alias":"nation","Startup Cost":0.0,"Total Cost":1.62,"Plan Rows":62,"Plan Width":16,"Actual Startup Time":0.007,"Actual Total Time":0.01,"Actual Rows":62,"Actual Loops":1,"Output":["nation.n_nationkey","nation.n_name","nation.n_regionkey","nation.n_comment"],"Shared Hit Blocks":1,"Shared Read Blocks":0,"Shared Dirtied Blocks":0,"Shared Written Blocks":0,"Local Hit Blocks":0,"Local Read Blocks":0,"Local Dirtied Blocks":0,"Local Written Blocks":0,"Temp Read Blocks":0,"Temp Written Blocks":0,"I/O Read Time":0.0,"I/O Write Time":0.0,"Temp I/O Read Time":0.0,"Temp I/O Write Time":0.0},{"Node Type":"Hash","Parent Relationship":"Inner","Parallel Aware":false,"Async Capable":false,"Startup Cost":1.06,"Total Cost":1.06,"Plan Rows":1,"Plan Width":4,"Actual Startup Time":0.007,"Actual Total Time":0.009,"Actual Rows":1,"Actual Loops":1,"Output":["region.r_regionkey"],"Hash Buckets":1024,"Original Hash Buckets":1024,"Hash Batches":1,"Original Hash Batches":1,"Peak Memory Usage":9,"Shared Hit Blocks":1,"Shared Read Blocks":0,"Shared Dirtied Blocks":0,"Shared Written Blocks":0,"Local Hit Blocks":0,"Local Read Blocks":0,"Local Dirtied Blocks":0,"Local Written Blocks":0,"Temp Read Blocks":0,"Temp Written Blocks":0,"I/O Read Time":0.0,"I/O Write Time":0.0,"Temp I/O Read Time":0.0,"Temp I/O Write Time":0.0,"Plans":[{"Node Type":"Seq Scan","Parent Relationship":"Outer","Parallel Aware":false,"Async Capable":false,"Relation Name":"region","Schema":"public","Alias":"region","Startup Cost":0.0,"Total Cost":1.06,"Plan Rows":1,"Plan Width":4,"Actual Startup Time":0.005,"Actual Total Time":0.006,"Actual Rows":1,"Actual Loops":1,"Output":["region.r_regionkey"],"Filter":"((region.r_name)::text = 'Europe'::text)","Rows Removed by Filter":4,"Shared Hit Blocks":1,"Shared Read Blocks":0,"Shared Dirtied Blocks":0,"Shared Written Blocks":0,"Local Hit Blocks":0,"Local Read Blocks":0,"Local Dirtied Blocks":0,"Local Written Blocks":0,"Temp Read Blocks":0,"Temp Written Blocks":0,"I/O Read Time":0.0,"I/O Write Time":0.0,"Temp I/O Read Time":0.0,"Temp I/O Write Time":0.0}]}]}]}]}]},{"Node Type":"Index Only Scan","Parent Relationship":"Inner","Parallel Aware":false,"Async Capable":false,"Scan Direction":"Forward","Index Name":"stock_pk","Relation Name":"stock","Schema":"public","Alias":"stock","Startup Cost":0.43,"Total Cost":259690.86,"Plan Rows":10000162,"Plan Width":6,"Actual Startup Time":0.046,"Actual Total Time":750.815,"Actual Rows":9999996,"Actual Loops":1,"Output":["stock.s_w_id","stock.s_i_id"],"Heap Fetches":0,"Shared Hit Blocks":27338,"Shared Read Blocks":0,"Shared Dirtied Blocks":0,"Shared Written Blocks":0,"Local Hit Blocks":0,"Local Read Blocks":0,"Local Dirtied Blocks":0,"Local Written Blocks":0,"Temp Read Blocks":0,"Temp Written Blocks":0,"I/O Read Time":0.0,"I/O Write Time":0.0,"Temp I/O Read Time":0.0,"Temp I/O Write Time":0.0}]},{"Node Type":"Hash","Parent Relationship":"Inner","Parallel Aware":false,"Async Capable":false,"Startup Cost":219.01,"Total Cost":219.01,"Plan Rows":10001,"Plan Width":8,"Actual Startup Time":3.152,"Actual Total Time":3.154,"Actual Rows":10000,"Actual Loops":1,"Output":["supplier.su_suppkey","supplier.su_nationkey"],"Hash Buckets":16384,"Original Hash Buckets":16384,"Hash Batches":1,"Original Hash Batches":1,"Peak Memory Usage":519,"Shared Hit Blocks":0,"Shared Read Blocks":0,"Shared Dirtied Blocks":0,"Shared Written Blocks":0,"Local Hit Blocks":0,"Local Read Blocks":0,"Local Dirtied Blocks":0,"Local Written Blocks":0,"Temp Read Blocks":0,"Temp Written Blocks":0,"I/O Read Time":0.0,"I/O Write Time":0.0,"Temp I/O Read Time":0.0,"Temp I/O Write Time":0.0,"Plans":[{"Node Type":"Append","Parent Relationship":"Outer","Parallel Aware":false,"Async Capable":false,"Startup Cost":20.0,"Total Cost":219.01,"Plan Rows":10001,"Plan Width":8,"Actual Startup Time":0.012,"Actual Total Time":1.797,"Actual Rows":10000,"Actual Loops":1,"Shared Hit Blocks":0,"Shared Read Blocks":0,"Shared Dirtied Blocks":0,"Shared Written Blocks":0,"Local Hit Blocks":0,"Local Read Blocks":0,"Local Dirtied Blocks":0,"Local Written Blocks":0,"Temp Read Blocks":0,"Temp Written Blocks":0,"I/O Read Time":0.0,"I/O Write Time":0.0,"Temp I/O Read Time":0.0,"Temp I/O Write Time":0.0,"Subplans Removed":0,"Plans":[{"Node Type":"Custom Scan","Parent Relationship":"Member","Custom Plan Provider":"columnar scan","Parallel Aware":false,"Async Capable":false,"Relation Name":"supplier","Schema":"public","Alias":"supplier","Startup Cost":20.0,"Total Cost":215.0,"Plan Rows":10000,"Plan Width":8,"Actual Startup Time":0.011,"Actual Total Time":1.091,"Actual Rows":10000,"Actual Loops":1,"Output":["supplier.su_suppkey","supplier.su_nationkey"],"Rows Removed by Columnar Filter":0,"Columnar cache search mode":"native","Shared Hit Blocks":0,"Shared Read Blocks":0,"Shared Dirtied Blocks":0,"Shared Written Blocks":0,"Local Hit Blocks":0,"Local Read Blocks":0,"Local Dirtied Blocks":0,"Local Written Blocks":0,"Temp Read Blocks":0,"Temp Written Blocks":0,"I/O Read Time":0.0,"I/O Write Time":0.0,"Temp I/O Read Time":0.0,"Temp I/O Write Time":0.0},{"Node Type":"Seq Scan","Parent Relationship":"Member","Parallel Aware":false,"Async Capable":false,"Relation Name":"supplier","Schema":"public","Alias":"supplier","Startup Cost":0.0,"Total Cost":4.01,"Plan Rows":1,"Plan Width":8,"Actual Startup Time":0.0,"Actual Total Time":0.0,"Actual Rows":0,"Actual Loops":0,"Output":["supplier.su_suppkey","supplier.su_nationkey"],"Shared Hit Blocks":0,"Shared Read Blocks":0,"Shared Dirtied Blocks":0,"Shared Written Blocks":0,"Local Hit Blocks":0,"Local Read Blocks":0,"Local Dirtied Blocks":0,"Local Written Blocks":0,"Temp Read Blocks":0,"Temp Written Blocks":0,"I/O Read Time":0.0,"I/O Write Time":0.0,"Temp I/O Read Time":0.0,"Temp I/O Write Time":0.0}]}]}]}]}]}]},"Planning":{"Shared Hit Blocks":16,"Shared Read Blocks":0,"Shared Dirtied Blocks":0,"Shared Written Blocks":0,"Local Hit Blocks":0,"Local Read Blocks":0,"Local Dirtied Blocks":0,"Local Written Blocks":0,"Temp Read Blocks":0,"Temp Written Blocks":0,"I/O Read Time":0.0,"I/O Write Time":0.0,"Temp I/O Read Time":0.0,"Temp I/O Write Time":0.0},"Planning Time":5.107,"Triggers":[],"Execution Time":16643.992}]
[列存组合]: customer, order_line, orders, region, stock
[{"Plan":{"Node Type":"Sort","Parallel Aware":false,"Async Capable":false,"Startup Cost":1193700.02,"Total Cost":1193700.17,"Plan Rows":62,"Plan Width":40,"Actual Startup Time":5161.124,"Actual Total Time":5161.138,"Actual Rows":11,"Actual Loops":1,"Output":["nation.n_name","(sum(order_line.ol_amount))"],"Sort Key":["(sum(order_line.ol_amount)) DESC"],"Sort Method":"quicksort","Sort Space Used":25,"Sort Space Type":"Memory","Shared Hit Blocks":219,"Shared Read Blocks":0,"Shared Dirtied Blocks":0,"Shared Written Blocks":0,"Local Hit Blocks":0,"Local Read Blocks":0,"Local Dirtied Blocks":0,"Local Written Blocks":0,"Temp Read Blocks":31471,"Temp Written Blocks":31471,"I/O Read Time":0.0,"I/O Write Time":0.0,"Temp I/O Read Time":50.454,"Temp I/O Write Time":140.273,"Plans":[{"Node Type":"Aggregate","Strategy":"Sorted","Partial Mode":"Simple","Parent Relationship":"Outer","Parallel Aware":false,"Async Capable":false,"Startup Cost":1193624.23,"Total Cost":1193698.17,"Plan Rows":62,"Plan Width":40,"Actual Startup Time":5158.285,"Actual Total Time":5161.125,"Actual Rows":11,"Actual Loops":1,"Output":["nation.n_name","sum(order_line.ol_amount)"],"Group Key":["nation.n_name"],"Shared Hit Blocks":219,"Shared Read Blocks":0,"Shared Dirtied Blocks":0,"Shared Written Blocks":0,"Local Hit Blocks":0,"Local Read Blocks":0,"Local Dirtied Blocks":0,"Local Written Blocks":0,"Temp Read Blocks":31471,"Temp Written Blocks":31471,"I/O Read Time":0.0,"I/O Write Time":0.0,"Temp I/O Read Time":50.454,"Temp I/O Write Time":140.273,"Plans":[{"Node Type":"Sort","Parent Relationship":"Outer","Parallel Aware":false,"Async Capable":false,"Startup Cost":1193624.23,"Total Cost":1193648.62,"Plan Rows":9755,"Plan Width":12,"Actual Startup Time":5158.074,"Actual Total Time":5158.836,"Actual Rows":17493,"Actual Loops":1,"Output":["nation.n_name","order_line.ol_amount"],"Sort Key":["nation.n_name"],"Sort Method":"quicksort","Sort Space Used":1725,"Sort Space Type":"Memory","Shared Hit Blocks":219,"Shared Read Blocks":0,"Shared Dirtied Blocks":0,"Shared Written Blocks":0,"Local Hit Blocks":0,"Local Read Blocks":0,"Local Dirtied Blocks":0,"Local Written Blocks":0,"Temp Read Blocks":31471,"Temp Written Blocks":31471,"I/O Read Time":0.0,"I/O Write Time":0.0,"Temp I/O Read Time":50.454,"Temp I/O Write Time":140.273,"Plans":[{"Node Type":"Hash Join","Parent Relationship":"Outer","Parallel Aware":false,"Async Capable":false,"Join Type":"Inner","Startup Cost":434170.67,"Total Cost":1192977.87,"Plan Rows":9755,"Plan Width":12,"Actual Startup Time":1993.4,"Actual Total Time":5149.615,"Actual Rows":17493,"Actual Loops":1,"Output":["nation.n_name","order_line.ol_amount"],"Hash Cond":"((orders.o_c_id = customer.c_id) AND (orders.o_w_id = customer.c_w_id) AND (orders.o_d_id = customer.c_d_id) AND (supplier.su_nationkey = customer.c_nationkey))","Shared Hit Blocks":219,"Shared Read Blocks":0,"Shared Dirtied Blocks":0,"Shared Written Blocks":0,"Local Hit Blocks":0,"Local Read Blocks":0,"Local Dirtied Blocks":0,"Local Written Blocks":0,"Temp Read Blocks":31471,"Temp Written Blocks":31471,"I/O Read Time":0.0,"I/O Write Time":0.0,"Temp I/O Read Time":50.454,"Temp I/O Write Time":140.273,"Plans":[{"Node Type":"Hash Join","Parent Relationship":"Outer","Parallel Aware":false,"Async Capable":false,"Join Type":"Inner","Startup Cost":105016.74,"Total Cost":833427.02,"Plan Rows":602754,"Plan Width":34,"Actual Startup Time":780.522,"Actual Total Time":3153.909,"Actual Rows":1489124,"Actual Loops":1,"Output":["orders.o_c_id","orders.o_w_id","orders.o_d_id","order_line.ol_amount","order_line.ol_w_id","order_line.ol_d_id","stock.s_w_id","supplier.su_nationkey","nation.n_name","nation.n_nationkey"],"Hash Cond":"((order_line.ol_w_id = orders.o_w_id) AND (order_line.ol_d_id = orders.o_d_id) AND (order_line.ol_o_id = orders.o_id))","Shared Hit Blocks":219,"Shared Read Blocks":0,"Shared Dirtied Blocks":0,"Shared Written Blocks":0,"Local Hit Blocks":0,"Local Read Blocks":0,"Local Dirtied Blocks":0,"Local Written Blocks":0,"Temp Read Blocks":9894,"Temp Written Blocks":9894,"I/O Read Time":0.0,"I/O Write Time":0.0,"Temp I/O Read Time":16.286,"Temp I/O Write Time":43.57,"Plans":[{"Node Type":"Hash Join","Parent Relationship":"Outer","Parallel Aware":false,"Async Capable":false,"Join Type":"Inner","Startup Cost":29725.01,"Total Cost":656340.76,"Plan Rows":4242986,"Plan Width":34,"Actual Startup Time":566.318,"Actual Total Time":2219.647,"Actual Rows":1498118,"Actual Loops":1,"Output":["order_line.ol_amount","order_line.ol_o_id","order_line.ol_w_id","order_line.ol_d_id","stock.s_w_id","supplier.su_nationkey","nation.n_name","nation.n_nationkey"],"Hash Cond":"(mod((stock.s_w_id * stock.s_i_id), 10000) = supplier.su_suppkey)","Shared Hit Blocks":219,"Shared Read Blocks":0,"Shared Dirtied Blocks":0,"Shared Written Blocks":0,"Local Hit Blocks":0,"Local Read Blocks":0,"Local Dirtied Blocks":0,"Local Written Blocks":0,"Temp Read Blocks":0,"Temp Written Blocks":0,"I/O Read Time":0.0,"I/O Write Time":0.0,"Temp I/O Read Time":0.0,"Temp I/O Write Time":0.0,"Plans":[{"Node Type":"Hash Join","Parent Relationship":"Outer","Parallel Aware":false,"Async Capable":false,"Join Type":"Inner","Startup Cost":29323.02,"Total Cost":480915.59,"Plan Rows":21214932,"Plan Width":22,"Actual Startup Time":563.434,"Actual Total Time":1525.995,"Actual Rows":4311079,"Actual Loops":1,"Output":["order_line.ol_amount","order_line.ol_o_id","order_line.ol_w_id","order_line.ol_d_id","stock.s_w_id","stock.s_i_id"],"Hash Cond":"((order_line.ol_w_id = stock.s_w_id) AND (order_line.ol_i_id = stock.s_i_id))","Rows Removed by Bloom Filter":0,"Shared Hit Blocks":0,"Shared Read Blocks":0,"Shared Dirtied Blocks":0,"Shared Written Blocks":0,"Local Hit Blocks":0,"Local Read Blocks":0,"Local Dirtied Blocks":0,"Local Written Blocks":0,"Temp Read Blocks":0,"Temp Written Blocks":0,"I/O Read Time":0.0,"I/O Write Time":0.0,"Temp I/O Read Time":0.0,"Temp I/O Write Time":0.0,"Plans":[{"Node Type":"Append","Parent Relationship":"Outer","Parallel Aware":false,"Async Capable":false,"Startup Cost":20.0,"Total Cost":533646.5,"Plan Rows":20926367,"Plan Width":20,"Actual Startup Time":122.964,"Actual Total Time":122.967,"Actual Rows":4311079,"Actual Loops":1,"Shared Hit Blocks":0,"Shared Read Blocks":0,"Shared Dirtied Blocks":0,"Shared Written Blocks":0,"Local Hit Blocks":0,"Local Read Blocks":0,"Local Dirtied Blocks":0,"Local Written Blocks":0,"Temp Read Blocks":0,"Temp Written Blocks":0,"I/O Read Time":0.0,"I/O Write Time":0.0,"Temp I/O Read Time":0.0,"Temp I/O Write Time":0.0,"Subplans Removed":0,"Plans":[{"Node Type":"Custom Scan","Parent Relationship":"Member","Custom Plan Provider":"columnar scan","Parallel Aware":false,"Async Capable":false,"Relation Name":"order_line","Schema":"public","Alias":"order_line","Startup Cost":20.0,"Total Cost":533641.75,"Plan Rows":20926325,"Plan Width":20,"Actual Startup Time":122.962,"Actual Total Time":122.964,"Actual Rows":4311079,"Actual Loops":1,"Output":["order_line.ol_amount","order_line.ol_o_id","order_line.ol_w_id","order_line.ol_d_id","order_line.ol_i_id"],"Filter":"(order_line.ol_delivery_d >= '1992-01-02 20:10:02.27764'::timestamp without time zone)","Rows Removed by Filter":0,"Rows Removed by Columnar Filter":25686653,"Rows Filtered by Bloom Filter":0,"Dictionary Rows Filtered by Bloom Filter":25686653,"Columnar cache search mode":"native","Shared Hit Blocks":0,"Shared Read Blocks":0,"Shared Dirtied Blocks":0,"Shared Written Blocks":0,"Local Hit Blocks":0,"Local Read Blocks":0,"Local Dirtied Blocks":0,"Local Written Blocks":0,"Temp Read Blocks":0,"Temp Written Blocks":0,"I/O Read Time":0.0,"I/O Write Time":0.0,"Temp I/O Read Time":0.0,"Temp I/O Write Time":0.0},{"Node Type":"Seq Scan","Parent Relationship":"Member","Parallel Aware":false,"Async Capable":false,"Relation Name":"order_line","Schema":"public","Alias":"order_line","Startup Cost":0.0,"Total Cost":4.75,"Plan Rows":42,"Plan Width":20,"Actual Startup Time":0.0,"Actual Total Time":0.0,"Actual Rows":0,"Actual Loops":0,"Output":["order_line.ol_amount","order_line.ol_o_id","order_line.ol_w_id","order_line.ol_d_id","order_line.ol_i_id"],"Filter":"(order_line.ol_delivery_d >= '1992-01-02 20:10:02.27764'::timestamp without time zone)","Rows Removed by Filter":0,"Shared Hit Blocks":0,"Shared Read Blocks":0,"Shared Dirtied Blocks":0,"Shared Written Blocks":0,"Local Hit Blocks":0,"Local Read Blocks":0,"Local Dirtied Blocks":0,"Local Written Blocks":0,"Temp Read Blocks":0,"Temp Written Blocks":0,"I/O Read Time":0.0,"I/O Write Time":0.0,"Temp I/O Read Time":0.0,"Temp I/O Write Time":0.0}]},{"Node Type":"Hash","Parent Relationship":"Inner","Parallel Aware":false,"Async Capable":false,"Startup Cost":195025.67,"Total Cost":195025.67,"Plan Rows":10000162,"Plan Width":6,"Actual Rows":10000000,"Actual Loops":1,"Output":["stock.s_w_id","stock.s_i_id"],"Shared Hit Blocks":0,"Shared Read Blocks":0,"Shared Dirtied Blocks":0,"Shared Written Blocks":0,"Local Hit Blocks":0,"Local Read Blocks":0,"Local Dirtied Blocks":0,"Local Written Blocks":0,"Temp Read Blocks":0,"Temp Written Blocks":0,"I/O Read Time":0.0,"I/O Write Time":0.0,"Temp I/O Read Time":0.0,"Temp I/O Write Time":0.0,"Plans":[{"Node Type":"Append","Parent Relationship":"Outer","Parallel Aware":false,"Async Capable":false,"Startup Cost":20.0,"Total Cost":195025.67,"Plan Rows":10000162,"Plan Width":6,"Actual Startup Time":0.227,"Actual Total Time":0.228,"Actual Rows":10000000,"Actual Loops":1,"Shared Hit Blocks":0,"Shared Read Blocks":0,"Shared Dirtied Blocks":0,"Shared Written Blocks":0,"Local Hit Blocks":0,"Local Read Blocks":0,"Local Dirtied Blocks":0,"Local Written Blocks":0,"Temp Read Blocks":0,"Temp Written Blocks":0,"I/O Read Time":0.0,"I/O Write Time":0.0,"Temp I/O Read Time":0.0,"Temp I/O Write Time":0.0,"Subplans Removed":0,"Plans":[{"Node Type":"Custom Scan","Parent Relationship":"Member","Custom Plan Provider":"columnar scan","Parallel Aware":false,"Async Capable":false,"Relation Name":"stock","Schema":"public","Alias":"stock","Startup Cost":20.0,"Total Cost":195020.05,"Plan Rows":10000000,"Plan Width":6,"Actual Startup Time":0.226,"Actual Total Time":0.227,"Actual Rows":10000000,"Actual Loops":1,"Output":["stock.s_w_id","stock.s_i_id"],"Rows Removed by Columnar Filter":0,"Columnar cache search mode":"native","Shared Hit Blocks":0,"Shared Read Blocks":0,"Shared Dirtied Blocks":0,"Shared Written Blocks":0,"Local Hit Blocks":0,"Local Read Blocks":0,"Local Dirtied Blocks":0,"Local Written Blocks":0,"Temp Read Blocks":0,"Temp Written Blocks":0,"I/O Read Time":0.0,"I/O Write Time":0.0,"Temp I/O Read Time":0.0,"Temp I/O Write Time":0.0},{"Node Type":"Seq Scan","Parent Relationship":"Member","Parallel Aware":false,"Async Capable":false,"Relation Name":"stock","Schema":"public","Alias":"stock","Startup Cost":0.0,"Total Cost":5.62,"Plan Rows":162,"Plan Width":6,"Actual Startup Time":0.0,"Actual Total Time":0.0,"Actual Rows":0,"Actual Loops":0,"Output":["stock.s_w_id","stock.s_i_id"],"Shared Hit Blocks":0,"Shared Read Blocks":0,"Shared Dirtied Blocks":0,"Shared Written Blocks":0,"Local Hit Blocks":0,"Local Read Blocks":0,"Local Dirtied Blocks":0,"Local Written Blocks":0,"Temp Read Blocks":0,"Temp Written Blocks":0,"I/O Read Time":0.0,"I/O Write Time":0.0,"Temp I/O Read Time":0.0,"Temp I/O Write Time":0.0}]}]}]},{"Node Type":"Hash","Parent Relationship":"Inner","Parallel Aware":false,"Async Capable":false,"Startup Cost":376.99,"Total Cost":376.99,"Plan Rows":2000,"Plan Width":20,"Actual Startup Time":2.854,"Actual Total Time":2.857,"Actual Rows":3506,"Actual Loops":1,"Output":["supplier.su_suppkey","supplier.su_nationkey","nation.n_name","nation.n_nationkey"],"Hash Buckets":4096,"Original Hash Buckets":2048,"Hash Batches":1,"Original Hash Batches":1,"Peak Memory Usage":217,"Shared Hit Blocks":219,"Shared Read Blocks":0,"Shared Dirtied Blocks":0,"Shared Written Blocks":0,"Local Hit Blocks":0,"Local Read Blocks":0,"Local Dirtied Blocks":0,"Local Written Blocks":0,"Temp Read Blocks":0,"Temp Written Blocks":0,"I/O Read Time":0.0,"I/O Write Time":0.0,"Temp I/O Read Time":0.0,"Temp I/O Write Time":0.0,"Plans":[{"Node Type":"Hash Join","Parent Relationship":"Outer","Parallel Aware":false,"Async Capable":false,"Join Type":"Inner","Startup Cost":3.14,"Total Cost":376.99,"Plan Rows":2000,"Plan Width":20,"Actual Startup Time":0.071,"Actual Total Time":2.272,"Actual Rows":3506,"Actual Loops":1,"Output":["supplier.su_suppkey","supplier.su_nationkey","nation.n_name","nation.n_nationkey"],"Hash Cond":"(supplier.su_nationkey = nation.n_nationkey)","Shared Hit Blocks":219,"Shared Read Blocks":0,"Shared Dirtied Blocks":0,"Shared Written Blocks":0,"Local Hit Blocks":0,"Local Read Blocks":0,"Local Dirtied Blocks":0,"Local Written Blocks":0,"Temp Read Blocks":0,"Temp Written Blocks":0,"I/O Read Time":0.0,"I/O Write Time":0.0,"Temp I/O Read Time":0.0,"Temp I/O Write Time":0.0,"Plans":[{"Node Type":"Seq Scan","Parent Relationship":"Outer","Parallel Aware":false,"Async Capable":false,"Relation Name":"supplier","Schema":"public","Alias":"supplier","Startup Cost":0.0,"Total Cost":317.0,"Plan Rows":10000,"Plan Width":8,"Actual Startup Time":0.015,"Actual Total Time":0.835,"Actual Rows":10000,"Actual Loops":1,"Output":["supplier.su_suppkey","supplier.su_name","supplier.su_address","supplier.su_nationkey","supplier.su_phone","supplier.su_acctbal","supplier.su_comment"],"Shared Hit Blocks":217,"Shared Read Blocks":0,"Shared Dirtied Blocks":0,"Shared Written Blocks":0,"Local Hit Blocks":0,"Local Read Blocks":0,"Local Dirtied Blocks":0,"Local Written Blocks":0,"Temp Read Blocks":0,"Temp Written Blocks":0,"I/O Read Time":0.0,"I/O Write Time":0.0,"Temp I/O Read Time":0.0,"Temp I/O Write Time":0.0},{"Node Type":"Hash","Parent Relationship":"Inner","Parallel Aware":false,"Async Capable":false,"Startup Cost":2.99,"Total Cost":2.99,"Plan Rows":12,"Plan Width":12,"Actual Startup Time":0.047,"Actual Total Time":0.049,"Actual Rows":22,"Actual Loops":1,"Output":["nation.n_name","nation.n_nationkey"],"Hash Buckets":1024,"Original Hash Buckets":1024,"Hash Batches":1,"Original Hash Batches":1,"Peak Memory Usage":9,"Shared Hit Blocks":2,"Shared Read Blocks":0,"Shared Dirtied Blocks":0,"Shared Written Blocks":0,"Local Hit Blocks":0,"Local Read Blocks":0,"Local Dirtied Blocks":0,"Local Written Blocks":0,"Temp Read Blocks":0,"Temp Written Blocks":0,"I/O Read Time":0.0,"I/O Write Time":0.0,"Temp I/O Read Time":0.0,"Temp I/O Write Time":0.0,"Plans":[{"Node Type":"Hash Join","Parent Relationship":"Outer","Parallel Aware":false,"Async Capable":false,"Join Type":"Inner","Startup Cost":1.07,"Total Cost":2.99,"Plan Rows":12,"Plan Width":12,"Actual Startup Time":0.029,"Actual Total Time":0.043,"Actual Rows":22,"Actual Loops":1,"Output":["nation.n_name","nation.n_nationkey"],"Hash Cond":"(nation.n_regionkey = region.r_regionkey)","Shared Hit Blocks":2,"Shared Read Blocks":0,"Shared Dirtied Blocks":0,"Shared Written Blocks":0,"Local Hit Blocks":0,"Local Read Blocks":0,"Local Dirtied Blocks":0,"Local Written Blocks":0,"Temp Read Blocks":0,"Temp Written Blocks":0,"I/O Read Time":0.0,"I/O Write Time":0.0,"Temp I/O Read Time":0.0,"Temp I/O Write Time":0.0,"Plans":[{"Node Type":"Seq Scan","Parent Relationship":"Outer","Parallel Aware":false,"Async Capable":false,"Relation Name":"nation","Schema":"public","Alias":"nation","Startup Cost":0.0,"Total Cost":1.62,"Plan Rows":62,"Plan Width":16,"Actual Startup Time":0.005,"Actual Total Time":0.009,"Actual Rows":62,"Actual Loops":1,"Output":["nation.n_nationkey","nation.n_name","nation.n_regionkey","nation.n_comment"],"Shared Hit Blocks":1,"Shared Read Blocks":0,"Shared Dirtied Blocks":0,"Shared Written Blocks":0,"Local Hit Blocks":0,"Local Read Blocks":0,"Local Dirtied Blocks":0,"Local Written Blocks":0,"Temp Read Blocks":0,"Temp Written Blocks":0,"I/O Read Time":0.0,"I/O Write Time":0.0,"Temp I/O Read Time":0.0,"Temp I/O Write Time":0.0},{"Node Type":"Hash","Parent Relationship":"Inner","Parallel Aware":false,"Async Capable":false,"Startup Cost":1.06,"Total Cost":1.06,"Plan Rows":1,"Plan Width":4,"Actual Startup Time":0.012,"Actual Total Time":0.013,"Actual Rows":1,"Actual Loops":1,"Output":["region.r_regionkey"],"Hash Buckets":1024,"Original Hash Buckets":1024,"Hash Batches":1,"Original Hash Batches":1,"Peak Memory Usage":9,"Shared Hit Blocks":1,"Shared Read Blocks":0,"Shared Dirtied Blocks":0,"Shared Written Blocks":0,"Local Hit Blocks":0,"Local Read Blocks":0,"Local Dirtied Blocks":0,"Local Written Blocks":0,"Temp Read Blocks":0,"Temp Written Blocks":0,"I/O Read Time":0.0,"I/O Write Time":0.0,"Temp I/O Read Time":0.0,"Temp I/O Write Time":0.0,"Plans":[{"Node Type":"Seq Scan","Parent Relationship":"Outer","Parallel Aware":false,"Async Capable":false,"Relation Name":"region","Schema":"public","Alias":"region","Startup Cost":0.0,"Total Cost":1.06,"Plan Rows":1,"Plan Width":4,"Actual Startup Time":0.01,"Actual Total Time":0.01,"Actual Rows":1,"Actual Loops":1,"Output":["region.r_regionkey"],"Filter":"((region.r_name)::text = 'Europe'::text)","Rows Removed by Filter":4,"Shared Hit Blocks":1,"Shared Read Blocks":0,"Shared Dirtied Blocks":0,"Shared Written Blocks":0,"Local Hit Blocks":0,"Local Read Blocks":0,"Local Dirtied Blocks":0,"Local Written Blocks":0,"Temp Read Blocks":0,"Temp Written Blocks":0,"I/O Read Time":0.0,"I/O Write Time":0.0,"Temp I/O Read Time":0.0,"Temp I/O Write Time":0.0}]}]}]}]}]}]},{"Node Type":"Hash","Parent Relationship":"Inner","Parallel Aware":false,"Async Capable":false,"Startup Cost":65744.12,"Total Cost":65744.12,"Plan Rows":426549,"Plan Width":16,"Actual Startup Time":212.572,"Actual Total Time":212.573,"Actual Rows":428399,"Actual Loops":1,"Output":["orders.o_c_id","orders.o_w_id","orders.o_d_id","orders.o_id"],"Hash Buckets":262144,"Original Hash Buckets":262144,"Hash Batches":4,"Original Hash Batches":4,"Peak Memory Usage":7080,"Shared Hit Blocks":0,"Shared Read Blocks":0,"Shared Dirtied Blocks":0,"Shared Written Blocks":0,"Local Hit Blocks":0,"Local Read Blocks":0,"Local Dirtied Blocks":0,"Local Written Blocks":0,"Temp Read Blocks":0,"Temp Written Blocks":1410,"I/O Read Time":0.0,"I/O Write Time":0.0,"Temp I/O Read Time":0.0,"Temp I/O Write Time":6.157,"Plans":[{"Node Type":"Append","Parent Relationship":"Outer","Parallel Aware":false,"Async Capable":false,"Startup Cost":20.0,"Total Cost":65744.12,"Plan Rows":426549,"Plan Width":16,"Actual Startup Time":0.505,"Actual Total Time":105.626,"Actual Rows":428399,"Actual Loops":1,"Shared Hit Blocks":0,"Shared Read Blocks":0,"Shared Dirtied Blocks":0,"Shared Written Blocks":0,"Local Hit Blocks":0,"Local Read Blocks":0,"Local Dirtied Blocks":0,"Local Written Blocks":0,"Temp Read Blocks":0,"Temp Written Blocks":0,"I/O Read Time":0.0,"I/O Write Time":0.0,"Temp I/O Read Time":0.0,"Temp I/O Write Time":0.0,"Subplans Removed":0,"Plans":[{"Node Type":"Custom Scan","Parent Relationship":"Member","Custom Plan Provider":"columnar scan","Parallel Aware":false,"Async Capable":false,"Relation Name":"orders","Schema":"public","Alias":"orders","Startup Cost":20.0,"Total Cost":10043.96,"Plan Rows":426548,"Plan Width":16,"Actual Startup Time":0.504,"Actual Total Time":74.14,"Actual Rows":428399,"Actual Loops":1,"Output":["orders.o_c_id","orders.o_w_id","orders.o_d_id","orders.o_id"],"Filter":"((orders.o_entry_d < '1994-01-02 20:10:02.27764'::timestamp without time zone) AND (orders.o_entry_d >= '1993-01-02 20:10:02.27764'::timestamp without time zone))","Rows Removed by Filter":0,"Rows Removed by Columnar Filter":2571601,"Columnar cache search mode":"native","Shared Hit Blocks":0,"Shared Read Blocks":0,"Shared Dirtied Blocks":0,"Shared Written Blocks":0,"Local Hit Blocks":0,"Local Read Blocks":0,"Local Dirtied Blocks":0,"Local Written Blocks":0,"Temp Read Blocks":0,"Temp Written Blocks":0,"I/O Read Time":0.0,"I/O Write Time":0.0,"Temp I/O Read Time":0.0,"Temp I/O Write Time":0.0},{"Node Type":"Seq Scan","Parent Relationship":"Member","Parallel Aware":false,"Async Capable":false,"Relation Name":"orders","Schema":"public","Alias":"orders","Startup Cost":0.0,"Total Cost":4.01,"Plan Rows":1,"Plan Width":16,"Actual Startup Time":0.0,"Actual Total Time":0.0,"Actual Rows":0,"Actual Loops":0,"Output":["orders.o_c_id","orders.o_w_id","orders.o_d_id","orders.o_id"],"Filter":"((orders.o_entry_d < '1994-01-02 20:10:02.27764'::timestamp without time zone) AND (orders.o_entry_d >= '1993-01-02 20:10:02.27764'::timestamp without time zone))","Rows Removed by Filter":0,"Shared Hit Blocks":0,"Shared Read Blocks":0,"Shared Dirtied Blocks":0,"Shared Written Blocks":0,"Local Hit Blocks":0,"Local Read Blocks":0,"Local Dirtied Blocks":0,"Local Written Blocks":0,"Temp Read Blocks":0,"Temp Written Blocks":0,"I/O Read Time":0.0,"I/O Write Time":0.0,"Temp I/O Read Time":0.0,"Temp I/O Write Time":0.0}]}]}]},{"Node Type":"Hash","Parent Relationship":"Inner","Parallel Aware":false,"Async Capable":false,"Startup Cost":254511.16,"Total Cost":254511.16,"Plan Rows":2999739,"Plan Width":12,"Actual Startup Time":1203.887,"Actual Total Time":1203.888,"Actual Rows":3000000,"Actual Loops":1,"Output":["customer.c_id","customer.c_w_id","customer.c_d_id","customer.c_nationkey"],"Hash Buckets":262144,"Original Hash Buckets":262144,"Hash Batches":32,"Original Hash Batches":32,"Peak Memory Usage":6058,"Shared Hit Blocks":0,"Shared Read Blocks":0,"Shared Dirtied Blocks":0,"Shared Written Blocks":0,"Local Hit Blocks":0,"Local Read Blocks":0,"Local Dirtied Blocks":0,"Local Written Blocks":0,"Temp Read Blocks":0,"Temp Written Blocks":11339,"I/O Read Time":0.0,"I/O Write Time":0.0,"Temp I/O Read Time":0.0,"Temp I/O Write Time":50.324,"Plans":[{"Node Type":"Append","Parent Relationship":"Outer","Parallel Aware":false,"Async Capable":false,"Startup Cost":20.0,"Total Cost":254511.16,"Plan Rows":2999739,"Plan Width":12,"Actual Startup Time":0.024,"Actual Total Time":674.115,"Actual Rows":3000000,"Actual Loops":1,"Shared Hit Blocks":0,"Shared Read Blocks":0,"Shared Dirtied Blocks":0,"Shared Written Blocks":0,"Local Hit Blocks":0,"Local Read Blocks":0,"Local Dirtied Blocks":0,"Local Written Blocks":0,"Temp Read Blocks":0,"Temp Written Blocks":0,"I/O Read Time":0.0,"I/O Write Time":0.0,"Temp I/O Read Time":0.0,"Temp I/O Write Time":0.0,"Subplans Removed":0,"Plans":[{"Node Type":"Custom Scan","Parent Relationship":"Member","Custom Plan Provider":"columnar scan","Parallel Aware":false,"Async Capable":false,"Relation Name":"customer","Schema":"public","Alias":"customer","Startup Cost":20.0,"Total Cost":70513.87,"Plan Rows":2999738,"Plan Width":12,"Actual Startup Time":0.023,"Actual Total Time":448.186,"Actual Rows":3000000,"Actual Loops":1,"Output":["customer.c_id","customer.c_w_id","customer.c_d_id","customer.c_nationkey"],"Rows Removed by Columnar Filter":0,"Columnar cache search mode":"native","Shared Hit Blocks":0,"Shared Read Blocks":0,"Shared Dirtied Blocks":0,"Shared Written Blocks":0,"Local Hit Blocks":0,"Local Read Blocks":0,"Local Dirtied Blocks":0,"Local Written Blocks":0,"Temp Read Blocks":0,"Temp Written Blocks":0,"I/O Read Time":0.0,"I/O Write Time":0.0,"Temp I/O Read Time":0.0,"Temp I/O Write Time":0.0},{"Node Type":"Seq Scan","Parent Relationship":"Member","Parallel Aware":false,"Async Capable":false,"Relation Name":"customer","Schema":"public","Alias":"customer","Startup Cost":0.0,"Total Cost":4.01,"Plan Rows":1,"Plan Width":12,"Actual Startup Time":0.0,"Actual Total Time":0.0,"Actual Rows":0,"Actual Loops":0,"Output":["customer.c_id","customer.c_w_id","customer.c_d_id","customer.c_nationkey"],"Shared Hit Blocks":0,"Shared Read Blocks":0,"Shared Dirtied Blocks":0,"Shared Written Blocks":0,"Local Hit Blocks":0,"Local Read Blocks":0,"Local Dirtied Blocks":0,"Local Written Blocks":0,"Temp Read Blocks":0,"Temp Written Blocks":0,"I/O Read Time":0.0,"I/O Write Time":0.0,"Temp I/O Read Time":0.0,"Temp I/O Write Time":0.0}]}]}]}]}]}]},"Planning":{"Shared Hit Blocks":16,"Shared Read Blocks":0,"Shared Dirtied Blocks":0,"Shared Written Blocks":0,"Local Hit Blocks":0,"Local Read Blocks":0,"Local Dirtied Blocks":0,"Local Written Blocks":0,"Temp Read Blocks":0,"Temp Written Blocks":0,"I/O Read Time":0.0,"I/O Write Time":0.0,"Temp I/O Read Time":0.0,"Temp I/O Write Time":0.0},"Planning Time":5.446,"Triggers":[],"Execution Time":5161.622}]
[列存组合]: customer, order_line, orders, region, supplier
[{"Plan":{"Node Type":"Sort","Parallel Aware":false,"Async Capable":false,"Startup Cost":1996645.19,"Total Cost":1996645.34,"Plan Rows":62,"Plan Width":40,"Actual Startup Time":10192.818,"Actual Total Time":10192.846,"Actual Rows":11,"Actual Loops":1,"Output":["nation.n_name","(sum(order_line.ol_amount))"],"Sort Key":["(sum(order_line.ol_amount)) DESC"],"Sort Method":"quicksort","Sort Space Used":25,"Sort Space Type":"Memory","Shared Hit Blocks":27340,"Shared Read Blocks":0,"Shared Dirtied Blocks":0,"Shared Written Blocks":0,"Local Hit Blocks":0,"Local Read Blocks":0,"Local Dirtied Blocks":0,"Local Written Blocks":0,"Temp Read Blocks":62236,"Temp Written Blocks":62263,"I/O Read Time":0.0,"I/O Write Time":0.0,"Temp I/O Read Time":100.847,"Temp I/O Write Time":248.78,"Plans":[{"Node Type":"Aggregate","Strategy":"Sorted","Partial Mode":"Simple","Parent Relationship":"Outer","Parallel Aware":false,"Async Capable":false,"Startup Cost":1996569.4,"Total Cost":1996643.34,"Plan Rows":62,"Plan Width":40,"Actual Startup Time":10189.939,"Actual Total Time":10192.831,"Actual Rows":11,"Actual Loops":1,"Output":["nation.n_name","sum(order_line.ol_amount)"],"Group Key":["nation.n_name"],"Shared Hit Blocks":27340,"Shared Read Blocks":0,"Shared Dirtied Blocks":0,"Shared Written Blocks":0,"Local Hit Blocks":0,"Local Read Blocks":0,"Local Dirtied Blocks":0,"Local Written Blocks":0,"Temp Read Blocks":62236,"Temp Written Blocks":62263,"I/O Read Time":0.0,"I/O Write Time":0.0,"Temp I/O Read Time":100.847,"Temp I/O Write Time":248.78,"Plans":[{"Node Type":"Sort","Parent Relationship":"Outer","Parallel Aware":false,"Async Capable":false,"Startup Cost":1996569.4,"Total Cost":1996593.79,"Plan Rows":9755,"Plan Width":12,"Actual Startup Time":10189.727,"Actual Total Time":10190.536,"Actual Rows":17493,"Actual Loops":1,"Output":["nation.n_name","order_line.ol_amount"],"Sort Key":["nation.n_name"],"Sort Method":"quicksort","Sort Space Used":1725,"Sort Space Type":"Memory","Shared Hit Blocks":27340,"Shared Read Blocks":0,"Shared Dirtied Blocks":0,"Shared Written Blocks":0,"Local Hit Blocks":0,"Local Read Blocks":0,"Local Dirtied Blocks":0,"Local Written Blocks":0,"Temp Read Blocks":62236,"Temp Written Blocks":62263,"I/O Read Time":0.0,"I/O Write Time":0.0,"Temp I/O Read Time":100.847,"Temp I/O Write Time":248.78,"Plans":[{"Node Type":"Hash Join","Parent Relationship":"Outer","Parallel Aware":false,"Async Capable":false,"Join Type":"Inner","Startup Cost":1672426.13,"Total Cost":1995923.04,"Plan Rows":9755,"Plan Width":12,"Actual Startup Time":8339.237,"Actual Total Time":10180.837,"Actual Rows":17493,"Actual Loops":1,"Output":["nation.n_name","order_line.ol_amount"],"Inner Unique":true,"Hash Cond":"((mod((stock.s_w_id * stock.s_i_id), 10000) = supplier.su_suppkey) AND (customer.c_nationkey = supplier.su_nationkey))","Shared Hit Blocks":27340,"Shared Read Blocks":0,"Shared Dirtied Blocks":0,"Shared Written Blocks":0,"Local Hit Blocks":0,"Local Read Blocks":0,"Local Dirtied Blocks":0,"Local Written Blocks":0,"Temp Read Blocks":62236,"Temp Written Blocks":62263,"I/O Read Time":0.0,"I/O Write Time":0.0,"Temp I/O Read Time":100.847,"Temp I/O Write Time":248.78,"Plans":[{"Node Type":"Merge Join","Parent Relationship":"Outer","Parallel Aware":false,"Async Capable":false,"Join Type":"Inner","Startup Cost":1672057.1,"Total Cost":1992238.88,"Plan Rows":602749,"Plan Width":26,"Actual Startup Time":8335.668,"Actual Total Time":10036.215,"Actual Rows":1109507,"Actual Loops":1,"Output":["customer.c_nationkey","order_line.ol_amount","stock.s_w_id","stock.s_i_id","nation.n_name","nation.n_nationkey"],"Inner Unique":true,"Merge Cond":"((customer.c_w_id = stock.s_w_id) AND (order_line.ol_i_id = stock.s_i_id))","Shared Hit Blocks":27340,"Shared Read Blocks":0,"Shared Dirtied Blocks":0,"Shared Written Blocks":0,"Local Hit Blocks":0,"Local Read Blocks":0,"Local Dirtied Blocks":0,"Local Written Blocks":0,"Temp Read Blocks":62236,"Temp Written Blocks":62263,"I/O Read Time":0.0,"I/O Write Time":0.0,"Temp I/O Read Time":100.847,"Temp I/O Write Time":248.78,"Plans":[{"Node Type":"Sort","Parent Relationship":"Outer","Parallel Aware":false,"Async Capable":false,"Startup Cost":1672056.67,"Total Cost":1673544.35,"Plan Rows":595073,"Plan Width":30,"Actual Startup Time":8335.604,"Actual Total Time":8515.403,"Actual Rows":1109507,"Actual Loops":1,"Output":["customer.c_w_id","customer.c_nationkey","orders.o_w_id","order_line.ol_amount","order_line.ol_w_id","order_line.ol_i_id","nation.n_name","nation.n_nationkey"],"Sort Key":["customer.c_w_id","order_line.ol_i_id"],"Sort Method":"external merge","Sort Space Used":47304,"Sort Space Type":"Disk","Shared Hit Blocks":2,"Shared Read Blocks":0,"Shared Dirtied Blocks":0,"Shared Written Blocks":0,"Local Hit Blocks":0,"Local Read Blocks":0,"Local Dirtied Blocks":0,"Local Written Blocks":0,"Temp Read Blocks":62236,"Temp Written Blocks":62263,"I/O Read Time":0.0,"I/O Write Time":0.0,"Temp I/O Read Time":100.847,"Temp I/O Write Time":248.78,"Plans":[{"Node Type":"Hash Join","Parent Relationship":"Outer","Parallel Aware":false,"Async Capable":false,"Join Type":"Inner","Startup Cost":396969.46,"Total Cost":1600743.11,"Plan Rows":595073,"Plan Width":30,"Actual Startup Time":1387.174,"Actual Total Time":6952.52,"Actual Rows":1109507,"Actual Loops":1,"Output":["customer.c_w_id","customer.c_nationkey","orders.o_w_id","order_line.ol_amount","order_line.ol_w_id","order_line.ol_i_id","nation.n_name","nation.n_nationkey"],"Inner Unique":false,"Hash Cond":"(customer.c_nationkey = nation.n_nationkey)","Shared Hit Blocks":2,"Shared Read Blocks":0,"Shared Dirtied Blocks":0,"Shared Written Blocks":0,"Local Hit Blocks":0,"Local Read Blocks":0,"Local Dirtied Blocks":0,"Local Written Blocks":0,"Temp Read Blocks":50419,"Temp Written Blocks":50419,"I/O Read Time":0.0,"I/O Write Time":0.0,"Temp I/O Read Time":83.144,"Temp I/O Write Time":217.542,"Plans":[{"Node Type":"Hash Join","Parent Relationship":"Outer","Parallel Aware":false,"Async Capable":false,"Join Type":"Inner","Startup Cost":396966.31,"Total Cost":1583823.58,"Plan Rows":2975367,"Plan Width":18,"Actual Startup Time":1379.911,"Actual Total Time":6533.55,"Actual Rows":4284922,"Actual Loops":1,"Output":["customer.c_w_id","customer.c_nationkey","orders.o_w_id","order_line.ol_amount","order_line.ol_w_id","order_line.ol_i_id"],"Inner Unique":true,"Hash Cond":"((orders.o_c_id = customer.c_id) AND (orders.o_w_id = customer.c_w_id) AND (orders.o_d_id = customer.c_d_id))","Shared Hit Blocks":0,"Shared Read Blocks":0,"Shared Dirtied Blocks":0,"Shared Written Blocks":0,"Local Hit Blocks":0,"Local Read Blocks":0,"Local Dirtied Blocks":0,"Local Written Blocks":0,"Temp Read Blocks":50419,"Temp Written Blocks":50419,"I/O Read Time":0.0,"I/O Write Time":0.0,"Temp I/O Read Time":83.144,"Temp I/O Write Time":217.542,"Plans":[{"Node Type":"Hash Join","Parent Relationship":"Outer","Parallel Aware":false,"Async Capable":false,"Join Type":"Inner","Startup Cost":75311.73,"Total Cost":1189221.96,"Plan Rows":2975367,"Plan Width":20,"Actual Startup Time":214.382,"Actual Total Time":3250.637,"Actual Rows":4284922,"Actual Loops":1,"Output":["orders.o_c_id","orders.o_w_id","orders.o_d_id","order_line.ol_amount","order_line.ol_w_id","order_line.ol_d_id","order_line.ol_i_id"],"Inner Unique":true,"Hash Cond":"((order_line.ol_w_id = orders.o_w_id) AND (order_line.ol_d_id = orders.o_d_id) AND (order_line.ol_o_id = orders.o_id))","Shared Hit Blocks":0,"Shared Read Blocks":0,"Shared Dirtied Blocks":0,"Shared Written Blocks":0,"Local Hit Blocks":0,"Local Read Blocks":0,"Local Dirtied Blocks":0,"Local Written Blocks":0,"Temp Read Blocks":18772,"Temp Written Blocks":18772,"I/O Read Time":0.0,"I/O Write Time":0.0,"Temp I/O Read Time":31.689,"Temp I/O Write Time":76.058,"Plans":[{"Node Type":"Append","Parent Relationship":"Outer","Parallel Aware":false,"Async Capable":false,"Startup Cost":20.0,"Total Cost":701820.0,"Plan Rows":20926367,"Plan Width":20,"Actual Startup Time":1.365,"Actual Total Time":1313.409,"Actual Rows":4311079,"Actual Loops":1,"Shared Hit Blocks":0,"Shared Read Blocks":0,"Shared Dirtied Blocks":0,"Shared Written Blocks":0,"Local Hit Blocks":0,"Local Read Blocks":0,"Local Dirtied Blocks":0,"Local Written Blocks":0,"Temp Read Blocks":0,"Temp Written Blocks":0,"I/O Read Time":0.0,"I/O Write Time":0.0,"Temp I/O Read Time":0.0,"Temp I/O Write Time":0.0,"Subplans Removed":0,"Plans":[{"Node Type":"Custom Scan","Parent Relationship":"Member","Custom Plan Provider":"columnar scan","Parallel Aware":false,"Async Capable":false,"Relation Name":"order_line","Schema":"public","Alias":"order_line","Startup Cost":20.0,"Total Cost":533641.75,"Plan Rows":20926325,"Plan Width":20,"Actual Startup Time":1.364,"Actual Total Time":998.83,"Actual Rows":4311079,"Actual Loops":1,"Output":["order_line.ol_amount","order_line.ol_o_id","order_line.ol_w_id","order_line.ol_d_id","order_line.ol_i_id"],"Filter":"(order_line.ol_delivery_d >= '1992-01-02 20:10:02.27764'::timestamp without time zone)","Rows Removed by Filter":0,"Rows Removed by Columnar Filter":25686653,"Rows Filtered by Bloom Filter":0,"Dictionary Rows Filtered by Bloom Filter":25686653,"Columnar cache search mode":"native","Shared Hit Blocks":0,"Shared Read Blocks":0,"Shared Dirtied Blocks":0,"Shared Written Blocks":0,"Local Hit Blocks":0,"Local Read Blocks":0,"Local Dirtied Blocks":0,"Local Written Blocks":0,"Temp Read Blocks":0,"Temp Written Blocks":0,"I/O Read Time":0.0,"I/O Write Time":0.0,"Temp I/O Read Time":0.0,"Temp I/O Write Time":0.0},{"Node Type":"Seq Scan","Parent Relationship":"Member","Parallel Aware":false,"Async Capable":false,"Relation Name":"order_line","Schema":"public","Alias":"order_line","Startup Cost":0.0,"Total Cost":4.75,"Plan Rows":42,"Plan Width":20,"Actual Startup Time":0.0,"Actual Total Time":0.0,"Actual Rows":0,"Actual Loops":0,"Output":["order_line.ol_amount","order_line.ol_o_id","order_line.ol_w_id","order_line.ol_d_id","order_line.ol_i_id"],"Filter":"(order_line.ol_delivery_d >= '1992-01-02 20:10:02.27764'::timestamp without time zone)","Rows Removed by Filter":0,"Shared Hit Blocks":0,"Shared Read Blocks":0,"Shared Dirtied Blocks":0,"Shared Written Blocks":0,"Local Hit Blocks":0,"Local Read Blocks":0,"Local Dirtied Blocks":0,"Local Written Blocks":0,"Temp Read Blocks":0,"Temp Written Blocks":0,"I/O Read Time":0.0,"I/O Write Time":0.0,"Temp I/O Read Time":0.0,"Temp I/O Write Time":0.0}]},{"Node Type":"Hash","Parent Relationship":"Inner","Parallel Aware":false,"Async Capable":false,"Startup Cost":65744.12,"Total Cost":65744.12,"Plan Rows":426549,"Plan Width":16,"Actual Startup Time":211.997,"Actual Total Time":212.001,"Actual Rows":428399,"Actual Loops":1,"Output":["orders.o_c_id","orders.o_w_id","orders.o_d_id","orders.o_id"],"Hash Buckets":262144,"Original Hash Buckets":262144,"Hash Batches":4,"Original Hash Batches":4,"Peak Memory Usage":7080,"Shared Hit Blocks":0,"Shared Read Blocks":0,"Shared Dirtied Blocks":0,"Shared Written Blocks":0,"Local Hit Blocks":0,"Local Read Blocks":0,"Local Dirtied Blocks":0,"Local Written Blocks":0,"Temp Read Blocks":0,"Temp Written Blocks":1410,"I/O Read Time":0.0,"I/O Write Time":0.0,"Temp I/O Read Time":0.0,"Temp I/O Write Time":5.708,"Plans":[{"Node Type":"Append","Parent Relationship":"Outer","Parallel Aware":false,"Async Capable":false,"Startup Cost":20.0,"Total Cost":65744.12,"Plan Rows":426549,"Plan Width":16,"Actual Startup Time":0.52,"Actual Total Time":107.938,"Actual Rows":428399,"Actual Loops":1,"Shared Hit Blocks":0,"Shared Read Blocks":0,"Shared Dirtied Blocks":0,"Shared Written Blocks":0,"Local Hit Blocks":0,"Local Read Blocks":0,"Local Dirtied Blocks":0,"Local Written Blocks":0,"Temp Read Blocks":0,"Temp Written Blocks":0,"I/O Read Time":0.0,"I/O Write Time":0.0,"Temp I/O Read Time":0.0,"Temp I/O Write Time":0.0,"Subplans Removed":0,"Plans":[{"Node Type":"Custom Scan","Parent Relationship":"Member","Custom Plan Provider":"columnar scan","Parallel Aware":false,"Async Capable":false,"Relation Name":"orders","Schema":"public","Alias":"orders","Startup Cost":20.0,"Total Cost":10043.96,"Plan Rows":426548,"Plan Width":16,"Actual Startup Time":0.52,"Actual Total Time":75.561,"Actual Rows":428399,"Actual Loops":1,"Output":["orders.o_c_id","orders.o_w_id","orders.o_d_id","orders.o_id"],"Filter":"((orders.o_entry_d < '1994-01-02 20:10:02.27764'::timestamp without time zone) AND (orders.o_entry_d >= '1993-01-02 20:10:02.27764'::timestamp without time zone))","Rows Removed by Filter":0,"Rows Removed by Columnar Filter":2571601,"Columnar cache search mode":"native","Shared Hit Blocks":0,"Shared Read Blocks":0,"Shared Dirtied Blocks":0,"Shared Written Blocks":0,"Local Hit Blocks":0,"Local Read Blocks":0,"Local Dirtied Blocks":0,"Local Written Blocks":0,"Temp Read Blocks":0,"Temp Written Blocks":0,"I/O Read Time":0.0,"I/O Write Time":0.0,"Temp I/O Read Time":0.0,"Temp I/O Write Time":0.0},{"Node Type":"Seq Scan","Parent Relationship":"Member","Parallel Aware":false,"Async Capable":false,"Relation Name":"orders","Schema":"public","Alias":"orders","Startup Cost":0.0,"Total Cost":4.01,"Plan Rows":1,"Plan Width":16,"Actual Startup Time":0.0,"Actual Total Time":0.0,"Actual Rows":0,"Actual Loops":0,"Output":["orders.o_c_id","orders.o_w_id","orders.o_d_id","orders.o_id"],"Filter":"((orders.o_entry_d < '1994-01-02 20:10:02.27764'::timestamp without time zone) AND (orders.o_entry_d >= '1993-01-02 20:10:02.27764'::timestamp without time zone))","Rows Removed by Filter":0,"Shared Hit Blocks":0,"Shared Read Blocks":0,"Shared Dirtied Blocks":0,"Shared Written Blocks":0,"Local Hit Blocks":0,"Local Read Blocks":0,"Local Dirtied Blocks":0,"Local Written Blocks":0,"Temp Read Blocks":0,"Temp Written Blocks":0,"I/O Read Time":0.0,"I/O Write Time":0.0,"Temp I/O Read Time":0.0,"Temp I/O Write Time":0.0}]}]}]},{"Node Type":"Hash","Parent Relationship":"Inner","Parallel Aware":false,"Async Capable":false,"Startup Cost":254511.16,"Total Cost":254511.16,"Plan Rows":2999739,"Plan Width":12,"Actual Startup Time":1163.696,"Actual Total Time":1163.699,"Actual Rows":3000000,"Actual Loops":1,"Output":["customer.c_id","customer.c_w_id","customer.c_d_id","customer.c_nationkey"],"Hash Buckets":262144,"Original Hash Buckets":262144,"Hash Batches":32,"Original Hash Batches":32,"Peak Memory Usage":6090,"Shared Hit Blocks":0,"Shared Read Blocks":0,"Shared Dirtied Blocks":0,"Shared Written Blocks":0,"Local Hit Blocks":0,"Local Read Blocks":0,"Local Dirtied Blocks":0,"Local Written Blocks":0,"Temp Read Blocks":0,"Temp Written Blocks":11335,"I/O Read Time":0.0,"I/O Write Time":0.0,"Temp I/O Read Time":0.0,"Temp I/O Write Time":48.195,"Plans":[{"Node Type":"Append","Parent Relationship":"Outer","Parallel Aware":false,"Async Capable":false,"Startup Cost":20.0,"Total Cost":254511.16,"Plan Rows":2999739,"Plan Width":12,"Actual Startup Time":0.012,"Actual Total Time":661.659,"Actual Rows":3000000,"Actual Loops":1,"Shared Hit Blocks":0,"Shared Read Blocks":0,"Shared Dirtied Blocks":0,"Shared Written Blocks":0,"Local Hit Blocks":0,"Local Read Blocks":0,"Local Dirtied Blocks":0,"Local Written Blocks":0,"Temp Read Blocks":0,"Temp Written Blocks":0,"I/O Read Time":0.0,"I/O Write Time":0.0,"Temp I/O Read Time":0.0,"Temp I/O Write Time":0.0,"Subplans Removed":0,"Plans":[{"Node Type":"Custom Scan","Parent Relationship":"Member","Custom Plan Provider":"columnar scan","Parallel Aware":false,"Async Capable":false,"Relation Name":"customer","Schema":"public","Alias":"customer","Startup Cost":20.0,"Total Cost":70513.87,"Plan Rows":2999738,"Plan Width":12,"Actual Startup Time":0.012,"Actual Total Time":445.605,"Actual Rows":3000000,"Actual Loops":1,"Output":["customer.c_id","customer.c_w_id","customer.c_d_id","customer.c_nationkey"],"Rows Removed by Columnar Filter":0,"Columnar cache search mode":"native","Shared Hit Blocks":0,"Shared Read Blocks":0,"Shared Dirtied Blocks":0,"Shared Written Blocks":0,"Local Hit Blocks":0,"Local Read Blocks":0,"Local Dirtied Blocks":0,"Local Written Blocks":0,"Temp Read Blocks":0,"Temp Written Blocks":0,"I/O Read Time":0.0,"I/O Write Time":0.0,"Temp I/O Read Time":0.0,"Temp I/O Write Time":0.0},{"Node Type":"Seq Scan","Parent Relationship":"Member","Parallel Aware":false,"Async Capable":false,"Relation Name":"customer","Schema":"public","Alias":"customer","Startup Cost":0.0,"Total Cost":4.01,"Plan Rows":1,"Plan Width":12,"Actual Startup Time":0.0,"Actual Total Time":0.0,"Actual Rows":0,"Actual Loops":0,"Output":["customer.c_id","customer.c_w_id","customer.c_d_id","customer.c_nationkey"],"Shared Hit Blocks":0,"Shared Read Blocks":0,"Shared Dirtied Blocks":0,"Shared Written Blocks":0,"Local Hit Blocks":0,"Local Read Blocks":0,"Local Dirtied Blocks":0,"Local Written Blocks":0,"Temp Read Blocks":0,"Temp Written Blocks":0,"I/O Read Time":0.0,"I/O Write Time":0.0,"Temp I/O Read Time":0.0,"Temp I/O Write Time":0.0}]}]}]},{"Node Type":"Hash","Parent Relationship":"Inner","Parallel Aware":false,"Async Capable":false,"Startup Cost":2.99,"Total Cost":2.99,"Plan Rows":12,"Plan Width":12,"Actual Startup Time":0.045,"Actual Total Time":0.05,"Actual Rows":22,"Actual Loops":1,"Output":["nation.n_name","nation.n_nationkey"],"Hash Buckets":1024,"Original Hash Buckets":1024,"Hash Batches":1,"Original Hash Batches":1,"Peak Memory Usage":9,"Shared Hit Blocks":2,"Shared Read Blocks":0,"Shared Dirtied Blocks":0,"Shared Written Blocks":0,"Local Hit Blocks":0,"Local Read Blocks":0,"Local Dirtied Blocks":0,"Local Written Blocks":0,"Temp Read Blocks":0,"Temp Written Blocks":0,"I/O Read Time":0.0,"I/O Write Time":0.0,"Temp I/O Read Time":0.0,"Temp I/O Write Time":0.0,"Plans":[{"Node Type":"Hash Join","Parent Relationship":"Outer","Parallel Aware":false,"Async Capable":false,"Join Type":"Inner","Startup Cost":1.07,"Total Cost":2.99,"Plan Rows":12,"Plan Width":12,"Actual Startup Time":0.028,"Actual Total Time":0.044,"Actual Rows":22,"Actual Loops":1,"Output":["nation.n_name","nation.n_nationkey"],"Inner Unique":true,"Hash Cond":"(nation.n_regionkey = region.r_regionkey)","Shared Hit Blocks":2,"Shared Read Blocks":0,"Shared Dirtied Blocks":0,"Shared Written Blocks":0,"Local Hit Blocks":0,"Local Read Blocks":0,"Local Dirtied Blocks":0,"Local Written Blocks":0,"Temp Read Blocks":0,"Temp Written Blocks":0,"I/O Read Time":0.0,"I/O Write Time":0.0,"Temp I/O Read Time":0.0,"Temp I/O Write Time":0.0,"Plans":[{"Node Type":"Seq Scan","Parent Relationship":"Outer","Parallel Aware":false,"Async Capable":false,"Relation Name":"nation","Schema":"public","Alias":"nation","Startup Cost":0.0,"Total Cost":1.62,"Plan Rows":62,"Plan Width":16,"Actual Startup Time":0.007,"Actual Total Time":0.011,"Actual Rows":62,"Actual Loops":1,"Output":["nation.n_nationkey","nation.n_name","nation.n_regionkey","nation.n_comment"],"Shared Hit Blocks":1,"Shared Read Blocks":0,"Shared Dirtied Blocks":0,"Shared Written Blocks":0,"Local Hit Blocks":0,"Local Read Blocks":0,"Local Dirtied Blocks":0,"Local Written Blocks":0,"Temp Read Blocks":0,"Temp Written Blocks":0,"I/O Read Time":0.0,"I/O Write Time":0.0,"Temp I/O Read Time":0.0,"Temp I/O Write Time":0.0},{"Node Type":"Hash","Parent Relationship":"Inner","Parallel Aware":false,"Async Capable":false,"Startup Cost":1.06,"Total Cost":1.06,"Plan Rows":1,"Plan Width":4,"Actual Startup Time":0.008,"Actual Total Time":0.01,"Actual Rows":1,"Actual Loops":1,"Output":["region.r_regionkey"],"Hash Buckets":1024,"Original Hash Buckets":1024,"Hash Batches":1,"Original Hash Batches":1,"Peak Memory Usage":9,"Shared Hit Blocks":1,"Shared Read Blocks":0,"Shared Dirtied Blocks":0,"Shared Written Blocks":0,"Local Hit Blocks":0,"Local Read Blocks":0,"Local Dirtied Blocks":0,"Local Written Blocks":0,"Temp Read Blocks":0,"Temp Written Blocks":0,"I/O Read Time":0.0,"I/O Write Time":0.0,"Temp I/O Read Time":0.0,"Temp I/O Write Time":0.0,"Plans":[{"Node Type":"Seq Scan","Parent Relationship":"Outer","Parallel Aware":false,"Async Capable":false,"Relation Name":"region","Schema":"public","Alias":"region","Startup Cost":0.0,"Total Cost":1.06,"Plan Rows":1,"Plan Width":4,"Actual Startup Time":0.006,"Actual Total Time":0.007,"Actual Rows":1,"Actual Loops":1,"Output":["region.r_regionkey"],"Filter":"((region.r_name)::text = 'Europe'::text)","Rows Removed by Filter":4,"Shared Hit Blocks":1,"Shared Read Blocks":0,"Shared Dirtied Blocks":0,"Shared Written Blocks":0,"Local Hit Blocks":0,"Local Read Blocks":0,"Local Dirtied Blocks":0,"Local Written Blocks":0,"Temp Read Blocks":0,"Temp Written Blocks":0,"I/O Read Time":0.0,"I/O Write Time":0.0,"Temp I/O Read Time":0.0,"Temp I/O Write Time":0.0}]}]}]}]}]},{"Node Type":"Index Only Scan","Parent Relationship":"Inner","Parallel Aware":false,"Async Capable":false,"Scan Direction":"Forward","Index Name":"stock_pk","Relation Name":"stock","Schema":"public","Alias":"stock","Startup Cost":0.43,"Total Cost":259690.86,"Plan Rows":10000162,"Plan Width":6,"Actual Startup Time":0.051,"Actual Total Time":705.048,"Actual Rows":9999996,"Actual Loops":1,"Output":["stock.s_w_id","stock.s_i_id"],"Heap Fetches":0,"Shared Hit Blocks":27338,"Shared Read Blocks":0,"Shared Dirtied Blocks":0,"Shared Written Blocks":0,"Local Hit Blocks":0,"Local Read Blocks":0,"Local Dirtied Blocks":0,"Local Written Blocks":0,"Temp Read Blocks":0,"Temp Written Blocks":0,"I/O Read Time":0.0,"I/O Write Time":0.0,"Temp I/O Read Time":0.0,"Temp I/O Write Time":0.0}]},{"Node Type":"Hash","Parent Relationship":"Inner","Parallel Aware":false,"Async Capable":false,"Startup Cost":219.01,"Total Cost":219.01,"Plan Rows":10001,"Plan Width":8,"Actual Startup Time":3.139,"Actual Total Time":3.141,"Actual Rows":10000,"Actual Loops":1,"Output":["supplier.su_suppkey","supplier.su_nationkey"],"Hash Buckets":16384,"Original Hash Buckets":16384,"Hash Batches":1,"Original Hash Batches":1,"Peak Memory Usage":519,"Shared Hit Blocks":0,"Shared Read Blocks":0,"Shared Dirtied Blocks":0,"Shared Written Blocks":0,"Local Hit Blocks":0,"Local Read Blocks":0,"Local Dirtied Blocks":0,"Local Written Blocks":0,"Temp Read Blocks":0,"Temp Written Blocks":0,"I/O Read Time":0.0,"I/O Write Time":0.0,"Temp I/O Read Time":0.0,"Temp I/O Write Time":0.0,"Plans":[{"Node Type":"Append","Parent Relationship":"Outer","Parallel Aware":false,"Async Capable":false,"Startup Cost":20.0,"Total Cost":219.01,"Plan Rows":10001,"Plan Width":8,"Actual Startup Time":0.078,"Actual Total Time":1.838,"Actual Rows":10000,"Actual Loops":1,"Shared Hit Blocks":0,"Shared Read Blocks":0,"Shared Dirtied Blocks":0,"Shared Written Blocks":0,"Local Hit Blocks":0,"Local Read Blocks":0,"Local Dirtied Blocks":0,"Local Written Blocks":0,"Temp Read Blocks":0,"Temp Written Blocks":0,"I/O Read Time":0.0,"I/O Write Time":0.0,"Temp I/O Read Time":0.0,"Temp I/O Write Time":0.0,"Subplans Removed":0,"Plans":[{"Node Type":"Custom Scan","Parent Relationship":"Member","Custom Plan Provider":"columnar scan","Parallel Aware":false,"Async Capable":false,"Relation Name":"supplier","Schema":"public","Alias":"supplier","Startup Cost":20.0,"Total Cost":215.0,"Plan Rows":10000,"Plan Width":8,"Actual Startup Time":0.077,"Actual Total Time":1.138,"Actual Rows":10000,"Actual Loops":1,"Output":["supplier.su_suppkey","supplier.su_nationkey"],"Rows Removed by Columnar Filter":0,"Columnar cache search mode":"native","Shared Hit Blocks":0,"Shared Read Blocks":0,"Shared Dirtied Blocks":0,"Shared Written Blocks":0,"Local Hit Blocks":0,"Local Read Blocks":0,"Local Dirtied Blocks":0,"Local Written Blocks":0,"Temp Read Blocks":0,"Temp Written Blocks":0,"I/O Read Time":0.0,"I/O Write Time":0.0,"Temp I/O Read Time":0.0,"Temp I/O Write Time":0.0},{"Node Type":"Seq Scan","Parent Relationship":"Member","Parallel Aware":false,"Async Capable":false,"Relation Name":"supplier","Schema":"public","Alias":"supplier","Startup Cost":0.0,"Total Cost":4.01,"Plan Rows":1,"Plan Width":8,"Actual Startup Time":0.0,"Actual Total Time":0.0,"Actual Rows":0,"Actual Loops":0,"Output":["supplier.su_suppkey","supplier.su_nationkey"],"Shared Hit Blocks":0,"Shared Read Blocks":0,"Shared Dirtied Blocks":0,"Shared Written Blocks":0,"Local Hit Blocks":0,"Local Read Blocks":0,"Local Dirtied Blocks":0,"Local Written Blocks":0,"Temp Read Blocks":0,"Temp Written Blocks":0,"I/O Read Time":0.0,"I/O Write Time":0.0,"Temp I/O Read Time":0.0,"Temp I/O Write Time":0.0}]}]}]}]}]}]},"Planning":{"Shared Hit Blocks":16,"Shared Read Blocks":0,"Shared Dirtied Blocks":0,"Shared Written Blocks":0,"Local Hit Blocks":0,"Local Read Blocks":0,"Local Dirtied Blocks":0,"Local Written Blocks":0,"Temp Read Blocks":0,"Temp Written Blocks":0,"I/O Read Time":0.0,"I/O Write Time":0.0,"Temp I/O Read Time":0.0,"Temp I/O Write Time":0.0},"Planning Time":5.14,"Triggers":[],"Execution Time":10200.997}]
[列存组合]: customer, order_line, orders, stock, supplier
[{"Plan":{"Node Type":"Sort","Parallel Aware":false,"Async Capable":false,"Startup Cost":1193602.04,"Total Cost":1193602.19,"Plan Rows":62,"Plan Width":40,"Actual Startup Time":5512.981,"Actual Total Time":5512.999,"Actual Rows":11,"Actual Loops":1,"Output":["nation.n_name","(sum(order_line.ol_amount))"],"Sort Key":["(sum(order_line.ol_amount)) DESC"],"Sort Method":"quicksort","Sort Space Used":25,"Sort Space Type":"Memory","Shared Hit Blocks":2,"Shared Read Blocks":0,"Shared Dirtied Blocks":0,"Shared Written Blocks":0,"Local Hit Blocks":0,"Local Read Blocks":0,"Local Dirtied Blocks":0,"Local Written Blocks":0,"Temp Read Blocks":31471,"Temp Written Blocks":31471,"I/O Read Time":0.0,"I/O Write Time":0.0,"Temp I/O Read Time":50.45,"Temp I/O Write Time":138.455,"Plans":[{"Node Type":"Aggregate","Strategy":"Sorted","Partial Mode":"Simple","Parent Relationship":"Outer","Parallel Aware":false,"Async Capable":false,"Startup Cost":1193526.26,"Total Cost":1193600.19,"Plan Rows":62,"Plan Width":40,"Actual Startup Time":5510.136,"Actual Total Time":5512.987,"Actual Rows":11,"Actual Loops":1,"Output":["nation.n_name","sum(order_line.ol_amount)"],"Group Key":["nation.n_name"],"Shared Hit Blocks":2,"Shared Read Blocks":0,"Shared Dirtied Blocks":0,"Shared Written Blocks":0,"Local Hit Blocks":0,"Local Read Blocks":0,"Local Dirtied Blocks":0,"Local Written Blocks":0,"Temp Read Blocks":31471,"Temp Written Blocks":31471,"I/O Read Time":0.0,"I/O Write Time":0.0,"Temp I/O Read Time":50.45,"Temp I/O Write Time":138.455,"Plans":[{"Node Type":"Sort","Parent Relationship":"Outer","Parallel Aware":false,"Async Capable":false,"Startup Cost":1193526.26,"Total Cost":1193550.64,"Plan Rows":9755,"Plan Width":12,"Actual Startup Time":5509.928,"Actual Total Time":5510.715,"Actual Rows":17493,"Actual Loops":1,"Output":["nation.n_name","order_line.ol_amount"],"Sort Key":["nation.n_name"],"Sort Method":"quicksort","Sort Space Used":1725,"Sort Space Type":"Memory","Shared Hit Blocks":2,"Shared Read Blocks":0,"Shared Dirtied Blocks":0,"Shared Written Blocks":0,"Local Hit Blocks":0,"Local Read Blocks":0,"Local Dirtied Blocks":0,"Local Written Blocks":0,"Temp Read Blocks":31471,"Temp Written Blocks":31471,"I/O Read Time":0.0,"I/O Write Time":0.0,"Temp I/O Read Time":50.45,"Temp I/O Write Time":138.455,"Plans":[{"Node Type":"Hash Join","Parent Relationship":"Outer","Parallel Aware":false,"Async Capable":false,"Join Type":"Inner","Startup Cost":434072.7,"Total Cost":1192879.89,"Plan Rows":9755,"Plan Width":12,"Actual Startup Time":2335.403,"Actual Total Time":5501.447,"Actual Rows":17493,"Actual Loops":1,"Output":["nation.n_name","order_line.ol_amount"],"Hash Cond":"((orders.o_c_id = customer.c_id) AND (orders.o_w_id = customer.c_w_id) AND (orders.o_d_id = customer.c_d_id) AND (supplier.su_nationkey = customer.c_nationkey))","Shared Hit Blocks":2,"Shared Read Blocks":0,"Shared Dirtied Blocks":0,"Shared Written Blocks":0,"Local Hit Blocks":0,"Local Read Blocks":0,"Local Dirtied Blocks":0,"Local Written Blocks":0,"Temp Read Blocks":31471,"Temp Written Blocks":31471,"I/O Read Time":0.0,"I/O Write Time":0.0,"Temp I/O Read Time":50.45,"Temp I/O Write Time":138.455,"Plans":[{"Node Type":"Hash Join","Parent Relationship":"Outer","Parallel Aware":false,"Async Capable":false,"Join Type":"Inner","Startup Cost":104918.76,"Total Cost":833329.04,"Plan Rows":602754,"Plan Width":34,"Actual Startup Time":1082.308,"Actual Total Time":3457.231,"Actual Rows":1489124,"Actual Loops":1,"Output":["orders.o_c_id","orders.o_w_id","orders.o_d_id","order_line.ol_amount","order_line.ol_w_id","order_line.ol_d_id","stock.s_w_id","supplier.su_nationkey","nation.n_name","nation.n_nationkey"],"Hash Cond":"((order_line.ol_w_id = orders.o_w_id) AND (order_line.ol_d_id = orders.o_d_id) AND (order_line.ol_o_id = orders.o_id))","Shared Hit Blocks":2,"Shared Read Blocks":0,"Shared Dirtied Blocks":0,"Shared Written Blocks":0,"Local Hit Blocks":0,"Local Read Blocks":0,"Local Dirtied Blocks":0,"Local Written Blocks":0,"Temp Read Blocks":9894,"Temp Written Blocks":9894,"I/O Read Time":0.0,"I/O Write Time":0.0,"Temp I/O Read Time":16.591,"Temp I/O Write Time":42.368,"Plans":[{"Node Type":"Hash Join","Parent Relationship":"Outer","Parallel Aware":false,"Async Capable":false,"Join Type":"Inner","Startup Cost":29627.04,"Total Cost":656242.79,"Plan Rows":4242986,"Plan Width":34,"Actual Startup Time":855.226,"Actual Total Time":2507.808,"Actual Rows":1498118,"Actual Loops":1,"Output":["order_line.ol_amount","order_line.ol_o_id","order_line.ol_w_id","order_line.ol_d_id","stock.s_w_id","supplier.su_nationkey","nation.n_name","nation.n_nationkey"],"Hash Cond":"(mod((stock.s_w_id * stock.s_i_id), 10000) = supplier.su_suppkey)","Shared Hit Blocks":2,"Shared Read Blocks":0,"Shared Dirtied Blocks":0,"Shared Written Blocks":0,"Local Hit Blocks":0,"Local Read Blocks":0,"Local Dirtied Blocks":0,"Local Written Blocks":0,"Temp Read Blocks":0,"Temp Written Blocks":0,"I/O Read Time":0.0,"I/O Write Time":0.0,"Temp I/O Read Time":0.0,"Temp I/O Write Time":0.0,"Plans":[{"Node Type":"Hash Join","Parent Relationship":"Outer","Parallel Aware":false,"Async Capable":false,"Join Type":"Inner","Startup Cost":29323.02,"Total Cost":480915.59,"Plan Rows":21214932,"Plan Width":22,"Actual Startup Time":852.552,"Actual Total Time":1828.028,"Actual Rows":4311079,"Actual Loops":1,"Output":["order_line.ol_amount","order_line.ol_o_id","order_line.ol_w_id","order_line.ol_d_id","stock.s_w_id","stock.s_i_id"],"Hash Cond":"((order_line.ol_w_id = stock.s_w_id) AND (order_line.ol_i_id = stock.s_i_id))","Rows Removed by Bloom Filter":0,"Shared Hit Blocks":0,"Shared Read Blocks":0,"Shared Dirtied Blocks":0,"Shared Written Blocks":0,"Local Hit Blocks":0,"Local Read Blocks":0,"Local Dirtied Blocks":0,"Local Written Blocks":0,"Temp Read Blocks":0,"Temp Written Blocks":0,"I/O Read Time":0.0,"I/O Write Time":0.0,"Temp I/O Read Time":0.0,"Temp I/O Write Time":0.0,"Plans":[{"Node Type":"Append","Parent Relationship":"Outer","Parallel Aware":false,"Async Capable":false,"Startup Cost":20.0,"Total Cost":533646.5,"Plan Rows":20926367,"Plan Width":20,"Actual Startup Time":161.092,"Actual Total Time":161.098,"Actual Rows":4311079,"Actual Loops":1,"Shared Hit Blocks":0,"Shared Read Blocks":0,"Shared Dirtied Blocks":0,"Shared Written Blocks":0,"Local Hit Blocks":0,"Local Read Blocks":0,"Local Dirtied Blocks":0,"Local Written Blocks":0,"Temp Read Blocks":0,"Temp Written Blocks":0,"I/O Read Time":0.0,"I/O Write Time":0.0,"Temp I/O Read Time":0.0,"Temp I/O Write Time":0.0,"Subplans Removed":0,"Plans":[{"Node Type":"Custom Scan","Parent Relationship":"Member","Custom Plan Provider":"columnar scan","Parallel Aware":false,"Async Capable":false,"Relation Name":"order_line","Schema":"public","Alias":"order_line","Startup Cost":20.0,"Total Cost":533641.75,"Plan Rows":20926325,"Plan Width":20,"Actual Startup Time":161.091,"Actual Total Time":161.095,"Actual Rows":4311079,"Actual Loops":1,"Output":["order_line.ol_amount","order_line.ol_o_id","order_line.ol_w_id","order_line.ol_d_id","order_line.ol_i_id"],"Filter":"(order_line.ol_delivery_d >= '1992-01-02 20:10:02.27764'::timestamp without time zone)","Rows Removed by Filter":0,"Rows Removed by Columnar Filter":25686653,"Rows Filtered by Bloom Filter":0,"Dictionary Rows Filtered by Bloom Filter":25686653,"Columnar cache search mode":"native","Shared Hit Blocks":0,"Shared Read Blocks":0,"Shared Dirtied Blocks":0,"Shared Written Blocks":0,"Local Hit Blocks":0,"Local Read Blocks":0,"Local Dirtied Blocks":0,"Local Written Blocks":0,"Temp Read Blocks":0,"Temp Written Blocks":0,"I/O Read Time":0.0,"I/O Write Time":0.0,"Temp I/O Read Time":0.0,"Temp I/O Write Time":0.0},{"Node Type":"Seq Scan","Parent Relationship":"Member","Parallel Aware":false,"Async Capable":false,"Relation Name":"order_line","Schema":"public","Alias":"order_line","Startup Cost":0.0,"Total Cost":4.75,"Plan Rows":42,"Plan Width":20,"Actual Startup Time":0.0,"Actual Total Time":0.0,"Actual Rows":0,"Actual Loops":0,"Output":["order_line.ol_amount","order_line.ol_o_id","order_line.ol_w_id","order_line.ol_d_id","order_line.ol_i_id"],"Filter":"(order_line.ol_delivery_d >= '1992-01-02 20:10:02.27764'::timestamp without time zone)","Rows Removed by Filter":0,"Shared Hit Blocks":0,"Shared Read Blocks":0,"Shared Dirtied Blocks":0,"Shared Written Blocks":0,"Local Hit Blocks":0,"Local Read Blocks":0,"Local Dirtied Blocks":0,"Local Written Blocks":0,"Temp Read Blocks":0,"Temp Written Blocks":0,"I/O Read Time":0.0,"I/O Write Time":0.0,"Temp I/O Read Time":0.0,"Temp I/O Write Time":0.0}]},{"Node Type":"Hash","Parent Relationship":"Inner","Parallel Aware":false,"Async Capable":false,"Startup Cost":195025.67,"Total Cost":195025.67,"Plan Rows":10000162,"Plan Width":6,"Actual Rows":10000000,"Actual Loops":1,"Output":["stock.s_w_id","stock.s_i_id"],"Shared Hit Blocks":0,"Shared Read Blocks":0,"Shared Dirtied Blocks":0,"Shared Written Blocks":0,"Local Hit Blocks":0,"Local Read Blocks":0,"Local Dirtied Blocks":0,"Local Written Blocks":0,"Temp Read Blocks":0,"Temp Written Blocks":0,"I/O Read Time":0.0,"I/O Write Time":0.0,"Temp I/O Read Time":0.0,"Temp I/O Write Time":0.0,"Plans":[{"Node Type":"Append","Parent Relationship":"Outer","Parallel Aware":false,"Async Capable":false,"Startup Cost":20.0,"Total Cost":195025.67,"Plan Rows":10000162,"Plan Width":6,"Actual Startup Time":0.231,"Actual Total Time":0.232,"Actual Rows":10000000,"Actual Loops":1,"Shared Hit Blocks":0,"Shared Read Blocks":0,"Shared Dirtied Blocks":0,"Shared Written Blocks":0,"Local Hit Blocks":0,"Local Read Blocks":0,"Local Dirtied Blocks":0,"Local Written Blocks":0,"Temp Read Blocks":0,"Temp Written Blocks":0,"I/O Read Time":0.0,"I/O Write Time":0.0,"Temp I/O Read Time":0.0,"Temp I/O Write Time":0.0,"Subplans Removed":0,"Plans":[{"Node Type":"Custom Scan","Parent Relationship":"Member","Custom Plan Provider":"columnar scan","Parallel Aware":false,"Async Capable":false,"Relation Name":"stock","Schema":"public","Alias":"stock","Startup Cost":20.0,"Total Cost":195020.05,"Plan Rows":10000000,"Plan Width":6,"Actual Startup Time":0.23,"Actual Total Time":0.23,"Actual Rows":10000000,"Actual Loops":1,"Output":["stock.s_w_id","stock.s_i_id"],"Rows Removed by Columnar Filter":0,"Columnar cache search mode":"native","Shared Hit Blocks":0,"Shared Read Blocks":0,"Shared Dirtied Blocks":0,"Shared Written Blocks":0,"Local Hit Blocks":0,"Local Read Blocks":0,"Local Dirtied Blocks":0,"Local Written Blocks":0,"Temp Read Blocks":0,"Temp Written Blocks":0,"I/O Read Time":0.0,"I/O Write Time":0.0,"Temp I/O Read Time":0.0,"Temp I/O Write Time":0.0},{"Node Type":"Seq Scan","Parent Relationship":"Member","Parallel Aware":false,"Async Capable":false,"Relation Name":"stock","Schema":"public","Alias":"stock","Startup Cost":0.0,"Total Cost":5.62,"Plan Rows":162,"Plan Width":6,"Actual Startup Time":0.0,"Actual Total Time":0.0,"Actual Rows":0,"Actual Loops":0,"Output":["stock.s_w_id","stock.s_i_id"],"Shared Hit Blocks":0,"Shared Read Blocks":0,"Shared Dirtied Blocks":0,"Shared Written Blocks":0,"Local Hit Blocks":0,"Local Read Blocks":0,"Local Dirtied Blocks":0,"Local Written Blocks":0,"Temp Read Blocks":0,"Temp Written Blocks":0,"I/O Read Time":0.0,"I/O Write Time":0.0,"Temp I/O Read Time":0.0,"Temp I/O Write Time":0.0}]}]}]},{"Node Type":"Hash","Parent Relationship":"Inner","Parallel Aware":false,"Async Capable":false,"Startup Cost":279.02,"Total Cost":279.02,"Plan Rows":2000,"Plan Width":20,"Actual Startup Time":2.643,"Actual Total Time":2.647,"Actual Rows":3506,"Actual Loops":1,"Output":["supplier.su_suppkey","supplier.su_nationkey","nation.n_name","nation.n_nationkey"],"Hash Buckets":4096,"Original Hash Buckets":2048,"Hash Batches":1,"Original Hash Batches":1,"Peak Memory Usage":217,"Shared Hit Blocks":2,"Shared Read Blocks":0,"Shared Dirtied Blocks":0,"Shared Written Blocks":0,"Local Hit Blocks":0,"Local Read Blocks":0,"Local Dirtied Blocks":0,"Local Written Blocks":0,"Temp Read Blocks":0,"Temp Written Blocks":0,"I/O Read Time":0.0,"I/O Write Time":0.0,"Temp I/O Read Time":0.0,"Temp I/O Write Time":0.0,"Plans":[{"Node Type":"Hash Join","Parent Relationship":"Outer","Parallel Aware":false,"Async Capable":false,"Join Type":"Inner","Startup Cost":23.14,"Total Cost":279.02,"Plan Rows":2000,"Plan Width":20,"Actual Startup Time":0.544,"Actual Total Time":2.048,"Actual Rows":3506,"Actual Loops":1,"Output":["supplier.su_suppkey","supplier.su_nationkey","nation.n_name","nation.n_nationkey"],"Hash Cond":"(supplier.su_nationkey = nation.n_nationkey)","Shared Hit Blocks":2,"Shared Read Blocks":0,"Shared Dirtied Blocks":0,"Shared Written Blocks":0,"Local Hit Blocks":0,"Local Read Blocks":0,"Local Dirtied Blocks":0,"Local Written Blocks":0,"Temp Read Blocks":0,"Temp Written Blocks":0,"I/O Read Time":0.0,"I/O Write Time":0.0,"Temp I/O Read Time":0.0,"Temp I/O Write Time":0.0,"Plans":[{"Node Type":"Append","Parent Relationship":"Outer","Parallel Aware":false,"Async Capable":false,"Startup Cost":20.0,"Total Cost":219.01,"Plan Rows":10001,"Plan Width":8,"Actual Startup Time":0.092,"Actual Total Time":0.914,"Actual Rows":3506,"Actual Loops":1,"Shared Hit Blocks":0,"Shared Read Blocks":0,"Shared Dirtied Blocks":0,"Shared Written Blocks":0,"Local Hit Blocks":0,"Local Read Blocks":0,"Local Dirtied Blocks":0,"Local Written Blocks":0,"Temp Read Blocks":0,"Temp Written Blocks":0,"I/O Read Time":0.0,"I/O Write Time":0.0,"Temp I/O Read Time":0.0,"Temp I/O Write Time":0.0,"Subplans Removed":0,"Plans":[{"Node Type":"Custom Scan","Parent Relationship":"Member","Custom Plan Provider":"columnar scan","Parallel Aware":false,"Async Capable":false,"Relation Name":"supplier","Schema":"public","Alias":"supplier","Startup Cost":20.0,"Total Cost":215.0,"Plan Rows":10000,"Plan Width":8,"Actual Startup Time":0.091,"Actual Total Time":0.614,"Actual Rows":3506,"Actual Loops":1,"Output":["supplier.su_suppkey","supplier.su_nationkey"],"Rows Removed by Columnar Filter":6494,"Rows Filtered by Bloom Filter":0,"Dictionary Rows Filtered by Bloom Filter":6494,"Columnar cache search mode":"native","Shared Hit Blocks":0,"Shared Read Blocks":0,"Shared Dirtied Blocks":0,"Shared Written Blocks":0,"Local Hit Blocks":0,"Local Read Blocks":0,"Local Dirtied Blocks":0,"Local Written Blocks":0,"Temp Read Blocks":0,"Temp Written Blocks":0,"I/O Read Time":0.0,"I/O Write Time":0.0,"Temp I/O Read Time":0.0,"Temp I/O Write Time":0.0},{"Node Type":"Seq Scan","Parent Relationship":"Member","Parallel Aware":false,"Async Capable":false,"Relation Name":"supplier","Schema":"public","Alias":"supplier","Startup Cost":0.0,"Total Cost":4.01,"Plan Rows":1,"Plan Width":8,"Actual Startup Time":0.0,"Actual Total Time":0.0,"Actual Rows":0,"Actual Loops":0,"Output":["supplier.su_suppkey","supplier.su_nationkey"],"Shared Hit Blocks":0,"Shared Read Blocks":0,"Shared Dirtied Blocks":0,"Shared Written Blocks":0,"Local Hit Blocks":0,"Local Read Blocks":0,"Local Dirtied Blocks":0,"Local Written Blocks":0,"Temp Read Blocks":0,"Temp Written Blocks":0,"I/O Read Time":0.0,"I/O Write Time":0.0,"Temp I/O Read Time":0.0,"Temp I/O Write Time":0.0}]},{"Node Type":"Hash","Parent Relationship":"Inner","Parallel Aware":false,"Async Capable":false,"Startup Cost":2.99,"Total Cost":2.99,"Plan Rows":12,"Plan Width":12,"Actual Startup Time":0.058,"Actual Total Time":0.061,"Actual Rows":22,"Actual Loops":1,"Output":["nation.n_name","nation.n_nationkey"],"Hash Buckets":1024,"Original Hash Buckets":1024,"Hash Batches":1,"Original Hash Batches":1,"Peak Memory Usage":9,"Shared Hit Blocks":2,"Shared Read Blocks":0,"Shared Dirtied Blocks":0,"Shared Written Blocks":0,"Local Hit Blocks":0,"Local Read Blocks":0,"Local Dirtied Blocks":0,"Local Written Blocks":0,"Temp Read Blocks":0,"Temp Written Blocks":0,"I/O Read Time":0.0,"I/O Write Time":0.0,"Temp I/O Read Time":0.0,"Temp I/O Write Time":0.0,"Plans":[{"Node Type":"Hash Join","Parent Relationship":"Outer","Parallel Aware":false,"Async Capable":false,"Join Type":"Inner","Startup Cost":1.07,"Total Cost":2.99,"Plan Rows":12,"Plan Width":12,"Actual Startup Time":0.034,"Actual Total Time":0.05,"Actual Rows":22,"Actual Loops":1,"Output":["nation.n_name","nation.n_nationkey"],"Hash Cond":"(nation.n_regionkey = region.r_regionkey)","Shared Hit Blocks":2,"Shared Read Blocks":0,"Shared Dirtied Blocks":0,"Shared Written Blocks":0,"Local Hit Blocks":0,"Local Read Blocks":0,"Local Dirtied Blocks":0,"Local Written Blocks":0,"Temp Read Blocks":0,"Temp Written Blocks":0,"I/O Read Time":0.0,"I/O Write Time":0.0,"Temp I/O Read Time":0.0,"Temp I/O Write Time":0.0,"Plans":[{"Node Type":"Seq Scan","Parent Relationship":"Outer","Parallel Aware":false,"Async Capable":false,"Relation Name":"nation","Schema":"public","Alias":"nation","Startup Cost":0.0,"Total Cost":1.62,"Plan Rows":62,"Plan Width":16,"Actual Startup Time":0.01,"Actual Total Time":0.014,"Actual Rows":62,"Actual Loops":1,"Output":["nation.n_nationkey","nation.n_name","nation.n_regionkey","nation.n_comment"],"Shared Hit Blocks":1,"Shared Read Blocks":0,"Shared Dirtied Blocks":0,"Shared Written Blocks":0,"Local Hit Blocks":0,"Local Read Blocks":0,"Local Dirtied Blocks":0,"Local Written Blocks":0,"Temp Read Blocks":0,"Temp Written Blocks":0,"I/O Read Time":0.0,"I/O Write Time":0.0,"Temp I/O Read Time":0.0,"Temp I/O Write Time":0.0},{"Node Type":"Hash","Parent Relationship":"Inner","Parallel Aware":false,"Async Capable":false,"Startup Cost":1.06,"Total Cost":1.06,"Plan Rows":1,"Plan Width":4,"Actual Startup Time":0.011,"Actual Total Time":0.012,"Actual Rows":1,"Actual Loops":1,"Output":["region.r_regionkey"],"Hash Buckets":1024,"Original Hash Buckets":1024,"Hash Batches":1,"Original Hash Batches":1,"Peak Memory Usage":9,"Shared Hit Blocks":1,"Shared Read Blocks":0,"Shared Dirtied Blocks":0,"Shared Written Blocks":0,"Local Hit Blocks":0,"Local Read Blocks":0,"Local Dirtied Blocks":0,"Local Written Blocks":0,"Temp Read Blocks":0,"Temp Written Blocks":0,"I/O Read Time":0.0,"I/O Write Time":0.0,"Temp I/O Read Time":0.0,"Temp I/O Write Time":0.0,"Plans":[{"Node Type":"Seq Scan","Parent Relationship":"Outer","Parallel Aware":false,"Async Capable":false,"Relation Name":"region","Schema":"public","Alias":"region","Startup Cost":0.0,"Total Cost":1.06,"Plan Rows":1,"Plan Width":4,"Actual Startup Time":0.009,"Actual Total Time":0.01,"Actual Rows":1,"Actual Loops":1,"Output":["region.r_regionkey"],"Filter":"((region.r_name)::text = 'Europe'::text)","Rows Removed by Filter":4,"Shared Hit Blocks":1,"Shared Read Blocks":0,"Shared Dirtied Blocks":0,"Shared Written Blocks":0,"Local Hit Blocks":0,"Local Read Blocks":0,"Local Dirtied Blocks":0,"Local Written Blocks":0,"Temp Read Blocks":0,"Temp Written Blocks":0,"I/O Read Time":0.0,"I/O Write Time":0.0,"Temp I/O Read Time":0.0,"Temp I/O Write Time":0.0}]}]}]}]}]}]},{"Node Type":"Hash","Parent Relationship":"Inner","Parallel Aware":false,"Async Capable":false,"Startup Cost":65744.12,"Total Cost":65744.12,"Plan Rows":426549,"Plan Width":16,"Actual Startup Time":225.214,"Actual Total Time":225.215,"Actual Rows":428399,"Actual Loops":1,"Output":["orders.o_c_id","orders.o_w_id","orders.o_d_id","orders.o_id"],"Hash Buckets":262144,"Original Hash Buckets":262144,"Hash Batches":4,"Original Hash Batches":4,"Peak Memory Usage":7080,"Shared Hit Blocks":0,"Shared Read Blocks":0,"Shared Dirtied Blocks":0,"Shared Written Blocks":0,"Local Hit Blocks":0,"Local Read Blocks":0,"Local Dirtied Blocks":0,"Local Written Blocks":0,"Temp Read Blocks":0,"Temp Written Blocks":1410,"I/O Read Time":0.0,"I/O Write Time":0.0,"Temp I/O Read Time":0.0,"Temp I/O Write Time":5.975,"Plans":[{"Node Type":"Append","Parent Relationship":"Outer","Parallel Aware":false,"Async Capable":false,"Startup Cost":20.0,"Total Cost":65744.12,"Plan Rows":426549,"Plan Width":16,"Actual Startup Time":0.504,"Actual Total Time":115.694,"Actual Rows":428399,"Actual Loops":1,"Shared Hit Blocks":0,"Shared Read Blocks":0,"Shared Dirtied Blocks":0,"Shared Written Blocks":0,"Local Hit Blocks":0,"Local Read Blocks":0,"Local Dirtied Blocks":0,"Local Written Blocks":0,"Temp Read Blocks":0,"Temp Written Blocks":0,"I/O Read Time":0.0,"I/O Write Time":0.0,"Temp I/O Read Time":0.0,"Temp I/O Write Time":0.0,"Subplans Removed":0,"Plans":[{"Node Type":"Custom Scan","Parent Relationship":"Member","Custom Plan Provider":"columnar scan","Parallel Aware":false,"Async Capable":false,"Relation Name":"orders","Schema":"public","Alias":"orders","Startup Cost":20.0,"Total Cost":10043.96,"Plan Rows":426548,"Plan Width":16,"Actual Startup Time":0.502,"Actual Total Time":79.171,"Actual Rows":428399,"Actual Loops":1,"Output":["orders.o_c_id","orders.o_w_id","orders.o_d_id","orders.o_id"],"Filter":"((orders.o_entry_d < '1994-01-02 20:10:02.27764'::timestamp without time zone) AND (orders.o_entry_d >= '1993-01-02 20:10:02.27764'::timestamp without time zone))","Rows Removed by Filter":0,"Rows Removed by Columnar Filter":2571601,"Columnar cache search mode":"native","Shared Hit Blocks":0,"Shared Read Blocks":0,"Shared Dirtied Blocks":0,"Shared Written Blocks":0,"Local Hit Blocks":0,"Local Read Blocks":0,"Local Dirtied Blocks":0,"Local Written Blocks":0,"Temp Read Blocks":0,"Temp Written Blocks":0,"I/O Read Time":0.0,"I/O Write Time":0.0,"Temp I/O Read Time":0.0,"Temp I/O Write Time":0.0},{"Node Type":"Seq Scan","Parent Relationship":"Member","Parallel Aware":false,"Async Capable":false,"Relation Name":"orders","Schema":"public","Alias":"orders","Startup Cost":0.0,"Total Cost":4.01,"Plan Rows":1,"Plan Width":16,"Actual Startup Time":0.0,"Actual Total Time":0.0,"Actual Rows":0,"Actual Loops":0,"Output":["orders.o_c_id","orders.o_w_id","orders.o_d_id","orders.o_id"],"Filter":"((orders.o_entry_d < '1994-01-02 20:10:02.27764'::timestamp without time zone) AND (orders.o_entry_d >= '1993-01-02 20:10:02.27764'::timestamp without time zone))","Rows Removed by Filter":0,"Shared Hit Blocks":0,"Shared Read Blocks":0,"Shared Dirtied Blocks":0,"Shared Written Blocks":0,"Local Hit Blocks":0,"Local Read Blocks":0,"Local Dirtied Blocks":0,"Local Written Blocks":0,"Temp Read Blocks":0,"Temp Written Blocks":0,"I/O Read Time":0.0,"I/O Write Time":0.0,"Temp I/O Read Time":0.0,"Temp I/O Write Time":0.0}]}]}]},{"Node Type":"Hash","Parent Relationship":"Inner","Parallel Aware":false,"Async Capable":false,"Startup Cost":254511.16,"Total Cost":254511.16,"Plan Rows":2999739,"Plan Width":12,"Actual Startup Time":1244.197,"Actual Total Time":1244.198,"Actual Rows":3000000,"Actual Loops":1,"Output":["customer.c_id","customer.c_w_id","customer.c_d_id","customer.c_nationkey"],"Hash Buckets":262144,"Original Hash Buckets":262144,"Hash Batches":32,"Original Hash Batches":32,"Peak Memory Usage":6058,"Shared Hit Blocks":0,"Shared Read Blocks":0,"Shared Dirtied Blocks":0,"Shared Written Blocks":0,"Local Hit Blocks":0,"Local Read Blocks":0,"Local Dirtied Blocks":0,"Local Written Blocks":0,"Temp Read Blocks":0,"Temp Written Blocks":11339,"I/O Read Time":0.0,"I/O Write Time":0.0,"Temp I/O Read Time":0.0,"Temp I/O Write Time":50.242,"Plans":[{"Node Type":"Append","Parent Relationship":"Outer","Parallel Aware":false,"Async Capable":false,"Startup Cost":20.0,"Total Cost":254511.16,"Plan Rows":2999739,"Plan Width":12,"Actual Startup Time":0.043,"Actual Total Time":697.07,"Actual Rows":3000000,"Actual Loops":1,"Shared Hit Blocks":0,"Shared Read Blocks":0,"Shared Dirtied Blocks":0,"Shared Written Blocks":0,"Local Hit Blocks":0,"Local Read Blocks":0,"Local Dirtied Blocks":0,"Local Written Blocks":0,"Temp Read Blocks":0,"Temp Written Blocks":0,"I/O Read Time":0.0,"I/O Write Time":0.0,"Temp I/O Read Time":0.0,"Temp I/O Write Time":0.0,"Subplans Removed":0,"Plans":[{"Node Type":"Custom Scan","Parent Relationship":"Member","Custom Plan Provider":"columnar scan","Parallel Aware":false,"Async Capable":false,"Relation Name":"customer","Schema":"public","Alias":"customer","Startup Cost":20.0,"Total Cost":70513.87,"Plan Rows":2999738,"Plan Width":12,"Actual Startup Time":0.041,"Actual Total Time":471.158,"Actual Rows":3000000,"Actual Loops":1,"Output":["customer.c_id","customer.c_w_id","customer.c_d_id","customer.c_nationkey"],"Rows Removed by Columnar Filter":0,"Columnar cache search mode":"native","Shared Hit Blocks":0,"Shared Read Blocks":0,"Shared Dirtied Blocks":0,"Shared Written Blocks":0,"Local Hit Blocks":0,"Local Read Blocks":0,"Local Dirtied Blocks":0,"Local Written Blocks":0,"Temp Read Blocks":0,"Temp Written Blocks":0,"I/O Read Time":0.0,"I/O Write Time":0.0,"Temp I/O Read Time":0.0,"Temp I/O Write Time":0.0},{"Node Type":"Seq Scan","Parent Relationship":"Member","Parallel Aware":false,"Async Capable":false,"Relation Name":"customer","Schema":"public","Alias":"customer","Startup Cost":0.0,"Total Cost":4.01,"Plan Rows":1,"Plan Width":12,"Actual Startup Time":0.0,"Actual Total Time":0.0,"Actual Rows":0,"Actual Loops":0,"Output":["customer.c_id","customer.c_w_id","customer.c_d_id","customer.c_nationkey"],"Shared Hit Blocks":0,"Shared Read Blocks":0,"Shared Dirtied Blocks":0,"Shared Written Blocks":0,"Local Hit Blocks":0,"Local Read Blocks":0,"Local Dirtied Blocks":0,"Local Written Blocks":0,"Temp Read Blocks":0,"Temp Written Blocks":0,"I/O Read Time":0.0,"I/O Write Time":0.0,"Temp I/O Read Time":0.0,"Temp I/O Write Time":0.0}]}]}]}]}]}]},"Planning":{"Shared Hit Blocks":16,"Shared Read Blocks":0,"Shared Dirtied Blocks":0,"Shared Written Blocks":0,"Local Hit Blocks":0,"Local Read Blocks":0,"Local Dirtied Blocks":0,"Local Written Blocks":0,"Temp Read Blocks":0,"Temp Written Blocks":0,"I/O Read Time":0.0,"I/O Write Time":0.0,"Temp I/O Read Time":0.0,"Temp I/O Write Time":0.0},"Planning Time":5.645,"Triggers":[],"Execution Time":5513.744}]
[列存组合]: customer, order_line, region, stock, supplier
[{"Plan":{"Node Type":"Sort","Parallel Aware":false,"Async Capable":false,"Startup Cost":1194916.9,"Total Cost":1194917.06,"Plan Rows":62,"Plan Width":40,"Actual Startup Time":5264.944,"Actual Total Time":5264.962,"Actual Rows":11,"Actual Loops":1,"Output":["nation.n_name","(sum(order_line.ol_amount))"],"Sort Key":["(sum(order_line.ol_amount)) DESC"],"Sort Method":"quicksort","Sort Space Used":25,"Sort Space Type":"Memory","Shared Hit Blocks":22061,"Shared Read Blocks":0,"Shared Dirtied Blocks":0,"Shared Written Blocks":0,"Local Hit Blocks":0,"Local Read Blocks":0,"Local Dirtied Blocks":0,"Local Written Blocks":0,"Temp Read Blocks":31471,"Temp Written Blocks":31471,"I/O Read Time":0.0,"I/O Write Time":0.0,"Temp I/O Read Time":51.531,"Temp I/O Write Time":137.474,"Plans":[{"Node Type":"Aggregate","Strategy":"Sorted","Partial Mode":"Simple","Parent Relationship":"Outer","Parallel Aware":false,"Async Capable":false,"Startup Cost":1194841.12,"Total Cost":1194915.06,"Plan Rows":62,"Plan Width":40,"Actual Startup Time":5262.069,"Actual Total Time":5264.949,"Actual Rows":11,"Actual Loops":1,"Output":["nation.n_name","sum(order_line.ol_amount)"],"Group Key":["nation.n_name"],"Shared Hit Blocks":22061,"Shared Read Blocks":0,"Shared Dirtied Blocks":0,"Shared Written Blocks":0,"Local Hit Blocks":0,"Local Read Blocks":0,"Local Dirtied Blocks":0,"Local Written Blocks":0,"Temp Read Blocks":31471,"Temp Written Blocks":31471,"I/O Read Time":0.0,"I/O Write Time":0.0,"Temp I/O Read Time":51.531,"Temp I/O Write Time":137.474,"Plans":[{"Node Type":"Sort","Parent Relationship":"Outer","Parallel Aware":false,"Async Capable":false,"Startup Cost":1194841.12,"Total Cost":1194865.51,"Plan Rows":9755,"Plan Width":12,"Actual Startup Time":5261.86,"Actual Total Time":5262.632,"Actual Rows":17493,"Actual Loops":1,"Output":["nation.n_name","order_line.ol_amount"],"Sort Key":["nation.n_name"],"Sort Method":"quicksort","Sort Space Used":1725,"Sort Space Type":"Memory","Shared Hit Blocks":22061,"Shared Read Blocks":0,"Shared Dirtied Blocks":0,"Shared Written Blocks":0,"Local Hit Blocks":0,"Local Read Blocks":0,"Local Dirtied Blocks":0,"Local Written Blocks":0,"Temp Read Blocks":31471,"Temp Written Blocks":31471,"I/O Read Time":0.0,"I/O Write Time":0.0,"Temp I/O Read Time":51.531,"Temp I/O Write Time":137.474,"Plans":[{"Node Type":"Hash Join","Parent Relationship":"Outer","Parallel Aware":false,"Async Capable":false,"Join Type":"Inner","Startup Cost":435387.56,"Total Cost":1194194.76,"Plan Rows":9755,"Plan Width":12,"Actual Startup Time":2111.509,"Actual Total Time":5253.344,"Actual Rows":17493,"Actual Loops":1,"Output":["nation.n_name","order_line.ol_amount"],"Hash Cond":"((orders.o_c_id = customer.c_id) AND (orders.o_w_id = customer.c_w_id) AND (orders.o_d_id = customer.c_d_id) AND (supplier.su_nationkey = customer.c_nationkey))","Shared Hit Blocks":22061,"Shared Read Blocks":0,"Shared Dirtied Blocks":0,"Shared Written Blocks":0,"Local Hit Blocks":0,"Local Read Blocks":0,"Local Dirtied Blocks":0,"Local Written Blocks":0,"Temp Read Blocks":31471,"Temp Written Blocks":31471,"I/O Read Time":0.0,"I/O Write Time":0.0,"Temp I/O Read Time":51.531,"Temp I/O Write Time":137.474,"Plans":[{"Node Type":"Hash Join","Parent Relationship":"Outer","Parallel Aware":false,"Async Capable":false,"Join Type":"Inner","Startup Cost":106233.63,"Total Cost":834643.9,"Plan Rows":602754,"Plan Width":34,"Actual Startup Time":914.48,"Actual Total Time":3261.865,"Actual Rows":1489124,"Actual Loops":1,"Output":["orders.o_c_id","orders.o_w_id","orders.o_d_id","order_line.ol_amount","order_line.ol_w_id","order_line.ol_d_id","stock.s_w_id","supplier.su_nationkey","nation.n_name","nation.n_nationkey"],"Hash Cond":"((order_line.ol_w_id = orders.o_w_id) AND (order_line.ol_d_id = orders.o_d_id) AND (order_line.ol_o_id = orders.o_id))","Shared Hit Blocks":22061,"Shared Read Blocks":0,"Shared Dirtied Blocks":0,"Shared Written Blocks":0,"Local Hit Blocks":0,"Local Read Blocks":0,"Local Dirtied Blocks":0,"Local Written Blocks":0,"Temp Read Blocks":9894,"Temp Written Blocks":9894,"I/O Read Time":0.0,"I/O Write Time":0.0,"Temp I/O Read Time":16.644,"Temp I/O Write Time":42.821,"Plans":[{"Node Type":"Hash Join","Parent Relationship":"Outer","Parallel Aware":false,"Async Capable":false,"Join Type":"Inner","Startup Cost":29627.04,"Total Cost":656242.79,"Plan Rows":4242986,"Plan Width":34,"Actual Startup Time":571.17,"Actual Total Time":2199.063,"Actual Rows":1498118,"Actual Loops":1,"Output":["order_line.ol_amount","order_line.ol_o_id","order_line.ol_w_id","order_line.ol_d_id","stock.s_w_id","supplier.su_nationkey","nation.n_name","nation.n_nationkey"],"Hash Cond":"(mod((stock.s_w_id * stock.s_i_id), 10000) = supplier.su_suppkey)","Shared Hit Blocks":2,"Shared Read Blocks":0,"Shared Dirtied Blocks":0,"Shared Written Blocks":0,"Local Hit Blocks":0,"Local Read Blocks":0,"Local Dirtied Blocks":0,"Local Written Blocks":0,"Temp Read Blocks":0,"Temp Written Blocks":0,"I/O Read Time":0.0,"I/O Write Time":0.0,"Temp I/O Read Time":0.0,"Temp I/O Write Time":0.0,"Plans":[{"Node Type":"Hash Join","Parent Relationship":"Outer","Parallel Aware":false,"Async Capable":false,"Join Type":"Inner","Startup Cost":29323.02,"Total Cost":480915.59,"Plan Rows":21214932,"Plan Width":22,"Actual Startup Time":568.608,"Actual Total Time":1523.692,"Actual Rows":4311079,"Actual Loops":1,"Output":["order_line.ol_amount","order_line.ol_o_id","order_line.ol_w_id","order_line.ol_d_id","stock.s_w_id","stock.s_i_id"],"Hash Cond":"((order_line.ol_w_id = stock.s_w_id) AND (order_line.ol_i_id = stock.s_i_id))","Rows Removed by Bloom Filter":0,"Shared Hit Blocks":0,"Shared Read Blocks":0,"Shared Dirtied Blocks":0,"Shared Written Blocks":0,"Local Hit Blocks":0,"Local Read Blocks":0,"Local Dirtied Blocks":0,"Local Written Blocks":0,"Temp Read Blocks":0,"Temp Written Blocks":0,"I/O Read Time":0.0,"I/O Write Time":0.0,"Temp I/O Read Time":0.0,"Temp I/O Write Time":0.0,"Plans":[{"Node Type":"Append","Parent Relationship":"Outer","Parallel Aware":false,"Async Capable":false,"Startup Cost":20.0,"Total Cost":533646.5,"Plan Rows":20926367,"Plan Width":20,"Actual Startup Time":123.171,"Actual Total Time":123.177,"Actual Rows":4311079,"Actual Loops":1,"Shared Hit Blocks":0,"Shared Read Blocks":0,"Shared Dirtied Blocks":0,"Shared Written Blocks":0,"Local Hit Blocks":0,"Local Read Blocks":0,"Local Dirtied Blocks":0,"Local Written Blocks":0,"Temp Read Blocks":0,"Temp Written Blocks":0,"I/O Read Time":0.0,"I/O Write Time":0.0,"Temp I/O Read Time":0.0,"Temp I/O Write Time":0.0,"Subplans Removed":0,"Plans":[{"Node Type":"Custom Scan","Parent Relationship":"Member","Custom Plan Provider":"columnar scan","Parallel Aware":false,"Async Capable":false,"Relation Name":"order_line","Schema":"public","Alias":"order_line","Startup Cost":20.0,"Total Cost":533641.75,"Plan Rows":20926325,"Plan Width":20,"Actual Startup Time":123.169,"Actual Total Time":123.171,"Actual Rows":4311079,"Actual Loops":1,"Output":["order_line.ol_amount","order_line.ol_o_id","order_line.ol_w_id","order_line.ol_d_id","order_line.ol_i_id"],"Filter":"(order_line.ol_delivery_d >= '1992-01-02 20:10:02.27764'::timestamp without time zone)","Rows Removed by Filter":0,"Rows Removed by Columnar Filter":25686653,"Rows Filtered by Bloom Filter":0,"Dictionary Rows Filtered by Bloom Filter":25686653,"Columnar cache search mode":"native","Shared Hit Blocks":0,"Shared Read Blocks":0,"Shared Dirtied Blocks":0,"Shared Written Blocks":0,"Local Hit Blocks":0,"Local Read Blocks":0,"Local Dirtied Blocks":0,"Local Written Blocks":0,"Temp Read Blocks":0,"Temp Written Blocks":0,"I/O Read Time":0.0,"I/O Write Time":0.0,"Temp I/O Read Time":0.0,"Temp I/O Write Time":0.0},{"Node Type":"Seq Scan","Parent Relationship":"Member","Parallel Aware":false,"Async Capable":false,"Relation Name":"order_line","Schema":"public","Alias":"order_line","Startup Cost":0.0,"Total Cost":4.75,"Plan Rows":42,"Plan Width":20,"Actual Startup Time":0.0,"Actual Total Time":0.0,"Actual Rows":0,"Actual Loops":0,"Output":["order_line.ol_amount","order_line.ol_o_id","order_line.ol_w_id","order_line.ol_d_id","order_line.ol_i_id"],"Filter":"(order_line.ol_delivery_d >= '1992-01-02 20:10:02.27764'::timestamp without time zone)","Rows Removed by Filter":0,"Shared Hit Blocks":0,"Shared Read Blocks":0,"Shared Dirtied Blocks":0,"Shared Written Blocks":0,"Local Hit Blocks":0,"Local Read Blocks":0,"Local Dirtied Blocks":0,"Local Written Blocks":0,"Temp Read Blocks":0,"Temp Written Blocks":0,"I/O Read Time":0.0,"I/O Write Time":0.0,"Temp I/O Read Time":0.0,"Temp I/O Write Time":0.0}]},{"Node Type":"Hash","Parent Relationship":"Inner","Parallel Aware":false,"Async Capable":false,"Startup Cost":195025.67,"Total Cost":195025.67,"Plan Rows":10000162,"Plan Width":6,"Actual Rows":10000000,"Actual Loops":1,"Output":["stock.s_w_id","stock.s_i_id"],"Shared Hit Blocks":0,"Shared Read Blocks":0,"Shared Dirtied Blocks":0,"Shared Written Blocks":0,"Local Hit Blocks":0,"Local Read Blocks":0,"Local Dirtied Blocks":0,"Local Written Blocks":0,"Temp Read Blocks":0,"Temp Written Blocks":0,"I/O Read Time":0.0,"I/O Write Time":0.0,"Temp I/O Read Time":0.0,"Temp I/O Write Time":0.0,"Plans":[{"Node Type":"Append","Parent Relationship":"Outer","Parallel Aware":false,"Async Capable":false,"Startup Cost":20.0,"Total Cost":195025.67,"Plan Rows":10000162,"Plan Width":6,"Actual Startup Time":0.23,"Actual Total Time":0.231,"Actual Rows":10000000,"Actual Loops":1,"Shared Hit Blocks":0,"Shared Read Blocks":0,"Shared Dirtied Blocks":0,"Shared Written Blocks":0,"Local Hit Blocks":0,"Local Read Blocks":0,"Local Dirtied Blocks":0,"Local Written Blocks":0,"Temp Read Blocks":0,"Temp Written Blocks":0,"I/O Read Time":0.0,"I/O Write Time":0.0,"Temp I/O Read Time":0.0,"Temp I/O Write Time":0.0,"Subplans Removed":0,"Plans":[{"Node Type":"Custom Scan","Parent Relationship":"Member","Custom Plan Provider":"columnar scan","Parallel Aware":false,"Async Capable":false,"Relation Name":"stock","Schema":"public","Alias":"stock","Startup Cost":20.0,"Total Cost":195020.05,"Plan Rows":10000000,"Plan Width":6,"Actual Startup Time":0.229,"Actual Total Time":0.23,"Actual Rows":10000000,"Actual Loops":1,"Output":["stock.s_w_id","stock.s_i_id"],"Rows Removed by Columnar Filter":0,"Columnar cache search mode":"native","Shared Hit Blocks":0,"Shared Read Blocks":0,"Shared Dirtied Blocks":0,"Shared Written Blocks":0,"Local Hit Blocks":0,"Local Read Blocks":0,"Local Dirtied Blocks":0,"Local Written Blocks":0,"Temp Read Blocks":0,"Temp Written Blocks":0,"I/O Read Time":0.0,"I/O Write Time":0.0,"Temp I/O Read Time":0.0,"Temp I/O Write Time":0.0},{"Node Type":"Seq Scan","Parent Relationship":"Member","Parallel Aware":false,"Async Capable":false,"Relation Name":"stock","Schema":"public","Alias":"stock","Startup Cost":0.0,"Total Cost":5.62,"Plan Rows":162,"Plan Width":6,"Actual Startup Time":0.0,"Actual Total Time":0.0,"Actual Rows":0,"Actual Loops":0,"Output":["stock.s_w_id","stock.s_i_id"],"Shared Hit Blocks":0,"Shared Read Blocks":0,"Shared Dirtied Blocks":0,"Shared Written Blocks":0,"Local Hit Blocks":0,"Local Read Blocks":0,"Local Dirtied Blocks":0,"Local Written Blocks":0,"Temp Read Blocks":0,"Temp Written Blocks":0,"I/O Read Time":0.0,"I/O Write Time":0.0,"Temp I/O Read Time":0.0,"Temp I/O Write Time":0.0}]}]}]},{"Node Type":"Hash","Parent Relationship":"Inner","Parallel Aware":false,"Async Capable":false,"Startup Cost":279.02,"Total Cost":279.02,"Plan Rows":2000,"Plan Width":20,"Actual Startup Time":2.538,"Actual Total Time":2.543,"Actual Rows":3506,"Actual Loops":1,"Output":["supplier.su_suppkey","supplier.su_nationkey","nation.n_name","nation.n_nationkey"],"Hash Buckets":4096,"Original Hash Buckets":2048,"Hash Batches":1,"Original Hash Batches":1,"Peak Memory Usage":217,"Shared Hit Blocks":2,"Shared Read Blocks":0,"Shared Dirtied Blocks":0,"Shared Written Blocks":0,"Local Hit Blocks":0,"Local Read Blocks":0,"Local Dirtied Blocks":0,"Local Written Blocks":0,"Temp Read Blocks":0,"Temp Written Blocks":0,"I/O Read Time":0.0,"I/O Write Time":0.0,"Temp I/O Read Time":0.0,"Temp I/O Write Time":0.0,"Plans":[{"Node Type":"Hash Join","Parent Relationship":"Outer","Parallel Aware":false,"Async Capable":false,"Join Type":"Inner","Startup Cost":23.14,"Total Cost":279.02,"Plan Rows":2000,"Plan Width":20,"Actual Startup Time":0.516,"Actual Total Time":1.942,"Actual Rows":3506,"Actual Loops":1,"Output":["supplier.su_suppkey","supplier.su_nationkey","nation.n_name","nation.n_nationkey"],"Hash Cond":"(supplier.su_nationkey = nation.n_nationkey)","Shared Hit Blocks":2,"Shared Read Blocks":0,"Shared Dirtied Blocks":0,"Shared Written Blocks":0,"Local Hit Blocks":0,"Local Read Blocks":0,"Local Dirtied Blocks":0,"Local Written Blocks":0,"Temp Read Blocks":0,"Temp Written Blocks":0,"I/O Read Time":0.0,"I/O Write Time":0.0,"Temp I/O Read Time":0.0,"Temp I/O Write Time":0.0,"Plans":[{"Node Type":"Append","Parent Relationship":"Outer","Parallel Aware":false,"Async Capable":false,"Startup Cost":20.0,"Total Cost":219.01,"Plan Rows":10001,"Plan Width":8,"Actual Startup Time":0.111,"Actual Total Time":0.878,"Actual Rows":3506,"Actual Loops":1,"Shared Hit Blocks":0,"Shared Read Blocks":0,"Shared Dirtied Blocks":0,"Shared Written Blocks":0,"Local Hit Blocks":0,"Local Read Blocks":0,"Local Dirtied Blocks":0,"Local Written Blocks":0,"Temp Read Blocks":0,"Temp Written Blocks":0,"I/O Read Time":0.0,"I/O Write Time":0.0,"Temp I/O Read Time":0.0,"Temp I/O Write Time":0.0,"Subplans Removed":0,"Plans":[{"Node Type":"Custom Scan","Parent Relationship":"Member","Custom Plan Provider":"columnar scan","Parallel Aware":false,"Async Capable":false,"Relation Name":"supplier","Schema":"public","Alias":"supplier","Startup Cost":20.0,"Total Cost":215.0,"Plan Rows":10000,"Plan Width":8,"Actual Startup Time":0.109,"Actual Total Time":0.618,"Actual Rows":3506,"Actual Loops":1,"Output":["supplier.su_suppkey","supplier.su_nationkey"],"Rows Removed by Columnar Filter":6494,"Rows Filtered by Bloom Filter":0,"Dictionary Rows Filtered by Bloom Filter":6494,"Columnar cache search mode":"native","Shared Hit Blocks":0,"Shared Read Blocks":0,"Shared Dirtied Blocks":0,"Shared Written Blocks":0,"Local Hit Blocks":0,"Local Read Blocks":0,"Local Dirtied Blocks":0,"Local Written Blocks":0,"Temp Read Blocks":0,"Temp Written Blocks":0,"I/O Read Time":0.0,"I/O Write Time":0.0,"Temp I/O Read Time":0.0,"Temp I/O Write Time":0.0},{"Node Type":"Seq Scan","Parent Relationship":"Member","Parallel Aware":false,"Async Capable":false,"Relation Name":"supplier","Schema":"public","Alias":"supplier","Startup Cost":0.0,"Total Cost":4.01,"Plan Rows":1,"Plan Width":8,"Actual Startup Time":0.0,"Actual Total Time":0.0,"Actual Rows":0,"Actual Loops":0,"Output":["supplier.su_suppkey","supplier.su_nationkey"],"Shared Hit Blocks":0,"Shared Read Blocks":0,"Shared Dirtied Blocks":0,"Shared Written Blocks":0,"Local Hit Blocks":0,"Local Read Blocks":0,"Local Dirtied Blocks":0,"Local Written Blocks":0,"Temp Read Blocks":0,"Temp Written Blocks":0,"I/O Read Time":0.0,"I/O Write Time":0.0,"Temp I/O Read Time":0.0,"Temp I/O Write Time":0.0}]},{"Node Type":"Hash","Parent Relationship":"Inner","Parallel Aware":false,"Async Capable":false,"Startup Cost":2.99,"Total Cost":2.99,"Plan Rows":12,"Plan Width":12,"Actual Startup Time":0.062,"Actual Total Time":0.065,"Actual Rows":22,"Actual Loops":1,"Output":["nation.n_name","nation.n_nationkey"],"Hash Buckets":1024,"Original Hash Buckets":1024,"Hash Batches":1,"Original Hash Batches":1,"Peak Memory Usage":9,"Shared Hit Blocks":2,"Shared Read Blocks":0,"Shared Dirtied Blocks":0,"Shared Written Blocks":0,"Local Hit Blocks":0,"Local Read Blocks":0,"Local Dirtied Blocks":0,"Local Written Blocks":0,"Temp Read Blocks":0,"Temp Written Blocks":0,"I/O Read Time":0.0,"I/O Write Time":0.0,"Temp I/O Read Time":0.0,"Temp I/O Write Time":0.0,"Plans":[{"Node Type":"Hash Join","Parent Relationship":"Outer","Parallel Aware":false,"Async Capable":false,"Join Type":"Inner","Startup Cost":1.07,"Total Cost":2.99,"Plan Rows":12,"Plan Width":12,"Actual Startup Time":0.033,"Actual Total Time":0.048,"Actual Rows":22,"Actual Loops":1,"Output":["nation.n_name","nation.n_nationkey"],"Hash Cond":"(nation.n_regionkey = region.r_regionkey)","Shared Hit Blocks":2,"Shared Read Blocks":0,"Shared Dirtied Blocks":0,"Shared Written Blocks":0,"Local Hit Blocks":0,"Local Read Blocks":0,"Local Dirtied Blocks":0,"Local Written Blocks":0,"Temp Read Blocks":0,"Temp Written Blocks":0,"I/O Read Time":0.0,"I/O Write Time":0.0,"Temp I/O Read Time":0.0,"Temp I/O Write Time":0.0,"Plans":[{"Node Type":"Seq Scan","Parent Relationship":"Outer","Parallel Aware":false,"Async Capable":false,"Relation Name":"nation","Schema":"public","Alias":"nation","Startup Cost":0.0,"Total Cost":1.62,"Plan Rows":62,"Plan Width":16,"Actual Startup Time":0.01,"Actual Total Time":0.015,"Actual Rows":62,"Actual Loops":1,"Output":["nation.n_nationkey","nation.n_name","nation.n_regionkey","nation.n_comment"],"Shared Hit Blocks":1,"Shared Read Blocks":0,"Shared Dirtied Blocks":0,"Shared Written Blocks":0,"Local Hit Blocks":0,"Local Read Blocks":0,"Local Dirtied Blocks":0,"Local Written Blocks":0,"Temp Read Blocks":0,"Temp Written Blocks":0,"I/O Read Time":0.0,"I/O Write Time":0.0,"Temp I/O Read Time":0.0,"Temp I/O Write Time":0.0},{"Node Type":"Hash","Parent Relationship":"Inner","Parallel Aware":false,"Async Capable":false,"Startup Cost":1.06,"Total Cost":1.06,"Plan Rows":1,"Plan Width":4,"Actual Startup Time":0.009,"Actual Total Time":0.01,"Actual Rows":1,"Actual Loops":1,"Output":["region.r_regionkey"],"Hash Buckets":1024,"Original Hash Buckets":1024,"Hash Batches":1,"Original Hash Batches":1,"Peak Memory Usage":9,"Shared Hit Blocks":1,"Shared Read Blocks":0,"Shared Dirtied Blocks":0,"Shared Written Blocks":0,"Local Hit Blocks":0,"Local Read Blocks":0,"Local Dirtied Blocks":0,"Local Written Blocks":0,"Temp Read Blocks":0,"Temp Written Blocks":0,"I/O Read Time":0.0,"I/O Write Time":0.0,"Temp I/O Read Time":0.0,"Temp I/O Write Time":0.0,"Plans":[{"Node Type":"Seq Scan","Parent Relationship":"Outer","Parallel Aware":false,"Async Capable":false,"Relation Name":"region","Schema":"public","Alias":"region","Startup Cost":0.0,"Total Cost":1.06,"Plan Rows":1,"Plan Width":4,"Actual Startup Time":0.008,"Actual Total Time":0.008,"Actual Rows":1,"Actual Loops":1,"Output":["region.r_regionkey"],"Filter":"((region.r_name)::text = 'Europe'::text)","Rows Removed by Filter":4,"Shared Hit Blocks":1,"Shared Read Blocks":0,"Shared Dirtied Blocks":0,"Shared Written Blocks":0,"Local Hit Blocks":0,"Local Read Blocks":0,"Local Dirtied Blocks":0,"Local Written Blocks":0,"Temp Read Blocks":0,"Temp Written Blocks":0,"I/O Read Time":0.0,"I/O Write Time":0.0,"Temp I/O Read Time":0.0,"Temp I/O Write Time":0.0}]}]}]}]}]}]},{"Node Type":"Hash","Parent Relationship":"Inner","Parallel Aware":false,"Async Capable":false,"Startup Cost":67059.0,"Total Cost":67059.0,"Plan Rows":426548,"Plan Width":16,"Actual Startup Time":342.026,"Actual Total Time":342.027,"Actual Rows":428399,"Actual Loops":1,"Output":["orders.o_c_id","orders.o_w_id","orders.o_d_id","orders.o_id"],"Hash Buckets":262144,"Original Hash Buckets":262144,"Hash Batches":4,"Original Hash Batches":4,"Peak Memory Usage":7080,"Shared Hit Blocks":22059,"Shared Read Blocks":0,"Shared Dirtied Blocks":0,"Shared Written Blocks":0,"Local Hit Blocks":0,"Local Read Blocks":0,"Local Dirtied Blocks":0,"Local Written Blocks":0,"Temp Read Blocks":0,"Temp Written Blocks":1410,"I/O Read Time":0.0,"I/O Write Time":0.0,"Temp I/O Read Time":0.0,"Temp I/O Write Time":6.305,"Plans":[{"Node Type":"Seq Scan","Parent Relationship":"Outer","Parallel Aware":false,"Async Capable":false,"Relation Name":"orders","Schema":"public","Alias":"orders","Startup Cost":0.0,"Total Cost":67059.0,"Plan Rows":426548,"Plan Width":16,"Actual Startup Time":0.922,"Actual Total Time":239.33,"Actual Rows":428399,"Actual Loops":1,"Output":["orders.o_c_id","orders.o_w_id","orders.o_d_id","orders.o_id"],"Filter":"((orders.o_entry_d >= '1993-01-02 20:10:02.27764'::timestamp without time zone) AND (orders.o_entry_d < '1994-01-02 20:10:02.27764'::timestamp without time zone))","Rows Removed by Filter":2571601,"Shared Hit Blocks":22059,"Shared Read Blocks":0,"Shared Dirtied Blocks":0,"Shared Written Blocks":0,"Local Hit Blocks":0,"Local Read Blocks":0,"Local Dirtied Blocks":0,"Local Written Blocks":0,"Temp Read Blocks":0,"Temp Written Blocks":0,"I/O Read Time":0.0,"I/O Write Time":0.0,"Temp I/O Read Time":0.0,"Temp I/O Write Time":0.0}]}]},{"Node Type":"Hash","Parent Relationship":"Inner","Parallel Aware":false,"Async Capable":false,"Startup Cost":254511.16,"Total Cost":254511.16,"Plan Rows":2999739,"Plan Width":12,"Actual Startup Time":1188.39,"Actual Total Time":1188.391,"Actual Rows":3000000,"Actual Loops":1,"Output":["customer.c_id","customer.c_w_id","customer.c_d_id","customer.c_nationkey"],"Hash Buckets":262144,"Original Hash Buckets":262144,"Hash Batches":32,"Original Hash Batches":32,"Peak Memory Usage":6058,"Shared Hit Blocks":0,"Shared Read Blocks":0,"Shared Dirtied Blocks":0,"Shared Written Blocks":0,"Local Hit Blocks":0,"Local Read Blocks":0,"Local Dirtied Blocks":0,"Local Written Blocks":0,"Temp Read Blocks":0,"Temp Written Blocks":11339,"I/O Read Time":0.0,"I/O Write Time":0.0,"Temp I/O Read Time":0.0,"Temp I/O Write Time":48.5,"Plans":[{"Node Type":"Append","Parent Relationship":"Outer","Parallel Aware":false,"Async Capable":false,"Startup Cost":20.0,"Total Cost":254511.16,"Plan Rows":2999739,"Plan Width":12,"Actual Startup Time":0.026,"Actual Total Time":659.0,"Actual Rows":3000000,"Actual Loops":1,"Shared Hit Blocks":0,"Shared Read Blocks":0,"Shared Dirtied Blocks":0,"Shared Written Blocks":0,"Local Hit Blocks":0,"Local Read Blocks":0,"Local Dirtied Blocks":0,"Local Written Blocks":0,"Temp Read Blocks":0,"Temp Written Blocks":0,"I/O Read Time":0.0,"I/O Write Time":0.0,"Temp I/O Read Time":0.0,"Temp I/O Write Time":0.0,"Subplans Removed":0,"Plans":[{"Node Type":"Custom Scan","Parent Relationship":"Member","Custom Plan Provider":"columnar scan","Parallel Aware":false,"Async Capable":false,"Relation Name":"customer","Schema":"public","Alias":"customer","Startup Cost":20.0,"Total Cost":70513.87,"Plan Rows":2999738,"Plan Width":12,"Actual Startup Time":0.025,"Actual Total Time":449.509,"Actual Rows":3000000,"Actual Loops":1,"Output":["customer.c_id","customer.c_w_id","customer.c_d_id","customer.c_nationkey"],"Rows Removed by Columnar Filter":0,"Columnar cache search mode":"native","Shared Hit Blocks":0,"Shared Read Blocks":0,"Shared Dirtied Blocks":0,"Shared Written Blocks":0,"Local Hit Blocks":0,"Local Read Blocks":0,"Local Dirtied Blocks":0,"Local Written Blocks":0,"Temp Read Blocks":0,"Temp Written Blocks":0,"I/O Read Time":0.0,"I/O Write Time":0.0,"Temp I/O Read Time":0.0,"Temp I/O Write Time":0.0},{"Node Type":"Seq Scan","Parent Relationship":"Member","Parallel Aware":false,"Async Capable":false,"Relation Name":"customer","Schema":"public","Alias":"customer","Startup Cost":0.0,"Total Cost":4.01,"Plan Rows":1,"Plan Width":12,"Actual Startup Time":0.0,"Actual Total Time":0.0,"Actual Rows":0,"Actual Loops":0,"Output":["customer.c_id","customer.c_w_id","customer.c_d_id","customer.c_nationkey"],"Shared Hit Blocks":0,"Shared Read Blocks":0,"Shared Dirtied Blocks":0,"Shared Written Blocks":0,"Local Hit Blocks":0,"Local Read Blocks":0,"Local Dirtied Blocks":0,"Local Written Blocks":0,"Temp Read Blocks":0,"Temp Written Blocks":0,"I/O Read Time":0.0,"I/O Write Time":0.0,"Temp I/O Read Time":0.0,"Temp I/O Write Time":0.0}]}]}]}]}]}]},"Planning":{"Shared Hit Blocks":16,"Shared Read Blocks":0,"Shared Dirtied Blocks":0,"Shared Written Blocks":0,"Local Hit Blocks":0,"Local Read Blocks":0,"Local Dirtied Blocks":0,"Local Written Blocks":0,"Temp Read Blocks":0,"Temp Written Blocks":0,"I/O Read Time":0.0,"I/O Write Time":0.0,"Temp I/O Read Time":0.0,"Temp I/O Write Time":0.0},"Planning Time":5.476,"Triggers":[],"Execution Time":5265.971}]
[列存组合]: customer, orders, region, stock, supplier
[{"Plan":{"Node Type":"Sort","Parallel Aware":false,"Async Capable":false,"Startup Cost":2010681.59,"Total Cost":2010681.74,"Plan Rows":62,"Plan Width":40,"Actual Startup Time":16442.109,"Actual Total Time":16442.135,"Actual Rows":11,"Actual Loops":1,"Output":["nation.n_name","(sum(order_line.ol_amount))"],"Sort Key":["(sum(order_line.ol_amount)) DESC"],"Sort Method":"quicksort","Sort Space Used":25,"Sort Space Type":"Memory","Shared Hit Blocks":368224,"Shared Read Blocks":0,"Shared Dirtied Blocks":0,"Shared Written Blocks":0,"Local Hit Blocks":0,"Local Read Blocks":0,"Local Dirtied Blocks":0,"Local Written Blocks":0,"Temp Read Blocks":129460,"Temp Written Blocks":129487,"I/O Read Time":0.0,"I/O Write Time":0.0,"Temp I/O Read Time":202.648,"Temp I/O Write Time":512.326,"Plans":[{"Node Type":"Aggregate","Strategy":"Sorted","Partial Mode":"Simple","Parent Relationship":"Outer","Parallel Aware":false,"Async Capable":false,"Startup Cost":2010605.8,"Total Cost":2010679.74,"Plan Rows":62,"Plan Width":40,"Actual Startup Time":16439.298,"Actual Total Time":16442.121,"Actual Rows":11,"Actual Loops":1,"Output":["nation.n_name","sum(order_line.ol_amount)"],"Group Key":["nation.n_name"],"Shared Hit Blocks":368224,"Shared Read Blocks":0,"Shared Dirtied Blocks":0,"Shared Written Blocks":0,"Local Hit Blocks":0,"Local Read Blocks":0,"Local Dirtied Blocks":0,"Local Written Blocks":0,"Temp Read Blocks":129460,"Temp Written Blocks":129487,"I/O Read Time":0.0,"I/O Write Time":0.0,"Temp I/O Read Time":202.648,"Temp I/O Write Time":512.326,"Plans":[{"Node Type":"Sort","Parent Relationship":"Outer","Parallel Aware":false,"Async Capable":false,"Startup Cost":2010605.8,"Total Cost":2010630.19,"Plan Rows":9755,"Plan Width":12,"Actual Startup Time":16439.086,"Actual Total Time":16439.86,"Actual Rows":17493,"Actual Loops":1,"Output":["nation.n_name","order_line.ol_amount"],"Sort Key":["nation.n_name"],"Sort Method":"quicksort","Sort Space Used":1725,"Sort Space Type":"Memory","Shared Hit Blocks":368224,"Shared Read Blocks":0,"Shared Dirtied Blocks":0,"Shared Written Blocks":0,"Local Hit Blocks":0,"Local Read Blocks":0,"Local Dirtied Blocks":0,"Local Written Blocks":0,"Temp Read Blocks":129460,"Temp Written Blocks":129487,"I/O Read Time":0.0,"I/O Write Time":0.0,"Temp I/O Read Time":202.648,"Temp I/O Write Time":512.326,"Plans":[{"Node Type":"Hash Join","Parent Relationship":"Outer","Parallel Aware":false,"Async Capable":false,"Join Type":"Inner","Startup Cost":1686462.53,"Total Cost":2009959.44,"Plan Rows":9755,"Plan Width":12,"Actual Startup Time":14600.629,"Actual Total Time":16430.284,"Actual Rows":17493,"Actual Loops":1,"Output":["nation.n_name","order_line.ol_amount"],"Inner Unique":true,"Hash Cond":"((mod((stock.s_w_id * stock.s_i_id), 10000) = supplier.su_suppkey) AND (customer.c_nationkey = supplier.su_nationkey))","Shared Hit Blocks":368224,"Shared Read Blocks":0,"Shared Dirtied Blocks":0,"Shared Written Blocks":0,"Local Hit Blocks":0,"Local Read Blocks":0,"Local Dirtied Blocks":0,"Local Written Blocks":0,"Temp Read Blocks":129460,"Temp Written Blocks":129487,"I/O Read Time":0.0,"I/O Write Time":0.0,"Temp I/O Read Time":202.648,"Temp I/O Write Time":512.326,"Plans":[{"Node Type":"Merge Join","Parent Relationship":"Outer","Parallel Aware":false,"Async Capable":false,"Join Type":"Inner","Startup Cost":1686093.5,"Total Cost":2006275.28,"Plan Rows":602749,"Plan Width":26,"Actual Startup Time":14597.061,"Actual Total Time":16286.776,"Actual Rows":1109507,"Actual Loops":1,"Output":["customer.c_nationkey","order_line.ol_amount","stock.s_w_id","stock.s_i_id","nation.n_name","nation.n_nationkey"],"Inner Unique":true,"Merge Cond":"((customer.c_w_id = stock.s_w_id) AND (order_line.ol_i_id = stock.s_i_id))","Shared Hit Blocks":368224,"Shared Read Blocks":0,"Shared Dirtied Blocks":0,"Shared Written Blocks":0,"Local Hit Blocks":0,"Local Read Blocks":0,"Local Dirtied Blocks":0,"Local Written Blocks":0,"Temp Read Blocks":129460,"Temp Written Blocks":129487,"I/O Read Time":0.0,"I/O Write Time":0.0,"Temp I/O Read Time":202.648,"Temp I/O Write Time":512.326,"Plans":[{"Node Type":"Sort","Parent Relationship":"Outer","Parallel Aware":false,"Async Capable":false,"Startup Cost":1686093.07,"Total Cost":1687580.75,"Plan Rows":595073,"Plan Width":30,"Actual Startup Time":14596.998,"Actual Total Time":14778.276,"Actual Rows":1109507,"Actual Loops":1,"Output":["customer.c_w_id","customer.c_nationkey","orders.o_w_id","order_line.ol_amount","order_line.ol_w_id","order_line.ol_i_id","nation.n_name","nation.n_nationkey"],"Sort Key":["customer.c_w_id","order_line.ol_i_id"],"Sort Method":"external merge","Sort Space Used":47304,"Sort Space Type":"Disk","Shared Hit Blocks":340886,"Shared Read Blocks":0,"Shared Dirtied Blocks":0,"Shared Written Blocks":0,"Local Hit Blocks":0,"Local Read Blocks":0,"Local Dirtied Blocks":0,"Local Written Blocks":0,"Temp Read Blocks":129460,"Temp Written Blocks":129487,"I/O Read Time":0.0,"I/O Write Time":0.0,"Temp I/O Read Time":202.648,"Temp I/O Write Time":512.326,"Plans":[{"Node Type":"Hash Join","Parent Relationship":"Outer","Parallel Aware":false,"Async Capable":false,"Join Type":"Inner","Startup Cost":396949.46,"Total Cost":1614779.51,"Plan Rows":595073,"Plan Width":30,"Actual Startup Time":1413.806,"Actual Total Time":13199.357,"Actual Rows":1109507,"Actual Loops":1,"Output":["customer.c_w_id","customer.c_nationkey","orders.o_w_id","order_line.ol_amount","order_line.ol_w_id","order_line.ol_i_id","nation.n_name","nation.n_nationkey"],"Inner Unique":false,"Hash Cond":"(customer.c_nationkey = nation.n_nationkey)","Shared Hit Blocks":340886,"Shared Read Blocks":0,"Shared Dirtied Blocks":0,"Shared Written Blocks":0,"Local Hit Blocks":0,"Local Read Blocks":0,"Local Dirtied Blocks":0,"Local Written Blocks":0,"Temp Read Blocks":117643,"Temp Written Blocks":117643,"I/O Read Time":0.0,"I/O Write Time":0.0,"Temp I/O Read Time":184.631,"Temp I/O Write Time":480.814,"Plans":[{"Node Type":"Hash Join","Parent Relationship":"Outer","Parallel Aware":false,"Async Capable":false,"Join Type":"Inner","Startup Cost":396946.31,"Total Cost":1597859.98,"Plan Rows":2975367,"Plan Width":18,"Actual Startup Time":1404.288,"Actual Total Time":12772.588,"Actual Rows":4284922,"Actual Loops":1,"Output":["customer.c_w_id","customer.c_nationkey","orders.o_w_id","order_line.ol_amount","order_line.ol_w_id","order_line.ol_i_id"],"Inner Unique":true,"Hash Cond":"((orders.o_c_id = customer.c_id) AND (orders.o_w_id = customer.c_w_id) AND (orders.o_d_id = customer.c_d_id))","Shared Hit Blocks":340884,"Shared Read Blocks":0,"Shared Dirtied Blocks":0,"Shared Written Blocks":0,"Local Hit Blocks":0,"Local Read Blocks":0,"Local Dirtied Blocks":0,"Local Written Blocks":0,"Temp Read Blocks":117643,"Temp Written Blocks":117643,"I/O Read Time":0.0,"I/O Write Time":0.0,"Temp I/O Read Time":184.631,"Temp I/O Write Time":480.814,"Plans":[{"Node Type":"Hash Join","Parent Relationship":"Outer","Parallel Aware":false,"Async Capable":false,"Join Type":"Inner","Startup Cost":75291.73,"Total Cost":1203258.36,"Plan Rows":2975367,"Plan Width":20,"Actual Startup Time":246.317,"Actual Total Time":9465.974,"Actual Rows":4284922,"Actual Loops":1,"Output":["orders.o_c_id","orders.o_w_id","orders.o_d_id","order_line.ol_amount","order_line.ol_w_id","order_line.ol_d_id","order_line.ol_i_id"],"Inner Unique":true,"Hash Cond":"((order_line.ol_w_id = orders.o_w_id) AND (order_line.ol_d_id = orders.o_d_id) AND (order_line.ol_o_id = orders.o_id))","Shared Hit Blocks":340884,"Shared Read Blocks":0,"Shared Dirtied Blocks":0,"Shared Written Blocks":0,"Local Hit Blocks":0,"Local Read Blocks":0,"Local Dirtied Blocks":0,"Local Written Blocks":0,"Temp Read Blocks":85996,"Temp Written Blocks":85996,"I/O Read Time":0.0,"I/O Write Time":0.0,"Temp I/O Read Time":134.236,"Temp I/O Write Time":338.05,"Plans":[{"Node Type":"Seq Scan","Parent Relationship":"Outer","Parallel Aware":false,"Async Capable":false,"Relation Name":"order_line","Schema":"public","Alias":"order_line","Startup Cost":0.0,"Total Cost":715856.4,"Plan Rows":20926367,"Plan Width":20,"Actual Startup Time":0.006,"Actual Total Time":3677.643,"Actual Rows":21002151,"Actual Loops":1,"Output":["order_line.ol_amount","order_line.ol_o_id","order_line.ol_w_id","order_line.ol_d_id","order_line.ol_i_id"],"Filter":"(order_line.ol_delivery_d >= '1992-01-02 20:10:02.27764'::timestamp without time zone)","Rows Removed by Filter":8995581,"Shared Hit Blocks":340884,"Shared Read Blocks":0,"Shared Dirtied Blocks":0,"Shared Written Blocks":0,"Local Hit Blocks":0,"Local Read Blocks":0,"Local Dirtied Blocks":0,"Local Written Blocks":0,"Temp Read Blocks":0,"Temp Written Blocks":0,"I/O Read Time":0.0,"I/O Write Time":0.0,"Temp I/O Read Time":0.0,"Temp I/O Write Time":0.0},{"Node Type":"Hash","Parent Relationship":"Inner","Parallel Aware":false,"Async Capable":false,"Startup Cost":65744.12,"Total Cost":65744.12,"Plan Rows":426549,"Plan Width":16,"Actual Startup Time":179.088,"Actual Total Time":179.095,"Actual Rows":428399,"Actual Loops":1,"Output":["orders.o_c_id","orders.o_w_id","orders.o_d_id","orders.o_id"],"Hash Buckets":262144,"Original Hash Buckets":262144,"Hash Batches":4,"Original Hash Batches":4,"Peak Memory Usage":7080,"Shared Hit Blocks":0,"Shared Read Blocks":0,"Shared Dirtied Blocks":0,"Shared Written Blocks":0,"Local Hit Blocks":0,"Local Read Blocks":0,"Local Dirtied Blocks":0,"Local Written Blocks":0,"Temp Read Blocks":0,"Temp Written Blocks":1410,"I/O Read Time":0.0,"I/O Write Time":0.0,"Temp I/O Read Time":0.0,"Temp I/O Write Time":5.655,"Plans":[{"Node Type":"Append","Parent Relationship":"Outer","Parallel Aware":false,"Async Capable":false,"Startup Cost":20.0,"Total Cost":65744.12,"Plan Rows":426549,"Plan Width":16,"Actual Startup Time":0.507,"Actual Total Time":103.1,"Actual Rows":428399,"Actual Loops":1,"Shared Hit Blocks":0,"Shared Read Blocks":0,"Shared Dirtied Blocks":0,"Shared Written Blocks":0,"Local Hit Blocks":0,"Local Read Blocks":0,"Local Dirtied Blocks":0,"Local Written Blocks":0,"Temp Read Blocks":0,"Temp Written Blocks":0,"I/O Read Time":0.0,"I/O Write Time":0.0,"Temp I/O Read Time":0.0,"Temp I/O Write Time":0.0,"Subplans Removed":0,"Plans":[{"Node Type":"Custom Scan","Parent Relationship":"Member","Custom Plan Provider":"columnar scan","Parallel Aware":false,"Async Capable":false,"Relation Name":"orders","Schema":"public","Alias":"orders","Startup Cost":20.0,"Total Cost":10043.96,"Plan Rows":426548,"Plan Width":16,"Actual Startup Time":0.507,"Actual Total Time":72.162,"Actual Rows":428399,"Actual Loops":1,"Output":["orders.o_c_id","orders.o_w_id","orders.o_d_id","orders.o_id"],"Filter":"((orders.o_entry_d < '1994-01-02 20:10:02.27764'::timestamp without time zone) AND (orders.o_entry_d >= '1993-01-02 20:10:02.27764'::timestamp without time zone))","Rows Removed by Filter":0,"Rows Removed by Columnar Filter":2571601,"Columnar cache search mode":"native","Shared Hit Blocks":0,"Shared Read Blocks":0,"Shared Dirtied Blocks":0,"Shared Written Blocks":0,"Local Hit Blocks":0,"Local Read Blocks":0,"Local Dirtied Blocks":0,"Local Written Blocks":0,"Temp Read Blocks":0,"Temp Written Blocks":0,"I/O Read Time":0.0,"I/O Write Time":0.0,"Temp I/O Read Time":0.0,"Temp I/O Write Time":0.0},{"Node Type":"Seq Scan","Parent Relationship":"Member","Parallel Aware":false,"Async Capable":false,"Relation Name":"orders","Schema":"public","Alias":"orders","Startup Cost":0.0,"Total Cost":4.01,"Plan Rows":1,"Plan Width":16,"Actual Startup Time":0.0,"Actual Total Time":0.0,"Actual Rows":0,"Actual Loops":0,"Output":["orders.o_c_id","orders.o_w_id","orders.o_d_id","orders.o_id"],"Filter":"((orders.o_entry_d < '1994-01-02 20:10:02.27764'::timestamp without time zone) AND (orders.o_entry_d >= '1993-01-02 20:10:02.27764'::timestamp without time zone))","Rows Removed by Filter":0,"Shared Hit Blocks":0,"Shared Read Blocks":0,"Shared Dirtied Blocks":0,"Shared Written Blocks":0,"Local Hit Blocks":0,"Local Read Blocks":0,"Local Dirtied Blocks":0,"Local Written Blocks":0,"Temp Read Blocks":0,"Temp Written Blocks":0,"I/O Read Time":0.0,"I/O Write Time":0.0,"Temp I/O Read Time":0.0,"Temp I/O Write Time":0.0}]}]}]},{"Node Type":"Hash","Parent Relationship":"Inner","Parallel Aware":false,"Async Capable":false,"Startup Cost":254511.16,"Total Cost":254511.16,"Plan Rows":2999739,"Plan Width":12,"Actual Startup Time":1155.672,"Actual Total Time":1155.676,"Actual Rows":3000000,"Actual Loops":1,"Output":["customer.c_id","customer.c_w_id","customer.c_d_id","customer.c_nationkey"],"Hash Buckets":262144,"Original Hash Buckets":262144,"Hash Batches":32,"Original Hash Batches":32,"Peak Memory Usage":6090,"Shared Hit Blocks":0,"Shared Read Blocks":0,"Shared Dirtied Blocks":0,"Shared Written Blocks":0,"Local Hit Blocks":0,"Local Read Blocks":0,"Local Dirtied Blocks":0,"Local Written Blocks":0,"Temp Read Blocks":0,"Temp Written Blocks":11335,"I/O Read Time":0.0,"I/O Write Time":0.0,"Temp I/O Read Time":0.0,"Temp I/O Write Time":48.225,"Plans":[{"Node Type":"Append","Parent Relationship":"Outer","Parallel Aware":false,"Async Capable":false,"Startup Cost":20.0,"Total Cost":254511.16,"Plan Rows":2999739,"Plan Width":12,"Actual Startup Time":0.017,"Actual Total Time":654.212,"Actual Rows":3000000,"Actual Loops":1,"Shared Hit Blocks":0,"Shared Read Blocks":0,"Shared Dirtied Blocks":0,"Shared Written Blocks":0,"Local Hit Blocks":0,"Local Read Blocks":0,"Local Dirtied Blocks":0,"Local Written Blocks":0,"Temp Read Blocks":0,"Temp Written Blocks":0,"I/O Read Time":0.0,"I/O Write Time":0.0,"Temp I/O Read Time":0.0,"Temp I/O Write Time":0.0,"Subplans Removed":0,"Plans":[{"Node Type":"Custom Scan","Parent Relationship":"Member","Custom Plan Provider":"columnar scan","Parallel Aware":false,"Async Capable":false,"Relation Name":"customer","Schema":"public","Alias":"customer","Startup Cost":20.0,"Total Cost":70513.87,"Plan Rows":2999738,"Plan Width":12,"Actual Startup Time":0.017,"Actual Total Time":445.805,"Actual Rows":3000000,"Actual Loops":1,"Output":["customer.c_id","customer.c_w_id","customer.c_d_id","customer.c_nationkey"],"Rows Removed by Columnar Filter":0,"Columnar cache search mode":"native","Shared Hit Blocks":0,"Shared Read Blocks":0,"Shared Dirtied Blocks":0,"Shared Written Blocks":0,"Local Hit Blocks":0,"Local Read Blocks":0,"Local Dirtied Blocks":0,"Local Written Blocks":0,"Temp Read Blocks":0,"Temp Written Blocks":0,"I/O Read Time":0.0,"I/O Write Time":0.0,"Temp I/O Read Time":0.0,"Temp I/O Write Time":0.0},{"Node Type":"Seq Scan","Parent Relationship":"Member","Parallel Aware":false,"Async Capable":false,"Relation Name":"customer","Schema":"public","Alias":"customer","Startup Cost":0.0,"Total Cost":4.01,"Plan Rows":1,"Plan Width":12,"Actual Startup Time":0.0,"Actual Total Time":0.0,"Actual Rows":0,"Actual Loops":0,"Output":["customer.c_id","customer.c_w_id","customer.c_d_id","customer.c_nationkey"],"Shared Hit Blocks":0,"Shared Read Blocks":0,"Shared Dirtied Blocks":0,"Shared Written Blocks":0,"Local Hit Blocks":0,"Local Read Blocks":0,"Local Dirtied Blocks":0,"Local Written Blocks":0,"Temp Read Blocks":0,"Temp Written Blocks":0,"I/O Read Time":0.0,"I/O Write Time":0.0,"Temp I/O Read Time":0.0,"Temp I/O Write Time":0.0}]}]}]},{"Node Type":"Hash","Parent Relationship":"Inner","Parallel Aware":false,"Async Capable":false,"Startup Cost":2.99,"Total Cost":2.99,"Plan Rows":12,"Plan Width":12,"Actual Startup Time":0.045,"Actual Total Time":0.049,"Actual Rows":22,"Actual Loops":1,"Output":["nation.n_name","nation.n_nationkey"],"Hash Buckets":1024,"Original Hash Buckets":1024,"Hash Batches":1,"Original Hash Batches":1,"Peak Memory Usage":9,"Shared Hit Blocks":2,"Shared Read Blocks":0,"Shared Dirtied Blocks":0,"Shared Written Blocks":0,"Local Hit Blocks":0,"Local Read Blocks":0,"Local Dirtied Blocks":0,"Local Written Blocks":0,"Temp Read Blocks":0,"Temp Written Blocks":0,"I/O Read Time":0.0,"I/O Write Time":0.0,"Temp I/O Read Time":0.0,"Temp I/O Write Time":0.0,"Plans":[{"Node Type":"Hash Join","Parent Relationship":"Outer","Parallel Aware":false,"Async Capable":false,"Join Type":"Inner","Startup Cost":1.07,"Total Cost":2.99,"Plan Rows":12,"Plan Width":12,"Actual Startup Time":0.028,"Actual Total Time":0.044,"Actual Rows":22,"Actual Loops":1,"Output":["nation.n_name","nation.n_nationkey"],"Inner Unique":true,"Hash Cond":"(nation.n_regionkey = region.r_regionkey)","Shared Hit Blocks":2,"Shared Read Blocks":0,"Shared Dirtied Blocks":0,"Shared Written Blocks":0,"Local Hit Blocks":0,"Local Read Blocks":0,"Local Dirtied Blocks":0,"Local Written Blocks":0,"Temp Read Blocks":0,"Temp Written Blocks":0,"I/O Read Time":0.0,"I/O Write Time":0.0,"Temp I/O Read Time":0.0,"Temp I/O Write Time":0.0,"Plans":[{"Node Type":"Seq Scan","Parent Relationship":"Outer","Parallel Aware":false,"Async Capable":false,"Relation Name":"nation","Schema":"public","Alias":"nation","Startup Cost":0.0,"Total Cost":1.62,"Plan Rows":62,"Plan Width":16,"Actual Startup Time":0.007,"Actual Total Time":0.01,"Actual Rows":62,"Actual Loops":1,"Output":["nation.n_nationkey","nation.n_name","nation.n_regionkey","nation.n_comment"],"Shared Hit Blocks":1,"Shared Read Blocks":0,"Shared Dirtied Blocks":0,"Shared Written Blocks":0,"Local Hit Blocks":0,"Local Read Blocks":0,"Local Dirtied Blocks":0,"Local Written Blocks":0,"Temp Read Blocks":0,"Temp Written Blocks":0,"I/O Read Time":0.0,"I/O Write Time":0.0,"Temp I/O Read Time":0.0,"Temp I/O Write Time":0.0},{"Node Type":"Hash","Parent Relationship":"Inner","Parallel Aware":false,"Async Capable":false,"Startup Cost":1.06,"Total Cost":1.06,"Plan Rows":1,"Plan Width":4,"Actual Startup Time":0.008,"Actual Total Time":0.01,"Actual Rows":1,"Actual Loops":1,"Output":["region.r_regionkey"],"Hash Buckets":1024,"Original Hash Buckets":1024,"Hash Batches":1,"Original Hash Batches":1,"Peak Memory Usage":9,"Shared Hit Blocks":1,"Shared Read Blocks":0,"Shared Dirtied Blocks":0,"Shared Written Blocks":0,"Local Hit Blocks":0,"Local Read Blocks":0,"Local Dirtied Blocks":0,"Local Written Blocks":0,"Temp Read Blocks":0,"Temp Written Blocks":0,"I/O Read Time":0.0,"I/O Write Time":0.0,"Temp I/O Read Time":0.0,"Temp I/O Write Time":0.0,"Plans":[{"Node Type":"Seq Scan","Parent Relationship":"Outer","Parallel Aware":false,"Async Capable":false,"Relation Name":"region","Schema":"public","Alias":"region","Startup Cost":0.0,"Total Cost":1.06,"Plan Rows":1,"Plan Width":4,"Actual Startup Time":0.006,"Actual Total Time":0.007,"Actual Rows":1,"Actual Loops":1,"Output":["region.r_regionkey"],"Filter":"((region.r_name)::text = 'Europe'::text)","Rows Removed by Filter":4,"Shared Hit Blocks":1,"Shared Read Blocks":0,"Shared Dirtied Blocks":0,"Shared Written Blocks":0,"Local Hit Blocks":0,"Local Read Blocks":0,"Local Dirtied Blocks":0,"Local Written Blocks":0,"Temp Read Blocks":0,"Temp Written Blocks":0,"I/O Read Time":0.0,"I/O Write Time":0.0,"Temp I/O Read Time":0.0,"Temp I/O Write Time":0.0}]}]}]}]}]},{"Node Type":"Index Only Scan","Parent Relationship":"Inner","Parallel Aware":false,"Async Capable":false,"Scan Direction":"Forward","Index Name":"stock_pk","Relation Name":"stock","Schema":"public","Alias":"stock","Startup Cost":0.43,"Total Cost":259690.86,"Plan Rows":10000162,"Plan Width":6,"Actual Startup Time":0.05,"Actual Total Time":705.884,"Actual Rows":9999996,"Actual Loops":1,"Output":["stock.s_w_id","stock.s_i_id"],"Heap Fetches":0,"Shared Hit Blocks":27338,"Shared Read Blocks":0,"Shared Dirtied Blocks":0,"Shared Written Blocks":0,"Local Hit Blocks":0,"Local Read Blocks":0,"Local Dirtied Blocks":0,"Local Written Blocks":0,"Temp Read Blocks":0,"Temp Written Blocks":0,"I/O Read Time":0.0,"I/O Write Time":0.0,"Temp I/O Read Time":0.0,"Temp I/O Write Time":0.0}]},{"Node Type":"Hash","Parent Relationship":"Inner","Parallel Aware":false,"Async Capable":false,"Startup Cost":219.01,"Total Cost":219.01,"Plan Rows":10001,"Plan Width":8,"Actual Startup Time":3.146,"Actual Total Time":3.149,"Actual Rows":10000,"Actual Loops":1,"Output":["supplier.su_suppkey","supplier.su_nationkey"],"Hash Buckets":16384,"Original Hash Buckets":16384,"Hash Batches":1,"Original Hash Batches":1,"Peak Memory Usage":519,"Shared Hit Blocks":0,"Shared Read Blocks":0,"Shared Dirtied Blocks":0,"Shared Written Blocks":0,"Local Hit Blocks":0,"Local Read Blocks":0,"Local Dirtied Blocks":0,"Local Written Blocks":0,"Temp Read Blocks":0,"Temp Written Blocks":0,"I/O Read Time":0.0,"I/O Write Time":0.0,"Temp I/O Read Time":0.0,"Temp I/O Write Time":0.0,"Plans":[{"Node Type":"Append","Parent Relationship":"Outer","Parallel Aware":false,"Async Capable":false,"Startup Cost":20.0,"Total Cost":219.01,"Plan Rows":10001,"Plan Width":8,"Actual Startup Time":0.012,"Actual Total Time":1.79,"Actual Rows":10000,"Actual Loops":1,"Shared Hit Blocks":0,"Shared Read Blocks":0,"Shared Dirtied Blocks":0,"Shared Written Blocks":0,"Local Hit Blocks":0,"Local Read Blocks":0,"Local Dirtied Blocks":0,"Local Written Blocks":0,"Temp Read Blocks":0,"Temp Written Blocks":0,"I/O Read Time":0.0,"I/O Write Time":0.0,"Temp I/O Read Time":0.0,"Temp I/O Write Time":0.0,"Subplans Removed":0,"Plans":[{"Node Type":"Custom Scan","Parent Relationship":"Member","Custom Plan Provider":"columnar scan","Parallel Aware":false,"Async Capable":false,"Relation Name":"supplier","Schema":"public","Alias":"supplier","Startup Cost":20.0,"Total Cost":215.0,"Plan Rows":10000,"Plan Width":8,"Actual Startup Time":0.011,"Actual Total Time":1.082,"Actual Rows":10000,"Actual Loops":1,"Output":["supplier.su_suppkey","supplier.su_nationkey"],"Rows Removed by Columnar Filter":0,"Columnar cache search mode":"native","Shared Hit Blocks":0,"Shared Read Blocks":0,"Shared Dirtied Blocks":0,"Shared Written Blocks":0,"Local Hit Blocks":0,"Local Read Blocks":0,"Local Dirtied Blocks":0,"Local Written Blocks":0,"Temp Read Blocks":0,"Temp Written Blocks":0,"I/O Read Time":0.0,"I/O Write Time":0.0,"Temp I/O Read Time":0.0,"Temp I/O Write Time":0.0},{"Node Type":"Seq Scan","Parent Relationship":"Member","Parallel Aware":false,"Async Capable":false,"Relation Name":"supplier","Schema":"public","Alias":"supplier","Startup Cost":0.0,"Total Cost":4.01,"Plan Rows":1,"Plan Width":8,"Actual Startup Time":0.0,"Actual Total Time":0.0,"Actual Rows":0,"Actual Loops":0,"Output":["supplier.su_suppkey","supplier.su_nationkey"],"Shared Hit Blocks":0,"Shared Read Blocks":0,"Shared Dirtied Blocks":0,"Shared Written Blocks":0,"Local Hit Blocks":0,"Local Read Blocks":0,"Local Dirtied Blocks":0,"Local Written Blocks":0,"Temp Read Blocks":0,"Temp Written Blocks":0,"I/O Read Time":0.0,"I/O Write Time":0.0,"Temp I/O Read Time":0.0,"Temp I/O Write Time":0.0}]}]}]}]}]}]},"Planning":{"Shared Hit Blocks":16,"Shared Read Blocks":0,"Shared Dirtied Blocks":0,"Shared Written Blocks":0,"Local Hit Blocks":0,"Local Read Blocks":0,"Local Dirtied Blocks":0,"Local Written Blocks":0,"Temp Read Blocks":0,"Temp Written Blocks":0,"I/O Read Time":0.0,"I/O Write Time":0.0,"Temp I/O Read Time":0.0,"Temp I/O Write Time":0.0},"Planning Time":5.243,"Triggers":[],"Execution Time":16450.201}]
[列存组合]: nation, order_line, orders, region, stock
[{"Plan":{"Node Type":"Sort","Parallel Aware":false,"Async Capable":false,"Startup Cost":1198790.22,"Total Cost":1198790.37,"Plan Rows":62,"Plan Width":40,"Actual Startup Time":5431.986,"Actual Total Time":5432.0,"Actual Rows":11,"Actual Loops":1,"Output":["nation.n_name","(sum(order_line.ol_amount))"],"Sort Key":["(sum(order_line.ol_amount)) DESC"],"Sort Method":"quicksort","Sort Space Used":25,"Sort Space Type":"Memory","Shared Hit Blocks":229823,"Shared Read Blocks":0,"Shared Dirtied Blocks":0,"Shared Written Blocks":0,"Local Hit Blocks":0,"Local Read Blocks":0,"Local Dirtied Blocks":0,"Local Written Blocks":0,"Temp Read Blocks":31471,"Temp Written Blocks":31471,"I/O Read Time":0.0,"I/O Write Time":0.0,"Temp I/O Read Time":51.228,"Temp I/O Write Time":146.843,"Plans":[{"Node Type":"Aggregate","Strategy":"Sorted","Partial Mode":"Simple","Parent Relationship":"Outer","Parallel Aware":false,"Async Capable":false,"Startup Cost":1198714.43,"Total Cost":1198788.37,"Plan Rows":62,"Plan Width":40,"Actual Startup Time":5429.152,"Actual Total Time":5431.987,"Actual Rows":11,"Actual Loops":1,"Output":["nation.n_name","sum(order_line.ol_amount)"],"Group Key":["nation.n_name"],"Shared Hit Blocks":229823,"Shared Read Blocks":0,"Shared Dirtied Blocks":0,"Shared Written Blocks":0,"Local Hit Blocks":0,"Local Read Blocks":0,"Local Dirtied Blocks":0,"Local Written Blocks":0,"Temp Read Blocks":31471,"Temp Written Blocks":31471,"I/O Read Time":0.0,"I/O Write Time":0.0,"Temp I/O Read Time":51.228,"Temp I/O Write Time":146.843,"Plans":[{"Node Type":"Sort","Parent Relationship":"Outer","Parallel Aware":false,"Async Capable":false,"Startup Cost":1198714.43,"Total Cost":1198738.82,"Plan Rows":9755,"Plan Width":12,"Actual Startup Time":5428.941,"Actual Total Time":5429.73,"Actual Rows":17493,"Actual Loops":1,"Output":["nation.n_name","order_line.ol_amount"],"Sort Key":["nation.n_name"],"Sort Method":"quicksort","Sort Space Used":1725,"Sort Space Type":"Memory","Shared Hit Blocks":229823,"Shared Read Blocks":0,"Shared Dirtied Blocks":0,"Shared Written Blocks":0,"Local Hit Blocks":0,"Local Read Blocks":0,"Local Dirtied Blocks":0,"Local Written Blocks":0,"Temp Read Blocks":31471,"Temp Written Blocks":31471,"I/O Read Time":0.0,"I/O Write Time":0.0,"Temp I/O Read Time":51.228,"Temp I/O Write Time":146.843,"Plans":[{"Node Type":"Hash Join","Parent Relationship":"Outer","Parallel Aware":false,"Async Capable":false,"Join Type":"Inner","Startup Cost":439260.88,"Total Cost":1198068.07,"Plan Rows":9755,"Plan Width":12,"Actual Startup Time":2310.254,"Actual Total Time":5420.44,"Actual Rows":17493,"Actual Loops":1,"Output":["nation.n_name","order_line.ol_amount"],"Hash Cond":"((orders.o_c_id = customer.c_id) AND (orders.o_w_id = customer.c_w_id) AND (orders.o_d_id = customer.c_d_id) AND (supplier.su_nationkey = customer.c_nationkey))","Shared Hit Blocks":229823,"Shared Read Blocks":0,"Shared Dirtied Blocks":0,"Shared Written Blocks":0,"Local Hit Blocks":0,"Local Read Blocks":0,"Local Dirtied Blocks":0,"Local Written Blocks":0,"Temp Read Blocks":31471,"Temp Written Blocks":31471,"I/O Read Time":0.0,"I/O Write Time":0.0,"Temp I/O Read Time":51.228,"Temp I/O Write Time":146.843,"Plans":[{"Node Type":"Hash Join","Parent Relationship":"Outer","Parallel Aware":false,"Async Capable":false,"Join Type":"Inner","Startup Cost":105016.74,"Total Cost":833427.02,"Plan Rows":602754,"Plan Width":34,"Actual Startup Time":1025.717,"Actual Total Time":3343.851,"Actual Rows":1489124,"Actual Loops":1,"Output":["orders.o_c_id","orders.o_w_id","orders.o_d_id","order_line.ol_amount","order_line.ol_w_id","order_line.ol_d_id","stock.s_w_id","supplier.su_nationkey","nation.n_name","nation.n_nationkey"],"Hash Cond":"((order_line.ol_w_id = orders.o_w_id) AND (order_line.ol_d_id = orders.o_d_id) AND (order_line.ol_o_id = orders.o_id))","Shared Hit Blocks":219,"Shared Read Blocks":0,"Shared Dirtied Blocks":0,"Shared Written Blocks":0,"Local Hit Blocks":0,"Local Read Blocks":0,"Local Dirtied Blocks":0,"Local Written Blocks":0,"Temp Read Blocks":9894,"Temp Written Blocks":9894,"I/O Read Time":0.0,"I/O Write Time":0.0,"Temp I/O Read Time":16.468,"Temp I/O Write Time":43.537,"Plans":[{"Node Type":"Hash Join","Parent Relationship":"Outer","Parallel Aware":false,"Async Capable":false,"Join Type":"Inner","Startup Cost":29725.01,"Total Cost":656340.76,"Plan Rows":4242986,"Plan Width":34,"Actual Startup Time":813.486,"Actual Total Time":2409.488,"Actual Rows":1498118,"Actual Loops":1,"Output":["order_line.ol_amount","order_line.ol_o_id","order_line.ol_w_id","order_line.ol_d_id","stock.s_w_id","supplier.su_nationkey","nation.n_name","nation.n_nationkey"],"Hash Cond":"(mod((stock.s_w_id * stock.s_i_id), 10000) = supplier.su_suppkey)","Shared Hit Blocks":219,"Shared Read Blocks":0,"Shared Dirtied Blocks":0,"Shared Written Blocks":0,"Local Hit Blocks":0,"Local Read Blocks":0,"Local Dirtied Blocks":0,"Local Written Blocks":0,"Temp Read Blocks":0,"Temp Written Blocks":0,"I/O Read Time":0.0,"I/O Write Time":0.0,"Temp I/O Read Time":0.0,"Temp I/O Write Time":0.0,"Plans":[{"Node Type":"Hash Join","Parent Relationship":"Outer","Parallel Aware":false,"Async Capable":false,"Join Type":"Inner","Startup Cost":29323.02,"Total Cost":480915.59,"Plan Rows":21214932,"Plan Width":22,"Actual Startup Time":810.588,"Actual Total Time":1723.925,"Actual Rows":4311079,"Actual Loops":1,"Output":["order_line.ol_amount","order_line.ol_o_id","order_line.ol_w_id","order_line.ol_d_id","stock.s_w_id","stock.s_i_id"],"Hash Cond":"((order_line.ol_w_id = stock.s_w_id) AND (order_line.ol_i_id = stock.s_i_id))","Rows Removed by Bloom Filter":0,"Shared Hit Blocks":0,"Shared Read Blocks":0,"Shared Dirtied Blocks":0,"Shared Written Blocks":0,"Local Hit Blocks":0,"Local Read Blocks":0,"Local Dirtied Blocks":0,"Local Written Blocks":0,"Temp Read Blocks":0,"Temp Written Blocks":0,"I/O Read Time":0.0,"I/O Write Time":0.0,"Temp I/O Read Time":0.0,"Temp I/O Write Time":0.0,"Plans":[{"Node Type":"Append","Parent Relationship":"Outer","Parallel Aware":false,"Async Capable":false,"Startup Cost":20.0,"Total Cost":533646.5,"Plan Rows":20926367,"Plan Width":20,"Actual Startup Time":123.433,"Actual Total Time":123.436,"Actual Rows":4311079,"Actual Loops":1,"Shared Hit Blocks":0,"Shared Read Blocks":0,"Shared Dirtied Blocks":0,"Shared Written Blocks":0,"Local Hit Blocks":0,"Local Read Blocks":0,"Local Dirtied Blocks":0,"Local Written Blocks":0,"Temp Read Blocks":0,"Temp Written Blocks":0,"I/O Read Time":0.0,"I/O Write Time":0.0,"Temp I/O Read Time":0.0,"Temp I/O Write Time":0.0,"Subplans Removed":0,"Plans":[{"Node Type":"Custom Scan","Parent Relationship":"Member","Custom Plan Provider":"columnar scan","Parallel Aware":false,"Async Capable":false,"Relation Name":"order_line","Schema":"public","Alias":"order_line","Startup Cost":20.0,"Total Cost":533641.75,"Plan Rows":20926325,"Plan Width":20,"Actual Startup Time":123.432,"Actual Total Time":123.433,"Actual Rows":4311079,"Actual Loops":1,"Output":["order_line.ol_amount","order_line.ol_o_id","order_line.ol_w_id","order_line.ol_d_id","order_line.ol_i_id"],"Filter":"(order_line.ol_delivery_d >= '1992-01-02 20:10:02.27764'::timestamp without time zone)","Rows Removed by Filter":0,"Rows Removed by Columnar Filter":25686653,"Rows Filtered by Bloom Filter":0,"Dictionary Rows Filtered by Bloom Filter":25686653,"Columnar cache search mode":"native","Shared Hit Blocks":0,"Shared Read Blocks":0,"Shared Dirtied Blocks":0,"Shared Written Blocks":0,"Local Hit Blocks":0,"Local Read Blocks":0,"Local Dirtied Blocks":0,"Local Written Blocks":0,"Temp Read Blocks":0,"Temp Written Blocks":0,"I/O Read Time":0.0,"I/O Write Time":0.0,"Temp I/O Read Time":0.0,"Temp I/O Write Time":0.0},{"Node Type":"Seq Scan","Parent Relationship":"Member","Parallel Aware":false,"Async Capable":false,"Relation Name":"order_line","Schema":"public","Alias":"order_line","Startup Cost":0.0,"Total Cost":4.75,"Plan Rows":42,"Plan Width":20,"Actual Startup Time":0.0,"Actual Total Time":0.0,"Actual Rows":0,"Actual Loops":0,"Output":["order_line.ol_amount","order_line.ol_o_id","order_line.ol_w_id","order_line.ol_d_id","order_line.ol_i_id"],"Filter":"(order_line.ol_delivery_d >= '1992-01-02 20:10:02.27764'::timestamp without time zone)","Rows Removed by Filter":0,"Shared Hit Blocks":0,"Shared Read Blocks":0,"Shared Dirtied Blocks":0,"Shared Written Blocks":0,"Local Hit Blocks":0,"Local Read Blocks":0,"Local Dirtied Blocks":0,"Local Written Blocks":0,"Temp Read Blocks":0,"Temp Written Blocks":0,"I/O Read Time":0.0,"I/O Write Time":0.0,"Temp I/O Read Time":0.0,"Temp I/O Write Time":0.0}]},{"Node Type":"Hash","Parent Relationship":"Inner","Parallel Aware":false,"Async Capable":false,"Startup Cost":195025.67,"Total Cost":195025.67,"Plan Rows":10000162,"Plan Width":6,"Actual Rows":10000000,"Actual Loops":1,"Output":["stock.s_w_id","stock.s_i_id"],"Shared Hit Blocks":0,"Shared Read Blocks":0,"Shared Dirtied Blocks":0,"Shared Written Blocks":0,"Local Hit Blocks":0,"Local Read Blocks":0,"Local Dirtied Blocks":0,"Local Written Blocks":0,"Temp Read Blocks":0,"Temp Written Blocks":0,"I/O Read Time":0.0,"I/O Write Time":0.0,"Temp I/O Read Time":0.0,"Temp I/O Write Time":0.0,"Plans":[{"Node Type":"Append","Parent Relationship":"Outer","Parallel Aware":false,"Async Capable":false,"Startup Cost":20.0,"Total Cost":195025.67,"Plan Rows":10000162,"Plan Width":6,"Actual Startup Time":0.226,"Actual Total Time":0.227,"Actual Rows":10000000,"Actual Loops":1,"Shared Hit Blocks":0,"Shared Read Blocks":0,"Shared Dirtied Blocks":0,"Shared Written Blocks":0,"Local Hit Blocks":0,"Local Read Blocks":0,"Local Dirtied Blocks":0,"Local Written Blocks":0,"Temp Read Blocks":0,"Temp Written Blocks":0,"I/O Read Time":0.0,"I/O Write Time":0.0,"Temp I/O Read Time":0.0,"Temp I/O Write Time":0.0,"Subplans Removed":0,"Plans":[{"Node Type":"Custom Scan","Parent Relationship":"Member","Custom Plan Provider":"columnar scan","Parallel Aware":false,"Async Capable":false,"Relation Name":"stock","Schema":"public","Alias":"stock","Startup Cost":20.0,"Total Cost":195020.05,"Plan Rows":10000000,"Plan Width":6,"Actual Startup Time":0.225,"Actual Total Time":0.226,"Actual Rows":10000000,"Actual Loops":1,"Output":["stock.s_w_id","stock.s_i_id"],"Rows Removed by Columnar Filter":0,"Columnar cache search mode":"native","Shared Hit Blocks":0,"Shared Read Blocks":0,"Shared Dirtied Blocks":0,"Shared Written Blocks":0,"Local Hit Blocks":0,"Local Read Blocks":0,"Local Dirtied Blocks":0,"Local Written Blocks":0,"Temp Read Blocks":0,"Temp Written Blocks":0,"I/O Read Time":0.0,"I/O Write Time":0.0,"Temp I/O Read Time":0.0,"Temp I/O Write Time":0.0},{"Node Type":"Seq Scan","Parent Relationship":"Member","Parallel Aware":false,"Async Capable":false,"Relation Name":"stock","Schema":"public","Alias":"stock","Startup Cost":0.0,"Total Cost":5.62,"Plan Rows":162,"Plan Width":6,"Actual Startup Time":0.0,"Actual Total Time":0.0,"Actual Rows":0,"Actual Loops":0,"Output":["stock.s_w_id","stock.s_i_id"],"Shared Hit Blocks":0,"Shared Read Blocks":0,"Shared Dirtied Blocks":0,"Shared Written Blocks":0,"Local Hit Blocks":0,"Local Read Blocks":0,"Local Dirtied Blocks":0,"Local Written Blocks":0,"Temp Read Blocks":0,"Temp Written Blocks":0,"I/O Read Time":0.0,"I/O Write Time":0.0,"Temp I/O Read Time":0.0,"Temp I/O Write Time":0.0}]}]}]},{"Node Type":"Hash","Parent Relationship":"Inner","Parallel Aware":false,"Async Capable":false,"Startup Cost":376.99,"Total Cost":376.99,"Plan Rows":2000,"Plan Width":20,"Actual Startup Time":2.841,"Actual Total Time":2.845,"Actual Rows":3506,"Actual Loops":1,"Output":["supplier.su_suppkey","supplier.su_nationkey","nation.n_name","nation.n_nationkey"],"Hash Buckets":4096,"Original Hash Buckets":2048,"Hash Batches":1,"Original Hash Batches":1,"Peak Memory Usage":217,"Shared Hit Blocks":219,"Shared Read Blocks":0,"Shared Dirtied Blocks":0,"Shared Written Blocks":0,"Local Hit Blocks":0,"Local Read Blocks":0,"Local Dirtied Blocks":0,"Local Written Blocks":0,"Temp Read Blocks":0,"Temp Written Blocks":0,"I/O Read Time":0.0,"I/O Write Time":0.0,"Temp I/O Read Time":0.0,"Temp I/O Write Time":0.0,"Plans":[{"Node Type":"Hash Join","Parent Relationship":"Outer","Parallel Aware":false,"Async Capable":false,"Join Type":"Inner","Startup Cost":3.14,"Total Cost":376.99,"Plan Rows":2000,"Plan Width":20,"Actual Startup Time":0.065,"Actual Total Time":2.262,"Actual Rows":3506,"Actual Loops":1,"Output":["supplier.su_suppkey","supplier.su_nationkey","nation.n_name","nation.n_nationkey"],"Hash Cond":"(supplier.su_nationkey = nation.n_nationkey)","Shared Hit Blocks":219,"Shared Read Blocks":0,"Shared Dirtied Blocks":0,"Shared Written Blocks":0,"Local Hit Blocks":0,"Local Read Blocks":0,"Local Dirtied Blocks":0,"Local Written Blocks":0,"Temp Read Blocks":0,"Temp Written Blocks":0,"I/O Read Time":0.0,"I/O Write Time":0.0,"Temp I/O Read Time":0.0,"Temp I/O Write Time":0.0,"Plans":[{"Node Type":"Seq Scan","Parent Relationship":"Outer","Parallel Aware":false,"Async Capable":false,"Relation Name":"supplier","Schema":"public","Alias":"supplier","Startup Cost":0.0,"Total Cost":317.0,"Plan Rows":10000,"Plan Width":8,"Actual Startup Time":0.012,"Actual Total Time":0.828,"Actual Rows":10000,"Actual Loops":1,"Output":["supplier.su_suppkey","supplier.su_name","supplier.su_address","supplier.su_nationkey","supplier.su_phone","supplier.su_acctbal","supplier.su_comment"],"Shared Hit Blocks":217,"Shared Read Blocks":0,"Shared Dirtied Blocks":0,"Shared Written Blocks":0,"Local Hit Blocks":0,"Local Read Blocks":0,"Local Dirtied Blocks":0,"Local Written Blocks":0,"Temp Read Blocks":0,"Temp Written Blocks":0,"I/O Read Time":0.0,"I/O Write Time":0.0,"Temp I/O Read Time":0.0,"Temp I/O Write Time":0.0},{"Node Type":"Hash","Parent Relationship":"Inner","Parallel Aware":false,"Async Capable":false,"Startup Cost":2.99,"Total Cost":2.99,"Plan Rows":12,"Plan Width":12,"Actual Startup Time":0.044,"Actual Total Time":0.046,"Actual Rows":22,"Actual Loops":1,"Output":["nation.n_name","nation.n_nationkey"],"Hash Buckets":1024,"Original Hash Buckets":1024,"Hash Batches":1,"Original Hash Batches":1,"Peak Memory Usage":9,"Shared Hit Blocks":2,"Shared Read Blocks":0,"Shared Dirtied Blocks":0,"Shared Written Blocks":0,"Local Hit Blocks":0,"Local Read Blocks":0,"Local Dirtied Blocks":0,"Local Written Blocks":0,"Temp Read Blocks":0,"Temp Written Blocks":0,"I/O Read Time":0.0,"I/O Write Time":0.0,"Temp I/O Read Time":0.0,"Temp I/O Write Time":0.0,"Plans":[{"Node Type":"Hash Join","Parent Relationship":"Outer","Parallel Aware":false,"Async Capable":false,"Join Type":"Inner","Startup Cost":1.07,"Total Cost":2.99,"Plan Rows":12,"Plan Width":12,"Actual Startup Time":0.027,"Actual Total Time":0.04,"Actual Rows":22,"Actual Loops":1,"Output":["nation.n_name","nation.n_nationkey"],"Hash Cond":"(nation.n_regionkey = region.r_regionkey)","Shared Hit Blocks":2,"Shared Read Blocks":0,"Shared Dirtied Blocks":0,"Shared Written Blocks":0,"Local Hit Blocks":0,"Local Read Blocks":0,"Local Dirtied Blocks":0,"Local Written Blocks":0,"Temp Read Blocks":0,"Temp Written Blocks":0,"I/O Read Time":0.0,"I/O Write Time":0.0,"Temp I/O Read Time":0.0,"Temp I/O Write Time":0.0,"Plans":[{"Node Type":"Seq Scan","Parent Relationship":"Outer","Parallel Aware":false,"Async Capable":false,"Relation Name":"nation","Schema":"public","Alias":"nation","Startup Cost":0.0,"Total Cost":1.62,"Plan Rows":62,"Plan Width":16,"Actual Startup Time":0.005,"Actual Total Time":0.009,"Actual Rows":62,"Actual Loops":1,"Output":["nation.n_nationkey","nation.n_name","nation.n_regionkey","nation.n_comment"],"Shared Hit Blocks":1,"Shared Read Blocks":0,"Shared Dirtied Blocks":0,"Shared Written Blocks":0,"Local Hit Blocks":0,"Local Read Blocks":0,"Local Dirtied Blocks":0,"Local Written Blocks":0,"Temp Read Blocks":0,"Temp Written Blocks":0,"I/O Read Time":0.0,"I/O Write Time":0.0,"Temp I/O Read Time":0.0,"Temp I/O Write Time":0.0},{"Node Type":"Hash","Parent Relationship":"Inner","Parallel Aware":false,"Async Capable":false,"Startup Cost":1.06,"Total Cost":1.06,"Plan Rows":1,"Plan Width":4,"Actual Startup Time":0.01,"Actual Total Time":0.011,"Actual Rows":1,"Actual Loops":1,"Output":["region.r_regionkey"],"Hash Buckets":1024,"Original Hash Buckets":1024,"Hash Batches":1,"Original Hash Batches":1,"Peak Memory Usage":9,"Shared Hit Blocks":1,"Shared Read Blocks":0,"Shared Dirtied Blocks":0,"Shared Written Blocks":0,"Local Hit Blocks":0,"Local Read Blocks":0,"Local Dirtied Blocks":0,"Local Written Blocks":0,"Temp Read Blocks":0,"Temp Written Blocks":0,"I/O Read Time":0.0,"I/O Write Time":0.0,"Temp I/O Read Time":0.0,"Temp I/O Write Time":0.0,"Plans":[{"Node Type":"Seq Scan","Parent Relationship":"Outer","Parallel Aware":false,"Async Capable":false,"Relation Name":"region","Schema":"public","Alias":"region","Startup Cost":0.0,"Total Cost":1.06,"Plan Rows":1,"Plan Width":4,"Actual Startup Time":0.008,"Actual Total Time":0.009,"Actual Rows":1,"Actual Loops":1,"Output":["region.r_regionkey"],"Filter":"((region.r_name)::text = 'Europe'::text)","Rows Removed by Filter":4,"Shared Hit Blocks":1,"Shared Read Blocks":0,"Shared Dirtied Blocks":0,"Shared Written Blocks":0,"Local Hit Blocks":0,"Local Read Blocks":0,"Local Dirtied Blocks":0,"Local Written Blocks":0,"Temp Read Blocks":0,"Temp Written Blocks":0,"I/O Read Time":0.0,"I/O Write Time":0.0,"Temp I/O Read Time":0.0,"Temp I/O Write Time":0.0}]}]}]}]}]}]},{"Node Type":"Hash","Parent Relationship":"Inner","Parallel Aware":false,"Async Capable":false,"Startup Cost":65744.12,"Total Cost":65744.12,"Plan Rows":426549,"Plan Width":16,"Actual Startup Time":210.528,"Actual Total Time":210.529,"Actual Rows":428399,"Actual Loops":1,"Output":["orders.o_c_id","orders.o_w_id","orders.o_d_id","orders.o_id"],"Hash Buckets":262144,"Original Hash Buckets":262144,"Hash Batches":4,"Original Hash Batches":4,"Peak Memory Usage":7080,"Shared Hit Blocks":0,"Shared Read Blocks":0,"Shared Dirtied Blocks":0,"Shared Written Blocks":0,"Local Hit Blocks":0,"Local Read Blocks":0,"Local Dirtied Blocks":0,"Local Written Blocks":0,"Temp Read Blocks":0,"Temp Written Blocks":1410,"I/O Read Time":0.0,"I/O Write Time":0.0,"Temp I/O Read Time":0.0,"Temp I/O Write Time":6.205,"Plans":[{"Node Type":"Append","Parent Relationship":"Outer","Parallel Aware":false,"Async Capable":false,"Startup Cost":20.0,"Total Cost":65744.12,"Plan Rows":426549,"Plan Width":16,"Actual Startup Time":0.505,"Actual Total Time":105.593,"Actual Rows":428399,"Actual Loops":1,"Shared Hit Blocks":0,"Shared Read Blocks":0,"Shared Dirtied Blocks":0,"Shared Written Blocks":0,"Local Hit Blocks":0,"Local Read Blocks":0,"Local Dirtied Blocks":0,"Local Written Blocks":0,"Temp Read Blocks":0,"Temp Written Blocks":0,"I/O Read Time":0.0,"I/O Write Time":0.0,"Temp I/O Read Time":0.0,"Temp I/O Write Time":0.0,"Subplans Removed":0,"Plans":[{"Node Type":"Custom Scan","Parent Relationship":"Member","Custom Plan Provider":"columnar scan","Parallel Aware":false,"Async Capable":false,"Relation Name":"orders","Schema":"public","Alias":"orders","Startup Cost":20.0,"Total Cost":10043.96,"Plan Rows":426548,"Plan Width":16,"Actual Startup Time":0.503,"Actual Total Time":74.405,"Actual Rows":428399,"Actual Loops":1,"Output":["orders.o_c_id","orders.o_w_id","orders.o_d_id","orders.o_id"],"Filter":"((orders.o_entry_d < '1994-01-02 20:10:02.27764'::timestamp without time zone) AND (orders.o_entry_d >= '1993-01-02 20:10:02.27764'::timestamp without time zone))","Rows Removed by Filter":0,"Rows Removed by Columnar Filter":2571601,"Columnar cache search mode":"native","Shared Hit Blocks":0,"Shared Read Blocks":0,"Shared Dirtied Blocks":0,"Shared Written Blocks":0,"Local Hit Blocks":0,"Local Read Blocks":0,"Local Dirtied Blocks":0,"Local Written Blocks":0,"Temp Read Blocks":0,"Temp Written Blocks":0,"I/O Read Time":0.0,"I/O Write Time":0.0,"Temp I/O Read Time":0.0,"Temp I/O Write Time":0.0},{"Node Type":"Seq Scan","Parent Relationship":"Member","Parallel Aware":false,"Async Capable":false,"Relation Name":"orders","Schema":"public","Alias":"orders","Startup Cost":0.0,"Total Cost":4.01,"Plan Rows":1,"Plan Width":16,"Actual Startup Time":0.0,"Actual Total Time":0.0,"Actual Rows":0,"Actual Loops":0,"Output":["orders.o_c_id","orders.o_w_id","orders.o_d_id","orders.o_id"],"Filter":"((orders.o_entry_d < '1994-01-02 20:10:02.27764'::timestamp without time zone) AND (orders.o_entry_d >= '1993-01-02 20:10:02.27764'::timestamp without time zone))","Rows Removed by Filter":0,"Shared Hit Blocks":0,"Shared Read Blocks":0,"Shared Dirtied Blocks":0,"Shared Written Blocks":0,"Local Hit Blocks":0,"Local Read Blocks":0,"Local Dirtied Blocks":0,"Local Written Blocks":0,"Temp Read Blocks":0,"Temp Written Blocks":0,"I/O Read Time":0.0,"I/O Write Time":0.0,"Temp I/O Read Time":0.0,"Temp I/O Write Time":0.0}]}]}]},{"Node Type":"Hash","Parent Relationship":"Inner","Parallel Aware":false,"Async Capable":false,"Startup Cost":259601.38,"Total Cost":259601.38,"Plan Rows":2999738,"Plan Width":12,"Actual Startup Time":1275.268,"Actual Total Time":1275.268,"Actual Rows":3000000,"Actual Loops":1,"Output":["customer.c_id","customer.c_w_id","customer.c_d_id","customer.c_nationkey"],"Hash Buckets":262144,"Original Hash Buckets":262144,"Hash Batches":32,"Original Hash Batches":32,"Peak Memory Usage":6058,"Shared Hit Blocks":229604,"Shared Read Blocks":0,"Shared Dirtied Blocks":0,"Shared Written Blocks":0,"Local Hit Blocks":0,"Local Read Blocks":0,"Local Dirtied Blocks":0,"Local Written Blocks":0,"Temp Read Blocks":0,"Temp Written Blocks":11339,"I/O Read Time":0.0,"I/O Write Time":0.0,"Temp I/O Read Time":0.0,"Temp I/O Write Time":56.48,"Plans":[{"Node Type":"Seq Scan","Parent Relationship":"Outer","Parallel Aware":false,"Async Capable":false,"Relation Name":"customer","Schema":"public","Alias":"customer","Startup Cost":0.0,"Total Cost":259601.38,"Plan Rows":2999738,"Plan Width":12,"Actual Startup Time":0.029,"Actual Total Time":752.122,"Actual Rows":3000000,"Actual Loops":1,"Output":["customer.c_id","customer.c_w_id","customer.c_d_id","customer.c_nationkey"],"Shared Hit Blocks":229604,"Shared Read Blocks":0,"Shared Dirtied Blocks":0,"Shared Written Blocks":0,"Local Hit Blocks":0,"Local Read Blocks":0,"Local Dirtied Blocks":0,"Local Written Blocks":0,"Temp Read Blocks":0,"Temp Written Blocks":0,"I/O Read Time":0.0,"I/O Write Time":0.0,"Temp I/O Read Time":0.0,"Temp I/O Write Time":0.0}]}]}]}]}]},"Planning":{"Shared Hit Blocks":16,"Shared Read Blocks":0,"Shared Dirtied Blocks":0,"Shared Written Blocks":0,"Local Hit Blocks":0,"Local Read Blocks":0,"Local Dirtied Blocks":0,"Local Written Blocks":0,"Temp Read Blocks":0,"Temp Written Blocks":0,"I/O Read Time":0.0,"I/O Write Time":0.0,"Temp I/O Read Time":0.0,"Temp I/O Write Time":0.0},"Planning Time":5.14,"Triggers":[],"Execution Time":5432.93}]
[列存组合]: nation, order_line, orders, region, supplier
[{"Plan":{"Node Type":"Sort","Parallel Aware":false,"Async Capable":false,"Startup Cost":2001735.39,"Total Cost":2001735.55,"Plan Rows":62,"Plan Width":40,"Actual Startup Time":10252.499,"Actual Total Time":10252.524,"Actual Rows":11,"Actual Loops":1,"Output":["nation.n_name","(sum(order_line.ol_amount))"],"Sort Key":["(sum(order_line.ol_amount)) DESC"],"Sort Method":"quicksort","Sort Space Used":25,"Sort Space Type":"Memory","Shared Hit Blocks":256944,"Shared Read Blocks":0,"Shared Dirtied Blocks":0,"Shared Written Blocks":0,"Local Hit Blocks":0,"Local Read Blocks":0,"Local Dirtied Blocks":0,"Local Written Blocks":0,"Temp Read Blocks":62236,"Temp Written Blocks":62263,"I/O Read Time":0.0,"I/O Write Time":0.0,"Temp I/O Read Time":99.991,"Temp I/O Write Time":252.064,"Plans":[{"Node Type":"Aggregate","Strategy":"Sorted","Partial Mode":"Simple","Parent Relationship":"Outer","Parallel Aware":false,"Async Capable":false,"Startup Cost":2001659.61,"Total Cost":2001733.55,"Plan Rows":62,"Plan Width":40,"Actual Startup Time":10249.674,"Actual Total Time":10252.509,"Actual Rows":11,"Actual Loops":1,"Output":["nation.n_name","sum(order_line.ol_amount)"],"Group Key":["nation.n_name"],"Shared Hit Blocks":256944,"Shared Read Blocks":0,"Shared Dirtied Blocks":0,"Shared Written Blocks":0,"Local Hit Blocks":0,"Local Read Blocks":0,"Local Dirtied Blocks":0,"Local Written Blocks":0,"Temp Read Blocks":62236,"Temp Written Blocks":62263,"I/O Read Time":0.0,"I/O Write Time":0.0,"Temp I/O Read Time":99.991,"Temp I/O Write Time":252.064,"Plans":[{"Node Type":"Sort","Parent Relationship":"Outer","Parallel Aware":false,"Async Capable":false,"Startup Cost":2001659.61,"Total Cost":2001684.0,"Plan Rows":9755,"Plan Width":12,"Actual Startup Time":10249.464,"Actual Total Time":10250.234,"Actual Rows":17493,"Actual Loops":1,"Output":["nation.n_name","order_line.ol_amount"],"Sort Key":["nation.n_name"],"Sort Method":"quicksort","Sort Space Used":1725,"Sort Space Type":"Memory","Shared Hit Blocks":256944,"Shared Read Blocks":0,"Shared Dirtied Blocks":0,"Shared Written Blocks":0,"Local Hit Blocks":0,"Local Read Blocks":0,"Local Dirtied Blocks":0,"Local Written Blocks":0,"Temp Read Blocks":62236,"Temp Written Blocks":62263,"I/O Read Time":0.0,"I/O Write Time":0.0,"Temp I/O Read Time":99.991,"Temp I/O Write Time":252.064,"Plans":[{"Node Type":"Hash Join","Parent Relationship":"Outer","Parallel Aware":false,"Async Capable":false,"Join Type":"Inner","Startup Cost":1677516.34,"Total Cost":2001013.25,"Plan Rows":9755,"Plan Width":12,"Actual Startup Time":8390.781,"Actual Total Time":10240.312,"Actual Rows":17493,"Actual Loops":1,"Output":["nation.n_name","order_line.ol_amount"],"Inner Unique":true,"Hash Cond":"((mod((stock.s_w_id * stock.s_i_id), 10000) = supplier.su_suppkey) AND (customer.c_nationkey = supplier.su_nationkey))","Shared Hit Blocks":256944,"Shared Read Blocks":0,"Shared Dirtied Blocks":0,"Shared Written Blocks":0,"Local Hit Blocks":0,"Local Read Blocks":0,"Local Dirtied Blocks":0,"Local Written Blocks":0,"Temp Read Blocks":62236,"Temp Written Blocks":62263,"I/O Read Time":0.0,"I/O Write Time":0.0,"Temp I/O Read Time":99.991,"Temp I/O Write Time":252.064,"Plans":[{"Node Type":"Merge Join","Parent Relationship":"Outer","Parallel Aware":false,"Async Capable":false,"Join Type":"Inner","Startup Cost":1677147.31,"Total Cost":1997329.09,"Plan Rows":602749,"Plan Width":26,"Actual Startup Time":8387.253,"Actual Total Time":10095.802,"Actual Rows":1109507,"Actual Loops":1,"Output":["customer.c_nationkey","order_line.ol_amount","stock.s_w_id","stock.s_i_id","nation.n_name","nation.n_nationkey"],"Inner Unique":true,"Merge Cond":"((customer.c_w_id = stock.s_w_id) AND (order_line.ol_i_id = stock.s_i_id))","Shared Hit Blocks":256944,"Shared Read Blocks":0,"Shared Dirtied Blocks":0,"Shared Written Blocks":0,"Local Hit Blocks":0,"Local Read Blocks":0,"Local Dirtied Blocks":0,"Local Written Blocks":0,"Temp Read Blocks":62236,"Temp Written Blocks":62263,"I/O Read Time":0.0,"I/O Write Time":0.0,"Temp I/O Read Time":99.991,"Temp I/O Write Time":252.064,"Plans":[{"Node Type":"Sort","Parent Relationship":"Outer","Parallel Aware":false,"Async Capable":false,"Startup Cost":1677146.88,"Total Cost":1678634.56,"Plan Rows":595073,"Plan Width":30,"Actual Startup Time":8387.197,"Actual Total Time":8566.666,"Actual Rows":1109507,"Actual Loops":1,"Output":["customer.c_w_id","customer.c_nationkey","orders.o_w_id","order_line.ol_amount","order_line.ol_w_id","order_line.ol_i_id","nation.n_name","nation.n_nationkey"],"Sort Key":["customer.c_w_id","order_line.ol_i_id"],"Sort Method":"external merge","Sort Space Used":47304,"Sort Space Type":"Disk","Shared Hit Blocks":229606,"Shared Read Blocks":0,"Shared Dirtied Blocks":0,"Shared Written Blocks":0,"Local Hit Blocks":0,"Local Read Blocks":0,"Local Dirtied Blocks":0,"Local Written Blocks":0,"Temp Read Blocks":62236,"Temp Written Blocks":62263,"I/O Read Time":0.0,"I/O Write Time":0.0,"Temp I/O Read Time":99.991,"Temp I/O Write Time":252.064,"Plans":[{"Node Type":"Hash Join","Parent Relationship":"Outer","Parallel Aware":false,"Async Capable":false,"Join Type":"Inner","Startup Cost":402059.66,"Total Cost":1605833.32,"Plan Rows":595073,"Plan Width":30,"Actual Startup Time":1401.24,"Actual Total Time":7000.325,"Actual Rows":1109507,"Actual Loops":1,"Output":["customer.c_w_id","customer.c_nationkey","orders.o_w_id","order_line.ol_amount","order_line.ol_w_id","order_line.ol_i_id","nation.n_name","nation.n_nationkey"],"Inner Unique":false,"Hash Cond":"(customer.c_nationkey = nation.n_nationkey)","Shared Hit Blocks":229606,"Shared Read Blocks":0,"Shared Dirtied Blocks":0,"Shared Written Blocks":0,"Local Hit Blocks":0,"Local Read Blocks":0,"Local Dirtied Blocks":0,"Local Written Blocks":0,"Temp Read Blocks":50419,"Temp Written Blocks":50419,"I/O Read Time":0.0,"I/O Write Time":0.0,"Temp I/O Read Time":82.515,"Temp I/O Write Time":220.668,"Plans":[{"Node Type":"Hash Join","Parent Relationship":"Outer","Parallel Aware":false,"Async Capable":false,"Join Type":"Inner","Startup Cost":402056.52,"Total Cost":1588913.78,"Plan Rows":2975367,"Plan Width":18,"Actual Startup Time":1393.847,"Actual Total Time":6581.309,"Actual Rows":4284922,"Actual Loops":1,"Output":["customer.c_w_id","customer.c_nationkey","orders.o_w_id","order_line.ol_amount","order_line.ol_w_id","order_line.ol_i_id"],"Inner Unique":true,"Hash Cond":"((orders.o_c_id = customer.c_id) AND (orders.o_w_id = customer.c_w_id) AND (orders.o_d_id = customer.c_d_id))","Shared Hit Blocks":229604,"Shared Read Blocks":0,"Shared Dirtied Blocks":0,"Shared Written Blocks":0,"Local Hit Blocks":0,"Local Read Blocks":0,"Local Dirtied Blocks":0,"Local Written Blocks":0,"Temp Read Blocks":50419,"Temp Written Blocks":50419,"I/O Read Time":0.0,"I/O Write Time":0.0,"Temp I/O Read Time":82.515,"Temp I/O Write Time":220.668,"Plans":[{"Node Type":"Hash Join","Parent Relationship":"Outer","Parallel Aware":false,"Async Capable":false,"Join Type":"Inner","Startup Cost":75311.73,"Total Cost":1189221.96,"Plan Rows":2975367,"Plan Width":20,"Actual Startup Time":214.442,"Actual Total Time":3262.29,"Actual Rows":4284922,"Actual Loops":1,"Output":["orders.o_c_id","orders.o_w_id","orders.o_d_id","order_line.ol_amount","order_line.ol_w_id","order_line.ol_d_id","order_line.ol_i_id"],"Inner Unique":true,"Hash Cond":"((order_line.ol_w_id = orders.o_w_id) AND (order_line.ol_d_id = orders.o_d_id) AND (order_line.ol_o_id = orders.o_id))","Shared Hit Blocks":0,"Shared Read Blocks":0,"Shared Dirtied Blocks":0,"Shared Written Blocks":0,"Local Hit Blocks":0,"Local Read Blocks":0,"Local Dirtied Blocks":0,"Local Written Blocks":0,"Temp Read Blocks":18772,"Temp Written Blocks":18772,"I/O Read Time":0.0,"I/O Write Time":0.0,"Temp I/O Read Time":31.577,"Temp I/O Write Time":76.04,"Plans":[{"Node Type":"Append","Parent Relationship":"Outer","Parallel Aware":false,"Async Capable":false,"Startup Cost":20.0,"Total Cost":701820.0,"Plan Rows":20926367,"Plan Width":20,"Actual Startup Time":1.395,"Actual Total Time":1311.483,"Actual Rows":4311079,"Actual Loops":1,"Shared Hit Blocks":0,"Shared Read Blocks":0,"Shared Dirtied Blocks":0,"Shared Written Blocks":0,"Local Hit Blocks":0,"Local Read Blocks":0,"Local Dirtied Blocks":0,"Local Written Blocks":0,"Temp Read Blocks":0,"Temp Written Blocks":0,"I/O Read Time":0.0,"I/O Write Time":0.0,"Temp I/O Read Time":0.0,"Temp I/O Write Time":0.0,"Subplans Removed":0,"Plans":[{"Node Type":"Custom Scan","Parent Relationship":"Member","Custom Plan Provider":"columnar scan","Parallel Aware":false,"Async Capable":false,"Relation Name":"order_line","Schema":"public","Alias":"order_line","Startup Cost":20.0,"Total Cost":533641.75,"Plan Rows":20926325,"Plan Width":20,"Actual Startup Time":1.395,"Actual Total Time":997.919,"Actual Rows":4311079,"Actual Loops":1,"Output":["order_line.ol_amount","order_line.ol_o_id","order_line.ol_w_id","order_line.ol_d_id","order_line.ol_i_id"],"Filter":"(order_line.ol_delivery_d >= '1992-01-02 20:10:02.27764'::timestamp without time zone)","Rows Removed by Filter":0,"Rows Removed by Columnar Filter":25686653,"Rows Filtered by Bloom Filter":0,"Dictionary Rows Filtered by Bloom Filter":25686653,"Columnar cache search mode":"native","Shared Hit Blocks":0,"Shared Read Blocks":0,"Shared Dirtied Blocks":0,"Shared Written Blocks":0,"Local Hit Blocks":0,"Local Read Blocks":0,"Local Dirtied Blocks":0,"Local Written Blocks":0,"Temp Read Blocks":0,"Temp Written Blocks":0,"I/O Read Time":0.0,"I/O Write Time":0.0,"Temp I/O Read Time":0.0,"Temp I/O Write Time":0.0},{"Node Type":"Seq Scan","Parent Relationship":"Member","Parallel Aware":false,"Async Capable":false,"Relation Name":"order_line","Schema":"public","Alias":"order_line","Startup Cost":0.0,"Total Cost":4.75,"Plan Rows":42,"Plan Width":20,"Actual Startup Time":0.0,"Actual Total Time":0.0,"Actual Rows":0,"Actual Loops":0,"Output":["order_line.ol_amount","order_line.ol_o_id","order_line.ol_w_id","order_line.ol_d_id","order_line.ol_i_id"],"Filter":"(order_line.ol_delivery_d >= '1992-01-02 20:10:02.27764'::timestamp without time zone)","Rows Removed by Filter":0,"Shared Hit Blocks":0,"Shared Read Blocks":0,"Shared Dirtied Blocks":0,"Shared Written Blocks":0,"Local Hit Blocks":0,"Local Read Blocks":0,"Local Dirtied Blocks":0,"Local Written Blocks":0,"Temp Read Blocks":0,"Temp Written Blocks":0,"I/O Read Time":0.0,"I/O Write Time":0.0,"Temp I/O Read Time":0.0,"Temp I/O Write Time":0.0}]},{"Node Type":"Hash","Parent Relationship":"Inner","Parallel Aware":false,"Async Capable":false,"Startup Cost":65744.12,"Total Cost":65744.12,"Plan Rows":426549,"Plan Width":16,"Actual Startup Time":211.947,"Actual Total Time":211.952,"Actual Rows":428399,"Actual Loops":1,"Output":["orders.o_c_id","orders.o_w_id","orders.o_d_id","orders.o_id"],"Hash Buckets":262144,"Original Hash Buckets":262144,"Hash Batches":4,"Original Hash Batches":4,"Peak Memory Usage":7080,"Shared Hit Blocks":0,"Shared Read Blocks":0,"Shared Dirtied Blocks":0,"Shared Written Blocks":0,"Local Hit Blocks":0,"Local Read Blocks":0,"Local Dirtied Blocks":0,"Local Written Blocks":0,"Temp Read Blocks":0,"Temp Written Blocks":1410,"I/O Read Time":0.0,"I/O Write Time":0.0,"Temp I/O Read Time":0.0,"Temp I/O Write Time":5.663,"Plans":[{"Node Type":"Append","Parent Relationship":"Outer","Parallel Aware":false,"Async Capable":false,"Startup Cost":20.0,"Total Cost":65744.12,"Plan Rows":426549,"Plan Width":16,"Actual Startup Time":0.509,"Actual Total Time":108.211,"Actual Rows":428399,"Actual Loops":1,"Shared Hit Blocks":0,"Shared Read Blocks":0,"Shared Dirtied Blocks":0,"Shared Written Blocks":0,"Local Hit Blocks":0,"Local Read Blocks":0,"Local Dirtied Blocks":0,"Local Written Blocks":0,"Temp Read Blocks":0,"Temp Written Blocks":0,"I/O Read Time":0.0,"I/O Write Time":0.0,"Temp I/O Read Time":0.0,"Temp I/O Write Time":0.0,"Subplans Removed":0,"Plans":[{"Node Type":"Custom Scan","Parent Relationship":"Member","Custom Plan Provider":"columnar scan","Parallel Aware":false,"Async Capable":false,"Relation Name":"orders","Schema":"public","Alias":"orders","Startup Cost":20.0,"Total Cost":10043.96,"Plan Rows":426548,"Plan Width":16,"Actual Startup Time":0.508,"Actual Total Time":74.771,"Actual Rows":428399,"Actual Loops":1,"Output":["orders.o_c_id","orders.o_w_id","orders.o_d_id","orders.o_id"],"Filter":"((orders.o_entry_d < '1994-01-02 20:10:02.27764'::timestamp without time zone) AND (orders.o_entry_d >= '1993-01-02 20:10:02.27764'::timestamp without time zone))","Rows Removed by Filter":0,"Rows Removed by Columnar Filter":2571601,"Columnar cache search mode":"native","Shared Hit Blocks":0,"Shared Read Blocks":0,"Shared Dirtied Blocks":0,"Shared Written Blocks":0,"Local Hit Blocks":0,"Local Read Blocks":0,"Local Dirtied Blocks":0,"Local Written Blocks":0,"Temp Read Blocks":0,"Temp Written Blocks":0,"I/O Read Time":0.0,"I/O Write Time":0.0,"Temp I/O Read Time":0.0,"Temp I/O Write Time":0.0},{"Node Type":"Seq Scan","Parent Relationship":"Member","Parallel Aware":false,"Async Capable":false,"Relation Name":"orders","Schema":"public","Alias":"orders","Startup Cost":0.0,"Total Cost":4.01,"Plan Rows":1,"Plan Width":16,"Actual Startup Time":0.0,"Actual Total Time":0.0,"Actual Rows":0,"Actual Loops":0,"Output":["orders.o_c_id","orders.o_w_id","orders.o_d_id","orders.o_id"],"Filter":"((orders.o_entry_d < '1994-01-02 20:10:02.27764'::timestamp without time zone) AND (orders.o_entry_d >= '1993-01-02 20:10:02.27764'::timestamp without time zone))","Rows Removed by Filter":0,"Shared Hit Blocks":0,"Shared Read Blocks":0,"Shared Dirtied Blocks":0,"Shared Written Blocks":0,"Local Hit Blocks":0,"Local Read Blocks":0,"Local Dirtied Blocks":0,"Local Written Blocks":0,"Temp Read Blocks":0,"Temp Written Blocks":0,"I/O Read Time":0.0,"I/O Write Time":0.0,"Temp I/O Read Time":0.0,"Temp I/O Write Time":0.0}]}]}]},{"Node Type":"Hash","Parent Relationship":"Inner","Parallel Aware":false,"Async Capable":false,"Startup Cost":259601.38,"Total Cost":259601.38,"Plan Rows":2999738,"Plan Width":12,"Actual Startup Time":1177.541,"Actual Total Time":1177.542,"Actual Rows":3000000,"Actual Loops":1,"Output":["customer.c_id","customer.c_w_id","customer.c_d_id","customer.c_nationkey"],"Hash Buckets":262144,"Original Hash Buckets":262144,"Hash Batches":32,"Original Hash Batches":32,"Peak Memory Usage":6090,"Shared Hit Blocks":229604,"Shared Read Blocks":0,"Shared Dirtied Blocks":0,"Shared Written Blocks":0,"Local Hit Blocks":0,"Local Read Blocks":0,"Local Dirtied Blocks":0,"Local Written Blocks":0,"Temp Read Blocks":0,"Temp Written Blocks":11335,"I/O Read Time":0.0,"I/O Write Time":0.0,"Temp I/O Read Time":0.0,"Temp I/O Write Time":53.334,"Plans":[{"Node Type":"Seq Scan","Parent Relationship":"Outer","Parallel Aware":false,"Async Capable":false,"Relation Name":"customer","Schema":"public","Alias":"customer","Startup Cost":0.0,"Total Cost":259601.38,"Plan Rows":2999738,"Plan Width":12,"Actual Startup Time":0.01,"Actual Total Time":674.666,"Actual Rows":3000000,"Actual Loops":1,"Output":["customer.c_id","customer.c_w_id","customer.c_d_id","customer.c_nationkey"],"Shared Hit Blocks":229604,"Shared Read Blocks":0,"Shared Dirtied Blocks":0,"Shared Written Blocks":0,"Local Hit Blocks":0,"Local Read Blocks":0,"Local Dirtied Blocks":0,"Local Written Blocks":0,"Temp Read Blocks":0,"Temp Written Blocks":0,"I/O Read Time":0.0,"I/O Write Time":0.0,"Temp I/O Read Time":0.0,"Temp I/O Write Time":0.0}]}]},{"Node Type":"Hash","Parent Relationship":"Inner","Parallel Aware":false,"Async Capable":false,"Startup Cost":2.99,"Total Cost":2.99,"Plan Rows":12,"Plan Width":12,"Actual Startup Time":0.042,"Actual Total Time":0.046,"Actual Rows":22,"Actual Loops":1,"Output":["nation.n_name","nation.n_nationkey"],"Hash Buckets":1024,"Original Hash Buckets":1024,"Hash Batches":1,"Original Hash Batches":1,"Peak Memory Usage":9,"Shared Hit Blocks":2,"Shared Read Blocks":0,"Shared Dirtied Blocks":0,"Shared Written Blocks":0,"Local Hit Blocks":0,"Local Read Blocks":0,"Local Dirtied Blocks":0,"Local Written Blocks":0,"Temp Read Blocks":0,"Temp Written Blocks":0,"I/O Read Time":0.0,"I/O Write Time":0.0,"Temp I/O Read Time":0.0,"Temp I/O Write Time":0.0,"Plans":[{"Node Type":"Hash Join","Parent Relationship":"Outer","Parallel Aware":false,"Async Capable":false,"Join Type":"Inner","Startup Cost":1.07,"Total Cost":2.99,"Plan Rows":12,"Plan Width":12,"Actual Startup Time":0.025,"Actual Total Time":0.041,"Actual Rows":22,"Actual Loops":1,"Output":["nation.n_name","nation.n_nationkey"],"Inner Unique":true,"Hash Cond":"(nation.n_regionkey = region.r_regionkey)","Shared Hit Blocks":2,"Shared Read Blocks":0,"Shared Dirtied Blocks":0,"Shared Written Blocks":0,"Local Hit Blocks":0,"Local Read Blocks":0,"Local Dirtied Blocks":0,"Local Written Blocks":0,"Temp Read Blocks":0,"Temp Written Blocks":0,"I/O Read Time":0.0,"I/O Write Time":0.0,"Temp I/O Read Time":0.0,"Temp I/O Write Time":0.0,"Plans":[{"Node Type":"Seq Scan","Parent Relationship":"Outer","Parallel Aware":false,"Async Capable":false,"Relation Name":"nation","Schema":"public","Alias":"nation","Startup Cost":0.0,"Total Cost":1.62,"Plan Rows":62,"Plan Width":16,"Actual Startup Time":0.006,"Actual Total Time":0.01,"Actual Rows":62,"Actual Loops":1,"Output":["nation.n_nationkey","nation.n_name","nation.n_regionkey","nation.n_comment"],"Shared Hit Blocks":1,"Shared Read Blocks":0,"Shared Dirtied Blocks":0,"Shared Written Blocks":0,"Local Hit Blocks":0,"Local Read Blocks":0,"Local Dirtied Blocks":0,"Local Written Blocks":0,"Temp Read Blocks":0,"Temp Written Blocks":0,"I/O Read Time":0.0,"I/O Write Time":0.0,"Temp I/O Read Time":0.0,"Temp I/O Write Time":0.0},{"Node Type":"Hash","Parent Relationship":"Inner","Parallel Aware":false,"Async Capable":false,"Startup Cost":1.06,"Total Cost":1.06,"Plan Rows":1,"Plan Width":4,"Actual Startup Time":0.008,"Actual Total Time":0.009,"Actual Rows":1,"Actual Loops":1,"Output":["region.r_regionkey"],"Hash Buckets":1024,"Original Hash Buckets":1024,"Hash Batches":1,"Original Hash Batches":1,"Peak Memory Usage":9,"Shared Hit Blocks":1,"Shared Read Blocks":0,"Shared Dirtied Blocks":0,"Shared Written Blocks":0,"Local Hit Blocks":0,"Local Read Blocks":0,"Local Dirtied Blocks":0,"Local Written Blocks":0,"Temp Read Blocks":0,"Temp Written Blocks":0,"I/O Read Time":0.0,"I/O Write Time":0.0,"Temp I/O Read Time":0.0,"Temp I/O Write Time":0.0,"Plans":[{"Node Type":"Seq Scan","Parent Relationship":"Outer","Parallel Aware":false,"Async Capable":false,"Relation Name":"region","Schema":"public","Alias":"region","Startup Cost":0.0,"Total Cost":1.06,"Plan Rows":1,"Plan Width":4,"Actual Startup Time":0.006,"Actual Total Time":0.006,"Actual Rows":1,"Actual Loops":1,"Output":["region.r_regionkey"],"Filter":"((region.r_name)::text = 'Europe'::text)","Rows Removed by Filter":4,"Shared Hit Blocks":1,"Shared Read Blocks":0,"Shared Dirtied Blocks":0,"Shared Written Blocks":0,"Local Hit Blocks":0,"Local Read Blocks":0,"Local Dirtied Blocks":0,"Local Written Blocks":0,"Temp Read Blocks":0,"Temp Written Blocks":0,"I/O Read Time":0.0,"I/O Write Time":0.0,"Temp I/O Read Time":0.0,"Temp I/O Write Time":0.0}]}]}]}]}]},{"Node Type":"Index Only Scan","Parent Relationship":"Inner","Parallel Aware":false,"Async Capable":false,"Scan Direction":"Forward","Index Name":"stock_pk","Relation Name":"stock","Schema":"public","Alias":"stock","Startup Cost":0.43,"Total Cost":259690.86,"Plan Rows":10000162,"Plan Width":6,"Actual Startup Time":0.043,"Actual Total Time":723.932,"Actual Rows":9999996,"Actual Loops":1,"Output":["stock.s_w_id","stock.s_i_id"],"Heap Fetches":0,"Shared Hit Blocks":27338,"Shared Read Blocks":0,"Shared Dirtied Blocks":0,"Shared Written Blocks":0,"Local Hit Blocks":0,"Local Read Blocks":0,"Local Dirtied Blocks":0,"Local Written Blocks":0,"Temp Read Blocks":0,"Temp Written Blocks":0,"I/O Read Time":0.0,"I/O Write Time":0.0,"Temp I/O Read Time":0.0,"Temp I/O Write Time":0.0}]},{"Node Type":"Hash","Parent Relationship":"Inner","Parallel Aware":false,"Async Capable":false,"Startup Cost":219.01,"Total Cost":219.01,"Plan Rows":10001,"Plan Width":8,"Actual Startup Time":3.104,"Actual Total Time":3.107,"Actual Rows":10000,"Actual Loops":1,"Output":["supplier.su_suppkey","supplier.su_nationkey"],"Hash Buckets":16384,"Original Hash Buckets":16384,"Hash Batches":1,"Original Hash Batches":1,"Peak Memory Usage":519,"Shared Hit Blocks":0,"Shared Read Blocks":0,"Shared Dirtied Blocks":0,"Shared Written Blocks":0,"Local Hit Blocks":0,"Local Read Blocks":0,"Local Dirtied Blocks":0,"Local Written Blocks":0,"Temp Read Blocks":0,"Temp Written Blocks":0,"I/O Read Time":0.0,"I/O Write Time":0.0,"Temp I/O Read Time":0.0,"Temp I/O Write Time":0.0,"Plans":[{"Node Type":"Append","Parent Relationship":"Outer","Parallel Aware":false,"Async Capable":false,"Startup Cost":20.0,"Total Cost":219.01,"Plan Rows":10001,"Plan Width":8,"Actual Startup Time":0.015,"Actual Total Time":1.798,"Actual Rows":10000,"Actual Loops":1,"Shared Hit Blocks":0,"Shared Read Blocks":0,"Shared Dirtied Blocks":0,"Shared Written Blocks":0,"Local Hit Blocks":0,"Local Read Blocks":0,"Local Dirtied Blocks":0,"Local Written Blocks":0,"Temp Read Blocks":0,"Temp Written Blocks":0,"I/O Read Time":0.0,"I/O Write Time":0.0,"Temp I/O Read Time":0.0,"Temp I/O Write Time":0.0,"Subplans Removed":0,"Plans":[{"Node Type":"Custom Scan","Parent Relationship":"Member","Custom Plan Provider":"columnar scan","Parallel Aware":false,"Async Capable":false,"Relation Name":"supplier","Schema":"public","Alias":"supplier","Startup Cost":20.0,"Total Cost":215.0,"Plan Rows":10000,"Plan Width":8,"Actual Startup Time":0.013,"Actual Total Time":1.094,"Actual Rows":10000,"Actual Loops":1,"Output":["supplier.su_suppkey","supplier.su_nationkey"],"Rows Removed by Columnar Filter":0,"Columnar cache search mode":"native","Shared Hit Blocks":0,"Shared Read Blocks":0,"Shared Dirtied Blocks":0,"Shared Written Blocks":0,"Local Hit Blocks":0,"Local Read Blocks":0,"Local Dirtied Blocks":0,"Local Written Blocks":0,"Temp Read Blocks":0,"Temp Written Blocks":0,"I/O Read Time":0.0,"I/O Write Time":0.0,"Temp I/O Read Time":0.0,"Temp I/O Write Time":0.0},{"Node Type":"Seq Scan","Parent Relationship":"Member","Parallel Aware":false,"Async Capable":false,"Relation Name":"supplier","Schema":"public","Alias":"supplier","Startup Cost":0.0,"Total Cost":4.01,"Plan Rows":1,"Plan Width":8,"Actual Startup Time":0.0,"Actual Total Time":0.0,"Actual Rows":0,"Actual Loops":0,"Output":["supplier.su_suppkey","supplier.su_nationkey"],"Shared Hit Blocks":0,"Shared Read Blocks":0,"Shared Dirtied Blocks":0,"Shared Written Blocks":0,"Local Hit Blocks":0,"Local Read Blocks":0,"Local Dirtied Blocks":0,"Local Written Blocks":0,"Temp Read Blocks":0,"Temp Written Blocks":0,"I/O Read Time":0.0,"I/O Write Time":0.0,"Temp I/O Read Time":0.0,"Temp I/O Write Time":0.0}]}]}]}]}]}]},"Planning":{"Shared Hit Blocks":16,"Shared Read Blocks":0,"Shared Dirtied Blocks":0,"Shared Written Blocks":0,"Local Hit Blocks":0,"Local Read Blocks":0,"Local Dirtied Blocks":0,"Local Written Blocks":0,"Temp Read Blocks":0,"Temp Written Blocks":0,"I/O Read Time":0.0,"I/O Write Time":0.0,"Temp I/O Read Time":0.0,"Temp I/O Write Time":0.0},"Planning Time":4.753,"Triggers":[],"Execution Time":10260.853}]
[列存组合]: nation, order_line, orders, stock, supplier
[{"Plan":{"Node Type":"Sort","Parallel Aware":false,"Async Capable":false,"Startup Cost":1198607.09,"Total Cost":1198607.25,"Plan Rows":62,"Plan Width":40,"Actual Startup Time":5388.053,"Actual Total Time":5388.067,"Actual Rows":11,"Actual Loops":1,"Output":["nation.n_name","(sum(order_line.ol_amount))"],"Sort Key":["(sum(order_line.ol_amount)) DESC"],"Sort Method":"quicksort","Sort Space Used":25,"Sort Space Type":"Memory","Shared Hit Blocks":229605,"Shared Read Blocks":0,"Shared Dirtied Blocks":0,"Shared Written Blocks":0,"Local Hit Blocks":0,"Local Read Blocks":0,"Local Dirtied Blocks":0,"Local Written Blocks":0,"Temp Read Blocks":31471,"Temp Written Blocks":31471,"I/O Read Time":0.0,"I/O Write Time":0.0,"Temp I/O Read Time":50.835,"Temp I/O Write Time":142.946,"Plans":[{"Node Type":"Aggregate","Strategy":"Sorted","Partial Mode":"Simple","Parent Relationship":"Outer","Parallel Aware":false,"Async Capable":false,"Startup Cost":1198531.31,"Total Cost":1198605.25,"Plan Rows":62,"Plan Width":40,"Actual Startup Time":5385.224,"Actual Total Time":5388.054,"Actual Rows":11,"Actual Loops":1,"Output":["nation.n_name","sum(order_line.ol_amount)"],"Group Key":["nation.n_name"],"Shared Hit Blocks":229605,"Shared Read Blocks":0,"Shared Dirtied Blocks":0,"Shared Written Blocks":0,"Local Hit Blocks":0,"Local Read Blocks":0,"Local Dirtied Blocks":0,"Local Written Blocks":0,"Temp Read Blocks":31471,"Temp Written Blocks":31471,"I/O Read Time":0.0,"I/O Write Time":0.0,"Temp I/O Read Time":50.835,"Temp I/O Write Time":142.946,"Plans":[{"Node Type":"Sort","Parent Relationship":"Outer","Parallel Aware":false,"Async Capable":false,"Startup Cost":1198531.31,"Total Cost":1198555.7,"Plan Rows":9755,"Plan Width":12,"Actual Startup Time":5385.019,"Actual Total Time":5385.791,"Actual Rows":17493,"Actual Loops":1,"Output":["nation.n_name","order_line.ol_amount"],"Sort Key":["nation.n_name"],"Sort Method":"quicksort","Sort Space Used":1725,"Sort Space Type":"Memory","Shared Hit Blocks":229605,"Shared Read Blocks":0,"Shared Dirtied Blocks":0,"Shared Written Blocks":0,"Local Hit Blocks":0,"Local Read Blocks":0,"Local Dirtied Blocks":0,"Local Written Blocks":0,"Temp Read Blocks":31471,"Temp Written Blocks":31471,"I/O Read Time":0.0,"I/O Write Time":0.0,"Temp I/O Read Time":50.835,"Temp I/O Write Time":142.946,"Plans":[{"Node Type":"Hash Join","Parent Relationship":"Outer","Parallel Aware":false,"Async Capable":false,"Join Type":"Inner","Startup Cost":439077.75,"Total Cost":1197884.95,"Plan Rows":9755,"Plan Width":12,"Actual Startup Time":2220.393,"Actual Total Time":5376.536,"Actual Rows":17493,"Actual Loops":1,"Output":["nation.n_name","order_line.ol_amount"],"Hash Cond":"((orders.o_c_id = customer.c_id) AND (orders.o_w_id = customer.c_w_id) AND (orders.o_d_id = customer.c_d_id) AND (supplier.su_nationkey = customer.c_nationkey))","Shared Hit Blocks":229605,"Shared Read Blocks":0,"Shared Dirtied Blocks":0,"Shared Written Blocks":0,"Local Hit Blocks":0,"Local Read Blocks":0,"Local Dirtied Blocks":0,"Local Written Blocks":0,"Temp Read Blocks":31471,"Temp Written Blocks":31471,"I/O Read Time":0.0,"I/O Write Time":0.0,"Temp I/O Read Time":50.835,"Temp I/O Write Time":142.946,"Plans":[{"Node Type":"Hash Join","Parent Relationship":"Outer","Parallel Aware":false,"Async Capable":false,"Join Type":"Inner","Startup Cost":104833.61,"Total Cost":833243.89,"Plan Rows":602754,"Plan Width":34,"Actual Startup Time":1017.073,"Actual Total Time":3381.159,"Actual Rows":1489124,"Actual Loops":1,"Output":["orders.o_c_id","orders.o_w_id","orders.o_d_id","order_line.ol_amount","order_line.ol_w_id","order_line.ol_d_id","stock.s_w_id","supplier.su_nationkey","nation.n_name","nation.n_nationkey"],"Hash Cond":"((order_line.ol_w_id = orders.o_w_id) AND (order_line.ol_d_id = orders.o_d_id) AND (order_line.ol_o_id = orders.o_id))","Shared Hit Blocks":1,"Shared Read Blocks":0,"Shared Dirtied Blocks":0,"Shared Written Blocks":0,"Local Hit Blocks":0,"Local Read Blocks":0,"Local Dirtied Blocks":0,"Local Written Blocks":0,"Temp Read Blocks":9894,"Temp Written Blocks":9894,"I/O Read Time":0.0,"I/O Write Time":0.0,"Temp I/O Read Time":16.585,"Temp I/O Write Time":42.364,"Plans":[{"Node Type":"Hash Join","Parent Relationship":"Outer","Parallel Aware":false,"Async Capable":false,"Join Type":"Inner","Startup Cost":29541.89,"Total Cost":656157.64,"Plan Rows":4242986,"Plan Width":34,"Actual Startup Time":807.042,"Actual Total Time":2440.236,"Actual Rows":1498118,"Actual Loops":1,"Output":["order_line.ol_amount","order_line.ol_o_id","order_line.ol_w_id","order_line.ol_d_id","stock.s_w_id","supplier.su_nationkey","nation.n_name","nation.n_nationkey"],"Hash Cond":"(mod((stock.s_w_id * stock.s_i_id), 10000) = supplier.su_suppkey)","Shared Hit Blocks":1,"Shared Read Blocks":0,"Shared Dirtied Blocks":0,"Shared Written Blocks":0,"Local Hit Blocks":0,"Local Read Blocks":0,"Local Dirtied Blocks":0,"Local Written Blocks":0,"Temp Read Blocks":0,"Temp Written Blocks":0,"I/O Read Time":0.0,"I/O Write Time":0.0,"Temp I/O Read Time":0.0,"Temp I/O Write Time":0.0,"Plans":[{"Node Type":"Hash Join","Parent Relationship":"Outer","Parallel Aware":false,"Async Capable":false,"Join Type":"Inner","Startup Cost":29323.02,"Total Cost":480915.59,"Plan Rows":21214932,"Plan Width":22,"Actual Startup Time":803.059,"Actual Total Time":1757.792,"Actual Rows":4311079,"Actual Loops":1,"Output":["order_line.ol_amount","order_line.ol_o_id","order_line.ol_w_id","order_line.ol_d_id","stock.s_w_id","stock.s_i_id"],"Hash Cond":"((order_line.ol_w_id = stock.s_w_id) AND (order_line.ol_i_id = stock.s_i_id))","Rows Removed by Bloom Filter":0,"Shared Hit Blocks":0,"Shared Read Blocks":0,"Shared Dirtied Blocks":0,"Shared Written Blocks":0,"Local Hit Blocks":0,"Local Read Blocks":0,"Local Dirtied Blocks":0,"Local Written Blocks":0,"Temp Read Blocks":0,"Temp Written Blocks":0,"I/O Read Time":0.0,"I/O Write Time":0.0,"Temp I/O Read Time":0.0,"Temp I/O Write Time":0.0,"Plans":[{"Node Type":"Append","Parent Relationship":"Outer","Parallel Aware":false,"Async Capable":false,"Startup Cost":20.0,"Total Cost":533646.5,"Plan Rows":20926367,"Plan Width":20,"Actual Startup Time":122.604,"Actual Total Time":122.607,"Actual Rows":4311079,"Actual Loops":1,"Shared Hit Blocks":0,"Shared Read Blocks":0,"Shared Dirtied Blocks":0,"Shared Written Blocks":0,"Local Hit Blocks":0,"Local Read Blocks":0,"Local Dirtied Blocks":0,"Local Written Blocks":0,"Temp Read Blocks":0,"Temp Written Blocks":0,"I/O Read Time":0.0,"I/O Write Time":0.0,"Temp I/O Read Time":0.0,"Temp I/O Write Time":0.0,"Subplans Removed":0,"Plans":[{"Node Type":"Custom Scan","Parent Relationship":"Member","Custom Plan Provider":"columnar scan","Parallel Aware":false,"Async Capable":false,"Relation Name":"order_line","Schema":"public","Alias":"order_line","Startup Cost":20.0,"Total Cost":533641.75,"Plan Rows":20926325,"Plan Width":20,"Actual Startup Time":122.603,"Actual Total Time":122.604,"Actual Rows":4311079,"Actual Loops":1,"Output":["order_line.ol_amount","order_line.ol_o_id","order_line.ol_w_id","order_line.ol_d_id","order_line.ol_i_id"],"Filter":"(order_line.ol_delivery_d >= '1992-01-02 20:10:02.27764'::timestamp without time zone)","Rows Removed by Filter":0,"Rows Removed by Columnar Filter":25686653,"Rows Filtered by Bloom Filter":0,"Dictionary Rows Filtered by Bloom Filter":25686653,"Columnar cache search mode":"native","Shared Hit Blocks":0,"Shared Read Blocks":0,"Shared Dirtied Blocks":0,"Shared Written Blocks":0,"Local Hit Blocks":0,"Local Read Blocks":0,"Local Dirtied Blocks":0,"Local Written Blocks":0,"Temp Read Blocks":0,"Temp Written Blocks":0,"I/O Read Time":0.0,"I/O Write Time":0.0,"Temp I/O Read Time":0.0,"Temp I/O Write Time":0.0},{"Node Type":"Seq Scan","Parent Relationship":"Member","Parallel Aware":false,"Async Capable":false,"Relation Name":"order_line","Schema":"public","Alias":"order_line","Startup Cost":0.0,"Total Cost":4.75,"Plan Rows":42,"Plan Width":20,"Actual Startup Time":0.0,"Actual Total Time":0.0,"Actual Rows":0,"Actual Loops":0,"Output":["order_line.ol_amount","order_line.ol_o_id","order_line.ol_w_id","order_line.ol_d_id","order_line.ol_i_id"],"Filter":"(order_line.ol_delivery_d >= '1992-01-02 20:10:02.27764'::timestamp without time zone)","Rows Removed by Filter":0,"Shared Hit Blocks":0,"Shared Read Blocks":0,"Shared Dirtied Blocks":0,"Shared Written Blocks":0,"Local Hit Blocks":0,"Local Read Blocks":0,"Local Dirtied Blocks":0,"Local Written Blocks":0,"Temp Read Blocks":0,"Temp Written Blocks":0,"I/O Read Time":0.0,"I/O Write Time":0.0,"Temp I/O Read Time":0.0,"Temp I/O Write Time":0.0}]},{"Node Type":"Hash","Parent Relationship":"Inner","Parallel Aware":false,"Async Capable":false,"Startup Cost":195025.67,"Total Cost":195025.67,"Plan Rows":10000162,"Plan Width":6,"Actual Rows":10000000,"Actual Loops":1,"Output":["stock.s_w_id","stock.s_i_id"],"Shared Hit Blocks":0,"Shared Read Blocks":0,"Shared Dirtied Blocks":0,"Shared Written Blocks":0,"Local Hit Blocks":0,"Local Read Blocks":0,"Local Dirtied Blocks":0,"Local Written Blocks":0,"Temp Read Blocks":0,"Temp Written Blocks":0,"I/O Read Time":0.0,"I/O Write Time":0.0,"Temp I/O Read Time":0.0,"Temp I/O Write Time":0.0,"Plans":[{"Node Type":"Append","Parent Relationship":"Outer","Parallel Aware":false,"Async Capable":false,"Startup Cost":20.0,"Total Cost":195025.67,"Plan Rows":10000162,"Plan Width":6,"Actual Startup Time":0.224,"Actual Total Time":0.225,"Actual Rows":10000000,"Actual Loops":1,"Shared Hit Blocks":0,"Shared Read Blocks":0,"Shared Dirtied Blocks":0,"Shared Written Blocks":0,"Local Hit Blocks":0,"Local Read Blocks":0,"Local Dirtied Blocks":0,"Local Written Blocks":0,"Temp Read Blocks":0,"Temp Written Blocks":0,"I/O Read Time":0.0,"I/O Write Time":0.0,"Temp I/O Read Time":0.0,"Temp I/O Write Time":0.0,"Subplans Removed":0,"Plans":[{"Node Type":"Custom Scan","Parent Relationship":"Member","Custom Plan Provider":"columnar scan","Parallel Aware":false,"Async Capable":false,"Relation Name":"stock","Schema":"public","Alias":"stock","Startup Cost":20.0,"Total Cost":195020.05,"Plan Rows":10000000,"Plan Width":6,"Actual Startup Time":0.224,"Actual Total Time":0.224,"Actual Rows":10000000,"Actual Loops":1,"Output":["stock.s_w_id","stock.s_i_id"],"Rows Removed by Columnar Filter":0,"Columnar cache search mode":"native","Shared Hit Blocks":0,"Shared Read Blocks":0,"Shared Dirtied Blocks":0,"Shared Written Blocks":0,"Local Hit Blocks":0,"Local Read Blocks":0,"Local Dirtied Blocks":0,"Local Written Blocks":0,"Temp Read Blocks":0,"Temp Written Blocks":0,"I/O Read Time":0.0,"I/O Write Time":0.0,"Temp I/O Read Time":0.0,"Temp I/O Write Time":0.0},{"Node Type":"Seq Scan","Parent Relationship":"Member","Parallel Aware":false,"Async Capable":false,"Relation Name":"stock","Schema":"public","Alias":"stock","Startup Cost":0.0,"Total Cost":5.62,"Plan Rows":162,"Plan Width":6,"Actual Startup Time":0.0,"Actual Total Time":0.0,"Actual Rows":0,"Actual Loops":0,"Output":["stock.s_w_id","stock.s_i_id"],"Shared Hit Blocks":0,"Shared Read Blocks":0,"Shared Dirtied Blocks":0,"Shared Written Blocks":0,"Local Hit Blocks":0,"Local Read Blocks":0,"Local Dirtied Blocks":0,"Local Written Blocks":0,"Temp Read Blocks":0,"Temp Written Blocks":0,"I/O Read Time":0.0,"I/O Write Time":0.0,"Temp I/O Read Time":0.0,"Temp I/O Write Time":0.0}]}]}]},{"Node Type":"Hash","Parent Relationship":"Inner","Parallel Aware":false,"Async Capable":false,"Startup Cost":193.87,"Total Cost":193.87,"Plan Rows":2000,"Plan Width":20,"Actual Startup Time":3.951,"Actual Total Time":3.955,"Actual Rows":3506,"Actual Loops":1,"Output":["supplier.su_suppkey","supplier.su_nationkey","nation.n_name","nation.n_nationkey"],"Hash Buckets":4096,"Original Hash Buckets":2048,"Hash Batches":1,"Original Hash Batches":1,"Peak Memory Usage":217,"Shared Hit Blocks":1,"Shared Read Blocks":0,"Shared Dirtied Blocks":0,"Shared Written Blocks":0,"Local Hit Blocks":0,"Local Read Blocks":0,"Local Dirtied Blocks":0,"Local Written Blocks":0,"Temp Read Blocks":0,"Temp Written Blocks":0,"I/O Read Time":0.0,"I/O Write Time":0.0,"Temp I/O Read Time":0.0,"Temp I/O Write Time":0.0,"Plans":[{"Node Type":"Hash Join","Parent Relationship":"Outer","Parallel Aware":false,"Async Capable":false,"Join Type":"Inner","Startup Cost":25.24,"Total Cost":193.87,"Plan Rows":2000,"Plan Width":20,"Actual Startup Time":1.701,"Actual Total Time":3.387,"Actual Rows":3506,"Actual Loops":1,"Output":["supplier.su_suppkey","supplier.su_nationkey","nation.n_name","nation.n_nationkey"],"Hash Cond":"(nation.n_regionkey = region.r_regionkey)","Shared Hit Blocks":1,"Shared Read Blocks":0,"Shared Dirtied Blocks":0,"Shared Written Blocks":0,"Local Hit Blocks":0,"Local Read Blocks":0,"Local Dirtied Blocks":0,"Local Written Blocks":0,"Temp Read Blocks":0,"Temp Written Blocks":0,"I/O Read Time":0.0,"I/O Write Time":0.0,"Temp I/O Read Time":0.0,"Temp I/O Write Time":0.0,"Plans":[{"Node Type":"Hash Join","Parent Relationship":"Outer","Parallel Aware":false,"Async Capable":false,"Join Type":"Inner","Startup Cost":24.16,"Total Cost":144.29,"Plan Rows":10000,"Plan Width":24,"Actual Startup Time":1.671,"Actual Total Time":2.317,"Actual Rows":10000,"Actual Loops":1,"Output":["supplier.su_suppkey","supplier.su_nationkey","nation.n_name","nation.n_nationkey","nation.n_regionkey"],"Hash Cond":"(supplier.su_nationkey = nation.n_nationkey)","Rows Removed by Bloom Filter":0,"Shared Hit Blocks":0,"Shared Read Blocks":0,"Shared Dirtied Blocks":0,"Shared Written Blocks":0,"Local Hit Blocks":0,"Local Read Blocks":0,"Local Dirtied Blocks":0,"Local Written Blocks":0,"Temp Read Blocks":0,"Temp Written Blocks":0,"I/O Read Time":0.0,"I/O Write Time":0.0,"Temp I/O Read Time":0.0,"Temp I/O Write Time":0.0,"Plans":[{"Node Type":"Append","Parent Relationship":"Outer","Parallel Aware":false,"Async Capable":false,"Startup Cost":20.0,"Total Cost":219.01,"Plan Rows":10001,"Plan Width":8,"Actual Startup Time":0.007,"Actual Total Time":0.007,"Actual Rows":10000,"Actual Loops":1,"Shared Hit Blocks":0,"Shared Read Blocks":0,"Shared Dirtied Blocks":0,"Shared Written Blocks":0,"Local Hit Blocks":0,"Local Read Blocks":0,"Local Dirtied Blocks":0,"Local Written Blocks":0,"Temp Read Blocks":0,"Temp Written Blocks":0,"I/O Read Time":0.0,"I/O Write Time":0.0,"Temp I/O Read Time":0.0,"Temp I/O Write Time":0.0,"Subplans Removed":0,"Plans":[{"Node Type":"Custom Scan","Parent Relationship":"Member","Custom Plan Provider":"columnar scan","Parallel Aware":false,"Async Capable":false,"Relation Name":"supplier","Schema":"public","Alias":"supplier","Startup Cost":20.0,"Total Cost":215.0,"Plan Rows":10000,"Plan Width":8,"Actual Startup Time":0.006,"Actual Total Time":0.006,"Actual Rows":10000,"Actual Loops":1,"Output":["supplier.su_suppkey","supplier.su_nationkey"],"Rows Removed by Columnar Filter":0,"Columnar cache search mode":"native","Shared Hit Blocks":0,"Shared Read Blocks":0,"Shared Dirtied Blocks":0,"Shared Written Blocks":0,"Local Hit Blocks":0,"Local Read Blocks":0,"Local Dirtied Blocks":0,"Local Written Blocks":0,"Temp Read Blocks":0,"Temp Written Blocks":0,"I/O Read Time":0.0,"I/O Write Time":0.0,"Temp I/O Read Time":0.0,"Temp I/O Write Time":0.0},{"Node Type":"Seq Scan","Parent Relationship":"Member","Parallel Aware":false,"Async Capable":false,"Relation Name":"supplier","Schema":"public","Alias":"supplier","Startup Cost":0.0,"Total Cost":4.01,"Plan Rows":1,"Plan Width":8,"Actual Startup Time":0.0,"Actual Total Time":0.0,"Actual Rows":0,"Actual Loops":0,"Output":["supplier.su_suppkey","supplier.su_nationkey"],"Shared Hit Blocks":0,"Shared Read Blocks":0,"Shared Dirtied Blocks":0,"Shared Written Blocks":0,"Local Hit Blocks":0,"Local Read Blocks":0,"Local Dirtied Blocks":0,"Local Written Blocks":0,"Temp Read Blocks":0,"Temp Written Blocks":0,"I/O Read Time":0.0,"I/O Write Time":0.0,"Temp I/O Read Time":0.0,"Temp I/O Write Time":0.0}]},{"Node Type":"Hash","Parent Relationship":"Inner","Parallel Aware":false,"Async Capable":false,"Startup Cost":25.34,"Total Cost":25.34,"Plan Rows":63,"Plan Width":16,"Actual Rows":62,"Actual Loops":1,"Output":["nation.n_name","nation.n_nationkey","nation.n_regionkey"],"Shared Hit Blocks":0,"Shared Read Blocks":0,"Shared Dirtied Blocks":0,"Shared Written Blocks":0,"Local Hit Blocks":0,"Local Read Blocks":0,"Local Dirtied Blocks":0,"Local Written Blocks":0,"Temp Read Blocks":0,"Temp Written Blocks":0,"I/O Read Time":0.0,"I/O Write Time":0.0,"Temp I/O Read Time":0.0,"Temp I/O Write Time":0.0,"Plans":[{"Node Type":"Append","Parent Relationship":"Outer","Parallel Aware":false,"Async Capable":false,"Startup Cost":20.0,"Total Cost":25.34,"Plan Rows":63,"Plan Width":16,"Actual Startup Time":0.011,"Actual Total Time":0.011,"Actual Rows":62,"Actual Loops":1,"Shared Hit Blocks":0,"Shared Read Blocks":0,"Shared Dirtied Blocks":0,"Shared Written Blocks":0,"Local Hit Blocks":0,"Local Read Blocks":0,"Local Dirtied Blocks":0,"Local Written Blocks":0,"Temp Read Blocks":0,"Temp Written Blocks":0,"I/O Read Time":0.0,"I/O Write Time":0.0,"Temp I/O Read Time":0.0,"Temp I/O Write Time":0.0,"Subplans Removed":0,"Plans":[{"Node Type":"Custom Scan","Parent Relationship":"Member","Custom Plan Provider":"columnar scan","Parallel Aware":false,"Async Capable":false,"Relation Name":"nation","Schema":"public","Alias":"nation","Startup Cost":20.0,"Total Cost":21.33,"Plan Rows":62,"Plan Width":16,"Actual Startup Time":0.01,"Actual Total Time":0.01,"Actual Rows":62,"Actual Loops":1,"Output":["nation.n_name","nation.n_nationkey","nation.n_regionkey"],"Rows Removed by Columnar Filter":0,"Columnar cache search mode":"native","Shared Hit Blocks":0,"Shared Read Blocks":0,"Shared Dirtied Blocks":0,"Shared Written Blocks":0,"Local Hit Blocks":0,"Local Read Blocks":0,"Local Dirtied Blocks":0,"Local Written Blocks":0,"Temp Read Blocks":0,"Temp Written Blocks":0,"I/O Read Time":0.0,"I/O Write Time":0.0,"Temp I/O Read Time":0.0,"Temp I/O Write Time":0.0},{"Node Type":"Seq Scan","Parent Relationship":"Member","Parallel Aware":false,"Async Capable":false,"Relation Name":"nation","Schema":"public","Alias":"nation","Startup Cost":0.0,"Total Cost":4.01,"Plan Rows":1,"Plan Width":16,"Actual Startup Time":0.0,"Actual Total Time":0.0,"Actual Rows":0,"Actual Loops":0,"Output":["nation.n_name","nation.n_nationkey","nation.n_regionkey"],"Shared Hit Blocks":0,"Shared Read Blocks":0,"Shared Dirtied Blocks":0,"Shared Written Blocks":0,"Local Hit Blocks":0,"Local Read Blocks":0,"Local Dirtied Blocks":0,"Local Written Blocks":0,"Temp Read Blocks":0,"Temp Written Blocks":0,"I/O Read Time":0.0,"I/O Write Time":0.0,"Temp I/O Read Time":0.0,"Temp I/O Write Time":0.0}]}]}]},{"Node Type":"Hash","Parent Relationship":"Inner","Parallel Aware":false,"Async Capable":false,"Startup Cost":1.06,"Total Cost":1.06,"Plan Rows":1,"Plan Width":4,"Actual Startup Time":0.017,"Actual Total Time":0.018,"Actual Rows":1,"Actual Loops":1,"Output":["region.r_regionkey"],"Hash Buckets":1024,"Original Hash Buckets":1024,"Hash Batches":1,"Original Hash Batches":1,"Peak Memory Usage":9,"Shared Hit Blocks":1,"Shared Read Blocks":0,"Shared Dirtied Blocks":0,"Shared Written Blocks":0,"Local Hit Blocks":0,"Local Read Blocks":0,"Local Dirtied Blocks":0,"Local Written Blocks":0,"Temp Read Blocks":0,"Temp Written Blocks":0,"I/O Read Time":0.0,"I/O Write Time":0.0,"Temp I/O Read Time":0.0,"Temp I/O Write Time":0.0,"Plans":[{"Node Type":"Seq Scan","Parent Relationship":"Outer","Parallel Aware":false,"Async Capable":false,"Relation Name":"region","Schema":"public","Alias":"region","Startup Cost":0.0,"Total Cost":1.06,"Plan Rows":1,"Plan Width":4,"Actual Startup Time":0.015,"Actual Total Time":0.016,"Actual Rows":1,"Actual Loops":1,"Output":["region.r_regionkey"],"Filter":"((region.r_name)::text = 'Europe'::text)","Rows Removed by Filter":4,"Shared Hit Blocks":1,"Shared Read Blocks":0,"Shared Dirtied Blocks":0,"Shared Written Blocks":0,"Local Hit Blocks":0,"Local Read Blocks":0,"Local Dirtied Blocks":0,"Local Written Blocks":0,"Temp Read Blocks":0,"Temp Written Blocks":0,"I/O Read Time":0.0,"I/O Write Time":0.0,"Temp I/O Read Time":0.0,"Temp I/O Write Time":0.0}]}]}]}]},{"Node Type":"Hash","Parent Relationship":"Inner","Parallel Aware":false,"Async Capable":false,"Startup Cost":65744.12,"Total Cost":65744.12,"Plan Rows":426549,"Plan Width":16,"Actual Startup Time":208.576,"Actual Total Time":208.577,"Actual Rows":428399,"Actual Loops":1,"Output":["orders.o_c_id","orders.o_w_id","orders.o_d_id","orders.o_id"],"Hash Buckets":262144,"Original Hash Buckets":262144,"Hash Batches":4,"Original Hash Batches":4,"Peak Memory Usage":7080,"Shared Hit Blocks":0,"Shared Read Blocks":0,"Shared Dirtied Blocks":0,"Shared Written Blocks":0,"Local Hit Blocks":0,"Local Read Blocks":0,"Local Dirtied Blocks":0,"Local Written Blocks":0,"Temp Read Blocks":0,"Temp Written Blocks":1410,"I/O Read Time":0.0,"I/O Write Time":0.0,"Temp I/O Read Time":0.0,"Temp I/O Write Time":5.689,"Plans":[{"Node Type":"Append","Parent Relationship":"Outer","Parallel Aware":false,"Async Capable":false,"Startup Cost":20.0,"Total Cost":65744.12,"Plan Rows":426549,"Plan Width":16,"Actual Startup Time":0.521,"Actual Total Time":104.88,"Actual Rows":428399,"Actual Loops":1,"Shared Hit Blocks":0,"Shared Read Blocks":0,"Shared Dirtied Blocks":0,"Shared Written Blocks":0,"Local Hit Blocks":0,"Local Read Blocks":0,"Local Dirtied Blocks":0,"Local Written Blocks":0,"Temp Read Blocks":0,"Temp Written Blocks":0,"I/O Read Time":0.0,"I/O Write Time":0.0,"Temp I/O Read Time":0.0,"Temp I/O Write Time":0.0,"Subplans Removed":0,"Plans":[{"Node Type":"Custom Scan","Parent Relationship":"Member","Custom Plan Provider":"columnar scan","Parallel Aware":false,"Async Capable":false,"Relation Name":"orders","Schema":"public","Alias":"orders","Startup Cost":20.0,"Total Cost":10043.96,"Plan Rows":426548,"Plan Width":16,"Actual Startup Time":0.519,"Actual Total Time":74.206,"Actual Rows":428399,"Actual Loops":1,"Output":["orders.o_c_id","orders.o_w_id","orders.o_d_id","orders.o_id"],"Filter":"((orders.o_entry_d < '1994-01-02 20:10:02.27764'::timestamp without time zone) AND (orders.o_entry_d >= '1993-01-02 20:10:02.27764'::timestamp without time zone))","Rows Removed by Filter":0,"Rows Removed by Columnar Filter":2571601,"Columnar cache search mode":"native","Shared Hit Blocks":0,"Shared Read Blocks":0,"Shared Dirtied Blocks":0,"Shared Written Blocks":0,"Local Hit Blocks":0,"Local Read Blocks":0,"Local Dirtied Blocks":0,"Local Written Blocks":0,"Temp Read Blocks":0,"Temp Written Blocks":0,"I/O Read Time":0.0,"I/O Write Time":0.0,"Temp I/O Read Time":0.0,"Temp I/O Write Time":0.0},{"Node Type":"Seq Scan","Parent Relationship":"Member","Parallel Aware":false,"Async Capable":false,"Relation Name":"orders","Schema":"public","Alias":"orders","Startup Cost":0.0,"Total Cost":4.01,"Plan Rows":1,"Plan Width":16,"Actual Startup Time":0.0,"Actual Total Time":0.0,"Actual Rows":0,"Actual Loops":0,"Output":["orders.o_c_id","orders.o_w_id","orders.o_d_id","orders.o_id"],"Filter":"((orders.o_entry_d < '1994-01-02 20:10:02.27764'::timestamp without time zone) AND (orders.o_entry_d >= '1993-01-02 20:10:02.27764'::timestamp without time zone))","Rows Removed by Filter":0,"Shared Hit Blocks":0,"Shared Read Blocks":0,"Shared Dirtied Blocks":0,"Shared Written Blocks":0,"Local Hit Blocks":0,"Local Read Blocks":0,"Local Dirtied Blocks":0,"Local Written Blocks":0,"Temp Read Blocks":0,"Temp Written Blocks":0,"I/O Read Time":0.0,"I/O Write Time":0.0,"Temp I/O Read Time":0.0,"Temp I/O Write Time":0.0}]}]}]},{"Node Type":"Hash","Parent Relationship":"Inner","Parallel Aware":false,"Async Capable":false,"Startup Cost":259601.38,"Total Cost":259601.38,"Plan Rows":2999738,"Plan Width":12,"Actual Startup Time":1194.273,"Actual Total Time":1194.274,"Actual Rows":3000000,"Actual Loops":1,"Output":["customer.c_id","customer.c_w_id","customer.c_d_id","customer.c_nationkey"],"Hash Buckets":262144,"Original Hash Buckets":262144,"Hash Batches":32,"Original Hash Batches":32,"Peak Memory Usage":6058,"Shared Hit Blocks":229604,"Shared Read Blocks":0,"Shared Dirtied Blocks":0,"Shared Written Blocks":0,"Local Hit Blocks":0,"Local Read Blocks":0,"Local Dirtied Blocks":0,"Local Written Blocks":0,"Temp Read Blocks":0,"Temp Written Blocks":11339,"I/O Read Time":0.0,"I/O Write Time":0.0,"Temp I/O Read Time":0.0,"Temp I/O Write Time":54.432,"Plans":[{"Node Type":"Seq Scan","Parent Relationship":"Outer","Parallel Aware":false,"Async Capable":false,"Relation Name":"customer","Schema":"public","Alias":"customer","Startup Cost":0.0,"Total Cost":259601.38,"Plan Rows":2999738,"Plan Width":12,"Actual Startup Time":0.028,"Actual Total Time":672.995,"Actual Rows":3000000,"Actual Loops":1,"Output":["customer.c_id","customer.c_w_id","customer.c_d_id","customer.c_nationkey"],"Shared Hit Blocks":229604,"Shared Read Blocks":0,"Shared Dirtied Blocks":0,"Shared Written Blocks":0,"Local Hit Blocks":0,"Local Read Blocks":0,"Local Dirtied Blocks":0,"Local Written Blocks":0,"Temp Read Blocks":0,"Temp Written Blocks":0,"I/O Read Time":0.0,"I/O Write Time":0.0,"Temp I/O Read Time":0.0,"Temp I/O Write Time":0.0}]}]}]}]}]},"Planning":{"Shared Hit Blocks":16,"Shared Read Blocks":0,"Shared Dirtied Blocks":0,"Shared Written Blocks":0,"Local Hit Blocks":0,"Local Read Blocks":0,"Local Dirtied Blocks":0,"Local Written Blocks":0,"Temp Read Blocks":0,"Temp Written Blocks":0,"I/O Read Time":0.0,"I/O Write Time":0.0,"Temp I/O Read Time":0.0,"Temp I/O Write Time":0.0},"Planning Time":5.198,"Triggers":[],"Execution Time":5389.081}]
[列存组合]: nation, order_line, region, stock, supplier
[{"Plan":{"Node Type":"Sort","Parallel Aware":false,"Async Capable":false,"Startup Cost":1199831.58,"Total Cost":1199831.74,"Plan Rows":62,"Plan Width":40,"Actual Startup Time":5529.875,"Actual Total Time":5529.919,"Actual Rows":11,"Actual Loops":1,"Output":["nation.n_name","(sum(order_line.ol_amount))"],"Sort Key":["(sum(order_line.ol_amount)) DESC"],"Sort Method":"quicksort","Sort Space Used":25,"Sort Space Type":"Memory","Shared Hit Blocks":251663,"Shared Read Blocks":0,"Shared Dirtied Blocks":0,"Shared Written Blocks":0,"Local Hit Blocks":0,"Local Read Blocks":0,"Local Dirtied Blocks":0,"Local Written Blocks":0,"Temp Read Blocks":31471,"Temp Written Blocks":31471,"I/O Read Time":0.0,"I/O Write Time":0.0,"Temp I/O Read Time":51.175,"Temp I/O Write Time":143.315,"Plans":[{"Node Type":"Aggregate","Strategy":"Sorted","Partial Mode":"Simple","Parent Relationship":"Outer","Parallel Aware":false,"Async Capable":false,"Startup Cost":1199755.8,"Total Cost":1199829.74,"Plan Rows":62,"Plan Width":40,"Actual Startup Time":5527.043,"Actual Total Time":5529.9,"Actual Rows":11,"Actual Loops":1,"Output":["nation.n_name","sum(order_line.ol_amount)"],"Group Key":["nation.n_name"],"Shared Hit Blocks":251663,"Shared Read Blocks":0,"Shared Dirtied Blocks":0,"Shared Written Blocks":0,"Local Hit Blocks":0,"Local Read Blocks":0,"Local Dirtied Blocks":0,"Local Written Blocks":0,"Temp Read Blocks":31471,"Temp Written Blocks":31471,"I/O Read Time":0.0,"I/O Write Time":0.0,"Temp I/O Read Time":51.175,"Temp I/O Write Time":143.315,"Plans":[{"Node Type":"Sort","Parent Relationship":"Outer","Parallel Aware":false,"Async Capable":false,"Startup Cost":1199755.8,"Total Cost":1199780.19,"Plan Rows":9755,"Plan Width":12,"Actual Startup Time":5526.829,"Actual Total Time":5527.626,"Actual Rows":17493,"Actual Loops":1,"Output":["nation.n_name","order_line.ol_amount"],"Sort Key":["nation.n_name"],"Sort Method":"quicksort","Sort Space Used":1725,"Sort Space Type":"Memory","Shared Hit Blocks":251663,"Shared Read Blocks":0,"Shared Dirtied Blocks":0,"Shared Written Blocks":0,"Local Hit Blocks":0,"Local Read Blocks":0,"Local Dirtied Blocks":0,"Local Written Blocks":0,"Temp Read Blocks":31471,"Temp Written Blocks":31471,"I/O Read Time":0.0,"I/O Write Time":0.0,"Temp I/O Read Time":51.175,"Temp I/O Write Time":143.315,"Plans":[{"Node Type":"Hash Join","Parent Relationship":"Outer","Parallel Aware":false,"Async Capable":false,"Join Type":"Inner","Startup Cost":440302.24,"Total Cost":1199109.44,"Plan Rows":9755,"Plan Width":12,"Actual Startup Time":2339.342,"Actual Total Time":5518.039,"Actual Rows":17493,"Actual Loops":1,"Output":["nation.n_name","order_line.ol_amount"],"Hash Cond":"((orders.o_c_id = customer.c_id) AND (orders.o_w_id = customer.c_w_id) AND (orders.o_d_id = customer.c_d_id) AND (supplier.su_nationkey = customer.c_nationkey))","Shared Hit Blocks":251663,"Shared Read Blocks":0,"Shared Dirtied Blocks":0,"Shared Written Blocks":0,"Local Hit Blocks":0,"Local Read Blocks":0,"Local Dirtied Blocks":0,"Local Written Blocks":0,"Temp Read Blocks":31471,"Temp Written Blocks":31471,"I/O Read Time":0.0,"I/O Write Time":0.0,"Temp I/O Read Time":51.175,"Temp I/O Write Time":143.315,"Plans":[{"Node Type":"Hash Join","Parent Relationship":"Outer","Parallel Aware":false,"Async Capable":false,"Join Type":"Inner","Startup Cost":106058.1,"Total Cost":834468.38,"Plan Rows":602754,"Plan Width":34,"Actual Startup Time":1133.517,"Actual Total Time":3519.234,"Actual Rows":1489124,"Actual Loops":1,"Output":["orders.o_c_id","orders.o_w_id","orders.o_d_id","order_line.ol_amount","order_line.ol_w_id","order_line.ol_d_id","stock.s_w_id","supplier.su_nationkey","nation.n_name","nation.n_nationkey"],"Hash Cond":"((order_line.ol_w_id = orders.o_w_id) AND (order_line.ol_d_id = orders.o_d_id) AND (order_line.ol_o_id = orders.o_id))","Shared Hit Blocks":22059,"Shared Read Blocks":0,"Shared Dirtied Blocks":0,"Shared Written Blocks":0,"Local Hit Blocks":0,"Local Read Blocks":0,"Local Dirtied Blocks":0,"Local Written Blocks":0,"Temp Read Blocks":9894,"Temp Written Blocks":9894,"I/O Read Time":0.0,"I/O Write Time":0.0,"Temp I/O Read Time":16.617,"Temp I/O Write Time":42.815,"Plans":[{"Node Type":"Hash Join","Parent Relationship":"Outer","Parallel Aware":false,"Async Capable":false,"Join Type":"Inner","Startup Cost":29451.51,"Total Cost":656067.26,"Plan Rows":4242986,"Plan Width":34,"Actual Startup Time":806.859,"Actual Total Time":2469.188,"Actual Rows":1498118,"Actual Loops":1,"Output":["order_line.ol_amount","order_line.ol_o_id","order_line.ol_w_id","order_line.ol_d_id","stock.s_w_id","supplier.su_nationkey","nation.n_name","nation.n_nationkey"],"Hash Cond":"(mod((stock.s_w_id * stock.s_i_id), 10000) = supplier.su_suppkey)","Shared Hit Blocks":0,"Shared Read Blocks":0,"Shared Dirtied Blocks":0,"Shared Written Blocks":0,"Local Hit Blocks":0,"Local Read Blocks":0,"Local Dirtied Blocks":0,"Local Written Blocks":0,"Temp Read Blocks":0,"Temp Written Blocks":0,"I/O Read Time":0.0,"I/O Write Time":0.0,"Temp I/O Read Time":0.0,"Temp I/O Write Time":0.0,"Plans":[{"Node Type":"Hash Join","Parent Relationship":"Outer","Parallel Aware":false,"Async Capable":false,"Join Type":"Inner","Startup Cost":29323.02,"Total Cost":480915.59,"Plan Rows":21214932,"Plan Width":22,"Actual Startup Time":804.32,"Actual Total Time":1786.923,"Actual Rows":4311079,"Actual Loops":1,"Output":["order_line.ol_amount","order_line.ol_o_id","order_line.ol_w_id","order_line.ol_d_id","stock.s_w_id","stock.s_i_id"],"Hash Cond":"((order_line.ol_w_id = stock.s_w_id) AND (order_line.ol_i_id = stock.s_i_id))","Rows Removed by Bloom Filter":0,"Shared Hit Blocks":0,"Shared Read Blocks":0,"Shared Dirtied Blocks":0,"Shared Written Blocks":0,"Local Hit Blocks":0,"Local Read Blocks":0,"Local Dirtied Blocks":0,"Local Written Blocks":0,"Temp Read Blocks":0,"Temp Written Blocks":0,"I/O Read Time":0.0,"I/O Write Time":0.0,"Temp I/O Read Time":0.0,"Temp I/O Write Time":0.0,"Plans":[{"Node Type":"Append","Parent Relationship":"Outer","Parallel Aware":false,"Async Capable":false,"Startup Cost":20.0,"Total Cost":533646.5,"Plan Rows":20926367,"Plan Width":20,"Actual Startup Time":122.675,"Actual Total Time":122.683,"Actual Rows":4311079,"Actual Loops":1,"Shared Hit Blocks":0,"Shared Read Blocks":0,"Shared Dirtied Blocks":0,"Shared Written Blocks":0,"Local Hit Blocks":0,"Local Read Blocks":0,"Local Dirtied Blocks":0,"Local Written Blocks":0,"Temp Read Blocks":0,"Temp Written Blocks":0,"I/O Read Time":0.0,"I/O Write Time":0.0,"Temp I/O Read Time":0.0,"Temp I/O Write Time":0.0,"Subplans Removed":0,"Plans":[{"Node Type":"Custom Scan","Parent Relationship":"Member","Custom Plan Provider":"columnar scan","Parallel Aware":false,"Async Capable":false,"Relation Name":"order_line","Schema":"public","Alias":"order_line","Startup Cost":20.0,"Total Cost":533641.75,"Plan Rows":20926325,"Plan Width":20,"Actual Startup Time":122.674,"Actual Total Time":122.676,"Actual Rows":4311079,"Actual Loops":1,"Output":["order_line.ol_amount","order_line.ol_o_id","order_line.ol_w_id","order_line.ol_d_id","order_line.ol_i_id"],"Filter":"(order_line.ol_delivery_d >= '1992-01-02 20:10:02.27764'::timestamp without time zone)","Rows Removed by Filter":0,"Rows Removed by Columnar Filter":25686653,"Rows Filtered by Bloom Filter":0,"Dictionary Rows Filtered by Bloom Filter":25686653,"Columnar cache search mode":"native","Shared Hit Blocks":0,"Shared Read Blocks":0,"Shared Dirtied Blocks":0,"Shared Written Blocks":0,"Local Hit Blocks":0,"Local Read Blocks":0,"Local Dirtied Blocks":0,"Local Written Blocks":0,"Temp Read Blocks":0,"Temp Written Blocks":0,"I/O Read Time":0.0,"I/O Write Time":0.0,"Temp I/O Read Time":0.0,"Temp I/O Write Time":0.0},{"Node Type":"Seq Scan","Parent Relationship":"Member","Parallel Aware":false,"Async Capable":false,"Relation Name":"order_line","Schema":"public","Alias":"order_line","Startup Cost":0.0,"Total Cost":4.75,"Plan Rows":42,"Plan Width":20,"Actual Startup Time":0.0,"Actual Total Time":0.0,"Actual Rows":0,"Actual Loops":0,"Output":["order_line.ol_amount","order_line.ol_o_id","order_line.ol_w_id","order_line.ol_d_id","order_line.ol_i_id"],"Filter":"(order_line.ol_delivery_d >= '1992-01-02 20:10:02.27764'::timestamp without time zone)","Rows Removed by Filter":0,"Shared Hit Blocks":0,"Shared Read Blocks":0,"Shared Dirtied Blocks":0,"Shared Written Blocks":0,"Local Hit Blocks":0,"Local Read Blocks":0,"Local Dirtied Blocks":0,"Local Written Blocks":0,"Temp Read Blocks":0,"Temp Written Blocks":0,"I/O Read Time":0.0,"I/O Write Time":0.0,"Temp I/O Read Time":0.0,"Temp I/O Write Time":0.0}]},{"Node Type":"Hash","Parent Relationship":"Inner","Parallel Aware":false,"Async Capable":false,"Startup Cost":195025.67,"Total Cost":195025.67,"Plan Rows":10000162,"Plan Width":6,"Actual Rows":10000000,"Actual Loops":1,"Output":["stock.s_w_id","stock.s_i_id"],"Shared Hit Blocks":0,"Shared Read Blocks":0,"Shared Dirtied Blocks":0,"Shared Written Blocks":0,"Local Hit Blocks":0,"Local Read Blocks":0,"Local Dirtied Blocks":0,"Local Written Blocks":0,"Temp Read Blocks":0,"Temp Written Blocks":0,"I/O Read Time":0.0,"I/O Write Time":0.0,"Temp I/O Read Time":0.0,"Temp I/O Write Time":0.0,"Plans":[{"Node Type":"Append","Parent Relationship":"Outer","Parallel Aware":false,"Async Capable":false,"Startup Cost":20.0,"Total Cost":195025.67,"Plan Rows":10000162,"Plan Width":6,"Actual Startup Time":0.236,"Actual Total Time":0.239,"Actual Rows":10000000,"Actual Loops":1,"Shared Hit Blocks":0,"Shared Read Blocks":0,"Shared Dirtied Blocks":0,"Shared Written Blocks":0,"Local Hit Blocks":0,"Local Read Blocks":0,"Local Dirtied Blocks":0,"Local Written Blocks":0,"Temp Read Blocks":0,"Temp Written Blocks":0,"I/O Read Time":0.0,"I/O Write Time":0.0,"Temp I/O Read Time":0.0,"Temp I/O Write Time":0.0,"Subplans Removed":0,"Plans":[{"Node Type":"Custom Scan","Parent Relationship":"Member","Custom Plan Provider":"columnar scan","Parallel Aware":false,"Async Capable":false,"Relation Name":"stock","Schema":"public","Alias":"stock","Startup Cost":20.0,"Total Cost":195020.05,"Plan Rows":10000000,"Plan Width":6,"Actual Startup Time":0.236,"Actual Total Time":0.236,"Actual Rows":10000000,"Actual Loops":1,"Output":["stock.s_w_id","stock.s_i_id"],"Rows Removed by Columnar Filter":0,"Columnar cache search mode":"native","Shared Hit Blocks":0,"Shared Read Blocks":0,"Shared Dirtied Blocks":0,"Shared Written Blocks":0,"Local Hit Blocks":0,"Local Read Blocks":0,"Local Dirtied Blocks":0,"Local Written Blocks":0,"Temp Read Blocks":0,"Temp Written Blocks":0,"I/O Read Time":0.0,"I/O Write Time":0.0,"Temp I/O Read Time":0.0,"Temp I/O Write Time":0.0},{"Node Type":"Seq Scan","Parent Relationship":"Member","Parallel Aware":false,"Async Capable":false,"Relation Name":"stock","Schema":"public","Alias":"stock","Startup Cost":0.0,"Total Cost":5.62,"Plan Rows":162,"Plan Width":6,"Actual Startup Time":0.0,"Actual Total Time":0.0,"Actual Rows":0,"Actual Loops":0,"Output":["stock.s_w_id","stock.s_i_id"],"Shared Hit Blocks":0,"Shared Read Blocks":0,"Shared Dirtied Blocks":0,"Shared Written Blocks":0,"Local Hit Blocks":0,"Local Read Blocks":0,"Local Dirtied Blocks":0,"Local Written Blocks":0,"Temp Read Blocks":0,"Temp Written Blocks":0,"I/O Read Time":0.0,"I/O Write Time":0.0,"Temp I/O Read Time":0.0,"Temp I/O Write Time":0.0}]}]}]},{"Node Type":"Hash","Parent Relationship":"Inner","Parallel Aware":false,"Async Capable":false,"Startup Cost":103.49,"Total Cost":103.49,"Plan Rows":2000,"Plan Width":20,"Actual Startup Time":2.504,"Actual Total Time":2.522,"Actual Rows":3506,"Actual Loops":1,"Output":["supplier.su_suppkey","supplier.su_nationkey","nation.n_name","nation.n_nationkey"],"Hash Buckets":4096,"Original Hash Buckets":2048,"Hash Batches":1,"Original Hash Batches":1,"Peak Memory Usage":217,"Shared Hit Blocks":0,"Shared Read Blocks":0,"Shared Dirtied Blocks":0,"Shared Written Blocks":0,"Local Hit Blocks":0,"Local Read Blocks":0,"Local Dirtied Blocks":0,"Local Written Blocks":0,"Temp Read Blocks":0,"Temp Written Blocks":0,"I/O Read Time":0.0,"I/O Write Time":0.0,"Temp I/O Read Time":0.0,"Temp I/O Write Time":0.0,"Plans":[{"Node Type":"Hash Join","Parent Relationship":"Outer","Parallel Aware":false,"Async Capable":false,"Join Type":"Inner","Startup Cost":49.06,"Total Cost":103.49,"Plan Rows":2000,"Plan Width":20,"Actual Startup Time":1.72,"Actual Total Time":1.983,"Actual Rows":3506,"Actual Loops":1,"Output":["supplier.su_suppkey","supplier.su_nationkey","nation.n_name","nation.n_nationkey"],"Hash Cond":"(supplier.su_nationkey = nation.n_nationkey)","Rows Removed by Bloom Filter":6494,"Shared Hit Blocks":0,"Shared Read Blocks":0,"Shared Dirtied Blocks":0,"Shared Written Blocks":0,"Local Hit Blocks":0,"Local Read Blocks":0,"Local Dirtied Blocks":0,"Local Written Blocks":0,"Temp Read Blocks":0,"Temp Written Blocks":0,"I/O Read Time":0.0,"I/O Write Time":0.0,"Temp I/O Read Time":0.0,"Temp I/O Write Time":0.0,"Plans":[{"Node Type":"Append","Parent Relationship":"Outer","Parallel Aware":false,"Async Capable":false,"Startup Cost":20.0,"Total Cost":219.01,"Plan Rows":10001,"Plan Width":8,"Actual Startup Time":0.02,"Actual Total Time":0.024,"Actual Rows":10000,"Actual Loops":1,"Shared Hit Blocks":0,"Shared Read Blocks":0,"Shared Dirtied Blocks":0,"Shared Written Blocks":0,"Local Hit Blocks":0,"Local Read Blocks":0,"Local Dirtied Blocks":0,"Local Written Blocks":0,"Temp Read Blocks":0,"Temp Written Blocks":0,"I/O Read Time":0.0,"I/O Write Time":0.0,"Temp I/O Read Time":0.0,"Temp I/O Write Time":0.0,"Subplans Removed":0,"Plans":[{"Node Type":"Custom Scan","Parent Relationship":"Member","Custom Plan Provider":"columnar scan","Parallel Aware":false,"Async Capable":false,"Relation Name":"supplier","Schema":"public","Alias":"supplier","Startup Cost":20.0,"Total Cost":215.0,"Plan Rows":10000,"Plan Width":8,"Actual Startup Time":0.019,"Actual Total Time":0.021,"Actual Rows":10000,"Actual Loops":1,"Output":["supplier.su_suppkey","supplier.su_nationkey"],"Rows Removed by Columnar Filter":0,"Columnar cache search mode":"native","Shared Hit Blocks":0,"Shared Read Blocks":0,"Shared Dirtied Blocks":0,"Shared Written Blocks":0,"Local Hit Blocks":0,"Local Read Blocks":0,"Local Dirtied Blocks":0,"Local Written Blocks":0,"Temp Read Blocks":0,"Temp Written Blocks":0,"I/O Read Time":0.0,"I/O Write Time":0.0,"Temp I/O Read Time":0.0,"Temp I/O Write Time":0.0},{"Node Type":"Seq Scan","Parent Relationship":"Member","Parallel Aware":false,"Async Capable":false,"Relation Name":"supplier","Schema":"public","Alias":"supplier","Startup Cost":0.0,"Total Cost":4.01,"Plan Rows":1,"Plan Width":8,"Actual Startup Time":0.0,"Actual Total Time":0.0,"Actual Rows":0,"Actual Loops":0,"Output":["supplier.su_suppkey","supplier.su_nationkey"],"Shared Hit Blocks":0,"Shared Read Blocks":0,"Shared Dirtied Blocks":0,"Shared Written Blocks":0,"Local Hit Blocks":0,"Local Read Blocks":0,"Local Dirtied Blocks":0,"Local Written Blocks":0,"Temp Read Blocks":0,"Temp Written Blocks":0,"I/O Read Time":0.0,"I/O Write Time":0.0,"Temp I/O Read Time":0.0,"Temp I/O Write Time":0.0}]},{"Node Type":"Hash","Parent Relationship":"Inner","Parallel Aware":false,"Async Capable":false,"Startup Cost":29.1,"Total Cost":29.1,"Plan Rows":12,"Plan Width":12,"Actual Rows":22,"Actual Loops":1,"Output":["nation.n_name","nation.n_nationkey"],"Shared Hit Blocks":0,"Shared Read Blocks":0,"Shared Dirtied Blocks":0,"Shared Written Blocks":0,"Local Hit Blocks":0,"Local Read Blocks":0,"Local Dirtied Blocks":0,"Local Written Blocks":0,"Temp Read Blocks":0,"Temp Written Blocks":0,"I/O Read Time":0.0,"I/O Write Time":0.0,"Temp I/O Read Time":0.0,"Temp I/O Write Time":0.0,"Plans":[{"Node Type":"Hash Join","Parent Relationship":"Outer","Parallel Aware":false,"Async Capable":false,"Join Type":"Inner","Startup Cost":24.16,"Total Cost":29.1,"Plan Rows":12,"Plan Width":12,"Actual Startup Time":0.509,"Actual Total Time":0.518,"Actual Rows":22,"Actual Loops":1,"Output":["nation.n_name","nation.n_nationkey"],"Hash Cond":"(region.r_regionkey = nation.n_regionkey)","Rows Removed by Bloom Filter":0,"Shared Hit Blocks":0,"Shared Read Blocks":0,"Shared Dirtied Blocks":0,"Shared Written Blocks":0,"Local Hit Blocks":0,"Local Read Blocks":0,"Local Dirtied Blocks":0,"Local Written Blocks":0,"Temp Read Blocks":0,"Temp Written Blocks":0,"I/O Read Time":0.0,"I/O Write Time":0.0,"Temp I/O Read Time":0.0,"Temp I/O Write Time":0.0,"Plans":[{"Node Type":"Append","Parent Relationship":"Outer","Parallel Aware":false,"Async Capable":false,"Startup Cost":20.0,"Total Cost":24.04,"Plan Rows":2,"Plan Width":4,"Actual Startup Time":0.045,"Actual Total Time":0.048,"Actual Rows":1,"Actual Loops":1,"Shared Hit Blocks":0,"Shared Read Blocks":0,"Shared Dirtied Blocks":0,"Shared Written Blocks":0,"Local Hit Blocks":0,"Local Read Blocks":0,"Local Dirtied Blocks":0,"Local Written Blocks":0,"Temp Read Blocks":0,"Temp Written Blocks":0,"I/O Read Time":0.0,"I/O Write Time":0.0,"Temp I/O Read Time":0.0,"Temp I/O Write Time":0.0,"Subplans Removed":0,"Plans":[{"Node Type":"Custom Scan","Parent Relationship":"Member","Custom Plan Provider":"columnar scan","Parallel Aware":false,"Async Capable":false,"Relation Name":"region","Schema":"public","Alias":"region","Startup Cost":20.0,"Total Cost":20.02,"Plan Rows":1,"Plan Width":4,"Actual Startup Time":0.044,"Actual Total Time":0.044,"Actual Rows":1,"Actual Loops":1,"Output":["region.r_regionkey"],"Filter":"((region.r_name)::text = 'Europe'::text)","Rows Removed by Filter":0,"Rows Removed by Columnar Filter":4,"Columnar cache search mode":"native","Shared Hit Blocks":0,"Shared Read Blocks":0,"Shared Dirtied Blocks":0,"Shared Written Blocks":0,"Local Hit Blocks":0,"Local Read Blocks":0,"Local Dirtied Blocks":0,"Local Written Blocks":0,"Temp Read Blocks":0,"Temp Written Blocks":0,"I/O Read Time":0.0,"I/O Write Time":0.0,"Temp I/O Read Time":0.0,"Temp I/O Write Time":0.0},{"Node Type":"Seq Scan","Parent Relationship":"Member","Parallel Aware":false,"Async Capable":false,"Relation Name":"region","Schema":"public","Alias":"region","Startup Cost":0.0,"Total Cost":4.01,"Plan Rows":1,"Plan Width":4,"Actual Startup Time":0.0,"Actual Total Time":0.0,"Actual Rows":0,"Actual Loops":0,"Output":["region.r_regionkey"],"Filter":"((region.r_name)::text = 'Europe'::text)","Rows Removed by Filter":0,"Shared Hit Blocks":0,"Shared Read Blocks":0,"Shared Dirtied Blocks":0,"Shared Written Blocks":0,"Local Hit Blocks":0,"Local Read Blocks":0,"Local Dirtied Blocks":0,"Local Written Blocks":0,"Temp Read Blocks":0,"Temp Written Blocks":0,"I/O Read Time":0.0,"I/O Write Time":0.0,"Temp I/O Read Time":0.0,"Temp I/O Write Time":0.0}]},{"Node Type":"Hash","Parent Relationship":"Inner","Parallel Aware":false,"Async Capable":false,"Startup Cost":25.34,"Total Cost":25.34,"Plan Rows":63,"Plan Width":16,"Actual Rows":62,"Actual Loops":1,"Output":["nation.n_name","nation.n_nationkey","nation.n_regionkey"],"Shared Hit Blocks":0,"Shared Read Blocks":0,"Shared Dirtied Blocks":0,"Shared Written Blocks":0,"Local Hit Blocks":0,"Local Read Blocks":0,"Local Dirtied Blocks":0,"Local Written Blocks":0,"Temp Read Blocks":0,"Temp Written Blocks":0,"I/O Read Time":0.0,"I/O Write Time":0.0,"Temp I/O Read Time":0.0,"Temp I/O Write Time":0.0,"Plans":[{"Node Type":"Append","Parent Relationship":"Outer","Parallel Aware":false,"Async Capable":false,"Startup Cost":20.0,"Total Cost":25.34,"Plan Rows":63,"Plan Width":16,"Actual Startup Time":0.027,"Actual Total Time":0.029,"Actual Rows":62,"Actual Loops":1,"Shared Hit Blocks":0,"Shared Read Blocks":0,"Shared Dirtied Blocks":0,"Shared Written Blocks":0,"Local Hit Blocks":0,"Local Read Blocks":0,"Local Dirtied Blocks":0,"Local Written Blocks":0,"Temp Read Blocks":0,"Temp Written Blocks":0,"I/O Read Time":0.0,"I/O Write Time":0.0,"Temp I/O Read Time":0.0,"Temp I/O Write Time":0.0,"Subplans Removed":0,"Plans":[{"Node Type":"Custom Scan","Parent Relationship":"Member","Custom Plan Provider":"columnar scan","Parallel Aware":false,"Async Capable":false,"Relation Name":"nation","Schema":"public","Alias":"nation","Startup Cost":20.0,"Total Cost":21.33,"Plan Rows":62,"Plan Width":16,"Actual Startup Time":0.026,"Actual Total Time":0.026,"Actual Rows":62,"Actual Loops":1,"Output":["nation.n_name","nation.n_nationkey","nation.n_regionkey"],"Rows Removed by Columnar Filter":0,"Columnar cache search mode":"native","Shared Hit Blocks":0,"Shared Read Blocks":0,"Shared Dirtied Blocks":0,"Shared Written Blocks":0,"Local Hit Blocks":0,"Local Read Blocks":0,"Local Dirtied Blocks":0,"Local Written Blocks":0,"Temp Read Blocks":0,"Temp Written Blocks":0,"I/O Read Time":0.0,"I/O Write Time":0.0,"Temp I/O Read Time":0.0,"Temp I/O Write Time":0.0},{"Node Type":"Seq Scan","Parent Relationship":"Member","Parallel Aware":false,"Async Capable":false,"Relation Name":"nation","Schema":"public","Alias":"nation","Startup Cost":0.0,"Total Cost":4.01,"Plan Rows":1,"Plan Width":16,"Actual Startup Time":0.0,"Actual Total Time":0.0,"Actual Rows":0,"Actual Loops":0,"Output":["nation.n_name","nation.n_nationkey","nation.n_regionkey"],"Shared Hit Blocks":0,"Shared Read Blocks":0,"Shared Dirtied Blocks":0,"Shared Written Blocks":0,"Local Hit Blocks":0,"Local Read Blocks":0,"Local Dirtied Blocks":0,"Local Written Blocks":0,"Temp Read Blocks":0,"Temp Written Blocks":0,"I/O Read Time":0.0,"I/O Write Time":0.0,"Temp I/O Read Time":0.0,"Temp I/O Write Time":0.0}]}]}]}]}]}]}]},{"Node Type":"Hash","Parent Relationship":"Inner","Parallel Aware":false,"Async Capable":false,"Startup Cost":67059.0,"Total Cost":67059.0,"Plan Rows":426548,"Plan Width":16,"Actual Startup Time":324.996,"Actual Total Time":324.999,"Actual Rows":428399,"Actual Loops":1,"Output":["orders.o_c_id","orders.o_w_id","orders.o_d_id","orders.o_id"],"Hash Buckets":262144,"Original Hash Buckets":262144,"Hash Batches":4,"Original Hash Batches":4,"Peak Memory Usage":7080,"Shared Hit Blocks":22059,"Shared Read Blocks":0,"Shared Dirtied Blocks":0,"Shared Written Blocks":0,"Local Hit Blocks":0,"Local Read Blocks":0,"Local Dirtied Blocks":0,"Local Written Blocks":0,"Temp Read Blocks":0,"Temp Written Blocks":1410,"I/O Read Time":0.0,"I/O Write Time":0.0,"Temp I/O Read Time":0.0,"Temp I/O Write Time":6.304,"Plans":[{"Node Type":"Seq Scan","Parent Relationship":"Outer","Parallel Aware":false,"Async Capable":false,"Relation Name":"orders","Schema":"public","Alias":"orders","Startup Cost":0.0,"Total Cost":67059.0,"Plan Rows":426548,"Plan Width":16,"Actual Startup Time":0.776,"Actual Total Time":222.529,"Actual Rows":428399,"Actual Loops":1,"Output":["orders.o_c_id","orders.o_w_id","orders.o_d_id","orders.o_id"],"Filter":"((orders.o_entry_d >= '1993-01-02 20:10:02.27764'::timestamp without time zone) AND (orders.o_entry_d < '1994-01-02 20:10:02.27764'::timestamp without time zone))","Rows Removed by Filter":2571601,"Shared Hit Blocks":22059,"Shared Read Blocks":0,"Shared Dirtied Blocks":0,"Shared Written Blocks":0,"Local Hit Blocks":0,"Local Read Blocks":0,"Local Dirtied Blocks":0,"Local Written Blocks":0,"Temp Read Blocks":0,"Temp Written Blocks":0,"I/O Read Time":0.0,"I/O Write Time":0.0,"Temp I/O Read Time":0.0,"Temp I/O Write Time":0.0}]}]},{"Node Type":"Hash","Parent Relationship":"Inner","Parallel Aware":false,"Async Capable":false,"Startup Cost":259601.38,"Total Cost":259601.38,"Plan Rows":2999738,"Plan Width":12,"Actual Startup Time":1196.043,"Actual Total Time":1196.044,"Actual Rows":3000000,"Actual Loops":1,"Output":["customer.c_id","customer.c_w_id","customer.c_d_id","customer.c_nationkey"],"Hash Buckets":262144,"Original Hash Buckets":262144,"Hash Batches":32,"Original Hash Batches":32,"Peak Memory Usage":6058,"Shared Hit Blocks":229604,"Shared Read Blocks":0,"Shared Dirtied Blocks":0,"Shared Written Blocks":0,"Local Hit Blocks":0,"Local Read Blocks":0,"Local Dirtied Blocks":0,"Local Written Blocks":0,"Temp Read Blocks":0,"Temp Written Blocks":11339,"I/O Read Time":0.0,"I/O Write Time":0.0,"Temp I/O Read Time":0.0,"Temp I/O Write Time":54.399,"Plans":[{"Node Type":"Seq Scan","Parent Relationship":"Outer","Parallel Aware":false,"Async Capable":false,"Relation Name":"customer","Schema":"public","Alias":"customer","Startup Cost":0.0,"Total Cost":259601.38,"Plan Rows":2999738,"Plan Width":12,"Actual Startup Time":0.028,"Actual Total Time":667.655,"Actual Rows":3000000,"Actual Loops":1,"Output":["customer.c_id","customer.c_w_id","customer.c_d_id","customer.c_nationkey"],"Shared Hit Blocks":229604,"Shared Read Blocks":0,"Shared Dirtied Blocks":0,"Shared Written Blocks":0,"Local Hit Blocks":0,"Local Read Blocks":0,"Local Dirtied Blocks":0,"Local Written Blocks":0,"Temp Read Blocks":0,"Temp Written Blocks":0,"I/O Read Time":0.0,"I/O Write Time":0.0,"Temp I/O Read Time":0.0,"Temp I/O Write Time":0.0}]}]}]}]}]},"Planning":{"Shared Hit Blocks":16,"Shared Read Blocks":0,"Shared Dirtied Blocks":0,"Shared Written Blocks":0,"Local Hit Blocks":0,"Local Read Blocks":0,"Local Dirtied Blocks":0,"Local Written Blocks":0,"Temp Read Blocks":0,"Temp Written Blocks":0,"I/O Read Time":0.0,"I/O Write Time":0.0,"Temp I/O Read Time":0.0,"Temp I/O Write Time":0.0},"Planning Time":5.179,"Triggers":[],"Execution Time":5530.885}]
[列存组合]: nation, orders, region, stock, supplier
[{"Plan":{"Node Type":"Sort","Parallel Aware":false,"Async Capable":false,"Startup Cost":2015771.79,"Total Cost":2015771.95,"Plan Rows":62,"Plan Width":40,"Actual Startup Time":16492.716,"Actual Total Time":16492.746,"Actual Rows":11,"Actual Loops":1,"Output":["nation.n_name","(sum(order_line.ol_amount))"],"Sort Key":["(sum(order_line.ol_amount)) DESC"],"Sort Method":"quicksort","Sort Space Used":25,"Sort Space Type":"Memory","Shared Hit Blocks":597828,"Shared Read Blocks":0,"Shared Dirtied Blocks":0,"Shared Written Blocks":0,"Local Hit Blocks":0,"Local Read Blocks":0,"Local Dirtied Blocks":0,"Local Written Blocks":0,"Temp Read Blocks":129460,"Temp Written Blocks":129487,"I/O Read Time":0.0,"I/O Write Time":0.0,"Temp I/O Read Time":204.958,"Temp I/O Write Time":519.978,"Plans":[{"Node Type":"Aggregate","Strategy":"Sorted","Partial Mode":"Simple","Parent Relationship":"Outer","Parallel Aware":false,"Async Capable":false,"Startup Cost":2015696.01,"Total Cost":2015769.95,"Plan Rows":62,"Plan Width":40,"Actual Startup Time":16489.816,"Actual Total Time":16492.73,"Actual Rows":11,"Actual Loops":1,"Output":["nation.n_name","sum(order_line.ol_amount)"],"Group Key":["nation.n_name"],"Shared Hit Blocks":597828,"Shared Read Blocks":0,"Shared Dirtied Blocks":0,"Shared Written Blocks":0,"Local Hit Blocks":0,"Local Read Blocks":0,"Local Dirtied Blocks":0,"Local Written Blocks":0,"Temp Read Blocks":129460,"Temp Written Blocks":129487,"I/O Read Time":0.0,"I/O Write Time":0.0,"Temp I/O Read Time":204.958,"Temp I/O Write Time":519.978,"Plans":[{"Node Type":"Sort","Parent Relationship":"Outer","Parallel Aware":false,"Async Capable":false,"Startup Cost":2015696.01,"Total Cost":2015720.4,"Plan Rows":9755,"Plan Width":12,"Actual Startup Time":16489.596,"Actual Total Time":16490.384,"Actual Rows":17493,"Actual Loops":1,"Output":["nation.n_name","order_line.ol_amount"],"Sort Key":["nation.n_name"],"Sort Method":"quicksort","Sort Space Used":1725,"Sort Space Type":"Memory","Shared Hit Blocks":597828,"Shared Read Blocks":0,"Shared Dirtied Blocks":0,"Shared Written Blocks":0,"Local Hit Blocks":0,"Local Read Blocks":0,"Local Dirtied Blocks":0,"Local Written Blocks":0,"Temp Read Blocks":129460,"Temp Written Blocks":129487,"I/O Read Time":0.0,"I/O Write Time":0.0,"Temp I/O Read Time":204.958,"Temp I/O Write Time":519.978,"Plans":[{"Node Type":"Hash Join","Parent Relationship":"Outer","Parallel Aware":false,"Async Capable":false,"Join Type":"Inner","Startup Cost":1691552.74,"Total Cost":2015049.65,"Plan Rows":9755,"Plan Width":12,"Actual Startup Time":14612.813,"Actual Total Time":16480.588,"Actual Rows":17493,"Actual Loops":1,"Output":["nation.n_name","order_line.ol_amount"],"Inner Unique":true,"Hash Cond":"((mod((stock.s_w_id * stock.s_i_id), 10000) = supplier.su_suppkey) AND (customer.c_nationkey = supplier.su_nationkey))","Shared Hit Blocks":597828,"Shared Read Blocks":0,"Shared Dirtied Blocks":0,"Shared Written Blocks":0,"Local Hit Blocks":0,"Local Read Blocks":0,"Local Dirtied Blocks":0,"Local Written Blocks":0,"Temp Read Blocks":129460,"Temp Written Blocks":129487,"I/O Read Time":0.0,"I/O Write Time":0.0,"Temp I/O Read Time":204.958,"Temp I/O Write Time":519.978,"Plans":[{"Node Type":"Merge Join","Parent Relationship":"Outer","Parallel Aware":false,"Async Capable":false,"Join Type":"Inner","Startup Cost":1691183.71,"Total Cost":2011365.49,"Plan Rows":602749,"Plan Width":26,"Actual Startup Time":14609.246,"Actual Total Time":16335.69,"Actual Rows":1109507,"Actual Loops":1,"Output":["customer.c_nationkey","order_line.ol_amount","stock.s_w_id","stock.s_i_id","nation.n_name","nation.n_nationkey"],"Inner Unique":true,"Merge Cond":"((customer.c_w_id = stock.s_w_id) AND (order_line.ol_i_id = stock.s_i_id))","Shared Hit Blocks":597828,"Shared Read Blocks":0,"Shared Dirtied Blocks":0,"Shared Written Blocks":0,"Local Hit Blocks":0,"Local Read Blocks":0,"Local Dirtied Blocks":0,"Local Written Blocks":0,"Temp Read Blocks":129460,"Temp Written Blocks":129487,"I/O Read Time":0.0,"I/O Write Time":0.0,"Temp I/O Read Time":204.958,"Temp I/O Write Time":519.978,"Plans":[{"Node Type":"Sort","Parent Relationship":"Outer","Parallel Aware":false,"Async Capable":false,"Startup Cost":1691183.28,"Total Cost":1692670.96,"Plan Rows":595073,"Plan Width":30,"Actual Startup Time":14609.185,"Actual Total Time":14789.066,"Actual Rows":1109507,"Actual Loops":1,"Output":["customer.c_w_id","customer.c_nationkey","orders.o_w_id","order_line.ol_amount","order_line.ol_w_id","order_line.ol_i_id","nation.n_name","nation.n_nationkey"],"Sort Key":["customer.c_w_id","order_line.ol_i_id"],"Sort Method":"external merge","Sort Space Used":47304,"Sort Space Type":"Disk","Shared Hit Blocks":570490,"Shared Read Blocks":0,"Shared Dirtied Blocks":0,"Shared Written Blocks":0,"Local Hit Blocks":0,"Local Read Blocks":0,"Local Dirtied Blocks":0,"Local Written Blocks":0,"Temp Read Blocks":129460,"Temp Written Blocks":129487,"I/O Read Time":0.0,"I/O Write Time":0.0,"Temp I/O Read Time":204.958,"Temp I/O Write Time":519.978,"Plans":[{"Node Type":"Hash Join","Parent Relationship":"Outer","Parallel Aware":false,"Async Capable":false,"Join Type":"Inner","Startup Cost":402039.66,"Total Cost":1619869.72,"Plan Rows":595073,"Plan Width":30,"Actual Startup Time":1419.033,"Actual Total Time":13224.094,"Actual Rows":1109507,"Actual Loops":1,"Output":["customer.c_w_id","customer.c_nationkey","orders.o_w_id","order_line.ol_amount","order_line.ol_w_id","order_line.ol_i_id","nation.n_name","nation.n_nationkey"],"Inner Unique":false,"Hash Cond":"(customer.c_nationkey = nation.n_nationkey)","Shared Hit Blocks":570490,"Shared Read Blocks":0,"Shared Dirtied Blocks":0,"Shared Written Blocks":0,"Local Hit Blocks":0,"Local Read Blocks":0,"Local Dirtied Blocks":0,"Local Written Blocks":0,"Temp Read Blocks":117643,"Temp Written Blocks":117643,"I/O Read Time":0.0,"I/O Write Time":0.0,"Temp I/O Read Time":186.735,"Temp I/O Write Time":488.024,"Plans":[{"Node Type":"Hash Join","Parent Relationship":"Outer","Parallel Aware":false,"Async Capable":false,"Join Type":"Inner","Startup Cost":402036.52,"Total Cost":1602950.18,"Plan Rows":2975367,"Plan Width":18,"Actual Startup Time":1409.605,"Actual Total Time":12799.153,"Actual Rows":4284922,"Actual Loops":1,"Output":["customer.c_w_id","customer.c_nationkey","orders.o_w_id","order_line.ol_amount","order_line.ol_w_id","order_line.ol_i_id"],"Inner Unique":true,"Hash Cond":"((orders.o_c_id = customer.c_id) AND (orders.o_w_id = customer.c_w_id) AND (orders.o_d_id = customer.c_d_id))","Shared Hit Blocks":570488,"Shared Read Blocks":0,"Shared Dirtied Blocks":0,"Shared Written Blocks":0,"Local Hit Blocks":0,"Local Read Blocks":0,"Local Dirtied Blocks":0,"Local Written Blocks":0,"Temp Read Blocks":117643,"Temp Written Blocks":117643,"I/O Read Time":0.0,"I/O Write Time":0.0,"Temp I/O Read Time":186.735,"Temp I/O Write Time":488.024,"Plans":[{"Node Type":"Hash Join","Parent Relationship":"Outer","Parallel Aware":false,"Async Capable":false,"Join Type":"Inner","Startup Cost":75291.73,"Total Cost":1203258.36,"Plan Rows":2975367,"Plan Width":20,"Actual Startup Time":245.742,"Actual Total Time":9492.18,"Actual Rows":4284922,"Actual Loops":1,"Output":["orders.o_c_id","orders.o_w_id","orders.o_d_id","order_line.ol_amount","order_line.ol_w_id","order_line.ol_d_id","order_line.ol_i_id"],"Inner Unique":true,"Hash Cond":"((order_line.ol_w_id = orders.o_w_id) AND (order_line.ol_d_id = orders.o_d_id) AND (order_line.ol_o_id = orders.o_id))","Shared Hit Blocks":340884,"Shared Read Blocks":0,"Shared Dirtied Blocks":0,"Shared Written Blocks":0,"Local Hit Blocks":0,"Local Read Blocks":0,"Local Dirtied Blocks":0,"Local Written Blocks":0,"Temp Read Blocks":85996,"Temp Written Blocks":85996,"I/O Read Time":0.0,"I/O Write Time":0.0,"Temp I/O Read Time":135.828,"Temp I/O Write Time":339.436,"Plans":[{"Node Type":"Seq Scan","Parent Relationship":"Outer","Parallel Aware":false,"Async Capable":false,"Relation Name":"order_line","Schema":"public","Alias":"order_line","Startup Cost":0.0,"Total Cost":715856.4,"Plan Rows":20926367,"Plan Width":20,"Actual Startup Time":0.006,"Actual Total Time":3684.653,"Actual Rows":21002151,"Actual Loops":1,"Output":["order_line.ol_amount","order_line.ol_o_id","order_line.ol_w_id","order_line.ol_d_id","order_line.ol_i_id"],"Filter":"(order_line.ol_delivery_d >= '1992-01-02 20:10:02.27764'::timestamp without time zone)","Rows Removed by Filter":8995581,"Shared Hit Blocks":340884,"Shared Read Blocks":0,"Shared Dirtied Blocks":0,"Shared Written Blocks":0,"Local Hit Blocks":0,"Local Read Blocks":0,"Local Dirtied Blocks":0,"Local Written Blocks":0,"Temp Read Blocks":0,"Temp Written Blocks":0,"I/O Read Time":0.0,"I/O Write Time":0.0,"Temp I/O Read Time":0.0,"Temp I/O Write Time":0.0},{"Node Type":"Hash","Parent Relationship":"Inner","Parallel Aware":false,"Async Capable":false,"Startup Cost":65744.12,"Total Cost":65744.12,"Plan Rows":426549,"Plan Width":16,"Actual Startup Time":178.386,"Actual Total Time":178.394,"Actual Rows":428399,"Actual Loops":1,"Output":["orders.o_c_id","orders.o_w_id","orders.o_d_id","orders.o_id"],"Hash Buckets":262144,"Original Hash Buckets":262144,"Hash Batches":4,"Original Hash Batches":4,"Peak Memory Usage":7080,"Shared Hit Blocks":0,"Shared Read Blocks":0,"Shared Dirtied Blocks":0,"Shared Written Blocks":0,"Local Hit Blocks":0,"Local Read Blocks":0,"Local Dirtied Blocks":0,"Local Written Blocks":0,"Temp Read Blocks":0,"Temp Written Blocks":1410,"I/O Read Time":0.0,"I/O Write Time":0.0,"Temp I/O Read Time":0.0,"Temp I/O Write Time":5.61,"Plans":[{"Node Type":"Append","Parent Relationship":"Outer","Parallel Aware":false,"Async Capable":false,"Startup Cost":20.0,"Total Cost":65744.12,"Plan Rows":426549,"Plan Width":16,"Actual Startup Time":0.517,"Actual Total Time":102.539,"Actual Rows":428399,"Actual Loops":1,"Shared Hit Blocks":0,"Shared Read Blocks":0,"Shared Dirtied Blocks":0,"Shared Written Blocks":0,"Local Hit Blocks":0,"Local Read Blocks":0,"Local Dirtied Blocks":0,"Local Written Blocks":0,"Temp Read Blocks":0,"Temp Written Blocks":0,"I/O Read Time":0.0,"I/O Write Time":0.0,"Temp I/O Read Time":0.0,"Temp I/O Write Time":0.0,"Subplans Removed":0,"Plans":[{"Node Type":"Custom Scan","Parent Relationship":"Member","Custom Plan Provider":"columnar scan","Parallel Aware":false,"Async Capable":false,"Relation Name":"orders","Schema":"public","Alias":"orders","Startup Cost":20.0,"Total Cost":10043.96,"Plan Rows":426548,"Plan Width":16,"Actual Startup Time":0.516,"Actual Total Time":72.106,"Actual Rows":428399,"Actual Loops":1,"Output":["orders.o_c_id","orders.o_w_id","orders.o_d_id","orders.o_id"],"Filter":"((orders.o_entry_d < '1994-01-02 20:10:02.27764'::timestamp without time zone) AND (orders.o_entry_d >= '1993-01-02 20:10:02.27764'::timestamp without time zone))","Rows Removed by Filter":0,"Rows Removed by Columnar Filter":2571601,"Columnar cache search mode":"native","Shared Hit Blocks":0,"Shared Read Blocks":0,"Shared Dirtied Blocks":0,"Shared Written Blocks":0,"Local Hit Blocks":0,"Local Read Blocks":0,"Local Dirtied Blocks":0,"Local Written Blocks":0,"Temp Read Blocks":0,"Temp Written Blocks":0,"I/O Read Time":0.0,"I/O Write Time":0.0,"Temp I/O Read Time":0.0,"Temp I/O Write Time":0.0},{"Node Type":"Seq Scan","Parent Relationship":"Member","Parallel Aware":false,"Async Capable":false,"Relation Name":"orders","Schema":"public","Alias":"orders","Startup Cost":0.0,"Total Cost":4.01,"Plan Rows":1,"Plan Width":16,"Actual Startup Time":0.0,"Actual Total Time":0.0,"Actual Rows":0,"Actual Loops":0,"Output":["orders.o_c_id","orders.o_w_id","orders.o_d_id","orders.o_id"],"Filter":"((orders.o_entry_d < '1994-01-02 20:10:02.27764'::timestamp without time zone) AND (orders.o_entry_d >= '1993-01-02 20:10:02.27764'::timestamp without time zone))","Rows Removed by Filter":0,"Shared Hit Blocks":0,"Shared Read Blocks":0,"Shared Dirtied Blocks":0,"Shared Written Blocks":0,"Local Hit Blocks":0,"Local Read Blocks":0,"Local Dirtied Blocks":0,"Local Written Blocks":0,"Temp Read Blocks":0,"Temp Written Blocks":0,"I/O Read Time":0.0,"I/O Write Time":0.0,"Temp I/O Read Time":0.0,"Temp I/O Write Time":0.0}]}]}]},{"Node Type":"Hash","Parent Relationship":"Inner","Parallel Aware":false,"Async Capable":false,"Startup Cost":259601.38,"Total Cost":259601.38,"Plan Rows":2999738,"Plan Width":12,"Actual Startup Time":1161.567,"Actual Total Time":1161.569,"Actual Rows":3000000,"Actual Loops":1,"Output":["customer.c_id","customer.c_w_id","customer.c_d_id","customer.c_nationkey"],"Hash Buckets":262144,"Original Hash Buckets":262144,"Hash Batches":32,"Original Hash Batches":32,"Peak Memory Usage":6090,"Shared Hit Blocks":229604,"Shared Read Blocks":0,"Shared Dirtied Blocks":0,"Shared Written Blocks":0,"Local Hit Blocks":0,"Local Read Blocks":0,"Local Dirtied Blocks":0,"Local Written Blocks":0,"Temp Read Blocks":0,"Temp Written Blocks":11335,"I/O Read Time":0.0,"I/O Write Time":0.0,"Temp I/O Read Time":0.0,"Temp I/O Write Time":53.769,"Plans":[{"Node Type":"Seq Scan","Parent Relationship":"Outer","Parallel Aware":false,"Async Capable":false,"Relation Name":"customer","Schema":"public","Alias":"customer","Startup Cost":0.0,"Total Cost":259601.38,"Plan Rows":2999738,"Plan Width":12,"Actual Startup Time":0.009,"Actual Total Time":656.47,"Actual Rows":3000000,"Actual Loops":1,"Output":["customer.c_id","customer.c_w_id","customer.c_d_id","customer.c_nationkey"],"Shared Hit Blocks":229604,"Shared Read Blocks":0,"Shared Dirtied Blocks":0,"Shared Written Blocks":0,"Local Hit Blocks":0,"Local Read Blocks":0,"Local Dirtied Blocks":0,"Local Written Blocks":0,"Temp Read Blocks":0,"Temp Written Blocks":0,"I/O Read Time":0.0,"I/O Write Time":0.0,"Temp I/O Read Time":0.0,"Temp I/O Write Time":0.0}]}]},{"Node Type":"Hash","Parent Relationship":"Inner","Parallel Aware":false,"Async Capable":false,"Startup Cost":2.99,"Total Cost":2.99,"Plan Rows":12,"Plan Width":12,"Actual Startup Time":0.043,"Actual Total Time":0.048,"Actual Rows":22,"Actual Loops":1,"Output":["nation.n_name","nation.n_nationkey"],"Hash Buckets":1024,"Original Hash Buckets":1024,"Hash Batches":1,"Original Hash Batches":1,"Peak Memory Usage":9,"Shared Hit Blocks":2,"Shared Read Blocks":0,"Shared Dirtied Blocks":0,"Shared Written Blocks":0,"Local Hit Blocks":0,"Local Read Blocks":0,"Local Dirtied Blocks":0,"Local Written Blocks":0,"Temp Read Blocks":0,"Temp Written Blocks":0,"I/O Read Time":0.0,"I/O Write Time":0.0,"Temp I/O Read Time":0.0,"Temp I/O Write Time":0.0,"Plans":[{"Node Type":"Hash Join","Parent Relationship":"Outer","Parallel Aware":false,"Async Capable":false,"Join Type":"Inner","Startup Cost":1.07,"Total Cost":2.99,"Plan Rows":12,"Plan Width":12,"Actual Startup Time":0.026,"Actual Total Time":0.041,"Actual Rows":22,"Actual Loops":1,"Output":["nation.n_name","nation.n_nationkey"],"Inner Unique":true,"Hash Cond":"(nation.n_regionkey = region.r_regionkey)","Shared Hit Blocks":2,"Shared Read Blocks":0,"Shared Dirtied Blocks":0,"Shared Written Blocks":0,"Local Hit Blocks":0,"Local Read Blocks":0,"Local Dirtied Blocks":0,"Local Written Blocks":0,"Temp Read Blocks":0,"Temp Written Blocks":0,"I/O Read Time":0.0,"I/O Write Time":0.0,"Temp I/O Read Time":0.0,"Temp I/O Write Time":0.0,"Plans":[{"Node Type":"Seq Scan","Parent Relationship":"Outer","Parallel Aware":false,"Async Capable":false,"Relation Name":"nation","Schema":"public","Alias":"nation","Startup Cost":0.0,"Total Cost":1.62,"Plan Rows":62,"Plan Width":16,"Actual Startup Time":0.008,"Actual Total Time":0.011,"Actual Rows":62,"Actual Loops":1,"Output":["nation.n_nationkey","nation.n_name","nation.n_regionkey","nation.n_comment"],"Shared Hit Blocks":1,"Shared Read Blocks":0,"Shared Dirtied Blocks":0,"Shared Written Blocks":0,"Local Hit Blocks":0,"Local Read Blocks":0,"Local Dirtied Blocks":0,"Local Written Blocks":0,"Temp Read Blocks":0,"Temp Written Blocks":0,"I/O Read Time":0.0,"I/O Write Time":0.0,"Temp I/O Read Time":0.0,"Temp I/O Write Time":0.0},{"Node Type":"Hash","Parent Relationship":"Inner","Parallel Aware":false,"Async Capable":false,"Startup Cost":1.06,"Total Cost":1.06,"Plan Rows":1,"Plan Width":4,"Actual Startup Time":0.008,"Actual Total Time":0.009,"Actual Rows":1,"Actual Loops":1,"Output":["region.r_regionkey"],"Hash Buckets":1024,"Original Hash Buckets":1024,"Hash Batches":1,"Original Hash Batches":1,"Peak Memory Usage":9,"Shared Hit Blocks":1,"Shared Read Blocks":0,"Shared Dirtied Blocks":0,"Shared Written Blocks":0,"Local Hit Blocks":0,"Local Read Blocks":0,"Local Dirtied Blocks":0,"Local Written Blocks":0,"Temp Read Blocks":0,"Temp Written Blocks":0,"I/O Read Time":0.0,"I/O Write Time":0.0,"Temp I/O Read Time":0.0,"Temp I/O Write Time":0.0,"Plans":[{"Node Type":"Seq Scan","Parent Relationship":"Outer","Parallel Aware":false,"Async Capable":false,"Relation Name":"region","Schema":"public","Alias":"region","Startup Cost":0.0,"Total Cost":1.06,"Plan Rows":1,"Plan Width":4,"Actual Startup Time":0.006,"Actual Total Time":0.006,"Actual Rows":1,"Actual Loops":1,"Output":["region.r_regionkey"],"Filter":"((region.r_name)::text = 'Europe'::text)","Rows Removed by Filter":4,"Shared Hit Blocks":1,"Shared Read Blocks":0,"Shared Dirtied Blocks":0,"Shared Written Blocks":0,"Local Hit Blocks":0,"Local Read Blocks":0,"Local Dirtied Blocks":0,"Local Written Blocks":0,"Temp Read Blocks":0,"Temp Written Blocks":0,"I/O Read Time":0.0,"I/O Write Time":0.0,"Temp I/O Read Time":0.0,"Temp I/O Write Time":0.0}]}]}]}]}]},{"Node Type":"Index Only Scan","Parent Relationship":"Inner","Parallel Aware":false,"Async Capable":false,"Scan Direction":"Forward","Index Name":"stock_pk","Relation Name":"stock","Schema":"public","Alias":"stock","Startup Cost":0.43,"Total Cost":259690.86,"Plan Rows":10000162,"Plan Width":6,"Actual Startup Time":0.045,"Actual Total Time":724.49,"Actual Rows":9999996,"Actual Loops":1,"Output":["stock.s_w_id","stock.s_i_id"],"Heap Fetches":0,"Shared Hit Blocks":27338,"Shared Read Blocks":0,"Shared Dirtied Blocks":0,"Shared Written Blocks":0,"Local Hit Blocks":0,"Local Read Blocks":0,"Local Dirtied Blocks":0,"Local Written Blocks":0,"Temp Read Blocks":0,"Temp Written Blocks":0,"I/O Read Time":0.0,"I/O Write Time":0.0,"Temp I/O Read Time":0.0,"Temp I/O Write Time":0.0}]},{"Node Type":"Hash","Parent Relationship":"Inner","Parallel Aware":false,"Async Capable":false,"Startup Cost":219.01,"Total Cost":219.01,"Plan Rows":10001,"Plan Width":8,"Actual Startup Time":3.133,"Actual Total Time":3.135,"Actual Rows":10000,"Actual Loops":1,"Output":["supplier.su_suppkey","supplier.su_nationkey"],"Hash Buckets":16384,"Original Hash Buckets":16384,"Hash Batches":1,"Original Hash Batches":1,"Peak Memory Usage":519,"Shared Hit Blocks":0,"Shared Read Blocks":0,"Shared Dirtied Blocks":0,"Shared Written Blocks":0,"Local Hit Blocks":0,"Local Read Blocks":0,"Local Dirtied Blocks":0,"Local Written Blocks":0,"Temp Read Blocks":0,"Temp Written Blocks":0,"I/O Read Time":0.0,"I/O Write Time":0.0,"Temp I/O Read Time":0.0,"Temp I/O Write Time":0.0,"Plans":[{"Node Type":"Append","Parent Relationship":"Outer","Parallel Aware":false,"Async Capable":false,"Startup Cost":20.0,"Total Cost":219.01,"Plan Rows":10001,"Plan Width":8,"Actual Startup Time":0.012,"Actual Total Time":1.832,"Actual Rows":10000,"Actual Loops":1,"Shared Hit Blocks":0,"Shared Read Blocks":0,"Shared Dirtied Blocks":0,"Shared Written Blocks":0,"Local Hit Blocks":0,"Local Read Blocks":0,"Local Dirtied Blocks":0,"Local Written Blocks":0,"Temp Read Blocks":0,"Temp Written Blocks":0,"I/O Read Time":0.0,"I/O Write Time":0.0,"Temp I/O Read Time":0.0,"Temp I/O Write Time":0.0,"Subplans Removed":0,"Plans":[{"Node Type":"Custom Scan","Parent Relationship":"Member","Custom Plan Provider":"columnar scan","Parallel Aware":false,"Async Capable":false,"Relation Name":"supplier","Schema":"public","Alias":"supplier","Startup Cost":20.0,"Total Cost":215.0,"Plan Rows":10000,"Plan Width":8,"Actual Startup Time":0.011,"Actual Total Time":1.084,"Actual Rows":10000,"Actual Loops":1,"Output":["supplier.su_suppkey","supplier.su_nationkey"],"Rows Removed by Columnar Filter":0,"Columnar cache search mode":"native","Shared Hit Blocks":0,"Shared Read Blocks":0,"Shared Dirtied Blocks":0,"Shared Written Blocks":0,"Local Hit Blocks":0,"Local Read Blocks":0,"Local Dirtied Blocks":0,"Local Written Blocks":0,"Temp Read Blocks":0,"Temp Written Blocks":0,"I/O Read Time":0.0,"I/O Write Time":0.0,"Temp I/O Read Time":0.0,"Temp I/O Write Time":0.0},{"Node Type":"Seq Scan","Parent Relationship":"Member","Parallel Aware":false,"Async Capable":false,"Relation Name":"supplier","Schema":"public","Alias":"supplier","Startup Cost":0.0,"Total Cost":4.01,"Plan Rows":1,"Plan Width":8,"Actual Startup Time":0.0,"Actual Total Time":0.0,"Actual Rows":0,"Actual Loops":0,"Output":["supplier.su_suppkey","supplier.su_nationkey"],"Shared Hit Blocks":0,"Shared Read Blocks":0,"Shared Dirtied Blocks":0,"Shared Written Blocks":0,"Local Hit Blocks":0,"Local Read Blocks":0,"Local Dirtied Blocks":0,"Local Written Blocks":0,"Temp Read Blocks":0,"Temp Written Blocks":0,"I/O Read Time":0.0,"I/O Write Time":0.0,"Temp I/O Read Time":0.0,"Temp I/O Write Time":0.0}]}]}]}]}]}]},"Planning":{"Shared Hit Blocks":16,"Shared Read Blocks":0,"Shared Dirtied Blocks":0,"Shared Written Blocks":0,"Local Hit Blocks":0,"Local Read Blocks":0,"Local Dirtied Blocks":0,"Local Written Blocks":0,"Temp Read Blocks":0,"Temp Written Blocks":0,"I/O Read Time":0.0,"I/O Write Time":0.0,"Temp I/O Read Time":0.0,"Temp I/O Write Time":0.0},"Planning Time":4.939,"Triggers":[],"Execution Time":16501.046}]
[列存组合]: order_line, orders, region, stock, supplier
[{"Plan":{"Node Type":"Sort","Parallel Aware":false,"Async Capable":false,"Startup Cost":1198692.24,"Total Cost":1198692.4,"Plan Rows":62,"Plan Width":40,"Actual Startup Time":5400.694,"Actual Total Time":5400.726,"Actual Rows":11,"Actual Loops":1,"Output":["nation.n_name","(sum(order_line.ol_amount))"],"Sort Key":["(sum(order_line.ol_amount)) DESC"],"Sort Method":"quicksort","Sort Space Used":25,"Sort Space Type":"Memory","Shared Hit Blocks":229606,"Shared Read Blocks":0,"Shared Dirtied Blocks":0,"Shared Written Blocks":0,"Local Hit Blocks":0,"Local Read Blocks":0,"Local Dirtied Blocks":0,"Local Written Blocks":0,"Temp Read Blocks":31471,"Temp Written Blocks":31471,"I/O Read Time":0.0,"I/O Write Time":0.0,"Temp I/O Read Time":51.709,"Temp I/O Write Time":142.56,"Plans":[{"Node Type":"Aggregate","Strategy":"Sorted","Partial Mode":"Simple","Parent Relationship":"Outer","Parallel Aware":false,"Async Capable":false,"Startup Cost":1198616.46,"Total Cost":1198690.4,"Plan Rows":62,"Plan Width":40,"Actual Startup Time":5397.741,"Actual Total Time":5400.707,"Actual Rows":11,"Actual Loops":1,"Output":["nation.n_name","sum(order_line.ol_amount)"],"Group Key":["nation.n_name"],"Shared Hit Blocks":229606,"Shared Read Blocks":0,"Shared Dirtied Blocks":0,"Shared Written Blocks":0,"Local Hit Blocks":0,"Local Read Blocks":0,"Local Dirtied Blocks":0,"Local Written Blocks":0,"Temp Read Blocks":31471,"Temp Written Blocks":31471,"I/O Read Time":0.0,"I/O Write Time":0.0,"Temp I/O Read Time":51.709,"Temp I/O Write Time":142.56,"Plans":[{"Node Type":"Sort","Parent Relationship":"Outer","Parallel Aware":false,"Async Capable":false,"Startup Cost":1198616.46,"Total Cost":1198640.85,"Plan Rows":9755,"Plan Width":12,"Actual Startup Time":5397.521,"Actual Total Time":5398.349,"Actual Rows":17493,"Actual Loops":1,"Output":["nation.n_name","order_line.ol_amount"],"Sort Key":["nation.n_name"],"Sort Method":"quicksort","Sort Space Used":1725,"Sort Space Type":"Memory","Shared Hit Blocks":229606,"Shared Read Blocks":0,"Shared Dirtied Blocks":0,"Shared Written Blocks":0,"Local Hit Blocks":0,"Local Read Blocks":0,"Local Dirtied Blocks":0,"Local Written Blocks":0,"Temp Read Blocks":31471,"Temp Written Blocks":31471,"I/O Read Time":0.0,"I/O Write Time":0.0,"Temp I/O Read Time":51.709,"Temp I/O Write Time":142.56,"Plans":[{"Node Type":"Hash Join","Parent Relationship":"Outer","Parallel Aware":false,"Async Capable":false,"Join Type":"Inner","Startup Cost":439162.9,"Total Cost":1197970.1,"Plan Rows":9755,"Plan Width":12,"Actual Startup Time":2268.875,"Actual Total Time":5389.063,"Actual Rows":17493,"Actual Loops":1,"Output":["nation.n_name","order_line.ol_amount"],"Hash Cond":"((orders.o_c_id = customer.c_id) AND (orders.o_w_id = customer.c_w_id) AND (orders.o_d_id = customer.c_d_id) AND (supplier.su_nationkey = customer.c_nationkey))","Shared Hit Blocks":229606,"Shared Read Blocks":0,"Shared Dirtied Blocks":0,"Shared Written Blocks":0,"Local Hit Blocks":0,"Local Read Blocks":0,"Local Dirtied Blocks":0,"Local Written Blocks":0,"Temp Read Blocks":31471,"Temp Written Blocks":31471,"I/O Read Time":0.0,"I/O Write Time":0.0,"Temp I/O Read Time":51.709,"Temp I/O Write Time":142.56,"Plans":[{"Node Type":"Hash Join","Parent Relationship":"Outer","Parallel Aware":false,"Async Capable":false,"Join Type":"Inner","Startup Cost":104918.76,"Total Cost":833329.04,"Plan Rows":602754,"Plan Width":34,"Actual Startup Time":1050.637,"Actual Total Time":3374.27,"Actual Rows":1489124,"Actual Loops":1,"Output":["orders.o_c_id","orders.o_w_id","orders.o_d_id","order_line.ol_amount","order_line.ol_w_id","order_line.ol_d_id","stock.s_w_id","supplier.su_nationkey","nation.n_name","nation.n_nationkey"],"Hash Cond":"((order_line.ol_w_id = orders.o_w_id) AND (order_line.ol_d_id = orders.o_d_id) AND (order_line.ol_o_id = orders.o_id))","Shared Hit Blocks":2,"Shared Read Blocks":0,"Shared Dirtied Blocks":0,"Shared Written Blocks":0,"Local Hit Blocks":0,"Local Read Blocks":0,"Local Dirtied Blocks":0,"Local Written Blocks":0,"Temp Read Blocks":9894,"Temp Written Blocks":9894,"I/O Read Time":0.0,"I/O Write Time":0.0,"Temp I/O Read Time":16.723,"Temp I/O Write Time":42.185,"Plans":[{"Node Type":"Hash Join","Parent Relationship":"Outer","Parallel Aware":false,"Async Capable":false,"Join Type":"Inner","Startup Cost":29627.04,"Total Cost":656242.79,"Plan Rows":4242986,"Plan Width":34,"Actual Startup Time":840.581,"Actual Total Time":2439.562,"Actual Rows":1498118,"Actual Loops":1,"Output":["order_line.ol_amount","order_line.ol_o_id","order_line.ol_w_id","order_line.ol_d_id","stock.s_w_id","supplier.su_nationkey","nation.n_name","nation.n_nationkey"],"Hash Cond":"(mod((stock.s_w_id * stock.s_i_id), 10000) = supplier.su_suppkey)","Shared Hit Blocks":2,"Shared Read Blocks":0,"Shared Dirtied Blocks":0,"Shared Written Blocks":0,"Local Hit Blocks":0,"Local Read Blocks":0,"Local Dirtied Blocks":0,"Local Written Blocks":0,"Temp Read Blocks":0,"Temp Written Blocks":0,"I/O Read Time":0.0,"I/O Write Time":0.0,"Temp I/O Read Time":0.0,"Temp I/O Write Time":0.0,"Plans":[{"Node Type":"Hash Join","Parent Relationship":"Outer","Parallel Aware":false,"Async Capable":false,"Join Type":"Inner","Startup Cost":29323.02,"Total Cost":480915.59,"Plan Rows":21214932,"Plan Width":22,"Actual Startup Time":838.113,"Actual Total Time":1763.351,"Actual Rows":4311079,"Actual Loops":1,"Output":["order_line.ol_amount","order_line.ol_o_id","order_line.ol_w_id","order_line.ol_d_id","stock.s_w_id","stock.s_i_id"],"Hash Cond":"((order_line.ol_w_id = stock.s_w_id) AND (order_line.ol_i_id = stock.s_i_id))","Rows Removed by Bloom Filter":0,"Shared Hit Blocks":0,"Shared Read Blocks":0,"Shared Dirtied Blocks":0,"Shared Written Blocks":0,"Local Hit Blocks":0,"Local Read Blocks":0,"Local Dirtied Blocks":0,"Local Written Blocks":0,"Temp Read Blocks":0,"Temp Written Blocks":0,"I/O Read Time":0.0,"I/O Write Time":0.0,"Temp I/O Read Time":0.0,"Temp I/O Write Time":0.0,"Plans":[{"Node Type":"Append","Parent Relationship":"Outer","Parallel Aware":false,"Async Capable":false,"Startup Cost":20.0,"Total Cost":533646.5,"Plan Rows":20926367,"Plan Width":20,"Actual Startup Time":123.558,"Actual Total Time":123.564,"Actual Rows":4311079,"Actual Loops":1,"Shared Hit Blocks":0,"Shared Read Blocks":0,"Shared Dirtied Blocks":0,"Shared Written Blocks":0,"Local Hit Blocks":0,"Local Read Blocks":0,"Local Dirtied Blocks":0,"Local Written Blocks":0,"Temp Read Blocks":0,"Temp Written Blocks":0,"I/O Read Time":0.0,"I/O Write Time":0.0,"Temp I/O Read Time":0.0,"Temp I/O Write Time":0.0,"Subplans Removed":0,"Plans":[{"Node Type":"Custom Scan","Parent Relationship":"Member","Custom Plan Provider":"columnar scan","Parallel Aware":false,"Async Capable":false,"Relation Name":"order_line","Schema":"public","Alias":"order_line","Startup Cost":20.0,"Total Cost":533641.75,"Plan Rows":20926325,"Plan Width":20,"Actual Startup Time":123.556,"Actual Total Time":123.559,"Actual Rows":4311079,"Actual Loops":1,"Output":["order_line.ol_amount","order_line.ol_o_id","order_line.ol_w_id","order_line.ol_d_id","order_line.ol_i_id"],"Filter":"(order_line.ol_delivery_d >= '1992-01-02 20:10:02.27764'::timestamp without time zone)","Rows Removed by Filter":0,"Rows Removed by Columnar Filter":25686653,"Rows Filtered by Bloom Filter":0,"Dictionary Rows Filtered by Bloom Filter":25686653,"Columnar cache search mode":"native","Shared Hit Blocks":0,"Shared Read Blocks":0,"Shared Dirtied Blocks":0,"Shared Written Blocks":0,"Local Hit Blocks":0,"Local Read Blocks":0,"Local Dirtied Blocks":0,"Local Written Blocks":0,"Temp Read Blocks":0,"Temp Written Blocks":0,"I/O Read Time":0.0,"I/O Write Time":0.0,"Temp I/O Read Time":0.0,"Temp I/O Write Time":0.0},{"Node Type":"Seq Scan","Parent Relationship":"Member","Parallel Aware":false,"Async Capable":false,"Relation Name":"order_line","Schema":"public","Alias":"order_line","Startup Cost":0.0,"Total Cost":4.75,"Plan Rows":42,"Plan Width":20,"Actual Startup Time":0.0,"Actual Total Time":0.0,"Actual Rows":0,"Actual Loops":0,"Output":["order_line.ol_amount","order_line.ol_o_id","order_line.ol_w_id","order_line.ol_d_id","order_line.ol_i_id"],"Filter":"(order_line.ol_delivery_d >= '1992-01-02 20:10:02.27764'::timestamp without time zone)","Rows Removed by Filter":0,"Shared Hit Blocks":0,"Shared Read Blocks":0,"Shared Dirtied Blocks":0,"Shared Written Blocks":0,"Local Hit Blocks":0,"Local Read Blocks":0,"Local Dirtied Blocks":0,"Local Written Blocks":0,"Temp Read Blocks":0,"Temp Written Blocks":0,"I/O Read Time":0.0,"I/O Write Time":0.0,"Temp I/O Read Time":0.0,"Temp I/O Write Time":0.0}]},{"Node Type":"Hash","Parent Relationship":"Inner","Parallel Aware":false,"Async Capable":false,"Startup Cost":195025.67,"Total Cost":195025.67,"Plan Rows":10000162,"Plan Width":6,"Actual Rows":10000000,"Actual Loops":1,"Output":["stock.s_w_id","stock.s_i_id"],"Shared Hit Blocks":0,"Shared Read Blocks":0,"Shared Dirtied Blocks":0,"Shared Written Blocks":0,"Local Hit Blocks":0,"Local Read Blocks":0,"Local Dirtied Blocks":0,"Local Written Blocks":0,"Temp Read Blocks":0,"Temp Written Blocks":0,"I/O Read Time":0.0,"I/O Write Time":0.0,"Temp I/O Read Time":0.0,"Temp I/O Write Time":0.0,"Plans":[{"Node Type":"Append","Parent Relationship":"Outer","Parallel Aware":false,"Async Capable":false,"Startup Cost":20.0,"Total Cost":195025.67,"Plan Rows":10000162,"Plan Width":6,"Actual Startup Time":0.211,"Actual Total Time":0.213,"Actual Rows":10000000,"Actual Loops":1,"Shared Hit Blocks":0,"Shared Read Blocks":0,"Shared Dirtied Blocks":0,"Shared Written Blocks":0,"Local Hit Blocks":0,"Local Read Blocks":0,"Local Dirtied Blocks":0,"Local Written Blocks":0,"Temp Read Blocks":0,"Temp Written Blocks":0,"I/O Read Time":0.0,"I/O Write Time":0.0,"Temp I/O Read Time":0.0,"Temp I/O Write Time":0.0,"Subplans Removed":0,"Plans":[{"Node Type":"Custom Scan","Parent Relationship":"Member","Custom Plan Provider":"columnar scan","Parallel Aware":false,"Async Capable":false,"Relation Name":"stock","Schema":"public","Alias":"stock","Startup Cost":20.0,"Total Cost":195020.05,"Plan Rows":10000000,"Plan Width":6,"Actual Startup Time":0.21,"Actual Total Time":0.21,"Actual Rows":10000000,"Actual Loops":1,"Output":["stock.s_w_id","stock.s_i_id"],"Rows Removed by Columnar Filter":0,"Columnar cache search mode":"native","Shared Hit Blocks":0,"Shared Read Blocks":0,"Shared Dirtied Blocks":0,"Shared Written Blocks":0,"Local Hit Blocks":0,"Local Read Blocks":0,"Local Dirtied Blocks":0,"Local Written Blocks":0,"Temp Read Blocks":0,"Temp Written Blocks":0,"I/O Read Time":0.0,"I/O Write Time":0.0,"Temp I/O Read Time":0.0,"Temp I/O Write Time":0.0},{"Node Type":"Seq Scan","Parent Relationship":"Member","Parallel Aware":false,"Async Capable":false,"Relation Name":"stock","Schema":"public","Alias":"stock","Startup Cost":0.0,"Total Cost":5.62,"Plan Rows":162,"Plan Width":6,"Actual Startup Time":0.0,"Actual Total Time":0.0,"Actual Rows":0,"Actual Loops":0,"Output":["stock.s_w_id","stock.s_i_id"],"Shared Hit Blocks":0,"Shared Read Blocks":0,"Shared Dirtied Blocks":0,"Shared Written Blocks":0,"Local Hit Blocks":0,"Local Read Blocks":0,"Local Dirtied Blocks":0,"Local Written Blocks":0,"Temp Read Blocks":0,"Temp Written Blocks":0,"I/O Read Time":0.0,"I/O Write Time":0.0,"Temp I/O Read Time":0.0,"Temp I/O Write Time":0.0}]}]}]},{"Node Type":"Hash","Parent Relationship":"Inner","Parallel Aware":false,"Async Capable":false,"Startup Cost":279.02,"Total Cost":279.02,"Plan Rows":2000,"Plan Width":20,"Actual Startup Time":2.445,"Actual Total Time":2.458,"Actual Rows":3506,"Actual Loops":1,"Output":["supplier.su_suppkey","supplier.su_nationkey","nation.n_name","nation.n_nationkey"],"Hash Buckets":4096,"Original Hash Buckets":2048,"Hash Batches":1,"Original Hash Batches":1,"Peak Memory Usage":217,"Shared Hit Blocks":2,"Shared Read Blocks":0,"Shared Dirtied Blocks":0,"Shared Written Blocks":0,"Local Hit Blocks":0,"Local Read Blocks":0,"Local Dirtied Blocks":0,"Local Written Blocks":0,"Temp Read Blocks":0,"Temp Written Blocks":0,"I/O Read Time":0.0,"I/O Write Time":0.0,"Temp I/O Read Time":0.0,"Temp I/O Write Time":0.0,"Plans":[{"Node Type":"Hash Join","Parent Relationship":"Outer","Parallel Aware":false,"Async Capable":false,"Join Type":"Inner","Startup Cost":23.14,"Total Cost":279.02,"Plan Rows":2000,"Plan Width":20,"Actual Startup Time":0.476,"Actual Total Time":1.877,"Actual Rows":3506,"Actual Loops":1,"Output":["supplier.su_suppkey","supplier.su_nationkey","nation.n_name","nation.n_nationkey"],"Hash Cond":"(supplier.su_nationkey = nation.n_nationkey)","Shared Hit Blocks":2,"Shared Read Blocks":0,"Shared Dirtied Blocks":0,"Shared Written Blocks":0,"Local Hit Blocks":0,"Local Read Blocks":0,"Local Dirtied Blocks":0,"Local Written Blocks":0,"Temp Read Blocks":0,"Temp Written Blocks":0,"I/O Read Time":0.0,"I/O Write Time":0.0,"Temp I/O Read Time":0.0,"Temp I/O Write Time":0.0,"Plans":[{"Node Type":"Append","Parent Relationship":"Outer","Parallel Aware":false,"Async Capable":false,"Startup Cost":20.0,"Total Cost":219.01,"Plan Rows":10001,"Plan Width":8,"Actual Startup Time":0.094,"Actual Total Time":0.847,"Actual Rows":3506,"Actual Loops":1,"Shared Hit Blocks":0,"Shared Read Blocks":0,"Shared Dirtied Blocks":0,"Shared Written Blocks":0,"Local Hit Blocks":0,"Local Read Blocks":0,"Local Dirtied Blocks":0,"Local Written Blocks":0,"Temp Read Blocks":0,"Temp Written Blocks":0,"I/O Read Time":0.0,"I/O Write Time":0.0,"Temp I/O Read Time":0.0,"Temp I/O Write Time":0.0,"Subplans Removed":0,"Plans":[{"Node Type":"Custom Scan","Parent Relationship":"Member","Custom Plan Provider":"columnar scan","Parallel Aware":false,"Async Capable":false,"Relation Name":"supplier","Schema":"public","Alias":"supplier","Startup Cost":20.0,"Total Cost":215.0,"Plan Rows":10000,"Plan Width":8,"Actual Startup Time":0.094,"Actual Total Time":0.59,"Actual Rows":3506,"Actual Loops":1,"Output":["supplier.su_suppkey","supplier.su_nationkey"],"Rows Removed by Columnar Filter":6494,"Rows Filtered by Bloom Filter":0,"Dictionary Rows Filtered by Bloom Filter":6494,"Columnar cache search mode":"native","Shared Hit Blocks":0,"Shared Read Blocks":0,"Shared Dirtied Blocks":0,"Shared Written Blocks":0,"Local Hit Blocks":0,"Local Read Blocks":0,"Local Dirtied Blocks":0,"Local Written Blocks":0,"Temp Read Blocks":0,"Temp Written Blocks":0,"I/O Read Time":0.0,"I/O Write Time":0.0,"Temp I/O Read Time":0.0,"Temp I/O Write Time":0.0},{"Node Type":"Seq Scan","Parent Relationship":"Member","Parallel Aware":false,"Async Capable":false,"Relation Name":"supplier","Schema":"public","Alias":"supplier","Startup Cost":0.0,"Total Cost":4.01,"Plan Rows":1,"Plan Width":8,"Actual Startup Time":0.0,"Actual Total Time":0.0,"Actual Rows":0,"Actual Loops":0,"Output":["supplier.su_suppkey","supplier.su_nationkey"],"Shared Hit Blocks":0,"Shared Read Blocks":0,"Shared Dirtied Blocks":0,"Shared Written Blocks":0,"Local Hit Blocks":0,"Local Read Blocks":0,"Local Dirtied Blocks":0,"Local Written Blocks":0,"Temp Read Blocks":0,"Temp Written Blocks":0,"I/O Read Time":0.0,"I/O Write Time":0.0,"Temp I/O Read Time":0.0,"Temp I/O Write Time":0.0}]},{"Node Type":"Hash","Parent Relationship":"Inner","Parallel Aware":false,"Async Capable":false,"Startup Cost":2.99,"Total Cost":2.99,"Plan Rows":12,"Plan Width":12,"Actual Startup Time":0.054,"Actual Total Time":0.06,"Actual Rows":22,"Actual Loops":1,"Output":["nation.n_name","nation.n_nationkey"],"Hash Buckets":1024,"Original Hash Buckets":1024,"Hash Batches":1,"Original Hash Batches":1,"Peak Memory Usage":9,"Shared Hit Blocks":2,"Shared Read Blocks":0,"Shared Dirtied Blocks":0,"Shared Written Blocks":0,"Local Hit Blocks":0,"Local Read Blocks":0,"Local Dirtied Blocks":0,"Local Written Blocks":0,"Temp Read Blocks":0,"Temp Written Blocks":0,"I/O Read Time":0.0,"I/O Write Time":0.0,"Temp I/O Read Time":0.0,"Temp I/O Write Time":0.0,"Plans":[{"Node Type":"Hash Join","Parent Relationship":"Outer","Parallel Aware":false,"Async Capable":false,"Join Type":"Inner","Startup Cost":1.07,"Total Cost":2.99,"Plan Rows":12,"Plan Width":12,"Actual Startup Time":0.034,"Actual Total Time":0.051,"Actual Rows":22,"Actual Loops":1,"Output":["nation.n_name","nation.n_nationkey"],"Hash Cond":"(nation.n_regionkey = region.r_regionkey)","Shared Hit Blocks":2,"Shared Read Blocks":0,"Shared Dirtied Blocks":0,"Shared Written Blocks":0,"Local Hit Blocks":0,"Local Read Blocks":0,"Local Dirtied Blocks":0,"Local Written Blocks":0,"Temp Read Blocks":0,"Temp Written Blocks":0,"I/O Read Time":0.0,"I/O Write Time":0.0,"Temp I/O Read Time":0.0,"Temp I/O Write Time":0.0,"Plans":[{"Node Type":"Seq Scan","Parent Relationship":"Outer","Parallel Aware":false,"Async Capable":false,"Relation Name":"nation","Schema":"public","Alias":"nation","Startup Cost":0.0,"Total Cost":1.62,"Plan Rows":62,"Plan Width":16,"Actual Startup Time":0.011,"Actual Total Time":0.015,"Actual Rows":62,"Actual Loops":1,"Output":["nation.n_nationkey","nation.n_name","nation.n_regionkey","nation.n_comment"],"Shared Hit Blocks":1,"Shared Read Blocks":0,"Shared Dirtied Blocks":0,"Shared Written Blocks":0,"Local Hit Blocks":0,"Local Read Blocks":0,"Local Dirtied Blocks":0,"Local Written Blocks":0,"Temp Read Blocks":0,"Temp Written Blocks":0,"I/O Read Time":0.0,"I/O Write Time":0.0,"Temp I/O Read Time":0.0,"Temp I/O Write Time":0.0},{"Node Type":"Hash","Parent Relationship":"Inner","Parallel Aware":false,"Async Capable":false,"Startup Cost":1.06,"Total Cost":1.06,"Plan Rows":1,"Plan Width":4,"Actual Startup Time":0.01,"Actual Total Time":0.013,"Actual Rows":1,"Actual Loops":1,"Output":["region.r_regionkey"],"Hash Buckets":1024,"Original Hash Buckets":1024,"Hash Batches":1,"Original Hash Batches":1,"Peak Memory Usage":9,"Shared Hit Blocks":1,"Shared Read Blocks":0,"Shared Dirtied Blocks":0,"Shared Written Blocks":0,"Local Hit Blocks":0,"Local Read Blocks":0,"Local Dirtied Blocks":0,"Local Written Blocks":0,"Temp Read Blocks":0,"Temp Written Blocks":0,"I/O Read Time":0.0,"I/O Write Time":0.0,"Temp I/O Read Time":0.0,"Temp I/O Write Time":0.0,"Plans":[{"Node Type":"Seq Scan","Parent Relationship":"Outer","Parallel Aware":false,"Async Capable":false,"Relation Name":"region","Schema":"public","Alias":"region","Startup Cost":0.0,"Total Cost":1.06,"Plan Rows":1,"Plan Width":4,"Actual Startup Time":0.008,"Actual Total Time":0.009,"Actual Rows":1,"Actual Loops":1,"Output":["region.r_regionkey"],"Filter":"((region.r_name)::text = 'Europe'::text)","Rows Removed by Filter":4,"Shared Hit Blocks":1,"Shared Read Blocks":0,"Shared Dirtied Blocks":0,"Shared Written Blocks":0,"Local Hit Blocks":0,"Local Read Blocks":0,"Local Dirtied Blocks":0,"Local Written Blocks":0,"Temp Read Blocks":0,"Temp Written Blocks":0,"I/O Read Time":0.0,"I/O Write Time":0.0,"Temp I/O Read Time":0.0,"Temp I/O Write Time":0.0}]}]}]}]}]}]},{"Node Type":"Hash","Parent Relationship":"Inner","Parallel Aware":false,"Async Capable":false,"Startup Cost":65744.12,"Total Cost":65744.12,"Plan Rows":426549,"Plan Width":16,"Actual Startup Time":208.687,"Actual Total Time":208.689,"Actual Rows":428399,"Actual Loops":1,"Output":["orders.o_c_id","orders.o_w_id","orders.o_d_id","orders.o_id"],"Hash Buckets":262144,"Original Hash Buckets":262144,"Hash Batches":4,"Original Hash Batches":4,"Peak Memory Usage":7080,"Shared Hit Blocks":0,"Shared Read Blocks":0,"Shared Dirtied Blocks":0,"Shared Written Blocks":0,"Local Hit Blocks":0,"Local Read Blocks":0,"Local Dirtied Blocks":0,"Local Written Blocks":0,"Temp Read Blocks":0,"Temp Written Blocks":1410,"I/O Read Time":0.0,"I/O Write Time":0.0,"Temp I/O Read Time":0.0,"Temp I/O Write Time":5.694,"Plans":[{"Node Type":"Append","Parent Relationship":"Outer","Parallel Aware":false,"Async Capable":false,"Startup Cost":20.0,"Total Cost":65744.12,"Plan Rows":426549,"Plan Width":16,"Actual Startup Time":0.509,"Actual Total Time":105.064,"Actual Rows":428399,"Actual Loops":1,"Shared Hit Blocks":0,"Shared Read Blocks":0,"Shared Dirtied Blocks":0,"Shared Written Blocks":0,"Local Hit Blocks":0,"Local Read Blocks":0,"Local Dirtied Blocks":0,"Local Written Blocks":0,"Temp Read Blocks":0,"Temp Written Blocks":0,"I/O Read Time":0.0,"I/O Write Time":0.0,"Temp I/O Read Time":0.0,"Temp I/O Write Time":0.0,"Subplans Removed":0,"Plans":[{"Node Type":"Custom Scan","Parent Relationship":"Member","Custom Plan Provider":"columnar scan","Parallel Aware":false,"Async Capable":false,"Relation Name":"orders","Schema":"public","Alias":"orders","Startup Cost":20.0,"Total Cost":10043.96,"Plan Rows":426548,"Plan Width":16,"Actual Startup Time":0.507,"Actual Total Time":74.796,"Actual Rows":428399,"Actual Loops":1,"Output":["orders.o_c_id","orders.o_w_id","orders.o_d_id","orders.o_id"],"Filter":"((orders.o_entry_d < '1994-01-02 20:10:02.27764'::timestamp without time zone) AND (orders.o_entry_d >= '1993-01-02 20:10:02.27764'::timestamp without time zone))","Rows Removed by Filter":0,"Rows Removed by Columnar Filter":2571601,"Columnar cache search mode":"native","Shared Hit Blocks":0,"Shared Read Blocks":0,"Shared Dirtied Blocks":0,"Shared Written Blocks":0,"Local Hit Blocks":0,"Local Read Blocks":0,"Local Dirtied Blocks":0,"Local Written Blocks":0,"Temp Read Blocks":0,"Temp Written Blocks":0,"I/O Read Time":0.0,"I/O Write Time":0.0,"Temp I/O Read Time":0.0,"Temp I/O Write Time":0.0},{"Node Type":"Seq Scan","Parent Relationship":"Member","Parallel Aware":false,"Async Capable":false,"Relation Name":"orders","Schema":"public","Alias":"orders","Startup Cost":0.0,"Total Cost":4.01,"Plan Rows":1,"Plan Width":16,"Actual Startup Time":0.0,"Actual Total Time":0.0,"Actual Rows":0,"Actual Loops":0,"Output":["orders.o_c_id","orders.o_w_id","orders.o_d_id","orders.o_id"],"Filter":"((orders.o_entry_d < '1994-01-02 20:10:02.27764'::timestamp without time zone) AND (orders.o_entry_d >= '1993-01-02 20:10:02.27764'::timestamp without time zone))","Rows Removed by Filter":0,"Shared Hit Blocks":0,"Shared Read Blocks":0,"Shared Dirtied Blocks":0,"Shared Written Blocks":0,"Local Hit Blocks":0,"Local Read Blocks":0,"Local Dirtied Blocks":0,"Local Written Blocks":0,"Temp Read Blocks":0,"Temp Written Blocks":0,"I/O Read Time":0.0,"I/O Write Time":0.0,"Temp I/O Read Time":0.0,"Temp I/O Write Time":0.0}]}]}]},{"Node Type":"Hash","Parent Relationship":"Inner","Parallel Aware":false,"Async Capable":false,"Startup Cost":259601.38,"Total Cost":259601.38,"Plan Rows":2999738,"Plan Width":12,"Actual Startup Time":1209.109,"Actual Total Time":1209.11,"Actual Rows":3000000,"Actual Loops":1,"Output":["customer.c_id","customer.c_w_id","customer.c_d_id","customer.c_nationkey"],"Hash Buckets":262144,"Original Hash Buckets":262144,"Hash Batches":32,"Original Hash Batches":32,"Peak Memory Usage":6058,"Shared Hit Blocks":229604,"Shared Read Blocks":0,"Shared Dirtied Blocks":0,"Shared Written Blocks":0,"Local Hit Blocks":0,"Local Read Blocks":0,"Local Dirtied Blocks":0,"Local Written Blocks":0,"Temp Read Blocks":0,"Temp Written Blocks":11339,"I/O Read Time":0.0,"I/O Write Time":0.0,"Temp I/O Read Time":0.0,"Temp I/O Write Time":54.188,"Plans":[{"Node Type":"Seq Scan","Parent Relationship":"Outer","Parallel Aware":false,"Async Capable":false,"Relation Name":"customer","Schema":"public","Alias":"customer","Startup Cost":0.0,"Total Cost":259601.38,"Plan Rows":2999738,"Plan Width":12,"Actual Startup Time":0.028,"Actual Total Time":679.34,"Actual Rows":3000000,"Actual Loops":1,"Output":["customer.c_id","customer.c_w_id","customer.c_d_id","customer.c_nationkey"],"Shared Hit Blocks":229604,"Shared Read Blocks":0,"Shared Dirtied Blocks":0,"Shared Written Blocks":0,"Local Hit Blocks":0,"Local Read Blocks":0,"Local Dirtied Blocks":0,"Local Written Blocks":0,"Temp Read Blocks":0,"Temp Written Blocks":0,"I/O Read Time":0.0,"I/O Write Time":0.0,"Temp I/O Read Time":0.0,"Temp I/O Write Time":0.0}]}]}]}]}]},"Planning":{"Shared Hit Blocks":16,"Shared Read Blocks":0,"Shared Dirtied Blocks":0,"Shared Written Blocks":0,"Local Hit Blocks":0,"Local Read Blocks":0,"Local Dirtied Blocks":0,"Local Written Blocks":0,"Temp Read Blocks":0,"Temp Written Blocks":0,"I/O Read Time":0.0,"I/O Write Time":0.0,"Temp I/O Read Time":0.0,"Temp I/O Write Time":0.0},"Planning Time":5.222,"Triggers":[],"Execution Time":5401.867}]
[列存组合]: customer, nation, order_line, orders, region, stock
[{"Plan":{"Node Type":"Sort","Parallel Aware":false,"Async Capable":false,"Startup Cost":1193700.02,"Total Cost":1193700.17,"Plan Rows":62,"Plan Width":40,"Actual Startup Time":5376.795,"Actual Total Time":5376.833,"Actual Rows":11,"Actual Loops":1,"Output":["nation.n_name","(sum(order_line.ol_amount))"],"Sort Key":["(sum(order_line.ol_amount)) DESC"],"Sort Method":"quicksort","Sort Space Used":25,"Sort Space Type":"Memory","Shared Hit Blocks":219,"Shared Read Blocks":0,"Shared Dirtied Blocks":0,"Shared Written Blocks":0,"Local Hit Blocks":0,"Local Read Blocks":0,"Local Dirtied Blocks":0,"Local Written Blocks":0,"Temp Read Blocks":31471,"Temp Written Blocks":31471,"I/O Read Time":0.0,"I/O Write Time":0.0,"Temp I/O Read Time":51.732,"Temp I/O Write Time":142.223,"Plans":[{"Node Type":"Aggregate","Strategy":"Sorted","Partial Mode":"Simple","Parent Relationship":"Outer","Parallel Aware":false,"Async Capable":false,"Startup Cost":1193624.23,"Total Cost":1193698.17,"Plan Rows":62,"Plan Width":40,"Actual Startup Time":5373.922,"Actual Total Time":5376.815,"Actual Rows":11,"Actual Loops":1,"Output":["nation.n_name","sum(order_line.ol_amount)"],"Group Key":["nation.n_name"],"Shared Hit Blocks":219,"Shared Read Blocks":0,"Shared Dirtied Blocks":0,"Shared Written Blocks":0,"Local Hit Blocks":0,"Local Read Blocks":0,"Local Dirtied Blocks":0,"Local Written Blocks":0,"Temp Read Blocks":31471,"Temp Written Blocks":31471,"I/O Read Time":0.0,"I/O Write Time":0.0,"Temp I/O Read Time":51.732,"Temp I/O Write Time":142.223,"Plans":[{"Node Type":"Sort","Parent Relationship":"Outer","Parallel Aware":false,"Async Capable":false,"Startup Cost":1193624.23,"Total Cost":1193648.62,"Plan Rows":9755,"Plan Width":12,"Actual Startup Time":5373.706,"Actual Total Time":5374.509,"Actual Rows":17493,"Actual Loops":1,"Output":["nation.n_name","order_line.ol_amount"],"Sort Key":["nation.n_name"],"Sort Method":"quicksort","Sort Space Used":1725,"Sort Space Type":"Memory","Shared Hit Blocks":219,"Shared Read Blocks":0,"Shared Dirtied Blocks":0,"Shared Written Blocks":0,"Local Hit Blocks":0,"Local Read Blocks":0,"Local Dirtied Blocks":0,"Local Written Blocks":0,"Temp Read Blocks":31471,"Temp Written Blocks":31471,"I/O Read Time":0.0,"I/O Write Time":0.0,"Temp I/O Read Time":51.732,"Temp I/O Write Time":142.223,"Plans":[{"Node Type":"Hash Join","Parent Relationship":"Outer","Parallel Aware":false,"Async Capable":false,"Join Type":"Inner","Startup Cost":434170.67,"Total Cost":1192977.87,"Plan Rows":9755,"Plan Width":12,"Actual Startup Time":2218.168,"Actual Total Time":5365.153,"Actual Rows":17493,"Actual Loops":1,"Output":["nation.n_name","order_line.ol_amount"],"Hash Cond":"((orders.o_c_id = customer.c_id) AND (orders.o_w_id = customer.c_w_id) AND (orders.o_d_id = customer.c_d_id) AND (supplier.su_nationkey = customer.c_nationkey))","Shared Hit Blocks":219,"Shared Read Blocks":0,"Shared Dirtied Blocks":0,"Shared Written Blocks":0,"Local Hit Blocks":0,"Local Read Blocks":0,"Local Dirtied Blocks":0,"Local Written Blocks":0,"Temp Read Blocks":31471,"Temp Written Blocks":31471,"I/O Read Time":0.0,"I/O Write Time":0.0,"Temp I/O Read Time":51.732,"Temp I/O Write Time":142.223,"Plans":[{"Node Type":"Hash Join","Parent Relationship":"Outer","Parallel Aware":false,"Async Capable":false,"Join Type":"Inner","Startup Cost":105016.74,"Total Cost":833427.02,"Plan Rows":602754,"Plan Width":34,"Actual Startup Time":1004.93,"Actual Total Time":3353.161,"Actual Rows":1489124,"Actual Loops":1,"Output":["orders.o_c_id","orders.o_w_id","orders.o_d_id","order_line.ol_amount","order_line.ol_w_id","order_line.ol_d_id","stock.s_w_id","supplier.su_nationkey","nation.n_name","nation.n_nationkey"],"Hash Cond":"((order_line.ol_w_id = orders.o_w_id) AND (order_line.ol_d_id = orders.o_d_id) AND (order_line.ol_o_id = orders.o_id))","Shared Hit Blocks":219,"Shared Read Blocks":0,"Shared Dirtied Blocks":0,"Shared Written Blocks":0,"Local Hit Blocks":0,"Local Read Blocks":0,"Local Dirtied Blocks":0,"Local Written Blocks":0,"Temp Read Blocks":9894,"Temp Written Blocks":9894,"I/O Read Time":0.0,"I/O Write Time":0.0,"Temp I/O Read Time":16.579,"Temp I/O Write Time":44.157,"Plans":[{"Node Type":"Hash Join","Parent Relationship":"Outer","Parallel Aware":false,"Async Capable":false,"Join Type":"Inner","Startup Cost":29725.01,"Total Cost":656340.76,"Plan Rows":4242986,"Plan Width":34,"Actual Startup Time":792.916,"Actual Total Time":2416.531,"Actual Rows":1498118,"Actual Loops":1,"Output":["order_line.ol_amount","order_line.ol_o_id","order_line.ol_w_id","order_line.ol_d_id","stock.s_w_id","supplier.su_nationkey","nation.n_name","nation.n_nationkey"],"Hash Cond":"(mod((stock.s_w_id * stock.s_i_id), 10000) = supplier.su_suppkey)","Shared Hit Blocks":219,"Shared Read Blocks":0,"Shared Dirtied Blocks":0,"Shared Written Blocks":0,"Local Hit Blocks":0,"Local Read Blocks":0,"Local Dirtied Blocks":0,"Local Written Blocks":0,"Temp Read Blocks":0,"Temp Written Blocks":0,"I/O Read Time":0.0,"I/O Write Time":0.0,"Temp I/O Read Time":0.0,"Temp I/O Write Time":0.0,"Plans":[{"Node Type":"Hash Join","Parent Relationship":"Outer","Parallel Aware":false,"Async Capable":false,"Join Type":"Inner","Startup Cost":29323.02,"Total Cost":480915.59,"Plan Rows":21214932,"Plan Width":22,"Actual Startup Time":790.036,"Actual Total Time":1739.857,"Actual Rows":4311079,"Actual Loops":1,"Output":["order_line.ol_amount","order_line.ol_o_id","order_line.ol_w_id","order_line.ol_d_id","stock.s_w_id","stock.s_i_id"],"Hash Cond":"((order_line.ol_w_id = stock.s_w_id) AND (order_line.ol_i_id = stock.s_i_id))","Rows Removed by Bloom Filter":0,"Shared Hit Blocks":0,"Shared Read Blocks":0,"Shared Dirtied Blocks":0,"Shared Written Blocks":0,"Local Hit Blocks":0,"Local Read Blocks":0,"Local Dirtied Blocks":0,"Local Written Blocks":0,"Temp Read Blocks":0,"Temp Written Blocks":0,"I/O Read Time":0.0,"I/O Write Time":0.0,"Temp I/O Read Time":0.0,"Temp I/O Write Time":0.0,"Plans":[{"Node Type":"Append","Parent Relationship":"Outer","Parallel Aware":false,"Async Capable":false,"Startup Cost":20.0,"Total Cost":533646.5,"Plan Rows":20926367,"Plan Width":20,"Actual Startup Time":124.474,"Actual Total Time":124.481,"Actual Rows":4311079,"Actual Loops":1,"Shared Hit Blocks":0,"Shared Read Blocks":0,"Shared Dirtied Blocks":0,"Shared Written Blocks":0,"Local Hit Blocks":0,"Local Read Blocks":0,"Local Dirtied Blocks":0,"Local Written Blocks":0,"Temp Read Blocks":0,"Temp Written Blocks":0,"I/O Read Time":0.0,"I/O Write Time":0.0,"Temp I/O Read Time":0.0,"Temp I/O Write Time":0.0,"Subplans Removed":0,"Plans":[{"Node Type":"Custom Scan","Parent Relationship":"Member","Custom Plan Provider":"columnar scan","Parallel Aware":false,"Async Capable":false,"Relation Name":"order_line","Schema":"public","Alias":"order_line","Startup Cost":20.0,"Total Cost":533641.75,"Plan Rows":20926325,"Plan Width":20,"Actual Startup Time":124.472,"Actual Total Time":124.474,"Actual Rows":4311079,"Actual Loops":1,"Output":["order_line.ol_amount","order_line.ol_o_id","order_line.ol_w_id","order_line.ol_d_id","order_line.ol_i_id"],"Filter":"(order_line.ol_delivery_d >= '1992-01-02 20:10:02.27764'::timestamp without time zone)","Rows Removed by Filter":0,"Rows Removed by Columnar Filter":25686653,"Rows Filtered by Bloom Filter":0,"Dictionary Rows Filtered by Bloom Filter":25686653,"Columnar cache search mode":"native","Shared Hit Blocks":0,"Shared Read Blocks":0,"Shared Dirtied Blocks":0,"Shared Written Blocks":0,"Local Hit Blocks":0,"Local Read Blocks":0,"Local Dirtied Blocks":0,"Local Written Blocks":0,"Temp Read Blocks":0,"Temp Written Blocks":0,"I/O Read Time":0.0,"I/O Write Time":0.0,"Temp I/O Read Time":0.0,"Temp I/O Write Time":0.0},{"Node Type":"Seq Scan","Parent Relationship":"Member","Parallel Aware":false,"Async Capable":false,"Relation Name":"order_line","Schema":"public","Alias":"order_line","Startup Cost":0.0,"Total Cost":4.75,"Plan Rows":42,"Plan Width":20,"Actual Startup Time":0.0,"Actual Total Time":0.0,"Actual Rows":0,"Actual Loops":0,"Output":["order_line.ol_amount","order_line.ol_o_id","order_line.ol_w_id","order_line.ol_d_id","order_line.ol_i_id"],"Filter":"(order_line.ol_delivery_d >= '1992-01-02 20:10:02.27764'::timestamp without time zone)","Rows Removed by Filter":0,"Shared Hit Blocks":0,"Shared Read Blocks":0,"Shared Dirtied Blocks":0,"Shared Written Blocks":0,"Local Hit Blocks":0,"Local Read Blocks":0,"Local Dirtied Blocks":0,"Local Written Blocks":0,"Temp Read Blocks":0,"Temp Written Blocks":0,"I/O Read Time":0.0,"I/O Write Time":0.0,"Temp I/O Read Time":0.0,"Temp I/O Write Time":0.0}]},{"Node Type":"Hash","Parent Relationship":"Inner","Parallel Aware":false,"Async Capable":false,"Startup Cost":195025.67,"Total Cost":195025.67,"Plan Rows":10000162,"Plan Width":6,"Actual Rows":10000000,"Actual Loops":1,"Output":["stock.s_w_id","stock.s_i_id"],"Shared Hit Blocks":0,"Shared Read Blocks":0,"Shared Dirtied Blocks":0,"Shared Written Blocks":0,"Local Hit Blocks":0,"Local Read Blocks":0,"Local Dirtied Blocks":0,"Local Written Blocks":0,"Temp Read Blocks":0,"Temp Written Blocks":0,"I/O Read Time":0.0,"I/O Write Time":0.0,"Temp I/O Read Time":0.0,"Temp I/O Write Time":0.0,"Plans":[{"Node Type":"Append","Parent Relationship":"Outer","Parallel Aware":false,"Async Capable":false,"Startup Cost":20.0,"Total Cost":195025.67,"Plan Rows":10000162,"Plan Width":6,"Actual Startup Time":0.228,"Actual Total Time":0.23,"Actual Rows":10000000,"Actual Loops":1,"Shared Hit Blocks":0,"Shared Read Blocks":0,"Shared Dirtied Blocks":0,"Shared Written Blocks":0,"Local Hit Blocks":0,"Local Read Blocks":0,"Local Dirtied Blocks":0,"Local Written Blocks":0,"Temp Read Blocks":0,"Temp Written Blocks":0,"I/O Read Time":0.0,"I/O Write Time":0.0,"Temp I/O Read Time":0.0,"Temp I/O Write Time":0.0,"Subplans Removed":0,"Plans":[{"Node Type":"Custom Scan","Parent Relationship":"Member","Custom Plan Provider":"columnar scan","Parallel Aware":false,"Async Capable":false,"Relation Name":"stock","Schema":"public","Alias":"stock","Startup Cost":20.0,"Total Cost":195020.05,"Plan Rows":10000000,"Plan Width":6,"Actual Startup Time":0.227,"Actual Total Time":0.227,"Actual Rows":10000000,"Actual Loops":1,"Output":["stock.s_w_id","stock.s_i_id"],"Rows Removed by Columnar Filter":0,"Columnar cache search mode":"native","Shared Hit Blocks":0,"Shared Read Blocks":0,"Shared Dirtied Blocks":0,"Shared Written Blocks":0,"Local Hit Blocks":0,"Local Read Blocks":0,"Local Dirtied Blocks":0,"Local Written Blocks":0,"Temp Read Blocks":0,"Temp Written Blocks":0,"I/O Read Time":0.0,"I/O Write Time":0.0,"Temp I/O Read Time":0.0,"Temp I/O Write Time":0.0},{"Node Type":"Seq Scan","Parent Relationship":"Member","Parallel Aware":false,"Async Capable":false,"Relation Name":"stock","Schema":"public","Alias":"stock","Startup Cost":0.0,"Total Cost":5.62,"Plan Rows":162,"Plan Width":6,"Actual Startup Time":0.0,"Actual Total Time":0.0,"Actual Rows":0,"Actual Loops":0,"Output":["stock.s_w_id","stock.s_i_id"],"Shared Hit Blocks":0,"Shared Read Blocks":0,"Shared Dirtied Blocks":0,"Shared Written Blocks":0,"Local Hit Blocks":0,"Local Read Blocks":0,"Local Dirtied Blocks":0,"Local Written Blocks":0,"Temp Read Blocks":0,"Temp Written Blocks":0,"I/O Read Time":0.0,"I/O Write Time":0.0,"Temp I/O Read Time":0.0,"Temp I/O Write Time":0.0}]}]}]},{"Node Type":"Hash","Parent Relationship":"Inner","Parallel Aware":false,"Async Capable":false,"Startup Cost":376.99,"Total Cost":376.99,"Plan Rows":2000,"Plan Width":20,"Actual Startup Time":2.854,"Actual Total Time":2.866,"Actual Rows":3506,"Actual Loops":1,"Output":["supplier.su_suppkey","supplier.su_nationkey","nation.n_name","nation.n_nationkey"],"Hash Buckets":4096,"Original Hash Buckets":2048,"Hash Batches":1,"Original Hash Batches":1,"Peak Memory Usage":217,"Shared Hit Blocks":219,"Shared Read Blocks":0,"Shared Dirtied Blocks":0,"Shared Written Blocks":0,"Local Hit Blocks":0,"Local Read Blocks":0,"Local Dirtied Blocks":0,"Local Written Blocks":0,"Temp Read Blocks":0,"Temp Written Blocks":0,"I/O Read Time":0.0,"I/O Write Time":0.0,"Temp I/O Read Time":0.0,"Temp I/O Write Time":0.0,"Plans":[{"Node Type":"Hash Join","Parent Relationship":"Outer","Parallel Aware":false,"Async Capable":false,"Join Type":"Inner","Startup Cost":3.14,"Total Cost":376.99,"Plan Rows":2000,"Plan Width":20,"Actual Startup Time":0.064,"Actual Total Time":2.278,"Actual Rows":3506,"Actual Loops":1,"Output":["supplier.su_suppkey","supplier.su_nationkey","nation.n_name","nation.n_nationkey"],"Hash Cond":"(supplier.su_nationkey = nation.n_nationkey)","Shared Hit Blocks":219,"Shared Read Blocks":0,"Shared Dirtied Blocks":0,"Shared Written Blocks":0,"Local Hit Blocks":0,"Local Read Blocks":0,"Local Dirtied Blocks":0,"Local Written Blocks":0,"Temp Read Blocks":0,"Temp Written Blocks":0,"I/O Read Time":0.0,"I/O Write Time":0.0,"Temp I/O Read Time":0.0,"Temp I/O Write Time":0.0,"Plans":[{"Node Type":"Seq Scan","Parent Relationship":"Outer","Parallel Aware":false,"Async Capable":false,"Relation Name":"supplier","Schema":"public","Alias":"supplier","Startup Cost":0.0,"Total Cost":317.0,"Plan Rows":10000,"Plan Width":8,"Actual Startup Time":0.012,"Actual Total Time":0.825,"Actual Rows":10000,"Actual Loops":1,"Output":["supplier.su_suppkey","supplier.su_name","supplier.su_address","supplier.su_nationkey","supplier.su_phone","supplier.su_acctbal","supplier.su_comment"],"Shared Hit Blocks":217,"Shared Read Blocks":0,"Shared Dirtied Blocks":0,"Shared Written Blocks":0,"Local Hit Blocks":0,"Local Read Blocks":0,"Local Dirtied Blocks":0,"Local Written Blocks":0,"Temp Read Blocks":0,"Temp Written Blocks":0,"I/O Read Time":0.0,"I/O Write Time":0.0,"Temp I/O Read Time":0.0,"Temp I/O Write Time":0.0},{"Node Type":"Hash","Parent Relationship":"Inner","Parallel Aware":false,"Async Capable":false,"Startup Cost":2.99,"Total Cost":2.99,"Plan Rows":12,"Plan Width":12,"Actual Startup Time":0.043,"Actual Total Time":0.05,"Actual Rows":22,"Actual Loops":1,"Output":["nation.n_name","nation.n_nationkey"],"Hash Buckets":1024,"Original Hash Buckets":1024,"Hash Batches":1,"Original Hash Batches":1,"Peak Memory Usage":9,"Shared Hit Blocks":2,"Shared Read Blocks":0,"Shared Dirtied Blocks":0,"Shared Written Blocks":0,"Local Hit Blocks":0,"Local Read Blocks":0,"Local Dirtied Blocks":0,"Local Written Blocks":0,"Temp Read Blocks":0,"Temp Written Blocks":0,"I/O Read Time":0.0,"I/O Write Time":0.0,"Temp I/O Read Time":0.0,"Temp I/O Write Time":0.0,"Plans":[{"Node Type":"Hash Join","Parent Relationship":"Outer","Parallel Aware":false,"Async Capable":false,"Join Type":"Inner","Startup Cost":1.07,"Total Cost":2.99,"Plan Rows":12,"Plan Width":12,"Actual Startup Time":0.027,"Actual Total Time":0.044,"Actual Rows":22,"Actual Loops":1,"Output":["nation.n_name","nation.n_nationkey"],"Hash Cond":"(nation.n_regionkey = region.r_regionkey)","Shared Hit Blocks":2,"Shared Read Blocks":0,"Shared Dirtied Blocks":0,"Shared Written Blocks":0,"Local Hit Blocks":0,"Local Read Blocks":0,"Local Dirtied Blocks":0,"Local Written Blocks":0,"Temp Read Blocks":0,"Temp Written Blocks":0,"I/O Read Time":0.0,"I/O Write Time":0.0,"Temp I/O Read Time":0.0,"Temp I/O Write Time":0.0,"Plans":[{"Node Type":"Seq Scan","Parent Relationship":"Outer","Parallel Aware":false,"Async Capable":false,"Relation Name":"nation","Schema":"public","Alias":"nation","Startup Cost":0.0,"Total Cost":1.62,"Plan Rows":62,"Plan Width":16,"Actual Startup Time":0.005,"Actual Total Time":0.008,"Actual Rows":62,"Actual Loops":1,"Output":["nation.n_nationkey","nation.n_name","nation.n_regionkey","nation.n_comment"],"Shared Hit Blocks":1,"Shared Read Blocks":0,"Shared Dirtied Blocks":0,"Shared Written Blocks":0,"Local Hit Blocks":0,"Local Read Blocks":0,"Local Dirtied Blocks":0,"Local Written Blocks":0,"Temp Read Blocks":0,"Temp Written Blocks":0,"I/O Read Time":0.0,"I/O Write Time":0.0,"Temp I/O Read Time":0.0,"Temp I/O Write Time":0.0},{"Node Type":"Hash","Parent Relationship":"Inner","Parallel Aware":false,"Async Capable":false,"Startup Cost":1.06,"Total Cost":1.06,"Plan Rows":1,"Plan Width":4,"Actual Startup Time":0.011,"Actual Total Time":0.015,"Actual Rows":1,"Actual Loops":1,"Output":["region.r_regionkey"],"Hash Buckets":1024,"Original Hash Buckets":1024,"Hash Batches":1,"Original Hash Batches":1,"Peak Memory Usage":9,"Shared Hit Blocks":1,"Shared Read Blocks":0,"Shared Dirtied Blocks":0,"Shared Written Blocks":0,"Local Hit Blocks":0,"Local Read Blocks":0,"Local Dirtied Blocks":0,"Local Written Blocks":0,"Temp Read Blocks":0,"Temp Written Blocks":0,"I/O Read Time":0.0,"I/O Write Time":0.0,"Temp I/O Read Time":0.0,"Temp I/O Write Time":0.0,"Plans":[{"Node Type":"Seq Scan","Parent Relationship":"Outer","Parallel Aware":false,"Async Capable":false,"Relation Name":"region","Schema":"public","Alias":"region","Startup Cost":0.0,"Total Cost":1.06,"Plan Rows":1,"Plan Width":4,"Actual Startup Time":0.008,"Actual Total Time":0.009,"Actual Rows":1,"Actual Loops":1,"Output":["region.r_regionkey"],"Filter":"((region.r_name)::text = 'Europe'::text)","Rows Removed by Filter":4,"Shared Hit Blocks":1,"Shared Read Blocks":0,"Shared Dirtied Blocks":0,"Shared Written Blocks":0,"Local Hit Blocks":0,"Local Read Blocks":0,"Local Dirtied Blocks":0,"Local Written Blocks":0,"Temp Read Blocks":0,"Temp Written Blocks":0,"I/O Read Time":0.0,"I/O Write Time":0.0,"Temp I/O Read Time":0.0,"Temp I/O Write Time":0.0}]}]}]}]}]}]},{"Node Type":"Hash","Parent Relationship":"Inner","Parallel Aware":false,"Async Capable":false,"Startup Cost":65744.12,"Total Cost":65744.12,"Plan Rows":426549,"Plan Width":16,"Actual Startup Time":210.623,"Actual Total Time":210.628,"Actual Rows":428399,"Actual Loops":1,"Output":["orders.o_c_id","orders.o_w_id","orders.o_d_id","orders.o_id"],"Hash Buckets":262144,"Original Hash Buckets":262144,"Hash Batches":4,"Original Hash Batches":4,"Peak Memory Usage":7080,"Shared Hit Blocks":0,"Shared Read Blocks":0,"Shared Dirtied Blocks":0,"Shared Written Blocks":0,"Local Hit Blocks":0,"Local Read Blocks":0,"Local Dirtied Blocks":0,"Local Written Blocks":0,"Temp Read Blocks":0,"Temp Written Blocks":1410,"I/O Read Time":0.0,"I/O Write Time":0.0,"Temp I/O Read Time":0.0,"Temp I/O Write Time":5.974,"Plans":[{"Node Type":"Append","Parent Relationship":"Outer","Parallel Aware":false,"Async Capable":false,"Startup Cost":20.0,"Total Cost":65744.12,"Plan Rows":426549,"Plan Width":16,"Actual Startup Time":0.52,"Actual Total Time":106.307,"Actual Rows":428399,"Actual Loops":1,"Shared Hit Blocks":0,"Shared Read Blocks":0,"Shared Dirtied Blocks":0,"Shared Written Blocks":0,"Local Hit Blocks":0,"Local Read Blocks":0,"Local Dirtied Blocks":0,"Local Written Blocks":0,"Temp Read Blocks":0,"Temp Written Blocks":0,"I/O Read Time":0.0,"I/O Write Time":0.0,"Temp I/O Read Time":0.0,"Temp I/O Write Time":0.0,"Subplans Removed":0,"Plans":[{"Node Type":"Custom Scan","Parent Relationship":"Member","Custom Plan Provider":"columnar scan","Parallel Aware":false,"Async Capable":false,"Relation Name":"orders","Schema":"public","Alias":"orders","Startup Cost":20.0,"Total Cost":10043.96,"Plan Rows":426548,"Plan Width":16,"Actual Startup Time":0.519,"Actual Total Time":74.502,"Actual Rows":428399,"Actual Loops":1,"Output":["orders.o_c_id","orders.o_w_id","orders.o_d_id","orders.o_id"],"Filter":"((orders.o_entry_d < '1994-01-02 20:10:02.27764'::timestamp without time zone) AND (orders.o_entry_d >= '1993-01-02 20:10:02.27764'::timestamp without time zone))","Rows Removed by Filter":0,"Rows Removed by Columnar Filter":2571601,"Columnar cache search mode":"native","Shared Hit Blocks":0,"Shared Read Blocks":0,"Shared Dirtied Blocks":0,"Shared Written Blocks":0,"Local Hit Blocks":0,"Local Read Blocks":0,"Local Dirtied Blocks":0,"Local Written Blocks":0,"Temp Read Blocks":0,"Temp Written Blocks":0,"I/O Read Time":0.0,"I/O Write Time":0.0,"Temp I/O Read Time":0.0,"Temp I/O Write Time":0.0},{"Node Type":"Seq Scan","Parent Relationship":"Member","Parallel Aware":false,"Async Capable":false,"Relation Name":"orders","Schema":"public","Alias":"orders","Startup Cost":0.0,"Total Cost":4.01,"Plan Rows":1,"Plan Width":16,"Actual Startup Time":0.0,"Actual Total Time":0.0,"Actual Rows":0,"Actual Loops":0,"Output":["orders.o_c_id","orders.o_w_id","orders.o_d_id","orders.o_id"],"Filter":"((orders.o_entry_d < '1994-01-02 20:10:02.27764'::timestamp without time zone) AND (orders.o_entry_d >= '1993-01-02 20:10:02.27764'::timestamp without time zone))","Rows Removed by Filter":0,"Shared Hit Blocks":0,"Shared Read Blocks":0,"Shared Dirtied Blocks":0,"Shared Written Blocks":0,"Local Hit Blocks":0,"Local Read Blocks":0,"Local Dirtied Blocks":0,"Local Written Blocks":0,"Temp Read Blocks":0,"Temp Written Blocks":0,"I/O Read Time":0.0,"I/O Write Time":0.0,"Temp I/O Read Time":0.0,"Temp I/O Write Time":0.0}]}]}]},{"Node Type":"Hash","Parent Relationship":"Inner","Parallel Aware":false,"Async Capable":false,"Startup Cost":254511.16,"Total Cost":254511.16,"Plan Rows":2999739,"Plan Width":12,"Actual Startup Time":1204.098,"Actual Total Time":1204.1,"Actual Rows":3000000,"Actual Loops":1,"Output":["customer.c_id","customer.c_w_id","customer.c_d_id","customer.c_nationkey"],"Hash Buckets":262144,"Original Hash Buckets":262144,"Hash Batches":32,"Original Hash Batches":32,"Peak Memory Usage":6058,"Shared Hit Blocks":0,"Shared Read Blocks":0,"Shared Dirtied Blocks":0,"Shared Written Blocks":0,"Local Hit Blocks":0,"Local Read Blocks":0,"Local Dirtied Blocks":0,"Local Written Blocks":0,"Temp Read Blocks":0,"Temp Written Blocks":11339,"I/O Read Time":0.0,"I/O Write Time":0.0,"Temp I/O Read Time":0.0,"Temp I/O Write Time":51.216,"Plans":[{"Node Type":"Append","Parent Relationship":"Outer","Parallel Aware":false,"Async Capable":false,"Startup Cost":20.0,"Total Cost":254511.16,"Plan Rows":2999739,"Plan Width":12,"Actual Startup Time":0.041,"Actual Total Time":674.283,"Actual Rows":3000000,"Actual Loops":1,"Shared Hit Blocks":0,"Shared Read Blocks":0,"Shared Dirtied Blocks":0,"Shared Written Blocks":0,"Local Hit Blocks":0,"Local Read Blocks":0,"Local Dirtied Blocks":0,"Local Written Blocks":0,"Temp Read Blocks":0,"Temp Written Blocks":0,"I/O Read Time":0.0,"I/O Write Time":0.0,"Temp I/O Read Time":0.0,"Temp I/O Write Time":0.0,"Subplans Removed":0,"Plans":[{"Node Type":"Custom Scan","Parent Relationship":"Member","Custom Plan Provider":"columnar scan","Parallel Aware":false,"Async Capable":false,"Relation Name":"customer","Schema":"public","Alias":"customer","Startup Cost":20.0,"Total Cost":70513.87,"Plan Rows":2999738,"Plan Width":12,"Actual Startup Time":0.039,"Actual Total Time":449.304,"Actual Rows":3000000,"Actual Loops":1,"Output":["customer.c_id","customer.c_w_id","customer.c_d_id","customer.c_nationkey"],"Rows Removed by Columnar Filter":0,"Columnar cache search mode":"native","Shared Hit Blocks":0,"Shared Read Blocks":0,"Shared Dirtied Blocks":0,"Shared Written Blocks":0,"Local Hit Blocks":0,"Local Read Blocks":0,"Local Dirtied Blocks":0,"Local Written Blocks":0,"Temp Read Blocks":0,"Temp Written Blocks":0,"I/O Read Time":0.0,"I/O Write Time":0.0,"Temp I/O Read Time":0.0,"Temp I/O Write Time":0.0},{"Node Type":"Seq Scan","Parent Relationship":"Member","Parallel Aware":false,"Async Capable":false,"Relation Name":"customer","Schema":"public","Alias":"customer","Startup Cost":0.0,"Total Cost":4.01,"Plan Rows":1,"Plan Width":12,"Actual Startup Time":0.0,"Actual Total Time":0.0,"Actual Rows":0,"Actual Loops":0,"Output":["customer.c_id","customer.c_w_id","customer.c_d_id","customer.c_nationkey"],"Shared Hit Blocks":0,"Shared Read Blocks":0,"Shared Dirtied Blocks":0,"Shared Written Blocks":0,"Local Hit Blocks":0,"Local Read Blocks":0,"Local Dirtied Blocks":0,"Local Written Blocks":0,"Temp Read Blocks":0,"Temp Written Blocks":0,"I/O Read Time":0.0,"I/O Write Time":0.0,"Temp I/O Read Time":0.0,"Temp I/O Write Time":0.0}]}]}]}]}]}]},"Planning":{"Shared Hit Blocks":16,"Shared Read Blocks":0,"Shared Dirtied Blocks":0,"Shared Written Blocks":0,"Local Hit Blocks":0,"Local Read Blocks":0,"Local Dirtied Blocks":0,"Local Written Blocks":0,"Temp Read Blocks":0,"Temp Written Blocks":0,"I/O Read Time":0.0,"I/O Write Time":0.0,"Temp I/O Read Time":0.0,"Temp I/O Write Time":0.0},"Planning Time":5.848,"Triggers":[],"Execution Time":5377.76}]
[列存组合]: customer, nation, order_line, orders, region, supplier
[{"Plan":{"Node Type":"Sort","Parallel Aware":false,"Async Capable":false,"Startup Cost":1996645.19,"Total Cost":1996645.34,"Plan Rows":62,"Plan Width":40,"Actual Startup Time":10214.099,"Actual Total Time":10214.112,"Actual Rows":11,"Actual Loops":1,"Output":["nation.n_name","(sum(order_line.ol_amount))"],"Sort Key":["(sum(order_line.ol_amount)) DESC"],"Sort Method":"quicksort","Sort Space Used":25,"Sort Space Type":"Memory","Shared Hit Blocks":27340,"Shared Read Blocks":0,"Shared Dirtied Blocks":0,"Shared Written Blocks":0,"Local Hit Blocks":0,"Local Read Blocks":0,"Local Dirtied Blocks":0,"Local Written Blocks":0,"Temp Read Blocks":62236,"Temp Written Blocks":62263,"I/O Read Time":0.0,"I/O Write Time":0.0,"Temp I/O Read Time":102.944,"Temp I/O Write Time":249.53,"Plans":[{"Node Type":"Aggregate","Strategy":"Sorted","Partial Mode":"Simple","Parent Relationship":"Outer","Parallel Aware":false,"Async Capable":false,"Startup Cost":1996569.4,"Total Cost":1996643.34,"Plan Rows":62,"Plan Width":40,"Actual Startup Time":10211.195,"Actual Total Time":10214.1,"Actual Rows":11,"Actual Loops":1,"Output":["nation.n_name","sum(order_line.ol_amount)"],"Group Key":["nation.n_name"],"Shared Hit Blocks":27340,"Shared Read Blocks":0,"Shared Dirtied Blocks":0,"Shared Written Blocks":0,"Local Hit Blocks":0,"Local Read Blocks":0,"Local Dirtied Blocks":0,"Local Written Blocks":0,"Temp Read Blocks":62236,"Temp Written Blocks":62263,"I/O Read Time":0.0,"I/O Write Time":0.0,"Temp I/O Read Time":102.944,"Temp I/O Write Time":249.53,"Plans":[{"Node Type":"Sort","Parent Relationship":"Outer","Parallel Aware":false,"Async Capable":false,"Startup Cost":1996569.4,"Total Cost":1996593.79,"Plan Rows":9755,"Plan Width":12,"Actual Startup Time":10210.987,"Actual Total Time":10211.784,"Actual Rows":17493,"Actual Loops":1,"Output":["nation.n_name","order_line.ol_amount"],"Sort Key":["nation.n_name"],"Sort Method":"quicksort","Sort Space Used":1725,"Sort Space Type":"Memory","Shared Hit Blocks":27340,"Shared Read Blocks":0,"Shared Dirtied Blocks":0,"Shared Written Blocks":0,"Local Hit Blocks":0,"Local Read Blocks":0,"Local Dirtied Blocks":0,"Local Written Blocks":0,"Temp Read Blocks":62236,"Temp Written Blocks":62263,"I/O Read Time":0.0,"I/O Write Time":0.0,"Temp I/O Read Time":102.944,"Temp I/O Write Time":249.53,"Plans":[{"Node Type":"Hash Join","Parent Relationship":"Outer","Parallel Aware":false,"Async Capable":false,"Join Type":"Inner","Startup Cost":1672426.13,"Total Cost":1995923.04,"Plan Rows":9755,"Plan Width":12,"Actual Startup Time":8363.289,"Actual Total Time":10202.219,"Actual Rows":17493,"Actual Loops":1,"Output":["nation.n_name","order_line.ol_amount"],"Inner Unique":true,"Hash Cond":"((mod((stock.s_w_id * stock.s_i_id), 10000) = supplier.su_suppkey) AND (customer.c_nationkey = supplier.su_nationkey))","Shared Hit Blocks":27340,"Shared Read Blocks":0,"Shared Dirtied Blocks":0,"Shared Written Blocks":0,"Local Hit Blocks":0,"Local Read Blocks":0,"Local Dirtied Blocks":0,"Local Written Blocks":0,"Temp Read Blocks":62236,"Temp Written Blocks":62263,"I/O Read Time":0.0,"I/O Write Time":0.0,"Temp I/O Read Time":102.944,"Temp I/O Write Time":249.53,"Plans":[{"Node Type":"Merge Join","Parent Relationship":"Outer","Parallel Aware":false,"Async Capable":false,"Join Type":"Inner","Startup Cost":1672057.1,"Total Cost":1992238.88,"Plan Rows":602749,"Plan Width":26,"Actual Startup Time":8359.8,"Actual Total Time":10057.903,"Actual Rows":1109507,"Actual Loops":1,"Output":["customer.c_nationkey","order_line.ol_amount","stock.s_w_id","stock.s_i_id","nation.n_name","nation.n_nationkey"],"Inner Unique":true,"Merge Cond":"((customer.c_w_id = stock.s_w_id) AND (order_line.ol_i_id = stock.s_i_id))","Shared Hit Blocks":27340,"Shared Read Blocks":0,"Shared Dirtied Blocks":0,"Shared Written Blocks":0,"Local Hit Blocks":0,"Local Read Blocks":0,"Local Dirtied Blocks":0,"Local Written Blocks":0,"Temp Read Blocks":62236,"Temp Written Blocks":62263,"I/O Read Time":0.0,"I/O Write Time":0.0,"Temp I/O Read Time":102.944,"Temp I/O Write Time":249.53,"Plans":[{"Node Type":"Sort","Parent Relationship":"Outer","Parallel Aware":false,"Async Capable":false,"Startup Cost":1672056.67,"Total Cost":1673544.35,"Plan Rows":595073,"Plan Width":30,"Actual Startup Time":8359.759,"Actual Total Time":8539.258,"Actual Rows":1109507,"Actual Loops":1,"Output":["customer.c_w_id","customer.c_nationkey","orders.o_w_id","order_line.ol_amount","order_line.ol_w_id","order_line.ol_i_id","nation.n_name","nation.n_nationkey"],"Sort Key":["customer.c_w_id","order_line.ol_i_id"],"Sort Method":"external merge","Sort Space Used":47304,"Sort Space Type":"Disk","Shared Hit Blocks":2,"Shared Read Blocks":0,"Shared Dirtied Blocks":0,"Shared Written Blocks":0,"Local Hit Blocks":0,"Local Read Blocks":0,"Local Dirtied Blocks":0,"Local Written Blocks":0,"Temp Read Blocks":62236,"Temp Written Blocks":62263,"I/O Read Time":0.0,"I/O Write Time":0.0,"Temp I/O Read Time":102.944,"Temp I/O Write Time":249.53,"Plans":[{"Node Type":"Hash Join","Parent Relationship":"Outer","Parallel Aware":false,"Async Capable":false,"Join Type":"Inner","Startup Cost":396969.46,"Total Cost":1600743.11,"Plan Rows":595073,"Plan Width":30,"Actual Startup Time":1382.409,"Actual Total Time":6966.959,"Actual Rows":1109507,"Actual Loops":1,"Output":["customer.c_w_id","customer.c_nationkey","orders.o_w_id","order_line.ol_amount","order_line.ol_w_id","order_line.ol_i_id","nation.n_name","nation.n_nationkey"],"Inner Unique":false,"Hash Cond":"(customer.c_nationkey = nation.n_nationkey)","Shared Hit Blocks":2,"Shared Read Blocks":0,"Shared Dirtied Blocks":0,"Shared Written Blocks":0,"Local Hit Blocks":0,"Local Read Blocks":0,"Local Dirtied Blocks":0,"Local Written Blocks":0,"Temp Read Blocks":50419,"Temp Written Blocks":50419,"I/O Read Time":0.0,"I/O Write Time":0.0,"Temp I/O Read Time":84.674,"Temp I/O Write Time":217.696,"Plans":[{"Node Type":"Hash Join","Parent Relationship":"Outer","Parallel Aware":false,"Async Capable":false,"Join Type":"Inner","Startup Cost":396966.31,"Total Cost":1583823.58,"Plan Rows":2975367,"Plan Width":18,"Actual Startup Time":1375.316,"Actual Total Time":6546.547,"Actual Rows":4284922,"Actual Loops":1,"Output":["customer.c_w_id","customer.c_nationkey","orders.o_w_id","order_line.ol_amount","order_line.ol_w_id","order_line.ol_i_id"],"Inner Unique":true,"Hash Cond":"((orders.o_c_id = customer.c_id) AND (orders.o_w_id = customer.c_w_id) AND (orders.o_d_id = customer.c_d_id))","Shared Hit Blocks":0,"Shared Read Blocks":0,"Shared Dirtied Blocks":0,"Shared Written Blocks":0,"Local Hit Blocks":0,"Local Read Blocks":0,"Local Dirtied Blocks":0,"Local Written Blocks":0,"Temp Read Blocks":50419,"Temp Written Blocks":50419,"I/O Read Time":0.0,"I/O Write Time":0.0,"Temp I/O Read Time":84.674,"Temp I/O Write Time":217.696,"Plans":[{"Node Type":"Hash Join","Parent Relationship":"Outer","Parallel Aware":false,"Async Capable":false,"Join Type":"Inner","Startup Cost":75311.73,"Total Cost":1189221.96,"Plan Rows":2975367,"Plan Width":20,"Actual Startup Time":216.337,"Actual Total Time":3248.84,"Actual Rows":4284922,"Actual Loops":1,"Output":["orders.o_c_id","orders.o_w_id","orders.o_d_id","order_line.ol_amount","order_line.ol_w_id","order_line.ol_d_id","order_line.ol_i_id"],"Inner Unique":true,"Hash Cond":"((order_line.ol_w_id = orders.o_w_id) AND (order_line.ol_d_id = orders.o_d_id) AND (order_line.ol_o_id = orders.o_id))","Shared Hit Blocks":0,"Shared Read Blocks":0,"Shared Dirtied Blocks":0,"Shared Written Blocks":0,"Local Hit Blocks":0,"Local Read Blocks":0,"Local Dirtied Blocks":0,"Local Written Blocks":0,"Temp Read Blocks":18772,"Temp Written Blocks":18772,"I/O Read Time":0.0,"I/O Write Time":0.0,"Temp I/O Read Time":32.409,"Temp I/O Write Time":77.219,"Plans":[{"Node Type":"Append","Parent Relationship":"Outer","Parallel Aware":false,"Async Capable":false,"Startup Cost":20.0,"Total Cost":701820.0,"Plan Rows":20926367,"Plan Width":20,"Actual Startup Time":1.39,"Actual Total Time":1306.257,"Actual Rows":4311079,"Actual Loops":1,"Shared Hit Blocks":0,"Shared Read Blocks":0,"Shared Dirtied Blocks":0,"Shared Written Blocks":0,"Local Hit Blocks":0,"Local Read Blocks":0,"Local Dirtied Blocks":0,"Local Written Blocks":0,"Temp Read Blocks":0,"Temp Written Blocks":0,"I/O Read Time":0.0,"I/O Write Time":0.0,"Temp I/O Read Time":0.0,"Temp I/O Write Time":0.0,"Subplans Removed":0,"Plans":[{"Node Type":"Custom Scan","Parent Relationship":"Member","Custom Plan Provider":"columnar scan","Parallel Aware":false,"Async Capable":false,"Relation Name":"order_line","Schema":"public","Alias":"order_line","Startup Cost":20.0,"Total Cost":533641.75,"Plan Rows":20926325,"Plan Width":20,"Actual Startup Time":1.389,"Actual Total Time":997.359,"Actual Rows":4311079,"Actual Loops":1,"Output":["order_line.ol_amount","order_line.ol_o_id","order_line.ol_w_id","order_line.ol_d_id","order_line.ol_i_id"],"Filter":"(order_line.ol_delivery_d >= '1992-01-02 20:10:02.27764'::timestamp without time zone)","Rows Removed by Filter":0,"Rows Removed by Columnar Filter":25686653,"Rows Filtered by Bloom Filter":0,"Dictionary Rows Filtered by Bloom Filter":25686653,"Columnar cache search mode":"native","Shared Hit Blocks":0,"Shared Read Blocks":0,"Shared Dirtied Blocks":0,"Shared Written Blocks":0,"Local Hit Blocks":0,"Local Read Blocks":0,"Local Dirtied Blocks":0,"Local Written Blocks":0,"Temp Read Blocks":0,"Temp Written Blocks":0,"I/O Read Time":0.0,"I/O Write Time":0.0,"Temp I/O Read Time":0.0,"Temp I/O Write Time":0.0},{"Node Type":"Seq Scan","Parent Relationship":"Member","Parallel Aware":false,"Async Capable":false,"Relation Name":"order_line","Schema":"public","Alias":"order_line","Startup Cost":0.0,"Total Cost":4.75,"Plan Rows":42,"Plan Width":20,"Actual Startup Time":0.0,"Actual Total Time":0.0,"Actual Rows":0,"Actual Loops":0,"Output":["order_line.ol_amount","order_line.ol_o_id","order_line.ol_w_id","order_line.ol_d_id","order_line.ol_i_id"],"Filter":"(order_line.ol_delivery_d >= '1992-01-02 20:10:02.27764'::timestamp without time zone)","Rows Removed by Filter":0,"Shared Hit Blocks":0,"Shared Read Blocks":0,"Shared Dirtied Blocks":0,"Shared Written Blocks":0,"Local Hit Blocks":0,"Local Read Blocks":0,"Local Dirtied Blocks":0,"Local Written Blocks":0,"Temp Read Blocks":0,"Temp Written Blocks":0,"I/O Read Time":0.0,"I/O Write Time":0.0,"Temp I/O Read Time":0.0,"Temp I/O Write Time":0.0}]},{"Node Type":"Hash","Parent Relationship":"Inner","Parallel Aware":false,"Async Capable":false,"Startup Cost":65744.12,"Total Cost":65744.12,"Plan Rows":426549,"Plan Width":16,"Actual Startup Time":213.832,"Actual Total Time":213.833,"Actual Rows":428399,"Actual Loops":1,"Output":["orders.o_c_id","orders.o_w_id","orders.o_d_id","orders.o_id"],"Hash Buckets":262144,"Original Hash Buckets":262144,"Hash Batches":4,"Original Hash Batches":4,"Peak Memory Usage":7080,"Shared Hit Blocks":0,"Shared Read Blocks":0,"Shared Dirtied Blocks":0,"Shared Written Blocks":0,"Local Hit Blocks":0,"Local Read Blocks":0,"Local Dirtied Blocks":0,"Local Written Blocks":0,"Temp Read Blocks":0,"Temp Written Blocks":1410,"I/O Read Time":0.0,"I/O Write Time":0.0,"Temp I/O Read Time":0.0,"Temp I/O Write Time":5.727,"Plans":[{"Node Type":"Append","Parent Relationship":"Outer","Parallel Aware":false,"Async Capable":false,"Startup Cost":20.0,"Total Cost":65744.12,"Plan Rows":426549,"Plan Width":16,"Actual Startup Time":0.502,"Actual Total Time":109.149,"Actual Rows":428399,"Actual Loops":1,"Shared Hit Blocks":0,"Shared Read Blocks":0,"Shared Dirtied Blocks":0,"Shared Written Blocks":0,"Local Hit Blocks":0,"Local Read Blocks":0,"Local Dirtied Blocks":0,"Local Written Blocks":0,"Temp Read Blocks":0,"Temp Written Blocks":0,"I/O Read Time":0.0,"I/O Write Time":0.0,"Temp I/O Read Time":0.0,"Temp I/O Write Time":0.0,"Subplans Removed":0,"Plans":[{"Node Type":"Custom Scan","Parent Relationship":"Member","Custom Plan Provider":"columnar scan","Parallel Aware":false,"Async Capable":false,"Relation Name":"orders","Schema":"public","Alias":"orders","Startup Cost":20.0,"Total Cost":10043.96,"Plan Rows":426548,"Plan Width":16,"Actual Startup Time":0.501,"Actual Total Time":74.831,"Actual Rows":428399,"Actual Loops":1,"Output":["orders.o_c_id","orders.o_w_id","orders.o_d_id","orders.o_id"],"Filter":"((orders.o_entry_d < '1994-01-02 20:10:02.27764'::timestamp without time zone) AND (orders.o_entry_d >= '1993-01-02 20:10:02.27764'::timestamp without time zone))","Rows Removed by Filter":0,"Rows Removed by Columnar Filter":2571601,"Columnar cache search mode":"native","Shared Hit Blocks":0,"Shared Read Blocks":0,"Shared Dirtied Blocks":0,"Shared Written Blocks":0,"Local Hit Blocks":0,"Local Read Blocks":0,"Local Dirtied Blocks":0,"Local Written Blocks":0,"Temp Read Blocks":0,"Temp Written Blocks":0,"I/O Read Time":0.0,"I/O Write Time":0.0,"Temp I/O Read Time":0.0,"Temp I/O Write Time":0.0},{"Node Type":"Seq Scan","Parent Relationship":"Member","Parallel Aware":false,"Async Capable":false,"Relation Name":"orders","Schema":"public","Alias":"orders","Startup Cost":0.0,"Total Cost":4.01,"Plan Rows":1,"Plan Width":16,"Actual Startup Time":0.0,"Actual Total Time":0.0,"Actual Rows":0,"Actual Loops":0,"Output":["orders.o_c_id","orders.o_w_id","orders.o_d_id","orders.o_id"],"Filter":"((orders.o_entry_d < '1994-01-02 20:10:02.27764'::timestamp without time zone) AND (orders.o_entry_d >= '1993-01-02 20:10:02.27764'::timestamp without time zone))","Rows Removed by Filter":0,"Shared Hit Blocks":0,"Shared Read Blocks":0,"Shared Dirtied Blocks":0,"Shared Written Blocks":0,"Local Hit Blocks":0,"Local Read Blocks":0,"Local Dirtied Blocks":0,"Local Written Blocks":0,"Temp Read Blocks":0,"Temp Written Blocks":0,"I/O Read Time":0.0,"I/O Write Time":0.0,"Temp I/O Read Time":0.0,"Temp I/O Write Time":0.0}]}]}]},{"Node Type":"Hash","Parent Relationship":"Inner","Parallel Aware":false,"Async Capable":false,"Startup Cost":254511.16,"Total Cost":254511.16,"Plan Rows":2999739,"Plan Width":12,"Actual Startup Time":1157.167,"Actual Total Time":1157.168,"Actual Rows":3000000,"Actual Loops":1,"Output":["customer.c_id","customer.c_w_id","customer.c_d_id","customer.c_nationkey"],"Hash Buckets":262144,"Original Hash Buckets":262144,"Hash Batches":32,"Original Hash Batches":32,"Peak Memory Usage":6090,"Shared Hit Blocks":0,"Shared Read Blocks":0,"Shared Dirtied Blocks":0,"Shared Written Blocks":0,"Local Hit Blocks":0,"Local Read Blocks":0,"Local Dirtied Blocks":0,"Local Written Blocks":0,"Temp Read Blocks":0,"Temp Written Blocks":11335,"I/O Read Time":0.0,"I/O Write Time":0.0,"Temp I/O Read Time":0.0,"Temp I/O Write Time":48.364,"Plans":[{"Node Type":"Append","Parent Relationship":"Outer","Parallel Aware":false,"Async Capable":false,"Startup Cost":20.0,"Total Cost":254511.16,"Plan Rows":2999739,"Plan Width":12,"Actual Startup Time":0.012,"Actual Total Time":655.884,"Actual Rows":3000000,"Actual Loops":1,"Shared Hit Blocks":0,"Shared Read Blocks":0,"Shared Dirtied Blocks":0,"Shared Written Blocks":0,"Local Hit Blocks":0,"Local Read Blocks":0,"Local Dirtied Blocks":0,"Local Written Blocks":0,"Temp Read Blocks":0,"Temp Written Blocks":0,"I/O Read Time":0.0,"I/O Write Time":0.0,"Temp I/O Read Time":0.0,"Temp I/O Write Time":0.0,"Subplans Removed":0,"Plans":[{"Node Type":"Custom Scan","Parent Relationship":"Member","Custom Plan Provider":"columnar scan","Parallel Aware":false,"Async Capable":false,"Relation Name":"customer","Schema":"public","Alias":"customer","Startup Cost":20.0,"Total Cost":70513.87,"Plan Rows":2999738,"Plan Width":12,"Actual Startup Time":0.012,"Actual Total Time":446.0,"Actual Rows":3000000,"Actual Loops":1,"Output":["customer.c_id","customer.c_w_id","customer.c_d_id","customer.c_nationkey"],"Rows Removed by Columnar Filter":0,"Columnar cache search mode":"native","Shared Hit Blocks":0,"Shared Read Blocks":0,"Shared Dirtied Blocks":0,"Shared Written Blocks":0,"Local Hit Blocks":0,"Local Read Blocks":0,"Local Dirtied Blocks":0,"Local Written Blocks":0,"Temp Read Blocks":0,"Temp Written Blocks":0,"I/O Read Time":0.0,"I/O Write Time":0.0,"Temp I/O Read Time":0.0,"Temp I/O Write Time":0.0},{"Node Type":"Seq Scan","Parent Relationship":"Member","Parallel Aware":false,"Async Capable":false,"Relation Name":"customer","Schema":"public","Alias":"customer","Startup Cost":0.0,"Total Cost":4.01,"Plan Rows":1,"Plan Width":12,"Actual Startup Time":0.0,"Actual Total Time":0.0,"Actual Rows":0,"Actual Loops":0,"Output":["customer.c_id","customer.c_w_id","customer.c_d_id","customer.c_nationkey"],"Shared Hit Blocks":0,"Shared Read Blocks":0,"Shared Dirtied Blocks":0,"Shared Written Blocks":0,"Local Hit Blocks":0,"Local Read Blocks":0,"Local Dirtied Blocks":0,"Local Written Blocks":0,"Temp Read Blocks":0,"Temp Written Blocks":0,"I/O Read Time":0.0,"I/O Write Time":0.0,"Temp I/O Read Time":0.0,"Temp I/O Write Time":0.0}]}]}]},{"Node Type":"Hash","Parent Relationship":"Inner","Parallel Aware":false,"Async Capable":false,"Startup Cost":2.99,"Total Cost":2.99,"Plan Rows":12,"Plan Width":12,"Actual Startup Time":0.047,"Actual Total Time":0.049,"Actual Rows":22,"Actual Loops":1,"Output":["nation.n_name","nation.n_nationkey"],"Hash Buckets":1024,"Original Hash Buckets":1024,"Hash Batches":1,"Original Hash Batches":1,"Peak Memory Usage":9,"Shared Hit Blocks":2,"Shared Read Blocks":0,"Shared Dirtied Blocks":0,"Shared Written Blocks":0,"Local Hit Blocks":0,"Local Read Blocks":0,"Local Dirtied Blocks":0,"Local Written Blocks":0,"Temp Read Blocks":0,"Temp Written Blocks":0,"I/O Read Time":0.0,"I/O Write Time":0.0,"Temp I/O Read Time":0.0,"Temp I/O Write Time":0.0,"Plans":[{"Node Type":"Hash Join","Parent Relationship":"Outer","Parallel Aware":false,"Async Capable":false,"Join Type":"Inner","Startup Cost":1.07,"Total Cost":2.99,"Plan Rows":12,"Plan Width":12,"Actual Startup Time":0.03,"Actual Total Time":0.043,"Actual Rows":22,"Actual Loops":1,"Output":["nation.n_name","nation.n_nationkey"],"Inner Unique":true,"Hash Cond":"(nation.n_regionkey = region.r_regionkey)","Shared Hit Blocks":2,"Shared Read Blocks":0,"Shared Dirtied Blocks":0,"Shared Written Blocks":0,"Local Hit Blocks":0,"Local Read Blocks":0,"Local Dirtied Blocks":0,"Local Written Blocks":0,"Temp Read Blocks":0,"Temp Written Blocks":0,"I/O Read Time":0.0,"I/O Write Time":0.0,"Temp I/O Read Time":0.0,"Temp I/O Write Time":0.0,"Plans":[{"Node Type":"Seq Scan","Parent Relationship":"Outer","Parallel Aware":false,"Async Capable":false,"Relation Name":"nation","Schema":"public","Alias":"nation","Startup Cost":0.0,"Total Cost":1.62,"Plan Rows":62,"Plan Width":16,"Actual Startup Time":0.007,"Actual Total Time":0.01,"Actual Rows":62,"Actual Loops":1,"Output":["nation.n_nationkey","nation.n_name","nation.n_regionkey","nation.n_comment"],"Shared Hit Blocks":1,"Shared Read Blocks":0,"Shared Dirtied Blocks":0,"Shared Written Blocks":0,"Local Hit Blocks":0,"Local Read Blocks":0,"Local Dirtied Blocks":0,"Local Written Blocks":0,"Temp Read Blocks":0,"Temp Written Blocks":0,"I/O Read Time":0.0,"I/O Write Time":0.0,"Temp I/O Read Time":0.0,"Temp I/O Write Time":0.0},{"Node Type":"Hash","Parent Relationship":"Inner","Parallel Aware":false,"Async Capable":false,"Startup Cost":1.06,"Total Cost":1.06,"Plan Rows":1,"Plan Width":4,"Actual Startup Time":0.009,"Actual Total Time":0.01,"Actual Rows":1,"Actual Loops":1,"Output":["region.r_regionkey"],"Hash Buckets":1024,"Original Hash Buckets":1024,"Hash Batches":1,"Original Hash Batches":1,"Peak Memory Usage":9,"Shared Hit Blocks":1,"Shared Read Blocks":0,"Shared Dirtied Blocks":0,"Shared Written Blocks":0,"Local Hit Blocks":0,"Local Read Blocks":0,"Local Dirtied Blocks":0,"Local Written Blocks":0,"Temp Read Blocks":0,"Temp Written Blocks":0,"I/O Read Time":0.0,"I/O Write Time":0.0,"Temp I/O Read Time":0.0,"Temp I/O Write Time":0.0,"Plans":[{"Node Type":"Seq Scan","Parent Relationship":"Outer","Parallel Aware":false,"Async Capable":false,"Relation Name":"region","Schema":"public","Alias":"region","Startup Cost":0.0,"Total Cost":1.06,"Plan Rows":1,"Plan Width":4,"Actual Startup Time":0.007,"Actual Total Time":0.007,"Actual Rows":1,"Actual Loops":1,"Output":["region.r_regionkey"],"Filter":"((region.r_name)::text = 'Europe'::text)","Rows Removed by Filter":4,"Shared Hit Blocks":1,"Shared Read Blocks":0,"Shared Dirtied Blocks":0,"Shared Written Blocks":0,"Local Hit Blocks":0,"Local Read Blocks":0,"Local Dirtied Blocks":0,"Local Written Blocks":0,"Temp Read Blocks":0,"Temp Written Blocks":0,"I/O Read Time":0.0,"I/O Write Time":0.0,"Temp I/O Read Time":0.0,"Temp I/O Write Time":0.0}]}]}]}]}]},{"Node Type":"Index Only Scan","Parent Relationship":"Inner","Parallel Aware":false,"Async Capable":false,"Scan Direction":"Forward","Index Name":"stock_pk","Relation Name":"stock","Schema":"public","Alias":"stock","Startup Cost":0.43,"Total Cost":259690.86,"Plan Rows":10000162,"Plan Width":6,"Actual Startup Time":0.033,"Actual Total Time":708.734,"Actual Rows":9999996,"Actual Loops":1,"Output":["stock.s_w_id","stock.s_i_id"],"Heap Fetches":0,"Shared Hit Blocks":27338,"Shared Read Blocks":0,"Shared Dirtied Blocks":0,"Shared Written Blocks":0,"Local Hit Blocks":0,"Local Read Blocks":0,"Local Dirtied Blocks":0,"Local Written Blocks":0,"Temp Read Blocks":0,"Temp Written Blocks":0,"I/O Read Time":0.0,"I/O Write Time":0.0,"Temp I/O Read Time":0.0,"Temp I/O Write Time":0.0}]},{"Node Type":"Hash","Parent Relationship":"Inner","Parallel Aware":false,"Async Capable":false,"Startup Cost":219.01,"Total Cost":219.01,"Plan Rows":10001,"Plan Width":8,"Actual Startup Time":3.145,"Actual Total Time":3.146,"Actual Rows":10000,"Actual Loops":1,"Output":["supplier.su_suppkey","supplier.su_nationkey"],"Hash Buckets":16384,"Original Hash Buckets":16384,"Hash Batches":1,"Original Hash Batches":1,"Peak Memory Usage":519,"Shared Hit Blocks":0,"Shared Read Blocks":0,"Shared Dirtied Blocks":0,"Shared Written Blocks":0,"Local Hit Blocks":0,"Local Read Blocks":0,"Local Dirtied Blocks":0,"Local Written Blocks":0,"Temp Read Blocks":0,"Temp Written Blocks":0,"I/O Read Time":0.0,"I/O Write Time":0.0,"Temp I/O Read Time":0.0,"Temp I/O Write Time":0.0,"Plans":[{"Node Type":"Append","Parent Relationship":"Outer","Parallel Aware":false,"Async Capable":false,"Startup Cost":20.0,"Total Cost":219.01,"Plan Rows":10001,"Plan Width":8,"Actual Startup Time":0.013,"Actual Total Time":1.792,"Actual Rows":10000,"Actual Loops":1,"Shared Hit Blocks":0,"Shared Read Blocks":0,"Shared Dirtied Blocks":0,"Shared Written Blocks":0,"Local Hit Blocks":0,"Local Read Blocks":0,"Local Dirtied Blocks":0,"Local Written Blocks":0,"Temp Read Blocks":0,"Temp Written Blocks":0,"I/O Read Time":0.0,"I/O Write Time":0.0,"Temp I/O Read Time":0.0,"Temp I/O Write Time":0.0,"Subplans Removed":0,"Plans":[{"Node Type":"Custom Scan","Parent Relationship":"Member","Custom Plan Provider":"columnar scan","Parallel Aware":false,"Async Capable":false,"Relation Name":"supplier","Schema":"public","Alias":"supplier","Startup Cost":20.0,"Total Cost":215.0,"Plan Rows":10000,"Plan Width":8,"Actual Startup Time":0.011,"Actual Total Time":1.083,"Actual Rows":10000,"Actual Loops":1,"Output":["supplier.su_suppkey","supplier.su_nationkey"],"Rows Removed by Columnar Filter":0,"Columnar cache search mode":"native","Shared Hit Blocks":0,"Shared Read Blocks":0,"Shared Dirtied Blocks":0,"Shared Written Blocks":0,"Local Hit Blocks":0,"Local Read Blocks":0,"Local Dirtied Blocks":0,"Local Written Blocks":0,"Temp Read Blocks":0,"Temp Written Blocks":0,"I/O Read Time":0.0,"I/O Write Time":0.0,"Temp I/O Read Time":0.0,"Temp I/O Write Time":0.0},{"Node Type":"Seq Scan","Parent Relationship":"Member","Parallel Aware":false,"Async Capable":false,"Relation Name":"supplier","Schema":"public","Alias":"supplier","Startup Cost":0.0,"Total Cost":4.01,"Plan Rows":1,"Plan Width":8,"Actual Startup Time":0.0,"Actual Total Time":0.0,"Actual Rows":0,"Actual Loops":0,"Output":["supplier.su_suppkey","supplier.su_nationkey"],"Shared Hit Blocks":0,"Shared Read Blocks":0,"Shared Dirtied Blocks":0,"Shared Written Blocks":0,"Local Hit Blocks":0,"Local Read Blocks":0,"Local Dirtied Blocks":0,"Local Written Blocks":0,"Temp Read Blocks":0,"Temp Written Blocks":0,"I/O Read Time":0.0,"I/O Write Time":0.0,"Temp I/O Read Time":0.0,"Temp I/O Write Time":0.0}]}]}]}]}]}]},"Planning":{"Shared Hit Blocks":16,"Shared Read Blocks":0,"Shared Dirtied Blocks":0,"Shared Written Blocks":0,"Local Hit Blocks":0,"Local Read Blocks":0,"Local Dirtied Blocks":0,"Local Written Blocks":0,"Temp Read Blocks":0,"Temp Written Blocks":0,"I/O Read Time":0.0,"I/O Write Time":0.0,"Temp I/O Read Time":0.0,"Temp I/O Write Time":0.0},"Planning Time":5.28,"Triggers":[],"Execution Time":10222.36}]
[列存组合]: customer, nation, order_line, orders, stock, supplier
[{"Plan":{"Node Type":"Sort","Parallel Aware":false,"Async Capable":false,"Startup Cost":1193516.89,"Total Cost":1193517.05,"Plan Rows":62,"Plan Width":40,"Actual Startup Time":5375.353,"Actual Total Time":5375.368,"Actual Rows":11,"Actual Loops":1,"Output":["nation.n_name","(sum(order_line.ol_amount))"],"Sort Key":["(sum(order_line.ol_amount)) DESC"],"Sort Method":"quicksort","Sort Space Used":25,"Sort Space Type":"Memory","Shared Hit Blocks":1,"Shared Read Blocks":0,"Shared Dirtied Blocks":0,"Shared Written Blocks":0,"Local Hit Blocks":0,"Local Read Blocks":0,"Local Dirtied Blocks":0,"Local Written Blocks":0,"Temp Read Blocks":31471,"Temp Written Blocks":31471,"I/O Read Time":0.0,"I/O Write Time":0.0,"Temp I/O Read Time":51.18,"Temp I/O Write Time":137.377,"Plans":[{"Node Type":"Aggregate","Strategy":"Sorted","Partial Mode":"Simple","Parent Relationship":"Outer","Parallel Aware":false,"Async Capable":false,"Startup Cost":1193441.11,"Total Cost":1193515.04,"Plan Rows":62,"Plan Width":40,"Actual Startup Time":5372.419,"Actual Total Time":5375.355,"Actual Rows":11,"Actual Loops":1,"Output":["nation.n_name","sum(order_line.ol_amount)"],"Group Key":["nation.n_name"],"Shared Hit Blocks":1,"Shared Read Blocks":0,"Shared Dirtied Blocks":0,"Shared Written Blocks":0,"Local Hit Blocks":0,"Local Read Blocks":0,"Local Dirtied Blocks":0,"Local Written Blocks":0,"Temp Read Blocks":31471,"Temp Written Blocks":31471,"I/O Read Time":0.0,"I/O Write Time":0.0,"Temp I/O Read Time":51.18,"Temp I/O Write Time":137.377,"Plans":[{"Node Type":"Sort","Parent Relationship":"Outer","Parallel Aware":false,"Async Capable":false,"Startup Cost":1193441.11,"Total Cost":1193465.49,"Plan Rows":9755,"Plan Width":12,"Actual Startup Time":5372.205,"Actual Total Time":5373.005,"Actual Rows":17493,"Actual Loops":1,"Output":["nation.n_name","order_line.ol_amount"],"Sort Key":["nation.n_name"],"Sort Method":"quicksort","Sort Space Used":1725,"Sort Space Type":"Memory","Shared Hit Blocks":1,"Shared Read Blocks":0,"Shared Dirtied Blocks":0,"Shared Written Blocks":0,"Local Hit Blocks":0,"Local Read Blocks":0,"Local Dirtied Blocks":0,"Local Written Blocks":0,"Temp Read Blocks":31471,"Temp Written Blocks":31471,"I/O Read Time":0.0,"I/O Write Time":0.0,"Temp I/O Read Time":51.18,"Temp I/O Write Time":137.377,"Plans":[{"Node Type":"Hash Join","Parent Relationship":"Outer","Parallel Aware":false,"Async Capable":false,"Join Type":"Inner","Startup Cost":433987.55,"Total Cost":1192794.74,"Plan Rows":9755,"Plan Width":12,"Actual Startup Time":2215.567,"Actual Total Time":5363.742,"Actual Rows":17493,"Actual Loops":1,"Output":["nation.n_name","order_line.ol_amount"],"Hash Cond":"((orders.o_c_id = customer.c_id) AND (orders.o_w_id = customer.c_w_id) AND (orders.o_d_id = customer.c_d_id) AND (supplier.su_nationkey = customer.c_nationkey))","Shared Hit Blocks":1,"Shared Read Blocks":0,"Shared Dirtied Blocks":0,"Shared Written Blocks":0,"Local Hit Blocks":0,"Local Read Blocks":0,"Local Dirtied Blocks":0,"Local Written Blocks":0,"Temp Read Blocks":31471,"Temp Written Blocks":31471,"I/O Read Time":0.0,"I/O Write Time":0.0,"Temp I/O Read Time":51.18,"Temp I/O Write Time":137.377,"Plans":[{"Node Type":"Hash Join","Parent Relationship":"Outer","Parallel Aware":false,"Async Capable":false,"Join Type":"Inner","Startup Cost":104833.61,"Total Cost":833243.89,"Plan Rows":602754,"Plan Width":34,"Actual Startup Time":1019.93,"Actual Total Time":3375.636,"Actual Rows":1489124,"Actual Loops":1,"Output":["orders.o_c_id","orders.o_w_id","orders.o_d_id","order_line.ol_amount","order_line.ol_w_id","order_line.ol_d_id","stock.s_w_id","supplier.su_nationkey","nation.n_name","nation.n_nationkey"],"Hash Cond":"((order_line.ol_w_id = orders.o_w_id) AND (order_line.ol_d_id = orders.o_d_id) AND (order_line.ol_o_id = orders.o_id))","Shared Hit Blocks":1,"Shared Read Blocks":0,"Shared Dirtied Blocks":0,"Shared Written Blocks":0,"Local Hit Blocks":0,"Local Read Blocks":0,"Local Dirtied Blocks":0,"Local Written Blocks":0,"Temp Read Blocks":9894,"Temp Written Blocks":9894,"I/O Read Time":0.0,"I/O Write Time":0.0,"Temp I/O Read Time":16.551,"Temp I/O Write Time":42.499,"Plans":[{"Node Type":"Hash Join","Parent Relationship":"Outer","Parallel Aware":false,"Async Capable":false,"Join Type":"Inner","Startup Cost":29541.89,"Total Cost":656157.64,"Plan Rows":4242986,"Plan Width":34,"Actual Startup Time":810.32,"Actual Total Time":2437.689,"Actual Rows":1498118,"Actual Loops":1,"Output":["order_line.ol_amount","order_line.ol_o_id","order_line.ol_w_id","order_line.ol_d_id","stock.s_w_id","supplier.su_nationkey","nation.n_name","nation.n_nationkey"],"Hash Cond":"(mod((stock.s_w_id * stock.s_i_id), 10000) = supplier.su_suppkey)","Shared Hit Blocks":1,"Shared Read Blocks":0,"Shared Dirtied Blocks":0,"Shared Written Blocks":0,"Local Hit Blocks":0,"Local Read Blocks":0,"Local Dirtied Blocks":0,"Local Written Blocks":0,"Temp Read Blocks":0,"Temp Written Blocks":0,"I/O Read Time":0.0,"I/O Write Time":0.0,"Temp I/O Read Time":0.0,"Temp I/O Write Time":0.0,"Plans":[{"Node Type":"Hash Join","Parent Relationship":"Outer","Parallel Aware":false,"Async Capable":false,"Join Type":"Inner","Startup Cost":29323.02,"Total Cost":480915.59,"Plan Rows":21214932,"Plan Width":22,"Actual Startup Time":806.242,"Actual Total Time":1759.003,"Actual Rows":4311079,"Actual Loops":1,"Output":["order_line.ol_amount","order_line.ol_o_id","order_line.ol_w_id","order_line.ol_d_id","stock.s_w_id","stock.s_i_id"],"Hash Cond":"((order_line.ol_w_id = stock.s_w_id) AND (order_line.ol_i_id = stock.s_i_id))","Rows Removed by Bloom Filter":0,"Shared Hit Blocks":0,"Shared Read Blocks":0,"Shared Dirtied Blocks":0,"Shared Written Blocks":0,"Local Hit Blocks":0,"Local Read Blocks":0,"Local Dirtied Blocks":0,"Local Written Blocks":0,"Temp Read Blocks":0,"Temp Written Blocks":0,"I/O Read Time":0.0,"I/O Write Time":0.0,"Temp I/O Read Time":0.0,"Temp I/O Write Time":0.0,"Plans":[{"Node Type":"Append","Parent Relationship":"Outer","Parallel Aware":false,"Async Capable":false,"Startup Cost":20.0,"Total Cost":533646.5,"Plan Rows":20926367,"Plan Width":20,"Actual Startup Time":123.003,"Actual Total Time":123.007,"Actual Rows":4311079,"Actual Loops":1,"Shared Hit Blocks":0,"Shared Read Blocks":0,"Shared Dirtied Blocks":0,"Shared Written Blocks":0,"Local Hit Blocks":0,"Local Read Blocks":0,"Local Dirtied Blocks":0,"Local Written Blocks":0,"Temp Read Blocks":0,"Temp Written Blocks":0,"I/O Read Time":0.0,"I/O Write Time":0.0,"Temp I/O Read Time":0.0,"Temp I/O Write Time":0.0,"Subplans Removed":0,"Plans":[{"Node Type":"Custom Scan","Parent Relationship":"Member","Custom Plan Provider":"columnar scan","Parallel Aware":false,"Async Capable":false,"Relation Name":"order_line","Schema":"public","Alias":"order_line","Startup Cost":20.0,"Total Cost":533641.75,"Plan Rows":20926325,"Plan Width":20,"Actual Startup Time":123.002,"Actual Total Time":123.003,"Actual Rows":4311079,"Actual Loops":1,"Output":["order_line.ol_amount","order_line.ol_o_id","order_line.ol_w_id","order_line.ol_d_id","order_line.ol_i_id"],"Filter":"(order_line.ol_delivery_d >= '1992-01-02 20:10:02.27764'::timestamp without time zone)","Rows Removed by Filter":0,"Rows Removed by Columnar Filter":25686653,"Rows Filtered by Bloom Filter":0,"Dictionary Rows Filtered by Bloom Filter":25686653,"Columnar cache search mode":"native","Shared Hit Blocks":0,"Shared Read Blocks":0,"Shared Dirtied Blocks":0,"Shared Written Blocks":0,"Local Hit Blocks":0,"Local Read Blocks":0,"Local Dirtied Blocks":0,"Local Written Blocks":0,"Temp Read Blocks":0,"Temp Written Blocks":0,"I/O Read Time":0.0,"I/O Write Time":0.0,"Temp I/O Read Time":0.0,"Temp I/O Write Time":0.0},{"Node Type":"Seq Scan","Parent Relationship":"Member","Parallel Aware":false,"Async Capable":false,"Relation Name":"order_line","Schema":"public","Alias":"order_line","Startup Cost":0.0,"Total Cost":4.75,"Plan Rows":42,"Plan Width":20,"Actual Startup Time":0.0,"Actual Total Time":0.0,"Actual Rows":0,"Actual Loops":0,"Output":["order_line.ol_amount","order_line.ol_o_id","order_line.ol_w_id","order_line.ol_d_id","order_line.ol_i_id"],"Filter":"(order_line.ol_delivery_d >= '1992-01-02 20:10:02.27764'::timestamp without time zone)","Rows Removed by Filter":0,"Shared Hit Blocks":0,"Shared Read Blocks":0,"Shared Dirtied Blocks":0,"Shared Written Blocks":0,"Local Hit Blocks":0,"Local Read Blocks":0,"Local Dirtied Blocks":0,"Local Written Blocks":0,"Temp Read Blocks":0,"Temp Written Blocks":0,"I/O Read Time":0.0,"I/O Write Time":0.0,"Temp I/O Read Time":0.0,"Temp I/O Write Time":0.0}]},{"Node Type":"Hash","Parent Relationship":"Inner","Parallel Aware":false,"Async Capable":false,"Startup Cost":195025.67,"Total Cost":195025.67,"Plan Rows":10000162,"Plan Width":6,"Actual Rows":10000000,"Actual Loops":1,"Output":["stock.s_w_id","stock.s_i_id"],"Shared Hit Blocks":0,"Shared Read Blocks":0,"Shared Dirtied Blocks":0,"Shared Written Blocks":0,"Local Hit Blocks":0,"Local Read Blocks":0,"Local Dirtied Blocks":0,"Local Written Blocks":0,"Temp Read Blocks":0,"Temp Written Blocks":0,"I/O Read Time":0.0,"I/O Write Time":0.0,"Temp I/O Read Time":0.0,"Temp I/O Write Time":0.0,"Plans":[{"Node Type":"Append","Parent Relationship":"Outer","Parallel Aware":false,"Async Capable":false,"Startup Cost":20.0,"Total Cost":195025.67,"Plan Rows":10000162,"Plan Width":6,"Actual Startup Time":0.224,"Actual Total Time":0.224,"Actual Rows":10000000,"Actual Loops":1,"Shared Hit Blocks":0,"Shared Read Blocks":0,"Shared Dirtied Blocks":0,"Shared Written Blocks":0,"Local Hit Blocks":0,"Local Read Blocks":0,"Local Dirtied Blocks":0,"Local Written Blocks":0,"Temp Read Blocks":0,"Temp Written Blocks":0,"I/O Read Time":0.0,"I/O Write Time":0.0,"Temp I/O Read Time":0.0,"Temp I/O Write Time":0.0,"Subplans Removed":0,"Plans":[{"Node Type":"Custom Scan","Parent Relationship":"Member","Custom Plan Provider":"columnar scan","Parallel Aware":false,"Async Capable":false,"Relation Name":"stock","Schema":"public","Alias":"stock","Startup Cost":20.0,"Total Cost":195020.05,"Plan Rows":10000000,"Plan Width":6,"Actual Startup Time":0.223,"Actual Total Time":0.223,"Actual Rows":10000000,"Actual Loops":1,"Output":["stock.s_w_id","stock.s_i_id"],"Rows Removed by Columnar Filter":0,"Columnar cache search mode":"native","Shared Hit Blocks":0,"Shared Read Blocks":0,"Shared Dirtied Blocks":0,"Shared Written Blocks":0,"Local Hit Blocks":0,"Local Read Blocks":0,"Local Dirtied Blocks":0,"Local Written Blocks":0,"Temp Read Blocks":0,"Temp Written Blocks":0,"I/O Read Time":0.0,"I/O Write Time":0.0,"Temp I/O Read Time":0.0,"Temp I/O Write Time":0.0},{"Node Type":"Seq Scan","Parent Relationship":"Member","Parallel Aware":false,"Async Capable":false,"Relation Name":"stock","Schema":"public","Alias":"stock","Startup Cost":0.0,"Total Cost":5.62,"Plan Rows":162,"Plan Width":6,"Actual Startup Time":0.0,"Actual Total Time":0.0,"Actual Rows":0,"Actual Loops":0,"Output":["stock.s_w_id","stock.s_i_id"],"Shared Hit Blocks":0,"Shared Read Blocks":0,"Shared Dirtied Blocks":0,"Shared Written Blocks":0,"Local Hit Blocks":0,"Local Read Blocks":0,"Local Dirtied Blocks":0,"Local Written Blocks":0,"Temp Read Blocks":0,"Temp Written Blocks":0,"I/O Read Time":0.0,"I/O Write Time":0.0,"Temp I/O Read Time":0.0,"Temp I/O Write Time":0.0}]}]}]},{"Node Type":"Hash","Parent Relationship":"Inner","Parallel Aware":false,"Async Capable":false,"Startup Cost":193.87,"Total Cost":193.87,"Plan Rows":2000,"Plan Width":20,"Actual Startup Time":4.046,"Actual Total Time":4.05,"Actual Rows":3506,"Actual Loops":1,"Output":["supplier.su_suppkey","supplier.su_nationkey","nation.n_name","nation.n_nationkey"],"Hash Buckets":4096,"Original Hash Buckets":2048,"Hash Batches":1,"Original Hash Batches":1,"Peak Memory Usage":217,"Shared Hit Blocks":1,"Shared Read Blocks":0,"Shared Dirtied Blocks":0,"Shared Written Blocks":0,"Local Hit Blocks":0,"Local Read Blocks":0,"Local Dirtied Blocks":0,"Local Written Blocks":0,"Temp Read Blocks":0,"Temp Written Blocks":0,"I/O Read Time":0.0,"I/O Write Time":0.0,"Temp I/O Read Time":0.0,"Temp I/O Write Time":0.0,"Plans":[{"Node Type":"Hash Join","Parent Relationship":"Outer","Parallel Aware":false,"Async Capable":false,"Join Type":"Inner","Startup Cost":25.24,"Total Cost":193.87,"Plan Rows":2000,"Plan Width":20,"Actual Startup Time":1.8,"Actual Total Time":3.476,"Actual Rows":3506,"Actual Loops":1,"Output":["supplier.su_suppkey","supplier.su_nationkey","nation.n_name","nation.n_nationkey"],"Hash Cond":"(nation.n_regionkey = region.r_regionkey)","Shared Hit Blocks":1,"Shared Read Blocks":0,"Shared Dirtied Blocks":0,"Shared Written Blocks":0,"Local Hit Blocks":0,"Local Read Blocks":0,"Local Dirtied Blocks":0,"Local Written Blocks":0,"Temp Read Blocks":0,"Temp Written Blocks":0,"I/O Read Time":0.0,"I/O Write Time":0.0,"Temp I/O Read Time":0.0,"Temp I/O Write Time":0.0,"Plans":[{"Node Type":"Hash Join","Parent Relationship":"Outer","Parallel Aware":false,"Async Capable":false,"Join Type":"Inner","Startup Cost":24.16,"Total Cost":144.29,"Plan Rows":10000,"Plan Width":24,"Actual Startup Time":1.772,"Actual Total Time":2.405,"Actual Rows":10000,"Actual Loops":1,"Output":["supplier.su_suppkey","supplier.su_nationkey","nation.n_name","nation.n_nationkey","nation.n_regionkey"],"Hash Cond":"(supplier.su_nationkey = nation.n_nationkey)","Rows Removed by Bloom Filter":0,"Shared Hit Blocks":0,"Shared Read Blocks":0,"Shared Dirtied Blocks":0,"Shared Written Blocks":0,"Local Hit Blocks":0,"Local Read Blocks":0,"Local Dirtied Blocks":0,"Local Written Blocks":0,"Temp Read Blocks":0,"Temp Written Blocks":0,"I/O Read Time":0.0,"I/O Write Time":0.0,"Temp I/O Read Time":0.0,"Temp I/O Write Time":0.0,"Plans":[{"Node Type":"Append","Parent Relationship":"Outer","Parallel Aware":false,"Async Capable":false,"Startup Cost":20.0,"Total Cost":219.01,"Plan Rows":10001,"Plan Width":8,"Actual Startup Time":0.007,"Actual Total Time":0.008,"Actual Rows":10000,"Actual Loops":1,"Shared Hit Blocks":0,"Shared Read Blocks":0,"Shared Dirtied Blocks":0,"Shared Written Blocks":0,"Local Hit Blocks":0,"Local Read Blocks":0,"Local Dirtied Blocks":0,"Local Written Blocks":0,"Temp Read Blocks":0,"Temp Written Blocks":0,"I/O Read Time":0.0,"I/O Write Time":0.0,"Temp I/O Read Time":0.0,"Temp I/O Write Time":0.0,"Subplans Removed":0,"Plans":[{"Node Type":"Custom Scan","Parent Relationship":"Member","Custom Plan Provider":"columnar scan","Parallel Aware":false,"Async Capable":false,"Relation Name":"supplier","Schema":"public","Alias":"supplier","Startup Cost":20.0,"Total Cost":215.0,"Plan Rows":10000,"Plan Width":8,"Actual Startup Time":0.007,"Actual Total Time":0.007,"Actual Rows":10000,"Actual Loops":1,"Output":["supplier.su_suppkey","supplier.su_nationkey"],"Rows Removed by Columnar Filter":0,"Columnar cache search mode":"native","Shared Hit Blocks":0,"Shared Read Blocks":0,"Shared Dirtied Blocks":0,"Shared Written Blocks":0,"Local Hit Blocks":0,"Local Read Blocks":0,"Local Dirtied Blocks":0,"Local Written Blocks":0,"Temp Read Blocks":0,"Temp Written Blocks":0,"I/O Read Time":0.0,"I/O Write Time":0.0,"Temp I/O Read Time":0.0,"Temp I/O Write Time":0.0},{"Node Type":"Seq Scan","Parent Relationship":"Member","Parallel Aware":false,"Async Capable":false,"Relation Name":"supplier","Schema":"public","Alias":"supplier","Startup Cost":0.0,"Total Cost":4.01,"Plan Rows":1,"Plan Width":8,"Actual Startup Time":0.0,"Actual Total Time":0.0,"Actual Rows":0,"Actual Loops":0,"Output":["supplier.su_suppkey","supplier.su_nationkey"],"Shared Hit Blocks":0,"Shared Read Blocks":0,"Shared Dirtied Blocks":0,"Shared Written Blocks":0,"Local Hit Blocks":0,"Local Read Blocks":0,"Local Dirtied Blocks":0,"Local Written Blocks":0,"Temp Read Blocks":0,"Temp Written Blocks":0,"I/O Read Time":0.0,"I/O Write Time":0.0,"Temp I/O Read Time":0.0,"Temp I/O Write Time":0.0}]},{"Node Type":"Hash","Parent Relationship":"Inner","Parallel Aware":false,"Async Capable":false,"Startup Cost":25.34,"Total Cost":25.34,"Plan Rows":63,"Plan Width":16,"Actual Rows":62,"Actual Loops":1,"Output":["nation.n_name","nation.n_nationkey","nation.n_regionkey"],"Shared Hit Blocks":0,"Shared Read Blocks":0,"Shared Dirtied Blocks":0,"Shared Written Blocks":0,"Local Hit Blocks":0,"Local Read Blocks":0,"Local Dirtied Blocks":0,"Local Written Blocks":0,"Temp Read Blocks":0,"Temp Written Blocks":0,"I/O Read Time":0.0,"I/O Write Time":0.0,"Temp I/O Read Time":0.0,"Temp I/O Write Time":0.0,"Plans":[{"Node Type":"Append","Parent Relationship":"Outer","Parallel Aware":false,"Async Capable":false,"Startup Cost":20.0,"Total Cost":25.34,"Plan Rows":63,"Plan Width":16,"Actual Startup Time":0.011,"Actual Total Time":0.011,"Actual Rows":62,"Actual Loops":1,"Shared Hit Blocks":0,"Shared Read Blocks":0,"Shared Dirtied Blocks":0,"Shared Written Blocks":0,"Local Hit Blocks":0,"Local Read Blocks":0,"Local Dirtied Blocks":0,"Local Written Blocks":0,"Temp Read Blocks":0,"Temp Written Blocks":0,"I/O Read Time":0.0,"I/O Write Time":0.0,"Temp I/O Read Time":0.0,"Temp I/O Write Time":0.0,"Subplans Removed":0,"Plans":[{"Node Type":"Custom Scan","Parent Relationship":"Member","Custom Plan Provider":"columnar scan","Parallel Aware":false,"Async Capable":false,"Relation Name":"nation","Schema":"public","Alias":"nation","Startup Cost":20.0,"Total Cost":21.33,"Plan Rows":62,"Plan Width":16,"Actual Startup Time":0.01,"Actual Total Time":0.01,"Actual Rows":62,"Actual Loops":1,"Output":["nation.n_name","nation.n_nationkey","nation.n_regionkey"],"Rows Removed by Columnar Filter":0,"Columnar cache search mode":"native","Shared Hit Blocks":0,"Shared Read Blocks":0,"Shared Dirtied Blocks":0,"Shared Written Blocks":0,"Local Hit Blocks":0,"Local Read Blocks":0,"Local Dirtied Blocks":0,"Local Written Blocks":0,"Temp Read Blocks":0,"Temp Written Blocks":0,"I/O Read Time":0.0,"I/O Write Time":0.0,"Temp I/O Read Time":0.0,"Temp I/O Write Time":0.0},{"Node Type":"Seq Scan","Parent Relationship":"Member","Parallel Aware":false,"Async Capable":false,"Relation Name":"nation","Schema":"public","Alias":"nation","Startup Cost":0.0,"Total Cost":4.01,"Plan Rows":1,"Plan Width":16,"Actual Startup Time":0.0,"Actual Total Time":0.0,"Actual Rows":0,"Actual Loops":0,"Output":["nation.n_name","nation.n_nationkey","nation.n_regionkey"],"Shared Hit Blocks":0,"Shared Read Blocks":0,"Shared Dirtied Blocks":0,"Shared Written Blocks":0,"Local Hit Blocks":0,"Local Read Blocks":0,"Local Dirtied Blocks":0,"Local Written Blocks":0,"Temp Read Blocks":0,"Temp Written Blocks":0,"I/O Read Time":0.0,"I/O Write Time":0.0,"Temp I/O Read Time":0.0,"Temp I/O Write Time":0.0}]}]}]},{"Node Type":"Hash","Parent Relationship":"Inner","Parallel Aware":false,"Async Capable":false,"Startup Cost":1.06,"Total Cost":1.06,"Plan Rows":1,"Plan Width":4,"Actual Startup Time":0.016,"Actual Total Time":0.016,"Actual Rows":1,"Actual Loops":1,"Output":["region.r_regionkey"],"Hash Buckets":1024,"Original Hash Buckets":1024,"Hash Batches":1,"Original Hash Batches":1,"Peak Memory Usage":9,"Shared Hit Blocks":1,"Shared Read Blocks":0,"Shared Dirtied Blocks":0,"Shared Written Blocks":0,"Local Hit Blocks":0,"Local Read Blocks":0,"Local Dirtied Blocks":0,"Local Written Blocks":0,"Temp Read Blocks":0,"Temp Written Blocks":0,"I/O Read Time":0.0,"I/O Write Time":0.0,"Temp I/O Read Time":0.0,"Temp I/O Write Time":0.0,"Plans":[{"Node Type":"Seq Scan","Parent Relationship":"Outer","Parallel Aware":false,"Async Capable":false,"Relation Name":"region","Schema":"public","Alias":"region","Startup Cost":0.0,"Total Cost":1.06,"Plan Rows":1,"Plan Width":4,"Actual Startup Time":0.013,"Actual Total Time":0.014,"Actual Rows":1,"Actual Loops":1,"Output":["region.r_regionkey"],"Filter":"((region.r_name)::text = 'Europe'::text)","Rows Removed by Filter":4,"Shared Hit Blocks":1,"Shared Read Blocks":0,"Shared Dirtied Blocks":0,"Shared Written Blocks":0,"Local Hit Blocks":0,"Local Read Blocks":0,"Local Dirtied Blocks":0,"Local Written Blocks":0,"Temp Read Blocks":0,"Temp Written Blocks":0,"I/O Read Time":0.0,"I/O Write Time":0.0,"Temp I/O Read Time":0.0,"Temp I/O Write Time":0.0}]}]}]}]},{"Node Type":"Hash","Parent Relationship":"Inner","Parallel Aware":false,"Async Capable":false,"Startup Cost":65744.12,"Total Cost":65744.12,"Plan Rows":426549,"Plan Width":16,"Actual Startup Time":207.977,"Actual Total Time":207.978,"Actual Rows":428399,"Actual Loops":1,"Output":["orders.o_c_id","orders.o_w_id","orders.o_d_id","orders.o_id"],"Hash Buckets":262144,"Original Hash Buckets":262144,"Hash Batches":4,"Original Hash Batches":4,"Peak Memory Usage":7080,"Shared Hit Blocks":0,"Shared Read Blocks":0,"Shared Dirtied Blocks":0,"Shared Written Blocks":0,"Local Hit Blocks":0,"Local Read Blocks":0,"Local Dirtied Blocks":0,"Local Written Blocks":0,"Temp Read Blocks":0,"Temp Written Blocks":1410,"I/O Read Time":0.0,"I/O Write Time":0.0,"Temp I/O Read Time":0.0,"Temp I/O Write Time":5.76,"Plans":[{"Node Type":"Append","Parent Relationship":"Outer","Parallel Aware":false,"Async Capable":false,"Startup Cost":20.0,"Total Cost":65744.12,"Plan Rows":426549,"Plan Width":16,"Actual Startup Time":0.503,"Actual Total Time":104.648,"Actual Rows":428399,"Actual Loops":1,"Shared Hit Blocks":0,"Shared Read Blocks":0,"Shared Dirtied Blocks":0,"Shared Written Blocks":0,"Local Hit Blocks":0,"Local Read Blocks":0,"Local Dirtied Blocks":0,"Local Written Blocks":0,"Temp Read Blocks":0,"Temp Written Blocks":0,"I/O Read Time":0.0,"I/O Write Time":0.0,"Temp I/O Read Time":0.0,"Temp I/O Write Time":0.0,"Subplans Removed":0,"Plans":[{"Node Type":"Custom Scan","Parent Relationship":"Member","Custom Plan Provider":"columnar scan","Parallel Aware":false,"Async Capable":false,"Relation Name":"orders","Schema":"public","Alias":"orders","Startup Cost":20.0,"Total Cost":10043.96,"Plan Rows":426548,"Plan Width":16,"Actual Startup Time":0.501,"Actual Total Time":74.126,"Actual Rows":428399,"Actual Loops":1,"Output":["orders.o_c_id","orders.o_w_id","orders.o_d_id","orders.o_id"],"Filter":"((orders.o_entry_d < '1994-01-02 20:10:02.27764'::timestamp without time zone) AND (orders.o_entry_d >= '1993-01-02 20:10:02.27764'::timestamp without time zone))","Rows Removed by Filter":0,"Rows Removed by Columnar Filter":2571601,"Columnar cache search mode":"native","Shared Hit Blocks":0,"Shared Read Blocks":0,"Shared Dirtied Blocks":0,"Shared Written Blocks":0,"Local Hit Blocks":0,"Local Read Blocks":0,"Local Dirtied Blocks":0,"Local Written Blocks":0,"Temp Read Blocks":0,"Temp Written Blocks":0,"I/O Read Time":0.0,"I/O Write Time":0.0,"Temp I/O Read Time":0.0,"Temp I/O Write Time":0.0},{"Node Type":"Seq Scan","Parent Relationship":"Member","Parallel Aware":false,"Async Capable":false,"Relation Name":"orders","Schema":"public","Alias":"orders","Startup Cost":0.0,"Total Cost":4.01,"Plan Rows":1,"Plan Width":16,"Actual Startup Time":0.0,"Actual Total Time":0.0,"Actual Rows":0,"Actual Loops":0,"Output":["orders.o_c_id","orders.o_w_id","orders.o_d_id","orders.o_id"],"Filter":"((orders.o_entry_d < '1994-01-02 20:10:02.27764'::timestamp without time zone) AND (orders.o_entry_d >= '1993-01-02 20:10:02.27764'::timestamp without time zone))","Rows Removed by Filter":0,"Shared Hit Blocks":0,"Shared Read Blocks":0,"Shared Dirtied Blocks":0,"Shared Written Blocks":0,"Local Hit Blocks":0,"Local Read Blocks":0,"Local Dirtied Blocks":0,"Local Written Blocks":0,"Temp Read Blocks":0,"Temp Written Blocks":0,"I/O Read Time":0.0,"I/O Write Time":0.0,"Temp I/O Read Time":0.0,"Temp I/O Write Time":0.0}]}]}]},{"Node Type":"Hash","Parent Relationship":"Inner","Parallel Aware":false,"Async Capable":false,"Startup Cost":254511.16,"Total Cost":254511.16,"Plan Rows":2999739,"Plan Width":12,"Actual Startup Time":1186.769,"Actual Total Time":1186.77,"Actual Rows":3000000,"Actual Loops":1,"Output":["customer.c_id","customer.c_w_id","customer.c_d_id","customer.c_nationkey"],"Hash Buckets":262144,"Original Hash Buckets":262144,"Hash Batches":32,"Original Hash Batches":32,"Peak Memory Usage":6058,"Shared Hit Blocks":0,"Shared Read Blocks":0,"Shared Dirtied Blocks":0,"Shared Written Blocks":0,"Local Hit Blocks":0,"Local Read Blocks":0,"Local Dirtied Blocks":0,"Local Written Blocks":0,"Temp Read Blocks":0,"Temp Written Blocks":11339,"I/O Read Time":0.0,"I/O Write Time":0.0,"Temp I/O Read Time":0.0,"Temp I/O Write Time":48.814,"Plans":[{"Node Type":"Append","Parent Relationship":"Outer","Parallel Aware":false,"Async Capable":false,"Startup Cost":20.0,"Total Cost":254511.16,"Plan Rows":2999739,"Plan Width":12,"Actual Startup Time":0.039,"Actual Total Time":658.003,"Actual Rows":3000000,"Actual Loops":1,"Shared Hit Blocks":0,"Shared Read Blocks":0,"Shared Dirtied Blocks":0,"Shared Written Blocks":0,"Local Hit Blocks":0,"Local Read Blocks":0,"Local Dirtied Blocks":0,"Local Written Blocks":0,"Temp Read Blocks":0,"Temp Written Blocks":0,"I/O Read Time":0.0,"I/O Write Time":0.0,"Temp I/O Read Time":0.0,"Temp I/O Write Time":0.0,"Subplans Removed":0,"Plans":[{"Node Type":"Custom Scan","Parent Relationship":"Member","Custom Plan Provider":"columnar scan","Parallel Aware":false,"Async Capable":false,"Relation Name":"customer","Schema":"public","Alias":"customer","Startup Cost":20.0,"Total Cost":70513.87,"Plan Rows":2999738,"Plan Width":12,"Actual Startup Time":0.038,"Actual Total Time":449.446,"Actual Rows":3000000,"Actual Loops":1,"Output":["customer.c_id","customer.c_w_id","customer.c_d_id","customer.c_nationkey"],"Rows Removed by Columnar Filter":0,"Columnar cache search mode":"native","Shared Hit Blocks":0,"Shared Read Blocks":0,"Shared Dirtied Blocks":0,"Shared Written Blocks":0,"Local Hit Blocks":0,"Local Read Blocks":0,"Local Dirtied Blocks":0,"Local Written Blocks":0,"Temp Read Blocks":0,"Temp Written Blocks":0,"I/O Read Time":0.0,"I/O Write Time":0.0,"Temp I/O Read Time":0.0,"Temp I/O Write Time":0.0},{"Node Type":"Seq Scan","Parent Relationship":"Member","Parallel Aware":false,"Async Capable":false,"Relation Name":"customer","Schema":"public","Alias":"customer","Startup Cost":0.0,"Total Cost":4.01,"Plan Rows":1,"Plan Width":12,"Actual Startup Time":0.0,"Actual Total Time":0.0,"Actual Rows":0,"Actual Loops":0,"Output":["customer.c_id","customer.c_w_id","customer.c_d_id","customer.c_nationkey"],"Shared Hit Blocks":0,"Shared Read Blocks":0,"Shared Dirtied Blocks":0,"Shared Written Blocks":0,"Local Hit Blocks":0,"Local Read Blocks":0,"Local Dirtied Blocks":0,"Local Written Blocks":0,"Temp Read Blocks":0,"Temp Written Blocks":0,"I/O Read Time":0.0,"I/O Write Time":0.0,"Temp I/O Read Time":0.0,"Temp I/O Write Time":0.0}]}]}]}]}]}]},"Planning":{"Shared Hit Blocks":16,"Shared Read Blocks":0,"Shared Dirtied Blocks":0,"Shared Written Blocks":0,"Local Hit Blocks":0,"Local Read Blocks":0,"Local Dirtied Blocks":0,"Local Written Blocks":0,"Temp Read Blocks":0,"Temp Written Blocks":0,"I/O Read Time":0.0,"I/O Write Time":0.0,"Temp I/O Read Time":0.0,"Temp I/O Write Time":0.0},"Planning Time":5.726,"Triggers":[],"Execution Time":5376.172}]
[列存组合]: customer, nation, order_line, region, stock, supplier
[{"Plan":{"Node Type":"Sort","Parallel Aware":false,"Async Capable":false,"Startup Cost":1194741.38,"Total Cost":1194741.54,"Plan Rows":62,"Plan Width":40,"Actual Startup Time":5509.116,"Actual Total Time":5509.133,"Actual Rows":11,"Actual Loops":1,"Output":["nation.n_name","(sum(order_line.ol_amount))"],"Sort Key":["(sum(order_line.ol_amount)) DESC"],"Sort Method":"quicksort","Sort Space Used":25,"Sort Space Type":"Memory","Shared Hit Blocks":22059,"Shared Read Blocks":0,"Shared Dirtied Blocks":0,"Shared Written Blocks":0,"Local Hit Blocks":0,"Local Read Blocks":0,"Local Dirtied Blocks":0,"Local Written Blocks":0,"Temp Read Blocks":31471,"Temp Written Blocks":31471,"I/O Read Time":0.0,"I/O Write Time":0.0,"Temp I/O Read Time":50.569,"Temp I/O Write Time":136.614,"Plans":[{"Node Type":"Aggregate","Strategy":"Sorted","Partial Mode":"Simple","Parent Relationship":"Outer","Parallel Aware":false,"Async Capable":false,"Startup Cost":1194665.6,"Total Cost":1194739.54,"Plan Rows":62,"Plan Width":40,"Actual Startup Time":5506.274,"Actual Total Time":5509.115,"Actual Rows":11,"Actual Loops":1,"Output":["nation.n_name","sum(order_line.ol_amount)"],"Group Key":["nation.n_name"],"Shared Hit Blocks":22059,"Shared Read Blocks":0,"Shared Dirtied Blocks":0,"Shared Written Blocks":0,"Local Hit Blocks":0,"Local Read Blocks":0,"Local Dirtied Blocks":0,"Local Written Blocks":0,"Temp Read Blocks":31471,"Temp Written Blocks":31471,"I/O Read Time":0.0,"I/O Write Time":0.0,"Temp I/O Read Time":50.569,"Temp I/O Write Time":136.614,"Plans":[{"Node Type":"Sort","Parent Relationship":"Outer","Parallel Aware":false,"Async Capable":false,"Startup Cost":1194665.6,"Total Cost":1194689.99,"Plan Rows":9755,"Plan Width":12,"Actual Startup Time":5506.056,"Actual Total Time":5506.848,"Actual Rows":17493,"Actual Loops":1,"Output":["nation.n_name","order_line.ol_amount"],"Sort Key":["nation.n_name"],"Sort Method":"quicksort","Sort Space Used":1725,"Sort Space Type":"Memory","Shared Hit Blocks":22059,"Shared Read Blocks":0,"Shared Dirtied Blocks":0,"Shared Written Blocks":0,"Local Hit Blocks":0,"Local Read Blocks":0,"Local Dirtied Blocks":0,"Local Written Blocks":0,"Temp Read Blocks":31471,"Temp Written Blocks":31471,"I/O Read Time":0.0,"I/O Write Time":0.0,"Temp I/O Read Time":50.569,"Temp I/O Write Time":136.614,"Plans":[{"Node Type":"Hash Join","Parent Relationship":"Outer","Parallel Aware":false,"Async Capable":false,"Join Type":"Inner","Startup Cost":435212.04,"Total Cost":1194019.23,"Plan Rows":9755,"Plan Width":12,"Actual Startup Time":2349.637,"Actual Total Time":5497.638,"Actual Rows":17493,"Actual Loops":1,"Output":["nation.n_name","order_line.ol_amount"],"Hash Cond":"((orders.o_c_id = customer.c_id) AND (orders.o_w_id = customer.c_w_id) AND (orders.o_d_id = customer.c_d_id) AND (supplier.su_nationkey = customer.c_nationkey))","Shared Hit Blocks":22059,"Shared Read Blocks":0,"Shared Dirtied Blocks":0,"Shared Written Blocks":0,"Local Hit Blocks":0,"Local Read Blocks":0,"Local Dirtied Blocks":0,"Local Written Blocks":0,"Temp Read Blocks":31471,"Temp Written Blocks":31471,"I/O Read Time":0.0,"I/O Write Time":0.0,"Temp I/O Read Time":50.569,"Temp I/O Write Time":136.614,"Plans":[{"Node Type":"Hash Join","Parent Relationship":"Outer","Parallel Aware":false,"Async Capable":false,"Join Type":"Inner","Startup Cost":106058.1,"Total Cost":834468.38,"Plan Rows":602754,"Plan Width":34,"Actual Startup Time":1137.33,"Actual Total Time":3497.741,"Actual Rows":1489124,"Actual Loops":1,"Output":["orders.o_c_id","orders.o_w_id","orders.o_d_id","order_line.ol_amount","order_line.ol_w_id","order_line.ol_d_id","stock.s_w_id","supplier.su_nationkey","nation.n_name","nation.n_nationkey"],"Hash Cond":"((order_line.ol_w_id = orders.o_w_id) AND (order_line.ol_d_id = orders.o_d_id) AND (order_line.ol_o_id = orders.o_id))","Shared Hit Blocks":22059,"Shared Read Blocks":0,"Shared Dirtied Blocks":0,"Shared Written Blocks":0,"Local Hit Blocks":0,"Local Read Blocks":0,"Local Dirtied Blocks":0,"Local Written Blocks":0,"Temp Read Blocks":9894,"Temp Written Blocks":9894,"I/O Read Time":0.0,"I/O Write Time":0.0,"Temp I/O Read Time":16.357,"Temp I/O Write Time":42.344,"Plans":[{"Node Type":"Hash Join","Parent Relationship":"Outer","Parallel Aware":false,"Async Capable":false,"Join Type":"Inner","Startup Cost":29451.51,"Total Cost":656067.26,"Plan Rows":4242986,"Plan Width":34,"Actual Startup Time":811.702,"Actual Total Time":2451.216,"Actual Rows":1498118,"Actual Loops":1,"Output":["order_line.ol_amount","order_line.ol_o_id","order_line.ol_w_id","order_line.ol_d_id","stock.s_w_id","supplier.su_nationkey","nation.n_name","nation.n_nationkey"],"Hash Cond":"(mod((stock.s_w_id * stock.s_i_id), 10000) = supplier.su_suppkey)","Shared Hit Blocks":0,"Shared Read Blocks":0,"Shared Dirtied Blocks":0,"Shared Written Blocks":0,"Local Hit Blocks":0,"Local Read Blocks":0,"Local Dirtied Blocks":0,"Local Written Blocks":0,"Temp Read Blocks":0,"Temp Written Blocks":0,"I/O Read Time":0.0,"I/O Write Time":0.0,"Temp I/O Read Time":0.0,"Temp I/O Write Time":0.0,"Plans":[{"Node Type":"Hash Join","Parent Relationship":"Outer","Parallel Aware":false,"Async Capable":false,"Join Type":"Inner","Startup Cost":29323.02,"Total Cost":480915.59,"Plan Rows":21214932,"Plan Width":22,"Actual Startup Time":809.164,"Actual Total Time":1770.324,"Actual Rows":4311079,"Actual Loops":1,"Output":["order_line.ol_amount","order_line.ol_o_id","order_line.ol_w_id","order_line.ol_d_id","stock.s_w_id","stock.s_i_id"],"Hash Cond":"((order_line.ol_w_id = stock.s_w_id) AND (order_line.ol_i_id = stock.s_i_id))","Rows Removed by Bloom Filter":0,"Shared Hit Blocks":0,"Shared Read Blocks":0,"Shared Dirtied Blocks":0,"Shared Written Blocks":0,"Local Hit Blocks":0,"Local Read Blocks":0,"Local Dirtied Blocks":0,"Local Written Blocks":0,"Temp Read Blocks":0,"Temp Written Blocks":0,"I/O Read Time":0.0,"I/O Write Time":0.0,"Temp I/O Read Time":0.0,"Temp I/O Write Time":0.0,"Plans":[{"Node Type":"Append","Parent Relationship":"Outer","Parallel Aware":false,"Async Capable":false,"Startup Cost":20.0,"Total Cost":533646.5,"Plan Rows":20926367,"Plan Width":20,"Actual Startup Time":123.154,"Actual Total Time":123.159,"Actual Rows":4311079,"Actual Loops":1,"Shared Hit Blocks":0,"Shared Read Blocks":0,"Shared Dirtied Blocks":0,"Shared Written Blocks":0,"Local Hit Blocks":0,"Local Read Blocks":0,"Local Dirtied Blocks":0,"Local Written Blocks":0,"Temp Read Blocks":0,"Temp Written Blocks":0,"I/O Read Time":0.0,"I/O Write Time":0.0,"Temp I/O Read Time":0.0,"Temp I/O Write Time":0.0,"Subplans Removed":0,"Plans":[{"Node Type":"Custom Scan","Parent Relationship":"Member","Custom Plan Provider":"columnar scan","Parallel Aware":false,"Async Capable":false,"Relation Name":"order_line","Schema":"public","Alias":"order_line","Startup Cost":20.0,"Total Cost":533641.75,"Plan Rows":20926325,"Plan Width":20,"Actual Startup Time":123.152,"Actual Total Time":123.154,"Actual Rows":4311079,"Actual Loops":1,"Output":["order_line.ol_amount","order_line.ol_o_id","order_line.ol_w_id","order_line.ol_d_id","order_line.ol_i_id"],"Filter":"(order_line.ol_delivery_d >= '1992-01-02 20:10:02.27764'::timestamp without time zone)","Rows Removed by Filter":0,"Rows Removed by Columnar Filter":25686653,"Rows Filtered by Bloom Filter":0,"Dictionary Rows Filtered by Bloom Filter":25686653,"Columnar cache search mode":"native","Shared Hit Blocks":0,"Shared Read Blocks":0,"Shared Dirtied Blocks":0,"Shared Written Blocks":0,"Local Hit Blocks":0,"Local Read Blocks":0,"Local Dirtied Blocks":0,"Local Written Blocks":0,"Temp Read Blocks":0,"Temp Written Blocks":0,"I/O Read Time":0.0,"I/O Write Time":0.0,"Temp I/O Read Time":0.0,"Temp I/O Write Time":0.0},{"Node Type":"Seq Scan","Parent Relationship":"Member","Parallel Aware":false,"Async Capable":false,"Relation Name":"order_line","Schema":"public","Alias":"order_line","Startup Cost":0.0,"Total Cost":4.75,"Plan Rows":42,"Plan Width":20,"Actual Startup Time":0.0,"Actual Total Time":0.0,"Actual Rows":0,"Actual Loops":0,"Output":["order_line.ol_amount","order_line.ol_o_id","order_line.ol_w_id","order_line.ol_d_id","order_line.ol_i_id"],"Filter":"(order_line.ol_delivery_d >= '1992-01-02 20:10:02.27764'::timestamp without time zone)","Rows Removed by Filter":0,"Shared Hit Blocks":0,"Shared Read Blocks":0,"Shared Dirtied Blocks":0,"Shared Written Blocks":0,"Local Hit Blocks":0,"Local Read Blocks":0,"Local Dirtied Blocks":0,"Local Written Blocks":0,"Temp Read Blocks":0,"Temp Written Blocks":0,"I/O Read Time":0.0,"I/O Write Time":0.0,"Temp I/O Read Time":0.0,"Temp I/O Write Time":0.0}]},{"Node Type":"Hash","Parent Relationship":"Inner","Parallel Aware":false,"Async Capable":false,"Startup Cost":195025.67,"Total Cost":195025.67,"Plan Rows":10000162,"Plan Width":6,"Actual Rows":10000000,"Actual Loops":1,"Output":["stock.s_w_id","stock.s_i_id"],"Shared Hit Blocks":0,"Shared Read Blocks":0,"Shared Dirtied Blocks":0,"Shared Written Blocks":0,"Local Hit Blocks":0,"Local Read Blocks":0,"Local Dirtied Blocks":0,"Local Written Blocks":0,"Temp Read Blocks":0,"Temp Written Blocks":0,"I/O Read Time":0.0,"I/O Write Time":0.0,"Temp I/O Read Time":0.0,"Temp I/O Write Time":0.0,"Plans":[{"Node Type":"Append","Parent Relationship":"Outer","Parallel Aware":false,"Async Capable":false,"Startup Cost":20.0,"Total Cost":195025.67,"Plan Rows":10000162,"Plan Width":6,"Actual Startup Time":0.235,"Actual Total Time":0.236,"Actual Rows":10000000,"Actual Loops":1,"Shared Hit Blocks":0,"Shared Read Blocks":0,"Shared Dirtied Blocks":0,"Shared Written Blocks":0,"Local Hit Blocks":0,"Local Read Blocks":0,"Local Dirtied Blocks":0,"Local Written Blocks":0,"Temp Read Blocks":0,"Temp Written Blocks":0,"I/O Read Time":0.0,"I/O Write Time":0.0,"Temp I/O Read Time":0.0,"Temp I/O Write Time":0.0,"Subplans Removed":0,"Plans":[{"Node Type":"Custom Scan","Parent Relationship":"Member","Custom Plan Provider":"columnar scan","Parallel Aware":false,"Async Capable":false,"Relation Name":"stock","Schema":"public","Alias":"stock","Startup Cost":20.0,"Total Cost":195020.05,"Plan Rows":10000000,"Plan Width":6,"Actual Startup Time":0.235,"Actual Total Time":0.235,"Actual Rows":10000000,"Actual Loops":1,"Output":["stock.s_w_id","stock.s_i_id"],"Rows Removed by Columnar Filter":0,"Columnar cache search mode":"native","Shared Hit Blocks":0,"Shared Read Blocks":0,"Shared Dirtied Blocks":0,"Shared Written Blocks":0,"Local Hit Blocks":0,"Local Read Blocks":0,"Local Dirtied Blocks":0,"Local Written Blocks":0,"Temp Read Blocks":0,"Temp Written Blocks":0,"I/O Read Time":0.0,"I/O Write Time":0.0,"Temp I/O Read Time":0.0,"Temp I/O Write Time":0.0},{"Node Type":"Seq Scan","Parent Relationship":"Member","Parallel Aware":false,"Async Capable":false,"Relation Name":"stock","Schema":"public","Alias":"stock","Startup Cost":0.0,"Total Cost":5.62,"Plan Rows":162,"Plan Width":6,"Actual Startup Time":0.0,"Actual Total Time":0.0,"Actual Rows":0,"Actual Loops":0,"Output":["stock.s_w_id","stock.s_i_id"],"Shared Hit Blocks":0,"Shared Read Blocks":0,"Shared Dirtied Blocks":0,"Shared Written Blocks":0,"Local Hit Blocks":0,"Local Read Blocks":0,"Local Dirtied Blocks":0,"Local Written Blocks":0,"Temp Read Blocks":0,"Temp Written Blocks":0,"I/O Read Time":0.0,"I/O Write Time":0.0,"Temp I/O Read Time":0.0,"Temp I/O Write Time":0.0}]}]}]},{"Node Type":"Hash","Parent Relationship":"Inner","Parallel Aware":false,"Async Capable":false,"Startup Cost":103.49,"Total Cost":103.49,"Plan Rows":2000,"Plan Width":20,"Actual Startup Time":2.505,"Actual Total Time":2.509,"Actual Rows":3506,"Actual Loops":1,"Output":["supplier.su_suppkey","supplier.su_nationkey","nation.n_name","nation.n_nationkey"],"Hash Buckets":4096,"Original Hash Buckets":2048,"Hash Batches":1,"Original Hash Batches":1,"Peak Memory Usage":217,"Shared Hit Blocks":0,"Shared Read Blocks":0,"Shared Dirtied Blocks":0,"Shared Written Blocks":0,"Local Hit Blocks":0,"Local Read Blocks":0,"Local Dirtied Blocks":0,"Local Written Blocks":0,"Temp Read Blocks":0,"Temp Written Blocks":0,"I/O Read Time":0.0,"I/O Write Time":0.0,"Temp I/O Read Time":0.0,"Temp I/O Write Time":0.0,"Plans":[{"Node Type":"Hash Join","Parent Relationship":"Outer","Parallel Aware":false,"Async Capable":false,"Join Type":"Inner","Startup Cost":49.06,"Total Cost":103.49,"Plan Rows":2000,"Plan Width":20,"Actual Startup Time":1.713,"Actual Total Time":1.967,"Actual Rows":3506,"Actual Loops":1,"Output":["supplier.su_suppkey","supplier.su_nationkey","nation.n_name","nation.n_nationkey"],"Hash Cond":"(supplier.su_nationkey = nation.n_nationkey)","Rows Removed by Bloom Filter":6494,"Shared Hit Blocks":0,"Shared Read Blocks":0,"Shared Dirtied Blocks":0,"Shared Written Blocks":0,"Local Hit Blocks":0,"Local Read Blocks":0,"Local Dirtied Blocks":0,"Local Written Blocks":0,"Temp Read Blocks":0,"Temp Written Blocks":0,"I/O Read Time":0.0,"I/O Write Time":0.0,"Temp I/O Read Time":0.0,"Temp I/O Write Time":0.0,"Plans":[{"Node Type":"Append","Parent Relationship":"Outer","Parallel Aware":false,"Async Capable":false,"Startup Cost":20.0,"Total Cost":219.01,"Plan Rows":10001,"Plan Width":8,"Actual Startup Time":0.029,"Actual Total Time":0.03,"Actual Rows":10000,"Actual Loops":1,"Shared Hit Blocks":0,"Shared Read Blocks":0,"Shared Dirtied Blocks":0,"Shared Written Blocks":0,"Local Hit Blocks":0,"Local Read Blocks":0,"Local Dirtied Blocks":0,"Local Written Blocks":0,"Temp Read Blocks":0,"Temp Written Blocks":0,"I/O Read Time":0.0,"I/O Write Time":0.0,"Temp I/O Read Time":0.0,"Temp I/O Write Time":0.0,"Subplans Removed":0,"Plans":[{"Node Type":"Custom Scan","Parent Relationship":"Member","Custom Plan Provider":"columnar scan","Parallel Aware":false,"Async Capable":false,"Relation Name":"supplier","Schema":"public","Alias":"supplier","Startup Cost":20.0,"Total Cost":215.0,"Plan Rows":10000,"Plan Width":8,"Actual Startup Time":0.028,"Actual Total Time":0.028,"Actual Rows":10000,"Actual Loops":1,"Output":["supplier.su_suppkey","supplier.su_nationkey"],"Rows Removed by Columnar Filter":0,"Columnar cache search mode":"native","Shared Hit Blocks":0,"Shared Read Blocks":0,"Shared Dirtied Blocks":0,"Shared Written Blocks":0,"Local Hit Blocks":0,"Local Read Blocks":0,"Local Dirtied Blocks":0,"Local Written Blocks":0,"Temp Read Blocks":0,"Temp Written Blocks":0,"I/O Read Time":0.0,"I/O Write Time":0.0,"Temp I/O Read Time":0.0,"Temp I/O Write Time":0.0},{"Node Type":"Seq Scan","Parent Relationship":"Member","Parallel Aware":false,"Async Capable":false,"Relation Name":"supplier","Schema":"public","Alias":"supplier","Startup Cost":0.0,"Total Cost":4.01,"Plan Rows":1,"Plan Width":8,"Actual Startup Time":0.0,"Actual Total Time":0.0,"Actual Rows":0,"Actual Loops":0,"Output":["supplier.su_suppkey","supplier.su_nationkey"],"Shared Hit Blocks":0,"Shared Read Blocks":0,"Shared Dirtied Blocks":0,"Shared Written Blocks":0,"Local Hit Blocks":0,"Local Read Blocks":0,"Local Dirtied Blocks":0,"Local Written Blocks":0,"Temp Read Blocks":0,"Temp Written Blocks":0,"I/O Read Time":0.0,"I/O Write Time":0.0,"Temp I/O Read Time":0.0,"Temp I/O Write Time":0.0}]},{"Node Type":"Hash","Parent Relationship":"Inner","Parallel Aware":false,"Async Capable":false,"Startup Cost":29.1,"Total Cost":29.1,"Plan Rows":12,"Plan Width":12,"Actual Rows":22,"Actual Loops":1,"Output":["nation.n_name","nation.n_nationkey"],"Shared Hit Blocks":0,"Shared Read Blocks":0,"Shared Dirtied Blocks":0,"Shared Written Blocks":0,"Local Hit Blocks":0,"Local Read Blocks":0,"Local Dirtied Blocks":0,"Local Written Blocks":0,"Temp Read Blocks":0,"Temp Written Blocks":0,"I/O Read Time":0.0,"I/O Write Time":0.0,"Temp I/O Read Time":0.0,"Temp I/O Write Time":0.0,"Plans":[{"Node Type":"Hash Join","Parent Relationship":"Outer","Parallel Aware":false,"Async Capable":false,"Join Type":"Inner","Startup Cost":24.16,"Total Cost":29.1,"Plan Rows":12,"Plan Width":12,"Actual Startup Time":0.553,"Actual Total Time":0.555,"Actual Rows":22,"Actual Loops":1,"Output":["nation.n_name","nation.n_nationkey"],"Hash Cond":"(region.r_regionkey = nation.n_regionkey)","Rows Removed by Bloom Filter":0,"Shared Hit Blocks":0,"Shared Read Blocks":0,"Shared Dirtied Blocks":0,"Shared Written Blocks":0,"Local Hit Blocks":0,"Local Read Blocks":0,"Local Dirtied Blocks":0,"Local Written Blocks":0,"Temp Read Blocks":0,"Temp Written Blocks":0,"I/O Read Time":0.0,"I/O Write Time":0.0,"Temp I/O Read Time":0.0,"Temp I/O Write Time":0.0,"Plans":[{"Node Type":"Append","Parent Relationship":"Outer","Parallel Aware":false,"Async Capable":false,"Startup Cost":20.0,"Total Cost":24.04,"Plan Rows":2,"Plan Width":4,"Actual Startup Time":0.035,"Actual Total Time":0.035,"Actual Rows":1,"Actual Loops":1,"Shared Hit Blocks":0,"Shared Read Blocks":0,"Shared Dirtied Blocks":0,"Shared Written Blocks":0,"Local Hit Blocks":0,"Local Read Blocks":0,"Local Dirtied Blocks":0,"Local Written Blocks":0,"Temp Read Blocks":0,"Temp Written Blocks":0,"I/O Read Time":0.0,"I/O Write Time":0.0,"Temp I/O Read Time":0.0,"Temp I/O Write Time":0.0,"Subplans Removed":0,"Plans":[{"Node Type":"Custom Scan","Parent Relationship":"Member","Custom Plan Provider":"columnar scan","Parallel Aware":false,"Async Capable":false,"Relation Name":"region","Schema":"public","Alias":"region","Startup Cost":20.0,"Total Cost":20.02,"Plan Rows":1,"Plan Width":4,"Actual Startup Time":0.034,"Actual Total Time":0.034,"Actual Rows":1,"Actual Loops":1,"Output":["region.r_regionkey"],"Filter":"((region.r_name)::text = 'Europe'::text)","Rows Removed by Filter":0,"Rows Removed by Columnar Filter":4,"Columnar cache search mode":"native","Shared Hit Blocks":0,"Shared Read Blocks":0,"Shared Dirtied Blocks":0,"Shared Written Blocks":0,"Local Hit Blocks":0,"Local Read Blocks":0,"Local Dirtied Blocks":0,"Local Written Blocks":0,"Temp Read Blocks":0,"Temp Written Blocks":0,"I/O Read Time":0.0,"I/O Write Time":0.0,"Temp I/O Read Time":0.0,"Temp I/O Write Time":0.0},{"Node Type":"Seq Scan","Parent Relationship":"Member","Parallel Aware":false,"Async Capable":false,"Relation Name":"region","Schema":"public","Alias":"region","Startup Cost":0.0,"Total Cost":4.01,"Plan Rows":1,"Plan Width":4,"Actual Startup Time":0.0,"Actual Total Time":0.0,"Actual Rows":0,"Actual Loops":0,"Output":["region.r_regionkey"],"Filter":"((region.r_name)::text = 'Europe'::text)","Rows Removed by Filter":0,"Shared Hit Blocks":0,"Shared Read Blocks":0,"Shared Dirtied Blocks":0,"Shared Written Blocks":0,"Local Hit Blocks":0,"Local Read Blocks":0,"Local Dirtied Blocks":0,"Local Written Blocks":0,"Temp Read Blocks":0,"Temp Written Blocks":0,"I/O Read Time":0.0,"I/O Write Time":0.0,"Temp I/O Read Time":0.0,"Temp I/O Write Time":0.0}]},{"Node Type":"Hash","Parent Relationship":"Inner","Parallel Aware":false,"Async Capable":false,"Startup Cost":25.34,"Total Cost":25.34,"Plan Rows":63,"Plan Width":16,"Actual Rows":62,"Actual Loops":1,"Output":["nation.n_name","nation.n_nationkey","nation.n_regionkey"],"Shared Hit Blocks":0,"Shared Read Blocks":0,"Shared Dirtied Blocks":0,"Shared Written Blocks":0,"Local Hit Blocks":0,"Local Read Blocks":0,"Local Dirtied Blocks":0,"Local Written Blocks":0,"Temp Read Blocks":0,"Temp Written Blocks":0,"I/O Read Time":0.0,"I/O Write Time":0.0,"Temp I/O Read Time":0.0,"Temp I/O Write Time":0.0,"Plans":[{"Node Type":"Append","Parent Relationship":"Outer","Parallel Aware":false,"Async Capable":false,"Startup Cost":20.0,"Total Cost":25.34,"Plan Rows":63,"Plan Width":16,"Actual Startup Time":0.029,"Actual Total Time":0.029,"Actual Rows":62,"Actual Loops":1,"Shared Hit Blocks":0,"Shared Read Blocks":0,"Shared Dirtied Blocks":0,"Shared Written Blocks":0,"Local Hit Blocks":0,"Local Read Blocks":0,"Local Dirtied Blocks":0,"Local Written Blocks":0,"Temp Read Blocks":0,"Temp Written Blocks":0,"I/O Read Time":0.0,"I/O Write Time":0.0,"Temp I/O Read Time":0.0,"Temp I/O Write Time":0.0,"Subplans Removed":0,"Plans":[{"Node Type":"Custom Scan","Parent Relationship":"Member","Custom Plan Provider":"columnar scan","Parallel Aware":false,"Async Capable":false,"Relation Name":"nation","Schema":"public","Alias":"nation","Startup Cost":20.0,"Total Cost":21.33,"Plan Rows":62,"Plan Width":16,"Actual Startup Time":0.027,"Actual Total Time":0.027,"Actual Rows":62,"Actual Loops":1,"Output":["nation.n_name","nation.n_nationkey","nation.n_regionkey"],"Rows Removed by Columnar Filter":0,"Columnar cache search mode":"native","Shared Hit Blocks":0,"Shared Read Blocks":0,"Shared Dirtied Blocks":0,"Shared Written Blocks":0,"Local Hit Blocks":0,"Local Read Blocks":0,"Local Dirtied Blocks":0,"Local Written Blocks":0,"Temp Read Blocks":0,"Temp Written Blocks":0,"I/O Read Time":0.0,"I/O Write Time":0.0,"Temp I/O Read Time":0.0,"Temp I/O Write Time":0.0},{"Node Type":"Seq Scan","Parent Relationship":"Member","Parallel Aware":false,"Async Capable":false,"Relation Name":"nation","Schema":"public","Alias":"nation","Startup Cost":0.0,"Total Cost":4.01,"Plan Rows":1,"Plan Width":16,"Actual Startup Time":0.0,"Actual Total Time":0.0,"Actual Rows":0,"Actual Loops":0,"Output":["nation.n_name","nation.n_nationkey","nation.n_regionkey"],"Shared Hit Blocks":0,"Shared Read Blocks":0,"Shared Dirtied Blocks":0,"Shared Written Blocks":0,"Local Hit Blocks":0,"Local Read Blocks":0,"Local Dirtied Blocks":0,"Local Written Blocks":0,"Temp Read Blocks":0,"Temp Written Blocks":0,"I/O Read Time":0.0,"I/O Write Time":0.0,"Temp I/O Read Time":0.0,"Temp I/O Write Time":0.0}]}]}]}]}]}]}]},{"Node Type":"Hash","Parent Relationship":"Inner","Parallel Aware":false,"Async Capable":false,"Startup Cost":67059.0,"Total Cost":67059.0,"Plan Rows":426548,"Plan Width":16,"Actual Startup Time":324.199,"Actual Total Time":324.2,"Actual Rows":428399,"Actual Loops":1,"Output":["orders.o_c_id","orders.o_w_id","orders.o_d_id","orders.o_id"],"Hash Buckets":262144,"Original Hash Buckets":262144,"Hash Batches":4,"Original Hash Batches":4,"Peak Memory Usage":7080,"Shared Hit Blocks":22059,"Shared Read Blocks":0,"Shared Dirtied Blocks":0,"Shared Written Blocks":0,"Local Hit Blocks":0,"Local Read Blocks":0,"Local Dirtied Blocks":0,"Local Written Blocks":0,"Temp Read Blocks":0,"Temp Written Blocks":1410,"I/O Read Time":0.0,"I/O Write Time":0.0,"Temp I/O Read Time":0.0,"Temp I/O Write Time":6.191,"Plans":[{"Node Type":"Seq Scan","Parent Relationship":"Outer","Parallel Aware":false,"Async Capable":false,"Relation Name":"orders","Schema":"public","Alias":"orders","Startup Cost":0.0,"Total Cost":67059.0,"Plan Rows":426548,"Plan Width":16,"Actual Startup Time":0.781,"Actual Total Time":222.121,"Actual Rows":428399,"Actual Loops":1,"Output":["orders.o_c_id","orders.o_w_id","orders.o_d_id","orders.o_id"],"Filter":"((orders.o_entry_d >= '1993-01-02 20:10:02.27764'::timestamp without time zone) AND (orders.o_entry_d < '1994-01-02 20:10:02.27764'::timestamp without time zone))","Rows Removed by Filter":2571601,"Shared Hit Blocks":22059,"Shared Read Blocks":0,"Shared Dirtied Blocks":0,"Shared Written Blocks":0,"Local Hit Blocks":0,"Local Read Blocks":0,"Local Dirtied Blocks":0,"Local Written Blocks":0,"Temp Read Blocks":0,"Temp Written Blocks":0,"I/O Read Time":0.0,"I/O Write Time":0.0,"Temp I/O Read Time":0.0,"Temp I/O Write Time":0.0}]}]},{"Node Type":"Hash","Parent Relationship":"Inner","Parallel Aware":false,"Async Capable":false,"Startup Cost":254511.16,"Total Cost":254511.16,"Plan Rows":2999739,"Plan Width":12,"Actual Startup Time":1203.445,"Actual Total Time":1203.446,"Actual Rows":3000000,"Actual Loops":1,"Output":["customer.c_id","customer.c_w_id","customer.c_d_id","customer.c_nationkey"],"Hash Buckets":262144,"Original Hash Buckets":262144,"Hash Batches":32,"Original Hash Batches":32,"Peak Memory Usage":6058,"Shared Hit Blocks":0,"Shared Read Blocks":0,"Shared Dirtied Blocks":0,"Shared Written Blocks":0,"Local Hit Blocks":0,"Local Read Blocks":0,"Local Dirtied Blocks":0,"Local Written Blocks":0,"Temp Read Blocks":0,"Temp Written Blocks":11339,"I/O Read Time":0.0,"I/O Write Time":0.0,"Temp I/O Read Time":0.0,"Temp I/O Write Time":48.879,"Plans":[{"Node Type":"Append","Parent Relationship":"Outer","Parallel Aware":false,"Async Capable":false,"Startup Cost":20.0,"Total Cost":254511.16,"Plan Rows":2999739,"Plan Width":12,"Actual Startup Time":0.038,"Actual Total Time":676.147,"Actual Rows":3000000,"Actual Loops":1,"Shared Hit Blocks":0,"Shared Read Blocks":0,"Shared Dirtied Blocks":0,"Shared Written Blocks":0,"Local Hit Blocks":0,"Local Read Blocks":0,"Local Dirtied Blocks":0,"Local Written Blocks":0,"Temp Read Blocks":0,"Temp Written Blocks":0,"I/O Read Time":0.0,"I/O Write Time":0.0,"Temp I/O Read Time":0.0,"Temp I/O Write Time":0.0,"Subplans Removed":0,"Plans":[{"Node Type":"Custom Scan","Parent Relationship":"Member","Custom Plan Provider":"columnar scan","Parallel Aware":false,"Async Capable":false,"Relation Name":"customer","Schema":"public","Alias":"customer","Startup Cost":20.0,"Total Cost":70513.87,"Plan Rows":2999738,"Plan Width":12,"Actual Startup Time":0.037,"Actual Total Time":451.717,"Actual Rows":3000000,"Actual Loops":1,"Output":["customer.c_id","customer.c_w_id","customer.c_d_id","customer.c_nationkey"],"Rows Removed by Columnar Filter":0,"Columnar cache search mode":"native","Shared Hit Blocks":0,"Shared Read Blocks":0,"Shared Dirtied Blocks":0,"Shared Written Blocks":0,"Local Hit Blocks":0,"Local Read Blocks":0,"Local Dirtied Blocks":0,"Local Written Blocks":0,"Temp Read Blocks":0,"Temp Written Blocks":0,"I/O Read Time":0.0,"I/O Write Time":0.0,"Temp I/O Read Time":0.0,"Temp I/O Write Time":0.0},{"Node Type":"Seq Scan","Parent Relationship":"Member","Parallel Aware":false,"Async Capable":false,"Relation Name":"customer","Schema":"public","Alias":"customer","Startup Cost":0.0,"Total Cost":4.01,"Plan Rows":1,"Plan Width":12,"Actual Startup Time":0.0,"Actual Total Time":0.0,"Actual Rows":0,"Actual Loops":0,"Output":["customer.c_id","customer.c_w_id","customer.c_d_id","customer.c_nationkey"],"Shared Hit Blocks":0,"Shared Read Blocks":0,"Shared Dirtied Blocks":0,"Shared Written Blocks":0,"Local Hit Blocks":0,"Local Read Blocks":0,"Local Dirtied Blocks":0,"Local Written Blocks":0,"Temp Read Blocks":0,"Temp Written Blocks":0,"I/O Read Time":0.0,"I/O Write Time":0.0,"Temp I/O Read Time":0.0,"Temp I/O Write Time":0.0}]}]}]}]}]}]},"Planning":{"Shared Hit Blocks":16,"Shared Read Blocks":0,"Shared Dirtied Blocks":0,"Shared Written Blocks":0,"Local Hit Blocks":0,"Local Read Blocks":0,"Local Dirtied Blocks":0,"Local Written Blocks":0,"Temp Read Blocks":0,"Temp Written Blocks":0,"I/O Read Time":0.0,"I/O Write Time":0.0,"Temp I/O Read Time":0.0,"Temp I/O Write Time":0.0},"Planning Time":5.569,"Triggers":[],"Execution Time":5510.091}]
[列存组合]: customer, nation, orders, region, stock, supplier
[{"Plan":{"Node Type":"Sort","Parallel Aware":false,"Async Capable":false,"Startup Cost":2010681.59,"Total Cost":2010681.74,"Plan Rows":62,"Plan Width":40,"Actual Startup Time":16424.734,"Actual Total Time":16424.757,"Actual Rows":11,"Actual Loops":1,"Output":["nation.n_name","(sum(order_line.ol_amount))"],"Sort Key":["(sum(order_line.ol_amount)) DESC"],"Sort Method":"quicksort","Sort Space Used":25,"Sort Space Type":"Memory","Shared Hit Blocks":368224,"Shared Read Blocks":0,"Shared Dirtied Blocks":0,"Shared Written Blocks":0,"Local Hit Blocks":0,"Local Read Blocks":0,"Local Dirtied Blocks":0,"Local Written Blocks":0,"Temp Read Blocks":129460,"Temp Written Blocks":129487,"I/O Read Time":0.0,"I/O Write Time":0.0,"Temp I/O Read Time":202.966,"Temp I/O Write Time":514.465,"Plans":[{"Node Type":"Aggregate","Strategy":"Sorted","Partial Mode":"Simple","Parent Relationship":"Outer","Parallel Aware":false,"Async Capable":false,"Startup Cost":2010605.8,"Total Cost":2010679.74,"Plan Rows":62,"Plan Width":40,"Actual Startup Time":16421.917,"Actual Total Time":16424.741,"Actual Rows":11,"Actual Loops":1,"Output":["nation.n_name","sum(order_line.ol_amount)"],"Group Key":["nation.n_name"],"Shared Hit Blocks":368224,"Shared Read Blocks":0,"Shared Dirtied Blocks":0,"Shared Written Blocks":0,"Local Hit Blocks":0,"Local Read Blocks":0,"Local Dirtied Blocks":0,"Local Written Blocks":0,"Temp Read Blocks":129460,"Temp Written Blocks":129487,"I/O Read Time":0.0,"I/O Write Time":0.0,"Temp I/O Read Time":202.966,"Temp I/O Write Time":514.465,"Plans":[{"Node Type":"Sort","Parent Relationship":"Outer","Parallel Aware":false,"Async Capable":false,"Startup Cost":2010605.8,"Total Cost":2010630.19,"Plan Rows":9755,"Plan Width":12,"Actual Startup Time":16421.708,"Actual Total Time":16422.482,"Actual Rows":17493,"Actual Loops":1,"Output":["nation.n_name","order_line.ol_amount"],"Sort Key":["nation.n_name"],"Sort Method":"quicksort","Sort Space Used":1725,"Sort Space Type":"Memory","Shared Hit Blocks":368224,"Shared Read Blocks":0,"Shared Dirtied Blocks":0,"Shared Written Blocks":0,"Local Hit Blocks":0,"Local Read Blocks":0,"Local Dirtied Blocks":0,"Local Written Blocks":0,"Temp Read Blocks":129460,"Temp Written Blocks":129487,"I/O Read Time":0.0,"I/O Write Time":0.0,"Temp I/O Read Time":202.966,"Temp I/O Write Time":514.465,"Plans":[{"Node Type":"Hash Join","Parent Relationship":"Outer","Parallel Aware":false,"Async Capable":false,"Join Type":"Inner","Startup Cost":1686462.53,"Total Cost":2009959.44,"Plan Rows":9755,"Plan Width":12,"Actual Startup Time":14584.664,"Actual Total Time":16412.911,"Actual Rows":17493,"Actual Loops":1,"Output":["nation.n_name","order_line.ol_amount"],"Inner Unique":true,"Hash Cond":"((mod((stock.s_w_id * stock.s_i_id), 10000) = supplier.su_suppkey) AND (customer.c_nationkey = supplier.su_nationkey))","Shared Hit Blocks":368224,"Shared Read Blocks":0,"Shared Dirtied Blocks":0,"Shared Written Blocks":0,"Local Hit Blocks":0,"Local Read Blocks":0,"Local Dirtied Blocks":0,"Local Written Blocks":0,"Temp Read Blocks":129460,"Temp Written Blocks":129487,"I/O Read Time":0.0,"I/O Write Time":0.0,"Temp I/O Read Time":202.966,"Temp I/O Write Time":514.465,"Plans":[{"Node Type":"Merge Join","Parent Relationship":"Outer","Parallel Aware":false,"Async Capable":false,"Join Type":"Inner","Startup Cost":1686093.5,"Total Cost":2006275.28,"Plan Rows":602749,"Plan Width":26,"Actual Startup Time":14581.168,"Actual Total Time":16270.122,"Actual Rows":1109507,"Actual Loops":1,"Output":["customer.c_nationkey","order_line.ol_amount","stock.s_w_id","stock.s_i_id","nation.n_name","nation.n_nationkey"],"Inner Unique":true,"Merge Cond":"((customer.c_w_id = stock.s_w_id) AND (order_line.ol_i_id = stock.s_i_id))","Shared Hit Blocks":368224,"Shared Read Blocks":0,"Shared Dirtied Blocks":0,"Shared Written Blocks":0,"Local Hit Blocks":0,"Local Read Blocks":0,"Local Dirtied Blocks":0,"Local Written Blocks":0,"Temp Read Blocks":129460,"Temp Written Blocks":129487,"I/O Read Time":0.0,"I/O Write Time":0.0,"Temp I/O Read Time":202.966,"Temp I/O Write Time":514.465,"Plans":[{"Node Type":"Sort","Parent Relationship":"Outer","Parallel Aware":false,"Async Capable":false,"Startup Cost":1686093.07,"Total Cost":1687580.75,"Plan Rows":595073,"Plan Width":30,"Actual Startup Time":14581.112,"Actual Total Time":14761.685,"Actual Rows":1109507,"Actual Loops":1,"Output":["customer.c_w_id","customer.c_nationkey","orders.o_w_id","order_line.ol_amount","order_line.ol_w_id","order_line.ol_i_id","nation.n_name","nation.n_nationkey"],"Sort Key":["customer.c_w_id","order_line.ol_i_id"],"Sort Method":"external merge","Sort Space Used":47304,"Sort Space Type":"Disk","Shared Hit Blocks":340886,"Shared Read Blocks":0,"Shared Dirtied Blocks":0,"Shared Written Blocks":0,"Local Hit Blocks":0,"Local Read Blocks":0,"Local Dirtied Blocks":0,"Local Written Blocks":0,"Temp Read Blocks":129460,"Temp Written Blocks":129487,"I/O Read Time":0.0,"I/O Write Time":0.0,"Temp I/O Read Time":202.966,"Temp I/O Write Time":514.465,"Plans":[{"Node Type":"Hash Join","Parent Relationship":"Outer","Parallel Aware":false,"Async Capable":false,"Join Type":"Inner","Startup Cost":396949.46,"Total Cost":1614779.51,"Plan Rows":595073,"Plan Width":30,"Actual Startup Time":1415.494,"Actual Total Time":13193.789,"Actual Rows":1109507,"Actual Loops":1,"Output":["customer.c_w_id","customer.c_nationkey","orders.o_w_id","order_line.ol_amount","order_line.ol_w_id","order_line.ol_i_id","nation.n_name","nation.n_nationkey"],"Inner Unique":false,"Hash Cond":"(customer.c_nationkey = nation.n_nationkey)","Shared Hit Blocks":340886,"Shared Read Blocks":0,"Shared Dirtied Blocks":0,"Shared Written Blocks":0,"Local Hit Blocks":0,"Local Read Blocks":0,"Local Dirtied Blocks":0,"Local Written Blocks":0,"Temp Read Blocks":117643,"Temp Written Blocks":117643,"I/O Read Time":0.0,"I/O Write Time":0.0,"Temp I/O Read Time":184.995,"Temp I/O Write Time":483.056,"Plans":[{"Node Type":"Hash Join","Parent Relationship":"Outer","Parallel Aware":false,"Async Capable":false,"Join Type":"Inner","Startup Cost":396946.31,"Total Cost":1597859.98,"Plan Rows":2975367,"Plan Width":18,"Actual Startup Time":1405.988,"Actual Total Time":12777.415,"Actual Rows":4284922,"Actual Loops":1,"Output":["customer.c_w_id","customer.c_nationkey","orders.o_w_id","order_line.ol_amount","order_line.ol_w_id","order_line.ol_i_id"],"Inner Unique":true,"Hash Cond":"((orders.o_c_id = customer.c_id) AND (orders.o_w_id = customer.c_w_id) AND (orders.o_d_id = customer.c_d_id))","Shared Hit Blocks":340884,"Shared Read Blocks":0,"Shared Dirtied Blocks":0,"Shared Written Blocks":0,"Local Hit Blocks":0,"Local Read Blocks":0,"Local Dirtied Blocks":0,"Local Written Blocks":0,"Temp Read Blocks":117643,"Temp Written Blocks":117643,"I/O Read Time":0.0,"I/O Write Time":0.0,"Temp I/O Read Time":184.995,"Temp I/O Write Time":483.056,"Plans":[{"Node Type":"Hash Join","Parent Relationship":"Outer","Parallel Aware":false,"Async Capable":false,"Join Type":"Inner","Startup Cost":75291.73,"Total Cost":1203258.36,"Plan Rows":2975367,"Plan Width":20,"Actual Startup Time":245.808,"Actual Total Time":9485.273,"Actual Rows":4284922,"Actual Loops":1,"Output":["orders.o_c_id","orders.o_w_id","orders.o_d_id","order_line.ol_amount","order_line.ol_w_id","order_line.ol_d_id","order_line.ol_i_id"],"Inner Unique":true,"Hash Cond":"((order_line.ol_w_id = orders.o_w_id) AND (order_line.ol_d_id = orders.o_d_id) AND (order_line.ol_o_id = orders.o_id))","Shared Hit Blocks":340884,"Shared Read Blocks":0,"Shared Dirtied Blocks":0,"Shared Written Blocks":0,"Local Hit Blocks":0,"Local Read Blocks":0,"Local Dirtied Blocks":0,"Local Written Blocks":0,"Temp Read Blocks":85996,"Temp Written Blocks":85996,"I/O Read Time":0.0,"I/O Write Time":0.0,"Temp I/O Read Time":135.194,"Temp I/O Write Time":341.785,"Plans":[{"Node Type":"Seq Scan","Parent Relationship":"Outer","Parallel Aware":false,"Async Capable":false,"Relation Name":"order_line","Schema":"public","Alias":"order_line","Startup Cost":0.0,"Total Cost":715856.4,"Plan Rows":20926367,"Plan Width":20,"Actual Startup Time":0.006,"Actual Total Time":3689.41,"Actual Rows":21002151,"Actual Loops":1,"Output":["order_line.ol_amount","order_line.ol_o_id","order_line.ol_w_id","order_line.ol_d_id","order_line.ol_i_id"],"Filter":"(order_line.ol_delivery_d >= '1992-01-02 20:10:02.27764'::timestamp without time zone)","Rows Removed by Filter":8995581,"Shared Hit Blocks":340884,"Shared Read Blocks":0,"Shared Dirtied Blocks":0,"Shared Written Blocks":0,"Local Hit Blocks":0,"Local Read Blocks":0,"Local Dirtied Blocks":0,"Local Written Blocks":0,"Temp Read Blocks":0,"Temp Written Blocks":0,"I/O Read Time":0.0,"I/O Write Time":0.0,"Temp I/O Read Time":0.0,"Temp I/O Write Time":0.0},{"Node Type":"Hash","Parent Relationship":"Inner","Parallel Aware":false,"Async Capable":false,"Startup Cost":65744.12,"Total Cost":65744.12,"Plan Rows":426549,"Plan Width":16,"Actual Startup Time":178.322,"Actual Total Time":178.329,"Actual Rows":428399,"Actual Loops":1,"Output":["orders.o_c_id","orders.o_w_id","orders.o_d_id","orders.o_id"],"Hash Buckets":262144,"Original Hash Buckets":262144,"Hash Batches":4,"Original Hash Batches":4,"Peak Memory Usage":7080,"Shared Hit Blocks":0,"Shared Read Blocks":0,"Shared Dirtied Blocks":0,"Shared Written Blocks":0,"Local Hit Blocks":0,"Local Read Blocks":0,"Local Dirtied Blocks":0,"Local Written Blocks":0,"Temp Read Blocks":0,"Temp Written Blocks":1410,"I/O Read Time":0.0,"I/O Write Time":0.0,"Temp I/O Read Time":0.0,"Temp I/O Write Time":5.551,"Plans":[{"Node Type":"Append","Parent Relationship":"Outer","Parallel Aware":false,"Async Capable":false,"Startup Cost":20.0,"Total Cost":65744.12,"Plan Rows":426549,"Plan Width":16,"Actual Startup Time":0.522,"Actual Total Time":102.893,"Actual Rows":428399,"Actual Loops":1,"Shared Hit Blocks":0,"Shared Read Blocks":0,"Shared Dirtied Blocks":0,"Shared Written Blocks":0,"Local Hit Blocks":0,"Local Read Blocks":0,"Local Dirtied Blocks":0,"Local Written Blocks":0,"Temp Read Blocks":0,"Temp Written Blocks":0,"I/O Read Time":0.0,"I/O Write Time":0.0,"Temp I/O Read Time":0.0,"Temp I/O Write Time":0.0,"Subplans Removed":0,"Plans":[{"Node Type":"Custom Scan","Parent Relationship":"Member","Custom Plan Provider":"columnar scan","Parallel Aware":false,"Async Capable":false,"Relation Name":"orders","Schema":"public","Alias":"orders","Startup Cost":20.0,"Total Cost":10043.96,"Plan Rows":426548,"Plan Width":16,"Actual Startup Time":0.521,"Actual Total Time":72.465,"Actual Rows":428399,"Actual Loops":1,"Output":["orders.o_c_id","orders.o_w_id","orders.o_d_id","orders.o_id"],"Filter":"((orders.o_entry_d < '1994-01-02 20:10:02.27764'::timestamp without time zone) AND (orders.o_entry_d >= '1993-01-02 20:10:02.27764'::timestamp without time zone))","Rows Removed by Filter":0,"Rows Removed by Columnar Filter":2571601,"Columnar cache search mode":"native","Shared Hit Blocks":0,"Shared Read Blocks":0,"Shared Dirtied Blocks":0,"Shared Written Blocks":0,"Local Hit Blocks":0,"Local Read Blocks":0,"Local Dirtied Blocks":0,"Local Written Blocks":0,"Temp Read Blocks":0,"Temp Written Blocks":0,"I/O Read Time":0.0,"I/O Write Time":0.0,"Temp I/O Read Time":0.0,"Temp I/O Write Time":0.0},{"Node Type":"Seq Scan","Parent Relationship":"Member","Parallel Aware":false,"Async Capable":false,"Relation Name":"orders","Schema":"public","Alias":"orders","Startup Cost":0.0,"Total Cost":4.01,"Plan Rows":1,"Plan Width":16,"Actual Startup Time":0.0,"Actual Total Time":0.0,"Actual Rows":0,"Actual Loops":0,"Output":["orders.o_c_id","orders.o_w_id","orders.o_d_id","orders.o_id"],"Filter":"((orders.o_entry_d < '1994-01-02 20:10:02.27764'::timestamp without time zone) AND (orders.o_entry_d >= '1993-01-02 20:10:02.27764'::timestamp without time zone))","Rows Removed by Filter":0,"Shared Hit Blocks":0,"Shared Read Blocks":0,"Shared Dirtied Blocks":0,"Shared Written Blocks":0,"Local Hit Blocks":0,"Local Read Blocks":0,"Local Dirtied Blocks":0,"Local Written Blocks":0,"Temp Read Blocks":0,"Temp Written Blocks":0,"I/O Read Time":0.0,"I/O Write Time":0.0,"Temp I/O Read Time":0.0,"Temp I/O Write Time":0.0}]}]}]},{"Node Type":"Hash","Parent Relationship":"Inner","Parallel Aware":false,"Async Capable":false,"Startup Cost":254511.16,"Total Cost":254511.16,"Plan Rows":2999739,"Plan Width":12,"Actual Startup Time":1157.887,"Actual Total Time":1157.889,"Actual Rows":3000000,"Actual Loops":1,"Output":["customer.c_id","customer.c_w_id","customer.c_d_id","customer.c_nationkey"],"Hash Buckets":262144,"Original Hash Buckets":262144,"Hash Batches":32,"Original Hash Batches":32,"Peak Memory Usage":6090,"Shared Hit Blocks":0,"Shared Read Blocks":0,"Shared Dirtied Blocks":0,"Shared Written Blocks":0,"Local Hit Blocks":0,"Local Read Blocks":0,"Local Dirtied Blocks":0,"Local Written Blocks":0,"Temp Read Blocks":0,"Temp Written Blocks":11335,"I/O Read Time":0.0,"I/O Write Time":0.0,"Temp I/O Read Time":0.0,"Temp I/O Write Time":48.091,"Plans":[{"Node Type":"Append","Parent Relationship":"Outer","Parallel Aware":false,"Async Capable":false,"Startup Cost":20.0,"Total Cost":254511.16,"Plan Rows":2999739,"Plan Width":12,"Actual Startup Time":0.016,"Actual Total Time":655.894,"Actual Rows":3000000,"Actual Loops":1,"Shared Hit Blocks":0,"Shared Read Blocks":0,"Shared Dirtied Blocks":0,"Shared Written Blocks":0,"Local Hit Blocks":0,"Local Read Blocks":0,"Local Dirtied Blocks":0,"Local Written Blocks":0,"Temp Read Blocks":0,"Temp Written Blocks":0,"I/O Read Time":0.0,"I/O Write Time":0.0,"Temp I/O Read Time":0.0,"Temp I/O Write Time":0.0,"Subplans Removed":0,"Plans":[{"Node Type":"Custom Scan","Parent Relationship":"Member","Custom Plan Provider":"columnar scan","Parallel Aware":false,"Async Capable":false,"Relation Name":"customer","Schema":"public","Alias":"customer","Startup Cost":20.0,"Total Cost":70513.87,"Plan Rows":2999738,"Plan Width":12,"Actual Startup Time":0.015,"Actual Total Time":445.009,"Actual Rows":3000000,"Actual Loops":1,"Output":["customer.c_id","customer.c_w_id","customer.c_d_id","customer.c_nationkey"],"Rows Removed by Columnar Filter":0,"Columnar cache search mode":"native","Shared Hit Blocks":0,"Shared Read Blocks":0,"Shared Dirtied Blocks":0,"Shared Written Blocks":0,"Local Hit Blocks":0,"Local Read Blocks":0,"Local Dirtied Blocks":0,"Local Written Blocks":0,"Temp Read Blocks":0,"Temp Written Blocks":0,"I/O Read Time":0.0,"I/O Write Time":0.0,"Temp I/O Read Time":0.0,"Temp I/O Write Time":0.0},{"Node Type":"Seq Scan","Parent Relationship":"Member","Parallel Aware":false,"Async Capable":false,"Relation Name":"customer","Schema":"public","Alias":"customer","Startup Cost":0.0,"Total Cost":4.01,"Plan Rows":1,"Plan Width":12,"Actual Startup Time":0.0,"Actual Total Time":0.0,"Actual Rows":0,"Actual Loops":0,"Output":["customer.c_id","customer.c_w_id","customer.c_d_id","customer.c_nationkey"],"Shared Hit Blocks":0,"Shared Read Blocks":0,"Shared Dirtied Blocks":0,"Shared Written Blocks":0,"Local Hit Blocks":0,"Local Read Blocks":0,"Local Dirtied Blocks":0,"Local Written Blocks":0,"Temp Read Blocks":0,"Temp Written Blocks":0,"I/O Read Time":0.0,"I/O Write Time":0.0,"Temp I/O Read Time":0.0,"Temp I/O Write Time":0.0}]}]}]},{"Node Type":"Hash","Parent Relationship":"Inner","Parallel Aware":false,"Async Capable":false,"Startup Cost":2.99,"Total Cost":2.99,"Plan Rows":12,"Plan Width":12,"Actual Startup Time":0.041,"Actual Total Time":0.046,"Actual Rows":22,"Actual Loops":1,"Output":["nation.n_name","nation.n_nationkey"],"Hash Buckets":1024,"Original Hash Buckets":1024,"Hash Batches":1,"Original Hash Batches":1,"Peak Memory Usage":9,"Shared Hit Blocks":2,"Shared Read Blocks":0,"Shared Dirtied Blocks":0,"Shared Written Blocks":0,"Local Hit Blocks":0,"Local Read Blocks":0,"Local Dirtied Blocks":0,"Local Written Blocks":0,"Temp Read Blocks":0,"Temp Written Blocks":0,"I/O Read Time":0.0,"I/O Write Time":0.0,"Temp I/O Read Time":0.0,"Temp I/O Write Time":0.0,"Plans":[{"Node Type":"Hash Join","Parent Relationship":"Outer","Parallel Aware":false,"Async Capable":false,"Join Type":"Inner","Startup Cost":1.07,"Total Cost":2.99,"Plan Rows":12,"Plan Width":12,"Actual Startup Time":0.025,"Actual Total Time":0.041,"Actual Rows":22,"Actual Loops":1,"Output":["nation.n_name","nation.n_nationkey"],"Inner Unique":true,"Hash Cond":"(nation.n_regionkey = region.r_regionkey)","Shared Hit Blocks":2,"Shared Read Blocks":0,"Shared Dirtied Blocks":0,"Shared Written Blocks":0,"Local Hit Blocks":0,"Local Read Blocks":0,"Local Dirtied Blocks":0,"Local Written Blocks":0,"Temp Read Blocks":0,"Temp Written Blocks":0,"I/O Read Time":0.0,"I/O Write Time":0.0,"Temp I/O Read Time":0.0,"Temp I/O Write Time":0.0,"Plans":[{"Node Type":"Seq Scan","Parent Relationship":"Outer","Parallel Aware":false,"Async Capable":false,"Relation Name":"nation","Schema":"public","Alias":"nation","Startup Cost":0.0,"Total Cost":1.62,"Plan Rows":62,"Plan Width":16,"Actual Startup Time":0.007,"Actual Total Time":0.011,"Actual Rows":62,"Actual Loops":1,"Output":["nation.n_nationkey","nation.n_name","nation.n_regionkey","nation.n_comment"],"Shared Hit Blocks":1,"Shared Read Blocks":0,"Shared Dirtied Blocks":0,"Shared Written Blocks":0,"Local Hit Blocks":0,"Local Read Blocks":0,"Local Dirtied Blocks":0,"Local Written Blocks":0,"Temp Read Blocks":0,"Temp Written Blocks":0,"I/O Read Time":0.0,"I/O Write Time":0.0,"Temp I/O Read Time":0.0,"Temp I/O Write Time":0.0},{"Node Type":"Hash","Parent Relationship":"Inner","Parallel Aware":false,"Async Capable":false,"Startup Cost":1.06,"Total Cost":1.06,"Plan Rows":1,"Plan Width":4,"Actual Startup Time":0.007,"Actual Total Time":0.009,"Actual Rows":1,"Actual Loops":1,"Output":["region.r_regionkey"],"Hash Buckets":1024,"Original Hash Buckets":1024,"Hash Batches":1,"Original Hash Batches":1,"Peak Memory Usage":9,"Shared Hit Blocks":1,"Shared Read Blocks":0,"Shared Dirtied Blocks":0,"Shared Written Blocks":0,"Local Hit Blocks":0,"Local Read Blocks":0,"Local Dirtied Blocks":0,"Local Written Blocks":0,"Temp Read Blocks":0,"Temp Written Blocks":0,"I/O Read Time":0.0,"I/O Write Time":0.0,"Temp I/O Read Time":0.0,"Temp I/O Write Time":0.0,"Plans":[{"Node Type":"Seq Scan","Parent Relationship":"Outer","Parallel Aware":false,"Async Capable":false,"Relation Name":"region","Schema":"public","Alias":"region","Startup Cost":0.0,"Total Cost":1.06,"Plan Rows":1,"Plan Width":4,"Actual Startup Time":0.005,"Actual Total Time":0.006,"Actual Rows":1,"Actual Loops":1,"Output":["region.r_regionkey"],"Filter":"((region.r_name)::text = 'Europe'::text)","Rows Removed by Filter":4,"Shared Hit Blocks":1,"Shared Read Blocks":0,"Shared Dirtied Blocks":0,"Shared Written Blocks":0,"Local Hit Blocks":0,"Local Read Blocks":0,"Local Dirtied Blocks":0,"Local Written Blocks":0,"Temp Read Blocks":0,"Temp Written Blocks":0,"I/O Read Time":0.0,"I/O Write Time":0.0,"Temp I/O Read Time":0.0,"Temp I/O Write Time":0.0}]}]}]}]}]},{"Node Type":"Index Only Scan","Parent Relationship":"Inner","Parallel Aware":false,"Async Capable":false,"Scan Direction":"Forward","Index Name":"stock_pk","Relation Name":"stock","Schema":"public","Alias":"stock","Startup Cost":0.43,"Total Cost":259690.86,"Plan Rows":10000162,"Plan Width":6,"Actual Startup Time":0.042,"Actual Total Time":703.997,"Actual Rows":9999996,"Actual Loops":1,"Output":["stock.s_w_id","stock.s_i_id"],"Heap Fetches":0,"Shared Hit Blocks":27338,"Shared Read Blocks":0,"Shared Dirtied Blocks":0,"Shared Written Blocks":0,"Local Hit Blocks":0,"Local Read Blocks":0,"Local Dirtied Blocks":0,"Local Written Blocks":0,"Temp Read Blocks":0,"Temp Written Blocks":0,"I/O Read Time":0.0,"I/O Write Time":0.0,"Temp I/O Read Time":0.0,"Temp I/O Write Time":0.0}]},{"Node Type":"Hash","Parent Relationship":"Inner","Parallel Aware":false,"Async Capable":false,"Startup Cost":219.01,"Total Cost":219.01,"Plan Rows":10001,"Plan Width":8,"Actual Startup Time":3.071,"Actual Total Time":3.073,"Actual Rows":10000,"Actual Loops":1,"Output":["supplier.su_suppkey","supplier.su_nationkey"],"Hash Buckets":16384,"Original Hash Buckets":16384,"Hash Batches":1,"Original Hash Batches":1,"Peak Memory Usage":519,"Shared Hit Blocks":0,"Shared Read Blocks":0,"Shared Dirtied Blocks":0,"Shared Written Blocks":0,"Local Hit Blocks":0,"Local Read Blocks":0,"Local Dirtied Blocks":0,"Local Written Blocks":0,"Temp Read Blocks":0,"Temp Written Blocks":0,"I/O Read Time":0.0,"I/O Write Time":0.0,"Temp I/O Read Time":0.0,"Temp I/O Write Time":0.0,"Plans":[{"Node Type":"Append","Parent Relationship":"Outer","Parallel Aware":false,"Async Capable":false,"Startup Cost":20.0,"Total Cost":219.01,"Plan Rows":10001,"Plan Width":8,"Actual Startup Time":0.012,"Actual Total Time":1.766,"Actual Rows":10000,"Actual Loops":1,"Shared Hit Blocks":0,"Shared Read Blocks":0,"Shared Dirtied Blocks":0,"Shared Written Blocks":0,"Local Hit Blocks":0,"Local Read Blocks":0,"Local Dirtied Blocks":0,"Local Written Blocks":0,"Temp Read Blocks":0,"Temp Written Blocks":0,"I/O Read Time":0.0,"I/O Write Time":0.0,"Temp I/O Read Time":0.0,"Temp I/O Write Time":0.0,"Subplans Removed":0,"Plans":[{"Node Type":"Custom Scan","Parent Relationship":"Member","Custom Plan Provider":"columnar scan","Parallel Aware":false,"Async Capable":false,"Relation Name":"supplier","Schema":"public","Alias":"supplier","Startup Cost":20.0,"Total Cost":215.0,"Plan Rows":10000,"Plan Width":8,"Actual Startup Time":0.011,"Actual Total Time":1.056,"Actual Rows":10000,"Actual Loops":1,"Output":["supplier.su_suppkey","supplier.su_nationkey"],"Rows Removed by Columnar Filter":0,"Columnar cache search mode":"native","Shared Hit Blocks":0,"Shared Read Blocks":0,"Shared Dirtied Blocks":0,"Shared Written Blocks":0,"Local Hit Blocks":0,"Local Read Blocks":0,"Local Dirtied Blocks":0,"Local Written Blocks":0,"Temp Read Blocks":0,"Temp Written Blocks":0,"I/O Read Time":0.0,"I/O Write Time":0.0,"Temp I/O Read Time":0.0,"Temp I/O Write Time":0.0},{"Node Type":"Seq Scan","Parent Relationship":"Member","Parallel Aware":false,"Async Capable":false,"Relation Name":"supplier","Schema":"public","Alias":"supplier","Startup Cost":0.0,"Total Cost":4.01,"Plan Rows":1,"Plan Width":8,"Actual Startup Time":0.0,"Actual Total Time":0.0,"Actual Rows":0,"Actual Loops":0,"Output":["supplier.su_suppkey","supplier.su_nationkey"],"Shared Hit Blocks":0,"Shared Read Blocks":0,"Shared Dirtied Blocks":0,"Shared Written Blocks":0,"Local Hit Blocks":0,"Local Read Blocks":0,"Local Dirtied Blocks":0,"Local Written Blocks":0,"Temp Read Blocks":0,"Temp Written Blocks":0,"I/O Read Time":0.0,"I/O Write Time":0.0,"Temp I/O Read Time":0.0,"Temp I/O Write Time":0.0}]}]}]}]}]}]},"Planning":{"Shared Hit Blocks":16,"Shared Read Blocks":0,"Shared Dirtied Blocks":0,"Shared Written Blocks":0,"Local Hit Blocks":0,"Local Read Blocks":0,"Local Dirtied Blocks":0,"Local Written Blocks":0,"Temp Read Blocks":0,"Temp Written Blocks":0,"I/O Read Time":0.0,"I/O Write Time":0.0,"Temp I/O Read Time":0.0,"Temp I/O Write Time":0.0},"Planning Time":5.397,"Triggers":[],"Execution Time":16432.94}]
[列存组合]: customer, order_line, orders, region, stock, supplier
[{"Plan":{"Node Type":"Sort","Parallel Aware":false,"Async Capable":false,"Startup Cost":1193602.04,"Total Cost":1193602.19,"Plan Rows":62,"Plan Width":40,"Actual Startup Time":5337.686,"Actual Total Time":5337.722,"Actual Rows":11,"Actual Loops":1,"Output":["nation.n_name","(sum(order_line.ol_amount))"],"Sort Key":["(sum(order_line.ol_amount)) DESC"],"Sort Method":"quicksort","Sort Space Used":25,"Sort Space Type":"Memory","Shared Hit Blocks":2,"Shared Read Blocks":0,"Shared Dirtied Blocks":0,"Shared Written Blocks":0,"Local Hit Blocks":0,"Local Read Blocks":0,"Local Dirtied Blocks":0,"Local Written Blocks":0,"Temp Read Blocks":31471,"Temp Written Blocks":31471,"I/O Read Time":0.0,"I/O Write Time":0.0,"Temp I/O Read Time":50.743,"Temp I/O Write Time":136.325,"Plans":[{"Node Type":"Aggregate","Strategy":"Sorted","Partial Mode":"Simple","Parent Relationship":"Outer","Parallel Aware":false,"Async Capable":false,"Startup Cost":1193526.26,"Total Cost":1193600.19,"Plan Rows":62,"Plan Width":40,"Actual Startup Time":5334.852,"Actual Total Time":5337.706,"Actual Rows":11,"Actual Loops":1,"Output":["nation.n_name","sum(order_line.ol_amount)"],"Group Key":["nation.n_name"],"Shared Hit Blocks":2,"Shared Read Blocks":0,"Shared Dirtied Blocks":0,"Shared Written Blocks":0,"Local Hit Blocks":0,"Local Read Blocks":0,"Local Dirtied Blocks":0,"Local Written Blocks":0,"Temp Read Blocks":31471,"Temp Written Blocks":31471,"I/O Read Time":0.0,"I/O Write Time":0.0,"Temp I/O Read Time":50.743,"Temp I/O Write Time":136.325,"Plans":[{"Node Type":"Sort","Parent Relationship":"Outer","Parallel Aware":false,"Async Capable":false,"Startup Cost":1193526.26,"Total Cost":1193550.64,"Plan Rows":9755,"Plan Width":12,"Actual Startup Time":5334.642,"Actual Total Time":5335.437,"Actual Rows":17493,"Actual Loops":1,"Output":["nation.n_name","order_line.ol_amount"],"Sort Key":["nation.n_name"],"Sort Method":"quicksort","Sort Space Used":1725,"Sort Space Type":"Memory","Shared Hit Blocks":2,"Shared Read Blocks":0,"Shared Dirtied Blocks":0,"Shared Written Blocks":0,"Local Hit Blocks":0,"Local Read Blocks":0,"Local Dirtied Blocks":0,"Local Written Blocks":0,"Temp Read Blocks":31471,"Temp Written Blocks":31471,"I/O Read Time":0.0,"I/O Write Time":0.0,"Temp I/O Read Time":50.743,"Temp I/O Write Time":136.325,"Plans":[{"Node Type":"Hash Join","Parent Relationship":"Outer","Parallel Aware":false,"Async Capable":false,"Join Type":"Inner","Startup Cost":434072.7,"Total Cost":1192879.89,"Plan Rows":9755,"Plan Width":12,"Actual Startup Time":2211.21,"Actual Total Time":5326.232,"Actual Rows":17493,"Actual Loops":1,"Output":["nation.n_name","order_line.ol_amount"],"Hash Cond":"((orders.o_c_id = customer.c_id) AND (orders.o_w_id = customer.c_w_id) AND (orders.o_d_id = customer.c_d_id) AND (supplier.su_nationkey = customer.c_nationkey))","Shared Hit Blocks":2,"Shared Read Blocks":0,"Shared Dirtied Blocks":0,"Shared Written Blocks":0,"Local Hit Blocks":0,"Local Read Blocks":0,"Local Dirtied Blocks":0,"Local Written Blocks":0,"Temp Read Blocks":31471,"Temp Written Blocks":31471,"I/O Read Time":0.0,"I/O Write Time":0.0,"Temp I/O Read Time":50.743,"Temp I/O Write Time":136.325,"Plans":[{"Node Type":"Hash Join","Parent Relationship":"Outer","Parallel Aware":false,"Async Capable":false,"Join Type":"Inner","Startup Cost":104918.76,"Total Cost":833329.04,"Plan Rows":602754,"Plan Width":34,"Actual Startup Time":1015.714,"Actual Total Time":3344.601,"Actual Rows":1489124,"Actual Loops":1,"Output":["orders.o_c_id","orders.o_w_id","orders.o_d_id","order_line.ol_amount","order_line.ol_w_id","order_line.ol_d_id","stock.s_w_id","supplier.su_nationkey","nation.n_name","nation.n_nationkey"],"Hash Cond":"((order_line.ol_w_id = orders.o_w_id) AND (order_line.ol_d_id = orders.o_d_id) AND (order_line.ol_o_id = orders.o_id))","Shared Hit Blocks":2,"Shared Read Blocks":0,"Shared Dirtied Blocks":0,"Shared Written Blocks":0,"Local Hit Blocks":0,"Local Read Blocks":0,"Local Dirtied Blocks":0,"Local Written Blocks":0,"Temp Read Blocks":9894,"Temp Written Blocks":9894,"I/O Read Time":0.0,"I/O Write Time":0.0,"Temp I/O Read Time":16.369,"Temp I/O Write Time":41.646,"Plans":[{"Node Type":"Hash Join","Parent Relationship":"Outer","Parallel Aware":false,"Async Capable":false,"Join Type":"Inner","Startup Cost":29627.04,"Total Cost":656242.79,"Plan Rows":4242986,"Plan Width":34,"Actual Startup Time":806.818,"Actual Total Time":2418.633,"Actual Rows":1498118,"Actual Loops":1,"Output":["order_line.ol_amount","order_line.ol_o_id","order_line.ol_w_id","order_line.ol_d_id","stock.s_w_id","supplier.su_nationkey","nation.n_name","nation.n_nationkey"],"Hash Cond":"(mod((stock.s_w_id * stock.s_i_id), 10000) = supplier.su_suppkey)","Shared Hit Blocks":2,"Shared Read Blocks":0,"Shared Dirtied Blocks":0,"Shared Written Blocks":0,"Local Hit Blocks":0,"Local Read Blocks":0,"Local Dirtied Blocks":0,"Local Written Blocks":0,"Temp Read Blocks":0,"Temp Written Blocks":0,"I/O Read Time":0.0,"I/O Write Time":0.0,"Temp I/O Read Time":0.0,"Temp I/O Write Time":0.0,"Plans":[{"Node Type":"Hash Join","Parent Relationship":"Outer","Parallel Aware":false,"Async Capable":false,"Join Type":"Inner","Startup Cost":29323.02,"Total Cost":480915.59,"Plan Rows":21214932,"Plan Width":22,"Actual Startup Time":804.346,"Actual Total Time":1746.516,"Actual Rows":4311079,"Actual Loops":1,"Output":["order_line.ol_amount","order_line.ol_o_id","order_line.ol_w_id","order_line.ol_d_id","stock.s_w_id","stock.s_i_id"],"Hash Cond":"((order_line.ol_w_id = stock.s_w_id) AND (order_line.ol_i_id = stock.s_i_id))","Rows Removed by Bloom Filter":0,"Shared Hit Blocks":0,"Shared Read Blocks":0,"Shared Dirtied Blocks":0,"Shared Written Blocks":0,"Local Hit Blocks":0,"Local Read Blocks":0,"Local Dirtied Blocks":0,"Local Written Blocks":0,"Temp Read Blocks":0,"Temp Written Blocks":0,"I/O Read Time":0.0,"I/O Write Time":0.0,"Temp I/O Read Time":0.0,"Temp I/O Write Time":0.0,"Plans":[{"Node Type":"Append","Parent Relationship":"Outer","Parallel Aware":false,"Async Capable":false,"Startup Cost":20.0,"Total Cost":533646.5,"Plan Rows":20926367,"Plan Width":20,"Actual Startup Time":123.31,"Actual Total Time":123.318,"Actual Rows":4311079,"Actual Loops":1,"Shared Hit Blocks":0,"Shared Read Blocks":0,"Shared Dirtied Blocks":0,"Shared Written Blocks":0,"Local Hit Blocks":0,"Local Read Blocks":0,"Local Dirtied Blocks":0,"Local Written Blocks":0,"Temp Read Blocks":0,"Temp Written Blocks":0,"I/O Read Time":0.0,"I/O Write Time":0.0,"Temp I/O Read Time":0.0,"Temp I/O Write Time":0.0,"Subplans Removed":0,"Plans":[{"Node Type":"Custom Scan","Parent Relationship":"Member","Custom Plan Provider":"columnar scan","Parallel Aware":false,"Async Capable":false,"Relation Name":"order_line","Schema":"public","Alias":"order_line","Startup Cost":20.0,"Total Cost":533641.75,"Plan Rows":20926325,"Plan Width":20,"Actual Startup Time":123.309,"Actual Total Time":123.311,"Actual Rows":4311079,"Actual Loops":1,"Output":["order_line.ol_amount","order_line.ol_o_id","order_line.ol_w_id","order_line.ol_d_id","order_line.ol_i_id"],"Filter":"(order_line.ol_delivery_d >= '1992-01-02 20:10:02.27764'::timestamp without time zone)","Rows Removed by Filter":0,"Rows Removed by Columnar Filter":25686653,"Rows Filtered by Bloom Filter":0,"Dictionary Rows Filtered by Bloom Filter":25686653,"Columnar cache search mode":"native","Shared Hit Blocks":0,"Shared Read Blocks":0,"Shared Dirtied Blocks":0,"Shared Written Blocks":0,"Local Hit Blocks":0,"Local Read Blocks":0,"Local Dirtied Blocks":0,"Local Written Blocks":0,"Temp Read Blocks":0,"Temp Written Blocks":0,"I/O Read Time":0.0,"I/O Write Time":0.0,"Temp I/O Read Time":0.0,"Temp I/O Write Time":0.0},{"Node Type":"Seq Scan","Parent Relationship":"Member","Parallel Aware":false,"Async Capable":false,"Relation Name":"order_line","Schema":"public","Alias":"order_line","Startup Cost":0.0,"Total Cost":4.75,"Plan Rows":42,"Plan Width":20,"Actual Startup Time":0.0,"Actual Total Time":0.0,"Actual Rows":0,"Actual Loops":0,"Output":["order_line.ol_amount","order_line.ol_o_id","order_line.ol_w_id","order_line.ol_d_id","order_line.ol_i_id"],"Filter":"(order_line.ol_delivery_d >= '1992-01-02 20:10:02.27764'::timestamp without time zone)","Rows Removed by Filter":0,"Shared Hit Blocks":0,"Shared Read Blocks":0,"Shared Dirtied Blocks":0,"Shared Written Blocks":0,"Local Hit Blocks":0,"Local Read Blocks":0,"Local Dirtied Blocks":0,"Local Written Blocks":0,"Temp Read Blocks":0,"Temp Written Blocks":0,"I/O Read Time":0.0,"I/O Write Time":0.0,"Temp I/O Read Time":0.0,"Temp I/O Write Time":0.0}]},{"Node Type":"Hash","Parent Relationship":"Inner","Parallel Aware":false,"Async Capable":false,"Startup Cost":195025.67,"Total Cost":195025.67,"Plan Rows":10000162,"Plan Width":6,"Actual Rows":10000000,"Actual Loops":1,"Output":["stock.s_w_id","stock.s_i_id"],"Shared Hit Blocks":0,"Shared Read Blocks":0,"Shared Dirtied Blocks":0,"Shared Written Blocks":0,"Local Hit Blocks":0,"Local Read Blocks":0,"Local Dirtied Blocks":0,"Local Written Blocks":0,"Temp Read Blocks":0,"Temp Written Blocks":0,"I/O Read Time":0.0,"I/O Write Time":0.0,"Temp I/O Read Time":0.0,"Temp I/O Write Time":0.0,"Plans":[{"Node Type":"Append","Parent Relationship":"Outer","Parallel Aware":false,"Async Capable":false,"Startup Cost":20.0,"Total Cost":195025.67,"Plan Rows":10000162,"Plan Width":6,"Actual Startup Time":0.227,"Actual Total Time":0.229,"Actual Rows":10000000,"Actual Loops":1,"Shared Hit Blocks":0,"Shared Read Blocks":0,"Shared Dirtied Blocks":0,"Shared Written Blocks":0,"Local Hit Blocks":0,"Local Read Blocks":0,"Local Dirtied Blocks":0,"Local Written Blocks":0,"Temp Read Blocks":0,"Temp Written Blocks":0,"I/O Read Time":0.0,"I/O Write Time":0.0,"Temp I/O Read Time":0.0,"Temp I/O Write Time":0.0,"Subplans Removed":0,"Plans":[{"Node Type":"Custom Scan","Parent Relationship":"Member","Custom Plan Provider":"columnar scan","Parallel Aware":false,"Async Capable":false,"Relation Name":"stock","Schema":"public","Alias":"stock","Startup Cost":20.0,"Total Cost":195020.05,"Plan Rows":10000000,"Plan Width":6,"Actual Startup Time":0.227,"Actual Total Time":0.227,"Actual Rows":10000000,"Actual Loops":1,"Output":["stock.s_w_id","stock.s_i_id"],"Rows Removed by Columnar Filter":0,"Columnar cache search mode":"native","Shared Hit Blocks":0,"Shared Read Blocks":0,"Shared Dirtied Blocks":0,"Shared Written Blocks":0,"Local Hit Blocks":0,"Local Read Blocks":0,"Local Dirtied Blocks":0,"Local Written Blocks":0,"Temp Read Blocks":0,"Temp Written Blocks":0,"I/O Read Time":0.0,"I/O Write Time":0.0,"Temp I/O Read Time":0.0,"Temp I/O Write Time":0.0},{"Node Type":"Seq Scan","Parent Relationship":"Member","Parallel Aware":false,"Async Capable":false,"Relation Name":"stock","Schema":"public","Alias":"stock","Startup Cost":0.0,"Total Cost":5.62,"Plan Rows":162,"Plan Width":6,"Actual Startup Time":0.0,"Actual Total Time":0.0,"Actual Rows":0,"Actual Loops":0,"Output":["stock.s_w_id","stock.s_i_id"],"Shared Hit Blocks":0,"Shared Read Blocks":0,"Shared Dirtied Blocks":0,"Shared Written Blocks":0,"Local Hit Blocks":0,"Local Read Blocks":0,"Local Dirtied Blocks":0,"Local Written Blocks":0,"Temp Read Blocks":0,"Temp Written Blocks":0,"I/O Read Time":0.0,"I/O Write Time":0.0,"Temp I/O Read Time":0.0,"Temp I/O Write Time":0.0}]}]}]},{"Node Type":"Hash","Parent Relationship":"Inner","Parallel Aware":false,"Async Capable":false,"Startup Cost":279.02,"Total Cost":279.02,"Plan Rows":2000,"Plan Width":20,"Actual Startup Time":2.44,"Actual Total Time":2.452,"Actual Rows":3506,"Actual Loops":1,"Output":["supplier.su_suppkey","supplier.su_nationkey","nation.n_name","nation.n_nationkey"],"Hash Buckets":4096,"Original Hash Buckets":2048,"Hash Batches":1,"Original Hash Batches":1,"Peak Memory Usage":217,"Shared Hit Blocks":2,"Shared Read Blocks":0,"Shared Dirtied Blocks":0,"Shared Written Blocks":0,"Local Hit Blocks":0,"Local Read Blocks":0,"Local Dirtied Blocks":0,"Local Written Blocks":0,"Temp Read Blocks":0,"Temp Written Blocks":0,"I/O Read Time":0.0,"I/O Write Time":0.0,"Temp I/O Read Time":0.0,"Temp I/O Write Time":0.0,"Plans":[{"Node Type":"Hash Join","Parent Relationship":"Outer","Parallel Aware":false,"Async Capable":false,"Join Type":"Inner","Startup Cost":23.14,"Total Cost":279.02,"Plan Rows":2000,"Plan Width":20,"Actual Startup Time":0.466,"Actual Total Time":1.87,"Actual Rows":3506,"Actual Loops":1,"Output":["supplier.su_suppkey","supplier.su_nationkey","nation.n_name","nation.n_nationkey"],"Hash Cond":"(supplier.su_nationkey = nation.n_nationkey)","Shared Hit Blocks":2,"Shared Read Blocks":0,"Shared Dirtied Blocks":0,"Shared Written Blocks":0,"Local Hit Blocks":0,"Local Read Blocks":0,"Local Dirtied Blocks":0,"Local Written Blocks":0,"Temp Read Blocks":0,"Temp Written Blocks":0,"I/O Read Time":0.0,"I/O Write Time":0.0,"Temp I/O Read Time":0.0,"Temp I/O Write Time":0.0,"Plans":[{"Node Type":"Append","Parent Relationship":"Outer","Parallel Aware":false,"Async Capable":false,"Startup Cost":20.0,"Total Cost":219.01,"Plan Rows":10001,"Plan Width":8,"Actual Startup Time":0.091,"Actual Total Time":0.847,"Actual Rows":3506,"Actual Loops":1,"Shared Hit Blocks":0,"Shared Read Blocks":0,"Shared Dirtied Blocks":0,"Shared Written Blocks":0,"Local Hit Blocks":0,"Local Read Blocks":0,"Local Dirtied Blocks":0,"Local Written Blocks":0,"Temp Read Blocks":0,"Temp Written Blocks":0,"I/O Read Time":0.0,"I/O Write Time":0.0,"Temp I/O Read Time":0.0,"Temp I/O Write Time":0.0,"Subplans Removed":0,"Plans":[{"Node Type":"Custom Scan","Parent Relationship":"Member","Custom Plan Provider":"columnar scan","Parallel Aware":false,"Async Capable":false,"Relation Name":"supplier","Schema":"public","Alias":"supplier","Startup Cost":20.0,"Total Cost":215.0,"Plan Rows":10000,"Plan Width":8,"Actual Startup Time":0.09,"Actual Total Time":0.591,"Actual Rows":3506,"Actual Loops":1,"Output":["supplier.su_suppkey","supplier.su_nationkey"],"Rows Removed by Columnar Filter":6494,"Rows Filtered by Bloom Filter":0,"Dictionary Rows Filtered by Bloom Filter":6494,"Columnar cache search mode":"native","Shared Hit Blocks":0,"Shared Read Blocks":0,"Shared Dirtied Blocks":0,"Shared Written Blocks":0,"Local Hit Blocks":0,"Local Read Blocks":0,"Local Dirtied Blocks":0,"Local Written Blocks":0,"Temp Read Blocks":0,"Temp Written Blocks":0,"I/O Read Time":0.0,"I/O Write Time":0.0,"Temp I/O Read Time":0.0,"Temp I/O Write Time":0.0},{"Node Type":"Seq Scan","Parent Relationship":"Member","Parallel Aware":false,"Async Capable":false,"Relation Name":"supplier","Schema":"public","Alias":"supplier","Startup Cost":0.0,"Total Cost":4.01,"Plan Rows":1,"Plan Width":8,"Actual Startup Time":0.0,"Actual Total Time":0.0,"Actual Rows":0,"Actual Loops":0,"Output":["supplier.su_suppkey","supplier.su_nationkey"],"Shared Hit Blocks":0,"Shared Read Blocks":0,"Shared Dirtied Blocks":0,"Shared Written Blocks":0,"Local Hit Blocks":0,"Local Read Blocks":0,"Local Dirtied Blocks":0,"Local Written Blocks":0,"Temp Read Blocks":0,"Temp Written Blocks":0,"I/O Read Time":0.0,"I/O Write Time":0.0,"Temp I/O Read Time":0.0,"Temp I/O Write Time":0.0}]},{"Node Type":"Hash","Parent Relationship":"Inner","Parallel Aware":false,"Async Capable":false,"Startup Cost":2.99,"Total Cost":2.99,"Plan Rows":12,"Plan Width":12,"Actual Startup Time":0.054,"Actual Total Time":0.059,"Actual Rows":22,"Actual Loops":1,"Output":["nation.n_name","nation.n_nationkey"],"Hash Buckets":1024,"Original Hash Buckets":1024,"Hash Batches":1,"Original Hash Batches":1,"Peak Memory Usage":9,"Shared Hit Blocks":2,"Shared Read Blocks":0,"Shared Dirtied Blocks":0,"Shared Written Blocks":0,"Local Hit Blocks":0,"Local Read Blocks":0,"Local Dirtied Blocks":0,"Local Written Blocks":0,"Temp Read Blocks":0,"Temp Written Blocks":0,"I/O Read Time":0.0,"I/O Write Time":0.0,"Temp I/O Read Time":0.0,"Temp I/O Write Time":0.0,"Plans":[{"Node Type":"Hash Join","Parent Relationship":"Outer","Parallel Aware":false,"Async Capable":false,"Join Type":"Inner","Startup Cost":1.07,"Total Cost":2.99,"Plan Rows":12,"Plan Width":12,"Actual Startup Time":0.034,"Actual Total Time":0.05,"Actual Rows":22,"Actual Loops":1,"Output":["nation.n_name","nation.n_nationkey"],"Hash Cond":"(nation.n_regionkey = region.r_regionkey)","Shared Hit Blocks":2,"Shared Read Blocks":0,"Shared Dirtied Blocks":0,"Shared Written Blocks":0,"Local Hit Blocks":0,"Local Read Blocks":0,"Local Dirtied Blocks":0,"Local Written Blocks":0,"Temp Read Blocks":0,"Temp Written Blocks":0,"I/O Read Time":0.0,"I/O Write Time":0.0,"Temp I/O Read Time":0.0,"Temp I/O Write Time":0.0,"Plans":[{"Node Type":"Seq Scan","Parent Relationship":"Outer","Parallel Aware":false,"Async Capable":false,"Relation Name":"nation","Schema":"public","Alias":"nation","Startup Cost":0.0,"Total Cost":1.62,"Plan Rows":62,"Plan Width":16,"Actual Startup Time":0.009,"Actual Total Time":0.014,"Actual Rows":62,"Actual Loops":1,"Output":["nation.n_nationkey","nation.n_name","nation.n_regionkey","nation.n_comment"],"Shared Hit Blocks":1,"Shared Read Blocks":0,"Shared Dirtied Blocks":0,"Shared Written Blocks":0,"Local Hit Blocks":0,"Local Read Blocks":0,"Local Dirtied Blocks":0,"Local Written Blocks":0,"Temp Read Blocks":0,"Temp Written Blocks":0,"I/O Read Time":0.0,"I/O Write Time":0.0,"Temp I/O Read Time":0.0,"Temp I/O Write Time":0.0},{"Node Type":"Hash","Parent Relationship":"Inner","Parallel Aware":false,"Async Capable":false,"Startup Cost":1.06,"Total Cost":1.06,"Plan Rows":1,"Plan Width":4,"Actual Startup Time":0.012,"Actual Total Time":0.014,"Actual Rows":1,"Actual Loops":1,"Output":["region.r_regionkey"],"Hash Buckets":1024,"Original Hash Buckets":1024,"Hash Batches":1,"Original Hash Batches":1,"Peak Memory Usage":9,"Shared Hit Blocks":1,"Shared Read Blocks":0,"Shared Dirtied Blocks":0,"Shared Written Blocks":0,"Local Hit Blocks":0,"Local Read Blocks":0,"Local Dirtied Blocks":0,"Local Written Blocks":0,"Temp Read Blocks":0,"Temp Written Blocks":0,"I/O Read Time":0.0,"I/O Write Time":0.0,"Temp I/O Read Time":0.0,"Temp I/O Write Time":0.0,"Plans":[{"Node Type":"Seq Scan","Parent Relationship":"Outer","Parallel Aware":false,"Async Capable":false,"Relation Name":"region","Schema":"public","Alias":"region","Startup Cost":0.0,"Total Cost":1.06,"Plan Rows":1,"Plan Width":4,"Actual Startup Time":0.009,"Actual Total Time":0.009,"Actual Rows":1,"Actual Loops":1,"Output":["region.r_regionkey"],"Filter":"((region.r_name)::text = 'Europe'::text)","Rows Removed by Filter":4,"Shared Hit Blocks":1,"Shared Read Blocks":0,"Shared Dirtied Blocks":0,"Shared Written Blocks":0,"Local Hit Blocks":0,"Local Read Blocks":0,"Local Dirtied Blocks":0,"Local Written Blocks":0,"Temp Read Blocks":0,"Temp Written Blocks":0,"I/O Read Time":0.0,"I/O Write Time":0.0,"Temp I/O Read Time":0.0,"Temp I/O Write Time":0.0}]}]}]}]}]}]},{"Node Type":"Hash","Parent Relationship":"Inner","Parallel Aware":false,"Async Capable":false,"Startup Cost":65744.12,"Total Cost":65744.12,"Plan Rows":426549,"Plan Width":16,"Actual Startup Time":207.309,"Actual Total Time":207.312,"Actual Rows":428399,"Actual Loops":1,"Output":["orders.o_c_id","orders.o_w_id","orders.o_d_id","orders.o_id"],"Hash Buckets":262144,"Original Hash Buckets":262144,"Hash Batches":4,"Original Hash Batches":4,"Peak Memory Usage":7080,"Shared Hit Blocks":0,"Shared Read Blocks":0,"Shared Dirtied Blocks":0,"Shared Written Blocks":0,"Local Hit Blocks":0,"Local Read Blocks":0,"Local Dirtied Blocks":0,"Local Written Blocks":0,"Temp Read Blocks":0,"Temp Written Blocks":1410,"I/O Read Time":0.0,"I/O Write Time":0.0,"Temp I/O Read Time":0.0,"Temp I/O Write Time":5.678,"Plans":[{"Node Type":"Append","Parent Relationship":"Outer","Parallel Aware":false,"Async Capable":false,"Startup Cost":20.0,"Total Cost":65744.12,"Plan Rows":426549,"Plan Width":16,"Actual Startup Time":0.498,"Actual Total Time":103.94,"Actual Rows":428399,"Actual Loops":1,"Shared Hit Blocks":0,"Shared Read Blocks":0,"Shared Dirtied Blocks":0,"Shared Written Blocks":0,"Local Hit Blocks":0,"Local Read Blocks":0,"Local Dirtied Blocks":0,"Local Written Blocks":0,"Temp Read Blocks":0,"Temp Written Blocks":0,"I/O Read Time":0.0,"I/O Write Time":0.0,"Temp I/O Read Time":0.0,"Temp I/O Write Time":0.0,"Subplans Removed":0,"Plans":[{"Node Type":"Custom Scan","Parent Relationship":"Member","Custom Plan Provider":"columnar scan","Parallel Aware":false,"Async Capable":false,"Relation Name":"orders","Schema":"public","Alias":"orders","Startup Cost":20.0,"Total Cost":10043.96,"Plan Rows":426548,"Plan Width":16,"Actual Startup Time":0.497,"Actual Total Time":73.979,"Actual Rows":428399,"Actual Loops":1,"Output":["orders.o_c_id","orders.o_w_id","orders.o_d_id","orders.o_id"],"Filter":"((orders.o_entry_d < '1994-01-02 20:10:02.27764'::timestamp without time zone) AND (orders.o_entry_d >= '1993-01-02 20:10:02.27764'::timestamp without time zone))","Rows Removed by Filter":0,"Rows Removed by Columnar Filter":2571601,"Columnar cache search mode":"native","Shared Hit Blocks":0,"Shared Read Blocks":0,"Shared Dirtied Blocks":0,"Shared Written Blocks":0,"Local Hit Blocks":0,"Local Read Blocks":0,"Local Dirtied Blocks":0,"Local Written Blocks":0,"Temp Read Blocks":0,"Temp Written Blocks":0,"I/O Read Time":0.0,"I/O Write Time":0.0,"Temp I/O Read Time":0.0,"Temp I/O Write Time":0.0},{"Node Type":"Seq Scan","Parent Relationship":"Member","Parallel Aware":false,"Async Capable":false,"Relation Name":"orders","Schema":"public","Alias":"orders","Startup Cost":0.0,"Total Cost":4.01,"Plan Rows":1,"Plan Width":16,"Actual Startup Time":0.0,"Actual Total Time":0.0,"Actual Rows":0,"Actual Loops":0,"Output":["orders.o_c_id","orders.o_w_id","orders.o_d_id","orders.o_id"],"Filter":"((orders.o_entry_d < '1994-01-02 20:10:02.27764'::timestamp without time zone) AND (orders.o_entry_d >= '1993-01-02 20:10:02.27764'::timestamp without time zone))","Rows Removed by Filter":0,"Shared Hit Blocks":0,"Shared Read Blocks":0,"Shared Dirtied Blocks":0,"Shared Written Blocks":0,"Local Hit Blocks":0,"Local Read Blocks":0,"Local Dirtied Blocks":0,"Local Written Blocks":0,"Temp Read Blocks":0,"Temp Written Blocks":0,"I/O Read Time":0.0,"I/O Write Time":0.0,"Temp I/O Read Time":0.0,"Temp I/O Write Time":0.0}]}]}]},{"Node Type":"Hash","Parent Relationship":"Inner","Parallel Aware":false,"Async Capable":false,"Startup Cost":254511.16,"Total Cost":254511.16,"Plan Rows":2999739,"Plan Width":12,"Actual Startup Time":1186.556,"Actual Total Time":1186.558,"Actual Rows":3000000,"Actual Loops":1,"Output":["customer.c_id","customer.c_w_id","customer.c_d_id","customer.c_nationkey"],"Hash Buckets":262144,"Original Hash Buckets":262144,"Hash Batches":32,"Original Hash Batches":32,"Peak Memory Usage":6058,"Shared Hit Blocks":0,"Shared Read Blocks":0,"Shared Dirtied Blocks":0,"Shared Written Blocks":0,"Local Hit Blocks":0,"Local Read Blocks":0,"Local Dirtied Blocks":0,"Local Written Blocks":0,"Temp Read Blocks":0,"Temp Written Blocks":11339,"I/O Read Time":0.0,"I/O Write Time":0.0,"Temp I/O Read Time":0.0,"Temp I/O Write Time":48.872,"Plans":[{"Node Type":"Append","Parent Relationship":"Outer","Parallel Aware":false,"Async Capable":false,"Startup Cost":20.0,"Total Cost":254511.16,"Plan Rows":2999739,"Plan Width":12,"Actual Startup Time":0.039,"Actual Total Time":657.323,"Actual Rows":3000000,"Actual Loops":1,"Shared Hit Blocks":0,"Shared Read Blocks":0,"Shared Dirtied Blocks":0,"Shared Written Blocks":0,"Local Hit Blocks":0,"Local Read Blocks":0,"Local Dirtied Blocks":0,"Local Written Blocks":0,"Temp Read Blocks":0,"Temp Written Blocks":0,"I/O Read Time":0.0,"I/O Write Time":0.0,"Temp I/O Read Time":0.0,"Temp I/O Write Time":0.0,"Subplans Removed":0,"Plans":[{"Node Type":"Custom Scan","Parent Relationship":"Member","Custom Plan Provider":"columnar scan","Parallel Aware":false,"Async Capable":false,"Relation Name":"customer","Schema":"public","Alias":"customer","Startup Cost":20.0,"Total Cost":70513.87,"Plan Rows":2999738,"Plan Width":12,"Actual Startup Time":0.037,"Actual Total Time":448.394,"Actual Rows":3000000,"Actual Loops":1,"Output":["customer.c_id","customer.c_w_id","customer.c_d_id","customer.c_nationkey"],"Rows Removed by Columnar Filter":0,"Columnar cache search mode":"native","Shared Hit Blocks":0,"Shared Read Blocks":0,"Shared Dirtied Blocks":0,"Shared Written Blocks":0,"Local Hit Blocks":0,"Local Read Blocks":0,"Local Dirtied Blocks":0,"Local Written Blocks":0,"Temp Read Blocks":0,"Temp Written Blocks":0,"I/O Read Time":0.0,"I/O Write Time":0.0,"Temp I/O Read Time":0.0,"Temp I/O Write Time":0.0},{"Node Type":"Seq Scan","Parent Relationship":"Member","Parallel Aware":false,"Async Capable":false,"Relation Name":"customer","Schema":"public","Alias":"customer","Startup Cost":0.0,"Total Cost":4.01,"Plan Rows":1,"Plan Width":12,"Actual Startup Time":0.0,"Actual Total Time":0.0,"Actual Rows":0,"Actual Loops":0,"Output":["customer.c_id","customer.c_w_id","customer.c_d_id","customer.c_nationkey"],"Shared Hit Blocks":0,"Shared Read Blocks":0,"Shared Dirtied Blocks":0,"Shared Written Blocks":0,"Local Hit Blocks":0,"Local Read Blocks":0,"Local Dirtied Blocks":0,"Local Written Blocks":0,"Temp Read Blocks":0,"Temp Written Blocks":0,"I/O Read Time":0.0,"I/O Write Time":0.0,"Temp I/O Read Time":0.0,"Temp I/O Write Time":0.0}]}]}]}]}]}]},"Planning":{"Shared Hit Blocks":16,"Shared Read Blocks":0,"Shared Dirtied Blocks":0,"Shared Written Blocks":0,"Local Hit Blocks":0,"Local Read Blocks":0,"Local Dirtied Blocks":0,"Local Written Blocks":0,"Temp Read Blocks":0,"Temp Written Blocks":0,"I/O Read Time":0.0,"I/O Write Time":0.0,"Temp I/O Read Time":0.0,"Temp I/O Write Time":0.0},"Planning Time":5.652,"Triggers":[],"Execution Time":5338.649}]
[列存组合]: nation, order_line, orders, region, stock, supplier
[{"Plan":{"Node Type":"Sort","Parallel Aware":false,"Async Capable":false,"Startup Cost":1198516.72,"Total Cost":1198516.87,"Plan Rows":62,"Plan Width":40,"Actual Startup Time":5510.719,"Actual Total Time":5510.755,"Actual Rows":11,"Actual Loops":1,"Output":["nation.n_name","(sum(order_line.ol_amount))"],"Sort Key":["(sum(order_line.ol_amount)) DESC"],"Sort Method":"quicksort","Sort Space Used":25,"Sort Space Type":"Memory","Shared Hit Blocks":229604,"Shared Read Blocks":0,"Shared Dirtied Blocks":0,"Shared Written Blocks":0,"Local Hit Blocks":0,"Local Read Blocks":0,"Local Dirtied Blocks":0,"Local Written Blocks":0,"Temp Read Blocks":31471,"Temp Written Blocks":31471,"I/O Read Time":0.0,"I/O Write Time":0.0,"Temp I/O Read Time":49.15,"Temp I/O Write Time":146.086,"Plans":[{"Node Type":"Aggregate","Strategy":"Sorted","Partial Mode":"Simple","Parent Relationship":"Outer","Parallel Aware":false,"Async Capable":false,"Startup Cost":1198440.94,"Total Cost":1198514.87,"Plan Rows":62,"Plan Width":40,"Actual Startup Time":5507.835,"Actual Total Time":5510.738,"Actual Rows":11,"Actual Loops":1,"Output":["nation.n_name","sum(order_line.ol_amount)"],"Group Key":["nation.n_name"],"Shared Hit Blocks":229604,"Shared Read Blocks":0,"Shared Dirtied Blocks":0,"Shared Written Blocks":0,"Local Hit Blocks":0,"Local Read Blocks":0,"Local Dirtied Blocks":0,"Local Written Blocks":0,"Temp Read Blocks":31471,"Temp Written Blocks":31471,"I/O Read Time":0.0,"I/O Write Time":0.0,"Temp I/O Read Time":49.15,"Temp I/O Write Time":146.086,"Plans":[{"Node Type":"Sort","Parent Relationship":"Outer","Parallel Aware":false,"Async Capable":false,"Startup Cost":1198440.94,"Total Cost":1198465.32,"Plan Rows":9755,"Plan Width":12,"Actual Startup Time":5507.615,"Actual Total Time":5508.437,"Actual Rows":17493,"Actual Loops":1,"Output":["nation.n_name","order_line.ol_amount"],"Sort Key":["nation.n_name"],"Sort Method":"quicksort","Sort Space Used":1725,"Sort Space Type":"Memory","Shared Hit Blocks":229604,"Shared Read Blocks":0,"Shared Dirtied Blocks":0,"Shared Written Blocks":0,"Local Hit Blocks":0,"Local Read Blocks":0,"Local Dirtied Blocks":0,"Local Written Blocks":0,"Temp Read Blocks":31471,"Temp Written Blocks":31471,"I/O Read Time":0.0,"I/O Write Time":0.0,"Temp I/O Read Time":49.15,"Temp I/O Write Time":146.086,"Plans":[{"Node Type":"Hash Join","Parent Relationship":"Outer","Parallel Aware":false,"Async Capable":false,"Join Type":"Inner","Startup Cost":438987.38,"Total Cost":1197794.57,"Plan Rows":9755,"Plan Width":12,"Actual Startup Time":2350.692,"Actual Total Time":5498.928,"Actual Rows":17493,"Actual Loops":1,"Output":["nation.n_name","order_line.ol_amount"],"Hash Cond":"((orders.o_c_id = customer.c_id) AND (orders.o_w_id = customer.c_w_id) AND (orders.o_d_id = customer.c_d_id) AND (supplier.su_nationkey = customer.c_nationkey))","Shared Hit Blocks":229604,"Shared Read Blocks":0,"Shared Dirtied Blocks":0,"Shared Written Blocks":0,"Local Hit Blocks":0,"Local Read Blocks":0,"Local Dirtied Blocks":0,"Local Written Blocks":0,"Temp Read Blocks":31471,"Temp Written Blocks":31471,"I/O Read Time":0.0,"I/O Write Time":0.0,"Temp I/O Read Time":49.15,"Temp I/O Write Time":146.086,"Plans":[{"Node Type":"Hash Join","Parent Relationship":"Outer","Parallel Aware":false,"Async Capable":false,"Join Type":"Inner","Startup Cost":104743.24,"Total Cost":833153.52,"Plan Rows":602754,"Plan Width":34,"Actual Startup Time":1072.04,"Actual Total Time":3444.447,"Actual Rows":1489124,"Actual Loops":1,"Output":["orders.o_c_id","orders.o_w_id","orders.o_d_id","order_line.ol_amount","order_line.ol_w_id","order_line.ol_d_id","stock.s_w_id","supplier.su_nationkey","nation.n_name","nation.n_nationkey"],"Hash Cond":"((order_line.ol_w_id = orders.o_w_id) AND (order_line.ol_d_id = orders.o_d_id) AND (order_line.ol_o_id = orders.o_id))","Shared Hit Blocks":0,"Shared Read Blocks":0,"Shared Dirtied Blocks":0,"Shared Written Blocks":0,"Local Hit Blocks":0,"Local Read Blocks":0,"Local Dirtied Blocks":0,"Local Written Blocks":0,"Temp Read Blocks":9894,"Temp Written Blocks":9894,"I/O Read Time":0.0,"I/O Write Time":0.0,"Temp I/O Read Time":16.254,"Temp I/O Write Time":45.338,"Plans":[{"Node Type":"Hash Join","Parent Relationship":"Outer","Parallel Aware":false,"Async Capable":false,"Join Type":"Inner","Startup Cost":29451.51,"Total Cost":656067.26,"Plan Rows":4242986,"Plan Width":34,"Actual Startup Time":844.304,"Actual Total Time":2484.478,"Actual Rows":1498118,"Actual Loops":1,"Output":["order_line.ol_amount","order_line.ol_o_id","order_line.ol_w_id","order_line.ol_d_id","stock.s_w_id","supplier.su_nationkey","nation.n_name","nation.n_nationkey"],"Hash Cond":"(mod((stock.s_w_id * stock.s_i_id), 10000) = supplier.su_suppkey)","Shared Hit Blocks":0,"Shared Read Blocks":0,"Shared Dirtied Blocks":0,"Shared Written Blocks":0,"Local Hit Blocks":0,"Local Read Blocks":0,"Local Dirtied Blocks":0,"Local Written Blocks":0,"Temp Read Blocks":0,"Temp Written Blocks":0,"I/O Read Time":0.0,"I/O Write Time":0.0,"Temp I/O Read Time":0.0,"Temp I/O Write Time":0.0,"Plans":[{"Node Type":"Hash Join","Parent Relationship":"Outer","Parallel Aware":false,"Async Capable":false,"Join Type":"Inner","Startup Cost":29323.02,"Total Cost":480915.59,"Plan Rows":21214932,"Plan Width":22,"Actual Startup Time":841.529,"Actual Total Time":1783.875,"Actual Rows":4311079,"Actual Loops":1,"Output":["order_line.ol_amount","order_line.ol_o_id","order_line.ol_w_id","order_line.ol_d_id","stock.s_w_id","stock.s_i_id"],"Hash Cond":"((order_line.ol_w_id = stock.s_w_id) AND (order_line.ol_i_id = stock.s_i_id))","Rows Removed by Bloom Filter":0,"Shared Hit Blocks":0,"Shared Read Blocks":0,"Shared Dirtied Blocks":0,"Shared Written Blocks":0,"Local Hit Blocks":0,"Local Read Blocks":0,"Local Dirtied Blocks":0,"Local Written Blocks":0,"Temp Read Blocks":0,"Temp Written Blocks":0,"I/O Read Time":0.0,"I/O Write Time":0.0,"Temp I/O Read Time":0.0,"Temp I/O Write Time":0.0,"Plans":[{"Node Type":"Append","Parent Relationship":"Outer","Parallel Aware":false,"Async Capable":false,"Startup Cost":20.0,"Total Cost":533646.5,"Plan Rows":20926367,"Plan Width":20,"Actual Startup Time":160.76,"Actual Total Time":160.768,"Actual Rows":4311079,"Actual Loops":1,"Shared Hit Blocks":0,"Shared Read Blocks":0,"Shared Dirtied Blocks":0,"Shared Written Blocks":0,"Local Hit Blocks":0,"Local Read Blocks":0,"Local Dirtied Blocks":0,"Local Written Blocks":0,"Temp Read Blocks":0,"Temp Written Blocks":0,"I/O Read Time":0.0,"I/O Write Time":0.0,"Temp I/O Read Time":0.0,"Temp I/O Write Time":0.0,"Subplans Removed":0,"Plans":[{"Node Type":"Custom Scan","Parent Relationship":"Member","Custom Plan Provider":"columnar scan","Parallel Aware":false,"Async Capable":false,"Relation Name":"order_line","Schema":"public","Alias":"order_line","Startup Cost":20.0,"Total Cost":533641.75,"Plan Rows":20926325,"Plan Width":20,"Actual Startup Time":160.758,"Actual Total Time":160.76,"Actual Rows":4311079,"Actual Loops":1,"Output":["order_line.ol_amount","order_line.ol_o_id","order_line.ol_w_id","order_line.ol_d_id","order_line.ol_i_id"],"Filter":"(order_line.ol_delivery_d >= '1992-01-02 20:10:02.27764'::timestamp without time zone)","Rows Removed by Filter":0,"Rows Removed by Columnar Filter":25686653,"Rows Filtered by Bloom Filter":0,"Dictionary Rows Filtered by Bloom Filter":25686653,"Columnar cache search mode":"native","Shared Hit Blocks":0,"Shared Read Blocks":0,"Shared Dirtied Blocks":0,"Shared Written Blocks":0,"Local Hit Blocks":0,"Local Read Blocks":0,"Local Dirtied Blocks":0,"Local Written Blocks":0,"Temp Read Blocks":0,"Temp Written Blocks":0,"I/O Read Time":0.0,"I/O Write Time":0.0,"Temp I/O Read Time":0.0,"Temp I/O Write Time":0.0},{"Node Type":"Seq Scan","Parent Relationship":"Member","Parallel Aware":false,"Async Capable":false,"Relation Name":"order_line","Schema":"public","Alias":"order_line","Startup Cost":0.0,"Total Cost":4.75,"Plan Rows":42,"Plan Width":20,"Actual Startup Time":0.0,"Actual Total Time":0.0,"Actual Rows":0,"Actual Loops":0,"Output":["order_line.ol_amount","order_line.ol_o_id","order_line.ol_w_id","order_line.ol_d_id","order_line.ol_i_id"],"Filter":"(order_line.ol_delivery_d >= '1992-01-02 20:10:02.27764'::timestamp without time zone)","Rows Removed by Filter":0,"Shared Hit Blocks":0,"Shared Read Blocks":0,"Shared Dirtied Blocks":0,"Shared Written Blocks":0,"Local Hit Blocks":0,"Local Read Blocks":0,"Local Dirtied Blocks":0,"Local Written Blocks":0,"Temp Read Blocks":0,"Temp Written Blocks":0,"I/O Read Time":0.0,"I/O Write Time":0.0,"Temp I/O Read Time":0.0,"Temp I/O Write Time":0.0}]},{"Node Type":"Hash","Parent Relationship":"Inner","Parallel Aware":false,"Async Capable":false,"Startup Cost":195025.67,"Total Cost":195025.67,"Plan Rows":10000162,"Plan Width":6,"Actual Rows":10000000,"Actual Loops":1,"Output":["stock.s_w_id","stock.s_i_id"],"Shared Hit Blocks":0,"Shared Read Blocks":0,"Shared Dirtied Blocks":0,"Shared Written Blocks":0,"Local Hit Blocks":0,"Local Read Blocks":0,"Local Dirtied Blocks":0,"Local Written Blocks":0,"Temp Read Blocks":0,"Temp Written Blocks":0,"I/O Read Time":0.0,"I/O Write Time":0.0,"Temp I/O Read Time":0.0,"Temp I/O Write Time":0.0,"Plans":[{"Node Type":"Append","Parent Relationship":"Outer","Parallel Aware":false,"Async Capable":false,"Startup Cost":20.0,"Total Cost":195025.67,"Plan Rows":10000162,"Plan Width":6,"Actual Startup Time":0.228,"Actual Total Time":0.23,"Actual Rows":10000000,"Actual Loops":1,"Shared Hit Blocks":0,"Shared Read Blocks":0,"Shared Dirtied Blocks":0,"Shared Written Blocks":0,"Local Hit Blocks":0,"Local Read Blocks":0,"Local Dirtied Blocks":0,"Local Written Blocks":0,"Temp Read Blocks":0,"Temp Written Blocks":0,"I/O Read Time":0.0,"I/O Write Time":0.0,"Temp I/O Read Time":0.0,"Temp I/O Write Time":0.0,"Subplans Removed":0,"Plans":[{"Node Type":"Custom Scan","Parent Relationship":"Member","Custom Plan Provider":"columnar scan","Parallel Aware":false,"Async Capable":false,"Relation Name":"stock","Schema":"public","Alias":"stock","Startup Cost":20.0,"Total Cost":195020.05,"Plan Rows":10000000,"Plan Width":6,"Actual Startup Time":0.227,"Actual Total Time":0.227,"Actual Rows":10000000,"Actual Loops":1,"Output":["stock.s_w_id","stock.s_i_id"],"Rows Removed by Columnar Filter":0,"Columnar cache search mode":"native","Shared Hit Blocks":0,"Shared Read Blocks":0,"Shared Dirtied Blocks":0,"Shared Written Blocks":0,"Local Hit Blocks":0,"Local Read Blocks":0,"Local Dirtied Blocks":0,"Local Written Blocks":0,"Temp Read Blocks":0,"Temp Written Blocks":0,"I/O Read Time":0.0,"I/O Write Time":0.0,"Temp I/O Read Time":0.0,"Temp I/O Write Time":0.0},{"Node Type":"Seq Scan","Parent Relationship":"Member","Parallel Aware":false,"Async Capable":false,"Relation Name":"stock","Schema":"public","Alias":"stock","Startup Cost":0.0,"Total Cost":5.62,"Plan Rows":162,"Plan Width":6,"Actual Startup Time":0.0,"Actual Total Time":0.0,"Actual Rows":0,"Actual Loops":0,"Output":["stock.s_w_id","stock.s_i_id"],"Shared Hit Blocks":0,"Shared Read Blocks":0,"Shared Dirtied Blocks":0,"Shared Written Blocks":0,"Local Hit Blocks":0,"Local Read Blocks":0,"Local Dirtied Blocks":0,"Local Written Blocks":0,"Temp Read Blocks":0,"Temp Written Blocks":0,"I/O Read Time":0.0,"I/O Write Time":0.0,"Temp I/O Read Time":0.0,"Temp I/O Write Time":0.0}]}]}]},{"Node Type":"Hash","Parent Relationship":"Inner","Parallel Aware":false,"Async Capable":false,"Startup Cost":103.49,"Total Cost":103.49,"Plan Rows":2000,"Plan Width":20,"Actual Startup Time":2.747,"Actual Total Time":2.764,"Actual Rows":3506,"Actual Loops":1,"Output":["supplier.su_suppkey","supplier.su_nationkey","nation.n_name","nation.n_nationkey"],"Hash Buckets":4096,"Original Hash Buckets":2048,"Hash Batches":1,"Original Hash Batches":1,"Peak Memory Usage":217,"Shared Hit Blocks":0,"Shared Read Blocks":0,"Shared Dirtied Blocks":0,"Shared Written Blocks":0,"Local Hit Blocks":0,"Local Read Blocks":0,"Local Dirtied Blocks":0,"Local Written Blocks":0,"Temp Read Blocks":0,"Temp Written Blocks":0,"I/O Read Time":0.0,"I/O Write Time":0.0,"Temp I/O Read Time":0.0,"Temp I/O Write Time":0.0,"Plans":[{"Node Type":"Hash Join","Parent Relationship":"Outer","Parallel Aware":false,"Async Capable":false,"Join Type":"Inner","Startup Cost":49.06,"Total Cost":103.49,"Plan Rows":2000,"Plan Width":20,"Actual Startup Time":1.876,"Actual Total Time":2.178,"Actual Rows":3506,"Actual Loops":1,"Output":["supplier.su_suppkey","supplier.su_nationkey","nation.n_name","nation.n_nationkey"],"Hash Cond":"(supplier.su_nationkey = nation.n_nationkey)","Rows Removed by Bloom Filter":6494,"Shared Hit Blocks":0,"Shared Read Blocks":0,"Shared Dirtied Blocks":0,"Shared Written Blocks":0,"Local Hit Blocks":0,"Local Read Blocks":0,"Local Dirtied Blocks":0,"Local Written Blocks":0,"Temp Read Blocks":0,"Temp Written Blocks":0,"I/O Read Time":0.0,"I/O Write Time":0.0,"Temp I/O Read Time":0.0,"Temp I/O Write Time":0.0,"Plans":[{"Node Type":"Append","Parent Relationship":"Outer","Parallel Aware":false,"Async Capable":false,"Startup Cost":20.0,"Total Cost":219.01,"Plan Rows":10001,"Plan Width":8,"Actual Startup Time":0.016,"Actual Total Time":0.019,"Actual Rows":10000,"Actual Loops":1,"Shared Hit Blocks":0,"Shared Read Blocks":0,"Shared Dirtied Blocks":0,"Shared Written Blocks":0,"Local Hit Blocks":0,"Local Read Blocks":0,"Local Dirtied Blocks":0,"Local Written Blocks":0,"Temp Read Blocks":0,"Temp Written Blocks":0,"I/O Read Time":0.0,"I/O Write Time":0.0,"Temp I/O Read Time":0.0,"Temp I/O Write Time":0.0,"Subplans Removed":0,"Plans":[{"Node Type":"Custom Scan","Parent Relationship":"Member","Custom Plan Provider":"columnar scan","Parallel Aware":false,"Async Capable":false,"Relation Name":"supplier","Schema":"public","Alias":"supplier","Startup Cost":20.0,"Total Cost":215.0,"Plan Rows":10000,"Plan Width":8,"Actual Startup Time":0.016,"Actual Total Time":0.016,"Actual Rows":10000,"Actual Loops":1,"Output":["supplier.su_suppkey","supplier.su_nationkey"],"Rows Removed by Columnar Filter":0,"Columnar cache search mode":"native","Shared Hit Blocks":0,"Shared Read Blocks":0,"Shared Dirtied Blocks":0,"Shared Written Blocks":0,"Local Hit Blocks":0,"Local Read Blocks":0,"Local Dirtied Blocks":0,"Local Written Blocks":0,"Temp Read Blocks":0,"Temp Written Blocks":0,"I/O Read Time":0.0,"I/O Write Time":0.0,"Temp I/O Read Time":0.0,"Temp I/O Write Time":0.0},{"Node Type":"Seq Scan","Parent Relationship":"Member","Parallel Aware":false,"Async Capable":false,"Relation Name":"supplier","Schema":"public","Alias":"supplier","Startup Cost":0.0,"Total Cost":4.01,"Plan Rows":1,"Plan Width":8,"Actual Startup Time":0.0,"Actual Total Time":0.0,"Actual Rows":0,"Actual Loops":0,"Output":["supplier.su_suppkey","supplier.su_nationkey"],"Shared Hit Blocks":0,"Shared Read Blocks":0,"Shared Dirtied Blocks":0,"Shared Written Blocks":0,"Local Hit Blocks":0,"Local Read Blocks":0,"Local Dirtied Blocks":0,"Local Written Blocks":0,"Temp Read Blocks":0,"Temp Written Blocks":0,"I/O Read Time":0.0,"I/O Write Time":0.0,"Temp I/O Read Time":0.0,"Temp I/O Write Time":0.0}]},{"Node Type":"Hash","Parent Relationship":"Inner","Parallel Aware":false,"Async Capable":false,"Startup Cost":29.1,"Total Cost":29.1,"Plan Rows":12,"Plan Width":12,"Actual Rows":22,"Actual Loops":1,"Output":["nation.n_name","nation.n_nationkey"],"Shared Hit Blocks":0,"Shared Read Blocks":0,"Shared Dirtied Blocks":0,"Shared Written Blocks":0,"Local Hit Blocks":0,"Local Read Blocks":0,"Local Dirtied Blocks":0,"Local Written Blocks":0,"Temp Read Blocks":0,"Temp Written Blocks":0,"I/O Read Time":0.0,"I/O Write Time":0.0,"Temp I/O Read Time":0.0,"Temp I/O Write Time":0.0,"Plans":[{"Node Type":"Hash Join","Parent Relationship":"Outer","Parallel Aware":false,"Async Capable":false,"Join Type":"Inner","Startup Cost":24.16,"Total Cost":29.1,"Plan Rows":12,"Plan Width":12,"Actual Startup Time":0.633,"Actual Total Time":0.641,"Actual Rows":22,"Actual Loops":1,"Output":["nation.n_name","nation.n_nationkey"],"Hash Cond":"(region.r_regionkey = nation.n_regionkey)","Rows Removed by Bloom Filter":0,"Shared Hit Blocks":0,"Shared Read Blocks":0,"Shared Dirtied Blocks":0,"Shared Written Blocks":0,"Local Hit Blocks":0,"Local Read Blocks":0,"Local Dirtied Blocks":0,"Local Written Blocks":0,"Temp Read Blocks":0,"Temp Written Blocks":0,"I/O Read Time":0.0,"I/O Write Time":0.0,"Temp I/O Read Time":0.0,"Temp I/O Write Time":0.0,"Plans":[{"Node Type":"Append","Parent Relationship":"Outer","Parallel Aware":false,"Async Capable":false,"Startup Cost":20.0,"Total Cost":24.04,"Plan Rows":2,"Plan Width":4,"Actual Startup Time":0.015,"Actual Total Time":0.018,"Actual Rows":1,"Actual Loops":1,"Shared Hit Blocks":0,"Shared Read Blocks":0,"Shared Dirtied Blocks":0,"Shared Written Blocks":0,"Local Hit Blocks":0,"Local Read Blocks":0,"Local Dirtied Blocks":0,"Local Written Blocks":0,"Temp Read Blocks":0,"Temp Written Blocks":0,"I/O Read Time":0.0,"I/O Write Time":0.0,"Temp I/O Read Time":0.0,"Temp I/O Write Time":0.0,"Subplans Removed":0,"Plans":[{"Node Type":"Custom Scan","Parent Relationship":"Member","Custom Plan Provider":"columnar scan","Parallel Aware":false,"Async Capable":false,"Relation Name":"region","Schema":"public","Alias":"region","Startup Cost":20.0,"Total Cost":20.02,"Plan Rows":1,"Plan Width":4,"Actual Startup Time":0.015,"Actual Total Time":0.015,"Actual Rows":1,"Actual Loops":1,"Output":["region.r_regionkey"],"Filter":"((region.r_name)::text = 'Europe'::text)","Rows Removed by Filter":0,"Rows Removed by Columnar Filter":4,"Columnar cache search mode":"native","Shared Hit Blocks":0,"Shared Read Blocks":0,"Shared Dirtied Blocks":0,"Shared Written Blocks":0,"Local Hit Blocks":0,"Local Read Blocks":0,"Local Dirtied Blocks":0,"Local Written Blocks":0,"Temp Read Blocks":0,"Temp Written Blocks":0,"I/O Read Time":0.0,"I/O Write Time":0.0,"Temp I/O Read Time":0.0,"Temp I/O Write Time":0.0},{"Node Type":"Seq Scan","Parent Relationship":"Member","Parallel Aware":false,"Async Capable":false,"Relation Name":"region","Schema":"public","Alias":"region","Startup Cost":0.0,"Total Cost":4.01,"Plan Rows":1,"Plan Width":4,"Actual Startup Time":0.0,"Actual Total Time":0.0,"Actual Rows":0,"Actual Loops":0,"Output":["region.r_regionkey"],"Filter":"((region.r_name)::text = 'Europe'::text)","Rows Removed by Filter":0,"Shared Hit Blocks":0,"Shared Read Blocks":0,"Shared Dirtied Blocks":0,"Shared Written Blocks":0,"Local Hit Blocks":0,"Local Read Blocks":0,"Local Dirtied Blocks":0,"Local Written Blocks":0,"Temp Read Blocks":0,"Temp Written Blocks":0,"I/O Read Time":0.0,"I/O Write Time":0.0,"Temp I/O Read Time":0.0,"Temp I/O Write Time":0.0}]},{"Node Type":"Hash","Parent Relationship":"Inner","Parallel Aware":false,"Async Capable":false,"Startup Cost":25.34,"Total Cost":25.34,"Plan Rows":63,"Plan Width":16,"Actual Rows":62,"Actual Loops":1,"Output":["nation.n_name","nation.n_nationkey","nation.n_regionkey"],"Shared Hit Blocks":0,"Shared Read Blocks":0,"Shared Dirtied Blocks":0,"Shared Written Blocks":0,"Local Hit Blocks":0,"Local Read Blocks":0,"Local Dirtied Blocks":0,"Local Written Blocks":0,"Temp Read Blocks":0,"Temp Written Blocks":0,"I/O Read Time":0.0,"I/O Write Time":0.0,"Temp I/O Read Time":0.0,"Temp I/O Write Time":0.0,"Plans":[{"Node Type":"Append","Parent Relationship":"Outer","Parallel Aware":false,"Async Capable":false,"Startup Cost":20.0,"Total Cost":25.34,"Plan Rows":63,"Plan Width":16,"Actual Startup Time":0.016,"Actual Total Time":0.018,"Actual Rows":62,"Actual Loops":1,"Shared Hit Blocks":0,"Shared Read Blocks":0,"Shared Dirtied Blocks":0,"Shared Written Blocks":0,"Local Hit Blocks":0,"Local Read Blocks":0,"Local Dirtied Blocks":0,"Local Written Blocks":0,"Temp Read Blocks":0,"Temp Written Blocks":0,"I/O Read Time":0.0,"I/O Write Time":0.0,"Temp I/O Read Time":0.0,"Temp I/O Write Time":0.0,"Subplans Removed":0,"Plans":[{"Node Type":"Custom Scan","Parent Relationship":"Member","Custom Plan Provider":"columnar scan","Parallel Aware":false,"Async Capable":false,"Relation Name":"nation","Schema":"public","Alias":"nation","Startup Cost":20.0,"Total Cost":21.33,"Plan Rows":62,"Plan Width":16,"Actual Startup Time":0.016,"Actual Total Time":0.016,"Actual Rows":62,"Actual Loops":1,"Output":["nation.n_name","nation.n_nationkey","nation.n_regionkey"],"Rows Removed by Columnar Filter":0,"Columnar cache search mode":"native","Shared Hit Blocks":0,"Shared Read Blocks":0,"Shared Dirtied Blocks":0,"Shared Written Blocks":0,"Local Hit Blocks":0,"Local Read Blocks":0,"Local Dirtied Blocks":0,"Local Written Blocks":0,"Temp Read Blocks":0,"Temp Written Blocks":0,"I/O Read Time":0.0,"I/O Write Time":0.0,"Temp I/O Read Time":0.0,"Temp I/O Write Time":0.0},{"Node Type":"Seq Scan","Parent Relationship":"Member","Parallel Aware":false,"Async Capable":false,"Relation Name":"nation","Schema":"public","Alias":"nation","Startup Cost":0.0,"Total Cost":4.01,"Plan Rows":1,"Plan Width":16,"Actual Startup Time":0.0,"Actual Total Time":0.0,"Actual Rows":0,"Actual Loops":0,"Output":["nation.n_name","nation.n_nationkey","nation.n_regionkey"],"Shared Hit Blocks":0,"Shared Read Blocks":0,"Shared Dirtied Blocks":0,"Shared Written Blocks":0,"Local Hit Blocks":0,"Local Read Blocks":0,"Local Dirtied Blocks":0,"Local Written Blocks":0,"Temp Read Blocks":0,"Temp Written Blocks":0,"I/O Read Time":0.0,"I/O Write Time":0.0,"Temp I/O Read Time":0.0,"Temp I/O Write Time":0.0}]}]}]}]}]}]}]},{"Node Type":"Hash","Parent Relationship":"Inner","Parallel Aware":false,"Async Capable":false,"Startup Cost":65744.12,"Total Cost":65744.12,"Plan Rows":426549,"Plan Width":16,"Actual Startup Time":226.333,"Actual Total Time":226.336,"Actual Rows":428399,"Actual Loops":1,"Output":["orders.o_c_id","orders.o_w_id","orders.o_d_id","orders.o_id"],"Hash Buckets":262144,"Original Hash Buckets":262144,"Hash Batches":4,"Original Hash Batches":4,"Peak Memory Usage":7080,"Shared Hit Blocks":0,"Shared Read Blocks":0,"Shared Dirtied Blocks":0,"Shared Written Blocks":0,"Local Hit Blocks":0,"Local Read Blocks":0,"Local Dirtied Blocks":0,"Local Written Blocks":0,"Temp Read Blocks":0,"Temp Written Blocks":1410,"I/O Read Time":0.0,"I/O Write Time":0.0,"Temp I/O Read Time":0.0,"Temp I/O Write Time":5.901,"Plans":[{"Node Type":"Append","Parent Relationship":"Outer","Parallel Aware":false,"Async Capable":false,"Startup Cost":20.0,"Total Cost":65744.12,"Plan Rows":426549,"Plan Width":16,"Actual Startup Time":0.492,"Actual Total Time":117.238,"Actual Rows":428399,"Actual Loops":1,"Shared Hit Blocks":0,"Shared Read Blocks":0,"Shared Dirtied Blocks":0,"Shared Written Blocks":0,"Local Hit Blocks":0,"Local Read Blocks":0,"Local Dirtied Blocks":0,"Local Written Blocks":0,"Temp Read Blocks":0,"Temp Written Blocks":0,"I/O Read Time":0.0,"I/O Write Time":0.0,"Temp I/O Read Time":0.0,"Temp I/O Write Time":0.0,"Subplans Removed":0,"Plans":[{"Node Type":"Custom Scan","Parent Relationship":"Member","Custom Plan Provider":"columnar scan","Parallel Aware":false,"Async Capable":false,"Relation Name":"orders","Schema":"public","Alias":"orders","Startup Cost":20.0,"Total Cost":10043.96,"Plan Rows":426548,"Plan Width":16,"Actual Startup Time":0.49,"Actual Total Time":79.94,"Actual Rows":428399,"Actual Loops":1,"Output":["orders.o_c_id","orders.o_w_id","orders.o_d_id","orders.o_id"],"Filter":"((orders.o_entry_d < '1994-01-02 20:10:02.27764'::timestamp without time zone) AND (orders.o_entry_d >= '1993-01-02 20:10:02.27764'::timestamp without time zone))","Rows Removed by Filter":0,"Rows Removed by Columnar Filter":2571601,"Columnar cache search mode":"native","Shared Hit Blocks":0,"Shared Read Blocks":0,"Shared Dirtied Blocks":0,"Shared Written Blocks":0,"Local Hit Blocks":0,"Local Read Blocks":0,"Local Dirtied Blocks":0,"Local Written Blocks":0,"Temp Read Blocks":0,"Temp Written Blocks":0,"I/O Read Time":0.0,"I/O Write Time":0.0,"Temp I/O Read Time":0.0,"Temp I/O Write Time":0.0},{"Node Type":"Seq Scan","Parent Relationship":"Member","Parallel Aware":false,"Async Capable":false,"Relation Name":"orders","Schema":"public","Alias":"orders","Startup Cost":0.0,"Total Cost":4.01,"Plan Rows":1,"Plan Width":16,"Actual Startup Time":0.0,"Actual Total Time":0.0,"Actual Rows":0,"Actual Loops":0,"Output":["orders.o_c_id","orders.o_w_id","orders.o_d_id","orders.o_id"],"Filter":"((orders.o_entry_d < '1994-01-02 20:10:02.27764'::timestamp without time zone) AND (orders.o_entry_d >= '1993-01-02 20:10:02.27764'::timestamp without time zone))","Rows Removed by Filter":0,"Shared Hit Blocks":0,"Shared Read Blocks":0,"Shared Dirtied Blocks":0,"Shared Written Blocks":0,"Local Hit Blocks":0,"Local Read Blocks":0,"Local Dirtied Blocks":0,"Local Written Blocks":0,"Temp Read Blocks":0,"Temp Written Blocks":0,"I/O Read Time":0.0,"I/O Write Time":0.0,"Temp I/O Read Time":0.0,"Temp I/O Write Time":0.0}]}]}]},{"Node Type":"Hash","Parent Relationship":"Inner","Parallel Aware":false,"Async Capable":false,"Startup Cost":259601.38,"Total Cost":259601.38,"Plan Rows":2999738,"Plan Width":12,"Actual Startup Time":1269.635,"Actual Total Time":1269.636,"Actual Rows":3000000,"Actual Loops":1,"Output":["customer.c_id","customer.c_w_id","customer.c_d_id","customer.c_nationkey"],"Hash Buckets":262144,"Original Hash Buckets":262144,"Hash Batches":32,"Original Hash Batches":32,"Peak Memory Usage":6058,"Shared Hit Blocks":229604,"Shared Read Blocks":0,"Shared Dirtied Blocks":0,"Shared Written Blocks":0,"Local Hit Blocks":0,"Local Read Blocks":0,"Local Dirtied Blocks":0,"Local Written Blocks":0,"Temp Read Blocks":0,"Temp Written Blocks":11339,"I/O Read Time":0.0,"I/O Write Time":0.0,"Temp I/O Read Time":0.0,"Temp I/O Write Time":53.829,"Plans":[{"Node Type":"Seq Scan","Parent Relationship":"Outer","Parallel Aware":false,"Async Capable":false,"Relation Name":"customer","Schema":"public","Alias":"customer","Startup Cost":0.0,"Total Cost":259601.38,"Plan Rows":2999738,"Plan Width":12,"Actual Startup Time":0.026,"Actual Total Time":747.028,"Actual Rows":3000000,"Actual Loops":1,"Output":["customer.c_id","customer.c_w_id","customer.c_d_id","customer.c_nationkey"],"Shared Hit Blocks":229604,"Shared Read Blocks":0,"Shared Dirtied Blocks":0,"Shared Written Blocks":0,"Local Hit Blocks":0,"Local Read Blocks":0,"Local Dirtied Blocks":0,"Local Written Blocks":0,"Temp Read Blocks":0,"Temp Written Blocks":0,"I/O Read Time":0.0,"I/O Write Time":0.0,"Temp I/O Read Time":0.0,"Temp I/O Write Time":0.0}]}]}]}]}]},"Planning":{"Shared Hit Blocks":16,"Shared Read Blocks":0,"Shared Dirtied Blocks":0,"Shared Written Blocks":0,"Local Hit Blocks":0,"Local Read Blocks":0,"Local Dirtied Blocks":0,"Local Written Blocks":0,"Temp Read Blocks":0,"Temp Written Blocks":0,"I/O Read Time":0.0,"I/O Write Time":0.0,"Temp I/O Read Time":0.0,"Temp I/O Write Time":0.0},"Planning Time":5.298,"Triggers":[],"Execution Time":5511.899}]
[列存组合]: customer, nation, order_line, orders, region, stock, supplier
[{"Plan":{"Node Type":"Sort","Parallel Aware":false,"Async Capable":false,"Startup Cost":1193426.52,"Total Cost":1193426.67,"Plan Rows":62,"Plan Width":40,"Actual Startup Time":5371.226,"Actual Total Time":5371.243,"Actual Rows":11,"Actual Loops":1,"Output":["nation.n_name","(sum(order_line.ol_amount))"],"Sort Key":["(sum(order_line.ol_amount)) DESC"],"Sort Method":"quicksort","Sort Space Used":25,"Sort Space Type":"Memory","Shared Hit Blocks":0,"Shared Read Blocks":0,"Shared Dirtied Blocks":0,"Shared Written Blocks":0,"Local Hit Blocks":0,"Local Read Blocks":0,"Local Dirtied Blocks":0,"Local Written Blocks":0,"Temp Read Blocks":31471,"Temp Written Blocks":31471,"I/O Read Time":0.0,"I/O Write Time":0.0,"Temp I/O Read Time":50.801,"Temp I/O Write Time":136.402,"Plans":[{"Node Type":"Aggregate","Strategy":"Sorted","Partial Mode":"Simple","Parent Relationship":"Outer","Parallel Aware":false,"Async Capable":false,"Startup Cost":1193350.73,"Total Cost":1193424.67,"Plan Rows":62,"Plan Width":40,"Actual Startup Time":5368.341,"Actual Total Time":5371.231,"Actual Rows":11,"Actual Loops":1,"Output":["nation.n_name","sum(order_line.ol_amount)"],"Group Key":["nation.n_name"],"Shared Hit Blocks":0,"Shared Read Blocks":0,"Shared Dirtied Blocks":0,"Shared Written Blocks":0,"Local Hit Blocks":0,"Local Read Blocks":0,"Local Dirtied Blocks":0,"Local Written Blocks":0,"Temp Read Blocks":31471,"Temp Written Blocks":31471,"I/O Read Time":0.0,"I/O Write Time":0.0,"Temp I/O Read Time":50.801,"Temp I/O Write Time":136.402,"Plans":[{"Node Type":"Sort","Parent Relationship":"Outer","Parallel Aware":false,"Async Capable":false,"Startup Cost":1193350.73,"Total Cost":1193375.12,"Plan Rows":9755,"Plan Width":12,"Actual Startup Time":5368.129,"Actual Total Time":5368.929,"Actual Rows":17493,"Actual Loops":1,"Output":["nation.n_name","order_line.ol_amount"],"Sort Key":["nation.n_name"],"Sort Method":"quicksort","Sort Space Used":1725,"Sort Space Type":"Memory","Shared Hit Blocks":0,"Shared Read Blocks":0,"Shared Dirtied Blocks":0,"Shared Written Blocks":0,"Local Hit Blocks":0,"Local Read Blocks":0,"Local Dirtied Blocks":0,"Local Written Blocks":0,"Temp Read Blocks":31471,"Temp Written Blocks":31471,"I/O Read Time":0.0,"I/O Write Time":0.0,"Temp I/O Read Time":50.801,"Temp I/O Write Time":136.402,"Plans":[{"Node Type":"Hash Join","Parent Relationship":"Outer","Parallel Aware":false,"Async Capable":false,"Join Type":"Inner","Startup Cost":433897.17,"Total Cost":1192704.37,"Plan Rows":9755,"Plan Width":12,"Actual Startup Time":2217.274,"Actual Total Time":5359.732,"Actual Rows":17493,"Actual Loops":1,"Output":["nation.n_name","order_line.ol_amount"],"Hash Cond":"((orders.o_c_id = customer.c_id) AND (orders.o_w_id = customer.c_w_id) AND (orders.o_d_id = customer.c_d_id) AND (supplier.su_nationkey = customer.c_nationkey))","Shared Hit Blocks":0,"Shared Read Blocks":0,"Shared Dirtied Blocks":0,"Shared Written Blocks":0,"Local Hit Blocks":0,"Local Read Blocks":0,"Local Dirtied Blocks":0,"Local Written Blocks":0,"Temp Read Blocks":31471,"Temp Written Blocks":31471,"I/O Read Time":0.0,"I/O Write Time":0.0,"Temp I/O Read Time":50.801,"Temp I/O Write Time":136.402,"Plans":[{"Node Type":"Hash Join","Parent Relationship":"Outer","Parallel Aware":false,"Async Capable":false,"Join Type":"Inner","Startup Cost":104743.24,"Total Cost":833153.52,"Plan Rows":602754,"Plan Width":34,"Actual Startup Time":1021.65,"Actual Total Time":3377.576,"Actual Rows":1489124,"Actual Loops":1,"Output":["orders.o_c_id","orders.o_w_id","orders.o_d_id","order_line.ol_amount","order_line.ol_w_id","order_line.ol_d_id","stock.s_w_id","supplier.su_nationkey","nation.n_name","nation.n_nationkey"],"Hash Cond":"((order_line.ol_w_id = orders.o_w_id) AND (order_line.ol_d_id = orders.o_d_id) AND (order_line.ol_o_id = orders.o_id))","Shared Hit Blocks":0,"Shared Read Blocks":0,"Shared Dirtied Blocks":0,"Shared Written Blocks":0,"Local Hit Blocks":0,"Local Read Blocks":0,"Local Dirtied Blocks":0,"Local Written Blocks":0,"Temp Read Blocks":9894,"Temp Written Blocks":9894,"I/O Read Time":0.0,"I/O Write Time":0.0,"Temp I/O Read Time":16.474,"Temp I/O Write Time":42.028,"Plans":[{"Node Type":"Hash Join","Parent Relationship":"Outer","Parallel Aware":false,"Async Capable":false,"Join Type":"Inner","Startup Cost":29451.51,"Total Cost":656067.26,"Plan Rows":4242986,"Plan Width":34,"Actual Startup Time":809.325,"Actual Total Time":2442.539,"Actual Rows":1498118,"Actual Loops":1,"Output":["order_line.ol_amount","order_line.ol_o_id","order_line.ol_w_id","order_line.ol_d_id","stock.s_w_id","supplier.su_nationkey","nation.n_name","nation.n_nationkey"],"Hash Cond":"(mod((stock.s_w_id * stock.s_i_id), 10000) = supplier.su_suppkey)","Shared Hit Blocks":0,"Shared Read Blocks":0,"Shared Dirtied Blocks":0,"Shared Written Blocks":0,"Local Hit Blocks":0,"Local Read Blocks":0,"Local Dirtied Blocks":0,"Local Written Blocks":0,"Temp Read Blocks":0,"Temp Written Blocks":0,"I/O Read Time":0.0,"I/O Write Time":0.0,"Temp I/O Read Time":0.0,"Temp I/O Write Time":0.0,"Plans":[{"Node Type":"Hash Join","Parent Relationship":"Outer","Parallel Aware":false,"Async Capable":false,"Join Type":"Inner","Startup Cost":29323.02,"Total Cost":480915.59,"Plan Rows":21214932,"Plan Width":22,"Actual Startup Time":806.878,"Actual Total Time":1759.038,"Actual Rows":4311079,"Actual Loops":1,"Output":["order_line.ol_amount","order_line.ol_o_id","order_line.ol_w_id","order_line.ol_d_id","stock.s_w_id","stock.s_i_id"],"Hash Cond":"((order_line.ol_w_id = stock.s_w_id) AND (order_line.ol_i_id = stock.s_i_id))","Rows Removed by Bloom Filter":0,"Shared Hit Blocks":0,"Shared Read Blocks":0,"Shared Dirtied Blocks":0,"Shared Written Blocks":0,"Local Hit Blocks":0,"Local Read Blocks":0,"Local Dirtied Blocks":0,"Local Written Blocks":0,"Temp Read Blocks":0,"Temp Written Blocks":0,"I/O Read Time":0.0,"I/O Write Time":0.0,"Temp I/O Read Time":0.0,"Temp I/O Write Time":0.0,"Plans":[{"Node Type":"Append","Parent Relationship":"Outer","Parallel Aware":false,"Async Capable":false,"Startup Cost":20.0,"Total Cost":533646.5,"Plan Rows":20926367,"Plan Width":20,"Actual Startup Time":123.332,"Actual Total Time":123.335,"Actual Rows":4311079,"Actual Loops":1,"Shared Hit Blocks":0,"Shared Read Blocks":0,"Shared Dirtied Blocks":0,"Shared Written Blocks":0,"Local Hit Blocks":0,"Local Read Blocks":0,"Local Dirtied Blocks":0,"Local Written Blocks":0,"Temp Read Blocks":0,"Temp Written Blocks":0,"I/O Read Time":0.0,"I/O Write Time":0.0,"Temp I/O Read Time":0.0,"Temp I/O Write Time":0.0,"Subplans Removed":0,"Plans":[{"Node Type":"Custom Scan","Parent Relationship":"Member","Custom Plan Provider":"columnar scan","Parallel Aware":false,"Async Capable":false,"Relation Name":"order_line","Schema":"public","Alias":"order_line","Startup Cost":20.0,"Total Cost":533641.75,"Plan Rows":20926325,"Plan Width":20,"Actual Startup Time":123.331,"Actual Total Time":123.333,"Actual Rows":4311079,"Actual Loops":1,"Output":["order_line.ol_amount","order_line.ol_o_id","order_line.ol_w_id","order_line.ol_d_id","order_line.ol_i_id"],"Filter":"(order_line.ol_delivery_d >= '1992-01-02 20:10:02.27764'::timestamp without time zone)","Rows Removed by Filter":0,"Rows Removed by Columnar Filter":25686653,"Rows Filtered by Bloom Filter":0,"Dictionary Rows Filtered by Bloom Filter":25686653,"Columnar cache search mode":"native","Shared Hit Blocks":0,"Shared Read Blocks":0,"Shared Dirtied Blocks":0,"Shared Written Blocks":0,"Local Hit Blocks":0,"Local Read Blocks":0,"Local Dirtied Blocks":0,"Local Written Blocks":0,"Temp Read Blocks":0,"Temp Written Blocks":0,"I/O Read Time":0.0,"I/O Write Time":0.0,"Temp I/O Read Time":0.0,"Temp I/O Write Time":0.0},{"Node Type":"Seq Scan","Parent Relationship":"Member","Parallel Aware":false,"Async Capable":false,"Relation Name":"order_line","Schema":"public","Alias":"order_line","Startup Cost":0.0,"Total Cost":4.75,"Plan Rows":42,"Plan Width":20,"Actual Startup Time":0.0,"Actual Total Time":0.0,"Actual Rows":0,"Actual Loops":0,"Output":["order_line.ol_amount","order_line.ol_o_id","order_line.ol_w_id","order_line.ol_d_id","order_line.ol_i_id"],"Filter":"(order_line.ol_delivery_d >= '1992-01-02 20:10:02.27764'::timestamp without time zone)","Rows Removed by Filter":0,"Shared Hit Blocks":0,"Shared Read Blocks":0,"Shared Dirtied Blocks":0,"Shared Written Blocks":0,"Local Hit Blocks":0,"Local Read Blocks":0,"Local Dirtied Blocks":0,"Local Written Blocks":0,"Temp Read Blocks":0,"Temp Written Blocks":0,"I/O Read Time":0.0,"I/O Write Time":0.0,"Temp I/O Read Time":0.0,"Temp I/O Write Time":0.0}]},{"Node Type":"Hash","Parent Relationship":"Inner","Parallel Aware":false,"Async Capable":false,"Startup Cost":195025.67,"Total Cost":195025.67,"Plan Rows":10000162,"Plan Width":6,"Actual Rows":10000000,"Actual Loops":1,"Output":["stock.s_w_id","stock.s_i_id"],"Shared Hit Blocks":0,"Shared Read Blocks":0,"Shared Dirtied Blocks":0,"Shared Written Blocks":0,"Local Hit Blocks":0,"Local Read Blocks":0,"Local Dirtied Blocks":0,"Local Written Blocks":0,"Temp Read Blocks":0,"Temp Written Blocks":0,"I/O Read Time":0.0,"I/O Write Time":0.0,"Temp I/O Read Time":0.0,"Temp I/O Write Time":0.0,"Plans":[{"Node Type":"Append","Parent Relationship":"Outer","Parallel Aware":false,"Async Capable":false,"Startup Cost":20.0,"Total Cost":195025.67,"Plan Rows":10000162,"Plan Width":6,"Actual Startup Time":0.221,"Actual Total Time":0.222,"Actual Rows":10000000,"Actual Loops":1,"Shared Hit Blocks":0,"Shared Read Blocks":0,"Shared Dirtied Blocks":0,"Shared Written Blocks":0,"Local Hit Blocks":0,"Local Read Blocks":0,"Local Dirtied Blocks":0,"Local Written Blocks":0,"Temp Read Blocks":0,"Temp Written Blocks":0,"I/O Read Time":0.0,"I/O Write Time":0.0,"Temp I/O Read Time":0.0,"Temp I/O Write Time":0.0,"Subplans Removed":0,"Plans":[{"Node Type":"Custom Scan","Parent Relationship":"Member","Custom Plan Provider":"columnar scan","Parallel Aware":false,"Async Capable":false,"Relation Name":"stock","Schema":"public","Alias":"stock","Startup Cost":20.0,"Total Cost":195020.05,"Plan Rows":10000000,"Plan Width":6,"Actual Startup Time":0.221,"Actual Total Time":0.221,"Actual Rows":10000000,"Actual Loops":1,"Output":["stock.s_w_id","stock.s_i_id"],"Rows Removed by Columnar Filter":0,"Columnar cache search mode":"native","Shared Hit Blocks":0,"Shared Read Blocks":0,"Shared Dirtied Blocks":0,"Shared Written Blocks":0,"Local Hit Blocks":0,"Local Read Blocks":0,"Local Dirtied Blocks":0,"Local Written Blocks":0,"Temp Read Blocks":0,"Temp Written Blocks":0,"I/O Read Time":0.0,"I/O Write Time":0.0,"Temp I/O Read Time":0.0,"Temp I/O Write Time":0.0},{"Node Type":"Seq Scan","Parent Relationship":"Member","Parallel Aware":false,"Async Capable":false,"Relation Name":"stock","Schema":"public","Alias":"stock","Startup Cost":0.0,"Total Cost":5.62,"Plan Rows":162,"Plan Width":6,"Actual Startup Time":0.0,"Actual Total Time":0.0,"Actual Rows":0,"Actual Loops":0,"Output":["stock.s_w_id","stock.s_i_id"],"Shared Hit Blocks":0,"Shared Read Blocks":0,"Shared Dirtied Blocks":0,"Shared Written Blocks":0,"Local Hit Blocks":0,"Local Read Blocks":0,"Local Dirtied Blocks":0,"Local Written Blocks":0,"Temp Read Blocks":0,"Temp Written Blocks":0,"I/O Read Time":0.0,"I/O Write Time":0.0,"Temp I/O Read Time":0.0,"Temp I/O Write Time":0.0}]}]}]},{"Node Type":"Hash","Parent Relationship":"Inner","Parallel Aware":false,"Async Capable":false,"Startup Cost":103.49,"Total Cost":103.49,"Plan Rows":2000,"Plan Width":20,"Actual Startup Time":2.416,"Actual Total Time":2.423,"Actual Rows":3506,"Actual Loops":1,"Output":["supplier.su_suppkey","supplier.su_nationkey","nation.n_name","nation.n_nationkey"],"Hash Buckets":4096,"Original Hash Buckets":2048,"Hash Batches":1,"Original Hash Batches":1,"Peak Memory Usage":217,"Shared Hit Blocks":0,"Shared Read Blocks":0,"Shared Dirtied Blocks":0,"Shared Written Blocks":0,"Local Hit Blocks":0,"Local Read Blocks":0,"Local Dirtied Blocks":0,"Local Written Blocks":0,"Temp Read Blocks":0,"Temp Written Blocks":0,"I/O Read Time":0.0,"I/O Write Time":0.0,"Temp I/O Read Time":0.0,"Temp I/O Write Time":0.0,"Plans":[{"Node Type":"Hash Join","Parent Relationship":"Outer","Parallel Aware":false,"Async Capable":false,"Join Type":"Inner","Startup Cost":49.06,"Total Cost":103.49,"Plan Rows":2000,"Plan Width":20,"Actual Startup Time":1.642,"Actual Total Time":1.882,"Actual Rows":3506,"Actual Loops":1,"Output":["supplier.su_suppkey","supplier.su_nationkey","nation.n_name","nation.n_nationkey"],"Hash Cond":"(supplier.su_nationkey = nation.n_nationkey)","Rows Removed by Bloom Filter":6494,"Shared Hit Blocks":0,"Shared Read Blocks":0,"Shared Dirtied Blocks":0,"Shared Written Blocks":0,"Local Hit Blocks":0,"Local Read Blocks":0,"Local Dirtied Blocks":0,"Local Written Blocks":0,"Temp Read Blocks":0,"Temp Written Blocks":0,"I/O Read Time":0.0,"I/O Write Time":0.0,"Temp I/O Read Time":0.0,"Temp I/O Write Time":0.0,"Plans":[{"Node Type":"Append","Parent Relationship":"Outer","Parallel Aware":false,"Async Capable":false,"Startup Cost":20.0,"Total Cost":219.01,"Plan Rows":10001,"Plan Width":8,"Actual Startup Time":0.015,"Actual Total Time":0.016,"Actual Rows":10000,"Actual Loops":1,"Shared Hit Blocks":0,"Shared Read Blocks":0,"Shared Dirtied Blocks":0,"Shared Written Blocks":0,"Local Hit Blocks":0,"Local Read Blocks":0,"Local Dirtied Blocks":0,"Local Written Blocks":0,"Temp Read Blocks":0,"Temp Written Blocks":0,"I/O Read Time":0.0,"I/O Write Time":0.0,"Temp I/O Read Time":0.0,"Temp I/O Write Time":0.0,"Subplans Removed":0,"Plans":[{"Node Type":"Custom Scan","Parent Relationship":"Member","Custom Plan Provider":"columnar scan","Parallel Aware":false,"Async Capable":false,"Relation Name":"supplier","Schema":"public","Alias":"supplier","Startup Cost":20.0,"Total Cost":215.0,"Plan Rows":10000,"Plan Width":8,"Actual Startup Time":0.014,"Actual Total Time":0.014,"Actual Rows":10000,"Actual Loops":1,"Output":["supplier.su_suppkey","supplier.su_nationkey"],"Rows Removed by Columnar Filter":0,"Columnar cache search mode":"native","Shared Hit Blocks":0,"Shared Read Blocks":0,"Shared Dirtied Blocks":0,"Shared Written Blocks":0,"Local Hit Blocks":0,"Local Read Blocks":0,"Local Dirtied Blocks":0,"Local Written Blocks":0,"Temp Read Blocks":0,"Temp Written Blocks":0,"I/O Read Time":0.0,"I/O Write Time":0.0,"Temp I/O Read Time":0.0,"Temp I/O Write Time":0.0},{"Node Type":"Seq Scan","Parent Relationship":"Member","Parallel Aware":false,"Async Capable":false,"Relation Name":"supplier","Schema":"public","Alias":"supplier","Startup Cost":0.0,"Total Cost":4.01,"Plan Rows":1,"Plan Width":8,"Actual Startup Time":0.0,"Actual Total Time":0.0,"Actual Rows":0,"Actual Loops":0,"Output":["supplier.su_suppkey","supplier.su_nationkey"],"Shared Hit Blocks":0,"Shared Read Blocks":0,"Shared Dirtied Blocks":0,"Shared Written Blocks":0,"Local Hit Blocks":0,"Local Read Blocks":0,"Local Dirtied Blocks":0,"Local Written Blocks":0,"Temp Read Blocks":0,"Temp Written Blocks":0,"I/O Read Time":0.0,"I/O Write Time":0.0,"Temp I/O Read Time":0.0,"Temp I/O Write Time":0.0}]},{"Node Type":"Hash","Parent Relationship":"Inner","Parallel Aware":false,"Async Capable":false,"Startup Cost":29.1,"Total Cost":29.1,"Plan Rows":12,"Plan Width":12,"Actual Rows":22,"Actual Loops":1,"Output":["nation.n_name","nation.n_nationkey"],"Shared Hit Blocks":0,"Shared Read Blocks":0,"Shared Dirtied Blocks":0,"Shared Written Blocks":0,"Local Hit Blocks":0,"Local Read Blocks":0,"Local Dirtied Blocks":0,"Local Written Blocks":0,"Temp Read Blocks":0,"Temp Written Blocks":0,"I/O Read Time":0.0,"I/O Write Time":0.0,"Temp I/O Read Time":0.0,"Temp I/O Write Time":0.0,"Plans":[{"Node Type":"Hash Join","Parent Relationship":"Outer","Parallel Aware":false,"Async Capable":false,"Join Type":"Inner","Startup Cost":24.16,"Total Cost":29.1,"Plan Rows":12,"Plan Width":12,"Actual Startup Time":0.567,"Actual Total Time":0.569,"Actual Rows":22,"Actual Loops":1,"Output":["nation.n_name","nation.n_nationkey"],"Hash Cond":"(region.r_regionkey = nation.n_regionkey)","Rows Removed by Bloom Filter":0,"Shared Hit Blocks":0,"Shared Read Blocks":0,"Shared Dirtied Blocks":0,"Shared Written Blocks":0,"Local Hit Blocks":0,"Local Read Blocks":0,"Local Dirtied Blocks":0,"Local Written Blocks":0,"Temp Read Blocks":0,"Temp Written Blocks":0,"I/O Read Time":0.0,"I/O Write Time":0.0,"Temp I/O Read Time":0.0,"Temp I/O Write Time":0.0,"Plans":[{"Node Type":"Append","Parent Relationship":"Outer","Parallel Aware":false,"Async Capable":false,"Startup Cost":20.0,"Total Cost":24.04,"Plan Rows":2,"Plan Width":4,"Actual Startup Time":0.014,"Actual Total Time":0.015,"Actual Rows":1,"Actual Loops":1,"Shared Hit Blocks":0,"Shared Read Blocks":0,"Shared Dirtied Blocks":0,"Shared Written Blocks":0,"Local Hit Blocks":0,"Local Read Blocks":0,"Local Dirtied Blocks":0,"Local Written Blocks":0,"Temp Read Blocks":0,"Temp Written Blocks":0,"I/O Read Time":0.0,"I/O Write Time":0.0,"Temp I/O Read Time":0.0,"Temp I/O Write Time":0.0,"Subplans Removed":0,"Plans":[{"Node Type":"Custom Scan","Parent Relationship":"Member","Custom Plan Provider":"columnar scan","Parallel Aware":false,"Async Capable":false,"Relation Name":"region","Schema":"public","Alias":"region","Startup Cost":20.0,"Total Cost":20.02,"Plan Rows":1,"Plan Width":4,"Actual Startup Time":0.014,"Actual Total Time":0.014,"Actual Rows":1,"Actual Loops":1,"Output":["region.r_regionkey"],"Filter":"((region.r_name)::text = 'Europe'::text)","Rows Removed by Filter":0,"Rows Removed by Columnar Filter":4,"Columnar cache search mode":"native","Shared Hit Blocks":0,"Shared Read Blocks":0,"Shared Dirtied Blocks":0,"Shared Written Blocks":0,"Local Hit Blocks":0,"Local Read Blocks":0,"Local Dirtied Blocks":0,"Local Written Blocks":0,"Temp Read Blocks":0,"Temp Written Blocks":0,"I/O Read Time":0.0,"I/O Write Time":0.0,"Temp I/O Read Time":0.0,"Temp I/O Write Time":0.0},{"Node Type":"Seq Scan","Parent Relationship":"Member","Parallel Aware":false,"Async Capable":false,"Relation Name":"region","Schema":"public","Alias":"region","Startup Cost":0.0,"Total Cost":4.01,"Plan Rows":1,"Plan Width":4,"Actual Startup Time":0.0,"Actual Total Time":0.0,"Actual Rows":0,"Actual Loops":0,"Output":["region.r_regionkey"],"Filter":"((region.r_name)::text = 'Europe'::text)","Rows Removed by Filter":0,"Shared Hit Blocks":0,"Shared Read Blocks":0,"Shared Dirtied Blocks":0,"Shared Written Blocks":0,"Local Hit Blocks":0,"Local Read Blocks":0,"Local Dirtied Blocks":0,"Local Written Blocks":0,"Temp Read Blocks":0,"Temp Written Blocks":0,"I/O Read Time":0.0,"I/O Write Time":0.0,"Temp I/O Read Time":0.0,"Temp I/O Write Time":0.0}]},{"Node Type":"Hash","Parent Relationship":"Inner","Parallel Aware":false,"Async Capable":false,"Startup Cost":25.34,"Total Cost":25.34,"Plan Rows":63,"Plan Width":16,"Actual Rows":62,"Actual Loops":1,"Output":["nation.n_name","nation.n_nationkey","nation.n_regionkey"],"Shared Hit Blocks":0,"Shared Read Blocks":0,"Shared Dirtied Blocks":0,"Shared Written Blocks":0,"Local Hit Blocks":0,"Local Read Blocks":0,"Local Dirtied Blocks":0,"Local Written Blocks":0,"Temp Read Blocks":0,"Temp Written Blocks":0,"I/O Read Time":0.0,"I/O Write Time":0.0,"Temp I/O Read Time":0.0,"Temp I/O Write Time":0.0,"Plans":[{"Node Type":"Append","Parent Relationship":"Outer","Parallel Aware":false,"Async Capable":false,"Startup Cost":20.0,"Total Cost":25.34,"Plan Rows":63,"Plan Width":16,"Actual Startup Time":0.014,"Actual Total Time":0.015,"Actual Rows":62,"Actual Loops":1,"Shared Hit Blocks":0,"Shared Read Blocks":0,"Shared Dirtied Blocks":0,"Shared Written Blocks":0,"Local Hit Blocks":0,"Local Read Blocks":0,"Local Dirtied Blocks":0,"Local Written Blocks":0,"Temp Read Blocks":0,"Temp Written Blocks":0,"I/O Read Time":0.0,"I/O Write Time":0.0,"Temp I/O Read Time":0.0,"Temp I/O Write Time":0.0,"Subplans Removed":0,"Plans":[{"Node Type":"Custom Scan","Parent Relationship":"Member","Custom Plan Provider":"columnar scan","Parallel Aware":false,"Async Capable":false,"Relation Name":"nation","Schema":"public","Alias":"nation","Startup Cost":20.0,"Total Cost":21.33,"Plan Rows":62,"Plan Width":16,"Actual Startup Time":0.013,"Actual Total Time":0.013,"Actual Rows":62,"Actual Loops":1,"Output":["nation.n_name","nation.n_nationkey","nation.n_regionkey"],"Rows Removed by Columnar Filter":0,"Columnar cache search mode":"native","Shared Hit Blocks":0,"Shared Read Blocks":0,"Shared Dirtied Blocks":0,"Shared Written Blocks":0,"Local Hit Blocks":0,"Local Read Blocks":0,"Local Dirtied Blocks":0,"Local Written Blocks":0,"Temp Read Blocks":0,"Temp Written Blocks":0,"I/O Read Time":0.0,"I/O Write Time":0.0,"Temp I/O Read Time":0.0,"Temp I/O Write Time":0.0},{"Node Type":"Seq Scan","Parent Relationship":"Member","Parallel Aware":false,"Async Capable":false,"Relation Name":"nation","Schema":"public","Alias":"nation","Startup Cost":0.0,"Total Cost":4.01,"Plan Rows":1,"Plan Width":16,"Actual Startup Time":0.0,"Actual Total Time":0.0,"Actual Rows":0,"Actual Loops":0,"Output":["nation.n_name","nation.n_nationkey","nation.n_regionkey"],"Shared Hit Blocks":0,"Shared Read Blocks":0,"Shared Dirtied Blocks":0,"Shared Written Blocks":0,"Local Hit Blocks":0,"Local Read Blocks":0,"Local Dirtied Blocks":0,"Local Written Blocks":0,"Temp Read Blocks":0,"Temp Written Blocks":0,"I/O Read Time":0.0,"I/O Write Time":0.0,"Temp I/O Read Time":0.0,"Temp I/O Write Time":0.0}]}]}]}]}]}]}]},{"Node Type":"Hash","Parent Relationship":"Inner","Parallel Aware":false,"Async Capable":false,"Startup Cost":65744.12,"Total Cost":65744.12,"Plan Rows":426549,"Plan Width":16,"Actual Startup Time":210.487,"Actual Total Time":210.489,"Actual Rows":428399,"Actual Loops":1,"Output":["orders.o_c_id","orders.o_w_id","orders.o_d_id","orders.o_id"],"Hash Buckets":262144,"Original Hash Buckets":262144,"Hash Batches":4,"Original Hash Batches":4,"Peak Memory Usage":7080,"Shared Hit Blocks":0,"Shared Read Blocks":0,"Shared Dirtied Blocks":0,"Shared Written Blocks":0,"Local Hit Blocks":0,"Local Read Blocks":0,"Local Dirtied Blocks":0,"Local Written Blocks":0,"Temp Read Blocks":0,"Temp Written Blocks":1410,"I/O Read Time":0.0,"I/O Write Time":0.0,"Temp I/O Read Time":0.0,"Temp I/O Write Time":5.634,"Plans":[{"Node Type":"Append","Parent Relationship":"Outer","Parallel Aware":false,"Async Capable":false,"Startup Cost":20.0,"Total Cost":65744.12,"Plan Rows":426549,"Plan Width":16,"Actual Startup Time":0.498,"Actual Total Time":107.029,"Actual Rows":428399,"Actual Loops":1,"Shared Hit Blocks":0,"Shared Read Blocks":0,"Shared Dirtied Blocks":0,"Shared Written Blocks":0,"Local Hit Blocks":0,"Local Read Blocks":0,"Local Dirtied Blocks":0,"Local Written Blocks":0,"Temp Read Blocks":0,"Temp Written Blocks":0,"I/O Read Time":0.0,"I/O Write Time":0.0,"Temp I/O Read Time":0.0,"Temp I/O Write Time":0.0,"Subplans Removed":0,"Plans":[{"Node Type":"Custom Scan","Parent Relationship":"Member","Custom Plan Provider":"columnar scan","Parallel Aware":false,"Async Capable":false,"Relation Name":"orders","Schema":"public","Alias":"orders","Startup Cost":20.0,"Total Cost":10043.96,"Plan Rows":426548,"Plan Width":16,"Actual Startup Time":0.496,"Actual Total Time":74.836,"Actual Rows":428399,"Actual Loops":1,"Output":["orders.o_c_id","orders.o_w_id","orders.o_d_id","orders.o_id"],"Filter":"((orders.o_entry_d < '1994-01-02 20:10:02.27764'::timestamp without time zone) AND (orders.o_entry_d >= '1993-01-02 20:10:02.27764'::timestamp without time zone))","Rows Removed by Filter":0,"Rows Removed by Columnar Filter":2571601,"Columnar cache search mode":"native","Shared Hit Blocks":0,"Shared Read Blocks":0,"Shared Dirtied Blocks":0,"Shared Written Blocks":0,"Local Hit Blocks":0,"Local Read Blocks":0,"Local Dirtied Blocks":0,"Local Written Blocks":0,"Temp Read Blocks":0,"Temp Written Blocks":0,"I/O Read Time":0.0,"I/O Write Time":0.0,"Temp I/O Read Time":0.0,"Temp I/O Write Time":0.0},{"Node Type":"Seq Scan","Parent Relationship":"Member","Parallel Aware":false,"Async Capable":false,"Relation Name":"orders","Schema":"public","Alias":"orders","Startup Cost":0.0,"Total Cost":4.01,"Plan Rows":1,"Plan Width":16,"Actual Startup Time":0.0,"Actual Total Time":0.0,"Actual Rows":0,"Actual Loops":0,"Output":["orders.o_c_id","orders.o_w_id","orders.o_d_id","orders.o_id"],"Filter":"((orders.o_entry_d < '1994-01-02 20:10:02.27764'::timestamp without time zone) AND (orders.o_entry_d >= '1993-01-02 20:10:02.27764'::timestamp without time zone))","Rows Removed by Filter":0,"Shared Hit Blocks":0,"Shared Read Blocks":0,"Shared Dirtied Blocks":0,"Shared Written Blocks":0,"Local Hit Blocks":0,"Local Read Blocks":0,"Local Dirtied Blocks":0,"Local Written Blocks":0,"Temp Read Blocks":0,"Temp Written Blocks":0,"I/O Read Time":0.0,"I/O Write Time":0.0,"Temp I/O Read Time":0.0,"Temp I/O Write Time":0.0}]}]}]},{"Node Type":"Hash","Parent Relationship":"Inner","Parallel Aware":false,"Async Capable":false,"Startup Cost":254511.16,"Total Cost":254511.16,"Plan Rows":2999739,"Plan Width":12,"Actual Startup Time":1186.309,"Actual Total Time":1186.31,"Actual Rows":3000000,"Actual Loops":1,"Output":["customer.c_id","customer.c_w_id","customer.c_d_id","customer.c_nationkey"],"Hash Buckets":262144,"Original Hash Buckets":262144,"Hash Batches":32,"Original Hash Batches":32,"Peak Memory Usage":6058,"Shared Hit Blocks":0,"Shared Read Blocks":0,"Shared Dirtied Blocks":0,"Shared Written Blocks":0,"Local Hit Blocks":0,"Local Read Blocks":0,"Local Dirtied Blocks":0,"Local Written Blocks":0,"Temp Read Blocks":0,"Temp Written Blocks":11339,"I/O Read Time":0.0,"I/O Write Time":0.0,"Temp I/O Read Time":0.0,"Temp I/O Write Time":48.605,"Plans":[{"Node Type":"Append","Parent Relationship":"Outer","Parallel Aware":false,"Async Capable":false,"Startup Cost":20.0,"Total Cost":254511.16,"Plan Rows":2999739,"Plan Width":12,"Actual Startup Time":0.039,"Actual Total Time":658.858,"Actual Rows":3000000,"Actual Loops":1,"Shared Hit Blocks":0,"Shared Read Blocks":0,"Shared Dirtied Blocks":0,"Shared Written Blocks":0,"Local Hit Blocks":0,"Local Read Blocks":0,"Local Dirtied Blocks":0,"Local Written Blocks":0,"Temp Read Blocks":0,"Temp Written Blocks":0,"I/O Read Time":0.0,"I/O Write Time":0.0,"Temp I/O Read Time":0.0,"Temp I/O Write Time":0.0,"Subplans Removed":0,"Plans":[{"Node Type":"Custom Scan","Parent Relationship":"Member","Custom Plan Provider":"columnar scan","Parallel Aware":false,"Async Capable":false,"Relation Name":"customer","Schema":"public","Alias":"customer","Startup Cost":20.0,"Total Cost":70513.87,"Plan Rows":2999738,"Plan Width":12,"Actual Startup Time":0.037,"Actual Total Time":448.805,"Actual Rows":3000000,"Actual Loops":1,"Output":["customer.c_id","customer.c_w_id","customer.c_d_id","customer.c_nationkey"],"Rows Removed by Columnar Filter":0,"Columnar cache search mode":"native","Shared Hit Blocks":0,"Shared Read Blocks":0,"Shared Dirtied Blocks":0,"Shared Written Blocks":0,"Local Hit Blocks":0,"Local Read Blocks":0,"Local Dirtied Blocks":0,"Local Written Blocks":0,"Temp Read Blocks":0,"Temp Written Blocks":0,"I/O Read Time":0.0,"I/O Write Time":0.0,"Temp I/O Read Time":0.0,"Temp I/O Write Time":0.0},{"Node Type":"Seq Scan","Parent Relationship":"Member","Parallel Aware":false,"Async Capable":false,"Relation Name":"customer","Schema":"public","Alias":"customer","Startup Cost":0.0,"Total Cost":4.01,"Plan Rows":1,"Plan Width":12,"Actual Startup Time":0.0,"Actual Total Time":0.0,"Actual Rows":0,"Actual Loops":0,"Output":["customer.c_id","customer.c_w_id","customer.c_d_id","customer.c_nationkey"],"Shared Hit Blocks":0,"Shared Read Blocks":0,"Shared Dirtied Blocks":0,"Shared Written Blocks":0,"Local Hit Blocks":0,"Local Read Blocks":0,"Local Dirtied Blocks":0,"Local Written Blocks":0,"Temp Read Blocks":0,"Temp Written Blocks":0,"I/O Read Time":0.0,"I/O Write Time":0.0,"Temp I/O Read Time":0.0,"Temp I/O Write Time":0.0}]}]}]}]}]}]},"Planning":{"Shared Hit Blocks":16,"Shared Read Blocks":0,"Shared Dirtied Blocks":0,"Shared Written Blocks":0,"Local Hit Blocks":0,"Local Read Blocks":0,"Local Dirtied Blocks":0,"Local Written Blocks":0,"Temp Read Blocks":0,"Temp Written Blocks":0,"I/O Read Time":0.0,"I/O Write Time":0.0,"Temp I/O Read Time":0.0,"Temp I/O Write Time":0.0},"Planning Time":5.917,"Triggers":[],"Execution Time":5372.048}]
