[列存组合]: 无列存
[{"Plan":{"Node Type":"Aggregate","Strategy":"Plain","Partial Mode":"Simple","Parallel Aware":false,"Async Capable":false,"Startup Cost":940839.84,"Total Cost":940839.85,"Plan Rows":1,"Plan Width":32,"Actual Startup Time":2211.814,"Actual Total Time":2211.816,"Actual Rows":1,"Actual Loops":1,"Output":["sum(ol_amount)"],"Shared Hit Blocks":340884,"Shared Read Blocks":0,"Shared Dirtied Blocks":0,"Shared Written Blocks":0,"Local Hit Blocks":0,"Local Read Blocks":0,"Local Dirtied Blocks":0,"Local Written Blocks":0,"Temp Read Blocks":0,"Temp Written Blocks":0,"I/O Read Time":0.0,"I/O Write Time":0.0,"Temp I/O Read Time":0.0,"Temp I/O Write Time":0.0,"Plans":[{"Node Type":"Seq Scan","Parent Relationship":"Outer","Parallel Aware":false,"Async Capable":false,"Relation Name":"order_line","Schema":"public","Alias":"order_line","Startup Cost":0.0,"Total Cost":940839.84,"Plan Rows":1,"Plan Width":4,"Actual Startup Time":2211.804,"Actual Total Time":2211.804,"Actual Rows":0,"Actual Loops":1,"Output":["ol_o_id","ol_d_id","ol_w_id","ol_number","ol_i_id","ol_supply_w_id","ol_delivery_d","ol_quantity","ol_amount","ol_dist_info"],"Filter":"((order_line.ol_delivery_d >= '1993-01-02 20:10:02.27764'::timestamp without time zone) AND (order_line.ol_delivery_d < '1994-01-02 20:10:02.27764'::timestamp without time zone) AND (order_line.ol_quantity >= 1) AND (order_line.ol_quantity <= 100000))","Rows Removed by Filter":29997732,"Shared Hit Blocks":340884,"Shared Read Blocks":0,"Shared Dirtied Blocks":0,"Shared Written Blocks":0,"Local Hit Blocks":0,"Local Read Blocks":0,"Local Dirtied Blocks":0,"Local Written Blocks":0,"Temp Read Blocks":0,"Temp Written Blocks":0,"I/O Read Time":0.0,"I/O Write Time":0.0,"Temp I/O Read Time":0.0,"Temp I/O Write Time":0.0}]},"Planning":{"Shared Hit Blocks":9,"Shared Read Blocks":0,"Shared Dirtied Blocks":0,"Shared Written Blocks":0,"Local Hit Blocks":0,"Local Read Blocks":0,"Local Dirtied Blocks":0,"Local Written Blocks":0,"Temp Read Blocks":0,"Temp Written Blocks":0,"I/O Read Time":0.0,"I/O Write Time":0.0,"Temp I/O Read Time":0.0,"Temp I/O Write Time":0.0},"Planning Time":0.112,"Triggers":[],"Execution Time":2211.851}]
[列存组合]: order_line
[{"Plan":{"Node Type":"Aggregate","Strategy":"Plain","Partial Mode":"Simple","Parallel Aware":false,"Async Capable":false,"Startup Cost":22.36,"Total Cost":22.37,"Plan Rows":1,"Plan Width":32,"Actual Startup Time":0.233,"Actual Total Time":0.234,"Actual Rows":1,"Actual Loops":1,"Output":["sum(ol_amount)"],"Shared Hit Blocks":0,"Shared Read Blocks":0,"Shared Dirtied Blocks":0,"Shared Written Blocks":0,"Local Hit Blocks":0,"Local Read Blocks":0,"Local Dirtied Blocks":0,"Local Written Blocks":0,"Temp Read Blocks":0,"Temp Written Blocks":0,"I/O Read Time":0.0,"I/O Write Time":0.0,"Temp I/O Read Time":0.0,"Temp I/O Write Time":0.0,"Plans":[{"Node Type":"Append","Parent Relationship":"Outer","Parallel Aware":false,"Async Capable":false,"Startup Cost":20.0,"Total Cost":27.57,"Plan Rows":2,"Plan Width":4,"Actual Startup Time":0.228,"Actual Total Time":0.229,"Actual Rows":0,"Actual Loops":1,"Shared Hit Blocks":0,"Shared Read Blocks":0,"Shared Dirtied Blocks":0,"Shared Written Blocks":0,"Local Hit Blocks":0,"Local Read Blocks":0,"Local Dirtied Blocks":0,"Local Written Blocks":0,"Temp Read Blocks":0,"Temp Written Blocks":0,"I/O Read Time":0.0,"I/O Write Time":0.0,"Temp I/O Read Time":0.0,"Temp I/O Write Time":0.0,"Subplans Removed":0,"Plans":[{"Node Type":"Custom Scan","Parent Relationship":"Member","Custom Plan Provider":"columnar scan","Parallel Aware":false,"Async Capable":false,"Relation Name":"order_line","Schema":"public","Alias":"order_line","Startup Cost":20.0,"Total Cost":22.37,"Plan Rows":1,"Plan Width":4,"Actual Startup Time":0.227,"Actual Total Time":0.227,"Actual Rows":0,"Actual Loops":1,"Output":["ol_amount"],"Filter":"((order_line.ol_delivery_d < '1994-01-02 20:10:02.27764'::timestamp without time zone) AND (order_line.ol_delivery_d >= '1993-01-02 20:10:02.27764'::timestamp without time zone) AND (order_line.ol_quantity >= 1) AND (order_line.ol_quantity <= 100000))","Rows Removed by Filter":0,"Rows Removed by Columnar Filter":29997732,"Columnar cache search mode":"native","Shared Hit Blocks":0,"Shared Read Blocks":0,"Shared Dirtied Blocks":0,"Shared Written Blocks":0,"Local Hit Blocks":0,"Local Read Blocks":0,"Local Dirtied Blocks":0,"Local Written Blocks":0,"Temp Read Blocks":0,"Temp Written Blocks":0,"I/O Read Time":0.0,"I/O Write Time":0.0,"Temp I/O Read Time":0.0,"Temp I/O Write Time":0.0},{"Node Type":"Seq Scan","Parent Relationship":"Member","Parallel Aware":false,"Async Capable":false,"Relation Name":"order_line","Schema":"public","Alias":"order_line","Startup Cost":0.0,"Total Cost":5.2,"Plan Rows":1,"Plan Width":4,"Actual Startup Time":0.0,"Actual Total Time":0.0,"Actual Rows":0,"Actual Loops":0,"Output":["ol_amount"],"Filter":"((order_line.ol_delivery_d < '1994-01-02 20:10:02.27764'::timestamp without time zone) AND (order_line.ol_delivery_d >= '1993-01-02 20:10:02.27764'::timestamp without time zone) AND (order_line.ol_quantity >= 1) AND (order_line.ol_quantity <= 100000))","Rows Removed by Filter":0,"Shared Hit Blocks":0,"Shared Read Blocks":0,"Shared Dirtied Blocks":0,"Shared Written Blocks":0,"Local Hit Blocks":0,"Local Read Blocks":0,"Local Dirtied Blocks":0,"Local Written Blocks":0,"Temp Read Blocks":0,"Temp Written Blocks":0,"I/O Read Time":0.0,"I/O Write Time":0.0,"Temp I/O Read Time":0.0,"Temp I/O Write Time":0.0}]}]},"Planning":{"Shared Hit Blocks":0,"Shared Read Blocks":0,"Shared Dirtied Blocks":0,"Shared Written Blocks":0,"Local Hit Blocks":0,"Local Read Blocks":0,"Local Dirtied Blocks":0,"Local Written Blocks":0,"Temp Read Blocks":0,"Temp Written Blocks":0,"I/O Read Time":0.0,"I/O Write Time":0.0,"Temp I/O Read Time":0.0,"Temp I/O Write Time":0.0},"Planning Time":0.435,"Triggers":[],"Execution Time":0.281}]
