[列存组合]: 无列存
[{"Plan":{"Node Type":"Aggregate","Strategy":"Sorted","Partial Mode":"Simple","Parallel Aware":false,"Async Capable":false,"Startup Cost":1935758.3,"Total Cost":1935879.91,"Plan Rows":4422,"Plan Width":72,"Actual Startup Time":14049.928,"Actual Total Time":14051.193,"Actual Rows":6,"Actual Loops":1,"Output":["supplier.su_nationkey","customer.c_nationkey","(EXTRACT(year FROM orders.o_entry_d))","sum(order_line.ol_amount)"],"Group Key":["supplier.su_nationkey","customer.c_nationkey","(EXTRACT(year FROM orders.o_entry_d))"],"Shared Hit Blocks":620104,"Shared Read Blocks":0,"Shared Dirtied Blocks":0,"Shared Written Blocks":0,"Local Hit Blocks":0,"Local Read Blocks":0,"Local Dirtied Blocks":0,"Local Written Blocks":0,"Temp Read Blocks":99613,"Temp Written Blocks":99622,"I/O Read Time":0.0,"I/O Write Time":0.0,"Temp I/O Read Time":161.465,"Temp I/O Write Time":456.814,"Plans":[{"Node Type":"Sort","Parent Relationship":"Outer","Parallel Aware":false,"Async Capable":false,"Startup Cost":1935758.3,"Total Cost":1935769.36,"Plan Rows":4422,"Plan Width":44,"Actual Startup Time":14049.869,"Actual Total Time":14050.129,"Actual Rows":6043,"Actual Loops":1,"Output":["supplier.su_nationkey","customer.c_nationkey","(EXTRACT(year FROM orders.o_entry_d))","order_line.ol_amount"],"Sort Key":["supplier.su_nationkey","customer.c_nationkey","(EXTRACT(year FROM orders.o_entry_d))"],"Sort Method":"quicksort","Sort Space Used":523,"Sort Space Type":"Memory","Shared Hit Blocks":620104,"Shared Read Blocks":0,"Shared Dirtied Blocks":0,"Shared Written Blocks":0,"Local Hit Blocks":0,"Local Read Blocks":0,"Local Dirtied Blocks":0,"Local Written Blocks":0,"Temp Read Blocks":99613,"Temp Written Blocks":99622,"I/O Read Time":0.0,"I/O Write Time":0.0,"Temp I/O Read Time":161.465,"Temp I/O Write Time":456.814,"Plans":[{"Node Type":"Merge Join","Parent Relationship":"Outer","Parallel Aware":false,"Async Capable":false,"Join Type":"Inner","Startup Cost":1931398.16,"Total Cost":1935490.54,"Plan Rows":4422,"Plan Width":44,"Actual Startup Time":13895.118,"Actual Total Time":14048.419,"Actual Rows":6043,"Actual Loops":1,"Output":["supplier.su_nationkey","customer.c_nationkey","EXTRACT(year FROM orders.o_entry_d)","order_line.ol_amount"],"Inner Unique":false,"Merge Cond":"((orders.o_c_id = customer.c_id) AND (order_line.ol_w_id = customer.c_w_id) AND (order_line.ol_d_id = customer.c_d_id))","Join Filter":"((((n1.n_name)::text = 'Germany'::text) AND ((n2.n_name)::text = 'Cambodia'::text)) OR (((n1.n_name)::text = 'Cambodia'::text) AND ((n2.n_name)::text = 'Germany'::text)))","Rows Removed by Join Filter":5752,"Shared Hit Blocks":620104,"Shared Read Blocks":0,"Shared Dirtied Blocks":0,"Shared Written Blocks":0,"Local Hit Blocks":0,"Local Read Blocks":0,"Local Dirtied Blocks":0,"Local Written Blocks":0,"Temp Read Blocks":99613,"Temp Written Blocks":99622,"I/O Read Time":0.0,"I/O Write Time":0.0,"Temp I/O Read Time":161.465,"Temp I/O Write Time":456.814,"Plans":[{"Node Type":"Sort","Parent Relationship":"Outer","Parallel Aware":false,"Async Capable":false,"Startup Cost":1653384.35,"Total Cost":1654058.91,"Plan Rows":269824,"Plan Width":36,"Actual Startup Time":12985.387,"Actual Total Time":13057.03,"Actual Rows":242214,"Actual Loops":1,"Output":["supplier.su_nationkey","order_line.ol_amount","order_line.ol_w_id","order_line.ol_d_id","orders.o_entry_d","orders.o_w_id","orders.o_d_id","orders.o_c_id","n1.n_name"],"Sort Key":["orders.o_c_id","order_line.ol_w_id","order_line.ol_d_id"],"Sort Method":"external merge","Sort Space Used":11984,"Sort Space Type":"Disk","Shared Hit Blocks":390499,"Shared Read Blocks":0,"Shared Dirtied Blocks":0,"Shared Written Blocks":0,"Local Hit Blocks":0,"Local Read Blocks":0,"Local Dirtied Blocks":0,"Local Written Blocks":0,"Temp Read Blocks":99068,"Temp Written Blocks":99074,"I/O Read Time":0.0,"I/O Write Time":0.0,"Temp I/O Read Time":160.652,"Temp I/O Write Time":454.629,"Plans":[{"Node Type":"Hash Join","Parent Relationship":"Outer","Parallel Aware":false,"Async Capable":false,"Join Type":"Inner","Startup Cost":578796.33,"Total Cost":1621665.99,"Plan Rows":269824,"Plan Width":36,"Actual Startup Time":3022.617,"Actual Total Time":12857.918,"Actual Rows":242214,"Actual Loops":1,"Output":["supplier.su_nationkey","order_line.ol_amount","order_line.ol_w_id","order_line.ol_d_id","orders.o_entry_d","orders.o_w_id","orders.o_d_id","orders.o_c_id","n1.n_name"],"Inner Unique":true,"Hash Cond":"((order_line.ol_w_id = orders.o_w_id) AND (order_line.ol_d_id = orders.o_d_id) AND (order_line.ol_o_id = orders.o_id))","Shared Hit Blocks":390499,"Shared Read Blocks":0,"Shared Dirtied Blocks":0,"Shared Written Blocks":0,"Local Hit Blocks":0,"Local Read Blocks":0,"Local Dirtied Blocks":0,"Local Written Blocks":0,"Temp Read Blocks":97570,"Temp Written Blocks":97570,"I/O Read Time":0.0,"I/O Write Time":0.0,"Temp I/O Read Time":158.395,"Temp I/O Write Time":449.087,"Plans":[{"Node Type":"Hash Join","Parent Relationship":"Outer","Parallel Aware":false,"Async Capable":false,"Join Type":"Inner","Startup Cost":449201.25,"Total Cost":1468684.75,"Plan Rows":269988,"Plan Width":28,"Actual Startup Time":2110.597,"Actual Total Time":11614.08,"Actual Rows":242214,"Actual Loops":1,"Output":["supplier.su_nationkey","order_line.ol_amount","order_line.ol_w_id","order_line.ol_d_id","order_line.ol_o_id","n1.n_name"],"Inner Unique":true,"Hash Cond":"(supplier.su_nationkey = n1.n_nationkey)","Shared Hit Blocks":368440,"Shared Read Blocks":0,"Shared Dirtied Blocks":0,"Shared Written Blocks":0,"Local Hit Blocks":0,"Local Read Blocks":0,"Local Dirtied Blocks":0,"Local Written Blocks":0,"Temp Read Blocks":79026,"Temp Written Blocks":79026,"I/O Read Time":0.0,"I/O Write Time":0.0,"Temp I/O Read Time":128.735,"Temp I/O Write Time":363.122,"Plans":[{"Node Type":"Hash Join","Parent Relationship":"Outer","Parallel Aware":false,"Async Capable":false,"Join Type":"Inner","Startup Cost":449199.29,"Total Cost":1445210.69,"Plan Rows":8369638,"Plan Width":20,"Actual Startup Time":2108.706,"Actual Total Time":11021.65,"Actual Rows":8570498,"Actual Loops":1,"Output":["supplier.su_nationkey","order_line.ol_amount","order_line.ol_w_id","order_line.ol_d_id","order_line.ol_o_id"],"Inner Unique":true,"Hash Cond":"(mod((stock.s_w_id * stock.s_i_id), 10000) = supplier.su_suppkey)","Shared Hit Blocks":368439,"Shared Read Blocks":0,"Shared Dirtied Blocks":0,"Shared Written Blocks":0,"Local Hit Blocks":0,"Local Read Blocks":0,"Local Dirtied Blocks":0,"Local Written Blocks":0,"Temp Read Blocks":79026,"Temp Written Blocks":79026,"I/O Read Time":0.0,"I/O Write Time":0.0,"Temp I/O Read Time":128.735,"Temp I/O Write Time":363.122,"Plans":[{"Node Type":"Hash Join","Parent Relationship":"Outer","Parallel Aware":false,"Async Capable":false,"Join Type":"Inner","Startup Cost":448757.29,"Total Cost":1420694.79,"Plan Rows":8369638,"Plan Width":22,"Actual Startup Time":2106.125,"Actual Total Time":9337.762,"Actual Rows":8570498,"Actual Loops":1,"Output":["stock.s_w_id","stock.s_i_id","order_line.ol_amount","order_line.ol_w_id","order_line.ol_d_id","order_line.ol_o_id"],"Inner Unique":true,"Hash Cond":"((order_line.ol_supply_w_id = stock.s_w_id) AND (order_line.ol_i_id = stock.s_i_id))","Shared Hit Blocks":368222,"Shared Read Blocks":0,"Shared Dirtied Blocks":0,"Shared Written Blocks":0,"Local Hit Blocks":0,"Local Read Blocks":0,"Local Dirtied Blocks":0,"Local Written Blocks":0,"Temp Read Blocks":79026,"Temp Written Blocks":79026,"I/O Read Time":0.0,"I/O Write Time":0.0,"Temp I/O Read Time":128.735,"Temp I/O Write Time":363.122,"Plans":[{"Node Type":"Seq Scan","Parent Relationship":"Outer","Parallel Aware":false,"Async Capable":false,"Relation Name":"order_line","Schema":"public","Alias":"order_line","Startup Cost":0.0,"Total Cost":790850.88,"Plan Rows":8369638,"Plan Width":22,"Actual Startup Time":13.132,"Actual Total Time":2853.525,"Actual Rows":8570498,"Actual Loops":1,"Output":["order_line.ol_amount","order_line.ol_supply_w_id","order_line.ol_i_id","order_line.ol_w_id","order_line.ol_d_id","order_line.ol_o_id"],"Filter":"((order_line.ol_delivery_d >= '1995-01-02 20:10:02.27764'::timestamp without time zone) AND (order_line.ol_delivery_d <= '1997-01-01 20:10:02.27764'::timestamp without time zone))","Rows Removed by Filter":21427234,"Shared Hit Blocks":340884,"Shared Read Blocks":0,"Shared Dirtied Blocks":0,"Shared Written Blocks":0,"Local Hit Blocks":0,"Local Read Blocks":0,"Local Dirtied Blocks":0,"Local Written Blocks":0,"Temp Read Blocks":0,"Temp Written Blocks":0,"I/O Read Time":0.0,"I/O Write Time":0.0,"Temp I/O Read Time":0.0,"Temp I/O Write Time":0.0},{"Node Type":"Hash","Parent Relationship":"Inner","Parallel Aware":false,"Async Capable":false,"Startup Cost":259690.86,"Total Cost":259690.86,"Plan Rows":10000162,"Plan Width":6,"Actual Startup Time":2091.66,"Actual Total Time":2091.662,"Actual Rows":10000000,"Actual Loops":1,"Output":["stock.s_w_id","stock.s_i_id"],"Hash Buckets":262144,"Original Hash Buckets":262144,"Hash Batches":64,"Original Hash Batches":64,"Peak Memory Usage":8133,"Shared Hit Blocks":27338,"Shared Read Blocks":0,"Shared Dirtied Blocks":0,"Shared Written Blocks":0,"Local Hit Blocks":0,"Local Read Blocks":0,"Local Dirtied Blocks":0,"Local Written Blocks":0,"Temp Read Blocks":0,"Temp Written Blocks":33616,"I/O Read Time":0.0,"I/O Write Time":0.0,"Temp I/O Read Time":0.0,"Temp I/O Write Time":152.084,"Plans":[{"Node Type":"Index Only Scan","Parent Relationship":"Outer","Parallel Aware":false,"Async Capable":false,"Scan Direction":"Forward","Index Name":"stock_pk","Relation Name":"stock","Schema":"public","Alias":"stock","Startup Cost":0.43,"Total Cost":259690.86,"Plan Rows":10000162,"Plan Width":6,"Actual Startup Time":0.027,"Actual Total Time":718.992,"Actual Rows":10000000,"Actual Loops":1,"Output":["stock.s_w_id","stock.s_i_id"],"Heap Fetches":0,"Shared Hit Blocks":27338,"Shared Read Blocks":0,"Shared Dirtied Blocks":0,"Shared Written Blocks":0,"Local Hit Blocks":0,"Local Read Blocks":0,"Local Dirtied Blocks":0,"Local Written Blocks":0,"Temp Read Blocks":0,"Temp Written Blocks":0,"I/O Read Time":0.0,"I/O Write Time":0.0,"Temp I/O Read Time":0.0,"Temp I/O Write Time":0.0}]}]},{"Node Type":"Hash","Parent Relationship":"Inner","Parallel Aware":false,"Async Capable":false,"Startup Cost":317.0,"Total Cost":317.0,"Plan Rows":10000,"Plan Width":8,"Actual Startup Time":2.53,"Actual Total Time":2.531,"Actual Rows":10000,"Actual Loops":1,"Output":["supplier.su_nationkey","supplier.su_suppkey"],"Hash Buckets":16384,"Original Hash Buckets":16384,"Hash Batches":1,"Original Hash Batches":1,"Peak Memory Usage":519,"Shared Hit Blocks":217,"Shared Read Blocks":0,"Shared Dirtied Blocks":0,"Shared Written Blocks":0,"Local Hit Blocks":0,"Local Read Blocks":0,"Local Dirtied Blocks":0,"Local Written Blocks":0,"Temp Read Blocks":0,"Temp Written Blocks":0,"I/O Read Time":0.0,"I/O Write Time":0.0,"Temp I/O Read Time":0.0,"Temp I/O Write Time":0.0,"Plans":[{"Node Type":"Seq Scan","Parent Relationship":"Outer","Parallel Aware":false,"Async Capable":false,"Relation Name":"supplier","Schema":"public","Alias":"supplier","Startup Cost":0.0,"Total Cost":317.0,"Plan Rows":10000,"Plan Width":8,"Actual Startup Time":0.006,"Actual Total Time":1.285,"Actual Rows":10000,"Actual Loops":1,"Output":["supplier.su_nationkey","supplier.su_suppkey"],"Shared Hit Blocks":217,"Shared Read Blocks":0,"Shared Dirtied Blocks":0,"Shared Written Blocks":0,"Local Hit Blocks":0,"Local Read Blocks":0,"Local Dirtied Blocks":0,"Local Written Blocks":0,"Temp Read Blocks":0,"Temp Written Blocks":0,"I/O Read Time":0.0,"I/O Write Time":0.0,"Temp I/O Read Time":0.0,"Temp I/O Write Time":0.0}]}]},{"Node Type":"Hash","Parent Relationship":"Inner","Parallel Aware":false,"Async Capable":false,"Startup Cost":1.93,"Total Cost":1.93,"Plan Rows":2,"Plan Width":12,"Actual Startup Time":0.019,"Actual Total Time":0.02,"Actual Rows":2,"Actual Loops":1,"Output":["n1.n_nationkey","n1.n_name"],"Hash Buckets":1024,"Original Hash Buckets":1024,"Hash Batches":1,"Original Hash Batches":1,"Peak Memory Usage":9,"Shared Hit Blocks":1,"Shared Read Blocks":0,"Shared Dirtied Blocks":0,"Shared Written Blocks":0,"Local Hit Blocks":0,"Local Read Blocks":0,"Local Dirtied Blocks":0,"Local Written Blocks":0,"Temp Read Blocks":0,"Temp Written Blocks":0,"I/O Read Time":0.0,"I/O Write Time":0.0,"Temp I/O Read Time":0.0,"Temp I/O Write Time":0.0,"Plans":[{"Node Type":"Seq Scan","Parent Relationship":"Outer","Parallel Aware":false,"Async Capable":false,"Relation Name":"nation","Schema":"public","Alias":"n1","Startup Cost":0.0,"Total Cost":1.93,"Plan Rows":2,"Plan Width":12,"Actual Startup Time":0.013,"Actual Total Time":0.018,"Actual Rows":2,"Actual Loops":1,"Output":["n1.n_nationkey","n1.n_name"],"Filter":"(((n1.n_name)::text = 'Germany'::text) OR ((n1.n_name)::text = 'Cambodia'::text))","Rows Removed by Filter":60,"Shared Hit Blocks":1,"Shared Read Blocks":0,"Shared Dirtied Blocks":0,"Shared Written Blocks":0,"Local Hit Blocks":0,"Local Read Blocks":0,"Local Dirtied Blocks":0,"Local Written Blocks":0,"Temp Read Blocks":0,"Temp Written Blocks":0,"I/O Read Time":0.0,"I/O Write Time":0.0,"Temp I/O Read Time":0.0,"Temp I/O Write Time":0.0}]}]},{"Node Type":"Hash","Parent Relationship":"Inner","Parallel Aware":false,"Async Capable":false,"Startup Cost":59559.0,"Total Cost":59559.0,"Plan Rows":2998176,"Plan Width":24,"Actual Startup Time":904.052,"Actual Total Time":904.053,"Actual Rows":2997892,"Actual Loops":1,"Output":["orders.o_entry_d","orders.o_w_id","orders.o_d_id","orders.o_id","orders.o_c_id"],"Hash Buckets":131072,"Original Hash Buckets":131072,"Hash Batches":32,"Original Hash Batches":32,"Peak Memory Usage":6539,"Shared Hit Blocks":22059,"Shared Read Blocks":0,"Shared Dirtied Blocks":0,"Shared Written Blocks":0,"Local Hit Blocks":0,"Local Read Blocks":0,"Local Dirtied Blocks":0,"Local Written Blocks":0,"Temp Read Blocks":0,"Temp Written Blocks":16995,"I/O Read Time":0.0,"I/O Write Time":0.0,"Temp I/O Read Time":0.0,"Temp I/O Write Time":76.242,"Plans":[{"Node Type":"Seq Scan","Parent Relationship":"Outer","Parallel Aware":false,"Async Capable":false,"Relation Name":"orders","Schema":"public","Alias":"orders","Startup Cost":0.0,"Total Cost":59559.0,"Plan Rows":2998176,"Plan Width":24,"Actual Startup Time":0.012,"Actual Total Time":366.879,"Actual Rows":2997892,"Actual Loops":1,"Output":["orders.o_entry_d","orders.o_w_id","orders.o_d_id","orders.o_id","orders.o_c_id"],"Filter":"(orders.o_entry_d >= '1992-01-02 20:10:02.27764'::timestamp without time zone)","Rows Removed by Filter":2108,"Shared Hit Blocks":22059,"Shared Read Blocks":0,"Shared Dirtied Blocks":0,"Shared Written Blocks":0,"Local Hit Blocks":0,"Local Read Blocks":0,"Local Dirtied Blocks":0,"Local Written Blocks":0,"Temp Read Blocks":0,"Temp Written Blocks":0,"I/O Read Time":0.0,"I/O Write Time":0.0,"Temp I/O Read Time":0.0,"Temp I/O Write Time":0.0}]}]}]},{"Node Type":"Materialize","Parent Relationship":"Inner","Parallel Aware":false,"Async Capable":false,"Startup Cost":278013.7,"Total Cost":278497.53,"Plan Rows":96766,"Plan Width":20,"Actual Startup Time":909.683,"Actual Total Time":943.03,"Actual Rows":146547,"Actual Loops":1,"Output":["customer.c_nationkey","customer.c_id","customer.c_w_id","customer.c_d_id","n2.n_name"],"Shared Hit Blocks":229605,"Shared Read Blocks":0,"Shared Dirtied Blocks":0,"Shared Written Blocks":0,"Local Hit Blocks":0,"Local Read Blocks":0,"Local Dirtied Blocks":0,"Local Written Blocks":0,"Temp Read Blocks":545,"Temp Written Blocks":548,"I/O Read Time":0.0,"I/O Write Time":0.0,"Temp I/O Read Time":0.813,"Temp I/O Write Time":2.185,"Plans":[{"Node Type":"Sort","Parent Relationship":"Outer","Parallel Aware":false,"Async Capable":false,"Startup Cost":278013.7,"Total Cost":278255.62,"Plan Rows":96766,"Plan Width":20,"Actual Startup Time":909.676,"Actual Total Time":926.609,"Actual Rows":144982,"Actual Loops":1,"Output":["customer.c_nationkey","customer.c_id","customer.c_w_id","customer.c_d_id","n2.n_name"],"Sort Key":["customer.c_id","customer.c_w_id","customer.c_d_id"],"Sort Method":"external merge","Sort Space Used":4360,"Sort Space Type":"Disk","Shared Hit Blocks":229605,"Shared Read Blocks":0,"Shared Dirtied Blocks":0,"Shared Written Blocks":0,"Local Hit Blocks":0,"Local Read Blocks":0,"Local Dirtied Blocks":0,"Local Written Blocks":0,"Temp Read Blocks":545,"Temp Written Blocks":548,"I/O Read Time":0.0,"I/O Write Time":0.0,"Temp I/O Read Time":0.813,"Temp I/O Write Time":2.185,"Plans":[{"Node Type":"Hash Join","Parent Relationship":"Outer","Parallel Aware":false,"Async Capable":false,"Join Type":"Inner","Startup Cost":1.95,"Total Cost":268015.91,"Plan Rows":96766,"Plan Width":20,"Actual Startup Time":0.109,"Actual Total Time":853.878,"Actual Rows":144986,"Actual Loops":1,"Output":["customer.c_nationkey","customer.c_id","customer.c_w_id","customer.c_d_id","n2.n_name"],"Inner Unique":true,"Hash Cond":"(customer.c_nationkey = n2.n_nationkey)","Shared Hit Blocks":229605,"Shared Read Blocks":0,"Shared Dirtied Blocks":0,"Shared Written Blocks":0,"Local Hit Blocks":0,"Local Read Blocks":0,"Local Dirtied Blocks":0,"Local Written Blocks":0,"Temp Read Blocks":0,"Temp Written Blocks":0,"I/O Read Time":0.0,"I/O Write Time":0.0,"Temp I/O Read Time":0.0,"Temp I/O Write Time":0.0,"Plans":[{"Node Type":"Seq Scan","Parent Relationship":"Outer","Parallel Aware":false,"Async Capable":false,"Relation Name":"customer","Schema":"public","Alias":"customer","Startup Cost":0.0,"Total Cost":259601.38,"Plan Rows":2999738,"Plan Width":12,"Actual Startup Time":0.03,"Actual Total Time":354.505,"Actual Rows":3000000,"Actual Loops":1,"Output":["customer.c_id","customer.c_d_id","customer.c_w_id","customer.c_nationkey","customer.c_first","customer.c_middle","customer.c_last","customer.c_street_1","customer.c_street_2","customer.c_city","customer.c_state","customer.c_zip","customer.c_phone","customer.c_since","customer.c_credit","customer.c_credit_lim","customer.c_discount","customer.c_balance","customer.c_ytd_payment","customer.c_payment_cnt","customer.c_delivery_cnt","customer.c_data"],"Shared Hit Blocks":229604,"Shared Read Blocks":0,"Shared Dirtied Blocks":0,"Shared Written Blocks":0,"Local Hit Blocks":0,"Local Read Blocks":0,"Local Dirtied Blocks":0,"Local Written Blocks":0,"Temp Read Blocks":0,"Temp Written Blocks":0,"I/O Read Time":0.0,"I/O Write Time":0.0,"Temp I/O Read Time":0.0,"Temp I/O Write Time":0.0},{"Node Type":"Hash","Parent Relationship":"Inner","Parallel Aware":false,"Async Capable":false,"Startup Cost":1.93,"Total Cost":1.93,"Plan Rows":2,"Plan Width":12,"Actual Startup Time":0.026,"Actual Total Time":0.026,"Actual Rows":2,"Actual Loops":1,"Output":["n2.n_nationkey","n2.n_name"],"Hash Buckets":1024,"Original Hash Buckets":1024,"Hash Batches":1,"Original Hash Batches":1,"Peak Memory Usage":9,"Shared Hit Blocks":1,"Shared Read Blocks":0,"Shared Dirtied Blocks":0,"Shared Written Blocks":0,"Local Hit Blocks":0,"Local Read Blocks":0,"Local Dirtied Blocks":0,"Local Written Blocks":0,"Temp Read Blocks":0,"Temp Written Blocks":0,"I/O Read Time":0.0,"I/O Write Time":0.0,"Temp I/O Read Time":0.0,"Temp I/O Write Time":0.0,"Plans":[{"Node Type":"Seq Scan","Parent Relationship":"Outer","Parallel Aware":false,"Async Capable":false,"Relation Name":"nation","Schema":"public","Alias":"n2","Startup Cost":0.0,"Total Cost":1.93,"Plan Rows":2,"Plan Width":12,"Actual Startup Time":0.017,"Actual Total Time":0.021,"Actual Rows":2,"Actual Loops":1,"Output":["n2.n_nationkey","n2.n_name"],"Filter":"(((n2.n_name)::text = 'Cambodia'::text) OR ((n2.n_name)::text = 'Germany'::text))","Rows Removed by Filter":60,"Shared Hit Blocks":1,"Shared Read Blocks":0,"Shared Dirtied Blocks":0,"Shared Written Blocks":0,"Local Hit Blocks":0,"Local Read Blocks":0,"Local Dirtied Blocks":0,"Local Written Blocks":0,"Temp Read Blocks":0,"Temp Written Blocks":0,"I/O Read Time":0.0,"I/O Write Time":0.0,"Temp I/O Read Time":0.0,"Temp I/O Write Time":0.0}]}]}]}]}]}]}]},"Planning":{"Shared Hit Blocks":21,"Shared Read Blocks":0,"Shared Dirtied Blocks":0,"Shared Written Blocks":0,"Local Hit Blocks":0,"Local Read Blocks":0,"Local Dirtied Blocks":0,"Local Written Blocks":0,"Temp Read Blocks":0,"Temp Written Blocks":0,"I/O Read Time":0.0,"I/O Write Time":0.0,"Temp I/O Read Time":0.0,"Temp I/O Write Time":0.0},"Planning Time":2.462,"Triggers":[],"Execution Time":14054.171}]
[列存组合]: customer
[{"Plan":{"Node Type":"Aggregate","Strategy":"Sorted","Partial Mode":"Simple","Parallel Aware":false,"Async Capable":false,"Startup Cost":1930668.08,"Total Cost":1930789.69,"Plan Rows":4422,"Plan Width":72,"Actual Startup Time":13295.196,"Actual Total Time":13296.46,"Actual Rows":6,"Actual Loops":1,"Output":["supplier.su_nationkey","customer.c_nationkey","(EXTRACT(year FROM orders.o_entry_d))","sum(order_line.ol_amount)"],"Group Key":["supplier.su_nationkey","customer.c_nationkey","(EXTRACT(year FROM orders.o_entry_d))"],"Shared Hit Blocks":390500,"Shared Read Blocks":0,"Shared Dirtied Blocks":0,"Shared Written Blocks":0,"Local Hit Blocks":0,"Local Read Blocks":0,"Local Dirtied Blocks":0,"Local Written Blocks":0,"Temp Read Blocks":99613,"Temp Written Blocks":99622,"I/O Read Time":0.0,"I/O Write Time":0.0,"Temp I/O Read Time":161.129,"Temp I/O Write Time":455.801,"Plans":[{"Node Type":"Sort","Parent Relationship":"Outer","Parallel Aware":false,"Async Capable":false,"Startup Cost":1930668.08,"Total Cost":1930679.14,"Plan Rows":4422,"Plan Width":44,"Actual Startup Time":13295.141,"Actual Total Time":13295.397,"Actual Rows":6043,"Actual Loops":1,"Output":["supplier.su_nationkey","customer.c_nationkey","(EXTRACT(year FROM orders.o_entry_d))","order_line.ol_amount"],"Sort Key":["supplier.su_nationkey","customer.c_nationkey","(EXTRACT(year FROM orders.o_entry_d))"],"Sort Method":"quicksort","Sort Space Used":523,"Sort Space Type":"Memory","Shared Hit Blocks":390500,"Shared Read Blocks":0,"Shared Dirtied Blocks":0,"Shared Written Blocks":0,"Local Hit Blocks":0,"Local Read Blocks":0,"Local Dirtied Blocks":0,"Local Written Blocks":0,"Temp Read Blocks":99613,"Temp Written Blocks":99622,"I/O Read Time":0.0,"I/O Write Time":0.0,"Temp I/O Read Time":161.129,"Temp I/O Write Time":455.801,"Plans":[{"Node Type":"Merge Join","Parent Relationship":"Outer","Parallel Aware":false,"Async Capable":false,"Join Type":"Inner","Startup Cost":1926307.94,"Total Cost":1930400.32,"Plan Rows":4422,"Plan Width":44,"Actual Startup Time":13141.237,"Actual Total Time":13293.703,"Actual Rows":6043,"Actual Loops":1,"Output":["supplier.su_nationkey","customer.c_nationkey","EXTRACT(year FROM orders.o_entry_d)","order_line.ol_amount"],"Inner Unique":false,"Merge Cond":"((orders.o_c_id = customer.c_id) AND (order_line.ol_w_id = customer.c_w_id) AND (order_line.ol_d_id = customer.c_d_id))","Join Filter":"((((n1.n_name)::text = 'Germany'::text) AND ((n2.n_name)::text = 'Cambodia'::text)) OR (((n1.n_name)::text = 'Cambodia'::text) AND ((n2.n_name)::text = 'Germany'::text)))","Rows Removed by Join Filter":5752,"Shared Hit Blocks":390500,"Shared Read Blocks":0,"Shared Dirtied Blocks":0,"Shared Written Blocks":0,"Local Hit Blocks":0,"Local Read Blocks":0,"Local Dirtied Blocks":0,"Local Written Blocks":0,"Temp Read Blocks":99613,"Temp Written Blocks":99622,"I/O Read Time":0.0,"I/O Write Time":0.0,"Temp I/O Read Time":161.129,"Temp I/O Write Time":455.801,"Plans":[{"Node Type":"Sort","Parent Relationship":"Outer","Parallel Aware":false,"Async Capable":false,"Startup Cost":1653384.35,"Total Cost":1654058.91,"Plan Rows":269824,"Plan Width":36,"Actual Startup Time":13009.207,"Actual Total Time":13081.05,"Actual Rows":242214,"Actual Loops":1,"Output":["supplier.su_nationkey","order_line.ol_amount","order_line.ol_w_id","order_line.ol_d_id","orders.o_entry_d","orders.o_w_id","orders.o_d_id","orders.o_c_id","n1.n_name"],"Sort Key":["orders.o_c_id","order_line.ol_w_id","order_line.ol_d_id"],"Sort Method":"external merge","Sort Space Used":11984,"Sort Space Type":"Disk","Shared Hit Blocks":390499,"Shared Read Blocks":0,"Shared Dirtied Blocks":0,"Shared Written Blocks":0,"Local Hit Blocks":0,"Local Read Blocks":0,"Local Dirtied Blocks":0,"Local Written Blocks":0,"Temp Read Blocks":99068,"Temp Written Blocks":99074,"I/O Read Time":0.0,"I/O Write Time":0.0,"Temp I/O Read Time":160.424,"Temp I/O Write Time":453.689,"Plans":[{"Node Type":"Hash Join","Parent Relationship":"Outer","Parallel Aware":false,"Async Capable":false,"Join Type":"Inner","Startup Cost":578796.33,"Total Cost":1621665.99,"Plan Rows":269824,"Plan Width":36,"Actual Startup Time":3013.54,"Actual Total Time":12881.932,"Actual Rows":242214,"Actual Loops":1,"Output":["supplier.su_nationkey","order_line.ol_amount","order_line.ol_w_id","order_line.ol_d_id","orders.o_entry_d","orders.o_w_id","orders.o_d_id","orders.o_c_id","n1.n_name"],"Inner Unique":true,"Hash Cond":"((order_line.ol_w_id = orders.o_w_id) AND (order_line.ol_d_id = orders.o_d_id) AND (order_line.ol_o_id = orders.o_id))","Shared Hit Blocks":390499,"Shared Read Blocks":0,"Shared Dirtied Blocks":0,"Shared Written Blocks":0,"Local Hit Blocks":0,"Local Read Blocks":0,"Local Dirtied Blocks":0,"Local Written Blocks":0,"Temp Read Blocks":97570,"Temp Written Blocks":97570,"I/O Read Time":0.0,"I/O Write Time":0.0,"Temp I/O Read Time":158.269,"Temp I/O Write Time":448.132,"Plans":[{"Node Type":"Hash Join","Parent Relationship":"Outer","Parallel Aware":false,"Async Capable":false,"Join Type":"Inner","Startup Cost":449201.25,"Total Cost":1468684.75,"Plan Rows":269988,"Plan Width":28,"Actual Startup Time":2101.661,"Actual Total Time":11635.379,"Actual Rows":242214,"Actual Loops":1,"Output":["supplier.su_nationkey","order_line.ol_amount","order_line.ol_w_id","order_line.ol_d_id","order_line.ol_o_id","n1.n_name"],"Inner Unique":true,"Hash Cond":"(supplier.su_nationkey = n1.n_nationkey)","Shared Hit Blocks":368440,"Shared Read Blocks":0,"Shared Dirtied Blocks":0,"Shared Written Blocks":0,"Local Hit Blocks":0,"Local Read Blocks":0,"Local Dirtied Blocks":0,"Local Written Blocks":0,"Temp Read Blocks":79026,"Temp Written Blocks":79026,"I/O Read Time":0.0,"I/O Write Time":0.0,"Temp I/O Read Time":128.901,"Temp I/O Write Time":362.302,"Plans":[{"Node Type":"Hash Join","Parent Relationship":"Outer","Parallel Aware":false,"Async Capable":false,"Join Type":"Inner","Startup Cost":449199.29,"Total Cost":1445210.69,"Plan Rows":8369638,"Plan Width":20,"Actual Startup Time":2099.762,"Actual Total Time":11031.879,"Actual Rows":8570498,"Actual Loops":1,"Output":["supplier.su_nationkey","order_line.ol_amount","order_line.ol_w_id","order_line.ol_d_id","order_line.ol_o_id"],"Inner Unique":true,"Hash Cond":"(mod((stock.s_w_id * stock.s_i_id), 10000) = supplier.su_suppkey)","Shared Hit Blocks":368439,"Shared Read Blocks":0,"Shared Dirtied Blocks":0,"Shared Written Blocks":0,"Local Hit Blocks":0,"Local Read Blocks":0,"Local Dirtied Blocks":0,"Local Written Blocks":0,"Temp Read Blocks":79026,"Temp Written Blocks":79026,"I/O Read Time":0.0,"I/O Write Time":0.0,"Temp I/O Read Time":128.901,"Temp I/O Write Time":362.302,"Plans":[{"Node Type":"Hash Join","Parent Relationship":"Outer","Parallel Aware":false,"Async Capable":false,"Join Type":"Inner","Startup Cost":448757.29,"Total Cost":1420694.79,"Plan Rows":8369638,"Plan Width":22,"Actual Startup Time":2097.246,"Actual Total Time":9343.778,"Actual Rows":8570498,"Actual Loops":1,"Output":["stock.s_w_id","stock.s_i_id","order_line.ol_amount","order_line.ol_w_id","order_line.ol_d_id","order_line.ol_o_id"],"Inner Unique":true,"Hash Cond":"((order_line.ol_supply_w_id = stock.s_w_id) AND (order_line.ol_i_id = stock.s_i_id))","Shared Hit Blocks":368222,"Shared Read Blocks":0,"Shared Dirtied Blocks":0,"Shared Written Blocks":0,"Local Hit Blocks":0,"Local Read Blocks":0,"Local Dirtied Blocks":0,"Local Written Blocks":0,"Temp Read Blocks":79026,"Temp Written Blocks":79026,"I/O Read Time":0.0,"I/O Write Time":0.0,"Temp I/O Read Time":128.901,"Temp I/O Write Time":362.302,"Plans":[{"Node Type":"Seq Scan","Parent Relationship":"Outer","Parallel Aware":false,"Async Capable":false,"Relation Name":"order_line","Schema":"public","Alias":"order_line","Startup Cost":0.0,"Total Cost":790850.88,"Plan Rows":8369638,"Plan Width":22,"Actual Startup Time":13.154,"Actual Total Time":2838.339,"Actual Rows":8570498,"Actual Loops":1,"Output":["order_line.ol_amount","order_line.ol_supply_w_id","order_line.ol_i_id","order_line.ol_w_id","order_line.ol_d_id","order_line.ol_o_id"],"Filter":"((order_line.ol_delivery_d >= '1995-01-02 20:10:02.27764'::timestamp without time zone) AND (order_line.ol_delivery_d <= '1997-01-01 20:10:02.27764'::timestamp without time zone))","Rows Removed by Filter":21427234,"Shared Hit Blocks":340884,"Shared Read Blocks":0,"Shared Dirtied Blocks":0,"Shared Written Blocks":0,"Local Hit Blocks":0,"Local Read Blocks":0,"Local Dirtied Blocks":0,"Local Written Blocks":0,"Temp Read Blocks":0,"Temp Written Blocks":0,"I/O Read Time":0.0,"I/O Write Time":0.0,"Temp I/O Read Time":0.0,"Temp I/O Write Time":0.0},{"Node Type":"Hash","Parent Relationship":"Inner","Parallel Aware":false,"Async Capable":false,"Startup Cost":259690.86,"Total Cost":259690.86,"Plan Rows":10000162,"Plan Width":6,"Actual Startup Time":2082.757,"Actual Total Time":2082.758,"Actual Rows":10000000,"Actual Loops":1,"Output":["stock.s_w_id","stock.s_i_id"],"Hash Buckets":262144,"Original Hash Buckets":262144,"Hash Batches":64,"Original Hash Batches":64,"Peak Memory Usage":8133,"Shared Hit Blocks":27338,"Shared Read Blocks":0,"Shared Dirtied Blocks":0,"Shared Written Blocks":0,"Local Hit Blocks":0,"Local Read Blocks":0,"Local Dirtied Blocks":0,"Local Written Blocks":0,"Temp Read Blocks":0,"Temp Written Blocks":33616,"I/O Read Time":0.0,"I/O Write Time":0.0,"Temp I/O Read Time":0.0,"Temp I/O Write Time":152.527,"Plans":[{"Node Type":"Index Only Scan","Parent Relationship":"Outer","Parallel Aware":false,"Async Capable":false,"Scan Direction":"Forward","Index Name":"stock_pk","Relation Name":"stock","Schema":"public","Alias":"stock","Startup Cost":0.43,"Total Cost":259690.86,"Plan Rows":10000162,"Plan Width":6,"Actual Startup Time":0.024,"Actual Total Time":719.581,"Actual Rows":10000000,"Actual Loops":1,"Output":["stock.s_w_id","stock.s_i_id"],"Heap Fetches":0,"Shared Hit Blocks":27338,"Shared Read Blocks":0,"Shared Dirtied Blocks":0,"Shared Written Blocks":0,"Local Hit Blocks":0,"Local Read Blocks":0,"Local Dirtied Blocks":0,"Local Written Blocks":0,"Temp Read Blocks":0,"Temp Written Blocks":0,"I/O Read Time":0.0,"I/O Write Time":0.0,"Temp I/O Read Time":0.0,"Temp I/O Write Time":0.0}]}]},{"Node Type":"Hash","Parent Relationship":"Inner","Parallel Aware":false,"Async Capable":false,"Startup Cost":317.0,"Total Cost":317.0,"Plan Rows":10000,"Plan Width":8,"Actual Startup Time":2.462,"Actual Total Time":2.462,"Actual Rows":10000,"Actual Loops":1,"Output":["supplier.su_nationkey","supplier.su_suppkey"],"Hash Buckets":16384,"Original Hash Buckets":16384,"Hash Batches":1,"Original Hash Batches":1,"Peak Memory Usage":519,"Shared Hit Blocks":217,"Shared Read Blocks":0,"Shared Dirtied Blocks":0,"Shared Written Blocks":0,"Local Hit Blocks":0,"Local Read Blocks":0,"Local Dirtied Blocks":0,"Local Written Blocks":0,"Temp Read Blocks":0,"Temp Written Blocks":0,"I/O Read Time":0.0,"I/O Write Time":0.0,"Temp I/O Read Time":0.0,"Temp I/O Write Time":0.0,"Plans":[{"Node Type":"Seq Scan","Parent Relationship":"Outer","Parallel Aware":false,"Async Capable":false,"Relation Name":"supplier","Schema":"public","Alias":"supplier","Startup Cost":0.0,"Total Cost":317.0,"Plan Rows":10000,"Plan Width":8,"Actual Startup Time":0.006,"Actual Total Time":1.246,"Actual Rows":10000,"Actual Loops":1,"Output":["supplier.su_nationkey","supplier.su_suppkey"],"Shared Hit Blocks":217,"Shared Read Blocks":0,"Shared Dirtied Blocks":0,"Shared Written Blocks":0,"Local Hit Blocks":0,"Local Read Blocks":0,"Local Dirtied Blocks":0,"Local Written Blocks":0,"Temp Read Blocks":0,"Temp Written Blocks":0,"I/O Read Time":0.0,"I/O Write Time":0.0,"Temp I/O Read Time":0.0,"Temp I/O Write Time":0.0}]}]},{"Node Type":"Hash","Parent Relationship":"Inner","Parallel Aware":false,"Async Capable":false,"Startup Cost":1.93,"Total Cost":1.93,"Plan Rows":2,"Plan Width":12,"Actual Startup Time":0.021,"Actual Total Time":0.022,"Actual Rows":2,"Actual Loops":1,"Output":["n1.n_nationkey","n1.n_name"],"Hash Buckets":1024,"Original Hash Buckets":1024,"Hash Batches":1,"Original Hash Batches":1,"Peak Memory Usage":9,"Shared Hit Blocks":1,"Shared Read Blocks":0,"Shared Dirtied Blocks":0,"Shared Written Blocks":0,"Local Hit Blocks":0,"Local Read Blocks":0,"Local Dirtied Blocks":0,"Local Written Blocks":0,"Temp Read Blocks":0,"Temp Written Blocks":0,"I/O Read Time":0.0,"I/O Write Time":0.0,"Temp I/O Read Time":0.0,"Temp I/O Write Time":0.0,"Plans":[{"Node Type":"Seq Scan","Parent Relationship":"Outer","Parallel Aware":false,"Async Capable":false,"Relation Name":"nation","Schema":"public","Alias":"n1","Startup Cost":0.0,"Total Cost":1.93,"Plan Rows":2,"Plan Width":12,"Actual Startup Time":0.013,"Actual Total Time":0.018,"Actual Rows":2,"Actual Loops":1,"Output":["n1.n_nationkey","n1.n_name"],"Filter":"(((n1.n_name)::text = 'Germany'::text) OR ((n1.n_name)::text = 'Cambodia'::text))","Rows Removed by Filter":60,"Shared Hit Blocks":1,"Shared Read Blocks":0,"Shared Dirtied Blocks":0,"Shared Written Blocks":0,"Local Hit Blocks":0,"Local Read Blocks":0,"Local Dirtied Blocks":0,"Local Written Blocks":0,"Temp Read Blocks":0,"Temp Written Blocks":0,"I/O Read Time":0.0,"I/O Write Time":0.0,"Temp I/O Read Time":0.0,"Temp I/O Write Time":0.0}]}]},{"Node Type":"Hash","Parent Relationship":"Inner","Parallel Aware":false,"Async Capable":false,"Startup Cost":59559.0,"Total Cost":59559.0,"Plan Rows":2998176,"Plan Width":24,"Actual Startup Time":903.806,"Actual Total Time":903.806,"Actual Rows":2997892,"Actual Loops":1,"Output":["orders.o_entry_d","orders.o_w_id","orders.o_d_id","orders.o_id","orders.o_c_id"],"Hash Buckets":131072,"Original Hash Buckets":131072,"Hash Batches":32,"Original Hash Batches":32,"Peak Memory Usage":6539,"Shared Hit Blocks":22059,"Shared Read Blocks":0,"Shared Dirtied Blocks":0,"Shared Written Blocks":0,"Local Hit Blocks":0,"Local Read Blocks":0,"Local Dirtied Blocks":0,"Local Written Blocks":0,"Temp Read Blocks":0,"Temp Written Blocks":16995,"I/O Read Time":0.0,"I/O Write Time":0.0,"Temp I/O Read Time":0.0,"Temp I/O Write Time":76.344,"Plans":[{"Node Type":"Seq Scan","Parent Relationship":"Outer","Parallel Aware":false,"Async Capable":false,"Relation Name":"orders","Schema":"public","Alias":"orders","Startup Cost":0.0,"Total Cost":59559.0,"Plan Rows":2998176,"Plan Width":24,"Actual Startup Time":0.014,"Actual Total Time":366.876,"Actual Rows":2997892,"Actual Loops":1,"Output":["orders.o_entry_d","orders.o_w_id","orders.o_d_id","orders.o_id","orders.o_c_id"],"Filter":"(orders.o_entry_d >= '1992-01-02 20:10:02.27764'::timestamp without time zone)","Rows Removed by Filter":2108,"Shared Hit Blocks":22059,"Shared Read Blocks":0,"Shared Dirtied Blocks":0,"Shared Written Blocks":0,"Local Hit Blocks":0,"Local Read Blocks":0,"Local Dirtied Blocks":0,"Local Written Blocks":0,"Temp Read Blocks":0,"Temp Written Blocks":0,"I/O Read Time":0.0,"I/O Write Time":0.0,"Temp I/O Read Time":0.0,"Temp I/O Write Time":0.0}]}]}]},{"Node Type":"Materialize","Parent Relationship":"Inner","Parallel Aware":false,"Async Capable":false,"Startup Cost":272923.48,"Total Cost":273407.31,"Plan Rows":96766,"Plan Width":20,"Actual Startup Time":132.003,"Actual Total Time":164.62,"Actual Rows":146547,"Actual Loops":1,"Output":["customer.c_nationkey","customer.c_id","customer.c_w_id","customer.c_d_id","n2.n_name"],"Shared Hit Blocks":1,"Shared Read Blocks":0,"Shared Dirtied Blocks":0,"Shared Written Blocks":0,"Local Hit Blocks":0,"Local Read Blocks":0,"Local Dirtied Blocks":0,"Local Written Blocks":0,"Temp Read Blocks":545,"Temp Written Blocks":548,"I/O Read Time":0.0,"I/O Write Time":0.0,"Temp I/O Read Time":0.705,"Temp I/O Write Time":2.112,"Plans":[{"Node Type":"Sort","Parent Relationship":"Outer","Parallel Aware":false,"Async Capable":false,"Startup Cost":272923.48,"Total Cost":273165.4,"Plan Rows":96766,"Plan Width":20,"Actual Startup Time":131.998,"Actual Total Time":148.868,"Actual Rows":144982,"Actual Loops":1,"Output":["customer.c_nationkey","customer.c_id","customer.c_w_id","customer.c_d_id","n2.n_name"],"Sort Key":["customer.c_id","customer.c_w_id","customer.c_d_id"],"Sort Method":"external merge","Sort Space Used":4360,"Sort Space Type":"Disk","Shared Hit Blocks":1,"Shared Read Blocks":0,"Shared Dirtied Blocks":0,"Shared Written Blocks":0,"Local Hit Blocks":0,"Local Read Blocks":0,"Local Dirtied Blocks":0,"Local Written Blocks":0,"Temp Read Blocks":545,"Temp Written Blocks":548,"I/O Read Time":0.0,"I/O Write Time":0.0,"Temp I/O Read Time":0.705,"Temp I/O Write Time":2.112,"Plans":[{"Node Type":"Hash Join","Parent Relationship":"Outer","Parallel Aware":false,"Async Capable":false,"Join Type":"Inner","Startup Cost":21.95,"Total Cost":262925.69,"Plan Rows":96766,"Plan Width":20,"Actual Startup Time":0.668,"Actual Total Time":80.856,"Actual Rows":144986,"Actual Loops":1,"Output":["customer.c_nationkey","customer.c_id","customer.c_w_id","customer.c_d_id","n2.n_name"],"Inner Unique":true,"Hash Cond":"(customer.c_nationkey = n2.n_nationkey)","Shared Hit Blocks":1,"Shared Read Blocks":0,"Shared Dirtied Blocks":0,"Shared Written Blocks":0,"Local Hit Blocks":0,"Local Read Blocks":0,"Local Dirtied Blocks":0,"Local Written Blocks":0,"Temp Read Blocks":0,"Temp Written Blocks":0,"I/O Read Time":0.0,"I/O Write Time":0.0,"Temp I/O Read Time":0.0,"Temp I/O Write Time":0.0,"Plans":[{"Node Type":"Append","Parent Relationship":"Outer","Parallel Aware":false,"Async Capable":false,"Startup Cost":20.0,"Total Cost":254511.16,"Plan Rows":2999739,"Plan Width":12,"Actual Startup Time":0.272,"Actual Total Time":53.417,"Actual Rows":144986,"Actual Loops":1,"Shared Hit Blocks":0,"Shared Read Blocks":0,"Shared Dirtied Blocks":0,"Shared Written Blocks":0,"Local Hit Blocks":0,"Local Read Blocks":0,"Local Dirtied Blocks":0,"Local Written Blocks":0,"Temp Read Blocks":0,"Temp Written Blocks":0,"I/O Read Time":0.0,"I/O Write Time":0.0,"Temp I/O Read Time":0.0,"Temp I/O Write Time":0.0,"Subplans Removed":0,"Plans":[{"Node Type":"Custom Scan","Parent Relationship":"Member","Custom Plan Provider":"columnar scan","Parallel Aware":false,"Async Capable":false,"Relation Name":"customer","Schema":"public","Alias":"customer","Startup Cost":20.0,"Total Cost":70513.87,"Plan Rows":2999738,"Plan Width":12,"Actual Startup Time":0.27,"Actual Total Time":42.62,"Actual Rows":144986,"Actual Loops":1,"Output":["customer.c_nationkey","customer.c_id","customer.c_w_id","customer.c_d_id"],"Rows Removed by Columnar Filter":2855014,"Rows Filtered by Bloom Filter":0,"Dictionary Rows Filtered by Bloom Filter":2855014,"Columnar cache search mode":"native","Shared Hit Blocks":0,"Shared Read Blocks":0,"Shared Dirtied Blocks":0,"Shared Written Blocks":0,"Local Hit Blocks":0,"Local Read Blocks":0,"Local Dirtied Blocks":0,"Local Written Blocks":0,"Temp Read Blocks":0,"Temp Written Blocks":0,"I/O Read Time":0.0,"I/O Write Time":0.0,"Temp I/O Read Time":0.0,"Temp I/O Write Time":0.0},{"Node Type":"Seq Scan","Parent Relationship":"Member","Parallel Aware":false,"Async Capable":false,"Relation Name":"customer","Schema":"public","Alias":"customer","Startup Cost":0.0,"Total Cost":4.01,"Plan Rows":1,"Plan Width":12,"Actual Startup Time":0.0,"Actual Total Time":0.0,"Actual Rows":0,"Actual Loops":0,"Output":["customer.c_nationkey","customer.c_id","customer.c_w_id","customer.c_d_id"],"Shared Hit Blocks":0,"Shared Read Blocks":0,"Shared Dirtied Blocks":0,"Shared Written Blocks":0,"Local Hit Blocks":0,"Local Read Blocks":0,"Local Dirtied Blocks":0,"Local Written Blocks":0,"Temp Read Blocks":0,"Temp Written Blocks":0,"I/O Read Time":0.0,"I/O Write Time":0.0,"Temp I/O Read Time":0.0,"Temp I/O Write Time":0.0}]},{"Node Type":"Hash","Parent Relationship":"Inner","Parallel Aware":false,"Async Capable":false,"Startup Cost":1.93,"Total Cost":1.93,"Plan Rows":2,"Plan Width":12,"Actual Startup Time":0.031,"Actual Total Time":0.031,"Actual Rows":2,"Actual Loops":1,"Output":["n2.n_nationkey","n2.n_name"],"Hash Buckets":1024,"Original Hash Buckets":1024,"Hash Batches":1,"Original Hash Batches":1,"Peak Memory Usage":9,"Shared Hit Blocks":1,"Shared Read Blocks":0,"Shared Dirtied Blocks":0,"Shared Written Blocks":0,"Local Hit Blocks":0,"Local Read Blocks":0,"Local Dirtied Blocks":0,"Local Written Blocks":0,"Temp Read Blocks":0,"Temp Written Blocks":0,"I/O Read Time":0.0,"I/O Write Time":0.0,"Temp I/O Read Time":0.0,"Temp I/O Write Time":0.0,"Plans":[{"Node Type":"Seq Scan","Parent Relationship":"Outer","Parallel Aware":false,"Async Capable":false,"Relation Name":"nation","Schema":"public","Alias":"n2","Startup Cost":0.0,"Total Cost":1.93,"Plan Rows":2,"Plan Width":12,"Actual Startup Time":0.022,"Actual Total Time":0.027,"Actual Rows":2,"Actual Loops":1,"Output":["n2.n_nationkey","n2.n_name"],"Filter":"(((n2.n_name)::text = 'Cambodia'::text) OR ((n2.n_name)::text = 'Germany'::text))","Rows Removed by Filter":60,"Shared Hit Blocks":1,"Shared Read Blocks":0,"Shared Dirtied Blocks":0,"Shared Written Blocks":0,"Local Hit Blocks":0,"Local Read Blocks":0,"Local Dirtied Blocks":0,"Local Written Blocks":0,"Temp Read Blocks":0,"Temp Written Blocks":0,"I/O Read Time":0.0,"I/O Write Time":0.0,"Temp I/O Read Time":0.0,"Temp I/O Write Time":0.0}]}]}]}]}]}]}]},"Planning":{"Shared Hit Blocks":12,"Shared Read Blocks":0,"Shared Dirtied Blocks":0,"Shared Written Blocks":0,"Local Hit Blocks":0,"Local Read Blocks":0,"Local Dirtied Blocks":0,"Local Written Blocks":0,"Temp Read Blocks":0,"Temp Written Blocks":0,"I/O Read Time":0.0,"I/O Write Time":0.0,"Temp I/O Read Time":0.0,"Temp I/O Write Time":0.0},"Planning Time":2.758,"Triggers":[],"Execution Time":13299.099}]
[列存组合]: nation
[{"Plan":{"Node Type":"Aggregate","Strategy":"Sorted","Partial Mode":"Simple","Parallel Aware":false,"Async Capable":false,"Startup Cost":1935758.3,"Total Cost":1935879.91,"Plan Rows":4422,"Plan Width":72,"Actual Startup Time":14081.775,"Actual Total Time":14083.046,"Actual Rows":6,"Actual Loops":1,"Output":["supplier.su_nationkey","customer.c_nationkey","(EXTRACT(year FROM orders.o_entry_d))","sum(order_line.ol_amount)"],"Group Key":["supplier.su_nationkey","customer.c_nationkey","(EXTRACT(year FROM orders.o_entry_d))"],"Shared Hit Blocks":620104,"Shared Read Blocks":0,"Shared Dirtied Blocks":0,"Shared Written Blocks":0,"Local Hit Blocks":0,"Local Read Blocks":0,"Local Dirtied Blocks":0,"Local Written Blocks":0,"Temp Read Blocks":99613,"Temp Written Blocks":99622,"I/O Read Time":0.0,"I/O Write Time":0.0,"Temp I/O Read Time":158.065,"Temp I/O Write Time":454.469,"Plans":[{"Node Type":"Sort","Parent Relationship":"Outer","Parallel Aware":false,"Async Capable":false,"Startup Cost":1935758.3,"Total Cost":1935769.36,"Plan Rows":4422,"Plan Width":44,"Actual Startup Time":14081.717,"Actual Total Time":14081.98,"Actual Rows":6043,"Actual Loops":1,"Output":["supplier.su_nationkey","customer.c_nationkey","(EXTRACT(year FROM orders.o_entry_d))","order_line.ol_amount"],"Sort Key":["supplier.su_nationkey","customer.c_nationkey","(EXTRACT(year FROM orders.o_entry_d))"],"Sort Method":"quicksort","Sort Space Used":523,"Sort Space Type":"Memory","Shared Hit Blocks":620104,"Shared Read Blocks":0,"Shared Dirtied Blocks":0,"Shared Written Blocks":0,"Local Hit Blocks":0,"Local Read Blocks":0,"Local Dirtied Blocks":0,"Local Written Blocks":0,"Temp Read Blocks":99613,"Temp Written Blocks":99622,"I/O Read Time":0.0,"I/O Write Time":0.0,"Temp I/O Read Time":158.065,"Temp I/O Write Time":454.469,"Plans":[{"Node Type":"Merge Join","Parent Relationship":"Outer","Parallel Aware":false,"Async Capable":false,"Join Type":"Inner","Startup Cost":1931398.16,"Total Cost":1935490.54,"Plan Rows":4422,"Plan Width":44,"Actual Startup Time":13927.902,"Actual Total Time":14080.279,"Actual Rows":6043,"Actual Loops":1,"Output":["supplier.su_nationkey","customer.c_nationkey","EXTRACT(year FROM orders.o_entry_d)","order_line.ol_amount"],"Inner Unique":false,"Merge Cond":"((orders.o_c_id = customer.c_id) AND (order_line.ol_w_id = customer.c_w_id) AND (order_line.ol_d_id = customer.c_d_id))","Join Filter":"((((n1.n_name)::text = 'Germany'::text) AND ((n2.n_name)::text = 'Cambodia'::text)) OR (((n1.n_name)::text = 'Cambodia'::text) AND ((n2.n_name)::text = 'Germany'::text)))","Rows Removed by Join Filter":5752,"Shared Hit Blocks":620104,"Shared Read Blocks":0,"Shared Dirtied Blocks":0,"Shared Written Blocks":0,"Local Hit Blocks":0,"Local Read Blocks":0,"Local Dirtied Blocks":0,"Local Written Blocks":0,"Temp Read Blocks":99613,"Temp Written Blocks":99622,"I/O Read Time":0.0,"I/O Write Time":0.0,"Temp I/O Read Time":158.065,"Temp I/O Write Time":454.469,"Plans":[{"Node Type":"Sort","Parent Relationship":"Outer","Parallel Aware":false,"Async Capable":false,"Startup Cost":1653384.35,"Total Cost":1654058.91,"Plan Rows":269824,"Plan Width":36,"Actual Startup Time":12977.539,"Actual Total Time":13049.347,"Actual Rows":242214,"Actual Loops":1,"Output":["supplier.su_nationkey","order_line.ol_amount","order_line.ol_w_id","order_line.ol_d_id","orders.o_entry_d","orders.o_w_id","orders.o_d_id","orders.o_c_id","n1.n_name"],"Sort Key":["orders.o_c_id","order_line.ol_w_id","order_line.ol_d_id"],"Sort Method":"external merge","Sort Space Used":11984,"Sort Space Type":"Disk","Shared Hit Blocks":390499,"Shared Read Blocks":0,"Shared Dirtied Blocks":0,"Shared Written Blocks":0,"Local Hit Blocks":0,"Local Read Blocks":0,"Local Dirtied Blocks":0,"Local Written Blocks":0,"Temp Read Blocks":99068,"Temp Written Blocks":99074,"I/O Read Time":0.0,"I/O Write Time":0.0,"Temp I/O Read Time":157.288,"Temp I/O Write Time":452.341,"Plans":[{"Node Type":"Hash Join","Parent Relationship":"Outer","Parallel Aware":false,"Async Capable":false,"Join Type":"Inner","Startup Cost":578796.33,"Total Cost":1621665.99,"Plan Rows":269824,"Plan Width":36,"Actual Startup Time":3004.383,"Actual Total Time":12850.848,"Actual Rows":242214,"Actual Loops":1,"Output":["supplier.su_nationkey","order_line.ol_amount","order_line.ol_w_id","order_line.ol_d_id","orders.o_entry_d","orders.o_w_id","orders.o_d_id","orders.o_c_id","n1.n_name"],"Inner Unique":true,"Hash Cond":"((order_line.ol_w_id = orders.o_w_id) AND (order_line.ol_d_id = orders.o_d_id) AND (order_line.ol_o_id = orders.o_id))","Shared Hit Blocks":390499,"Shared Read Blocks":0,"Shared Dirtied Blocks":0,"Shared Written Blocks":0,"Local Hit Blocks":0,"Local Read Blocks":0,"Local Dirtied Blocks":0,"Local Written Blocks":0,"Temp Read Blocks":97570,"Temp Written Blocks":97570,"I/O Read Time":0.0,"I/O Write Time":0.0,"Temp I/O Read Time":155.067,"Temp I/O Write Time":446.761,"Plans":[{"Node Type":"Hash Join","Parent Relationship":"Outer","Parallel Aware":false,"Async Capable":false,"Join Type":"Inner","Startup Cost":449201.25,"Total Cost":1468684.75,"Plan Rows":269988,"Plan Width":28,"Actual Startup Time":2098.792,"Actual Total Time":11616.504,"Actual Rows":242214,"Actual Loops":1,"Output":["supplier.su_nationkey","order_line.ol_amount","order_line.ol_w_id","order_line.ol_d_id","order_line.ol_o_id","n1.n_name"],"Inner Unique":true,"Hash Cond":"(supplier.su_nationkey = n1.n_nationkey)","Shared Hit Blocks":368440,"Shared Read Blocks":0,"Shared Dirtied Blocks":0,"Shared Written Blocks":0,"Local Hit Blocks":0,"Local Read Blocks":0,"Local Dirtied Blocks":0,"Local Written Blocks":0,"Temp Read Blocks":79026,"Temp Written Blocks":79026,"I/O Read Time":0.0,"I/O Write Time":0.0,"Temp I/O Read Time":125.61,"Temp I/O Write Time":364.704,"Plans":[{"Node Type":"Hash Join","Parent Relationship":"Outer","Parallel Aware":false,"Async Capable":false,"Join Type":"Inner","Startup Cost":449199.29,"Total Cost":1445210.69,"Plan Rows":8369638,"Plan Width":20,"Actual Startup Time":2096.836,"Actual Total Time":11013.293,"Actual Rows":8570498,"Actual Loops":1,"Output":["supplier.su_nationkey","order_line.ol_amount","order_line.ol_w_id","order_line.ol_d_id","order_line.ol_o_id"],"Inner Unique":true,"Hash Cond":"(mod((stock.s_w_id * stock.s_i_id), 10000) = supplier.su_suppkey)","Shared Hit Blocks":368439,"Shared Read Blocks":0,"Shared Dirtied Blocks":0,"Shared Written Blocks":0,"Local Hit Blocks":0,"Local Read Blocks":0,"Local Dirtied Blocks":0,"Local Written Blocks":0,"Temp Read Blocks":79026,"Temp Written Blocks":79026,"I/O Read Time":0.0,"I/O Write Time":0.0,"Temp I/O Read Time":125.61,"Temp I/O Write Time":364.704,"Plans":[{"Node Type":"Hash Join","Parent Relationship":"Outer","Parallel Aware":false,"Async Capable":false,"Join Type":"Inner","Startup Cost":448757.29,"Total Cost":1420694.79,"Plan Rows":8369638,"Plan Width":22,"Actual Startup Time":2094.373,"Actual Total Time":9326.43,"Actual Rows":8570498,"Actual Loops":1,"Output":["stock.s_w_id","stock.s_i_id","order_line.ol_amount","order_line.ol_w_id","order_line.ol_d_id","order_line.ol_o_id"],"Inner Unique":true,"Hash Cond":"((order_line.ol_supply_w_id = stock.s_w_id) AND (order_line.ol_i_id = stock.s_i_id))","Shared Hit Blocks":368222,"Shared Read Blocks":0,"Shared Dirtied Blocks":0,"Shared Written Blocks":0,"Local Hit Blocks":0,"Local Read Blocks":0,"Local Dirtied Blocks":0,"Local Written Blocks":0,"Temp Read Blocks":79026,"Temp Written Blocks":79026,"I/O Read Time":0.0,"I/O Write Time":0.0,"Temp I/O Read Time":125.61,"Temp I/O Write Time":364.704,"Plans":[{"Node Type":"Seq Scan","Parent Relationship":"Outer","Parallel Aware":false,"Async Capable":false,"Relation Name":"order_line","Schema":"public","Alias":"order_line","Startup Cost":0.0,"Total Cost":790850.88,"Plan Rows":8369638,"Plan Width":22,"Actual Startup Time":13.208,"Actual Total Time":2837.897,"Actual Rows":8570498,"Actual Loops":1,"Output":["order_line.ol_amount","order_line.ol_supply_w_id","order_line.ol_i_id","order_line.ol_w_id","order_line.ol_d_id","order_line.ol_o_id"],"Filter":"((order_line.ol_delivery_d >= '1995-01-02 20:10:02.27764'::timestamp without time zone) AND (order_line.ol_delivery_d <= '1997-01-01 20:10:02.27764'::timestamp without time zone))","Rows Removed by Filter":21427234,"Shared Hit Blocks":340884,"Shared Read Blocks":0,"Shared Dirtied Blocks":0,"Shared Written Blocks":0,"Local Hit Blocks":0,"Local Read Blocks":0,"Local Dirtied Blocks":0,"Local Written Blocks":0,"Temp Read Blocks":0,"Temp Written Blocks":0,"I/O Read Time":0.0,"I/O Write Time":0.0,"Temp I/O Read Time":0.0,"Temp I/O Write Time":0.0},{"Node Type":"Hash","Parent Relationship":"Inner","Parallel Aware":false,"Async Capable":false,"Startup Cost":259690.86,"Total Cost":259690.86,"Plan Rows":10000162,"Plan Width":6,"Actual Startup Time":2079.827,"Actual Total Time":2079.828,"Actual Rows":10000000,"Actual Loops":1,"Output":["stock.s_w_id","stock.s_i_id"],"Hash Buckets":262144,"Original Hash Buckets":262144,"Hash Batches":64,"Original Hash Batches":64,"Peak Memory Usage":8133,"Shared Hit Blocks":27338,"Shared Read Blocks":0,"Shared Dirtied Blocks":0,"Shared Written Blocks":0,"Local Hit Blocks":0,"Local Read Blocks":0,"Local Dirtied Blocks":0,"Local Written Blocks":0,"Temp Read Blocks":0,"Temp Written Blocks":33616,"I/O Read Time":0.0,"I/O Write Time":0.0,"Temp I/O Read Time":0.0,"Temp I/O Write Time":150.747,"Plans":[{"Node Type":"Index Only Scan","Parent Relationship":"Outer","Parallel Aware":false,"Async Capable":false,"Scan Direction":"Forward","Index Name":"stock_pk","Relation Name":"stock","Schema":"public","Alias":"stock","Startup Cost":0.43,"Total Cost":259690.86,"Plan Rows":10000162,"Plan Width":6,"Actual Startup Time":0.022,"Actual Total Time":719.451,"Actual Rows":10000000,"Actual Loops":1,"Output":["stock.s_w_id","stock.s_i_id"],"Heap Fetches":0,"Shared Hit Blocks":27338,"Shared Read Blocks":0,"Shared Dirtied Blocks":0,"Shared Written Blocks":0,"Local Hit Blocks":0,"Local Read Blocks":0,"Local Dirtied Blocks":0,"Local Written Blocks":0,"Temp Read Blocks":0,"Temp Written Blocks":0,"I/O Read Time":0.0,"I/O Write Time":0.0,"Temp I/O Read Time":0.0,"Temp I/O Write Time":0.0}]}]},{"Node Type":"Hash","Parent Relationship":"Inner","Parallel Aware":false,"Async Capable":false,"Startup Cost":317.0,"Total Cost":317.0,"Plan Rows":10000,"Plan Width":8,"Actual Startup Time":2.441,"Actual Total Time":2.441,"Actual Rows":10000,"Actual Loops":1,"Output":["supplier.su_nationkey","supplier.su_suppkey"],"Hash Buckets":16384,"Original Hash Buckets":16384,"Hash Batches":1,"Original Hash Batches":1,"Peak Memory Usage":519,"Shared Hit Blocks":217,"Shared Read Blocks":0,"Shared Dirtied Blocks":0,"Shared Written Blocks":0,"Local Hit Blocks":0,"Local Read Blocks":0,"Local Dirtied Blocks":0,"Local Written Blocks":0,"Temp Read Blocks":0,"Temp Written Blocks":0,"I/O Read Time":0.0,"I/O Write Time":0.0,"Temp I/O Read Time":0.0,"Temp I/O Write Time":0.0,"Plans":[{"Node Type":"Seq Scan","Parent Relationship":"Outer","Parallel Aware":false,"Async Capable":false,"Relation Name":"supplier","Schema":"public","Alias":"supplier","Startup Cost":0.0,"Total Cost":317.0,"Plan Rows":10000,"Plan Width":8,"Actual Startup Time":0.006,"Actual Total Time":1.245,"Actual Rows":10000,"Actual Loops":1,"Output":["supplier.su_nationkey","supplier.su_suppkey"],"Shared Hit Blocks":217,"Shared Read Blocks":0,"Shared Dirtied Blocks":0,"Shared Written Blocks":0,"Local Hit Blocks":0,"Local Read Blocks":0,"Local Dirtied Blocks":0,"Local Written Blocks":0,"Temp Read Blocks":0,"Temp Written Blocks":0,"I/O Read Time":0.0,"I/O Write Time":0.0,"Temp I/O Read Time":0.0,"Temp I/O Write Time":0.0}]}]},{"Node Type":"Hash","Parent Relationship":"Inner","Parallel Aware":false,"Async Capable":false,"Startup Cost":1.93,"Total Cost":1.93,"Plan Rows":2,"Plan Width":12,"Actual Startup Time":0.023,"Actual Total Time":0.023,"Actual Rows":2,"Actual Loops":1,"Output":["n1.n_nationkey","n1.n_name"],"Hash Buckets":1024,"Original Hash Buckets":1024,"Hash Batches":1,"Original Hash Batches":1,"Peak Memory Usage":9,"Shared Hit Blocks":1,"Shared Read Blocks":0,"Shared Dirtied Blocks":0,"Shared Written Blocks":0,"Local Hit Blocks":0,"Local Read Blocks":0,"Local Dirtied Blocks":0,"Local Written Blocks":0,"Temp Read Blocks":0,"Temp Written Blocks":0,"I/O Read Time":0.0,"I/O Write Time":0.0,"Temp I/O Read Time":0.0,"Temp I/O Write Time":0.0,"Plans":[{"Node Type":"Seq Scan","Parent Relationship":"Outer","Parallel Aware":false,"Async Capable":false,"Relation Name":"nation","Schema":"public","Alias":"n1","Startup Cost":0.0,"Total Cost":1.93,"Plan Rows":2,"Plan Width":12,"Actual Startup Time":0.015,"Actual Total Time":0.02,"Actual Rows":2,"Actual Loops":1,"Output":["n1.n_nationkey","n1.n_name"],"Filter":"(((n1.n_name)::text = 'Germany'::text) OR ((n1.n_name)::text = 'Cambodia'::text))","Rows Removed by Filter":60,"Shared Hit Blocks":1,"Shared Read Blocks":0,"Shared Dirtied Blocks":0,"Shared Written Blocks":0,"Local Hit Blocks":0,"Local Read Blocks":0,"Local Dirtied Blocks":0,"Local Written Blocks":0,"Temp Read Blocks":0,"Temp Written Blocks":0,"I/O Read Time":0.0,"I/O Write Time":0.0,"Temp I/O Read Time":0.0,"Temp I/O Write Time":0.0}]}]},{"Node Type":"Hash","Parent Relationship":"Inner","Parallel Aware":false,"Async Capable":false,"Startup Cost":59559.0,"Total Cost":59559.0,"Plan Rows":2998176,"Plan Width":24,"Actual Startup Time":897.677,"Actual Total Time":897.677,"Actual Rows":2997892,"Actual Loops":1,"Output":["orders.o_entry_d","orders.o_w_id","orders.o_d_id","orders.o_id","orders.o_c_id"],"Hash Buckets":131072,"Original Hash Buckets":131072,"Hash Batches":32,"Original Hash Batches":32,"Peak Memory Usage":6539,"Shared Hit Blocks":22059,"Shared Read Blocks":0,"Shared Dirtied Blocks":0,"Shared Written Blocks":0,"Local Hit Blocks":0,"Local Read Blocks":0,"Local Dirtied Blocks":0,"Local Written Blocks":0,"Temp Read Blocks":0,"Temp Written Blocks":16995,"I/O Read Time":0.0,"I/O Write Time":0.0,"Temp I/O Read Time":0.0,"Temp I/O Write Time":72.57,"Plans":[{"Node Type":"Seq Scan","Parent Relationship":"Outer","Parallel Aware":false,"Async Capable":false,"Relation Name":"orders","Schema":"public","Alias":"orders","Startup Cost":0.0,"Total Cost":59559.0,"Plan Rows":2998176,"Plan Width":24,"Actual Startup Time":0.012,"Actual Total Time":366.54,"Actual Rows":2997892,"Actual Loops":1,"Output":["orders.o_entry_d","orders.o_w_id","orders.o_d_id","orders.o_id","orders.o_c_id"],"Filter":"(orders.o_entry_d >= '1992-01-02 20:10:02.27764'::timestamp without time zone)","Rows Removed by Filter":2108,"Shared Hit Blocks":22059,"Shared Read Blocks":0,"Shared Dirtied Blocks":0,"Shared Written Blocks":0,"Local Hit Blocks":0,"Local Read Blocks":0,"Local Dirtied Blocks":0,"Local Written Blocks":0,"Temp Read Blocks":0,"Temp Written Blocks":0,"I/O Read Time":0.0,"I/O Write Time":0.0,"Temp I/O Read Time":0.0,"Temp I/O Write Time":0.0}]}]}]},{"Node Type":"Materialize","Parent Relationship":"Inner","Parallel Aware":false,"Async Capable":false,"Startup Cost":278013.7,"Total Cost":278497.53,"Plan Rows":96766,"Plan Width":20,"Actual Startup Time":950.32,"Actual Total Time":982.993,"Actual Rows":146547,"Actual Loops":1,"Output":["customer.c_nationkey","customer.c_id","customer.c_w_id","customer.c_d_id","n2.n_name"],"Shared Hit Blocks":229605,"Shared Read Blocks":0,"Shared Dirtied Blocks":0,"Shared Written Blocks":0,"Local Hit Blocks":0,"Local Read Blocks":0,"Local Dirtied Blocks":0,"Local Written Blocks":0,"Temp Read Blocks":545,"Temp Written Blocks":548,"I/O Read Time":0.0,"I/O Write Time":0.0,"Temp I/O Read Time":0.776,"Temp I/O Write Time":2.128,"Plans":[{"Node Type":"Sort","Parent Relationship":"Outer","Parallel Aware":false,"Async Capable":false,"Startup Cost":278013.7,"Total Cost":278255.62,"Plan Rows":96766,"Plan Width":20,"Actual Startup Time":950.312,"Actual Total Time":967.218,"Actual Rows":144982,"Actual Loops":1,"Output":["customer.c_nationkey","customer.c_id","customer.c_w_id","customer.c_d_id","n2.n_name"],"Sort Key":["customer.c_id","customer.c_w_id","customer.c_d_id"],"Sort Method":"external merge","Sort Space Used":4360,"Sort Space Type":"Disk","Shared Hit Blocks":229605,"Shared Read Blocks":0,"Shared Dirtied Blocks":0,"Shared Written Blocks":0,"Local Hit Blocks":0,"Local Read Blocks":0,"Local Dirtied Blocks":0,"Local Written Blocks":0,"Temp Read Blocks":545,"Temp Written Blocks":548,"I/O Read Time":0.0,"I/O Write Time":0.0,"Temp I/O Read Time":0.776,"Temp I/O Write Time":2.128,"Plans":[{"Node Type":"Hash Join","Parent Relationship":"Outer","Parallel Aware":false,"Async Capable":false,"Join Type":"Inner","Startup Cost":1.95,"Total Cost":268015.91,"Plan Rows":96766,"Plan Width":20,"Actual Startup Time":0.102,"Actual Total Time":895.332,"Actual Rows":144986,"Actual Loops":1,"Output":["customer.c_nationkey","customer.c_id","customer.c_w_id","customer.c_d_id","n2.n_name"],"Inner Unique":true,"Hash Cond":"(customer.c_nationkey = n2.n_nationkey)","Shared Hit Blocks":229605,"Shared Read Blocks":0,"Shared Dirtied Blocks":0,"Shared Written Blocks":0,"Local Hit Blocks":0,"Local Read Blocks":0,"Local Dirtied Blocks":0,"Local Written Blocks":0,"Temp Read Blocks":0,"Temp Written Blocks":0,"I/O Read Time":0.0,"I/O Write Time":0.0,"Temp I/O Read Time":0.0,"Temp I/O Write Time":0.0,"Plans":[{"Node Type":"Seq Scan","Parent Relationship":"Outer","Parallel Aware":false,"Async Capable":false,"Relation Name":"customer","Schema":"public","Alias":"customer","Startup Cost":0.0,"Total Cost":259601.38,"Plan Rows":2999738,"Plan Width":12,"Actual Startup Time":0.029,"Actual Total Time":359.051,"Actual Rows":3000000,"Actual Loops":1,"Output":["customer.c_id","customer.c_d_id","customer.c_w_id","customer.c_nationkey","customer.c_first","customer.c_middle","customer.c_last","customer.c_street_1","customer.c_street_2","customer.c_city","customer.c_state","customer.c_zip","customer.c_phone","customer.c_since","customer.c_credit","customer.c_credit_lim","customer.c_discount","customer.c_balance","customer.c_ytd_payment","customer.c_payment_cnt","customer.c_delivery_cnt","customer.c_data"],"Shared Hit Blocks":229604,"Shared Read Blocks":0,"Shared Dirtied Blocks":0,"Shared Written Blocks":0,"Local Hit Blocks":0,"Local Read Blocks":0,"Local Dirtied Blocks":0,"Local Written Blocks":0,"Temp Read Blocks":0,"Temp Written Blocks":0,"I/O Read Time":0.0,"I/O Write Time":0.0,"Temp I/O Read Time":0.0,"Temp I/O Write Time":0.0},{"Node Type":"Hash","Parent Relationship":"Inner","Parallel Aware":false,"Async Capable":false,"Startup Cost":1.93,"Total Cost":1.93,"Plan Rows":2,"Plan Width":12,"Actual Startup Time":0.024,"Actual Total Time":0.024,"Actual Rows":2,"Actual Loops":1,"Output":["n2.n_nationkey","n2.n_name"],"Hash Buckets":1024,"Original Hash Buckets":1024,"Hash Batches":1,"Original Hash Batches":1,"Peak Memory Usage":9,"Shared Hit Blocks":1,"Shared Read Blocks":0,"Shared Dirtied Blocks":0,"Shared Written Blocks":0,"Local Hit Blocks":0,"Local Read Blocks":0,"Local Dirtied Blocks":0,"Local Written Blocks":0,"Temp Read Blocks":0,"Temp Written Blocks":0,"I/O Read Time":0.0,"I/O Write Time":0.0,"Temp I/O Read Time":0.0,"Temp I/O Write Time":0.0,"Plans":[{"Node Type":"Seq Scan","Parent Relationship":"Outer","Parallel Aware":false,"Async Capable":false,"Relation Name":"nation","Schema":"public","Alias":"n2","Startup Cost":0.0,"Total Cost":1.93,"Plan Rows":2,"Plan Width":12,"Actual Startup Time":0.015,"Actual Total Time":0.02,"Actual Rows":2,"Actual Loops":1,"Output":["n2.n_nationkey","n2.n_name"],"Filter":"(((n2.n_name)::text = 'Cambodia'::text) OR ((n2.n_name)::text = 'Germany'::text))","Rows Removed by Filter":60,"Shared Hit Blocks":1,"Shared Read Blocks":0,"Shared Dirtied Blocks":0,"Shared Written Blocks":0,"Local Hit Blocks":0,"Local Read Blocks":0,"Local Dirtied Blocks":0,"Local Written Blocks":0,"Temp Read Blocks":0,"Temp Written Blocks":0,"I/O Read Time":0.0,"I/O Write Time":0.0,"Temp I/O Read Time":0.0,"Temp I/O Write Time":0.0}]}]}]}]}]}]}]},"Planning":{"Shared Hit Blocks":12,"Shared Read Blocks":0,"Shared Dirtied Blocks":0,"Shared Written Blocks":0,"Local Hit Blocks":0,"Local Read Blocks":0,"Local Dirtied Blocks":0,"Local Written Blocks":0,"Temp Read Blocks":0,"Temp Written Blocks":0,"I/O Read Time":0.0,"I/O Write Time":0.0,"Temp I/O Read Time":0.0,"Temp I/O Write Time":0.0},"Planning Time":2.156,"Triggers":[],"Execution Time":14085.992}]
[列存组合]: order_line
[{"Plan":{"Node Type":"Aggregate","Strategy":"Sorted","Partial Mode":"Simple","Parallel Aware":false,"Async Capable":false,"Startup Cost":1920251.42,"Total Cost":1920373.03,"Plan Rows":4422,"Plan Width":72,"Actual Startup Time":15674.417,"Actual Total Time":15675.705,"Actual Rows":6,"Actual Loops":1,"Output":["supplier.su_nationkey","customer.c_nationkey","(EXTRACT(year FROM orders.o_entry_d))","sum(order_line.ol_amount)"],"Group Key":["supplier.su_nationkey","customer.c_nationkey","(EXTRACT(year FROM orders.o_entry_d))"],"Shared Hit Blocks":279220,"Shared Read Blocks":0,"Shared Dirtied Blocks":0,"Shared Written Blocks":0,"Local Hit Blocks":0,"Local Read Blocks":0,"Local Dirtied Blocks":0,"Local Written Blocks":0,"Temp Read Blocks":103732,"Temp Written Blocks":103741,"I/O Read Time":0.0,"I/O Write Time":0.0,"Temp I/O Read Time":171.524,"Temp I/O Write Time":480.959,"Plans":[{"Node Type":"Sort","Parent Relationship":"Outer","Parallel Aware":false,"Async Capable":false,"Startup Cost":1920251.42,"Total Cost":1920262.48,"Plan Rows":4422,"Plan Width":44,"Actual Startup Time":15674.357,"Actual Total Time":15674.633,"Actual Rows":6043,"Actual Loops":1,"Output":["supplier.su_nationkey","customer.c_nationkey","(EXTRACT(year FROM orders.o_entry_d))","order_line.ol_amount"],"Sort Key":["supplier.su_nationkey","customer.c_nationkey","(EXTRACT(year FROM orders.o_entry_d))"],"Sort Method":"quicksort","Sort Space Used":523,"Sort Space Type":"Memory","Shared Hit Blocks":279220,"Shared Read Blocks":0,"Shared Dirtied Blocks":0,"Shared Written Blocks":0,"Local Hit Blocks":0,"Local Read Blocks":0,"Local Dirtied Blocks":0,"Local Written Blocks":0,"Temp Read Blocks":103732,"Temp Written Blocks":103741,"I/O Read Time":0.0,"I/O Write Time":0.0,"Temp I/O Read Time":171.524,"Temp I/O Write Time":480.959,"Plans":[{"Node Type":"Merge Join","Parent Relationship":"Outer","Parallel Aware":false,"Async Capable":false,"Join Type":"Inner","Startup Cost":1915891.28,"Total Cost":1919983.66,"Plan Rows":4422,"Plan Width":44,"Actual Startup Time":15520.842,"Actual Total Time":15672.919,"Actual Rows":6043,"Actual Loops":1,"Output":["supplier.su_nationkey","customer.c_nationkey","EXTRACT(year FROM orders.o_entry_d)","order_line.ol_amount"],"Inner Unique":false,"Merge Cond":"((orders.o_c_id = customer.c_id) AND (order_line.ol_w_id = customer.c_w_id) AND (order_line.ol_d_id = customer.c_d_id))","Join Filter":"((((n1.n_name)::text = 'Germany'::text) AND ((n2.n_name)::text = 'Cambodia'::text)) OR (((n1.n_name)::text = 'Cambodia'::text) AND ((n2.n_name)::text = 'Germany'::text)))","Rows Removed by Join Filter":5752,"Shared Hit Blocks":279220,"Shared Read Blocks":0,"Shared Dirtied Blocks":0,"Shared Written Blocks":0,"Local Hit Blocks":0,"Local Read Blocks":0,"Local Dirtied Blocks":0,"Local Written Blocks":0,"Temp Read Blocks":103732,"Temp Written Blocks":103741,"I/O Read Time":0.0,"I/O Write Time":0.0,"Temp I/O Read Time":171.524,"Temp I/O Write Time":480.959,"Plans":[{"Node Type":"Sort","Parent Relationship":"Outer","Parallel Aware":false,"Async Capable":false,"Startup Cost":1637877.47,"Total Cost":1638552.03,"Plan Rows":269824,"Plan Width":36,"Actual Startup Time":14648.446,"Actual Total Time":14719.578,"Actual Rows":242214,"Actual Loops":1,"Output":["supplier.su_nationkey","order_line.ol_amount","order_line.ol_w_id","order_line.ol_d_id","orders.o_entry_d","orders.o_w_id","orders.o_d_id","orders.o_c_id","n1.n_name"],"Sort Key":["orders.o_c_id","order_line.ol_w_id","order_line.ol_d_id"],"Sort Method":"external merge","Sort Space Used":11984,"Sort Space Type":"Disk","Shared Hit Blocks":49615,"Shared Read Blocks":0,"Shared Dirtied Blocks":0,"Shared Written Blocks":0,"Local Hit Blocks":0,"Local Read Blocks":0,"Local Dirtied Blocks":0,"Local Written Blocks":0,"Temp Read Blocks":103187,"Temp Written Blocks":103193,"I/O Read Time":0.0,"I/O Write Time":0.0,"Temp I/O Read Time":170.711,"Temp I/O Write Time":478.813,"Plans":[{"Node Type":"Hash Join","Parent Relationship":"Outer","Parallel Aware":false,"Async Capable":false,"Join Type":"Inner","Startup Cost":578816.33,"Total Cost":1606159.11,"Plan Rows":269824,"Plan Width":36,"Actual Startup Time":2991.682,"Actual Total Time":14520.498,"Actual Rows":242214,"Actual Loops":1,"Output":["supplier.su_nationkey","order_line.ol_amount","order_line.ol_w_id","order_line.ol_d_id","orders.o_entry_d","orders.o_w_id","orders.o_d_id","orders.o_c_id","n1.n_name"],"Inner Unique":true,"Hash Cond":"((order_line.ol_w_id = orders.o_w_id) AND (order_line.ol_d_id = orders.o_d_id) AND (order_line.ol_o_id = orders.o_id))","Shared Hit Blocks":49615,"Shared Read Blocks":0,"Shared Dirtied Blocks":0,"Shared Written Blocks":0,"Local Hit Blocks":0,"Local Read Blocks":0,"Local Dirtied Blocks":0,"Local Written Blocks":0,"Temp Read Blocks":101689,"Temp Written Blocks":101689,"I/O Read Time":0.0,"I/O Write Time":0.0,"Temp I/O Read Time":168.484,"Temp I/O Write Time":473.209,"Plans":[{"Node Type":"Hash Join","Parent Relationship":"Outer","Parallel Aware":false,"Async Capable":false,"Join Type":"Inner","Startup Cost":449221.25,"Total Cost":1453177.87,"Plan Rows":269988,"Plan Width":28,"Actual Startup Time":2081.786,"Actual Total Time":13268.091,"Actual Rows":242214,"Actual Loops":1,"Output":["supplier.su_nationkey","order_line.ol_amount","order_line.ol_w_id","order_line.ol_d_id","order_line.ol_o_id","n1.n_name"],"Inner Unique":true,"Hash Cond":"(supplier.su_nationkey = n1.n_nationkey)","Shared Hit Blocks":27556,"Shared Read Blocks":0,"Shared Dirtied Blocks":0,"Shared Written Blocks":0,"Local Hit Blocks":0,"Local Read Blocks":0,"Local Dirtied Blocks":0,"Local Written Blocks":0,"Temp Read Blocks":83145,"Temp Written Blocks":83145,"I/O Read Time":0.0,"I/O Write Time":0.0,"Temp I/O Read Time":138.832,"Temp I/O Write Time":386.065,"Plans":[{"Node Type":"Hash Join","Parent Relationship":"Outer","Parallel Aware":false,"Async Capable":false,"Join Type":"Inner","Startup Cost":449219.29,"Total Cost":1429703.81,"Plan Rows":8369638,"Plan Width":20,"Actual Startup Time":2079.691,"Actual Total Time":12625.103,"Actual Rows":8570498,"Actual Loops":1,"Output":["supplier.su_nationkey","order_line.ol_amount","order_line.ol_w_id","order_line.ol_d_id","order_line.ol_o_id"],"Inner Unique":true,"Hash Cond":"(mod((stock.s_w_id * stock.s_i_id), 10000) = supplier.su_suppkey)","Shared Hit Blocks":27555,"Shared Read Blocks":0,"Shared Dirtied Blocks":0,"Shared Written Blocks":0,"Local Hit Blocks":0,"Local Read Blocks":0,"Local Dirtied Blocks":0,"Local Written Blocks":0,"Temp Read Blocks":83145,"Temp Written Blocks":83145,"I/O Read Time":0.0,"I/O Write Time":0.0,"Temp I/O Read Time":138.832,"Temp I/O Write Time":386.065,"Plans":[{"Node Type":"Hash Join","Parent Relationship":"Outer","Parallel Aware":false,"Async Capable":false,"Join Type":"Inner","Startup Cost":448777.29,"Total Cost":1405187.91,"Plan Rows":8369638,"Plan Width":22,"Actual Startup Time":2077.178,"Actual Total Time":10862.605,"Actual Rows":8570498,"Actual Loops":1,"Output":["stock.s_w_id","stock.s_i_id","order_line.ol_amount","order_line.ol_w_id","order_line.ol_d_id","order_line.ol_o_id"],"Inner Unique":true,"Hash Cond":"((order_line.ol_supply_w_id = stock.s_w_id) AND (order_line.ol_i_id = stock.s_i_id))","Shared Hit Blocks":27338,"Shared Read Blocks":0,"Shared Dirtied Blocks":0,"Shared Written Blocks":0,"Local Hit Blocks":0,"Local Read Blocks":0,"Local Dirtied Blocks":0,"Local Written Blocks":0,"Temp Read Blocks":83145,"Temp Written Blocks":83145,"I/O Read Time":0.0,"I/O Write Time":0.0,"Temp I/O Read Time":138.832,"Temp I/O Write Time":386.065,"Plans":[{"Node Type":"Append","Parent Relationship":"Outer","Parallel Aware":false,"Async Capable":false,"Startup Cost":20.0,"Total Cost":775344.0,"Plan Rows":8369638,"Plan Width":22,"Actual Startup Time":0.206,"Actual Total Time":1683.191,"Actual Rows":8570498,"Actual Loops":1,"Shared Hit Blocks":0,"Shared Read Blocks":0,"Shared Dirtied Blocks":0,"Shared Written Blocks":0,"Local Hit Blocks":0,"Local Read Blocks":0,"Local Dirtied Blocks":0,"Local Written Blocks":0,"Temp Read Blocks":0,"Temp Written Blocks":0,"I/O Read Time":0.0,"I/O Write Time":0.0,"Temp I/O Read Time":0.0,"Temp I/O Write Time":0.0,"Subplans Removed":0,"Plans":[{"Node Type":"Custom Scan","Parent Relationship":"Member","Custom Plan Provider":"columnar scan","Parallel Aware":false,"Async Capable":false,"Relation Name":"order_line","Schema":"public","Alias":"order_line","Startup Cost":20.0,"Total Cost":230185.68,"Plan Rows":8369621,"Plan Width":22,"Actual Startup Time":0.204,"Actual Total Time":1075.541,"Actual Rows":8570498,"Actual Loops":1,"Output":["order_line.ol_amount","order_line.ol_supply_w_id","order_line.ol_i_id","order_line.ol_w_id","order_line.ol_d_id","order_line.ol_o_id"],"Filter":"((order_line.ol_delivery_d <= '1997-01-01 20:10:02.27764'::timestamp without time zone) AND (order_line.ol_delivery_d >= '1995-01-02 20:10:02.27764'::timestamp without time zone))","Rows Removed by Filter":0,"Rows Removed by Columnar Filter":21427234,"Columnar projection mode":"late materialization","Columnar cache search mode":"native","Shared Hit Blocks":0,"Shared Read Blocks":0,"Shared Dirtied Blocks":0,"Shared Written Blocks":0,"Local Hit Blocks":0,"Local Read Blocks":0,"Local Dirtied Blocks":0,"Local Written Blocks":0,"Temp Read Blocks":0,"Temp Written Blocks":0,"I/O Read Time":0.0,"I/O Write Time":0.0,"Temp I/O Read Time":0.0,"Temp I/O Write Time":0.0},{"Node Type":"Seq Scan","Parent Relationship":"Member","Parallel Aware":false,"Async Capable":false,"Relation Name":"order_line","Schema":"public","Alias":"order_line","Startup Cost":0.0,"Total Cost":4.9,"Plan Rows":17,"Plan Width":22,"Actual Startup Time":0.0,"Actual Total Time":0.0,"Actual Rows":0,"Actual Loops":0,"Output":["order_line.ol_amount","order_line.ol_supply_w_id","order_line.ol_i_id","order_line.ol_w_id","order_line.ol_d_id","order_line.ol_o_id"],"Filter":"((order_line.ol_delivery_d <= '1997-01-01 20:10:02.27764'::timestamp without time zone) AND (order_line.ol_delivery_d >= '1995-01-02 20:10:02.27764'::timestamp without time zone))","Rows Removed by Filter":0,"Shared Hit Blocks":0,"Shared Read Blocks":0,"Shared Dirtied Blocks":0,"Shared Written Blocks":0,"Local Hit Blocks":0,"Local Read Blocks":0,"Local Dirtied Blocks":0,"Local Written Blocks":0,"Temp Read Blocks":0,"Temp Written Blocks":0,"I/O Read Time":0.0,"I/O Write Time":0.0,"Temp I/O Read Time":0.0,"Temp I/O Write Time":0.0}]},{"Node Type":"Hash","Parent Relationship":"Inner","Parallel Aware":false,"Async Capable":false,"Startup Cost":259690.86,"Total Cost":259690.86,"Plan Rows":10000162,"Plan Width":6,"Actual Startup Time":2075.452,"Actual Total Time":2075.452,"Actual Rows":10000000,"Actual Loops":1,"Output":["stock.s_w_id","stock.s_i_id"],"Hash Buckets":262144,"Original Hash Buckets":262144,"Hash Batches":64,"Original Hash Batches":64,"Peak Memory Usage":8133,"Shared Hit Blocks":27338,"Shared Read Blocks":0,"Shared Dirtied Blocks":0,"Shared Written Blocks":0,"Local Hit Blocks":0,"Local Read Blocks":0,"Local Dirtied Blocks":0,"Local Written Blocks":0,"Temp Read Blocks":0,"Temp Written Blocks":33616,"I/O Read Time":0.0,"I/O Write Time":0.0,"Temp I/O Read Time":0.0,"Temp I/O Write Time":152.9,"Plans":[{"Node Type":"Index Only Scan","Parent Relationship":"Outer","Parallel Aware":false,"Async Capable":false,"Scan Direction":"Forward","Index Name":"stock_pk","Relation Name":"stock","Schema":"public","Alias":"stock","Startup Cost":0.43,"Total Cost":259690.86,"Plan Rows":10000162,"Plan Width":6,"Actual Startup Time":0.027,"Actual Total Time":720.901,"Actual Rows":10000000,"Actual Loops":1,"Output":["stock.s_w_id","stock.s_i_id"],"Heap Fetches":0,"Shared Hit Blocks":27338,"Shared Read Blocks":0,"Shared Dirtied Blocks":0,"Shared Written Blocks":0,"Local Hit Blocks":0,"Local Read Blocks":0,"Local Dirtied Blocks":0,"Local Written Blocks":0,"Temp Read Blocks":0,"Temp Written Blocks":0,"I/O Read Time":0.0,"I/O Write Time":0.0,"Temp I/O Read Time":0.0,"Temp I/O Write Time":0.0}]}]},{"Node Type":"Hash","Parent Relationship":"Inner","Parallel Aware":false,"Async Capable":false,"Startup Cost":317.0,"Total Cost":317.0,"Plan Rows":10000,"Plan Width":8,"Actual Startup Time":2.464,"Actual Total Time":2.464,"Actual Rows":10000,"Actual Loops":1,"Output":["supplier.su_nationkey","supplier.su_suppkey"],"Hash Buckets":16384,"Original Hash Buckets":16384,"Hash Batches":1,"Original Hash Batches":1,"Peak Memory Usage":519,"Shared Hit Blocks":217,"Shared Read Blocks":0,"Shared Dirtied Blocks":0,"Shared Written Blocks":0,"Local Hit Blocks":0,"Local Read Blocks":0,"Local Dirtied Blocks":0,"Local Written Blocks":0,"Temp Read Blocks":0,"Temp Written Blocks":0,"I/O Read Time":0.0,"I/O Write Time":0.0,"Temp I/O Read Time":0.0,"Temp I/O Write Time":0.0,"Plans":[{"Node Type":"Seq Scan","Parent Relationship":"Outer","Parallel Aware":false,"Async Capable":false,"Relation Name":"supplier","Schema":"public","Alias":"supplier","Startup Cost":0.0,"Total Cost":317.0,"Plan Rows":10000,"Plan Width":8,"Actual Startup Time":0.008,"Actual Total Time":1.247,"Actual Rows":10000,"Actual Loops":1,"Output":["supplier.su_nationkey","supplier.su_suppkey"],"Shared Hit Blocks":217,"Shared Read Blocks":0,"Shared Dirtied Blocks":0,"Shared Written Blocks":0,"Local Hit Blocks":0,"Local Read Blocks":0,"Local Dirtied Blocks":0,"Local Written Blocks":0,"Temp Read Blocks":0,"Temp Written Blocks":0,"I/O Read Time":0.0,"I/O Write Time":0.0,"Temp I/O Read Time":0.0,"Temp I/O Write Time":0.0}]}]},{"Node Type":"Hash","Parent Relationship":"Inner","Parallel Aware":false,"Async Capable":false,"Startup Cost":1.93,"Total Cost":1.93,"Plan Rows":2,"Plan Width":12,"Actual Startup Time":0.022,"Actual Total Time":0.025,"Actual Rows":2,"Actual Loops":1,"Output":["n1.n_nationkey","n1.n_name"],"Hash Buckets":1024,"Original Hash Buckets":1024,"Hash Batches":1,"Original Hash Batches":1,"Peak Memory Usage":9,"Shared Hit Blocks":1,"Shared Read Blocks":0,"Shared Dirtied Blocks":0,"Shared Written Blocks":0,"Local Hit Blocks":0,"Local Read Blocks":0,"Local Dirtied Blocks":0,"Local Written Blocks":0,"Temp Read Blocks":0,"Temp Written Blocks":0,"I/O Read Time":0.0,"I/O Write Time":0.0,"Temp I/O Read Time":0.0,"Temp I/O Write Time":0.0,"Plans":[{"Node Type":"Seq Scan","Parent Relationship":"Outer","Parallel Aware":false,"Async Capable":false,"Relation Name":"nation","Schema":"public","Alias":"n1","Startup Cost":0.0,"Total Cost":1.93,"Plan Rows":2,"Plan Width":12,"Actual Startup Time":0.014,"Actual Total Time":0.018,"Actual Rows":2,"Actual Loops":1,"Output":["n1.n_nationkey","n1.n_name"],"Filter":"(((n1.n_name)::text = 'Germany'::text) OR ((n1.n_name)::text = 'Cambodia'::text))","Rows Removed by Filter":60,"Shared Hit Blocks":1,"Shared Read Blocks":0,"Shared Dirtied Blocks":0,"Shared Written Blocks":0,"Local Hit Blocks":0,"Local Read Blocks":0,"Local Dirtied Blocks":0,"Local Written Blocks":0,"Temp Read Blocks":0,"Temp Written Blocks":0,"I/O Read Time":0.0,"I/O Write Time":0.0,"Temp I/O Read Time":0.0,"Temp I/O Write Time":0.0}]}]},{"Node Type":"Hash","Parent Relationship":"Inner","Parallel Aware":false,"Async Capable":false,"Startup Cost":59559.0,"Total Cost":59559.0,"Plan Rows":2998176,"Plan Width":24,"Actual Startup Time":902.291,"Actual Total Time":902.293,"Actual Rows":2997892,"Actual Loops":1,"Output":["orders.o_entry_d","orders.o_w_id","orders.o_d_id","orders.o_id","orders.o_c_id"],"Hash Buckets":131072,"Original Hash Buckets":131072,"Hash Batches":32,"Original Hash Batches":32,"Peak Memory Usage":6539,"Shared Hit Blocks":22059,"Shared Read Blocks":0,"Shared Dirtied Blocks":0,"Shared Written Blocks":0,"Local Hit Blocks":0,"Local Read Blocks":0,"Local Dirtied Blocks":0,"Local Written Blocks":0,"Temp Read Blocks":0,"Temp Written Blocks":16995,"I/O Read Time":0.0,"I/O Write Time":0.0,"Temp I/O Read Time":0.0,"Temp I/O Write Time":76.111,"Plans":[{"Node Type":"Seq Scan","Parent Relationship":"Outer","Parallel Aware":false,"Async Capable":false,"Relation Name":"orders","Schema":"public","Alias":"orders","Startup Cost":0.0,"Total Cost":59559.0,"Plan Rows":2998176,"Plan Width":24,"Actual Startup Time":0.014,"Actual Total Time":365.647,"Actual Rows":2997892,"Actual Loops":1,"Output":["orders.o_entry_d","orders.o_w_id","orders.o_d_id","orders.o_id","orders.o_c_id"],"Filter":"(orders.o_entry_d >= '1992-01-02 20:10:02.27764'::timestamp without time zone)","Rows Removed by Filter":2108,"Shared Hit Blocks":22059,"Shared Read Blocks":0,"Shared Dirtied Blocks":0,"Shared Written Blocks":0,"Local Hit Blocks":0,"Local Read Blocks":0,"Local Dirtied Blocks":0,"Local Written Blocks":0,"Temp Read Blocks":0,"Temp Written Blocks":0,"I/O Read Time":0.0,"I/O Write Time":0.0,"Temp I/O Read Time":0.0,"Temp I/O Write Time":0.0}]}]}]},{"Node Type":"Materialize","Parent Relationship":"Inner","Parallel Aware":false,"Async Capable":false,"Startup Cost":278013.7,"Total Cost":278497.53,"Plan Rows":96766,"Plan Width":20,"Actual Startup Time":872.357,"Actual Total Time":905.458,"Actual Rows":146547,"Actual Loops":1,"Output":["customer.c_nationkey","customer.c_id","customer.c_w_id","customer.c_d_id","n2.n_name"],"Shared Hit Blocks":229605,"Shared Read Blocks":0,"Shared Dirtied Blocks":0,"Shared Written Blocks":0,"Local Hit Blocks":0,"Local Read Blocks":0,"Local Dirtied Blocks":0,"Local Written Blocks":0,"Temp Read Blocks":545,"Temp Written Blocks":548,"I/O Read Time":0.0,"I/O Write Time":0.0,"Temp I/O Read Time":0.813,"Temp I/O Write Time":2.146,"Plans":[{"Node Type":"Sort","Parent Relationship":"Outer","Parallel Aware":false,"Async Capable":false,"Startup Cost":278013.7,"Total Cost":278255.62,"Plan Rows":96766,"Plan Width":20,"Actual Startup Time":872.351,"Actual Total Time":889.271,"Actual Rows":144982,"Actual Loops":1,"Output":["customer.c_nationkey","customer.c_id","customer.c_w_id","customer.c_d_id","n2.n_name"],"Sort Key":["customer.c_id","customer.c_w_id","customer.c_d_id"],"Sort Method":"external merge","Sort Space Used":4360,"Sort Space Type":"Disk","Shared Hit Blocks":229605,"Shared Read Blocks":0,"Shared Dirtied Blocks":0,"Shared Written Blocks":0,"Local Hit Blocks":0,"Local Read Blocks":0,"Local Dirtied Blocks":0,"Local Written Blocks":0,"Temp Read Blocks":545,"Temp Written Blocks":548,"I/O Read Time":0.0,"I/O Write Time":0.0,"Temp I/O Read Time":0.813,"Temp I/O Write Time":2.146,"Plans":[{"Node Type":"Hash Join","Parent Relationship":"Outer","Parallel Aware":false,"Async Capable":false,"Join Type":"Inner","Startup Cost":1.95,"Total Cost":268015.91,"Plan Rows":96766,"Plan Width":20,"Actual Startup Time":0.102,"Actual Total Time":817.581,"Actual Rows":144986,"Actual Loops":1,"Output":["customer.c_nationkey","customer.c_id","customer.c_w_id","customer.c_d_id","n2.n_name"],"Inner Unique":true,"Hash Cond":"(customer.c_nationkey = n2.n_nationkey)","Shared Hit Blocks":229605,"Shared Read Blocks":0,"Shared Dirtied Blocks":0,"Shared Written Blocks":0,"Local Hit Blocks":0,"Local Read Blocks":0,"Local Dirtied Blocks":0,"Local Written Blocks":0,"Temp Read Blocks":0,"Temp Written Blocks":0,"I/O Read Time":0.0,"I/O Write Time":0.0,"Temp I/O Read Time":0.0,"Temp I/O Write Time":0.0,"Plans":[{"Node Type":"Seq Scan","Parent Relationship":"Outer","Parallel Aware":false,"Async Capable":false,"Relation Name":"customer","Schema":"public","Alias":"customer","Startup Cost":0.0,"Total Cost":259601.38,"Plan Rows":2999738,"Plan Width":12,"Actual Startup Time":0.027,"Actual Total Time":358.2,"Actual Rows":3000000,"Actual Loops":1,"Output":["customer.c_id","customer.c_d_id","customer.c_w_id","customer.c_nationkey","customer.c_first","customer.c_middle","customer.c_last","customer.c_street_1","customer.c_street_2","customer.c_city","customer.c_state","customer.c_zip","customer.c_phone","customer.c_since","customer.c_credit","customer.c_credit_lim","customer.c_discount","customer.c_balance","customer.c_ytd_payment","customer.c_payment_cnt","customer.c_delivery_cnt","customer.c_data"],"Shared Hit Blocks":229604,"Shared Read Blocks":0,"Shared Dirtied Blocks":0,"Shared Written Blocks":0,"Local Hit Blocks":0,"Local Read Blocks":0,"Local Dirtied Blocks":0,"Local Written Blocks":0,"Temp Read Blocks":0,"Temp Written Blocks":0,"I/O Read Time":0.0,"I/O Write Time":0.0,"Temp I/O Read Time":0.0,"Temp I/O Write Time":0.0},{"Node Type":"Hash","Parent Relationship":"Inner","Parallel Aware":false,"Async Capable":false,"Startup Cost":1.93,"Total Cost":1.93,"Plan Rows":2,"Plan Width":12,"Actual Startup Time":0.028,"Actual Total Time":0.028,"Actual Rows":2,"Actual Loops":1,"Output":["n2.n_nationkey","n2.n_name"],"Hash Buckets":1024,"Original Hash Buckets":1024,"Hash Batches":1,"Original Hash Batches":1,"Peak Memory Usage":9,"Shared Hit Blocks":1,"Shared Read Blocks":0,"Shared Dirtied Blocks":0,"Shared Written Blocks":0,"Local Hit Blocks":0,"Local Read Blocks":0,"Local Dirtied Blocks":0,"Local Written Blocks":0,"Temp Read Blocks":0,"Temp Written Blocks":0,"I/O Read Time":0.0,"I/O Write Time":0.0,"Temp I/O Read Time":0.0,"Temp I/O Write Time":0.0,"Plans":[{"Node Type":"Seq Scan","Parent Relationship":"Outer","Parallel Aware":false,"Async Capable":false,"Relation Name":"nation","Schema":"public","Alias":"n2","Startup Cost":0.0,"Total Cost":1.93,"Plan Rows":2,"Plan Width":12,"Actual Startup Time":0.018,"Actual Total Time":0.022,"Actual Rows":2,"Actual Loops":1,"Output":["n2.n_nationkey","n2.n_name"],"Filter":"(((n2.n_name)::text = 'Cambodia'::text) OR ((n2.n_name)::text = 'Germany'::text))","Rows Removed by Filter":60,"Shared Hit Blocks":1,"Shared Read Blocks":0,"Shared Dirtied Blocks":0,"Shared Written Blocks":0,"Local Hit Blocks":0,"Local Read Blocks":0,"Local Dirtied Blocks":0,"Local Written Blocks":0,"Temp Read Blocks":0,"Temp Written Blocks":0,"I/O Read Time":0.0,"I/O Write Time":0.0,"Temp I/O Read Time":0.0,"Temp I/O Write Time":0.0}]}]}]}]}]}]}]},"Planning":{"Shared Hit Blocks":12,"Shared Read Blocks":0,"Shared Dirtied Blocks":0,"Shared Written Blocks":0,"Local Hit Blocks":0,"Local Read Blocks":0,"Local Dirtied Blocks":0,"Local Written Blocks":0,"Temp Read Blocks":0,"Temp Written Blocks":0,"I/O Read Time":0.0,"I/O Write Time":0.0,"Temp I/O Read Time":0.0,"Temp I/O Write Time":0.0},"Planning Time":2.795,"Triggers":[],"Execution Time":15678.76}]
[列存组合]: orders
[{"Plan":{"Node Type":"Aggregate","Strategy":"Sorted","Partial Mode":"Simple","Parallel Aware":false,"Async Capable":false,"Startup Cost":1935758.3,"Total Cost":1935879.91,"Plan Rows":4422,"Plan Width":72,"Actual Startup Time":14011.428,"Actual Total Time":14012.687,"Actual Rows":6,"Actual Loops":1,"Output":["supplier.su_nationkey","customer.c_nationkey","(EXTRACT(year FROM orders.o_entry_d))","sum(order_line.ol_amount)"],"Group Key":["supplier.su_nationkey","customer.c_nationkey","(EXTRACT(year FROM orders.o_entry_d))"],"Shared Hit Blocks":620104,"Shared Read Blocks":0,"Shared Dirtied Blocks":0,"Shared Written Blocks":0,"Local Hit Blocks":0,"Local Read Blocks":0,"Local Dirtied Blocks":0,"Local Written Blocks":0,"Temp Read Blocks":99613,"Temp Written Blocks":99622,"I/O Read Time":0.0,"I/O Write Time":0.0,"Temp I/O Read Time":158.028,"Temp I/O Write Time":447.565,"Plans":[{"Node Type":"Sort","Parent Relationship":"Outer","Parallel Aware":false,"Async Capable":false,"Startup Cost":1935758.3,"Total Cost":1935769.36,"Plan Rows":4422,"Plan Width":44,"Actual Startup Time":14011.369,"Actual Total Time":14011.625,"Actual Rows":6043,"Actual Loops":1,"Output":["supplier.su_nationkey","customer.c_nationkey","(EXTRACT(year FROM orders.o_entry_d))","order_line.ol_amount"],"Sort Key":["supplier.su_nationkey","customer.c_nationkey","(EXTRACT(year FROM orders.o_entry_d))"],"Sort Method":"quicksort","Sort Space Used":523,"Sort Space Type":"Memory","Shared Hit Blocks":620104,"Shared Read Blocks":0,"Shared Dirtied Blocks":0,"Shared Written Blocks":0,"Local Hit Blocks":0,"Local Read Blocks":0,"Local Dirtied Blocks":0,"Local Written Blocks":0,"Temp Read Blocks":99613,"Temp Written Blocks":99622,"I/O Read Time":0.0,"I/O Write Time":0.0,"Temp I/O Read Time":158.028,"Temp I/O Write Time":447.565,"Plans":[{"Node Type":"Merge Join","Parent Relationship":"Outer","Parallel Aware":false,"Async Capable":false,"Join Type":"Inner","Startup Cost":1931398.16,"Total Cost":1935490.54,"Plan Rows":4422,"Plan Width":44,"Actual Startup Time":13857.536,"Actual Total Time":14009.921,"Actual Rows":6043,"Actual Loops":1,"Output":["supplier.su_nationkey","customer.c_nationkey","EXTRACT(year FROM orders.o_entry_d)","order_line.ol_amount"],"Inner Unique":false,"Merge Cond":"((orders.o_c_id = customer.c_id) AND (order_line.ol_w_id = customer.c_w_id) AND (order_line.ol_d_id = customer.c_d_id))","Join Filter":"((((n1.n_name)::text = 'Germany'::text) AND ((n2.n_name)::text = 'Cambodia'::text)) OR (((n1.n_name)::text = 'Cambodia'::text) AND ((n2.n_name)::text = 'Germany'::text)))","Rows Removed by Join Filter":5752,"Shared Hit Blocks":620104,"Shared Read Blocks":0,"Shared Dirtied Blocks":0,"Shared Written Blocks":0,"Local Hit Blocks":0,"Local Read Blocks":0,"Local Dirtied Blocks":0,"Local Written Blocks":0,"Temp Read Blocks":99613,"Temp Written Blocks":99622,"I/O Read Time":0.0,"I/O Write Time":0.0,"Temp I/O Read Time":158.028,"Temp I/O Write Time":447.565,"Plans":[{"Node Type":"Sort","Parent Relationship":"Outer","Parallel Aware":false,"Async Capable":false,"Startup Cost":1653384.35,"Total Cost":1654058.91,"Plan Rows":269824,"Plan Width":36,"Actual Startup Time":12984.874,"Actual Total Time":13056.649,"Actual Rows":242214,"Actual Loops":1,"Output":["supplier.su_nationkey","order_line.ol_amount","order_line.ol_w_id","order_line.ol_d_id","orders.o_entry_d","orders.o_w_id","orders.o_d_id","orders.o_c_id","n1.n_name"],"Sort Key":["orders.o_c_id","order_line.ol_w_id","order_line.ol_d_id"],"Sort Method":"external merge","Sort Space Used":11984,"Sort Space Type":"Disk","Shared Hit Blocks":390499,"Shared Read Blocks":0,"Shared Dirtied Blocks":0,"Shared Written Blocks":0,"Local Hit Blocks":0,"Local Read Blocks":0,"Local Dirtied Blocks":0,"Local Written Blocks":0,"Temp Read Blocks":99068,"Temp Written Blocks":99074,"I/O Read Time":0.0,"I/O Write Time":0.0,"Temp I/O Read Time":157.223,"Temp I/O Write Time":445.373,"Plans":[{"Node Type":"Hash Join","Parent Relationship":"Outer","Parallel Aware":false,"Async Capable":false,"Join Type":"Inner","Startup Cost":578796.33,"Total Cost":1621665.99,"Plan Rows":269824,"Plan Width":36,"Actual Startup Time":3003.617,"Actual Total Time":12857.954,"Actual Rows":242214,"Actual Loops":1,"Output":["supplier.su_nationkey","order_line.ol_amount","order_line.ol_w_id","order_line.ol_d_id","orders.o_entry_d","orders.o_w_id","orders.o_d_id","orders.o_c_id","n1.n_name"],"Inner Unique":true,"Hash Cond":"((order_line.ol_w_id = orders.o_w_id) AND (order_line.ol_d_id = orders.o_d_id) AND (order_line.ol_o_id = orders.o_id))","Shared Hit Blocks":390499,"Shared Read Blocks":0,"Shared Dirtied Blocks":0,"Shared Written Blocks":0,"Local Hit Blocks":0,"Local Read Blocks":0,"Local Dirtied Blocks":0,"Local Written Blocks":0,"Temp Read Blocks":97570,"Temp Written Blocks":97570,"I/O Read Time":0.0,"I/O Write Time":0.0,"Temp I/O Read Time":155.001,"Temp I/O Write Time":439.809,"Plans":[{"Node Type":"Hash Join","Parent Relationship":"Outer","Parallel Aware":false,"Async Capable":false,"Join Type":"Inner","Startup Cost":449201.25,"Total Cost":1468684.75,"Plan Rows":269988,"Plan Width":28,"Actual Startup Time":2097.228,"Actual Total Time":11618.028,"Actual Rows":242214,"Actual Loops":1,"Output":["supplier.su_nationkey","order_line.ol_amount","order_line.ol_w_id","order_line.ol_d_id","order_line.ol_o_id","n1.n_name"],"Inner Unique":true,"Hash Cond":"(supplier.su_nationkey = n1.n_nationkey)","Shared Hit Blocks":368440,"Shared Read Blocks":0,"Shared Dirtied Blocks":0,"Shared Written Blocks":0,"Local Hit Blocks":0,"Local Read Blocks":0,"Local Dirtied Blocks":0,"Local Written Blocks":0,"Temp Read Blocks":79026,"Temp Written Blocks":79026,"I/O Read Time":0.0,"I/O Write Time":0.0,"Temp I/O Read Time":125.654,"Temp I/O Write Time":357.231,"Plans":[{"Node Type":"Hash Join","Parent Relationship":"Outer","Parallel Aware":false,"Async Capable":false,"Join Type":"Inner","Startup Cost":449199.29,"Total Cost":1445210.69,"Plan Rows":8369638,"Plan Width":20,"Actual Startup Time":2095.303,"Actual Total Time":11014.003,"Actual Rows":8570498,"Actual Loops":1,"Output":["supplier.su_nationkey","order_line.ol_amount","order_line.ol_w_id","order_line.ol_d_id","order_line.ol_o_id"],"Inner Unique":true,"Hash Cond":"(mod((stock.s_w_id * stock.s_i_id), 10000) = supplier.su_suppkey)","Shared Hit Blocks":368439,"Shared Read Blocks":0,"Shared Dirtied Blocks":0,"Shared Written Blocks":0,"Local Hit Blocks":0,"Local Read Blocks":0,"Local Dirtied Blocks":0,"Local Written Blocks":0,"Temp Read Blocks":79026,"Temp Written Blocks":79026,"I/O Read Time":0.0,"I/O Write Time":0.0,"Temp I/O Read Time":125.654,"Temp I/O Write Time":357.231,"Plans":[{"Node Type":"Hash Join","Parent Relationship":"Outer","Parallel Aware":false,"Async Capable":false,"Join Type":"Inner","Startup Cost":448757.29,"Total Cost":1420694.79,"Plan Rows":8369638,"Plan Width":22,"Actual Startup Time":2092.923,"Actual Total Time":9333.513,"Actual Rows":8570498,"Actual Loops":1,"Output":["stock.s_w_id","stock.s_i_id","order_line.ol_amount","order_line.ol_w_id","order_line.ol_d_id","order_line.ol_o_id"],"Inner Unique":true,"Hash Cond":"((order_line.ol_supply_w_id = stock.s_w_id) AND (order_line.ol_i_id = stock.s_i_id))","Shared Hit Blocks":368222,"Shared Read Blocks":0,"Shared Dirtied Blocks":0,"Shared Written Blocks":0,"Local Hit Blocks":0,"Local Read Blocks":0,"Local Dirtied Blocks":0,"Local Written Blocks":0,"Temp Read Blocks":79026,"Temp Written Blocks":79026,"I/O Read Time":0.0,"I/O Write Time":0.0,"Temp I/O Read Time":125.654,"Temp I/O Write Time":357.231,"Plans":[{"Node Type":"Seq Scan","Parent Relationship":"Outer","Parallel Aware":false,"Async Capable":false,"Relation Name":"order_line","Schema":"public","Alias":"order_line","Startup Cost":0.0,"Total Cost":790850.88,"Plan Rows":8369638,"Plan Width":22,"Actual Startup Time":13.205,"Actual Total Time":2858.645,"Actual Rows":8570498,"Actual Loops":1,"Output":["order_line.ol_amount","order_line.ol_supply_w_id","order_line.ol_i_id","order_line.ol_w_id","order_line.ol_d_id","order_line.ol_o_id"],"Filter":"((order_line.ol_delivery_d >= '1995-01-02 20:10:02.27764'::timestamp without time zone) AND (order_line.ol_delivery_d <= '1997-01-01 20:10:02.27764'::timestamp without time zone))","Rows Removed by Filter":21427234,"Shared Hit Blocks":340884,"Shared Read Blocks":0,"Shared Dirtied Blocks":0,"Shared Written Blocks":0,"Local Hit Blocks":0,"Local Read Blocks":0,"Local Dirtied Blocks":0,"Local Written Blocks":0,"Temp Read Blocks":0,"Temp Written Blocks":0,"I/O Read Time":0.0,"I/O Write Time":0.0,"Temp I/O Read Time":0.0,"Temp I/O Write Time":0.0},{"Node Type":"Hash","Parent Relationship":"Inner","Parallel Aware":false,"Async Capable":false,"Startup Cost":259690.86,"Total Cost":259690.86,"Plan Rows":10000162,"Plan Width":6,"Actual Startup Time":2078.388,"Actual Total Time":2078.389,"Actual Rows":10000000,"Actual Loops":1,"Output":["stock.s_w_id","stock.s_i_id"],"Hash Buckets":262144,"Original Hash Buckets":262144,"Hash Batches":64,"Original Hash Batches":64,"Peak Memory Usage":8133,"Shared Hit Blocks":27338,"Shared Read Blocks":0,"Shared Dirtied Blocks":0,"Shared Written Blocks":0,"Local Hit Blocks":0,"Local Read Blocks":0,"Local Dirtied Blocks":0,"Local Written Blocks":0,"Temp Read Blocks":0,"Temp Written Blocks":33616,"I/O Read Time":0.0,"I/O Write Time":0.0,"Temp I/O Read Time":0.0,"Temp I/O Write Time":149.478,"Plans":[{"Node Type":"Index Only Scan","Parent Relationship":"Outer","Parallel Aware":false,"Async Capable":false,"Scan Direction":"Forward","Index Name":"stock_pk","Relation Name":"stock","Schema":"public","Alias":"stock","Startup Cost":0.43,"Total Cost":259690.86,"Plan Rows":10000162,"Plan Width":6,"Actual Startup Time":0.023,"Actual Total Time":719.534,"Actual Rows":10000000,"Actual Loops":1,"Output":["stock.s_w_id","stock.s_i_id"],"Heap Fetches":0,"Shared Hit Blocks":27338,"Shared Read Blocks":0,"Shared Dirtied Blocks":0,"Shared Written Blocks":0,"Local Hit Blocks":0,"Local Read Blocks":0,"Local Dirtied Blocks":0,"Local Written Blocks":0,"Temp Read Blocks":0,"Temp Written Blocks":0,"I/O Read Time":0.0,"I/O Write Time":0.0,"Temp I/O Read Time":0.0,"Temp I/O Write Time":0.0}]}]},{"Node Type":"Hash","Parent Relationship":"Inner","Parallel Aware":false,"Async Capable":false,"Startup Cost":317.0,"Total Cost":317.0,"Plan Rows":10000,"Plan Width":8,"Actual Startup Time":2.361,"Actual Total Time":2.361,"Actual Rows":10000,"Actual Loops":1,"Output":["supplier.su_nationkey","supplier.su_suppkey"],"Hash Buckets":16384,"Original Hash Buckets":16384,"Hash Batches":1,"Original Hash Batches":1,"Peak Memory Usage":519,"Shared Hit Blocks":217,"Shared Read Blocks":0,"Shared Dirtied Blocks":0,"Shared Written Blocks":0,"Local Hit Blocks":0,"Local Read Blocks":0,"Local Dirtied Blocks":0,"Local Written Blocks":0,"Temp Read Blocks":0,"Temp Written Blocks":0,"I/O Read Time":0.0,"I/O Write Time":0.0,"Temp I/O Read Time":0.0,"Temp I/O Write Time":0.0,"Plans":[{"Node Type":"Seq Scan","Parent Relationship":"Outer","Parallel Aware":false,"Async Capable":false,"Relation Name":"supplier","Schema":"public","Alias":"supplier","Startup Cost":0.0,"Total Cost":317.0,"Plan Rows":10000,"Plan Width":8,"Actual Startup Time":0.006,"Actual Total Time":1.232,"Actual Rows":10000,"Actual Loops":1,"Output":["supplier.su_nationkey","supplier.su_suppkey"],"Shared Hit Blocks":217,"Shared Read Blocks":0,"Shared Dirtied Blocks":0,"Shared Written Blocks":0,"Local Hit Blocks":0,"Local Read Blocks":0,"Local Dirtied Blocks":0,"Local Written Blocks":0,"Temp Read Blocks":0,"Temp Written Blocks":0,"I/O Read Time":0.0,"I/O Write Time":0.0,"Temp I/O Read Time":0.0,"Temp I/O Write Time":0.0}]}]},{"Node Type":"Hash","Parent Relationship":"Inner","Parallel Aware":false,"Async Capable":false,"Startup Cost":1.93,"Total Cost":1.93,"Plan Rows":2,"Plan Width":12,"Actual Startup Time":0.021,"Actual Total Time":0.021,"Actual Rows":2,"Actual Loops":1,"Output":["n1.n_nationkey","n1.n_name"],"Hash Buckets":1024,"Original Hash Buckets":1024,"Hash Batches":1,"Original Hash Batches":1,"Peak Memory Usage":9,"Shared Hit Blocks":1,"Shared Read Blocks":0,"Shared Dirtied Blocks":0,"Shared Written Blocks":0,"Local Hit Blocks":0,"Local Read Blocks":0,"Local Dirtied Blocks":0,"Local Written Blocks":0,"Temp Read Blocks":0,"Temp Written Blocks":0,"I/O Read Time":0.0,"I/O Write Time":0.0,"Temp I/O Read Time":0.0,"Temp I/O Write Time":0.0,"Plans":[{"Node Type":"Seq Scan","Parent Relationship":"Outer","Parallel Aware":false,"Async Capable":false,"Relation Name":"nation","Schema":"public","Alias":"n1","Startup Cost":0.0,"Total Cost":1.93,"Plan Rows":2,"Plan Width":12,"Actual Startup Time":0.015,"Actual Total Time":0.019,"Actual Rows":2,"Actual Loops":1,"Output":["n1.n_nationkey","n1.n_name"],"Filter":"(((n1.n_name)::text = 'Germany'::text) OR ((n1.n_name)::text = 'Cambodia'::text))","Rows Removed by Filter":60,"Shared Hit Blocks":1,"Shared Read Blocks":0,"Shared Dirtied Blocks":0,"Shared Written Blocks":0,"Local Hit Blocks":0,"Local Read Blocks":0,"Local Dirtied Blocks":0,"Local Written Blocks":0,"Temp Read Blocks":0,"Temp Written Blocks":0,"I/O Read Time":0.0,"I/O Write Time":0.0,"Temp I/O Read Time":0.0,"Temp I/O Write Time":0.0}]}]},{"Node Type":"Hash","Parent Relationship":"Inner","Parallel Aware":false,"Async Capable":false,"Startup Cost":59559.0,"Total Cost":59559.0,"Plan Rows":2998176,"Plan Width":24,"Actual Startup Time":898.506,"Actual Total Time":898.507,"Actual Rows":2997892,"Actual Loops":1,"Output":["orders.o_entry_d","orders.o_w_id","orders.o_d_id","orders.o_id","orders.o_c_id"],"Hash Buckets":131072,"Original Hash Buckets":131072,"Hash Batches":32,"Original Hash Batches":32,"Peak Memory Usage":6539,"Shared Hit Blocks":22059,"Shared Read Blocks":0,"Shared Dirtied Blocks":0,"Shared Written Blocks":0,"Local Hit Blocks":0,"Local Read Blocks":0,"Local Dirtied Blocks":0,"Local Written Blocks":0,"Temp Read Blocks":0,"Temp Written Blocks":16995,"I/O Read Time":0.0,"I/O Write Time":0.0,"Temp I/O Read Time":0.0,"Temp I/O Write Time":73.061,"Plans":[{"Node Type":"Seq Scan","Parent Relationship":"Outer","Parallel Aware":false,"Async Capable":false,"Relation Name":"orders","Schema":"public","Alias":"orders","Startup Cost":0.0,"Total Cost":59559.0,"Plan Rows":2998176,"Plan Width":24,"Actual Startup Time":0.014,"Actual Total Time":365.663,"Actual Rows":2997892,"Actual Loops":1,"Output":["orders.o_entry_d","orders.o_w_id","orders.o_d_id","orders.o_id","orders.o_c_id"],"Filter":"(orders.o_entry_d >= '1992-01-02 20:10:02.27764'::timestamp without time zone)","Rows Removed by Filter":2108,"Shared Hit Blocks":22059,"Shared Read Blocks":0,"Shared Dirtied Blocks":0,"Shared Written Blocks":0,"Local Hit Blocks":0,"Local Read Blocks":0,"Local Dirtied Blocks":0,"Local Written Blocks":0,"Temp Read Blocks":0,"Temp Written Blocks":0,"I/O Read Time":0.0,"I/O Write Time":0.0,"Temp I/O Read Time":0.0,"Temp I/O Write Time":0.0}]}]}]},{"Node Type":"Materialize","Parent Relationship":"Inner","Parallel Aware":false,"Async Capable":false,"Startup Cost":278013.7,"Total Cost":278497.53,"Plan Rows":96766,"Plan Width":20,"Actual Startup Time":872.621,"Actual Total Time":905.351,"Actual Rows":146547,"Actual Loops":1,"Output":["customer.c_nationkey","customer.c_id","customer.c_w_id","customer.c_d_id","n2.n_name"],"Shared Hit Blocks":229605,"Shared Read Blocks":0,"Shared Dirtied Blocks":0,"Shared Written Blocks":0,"Local Hit Blocks":0,"Local Read Blocks":0,"Local Dirtied Blocks":0,"Local Written Blocks":0,"Temp Read Blocks":545,"Temp Written Blocks":548,"I/O Read Time":0.0,"I/O Write Time":0.0,"Temp I/O Read Time":0.805,"Temp I/O Write Time":2.192,"Plans":[{"Node Type":"Sort","Parent Relationship":"Outer","Parallel Aware":false,"Async Capable":false,"Startup Cost":278013.7,"Total Cost":278255.62,"Plan Rows":96766,"Plan Width":20,"Actual Startup Time":872.614,"Actual Total Time":889.568,"Actual Rows":144982,"Actual Loops":1,"Output":["customer.c_nationkey","customer.c_id","customer.c_w_id","customer.c_d_id","n2.n_name"],"Sort Key":["customer.c_id","customer.c_w_id","customer.c_d_id"],"Sort Method":"external merge","Sort Space Used":4360,"Sort Space Type":"Disk","Shared Hit Blocks":229605,"Shared Read Blocks":0,"Shared Dirtied Blocks":0,"Shared Written Blocks":0,"Local Hit Blocks":0,"Local Read Blocks":0,"Local Dirtied Blocks":0,"Local Written Blocks":0,"Temp Read Blocks":545,"Temp Written Blocks":548,"I/O Read Time":0.0,"I/O Write Time":0.0,"Temp I/O Read Time":0.805,"Temp I/O Write Time":2.192,"Plans":[{"Node Type":"Hash Join","Parent Relationship":"Outer","Parallel Aware":false,"Async Capable":false,"Join Type":"Inner","Startup Cost":1.95,"Total Cost":268015.91,"Plan Rows":96766,"Plan Width":20,"Actual Startup Time":0.101,"Actual Total Time":816.952,"Actual Rows":144986,"Actual Loops":1,"Output":["customer.c_nationkey","customer.c_id","customer.c_w_id","customer.c_d_id","n2.n_name"],"Inner Unique":true,"Hash Cond":"(customer.c_nationkey = n2.n_nationkey)","Shared Hit Blocks":229605,"Shared Read Blocks":0,"Shared Dirtied Blocks":0,"Shared Written Blocks":0,"Local Hit Blocks":0,"Local Read Blocks":0,"Local Dirtied Blocks":0,"Local Written Blocks":0,"Temp Read Blocks":0,"Temp Written Blocks":0,"I/O Read Time":0.0,"I/O Write Time":0.0,"Temp I/O Read Time":0.0,"Temp I/O Write Time":0.0,"Plans":[{"Node Type":"Seq Scan","Parent Relationship":"Outer","Parallel Aware":false,"Async Capable":false,"Relation Name":"customer","Schema":"public","Alias":"customer","Startup Cost":0.0,"Total Cost":259601.38,"Plan Rows":2999738,"Plan Width":12,"Actual Startup Time":0.027,"Actual Total Time":355.915,"Actual Rows":3000000,"Actual Loops":1,"Output":["customer.c_id","customer.c_d_id","customer.c_w_id","customer.c_nationkey","customer.c_first","customer.c_middle","customer.c_last","customer.c_street_1","customer.c_street_2","customer.c_city","customer.c_state","customer.c_zip","customer.c_phone","customer.c_since","customer.c_credit","customer.c_credit_lim","customer.c_discount","customer.c_balance","customer.c_ytd_payment","customer.c_payment_cnt","customer.c_delivery_cnt","customer.c_data"],"Shared Hit Blocks":229604,"Shared Read Blocks":0,"Shared Dirtied Blocks":0,"Shared Written Blocks":0,"Local Hit Blocks":0,"Local Read Blocks":0,"Local Dirtied Blocks":0,"Local Written Blocks":0,"Temp Read Blocks":0,"Temp Written Blocks":0,"I/O Read Time":0.0,"I/O Write Time":0.0,"Temp I/O Read Time":0.0,"Temp I/O Write Time":0.0},{"Node Type":"Hash","Parent Relationship":"Inner","Parallel Aware":false,"Async Capable":false,"Startup Cost":1.93,"Total Cost":1.93,"Plan Rows":2,"Plan Width":12,"Actual Startup Time":0.026,"Actual Total Time":0.026,"Actual Rows":2,"Actual Loops":1,"Output":["n2.n_nationkey","n2.n_name"],"Hash Buckets":1024,"Original Hash Buckets":1024,"Hash Batches":1,"Original Hash Batches":1,"Peak Memory Usage":9,"Shared Hit Blocks":1,"Shared Read Blocks":0,"Shared Dirtied Blocks":0,"Shared Written Blocks":0,"Local Hit Blocks":0,"Local Read Blocks":0,"Local Dirtied Blocks":0,"Local Written Blocks":0,"Temp Read Blocks":0,"Temp Written Blocks":0,"I/O Read Time":0.0,"I/O Write Time":0.0,"Temp I/O Read Time":0.0,"Temp I/O Write Time":0.0,"Plans":[{"Node Type":"Seq Scan","Parent Relationship":"Outer","Parallel Aware":false,"Async Capable":false,"Relation Name":"nation","Schema":"public","Alias":"n2","Startup Cost":0.0,"Total Cost":1.93,"Plan Rows":2,"Plan Width":12,"Actual Startup Time":0.016,"Actual Total Time":0.021,"Actual Rows":2,"Actual Loops":1,"Output":["n2.n_nationkey","n2.n_name"],"Filter":"(((n2.n_name)::text = 'Cambodia'::text) OR ((n2.n_name)::text = 'Germany'::text))","Rows Removed by Filter":60,"Shared Hit Blocks":1,"Shared Read Blocks":0,"Shared Dirtied Blocks":0,"Shared Written Blocks":0,"Local Hit Blocks":0,"Local Read Blocks":0,"Local Dirtied Blocks":0,"Local Written Blocks":0,"Temp Read Blocks":0,"Temp Written Blocks":0,"I/O Read Time":0.0,"I/O Write Time":0.0,"Temp I/O Read Time":0.0,"Temp I/O Write Time":0.0}]}]}]}]}]}]}]},"Planning":{"Shared Hit Blocks":12,"Shared Read Blocks":0,"Shared Dirtied Blocks":0,"Shared Written Blocks":0,"Local Hit Blocks":0,"Local Read Blocks":0,"Local Dirtied Blocks":0,"Local Written Blocks":0,"Temp Read Blocks":0,"Temp Written Blocks":0,"I/O Read Time":0.0,"I/O Write Time":0.0,"Temp I/O Read Time":0.0,"Temp I/O Write Time":0.0},"Planning Time":2.324,"Triggers":[],"Execution Time":14015.725}]
[列存组合]: stock
[{"Plan":{"Node Type":"Aggregate","Strategy":"Sorted","Partial Mode":"Simple","Parallel Aware":false,"Async Capable":false,"Startup Cost":1935758.3,"Total Cost":1935879.91,"Plan Rows":4422,"Plan Width":72,"Actual Startup Time":13990.004,"Actual Total Time":13991.265,"Actual Rows":6,"Actual Loops":1,"Output":["supplier.su_nationkey","customer.c_nationkey","(EXTRACT(year FROM orders.o_entry_d))","sum(order_line.ol_amount)"],"Group Key":["supplier.su_nationkey","customer.c_nationkey","(EXTRACT(year FROM orders.o_entry_d))"],"Shared Hit Blocks":620104,"Shared Read Blocks":0,"Shared Dirtied Blocks":0,"Shared Written Blocks":0,"Local Hit Blocks":0,"Local Read Blocks":0,"Local Dirtied Blocks":0,"Local Written Blocks":0,"Temp Read Blocks":99613,"Temp Written Blocks":99622,"I/O Read Time":0.0,"I/O Write Time":0.0,"Temp I/O Read Time":158.784,"Temp I/O Write Time":451.562,"Plans":[{"Node Type":"Sort","Parent Relationship":"Outer","Parallel Aware":false,"Async Capable":false,"Startup Cost":1935758.3,"Total Cost":1935769.36,"Plan Rows":4422,"Plan Width":44,"Actual Startup Time":13989.945,"Actual Total Time":13990.2,"Actual Rows":6043,"Actual Loops":1,"Output":["supplier.su_nationkey","customer.c_nationkey","(EXTRACT(year FROM orders.o_entry_d))","order_line.ol_amount"],"Sort Key":["supplier.su_nationkey","customer.c_nationkey","(EXTRACT(year FROM orders.o_entry_d))"],"Sort Method":"quicksort","Sort Space Used":523,"Sort Space Type":"Memory","Shared Hit Blocks":620104,"Shared Read Blocks":0,"Shared Dirtied Blocks":0,"Shared Written Blocks":0,"Local Hit Blocks":0,"Local Read Blocks":0,"Local Dirtied Blocks":0,"Local Written Blocks":0,"Temp Read Blocks":99613,"Temp Written Blocks":99622,"I/O Read Time":0.0,"I/O Write Time":0.0,"Temp I/O Read Time":158.784,"Temp I/O Write Time":451.562,"Plans":[{"Node Type":"Merge Join","Parent Relationship":"Outer","Parallel Aware":false,"Async Capable":false,"Join Type":"Inner","Startup Cost":1931398.16,"Total Cost":1935490.54,"Plan Rows":4422,"Plan Width":44,"Actual Startup Time":13835.957,"Actual Total Time":13988.5,"Actual Rows":6043,"Actual Loops":1,"Output":["supplier.su_nationkey","customer.c_nationkey","EXTRACT(year FROM orders.o_entry_d)","order_line.ol_amount"],"Inner Unique":false,"Merge Cond":"((orders.o_c_id = customer.c_id) AND (order_line.ol_w_id = customer.c_w_id) AND (order_line.ol_d_id = customer.c_d_id))","Join Filter":"((((n1.n_name)::text = 'Germany'::text) AND ((n2.n_name)::text = 'Cambodia'::text)) OR (((n1.n_name)::text = 'Cambodia'::text) AND ((n2.n_name)::text = 'Germany'::text)))","Rows Removed by Join Filter":5752,"Shared Hit Blocks":620104,"Shared Read Blocks":0,"Shared Dirtied Blocks":0,"Shared Written Blocks":0,"Local Hit Blocks":0,"Local Read Blocks":0,"Local Dirtied Blocks":0,"Local Written Blocks":0,"Temp Read Blocks":99613,"Temp Written Blocks":99622,"I/O Read Time":0.0,"I/O Write Time":0.0,"Temp I/O Read Time":158.784,"Temp I/O Write Time":451.562,"Plans":[{"Node Type":"Sort","Parent Relationship":"Outer","Parallel Aware":false,"Async Capable":false,"Startup Cost":1653384.35,"Total Cost":1654058.91,"Plan Rows":269824,"Plan Width":36,"Actual Startup Time":12966.632,"Actual Total Time":13038.773,"Actual Rows":242214,"Actual Loops":1,"Output":["supplier.su_nationkey","order_line.ol_amount","order_line.ol_w_id","order_line.ol_d_id","orders.o_entry_d","orders.o_w_id","orders.o_d_id","orders.o_c_id","n1.n_name"],"Sort Key":["orders.o_c_id","order_line.ol_w_id","order_line.ol_d_id"],"Sort Method":"external merge","Sort Space Used":11984,"Sort Space Type":"Disk","Shared Hit Blocks":390499,"Shared Read Blocks":0,"Shared Dirtied Blocks":0,"Shared Written Blocks":0,"Local Hit Blocks":0,"Local Read Blocks":0,"Local Dirtied Blocks":0,"Local Written Blocks":0,"Temp Read Blocks":99068,"Temp Written Blocks":99074,"I/O Read Time":0.0,"I/O Write Time":0.0,"Temp I/O Read Time":158.004,"Temp I/O Write Time":449.447,"Plans":[{"Node Type":"Hash Join","Parent Relationship":"Outer","Parallel Aware":false,"Async Capable":false,"Join Type":"Inner","Startup Cost":578796.33,"Total Cost":1621665.99,"Plan Rows":269824,"Plan Width":36,"Actual Startup Time":3008.267,"Actual Total Time":12839.662,"Actual Rows":242214,"Actual Loops":1,"Output":["supplier.su_nationkey","order_line.ol_amount","order_line.ol_w_id","order_line.ol_d_id","orders.o_entry_d","orders.o_w_id","orders.o_d_id","orders.o_c_id","n1.n_name"],"Inner Unique":true,"Hash Cond":"((order_line.ol_w_id = orders.o_w_id) AND (order_line.ol_d_id = orders.o_d_id) AND (order_line.ol_o_id = orders.o_id))","Shared Hit Blocks":390499,"Shared Read Blocks":0,"Shared Dirtied Blocks":0,"Shared Written Blocks":0,"Local Hit Blocks":0,"Local Read Blocks":0,"Local Dirtied Blocks":0,"Local Written Blocks":0,"Temp Read Blocks":97570,"Temp Written Blocks":97570,"I/O Read Time":0.0,"I/O Write Time":0.0,"Temp I/O Read Time":155.739,"Temp I/O Write Time":443.887,"Plans":[{"Node Type":"Hash Join","Parent Relationship":"Outer","Parallel Aware":false,"Async Capable":false,"Join Type":"Inner","Startup Cost":449201.25,"Total Cost":1468684.75,"Plan Rows":269988,"Plan Width":28,"Actual Startup Time":2097.254,"Actual Total Time":11595.104,"Actual Rows":242214,"Actual Loops":1,"Output":["supplier.su_nationkey","order_line.ol_amount","order_line.ol_w_id","order_line.ol_d_id","order_line.ol_o_id","n1.n_name"],"Inner Unique":true,"Hash Cond":"(supplier.su_nationkey = n1.n_nationkey)","Shared Hit Blocks":368440,"Shared Read Blocks":0,"Shared Dirtied Blocks":0,"Shared Written Blocks":0,"Local Hit Blocks":0,"Local Read Blocks":0,"Local Dirtied Blocks":0,"Local Written Blocks":0,"Temp Read Blocks":79026,"Temp Written Blocks":79026,"I/O Read Time":0.0,"I/O Write Time":0.0,"Temp I/O Read Time":126.339,"Temp I/O Write Time":357.961,"Plans":[{"Node Type":"Hash Join","Parent Relationship":"Outer","Parallel Aware":false,"Async Capable":false,"Join Type":"Inner","Startup Cost":449199.29,"Total Cost":1445210.69,"Plan Rows":8369638,"Plan Width":20,"Actual Startup Time":2095.387,"Actual Total Time":10999.249,"Actual Rows":8570498,"Actual Loops":1,"Output":["supplier.su_nationkey","order_line.ol_amount","order_line.ol_w_id","order_line.ol_d_id","order_line.ol_o_id"],"Inner Unique":true,"Hash Cond":"(mod((stock.s_w_id * stock.s_i_id), 10000) = supplier.su_suppkey)","Shared Hit Blocks":368439,"Shared Read Blocks":0,"Shared Dirtied Blocks":0,"Shared Written Blocks":0,"Local Hit Blocks":0,"Local Read Blocks":0,"Local Dirtied Blocks":0,"Local Written Blocks":0,"Temp Read Blocks":79026,"Temp Written Blocks":79026,"I/O Read Time":0.0,"I/O Write Time":0.0,"Temp I/O Read Time":126.339,"Temp I/O Write Time":357.961,"Plans":[{"Node Type":"Hash Join","Parent Relationship":"Outer","Parallel Aware":false,"Async Capable":false,"Join Type":"Inner","Startup Cost":448757.29,"Total Cost":1420694.79,"Plan Rows":8369638,"Plan Width":22,"Actual Startup Time":2092.893,"Actual Total Time":9308.387,"Actual Rows":8570498,"Actual Loops":1,"Output":["stock.s_w_id","stock.s_i_id","order_line.ol_amount","order_line.ol_w_id","order_line.ol_d_id","order_line.ol_o_id"],"Inner Unique":true,"Hash Cond":"((order_line.ol_supply_w_id = stock.s_w_id) AND (order_line.ol_i_id = stock.s_i_id))","Shared Hit Blocks":368222,"Shared Read Blocks":0,"Shared Dirtied Blocks":0,"Shared Written Blocks":0,"Local Hit Blocks":0,"Local Read Blocks":0,"Local Dirtied Blocks":0,"Local Written Blocks":0,"Temp Read Blocks":79026,"Temp Written Blocks":79026,"I/O Read Time":0.0,"I/O Write Time":0.0,"Temp I/O Read Time":126.339,"Temp I/O Write Time":357.961,"Plans":[{"Node Type":"Seq Scan","Parent Relationship":"Outer","Parallel Aware":false,"Async Capable":false,"Relation Name":"order_line","Schema":"public","Alias":"order_line","Startup Cost":0.0,"Total Cost":790850.88,"Plan Rows":8369638,"Plan Width":22,"Actual Startup Time":13.167,"Actual Total Time":2832.905,"Actual Rows":8570498,"Actual Loops":1,"Output":["order_line.ol_amount","order_line.ol_supply_w_id","order_line.ol_i_id","order_line.ol_w_id","order_line.ol_d_id","order_line.ol_o_id"],"Filter":"((order_line.ol_delivery_d >= '1995-01-02 20:10:02.27764'::timestamp without time zone) AND (order_line.ol_delivery_d <= '1997-01-01 20:10:02.27764'::timestamp without time zone))","Rows Removed by Filter":21427234,"Shared Hit Blocks":340884,"Shared Read Blocks":0,"Shared Dirtied Blocks":0,"Shared Written Blocks":0,"Local Hit Blocks":0,"Local Read Blocks":0,"Local Dirtied Blocks":0,"Local Written Blocks":0,"Temp Read Blocks":0,"Temp Written Blocks":0,"I/O Read Time":0.0,"I/O Write Time":0.0,"Temp I/O Read Time":0.0,"Temp I/O Write Time":0.0},{"Node Type":"Hash","Parent Relationship":"Inner","Parallel Aware":false,"Async Capable":false,"Startup Cost":259690.86,"Total Cost":259690.86,"Plan Rows":10000162,"Plan Width":6,"Actual Startup Time":2078.403,"Actual Total Time":2078.403,"Actual Rows":10000000,"Actual Loops":1,"Output":["stock.s_w_id","stock.s_i_id"],"Hash Buckets":262144,"Original Hash Buckets":262144,"Hash Batches":64,"Original Hash Batches":64,"Peak Memory Usage":8133,"Shared Hit Blocks":27338,"Shared Read Blocks":0,"Shared Dirtied Blocks":0,"Shared Written Blocks":0,"Local Hit Blocks":0,"Local Read Blocks":0,"Local Dirtied Blocks":0,"Local Written Blocks":0,"Temp Read Blocks":0,"Temp Written Blocks":33616,"I/O Read Time":0.0,"I/O Write Time":0.0,"Temp I/O Read Time":0.0,"Temp I/O Write Time":151.052,"Plans":[{"Node Type":"Index Only Scan","Parent Relationship":"Outer","Parallel Aware":false,"Async Capable":false,"Scan Direction":"Forward","Index Name":"stock_pk","Relation Name":"stock","Schema":"public","Alias":"stock","Startup Cost":0.43,"Total Cost":259690.86,"Plan Rows":10000162,"Plan Width":6,"Actual Startup Time":0.025,"Actual Total Time":718.395,"Actual Rows":10000000,"Actual Loops":1,"Output":["stock.s_w_id","stock.s_i_id"],"Heap Fetches":0,"Shared Hit Blocks":27338,"Shared Read Blocks":0,"Shared Dirtied Blocks":0,"Shared Written Blocks":0,"Local Hit Blocks":0,"Local Read Blocks":0,"Local Dirtied Blocks":0,"Local Written Blocks":0,"Temp Read Blocks":0,"Temp Written Blocks":0,"I/O Read Time":0.0,"I/O Write Time":0.0,"Temp I/O Read Time":0.0,"Temp I/O Write Time":0.0}]}]},{"Node Type":"Hash","Parent Relationship":"Inner","Parallel Aware":false,"Async Capable":false,"Startup Cost":317.0,"Total Cost":317.0,"Plan Rows":10000,"Plan Width":8,"Actual Startup Time":2.444,"Actual Total Time":2.444,"Actual Rows":10000,"Actual Loops":1,"Output":["supplier.su_nationkey","supplier.su_suppkey"],"Hash Buckets":16384,"Original Hash Buckets":16384,"Hash Batches":1,"Original Hash Batches":1,"Peak Memory Usage":519,"Shared Hit Blocks":217,"Shared Read Blocks":0,"Shared Dirtied Blocks":0,"Shared Written Blocks":0,"Local Hit Blocks":0,"Local Read Blocks":0,"Local Dirtied Blocks":0,"Local Written Blocks":0,"Temp Read Blocks":0,"Temp Written Blocks":0,"I/O Read Time":0.0,"I/O Write Time":0.0,"Temp I/O Read Time":0.0,"Temp I/O Write Time":0.0,"Plans":[{"Node Type":"Seq Scan","Parent Relationship":"Outer","Parallel Aware":false,"Async Capable":false,"Relation Name":"supplier","Schema":"public","Alias":"supplier","Startup Cost":0.0,"Total Cost":317.0,"Plan Rows":10000,"Plan Width":8,"Actual Startup Time":0.007,"Actual Total Time":1.241,"Actual Rows":10000,"Actual Loops":1,"Output":["supplier.su_nationkey","supplier.su_suppkey"],"Shared Hit Blocks":217,"Shared Read Blocks":0,"Shared Dirtied Blocks":0,"Shared Written Blocks":0,"Local Hit Blocks":0,"Local Read Blocks":0,"Local Dirtied Blocks":0,"Local Written Blocks":0,"Temp Read Blocks":0,"Temp Written Blocks":0,"I/O Read Time":0.0,"I/O Write Time":0.0,"Temp I/O Read Time":0.0,"Temp I/O Write Time":0.0}]}]},{"Node Type":"Hash","Parent Relationship":"Inner","Parallel Aware":false,"Async Capable":false,"Startup Cost":1.93,"Total Cost":1.93,"Plan Rows":2,"Plan Width":12,"Actual Startup Time":0.025,"Actual Total Time":0.025,"Actual Rows":2,"Actual Loops":1,"Output":["n1.n_nationkey","n1.n_name"],"Hash Buckets":1024,"Original Hash Buckets":1024,"Hash Batches":1,"Original Hash Batches":1,"Peak Memory Usage":9,"Shared Hit Blocks":1,"Shared Read Blocks":0,"Shared Dirtied Blocks":0,"Shared Written Blocks":0,"Local Hit Blocks":0,"Local Read Blocks":0,"Local Dirtied Blocks":0,"Local Written Blocks":0,"Temp Read Blocks":0,"Temp Written Blocks":0,"I/O Read Time":0.0,"I/O Write Time":0.0,"Temp I/O Read Time":0.0,"Temp I/O Write Time":0.0,"Plans":[{"Node Type":"Seq Scan","Parent Relationship":"Outer","Parallel Aware":false,"Async Capable":false,"Relation Name":"nation","Schema":"public","Alias":"n1","Startup Cost":0.0,"Total Cost":1.93,"Plan Rows":2,"Plan Width":12,"Actual Startup Time":0.017,"Actual Total Time":0.022,"Actual Rows":2,"Actual Loops":1,"Output":["n1.n_nationkey","n1.n_name"],"Filter":"(((n1.n_name)::text = 'Germany'::text) OR ((n1.n_name)::text = 'Cambodia'::text))","Rows Removed by Filter":60,"Shared Hit Blocks":1,"Shared Read Blocks":0,"Shared Dirtied Blocks":0,"Shared Written Blocks":0,"Local Hit Blocks":0,"Local Read Blocks":0,"Local Dirtied Blocks":0,"Local Written Blocks":0,"Temp Read Blocks":0,"Temp Written Blocks":0,"I/O Read Time":0.0,"I/O Write Time":0.0,"Temp I/O Read Time":0.0,"Temp I/O Write Time":0.0}]}]},{"Node Type":"Hash","Parent Relationship":"Inner","Parallel Aware":false,"Async Capable":false,"Startup Cost":59559.0,"Total Cost":59559.0,"Plan Rows":2998176,"Plan Width":24,"Actual Startup Time":902.997,"Actual Total Time":902.997,"Actual Rows":2997892,"Actual Loops":1,"Output":["orders.o_entry_d","orders.o_w_id","orders.o_d_id","orders.o_id","orders.o_c_id"],"Hash Buckets":131072,"Original Hash Buckets":131072,"Hash Batches":32,"Original Hash Batches":32,"Peak Memory Usage":6539,"Shared Hit Blocks":22059,"Shared Read Blocks":0,"Shared Dirtied Blocks":0,"Shared Written Blocks":0,"Local Hit Blocks":0,"Local Read Blocks":0,"Local Dirtied Blocks":0,"Local Written Blocks":0,"Temp Read Blocks":0,"Temp Written Blocks":16995,"I/O Read Time":0.0,"I/O Write Time":0.0,"Temp I/O Read Time":0.0,"Temp I/O Write Time":76.356,"Plans":[{"Node Type":"Seq Scan","Parent Relationship":"Outer","Parallel Aware":false,"Async Capable":false,"Relation Name":"orders","Schema":"public","Alias":"orders","Startup Cost":0.0,"Total Cost":59559.0,"Plan Rows":2998176,"Plan Width":24,"Actual Startup Time":0.014,"Actual Total Time":365.932,"Actual Rows":2997892,"Actual Loops":1,"Output":["orders.o_entry_d","orders.o_w_id","orders.o_d_id","orders.o_id","orders.o_c_id"],"Filter":"(orders.o_entry_d >= '1992-01-02 20:10:02.27764'::timestamp without time zone)","Rows Removed by Filter":2108,"Shared Hit Blocks":22059,"Shared Read Blocks":0,"Shared Dirtied Blocks":0,"Shared Written Blocks":0,"Local Hit Blocks":0,"Local Read Blocks":0,"Local Dirtied Blocks":0,"Local Written Blocks":0,"Temp Read Blocks":0,"Temp Written Blocks":0,"I/O Read Time":0.0,"I/O Write Time":0.0,"Temp I/O Read Time":0.0,"Temp I/O Write Time":0.0}]}]}]},{"Node Type":"Materialize","Parent Relationship":"Inner","Parallel Aware":false,"Async Capable":false,"Startup Cost":278013.7,"Total Cost":278497.53,"Plan Rows":96766,"Plan Width":20,"Actual Startup Time":869.283,"Actual Total Time":901.965,"Actual Rows":146547,"Actual Loops":1,"Output":["customer.c_nationkey","customer.c_id","customer.c_w_id","customer.c_d_id","n2.n_name"],"Shared Hit Blocks":229605,"Shared Read Blocks":0,"Shared Dirtied Blocks":0,"Shared Written Blocks":0,"Local Hit Blocks":0,"Local Read Blocks":0,"Local Dirtied Blocks":0,"Local Written Blocks":0,"Temp Read Blocks":545,"Temp Written Blocks":548,"I/O Read Time":0.0,"I/O Write Time":0.0,"Temp I/O Read Time":0.78,"Temp I/O Write Time":2.115,"Plans":[{"Node Type":"Sort","Parent Relationship":"Outer","Parallel Aware":false,"Async Capable":false,"Startup Cost":278013.7,"Total Cost":278255.62,"Plan Rows":96766,"Plan Width":20,"Actual Startup Time":869.275,"Actual Total Time":886.208,"Actual Rows":144982,"Actual Loops":1,"Output":["customer.c_nationkey","customer.c_id","customer.c_w_id","customer.c_d_id","n2.n_name"],"Sort Key":["customer.c_id","customer.c_w_id","customer.c_d_id"],"Sort Method":"external merge","Sort Space Used":4360,"Sort Space Type":"Disk","Shared Hit Blocks":229605,"Shared Read Blocks":0,"Shared Dirtied Blocks":0,"Shared Written Blocks":0,"Local Hit Blocks":0,"Local Read Blocks":0,"Local Dirtied Blocks":0,"Local Written Blocks":0,"Temp Read Blocks":545,"Temp Written Blocks":548,"I/O Read Time":0.0,"I/O Write Time":0.0,"Temp I/O Read Time":0.78,"Temp I/O Write Time":2.115,"Plans":[{"Node Type":"Hash Join","Parent Relationship":"Outer","Parallel Aware":false,"Async Capable":false,"Join Type":"Inner","Startup Cost":1.95,"Total Cost":268015.91,"Plan Rows":96766,"Plan Width":20,"Actual Startup Time":0.095,"Actual Total Time":813.2,"Actual Rows":144986,"Actual Loops":1,"Output":["customer.c_nationkey","customer.c_id","customer.c_w_id","customer.c_d_id","n2.n_name"],"Inner Unique":true,"Hash Cond":"(customer.c_nationkey = n2.n_nationkey)","Shared Hit Blocks":229605,"Shared Read Blocks":0,"Shared Dirtied Blocks":0,"Shared Written Blocks":0,"Local Hit Blocks":0,"Local Read Blocks":0,"Local Dirtied Blocks":0,"Local Written Blocks":0,"Temp Read Blocks":0,"Temp Written Blocks":0,"I/O Read Time":0.0,"I/O Write Time":0.0,"Temp I/O Read Time":0.0,"Temp I/O Write Time":0.0,"Plans":[{"Node Type":"Seq Scan","Parent Relationship":"Outer","Parallel Aware":false,"Async Capable":false,"Relation Name":"customer","Schema":"public","Alias":"customer","Startup Cost":0.0,"Total Cost":259601.38,"Plan Rows":2999738,"Plan Width":12,"Actual Startup Time":0.022,"Actual Total Time":354.501,"Actual Rows":3000000,"Actual Loops":1,"Output":["customer.c_id","customer.c_d_id","customer.c_w_id","customer.c_nationkey","customer.c_first","customer.c_middle","customer.c_last","customer.c_street_1","customer.c_street_2","customer.c_city","customer.c_state","customer.c_zip","customer.c_phone","customer.c_since","customer.c_credit","customer.c_credit_lim","customer.c_discount","customer.c_balance","customer.c_ytd_payment","customer.c_payment_cnt","customer.c_delivery_cnt","customer.c_data"],"Shared Hit Blocks":229604,"Shared Read Blocks":0,"Shared Dirtied Blocks":0,"Shared Written Blocks":0,"Local Hit Blocks":0,"Local Read Blocks":0,"Local Dirtied Blocks":0,"Local Written Blocks":0,"Temp Read Blocks":0,"Temp Written Blocks":0,"I/O Read Time":0.0,"I/O Write Time":0.0,"Temp I/O Read Time":0.0,"Temp I/O Write Time":0.0},{"Node Type":"Hash","Parent Relationship":"Inner","Parallel Aware":false,"Async Capable":false,"Startup Cost":1.93,"Total Cost":1.93,"Plan Rows":2,"Plan Width":12,"Actual Startup Time":0.026,"Actual Total Time":0.026,"Actual Rows":2,"Actual Loops":1,"Output":["n2.n_nationkey","n2.n_name"],"Hash Buckets":1024,"Original Hash Buckets":1024,"Hash Batches":1,"Original Hash Batches":1,"Peak Memory Usage":9,"Shared Hit Blocks":1,"Shared Read Blocks":0,"Shared Dirtied Blocks":0,"Shared Written Blocks":0,"Local Hit Blocks":0,"Local Read Blocks":0,"Local Dirtied Blocks":0,"Local Written Blocks":0,"Temp Read Blocks":0,"Temp Written Blocks":0,"I/O Read Time":0.0,"I/O Write Time":0.0,"Temp I/O Read Time":0.0,"Temp I/O Write Time":0.0,"Plans":[{"Node Type":"Seq Scan","Parent Relationship":"Outer","Parallel Aware":false,"Async Capable":false,"Relation Name":"nation","Schema":"public","Alias":"n2","Startup Cost":0.0,"Total Cost":1.93,"Plan Rows":2,"Plan Width":12,"Actual Startup Time":0.016,"Actual Total Time":0.021,"Actual Rows":2,"Actual Loops":1,"Output":["n2.n_nationkey","n2.n_name"],"Filter":"(((n2.n_name)::text = 'Cambodia'::text) OR ((n2.n_name)::text = 'Germany'::text))","Rows Removed by Filter":60,"Shared Hit Blocks":1,"Shared Read Blocks":0,"Shared Dirtied Blocks":0,"Shared Written Blocks":0,"Local Hit Blocks":0,"Local Read Blocks":0,"Local Dirtied Blocks":0,"Local Written Blocks":0,"Temp Read Blocks":0,"Temp Written Blocks":0,"I/O Read Time":0.0,"I/O Write Time":0.0,"Temp I/O Read Time":0.0,"Temp I/O Write Time":0.0}]}]}]}]}]}]}]},"Planning":{"Shared Hit Blocks":12,"Shared Read Blocks":0,"Shared Dirtied Blocks":0,"Shared Written Blocks":0,"Local Hit Blocks":0,"Local Read Blocks":0,"Local Dirtied Blocks":0,"Local Written Blocks":0,"Temp Read Blocks":0,"Temp Written Blocks":0,"I/O Read Time":0.0,"I/O Write Time":0.0,"Temp I/O Read Time":0.0,"Temp I/O Write Time":0.0},"Planning Time":2.837,"Triggers":[],"Execution Time":13994.309}]
[列存组合]: supplier
[{"Plan":{"Node Type":"Aggregate","Strategy":"Sorted","Partial Mode":"Simple","Parallel Aware":false,"Async Capable":false,"Startup Cost":1935660.33,"Total Cost":1935781.93,"Plan Rows":4422,"Plan Width":72,"Actual Startup Time":14023.647,"Actual Total Time":14024.922,"Actual Rows":6,"Actual Loops":1,"Output":["supplier.su_nationkey","customer.c_nationkey","(EXTRACT(year FROM orders.o_entry_d))","sum(order_line.ol_amount)"],"Group Key":["supplier.su_nationkey","customer.c_nationkey","(EXTRACT(year FROM orders.o_entry_d))"],"Shared Hit Blocks":619887,"Shared Read Blocks":0,"Shared Dirtied Blocks":0,"Shared Written Blocks":0,"Local Hit Blocks":0,"Local Read Blocks":0,"Local Dirtied Blocks":0,"Local Written Blocks":0,"Temp Read Blocks":99613,"Temp Written Blocks":99622,"I/O Read Time":0.0,"I/O Write Time":0.0,"Temp I/O Read Time":159.187,"Temp I/O Write Time":446.743,"Plans":[{"Node Type":"Sort","Parent Relationship":"Outer","Parallel Aware":false,"Async Capable":false,"Startup Cost":1935660.33,"Total Cost":1935671.38,"Plan Rows":4422,"Plan Width":44,"Actual Startup Time":14023.586,"Actual Total Time":14023.848,"Actual Rows":6043,"Actual Loops":1,"Output":["supplier.su_nationkey","customer.c_nationkey","(EXTRACT(year FROM orders.o_entry_d))","order_line.ol_amount"],"Sort Key":["supplier.su_nationkey","customer.c_nationkey","(EXTRACT(year FROM orders.o_entry_d))"],"Sort Method":"quicksort","Sort Space Used":523,"Sort Space Type":"Memory","Shared Hit Blocks":619887,"Shared Read Blocks":0,"Shared Dirtied Blocks":0,"Shared Written Blocks":0,"Local Hit Blocks":0,"Local Read Blocks":0,"Local Dirtied Blocks":0,"Local Written Blocks":0,"Temp Read Blocks":99613,"Temp Written Blocks":99622,"I/O Read Time":0.0,"I/O Write Time":0.0,"Temp I/O Read Time":159.187,"Temp I/O Write Time":446.743,"Plans":[{"Node Type":"Merge Join","Parent Relationship":"Outer","Parallel Aware":false,"Async Capable":false,"Join Type":"Inner","Startup Cost":1931300.18,"Total Cost":1935392.56,"Plan Rows":4422,"Plan Width":44,"Actual Startup Time":13870.875,"Actual Total Time":14022.165,"Actual Rows":6043,"Actual Loops":1,"Output":["supplier.su_nationkey","customer.c_nationkey","EXTRACT(year FROM orders.o_entry_d)","order_line.ol_amount"],"Inner Unique":false,"Merge Cond":"((orders.o_c_id = customer.c_id) AND (order_line.ol_w_id = customer.c_w_id) AND (order_line.ol_d_id = customer.c_d_id))","Join Filter":"((((n1.n_name)::text = 'Germany'::text) AND ((n2.n_name)::text = 'Cambodia'::text)) OR (((n1.n_name)::text = 'Cambodia'::text) AND ((n2.n_name)::text = 'Germany'::text)))","Rows Removed by Join Filter":5752,"Shared Hit Blocks":619887,"Shared Read Blocks":0,"Shared Dirtied Blocks":0,"Shared Written Blocks":0,"Local Hit Blocks":0,"Local Read Blocks":0,"Local Dirtied Blocks":0,"Local Written Blocks":0,"Temp Read Blocks":99613,"Temp Written Blocks":99622,"I/O Read Time":0.0,"I/O Write Time":0.0,"Temp I/O Read Time":159.187,"Temp I/O Write Time":446.743,"Plans":[{"Node Type":"Sort","Parent Relationship":"Outer","Parallel Aware":false,"Async Capable":false,"Startup Cost":1653286.38,"Total Cost":1653960.94,"Plan Rows":269824,"Plan Width":36,"Actual Startup Time":13004.723,"Actual Total Time":13075.638,"Actual Rows":242214,"Actual Loops":1,"Output":["supplier.su_nationkey","order_line.ol_amount","order_line.ol_w_id","order_line.ol_d_id","orders.o_entry_d","orders.o_w_id","orders.o_d_id","orders.o_c_id","n1.n_name"],"Sort Key":["orders.o_c_id","order_line.ol_w_id","order_line.ol_d_id"],"Sort Method":"external merge","Sort Space Used":11984,"Sort Space Type":"Disk","Shared Hit Blocks":390282,"Shared Read Blocks":0,"Shared Dirtied Blocks":0,"Shared Written Blocks":0,"Local Hit Blocks":0,"Local Read Blocks":0,"Local Dirtied Blocks":0,"Local Written Blocks":0,"Temp Read Blocks":99068,"Temp Written Blocks":99074,"I/O Read Time":0.0,"I/O Write Time":0.0,"Temp I/O Read Time":158.398,"Temp I/O Write Time":444.592,"Plans":[{"Node Type":"Hash Join","Parent Relationship":"Outer","Parallel Aware":false,"Async Capable":false,"Join Type":"Inner","Startup Cost":578698.35,"Total Cost":1621568.01,"Plan Rows":269824,"Plan Width":36,"Actual Startup Time":3007.458,"Actual Total Time":12876.889,"Actual Rows":242214,"Actual Loops":1,"Output":["supplier.su_nationkey","order_line.ol_amount","order_line.ol_w_id","order_line.ol_d_id","orders.o_entry_d","orders.o_w_id","orders.o_d_id","orders.o_c_id","n1.n_name"],"Inner Unique":true,"Hash Cond":"((order_line.ol_w_id = orders.o_w_id) AND (order_line.ol_d_id = orders.o_d_id) AND (order_line.ol_o_id = orders.o_id))","Shared Hit Blocks":390282,"Shared Read Blocks":0,"Shared Dirtied Blocks":0,"Shared Written Blocks":0,"Local Hit Blocks":0,"Local Read Blocks":0,"Local Dirtied Blocks":0,"Local Written Blocks":0,"Temp Read Blocks":97570,"Temp Written Blocks":97570,"I/O Read Time":0.0,"I/O Write Time":0.0,"Temp I/O Read Time":156.141,"Temp I/O Write Time":438.983,"Plans":[{"Node Type":"Hash Join","Parent Relationship":"Outer","Parallel Aware":false,"Async Capable":false,"Join Type":"Inner","Startup Cost":449103.27,"Total Cost":1468586.78,"Plan Rows":269988,"Plan Width":28,"Actual Startup Time":2101.999,"Actual Total Time":11638.655,"Actual Rows":242214,"Actual Loops":1,"Output":["supplier.su_nationkey","order_line.ol_amount","order_line.ol_w_id","order_line.ol_d_id","order_line.ol_o_id","n1.n_name"],"Inner Unique":true,"Hash Cond":"(supplier.su_nationkey = n1.n_nationkey)","Shared Hit Blocks":368223,"Shared Read Blocks":0,"Shared Dirtied Blocks":0,"Shared Written Blocks":0,"Local Hit Blocks":0,"Local Read Blocks":0,"Local Dirtied Blocks":0,"Local Written Blocks":0,"Temp Read Blocks":79026,"Temp Written Blocks":79026,"I/O Read Time":0.0,"I/O Write Time":0.0,"Temp I/O Read Time":127.122,"Temp I/O Write Time":356.482,"Plans":[{"Node Type":"Hash Join","Parent Relationship":"Outer","Parallel Aware":false,"Async Capable":false,"Join Type":"Inner","Startup Cost":449101.32,"Total Cost":1445112.71,"Plan Rows":8369638,"Plan Width":20,"Actual Startup Time":2100.094,"Actual Total Time":11007.66,"Actual Rows":8570498,"Actual Loops":1,"Output":["supplier.su_nationkey","order_line.ol_amount","order_line.ol_w_id","order_line.ol_d_id","order_line.ol_o_id"],"Inner Unique":true,"Hash Cond":"(mod((stock.s_w_id * stock.s_i_id), 10000) = supplier.su_suppkey)","Shared Hit Blocks":368222,"Shared Read Blocks":0,"Shared Dirtied Blocks":0,"Shared Written Blocks":0,"Local Hit Blocks":0,"Local Read Blocks":0,"Local Dirtied Blocks":0,"Local Written Blocks":0,"Temp Read Blocks":79026,"Temp Written Blocks":79026,"I/O Read Time":0.0,"I/O Write Time":0.0,"Temp I/O Read Time":127.122,"Temp I/O Write Time":356.482,"Plans":[{"Node Type":"Hash Join","Parent Relationship":"Outer","Parallel Aware":false,"Async Capable":false,"Join Type":"Inner","Startup Cost":448757.29,"Total Cost":1420694.79,"Plan Rows":8369638,"Plan Width":22,"Actual Startup Time":2097.15,"Actual Total Time":9320.202,"Actual Rows":8570498,"Actual Loops":1,"Output":["stock.s_w_id","stock.s_i_id","order_line.ol_amount","order_line.ol_w_id","order_line.ol_d_id","order_line.ol_o_id"],"Inner Unique":true,"Hash Cond":"((order_line.ol_supply_w_id = stock.s_w_id) AND (order_line.ol_i_id = stock.s_i_id))","Shared Hit Blocks":368222,"Shared Read Blocks":0,"Shared Dirtied Blocks":0,"Shared Written Blocks":0,"Local Hit Blocks":0,"Local Read Blocks":0,"Local Dirtied Blocks":0,"Local Written Blocks":0,"Temp Read Blocks":79026,"Temp Written Blocks":79026,"I/O Read Time":0.0,"I/O Write Time":0.0,"Temp I/O Read Time":127.122,"Temp I/O Write Time":356.482,"Plans":[{"Node Type":"Seq Scan","Parent Relationship":"Outer","Parallel Aware":false,"Async Capable":false,"Relation Name":"order_line","Schema":"public","Alias":"order_line","Startup Cost":0.0,"Total Cost":790850.88,"Plan Rows":8369638,"Plan Width":22,"Actual Startup Time":13.16,"Actual Total Time":2825.458,"Actual Rows":8570498,"Actual Loops":1,"Output":["order_line.ol_amount","order_line.ol_supply_w_id","order_line.ol_i_id","order_line.ol_w_id","order_line.ol_d_id","order_line.ol_o_id"],"Filter":"((order_line.ol_delivery_d >= '1995-01-02 20:10:02.27764'::timestamp without time zone) AND (order_line.ol_delivery_d <= '1997-01-01 20:10:02.27764'::timestamp without time zone))","Rows Removed by Filter":21427234,"Shared Hit Blocks":340884,"Shared Read Blocks":0,"Shared Dirtied Blocks":0,"Shared Written Blocks":0,"Local Hit Blocks":0,"Local Read Blocks":0,"Local Dirtied Blocks":0,"Local Written Blocks":0,"Temp Read Blocks":0,"Temp Written Blocks":0,"I/O Read Time":0.0,"I/O Write Time":0.0,"Temp I/O Read Time":0.0,"Temp I/O Write Time":0.0},{"Node Type":"Hash","Parent Relationship":"Inner","Parallel Aware":false,"Async Capable":false,"Startup Cost":259690.86,"Total Cost":259690.86,"Plan Rows":10000162,"Plan Width":6,"Actual Startup Time":2082.708,"Actual Total Time":2082.71,"Actual Rows":10000000,"Actual Loops":1,"Output":["stock.s_w_id","stock.s_i_id"],"Hash Buckets":262144,"Original Hash Buckets":262144,"Hash Batches":64,"Original Hash Batches":64,"Peak Memory Usage":8133,"Shared Hit Blocks":27338,"Shared Read Blocks":0,"Shared Dirtied Blocks":0,"Shared Written Blocks":0,"Local Hit Blocks":0,"Local Read Blocks":0,"Local Dirtied Blocks":0,"Local Written Blocks":0,"Temp Read Blocks":0,"Temp Written Blocks":33616,"I/O Read Time":0.0,"I/O Write Time":0.0,"Temp I/O Read Time":0.0,"Temp I/O Write Time":149.025,"Plans":[{"Node Type":"Index Only Scan","Parent Relationship":"Outer","Parallel Aware":false,"Async Capable":false,"Scan Direction":"Forward","Index Name":"stock_pk","Relation Name":"stock","Schema":"public","Alias":"stock","Startup Cost":0.43,"Total Cost":259690.86,"Plan Rows":10000162,"Plan Width":6,"Actual Startup Time":0.023,"Actual Total Time":722.402,"Actual Rows":10000000,"Actual Loops":1,"Output":["stock.s_w_id","stock.s_i_id"],"Heap Fetches":0,"Shared Hit Blocks":27338,"Shared Read Blocks":0,"Shared Dirtied Blocks":0,"Shared Written Blocks":0,"Local Hit Blocks":0,"Local Read Blocks":0,"Local Dirtied Blocks":0,"Local Written Blocks":0,"Temp Read Blocks":0,"Temp Written Blocks":0,"I/O Read Time":0.0,"I/O Write Time":0.0,"Temp I/O Read Time":0.0,"Temp I/O Write Time":0.0}]}]},{"Node Type":"Hash","Parent Relationship":"Inner","Parallel Aware":false,"Async Capable":false,"Startup Cost":219.01,"Total Cost":219.01,"Plan Rows":10001,"Plan Width":8,"Actual Startup Time":2.926,"Actual Total Time":2.929,"Actual Rows":10000,"Actual Loops":1,"Output":["supplier.su_nationkey","supplier.su_suppkey"],"Hash Buckets":16384,"Original Hash Buckets":16384,"Hash Batches":1,"Original Hash Batches":1,"Peak Memory Usage":519,"Shared Hit Blocks":0,"Shared Read Blocks":0,"Shared Dirtied Blocks":0,"Shared Written Blocks":0,"Local Hit Blocks":0,"Local Read Blocks":0,"Local Dirtied Blocks":0,"Local Written Blocks":0,"Temp Read Blocks":0,"Temp Written Blocks":0,"I/O Read Time":0.0,"I/O Write Time":0.0,"Temp I/O Read Time":0.0,"Temp I/O Write Time":0.0,"Plans":[{"Node Type":"Append","Parent Relationship":"Outer","Parallel Aware":false,"Async Capable":false,"Startup Cost":20.0,"Total Cost":219.01,"Plan Rows":10001,"Plan Width":8,"Actual Startup Time":0.024,"Actual Total Time":1.788,"Actual Rows":10000,"Actual Loops":1,"Shared Hit Blocks":0,"Shared Read Blocks":0,"Shared Dirtied Blocks":0,"Shared Written Blocks":0,"Local Hit Blocks":0,"Local Read Blocks":0,"Local Dirtied Blocks":0,"Local Written Blocks":0,"Temp Read Blocks":0,"Temp Written Blocks":0,"I/O Read Time":0.0,"I/O Write Time":0.0,"Temp I/O Read Time":0.0,"Temp I/O Write Time":0.0,"Subplans Removed":0,"Plans":[{"Node Type":"Custom Scan","Parent Relationship":"Member","Custom Plan Provider":"columnar scan","Parallel Aware":false,"Async Capable":false,"Relation Name":"supplier","Schema":"public","Alias":"supplier","Startup Cost":20.0,"Total Cost":215.0,"Plan Rows":10000,"Plan Width":8,"Actual Startup Time":0.023,"Actual Total Time":1.086,"Actual Rows":10000,"Actual Loops":1,"Output":["supplier.su_nationkey","supplier.su_suppkey"],"Rows Removed by Columnar Filter":0,"Columnar cache search mode":"native","Shared Hit Blocks":0,"Shared Read Blocks":0,"Shared Dirtied Blocks":0,"Shared Written Blocks":0,"Local Hit Blocks":0,"Local Read Blocks":0,"Local Dirtied Blocks":0,"Local Written Blocks":0,"Temp Read Blocks":0,"Temp Written Blocks":0,"I/O Read Time":0.0,"I/O Write Time":0.0,"Temp I/O Read Time":0.0,"Temp I/O Write Time":0.0},{"Node Type":"Seq Scan","Parent Relationship":"Member","Parallel Aware":false,"Async Capable":false,"Relation Name":"supplier","Schema":"public","Alias":"supplier","Startup Cost":0.0,"Total Cost":4.01,"Plan Rows":1,"Plan Width":8,"Actual Startup Time":0.0,"Actual Total Time":0.0,"Actual Rows":0,"Actual Loops":0,"Output":["supplier.su_nationkey","supplier.su_suppkey"],"Shared Hit Blocks":0,"Shared Read Blocks":0,"Shared Dirtied Blocks":0,"Shared Written Blocks":0,"Local Hit Blocks":0,"Local Read Blocks":0,"Local Dirtied Blocks":0,"Local Written Blocks":0,"Temp Read Blocks":0,"Temp Written Blocks":0,"I/O Read Time":0.0,"I/O Write Time":0.0,"Temp I/O Read Time":0.0,"Temp I/O Write Time":0.0}]}]}]},{"Node Type":"Hash","Parent Relationship":"Inner","Parallel Aware":false,"Async Capable":false,"Startup Cost":1.93,"Total Cost":1.93,"Plan Rows":2,"Plan Width":12,"Actual Startup Time":0.02,"Actual Total Time":0.021,"Actual Rows":2,"Actual Loops":1,"Output":["n1.n_nationkey","n1.n_name"],"Hash Buckets":1024,"Original Hash Buckets":1024,"Hash Batches":1,"Original Hash Batches":1,"Peak Memory Usage":9,"Shared Hit Blocks":1,"Shared Read Blocks":0,"Shared Dirtied Blocks":0,"Shared Written Blocks":0,"Local Hit Blocks":0,"Local Read Blocks":0,"Local Dirtied Blocks":0,"Local Written Blocks":0,"Temp Read Blocks":0,"Temp Written Blocks":0,"I/O Read Time":0.0,"I/O Write Time":0.0,"Temp I/O Read Time":0.0,"Temp I/O Write Time":0.0,"Plans":[{"Node Type":"Seq Scan","Parent Relationship":"Outer","Parallel Aware":false,"Async Capable":false,"Relation Name":"nation","Schema":"public","Alias":"n1","Startup Cost":0.0,"Total Cost":1.93,"Plan Rows":2,"Plan Width":12,"Actual Startup Time":0.013,"Actual Total Time":0.018,"Actual Rows":2,"Actual Loops":1,"Output":["n1.n_nationkey","n1.n_name"],"Filter":"(((n1.n_name)::text = 'Germany'::text) OR ((n1.n_name)::text = 'Cambodia'::text))","Rows Removed by Filter":60,"Shared Hit Blocks":1,"Shared Read Blocks":0,"Shared Dirtied Blocks":0,"Shared Written Blocks":0,"Local Hit Blocks":0,"Local Read Blocks":0,"Local Dirtied Blocks":0,"Local Written Blocks":0,"Temp Read Blocks":0,"Temp Written Blocks":0,"I/O Read Time":0.0,"I/O Write Time":0.0,"Temp I/O Read Time":0.0,"Temp I/O Write Time":0.0}]}]},{"Node Type":"Hash","Parent Relationship":"Inner","Parallel Aware":false,"Async Capable":false,"Startup Cost":59559.0,"Total Cost":59559.0,"Plan Rows":2998176,"Plan Width":24,"Actual Startup Time":897.614,"Actual Total Time":897.614,"Actual Rows":2997892,"Actual Loops":1,"Output":["orders.o_entry_d","orders.o_w_id","orders.o_d_id","orders.o_id","orders.o_c_id"],"Hash Buckets":131072,"Original Hash Buckets":131072,"Hash Batches":32,"Original Hash Batches":32,"Peak Memory Usage":6539,"Shared Hit Blocks":22059,"Shared Read Blocks":0,"Shared Dirtied Blocks":0,"Shared Written Blocks":0,"Local Hit Blocks":0,"Local Read Blocks":0,"Local Dirtied Blocks":0,"Local Written Blocks":0,"Temp Read Blocks":0,"Temp Written Blocks":16995,"I/O Read Time":0.0,"I/O Write Time":0.0,"Temp I/O Read Time":0.0,"Temp I/O Write Time":73.02,"Plans":[{"Node Type":"Seq Scan","Parent Relationship":"Outer","Parallel Aware":false,"Async Capable":false,"Relation Name":"orders","Schema":"public","Alias":"orders","Startup Cost":0.0,"Total Cost":59559.0,"Plan Rows":2998176,"Plan Width":24,"Actual Startup Time":0.011,"Actual Total Time":364.963,"Actual Rows":2997892,"Actual Loops":1,"Output":["orders.o_entry_d","orders.o_w_id","orders.o_d_id","orders.o_id","orders.o_c_id"],"Filter":"(orders.o_entry_d >= '1992-01-02 20:10:02.27764'::timestamp without time zone)","Rows Removed by Filter":2108,"Shared Hit Blocks":22059,"Shared Read Blocks":0,"Shared Dirtied Blocks":0,"Shared Written Blocks":0,"Local Hit Blocks":0,"Local Read Blocks":0,"Local Dirtied Blocks":0,"Local Written Blocks":0,"Temp Read Blocks":0,"Temp Written Blocks":0,"I/O Read Time":0.0,"I/O Write Time":0.0,"Temp I/O Read Time":0.0,"Temp I/O Write Time":0.0}]}]}]},{"Node Type":"Materialize","Parent Relationship":"Inner","Parallel Aware":false,"Async Capable":false,"Startup Cost":278013.7,"Total Cost":278497.53,"Plan Rows":96766,"Plan Width":20,"Actual Startup Time":866.11,"Actual Total Time":898.765,"Actual Rows":146547,"Actual Loops":1,"Output":["customer.c_nationkey","customer.c_id","customer.c_w_id","customer.c_d_id","n2.n_name"],"Shared Hit Blocks":229605,"Shared Read Blocks":0,"Shared Dirtied Blocks":0,"Shared Written Blocks":0,"Local Hit Blocks":0,"Local Read Blocks":0,"Local Dirtied Blocks":0,"Local Written Blocks":0,"Temp Read Blocks":545,"Temp Written Blocks":548,"I/O Read Time":0.0,"I/O Write Time":0.0,"Temp I/O Read Time":0.789,"Temp I/O Write Time":2.151,"Plans":[{"Node Type":"Sort","Parent Relationship":"Outer","Parallel Aware":false,"Async Capable":false,"Startup Cost":278013.7,"Total Cost":278255.62,"Plan Rows":96766,"Plan Width":20,"Actual Startup Time":866.104,"Actual Total Time":882.952,"Actual Rows":144982,"Actual Loops":1,"Output":["customer.c_nationkey","customer.c_id","customer.c_w_id","customer.c_d_id","n2.n_name"],"Sort Key":["customer.c_id","customer.c_w_id","customer.c_d_id"],"Sort Method":"external merge","Sort Space Used":4360,"Sort Space Type":"Disk","Shared Hit Blocks":229605,"Shared Read Blocks":0,"Shared Dirtied Blocks":0,"Shared Written Blocks":0,"Local Hit Blocks":0,"Local Read Blocks":0,"Local Dirtied Blocks":0,"Local Written Blocks":0,"Temp Read Blocks":545,"Temp Written Blocks":548,"I/O Read Time":0.0,"I/O Write Time":0.0,"Temp I/O Read Time":0.789,"Temp I/O Write Time":2.151,"Plans":[{"Node Type":"Hash Join","Parent Relationship":"Outer","Parallel Aware":false,"Async Capable":false,"Join Type":"Inner","Startup Cost":1.95,"Total Cost":268015.91,"Plan Rows":96766,"Plan Width":20,"Actual Startup Time":0.107,"Actual Total Time":809.337,"Actual Rows":144986,"Actual Loops":1,"Output":["customer.c_nationkey","customer.c_id","customer.c_w_id","customer.c_d_id","n2.n_name"],"Inner Unique":true,"Hash Cond":"(customer.c_nationkey = n2.n_nationkey)","Shared Hit Blocks":229605,"Shared Read Blocks":0,"Shared Dirtied Blocks":0,"Shared Written Blocks":0,"Local Hit Blocks":0,"Local Read Blocks":0,"Local Dirtied Blocks":0,"Local Written Blocks":0,"Temp Read Blocks":0,"Temp Written Blocks":0,"I/O Read Time":0.0,"I/O Write Time":0.0,"Temp I/O Read Time":0.0,"Temp I/O Write Time":0.0,"Plans":[{"Node Type":"Seq Scan","Parent Relationship":"Outer","Parallel Aware":false,"Async Capable":false,"Relation Name":"customer","Schema":"public","Alias":"customer","Startup Cost":0.0,"Total Cost":259601.38,"Plan Rows":2999738,"Plan Width":12,"Actual Startup Time":0.031,"Actual Total Time":351.699,"Actual Rows":3000000,"Actual Loops":1,"Output":["customer.c_id","customer.c_d_id","customer.c_w_id","customer.c_nationkey","customer.c_first","customer.c_middle","customer.c_last","customer.c_street_1","customer.c_street_2","customer.c_city","customer.c_state","customer.c_zip","customer.c_phone","customer.c_since","customer.c_credit","customer.c_credit_lim","customer.c_discount","customer.c_balance","customer.c_ytd_payment","customer.c_payment_cnt","customer.c_delivery_cnt","customer.c_data"],"Shared Hit Blocks":229604,"Shared Read Blocks":0,"Shared Dirtied Blocks":0,"Shared Written Blocks":0,"Local Hit Blocks":0,"Local Read Blocks":0,"Local Dirtied Blocks":0,"Local Written Blocks":0,"Temp Read Blocks":0,"Temp Written Blocks":0,"I/O Read Time":0.0,"I/O Write Time":0.0,"Temp I/O Read Time":0.0,"Temp I/O Write Time":0.0},{"Node Type":"Hash","Parent Relationship":"Inner","Parallel Aware":false,"Async Capable":false,"Startup Cost":1.93,"Total Cost":1.93,"Plan Rows":2,"Plan Width":12,"Actual Startup Time":0.026,"Actual Total Time":0.027,"Actual Rows":2,"Actual Loops":1,"Output":["n2.n_nationkey","n2.n_name"],"Hash Buckets":1024,"Original Hash Buckets":1024,"Hash Batches":1,"Original Hash Batches":1,"Peak Memory Usage":9,"Shared Hit Blocks":1,"Shared Read Blocks":0,"Shared Dirtied Blocks":0,"Shared Written Blocks":0,"Local Hit Blocks":0,"Local Read Blocks":0,"Local Dirtied Blocks":0,"Local Written Blocks":0,"Temp Read Blocks":0,"Temp Written Blocks":0,"I/O Read Time":0.0,"I/O Write Time":0.0,"Temp I/O Read Time":0.0,"Temp I/O Write Time":0.0,"Plans":[{"Node Type":"Seq Scan","Parent Relationship":"Outer","Parallel Aware":false,"Async Capable":false,"Relation Name":"nation","Schema":"public","Alias":"n2","Startup Cost":0.0,"Total Cost":1.93,"Plan Rows":2,"Plan Width":12,"Actual Startup Time":0.017,"Actual Total Time":0.021,"Actual Rows":2,"Actual Loops":1,"Output":["n2.n_nationkey","n2.n_name"],"Filter":"(((n2.n_name)::text = 'Cambodia'::text) OR ((n2.n_name)::text = 'Germany'::text))","Rows Removed by Filter":60,"Shared Hit Blocks":1,"Shared Read Blocks":0,"Shared Dirtied Blocks":0,"Shared Written Blocks":0,"Local Hit Blocks":0,"Local Read Blocks":0,"Local Dirtied Blocks":0,"Local Written Blocks":0,"Temp Read Blocks":0,"Temp Written Blocks":0,"I/O Read Time":0.0,"I/O Write Time":0.0,"Temp I/O Read Time":0.0,"Temp I/O Write Time":0.0}]}]}]}]}]}]}]},"Planning":{"Shared Hit Blocks":12,"Shared Read Blocks":0,"Shared Dirtied Blocks":0,"Shared Written Blocks":0,"Local Hit Blocks":0,"Local Read Blocks":0,"Local Dirtied Blocks":0,"Local Written Blocks":0,"Temp Read Blocks":0,"Temp Written Blocks":0,"I/O Read Time":0.0,"I/O Write Time":0.0,"Temp I/O Read Time":0.0,"Temp I/O Write Time":0.0},"Planning Time":2.458,"Triggers":[],"Execution Time":14027.934}]
[列存组合]: customer, nation
[{"Plan":{"Node Type":"Aggregate","Strategy":"Sorted","Partial Mode":"Simple","Parallel Aware":false,"Async Capable":false,"Startup Cost":1680459.18,"Total Cost":1680580.78,"Plan Rows":4422,"Plan Width":72,"Actual Startup Time":13252.588,"Actual Total Time":13254.138,"Actual Rows":6,"Actual Loops":1,"Output":["supplier.su_nationkey","customer.c_nationkey","(EXTRACT(year FROM orders.o_entry_d))","sum(order_line.ol_amount)"],"Group Key":["supplier.su_nationkey","customer.c_nationkey","(EXTRACT(year FROM orders.o_entry_d))"],"Shared Hit Blocks":390499,"Shared Read Blocks":0,"Shared Dirtied Blocks":0,"Shared Written Blocks":0,"Local Hit Blocks":0,"Local Read Blocks":0,"Local Dirtied Blocks":0,"Local Written Blocks":0,"Temp Read Blocks":99613,"Temp Written Blocks":99622,"I/O Read Time":0.0,"I/O Write Time":0.0,"Temp I/O Read Time":160.593,"Temp I/O Write Time":446.916,"Plans":[{"Node Type":"Sort","Parent Relationship":"Outer","Parallel Aware":false,"Async Capable":false,"Startup Cost":1680459.18,"Total Cost":1680470.23,"Plan Rows":4422,"Plan Width":44,"Actual Startup Time":13252.519,"Actual Total Time":13252.811,"Actual Rows":6043,"Actual Loops":1,"Output":["supplier.su_nationkey","customer.c_nationkey","(EXTRACT(year FROM orders.o_entry_d))","order_line.ol_amount"],"Sort Key":["supplier.su_nationkey","customer.c_nationkey","(EXTRACT(year FROM orders.o_entry_d))"],"Sort Method":"quicksort","Sort Space Used":523,"Sort Space Type":"Memory","Shared Hit Blocks":390499,"Shared Read Blocks":0,"Shared Dirtied Blocks":0,"Shared Written Blocks":0,"Local Hit Blocks":0,"Local Read Blocks":0,"Local Dirtied Blocks":0,"Local Written Blocks":0,"Temp Read Blocks":99613,"Temp Written Blocks":99622,"I/O Read Time":0.0,"I/O Write Time":0.0,"Temp I/O Read Time":160.593,"Temp I/O Write Time":446.916,"Plans":[{"Node Type":"Merge Join","Parent Relationship":"Outer","Parallel Aware":false,"Async Capable":false,"Join Type":"Inner","Startup Cost":1676099.03,"Total Cost":1680191.41,"Plan Rows":4422,"Plan Width":44,"Actual Startup Time":13088.611,"Actual Total Time":13250.936,"Actual Rows":6043,"Actual Loops":1,"Output":["supplier.su_nationkey","customer.c_nationkey","EXTRACT(year FROM orders.o_entry_d)","order_line.ol_amount"],"Merge Cond":"((orders.o_c_id = customer.c_id) AND (order_line.ol_w_id = customer.c_w_id) AND (order_line.ol_d_id = customer.c_d_id))","Join Filter":"((((n1.n_name)::text = 'Germany'::text) AND ((n2.n_name)::text = 'Cambodia'::text)) OR (((n1.n_name)::text = 'Cambodia'::text) AND ((n2.n_name)::text = 'Germany'::text)))","Rows Removed by Join Filter":5752,"Shared Hit Blocks":390499,"Shared Read Blocks":0,"Shared Dirtied Blocks":0,"Shared Written Blocks":0,"Local Hit Blocks":0,"Local Read Blocks":0,"Local Dirtied Blocks":0,"Local Written Blocks":0,"Temp Read Blocks":99613,"Temp Written Blocks":99622,"I/O Read Time":0.0,"I/O Write Time":0.0,"Temp I/O Read Time":160.593,"Temp I/O Write Time":446.916,"Plans":[{"Node Type":"Sort","Parent Relationship":"Outer","Parallel Aware":false,"Async Capable":false,"Startup Cost":1653384.35,"Total Cost":1654058.91,"Plan Rows":269824,"Plan Width":36,"Actual Startup Time":12968.667,"Actual Total Time":13041.599,"Actual Rows":242214,"Actual Loops":1,"Output":["supplier.su_nationkey","order_line.ol_amount","order_line.ol_w_id","order_line.ol_d_id","orders.o_entry_d","orders.o_w_id","orders.o_d_id","orders.o_c_id","n1.n_name"],"Sort Key":["orders.o_c_id","order_line.ol_w_id","order_line.ol_d_id"],"Sort Method":"external merge","Sort Space Used":11984,"Sort Space Type":"Disk","Shared Hit Blocks":390499,"Shared Read Blocks":0,"Shared Dirtied Blocks":0,"Shared Written Blocks":0,"Local Hit Blocks":0,"Local Read Blocks":0,"Local Dirtied Blocks":0,"Local Written Blocks":0,"Temp Read Blocks":99068,"Temp Written Blocks":99074,"I/O Read Time":0.0,"I/O Write Time":0.0,"Temp I/O Read Time":159.895,"Temp I/O Write Time":444.777,"Plans":[{"Node Type":"Hash Join","Parent Relationship":"Outer","Parallel Aware":false,"Async Capable":false,"Join Type":"Inner","Startup Cost":578796.33,"Total Cost":1621665.99,"Plan Rows":269824,"Plan Width":36,"Actual Startup Time":3007.362,"Actual Total Time":12840.905,"Actual Rows":242214,"Actual Loops":1,"Output":["supplier.su_nationkey","order_line.ol_amount","order_line.ol_w_id","order_line.ol_d_id","orders.o_entry_d","orders.o_w_id","orders.o_d_id","orders.o_c_id","n1.n_name"],"Hash Cond":"((order_line.ol_w_id = orders.o_w_id) AND (order_line.ol_d_id = orders.o_d_id) AND (order_line.ol_o_id = orders.o_id))","Shared Hit Blocks":390499,"Shared Read Blocks":0,"Shared Dirtied Blocks":0,"Shared Written Blocks":0,"Local Hit Blocks":0,"Local Read Blocks":0,"Local Dirtied Blocks":0,"Local Written Blocks":0,"Temp Read Blocks":97570,"Temp Written Blocks":97570,"I/O Read Time":0.0,"I/O Write Time":0.0,"Temp I/O Read Time":157.793,"Temp I/O Write Time":439.235,"Plans":[{"Node Type":"Hash Join","Parent Relationship":"Outer","Parallel Aware":false,"Async Capable":false,"Join Type":"Inner","Startup Cost":449201.25,"Total Cost":1468684.75,"Plan Rows":269988,"Plan Width":28,"Actual Startup Time":2099.731,"Actual Total Time":11597.02,"Actual Rows":242214,"Actual Loops":1,"Output":["supplier.su_nationkey","order_line.ol_amount","order_line.ol_w_id","order_line.ol_d_id","order_line.ol_o_id","n1.n_name"],"Hash Cond":"(supplier.su_nationkey = n1.n_nationkey)","Shared Hit Blocks":368440,"Shared Read Blocks":0,"Shared Dirtied Blocks":0,"Shared Written Blocks":0,"Local Hit Blocks":0,"Local Read Blocks":0,"Local Dirtied Blocks":0,"Local Written Blocks":0,"Temp Read Blocks":79026,"Temp Written Blocks":79026,"I/O Read Time":0.0,"I/O Write Time":0.0,"Temp I/O Read Time":128.338,"Temp I/O Write Time":357.299,"Plans":[{"Node Type":"Hash Join","Parent Relationship":"Outer","Parallel Aware":false,"Async Capable":false,"Join Type":"Inner","Startup Cost":449199.29,"Total Cost":1445210.69,"Plan Rows":8369638,"Plan Width":20,"Actual Startup Time":2097.853,"Actual Total Time":10994.555,"Actual Rows":8570498,"Actual Loops":1,"Output":["supplier.su_nationkey","order_line.ol_amount","order_line.ol_w_id","order_line.ol_d_id","order_line.ol_o_id"],"Hash Cond":"(mod((stock.s_w_id * stock.s_i_id), 10000) = supplier.su_suppkey)","Shared Hit Blocks":368439,"Shared Read Blocks":0,"Shared Dirtied Blocks":0,"Shared Written Blocks":0,"Local Hit Blocks":0,"Local Read Blocks":0,"Local Dirtied Blocks":0,"Local Written Blocks":0,"Temp Read Blocks":79026,"Temp Written Blocks":79026,"I/O Read Time":0.0,"I/O Write Time":0.0,"Temp I/O Read Time":128.338,"Temp I/O Write Time":357.299,"Plans":[{"Node Type":"Hash Join","Parent Relationship":"Outer","Parallel Aware":false,"Async Capable":false,"Join Type":"Inner","Startup Cost":448757.29,"Total Cost":1420694.79,"Plan Rows":8369638,"Plan Width":22,"Actual Startup Time":2095.328,"Actual Total Time":9309.136,"Actual Rows":8570498,"Actual Loops":1,"Output":["stock.s_w_id","stock.s_i_id","order_line.ol_amount","order_line.ol_w_id","order_line.ol_d_id","order_line.ol_o_id"],"Hash Cond":"((order_line.ol_supply_w_id = stock.s_w_id) AND (order_line.ol_i_id = stock.s_i_id))","Shared Hit Blocks":368222,"Shared Read Blocks":0,"Shared Dirtied Blocks":0,"Shared Written Blocks":0,"Local Hit Blocks":0,"Local Read Blocks":0,"Local Dirtied Blocks":0,"Local Written Blocks":0,"Temp Read Blocks":79026,"Temp Written Blocks":79026,"I/O Read Time":0.0,"I/O Write Time":0.0,"Temp I/O Read Time":128.338,"Temp I/O Write Time":357.299,"Plans":[{"Node Type":"Seq Scan","Parent Relationship":"Outer","Parallel Aware":false,"Async Capable":false,"Relation Name":"order_line","Schema":"public","Alias":"order_line","Startup Cost":0.0,"Total Cost":790850.88,"Plan Rows":8369638,"Plan Width":22,"Actual Startup Time":13.158,"Actual Total Time":2831.733,"Actual Rows":8570498,"Actual Loops":1,"Output":["order_line.ol_amount","order_line.ol_supply_w_id","order_line.ol_i_id","order_line.ol_w_id","order_line.ol_d_id","order_line.ol_o_id"],"Filter":"((order_line.ol_delivery_d >= '1995-01-02 20:10:02.27764'::timestamp without time zone) AND (order_line.ol_delivery_d <= '1997-01-01 20:10:02.27764'::timestamp without time zone))","Rows Removed by Filter":21427234,"Shared Hit Blocks":340884,"Shared Read Blocks":0,"Shared Dirtied Blocks":0,"Shared Written Blocks":0,"Local Hit Blocks":0,"Local Read Blocks":0,"Local Dirtied Blocks":0,"Local Written Blocks":0,"Temp Read Blocks":0,"Temp Written Blocks":0,"I/O Read Time":0.0,"I/O Write Time":0.0,"Temp I/O Read Time":0.0,"Temp I/O Write Time":0.0},{"Node Type":"Hash","Parent Relationship":"Inner","Parallel Aware":false,"Async Capable":false,"Startup Cost":259690.86,"Total Cost":259690.86,"Plan Rows":10000162,"Plan Width":6,"Actual Startup Time":2080.84,"Actual Total Time":2080.843,"Actual Rows":10000000,"Actual Loops":1,"Output":["stock.s_w_id","stock.s_i_id"],"Hash Buckets":262144,"Original Hash Buckets":262144,"Hash Batches":64,"Original Hash Batches":64,"Peak Memory Usage":8133,"Shared Hit Blocks":27338,"Shared Read Blocks":0,"Shared Dirtied Blocks":0,"Shared Written Blocks":0,"Local Hit Blocks":0,"Local Read Blocks":0,"Local Dirtied Blocks":0,"Local Written Blocks":0,"Temp Read Blocks":0,"Temp Written Blocks":33616,"I/O Read Time":0.0,"I/O Write Time":0.0,"Temp I/O Read Time":0.0,"Temp I/O Write Time":149.655,"Plans":[{"Node Type":"Index Only Scan","Parent Relationship":"Outer","Parallel Aware":false,"Async Capable":false,"Scan Direction":"Forward","Index Name":"stock_pk","Relation Name":"stock","Schema":"public","Alias":"stock","Startup Cost":0.43,"Total Cost":259690.86,"Plan Rows":10000162,"Plan Width":6,"Actual Startup Time":0.028,"Actual Total Time":722.484,"Actual Rows":10000000,"Actual Loops":1,"Output":["stock.s_w_id","stock.s_i_id"],"Heap Fetches":0,"Shared Hit Blocks":27338,"Shared Read Blocks":0,"Shared Dirtied Blocks":0,"Shared Written Blocks":0,"Local Hit Blocks":0,"Local Read Blocks":0,"Local Dirtied Blocks":0,"Local Written Blocks":0,"Temp Read Blocks":0,"Temp Written Blocks":0,"I/O Read Time":0.0,"I/O Write Time":0.0,"Temp I/O Read Time":0.0,"Temp I/O Write Time":0.0}]}]},{"Node Type":"Hash","Parent Relationship":"Inner","Parallel Aware":false,"Async Capable":false,"Startup Cost":317.0,"Total Cost":317.0,"Plan Rows":10000,"Plan Width":8,"Actual Startup Time":2.47,"Actual Total Time":2.471,"Actual Rows":10000,"Actual Loops":1,"Output":["supplier.su_nationkey","supplier.su_suppkey"],"Hash Buckets":16384,"Original Hash Buckets":16384,"Hash Batches":1,"Original Hash Batches":1,"Peak Memory Usage":519,"Shared Hit Blocks":217,"Shared Read Blocks":0,"Shared Dirtied Blocks":0,"Shared Written Blocks":0,"Local Hit Blocks":0,"Local Read Blocks":0,"Local Dirtied Blocks":0,"Local Written Blocks":0,"Temp Read Blocks":0,"Temp Written Blocks":0,"I/O Read Time":0.0,"I/O Write Time":0.0,"Temp I/O Read Time":0.0,"Temp I/O Write Time":0.0,"Plans":[{"Node Type":"Seq Scan","Parent Relationship":"Outer","Parallel Aware":false,"Async Capable":false,"Relation Name":"supplier","Schema":"public","Alias":"supplier","Startup Cost":0.0,"Total Cost":317.0,"Plan Rows":10000,"Plan Width":8,"Actual Startup Time":0.006,"Actual Total Time":1.255,"Actual Rows":10000,"Actual Loops":1,"Output":["supplier.su_nationkey","supplier.su_suppkey"],"Shared Hit Blocks":217,"Shared Read Blocks":0,"Shared Dirtied Blocks":0,"Shared Written Blocks":0,"Local Hit Blocks":0,"Local Read Blocks":0,"Local Dirtied Blocks":0,"Local Written Blocks":0,"Temp Read Blocks":0,"Temp Written Blocks":0,"I/O Read Time":0.0,"I/O Write Time":0.0,"Temp I/O Read Time":0.0,"Temp I/O Write Time":0.0}]}]},{"Node Type":"Hash","Parent Relationship":"Inner","Parallel Aware":false,"Async Capable":false,"Startup Cost":1.93,"Total Cost":1.93,"Plan Rows":2,"Plan Width":12,"Actual Startup Time":0.02,"Actual Total Time":0.022,"Actual Rows":2,"Actual Loops":1,"Output":["n1.n_nationkey","n1.n_name"],"Hash Buckets":1024,"Original Hash Buckets":1024,"Hash Batches":1,"Original Hash Batches":1,"Peak Memory Usage":9,"Shared Hit Blocks":1,"Shared Read Blocks":0,"Shared Dirtied Blocks":0,"Shared Written Blocks":0,"Local Hit Blocks":0,"Local Read Blocks":0,"Local Dirtied Blocks":0,"Local Written Blocks":0,"Temp Read Blocks":0,"Temp Written Blocks":0,"I/O Read Time":0.0,"I/O Write Time":0.0,"Temp I/O Read Time":0.0,"Temp I/O Write Time":0.0,"Plans":[{"Node Type":"Seq Scan","Parent Relationship":"Outer","Parallel Aware":false,"Async Capable":false,"Relation Name":"nation","Schema":"public","Alias":"n1","Startup Cost":0.0,"Total Cost":1.93,"Plan Rows":2,"Plan Width":12,"Actual Startup Time":0.013,"Actual Total Time":0.018,"Actual Rows":2,"Actual Loops":1,"Output":["n1.n_nationkey","n1.n_name"],"Filter":"(((n1.n_name)::text = 'Germany'::text) OR ((n1.n_name)::text = 'Cambodia'::text))","Rows Removed by Filter":60,"Shared Hit Blocks":1,"Shared Read Blocks":0,"Shared Dirtied Blocks":0,"Shared Written Blocks":0,"Local Hit Blocks":0,"Local Read Blocks":0,"Local Dirtied Blocks":0,"Local Written Blocks":0,"Temp Read Blocks":0,"Temp Written Blocks":0,"I/O Read Time":0.0,"I/O Write Time":0.0,"Temp I/O Read Time":0.0,"Temp I/O Write Time":0.0}]}]},{"Node Type":"Hash","Parent Relationship":"Inner","Parallel Aware":false,"Async Capable":false,"Startup Cost":59559.0,"Total Cost":59559.0,"Plan Rows":2998176,"Plan Width":24,"Actual Startup Time":899.772,"Actual Total Time":899.772,"Actual Rows":2997892,"Actual Loops":1,"Output":["orders.o_entry_d","orders.o_w_id","orders.o_d_id","orders.o_id","orders.o_c_id"],"Hash Buckets":131072,"Original Hash Buckets":131072,"Hash Batches":32,"Original Hash Batches":32,"Peak Memory Usage":6539,"Shared Hit Blocks":22059,"Shared Read Blocks":0,"Shared Dirtied Blocks":0,"Shared Written Blocks":0,"Local Hit Blocks":0,"Local Read Blocks":0,"Local Dirtied Blocks":0,"Local Written Blocks":0,"Temp Read Blocks":0,"Temp Written Blocks":16995,"I/O Read Time":0.0,"I/O Write Time":0.0,"Temp I/O Read Time":0.0,"Temp I/O Write Time":72.515,"Plans":[{"Node Type":"Seq Scan","Parent Relationship":"Outer","Parallel Aware":false,"Async Capable":false,"Relation Name":"orders","Schema":"public","Alias":"orders","Startup Cost":0.0,"Total Cost":59559.0,"Plan Rows":2998176,"Plan Width":24,"Actual Startup Time":0.013,"Actual Total Time":366.839,"Actual Rows":2997892,"Actual Loops":1,"Output":["orders.o_entry_d","orders.o_w_id","orders.o_d_id","orders.o_id","orders.o_c_id"],"Filter":"(orders.o_entry_d >= '1992-01-02 20:10:02.27764'::timestamp without time zone)","Rows Removed by Filter":2108,"Shared Hit Blocks":22059,"Shared Read Blocks":0,"Shared Dirtied Blocks":0,"Shared Written Blocks":0,"Local Hit Blocks":0,"Local Read Blocks":0,"Local Dirtied Blocks":0,"Local Written Blocks":0,"Temp Read Blocks":0,"Temp Written Blocks":0,"I/O Read Time":0.0,"I/O Write Time":0.0,"Temp I/O Read Time":0.0,"Temp I/O Write Time":0.0}]}]}]},{"Node Type":"Materialize","Parent Relationship":"Inner","Parallel Aware":false,"Async Capable":false,"Startup Cost":22714.58,"Total Cost":23198.41,"Plan Rows":96766,"Plan Width":20,"Actual Startup Time":119.907,"Actual Total Time":155.494,"Actual Rows":146547,"Actual Loops":1,"Output":["customer.c_nationkey","customer.c_id","customer.c_w_id","customer.c_d_id","n2.n_name"],"Shared Hit Blocks":0,"Shared Read Blocks":0,"Shared Dirtied Blocks":0,"Shared Written Blocks":0,"Local Hit Blocks":0,"Local Read Blocks":0,"Local Dirtied Blocks":0,"Local Written Blocks":0,"Temp Read Blocks":545,"Temp Written Blocks":548,"I/O Read Time":0.0,"I/O Write Time":0.0,"Temp I/O Read Time":0.699,"Temp I/O Write Time":2.139,"Plans":[{"Node Type":"Sort","Parent Relationship":"Outer","Parallel Aware":false,"Async Capable":false,"Startup Cost":22714.58,"Total Cost":22956.49,"Plan Rows":96766,"Plan Width":20,"Actual Startup Time":119.901,"Actual Total Time":137.468,"Actual Rows":144982,"Actual Loops":1,"Output":["customer.c_nationkey","customer.c_id","customer.c_w_id","customer.c_d_id","n2.n_name"],"Sort Key":["customer.c_id","customer.c_w_id","customer.c_d_id"],"Sort Method":"external merge","Sort Space Used":4360,"Sort Space Type":"Disk","Shared Hit Blocks":0,"Shared Read Blocks":0,"Shared Dirtied Blocks":0,"Shared Written Blocks":0,"Local Hit Blocks":0,"Local Read Blocks":0,"Local Dirtied Blocks":0,"Local Written Blocks":0,"Temp Read Blocks":545,"Temp Written Blocks":548,"I/O Read Time":0.0,"I/O Write Time":0.0,"Temp I/O Read Time":0.699,"Temp I/O Write Time":2.139,"Plans":[{"Node Type":"Hash Join","Parent Relationship":"Outer","Parallel Aware":false,"Async Capable":false,"Join Type":"Inner","Startup Cost":44.04,"Total Cost":12716.78,"Plan Rows":96766,"Plan Width":20,"Actual Startup Time":26.485,"Actual Total Time":68.035,"Actual Rows":144986,"Actual Loops":1,"Output":["customer.c_nationkey","customer.c_id","customer.c_w_id","customer.c_d_id","n2.n_name"],"Hash Cond":"(customer.c_nationkey = n2.n_nationkey)","Rows Removed by Bloom Filter":6506642,"Shared Hit Blocks":0,"Shared Read Blocks":0,"Shared Dirtied Blocks":0,"Shared Written Blocks":0,"Local Hit Blocks":0,"Local Read Blocks":0,"Local Dirtied Blocks":0,"Local Written Blocks":0,"Temp Read Blocks":0,"Temp Written Blocks":0,"I/O Read Time":0.0,"I/O Write Time":0.0,"Temp I/O Read Time":0.0,"Temp I/O Write Time":0.0,"Plans":[{"Node Type":"Append","Parent Relationship":"Outer","Parallel Aware":false,"Async Capable":false,"Startup Cost":20.0,"Total Cost":70517.88,"Plan Rows":2999739,"Plan Width":12,"Actual Startup Time":0.153,"Actual Total Time":0.154,"Actual Rows":3000000,"Actual Loops":1,"Shared Hit Blocks":0,"Shared Read Blocks":0,"Shared Dirtied Blocks":0,"Shared Written Blocks":0,"Local Hit Blocks":0,"Local Read Blocks":0,"Local Dirtied Blocks":0,"Local Written Blocks":0,"Temp Read Blocks":0,"Temp Written Blocks":0,"I/O Read Time":0.0,"I/O Write Time":0.0,"Temp I/O Read Time":0.0,"Temp I/O Write Time":0.0,"Subplans Removed":0,"Plans":[{"Node Type":"Custom Scan","Parent Relationship":"Member","Custom Plan Provider":"columnar scan","Parallel Aware":false,"Async Capable":false,"Relation Name":"customer","Schema":"public","Alias":"customer","Startup Cost":20.0,"Total Cost":70513.87,"Plan Rows":2999738,"Plan Width":12,"Actual Startup Time":0.152,"Actual Total Time":0.152,"Actual Rows":3000000,"Actual Loops":1,"Output":["customer.c_nationkey","customer.c_id","customer.c_w_id","customer.c_d_id"],"Rows Removed by Columnar Filter":0,"Columnar cache search mode":"native","Shared Hit Blocks":0,"Shared Read Blocks":0,"Shared Dirtied Blocks":0,"Shared Written Blocks":0,"Local Hit Blocks":0,"Local Read Blocks":0,"Local Dirtied Blocks":0,"Local Written Blocks":0,"Temp Read Blocks":0,"Temp Written Blocks":0,"I/O Read Time":0.0,"I/O Write Time":0.0,"Temp I/O Read Time":0.0,"Temp I/O Write Time":0.0},{"Node Type":"Seq Scan","Parent Relationship":"Member","Parallel Aware":false,"Async Capable":false,"Relation Name":"customer","Schema":"public","Alias":"customer","Startup Cost":0.0,"Total Cost":4.01,"Plan Rows":1,"Plan Width":12,"Actual Startup Time":0.0,"Actual Total Time":0.0,"Actual Rows":0,"Actual Loops":0,"Output":["customer.c_nationkey","customer.c_id","customer.c_w_id","customer.c_d_id"],"Shared Hit Blocks":0,"Shared Read Blocks":0,"Shared Dirtied Blocks":0,"Shared Written Blocks":0,"Local Hit Blocks":0,"Local Read Blocks":0,"Local Dirtied Blocks":0,"Local Written Blocks":0,"Temp Read Blocks":0,"Temp Written Blocks":0,"I/O Read Time":0.0,"I/O Write Time":0.0,"Temp I/O Read Time":0.0,"Temp I/O Write Time":0.0}]},{"Node Type":"Hash","Parent Relationship":"Inner","Parallel Aware":false,"Async Capable":false,"Startup Cost":24.07,"Total Cost":24.07,"Plan Rows":3,"Plan Width":12,"Actual Rows":2,"Actual Loops":1,"Output":["n2.n_nationkey","n2.n_name"],"Shared Hit Blocks":0,"Shared Read Blocks":0,"Shared Dirtied Blocks":0,"Shared Written Blocks":0,"Local Hit Blocks":0,"Local Read Blocks":0,"Local Dirtied Blocks":0,"Local Written Blocks":0,"Temp Read Blocks":0,"Temp Written Blocks":0,"I/O Read Time":0.0,"I/O Write Time":0.0,"Temp I/O Read Time":0.0,"Temp I/O Write Time":0.0,"Plans":[{"Node Type":"Append","Parent Relationship":"Outer","Parallel Aware":false,"Async Capable":false,"Startup Cost":20.0,"Total Cost":24.07,"Plan Rows":3,"Plan Width":12,"Actual Startup Time":0.092,"Actual Total Time":0.092,"Actual Rows":2,"Actual Loops":1,"Shared Hit Blocks":0,"Shared Read Blocks":0,"Shared Dirtied Blocks":0,"Shared Written Blocks":0,"Local Hit Blocks":0,"Local Read Blocks":0,"Local Dirtied Blocks":0,"Local Written Blocks":0,"Temp Read Blocks":0,"Temp Written Blocks":0,"I/O Read Time":0.0,"I/O Write Time":0.0,"Temp I/O Read Time":0.0,"Temp I/O Write Time":0.0,"Subplans Removed":0,"Plans":[{"Node Type":"Custom Scan","Parent Relationship":"Member","Custom Plan Provider":"columnar scan","Parallel Aware":false,"Async Capable":false,"Relation Name":"nation","Schema":"public","Alias":"n2","Startup Cost":20.0,"Total Cost":20.05,"Plan Rows":2,"Plan Width":12,"Actual Startup Time":0.088,"Actual Total Time":0.088,"Actual Rows":2,"Actual Loops":1,"Output":["n2.n_nationkey","n2.n_name"],"Filter":"(((n2.n_name)::text = 'Cambodia'::text) OR ((n2.n_name)::text = 'Germany'::text))","Rows Removed by Filter":0,"Rows Removed by Columnar Filter":60,"Columnar cache search mode":"native","Shared Hit Blocks":0,"Shared Read Blocks":0,"Shared Dirtied Blocks":0,"Shared Written Blocks":0,"Local Hit Blocks":0,"Local Read Blocks":0,"Local Dirtied Blocks":0,"Local Written Blocks":0,"Temp Read Blocks":0,"Temp Written Blocks":0,"I/O Read Time":0.0,"I/O Write Time":0.0,"Temp I/O Read Time":0.0,"Temp I/O Write Time":0.0},{"Node Type":"Seq Scan","Parent Relationship":"Member","Parallel Aware":false,"Async Capable":false,"Relation Name":"nation","Schema":"public","Alias":"n2","Startup Cost":0.0,"Total Cost":4.01,"Plan Rows":1,"Plan Width":12,"Actual Startup Time":0.0,"Actual Total Time":0.0,"Actual Rows":0,"Actual Loops":0,"Output":["n2.n_nationkey","n2.n_name"],"Filter":"(((n2.n_name)::text = 'Cambodia'::text) OR ((n2.n_name)::text = 'Germany'::text))","Rows Removed by Filter":0,"Shared Hit Blocks":0,"Shared Read Blocks":0,"Shared Dirtied Blocks":0,"Shared Written Blocks":0,"Local Hit Blocks":0,"Local Read Blocks":0,"Local Dirtied Blocks":0,"Local Written Blocks":0,"Temp Read Blocks":0,"Temp Written Blocks":0,"I/O Read Time":0.0,"I/O Write Time":0.0,"Temp I/O Read Time":0.0,"Temp I/O Write Time":0.0}]}]}]}]}]}]}]}]},"Planning":{"Shared Hit Blocks":12,"Shared Read Blocks":0,"Shared Dirtied Blocks":0,"Shared Written Blocks":0,"Local Hit Blocks":0,"Local Read Blocks":0,"Local Dirtied Blocks":0,"Local Written Blocks":0,"Temp Read Blocks":0,"Temp Written Blocks":0,"I/O Read Time":0.0,"I/O Write Time":0.0,"Temp I/O Read Time":0.0,"Temp I/O Write Time":0.0},"Planning Time":2.865,"Triggers":[],"Execution Time":13256.986}]
[列存组合]: customer, order_line
[{"Plan":{"Node Type":"Aggregate","Strategy":"Sorted","Partial Mode":"Simple","Parallel Aware":false,"Async Capable":false,"Startup Cost":1915161.2,"Total Cost":1915282.81,"Plan Rows":4422,"Plan Width":72,"Actual Startup Time":14925.576,"Actual Total Time":14926.894,"Actual Rows":6,"Actual Loops":1,"Output":["supplier.su_nationkey","customer.c_nationkey","(EXTRACT(year FROM orders.o_entry_d))","sum(order_line.ol_amount)"],"Group Key":["supplier.su_nationkey","customer.c_nationkey","(EXTRACT(year FROM orders.o_entry_d))"],"Shared Hit Blocks":49616,"Shared Read Blocks":0,"Shared Dirtied Blocks":0,"Shared Written Blocks":0,"Local Hit Blocks":0,"Local Read Blocks":0,"Local Dirtied Blocks":0,"Local Written Blocks":0,"Temp Read Blocks":103732,"Temp Written Blocks":103741,"I/O Read Time":0.0,"I/O Write Time":0.0,"Temp I/O Read Time":169.498,"Temp I/O Write Time":479.541,"Plans":[{"Node Type":"Sort","Parent Relationship":"Outer","Parallel Aware":false,"Async Capable":false,"Startup Cost":1915161.2,"Total Cost":1915172.26,"Plan Rows":4422,"Plan Width":44,"Actual Startup Time":14925.513,"Actual Total Time":14925.776,"Actual Rows":6043,"Actual Loops":1,"Output":["supplier.su_nationkey","customer.c_nationkey","(EXTRACT(year FROM orders.o_entry_d))","order_line.ol_amount"],"Sort Key":["supplier.su_nationkey","customer.c_nationkey","(EXTRACT(year FROM orders.o_entry_d))"],"Sort Method":"quicksort","Sort Space Used":523,"Sort Space Type":"Memory","Shared Hit Blocks":49616,"Shared Read Blocks":0,"Shared Dirtied Blocks":0,"Shared Written Blocks":0,"Local Hit Blocks":0,"Local Read Blocks":0,"Local Dirtied Blocks":0,"Local Written Blocks":0,"Temp Read Blocks":103732,"Temp Written Blocks":103741,"I/O Read Time":0.0,"I/O Write Time":0.0,"Temp I/O Read Time":169.498,"Temp I/O Write Time":479.541,"Plans":[{"Node Type":"Merge Join","Parent Relationship":"Outer","Parallel Aware":false,"Async Capable":false,"Join Type":"Inner","Startup Cost":1910801.06,"Total Cost":1914893.44,"Plan Rows":4422,"Plan Width":44,"Actual Startup Time":14773.007,"Actual Total Time":14924.097,"Actual Rows":6043,"Actual Loops":1,"Output":["supplier.su_nationkey","customer.c_nationkey","EXTRACT(year FROM orders.o_entry_d)","order_line.ol_amount"],"Inner Unique":false,"Merge Cond":"((orders.o_c_id = customer.c_id) AND (order_line.ol_w_id = customer.c_w_id) AND (order_line.ol_d_id = customer.c_d_id))","Join Filter":"((((n1.n_name)::text = 'Germany'::text) AND ((n2.n_name)::text = 'Cambodia'::text)) OR (((n1.n_name)::text = 'Cambodia'::text) AND ((n2.n_name)::text = 'Germany'::text)))","Rows Removed by Join Filter":5752,"Shared Hit Blocks":49616,"Shared Read Blocks":0,"Shared Dirtied Blocks":0,"Shared Written Blocks":0,"Local Hit Blocks":0,"Local Read Blocks":0,"Local Dirtied Blocks":0,"Local Written Blocks":0,"Temp Read Blocks":103732,"Temp Written Blocks":103741,"I/O Read Time":0.0,"I/O Write Time":0.0,"Temp I/O Read Time":169.498,"Temp I/O Write Time":479.541,"Plans":[{"Node Type":"Sort","Parent Relationship":"Outer","Parallel Aware":false,"Async Capable":false,"Startup Cost":1637877.47,"Total Cost":1638552.03,"Plan Rows":269824,"Plan Width":36,"Actual Startup Time":14641.978,"Actual Total Time":14712.549,"Actual Rows":242214,"Actual Loops":1,"Output":["supplier.su_nationkey","order_line.ol_amount","order_line.ol_w_id","order_line.ol_d_id","orders.o_entry_d","orders.o_w_id","orders.o_d_id","orders.o_c_id","n1.n_name"],"Sort Key":["orders.o_c_id","order_line.ol_w_id","order_line.ol_d_id"],"Sort Method":"external merge","Sort Space Used":11984,"Sort Space Type":"Disk","Shared Hit Blocks":49615,"Shared Read Blocks":0,"Shared Dirtied Blocks":0,"Shared Written Blocks":0,"Local Hit Blocks":0,"Local Read Blocks":0,"Local Dirtied Blocks":0,"Local Written Blocks":0,"Temp Read Blocks":103187,"Temp Written Blocks":103193,"I/O Read Time":0.0,"I/O Write Time":0.0,"Temp I/O Read Time":168.812,"Temp I/O Write Time":477.454,"Plans":[{"Node Type":"Hash Join","Parent Relationship":"Outer","Parallel Aware":false,"Async Capable":false,"Join Type":"Inner","Startup Cost":578816.33,"Total Cost":1606159.11,"Plan Rows":269824,"Plan Width":36,"Actual Startup Time":2995.55,"Actual Total Time":14514.371,"Actual Rows":242214,"Actual Loops":1,"Output":["supplier.su_nationkey","order_line.ol_amount","order_line.ol_w_id","order_line.ol_d_id","orders.o_entry_d","orders.o_w_id","orders.o_d_id","orders.o_c_id","n1.n_name"],"Inner Unique":true,"Hash Cond":"((order_line.ol_w_id = orders.o_w_id) AND (order_line.ol_d_id = orders.o_d_id) AND (order_line.ol_o_id = orders.o_id))","Shared Hit Blocks":49615,"Shared Read Blocks":0,"Shared Dirtied Blocks":0,"Shared Written Blocks":0,"Local Hit Blocks":0,"Local Read Blocks":0,"Local Dirtied Blocks":0,"Local Written Blocks":0,"Temp Read Blocks":101689,"Temp Written Blocks":101689,"I/O Read Time":0.0,"I/O Write Time":0.0,"Temp I/O Read Time":166.716,"Temp I/O Write Time":471.888,"Plans":[{"Node Type":"Hash Join","Parent Relationship":"Outer","Parallel Aware":false,"Async Capable":false,"Join Type":"Inner","Startup Cost":449221.25,"Total Cost":1453177.87,"Plan Rows":269988,"Plan Width":28,"Actual Startup Time":2085.283,"Actual Total Time":13262.648,"Actual Rows":242214,"Actual Loops":1,"Output":["supplier.su_nationkey","order_line.ol_amount","order_line.ol_w_id","order_line.ol_d_id","order_line.ol_o_id","n1.n_name"],"Inner Unique":true,"Hash Cond":"(supplier.su_nationkey = n1.n_nationkey)","Shared Hit Blocks":27556,"Shared Read Blocks":0,"Shared Dirtied Blocks":0,"Shared Written Blocks":0,"Local Hit Blocks":0,"Local Read Blocks":0,"Local Dirtied Blocks":0,"Local Written Blocks":0,"Temp Read Blocks":83145,"Temp Written Blocks":83145,"I/O Read Time":0.0,"I/O Write Time":0.0,"Temp I/O Read Time":137.312,"Temp I/O Write Time":384.638,"Plans":[{"Node Type":"Hash Join","Parent Relationship":"Outer","Parallel Aware":false,"Async Capable":false,"Join Type":"Inner","Startup Cost":449219.29,"Total Cost":1429703.81,"Plan Rows":8369638,"Plan Width":20,"Actual Startup Time":2083.196,"Actual Total Time":12618.748,"Actual Rows":8570498,"Actual Loops":1,"Output":["supplier.su_nationkey","order_line.ol_amount","order_line.ol_w_id","order_line.ol_d_id","order_line.ol_o_id"],"Inner Unique":true,"Hash Cond":"(mod((stock.s_w_id * stock.s_i_id), 10000) = supplier.su_suppkey)","Shared Hit Blocks":27555,"Shared Read Blocks":0,"Shared Dirtied Blocks":0,"Shared Written Blocks":0,"Local Hit Blocks":0,"Local Read Blocks":0,"Local Dirtied Blocks":0,"Local Written Blocks":0,"Temp Read Blocks":83145,"Temp Written Blocks":83145,"I/O Read Time":0.0,"I/O Write Time":0.0,"Temp I/O Read Time":137.312,"Temp I/O Write Time":384.638,"Plans":[{"Node Type":"Hash Join","Parent Relationship":"Outer","Parallel Aware":false,"Async Capable":false,"Join Type":"Inner","Startup Cost":448777.29,"Total Cost":1405187.91,"Plan Rows":8369638,"Plan Width":22,"Actual Startup Time":2080.672,"Actual Total Time":10856.906,"Actual Rows":8570498,"Actual Loops":1,"Output":["stock.s_w_id","stock.s_i_id","order_line.ol_amount","order_line.ol_w_id","order_line.ol_d_id","order_line.ol_o_id"],"Inner Unique":true,"Hash Cond":"((order_line.ol_supply_w_id = stock.s_w_id) AND (order_line.ol_i_id = stock.s_i_id))","Shared Hit Blocks":27338,"Shared Read Blocks":0,"Shared Dirtied Blocks":0,"Shared Written Blocks":0,"Local Hit Blocks":0,"Local Read Blocks":0,"Local Dirtied Blocks":0,"Local Written Blocks":0,"Temp Read Blocks":83145,"Temp Written Blocks":83145,"I/O Read Time":0.0,"I/O Write Time":0.0,"Temp I/O Read Time":137.312,"Temp I/O Write Time":384.638,"Plans":[{"Node Type":"Append","Parent Relationship":"Outer","Parallel Aware":false,"Async Capable":false,"Startup Cost":20.0,"Total Cost":775344.0,"Plan Rows":8369638,"Plan Width":22,"Actual Startup Time":0.198,"Actual Total Time":1692.104,"Actual Rows":8570498,"Actual Loops":1,"Shared Hit Blocks":0,"Shared Read Blocks":0,"Shared Dirtied Blocks":0,"Shared Written Blocks":0,"Local Hit Blocks":0,"Local Read Blocks":0,"Local Dirtied Blocks":0,"Local Written Blocks":0,"Temp Read Blocks":0,"Temp Written Blocks":0,"I/O Read Time":0.0,"I/O Write Time":0.0,"Temp I/O Read Time":0.0,"Temp I/O Write Time":0.0,"Subplans Removed":0,"Plans":[{"Node Type":"Custom Scan","Parent Relationship":"Member","Custom Plan Provider":"columnar scan","Parallel Aware":false,"Async Capable":false,"Relation Name":"order_line","Schema":"public","Alias":"order_line","Startup Cost":20.0,"Total Cost":230185.68,"Plan Rows":8369621,"Plan Width":22,"Actual Startup Time":0.197,"Actual Total Time":1087.042,"Actual Rows":8570498,"Actual Loops":1,"Output":["order_line.ol_amount","order_line.ol_supply_w_id","order_line.ol_i_id","order_line.ol_w_id","order_line.ol_d_id","order_line.ol_o_id"],"Filter":"((order_line.ol_delivery_d <= '1997-01-01 20:10:02.27764'::timestamp without time zone) AND (order_line.ol_delivery_d >= '1995-01-02 20:10:02.27764'::timestamp without time zone))","Rows Removed by Filter":0,"Rows Removed by Columnar Filter":21427234,"Columnar projection mode":"late materialization","Columnar cache search mode":"native","Shared Hit Blocks":0,"Shared Read Blocks":0,"Shared Dirtied Blocks":0,"Shared Written Blocks":0,"Local Hit Blocks":0,"Local Read Blocks":0,"Local Dirtied Blocks":0,"Local Written Blocks":0,"Temp Read Blocks":0,"Temp Written Blocks":0,"I/O Read Time":0.0,"I/O Write Time":0.0,"Temp I/O Read Time":0.0,"Temp I/O Write Time":0.0},{"Node Type":"Seq Scan","Parent Relationship":"Member","Parallel Aware":false,"Async Capable":false,"Relation Name":"order_line","Schema":"public","Alias":"order_line","Startup Cost":0.0,"Total Cost":4.9,"Plan Rows":17,"Plan Width":22,"Actual Startup Time":0.0,"Actual Total Time":0.0,"Actual Rows":0,"Actual Loops":0,"Output":["order_line.ol_amount","order_line.ol_supply_w_id","order_line.ol_i_id","order_line.ol_w_id","order_line.ol_d_id","order_line.ol_o_id"],"Filter":"((order_line.ol_delivery_d <= '1997-01-01 20:10:02.27764'::timestamp without time zone) AND (order_line.ol_delivery_d >= '1995-01-02 20:10:02.27764'::timestamp without time zone))","Rows Removed by Filter":0,"Shared Hit Blocks":0,"Shared Read Blocks":0,"Shared Dirtied Blocks":0,"Shared Written Blocks":0,"Local Hit Blocks":0,"Local Read Blocks":0,"Local Dirtied Blocks":0,"Local Written Blocks":0,"Temp Read Blocks":0,"Temp Written Blocks":0,"I/O Read Time":0.0,"I/O Write Time":0.0,"Temp I/O Read Time":0.0,"Temp I/O Write Time":0.0}]},{"Node Type":"Hash","Parent Relationship":"Inner","Parallel Aware":false,"Async Capable":false,"Startup Cost":259690.86,"Total Cost":259690.86,"Plan Rows":10000162,"Plan Width":6,"Actual Startup Time":2079.157,"Actual Total Time":2079.159,"Actual Rows":10000000,"Actual Loops":1,"Output":["stock.s_w_id","stock.s_i_id"],"Hash Buckets":262144,"Original Hash Buckets":262144,"Hash Batches":64,"Original Hash Batches":64,"Peak Memory Usage":8133,"Shared Hit Blocks":27338,"Shared Read Blocks":0,"Shared Dirtied Blocks":0,"Shared Written Blocks":0,"Local Hit Blocks":0,"Local Read Blocks":0,"Local Dirtied Blocks":0,"Local Written Blocks":0,"Temp Read Blocks":0,"Temp Written Blocks":33616,"I/O Read Time":0.0,"I/O Write Time":0.0,"Temp I/O Read Time":0.0,"Temp I/O Write Time":153.194,"Plans":[{"Node Type":"Index Only Scan","Parent Relationship":"Outer","Parallel Aware":false,"Async Capable":false,"Scan Direction":"Forward","Index Name":"stock_pk","Relation Name":"stock","Schema":"public","Alias":"stock","Startup Cost":0.43,"Total Cost":259690.86,"Plan Rows":10000162,"Plan Width":6,"Actual Startup Time":0.026,"Actual Total Time":720.26,"Actual Rows":10000000,"Actual Loops":1,"Output":["stock.s_w_id","stock.s_i_id"],"Heap Fetches":0,"Shared Hit Blocks":27338,"Shared Read Blocks":0,"Shared Dirtied Blocks":0,"Shared Written Blocks":0,"Local Hit Blocks":0,"Local Read Blocks":0,"Local Dirtied Blocks":0,"Local Written Blocks":0,"Temp Read Blocks":0,"Temp Written Blocks":0,"I/O Read Time":0.0,"I/O Write Time":0.0,"Temp I/O Read Time":0.0,"Temp I/O Write Time":0.0}]}]},{"Node Type":"Hash","Parent Relationship":"Inner","Parallel Aware":false,"Async Capable":false,"Startup Cost":317.0,"Total Cost":317.0,"Plan Rows":10000,"Plan Width":8,"Actual Startup Time":2.471,"Actual Total Time":2.472,"Actual Rows":10000,"Actual Loops":1,"Output":["supplier.su_nationkey","supplier.su_suppkey"],"Hash Buckets":16384,"Original Hash Buckets":16384,"Hash Batches":1,"Original Hash Batches":1,"Peak Memory Usage":519,"Shared Hit Blocks":217,"Shared Read Blocks":0,"Shared Dirtied Blocks":0,"Shared Written Blocks":0,"Local Hit Blocks":0,"Local Read Blocks":0,"Local Dirtied Blocks":0,"Local Written Blocks":0,"Temp Read Blocks":0,"Temp Written Blocks":0,"I/O Read Time":0.0,"I/O Write Time":0.0,"Temp I/O Read Time":0.0,"Temp I/O Write Time":0.0,"Plans":[{"Node Type":"Seq Scan","Parent Relationship":"Outer","Parallel Aware":false,"Async Capable":false,"Relation Name":"supplier","Schema":"public","Alias":"supplier","Startup Cost":0.0,"Total Cost":317.0,"Plan Rows":10000,"Plan Width":8,"Actual Startup Time":0.008,"Actual Total Time":1.252,"Actual Rows":10000,"Actual Loops":1,"Output":["supplier.su_nationkey","supplier.su_suppkey"],"Shared Hit Blocks":217,"Shared Read Blocks":0,"Shared Dirtied Blocks":0,"Shared Written Blocks":0,"Local Hit Blocks":0,"Local Read Blocks":0,"Local Dirtied Blocks":0,"Local Written Blocks":0,"Temp Read Blocks":0,"Temp Written Blocks":0,"I/O Read Time":0.0,"I/O Write Time":0.0,"Temp I/O Read Time":0.0,"Temp I/O Write Time":0.0}]}]},{"Node Type":"Hash","Parent Relationship":"Inner","Parallel Aware":false,"Async Capable":false,"Startup Cost":1.93,"Total Cost":1.93,"Plan Rows":2,"Plan Width":12,"Actual Startup Time":0.02,"Actual Total Time":0.021,"Actual Rows":2,"Actual Loops":1,"Output":["n1.n_nationkey","n1.n_name"],"Hash Buckets":1024,"Original Hash Buckets":1024,"Hash Batches":1,"Original Hash Batches":1,"Peak Memory Usage":9,"Shared Hit Blocks":1,"Shared Read Blocks":0,"Shared Dirtied Blocks":0,"Shared Written Blocks":0,"Local Hit Blocks":0,"Local Read Blocks":0,"Local Dirtied Blocks":0,"Local Written Blocks":0,"Temp Read Blocks":0,"Temp Written Blocks":0,"I/O Read Time":0.0,"I/O Write Time":0.0,"Temp I/O Read Time":0.0,"Temp I/O Write Time":0.0,"Plans":[{"Node Type":"Seq Scan","Parent Relationship":"Outer","Parallel Aware":false,"Async Capable":false,"Relation Name":"nation","Schema":"public","Alias":"n1","Startup Cost":0.0,"Total Cost":1.93,"Plan Rows":2,"Plan Width":12,"Actual Startup Time":0.013,"Actual Total Time":0.018,"Actual Rows":2,"Actual Loops":1,"Output":["n1.n_nationkey","n1.n_name"],"Filter":"(((n1.n_name)::text = 'Germany'::text) OR ((n1.n_name)::text = 'Cambodia'::text))","Rows Removed by Filter":60,"Shared Hit Blocks":1,"Shared Read Blocks":0,"Shared Dirtied Blocks":0,"Shared Written Blocks":0,"Local Hit Blocks":0,"Local Read Blocks":0,"Local Dirtied Blocks":0,"Local Written Blocks":0,"Temp Read Blocks":0,"Temp Written Blocks":0,"I/O Read Time":0.0,"I/O Write Time":0.0,"Temp I/O Read Time":0.0,"Temp I/O Write Time":0.0}]}]},{"Node Type":"Hash","Parent Relationship":"Inner","Parallel Aware":false,"Async Capable":false,"Startup Cost":59559.0,"Total Cost":59559.0,"Plan Rows":2998176,"Plan Width":24,"Actual Startup Time":902.597,"Actual Total Time":902.598,"Actual Rows":2997892,"Actual Loops":1,"Output":["orders.o_entry_d","orders.o_w_id","orders.o_d_id","orders.o_id","orders.o_c_id"],"Hash Buckets":131072,"Original Hash Buckets":131072,"Hash Batches":32,"Original Hash Batches":32,"Peak Memory Usage":6539,"Shared Hit Blocks":22059,"Shared Read Blocks":0,"Shared Dirtied Blocks":0,"Shared Written Blocks":0,"Local Hit Blocks":0,"Local Read Blocks":0,"Local Dirtied Blocks":0,"Local Written Blocks":0,"Temp Read Blocks":0,"Temp Written Blocks":16995,"I/O Read Time":0.0,"I/O Write Time":0.0,"Temp I/O Read Time":0.0,"Temp I/O Write Time":76.244,"Plans":[{"Node Type":"Seq Scan","Parent Relationship":"Outer","Parallel Aware":false,"Async Capable":false,"Relation Name":"orders","Schema":"public","Alias":"orders","Startup Cost":0.0,"Total Cost":59559.0,"Plan Rows":2998176,"Plan Width":24,"Actual Startup Time":0.016,"Actual Total Time":366.125,"Actual Rows":2997892,"Actual Loops":1,"Output":["orders.o_entry_d","orders.o_w_id","orders.o_d_id","orders.o_id","orders.o_c_id"],"Filter":"(orders.o_entry_d >= '1992-01-02 20:10:02.27764'::timestamp without time zone)","Rows Removed by Filter":2108,"Shared Hit Blocks":22059,"Shared Read Blocks":0,"Shared Dirtied Blocks":0,"Shared Written Blocks":0,"Local Hit Blocks":0,"Local Read Blocks":0,"Local Dirtied Blocks":0,"Local Written Blocks":0,"Temp Read Blocks":0,"Temp Written Blocks":0,"I/O Read Time":0.0,"I/O Write Time":0.0,"Temp I/O Read Time":0.0,"Temp I/O Write Time":0.0}]}]}]},{"Node Type":"Materialize","Parent Relationship":"Inner","Parallel Aware":false,"Async Capable":false,"Startup Cost":272923.48,"Total Cost":273407.31,"Plan Rows":96766,"Plan Width":20,"Actual Startup Time":130.991,"Actual Total Time":163.934,"Actual Rows":146547,"Actual Loops":1,"Output":["customer.c_nationkey","customer.c_id","customer.c_w_id","customer.c_d_id","n2.n_name"],"Shared Hit Blocks":1,"Shared Read Blocks":0,"Shared Dirtied Blocks":0,"Shared Written Blocks":0,"Local Hit Blocks":0,"Local Read Blocks":0,"Local Dirtied Blocks":0,"Local Written Blocks":0,"Temp Read Blocks":545,"Temp Written Blocks":548,"I/O Read Time":0.0,"I/O Write Time":0.0,"Temp I/O Read Time":0.685,"Temp I/O Write Time":2.087,"Plans":[{"Node Type":"Sort","Parent Relationship":"Outer","Parallel Aware":false,"Async Capable":false,"Startup Cost":272923.48,"Total Cost":273165.4,"Plan Rows":96766,"Plan Width":20,"Actual Startup Time":130.985,"Actual Total Time":148.106,"Actual Rows":144982,"Actual Loops":1,"Output":["customer.c_nationkey","customer.c_id","customer.c_w_id","customer.c_d_id","n2.n_name"],"Sort Key":["customer.c_id","customer.c_w_id","customer.c_d_id"],"Sort Method":"external merge","Sort Space Used":4360,"Sort Space Type":"Disk","Shared Hit Blocks":1,"Shared Read Blocks":0,"Shared Dirtied Blocks":0,"Shared Written Blocks":0,"Local Hit Blocks":0,"Local Read Blocks":0,"Local Dirtied Blocks":0,"Local Written Blocks":0,"Temp Read Blocks":545,"Temp Written Blocks":548,"I/O Read Time":0.0,"I/O Write Time":0.0,"Temp I/O Read Time":0.685,"Temp I/O Write Time":2.087,"Plans":[{"Node Type":"Hash Join","Parent Relationship":"Outer","Parallel Aware":false,"Async Capable":false,"Join Type":"Inner","Startup Cost":21.95,"Total Cost":262925.69,"Plan Rows":96766,"Plan Width":20,"Actual Startup Time":0.725,"Actual Total Time":80.508,"Actual Rows":144986,"Actual Loops":1,"Output":["customer.c_nationkey","customer.c_id","customer.c_w_id","customer.c_d_id","n2.n_name"],"Inner Unique":true,"Hash Cond":"(customer.c_nationkey = n2.n_nationkey)","Shared Hit Blocks":1,"Shared Read Blocks":0,"Shared Dirtied Blocks":0,"Shared Written Blocks":0,"Local Hit Blocks":0,"Local Read Blocks":0,"Local Dirtied Blocks":0,"Local Written Blocks":0,"Temp Read Blocks":0,"Temp Written Blocks":0,"I/O Read Time":0.0,"I/O Write Time":0.0,"Temp I/O Read Time":0.0,"Temp I/O Write Time":0.0,"Plans":[{"Node Type":"Append","Parent Relationship":"Outer","Parallel Aware":false,"Async Capable":false,"Startup Cost":20.0,"Total Cost":254511.16,"Plan Rows":2999739,"Plan Width":12,"Actual Startup Time":0.284,"Actual Total Time":53.183,"Actual Rows":144986,"Actual Loops":1,"Shared Hit Blocks":0,"Shared Read Blocks":0,"Shared Dirtied Blocks":0,"Shared Written Blocks":0,"Local Hit Blocks":0,"Local Read Blocks":0,"Local Dirtied Blocks":0,"Local Written Blocks":0,"Temp Read Blocks":0,"Temp Written Blocks":0,"I/O Read Time":0.0,"I/O Write Time":0.0,"Temp I/O Read Time":0.0,"Temp I/O Write Time":0.0,"Subplans Removed":0,"Plans":[{"Node Type":"Custom Scan","Parent Relationship":"Member","Custom Plan Provider":"columnar scan","Parallel Aware":false,"Async Capable":false,"Relation Name":"customer","Schema":"public","Alias":"customer","Startup Cost":20.0,"Total Cost":70513.87,"Plan Rows":2999738,"Plan Width":12,"Actual Startup Time":0.282,"Actual Total Time":42.736,"Actual Rows":144986,"Actual Loops":1,"Output":["customer.c_nationkey","customer.c_id","customer.c_w_id","customer.c_d_id"],"Rows Removed by Columnar Filter":2855014,"Rows Filtered by Bloom Filter":0,"Dictionary Rows Filtered by Bloom Filter":2855014,"Columnar cache search mode":"native","Shared Hit Blocks":0,"Shared Read Blocks":0,"Shared Dirtied Blocks":0,"Shared Written Blocks":0,"Local Hit Blocks":0,"Local Read Blocks":0,"Local Dirtied Blocks":0,"Local Written Blocks":0,"Temp Read Blocks":0,"Temp Written Blocks":0,"I/O Read Time":0.0,"I/O Write Time":0.0,"Temp I/O Read Time":0.0,"Temp I/O Write Time":0.0},{"Node Type":"Seq Scan","Parent Relationship":"Member","Parallel Aware":false,"Async Capable":false,"Relation Name":"customer","Schema":"public","Alias":"customer","Startup Cost":0.0,"Total Cost":4.01,"Plan Rows":1,"Plan Width":12,"Actual Startup Time":0.0,"Actual Total Time":0.0,"Actual Rows":0,"Actual Loops":0,"Output":["customer.c_nationkey","customer.c_id","customer.c_w_id","customer.c_d_id"],"Shared Hit Blocks":0,"Shared Read Blocks":0,"Shared Dirtied Blocks":0,"Shared Written Blocks":0,"Local Hit Blocks":0,"Local Read Blocks":0,"Local Dirtied Blocks":0,"Local Written Blocks":0,"Temp Read Blocks":0,"Temp Written Blocks":0,"I/O Read Time":0.0,"I/O Write Time":0.0,"Temp I/O Read Time":0.0,"Temp I/O Write Time":0.0}]},{"Node Type":"Hash","Parent Relationship":"Inner","Parallel Aware":false,"Async Capable":false,"Startup Cost":1.93,"Total Cost":1.93,"Plan Rows":2,"Plan Width":12,"Actual Startup Time":0.045,"Actual Total Time":0.046,"Actual Rows":2,"Actual Loops":1,"Output":["n2.n_nationkey","n2.n_name"],"Hash Buckets":1024,"Original Hash Buckets":1024,"Hash Batches":1,"Original Hash Batches":1,"Peak Memory Usage":9,"Shared Hit Blocks":1,"Shared Read Blocks":0,"Shared Dirtied Blocks":0,"Shared Written Blocks":0,"Local Hit Blocks":0,"Local Read Blocks":0,"Local Dirtied Blocks":0,"Local Written Blocks":0,"Temp Read Blocks":0,"Temp Written Blocks":0,"I/O Read Time":0.0,"I/O Write Time":0.0,"Temp I/O Read Time":0.0,"Temp I/O Write Time":0.0,"Plans":[{"Node Type":"Seq Scan","Parent Relationship":"Outer","Parallel Aware":false,"Async Capable":false,"Relation Name":"nation","Schema":"public","Alias":"n2","Startup Cost":0.0,"Total Cost":1.93,"Plan Rows":2,"Plan Width":12,"Actual Startup Time":0.034,"Actual Total Time":0.039,"Actual Rows":2,"Actual Loops":1,"Output":["n2.n_nationkey","n2.n_name"],"Filter":"(((n2.n_name)::text = 'Cambodia'::text) OR ((n2.n_name)::text = 'Germany'::text))","Rows Removed by Filter":60,"Shared Hit Blocks":1,"Shared Read Blocks":0,"Shared Dirtied Blocks":0,"Shared Written Blocks":0,"Local Hit Blocks":0,"Local Read Blocks":0,"Local Dirtied Blocks":0,"Local Written Blocks":0,"Temp Read Blocks":0,"Temp Written Blocks":0,"I/O Read Time":0.0,"I/O Write Time":0.0,"Temp I/O Read Time":0.0,"Temp I/O Write Time":0.0}]}]}]}]}]}]}]},"Planning":{"Shared Hit Blocks":12,"Shared Read Blocks":0,"Shared Dirtied Blocks":0,"Shared Written Blocks":0,"Local Hit Blocks":0,"Local Read Blocks":0,"Local Dirtied Blocks":0,"Local Written Blocks":0,"Temp Read Blocks":0,"Temp Written Blocks":0,"I/O Read Time":0.0,"I/O Write Time":0.0,"Temp I/O Read Time":0.0,"Temp I/O Write Time":0.0},"Planning Time":3.064,"Triggers":[],"Execution Time":14929.531}]
[列存组合]: customer, orders
[{"Plan":{"Node Type":"Aggregate","Strategy":"Sorted","Partial Mode":"Simple","Parallel Aware":false,"Async Capable":false,"Startup Cost":1930668.08,"Total Cost":1930789.69,"Plan Rows":4422,"Plan Width":72,"Actual Startup Time":13290.067,"Actual Total Time":13291.34,"Actual Rows":6,"Actual Loops":1,"Output":["supplier.su_nationkey","customer.c_nationkey","(EXTRACT(year FROM orders.o_entry_d))","sum(order_line.ol_amount)"],"Group Key":["supplier.su_nationkey","customer.c_nationkey","(EXTRACT(year FROM orders.o_entry_d))"],"Shared Hit Blocks":390500,"Shared Read Blocks":0,"Shared Dirtied Blocks":0,"Shared Written Blocks":0,"Local Hit Blocks":0,"Local Read Blocks":0,"Local Dirtied Blocks":0,"Local Written Blocks":0,"Temp Read Blocks":99613,"Temp Written Blocks":99622,"I/O Read Time":0.0,"I/O Write Time":0.0,"Temp I/O Read Time":156.862,"Temp I/O Write Time":446.399,"Plans":[{"Node Type":"Sort","Parent Relationship":"Outer","Parallel Aware":false,"Async Capable":false,"Startup Cost":1930668.08,"Total Cost":1930679.14,"Plan Rows":4422,"Plan Width":44,"Actual Startup Time":13290.008,"Actual Total Time":13290.274,"Actual Rows":6043,"Actual Loops":1,"Output":["supplier.su_nationkey","customer.c_nationkey","(EXTRACT(year FROM orders.o_entry_d))","order_line.ol_amount"],"Sort Key":["supplier.su_nationkey","customer.c_nationkey","(EXTRACT(year FROM orders.o_entry_d))"],"Sort Method":"quicksort","Sort Space Used":523,"Sort Space Type":"Memory","Shared Hit Blocks":390500,"Shared Read Blocks":0,"Shared Dirtied Blocks":0,"Shared Written Blocks":0,"Local Hit Blocks":0,"Local Read Blocks":0,"Local Dirtied Blocks":0,"Local Written Blocks":0,"Temp Read Blocks":99613,"Temp Written Blocks":99622,"I/O Read Time":0.0,"I/O Write Time":0.0,"Temp I/O Read Time":156.862,"Temp I/O Write Time":446.399,"Plans":[{"Node Type":"Merge Join","Parent Relationship":"Outer","Parallel Aware":false,"Async Capable":false,"Join Type":"Inner","Startup Cost":1926307.94,"Total Cost":1930400.32,"Plan Rows":4422,"Plan Width":44,"Actual Startup Time":13136.51,"Actual Total Time":13288.596,"Actual Rows":6043,"Actual Loops":1,"Output":["supplier.su_nationkey","customer.c_nationkey","EXTRACT(year FROM orders.o_entry_d)","order_line.ol_amount"],"Inner Unique":false,"Merge Cond":"((orders.o_c_id = customer.c_id) AND (order_line.ol_w_id = customer.c_w_id) AND (order_line.ol_d_id = customer.c_d_id))","Join Filter":"((((n1.n_name)::text = 'Germany'::text) AND ((n2.n_name)::text = 'Cambodia'::text)) OR (((n1.n_name)::text = 'Cambodia'::text) AND ((n2.n_name)::text = 'Germany'::text)))","Rows Removed by Join Filter":5752,"Shared Hit Blocks":390500,"Shared Read Blocks":0,"Shared Dirtied Blocks":0,"Shared Written Blocks":0,"Local Hit Blocks":0,"Local Read Blocks":0,"Local Dirtied Blocks":0,"Local Written Blocks":0,"Temp Read Blocks":99613,"Temp Written Blocks":99622,"I/O Read Time":0.0,"I/O Write Time":0.0,"Temp I/O Read Time":156.862,"Temp I/O Write Time":446.399,"Plans":[{"Node Type":"Sort","Parent Relationship":"Outer","Parallel Aware":false,"Async Capable":false,"Startup Cost":1653384.35,"Total Cost":1654058.91,"Plan Rows":269824,"Plan Width":36,"Actual Startup Time":13004.935,"Actual Total Time":13076.485,"Actual Rows":242214,"Actual Loops":1,"Output":["supplier.su_nationkey","order_line.ol_amount","order_line.ol_w_id","order_line.ol_d_id","orders.o_entry_d","orders.o_w_id","orders.o_d_id","orders.o_c_id","n1.n_name"],"Sort Key":["orders.o_c_id","order_line.ol_w_id","order_line.ol_d_id"],"Sort Method":"external merge","Sort Space Used":11984,"Sort Space Type":"Disk","Shared Hit Blocks":390499,"Shared Read Blocks":0,"Shared Dirtied Blocks":0,"Shared Written Blocks":0,"Local Hit Blocks":0,"Local Read Blocks":0,"Local Dirtied Blocks":0,"Local Written Blocks":0,"Temp Read Blocks":99068,"Temp Written Blocks":99074,"I/O Read Time":0.0,"I/O Write Time":0.0,"Temp I/O Read Time":156.191,"Temp I/O Write Time":444.303,"Plans":[{"Node Type":"Hash Join","Parent Relationship":"Outer","Parallel Aware":false,"Async Capable":false,"Join Type":"Inner","Startup Cost":578796.33,"Total Cost":1621665.99,"Plan Rows":269824,"Plan Width":36,"Actual Startup Time":3014.329,"Actual Total Time":12877.846,"Actual Rows":242214,"Actual Loops":1,"Output":["supplier.su_nationkey","order_line.ol_amount","order_line.ol_w_id","order_line.ol_d_id","orders.o_entry_d","orders.o_w_id","orders.o_d_id","orders.o_c_id","n1.n_name"],"Inner Unique":true,"Hash Cond":"((order_line.ol_w_id = orders.o_w_id) AND (order_line.ol_d_id = orders.o_d_id) AND (order_line.ol_o_id = orders.o_id))","Shared Hit Blocks":390499,"Shared Read Blocks":0,"Shared Dirtied Blocks":0,"Shared Written Blocks":0,"Local Hit Blocks":0,"Local Read Blocks":0,"Local Dirtied Blocks":0,"Local Written Blocks":0,"Temp Read Blocks":97570,"Temp Written Blocks":97570,"I/O Read Time":0.0,"I/O Write Time":0.0,"Temp I/O Read Time":154.11,"Temp I/O Write Time":438.75,"Plans":[{"Node Type":"Hash Join","Parent Relationship":"Outer","Parallel Aware":false,"Async Capable":false,"Join Type":"Inner","Startup Cost":449201.25,"Total Cost":1468684.75,"Plan Rows":269988,"Plan Width":28,"Actual Startup Time":2105.502,"Actual Total Time":11633.627,"Actual Rows":242214,"Actual Loops":1,"Output":["supplier.su_nationkey","order_line.ol_amount","order_line.ol_w_id","order_line.ol_d_id","order_line.ol_o_id","n1.n_name"],"Inner Unique":true,"Hash Cond":"(supplier.su_nationkey = n1.n_nationkey)","Shared Hit Blocks":368440,"Shared Read Blocks":0,"Shared Dirtied Blocks":0,"Shared Written Blocks":0,"Local Hit Blocks":0,"Local Read Blocks":0,"Local Dirtied Blocks":0,"Local Written Blocks":0,"Temp Read Blocks":79026,"Temp Written Blocks":79026,"I/O Read Time":0.0,"I/O Write Time":0.0,"Temp I/O Read Time":125.848,"Temp I/O Write Time":355.627,"Plans":[{"Node Type":"Hash Join","Parent Relationship":"Outer","Parallel Aware":false,"Async Capable":false,"Join Type":"Inner","Startup Cost":449199.29,"Total Cost":1445210.69,"Plan Rows":8369638,"Plan Width":20,"Actual Startup Time":2103.573,"Actual Total Time":11035.954,"Actual Rows":8570498,"Actual Loops":1,"Output":["supplier.su_nationkey","order_line.ol_amount","order_line.ol_w_id","order_line.ol_d_id","order_line.ol_o_id"],"Inner Unique":true,"Hash Cond":"(mod((stock.s_w_id * stock.s_i_id), 10000) = supplier.su_suppkey)","Shared Hit Blocks":368439,"Shared Read Blocks":0,"Shared Dirtied Blocks":0,"Shared Written Blocks":0,"Local Hit Blocks":0,"Local Read Blocks":0,"Local Dirtied Blocks":0,"Local Written Blocks":0,"Temp Read Blocks":79026,"Temp Written Blocks":79026,"I/O Read Time":0.0,"I/O Write Time":0.0,"Temp I/O Read Time":125.848,"Temp I/O Write Time":355.627,"Plans":[{"Node Type":"Hash Join","Parent Relationship":"Outer","Parallel Aware":false,"Async Capable":false,"Join Type":"Inner","Startup Cost":448757.29,"Total Cost":1420694.79,"Plan Rows":8369638,"Plan Width":22,"Actual Startup Time":2101.049,"Actual Total Time":9341.574,"Actual Rows":8570498,"Actual Loops":1,"Output":["stock.s_w_id","stock.s_i_id","order_line.ol_amount","order_line.ol_w_id","order_line.ol_d_id","order_line.ol_o_id"],"Inner Unique":true,"Hash Cond":"((order_line.ol_supply_w_id = stock.s_w_id) AND (order_line.ol_i_id = stock.s_i_id))","Shared Hit Blocks":368222,"Shared Read Blocks":0,"Shared Dirtied Blocks":0,"Shared Written Blocks":0,"Local Hit Blocks":0,"Local Read Blocks":0,"Local Dirtied Blocks":0,"Local Written Blocks":0,"Temp Read Blocks":79026,"Temp Written Blocks":79026,"I/O Read Time":0.0,"I/O Write Time":0.0,"Temp I/O Read Time":125.848,"Temp I/O Write Time":355.627,"Plans":[{"Node Type":"Seq Scan","Parent Relationship":"Outer","Parallel Aware":false,"Async Capable":false,"Relation Name":"order_line","Schema":"public","Alias":"order_line","Startup Cost":0.0,"Total Cost":790850.88,"Plan Rows":8369638,"Plan Width":22,"Actual Startup Time":13.366,"Actual Total Time":2847.293,"Actual Rows":8570498,"Actual Loops":1,"Output":["order_line.ol_amount","order_line.ol_supply_w_id","order_line.ol_i_id","order_line.ol_w_id","order_line.ol_d_id","order_line.ol_o_id"],"Filter":"((order_line.ol_delivery_d >= '1995-01-02 20:10:02.27764'::timestamp without time zone) AND (order_line.ol_delivery_d <= '1997-01-01 20:10:02.27764'::timestamp without time zone))","Rows Removed by Filter":21427234,"Shared Hit Blocks":340884,"Shared Read Blocks":0,"Shared Dirtied Blocks":0,"Shared Written Blocks":0,"Local Hit Blocks":0,"Local Read Blocks":0,"Local Dirtied Blocks":0,"Local Written Blocks":0,"Temp Read Blocks":0,"Temp Written Blocks":0,"I/O Read Time":0.0,"I/O Write Time":0.0,"Temp I/O Read Time":0.0,"Temp I/O Write Time":0.0},{"Node Type":"Hash","Parent Relationship":"Inner","Parallel Aware":false,"Async Capable":false,"Startup Cost":259690.86,"Total Cost":259690.86,"Plan Rows":10000162,"Plan Width":6,"Actual Startup Time":2086.326,"Actual Total Time":2086.329,"Actual Rows":10000000,"Actual Loops":1,"Output":["stock.s_w_id","stock.s_i_id"],"Hash Buckets":262144,"Original Hash Buckets":262144,"Hash Batches":64,"Original Hash Batches":64,"Peak Memory Usage":8133,"Shared Hit Blocks":27338,"Shared Read Blocks":0,"Shared Dirtied Blocks":0,"Shared Written Blocks":0,"Local Hit Blocks":0,"Local Read Blocks":0,"Local Dirtied Blocks":0,"Local Written Blocks":0,"Temp Read Blocks":0,"Temp Written Blocks":33616,"I/O Read Time":0.0,"I/O Write Time":0.0,"Temp I/O Read Time":0.0,"Temp I/O Write Time":148.578,"Plans":[{"Node Type":"Index Only Scan","Parent Relationship":"Outer","Parallel Aware":false,"Async Capable":false,"Scan Direction":"Forward","Index Name":"stock_pk","Relation Name":"stock","Schema":"public","Alias":"stock","Startup Cost":0.43,"Total Cost":259690.86,"Plan Rows":10000162,"Plan Width":6,"Actual Startup Time":0.027,"Actual Total Time":723.352,"Actual Rows":10000000,"Actual Loops":1,"Output":["stock.s_w_id","stock.s_i_id"],"Heap Fetches":0,"Shared Hit Blocks":27338,"Shared Read Blocks":0,"Shared Dirtied Blocks":0,"Shared Written Blocks":0,"Local Hit Blocks":0,"Local Read Blocks":0,"Local Dirtied Blocks":0,"Local Written Blocks":0,"Temp Read Blocks":0,"Temp Written Blocks":0,"I/O Read Time":0.0,"I/O Write Time":0.0,"Temp I/O Read Time":0.0,"Temp I/O Write Time":0.0}]}]},{"Node Type":"Hash","Parent Relationship":"Inner","Parallel Aware":false,"Async Capable":false,"Startup Cost":317.0,"Total Cost":317.0,"Plan Rows":10000,"Plan Width":8,"Actual Startup Time":2.471,"Actual Total Time":2.471,"Actual Rows":10000,"Actual Loops":1,"Output":["supplier.su_nationkey","supplier.su_suppkey"],"Hash Buckets":16384,"Original Hash Buckets":16384,"Hash Batches":1,"Original Hash Batches":1,"Peak Memory Usage":519,"Shared Hit Blocks":217,"Shared Read Blocks":0,"Shared Dirtied Blocks":0,"Shared Written Blocks":0,"Local Hit Blocks":0,"Local Read Blocks":0,"Local Dirtied Blocks":0,"Local Written Blocks":0,"Temp Read Blocks":0,"Temp Written Blocks":0,"I/O Read Time":0.0,"I/O Write Time":0.0,"Temp I/O Read Time":0.0,"Temp I/O Write Time":0.0,"Plans":[{"Node Type":"Seq Scan","Parent Relationship":"Outer","Parallel Aware":false,"Async Capable":false,"Relation Name":"supplier","Schema":"public","Alias":"supplier","Startup Cost":0.0,"Total Cost":317.0,"Plan Rows":10000,"Plan Width":8,"Actual Startup Time":0.007,"Actual Total Time":1.257,"Actual Rows":10000,"Actual Loops":1,"Output":["supplier.su_nationkey","supplier.su_suppkey"],"Shared Hit Blocks":217,"Shared Read Blocks":0,"Shared Dirtied Blocks":0,"Shared Written Blocks":0,"Local Hit Blocks":0,"Local Read Blocks":0,"Local Dirtied Blocks":0,"Local Written Blocks":0,"Temp Read Blocks":0,"Temp Written Blocks":0,"I/O Read Time":0.0,"I/O Write Time":0.0,"Temp I/O Read Time":0.0,"Temp I/O Write Time":0.0}]}]},{"Node Type":"Hash","Parent Relationship":"Inner","Parallel Aware":false,"Async Capable":false,"Startup Cost":1.93,"Total Cost":1.93,"Plan Rows":2,"Plan Width":12,"Actual Startup Time":0.024,"Actual Total Time":0.025,"Actual Rows":2,"Actual Loops":1,"Output":["n1.n_nationkey","n1.n_name"],"Hash Buckets":1024,"Original Hash Buckets":1024,"Hash Batches":1,"Original Hash Batches":1,"Peak Memory Usage":9,"Shared Hit Blocks":1,"Shared Read Blocks":0,"Shared Dirtied Blocks":0,"Shared Written Blocks":0,"Local Hit Blocks":0,"Local Read Blocks":0,"Local Dirtied Blocks":0,"Local Written Blocks":0,"Temp Read Blocks":0,"Temp Written Blocks":0,"I/O Read Time":0.0,"I/O Write Time":0.0,"Temp I/O Read Time":0.0,"Temp I/O Write Time":0.0,"Plans":[{"Node Type":"Seq Scan","Parent Relationship":"Outer","Parallel Aware":false,"Async Capable":false,"Relation Name":"nation","Schema":"public","Alias":"n1","Startup Cost":0.0,"Total Cost":1.93,"Plan Rows":2,"Plan Width":12,"Actual Startup Time":0.016,"Actual Total Time":0.02,"Actual Rows":2,"Actual Loops":1,"Output":["n1.n_nationkey","n1.n_name"],"Filter":"(((n1.n_name)::text = 'Germany'::text) OR ((n1.n_name)::text = 'Cambodia'::text))","Rows Removed by Filter":60,"Shared Hit Blocks":1,"Shared Read Blocks":0,"Shared Dirtied Blocks":0,"Shared Written Blocks":0,"Local Hit Blocks":0,"Local Read Blocks":0,"Local Dirtied Blocks":0,"Local Written Blocks":0,"Temp Read Blocks":0,"Temp Written Blocks":0,"I/O Read Time":0.0,"I/O Write Time":0.0,"Temp I/O Read Time":0.0,"Temp I/O Write Time":0.0}]}]},{"Node Type":"Hash","Parent Relationship":"Inner","Parallel Aware":false,"Async Capable":false,"Startup Cost":59559.0,"Total Cost":59559.0,"Plan Rows":2998176,"Plan Width":24,"Actual Startup Time":900.661,"Actual Total Time":900.661,"Actual Rows":2997892,"Actual Loops":1,"Output":["orders.o_entry_d","orders.o_w_id","orders.o_d_id","orders.o_id","orders.o_c_id"],"Hash Buckets":131072,"Original Hash Buckets":131072,"Hash Batches":32,"Original Hash Batches":32,"Peak Memory Usage":6539,"Shared Hit Blocks":22059,"Shared Read Blocks":0,"Shared Dirtied Blocks":0,"Shared Written Blocks":0,"Local Hit Blocks":0,"Local Read Blocks":0,"Local Dirtied Blocks":0,"Local Written Blocks":0,"Temp Read Blocks":0,"Temp Written Blocks":16995,"I/O Read Time":0.0,"I/O Write Time":0.0,"Temp I/O Read Time":0.0,"Temp I/O Write Time":73.617,"Plans":[{"Node Type":"Seq Scan","Parent Relationship":"Outer","Parallel Aware":false,"Async Capable":false,"Relation Name":"orders","Schema":"public","Alias":"orders","Startup Cost":0.0,"Total Cost":59559.0,"Plan Rows":2998176,"Plan Width":24,"Actual Startup Time":0.013,"Actual Total Time":365.89,"Actual Rows":2997892,"Actual Loops":1,"Output":["orders.o_entry_d","orders.o_w_id","orders.o_d_id","orders.o_id","orders.o_c_id"],"Filter":"(orders.o_entry_d >= '1992-01-02 20:10:02.27764'::timestamp without time zone)","Rows Removed by Filter":2108,"Shared Hit Blocks":22059,"Shared Read Blocks":0,"Shared Dirtied Blocks":0,"Shared Written Blocks":0,"Local Hit Blocks":0,"Local Read Blocks":0,"Local Dirtied Blocks":0,"Local Written Blocks":0,"Temp Read Blocks":0,"Temp Written Blocks":0,"I/O Read Time":0.0,"I/O Write Time":0.0,"Temp I/O Read Time":0.0,"Temp I/O Write Time":0.0}]}]}]},{"Node Type":"Materialize","Parent Relationship":"Inner","Parallel Aware":false,"Async Capable":false,"Startup Cost":272923.48,"Total Cost":273407.31,"Plan Rows":96766,"Plan Width":20,"Actual Startup Time":131.537,"Actual Total Time":164.229,"Actual Rows":146547,"Actual Loops":1,"Output":["customer.c_nationkey","customer.c_id","customer.c_w_id","customer.c_d_id","n2.n_name"],"Shared Hit Blocks":1,"Shared Read Blocks":0,"Shared Dirtied Blocks":0,"Shared Written Blocks":0,"Local Hit Blocks":0,"Local Read Blocks":0,"Local Dirtied Blocks":0,"Local Written Blocks":0,"Temp Read Blocks":545,"Temp Written Blocks":548,"I/O Read Time":0.0,"I/O Write Time":0.0,"Temp I/O Read Time":0.671,"Temp I/O Write Time":2.096,"Plans":[{"Node Type":"Sort","Parent Relationship":"Outer","Parallel Aware":false,"Async Capable":false,"Startup Cost":272923.48,"Total Cost":273165.4,"Plan Rows":96766,"Plan Width":20,"Actual Startup Time":131.53,"Actual Total Time":148.422,"Actual Rows":144982,"Actual Loops":1,"Output":["customer.c_nationkey","customer.c_id","customer.c_w_id","customer.c_d_id","n2.n_name"],"Sort Key":["customer.c_id","customer.c_w_id","customer.c_d_id"],"Sort Method":"external merge","Sort Space Used":4360,"Sort Space Type":"Disk","Shared Hit Blocks":1,"Shared Read Blocks":0,"Shared Dirtied Blocks":0,"Shared Written Blocks":0,"Local Hit Blocks":0,"Local Read Blocks":0,"Local Dirtied Blocks":0,"Local Written Blocks":0,"Temp Read Blocks":545,"Temp Written Blocks":548,"I/O Read Time":0.0,"I/O Write Time":0.0,"Temp I/O Read Time":0.671,"Temp I/O Write Time":2.096,"Plans":[{"Node Type":"Hash Join","Parent Relationship":"Outer","Parallel Aware":false,"Async Capable":false,"Join Type":"Inner","Startup Cost":21.95,"Total Cost":262925.69,"Plan Rows":96766,"Plan Width":20,"Actual Startup Time":0.707,"Actual Total Time":80.875,"Actual Rows":144986,"Actual Loops":1,"Output":["customer.c_nationkey","customer.c_id","customer.c_w_id","customer.c_d_id","n2.n_name"],"Inner Unique":true,"Hash Cond":"(customer.c_nationkey = n2.n_nationkey)","Shared Hit Blocks":1,"Shared Read Blocks":0,"Shared Dirtied Blocks":0,"Shared Written Blocks":0,"Local Hit Blocks":0,"Local Read Blocks":0,"Local Dirtied Blocks":0,"Local Written Blocks":0,"Temp Read Blocks":0,"Temp Written Blocks":0,"I/O Read Time":0.0,"I/O Write Time":0.0,"Temp I/O Read Time":0.0,"Temp I/O Write Time":0.0,"Plans":[{"Node Type":"Append","Parent Relationship":"Outer","Parallel Aware":false,"Async Capable":false,"Startup Cost":20.0,"Total Cost":254511.16,"Plan Rows":2999739,"Plan Width":12,"Actual Startup Time":0.284,"Actual Total Time":53.463,"Actual Rows":144986,"Actual Loops":1,"Shared Hit Blocks":0,"Shared Read Blocks":0,"Shared Dirtied Blocks":0,"Shared Written Blocks":0,"Local Hit Blocks":0,"Local Read Blocks":0,"Local Dirtied Blocks":0,"Local Written Blocks":0,"Temp Read Blocks":0,"Temp Written Blocks":0,"I/O Read Time":0.0,"I/O Write Time":0.0,"Temp I/O Read Time":0.0,"Temp I/O Write Time":0.0,"Subplans Removed":0,"Plans":[{"Node Type":"Custom Scan","Parent Relationship":"Member","Custom Plan Provider":"columnar scan","Parallel Aware":false,"Async Capable":false,"Relation Name":"customer","Schema":"public","Alias":"customer","Startup Cost":20.0,"Total Cost":70513.87,"Plan Rows":2999738,"Plan Width":12,"Actual Startup Time":0.283,"Actual Total Time":42.879,"Actual Rows":144986,"Actual Loops":1,"Output":["customer.c_nationkey","customer.c_id","customer.c_w_id","customer.c_d_id"],"Rows Removed by Columnar Filter":2855014,"Rows Filtered by Bloom Filter":0,"Dictionary Rows Filtered by Bloom Filter":2855014,"Columnar cache search mode":"native","Shared Hit Blocks":0,"Shared Read Blocks":0,"Shared Dirtied Blocks":0,"Shared Written Blocks":0,"Local Hit Blocks":0,"Local Read Blocks":0,"Local Dirtied Blocks":0,"Local Written Blocks":0,"Temp Read Blocks":0,"Temp Written Blocks":0,"I/O Read Time":0.0,"I/O Write Time":0.0,"Temp I/O Read Time":0.0,"Temp I/O Write Time":0.0},{"Node Type":"Seq Scan","Parent Relationship":"Member","Parallel Aware":false,"Async Capable":false,"Relation Name":"customer","Schema":"public","Alias":"customer","Startup Cost":0.0,"Total Cost":4.01,"Plan Rows":1,"Plan Width":12,"Actual Startup Time":0.0,"Actual Total Time":0.0,"Actual Rows":0,"Actual Loops":0,"Output":["customer.c_nationkey","customer.c_id","customer.c_w_id","customer.c_d_id"],"Shared Hit Blocks":0,"Shared Read Blocks":0,"Shared Dirtied Blocks":0,"Shared Written Blocks":0,"Local Hit Blocks":0,"Local Read Blocks":0,"Local Dirtied Blocks":0,"Local Written Blocks":0,"Temp Read Blocks":0,"Temp Written Blocks":0,"I/O Read Time":0.0,"I/O Write Time":0.0,"Temp I/O Read Time":0.0,"Temp I/O Write Time":0.0}]},{"Node Type":"Hash","Parent Relationship":"Inner","Parallel Aware":false,"Async Capable":false,"Startup Cost":1.93,"Total Cost":1.93,"Plan Rows":2,"Plan Width":12,"Actual Startup Time":0.045,"Actual Total Time":0.046,"Actual Rows":2,"Actual Loops":1,"Output":["n2.n_nationkey","n2.n_name"],"Hash Buckets":1024,"Original Hash Buckets":1024,"Hash Batches":1,"Original Hash Batches":1,"Peak Memory Usage":9,"Shared Hit Blocks":1,"Shared Read Blocks":0,"Shared Dirtied Blocks":0,"Shared Written Blocks":0,"Local Hit Blocks":0,"Local Read Blocks":0,"Local Dirtied Blocks":0,"Local Written Blocks":0,"Temp Read Blocks":0,"Temp Written Blocks":0,"I/O Read Time":0.0,"I/O Write Time":0.0,"Temp I/O Read Time":0.0,"Temp I/O Write Time":0.0,"Plans":[{"Node Type":"Seq Scan","Parent Relationship":"Outer","Parallel Aware":false,"Async Capable":false,"Relation Name":"nation","Schema":"public","Alias":"n2","Startup Cost":0.0,"Total Cost":1.93,"Plan Rows":2,"Plan Width":12,"Actual Startup Time":0.033,"Actual Total Time":0.039,"Actual Rows":2,"Actual Loops":1,"Output":["n2.n_nationkey","n2.n_name"],"Filter":"(((n2.n_name)::text = 'Cambodia'::text) OR ((n2.n_name)::text = 'Germany'::text))","Rows Removed by Filter":60,"Shared Hit Blocks":1,"Shared Read Blocks":0,"Shared Dirtied Blocks":0,"Shared Written Blocks":0,"Local Hit Blocks":0,"Local Read Blocks":0,"Local Dirtied Blocks":0,"Local Written Blocks":0,"Temp Read Blocks":0,"Temp Written Blocks":0,"I/O Read Time":0.0,"I/O Write Time":0.0,"Temp I/O Read Time":0.0,"Temp I/O Write Time":0.0}]}]}]}]}]}]}]},"Planning":{"Shared Hit Blocks":12,"Shared Read Blocks":0,"Shared Dirtied Blocks":0,"Shared Written Blocks":0,"Local Hit Blocks":0,"Local Read Blocks":0,"Local Dirtied Blocks":0,"Local Written Blocks":0,"Temp Read Blocks":0,"Temp Written Blocks":0,"I/O Read Time":0.0,"I/O Write Time":0.0,"Temp I/O Read Time":0.0,"Temp I/O Write Time":0.0},"Planning Time":2.838,"Triggers":[],"Execution Time":13293.962}]
[列存组合]: customer, stock
[{"Plan":{"Node Type":"Aggregate","Strategy":"Sorted","Partial Mode":"Simple","Parallel Aware":false,"Async Capable":false,"Startup Cost":1930668.08,"Total Cost":1930789.69,"Plan Rows":4422,"Plan Width":72,"Actual Startup Time":13273.636,"Actual Total Time":13274.904,"Actual Rows":6,"Actual Loops":1,"Output":["supplier.su_nationkey","customer.c_nationkey","(EXTRACT(year FROM orders.o_entry_d))","sum(order_line.ol_amount)"],"Group Key":["supplier.su_nationkey","customer.c_nationkey","(EXTRACT(year FROM orders.o_entry_d))"],"Shared Hit Blocks":390500,"Shared Read Blocks":0,"Shared Dirtied Blocks":0,"Shared Written Blocks":0,"Local Hit Blocks":0,"Local Read Blocks":0,"Local Dirtied Blocks":0,"Local Written Blocks":0,"Temp Read Blocks":99613,"Temp Written Blocks":99622,"I/O Read Time":0.0,"I/O Write Time":0.0,"Temp I/O Read Time":160.436,"Temp I/O Write Time":453.397,"Plans":[{"Node Type":"Sort","Parent Relationship":"Outer","Parallel Aware":false,"Async Capable":false,"Startup Cost":1930668.08,"Total Cost":1930679.14,"Plan Rows":4422,"Plan Width":44,"Actual Startup Time":13273.576,"Actual Total Time":13273.835,"Actual Rows":6043,"Actual Loops":1,"Output":["supplier.su_nationkey","customer.c_nationkey","(EXTRACT(year FROM orders.o_entry_d))","order_line.ol_amount"],"Sort Key":["supplier.su_nationkey","customer.c_nationkey","(EXTRACT(year FROM orders.o_entry_d))"],"Sort Method":"quicksort","Sort Space Used":523,"Sort Space Type":"Memory","Shared Hit Blocks":390500,"Shared Read Blocks":0,"Shared Dirtied Blocks":0,"Shared Written Blocks":0,"Local Hit Blocks":0,"Local Read Blocks":0,"Local Dirtied Blocks":0,"Local Written Blocks":0,"Temp Read Blocks":99613,"Temp Written Blocks":99622,"I/O Read Time":0.0,"I/O Write Time":0.0,"Temp I/O Read Time":160.436,"Temp I/O Write Time":453.397,"Plans":[{"Node Type":"Merge Join","Parent Relationship":"Outer","Parallel Aware":false,"Async Capable":false,"Join Type":"Inner","Startup Cost":1926307.94,"Total Cost":1930400.32,"Plan Rows":4422,"Plan Width":44,"Actual Startup Time":13120.231,"Actual Total Time":13272.168,"Actual Rows":6043,"Actual Loops":1,"Output":["supplier.su_nationkey","customer.c_nationkey","EXTRACT(year FROM orders.o_entry_d)","order_line.ol_amount"],"Inner Unique":false,"Merge Cond":"((orders.o_c_id = customer.c_id) AND (order_line.ol_w_id = customer.c_w_id) AND (order_line.ol_d_id = customer.c_d_id))","Join Filter":"((((n1.n_name)::text = 'Germany'::text) AND ((n2.n_name)::text = 'Cambodia'::text)) OR (((n1.n_name)::text = 'Cambodia'::text) AND ((n2.n_name)::text = 'Germany'::text)))","Rows Removed by Join Filter":5752,"Shared Hit Blocks":390500,"Shared Read Blocks":0,"Shared Dirtied Blocks":0,"Shared Written Blocks":0,"Local Hit Blocks":0,"Local Read Blocks":0,"Local Dirtied Blocks":0,"Local Written Blocks":0,"Temp Read Blocks":99613,"Temp Written Blocks":99622,"I/O Read Time":0.0,"I/O Write Time":0.0,"Temp I/O Read Time":160.436,"Temp I/O Write Time":453.397,"Plans":[{"Node Type":"Sort","Parent Relationship":"Outer","Parallel Aware":false,"Async Capable":false,"Startup Cost":1653384.35,"Total Cost":1654058.91,"Plan Rows":269824,"Plan Width":36,"Actual Startup Time":12989.193,"Actual Total Time":13060.823,"Actual Rows":242214,"Actual Loops":1,"Output":["supplier.su_nationkey","order_line.ol_amount","order_line.ol_w_id","order_line.ol_d_id","orders.o_entry_d","orders.o_w_id","orders.o_d_id","orders.o_c_id","n1.n_name"],"Sort Key":["orders.o_c_id","order_line.ol_w_id","order_line.ol_d_id"],"Sort Method":"external merge","Sort Space Used":11984,"Sort Space Type":"Disk","Shared Hit Blocks":390499,"Shared Read Blocks":0,"Shared Dirtied Blocks":0,"Shared Written Blocks":0,"Local Hit Blocks":0,"Local Read Blocks":0,"Local Dirtied Blocks":0,"Local Written Blocks":0,"Temp Read Blocks":99068,"Temp Written Blocks":99074,"I/O Read Time":0.0,"I/O Write Time":0.0,"Temp I/O Read Time":159.738,"Temp I/O Write Time":451.266,"Plans":[{"Node Type":"Hash Join","Parent Relationship":"Outer","Parallel Aware":false,"Async Capable":false,"Join Type":"Inner","Startup Cost":578796.33,"Total Cost":1621665.99,"Plan Rows":269824,"Plan Width":36,"Actual Startup Time":3013.869,"Actual Total Time":12861.815,"Actual Rows":242214,"Actual Loops":1,"Output":["supplier.su_nationkey","order_line.ol_amount","order_line.ol_w_id","order_line.ol_d_id","orders.o_entry_d","orders.o_w_id","orders.o_d_id","orders.o_c_id","n1.n_name"],"Inner Unique":true,"Hash Cond":"((order_line.ol_w_id = orders.o_w_id) AND (order_line.ol_d_id = orders.o_d_id) AND (order_line.ol_o_id = orders.o_id))","Shared Hit Blocks":390499,"Shared Read Blocks":0,"Shared Dirtied Blocks":0,"Shared Written Blocks":0,"Local Hit Blocks":0,"Local Read Blocks":0,"Local Dirtied Blocks":0,"Local Written Blocks":0,"Temp Read Blocks":97570,"Temp Written Blocks":97570,"I/O Read Time":0.0,"I/O Write Time":0.0,"Temp I/O Read Time":157.608,"Temp I/O Write Time":445.662,"Plans":[{"Node Type":"Hash Join","Parent Relationship":"Outer","Parallel Aware":false,"Async Capable":false,"Join Type":"Inner","Startup Cost":449201.25,"Total Cost":1468684.75,"Plan Rows":269988,"Plan Width":28,"Actual Startup Time":2102.848,"Actual Total Time":11616.122,"Actual Rows":242214,"Actual Loops":1,"Output":["supplier.su_nationkey","order_line.ol_amount","order_line.ol_w_id","order_line.ol_d_id","order_line.ol_o_id","n1.n_name"],"Inner Unique":true,"Hash Cond":"(supplier.su_nationkey = n1.n_nationkey)","Shared Hit Blocks":368440,"Shared Read Blocks":0,"Shared Dirtied Blocks":0,"Shared Written Blocks":0,"Local Hit Blocks":0,"Local Read Blocks":0,"Local Dirtied Blocks":0,"Local Written Blocks":0,"Temp Read Blocks":79026,"Temp Written Blocks":79026,"I/O Read Time":0.0,"I/O Write Time":0.0,"Temp I/O Read Time":127.934,"Temp I/O Write Time":359.846,"Plans":[{"Node Type":"Hash Join","Parent Relationship":"Outer","Parallel Aware":false,"Async Capable":false,"Join Type":"Inner","Startup Cost":449199.29,"Total Cost":1445210.69,"Plan Rows":8369638,"Plan Width":20,"Actual Startup Time":2100.939,"Actual Total Time":11017.833,"Actual Rows":8570498,"Actual Loops":1,"Output":["supplier.su_nationkey","order_line.ol_amount","order_line.ol_w_id","order_line.ol_d_id","order_line.ol_o_id"],"Inner Unique":true,"Hash Cond":"(mod((stock.s_w_id * stock.s_i_id), 10000) = supplier.su_suppkey)","Shared Hit Blocks":368439,"Shared Read Blocks":0,"Shared Dirtied Blocks":0,"Shared Written Blocks":0,"Local Hit Blocks":0,"Local Read Blocks":0,"Local Dirtied Blocks":0,"Local Written Blocks":0,"Temp Read Blocks":79026,"Temp Written Blocks":79026,"I/O Read Time":0.0,"I/O Write Time":0.0,"Temp I/O Read Time":127.934,"Temp I/O Write Time":359.846,"Plans":[{"Node Type":"Hash Join","Parent Relationship":"Outer","Parallel Aware":false,"Async Capable":false,"Join Type":"Inner","Startup Cost":448757.29,"Total Cost":1420694.79,"Plan Rows":8369638,"Plan Width":22,"Actual Startup Time":2098.407,"Actual Total Time":9318.485,"Actual Rows":8570498,"Actual Loops":1,"Output":["stock.s_w_id","stock.s_i_id","order_line.ol_amount","order_line.ol_w_id","order_line.ol_d_id","order_line.ol_o_id"],"Inner Unique":true,"Hash Cond":"((order_line.ol_supply_w_id = stock.s_w_id) AND (order_line.ol_i_id = stock.s_i_id))","Shared Hit Blocks":368222,"Shared Read Blocks":0,"Shared Dirtied Blocks":0,"Shared Written Blocks":0,"Local Hit Blocks":0,"Local Read Blocks":0,"Local Dirtied Blocks":0,"Local Written Blocks":0,"Temp Read Blocks":79026,"Temp Written Blocks":79026,"I/O Read Time":0.0,"I/O Write Time":0.0,"Temp I/O Read Time":127.934,"Temp I/O Write Time":359.846,"Plans":[{"Node Type":"Seq Scan","Parent Relationship":"Outer","Parallel Aware":false,"Async Capable":false,"Relation Name":"order_line","Schema":"public","Alias":"order_line","Startup Cost":0.0,"Total Cost":790850.88,"Plan Rows":8369638,"Plan Width":22,"Actual Startup Time":13.158,"Actual Total Time":2826.112,"Actual Rows":8570498,"Actual Loops":1,"Output":["order_line.ol_amount","order_line.ol_supply_w_id","order_line.ol_i_id","order_line.ol_w_id","order_line.ol_d_id","order_line.ol_o_id"],"Filter":"((order_line.ol_delivery_d >= '1995-01-02 20:10:02.27764'::timestamp without time zone) AND (order_line.ol_delivery_d <= '1997-01-01 20:10:02.27764'::timestamp without time zone))","Rows Removed by Filter":21427234,"Shared Hit Blocks":340884,"Shared Read Blocks":0,"Shared Dirtied Blocks":0,"Shared Written Blocks":0,"Local Hit Blocks":0,"Local Read Blocks":0,"Local Dirtied Blocks":0,"Local Written Blocks":0,"Temp Read Blocks":0,"Temp Written Blocks":0,"I/O Read Time":0.0,"I/O Write Time":0.0,"Temp I/O Read Time":0.0,"Temp I/O Write Time":0.0},{"Node Type":"Hash","Parent Relationship":"Inner","Parallel Aware":false,"Async Capable":false,"Startup Cost":259690.86,"Total Cost":259690.86,"Plan Rows":10000162,"Plan Width":6,"Actual Startup Time":2083.902,"Actual Total Time":2083.904,"Actual Rows":10000000,"Actual Loops":1,"Output":["stock.s_w_id","stock.s_i_id"],"Hash Buckets":262144,"Original Hash Buckets":262144,"Hash Batches":64,"Original Hash Batches":64,"Peak Memory Usage":8133,"Shared Hit Blocks":27338,"Shared Read Blocks":0,"Shared Dirtied Blocks":0,"Shared Written Blocks":0,"Local Hit Blocks":0,"Local Read Blocks":0,"Local Dirtied Blocks":0,"Local Written Blocks":0,"Temp Read Blocks":0,"Temp Written Blocks":33616,"I/O Read Time":0.0,"I/O Write Time":0.0,"Temp I/O Read Time":0.0,"Temp I/O Write Time":152.249,"Plans":[{"Node Type":"Index Only Scan","Parent Relationship":"Outer","Parallel Aware":false,"Async Capable":false,"Scan Direction":"Forward","Index Name":"stock_pk","Relation Name":"stock","Schema":"public","Alias":"stock","Startup Cost":0.43,"Total Cost":259690.86,"Plan Rows":10000162,"Plan Width":6,"Actual Startup Time":0.032,"Actual Total Time":719.201,"Actual Rows":10000000,"Actual Loops":1,"Output":["stock.s_w_id","stock.s_i_id"],"Heap Fetches":0,"Shared Hit Blocks":27338,"Shared Read Blocks":0,"Shared Dirtied Blocks":0,"Shared Written Blocks":0,"Local Hit Blocks":0,"Local Read Blocks":0,"Local Dirtied Blocks":0,"Local Written Blocks":0,"Temp Read Blocks":0,"Temp Written Blocks":0,"I/O Read Time":0.0,"I/O Write Time":0.0,"Temp I/O Read Time":0.0,"Temp I/O Write Time":0.0}]}]},{"Node Type":"Hash","Parent Relationship":"Inner","Parallel Aware":false,"Async Capable":false,"Startup Cost":317.0,"Total Cost":317.0,"Plan Rows":10000,"Plan Width":8,"Actual Startup Time":2.473,"Actual Total Time":2.474,"Actual Rows":10000,"Actual Loops":1,"Output":["supplier.su_nationkey","supplier.su_suppkey"],"Hash Buckets":16384,"Original Hash Buckets":16384,"Hash Batches":1,"Original Hash Batches":1,"Peak Memory Usage":519,"Shared Hit Blocks":217,"Shared Read Blocks":0,"Shared Dirtied Blocks":0,"Shared Written Blocks":0,"Local Hit Blocks":0,"Local Read Blocks":0,"Local Dirtied Blocks":0,"Local Written Blocks":0,"Temp Read Blocks":0,"Temp Written Blocks":0,"I/O Read Time":0.0,"I/O Write Time":0.0,"Temp I/O Read Time":0.0,"Temp I/O Write Time":0.0,"Plans":[{"Node Type":"Seq Scan","Parent Relationship":"Outer","Parallel Aware":false,"Async Capable":false,"Relation Name":"supplier","Schema":"public","Alias":"supplier","Startup Cost":0.0,"Total Cost":317.0,"Plan Rows":10000,"Plan Width":8,"Actual Startup Time":0.011,"Actual Total Time":1.255,"Actual Rows":10000,"Actual Loops":1,"Output":["supplier.su_nationkey","supplier.su_suppkey"],"Shared Hit Blocks":217,"Shared Read Blocks":0,"Shared Dirtied Blocks":0,"Shared Written Blocks":0,"Local Hit Blocks":0,"Local Read Blocks":0,"Local Dirtied Blocks":0,"Local Written Blocks":0,"Temp Read Blocks":0,"Temp Written Blocks":0,"I/O Read Time":0.0,"I/O Write Time":0.0,"Temp I/O Read Time":0.0,"Temp I/O Write Time":0.0}]}]},{"Node Type":"Hash","Parent Relationship":"Inner","Parallel Aware":false,"Async Capable":false,"Startup Cost":1.93,"Total Cost":1.93,"Plan Rows":2,"Plan Width":12,"Actual Startup Time":0.031,"Actual Total Time":0.032,"Actual Rows":2,"Actual Loops":1,"Output":["n1.n_nationkey","n1.n_name"],"Hash Buckets":1024,"Original Hash Buckets":1024,"Hash Batches":1,"Original Hash Batches":1,"Peak Memory Usage":9,"Shared Hit Blocks":1,"Shared Read Blocks":0,"Shared Dirtied Blocks":0,"Shared Written Blocks":0,"Local Hit Blocks":0,"Local Read Blocks":0,"Local Dirtied Blocks":0,"Local Written Blocks":0,"Temp Read Blocks":0,"Temp Written Blocks":0,"I/O Read Time":0.0,"I/O Write Time":0.0,"Temp I/O Read Time":0.0,"Temp I/O Write Time":0.0,"Plans":[{"Node Type":"Seq Scan","Parent Relationship":"Outer","Parallel Aware":false,"Async Capable":false,"Relation Name":"nation","Schema":"public","Alias":"n1","Startup Cost":0.0,"Total Cost":1.93,"Plan Rows":2,"Plan Width":12,"Actual Startup Time":0.021,"Actual Total Time":0.026,"Actual Rows":2,"Actual Loops":1,"Output":["n1.n_nationkey","n1.n_name"],"Filter":"(((n1.n_name)::text = 'Germany'::text) OR ((n1.n_name)::text = 'Cambodia'::text))","Rows Removed by Filter":60,"Shared Hit Blocks":1,"Shared Read Blocks":0,"Shared Dirtied Blocks":0,"Shared Written Blocks":0,"Local Hit Blocks":0,"Local Read Blocks":0,"Local Dirtied Blocks":0,"Local Written Blocks":0,"Temp Read Blocks":0,"Temp Written Blocks":0,"I/O Read Time":0.0,"I/O Write Time":0.0,"Temp I/O Read Time":0.0,"Temp I/O Write Time":0.0}]}]},{"Node Type":"Hash","Parent Relationship":"Inner","Parallel Aware":false,"Async Capable":false,"Startup Cost":59559.0,"Total Cost":59559.0,"Plan Rows":2998176,"Plan Width":24,"Actual Startup Time":903.015,"Actual Total Time":903.015,"Actual Rows":2997892,"Actual Loops":1,"Output":["orders.o_entry_d","orders.o_w_id","orders.o_d_id","orders.o_id","orders.o_c_id"],"Hash Buckets":131072,"Original Hash Buckets":131072,"Hash Batches":32,"Original Hash Batches":32,"Peak Memory Usage":6539,"Shared Hit Blocks":22059,"Shared Read Blocks":0,"Shared Dirtied Blocks":0,"Shared Written Blocks":0,"Local Hit Blocks":0,"Local Read Blocks":0,"Local Dirtied Blocks":0,"Local Written Blocks":0,"Temp Read Blocks":0,"Temp Written Blocks":16995,"I/O Read Time":0.0,"I/O Write Time":0.0,"Temp I/O Read Time":0.0,"Temp I/O Write Time":76.29,"Plans":[{"Node Type":"Seq Scan","Parent Relationship":"Outer","Parallel Aware":false,"Async Capable":false,"Relation Name":"orders","Schema":"public","Alias":"orders","Startup Cost":0.0,"Total Cost":59559.0,"Plan Rows":2998176,"Plan Width":24,"Actual Startup Time":0.013,"Actual Total Time":365.823,"Actual Rows":2997892,"Actual Loops":1,"Output":["orders.o_entry_d","orders.o_w_id","orders.o_d_id","orders.o_id","orders.o_c_id"],"Filter":"(orders.o_entry_d >= '1992-01-02 20:10:02.27764'::timestamp without time zone)","Rows Removed by Filter":2108,"Shared Hit Blocks":22059,"Shared Read Blocks":0,"Shared Dirtied Blocks":0,"Shared Written Blocks":0,"Local Hit Blocks":0,"Local Read Blocks":0,"Local Dirtied Blocks":0,"Local Written Blocks":0,"Temp Read Blocks":0,"Temp Written Blocks":0,"I/O Read Time":0.0,"I/O Write Time":0.0,"Temp I/O Read Time":0.0,"Temp I/O Write Time":0.0}]}]}]},{"Node Type":"Materialize","Parent Relationship":"Inner","Parallel Aware":false,"Async Capable":false,"Startup Cost":272923.48,"Total Cost":273407.31,"Plan Rows":96766,"Plan Width":20,"Actual Startup Time":131.001,"Actual Total Time":163.527,"Actual Rows":146547,"Actual Loops":1,"Output":["customer.c_nationkey","customer.c_id","customer.c_w_id","customer.c_d_id","n2.n_name"],"Shared Hit Blocks":1,"Shared Read Blocks":0,"Shared Dirtied Blocks":0,"Shared Written Blocks":0,"Local Hit Blocks":0,"Local Read Blocks":0,"Local Dirtied Blocks":0,"Local Written Blocks":0,"Temp Read Blocks":545,"Temp Written Blocks":548,"I/O Read Time":0.0,"I/O Write Time":0.0,"Temp I/O Read Time":0.698,"Temp I/O Write Time":2.131,"Plans":[{"Node Type":"Sort","Parent Relationship":"Outer","Parallel Aware":false,"Async Capable":false,"Startup Cost":272923.48,"Total Cost":273165.4,"Plan Rows":96766,"Plan Width":20,"Actual Startup Time":130.994,"Actual Total Time":147.796,"Actual Rows":144982,"Actual Loops":1,"Output":["customer.c_nationkey","customer.c_id","customer.c_w_id","customer.c_d_id","n2.n_name"],"Sort Key":["customer.c_id","customer.c_w_id","customer.c_d_id"],"Sort Method":"external merge","Sort Space Used":4360,"Sort Space Type":"Disk","Shared Hit Blocks":1,"Shared Read Blocks":0,"Shared Dirtied Blocks":0,"Shared Written Blocks":0,"Local Hit Blocks":0,"Local Read Blocks":0,"Local Dirtied Blocks":0,"Local Written Blocks":0,"Temp Read Blocks":545,"Temp Written Blocks":548,"I/O Read Time":0.0,"I/O Write Time":0.0,"Temp I/O Read Time":0.698,"Temp I/O Write Time":2.131,"Plans":[{"Node Type":"Hash Join","Parent Relationship":"Outer","Parallel Aware":false,"Async Capable":false,"Join Type":"Inner","Startup Cost":21.95,"Total Cost":262925.69,"Plan Rows":96766,"Plan Width":20,"Actual Startup Time":0.713,"Actual Total Time":80.668,"Actual Rows":144986,"Actual Loops":1,"Output":["customer.c_nationkey","customer.c_id","customer.c_w_id","customer.c_d_id","n2.n_name"],"Inner Unique":true,"Hash Cond":"(customer.c_nationkey = n2.n_nationkey)","Shared Hit Blocks":1,"Shared Read Blocks":0,"Shared Dirtied Blocks":0,"Shared Written Blocks":0,"Local Hit Blocks":0,"Local Read Blocks":0,"Local Dirtied Blocks":0,"Local Written Blocks":0,"Temp Read Blocks":0,"Temp Written Blocks":0,"I/O Read Time":0.0,"I/O Write Time":0.0,"Temp I/O Read Time":0.0,"Temp I/O Write Time":0.0,"Plans":[{"Node Type":"Append","Parent Relationship":"Outer","Parallel Aware":false,"Async Capable":false,"Startup Cost":20.0,"Total Cost":254511.16,"Plan Rows":2999739,"Plan Width":12,"Actual Startup Time":0.276,"Actual Total Time":53.244,"Actual Rows":144986,"Actual Loops":1,"Shared Hit Blocks":0,"Shared Read Blocks":0,"Shared Dirtied Blocks":0,"Shared Written Blocks":0,"Local Hit Blocks":0,"Local Read Blocks":0,"Local Dirtied Blocks":0,"Local Written Blocks":0,"Temp Read Blocks":0,"Temp Written Blocks":0,"I/O Read Time":0.0,"I/O Write Time":0.0,"Temp I/O Read Time":0.0,"Temp I/O Write Time":0.0,"Subplans Removed":0,"Plans":[{"Node Type":"Custom Scan","Parent Relationship":"Member","Custom Plan Provider":"columnar scan","Parallel Aware":false,"Async Capable":false,"Relation Name":"customer","Schema":"public","Alias":"customer","Startup Cost":20.0,"Total Cost":70513.87,"Plan Rows":2999738,"Plan Width":12,"Actual Startup Time":0.275,"Actual Total Time":42.747,"Actual Rows":144986,"Actual Loops":1,"Output":["customer.c_nationkey","customer.c_id","customer.c_w_id","customer.c_d_id"],"Rows Removed by Columnar Filter":2855014,"Rows Filtered by Bloom Filter":0,"Dictionary Rows Filtered by Bloom Filter":2855014,"Columnar cache search mode":"native","Shared Hit Blocks":0,"Shared Read Blocks":0,"Shared Dirtied Blocks":0,"Shared Written Blocks":0,"Local Hit Blocks":0,"Local Read Blocks":0,"Local Dirtied Blocks":0,"Local Written Blocks":0,"Temp Read Blocks":0,"Temp Written Blocks":0,"I/O Read Time":0.0,"I/O Write Time":0.0,"Temp I/O Read Time":0.0,"Temp I/O Write Time":0.0},{"Node Type":"Seq Scan","Parent Relationship":"Member","Parallel Aware":false,"Async Capable":false,"Relation Name":"customer","Schema":"public","Alias":"customer","Startup Cost":0.0,"Total Cost":4.01,"Plan Rows":1,"Plan Width":12,"Actual Startup Time":0.0,"Actual Total Time":0.0,"Actual Rows":0,"Actual Loops":0,"Output":["customer.c_nationkey","customer.c_id","customer.c_w_id","customer.c_d_id"],"Shared Hit Blocks":0,"Shared Read Blocks":0,"Shared Dirtied Blocks":0,"Shared Written Blocks":0,"Local Hit Blocks":0,"Local Read Blocks":0,"Local Dirtied Blocks":0,"Local Written Blocks":0,"Temp Read Blocks":0,"Temp Written Blocks":0,"I/O Read Time":0.0,"I/O Write Time":0.0,"Temp I/O Read Time":0.0,"Temp I/O Write Time":0.0}]},{"Node Type":"Hash","Parent Relationship":"Inner","Parallel Aware":false,"Async Capable":false,"Startup Cost":1.93,"Total Cost":1.93,"Plan Rows":2,"Plan Width":12,"Actual Startup Time":0.042,"Actual Total Time":0.042,"Actual Rows":2,"Actual Loops":1,"Output":["n2.n_nationkey","n2.n_name"],"Hash Buckets":1024,"Original Hash Buckets":1024,"Hash Batches":1,"Original Hash Batches":1,"Peak Memory Usage":9,"Shared Hit Blocks":1,"Shared Read Blocks":0,"Shared Dirtied Blocks":0,"Shared Written Blocks":0,"Local Hit Blocks":0,"Local Read Blocks":0,"Local Dirtied Blocks":0,"Local Written Blocks":0,"Temp Read Blocks":0,"Temp Written Blocks":0,"I/O Read Time":0.0,"I/O Write Time":0.0,"Temp I/O Read Time":0.0,"Temp I/O Write Time":0.0,"Plans":[{"Node Type":"Seq Scan","Parent Relationship":"Outer","Parallel Aware":false,"Async Capable":false,"Relation Name":"nation","Schema":"public","Alias":"n2","Startup Cost":0.0,"Total Cost":1.93,"Plan Rows":2,"Plan Width":12,"Actual Startup Time":0.03,"Actual Total Time":0.035,"Actual Rows":2,"Actual Loops":1,"Output":["n2.n_nationkey","n2.n_name"],"Filter":"(((n2.n_name)::text = 'Cambodia'::text) OR ((n2.n_name)::text = 'Germany'::text))","Rows Removed by Filter":60,"Shared Hit Blocks":1,"Shared Read Blocks":0,"Shared Dirtied Blocks":0,"Shared Written Blocks":0,"Local Hit Blocks":0,"Local Read Blocks":0,"Local Dirtied Blocks":0,"Local Written Blocks":0,"Temp Read Blocks":0,"Temp Written Blocks":0,"I/O Read Time":0.0,"I/O Write Time":0.0,"Temp I/O Read Time":0.0,"Temp I/O Write Time":0.0}]}]}]}]}]}]}]},"Planning":{"Shared Hit Blocks":12,"Shared Read Blocks":0,"Shared Dirtied Blocks":0,"Shared Written Blocks":0,"Local Hit Blocks":0,"Local Read Blocks":0,"Local Dirtied Blocks":0,"Local Written Blocks":0,"Temp Read Blocks":0,"Temp Written Blocks":0,"I/O Read Time":0.0,"I/O Write Time":0.0,"Temp I/O Read Time":0.0,"Temp I/O Write Time":0.0},"Planning Time":3.163,"Triggers":[],"Execution Time":13277.394}]
[列存组合]: customer, supplier
[{"Plan":{"Node Type":"Aggregate","Strategy":"Sorted","Partial Mode":"Simple","Parallel Aware":false,"Async Capable":false,"Startup Cost":1930570.11,"Total Cost":1930691.71,"Plan Rows":4422,"Plan Width":72,"Actual Startup Time":13279.885,"Actual Total Time":13281.159,"Actual Rows":6,"Actual Loops":1,"Output":["supplier.su_nationkey","customer.c_nationkey","(EXTRACT(year FROM orders.o_entry_d))","sum(order_line.ol_amount)"],"Group Key":["supplier.su_nationkey","customer.c_nationkey","(EXTRACT(year FROM orders.o_entry_d))"],"Shared Hit Blocks":390283,"Shared Read Blocks":0,"Shared Dirtied Blocks":0,"Shared Written Blocks":0,"Local Hit Blocks":0,"Local Read Blocks":0,"Local Dirtied Blocks":0,"Local Written Blocks":0,"Temp Read Blocks":99613,"Temp Written Blocks":99622,"I/O Read Time":0.0,"I/O Write Time":0.0,"Temp I/O Read Time":162.497,"Temp I/O Write Time":450.006,"Plans":[{"Node Type":"Sort","Parent Relationship":"Outer","Parallel Aware":false,"Async Capable":false,"Startup Cost":1930570.11,"Total Cost":1930581.16,"Plan Rows":4422,"Plan Width":44,"Actual Startup Time":13279.825,"Actual Total Time":13280.088,"Actual Rows":6043,"Actual Loops":1,"Output":["supplier.su_nationkey","customer.c_nationkey","(EXTRACT(year FROM orders.o_entry_d))","order_line.ol_amount"],"Sort Key":["supplier.su_nationkey","customer.c_nationkey","(EXTRACT(year FROM orders.o_entry_d))"],"Sort Method":"quicksort","Sort Space Used":523,"Sort Space Type":"Memory","Shared Hit Blocks":390283,"Shared Read Blocks":0,"Shared Dirtied Blocks":0,"Shared Written Blocks":0,"Local Hit Blocks":0,"Local Read Blocks":0,"Local Dirtied Blocks":0,"Local Written Blocks":0,"Temp Read Blocks":99613,"Temp Written Blocks":99622,"I/O Read Time":0.0,"I/O Write Time":0.0,"Temp I/O Read Time":162.497,"Temp I/O Write Time":450.006,"Plans":[{"Node Type":"Merge Join","Parent Relationship":"Outer","Parallel Aware":false,"Async Capable":false,"Join Type":"Inner","Startup Cost":1926209.96,"Total Cost":1930302.34,"Plan Rows":4422,"Plan Width":44,"Actual Startup Time":13127.477,"Actual Total Time":13278.398,"Actual Rows":6043,"Actual Loops":1,"Output":["supplier.su_nationkey","customer.c_nationkey","EXTRACT(year FROM orders.o_entry_d)","order_line.ol_amount"],"Inner Unique":false,"Merge Cond":"((orders.o_c_id = customer.c_id) AND (order_line.ol_w_id = customer.c_w_id) AND (order_line.ol_d_id = customer.c_d_id))","Join Filter":"((((n1.n_name)::text = 'Germany'::text) AND ((n2.n_name)::text = 'Cambodia'::text)) OR (((n1.n_name)::text = 'Cambodia'::text) AND ((n2.n_name)::text = 'Germany'::text)))","Rows Removed by Join Filter":5752,"Shared Hit Blocks":390283,"Shared Read Blocks":0,"Shared Dirtied Blocks":0,"Shared Written Blocks":0,"Local Hit Blocks":0,"Local Read Blocks":0,"Local Dirtied Blocks":0,"Local Written Blocks":0,"Temp Read Blocks":99613,"Temp Written Blocks":99622,"I/O Read Time":0.0,"I/O Write Time":0.0,"Temp I/O Read Time":162.497,"Temp I/O Write Time":450.006,"Plans":[{"Node Type":"Sort","Parent Relationship":"Outer","Parallel Aware":false,"Async Capable":false,"Startup Cost":1653286.38,"Total Cost":1653960.94,"Plan Rows":269824,"Plan Width":36,"Actual Startup Time":12996.387,"Actual Total Time":13067.089,"Actual Rows":242214,"Actual Loops":1,"Output":["supplier.su_nationkey","order_line.ol_amount","order_line.ol_w_id","order_line.ol_d_id","orders.o_entry_d","orders.o_w_id","orders.o_d_id","orders.o_c_id","n1.n_name"],"Sort Key":["orders.o_c_id","order_line.ol_w_id","order_line.ol_d_id"],"Sort Method":"external merge","Sort Space Used":11984,"Sort Space Type":"Disk","Shared Hit Blocks":390282,"Shared Read Blocks":0,"Shared Dirtied Blocks":0,"Shared Written Blocks":0,"Local Hit Blocks":0,"Local Read Blocks":0,"Local Dirtied Blocks":0,"Local Written Blocks":0,"Temp Read Blocks":99068,"Temp Written Blocks":99074,"I/O Read Time":0.0,"I/O Write Time":0.0,"Temp I/O Read Time":161.806,"Temp I/O Write Time":447.951,"Plans":[{"Node Type":"Hash Join","Parent Relationship":"Outer","Parallel Aware":false,"Async Capable":false,"Join Type":"Inner","Startup Cost":578698.35,"Total Cost":1621568.01,"Plan Rows":269824,"Plan Width":36,"Actual Startup Time":3013.556,"Actual Total Time":12868.641,"Actual Rows":242214,"Actual Loops":1,"Output":["supplier.su_nationkey","order_line.ol_amount","order_line.ol_w_id","order_line.ol_d_id","orders.o_entry_d","orders.o_w_id","orders.o_d_id","orders.o_c_id","n1.n_name"],"Inner Unique":true,"Hash Cond":"((order_line.ol_w_id = orders.o_w_id) AND (order_line.ol_d_id = orders.o_d_id) AND (order_line.ol_o_id = orders.o_id))","Shared Hit Blocks":390282,"Shared Read Blocks":0,"Shared Dirtied Blocks":0,"Shared Written Blocks":0,"Local Hit Blocks":0,"Local Read Blocks":0,"Local Dirtied Blocks":0,"Local Written Blocks":0,"Temp Read Blocks":97570,"Temp Written Blocks":97570,"I/O Read Time":0.0,"I/O Write Time":0.0,"Temp I/O Read Time":159.662,"Temp I/O Write Time":442.413,"Plans":[{"Node Type":"Hash Join","Parent Relationship":"Outer","Parallel Aware":false,"Async Capable":false,"Join Type":"Inner","Startup Cost":449103.27,"Total Cost":1468586.78,"Plan Rows":269988,"Plan Width":28,"Actual Startup Time":2105.865,"Actual Total Time":11628.07,"Actual Rows":242214,"Actual Loops":1,"Output":["supplier.su_nationkey","order_line.ol_amount","order_line.ol_w_id","order_line.ol_d_id","order_line.ol_o_id","n1.n_name"],"Inner Unique":true,"Hash Cond":"(supplier.su_nationkey = n1.n_nationkey)","Shared Hit Blocks":368223,"Shared Read Blocks":0,"Shared Dirtied Blocks":0,"Shared Written Blocks":0,"Local Hit Blocks":0,"Local Read Blocks":0,"Local Dirtied Blocks":0,"Local Written Blocks":0,"Temp Read Blocks":79026,"Temp Written Blocks":79026,"I/O Read Time":0.0,"I/O Write Time":0.0,"Temp I/O Read Time":130.264,"Temp I/O Write Time":359.902,"Plans":[{"Node Type":"Hash Join","Parent Relationship":"Outer","Parallel Aware":false,"Async Capable":false,"Join Type":"Inner","Startup Cost":449101.32,"Total Cost":1445112.71,"Plan Rows":8369638,"Plan Width":20,"Actual Startup Time":2103.964,"Actual Total Time":11022.36,"Actual Rows":8570498,"Actual Loops":1,"Output":["supplier.su_nationkey","order_line.ol_amount","order_line.ol_w_id","order_line.ol_d_id","order_line.ol_o_id"],"Inner Unique":true,"Hash Cond":"(mod((stock.s_w_id * stock.s_i_id), 10000) = supplier.su_suppkey)","Shared Hit Blocks":368222,"Shared Read Blocks":0,"Shared Dirtied Blocks":0,"Shared Written Blocks":0,"Local Hit Blocks":0,"Local Read Blocks":0,"Local Dirtied Blocks":0,"Local Written Blocks":0,"Temp Read Blocks":79026,"Temp Written Blocks":79026,"I/O Read Time":0.0,"I/O Write Time":0.0,"Temp I/O Read Time":130.264,"Temp I/O Write Time":359.902,"Plans":[{"Node Type":"Hash Join","Parent Relationship":"Outer","Parallel Aware":false,"Async Capable":false,"Join Type":"Inner","Startup Cost":448757.29,"Total Cost":1420694.79,"Plan Rows":8369638,"Plan Width":22,"Actual Startup Time":2100.913,"Actual Total Time":9324.059,"Actual Rows":8570498,"Actual Loops":1,"Output":["stock.s_w_id","stock.s_i_id","order_line.ol_amount","order_line.ol_w_id","order_line.ol_d_id","order_line.ol_o_id"],"Inner Unique":true,"Hash Cond":"((order_line.ol_supply_w_id = stock.s_w_id) AND (order_line.ol_i_id = stock.s_i_id))","Shared Hit Blocks":368222,"Shared Read Blocks":0,"Shared Dirtied Blocks":0,"Shared Written Blocks":0,"Local Hit Blocks":0,"Local Read Blocks":0,"Local Dirtied Blocks":0,"Local Written Blocks":0,"Temp Read Blocks":79026,"Temp Written Blocks":79026,"I/O Read Time":0.0,"I/O Write Time":0.0,"Temp I/O Read Time":130.264,"Temp I/O Write Time":359.902,"Plans":[{"Node Type":"Seq Scan","Parent Relationship":"Outer","Parallel Aware":false,"Async Capable":false,"Relation Name":"order_line","Schema":"public","Alias":"order_line","Startup Cost":0.0,"Total Cost":790850.88,"Plan Rows":8369638,"Plan Width":22,"Actual Startup Time":13.185,"Actual Total Time":2834.873,"Actual Rows":8570498,"Actual Loops":1,"Output":["order_line.ol_amount","order_line.ol_supply_w_id","order_line.ol_i_id","order_line.ol_w_id","order_line.ol_d_id","order_line.ol_o_id"],"Filter":"((order_line.ol_delivery_d >= '1995-01-02 20:10:02.27764'::timestamp without time zone) AND (order_line.ol_delivery_d <= '1997-01-01 20:10:02.27764'::timestamp without time zone))","Rows Removed by Filter":21427234,"Shared Hit Blocks":340884,"Shared Read Blocks":0,"Shared Dirtied Blocks":0,"Shared Written Blocks":0,"Local Hit Blocks":0,"Local Read Blocks":0,"Local Dirtied Blocks":0,"Local Written Blocks":0,"Temp Read Blocks":0,"Temp Written Blocks":0,"I/O Read Time":0.0,"I/O Write Time":0.0,"Temp I/O Read Time":0.0,"Temp I/O Write Time":0.0},{"Node Type":"Hash","Parent Relationship":"Inner","Parallel Aware":false,"Async Capable":false,"Startup Cost":259690.86,"Total Cost":259690.86,"Plan Rows":10000162,"Plan Width":6,"Actual Startup Time":2086.412,"Actual Total Time":2086.413,"Actual Rows":10000000,"Actual Loops":1,"Output":["stock.s_w_id","stock.s_i_id"],"Hash Buckets":262144,"Original Hash Buckets":262144,"Hash Batches":64,"Original Hash Batches":64,"Peak Memory Usage":8133,"Shared Hit Blocks":27338,"Shared Read Blocks":0,"Shared Dirtied Blocks":0,"Shared Written Blocks":0,"Local Hit Blocks":0,"Local Read Blocks":0,"Local Dirtied Blocks":0,"Local Written Blocks":0,"Temp Read Blocks":0,"Temp Written Blocks":33616,"I/O Read Time":0.0,"I/O Write Time":0.0,"Temp I/O Read Time":0.0,"Temp I/O Write Time":151.438,"Plans":[{"Node Type":"Index Only Scan","Parent Relationship":"Outer","Parallel Aware":false,"Async Capable":false,"Scan Direction":"Forward","Index Name":"stock_pk","Relation Name":"stock","Schema":"public","Alias":"stock","Startup Cost":0.43,"Total Cost":259690.86,"Plan Rows":10000162,"Plan Width":6,"Actual Startup Time":0.029,"Actual Total Time":723.929,"Actual Rows":10000000,"Actual Loops":1,"Output":["stock.s_w_id","stock.s_i_id"],"Heap Fetches":0,"Shared Hit Blocks":27338,"Shared Read Blocks":0,"Shared Dirtied Blocks":0,"Shared Written Blocks":0,"Local Hit Blocks":0,"Local Read Blocks":0,"Local Dirtied Blocks":0,"Local Written Blocks":0,"Temp Read Blocks":0,"Temp Written Blocks":0,"I/O Read Time":0.0,"I/O Write Time":0.0,"Temp I/O Read Time":0.0,"Temp I/O Write Time":0.0}]}]},{"Node Type":"Hash","Parent Relationship":"Inner","Parallel Aware":false,"Async Capable":false,"Startup Cost":219.01,"Total Cost":219.01,"Plan Rows":10001,"Plan Width":8,"Actual Startup Time":3.0,"Actual Total Time":3.002,"Actual Rows":10000,"Actual Loops":1,"Output":["supplier.su_nationkey","supplier.su_suppkey"],"Hash Buckets":16384,"Original Hash Buckets":16384,"Hash Batches":1,"Original Hash Batches":1,"Peak Memory Usage":519,"Shared Hit Blocks":0,"Shared Read Blocks":0,"Shared Dirtied Blocks":0,"Shared Written Blocks":0,"Local Hit Blocks":0,"Local Read Blocks":0,"Local Dirtied Blocks":0,"Local Written Blocks":0,"Temp Read Blocks":0,"Temp Written Blocks":0,"I/O Read Time":0.0,"I/O Write Time":0.0,"Temp I/O Read Time":0.0,"Temp I/O Write Time":0.0,"Plans":[{"Node Type":"Append","Parent Relationship":"Outer","Parallel Aware":false,"Async Capable":false,"Startup Cost":20.0,"Total Cost":219.01,"Plan Rows":10001,"Plan Width":8,"Actual Startup Time":0.028,"Actual Total Time":1.787,"Actual Rows":10000,"Actual Loops":1,"Shared Hit Blocks":0,"Shared Read Blocks":0,"Shared Dirtied Blocks":0,"Shared Written Blocks":0,"Local Hit Blocks":0,"Local Read Blocks":0,"Local Dirtied Blocks":0,"Local Written Blocks":0,"Temp Read Blocks":0,"Temp Written Blocks":0,"I/O Read Time":0.0,"I/O Write Time":0.0,"Temp I/O Read Time":0.0,"Temp I/O Write Time":0.0,"Subplans Removed":0,"Plans":[{"Node Type":"Custom Scan","Parent Relationship":"Member","Custom Plan Provider":"columnar scan","Parallel Aware":false,"Async Capable":false,"Relation Name":"supplier","Schema":"public","Alias":"supplier","Startup Cost":20.0,"Total Cost":215.0,"Plan Rows":10000,"Plan Width":8,"Actual Startup Time":0.026,"Actual Total Time":1.086,"Actual Rows":10000,"Actual Loops":1,"Output":["supplier.su_nationkey","supplier.su_suppkey"],"Rows Removed by Columnar Filter":0,"Columnar cache search mode":"native","Shared Hit Blocks":0,"Shared Read Blocks":0,"Shared Dirtied Blocks":0,"Shared Written Blocks":0,"Local Hit Blocks":0,"Local Read Blocks":0,"Local Dirtied Blocks":0,"Local Written Blocks":0,"Temp Read Blocks":0,"Temp Written Blocks":0,"I/O Read Time":0.0,"I/O Write Time":0.0,"Temp I/O Read Time":0.0,"Temp I/O Write Time":0.0},{"Node Type":"Seq Scan","Parent Relationship":"Member","Parallel Aware":false,"Async Capable":false,"Relation Name":"supplier","Schema":"public","Alias":"supplier","Startup Cost":0.0,"Total Cost":4.01,"Plan Rows":1,"Plan Width":8,"Actual Startup Time":0.0,"Actual Total Time":0.0,"Actual Rows":0,"Actual Loops":0,"Output":["supplier.su_nationkey","supplier.su_suppkey"],"Shared Hit Blocks":0,"Shared Read Blocks":0,"Shared Dirtied Blocks":0,"Shared Written Blocks":0,"Local Hit Blocks":0,"Local Read Blocks":0,"Local Dirtied Blocks":0,"Local Written Blocks":0,"Temp Read Blocks":0,"Temp Written Blocks":0,"I/O Read Time":0.0,"I/O Write Time":0.0,"Temp I/O Read Time":0.0,"Temp I/O Write Time":0.0}]}]}]},{"Node Type":"Hash","Parent Relationship":"Inner","Parallel Aware":false,"Async Capable":false,"Startup Cost":1.93,"Total Cost":1.93,"Plan Rows":2,"Plan Width":12,"Actual Startup Time":0.027,"Actual Total Time":0.027,"Actual Rows":2,"Actual Loops":1,"Output":["n1.n_nationkey","n1.n_name"],"Hash Buckets":1024,"Original Hash Buckets":1024,"Hash Batches":1,"Original Hash Batches":1,"Peak Memory Usage":9,"Shared Hit Blocks":1,"Shared Read Blocks":0,"Shared Dirtied Blocks":0,"Shared Written Blocks":0,"Local Hit Blocks":0,"Local Read Blocks":0,"Local Dirtied Blocks":0,"Local Written Blocks":0,"Temp Read Blocks":0,"Temp Written Blocks":0,"I/O Read Time":0.0,"I/O Write Time":0.0,"Temp I/O Read Time":0.0,"Temp I/O Write Time":0.0,"Plans":[{"Node Type":"Seq Scan","Parent Relationship":"Outer","Parallel Aware":false,"Async Capable":false,"Relation Name":"nation","Schema":"public","Alias":"n1","Startup Cost":0.0,"Total Cost":1.93,"Plan Rows":2,"Plan Width":12,"Actual Startup Time":0.019,"Actual Total Time":0.023,"Actual Rows":2,"Actual Loops":1,"Output":["n1.n_nationkey","n1.n_name"],"Filter":"(((n1.n_name)::text = 'Germany'::text) OR ((n1.n_name)::text = 'Cambodia'::text))","Rows Removed by Filter":60,"Shared Hit Blocks":1,"Shared Read Blocks":0,"Shared Dirtied Blocks":0,"Shared Written Blocks":0,"Local Hit Blocks":0,"Local Read Blocks":0,"Local Dirtied Blocks":0,"Local Written Blocks":0,"Temp Read Blocks":0,"Temp Written Blocks":0,"I/O Read Time":0.0,"I/O Write Time":0.0,"Temp I/O Read Time":0.0,"Temp I/O Write Time":0.0}]}]},{"Node Type":"Hash","Parent Relationship":"Inner","Parallel Aware":false,"Async Capable":false,"Startup Cost":59559.0,"Total Cost":59559.0,"Plan Rows":2998176,"Plan Width":24,"Actual Startup Time":899.623,"Actual Total Time":899.623,"Actual Rows":2997892,"Actual Loops":1,"Output":["orders.o_entry_d","orders.o_w_id","orders.o_d_id","orders.o_id","orders.o_c_id"],"Hash Buckets":131072,"Original Hash Buckets":131072,"Hash Batches":32,"Original Hash Batches":32,"Peak Memory Usage":6539,"Shared Hit Blocks":22059,"Shared Read Blocks":0,"Shared Dirtied Blocks":0,"Shared Written Blocks":0,"Local Hit Blocks":0,"Local Read Blocks":0,"Local Dirtied Blocks":0,"Local Written Blocks":0,"Temp Read Blocks":0,"Temp Written Blocks":16995,"I/O Read Time":0.0,"I/O Write Time":0.0,"Temp I/O Read Time":0.0,"Temp I/O Write Time":73.047,"Plans":[{"Node Type":"Seq Scan","Parent Relationship":"Outer","Parallel Aware":false,"Async Capable":false,"Relation Name":"orders","Schema":"public","Alias":"orders","Startup Cost":0.0,"Total Cost":59559.0,"Plan Rows":2998176,"Plan Width":24,"Actual Startup Time":0.012,"Actual Total Time":365.272,"Actual Rows":2997892,"Actual Loops":1,"Output":["orders.o_entry_d","orders.o_w_id","orders.o_d_id","orders.o_id","orders.o_c_id"],"Filter":"(orders.o_entry_d >= '1992-01-02 20:10:02.27764'::timestamp without time zone)","Rows Removed by Filter":2108,"Shared Hit Blocks":22059,"Shared Read Blocks":0,"Shared Dirtied Blocks":0,"Shared Written Blocks":0,"Local Hit Blocks":0,"Local Read Blocks":0,"Local Dirtied Blocks":0,"Local Written Blocks":0,"Temp Read Blocks":0,"Temp Written Blocks":0,"I/O Read Time":0.0,"I/O Write Time":0.0,"Temp I/O Read Time":0.0,"Temp I/O Write Time":0.0}]}]}]},{"Node Type":"Materialize","Parent Relationship":"Inner","Parallel Aware":false,"Async Capable":false,"Startup Cost":272923.48,"Total Cost":273407.31,"Plan Rows":96766,"Plan Width":20,"Actual Startup Time":131.054,"Actual Total Time":163.665,"Actual Rows":146547,"Actual Loops":1,"Output":["customer.c_nationkey","customer.c_id","customer.c_w_id","customer.c_d_id","n2.n_name"],"Shared Hit Blocks":1,"Shared Read Blocks":0,"Shared Dirtied Blocks":0,"Shared Written Blocks":0,"Local Hit Blocks":0,"Local Read Blocks":0,"Local Dirtied Blocks":0,"Local Written Blocks":0,"Temp Read Blocks":545,"Temp Written Blocks":548,"I/O Read Time":0.0,"I/O Write Time":0.0,"Temp I/O Read Time":0.69,"Temp I/O Write Time":2.055,"Plans":[{"Node Type":"Sort","Parent Relationship":"Outer","Parallel Aware":false,"Async Capable":false,"Startup Cost":272923.48,"Total Cost":273165.4,"Plan Rows":96766,"Plan Width":20,"Actual Startup Time":131.048,"Actual Total Time":147.948,"Actual Rows":144982,"Actual Loops":1,"Output":["customer.c_nationkey","customer.c_id","customer.c_w_id","customer.c_d_id","n2.n_name"],"Sort Key":["customer.c_id","customer.c_w_id","customer.c_d_id"],"Sort Method":"external merge","Sort Space Used":4360,"Sort Space Type":"Disk","Shared Hit Blocks":1,"Shared Read Blocks":0,"Shared Dirtied Blocks":0,"Shared Written Blocks":0,"Local Hit Blocks":0,"Local Read Blocks":0,"Local Dirtied Blocks":0,"Local Written Blocks":0,"Temp Read Blocks":545,"Temp Written Blocks":548,"I/O Read Time":0.0,"I/O Write Time":0.0,"Temp I/O Read Time":0.69,"Temp I/O Write Time":2.055,"Plans":[{"Node Type":"Hash Join","Parent Relationship":"Outer","Parallel Aware":false,"Async Capable":false,"Join Type":"Inner","Startup Cost":21.95,"Total Cost":262925.69,"Plan Rows":96766,"Plan Width":20,"Actual Startup Time":0.682,"Actual Total Time":80.448,"Actual Rows":144986,"Actual Loops":1,"Output":["customer.c_nationkey","customer.c_id","customer.c_w_id","customer.c_d_id","n2.n_name"],"Inner Unique":true,"Hash Cond":"(customer.c_nationkey = n2.n_nationkey)","Shared Hit Blocks":1,"Shared Read Blocks":0,"Shared Dirtied Blocks":0,"Shared Written Blocks":0,"Local Hit Blocks":0,"Local Read Blocks":0,"Local Dirtied Blocks":0,"Local Written Blocks":0,"Temp Read Blocks":0,"Temp Written Blocks":0,"I/O Read Time":0.0,"I/O Write Time":0.0,"Temp I/O Read Time":0.0,"Temp I/O Write Time":0.0,"Plans":[{"Node Type":"Append","Parent Relationship":"Outer","Parallel Aware":false,"Async Capable":false,"Startup Cost":20.0,"Total Cost":254511.16,"Plan Rows":2999739,"Plan Width":12,"Actual Startup Time":0.267,"Actual Total Time":53.092,"Actual Rows":144986,"Actual Loops":1,"Shared Hit Blocks":0,"Shared Read Blocks":0,"Shared Dirtied Blocks":0,"Shared Written Blocks":0,"Local Hit Blocks":0,"Local Read Blocks":0,"Local Dirtied Blocks":0,"Local Written Blocks":0,"Temp Read Blocks":0,"Temp Written Blocks":0,"I/O Read Time":0.0,"I/O Write Time":0.0,"Temp I/O Read Time":0.0,"Temp I/O Write Time":0.0,"Subplans Removed":0,"Plans":[{"Node Type":"Custom Scan","Parent Relationship":"Member","Custom Plan Provider":"columnar scan","Parallel Aware":false,"Async Capable":false,"Relation Name":"customer","Schema":"public","Alias":"customer","Startup Cost":20.0,"Total Cost":70513.87,"Plan Rows":2999738,"Plan Width":12,"Actual Startup Time":0.264,"Actual Total Time":42.82,"Actual Rows":144986,"Actual Loops":1,"Output":["customer.c_nationkey","customer.c_id","customer.c_w_id","customer.c_d_id"],"Rows Removed by Columnar Filter":2855014,"Rows Filtered by Bloom Filter":0,"Dictionary Rows Filtered by Bloom Filter":2855014,"Columnar cache search mode":"native","Shared Hit Blocks":0,"Shared Read Blocks":0,"Shared Dirtied Blocks":0,"Shared Written Blocks":0,"Local Hit Blocks":0,"Local Read Blocks":0,"Local Dirtied Blocks":0,"Local Written Blocks":0,"Temp Read Blocks":0,"Temp Written Blocks":0,"I/O Read Time":0.0,"I/O Write Time":0.0,"Temp I/O Read Time":0.0,"Temp I/O Write Time":0.0},{"Node Type":"Seq Scan","Parent Relationship":"Member","Parallel Aware":false,"Async Capable":false,"Relation Name":"customer","Schema":"public","Alias":"customer","Startup Cost":0.0,"Total Cost":4.01,"Plan Rows":1,"Plan Width":12,"Actual Startup Time":0.0,"Actual Total Time":0.0,"Actual Rows":0,"Actual Loops":0,"Output":["customer.c_nationkey","customer.c_id","customer.c_w_id","customer.c_d_id"],"Shared Hit Blocks":0,"Shared Read Blocks":0,"Shared Dirtied Blocks":0,"Shared Written Blocks":0,"Local Hit Blocks":0,"Local Read Blocks":0,"Local Dirtied Blocks":0,"Local Written Blocks":0,"Temp Read Blocks":0,"Temp Written Blocks":0,"I/O Read Time":0.0,"I/O Write Time":0.0,"Temp I/O Read Time":0.0,"Temp I/O Write Time":0.0}]},{"Node Type":"Hash","Parent Relationship":"Inner","Parallel Aware":false,"Async Capable":false,"Startup Cost":1.93,"Total Cost":1.93,"Plan Rows":2,"Plan Width":12,"Actual Startup Time":0.04,"Actual Total Time":0.04,"Actual Rows":2,"Actual Loops":1,"Output":["n2.n_nationkey","n2.n_name"],"Hash Buckets":1024,"Original Hash Buckets":1024,"Hash Batches":1,"Original Hash Batches":1,"Peak Memory Usage":9,"Shared Hit Blocks":1,"Shared Read Blocks":0,"Shared Dirtied Blocks":0,"Shared Written Blocks":0,"Local Hit Blocks":0,"Local Read Blocks":0,"Local Dirtied Blocks":0,"Local Written Blocks":0,"Temp Read Blocks":0,"Temp Written Blocks":0,"I/O Read Time":0.0,"I/O Write Time":0.0,"Temp I/O Read Time":0.0,"Temp I/O Write Time":0.0,"Plans":[{"Node Type":"Seq Scan","Parent Relationship":"Outer","Parallel Aware":false,"Async Capable":false,"Relation Name":"nation","Schema":"public","Alias":"n2","Startup Cost":0.0,"Total Cost":1.93,"Plan Rows":2,"Plan Width":12,"Actual Startup Time":0.029,"Actual Total Time":0.034,"Actual Rows":2,"Actual Loops":1,"Output":["n2.n_nationkey","n2.n_name"],"Filter":"(((n2.n_name)::text = 'Cambodia'::text) OR ((n2.n_name)::text = 'Germany'::text))","Rows Removed by Filter":60,"Shared Hit Blocks":1,"Shared Read Blocks":0,"Shared Dirtied Blocks":0,"Shared Written Blocks":0,"Local Hit Blocks":0,"Local Read Blocks":0,"Local Dirtied Blocks":0,"Local Written Blocks":0,"Temp Read Blocks":0,"Temp Written Blocks":0,"I/O Read Time":0.0,"I/O Write Time":0.0,"Temp I/O Read Time":0.0,"Temp I/O Write Time":0.0}]}]}]}]}]}]}]},"Planning":{"Shared Hit Blocks":12,"Shared Read Blocks":0,"Shared Dirtied Blocks":0,"Shared Written Blocks":0,"Local Hit Blocks":0,"Local Read Blocks":0,"Local Dirtied Blocks":0,"Local Written Blocks":0,"Temp Read Blocks":0,"Temp Written Blocks":0,"I/O Read Time":0.0,"I/O Write Time":0.0,"Temp I/O Read Time":0.0,"Temp I/O Write Time":0.0},"Planning Time":2.773,"Triggers":[],"Execution Time":13283.783}]
[列存组合]: nation, order_line
[{"Plan":{"Node Type":"Aggregate","Strategy":"Sorted","Partial Mode":"Simple","Parallel Aware":false,"Async Capable":false,"Startup Cost":1920251.42,"Total Cost":1920373.03,"Plan Rows":4422,"Plan Width":72,"Actual Startup Time":15711.575,"Actual Total Time":15712.861,"Actual Rows":6,"Actual Loops":1,"Output":["supplier.su_nationkey","customer.c_nationkey","(EXTRACT(year FROM orders.o_entry_d))","sum(order_line.ol_amount)"],"Group Key":["supplier.su_nationkey","customer.c_nationkey","(EXTRACT(year FROM orders.o_entry_d))"],"Shared Hit Blocks":279220,"Shared Read Blocks":0,"Shared Dirtied Blocks":0,"Shared Written Blocks":0,"Local Hit Blocks":0,"Local Read Blocks":0,"Local Dirtied Blocks":0,"Local Written Blocks":0,"Temp Read Blocks":103732,"Temp Written Blocks":103741,"I/O Read Time":0.0,"I/O Write Time":0.0,"Temp I/O Read Time":171.88,"Temp I/O Write Time":481.371,"Plans":[{"Node Type":"Sort","Parent Relationship":"Outer","Parallel Aware":false,"Async Capable":false,"Startup Cost":1920251.42,"Total Cost":1920262.48,"Plan Rows":4422,"Plan Width":44,"Actual Startup Time":15711.513,"Actual Total Time":15711.788,"Actual Rows":6043,"Actual Loops":1,"Output":["supplier.su_nationkey","customer.c_nationkey","(EXTRACT(year FROM orders.o_entry_d))","order_line.ol_amount"],"Sort Key":["supplier.su_nationkey","customer.c_nationkey","(EXTRACT(year FROM orders.o_entry_d))"],"Sort Method":"quicksort","Sort Space Used":523,"Sort Space Type":"Memory","Shared Hit Blocks":279220,"Shared Read Blocks":0,"Shared Dirtied Blocks":0,"Shared Written Blocks":0,"Local Hit Blocks":0,"Local Read Blocks":0,"Local Dirtied Blocks":0,"Local Written Blocks":0,"Temp Read Blocks":103732,"Temp Written Blocks":103741,"I/O Read Time":0.0,"I/O Write Time":0.0,"Temp I/O Read Time":171.88,"Temp I/O Write Time":481.371,"Plans":[{"Node Type":"Merge Join","Parent Relationship":"Outer","Parallel Aware":false,"Async Capable":false,"Join Type":"Inner","Startup Cost":1915891.28,"Total Cost":1919983.66,"Plan Rows":4422,"Plan Width":44,"Actual Startup Time":15557.792,"Actual Total Time":15710.099,"Actual Rows":6043,"Actual Loops":1,"Output":["supplier.su_nationkey","customer.c_nationkey","EXTRACT(year FROM orders.o_entry_d)","order_line.ol_amount"],"Inner Unique":false,"Merge Cond":"((orders.o_c_id = customer.c_id) AND (order_line.ol_w_id = customer.c_w_id) AND (order_line.ol_d_id = customer.c_d_id))","Join Filter":"((((n1.n_name)::text = 'Germany'::text) AND ((n2.n_name)::text = 'Cambodia'::text)) OR (((n1.n_name)::text = 'Cambodia'::text) AND ((n2.n_name)::text = 'Germany'::text)))","Rows Removed by Join Filter":5752,"Shared Hit Blocks":279220,"Shared Read Blocks":0,"Shared Dirtied Blocks":0,"Shared Written Blocks":0,"Local Hit Blocks":0,"Local Read Blocks":0,"Local Dirtied Blocks":0,"Local Written Blocks":0,"Temp Read Blocks":103732,"Temp Written Blocks":103741,"I/O Read Time":0.0,"I/O Write Time":0.0,"Temp I/O Read Time":171.88,"Temp I/O Write Time":481.371,"Plans":[{"Node Type":"Sort","Parent Relationship":"Outer","Parallel Aware":false,"Async Capable":false,"Startup Cost":1637877.47,"Total Cost":1638552.03,"Plan Rows":269824,"Plan Width":36,"Actual Startup Time":14618.865,"Actual Total Time":14689.727,"Actual Rows":242214,"Actual Loops":1,"Output":["supplier.su_nationkey","order_line.ol_amount","order_line.ol_w_id","order_line.ol_d_id","orders.o_entry_d","orders.o_w_id","orders.o_d_id","orders.o_c_id","n1.n_name"],"Sort Key":["orders.o_c_id","order_line.ol_w_id","order_line.ol_d_id"],"Sort Method":"external merge","Sort Space Used":11984,"Sort Space Type":"Disk","Shared Hit Blocks":49615,"Shared Read Blocks":0,"Shared Dirtied Blocks":0,"Shared Written Blocks":0,"Local Hit Blocks":0,"Local Read Blocks":0,"Local Dirtied Blocks":0,"Local Written Blocks":0,"Temp Read Blocks":103187,"Temp Written Blocks":103193,"I/O Read Time":0.0,"I/O Write Time":0.0,"Temp I/O Read Time":171.095,"Temp I/O Write Time":479.237,"Plans":[{"Node Type":"Hash Join","Parent Relationship":"Outer","Parallel Aware":false,"Async Capable":false,"Join Type":"Inner","Startup Cost":578816.33,"Total Cost":1606159.11,"Plan Rows":269824,"Plan Width":36,"Actual Startup Time":3012.939,"Actual Total Time":14490.314,"Actual Rows":242214,"Actual Loops":1,"Output":["supplier.su_nationkey","order_line.ol_amount","order_line.ol_w_id","order_line.ol_d_id","orders.o_entry_d","orders.o_w_id","orders.o_d_id","orders.o_c_id","n1.n_name"],"Inner Unique":true,"Hash Cond":"((order_line.ol_w_id = orders.o_w_id) AND (order_line.ol_d_id = orders.o_d_id) AND (order_line.ol_o_id = orders.o_id))","Shared Hit Blocks":49615,"Shared Read Blocks":0,"Shared Dirtied Blocks":0,"Shared Written Blocks":0,"Local Hit Blocks":0,"Local Read Blocks":0,"Local Dirtied Blocks":0,"Local Written Blocks":0,"Temp Read Blocks":101689,"Temp Written Blocks":101689,"I/O Read Time":0.0,"I/O Write Time":0.0,"Temp I/O Read Time":168.874,"Temp I/O Write Time":473.677,"Plans":[{"Node Type":"Hash Join","Parent Relationship":"Outer","Parallel Aware":false,"Async Capable":false,"Join Type":"Inner","Startup Cost":449221.25,"Total Cost":1453177.87,"Plan Rows":269988,"Plan Width":28,"Actual Startup Time":2098.654,"Actual Total Time":13234.13,"Actual Rows":242214,"Actual Loops":1,"Output":["supplier.su_nationkey","order_line.ol_amount","order_line.ol_w_id","order_line.ol_d_id","order_line.ol_o_id","n1.n_name"],"Inner Unique":true,"Hash Cond":"(supplier.su_nationkey = n1.n_nationkey)","Shared Hit Blocks":27556,"Shared Read Blocks":0,"Shared Dirtied Blocks":0,"Shared Written Blocks":0,"Local Hit Blocks":0,"Local Read Blocks":0,"Local Dirtied Blocks":0,"Local Written Blocks":0,"Temp Read Blocks":83145,"Temp Written Blocks":83145,"I/O Read Time":0.0,"I/O Write Time":0.0,"Temp I/O Read Time":139.289,"Temp I/O Write Time":385.967,"Plans":[{"Node Type":"Hash Join","Parent Relationship":"Outer","Parallel Aware":false,"Async Capable":false,"Join Type":"Inner","Startup Cost":449219.29,"Total Cost":1429703.81,"Plan Rows":8369638,"Plan Width":20,"Actual Startup Time":2096.566,"Actual Total Time":12601.922,"Actual Rows":8570498,"Actual Loops":1,"Output":["supplier.su_nationkey","order_line.ol_amount","order_line.ol_w_id","order_line.ol_d_id","order_line.ol_o_id"],"Inner Unique":true,"Hash Cond":"(mod((stock.s_w_id * stock.s_i_id), 10000) = supplier.su_suppkey)","Shared Hit Blocks":27555,"Shared Read Blocks":0,"Shared Dirtied Blocks":0,"Shared Written Blocks":0,"Local Hit Blocks":0,"Local Read Blocks":0,"Local Dirtied Blocks":0,"Local Written Blocks":0,"Temp Read Blocks":83145,"Temp Written Blocks":83145,"I/O Read Time":0.0,"I/O Write Time":0.0,"Temp I/O Read Time":139.289,"Temp I/O Write Time":385.967,"Plans":[{"Node Type":"Hash Join","Parent Relationship":"Outer","Parallel Aware":false,"Async Capable":false,"Join Type":"Inner","Startup Cost":448777.29,"Total Cost":1405187.91,"Plan Rows":8369638,"Plan Width":22,"Actual Startup Time":2094.064,"Actual Total Time":10840.947,"Actual Rows":8570498,"Actual Loops":1,"Output":["stock.s_w_id","stock.s_i_id","order_line.ol_amount","order_line.ol_w_id","order_line.ol_d_id","order_line.ol_o_id"],"Inner Unique":true,"Hash Cond":"((order_line.ol_supply_w_id = stock.s_w_id) AND (order_line.ol_i_id = stock.s_i_id))","Shared Hit Blocks":27338,"Shared Read Blocks":0,"Shared Dirtied Blocks":0,"Shared Written Blocks":0,"Local Hit Blocks":0,"Local Read Blocks":0,"Local Dirtied Blocks":0,"Local Written Blocks":0,"Temp Read Blocks":83145,"Temp Written Blocks":83145,"I/O Read Time":0.0,"I/O Write Time":0.0,"Temp I/O Read Time":139.289,"Temp I/O Write Time":385.967,"Plans":[{"Node Type":"Append","Parent Relationship":"Outer","Parallel Aware":false,"Async Capable":false,"Startup Cost":20.0,"Total Cost":775344.0,"Plan Rows":8369638,"Plan Width":22,"Actual Startup Time":0.199,"Actual Total Time":1668.951,"Actual Rows":8570498,"Actual Loops":1,"Shared Hit Blocks":0,"Shared Read Blocks":0,"Shared Dirtied Blocks":0,"Shared Written Blocks":0,"Local Hit Blocks":0,"Local Read Blocks":0,"Local Dirtied Blocks":0,"Local Written Blocks":0,"Temp Read Blocks":0,"Temp Written Blocks":0,"I/O Read Time":0.0,"I/O Write Time":0.0,"Temp I/O Read Time":0.0,"Temp I/O Write Time":0.0,"Subplans Removed":0,"Plans":[{"Node Type":"Custom Scan","Parent Relationship":"Member","Custom Plan Provider":"columnar scan","Parallel Aware":false,"Async Capable":false,"Relation Name":"order_line","Schema":"public","Alias":"order_line","Startup Cost":20.0,"Total Cost":230185.68,"Plan Rows":8369621,"Plan Width":22,"Actual Startup Time":0.198,"Actual Total Time":1056.572,"Actual Rows":8570498,"Actual Loops":1,"Output":["order_line.ol_amount","order_line.ol_supply_w_id","order_line.ol_i_id","order_line.ol_w_id","order_line.ol_d_id","order_line.ol_o_id"],"Filter":"((order_line.ol_delivery_d <= '1997-01-01 20:10:02.27764'::timestamp without time zone) AND (order_line.ol_delivery_d >= '1995-01-02 20:10:02.27764'::timestamp without time zone))","Rows Removed by Filter":0,"Rows Removed by Columnar Filter":21427234,"Columnar projection mode":"late materialization","Columnar cache search mode":"native","Shared Hit Blocks":0,"Shared Read Blocks":0,"Shared Dirtied Blocks":0,"Shared Written Blocks":0,"Local Hit Blocks":0,"Local Read Blocks":0,"Local Dirtied Blocks":0,"Local Written Blocks":0,"Temp Read Blocks":0,"Temp Written Blocks":0,"I/O Read Time":0.0,"I/O Write Time":0.0,"Temp I/O Read Time":0.0,"Temp I/O Write Time":0.0},{"Node Type":"Seq Scan","Parent Relationship":"Member","Parallel Aware":false,"Async Capable":false,"Relation Name":"order_line","Schema":"public","Alias":"order_line","Startup Cost":0.0,"Total Cost":4.9,"Plan Rows":17,"Plan Width":22,"Actual Startup Time":0.0,"Actual Total Time":0.0,"Actual Rows":0,"Actual Loops":0,"Output":["order_line.ol_amount","order_line.ol_supply_w_id","order_line.ol_i_id","order_line.ol_w_id","order_line.ol_d_id","order_line.ol_o_id"],"Filter":"((order_line.ol_delivery_d <= '1997-01-01 20:10:02.27764'::timestamp without time zone) AND (order_line.ol_delivery_d >= '1995-01-02 20:10:02.27764'::timestamp without time zone))","Rows Removed by Filter":0,"Shared Hit Blocks":0,"Shared Read Blocks":0,"Shared Dirtied Blocks":0,"Shared Written Blocks":0,"Local Hit Blocks":0,"Local Read Blocks":0,"Local Dirtied Blocks":0,"Local Written Blocks":0,"Temp Read Blocks":0,"Temp Written Blocks":0,"I/O Read Time":0.0,"I/O Write Time":0.0,"Temp I/O Read Time":0.0,"Temp I/O Write Time":0.0}]},{"Node Type":"Hash","Parent Relationship":"Inner","Parallel Aware":false,"Async Capable":false,"Startup Cost":259690.86,"Total Cost":259690.86,"Plan Rows":10000162,"Plan Width":6,"Actual Startup Time":2092.54,"Actual Total Time":2092.54,"Actual Rows":10000000,"Actual Loops":1,"Output":["stock.s_w_id","stock.s_i_id"],"Hash Buckets":262144,"Original Hash Buckets":262144,"Hash Batches":64,"Original Hash Batches":64,"Peak Memory Usage":8133,"Shared Hit Blocks":27338,"Shared Read Blocks":0,"Shared Dirtied Blocks":0,"Shared Written Blocks":0,"Local Hit Blocks":0,"Local Read Blocks":0,"Local Dirtied Blocks":0,"Local Written Blocks":0,"Temp Read Blocks":0,"Temp Written Blocks":33616,"I/O Read Time":0.0,"I/O Write Time":0.0,"Temp I/O Read Time":0.0,"Temp I/O Write Time":153.618,"Plans":[{"Node Type":"Index Only Scan","Parent Relationship":"Outer","Parallel Aware":false,"Async Capable":false,"Scan Direction":"Forward","Index Name":"stock_pk","Relation Name":"stock","Schema":"public","Alias":"stock","Startup Cost":0.43,"Total Cost":259690.86,"Plan Rows":10000162,"Plan Width":6,"Actual Startup Time":0.024,"Actual Total Time":731.255,"Actual Rows":10000000,"Actual Loops":1,"Output":["stock.s_w_id","stock.s_i_id"],"Heap Fetches":0,"Shared Hit Blocks":27338,"Shared Read Blocks":0,"Shared Dirtied Blocks":0,"Shared Written Blocks":0,"Local Hit Blocks":0,"Local Read Blocks":0,"Local Dirtied Blocks":0,"Local Written Blocks":0,"Temp Read Blocks":0,"Temp Written Blocks":0,"I/O Read Time":0.0,"I/O Write Time":0.0,"Temp I/O Read Time":0.0,"Temp I/O Write Time":0.0}]}]},{"Node Type":"Hash","Parent Relationship":"Inner","Parallel Aware":false,"Async Capable":false,"Startup Cost":317.0,"Total Cost":317.0,"Plan Rows":10000,"Plan Width":8,"Actual Startup Time":2.451,"Actual Total Time":2.452,"Actual Rows":10000,"Actual Loops":1,"Output":["supplier.su_nationkey","supplier.su_suppkey"],"Hash Buckets":16384,"Original Hash Buckets":16384,"Hash Batches":1,"Original Hash Batches":1,"Peak Memory Usage":519,"Shared Hit Blocks":217,"Shared Read Blocks":0,"Shared Dirtied Blocks":0,"Shared Written Blocks":0,"Local Hit Blocks":0,"Local Read Blocks":0,"Local Dirtied Blocks":0,"Local Written Blocks":0,"Temp Read Blocks":0,"Temp Written Blocks":0,"I/O Read Time":0.0,"I/O Write Time":0.0,"Temp I/O Read Time":0.0,"Temp I/O Write Time":0.0,"Plans":[{"Node Type":"Seq Scan","Parent Relationship":"Outer","Parallel Aware":false,"Async Capable":false,"Relation Name":"supplier","Schema":"public","Alias":"supplier","Startup Cost":0.0,"Total Cost":317.0,"Plan Rows":10000,"Plan Width":8,"Actual Startup Time":0.007,"Actual Total Time":1.241,"Actual Rows":10000,"Actual Loops":1,"Output":["supplier.su_nationkey","supplier.su_suppkey"],"Shared Hit Blocks":217,"Shared Read Blocks":0,"Shared Dirtied Blocks":0,"Shared Written Blocks":0,"Local Hit Blocks":0,"Local Read Blocks":0,"Local Dirtied Blocks":0,"Local Written Blocks":0,"Temp Read Blocks":0,"Temp Written Blocks":0,"I/O Read Time":0.0,"I/O Write Time":0.0,"Temp I/O Read Time":0.0,"Temp I/O Write Time":0.0}]}]},{"Node Type":"Hash","Parent Relationship":"Inner","Parallel Aware":false,"Async Capable":false,"Startup Cost":1.93,"Total Cost":1.93,"Plan Rows":2,"Plan Width":12,"Actual Startup Time":0.02,"Actual Total Time":0.022,"Actual Rows":2,"Actual Loops":1,"Output":["n1.n_nationkey","n1.n_name"],"Hash Buckets":1024,"Original Hash Buckets":1024,"Hash Batches":1,"Original Hash Batches":1,"Peak Memory Usage":9,"Shared Hit Blocks":1,"Shared Read Blocks":0,"Shared Dirtied Blocks":0,"Shared Written Blocks":0,"Local Hit Blocks":0,"Local Read Blocks":0,"Local Dirtied Blocks":0,"Local Written Blocks":0,"Temp Read Blocks":0,"Temp Written Blocks":0,"I/O Read Time":0.0,"I/O Write Time":0.0,"Temp I/O Read Time":0.0,"Temp I/O Write Time":0.0,"Plans":[{"Node Type":"Seq Scan","Parent Relationship":"Outer","Parallel Aware":false,"Async Capable":false,"Relation Name":"nation","Schema":"public","Alias":"n1","Startup Cost":0.0,"Total Cost":1.93,"Plan Rows":2,"Plan Width":12,"Actual Startup Time":0.012,"Actual Total Time":0.016,"Actual Rows":2,"Actual Loops":1,"Output":["n1.n_nationkey","n1.n_name"],"Filter":"(((n1.n_name)::text = 'Germany'::text) OR ((n1.n_name)::text = 'Cambodia'::text))","Rows Removed by Filter":60,"Shared Hit Blocks":1,"Shared Read Blocks":0,"Shared Dirtied Blocks":0,"Shared Written Blocks":0,"Local Hit Blocks":0,"Local Read Blocks":0,"Local Dirtied Blocks":0,"Local Written Blocks":0,"Temp Read Blocks":0,"Temp Written Blocks":0,"I/O Read Time":0.0,"I/O Write Time":0.0,"Temp I/O Read Time":0.0,"Temp I/O Write Time":0.0}]}]},{"Node Type":"Hash","Parent Relationship":"Inner","Parallel Aware":false,"Async Capable":false,"Startup Cost":59559.0,"Total Cost":59559.0,"Plan Rows":2998176,"Plan Width":24,"Actual Startup Time":906.783,"Actual Total Time":906.784,"Actual Rows":2997892,"Actual Loops":1,"Output":["orders.o_entry_d","orders.o_w_id","orders.o_d_id","orders.o_id","orders.o_c_id"],"Hash Buckets":131072,"Original Hash Buckets":131072,"Hash Batches":32,"Original Hash Batches":32,"Peak Memory Usage":6539,"Shared Hit Blocks":22059,"Shared Read Blocks":0,"Shared Dirtied Blocks":0,"Shared Written Blocks":0,"Local Hit Blocks":0,"Local Read Blocks":0,"Local Dirtied Blocks":0,"Local Written Blocks":0,"Temp Read Blocks":0,"Temp Written Blocks":16995,"I/O Read Time":0.0,"I/O Write Time":0.0,"Temp I/O Read Time":0.0,"Temp I/O Write Time":76.646,"Plans":[{"Node Type":"Seq Scan","Parent Relationship":"Outer","Parallel Aware":false,"Async Capable":false,"Relation Name":"orders","Schema":"public","Alias":"orders","Startup Cost":0.0,"Total Cost":59559.0,"Plan Rows":2998176,"Plan Width":24,"Actual Startup Time":0.016,"Actual Total Time":367.898,"Actual Rows":2997892,"Actual Loops":1,"Output":["orders.o_entry_d","orders.o_w_id","orders.o_d_id","orders.o_id","orders.o_c_id"],"Filter":"(orders.o_entry_d >= '1992-01-02 20:10:02.27764'::timestamp without time zone)","Rows Removed by Filter":2108,"Shared Hit Blocks":22059,"Shared Read Blocks":0,"Shared Dirtied Blocks":0,"Shared Written Blocks":0,"Local Hit Blocks":0,"Local Read Blocks":0,"Local Dirtied Blocks":0,"Local Written Blocks":0,"Temp Read Blocks":0,"Temp Written Blocks":0,"I/O Read Time":0.0,"I/O Write Time":0.0,"Temp I/O Read Time":0.0,"Temp I/O Write Time":0.0}]}]}]},{"Node Type":"Materialize","Parent Relationship":"Inner","Parallel Aware":false,"Async Capable":false,"Startup Cost":278013.7,"Total Cost":278497.53,"Plan Rows":96766,"Plan Width":20,"Actual Startup Time":938.883,"Actual Total Time":971.995,"Actual Rows":146547,"Actual Loops":1,"Output":["customer.c_nationkey","customer.c_id","customer.c_w_id","customer.c_d_id","n2.n_name"],"Shared Hit Blocks":229605,"Shared Read Blocks":0,"Shared Dirtied Blocks":0,"Shared Written Blocks":0,"Local Hit Blocks":0,"Local Read Blocks":0,"Local Dirtied Blocks":0,"Local Written Blocks":0,"Temp Read Blocks":545,"Temp Written Blocks":548,"I/O Read Time":0.0,"I/O Write Time":0.0,"Temp I/O Read Time":0.785,"Temp I/O Write Time":2.135,"Plans":[{"Node Type":"Sort","Parent Relationship":"Outer","Parallel Aware":false,"Async Capable":false,"Startup Cost":278013.7,"Total Cost":278255.62,"Plan Rows":96766,"Plan Width":20,"Actual Startup Time":938.875,"Actual Total Time":955.852,"Actual Rows":144982,"Actual Loops":1,"Output":["customer.c_nationkey","customer.c_id","customer.c_w_id","customer.c_d_id","n2.n_name"],"Sort Key":["customer.c_id","customer.c_w_id","customer.c_d_id"],"Sort Method":"external merge","Sort Space Used":4360,"Sort Space Type":"Disk","Shared Hit Blocks":229605,"Shared Read Blocks":0,"Shared Dirtied Blocks":0,"Shared Written Blocks":0,"Local Hit Blocks":0,"Local Read Blocks":0,"Local Dirtied Blocks":0,"Local Written Blocks":0,"Temp Read Blocks":545,"Temp Written Blocks":548,"I/O Read Time":0.0,"I/O Write Time":0.0,"Temp I/O Read Time":0.785,"Temp I/O Write Time":2.135,"Plans":[{"Node Type":"Hash Join","Parent Relationship":"Outer","Parallel Aware":false,"Async Capable":false,"Join Type":"Inner","Startup Cost":1.95,"Total Cost":268015.91,"Plan Rows":96766,"Plan Width":20,"Actual Startup Time":0.101,"Actual Total Time":883.787,"Actual Rows":144986,"Actual Loops":1,"Output":["customer.c_nationkey","customer.c_id","customer.c_w_id","customer.c_d_id","n2.n_name"],"Inner Unique":true,"Hash Cond":"(customer.c_nationkey = n2.n_nationkey)","Shared Hit Blocks":229605,"Shared Read Blocks":0,"Shared Dirtied Blocks":0,"Shared Written Blocks":0,"Local Hit Blocks":0,"Local Read Blocks":0,"Local Dirtied Blocks":0,"Local Written Blocks":0,"Temp Read Blocks":0,"Temp Written Blocks":0,"I/O Read Time":0.0,"I/O Write Time":0.0,"Temp I/O Read Time":0.0,"Temp I/O Write Time":0.0,"Plans":[{"Node Type":"Seq Scan","Parent Relationship":"Outer","Parallel Aware":false,"Async Capable":false,"Relation Name":"customer","Schema":"public","Alias":"customer","Startup Cost":0.0,"Total Cost":259601.38,"Plan Rows":2999738,"Plan Width":12,"Actual Startup Time":0.027,"Actual Total Time":352.219,"Actual Rows":3000000,"Actual Loops":1,"Output":["customer.c_id","customer.c_d_id","customer.c_w_id","customer.c_nationkey","customer.c_first","customer.c_middle","customer.c_last","customer.c_street_1","customer.c_street_2","customer.c_city","customer.c_state","customer.c_zip","customer.c_phone","customer.c_since","customer.c_credit","customer.c_credit_lim","customer.c_discount","customer.c_balance","customer.c_ytd_payment","customer.c_payment_cnt","customer.c_delivery_cnt","customer.c_data"],"Shared Hit Blocks":229604,"Shared Read Blocks":0,"Shared Dirtied Blocks":0,"Shared Written Blocks":0,"Local Hit Blocks":0,"Local Read Blocks":0,"Local Dirtied Blocks":0,"Local Written Blocks":0,"Temp Read Blocks":0,"Temp Written Blocks":0,"I/O Read Time":0.0,"I/O Write Time":0.0,"Temp I/O Read Time":0.0,"Temp I/O Write Time":0.0},{"Node Type":"Hash","Parent Relationship":"Inner","Parallel Aware":false,"Async Capable":false,"Startup Cost":1.93,"Total Cost":1.93,"Plan Rows":2,"Plan Width":12,"Actual Startup Time":0.026,"Actual Total Time":0.026,"Actual Rows":2,"Actual Loops":1,"Output":["n2.n_nationkey","n2.n_name"],"Hash Buckets":1024,"Original Hash Buckets":1024,"Hash Batches":1,"Original Hash Batches":1,"Peak Memory Usage":9,"Shared Hit Blocks":1,"Shared Read Blocks":0,"Shared Dirtied Blocks":0,"Shared Written Blocks":0,"Local Hit Blocks":0,"Local Read Blocks":0,"Local Dirtied Blocks":0,"Local Written Blocks":0,"Temp Read Blocks":0,"Temp Written Blocks":0,"I/O Read Time":0.0,"I/O Write Time":0.0,"Temp I/O Read Time":0.0,"Temp I/O Write Time":0.0,"Plans":[{"Node Type":"Seq Scan","Parent Relationship":"Outer","Parallel Aware":false,"Async Capable":false,"Relation Name":"nation","Schema":"public","Alias":"n2","Startup Cost":0.0,"Total Cost":1.93,"Plan Rows":2,"Plan Width":12,"Actual Startup Time":0.017,"Actual Total Time":0.021,"Actual Rows":2,"Actual Loops":1,"Output":["n2.n_nationkey","n2.n_name"],"Filter":"(((n2.n_name)::text = 'Cambodia'::text) OR ((n2.n_name)::text = 'Germany'::text))","Rows Removed by Filter":60,"Shared Hit Blocks":1,"Shared Read Blocks":0,"Shared Dirtied Blocks":0,"Shared Written Blocks":0,"Local Hit Blocks":0,"Local Read Blocks":0,"Local Dirtied Blocks":0,"Local Written Blocks":0,"Temp Read Blocks":0,"Temp Written Blocks":0,"I/O Read Time":0.0,"I/O Write Time":0.0,"Temp I/O Read Time":0.0,"Temp I/O Write Time":0.0}]}]}]}]}]}]}]},"Planning":{"Shared Hit Blocks":12,"Shared Read Blocks":0,"Shared Dirtied Blocks":0,"Shared Written Blocks":0,"Local Hit Blocks":0,"Local Read Blocks":0,"Local Dirtied Blocks":0,"Local Written Blocks":0,"Temp Read Blocks":0,"Temp Written Blocks":0,"I/O Read Time":0.0,"I/O Write Time":0.0,"Temp I/O Read Time":0.0,"Temp I/O Write Time":0.0},"Planning Time":2.921,"Triggers":[],"Execution Time":15715.936}]
[列存组合]: nation, orders
[{"Plan":{"Node Type":"Aggregate","Strategy":"Sorted","Partial Mode":"Simple","Parallel Aware":false,"Async Capable":false,"Startup Cost":1935758.3,"Total Cost":1935879.91,"Plan Rows":4422,"Plan Width":72,"Actual Startup Time":14027.042,"Actual Total Time":14028.305,"Actual Rows":6,"Actual Loops":1,"Output":["supplier.su_nationkey","customer.c_nationkey","(EXTRACT(year FROM orders.o_entry_d))","sum(order_line.ol_amount)"],"Group Key":["supplier.su_nationkey","customer.c_nationkey","(EXTRACT(year FROM orders.o_entry_d))"],"Shared Hit Blocks":620104,"Shared Read Blocks":0,"Shared Dirtied Blocks":0,"Shared Written Blocks":0,"Local Hit Blocks":0,"Local Read Blocks":0,"Local Dirtied Blocks":0,"Local Written Blocks":0,"Temp Read Blocks":99613,"Temp Written Blocks":99622,"I/O Read Time":0.0,"I/O Write Time":0.0,"Temp I/O Read Time":158.231,"Temp I/O Write Time":449.229,"Plans":[{"Node Type":"Sort","Parent Relationship":"Outer","Parallel Aware":false,"Async Capable":false,"Startup Cost":1935758.3,"Total Cost":1935769.36,"Plan Rows":4422,"Plan Width":44,"Actual Startup Time":14026.984,"Actual Total Time":14027.241,"Actual Rows":6043,"Actual Loops":1,"Output":["supplier.su_nationkey","customer.c_nationkey","(EXTRACT(year FROM orders.o_entry_d))","order_line.ol_amount"],"Sort Key":["supplier.su_nationkey","customer.c_nationkey","(EXTRACT(year FROM orders.o_entry_d))"],"Sort Method":"quicksort","Sort Space Used":523,"Sort Space Type":"Memory","Shared Hit Blocks":620104,"Shared Read Blocks":0,"Shared Dirtied Blocks":0,"Shared Written Blocks":0,"Local Hit Blocks":0,"Local Read Blocks":0,"Local Dirtied Blocks":0,"Local Written Blocks":0,"Temp Read Blocks":99613,"Temp Written Blocks":99622,"I/O Read Time":0.0,"I/O Write Time":0.0,"Temp I/O Read Time":158.231,"Temp I/O Write Time":449.229,"Plans":[{"Node Type":"Merge Join","Parent Relationship":"Outer","Parallel Aware":false,"Async Capable":false,"Join Type":"Inner","Startup Cost":1931398.16,"Total Cost":1935490.54,"Plan Rows":4422,"Plan Width":44,"Actual Startup Time":13873.028,"Actual Total Time":14025.541,"Actual Rows":6043,"Actual Loops":1,"Output":["supplier.su_nationkey","customer.c_nationkey","EXTRACT(year FROM orders.o_entry_d)","order_line.ol_amount"],"Inner Unique":false,"Merge Cond":"((orders.o_c_id = customer.c_id) AND (order_line.ol_w_id = customer.c_w_id) AND (order_line.ol_d_id = customer.c_d_id))","Join Filter":"((((n1.n_name)::text = 'Germany'::text) AND ((n2.n_name)::text = 'Cambodia'::text)) OR (((n1.n_name)::text = 'Cambodia'::text) AND ((n2.n_name)::text = 'Germany'::text)))","Rows Removed by Join Filter":5752,"Shared Hit Blocks":620104,"Shared Read Blocks":0,"Shared Dirtied Blocks":0,"Shared Written Blocks":0,"Local Hit Blocks":0,"Local Read Blocks":0,"Local Dirtied Blocks":0,"Local Written Blocks":0,"Temp Read Blocks":99613,"Temp Written Blocks":99622,"I/O Read Time":0.0,"I/O Write Time":0.0,"Temp I/O Read Time":158.231,"Temp I/O Write Time":449.229,"Plans":[{"Node Type":"Sort","Parent Relationship":"Outer","Parallel Aware":false,"Async Capable":false,"Startup Cost":1653384.35,"Total Cost":1654058.91,"Plan Rows":269824,"Plan Width":36,"Actual Startup Time":13008.457,"Actual Total Time":13080.356,"Actual Rows":242214,"Actual Loops":1,"Output":["supplier.su_nationkey","order_line.ol_amount","order_line.ol_w_id","order_line.ol_d_id","orders.o_entry_d","orders.o_w_id","orders.o_d_id","orders.o_c_id","n1.n_name"],"Sort Key":["orders.o_c_id","order_line.ol_w_id","order_line.ol_d_id"],"Sort Method":"external merge","Sort Space Used":11984,"Sort Space Type":"Disk","Shared Hit Blocks":390499,"Shared Read Blocks":0,"Shared Dirtied Blocks":0,"Shared Written Blocks":0,"Local Hit Blocks":0,"Local Read Blocks":0,"Local Dirtied Blocks":0,"Local Written Blocks":0,"Temp Read Blocks":99068,"Temp Written Blocks":99074,"I/O Read Time":0.0,"I/O Write Time":0.0,"Temp I/O Read Time":157.443,"Temp I/O Write Time":447.061,"Plans":[{"Node Type":"Hash Join","Parent Relationship":"Outer","Parallel Aware":false,"Async Capable":false,"Join Type":"Inner","Startup Cost":578796.33,"Total Cost":1621665.99,"Plan Rows":269824,"Plan Width":36,"Actual Startup Time":3017.202,"Actual Total Time":12880.57,"Actual Rows":242214,"Actual Loops":1,"Output":["supplier.su_nationkey","order_line.ol_amount","order_line.ol_w_id","order_line.ol_d_id","orders.o_entry_d","orders.o_w_id","orders.o_d_id","orders.o_c_id","n1.n_name"],"Inner Unique":true,"Hash Cond":"((order_line.ol_w_id = orders.o_w_id) AND (order_line.ol_d_id = orders.o_d_id) AND (order_line.ol_o_id = orders.o_id))","Shared Hit Blocks":390499,"Shared Read Blocks":0,"Shared Dirtied Blocks":0,"Shared Written Blocks":0,"Local Hit Blocks":0,"Local Read Blocks":0,"Local Dirtied Blocks":0,"Local Written Blocks":0,"Temp Read Blocks":97570,"Temp Written Blocks":97570,"I/O Read Time":0.0,"I/O Write Time":0.0,"Temp I/O Read Time":155.179,"Temp I/O Write Time":441.525,"Plans":[{"Node Type":"Hash Join","Parent Relationship":"Outer","Parallel Aware":false,"Async Capable":false,"Join Type":"Inner","Startup Cost":449201.25,"Total Cost":1468684.75,"Plan Rows":269988,"Plan Width":28,"Actual Startup Time":2108.486,"Actual Total Time":11638.521,"Actual Rows":242214,"Actual Loops":1,"Output":["supplier.su_nationkey","order_line.ol_amount","order_line.ol_w_id","order_line.ol_d_id","order_line.ol_o_id","n1.n_name"],"Inner Unique":true,"Hash Cond":"(supplier.su_nationkey = n1.n_nationkey)","Shared Hit Blocks":368440,"Shared Read Blocks":0,"Shared Dirtied Blocks":0,"Shared Written Blocks":0,"Local Hit Blocks":0,"Local Read Blocks":0,"Local Dirtied Blocks":0,"Local Written Blocks":0,"Temp Read Blocks":79026,"Temp Written Blocks":79026,"I/O Read Time":0.0,"I/O Write Time":0.0,"Temp I/O Read Time":125.721,"Temp I/O Write Time":358.108,"Plans":[{"Node Type":"Hash Join","Parent Relationship":"Outer","Parallel Aware":false,"Async Capable":false,"Join Type":"Inner","Startup Cost":449199.29,"Total Cost":1445210.69,"Plan Rows":8369638,"Plan Width":20,"Actual Startup Time":2106.591,"Actual Total Time":11036.54,"Actual Rows":8570498,"Actual Loops":1,"Output":["supplier.su_nationkey","order_line.ol_amount","order_line.ol_w_id","order_line.ol_d_id","order_line.ol_o_id"],"Inner Unique":true,"Hash Cond":"(mod((stock.s_w_id * stock.s_i_id), 10000) = supplier.su_suppkey)","Shared Hit Blocks":368439,"Shared Read Blocks":0,"Shared Dirtied Blocks":0,"Shared Written Blocks":0,"Local Hit Blocks":0,"Local Read Blocks":0,"Local Dirtied Blocks":0,"Local Written Blocks":0,"Temp Read Blocks":79026,"Temp Written Blocks":79026,"I/O Read Time":0.0,"I/O Write Time":0.0,"Temp I/O Read Time":125.721,"Temp I/O Write Time":358.108,"Plans":[{"Node Type":"Hash Join","Parent Relationship":"Outer","Parallel Aware":false,"Async Capable":false,"Join Type":"Inner","Startup Cost":448757.29,"Total Cost":1420694.79,"Plan Rows":8369638,"Plan Width":22,"Actual Startup Time":2104.159,"Actual Total Time":9349.19,"Actual Rows":8570498,"Actual Loops":1,"Output":["stock.s_w_id","stock.s_i_id","order_line.ol_amount","order_line.ol_w_id","order_line.ol_d_id","order_line.ol_o_id"],"Inner Unique":true,"Hash Cond":"((order_line.ol_supply_w_id = stock.s_w_id) AND (order_line.ol_i_id = stock.s_i_id))","Shared Hit Blocks":368222,"Shared Read Blocks":0,"Shared Dirtied Blocks":0,"Shared Written Blocks":0,"Local Hit Blocks":0,"Local Read Blocks":0,"Local Dirtied Blocks":0,"Local Written Blocks":0,"Temp Read Blocks":79026,"Temp Written Blocks":79026,"I/O Read Time":0.0,"I/O Write Time":0.0,"Temp I/O Read Time":125.721,"Temp I/O Write Time":358.108,"Plans":[{"Node Type":"Seq Scan","Parent Relationship":"Outer","Parallel Aware":false,"Async Capable":false,"Relation Name":"order_line","Schema":"public","Alias":"order_line","Startup Cost":0.0,"Total Cost":790850.88,"Plan Rows":8369638,"Plan Width":22,"Actual Startup Time":13.166,"Actual Total Time":2855.199,"Actual Rows":8570498,"Actual Loops":1,"Output":["order_line.ol_amount","order_line.ol_supply_w_id","order_line.ol_i_id","order_line.ol_w_id","order_line.ol_d_id","order_line.ol_o_id"],"Filter":"((order_line.ol_delivery_d >= '1995-01-02 20:10:02.27764'::timestamp without time zone) AND (order_line.ol_delivery_d <= '1997-01-01 20:10:02.27764'::timestamp without time zone))","Rows Removed by Filter":21427234,"Shared Hit Blocks":340884,"Shared Read Blocks":0,"Shared Dirtied Blocks":0,"Shared Written Blocks":0,"Local Hit Blocks":0,"Local Read Blocks":0,"Local Dirtied Blocks":0,"Local Written Blocks":0,"Temp Read Blocks":0,"Temp Written Blocks":0,"I/O Read Time":0.0,"I/O Write Time":0.0,"Temp I/O Read Time":0.0,"Temp I/O Write Time":0.0},{"Node Type":"Hash","Parent Relationship":"Inner","Parallel Aware":false,"Async Capable":false,"Startup Cost":259690.86,"Total Cost":259690.86,"Plan Rows":10000162,"Plan Width":6,"Actual Startup Time":2089.655,"Actual Total Time":2089.656,"Actual Rows":10000000,"Actual Loops":1,"Output":["stock.s_w_id","stock.s_i_id"],"Hash Buckets":262144,"Original Hash Buckets":262144,"Hash Batches":64,"Original Hash Batches":64,"Peak Memory Usage":8133,"Shared Hit Blocks":27338,"Shared Read Blocks":0,"Shared Dirtied Blocks":0,"Shared Written Blocks":0,"Local Hit Blocks":0,"Local Read Blocks":0,"Local Dirtied Blocks":0,"Local Written Blocks":0,"Temp Read Blocks":0,"Temp Written Blocks":33616,"I/O Read Time":0.0,"I/O Write Time":0.0,"Temp I/O Read Time":0.0,"Temp I/O Write Time":150.252,"Plans":[{"Node Type":"Index Only Scan","Parent Relationship":"Outer","Parallel Aware":false,"Async Capable":false,"Scan Direction":"Forward","Index Name":"stock_pk","Relation Name":"stock","Schema":"public","Alias":"stock","Startup Cost":0.43,"Total Cost":259690.86,"Plan Rows":10000162,"Plan Width":6,"Actual Startup Time":0.024,"Actual Total Time":723.184,"Actual Rows":10000000,"Actual Loops":1,"Output":["stock.s_w_id","stock.s_i_id"],"Heap Fetches":0,"Shared Hit Blocks":27338,"Shared Read Blocks":0,"Shared Dirtied Blocks":0,"Shared Written Blocks":0,"Local Hit Blocks":0,"Local Read Blocks":0,"Local Dirtied Blocks":0,"Local Written Blocks":0,"Temp Read Blocks":0,"Temp Written Blocks":0,"I/O Read Time":0.0,"I/O Write Time":0.0,"Temp I/O Read Time":0.0,"Temp I/O Write Time":0.0}]}]},{"Node Type":"Hash","Parent Relationship":"Inner","Parallel Aware":false,"Async Capable":false,"Startup Cost":317.0,"Total Cost":317.0,"Plan Rows":10000,"Plan Width":8,"Actual Startup Time":2.414,"Actual Total Time":2.414,"Actual Rows":10000,"Actual Loops":1,"Output":["supplier.su_nationkey","supplier.su_suppkey"],"Hash Buckets":16384,"Original Hash Buckets":16384,"Hash Batches":1,"Original Hash Batches":1,"Peak Memory Usage":519,"Shared Hit Blocks":217,"Shared Read Blocks":0,"Shared Dirtied Blocks":0,"Shared Written Blocks":0,"Local Hit Blocks":0,"Local Read Blocks":0,"Local Dirtied Blocks":0,"Local Written Blocks":0,"Temp Read Blocks":0,"Temp Written Blocks":0,"I/O Read Time":0.0,"I/O Write Time":0.0,"Temp I/O Read Time":0.0,"Temp I/O Write Time":0.0,"Plans":[{"Node Type":"Seq Scan","Parent Relationship":"Outer","Parallel Aware":false,"Async Capable":false,"Relation Name":"supplier","Schema":"public","Alias":"supplier","Startup Cost":0.0,"Total Cost":317.0,"Plan Rows":10000,"Plan Width":8,"Actual Startup Time":0.006,"Actual Total Time":1.233,"Actual Rows":10000,"Actual Loops":1,"Output":["supplier.su_nationkey","supplier.su_suppkey"],"Shared Hit Blocks":217,"Shared Read Blocks":0,"Shared Dirtied Blocks":0,"Shared Written Blocks":0,"Local Hit Blocks":0,"Local Read Blocks":0,"Local Dirtied Blocks":0,"Local Written Blocks":0,"Temp Read Blocks":0,"Temp Written Blocks":0,"I/O Read Time":0.0,"I/O Write Time":0.0,"Temp I/O Read Time":0.0,"Temp I/O Write Time":0.0}]}]},{"Node Type":"Hash","Parent Relationship":"Inner","Parallel Aware":false,"Async Capable":false,"Startup Cost":1.93,"Total Cost":1.93,"Plan Rows":2,"Plan Width":12,"Actual Startup Time":0.021,"Actual Total Time":0.022,"Actual Rows":2,"Actual Loops":1,"Output":["n1.n_nationkey","n1.n_name"],"Hash Buckets":1024,"Original Hash Buckets":1024,"Hash Batches":1,"Original Hash Batches":1,"Peak Memory Usage":9,"Shared Hit Blocks":1,"Shared Read Blocks":0,"Shared Dirtied Blocks":0,"Shared Written Blocks":0,"Local Hit Blocks":0,"Local Read Blocks":0,"Local Dirtied Blocks":0,"Local Written Blocks":0,"Temp Read Blocks":0,"Temp Written Blocks":0,"I/O Read Time":0.0,"I/O Write Time":0.0,"Temp I/O Read Time":0.0,"Temp I/O Write Time":0.0,"Plans":[{"Node Type":"Seq Scan","Parent Relationship":"Outer","Parallel Aware":false,"Async Capable":false,"Relation Name":"nation","Schema":"public","Alias":"n1","Startup Cost":0.0,"Total Cost":1.93,"Plan Rows":2,"Plan Width":12,"Actual Startup Time":0.014,"Actual Total Time":0.019,"Actual Rows":2,"Actual Loops":1,"Output":["n1.n_nationkey","n1.n_name"],"Filter":"(((n1.n_name)::text = 'Germany'::text) OR ((n1.n_name)::text = 'Cambodia'::text))","Rows Removed by Filter":60,"Shared Hit Blocks":1,"Shared Read Blocks":0,"Shared Dirtied Blocks":0,"Shared Written Blocks":0,"Local Hit Blocks":0,"Local Read Blocks":0,"Local Dirtied Blocks":0,"Local Written Blocks":0,"Temp Read Blocks":0,"Temp Written Blocks":0,"I/O Read Time":0.0,"I/O Write Time":0.0,"Temp I/O Read Time":0.0,"Temp I/O Write Time":0.0}]}]},{"Node Type":"Hash","Parent Relationship":"Inner","Parallel Aware":false,"Async Capable":false,"Startup Cost":59559.0,"Total Cost":59559.0,"Plan Rows":2998176,"Plan Width":24,"Actual Startup Time":900.899,"Actual Total Time":900.9,"Actual Rows":2997892,"Actual Loops":1,"Output":["orders.o_entry_d","orders.o_w_id","orders.o_d_id","orders.o_id","orders.o_c_id"],"Hash Buckets":131072,"Original Hash Buckets":131072,"Hash Batches":32,"Original Hash Batches":32,"Peak Memory Usage":6539,"Shared Hit Blocks":22059,"Shared Read Blocks":0,"Shared Dirtied Blocks":0,"Shared Written Blocks":0,"Local Hit Blocks":0,"Local Read Blocks":0,"Local Dirtied Blocks":0,"Local Written Blocks":0,"Temp Read Blocks":0,"Temp Written Blocks":16995,"I/O Read Time":0.0,"I/O Write Time":0.0,"Temp I/O Read Time":0.0,"Temp I/O Write Time":74.048,"Plans":[{"Node Type":"Seq Scan","Parent Relationship":"Outer","Parallel Aware":false,"Async Capable":false,"Relation Name":"orders","Schema":"public","Alias":"orders","Startup Cost":0.0,"Total Cost":59559.0,"Plan Rows":2998176,"Plan Width":24,"Actual Startup Time":0.014,"Actual Total Time":366.076,"Actual Rows":2997892,"Actual Loops":1,"Output":["orders.o_entry_d","orders.o_w_id","orders.o_d_id","orders.o_id","orders.o_c_id"],"Filter":"(orders.o_entry_d >= '1992-01-02 20:10:02.27764'::timestamp without time zone)","Rows Removed by Filter":2108,"Shared Hit Blocks":22059,"Shared Read Blocks":0,"Shared Dirtied Blocks":0,"Shared Written Blocks":0,"Local Hit Blocks":0,"Local Read Blocks":0,"Local Dirtied Blocks":0,"Local Written Blocks":0,"Temp Read Blocks":0,"Temp Written Blocks":0,"I/O Read Time":0.0,"I/O Write Time":0.0,"Temp I/O Read Time":0.0,"Temp I/O Write Time":0.0}]}]}]},{"Node Type":"Materialize","Parent Relationship":"Inner","Parallel Aware":false,"Async Capable":false,"Startup Cost":278013.7,"Total Cost":278497.53,"Plan Rows":96766,"Plan Width":20,"Actual Startup Time":864.528,"Actual Total Time":897.373,"Actual Rows":146547,"Actual Loops":1,"Output":["customer.c_nationkey","customer.c_id","customer.c_w_id","customer.c_d_id","n2.n_name"],"Shared Hit Blocks":229605,"Shared Read Blocks":0,"Shared Dirtied Blocks":0,"Shared Written Blocks":0,"Local Hit Blocks":0,"Local Read Blocks":0,"Local Dirtied Blocks":0,"Local Written Blocks":0,"Temp Read Blocks":545,"Temp Written Blocks":548,"I/O Read Time":0.0,"I/O Write Time":0.0,"Temp I/O Read Time":0.788,"Temp I/O Write Time":2.167,"Plans":[{"Node Type":"Sort","Parent Relationship":"Outer","Parallel Aware":false,"Async Capable":false,"Startup Cost":278013.7,"Total Cost":278255.62,"Plan Rows":96766,"Plan Width":20,"Actual Startup Time":864.519,"Actual Total Time":881.476,"Actual Rows":144982,"Actual Loops":1,"Output":["customer.c_nationkey","customer.c_id","customer.c_w_id","customer.c_d_id","n2.n_name"],"Sort Key":["customer.c_id","customer.c_w_id","customer.c_d_id"],"Sort Method":"external merge","Sort Space Used":4360,"Sort Space Type":"Disk","Shared Hit Blocks":229605,"Shared Read Blocks":0,"Shared Dirtied Blocks":0,"Shared Written Blocks":0,"Local Hit Blocks":0,"Local Read Blocks":0,"Local Dirtied Blocks":0,"Local Written Blocks":0,"Temp Read Blocks":545,"Temp Written Blocks":548,"I/O Read Time":0.0,"I/O Write Time":0.0,"Temp I/O Read Time":0.788,"Temp I/O Write Time":2.167,"Plans":[{"Node Type":"Hash Join","Parent Relationship":"Outer","Parallel Aware":false,"Async Capable":false,"Join Type":"Inner","Startup Cost":1.95,"Total Cost":268015.91,"Plan Rows":96766,"Plan Width":20,"Actual Startup Time":0.102,"Actual Total Time":809.006,"Actual Rows":144986,"Actual Loops":1,"Output":["customer.c_nationkey","customer.c_id","customer.c_w_id","customer.c_d_id","n2.n_name"],"Inner Unique":true,"Hash Cond":"(customer.c_nationkey = n2.n_nationkey)","Shared Hit Blocks":229605,"Shared Read Blocks":0,"Shared Dirtied Blocks":0,"Shared Written Blocks":0,"Local Hit Blocks":0,"Local Read Blocks":0,"Local Dirtied Blocks":0,"Local Written Blocks":0,"Temp Read Blocks":0,"Temp Written Blocks":0,"I/O Read Time":0.0,"I/O Write Time":0.0,"Temp I/O Read Time":0.0,"Temp I/O Write Time":0.0,"Plans":[{"Node Type":"Seq Scan","Parent Relationship":"Outer","Parallel Aware":false,"Async Capable":false,"Relation Name":"customer","Schema":"public","Alias":"customer","Startup Cost":0.0,"Total Cost":259601.38,"Plan Rows":2999738,"Plan Width":12,"Actual Startup Time":0.029,"Actual Total Time":350.735,"Actual Rows":3000000,"Actual Loops":1,"Output":["customer.c_id","customer.c_d_id","customer.c_w_id","customer.c_nationkey","customer.c_first","customer.c_middle","customer.c_last","customer.c_street_1","customer.c_street_2","customer.c_city","customer.c_state","customer.c_zip","customer.c_phone","customer.c_since","customer.c_credit","customer.c_credit_lim","customer.c_discount","customer.c_balance","customer.c_ytd_payment","customer.c_payment_cnt","customer.c_delivery_cnt","customer.c_data"],"Shared Hit Blocks":229604,"Shared Read Blocks":0,"Shared Dirtied Blocks":0,"Shared Written Blocks":0,"Local Hit Blocks":0,"Local Read Blocks":0,"Local Dirtied Blocks":0,"Local Written Blocks":0,"Temp Read Blocks":0,"Temp Written Blocks":0,"I/O Read Time":0.0,"I/O Write Time":0.0,"Temp I/O Read Time":0.0,"Temp I/O Write Time":0.0},{"Node Type":"Hash","Parent Relationship":"Inner","Parallel Aware":false,"Async Capable":false,"Startup Cost":1.93,"Total Cost":1.93,"Plan Rows":2,"Plan Width":12,"Actual Startup Time":0.025,"Actual Total Time":0.026,"Actual Rows":2,"Actual Loops":1,"Output":["n2.n_nationkey","n2.n_name"],"Hash Buckets":1024,"Original Hash Buckets":1024,"Hash Batches":1,"Original Hash Batches":1,"Peak Memory Usage":9,"Shared Hit Blocks":1,"Shared Read Blocks":0,"Shared Dirtied Blocks":0,"Shared Written Blocks":0,"Local Hit Blocks":0,"Local Read Blocks":0,"Local Dirtied Blocks":0,"Local Written Blocks":0,"Temp Read Blocks":0,"Temp Written Blocks":0,"I/O Read Time":0.0,"I/O Write Time":0.0,"Temp I/O Read Time":0.0,"Temp I/O Write Time":0.0,"Plans":[{"Node Type":"Seq Scan","Parent Relationship":"Outer","Parallel Aware":false,"Async Capable":false,"Relation Name":"nation","Schema":"public","Alias":"n2","Startup Cost":0.0,"Total Cost":1.93,"Plan Rows":2,"Plan Width":12,"Actual Startup Time":0.016,"Actual Total Time":0.021,"Actual Rows":2,"Actual Loops":1,"Output":["n2.n_nationkey","n2.n_name"],"Filter":"(((n2.n_name)::text = 'Cambodia'::text) OR ((n2.n_name)::text = 'Germany'::text))","Rows Removed by Filter":60,"Shared Hit Blocks":1,"Shared Read Blocks":0,"Shared Dirtied Blocks":0,"Shared Written Blocks":0,"Local Hit Blocks":0,"Local Read Blocks":0,"Local Dirtied Blocks":0,"Local Written Blocks":0,"Temp Read Blocks":0,"Temp Written Blocks":0,"I/O Read Time":0.0,"I/O Write Time":0.0,"Temp I/O Read Time":0.0,"Temp I/O Write Time":0.0}]}]}]}]}]}]}]},"Planning":{"Shared Hit Blocks":12,"Shared Read Blocks":0,"Shared Dirtied Blocks":0,"Shared Written Blocks":0,"Local Hit Blocks":0,"Local Read Blocks":0,"Local Dirtied Blocks":0,"Local Written Blocks":0,"Temp Read Blocks":0,"Temp Written Blocks":0,"I/O Read Time":0.0,"I/O Write Time":0.0,"Temp I/O Read Time":0.0,"Temp I/O Write Time":0.0},"Planning Time":2.415,"Triggers":[],"Execution Time":14031.272}]
[列存组合]: nation, stock
[{"Plan":{"Node Type":"Aggregate","Strategy":"Sorted","Partial Mode":"Simple","Parallel Aware":false,"Async Capable":false,"Startup Cost":1935758.3,"Total Cost":1935879.91,"Plan Rows":4422,"Plan Width":72,"Actual Startup Time":13995.894,"Actual Total Time":13997.171,"Actual Rows":6,"Actual Loops":1,"Output":["supplier.su_nationkey","customer.c_nationkey","(EXTRACT(year FROM orders.o_entry_d))","sum(order_line.ol_amount)"],"Group Key":["supplier.su_nationkey","customer.c_nationkey","(EXTRACT(year FROM orders.o_entry_d))"],"Shared Hit Blocks":620104,"Shared Read Blocks":0,"Shared Dirtied Blocks":0,"Shared Written Blocks":0,"Local Hit Blocks":0,"Local Read Blocks":0,"Local Dirtied Blocks":0,"Local Written Blocks":0,"Temp Read Blocks":99613,"Temp Written Blocks":99622,"I/O Read Time":0.0,"I/O Write Time":0.0,"Temp I/O Read Time":159.523,"Temp I/O Write Time":453.48,"Plans":[{"Node Type":"Sort","Parent Relationship":"Outer","Parallel Aware":false,"Async Capable":false,"Startup Cost":1935758.3,"Total Cost":1935769.36,"Plan Rows":4422,"Plan Width":44,"Actual Startup Time":13995.835,"Actual Total Time":13996.103,"Actual Rows":6043,"Actual Loops":1,"Output":["supplier.su_nationkey","customer.c_nationkey","(EXTRACT(year FROM orders.o_entry_d))","order_line.ol_amount"],"Sort Key":["supplier.su_nationkey","customer.c_nationkey","(EXTRACT(year FROM orders.o_entry_d))"],"Sort Method":"quicksort","Sort Space Used":523,"Sort Space Type":"Memory","Shared Hit Blocks":620104,"Shared Read Blocks":0,"Shared Dirtied Blocks":0,"Shared Written Blocks":0,"Local Hit Blocks":0,"Local Read Blocks":0,"Local Dirtied Blocks":0,"Local Written Blocks":0,"Temp Read Blocks":99613,"Temp Written Blocks":99622,"I/O Read Time":0.0,"I/O Write Time":0.0,"Temp I/O Read Time":159.523,"Temp I/O Write Time":453.48,"Plans":[{"Node Type":"Merge Join","Parent Relationship":"Outer","Parallel Aware":false,"Async Capable":false,"Join Type":"Inner","Startup Cost":1931398.16,"Total Cost":1935490.54,"Plan Rows":4422,"Plan Width":44,"Actual Startup Time":13841.918,"Actual Total Time":13994.402,"Actual Rows":6043,"Actual Loops":1,"Output":["supplier.su_nationkey","customer.c_nationkey","EXTRACT(year FROM orders.o_entry_d)","order_line.ol_amount"],"Inner Unique":false,"Merge Cond":"((orders.o_c_id = customer.c_id) AND (order_line.ol_w_id = customer.c_w_id) AND (order_line.ol_d_id = customer.c_d_id))","Join Filter":"((((n1.n_name)::text = 'Germany'::text) AND ((n2.n_name)::text = 'Cambodia'::text)) OR (((n1.n_name)::text = 'Cambodia'::text) AND ((n2.n_name)::text = 'Germany'::text)))","Rows Removed by Join Filter":5752,"Shared Hit Blocks":620104,"Shared Read Blocks":0,"Shared Dirtied Blocks":0,"Shared Written Blocks":0,"Local Hit Blocks":0,"Local Read Blocks":0,"Local Dirtied Blocks":0,"Local Written Blocks":0,"Temp Read Blocks":99613,"Temp Written Blocks":99622,"I/O Read Time":0.0,"I/O Write Time":0.0,"Temp I/O Read Time":159.523,"Temp I/O Write Time":453.48,"Plans":[{"Node Type":"Sort","Parent Relationship":"Outer","Parallel Aware":false,"Async Capable":false,"Startup Cost":1653384.35,"Total Cost":1654058.91,"Plan Rows":269824,"Plan Width":36,"Actual Startup Time":12979.455,"Actual Total Time":13051.237,"Actual Rows":242214,"Actual Loops":1,"Output":["supplier.su_nationkey","order_line.ol_amount","order_line.ol_w_id","order_line.ol_d_id","orders.o_entry_d","orders.o_w_id","orders.o_d_id","orders.o_c_id","n1.n_name"],"Sort Key":["orders.o_c_id","order_line.ol_w_id","order_line.ol_d_id"],"Sort Method":"external merge","Sort Space Used":11984,"Sort Space Type":"Disk","Shared Hit Blocks":390499,"Shared Read Blocks":0,"Shared Dirtied Blocks":0,"Shared Written Blocks":0,"Local Hit Blocks":0,"Local Read Blocks":0,"Local Dirtied Blocks":0,"Local Written Blocks":0,"Temp Read Blocks":99068,"Temp Written Blocks":99074,"I/O Read Time":0.0,"I/O Write Time":0.0,"Temp I/O Read Time":158.744,"Temp I/O Write Time":451.349,"Plans":[{"Node Type":"Hash Join","Parent Relationship":"Outer","Parallel Aware":false,"Async Capable":false,"Join Type":"Inner","Startup Cost":578796.33,"Total Cost":1621665.99,"Plan Rows":269824,"Plan Width":36,"Actual Startup Time":3015.046,"Actual Total Time":12851.736,"Actual Rows":242214,"Actual Loops":1,"Output":["supplier.su_nationkey","order_line.ol_amount","order_line.ol_w_id","order_line.ol_d_id","orders.o_entry_d","orders.o_w_id","orders.o_d_id","orders.o_c_id","n1.n_name"],"Inner Unique":true,"Hash Cond":"((order_line.ol_w_id = orders.o_w_id) AND (order_line.ol_d_id = orders.o_d_id) AND (order_line.ol_o_id = orders.o_id))","Shared Hit Blocks":390499,"Shared Read Blocks":0,"Shared Dirtied Blocks":0,"Shared Written Blocks":0,"Local Hit Blocks":0,"Local Read Blocks":0,"Local Dirtied Blocks":0,"Local Written Blocks":0,"Temp Read Blocks":97570,"Temp Written Blocks":97570,"I/O Read Time":0.0,"I/O Write Time":0.0,"Temp I/O Read Time":156.511,"Temp I/O Write Time":445.758,"Plans":[{"Node Type":"Hash Join","Parent Relationship":"Outer","Parallel Aware":false,"Async Capable":false,"Join Type":"Inner","Startup Cost":449201.25,"Total Cost":1468684.75,"Plan Rows":269988,"Plan Width":28,"Actual Startup Time":2104.681,"Actual Total Time":11608.307,"Actual Rows":242214,"Actual Loops":1,"Output":["supplier.su_nationkey","order_line.ol_amount","order_line.ol_w_id","order_line.ol_d_id","order_line.ol_o_id","n1.n_name"],"Inner Unique":true,"Hash Cond":"(supplier.su_nationkey = n1.n_nationkey)","Shared Hit Blocks":368440,"Shared Read Blocks":0,"Shared Dirtied Blocks":0,"Shared Written Blocks":0,"Local Hit Blocks":0,"Local Read Blocks":0,"Local Dirtied Blocks":0,"Local Written Blocks":0,"Temp Read Blocks":79026,"Temp Written Blocks":79026,"I/O Read Time":0.0,"I/O Write Time":0.0,"Temp I/O Read Time":127.147,"Temp I/O Write Time":360.27,"Plans":[{"Node Type":"Hash Join","Parent Relationship":"Outer","Parallel Aware":false,"Async Capable":false,"Join Type":"Inner","Startup Cost":449199.29,"Total Cost":1445210.69,"Plan Rows":8369638,"Plan Width":20,"Actual Startup Time":2102.759,"Actual Total Time":11009.979,"Actual Rows":8570498,"Actual Loops":1,"Output":["supplier.su_nationkey","order_line.ol_amount","order_line.ol_w_id","order_line.ol_d_id","order_line.ol_o_id"],"Inner Unique":true,"Hash Cond":"(mod((stock.s_w_id * stock.s_i_id), 10000) = supplier.su_suppkey)","Shared Hit Blocks":368439,"Shared Read Blocks":0,"Shared Dirtied Blocks":0,"Shared Written Blocks":0,"Local Hit Blocks":0,"Local Read Blocks":0,"Local Dirtied Blocks":0,"Local Written Blocks":0,"Temp Read Blocks":79026,"Temp Written Blocks":79026,"I/O Read Time":0.0,"I/O Write Time":0.0,"Temp I/O Read Time":127.147,"Temp I/O Write Time":360.27,"Plans":[{"Node Type":"Hash Join","Parent Relationship":"Outer","Parallel Aware":false,"Async Capable":false,"Join Type":"Inner","Startup Cost":448757.29,"Total Cost":1420694.79,"Plan Rows":8369638,"Plan Width":22,"Actual Startup Time":2100.264,"Actual Total Time":9314.163,"Actual Rows":8570498,"Actual Loops":1,"Output":["stock.s_w_id","stock.s_i_id","order_line.ol_amount","order_line.ol_w_id","order_line.ol_d_id","order_line.ol_o_id"],"Inner Unique":true,"Hash Cond":"((order_line.ol_supply_w_id = stock.s_w_id) AND (order_line.ol_i_id = stock.s_i_id))","Shared Hit Blocks":368222,"Shared Read Blocks":0,"Shared Dirtied Blocks":0,"Shared Written Blocks":0,"Local Hit Blocks":0,"Local Read Blocks":0,"Local Dirtied Blocks":0,"Local Written Blocks":0,"Temp Read Blocks":79026,"Temp Written Blocks":79026,"I/O Read Time":0.0,"I/O Write Time":0.0,"Temp I/O Read Time":127.147,"Temp I/O Write Time":360.27,"Plans":[{"Node Type":"Seq Scan","Parent Relationship":"Outer","Parallel Aware":false,"Async Capable":false,"Relation Name":"order_line","Schema":"public","Alias":"order_line","Startup Cost":0.0,"Total Cost":790850.88,"Plan Rows":8369638,"Plan Width":22,"Actual Startup Time":13.189,"Actual Total Time":2829.388,"Actual Rows":8570498,"Actual Loops":1,"Output":["order_line.ol_amount","order_line.ol_supply_w_id","order_line.ol_i_id","order_line.ol_w_id","order_line.ol_d_id","order_line.ol_o_id"],"Filter":"((order_line.ol_delivery_d >= '1995-01-02 20:10:02.27764'::timestamp without time zone) AND (order_line.ol_delivery_d <= '1997-01-01 20:10:02.27764'::timestamp without time zone))","Rows Removed by Filter":21427234,"Shared Hit Blocks":340884,"Shared Read Blocks":0,"Shared Dirtied Blocks":0,"Shared Written Blocks":0,"Local Hit Blocks":0,"Local Read Blocks":0,"Local Dirtied Blocks":0,"Local Written Blocks":0,"Temp Read Blocks":0,"Temp Written Blocks":0,"I/O Read Time":0.0,"I/O Write Time":0.0,"Temp I/O Read Time":0.0,"Temp I/O Write Time":0.0},{"Node Type":"Hash","Parent Relationship":"Inner","Parallel Aware":false,"Async Capable":false,"Startup Cost":259690.86,"Total Cost":259690.86,"Plan Rows":10000162,"Plan Width":6,"Actual Startup Time":2085.769,"Actual Total Time":2085.774,"Actual Rows":10000000,"Actual Loops":1,"Output":["stock.s_w_id","stock.s_i_id"],"Hash Buckets":262144,"Original Hash Buckets":262144,"Hash Batches":64,"Original Hash Batches":64,"Peak Memory Usage":8133,"Shared Hit Blocks":27338,"Shared Read Blocks":0,"Shared Dirtied Blocks":0,"Shared Written Blocks":0,"Local Hit Blocks":0,"Local Read Blocks":0,"Local Dirtied Blocks":0,"Local Written Blocks":0,"Temp Read Blocks":0,"Temp Written Blocks":33616,"I/O Read Time":0.0,"I/O Write Time":0.0,"Temp I/O Read Time":0.0,"Temp I/O Write Time":153.333,"Plans":[{"Node Type":"Index Only Scan","Parent Relationship":"Outer","Parallel Aware":false,"Async Capable":false,"Scan Direction":"Forward","Index Name":"stock_pk","Relation Name":"stock","Schema":"public","Alias":"stock","Startup Cost":0.43,"Total Cost":259690.86,"Plan Rows":10000162,"Plan Width":6,"Actual Startup Time":0.026,"Actual Total Time":723.549,"Actual Rows":10000000,"Actual Loops":1,"Output":["stock.s_w_id","stock.s_i_id"],"Heap Fetches":0,"Shared Hit Blocks":27338,"Shared Read Blocks":0,"Shared Dirtied Blocks":0,"Shared Written Blocks":0,"Local Hit Blocks":0,"Local Read Blocks":0,"Local Dirtied Blocks":0,"Local Written Blocks":0,"Temp Read Blocks":0,"Temp Written Blocks":0,"I/O Read Time":0.0,"I/O Write Time":0.0,"Temp I/O Read Time":0.0,"Temp I/O Write Time":0.0}]}]},{"Node Type":"Hash","Parent Relationship":"Inner","Parallel Aware":false,"Async Capable":false,"Startup Cost":317.0,"Total Cost":317.0,"Plan Rows":10000,"Plan Width":8,"Actual Startup Time":2.448,"Actual Total Time":2.449,"Actual Rows":10000,"Actual Loops":1,"Output":["supplier.su_nationkey","supplier.su_suppkey"],"Hash Buckets":16384,"Original Hash Buckets":16384,"Hash Batches":1,"Original Hash Batches":1,"Peak Memory Usage":519,"Shared Hit Blocks":217,"Shared Read Blocks":0,"Shared Dirtied Blocks":0,"Shared Written Blocks":0,"Local Hit Blocks":0,"Local Read Blocks":0,"Local Dirtied Blocks":0,"Local Written Blocks":0,"Temp Read Blocks":0,"Temp Written Blocks":0,"I/O Read Time":0.0,"I/O Write Time":0.0,"Temp I/O Read Time":0.0,"Temp I/O Write Time":0.0,"Plans":[{"Node Type":"Seq Scan","Parent Relationship":"Outer","Parallel Aware":false,"Async Capable":false,"Relation Name":"supplier","Schema":"public","Alias":"supplier","Startup Cost":0.0,"Total Cost":317.0,"Plan Rows":10000,"Plan Width":8,"Actual Startup Time":0.006,"Actual Total Time":1.232,"Actual Rows":10000,"Actual Loops":1,"Output":["supplier.su_nationkey","supplier.su_suppkey"],"Shared Hit Blocks":217,"Shared Read Blocks":0,"Shared Dirtied Blocks":0,"Shared Written Blocks":0,"Local Hit Blocks":0,"Local Read Blocks":0,"Local Dirtied Blocks":0,"Local Written Blocks":0,"Temp Read Blocks":0,"Temp Written Blocks":0,"I/O Read Time":0.0,"I/O Write Time":0.0,"Temp I/O Read Time":0.0,"Temp I/O Write Time":0.0}]}]},{"Node Type":"Hash","Parent Relationship":"Inner","Parallel Aware":false,"Async Capable":false,"Startup Cost":1.93,"Total Cost":1.93,"Plan Rows":2,"Plan Width":12,"Actual Startup Time":0.023,"Actual Total Time":0.025,"Actual Rows":2,"Actual Loops":1,"Output":["n1.n_nationkey","n1.n_name"],"Hash Buckets":1024,"Original Hash Buckets":1024,"Hash Batches":1,"Original Hash Batches":1,"Peak Memory Usage":9,"Shared Hit Blocks":1,"Shared Read Blocks":0,"Shared Dirtied Blocks":0,"Shared Written Blocks":0,"Local Hit Blocks":0,"Local Read Blocks":0,"Local Dirtied Blocks":0,"Local Written Blocks":0,"Temp Read Blocks":0,"Temp Written Blocks":0,"I/O Read Time":0.0,"I/O Write Time":0.0,"Temp I/O Read Time":0.0,"Temp I/O Write Time":0.0,"Plans":[{"Node Type":"Seq Scan","Parent Relationship":"Outer","Parallel Aware":false,"Async Capable":false,"Relation Name":"nation","Schema":"public","Alias":"n1","Startup Cost":0.0,"Total Cost":1.93,"Plan Rows":2,"Plan Width":12,"Actual Startup Time":0.015,"Actual Total Time":0.021,"Actual Rows":2,"Actual Loops":1,"Output":["n1.n_nationkey","n1.n_name"],"Filter":"(((n1.n_name)::text = 'Germany'::text) OR ((n1.n_name)::text = 'Cambodia'::text))","Rows Removed by Filter":60,"Shared Hit Blocks":1,"Shared Read Blocks":0,"Shared Dirtied Blocks":0,"Shared Written Blocks":0,"Local Hit Blocks":0,"Local Read Blocks":0,"Local Dirtied Blocks":0,"Local Written Blocks":0,"Temp Read Blocks":0,"Temp Written Blocks":0,"I/O Read Time":0.0,"I/O Write Time":0.0,"Temp I/O Read Time":0.0,"Temp I/O Write Time":0.0}]}]},{"Node Type":"Hash","Parent Relationship":"Inner","Parallel Aware":false,"Async Capable":false,"Startup Cost":59559.0,"Total Cost":59559.0,"Plan Rows":2998176,"Plan Width":24,"Actual Startup Time":902.263,"Actual Total Time":902.264,"Actual Rows":2997892,"Actual Loops":1,"Output":["orders.o_entry_d","orders.o_w_id","orders.o_d_id","orders.o_id","orders.o_c_id"],"Hash Buckets":131072,"Original Hash Buckets":131072,"Hash Batches":32,"Original Hash Batches":32,"Peak Memory Usage":6539,"Shared Hit Blocks":22059,"Shared Read Blocks":0,"Shared Dirtied Blocks":0,"Shared Written Blocks":0,"Local Hit Blocks":0,"Local Read Blocks":0,"Local Dirtied Blocks":0,"Local Written Blocks":0,"Temp Read Blocks":0,"Temp Written Blocks":16995,"I/O Read Time":0.0,"I/O Write Time":0.0,"Temp I/O Read Time":0.0,"Temp I/O Write Time":76.038,"Plans":[{"Node Type":"Seq Scan","Parent Relationship":"Outer","Parallel Aware":false,"Async Capable":false,"Relation Name":"orders","Schema":"public","Alias":"orders","Startup Cost":0.0,"Total Cost":59559.0,"Plan Rows":2998176,"Plan Width":24,"Actual Startup Time":0.014,"Actual Total Time":365.666,"Actual Rows":2997892,"Actual Loops":1,"Output":["orders.o_entry_d","orders.o_w_id","orders.o_d_id","orders.o_id","orders.o_c_id"],"Filter":"(orders.o_entry_d >= '1992-01-02 20:10:02.27764'::timestamp without time zone)","Rows Removed by Filter":2108,"Shared Hit Blocks":22059,"Shared Read Blocks":0,"Shared Dirtied Blocks":0,"Shared Written Blocks":0,"Local Hit Blocks":0,"Local Read Blocks":0,"Local Dirtied Blocks":0,"Local Written Blocks":0,"Temp Read Blocks":0,"Temp Written Blocks":0,"I/O Read Time":0.0,"I/O Write Time":0.0,"Temp I/O Read Time":0.0,"Temp I/O Write Time":0.0}]}]}]},{"Node Type":"Materialize","Parent Relationship":"Inner","Parallel Aware":false,"Async Capable":false,"Startup Cost":278013.7,"Total Cost":278497.53,"Plan Rows":96766,"Plan Width":20,"Actual Startup Time":862.403,"Actual Total Time":895.285,"Actual Rows":146547,"Actual Loops":1,"Output":["customer.c_nationkey","customer.c_id","customer.c_w_id","customer.c_d_id","n2.n_name"],"Shared Hit Blocks":229605,"Shared Read Blocks":0,"Shared Dirtied Blocks":0,"Shared Written Blocks":0,"Local Hit Blocks":0,"Local Read Blocks":0,"Local Dirtied Blocks":0,"Local Written Blocks":0,"Temp Read Blocks":545,"Temp Written Blocks":548,"I/O Read Time":0.0,"I/O Write Time":0.0,"Temp I/O Read Time":0.779,"Temp I/O Write Time":2.131,"Plans":[{"Node Type":"Sort","Parent Relationship":"Outer","Parallel Aware":false,"Async Capable":false,"Startup Cost":278013.7,"Total Cost":278255.62,"Plan Rows":96766,"Plan Width":20,"Actual Startup Time":862.393,"Actual Total Time":879.354,"Actual Rows":144982,"Actual Loops":1,"Output":["customer.c_nationkey","customer.c_id","customer.c_w_id","customer.c_d_id","n2.n_name"],"Sort Key":["customer.c_id","customer.c_w_id","customer.c_d_id"],"Sort Method":"external merge","Sort Space Used":4360,"Sort Space Type":"Disk","Shared Hit Blocks":229605,"Shared Read Blocks":0,"Shared Dirtied Blocks":0,"Shared Written Blocks":0,"Local Hit Blocks":0,"Local Read Blocks":0,"Local Dirtied Blocks":0,"Local Written Blocks":0,"Temp Read Blocks":545,"Temp Written Blocks":548,"I/O Read Time":0.0,"I/O Write Time":0.0,"Temp I/O Read Time":0.779,"Temp I/O Write Time":2.131,"Plans":[{"Node Type":"Hash Join","Parent Relationship":"Outer","Parallel Aware":false,"Async Capable":false,"Join Type":"Inner","Startup Cost":1.95,"Total Cost":268015.91,"Plan Rows":96766,"Plan Width":20,"Actual Startup Time":0.093,"Actual Total Time":806.958,"Actual Rows":144986,"Actual Loops":1,"Output":["customer.c_nationkey","customer.c_id","customer.c_w_id","customer.c_d_id","n2.n_name"],"Inner Unique":true,"Hash Cond":"(customer.c_nationkey = n2.n_nationkey)","Shared Hit Blocks":229605,"Shared Read Blocks":0,"Shared Dirtied Blocks":0,"Shared Written Blocks":0,"Local Hit Blocks":0,"Local Read Blocks":0,"Local Dirtied Blocks":0,"Local Written Blocks":0,"Temp Read Blocks":0,"Temp Written Blocks":0,"I/O Read Time":0.0,"I/O Write Time":0.0,"Temp I/O Read Time":0.0,"Temp I/O Write Time":0.0,"Plans":[{"Node Type":"Seq Scan","Parent Relationship":"Outer","Parallel Aware":false,"Async Capable":false,"Relation Name":"customer","Schema":"public","Alias":"customer","Startup Cost":0.0,"Total Cost":259601.38,"Plan Rows":2999738,"Plan Width":12,"Actual Startup Time":0.022,"Actual Total Time":349.343,"Actual Rows":3000000,"Actual Loops":1,"Output":["customer.c_id","customer.c_d_id","customer.c_w_id","customer.c_nationkey","customer.c_first","customer.c_middle","customer.c_last","customer.c_street_1","customer.c_street_2","customer.c_city","customer.c_state","customer.c_zip","customer.c_phone","customer.c_since","customer.c_credit","customer.c_credit_lim","customer.c_discount","customer.c_balance","customer.c_ytd_payment","customer.c_payment_cnt","customer.c_delivery_cnt","customer.c_data"],"Shared Hit Blocks":229604,"Shared Read Blocks":0,"Shared Dirtied Blocks":0,"Shared Written Blocks":0,"Local Hit Blocks":0,"Local Read Blocks":0,"Local Dirtied Blocks":0,"Local Written Blocks":0,"Temp Read Blocks":0,"Temp Written Blocks":0,"I/O Read Time":0.0,"I/O Write Time":0.0,"Temp I/O Read Time":0.0,"Temp I/O Write Time":0.0},{"Node Type":"Hash","Parent Relationship":"Inner","Parallel Aware":false,"Async Capable":false,"Startup Cost":1.93,"Total Cost":1.93,"Plan Rows":2,"Plan Width":12,"Actual Startup Time":0.024,"Actual Total Time":0.025,"Actual Rows":2,"Actual Loops":1,"Output":["n2.n_nationkey","n2.n_name"],"Hash Buckets":1024,"Original Hash Buckets":1024,"Hash Batches":1,"Original Hash Batches":1,"Peak Memory Usage":9,"Shared Hit Blocks":1,"Shared Read Blocks":0,"Shared Dirtied Blocks":0,"Shared Written Blocks":0,"Local Hit Blocks":0,"Local Read Blocks":0,"Local Dirtied Blocks":0,"Local Written Blocks":0,"Temp Read Blocks":0,"Temp Written Blocks":0,"I/O Read Time":0.0,"I/O Write Time":0.0,"Temp I/O Read Time":0.0,"Temp I/O Write Time":0.0,"Plans":[{"Node Type":"Seq Scan","Parent Relationship":"Outer","Parallel Aware":false,"Async Capable":false,"Relation Name":"nation","Schema":"public","Alias":"n2","Startup Cost":0.0,"Total Cost":1.93,"Plan Rows":2,"Plan Width":12,"Actual Startup Time":0.015,"Actual Total Time":0.02,"Actual Rows":2,"Actual Loops":1,"Output":["n2.n_nationkey","n2.n_name"],"Filter":"(((n2.n_name)::text = 'Cambodia'::text) OR ((n2.n_name)::text = 'Germany'::text))","Rows Removed by Filter":60,"Shared Hit Blocks":1,"Shared Read Blocks":0,"Shared Dirtied Blocks":0,"Shared Written Blocks":0,"Local Hit Blocks":0,"Local Read Blocks":0,"Local Dirtied Blocks":0,"Local Written Blocks":0,"Temp Read Blocks":0,"Temp Written Blocks":0,"I/O Read Time":0.0,"I/O Write Time":0.0,"Temp I/O Read Time":0.0,"Temp I/O Write Time":0.0}]}]}]}]}]}]}]},"Planning":{"Shared Hit Blocks":12,"Shared Read Blocks":0,"Shared Dirtied Blocks":0,"Shared Written Blocks":0,"Local Hit Blocks":0,"Local Read Blocks":0,"Local Dirtied Blocks":0,"Local Written Blocks":0,"Temp Read Blocks":0,"Temp Written Blocks":0,"I/O Read Time":0.0,"I/O Write Time":0.0,"Temp I/O Read Time":0.0,"Temp I/O Write Time":0.0},"Planning Time":2.905,"Triggers":[],"Execution Time":14000.326}]
[列存组合]: nation, supplier
[{"Plan":{"Node Type":"Aggregate","Strategy":"Sorted","Partial Mode":"Simple","Parallel Aware":false,"Async Capable":false,"Startup Cost":1935660.33,"Total Cost":1935781.93,"Plan Rows":4422,"Plan Width":72,"Actual Startup Time":14022.552,"Actual Total Time":14023.824,"Actual Rows":6,"Actual Loops":1,"Output":["supplier.su_nationkey","customer.c_nationkey","(EXTRACT(year FROM orders.o_entry_d))","sum(order_line.ol_amount)"],"Group Key":["supplier.su_nationkey","customer.c_nationkey","(EXTRACT(year FROM orders.o_entry_d))"],"Shared Hit Blocks":619887,"Shared Read Blocks":0,"Shared Dirtied Blocks":0,"Shared Written Blocks":0,"Local Hit Blocks":0,"Local Read Blocks":0,"Local Dirtied Blocks":0,"Local Written Blocks":0,"Temp Read Blocks":99613,"Temp Written Blocks":99622,"I/O Read Time":0.0,"I/O Write Time":0.0,"Temp I/O Read Time":161.004,"Temp I/O Write Time":450.232,"Plans":[{"Node Type":"Sort","Parent Relationship":"Outer","Parallel Aware":false,"Async Capable":false,"Startup Cost":1935660.33,"Total Cost":1935671.38,"Plan Rows":4422,"Plan Width":44,"Actual Startup Time":14022.49,"Actual Total Time":14022.749,"Actual Rows":6043,"Actual Loops":1,"Output":["supplier.su_nationkey","customer.c_nationkey","(EXTRACT(year FROM orders.o_entry_d))","order_line.ol_amount"],"Sort Key":["supplier.su_nationkey","customer.c_nationkey","(EXTRACT(year FROM orders.o_entry_d))"],"Sort Method":"quicksort","Sort Space Used":523,"Sort Space Type":"Memory","Shared Hit Blocks":619887,"Shared Read Blocks":0,"Shared Dirtied Blocks":0,"Shared Written Blocks":0,"Local Hit Blocks":0,"Local Read Blocks":0,"Local Dirtied Blocks":0,"Local Written Blocks":0,"Temp Read Blocks":99613,"Temp Written Blocks":99622,"I/O Read Time":0.0,"I/O Write Time":0.0,"Temp I/O Read Time":161.004,"Temp I/O Write Time":450.232,"Plans":[{"Node Type":"Merge Join","Parent Relationship":"Outer","Parallel Aware":false,"Async Capable":false,"Join Type":"Inner","Startup Cost":1931300.18,"Total Cost":1935392.56,"Plan Rows":4422,"Plan Width":44,"Actual Startup Time":13869.06,"Actual Total Time":14021.081,"Actual Rows":6043,"Actual Loops":1,"Output":["supplier.su_nationkey","customer.c_nationkey","EXTRACT(year FROM orders.o_entry_d)","order_line.ol_amount"],"Inner Unique":false,"Merge Cond":"((orders.o_c_id = customer.c_id) AND (order_line.ol_w_id = customer.c_w_id) AND (order_line.ol_d_id = customer.c_d_id))","Join Filter":"((((n1.n_name)::text = 'Germany'::text) AND ((n2.n_name)::text = 'Cambodia'::text)) OR (((n1.n_name)::text = 'Cambodia'::text) AND ((n2.n_name)::text = 'Germany'::text)))","Rows Removed by Join Filter":5752,"Shared Hit Blocks":619887,"Shared Read Blocks":0,"Shared Dirtied Blocks":0,"Shared Written Blocks":0,"Local Hit Blocks":0,"Local Read Blocks":0,"Local Dirtied Blocks":0,"Local Written Blocks":0,"Temp Read Blocks":99613,"Temp Written Blocks":99622,"I/O Read Time":0.0,"I/O Write Time":0.0,"Temp I/O Read Time":161.004,"Temp I/O Write Time":450.232,"Plans":[{"Node Type":"Sort","Parent Relationship":"Outer","Parallel Aware":false,"Async Capable":false,"Startup Cost":1653286.38,"Total Cost":1653960.94,"Plan Rows":269824,"Plan Width":36,"Actual Startup Time":12999.275,"Actual Total Time":13070.681,"Actual Rows":242214,"Actual Loops":1,"Output":["supplier.su_nationkey","order_line.ol_amount","order_line.ol_w_id","order_line.ol_d_id","orders.o_entry_d","orders.o_w_id","orders.o_d_id","orders.o_c_id","n1.n_name"],"Sort Key":["orders.o_c_id","order_line.ol_w_id","order_line.ol_d_id"],"Sort Method":"external merge","Sort Space Used":11984,"Sort Space Type":"Disk","Shared Hit Blocks":390282,"Shared Read Blocks":0,"Shared Dirtied Blocks":0,"Shared Written Blocks":0,"Local Hit Blocks":0,"Local Read Blocks":0,"Local Dirtied Blocks":0,"Local Written Blocks":0,"Temp Read Blocks":99068,"Temp Written Blocks":99074,"I/O Read Time":0.0,"I/O Write Time":0.0,"Temp I/O Read Time":160.199,"Temp I/O Write Time":448.091,"Plans":[{"Node Type":"Hash Join","Parent Relationship":"Outer","Parallel Aware":false,"Async Capable":false,"Join Type":"Inner","Startup Cost":578698.35,"Total Cost":1621568.01,"Plan Rows":269824,"Plan Width":36,"Actual Startup Time":3004.102,"Actual Total Time":12870.819,"Actual Rows":242214,"Actual Loops":1,"Output":["supplier.su_nationkey","order_line.ol_amount","order_line.ol_w_id","order_line.ol_d_id","orders.o_entry_d","orders.o_w_id","orders.o_d_id","orders.o_c_id","n1.n_name"],"Inner Unique":true,"Hash Cond":"((order_line.ol_w_id = orders.o_w_id) AND (order_line.ol_d_id = orders.o_d_id) AND (order_line.ol_o_id = orders.o_id))","Shared Hit Blocks":390282,"Shared Read Blocks":0,"Shared Dirtied Blocks":0,"Shared Written Blocks":0,"Local Hit Blocks":0,"Local Read Blocks":0,"Local Dirtied Blocks":0,"Local Written Blocks":0,"Temp Read Blocks":97570,"Temp Written Blocks":97570,"I/O Read Time":0.0,"I/O Write Time":0.0,"Temp I/O Read Time":157.927,"Temp I/O Write Time":442.443,"Plans":[{"Node Type":"Hash Join","Parent Relationship":"Outer","Parallel Aware":false,"Async Capable":false,"Join Type":"Inner","Startup Cost":449103.27,"Total Cost":1468586.78,"Plan Rows":269988,"Plan Width":28,"Actual Startup Time":2099.782,"Actual Total Time":11634.583,"Actual Rows":242214,"Actual Loops":1,"Output":["supplier.su_nationkey","order_line.ol_amount","order_line.ol_w_id","order_line.ol_d_id","order_line.ol_o_id","n1.n_name"],"Inner Unique":true,"Hash Cond":"(supplier.su_nationkey = n1.n_nationkey)","Shared Hit Blocks":368223,"Shared Read Blocks":0,"Shared Dirtied Blocks":0,"Shared Written Blocks":0,"Local Hit Blocks":0,"Local Read Blocks":0,"Local Dirtied Blocks":0,"Local Written Blocks":0,"Temp Read Blocks":79026,"Temp Written Blocks":79026,"I/O Read Time":0.0,"I/O Write Time":0.0,"Temp I/O Read Time":128.598,"Temp I/O Write Time":360.617,"Plans":[{"Node Type":"Hash Join","Parent Relationship":"Outer","Parallel Aware":false,"Async Capable":false,"Join Type":"Inner","Startup Cost":449101.32,"Total Cost":1445112.71,"Plan Rows":8369638,"Plan Width":20,"Actual Startup Time":2097.871,"Actual Total Time":11027.014,"Actual Rows":8570498,"Actual Loops":1,"Output":["supplier.su_nationkey","order_line.ol_amount","order_line.ol_w_id","order_line.ol_d_id","order_line.ol_o_id"],"Inner Unique":true,"Hash Cond":"(mod((stock.s_w_id * stock.s_i_id), 10000) = supplier.su_suppkey)","Shared Hit Blocks":368222,"Shared Read Blocks":0,"Shared Dirtied Blocks":0,"Shared Written Blocks":0,"Local Hit Blocks":0,"Local Read Blocks":0,"Local Dirtied Blocks":0,"Local Written Blocks":0,"Temp Read Blocks":79026,"Temp Written Blocks":79026,"I/O Read Time":0.0,"I/O Write Time":0.0,"Temp I/O Read Time":128.598,"Temp I/O Write Time":360.617,"Plans":[{"Node Type":"Hash Join","Parent Relationship":"Outer","Parallel Aware":false,"Async Capable":false,"Join Type":"Inner","Startup Cost":448757.29,"Total Cost":1420694.79,"Plan Rows":8369638,"Plan Width":22,"Actual Startup Time":2094.92,"Actual Total Time":9332.204,"Actual Rows":8570498,"Actual Loops":1,"Output":["stock.s_w_id","stock.s_i_id","order_line.ol_amount","order_line.ol_w_id","order_line.ol_d_id","order_line.ol_o_id"],"Inner Unique":true,"Hash Cond":"((order_line.ol_supply_w_id = stock.s_w_id) AND (order_line.ol_i_id = stock.s_i_id))","Shared Hit Blocks":368222,"Shared Read Blocks":0,"Shared Dirtied Blocks":0,"Shared Written Blocks":0,"Local Hit Blocks":0,"Local Read Blocks":0,"Local Dirtied Blocks":0,"Local Written Blocks":0,"Temp Read Blocks":79026,"Temp Written Blocks":79026,"I/O Read Time":0.0,"I/O Write Time":0.0,"Temp I/O Read Time":128.598,"Temp I/O Write Time":360.617,"Plans":[{"Node Type":"Seq Scan","Parent Relationship":"Outer","Parallel Aware":false,"Async Capable":false,"Relation Name":"order_line","Schema":"public","Alias":"order_line","Startup Cost":0.0,"Total Cost":790850.88,"Plan Rows":8369638,"Plan Width":22,"Actual Startup Time":13.142,"Actual Total Time":2833.648,"Actual Rows":8570498,"Actual Loops":1,"Output":["order_line.ol_amount","order_line.ol_supply_w_id","order_line.ol_i_id","order_line.ol_w_id","order_line.ol_d_id","order_line.ol_o_id"],"Filter":"((order_line.ol_delivery_d >= '1995-01-02 20:10:02.27764'::timestamp without time zone) AND (order_line.ol_delivery_d <= '1997-01-01 20:10:02.27764'::timestamp without time zone))","Rows Removed by Filter":21427234,"Shared Hit Blocks":340884,"Shared Read Blocks":0,"Shared Dirtied Blocks":0,"Shared Written Blocks":0,"Local Hit Blocks":0,"Local Read Blocks":0,"Local Dirtied Blocks":0,"Local Written Blocks":0,"Temp Read Blocks":0,"Temp Written Blocks":0,"I/O Read Time":0.0,"I/O Write Time":0.0,"Temp I/O Read Time":0.0,"Temp I/O Write Time":0.0},{"Node Type":"Hash","Parent Relationship":"Inner","Parallel Aware":false,"Async Capable":false,"Startup Cost":259690.86,"Total Cost":259690.86,"Plan Rows":10000162,"Plan Width":6,"Actual Startup Time":2080.477,"Actual Total Time":2080.478,"Actual Rows":10000000,"Actual Loops":1,"Output":["stock.s_w_id","stock.s_i_id"],"Hash Buckets":262144,"Original Hash Buckets":262144,"Hash Batches":64,"Original Hash Batches":64,"Peak Memory Usage":8133,"Shared Hit Blocks":27338,"Shared Read Blocks":0,"Shared Dirtied Blocks":0,"Shared Written Blocks":0,"Local Hit Blocks":0,"Local Read Blocks":0,"Local Dirtied Blocks":0,"Local Written Blocks":0,"Temp Read Blocks":0,"Temp Written Blocks":33616,"I/O Read Time":0.0,"I/O Write Time":0.0,"Temp I/O Read Time":0.0,"Temp I/O Write Time":151.363,"Plans":[{"Node Type":"Index Only Scan","Parent Relationship":"Outer","Parallel Aware":false,"Async Capable":false,"Scan Direction":"Forward","Index Name":"stock_pk","Relation Name":"stock","Schema":"public","Alias":"stock","Startup Cost":0.43,"Total Cost":259690.86,"Plan Rows":10000162,"Plan Width":6,"Actual Startup Time":0.022,"Actual Total Time":722.102,"Actual Rows":10000000,"Actual Loops":1,"Output":["stock.s_w_id","stock.s_i_id"],"Heap Fetches":0,"Shared Hit Blocks":27338,"Shared Read Blocks":0,"Shared Dirtied Blocks":0,"Shared Written Blocks":0,"Local Hit Blocks":0,"Local Read Blocks":0,"Local Dirtied Blocks":0,"Local Written Blocks":0,"Temp Read Blocks":0,"Temp Written Blocks":0,"I/O Read Time":0.0,"I/O Write Time":0.0,"Temp I/O Read Time":0.0,"Temp I/O Write Time":0.0}]}]},{"Node Type":"Hash","Parent Relationship":"Inner","Parallel Aware":false,"Async Capable":false,"Startup Cost":219.01,"Total Cost":219.01,"Plan Rows":10001,"Plan Width":8,"Actual Startup Time":2.903,"Actual Total Time":2.906,"Actual Rows":10000,"Actual Loops":1,"Output":["supplier.su_nationkey","supplier.su_suppkey"],"Hash Buckets":16384,"Original Hash Buckets":16384,"Hash Batches":1,"Original Hash Batches":1,"Peak Memory Usage":519,"Shared Hit Blocks":0,"Shared Read Blocks":0,"Shared Dirtied Blocks":0,"Shared Written Blocks":0,"Local Hit Blocks":0,"Local Read Blocks":0,"Local Dirtied Blocks":0,"Local Written Blocks":0,"Temp Read Blocks":0,"Temp Written Blocks":0,"I/O Read Time":0.0,"I/O Write Time":0.0,"Temp I/O Read Time":0.0,"Temp I/O Write Time":0.0,"Plans":[{"Node Type":"Append","Parent Relationship":"Outer","Parallel Aware":false,"Async Capable":false,"Startup Cost":20.0,"Total Cost":219.01,"Plan Rows":10001,"Plan Width":8,"Actual Startup Time":0.027,"Actual Total Time":1.786,"Actual Rows":10000,"Actual Loops":1,"Shared Hit Blocks":0,"Shared Read Blocks":0,"Shared Dirtied Blocks":0,"Shared Written Blocks":0,"Local Hit Blocks":0,"Local Read Blocks":0,"Local Dirtied Blocks":0,"Local Written Blocks":0,"Temp Read Blocks":0,"Temp Written Blocks":0,"I/O Read Time":0.0,"I/O Write Time":0.0,"Temp I/O Read Time":0.0,"Temp I/O Write Time":0.0,"Subplans Removed":0,"Plans":[{"Node Type":"Custom Scan","Parent Relationship":"Member","Custom Plan Provider":"columnar scan","Parallel Aware":false,"Async Capable":false,"Relation Name":"supplier","Schema":"public","Alias":"supplier","Startup Cost":20.0,"Total Cost":215.0,"Plan Rows":10000,"Plan Width":8,"Actual Startup Time":0.025,"Actual Total Time":1.085,"Actual Rows":10000,"Actual Loops":1,"Output":["supplier.su_nationkey","supplier.su_suppkey"],"Rows Removed by Columnar Filter":0,"Columnar cache search mode":"native","Shared Hit Blocks":0,"Shared Read Blocks":0,"Shared Dirtied Blocks":0,"Shared Written Blocks":0,"Local Hit Blocks":0,"Local Read Blocks":0,"Local Dirtied Blocks":0,"Local Written Blocks":0,"Temp Read Blocks":0,"Temp Written Blocks":0,"I/O Read Time":0.0,"I/O Write Time":0.0,"Temp I/O Read Time":0.0,"Temp I/O Write Time":0.0},{"Node Type":"Seq Scan","Parent Relationship":"Member","Parallel Aware":false,"Async Capable":false,"Relation Name":"supplier","Schema":"public","Alias":"supplier","Startup Cost":0.0,"Total Cost":4.01,"Plan Rows":1,"Plan Width":8,"Actual Startup Time":0.0,"Actual Total Time":0.0,"Actual Rows":0,"Actual Loops":0,"Output":["supplier.su_nationkey","supplier.su_suppkey"],"Shared Hit Blocks":0,"Shared Read Blocks":0,"Shared Dirtied Blocks":0,"Shared Written Blocks":0,"Local Hit Blocks":0,"Local Read Blocks":0,"Local Dirtied Blocks":0,"Local Written Blocks":0,"Temp Read Blocks":0,"Temp Written Blocks":0,"I/O Read Time":0.0,"I/O Write Time":0.0,"Temp I/O Read Time":0.0,"Temp I/O Write Time":0.0}]}]}]},{"Node Type":"Hash","Parent Relationship":"Inner","Parallel Aware":false,"Async Capable":false,"Startup Cost":1.93,"Total Cost":1.93,"Plan Rows":2,"Plan Width":12,"Actual Startup Time":0.019,"Actual Total Time":0.02,"Actual Rows":2,"Actual Loops":1,"Output":["n1.n_nationkey","n1.n_name"],"Hash Buckets":1024,"Original Hash Buckets":1024,"Hash Batches":1,"Original Hash Batches":1,"Peak Memory Usage":9,"Shared Hit Blocks":1,"Shared Read Blocks":0,"Shared Dirtied Blocks":0,"Shared Written Blocks":0,"Local Hit Blocks":0,"Local Read Blocks":0,"Local Dirtied Blocks":0,"Local Written Blocks":0,"Temp Read Blocks":0,"Temp Written Blocks":0,"I/O Read Time":0.0,"I/O Write Time":0.0,"Temp I/O Read Time":0.0,"Temp I/O Write Time":0.0,"Plans":[{"Node Type":"Seq Scan","Parent Relationship":"Outer","Parallel Aware":false,"Async Capable":false,"Relation Name":"nation","Schema":"public","Alias":"n1","Startup Cost":0.0,"Total Cost":1.93,"Plan Rows":2,"Plan Width":12,"Actual Startup Time":0.013,"Actual Total Time":0.017,"Actual Rows":2,"Actual Loops":1,"Output":["n1.n_nationkey","n1.n_name"],"Filter":"(((n1.n_name)::text = 'Germany'::text) OR ((n1.n_name)::text = 'Cambodia'::text))","Rows Removed by Filter":60,"Shared Hit Blocks":1,"Shared Read Blocks":0,"Shared Dirtied Blocks":0,"Shared Written Blocks":0,"Local Hit Blocks":0,"Local Read Blocks":0,"Local Dirtied Blocks":0,"Local Written Blocks":0,"Temp Read Blocks":0,"Temp Written Blocks":0,"I/O Read Time":0.0,"I/O Write Time":0.0,"Temp I/O Read Time":0.0,"Temp I/O Write Time":0.0}]}]},{"Node Type":"Hash","Parent Relationship":"Inner","Parallel Aware":false,"Async Capable":false,"Startup Cost":59559.0,"Total Cost":59559.0,"Plan Rows":2998176,"Plan Width":24,"Actual Startup Time":896.455,"Actual Total Time":896.456,"Actual Rows":2997892,"Actual Loops":1,"Output":["orders.o_entry_d","orders.o_w_id","orders.o_d_id","orders.o_id","orders.o_c_id"],"Hash Buckets":131072,"Original Hash Buckets":131072,"Hash Batches":32,"Original Hash Batches":32,"Peak Memory Usage":6539,"Shared Hit Blocks":22059,"Shared Read Blocks":0,"Shared Dirtied Blocks":0,"Shared Written Blocks":0,"Local Hit Blocks":0,"Local Read Blocks":0,"Local Dirtied Blocks":0,"Local Written Blocks":0,"Temp Read Blocks":0,"Temp Written Blocks":16995,"I/O Read Time":0.0,"I/O Write Time":0.0,"Temp I/O Read Time":0.0,"Temp I/O Write Time":72.29,"Plans":[{"Node Type":"Seq Scan","Parent Relationship":"Outer","Parallel Aware":false,"Async Capable":false,"Relation Name":"orders","Schema":"public","Alias":"orders","Startup Cost":0.0,"Total Cost":59559.0,"Plan Rows":2998176,"Plan Width":24,"Actual Startup Time":0.011,"Actual Total Time":365.349,"Actual Rows":2997892,"Actual Loops":1,"Output":["orders.o_entry_d","orders.o_w_id","orders.o_d_id","orders.o_id","orders.o_c_id"],"Filter":"(orders.o_entry_d >= '1992-01-02 20:10:02.27764'::timestamp without time zone)","Rows Removed by Filter":2108,"Shared Hit Blocks":22059,"Shared Read Blocks":0,"Shared Dirtied Blocks":0,"Shared Written Blocks":0,"Local Hit Blocks":0,"Local Read Blocks":0,"Local Dirtied Blocks":0,"Local Written Blocks":0,"Temp Read Blocks":0,"Temp Written Blocks":0,"I/O Read Time":0.0,"I/O Write Time":0.0,"Temp I/O Read Time":0.0,"Temp I/O Write Time":0.0}]}]}]},{"Node Type":"Materialize","Parent Relationship":"Inner","Parallel Aware":false,"Async Capable":false,"Startup Cost":278013.7,"Total Cost":278497.53,"Plan Rows":96766,"Plan Width":20,"Actual Startup Time":869.742,"Actual Total Time":902.478,"Actual Rows":146547,"Actual Loops":1,"Output":["customer.c_nationkey","customer.c_id","customer.c_w_id","customer.c_d_id","n2.n_name"],"Shared Hit Blocks":229605,"Shared Read Blocks":0,"Shared Dirtied Blocks":0,"Shared Written Blocks":0,"Local Hit Blocks":0,"Local Read Blocks":0,"Local Dirtied Blocks":0,"Local Written Blocks":0,"Temp Read Blocks":545,"Temp Written Blocks":548,"I/O Read Time":0.0,"I/O Write Time":0.0,"Temp I/O Read Time":0.805,"Temp I/O Write Time":2.141,"Plans":[{"Node Type":"Sort","Parent Relationship":"Outer","Parallel Aware":false,"Async Capable":false,"Startup Cost":278013.7,"Total Cost":278255.62,"Plan Rows":96766,"Plan Width":20,"Actual Startup Time":869.737,"Actual Total Time":886.664,"Actual Rows":144982,"Actual Loops":1,"Output":["customer.c_nationkey","customer.c_id","customer.c_w_id","customer.c_d_id","n2.n_name"],"Sort Key":["customer.c_id","customer.c_w_id","customer.c_d_id"],"Sort Method":"external merge","Sort Space Used":4360,"Sort Space Type":"Disk","Shared Hit Blocks":229605,"Shared Read Blocks":0,"Shared Dirtied Blocks":0,"Shared Written Blocks":0,"Local Hit Blocks":0,"Local Read Blocks":0,"Local Dirtied Blocks":0,"Local Written Blocks":0,"Temp Read Blocks":545,"Temp Written Blocks":548,"I/O Read Time":0.0,"I/O Write Time":0.0,"Temp I/O Read Time":0.805,"Temp I/O Write Time":2.141,"Plans":[{"Node Type":"Hash Join","Parent Relationship":"Outer","Parallel Aware":false,"Async Capable":false,"Join Type":"Inner","Startup Cost":1.95,"Total Cost":268015.91,"Plan Rows":96766,"Plan Width":20,"Actual Startup Time":0.096,"Actual Total Time":814.133,"Actual Rows":144986,"Actual Loops":1,"Output":["customer.c_nationkey","customer.c_id","customer.c_w_id","customer.c_d_id","n2.n_name"],"Inner Unique":true,"Hash Cond":"(customer.c_nationkey = n2.n_nationkey)","Shared Hit Blocks":229605,"Shared Read Blocks":0,"Shared Dirtied Blocks":0,"Shared Written Blocks":0,"Local Hit Blocks":0,"Local Read Blocks":0,"Local Dirtied Blocks":0,"Local Written Blocks":0,"Temp Read Blocks":0,"Temp Written Blocks":0,"I/O Read Time":0.0,"I/O Write Time":0.0,"Temp I/O Read Time":0.0,"Temp I/O Write Time":0.0,"Plans":[{"Node Type":"Seq Scan","Parent Relationship":"Outer","Parallel Aware":false,"Async Capable":false,"Relation Name":"customer","Schema":"public","Alias":"customer","Startup Cost":0.0,"Total Cost":259601.38,"Plan Rows":2999738,"Plan Width":12,"Actual Startup Time":0.021,"Actual Total Time":354.747,"Actual Rows":3000000,"Actual Loops":1,"Output":["customer.c_id","customer.c_d_id","customer.c_w_id","customer.c_nationkey","customer.c_first","customer.c_middle","customer.c_last","customer.c_street_1","customer.c_street_2","customer.c_city","customer.c_state","customer.c_zip","customer.c_phone","customer.c_since","customer.c_credit","customer.c_credit_lim","customer.c_discount","customer.c_balance","customer.c_ytd_payment","customer.c_payment_cnt","customer.c_delivery_cnt","customer.c_data"],"Shared Hit Blocks":229604,"Shared Read Blocks":0,"Shared Dirtied Blocks":0,"Shared Written Blocks":0,"Local Hit Blocks":0,"Local Read Blocks":0,"Local Dirtied Blocks":0,"Local Written Blocks":0,"Temp Read Blocks":0,"Temp Written Blocks":0,"I/O Read Time":0.0,"I/O Write Time":0.0,"Temp I/O Read Time":0.0,"Temp I/O Write Time":0.0},{"Node Type":"Hash","Parent Relationship":"Inner","Parallel Aware":false,"Async Capable":false,"Startup Cost":1.93,"Total Cost":1.93,"Plan Rows":2,"Plan Width":12,"Actual Startup Time":0.026,"Actual Total Time":0.027,"Actual Rows":2,"Actual Loops":1,"Output":["n2.n_nationkey","n2.n_name"],"Hash Buckets":1024,"Original Hash Buckets":1024,"Hash Batches":1,"Original Hash Batches":1,"Peak Memory Usage":9,"Shared Hit Blocks":1,"Shared Read Blocks":0,"Shared Dirtied Blocks":0,"Shared Written Blocks":0,"Local Hit Blocks":0,"Local Read Blocks":0,"Local Dirtied Blocks":0,"Local Written Blocks":0,"Temp Read Blocks":0,"Temp Written Blocks":0,"I/O Read Time":0.0,"I/O Write Time":0.0,"Temp I/O Read Time":0.0,"Temp I/O Write Time":0.0,"Plans":[{"Node Type":"Seq Scan","Parent Relationship":"Outer","Parallel Aware":false,"Async Capable":false,"Relation Name":"nation","Schema":"public","Alias":"n2","Startup Cost":0.0,"Total Cost":1.93,"Plan Rows":2,"Plan Width":12,"Actual Startup Time":0.017,"Actual Total Time":0.021,"Actual Rows":2,"Actual Loops":1,"Output":["n2.n_nationkey","n2.n_name"],"Filter":"(((n2.n_name)::text = 'Cambodia'::text) OR ((n2.n_name)::text = 'Germany'::text))","Rows Removed by Filter":60,"Shared Hit Blocks":1,"Shared Read Blocks":0,"Shared Dirtied Blocks":0,"Shared Written Blocks":0,"Local Hit Blocks":0,"Local Read Blocks":0,"Local Dirtied Blocks":0,"Local Written Blocks":0,"Temp Read Blocks":0,"Temp Written Blocks":0,"I/O Read Time":0.0,"I/O Write Time":0.0,"Temp I/O Read Time":0.0,"Temp I/O Write Time":0.0}]}]}]}]}]}]}]},"Planning":{"Shared Hit Blocks":12,"Shared Read Blocks":0,"Shared Dirtied Blocks":0,"Shared Written Blocks":0,"Local Hit Blocks":0,"Local Read Blocks":0,"Local Dirtied Blocks":0,"Local Written Blocks":0,"Temp Read Blocks":0,"Temp Written Blocks":0,"I/O Read Time":0.0,"I/O Write Time":0.0,"Temp I/O Read Time":0.0,"Temp I/O Write Time":0.0},"Planning Time":2.36,"Triggers":[],"Execution Time":14026.709}]
[列存组合]: order_line, orders
[{"Plan":{"Node Type":"Aggregate","Strategy":"Sorted","Partial Mode":"Simple","Parallel Aware":false,"Async Capable":false,"Startup Cost":1144478.4,"Total Cost":1144600.01,"Plan Rows":4422,"Plan Width":72,"Actual Startup Time":11391.079,"Actual Total Time":11392.353,"Actual Rows":6,"Actual Loops":1,"Output":["supplier.su_nationkey","customer.c_nationkey","(EXTRACT(year FROM orders.o_entry_d))","sum(order_line.ol_amount)"],"Group Key":["supplier.su_nationkey","customer.c_nationkey","(EXTRACT(year FROM orders.o_entry_d))"],"Shared Hit Blocks":257161,"Shared Read Blocks":0,"Shared Dirtied Blocks":0,"Shared Written Blocks":0,"Local Hit Blocks":0,"Local Read Blocks":0,"Local Dirtied Blocks":0,"Local Written Blocks":0,"Temp Read Blocks":67281,"Temp Written Blocks":67281,"I/O Read Time":0.0,"I/O Write Time":0.0,"Temp I/O Read Time":107.489,"Temp I/O Write Time":302.762,"Plans":[{"Node Type":"Sort","Parent Relationship":"Outer","Parallel Aware":false,"Async Capable":false,"Startup Cost":1144478.4,"Total Cost":1144489.46,"Plan Rows":4422,"Plan Width":44,"Actual Startup Time":11391.018,"Actual Total Time":11391.285,"Actual Rows":6043,"Actual Loops":1,"Output":["supplier.su_nationkey","customer.c_nationkey","(EXTRACT(year FROM orders.o_entry_d))","order_line.ol_amount"],"Sort Key":["supplier.su_nationkey","customer.c_nationkey","(EXTRACT(year FROM orders.o_entry_d))"],"Sort Method":"quicksort","Sort Space Used":523,"Sort Space Type":"Memory","Shared Hit Blocks":257161,"Shared Read Blocks":0,"Shared Dirtied Blocks":0,"Shared Written Blocks":0,"Local Hit Blocks":0,"Local Read Blocks":0,"Local Dirtied Blocks":0,"Local Written Blocks":0,"Temp Read Blocks":67281,"Temp Written Blocks":67281,"I/O Read Time":0.0,"I/O Write Time":0.0,"Temp I/O Read Time":107.489,"Temp I/O Write Time":302.762,"Plans":[{"Node Type":"Hash Join","Parent Relationship":"Outer","Parallel Aware":false,"Async Capable":false,"Join Type":"Inner","Startup Cost":812219.44,"Total Cost":1144210.64,"Plan Rows":4422,"Plan Width":44,"Actual Startup Time":8015.57,"Actual Total Time":11389.15,"Actual Rows":6043,"Actual Loops":1,"Output":["supplier.su_nationkey","customer.c_nationkey","EXTRACT(year FROM orders.o_entry_d)","order_line.ol_amount"],"Hash Cond":"((stock.s_w_id = order_line.ol_supply_w_id) AND (stock.s_i_id = order_line.ol_i_id))","Join Filter":"((((n1.n_name)::text = 'Germany'::text) AND ((n2.n_name)::text = 'Cambodia'::text)) OR (((n1.n_name)::text = 'Cambodia'::text) AND ((n2.n_name)::text = 'Germany'::text)))","Rows Removed by Join Filter":5752,"Shared Hit Blocks":257161,"Shared Read Blocks":0,"Shared Dirtied Blocks":0,"Shared Written Blocks":0,"Local Hit Blocks":0,"Local Read Blocks":0,"Local Dirtied Blocks":0,"Local Written Blocks":0,"Temp Read Blocks":67281,"Temp Written Blocks":67281,"I/O Read Time":0.0,"I/O Write Time":0.0,"Temp I/O Read Time":107.489,"Temp I/O Write Time":302.762,"Plans":[{"Node Type":"Hash Join","Parent Relationship":"Outer","Parallel Aware":false,"Async Capable":false,"Join Type":"Inner","Startup Cost":444.39,"Total Cost":316943.47,"Plan Rows":322586,"Plan Width":18,"Actual Startup Time":2.563,"Actual Total Time":3263.538,"Actual Rows":283200,"Actual Loops":1,"Output":["supplier.su_nationkey","stock.s_w_id","stock.s_i_id","n1.n_name"],"Hash Cond":"(supplier.su_nationkey = n1.n_nationkey)","Shared Hit Blocks":27556,"Shared Read Blocks":0,"Shared Dirtied Blocks":0,"Shared Written Blocks":0,"Local Hit Blocks":0,"Local Read Blocks":0,"Local Dirtied Blocks":0,"Local Written Blocks":0,"Temp Read Blocks":0,"Temp Written Blocks":0,"I/O Read Time":0.0,"I/O Write Time":0.0,"Temp I/O Read Time":0.0,"Temp I/O Write Time":0.0,"Plans":[{"Node Type":"Hash Join","Parent Relationship":"Outer","Parallel Aware":false,"Async Capable":false,"Join Type":"Inner","Startup Cost":442.44,"Total Cost":288896.71,"Plan Rows":10000162,"Plan Width":10,"Actual Startup Time":2.532,"Actual Total Time":2599.601,"Actual Rows":10000000,"Actual Loops":1,"Output":["supplier.su_nationkey","stock.s_w_id","stock.s_i_id"],"Hash Cond":"(mod((stock.s_w_id * stock.s_i_id), 10000) = supplier.su_suppkey)","Shared Hit Blocks":27555,"Shared Read Blocks":0,"Shared Dirtied Blocks":0,"Shared Written Blocks":0,"Local Hit Blocks":0,"Local Read Blocks":0,"Local Dirtied Blocks":0,"Local Written Blocks":0,"Temp Read Blocks":0,"Temp Written Blocks":0,"I/O Read Time":0.0,"I/O Write Time":0.0,"Temp I/O Read Time":0.0,"Temp I/O Write Time":0.0,"Plans":[{"Node Type":"Index Only Scan","Parent Relationship":"Outer","Parallel Aware":false,"Async Capable":false,"Scan Direction":"Forward","Index Name":"stock_pk","Relation Name":"stock","Schema":"public","Alias":"stock","Startup Cost":0.43,"Total Cost":259690.86,"Plan Rows":10000162,"Plan Width":6,"Actual Startup Time":0.02,"Actual Total Time":770.915,"Actual Rows":10000000,"Actual Loops":1,"Output":["stock.s_w_id","stock.s_i_id"],"Heap Fetches":0,"Shared Hit Blocks":27338,"Shared Read Blocks":0,"Shared Dirtied Blocks":0,"Shared Written Blocks":0,"Local Hit Blocks":0,"Local Read Blocks":0,"Local Dirtied Blocks":0,"Local Written Blocks":0,"Temp Read Blocks":0,"Temp Written Blocks":0,"I/O Read Time":0.0,"I/O Write Time":0.0,"Temp I/O Read Time":0.0,"Temp I/O Write Time":0.0},{"Node Type":"Hash","Parent Relationship":"Inner","Parallel Aware":false,"Async Capable":false,"Startup Cost":317.0,"Total Cost":317.0,"Plan Rows":10000,"Plan Width":8,"Actual Startup Time":2.462,"Actual Total Time":2.464,"Actual Rows":10000,"Actual Loops":1,"Output":["supplier.su_nationkey","supplier.su_suppkey"],"Hash Buckets":16384,"Original Hash Buckets":16384,"Hash Batches":1,"Original Hash Batches":1,"Peak Memory Usage":519,"Shared Hit Blocks":217,"Shared Read Blocks":0,"Shared Dirtied Blocks":0,"Shared Written Blocks":0,"Local Hit Blocks":0,"Local Read Blocks":0,"Local Dirtied Blocks":0,"Local Written Blocks":0,"Temp Read Blocks":0,"Temp Written Blocks":0,"I/O Read Time":0.0,"I/O Write Time":0.0,"Temp I/O Read Time":0.0,"Temp I/O Write Time":0.0,"Plans":[{"Node Type":"Seq Scan","Parent Relationship":"Outer","Parallel Aware":false,"Async Capable":false,"Relation Name":"supplier","Schema":"public","Alias":"supplier","Startup Cost":0.0,"Total Cost":317.0,"Plan Rows":10000,"Plan Width":8,"Actual Startup Time":0.004,"Actual Total Time":1.25,"Actual Rows":10000,"Actual Loops":1,"Output":["supplier.su_nationkey","supplier.su_suppkey"],"Shared Hit Blocks":217,"Shared Read Blocks":0,"Shared Dirtied Blocks":0,"Shared Written Blocks":0,"Local Hit Blocks":0,"Local Read Blocks":0,"Local Dirtied Blocks":0,"Local Written Blocks":0,"Temp Read Blocks":0,"Temp Written Blocks":0,"I/O Read Time":0.0,"I/O Write Time":0.0,"Temp I/O Read Time":0.0,"Temp I/O Write Time":0.0}]}]},{"Node Type":"Hash","Parent Relationship":"Inner","Parallel Aware":false,"Async Capable":false,"Startup Cost":1.93,"Total Cost":1.93,"Plan Rows":2,"Plan Width":12,"Actual Startup Time":0.021,"Actual Total Time":0.021,"Actual Rows":2,"Actual Loops":1,"Output":["n1.n_nationkey","n1.n_name"],"Hash Buckets":1024,"Original Hash Buckets":1024,"Hash Batches":1,"Original Hash Batches":1,"Peak Memory Usage":9,"Shared Hit Blocks":1,"Shared Read Blocks":0,"Shared Dirtied Blocks":0,"Shared Written Blocks":0,"Local Hit Blocks":0,"Local Read Blocks":0,"Local Dirtied Blocks":0,"Local Written Blocks":0,"Temp Read Blocks":0,"Temp Written Blocks":0,"I/O Read Time":0.0,"I/O Write Time":0.0,"Temp I/O Read Time":0.0,"Temp I/O Write Time":0.0,"Plans":[{"Node Type":"Seq Scan","Parent Relationship":"Outer","Parallel Aware":false,"Async Capable":false,"Relation Name":"nation","Schema":"public","Alias":"n1","Startup Cost":0.0,"Total Cost":1.93,"Plan Rows":2,"Plan Width":12,"Actual Startup Time":0.012,"Actual Total Time":0.017,"Actual Rows":2,"Actual Loops":1,"Output":["n1.n_nationkey","n1.n_name"],"Filter":"(((n1.n_name)::text = 'Germany'::text) OR ((n1.n_name)::text = 'Cambodia'::text))","Rows Removed by Filter":60,"Shared Hit Blocks":1,"Shared Read Blocks":0,"Shared Dirtied Blocks":0,"Shared Written Blocks":0,"Local Hit Blocks":0,"Local Read Blocks":0,"Local Dirtied Blocks":0,"Local Written Blocks":0,"Temp Read Blocks":0,"Temp Written Blocks":0,"I/O Read Time":0.0,"I/O Write Time":0.0,"Temp I/O Read Time":0.0,"Temp I/O Write Time":0.0}]}]},{"Node Type":"Hash","Parent Relationship":"Inner","Parallel Aware":false,"Async Capable":false,"Startup Cost":805882.69,"Total Cost":805882.69,"Plan Rows":269824,"Plan Width":30,"Actual Startup Time":8011.461,"Actual Total Time":8011.476,"Actual Rows":414592,"Actual Loops":1,"Output":["order_line.ol_amount","order_line.ol_supply_w_id","order_line.ol_i_id","orders.o_entry_d","customer.c_nationkey","n2.n_name"],"Hash Buckets":131072,"Original Hash Buckets":131072,"Hash Batches":4,"Original Hash Batches":4,"Peak Memory Usage":7952,"Shared Hit Blocks":229605,"Shared Read Blocks":0,"Shared Dirtied Blocks":0,"Shared Written Blocks":0,"Local Hit Blocks":0,"Local Read Blocks":0,"Local Dirtied Blocks":0,"Local Written Blocks":0,"Temp Read Blocks":64076,"Temp Written Blocks":66228,"I/O Read Time":0.0,"I/O Write Time":0.0,"Temp I/O Read Time":102.456,"Temp I/O Write Time":297.214,"Plans":[{"Node Type":"Hash Join","Parent Relationship":"Outer","Parallel Aware":false,"Async Capable":false,"Join Type":"Inner","Startup Cost":337038.47,"Total Cost":805882.69,"Plan Rows":269824,"Plan Width":30,"Actual Startup Time":1509.94,"Actual Total Time":7920.064,"Actual Rows":414592,"Actual Loops":1,"Output":["order_line.ol_amount","order_line.ol_supply_w_id","order_line.ol_i_id","orders.o_entry_d","customer.c_nationkey","n2.n_name"],"Hash Cond":"(customer.c_nationkey = n2.n_nationkey)","Shared Hit Blocks":229605,"Shared Read Blocks":0,"Shared Dirtied Blocks":0,"Shared Written Blocks":0,"Local Hit Blocks":0,"Local Read Blocks":0,"Local Dirtied Blocks":0,"Local Written Blocks":0,"Temp Read Blocks":64076,"Temp Written Blocks":64076,"I/O Read Time":0.0,"I/O Write Time":0.0,"Temp I/O Read Time":102.456,"Temp I/O Write Time":287.248,"Plans":[{"Node Type":"Hash Join","Parent Relationship":"Outer","Parallel Aware":false,"Async Capable":false,"Join Type":"Inner","Startup Cost":337036.52,"Total Cost":782422.9,"Plan Rows":8364549,"Plan Width":22,"Actual Startup Time":1508.745,"Actual Total Time":7305.301,"Actual Rows":8570498,"Actual Loops":1,"Output":["order_line.ol_amount","order_line.ol_supply_w_id","order_line.ol_i_id","orders.o_entry_d","customer.c_nationkey"],"Hash Cond":"((order_line.ol_w_id = customer.c_w_id) AND (order_line.ol_d_id = customer.c_d_id) AND (orders.o_c_id = customer.c_id))","Shared Hit Blocks":229604,"Shared Read Blocks":0,"Shared Dirtied Blocks":0,"Shared Written Blocks":0,"Local Hit Blocks":0,"Local Read Blocks":0,"Local Dirtied Blocks":0,"Local Written Blocks":0,"Temp Read Blocks":64076,"Temp Written Blocks":64076,"I/O Read Time":0.0,"I/O Write Time":0.0,"Temp I/O Read Time":102.456,"Temp I/O Write Time":287.248,"Plans":[{"Node Type":"Hash Join","Parent Relationship":"Outer","Parallel Aware":false,"Async Capable":false,"Join Type":"Inner","Startup Cost":10291.72,"Total Cost":260799.24,"Plan Rows":8364549,"Plan Width":30,"Actual Startup Time":345.231,"Actual Total Time":2004.043,"Actual Rows":8570498,"Actual Loops":1,"Output":["order_line.ol_amount","order_line.ol_supply_w_id","order_line.ol_i_id","order_line.ol_w_id","order_line.ol_d_id","orders.o_entry_d","orders.o_w_id","orders.o_d_id","orders.o_c_id"],"Hash Cond":"((order_line.ol_w_id = orders.o_w_id) AND (order_line.ol_d_id = orders.o_d_id) AND (order_line.ol_o_id = orders.o_id))","Rows Removed by Bloom Filter":0,"Shared Hit Blocks":0,"Shared Read Blocks":0,"Shared Dirtied Blocks":0,"Shared Written Blocks":0,"Local Hit Blocks":0,"Local Read Blocks":0,"Local Dirtied Blocks":0,"Local Written Blocks":0,"Temp Read Blocks":0,"Temp Written Blocks":0,"I/O Read Time":0.0,"I/O Write Time":0.0,"Temp I/O Read Time":0.0,"Temp I/O Write Time":0.0,"Plans":[{"Node Type":"Append","Parent Relationship":"Outer","Parallel Aware":false,"Async Capable":false,"Startup Cost":20.0,"Total Cost":230190.58,"Plan Rows":8369638,"Plan Width":22,"Actual Startup Time":12.545,"Actual Total Time":12.552,"Actual Rows":8570498,"Actual Loops":1,"Shared Hit Blocks":0,"Shared Read Blocks":0,"Shared Dirtied Blocks":0,"Shared Written Blocks":0,"Local Hit Blocks":0,"Local Read Blocks":0,"Local Dirtied Blocks":0,"Local Written Blocks":0,"Temp Read Blocks":0,"Temp Written Blocks":0,"I/O Read Time":0.0,"I/O Write Time":0.0,"Temp I/O Read Time":0.0,"Temp I/O Write Time":0.0,"Subplans Removed":0,"Plans":[{"Node Type":"Custom Scan","Parent Relationship":"Member","Custom Plan Provider":"columnar scan","Parallel Aware":false,"Async Capable":false,"Relation Name":"order_line","Schema":"public","Alias":"order_line","Startup Cost":20.0,"Total Cost":230185.68,"Plan Rows":8369621,"Plan Width":22,"Actual Startup Time":12.544,"Actual Total Time":12.546,"Actual Rows":8570498,"Actual Loops":1,"Output":["order_line.ol_amount","order_line.ol_supply_w_id","order_line.ol_i_id","order_line.ol_w_id","order_line.ol_d_id","order_line.ol_o_id"],"Filter":"((order_line.ol_delivery_d <= '1997-01-01 20:10:02.27764'::timestamp without time zone) AND (order_line.ol_delivery_d >= '1995-01-02 20:10:02.27764'::timestamp without time zone))","Rows Removed by Filter":0,"Rows Removed by Columnar Filter":21427234,"Columnar cache search mode":"native","Shared Hit Blocks":0,"Shared Read Blocks":0,"Shared Dirtied Blocks":0,"Shared Written Blocks":0,"Local Hit Blocks":0,"Local Read Blocks":0,"Local Dirtied Blocks":0,"Local Written Blocks":0,"Temp Read Blocks":0,"Temp Written Blocks":0,"I/O Read Time":0.0,"I/O Write Time":0.0,"Temp I/O Read Time":0.0,"Temp I/O Write Time":0.0},{"Node Type":"Seq Scan","Parent Relationship":"Member","Parallel Aware":false,"Async Capable":false,"Relation Name":"order_line","Schema":"public","Alias":"order_line","Startup Cost":0.0,"Total Cost":4.9,"Plan Rows":17,"Plan Width":22,"Actual Startup Time":0.0,"Actual Total Time":0.0,"Actual Rows":0,"Actual Loops":0,"Output":["order_line.ol_amount","order_line.ol_supply_w_id","order_line.ol_i_id","order_line.ol_w_id","order_line.ol_d_id","order_line.ol_o_id"],"Filter":"((order_line.ol_delivery_d <= '1997-01-01 20:10:02.27764'::timestamp without time zone) AND (order_line.ol_delivery_d >= '1995-01-02 20:10:02.27764'::timestamp without time zone))","Rows Removed by Filter":0,"Shared Hit Blocks":0,"Shared Read Blocks":0,"Shared Dirtied Blocks":0,"Shared Written Blocks":0,"Local Hit Blocks":0,"Local Read Blocks":0,"Local Dirtied Blocks":0,"Local Written Blocks":0,"Temp Read Blocks":0,"Temp Written Blocks":0,"I/O Read Time":0.0,"I/O Write Time":0.0,"Temp I/O Read Time":0.0,"Temp I/O Write Time":0.0}]},{"Node Type":"Hash","Parent Relationship":"Inner","Parallel Aware":false,"Async Capable":false,"Startup Cost":76477.53,"Total Cost":76477.53,"Plan Rows":2998177,"Plan Width":24,"Actual Rows":2997892,"Actual Loops":1,"Output":["orders.o_entry_d","orders.o_w_id","orders.o_d_id","orders.o_id","orders.o_c_id"],"Shared Hit Blocks":0,"Shared Read Blocks":0,"Shared Dirtied Blocks":0,"Shared Written Blocks":0,"Local Hit Blocks":0,"Local Read Blocks":0,"Local Dirtied Blocks":0,"Local Written Blocks":0,"Temp Read Blocks":0,"Temp Written Blocks":0,"I/O Read Time":0.0,"I/O Write Time":0.0,"Temp I/O Read Time":0.0,"Temp I/O Write Time":0.0,"Plans":[{"Node Type":"Append","Parent Relationship":"Outer","Parallel Aware":false,"Async Capable":false,"Startup Cost":20.0,"Total Cost":76477.53,"Plan Rows":2998177,"Plan Width":24,"Actual Startup Time":1.508,"Actual Total Time":1.512,"Actual Rows":2997892,"Actual Loops":1,"Shared Hit Blocks":0,"Shared Read Blocks":0,"Shared Dirtied Blocks":0,"Shared Written Blocks":0,"Local Hit Blocks":0,"Local Read Blocks":0,"Local Dirtied Blocks":0,"Local Written Blocks":0,"Temp Read Blocks":0,"Temp Written Blocks":0,"I/O Read Time":0.0,"I/O Write Time":0.0,"Temp I/O Read Time":0.0,"Temp I/O Write Time":0.0,"Subplans Removed":0,"Plans":[{"Node Type":"Custom Scan","Parent Relationship":"Member","Custom Plan Provider":"columnar scan","Parallel Aware":false,"Async Capable":false,"Relation Name":"orders","Schema":"public","Alias":"orders","Startup Cost":20.0,"Total Cost":76473.52,"Plan Rows":2998176,"Plan Width":24,"Actual Startup Time":1.506,"Actual Total Time":1.507,"Actual Rows":2997892,"Actual Loops":1,"Output":["orders.o_entry_d","orders.o_w_id","orders.o_d_id","orders.o_id","orders.o_c_id"],"Filter":"(orders.o_entry_d >= '1992-01-02 20:10:02.27764'::timestamp without time zone)","Rows Removed by Filter":0,"Rows Removed by Columnar Filter":2108,"Columnar cache search mode":"native","Shared Hit Blocks":0,"Shared Read Blocks":0,"Shared Dirtied Blocks":0,"Shared Written Blocks":0,"Local Hit Blocks":0,"Local Read Blocks":0,"Local Dirtied Blocks":0,"Local Written Blocks":0,"Temp Read Blocks":0,"Temp Written Blocks":0,"I/O Read Time":0.0,"I/O Write Time":0.0,"Temp I/O Read Time":0.0,"Temp I/O Write Time":0.0},{"Node Type":"Seq Scan","Parent Relationship":"Member","Parallel Aware":false,"Async Capable":false,"Relation Name":"orders","Schema":"public","Alias":"orders","Startup Cost":0.0,"Total Cost":4.01,"Plan Rows":1,"Plan Width":24,"Actual Startup Time":0.0,"Actual Total Time":0.0,"Actual Rows":0,"Actual Loops":0,"Output":["orders.o_entry_d","orders.o_w_id","orders.o_d_id","orders.o_id","orders.o_c_id"],"Filter":"(orders.o_entry_d >= '1992-01-02 20:10:02.27764'::timestamp without time zone)","Rows Removed by Filter":0,"Shared Hit Blocks":0,"Shared Read Blocks":0,"Shared Dirtied Blocks":0,"Shared Written Blocks":0,"Local Hit Blocks":0,"Local Read Blocks":0,"Local Dirtied Blocks":0,"Local Written Blocks":0,"Temp Read Blocks":0,"Temp Written Blocks":0,"I/O Read Time":0.0,"I/O Write Time":0.0,"Temp I/O Read Time":0.0,"Temp I/O Write Time":0.0}]}]}]},{"Node Type":"Hash","Parent Relationship":"Inner","Parallel Aware":false,"Async Capable":false,"Startup Cost":259601.38,"Total Cost":259601.38,"Plan Rows":2999738,"Plan Width":12,"Actual Startup Time":1161.819,"Actual Total Time":1161.82,"Actual Rows":3000000,"Actual Loops":1,"Output":["customer.c_nationkey","customer.c_id","customer.c_w_id","customer.c_d_id"],"Hash Buckets":262144,"Original Hash Buckets":262144,"Hash Batches":32,"Original Hash Batches":32,"Peak Memory Usage":6072,"Shared Hit Blocks":229604,"Shared Read Blocks":0,"Shared Dirtied Blocks":0,"Shared Written Blocks":0,"Local Hit Blocks":0,"Local Read Blocks":0,"Local Dirtied Blocks":0,"Local Written Blocks":0,"Temp Read Blocks":0,"Temp Written Blocks":11334,"I/O Read Time":0.0,"I/O Write Time":0.0,"Temp I/O Read Time":0.0,"Temp I/O Write Time":54.205,"Plans":[{"Node Type":"Seq Scan","Parent Relationship":"Outer","Parallel Aware":false,"Async Capable":false,"Relation Name":"customer","Schema":"public","Alias":"customer","Startup Cost":0.0,"Total Cost":259601.38,"Plan Rows":2999738,"Plan Width":12,"Actual Startup Time":0.025,"Actual Total Time":662.023,"Actual Rows":3000000,"Actual Loops":1,"Output":["customer.c_nationkey","customer.c_id","customer.c_w_id","customer.c_d_id"],"Shared Hit Blocks":229604,"Shared Read Blocks":0,"Shared Dirtied Blocks":0,"Shared Written Blocks":0,"Local Hit Blocks":0,"Local Read Blocks":0,"Local Dirtied Blocks":0,"Local Written Blocks":0,"Temp Read Blocks":0,"Temp Written Blocks":0,"I/O Read Time":0.0,"I/O Write Time":0.0,"Temp I/O Read Time":0.0,"Temp I/O Write Time":0.0}]}]},{"Node Type":"Hash","Parent Relationship":"Inner","Parallel Aware":false,"Async Capable":false,"Startup Cost":1.93,"Total Cost":1.93,"Plan Rows":2,"Plan Width":12,"Actual Startup Time":0.015,"Actual Total Time":0.015,"Actual Rows":2,"Actual Loops":1,"Output":["n2.n_nationkey","n2.n_name"],"Hash Buckets":1024,"Original Hash Buckets":1024,"Hash Batches":1,"Original Hash Batches":1,"Peak Memory Usage":9,"Shared Hit Blocks":1,"Shared Read Blocks":0,"Shared Dirtied Blocks":0,"Shared Written Blocks":0,"Local Hit Blocks":0,"Local Read Blocks":0,"Local Dirtied Blocks":0,"Local Written Blocks":0,"Temp Read Blocks":0,"Temp Written Blocks":0,"I/O Read Time":0.0,"I/O Write Time":0.0,"Temp I/O Read Time":0.0,"Temp I/O Write Time":0.0,"Plans":[{"Node Type":"Seq Scan","Parent Relationship":"Outer","Parallel Aware":false,"Async Capable":false,"Relation Name":"nation","Schema":"public","Alias":"n2","Startup Cost":0.0,"Total Cost":1.93,"Plan Rows":2,"Plan Width":12,"Actual Startup Time":0.006,"Actual Total Time":0.011,"Actual Rows":2,"Actual Loops":1,"Output":["n2.n_nationkey","n2.n_name"],"Filter":"(((n2.n_name)::text = 'Cambodia'::text) OR ((n2.n_name)::text = 'Germany'::text))","Rows Removed by Filter":60,"Shared Hit Blocks":1,"Shared Read Blocks":0,"Shared Dirtied Blocks":0,"Shared Written Blocks":0,"Local Hit Blocks":0,"Local Read Blocks":0,"Local Dirtied Blocks":0,"Local Written Blocks":0,"Temp Read Blocks":0,"Temp Written Blocks":0,"I/O Read Time":0.0,"I/O Write Time":0.0,"Temp I/O Read Time":0.0,"Temp I/O Write Time":0.0}]}]}]}]}]}]},"Planning":{"Shared Hit Blocks":12,"Shared Read Blocks":0,"Shared Dirtied Blocks":0,"Shared Written Blocks":0,"Local Hit Blocks":0,"Local Read Blocks":0,"Local Dirtied Blocks":0,"Local Written Blocks":0,"Temp Read Blocks":0,"Temp Written Blocks":0,"I/O Read Time":0.0,"I/O Write Time":0.0,"Temp I/O Read Time":0.0,"Temp I/O Write Time":0.0},"Planning Time":2.737,"Triggers":[],"Execution Time":11398.172}]
[列存组合]: order_line, stock
[{"Plan":{"Node Type":"Aggregate","Strategy":"Sorted","Partial Mode":"Simple","Parallel Aware":false,"Async Capable":false,"Startup Cost":919944.43,"Total Cost":920066.03,"Plan Rows":4422,"Plan Width":72,"Actual Startup Time":7282.584,"Actual Total Time":7283.853,"Actual Rows":6,"Actual Loops":1,"Output":["supplier.su_nationkey","customer.c_nationkey","(EXTRACT(year FROM orders.o_entry_d))","sum(order_line.ol_amount)"],"Group Key":["supplier.su_nationkey","customer.c_nationkey","(EXTRACT(year FROM orders.o_entry_d))"],"Shared Hit Blocks":251882,"Shared Read Blocks":0,"Shared Dirtied Blocks":0,"Shared Written Blocks":0,"Local Hit Blocks":0,"Local Read Blocks":0,"Local Dirtied Blocks":0,"Local Written Blocks":0,"Temp Read Blocks":20587,"Temp Written Blocks":20596,"I/O Read Time":0.0,"I/O Write Time":0.0,"Temp I/O Read Time":32.126,"Temp I/O Write Time":95.763,"Plans":[{"Node Type":"Sort","Parent Relationship":"Outer","Parallel Aware":false,"Async Capable":false,"Startup Cost":919944.43,"Total Cost":919955.48,"Plan Rows":4422,"Plan Width":44,"Actual Startup Time":7282.523,"Actual Total Time":7282.789,"Actual Rows":6043,"Actual Loops":1,"Output":["supplier.su_nationkey","customer.c_nationkey","(EXTRACT(year FROM orders.o_entry_d))","order_line.ol_amount"],"Sort Key":["supplier.su_nationkey","customer.c_nationkey","(EXTRACT(year FROM orders.o_entry_d))"],"Sort Method":"quicksort","Sort Space Used":523,"Sort Space Type":"Memory","Shared Hit Blocks":251882,"Shared Read Blocks":0,"Shared Dirtied Blocks":0,"Shared Written Blocks":0,"Local Hit Blocks":0,"Local Read Blocks":0,"Local Dirtied Blocks":0,"Local Written Blocks":0,"Temp Read Blocks":20587,"Temp Written Blocks":20596,"I/O Read Time":0.0,"I/O Write Time":0.0,"Temp I/O Read Time":32.126,"Temp I/O Write Time":95.763,"Plans":[{"Node Type":"Merge Join","Parent Relationship":"Outer","Parallel Aware":false,"Async Capable":false,"Join Type":"Inner","Startup Cost":915584.28,"Total Cost":919676.67,"Plan Rows":4422,"Plan Width":44,"Actual Startup Time":7129.854,"Actual Total Time":7281.055,"Actual Rows":6043,"Actual Loops":1,"Output":["supplier.su_nationkey","customer.c_nationkey","EXTRACT(year FROM orders.o_entry_d)","order_line.ol_amount"],"Merge Cond":"((orders.o_c_id = customer.c_id) AND (order_line.ol_w_id = customer.c_w_id) AND (order_line.ol_d_id = customer.c_d_id))","Join Filter":"((((n1.n_name)::text = 'Germany'::text) AND ((n2.n_name)::text = 'Cambodia'::text)) OR (((n1.n_name)::text = 'Cambodia'::text) AND ((n2.n_name)::text = 'Germany'::text)))","Rows Removed by Join Filter":5752,"Shared Hit Blocks":251882,"Shared Read Blocks":0,"Shared Dirtied Blocks":0,"Shared Written Blocks":0,"Local Hit Blocks":0,"Local Read Blocks":0,"Local Dirtied Blocks":0,"Local Written Blocks":0,"Temp Read Blocks":20587,"Temp Written Blocks":20596,"I/O Read Time":0.0,"I/O Write Time":0.0,"Temp I/O Read Time":32.126,"Temp I/O Write Time":95.763,"Plans":[{"Node Type":"Sort","Parent Relationship":"Outer","Parallel Aware":false,"Async Capable":false,"Startup Cost":637570.48,"Total Cost":638245.04,"Plan Rows":269824,"Plan Width":36,"Actual Startup Time":6263.165,"Actual Total Time":6333.938,"Actual Rows":242214,"Actual Loops":1,"Output":["supplier.su_nationkey","order_line.ol_amount","order_line.ol_w_id","order_line.ol_d_id","orders.o_entry_d","orders.o_w_id","orders.o_d_id","orders.o_c_id","n1.n_name"],"Sort Key":["orders.o_c_id","order_line.ol_w_id","order_line.ol_d_id"],"Sort Method":"external merge","Sort Space Used":11984,"Sort Space Type":"Disk","Shared Hit Blocks":22277,"Shared Read Blocks":0,"Shared Dirtied Blocks":0,"Shared Written Blocks":0,"Local Hit Blocks":0,"Local Read Blocks":0,"Local Dirtied Blocks":0,"Local Written Blocks":0,"Temp Read Blocks":20042,"Temp Written Blocks":20048,"I/O Read Time":0.0,"I/O Write Time":0.0,"Temp I/O Read Time":31.315,"Temp I/O Write Time":93.515,"Plans":[{"Node Type":"Hash Join","Parent Relationship":"Outer","Parallel Aware":false,"Async Capable":false,"Join Type":"Inner","Startup Cost":159362.06,"Total Cost":605852.11,"Plan Rows":269824,"Plan Width":36,"Actual Startup Time":1582.131,"Actual Total Time":6137.068,"Actual Rows":242214,"Actual Loops":1,"Output":["supplier.su_nationkey","order_line.ol_amount","order_line.ol_w_id","order_line.ol_d_id","orders.o_entry_d","orders.o_w_id","orders.o_d_id","orders.o_c_id","n1.n_name"],"Hash Cond":"((order_line.ol_w_id = orders.o_w_id) AND (order_line.ol_d_id = orders.o_d_id) AND (order_line.ol_o_id = orders.o_id))","Shared Hit Blocks":22277,"Shared Read Blocks":0,"Shared Dirtied Blocks":0,"Shared Written Blocks":0,"Local Hit Blocks":0,"Local Read Blocks":0,"Local Dirtied Blocks":0,"Local Written Blocks":0,"Temp Read Blocks":18544,"Temp Written Blocks":18544,"I/O Read Time":0.0,"I/O Write Time":0.0,"Temp I/O Read Time":29.086,"Temp I/O Write Time":87.965,"Plans":[{"Node Type":"Hash Join","Parent Relationship":"Outer","Parallel Aware":false,"Async Capable":false,"Join Type":"Inner","Startup Cost":29766.98,"Total Cost":452870.88,"Plan Rows":269988,"Plan Width":28,"Actual Startup Time":676.371,"Actual Total Time":4898.778,"Actual Rows":242214,"Actual Loops":1,"Output":["supplier.su_nationkey","order_line.ol_amount","order_line.ol_w_id","order_line.ol_d_id","order_line.ol_o_id","n1.n_name"],"Hash Cond":"(supplier.su_nationkey = n1.n_nationkey)","Shared Hit Blocks":218,"Shared Read Blocks":0,"Shared Dirtied Blocks":0,"Shared Written Blocks":0,"Local Hit Blocks":0,"Local Read Blocks":0,"Local Dirtied Blocks":0,"Local Written Blocks":0,"Temp Read Blocks":0,"Temp Written Blocks":0,"I/O Read Time":0.0,"I/O Write Time":0.0,"Temp I/O Read Time":0.0,"Temp I/O Write Time":0.0,"Plans":[{"Node Type":"Hash Join","Parent Relationship":"Outer","Parallel Aware":false,"Async Capable":false,"Join Type":"Inner","Startup Cost":29765.02,"Total Cost":429396.82,"Plan Rows":8369638,"Plan Width":20,"Actual Startup Time":676.223,"Actual Total Time":4311.272,"Actual Rows":8570498,"Actual Loops":1,"Output":["supplier.su_nationkey","order_line.ol_amount","order_line.ol_w_id","order_line.ol_d_id","order_line.ol_o_id"],"Hash Cond":"(mod((stock.s_w_id * stock.s_i_id), 10000) = supplier.su_suppkey)","Shared Hit Blocks":217,"Shared Read Blocks":0,"Shared Dirtied Blocks":0,"Shared Written Blocks":0,"Local Hit Blocks":0,"Local Read Blocks":0,"Local Dirtied Blocks":0,"Local Written Blocks":0,"Temp Read Blocks":0,"Temp Written Blocks":0,"I/O Read Time":0.0,"I/O Write Time":0.0,"Temp I/O Read Time":0.0,"Temp I/O Write Time":0.0,"Plans":[{"Node Type":"Hash Join","Parent Relationship":"Outer","Parallel Aware":false,"Async Capable":false,"Join Type":"Inner","Startup Cost":29323.02,"Total Cost":404880.91,"Plan Rows":8369638,"Plan Width":22,"Actual Startup Time":673.664,"Actual Total Time":2586.14,"Actual Rows":8570498,"Actual Loops":1,"Output":["stock.s_w_id","stock.s_i_id","order_line.ol_amount","order_line.ol_w_id","order_line.ol_d_id","order_line.ol_o_id"],"Hash Cond":"((order_line.ol_supply_w_id = stock.s_w_id) AND (order_line.ol_i_id = stock.s_i_id))","Rows Removed by Bloom Filter":0,"Shared Hit Blocks":0,"Shared Read Blocks":0,"Shared Dirtied Blocks":0,"Shared Written Blocks":0,"Local Hit Blocks":0,"Local Read Blocks":0,"Local Dirtied Blocks":0,"Local Written Blocks":0,"Temp Read Blocks":0,"Temp Written Blocks":0,"I/O Read Time":0.0,"I/O Write Time":0.0,"Temp I/O Read Time":0.0,"Temp I/O Write Time":0.0,"Plans":[{"Node Type":"Append","Parent Relationship":"Outer","Parallel Aware":false,"Async Capable":false,"Startup Cost":20.0,"Total Cost":230190.58,"Plan Rows":8369638,"Plan Width":22,"Actual Startup Time":12.732,"Actual Total Time":12.739,"Actual Rows":8570498,"Actual Loops":1,"Shared Hit Blocks":0,"Shared Read Blocks":0,"Shared Dirtied Blocks":0,"Shared Written Blocks":0,"Local Hit Blocks":0,"Local Read Blocks":0,"Local Dirtied Blocks":0,"Local Written Blocks":0,"Temp Read Blocks":0,"Temp Written Blocks":0,"I/O Read Time":0.0,"I/O Write Time":0.0,"Temp I/O Read Time":0.0,"Temp I/O Write Time":0.0,"Subplans Removed":0,"Plans":[{"Node Type":"Custom Scan","Parent Relationship":"Member","Custom Plan Provider":"columnar scan","Parallel Aware":false,"Async Capable":false,"Relation Name":"order_line","Schema":"public","Alias":"order_line","Startup Cost":20.0,"Total Cost":230185.68,"Plan Rows":8369621,"Plan Width":22,"Actual Startup Time":12.731,"Actual Total Time":12.733,"Actual Rows":8570498,"Actual Loops":1,"Output":["order_line.ol_amount","order_line.ol_supply_w_id","order_line.ol_i_id","order_line.ol_w_id","order_line.ol_d_id","order_line.ol_o_id"],"Filter":"((order_line.ol_delivery_d <= '1997-01-01 20:10:02.27764'::timestamp without time zone) AND (order_line.ol_delivery_d >= '1995-01-02 20:10:02.27764'::timestamp without time zone))","Rows Removed by Filter":0,"Rows Removed by Columnar Filter":21427234,"Columnar cache search mode":"native","Shared Hit Blocks":0,"Shared Read Blocks":0,"Shared Dirtied Blocks":0,"Shared Written Blocks":0,"Local Hit Blocks":0,"Local Read Blocks":0,"Local Dirtied Blocks":0,"Local Written Blocks":0,"Temp Read Blocks":0,"Temp Written Blocks":0,"I/O Read Time":0.0,"I/O Write Time":0.0,"Temp I/O Read Time":0.0,"Temp I/O Write Time":0.0},{"Node Type":"Seq Scan","Parent Relationship":"Member","Parallel Aware":false,"Async Capable":false,"Relation Name":"order_line","Schema":"public","Alias":"order_line","Startup Cost":0.0,"Total Cost":4.9,"Plan Rows":17,"Plan Width":22,"Actual Startup Time":0.0,"Actual Total Time":0.0,"Actual Rows":0,"Actual Loops":0,"Output":["order_line.ol_amount","order_line.ol_supply_w_id","order_line.ol_i_id","order_line.ol_w_id","order_line.ol_d_id","order_line.ol_o_id"],"Filter":"((order_line.ol_delivery_d <= '1997-01-01 20:10:02.27764'::timestamp without time zone) AND (order_line.ol_delivery_d >= '1995-01-02 20:10:02.27764'::timestamp without time zone))","Rows Removed by Filter":0,"Shared Hit Blocks":0,"Shared Read Blocks":0,"Shared Dirtied Blocks":0,"Shared Written Blocks":0,"Local Hit Blocks":0,"Local Read Blocks":0,"Local Dirtied Blocks":0,"Local Written Blocks":0,"Temp Read Blocks":0,"Temp Written Blocks":0,"I/O Read Time":0.0,"I/O Write Time":0.0,"Temp I/O Read Time":0.0,"Temp I/O Write Time":0.0}]},{"Node Type":"Hash","Parent Relationship":"Inner","Parallel Aware":false,"Async Capable":false,"Startup Cost":195025.67,"Total Cost":195025.67,"Plan Rows":10000162,"Plan Width":6,"Actual Rows":10000000,"Actual Loops":1,"Output":["stock.s_w_id","stock.s_i_id"],"Shared Hit Blocks":0,"Shared Read Blocks":0,"Shared Dirtied Blocks":0,"Shared Written Blocks":0,"Local Hit Blocks":0,"Local Read Blocks":0,"Local Dirtied Blocks":0,"Local Written Blocks":0,"Temp Read Blocks":0,"Temp Written Blocks":0,"I/O Read Time":0.0,"I/O Write Time":0.0,"Temp I/O Read Time":0.0,"Temp I/O Write Time":0.0,"Plans":[{"Node Type":"Append","Parent Relationship":"Outer","Parallel Aware":false,"Async Capable":false,"Startup Cost":20.0,"Total Cost":195025.67,"Plan Rows":10000162,"Plan Width":6,"Actual Startup Time":0.208,"Actual Total Time":0.211,"Actual Rows":10000000,"Actual Loops":1,"Shared Hit Blocks":0,"Shared Read Blocks":0,"Shared Dirtied Blocks":0,"Shared Written Blocks":0,"Local Hit Blocks":0,"Local Read Blocks":0,"Local Dirtied Blocks":0,"Local Written Blocks":0,"Temp Read Blocks":0,"Temp Written Blocks":0,"I/O Read Time":0.0,"I/O Write Time":0.0,"Temp I/O Read Time":0.0,"Temp I/O Write Time":0.0,"Subplans Removed":0,"Plans":[{"Node Type":"Custom Scan","Parent Relationship":"Member","Custom Plan Provider":"columnar scan","Parallel Aware":false,"Async Capable":false,"Relation Name":"stock","Schema":"public","Alias":"stock","Startup Cost":20.0,"Total Cost":195020.05,"Plan Rows":10000000,"Plan Width":6,"Actual Startup Time":0.206,"Actual Total Time":0.208,"Actual Rows":10000000,"Actual Loops":1,"Output":["stock.s_w_id","stock.s_i_id"],"Rows Removed by Columnar Filter":0,"Columnar cache search mode":"native","Shared Hit Blocks":0,"Shared Read Blocks":0,"Shared Dirtied Blocks":0,"Shared Written Blocks":0,"Local Hit Blocks":0,"Local Read Blocks":0,"Local Dirtied Blocks":0,"Local Written Blocks":0,"Temp Read Blocks":0,"Temp Written Blocks":0,"I/O Read Time":0.0,"I/O Write Time":0.0,"Temp I/O Read Time":0.0,"Temp I/O Write Time":0.0},{"Node Type":"Seq Scan","Parent Relationship":"Member","Parallel Aware":false,"Async Capable":false,"Relation Name":"stock","Schema":"public","Alias":"stock","Startup Cost":0.0,"Total Cost":5.62,"Plan Rows":162,"Plan Width":6,"Actual Startup Time":0.0,"Actual Total Time":0.0,"Actual Rows":0,"Actual Loops":0,"Output":["stock.s_w_id","stock.s_i_id"],"Shared Hit Blocks":0,"Shared Read Blocks":0,"Shared Dirtied Blocks":0,"Shared Written Blocks":0,"Local Hit Blocks":0,"Local Read Blocks":0,"Local Dirtied Blocks":0,"Local Written Blocks":0,"Temp Read Blocks":0,"Temp Written Blocks":0,"I/O Read Time":0.0,"I/O Write Time":0.0,"Temp I/O Read Time":0.0,"Temp I/O Write Time":0.0}]}]}]},{"Node Type":"Hash","Parent Relationship":"Inner","Parallel Aware":false,"Async Capable":false,"Startup Cost":317.0,"Total Cost":317.0,"Plan Rows":10000,"Plan Width":8,"Actual Startup Time":2.494,"Actual Total Time":2.494,"Actual Rows":10000,"Actual Loops":1,"Output":["supplier.su_nationkey","supplier.su_suppkey"],"Hash Buckets":16384,"Original Hash Buckets":16384,"Hash Batches":1,"Original Hash Batches":1,"Peak Memory Usage":519,"Shared Hit Blocks":217,"Shared Read Blocks":0,"Shared Dirtied Blocks":0,"Shared Written Blocks":0,"Local Hit Blocks":0,"Local Read Blocks":0,"Local Dirtied Blocks":0,"Local Written Blocks":0,"Temp Read Blocks":0,"Temp Written Blocks":0,"I/O Read Time":0.0,"I/O Write Time":0.0,"Temp I/O Read Time":0.0,"Temp I/O Write Time":0.0,"Plans":[{"Node Type":"Seq Scan","Parent Relationship":"Outer","Parallel Aware":false,"Async Capable":false,"Relation Name":"supplier","Schema":"public","Alias":"supplier","Startup Cost":0.0,"Total Cost":317.0,"Plan Rows":10000,"Plan Width":8,"Actual Startup Time":0.014,"Actual Total Time":1.27,"Actual Rows":10000,"Actual Loops":1,"Output":["supplier.su_nationkey","supplier.su_suppkey"],"Shared Hit Blocks":217,"Shared Read Blocks":0,"Shared Dirtied Blocks":0,"Shared Written Blocks":0,"Local Hit Blocks":0,"Local Read Blocks":0,"Local Dirtied Blocks":0,"Local Written Blocks":0,"Temp Read Blocks":0,"Temp Written Blocks":0,"I/O Read Time":0.0,"I/O Write Time":0.0,"Temp I/O Read Time":0.0,"Temp I/O Write Time":0.0}]}]},{"Node Type":"Hash","Parent Relationship":"Inner","Parallel Aware":false,"Async Capable":false,"Startup Cost":1.93,"Total Cost":1.93,"Plan Rows":2,"Plan Width":12,"Actual Startup Time":0.023,"Actual Total Time":0.024,"Actual Rows":2,"Actual Loops":1,"Output":["n1.n_nationkey","n1.n_name"],"Hash Buckets":1024,"Original Hash Buckets":1024,"Hash Batches":1,"Original Hash Batches":1,"Peak Memory Usage":9,"Shared Hit Blocks":1,"Shared Read Blocks":0,"Shared Dirtied Blocks":0,"Shared Written Blocks":0,"Local Hit Blocks":0,"Local Read Blocks":0,"Local Dirtied Blocks":0,"Local Written Blocks":0,"Temp Read Blocks":0,"Temp Written Blocks":0,"I/O Read Time":0.0,"I/O Write Time":0.0,"Temp I/O Read Time":0.0,"Temp I/O Write Time":0.0,"Plans":[{"Node Type":"Seq Scan","Parent Relationship":"Outer","Parallel Aware":false,"Async Capable":false,"Relation Name":"nation","Schema":"public","Alias":"n1","Startup Cost":0.0,"Total Cost":1.93,"Plan Rows":2,"Plan Width":12,"Actual Startup Time":0.014,"Actual Total Time":0.019,"Actual Rows":2,"Actual Loops":1,"Output":["n1.n_nationkey","n1.n_name"],"Filter":"(((n1.n_name)::text = 'Germany'::text) OR ((n1.n_name)::text = 'Cambodia'::text))","Rows Removed by Filter":60,"Shared Hit Blocks":1,"Shared Read Blocks":0,"Shared Dirtied Blocks":0,"Shared Written Blocks":0,"Local Hit Blocks":0,"Local Read Blocks":0,"Local Dirtied Blocks":0,"Local Written Blocks":0,"Temp Read Blocks":0,"Temp Written Blocks":0,"I/O Read Time":0.0,"I/O Write Time":0.0,"Temp I/O Read Time":0.0,"Temp I/O Write Time":0.0}]}]},{"Node Type":"Hash","Parent Relationship":"Inner","Parallel Aware":false,"Async Capable":false,"Startup Cost":59559.0,"Total Cost":59559.0,"Plan Rows":2998176,"Plan Width":24,"Actual Startup Time":904.746,"Actual Total Time":904.746,"Actual Rows":2997892,"Actual Loops":1,"Output":["orders.o_entry_d","orders.o_w_id","orders.o_d_id","orders.o_id","orders.o_c_id"],"Hash Buckets":131072,"Original Hash Buckets":131072,"Hash Batches":32,"Original Hash Batches":32,"Peak Memory Usage":6539,"Shared Hit Blocks":22059,"Shared Read Blocks":0,"Shared Dirtied Blocks":0,"Shared Written Blocks":0,"Local Hit Blocks":0,"Local Read Blocks":0,"Local Dirtied Blocks":0,"Local Written Blocks":0,"Temp Read Blocks":0,"Temp Written Blocks":16995,"I/O Read Time":0.0,"I/O Write Time":0.0,"Temp I/O Read Time":0.0,"Temp I/O Write Time":77.811,"Plans":[{"Node Type":"Seq Scan","Parent Relationship":"Outer","Parallel Aware":false,"Async Capable":false,"Relation Name":"orders","Schema":"public","Alias":"orders","Startup Cost":0.0,"Total Cost":59559.0,"Plan Rows":2998176,"Plan Width":24,"Actual Startup Time":0.028,"Actual Total Time":366.802,"Actual Rows":2997892,"Actual Loops":1,"Output":["orders.o_entry_d","orders.o_w_id","orders.o_d_id","orders.o_id","orders.o_c_id"],"Filter":"(orders.o_entry_d >= '1992-01-02 20:10:02.27764'::timestamp without time zone)","Rows Removed by Filter":2108,"Shared Hit Blocks":22059,"Shared Read Blocks":0,"Shared Dirtied Blocks":0,"Shared Written Blocks":0,"Local Hit Blocks":0,"Local Read Blocks":0,"Local Dirtied Blocks":0,"Local Written Blocks":0,"Temp Read Blocks":0,"Temp Written Blocks":0,"I/O Read Time":0.0,"I/O Write Time":0.0,"Temp I/O Read Time":0.0,"Temp I/O Write Time":0.0}]}]}]},{"Node Type":"Materialize","Parent Relationship":"Inner","Parallel Aware":false,"Async Capable":false,"Startup Cost":278013.7,"Total Cost":278497.53,"Plan Rows":96766,"Plan Width":20,"Actual Startup Time":866.649,"Actual Total Time":899.253,"Actual Rows":146547,"Actual Loops":1,"Output":["customer.c_nationkey","customer.c_id","customer.c_w_id","customer.c_d_id","n2.n_name"],"Shared Hit Blocks":229605,"Shared Read Blocks":0,"Shared Dirtied Blocks":0,"Shared Written Blocks":0,"Local Hit Blocks":0,"Local Read Blocks":0,"Local Dirtied Blocks":0,"Local Written Blocks":0,"Temp Read Blocks":545,"Temp Written Blocks":548,"I/O Read Time":0.0,"I/O Write Time":0.0,"Temp I/O Read Time":0.811,"Temp I/O Write Time":2.248,"Plans":[{"Node Type":"Sort","Parent Relationship":"Outer","Parallel Aware":false,"Async Capable":false,"Startup Cost":278013.7,"Total Cost":278255.62,"Plan Rows":96766,"Plan Width":20,"Actual Startup Time":866.643,"Actual Total Time":883.518,"Actual Rows":144982,"Actual Loops":1,"Output":["customer.c_nationkey","customer.c_id","customer.c_w_id","customer.c_d_id","n2.n_name"],"Sort Key":["customer.c_id","customer.c_w_id","customer.c_d_id"],"Sort Method":"external merge","Sort Space Used":4360,"Sort Space Type":"Disk","Shared Hit Blocks":229605,"Shared Read Blocks":0,"Shared Dirtied Blocks":0,"Shared Written Blocks":0,"Local Hit Blocks":0,"Local Read Blocks":0,"Local Dirtied Blocks":0,"Local Written Blocks":0,"Temp Read Blocks":545,"Temp Written Blocks":548,"I/O Read Time":0.0,"I/O Write Time":0.0,"Temp I/O Read Time":0.811,"Temp I/O Write Time":2.248,"Plans":[{"Node Type":"Hash Join","Parent Relationship":"Outer","Parallel Aware":false,"Async Capable":false,"Join Type":"Inner","Startup Cost":1.95,"Total Cost":268015.91,"Plan Rows":96766,"Plan Width":20,"Actual Startup Time":0.096,"Actual Total Time":811.424,"Actual Rows":144986,"Actual Loops":1,"Output":["customer.c_nationkey","customer.c_id","customer.c_w_id","customer.c_d_id","n2.n_name"],"Hash Cond":"(customer.c_nationkey = n2.n_nationkey)","Shared Hit Blocks":229605,"Shared Read Blocks":0,"Shared Dirtied Blocks":0,"Shared Written Blocks":0,"Local Hit Blocks":0,"Local Read Blocks":0,"Local Dirtied Blocks":0,"Local Written Blocks":0,"Temp Read Blocks":0,"Temp Written Blocks":0,"I/O Read Time":0.0,"I/O Write Time":0.0,"Temp I/O Read Time":0.0,"Temp I/O Write Time":0.0,"Plans":[{"Node Type":"Seq Scan","Parent Relationship":"Outer","Parallel Aware":false,"Async Capable":false,"Relation Name":"customer","Schema":"public","Alias":"customer","Startup Cost":0.0,"Total Cost":259601.38,"Plan Rows":2999738,"Plan Width":12,"Actual Startup Time":0.024,"Actual Total Time":353.549,"Actual Rows":3000000,"Actual Loops":1,"Output":["customer.c_id","customer.c_d_id","customer.c_w_id","customer.c_nationkey","customer.c_first","customer.c_middle","customer.c_last","customer.c_street_1","customer.c_street_2","customer.c_city","customer.c_state","customer.c_zip","customer.c_phone","customer.c_since","customer.c_credit","customer.c_credit_lim","customer.c_discount","customer.c_balance","customer.c_ytd_payment","customer.c_payment_cnt","customer.c_delivery_cnt","customer.c_data"],"Shared Hit Blocks":229604,"Shared Read Blocks":0,"Shared Dirtied Blocks":0,"Shared Written Blocks":0,"Local Hit Blocks":0,"Local Read Blocks":0,"Local Dirtied Blocks":0,"Local Written Blocks":0,"Temp Read Blocks":0,"Temp Written Blocks":0,"I/O Read Time":0.0,"I/O Write Time":0.0,"Temp I/O Read Time":0.0,"Temp I/O Write Time":0.0},{"Node Type":"Hash","Parent Relationship":"Inner","Parallel Aware":false,"Async Capable":false,"Startup Cost":1.93,"Total Cost":1.93,"Plan Rows":2,"Plan Width":12,"Actual Startup Time":0.024,"Actual Total Time":0.024,"Actual Rows":2,"Actual Loops":1,"Output":["n2.n_nationkey","n2.n_name"],"Hash Buckets":1024,"Original Hash Buckets":1024,"Hash Batches":1,"Original Hash Batches":1,"Peak Memory Usage":9,"Shared Hit Blocks":1,"Shared Read Blocks":0,"Shared Dirtied Blocks":0,"Shared Written Blocks":0,"Local Hit Blocks":0,"Local Read Blocks":0,"Local Dirtied Blocks":0,"Local Written Blocks":0,"Temp Read Blocks":0,"Temp Written Blocks":0,"I/O Read Time":0.0,"I/O Write Time":0.0,"Temp I/O Read Time":0.0,"Temp I/O Write Time":0.0,"Plans":[{"Node Type":"Seq Scan","Parent Relationship":"Outer","Parallel Aware":false,"Async Capable":false,"Relation Name":"nation","Schema":"public","Alias":"n2","Startup Cost":0.0,"Total Cost":1.93,"Plan Rows":2,"Plan Width":12,"Actual Startup Time":0.015,"Actual Total Time":0.019,"Actual Rows":2,"Actual Loops":1,"Output":["n2.n_nationkey","n2.n_name"],"Filter":"(((n2.n_name)::text = 'Cambodia'::text) OR ((n2.n_name)::text = 'Germany'::text))","Rows Removed by Filter":60,"Shared Hit Blocks":1,"Shared Read Blocks":0,"Shared Dirtied Blocks":0,"Shared Written Blocks":0,"Local Hit Blocks":0,"Local Read Blocks":0,"Local Dirtied Blocks":0,"Local Written Blocks":0,"Temp Read Blocks":0,"Temp Written Blocks":0,"I/O Read Time":0.0,"I/O Write Time":0.0,"Temp I/O Read Time":0.0,"Temp I/O Write Time":0.0}]}]}]}]}]}]}]},"Planning":{"Shared Hit Blocks":12,"Shared Read Blocks":0,"Shared Dirtied Blocks":0,"Shared Written Blocks":0,"Local Hit Blocks":0,"Local Read Blocks":0,"Local Dirtied Blocks":0,"Local Written Blocks":0,"Temp Read Blocks":0,"Temp Written Blocks":0,"I/O Read Time":0.0,"I/O Write Time":0.0,"Temp I/O Read Time":0.0,"Temp I/O Write Time":0.0},"Planning Time":3.156,"Triggers":[],"Execution Time":7286.868}]
[列存组合]: order_line, supplier
[{"Plan":{"Node Type":"Aggregate","Strategy":"Sorted","Partial Mode":"Simple","Parallel Aware":false,"Async Capable":false,"Startup Cost":1920153.45,"Total Cost":1920275.05,"Plan Rows":4422,"Plan Width":72,"Actual Startup Time":15565.295,"Actual Total Time":15566.58,"Actual Rows":6,"Actual Loops":1,"Output":["supplier.su_nationkey","customer.c_nationkey","(EXTRACT(year FROM orders.o_entry_d))","sum(order_line.ol_amount)"],"Group Key":["supplier.su_nationkey","customer.c_nationkey","(EXTRACT(year FROM orders.o_entry_d))"],"Shared Hit Blocks":279003,"Shared Read Blocks":0,"Shared Dirtied Blocks":0,"Shared Written Blocks":0,"Local Hit Blocks":0,"Local Read Blocks":0,"Local Dirtied Blocks":0,"Local Written Blocks":0,"Temp Read Blocks":103732,"Temp Written Blocks":103741,"I/O Read Time":0.0,"I/O Write Time":0.0,"Temp I/O Read Time":172.409,"Temp I/O Write Time":472.591,"Plans":[{"Node Type":"Sort","Parent Relationship":"Outer","Parallel Aware":false,"Async Capable":false,"Startup Cost":1920153.45,"Total Cost":1920164.5,"Plan Rows":4422,"Plan Width":44,"Actual Startup Time":15565.236,"Actual Total Time":15565.511,"Actual Rows":6043,"Actual Loops":1,"Output":["supplier.su_nationkey","customer.c_nationkey","(EXTRACT(year FROM orders.o_entry_d))","order_line.ol_amount"],"Sort Key":["supplier.su_nationkey","customer.c_nationkey","(EXTRACT(year FROM orders.o_entry_d))"],"Sort Method":"quicksort","Sort Space Used":523,"Sort Space Type":"Memory","Shared Hit Blocks":279003,"Shared Read Blocks":0,"Shared Dirtied Blocks":0,"Shared Written Blocks":0,"Local Hit Blocks":0,"Local Read Blocks":0,"Local Dirtied Blocks":0,"Local Written Blocks":0,"Temp Read Blocks":103732,"Temp Written Blocks":103741,"I/O Read Time":0.0,"I/O Write Time":0.0,"Temp I/O Read Time":172.409,"Temp I/O Write Time":472.591,"Plans":[{"Node Type":"Merge Join","Parent Relationship":"Outer","Parallel Aware":false,"Async Capable":false,"Join Type":"Inner","Startup Cost":1915793.3,"Total Cost":1919885.68,"Plan Rows":4422,"Plan Width":44,"Actual Startup Time":15412.172,"Actual Total Time":15563.799,"Actual Rows":6043,"Actual Loops":1,"Output":["supplier.su_nationkey","customer.c_nationkey","EXTRACT(year FROM orders.o_entry_d)","order_line.ol_amount"],"Inner Unique":false,"Merge Cond":"((orders.o_c_id = customer.c_id) AND (order_line.ol_w_id = customer.c_w_id) AND (order_line.ol_d_id = customer.c_d_id))","Join Filter":"((((n1.n_name)::text = 'Germany'::text) AND ((n2.n_name)::text = 'Cambodia'::text)) OR (((n1.n_name)::text = 'Cambodia'::text) AND ((n2.n_name)::text = 'Germany'::text)))","Rows Removed by Join Filter":5752,"Shared Hit Blocks":279003,"Shared Read Blocks":0,"Shared Dirtied Blocks":0,"Shared Written Blocks":0,"Local Hit Blocks":0,"Local Read Blocks":0,"Local Dirtied Blocks":0,"Local Written Blocks":0,"Temp Read Blocks":103732,"Temp Written Blocks":103741,"I/O Read Time":0.0,"I/O Write Time":0.0,"Temp I/O Read Time":172.409,"Temp I/O Write Time":472.591,"Plans":[{"Node Type":"Sort","Parent Relationship":"Outer","Parallel Aware":false,"Async Capable":false,"Startup Cost":1637779.5,"Total Cost":1638454.06,"Plan Rows":269824,"Plan Width":36,"Actual Startup Time":14545.495,"Actual Total Time":14616.483,"Actual Rows":242214,"Actual Loops":1,"Output":["supplier.su_nationkey","order_line.ol_amount","order_line.ol_w_id","order_line.ol_d_id","orders.o_entry_d","orders.o_w_id","orders.o_d_id","orders.o_c_id","n1.n_name"],"Sort Key":["orders.o_c_id","order_line.ol_w_id","order_line.ol_d_id"],"Sort Method":"external merge","Sort Space Used":11984,"Sort Space Type":"Disk","Shared Hit Blocks":49398,"Shared Read Blocks":0,"Shared Dirtied Blocks":0,"Shared Written Blocks":0,"Local Hit Blocks":0,"Local Read Blocks":0,"Local Dirtied Blocks":0,"Local Written Blocks":0,"Temp Read Blocks":103187,"Temp Written Blocks":103193,"I/O Read Time":0.0,"I/O Write Time":0.0,"Temp I/O Read Time":171.61,"Temp I/O Write Time":470.458,"Plans":[{"Node Type":"Hash Join","Parent Relationship":"Outer","Parallel Aware":false,"Async Capable":false,"Join Type":"Inner","Startup Cost":578718.35,"Total Cost":1606061.13,"Plan Rows":269824,"Plan Width":36,"Actual Startup Time":2993.642,"Actual Total Time":14417.618,"Actual Rows":242214,"Actual Loops":1,"Output":["supplier.su_nationkey","order_line.ol_amount","order_line.ol_w_id","order_line.ol_d_id","orders.o_entry_d","orders.o_w_id","orders.o_d_id","orders.o_c_id","n1.n_name"],"Inner Unique":true,"Hash Cond":"((order_line.ol_w_id = orders.o_w_id) AND (order_line.ol_d_id = orders.o_d_id) AND (order_line.ol_o_id = orders.o_id))","Shared Hit Blocks":49398,"Shared Read Blocks":0,"Shared Dirtied Blocks":0,"Shared Written Blocks":0,"Local Hit Blocks":0,"Local Read Blocks":0,"Local Dirtied Blocks":0,"Local Written Blocks":0,"Temp Read Blocks":101689,"Temp Written Blocks":101689,"I/O Read Time":0.0,"I/O Write Time":0.0,"Temp I/O Read Time":169.381,"Temp I/O Write Time":464.922,"Plans":[{"Node Type":"Hash Join","Parent Relationship":"Outer","Parallel Aware":false,"Async Capable":false,"Join Type":"Inner","Startup Cost":449123.27,"Total Cost":1453079.9,"Plan Rows":269988,"Plan Width":28,"Actual Startup Time":2088.488,"Actual Total Time":13170.062,"Actual Rows":242214,"Actual Loops":1,"Output":["supplier.su_nationkey","order_line.ol_amount","order_line.ol_w_id","order_line.ol_d_id","order_line.ol_o_id","n1.n_name"],"Inner Unique":true,"Hash Cond":"(supplier.su_nationkey = n1.n_nationkey)","Shared Hit Blocks":27339,"Shared Read Blocks":0,"Shared Dirtied Blocks":0,"Shared Written Blocks":0,"Local Hit Blocks":0,"Local Read Blocks":0,"Local Dirtied Blocks":0,"Local Written Blocks":0,"Temp Read Blocks":83145,"Temp Written Blocks":83145,"I/O Read Time":0.0,"I/O Write Time":0.0,"Temp I/O Read Time":140.013,"Temp I/O Write Time":381.268,"Plans":[{"Node Type":"Hash Join","Parent Relationship":"Outer","Parallel Aware":false,"Async Capable":false,"Join Type":"Inner","Startup Cost":449121.32,"Total Cost":1429605.83,"Plan Rows":8369638,"Plan Width":20,"Actual Startup Time":2086.408,"Actual Total Time":12538.422,"Actual Rows":8570498,"Actual Loops":1,"Output":["supplier.su_nationkey","order_line.ol_amount","order_line.ol_w_id","order_line.ol_d_id","order_line.ol_o_id"],"Inner Unique":true,"Hash Cond":"(mod((stock.s_w_id * stock.s_i_id), 10000) = supplier.su_suppkey)","Shared Hit Blocks":27338,"Shared Read Blocks":0,"Shared Dirtied Blocks":0,"Shared Written Blocks":0,"Local Hit Blocks":0,"Local Read Blocks":0,"Local Dirtied Blocks":0,"Local Written Blocks":0,"Temp Read Blocks":83145,"Temp Written Blocks":83145,"I/O Read Time":0.0,"I/O Write Time":0.0,"Temp I/O Read Time":140.013,"Temp I/O Write Time":381.268,"Plans":[{"Node Type":"Hash Join","Parent Relationship":"Outer","Parallel Aware":false,"Async Capable":false,"Join Type":"Inner","Startup Cost":448777.29,"Total Cost":1405187.91,"Plan Rows":8369638,"Plan Width":22,"Actual Startup Time":2083.301,"Actual Total Time":10766.895,"Actual Rows":8570498,"Actual Loops":1,"Output":["stock.s_w_id","stock.s_i_id","order_line.ol_amount","order_line.ol_w_id","order_line.ol_d_id","order_line.ol_o_id"],"Inner Unique":true,"Hash Cond":"((order_line.ol_supply_w_id = stock.s_w_id) AND (order_line.ol_i_id = stock.s_i_id))","Shared Hit Blocks":27338,"Shared Read Blocks":0,"Shared Dirtied Blocks":0,"Shared Written Blocks":0,"Local Hit Blocks":0,"Local Read Blocks":0,"Local Dirtied Blocks":0,"Local Written Blocks":0,"Temp Read Blocks":83145,"Temp Written Blocks":83145,"I/O Read Time":0.0,"I/O Write Time":0.0,"Temp I/O Read Time":140.013,"Temp I/O Write Time":381.268,"Plans":[{"Node Type":"Append","Parent Relationship":"Outer","Parallel Aware":false,"Async Capable":false,"Startup Cost":20.0,"Total Cost":775344.0,"Plan Rows":8369638,"Plan Width":22,"Actual Startup Time":0.172,"Actual Total Time":1661.828,"Actual Rows":8570498,"Actual Loops":1,"Shared Hit Blocks":0,"Shared Read Blocks":0,"Shared Dirtied Blocks":0,"Shared Written Blocks":0,"Local Hit Blocks":0,"Local Read Blocks":0,"Local Dirtied Blocks":0,"Local Written Blocks":0,"Temp Read Blocks":0,"Temp Written Blocks":0,"I/O Read Time":0.0,"I/O Write Time":0.0,"Temp I/O Read Time":0.0,"Temp I/O Write Time":0.0,"Subplans Removed":0,"Plans":[{"Node Type":"Custom Scan","Parent Relationship":"Member","Custom Plan Provider":"columnar scan","Parallel Aware":false,"Async Capable":false,"Relation Name":"order_line","Schema":"public","Alias":"order_line","Startup Cost":20.0,"Total Cost":230185.68,"Plan Rows":8369621,"Plan Width":22,"Actual Startup Time":0.172,"Actual Total Time":1050.22,"Actual Rows":8570498,"Actual Loops":1,"Output":["order_line.ol_amount","order_line.ol_supply_w_id","order_line.ol_i_id","order_line.ol_w_id","order_line.ol_d_id","order_line.ol_o_id"],"Filter":"((order_line.ol_delivery_d <= '1997-01-01 20:10:02.27764'::timestamp without time zone) AND (order_line.ol_delivery_d >= '1995-01-02 20:10:02.27764'::timestamp without time zone))","Rows Removed by Filter":0,"Rows Removed by Columnar Filter":21427234,"Columnar projection mode":"late materialization","Columnar cache search mode":"native","Shared Hit Blocks":0,"Shared Read Blocks":0,"Shared Dirtied Blocks":0,"Shared Written Blocks":0,"Local Hit Blocks":0,"Local Read Blocks":0,"Local Dirtied Blocks":0,"Local Written Blocks":0,"Temp Read Blocks":0,"Temp Written Blocks":0,"I/O Read Time":0.0,"I/O Write Time":0.0,"Temp I/O Read Time":0.0,"Temp I/O Write Time":0.0},{"Node Type":"Seq Scan","Parent Relationship":"Member","Parallel Aware":false,"Async Capable":false,"Relation Name":"order_line","Schema":"public","Alias":"order_line","Startup Cost":0.0,"Total Cost":4.9,"Plan Rows":17,"Plan Width":22,"Actual Startup Time":0.0,"Actual Total Time":0.0,"Actual Rows":0,"Actual Loops":0,"Output":["order_line.ol_amount","order_line.ol_supply_w_id","order_line.ol_i_id","order_line.ol_w_id","order_line.ol_d_id","order_line.ol_o_id"],"Filter":"((order_line.ol_delivery_d <= '1997-01-01 20:10:02.27764'::timestamp without time zone) AND (order_line.ol_delivery_d >= '1995-01-02 20:10:02.27764'::timestamp without time zone))","Rows Removed by Filter":0,"Shared Hit Blocks":0,"Shared Read Blocks":0,"Shared Dirtied Blocks":0,"Shared Written Blocks":0,"Local Hit Blocks":0,"Local Read Blocks":0,"Local Dirtied Blocks":0,"Local Written Blocks":0,"Temp Read Blocks":0,"Temp Written Blocks":0,"I/O Read Time":0.0,"I/O Write Time":0.0,"Temp I/O Read Time":0.0,"Temp I/O Write Time":0.0}]},{"Node Type":"Hash","Parent Relationship":"Inner","Parallel Aware":false,"Async Capable":false,"Startup Cost":259690.86,"Total Cost":259690.86,"Plan Rows":10000162,"Plan Width":6,"Actual Startup Time":2081.795,"Actual Total Time":2081.798,"Actual Rows":10000000,"Actual Loops":1,"Output":["stock.s_w_id","stock.s_i_id"],"Hash Buckets":262144,"Original Hash Buckets":262144,"Hash Batches":64,"Original Hash Batches":64,"Peak Memory Usage":8133,"Shared Hit Blocks":27338,"Shared Read Blocks":0,"Shared Dirtied Blocks":0,"Shared Written Blocks":0,"Local Hit Blocks":0,"Local Read Blocks":0,"Local Dirtied Blocks":0,"Local Written Blocks":0,"Temp Read Blocks":0,"Temp Written Blocks":33616,"I/O Read Time":0.0,"I/O Write Time":0.0,"Temp I/O Read Time":0.0,"Temp I/O Write Time":151.421,"Plans":[{"Node Type":"Index Only Scan","Parent Relationship":"Outer","Parallel Aware":false,"Async Capable":false,"Scan Direction":"Forward","Index Name":"stock_pk","Relation Name":"stock","Schema":"public","Alias":"stock","Startup Cost":0.43,"Total Cost":259690.86,"Plan Rows":10000162,"Plan Width":6,"Actual Startup Time":0.025,"Actual Total Time":727.889,"Actual Rows":10000000,"Actual Loops":1,"Output":["stock.s_w_id","stock.s_i_id"],"Heap Fetches":0,"Shared Hit Blocks":27338,"Shared Read Blocks":0,"Shared Dirtied Blocks":0,"Shared Written Blocks":0,"Local Hit Blocks":0,"Local Read Blocks":0,"Local Dirtied Blocks":0,"Local Written Blocks":0,"Temp Read Blocks":0,"Temp Written Blocks":0,"I/O Read Time":0.0,"I/O Write Time":0.0,"Temp I/O Read Time":0.0,"Temp I/O Write Time":0.0}]}]},{"Node Type":"Hash","Parent Relationship":"Inner","Parallel Aware":false,"Async Capable":false,"Startup Cost":219.01,"Total Cost":219.01,"Plan Rows":10001,"Plan Width":8,"Actual Startup Time":3.057,"Actual Total Time":3.06,"Actual Rows":10000,"Actual Loops":1,"Output":["supplier.su_nationkey","supplier.su_suppkey"],"Hash Buckets":16384,"Original Hash Buckets":16384,"Hash Batches":1,"Original Hash Batches":1,"Peak Memory Usage":519,"Shared Hit Blocks":0,"Shared Read Blocks":0,"Shared Dirtied Blocks":0,"Shared Written Blocks":0,"Local Hit Blocks":0,"Local Read Blocks":0,"Local Dirtied Blocks":0,"Local Written Blocks":0,"Temp Read Blocks":0,"Temp Written Blocks":0,"I/O Read Time":0.0,"I/O Write Time":0.0,"Temp I/O Read Time":0.0,"Temp I/O Write Time":0.0,"Plans":[{"Node Type":"Append","Parent Relationship":"Outer","Parallel Aware":false,"Async Capable":false,"Startup Cost":20.0,"Total Cost":219.01,"Plan Rows":10001,"Plan Width":8,"Actual Startup Time":0.024,"Actual Total Time":1.847,"Actual Rows":10000,"Actual Loops":1,"Shared Hit Blocks":0,"Shared Read Blocks":0,"Shared Dirtied Blocks":0,"Shared Written Blocks":0,"Local Hit Blocks":0,"Local Read Blocks":0,"Local Dirtied Blocks":0,"Local Written Blocks":0,"Temp Read Blocks":0,"Temp Written Blocks":0,"I/O Read Time":0.0,"I/O Write Time":0.0,"Temp I/O Read Time":0.0,"Temp I/O Write Time":0.0,"Subplans Removed":0,"Plans":[{"Node Type":"Custom Scan","Parent Relationship":"Member","Custom Plan Provider":"columnar scan","Parallel Aware":false,"Async Capable":false,"Relation Name":"supplier","Schema":"public","Alias":"supplier","Startup Cost":20.0,"Total Cost":215.0,"Plan Rows":10000,"Plan Width":8,"Actual Startup Time":0.023,"Actual Total Time":1.117,"Actual Rows":10000,"Actual Loops":1,"Output":["supplier.su_nationkey","supplier.su_suppkey"],"Rows Removed by Columnar Filter":0,"Columnar cache search mode":"native","Shared Hit Blocks":0,"Shared Read Blocks":0,"Shared Dirtied Blocks":0,"Shared Written Blocks":0,"Local Hit Blocks":0,"Local Read Blocks":0,"Local Dirtied Blocks":0,"Local Written Blocks":0,"Temp Read Blocks":0,"Temp Written Blocks":0,"I/O Read Time":0.0,"I/O Write Time":0.0,"Temp I/O Read Time":0.0,"Temp I/O Write Time":0.0},{"Node Type":"Seq Scan","Parent Relationship":"Member","Parallel Aware":false,"Async Capable":false,"Relation Name":"supplier","Schema":"public","Alias":"supplier","Startup Cost":0.0,"Total Cost":4.01,"Plan Rows":1,"Plan Width":8,"Actual Startup Time":0.0,"Actual Total Time":0.0,"Actual Rows":0,"Actual Loops":0,"Output":["supplier.su_nationkey","supplier.su_suppkey"],"Shared Hit Blocks":0,"Shared Read Blocks":0,"Shared Dirtied Blocks":0,"Shared Written Blocks":0,"Local Hit Blocks":0,"Local Read Blocks":0,"Local Dirtied Blocks":0,"Local Written Blocks":0,"Temp Read Blocks":0,"Temp Written Blocks":0,"I/O Read Time":0.0,"I/O Write Time":0.0,"Temp I/O Read Time":0.0,"Temp I/O Write Time":0.0}]}]}]},{"Node Type":"Hash","Parent Relationship":"Inner","Parallel Aware":false,"Async Capable":false,"Startup Cost":1.93,"Total Cost":1.93,"Plan Rows":2,"Plan Width":12,"Actual Startup Time":0.022,"Actual Total Time":0.023,"Actual Rows":2,"Actual Loops":1,"Output":["n1.n_nationkey","n1.n_name"],"Hash Buckets":1024,"Original Hash Buckets":1024,"Hash Batches":1,"Original Hash Batches":1,"Peak Memory Usage":9,"Shared Hit Blocks":1,"Shared Read Blocks":0,"Shared Dirtied Blocks":0,"Shared Written Blocks":0,"Local Hit Blocks":0,"Local Read Blocks":0,"Local Dirtied Blocks":0,"Local Written Blocks":0,"Temp Read Blocks":0,"Temp Written Blocks":0,"I/O Read Time":0.0,"I/O Write Time":0.0,"Temp I/O Read Time":0.0,"Temp I/O Write Time":0.0,"Plans":[{"Node Type":"Seq Scan","Parent Relationship":"Outer","Parallel Aware":false,"Async Capable":false,"Relation Name":"nation","Schema":"public","Alias":"n1","Startup Cost":0.0,"Total Cost":1.93,"Plan Rows":2,"Plan Width":12,"Actual Startup Time":0.014,"Actual Total Time":0.019,"Actual Rows":2,"Actual Loops":1,"Output":["n1.n_nationkey","n1.n_name"],"Filter":"(((n1.n_name)::text = 'Germany'::text) OR ((n1.n_name)::text = 'Cambodia'::text))","Rows Removed by Filter":60,"Shared Hit Blocks":1,"Shared Read Blocks":0,"Shared Dirtied Blocks":0,"Shared Written Blocks":0,"Local Hit Blocks":0,"Local Read Blocks":0,"Local Dirtied Blocks":0,"Local Written Blocks":0,"Temp Read Blocks":0,"Temp Written Blocks":0,"I/O Read Time":0.0,"I/O Write Time":0.0,"Temp I/O Read Time":0.0,"Temp I/O Write Time":0.0}]}]},{"Node Type":"Hash","Parent Relationship":"Inner","Parallel Aware":false,"Async Capable":false,"Startup Cost":59559.0,"Total Cost":59559.0,"Plan Rows":2998176,"Plan Width":24,"Actual Startup Time":897.317,"Actual Total Time":897.319,"Actual Rows":2997892,"Actual Loops":1,"Output":["orders.o_entry_d","orders.o_w_id","orders.o_d_id","orders.o_id","orders.o_c_id"],"Hash Buckets":131072,"Original Hash Buckets":131072,"Hash Batches":32,"Original Hash Batches":32,"Peak Memory Usage":6539,"Shared Hit Blocks":22059,"Shared Read Blocks":0,"Shared Dirtied Blocks":0,"Shared Written Blocks":0,"Local Hit Blocks":0,"Local Read Blocks":0,"Local Dirtied Blocks":0,"Local Written Blocks":0,"Temp Read Blocks":0,"Temp Written Blocks":16995,"I/O Read Time":0.0,"I/O Write Time":0.0,"Temp I/O Read Time":0.0,"Temp I/O Write Time":72.812,"Plans":[{"Node Type":"Seq Scan","Parent Relationship":"Outer","Parallel Aware":false,"Async Capable":false,"Relation Name":"orders","Schema":"public","Alias":"orders","Startup Cost":0.0,"Total Cost":59559.0,"Plan Rows":2998176,"Plan Width":24,"Actual Startup Time":0.013,"Actual Total Time":365.006,"Actual Rows":2997892,"Actual Loops":1,"Output":["orders.o_entry_d","orders.o_w_id","orders.o_d_id","orders.o_id","orders.o_c_id"],"Filter":"(orders.o_entry_d >= '1992-01-02 20:10:02.27764'::timestamp without time zone)","Rows Removed by Filter":2108,"Shared Hit Blocks":22059,"Shared Read Blocks":0,"Shared Dirtied Blocks":0,"Shared Written Blocks":0,"Local Hit Blocks":0,"Local Read Blocks":0,"Local Dirtied Blocks":0,"Local Written Blocks":0,"Temp Read Blocks":0,"Temp Written Blocks":0,"I/O Read Time":0.0,"I/O Write Time":0.0,"Temp I/O Read Time":0.0,"Temp I/O Write Time":0.0}]}]}]},{"Node Type":"Materialize","Parent Relationship":"Inner","Parallel Aware":false,"Async Capable":false,"Startup Cost":278013.7,"Total Cost":278497.53,"Plan Rows":96766,"Plan Width":20,"Actual Startup Time":866.636,"Actual Total Time":899.446,"Actual Rows":146547,"Actual Loops":1,"Output":["customer.c_nationkey","customer.c_id","customer.c_w_id","customer.c_d_id","n2.n_name"],"Shared Hit Blocks":229605,"Shared Read Blocks":0,"Shared Dirtied Blocks":0,"Shared Written Blocks":0,"Local Hit Blocks":0,"Local Read Blocks":0,"Local Dirtied Blocks":0,"Local Written Blocks":0,"Temp Read Blocks":545,"Temp Written Blocks":548,"I/O Read Time":0.0,"I/O Write Time":0.0,"Temp I/O Read Time":0.799,"Temp I/O Write Time":2.133,"Plans":[{"Node Type":"Sort","Parent Relationship":"Outer","Parallel Aware":false,"Async Capable":false,"Startup Cost":278013.7,"Total Cost":278255.62,"Plan Rows":96766,"Plan Width":20,"Actual Startup Time":866.631,"Actual Total Time":883.562,"Actual Rows":144982,"Actual Loops":1,"Output":["customer.c_nationkey","customer.c_id","customer.c_w_id","customer.c_d_id","n2.n_name"],"Sort Key":["customer.c_id","customer.c_w_id","customer.c_d_id"],"Sort Method":"external merge","Sort Space Used":4360,"Sort Space Type":"Disk","Shared Hit Blocks":229605,"Shared Read Blocks":0,"Shared Dirtied Blocks":0,"Shared Written Blocks":0,"Local Hit Blocks":0,"Local Read Blocks":0,"Local Dirtied Blocks":0,"Local Written Blocks":0,"Temp Read Blocks":545,"Temp Written Blocks":548,"I/O Read Time":0.0,"I/O Write Time":0.0,"Temp I/O Read Time":0.799,"Temp I/O Write Time":2.133,"Plans":[{"Node Type":"Hash Join","Parent Relationship":"Outer","Parallel Aware":false,"Async Capable":false,"Join Type":"Inner","Startup Cost":1.95,"Total Cost":268015.91,"Plan Rows":96766,"Plan Width":20,"Actual Startup Time":0.102,"Actual Total Time":810.326,"Actual Rows":144986,"Actual Loops":1,"Output":["customer.c_nationkey","customer.c_id","customer.c_w_id","customer.c_d_id","n2.n_name"],"Inner Unique":true,"Hash Cond":"(customer.c_nationkey = n2.n_nationkey)","Shared Hit Blocks":229605,"Shared Read Blocks":0,"Shared Dirtied Blocks":0,"Shared Written Blocks":0,"Local Hit Blocks":0,"Local Read Blocks":0,"Local Dirtied Blocks":0,"Local Written Blocks":0,"Temp Read Blocks":0,"Temp Written Blocks":0,"I/O Read Time":0.0,"I/O Write Time":0.0,"Temp I/O Read Time":0.0,"Temp I/O Write Time":0.0,"Plans":[{"Node Type":"Seq Scan","Parent Relationship":"Outer","Parallel Aware":false,"Async Capable":false,"Relation Name":"customer","Schema":"public","Alias":"customer","Startup Cost":0.0,"Total Cost":259601.38,"Plan Rows":2999738,"Plan Width":12,"Actual Startup Time":0.025,"Actual Total Time":351.043,"Actual Rows":3000000,"Actual Loops":1,"Output":["customer.c_id","customer.c_d_id","customer.c_w_id","customer.c_nationkey","customer.c_first","customer.c_middle","customer.c_last","customer.c_street_1","customer.c_street_2","customer.c_city","customer.c_state","customer.c_zip","customer.c_phone","customer.c_since","customer.c_credit","customer.c_credit_lim","customer.c_discount","customer.c_balance","customer.c_ytd_payment","customer.c_payment_cnt","customer.c_delivery_cnt","customer.c_data"],"Shared Hit Blocks":229604,"Shared Read Blocks":0,"Shared Dirtied Blocks":0,"Shared Written Blocks":0,"Local Hit Blocks":0,"Local Read Blocks":0,"Local Dirtied Blocks":0,"Local Written Blocks":0,"Temp Read Blocks":0,"Temp Written Blocks":0,"I/O Read Time":0.0,"I/O Write Time":0.0,"Temp I/O Read Time":0.0,"Temp I/O Write Time":0.0},{"Node Type":"Hash","Parent Relationship":"Inner","Parallel Aware":false,"Async Capable":false,"Startup Cost":1.93,"Total Cost":1.93,"Plan Rows":2,"Plan Width":12,"Actual Startup Time":0.027,"Actual Total Time":0.028,"Actual Rows":2,"Actual Loops":1,"Output":["n2.n_nationkey","n2.n_name"],"Hash Buckets":1024,"Original Hash Buckets":1024,"Hash Batches":1,"Original Hash Batches":1,"Peak Memory Usage":9,"Shared Hit Blocks":1,"Shared Read Blocks":0,"Shared Dirtied Blocks":0,"Shared Written Blocks":0,"Local Hit Blocks":0,"Local Read Blocks":0,"Local Dirtied Blocks":0,"Local Written Blocks":0,"Temp Read Blocks":0,"Temp Written Blocks":0,"I/O Read Time":0.0,"I/O Write Time":0.0,"Temp I/O Read Time":0.0,"Temp I/O Write Time":0.0,"Plans":[{"Node Type":"Seq Scan","Parent Relationship":"Outer","Parallel Aware":false,"Async Capable":false,"Relation Name":"nation","Schema":"public","Alias":"n2","Startup Cost":0.0,"Total Cost":1.93,"Plan Rows":2,"Plan Width":12,"Actual Startup Time":0.017,"Actual Total Time":0.023,"Actual Rows":2,"Actual Loops":1,"Output":["n2.n_nationkey","n2.n_name"],"Filter":"(((n2.n_name)::text = 'Cambodia'::text) OR ((n2.n_name)::text = 'Germany'::text))","Rows Removed by Filter":60,"Shared Hit Blocks":1,"Shared Read Blocks":0,"Shared Dirtied Blocks":0,"Shared Written Blocks":0,"Local Hit Blocks":0,"Local Read Blocks":0,"Local Dirtied Blocks":0,"Local Written Blocks":0,"Temp Read Blocks":0,"Temp Written Blocks":0,"I/O Read Time":0.0,"I/O Write Time":0.0,"Temp I/O Read Time":0.0,"Temp I/O Write Time":0.0}]}]}]}]}]}]}]},"Planning":{"Shared Hit Blocks":12,"Shared Read Blocks":0,"Shared Dirtied Blocks":0,"Shared Written Blocks":0,"Local Hit Blocks":0,"Local Read Blocks":0,"Local Dirtied Blocks":0,"Local Written Blocks":0,"Temp Read Blocks":0,"Temp Written Blocks":0,"I/O Read Time":0.0,"I/O Write Time":0.0,"Temp I/O Read Time":0.0,"Temp I/O Write Time":0.0},"Planning Time":2.784,"Triggers":[],"Execution Time":15569.718}]
[列存组合]: orders, stock
[{"Plan":{"Node Type":"Aggregate","Strategy":"Sorted","Partial Mode":"Simple","Parallel Aware":false,"Async Capable":false,"Startup Cost":1935758.3,"Total Cost":1935879.91,"Plan Rows":4422,"Plan Width":72,"Actual Startup Time":14023.858,"Actual Total Time":14025.125,"Actual Rows":6,"Actual Loops":1,"Output":["supplier.su_nationkey","customer.c_nationkey","(EXTRACT(year FROM orders.o_entry_d))","sum(order_line.ol_amount)"],"Group Key":["supplier.su_nationkey","customer.c_nationkey","(EXTRACT(year FROM orders.o_entry_d))"],"Shared Hit Blocks":620104,"Shared Read Blocks":0,"Shared Dirtied Blocks":0,"Shared Written Blocks":0,"Local Hit Blocks":0,"Local Read Blocks":0,"Local Dirtied Blocks":0,"Local Written Blocks":0,"Temp Read Blocks":99613,"Temp Written Blocks":99622,"I/O Read Time":0.0,"I/O Write Time":0.0,"Temp I/O Read Time":159.286,"Temp I/O Write Time":454.053,"Plans":[{"Node Type":"Sort","Parent Relationship":"Outer","Parallel Aware":false,"Async Capable":false,"Startup Cost":1935758.3,"Total Cost":1935769.36,"Plan Rows":4422,"Plan Width":44,"Actual Startup Time":14023.8,"Actual Total Time":14024.059,"Actual Rows":6043,"Actual Loops":1,"Output":["supplier.su_nationkey","customer.c_nationkey","(EXTRACT(year FROM orders.o_entry_d))","order_line.ol_amount"],"Sort Key":["supplier.su_nationkey","customer.c_nationkey","(EXTRACT(year FROM orders.o_entry_d))"],"Sort Method":"quicksort","Sort Space Used":523,"Sort Space Type":"Memory","Shared Hit Blocks":620104,"Shared Read Blocks":0,"Shared Dirtied Blocks":0,"Shared Written Blocks":0,"Local Hit Blocks":0,"Local Read Blocks":0,"Local Dirtied Blocks":0,"Local Written Blocks":0,"Temp Read Blocks":99613,"Temp Written Blocks":99622,"I/O Read Time":0.0,"I/O Write Time":0.0,"Temp I/O Read Time":159.286,"Temp I/O Write Time":454.053,"Plans":[{"Node Type":"Merge Join","Parent Relationship":"Outer","Parallel Aware":false,"Async Capable":false,"Join Type":"Inner","Startup Cost":1931398.16,"Total Cost":1935490.54,"Plan Rows":4422,"Plan Width":44,"Actual Startup Time":13869.743,"Actual Total Time":14022.34,"Actual Rows":6043,"Actual Loops":1,"Output":["supplier.su_nationkey","customer.c_nationkey","EXTRACT(year FROM orders.o_entry_d)","order_line.ol_amount"],"Inner Unique":false,"Merge Cond":"((orders.o_c_id = customer.c_id) AND (order_line.ol_w_id = customer.c_w_id) AND (order_line.ol_d_id = customer.c_d_id))","Join Filter":"((((n1.n_name)::text = 'Germany'::text) AND ((n2.n_name)::text = 'Cambodia'::text)) OR (((n1.n_name)::text = 'Cambodia'::text) AND ((n2.n_name)::text = 'Germany'::text)))","Rows Removed by Join Filter":5752,"Shared Hit Blocks":620104,"Shared Read Blocks":0,"Shared Dirtied Blocks":0,"Shared Written Blocks":0,"Local Hit Blocks":0,"Local Read Blocks":0,"Local Dirtied Blocks":0,"Local Written Blocks":0,"Temp Read Blocks":99613,"Temp Written Blocks":99622,"I/O Read Time":0.0,"I/O Write Time":0.0,"Temp I/O Read Time":159.286,"Temp I/O Write Time":454.053,"Plans":[{"Node Type":"Sort","Parent Relationship":"Outer","Parallel Aware":false,"Async Capable":false,"Startup Cost":1653384.35,"Total Cost":1654058.91,"Plan Rows":269824,"Plan Width":36,"Actual Startup Time":13007.725,"Actual Total Time":13079.55,"Actual Rows":242214,"Actual Loops":1,"Output":["supplier.su_nationkey","order_line.ol_amount","order_line.ol_w_id","order_line.ol_d_id","orders.o_entry_d","orders.o_w_id","orders.o_d_id","orders.o_c_id","n1.n_name"],"Sort Key":["orders.o_c_id","order_line.ol_w_id","order_line.ol_d_id"],"Sort Method":"external merge","Sort Space Used":11984,"Sort Space Type":"Disk","Shared Hit Blocks":390499,"Shared Read Blocks":0,"Shared Dirtied Blocks":0,"Shared Written Blocks":0,"Local Hit Blocks":0,"Local Read Blocks":0,"Local Dirtied Blocks":0,"Local Written Blocks":0,"Temp Read Blocks":99068,"Temp Written Blocks":99074,"I/O Read Time":0.0,"I/O Write Time":0.0,"Temp I/O Read Time":158.511,"Temp I/O Write Time":451.897,"Plans":[{"Node Type":"Hash Join","Parent Relationship":"Outer","Parallel Aware":false,"Async Capable":false,"Join Type":"Inner","Startup Cost":578796.33,"Total Cost":1621665.99,"Plan Rows":269824,"Plan Width":36,"Actual Startup Time":3013.111,"Actual Total Time":12880.38,"Actual Rows":242214,"Actual Loops":1,"Output":["supplier.su_nationkey","order_line.ol_amount","order_line.ol_w_id","order_line.ol_d_id","orders.o_entry_d","orders.o_w_id","orders.o_d_id","orders.o_c_id","n1.n_name"],"Inner Unique":true,"Hash Cond":"((order_line.ol_w_id = orders.o_w_id) AND (order_line.ol_d_id = orders.o_d_id) AND (order_line.ol_o_id = orders.o_id))","Shared Hit Blocks":390499,"Shared Read Blocks":0,"Shared Dirtied Blocks":0,"Shared Written Blocks":0,"Local Hit Blocks":0,"Local Read Blocks":0,"Local Dirtied Blocks":0,"Local Written Blocks":0,"Temp Read Blocks":97570,"Temp Written Blocks":97570,"I/O Read Time":0.0,"I/O Write Time":0.0,"Temp I/O Read Time":156.291,"Temp I/O Write Time":446.361,"Plans":[{"Node Type":"Hash Join","Parent Relationship":"Outer","Parallel Aware":false,"Async Capable":false,"Join Type":"Inner","Startup Cost":449201.25,"Total Cost":1468684.75,"Plan Rows":269988,"Plan Width":28,"Actual Startup Time":2102.557,"Actual Total Time":11636.607,"Actual Rows":242214,"Actual Loops":1,"Output":["supplier.su_nationkey","order_line.ol_amount","order_line.ol_w_id","order_line.ol_d_id","order_line.ol_o_id","n1.n_name"],"Inner Unique":true,"Hash Cond":"(supplier.su_nationkey = n1.n_nationkey)","Shared Hit Blocks":368440,"Shared Read Blocks":0,"Shared Dirtied Blocks":0,"Shared Written Blocks":0,"Local Hit Blocks":0,"Local Read Blocks":0,"Local Dirtied Blocks":0,"Local Written Blocks":0,"Temp Read Blocks":79026,"Temp Written Blocks":79026,"I/O Read Time":0.0,"I/O Write Time":0.0,"Temp I/O Read Time":126.987,"Temp I/O Write Time":360.871,"Plans":[{"Node Type":"Hash Join","Parent Relationship":"Outer","Parallel Aware":false,"Async Capable":false,"Join Type":"Inner","Startup Cost":449199.29,"Total Cost":1445210.69,"Plan Rows":8369638,"Plan Width":20,"Actual Startup Time":2100.628,"Actual Total Time":11036.905,"Actual Rows":8570498,"Actual Loops":1,"Output":["supplier.su_nationkey","order_line.ol_amount","order_line.ol_w_id","order_line.ol_d_id","order_line.ol_o_id"],"Inner Unique":true,"Hash Cond":"(mod((stock.s_w_id * stock.s_i_id), 10000) = supplier.su_suppkey)","Shared Hit Blocks":368439,"Shared Read Blocks":0,"Shared Dirtied Blocks":0,"Shared Written Blocks":0,"Local Hit Blocks":0,"Local Read Blocks":0,"Local Dirtied Blocks":0,"Local Written Blocks":0,"Temp Read Blocks":79026,"Temp Written Blocks":79026,"I/O Read Time":0.0,"I/O Write Time":0.0,"Temp I/O Read Time":126.987,"Temp I/O Write Time":360.871,"Plans":[{"Node Type":"Hash Join","Parent Relationship":"Outer","Parallel Aware":false,"Async Capable":false,"Join Type":"Inner","Startup Cost":448757.29,"Total Cost":1420694.79,"Plan Rows":8369638,"Plan Width":22,"Actual Startup Time":2098.135,"Actual Total Time":9316.689,"Actual Rows":8570498,"Actual Loops":1,"Output":["stock.s_w_id","stock.s_i_id","order_line.ol_amount","order_line.ol_w_id","order_line.ol_d_id","order_line.ol_o_id"],"Inner Unique":true,"Hash Cond":"((order_line.ol_supply_w_id = stock.s_w_id) AND (order_line.ol_i_id = stock.s_i_id))","Shared Hit Blocks":368222,"Shared Read Blocks":0,"Shared Dirtied Blocks":0,"Shared Written Blocks":0,"Local Hit Blocks":0,"Local Read Blocks":0,"Local Dirtied Blocks":0,"Local Written Blocks":0,"Temp Read Blocks":79026,"Temp Written Blocks":79026,"I/O Read Time":0.0,"I/O Write Time":0.0,"Temp I/O Read Time":126.987,"Temp I/O Write Time":360.871,"Plans":[{"Node Type":"Seq Scan","Parent Relationship":"Outer","Parallel Aware":false,"Async Capable":false,"Relation Name":"order_line","Schema":"public","Alias":"order_line","Startup Cost":0.0,"Total Cost":790850.88,"Plan Rows":8369638,"Plan Width":22,"Actual Startup Time":13.031,"Actual Total Time":2843.604,"Actual Rows":8570498,"Actual Loops":1,"Output":["order_line.ol_amount","order_line.ol_supply_w_id","order_line.ol_i_id","order_line.ol_w_id","order_line.ol_d_id","order_line.ol_o_id"],"Filter":"((order_line.ol_delivery_d >= '1995-01-02 20:10:02.27764'::timestamp without time zone) AND (order_line.ol_delivery_d <= '1997-01-01 20:10:02.27764'::timestamp without time zone))","Rows Removed by Filter":21427234,"Shared Hit Blocks":340884,"Shared Read Blocks":0,"Shared Dirtied Blocks":0,"Shared Written Blocks":0,"Local Hit Blocks":0,"Local Read Blocks":0,"Local Dirtied Blocks":0,"Local Written Blocks":0,"Temp Read Blocks":0,"Temp Written Blocks":0,"I/O Read Time":0.0,"I/O Write Time":0.0,"Temp I/O Read Time":0.0,"Temp I/O Write Time":0.0},{"Node Type":"Hash","Parent Relationship":"Inner","Parallel Aware":false,"Async Capable":false,"Startup Cost":259690.86,"Total Cost":259690.86,"Plan Rows":10000162,"Plan Width":6,"Actual Startup Time":2083.744,"Actual Total Time":2083.747,"Actual Rows":10000000,"Actual Loops":1,"Output":["stock.s_w_id","stock.s_i_id"],"Hash Buckets":262144,"Original Hash Buckets":262144,"Hash Batches":64,"Original Hash Batches":64,"Peak Memory Usage":8133,"Shared Hit Blocks":27338,"Shared Read Blocks":0,"Shared Dirtied Blocks":0,"Shared Written Blocks":0,"Local Hit Blocks":0,"Local Read Blocks":0,"Local Dirtied Blocks":0,"Local Written Blocks":0,"Temp Read Blocks":0,"Temp Written Blocks":33616,"I/O Read Time":0.0,"I/O Write Time":0.0,"Temp I/O Read Time":0.0,"Temp I/O Write Time":152.131,"Plans":[{"Node Type":"Index Only Scan","Parent Relationship":"Outer","Parallel Aware":false,"Async Capable":false,"Scan Direction":"Forward","Index Name":"stock_pk","Relation Name":"stock","Schema":"public","Alias":"stock","Startup Cost":0.43,"Total Cost":259690.86,"Plan Rows":10000162,"Plan Width":6,"Actual Startup Time":0.024,"Actual Total Time":720.398,"Actual Rows":10000000,"Actual Loops":1,"Output":["stock.s_w_id","stock.s_i_id"],"Heap Fetches":0,"Shared Hit Blocks":27338,"Shared Read Blocks":0,"Shared Dirtied Blocks":0,"Shared Written Blocks":0,"Local Hit Blocks":0,"Local Read Blocks":0,"Local Dirtied Blocks":0,"Local Written Blocks":0,"Temp Read Blocks":0,"Temp Written Blocks":0,"I/O Read Time":0.0,"I/O Write Time":0.0,"Temp I/O Read Time":0.0,"Temp I/O Write Time":0.0}]}]},{"Node Type":"Hash","Parent Relationship":"Inner","Parallel Aware":false,"Async Capable":false,"Startup Cost":317.0,"Total Cost":317.0,"Plan Rows":10000,"Plan Width":8,"Actual Startup Time":2.436,"Actual Total Time":2.437,"Actual Rows":10000,"Actual Loops":1,"Output":["supplier.su_nationkey","supplier.su_suppkey"],"Hash Buckets":16384,"Original Hash Buckets":16384,"Hash Batches":1,"Original Hash Batches":1,"Peak Memory Usage":519,"Shared Hit Blocks":217,"Shared Read Blocks":0,"Shared Dirtied Blocks":0,"Shared Written Blocks":0,"Local Hit Blocks":0,"Local Read Blocks":0,"Local Dirtied Blocks":0,"Local Written Blocks":0,"Temp Read Blocks":0,"Temp Written Blocks":0,"I/O Read Time":0.0,"I/O Write Time":0.0,"Temp I/O Read Time":0.0,"Temp I/O Write Time":0.0,"Plans":[{"Node Type":"Seq Scan","Parent Relationship":"Outer","Parallel Aware":false,"Async Capable":false,"Relation Name":"supplier","Schema":"public","Alias":"supplier","Startup Cost":0.0,"Total Cost":317.0,"Plan Rows":10000,"Plan Width":8,"Actual Startup Time":0.005,"Actual Total Time":1.234,"Actual Rows":10000,"Actual Loops":1,"Output":["supplier.su_nationkey","supplier.su_suppkey"],"Shared Hit Blocks":217,"Shared Read Blocks":0,"Shared Dirtied Blocks":0,"Shared Written Blocks":0,"Local Hit Blocks":0,"Local Read Blocks":0,"Local Dirtied Blocks":0,"Local Written Blocks":0,"Temp Read Blocks":0,"Temp Written Blocks":0,"I/O Read Time":0.0,"I/O Write Time":0.0,"Temp I/O Read Time":0.0,"Temp I/O Write Time":0.0}]}]},{"Node Type":"Hash","Parent Relationship":"Inner","Parallel Aware":false,"Async Capable":false,"Startup Cost":1.93,"Total Cost":1.93,"Plan Rows":2,"Plan Width":12,"Actual Startup Time":0.02,"Actual Total Time":0.021,"Actual Rows":2,"Actual Loops":1,"Output":["n1.n_nationkey","n1.n_name"],"Hash Buckets":1024,"Original Hash Buckets":1024,"Hash Batches":1,"Original Hash Batches":1,"Peak Memory Usage":9,"Shared Hit Blocks":1,"Shared Read Blocks":0,"Shared Dirtied Blocks":0,"Shared Written Blocks":0,"Local Hit Blocks":0,"Local Read Blocks":0,"Local Dirtied Blocks":0,"Local Written Blocks":0,"Temp Read Blocks":0,"Temp Written Blocks":0,"I/O Read Time":0.0,"I/O Write Time":0.0,"Temp I/O Read Time":0.0,"Temp I/O Write Time":0.0,"Plans":[{"Node Type":"Seq Scan","Parent Relationship":"Outer","Parallel Aware":false,"Async Capable":false,"Relation Name":"nation","Schema":"public","Alias":"n1","Startup Cost":0.0,"Total Cost":1.93,"Plan Rows":2,"Plan Width":12,"Actual Startup Time":0.013,"Actual Total Time":0.017,"Actual Rows":2,"Actual Loops":1,"Output":["n1.n_nationkey","n1.n_name"],"Filter":"(((n1.n_name)::text = 'Germany'::text) OR ((n1.n_name)::text = 'Cambodia'::text))","Rows Removed by Filter":60,"Shared Hit Blocks":1,"Shared Read Blocks":0,"Shared Dirtied Blocks":0,"Shared Written Blocks":0,"Local Hit Blocks":0,"Local Read Blocks":0,"Local Dirtied Blocks":0,"Local Written Blocks":0,"Temp Read Blocks":0,"Temp Written Blocks":0,"I/O Read Time":0.0,"I/O Write Time":0.0,"Temp I/O Read Time":0.0,"Temp I/O Write Time":0.0}]}]},{"Node Type":"Hash","Parent Relationship":"Inner","Parallel Aware":false,"Async Capable":false,"Startup Cost":59559.0,"Total Cost":59559.0,"Plan Rows":2998176,"Plan Width":24,"Actual Startup Time":902.365,"Actual Total Time":902.365,"Actual Rows":2997892,"Actual Loops":1,"Output":["orders.o_entry_d","orders.o_w_id","orders.o_d_id","orders.o_id","orders.o_c_id"],"Hash Buckets":131072,"Original Hash Buckets":131072,"Hash Batches":32,"Original Hash Batches":32,"Peak Memory Usage":6539,"Shared Hit Blocks":22059,"Shared Read Blocks":0,"Shared Dirtied Blocks":0,"Shared Written Blocks":0,"Local Hit Blocks":0,"Local Read Blocks":0,"Local Dirtied Blocks":0,"Local Written Blocks":0,"Temp Read Blocks":0,"Temp Written Blocks":16995,"I/O Read Time":0.0,"I/O Write Time":0.0,"Temp I/O Read Time":0.0,"Temp I/O Write Time":76.04,"Plans":[{"Node Type":"Seq Scan","Parent Relationship":"Outer","Parallel Aware":false,"Async Capable":false,"Relation Name":"orders","Schema":"public","Alias":"orders","Startup Cost":0.0,"Total Cost":59559.0,"Plan Rows":2998176,"Plan Width":24,"Actual Startup Time":0.014,"Actual Total Time":366.45,"Actual Rows":2997892,"Actual Loops":1,"Output":["orders.o_entry_d","orders.o_w_id","orders.o_d_id","orders.o_id","orders.o_c_id"],"Filter":"(orders.o_entry_d >= '1992-01-02 20:10:02.27764'::timestamp without time zone)","Rows Removed by Filter":2108,"Shared Hit Blocks":22059,"Shared Read Blocks":0,"Shared Dirtied Blocks":0,"Shared Written Blocks":0,"Local Hit Blocks":0,"Local Read Blocks":0,"Local Dirtied Blocks":0,"Local Written Blocks":0,"Temp Read Blocks":0,"Temp Written Blocks":0,"I/O Read Time":0.0,"I/O Write Time":0.0,"Temp I/O Read Time":0.0,"Temp I/O Write Time":0.0}]}]}]},{"Node Type":"Materialize","Parent Relationship":"Inner","Parallel Aware":false,"Async Capable":false,"Startup Cost":278013.7,"Total Cost":278497.53,"Plan Rows":96766,"Plan Width":20,"Actual Startup Time":861.974,"Actual Total Time":894.943,"Actual Rows":146547,"Actual Loops":1,"Output":["customer.c_nationkey","customer.c_id","customer.c_w_id","customer.c_d_id","n2.n_name"],"Shared Hit Blocks":229605,"Shared Read Blocks":0,"Shared Dirtied Blocks":0,"Shared Written Blocks":0,"Local Hit Blocks":0,"Local Read Blocks":0,"Local Dirtied Blocks":0,"Local Written Blocks":0,"Temp Read Blocks":545,"Temp Written Blocks":548,"I/O Read Time":0.0,"I/O Write Time":0.0,"Temp I/O Read Time":0.775,"Temp I/O Write Time":2.156,"Plans":[{"Node Type":"Sort","Parent Relationship":"Outer","Parallel Aware":false,"Async Capable":false,"Startup Cost":278013.7,"Total Cost":278255.62,"Plan Rows":96766,"Plan Width":20,"Actual Startup Time":861.965,"Actual Total Time":878.926,"Actual Rows":144982,"Actual Loops":1,"Output":["customer.c_nationkey","customer.c_id","customer.c_w_id","customer.c_d_id","n2.n_name"],"Sort Key":["customer.c_id","customer.c_w_id","customer.c_d_id"],"Sort Method":"external merge","Sort Space Used":4360,"Sort Space Type":"Disk","Shared Hit Blocks":229605,"Shared Read Blocks":0,"Shared Dirtied Blocks":0,"Shared Written Blocks":0,"Local Hit Blocks":0,"Local Read Blocks":0,"Local Dirtied Blocks":0,"Local Written Blocks":0,"Temp Read Blocks":545,"Temp Written Blocks":548,"I/O Read Time":0.0,"I/O Write Time":0.0,"Temp I/O Read Time":0.775,"Temp I/O Write Time":2.156,"Plans":[{"Node Type":"Hash Join","Parent Relationship":"Outer","Parallel Aware":false,"Async Capable":false,"Join Type":"Inner","Startup Cost":1.95,"Total Cost":268015.91,"Plan Rows":96766,"Plan Width":20,"Actual Startup Time":0.101,"Actual Total Time":804.982,"Actual Rows":144986,"Actual Loops":1,"Output":["customer.c_nationkey","customer.c_id","customer.c_w_id","customer.c_d_id","n2.n_name"],"Inner Unique":true,"Hash Cond":"(customer.c_nationkey = n2.n_nationkey)","Shared Hit Blocks":229605,"Shared Read Blocks":0,"Shared Dirtied Blocks":0,"Shared Written Blocks":0,"Local Hit Blocks":0,"Local Read Blocks":0,"Local Dirtied Blocks":0,"Local Written Blocks":0,"Temp Read Blocks":0,"Temp Written Blocks":0,"I/O Read Time":0.0,"I/O Write Time":0.0,"Temp I/O Read Time":0.0,"Temp I/O Write Time":0.0,"Plans":[{"Node Type":"Seq Scan","Parent Relationship":"Outer","Parallel Aware":false,"Async Capable":false,"Relation Name":"customer","Schema":"public","Alias":"customer","Startup Cost":0.0,"Total Cost":259601.38,"Plan Rows":2999738,"Plan Width":12,"Actual Startup Time":0.027,"Actual Total Time":349.41,"Actual Rows":3000000,"Actual Loops":1,"Output":["customer.c_id","customer.c_d_id","customer.c_w_id","customer.c_nationkey","customer.c_first","customer.c_middle","customer.c_last","customer.c_street_1","customer.c_street_2","customer.c_city","customer.c_state","customer.c_zip","customer.c_phone","customer.c_since","customer.c_credit","customer.c_credit_lim","customer.c_discount","customer.c_balance","customer.c_ytd_payment","customer.c_payment_cnt","customer.c_delivery_cnt","customer.c_data"],"Shared Hit Blocks":229604,"Shared Read Blocks":0,"Shared Dirtied Blocks":0,"Shared Written Blocks":0,"Local Hit Blocks":0,"Local Read Blocks":0,"Local Dirtied Blocks":0,"Local Written Blocks":0,"Temp Read Blocks":0,"Temp Written Blocks":0,"I/O Read Time":0.0,"I/O Write Time":0.0,"Temp I/O Read Time":0.0,"Temp I/O Write Time":0.0},{"Node Type":"Hash","Parent Relationship":"Inner","Parallel Aware":false,"Async Capable":false,"Startup Cost":1.93,"Total Cost":1.93,"Plan Rows":2,"Plan Width":12,"Actual Startup Time":0.025,"Actual Total Time":0.025,"Actual Rows":2,"Actual Loops":1,"Output":["n2.n_nationkey","n2.n_name"],"Hash Buckets":1024,"Original Hash Buckets":1024,"Hash Batches":1,"Original Hash Batches":1,"Peak Memory Usage":9,"Shared Hit Blocks":1,"Shared Read Blocks":0,"Shared Dirtied Blocks":0,"Shared Written Blocks":0,"Local Hit Blocks":0,"Local Read Blocks":0,"Local Dirtied Blocks":0,"Local Written Blocks":0,"Temp Read Blocks":0,"Temp Written Blocks":0,"I/O Read Time":0.0,"I/O Write Time":0.0,"Temp I/O Read Time":0.0,"Temp I/O Write Time":0.0,"Plans":[{"Node Type":"Seq Scan","Parent Relationship":"Outer","Parallel Aware":false,"Async Capable":false,"Relation Name":"nation","Schema":"public","Alias":"n2","Startup Cost":0.0,"Total Cost":1.93,"Plan Rows":2,"Plan Width":12,"Actual Startup Time":0.016,"Actual Total Time":0.02,"Actual Rows":2,"Actual Loops":1,"Output":["n2.n_nationkey","n2.n_name"],"Filter":"(((n2.n_name)::text = 'Cambodia'::text) OR ((n2.n_name)::text = 'Germany'::text))","Rows Removed by Filter":60,"Shared Hit Blocks":1,"Shared Read Blocks":0,"Shared Dirtied Blocks":0,"Shared Written Blocks":0,"Local Hit Blocks":0,"Local Read Blocks":0,"Local Dirtied Blocks":0,"Local Written Blocks":0,"Temp Read Blocks":0,"Temp Written Blocks":0,"I/O Read Time":0.0,"I/O Write Time":0.0,"Temp I/O Read Time":0.0,"Temp I/O Write Time":0.0}]}]}]}]}]}]}]},"Planning":{"Shared Hit Blocks":12,"Shared Read Blocks":0,"Shared Dirtied Blocks":0,"Shared Written Blocks":0,"Local Hit Blocks":0,"Local Read Blocks":0,"Local Dirtied Blocks":0,"Local Written Blocks":0,"Temp Read Blocks":0,"Temp Written Blocks":0,"I/O Read Time":0.0,"I/O Write Time":0.0,"Temp I/O Read Time":0.0,"Temp I/O Write Time":0.0},"Planning Time":2.861,"Triggers":[],"Execution Time":14028.02}]
[列存组合]: orders, supplier
[{"Plan":{"Node Type":"Aggregate","Strategy":"Sorted","Partial Mode":"Simple","Parallel Aware":false,"Async Capable":false,"Startup Cost":1935660.33,"Total Cost":1935781.93,"Plan Rows":4422,"Plan Width":72,"Actual Startup Time":13989.08,"Actual Total Time":13990.355,"Actual Rows":6,"Actual Loops":1,"Output":["supplier.su_nationkey","customer.c_nationkey","(EXTRACT(year FROM orders.o_entry_d))","sum(order_line.ol_amount)"],"Group Key":["supplier.su_nationkey","customer.c_nationkey","(EXTRACT(year FROM orders.o_entry_d))"],"Shared Hit Blocks":619887,"Shared Read Blocks":0,"Shared Dirtied Blocks":0,"Shared Written Blocks":0,"Local Hit Blocks":0,"Local Read Blocks":0,"Local Dirtied Blocks":0,"Local Written Blocks":0,"Temp Read Blocks":99613,"Temp Written Blocks":99622,"I/O Read Time":0.0,"I/O Write Time":0.0,"Temp I/O Read Time":156.6,"Temp I/O Write Time":443.112,"Plans":[{"Node Type":"Sort","Parent Relationship":"Outer","Parallel Aware":false,"Async Capable":false,"Startup Cost":1935660.33,"Total Cost":1935671.38,"Plan Rows":4422,"Plan Width":44,"Actual Startup Time":13989.019,"Actual Total Time":13989.281,"Actual Rows":6043,"Actual Loops":1,"Output":["supplier.su_nationkey","customer.c_nationkey","(EXTRACT(year FROM orders.o_entry_d))","order_line.ol_amount"],"Sort Key":["supplier.su_nationkey","customer.c_nationkey","(EXTRACT(year FROM orders.o_entry_d))"],"Sort Method":"quicksort","Sort Space Used":523,"Sort Space Type":"Memory","Shared Hit Blocks":619887,"Shared Read Blocks":0,"Shared Dirtied Blocks":0,"Shared Written Blocks":0,"Local Hit Blocks":0,"Local Read Blocks":0,"Local Dirtied Blocks":0,"Local Written Blocks":0,"Temp Read Blocks":99613,"Temp Written Blocks":99622,"I/O Read Time":0.0,"I/O Write Time":0.0,"Temp I/O Read Time":156.6,"Temp I/O Write Time":443.112,"Plans":[{"Node Type":"Merge Join","Parent Relationship":"Outer","Parallel Aware":false,"Async Capable":false,"Join Type":"Inner","Startup Cost":1931300.18,"Total Cost":1935392.56,"Plan Rows":4422,"Plan Width":44,"Actual Startup Time":13836.155,"Actual Total Time":13987.593,"Actual Rows":6043,"Actual Loops":1,"Output":["supplier.su_nationkey","customer.c_nationkey","EXTRACT(year FROM orders.o_entry_d)","order_line.ol_amount"],"Inner Unique":false,"Merge Cond":"((orders.o_c_id = customer.c_id) AND (order_line.ol_w_id = customer.c_w_id) AND (order_line.ol_d_id = customer.c_d_id))","Join Filter":"((((n1.n_name)::text = 'Germany'::text) AND ((n2.n_name)::text = 'Cambodia'::text)) OR (((n1.n_name)::text = 'Cambodia'::text) AND ((n2.n_name)::text = 'Germany'::text)))","Rows Removed by Join Filter":5752,"Shared Hit Blocks":619887,"Shared Read Blocks":0,"Shared Dirtied Blocks":0,"Shared Written Blocks":0,"Local Hit Blocks":0,"Local Read Blocks":0,"Local Dirtied Blocks":0,"Local Written Blocks":0,"Temp Read Blocks":99613,"Temp Written Blocks":99622,"I/O Read Time":0.0,"I/O Write Time":0.0,"Temp I/O Read Time":156.6,"Temp I/O Write Time":443.112,"Plans":[{"Node Type":"Sort","Parent Relationship":"Outer","Parallel Aware":false,"Async Capable":false,"Startup Cost":1653286.38,"Total Cost":1653960.94,"Plan Rows":269824,"Plan Width":36,"Actual Startup Time":12975.451,"Actual Total Time":13046.379,"Actual Rows":242214,"Actual Loops":1,"Output":["supplier.su_nationkey","order_line.ol_amount","order_line.ol_w_id","order_line.ol_d_id","orders.o_entry_d","orders.o_w_id","orders.o_d_id","orders.o_c_id","n1.n_name"],"Sort Key":["orders.o_c_id","order_line.ol_w_id","order_line.ol_d_id"],"Sort Method":"external merge","Sort Space Used":11984,"Sort Space Type":"Disk","Shared Hit Blocks":390282,"Shared Read Blocks":0,"Shared Dirtied Blocks":0,"Shared Written Blocks":0,"Local Hit Blocks":0,"Local Read Blocks":0,"Local Dirtied Blocks":0,"Local Written Blocks":0,"Temp Read Blocks":99068,"Temp Written Blocks":99074,"I/O Read Time":0.0,"I/O Write Time":0.0,"Temp I/O Read Time":155.785,"Temp I/O Write Time":440.959,"Plans":[{"Node Type":"Hash Join","Parent Relationship":"Outer","Parallel Aware":false,"Async Capable":false,"Join Type":"Inner","Startup Cost":578698.35,"Total Cost":1621568.01,"Plan Rows":269824,"Plan Width":36,"Actual Startup Time":2999.678,"Actual Total Time":12848.042,"Actual Rows":242214,"Actual Loops":1,"Output":["supplier.su_nationkey","order_line.ol_amount","order_line.ol_w_id","order_line.ol_d_id","orders.o_entry_d","orders.o_w_id","orders.o_d_id","orders.o_c_id","n1.n_name"],"Inner Unique":true,"Hash Cond":"((order_line.ol_w_id = orders.o_w_id) AND (order_line.ol_d_id = orders.o_d_id) AND (order_line.ol_o_id = orders.o_id))","Shared Hit Blocks":390282,"Shared Read Blocks":0,"Shared Dirtied Blocks":0,"Shared Written Blocks":0,"Local Hit Blocks":0,"Local Read Blocks":0,"Local Dirtied Blocks":0,"Local Written Blocks":0,"Temp Read Blocks":97570,"Temp Written Blocks":97570,"I/O Read Time":0.0,"I/O Write Time":0.0,"Temp I/O Read Time":153.52,"Temp I/O Write Time":435.444,"Plans":[{"Node Type":"Hash Join","Parent Relationship":"Outer","Parallel Aware":false,"Async Capable":false,"Join Type":"Inner","Startup Cost":449103.27,"Total Cost":1468586.78,"Plan Rows":269988,"Plan Width":28,"Actual Startup Time":2093.919,"Actual Total Time":11609.367,"Actual Rows":242214,"Actual Loops":1,"Output":["supplier.su_nationkey","order_line.ol_amount","order_line.ol_w_id","order_line.ol_d_id","order_line.ol_o_id","n1.n_name"],"Inner Unique":true,"Hash Cond":"(supplier.su_nationkey = n1.n_nationkey)","Shared Hit Blocks":368223,"Shared Read Blocks":0,"Shared Dirtied Blocks":0,"Shared Written Blocks":0,"Local Hit Blocks":0,"Local Read Blocks":0,"Local Dirtied Blocks":0,"Local Written Blocks":0,"Temp Read Blocks":79026,"Temp Written Blocks":79026,"I/O Read Time":0.0,"I/O Write Time":0.0,"Temp I/O Read Time":124.312,"Temp I/O Write Time":353.166,"Plans":[{"Node Type":"Hash Join","Parent Relationship":"Outer","Parallel Aware":false,"Async Capable":false,"Join Type":"Inner","Startup Cost":449101.32,"Total Cost":1445112.71,"Plan Rows":8369638,"Plan Width":20,"Actual Startup Time":2092.017,"Actual Total Time":11000.719,"Actual Rows":8570498,"Actual Loops":1,"Output":["supplier.su_nationkey","order_line.ol_amount","order_line.ol_w_id","order_line.ol_d_id","order_line.ol_o_id"],"Inner Unique":true,"Hash Cond":"(mod((stock.s_w_id * stock.s_i_id), 10000) = supplier.su_suppkey)","Shared Hit Blocks":368222,"Shared Read Blocks":0,"Shared Dirtied Blocks":0,"Shared Written Blocks":0,"Local Hit Blocks":0,"Local Read Blocks":0,"Local Dirtied Blocks":0,"Local Written Blocks":0,"Temp Read Blocks":79026,"Temp Written Blocks":79026,"I/O Read Time":0.0,"I/O Write Time":0.0,"Temp I/O Read Time":124.312,"Temp I/O Write Time":353.166,"Plans":[{"Node Type":"Hash Join","Parent Relationship":"Outer","Parallel Aware":false,"Async Capable":false,"Join Type":"Inner","Startup Cost":448757.29,"Total Cost":1420694.79,"Plan Rows":8369638,"Plan Width":22,"Actual Startup Time":2089.044,"Actual Total Time":9303.921,"Actual Rows":8570498,"Actual Loops":1,"Output":["stock.s_w_id","stock.s_i_id","order_line.ol_amount","order_line.ol_w_id","order_line.ol_d_id","order_line.ol_o_id"],"Inner Unique":true,"Hash Cond":"((order_line.ol_supply_w_id = stock.s_w_id) AND (order_line.ol_i_id = stock.s_i_id))","Shared Hit Blocks":368222,"Shared Read Blocks":0,"Shared Dirtied Blocks":0,"Shared Written Blocks":0,"Local Hit Blocks":0,"Local Read Blocks":0,"Local Dirtied Blocks":0,"Local Written Blocks":0,"Temp Read Blocks":79026,"Temp Written Blocks":79026,"I/O Read Time":0.0,"I/O Write Time":0.0,"Temp I/O Read Time":124.312,"Temp I/O Write Time":353.166,"Plans":[{"Node Type":"Seq Scan","Parent Relationship":"Outer","Parallel Aware":false,"Async Capable":false,"Relation Name":"order_line","Schema":"public","Alias":"order_line","Startup Cost":0.0,"Total Cost":790850.88,"Plan Rows":8369638,"Plan Width":22,"Actual Startup Time":13.195,"Actual Total Time":2832.054,"Actual Rows":8570498,"Actual Loops":1,"Output":["order_line.ol_amount","order_line.ol_supply_w_id","order_line.ol_i_id","order_line.ol_w_id","order_line.ol_d_id","order_line.ol_o_id"],"Filter":"((order_line.ol_delivery_d >= '1995-01-02 20:10:02.27764'::timestamp without time zone) AND (order_line.ol_delivery_d <= '1997-01-01 20:10:02.27764'::timestamp without time zone))","Rows Removed by Filter":21427234,"Shared Hit Blocks":340884,"Shared Read Blocks":0,"Shared Dirtied Blocks":0,"Shared Written Blocks":0,"Local Hit Blocks":0,"Local Read Blocks":0,"Local Dirtied Blocks":0,"Local Written Blocks":0,"Temp Read Blocks":0,"Temp Written Blocks":0,"I/O Read Time":0.0,"I/O Write Time":0.0,"Temp I/O Read Time":0.0,"Temp I/O Write Time":0.0},{"Node Type":"Hash","Parent Relationship":"Inner","Parallel Aware":false,"Async Capable":false,"Startup Cost":259690.86,"Total Cost":259690.86,"Plan Rows":10000162,"Plan Width":6,"Actual Startup Time":2074.519,"Actual Total Time":2074.521,"Actual Rows":10000000,"Actual Loops":1,"Output":["stock.s_w_id","stock.s_i_id"],"Hash Buckets":262144,"Original Hash Buckets":262144,"Hash Batches":64,"Original Hash Batches":64,"Peak Memory Usage":8133,"Shared Hit Blocks":27338,"Shared Read Blocks":0,"Shared Dirtied Blocks":0,"Shared Written Blocks":0,"Local Hit Blocks":0,"Local Read Blocks":0,"Local Dirtied Blocks":0,"Local Written Blocks":0,"Temp Read Blocks":0,"Temp Written Blocks":33616,"I/O Read Time":0.0,"I/O Write Time":0.0,"Temp I/O Read Time":0.0,"Temp I/O Write Time":148.643,"Plans":[{"Node Type":"Index Only Scan","Parent Relationship":"Outer","Parallel Aware":false,"Async Capable":false,"Scan Direction":"Forward","Index Name":"stock_pk","Relation Name":"stock","Schema":"public","Alias":"stock","Startup Cost":0.43,"Total Cost":259690.86,"Plan Rows":10000162,"Plan Width":6,"Actual Startup Time":0.024,"Actual Total Time":718.852,"Actual Rows":10000000,"Actual Loops":1,"Output":["stock.s_w_id","stock.s_i_id"],"Heap Fetches":0,"Shared Hit Blocks":27338,"Shared Read Blocks":0,"Shared Dirtied Blocks":0,"Shared Written Blocks":0,"Local Hit Blocks":0,"Local Read Blocks":0,"Local Dirtied Blocks":0,"Local Written Blocks":0,"Temp Read Blocks":0,"Temp Written Blocks":0,"I/O Read Time":0.0,"I/O Write Time":0.0,"Temp I/O Read Time":0.0,"Temp I/O Write Time":0.0}]}]},{"Node Type":"Hash","Parent Relationship":"Inner","Parallel Aware":false,"Async Capable":false,"Startup Cost":219.01,"Total Cost":219.01,"Plan Rows":10001,"Plan Width":8,"Actual Startup Time":2.948,"Actual Total Time":2.951,"Actual Rows":10000,"Actual Loops":1,"Output":["supplier.su_nationkey","supplier.su_suppkey"],"Hash Buckets":16384,"Original Hash Buckets":16384,"Hash Batches":1,"Original Hash Batches":1,"Peak Memory Usage":519,"Shared Hit Blocks":0,"Shared Read Blocks":0,"Shared Dirtied Blocks":0,"Shared Written Blocks":0,"Local Hit Blocks":0,"Local Read Blocks":0,"Local Dirtied Blocks":0,"Local Written Blocks":0,"Temp Read Blocks":0,"Temp Written Blocks":0,"I/O Read Time":0.0,"I/O Write Time":0.0,"Temp I/O Read Time":0.0,"Temp I/O Write Time":0.0,"Plans":[{"Node Type":"Append","Parent Relationship":"Outer","Parallel Aware":false,"Async Capable":false,"Startup Cost":20.0,"Total Cost":219.01,"Plan Rows":10001,"Plan Width":8,"Actual Startup Time":0.026,"Actual Total Time":1.798,"Actual Rows":10000,"Actual Loops":1,"Shared Hit Blocks":0,"Shared Read Blocks":0,"Shared Dirtied Blocks":0,"Shared Written Blocks":0,"Local Hit Blocks":0,"Local Read Blocks":0,"Local Dirtied Blocks":0,"Local Written Blocks":0,"Temp Read Blocks":0,"Temp Written Blocks":0,"I/O Read Time":0.0,"I/O Write Time":0.0,"Temp I/O Read Time":0.0,"Temp I/O Write Time":0.0,"Subplans Removed":0,"Plans":[{"Node Type":"Custom Scan","Parent Relationship":"Member","Custom Plan Provider":"columnar scan","Parallel Aware":false,"Async Capable":false,"Relation Name":"supplier","Schema":"public","Alias":"supplier","Startup Cost":20.0,"Total Cost":215.0,"Plan Rows":10000,"Plan Width":8,"Actual Startup Time":0.025,"Actual Total Time":1.092,"Actual Rows":10000,"Actual Loops":1,"Output":["supplier.su_nationkey","supplier.su_suppkey"],"Rows Removed by Columnar Filter":0,"Columnar cache search mode":"native","Shared Hit Blocks":0,"Shared Read Blocks":0,"Shared Dirtied Blocks":0,"Shared Written Blocks":0,"Local Hit Blocks":0,"Local Read Blocks":0,"Local Dirtied Blocks":0,"Local Written Blocks":0,"Temp Read Blocks":0,"Temp Written Blocks":0,"I/O Read Time":0.0,"I/O Write Time":0.0,"Temp I/O Read Time":0.0,"Temp I/O Write Time":0.0},{"Node Type":"Seq Scan","Parent Relationship":"Member","Parallel Aware":false,"Async Capable":false,"Relation Name":"supplier","Schema":"public","Alias":"supplier","Startup Cost":0.0,"Total Cost":4.01,"Plan Rows":1,"Plan Width":8,"Actual Startup Time":0.0,"Actual Total Time":0.0,"Actual Rows":0,"Actual Loops":0,"Output":["supplier.su_nationkey","supplier.su_suppkey"],"Shared Hit Blocks":0,"Shared Read Blocks":0,"Shared Dirtied Blocks":0,"Shared Written Blocks":0,"Local Hit Blocks":0,"Local Read Blocks":0,"Local Dirtied Blocks":0,"Local Written Blocks":0,"Temp Read Blocks":0,"Temp Written Blocks":0,"I/O Read Time":0.0,"I/O Write Time":0.0,"Temp I/O Read Time":0.0,"Temp I/O Write Time":0.0}]}]}]},{"Node Type":"Hash","Parent Relationship":"Inner","Parallel Aware":false,"Async Capable":false,"Startup Cost":1.93,"Total Cost":1.93,"Plan Rows":2,"Plan Width":12,"Actual Startup Time":0.021,"Actual Total Time":0.022,"Actual Rows":2,"Actual Loops":1,"Output":["n1.n_nationkey","n1.n_name"],"Hash Buckets":1024,"Original Hash Buckets":1024,"Hash Batches":1,"Original Hash Batches":1,"Peak Memory Usage":9,"Shared Hit Blocks":1,"Shared Read Blocks":0,"Shared Dirtied Blocks":0,"Shared Written Blocks":0,"Local Hit Blocks":0,"Local Read Blocks":0,"Local Dirtied Blocks":0,"Local Written Blocks":0,"Temp Read Blocks":0,"Temp Written Blocks":0,"I/O Read Time":0.0,"I/O Write Time":0.0,"Temp I/O Read Time":0.0,"Temp I/O Write Time":0.0,"Plans":[{"Node Type":"Seq Scan","Parent Relationship":"Outer","Parallel Aware":false,"Async Capable":false,"Relation Name":"nation","Schema":"public","Alias":"n1","Startup Cost":0.0,"Total Cost":1.93,"Plan Rows":2,"Plan Width":12,"Actual Startup Time":0.015,"Actual Total Time":0.02,"Actual Rows":2,"Actual Loops":1,"Output":["n1.n_nationkey","n1.n_name"],"Filter":"(((n1.n_name)::text = 'Germany'::text) OR ((n1.n_name)::text = 'Cambodia'::text))","Rows Removed by Filter":60,"Shared Hit Blocks":1,"Shared Read Blocks":0,"Shared Dirtied Blocks":0,"Shared Written Blocks":0,"Local Hit Blocks":0,"Local Read Blocks":0,"Local Dirtied Blocks":0,"Local Written Blocks":0,"Temp Read Blocks":0,"Temp Written Blocks":0,"I/O Read Time":0.0,"I/O Write Time":0.0,"Temp I/O Read Time":0.0,"Temp I/O Write Time":0.0}]}]},{"Node Type":"Hash","Parent Relationship":"Inner","Parallel Aware":false,"Async Capable":false,"Startup Cost":59559.0,"Total Cost":59559.0,"Plan Rows":2998176,"Plan Width":24,"Actual Startup Time":897.655,"Actual Total Time":897.656,"Actual Rows":2997892,"Actual Loops":1,"Output":["orders.o_entry_d","orders.o_w_id","orders.o_d_id","orders.o_id","orders.o_c_id"],"Hash Buckets":131072,"Original Hash Buckets":131072,"Hash Batches":32,"Original Hash Batches":32,"Peak Memory Usage":6539,"Shared Hit Blocks":22059,"Shared Read Blocks":0,"Shared Dirtied Blocks":0,"Shared Written Blocks":0,"Local Hit Blocks":0,"Local Read Blocks":0,"Local Dirtied Blocks":0,"Local Written Blocks":0,"Temp Read Blocks":0,"Temp Written Blocks":16995,"I/O Read Time":0.0,"I/O Write Time":0.0,"Temp I/O Read Time":0.0,"Temp I/O Write Time":72.782,"Plans":[{"Node Type":"Seq Scan","Parent Relationship":"Outer","Parallel Aware":false,"Async Capable":false,"Relation Name":"orders","Schema":"public","Alias":"orders","Startup Cost":0.0,"Total Cost":59559.0,"Plan Rows":2998176,"Plan Width":24,"Actual Startup Time":0.013,"Actual Total Time":365.648,"Actual Rows":2997892,"Actual Loops":1,"Output":["orders.o_entry_d","orders.o_w_id","orders.o_d_id","orders.o_id","orders.o_c_id"],"Filter":"(orders.o_entry_d >= '1992-01-02 20:10:02.27764'::timestamp without time zone)","Rows Removed by Filter":2108,"Shared Hit Blocks":22059,"Shared Read Blocks":0,"Shared Dirtied Blocks":0,"Shared Written Blocks":0,"Local Hit Blocks":0,"Local Read Blocks":0,"Local Dirtied Blocks":0,"Local Written Blocks":0,"Temp Read Blocks":0,"Temp Written Blocks":0,"I/O Read Time":0.0,"I/O Write Time":0.0,"Temp I/O Read Time":0.0,"Temp I/O Write Time":0.0}]}]}]},{"Node Type":"Materialize","Parent Relationship":"Inner","Parallel Aware":false,"Async Capable":false,"Startup Cost":278013.7,"Total Cost":278497.53,"Plan Rows":96766,"Plan Width":20,"Actual Startup Time":860.659,"Actual Total Time":893.412,"Actual Rows":146547,"Actual Loops":1,"Output":["customer.c_nationkey","customer.c_id","customer.c_w_id","customer.c_d_id","n2.n_name"],"Shared Hit Blocks":229605,"Shared Read Blocks":0,"Shared Dirtied Blocks":0,"Shared Written Blocks":0,"Local Hit Blocks":0,"Local Read Blocks":0,"Local Dirtied Blocks":0,"Local Written Blocks":0,"Temp Read Blocks":545,"Temp Written Blocks":548,"I/O Read Time":0.0,"I/O Write Time":0.0,"Temp I/O Read Time":0.816,"Temp I/O Write Time":2.153,"Plans":[{"Node Type":"Sort","Parent Relationship":"Outer","Parallel Aware":false,"Async Capable":false,"Startup Cost":278013.7,"Total Cost":278255.62,"Plan Rows":96766,"Plan Width":20,"Actual Startup Time":860.653,"Actual Total Time":877.601,"Actual Rows":144982,"Actual Loops":1,"Output":["customer.c_nationkey","customer.c_id","customer.c_w_id","customer.c_d_id","n2.n_name"],"Sort Key":["customer.c_id","customer.c_w_id","customer.c_d_id"],"Sort Method":"external merge","Sort Space Used":4360,"Sort Space Type":"Disk","Shared Hit Blocks":229605,"Shared Read Blocks":0,"Shared Dirtied Blocks":0,"Shared Written Blocks":0,"Local Hit Blocks":0,"Local Read Blocks":0,"Local Dirtied Blocks":0,"Local Written Blocks":0,"Temp Read Blocks":545,"Temp Written Blocks":548,"I/O Read Time":0.0,"I/O Write Time":0.0,"Temp I/O Read Time":0.816,"Temp I/O Write Time":2.153,"Plans":[{"Node Type":"Hash Join","Parent Relationship":"Outer","Parallel Aware":false,"Async Capable":false,"Join Type":"Inner","Startup Cost":1.95,"Total Cost":268015.91,"Plan Rows":96766,"Plan Width":20,"Actual Startup Time":0.102,"Actual Total Time":805.082,"Actual Rows":144986,"Actual Loops":1,"Output":["customer.c_nationkey","customer.c_id","customer.c_w_id","customer.c_d_id","n2.n_name"],"Inner Unique":true,"Hash Cond":"(customer.c_nationkey = n2.n_nationkey)","Shared Hit Blocks":229605,"Shared Read Blocks":0,"Shared Dirtied Blocks":0,"Shared Written Blocks":0,"Local Hit Blocks":0,"Local Read Blocks":0,"Local Dirtied Blocks":0,"Local Written Blocks":0,"Temp Read Blocks":0,"Temp Written Blocks":0,"I/O Read Time":0.0,"I/O Write Time":0.0,"Temp I/O Read Time":0.0,"Temp I/O Write Time":0.0,"Plans":[{"Node Type":"Seq Scan","Parent Relationship":"Outer","Parallel Aware":false,"Async Capable":false,"Relation Name":"customer","Schema":"public","Alias":"customer","Startup Cost":0.0,"Total Cost":259601.38,"Plan Rows":2999738,"Plan Width":12,"Actual Startup Time":0.027,"Actual Total Time":348.517,"Actual Rows":3000000,"Actual Loops":1,"Output":["customer.c_id","customer.c_d_id","customer.c_w_id","customer.c_nationkey","customer.c_first","customer.c_middle","customer.c_last","customer.c_street_1","customer.c_street_2","customer.c_city","customer.c_state","customer.c_zip","customer.c_phone","customer.c_since","customer.c_credit","customer.c_credit_lim","customer.c_discount","customer.c_balance","customer.c_ytd_payment","customer.c_payment_cnt","customer.c_delivery_cnt","customer.c_data"],"Shared Hit Blocks":229604,"Shared Read Blocks":0,"Shared Dirtied Blocks":0,"Shared Written Blocks":0,"Local Hit Blocks":0,"Local Read Blocks":0,"Local Dirtied Blocks":0,"Local Written Blocks":0,"Temp Read Blocks":0,"Temp Written Blocks":0,"I/O Read Time":0.0,"I/O Write Time":0.0,"Temp I/O Read Time":0.0,"Temp I/O Write Time":0.0},{"Node Type":"Hash","Parent Relationship":"Inner","Parallel Aware":false,"Async Capable":false,"Startup Cost":1.93,"Total Cost":1.93,"Plan Rows":2,"Plan Width":12,"Actual Startup Time":0.028,"Actual Total Time":0.028,"Actual Rows":2,"Actual Loops":1,"Output":["n2.n_nationkey","n2.n_name"],"Hash Buckets":1024,"Original Hash Buckets":1024,"Hash Batches":1,"Original Hash Batches":1,"Peak Memory Usage":9,"Shared Hit Blocks":1,"Shared Read Blocks":0,"Shared Dirtied Blocks":0,"Shared Written Blocks":0,"Local Hit Blocks":0,"Local Read Blocks":0,"Local Dirtied Blocks":0,"Local Written Blocks":0,"Temp Read Blocks":0,"Temp Written Blocks":0,"I/O Read Time":0.0,"I/O Write Time":0.0,"Temp I/O Read Time":0.0,"Temp I/O Write Time":0.0,"Plans":[{"Node Type":"Seq Scan","Parent Relationship":"Outer","Parallel Aware":false,"Async Capable":false,"Relation Name":"nation","Schema":"public","Alias":"n2","Startup Cost":0.0,"Total Cost":1.93,"Plan Rows":2,"Plan Width":12,"Actual Startup Time":0.017,"Actual Total Time":0.022,"Actual Rows":2,"Actual Loops":1,"Output":["n2.n_nationkey","n2.n_name"],"Filter":"(((n2.n_name)::text = 'Cambodia'::text) OR ((n2.n_name)::text = 'Germany'::text))","Rows Removed by Filter":60,"Shared Hit Blocks":1,"Shared Read Blocks":0,"Shared Dirtied Blocks":0,"Shared Written Blocks":0,"Local Hit Blocks":0,"Local Read Blocks":0,"Local Dirtied Blocks":0,"Local Written Blocks":0,"Temp Read Blocks":0,"Temp Written Blocks":0,"I/O Read Time":0.0,"I/O Write Time":0.0,"Temp I/O Read Time":0.0,"Temp I/O Write Time":0.0}]}]}]}]}]}]}]},"Planning":{"Shared Hit Blocks":12,"Shared Read Blocks":0,"Shared Dirtied Blocks":0,"Shared Written Blocks":0,"Local Hit Blocks":0,"Local Read Blocks":0,"Local Dirtied Blocks":0,"Local Written Blocks":0,"Temp Read Blocks":0,"Temp Written Blocks":0,"I/O Read Time":0.0,"I/O Write Time":0.0,"Temp I/O Read Time":0.0,"Temp I/O Write Time":0.0},"Planning Time":2.31,"Triggers":[],"Execution Time":13993.3}]
[列存组合]: stock, supplier
[{"Plan":{"Node Type":"Aggregate","Strategy":"Sorted","Partial Mode":"Simple","Parallel Aware":false,"Async Capable":false,"Startup Cost":1935660.33,"Total Cost":1935781.93,"Plan Rows":4422,"Plan Width":72,"Actual Startup Time":14007.433,"Actual Total Time":14008.722,"Actual Rows":6,"Actual Loops":1,"Output":["supplier.su_nationkey","customer.c_nationkey","(EXTRACT(year FROM orders.o_entry_d))","sum(order_line.ol_amount)"],"Group Key":["supplier.su_nationkey","customer.c_nationkey","(EXTRACT(year FROM orders.o_entry_d))"],"Shared Hit Blocks":619887,"Shared Read Blocks":0,"Shared Dirtied Blocks":0,"Shared Written Blocks":0,"Local Hit Blocks":0,"Local Read Blocks":0,"Local Dirtied Blocks":0,"Local Written Blocks":0,"Temp Read Blocks":99613,"Temp Written Blocks":99622,"I/O Read Time":0.0,"I/O Write Time":0.0,"Temp I/O Read Time":156.161,"Temp I/O Write Time":444.902,"Plans":[{"Node Type":"Sort","Parent Relationship":"Outer","Parallel Aware":false,"Async Capable":false,"Startup Cost":1935660.33,"Total Cost":1935671.38,"Plan Rows":4422,"Plan Width":44,"Actual Startup Time":14007.373,"Actual Total Time":14007.65,"Actual Rows":6043,"Actual Loops":1,"Output":["supplier.su_nationkey","customer.c_nationkey","(EXTRACT(year FROM orders.o_entry_d))","order_line.ol_amount"],"Sort Key":["supplier.su_nationkey","customer.c_nationkey","(EXTRACT(year FROM orders.o_entry_d))"],"Sort Method":"quicksort","Sort Space Used":523,"Sort Space Type":"Memory","Shared Hit Blocks":619887,"Shared Read Blocks":0,"Shared Dirtied Blocks":0,"Shared Written Blocks":0,"Local Hit Blocks":0,"Local Read Blocks":0,"Local Dirtied Blocks":0,"Local Written Blocks":0,"Temp Read Blocks":99613,"Temp Written Blocks":99622,"I/O Read Time":0.0,"I/O Write Time":0.0,"Temp I/O Read Time":156.161,"Temp I/O Write Time":444.902,"Plans":[{"Node Type":"Merge Join","Parent Relationship":"Outer","Parallel Aware":false,"Async Capable":false,"Join Type":"Inner","Startup Cost":1931300.18,"Total Cost":1935392.56,"Plan Rows":4422,"Plan Width":44,"Actual Startup Time":13853.917,"Actual Total Time":14005.91,"Actual Rows":6043,"Actual Loops":1,"Output":["supplier.su_nationkey","customer.c_nationkey","EXTRACT(year FROM orders.o_entry_d)","order_line.ol_amount"],"Inner Unique":false,"Merge Cond":"((orders.o_c_id = customer.c_id) AND (order_line.ol_w_id = customer.c_w_id) AND (order_line.ol_d_id = customer.c_d_id))","Join Filter":"((((n1.n_name)::text = 'Germany'::text) AND ((n2.n_name)::text = 'Cambodia'::text)) OR (((n1.n_name)::text = 'Cambodia'::text) AND ((n2.n_name)::text = 'Germany'::text)))","Rows Removed by Join Filter":5752,"Shared Hit Blocks":619887,"Shared Read Blocks":0,"Shared Dirtied Blocks":0,"Shared Written Blocks":0,"Local Hit Blocks":0,"Local Read Blocks":0,"Local Dirtied Blocks":0,"Local Written Blocks":0,"Temp Read Blocks":99613,"Temp Written Blocks":99622,"I/O Read Time":0.0,"I/O Write Time":0.0,"Temp I/O Read Time":156.161,"Temp I/O Write Time":444.902,"Plans":[{"Node Type":"Sort","Parent Relationship":"Outer","Parallel Aware":false,"Async Capable":false,"Startup Cost":1653286.38,"Total Cost":1653960.94,"Plan Rows":269824,"Plan Width":36,"Actual Startup Time":12989.089,"Actual Total Time":13060.42,"Actual Rows":242214,"Actual Loops":1,"Output":["supplier.su_nationkey","order_line.ol_amount","order_line.ol_w_id","order_line.ol_d_id","orders.o_entry_d","orders.o_w_id","orders.o_d_id","orders.o_c_id","n1.n_name"],"Sort Key":["orders.o_c_id","order_line.ol_w_id","order_line.ol_d_id"],"Sort Method":"external merge","Sort Space Used":11984,"Sort Space Type":"Disk","Shared Hit Blocks":390282,"Shared Read Blocks":0,"Shared Dirtied Blocks":0,"Shared Written Blocks":0,"Local Hit Blocks":0,"Local Read Blocks":0,"Local Dirtied Blocks":0,"Local Written Blocks":0,"Temp Read Blocks":99068,"Temp Written Blocks":99074,"I/O Read Time":0.0,"I/O Write Time":0.0,"Temp I/O Read Time":155.363,"Temp I/O Write Time":442.726,"Plans":[{"Node Type":"Hash Join","Parent Relationship":"Outer","Parallel Aware":false,"Async Capable":false,"Join Type":"Inner","Startup Cost":578698.35,"Total Cost":1621568.01,"Plan Rows":269824,"Plan Width":36,"Actual Startup Time":3000.58,"Actual Total Time":12861.396,"Actual Rows":242214,"Actual Loops":1,"Output":["supplier.su_nationkey","order_line.ol_amount","order_line.ol_w_id","order_line.ol_d_id","orders.o_entry_d","orders.o_w_id","orders.o_d_id","orders.o_c_id","n1.n_name"],"Inner Unique":true,"Hash Cond":"((order_line.ol_w_id = orders.o_w_id) AND (order_line.ol_d_id = orders.o_d_id) AND (order_line.ol_o_id = orders.o_id))","Shared Hit Blocks":390282,"Shared Read Blocks":0,"Shared Dirtied Blocks":0,"Shared Written Blocks":0,"Local Hit Blocks":0,"Local Read Blocks":0,"Local Dirtied Blocks":0,"Local Written Blocks":0,"Temp Read Blocks":97570,"Temp Written Blocks":97570,"I/O Read Time":0.0,"I/O Write Time":0.0,"Temp I/O Read Time":153.122,"Temp I/O Write Time":437.156,"Plans":[{"Node Type":"Hash Join","Parent Relationship":"Outer","Parallel Aware":false,"Async Capable":false,"Join Type":"Inner","Startup Cost":449103.27,"Total Cost":1468586.78,"Plan Rows":269988,"Plan Width":28,"Actual Startup Time":2092.654,"Actual Total Time":11620.805,"Actual Rows":242214,"Actual Loops":1,"Output":["supplier.su_nationkey","order_line.ol_amount","order_line.ol_w_id","order_line.ol_d_id","order_line.ol_o_id","n1.n_name"],"Inner Unique":true,"Hash Cond":"(supplier.su_nationkey = n1.n_nationkey)","Shared Hit Blocks":368223,"Shared Read Blocks":0,"Shared Dirtied Blocks":0,"Shared Written Blocks":0,"Local Hit Blocks":0,"Local Read Blocks":0,"Local Dirtied Blocks":0,"Local Written Blocks":0,"Temp Read Blocks":79026,"Temp Written Blocks":79026,"I/O Read Time":0.0,"I/O Write Time":0.0,"Temp I/O Read Time":123.873,"Temp I/O Write Time":353.699,"Plans":[{"Node Type":"Hash Join","Parent Relationship":"Outer","Parallel Aware":false,"Async Capable":false,"Join Type":"Inner","Startup Cost":449101.32,"Total Cost":1445112.71,"Plan Rows":8369638,"Plan Width":20,"Actual Startup Time":2090.769,"Actual Total Time":11010.368,"Actual Rows":8570498,"Actual Loops":1,"Output":["supplier.su_nationkey","order_line.ol_amount","order_line.ol_w_id","order_line.ol_d_id","order_line.ol_o_id"],"Inner Unique":true,"Hash Cond":"(mod((stock.s_w_id * stock.s_i_id), 10000) = supplier.su_suppkey)","Shared Hit Blocks":368222,"Shared Read Blocks":0,"Shared Dirtied Blocks":0,"Shared Written Blocks":0,"Local Hit Blocks":0,"Local Read Blocks":0,"Local Dirtied Blocks":0,"Local Written Blocks":0,"Temp Read Blocks":79026,"Temp Written Blocks":79026,"I/O Read Time":0.0,"I/O Write Time":0.0,"Temp I/O Read Time":123.873,"Temp I/O Write Time":353.699,"Plans":[{"Node Type":"Hash Join","Parent Relationship":"Outer","Parallel Aware":false,"Async Capable":false,"Join Type":"Inner","Startup Cost":448757.29,"Total Cost":1420694.79,"Plan Rows":8369638,"Plan Width":22,"Actual Startup Time":2087.729,"Actual Total Time":9315.066,"Actual Rows":8570498,"Actual Loops":1,"Output":["stock.s_w_id","stock.s_i_id","order_line.ol_amount","order_line.ol_w_id","order_line.ol_d_id","order_line.ol_o_id"],"Inner Unique":true,"Hash Cond":"((order_line.ol_supply_w_id = stock.s_w_id) AND (order_line.ol_i_id = stock.s_i_id))","Shared Hit Blocks":368222,"Shared Read Blocks":0,"Shared Dirtied Blocks":0,"Shared Written Blocks":0,"Local Hit Blocks":0,"Local Read Blocks":0,"Local Dirtied Blocks":0,"Local Written Blocks":0,"Temp Read Blocks":79026,"Temp Written Blocks":79026,"I/O Read Time":0.0,"I/O Write Time":0.0,"Temp I/O Read Time":123.873,"Temp I/O Write Time":353.699,"Plans":[{"Node Type":"Seq Scan","Parent Relationship":"Outer","Parallel Aware":false,"Async Capable":false,"Relation Name":"order_line","Schema":"public","Alias":"order_line","Startup Cost":0.0,"Total Cost":790850.88,"Plan Rows":8369638,"Plan Width":22,"Actual Startup Time":13.219,"Actual Total Time":2832.017,"Actual Rows":8570498,"Actual Loops":1,"Output":["order_line.ol_amount","order_line.ol_supply_w_id","order_line.ol_i_id","order_line.ol_w_id","order_line.ol_d_id","order_line.ol_o_id"],"Filter":"((order_line.ol_delivery_d >= '1995-01-02 20:10:02.27764'::timestamp without time zone) AND (order_line.ol_delivery_d <= '1997-01-01 20:10:02.27764'::timestamp without time zone))","Rows Removed by Filter":21427234,"Shared Hit Blocks":340884,"Shared Read Blocks":0,"Shared Dirtied Blocks":0,"Shared Written Blocks":0,"Local Hit Blocks":0,"Local Read Blocks":0,"Local Dirtied Blocks":0,"Local Written Blocks":0,"Temp Read Blocks":0,"Temp Written Blocks":0,"I/O Read Time":0.0,"I/O Write Time":0.0,"Temp I/O Read Time":0.0,"Temp I/O Write Time":0.0},{"Node Type":"Hash","Parent Relationship":"Inner","Parallel Aware":false,"Async Capable":false,"Startup Cost":259690.86,"Total Cost":259690.86,"Plan Rows":10000162,"Plan Width":6,"Actual Startup Time":2073.194,"Actual Total Time":2073.2,"Actual Rows":10000000,"Actual Loops":1,"Output":["stock.s_w_id","stock.s_i_id"],"Hash Buckets":262144,"Original Hash Buckets":262144,"Hash Batches":64,"Original Hash Batches":64,"Peak Memory Usage":8133,"Shared Hit Blocks":27338,"Shared Read Blocks":0,"Shared Dirtied Blocks":0,"Shared Written Blocks":0,"Local Hit Blocks":0,"Local Read Blocks":0,"Local Dirtied Blocks":0,"Local Written Blocks":0,"Temp Read Blocks":0,"Temp Written Blocks":33616,"I/O Read Time":0.0,"I/O Write Time":0.0,"Temp I/O Read Time":0.0,"Temp I/O Write Time":147.105,"Plans":[{"Node Type":"Index Only Scan","Parent Relationship":"Outer","Parallel Aware":false,"Async Capable":false,"Scan Direction":"Forward","Index Name":"stock_pk","Relation Name":"stock","Schema":"public","Alias":"stock","Startup Cost":0.43,"Total Cost":259690.86,"Plan Rows":10000162,"Plan Width":6,"Actual Startup Time":0.024,"Actual Total Time":718.322,"Actual Rows":10000000,"Actual Loops":1,"Output":["stock.s_w_id","stock.s_i_id"],"Heap Fetches":0,"Shared Hit Blocks":27338,"Shared Read Blocks":0,"Shared Dirtied Blocks":0,"Shared Written Blocks":0,"Local Hit Blocks":0,"Local Read Blocks":0,"Local Dirtied Blocks":0,"Local Written Blocks":0,"Temp Read Blocks":0,"Temp Written Blocks":0,"I/O Read Time":0.0,"I/O Write Time":0.0,"Temp I/O Read Time":0.0,"Temp I/O Write Time":0.0}]}]},{"Node Type":"Hash","Parent Relationship":"Inner","Parallel Aware":false,"Async Capable":false,"Startup Cost":219.01,"Total Cost":219.01,"Plan Rows":10001,"Plan Width":8,"Actual Startup Time":2.99,"Actual Total Time":2.995,"Actual Rows":10000,"Actual Loops":1,"Output":["supplier.su_nationkey","supplier.su_suppkey"],"Hash Buckets":16384,"Original Hash Buckets":16384,"Hash Batches":1,"Original Hash Batches":1,"Peak Memory Usage":519,"Shared Hit Blocks":0,"Shared Read Blocks":0,"Shared Dirtied Blocks":0,"Shared Written Blocks":0,"Local Hit Blocks":0,"Local Read Blocks":0,"Local Dirtied Blocks":0,"Local Written Blocks":0,"Temp Read Blocks":0,"Temp Written Blocks":0,"I/O Read Time":0.0,"I/O Write Time":0.0,"Temp I/O Read Time":0.0,"Temp I/O Write Time":0.0,"Plans":[{"Node Type":"Append","Parent Relationship":"Outer","Parallel Aware":false,"Async Capable":false,"Startup Cost":20.0,"Total Cost":219.01,"Plan Rows":10001,"Plan Width":8,"Actual Startup Time":0.024,"Actual Total Time":1.778,"Actual Rows":10000,"Actual Loops":1,"Shared Hit Blocks":0,"Shared Read Blocks":0,"Shared Dirtied Blocks":0,"Shared Written Blocks":0,"Local Hit Blocks":0,"Local Read Blocks":0,"Local Dirtied Blocks":0,"Local Written Blocks":0,"Temp Read Blocks":0,"Temp Written Blocks":0,"I/O Read Time":0.0,"I/O Write Time":0.0,"Temp I/O Read Time":0.0,"Temp I/O Write Time":0.0,"Subplans Removed":0,"Plans":[{"Node Type":"Custom Scan","Parent Relationship":"Member","Custom Plan Provider":"columnar scan","Parallel Aware":false,"Async Capable":false,"Relation Name":"supplier","Schema":"public","Alias":"supplier","Startup Cost":20.0,"Total Cost":215.0,"Plan Rows":10000,"Plan Width":8,"Actual Startup Time":0.022,"Actual Total Time":1.075,"Actual Rows":10000,"Actual Loops":1,"Output":["supplier.su_nationkey","supplier.su_suppkey"],"Rows Removed by Columnar Filter":0,"Columnar cache search mode":"native","Shared Hit Blocks":0,"Shared Read Blocks":0,"Shared Dirtied Blocks":0,"Shared Written Blocks":0,"Local Hit Blocks":0,"Local Read Blocks":0,"Local Dirtied Blocks":0,"Local Written Blocks":0,"Temp Read Blocks":0,"Temp Written Blocks":0,"I/O Read Time":0.0,"I/O Write Time":0.0,"Temp I/O Read Time":0.0,"Temp I/O Write Time":0.0},{"Node Type":"Seq Scan","Parent Relationship":"Member","Parallel Aware":false,"Async Capable":false,"Relation Name":"supplier","Schema":"public","Alias":"supplier","Startup Cost":0.0,"Total Cost":4.01,"Plan Rows":1,"Plan Width":8,"Actual Startup Time":0.0,"Actual Total Time":0.0,"Actual Rows":0,"Actual Loops":0,"Output":["supplier.su_nationkey","supplier.su_suppkey"],"Shared Hit Blocks":0,"Shared Read Blocks":0,"Shared Dirtied Blocks":0,"Shared Written Blocks":0,"Local Hit Blocks":0,"Local Read Blocks":0,"Local Dirtied Blocks":0,"Local Written Blocks":0,"Temp Read Blocks":0,"Temp Written Blocks":0,"I/O Read Time":0.0,"I/O Write Time":0.0,"Temp I/O Read Time":0.0,"Temp I/O Write Time":0.0}]}]}]},{"Node Type":"Hash","Parent Relationship":"Inner","Parallel Aware":false,"Async Capable":false,"Startup Cost":1.93,"Total Cost":1.93,"Plan Rows":2,"Plan Width":12,"Actual Startup Time":0.021,"Actual Total Time":0.023,"Actual Rows":2,"Actual Loops":1,"Output":["n1.n_nationkey","n1.n_name"],"Hash Buckets":1024,"Original Hash Buckets":1024,"Hash Batches":1,"Original Hash Batches":1,"Peak Memory Usage":9,"Shared Hit Blocks":1,"Shared Read Blocks":0,"Shared Dirtied Blocks":0,"Shared Written Blocks":0,"Local Hit Blocks":0,"Local Read Blocks":0,"Local Dirtied Blocks":0,"Local Written Blocks":0,"Temp Read Blocks":0,"Temp Written Blocks":0,"I/O Read Time":0.0,"I/O Write Time":0.0,"Temp I/O Read Time":0.0,"Temp I/O Write Time":0.0,"Plans":[{"Node Type":"Seq Scan","Parent Relationship":"Outer","Parallel Aware":false,"Async Capable":false,"Relation Name":"nation","Schema":"public","Alias":"n1","Startup Cost":0.0,"Total Cost":1.93,"Plan Rows":2,"Plan Width":12,"Actual Startup Time":0.013,"Actual Total Time":0.018,"Actual Rows":2,"Actual Loops":1,"Output":["n1.n_nationkey","n1.n_name"],"Filter":"(((n1.n_name)::text = 'Germany'::text) OR ((n1.n_name)::text = 'Cambodia'::text))","Rows Removed by Filter":60,"Shared Hit Blocks":1,"Shared Read Blocks":0,"Shared Dirtied Blocks":0,"Shared Written Blocks":0,"Local Hit Blocks":0,"Local Read Blocks":0,"Local Dirtied Blocks":0,"Local Written Blocks":0,"Temp Read Blocks":0,"Temp Written Blocks":0,"I/O Read Time":0.0,"I/O Write Time":0.0,"Temp I/O Read Time":0.0,"Temp I/O Write Time":0.0}]}]},{"Node Type":"Hash","Parent Relationship":"Inner","Parallel Aware":false,"Async Capable":false,"Startup Cost":59559.0,"Total Cost":59559.0,"Plan Rows":2998176,"Plan Width":24,"Actual Startup Time":899.838,"Actual Total Time":899.84,"Actual Rows":2997892,"Actual Loops":1,"Output":["orders.o_entry_d","orders.o_w_id","orders.o_d_id","orders.o_id","orders.o_c_id"],"Hash Buckets":131072,"Original Hash Buckets":131072,"Hash Batches":32,"Original Hash Batches":32,"Peak Memory Usage":6539,"Shared Hit Blocks":22059,"Shared Read Blocks":0,"Shared Dirtied Blocks":0,"Shared Written Blocks":0,"Local Hit Blocks":0,"Local Read Blocks":0,"Local Dirtied Blocks":0,"Local Written Blocks":0,"Temp Read Blocks":0,"Temp Written Blocks":16995,"I/O Read Time":0.0,"I/O Write Time":0.0,"Temp I/O Read Time":0.0,"Temp I/O Write Time":74.008,"Plans":[{"Node Type":"Seq Scan","Parent Relationship":"Outer","Parallel Aware":false,"Async Capable":false,"Relation Name":"orders","Schema":"public","Alias":"orders","Startup Cost":0.0,"Total Cost":59559.0,"Plan Rows":2998176,"Plan Width":24,"Actual Startup Time":0.013,"Actual Total Time":365.5,"Actual Rows":2997892,"Actual Loops":1,"Output":["orders.o_entry_d","orders.o_w_id","orders.o_d_id","orders.o_id","orders.o_c_id"],"Filter":"(orders.o_entry_d >= '1992-01-02 20:10:02.27764'::timestamp without time zone)","Rows Removed by Filter":2108,"Shared Hit Blocks":22059,"Shared Read Blocks":0,"Shared Dirtied Blocks":0,"Shared Written Blocks":0,"Local Hit Blocks":0,"Local Read Blocks":0,"Local Dirtied Blocks":0,"Local Written Blocks":0,"Temp Read Blocks":0,"Temp Written Blocks":0,"I/O Read Time":0.0,"I/O Write Time":0.0,"Temp I/O Read Time":0.0,"Temp I/O Write Time":0.0}]}]}]},{"Node Type":"Materialize","Parent Relationship":"Inner","Parallel Aware":false,"Async Capable":false,"Startup Cost":278013.7,"Total Cost":278497.53,"Plan Rows":96766,"Plan Width":20,"Actual Startup Time":864.768,"Actual Total Time":897.572,"Actual Rows":146547,"Actual Loops":1,"Output":["customer.c_nationkey","customer.c_id","customer.c_w_id","customer.c_d_id","n2.n_name"],"Shared Hit Blocks":229605,"Shared Read Blocks":0,"Shared Dirtied Blocks":0,"Shared Written Blocks":0,"Local Hit Blocks":0,"Local Read Blocks":0,"Local Dirtied Blocks":0,"Local Written Blocks":0,"Temp Read Blocks":545,"Temp Written Blocks":548,"I/O Read Time":0.0,"I/O Write Time":0.0,"Temp I/O Read Time":0.799,"Temp I/O Write Time":2.176,"Plans":[{"Node Type":"Sort","Parent Relationship":"Outer","Parallel Aware":false,"Async Capable":false,"Startup Cost":278013.7,"Total Cost":278255.62,"Plan Rows":96766,"Plan Width":20,"Actual Startup Time":864.761,"Actual Total Time":881.743,"Actual Rows":144982,"Actual Loops":1,"Output":["customer.c_nationkey","customer.c_id","customer.c_w_id","customer.c_d_id","n2.n_name"],"Sort Key":["customer.c_id","customer.c_w_id","customer.c_d_id"],"Sort Method":"external merge","Sort Space Used":4360,"Sort Space Type":"Disk","Shared Hit Blocks":229605,"Shared Read Blocks":0,"Shared Dirtied Blocks":0,"Shared Written Blocks":0,"Local Hit Blocks":0,"Local Read Blocks":0,"Local Dirtied Blocks":0,"Local Written Blocks":0,"Temp Read Blocks":545,"Temp Written Blocks":548,"I/O Read Time":0.0,"I/O Write Time":0.0,"Temp I/O Read Time":0.799,"Temp I/O Write Time":2.176,"Plans":[{"Node Type":"Hash Join","Parent Relationship":"Outer","Parallel Aware":false,"Async Capable":false,"Join Type":"Inner","Startup Cost":1.95,"Total Cost":268015.91,"Plan Rows":96766,"Plan Width":20,"Actual Startup Time":0.097,"Actual Total Time":807.963,"Actual Rows":144986,"Actual Loops":1,"Output":["customer.c_nationkey","customer.c_id","customer.c_w_id","customer.c_d_id","n2.n_name"],"Inner Unique":true,"Hash Cond":"(customer.c_nationkey = n2.n_nationkey)","Shared Hit Blocks":229605,"Shared Read Blocks":0,"Shared Dirtied Blocks":0,"Shared Written Blocks":0,"Local Hit Blocks":0,"Local Read Blocks":0,"Local Dirtied Blocks":0,"Local Written Blocks":0,"Temp Read Blocks":0,"Temp Written Blocks":0,"I/O Read Time":0.0,"I/O Write Time":0.0,"Temp I/O Read Time":0.0,"Temp I/O Write Time":0.0,"Plans":[{"Node Type":"Seq Scan","Parent Relationship":"Outer","Parallel Aware":false,"Async Capable":false,"Relation Name":"customer","Schema":"public","Alias":"customer","Startup Cost":0.0,"Total Cost":259601.38,"Plan Rows":2999738,"Plan Width":12,"Actual Startup Time":0.024,"Actual Total Time":351.095,"Actual Rows":3000000,"Actual Loops":1,"Output":["customer.c_id","customer.c_d_id","customer.c_w_id","customer.c_nationkey","customer.c_first","customer.c_middle","customer.c_last","customer.c_street_1","customer.c_street_2","customer.c_city","customer.c_state","customer.c_zip","customer.c_phone","customer.c_since","customer.c_credit","customer.c_credit_lim","customer.c_discount","customer.c_balance","customer.c_ytd_payment","customer.c_payment_cnt","customer.c_delivery_cnt","customer.c_data"],"Shared Hit Blocks":229604,"Shared Read Blocks":0,"Shared Dirtied Blocks":0,"Shared Written Blocks":0,"Local Hit Blocks":0,"Local Read Blocks":0,"Local Dirtied Blocks":0,"Local Written Blocks":0,"Temp Read Blocks":0,"Temp Written Blocks":0,"I/O Read Time":0.0,"I/O Write Time":0.0,"Temp I/O Read Time":0.0,"Temp I/O Write Time":0.0},{"Node Type":"Hash","Parent Relationship":"Inner","Parallel Aware":false,"Async Capable":false,"Startup Cost":1.93,"Total Cost":1.93,"Plan Rows":2,"Plan Width":12,"Actual Startup Time":0.025,"Actual Total Time":0.025,"Actual Rows":2,"Actual Loops":1,"Output":["n2.n_nationkey","n2.n_name"],"Hash Buckets":1024,"Original Hash Buckets":1024,"Hash Batches":1,"Original Hash Batches":1,"Peak Memory Usage":9,"Shared Hit Blocks":1,"Shared Read Blocks":0,"Shared Dirtied Blocks":0,"Shared Written Blocks":0,"Local Hit Blocks":0,"Local Read Blocks":0,"Local Dirtied Blocks":0,"Local Written Blocks":0,"Temp Read Blocks":0,"Temp Written Blocks":0,"I/O Read Time":0.0,"I/O Write Time":0.0,"Temp I/O Read Time":0.0,"Temp I/O Write Time":0.0,"Plans":[{"Node Type":"Seq Scan","Parent Relationship":"Outer","Parallel Aware":false,"Async Capable":false,"Relation Name":"nation","Schema":"public","Alias":"n2","Startup Cost":0.0,"Total Cost":1.93,"Plan Rows":2,"Plan Width":12,"Actual Startup Time":0.016,"Actual Total Time":0.02,"Actual Rows":2,"Actual Loops":1,"Output":["n2.n_nationkey","n2.n_name"],"Filter":"(((n2.n_name)::text = 'Cambodia'::text) OR ((n2.n_name)::text = 'Germany'::text))","Rows Removed by Filter":60,"Shared Hit Blocks":1,"Shared Read Blocks":0,"Shared Dirtied Blocks":0,"Shared Written Blocks":0,"Local Hit Blocks":0,"Local Read Blocks":0,"Local Dirtied Blocks":0,"Local Written Blocks":0,"Temp Read Blocks":0,"Temp Written Blocks":0,"I/O Read Time":0.0,"I/O Write Time":0.0,"Temp I/O Read Time":0.0,"Temp I/O Write Time":0.0}]}]}]}]}]}]}]},"Planning":{"Shared Hit Blocks":12,"Shared Read Blocks":0,"Shared Dirtied Blocks":0,"Shared Written Blocks":0,"Local Hit Blocks":0,"Local Read Blocks":0,"Local Dirtied Blocks":0,"Local Written Blocks":0,"Temp Read Blocks":0,"Temp Written Blocks":0,"I/O Read Time":0.0,"I/O Write Time":0.0,"Temp I/O Read Time":0.0,"Temp I/O Write Time":0.0},"Planning Time":2.893,"Triggers":[],"Execution Time":14012.042}]
[列存组合]: customer, nation, order_line
[{"Plan":{"Node Type":"Aggregate","Strategy":"Sorted","Partial Mode":"Simple","Parallel Aware":false,"Async Capable":false,"Startup Cost":1664952.3,"Total Cost":1665073.9,"Plan Rows":4422,"Plan Width":72,"Actual Startup Time":14797.534,"Actual Total Time":14798.863,"Actual Rows":6,"Actual Loops":1,"Output":["supplier.su_nationkey","customer.c_nationkey","(EXTRACT(year FROM orders.o_entry_d))","sum(order_line.ol_amount)"],"Group Key":["supplier.su_nationkey","customer.c_nationkey","(EXTRACT(year FROM orders.o_entry_d))"],"Shared Hit Blocks":49615,"Shared Read Blocks":0,"Shared Dirtied Blocks":0,"Shared Written Blocks":0,"Local Hit Blocks":0,"Local Read Blocks":0,"Local Dirtied Blocks":0,"Local Written Blocks":0,"Temp Read Blocks":103732,"Temp Written Blocks":103741,"I/O Read Time":0.0,"I/O Write Time":0.0,"Temp I/O Read Time":168.727,"Temp I/O Write Time":473.02,"Plans":[{"Node Type":"Sort","Parent Relationship":"Outer","Parallel Aware":false,"Async Capable":false,"Startup Cost":1664952.3,"Total Cost":1664963.35,"Plan Rows":4422,"Plan Width":44,"Actual Startup Time":14797.474,"Actual Total Time":14797.748,"Actual Rows":6043,"Actual Loops":1,"Output":["supplier.su_nationkey","customer.c_nationkey","(EXTRACT(year FROM orders.o_entry_d))","order_line.ol_amount"],"Sort Key":["supplier.su_nationkey","customer.c_nationkey","(EXTRACT(year FROM orders.o_entry_d))"],"Sort Method":"quicksort","Sort Space Used":523,"Sort Space Type":"Memory","Shared Hit Blocks":49615,"Shared Read Blocks":0,"Shared Dirtied Blocks":0,"Shared Written Blocks":0,"Local Hit Blocks":0,"Local Read Blocks":0,"Local Dirtied Blocks":0,"Local Written Blocks":0,"Temp Read Blocks":103732,"Temp Written Blocks":103741,"I/O Read Time":0.0,"I/O Write Time":0.0,"Temp I/O Read Time":168.727,"Temp I/O Write Time":473.02,"Plans":[{"Node Type":"Merge Join","Parent Relationship":"Outer","Parallel Aware":false,"Async Capable":false,"Join Type":"Inner","Startup Cost":1660592.15,"Total Cost":1664684.53,"Plan Rows":4422,"Plan Width":44,"Actual Startup Time":14644.344,"Actual Total Time":14796.041,"Actual Rows":6043,"Actual Loops":1,"Output":["supplier.su_nationkey","customer.c_nationkey","EXTRACT(year FROM orders.o_entry_d)","order_line.ol_amount"],"Merge Cond":"((orders.o_c_id = customer.c_id) AND (order_line.ol_w_id = customer.c_w_id) AND (order_line.ol_d_id = customer.c_d_id))","Join Filter":"((((n1.n_name)::text = 'Germany'::text) AND ((n2.n_name)::text = 'Cambodia'::text)) OR (((n1.n_name)::text = 'Cambodia'::text) AND ((n2.n_name)::text = 'Germany'::text)))","Rows Removed by Join Filter":5752,"Shared Hit Blocks":49615,"Shared Read Blocks":0,"Shared Dirtied Blocks":0,"Shared Written Blocks":0,"Local Hit Blocks":0,"Local Read Blocks":0,"Local Dirtied Blocks":0,"Local Written Blocks":0,"Temp Read Blocks":103732,"Temp Written Blocks":103741,"I/O Read Time":0.0,"I/O Write Time":0.0,"Temp I/O Read Time":168.727,"Temp I/O Write Time":473.02,"Plans":[{"Node Type":"Sort","Parent Relationship":"Outer","Parallel Aware":false,"Async Capable":false,"Startup Cost":1637877.47,"Total Cost":1638552.03,"Plan Rows":269824,"Plan Width":36,"Actual Startup Time":14529.82,"Actual Total Time":14600.423,"Actual Rows":242214,"Actual Loops":1,"Output":["supplier.su_nationkey","order_line.ol_amount","order_line.ol_w_id","order_line.ol_d_id","orders.o_entry_d","orders.o_w_id","orders.o_d_id","orders.o_c_id","n1.n_name"],"Sort Key":["orders.o_c_id","order_line.ol_w_id","order_line.ol_d_id"],"Sort Method":"external merge","Sort Space Used":11984,"Sort Space Type":"Disk","Shared Hit Blocks":49615,"Shared Read Blocks":0,"Shared Dirtied Blocks":0,"Shared Written Blocks":0,"Local Hit Blocks":0,"Local Read Blocks":0,"Local Dirtied Blocks":0,"Local Written Blocks":0,"Temp Read Blocks":103187,"Temp Written Blocks":103193,"I/O Read Time":0.0,"I/O Write Time":0.0,"Temp I/O Read Time":168.06,"Temp I/O Write Time":470.94,"Plans":[{"Node Type":"Hash Join","Parent Relationship":"Outer","Parallel Aware":false,"Async Capable":false,"Join Type":"Inner","Startup Cost":578816.33,"Total Cost":1606159.11,"Plan Rows":269824,"Plan Width":36,"Actual Startup Time":3005.827,"Actual Total Time":14402.863,"Actual Rows":242214,"Actual Loops":1,"Output":["supplier.su_nationkey","order_line.ol_amount","order_line.ol_w_id","order_line.ol_d_id","orders.o_entry_d","orders.o_w_id","orders.o_d_id","orders.o_c_id","n1.n_name"],"Hash Cond":"((order_line.ol_w_id = orders.o_w_id) AND (order_line.ol_d_id = orders.o_d_id) AND (order_line.ol_o_id = orders.o_id))","Shared Hit Blocks":49615,"Shared Read Blocks":0,"Shared Dirtied Blocks":0,"Shared Written Blocks":0,"Local Hit Blocks":0,"Local Read Blocks":0,"Local Dirtied Blocks":0,"Local Written Blocks":0,"Temp Read Blocks":101689,"Temp Written Blocks":101689,"I/O Read Time":0.0,"I/O Write Time":0.0,"Temp I/O Read Time":166.004,"Temp I/O Write Time":465.345,"Plans":[{"Node Type":"Hash Join","Parent Relationship":"Outer","Parallel Aware":false,"Async Capable":false,"Join Type":"Inner","Startup Cost":449221.25,"Total Cost":1453177.87,"Plan Rows":269988,"Plan Width":28,"Actual Startup Time":2096.462,"Actual Total Time":13155.416,"Actual Rows":242214,"Actual Loops":1,"Output":["supplier.su_nationkey","order_line.ol_amount","order_line.ol_w_id","order_line.ol_d_id","order_line.ol_o_id","n1.n_name"],"Hash Cond":"(supplier.su_nationkey = n1.n_nationkey)","Shared Hit Blocks":27556,"Shared Read Blocks":0,"Shared Dirtied Blocks":0,"Shared Written Blocks":0,"Local Hit Blocks":0,"Local Read Blocks":0,"Local Dirtied Blocks":0,"Local Written Blocks":0,"Temp Read Blocks":83145,"Temp Written Blocks":83145,"I/O Read Time":0.0,"I/O Write Time":0.0,"Temp I/O Read Time":136.507,"Temp I/O Write Time":379.384,"Plans":[{"Node Type":"Hash Join","Parent Relationship":"Outer","Parallel Aware":false,"Async Capable":false,"Join Type":"Inner","Startup Cost":449219.29,"Total Cost":1429703.81,"Plan Rows":8369638,"Plan Width":20,"Actual Startup Time":2094.417,"Actual Total Time":12510.788,"Actual Rows":8570498,"Actual Loops":1,"Output":["supplier.su_nationkey","order_line.ol_amount","order_line.ol_w_id","order_line.ol_d_id","order_line.ol_o_id"],"Hash Cond":"(mod((stock.s_w_id * stock.s_i_id), 10000) = supplier.su_suppkey)","Shared Hit Blocks":27555,"Shared Read Blocks":0,"Shared Dirtied Blocks":0,"Shared Written Blocks":0,"Local Hit Blocks":0,"Local Read Blocks":0,"Local Dirtied Blocks":0,"Local Written Blocks":0,"Temp Read Blocks":83145,"Temp Written Blocks":83145,"I/O Read Time":0.0,"I/O Write Time":0.0,"Temp I/O Read Time":136.507,"Temp I/O Write Time":379.384,"Plans":[{"Node Type":"Hash Join","Parent Relationship":"Outer","Parallel Aware":false,"Async Capable":false,"Join Type":"Inner","Startup Cost":448777.29,"Total Cost":1405187.91,"Plan Rows":8369638,"Plan Width":22,"Actual Startup Time":2091.883,"Actual Total Time":10748.962,"Actual Rows":8570498,"Actual Loops":1,"Output":["stock.s_w_id","stock.s_i_id","order_line.ol_amount","order_line.ol_w_id","order_line.ol_d_id","order_line.ol_o_id"],"Hash Cond":"((order_line.ol_supply_w_id = stock.s_w_id) AND (order_line.ol_i_id = stock.s_i_id))","Shared Hit Blocks":27338,"Shared Read Blocks":0,"Shared Dirtied Blocks":0,"Shared Written Blocks":0,"Local Hit Blocks":0,"Local Read Blocks":0,"Local Dirtied Blocks":0,"Local Written Blocks":0,"Temp Read Blocks":83145,"Temp Written Blocks":83145,"I/O Read Time":0.0,"I/O Write Time":0.0,"Temp I/O Read Time":136.507,"Temp I/O Write Time":379.384,"Plans":[{"Node Type":"Append","Parent Relationship":"Outer","Parallel Aware":false,"Async Capable":false,"Startup Cost":20.0,"Total Cost":775344.0,"Plan Rows":8369638,"Plan Width":22,"Actual Startup Time":0.217,"Actual Total Time":1631.782,"Actual Rows":8570498,"Actual Loops":1,"Shared Hit Blocks":0,"Shared Read Blocks":0,"Shared Dirtied Blocks":0,"Shared Written Blocks":0,"Local Hit Blocks":0,"Local Read Blocks":0,"Local Dirtied Blocks":0,"Local Written Blocks":0,"Temp Read Blocks":0,"Temp Written Blocks":0,"I/O Read Time":0.0,"I/O Write Time":0.0,"Temp I/O Read Time":0.0,"Temp I/O Write Time":0.0,"Subplans Removed":0,"Plans":[{"Node Type":"Custom Scan","Parent Relationship":"Member","Custom Plan Provider":"columnar scan","Parallel Aware":false,"Async Capable":false,"Relation Name":"order_line","Schema":"public","Alias":"order_line","Startup Cost":20.0,"Total Cost":230185.68,"Plan Rows":8369621,"Plan Width":22,"Actual Startup Time":0.215,"Actual Total Time":1033.511,"Actual Rows":8570498,"Actual Loops":1,"Output":["order_line.ol_amount","order_line.ol_supply_w_id","order_line.ol_i_id","order_line.ol_w_id","order_line.ol_d_id","order_line.ol_o_id"],"Filter":"((order_line.ol_delivery_d <= '1997-01-01 20:10:02.27764'::timestamp without time zone) AND (order_line.ol_delivery_d >= '1995-01-02 20:10:02.27764'::timestamp without time zone))","Rows Removed by Filter":0,"Rows Removed by Columnar Filter":21427234,"Columnar projection mode":"late materialization","Columnar cache search mode":"native","Shared Hit Blocks":0,"Shared Read Blocks":0,"Shared Dirtied Blocks":0,"Shared Written Blocks":0,"Local Hit Blocks":0,"Local Read Blocks":0,"Local Dirtied Blocks":0,"Local Written Blocks":0,"Temp Read Blocks":0,"Temp Written Blocks":0,"I/O Read Time":0.0,"I/O Write Time":0.0,"Temp I/O Read Time":0.0,"Temp I/O Write Time":0.0},{"Node Type":"Seq Scan","Parent Relationship":"Member","Parallel Aware":false,"Async Capable":false,"Relation Name":"order_line","Schema":"public","Alias":"order_line","Startup Cost":0.0,"Total Cost":4.9,"Plan Rows":17,"Plan Width":22,"Actual Startup Time":0.0,"Actual Total Time":0.0,"Actual Rows":0,"Actual Loops":0,"Output":["order_line.ol_amount","order_line.ol_supply_w_id","order_line.ol_i_id","order_line.ol_w_id","order_line.ol_d_id","order_line.ol_o_id"],"Filter":"((order_line.ol_delivery_d <= '1997-01-01 20:10:02.27764'::timestamp without time zone) AND (order_line.ol_delivery_d >= '1995-01-02 20:10:02.27764'::timestamp without time zone))","Rows Removed by Filter":0,"Shared Hit Blocks":0,"Shared Read Blocks":0,"Shared Dirtied Blocks":0,"Shared Written Blocks":0,"Local Hit Blocks":0,"Local Read Blocks":0,"Local Dirtied Blocks":0,"Local Written Blocks":0,"Temp Read Blocks":0,"Temp Written Blocks":0,"I/O Read Time":0.0,"I/O Write Time":0.0,"Temp I/O Read Time":0.0,"Temp I/O Write Time":0.0}]},{"Node Type":"Hash","Parent Relationship":"Inner","Parallel Aware":false,"Async Capable":false,"Startup Cost":259690.86,"Total Cost":259690.86,"Plan Rows":10000162,"Plan Width":6,"Actual Startup Time":2090.365,"Actual Total Time":2090.366,"Actual Rows":10000000,"Actual Loops":1,"Output":["stock.s_w_id","stock.s_i_id"],"Hash Buckets":262144,"Original Hash Buckets":262144,"Hash Batches":64,"Original Hash Batches":64,"Peak Memory Usage":8133,"Shared Hit Blocks":27338,"Shared Read Blocks":0,"Shared Dirtied Blocks":0,"Shared Written Blocks":0,"Local Hit Blocks":0,"Local Read Blocks":0,"Local Dirtied Blocks":0,"Local Written Blocks":0,"Temp Read Blocks":0,"Temp Written Blocks":33616,"I/O Read Time":0.0,"I/O Write Time":0.0,"Temp I/O Read Time":0.0,"Temp I/O Write Time":151.75,"Plans":[{"Node Type":"Index Only Scan","Parent Relationship":"Outer","Parallel Aware":false,"Async Capable":false,"Scan Direction":"Forward","Index Name":"stock_pk","Relation Name":"stock","Schema":"public","Alias":"stock","Startup Cost":0.43,"Total Cost":259690.86,"Plan Rows":10000162,"Plan Width":6,"Actual Startup Time":0.027,"Actual Total Time":730.354,"Actual Rows":10000000,"Actual Loops":1,"Output":["stock.s_w_id","stock.s_i_id"],"Heap Fetches":0,"Shared Hit Blocks":27338,"Shared Read Blocks":0,"Shared Dirtied Blocks":0,"Shared Written Blocks":0,"Local Hit Blocks":0,"Local Read Blocks":0,"Local Dirtied Blocks":0,"Local Written Blocks":0,"Temp Read Blocks":0,"Temp Written Blocks":0,"I/O Read Time":0.0,"I/O Write Time":0.0,"Temp I/O Read Time":0.0,"Temp I/O Write Time":0.0}]}]},{"Node Type":"Hash","Parent Relationship":"Inner","Parallel Aware":false,"Async Capable":false,"Startup Cost":317.0,"Total Cost":317.0,"Plan Rows":10000,"Plan Width":8,"Actual Startup Time":2.482,"Actual Total Time":2.482,"Actual Rows":10000,"Actual Loops":1,"Output":["supplier.su_nationkey","supplier.su_suppkey"],"Hash Buckets":16384,"Original Hash Buckets":16384,"Hash Batches":1,"Original Hash Batches":1,"Peak Memory Usage":519,"Shared Hit Blocks":217,"Shared Read Blocks":0,"Shared Dirtied Blocks":0,"Shared Written Blocks":0,"Local Hit Blocks":0,"Local Read Blocks":0,"Local Dirtied Blocks":0,"Local Written Blocks":0,"Temp Read Blocks":0,"Temp Written Blocks":0,"I/O Read Time":0.0,"I/O Write Time":0.0,"Temp I/O Read Time":0.0,"Temp I/O Write Time":0.0,"Plans":[{"Node Type":"Seq Scan","Parent Relationship":"Outer","Parallel Aware":false,"Async Capable":false,"Relation Name":"supplier","Schema":"public","Alias":"supplier","Startup Cost":0.0,"Total Cost":317.0,"Plan Rows":10000,"Plan Width":8,"Actual Startup Time":0.006,"Actual Total Time":1.26,"Actual Rows":10000,"Actual Loops":1,"Output":["supplier.su_nationkey","supplier.su_suppkey"],"Shared Hit Blocks":217,"Shared Read Blocks":0,"Shared Dirtied Blocks":0,"Shared Written Blocks":0,"Local Hit Blocks":0,"Local Read Blocks":0,"Local Dirtied Blocks":0,"Local Written Blocks":0,"Temp Read Blocks":0,"Temp Written Blocks":0,"I/O Read Time":0.0,"I/O Write Time":0.0,"Temp I/O Read Time":0.0,"Temp I/O Write Time":0.0}]}]},{"Node Type":"Hash","Parent Relationship":"Inner","Parallel Aware":false,"Async Capable":false,"Startup Cost":1.93,"Total Cost":1.93,"Plan Rows":2,"Plan Width":12,"Actual Startup Time":0.022,"Actual Total Time":0.024,"Actual Rows":2,"Actual Loops":1,"Output":["n1.n_nationkey","n1.n_name"],"Hash Buckets":1024,"Original Hash Buckets":1024,"Hash Batches":1,"Original Hash Batches":1,"Peak Memory Usage":9,"Shared Hit Blocks":1,"Shared Read Blocks":0,"Shared Dirtied Blocks":0,"Shared Written Blocks":0,"Local Hit Blocks":0,"Local Read Blocks":0,"Local Dirtied Blocks":0,"Local Written Blocks":0,"Temp Read Blocks":0,"Temp Written Blocks":0,"I/O Read Time":0.0,"I/O Write Time":0.0,"Temp I/O Read Time":0.0,"Temp I/O Write Time":0.0,"Plans":[{"Node Type":"Seq Scan","Parent Relationship":"Outer","Parallel Aware":false,"Async Capable":false,"Relation Name":"nation","Schema":"public","Alias":"n1","Startup Cost":0.0,"Total Cost":1.93,"Plan Rows":2,"Plan Width":12,"Actual Startup Time":0.015,"Actual Total Time":0.02,"Actual Rows":2,"Actual Loops":1,"Output":["n1.n_nationkey","n1.n_name"],"Filter":"(((n1.n_name)::text = 'Germany'::text) OR ((n1.n_name)::text = 'Cambodia'::text))","Rows Removed by Filter":60,"Shared Hit Blocks":1,"Shared Read Blocks":0,"Shared Dirtied Blocks":0,"Shared Written Blocks":0,"Local Hit Blocks":0,"Local Read Blocks":0,"Local Dirtied Blocks":0,"Local Written Blocks":0,"Temp Read Blocks":0,"Temp Written Blocks":0,"I/O Read Time":0.0,"I/O Write Time":0.0,"Temp I/O Read Time":0.0,"Temp I/O Write Time":0.0}]}]},{"Node Type":"Hash","Parent Relationship":"Inner","Parallel Aware":false,"Async Capable":false,"Startup Cost":59559.0,"Total Cost":59559.0,"Plan Rows":2998176,"Plan Width":24,"Actual Startup Time":901.667,"Actual Total Time":901.669,"Actual Rows":2997892,"Actual Loops":1,"Output":["orders.o_entry_d","orders.o_w_id","orders.o_d_id","orders.o_id","orders.o_c_id"],"Hash Buckets":131072,"Original Hash Buckets":131072,"Hash Batches":32,"Original Hash Batches":32,"Peak Memory Usage":6539,"Shared Hit Blocks":22059,"Shared Read Blocks":0,"Shared Dirtied Blocks":0,"Shared Written Blocks":0,"Local Hit Blocks":0,"Local Read Blocks":0,"Local Dirtied Blocks":0,"Local Written Blocks":0,"Temp Read Blocks":0,"Temp Written Blocks":16995,"I/O Read Time":0.0,"I/O Write Time":0.0,"Temp I/O Read Time":0.0,"Temp I/O Write Time":75.049,"Plans":[{"Node Type":"Seq Scan","Parent Relationship":"Outer","Parallel Aware":false,"Async Capable":false,"Relation Name":"orders","Schema":"public","Alias":"orders","Startup Cost":0.0,"Total Cost":59559.0,"Plan Rows":2998176,"Plan Width":24,"Actual Startup Time":0.014,"Actual Total Time":365.003,"Actual Rows":2997892,"Actual Loops":1,"Output":["orders.o_entry_d","orders.o_w_id","orders.o_d_id","orders.o_id","orders.o_c_id"],"Filter":"(orders.o_entry_d >= '1992-01-02 20:10:02.27764'::timestamp without time zone)","Rows Removed by Filter":2108,"Shared Hit Blocks":22059,"Shared Read Blocks":0,"Shared Dirtied Blocks":0,"Shared Written Blocks":0,"Local Hit Blocks":0,"Local Read Blocks":0,"Local Dirtied Blocks":0,"Local Written Blocks":0,"Temp Read Blocks":0,"Temp Written Blocks":0,"I/O Read Time":0.0,"I/O Write Time":0.0,"Temp I/O Read Time":0.0,"Temp I/O Write Time":0.0}]}]}]},{"Node Type":"Materialize","Parent Relationship":"Inner","Parallel Aware":false,"Async Capable":false,"Startup Cost":22714.58,"Total Cost":23198.41,"Plan Rows":96766,"Plan Width":20,"Actual Startup Time":114.49,"Actual Total Time":147.485,"Actual Rows":146547,"Actual Loops":1,"Output":["customer.c_nationkey","customer.c_id","customer.c_w_id","customer.c_d_id","n2.n_name"],"Shared Hit Blocks":0,"Shared Read Blocks":0,"Shared Dirtied Blocks":0,"Shared Written Blocks":0,"Local Hit Blocks":0,"Local Read Blocks":0,"Local Dirtied Blocks":0,"Local Written Blocks":0,"Temp Read Blocks":545,"Temp Written Blocks":548,"I/O Read Time":0.0,"I/O Write Time":0.0,"Temp I/O Read Time":0.667,"Temp I/O Write Time":2.08,"Plans":[{"Node Type":"Sort","Parent Relationship":"Outer","Parallel Aware":false,"Async Capable":false,"Startup Cost":22714.58,"Total Cost":22956.49,"Plan Rows":96766,"Plan Width":20,"Actual Startup Time":114.483,"Actual Total Time":131.428,"Actual Rows":144982,"Actual Loops":1,"Output":["customer.c_nationkey","customer.c_id","customer.c_w_id","customer.c_d_id","n2.n_name"],"Sort Key":["customer.c_id","customer.c_w_id","customer.c_d_id"],"Sort Method":"external merge","Sort Space Used":4360,"Sort Space Type":"Disk","Shared Hit Blocks":0,"Shared Read Blocks":0,"Shared Dirtied Blocks":0,"Shared Written Blocks":0,"Local Hit Blocks":0,"Local Read Blocks":0,"Local Dirtied Blocks":0,"Local Written Blocks":0,"Temp Read Blocks":545,"Temp Written Blocks":548,"I/O Read Time":0.0,"I/O Write Time":0.0,"Temp I/O Read Time":0.667,"Temp I/O Write Time":2.08,"Plans":[{"Node Type":"Hash Join","Parent Relationship":"Outer","Parallel Aware":false,"Async Capable":false,"Join Type":"Inner","Startup Cost":44.04,"Total Cost":12716.78,"Plan Rows":96766,"Plan Width":20,"Actual Startup Time":26.051,"Actual Total Time":65.862,"Actual Rows":144986,"Actual Loops":1,"Output":["customer.c_nationkey","customer.c_id","customer.c_w_id","customer.c_d_id","n2.n_name"],"Hash Cond":"(customer.c_nationkey = n2.n_nationkey)","Rows Removed by Bloom Filter":6506642,"Shared Hit Blocks":0,"Shared Read Blocks":0,"Shared Dirtied Blocks":0,"Shared Written Blocks":0,"Local Hit Blocks":0,"Local Read Blocks":0,"Local Dirtied Blocks":0,"Local Written Blocks":0,"Temp Read Blocks":0,"Temp Written Blocks":0,"I/O Read Time":0.0,"I/O Write Time":0.0,"Temp I/O Read Time":0.0,"Temp I/O Write Time":0.0,"Plans":[{"Node Type":"Append","Parent Relationship":"Outer","Parallel Aware":false,"Async Capable":false,"Startup Cost":20.0,"Total Cost":70517.88,"Plan Rows":2999739,"Plan Width":12,"Actual Startup Time":0.148,"Actual Total Time":0.149,"Actual Rows":3000000,"Actual Loops":1,"Shared Hit Blocks":0,"Shared Read Blocks":0,"Shared Dirtied Blocks":0,"Shared Written Blocks":0,"Local Hit Blocks":0,"Local Read Blocks":0,"Local Dirtied Blocks":0,"Local Written Blocks":0,"Temp Read Blocks":0,"Temp Written Blocks":0,"I/O Read Time":0.0,"I/O Write Time":0.0,"Temp I/O Read Time":0.0,"Temp I/O Write Time":0.0,"Subplans Removed":0,"Plans":[{"Node Type":"Custom Scan","Parent Relationship":"Member","Custom Plan Provider":"columnar scan","Parallel Aware":false,"Async Capable":false,"Relation Name":"customer","Schema":"public","Alias":"customer","Startup Cost":20.0,"Total Cost":70513.87,"Plan Rows":2999738,"Plan Width":12,"Actual Startup Time":0.147,"Actual Total Time":0.147,"Actual Rows":3000000,"Actual Loops":1,"Output":["customer.c_nationkey","customer.c_id","customer.c_w_id","customer.c_d_id"],"Rows Removed by Columnar Filter":0,"Columnar cache search mode":"native","Shared Hit Blocks":0,"Shared Read Blocks":0,"Shared Dirtied Blocks":0,"Shared Written Blocks":0,"Local Hit Blocks":0,"Local Read Blocks":0,"Local Dirtied Blocks":0,"Local Written Blocks":0,"Temp Read Blocks":0,"Temp Written Blocks":0,"I/O Read Time":0.0,"I/O Write Time":0.0,"Temp I/O Read Time":0.0,"Temp I/O Write Time":0.0},{"Node Type":"Seq Scan","Parent Relationship":"Member","Parallel Aware":false,"Async Capable":false,"Relation Name":"customer","Schema":"public","Alias":"customer","Startup Cost":0.0,"Total Cost":4.01,"Plan Rows":1,"Plan Width":12,"Actual Startup Time":0.0,"Actual Total Time":0.0,"Actual Rows":0,"Actual Loops":0,"Output":["customer.c_nationkey","customer.c_id","customer.c_w_id","customer.c_d_id"],"Shared Hit Blocks":0,"Shared Read Blocks":0,"Shared Dirtied Blocks":0,"Shared Written Blocks":0,"Local Hit Blocks":0,"Local Read Blocks":0,"Local Dirtied Blocks":0,"Local Written Blocks":0,"Temp Read Blocks":0,"Temp Written Blocks":0,"I/O Read Time":0.0,"I/O Write Time":0.0,"Temp I/O Read Time":0.0,"Temp I/O Write Time":0.0}]},{"Node Type":"Hash","Parent Relationship":"Inner","Parallel Aware":false,"Async Capable":false,"Startup Cost":24.07,"Total Cost":24.07,"Plan Rows":3,"Plan Width":12,"Actual Rows":2,"Actual Loops":1,"Output":["n2.n_nationkey","n2.n_name"],"Shared Hit Blocks":0,"Shared Read Blocks":0,"Shared Dirtied Blocks":0,"Shared Written Blocks":0,"Local Hit Blocks":0,"Local Read Blocks":0,"Local Dirtied Blocks":0,"Local Written Blocks":0,"Temp Read Blocks":0,"Temp Written Blocks":0,"I/O Read Time":0.0,"I/O Write Time":0.0,"Temp I/O Read Time":0.0,"Temp I/O Write Time":0.0,"Plans":[{"Node Type":"Append","Parent Relationship":"Outer","Parallel Aware":false,"Async Capable":false,"Startup Cost":20.0,"Total Cost":24.07,"Plan Rows":3,"Plan Width":12,"Actual Startup Time":0.078,"Actual Total Time":0.078,"Actual Rows":2,"Actual Loops":1,"Shared Hit Blocks":0,"Shared Read Blocks":0,"Shared Dirtied Blocks":0,"Shared Written Blocks":0,"Local Hit Blocks":0,"Local Read Blocks":0,"Local Dirtied Blocks":0,"Local Written Blocks":0,"Temp Read Blocks":0,"Temp Written Blocks":0,"I/O Read Time":0.0,"I/O Write Time":0.0,"Temp I/O Read Time":0.0,"Temp I/O Write Time":0.0,"Subplans Removed":0,"Plans":[{"Node Type":"Custom Scan","Parent Relationship":"Member","Custom Plan Provider":"columnar scan","Parallel Aware":false,"Async Capable":false,"Relation Name":"nation","Schema":"public","Alias":"n2","Startup Cost":20.0,"Total Cost":20.05,"Plan Rows":2,"Plan Width":12,"Actual Startup Time":0.075,"Actual Total Time":0.075,"Actual Rows":2,"Actual Loops":1,"Output":["n2.n_nationkey","n2.n_name"],"Filter":"(((n2.n_name)::text = 'Cambodia'::text) OR ((n2.n_name)::text = 'Germany'::text))","Rows Removed by Filter":0,"Rows Removed by Columnar Filter":60,"Columnar cache search mode":"native","Shared Hit Blocks":0,"Shared Read Blocks":0,"Shared Dirtied Blocks":0,"Shared Written Blocks":0,"Local Hit Blocks":0,"Local Read Blocks":0,"Local Dirtied Blocks":0,"Local Written Blocks":0,"Temp Read Blocks":0,"Temp Written Blocks":0,"I/O Read Time":0.0,"I/O Write Time":0.0,"Temp I/O Read Time":0.0,"Temp I/O Write Time":0.0},{"Node Type":"Seq Scan","Parent Relationship":"Member","Parallel Aware":false,"Async Capable":false,"Relation Name":"nation","Schema":"public","Alias":"n2","Startup Cost":0.0,"Total Cost":4.01,"Plan Rows":1,"Plan Width":12,"Actual Startup Time":0.0,"Actual Total Time":0.0,"Actual Rows":0,"Actual Loops":0,"Output":["n2.n_nationkey","n2.n_name"],"Filter":"(((n2.n_name)::text = 'Cambodia'::text) OR ((n2.n_name)::text = 'Germany'::text))","Rows Removed by Filter":0,"Shared Hit Blocks":0,"Shared Read Blocks":0,"Shared Dirtied Blocks":0,"Shared Written Blocks":0,"Local Hit Blocks":0,"Local Read Blocks":0,"Local Dirtied Blocks":0,"Local Written Blocks":0,"Temp Read Blocks":0,"Temp Written Blocks":0,"I/O Read Time":0.0,"I/O Write Time":0.0,"Temp I/O Read Time":0.0,"Temp I/O Write Time":0.0}]}]}]}]}]}]}]}]},"Planning":{"Shared Hit Blocks":12,"Shared Read Blocks":0,"Shared Dirtied Blocks":0,"Shared Written Blocks":0,"Local Hit Blocks":0,"Local Read Blocks":0,"Local Dirtied Blocks":0,"Local Written Blocks":0,"Temp Read Blocks":0,"Temp Written Blocks":0,"I/O Read Time":0.0,"I/O Write Time":0.0,"Temp I/O Read Time":0.0,"Temp I/O Write Time":0.0},"Planning Time":3.095,"Triggers":[],"Execution Time":14801.717}]
[列存组合]: customer, nation, orders
[{"Plan":{"Node Type":"Aggregate","Strategy":"Sorted","Partial Mode":"Simple","Parallel Aware":false,"Async Capable":false,"Startup Cost":1680459.18,"Total Cost":1680580.78,"Plan Rows":4422,"Plan Width":72,"Actual Startup Time":13356.459,"Actual Total Time":13357.727,"Actual Rows":6,"Actual Loops":1,"Output":["supplier.su_nationkey","customer.c_nationkey","(EXTRACT(year FROM orders.o_entry_d))","sum(order_line.ol_amount)"],"Group Key":["supplier.su_nationkey","customer.c_nationkey","(EXTRACT(year FROM orders.o_entry_d))"],"Shared Hit Blocks":390499,"Shared Read Blocks":0,"Shared Dirtied Blocks":0,"Shared Written Blocks":0,"Local Hit Blocks":0,"Local Read Blocks":0,"Local Dirtied Blocks":0,"Local Written Blocks":0,"Temp Read Blocks":99613,"Temp Written Blocks":99622,"I/O Read Time":0.0,"I/O Write Time":0.0,"Temp I/O Read Time":162.245,"Temp I/O Write Time":462.142,"Plans":[{"Node Type":"Sort","Parent Relationship":"Outer","Parallel Aware":false,"Async Capable":false,"Startup Cost":1680459.18,"Total Cost":1680470.23,"Plan Rows":4422,"Plan Width":44,"Actual Startup Time":13356.398,"Actual Total Time":13356.659,"Actual Rows":6043,"Actual Loops":1,"Output":["supplier.su_nationkey","customer.c_nationkey","(EXTRACT(year FROM orders.o_entry_d))","order_line.ol_amount"],"Sort Key":["supplier.su_nationkey","customer.c_nationkey","(EXTRACT(year FROM orders.o_entry_d))"],"Sort Method":"quicksort","Sort Space Used":523,"Sort Space Type":"Memory","Shared Hit Blocks":390499,"Shared Read Blocks":0,"Shared Dirtied Blocks":0,"Shared Written Blocks":0,"Local Hit Blocks":0,"Local Read Blocks":0,"Local Dirtied Blocks":0,"Local Written Blocks":0,"Temp Read Blocks":99613,"Temp Written Blocks":99622,"I/O Read Time":0.0,"I/O Write Time":0.0,"Temp I/O Read Time":162.245,"Temp I/O Write Time":462.142,"Plans":[{"Node Type":"Merge Join","Parent Relationship":"Outer","Parallel Aware":false,"Async Capable":false,"Join Type":"Inner","Startup Cost":1676099.03,"Total Cost":1680191.41,"Plan Rows":4422,"Plan Width":44,"Actual Startup Time":13202.677,"Actual Total Time":13354.95,"Actual Rows":6043,"Actual Loops":1,"Output":["supplier.su_nationkey","customer.c_nationkey","EXTRACT(year FROM orders.o_entry_d)","order_line.ol_amount"],"Merge Cond":"((orders.o_c_id = customer.c_id) AND (order_line.ol_w_id = customer.c_w_id) AND (order_line.ol_d_id = customer.c_d_id))","Join Filter":"((((n1.n_name)::text = 'Germany'::text) AND ((n2.n_name)::text = 'Cambodia'::text)) OR (((n1.n_name)::text = 'Cambodia'::text) AND ((n2.n_name)::text = 'Germany'::text)))","Rows Removed by Join Filter":5752,"Shared Hit Blocks":390499,"Shared Read Blocks":0,"Shared Dirtied Blocks":0,"Shared Written Blocks":0,"Local Hit Blocks":0,"Local Read Blocks":0,"Local Dirtied Blocks":0,"Local Written Blocks":0,"Temp Read Blocks":99613,"Temp Written Blocks":99622,"I/O Read Time":0.0,"I/O Write Time":0.0,"Temp I/O Read Time":162.245,"Temp I/O Write Time":462.142,"Plans":[{"Node Type":"Sort","Parent Relationship":"Outer","Parallel Aware":false,"Async Capable":false,"Startup Cost":1653384.35,"Total Cost":1654058.91,"Plan Rows":269824,"Plan Width":36,"Actual Startup Time":13086.012,"Actual Total Time":13157.643,"Actual Rows":242214,"Actual Loops":1,"Output":["supplier.su_nationkey","order_line.ol_amount","order_line.ol_w_id","order_line.ol_d_id","orders.o_entry_d","orders.o_w_id","orders.o_d_id","orders.o_c_id","n1.n_name"],"Sort Key":["orders.o_c_id","order_line.ol_w_id","order_line.ol_d_id"],"Sort Method":"external merge","Sort Space Used":11984,"Sort Space Type":"Disk","Shared Hit Blocks":390499,"Shared Read Blocks":0,"Shared Dirtied Blocks":0,"Shared Written Blocks":0,"Local Hit Blocks":0,"Local Read Blocks":0,"Local Dirtied Blocks":0,"Local Written Blocks":0,"Temp Read Blocks":99068,"Temp Written Blocks":99074,"I/O Read Time":0.0,"I/O Write Time":0.0,"Temp I/O Read Time":161.603,"Temp I/O Write Time":460.031,"Plans":[{"Node Type":"Hash Join","Parent Relationship":"Outer","Parallel Aware":false,"Async Capable":false,"Join Type":"Inner","Startup Cost":578796.33,"Total Cost":1621665.99,"Plan Rows":269824,"Plan Width":36,"Actual Startup Time":3037.843,"Actual Total Time":12957.892,"Actual Rows":242214,"Actual Loops":1,"Output":["supplier.su_nationkey","order_line.ol_amount","order_line.ol_w_id","order_line.ol_d_id","orders.o_entry_d","orders.o_w_id","orders.o_d_id","orders.o_c_id","n1.n_name"],"Hash Cond":"((order_line.ol_w_id = orders.o_w_id) AND (order_line.ol_d_id = orders.o_d_id) AND (order_line.ol_o_id = orders.o_id))","Shared Hit Blocks":390499,"Shared Read Blocks":0,"Shared Dirtied Blocks":0,"Shared Written Blocks":0,"Local Hit Blocks":0,"Local Read Blocks":0,"Local Dirtied Blocks":0,"Local Written Blocks":0,"Temp Read Blocks":97570,"Temp Written Blocks":97570,"I/O Read Time":0.0,"I/O Write Time":0.0,"Temp I/O Read Time":159.551,"Temp I/O Write Time":454.468,"Plans":[{"Node Type":"Hash Join","Parent Relationship":"Outer","Parallel Aware":false,"Async Capable":false,"Join Type":"Inner","Startup Cost":449201.25,"Total Cost":1468684.75,"Plan Rows":269988,"Plan Width":28,"Actual Startup Time":2106.515,"Actual Total Time":11684.771,"Actual Rows":242214,"Actual Loops":1,"Output":["supplier.su_nationkey","order_line.ol_amount","order_line.ol_w_id","order_line.ol_d_id","order_line.ol_o_id","n1.n_name"],"Hash Cond":"(supplier.su_nationkey = n1.n_nationkey)","Shared Hit Blocks":368440,"Shared Read Blocks":0,"Shared Dirtied Blocks":0,"Shared Written Blocks":0,"Local Hit Blocks":0,"Local Read Blocks":0,"Local Dirtied Blocks":0,"Local Written Blocks":0,"Temp Read Blocks":79026,"Temp Written Blocks":79026,"I/O Read Time":0.0,"I/O Write Time":0.0,"Temp I/O Read Time":130.825,"Temp I/O Write Time":369.879,"Plans":[{"Node Type":"Hash Join","Parent Relationship":"Outer","Parallel Aware":false,"Async Capable":false,"Join Type":"Inner","Startup Cost":449199.29,"Total Cost":1445210.69,"Plan Rows":8369638,"Plan Width":20,"Actual Startup Time":2104.5,"Actual Total Time":11088.476,"Actual Rows":8570498,"Actual Loops":1,"Output":["supplier.su_nationkey","order_line.ol_amount","order_line.ol_w_id","order_line.ol_d_id","order_line.ol_o_id"],"Hash Cond":"(mod((stock.s_w_id * stock.s_i_id), 10000) = supplier.su_suppkey)","Shared Hit Blocks":368439,"Shared Read Blocks":0,"Shared Dirtied Blocks":0,"Shared Written Blocks":0,"Local Hit Blocks":0,"Local Read Blocks":0,"Local Dirtied Blocks":0,"Local Written Blocks":0,"Temp Read Blocks":79026,"Temp Written Blocks":79026,"I/O Read Time":0.0,"I/O Write Time":0.0,"Temp I/O Read Time":130.825,"Temp I/O Write Time":369.879,"Plans":[{"Node Type":"Hash Join","Parent Relationship":"Outer","Parallel Aware":false,"Async Capable":false,"Join Type":"Inner","Startup Cost":448757.29,"Total Cost":1420694.79,"Plan Rows":8369638,"Plan Width":22,"Actual Startup Time":2101.976,"Actual Total Time":9396.712,"Actual Rows":8570498,"Actual Loops":1,"Output":["stock.s_w_id","stock.s_i_id","order_line.ol_amount","order_line.ol_w_id","order_line.ol_d_id","order_line.ol_o_id"],"Hash Cond":"((order_line.ol_supply_w_id = stock.s_w_id) AND (order_line.ol_i_id = stock.s_i_id))","Shared Hit Blocks":368222,"Shared Read Blocks":0,"Shared Dirtied Blocks":0,"Shared Written Blocks":0,"Local Hit Blocks":0,"Local Read Blocks":0,"Local Dirtied Blocks":0,"Local Written Blocks":0,"Temp Read Blocks":79026,"Temp Written Blocks":79026,"I/O Read Time":0.0,"I/O Write Time":0.0,"Temp I/O Read Time":130.825,"Temp I/O Write Time":369.879,"Plans":[{"Node Type":"Seq Scan","Parent Relationship":"Outer","Parallel Aware":false,"Async Capable":false,"Relation Name":"order_line","Schema":"public","Alias":"order_line","Startup Cost":0.0,"Total Cost":790850.88,"Plan Rows":8369638,"Plan Width":22,"Actual Startup Time":13.107,"Actual Total Time":2864.658,"Actual Rows":8570498,"Actual Loops":1,"Output":["order_line.ol_amount","order_line.ol_supply_w_id","order_line.ol_i_id","order_line.ol_w_id","order_line.ol_d_id","order_line.ol_o_id"],"Filter":"((order_line.ol_delivery_d >= '1995-01-02 20:10:02.27764'::timestamp without time zone) AND (order_line.ol_delivery_d <= '1997-01-01 20:10:02.27764'::timestamp without time zone))","Rows Removed by Filter":21427234,"Shared Hit Blocks":340884,"Shared Read Blocks":0,"Shared Dirtied Blocks":0,"Shared Written Blocks":0,"Local Hit Blocks":0,"Local Read Blocks":0,"Local Dirtied Blocks":0,"Local Written Blocks":0,"Temp Read Blocks":0,"Temp Written Blocks":0,"I/O Read Time":0.0,"I/O Write Time":0.0,"Temp I/O Read Time":0.0,"Temp I/O Write Time":0.0},{"Node Type":"Hash","Parent Relationship":"Inner","Parallel Aware":false,"Async Capable":false,"Startup Cost":259690.86,"Total Cost":259690.86,"Plan Rows":10000162,"Plan Width":6,"Actual Startup Time":2087.457,"Actual Total Time":2087.459,"Actual Rows":10000000,"Actual Loops":1,"Output":["stock.s_w_id","stock.s_i_id"],"Hash Buckets":262144,"Original Hash Buckets":262144,"Hash Batches":64,"Original Hash Batches":64,"Peak Memory Usage":8133,"Shared Hit Blocks":27338,"Shared Read Blocks":0,"Shared Dirtied Blocks":0,"Shared Written Blocks":0,"Local Hit Blocks":0,"Local Read Blocks":0,"Local Dirtied Blocks":0,"Local Written Blocks":0,"Temp Read Blocks":0,"Temp Written Blocks":33616,"I/O Read Time":0.0,"I/O Write Time":0.0,"Temp I/O Read Time":0.0,"Temp I/O Write Time":155.856,"Plans":[{"Node Type":"Index Only Scan","Parent Relationship":"Outer","Parallel Aware":false,"Async Capable":false,"Scan Direction":"Forward","Index Name":"stock_pk","Relation Name":"stock","Schema":"public","Alias":"stock","Startup Cost":0.43,"Total Cost":259690.86,"Plan Rows":10000162,"Plan Width":6,"Actual Startup Time":0.033,"Actual Total Time":720.857,"Actual Rows":10000000,"Actual Loops":1,"Output":["stock.s_w_id","stock.s_i_id"],"Heap Fetches":0,"Shared Hit Blocks":27338,"Shared Read Blocks":0,"Shared Dirtied Blocks":0,"Shared Written Blocks":0,"Local Hit Blocks":0,"Local Read Blocks":0,"Local Dirtied Blocks":0,"Local Written Blocks":0,"Temp Read Blocks":0,"Temp Written Blocks":0,"I/O Read Time":0.0,"I/O Write Time":0.0,"Temp I/O Read Time":0.0,"Temp I/O Write Time":0.0}]}]},{"Node Type":"Hash","Parent Relationship":"Inner","Parallel Aware":false,"Async Capable":false,"Startup Cost":317.0,"Total Cost":317.0,"Plan Rows":10000,"Plan Width":8,"Actual Startup Time":2.46,"Actual Total Time":2.46,"Actual Rows":10000,"Actual Loops":1,"Output":["supplier.su_nationkey","supplier.su_suppkey"],"Hash Buckets":16384,"Original Hash Buckets":16384,"Hash Batches":1,"Original Hash Batches":1,"Peak Memory Usage":519,"Shared Hit Blocks":217,"Shared Read Blocks":0,"Shared Dirtied Blocks":0,"Shared Written Blocks":0,"Local Hit Blocks":0,"Local Read Blocks":0,"Local Dirtied Blocks":0,"Local Written Blocks":0,"Temp Read Blocks":0,"Temp Written Blocks":0,"I/O Read Time":0.0,"I/O Write Time":0.0,"Temp I/O Read Time":0.0,"Temp I/O Write Time":0.0,"Plans":[{"Node Type":"Seq Scan","Parent Relationship":"Outer","Parallel Aware":false,"Async Capable":false,"Relation Name":"supplier","Schema":"public","Alias":"supplier","Startup Cost":0.0,"Total Cost":317.0,"Plan Rows":10000,"Plan Width":8,"Actual Startup Time":0.01,"Actual Total Time":1.25,"Actual Rows":10000,"Actual Loops":1,"Output":["supplier.su_nationkey","supplier.su_suppkey"],"Shared Hit Blocks":217,"Shared Read Blocks":0,"Shared Dirtied Blocks":0,"Shared Written Blocks":0,"Local Hit Blocks":0,"Local Read Blocks":0,"Local Dirtied Blocks":0,"Local Written Blocks":0,"Temp Read Blocks":0,"Temp Written Blocks":0,"I/O Read Time":0.0,"I/O Write Time":0.0,"Temp I/O Read Time":0.0,"Temp I/O Write Time":0.0}]}]},{"Node Type":"Hash","Parent Relationship":"Inner","Parallel Aware":false,"Async Capable":false,"Startup Cost":1.93,"Total Cost":1.93,"Plan Rows":2,"Plan Width":12,"Actual Startup Time":0.031,"Actual Total Time":0.031,"Actual Rows":2,"Actual Loops":1,"Output":["n1.n_nationkey","n1.n_name"],"Hash Buckets":1024,"Original Hash Buckets":1024,"Hash Batches":1,"Original Hash Batches":1,"Peak Memory Usage":9,"Shared Hit Blocks":1,"Shared Read Blocks":0,"Shared Dirtied Blocks":0,"Shared Written Blocks":0,"Local Hit Blocks":0,"Local Read Blocks":0,"Local Dirtied Blocks":0,"Local Written Blocks":0,"Temp Read Blocks":0,"Temp Written Blocks":0,"I/O Read Time":0.0,"I/O Write Time":0.0,"Temp I/O Read Time":0.0,"Temp I/O Write Time":0.0,"Plans":[{"Node Type":"Seq Scan","Parent Relationship":"Outer","Parallel Aware":false,"Async Capable":false,"Relation Name":"nation","Schema":"public","Alias":"n1","Startup Cost":0.0,"Total Cost":1.93,"Plan Rows":2,"Plan Width":12,"Actual Startup Time":0.022,"Actual Total Time":0.026,"Actual Rows":2,"Actual Loops":1,"Output":["n1.n_nationkey","n1.n_name"],"Filter":"(((n1.n_name)::text = 'Germany'::text) OR ((n1.n_name)::text = 'Cambodia'::text))","Rows Removed by Filter":60,"Shared Hit Blocks":1,"Shared Read Blocks":0,"Shared Dirtied Blocks":0,"Shared Written Blocks":0,"Local Hit Blocks":0,"Local Read Blocks":0,"Local Dirtied Blocks":0,"Local Written Blocks":0,"Temp Read Blocks":0,"Temp Written Blocks":0,"I/O Read Time":0.0,"I/O Write Time":0.0,"Temp I/O Read Time":0.0,"Temp I/O Write Time":0.0}]}]},{"Node Type":"Hash","Parent Relationship":"Inner","Parallel Aware":false,"Async Capable":false,"Startup Cost":59559.0,"Total Cost":59559.0,"Plan Rows":2998176,"Plan Width":24,"Actual Startup Time":922.849,"Actual Total Time":922.849,"Actual Rows":2997892,"Actual Loops":1,"Output":["orders.o_entry_d","orders.o_w_id","orders.o_d_id","orders.o_id","orders.o_c_id"],"Hash Buckets":131072,"Original Hash Buckets":131072,"Hash Batches":32,"Original Hash Batches":32,"Peak Memory Usage":6539,"Shared Hit Blocks":22059,"Shared Read Blocks":0,"Shared Dirtied Blocks":0,"Shared Written Blocks":0,"Local Hit Blocks":0,"Local Read Blocks":0,"Local Dirtied Blocks":0,"Local Written Blocks":0,"Temp Read Blocks":0,"Temp Written Blocks":16995,"I/O Read Time":0.0,"I/O Write Time":0.0,"Temp I/O Read Time":0.0,"Temp I/O Write Time":74.702,"Plans":[{"Node Type":"Seq Scan","Parent Relationship":"Outer","Parallel Aware":false,"Async Capable":false,"Relation Name":"orders","Schema":"public","Alias":"orders","Startup Cost":0.0,"Total Cost":59559.0,"Plan Rows":2998176,"Plan Width":24,"Actual Startup Time":0.017,"Actual Total Time":373.468,"Actual Rows":2997892,"Actual Loops":1,"Output":["orders.o_entry_d","orders.o_w_id","orders.o_d_id","orders.o_id","orders.o_c_id"],"Filter":"(orders.o_entry_d >= '1992-01-02 20:10:02.27764'::timestamp without time zone)","Rows Removed by Filter":2108,"Shared Hit Blocks":22059,"Shared Read Blocks":0,"Shared Dirtied Blocks":0,"Shared Written Blocks":0,"Local Hit Blocks":0,"Local Read Blocks":0,"Local Dirtied Blocks":0,"Local Written Blocks":0,"Temp Read Blocks":0,"Temp Written Blocks":0,"I/O Read Time":0.0,"I/O Write Time":0.0,"Temp I/O Read Time":0.0,"Temp I/O Write Time":0.0}]}]}]},{"Node Type":"Materialize","Parent Relationship":"Inner","Parallel Aware":false,"Async Capable":false,"Startup Cost":22714.58,"Total Cost":23198.41,"Plan Rows":96766,"Plan Width":20,"Actual Startup Time":116.63,"Actual Total Time":149.38,"Actual Rows":146547,"Actual Loops":1,"Output":["customer.c_nationkey","customer.c_id","customer.c_w_id","customer.c_d_id","n2.n_name"],"Shared Hit Blocks":0,"Shared Read Blocks":0,"Shared Dirtied Blocks":0,"Shared Written Blocks":0,"Local Hit Blocks":0,"Local Read Blocks":0,"Local Dirtied Blocks":0,"Local Written Blocks":0,"Temp Read Blocks":545,"Temp Written Blocks":548,"I/O Read Time":0.0,"I/O Write Time":0.0,"Temp I/O Read Time":0.641,"Temp I/O Write Time":2.111,"Plans":[{"Node Type":"Sort","Parent Relationship":"Outer","Parallel Aware":false,"Async Capable":false,"Startup Cost":22714.58,"Total Cost":22956.49,"Plan Rows":96766,"Plan Width":20,"Actual Startup Time":116.624,"Actual Total Time":133.494,"Actual Rows":144982,"Actual Loops":1,"Output":["customer.c_nationkey","customer.c_id","customer.c_w_id","customer.c_d_id","n2.n_name"],"Sort Key":["customer.c_id","customer.c_w_id","customer.c_d_id"],"Sort Method":"external merge","Sort Space Used":4360,"Sort Space Type":"Disk","Shared Hit Blocks":0,"Shared Read Blocks":0,"Shared Dirtied Blocks":0,"Shared Written Blocks":0,"Local Hit Blocks":0,"Local Read Blocks":0,"Local Dirtied Blocks":0,"Local Written Blocks":0,"Temp Read Blocks":545,"Temp Written Blocks":548,"I/O Read Time":0.0,"I/O Write Time":0.0,"Temp I/O Read Time":0.641,"Temp I/O Write Time":2.111,"Plans":[{"Node Type":"Hash Join","Parent Relationship":"Outer","Parallel Aware":false,"Async Capable":false,"Join Type":"Inner","Startup Cost":44.04,"Total Cost":12716.78,"Plan Rows":96766,"Plan Width":20,"Actual Startup Time":27.757,"Actual Total Time":67.965,"Actual Rows":144986,"Actual Loops":1,"Output":["customer.c_nationkey","customer.c_id","customer.c_w_id","customer.c_d_id","n2.n_name"],"Hash Cond":"(customer.c_nationkey = n2.n_nationkey)","Rows Removed by Bloom Filter":6506642,"Shared Hit Blocks":0,"Shared Read Blocks":0,"Shared Dirtied Blocks":0,"Shared Written Blocks":0,"Local Hit Blocks":0,"Local Read Blocks":0,"Local Dirtied Blocks":0,"Local Written Blocks":0,"Temp Read Blocks":0,"Temp Written Blocks":0,"I/O Read Time":0.0,"I/O Write Time":0.0,"Temp I/O Read Time":0.0,"Temp I/O Write Time":0.0,"Plans":[{"Node Type":"Append","Parent Relationship":"Outer","Parallel Aware":false,"Async Capable":false,"Startup Cost":20.0,"Total Cost":70517.88,"Plan Rows":2999739,"Plan Width":12,"Actual Startup Time":0.153,"Actual Total Time":0.155,"Actual Rows":3000000,"Actual Loops":1,"Shared Hit Blocks":0,"Shared Read Blocks":0,"Shared Dirtied Blocks":0,"Shared Written Blocks":0,"Local Hit Blocks":0,"Local Read Blocks":0,"Local Dirtied Blocks":0,"Local Written Blocks":0,"Temp Read Blocks":0,"Temp Written Blocks":0,"I/O Read Time":0.0,"I/O Write Time":0.0,"Temp I/O Read Time":0.0,"Temp I/O Write Time":0.0,"Subplans Removed":0,"Plans":[{"Node Type":"Custom Scan","Parent Relationship":"Member","Custom Plan Provider":"columnar scan","Parallel Aware":false,"Async Capable":false,"Relation Name":"customer","Schema":"public","Alias":"customer","Startup Cost":20.0,"Total Cost":70513.87,"Plan Rows":2999738,"Plan Width":12,"Actual Startup Time":0.152,"Actual Total Time":0.152,"Actual Rows":3000000,"Actual Loops":1,"Output":["customer.c_nationkey","customer.c_id","customer.c_w_id","customer.c_d_id"],"Rows Removed by Columnar Filter":0,"Columnar cache search mode":"native","Shared Hit Blocks":0,"Shared Read Blocks":0,"Shared Dirtied Blocks":0,"Shared Written Blocks":0,"Local Hit Blocks":0,"Local Read Blocks":0,"Local Dirtied Blocks":0,"Local Written Blocks":0,"Temp Read Blocks":0,"Temp Written Blocks":0,"I/O Read Time":0.0,"I/O Write Time":0.0,"Temp I/O Read Time":0.0,"Temp I/O Write Time":0.0},{"Node Type":"Seq Scan","Parent Relationship":"Member","Parallel Aware":false,"Async Capable":false,"Relation Name":"customer","Schema":"public","Alias":"customer","Startup Cost":0.0,"Total Cost":4.01,"Plan Rows":1,"Plan Width":12,"Actual Startup Time":0.0,"Actual Total Time":0.0,"Actual Rows":0,"Actual Loops":0,"Output":["customer.c_nationkey","customer.c_id","customer.c_w_id","customer.c_d_id"],"Shared Hit Blocks":0,"Shared Read Blocks":0,"Shared Dirtied Blocks":0,"Shared Written Blocks":0,"Local Hit Blocks":0,"Local Read Blocks":0,"Local Dirtied Blocks":0,"Local Written Blocks":0,"Temp Read Blocks":0,"Temp Written Blocks":0,"I/O Read Time":0.0,"I/O Write Time":0.0,"Temp I/O Read Time":0.0,"Temp I/O Write Time":0.0}]},{"Node Type":"Hash","Parent Relationship":"Inner","Parallel Aware":false,"Async Capable":false,"Startup Cost":24.07,"Total Cost":24.07,"Plan Rows":3,"Plan Width":12,"Actual Rows":2,"Actual Loops":1,"Output":["n2.n_nationkey","n2.n_name"],"Shared Hit Blocks":0,"Shared Read Blocks":0,"Shared Dirtied Blocks":0,"Shared Written Blocks":0,"Local Hit Blocks":0,"Local Read Blocks":0,"Local Dirtied Blocks":0,"Local Written Blocks":0,"Temp Read Blocks":0,"Temp Written Blocks":0,"I/O Read Time":0.0,"I/O Write Time":0.0,"Temp I/O Read Time":0.0,"Temp I/O Write Time":0.0,"Plans":[{"Node Type":"Append","Parent Relationship":"Outer","Parallel Aware":false,"Async Capable":false,"Startup Cost":20.0,"Total Cost":24.07,"Plan Rows":3,"Plan Width":12,"Actual Startup Time":0.089,"Actual Total Time":0.09,"Actual Rows":2,"Actual Loops":1,"Shared Hit Blocks":0,"Shared Read Blocks":0,"Shared Dirtied Blocks":0,"Shared Written Blocks":0,"Local Hit Blocks":0,"Local Read Blocks":0,"Local Dirtied Blocks":0,"Local Written Blocks":0,"Temp Read Blocks":0,"Temp Written Blocks":0,"I/O Read Time":0.0,"I/O Write Time":0.0,"Temp I/O Read Time":0.0,"Temp I/O Write Time":0.0,"Subplans Removed":0,"Plans":[{"Node Type":"Custom Scan","Parent Relationship":"Member","Custom Plan Provider":"columnar scan","Parallel Aware":false,"Async Capable":false,"Relation Name":"nation","Schema":"public","Alias":"n2","Startup Cost":20.0,"Total Cost":20.05,"Plan Rows":2,"Plan Width":12,"Actual Startup Time":0.086,"Actual Total Time":0.086,"Actual Rows":2,"Actual Loops":1,"Output":["n2.n_nationkey","n2.n_name"],"Filter":"(((n2.n_name)::text = 'Cambodia'::text) OR ((n2.n_name)::text = 'Germany'::text))","Rows Removed by Filter":0,"Rows Removed by Columnar Filter":60,"Columnar cache search mode":"native","Shared Hit Blocks":0,"Shared Read Blocks":0,"Shared Dirtied Blocks":0,"Shared Written Blocks":0,"Local Hit Blocks":0,"Local Read Blocks":0,"Local Dirtied Blocks":0,"Local Written Blocks":0,"Temp Read Blocks":0,"Temp Written Blocks":0,"I/O Read Time":0.0,"I/O Write Time":0.0,"Temp I/O Read Time":0.0,"Temp I/O Write Time":0.0},{"Node Type":"Seq Scan","Parent Relationship":"Member","Parallel Aware":false,"Async Capable":false,"Relation Name":"nation","Schema":"public","Alias":"n2","Startup Cost":0.0,"Total Cost":4.01,"Plan Rows":1,"Plan Width":12,"Actual Startup Time":0.0,"Actual Total Time":0.0,"Actual Rows":0,"Actual Loops":0,"Output":["n2.n_nationkey","n2.n_name"],"Filter":"(((n2.n_name)::text = 'Cambodia'::text) OR ((n2.n_name)::text = 'Germany'::text))","Rows Removed by Filter":0,"Shared Hit Blocks":0,"Shared Read Blocks":0,"Shared Dirtied Blocks":0,"Shared Written Blocks":0,"Local Hit Blocks":0,"Local Read Blocks":0,"Local Dirtied Blocks":0,"Local Written Blocks":0,"Temp Read Blocks":0,"Temp Written Blocks":0,"I/O Read Time":0.0,"I/O Write Time":0.0,"Temp I/O Read Time":0.0,"Temp I/O Write Time":0.0}]}]}]}]}]}]}]}]},"Planning":{"Shared Hit Blocks":12,"Shared Read Blocks":0,"Shared Dirtied Blocks":0,"Shared Written Blocks":0,"Local Hit Blocks":0,"Local Read Blocks":0,"Local Dirtied Blocks":0,"Local Written Blocks":0,"Temp Read Blocks":0,"Temp Written Blocks":0,"I/O Read Time":0.0,"I/O Write Time":0.0,"Temp I/O Read Time":0.0,"Temp I/O Write Time":0.0},"Planning Time":4.224,"Triggers":[],"Execution Time":13360.173}]
[列存组合]: customer, nation, stock
[{"Plan":{"Node Type":"Aggregate","Strategy":"Sorted","Partial Mode":"Simple","Parallel Aware":false,"Async Capable":false,"Startup Cost":1680459.18,"Total Cost":1680580.78,"Plan Rows":4422,"Plan Width":72,"Actual Startup Time":13308.653,"Actual Total Time":13309.919,"Actual Rows":6,"Actual Loops":1,"Output":["supplier.su_nationkey","customer.c_nationkey","(EXTRACT(year FROM orders.o_entry_d))","sum(order_line.ol_amount)"],"Group Key":["supplier.su_nationkey","customer.c_nationkey","(EXTRACT(year FROM orders.o_entry_d))"],"Shared Hit Blocks":390499,"Shared Read Blocks":0,"Shared Dirtied Blocks":0,"Shared Written Blocks":0,"Local Hit Blocks":0,"Local Read Blocks":0,"Local Dirtied Blocks":0,"Local Written Blocks":0,"Temp Read Blocks":99613,"Temp Written Blocks":99622,"I/O Read Time":0.0,"I/O Write Time":0.0,"Temp I/O Read Time":162.468,"Temp I/O Write Time":465.819,"Plans":[{"Node Type":"Sort","Parent Relationship":"Outer","Parallel Aware":false,"Async Capable":false,"Startup Cost":1680459.18,"Total Cost":1680470.23,"Plan Rows":4422,"Plan Width":44,"Actual Startup Time":13308.594,"Actual Total Time":13308.853,"Actual Rows":6043,"Actual Loops":1,"Output":["supplier.su_nationkey","customer.c_nationkey","(EXTRACT(year FROM orders.o_entry_d))","order_line.ol_amount"],"Sort Key":["supplier.su_nationkey","customer.c_nationkey","(EXTRACT(year FROM orders.o_entry_d))"],"Sort Method":"quicksort","Sort Space Used":523,"Sort Space Type":"Memory","Shared Hit Blocks":390499,"Shared Read Blocks":0,"Shared Dirtied Blocks":0,"Shared Written Blocks":0,"Local Hit Blocks":0,"Local Read Blocks":0,"Local Dirtied Blocks":0,"Local Written Blocks":0,"Temp Read Blocks":99613,"Temp Written Blocks":99622,"I/O Read Time":0.0,"I/O Write Time":0.0,"Temp I/O Read Time":162.468,"Temp I/O Write Time":465.819,"Plans":[{"Node Type":"Merge Join","Parent Relationship":"Outer","Parallel Aware":false,"Async Capable":false,"Join Type":"Inner","Startup Cost":1676099.03,"Total Cost":1680191.41,"Plan Rows":4422,"Plan Width":44,"Actual Startup Time":13154.474,"Actual Total Time":13307.158,"Actual Rows":6043,"Actual Loops":1,"Output":["supplier.su_nationkey","customer.c_nationkey","EXTRACT(year FROM orders.o_entry_d)","order_line.ol_amount"],"Merge Cond":"((orders.o_c_id = customer.c_id) AND (order_line.ol_w_id = customer.c_w_id) AND (order_line.ol_d_id = customer.c_d_id))","Join Filter":"((((n1.n_name)::text = 'Germany'::text) AND ((n2.n_name)::text = 'Cambodia'::text)) OR (((n1.n_name)::text = 'Cambodia'::text) AND ((n2.n_name)::text = 'Germany'::text)))","Rows Removed by Join Filter":5752,"Shared Hit Blocks":390499,"Shared Read Blocks":0,"Shared Dirtied Blocks":0,"Shared Written Blocks":0,"Local Hit Blocks":0,"Local Read Blocks":0,"Local Dirtied Blocks":0,"Local Written Blocks":0,"Temp Read Blocks":99613,"Temp Written Blocks":99622,"I/O Read Time":0.0,"I/O Write Time":0.0,"Temp I/O Read Time":162.468,"Temp I/O Write Time":465.819,"Plans":[{"Node Type":"Sort","Parent Relationship":"Outer","Parallel Aware":false,"Async Capable":false,"Startup Cost":1653384.35,"Total Cost":1654058.91,"Plan Rows":269824,"Plan Width":36,"Actual Startup Time":13039.005,"Actual Total Time":13110.552,"Actual Rows":242214,"Actual Loops":1,"Output":["supplier.su_nationkey","order_line.ol_amount","order_line.ol_w_id","order_line.ol_d_id","orders.o_entry_d","orders.o_w_id","orders.o_d_id","orders.o_c_id","n1.n_name"],"Sort Key":["orders.o_c_id","order_line.ol_w_id","order_line.ol_d_id"],"Sort Method":"external merge","Sort Space Used":11984,"Sort Space Type":"Disk","Shared Hit Blocks":390499,"Shared Read Blocks":0,"Shared Dirtied Blocks":0,"Shared Written Blocks":0,"Local Hit Blocks":0,"Local Read Blocks":0,"Local Dirtied Blocks":0,"Local Written Blocks":0,"Temp Read Blocks":99068,"Temp Written Blocks":99074,"I/O Read Time":0.0,"I/O Write Time":0.0,"Temp I/O Read Time":161.788,"Temp I/O Write Time":463.682,"Plans":[{"Node Type":"Hash Join","Parent Relationship":"Outer","Parallel Aware":false,"Async Capable":false,"Join Type":"Inner","Startup Cost":578796.33,"Total Cost":1621665.99,"Plan Rows":269824,"Plan Width":36,"Actual Startup Time":3021.738,"Actual Total Time":12911.401,"Actual Rows":242214,"Actual Loops":1,"Output":["supplier.su_nationkey","order_line.ol_amount","order_line.ol_w_id","order_line.ol_d_id","orders.o_entry_d","orders.o_w_id","orders.o_d_id","orders.o_c_id","n1.n_name"],"Hash Cond":"((order_line.ol_w_id = orders.o_w_id) AND (order_line.ol_d_id = orders.o_d_id) AND (order_line.ol_o_id = orders.o_id))","Shared Hit Blocks":390499,"Shared Read Blocks":0,"Shared Dirtied Blocks":0,"Shared Written Blocks":0,"Local Hit Blocks":0,"Local Read Blocks":0,"Local Dirtied Blocks":0,"Local Written Blocks":0,"Temp Read Blocks":97570,"Temp Written Blocks":97570,"I/O Read Time":0.0,"I/O Write Time":0.0,"Temp I/O Read Time":159.688,"Temp I/O Write Time":458.097,"Plans":[{"Node Type":"Hash Join","Parent Relationship":"Outer","Parallel Aware":false,"Async Capable":false,"Join Type":"Inner","Startup Cost":449201.25,"Total Cost":1468684.75,"Plan Rows":269988,"Plan Width":28,"Actual Startup Time":2106.416,"Actual Total Time":11650.586,"Actual Rows":242214,"Actual Loops":1,"Output":["supplier.su_nationkey","order_line.ol_amount","order_line.ol_w_id","order_line.ol_d_id","order_line.ol_o_id","n1.n_name"],"Hash Cond":"(supplier.su_nationkey = n1.n_nationkey)","Shared Hit Blocks":368440,"Shared Read Blocks":0,"Shared Dirtied Blocks":0,"Shared Written Blocks":0,"Local Hit Blocks":0,"Local Read Blocks":0,"Local Dirtied Blocks":0,"Local Written Blocks":0,"Temp Read Blocks":79026,"Temp Written Blocks":79026,"I/O Read Time":0.0,"I/O Write Time":0.0,"Temp I/O Read Time":129.631,"Temp I/O Write Time":370.819,"Plans":[{"Node Type":"Hash Join","Parent Relationship":"Outer","Parallel Aware":false,"Async Capable":false,"Join Type":"Inner","Startup Cost":449199.29,"Total Cost":1445210.69,"Plan Rows":8369638,"Plan Width":20,"Actual Startup Time":2104.527,"Actual Total Time":11057.787,"Actual Rows":8570498,"Actual Loops":1,"Output":["supplier.su_nationkey","order_line.ol_amount","order_line.ol_w_id","order_line.ol_d_id","order_line.ol_o_id"],"Hash Cond":"(mod((stock.s_w_id * stock.s_i_id), 10000) = supplier.su_suppkey)","Shared Hit Blocks":368439,"Shared Read Blocks":0,"Shared Dirtied Blocks":0,"Shared Written Blocks":0,"Local Hit Blocks":0,"Local Read Blocks":0,"Local Dirtied Blocks":0,"Local Written Blocks":0,"Temp Read Blocks":79026,"Temp Written Blocks":79026,"I/O Read Time":0.0,"I/O Write Time":0.0,"Temp I/O Read Time":129.631,"Temp I/O Write Time":370.819,"Plans":[{"Node Type":"Hash Join","Parent Relationship":"Outer","Parallel Aware":false,"Async Capable":false,"Join Type":"Inner","Startup Cost":448757.29,"Total Cost":1420694.79,"Plan Rows":8369638,"Plan Width":22,"Actual Startup Time":2102.004,"Actual Total Time":9360.708,"Actual Rows":8570498,"Actual Loops":1,"Output":["stock.s_w_id","stock.s_i_id","order_line.ol_amount","order_line.ol_w_id","order_line.ol_d_id","order_line.ol_o_id"],"Hash Cond":"((order_line.ol_supply_w_id = stock.s_w_id) AND (order_line.ol_i_id = stock.s_i_id))","Shared Hit Blocks":368222,"Shared Read Blocks":0,"Shared Dirtied Blocks":0,"Shared Written Blocks":0,"Local Hit Blocks":0,"Local Read Blocks":0,"Local Dirtied Blocks":0,"Local Written Blocks":0,"Temp Read Blocks":79026,"Temp Written Blocks":79026,"I/O Read Time":0.0,"I/O Write Time":0.0,"Temp I/O Read Time":129.631,"Temp I/O Write Time":370.819,"Plans":[{"Node Type":"Seq Scan","Parent Relationship":"Outer","Parallel Aware":false,"Async Capable":false,"Relation Name":"order_line","Schema":"public","Alias":"order_line","Startup Cost":0.0,"Total Cost":790850.88,"Plan Rows":8369638,"Plan Width":22,"Actual Startup Time":13.074,"Actual Total Time":2832.724,"Actual Rows":8570498,"Actual Loops":1,"Output":["order_line.ol_amount","order_line.ol_supply_w_id","order_line.ol_i_id","order_line.ol_w_id","order_line.ol_d_id","order_line.ol_o_id"],"Filter":"((order_line.ol_delivery_d >= '1995-01-02 20:10:02.27764'::timestamp without time zone) AND (order_line.ol_delivery_d <= '1997-01-01 20:10:02.27764'::timestamp without time zone))","Rows Removed by Filter":21427234,"Shared Hit Blocks":340884,"Shared Read Blocks":0,"Shared Dirtied Blocks":0,"Shared Written Blocks":0,"Local Hit Blocks":0,"Local Read Blocks":0,"Local Dirtied Blocks":0,"Local Written Blocks":0,"Temp Read Blocks":0,"Temp Written Blocks":0,"I/O Read Time":0.0,"I/O Write Time":0.0,"Temp I/O Read Time":0.0,"Temp I/O Write Time":0.0},{"Node Type":"Hash","Parent Relationship":"Inner","Parallel Aware":false,"Async Capable":false,"Startup Cost":259690.86,"Total Cost":259690.86,"Plan Rows":10000162,"Plan Width":6,"Actual Startup Time":2087.65,"Actual Total Time":2087.65,"Actual Rows":10000000,"Actual Loops":1,"Output":["stock.s_w_id","stock.s_i_id"],"Hash Buckets":262144,"Original Hash Buckets":262144,"Hash Batches":64,"Original Hash Batches":64,"Peak Memory Usage":8133,"Shared Hit Blocks":27338,"Shared Read Blocks":0,"Shared Dirtied Blocks":0,"Shared Written Blocks":0,"Local Hit Blocks":0,"Local Read Blocks":0,"Local Dirtied Blocks":0,"Local Written Blocks":0,"Temp Read Blocks":0,"Temp Written Blocks":33616,"I/O Read Time":0.0,"I/O Write Time":0.0,"Temp I/O Read Time":0.0,"Temp I/O Write Time":155.137,"Plans":[{"Node Type":"Index Only Scan","Parent Relationship":"Outer","Parallel Aware":false,"Async Capable":false,"Scan Direction":"Forward","Index Name":"stock_pk","Relation Name":"stock","Schema":"public","Alias":"stock","Startup Cost":0.43,"Total Cost":259690.86,"Plan Rows":10000162,"Plan Width":6,"Actual Startup Time":0.027,"Actual Total Time":725.007,"Actual Rows":10000000,"Actual Loops":1,"Output":["stock.s_w_id","stock.s_i_id"],"Heap Fetches":0,"Shared Hit Blocks":27338,"Shared Read Blocks":0,"Shared Dirtied Blocks":0,"Shared Written Blocks":0,"Local Hit Blocks":0,"Local Read Blocks":0,"Local Dirtied Blocks":0,"Local Written Blocks":0,"Temp Read Blocks":0,"Temp Written Blocks":0,"I/O Read Time":0.0,"I/O Write Time":0.0,"Temp I/O Read Time":0.0,"Temp I/O Write Time":0.0}]}]},{"Node Type":"Hash","Parent Relationship":"Inner","Parallel Aware":false,"Async Capable":false,"Startup Cost":317.0,"Total Cost":317.0,"Plan Rows":10000,"Plan Width":8,"Actual Startup Time":2.47,"Actual Total Time":2.47,"Actual Rows":10000,"Actual Loops":1,"Output":["supplier.su_nationkey","supplier.su_suppkey"],"Hash Buckets":16384,"Original Hash Buckets":16384,"Hash Batches":1,"Original Hash Batches":1,"Peak Memory Usage":519,"Shared Hit Blocks":217,"Shared Read Blocks":0,"Shared Dirtied Blocks":0,"Shared Written Blocks":0,"Local Hit Blocks":0,"Local Read Blocks":0,"Local Dirtied Blocks":0,"Local Written Blocks":0,"Temp Read Blocks":0,"Temp Written Blocks":0,"I/O Read Time":0.0,"I/O Write Time":0.0,"Temp I/O Read Time":0.0,"Temp I/O Write Time":0.0,"Plans":[{"Node Type":"Seq Scan","Parent Relationship":"Outer","Parallel Aware":false,"Async Capable":false,"Relation Name":"supplier","Schema":"public","Alias":"supplier","Startup Cost":0.0,"Total Cost":317.0,"Plan Rows":10000,"Plan Width":8,"Actual Startup Time":0.007,"Actual Total Time":1.261,"Actual Rows":10000,"Actual Loops":1,"Output":["supplier.su_nationkey","supplier.su_suppkey"],"Shared Hit Blocks":217,"Shared Read Blocks":0,"Shared Dirtied Blocks":0,"Shared Written Blocks":0,"Local Hit Blocks":0,"Local Read Blocks":0,"Local Dirtied Blocks":0,"Local Written Blocks":0,"Temp Read Blocks":0,"Temp Written Blocks":0,"I/O Read Time":0.0,"I/O Write Time":0.0,"Temp I/O Read Time":0.0,"Temp I/O Write Time":0.0}]}]},{"Node Type":"Hash","Parent Relationship":"Inner","Parallel Aware":false,"Async Capable":false,"Startup Cost":1.93,"Total Cost":1.93,"Plan Rows":2,"Plan Width":12,"Actual Startup Time":0.021,"Actual Total Time":0.021,"Actual Rows":2,"Actual Loops":1,"Output":["n1.n_nationkey","n1.n_name"],"Hash Buckets":1024,"Original Hash Buckets":1024,"Hash Batches":1,"Original Hash Batches":1,"Peak Memory Usage":9,"Shared Hit Blocks":1,"Shared Read Blocks":0,"Shared Dirtied Blocks":0,"Shared Written Blocks":0,"Local Hit Blocks":0,"Local Read Blocks":0,"Local Dirtied Blocks":0,"Local Written Blocks":0,"Temp Read Blocks":0,"Temp Written Blocks":0,"I/O Read Time":0.0,"I/O Write Time":0.0,"Temp I/O Read Time":0.0,"Temp I/O Write Time":0.0,"Plans":[{"Node Type":"Seq Scan","Parent Relationship":"Outer","Parallel Aware":false,"Async Capable":false,"Relation Name":"nation","Schema":"public","Alias":"n1","Startup Cost":0.0,"Total Cost":1.93,"Plan Rows":2,"Plan Width":12,"Actual Startup Time":0.013,"Actual Total Time":0.017,"Actual Rows":2,"Actual Loops":1,"Output":["n1.n_nationkey","n1.n_name"],"Filter":"(((n1.n_name)::text = 'Germany'::text) OR ((n1.n_name)::text = 'Cambodia'::text))","Rows Removed by Filter":60,"Shared Hit Blocks":1,"Shared Read Blocks":0,"Shared Dirtied Blocks":0,"Shared Written Blocks":0,"Local Hit Blocks":0,"Local Read Blocks":0,"Local Dirtied Blocks":0,"Local Written Blocks":0,"Temp Read Blocks":0,"Temp Written Blocks":0,"I/O Read Time":0.0,"I/O Write Time":0.0,"Temp I/O Read Time":0.0,"Temp I/O Write Time":0.0}]}]},{"Node Type":"Hash","Parent Relationship":"Inner","Parallel Aware":false,"Async Capable":false,"Startup Cost":59559.0,"Total Cost":59559.0,"Plan Rows":2998176,"Plan Width":24,"Actual Startup Time":907.162,"Actual Total Time":907.162,"Actual Rows":2997892,"Actual Loops":1,"Output":["orders.o_entry_d","orders.o_w_id","orders.o_d_id","orders.o_id","orders.o_c_id"],"Hash Buckets":131072,"Original Hash Buckets":131072,"Hash Batches":32,"Original Hash Batches":32,"Peak Memory Usage":6539,"Shared Hit Blocks":22059,"Shared Read Blocks":0,"Shared Dirtied Blocks":0,"Shared Written Blocks":0,"Local Hit Blocks":0,"Local Read Blocks":0,"Local Dirtied Blocks":0,"Local Written Blocks":0,"Temp Read Blocks":0,"Temp Written Blocks":16995,"I/O Read Time":0.0,"I/O Write Time":0.0,"Temp I/O Read Time":0.0,"Temp I/O Write Time":77.439,"Plans":[{"Node Type":"Seq Scan","Parent Relationship":"Outer","Parallel Aware":false,"Async Capable":false,"Relation Name":"orders","Schema":"public","Alias":"orders","Startup Cost":0.0,"Total Cost":59559.0,"Plan Rows":2998176,"Plan Width":24,"Actual Startup Time":0.015,"Actual Total Time":367.004,"Actual Rows":2997892,"Actual Loops":1,"Output":["orders.o_entry_d","orders.o_w_id","orders.o_d_id","orders.o_id","orders.o_c_id"],"Filter":"(orders.o_entry_d >= '1992-01-02 20:10:02.27764'::timestamp without time zone)","Rows Removed by Filter":2108,"Shared Hit Blocks":22059,"Shared Read Blocks":0,"Shared Dirtied Blocks":0,"Shared Written Blocks":0,"Local Hit Blocks":0,"Local Read Blocks":0,"Local Dirtied Blocks":0,"Local Written Blocks":0,"Temp Read Blocks":0,"Temp Written Blocks":0,"I/O Read Time":0.0,"I/O Write Time":0.0,"Temp I/O Read Time":0.0,"Temp I/O Write Time":0.0}]}]}]},{"Node Type":"Materialize","Parent Relationship":"Inner","Parallel Aware":false,"Async Capable":false,"Startup Cost":22714.58,"Total Cost":23198.41,"Plan Rows":96766,"Plan Width":20,"Actual Startup Time":115.434,"Actual Total Time":148.322,"Actual Rows":146547,"Actual Loops":1,"Output":["customer.c_nationkey","customer.c_id","customer.c_w_id","customer.c_d_id","n2.n_name"],"Shared Hit Blocks":0,"Shared Read Blocks":0,"Shared Dirtied Blocks":0,"Shared Written Blocks":0,"Local Hit Blocks":0,"Local Read Blocks":0,"Local Dirtied Blocks":0,"Local Written Blocks":0,"Temp Read Blocks":545,"Temp Written Blocks":548,"I/O Read Time":0.0,"I/O Write Time":0.0,"Temp I/O Read Time":0.68,"Temp I/O Write Time":2.137,"Plans":[{"Node Type":"Sort","Parent Relationship":"Outer","Parallel Aware":false,"Async Capable":false,"Startup Cost":22714.58,"Total Cost":22956.49,"Plan Rows":96766,"Plan Width":20,"Actual Startup Time":115.428,"Actual Total Time":132.327,"Actual Rows":144982,"Actual Loops":1,"Output":["customer.c_nationkey","customer.c_id","customer.c_w_id","customer.c_d_id","n2.n_name"],"Sort Key":["customer.c_id","customer.c_w_id","customer.c_d_id"],"Sort Method":"external merge","Sort Space Used":4360,"Sort Space Type":"Disk","Shared Hit Blocks":0,"Shared Read Blocks":0,"Shared Dirtied Blocks":0,"Shared Written Blocks":0,"Local Hit Blocks":0,"Local Read Blocks":0,"Local Dirtied Blocks":0,"Local Written Blocks":0,"Temp Read Blocks":545,"Temp Written Blocks":548,"I/O Read Time":0.0,"I/O Write Time":0.0,"Temp I/O Read Time":0.68,"Temp I/O Write Time":2.137,"Plans":[{"Node Type":"Hash Join","Parent Relationship":"Outer","Parallel Aware":false,"Async Capable":false,"Join Type":"Inner","Startup Cost":44.04,"Total Cost":12716.78,"Plan Rows":96766,"Plan Width":20,"Actual Startup Time":26.229,"Actual Total Time":66.546,"Actual Rows":144986,"Actual Loops":1,"Output":["customer.c_nationkey","customer.c_id","customer.c_w_id","customer.c_d_id","n2.n_name"],"Hash Cond":"(customer.c_nationkey = n2.n_nationkey)","Rows Removed by Bloom Filter":6506642,"Shared Hit Blocks":0,"Shared Read Blocks":0,"Shared Dirtied Blocks":0,"Shared Written Blocks":0,"Local Hit Blocks":0,"Local Read Blocks":0,"Local Dirtied Blocks":0,"Local Written Blocks":0,"Temp Read Blocks":0,"Temp Written Blocks":0,"I/O Read Time":0.0,"I/O Write Time":0.0,"Temp I/O Read Time":0.0,"Temp I/O Write Time":0.0,"Plans":[{"Node Type":"Append","Parent Relationship":"Outer","Parallel Aware":false,"Async Capable":false,"Startup Cost":20.0,"Total Cost":70517.88,"Plan Rows":2999739,"Plan Width":12,"Actual Startup Time":0.15,"Actual Total Time":0.152,"Actual Rows":3000000,"Actual Loops":1,"Shared Hit Blocks":0,"Shared Read Blocks":0,"Shared Dirtied Blocks":0,"Shared Written Blocks":0,"Local Hit Blocks":0,"Local Read Blocks":0,"Local Dirtied Blocks":0,"Local Written Blocks":0,"Temp Read Blocks":0,"Temp Written Blocks":0,"I/O Read Time":0.0,"I/O Write Time":0.0,"Temp I/O Read Time":0.0,"Temp I/O Write Time":0.0,"Subplans Removed":0,"Plans":[{"Node Type":"Custom Scan","Parent Relationship":"Member","Custom Plan Provider":"columnar scan","Parallel Aware":false,"Async Capable":false,"Relation Name":"customer","Schema":"public","Alias":"customer","Startup Cost":20.0,"Total Cost":70513.87,"Plan Rows":2999738,"Plan Width":12,"Actual Startup Time":0.149,"Actual Total Time":0.15,"Actual Rows":3000000,"Actual Loops":1,"Output":["customer.c_nationkey","customer.c_id","customer.c_w_id","customer.c_d_id"],"Rows Removed by Columnar Filter":0,"Columnar cache search mode":"native","Shared Hit Blocks":0,"Shared Read Blocks":0,"Shared Dirtied Blocks":0,"Shared Written Blocks":0,"Local Hit Blocks":0,"Local Read Blocks":0,"Local Dirtied Blocks":0,"Local Written Blocks":0,"Temp Read Blocks":0,"Temp Written Blocks":0,"I/O Read Time":0.0,"I/O Write Time":0.0,"Temp I/O Read Time":0.0,"Temp I/O Write Time":0.0},{"Node Type":"Seq Scan","Parent Relationship":"Member","Parallel Aware":false,"Async Capable":false,"Relation Name":"customer","Schema":"public","Alias":"customer","Startup Cost":0.0,"Total Cost":4.01,"Plan Rows":1,"Plan Width":12,"Actual Startup Time":0.0,"Actual Total Time":0.0,"Actual Rows":0,"Actual Loops":0,"Output":["customer.c_nationkey","customer.c_id","customer.c_w_id","customer.c_d_id"],"Shared Hit Blocks":0,"Shared Read Blocks":0,"Shared Dirtied Blocks":0,"Shared Written Blocks":0,"Local Hit Blocks":0,"Local Read Blocks":0,"Local Dirtied Blocks":0,"Local Written Blocks":0,"Temp Read Blocks":0,"Temp Written Blocks":0,"I/O Read Time":0.0,"I/O Write Time":0.0,"Temp I/O Read Time":0.0,"Temp I/O Write Time":0.0}]},{"Node Type":"Hash","Parent Relationship":"Inner","Parallel Aware":false,"Async Capable":false,"Startup Cost":24.07,"Total Cost":24.07,"Plan Rows":3,"Plan Width":12,"Actual Rows":2,"Actual Loops":1,"Output":["n2.n_nationkey","n2.n_name"],"Shared Hit Blocks":0,"Shared Read Blocks":0,"Shared Dirtied Blocks":0,"Shared Written Blocks":0,"Local Hit Blocks":0,"Local Read Blocks":0,"Local Dirtied Blocks":0,"Local Written Blocks":0,"Temp Read Blocks":0,"Temp Written Blocks":0,"I/O Read Time":0.0,"I/O Write Time":0.0,"Temp I/O Read Time":0.0,"Temp I/O Write Time":0.0,"Plans":[{"Node Type":"Append","Parent Relationship":"Outer","Parallel Aware":false,"Async Capable":false,"Startup Cost":20.0,"Total Cost":24.07,"Plan Rows":3,"Plan Width":12,"Actual Startup Time":0.11,"Actual Total Time":0.11,"Actual Rows":2,"Actual Loops":1,"Shared Hit Blocks":0,"Shared Read Blocks":0,"Shared Dirtied Blocks":0,"Shared Written Blocks":0,"Local Hit Blocks":0,"Local Read Blocks":0,"Local Dirtied Blocks":0,"Local Written Blocks":0,"Temp Read Blocks":0,"Temp Written Blocks":0,"I/O Read Time":0.0,"I/O Write Time":0.0,"Temp I/O Read Time":0.0,"Temp I/O Write Time":0.0,"Subplans Removed":0,"Plans":[{"Node Type":"Custom Scan","Parent Relationship":"Member","Custom Plan Provider":"columnar scan","Parallel Aware":false,"Async Capable":false,"Relation Name":"nation","Schema":"public","Alias":"n2","Startup Cost":20.0,"Total Cost":20.05,"Plan Rows":2,"Plan Width":12,"Actual Startup Time":0.107,"Actual Total Time":0.107,"Actual Rows":2,"Actual Loops":1,"Output":["n2.n_nationkey","n2.n_name"],"Filter":"(((n2.n_name)::text = 'Cambodia'::text) OR ((n2.n_name)::text = 'Germany'::text))","Rows Removed by Filter":0,"Rows Removed by Columnar Filter":60,"Columnar cache search mode":"native","Shared Hit Blocks":0,"Shared Read Blocks":0,"Shared Dirtied Blocks":0,"Shared Written Blocks":0,"Local Hit Blocks":0,"Local Read Blocks":0,"Local Dirtied Blocks":0,"Local Written Blocks":0,"Temp Read Blocks":0,"Temp Written Blocks":0,"I/O Read Time":0.0,"I/O Write Time":0.0,"Temp I/O Read Time":0.0,"Temp I/O Write Time":0.0},{"Node Type":"Seq Scan","Parent Relationship":"Member","Parallel Aware":false,"Async Capable":false,"Relation Name":"nation","Schema":"public","Alias":"n2","Startup Cost":0.0,"Total Cost":4.01,"Plan Rows":1,"Plan Width":12,"Actual Startup Time":0.0,"Actual Total Time":0.0,"Actual Rows":0,"Actual Loops":0,"Output":["n2.n_nationkey","n2.n_name"],"Filter":"(((n2.n_name)::text = 'Cambodia'::text) OR ((n2.n_name)::text = 'Germany'::text))","Rows Removed by Filter":0,"Shared Hit Blocks":0,"Shared Read Blocks":0,"Shared Dirtied Blocks":0,"Shared Written Blocks":0,"Local Hit Blocks":0,"Local Read Blocks":0,"Local Dirtied Blocks":0,"Local Written Blocks":0,"Temp Read Blocks":0,"Temp Written Blocks":0,"I/O Read Time":0.0,"I/O Write Time":0.0,"Temp I/O Read Time":0.0,"Temp I/O Write Time":0.0}]}]}]}]}]}]}]}]},"Planning":{"Shared Hit Blocks":12,"Shared Read Blocks":0,"Shared Dirtied Blocks":0,"Shared Written Blocks":0,"Local Hit Blocks":0,"Local Read Blocks":0,"Local Dirtied Blocks":0,"Local Written Blocks":0,"Temp Read Blocks":0,"Temp Written Blocks":0,"I/O Read Time":0.0,"I/O Write Time":0.0,"Temp I/O Read Time":0.0,"Temp I/O Write Time":0.0},"Planning Time":3.263,"Triggers":[],"Execution Time":13312.541}]
[列存组合]: customer, nation, supplier
[{"Plan":{"Node Type":"Aggregate","Strategy":"Sorted","Partial Mode":"Simple","Parallel Aware":false,"Async Capable":false,"Startup Cost":1680361.2,"Total Cost":1680482.8,"Plan Rows":4422,"Plan Width":72,"Actual Startup Time":13323.088,"Actual Total Time":13324.354,"Actual Rows":6,"Actual Loops":1,"Output":["supplier.su_nationkey","customer.c_nationkey","(EXTRACT(year FROM orders.o_entry_d))","sum(order_line.ol_amount)"],"Group Key":["supplier.su_nationkey","customer.c_nationkey","(EXTRACT(year FROM orders.o_entry_d))"],"Shared Hit Blocks":390282,"Shared Read Blocks":0,"Shared Dirtied Blocks":0,"Shared Written Blocks":0,"Local Hit Blocks":0,"Local Read Blocks":0,"Local Dirtied Blocks":0,"Local Written Blocks":0,"Temp Read Blocks":99613,"Temp Written Blocks":99622,"I/O Read Time":0.0,"I/O Write Time":0.0,"Temp I/O Read Time":161.48,"Temp I/O Write Time":459.356,"Plans":[{"Node Type":"Sort","Parent Relationship":"Outer","Parallel Aware":false,"Async Capable":false,"Startup Cost":1680361.2,"Total Cost":1680372.25,"Plan Rows":4422,"Plan Width":44,"Actual Startup Time":13323.029,"Actual Total Time":13323.287,"Actual Rows":6043,"Actual Loops":1,"Output":["supplier.su_nationkey","customer.c_nationkey","(EXTRACT(year FROM orders.o_entry_d))","order_line.ol_amount"],"Sort Key":["supplier.su_nationkey","customer.c_nationkey","(EXTRACT(year FROM orders.o_entry_d))"],"Sort Method":"quicksort","Sort Space Used":523,"Sort Space Type":"Memory","Shared Hit Blocks":390282,"Shared Read Blocks":0,"Shared Dirtied Blocks":0,"Shared Written Blocks":0,"Local Hit Blocks":0,"Local Read Blocks":0,"Local Dirtied Blocks":0,"Local Written Blocks":0,"Temp Read Blocks":99613,"Temp Written Blocks":99622,"I/O Read Time":0.0,"I/O Write Time":0.0,"Temp I/O Read Time":161.48,"Temp I/O Write Time":459.356,"Plans":[{"Node Type":"Merge Join","Parent Relationship":"Outer","Parallel Aware":false,"Async Capable":false,"Join Type":"Inner","Startup Cost":1676001.05,"Total Cost":1680093.44,"Plan Rows":4422,"Plan Width":44,"Actual Startup Time":13169.927,"Actual Total Time":13321.588,"Actual Rows":6043,"Actual Loops":1,"Output":["supplier.su_nationkey","customer.c_nationkey","EXTRACT(year FROM orders.o_entry_d)","order_line.ol_amount"],"Merge Cond":"((orders.o_c_id = customer.c_id) AND (order_line.ol_w_id = customer.c_w_id) AND (order_line.ol_d_id = customer.c_d_id))","Join Filter":"((((n1.n_name)::text = 'Germany'::text) AND ((n2.n_name)::text = 'Cambodia'::text)) OR (((n1.n_name)::text = 'Cambodia'::text) AND ((n2.n_name)::text = 'Germany'::text)))","Rows Removed by Join Filter":5752,"Shared Hit Blocks":390282,"Shared Read Blocks":0,"Shared Dirtied Blocks":0,"Shared Written Blocks":0,"Local Hit Blocks":0,"Local Read Blocks":0,"Local Dirtied Blocks":0,"Local Written Blocks":0,"Temp Read Blocks":99613,"Temp Written Blocks":99622,"I/O Read Time":0.0,"I/O Write Time":0.0,"Temp I/O Read Time":161.48,"Temp I/O Write Time":459.356,"Plans":[{"Node Type":"Sort","Parent Relationship":"Outer","Parallel Aware":false,"Async Capable":false,"Startup Cost":1653286.38,"Total Cost":1653960.94,"Plan Rows":269824,"Plan Width":36,"Actual Startup Time":13054.754,"Actual Total Time":13125.445,"Actual Rows":242214,"Actual Loops":1,"Output":["supplier.su_nationkey","order_line.ol_amount","order_line.ol_w_id","order_line.ol_d_id","orders.o_entry_d","orders.o_w_id","orders.o_d_id","orders.o_c_id","n1.n_name"],"Sort Key":["orders.o_c_id","order_line.ol_w_id","order_line.ol_d_id"],"Sort Method":"external merge","Sort Space Used":11984,"Sort Space Type":"Disk","Shared Hit Blocks":390282,"Shared Read Blocks":0,"Shared Dirtied Blocks":0,"Shared Written Blocks":0,"Local Hit Blocks":0,"Local Read Blocks":0,"Local Dirtied Blocks":0,"Local Written Blocks":0,"Temp Read Blocks":99068,"Temp Written Blocks":99074,"I/O Read Time":0.0,"I/O Write Time":0.0,"Temp I/O Read Time":160.801,"Temp I/O Write Time":457.25,"Plans":[{"Node Type":"Hash Join","Parent Relationship":"Outer","Parallel Aware":false,"Async Capable":false,"Join Type":"Inner","Startup Cost":578698.35,"Total Cost":1621568.01,"Plan Rows":269824,"Plan Width":36,"Actual Startup Time":3012.273,"Actual Total Time":12926.114,"Actual Rows":242214,"Actual Loops":1,"Output":["supplier.su_nationkey","order_line.ol_amount","order_line.ol_w_id","order_line.ol_d_id","orders.o_entry_d","orders.o_w_id","orders.o_d_id","orders.o_c_id","n1.n_name"],"Hash Cond":"((order_line.ol_w_id = orders.o_w_id) AND (order_line.ol_d_id = orders.o_d_id) AND (order_line.ol_o_id = orders.o_id))","Shared Hit Blocks":390282,"Shared Read Blocks":0,"Shared Dirtied Blocks":0,"Shared Written Blocks":0,"Local Hit Blocks":0,"Local Read Blocks":0,"Local Dirtied Blocks":0,"Local Written Blocks":0,"Temp Read Blocks":97570,"Temp Written Blocks":97570,"I/O Read Time":0.0,"I/O Write Time":0.0,"Temp I/O Read Time":158.686,"Temp I/O Write Time":451.641,"Plans":[{"Node Type":"Hash Join","Parent Relationship":"Outer","Parallel Aware":false,"Async Capable":false,"Join Type":"Inner","Startup Cost":449103.27,"Total Cost":1468586.78,"Plan Rows":269988,"Plan Width":28,"Actual Startup Time":2104.432,"Actual Total Time":11677.14,"Actual Rows":242214,"Actual Loops":1,"Output":["supplier.su_nationkey","order_line.ol_amount","order_line.ol_w_id","order_line.ol_d_id","order_line.ol_o_id","n1.n_name"],"Hash Cond":"(supplier.su_nationkey = n1.n_nationkey)","Shared Hit Blocks":368223,"Shared Read Blocks":0,"Shared Dirtied Blocks":0,"Shared Written Blocks":0,"Local Hit Blocks":0,"Local Read Blocks":0,"Local Dirtied Blocks":0,"Local Written Blocks":0,"Temp Read Blocks":79026,"Temp Written Blocks":79026,"I/O Read Time":0.0,"I/O Write Time":0.0,"Temp I/O Read Time":129.067,"Temp I/O Write Time":368.843,"Plans":[{"Node Type":"Hash Join","Parent Relationship":"Outer","Parallel Aware":false,"Async Capable":false,"Join Type":"Inner","Startup Cost":449101.32,"Total Cost":1445112.71,"Plan Rows":8369638,"Plan Width":20,"Actual Startup Time":2102.54,"Actual Total Time":11063.958,"Actual Rows":8570498,"Actual Loops":1,"Output":["supplier.su_nationkey","order_line.ol_amount","order_line.ol_w_id","order_line.ol_d_id","order_line.ol_o_id"],"Hash Cond":"(mod((stock.s_w_id * stock.s_i_id), 10000) = supplier.su_suppkey)","Shared Hit Blocks":368222,"Shared Read Blocks":0,"Shared Dirtied Blocks":0,"Shared Written Blocks":0,"Local Hit Blocks":0,"Local Read Blocks":0,"Local Dirtied Blocks":0,"Local Written Blocks":0,"Temp Read Blocks":79026,"Temp Written Blocks":79026,"I/O Read Time":0.0,"I/O Write Time":0.0,"Temp I/O Read Time":129.067,"Temp I/O Write Time":368.843,"Plans":[{"Node Type":"Hash Join","Parent Relationship":"Outer","Parallel Aware":false,"Async Capable":false,"Join Type":"Inner","Startup Cost":448757.29,"Total Cost":1420694.79,"Plan Rows":8369638,"Plan Width":22,"Actual Startup Time":2099.475,"Actual Total Time":9355.635,"Actual Rows":8570498,"Actual Loops":1,"Output":["stock.s_w_id","stock.s_i_id","order_line.ol_amount","order_line.ol_w_id","order_line.ol_d_id","order_line.ol_o_id"],"Hash Cond":"((order_line.ol_supply_w_id = stock.s_w_id) AND (order_line.ol_i_id = stock.s_i_id))","Shared Hit Blocks":368222,"Shared Read Blocks":0,"Shared Dirtied Blocks":0,"Shared Written Blocks":0,"Local Hit Blocks":0,"Local Read Blocks":0,"Local Dirtied Blocks":0,"Local Written Blocks":0,"Temp Read Blocks":79026,"Temp Written Blocks":79026,"I/O Read Time":0.0,"I/O Write Time":0.0,"Temp I/O Read Time":129.067,"Temp I/O Write Time":368.843,"Plans":[{"Node Type":"Seq Scan","Parent Relationship":"Outer","Parallel Aware":false,"Async Capable":false,"Relation Name":"order_line","Schema":"public","Alias":"order_line","Startup Cost":0.0,"Total Cost":790850.88,"Plan Rows":8369638,"Plan Width":22,"Actual Startup Time":13.781,"Actual Total Time":2833.15,"Actual Rows":8570498,"Actual Loops":1,"Output":["order_line.ol_amount","order_line.ol_supply_w_id","order_line.ol_i_id","order_line.ol_w_id","order_line.ol_d_id","order_line.ol_o_id"],"Filter":"((order_line.ol_delivery_d >= '1995-01-02 20:10:02.27764'::timestamp without time zone) AND (order_line.ol_delivery_d <= '1997-01-01 20:10:02.27764'::timestamp without time zone))","Rows Removed by Filter":21427234,"Shared Hit Blocks":340884,"Shared Read Blocks":0,"Shared Dirtied Blocks":0,"Shared Written Blocks":0,"Local Hit Blocks":0,"Local Read Blocks":0,"Local Dirtied Blocks":0,"Local Written Blocks":0,"Temp Read Blocks":0,"Temp Written Blocks":0,"I/O Read Time":0.0,"I/O Write Time":0.0,"Temp I/O Read Time":0.0,"Temp I/O Write Time":0.0},{"Node Type":"Hash","Parent Relationship":"Inner","Parallel Aware":false,"Async Capable":false,"Startup Cost":259690.86,"Total Cost":259690.86,"Plan Rows":10000162,"Plan Width":6,"Actual Startup Time":2084.323,"Actual Total Time":2084.325,"Actual Rows":10000000,"Actual Loops":1,"Output":["stock.s_w_id","stock.s_i_id"],"Hash Buckets":262144,"Original Hash Buckets":262144,"Hash Batches":64,"Original Hash Batches":64,"Peak Memory Usage":8133,"Shared Hit Blocks":27338,"Shared Read Blocks":0,"Shared Dirtied Blocks":0,"Shared Written Blocks":0,"Local Hit Blocks":0,"Local Read Blocks":0,"Local Dirtied Blocks":0,"Local Written Blocks":0,"Temp Read Blocks":0,"Temp Written Blocks":33616,"I/O Read Time":0.0,"I/O Write Time":0.0,"Temp I/O Read Time":0.0,"Temp I/O Write Time":153.441,"Plans":[{"Node Type":"Index Only Scan","Parent Relationship":"Outer","Parallel Aware":false,"Async Capable":false,"Scan Direction":"Forward","Index Name":"stock_pk","Relation Name":"stock","Schema":"public","Alias":"stock","Startup Cost":0.43,"Total Cost":259690.86,"Plan Rows":10000162,"Plan Width":6,"Actual Startup Time":0.026,"Actual Total Time":721.585,"Actual Rows":10000000,"Actual Loops":1,"Output":["stock.s_w_id","stock.s_i_id"],"Heap Fetches":0,"Shared Hit Blocks":27338,"Shared Read Blocks":0,"Shared Dirtied Blocks":0,"Shared Written Blocks":0,"Local Hit Blocks":0,"Local Read Blocks":0,"Local Dirtied Blocks":0,"Local Written Blocks":0,"Temp Read Blocks":0,"Temp Written Blocks":0,"I/O Read Time":0.0,"I/O Write Time":0.0,"Temp I/O Read Time":0.0,"Temp I/O Write Time":0.0}]}]},{"Node Type":"Hash","Parent Relationship":"Inner","Parallel Aware":false,"Async Capable":false,"Startup Cost":219.01,"Total Cost":219.01,"Plan Rows":10001,"Plan Width":8,"Actual Startup Time":3.009,"Actual Total Time":3.012,"Actual Rows":10000,"Actual Loops":1,"Output":["supplier.su_nationkey","supplier.su_suppkey"],"Hash Buckets":16384,"Original Hash Buckets":16384,"Hash Batches":1,"Original Hash Batches":1,"Peak Memory Usage":519,"Shared Hit Blocks":0,"Shared Read Blocks":0,"Shared Dirtied Blocks":0,"Shared Written Blocks":0,"Local Hit Blocks":0,"Local Read Blocks":0,"Local Dirtied Blocks":0,"Local Written Blocks":0,"Temp Read Blocks":0,"Temp Written Blocks":0,"I/O Read Time":0.0,"I/O Write Time":0.0,"Temp I/O Read Time":0.0,"Temp I/O Write Time":0.0,"Plans":[{"Node Type":"Append","Parent Relationship":"Outer","Parallel Aware":false,"Async Capable":false,"Startup Cost":20.0,"Total Cost":219.01,"Plan Rows":10001,"Plan Width":8,"Actual Startup Time":0.028,"Actual Total Time":1.776,"Actual Rows":10000,"Actual Loops":1,"Shared Hit Blocks":0,"Shared Read Blocks":0,"Shared Dirtied Blocks":0,"Shared Written Blocks":0,"Local Hit Blocks":0,"Local Read Blocks":0,"Local Dirtied Blocks":0,"Local Written Blocks":0,"Temp Read Blocks":0,"Temp Written Blocks":0,"I/O Read Time":0.0,"I/O Write Time":0.0,"Temp I/O Read Time":0.0,"Temp I/O Write Time":0.0,"Subplans Removed":0,"Plans":[{"Node Type":"Custom Scan","Parent Relationship":"Member","Custom Plan Provider":"columnar scan","Parallel Aware":false,"Async Capable":false,"Relation Name":"supplier","Schema":"public","Alias":"supplier","Startup Cost":20.0,"Total Cost":215.0,"Plan Rows":10000,"Plan Width":8,"Actual Startup Time":0.027,"Actual Total Time":1.076,"Actual Rows":10000,"Actual Loops":1,"Output":["supplier.su_nationkey","supplier.su_suppkey"],"Rows Removed by Columnar Filter":0,"Columnar cache search mode":"native","Shared Hit Blocks":0,"Shared Read Blocks":0,"Shared Dirtied Blocks":0,"Shared Written Blocks":0,"Local Hit Blocks":0,"Local Read Blocks":0,"Local Dirtied Blocks":0,"Local Written Blocks":0,"Temp Read Blocks":0,"Temp Written Blocks":0,"I/O Read Time":0.0,"I/O Write Time":0.0,"Temp I/O Read Time":0.0,"Temp I/O Write Time":0.0},{"Node Type":"Seq Scan","Parent Relationship":"Member","Parallel Aware":false,"Async Capable":false,"Relation Name":"supplier","Schema":"public","Alias":"supplier","Startup Cost":0.0,"Total Cost":4.01,"Plan Rows":1,"Plan Width":8,"Actual Startup Time":0.0,"Actual Total Time":0.0,"Actual Rows":0,"Actual Loops":0,"Output":["supplier.su_nationkey","supplier.su_suppkey"],"Shared Hit Blocks":0,"Shared Read Blocks":0,"Shared Dirtied Blocks":0,"Shared Written Blocks":0,"Local Hit Blocks":0,"Local Read Blocks":0,"Local Dirtied Blocks":0,"Local Written Blocks":0,"Temp Read Blocks":0,"Temp Written Blocks":0,"I/O Read Time":0.0,"I/O Write Time":0.0,"Temp I/O Read Time":0.0,"Temp I/O Write Time":0.0}]}]}]},{"Node Type":"Hash","Parent Relationship":"Inner","Parallel Aware":false,"Async Capable":false,"Startup Cost":1.93,"Total Cost":1.93,"Plan Rows":2,"Plan Width":12,"Actual Startup Time":0.022,"Actual Total Time":0.023,"Actual Rows":2,"Actual Loops":1,"Output":["n1.n_nationkey","n1.n_name"],"Hash Buckets":1024,"Original Hash Buckets":1024,"Hash Batches":1,"Original Hash Batches":1,"Peak Memory Usage":9,"Shared Hit Blocks":1,"Shared Read Blocks":0,"Shared Dirtied Blocks":0,"Shared Written Blocks":0,"Local Hit Blocks":0,"Local Read Blocks":0,"Local Dirtied Blocks":0,"Local Written Blocks":0,"Temp Read Blocks":0,"Temp Written Blocks":0,"I/O Read Time":0.0,"I/O Write Time":0.0,"Temp I/O Read Time":0.0,"Temp I/O Write Time":0.0,"Plans":[{"Node Type":"Seq Scan","Parent Relationship":"Outer","Parallel Aware":false,"Async Capable":false,"Relation Name":"nation","Schema":"public","Alias":"n1","Startup Cost":0.0,"Total Cost":1.93,"Plan Rows":2,"Plan Width":12,"Actual Startup Time":0.015,"Actual Total Time":0.02,"Actual Rows":2,"Actual Loops":1,"Output":["n1.n_nationkey","n1.n_name"],"Filter":"(((n1.n_name)::text = 'Germany'::text) OR ((n1.n_name)::text = 'Cambodia'::text))","Rows Removed by Filter":60,"Shared Hit Blocks":1,"Shared Read Blocks":0,"Shared Dirtied Blocks":0,"Shared Written Blocks":0,"Local Hit Blocks":0,"Local Read Blocks":0,"Local Dirtied Blocks":0,"Local Written Blocks":0,"Temp Read Blocks":0,"Temp Written Blocks":0,"I/O Read Time":0.0,"I/O Write Time":0.0,"Temp I/O Read Time":0.0,"Temp I/O Write Time":0.0}]}]},{"Node Type":"Hash","Parent Relationship":"Inner","Parallel Aware":false,"Async Capable":false,"Startup Cost":59559.0,"Total Cost":59559.0,"Plan Rows":2998176,"Plan Width":24,"Actual Startup Time":899.777,"Actual Total Time":899.777,"Actual Rows":2997892,"Actual Loops":1,"Output":["orders.o_entry_d","orders.o_w_id","orders.o_d_id","orders.o_id","orders.o_c_id"],"Hash Buckets":131072,"Original Hash Buckets":131072,"Hash Batches":32,"Original Hash Batches":32,"Peak Memory Usage":6539,"Shared Hit Blocks":22059,"Shared Read Blocks":0,"Shared Dirtied Blocks":0,"Shared Written Blocks":0,"Local Hit Blocks":0,"Local Read Blocks":0,"Local Dirtied Blocks":0,"Local Written Blocks":0,"Temp Read Blocks":0,"Temp Written Blocks":16995,"I/O Read Time":0.0,"I/O Write Time":0.0,"Temp I/O Read Time":0.0,"Temp I/O Write Time":72.95,"Plans":[{"Node Type":"Seq Scan","Parent Relationship":"Outer","Parallel Aware":false,"Async Capable":false,"Relation Name":"orders","Schema":"public","Alias":"orders","Startup Cost":0.0,"Total Cost":59559.0,"Plan Rows":2998176,"Plan Width":24,"Actual Startup Time":0.014,"Actual Total Time":365.985,"Actual Rows":2997892,"Actual Loops":1,"Output":["orders.o_entry_d","orders.o_w_id","orders.o_d_id","orders.o_id","orders.o_c_id"],"Filter":"(orders.o_entry_d >= '1992-01-02 20:10:02.27764'::timestamp without time zone)","Rows Removed by Filter":2108,"Shared Hit Blocks":22059,"Shared Read Blocks":0,"Shared Dirtied Blocks":0,"Shared Written Blocks":0,"Local Hit Blocks":0,"Local Read Blocks":0,"Local Dirtied Blocks":0,"Local Written Blocks":0,"Temp Read Blocks":0,"Temp Written Blocks":0,"I/O Read Time":0.0,"I/O Write Time":0.0,"Temp I/O Read Time":0.0,"Temp I/O Write Time":0.0}]}]}]},{"Node Type":"Materialize","Parent Relationship":"Inner","Parallel Aware":false,"Async Capable":false,"Startup Cost":22714.58,"Total Cost":23198.41,"Plan Rows":96766,"Plan Width":20,"Actual Startup Time":115.137,"Actual Total Time":147.79,"Actual Rows":146547,"Actual Loops":1,"Output":["customer.c_nationkey","customer.c_id","customer.c_w_id","customer.c_d_id","n2.n_name"],"Shared Hit Blocks":0,"Shared Read Blocks":0,"Shared Dirtied Blocks":0,"Shared Written Blocks":0,"Local Hit Blocks":0,"Local Read Blocks":0,"Local Dirtied Blocks":0,"Local Written Blocks":0,"Temp Read Blocks":545,"Temp Written Blocks":548,"I/O Read Time":0.0,"I/O Write Time":0.0,"Temp I/O Read Time":0.679,"Temp I/O Write Time":2.105,"Plans":[{"Node Type":"Sort","Parent Relationship":"Outer","Parallel Aware":false,"Async Capable":false,"Startup Cost":22714.58,"Total Cost":22956.49,"Plan Rows":96766,"Plan Width":20,"Actual Startup Time":115.132,"Actual Total Time":132.111,"Actual Rows":144982,"Actual Loops":1,"Output":["customer.c_nationkey","customer.c_id","customer.c_w_id","customer.c_d_id","n2.n_name"],"Sort Key":["customer.c_id","customer.c_w_id","customer.c_d_id"],"Sort Method":"external merge","Sort Space Used":4360,"Sort Space Type":"Disk","Shared Hit Blocks":0,"Shared Read Blocks":0,"Shared Dirtied Blocks":0,"Shared Written Blocks":0,"Local Hit Blocks":0,"Local Read Blocks":0,"Local Dirtied Blocks":0,"Local Written Blocks":0,"Temp Read Blocks":545,"Temp Written Blocks":548,"I/O Read Time":0.0,"I/O Write Time":0.0,"Temp I/O Read Time":0.679,"Temp I/O Write Time":2.105,"Plans":[{"Node Type":"Hash Join","Parent Relationship":"Outer","Parallel Aware":false,"Async Capable":false,"Join Type":"Inner","Startup Cost":44.04,"Total Cost":12716.78,"Plan Rows":96766,"Plan Width":20,"Actual Startup Time":26.18,"Actual Total Time":66.117,"Actual Rows":144986,"Actual Loops":1,"Output":["customer.c_nationkey","customer.c_id","customer.c_w_id","customer.c_d_id","n2.n_name"],"Hash Cond":"(customer.c_nationkey = n2.n_nationkey)","Rows Removed by Bloom Filter":6506642,"Shared Hit Blocks":0,"Shared Read Blocks":0,"Shared Dirtied Blocks":0,"Shared Written Blocks":0,"Local Hit Blocks":0,"Local Read Blocks":0,"Local Dirtied Blocks":0,"Local Written Blocks":0,"Temp Read Blocks":0,"Temp Written Blocks":0,"I/O Read Time":0.0,"I/O Write Time":0.0,"Temp I/O Read Time":0.0,"Temp I/O Write Time":0.0,"Plans":[{"Node Type":"Append","Parent Relationship":"Outer","Parallel Aware":false,"Async Capable":false,"Startup Cost":20.0,"Total Cost":70517.88,"Plan Rows":2999739,"Plan Width":12,"Actual Startup Time":0.142,"Actual Total Time":0.142,"Actual Rows":3000000,"Actual Loops":1,"Shared Hit Blocks":0,"Shared Read Blocks":0,"Shared Dirtied Blocks":0,"Shared Written Blocks":0,"Local Hit Blocks":0,"Local Read Blocks":0,"Local Dirtied Blocks":0,"Local Written Blocks":0,"Temp Read Blocks":0,"Temp Written Blocks":0,"I/O Read Time":0.0,"I/O Write Time":0.0,"Temp I/O Read Time":0.0,"Temp I/O Write Time":0.0,"Subplans Removed":0,"Plans":[{"Node Type":"Custom Scan","Parent Relationship":"Member","Custom Plan Provider":"columnar scan","Parallel Aware":false,"Async Capable":false,"Relation Name":"customer","Schema":"public","Alias":"customer","Startup Cost":20.0,"Total Cost":70513.87,"Plan Rows":2999738,"Plan Width":12,"Actual Startup Time":0.141,"Actual Total Time":0.141,"Actual Rows":3000000,"Actual Loops":1,"Output":["customer.c_nationkey","customer.c_id","customer.c_w_id","customer.c_d_id"],"Rows Removed by Columnar Filter":0,"Columnar cache search mode":"native","Shared Hit Blocks":0,"Shared Read Blocks":0,"Shared Dirtied Blocks":0,"Shared Written Blocks":0,"Local Hit Blocks":0,"Local Read Blocks":0,"Local Dirtied Blocks":0,"Local Written Blocks":0,"Temp Read Blocks":0,"Temp Written Blocks":0,"I/O Read Time":0.0,"I/O Write Time":0.0,"Temp I/O Read Time":0.0,"Temp I/O Write Time":0.0},{"Node Type":"Seq Scan","Parent Relationship":"Member","Parallel Aware":false,"Async Capable":false,"Relation Name":"customer","Schema":"public","Alias":"customer","Startup Cost":0.0,"Total Cost":4.01,"Plan Rows":1,"Plan Width":12,"Actual Startup Time":0.0,"Actual Total Time":0.0,"Actual Rows":0,"Actual Loops":0,"Output":["customer.c_nationkey","customer.c_id","customer.c_w_id","customer.c_d_id"],"Shared Hit Blocks":0,"Shared Read Blocks":0,"Shared Dirtied Blocks":0,"Shared Written Blocks":0,"Local Hit Blocks":0,"Local Read Blocks":0,"Local Dirtied Blocks":0,"Local Written Blocks":0,"Temp Read Blocks":0,"Temp Written Blocks":0,"I/O Read Time":0.0,"I/O Write Time":0.0,"Temp I/O Read Time":0.0,"Temp I/O Write Time":0.0}]},{"Node Type":"Hash","Parent Relationship":"Inner","Parallel Aware":false,"Async Capable":false,"Startup Cost":24.07,"Total Cost":24.07,"Plan Rows":3,"Plan Width":12,"Actual Rows":2,"Actual Loops":1,"Output":["n2.n_nationkey","n2.n_name"],"Shared Hit Blocks":0,"Shared Read Blocks":0,"Shared Dirtied Blocks":0,"Shared Written Blocks":0,"Local Hit Blocks":0,"Local Read Blocks":0,"Local Dirtied Blocks":0,"Local Written Blocks":0,"Temp Read Blocks":0,"Temp Written Blocks":0,"I/O Read Time":0.0,"I/O Write Time":0.0,"Temp I/O Read Time":0.0,"Temp I/O Write Time":0.0,"Plans":[{"Node Type":"Append","Parent Relationship":"Outer","Parallel Aware":false,"Async Capable":false,"Startup Cost":20.0,"Total Cost":24.07,"Plan Rows":3,"Plan Width":12,"Actual Startup Time":0.089,"Actual Total Time":0.089,"Actual Rows":2,"Actual Loops":1,"Shared Hit Blocks":0,"Shared Read Blocks":0,"Shared Dirtied Blocks":0,"Shared Written Blocks":0,"Local Hit Blocks":0,"Local Read Blocks":0,"Local Dirtied Blocks":0,"Local Written Blocks":0,"Temp Read Blocks":0,"Temp Written Blocks":0,"I/O Read Time":0.0,"I/O Write Time":0.0,"Temp I/O Read Time":0.0,"Temp I/O Write Time":0.0,"Subplans Removed":0,"Plans":[{"Node Type":"Custom Scan","Parent Relationship":"Member","Custom Plan Provider":"columnar scan","Parallel Aware":false,"Async Capable":false,"Relation Name":"nation","Schema":"public","Alias":"n2","Startup Cost":20.0,"Total Cost":20.05,"Plan Rows":2,"Plan Width":12,"Actual Startup Time":0.087,"Actual Total Time":0.087,"Actual Rows":2,"Actual Loops":1,"Output":["n2.n_nationkey","n2.n_name"],"Filter":"(((n2.n_name)::text = 'Cambodia'::text) OR ((n2.n_name)::text = 'Germany'::text))","Rows Removed by Filter":0,"Rows Removed by Columnar Filter":60,"Columnar cache search mode":"native","Shared Hit Blocks":0,"Shared Read Blocks":0,"Shared Dirtied Blocks":0,"Shared Written Blocks":0,"Local Hit Blocks":0,"Local Read Blocks":0,"Local Dirtied Blocks":0,"Local Written Blocks":0,"Temp Read Blocks":0,"Temp Written Blocks":0,"I/O Read Time":0.0,"I/O Write Time":0.0,"Temp I/O Read Time":0.0,"Temp I/O Write Time":0.0},{"Node Type":"Seq Scan","Parent Relationship":"Member","Parallel Aware":false,"Async Capable":false,"Relation Name":"nation","Schema":"public","Alias":"n2","Startup Cost":0.0,"Total Cost":4.01,"Plan Rows":1,"Plan Width":12,"Actual Startup Time":0.0,"Actual Total Time":0.0,"Actual Rows":0,"Actual Loops":0,"Output":["n2.n_nationkey","n2.n_name"],"Filter":"(((n2.n_name)::text = 'Cambodia'::text) OR ((n2.n_name)::text = 'Germany'::text))","Rows Removed by Filter":0,"Shared Hit Blocks":0,"Shared Read Blocks":0,"Shared Dirtied Blocks":0,"Shared Written Blocks":0,"Local Hit Blocks":0,"Local Read Blocks":0,"Local Dirtied Blocks":0,"Local Written Blocks":0,"Temp Read Blocks":0,"Temp Written Blocks":0,"I/O Read Time":0.0,"I/O Write Time":0.0,"Temp I/O Read Time":0.0,"Temp I/O Write Time":0.0}]}]}]}]}]}]}]}]},"Planning":{"Shared Hit Blocks":12,"Shared Read Blocks":0,"Shared Dirtied Blocks":0,"Shared Written Blocks":0,"Local Hit Blocks":0,"Local Read Blocks":0,"Local Dirtied Blocks":0,"Local Written Blocks":0,"Temp Read Blocks":0,"Temp Written Blocks":0,"I/O Read Time":0.0,"I/O Write Time":0.0,"Temp I/O Read Time":0.0,"Temp I/O Write Time":0.0},"Planning Time":2.804,"Triggers":[],"Execution Time":13327.142}]
[列存组合]: customer, order_line, orders
[{"Plan":{"Node Type":"Aggregate","Strategy":"Sorted","Partial Mode":"Simple","Parallel Aware":false,"Async Capable":false,"Startup Cost":727897.1,"Total Cost":728018.71,"Plan Rows":4422,"Plan Width":72,"Actual Startup Time":9222.163,"Actual Total Time":9223.45,"Actual Rows":6,"Actual Loops":1,"Output":["supplier.su_nationkey","customer.c_nationkey","(EXTRACT(year FROM orders.o_entry_d))","sum(order_line.ol_amount)"],"Group Key":["supplier.su_nationkey","customer.c_nationkey","(EXTRACT(year FROM orders.o_entry_d))"],"Shared Hit Blocks":27557,"Shared Read Blocks":0,"Shared Dirtied Blocks":0,"Shared Written Blocks":0,"Local Hit Blocks":0,"Local Read Blocks":0,"Local Dirtied Blocks":0,"Local Written Blocks":0,"Temp Read Blocks":3205,"Temp Written Blocks":3205,"I/O Read Time":0.0,"I/O Write Time":0.0,"Temp I/O Read Time":4.88,"Temp I/O Write Time":31.896,"Plans":[{"Node Type":"Sort","Parent Relationship":"Outer","Parallel Aware":false,"Async Capable":false,"Startup Cost":727897.1,"Total Cost":727908.16,"Plan Rows":4422,"Plan Width":44,"Actual Startup Time":9222.101,"Actual Total Time":9222.378,"Actual Rows":6043,"Actual Loops":1,"Output":["supplier.su_nationkey","customer.c_nationkey","(EXTRACT(year FROM orders.o_entry_d))","order_line.ol_amount"],"Sort Key":["supplier.su_nationkey","customer.c_nationkey","(EXTRACT(year FROM orders.o_entry_d))"],"Sort Method":"quicksort","Sort Space Used":523,"Sort Space Type":"Memory","Shared Hit Blocks":27557,"Shared Read Blocks":0,"Shared Dirtied Blocks":0,"Shared Written Blocks":0,"Local Hit Blocks":0,"Local Read Blocks":0,"Local Dirtied Blocks":0,"Local Written Blocks":0,"Temp Read Blocks":3205,"Temp Written Blocks":3205,"I/O Read Time":0.0,"I/O Write Time":0.0,"Temp I/O Read Time":4.88,"Temp I/O Write Time":31.896,"Plans":[{"Node Type":"Hash Join","Parent Relationship":"Outer","Parallel Aware":false,"Async Capable":false,"Join Type":"Inner","Startup Cost":395638.15,"Total Cost":727629.34,"Plan Rows":4422,"Plan Width":44,"Actual Startup Time":4575.779,"Actual Total Time":9220.039,"Actual Rows":6043,"Actual Loops":1,"Output":["supplier.su_nationkey","customer.c_nationkey","EXTRACT(year FROM orders.o_entry_d)","order_line.ol_amount"],"Hash Cond":"((stock.s_w_id = order_line.ol_supply_w_id) AND (stock.s_i_id = order_line.ol_i_id))","Join Filter":"((((n1.n_name)::text = 'Germany'::text) AND ((n2.n_name)::text = 'Cambodia'::text)) OR (((n1.n_name)::text = 'Cambodia'::text) AND ((n2.n_name)::text = 'Germany'::text)))","Rows Removed by Join Filter":5752,"Shared Hit Blocks":27557,"Shared Read Blocks":0,"Shared Dirtied Blocks":0,"Shared Written Blocks":0,"Local Hit Blocks":0,"Local Read Blocks":0,"Local Dirtied Blocks":0,"Local Written Blocks":0,"Temp Read Blocks":3205,"Temp Written Blocks":3205,"I/O Read Time":0.0,"I/O Write Time":0.0,"Temp I/O Read Time":4.88,"Temp I/O Write Time":31.896,"Plans":[{"Node Type":"Hash Join","Parent Relationship":"Outer","Parallel Aware":false,"Async Capable":false,"Join Type":"Inner","Startup Cost":444.39,"Total Cost":316943.47,"Plan Rows":322586,"Plan Width":18,"Actual Startup Time":2.664,"Actual Total Time":4509.739,"Actual Rows":283200,"Actual Loops":1,"Output":["supplier.su_nationkey","stock.s_w_id","stock.s_i_id","n1.n_name"],"Hash Cond":"(supplier.su_nationkey = n1.n_nationkey)","Shared Hit Blocks":27556,"Shared Read Blocks":0,"Shared Dirtied Blocks":0,"Shared Written Blocks":0,"Local Hit Blocks":0,"Local Read Blocks":0,"Local Dirtied Blocks":0,"Local Written Blocks":0,"Temp Read Blocks":0,"Temp Written Blocks":0,"I/O Read Time":0.0,"I/O Write Time":0.0,"Temp I/O Read Time":0.0,"Temp I/O Write Time":0.0,"Plans":[{"Node Type":"Hash Join","Parent Relationship":"Outer","Parallel Aware":false,"Async Capable":false,"Join Type":"Inner","Startup Cost":442.44,"Total Cost":288896.71,"Plan Rows":10000162,"Plan Width":10,"Actual Startup Time":2.632,"Actual Total Time":3569.621,"Actual Rows":10000000,"Actual Loops":1,"Output":["supplier.su_nationkey","stock.s_w_id","stock.s_i_id"],"Hash Cond":"(mod((stock.s_w_id * stock.s_i_id), 10000) = supplier.su_suppkey)","Shared Hit Blocks":27555,"Shared Read Blocks":0,"Shared Dirtied Blocks":0,"Shared Written Blocks":0,"Local Hit Blocks":0,"Local Read Blocks":0,"Local Dirtied Blocks":0,"Local Written Blocks":0,"Temp Read Blocks":0,"Temp Written Blocks":0,"I/O Read Time":0.0,"I/O Write Time":0.0,"Temp I/O Read Time":0.0,"Temp I/O Write Time":0.0,"Plans":[{"Node Type":"Index Only Scan","Parent Relationship":"Outer","Parallel Aware":false,"Async Capable":false,"Scan Direction":"Forward","Index Name":"stock_pk","Relation Name":"stock","Schema":"public","Alias":"stock","Startup Cost":0.43,"Total Cost":259690.86,"Plan Rows":10000162,"Plan Width":6,"Actual Startup Time":0.021,"Actual Total Time":1045.627,"Actual Rows":10000000,"Actual Loops":1,"Output":["stock.s_w_id","stock.s_i_id"],"Heap Fetches":0,"Shared Hit Blocks":27338,"Shared Read Blocks":0,"Shared Dirtied Blocks":0,"Shared Written Blocks":0,"Local Hit Blocks":0,"Local Read Blocks":0,"Local Dirtied Blocks":0,"Local Written Blocks":0,"Temp Read Blocks":0,"Temp Written Blocks":0,"I/O Read Time":0.0,"I/O Write Time":0.0,"Temp I/O Read Time":0.0,"Temp I/O Write Time":0.0},{"Node Type":"Hash","Parent Relationship":"Inner","Parallel Aware":false,"Async Capable":false,"Startup Cost":317.0,"Total Cost":317.0,"Plan Rows":10000,"Plan Width":8,"Actual Startup Time":2.571,"Actual Total Time":2.571,"Actual Rows":10000,"Actual Loops":1,"Output":["supplier.su_nationkey","supplier.su_suppkey"],"Hash Buckets":16384,"Original Hash Buckets":16384,"Hash Batches":1,"Original Hash Batches":1,"Peak Memory Usage":519,"Shared Hit Blocks":217,"Shared Read Blocks":0,"Shared Dirtied Blocks":0,"Shared Written Blocks":0,"Local Hit Blocks":0,"Local Read Blocks":0,"Local Dirtied Blocks":0,"Local Written Blocks":0,"Temp Read Blocks":0,"Temp Written Blocks":0,"I/O Read Time":0.0,"I/O Write Time":0.0,"Temp I/O Read Time":0.0,"Temp I/O Write Time":0.0,"Plans":[{"Node Type":"Seq Scan","Parent Relationship":"Outer","Parallel Aware":false,"Async Capable":false,"Relation Name":"supplier","Schema":"public","Alias":"supplier","Startup Cost":0.0,"Total Cost":317.0,"Plan Rows":10000,"Plan Width":8,"Actual Startup Time":0.005,"Actual Total Time":1.355,"Actual Rows":10000,"Actual Loops":1,"Output":["supplier.su_nationkey","supplier.su_suppkey"],"Shared Hit Blocks":217,"Shared Read Blocks":0,"Shared Dirtied Blocks":0,"Shared Written Blocks":0,"Local Hit Blocks":0,"Local Read Blocks":0,"Local Dirtied Blocks":0,"Local Written Blocks":0,"Temp Read Blocks":0,"Temp Written Blocks":0,"I/O Read Time":0.0,"I/O Write Time":0.0,"Temp I/O Read Time":0.0,"Temp I/O Write Time":0.0}]}]},{"Node Type":"Hash","Parent Relationship":"Inner","Parallel Aware":false,"Async Capable":false,"Startup Cost":1.93,"Total Cost":1.93,"Plan Rows":2,"Plan Width":12,"Actual Startup Time":0.022,"Actual Total Time":0.023,"Actual Rows":2,"Actual Loops":1,"Output":["n1.n_nationkey","n1.n_name"],"Hash Buckets":1024,"Original Hash Buckets":1024,"Hash Batches":1,"Original Hash Batches":1,"Peak Memory Usage":9,"Shared Hit Blocks":1,"Shared Read Blocks":0,"Shared Dirtied Blocks":0,"Shared Written Blocks":0,"Local Hit Blocks":0,"Local Read Blocks":0,"Local Dirtied Blocks":0,"Local Written Blocks":0,"Temp Read Blocks":0,"Temp Written Blocks":0,"I/O Read Time":0.0,"I/O Write Time":0.0,"Temp I/O Read Time":0.0,"Temp I/O Write Time":0.0,"Plans":[{"Node Type":"Seq Scan","Parent Relationship":"Outer","Parallel Aware":false,"Async Capable":false,"Relation Name":"nation","Schema":"public","Alias":"n1","Startup Cost":0.0,"Total Cost":1.93,"Plan Rows":2,"Plan Width":12,"Actual Startup Time":0.013,"Actual Total Time":0.018,"Actual Rows":2,"Actual Loops":1,"Output":["n1.n_nationkey","n1.n_name"],"Filter":"(((n1.n_name)::text = 'Germany'::text) OR ((n1.n_name)::text = 'Cambodia'::text))","Rows Removed by Filter":60,"Shared Hit Blocks":1,"Shared Read Blocks":0,"Shared Dirtied Blocks":0,"Shared Written Blocks":0,"Local Hit Blocks":0,"Local Read Blocks":0,"Local Dirtied Blocks":0,"Local Written Blocks":0,"Temp Read Blocks":0,"Temp Written Blocks":0,"I/O Read Time":0.0,"I/O Write Time":0.0,"Temp I/O Read Time":0.0,"Temp I/O Write Time":0.0}]}]},{"Node Type":"Hash","Parent Relationship":"Inner","Parallel Aware":false,"Async Capable":false,"Startup Cost":389301.4,"Total Cost":389301.4,"Plan Rows":269824,"Plan Width":30,"Actual Startup Time":4570.7,"Actual Total Time":4570.725,"Actual Rows":414592,"Actual Loops":1,"Output":["order_line.ol_amount","order_line.ol_supply_w_id","order_line.ol_i_id","orders.o_entry_d","customer.c_nationkey","n2.n_name"],"Hash Buckets":131072,"Original Hash Buckets":131072,"Hash Batches":4,"Original Hash Batches":4,"Peak Memory Usage":7952,"Shared Hit Blocks":1,"Shared Read Blocks":0,"Shared Dirtied Blocks":0,"Shared Written Blocks":0,"Local Hit Blocks":0,"Local Read Blocks":0,"Local Dirtied Blocks":0,"Local Written Blocks":0,"Temp Read Blocks":0,"Temp Written Blocks":2152,"I/O Read Time":0.0,"I/O Write Time":0.0,"Temp I/O Read Time":0.0,"Temp I/O Write Time":22.69,"Plans":[{"Node Type":"Hash Join","Parent Relationship":"Outer","Parallel Aware":false,"Async Capable":false,"Join Type":"Inner","Startup Cost":20550.73,"Total Cost":389301.4,"Plan Rows":269824,"Plan Width":30,"Actual Startup Time":396.879,"Actual Total Time":4398.67,"Actual Rows":414592,"Actual Loops":1,"Output":["order_line.ol_amount","order_line.ol_supply_w_id","order_line.ol_i_id","orders.o_entry_d","customer.c_nationkey","n2.n_name"],"Hash Cond":"(customer.c_nationkey = n2.n_nationkey)","Shared Hit Blocks":1,"Shared Read Blocks":0,"Shared Dirtied Blocks":0,"Shared Written Blocks":0,"Local Hit Blocks":0,"Local Read Blocks":0,"Local Dirtied Blocks":0,"Local Written Blocks":0,"Temp Read Blocks":0,"Temp Written Blocks":0,"I/O Read Time":0.0,"I/O Write Time":0.0,"Temp I/O Read Time":0.0,"Temp I/O Write Time":0.0,"Plans":[{"Node Type":"Hash Join","Parent Relationship":"Outer","Parallel Aware":false,"Async Capable":false,"Join Type":"Inner","Startup Cost":20548.77,"Total Cost":365841.6,"Plan Rows":8364549,"Plan Width":22,"Actual Startup Time":396.832,"Actual Total Time":3277.075,"Actual Rows":8570498,"Actual Loops":1,"Output":["order_line.ol_amount","order_line.ol_supply_w_id","order_line.ol_i_id","orders.o_entry_d","customer.c_nationkey"],"Hash Cond":"((order_line.ol_w_id = customer.c_w_id) AND (order_line.ol_d_id = customer.c_d_id) AND (orders.o_c_id = customer.c_id))","Rows Removed by Bloom Filter":0,"Shared Hit Blocks":0,"Shared Read Blocks":0,"Shared Dirtied Blocks":0,"Shared Written Blocks":0,"Local Hit Blocks":0,"Local Read Blocks":0,"Local Dirtied Blocks":0,"Local Written Blocks":0,"Temp Read Blocks":0,"Temp Written Blocks":0,"I/O Read Time":0.0,"I/O Write Time":0.0,"Temp I/O Read Time":0.0,"Temp I/O Write Time":0.0,"Plans":[{"Node Type":"Hash Join","Parent Relationship":"Outer","Parallel Aware":false,"Async Capable":false,"Join Type":"Inner","Startup Cost":10291.72,"Total Cost":260799.24,"Plan Rows":8364549,"Plan Width":30,"Actual Startup Time":14.138,"Actual Total Time":14.152,"Actual Rows":0,"Actual Loops":1,"Output":["order_line.ol_amount","order_line.ol_supply_w_id","order_line.ol_i_id","order_line.ol_w_id","order_line.ol_d_id","orders.o_entry_d","orders.o_w_id","orders.o_d_id","orders.o_c_id"],"Hash Cond":"((order_line.ol_w_id = orders.o_w_id) AND (order_line.ol_d_id = orders.o_d_id) AND (order_line.ol_o_id = orders.o_id))","Rows Removed by Bloom Filter":0,"Shared Hit Blocks":0,"Shared Read Blocks":0,"Shared Dirtied Blocks":0,"Shared Written Blocks":0,"Local Hit Blocks":0,"Local Read Blocks":0,"Local Dirtied Blocks":0,"Local Written Blocks":0,"Temp Read Blocks":0,"Temp Written Blocks":0,"I/O Read Time":0.0,"I/O Write Time":0.0,"Temp I/O Read Time":0.0,"Temp I/O Write Time":0.0,"Plans":[{"Node Type":"Append","Parent Relationship":"Outer","Parallel Aware":false,"Async Capable":false,"Startup Cost":20.0,"Total Cost":230190.58,"Plan Rows":8369638,"Plan Width":22,"Actual Startup Time":12.552,"Actual Total Time":12.557,"Actual Rows":8570498,"Actual Loops":1,"Shared Hit Blocks":0,"Shared Read Blocks":0,"Shared Dirtied Blocks":0,"Shared Written Blocks":0,"Local Hit Blocks":0,"Local Read Blocks":0,"Local Dirtied Blocks":0,"Local Written Blocks":0,"Temp Read Blocks":0,"Temp Written Blocks":0,"I/O Read Time":0.0,"I/O Write Time":0.0,"Temp I/O Read Time":0.0,"Temp I/O Write Time":0.0,"Subplans Removed":0,"Plans":[{"Node Type":"Custom Scan","Parent Relationship":"Member","Custom Plan Provider":"columnar scan","Parallel Aware":false,"Async Capable":false,"Relation Name":"order_line","Schema":"public","Alias":"order_line","Startup Cost":20.0,"Total Cost":230185.68,"Plan Rows":8369621,"Plan Width":22,"Actual Startup Time":12.551,"Actual Total Time":12.553,"Actual Rows":8570498,"Actual Loops":1,"Output":["order_line.ol_amount","order_line.ol_supply_w_id","order_line.ol_i_id","order_line.ol_w_id","order_line.ol_d_id","order_line.ol_o_id"],"Filter":"((order_line.ol_delivery_d <= '1997-01-01 20:10:02.27764'::timestamp without time zone) AND (order_line.ol_delivery_d >= '1995-01-02 20:10:02.27764'::timestamp without time zone))","Rows Removed by Filter":0,"Rows Removed by Columnar Filter":21427234,"Columnar cache search mode":"native","Shared Hit Blocks":0,"Shared Read Blocks":0,"Shared Dirtied Blocks":0,"Shared Written Blocks":0,"Local Hit Blocks":0,"Local Read Blocks":0,"Local Dirtied Blocks":0,"Local Written Blocks":0,"Temp Read Blocks":0,"Temp Written Blocks":0,"I/O Read Time":0.0,"I/O Write Time":0.0,"Temp I/O Read Time":0.0,"Temp I/O Write Time":0.0},{"Node Type":"Seq Scan","Parent Relationship":"Member","Parallel Aware":false,"Async Capable":false,"Relation Name":"order_line","Schema":"public","Alias":"order_line","Startup Cost":0.0,"Total Cost":4.9,"Plan Rows":17,"Plan Width":22,"Actual Startup Time":0.0,"Actual Total Time":0.0,"Actual Rows":0,"Actual Loops":0,"Output":["order_line.ol_amount","order_line.ol_supply_w_id","order_line.ol_i_id","order_line.ol_w_id","order_line.ol_d_id","order_line.ol_o_id"],"Filter":"((order_line.ol_delivery_d <= '1997-01-01 20:10:02.27764'::timestamp without time zone) AND (order_line.ol_delivery_d >= '1995-01-02 20:10:02.27764'::timestamp without time zone))","Rows Removed by Filter":0,"Shared Hit Blocks":0,"Shared Read Blocks":0,"Shared Dirtied Blocks":0,"Shared Written Blocks":0,"Local Hit Blocks":0,"Local Read Blocks":0,"Local Dirtied Blocks":0,"Local Written Blocks":0,"Temp Read Blocks":0,"Temp Written Blocks":0,"I/O Read Time":0.0,"I/O Write Time":0.0,"Temp I/O Read Time":0.0,"Temp I/O Write Time":0.0}]},{"Node Type":"Hash","Parent Relationship":"Inner","Parallel Aware":false,"Async Capable":false,"Startup Cost":76477.53,"Total Cost":76477.53,"Plan Rows":2998177,"Plan Width":24,"Actual Rows":2997892,"Actual Loops":1,"Output":["orders.o_entry_d","orders.o_w_id","orders.o_d_id","orders.o_id","orders.o_c_id"],"Shared Hit Blocks":0,"Shared Read Blocks":0,"Shared Dirtied Blocks":0,"Shared Written Blocks":0,"Local Hit Blocks":0,"Local Read Blocks":0,"Local Dirtied Blocks":0,"Local Written Blocks":0,"Temp Read Blocks":0,"Temp Written Blocks":0,"I/O Read Time":0.0,"I/O Write Time":0.0,"Temp I/O Read Time":0.0,"Temp I/O Write Time":0.0,"Plans":[{"Node Type":"Append","Parent Relationship":"Outer","Parallel Aware":false,"Async Capable":false,"Startup Cost":20.0,"Total Cost":76477.53,"Plan Rows":2998177,"Plan Width":24,"Actual Startup Time":1.503,"Actual Total Time":1.507,"Actual Rows":2997892,"Actual Loops":1,"Shared Hit Blocks":0,"Shared Read Blocks":0,"Shared Dirtied Blocks":0,"Shared Written Blocks":0,"Local Hit Blocks":0,"Local Read Blocks":0,"Local Dirtied Blocks":0,"Local Written Blocks":0,"Temp Read Blocks":0,"Temp Written Blocks":0,"I/O Read Time":0.0,"I/O Write Time":0.0,"Temp I/O Read Time":0.0,"Temp I/O Write Time":0.0,"Subplans Removed":0,"Plans":[{"Node Type":"Custom Scan","Parent Relationship":"Member","Custom Plan Provider":"columnar scan","Parallel Aware":false,"Async Capable":false,"Relation Name":"orders","Schema":"public","Alias":"orders","Startup Cost":20.0,"Total Cost":76473.52,"Plan Rows":2998176,"Plan Width":24,"Actual Startup Time":1.502,"Actual Total Time":1.503,"Actual Rows":2997892,"Actual Loops":1,"Output":["orders.o_entry_d","orders.o_w_id","orders.o_d_id","orders.o_id","orders.o_c_id"],"Filter":"(orders.o_entry_d >= '1992-01-02 20:10:02.27764'::timestamp without time zone)","Rows Removed by Filter":0,"Rows Removed by Columnar Filter":2108,"Columnar cache search mode":"native","Shared Hit Blocks":0,"Shared Read Blocks":0,"Shared Dirtied Blocks":0,"Shared Written Blocks":0,"Local Hit Blocks":0,"Local Read Blocks":0,"Local Dirtied Blocks":0,"Local Written Blocks":0,"Temp Read Blocks":0,"Temp Written Blocks":0,"I/O Read Time":0.0,"I/O Write Time":0.0,"Temp I/O Read Time":0.0,"Temp I/O Write Time":0.0},{"Node Type":"Seq Scan","Parent Relationship":"Member","Parallel Aware":false,"Async Capable":false,"Relation Name":"orders","Schema":"public","Alias":"orders","Startup Cost":0.0,"Total Cost":4.01,"Plan Rows":1,"Plan Width":24,"Actual Startup Time":0.0,"Actual Total Time":0.0,"Actual Rows":0,"Actual Loops":0,"Output":["orders.o_entry_d","orders.o_w_id","orders.o_d_id","orders.o_id","orders.o_c_id"],"Filter":"(orders.o_entry_d >= '1992-01-02 20:10:02.27764'::timestamp without time zone)","Rows Removed by Filter":0,"Shared Hit Blocks":0,"Shared Read Blocks":0,"Shared Dirtied Blocks":0,"Shared Written Blocks":0,"Local Hit Blocks":0,"Local Read Blocks":0,"Local Dirtied Blocks":0,"Local Written Blocks":0,"Temp Read Blocks":0,"Temp Written Blocks":0,"I/O Read Time":0.0,"I/O Write Time":0.0,"Temp I/O Read Time":0.0,"Temp I/O Write Time":0.0}]}]}]},{"Node Type":"Hash","Parent Relationship":"Inner","Parallel Aware":false,"Async Capable":false,"Startup Cost":70517.88,"Total Cost":70517.88,"Plan Rows":2999739,"Plan Width":12,"Actual Rows":3000000,"Actual Loops":1,"Output":["customer.c_nationkey","customer.c_id","customer.c_w_id","customer.c_d_id"],"Shared Hit Blocks":0,"Shared Read Blocks":0,"Shared Dirtied Blocks":0,"Shared Written Blocks":0,"Local Hit Blocks":0,"Local Read Blocks":0,"Local Dirtied Blocks":0,"Local Written Blocks":0,"Temp Read Blocks":0,"Temp Written Blocks":0,"I/O Read Time":0.0,"I/O Write Time":0.0,"Temp I/O Read Time":0.0,"Temp I/O Write Time":0.0,"Plans":[{"Node Type":"Append","Parent Relationship":"Outer","Parallel Aware":false,"Async Capable":false,"Startup Cost":20.0,"Total Cost":70517.88,"Plan Rows":2999739,"Plan Width":12,"Actual Startup Time":0.12,"Actual Total Time":0.123,"Actual Rows":3000000,"Actual Loops":1,"Shared Hit Blocks":0,"Shared Read Blocks":0,"Shared Dirtied Blocks":0,"Shared Written Blocks":0,"Local Hit Blocks":0,"Local Read Blocks":0,"Local Dirtied Blocks":0,"Local Written Blocks":0,"Temp Read Blocks":0,"Temp Written Blocks":0,"I/O Read Time":0.0,"I/O Write Time":0.0,"Temp I/O Read Time":0.0,"Temp I/O Write Time":0.0,"Subplans Removed":0,"Plans":[{"Node Type":"Custom Scan","Parent Relationship":"Member","Custom Plan Provider":"columnar scan","Parallel Aware":false,"Async Capable":false,"Relation Name":"customer","Schema":"public","Alias":"customer","Startup Cost":20.0,"Total Cost":70513.87,"Plan Rows":2999738,"Plan Width":12,"Actual Startup Time":0.118,"Actual Total Time":0.119,"Actual Rows":3000000,"Actual Loops":1,"Output":["customer.c_nationkey","customer.c_id","customer.c_w_id","customer.c_d_id"],"Rows Removed by Columnar Filter":0,"Columnar cache search mode":"native","Shared Hit Blocks":0,"Shared Read Blocks":0,"Shared Dirtied Blocks":0,"Shared Written Blocks":0,"Local Hit Blocks":0,"Local Read Blocks":0,"Local Dirtied Blocks":0,"Local Written Blocks":0,"Temp Read Blocks":0,"Temp Written Blocks":0,"I/O Read Time":0.0,"I/O Write Time":0.0,"Temp I/O Read Time":0.0,"Temp I/O Write Time":0.0},{"Node Type":"Seq Scan","Parent Relationship":"Member","Parallel Aware":false,"Async Capable":false,"Relation Name":"customer","Schema":"public","Alias":"customer","Startup Cost":0.0,"Total Cost":4.01,"Plan Rows":1,"Plan Width":12,"Actual Startup Time":0.0,"Actual Total Time":0.0,"Actual Rows":0,"Actual Loops":0,"Output":["customer.c_nationkey","customer.c_id","customer.c_w_id","customer.c_d_id"],"Shared Hit Blocks":0,"Shared Read Blocks":0,"Shared Dirtied Blocks":0,"Shared Written Blocks":0,"Local Hit Blocks":0,"Local Read Blocks":0,"Local Dirtied Blocks":0,"Local Written Blocks":0,"Temp Read Blocks":0,"Temp Written Blocks":0,"I/O Read Time":0.0,"I/O Write Time":0.0,"Temp I/O Read Time":0.0,"Temp I/O Write Time":0.0}]}]}]},{"Node Type":"Hash","Parent Relationship":"Inner","Parallel Aware":false,"Async Capable":false,"Startup Cost":1.93,"Total Cost":1.93,"Plan Rows":2,"Plan Width":12,"Actual Startup Time":0.016,"Actual Total Time":0.018,"Actual Rows":2,"Actual Loops":1,"Output":["n2.n_nationkey","n2.n_name"],"Hash Buckets":1024,"Original Hash Buckets":1024,"Hash Batches":1,"Original Hash Batches":1,"Peak Memory Usage":9,"Shared Hit Blocks":1,"Shared Read Blocks":0,"Shared Dirtied Blocks":0,"Shared Written Blocks":0,"Local Hit Blocks":0,"Local Read Blocks":0,"Local Dirtied Blocks":0,"Local Written Blocks":0,"Temp Read Blocks":0,"Temp Written Blocks":0,"I/O Read Time":0.0,"I/O Write Time":0.0,"Temp I/O Read Time":0.0,"Temp I/O Write Time":0.0,"Plans":[{"Node Type":"Seq Scan","Parent Relationship":"Outer","Parallel Aware":false,"Async Capable":false,"Relation Name":"nation","Schema":"public","Alias":"n2","Startup Cost":0.0,"Total Cost":1.93,"Plan Rows":2,"Plan Width":12,"Actual Startup Time":0.009,"Actual Total Time":0.014,"Actual Rows":2,"Actual Loops":1,"Output":["n2.n_nationkey","n2.n_name"],"Filter":"(((n2.n_name)::text = 'Cambodia'::text) OR ((n2.n_name)::text = 'Germany'::text))","Rows Removed by Filter":60,"Shared Hit Blocks":1,"Shared Read Blocks":0,"Shared Dirtied Blocks":0,"Shared Written Blocks":0,"Local Hit Blocks":0,"Local Read Blocks":0,"Local Dirtied Blocks":0,"Local Written Blocks":0,"Temp Read Blocks":0,"Temp Written Blocks":0,"I/O Read Time":0.0,"I/O Write Time":0.0,"Temp I/O Read Time":0.0,"Temp I/O Write Time":0.0}]}]}]}]}]}]},"Planning":{"Shared Hit Blocks":12,"Shared Read Blocks":0,"Shared Dirtied Blocks":0,"Shared Written Blocks":0,"Local Hit Blocks":0,"Local Read Blocks":0,"Local Dirtied Blocks":0,"Local Written Blocks":0,"Temp Read Blocks":0,"Temp Written Blocks":0,"I/O Read Time":0.0,"I/O Write Time":0.0,"Temp I/O Read Time":0.0,"Temp I/O Write Time":0.0},"Planning Time":3.093,"Triggers":[],"Execution Time":9224.071}]
[列存组合]: customer, order_line, stock
[{"Plan":{"Node Type":"Aggregate","Strategy":"Sorted","Partial Mode":"Simple","Parallel Aware":false,"Async Capable":false,"Startup Cost":914854.21,"Total Cost":914975.81,"Plan Rows":4422,"Plan Width":72,"Actual Startup Time":6249.701,"Actual Total Time":6250.97,"Actual Rows":6,"Actual Loops":1,"Output":["supplier.su_nationkey","customer.c_nationkey","(EXTRACT(year FROM orders.o_entry_d))","sum(order_line.ol_amount)"],"Group Key":["supplier.su_nationkey","customer.c_nationkey","(EXTRACT(year FROM orders.o_entry_d))"],"Shared Hit Blocks":22278,"Shared Read Blocks":0,"Shared Dirtied Blocks":0,"Shared Written Blocks":0,"Local Hit Blocks":0,"Local Read Blocks":0,"Local Dirtied Blocks":0,"Local Written Blocks":0,"Temp Read Blocks":20587,"Temp Written Blocks":20596,"I/O Read Time":0.0,"I/O Write Time":0.0,"Temp I/O Read Time":32.995,"Temp I/O Write Time":96.347,"Plans":[{"Node Type":"Sort","Parent Relationship":"Outer","Parallel Aware":false,"Async Capable":false,"Startup Cost":914854.21,"Total Cost":914865.26,"Plan Rows":4422,"Plan Width":44,"Actual Startup Time":6249.644,"Actual Total Time":6249.902,"Actual Rows":6043,"Actual Loops":1,"Output":["supplier.su_nationkey","customer.c_nationkey","(EXTRACT(year FROM orders.o_entry_d))","order_line.ol_amount"],"Sort Key":["supplier.su_nationkey","customer.c_nationkey","(EXTRACT(year FROM orders.o_entry_d))"],"Sort Method":"quicksort","Sort Space Used":523,"Sort Space Type":"Memory","Shared Hit Blocks":22278,"Shared Read Blocks":0,"Shared Dirtied Blocks":0,"Shared Written Blocks":0,"Local Hit Blocks":0,"Local Read Blocks":0,"Local Dirtied Blocks":0,"Local Written Blocks":0,"Temp Read Blocks":20587,"Temp Written Blocks":20596,"I/O Read Time":0.0,"I/O Write Time":0.0,"Temp I/O Read Time":32.995,"Temp I/O Write Time":96.347,"Plans":[{"Node Type":"Merge Join","Parent Relationship":"Outer","Parallel Aware":false,"Async Capable":false,"Join Type":"Inner","Startup Cost":910494.06,"Total Cost":914586.45,"Plan Rows":4422,"Plan Width":44,"Actual Startup Time":6097.08,"Actual Total Time":6248.235,"Actual Rows":6043,"Actual Loops":1,"Output":["supplier.su_nationkey","customer.c_nationkey","EXTRACT(year FROM orders.o_entry_d)","order_line.ol_amount"],"Merge Cond":"((orders.o_c_id = customer.c_id) AND (order_line.ol_w_id = customer.c_w_id) AND (order_line.ol_d_id = customer.c_d_id))","Join Filter":"((((n1.n_name)::text = 'Germany'::text) AND ((n2.n_name)::text = 'Cambodia'::text)) OR (((n1.n_name)::text = 'Cambodia'::text) AND ((n2.n_name)::text = 'Germany'::text)))","Rows Removed by Join Filter":5752,"Shared Hit Blocks":22278,"Shared Read Blocks":0,"Shared Dirtied Blocks":0,"Shared Written Blocks":0,"Local Hit Blocks":0,"Local Read Blocks":0,"Local Dirtied Blocks":0,"Local Written Blocks":0,"Temp Read Blocks":20587,"Temp Written Blocks":20596,"I/O Read Time":0.0,"I/O Write Time":0.0,"Temp I/O Read Time":32.995,"Temp I/O Write Time":96.347,"Plans":[{"Node Type":"Sort","Parent Relationship":"Outer","Parallel Aware":false,"Async Capable":false,"Startup Cost":637570.48,"Total Cost":638245.04,"Plan Rows":269824,"Plan Width":36,"Actual Startup Time":5966.058,"Actual Total Time":6036.482,"Actual Rows":242214,"Actual Loops":1,"Output":["supplier.su_nationkey","order_line.ol_amount","order_line.ol_w_id","order_line.ol_d_id","orders.o_entry_d","orders.o_w_id","orders.o_d_id","orders.o_c_id","n1.n_name"],"Sort Key":["orders.o_c_id","order_line.ol_w_id","order_line.ol_d_id"],"Sort Method":"external merge","Sort Space Used":11984,"Sort Space Type":"Disk","Shared Hit Blocks":22277,"Shared Read Blocks":0,"Shared Dirtied Blocks":0,"Shared Written Blocks":0,"Local Hit Blocks":0,"Local Read Blocks":0,"Local Dirtied Blocks":0,"Local Written Blocks":0,"Temp Read Blocks":20042,"Temp Written Blocks":20048,"I/O Read Time":0.0,"I/O Write Time":0.0,"Temp I/O Read Time":32.248,"Temp I/O Write Time":94.249,"Plans":[{"Node Type":"Hash Join","Parent Relationship":"Outer","Parallel Aware":false,"Async Capable":false,"Join Type":"Inner","Startup Cost":159362.06,"Total Cost":605852.11,"Plan Rows":269824,"Plan Width":36,"Actual Startup Time":1316.778,"Actual Total Time":5837.617,"Actual Rows":242214,"Actual Loops":1,"Output":["supplier.su_nationkey","order_line.ol_amount","order_line.ol_w_id","order_line.ol_d_id","orders.o_entry_d","orders.o_w_id","orders.o_d_id","orders.o_c_id","n1.n_name"],"Hash Cond":"((order_line.ol_w_id = orders.o_w_id) AND (order_line.ol_d_id = orders.o_d_id) AND (order_line.ol_o_id = orders.o_id))","Shared Hit Blocks":22277,"Shared Read Blocks":0,"Shared Dirtied Blocks":0,"Shared Written Blocks":0,"Local Hit Blocks":0,"Local Read Blocks":0,"Local Dirtied Blocks":0,"Local Written Blocks":0,"Temp Read Blocks":18544,"Temp Written Blocks":18544,"I/O Read Time":0.0,"I/O Write Time":0.0,"Temp I/O Read Time":30.104,"Temp I/O Write Time":88.604,"Plans":[{"Node Type":"Hash Join","Parent Relationship":"Outer","Parallel Aware":false,"Async Capable":false,"Join Type":"Inner","Startup Cost":29766.98,"Total Cost":452870.88,"Plan Rows":269988,"Plan Width":28,"Actual Startup Time":401.429,"Actual Total Time":4581.337,"Actual Rows":242214,"Actual Loops":1,"Output":["supplier.su_nationkey","order_line.ol_amount","order_line.ol_w_id","order_line.ol_d_id","order_line.ol_o_id","n1.n_name"],"Hash Cond":"(supplier.su_nationkey = n1.n_nationkey)","Shared Hit Blocks":218,"Shared Read Blocks":0,"Shared Dirtied Blocks":0,"Shared Written Blocks":0,"Local Hit Blocks":0,"Local Read Blocks":0,"Local Dirtied Blocks":0,"Local Written Blocks":0,"Temp Read Blocks":0,"Temp Written Blocks":0,"I/O Read Time":0.0,"I/O Write Time":0.0,"Temp I/O Read Time":0.0,"Temp I/O Write Time":0.0,"Plans":[{"Node Type":"Hash Join","Parent Relationship":"Outer","Parallel Aware":false,"Async Capable":false,"Join Type":"Inner","Startup Cost":29765.02,"Total Cost":429396.82,"Plan Rows":8369638,"Plan Width":20,"Actual Startup Time":401.289,"Actual Total Time":3973.83,"Actual Rows":8570498,"Actual Loops":1,"Output":["supplier.su_nationkey","order_line.ol_amount","order_line.ol_w_id","order_line.ol_d_id","order_line.ol_o_id"],"Hash Cond":"(mod((stock.s_w_id * stock.s_i_id), 10000) = supplier.su_suppkey)","Shared Hit Blocks":217,"Shared Read Blocks":0,"Shared Dirtied Blocks":0,"Shared Written Blocks":0,"Local Hit Blocks":0,"Local Read Blocks":0,"Local Dirtied Blocks":0,"Local Written Blocks":0,"Temp Read Blocks":0,"Temp Written Blocks":0,"I/O Read Time":0.0,"I/O Write Time":0.0,"Temp I/O Read Time":0.0,"Temp I/O Write Time":0.0,"Plans":[{"Node Type":"Hash Join","Parent Relationship":"Outer","Parallel Aware":false,"Async Capable":false,"Join Type":"Inner","Startup Cost":29323.02,"Total Cost":404880.91,"Plan Rows":8369638,"Plan Width":22,"Actual Startup Time":398.58,"Actual Total Time":2266.749,"Actual Rows":8570498,"Actual Loops":1,"Output":["stock.s_w_id","stock.s_i_id","order_line.ol_amount","order_line.ol_w_id","order_line.ol_d_id","order_line.ol_o_id"],"Hash Cond":"((order_line.ol_supply_w_id = stock.s_w_id) AND (order_line.ol_i_id = stock.s_i_id))","Rows Removed by Bloom Filter":0,"Shared Hit Blocks":0,"Shared Read Blocks":0,"Shared Dirtied Blocks":0,"Shared Written Blocks":0,"Local Hit Blocks":0,"Local Read Blocks":0,"Local Dirtied Blocks":0,"Local Written Blocks":0,"Temp Read Blocks":0,"Temp Written Blocks":0,"I/O Read Time":0.0,"I/O Write Time":0.0,"Temp I/O Read Time":0.0,"Temp I/O Write Time":0.0,"Plans":[{"Node Type":"Append","Parent Relationship":"Outer","Parallel Aware":false,"Async Capable":false,"Startup Cost":20.0,"Total Cost":230190.58,"Plan Rows":8369638,"Plan Width":22,"Actual Startup Time":12.724,"Actual Total Time":12.728,"Actual Rows":8570498,"Actual Loops":1,"Shared Hit Blocks":0,"Shared Read Blocks":0,"Shared Dirtied Blocks":0,"Shared Written Blocks":0,"Local Hit Blocks":0,"Local Read Blocks":0,"Local Dirtied Blocks":0,"Local Written Blocks":0,"Temp Read Blocks":0,"Temp Written Blocks":0,"I/O Read Time":0.0,"I/O Write Time":0.0,"Temp I/O Read Time":0.0,"Temp I/O Write Time":0.0,"Subplans Removed":0,"Plans":[{"Node Type":"Custom Scan","Parent Relationship":"Member","Custom Plan Provider":"columnar scan","Parallel Aware":false,"Async Capable":false,"Relation Name":"order_line","Schema":"public","Alias":"order_line","Startup Cost":20.0,"Total Cost":230185.68,"Plan Rows":8369621,"Plan Width":22,"Actual Startup Time":12.723,"Actual Total Time":12.724,"Actual Rows":8570498,"Actual Loops":1,"Output":["order_line.ol_amount","order_line.ol_supply_w_id","order_line.ol_i_id","order_line.ol_w_id","order_line.ol_d_id","order_line.ol_o_id"],"Filter":"((order_line.ol_delivery_d <= '1997-01-01 20:10:02.27764'::timestamp without time zone) AND (order_line.ol_delivery_d >= '1995-01-02 20:10:02.27764'::timestamp without time zone))","Rows Removed by Filter":0,"Rows Removed by Columnar Filter":21427234,"Columnar cache search mode":"native","Shared Hit Blocks":0,"Shared Read Blocks":0,"Shared Dirtied Blocks":0,"Shared Written Blocks":0,"Local Hit Blocks":0,"Local Read Blocks":0,"Local Dirtied Blocks":0,"Local Written Blocks":0,"Temp Read Blocks":0,"Temp Written Blocks":0,"I/O Read Time":0.0,"I/O Write Time":0.0,"Temp I/O Read Time":0.0,"Temp I/O Write Time":0.0},{"Node Type":"Seq Scan","Parent Relationship":"Member","Parallel Aware":false,"Async Capable":false,"Relation Name":"order_line","Schema":"public","Alias":"order_line","Startup Cost":0.0,"Total Cost":4.9,"Plan Rows":17,"Plan Width":22,"Actual Startup Time":0.0,"Actual Total Time":0.0,"Actual Rows":0,"Actual Loops":0,"Output":["order_line.ol_amount","order_line.ol_supply_w_id","order_line.ol_i_id","order_line.ol_w_id","order_line.ol_d_id","order_line.ol_o_id"],"Filter":"((order_line.ol_delivery_d <= '1997-01-01 20:10:02.27764'::timestamp without time zone) AND (order_line.ol_delivery_d >= '1995-01-02 20:10:02.27764'::timestamp without time zone))","Rows Removed by Filter":0,"Shared Hit Blocks":0,"Shared Read Blocks":0,"Shared Dirtied Blocks":0,"Shared Written Blocks":0,"Local Hit Blocks":0,"Local Read Blocks":0,"Local Dirtied Blocks":0,"Local Written Blocks":0,"Temp Read Blocks":0,"Temp Written Blocks":0,"I/O Read Time":0.0,"I/O Write Time":0.0,"Temp I/O Read Time":0.0,"Temp I/O Write Time":0.0}]},{"Node Type":"Hash","Parent Relationship":"Inner","Parallel Aware":false,"Async Capable":false,"Startup Cost":195025.67,"Total Cost":195025.67,"Plan Rows":10000162,"Plan Width":6,"Actual Rows":10000000,"Actual Loops":1,"Output":["stock.s_w_id","stock.s_i_id"],"Shared Hit Blocks":0,"Shared Read Blocks":0,"Shared Dirtied Blocks":0,"Shared Written Blocks":0,"Local Hit Blocks":0,"Local Read Blocks":0,"Local Dirtied Blocks":0,"Local Written Blocks":0,"Temp Read Blocks":0,"Temp Written Blocks":0,"I/O Read Time":0.0,"I/O Write Time":0.0,"Temp I/O Read Time":0.0,"Temp I/O Write Time":0.0,"Plans":[{"Node Type":"Append","Parent Relationship":"Outer","Parallel Aware":false,"Async Capable":false,"Startup Cost":20.0,"Total Cost":195025.67,"Plan Rows":10000162,"Plan Width":6,"Actual Startup Time":0.23,"Actual Total Time":0.231,"Actual Rows":10000000,"Actual Loops":1,"Shared Hit Blocks":0,"Shared Read Blocks":0,"Shared Dirtied Blocks":0,"Shared Written Blocks":0,"Local Hit Blocks":0,"Local Read Blocks":0,"Local Dirtied Blocks":0,"Local Written Blocks":0,"Temp Read Blocks":0,"Temp Written Blocks":0,"I/O Read Time":0.0,"I/O Write Time":0.0,"Temp I/O Read Time":0.0,"Temp I/O Write Time":0.0,"Subplans Removed":0,"Plans":[{"Node Type":"Custom Scan","Parent Relationship":"Member","Custom Plan Provider":"columnar scan","Parallel Aware":false,"Async Capable":false,"Relation Name":"stock","Schema":"public","Alias":"stock","Startup Cost":20.0,"Total Cost":195020.05,"Plan Rows":10000000,"Plan Width":6,"Actual Startup Time":0.228,"Actual Total Time":0.228,"Actual Rows":10000000,"Actual Loops":1,"Output":["stock.s_w_id","stock.s_i_id"],"Rows Removed by Columnar Filter":0,"Columnar cache search mode":"native","Shared Hit Blocks":0,"Shared Read Blocks":0,"Shared Dirtied Blocks":0,"Shared Written Blocks":0,"Local Hit Blocks":0,"Local Read Blocks":0,"Local Dirtied Blocks":0,"Local Written Blocks":0,"Temp Read Blocks":0,"Temp Written Blocks":0,"I/O Read Time":0.0,"I/O Write Time":0.0,"Temp I/O Read Time":0.0,"Temp I/O Write Time":0.0},{"Node Type":"Seq Scan","Parent Relationship":"Member","Parallel Aware":false,"Async Capable":false,"Relation Name":"stock","Schema":"public","Alias":"stock","Startup Cost":0.0,"Total Cost":5.62,"Plan Rows":162,"Plan Width":6,"Actual Startup Time":0.0,"Actual Total Time":0.0,"Actual Rows":0,"Actual Loops":0,"Output":["stock.s_w_id","stock.s_i_id"],"Shared Hit Blocks":0,"Shared Read Blocks":0,"Shared Dirtied Blocks":0,"Shared Written Blocks":0,"Local Hit Blocks":0,"Local Read Blocks":0,"Local Dirtied Blocks":0,"Local Written Blocks":0,"Temp Read Blocks":0,"Temp Written Blocks":0,"I/O Read Time":0.0,"I/O Write Time":0.0,"Temp I/O Read Time":0.0,"Temp I/O Write Time":0.0}]}]}]},{"Node Type":"Hash","Parent Relationship":"Inner","Parallel Aware":false,"Async Capable":false,"Startup Cost":317.0,"Total Cost":317.0,"Plan Rows":10000,"Plan Width":8,"Actual Startup Time":2.643,"Actual Total Time":2.643,"Actual Rows":10000,"Actual Loops":1,"Output":["supplier.su_nationkey","supplier.su_suppkey"],"Hash Buckets":16384,"Original Hash Buckets":16384,"Hash Batches":1,"Original Hash Batches":1,"Peak Memory Usage":519,"Shared Hit Blocks":217,"Shared Read Blocks":0,"Shared Dirtied Blocks":0,"Shared Written Blocks":0,"Local Hit Blocks":0,"Local Read Blocks":0,"Local Dirtied Blocks":0,"Local Written Blocks":0,"Temp Read Blocks":0,"Temp Written Blocks":0,"I/O Read Time":0.0,"I/O Write Time":0.0,"Temp I/O Read Time":0.0,"Temp I/O Write Time":0.0,"Plans":[{"Node Type":"Seq Scan","Parent Relationship":"Outer","Parallel Aware":false,"Async Capable":false,"Relation Name":"supplier","Schema":"public","Alias":"supplier","Startup Cost":0.0,"Total Cost":317.0,"Plan Rows":10000,"Plan Width":8,"Actual Startup Time":0.007,"Actual Total Time":1.333,"Actual Rows":10000,"Actual Loops":1,"Output":["supplier.su_nationkey","supplier.su_suppkey"],"Shared Hit Blocks":217,"Shared Read Blocks":0,"Shared Dirtied Blocks":0,"Shared Written Blocks":0,"Local Hit Blocks":0,"Local Read Blocks":0,"Local Dirtied Blocks":0,"Local Written Blocks":0,"Temp Read Blocks":0,"Temp Written Blocks":0,"I/O Read Time":0.0,"I/O Write Time":0.0,"Temp I/O Read Time":0.0,"Temp I/O Write Time":0.0}]}]},{"Node Type":"Hash","Parent Relationship":"Inner","Parallel Aware":false,"Async Capable":false,"Startup Cost":1.93,"Total Cost":1.93,"Plan Rows":2,"Plan Width":12,"Actual Startup Time":0.025,"Actual Total Time":0.026,"Actual Rows":2,"Actual Loops":1,"Output":["n1.n_nationkey","n1.n_name"],"Hash Buckets":1024,"Original Hash Buckets":1024,"Hash Batches":1,"Original Hash Batches":1,"Peak Memory Usage":9,"Shared Hit Blocks":1,"Shared Read Blocks":0,"Shared Dirtied Blocks":0,"Shared Written Blocks":0,"Local Hit Blocks":0,"Local Read Blocks":0,"Local Dirtied Blocks":0,"Local Written Blocks":0,"Temp Read Blocks":0,"Temp Written Blocks":0,"I/O Read Time":0.0,"I/O Write Time":0.0,"Temp I/O Read Time":0.0,"Temp I/O Write Time":0.0,"Plans":[{"Node Type":"Seq Scan","Parent Relationship":"Outer","Parallel Aware":false,"Async Capable":false,"Relation Name":"nation","Schema":"public","Alias":"n1","Startup Cost":0.0,"Total Cost":1.93,"Plan Rows":2,"Plan Width":12,"Actual Startup Time":0.016,"Actual Total Time":0.021,"Actual Rows":2,"Actual Loops":1,"Output":["n1.n_nationkey","n1.n_name"],"Filter":"(((n1.n_name)::text = 'Germany'::text) OR ((n1.n_name)::text = 'Cambodia'::text))","Rows Removed by Filter":60,"Shared Hit Blocks":1,"Shared Read Blocks":0,"Shared Dirtied Blocks":0,"Shared Written Blocks":0,"Local Hit Blocks":0,"Local Read Blocks":0,"Local Dirtied Blocks":0,"Local Written Blocks":0,"Temp Read Blocks":0,"Temp Written Blocks":0,"I/O Read Time":0.0,"I/O Write Time":0.0,"Temp I/O Read Time":0.0,"Temp I/O Write Time":0.0}]}]},{"Node Type":"Hash","Parent Relationship":"Inner","Parallel Aware":false,"Async Capable":false,"Startup Cost":59559.0,"Total Cost":59559.0,"Plan Rows":2998176,"Plan Width":24,"Actual Startup Time":914.375,"Actual Total Time":914.375,"Actual Rows":2997892,"Actual Loops":1,"Output":["orders.o_entry_d","orders.o_w_id","orders.o_d_id","orders.o_id","orders.o_c_id"],"Hash Buckets":131072,"Original Hash Buckets":131072,"Hash Batches":32,"Original Hash Batches":32,"Peak Memory Usage":6539,"Shared Hit Blocks":22059,"Shared Read Blocks":0,"Shared Dirtied Blocks":0,"Shared Written Blocks":0,"Local Hit Blocks":0,"Local Read Blocks":0,"Local Dirtied Blocks":0,"Local Written Blocks":0,"Temp Read Blocks":0,"Temp Written Blocks":16995,"I/O Read Time":0.0,"I/O Write Time":0.0,"Temp I/O Read Time":0.0,"Temp I/O Write Time":78.381,"Plans":[{"Node Type":"Seq Scan","Parent Relationship":"Outer","Parallel Aware":false,"Async Capable":false,"Relation Name":"orders","Schema":"public","Alias":"orders","Startup Cost":0.0,"Total Cost":59559.0,"Plan Rows":2998176,"Plan Width":24,"Actual Startup Time":0.022,"Actual Total Time":370.371,"Actual Rows":2997892,"Actual Loops":1,"Output":["orders.o_entry_d","orders.o_w_id","orders.o_d_id","orders.o_id","orders.o_c_id"],"Filter":"(orders.o_entry_d >= '1992-01-02 20:10:02.27764'::timestamp without time zone)","Rows Removed by Filter":2108,"Shared Hit Blocks":22059,"Shared Read Blocks":0,"Shared Dirtied Blocks":0,"Shared Written Blocks":0,"Local Hit Blocks":0,"Local Read Blocks":0,"Local Dirtied Blocks":0,"Local Written Blocks":0,"Temp Read Blocks":0,"Temp Written Blocks":0,"I/O Read Time":0.0,"I/O Write Time":0.0,"Temp I/O Read Time":0.0,"Temp I/O Write Time":0.0}]}]}]},{"Node Type":"Materialize","Parent Relationship":"Inner","Parallel Aware":false,"Async Capable":false,"Startup Cost":272923.48,"Total Cost":273407.31,"Plan Rows":96766,"Plan Width":20,"Actual Startup Time":130.993,"Actual Total Time":163.996,"Actual Rows":146547,"Actual Loops":1,"Output":["customer.c_nationkey","customer.c_id","customer.c_w_id","customer.c_d_id","n2.n_name"],"Shared Hit Blocks":1,"Shared Read Blocks":0,"Shared Dirtied Blocks":0,"Shared Written Blocks":0,"Local Hit Blocks":0,"Local Read Blocks":0,"Local Dirtied Blocks":0,"Local Written Blocks":0,"Temp Read Blocks":545,"Temp Written Blocks":548,"I/O Read Time":0.0,"I/O Write Time":0.0,"Temp I/O Read Time":0.746,"Temp I/O Write Time":2.098,"Plans":[{"Node Type":"Sort","Parent Relationship":"Outer","Parallel Aware":false,"Async Capable":false,"Startup Cost":272923.48,"Total Cost":273165.4,"Plan Rows":96766,"Plan Width":20,"Actual Startup Time":130.989,"Actual Total Time":147.856,"Actual Rows":144982,"Actual Loops":1,"Output":["customer.c_nationkey","customer.c_id","customer.c_w_id","customer.c_d_id","n2.n_name"],"Sort Key":["customer.c_id","customer.c_w_id","customer.c_d_id"],"Sort Method":"external merge","Sort Space Used":4360,"Sort Space Type":"Disk","Shared Hit Blocks":1,"Shared Read Blocks":0,"Shared Dirtied Blocks":0,"Shared Written Blocks":0,"Local Hit Blocks":0,"Local Read Blocks":0,"Local Dirtied Blocks":0,"Local Written Blocks":0,"Temp Read Blocks":545,"Temp Written Blocks":548,"I/O Read Time":0.0,"I/O Write Time":0.0,"Temp I/O Read Time":0.746,"Temp I/O Write Time":2.098,"Plans":[{"Node Type":"Hash Join","Parent Relationship":"Outer","Parallel Aware":false,"Async Capable":false,"Join Type":"Inner","Startup Cost":21.95,"Total Cost":262925.69,"Plan Rows":96766,"Plan Width":20,"Actual Startup Time":0.669,"Actual Total Time":80.618,"Actual Rows":144986,"Actual Loops":1,"Output":["customer.c_nationkey","customer.c_id","customer.c_w_id","customer.c_d_id","n2.n_name"],"Hash Cond":"(customer.c_nationkey = n2.n_nationkey)","Shared Hit Blocks":1,"Shared Read Blocks":0,"Shared Dirtied Blocks":0,"Shared Written Blocks":0,"Local Hit Blocks":0,"Local Read Blocks":0,"Local Dirtied Blocks":0,"Local Written Blocks":0,"Temp Read Blocks":0,"Temp Written Blocks":0,"I/O Read Time":0.0,"I/O Write Time":0.0,"Temp I/O Read Time":0.0,"Temp I/O Write Time":0.0,"Plans":[{"Node Type":"Append","Parent Relationship":"Outer","Parallel Aware":false,"Async Capable":false,"Startup Cost":20.0,"Total Cost":254511.16,"Plan Rows":2999739,"Plan Width":12,"Actual Startup Time":0.261,"Actual Total Time":53.18,"Actual Rows":144986,"Actual Loops":1,"Shared Hit Blocks":0,"Shared Read Blocks":0,"Shared Dirtied Blocks":0,"Shared Written Blocks":0,"Local Hit Blocks":0,"Local Read Blocks":0,"Local Dirtied Blocks":0,"Local Written Blocks":0,"Temp Read Blocks":0,"Temp Written Blocks":0,"I/O Read Time":0.0,"I/O Write Time":0.0,"Temp I/O Read Time":0.0,"Temp I/O Write Time":0.0,"Subplans Removed":0,"Plans":[{"Node Type":"Custom Scan","Parent Relationship":"Member","Custom Plan Provider":"columnar scan","Parallel Aware":false,"Async Capable":false,"Relation Name":"customer","Schema":"public","Alias":"customer","Startup Cost":20.0,"Total Cost":70513.87,"Plan Rows":2999738,"Plan Width":12,"Actual Startup Time":0.259,"Actual Total Time":42.855,"Actual Rows":144986,"Actual Loops":1,"Output":["customer.c_nationkey","customer.c_id","customer.c_w_id","customer.c_d_id"],"Rows Removed by Columnar Filter":2855014,"Rows Filtered by Bloom Filter":0,"Dictionary Rows Filtered by Bloom Filter":2855014,"Columnar cache search mode":"native","Shared Hit Blocks":0,"Shared Read Blocks":0,"Shared Dirtied Blocks":0,"Shared Written Blocks":0,"Local Hit Blocks":0,"Local Read Blocks":0,"Local Dirtied Blocks":0,"Local Written Blocks":0,"Temp Read Blocks":0,"Temp Written Blocks":0,"I/O Read Time":0.0,"I/O Write Time":0.0,"Temp I/O Read Time":0.0,"Temp I/O Write Time":0.0},{"Node Type":"Seq Scan","Parent Relationship":"Member","Parallel Aware":false,"Async Capable":false,"Relation Name":"customer","Schema":"public","Alias":"customer","Startup Cost":0.0,"Total Cost":4.01,"Plan Rows":1,"Plan Width":12,"Actual Startup Time":0.0,"Actual Total Time":0.0,"Actual Rows":0,"Actual Loops":0,"Output":["customer.c_nationkey","customer.c_id","customer.c_w_id","customer.c_d_id"],"Shared Hit Blocks":0,"Shared Read Blocks":0,"Shared Dirtied Blocks":0,"Shared Written Blocks":0,"Local Hit Blocks":0,"Local Read Blocks":0,"Local Dirtied Blocks":0,"Local Written Blocks":0,"Temp Read Blocks":0,"Temp Written Blocks":0,"I/O Read Time":0.0,"I/O Write Time":0.0,"Temp I/O Read Time":0.0,"Temp I/O Write Time":0.0}]},{"Node Type":"Hash","Parent Relationship":"Inner","Parallel Aware":false,"Async Capable":false,"Startup Cost":1.93,"Total Cost":1.93,"Plan Rows":2,"Plan Width":12,"Actual Startup Time":0.033,"Actual Total Time":0.034,"Actual Rows":2,"Actual Loops":1,"Output":["n2.n_nationkey","n2.n_name"],"Hash Buckets":1024,"Original Hash Buckets":1024,"Hash Batches":1,"Original Hash Batches":1,"Peak Memory Usage":9,"Shared Hit Blocks":1,"Shared Read Blocks":0,"Shared Dirtied Blocks":0,"Shared Written Blocks":0,"Local Hit Blocks":0,"Local Read Blocks":0,"Local Dirtied Blocks":0,"Local Written Blocks":0,"Temp Read Blocks":0,"Temp Written Blocks":0,"I/O Read Time":0.0,"I/O Write Time":0.0,"Temp I/O Read Time":0.0,"Temp I/O Write Time":0.0,"Plans":[{"Node Type":"Seq Scan","Parent Relationship":"Outer","Parallel Aware":false,"Async Capable":false,"Relation Name":"nation","Schema":"public","Alias":"n2","Startup Cost":0.0,"Total Cost":1.93,"Plan Rows":2,"Plan Width":12,"Actual Startup Time":0.024,"Actual Total Time":0.029,"Actual Rows":2,"Actual Loops":1,"Output":["n2.n_nationkey","n2.n_name"],"Filter":"(((n2.n_name)::text = 'Cambodia'::text) OR ((n2.n_name)::text = 'Germany'::text))","Rows Removed by Filter":60,"Shared Hit Blocks":1,"Shared Read Blocks":0,"Shared Dirtied Blocks":0,"Shared Written Blocks":0,"Local Hit Blocks":0,"Local Read Blocks":0,"Local Dirtied Blocks":0,"Local Written Blocks":0,"Temp Read Blocks":0,"Temp Written Blocks":0,"I/O Read Time":0.0,"I/O Write Time":0.0,"Temp I/O Read Time":0.0,"Temp I/O Write Time":0.0}]}]}]}]}]}]}]},"Planning":{"Shared Hit Blocks":12,"Shared Read Blocks":0,"Shared Dirtied Blocks":0,"Shared Written Blocks":0,"Local Hit Blocks":0,"Local Read Blocks":0,"Local Dirtied Blocks":0,"Local Written Blocks":0,"Temp Read Blocks":0,"Temp Written Blocks":0,"I/O Read Time":0.0,"I/O Write Time":0.0,"Temp I/O Read Time":0.0,"Temp I/O Write Time":0.0},"Planning Time":3.605,"Triggers":[],"Execution Time":6254.099}]
[列存组合]: customer, order_line, supplier
[{"Plan":{"Node Type":"Aggregate","Strategy":"Sorted","Partial Mode":"Simple","Parallel Aware":false,"Async Capable":false,"Startup Cost":1915063.23,"Total Cost":1915184.83,"Plan Rows":4422,"Plan Width":72,"Actual Startup Time":14882.531,"Actual Total Time":14883.8,"Actual Rows":6,"Actual Loops":1,"Output":["supplier.su_nationkey","customer.c_nationkey","(EXTRACT(year FROM orders.o_entry_d))","sum(order_line.ol_amount)"],"Group Key":["supplier.su_nationkey","customer.c_nationkey","(EXTRACT(year FROM orders.o_entry_d))"],"Shared Hit Blocks":49399,"Shared Read Blocks":0,"Shared Dirtied Blocks":0,"Shared Written Blocks":0,"Local Hit Blocks":0,"Local Read Blocks":0,"Local Dirtied Blocks":0,"Local Written Blocks":0,"Temp Read Blocks":103732,"Temp Written Blocks":103741,"I/O Read Time":0.0,"I/O Write Time":0.0,"Temp I/O Read Time":173.928,"Temp I/O Write Time":479.655,"Plans":[{"Node Type":"Sort","Parent Relationship":"Outer","Parallel Aware":false,"Async Capable":false,"Startup Cost":1915063.23,"Total Cost":1915074.28,"Plan Rows":4422,"Plan Width":44,"Actual Startup Time":14882.471,"Actual Total Time":14882.734,"Actual Rows":6043,"Actual Loops":1,"Output":["supplier.su_nationkey","customer.c_nationkey","(EXTRACT(year FROM orders.o_entry_d))","order_line.ol_amount"],"Sort Key":["supplier.su_nationkey","customer.c_nationkey","(EXTRACT(year FROM orders.o_entry_d))"],"Sort Method":"quicksort","Sort Space Used":523,"Sort Space Type":"Memory","Shared Hit Blocks":49399,"Shared Read Blocks":0,"Shared Dirtied Blocks":0,"Shared Written Blocks":0,"Local Hit Blocks":0,"Local Read Blocks":0,"Local Dirtied Blocks":0,"Local Written Blocks":0,"Temp Read Blocks":103732,"Temp Written Blocks":103741,"I/O Read Time":0.0,"I/O Write Time":0.0,"Temp I/O Read Time":173.928,"Temp I/O Write Time":479.655,"Plans":[{"Node Type":"Merge Join","Parent Relationship":"Outer","Parallel Aware":false,"Async Capable":false,"Join Type":"Inner","Startup Cost":1910703.08,"Total Cost":1914795.46,"Plan Rows":4422,"Plan Width":44,"Actual Startup Time":14729.207,"Actual Total Time":14881.047,"Actual Rows":6043,"Actual Loops":1,"Output":["supplier.su_nationkey","customer.c_nationkey","EXTRACT(year FROM orders.o_entry_d)","order_line.ol_amount"],"Inner Unique":false,"Merge Cond":"((orders.o_c_id = customer.c_id) AND (order_line.ol_w_id = customer.c_w_id) AND (order_line.ol_d_id = customer.c_d_id))","Join Filter":"((((n1.n_name)::text = 'Germany'::text) AND ((n2.n_name)::text = 'Cambodia'::text)) OR (((n1.n_name)::text = 'Cambodia'::text) AND ((n2.n_name)::text = 'Germany'::text)))","Rows Removed by Join Filter":5752,"Shared Hit Blocks":49399,"Shared Read Blocks":0,"Shared Dirtied Blocks":0,"Shared Written Blocks":0,"Local Hit Blocks":0,"Local Read Blocks":0,"Local Dirtied Blocks":0,"Local Written Blocks":0,"Temp Read Blocks":103732,"Temp Written Blocks":103741,"I/O Read Time":0.0,"I/O Write Time":0.0,"Temp I/O Read Time":173.928,"Temp I/O Write Time":479.655,"Plans":[{"Node Type":"Sort","Parent Relationship":"Outer","Parallel Aware":false,"Async Capable":false,"Startup Cost":1637779.5,"Total Cost":1638454.06,"Plan Rows":269824,"Plan Width":36,"Actual Startup Time":14597.342,"Actual Total Time":14668.246,"Actual Rows":242214,"Actual Loops":1,"Output":["supplier.su_nationkey","order_line.ol_amount","order_line.ol_w_id","order_line.ol_d_id","orders.o_entry_d","orders.o_w_id","orders.o_d_id","orders.o_c_id","n1.n_name"],"Sort Key":["orders.o_c_id","order_line.ol_w_id","order_line.ol_d_id"],"Sort Method":"external merge","Sort Space Used":11984,"Sort Space Type":"Disk","Shared Hit Blocks":49398,"Shared Read Blocks":0,"Shared Dirtied Blocks":0,"Shared Written Blocks":0,"Local Hit Blocks":0,"Local Read Blocks":0,"Local Dirtied Blocks":0,"Local Written Blocks":0,"Temp Read Blocks":103187,"Temp Written Blocks":103193,"I/O Read Time":0.0,"I/O Write Time":0.0,"Temp I/O Read Time":173.227,"Temp I/O Write Time":477.56,"Plans":[{"Node Type":"Hash Join","Parent Relationship":"Outer","Parallel Aware":false,"Async Capable":false,"Join Type":"Inner","Startup Cost":578718.35,"Total Cost":1606061.13,"Plan Rows":269824,"Plan Width":36,"Actual Startup Time":2989.67,"Actual Total Time":14468.446,"Actual Rows":242214,"Actual Loops":1,"Output":["supplier.su_nationkey","order_line.ol_amount","order_line.ol_w_id","order_line.ol_d_id","orders.o_entry_d","orders.o_w_id","orders.o_d_id","orders.o_c_id","n1.n_name"],"Inner Unique":true,"Hash Cond":"((order_line.ol_w_id = orders.o_w_id) AND (order_line.ol_d_id = orders.o_d_id) AND (order_line.ol_o_id = orders.o_id))","Shared Hit Blocks":49398,"Shared Read Blocks":0,"Shared Dirtied Blocks":0,"Shared Written Blocks":0,"Local Hit Blocks":0,"Local Read Blocks":0,"Local Dirtied Blocks":0,"Local Written Blocks":0,"Temp Read Blocks":101689,"Temp Written Blocks":101689,"I/O Read Time":0.0,"I/O Write Time":0.0,"Temp I/O Read Time":171.105,"Temp I/O Write Time":471.958,"Plans":[{"Node Type":"Hash Join","Parent Relationship":"Outer","Parallel Aware":false,"Async Capable":false,"Join Type":"Inner","Startup Cost":449123.27,"Total Cost":1453079.9,"Plan Rows":269988,"Plan Width":28,"Actual Startup Time":2083.637,"Actual Total Time":13214.324,"Actual Rows":242214,"Actual Loops":1,"Output":["supplier.su_nationkey","order_line.ol_amount","order_line.ol_w_id","order_line.ol_d_id","order_line.ol_o_id","n1.n_name"],"Inner Unique":true,"Hash Cond":"(supplier.su_nationkey = n1.n_nationkey)","Shared Hit Blocks":27339,"Shared Read Blocks":0,"Shared Dirtied Blocks":0,"Shared Written Blocks":0,"Local Hit Blocks":0,"Local Read Blocks":0,"Local Dirtied Blocks":0,"Local Written Blocks":0,"Temp Read Blocks":83145,"Temp Written Blocks":83145,"I/O Read Time":0.0,"I/O Write Time":0.0,"Temp I/O Read Time":140.643,"Temp I/O Write Time":387.282,"Plans":[{"Node Type":"Hash Join","Parent Relationship":"Outer","Parallel Aware":false,"Async Capable":false,"Join Type":"Inner","Startup Cost":449121.32,"Total Cost":1429605.83,"Plan Rows":8369638,"Plan Width":20,"Actual Startup Time":2081.597,"Actual Total Time":12587.061,"Actual Rows":8570498,"Actual Loops":1,"Output":["supplier.su_nationkey","order_line.ol_amount","order_line.ol_w_id","order_line.ol_d_id","order_line.ol_o_id"],"Inner Unique":true,"Hash Cond":"(mod((stock.s_w_id * stock.s_i_id), 10000) = supplier.su_suppkey)","Shared Hit Blocks":27338,"Shared Read Blocks":0,"Shared Dirtied Blocks":0,"Shared Written Blocks":0,"Local Hit Blocks":0,"Local Read Blocks":0,"Local Dirtied Blocks":0,"Local Written Blocks":0,"Temp Read Blocks":83145,"Temp Written Blocks":83145,"I/O Read Time":0.0,"I/O Write Time":0.0,"Temp I/O Read Time":140.643,"Temp I/O Write Time":387.282,"Plans":[{"Node Type":"Hash Join","Parent Relationship":"Outer","Parallel Aware":false,"Async Capable":false,"Join Type":"Inner","Startup Cost":448777.29,"Total Cost":1405187.91,"Plan Rows":8369638,"Plan Width":22,"Actual Startup Time":2078.593,"Actual Total Time":10788.532,"Actual Rows":8570498,"Actual Loops":1,"Output":["stock.s_w_id","stock.s_i_id","order_line.ol_amount","order_line.ol_w_id","order_line.ol_d_id","order_line.ol_o_id"],"Inner Unique":true,"Hash Cond":"((order_line.ol_supply_w_id = stock.s_w_id) AND (order_line.ol_i_id = stock.s_i_id))","Shared Hit Blocks":27338,"Shared Read Blocks":0,"Shared Dirtied Blocks":0,"Shared Written Blocks":0,"Local Hit Blocks":0,"Local Read Blocks":0,"Local Dirtied Blocks":0,"Local Written Blocks":0,"Temp Read Blocks":83145,"Temp Written Blocks":83145,"I/O Read Time":0.0,"I/O Write Time":0.0,"Temp I/O Read Time":140.643,"Temp I/O Write Time":387.282,"Plans":[{"Node Type":"Append","Parent Relationship":"Outer","Parallel Aware":false,"Async Capable":false,"Startup Cost":20.0,"Total Cost":775344.0,"Plan Rows":8369638,"Plan Width":22,"Actual Startup Time":0.176,"Actual Total Time":1669.826,"Actual Rows":8570498,"Actual Loops":1,"Shared Hit Blocks":0,"Shared Read Blocks":0,"Shared Dirtied Blocks":0,"Shared Written Blocks":0,"Local Hit Blocks":0,"Local Read Blocks":0,"Local Dirtied Blocks":0,"Local Written Blocks":0,"Temp Read Blocks":0,"Temp Written Blocks":0,"I/O Read Time":0.0,"I/O Write Time":0.0,"Temp I/O Read Time":0.0,"Temp I/O Write Time":0.0,"Subplans Removed":0,"Plans":[{"Node Type":"Custom Scan","Parent Relationship":"Member","Custom Plan Provider":"columnar scan","Parallel Aware":false,"Async Capable":false,"Relation Name":"order_line","Schema":"public","Alias":"order_line","Startup Cost":20.0,"Total Cost":230185.68,"Plan Rows":8369621,"Plan Width":22,"Actual Startup Time":0.175,"Actual Total Time":1068.992,"Actual Rows":8570498,"Actual Loops":1,"Output":["order_line.ol_amount","order_line.ol_supply_w_id","order_line.ol_i_id","order_line.ol_w_id","order_line.ol_d_id","order_line.ol_o_id"],"Filter":"((order_line.ol_delivery_d <= '1997-01-01 20:10:02.27764'::timestamp without time zone) AND (order_line.ol_delivery_d >= '1995-01-02 20:10:02.27764'::timestamp without time zone))","Rows Removed by Filter":0,"Rows Removed by Columnar Filter":21427234,"Columnar projection mode":"late materialization","Columnar cache search mode":"native","Shared Hit Blocks":0,"Shared Read Blocks":0,"Shared Dirtied Blocks":0,"Shared Written Blocks":0,"Local Hit Blocks":0,"Local Read Blocks":0,"Local Dirtied Blocks":0,"Local Written Blocks":0,"Temp Read Blocks":0,"Temp Written Blocks":0,"I/O Read Time":0.0,"I/O Write Time":0.0,"Temp I/O Read Time":0.0,"Temp I/O Write Time":0.0},{"Node Type":"Seq Scan","Parent Relationship":"Member","Parallel Aware":false,"Async Capable":false,"Relation Name":"order_line","Schema":"public","Alias":"order_line","Startup Cost":0.0,"Total Cost":4.9,"Plan Rows":17,"Plan Width":22,"Actual Startup Time":0.0,"Actual Total Time":0.0,"Actual Rows":0,"Actual Loops":0,"Output":["order_line.ol_amount","order_line.ol_supply_w_id","order_line.ol_i_id","order_line.ol_w_id","order_line.ol_d_id","order_line.ol_o_id"],"Filter":"((order_line.ol_delivery_d <= '1997-01-01 20:10:02.27764'::timestamp without time zone) AND (order_line.ol_delivery_d >= '1995-01-02 20:10:02.27764'::timestamp without time zone))","Rows Removed by Filter":0,"Shared Hit Blocks":0,"Shared Read Blocks":0,"Shared Dirtied Blocks":0,"Shared Written Blocks":0,"Local Hit Blocks":0,"Local Read Blocks":0,"Local Dirtied Blocks":0,"Local Written Blocks":0,"Temp Read Blocks":0,"Temp Written Blocks":0,"I/O Read Time":0.0,"I/O Write Time":0.0,"Temp I/O Read Time":0.0,"Temp I/O Write Time":0.0}]},{"Node Type":"Hash","Parent Relationship":"Inner","Parallel Aware":false,"Async Capable":false,"Startup Cost":259690.86,"Total Cost":259690.86,"Plan Rows":10000162,"Plan Width":6,"Actual Startup Time":2077.112,"Actual Total Time":2077.113,"Actual Rows":10000000,"Actual Loops":1,"Output":["stock.s_w_id","stock.s_i_id"],"Hash Buckets":262144,"Original Hash Buckets":262144,"Hash Batches":64,"Original Hash Batches":64,"Peak Memory Usage":8133,"Shared Hit Blocks":27338,"Shared Read Blocks":0,"Shared Dirtied Blocks":0,"Shared Written Blocks":0,"Local Hit Blocks":0,"Local Read Blocks":0,"Local Dirtied Blocks":0,"Local Written Blocks":0,"Temp Read Blocks":0,"Temp Written Blocks":33616,"I/O Read Time":0.0,"I/O Write Time":0.0,"Temp I/O Read Time":0.0,"Temp I/O Write Time":152.441,"Plans":[{"Node Type":"Index Only Scan","Parent Relationship":"Outer","Parallel Aware":false,"Async Capable":false,"Scan Direction":"Forward","Index Name":"stock_pk","Relation Name":"stock","Schema":"public","Alias":"stock","Startup Cost":0.43,"Total Cost":259690.86,"Plan Rows":10000162,"Plan Width":6,"Actual Startup Time":0.023,"Actual Total Time":719.211,"Actual Rows":10000000,"Actual Loops":1,"Output":["stock.s_w_id","stock.s_i_id"],"Heap Fetches":0,"Shared Hit Blocks":27338,"Shared Read Blocks":0,"Shared Dirtied Blocks":0,"Shared Written Blocks":0,"Local Hit Blocks":0,"Local Read Blocks":0,"Local Dirtied Blocks":0,"Local Written Blocks":0,"Temp Read Blocks":0,"Temp Written Blocks":0,"I/O Read Time":0.0,"I/O Write Time":0.0,"Temp I/O Read Time":0.0,"Temp I/O Write Time":0.0}]}]},{"Node Type":"Hash","Parent Relationship":"Inner","Parallel Aware":false,"Async Capable":false,"Startup Cost":219.01,"Total Cost":219.01,"Plan Rows":10001,"Plan Width":8,"Actual Startup Time":2.954,"Actual Total Time":2.956,"Actual Rows":10000,"Actual Loops":1,"Output":["supplier.su_nationkey","supplier.su_suppkey"],"Hash Buckets":16384,"Original Hash Buckets":16384,"Hash Batches":1,"Original Hash Batches":1,"Peak Memory Usage":519,"Shared Hit Blocks":0,"Shared Read Blocks":0,"Shared Dirtied Blocks":0,"Shared Written Blocks":0,"Local Hit Blocks":0,"Local Read Blocks":0,"Local Dirtied Blocks":0,"Local Written Blocks":0,"Temp Read Blocks":0,"Temp Written Blocks":0,"I/O Read Time":0.0,"I/O Write Time":0.0,"Temp I/O Read Time":0.0,"Temp I/O Write Time":0.0,"Plans":[{"Node Type":"Append","Parent Relationship":"Outer","Parallel Aware":false,"Async Capable":false,"Startup Cost":20.0,"Total Cost":219.01,"Plan Rows":10001,"Plan Width":8,"Actual Startup Time":0.026,"Actual Total Time":1.818,"Actual Rows":10000,"Actual Loops":1,"Shared Hit Blocks":0,"Shared Read Blocks":0,"Shared Dirtied Blocks":0,"Shared Written Blocks":0,"Local Hit Blocks":0,"Local Read Blocks":0,"Local Dirtied Blocks":0,"Local Written Blocks":0,"Temp Read Blocks":0,"Temp Written Blocks":0,"I/O Read Time":0.0,"I/O Write Time":0.0,"Temp I/O Read Time":0.0,"Temp I/O Write Time":0.0,"Subplans Removed":0,"Plans":[{"Node Type":"Custom Scan","Parent Relationship":"Member","Custom Plan Provider":"columnar scan","Parallel Aware":false,"Async Capable":false,"Relation Name":"supplier","Schema":"public","Alias":"supplier","Startup Cost":20.0,"Total Cost":215.0,"Plan Rows":10000,"Plan Width":8,"Actual Startup Time":0.024,"Actual Total Time":1.088,"Actual Rows":10000,"Actual Loops":1,"Output":["supplier.su_nationkey","supplier.su_suppkey"],"Rows Removed by Columnar Filter":0,"Columnar cache search mode":"native","Shared Hit Blocks":0,"Shared Read Blocks":0,"Shared Dirtied Blocks":0,"Shared Written Blocks":0,"Local Hit Blocks":0,"Local Read Blocks":0,"Local Dirtied Blocks":0,"Local Written Blocks":0,"Temp Read Blocks":0,"Temp Written Blocks":0,"I/O Read Time":0.0,"I/O Write Time":0.0,"Temp I/O Read Time":0.0,"Temp I/O Write Time":0.0},{"Node Type":"Seq Scan","Parent Relationship":"Member","Parallel Aware":false,"Async Capable":false,"Relation Name":"supplier","Schema":"public","Alias":"supplier","Startup Cost":0.0,"Total Cost":4.01,"Plan Rows":1,"Plan Width":8,"Actual Startup Time":0.0,"Actual Total Time":0.0,"Actual Rows":0,"Actual Loops":0,"Output":["supplier.su_nationkey","supplier.su_suppkey"],"Shared Hit Blocks":0,"Shared Read Blocks":0,"Shared Dirtied Blocks":0,"Shared Written Blocks":0,"Local Hit Blocks":0,"Local Read Blocks":0,"Local Dirtied Blocks":0,"Local Written Blocks":0,"Temp Read Blocks":0,"Temp Written Blocks":0,"I/O Read Time":0.0,"I/O Write Time":0.0,"Temp I/O Read Time":0.0,"Temp I/O Write Time":0.0}]}]}]},{"Node Type":"Hash","Parent Relationship":"Inner","Parallel Aware":false,"Async Capable":false,"Startup Cost":1.93,"Total Cost":1.93,"Plan Rows":2,"Plan Width":12,"Actual Startup Time":0.024,"Actual Total Time":0.024,"Actual Rows":2,"Actual Loops":1,"Output":["n1.n_nationkey","n1.n_name"],"Hash Buckets":1024,"Original Hash Buckets":1024,"Hash Batches":1,"Original Hash Batches":1,"Peak Memory Usage":9,"Shared Hit Blocks":1,"Shared Read Blocks":0,"Shared Dirtied Blocks":0,"Shared Written Blocks":0,"Local Hit Blocks":0,"Local Read Blocks":0,"Local Dirtied Blocks":0,"Local Written Blocks":0,"Temp Read Blocks":0,"Temp Written Blocks":0,"I/O Read Time":0.0,"I/O Write Time":0.0,"Temp I/O Read Time":0.0,"Temp I/O Write Time":0.0,"Plans":[{"Node Type":"Seq Scan","Parent Relationship":"Outer","Parallel Aware":false,"Async Capable":false,"Relation Name":"nation","Schema":"public","Alias":"n1","Startup Cost":0.0,"Total Cost":1.93,"Plan Rows":2,"Plan Width":12,"Actual Startup Time":0.015,"Actual Total Time":0.021,"Actual Rows":2,"Actual Loops":1,"Output":["n1.n_nationkey","n1.n_name"],"Filter":"(((n1.n_name)::text = 'Germany'::text) OR ((n1.n_name)::text = 'Cambodia'::text))","Rows Removed by Filter":60,"Shared Hit Blocks":1,"Shared Read Blocks":0,"Shared Dirtied Blocks":0,"Shared Written Blocks":0,"Local Hit Blocks":0,"Local Read Blocks":0,"Local Dirtied Blocks":0,"Local Written Blocks":0,"Temp Read Blocks":0,"Temp Written Blocks":0,"I/O Read Time":0.0,"I/O Write Time":0.0,"Temp I/O Read Time":0.0,"Temp I/O Write Time":0.0}]}]},{"Node Type":"Hash","Parent Relationship":"Inner","Parallel Aware":false,"Async Capable":false,"Startup Cost":59559.0,"Total Cost":59559.0,"Plan Rows":2998176,"Plan Width":24,"Actual Startup Time":898.484,"Actual Total Time":898.485,"Actual Rows":2997892,"Actual Loops":1,"Output":["orders.o_entry_d","orders.o_w_id","orders.o_d_id","orders.o_id","orders.o_c_id"],"Hash Buckets":131072,"Original Hash Buckets":131072,"Hash Batches":32,"Original Hash Batches":32,"Peak Memory Usage":6539,"Shared Hit Blocks":22059,"Shared Read Blocks":0,"Shared Dirtied Blocks":0,"Shared Written Blocks":0,"Local Hit Blocks":0,"Local Read Blocks":0,"Local Dirtied Blocks":0,"Local Written Blocks":0,"Temp Read Blocks":0,"Temp Written Blocks":16995,"I/O Read Time":0.0,"I/O Write Time":0.0,"Temp I/O Read Time":0.0,"Temp I/O Write Time":73.339,"Plans":[{"Node Type":"Seq Scan","Parent Relationship":"Outer","Parallel Aware":false,"Async Capable":false,"Relation Name":"orders","Schema":"public","Alias":"orders","Startup Cost":0.0,"Total Cost":59559.0,"Plan Rows":2998176,"Plan Width":24,"Actual Startup Time":0.013,"Actual Total Time":365.17,"Actual Rows":2997892,"Actual Loops":1,"Output":["orders.o_entry_d","orders.o_w_id","orders.o_d_id","orders.o_id","orders.o_c_id"],"Filter":"(orders.o_entry_d >= '1992-01-02 20:10:02.27764'::timestamp without time zone)","Rows Removed by Filter":2108,"Shared Hit Blocks":22059,"Shared Read Blocks":0,"Shared Dirtied Blocks":0,"Shared Written Blocks":0,"Local Hit Blocks":0,"Local Read Blocks":0,"Local Dirtied Blocks":0,"Local Written Blocks":0,"Temp Read Blocks":0,"Temp Written Blocks":0,"I/O Read Time":0.0,"I/O Write Time":0.0,"Temp I/O Read Time":0.0,"Temp I/O Write Time":0.0}]}]}]},{"Node Type":"Materialize","Parent Relationship":"Inner","Parallel Aware":false,"Async Capable":false,"Startup Cost":272923.48,"Total Cost":273407.31,"Plan Rows":96766,"Plan Width":20,"Actual Startup Time":131.829,"Actual Total Time":164.708,"Actual Rows":146547,"Actual Loops":1,"Output":["customer.c_nationkey","customer.c_id","customer.c_w_id","customer.c_d_id","n2.n_name"],"Shared Hit Blocks":1,"Shared Read Blocks":0,"Shared Dirtied Blocks":0,"Shared Written Blocks":0,"Local Hit Blocks":0,"Local Read Blocks":0,"Local Dirtied Blocks":0,"Local Written Blocks":0,"Temp Read Blocks":545,"Temp Written Blocks":548,"I/O Read Time":0.0,"I/O Write Time":0.0,"Temp I/O Read Time":0.701,"Temp I/O Write Time":2.096,"Plans":[{"Node Type":"Sort","Parent Relationship":"Outer","Parallel Aware":false,"Async Capable":false,"Startup Cost":272923.48,"Total Cost":273165.4,"Plan Rows":96766,"Plan Width":20,"Actual Startup Time":131.823,"Actual Total Time":148.76,"Actual Rows":144982,"Actual Loops":1,"Output":["customer.c_nationkey","customer.c_id","customer.c_w_id","customer.c_d_id","n2.n_name"],"Sort Key":["customer.c_id","customer.c_w_id","customer.c_d_id"],"Sort Method":"external merge","Sort Space Used":4360,"Sort Space Type":"Disk","Shared Hit Blocks":1,"Shared Read Blocks":0,"Shared Dirtied Blocks":0,"Shared Written Blocks":0,"Local Hit Blocks":0,"Local Read Blocks":0,"Local Dirtied Blocks":0,"Local Written Blocks":0,"Temp Read Blocks":545,"Temp Written Blocks":548,"I/O Read Time":0.0,"I/O Write Time":0.0,"Temp I/O Read Time":0.701,"Temp I/O Write Time":2.096,"Plans":[{"Node Type":"Hash Join","Parent Relationship":"Outer","Parallel Aware":false,"Async Capable":false,"Join Type":"Inner","Startup Cost":21.95,"Total Cost":262925.69,"Plan Rows":96766,"Plan Width":20,"Actual Startup Time":0.649,"Actual Total Time":80.868,"Actual Rows":144986,"Actual Loops":1,"Output":["customer.c_nationkey","customer.c_id","customer.c_w_id","customer.c_d_id","n2.n_name"],"Inner Unique":true,"Hash Cond":"(customer.c_nationkey = n2.n_nationkey)","Shared Hit Blocks":1,"Shared Read Blocks":0,"Shared Dirtied Blocks":0,"Shared Written Blocks":0,"Local Hit Blocks":0,"Local Read Blocks":0,"Local Dirtied Blocks":0,"Local Written Blocks":0,"Temp Read Blocks":0,"Temp Written Blocks":0,"I/O Read Time":0.0,"I/O Write Time":0.0,"Temp I/O Read Time":0.0,"Temp I/O Write Time":0.0,"Plans":[{"Node Type":"Append","Parent Relationship":"Outer","Parallel Aware":false,"Async Capable":false,"Startup Cost":20.0,"Total Cost":254511.16,"Plan Rows":2999739,"Plan Width":12,"Actual Startup Time":0.268,"Actual Total Time":53.08,"Actual Rows":144986,"Actual Loops":1,"Shared Hit Blocks":0,"Shared Read Blocks":0,"Shared Dirtied Blocks":0,"Shared Written Blocks":0,"Local Hit Blocks":0,"Local Read Blocks":0,"Local Dirtied Blocks":0,"Local Written Blocks":0,"Temp Read Blocks":0,"Temp Written Blocks":0,"I/O Read Time":0.0,"I/O Write Time":0.0,"Temp I/O Read Time":0.0,"Temp I/O Write Time":0.0,"Subplans Removed":0,"Plans":[{"Node Type":"Custom Scan","Parent Relationship":"Member","Custom Plan Provider":"columnar scan","Parallel Aware":false,"Async Capable":false,"Relation Name":"customer","Schema":"public","Alias":"customer","Startup Cost":20.0,"Total Cost":70513.87,"Plan Rows":2999738,"Plan Width":12,"Actual Startup Time":0.265,"Actual Total Time":42.726,"Actual Rows":144986,"Actual Loops":1,"Output":["customer.c_nationkey","customer.c_id","customer.c_w_id","customer.c_d_id"],"Rows Removed by Columnar Filter":2855014,"Rows Filtered by Bloom Filter":0,"Dictionary Rows Filtered by Bloom Filter":2855014,"Columnar cache search mode":"native","Shared Hit Blocks":0,"Shared Read Blocks":0,"Shared Dirtied Blocks":0,"Shared Written Blocks":0,"Local Hit Blocks":0,"Local Read Blocks":0,"Local Dirtied Blocks":0,"Local Written Blocks":0,"Temp Read Blocks":0,"Temp Written Blocks":0,"I/O Read Time":0.0,"I/O Write Time":0.0,"Temp I/O Read Time":0.0,"Temp I/O Write Time":0.0},{"Node Type":"Seq Scan","Parent Relationship":"Member","Parallel Aware":false,"Async Capable":false,"Relation Name":"customer","Schema":"public","Alias":"customer","Startup Cost":0.0,"Total Cost":4.01,"Plan Rows":1,"Plan Width":12,"Actual Startup Time":0.0,"Actual Total Time":0.0,"Actual Rows":0,"Actual Loops":0,"Output":["customer.c_nationkey","customer.c_id","customer.c_w_id","customer.c_d_id"],"Shared Hit Blocks":0,"Shared Read Blocks":0,"Shared Dirtied Blocks":0,"Shared Written Blocks":0,"Local Hit Blocks":0,"Local Read Blocks":0,"Local Dirtied Blocks":0,"Local Written Blocks":0,"Temp Read Blocks":0,"Temp Written Blocks":0,"I/O Read Time":0.0,"I/O Write Time":0.0,"Temp I/O Read Time":0.0,"Temp I/O Write Time":0.0}]},{"Node Type":"Hash","Parent Relationship":"Inner","Parallel Aware":false,"Async Capable":false,"Startup Cost":1.93,"Total Cost":1.93,"Plan Rows":2,"Plan Width":12,"Actual Startup Time":0.045,"Actual Total Time":0.046,"Actual Rows":2,"Actual Loops":1,"Output":["n2.n_nationkey","n2.n_name"],"Hash Buckets":1024,"Original Hash Buckets":1024,"Hash Batches":1,"Original Hash Batches":1,"Peak Memory Usage":9,"Shared Hit Blocks":1,"Shared Read Blocks":0,"Shared Dirtied Blocks":0,"Shared Written Blocks":0,"Local Hit Blocks":0,"Local Read Blocks":0,"Local Dirtied Blocks":0,"Local Written Blocks":0,"Temp Read Blocks":0,"Temp Written Blocks":0,"I/O Read Time":0.0,"I/O Write Time":0.0,"Temp I/O Read Time":0.0,"Temp I/O Write Time":0.0,"Plans":[{"Node Type":"Seq Scan","Parent Relationship":"Outer","Parallel Aware":false,"Async Capable":false,"Relation Name":"nation","Schema":"public","Alias":"n2","Startup Cost":0.0,"Total Cost":1.93,"Plan Rows":2,"Plan Width":12,"Actual Startup Time":0.033,"Actual Total Time":0.039,"Actual Rows":2,"Actual Loops":1,"Output":["n2.n_nationkey","n2.n_name"],"Filter":"(((n2.n_name)::text = 'Cambodia'::text) OR ((n2.n_name)::text = 'Germany'::text))","Rows Removed by Filter":60,"Shared Hit Blocks":1,"Shared Read Blocks":0,"Shared Dirtied Blocks":0,"Shared Written Blocks":0,"Local Hit Blocks":0,"Local Read Blocks":0,"Local Dirtied Blocks":0,"Local Written Blocks":0,"Temp Read Blocks":0,"Temp Written Blocks":0,"I/O Read Time":0.0,"I/O Write Time":0.0,"Temp I/O Read Time":0.0,"Temp I/O Write Time":0.0}]}]}]}]}]}]}]},"Planning":{"Shared Hit Blocks":12,"Shared Read Blocks":0,"Shared Dirtied Blocks":0,"Shared Written Blocks":0,"Local Hit Blocks":0,"Local Read Blocks":0,"Local Dirtied Blocks":0,"Local Written Blocks":0,"Temp Read Blocks":0,"Temp Written Blocks":0,"I/O Read Time":0.0,"I/O Write Time":0.0,"Temp I/O Read Time":0.0,"Temp I/O Write Time":0.0},"Planning Time":3.088,"Triggers":[],"Execution Time":14886.451}]
[列存组合]: customer, orders, stock
[{"Plan":{"Node Type":"Aggregate","Strategy":"Sorted","Partial Mode":"Simple","Parallel Aware":false,"Async Capable":false,"Startup Cost":1930668.08,"Total Cost":1930789.69,"Plan Rows":4422,"Plan Width":72,"Actual Startup Time":13380.283,"Actual Total Time":13381.548,"Actual Rows":6,"Actual Loops":1,"Output":["supplier.su_nationkey","customer.c_nationkey","(EXTRACT(year FROM orders.o_entry_d))","sum(order_line.ol_amount)"],"Group Key":["supplier.su_nationkey","customer.c_nationkey","(EXTRACT(year FROM orders.o_entry_d))"],"Shared Hit Blocks":390500,"Shared Read Blocks":0,"Shared Dirtied Blocks":0,"Shared Written Blocks":0,"Local Hit Blocks":0,"Local Read Blocks":0,"Local Dirtied Blocks":0,"Local Written Blocks":0,"Temp Read Blocks":99613,"Temp Written Blocks":99622,"I/O Read Time":0.0,"I/O Write Time":0.0,"Temp I/O Read Time":164.577,"Temp I/O Write Time":464.263,"Plans":[{"Node Type":"Sort","Parent Relationship":"Outer","Parallel Aware":false,"Async Capable":false,"Startup Cost":1930668.08,"Total Cost":1930679.14,"Plan Rows":4422,"Plan Width":44,"Actual Startup Time":13380.224,"Actual Total Time":13380.482,"Actual Rows":6043,"Actual Loops":1,"Output":["supplier.su_nationkey","customer.c_nationkey","(EXTRACT(year FROM orders.o_entry_d))","order_line.ol_amount"],"Sort Key":["supplier.su_nationkey","customer.c_nationkey","(EXTRACT(year FROM orders.o_entry_d))"],"Sort Method":"quicksort","Sort Space Used":523,"Sort Space Type":"Memory","Shared Hit Blocks":390500,"Shared Read Blocks":0,"Shared Dirtied Blocks":0,"Shared Written Blocks":0,"Local Hit Blocks":0,"Local Read Blocks":0,"Local Dirtied Blocks":0,"Local Written Blocks":0,"Temp Read Blocks":99613,"Temp Written Blocks":99622,"I/O Read Time":0.0,"I/O Write Time":0.0,"Temp I/O Read Time":164.577,"Temp I/O Write Time":464.263,"Plans":[{"Node Type":"Merge Join","Parent Relationship":"Outer","Parallel Aware":false,"Async Capable":false,"Join Type":"Inner","Startup Cost":1926307.94,"Total Cost":1930400.32,"Plan Rows":4422,"Plan Width":44,"Actual Startup Time":13226.235,"Actual Total Time":13378.767,"Actual Rows":6043,"Actual Loops":1,"Output":["supplier.su_nationkey","customer.c_nationkey","EXTRACT(year FROM orders.o_entry_d)","order_line.ol_amount"],"Inner Unique":false,"Merge Cond":"((orders.o_c_id = customer.c_id) AND (order_line.ol_w_id = customer.c_w_id) AND (order_line.ol_d_id = customer.c_d_id))","Join Filter":"((((n1.n_name)::text = 'Germany'::text) AND ((n2.n_name)::text = 'Cambodia'::text)) OR (((n1.n_name)::text = 'Cambodia'::text) AND ((n2.n_name)::text = 'Germany'::text)))","Rows Removed by Join Filter":5752,"Shared Hit Blocks":390500,"Shared Read Blocks":0,"Shared Dirtied Blocks":0,"Shared Written Blocks":0,"Local Hit Blocks":0,"Local Read Blocks":0,"Local Dirtied Blocks":0,"Local Written Blocks":0,"Temp Read Blocks":99613,"Temp Written Blocks":99622,"I/O Read Time":0.0,"I/O Write Time":0.0,"Temp I/O Read Time":164.577,"Temp I/O Write Time":464.263,"Plans":[{"Node Type":"Sort","Parent Relationship":"Outer","Parallel Aware":false,"Async Capable":false,"Startup Cost":1653384.35,"Total Cost":1654058.91,"Plan Rows":269824,"Plan Width":36,"Actual Startup Time":13093.575,"Actual Total Time":13165.203,"Actual Rows":242214,"Actual Loops":1,"Output":["supplier.su_nationkey","order_line.ol_amount","order_line.ol_w_id","order_line.ol_d_id","orders.o_entry_d","orders.o_w_id","orders.o_d_id","orders.o_c_id","n1.n_name"],"Sort Key":["orders.o_c_id","order_line.ol_w_id","order_line.ol_d_id"],"Sort Method":"external merge","Sort Space Used":11984,"Sort Space Type":"Disk","Shared Hit Blocks":390499,"Shared Read Blocks":0,"Shared Dirtied Blocks":0,"Shared Written Blocks":0,"Local Hit Blocks":0,"Local Read Blocks":0,"Local Dirtied Blocks":0,"Local Written Blocks":0,"Temp Read Blocks":99068,"Temp Written Blocks":99074,"I/O Read Time":0.0,"I/O Write Time":0.0,"Temp I/O Read Time":163.861,"Temp I/O Write Time":462.159,"Plans":[{"Node Type":"Hash Join","Parent Relationship":"Outer","Parallel Aware":false,"Async Capable":false,"Join Type":"Inner","Startup Cost":578796.33,"Total Cost":1621665.99,"Plan Rows":269824,"Plan Width":36,"Actual Startup Time":3030.464,"Actual Total Time":12966.015,"Actual Rows":242214,"Actual Loops":1,"Output":["supplier.su_nationkey","order_line.ol_amount","order_line.ol_w_id","order_line.ol_d_id","orders.o_entry_d","orders.o_w_id","orders.o_d_id","orders.o_c_id","n1.n_name"],"Inner Unique":true,"Hash Cond":"((order_line.ol_w_id = orders.o_w_id) AND (order_line.ol_d_id = orders.o_d_id) AND (order_line.ol_o_id = orders.o_id))","Shared Hit Blocks":390499,"Shared Read Blocks":0,"Shared Dirtied Blocks":0,"Shared Written Blocks":0,"Local Hit Blocks":0,"Local Read Blocks":0,"Local Dirtied Blocks":0,"Local Written Blocks":0,"Temp Read Blocks":97570,"Temp Written Blocks":97570,"I/O Read Time":0.0,"I/O Write Time":0.0,"Temp I/O Read Time":161.694,"Temp I/O Write Time":456.558,"Plans":[{"Node Type":"Hash Join","Parent Relationship":"Outer","Parallel Aware":false,"Async Capable":false,"Join Type":"Inner","Startup Cost":449201.25,"Total Cost":1468684.75,"Plan Rows":269988,"Plan Width":28,"Actual Startup Time":2116.2,"Actual Total Time":11707.382,"Actual Rows":242214,"Actual Loops":1,"Output":["supplier.su_nationkey","order_line.ol_amount","order_line.ol_w_id","order_line.ol_d_id","order_line.ol_o_id","n1.n_name"],"Inner Unique":true,"Hash Cond":"(supplier.su_nationkey = n1.n_nationkey)","Shared Hit Blocks":368440,"Shared Read Blocks":0,"Shared Dirtied Blocks":0,"Shared Written Blocks":0,"Local Hit Blocks":0,"Local Read Blocks":0,"Local Dirtied Blocks":0,"Local Written Blocks":0,"Temp Read Blocks":79026,"Temp Written Blocks":79026,"I/O Read Time":0.0,"I/O Write Time":0.0,"Temp I/O Read Time":131.67,"Temp I/O Write Time":369.467,"Plans":[{"Node Type":"Hash Join","Parent Relationship":"Outer","Parallel Aware":false,"Async Capable":false,"Join Type":"Inner","Startup Cost":449199.29,"Total Cost":1445210.69,"Plan Rows":8369638,"Plan Width":20,"Actual Startup Time":2114.303,"Actual Total Time":11114.315,"Actual Rows":8570498,"Actual Loops":1,"Output":["supplier.su_nationkey","order_line.ol_amount","order_line.ol_w_id","order_line.ol_d_id","order_line.ol_o_id"],"Inner Unique":true,"Hash Cond":"(mod((stock.s_w_id * stock.s_i_id), 10000) = supplier.su_suppkey)","Shared Hit Blocks":368439,"Shared Read Blocks":0,"Shared Dirtied Blocks":0,"Shared Written Blocks":0,"Local Hit Blocks":0,"Local Read Blocks":0,"Local Dirtied Blocks":0,"Local Written Blocks":0,"Temp Read Blocks":79026,"Temp Written Blocks":79026,"I/O Read Time":0.0,"I/O Write Time":0.0,"Temp I/O Read Time":131.67,"Temp I/O Write Time":369.467,"Plans":[{"Node Type":"Hash Join","Parent Relationship":"Outer","Parallel Aware":false,"Async Capable":false,"Join Type":"Inner","Startup Cost":448757.29,"Total Cost":1420694.79,"Plan Rows":8369638,"Plan Width":22,"Actual Startup Time":2111.785,"Actual Total Time":9413.771,"Actual Rows":8570498,"Actual Loops":1,"Output":["stock.s_w_id","stock.s_i_id","order_line.ol_amount","order_line.ol_w_id","order_line.ol_d_id","order_line.ol_o_id"],"Inner Unique":true,"Hash Cond":"((order_line.ol_supply_w_id = stock.s_w_id) AND (order_line.ol_i_id = stock.s_i_id))","Shared Hit Blocks":368222,"Shared Read Blocks":0,"Shared Dirtied Blocks":0,"Shared Written Blocks":0,"Local Hit Blocks":0,"Local Read Blocks":0,"Local Dirtied Blocks":0,"Local Written Blocks":0,"Temp Read Blocks":79026,"Temp Written Blocks":79026,"I/O Read Time":0.0,"I/O Write Time":0.0,"Temp I/O Read Time":131.67,"Temp I/O Write Time":369.467,"Plans":[{"Node Type":"Seq Scan","Parent Relationship":"Outer","Parallel Aware":false,"Async Capable":false,"Relation Name":"order_line","Schema":"public","Alias":"order_line","Startup Cost":0.0,"Total Cost":790850.88,"Plan Rows":8369638,"Plan Width":22,"Actual Startup Time":13.181,"Actual Total Time":2855.407,"Actual Rows":8570498,"Actual Loops":1,"Output":["order_line.ol_amount","order_line.ol_supply_w_id","order_line.ol_i_id","order_line.ol_w_id","order_line.ol_d_id","order_line.ol_o_id"],"Filter":"((order_line.ol_delivery_d >= '1995-01-02 20:10:02.27764'::timestamp without time zone) AND (order_line.ol_delivery_d <= '1997-01-01 20:10:02.27764'::timestamp without time zone))","Rows Removed by Filter":21427234,"Shared Hit Blocks":340884,"Shared Read Blocks":0,"Shared Dirtied Blocks":0,"Shared Written Blocks":0,"Local Hit Blocks":0,"Local Read Blocks":0,"Local Dirtied Blocks":0,"Local Written Blocks":0,"Temp Read Blocks":0,"Temp Written Blocks":0,"I/O Read Time":0.0,"I/O Write Time":0.0,"Temp I/O Read Time":0.0,"Temp I/O Write Time":0.0},{"Node Type":"Hash","Parent Relationship":"Inner","Parallel Aware":false,"Async Capable":false,"Startup Cost":259690.86,"Total Cost":259690.86,"Plan Rows":10000162,"Plan Width":6,"Actual Startup Time":2097.326,"Actual Total Time":2097.327,"Actual Rows":10000000,"Actual Loops":1,"Output":["stock.s_w_id","stock.s_i_id"],"Hash Buckets":262144,"Original Hash Buckets":262144,"Hash Batches":64,"Original Hash Batches":64,"Peak Memory Usage":8133,"Shared Hit Blocks":27338,"Shared Read Blocks":0,"Shared Dirtied Blocks":0,"Shared Written Blocks":0,"Local Hit Blocks":0,"Local Read Blocks":0,"Local Dirtied Blocks":0,"Local Written Blocks":0,"Temp Read Blocks":0,"Temp Written Blocks":33616,"I/O Read Time":0.0,"I/O Write Time":0.0,"Temp I/O Read Time":0.0,"Temp I/O Write Time":154.734,"Plans":[{"Node Type":"Index Only Scan","Parent Relationship":"Outer","Parallel Aware":false,"Async Capable":false,"Scan Direction":"Forward","Index Name":"stock_pk","Relation Name":"stock","Schema":"public","Alias":"stock","Startup Cost":0.43,"Total Cost":259690.86,"Plan Rows":10000162,"Plan Width":6,"Actual Startup Time":0.03,"Actual Total Time":733.814,"Actual Rows":10000000,"Actual Loops":1,"Output":["stock.s_w_id","stock.s_i_id"],"Heap Fetches":0,"Shared Hit Blocks":27338,"Shared Read Blocks":0,"Shared Dirtied Blocks":0,"Shared Written Blocks":0,"Local Hit Blocks":0,"Local Read Blocks":0,"Local Dirtied Blocks":0,"Local Written Blocks":0,"Temp Read Blocks":0,"Temp Written Blocks":0,"I/O Read Time":0.0,"I/O Write Time":0.0,"Temp I/O Read Time":0.0,"Temp I/O Write Time":0.0}]}]},{"Node Type":"Hash","Parent Relationship":"Inner","Parallel Aware":false,"Async Capable":false,"Startup Cost":317.0,"Total Cost":317.0,"Plan Rows":10000,"Plan Width":8,"Actual Startup Time":2.448,"Actual Total Time":2.449,"Actual Rows":10000,"Actual Loops":1,"Output":["supplier.su_nationkey","supplier.su_suppkey"],"Hash Buckets":16384,"Original Hash Buckets":16384,"Hash Batches":1,"Original Hash Batches":1,"Peak Memory Usage":519,"Shared Hit Blocks":217,"Shared Read Blocks":0,"Shared Dirtied Blocks":0,"Shared Written Blocks":0,"Local Hit Blocks":0,"Local Read Blocks":0,"Local Dirtied Blocks":0,"Local Written Blocks":0,"Temp Read Blocks":0,"Temp Written Blocks":0,"I/O Read Time":0.0,"I/O Write Time":0.0,"Temp I/O Read Time":0.0,"Temp I/O Write Time":0.0,"Plans":[{"Node Type":"Seq Scan","Parent Relationship":"Outer","Parallel Aware":false,"Async Capable":false,"Relation Name":"supplier","Schema":"public","Alias":"supplier","Startup Cost":0.0,"Total Cost":317.0,"Plan Rows":10000,"Plan Width":8,"Actual Startup Time":0.007,"Actual Total Time":1.239,"Actual Rows":10000,"Actual Loops":1,"Output":["supplier.su_nationkey","supplier.su_suppkey"],"Shared Hit Blocks":217,"Shared Read Blocks":0,"Shared Dirtied Blocks":0,"Shared Written Blocks":0,"Local Hit Blocks":0,"Local Read Blocks":0,"Local Dirtied Blocks":0,"Local Written Blocks":0,"Temp Read Blocks":0,"Temp Written Blocks":0,"I/O Read Time":0.0,"I/O Write Time":0.0,"Temp I/O Read Time":0.0,"Temp I/O Write Time":0.0}]}]},{"Node Type":"Hash","Parent Relationship":"Inner","Parallel Aware":false,"Async Capable":false,"Startup Cost":1.93,"Total Cost":1.93,"Plan Rows":2,"Plan Width":12,"Actual Startup Time":0.023,"Actual Total Time":0.023,"Actual Rows":2,"Actual Loops":1,"Output":["n1.n_nationkey","n1.n_name"],"Hash Buckets":1024,"Original Hash Buckets":1024,"Hash Batches":1,"Original Hash Batches":1,"Peak Memory Usage":9,"Shared Hit Blocks":1,"Shared Read Blocks":0,"Shared Dirtied Blocks":0,"Shared Written Blocks":0,"Local Hit Blocks":0,"Local Read Blocks":0,"Local Dirtied Blocks":0,"Local Written Blocks":0,"Temp Read Blocks":0,"Temp Written Blocks":0,"I/O Read Time":0.0,"I/O Write Time":0.0,"Temp I/O Read Time":0.0,"Temp I/O Write Time":0.0,"Plans":[{"Node Type":"Seq Scan","Parent Relationship":"Outer","Parallel Aware":false,"Async Capable":false,"Relation Name":"nation","Schema":"public","Alias":"n1","Startup Cost":0.0,"Total Cost":1.93,"Plan Rows":2,"Plan Width":12,"Actual Startup Time":0.015,"Actual Total Time":0.02,"Actual Rows":2,"Actual Loops":1,"Output":["n1.n_nationkey","n1.n_name"],"Filter":"(((n1.n_name)::text = 'Germany'::text) OR ((n1.n_name)::text = 'Cambodia'::text))","Rows Removed by Filter":60,"Shared Hit Blocks":1,"Shared Read Blocks":0,"Shared Dirtied Blocks":0,"Shared Written Blocks":0,"Local Hit Blocks":0,"Local Read Blocks":0,"Local Dirtied Blocks":0,"Local Written Blocks":0,"Temp Read Blocks":0,"Temp Written Blocks":0,"I/O Read Time":0.0,"I/O Write Time":0.0,"Temp I/O Read Time":0.0,"Temp I/O Write Time":0.0}]}]},{"Node Type":"Hash","Parent Relationship":"Inner","Parallel Aware":false,"Async Capable":false,"Startup Cost":59559.0,"Total Cost":59559.0,"Plan Rows":2998176,"Plan Width":24,"Actual Startup Time":906.177,"Actual Total Time":906.177,"Actual Rows":2997892,"Actual Loops":1,"Output":["orders.o_entry_d","orders.o_w_id","orders.o_d_id","orders.o_id","orders.o_c_id"],"Hash Buckets":131072,"Original Hash Buckets":131072,"Hash Batches":32,"Original Hash Batches":32,"Peak Memory Usage":6539,"Shared Hit Blocks":22059,"Shared Read Blocks":0,"Shared Dirtied Blocks":0,"Shared Written Blocks":0,"Local Hit Blocks":0,"Local Read Blocks":0,"Local Dirtied Blocks":0,"Local Written Blocks":0,"Temp Read Blocks":0,"Temp Written Blocks":16995,"I/O Read Time":0.0,"I/O Write Time":0.0,"Temp I/O Read Time":0.0,"Temp I/O Write Time":77.163,"Plans":[{"Node Type":"Seq Scan","Parent Relationship":"Outer","Parallel Aware":false,"Async Capable":false,"Relation Name":"orders","Schema":"public","Alias":"orders","Startup Cost":0.0,"Total Cost":59559.0,"Plan Rows":2998176,"Plan Width":24,"Actual Startup Time":0.015,"Actual Total Time":366.801,"Actual Rows":2997892,"Actual Loops":1,"Output":["orders.o_entry_d","orders.o_w_id","orders.o_d_id","orders.o_id","orders.o_c_id"],"Filter":"(orders.o_entry_d >= '1992-01-02 20:10:02.27764'::timestamp without time zone)","Rows Removed by Filter":2108,"Shared Hit Blocks":22059,"Shared Read Blocks":0,"Shared Dirtied Blocks":0,"Shared Written Blocks":0,"Local Hit Blocks":0,"Local Read Blocks":0,"Local Dirtied Blocks":0,"Local Written Blocks":0,"Temp Read Blocks":0,"Temp Written Blocks":0,"I/O Read Time":0.0,"I/O Write Time":0.0,"Temp I/O Read Time":0.0,"Temp I/O Write Time":0.0}]}]}]},{"Node Type":"Materialize","Parent Relationship":"Inner","Parallel Aware":false,"Async Capable":false,"Startup Cost":272923.48,"Total Cost":273407.31,"Plan Rows":96766,"Plan Width":20,"Actual Startup Time":132.623,"Actual Total Time":165.689,"Actual Rows":146547,"Actual Loops":1,"Output":["customer.c_nationkey","customer.c_id","customer.c_w_id","customer.c_d_id","n2.n_name"],"Shared Hit Blocks":1,"Shared Read Blocks":0,"Shared Dirtied Blocks":0,"Shared Written Blocks":0,"Local Hit Blocks":0,"Local Read Blocks":0,"Local Dirtied Blocks":0,"Local Written Blocks":0,"Temp Read Blocks":545,"Temp Written Blocks":548,"I/O Read Time":0.0,"I/O Write Time":0.0,"Temp I/O Read Time":0.716,"Temp I/O Write Time":2.104,"Plans":[{"Node Type":"Sort","Parent Relationship":"Outer","Parallel Aware":false,"Async Capable":false,"Startup Cost":272923.48,"Total Cost":273165.4,"Plan Rows":96766,"Plan Width":20,"Actual Startup Time":132.615,"Actual Total Time":149.531,"Actual Rows":144982,"Actual Loops":1,"Output":["customer.c_nationkey","customer.c_id","customer.c_w_id","customer.c_d_id","n2.n_name"],"Sort Key":["customer.c_id","customer.c_w_id","customer.c_d_id"],"Sort Method":"external merge","Sort Space Used":4360,"Sort Space Type":"Disk","Shared Hit Blocks":1,"Shared Read Blocks":0,"Shared Dirtied Blocks":0,"Shared Written Blocks":0,"Local Hit Blocks":0,"Local Read Blocks":0,"Local Dirtied Blocks":0,"Local Written Blocks":0,"Temp Read Blocks":545,"Temp Written Blocks":548,"I/O Read Time":0.0,"I/O Write Time":0.0,"Temp I/O Read Time":0.716,"Temp I/O Write Time":2.104,"Plans":[{"Node Type":"Hash Join","Parent Relationship":"Outer","Parallel Aware":false,"Async Capable":false,"Join Type":"Inner","Startup Cost":21.95,"Total Cost":262925.69,"Plan Rows":96766,"Plan Width":20,"Actual Startup Time":0.699,"Actual Total Time":81.136,"Actual Rows":144986,"Actual Loops":1,"Output":["customer.c_nationkey","customer.c_id","customer.c_w_id","customer.c_d_id","n2.n_name"],"Inner Unique":true,"Hash Cond":"(customer.c_nationkey = n2.n_nationkey)","Shared Hit Blocks":1,"Shared Read Blocks":0,"Shared Dirtied Blocks":0,"Shared Written Blocks":0,"Local Hit Blocks":0,"Local Read Blocks":0,"Local Dirtied Blocks":0,"Local Written Blocks":0,"Temp Read Blocks":0,"Temp Written Blocks":0,"I/O Read Time":0.0,"I/O Write Time":0.0,"Temp I/O Read Time":0.0,"Temp I/O Write Time":0.0,"Plans":[{"Node Type":"Append","Parent Relationship":"Outer","Parallel Aware":false,"Async Capable":false,"Startup Cost":20.0,"Total Cost":254511.16,"Plan Rows":2999739,"Plan Width":12,"Actual Startup Time":0.266,"Actual Total Time":53.679,"Actual Rows":144986,"Actual Loops":1,"Shared Hit Blocks":0,"Shared Read Blocks":0,"Shared Dirtied Blocks":0,"Shared Written Blocks":0,"Local Hit Blocks":0,"Local Read Blocks":0,"Local Dirtied Blocks":0,"Local Written Blocks":0,"Temp Read Blocks":0,"Temp Written Blocks":0,"I/O Read Time":0.0,"I/O Write Time":0.0,"Temp I/O Read Time":0.0,"Temp I/O Write Time":0.0,"Subplans Removed":0,"Plans":[{"Node Type":"Custom Scan","Parent Relationship":"Member","Custom Plan Provider":"columnar scan","Parallel Aware":false,"Async Capable":false,"Relation Name":"customer","Schema":"public","Alias":"customer","Startup Cost":20.0,"Total Cost":70513.87,"Plan Rows":2999738,"Plan Width":12,"Actual Startup Time":0.264,"Actual Total Time":43.191,"Actual Rows":144986,"Actual Loops":1,"Output":["customer.c_nationkey","customer.c_id","customer.c_w_id","customer.c_d_id"],"Rows Removed by Columnar Filter":2855014,"Rows Filtered by Bloom Filter":0,"Dictionary Rows Filtered by Bloom Filter":2855014,"Columnar cache search mode":"native","Shared Hit Blocks":0,"Shared Read Blocks":0,"Shared Dirtied Blocks":0,"Shared Written Blocks":0,"Local Hit Blocks":0,"Local Read Blocks":0,"Local Dirtied Blocks":0,"Local Written Blocks":0,"Temp Read Blocks":0,"Temp Written Blocks":0,"I/O Read Time":0.0,"I/O Write Time":0.0,"Temp I/O Read Time":0.0,"Temp I/O Write Time":0.0},{"Node Type":"Seq Scan","Parent Relationship":"Member","Parallel Aware":false,"Async Capable":false,"Relation Name":"customer","Schema":"public","Alias":"customer","Startup Cost":0.0,"Total Cost":4.01,"Plan Rows":1,"Plan Width":12,"Actual Startup Time":0.0,"Actual Total Time":0.0,"Actual Rows":0,"Actual Loops":0,"Output":["customer.c_nationkey","customer.c_id","customer.c_w_id","customer.c_d_id"],"Shared Hit Blocks":0,"Shared Read Blocks":0,"Shared Dirtied Blocks":0,"Shared Written Blocks":0,"Local Hit Blocks":0,"Local Read Blocks":0,"Local Dirtied Blocks":0,"Local Written Blocks":0,"Temp Read Blocks":0,"Temp Written Blocks":0,"I/O Read Time":0.0,"I/O Write Time":0.0,"Temp I/O Read Time":0.0,"Temp I/O Write Time":0.0}]},{"Node Type":"Hash","Parent Relationship":"Inner","Parallel Aware":false,"Async Capable":false,"Startup Cost":1.93,"Total Cost":1.93,"Plan Rows":2,"Plan Width":12,"Actual Startup Time":0.043,"Actual Total Time":0.044,"Actual Rows":2,"Actual Loops":1,"Output":["n2.n_nationkey","n2.n_name"],"Hash Buckets":1024,"Original Hash Buckets":1024,"Hash Batches":1,"Original Hash Batches":1,"Peak Memory Usage":9,"Shared Hit Blocks":1,"Shared Read Blocks":0,"Shared Dirtied Blocks":0,"Shared Written Blocks":0,"Local Hit Blocks":0,"Local Read Blocks":0,"Local Dirtied Blocks":0,"Local Written Blocks":0,"Temp Read Blocks":0,"Temp Written Blocks":0,"I/O Read Time":0.0,"I/O Write Time":0.0,"Temp I/O Read Time":0.0,"Temp I/O Write Time":0.0,"Plans":[{"Node Type":"Seq Scan","Parent Relationship":"Outer","Parallel Aware":false,"Async Capable":false,"Relation Name":"nation","Schema":"public","Alias":"n2","Startup Cost":0.0,"Total Cost":1.93,"Plan Rows":2,"Plan Width":12,"Actual Startup Time":0.033,"Actual Total Time":0.037,"Actual Rows":2,"Actual Loops":1,"Output":["n2.n_nationkey","n2.n_name"],"Filter":"(((n2.n_name)::text = 'Cambodia'::text) OR ((n2.n_name)::text = 'Germany'::text))","Rows Removed by Filter":60,"Shared Hit Blocks":1,"Shared Read Blocks":0,"Shared Dirtied Blocks":0,"Shared Written Blocks":0,"Local Hit Blocks":0,"Local Read Blocks":0,"Local Dirtied Blocks":0,"Local Written Blocks":0,"Temp Read Blocks":0,"Temp Written Blocks":0,"I/O Read Time":0.0,"I/O Write Time":0.0,"Temp I/O Read Time":0.0,"Temp I/O Write Time":0.0}]}]}]}]}]}]}]},"Planning":{"Shared Hit Blocks":12,"Shared Read Blocks":0,"Shared Dirtied Blocks":0,"Shared Written Blocks":0,"Local Hit Blocks":0,"Local Read Blocks":0,"Local Dirtied Blocks":0,"Local Written Blocks":0,"Temp Read Blocks":0,"Temp Written Blocks":0,"I/O Read Time":0.0,"I/O Write Time":0.0,"Temp I/O Read Time":0.0,"Temp I/O Write Time":0.0},"Planning Time":3.216,"Triggers":[],"Execution Time":13384.222}]
[列存组合]: customer, orders, supplier
[{"Plan":{"Node Type":"Aggregate","Strategy":"Sorted","Partial Mode":"Simple","Parallel Aware":false,"Async Capable":false,"Startup Cost":1930570.11,"Total Cost":1930691.71,"Plan Rows":4422,"Plan Width":72,"Actual Startup Time":13323.468,"Actual Total Time":13324.742,"Actual Rows":6,"Actual Loops":1,"Output":["supplier.su_nationkey","customer.c_nationkey","(EXTRACT(year FROM orders.o_entry_d))","sum(order_line.ol_amount)"],"Group Key":["supplier.su_nationkey","customer.c_nationkey","(EXTRACT(year FROM orders.o_entry_d))"],"Shared Hit Blocks":390283,"Shared Read Blocks":0,"Shared Dirtied Blocks":0,"Shared Written Blocks":0,"Local Hit Blocks":0,"Local Read Blocks":0,"Local Dirtied Blocks":0,"Local Written Blocks":0,"Temp Read Blocks":99613,"Temp Written Blocks":99622,"I/O Read Time":0.0,"I/O Write Time":0.0,"Temp I/O Read Time":161.517,"Temp I/O Write Time":457.383,"Plans":[{"Node Type":"Sort","Parent Relationship":"Outer","Parallel Aware":false,"Async Capable":false,"Startup Cost":1930570.11,"Total Cost":1930581.16,"Plan Rows":4422,"Plan Width":44,"Actual Startup Time":13323.408,"Actual Total Time":13323.673,"Actual Rows":6043,"Actual Loops":1,"Output":["supplier.su_nationkey","customer.c_nationkey","(EXTRACT(year FROM orders.o_entry_d))","order_line.ol_amount"],"Sort Key":["supplier.su_nationkey","customer.c_nationkey","(EXTRACT(year FROM orders.o_entry_d))"],"Sort Method":"quicksort","Sort Space Used":523,"Sort Space Type":"Memory","Shared Hit Blocks":390283,"Shared Read Blocks":0,"Shared Dirtied Blocks":0,"Shared Written Blocks":0,"Local Hit Blocks":0,"Local Read Blocks":0,"Local Dirtied Blocks":0,"Local Written Blocks":0,"Temp Read Blocks":99613,"Temp Written Blocks":99622,"I/O Read Time":0.0,"I/O Write Time":0.0,"Temp I/O Read Time":161.517,"Temp I/O Write Time":457.383,"Plans":[{"Node Type":"Merge Join","Parent Relationship":"Outer","Parallel Aware":false,"Async Capable":false,"Join Type":"Inner","Startup Cost":1926209.96,"Total Cost":1930302.34,"Plan Rows":4422,"Plan Width":44,"Actual Startup Time":13170.312,"Actual Total Time":13321.971,"Actual Rows":6043,"Actual Loops":1,"Output":["supplier.su_nationkey","customer.c_nationkey","EXTRACT(year FROM orders.o_entry_d)","order_line.ol_amount"],"Inner Unique":false,"Merge Cond":"((orders.o_c_id = customer.c_id) AND (order_line.ol_w_id = customer.c_w_id) AND (order_line.ol_d_id = customer.c_d_id))","Join Filter":"((((n1.n_name)::text = 'Germany'::text) AND ((n2.n_name)::text = 'Cambodia'::text)) OR (((n1.n_name)::text = 'Cambodia'::text) AND ((n2.n_name)::text = 'Germany'::text)))","Rows Removed by Join Filter":5752,"Shared Hit Blocks":390283,"Shared Read Blocks":0,"Shared Dirtied Blocks":0,"Shared Written Blocks":0,"Local Hit Blocks":0,"Local Read Blocks":0,"Local Dirtied Blocks":0,"Local Written Blocks":0,"Temp Read Blocks":99613,"Temp Written Blocks":99622,"I/O Read Time":0.0,"I/O Write Time":0.0,"Temp I/O Read Time":161.517,"Temp I/O Write Time":457.383,"Plans":[{"Node Type":"Sort","Parent Relationship":"Outer","Parallel Aware":false,"Async Capable":false,"Startup Cost":1653286.38,"Total Cost":1653960.94,"Plan Rows":269824,"Plan Width":36,"Actual Startup Time":13038.671,"Actual Total Time":13110.074,"Actual Rows":242214,"Actual Loops":1,"Output":["supplier.su_nationkey","order_line.ol_amount","order_line.ol_w_id","order_line.ol_d_id","orders.o_entry_d","orders.o_w_id","orders.o_d_id","orders.o_c_id","n1.n_name"],"Sort Key":["orders.o_c_id","order_line.ol_w_id","order_line.ol_d_id"],"Sort Method":"external merge","Sort Space Used":11984,"Sort Space Type":"Disk","Shared Hit Blocks":390282,"Shared Read Blocks":0,"Shared Dirtied Blocks":0,"Shared Written Blocks":0,"Local Hit Blocks":0,"Local Read Blocks":0,"Local Dirtied Blocks":0,"Local Written Blocks":0,"Temp Read Blocks":99068,"Temp Written Blocks":99074,"I/O Read Time":0.0,"I/O Write Time":0.0,"Temp I/O Read Time":160.805,"Temp I/O Write Time":455.293,"Plans":[{"Node Type":"Hash Join","Parent Relationship":"Outer","Parallel Aware":false,"Async Capable":false,"Join Type":"Inner","Startup Cost":578698.35,"Total Cost":1621568.01,"Plan Rows":269824,"Plan Width":36,"Actual Startup Time":3014.975,"Actual Total Time":12910.434,"Actual Rows":242214,"Actual Loops":1,"Output":["supplier.su_nationkey","order_line.ol_amount","order_line.ol_w_id","order_line.ol_d_id","orders.o_entry_d","orders.o_w_id","orders.o_d_id","orders.o_c_id","n1.n_name"],"Inner Unique":true,"Hash Cond":"((order_line.ol_w_id = orders.o_w_id) AND (order_line.ol_d_id = orders.o_d_id) AND (order_line.ol_o_id = orders.o_id))","Shared Hit Blocks":390282,"Shared Read Blocks":0,"Shared Dirtied Blocks":0,"Shared Written Blocks":0,"Local Hit Blocks":0,"Local Read Blocks":0,"Local Dirtied Blocks":0,"Local Written Blocks":0,"Temp Read Blocks":97570,"Temp Written Blocks":97570,"I/O Read Time":0.0,"I/O Write Time":0.0,"Temp I/O Read Time":158.637,"Temp I/O Write Time":449.699,"Plans":[{"Node Type":"Hash Join","Parent Relationship":"Outer","Parallel Aware":false,"Async Capable":false,"Join Type":"Inner","Startup Cost":449103.27,"Total Cost":1468586.78,"Plan Rows":269988,"Plan Width":28,"Actual Startup Time":2106.323,"Actual Total Time":11660.572,"Actual Rows":242214,"Actual Loops":1,"Output":["supplier.su_nationkey","order_line.ol_amount","order_line.ol_w_id","order_line.ol_d_id","order_line.ol_o_id","n1.n_name"],"Inner Unique":true,"Hash Cond":"(supplier.su_nationkey = n1.n_nationkey)","Shared Hit Blocks":368223,"Shared Read Blocks":0,"Shared Dirtied Blocks":0,"Shared Written Blocks":0,"Local Hit Blocks":0,"Local Read Blocks":0,"Local Dirtied Blocks":0,"Local Written Blocks":0,"Temp Read Blocks":79026,"Temp Written Blocks":79026,"I/O Read Time":0.0,"I/O Write Time":0.0,"Temp I/O Read Time":128.764,"Temp I/O Write Time":366.627,"Plans":[{"Node Type":"Hash Join","Parent Relationship":"Outer","Parallel Aware":false,"Async Capable":false,"Join Type":"Inner","Startup Cost":449101.32,"Total Cost":1445112.71,"Plan Rows":8369638,"Plan Width":20,"Actual Startup Time":2104.403,"Actual Total Time":11057.589,"Actual Rows":8570498,"Actual Loops":1,"Output":["supplier.su_nationkey","order_line.ol_amount","order_line.ol_w_id","order_line.ol_d_id","order_line.ol_o_id"],"Inner Unique":true,"Hash Cond":"(mod((stock.s_w_id * stock.s_i_id), 10000) = supplier.su_suppkey)","Shared Hit Blocks":368222,"Shared Read Blocks":0,"Shared Dirtied Blocks":0,"Shared Written Blocks":0,"Local Hit Blocks":0,"Local Read Blocks":0,"Local Dirtied Blocks":0,"Local Written Blocks":0,"Temp Read Blocks":79026,"Temp Written Blocks":79026,"I/O Read Time":0.0,"I/O Write Time":0.0,"Temp I/O Read Time":128.764,"Temp I/O Write Time":366.627,"Plans":[{"Node Type":"Hash Join","Parent Relationship":"Outer","Parallel Aware":false,"Async Capable":false,"Join Type":"Inner","Startup Cost":448757.29,"Total Cost":1420694.79,"Plan Rows":8369638,"Plan Width":22,"Actual Startup Time":2101.059,"Actual Total Time":9350.536,"Actual Rows":8570498,"Actual Loops":1,"Output":["stock.s_w_id","stock.s_i_id","order_line.ol_amount","order_line.ol_w_id","order_line.ol_d_id","order_line.ol_o_id"],"Inner Unique":true,"Hash Cond":"((order_line.ol_supply_w_id = stock.s_w_id) AND (order_line.ol_i_id = stock.s_i_id))","Shared Hit Blocks":368222,"Shared Read Blocks":0,"Shared Dirtied Blocks":0,"Shared Written Blocks":0,"Local Hit Blocks":0,"Local Read Blocks":0,"Local Dirtied Blocks":0,"Local Written Blocks":0,"Temp Read Blocks":79026,"Temp Written Blocks":79026,"I/O Read Time":0.0,"I/O Write Time":0.0,"Temp I/O Read Time":128.764,"Temp I/O Write Time":366.627,"Plans":[{"Node Type":"Seq Scan","Parent Relationship":"Outer","Parallel Aware":false,"Async Capable":false,"Relation Name":"order_line","Schema":"public","Alias":"order_line","Startup Cost":0.0,"Total Cost":790850.88,"Plan Rows":8369638,"Plan Width":22,"Actual Startup Time":13.282,"Actual Total Time":2827.814,"Actual Rows":8570498,"Actual Loops":1,"Output":["order_line.ol_amount","order_line.ol_supply_w_id","order_line.ol_i_id","order_line.ol_w_id","order_line.ol_d_id","order_line.ol_o_id"],"Filter":"((order_line.ol_delivery_d >= '1995-01-02 20:10:02.27764'::timestamp without time zone) AND (order_line.ol_delivery_d <= '1997-01-01 20:10:02.27764'::timestamp without time zone))","Rows Removed by Filter":21427234,"Shared Hit Blocks":340884,"Shared Read Blocks":0,"Shared Dirtied Blocks":0,"Shared Written Blocks":0,"Local Hit Blocks":0,"Local Read Blocks":0,"Local Dirtied Blocks":0,"Local Written Blocks":0,"Temp Read Blocks":0,"Temp Written Blocks":0,"I/O Read Time":0.0,"I/O Write Time":0.0,"Temp I/O Read Time":0.0,"Temp I/O Write Time":0.0},{"Node Type":"Hash","Parent Relationship":"Inner","Parallel Aware":false,"Async Capable":false,"Startup Cost":259690.86,"Total Cost":259690.86,"Plan Rows":10000162,"Plan Width":6,"Actual Startup Time":2086.442,"Actual Total Time":2086.445,"Actual Rows":10000000,"Actual Loops":1,"Output":["stock.s_w_id","stock.s_i_id"],"Hash Buckets":262144,"Original Hash Buckets":262144,"Hash Batches":64,"Original Hash Batches":64,"Peak Memory Usage":8133,"Shared Hit Blocks":27338,"Shared Read Blocks":0,"Shared Dirtied Blocks":0,"Shared Written Blocks":0,"Local Hit Blocks":0,"Local Read Blocks":0,"Local Dirtied Blocks":0,"Local Written Blocks":0,"Temp Read Blocks":0,"Temp Written Blocks":33616,"I/O Read Time":0.0,"I/O Write Time":0.0,"Temp I/O Read Time":0.0,"Temp I/O Write Time":152.268,"Plans":[{"Node Type":"Index Only Scan","Parent Relationship":"Outer","Parallel Aware":false,"Async Capable":false,"Scan Direction":"Forward","Index Name":"stock_pk","Relation Name":"stock","Schema":"public","Alias":"stock","Startup Cost":0.43,"Total Cost":259690.86,"Plan Rows":10000162,"Plan Width":6,"Actual Startup Time":0.036,"Actual Total Time":725.666,"Actual Rows":10000000,"Actual Loops":1,"Output":["stock.s_w_id","stock.s_i_id"],"Heap Fetches":0,"Shared Hit Blocks":27338,"Shared Read Blocks":0,"Shared Dirtied Blocks":0,"Shared Written Blocks":0,"Local Hit Blocks":0,"Local Read Blocks":0,"Local Dirtied Blocks":0,"Local Written Blocks":0,"Temp Read Blocks":0,"Temp Written Blocks":0,"I/O Read Time":0.0,"I/O Write Time":0.0,"Temp I/O Read Time":0.0,"Temp I/O Write Time":0.0}]}]},{"Node Type":"Hash","Parent Relationship":"Inner","Parallel Aware":false,"Async Capable":false,"Startup Cost":219.01,"Total Cost":219.01,"Plan Rows":10001,"Plan Width":8,"Actual Startup Time":3.284,"Actual Total Time":3.286,"Actual Rows":10000,"Actual Loops":1,"Output":["supplier.su_nationkey","supplier.su_suppkey"],"Hash Buckets":16384,"Original Hash Buckets":16384,"Hash Batches":1,"Original Hash Batches":1,"Peak Memory Usage":519,"Shared Hit Blocks":0,"Shared Read Blocks":0,"Shared Dirtied Blocks":0,"Shared Written Blocks":0,"Local Hit Blocks":0,"Local Read Blocks":0,"Local Dirtied Blocks":0,"Local Written Blocks":0,"Temp Read Blocks":0,"Temp Written Blocks":0,"I/O Read Time":0.0,"I/O Write Time":0.0,"Temp I/O Read Time":0.0,"Temp I/O Write Time":0.0,"Plans":[{"Node Type":"Append","Parent Relationship":"Outer","Parallel Aware":false,"Async Capable":false,"Startup Cost":20.0,"Total Cost":219.01,"Plan Rows":10001,"Plan Width":8,"Actual Startup Time":0.03,"Actual Total Time":1.954,"Actual Rows":10000,"Actual Loops":1,"Shared Hit Blocks":0,"Shared Read Blocks":0,"Shared Dirtied Blocks":0,"Shared Written Blocks":0,"Local Hit Blocks":0,"Local Read Blocks":0,"Local Dirtied Blocks":0,"Local Written Blocks":0,"Temp Read Blocks":0,"Temp Written Blocks":0,"I/O Read Time":0.0,"I/O Write Time":0.0,"Temp I/O Read Time":0.0,"Temp I/O Write Time":0.0,"Subplans Removed":0,"Plans":[{"Node Type":"Custom Scan","Parent Relationship":"Member","Custom Plan Provider":"columnar scan","Parallel Aware":false,"Async Capable":false,"Relation Name":"supplier","Schema":"public","Alias":"supplier","Startup Cost":20.0,"Total Cost":215.0,"Plan Rows":10000,"Plan Width":8,"Actual Startup Time":0.028,"Actual Total Time":1.188,"Actual Rows":10000,"Actual Loops":1,"Output":["supplier.su_nationkey","supplier.su_suppkey"],"Rows Removed by Columnar Filter":0,"Columnar cache search mode":"native","Shared Hit Blocks":0,"Shared Read Blocks":0,"Shared Dirtied Blocks":0,"Shared Written Blocks":0,"Local Hit Blocks":0,"Local Read Blocks":0,"Local Dirtied Blocks":0,"Local Written Blocks":0,"Temp Read Blocks":0,"Temp Written Blocks":0,"I/O Read Time":0.0,"I/O Write Time":0.0,"Temp I/O Read Time":0.0,"Temp I/O Write Time":0.0},{"Node Type":"Seq Scan","Parent Relationship":"Member","Parallel Aware":false,"Async Capable":false,"Relation Name":"supplier","Schema":"public","Alias":"supplier","Startup Cost":0.0,"Total Cost":4.01,"Plan Rows":1,"Plan Width":8,"Actual Startup Time":0.0,"Actual Total Time":0.0,"Actual Rows":0,"Actual Loops":0,"Output":["supplier.su_nationkey","supplier.su_suppkey"],"Shared Hit Blocks":0,"Shared Read Blocks":0,"Shared Dirtied Blocks":0,"Shared Written Blocks":0,"Local Hit Blocks":0,"Local Read Blocks":0,"Local Dirtied Blocks":0,"Local Written Blocks":0,"Temp Read Blocks":0,"Temp Written Blocks":0,"I/O Read Time":0.0,"I/O Write Time":0.0,"Temp I/O Read Time":0.0,"Temp I/O Write Time":0.0}]}]}]},{"Node Type":"Hash","Parent Relationship":"Inner","Parallel Aware":false,"Async Capable":false,"Startup Cost":1.93,"Total Cost":1.93,"Plan Rows":2,"Plan Width":12,"Actual Startup Time":0.036,"Actual Total Time":0.037,"Actual Rows":2,"Actual Loops":1,"Output":["n1.n_nationkey","n1.n_name"],"Hash Buckets":1024,"Original Hash Buckets":1024,"Hash Batches":1,"Original Hash Batches":1,"Peak Memory Usage":9,"Shared Hit Blocks":1,"Shared Read Blocks":0,"Shared Dirtied Blocks":0,"Shared Written Blocks":0,"Local Hit Blocks":0,"Local Read Blocks":0,"Local Dirtied Blocks":0,"Local Written Blocks":0,"Temp Read Blocks":0,"Temp Written Blocks":0,"I/O Read Time":0.0,"I/O Write Time":0.0,"Temp I/O Read Time":0.0,"Temp I/O Write Time":0.0,"Plans":[{"Node Type":"Seq Scan","Parent Relationship":"Outer","Parallel Aware":false,"Async Capable":false,"Relation Name":"nation","Schema":"public","Alias":"n1","Startup Cost":0.0,"Total Cost":1.93,"Plan Rows":2,"Plan Width":12,"Actual Startup Time":0.027,"Actual Total Time":0.032,"Actual Rows":2,"Actual Loops":1,"Output":["n1.n_nationkey","n1.n_name"],"Filter":"(((n1.n_name)::text = 'Germany'::text) OR ((n1.n_name)::text = 'Cambodia'::text))","Rows Removed by Filter":60,"Shared Hit Blocks":1,"Shared Read Blocks":0,"Shared Dirtied Blocks":0,"Shared Written Blocks":0,"Local Hit Blocks":0,"Local Read Blocks":0,"Local Dirtied Blocks":0,"Local Written Blocks":0,"Temp Read Blocks":0,"Temp Written Blocks":0,"I/O Read Time":0.0,"I/O Write Time":0.0,"Temp I/O Read Time":0.0,"Temp I/O Write Time":0.0}]}]},{"Node Type":"Hash","Parent Relationship":"Inner","Parallel Aware":false,"Async Capable":false,"Startup Cost":59559.0,"Total Cost":59559.0,"Plan Rows":2998176,"Plan Width":24,"Actual Startup Time":900.796,"Actual Total Time":900.797,"Actual Rows":2997892,"Actual Loops":1,"Output":["orders.o_entry_d","orders.o_w_id","orders.o_d_id","orders.o_id","orders.o_c_id"],"Hash Buckets":131072,"Original Hash Buckets":131072,"Hash Batches":32,"Original Hash Batches":32,"Peak Memory Usage":6539,"Shared Hit Blocks":22059,"Shared Read Blocks":0,"Shared Dirtied Blocks":0,"Shared Written Blocks":0,"Local Hit Blocks":0,"Local Read Blocks":0,"Local Dirtied Blocks":0,"Local Written Blocks":0,"Temp Read Blocks":0,"Temp Written Blocks":16995,"I/O Read Time":0.0,"I/O Write Time":0.0,"Temp I/O Read Time":0.0,"Temp I/O Write Time":73.265,"Plans":[{"Node Type":"Seq Scan","Parent Relationship":"Outer","Parallel Aware":false,"Async Capable":false,"Relation Name":"orders","Schema":"public","Alias":"orders","Startup Cost":0.0,"Total Cost":59559.0,"Plan Rows":2998176,"Plan Width":24,"Actual Startup Time":0.012,"Actual Total Time":365.915,"Actual Rows":2997892,"Actual Loops":1,"Output":["orders.o_entry_d","orders.o_w_id","orders.o_d_id","orders.o_id","orders.o_c_id"],"Filter":"(orders.o_entry_d >= '1992-01-02 20:10:02.27764'::timestamp without time zone)","Rows Removed by Filter":2108,"Shared Hit Blocks":22059,"Shared Read Blocks":0,"Shared Dirtied Blocks":0,"Shared Written Blocks":0,"Local Hit Blocks":0,"Local Read Blocks":0,"Local Dirtied Blocks":0,"Local Written Blocks":0,"Temp Read Blocks":0,"Temp Written Blocks":0,"I/O Read Time":0.0,"I/O Write Time":0.0,"Temp I/O Read Time":0.0,"Temp I/O Write Time":0.0}]}]}]},{"Node Type":"Materialize","Parent Relationship":"Inner","Parallel Aware":false,"Async Capable":false,"Startup Cost":272923.48,"Total Cost":273407.31,"Plan Rows":96766,"Plan Width":20,"Actual Startup Time":131.603,"Actual Total Time":164.1,"Actual Rows":146547,"Actual Loops":1,"Output":["customer.c_nationkey","customer.c_id","customer.c_w_id","customer.c_d_id","n2.n_name"],"Shared Hit Blocks":1,"Shared Read Blocks":0,"Shared Dirtied Blocks":0,"Shared Written Blocks":0,"Local Hit Blocks":0,"Local Read Blocks":0,"Local Dirtied Blocks":0,"Local Written Blocks":0,"Temp Read Blocks":545,"Temp Written Blocks":548,"I/O Read Time":0.0,"I/O Write Time":0.0,"Temp I/O Read Time":0.712,"Temp I/O Write Time":2.09,"Plans":[{"Node Type":"Sort","Parent Relationship":"Outer","Parallel Aware":false,"Async Capable":false,"Startup Cost":272923.48,"Total Cost":273165.4,"Plan Rows":96766,"Plan Width":20,"Actual Startup Time":131.599,"Actual Total Time":148.42,"Actual Rows":144982,"Actual Loops":1,"Output":["customer.c_nationkey","customer.c_id","customer.c_w_id","customer.c_d_id","n2.n_name"],"Sort Key":["customer.c_id","customer.c_w_id","customer.c_d_id"],"Sort Method":"external merge","Sort Space Used":4360,"Sort Space Type":"Disk","Shared Hit Blocks":1,"Shared Read Blocks":0,"Shared Dirtied Blocks":0,"Shared Written Blocks":0,"Local Hit Blocks":0,"Local Read Blocks":0,"Local Dirtied Blocks":0,"Local Written Blocks":0,"Temp Read Blocks":545,"Temp Written Blocks":548,"I/O Read Time":0.0,"I/O Write Time":0.0,"Temp I/O Read Time":0.712,"Temp I/O Write Time":2.09,"Plans":[{"Node Type":"Hash Join","Parent Relationship":"Outer","Parallel Aware":false,"Async Capable":false,"Join Type":"Inner","Startup Cost":21.95,"Total Cost":262925.69,"Plan Rows":96766,"Plan Width":20,"Actual Startup Time":0.643,"Actual Total Time":80.572,"Actual Rows":144986,"Actual Loops":1,"Output":["customer.c_nationkey","customer.c_id","customer.c_w_id","customer.c_d_id","n2.n_name"],"Inner Unique":true,"Hash Cond":"(customer.c_nationkey = n2.n_nationkey)","Shared Hit Blocks":1,"Shared Read Blocks":0,"Shared Dirtied Blocks":0,"Shared Written Blocks":0,"Local Hit Blocks":0,"Local Read Blocks":0,"Local Dirtied Blocks":0,"Local Written Blocks":0,"Temp Read Blocks":0,"Temp Written Blocks":0,"I/O Read Time":0.0,"I/O Write Time":0.0,"Temp I/O Read Time":0.0,"Temp I/O Write Time":0.0,"Plans":[{"Node Type":"Append","Parent Relationship":"Outer","Parallel Aware":false,"Async Capable":false,"Startup Cost":20.0,"Total Cost":254511.16,"Plan Rows":2999739,"Plan Width":12,"Actual Startup Time":0.266,"Actual Total Time":53.271,"Actual Rows":144986,"Actual Loops":1,"Shared Hit Blocks":0,"Shared Read Blocks":0,"Shared Dirtied Blocks":0,"Shared Written Blocks":0,"Local Hit Blocks":0,"Local Read Blocks":0,"Local Dirtied Blocks":0,"Local Written Blocks":0,"Temp Read Blocks":0,"Temp Written Blocks":0,"I/O Read Time":0.0,"I/O Write Time":0.0,"Temp I/O Read Time":0.0,"Temp I/O Write Time":0.0,"Subplans Removed":0,"Plans":[{"Node Type":"Custom Scan","Parent Relationship":"Member","Custom Plan Provider":"columnar scan","Parallel Aware":false,"Async Capable":false,"Relation Name":"customer","Schema":"public","Alias":"customer","Startup Cost":20.0,"Total Cost":70513.87,"Plan Rows":2999738,"Plan Width":12,"Actual Startup Time":0.263,"Actual Total Time":43.023,"Actual Rows":144986,"Actual Loops":1,"Output":["customer.c_nationkey","customer.c_id","customer.c_w_id","customer.c_d_id"],"Rows Removed by Columnar Filter":2855014,"Rows Filtered by Bloom Filter":0,"Dictionary Rows Filtered by Bloom Filter":2855014,"Columnar cache search mode":"native","Shared Hit Blocks":0,"Shared Read Blocks":0,"Shared Dirtied Blocks":0,"Shared Written Blocks":0,"Local Hit Blocks":0,"Local Read Blocks":0,"Local Dirtied Blocks":0,"Local Written Blocks":0,"Temp Read Blocks":0,"Temp Written Blocks":0,"I/O Read Time":0.0,"I/O Write Time":0.0,"Temp I/O Read Time":0.0,"Temp I/O Write Time":0.0},{"Node Type":"Seq Scan","Parent Relationship":"Member","Parallel Aware":false,"Async Capable":false,"Relation Name":"customer","Schema":"public","Alias":"customer","Startup Cost":0.0,"Total Cost":4.01,"Plan Rows":1,"Plan Width":12,"Actual Startup Time":0.0,"Actual Total Time":0.0,"Actual Rows":0,"Actual Loops":0,"Output":["customer.c_nationkey","customer.c_id","customer.c_w_id","customer.c_d_id"],"Shared Hit Blocks":0,"Shared Read Blocks":0,"Shared Dirtied Blocks":0,"Shared Written Blocks":0,"Local Hit Blocks":0,"Local Read Blocks":0,"Local Dirtied Blocks":0,"Local Written Blocks":0,"Temp Read Blocks":0,"Temp Written Blocks":0,"I/O Read Time":0.0,"I/O Write Time":0.0,"Temp I/O Read Time":0.0,"Temp I/O Write Time":0.0}]},{"Node Type":"Hash","Parent Relationship":"Inner","Parallel Aware":false,"Async Capable":false,"Startup Cost":1.93,"Total Cost":1.93,"Plan Rows":2,"Plan Width":12,"Actual Startup Time":0.042,"Actual Total Time":0.042,"Actual Rows":2,"Actual Loops":1,"Output":["n2.n_nationkey","n2.n_name"],"Hash Buckets":1024,"Original Hash Buckets":1024,"Hash Batches":1,"Original Hash Batches":1,"Peak Memory Usage":9,"Shared Hit Blocks":1,"Shared Read Blocks":0,"Shared Dirtied Blocks":0,"Shared Written Blocks":0,"Local Hit Blocks":0,"Local Read Blocks":0,"Local Dirtied Blocks":0,"Local Written Blocks":0,"Temp Read Blocks":0,"Temp Written Blocks":0,"I/O Read Time":0.0,"I/O Write Time":0.0,"Temp I/O Read Time":0.0,"Temp I/O Write Time":0.0,"Plans":[{"Node Type":"Seq Scan","Parent Relationship":"Outer","Parallel Aware":false,"Async Capable":false,"Relation Name":"nation","Schema":"public","Alias":"n2","Startup Cost":0.0,"Total Cost":1.93,"Plan Rows":2,"Plan Width":12,"Actual Startup Time":0.031,"Actual Total Time":0.036,"Actual Rows":2,"Actual Loops":1,"Output":["n2.n_nationkey","n2.n_name"],"Filter":"(((n2.n_name)::text = 'Cambodia'::text) OR ((n2.n_name)::text = 'Germany'::text))","Rows Removed by Filter":60,"Shared Hit Blocks":1,"Shared Read Blocks":0,"Shared Dirtied Blocks":0,"Shared Written Blocks":0,"Local Hit Blocks":0,"Local Read Blocks":0,"Local Dirtied Blocks":0,"Local Written Blocks":0,"Temp Read Blocks":0,"Temp Written Blocks":0,"I/O Read Time":0.0,"I/O Write Time":0.0,"Temp I/O Read Time":0.0,"Temp I/O Write Time":0.0}]}]}]}]}]}]}]},"Planning":{"Shared Hit Blocks":12,"Shared Read Blocks":0,"Shared Dirtied Blocks":0,"Shared Written Blocks":0,"Local Hit Blocks":0,"Local Read Blocks":0,"Local Dirtied Blocks":0,"Local Written Blocks":0,"Temp Read Blocks":0,"Temp Written Blocks":0,"I/O Read Time":0.0,"I/O Write Time":0.0,"Temp I/O Read Time":0.0,"Temp I/O Write Time":0.0},"Planning Time":2.901,"Triggers":[],"Execution Time":13327.542}]
[列存组合]: customer, stock, supplier
[{"Plan":{"Node Type":"Aggregate","Strategy":"Sorted","Partial Mode":"Simple","Parallel Aware":false,"Async Capable":false,"Startup Cost":1930570.11,"Total Cost":1930691.71,"Plan Rows":4422,"Plan Width":72,"Actual Startup Time":13278.605,"Actual Total Time":13279.887,"Actual Rows":6,"Actual Loops":1,"Output":["supplier.su_nationkey","customer.c_nationkey","(EXTRACT(year FROM orders.o_entry_d))","sum(order_line.ol_amount)"],"Group Key":["supplier.su_nationkey","customer.c_nationkey","(EXTRACT(year FROM orders.o_entry_d))"],"Shared Hit Blocks":390283,"Shared Read Blocks":0,"Shared Dirtied Blocks":0,"Shared Written Blocks":0,"Local Hit Blocks":0,"Local Read Blocks":0,"Local Dirtied Blocks":0,"Local Written Blocks":0,"Temp Read Blocks":99613,"Temp Written Blocks":99622,"I/O Read Time":0.0,"I/O Write Time":0.0,"Temp I/O Read Time":164.232,"Temp I/O Write Time":451.561,"Plans":[{"Node Type":"Sort","Parent Relationship":"Outer","Parallel Aware":false,"Async Capable":false,"Startup Cost":1930570.11,"Total Cost":1930581.16,"Plan Rows":4422,"Plan Width":44,"Actual Startup Time":13278.545,"Actual Total Time":13278.816,"Actual Rows":6043,"Actual Loops":1,"Output":["supplier.su_nationkey","customer.c_nationkey","(EXTRACT(year FROM orders.o_entry_d))","order_line.ol_amount"],"Sort Key":["supplier.su_nationkey","customer.c_nationkey","(EXTRACT(year FROM orders.o_entry_d))"],"Sort Method":"quicksort","Sort Space Used":523,"Sort Space Type":"Memory","Shared Hit Blocks":390283,"Shared Read Blocks":0,"Shared Dirtied Blocks":0,"Shared Written Blocks":0,"Local Hit Blocks":0,"Local Read Blocks":0,"Local Dirtied Blocks":0,"Local Written Blocks":0,"Temp Read Blocks":99613,"Temp Written Blocks":99622,"I/O Read Time":0.0,"I/O Write Time":0.0,"Temp I/O Read Time":164.232,"Temp I/O Write Time":451.561,"Plans":[{"Node Type":"Merge Join","Parent Relationship":"Outer","Parallel Aware":false,"Async Capable":false,"Join Type":"Inner","Startup Cost":1926209.96,"Total Cost":1930302.34,"Plan Rows":4422,"Plan Width":44,"Actual Startup Time":13125.622,"Actual Total Time":13277.121,"Actual Rows":6043,"Actual Loops":1,"Output":["supplier.su_nationkey","customer.c_nationkey","EXTRACT(year FROM orders.o_entry_d)","order_line.ol_amount"],"Inner Unique":false,"Merge Cond":"((orders.o_c_id = customer.c_id) AND (order_line.ol_w_id = customer.c_w_id) AND (order_line.ol_d_id = customer.c_d_id))","Join Filter":"((((n1.n_name)::text = 'Germany'::text) AND ((n2.n_name)::text = 'Cambodia'::text)) OR (((n1.n_name)::text = 'Cambodia'::text) AND ((n2.n_name)::text = 'Germany'::text)))","Rows Removed by Join Filter":5752,"Shared Hit Blocks":390283,"Shared Read Blocks":0,"Shared Dirtied Blocks":0,"Shared Written Blocks":0,"Local Hit Blocks":0,"Local Read Blocks":0,"Local Dirtied Blocks":0,"Local Written Blocks":0,"Temp Read Blocks":99613,"Temp Written Blocks":99622,"I/O Read Time":0.0,"I/O Write Time":0.0,"Temp I/O Read Time":164.232,"Temp I/O Write Time":451.561,"Plans":[{"Node Type":"Sort","Parent Relationship":"Outer","Parallel Aware":false,"Async Capable":false,"Startup Cost":1653286.38,"Total Cost":1653960.94,"Plan Rows":269824,"Plan Width":36,"Actual Startup Time":12995.003,"Actual Total Time":13065.779,"Actual Rows":242214,"Actual Loops":1,"Output":["supplier.su_nationkey","order_line.ol_amount","order_line.ol_w_id","order_line.ol_d_id","orders.o_entry_d","orders.o_w_id","orders.o_d_id","orders.o_c_id","n1.n_name"],"Sort Key":["orders.o_c_id","order_line.ol_w_id","order_line.ol_d_id"],"Sort Method":"external merge","Sort Space Used":11984,"Sort Space Type":"Disk","Shared Hit Blocks":390282,"Shared Read Blocks":0,"Shared Dirtied Blocks":0,"Shared Written Blocks":0,"Local Hit Blocks":0,"Local Read Blocks":0,"Local Dirtied Blocks":0,"Local Written Blocks":0,"Temp Read Blocks":99068,"Temp Written Blocks":99074,"I/O Read Time":0.0,"I/O Write Time":0.0,"Temp I/O Read Time":163.548,"Temp I/O Write Time":449.526,"Plans":[{"Node Type":"Hash Join","Parent Relationship":"Outer","Parallel Aware":false,"Async Capable":false,"Join Type":"Inner","Startup Cost":578698.35,"Total Cost":1621568.01,"Plan Rows":269824,"Plan Width":36,"Actual Startup Time":3004.011,"Actual Total Time":12867.223,"Actual Rows":242214,"Actual Loops":1,"Output":["supplier.su_nationkey","order_line.ol_amount","order_line.ol_w_id","order_line.ol_d_id","orders.o_entry_d","orders.o_w_id","orders.o_d_id","orders.o_c_id","n1.n_name"],"Inner Unique":true,"Hash Cond":"((order_line.ol_w_id = orders.o_w_id) AND (order_line.ol_d_id = orders.o_d_id) AND (order_line.ol_o_id = orders.o_id))","Shared Hit Blocks":390282,"Shared Read Blocks":0,"Shared Dirtied Blocks":0,"Shared Written Blocks":0,"Local Hit Blocks":0,"Local Read Blocks":0,"Local Dirtied Blocks":0,"Local Written Blocks":0,"Temp Read Blocks":97570,"Temp Written Blocks":97570,"I/O Read Time":0.0,"I/O Write Time":0.0,"Temp I/O Read Time":161.452,"Temp I/O Write Time":443.949,"Plans":[{"Node Type":"Hash Join","Parent Relationship":"Outer","Parallel Aware":false,"Async Capable":false,"Join Type":"Inner","Startup Cost":449103.27,"Total Cost":1468586.78,"Plan Rows":269988,"Plan Width":28,"Actual Startup Time":2098.507,"Actual Total Time":11628.425,"Actual Rows":242214,"Actual Loops":1,"Output":["supplier.su_nationkey","order_line.ol_amount","order_line.ol_w_id","order_line.ol_d_id","order_line.ol_o_id","n1.n_name"],"Inner Unique":true,"Hash Cond":"(supplier.su_nationkey = n1.n_nationkey)","Shared Hit Blocks":368223,"Shared Read Blocks":0,"Shared Dirtied Blocks":0,"Shared Written Blocks":0,"Local Hit Blocks":0,"Local Read Blocks":0,"Local Dirtied Blocks":0,"Local Written Blocks":0,"Temp Read Blocks":79026,"Temp Written Blocks":79026,"I/O Read Time":0.0,"I/O Write Time":0.0,"Temp I/O Read Time":132.26,"Temp I/O Write Time":361.67,"Plans":[{"Node Type":"Hash Join","Parent Relationship":"Outer","Parallel Aware":false,"Async Capable":false,"Join Type":"Inner","Startup Cost":449101.32,"Total Cost":1445112.71,"Plan Rows":8369638,"Plan Width":20,"Actual Startup Time":2096.622,"Actual Total Time":11014.276,"Actual Rows":8570498,"Actual Loops":1,"Output":["supplier.su_nationkey","order_line.ol_amount","order_line.ol_w_id","order_line.ol_d_id","order_line.ol_o_id"],"Inner Unique":true,"Hash Cond":"(mod((stock.s_w_id * stock.s_i_id), 10000) = supplier.su_suppkey)","Shared Hit Blocks":368222,"Shared Read Blocks":0,"Shared Dirtied Blocks":0,"Shared Written Blocks":0,"Local Hit Blocks":0,"Local Read Blocks":0,"Local Dirtied Blocks":0,"Local Written Blocks":0,"Temp Read Blocks":79026,"Temp Written Blocks":79026,"I/O Read Time":0.0,"I/O Write Time":0.0,"Temp I/O Read Time":132.26,"Temp I/O Write Time":361.67,"Plans":[{"Node Type":"Hash Join","Parent Relationship":"Outer","Parallel Aware":false,"Async Capable":false,"Join Type":"Inner","Startup Cost":448757.29,"Total Cost":1420694.79,"Plan Rows":8369638,"Plan Width":22,"Actual Startup Time":2093.571,"Actual Total Time":9307.458,"Actual Rows":8570498,"Actual Loops":1,"Output":["stock.s_w_id","stock.s_i_id","order_line.ol_amount","order_line.ol_w_id","order_line.ol_d_id","order_line.ol_o_id"],"Inner Unique":true,"Hash Cond":"((order_line.ol_supply_w_id = stock.s_w_id) AND (order_line.ol_i_id = stock.s_i_id))","Shared Hit Blocks":368222,"Shared Read Blocks":0,"Shared Dirtied Blocks":0,"Shared Written Blocks":0,"Local Hit Blocks":0,"Local Read Blocks":0,"Local Dirtied Blocks":0,"Local Written Blocks":0,"Temp Read Blocks":79026,"Temp Written Blocks":79026,"I/O Read Time":0.0,"I/O Write Time":0.0,"Temp I/O Read Time":132.26,"Temp I/O Write Time":361.67,"Plans":[{"Node Type":"Seq Scan","Parent Relationship":"Outer","Parallel Aware":false,"Async Capable":false,"Relation Name":"order_line","Schema":"public","Alias":"order_line","Startup Cost":0.0,"Total Cost":790850.88,"Plan Rows":8369638,"Plan Width":22,"Actual Startup Time":13.214,"Actual Total Time":2833.02,"Actual Rows":8570498,"Actual Loops":1,"Output":["order_line.ol_amount","order_line.ol_supply_w_id","order_line.ol_i_id","order_line.ol_w_id","order_line.ol_d_id","order_line.ol_o_id"],"Filter":"((order_line.ol_delivery_d >= '1995-01-02 20:10:02.27764'::timestamp without time zone) AND (order_line.ol_delivery_d <= '1997-01-01 20:10:02.27764'::timestamp without time zone))","Rows Removed by Filter":21427234,"Shared Hit Blocks":340884,"Shared Read Blocks":0,"Shared Dirtied Blocks":0,"Shared Written Blocks":0,"Local Hit Blocks":0,"Local Read Blocks":0,"Local Dirtied Blocks":0,"Local Written Blocks":0,"Temp Read Blocks":0,"Temp Written Blocks":0,"I/O Read Time":0.0,"I/O Write Time":0.0,"Temp I/O Read Time":0.0,"Temp I/O Write Time":0.0},{"Node Type":"Hash","Parent Relationship":"Inner","Parallel Aware":false,"Async Capable":false,"Startup Cost":259690.86,"Total Cost":259690.86,"Plan Rows":10000162,"Plan Width":6,"Actual Startup Time":2079.075,"Actual Total Time":2079.077,"Actual Rows":10000000,"Actual Loops":1,"Output":["stock.s_w_id","stock.s_i_id"],"Hash Buckets":262144,"Original Hash Buckets":262144,"Hash Batches":64,"Original Hash Batches":64,"Peak Memory Usage":8133,"Shared Hit Blocks":27338,"Shared Read Blocks":0,"Shared Dirtied Blocks":0,"Shared Written Blocks":0,"Local Hit Blocks":0,"Local Read Blocks":0,"Local Dirtied Blocks":0,"Local Written Blocks":0,"Temp Read Blocks":0,"Temp Written Blocks":33616,"I/O Read Time":0.0,"I/O Write Time":0.0,"Temp I/O Read Time":0.0,"Temp I/O Write Time":150.524,"Plans":[{"Node Type":"Index Only Scan","Parent Relationship":"Outer","Parallel Aware":false,"Async Capable":false,"Scan Direction":"Forward","Index Name":"stock_pk","Relation Name":"stock","Schema":"public","Alias":"stock","Startup Cost":0.43,"Total Cost":259690.86,"Plan Rows":10000162,"Plan Width":6,"Actual Startup Time":0.026,"Actual Total Time":719.917,"Actual Rows":10000000,"Actual Loops":1,"Output":["stock.s_w_id","stock.s_i_id"],"Heap Fetches":0,"Shared Hit Blocks":27338,"Shared Read Blocks":0,"Shared Dirtied Blocks":0,"Shared Written Blocks":0,"Local Hit Blocks":0,"Local Read Blocks":0,"Local Dirtied Blocks":0,"Local Written Blocks":0,"Temp Read Blocks":0,"Temp Written Blocks":0,"I/O Read Time":0.0,"I/O Write Time":0.0,"Temp I/O Read Time":0.0,"Temp I/O Write Time":0.0}]}]},{"Node Type":"Hash","Parent Relationship":"Inner","Parallel Aware":false,"Async Capable":false,"Startup Cost":219.01,"Total Cost":219.01,"Plan Rows":10001,"Plan Width":8,"Actual Startup Time":3.002,"Actual Total Time":3.004,"Actual Rows":10000,"Actual Loops":1,"Output":["supplier.su_nationkey","supplier.su_suppkey"],"Hash Buckets":16384,"Original Hash Buckets":16384,"Hash Batches":1,"Original Hash Batches":1,"Peak Memory Usage":519,"Shared Hit Blocks":0,"Shared Read Blocks":0,"Shared Dirtied Blocks":0,"Shared Written Blocks":0,"Local Hit Blocks":0,"Local Read Blocks":0,"Local Dirtied Blocks":0,"Local Written Blocks":0,"Temp Read Blocks":0,"Temp Written Blocks":0,"I/O Read Time":0.0,"I/O Write Time":0.0,"Temp I/O Read Time":0.0,"Temp I/O Write Time":0.0,"Plans":[{"Node Type":"Append","Parent Relationship":"Outer","Parallel Aware":false,"Async Capable":false,"Startup Cost":20.0,"Total Cost":219.01,"Plan Rows":10001,"Plan Width":8,"Actual Startup Time":0.024,"Actual Total Time":1.783,"Actual Rows":10000,"Actual Loops":1,"Shared Hit Blocks":0,"Shared Read Blocks":0,"Shared Dirtied Blocks":0,"Shared Written Blocks":0,"Local Hit Blocks":0,"Local Read Blocks":0,"Local Dirtied Blocks":0,"Local Written Blocks":0,"Temp Read Blocks":0,"Temp Written Blocks":0,"I/O Read Time":0.0,"I/O Write Time":0.0,"Temp I/O Read Time":0.0,"Temp I/O Write Time":0.0,"Subplans Removed":0,"Plans":[{"Node Type":"Custom Scan","Parent Relationship":"Member","Custom Plan Provider":"columnar scan","Parallel Aware":false,"Async Capable":false,"Relation Name":"supplier","Schema":"public","Alias":"supplier","Startup Cost":20.0,"Total Cost":215.0,"Plan Rows":10000,"Plan Width":8,"Actual Startup Time":0.023,"Actual Total Time":1.082,"Actual Rows":10000,"Actual Loops":1,"Output":["supplier.su_nationkey","supplier.su_suppkey"],"Rows Removed by Columnar Filter":0,"Columnar cache search mode":"native","Shared Hit Blocks":0,"Shared Read Blocks":0,"Shared Dirtied Blocks":0,"Shared Written Blocks":0,"Local Hit Blocks":0,"Local Read Blocks":0,"Local Dirtied Blocks":0,"Local Written Blocks":0,"Temp Read Blocks":0,"Temp Written Blocks":0,"I/O Read Time":0.0,"I/O Write Time":0.0,"Temp I/O Read Time":0.0,"Temp I/O Write Time":0.0},{"Node Type":"Seq Scan","Parent Relationship":"Member","Parallel Aware":false,"Async Capable":false,"Relation Name":"supplier","Schema":"public","Alias":"supplier","Startup Cost":0.0,"Total Cost":4.01,"Plan Rows":1,"Plan Width":8,"Actual Startup Time":0.0,"Actual Total Time":0.0,"Actual Rows":0,"Actual Loops":0,"Output":["supplier.su_nationkey","supplier.su_suppkey"],"Shared Hit Blocks":0,"Shared Read Blocks":0,"Shared Dirtied Blocks":0,"Shared Written Blocks":0,"Local Hit Blocks":0,"Local Read Blocks":0,"Local Dirtied Blocks":0,"Local Written Blocks":0,"Temp Read Blocks":0,"Temp Written Blocks":0,"I/O Read Time":0.0,"I/O Write Time":0.0,"Temp I/O Read Time":0.0,"Temp I/O Write Time":0.0}]}]}]},{"Node Type":"Hash","Parent Relationship":"Inner","Parallel Aware":false,"Async Capable":false,"Startup Cost":1.93,"Total Cost":1.93,"Plan Rows":2,"Plan Width":12,"Actual Startup Time":0.02,"Actual Total Time":0.021,"Actual Rows":2,"Actual Loops":1,"Output":["n1.n_nationkey","n1.n_name"],"Hash Buckets":1024,"Original Hash Buckets":1024,"Hash Batches":1,"Original Hash Batches":1,"Peak Memory Usage":9,"Shared Hit Blocks":1,"Shared Read Blocks":0,"Shared Dirtied Blocks":0,"Shared Written Blocks":0,"Local Hit Blocks":0,"Local Read Blocks":0,"Local Dirtied Blocks":0,"Local Written Blocks":0,"Temp Read Blocks":0,"Temp Written Blocks":0,"I/O Read Time":0.0,"I/O Write Time":0.0,"Temp I/O Read Time":0.0,"Temp I/O Write Time":0.0,"Plans":[{"Node Type":"Seq Scan","Parent Relationship":"Outer","Parallel Aware":false,"Async Capable":false,"Relation Name":"nation","Schema":"public","Alias":"n1","Startup Cost":0.0,"Total Cost":1.93,"Plan Rows":2,"Plan Width":12,"Actual Startup Time":0.013,"Actual Total Time":0.018,"Actual Rows":2,"Actual Loops":1,"Output":["n1.n_nationkey","n1.n_name"],"Filter":"(((n1.n_name)::text = 'Germany'::text) OR ((n1.n_name)::text = 'Cambodia'::text))","Rows Removed by Filter":60,"Shared Hit Blocks":1,"Shared Read Blocks":0,"Shared Dirtied Blocks":0,"Shared Written Blocks":0,"Local Hit Blocks":0,"Local Read Blocks":0,"Local Dirtied Blocks":0,"Local Written Blocks":0,"Temp Read Blocks":0,"Temp Written Blocks":0,"I/O Read Time":0.0,"I/O Write Time":0.0,"Temp I/O Read Time":0.0,"Temp I/O Write Time":0.0}]}]},{"Node Type":"Hash","Parent Relationship":"Inner","Parallel Aware":false,"Async Capable":false,"Startup Cost":59559.0,"Total Cost":59559.0,"Plan Rows":2998176,"Plan Width":24,"Actual Startup Time":897.528,"Actual Total Time":897.528,"Actual Rows":2997892,"Actual Loops":1,"Output":["orders.o_entry_d","orders.o_w_id","orders.o_d_id","orders.o_id","orders.o_c_id"],"Hash Buckets":131072,"Original Hash Buckets":131072,"Hash Batches":32,"Original Hash Batches":32,"Peak Memory Usage":6539,"Shared Hit Blocks":22059,"Shared Read Blocks":0,"Shared Dirtied Blocks":0,"Shared Written Blocks":0,"Local Hit Blocks":0,"Local Read Blocks":0,"Local Dirtied Blocks":0,"Local Written Blocks":0,"Temp Read Blocks":0,"Temp Written Blocks":16995,"I/O Read Time":0.0,"I/O Write Time":0.0,"Temp I/O Read Time":0.0,"Temp I/O Write Time":72.885,"Plans":[{"Node Type":"Seq Scan","Parent Relationship":"Outer","Parallel Aware":false,"Async Capable":false,"Relation Name":"orders","Schema":"public","Alias":"orders","Startup Cost":0.0,"Total Cost":59559.0,"Plan Rows":2998176,"Plan Width":24,"Actual Startup Time":0.012,"Actual Total Time":364.546,"Actual Rows":2997892,"Actual Loops":1,"Output":["orders.o_entry_d","orders.o_w_id","orders.o_d_id","orders.o_id","orders.o_c_id"],"Filter":"(orders.o_entry_d >= '1992-01-02 20:10:02.27764'::timestamp without time zone)","Rows Removed by Filter":2108,"Shared Hit Blocks":22059,"Shared Read Blocks":0,"Shared Dirtied Blocks":0,"Shared Written Blocks":0,"Local Hit Blocks":0,"Local Read Blocks":0,"Local Dirtied Blocks":0,"Local Written Blocks":0,"Temp Read Blocks":0,"Temp Written Blocks":0,"I/O Read Time":0.0,"I/O Write Time":0.0,"Temp I/O Read Time":0.0,"Temp I/O Write Time":0.0}]}]}]},{"Node Type":"Materialize","Parent Relationship":"Inner","Parallel Aware":false,"Async Capable":false,"Startup Cost":272923.48,"Total Cost":273407.31,"Plan Rows":96766,"Plan Width":20,"Actual Startup Time":130.58,"Actual Total Time":163.198,"Actual Rows":146547,"Actual Loops":1,"Output":["customer.c_nationkey","customer.c_id","customer.c_w_id","customer.c_d_id","n2.n_name"],"Shared Hit Blocks":1,"Shared Read Blocks":0,"Shared Dirtied Blocks":0,"Shared Written Blocks":0,"Local Hit Blocks":0,"Local Read Blocks":0,"Local Dirtied Blocks":0,"Local Written Blocks":0,"Temp Read Blocks":545,"Temp Written Blocks":548,"I/O Read Time":0.0,"I/O Write Time":0.0,"Temp I/O Read Time":0.684,"Temp I/O Write Time":2.035,"Plans":[{"Node Type":"Sort","Parent Relationship":"Outer","Parallel Aware":false,"Async Capable":false,"Startup Cost":272923.48,"Total Cost":273165.4,"Plan Rows":96766,"Plan Width":20,"Actual Startup Time":130.574,"Actual Total Time":147.506,"Actual Rows":144982,"Actual Loops":1,"Output":["customer.c_nationkey","customer.c_id","customer.c_w_id","customer.c_d_id","n2.n_name"],"Sort Key":["customer.c_id","customer.c_w_id","customer.c_d_id"],"Sort Method":"external merge","Sort Space Used":4360,"Sort Space Type":"Disk","Shared Hit Blocks":1,"Shared Read Blocks":0,"Shared Dirtied Blocks":0,"Shared Written Blocks":0,"Local Hit Blocks":0,"Local Read Blocks":0,"Local Dirtied Blocks":0,"Local Written Blocks":0,"Temp Read Blocks":545,"Temp Written Blocks":548,"I/O Read Time":0.0,"I/O Write Time":0.0,"Temp I/O Read Time":0.684,"Temp I/O Write Time":2.035,"Plans":[{"Node Type":"Hash Join","Parent Relationship":"Outer","Parallel Aware":false,"Async Capable":false,"Join Type":"Inner","Startup Cost":21.95,"Total Cost":262925.69,"Plan Rows":96766,"Plan Width":20,"Actual Startup Time":0.691,"Actual Total Time":80.069,"Actual Rows":144986,"Actual Loops":1,"Output":["customer.c_nationkey","customer.c_id","customer.c_w_id","customer.c_d_id","n2.n_name"],"Inner Unique":true,"Hash Cond":"(customer.c_nationkey = n2.n_nationkey)","Shared Hit Blocks":1,"Shared Read Blocks":0,"Shared Dirtied Blocks":0,"Shared Written Blocks":0,"Local Hit Blocks":0,"Local Read Blocks":0,"Local Dirtied Blocks":0,"Local Written Blocks":0,"Temp Read Blocks":0,"Temp Written Blocks":0,"I/O Read Time":0.0,"I/O Write Time":0.0,"Temp I/O Read Time":0.0,"Temp I/O Write Time":0.0,"Plans":[{"Node Type":"Append","Parent Relationship":"Outer","Parallel Aware":false,"Async Capable":false,"Startup Cost":20.0,"Total Cost":254511.16,"Plan Rows":2999739,"Plan Width":12,"Actual Startup Time":0.269,"Actual Total Time":52.758,"Actual Rows":144986,"Actual Loops":1,"Shared Hit Blocks":0,"Shared Read Blocks":0,"Shared Dirtied Blocks":0,"Shared Written Blocks":0,"Local Hit Blocks":0,"Local Read Blocks":0,"Local Dirtied Blocks":0,"Local Written Blocks":0,"Temp Read Blocks":0,"Temp Written Blocks":0,"I/O Read Time":0.0,"I/O Write Time":0.0,"Temp I/O Read Time":0.0,"Temp I/O Write Time":0.0,"Subplans Removed":0,"Plans":[{"Node Type":"Custom Scan","Parent Relationship":"Member","Custom Plan Provider":"columnar scan","Parallel Aware":false,"Async Capable":false,"Relation Name":"customer","Schema":"public","Alias":"customer","Startup Cost":20.0,"Total Cost":70513.87,"Plan Rows":2999738,"Plan Width":12,"Actual Startup Time":0.267,"Actual Total Time":42.557,"Actual Rows":144986,"Actual Loops":1,"Output":["customer.c_nationkey","customer.c_id","customer.c_w_id","customer.c_d_id"],"Rows Removed by Columnar Filter":2855014,"Rows Filtered by Bloom Filter":0,"Dictionary Rows Filtered by Bloom Filter":2855014,"Columnar cache search mode":"native","Shared Hit Blocks":0,"Shared Read Blocks":0,"Shared Dirtied Blocks":0,"Shared Written Blocks":0,"Local Hit Blocks":0,"Local Read Blocks":0,"Local Dirtied Blocks":0,"Local Written Blocks":0,"Temp Read Blocks":0,"Temp Written Blocks":0,"I/O Read Time":0.0,"I/O Write Time":0.0,"Temp I/O Read Time":0.0,"Temp I/O Write Time":0.0},{"Node Type":"Seq Scan","Parent Relationship":"Member","Parallel Aware":false,"Async Capable":false,"Relation Name":"customer","Schema":"public","Alias":"customer","Startup Cost":0.0,"Total Cost":4.01,"Plan Rows":1,"Plan Width":12,"Actual Startup Time":0.0,"Actual Total Time":0.0,"Actual Rows":0,"Actual Loops":0,"Output":["customer.c_nationkey","customer.c_id","customer.c_w_id","customer.c_d_id"],"Shared Hit Blocks":0,"Shared Read Blocks":0,"Shared Dirtied Blocks":0,"Shared Written Blocks":0,"Local Hit Blocks":0,"Local Read Blocks":0,"Local Dirtied Blocks":0,"Local Written Blocks":0,"Temp Read Blocks":0,"Temp Written Blocks":0,"I/O Read Time":0.0,"I/O Write Time":0.0,"Temp I/O Read Time":0.0,"Temp I/O Write Time":0.0}]},{"Node Type":"Hash","Parent Relationship":"Inner","Parallel Aware":false,"Async Capable":false,"Startup Cost":1.93,"Total Cost":1.93,"Plan Rows":2,"Plan Width":12,"Actual Startup Time":0.044,"Actual Total Time":0.045,"Actual Rows":2,"Actual Loops":1,"Output":["n2.n_nationkey","n2.n_name"],"Hash Buckets":1024,"Original Hash Buckets":1024,"Hash Batches":1,"Original Hash Batches":1,"Peak Memory Usage":9,"Shared Hit Blocks":1,"Shared Read Blocks":0,"Shared Dirtied Blocks":0,"Shared Written Blocks":0,"Local Hit Blocks":0,"Local Read Blocks":0,"Local Dirtied Blocks":0,"Local Written Blocks":0,"Temp Read Blocks":0,"Temp Written Blocks":0,"I/O Read Time":0.0,"I/O Write Time":0.0,"Temp I/O Read Time":0.0,"Temp I/O Write Time":0.0,"Plans":[{"Node Type":"Seq Scan","Parent Relationship":"Outer","Parallel Aware":false,"Async Capable":false,"Relation Name":"nation","Schema":"public","Alias":"n2","Startup Cost":0.0,"Total Cost":1.93,"Plan Rows":2,"Plan Width":12,"Actual Startup Time":0.033,"Actual Total Time":0.039,"Actual Rows":2,"Actual Loops":1,"Output":["n2.n_nationkey","n2.n_name"],"Filter":"(((n2.n_name)::text = 'Cambodia'::text) OR ((n2.n_name)::text = 'Germany'::text))","Rows Removed by Filter":60,"Shared Hit Blocks":1,"Shared Read Blocks":0,"Shared Dirtied Blocks":0,"Shared Written Blocks":0,"Local Hit Blocks":0,"Local Read Blocks":0,"Local Dirtied Blocks":0,"Local Written Blocks":0,"Temp Read Blocks":0,"Temp Written Blocks":0,"I/O Read Time":0.0,"I/O Write Time":0.0,"Temp I/O Read Time":0.0,"Temp I/O Write Time":0.0}]}]}]}]}]}]}]},"Planning":{"Shared Hit Blocks":12,"Shared Read Blocks":0,"Shared Dirtied Blocks":0,"Shared Written Blocks":0,"Local Hit Blocks":0,"Local Read Blocks":0,"Local Dirtied Blocks":0,"Local Written Blocks":0,"Temp Read Blocks":0,"Temp Written Blocks":0,"I/O Read Time":0.0,"I/O Write Time":0.0,"Temp I/O Read Time":0.0,"Temp I/O Write Time":0.0},"Planning Time":3.194,"Triggers":[],"Execution Time":13282.266}]
[列存组合]: nation, order_line, orders
[{"Plan":{"Node Type":"Aggregate","Strategy":"Sorted","Partial Mode":"Simple","Parallel Aware":false,"Async Capable":false,"Startup Cost":1144478.4,"Total Cost":1144600.01,"Plan Rows":4422,"Plan Width":72,"Actual Startup Time":11304.944,"Actual Total Time":11306.226,"Actual Rows":6,"Actual Loops":1,"Output":["supplier.su_nationkey","customer.c_nationkey","(EXTRACT(year FROM orders.o_entry_d))","sum(order_line.ol_amount)"],"Group Key":["supplier.su_nationkey","customer.c_nationkey","(EXTRACT(year FROM orders.o_entry_d))"],"Shared Hit Blocks":257161,"Shared Read Blocks":0,"Shared Dirtied Blocks":0,"Shared Written Blocks":0,"Local Hit Blocks":0,"Local Read Blocks":0,"Local Dirtied Blocks":0,"Local Written Blocks":0,"Temp Read Blocks":67281,"Temp Written Blocks":67281,"I/O Read Time":0.0,"I/O Write Time":0.0,"Temp I/O Read Time":107.671,"Temp I/O Write Time":301.785,"Plans":[{"Node Type":"Sort","Parent Relationship":"Outer","Parallel Aware":false,"Async Capable":false,"Startup Cost":1144478.4,"Total Cost":1144489.46,"Plan Rows":4422,"Plan Width":44,"Actual Startup Time":11304.884,"Actual Total Time":11305.153,"Actual Rows":6043,"Actual Loops":1,"Output":["supplier.su_nationkey","customer.c_nationkey","(EXTRACT(year FROM orders.o_entry_d))","order_line.ol_amount"],"Sort Key":["supplier.su_nationkey","customer.c_nationkey","(EXTRACT(year FROM orders.o_entry_d))"],"Sort Method":"quicksort","Sort Space Used":523,"Sort Space Type":"Memory","Shared Hit Blocks":257161,"Shared Read Blocks":0,"Shared Dirtied Blocks":0,"Shared Written Blocks":0,"Local Hit Blocks":0,"Local Read Blocks":0,"Local Dirtied Blocks":0,"Local Written Blocks":0,"Temp Read Blocks":67281,"Temp Written Blocks":67281,"I/O Read Time":0.0,"I/O Write Time":0.0,"Temp I/O Read Time":107.671,"Temp I/O Write Time":301.785,"Plans":[{"Node Type":"Hash Join","Parent Relationship":"Outer","Parallel Aware":false,"Async Capable":false,"Join Type":"Inner","Startup Cost":812219.44,"Total Cost":1144210.64,"Plan Rows":4422,"Plan Width":44,"Actual Startup Time":7878.782,"Actual Total Time":11302.884,"Actual Rows":6043,"Actual Loops":1,"Output":["supplier.su_nationkey","customer.c_nationkey","EXTRACT(year FROM orders.o_entry_d)","order_line.ol_amount"],"Hash Cond":"((stock.s_w_id = order_line.ol_supply_w_id) AND (stock.s_i_id = order_line.ol_i_id))","Join Filter":"((((n1.n_name)::text = 'Germany'::text) AND ((n2.n_name)::text = 'Cambodia'::text)) OR (((n1.n_name)::text = 'Cambodia'::text) AND ((n2.n_name)::text = 'Germany'::text)))","Rows Removed by Join Filter":5752,"Shared Hit Blocks":257161,"Shared Read Blocks":0,"Shared Dirtied Blocks":0,"Shared Written Blocks":0,"Local Hit Blocks":0,"Local Read Blocks":0,"Local Dirtied Blocks":0,"Local Written Blocks":0,"Temp Read Blocks":67281,"Temp Written Blocks":67281,"I/O Read Time":0.0,"I/O Write Time":0.0,"Temp I/O Read Time":107.671,"Temp I/O Write Time":301.785,"Plans":[{"Node Type":"Hash Join","Parent Relationship":"Outer","Parallel Aware":false,"Async Capable":false,"Join Type":"Inner","Startup Cost":444.39,"Total Cost":316943.47,"Plan Rows":322586,"Plan Width":18,"Actual Startup Time":2.581,"Actual Total Time":3315.3,"Actual Rows":283200,"Actual Loops":1,"Output":["supplier.su_nationkey","stock.s_w_id","stock.s_i_id","n1.n_name"],"Hash Cond":"(supplier.su_nationkey = n1.n_nationkey)","Shared Hit Blocks":27556,"Shared Read Blocks":0,"Shared Dirtied Blocks":0,"Shared Written Blocks":0,"Local Hit Blocks":0,"Local Read Blocks":0,"Local Dirtied Blocks":0,"Local Written Blocks":0,"Temp Read Blocks":0,"Temp Written Blocks":0,"I/O Read Time":0.0,"I/O Write Time":0.0,"Temp I/O Read Time":0.0,"Temp I/O Write Time":0.0,"Plans":[{"Node Type":"Hash Join","Parent Relationship":"Outer","Parallel Aware":false,"Async Capable":false,"Join Type":"Inner","Startup Cost":442.44,"Total Cost":288896.71,"Plan Rows":10000162,"Plan Width":10,"Actual Startup Time":2.549,"Actual Total Time":2628.132,"Actual Rows":10000000,"Actual Loops":1,"Output":["supplier.su_nationkey","stock.s_w_id","stock.s_i_id"],"Hash Cond":"(mod((stock.s_w_id * stock.s_i_id), 10000) = supplier.su_suppkey)","Shared Hit Blocks":27555,"Shared Read Blocks":0,"Shared Dirtied Blocks":0,"Shared Written Blocks":0,"Local Hit Blocks":0,"Local Read Blocks":0,"Local Dirtied Blocks":0,"Local Written Blocks":0,"Temp Read Blocks":0,"Temp Written Blocks":0,"I/O Read Time":0.0,"I/O Write Time":0.0,"Temp I/O Read Time":0.0,"Temp I/O Write Time":0.0,"Plans":[{"Node Type":"Index Only Scan","Parent Relationship":"Outer","Parallel Aware":false,"Async Capable":false,"Scan Direction":"Forward","Index Name":"stock_pk","Relation Name":"stock","Schema":"public","Alias":"stock","Startup Cost":0.43,"Total Cost":259690.86,"Plan Rows":10000162,"Plan Width":6,"Actual Startup Time":0.02,"Actual Total Time":766.586,"Actual Rows":10000000,"Actual Loops":1,"Output":["stock.s_w_id","stock.s_i_id"],"Heap Fetches":0,"Shared Hit Blocks":27338,"Shared Read Blocks":0,"Shared Dirtied Blocks":0,"Shared Written Blocks":0,"Local Hit Blocks":0,"Local Read Blocks":0,"Local Dirtied Blocks":0,"Local Written Blocks":0,"Temp Read Blocks":0,"Temp Written Blocks":0,"I/O Read Time":0.0,"I/O Write Time":0.0,"Temp I/O Read Time":0.0,"Temp I/O Write Time":0.0},{"Node Type":"Hash","Parent Relationship":"Inner","Parallel Aware":false,"Async Capable":false,"Startup Cost":317.0,"Total Cost":317.0,"Plan Rows":10000,"Plan Width":8,"Actual Startup Time":2.48,"Actual Total Time":2.482,"Actual Rows":10000,"Actual Loops":1,"Output":["supplier.su_nationkey","supplier.su_suppkey"],"Hash Buckets":16384,"Original Hash Buckets":16384,"Hash Batches":1,"Original Hash Batches":1,"Peak Memory Usage":519,"Shared Hit Blocks":217,"Shared Read Blocks":0,"Shared Dirtied Blocks":0,"Shared Written Blocks":0,"Local Hit Blocks":0,"Local Read Blocks":0,"Local Dirtied Blocks":0,"Local Written Blocks":0,"Temp Read Blocks":0,"Temp Written Blocks":0,"I/O Read Time":0.0,"I/O Write Time":0.0,"Temp I/O Read Time":0.0,"Temp I/O Write Time":0.0,"Plans":[{"Node Type":"Seq Scan","Parent Relationship":"Outer","Parallel Aware":false,"Async Capable":false,"Relation Name":"supplier","Schema":"public","Alias":"supplier","Startup Cost":0.0,"Total Cost":317.0,"Plan Rows":10000,"Plan Width":8,"Actual Startup Time":0.004,"Actual Total Time":1.259,"Actual Rows":10000,"Actual Loops":1,"Output":["supplier.su_nationkey","supplier.su_suppkey"],"Shared Hit Blocks":217,"Shared Read Blocks":0,"Shared Dirtied Blocks":0,"Shared Written Blocks":0,"Local Hit Blocks":0,"Local Read Blocks":0,"Local Dirtied Blocks":0,"Local Written Blocks":0,"Temp Read Blocks":0,"Temp Written Blocks":0,"I/O Read Time":0.0,"I/O Write Time":0.0,"Temp I/O Read Time":0.0,"Temp I/O Write Time":0.0}]}]},{"Node Type":"Hash","Parent Relationship":"Inner","Parallel Aware":false,"Async Capable":false,"Startup Cost":1.93,"Total Cost":1.93,"Plan Rows":2,"Plan Width":12,"Actual Startup Time":0.02,"Actual Total Time":0.021,"Actual Rows":2,"Actual Loops":1,"Output":["n1.n_nationkey","n1.n_name"],"Hash Buckets":1024,"Original Hash Buckets":1024,"Hash Batches":1,"Original Hash Batches":1,"Peak Memory Usage":9,"Shared Hit Blocks":1,"Shared Read Blocks":0,"Shared Dirtied Blocks":0,"Shared Written Blocks":0,"Local Hit Blocks":0,"Local Read Blocks":0,"Local Dirtied Blocks":0,"Local Written Blocks":0,"Temp Read Blocks":0,"Temp Written Blocks":0,"I/O Read Time":0.0,"I/O Write Time":0.0,"Temp I/O Read Time":0.0,"Temp I/O Write Time":0.0,"Plans":[{"Node Type":"Seq Scan","Parent Relationship":"Outer","Parallel Aware":false,"Async Capable":false,"Relation Name":"nation","Schema":"public","Alias":"n1","Startup Cost":0.0,"Total Cost":1.93,"Plan Rows":2,"Plan Width":12,"Actual Startup Time":0.011,"Actual Total Time":0.016,"Actual Rows":2,"Actual Loops":1,"Output":["n1.n_nationkey","n1.n_name"],"Filter":"(((n1.n_name)::text = 'Germany'::text) OR ((n1.n_name)::text = 'Cambodia'::text))","Rows Removed by Filter":60,"Shared Hit Blocks":1,"Shared Read Blocks":0,"Shared Dirtied Blocks":0,"Shared Written Blocks":0,"Local Hit Blocks":0,"Local Read Blocks":0,"Local Dirtied Blocks":0,"Local Written Blocks":0,"Temp Read Blocks":0,"Temp Written Blocks":0,"I/O Read Time":0.0,"I/O Write Time":0.0,"Temp I/O Read Time":0.0,"Temp I/O Write Time":0.0}]}]},{"Node Type":"Hash","Parent Relationship":"Inner","Parallel Aware":false,"Async Capable":false,"Startup Cost":805882.69,"Total Cost":805882.69,"Plan Rows":269824,"Plan Width":30,"Actual Startup Time":7874.649,"Actual Total Time":7874.664,"Actual Rows":414592,"Actual Loops":1,"Output":["order_line.ol_amount","order_line.ol_supply_w_id","order_line.ol_i_id","orders.o_entry_d","customer.c_nationkey","n2.n_name"],"Hash Buckets":131072,"Original Hash Buckets":131072,"Hash Batches":4,"Original Hash Batches":4,"Peak Memory Usage":7952,"Shared Hit Blocks":229605,"Shared Read Blocks":0,"Shared Dirtied Blocks":0,"Shared Written Blocks":0,"Local Hit Blocks":0,"Local Read Blocks":0,"Local Dirtied Blocks":0,"Local Written Blocks":0,"Temp Read Blocks":64076,"Temp Written Blocks":66228,"I/O Read Time":0.0,"I/O Write Time":0.0,"Temp I/O Read Time":102.641,"Temp I/O Write Time":296.103,"Plans":[{"Node Type":"Hash Join","Parent Relationship":"Outer","Parallel Aware":false,"Async Capable":false,"Join Type":"Inner","Startup Cost":337038.47,"Total Cost":805882.69,"Plan Rows":269824,"Plan Width":30,"Actual Startup Time":1385.41,"Actual Total Time":7783.155,"Actual Rows":414592,"Actual Loops":1,"Output":["order_line.ol_amount","order_line.ol_supply_w_id","order_line.ol_i_id","orders.o_entry_d","customer.c_nationkey","n2.n_name"],"Hash Cond":"(customer.c_nationkey = n2.n_nationkey)","Shared Hit Blocks":229605,"Shared Read Blocks":0,"Shared Dirtied Blocks":0,"Shared Written Blocks":0,"Local Hit Blocks":0,"Local Read Blocks":0,"Local Dirtied Blocks":0,"Local Written Blocks":0,"Temp Read Blocks":64076,"Temp Written Blocks":64076,"I/O Read Time":0.0,"I/O Write Time":0.0,"Temp I/O Read Time":102.641,"Temp I/O Write Time":286.177,"Plans":[{"Node Type":"Hash Join","Parent Relationship":"Outer","Parallel Aware":false,"Async Capable":false,"Join Type":"Inner","Startup Cost":337036.52,"Total Cost":782422.9,"Plan Rows":8364549,"Plan Width":22,"Actual Startup Time":1384.233,"Actual Total Time":7162.684,"Actual Rows":8570498,"Actual Loops":1,"Output":["order_line.ol_amount","order_line.ol_supply_w_id","order_line.ol_i_id","orders.o_entry_d","customer.c_nationkey"],"Hash Cond":"((order_line.ol_w_id = customer.c_w_id) AND (order_line.ol_d_id = customer.c_d_id) AND (orders.o_c_id = customer.c_id))","Shared Hit Blocks":229604,"Shared Read Blocks":0,"Shared Dirtied Blocks":0,"Shared Written Blocks":0,"Local Hit Blocks":0,"Local Read Blocks":0,"Local Dirtied Blocks":0,"Local Written Blocks":0,"Temp Read Blocks":64076,"Temp Written Blocks":64076,"I/O Read Time":0.0,"I/O Write Time":0.0,"Temp I/O Read Time":102.641,"Temp I/O Write Time":286.177,"Plans":[{"Node Type":"Hash Join","Parent Relationship":"Outer","Parallel Aware":false,"Async Capable":false,"Join Type":"Inner","Startup Cost":10291.72,"Total Cost":260799.24,"Plan Rows":8364549,"Plan Width":30,"Actual Startup Time":204.431,"Actual Total Time":1853.117,"Actual Rows":8570498,"Actual Loops":1,"Output":["order_line.ol_amount","order_line.ol_supply_w_id","order_line.ol_i_id","order_line.ol_w_id","order_line.ol_d_id","orders.o_entry_d","orders.o_w_id","orders.o_d_id","orders.o_c_id"],"Hash Cond":"((order_line.ol_w_id = orders.o_w_id) AND (order_line.ol_d_id = orders.o_d_id) AND (order_line.ol_o_id = orders.o_id))","Rows Removed by Bloom Filter":0,"Shared Hit Blocks":0,"Shared Read Blocks":0,"Shared Dirtied Blocks":0,"Shared Written Blocks":0,"Local Hit Blocks":0,"Local Read Blocks":0,"Local Dirtied Blocks":0,"Local Written Blocks":0,"Temp Read Blocks":0,"Temp Written Blocks":0,"I/O Read Time":0.0,"I/O Write Time":0.0,"Temp I/O Read Time":0.0,"Temp I/O Write Time":0.0,"Plans":[{"Node Type":"Append","Parent Relationship":"Outer","Parallel Aware":false,"Async Capable":false,"Startup Cost":20.0,"Total Cost":230190.58,"Plan Rows":8369638,"Plan Width":22,"Actual Startup Time":12.101,"Actual Total Time":12.107,"Actual Rows":8570498,"Actual Loops":1,"Shared Hit Blocks":0,"Shared Read Blocks":0,"Shared Dirtied Blocks":0,"Shared Written Blocks":0,"Local Hit Blocks":0,"Local Read Blocks":0,"Local Dirtied Blocks":0,"Local Written Blocks":0,"Temp Read Blocks":0,"Temp Written Blocks":0,"I/O Read Time":0.0,"I/O Write Time":0.0,"Temp I/O Read Time":0.0,"Temp I/O Write Time":0.0,"Subplans Removed":0,"Plans":[{"Node Type":"Custom Scan","Parent Relationship":"Member","Custom Plan Provider":"columnar scan","Parallel Aware":false,"Async Capable":false,"Relation Name":"order_line","Schema":"public","Alias":"order_line","Startup Cost":20.0,"Total Cost":230185.68,"Plan Rows":8369621,"Plan Width":22,"Actual Startup Time":12.099,"Actual Total Time":12.101,"Actual Rows":8570498,"Actual Loops":1,"Output":["order_line.ol_amount","order_line.ol_supply_w_id","order_line.ol_i_id","order_line.ol_w_id","order_line.ol_d_id","order_line.ol_o_id"],"Filter":"((order_line.ol_delivery_d <= '1997-01-01 20:10:02.27764'::timestamp without time zone) AND (order_line.ol_delivery_d >= '1995-01-02 20:10:02.27764'::timestamp without time zone))","Rows Removed by Filter":0,"Rows Removed by Columnar Filter":21427234,"Columnar cache search mode":"native","Shared Hit Blocks":0,"Shared Read Blocks":0,"Shared Dirtied Blocks":0,"Shared Written Blocks":0,"Local Hit Blocks":0,"Local Read Blocks":0,"Local Dirtied Blocks":0,"Local Written Blocks":0,"Temp Read Blocks":0,"Temp Written Blocks":0,"I/O Read Time":0.0,"I/O Write Time":0.0,"Temp I/O Read Time":0.0,"Temp I/O Write Time":0.0},{"Node Type":"Seq Scan","Parent Relationship":"Member","Parallel Aware":false,"Async Capable":false,"Relation Name":"order_line","Schema":"public","Alias":"order_line","Startup Cost":0.0,"Total Cost":4.9,"Plan Rows":17,"Plan Width":22,"Actual Startup Time":0.0,"Actual Total Time":0.0,"Actual Rows":0,"Actual Loops":0,"Output":["order_line.ol_amount","order_line.ol_supply_w_id","order_line.ol_i_id","order_line.ol_w_id","order_line.ol_d_id","order_line.ol_o_id"],"Filter":"((order_line.ol_delivery_d <= '1997-01-01 20:10:02.27764'::timestamp without time zone) AND (order_line.ol_delivery_d >= '1995-01-02 20:10:02.27764'::timestamp without time zone))","Rows Removed by Filter":0,"Shared Hit Blocks":0,"Shared Read Blocks":0,"Shared Dirtied Blocks":0,"Shared Written Blocks":0,"Local Hit Blocks":0,"Local Read Blocks":0,"Local Dirtied Blocks":0,"Local Written Blocks":0,"Temp Read Blocks":0,"Temp Written Blocks":0,"I/O Read Time":0.0,"I/O Write Time":0.0,"Temp I/O Read Time":0.0,"Temp I/O Write Time":0.0}]},{"Node Type":"Hash","Parent Relationship":"Inner","Parallel Aware":false,"Async Capable":false,"Startup Cost":76477.53,"Total Cost":76477.53,"Plan Rows":2998177,"Plan Width":24,"Actual Rows":2997892,"Actual Loops":1,"Output":["orders.o_entry_d","orders.o_w_id","orders.o_d_id","orders.o_id","orders.o_c_id"],"Shared Hit Blocks":0,"Shared Read Blocks":0,"Shared Dirtied Blocks":0,"Shared Written Blocks":0,"Local Hit Blocks":0,"Local Read Blocks":0,"Local Dirtied Blocks":0,"Local Written Blocks":0,"Temp Read Blocks":0,"Temp Written Blocks":0,"I/O Read Time":0.0,"I/O Write Time":0.0,"Temp I/O Read Time":0.0,"Temp I/O Write Time":0.0,"Plans":[{"Node Type":"Append","Parent Relationship":"Outer","Parallel Aware":false,"Async Capable":false,"Startup Cost":20.0,"Total Cost":76477.53,"Plan Rows":2998177,"Plan Width":24,"Actual Startup Time":1.487,"Actual Total Time":1.49,"Actual Rows":2997892,"Actual Loops":1,"Shared Hit Blocks":0,"Shared Read Blocks":0,"Shared Dirtied Blocks":0,"Shared Written Blocks":0,"Local Hit Blocks":0,"Local Read Blocks":0,"Local Dirtied Blocks":0,"Local Written Blocks":0,"Temp Read Blocks":0,"Temp Written Blocks":0,"I/O Read Time":0.0,"I/O Write Time":0.0,"Temp I/O Read Time":0.0,"Temp I/O Write Time":0.0,"Subplans Removed":0,"Plans":[{"Node Type":"Custom Scan","Parent Relationship":"Member","Custom Plan Provider":"columnar scan","Parallel Aware":false,"Async Capable":false,"Relation Name":"orders","Schema":"public","Alias":"orders","Startup Cost":20.0,"Total Cost":76473.52,"Plan Rows":2998176,"Plan Width":24,"Actual Startup Time":1.485,"Actual Total Time":1.486,"Actual Rows":2997892,"Actual Loops":1,"Output":["orders.o_entry_d","orders.o_w_id","orders.o_d_id","orders.o_id","orders.o_c_id"],"Filter":"(orders.o_entry_d >= '1992-01-02 20:10:02.27764'::timestamp without time zone)","Rows Removed by Filter":0,"Rows Removed by Columnar Filter":2108,"Columnar cache search mode":"native","Shared Hit Blocks":0,"Shared Read Blocks":0,"Shared Dirtied Blocks":0,"Shared Written Blocks":0,"Local Hit Blocks":0,"Local Read Blocks":0,"Local Dirtied Blocks":0,"Local Written Blocks":0,"Temp Read Blocks":0,"Temp Written Blocks":0,"I/O Read Time":0.0,"I/O Write Time":0.0,"Temp I/O Read Time":0.0,"Temp I/O Write Time":0.0},{"Node Type":"Seq Scan","Parent Relationship":"Member","Parallel Aware":false,"Async Capable":false,"Relation Name":"orders","Schema":"public","Alias":"orders","Startup Cost":0.0,"Total Cost":4.01,"Plan Rows":1,"Plan Width":24,"Actual Startup Time":0.0,"Actual Total Time":0.0,"Actual Rows":0,"Actual Loops":0,"Output":["orders.o_entry_d","orders.o_w_id","orders.o_d_id","orders.o_id","orders.o_c_id"],"Filter":"(orders.o_entry_d >= '1992-01-02 20:10:02.27764'::timestamp without time zone)","Rows Removed by Filter":0,"Shared Hit Blocks":0,"Shared Read Blocks":0,"Shared Dirtied Blocks":0,"Shared Written Blocks":0,"Local Hit Blocks":0,"Local Read Blocks":0,"Local Dirtied Blocks":0,"Local Written Blocks":0,"Temp Read Blocks":0,"Temp Written Blocks":0,"I/O Read Time":0.0,"I/O Write Time":0.0,"Temp I/O Read Time":0.0,"Temp I/O Write Time":0.0}]}]}]},{"Node Type":"Hash","Parent Relationship":"Inner","Parallel Aware":false,"Async Capable":false,"Startup Cost":259601.38,"Total Cost":259601.38,"Plan Rows":2999738,"Plan Width":12,"Actual Startup Time":1178.509,"Actual Total Time":1178.51,"Actual Rows":3000000,"Actual Loops":1,"Output":["customer.c_nationkey","customer.c_id","customer.c_w_id","customer.c_d_id"],"Hash Buckets":262144,"Original Hash Buckets":262144,"Hash Batches":32,"Original Hash Batches":32,"Peak Memory Usage":6072,"Shared Hit Blocks":229604,"Shared Read Blocks":0,"Shared Dirtied Blocks":0,"Shared Written Blocks":0,"Local Hit Blocks":0,"Local Read Blocks":0,"Local Dirtied Blocks":0,"Local Written Blocks":0,"Temp Read Blocks":0,"Temp Written Blocks":11334,"I/O Read Time":0.0,"I/O Write Time":0.0,"Temp I/O Read Time":0.0,"Temp I/O Write Time":53.176,"Plans":[{"Node Type":"Seq Scan","Parent Relationship":"Outer","Parallel Aware":false,"Async Capable":false,"Relation Name":"customer","Schema":"public","Alias":"customer","Startup Cost":0.0,"Total Cost":259601.38,"Plan Rows":2999738,"Plan Width":12,"Actual Startup Time":0.015,"Actual Total Time":680.602,"Actual Rows":3000000,"Actual Loops":1,"Output":["customer.c_nationkey","customer.c_id","customer.c_w_id","customer.c_d_id"],"Shared Hit Blocks":229604,"Shared Read Blocks":0,"Shared Dirtied Blocks":0,"Shared Written Blocks":0,"Local Hit Blocks":0,"Local Read Blocks":0,"Local Dirtied Blocks":0,"Local Written Blocks":0,"Temp Read Blocks":0,"Temp Written Blocks":0,"I/O Read Time":0.0,"I/O Write Time":0.0,"Temp I/O Read Time":0.0,"Temp I/O Write Time":0.0}]}]},{"Node Type":"Hash","Parent Relationship":"Inner","Parallel Aware":false,"Async Capable":false,"Startup Cost":1.93,"Total Cost":1.93,"Plan Rows":2,"Plan Width":12,"Actual Startup Time":0.012,"Actual Total Time":0.013,"Actual Rows":2,"Actual Loops":1,"Output":["n2.n_nationkey","n2.n_name"],"Hash Buckets":1024,"Original Hash Buckets":1024,"Hash Batches":1,"Original Hash Batches":1,"Peak Memory Usage":9,"Shared Hit Blocks":1,"Shared Read Blocks":0,"Shared Dirtied Blocks":0,"Shared Written Blocks":0,"Local Hit Blocks":0,"Local Read Blocks":0,"Local Dirtied Blocks":0,"Local Written Blocks":0,"Temp Read Blocks":0,"Temp Written Blocks":0,"I/O Read Time":0.0,"I/O Write Time":0.0,"Temp I/O Read Time":0.0,"Temp I/O Write Time":0.0,"Plans":[{"Node Type":"Seq Scan","Parent Relationship":"Outer","Parallel Aware":false,"Async Capable":false,"Relation Name":"nation","Schema":"public","Alias":"n2","Startup Cost":0.0,"Total Cost":1.93,"Plan Rows":2,"Plan Width":12,"Actual Startup Time":0.006,"Actual Total Time":0.01,"Actual Rows":2,"Actual Loops":1,"Output":["n2.n_nationkey","n2.n_name"],"Filter":"(((n2.n_name)::text = 'Cambodia'::text) OR ((n2.n_name)::text = 'Germany'::text))","Rows Removed by Filter":60,"Shared Hit Blocks":1,"Shared Read Blocks":0,"Shared Dirtied Blocks":0,"Shared Written Blocks":0,"Local Hit Blocks":0,"Local Read Blocks":0,"Local Dirtied Blocks":0,"Local Written Blocks":0,"Temp Read Blocks":0,"Temp Written Blocks":0,"I/O Read Time":0.0,"I/O Write Time":0.0,"Temp I/O Read Time":0.0,"Temp I/O Write Time":0.0}]}]}]}]}]}]},"Planning":{"Shared Hit Blocks":12,"Shared Read Blocks":0,"Shared Dirtied Blocks":0,"Shared Written Blocks":0,"Local Hit Blocks":0,"Local Read Blocks":0,"Local Dirtied Blocks":0,"Local Written Blocks":0,"Temp Read Blocks":0,"Temp Written Blocks":0,"I/O Read Time":0.0,"I/O Write Time":0.0,"Temp I/O Read Time":0.0,"Temp I/O Write Time":0.0},"Planning Time":2.775,"Triggers":[],"Execution Time":11312.166}]
[列存组合]: nation, order_line, stock
[{"Plan":{"Node Type":"Aggregate","Strategy":"Sorted","Partial Mode":"Simple","Parallel Aware":false,"Async Capable":false,"Startup Cost":919944.43,"Total Cost":920066.03,"Plan Rows":4422,"Plan Width":72,"Actual Startup Time":6975.865,"Actual Total Time":6977.135,"Actual Rows":6,"Actual Loops":1,"Output":["supplier.su_nationkey","customer.c_nationkey","(EXTRACT(year FROM orders.o_entry_d))","sum(order_line.ol_amount)"],"Group Key":["supplier.su_nationkey","customer.c_nationkey","(EXTRACT(year FROM orders.o_entry_d))"],"Shared Hit Blocks":251882,"Shared Read Blocks":0,"Shared Dirtied Blocks":0,"Shared Written Blocks":0,"Local Hit Blocks":0,"Local Read Blocks":0,"Local Dirtied Blocks":0,"Local Written Blocks":0,"Temp Read Blocks":20587,"Temp Written Blocks":20596,"I/O Read Time":0.0,"I/O Write Time":0.0,"Temp I/O Read Time":31.943,"Temp I/O Write Time":93.18,"Plans":[{"Node Type":"Sort","Parent Relationship":"Outer","Parallel Aware":false,"Async Capable":false,"Startup Cost":919944.43,"Total Cost":919955.48,"Plan Rows":4422,"Plan Width":44,"Actual Startup Time":6975.802,"Actual Total Time":6976.066,"Actual Rows":6043,"Actual Loops":1,"Output":["supplier.su_nationkey","customer.c_nationkey","(EXTRACT(year FROM orders.o_entry_d))","order_line.ol_amount"],"Sort Key":["supplier.su_nationkey","customer.c_nationkey","(EXTRACT(year FROM orders.o_entry_d))"],"Sort Method":"quicksort","Sort Space Used":523,"Sort Space Type":"Memory","Shared Hit Blocks":251882,"Shared Read Blocks":0,"Shared Dirtied Blocks":0,"Shared Written Blocks":0,"Local Hit Blocks":0,"Local Read Blocks":0,"Local Dirtied Blocks":0,"Local Written Blocks":0,"Temp Read Blocks":20587,"Temp Written Blocks":20596,"I/O Read Time":0.0,"I/O Write Time":0.0,"Temp I/O Read Time":31.943,"Temp I/O Write Time":93.18,"Plans":[{"Node Type":"Merge Join","Parent Relationship":"Outer","Parallel Aware":false,"Async Capable":false,"Join Type":"Inner","Startup Cost":915584.28,"Total Cost":919676.67,"Plan Rows":4422,"Plan Width":44,"Actual Startup Time":6823.127,"Actual Total Time":6974.392,"Actual Rows":6043,"Actual Loops":1,"Output":["supplier.su_nationkey","customer.c_nationkey","EXTRACT(year FROM orders.o_entry_d)","order_line.ol_amount"],"Merge Cond":"((orders.o_c_id = customer.c_id) AND (order_line.ol_w_id = customer.c_w_id) AND (order_line.ol_d_id = customer.c_d_id))","Join Filter":"((((n1.n_name)::text = 'Germany'::text) AND ((n2.n_name)::text = 'Cambodia'::text)) OR (((n1.n_name)::text = 'Cambodia'::text) AND ((n2.n_name)::text = 'Germany'::text)))","Rows Removed by Join Filter":5752,"Shared Hit Blocks":251882,"Shared Read Blocks":0,"Shared Dirtied Blocks":0,"Shared Written Blocks":0,"Local Hit Blocks":0,"Local Read Blocks":0,"Local Dirtied Blocks":0,"Local Written Blocks":0,"Temp Read Blocks":20587,"Temp Written Blocks":20596,"I/O Read Time":0.0,"I/O Write Time":0.0,"Temp I/O Read Time":31.943,"Temp I/O Write Time":93.18,"Plans":[{"Node Type":"Sort","Parent Relationship":"Outer","Parallel Aware":false,"Async Capable":false,"Startup Cost":637570.48,"Total Cost":638245.04,"Plan Rows":269824,"Plan Width":36,"Actual Startup Time":5961.799,"Actual Total Time":6032.641,"Actual Rows":242214,"Actual Loops":1,"Output":["supplier.su_nationkey","order_line.ol_amount","order_line.ol_w_id","order_line.ol_d_id","orders.o_entry_d","orders.o_w_id","orders.o_d_id","orders.o_c_id","n1.n_name"],"Sort Key":["orders.o_c_id","order_line.ol_w_id","order_line.ol_d_id"],"Sort Method":"external merge","Sort Space Used":11984,"Sort Space Type":"Disk","Shared Hit Blocks":22277,"Shared Read Blocks":0,"Shared Dirtied Blocks":0,"Shared Written Blocks":0,"Local Hit Blocks":0,"Local Read Blocks":0,"Local Dirtied Blocks":0,"Local Written Blocks":0,"Temp Read Blocks":20042,"Temp Written Blocks":20048,"I/O Read Time":0.0,"I/O Write Time":0.0,"Temp I/O Read Time":31.169,"Temp I/O Write Time":91.054,"Plans":[{"Node Type":"Hash Join","Parent Relationship":"Outer","Parallel Aware":false,"Async Capable":false,"Join Type":"Inner","Startup Cost":159362.06,"Total Cost":605852.11,"Plan Rows":269824,"Plan Width":36,"Actual Startup Time":1361.051,"Actual Total Time":5836.169,"Actual Rows":242214,"Actual Loops":1,"Output":["supplier.su_nationkey","order_line.ol_amount","order_line.ol_w_id","order_line.ol_d_id","orders.o_entry_d","orders.o_w_id","orders.o_d_id","orders.o_c_id","n1.n_name"],"Hash Cond":"((order_line.ol_w_id = orders.o_w_id) AND (order_line.ol_d_id = orders.o_d_id) AND (order_line.ol_o_id = orders.o_id))","Shared Hit Blocks":22277,"Shared Read Blocks":0,"Shared Dirtied Blocks":0,"Shared Written Blocks":0,"Local Hit Blocks":0,"Local Read Blocks":0,"Local Dirtied Blocks":0,"Local Written Blocks":0,"Temp Read Blocks":18544,"Temp Written Blocks":18544,"I/O Read Time":0.0,"I/O Write Time":0.0,"Temp I/O Read Time":28.962,"Temp I/O Write Time":85.524,"Plans":[{"Node Type":"Hash Join","Parent Relationship":"Outer","Parallel Aware":false,"Async Capable":false,"Join Type":"Inner","Startup Cost":29766.98,"Total Cost":452870.88,"Plan Rows":269988,"Plan Width":28,"Actual Startup Time":456.029,"Actual Total Time":4605.384,"Actual Rows":242214,"Actual Loops":1,"Output":["supplier.su_nationkey","order_line.ol_amount","order_line.ol_w_id","order_line.ol_d_id","order_line.ol_o_id","n1.n_name"],"Hash Cond":"(supplier.su_nationkey = n1.n_nationkey)","Shared Hit Blocks":218,"Shared Read Blocks":0,"Shared Dirtied Blocks":0,"Shared Written Blocks":0,"Local Hit Blocks":0,"Local Read Blocks":0,"Local Dirtied Blocks":0,"Local Written Blocks":0,"Temp Read Blocks":0,"Temp Written Blocks":0,"I/O Read Time":0.0,"I/O Write Time":0.0,"Temp I/O Read Time":0.0,"Temp I/O Write Time":0.0,"Plans":[{"Node Type":"Hash Join","Parent Relationship":"Outer","Parallel Aware":false,"Async Capable":false,"Join Type":"Inner","Startup Cost":29765.02,"Total Cost":429396.82,"Plan Rows":8369638,"Plan Width":20,"Actual Startup Time":455.892,"Actual Total Time":4021.89,"Actual Rows":8570498,"Actual Loops":1,"Output":["supplier.su_nationkey","order_line.ol_amount","order_line.ol_w_id","order_line.ol_d_id","order_line.ol_o_id"],"Hash Cond":"(mod((stock.s_w_id * stock.s_i_id), 10000) = supplier.su_suppkey)","Shared Hit Blocks":217,"Shared Read Blocks":0,"Shared Dirtied Blocks":0,"Shared Written Blocks":0,"Local Hit Blocks":0,"Local Read Blocks":0,"Local Dirtied Blocks":0,"Local Written Blocks":0,"Temp Read Blocks":0,"Temp Written Blocks":0,"I/O Read Time":0.0,"I/O Write Time":0.0,"Temp I/O Read Time":0.0,"Temp I/O Write Time":0.0,"Plans":[{"Node Type":"Hash Join","Parent Relationship":"Outer","Parallel Aware":false,"Async Capable":false,"Join Type":"Inner","Startup Cost":29323.02,"Total Cost":404880.91,"Plan Rows":8369638,"Plan Width":22,"Actual Startup Time":453.368,"Actual Total Time":2309.627,"Actual Rows":8570498,"Actual Loops":1,"Output":["stock.s_w_id","stock.s_i_id","order_line.ol_amount","order_line.ol_w_id","order_line.ol_d_id","order_line.ol_o_id"],"Hash Cond":"((order_line.ol_supply_w_id = stock.s_w_id) AND (order_line.ol_i_id = stock.s_i_id))","Rows Removed by Bloom Filter":0,"Shared Hit Blocks":0,"Shared Read Blocks":0,"Shared Dirtied Blocks":0,"Shared Written Blocks":0,"Local Hit Blocks":0,"Local Read Blocks":0,"Local Dirtied Blocks":0,"Local Written Blocks":0,"Temp Read Blocks":0,"Temp Written Blocks":0,"I/O Read Time":0.0,"I/O Write Time":0.0,"Temp I/O Read Time":0.0,"Temp I/O Write Time":0.0,"Plans":[{"Node Type":"Append","Parent Relationship":"Outer","Parallel Aware":false,"Async Capable":false,"Startup Cost":20.0,"Total Cost":230190.58,"Plan Rows":8369638,"Plan Width":22,"Actual Startup Time":12.216,"Actual Total Time":12.224,"Actual Rows":8570498,"Actual Loops":1,"Shared Hit Blocks":0,"Shared Read Blocks":0,"Shared Dirtied Blocks":0,"Shared Written Blocks":0,"Local Hit Blocks":0,"Local Read Blocks":0,"Local Dirtied Blocks":0,"Local Written Blocks":0,"Temp Read Blocks":0,"Temp Written Blocks":0,"I/O Read Time":0.0,"I/O Write Time":0.0,"Temp I/O Read Time":0.0,"Temp I/O Write Time":0.0,"Subplans Removed":0,"Plans":[{"Node Type":"Custom Scan","Parent Relationship":"Member","Custom Plan Provider":"columnar scan","Parallel Aware":false,"Async Capable":false,"Relation Name":"order_line","Schema":"public","Alias":"order_line","Startup Cost":20.0,"Total Cost":230185.68,"Plan Rows":8369621,"Plan Width":22,"Actual Startup Time":12.215,"Actual Total Time":12.217,"Actual Rows":8570498,"Actual Loops":1,"Output":["order_line.ol_amount","order_line.ol_supply_w_id","order_line.ol_i_id","order_line.ol_w_id","order_line.ol_d_id","order_line.ol_o_id"],"Filter":"((order_line.ol_delivery_d <= '1997-01-01 20:10:02.27764'::timestamp without time zone) AND (order_line.ol_delivery_d >= '1995-01-02 20:10:02.27764'::timestamp without time zone))","Rows Removed by Filter":0,"Rows Removed by Columnar Filter":21427234,"Columnar cache search mode":"native","Shared Hit Blocks":0,"Shared Read Blocks":0,"Shared Dirtied Blocks":0,"Shared Written Blocks":0,"Local Hit Blocks":0,"Local Read Blocks":0,"Local Dirtied Blocks":0,"Local Written Blocks":0,"Temp Read Blocks":0,"Temp Written Blocks":0,"I/O Read Time":0.0,"I/O Write Time":0.0,"Temp I/O Read Time":0.0,"Temp I/O Write Time":0.0},{"Node Type":"Seq Scan","Parent Relationship":"Member","Parallel Aware":false,"Async Capable":false,"Relation Name":"order_line","Schema":"public","Alias":"order_line","Startup Cost":0.0,"Total Cost":4.9,"Plan Rows":17,"Plan Width":22,"Actual Startup Time":0.0,"Actual Total Time":0.0,"Actual Rows":0,"Actual Loops":0,"Output":["order_line.ol_amount","order_line.ol_supply_w_id","order_line.ol_i_id","order_line.ol_w_id","order_line.ol_d_id","order_line.ol_o_id"],"Filter":"((order_line.ol_delivery_d <= '1997-01-01 20:10:02.27764'::timestamp without time zone) AND (order_line.ol_delivery_d >= '1995-01-02 20:10:02.27764'::timestamp without time zone))","Rows Removed by Filter":0,"Shared Hit Blocks":0,"Shared Read Blocks":0,"Shared Dirtied Blocks":0,"Shared Written Blocks":0,"Local Hit Blocks":0,"Local Read Blocks":0,"Local Dirtied Blocks":0,"Local Written Blocks":0,"Temp Read Blocks":0,"Temp Written Blocks":0,"I/O Read Time":0.0,"I/O Write Time":0.0,"Temp I/O Read Time":0.0,"Temp I/O Write Time":0.0}]},{"Node Type":"Hash","Parent Relationship":"Inner","Parallel Aware":false,"Async Capable":false,"Startup Cost":195025.67,"Total Cost":195025.67,"Plan Rows":10000162,"Plan Width":6,"Actual Rows":10000000,"Actual Loops":1,"Output":["stock.s_w_id","stock.s_i_id"],"Shared Hit Blocks":0,"Shared Read Blocks":0,"Shared Dirtied Blocks":0,"Shared Written Blocks":0,"Local Hit Blocks":0,"Local Read Blocks":0,"Local Dirtied Blocks":0,"Local Written Blocks":0,"Temp Read Blocks":0,"Temp Written Blocks":0,"I/O Read Time":0.0,"I/O Write Time":0.0,"Temp I/O Read Time":0.0,"Temp I/O Write Time":0.0,"Plans":[{"Node Type":"Append","Parent Relationship":"Outer","Parallel Aware":false,"Async Capable":false,"Startup Cost":20.0,"Total Cost":195025.67,"Plan Rows":10000162,"Plan Width":6,"Actual Startup Time":0.228,"Actual Total Time":0.231,"Actual Rows":10000000,"Actual Loops":1,"Shared Hit Blocks":0,"Shared Read Blocks":0,"Shared Dirtied Blocks":0,"Shared Written Blocks":0,"Local Hit Blocks":0,"Local Read Blocks":0,"Local Dirtied Blocks":0,"Local Written Blocks":0,"Temp Read Blocks":0,"Temp Written Blocks":0,"I/O Read Time":0.0,"I/O Write Time":0.0,"Temp I/O Read Time":0.0,"Temp I/O Write Time":0.0,"Subplans Removed":0,"Plans":[{"Node Type":"Custom Scan","Parent Relationship":"Member","Custom Plan Provider":"columnar scan","Parallel Aware":false,"Async Capable":false,"Relation Name":"stock","Schema":"public","Alias":"stock","Startup Cost":20.0,"Total Cost":195020.05,"Plan Rows":10000000,"Plan Width":6,"Actual Startup Time":0.227,"Actual Total Time":0.228,"Actual Rows":10000000,"Actual Loops":1,"Output":["stock.s_w_id","stock.s_i_id"],"Rows Removed by Columnar Filter":0,"Columnar cache search mode":"native","Shared Hit Blocks":0,"Shared Read Blocks":0,"Shared Dirtied Blocks":0,"Shared Written Blocks":0,"Local Hit Blocks":0,"Local Read Blocks":0,"Local Dirtied Blocks":0,"Local Written Blocks":0,"Temp Read Blocks":0,"Temp Written Blocks":0,"I/O Read Time":0.0,"I/O Write Time":0.0,"Temp I/O Read Time":0.0,"Temp I/O Write Time":0.0},{"Node Type":"Seq Scan","Parent Relationship":"Member","Parallel Aware":false,"Async Capable":false,"Relation Name":"stock","Schema":"public","Alias":"stock","Startup Cost":0.0,"Total Cost":5.62,"Plan Rows":162,"Plan Width":6,"Actual Startup Time":0.0,"Actual Total Time":0.0,"Actual Rows":0,"Actual Loops":0,"Output":["stock.s_w_id","stock.s_i_id"],"Shared Hit Blocks":0,"Shared Read Blocks":0,"Shared Dirtied Blocks":0,"Shared Written Blocks":0,"Local Hit Blocks":0,"Local Read Blocks":0,"Local Dirtied Blocks":0,"Local Written Blocks":0,"Temp Read Blocks":0,"Temp Written Blocks":0,"I/O Read Time":0.0,"I/O Write Time":0.0,"Temp I/O Read Time":0.0,"Temp I/O Write Time":0.0}]}]}]},{"Node Type":"Hash","Parent Relationship":"Inner","Parallel Aware":false,"Async Capable":false,"Startup Cost":317.0,"Total Cost":317.0,"Plan Rows":10000,"Plan Width":8,"Actual Startup Time":2.46,"Actual Total Time":2.461,"Actual Rows":10000,"Actual Loops":1,"Output":["supplier.su_nationkey","supplier.su_suppkey"],"Hash Buckets":16384,"Original Hash Buckets":16384,"Hash Batches":1,"Original Hash Batches":1,"Peak Memory Usage":519,"Shared Hit Blocks":217,"Shared Read Blocks":0,"Shared Dirtied Blocks":0,"Shared Written Blocks":0,"Local Hit Blocks":0,"Local Read Blocks":0,"Local Dirtied Blocks":0,"Local Written Blocks":0,"Temp Read Blocks":0,"Temp Written Blocks":0,"I/O Read Time":0.0,"I/O Write Time":0.0,"Temp I/O Read Time":0.0,"Temp I/O Write Time":0.0,"Plans":[{"Node Type":"Seq Scan","Parent Relationship":"Outer","Parallel Aware":false,"Async Capable":false,"Relation Name":"supplier","Schema":"public","Alias":"supplier","Startup Cost":0.0,"Total Cost":317.0,"Plan Rows":10000,"Plan Width":8,"Actual Startup Time":0.006,"Actual Total Time":1.258,"Actual Rows":10000,"Actual Loops":1,"Output":["supplier.su_nationkey","supplier.su_suppkey"],"Shared Hit Blocks":217,"Shared Read Blocks":0,"Shared Dirtied Blocks":0,"Shared Written Blocks":0,"Local Hit Blocks":0,"Local Read Blocks":0,"Local Dirtied Blocks":0,"Local Written Blocks":0,"Temp Read Blocks":0,"Temp Written Blocks":0,"I/O Read Time":0.0,"I/O Write Time":0.0,"Temp I/O Read Time":0.0,"Temp I/O Write Time":0.0}]}]},{"Node Type":"Hash","Parent Relationship":"Inner","Parallel Aware":false,"Async Capable":false,"Startup Cost":1.93,"Total Cost":1.93,"Plan Rows":2,"Plan Width":12,"Actual Startup Time":0.023,"Actual Total Time":0.024,"Actual Rows":2,"Actual Loops":1,"Output":["n1.n_nationkey","n1.n_name"],"Hash Buckets":1024,"Original Hash Buckets":1024,"Hash Batches":1,"Original Hash Batches":1,"Peak Memory Usage":9,"Shared Hit Blocks":1,"Shared Read Blocks":0,"Shared Dirtied Blocks":0,"Shared Written Blocks":0,"Local Hit Blocks":0,"Local Read Blocks":0,"Local Dirtied Blocks":0,"Local Written Blocks":0,"Temp Read Blocks":0,"Temp Written Blocks":0,"I/O Read Time":0.0,"I/O Write Time":0.0,"Temp I/O Read Time":0.0,"Temp I/O Write Time":0.0,"Plans":[{"Node Type":"Seq Scan","Parent Relationship":"Outer","Parallel Aware":false,"Async Capable":false,"Relation Name":"nation","Schema":"public","Alias":"n1","Startup Cost":0.0,"Total Cost":1.93,"Plan Rows":2,"Plan Width":12,"Actual Startup Time":0.014,"Actual Total Time":0.018,"Actual Rows":2,"Actual Loops":1,"Output":["n1.n_nationkey","n1.n_name"],"Filter":"(((n1.n_name)::text = 'Germany'::text) OR ((n1.n_name)::text = 'Cambodia'::text))","Rows Removed by Filter":60,"Shared Hit Blocks":1,"Shared Read Blocks":0,"Shared Dirtied Blocks":0,"Shared Written Blocks":0,"Local Hit Blocks":0,"Local Read Blocks":0,"Local Dirtied Blocks":0,"Local Written Blocks":0,"Temp Read Blocks":0,"Temp Written Blocks":0,"I/O Read Time":0.0,"I/O Write Time":0.0,"Temp I/O Read Time":0.0,"Temp I/O Write Time":0.0}]}]},{"Node Type":"Hash","Parent Relationship":"Inner","Parallel Aware":false,"Async Capable":false,"Startup Cost":59559.0,"Total Cost":59559.0,"Plan Rows":2998176,"Plan Width":24,"Actual Startup Time":904.004,"Actual Total Time":904.005,"Actual Rows":2997892,"Actual Loops":1,"Output":["orders.o_entry_d","orders.o_w_id","orders.o_d_id","orders.o_id","orders.o_c_id"],"Hash Buckets":131072,"Original Hash Buckets":131072,"Hash Batches":32,"Original Hash Batches":32,"Peak Memory Usage":6539,"Shared Hit Blocks":22059,"Shared Read Blocks":0,"Shared Dirtied Blocks":0,"Shared Written Blocks":0,"Local Hit Blocks":0,"Local Read Blocks":0,"Local Dirtied Blocks":0,"Local Written Blocks":0,"Temp Read Blocks":0,"Temp Written Blocks":16995,"I/O Read Time":0.0,"I/O Write Time":0.0,"Temp I/O Read Time":0.0,"Temp I/O Write Time":75.682,"Plans":[{"Node Type":"Seq Scan","Parent Relationship":"Outer","Parallel Aware":false,"Async Capable":false,"Relation Name":"orders","Schema":"public","Alias":"orders","Startup Cost":0.0,"Total Cost":59559.0,"Plan Rows":2998176,"Plan Width":24,"Actual Startup Time":0.021,"Actual Total Time":364.888,"Actual Rows":2997892,"Actual Loops":1,"Output":["orders.o_entry_d","orders.o_w_id","orders.o_d_id","orders.o_id","orders.o_c_id"],"Filter":"(orders.o_entry_d >= '1992-01-02 20:10:02.27764'::timestamp without time zone)","Rows Removed by Filter":2108,"Shared Hit Blocks":22059,"Shared Read Blocks":0,"Shared Dirtied Blocks":0,"Shared Written Blocks":0,"Local Hit Blocks":0,"Local Read Blocks":0,"Local Dirtied Blocks":0,"Local Written Blocks":0,"Temp Read Blocks":0,"Temp Written Blocks":0,"I/O Read Time":0.0,"I/O Write Time":0.0,"Temp I/O Read Time":0.0,"Temp I/O Write Time":0.0}]}]}]},{"Node Type":"Materialize","Parent Relationship":"Inner","Parallel Aware":false,"Async Capable":false,"Startup Cost":278013.7,"Total Cost":278497.53,"Plan Rows":96766,"Plan Width":20,"Actual Startup Time":861.288,"Actual Total Time":893.892,"Actual Rows":146547,"Actual Loops":1,"Output":["customer.c_nationkey","customer.c_id","customer.c_w_id","customer.c_d_id","n2.n_name"],"Shared Hit Blocks":229605,"Shared Read Blocks":0,"Shared Dirtied Blocks":0,"Shared Written Blocks":0,"Local Hit Blocks":0,"Local Read Blocks":0,"Local Dirtied Blocks":0,"Local Written Blocks":0,"Temp Read Blocks":545,"Temp Written Blocks":548,"I/O Read Time":0.0,"I/O Write Time":0.0,"Temp I/O Read Time":0.775,"Temp I/O Write Time":2.125,"Plans":[{"Node Type":"Sort","Parent Relationship":"Outer","Parallel Aware":false,"Async Capable":false,"Startup Cost":278013.7,"Total Cost":278255.62,"Plan Rows":96766,"Plan Width":20,"Actual Startup Time":861.281,"Actual Total Time":878.153,"Actual Rows":144982,"Actual Loops":1,"Output":["customer.c_nationkey","customer.c_id","customer.c_w_id","customer.c_d_id","n2.n_name"],"Sort Key":["customer.c_id","customer.c_w_id","customer.c_d_id"],"Sort Method":"external merge","Sort Space Used":4360,"Sort Space Type":"Disk","Shared Hit Blocks":229605,"Shared Read Blocks":0,"Shared Dirtied Blocks":0,"Shared Written Blocks":0,"Local Hit Blocks":0,"Local Read Blocks":0,"Local Dirtied Blocks":0,"Local Written Blocks":0,"Temp Read Blocks":545,"Temp Written Blocks":548,"I/O Read Time":0.0,"I/O Write Time":0.0,"Temp I/O Read Time":0.775,"Temp I/O Write Time":2.125,"Plans":[{"Node Type":"Hash Join","Parent Relationship":"Outer","Parallel Aware":false,"Async Capable":false,"Join Type":"Inner","Startup Cost":1.95,"Total Cost":268015.91,"Plan Rows":96766,"Plan Width":20,"Actual Startup Time":0.099,"Actual Total Time":806.603,"Actual Rows":144986,"Actual Loops":1,"Output":["customer.c_nationkey","customer.c_id","customer.c_w_id","customer.c_d_id","n2.n_name"],"Hash Cond":"(customer.c_nationkey = n2.n_nationkey)","Shared Hit Blocks":229605,"Shared Read Blocks":0,"Shared Dirtied Blocks":0,"Shared Written Blocks":0,"Local Hit Blocks":0,"Local Read Blocks":0,"Local Dirtied Blocks":0,"Local Written Blocks":0,"Temp Read Blocks":0,"Temp Written Blocks":0,"I/O Read Time":0.0,"I/O Write Time":0.0,"Temp I/O Read Time":0.0,"Temp I/O Write Time":0.0,"Plans":[{"Node Type":"Seq Scan","Parent Relationship":"Outer","Parallel Aware":false,"Async Capable":false,"Relation Name":"customer","Schema":"public","Alias":"customer","Startup Cost":0.0,"Total Cost":259601.38,"Plan Rows":2999738,"Plan Width":12,"Actual Startup Time":0.026,"Actual Total Time":349.549,"Actual Rows":3000000,"Actual Loops":1,"Output":["customer.c_id","customer.c_d_id","customer.c_w_id","customer.c_nationkey","customer.c_first","customer.c_middle","customer.c_last","customer.c_street_1","customer.c_street_2","customer.c_city","customer.c_state","customer.c_zip","customer.c_phone","customer.c_since","customer.c_credit","customer.c_credit_lim","customer.c_discount","customer.c_balance","customer.c_ytd_payment","customer.c_payment_cnt","customer.c_delivery_cnt","customer.c_data"],"Shared Hit Blocks":229604,"Shared Read Blocks":0,"Shared Dirtied Blocks":0,"Shared Written Blocks":0,"Local Hit Blocks":0,"Local Read Blocks":0,"Local Dirtied Blocks":0,"Local Written Blocks":0,"Temp Read Blocks":0,"Temp Written Blocks":0,"I/O Read Time":0.0,"I/O Write Time":0.0,"Temp I/O Read Time":0.0,"Temp I/O Write Time":0.0},{"Node Type":"Hash","Parent Relationship":"Inner","Parallel Aware":false,"Async Capable":false,"Startup Cost":1.93,"Total Cost":1.93,"Plan Rows":2,"Plan Width":12,"Actual Startup Time":0.025,"Actual Total Time":0.026,"Actual Rows":2,"Actual Loops":1,"Output":["n2.n_nationkey","n2.n_name"],"Hash Buckets":1024,"Original Hash Buckets":1024,"Hash Batches":1,"Original Hash Batches":1,"Peak Memory Usage":9,"Shared Hit Blocks":1,"Shared Read Blocks":0,"Shared Dirtied Blocks":0,"Shared Written Blocks":0,"Local Hit Blocks":0,"Local Read Blocks":0,"Local Dirtied Blocks":0,"Local Written Blocks":0,"Temp Read Blocks":0,"Temp Written Blocks":0,"I/O Read Time":0.0,"I/O Write Time":0.0,"Temp I/O Read Time":0.0,"Temp I/O Write Time":0.0,"Plans":[{"Node Type":"Seq Scan","Parent Relationship":"Outer","Parallel Aware":false,"Async Capable":false,"Relation Name":"nation","Schema":"public","Alias":"n2","Startup Cost":0.0,"Total Cost":1.93,"Plan Rows":2,"Plan Width":12,"Actual Startup Time":0.016,"Actual Total Time":0.021,"Actual Rows":2,"Actual Loops":1,"Output":["n2.n_nationkey","n2.n_name"],"Filter":"(((n2.n_name)::text = 'Cambodia'::text) OR ((n2.n_name)::text = 'Germany'::text))","Rows Removed by Filter":60,"Shared Hit Blocks":1,"Shared Read Blocks":0,"Shared Dirtied Blocks":0,"Shared Written Blocks":0,"Local Hit Blocks":0,"Local Read Blocks":0,"Local Dirtied Blocks":0,"Local Written Blocks":0,"Temp Read Blocks":0,"Temp Written Blocks":0,"I/O Read Time":0.0,"I/O Write Time":0.0,"Temp I/O Read Time":0.0,"Temp I/O Write Time":0.0}]}]}]}]}]}]}]},"Planning":{"Shared Hit Blocks":12,"Shared Read Blocks":0,"Shared Dirtied Blocks":0,"Shared Written Blocks":0,"Local Hit Blocks":0,"Local Read Blocks":0,"Local Dirtied Blocks":0,"Local Written Blocks":0,"Temp Read Blocks":0,"Temp Written Blocks":0,"I/O Read Time":0.0,"I/O Write Time":0.0,"Temp I/O Read Time":0.0,"Temp I/O Write Time":0.0},"Planning Time":3.167,"Triggers":[],"Execution Time":6980.476}]
[列存组合]: nation, order_line, supplier
[{"Plan":{"Node Type":"Aggregate","Strategy":"Sorted","Partial Mode":"Simple","Parallel Aware":false,"Async Capable":false,"Startup Cost":1920153.45,"Total Cost":1920275.05,"Plan Rows":4422,"Plan Width":72,"Actual Startup Time":15452.311,"Actual Total Time":15453.603,"Actual Rows":6,"Actual Loops":1,"Output":["supplier.su_nationkey","customer.c_nationkey","(EXTRACT(year FROM orders.o_entry_d))","sum(order_line.ol_amount)"],"Group Key":["supplier.su_nationkey","customer.c_nationkey","(EXTRACT(year FROM orders.o_entry_d))"],"Shared Hit Blocks":279003,"Shared Read Blocks":0,"Shared Dirtied Blocks":0,"Shared Written Blocks":0,"Local Hit Blocks":0,"Local Read Blocks":0,"Local Dirtied Blocks":0,"Local Written Blocks":0,"Temp Read Blocks":103732,"Temp Written Blocks":103741,"I/O Read Time":0.0,"I/O Write Time":0.0,"Temp I/O Read Time":169.065,"Temp I/O Write Time":471.548,"Plans":[{"Node Type":"Sort","Parent Relationship":"Outer","Parallel Aware":false,"Async Capable":false,"Startup Cost":1920153.45,"Total Cost":1920164.5,"Plan Rows":4422,"Plan Width":44,"Actual Startup Time":15452.252,"Actual Total Time":15452.53,"Actual Rows":6043,"Actual Loops":1,"Output":["supplier.su_nationkey","customer.c_nationkey","(EXTRACT(year FROM orders.o_entry_d))","order_line.ol_amount"],"Sort Key":["supplier.su_nationkey","customer.c_nationkey","(EXTRACT(year FROM orders.o_entry_d))"],"Sort Method":"quicksort","Sort Space Used":523,"Sort Space Type":"Memory","Shared Hit Blocks":279003,"Shared Read Blocks":0,"Shared Dirtied Blocks":0,"Shared Written Blocks":0,"Local Hit Blocks":0,"Local Read Blocks":0,"Local Dirtied Blocks":0,"Local Written Blocks":0,"Temp Read Blocks":103732,"Temp Written Blocks":103741,"I/O Read Time":0.0,"I/O Write Time":0.0,"Temp I/O Read Time":169.065,"Temp I/O Write Time":471.548,"Plans":[{"Node Type":"Merge Join","Parent Relationship":"Outer","Parallel Aware":false,"Async Capable":false,"Join Type":"Inner","Startup Cost":1915793.3,"Total Cost":1919885.68,"Plan Rows":4422,"Plan Width":44,"Actual Startup Time":15299.351,"Actual Total Time":15450.864,"Actual Rows":6043,"Actual Loops":1,"Output":["supplier.su_nationkey","customer.c_nationkey","EXTRACT(year FROM orders.o_entry_d)","order_line.ol_amount"],"Inner Unique":false,"Merge Cond":"((orders.o_c_id = customer.c_id) AND (order_line.ol_w_id = customer.c_w_id) AND (order_line.ol_d_id = customer.c_d_id))","Join Filter":"((((n1.n_name)::text = 'Germany'::text) AND ((n2.n_name)::text = 'Cambodia'::text)) OR (((n1.n_name)::text = 'Cambodia'::text) AND ((n2.n_name)::text = 'Germany'::text)))","Rows Removed by Join Filter":5752,"Shared Hit Blocks":279003,"Shared Read Blocks":0,"Shared Dirtied Blocks":0,"Shared Written Blocks":0,"Local Hit Blocks":0,"Local Read Blocks":0,"Local Dirtied Blocks":0,"Local Written Blocks":0,"Temp Read Blocks":103732,"Temp Written Blocks":103741,"I/O Read Time":0.0,"I/O Write Time":0.0,"Temp I/O Read Time":169.065,"Temp I/O Write Time":471.548,"Plans":[{"Node Type":"Sort","Parent Relationship":"Outer","Parallel Aware":false,"Async Capable":false,"Startup Cost":1637779.5,"Total Cost":1638454.06,"Plan Rows":269824,"Plan Width":36,"Actual Startup Time":14444.02,"Actual Total Time":14514.89,"Actual Rows":242214,"Actual Loops":1,"Output":["supplier.su_nationkey","order_line.ol_amount","order_line.ol_w_id","order_line.ol_d_id","orders.o_entry_d","orders.o_w_id","orders.o_d_id","orders.o_c_id","n1.n_name"],"Sort Key":["orders.o_c_id","order_line.ol_w_id","order_line.ol_d_id"],"Sort Method":"external merge","Sort Space Used":11984,"Sort Space Type":"Disk","Shared Hit Blocks":49398,"Shared Read Blocks":0,"Shared Dirtied Blocks":0,"Shared Written Blocks":0,"Local Hit Blocks":0,"Local Read Blocks":0,"Local Dirtied Blocks":0,"Local Written Blocks":0,"Temp Read Blocks":103187,"Temp Written Blocks":103193,"I/O Read Time":0.0,"I/O Write Time":0.0,"Temp I/O Read Time":168.291,"Temp I/O Write Time":469.431,"Plans":[{"Node Type":"Hash Join","Parent Relationship":"Outer","Parallel Aware":false,"Async Capable":false,"Join Type":"Inner","Startup Cost":578718.35,"Total Cost":1606061.13,"Plan Rows":269824,"Plan Width":36,"Actual Startup Time":2990.068,"Actual Total Time":14316.557,"Actual Rows":242214,"Actual Loops":1,"Output":["supplier.su_nationkey","order_line.ol_amount","order_line.ol_w_id","order_line.ol_d_id","orders.o_entry_d","orders.o_w_id","orders.o_d_id","orders.o_c_id","n1.n_name"],"Inner Unique":true,"Hash Cond":"((order_line.ol_w_id = orders.o_w_id) AND (order_line.ol_d_id = orders.o_d_id) AND (order_line.ol_o_id = orders.o_id))","Shared Hit Blocks":49398,"Shared Read Blocks":0,"Shared Dirtied Blocks":0,"Shared Written Blocks":0,"Local Hit Blocks":0,"Local Read Blocks":0,"Local Dirtied Blocks":0,"Local Written Blocks":0,"Temp Read Blocks":101689,"Temp Written Blocks":101689,"I/O Read Time":0.0,"I/O Write Time":0.0,"Temp I/O Read Time":166.107,"Temp I/O Write Time":463.91,"Plans":[{"Node Type":"Hash Join","Parent Relationship":"Outer","Parallel Aware":false,"Async Capable":false,"Join Type":"Inner","Startup Cost":449123.27,"Total Cost":1453079.9,"Plan Rows":269988,"Plan Width":28,"Actual Startup Time":2082.508,"Actual Total Time":13071.963,"Actual Rows":242214,"Actual Loops":1,"Output":["supplier.su_nationkey","order_line.ol_amount","order_line.ol_w_id","order_line.ol_d_id","order_line.ol_o_id","n1.n_name"],"Inner Unique":true,"Hash Cond":"(supplier.su_nationkey = n1.n_nationkey)","Shared Hit Blocks":27339,"Shared Read Blocks":0,"Shared Dirtied Blocks":0,"Shared Written Blocks":0,"Local Hit Blocks":0,"Local Read Blocks":0,"Local Dirtied Blocks":0,"Local Written Blocks":0,"Temp Read Blocks":83145,"Temp Written Blocks":83145,"I/O Read Time":0.0,"I/O Write Time":0.0,"Temp I/O Read Time":137.075,"Temp I/O Write Time":381.41,"Plans":[{"Node Type":"Hash Join","Parent Relationship":"Outer","Parallel Aware":false,"Async Capable":false,"Join Type":"Inner","Startup Cost":449121.32,"Total Cost":1429605.83,"Plan Rows":8369638,"Plan Width":20,"Actual Startup Time":2080.455,"Actual Total Time":12447.299,"Actual Rows":8570498,"Actual Loops":1,"Output":["supplier.su_nationkey","order_line.ol_amount","order_line.ol_w_id","order_line.ol_d_id","order_line.ol_o_id"],"Inner Unique":true,"Hash Cond":"(mod((stock.s_w_id * stock.s_i_id), 10000) = supplier.su_suppkey)","Shared Hit Blocks":27338,"Shared Read Blocks":0,"Shared Dirtied Blocks":0,"Shared Written Blocks":0,"Local Hit Blocks":0,"Local Read Blocks":0,"Local Dirtied Blocks":0,"Local Written Blocks":0,"Temp Read Blocks":83145,"Temp Written Blocks":83145,"I/O Read Time":0.0,"I/O Write Time":0.0,"Temp I/O Read Time":137.075,"Temp I/O Write Time":381.41,"Plans":[{"Node Type":"Hash Join","Parent Relationship":"Outer","Parallel Aware":false,"Async Capable":false,"Join Type":"Inner","Startup Cost":448777.29,"Total Cost":1405187.91,"Plan Rows":8369638,"Plan Width":22,"Actual Startup Time":2077.367,"Actual Total Time":10691.395,"Actual Rows":8570498,"Actual Loops":1,"Output":["stock.s_w_id","stock.s_i_id","order_line.ol_amount","order_line.ol_w_id","order_line.ol_d_id","order_line.ol_o_id"],"Inner Unique":true,"Hash Cond":"((order_line.ol_supply_w_id = stock.s_w_id) AND (order_line.ol_i_id = stock.s_i_id))","Shared Hit Blocks":27338,"Shared Read Blocks":0,"Shared Dirtied Blocks":0,"Shared Written Blocks":0,"Local Hit Blocks":0,"Local Read Blocks":0,"Local Dirtied Blocks":0,"Local Written Blocks":0,"Temp Read Blocks":83145,"Temp Written Blocks":83145,"I/O Read Time":0.0,"I/O Write Time":0.0,"Temp I/O Read Time":137.075,"Temp I/O Write Time":381.41,"Plans":[{"Node Type":"Append","Parent Relationship":"Outer","Parallel Aware":false,"Async Capable":false,"Startup Cost":20.0,"Total Cost":775344.0,"Plan Rows":8369638,"Plan Width":22,"Actual Startup Time":0.169,"Actual Total Time":1645.636,"Actual Rows":8570498,"Actual Loops":1,"Shared Hit Blocks":0,"Shared Read Blocks":0,"Shared Dirtied Blocks":0,"Shared Written Blocks":0,"Local Hit Blocks":0,"Local Read Blocks":0,"Local Dirtied Blocks":0,"Local Written Blocks":0,"Temp Read Blocks":0,"Temp Written Blocks":0,"I/O Read Time":0.0,"I/O Write Time":0.0,"Temp I/O Read Time":0.0,"Temp I/O Write Time":0.0,"Subplans Removed":0,"Plans":[{"Node Type":"Custom Scan","Parent Relationship":"Member","Custom Plan Provider":"columnar scan","Parallel Aware":false,"Async Capable":false,"Relation Name":"order_line","Schema":"public","Alias":"order_line","Startup Cost":20.0,"Total Cost":230185.68,"Plan Rows":8369621,"Plan Width":22,"Actual Startup Time":0.168,"Actual Total Time":1041.437,"Actual Rows":8570498,"Actual Loops":1,"Output":["order_line.ol_amount","order_line.ol_supply_w_id","order_line.ol_i_id","order_line.ol_w_id","order_line.ol_d_id","order_line.ol_o_id"],"Filter":"((order_line.ol_delivery_d <= '1997-01-01 20:10:02.27764'::timestamp without time zone) AND (order_line.ol_delivery_d >= '1995-01-02 20:10:02.27764'::timestamp without time zone))","Rows Removed by Filter":0,"Rows Removed by Columnar Filter":21427234,"Columnar projection mode":"late materialization","Columnar cache search mode":"native","Shared Hit Blocks":0,"Shared Read Blocks":0,"Shared Dirtied Blocks":0,"Shared Written Blocks":0,"Local Hit Blocks":0,"Local Read Blocks":0,"Local Dirtied Blocks":0,"Local Written Blocks":0,"Temp Read Blocks":0,"Temp Written Blocks":0,"I/O Read Time":0.0,"I/O Write Time":0.0,"Temp I/O Read Time":0.0,"Temp I/O Write Time":0.0},{"Node Type":"Seq Scan","Parent Relationship":"Member","Parallel Aware":false,"Async Capable":false,"Relation Name":"order_line","Schema":"public","Alias":"order_line","Startup Cost":0.0,"Total Cost":4.9,"Plan Rows":17,"Plan Width":22,"Actual Startup Time":0.0,"Actual Total Time":0.0,"Actual Rows":0,"Actual Loops":0,"Output":["order_line.ol_amount","order_line.ol_supply_w_id","order_line.ol_i_id","order_line.ol_w_id","order_line.ol_d_id","order_line.ol_o_id"],"Filter":"((order_line.ol_delivery_d <= '1997-01-01 20:10:02.27764'::timestamp without time zone) AND (order_line.ol_delivery_d >= '1995-01-02 20:10:02.27764'::timestamp without time zone))","Rows Removed by Filter":0,"Shared Hit Blocks":0,"Shared Read Blocks":0,"Shared Dirtied Blocks":0,"Shared Written Blocks":0,"Local Hit Blocks":0,"Local Read Blocks":0,"Local Dirtied Blocks":0,"Local Written Blocks":0,"Temp Read Blocks":0,"Temp Written Blocks":0,"I/O Read Time":0.0,"I/O Write Time":0.0,"Temp I/O Read Time":0.0,"Temp I/O Write Time":0.0}]},{"Node Type":"Hash","Parent Relationship":"Inner","Parallel Aware":false,"Async Capable":false,"Startup Cost":259690.86,"Total Cost":259690.86,"Plan Rows":10000162,"Plan Width":6,"Actual Startup Time":2075.848,"Actual Total Time":2075.851,"Actual Rows":10000000,"Actual Loops":1,"Output":["stock.s_w_id","stock.s_i_id"],"Hash Buckets":262144,"Original Hash Buckets":262144,"Hash Batches":64,"Original Hash Batches":64,"Peak Memory Usage":8133,"Shared Hit Blocks":27338,"Shared Read Blocks":0,"Shared Dirtied Blocks":0,"Shared Written Blocks":0,"Local Hit Blocks":0,"Local Read Blocks":0,"Local Dirtied Blocks":0,"Local Written Blocks":0,"Temp Read Blocks":0,"Temp Written Blocks":33616,"I/O Read Time":0.0,"I/O Write Time":0.0,"Temp I/O Read Time":0.0,"Temp I/O Write Time":149.571,"Plans":[{"Node Type":"Index Only Scan","Parent Relationship":"Outer","Parallel Aware":false,"Async Capable":false,"Scan Direction":"Forward","Index Name":"stock_pk","Relation Name":"stock","Schema":"public","Alias":"stock","Startup Cost":0.43,"Total Cost":259690.86,"Plan Rows":10000162,"Plan Width":6,"Actual Startup Time":0.025,"Actual Total Time":722.103,"Actual Rows":10000000,"Actual Loops":1,"Output":["stock.s_w_id","stock.s_i_id"],"Heap Fetches":0,"Shared Hit Blocks":27338,"Shared Read Blocks":0,"Shared Dirtied Blocks":0,"Shared Written Blocks":0,"Local Hit Blocks":0,"Local Read Blocks":0,"Local Dirtied Blocks":0,"Local Written Blocks":0,"Temp Read Blocks":0,"Temp Written Blocks":0,"I/O Read Time":0.0,"I/O Write Time":0.0,"Temp I/O Read Time":0.0,"Temp I/O Write Time":0.0}]}]},{"Node Type":"Hash","Parent Relationship":"Inner","Parallel Aware":false,"Async Capable":false,"Startup Cost":219.01,"Total Cost":219.01,"Plan Rows":10001,"Plan Width":8,"Actual Startup Time":3.032,"Actual Total Time":3.036,"Actual Rows":10000,"Actual Loops":1,"Output":["supplier.su_nationkey","supplier.su_suppkey"],"Hash Buckets":16384,"Original Hash Buckets":16384,"Hash Batches":1,"Original Hash Batches":1,"Peak Memory Usage":519,"Shared Hit Blocks":0,"Shared Read Blocks":0,"Shared Dirtied Blocks":0,"Shared Written Blocks":0,"Local Hit Blocks":0,"Local Read Blocks":0,"Local Dirtied Blocks":0,"Local Written Blocks":0,"Temp Read Blocks":0,"Temp Written Blocks":0,"I/O Read Time":0.0,"I/O Write Time":0.0,"Temp I/O Read Time":0.0,"Temp I/O Write Time":0.0,"Plans":[{"Node Type":"Append","Parent Relationship":"Outer","Parallel Aware":false,"Async Capable":false,"Startup Cost":20.0,"Total Cost":219.01,"Plan Rows":10001,"Plan Width":8,"Actual Startup Time":0.024,"Actual Total Time":1.827,"Actual Rows":10000,"Actual Loops":1,"Shared Hit Blocks":0,"Shared Read Blocks":0,"Shared Dirtied Blocks":0,"Shared Written Blocks":0,"Local Hit Blocks":0,"Local Read Blocks":0,"Local Dirtied Blocks":0,"Local Written Blocks":0,"Temp Read Blocks":0,"Temp Written Blocks":0,"I/O Read Time":0.0,"I/O Write Time":0.0,"Temp I/O Read Time":0.0,"Temp I/O Write Time":0.0,"Subplans Removed":0,"Plans":[{"Node Type":"Custom Scan","Parent Relationship":"Member","Custom Plan Provider":"columnar scan","Parallel Aware":false,"Async Capable":false,"Relation Name":"supplier","Schema":"public","Alias":"supplier","Startup Cost":20.0,"Total Cost":215.0,"Plan Rows":10000,"Plan Width":8,"Actual Startup Time":0.023,"Actual Total Time":1.101,"Actual Rows":10000,"Actual Loops":1,"Output":["supplier.su_nationkey","supplier.su_suppkey"],"Rows Removed by Columnar Filter":0,"Columnar cache search mode":"native","Shared Hit Blocks":0,"Shared Read Blocks":0,"Shared Dirtied Blocks":0,"Shared Written Blocks":0,"Local Hit Blocks":0,"Local Read Blocks":0,"Local Dirtied Blocks":0,"Local Written Blocks":0,"Temp Read Blocks":0,"Temp Written Blocks":0,"I/O Read Time":0.0,"I/O Write Time":0.0,"Temp I/O Read Time":0.0,"Temp I/O Write Time":0.0},{"Node Type":"Seq Scan","Parent Relationship":"Member","Parallel Aware":false,"Async Capable":false,"Relation Name":"supplier","Schema":"public","Alias":"supplier","Startup Cost":0.0,"Total Cost":4.01,"Plan Rows":1,"Plan Width":8,"Actual Startup Time":0.0,"Actual Total Time":0.0,"Actual Rows":0,"Actual Loops":0,"Output":["supplier.su_nationkey","supplier.su_suppkey"],"Shared Hit Blocks":0,"Shared Read Blocks":0,"Shared Dirtied Blocks":0,"Shared Written Blocks":0,"Local Hit Blocks":0,"Local Read Blocks":0,"Local Dirtied Blocks":0,"Local Written Blocks":0,"Temp Read Blocks":0,"Temp Written Blocks":0,"I/O Read Time":0.0,"I/O Write Time":0.0,"Temp I/O Read Time":0.0,"Temp I/O Write Time":0.0}]}]}]},{"Node Type":"Hash","Parent Relationship":"Inner","Parallel Aware":false,"Async Capable":false,"Startup Cost":1.93,"Total Cost":1.93,"Plan Rows":2,"Plan Width":12,"Actual Startup Time":0.022,"Actual Total Time":0.023,"Actual Rows":2,"Actual Loops":1,"Output":["n1.n_nationkey","n1.n_name"],"Hash Buckets":1024,"Original Hash Buckets":1024,"Hash Batches":1,"Original Hash Batches":1,"Peak Memory Usage":9,"Shared Hit Blocks":1,"Shared Read Blocks":0,"Shared Dirtied Blocks":0,"Shared Written Blocks":0,"Local Hit Blocks":0,"Local Read Blocks":0,"Local Dirtied Blocks":0,"Local Written Blocks":0,"Temp Read Blocks":0,"Temp Written Blocks":0,"I/O Read Time":0.0,"I/O Write Time":0.0,"Temp I/O Read Time":0.0,"Temp I/O Write Time":0.0,"Plans":[{"Node Type":"Seq Scan","Parent Relationship":"Outer","Parallel Aware":false,"Async Capable":false,"Relation Name":"nation","Schema":"public","Alias":"n1","Startup Cost":0.0,"Total Cost":1.93,"Plan Rows":2,"Plan Width":12,"Actual Startup Time":0.014,"Actual Total Time":0.019,"Actual Rows":2,"Actual Loops":1,"Output":["n1.n_nationkey","n1.n_name"],"Filter":"(((n1.n_name)::text = 'Germany'::text) OR ((n1.n_name)::text = 'Cambodia'::text))","Rows Removed by Filter":60,"Shared Hit Blocks":1,"Shared Read Blocks":0,"Shared Dirtied Blocks":0,"Shared Written Blocks":0,"Local Hit Blocks":0,"Local Read Blocks":0,"Local Dirtied Blocks":0,"Local Written Blocks":0,"Temp Read Blocks":0,"Temp Written Blocks":0,"I/O Read Time":0.0,"I/O Write Time":0.0,"Temp I/O Read Time":0.0,"Temp I/O Write Time":0.0}]}]},{"Node Type":"Hash","Parent Relationship":"Inner","Parallel Aware":false,"Async Capable":false,"Startup Cost":59559.0,"Total Cost":59559.0,"Plan Rows":2998176,"Plan Width":24,"Actual Startup Time":899.831,"Actual Total Time":899.832,"Actual Rows":2997892,"Actual Loops":1,"Output":["orders.o_entry_d","orders.o_w_id","orders.o_d_id","orders.o_id","orders.o_c_id"],"Hash Buckets":131072,"Original Hash Buckets":131072,"Hash Batches":32,"Original Hash Batches":32,"Peak Memory Usage":6539,"Shared Hit Blocks":22059,"Shared Read Blocks":0,"Shared Dirtied Blocks":0,"Shared Written Blocks":0,"Local Hit Blocks":0,"Local Read Blocks":0,"Local Dirtied Blocks":0,"Local Written Blocks":0,"Temp Read Blocks":0,"Temp Written Blocks":16995,"I/O Read Time":0.0,"I/O Write Time":0.0,"Temp I/O Read Time":0.0,"Temp I/O Write Time":72.028,"Plans":[{"Node Type":"Seq Scan","Parent Relationship":"Outer","Parallel Aware":false,"Async Capable":false,"Relation Name":"orders","Schema":"public","Alias":"orders","Startup Cost":0.0,"Total Cost":59559.0,"Plan Rows":2998176,"Plan Width":24,"Actual Startup Time":0.012,"Actual Total Time":364.337,"Actual Rows":2997892,"Actual Loops":1,"Output":["orders.o_entry_d","orders.o_w_id","orders.o_d_id","orders.o_id","orders.o_c_id"],"Filter":"(orders.o_entry_d >= '1992-01-02 20:10:02.27764'::timestamp without time zone)","Rows Removed by Filter":2108,"Shared Hit Blocks":22059,"Shared Read Blocks":0,"Shared Dirtied Blocks":0,"Shared Written Blocks":0,"Local Hit Blocks":0,"Local Read Blocks":0,"Local Dirtied Blocks":0,"Local Written Blocks":0,"Temp Read Blocks":0,"Temp Written Blocks":0,"I/O Read Time":0.0,"I/O Write Time":0.0,"Temp I/O Read Time":0.0,"Temp I/O Write Time":0.0}]}]}]},{"Node Type":"Materialize","Parent Relationship":"Inner","Parallel Aware":false,"Async Capable":false,"Startup Cost":278013.7,"Total Cost":278497.53,"Plan Rows":96766,"Plan Width":20,"Actual Startup Time":855.29,"Actual Total Time":887.962,"Actual Rows":146547,"Actual Loops":1,"Output":["customer.c_nationkey","customer.c_id","customer.c_w_id","customer.c_d_id","n2.n_name"],"Shared Hit Blocks":229605,"Shared Read Blocks":0,"Shared Dirtied Blocks":0,"Shared Written Blocks":0,"Local Hit Blocks":0,"Local Read Blocks":0,"Local Dirtied Blocks":0,"Local Written Blocks":0,"Temp Read Blocks":545,"Temp Written Blocks":548,"I/O Read Time":0.0,"I/O Write Time":0.0,"Temp I/O Read Time":0.773,"Temp I/O Write Time":2.118,"Plans":[{"Node Type":"Sort","Parent Relationship":"Outer","Parallel Aware":false,"Async Capable":false,"Startup Cost":278013.7,"Total Cost":278255.62,"Plan Rows":96766,"Plan Width":20,"Actual Startup Time":855.284,"Actual Total Time":872.223,"Actual Rows":144982,"Actual Loops":1,"Output":["customer.c_nationkey","customer.c_id","customer.c_w_id","customer.c_d_id","n2.n_name"],"Sort Key":["customer.c_id","customer.c_w_id","customer.c_d_id"],"Sort Method":"external merge","Sort Space Used":4360,"Sort Space Type":"Disk","Shared Hit Blocks":229605,"Shared Read Blocks":0,"Shared Dirtied Blocks":0,"Shared Written Blocks":0,"Local Hit Blocks":0,"Local Read Blocks":0,"Local Dirtied Blocks":0,"Local Written Blocks":0,"Temp Read Blocks":545,"Temp Written Blocks":548,"I/O Read Time":0.0,"I/O Write Time":0.0,"Temp I/O Read Time":0.773,"Temp I/O Write Time":2.118,"Plans":[{"Node Type":"Hash Join","Parent Relationship":"Outer","Parallel Aware":false,"Async Capable":false,"Join Type":"Inner","Startup Cost":1.95,"Total Cost":268015.91,"Plan Rows":96766,"Plan Width":20,"Actual Startup Time":0.102,"Actual Total Time":800.152,"Actual Rows":144986,"Actual Loops":1,"Output":["customer.c_nationkey","customer.c_id","customer.c_w_id","customer.c_d_id","n2.n_name"],"Inner Unique":true,"Hash Cond":"(customer.c_nationkey = n2.n_nationkey)","Shared Hit Blocks":229605,"Shared Read Blocks":0,"Shared Dirtied Blocks":0,"Shared Written Blocks":0,"Local Hit Blocks":0,"Local Read Blocks":0,"Local Dirtied Blocks":0,"Local Written Blocks":0,"Temp Read Blocks":0,"Temp Written Blocks":0,"I/O Read Time":0.0,"I/O Write Time":0.0,"Temp I/O Read Time":0.0,"Temp I/O Write Time":0.0,"Plans":[{"Node Type":"Seq Scan","Parent Relationship":"Outer","Parallel Aware":false,"Async Capable":false,"Relation Name":"customer","Schema":"public","Alias":"customer","Startup Cost":0.0,"Total Cost":259601.38,"Plan Rows":2999738,"Plan Width":12,"Actual Startup Time":0.027,"Actual Total Time":344.809,"Actual Rows":3000000,"Actual Loops":1,"Output":["customer.c_id","customer.c_d_id","customer.c_w_id","customer.c_nationkey","customer.c_first","customer.c_middle","customer.c_last","customer.c_street_1","customer.c_street_2","customer.c_city","customer.c_state","customer.c_zip","customer.c_phone","customer.c_since","customer.c_credit","customer.c_credit_lim","customer.c_discount","customer.c_balance","customer.c_ytd_payment","customer.c_payment_cnt","customer.c_delivery_cnt","customer.c_data"],"Shared Hit Blocks":229604,"Shared Read Blocks":0,"Shared Dirtied Blocks":0,"Shared Written Blocks":0,"Local Hit Blocks":0,"Local Read Blocks":0,"Local Dirtied Blocks":0,"Local Written Blocks":0,"Temp Read Blocks":0,"Temp Written Blocks":0,"I/O Read Time":0.0,"I/O Write Time":0.0,"Temp I/O Read Time":0.0,"Temp I/O Write Time":0.0},{"Node Type":"Hash","Parent Relationship":"Inner","Parallel Aware":false,"Async Capable":false,"Startup Cost":1.93,"Total Cost":1.93,"Plan Rows":2,"Plan Width":12,"Actual Startup Time":0.025,"Actual Total Time":0.026,"Actual Rows":2,"Actual Loops":1,"Output":["n2.n_nationkey","n2.n_name"],"Hash Buckets":1024,"Original Hash Buckets":1024,"Hash Batches":1,"Original Hash Batches":1,"Peak Memory Usage":9,"Shared Hit Blocks":1,"Shared Read Blocks":0,"Shared Dirtied Blocks":0,"Shared Written Blocks":0,"Local Hit Blocks":0,"Local Read Blocks":0,"Local Dirtied Blocks":0,"Local Written Blocks":0,"Temp Read Blocks":0,"Temp Written Blocks":0,"I/O Read Time":0.0,"I/O Write Time":0.0,"Temp I/O Read Time":0.0,"Temp I/O Write Time":0.0,"Plans":[{"Node Type":"Seq Scan","Parent Relationship":"Outer","Parallel Aware":false,"Async Capable":false,"Relation Name":"nation","Schema":"public","Alias":"n2","Startup Cost":0.0,"Total Cost":1.93,"Plan Rows":2,"Plan Width":12,"Actual Startup Time":0.016,"Actual Total Time":0.021,"Actual Rows":2,"Actual Loops":1,"Output":["n2.n_nationkey","n2.n_name"],"Filter":"(((n2.n_name)::text = 'Cambodia'::text) OR ((n2.n_name)::text = 'Germany'::text))","Rows Removed by Filter":60,"Shared Hit Blocks":1,"Shared Read Blocks":0,"Shared Dirtied Blocks":0,"Shared Written Blocks":0,"Local Hit Blocks":0,"Local Read Blocks":0,"Local Dirtied Blocks":0,"Local Written Blocks":0,"Temp Read Blocks":0,"Temp Written Blocks":0,"I/O Read Time":0.0,"I/O Write Time":0.0,"Temp I/O Read Time":0.0,"Temp I/O Write Time":0.0}]}]}]}]}]}]}]},"Planning":{"Shared Hit Blocks":12,"Shared Read Blocks":0,"Shared Dirtied Blocks":0,"Shared Written Blocks":0,"Local Hit Blocks":0,"Local Read Blocks":0,"Local Dirtied Blocks":0,"Local Written Blocks":0,"Temp Read Blocks":0,"Temp Written Blocks":0,"I/O Read Time":0.0,"I/O Write Time":0.0,"Temp I/O Read Time":0.0,"Temp I/O Write Time":0.0},"Planning Time":2.839,"Triggers":[],"Execution Time":15456.544}]
[列存组合]: nation, orders, stock
[{"Plan":{"Node Type":"Aggregate","Strategy":"Sorted","Partial Mode":"Simple","Parallel Aware":false,"Async Capable":false,"Startup Cost":1935758.3,"Total Cost":1935879.91,"Plan Rows":4422,"Plan Width":72,"Actual Startup Time":13966.575,"Actual Total Time":13967.838,"Actual Rows":6,"Actual Loops":1,"Output":["supplier.su_nationkey","customer.c_nationkey","(EXTRACT(year FROM orders.o_entry_d))","sum(order_line.ol_amount)"],"Group Key":["supplier.su_nationkey","customer.c_nationkey","(EXTRACT(year FROM orders.o_entry_d))"],"Shared Hit Blocks":620104,"Shared Read Blocks":0,"Shared Dirtied Blocks":0,"Shared Written Blocks":0,"Local Hit Blocks":0,"Local Read Blocks":0,"Local Dirtied Blocks":0,"Local Written Blocks":0,"Temp Read Blocks":99613,"Temp Written Blocks":99622,"I/O Read Time":0.0,"I/O Write Time":0.0,"Temp I/O Read Time":159.024,"Temp I/O Write Time":455.966,"Plans":[{"Node Type":"Sort","Parent Relationship":"Outer","Parallel Aware":false,"Async Capable":false,"Startup Cost":1935758.3,"Total Cost":1935769.36,"Plan Rows":4422,"Plan Width":44,"Actual Startup Time":13966.517,"Actual Total Time":13966.773,"Actual Rows":6043,"Actual Loops":1,"Output":["supplier.su_nationkey","customer.c_nationkey","(EXTRACT(year FROM orders.o_entry_d))","order_line.ol_amount"],"Sort Key":["supplier.su_nationkey","customer.c_nationkey","(EXTRACT(year FROM orders.o_entry_d))"],"Sort Method":"quicksort","Sort Space Used":523,"Sort Space Type":"Memory","Shared Hit Blocks":620104,"Shared Read Blocks":0,"Shared Dirtied Blocks":0,"Shared Written Blocks":0,"Local Hit Blocks":0,"Local Read Blocks":0,"Local Dirtied Blocks":0,"Local Written Blocks":0,"Temp Read Blocks":99613,"Temp Written Blocks":99622,"I/O Read Time":0.0,"I/O Write Time":0.0,"Temp I/O Read Time":159.024,"Temp I/O Write Time":455.966,"Plans":[{"Node Type":"Merge Join","Parent Relationship":"Outer","Parallel Aware":false,"Async Capable":false,"Join Type":"Inner","Startup Cost":1931398.16,"Total Cost":1935490.54,"Plan Rows":4422,"Plan Width":44,"Actual Startup Time":13812.765,"Actual Total Time":13965.089,"Actual Rows":6043,"Actual Loops":1,"Output":["supplier.su_nationkey","customer.c_nationkey","EXTRACT(year FROM orders.o_entry_d)","order_line.ol_amount"],"Inner Unique":false,"Merge Cond":"((orders.o_c_id = customer.c_id) AND (order_line.ol_w_id = customer.c_w_id) AND (order_line.ol_d_id = customer.c_d_id))","Join Filter":"((((n1.n_name)::text = 'Germany'::text) AND ((n2.n_name)::text = 'Cambodia'::text)) OR (((n1.n_name)::text = 'Cambodia'::text) AND ((n2.n_name)::text = 'Germany'::text)))","Rows Removed by Join Filter":5752,"Shared Hit Blocks":620104,"Shared Read Blocks":0,"Shared Dirtied Blocks":0,"Shared Written Blocks":0,"Local Hit Blocks":0,"Local Read Blocks":0,"Local Dirtied Blocks":0,"Local Written Blocks":0,"Temp Read Blocks":99613,"Temp Written Blocks":99622,"I/O Read Time":0.0,"I/O Write Time":0.0,"Temp I/O Read Time":159.024,"Temp I/O Write Time":455.966,"Plans":[{"Node Type":"Sort","Parent Relationship":"Outer","Parallel Aware":false,"Async Capable":false,"Startup Cost":1653384.35,"Total Cost":1654058.91,"Plan Rows":269824,"Plan Width":36,"Actual Startup Time":12947.938,"Actual Total Time":13019.798,"Actual Rows":242214,"Actual Loops":1,"Output":["supplier.su_nationkey","order_line.ol_amount","order_line.ol_w_id","order_line.ol_d_id","orders.o_entry_d","orders.o_w_id","orders.o_d_id","orders.o_c_id","n1.n_name"],"Sort Key":["orders.o_c_id","order_line.ol_w_id","order_line.ol_d_id"],"Sort Method":"external merge","Sort Space Used":11984,"Sort Space Type":"Disk","Shared Hit Blocks":390499,"Shared Read Blocks":0,"Shared Dirtied Blocks":0,"Shared Written Blocks":0,"Local Hit Blocks":0,"Local Read Blocks":0,"Local Dirtied Blocks":0,"Local Written Blocks":0,"Temp Read Blocks":99068,"Temp Written Blocks":99074,"I/O Read Time":0.0,"I/O Write Time":0.0,"Temp I/O Read Time":158.23,"Temp I/O Write Time":453.798,"Plans":[{"Node Type":"Hash Join","Parent Relationship":"Outer","Parallel Aware":false,"Async Capable":false,"Join Type":"Inner","Startup Cost":578796.33,"Total Cost":1621665.99,"Plan Rows":269824,"Plan Width":36,"Actual Startup Time":3020.678,"Actual Total Time":12821.471,"Actual Rows":242214,"Actual Loops":1,"Output":["supplier.su_nationkey","order_line.ol_amount","order_line.ol_w_id","order_line.ol_d_id","orders.o_entry_d","orders.o_w_id","orders.o_d_id","orders.o_c_id","n1.n_name"],"Inner Unique":true,"Hash Cond":"((order_line.ol_w_id = orders.o_w_id) AND (order_line.ol_d_id = orders.o_d_id) AND (order_line.ol_o_id = orders.o_id))","Shared Hit Blocks":390499,"Shared Read Blocks":0,"Shared Dirtied Blocks":0,"Shared Written Blocks":0,"Local Hit Blocks":0,"Local Read Blocks":0,"Local Dirtied Blocks":0,"Local Written Blocks":0,"Temp Read Blocks":97570,"Temp Written Blocks":97570,"I/O Read Time":0.0,"I/O Write Time":0.0,"Temp I/O Read Time":156.02,"Temp I/O Write Time":448.298,"Plans":[{"Node Type":"Hash Join","Parent Relationship":"Outer","Parallel Aware":false,"Async Capable":false,"Join Type":"Inner","Startup Cost":449201.25,"Total Cost":1468684.75,"Plan Rows":269988,"Plan Width":28,"Actual Startup Time":2112.122,"Actual Total Time":11586.374,"Actual Rows":242214,"Actual Loops":1,"Output":["supplier.su_nationkey","order_line.ol_amount","order_line.ol_w_id","order_line.ol_d_id","order_line.ol_o_id","n1.n_name"],"Inner Unique":true,"Hash Cond":"(supplier.su_nationkey = n1.n_nationkey)","Shared Hit Blocks":368440,"Shared Read Blocks":0,"Shared Dirtied Blocks":0,"Shared Written Blocks":0,"Local Hit Blocks":0,"Local Read Blocks":0,"Local Dirtied Blocks":0,"Local Written Blocks":0,"Temp Read Blocks":79026,"Temp Written Blocks":79026,"I/O Read Time":0.0,"I/O Write Time":0.0,"Temp I/O Read Time":127.066,"Temp I/O Write Time":363.334,"Plans":[{"Node Type":"Hash Join","Parent Relationship":"Outer","Parallel Aware":false,"Async Capable":false,"Join Type":"Inner","Startup Cost":449199.29,"Total Cost":1445210.69,"Plan Rows":8369638,"Plan Width":20,"Actual Startup Time":2110.24,"Actual Total Time":10988.826,"Actual Rows":8570498,"Actual Loops":1,"Output":["supplier.su_nationkey","order_line.ol_amount","order_line.ol_w_id","order_line.ol_d_id","order_line.ol_o_id"],"Inner Unique":true,"Hash Cond":"(mod((stock.s_w_id * stock.s_i_id), 10000) = supplier.su_suppkey)","Shared Hit Blocks":368439,"Shared Read Blocks":0,"Shared Dirtied Blocks":0,"Shared Written Blocks":0,"Local Hit Blocks":0,"Local Read Blocks":0,"Local Dirtied Blocks":0,"Local Written Blocks":0,"Temp Read Blocks":79026,"Temp Written Blocks":79026,"I/O Read Time":0.0,"I/O Write Time":0.0,"Temp I/O Read Time":127.066,"Temp I/O Write Time":363.334,"Plans":[{"Node Type":"Hash Join","Parent Relationship":"Outer","Parallel Aware":false,"Async Capable":false,"Join Type":"Inner","Startup Cost":448757.29,"Total Cost":1420694.79,"Plan Rows":8369638,"Plan Width":22,"Actual Startup Time":2107.716,"Actual Total Time":9306.928,"Actual Rows":8570498,"Actual Loops":1,"Output":["stock.s_w_id","stock.s_i_id","order_line.ol_amount","order_line.ol_w_id","order_line.ol_d_id","order_line.ol_o_id"],"Inner Unique":true,"Hash Cond":"((order_line.ol_supply_w_id = stock.s_w_id) AND (order_line.ol_i_id = stock.s_i_id))","Shared Hit Blocks":368222,"Shared Read Blocks":0,"Shared Dirtied Blocks":0,"Shared Written Blocks":0,"Local Hit Blocks":0,"Local Read Blocks":0,"Local Dirtied Blocks":0,"Local Written Blocks":0,"Temp Read Blocks":79026,"Temp Written Blocks":79026,"I/O Read Time":0.0,"I/O Write Time":0.0,"Temp I/O Read Time":127.066,"Temp I/O Write Time":363.334,"Plans":[{"Node Type":"Seq Scan","Parent Relationship":"Outer","Parallel Aware":false,"Async Capable":false,"Relation Name":"order_line","Schema":"public","Alias":"order_line","Startup Cost":0.0,"Total Cost":790850.88,"Plan Rows":8369638,"Plan Width":22,"Actual Startup Time":13.076,"Actual Total Time":2833.504,"Actual Rows":8570498,"Actual Loops":1,"Output":["order_line.ol_amount","order_line.ol_supply_w_id","order_line.ol_i_id","order_line.ol_w_id","order_line.ol_d_id","order_line.ol_o_id"],"Filter":"((order_line.ol_delivery_d >= '1995-01-02 20:10:02.27764'::timestamp without time zone) AND (order_line.ol_delivery_d <= '1997-01-01 20:10:02.27764'::timestamp without time zone))","Rows Removed by Filter":21427234,"Shared Hit Blocks":340884,"Shared Read Blocks":0,"Shared Dirtied Blocks":0,"Shared Written Blocks":0,"Local Hit Blocks":0,"Local Read Blocks":0,"Local Dirtied Blocks":0,"Local Written Blocks":0,"Temp Read Blocks":0,"Temp Written Blocks":0,"I/O Read Time":0.0,"I/O Write Time":0.0,"Temp I/O Read Time":0.0,"Temp I/O Write Time":0.0},{"Node Type":"Hash","Parent Relationship":"Inner","Parallel Aware":false,"Async Capable":false,"Startup Cost":259690.86,"Total Cost":259690.86,"Plan Rows":10000162,"Plan Width":6,"Actual Startup Time":2093.157,"Actual Total Time":2093.159,"Actual Rows":10000000,"Actual Loops":1,"Output":["stock.s_w_id","stock.s_i_id"],"Hash Buckets":262144,"Original Hash Buckets":262144,"Hash Batches":64,"Original Hash Batches":64,"Peak Memory Usage":8133,"Shared Hit Blocks":27338,"Shared Read Blocks":0,"Shared Dirtied Blocks":0,"Shared Written Blocks":0,"Local Hit Blocks":0,"Local Read Blocks":0,"Local Dirtied Blocks":0,"Local Written Blocks":0,"Temp Read Blocks":0,"Temp Written Blocks":33616,"I/O Read Time":0.0,"I/O Write Time":0.0,"Temp I/O Read Time":0.0,"Temp I/O Write Time":152.024,"Plans":[{"Node Type":"Index Only Scan","Parent Relationship":"Outer","Parallel Aware":false,"Async Capable":false,"Scan Direction":"Forward","Index Name":"stock_pk","Relation Name":"stock","Schema":"public","Alias":"stock","Startup Cost":0.43,"Total Cost":259690.86,"Plan Rows":10000162,"Plan Width":6,"Actual Startup Time":0.025,"Actual Total Time":723.186,"Actual Rows":10000000,"Actual Loops":1,"Output":["stock.s_w_id","stock.s_i_id"],"Heap Fetches":0,"Shared Hit Blocks":27338,"Shared Read Blocks":0,"Shared Dirtied Blocks":0,"Shared Written Blocks":0,"Local Hit Blocks":0,"Local Read Blocks":0,"Local Dirtied Blocks":0,"Local Written Blocks":0,"Temp Read Blocks":0,"Temp Written Blocks":0,"I/O Read Time":0.0,"I/O Write Time":0.0,"Temp I/O Read Time":0.0,"Temp I/O Write Time":0.0}]}]},{"Node Type":"Hash","Parent Relationship":"Inner","Parallel Aware":false,"Async Capable":false,"Startup Cost":317.0,"Total Cost":317.0,"Plan Rows":10000,"Plan Width":8,"Actual Startup Time":2.477,"Actual Total Time":2.477,"Actual Rows":10000,"Actual Loops":1,"Output":["supplier.su_nationkey","supplier.su_suppkey"],"Hash Buckets":16384,"Original Hash Buckets":16384,"Hash Batches":1,"Original Hash Batches":1,"Peak Memory Usage":519,"Shared Hit Blocks":217,"Shared Read Blocks":0,"Shared Dirtied Blocks":0,"Shared Written Blocks":0,"Local Hit Blocks":0,"Local Read Blocks":0,"Local Dirtied Blocks":0,"Local Written Blocks":0,"Temp Read Blocks":0,"Temp Written Blocks":0,"I/O Read Time":0.0,"I/O Write Time":0.0,"Temp I/O Read Time":0.0,"Temp I/O Write Time":0.0,"Plans":[{"Node Type":"Seq Scan","Parent Relationship":"Outer","Parallel Aware":false,"Async Capable":false,"Relation Name":"supplier","Schema":"public","Alias":"supplier","Startup Cost":0.0,"Total Cost":317.0,"Plan Rows":10000,"Plan Width":8,"Actual Startup Time":0.006,"Actual Total Time":1.248,"Actual Rows":10000,"Actual Loops":1,"Output":["supplier.su_nationkey","supplier.su_suppkey"],"Shared Hit Blocks":217,"Shared Read Blocks":0,"Shared Dirtied Blocks":0,"Shared Written Blocks":0,"Local Hit Blocks":0,"Local Read Blocks":0,"Local Dirtied Blocks":0,"Local Written Blocks":0,"Temp Read Blocks":0,"Temp Written Blocks":0,"I/O Read Time":0.0,"I/O Write Time":0.0,"Temp I/O Read Time":0.0,"Temp I/O Write Time":0.0}]}]},{"Node Type":"Hash","Parent Relationship":"Inner","Parallel Aware":false,"Async Capable":false,"Startup Cost":1.93,"Total Cost":1.93,"Plan Rows":2,"Plan Width":12,"Actual Startup Time":0.021,"Actual Total Time":0.022,"Actual Rows":2,"Actual Loops":1,"Output":["n1.n_nationkey","n1.n_name"],"Hash Buckets":1024,"Original Hash Buckets":1024,"Hash Batches":1,"Original Hash Batches":1,"Peak Memory Usage":9,"Shared Hit Blocks":1,"Shared Read Blocks":0,"Shared Dirtied Blocks":0,"Shared Written Blocks":0,"Local Hit Blocks":0,"Local Read Blocks":0,"Local Dirtied Blocks":0,"Local Written Blocks":0,"Temp Read Blocks":0,"Temp Written Blocks":0,"I/O Read Time":0.0,"I/O Write Time":0.0,"Temp I/O Read Time":0.0,"Temp I/O Write Time":0.0,"Plans":[{"Node Type":"Seq Scan","Parent Relationship":"Outer","Parallel Aware":false,"Async Capable":false,"Relation Name":"nation","Schema":"public","Alias":"n1","Startup Cost":0.0,"Total Cost":1.93,"Plan Rows":2,"Plan Width":12,"Actual Startup Time":0.014,"Actual Total Time":0.018,"Actual Rows":2,"Actual Loops":1,"Output":["n1.n_nationkey","n1.n_name"],"Filter":"(((n1.n_name)::text = 'Germany'::text) OR ((n1.n_name)::text = 'Cambodia'::text))","Rows Removed by Filter":60,"Shared Hit Blocks":1,"Shared Read Blocks":0,"Shared Dirtied Blocks":0,"Shared Written Blocks":0,"Local Hit Blocks":0,"Local Read Blocks":0,"Local Dirtied Blocks":0,"Local Written Blocks":0,"Temp Read Blocks":0,"Temp Written Blocks":0,"I/O Read Time":0.0,"I/O Write Time":0.0,"Temp I/O Read Time":0.0,"Temp I/O Write Time":0.0}]}]},{"Node Type":"Hash","Parent Relationship":"Inner","Parallel Aware":false,"Async Capable":false,"Startup Cost":59559.0,"Total Cost":59559.0,"Plan Rows":2998176,"Plan Width":24,"Actual Startup Time":900.539,"Actual Total Time":900.54,"Actual Rows":2997892,"Actual Loops":1,"Output":["orders.o_entry_d","orders.o_w_id","orders.o_d_id","orders.o_id","orders.o_c_id"],"Hash Buckets":131072,"Original Hash Buckets":131072,"Hash Batches":32,"Original Hash Batches":32,"Peak Memory Usage":6539,"Shared Hit Blocks":22059,"Shared Read Blocks":0,"Shared Dirtied Blocks":0,"Shared Written Blocks":0,"Local Hit Blocks":0,"Local Read Blocks":0,"Local Dirtied Blocks":0,"Local Written Blocks":0,"Temp Read Blocks":0,"Temp Written Blocks":16995,"I/O Read Time":0.0,"I/O Write Time":0.0,"Temp I/O Read Time":0.0,"Temp I/O Write Time":75.71,"Plans":[{"Node Type":"Seq Scan","Parent Relationship":"Outer","Parallel Aware":false,"Async Capable":false,"Relation Name":"orders","Schema":"public","Alias":"orders","Startup Cost":0.0,"Total Cost":59559.0,"Plan Rows":2998176,"Plan Width":24,"Actual Startup Time":0.013,"Actual Total Time":364.824,"Actual Rows":2997892,"Actual Loops":1,"Output":["orders.o_entry_d","orders.o_w_id","orders.o_d_id","orders.o_id","orders.o_c_id"],"Filter":"(orders.o_entry_d >= '1992-01-02 20:10:02.27764'::timestamp without time zone)","Rows Removed by Filter":2108,"Shared Hit Blocks":22059,"Shared Read Blocks":0,"Shared Dirtied Blocks":0,"Shared Written Blocks":0,"Local Hit Blocks":0,"Local Read Blocks":0,"Local Dirtied Blocks":0,"Local Written Blocks":0,"Temp Read Blocks":0,"Temp Written Blocks":0,"I/O Read Time":0.0,"I/O Write Time":0.0,"Temp I/O Read Time":0.0,"Temp I/O Write Time":0.0}]}]}]},{"Node Type":"Materialize","Parent Relationship":"Inner","Parallel Aware":false,"Async Capable":false,"Startup Cost":278013.7,"Total Cost":278497.53,"Plan Rows":96766,"Plan Width":20,"Actual Startup Time":864.784,"Actual Total Time":897.524,"Actual Rows":146547,"Actual Loops":1,"Output":["customer.c_nationkey","customer.c_id","customer.c_w_id","customer.c_d_id","n2.n_name"],"Shared Hit Blocks":229605,"Shared Read Blocks":0,"Shared Dirtied Blocks":0,"Shared Written Blocks":0,"Local Hit Blocks":0,"Local Read Blocks":0,"Local Dirtied Blocks":0,"Local Written Blocks":0,"Temp Read Blocks":545,"Temp Written Blocks":548,"I/O Read Time":0.0,"I/O Write Time":0.0,"Temp I/O Read Time":0.795,"Temp I/O Write Time":2.168,"Plans":[{"Node Type":"Sort","Parent Relationship":"Outer","Parallel Aware":false,"Async Capable":false,"Startup Cost":278013.7,"Total Cost":278255.62,"Plan Rows":96766,"Plan Width":20,"Actual Startup Time":864.776,"Actual Total Time":881.742,"Actual Rows":144982,"Actual Loops":1,"Output":["customer.c_nationkey","customer.c_id","customer.c_w_id","customer.c_d_id","n2.n_name"],"Sort Key":["customer.c_id","customer.c_w_id","customer.c_d_id"],"Sort Method":"external merge","Sort Space Used":4360,"Sort Space Type":"Disk","Shared Hit Blocks":229605,"Shared Read Blocks":0,"Shared Dirtied Blocks":0,"Shared Written Blocks":0,"Local Hit Blocks":0,"Local Read Blocks":0,"Local Dirtied Blocks":0,"Local Written Blocks":0,"Temp Read Blocks":545,"Temp Written Blocks":548,"I/O Read Time":0.0,"I/O Write Time":0.0,"Temp I/O Read Time":0.795,"Temp I/O Write Time":2.168,"Plans":[{"Node Type":"Hash Join","Parent Relationship":"Outer","Parallel Aware":false,"Async Capable":false,"Join Type":"Inner","Startup Cost":1.95,"Total Cost":268015.91,"Plan Rows":96766,"Plan Width":20,"Actual Startup Time":0.1,"Actual Total Time":810.212,"Actual Rows":144986,"Actual Loops":1,"Output":["customer.c_nationkey","customer.c_id","customer.c_w_id","customer.c_d_id","n2.n_name"],"Inner Unique":true,"Hash Cond":"(customer.c_nationkey = n2.n_nationkey)","Shared Hit Blocks":229605,"Shared Read Blocks":0,"Shared Dirtied Blocks":0,"Shared Written Blocks":0,"Local Hit Blocks":0,"Local Read Blocks":0,"Local Dirtied Blocks":0,"Local Written Blocks":0,"Temp Read Blocks":0,"Temp Written Blocks":0,"I/O Read Time":0.0,"I/O Write Time":0.0,"Temp I/O Read Time":0.0,"Temp I/O Write Time":0.0,"Plans":[{"Node Type":"Seq Scan","Parent Relationship":"Outer","Parallel Aware":false,"Async Capable":false,"Relation Name":"customer","Schema":"public","Alias":"customer","Startup Cost":0.0,"Total Cost":259601.38,"Plan Rows":2999738,"Plan Width":12,"Actual Startup Time":0.028,"Actual Total Time":353.02,"Actual Rows":3000000,"Actual Loops":1,"Output":["customer.c_id","customer.c_d_id","customer.c_w_id","customer.c_nationkey","customer.c_first","customer.c_middle","customer.c_last","customer.c_street_1","customer.c_street_2","customer.c_city","customer.c_state","customer.c_zip","customer.c_phone","customer.c_since","customer.c_credit","customer.c_credit_lim","customer.c_discount","customer.c_balance","customer.c_ytd_payment","customer.c_payment_cnt","customer.c_delivery_cnt","customer.c_data"],"Shared Hit Blocks":229604,"Shared Read Blocks":0,"Shared Dirtied Blocks":0,"Shared Written Blocks":0,"Local Hit Blocks":0,"Local Read Blocks":0,"Local Dirtied Blocks":0,"Local Written Blocks":0,"Temp Read Blocks":0,"Temp Written Blocks":0,"I/O Read Time":0.0,"I/O Write Time":0.0,"Temp I/O Read Time":0.0,"Temp I/O Write Time":0.0},{"Node Type":"Hash","Parent Relationship":"Inner","Parallel Aware":false,"Async Capable":false,"Startup Cost":1.93,"Total Cost":1.93,"Plan Rows":2,"Plan Width":12,"Actual Startup Time":0.025,"Actual Total Time":0.026,"Actual Rows":2,"Actual Loops":1,"Output":["n2.n_nationkey","n2.n_name"],"Hash Buckets":1024,"Original Hash Buckets":1024,"Hash Batches":1,"Original Hash Batches":1,"Peak Memory Usage":9,"Shared Hit Blocks":1,"Shared Read Blocks":0,"Shared Dirtied Blocks":0,"Shared Written Blocks":0,"Local Hit Blocks":0,"Local Read Blocks":0,"Local Dirtied Blocks":0,"Local Written Blocks":0,"Temp Read Blocks":0,"Temp Written Blocks":0,"I/O Read Time":0.0,"I/O Write Time":0.0,"Temp I/O Read Time":0.0,"Temp I/O Write Time":0.0,"Plans":[{"Node Type":"Seq Scan","Parent Relationship":"Outer","Parallel Aware":false,"Async Capable":false,"Relation Name":"nation","Schema":"public","Alias":"n2","Startup Cost":0.0,"Total Cost":1.93,"Plan Rows":2,"Plan Width":12,"Actual Startup Time":0.016,"Actual Total Time":0.021,"Actual Rows":2,"Actual Loops":1,"Output":["n2.n_nationkey","n2.n_name"],"Filter":"(((n2.n_name)::text = 'Cambodia'::text) OR ((n2.n_name)::text = 'Germany'::text))","Rows Removed by Filter":60,"Shared Hit Blocks":1,"Shared Read Blocks":0,"Shared Dirtied Blocks":0,"Shared Written Blocks":0,"Local Hit Blocks":0,"Local Read Blocks":0,"Local Dirtied Blocks":0,"Local Written Blocks":0,"Temp Read Blocks":0,"Temp Written Blocks":0,"I/O Read Time":0.0,"I/O Write Time":0.0,"Temp I/O Read Time":0.0,"Temp I/O Write Time":0.0}]}]}]}]}]}]}]},"Planning":{"Shared Hit Blocks":12,"Shared Read Blocks":0,"Shared Dirtied Blocks":0,"Shared Written Blocks":0,"Local Hit Blocks":0,"Local Read Blocks":0,"Local Dirtied Blocks":0,"Local Written Blocks":0,"Temp Read Blocks":0,"Temp Written Blocks":0,"I/O Read Time":0.0,"I/O Write Time":0.0,"Temp I/O Read Time":0.0,"Temp I/O Write Time":0.0},"Planning Time":2.899,"Triggers":[],"Execution Time":13970.794}]
[列存组合]: nation, orders, supplier
[{"Plan":{"Node Type":"Aggregate","Strategy":"Sorted","Partial Mode":"Simple","Parallel Aware":false,"Async Capable":false,"Startup Cost":1935660.33,"Total Cost":1935781.93,"Plan Rows":4422,"Plan Width":72,"Actual Startup Time":13941.387,"Actual Total Time":13942.659,"Actual Rows":6,"Actual Loops":1,"Output":["supplier.su_nationkey","customer.c_nationkey","(EXTRACT(year FROM orders.o_entry_d))","sum(order_line.ol_amount)"],"Group Key":["supplier.su_nationkey","customer.c_nationkey","(EXTRACT(year FROM orders.o_entry_d))"],"Shared Hit Blocks":619887,"Shared Read Blocks":0,"Shared Dirtied Blocks":0,"Shared Written Blocks":0,"Local Hit Blocks":0,"Local Read Blocks":0,"Local Dirtied Blocks":0,"Local Written Blocks":0,"Temp Read Blocks":99613,"Temp Written Blocks":99622,"I/O Read Time":0.0,"I/O Write Time":0.0,"Temp I/O Read Time":159.51,"Temp I/O Write Time":443.762,"Plans":[{"Node Type":"Sort","Parent Relationship":"Outer","Parallel Aware":false,"Async Capable":false,"Startup Cost":1935660.33,"Total Cost":1935671.38,"Plan Rows":4422,"Plan Width":44,"Actual Startup Time":13941.327,"Actual Total Time":13941.587,"Actual Rows":6043,"Actual Loops":1,"Output":["supplier.su_nationkey","customer.c_nationkey","(EXTRACT(year FROM orders.o_entry_d))","order_line.ol_amount"],"Sort Key":["supplier.su_nationkey","customer.c_nationkey","(EXTRACT(year FROM orders.o_entry_d))"],"Sort Method":"quicksort","Sort Space Used":523,"Sort Space Type":"Memory","Shared Hit Blocks":619887,"Shared Read Blocks":0,"Shared Dirtied Blocks":0,"Shared Written Blocks":0,"Local Hit Blocks":0,"Local Read Blocks":0,"Local Dirtied Blocks":0,"Local Written Blocks":0,"Temp Read Blocks":99613,"Temp Written Blocks":99622,"I/O Read Time":0.0,"I/O Write Time":0.0,"Temp I/O Read Time":159.51,"Temp I/O Write Time":443.762,"Plans":[{"Node Type":"Merge Join","Parent Relationship":"Outer","Parallel Aware":false,"Async Capable":false,"Join Type":"Inner","Startup Cost":1931300.18,"Total Cost":1935392.56,"Plan Rows":4422,"Plan Width":44,"Actual Startup Time":13788.809,"Actual Total Time":13939.888,"Actual Rows":6043,"Actual Loops":1,"Output":["supplier.su_nationkey","customer.c_nationkey","EXTRACT(year FROM orders.o_entry_d)","order_line.ol_amount"],"Inner Unique":false,"Merge Cond":"((orders.o_c_id = customer.c_id) AND (order_line.ol_w_id = customer.c_w_id) AND (order_line.ol_d_id = customer.c_d_id))","Join Filter":"((((n1.n_name)::text = 'Germany'::text) AND ((n2.n_name)::text = 'Cambodia'::text)) OR (((n1.n_name)::text = 'Cambodia'::text) AND ((n2.n_name)::text = 'Germany'::text)))","Rows Removed by Join Filter":5752,"Shared Hit Blocks":619887,"Shared Read Blocks":0,"Shared Dirtied Blocks":0,"Shared Written Blocks":0,"Local Hit Blocks":0,"Local Read Blocks":0,"Local Dirtied Blocks":0,"Local Written Blocks":0,"Temp Read Blocks":99613,"Temp Written Blocks":99622,"I/O Read Time":0.0,"I/O Write Time":0.0,"Temp I/O Read Time":159.51,"Temp I/O Write Time":443.762,"Plans":[{"Node Type":"Sort","Parent Relationship":"Outer","Parallel Aware":false,"Async Capable":false,"Startup Cost":1653286.38,"Total Cost":1653960.94,"Plan Rows":269824,"Plan Width":36,"Actual Startup Time":12925.899,"Actual Total Time":12996.555,"Actual Rows":242214,"Actual Loops":1,"Output":["supplier.su_nationkey","order_line.ol_amount","order_line.ol_w_id","order_line.ol_d_id","orders.o_entry_d","orders.o_w_id","orders.o_d_id","orders.o_c_id","n1.n_name"],"Sort Key":["orders.o_c_id","order_line.ol_w_id","order_line.ol_d_id"],"Sort Method":"external merge","Sort Space Used":11984,"Sort Space Type":"Disk","Shared Hit Blocks":390282,"Shared Read Blocks":0,"Shared Dirtied Blocks":0,"Shared Written Blocks":0,"Local Hit Blocks":0,"Local Read Blocks":0,"Local Dirtied Blocks":0,"Local Written Blocks":0,"Temp Read Blocks":99068,"Temp Written Blocks":99074,"I/O Read Time":0.0,"I/O Write Time":0.0,"Temp I/O Read Time":158.721,"Temp I/O Write Time":441.599,"Plans":[{"Node Type":"Hash Join","Parent Relationship":"Outer","Parallel Aware":false,"Async Capable":false,"Join Type":"Inner","Startup Cost":578698.35,"Total Cost":1621568.01,"Plan Rows":269824,"Plan Width":36,"Actual Startup Time":3000.873,"Actual Total Time":12799.104,"Actual Rows":242214,"Actual Loops":1,"Output":["supplier.su_nationkey","order_line.ol_amount","order_line.ol_w_id","order_line.ol_d_id","orders.o_entry_d","orders.o_w_id","orders.o_d_id","orders.o_c_id","n1.n_name"],"Inner Unique":true,"Hash Cond":"((order_line.ol_w_id = orders.o_w_id) AND (order_line.ol_d_id = orders.o_d_id) AND (order_line.ol_o_id = orders.o_id))","Shared Hit Blocks":390282,"Shared Read Blocks":0,"Shared Dirtied Blocks":0,"Shared Written Blocks":0,"Local Hit Blocks":0,"Local Read Blocks":0,"Local Dirtied Blocks":0,"Local Written Blocks":0,"Temp Read Blocks":97570,"Temp Written Blocks":97570,"I/O Read Time":0.0,"I/O Write Time":0.0,"Temp I/O Read Time":156.532,"Temp I/O Write Time":436.122,"Plans":[{"Node Type":"Hash Join","Parent Relationship":"Outer","Parallel Aware":false,"Async Capable":false,"Join Type":"Inner","Startup Cost":449103.27,"Total Cost":1468586.78,"Plan Rows":269988,"Plan Width":28,"Actual Startup Time":2096.926,"Actual Total Time":11570.586,"Actual Rows":242214,"Actual Loops":1,"Output":["supplier.su_nationkey","order_line.ol_amount","order_line.ol_w_id","order_line.ol_d_id","order_line.ol_o_id","n1.n_name"],"Inner Unique":true,"Hash Cond":"(supplier.su_nationkey = n1.n_nationkey)","Shared Hit Blocks":368223,"Shared Read Blocks":0,"Shared Dirtied Blocks":0,"Shared Written Blocks":0,"Local Hit Blocks":0,"Local Read Blocks":0,"Local Dirtied Blocks":0,"Local Written Blocks":0,"Temp Read Blocks":79026,"Temp Written Blocks":79026,"I/O Read Time":0.0,"I/O Write Time":0.0,"Temp I/O Read Time":127.446,"Temp I/O Write Time":354.768,"Plans":[{"Node Type":"Hash Join","Parent Relationship":"Outer","Parallel Aware":false,"Async Capable":false,"Join Type":"Inner","Startup Cost":449101.32,"Total Cost":1445112.71,"Plan Rows":8369638,"Plan Width":20,"Actual Startup Time":2094.996,"Actual Total Time":10966.621,"Actual Rows":8570498,"Actual Loops":1,"Output":["supplier.su_nationkey","order_line.ol_amount","order_line.ol_w_id","order_line.ol_d_id","order_line.ol_o_id"],"Inner Unique":true,"Hash Cond":"(mod((stock.s_w_id * stock.s_i_id), 10000) = supplier.su_suppkey)","Shared Hit Blocks":368222,"Shared Read Blocks":0,"Shared Dirtied Blocks":0,"Shared Written Blocks":0,"Local Hit Blocks":0,"Local Read Blocks":0,"Local Dirtied Blocks":0,"Local Written Blocks":0,"Temp Read Blocks":79026,"Temp Written Blocks":79026,"I/O Read Time":0.0,"I/O Write Time":0.0,"Temp I/O Read Time":127.446,"Temp I/O Write Time":354.768,"Plans":[{"Node Type":"Hash Join","Parent Relationship":"Outer","Parallel Aware":false,"Async Capable":false,"Join Type":"Inner","Startup Cost":448757.29,"Total Cost":1420694.79,"Plan Rows":8369638,"Plan Width":22,"Actual Startup Time":2092.036,"Actual Total Time":9271.752,"Actual Rows":8570498,"Actual Loops":1,"Output":["stock.s_w_id","stock.s_i_id","order_line.ol_amount","order_line.ol_w_id","order_line.ol_d_id","order_line.ol_o_id"],"Inner Unique":true,"Hash Cond":"((order_line.ol_supply_w_id = stock.s_w_id) AND (order_line.ol_i_id = stock.s_i_id))","Shared Hit Blocks":368222,"Shared Read Blocks":0,"Shared Dirtied Blocks":0,"Shared Written Blocks":0,"Local Hit Blocks":0,"Local Read Blocks":0,"Local Dirtied Blocks":0,"Local Written Blocks":0,"Temp Read Blocks":79026,"Temp Written Blocks":79026,"I/O Read Time":0.0,"I/O Write Time":0.0,"Temp I/O Read Time":127.446,"Temp I/O Write Time":354.768,"Plans":[{"Node Type":"Seq Scan","Parent Relationship":"Outer","Parallel Aware":false,"Async Capable":false,"Relation Name":"order_line","Schema":"public","Alias":"order_line","Startup Cost":0.0,"Total Cost":790850.88,"Plan Rows":8369638,"Plan Width":22,"Actual Startup Time":13.149,"Actual Total Time":2820.26,"Actual Rows":8570498,"Actual Loops":1,"Output":["order_line.ol_amount","order_line.ol_supply_w_id","order_line.ol_i_id","order_line.ol_w_id","order_line.ol_d_id","order_line.ol_o_id"],"Filter":"((order_line.ol_delivery_d >= '1995-01-02 20:10:02.27764'::timestamp without time zone) AND (order_line.ol_delivery_d <= '1997-01-01 20:10:02.27764'::timestamp without time zone))","Rows Removed by Filter":21427234,"Shared Hit Blocks":340884,"Shared Read Blocks":0,"Shared Dirtied Blocks":0,"Shared Written Blocks":0,"Local Hit Blocks":0,"Local Read Blocks":0,"Local Dirtied Blocks":0,"Local Written Blocks":0,"Temp Read Blocks":0,"Temp Written Blocks":0,"I/O Read Time":0.0,"I/O Write Time":0.0,"Temp I/O Read Time":0.0,"Temp I/O Write Time":0.0},{"Node Type":"Hash","Parent Relationship":"Inner","Parallel Aware":false,"Async Capable":false,"Startup Cost":259690.86,"Total Cost":259690.86,"Plan Rows":10000162,"Plan Width":6,"Actual Startup Time":2077.578,"Actual Total Time":2077.579,"Actual Rows":10000000,"Actual Loops":1,"Output":["stock.s_w_id","stock.s_i_id"],"Hash Buckets":262144,"Original Hash Buckets":262144,"Hash Batches":64,"Original Hash Batches":64,"Peak Memory Usage":8133,"Shared Hit Blocks":27338,"Shared Read Blocks":0,"Shared Dirtied Blocks":0,"Shared Written Blocks":0,"Local Hit Blocks":0,"Local Read Blocks":0,"Local Dirtied Blocks":0,"Local Written Blocks":0,"Temp Read Blocks":0,"Temp Written Blocks":33616,"I/O Read Time":0.0,"I/O Write Time":0.0,"Temp I/O Read Time":0.0,"Temp I/O Write Time":148.88,"Plans":[{"Node Type":"Index Only Scan","Parent Relationship":"Outer","Parallel Aware":false,"Async Capable":false,"Scan Direction":"Forward","Index Name":"stock_pk","Relation Name":"stock","Schema":"public","Alias":"stock","Startup Cost":0.43,"Total Cost":259690.86,"Plan Rows":10000162,"Plan Width":6,"Actual Startup Time":0.021,"Actual Total Time":722.382,"Actual Rows":10000000,"Actual Loops":1,"Output":["stock.s_w_id","stock.s_i_id"],"Heap Fetches":0,"Shared Hit Blocks":27338,"Shared Read Blocks":0,"Shared Dirtied Blocks":0,"Shared Written Blocks":0,"Local Hit Blocks":0,"Local Read Blocks":0,"Local Dirtied Blocks":0,"Local Written Blocks":0,"Temp Read Blocks":0,"Temp Written Blocks":0,"I/O Read Time":0.0,"I/O Write Time":0.0,"Temp I/O Read Time":0.0,"Temp I/O Write Time":0.0}]}]},{"Node Type":"Hash","Parent Relationship":"Inner","Parallel Aware":false,"Async Capable":false,"Startup Cost":219.01,"Total Cost":219.01,"Plan Rows":10001,"Plan Width":8,"Actual Startup Time":2.937,"Actual Total Time":2.94,"Actual Rows":10000,"Actual Loops":1,"Output":["supplier.su_nationkey","supplier.su_suppkey"],"Hash Buckets":16384,"Original Hash Buckets":16384,"Hash Batches":1,"Original Hash Batches":1,"Peak Memory Usage":519,"Shared Hit Blocks":0,"Shared Read Blocks":0,"Shared Dirtied Blocks":0,"Shared Written Blocks":0,"Local Hit Blocks":0,"Local Read Blocks":0,"Local Dirtied Blocks":0,"Local Written Blocks":0,"Temp Read Blocks":0,"Temp Written Blocks":0,"I/O Read Time":0.0,"I/O Write Time":0.0,"Temp I/O Read Time":0.0,"Temp I/O Write Time":0.0,"Plans":[{"Node Type":"Append","Parent Relationship":"Outer","Parallel Aware":false,"Async Capable":false,"Startup Cost":20.0,"Total Cost":219.01,"Plan Rows":10001,"Plan Width":8,"Actual Startup Time":0.024,"Actual Total Time":1.783,"Actual Rows":10000,"Actual Loops":1,"Shared Hit Blocks":0,"Shared Read Blocks":0,"Shared Dirtied Blocks":0,"Shared Written Blocks":0,"Local Hit Blocks":0,"Local Read Blocks":0,"Local Dirtied Blocks":0,"Local Written Blocks":0,"Temp Read Blocks":0,"Temp Written Blocks":0,"I/O Read Time":0.0,"I/O Write Time":0.0,"Temp I/O Read Time":0.0,"Temp I/O Write Time":0.0,"Subplans Removed":0,"Plans":[{"Node Type":"Custom Scan","Parent Relationship":"Member","Custom Plan Provider":"columnar scan","Parallel Aware":false,"Async Capable":false,"Relation Name":"supplier","Schema":"public","Alias":"supplier","Startup Cost":20.0,"Total Cost":215.0,"Plan Rows":10000,"Plan Width":8,"Actual Startup Time":0.023,"Actual Total Time":1.083,"Actual Rows":10000,"Actual Loops":1,"Output":["supplier.su_nationkey","supplier.su_suppkey"],"Rows Removed by Columnar Filter":0,"Columnar cache search mode":"native","Shared Hit Blocks":0,"Shared Read Blocks":0,"Shared Dirtied Blocks":0,"Shared Written Blocks":0,"Local Hit Blocks":0,"Local Read Blocks":0,"Local Dirtied Blocks":0,"Local Written Blocks":0,"Temp Read Blocks":0,"Temp Written Blocks":0,"I/O Read Time":0.0,"I/O Write Time":0.0,"Temp I/O Read Time":0.0,"Temp I/O Write Time":0.0},{"Node Type":"Seq Scan","Parent Relationship":"Member","Parallel Aware":false,"Async Capable":false,"Relation Name":"supplier","Schema":"public","Alias":"supplier","Startup Cost":0.0,"Total Cost":4.01,"Plan Rows":1,"Plan Width":8,"Actual Startup Time":0.0,"Actual Total Time":0.0,"Actual Rows":0,"Actual Loops":0,"Output":["supplier.su_nationkey","supplier.su_suppkey"],"Shared Hit Blocks":0,"Shared Read Blocks":0,"Shared Dirtied Blocks":0,"Shared Written Blocks":0,"Local Hit Blocks":0,"Local Read Blocks":0,"Local Dirtied Blocks":0,"Local Written Blocks":0,"Temp Read Blocks":0,"Temp Written Blocks":0,"I/O Read Time":0.0,"I/O Write Time":0.0,"Temp I/O Read Time":0.0,"Temp I/O Write Time":0.0}]}]}]},{"Node Type":"Hash","Parent Relationship":"Inner","Parallel Aware":false,"Async Capable":false,"Startup Cost":1.93,"Total Cost":1.93,"Plan Rows":2,"Plan Width":12,"Actual Startup Time":0.019,"Actual Total Time":0.019,"Actual Rows":2,"Actual Loops":1,"Output":["n1.n_nationkey","n1.n_name"],"Hash Buckets":1024,"Original Hash Buckets":1024,"Hash Batches":1,"Original Hash Batches":1,"Peak Memory Usage":9,"Shared Hit Blocks":1,"Shared Read Blocks":0,"Shared Dirtied Blocks":0,"Shared Written Blocks":0,"Local Hit Blocks":0,"Local Read Blocks":0,"Local Dirtied Blocks":0,"Local Written Blocks":0,"Temp Read Blocks":0,"Temp Written Blocks":0,"I/O Read Time":0.0,"I/O Write Time":0.0,"Temp I/O Read Time":0.0,"Temp I/O Write Time":0.0,"Plans":[{"Node Type":"Seq Scan","Parent Relationship":"Outer","Parallel Aware":false,"Async Capable":false,"Relation Name":"nation","Schema":"public","Alias":"n1","Startup Cost":0.0,"Total Cost":1.93,"Plan Rows":2,"Plan Width":12,"Actual Startup Time":0.011,"Actual Total Time":0.016,"Actual Rows":2,"Actual Loops":1,"Output":["n1.n_nationkey","n1.n_name"],"Filter":"(((n1.n_name)::text = 'Germany'::text) OR ((n1.n_name)::text = 'Cambodia'::text))","Rows Removed by Filter":60,"Shared Hit Blocks":1,"Shared Read Blocks":0,"Shared Dirtied Blocks":0,"Shared Written Blocks":0,"Local Hit Blocks":0,"Local Read Blocks":0,"Local Dirtied Blocks":0,"Local Written Blocks":0,"Temp Read Blocks":0,"Temp Written Blocks":0,"I/O Read Time":0.0,"I/O Write Time":0.0,"Temp I/O Read Time":0.0,"Temp I/O Write Time":0.0}]}]},{"Node Type":"Hash","Parent Relationship":"Inner","Parallel Aware":false,"Async Capable":false,"Startup Cost":59559.0,"Total Cost":59559.0,"Plan Rows":2998176,"Plan Width":24,"Actual Startup Time":896.108,"Actual Total Time":896.109,"Actual Rows":2997892,"Actual Loops":1,"Output":["orders.o_entry_d","orders.o_w_id","orders.o_d_id","orders.o_id","orders.o_c_id"],"Hash Buckets":131072,"Original Hash Buckets":131072,"Hash Batches":32,"Original Hash Batches":32,"Peak Memory Usage":6539,"Shared Hit Blocks":22059,"Shared Read Blocks":0,"Shared Dirtied Blocks":0,"Shared Written Blocks":0,"Local Hit Blocks":0,"Local Read Blocks":0,"Local Dirtied Blocks":0,"Local Written Blocks":0,"Temp Read Blocks":0,"Temp Written Blocks":16995,"I/O Read Time":0.0,"I/O Write Time":0.0,"Temp I/O Read Time":0.0,"Temp I/O Write Time":72.241,"Plans":[{"Node Type":"Seq Scan","Parent Relationship":"Outer","Parallel Aware":false,"Async Capable":false,"Relation Name":"orders","Schema":"public","Alias":"orders","Startup Cost":0.0,"Total Cost":59559.0,"Plan Rows":2998176,"Plan Width":24,"Actual Startup Time":0.011,"Actual Total Time":364.854,"Actual Rows":2997892,"Actual Loops":1,"Output":["orders.o_entry_d","orders.o_w_id","orders.o_d_id","orders.o_id","orders.o_c_id"],"Filter":"(orders.o_entry_d >= '1992-01-02 20:10:02.27764'::timestamp without time zone)","Rows Removed by Filter":2108,"Shared Hit Blocks":22059,"Shared Read Blocks":0,"Shared Dirtied Blocks":0,"Shared Written Blocks":0,"Local Hit Blocks":0,"Local Read Blocks":0,"Local Dirtied Blocks":0,"Local Written Blocks":0,"Temp Read Blocks":0,"Temp Written Blocks":0,"I/O Read Time":0.0,"I/O Write Time":0.0,"Temp I/O Read Time":0.0,"Temp I/O Write Time":0.0}]}]}]},{"Node Type":"Materialize","Parent Relationship":"Inner","Parallel Aware":false,"Async Capable":false,"Startup Cost":278013.7,"Total Cost":278497.53,"Plan Rows":96766,"Plan Width":20,"Actual Startup Time":862.867,"Actual Total Time":895.602,"Actual Rows":146547,"Actual Loops":1,"Output":["customer.c_nationkey","customer.c_id","customer.c_w_id","customer.c_d_id","n2.n_name"],"Shared Hit Blocks":229605,"Shared Read Blocks":0,"Shared Dirtied Blocks":0,"Shared Written Blocks":0,"Local Hit Blocks":0,"Local Read Blocks":0,"Local Dirtied Blocks":0,"Local Written Blocks":0,"Temp Read Blocks":545,"Temp Written Blocks":548,"I/O Read Time":0.0,"I/O Write Time":0.0,"Temp I/O Read Time":0.789,"Temp I/O Write Time":2.163,"Plans":[{"Node Type":"Sort","Parent Relationship":"Outer","Parallel Aware":false,"Async Capable":false,"Startup Cost":278013.7,"Total Cost":278255.62,"Plan Rows":96766,"Plan Width":20,"Actual Startup Time":862.861,"Actual Total Time":879.784,"Actual Rows":144982,"Actual Loops":1,"Output":["customer.c_nationkey","customer.c_id","customer.c_w_id","customer.c_d_id","n2.n_name"],"Sort Key":["customer.c_id","customer.c_w_id","customer.c_d_id"],"Sort Method":"external merge","Sort Space Used":4360,"Sort Space Type":"Disk","Shared Hit Blocks":229605,"Shared Read Blocks":0,"Shared Dirtied Blocks":0,"Shared Written Blocks":0,"Local Hit Blocks":0,"Local Read Blocks":0,"Local Dirtied Blocks":0,"Local Written Blocks":0,"Temp Read Blocks":545,"Temp Written Blocks":548,"I/O Read Time":0.0,"I/O Write Time":0.0,"Temp I/O Read Time":0.789,"Temp I/O Write Time":2.163,"Plans":[{"Node Type":"Hash Join","Parent Relationship":"Outer","Parallel Aware":false,"Async Capable":false,"Join Type":"Inner","Startup Cost":1.95,"Total Cost":268015.91,"Plan Rows":96766,"Plan Width":20,"Actual Startup Time":0.096,"Actual Total Time":808.335,"Actual Rows":144986,"Actual Loops":1,"Output":["customer.c_nationkey","customer.c_id","customer.c_w_id","customer.c_d_id","n2.n_name"],"Inner Unique":true,"Hash Cond":"(customer.c_nationkey = n2.n_nationkey)","Shared Hit Blocks":229605,"Shared Read Blocks":0,"Shared Dirtied Blocks":0,"Shared Written Blocks":0,"Local Hit Blocks":0,"Local Read Blocks":0,"Local Dirtied Blocks":0,"Local Written Blocks":0,"Temp Read Blocks":0,"Temp Written Blocks":0,"I/O Read Time":0.0,"I/O Write Time":0.0,"Temp I/O Read Time":0.0,"Temp I/O Write Time":0.0,"Plans":[{"Node Type":"Seq Scan","Parent Relationship":"Outer","Parallel Aware":false,"Async Capable":false,"Relation Name":"customer","Schema":"public","Alias":"customer","Startup Cost":0.0,"Total Cost":259601.38,"Plan Rows":2999738,"Plan Width":12,"Actual Startup Time":0.022,"Actual Total Time":351.507,"Actual Rows":3000000,"Actual Loops":1,"Output":["customer.c_id","customer.c_d_id","customer.c_w_id","customer.c_nationkey","customer.c_first","customer.c_middle","customer.c_last","customer.c_street_1","customer.c_street_2","customer.c_city","customer.c_state","customer.c_zip","customer.c_phone","customer.c_since","customer.c_credit","customer.c_credit_lim","customer.c_discount","customer.c_balance","customer.c_ytd_payment","customer.c_payment_cnt","customer.c_delivery_cnt","customer.c_data"],"Shared Hit Blocks":229604,"Shared Read Blocks":0,"Shared Dirtied Blocks":0,"Shared Written Blocks":0,"Local Hit Blocks":0,"Local Read Blocks":0,"Local Dirtied Blocks":0,"Local Written Blocks":0,"Temp Read Blocks":0,"Temp Written Blocks":0,"I/O Read Time":0.0,"I/O Write Time":0.0,"Temp I/O Read Time":0.0,"Temp I/O Write Time":0.0},{"Node Type":"Hash","Parent Relationship":"Inner","Parallel Aware":false,"Async Capable":false,"Startup Cost":1.93,"Total Cost":1.93,"Plan Rows":2,"Plan Width":12,"Actual Startup Time":0.026,"Actual Total Time":0.027,"Actual Rows":2,"Actual Loops":1,"Output":["n2.n_nationkey","n2.n_name"],"Hash Buckets":1024,"Original Hash Buckets":1024,"Hash Batches":1,"Original Hash Batches":1,"Peak Memory Usage":9,"Shared Hit Blocks":1,"Shared Read Blocks":0,"Shared Dirtied Blocks":0,"Shared Written Blocks":0,"Local Hit Blocks":0,"Local Read Blocks":0,"Local Dirtied Blocks":0,"Local Written Blocks":0,"Temp Read Blocks":0,"Temp Written Blocks":0,"I/O Read Time":0.0,"I/O Write Time":0.0,"Temp I/O Read Time":0.0,"Temp I/O Write Time":0.0,"Plans":[{"Node Type":"Seq Scan","Parent Relationship":"Outer","Parallel Aware":false,"Async Capable":false,"Relation Name":"nation","Schema":"public","Alias":"n2","Startup Cost":0.0,"Total Cost":1.93,"Plan Rows":2,"Plan Width":12,"Actual Startup Time":0.016,"Actual Total Time":0.022,"Actual Rows":2,"Actual Loops":1,"Output":["n2.n_nationkey","n2.n_name"],"Filter":"(((n2.n_name)::text = 'Cambodia'::text) OR ((n2.n_name)::text = 'Germany'::text))","Rows Removed by Filter":60,"Shared Hit Blocks":1,"Shared Read Blocks":0,"Shared Dirtied Blocks":0,"Shared Written Blocks":0,"Local Hit Blocks":0,"Local Read Blocks":0,"Local Dirtied Blocks":0,"Local Written Blocks":0,"Temp Read Blocks":0,"Temp Written Blocks":0,"I/O Read Time":0.0,"I/O Write Time":0.0,"Temp I/O Read Time":0.0,"Temp I/O Write Time":0.0}]}]}]}]}]}]}]},"Planning":{"Shared Hit Blocks":12,"Shared Read Blocks":0,"Shared Dirtied Blocks":0,"Shared Written Blocks":0,"Local Hit Blocks":0,"Local Read Blocks":0,"Local Dirtied Blocks":0,"Local Written Blocks":0,"Temp Read Blocks":0,"Temp Written Blocks":0,"I/O Read Time":0.0,"I/O Write Time":0.0,"Temp I/O Read Time":0.0,"Temp I/O Write Time":0.0},"Planning Time":2.575,"Triggers":[],"Execution Time":13945.534}]
[列存组合]: nation, stock, supplier
[{"Plan":{"Node Type":"Aggregate","Strategy":"Sorted","Partial Mode":"Simple","Parallel Aware":false,"Async Capable":false,"Startup Cost":1935660.33,"Total Cost":1935781.93,"Plan Rows":4422,"Plan Width":72,"Actual Startup Time":13990.266,"Actual Total Time":13991.539,"Actual Rows":6,"Actual Loops":1,"Output":["supplier.su_nationkey","customer.c_nationkey","(EXTRACT(year FROM orders.o_entry_d))","sum(order_line.ol_amount)"],"Group Key":["supplier.su_nationkey","customer.c_nationkey","(EXTRACT(year FROM orders.o_entry_d))"],"Shared Hit Blocks":619887,"Shared Read Blocks":0,"Shared Dirtied Blocks":0,"Shared Written Blocks":0,"Local Hit Blocks":0,"Local Read Blocks":0,"Local Dirtied Blocks":0,"Local Written Blocks":0,"Temp Read Blocks":99613,"Temp Written Blocks":99622,"I/O Read Time":0.0,"I/O Write Time":0.0,"Temp I/O Read Time":161.89,"Temp I/O Write Time":450.86,"Plans":[{"Node Type":"Sort","Parent Relationship":"Outer","Parallel Aware":false,"Async Capable":false,"Startup Cost":1935660.33,"Total Cost":1935671.38,"Plan Rows":4422,"Plan Width":44,"Actual Startup Time":13990.206,"Actual Total Time":13990.466,"Actual Rows":6043,"Actual Loops":1,"Output":["supplier.su_nationkey","customer.c_nationkey","(EXTRACT(year FROM orders.o_entry_d))","order_line.ol_amount"],"Sort Key":["supplier.su_nationkey","customer.c_nationkey","(EXTRACT(year FROM orders.o_entry_d))"],"Sort Method":"quicksort","Sort Space Used":523,"Sort Space Type":"Memory","Shared Hit Blocks":619887,"Shared Read Blocks":0,"Shared Dirtied Blocks":0,"Shared Written Blocks":0,"Local Hit Blocks":0,"Local Read Blocks":0,"Local Dirtied Blocks":0,"Local Written Blocks":0,"Temp Read Blocks":99613,"Temp Written Blocks":99622,"I/O Read Time":0.0,"I/O Write Time":0.0,"Temp I/O Read Time":161.89,"Temp I/O Write Time":450.86,"Plans":[{"Node Type":"Merge Join","Parent Relationship":"Outer","Parallel Aware":false,"Async Capable":false,"Join Type":"Inner","Startup Cost":1931300.18,"Total Cost":1935392.56,"Plan Rows":4422,"Plan Width":44,"Actual Startup Time":13837.462,"Actual Total Time":13988.774,"Actual Rows":6043,"Actual Loops":1,"Output":["supplier.su_nationkey","customer.c_nationkey","EXTRACT(year FROM orders.o_entry_d)","order_line.ol_amount"],"Inner Unique":false,"Merge Cond":"((orders.o_c_id = customer.c_id) AND (order_line.ol_w_id = customer.c_w_id) AND (order_line.ol_d_id = customer.c_d_id))","Join Filter":"((((n1.n_name)::text = 'Germany'::text) AND ((n2.n_name)::text = 'Cambodia'::text)) OR (((n1.n_name)::text = 'Cambodia'::text) AND ((n2.n_name)::text = 'Germany'::text)))","Rows Removed by Join Filter":5752,"Shared Hit Blocks":619887,"Shared Read Blocks":0,"Shared Dirtied Blocks":0,"Shared Written Blocks":0,"Local Hit Blocks":0,"Local Read Blocks":0,"Local Dirtied Blocks":0,"Local Written Blocks":0,"Temp Read Blocks":99613,"Temp Written Blocks":99622,"I/O Read Time":0.0,"I/O Write Time":0.0,"Temp I/O Read Time":161.89,"Temp I/O Write Time":450.86,"Plans":[{"Node Type":"Sort","Parent Relationship":"Outer","Parallel Aware":false,"Async Capable":false,"Startup Cost":1653286.38,"Total Cost":1653960.94,"Plan Rows":269824,"Plan Width":36,"Actual Startup Time":12982.65,"Actual Total Time":13053.499,"Actual Rows":242214,"Actual Loops":1,"Output":["supplier.su_nationkey","order_line.ol_amount","order_line.ol_w_id","order_line.ol_d_id","orders.o_entry_d","orders.o_w_id","orders.o_d_id","orders.o_c_id","n1.n_name"],"Sort Key":["orders.o_c_id","order_line.ol_w_id","order_line.ol_d_id"],"Sort Method":"external merge","Sort Space Used":11984,"Sort Space Type":"Disk","Shared Hit Blocks":390282,"Shared Read Blocks":0,"Shared Dirtied Blocks":0,"Shared Written Blocks":0,"Local Hit Blocks":0,"Local Read Blocks":0,"Local Dirtied Blocks":0,"Local Written Blocks":0,"Temp Read Blocks":99068,"Temp Written Blocks":99074,"I/O Read Time":0.0,"I/O Write Time":0.0,"Temp I/O Read Time":161.121,"Temp I/O Write Time":448.744,"Plans":[{"Node Type":"Hash Join","Parent Relationship":"Outer","Parallel Aware":false,"Async Capable":false,"Join Type":"Inner","Startup Cost":578698.35,"Total Cost":1621568.01,"Plan Rows":269824,"Plan Width":36,"Actual Startup Time":3005.725,"Actual Total Time":12855.253,"Actual Rows":242214,"Actual Loops":1,"Output":["supplier.su_nationkey","order_line.ol_amount","order_line.ol_w_id","order_line.ol_d_id","orders.o_entry_d","orders.o_w_id","orders.o_d_id","orders.o_c_id","n1.n_name"],"Inner Unique":true,"Hash Cond":"((order_line.ol_w_id = orders.o_w_id) AND (order_line.ol_d_id = orders.o_d_id) AND (order_line.ol_o_id = orders.o_id))","Shared Hit Blocks":390282,"Shared Read Blocks":0,"Shared Dirtied Blocks":0,"Shared Written Blocks":0,"Local Hit Blocks":0,"Local Read Blocks":0,"Local Dirtied Blocks":0,"Local Written Blocks":0,"Temp Read Blocks":97570,"Temp Written Blocks":97570,"I/O Read Time":0.0,"I/O Write Time":0.0,"Temp I/O Read Time":158.901,"Temp I/O Write Time":443.239,"Plans":[{"Node Type":"Hash Join","Parent Relationship":"Outer","Parallel Aware":false,"Async Capable":false,"Join Type":"Inner","Startup Cost":449103.27,"Total Cost":1468586.78,"Plan Rows":269988,"Plan Width":28,"Actual Startup Time":2099.235,"Actual Total Time":11622.879,"Actual Rows":242214,"Actual Loops":1,"Output":["supplier.su_nationkey","order_line.ol_amount","order_line.ol_w_id","order_line.ol_d_id","order_line.ol_o_id","n1.n_name"],"Inner Unique":true,"Hash Cond":"(supplier.su_nationkey = n1.n_nationkey)","Shared Hit Blocks":368223,"Shared Read Blocks":0,"Shared Dirtied Blocks":0,"Shared Written Blocks":0,"Local Hit Blocks":0,"Local Read Blocks":0,"Local Dirtied Blocks":0,"Local Written Blocks":0,"Temp Read Blocks":79026,"Temp Written Blocks":79026,"I/O Read Time":0.0,"I/O Write Time":0.0,"Temp I/O Read Time":129.846,"Temp I/O Write Time":361.755,"Plans":[{"Node Type":"Hash Join","Parent Relationship":"Outer","Parallel Aware":false,"Async Capable":false,"Join Type":"Inner","Startup Cost":449101.32,"Total Cost":1445112.71,"Plan Rows":8369638,"Plan Width":20,"Actual Startup Time":2097.285,"Actual Total Time":11016.232,"Actual Rows":8570498,"Actual Loops":1,"Output":["supplier.su_nationkey","order_line.ol_amount","order_line.ol_w_id","order_line.ol_d_id","order_line.ol_o_id"],"Inner Unique":true,"Hash Cond":"(mod((stock.s_w_id * stock.s_i_id), 10000) = supplier.su_suppkey)","Shared Hit Blocks":368222,"Shared Read Blocks":0,"Shared Dirtied Blocks":0,"Shared Written Blocks":0,"Local Hit Blocks":0,"Local Read Blocks":0,"Local Dirtied Blocks":0,"Local Written Blocks":0,"Temp Read Blocks":79026,"Temp Written Blocks":79026,"I/O Read Time":0.0,"I/O Write Time":0.0,"Temp I/O Read Time":129.846,"Temp I/O Write Time":361.755,"Plans":[{"Node Type":"Hash Join","Parent Relationship":"Outer","Parallel Aware":false,"Async Capable":false,"Join Type":"Inner","Startup Cost":448757.29,"Total Cost":1420694.79,"Plan Rows":8369638,"Plan Width":22,"Actual Startup Time":2094.252,"Actual Total Time":9320.07,"Actual Rows":8570498,"Actual Loops":1,"Output":["stock.s_w_id","stock.s_i_id","order_line.ol_amount","order_line.ol_w_id","order_line.ol_d_id","order_line.ol_o_id"],"Inner Unique":true,"Hash Cond":"((order_line.ol_supply_w_id = stock.s_w_id) AND (order_line.ol_i_id = stock.s_i_id))","Shared Hit Blocks":368222,"Shared Read Blocks":0,"Shared Dirtied Blocks":0,"Shared Written Blocks":0,"Local Hit Blocks":0,"Local Read Blocks":0,"Local Dirtied Blocks":0,"Local Written Blocks":0,"Temp Read Blocks":79026,"Temp Written Blocks":79026,"I/O Read Time":0.0,"I/O Write Time":0.0,"Temp I/O Read Time":129.846,"Temp I/O Write Time":361.755,"Plans":[{"Node Type":"Seq Scan","Parent Relationship":"Outer","Parallel Aware":false,"Async Capable":false,"Relation Name":"order_line","Schema":"public","Alias":"order_line","Startup Cost":0.0,"Total Cost":790850.88,"Plan Rows":8369638,"Plan Width":22,"Actual Startup Time":13.08,"Actual Total Time":2827.902,"Actual Rows":8570498,"Actual Loops":1,"Output":["order_line.ol_amount","order_line.ol_supply_w_id","order_line.ol_i_id","order_line.ol_w_id","order_line.ol_d_id","order_line.ol_o_id"],"Filter":"((order_line.ol_delivery_d >= '1995-01-02 20:10:02.27764'::timestamp without time zone) AND (order_line.ol_delivery_d <= '1997-01-01 20:10:02.27764'::timestamp without time zone))","Rows Removed by Filter":21427234,"Shared Hit Blocks":340884,"Shared Read Blocks":0,"Shared Dirtied Blocks":0,"Shared Written Blocks":0,"Local Hit Blocks":0,"Local Read Blocks":0,"Local Dirtied Blocks":0,"Local Written Blocks":0,"Temp Read Blocks":0,"Temp Written Blocks":0,"I/O Read Time":0.0,"I/O Write Time":0.0,"Temp I/O Read Time":0.0,"Temp I/O Write Time":0.0},{"Node Type":"Hash","Parent Relationship":"Inner","Parallel Aware":false,"Async Capable":false,"Startup Cost":259690.86,"Total Cost":259690.86,"Plan Rows":10000162,"Plan Width":6,"Actual Startup Time":2079.863,"Actual Total Time":2079.864,"Actual Rows":10000000,"Actual Loops":1,"Output":["stock.s_w_id","stock.s_i_id"],"Hash Buckets":262144,"Original Hash Buckets":262144,"Hash Batches":64,"Original Hash Batches":64,"Peak Memory Usage":8133,"Shared Hit Blocks":27338,"Shared Read Blocks":0,"Shared Dirtied Blocks":0,"Shared Written Blocks":0,"Local Hit Blocks":0,"Local Read Blocks":0,"Local Dirtied Blocks":0,"Local Written Blocks":0,"Temp Read Blocks":0,"Temp Written Blocks":33616,"I/O Read Time":0.0,"I/O Write Time":0.0,"Temp I/O Read Time":0.0,"Temp I/O Write Time":150.585,"Plans":[{"Node Type":"Index Only Scan","Parent Relationship":"Outer","Parallel Aware":false,"Async Capable":false,"Scan Direction":"Forward","Index Name":"stock_pk","Relation Name":"stock","Schema":"public","Alias":"stock","Startup Cost":0.43,"Total Cost":259690.86,"Plan Rows":10000162,"Plan Width":6,"Actual Startup Time":0.024,"Actual Total Time":720.85,"Actual Rows":10000000,"Actual Loops":1,"Output":["stock.s_w_id","stock.s_i_id"],"Heap Fetches":0,"Shared Hit Blocks":27338,"Shared Read Blocks":0,"Shared Dirtied Blocks":0,"Shared Written Blocks":0,"Local Hit Blocks":0,"Local Read Blocks":0,"Local Dirtied Blocks":0,"Local Written Blocks":0,"Temp Read Blocks":0,"Temp Written Blocks":0,"I/O Read Time":0.0,"I/O Write Time":0.0,"Temp I/O Read Time":0.0,"Temp I/O Write Time":0.0}]}]},{"Node Type":"Hash","Parent Relationship":"Inner","Parallel Aware":false,"Async Capable":false,"Startup Cost":219.01,"Total Cost":219.01,"Plan Rows":10001,"Plan Width":8,"Actual Startup Time":2.984,"Actual Total Time":2.987,"Actual Rows":10000,"Actual Loops":1,"Output":["supplier.su_nationkey","supplier.su_suppkey"],"Hash Buckets":16384,"Original Hash Buckets":16384,"Hash Batches":1,"Original Hash Batches":1,"Peak Memory Usage":519,"Shared Hit Blocks":0,"Shared Read Blocks":0,"Shared Dirtied Blocks":0,"Shared Written Blocks":0,"Local Hit Blocks":0,"Local Read Blocks":0,"Local Dirtied Blocks":0,"Local Written Blocks":0,"Temp Read Blocks":0,"Temp Written Blocks":0,"I/O Read Time":0.0,"I/O Write Time":0.0,"Temp I/O Read Time":0.0,"Temp I/O Write Time":0.0,"Plans":[{"Node Type":"Append","Parent Relationship":"Outer","Parallel Aware":false,"Async Capable":false,"Startup Cost":20.0,"Total Cost":219.01,"Plan Rows":10001,"Plan Width":8,"Actual Startup Time":0.026,"Actual Total Time":1.777,"Actual Rows":10000,"Actual Loops":1,"Shared Hit Blocks":0,"Shared Read Blocks":0,"Shared Dirtied Blocks":0,"Shared Written Blocks":0,"Local Hit Blocks":0,"Local Read Blocks":0,"Local Dirtied Blocks":0,"Local Written Blocks":0,"Temp Read Blocks":0,"Temp Written Blocks":0,"I/O Read Time":0.0,"I/O Write Time":0.0,"Temp I/O Read Time":0.0,"Temp I/O Write Time":0.0,"Subplans Removed":0,"Plans":[{"Node Type":"Custom Scan","Parent Relationship":"Member","Custom Plan Provider":"columnar scan","Parallel Aware":false,"Async Capable":false,"Relation Name":"supplier","Schema":"public","Alias":"supplier","Startup Cost":20.0,"Total Cost":215.0,"Plan Rows":10000,"Plan Width":8,"Actual Startup Time":0.024,"Actual Total Time":1.073,"Actual Rows":10000,"Actual Loops":1,"Output":["supplier.su_nationkey","supplier.su_suppkey"],"Rows Removed by Columnar Filter":0,"Columnar cache search mode":"native","Shared Hit Blocks":0,"Shared Read Blocks":0,"Shared Dirtied Blocks":0,"Shared Written Blocks":0,"Local Hit Blocks":0,"Local Read Blocks":0,"Local Dirtied Blocks":0,"Local Written Blocks":0,"Temp Read Blocks":0,"Temp Written Blocks":0,"I/O Read Time":0.0,"I/O Write Time":0.0,"Temp I/O Read Time":0.0,"Temp I/O Write Time":0.0},{"Node Type":"Seq Scan","Parent Relationship":"Member","Parallel Aware":false,"Async Capable":false,"Relation Name":"supplier","Schema":"public","Alias":"supplier","Startup Cost":0.0,"Total Cost":4.01,"Plan Rows":1,"Plan Width":8,"Actual Startup Time":0.0,"Actual Total Time":0.0,"Actual Rows":0,"Actual Loops":0,"Output":["supplier.su_nationkey","supplier.su_suppkey"],"Shared Hit Blocks":0,"Shared Read Blocks":0,"Shared Dirtied Blocks":0,"Shared Written Blocks":0,"Local Hit Blocks":0,"Local Read Blocks":0,"Local Dirtied Blocks":0,"Local Written Blocks":0,"Temp Read Blocks":0,"Temp Written Blocks":0,"I/O Read Time":0.0,"I/O Write Time":0.0,"Temp I/O Read Time":0.0,"Temp I/O Write Time":0.0}]}]}]},{"Node Type":"Hash","Parent Relationship":"Inner","Parallel Aware":false,"Async Capable":false,"Startup Cost":1.93,"Total Cost":1.93,"Plan Rows":2,"Plan Width":12,"Actual Startup Time":0.021,"Actual Total Time":0.022,"Actual Rows":2,"Actual Loops":1,"Output":["n1.n_nationkey","n1.n_name"],"Hash Buckets":1024,"Original Hash Buckets":1024,"Hash Batches":1,"Original Hash Batches":1,"Peak Memory Usage":9,"Shared Hit Blocks":1,"Shared Read Blocks":0,"Shared Dirtied Blocks":0,"Shared Written Blocks":0,"Local Hit Blocks":0,"Local Read Blocks":0,"Local Dirtied Blocks":0,"Local Written Blocks":0,"Temp Read Blocks":0,"Temp Written Blocks":0,"I/O Read Time":0.0,"I/O Write Time":0.0,"Temp I/O Read Time":0.0,"Temp I/O Write Time":0.0,"Plans":[{"Node Type":"Seq Scan","Parent Relationship":"Outer","Parallel Aware":false,"Async Capable":false,"Relation Name":"nation","Schema":"public","Alias":"n1","Startup Cost":0.0,"Total Cost":1.93,"Plan Rows":2,"Plan Width":12,"Actual Startup Time":0.013,"Actual Total Time":0.018,"Actual Rows":2,"Actual Loops":1,"Output":["n1.n_nationkey","n1.n_name"],"Filter":"(((n1.n_name)::text = 'Germany'::text) OR ((n1.n_name)::text = 'Cambodia'::text))","Rows Removed by Filter":60,"Shared Hit Blocks":1,"Shared Read Blocks":0,"Shared Dirtied Blocks":0,"Shared Written Blocks":0,"Local Hit Blocks":0,"Local Read Blocks":0,"Local Dirtied Blocks":0,"Local Written Blocks":0,"Temp Read Blocks":0,"Temp Written Blocks":0,"I/O Read Time":0.0,"I/O Write Time":0.0,"Temp I/O Read Time":0.0,"Temp I/O Write Time":0.0}]}]},{"Node Type":"Hash","Parent Relationship":"Inner","Parallel Aware":false,"Async Capable":false,"Startup Cost":59559.0,"Total Cost":59559.0,"Plan Rows":2998176,"Plan Width":24,"Actual Startup Time":898.672,"Actual Total Time":898.672,"Actual Rows":2997892,"Actual Loops":1,"Output":["orders.o_entry_d","orders.o_w_id","orders.o_d_id","orders.o_id","orders.o_c_id"],"Hash Buckets":131072,"Original Hash Buckets":131072,"Hash Batches":32,"Original Hash Batches":32,"Peak Memory Usage":6539,"Shared Hit Blocks":22059,"Shared Read Blocks":0,"Shared Dirtied Blocks":0,"Shared Written Blocks":0,"Local Hit Blocks":0,"Local Read Blocks":0,"Local Dirtied Blocks":0,"Local Written Blocks":0,"Temp Read Blocks":0,"Temp Written Blocks":16995,"I/O Read Time":0.0,"I/O Write Time":0.0,"Temp I/O Read Time":0.0,"Temp I/O Write Time":72.34,"Plans":[{"Node Type":"Seq Scan","Parent Relationship":"Outer","Parallel Aware":false,"Async Capable":false,"Relation Name":"orders","Schema":"public","Alias":"orders","Startup Cost":0.0,"Total Cost":59559.0,"Plan Rows":2998176,"Plan Width":24,"Actual Startup Time":0.011,"Actual Total Time":366.126,"Actual Rows":2997892,"Actual Loops":1,"Output":["orders.o_entry_d","orders.o_w_id","orders.o_d_id","orders.o_id","orders.o_c_id"],"Filter":"(orders.o_entry_d >= '1992-01-02 20:10:02.27764'::timestamp without time zone)","Rows Removed by Filter":2108,"Shared Hit Blocks":22059,"Shared Read Blocks":0,"Shared Dirtied Blocks":0,"Shared Written Blocks":0,"Local Hit Blocks":0,"Local Read Blocks":0,"Local Dirtied Blocks":0,"Local Written Blocks":0,"Temp Read Blocks":0,"Temp Written Blocks":0,"I/O Read Time":0.0,"I/O Write Time":0.0,"Temp I/O Read Time":0.0,"Temp I/O Write Time":0.0}]}]}]},{"Node Type":"Materialize","Parent Relationship":"Inner","Parallel Aware":false,"Async Capable":false,"Startup Cost":278013.7,"Total Cost":278497.53,"Plan Rows":96766,"Plan Width":20,"Actual Startup Time":854.77,"Actual Total Time":887.48,"Actual Rows":146547,"Actual Loops":1,"Output":["customer.c_nationkey","customer.c_id","customer.c_w_id","customer.c_d_id","n2.n_name"],"Shared Hit Blocks":229605,"Shared Read Blocks":0,"Shared Dirtied Blocks":0,"Shared Written Blocks":0,"Local Hit Blocks":0,"Local Read Blocks":0,"Local Dirtied Blocks":0,"Local Written Blocks":0,"Temp Read Blocks":545,"Temp Written Blocks":548,"I/O Read Time":0.0,"I/O Write Time":0.0,"Temp I/O Read Time":0.769,"Temp I/O Write Time":2.115,"Plans":[{"Node Type":"Sort","Parent Relationship":"Outer","Parallel Aware":false,"Async Capable":false,"Startup Cost":278013.7,"Total Cost":278255.62,"Plan Rows":96766,"Plan Width":20,"Actual Startup Time":854.764,"Actual Total Time":871.684,"Actual Rows":144982,"Actual Loops":1,"Output":["customer.c_nationkey","customer.c_id","customer.c_w_id","customer.c_d_id","n2.n_name"],"Sort Key":["customer.c_id","customer.c_w_id","customer.c_d_id"],"Sort Method":"external merge","Sort Space Used":4360,"Sort Space Type":"Disk","Shared Hit Blocks":229605,"Shared Read Blocks":0,"Shared Dirtied Blocks":0,"Shared Written Blocks":0,"Local Hit Blocks":0,"Local Read Blocks":0,"Local Dirtied Blocks":0,"Local Written Blocks":0,"Temp Read Blocks":545,"Temp Written Blocks":548,"I/O Read Time":0.0,"I/O Write Time":0.0,"Temp I/O Read Time":0.769,"Temp I/O Write Time":2.115,"Plans":[{"Node Type":"Hash Join","Parent Relationship":"Outer","Parallel Aware":false,"Async Capable":false,"Join Type":"Inner","Startup Cost":1.95,"Total Cost":268015.91,"Plan Rows":96766,"Plan Width":20,"Actual Startup Time":0.101,"Actual Total Time":800.043,"Actual Rows":144986,"Actual Loops":1,"Output":["customer.c_nationkey","customer.c_id","customer.c_w_id","customer.c_d_id","n2.n_name"],"Inner Unique":true,"Hash Cond":"(customer.c_nationkey = n2.n_nationkey)","Shared Hit Blocks":229605,"Shared Read Blocks":0,"Shared Dirtied Blocks":0,"Shared Written Blocks":0,"Local Hit Blocks":0,"Local Read Blocks":0,"Local Dirtied Blocks":0,"Local Written Blocks":0,"Temp Read Blocks":0,"Temp Written Blocks":0,"I/O Read Time":0.0,"I/O Write Time":0.0,"Temp I/O Read Time":0.0,"Temp I/O Write Time":0.0,"Plans":[{"Node Type":"Seq Scan","Parent Relationship":"Outer","Parallel Aware":false,"Async Capable":false,"Relation Name":"customer","Schema":"public","Alias":"customer","Startup Cost":0.0,"Total Cost":259601.38,"Plan Rows":2999738,"Plan Width":12,"Actual Startup Time":0.028,"Actual Total Time":344.036,"Actual Rows":3000000,"Actual Loops":1,"Output":["customer.c_id","customer.c_d_id","customer.c_w_id","customer.c_nationkey","customer.c_first","customer.c_middle","customer.c_last","customer.c_street_1","customer.c_street_2","customer.c_city","customer.c_state","customer.c_zip","customer.c_phone","customer.c_since","customer.c_credit","customer.c_credit_lim","customer.c_discount","customer.c_balance","customer.c_ytd_payment","customer.c_payment_cnt","customer.c_delivery_cnt","customer.c_data"],"Shared Hit Blocks":229604,"Shared Read Blocks":0,"Shared Dirtied Blocks":0,"Shared Written Blocks":0,"Local Hit Blocks":0,"Local Read Blocks":0,"Local Dirtied Blocks":0,"Local Written Blocks":0,"Temp Read Blocks":0,"Temp Written Blocks":0,"I/O Read Time":0.0,"I/O Write Time":0.0,"Temp I/O Read Time":0.0,"Temp I/O Write Time":0.0},{"Node Type":"Hash","Parent Relationship":"Inner","Parallel Aware":false,"Async Capable":false,"Startup Cost":1.93,"Total Cost":1.93,"Plan Rows":2,"Plan Width":12,"Actual Startup Time":0.026,"Actual Total Time":0.026,"Actual Rows":2,"Actual Loops":1,"Output":["n2.n_nationkey","n2.n_name"],"Hash Buckets":1024,"Original Hash Buckets":1024,"Hash Batches":1,"Original Hash Batches":1,"Peak Memory Usage":9,"Shared Hit Blocks":1,"Shared Read Blocks":0,"Shared Dirtied Blocks":0,"Shared Written Blocks":0,"Local Hit Blocks":0,"Local Read Blocks":0,"Local Dirtied Blocks":0,"Local Written Blocks":0,"Temp Read Blocks":0,"Temp Written Blocks":0,"I/O Read Time":0.0,"I/O Write Time":0.0,"Temp I/O Read Time":0.0,"Temp I/O Write Time":0.0,"Plans":[{"Node Type":"Seq Scan","Parent Relationship":"Outer","Parallel Aware":false,"Async Capable":false,"Relation Name":"nation","Schema":"public","Alias":"n2","Startup Cost":0.0,"Total Cost":1.93,"Plan Rows":2,"Plan Width":12,"Actual Startup Time":0.016,"Actual Total Time":0.021,"Actual Rows":2,"Actual Loops":1,"Output":["n2.n_nationkey","n2.n_name"],"Filter":"(((n2.n_name)::text = 'Cambodia'::text) OR ((n2.n_name)::text = 'Germany'::text))","Rows Removed by Filter":60,"Shared Hit Blocks":1,"Shared Read Blocks":0,"Shared Dirtied Blocks":0,"Shared Written Blocks":0,"Local Hit Blocks":0,"Local Read Blocks":0,"Local Dirtied Blocks":0,"Local Written Blocks":0,"Temp Read Blocks":0,"Temp Written Blocks":0,"I/O Read Time":0.0,"I/O Write Time":0.0,"Temp I/O Read Time":0.0,"Temp I/O Write Time":0.0}]}]}]}]}]}]}]},"Planning":{"Shared Hit Blocks":12,"Shared Read Blocks":0,"Shared Dirtied Blocks":0,"Shared Written Blocks":0,"Local Hit Blocks":0,"Local Read Blocks":0,"Local Dirtied Blocks":0,"Local Written Blocks":0,"Temp Read Blocks":0,"Temp Written Blocks":0,"I/O Read Time":0.0,"I/O Write Time":0.0,"Temp I/O Read Time":0.0,"Temp I/O Write Time":0.0},"Planning Time":2.895,"Triggers":[],"Execution Time":13994.537}]
[列存组合]: order_line, orders, stock
[{"Plan":{"Node Type":"Aggregate","Strategy":"Sorted","Partial Mode":"Simple","Parallel Aware":false,"Async Capable":false,"Startup Cost":919944.43,"Total Cost":920066.03,"Plan Rows":4422,"Plan Width":72,"Actual Startup Time":7315.25,"Actual Total Time":7316.516,"Actual Rows":6,"Actual Loops":1,"Output":["supplier.su_nationkey","customer.c_nationkey","(EXTRACT(year FROM orders.o_entry_d))","sum(order_line.ol_amount)"],"Group Key":["supplier.su_nationkey","customer.c_nationkey","(EXTRACT(year FROM orders.o_entry_d))"],"Shared Hit Blocks":251882,"Shared Read Blocks":0,"Shared Dirtied Blocks":0,"Shared Written Blocks":0,"Local Hit Blocks":0,"Local Read Blocks":0,"Local Dirtied Blocks":0,"Local Written Blocks":0,"Temp Read Blocks":20587,"Temp Written Blocks":20596,"I/O Read Time":0.0,"I/O Write Time":0.0,"Temp I/O Read Time":32.028,"Temp I/O Write Time":94.32,"Plans":[{"Node Type":"Sort","Parent Relationship":"Outer","Parallel Aware":false,"Async Capable":false,"Startup Cost":919944.43,"Total Cost":919955.48,"Plan Rows":4422,"Plan Width":44,"Actual Startup Time":7315.191,"Actual Total Time":7315.452,"Actual Rows":6043,"Actual Loops":1,"Output":["supplier.su_nationkey","customer.c_nationkey","(EXTRACT(year FROM orders.o_entry_d))","order_line.ol_amount"],"Sort Key":["supplier.su_nationkey","customer.c_nationkey","(EXTRACT(year FROM orders.o_entry_d))"],"Sort Method":"quicksort","Sort Space Used":523,"Sort Space Type":"Memory","Shared Hit Blocks":251882,"Shared Read Blocks":0,"Shared Dirtied Blocks":0,"Shared Written Blocks":0,"Local Hit Blocks":0,"Local Read Blocks":0,"Local Dirtied Blocks":0,"Local Written Blocks":0,"Temp Read Blocks":20587,"Temp Written Blocks":20596,"I/O Read Time":0.0,"I/O Write Time":0.0,"Temp I/O Read Time":32.028,"Temp I/O Write Time":94.32,"Plans":[{"Node Type":"Merge Join","Parent Relationship":"Outer","Parallel Aware":false,"Async Capable":false,"Join Type":"Inner","Startup Cost":915584.28,"Total Cost":919676.67,"Plan Rows":4422,"Plan Width":44,"Actual Startup Time":7162.402,"Actual Total Time":7313.765,"Actual Rows":6043,"Actual Loops":1,"Output":["supplier.su_nationkey","customer.c_nationkey","EXTRACT(year FROM orders.o_entry_d)","order_line.ol_amount"],"Merge Cond":"((orders.o_c_id = customer.c_id) AND (order_line.ol_w_id = customer.c_w_id) AND (order_line.ol_d_id = customer.c_d_id))","Join Filter":"((((n1.n_name)::text = 'Germany'::text) AND ((n2.n_name)::text = 'Cambodia'::text)) OR (((n1.n_name)::text = 'Cambodia'::text) AND ((n2.n_name)::text = 'Germany'::text)))","Rows Removed by Join Filter":5752,"Shared Hit Blocks":251882,"Shared Read Blocks":0,"Shared Dirtied Blocks":0,"Shared Written Blocks":0,"Local Hit Blocks":0,"Local Read Blocks":0,"Local Dirtied Blocks":0,"Local Written Blocks":0,"Temp Read Blocks":20587,"Temp Written Blocks":20596,"I/O Read Time":0.0,"I/O Write Time":0.0,"Temp I/O Read Time":32.028,"Temp I/O Write Time":94.32,"Plans":[{"Node Type":"Sort","Parent Relationship":"Outer","Parallel Aware":false,"Async Capable":false,"Startup Cost":637570.48,"Total Cost":638245.04,"Plan Rows":269824,"Plan Width":36,"Actual Startup Time":6304.135,"Actual Total Time":6375.129,"Actual Rows":242214,"Actual Loops":1,"Output":["supplier.su_nationkey","order_line.ol_amount","order_line.ol_w_id","order_line.ol_d_id","orders.o_entry_d","orders.o_w_id","orders.o_d_id","orders.o_c_id","n1.n_name"],"Sort Key":["orders.o_c_id","order_line.ol_w_id","order_line.ol_d_id"],"Sort Method":"external merge","Sort Space Used":11984,"Sort Space Type":"Disk","Shared Hit Blocks":22277,"Shared Read Blocks":0,"Shared Dirtied Blocks":0,"Shared Written Blocks":0,"Local Hit Blocks":0,"Local Read Blocks":0,"Local Dirtied Blocks":0,"Local Written Blocks":0,"Temp Read Blocks":20042,"Temp Written Blocks":20048,"I/O Read Time":0.0,"I/O Write Time":0.0,"Temp I/O Read Time":31.238,"Temp I/O Write Time":92.16,"Plans":[{"Node Type":"Hash Join","Parent Relationship":"Outer","Parallel Aware":false,"Async Capable":false,"Join Type":"Inner","Startup Cost":159362.06,"Total Cost":605852.11,"Plan Rows":269824,"Plan Width":36,"Actual Startup Time":1604.654,"Actual Total Time":6178.654,"Actual Rows":242214,"Actual Loops":1,"Output":["supplier.su_nationkey","order_line.ol_amount","order_line.ol_w_id","order_line.ol_d_id","orders.o_entry_d","orders.o_w_id","orders.o_d_id","orders.o_c_id","n1.n_name"],"Hash Cond":"((order_line.ol_w_id = orders.o_w_id) AND (order_line.ol_d_id = orders.o_d_id) AND (order_line.ol_o_id = orders.o_id))","Shared Hit Blocks":22277,"Shared Read Blocks":0,"Shared Dirtied Blocks":0,"Shared Written Blocks":0,"Local Hit Blocks":0,"Local Read Blocks":0,"Local Dirtied Blocks":0,"Local Written Blocks":0,"Temp Read Blocks":18544,"Temp Written Blocks":18544,"I/O Read Time":0.0,"I/O Write Time":0.0,"Temp I/O Read Time":29.046,"Temp I/O Write Time":86.668,"Plans":[{"Node Type":"Hash Join","Parent Relationship":"Outer","Parallel Aware":false,"Async Capable":false,"Join Type":"Inner","Startup Cost":29766.98,"Total Cost":452870.88,"Plan Rows":269988,"Plan Width":28,"Actual Startup Time":699.892,"Actual Total Time":4948.046,"Actual Rows":242214,"Actual Loops":1,"Output":["supplier.su_nationkey","order_line.ol_amount","order_line.ol_w_id","order_line.ol_d_id","order_line.ol_o_id","n1.n_name"],"Hash Cond":"(supplier.su_nationkey = n1.n_nationkey)","Shared Hit Blocks":218,"Shared Read Blocks":0,"Shared Dirtied Blocks":0,"Shared Written Blocks":0,"Local Hit Blocks":0,"Local Read Blocks":0,"Local Dirtied Blocks":0,"Local Written Blocks":0,"Temp Read Blocks":0,"Temp Written Blocks":0,"I/O Read Time":0.0,"I/O Write Time":0.0,"Temp I/O Read Time":0.0,"Temp I/O Write Time":0.0,"Plans":[{"Node Type":"Hash Join","Parent Relationship":"Outer","Parallel Aware":false,"Async Capable":false,"Join Type":"Inner","Startup Cost":29765.02,"Total Cost":429396.82,"Plan Rows":8369638,"Plan Width":20,"Actual Startup Time":699.748,"Actual Total Time":4348.441,"Actual Rows":8570498,"Actual Loops":1,"Output":["supplier.su_nationkey","order_line.ol_amount","order_line.ol_w_id","order_line.ol_d_id","order_line.ol_o_id"],"Hash Cond":"(mod((stock.s_w_id * stock.s_i_id), 10000) = supplier.su_suppkey)","Shared Hit Blocks":217,"Shared Read Blocks":0,"Shared Dirtied Blocks":0,"Shared Written Blocks":0,"Local Hit Blocks":0,"Local Read Blocks":0,"Local Dirtied Blocks":0,"Local Written Blocks":0,"Temp Read Blocks":0,"Temp Written Blocks":0,"I/O Read Time":0.0,"I/O Write Time":0.0,"Temp I/O Read Time":0.0,"Temp I/O Write Time":0.0,"Plans":[{"Node Type":"Hash Join","Parent Relationship":"Outer","Parallel Aware":false,"Async Capable":false,"Join Type":"Inner","Startup Cost":29323.02,"Total Cost":404880.91,"Plan Rows":8369638,"Plan Width":22,"Actual Startup Time":697.189,"Actual Total Time":2633.224,"Actual Rows":8570498,"Actual Loops":1,"Output":["stock.s_w_id","stock.s_i_id","order_line.ol_amount","order_line.ol_w_id","order_line.ol_d_id","order_line.ol_o_id"],"Hash Cond":"((order_line.ol_supply_w_id = stock.s_w_id) AND (order_line.ol_i_id = stock.s_i_id))","Rows Removed by Bloom Filter":0,"Shared Hit Blocks":0,"Shared Read Blocks":0,"Shared Dirtied Blocks":0,"Shared Written Blocks":0,"Local Hit Blocks":0,"Local Read Blocks":0,"Local Dirtied Blocks":0,"Local Written Blocks":0,"Temp Read Blocks":0,"Temp Written Blocks":0,"I/O Read Time":0.0,"I/O Write Time":0.0,"Temp I/O Read Time":0.0,"Temp I/O Write Time":0.0,"Plans":[{"Node Type":"Append","Parent Relationship":"Outer","Parallel Aware":false,"Async Capable":false,"Startup Cost":20.0,"Total Cost":230190.58,"Plan Rows":8369638,"Plan Width":22,"Actual Startup Time":12.708,"Actual Total Time":12.713,"Actual Rows":8570498,"Actual Loops":1,"Shared Hit Blocks":0,"Shared Read Blocks":0,"Shared Dirtied Blocks":0,"Shared Written Blocks":0,"Local Hit Blocks":0,"Local Read Blocks":0,"Local Dirtied Blocks":0,"Local Written Blocks":0,"Temp Read Blocks":0,"Temp Written Blocks":0,"I/O Read Time":0.0,"I/O Write Time":0.0,"Temp I/O Read Time":0.0,"Temp I/O Write Time":0.0,"Subplans Removed":0,"Plans":[{"Node Type":"Custom Scan","Parent Relationship":"Member","Custom Plan Provider":"columnar scan","Parallel Aware":false,"Async Capable":false,"Relation Name":"order_line","Schema":"public","Alias":"order_line","Startup Cost":20.0,"Total Cost":230185.68,"Plan Rows":8369621,"Plan Width":22,"Actual Startup Time":12.707,"Actual Total Time":12.708,"Actual Rows":8570498,"Actual Loops":1,"Output":["order_line.ol_amount","order_line.ol_supply_w_id","order_line.ol_i_id","order_line.ol_w_id","order_line.ol_d_id","order_line.ol_o_id"],"Filter":"((order_line.ol_delivery_d <= '1997-01-01 20:10:02.27764'::timestamp without time zone) AND (order_line.ol_delivery_d >= '1995-01-02 20:10:02.27764'::timestamp without time zone))","Rows Removed by Filter":0,"Rows Removed by Columnar Filter":21427234,"Columnar cache search mode":"native","Shared Hit Blocks":0,"Shared Read Blocks":0,"Shared Dirtied Blocks":0,"Shared Written Blocks":0,"Local Hit Blocks":0,"Local Read Blocks":0,"Local Dirtied Blocks":0,"Local Written Blocks":0,"Temp Read Blocks":0,"Temp Written Blocks":0,"I/O Read Time":0.0,"I/O Write Time":0.0,"Temp I/O Read Time":0.0,"Temp I/O Write Time":0.0},{"Node Type":"Seq Scan","Parent Relationship":"Member","Parallel Aware":false,"Async Capable":false,"Relation Name":"order_line","Schema":"public","Alias":"order_line","Startup Cost":0.0,"Total Cost":4.9,"Plan Rows":17,"Plan Width":22,"Actual Startup Time":0.0,"Actual Total Time":0.0,"Actual Rows":0,"Actual Loops":0,"Output":["order_line.ol_amount","order_line.ol_supply_w_id","order_line.ol_i_id","order_line.ol_w_id","order_line.ol_d_id","order_line.ol_o_id"],"Filter":"((order_line.ol_delivery_d <= '1997-01-01 20:10:02.27764'::timestamp without time zone) AND (order_line.ol_delivery_d >= '1995-01-02 20:10:02.27764'::timestamp without time zone))","Rows Removed by Filter":0,"Shared Hit Blocks":0,"Shared Read Blocks":0,"Shared Dirtied Blocks":0,"Shared Written Blocks":0,"Local Hit Blocks":0,"Local Read Blocks":0,"Local Dirtied Blocks":0,"Local Written Blocks":0,"Temp Read Blocks":0,"Temp Written Blocks":0,"I/O Read Time":0.0,"I/O Write Time":0.0,"Temp I/O Read Time":0.0,"Temp I/O Write Time":0.0}]},{"Node Type":"Hash","Parent Relationship":"Inner","Parallel Aware":false,"Async Capable":false,"Startup Cost":195025.67,"Total Cost":195025.67,"Plan Rows":10000162,"Plan Width":6,"Actual Rows":10000000,"Actual Loops":1,"Output":["stock.s_w_id","stock.s_i_id"],"Shared Hit Blocks":0,"Shared Read Blocks":0,"Shared Dirtied Blocks":0,"Shared Written Blocks":0,"Local Hit Blocks":0,"Local Read Blocks":0,"Local Dirtied Blocks":0,"Local Written Blocks":0,"Temp Read Blocks":0,"Temp Written Blocks":0,"I/O Read Time":0.0,"I/O Write Time":0.0,"Temp I/O Read Time":0.0,"Temp I/O Write Time":0.0,"Plans":[{"Node Type":"Append","Parent Relationship":"Outer","Parallel Aware":false,"Async Capable":false,"Startup Cost":20.0,"Total Cost":195025.67,"Plan Rows":10000162,"Plan Width":6,"Actual Startup Time":0.214,"Actual Total Time":0.214,"Actual Rows":10000000,"Actual Loops":1,"Shared Hit Blocks":0,"Shared Read Blocks":0,"Shared Dirtied Blocks":0,"Shared Written Blocks":0,"Local Hit Blocks":0,"Local Read Blocks":0,"Local Dirtied Blocks":0,"Local Written Blocks":0,"Temp Read Blocks":0,"Temp Written Blocks":0,"I/O Read Time":0.0,"I/O Write Time":0.0,"Temp I/O Read Time":0.0,"Temp I/O Write Time":0.0,"Subplans Removed":0,"Plans":[{"Node Type":"Custom Scan","Parent Relationship":"Member","Custom Plan Provider":"columnar scan","Parallel Aware":false,"Async Capable":false,"Relation Name":"stock","Schema":"public","Alias":"stock","Startup Cost":20.0,"Total Cost":195020.05,"Plan Rows":10000000,"Plan Width":6,"Actual Startup Time":0.211,"Actual Total Time":0.212,"Actual Rows":10000000,"Actual Loops":1,"Output":["stock.s_w_id","stock.s_i_id"],"Rows Removed by Columnar Filter":0,"Columnar cache search mode":"native","Shared Hit Blocks":0,"Shared Read Blocks":0,"Shared Dirtied Blocks":0,"Shared Written Blocks":0,"Local Hit Blocks":0,"Local Read Blocks":0,"Local Dirtied Blocks":0,"Local Written Blocks":0,"Temp Read Blocks":0,"Temp Written Blocks":0,"I/O Read Time":0.0,"I/O Write Time":0.0,"Temp I/O Read Time":0.0,"Temp I/O Write Time":0.0},{"Node Type":"Seq Scan","Parent Relationship":"Member","Parallel Aware":false,"Async Capable":false,"Relation Name":"stock","Schema":"public","Alias":"stock","Startup Cost":0.0,"Total Cost":5.62,"Plan Rows":162,"Plan Width":6,"Actual Startup Time":0.0,"Actual Total Time":0.0,"Actual Rows":0,"Actual Loops":0,"Output":["stock.s_w_id","stock.s_i_id"],"Shared Hit Blocks":0,"Shared Read Blocks":0,"Shared Dirtied Blocks":0,"Shared Written Blocks":0,"Local Hit Blocks":0,"Local Read Blocks":0,"Local Dirtied Blocks":0,"Local Written Blocks":0,"Temp Read Blocks":0,"Temp Written Blocks":0,"I/O Read Time":0.0,"I/O Write Time":0.0,"Temp I/O Read Time":0.0,"Temp I/O Write Time":0.0}]}]}]},{"Node Type":"Hash","Parent Relationship":"Inner","Parallel Aware":false,"Async Capable":false,"Startup Cost":317.0,"Total Cost":317.0,"Plan Rows":10000,"Plan Width":8,"Actual Startup Time":2.497,"Actual Total Time":2.497,"Actual Rows":10000,"Actual Loops":1,"Output":["supplier.su_nationkey","supplier.su_suppkey"],"Hash Buckets":16384,"Original Hash Buckets":16384,"Hash Batches":1,"Original Hash Batches":1,"Peak Memory Usage":519,"Shared Hit Blocks":217,"Shared Read Blocks":0,"Shared Dirtied Blocks":0,"Shared Written Blocks":0,"Local Hit Blocks":0,"Local Read Blocks":0,"Local Dirtied Blocks":0,"Local Written Blocks":0,"Temp Read Blocks":0,"Temp Written Blocks":0,"I/O Read Time":0.0,"I/O Write Time":0.0,"Temp I/O Read Time":0.0,"Temp I/O Write Time":0.0,"Plans":[{"Node Type":"Seq Scan","Parent Relationship":"Outer","Parallel Aware":false,"Async Capable":false,"Relation Name":"supplier","Schema":"public","Alias":"supplier","Startup Cost":0.0,"Total Cost":317.0,"Plan Rows":10000,"Plan Width":8,"Actual Startup Time":0.006,"Actual Total Time":1.272,"Actual Rows":10000,"Actual Loops":1,"Output":["supplier.su_nationkey","supplier.su_suppkey"],"Shared Hit Blocks":217,"Shared Read Blocks":0,"Shared Dirtied Blocks":0,"Shared Written Blocks":0,"Local Hit Blocks":0,"Local Read Blocks":0,"Local Dirtied Blocks":0,"Local Written Blocks":0,"Temp Read Blocks":0,"Temp Written Blocks":0,"I/O Read Time":0.0,"I/O Write Time":0.0,"Temp I/O Read Time":0.0,"Temp I/O Write Time":0.0}]}]},{"Node Type":"Hash","Parent Relationship":"Inner","Parallel Aware":false,"Async Capable":false,"Startup Cost":1.93,"Total Cost":1.93,"Plan Rows":2,"Plan Width":12,"Actual Startup Time":0.024,"Actual Total Time":0.026,"Actual Rows":2,"Actual Loops":1,"Output":["n1.n_nationkey","n1.n_name"],"Hash Buckets":1024,"Original Hash Buckets":1024,"Hash Batches":1,"Original Hash Batches":1,"Peak Memory Usage":9,"Shared Hit Blocks":1,"Shared Read Blocks":0,"Shared Dirtied Blocks":0,"Shared Written Blocks":0,"Local Hit Blocks":0,"Local Read Blocks":0,"Local Dirtied Blocks":0,"Local Written Blocks":0,"Temp Read Blocks":0,"Temp Written Blocks":0,"I/O Read Time":0.0,"I/O Write Time":0.0,"Temp I/O Read Time":0.0,"Temp I/O Write Time":0.0,"Plans":[{"Node Type":"Seq Scan","Parent Relationship":"Outer","Parallel Aware":false,"Async Capable":false,"Relation Name":"nation","Schema":"public","Alias":"n1","Startup Cost":0.0,"Total Cost":1.93,"Plan Rows":2,"Plan Width":12,"Actual Startup Time":0.015,"Actual Total Time":0.02,"Actual Rows":2,"Actual Loops":1,"Output":["n1.n_nationkey","n1.n_name"],"Filter":"(((n1.n_name)::text = 'Germany'::text) OR ((n1.n_name)::text = 'Cambodia'::text))","Rows Removed by Filter":60,"Shared Hit Blocks":1,"Shared Read Blocks":0,"Shared Dirtied Blocks":0,"Shared Written Blocks":0,"Local Hit Blocks":0,"Local Read Blocks":0,"Local Dirtied Blocks":0,"Local Written Blocks":0,"Temp Read Blocks":0,"Temp Written Blocks":0,"I/O Read Time":0.0,"I/O Write Time":0.0,"Temp I/O Read Time":0.0,"Temp I/O Write Time":0.0}]}]},{"Node Type":"Hash","Parent Relationship":"Inner","Parallel Aware":false,"Async Capable":false,"Startup Cost":59559.0,"Total Cost":59559.0,"Plan Rows":2998176,"Plan Width":24,"Actual Startup Time":903.739,"Actual Total Time":903.74,"Actual Rows":2997892,"Actual Loops":1,"Output":["orders.o_entry_d","orders.o_w_id","orders.o_d_id","orders.o_id","orders.o_c_id"],"Hash Buckets":131072,"Original Hash Buckets":131072,"Hash Batches":32,"Original Hash Batches":32,"Peak Memory Usage":6539,"Shared Hit Blocks":22059,"Shared Read Blocks":0,"Shared Dirtied Blocks":0,"Shared Written Blocks":0,"Local Hit Blocks":0,"Local Read Blocks":0,"Local Dirtied Blocks":0,"Local Written Blocks":0,"Temp Read Blocks":0,"Temp Written Blocks":16995,"I/O Read Time":0.0,"I/O Write Time":0.0,"Temp I/O Read Time":0.0,"Temp I/O Write Time":77.065,"Plans":[{"Node Type":"Seq Scan","Parent Relationship":"Outer","Parallel Aware":false,"Async Capable":false,"Relation Name":"orders","Schema":"public","Alias":"orders","Startup Cost":0.0,"Total Cost":59559.0,"Plan Rows":2998176,"Plan Width":24,"Actual Startup Time":0.029,"Actual Total Time":366.288,"Actual Rows":2997892,"Actual Loops":1,"Output":["orders.o_entry_d","orders.o_w_id","orders.o_d_id","orders.o_id","orders.o_c_id"],"Filter":"(orders.o_entry_d >= '1992-01-02 20:10:02.27764'::timestamp without time zone)","Rows Removed by Filter":2108,"Shared Hit Blocks":22059,"Shared Read Blocks":0,"Shared Dirtied Blocks":0,"Shared Written Blocks":0,"Local Hit Blocks":0,"Local Read Blocks":0,"Local Dirtied Blocks":0,"Local Written Blocks":0,"Temp Read Blocks":0,"Temp Written Blocks":0,"I/O Read Time":0.0,"I/O Write Time":0.0,"Temp I/O Read Time":0.0,"Temp I/O Write Time":0.0}]}]}]},{"Node Type":"Materialize","Parent Relationship":"Inner","Parallel Aware":false,"Async Capable":false,"Startup Cost":278013.7,"Total Cost":278497.53,"Plan Rows":96766,"Plan Width":20,"Actual Startup Time":858.233,"Actual Total Time":890.931,"Actual Rows":146547,"Actual Loops":1,"Output":["customer.c_nationkey","customer.c_id","customer.c_w_id","customer.c_d_id","n2.n_name"],"Shared Hit Blocks":229605,"Shared Read Blocks":0,"Shared Dirtied Blocks":0,"Shared Written Blocks":0,"Local Hit Blocks":0,"Local Read Blocks":0,"Local Dirtied Blocks":0,"Local Written Blocks":0,"Temp Read Blocks":545,"Temp Written Blocks":548,"I/O Read Time":0.0,"I/O Write Time":0.0,"Temp I/O Read Time":0.79,"Temp I/O Write Time":2.16,"Plans":[{"Node Type":"Sort","Parent Relationship":"Outer","Parallel Aware":false,"Async Capable":false,"Startup Cost":278013.7,"Total Cost":278255.62,"Plan Rows":96766,"Plan Width":20,"Actual Startup Time":858.229,"Actual Total Time":875.133,"Actual Rows":144982,"Actual Loops":1,"Output":["customer.c_nationkey","customer.c_id","customer.c_w_id","customer.c_d_id","n2.n_name"],"Sort Key":["customer.c_id","customer.c_w_id","customer.c_d_id"],"Sort Method":"external merge","Sort Space Used":4360,"Sort Space Type":"Disk","Shared Hit Blocks":229605,"Shared Read Blocks":0,"Shared Dirtied Blocks":0,"Shared Written Blocks":0,"Local Hit Blocks":0,"Local Read Blocks":0,"Local Dirtied Blocks":0,"Local Written Blocks":0,"Temp Read Blocks":545,"Temp Written Blocks":548,"I/O Read Time":0.0,"I/O Write Time":0.0,"Temp I/O Read Time":0.79,"Temp I/O Write Time":2.16,"Plans":[{"Node Type":"Hash Join","Parent Relationship":"Outer","Parallel Aware":false,"Async Capable":false,"Join Type":"Inner","Startup Cost":1.95,"Total Cost":268015.91,"Plan Rows":96766,"Plan Width":20,"Actual Startup Time":0.076,"Actual Total Time":801.554,"Actual Rows":144986,"Actual Loops":1,"Output":["customer.c_nationkey","customer.c_id","customer.c_w_id","customer.c_d_id","n2.n_name"],"Hash Cond":"(customer.c_nationkey = n2.n_nationkey)","Shared Hit Blocks":229605,"Shared Read Blocks":0,"Shared Dirtied Blocks":0,"Shared Written Blocks":0,"Local Hit Blocks":0,"Local Read Blocks":0,"Local Dirtied Blocks":0,"Local Written Blocks":0,"Temp Read Blocks":0,"Temp Written Blocks":0,"I/O Read Time":0.0,"I/O Write Time":0.0,"Temp I/O Read Time":0.0,"Temp I/O Write Time":0.0,"Plans":[{"Node Type":"Seq Scan","Parent Relationship":"Outer","Parallel Aware":false,"Async Capable":false,"Relation Name":"customer","Schema":"public","Alias":"customer","Startup Cost":0.0,"Total Cost":259601.38,"Plan Rows":2999738,"Plan Width":12,"Actual Startup Time":0.014,"Actual Total Time":346.153,"Actual Rows":3000000,"Actual Loops":1,"Output":["customer.c_id","customer.c_d_id","customer.c_w_id","customer.c_nationkey","customer.c_first","customer.c_middle","customer.c_last","customer.c_street_1","customer.c_street_2","customer.c_city","customer.c_state","customer.c_zip","customer.c_phone","customer.c_since","customer.c_credit","customer.c_credit_lim","customer.c_discount","customer.c_balance","customer.c_ytd_payment","customer.c_payment_cnt","customer.c_delivery_cnt","customer.c_data"],"Shared Hit Blocks":229604,"Shared Read Blocks":0,"Shared Dirtied Blocks":0,"Shared Written Blocks":0,"Local Hit Blocks":0,"Local Read Blocks":0,"Local Dirtied Blocks":0,"Local Written Blocks":0,"Temp Read Blocks":0,"Temp Written Blocks":0,"I/O Read Time":0.0,"I/O Write Time":0.0,"Temp I/O Read Time":0.0,"Temp I/O Write Time":0.0},{"Node Type":"Hash","Parent Relationship":"Inner","Parallel Aware":false,"Async Capable":false,"Startup Cost":1.93,"Total Cost":1.93,"Plan Rows":2,"Plan Width":12,"Actual Startup Time":0.022,"Actual Total Time":0.022,"Actual Rows":2,"Actual Loops":1,"Output":["n2.n_nationkey","n2.n_name"],"Hash Buckets":1024,"Original Hash Buckets":1024,"Hash Batches":1,"Original Hash Batches":1,"Peak Memory Usage":9,"Shared Hit Blocks":1,"Shared Read Blocks":0,"Shared Dirtied Blocks":0,"Shared Written Blocks":0,"Local Hit Blocks":0,"Local Read Blocks":0,"Local Dirtied Blocks":0,"Local Written Blocks":0,"Temp Read Blocks":0,"Temp Written Blocks":0,"I/O Read Time":0.0,"I/O Write Time":0.0,"Temp I/O Read Time":0.0,"Temp I/O Write Time":0.0,"Plans":[{"Node Type":"Seq Scan","Parent Relationship":"Outer","Parallel Aware":false,"Async Capable":false,"Relation Name":"nation","Schema":"public","Alias":"n2","Startup Cost":0.0,"Total Cost":1.93,"Plan Rows":2,"Plan Width":12,"Actual Startup Time":0.01,"Actual Total Time":0.015,"Actual Rows":2,"Actual Loops":1,"Output":["n2.n_nationkey","n2.n_name"],"Filter":"(((n2.n_name)::text = 'Cambodia'::text) OR ((n2.n_name)::text = 'Germany'::text))","Rows Removed by Filter":60,"Shared Hit Blocks":1,"Shared Read Blocks":0,"Shared Dirtied Blocks":0,"Shared Written Blocks":0,"Local Hit Blocks":0,"Local Read Blocks":0,"Local Dirtied Blocks":0,"Local Written Blocks":0,"Temp Read Blocks":0,"Temp Written Blocks":0,"I/O Read Time":0.0,"I/O Write Time":0.0,"Temp I/O Read Time":0.0,"Temp I/O Write Time":0.0}]}]}]}]}]}]}]},"Planning":{"Shared Hit Blocks":12,"Shared Read Blocks":0,"Shared Dirtied Blocks":0,"Shared Written Blocks":0,"Local Hit Blocks":0,"Local Read Blocks":0,"Local Dirtied Blocks":0,"Local Written Blocks":0,"Temp Read Blocks":0,"Temp Written Blocks":0,"I/O Read Time":0.0,"I/O Write Time":0.0,"Temp I/O Read Time":0.0,"Temp I/O Write Time":0.0},"Planning Time":3.214,"Triggers":[],"Execution Time":7320.19}]
[列存组合]: order_line, orders, supplier
[{"Plan":{"Node Type":"Aggregate","Strategy":"Sorted","Partial Mode":"Simple","Parallel Aware":false,"Async Capable":false,"Startup Cost":1144380.43,"Total Cost":1144502.03,"Plan Rows":4422,"Plan Width":72,"Actual Startup Time":11268.466,"Actual Total Time":11269.742,"Actual Rows":6,"Actual Loops":1,"Output":["supplier.su_nationkey","customer.c_nationkey","(EXTRACT(year FROM orders.o_entry_d))","sum(order_line.ol_amount)"],"Group Key":["supplier.su_nationkey","customer.c_nationkey","(EXTRACT(year FROM orders.o_entry_d))"],"Shared Hit Blocks":256944,"Shared Read Blocks":0,"Shared Dirtied Blocks":0,"Shared Written Blocks":0,"Local Hit Blocks":0,"Local Read Blocks":0,"Local Dirtied Blocks":0,"Local Written Blocks":0,"Temp Read Blocks":67281,"Temp Written Blocks":67281,"I/O Read Time":0.0,"I/O Write Time":0.0,"Temp I/O Read Time":105.799,"Temp I/O Write Time":299.355,"Plans":[{"Node Type":"Sort","Parent Relationship":"Outer","Parallel Aware":false,"Async Capable":false,"Startup Cost":1144380.43,"Total Cost":1144391.48,"Plan Rows":4422,"Plan Width":44,"Actual Startup Time":11268.404,"Actual Total Time":11268.675,"Actual Rows":6043,"Actual Loops":1,"Output":["supplier.su_nationkey","customer.c_nationkey","(EXTRACT(year FROM orders.o_entry_d))","order_line.ol_amount"],"Sort Key":["supplier.su_nationkey","customer.c_nationkey","(EXTRACT(year FROM orders.o_entry_d))"],"Sort Method":"quicksort","Sort Space Used":523,"Sort Space Type":"Memory","Shared Hit Blocks":256944,"Shared Read Blocks":0,"Shared Dirtied Blocks":0,"Shared Written Blocks":0,"Local Hit Blocks":0,"Local Read Blocks":0,"Local Dirtied Blocks":0,"Local Written Blocks":0,"Temp Read Blocks":67281,"Temp Written Blocks":67281,"I/O Read Time":0.0,"I/O Write Time":0.0,"Temp I/O Read Time":105.799,"Temp I/O Write Time":299.355,"Plans":[{"Node Type":"Hash Join","Parent Relationship":"Outer","Parallel Aware":false,"Async Capable":false,"Join Type":"Inner","Startup Cost":812121.47,"Total Cost":1144112.66,"Plan Rows":4422,"Plan Width":44,"Actual Startup Time":7890.404,"Actual Total Time":11266.502,"Actual Rows":6043,"Actual Loops":1,"Output":["supplier.su_nationkey","customer.c_nationkey","EXTRACT(year FROM orders.o_entry_d)","order_line.ol_amount"],"Hash Cond":"((stock.s_w_id = order_line.ol_supply_w_id) AND (stock.s_i_id = order_line.ol_i_id))","Join Filter":"((((n1.n_name)::text = 'Germany'::text) AND ((n2.n_name)::text = 'Cambodia'::text)) OR (((n1.n_name)::text = 'Cambodia'::text) AND ((n2.n_name)::text = 'Germany'::text)))","Rows Removed by Join Filter":5752,"Shared Hit Blocks":256944,"Shared Read Blocks":0,"Shared Dirtied Blocks":0,"Shared Written Blocks":0,"Local Hit Blocks":0,"Local Read Blocks":0,"Local Dirtied Blocks":0,"Local Written Blocks":0,"Temp Read Blocks":67281,"Temp Written Blocks":67281,"I/O Read Time":0.0,"I/O Write Time":0.0,"Temp I/O Read Time":105.799,"Temp I/O Write Time":299.355,"Plans":[{"Node Type":"Hash Join","Parent Relationship":"Outer","Parallel Aware":false,"Async Capable":false,"Join Type":"Inner","Startup Cost":346.41,"Total Cost":316845.49,"Plan Rows":322586,"Plan Width":18,"Actual Startup Time":3.251,"Actual Total Time":3269.66,"Actual Rows":283200,"Actual Loops":1,"Output":["supplier.su_nationkey","stock.s_w_id","stock.s_i_id","n1.n_name"],"Hash Cond":"(supplier.su_nationkey = n1.n_nationkey)","Shared Hit Blocks":27339,"Shared Read Blocks":0,"Shared Dirtied Blocks":0,"Shared Written Blocks":0,"Local Hit Blocks":0,"Local Read Blocks":0,"Local Dirtied Blocks":0,"Local Written Blocks":0,"Temp Read Blocks":0,"Temp Written Blocks":0,"I/O Read Time":0.0,"I/O Write Time":0.0,"Temp I/O Read Time":0.0,"Temp I/O Write Time":0.0,"Plans":[{"Node Type":"Hash Join","Parent Relationship":"Outer","Parallel Aware":false,"Async Capable":false,"Join Type":"Inner","Startup Cost":344.46,"Total Cost":288798.73,"Plan Rows":10000162,"Plan Width":10,"Actual Startup Time":3.222,"Actual Total Time":2601.182,"Actual Rows":10000000,"Actual Loops":1,"Output":["supplier.su_nationkey","stock.s_w_id","stock.s_i_id"],"Hash Cond":"(mod((stock.s_w_id * stock.s_i_id), 10000) = supplier.su_suppkey)","Shared Hit Blocks":27338,"Shared Read Blocks":0,"Shared Dirtied Blocks":0,"Shared Written Blocks":0,"Local Hit Blocks":0,"Local Read Blocks":0,"Local Dirtied Blocks":0,"Local Written Blocks":0,"Temp Read Blocks":0,"Temp Written Blocks":0,"I/O Read Time":0.0,"I/O Write Time":0.0,"Temp I/O Read Time":0.0,"Temp I/O Write Time":0.0,"Plans":[{"Node Type":"Index Only Scan","Parent Relationship":"Outer","Parallel Aware":false,"Async Capable":false,"Scan Direction":"Forward","Index Name":"stock_pk","Relation Name":"stock","Schema":"public","Alias":"stock","Startup Cost":0.43,"Total Cost":259690.86,"Plan Rows":10000162,"Plan Width":6,"Actual Startup Time":0.018,"Actual Total Time":768.626,"Actual Rows":10000000,"Actual Loops":1,"Output":["stock.s_w_id","stock.s_i_id"],"Heap Fetches":0,"Shared Hit Blocks":27338,"Shared Read Blocks":0,"Shared Dirtied Blocks":0,"Shared Written Blocks":0,"Local Hit Blocks":0,"Local Read Blocks":0,"Local Dirtied Blocks":0,"Local Written Blocks":0,"Temp Read Blocks":0,"Temp Written Blocks":0,"I/O Read Time":0.0,"I/O Write Time":0.0,"Temp I/O Read Time":0.0,"Temp I/O Write Time":0.0},{"Node Type":"Hash","Parent Relationship":"Inner","Parallel Aware":false,"Async Capable":false,"Startup Cost":219.01,"Total Cost":219.01,"Plan Rows":10001,"Plan Width":8,"Actual Startup Time":3.156,"Actual Total Time":3.158,"Actual Rows":10000,"Actual Loops":1,"Output":["supplier.su_nationkey","supplier.su_suppkey"],"Hash Buckets":16384,"Original Hash Buckets":16384,"Hash Batches":1,"Original Hash Batches":1,"Peak Memory Usage":519,"Shared Hit Blocks":0,"Shared Read Blocks":0,"Shared Dirtied Blocks":0,"Shared Written Blocks":0,"Local Hit Blocks":0,"Local Read Blocks":0,"Local Dirtied Blocks":0,"Local Written Blocks":0,"Temp Read Blocks":0,"Temp Written Blocks":0,"I/O Read Time":0.0,"I/O Write Time":0.0,"Temp I/O Read Time":0.0,"Temp I/O Write Time":0.0,"Plans":[{"Node Type":"Append","Parent Relationship":"Outer","Parallel Aware":false,"Async Capable":false,"Startup Cost":20.0,"Total Cost":219.01,"Plan Rows":10001,"Plan Width":8,"Actual Startup Time":0.01,"Actual Total Time":1.937,"Actual Rows":10000,"Actual Loops":1,"Shared Hit Blocks":0,"Shared Read Blocks":0,"Shared Dirtied Blocks":0,"Shared Written Blocks":0,"Local Hit Blocks":0,"Local Read Blocks":0,"Local Dirtied Blocks":0,"Local Written Blocks":0,"Temp Read Blocks":0,"Temp Written Blocks":0,"I/O Read Time":0.0,"I/O Write Time":0.0,"Temp I/O Read Time":0.0,"Temp I/O Write Time":0.0,"Subplans Removed":0,"Plans":[{"Node Type":"Custom Scan","Parent Relationship":"Member","Custom Plan Provider":"columnar scan","Parallel Aware":false,"Async Capable":false,"Relation Name":"supplier","Schema":"public","Alias":"supplier","Startup Cost":20.0,"Total Cost":215.0,"Plan Rows":10000,"Plan Width":8,"Actual Startup Time":0.009,"Actual Total Time":1.084,"Actual Rows":10000,"Actual Loops":1,"Output":["supplier.su_nationkey","supplier.su_suppkey"],"Rows Removed by Columnar Filter":0,"Columnar cache search mode":"native","Shared Hit Blocks":0,"Shared Read Blocks":0,"Shared Dirtied Blocks":0,"Shared Written Blocks":0,"Local Hit Blocks":0,"Local Read Blocks":0,"Local Dirtied Blocks":0,"Local Written Blocks":0,"Temp Read Blocks":0,"Temp Written Blocks":0,"I/O Read Time":0.0,"I/O Write Time":0.0,"Temp I/O Read Time":0.0,"Temp I/O Write Time":0.0},{"Node Type":"Seq Scan","Parent Relationship":"Member","Parallel Aware":false,"Async Capable":false,"Relation Name":"supplier","Schema":"public","Alias":"supplier","Startup Cost":0.0,"Total Cost":4.01,"Plan Rows":1,"Plan Width":8,"Actual Startup Time":0.0,"Actual Total Time":0.0,"Actual Rows":0,"Actual Loops":0,"Output":["supplier.su_nationkey","supplier.su_suppkey"],"Shared Hit Blocks":0,"Shared Read Blocks":0,"Shared Dirtied Blocks":0,"Shared Written Blocks":0,"Local Hit Blocks":0,"Local Read Blocks":0,"Local Dirtied Blocks":0,"Local Written Blocks":0,"Temp Read Blocks":0,"Temp Written Blocks":0,"I/O Read Time":0.0,"I/O Write Time":0.0,"Temp I/O Read Time":0.0,"Temp I/O Write Time":0.0}]}]}]},{"Node Type":"Hash","Parent Relationship":"Inner","Parallel Aware":false,"Async Capable":false,"Startup Cost":1.93,"Total Cost":1.93,"Plan Rows":2,"Plan Width":12,"Actual Startup Time":0.02,"Actual Total Time":0.021,"Actual Rows":2,"Actual Loops":1,"Output":["n1.n_nationkey","n1.n_name"],"Hash Buckets":1024,"Original Hash Buckets":1024,"Hash Batches":1,"Original Hash Batches":1,"Peak Memory Usage":9,"Shared Hit Blocks":1,"Shared Read Blocks":0,"Shared Dirtied Blocks":0,"Shared Written Blocks":0,"Local Hit Blocks":0,"Local Read Blocks":0,"Local Dirtied Blocks":0,"Local Written Blocks":0,"Temp Read Blocks":0,"Temp Written Blocks":0,"I/O Read Time":0.0,"I/O Write Time":0.0,"Temp I/O Read Time":0.0,"Temp I/O Write Time":0.0,"Plans":[{"Node Type":"Seq Scan","Parent Relationship":"Outer","Parallel Aware":false,"Async Capable":false,"Relation Name":"nation","Schema":"public","Alias":"n1","Startup Cost":0.0,"Total Cost":1.93,"Plan Rows":2,"Plan Width":12,"Actual Startup Time":0.011,"Actual Total Time":0.016,"Actual Rows":2,"Actual Loops":1,"Output":["n1.n_nationkey","n1.n_name"],"Filter":"(((n1.n_name)::text = 'Germany'::text) OR ((n1.n_name)::text = 'Cambodia'::text))","Rows Removed by Filter":60,"Shared Hit Blocks":1,"Shared Read Blocks":0,"Shared Dirtied Blocks":0,"Shared Written Blocks":0,"Local Hit Blocks":0,"Local Read Blocks":0,"Local Dirtied Blocks":0,"Local Written Blocks":0,"Temp Read Blocks":0,"Temp Written Blocks":0,"I/O Read Time":0.0,"I/O Write Time":0.0,"Temp I/O Read Time":0.0,"Temp I/O Write Time":0.0}]}]},{"Node Type":"Hash","Parent Relationship":"Inner","Parallel Aware":false,"Async Capable":false,"Startup Cost":805882.69,"Total Cost":805882.69,"Plan Rows":269824,"Plan Width":30,"Actual Startup Time":7885.356,"Actual Total Time":7885.372,"Actual Rows":414592,"Actual Loops":1,"Output":["order_line.ol_amount","order_line.ol_supply_w_id","order_line.ol_i_id","orders.o_entry_d","customer.c_nationkey","n2.n_name"],"Hash Buckets":131072,"Original Hash Buckets":131072,"Hash Batches":4,"Original Hash Batches":4,"Peak Memory Usage":7952,"Shared Hit Blocks":229605,"Shared Read Blocks":0,"Shared Dirtied Blocks":0,"Shared Written Blocks":0,"Local Hit Blocks":0,"Local Read Blocks":0,"Local Dirtied Blocks":0,"Local Written Blocks":0,"Temp Read Blocks":64076,"Temp Written Blocks":66228,"I/O Read Time":0.0,"I/O Write Time":0.0,"Temp I/O Read Time":100.867,"Temp I/O Write Time":293.917,"Plans":[{"Node Type":"Hash Join","Parent Relationship":"Outer","Parallel Aware":false,"Async Capable":false,"Join Type":"Inner","Startup Cost":337038.47,"Total Cost":805882.69,"Plan Rows":269824,"Plan Width":30,"Actual Startup Time":1384.117,"Actual Total Time":7794.194,"Actual Rows":414592,"Actual Loops":1,"Output":["order_line.ol_amount","order_line.ol_supply_w_id","order_line.ol_i_id","orders.o_entry_d","customer.c_nationkey","n2.n_name"],"Hash Cond":"(customer.c_nationkey = n2.n_nationkey)","Shared Hit Blocks":229605,"Shared Read Blocks":0,"Shared Dirtied Blocks":0,"Shared Written Blocks":0,"Local Hit Blocks":0,"Local Read Blocks":0,"Local Dirtied Blocks":0,"Local Written Blocks":0,"Temp Read Blocks":64076,"Temp Written Blocks":64076,"I/O Read Time":0.0,"I/O Write Time":0.0,"Temp I/O Read Time":100.867,"Temp I/O Write Time":284.157,"Plans":[{"Node Type":"Hash Join","Parent Relationship":"Outer","Parallel Aware":false,"Async Capable":false,"Join Type":"Inner","Startup Cost":337036.52,"Total Cost":782422.9,"Plan Rows":8364549,"Plan Width":22,"Actual Startup Time":1382.92,"Actual Total Time":7172.76,"Actual Rows":8570498,"Actual Loops":1,"Output":["order_line.ol_amount","order_line.ol_supply_w_id","order_line.ol_i_id","orders.o_entry_d","customer.c_nationkey"],"Hash Cond":"((order_line.ol_w_id = customer.c_w_id) AND (order_line.ol_d_id = customer.c_d_id) AND (orders.o_c_id = customer.c_id))","Shared Hit Blocks":229604,"Shared Read Blocks":0,"Shared Dirtied Blocks":0,"Shared Written Blocks":0,"Local Hit Blocks":0,"Local Read Blocks":0,"Local Dirtied Blocks":0,"Local Written Blocks":0,"Temp Read Blocks":64076,"Temp Written Blocks":64076,"I/O Read Time":0.0,"I/O Write Time":0.0,"Temp I/O Read Time":100.867,"Temp I/O Write Time":284.157,"Plans":[{"Node Type":"Hash Join","Parent Relationship":"Outer","Parallel Aware":false,"Async Capable":false,"Join Type":"Inner","Startup Cost":10291.72,"Total Cost":260799.24,"Plan Rows":8364549,"Plan Width":30,"Actual Startup Time":238.862,"Actual Total Time":1902.353,"Actual Rows":8570498,"Actual Loops":1,"Output":["order_line.ol_amount","order_line.ol_supply_w_id","order_line.ol_i_id","order_line.ol_w_id","order_line.ol_d_id","orders.o_entry_d","orders.o_w_id","orders.o_d_id","orders.o_c_id"],"Hash Cond":"((order_line.ol_w_id = orders.o_w_id) AND (order_line.ol_d_id = orders.o_d_id) AND (order_line.ol_o_id = orders.o_id))","Rows Removed by Bloom Filter":0,"Shared Hit Blocks":0,"Shared Read Blocks":0,"Shared Dirtied Blocks":0,"Shared Written Blocks":0,"Local Hit Blocks":0,"Local Read Blocks":0,"Local Dirtied Blocks":0,"Local Written Blocks":0,"Temp Read Blocks":0,"Temp Written Blocks":0,"I/O Read Time":0.0,"I/O Write Time":0.0,"Temp I/O Read Time":0.0,"Temp I/O Write Time":0.0,"Plans":[{"Node Type":"Append","Parent Relationship":"Outer","Parallel Aware":false,"Async Capable":false,"Startup Cost":20.0,"Total Cost":230190.58,"Plan Rows":8369638,"Plan Width":22,"Actual Startup Time":13.038,"Actual Total Time":13.042,"Actual Rows":8570498,"Actual Loops":1,"Shared Hit Blocks":0,"Shared Read Blocks":0,"Shared Dirtied Blocks":0,"Shared Written Blocks":0,"Local Hit Blocks":0,"Local Read Blocks":0,"Local Dirtied Blocks":0,"Local Written Blocks":0,"Temp Read Blocks":0,"Temp Written Blocks":0,"I/O Read Time":0.0,"I/O Write Time":0.0,"Temp I/O Read Time":0.0,"Temp I/O Write Time":0.0,"Subplans Removed":0,"Plans":[{"Node Type":"Custom Scan","Parent Relationship":"Member","Custom Plan Provider":"columnar scan","Parallel Aware":false,"Async Capable":false,"Relation Name":"order_line","Schema":"public","Alias":"order_line","Startup Cost":20.0,"Total Cost":230185.68,"Plan Rows":8369621,"Plan Width":22,"Actual Startup Time":13.037,"Actual Total Time":13.038,"Actual Rows":8570498,"Actual Loops":1,"Output":["order_line.ol_amount","order_line.ol_supply_w_id","order_line.ol_i_id","order_line.ol_w_id","order_line.ol_d_id","order_line.ol_o_id"],"Filter":"((order_line.ol_delivery_d <= '1997-01-01 20:10:02.27764'::timestamp without time zone) AND (order_line.ol_delivery_d >= '1995-01-02 20:10:02.27764'::timestamp without time zone))","Rows Removed by Filter":0,"Rows Removed by Columnar Filter":21427234,"Columnar cache search mode":"native","Shared Hit Blocks":0,"Shared Read Blocks":0,"Shared Dirtied Blocks":0,"Shared Written Blocks":0,"Local Hit Blocks":0,"Local Read Blocks":0,"Local Dirtied Blocks":0,"Local Written Blocks":0,"Temp Read Blocks":0,"Temp Written Blocks":0,"I/O Read Time":0.0,"I/O Write Time":0.0,"Temp I/O Read Time":0.0,"Temp I/O Write Time":0.0},{"Node Type":"Seq Scan","Parent Relationship":"Member","Parallel Aware":false,"Async Capable":false,"Relation Name":"order_line","Schema":"public","Alias":"order_line","Startup Cost":0.0,"Total Cost":4.9,"Plan Rows":17,"Plan Width":22,"Actual Startup Time":0.0,"Actual Total Time":0.0,"Actual Rows":0,"Actual Loops":0,"Output":["order_line.ol_amount","order_line.ol_supply_w_id","order_line.ol_i_id","order_line.ol_w_id","order_line.ol_d_id","order_line.ol_o_id"],"Filter":"((order_line.ol_delivery_d <= '1997-01-01 20:10:02.27764'::timestamp without time zone) AND (order_line.ol_delivery_d >= '1995-01-02 20:10:02.27764'::timestamp without time zone))","Rows Removed by Filter":0,"Shared Hit Blocks":0,"Shared Read Blocks":0,"Shared Dirtied Blocks":0,"Shared Written Blocks":0,"Local Hit Blocks":0,"Local Read Blocks":0,"Local Dirtied Blocks":0,"Local Written Blocks":0,"Temp Read Blocks":0,"Temp Written Blocks":0,"I/O Read Time":0.0,"I/O Write Time":0.0,"Temp I/O Read Time":0.0,"Temp I/O Write Time":0.0}]},{"Node Type":"Hash","Parent Relationship":"Inner","Parallel Aware":false,"Async Capable":false,"Startup Cost":76477.53,"Total Cost":76477.53,"Plan Rows":2998177,"Plan Width":24,"Actual Rows":2997892,"Actual Loops":1,"Output":["orders.o_entry_d","orders.o_w_id","orders.o_d_id","orders.o_id","orders.o_c_id"],"Shared Hit Blocks":0,"Shared Read Blocks":0,"Shared Dirtied Blocks":0,"Shared Written Blocks":0,"Local Hit Blocks":0,"Local Read Blocks":0,"Local Dirtied Blocks":0,"Local Written Blocks":0,"Temp Read Blocks":0,"Temp Written Blocks":0,"I/O Read Time":0.0,"I/O Write Time":0.0,"Temp I/O Read Time":0.0,"Temp I/O Write Time":0.0,"Plans":[{"Node Type":"Append","Parent Relationship":"Outer","Parallel Aware":false,"Async Capable":false,"Startup Cost":20.0,"Total Cost":76477.53,"Plan Rows":2998177,"Plan Width":24,"Actual Startup Time":1.522,"Actual Total Time":1.525,"Actual Rows":2997892,"Actual Loops":1,"Shared Hit Blocks":0,"Shared Read Blocks":0,"Shared Dirtied Blocks":0,"Shared Written Blocks":0,"Local Hit Blocks":0,"Local Read Blocks":0,"Local Dirtied Blocks":0,"Local Written Blocks":0,"Temp Read Blocks":0,"Temp Written Blocks":0,"I/O Read Time":0.0,"I/O Write Time":0.0,"Temp I/O Read Time":0.0,"Temp I/O Write Time":0.0,"Subplans Removed":0,"Plans":[{"Node Type":"Custom Scan","Parent Relationship":"Member","Custom Plan Provider":"columnar scan","Parallel Aware":false,"Async Capable":false,"Relation Name":"orders","Schema":"public","Alias":"orders","Startup Cost":20.0,"Total Cost":76473.52,"Plan Rows":2998176,"Plan Width":24,"Actual Startup Time":1.521,"Actual Total Time":1.521,"Actual Rows":2997892,"Actual Loops":1,"Output":["orders.o_entry_d","orders.o_w_id","orders.o_d_id","orders.o_id","orders.o_c_id"],"Filter":"(orders.o_entry_d >= '1992-01-02 20:10:02.27764'::timestamp without time zone)","Rows Removed by Filter":0,"Rows Removed by Columnar Filter":2108,"Columnar cache search mode":"native","Shared Hit Blocks":0,"Shared Read Blocks":0,"Shared Dirtied Blocks":0,"Shared Written Blocks":0,"Local Hit Blocks":0,"Local Read Blocks":0,"Local Dirtied Blocks":0,"Local Written Blocks":0,"Temp Read Blocks":0,"Temp Written Blocks":0,"I/O Read Time":0.0,"I/O Write Time":0.0,"Temp I/O Read Time":0.0,"Temp I/O Write Time":0.0},{"Node Type":"Seq Scan","Parent Relationship":"Member","Parallel Aware":false,"Async Capable":false,"Relation Name":"orders","Schema":"public","Alias":"orders","Startup Cost":0.0,"Total Cost":4.01,"Plan Rows":1,"Plan Width":24,"Actual Startup Time":0.0,"Actual Total Time":0.0,"Actual Rows":0,"Actual Loops":0,"Output":["orders.o_entry_d","orders.o_w_id","orders.o_d_id","orders.o_id","orders.o_c_id"],"Filter":"(orders.o_entry_d >= '1992-01-02 20:10:02.27764'::timestamp without time zone)","Rows Removed by Filter":0,"Shared Hit Blocks":0,"Shared Read Blocks":0,"Shared Dirtied Blocks":0,"Shared Written Blocks":0,"Local Hit Blocks":0,"Local Read Blocks":0,"Local Dirtied Blocks":0,"Local Written Blocks":0,"Temp Read Blocks":0,"Temp Written Blocks":0,"I/O Read Time":0.0,"I/O Write Time":0.0,"Temp I/O Read Time":0.0,"Temp I/O Write Time":0.0}]}]}]},{"Node Type":"Hash","Parent Relationship":"Inner","Parallel Aware":false,"Async Capable":false,"Startup Cost":259601.38,"Total Cost":259601.38,"Plan Rows":2999738,"Plan Width":12,"Actual Startup Time":1142.582,"Actual Total Time":1142.583,"Actual Rows":3000000,"Actual Loops":1,"Output":["customer.c_nationkey","customer.c_id","customer.c_w_id","customer.c_d_id"],"Hash Buckets":262144,"Original Hash Buckets":262144,"Hash Batches":32,"Original Hash Batches":32,"Peak Memory Usage":6072,"Shared Hit Blocks":229604,"Shared Read Blocks":0,"Shared Dirtied Blocks":0,"Shared Written Blocks":0,"Local Hit Blocks":0,"Local Read Blocks":0,"Local Dirtied Blocks":0,"Local Written Blocks":0,"Temp Read Blocks":0,"Temp Written Blocks":11334,"I/O Read Time":0.0,"I/O Write Time":0.0,"Temp I/O Read Time":0.0,"Temp I/O Write Time":52.298,"Plans":[{"Node Type":"Seq Scan","Parent Relationship":"Outer","Parallel Aware":false,"Async Capable":false,"Relation Name":"customer","Schema":"public","Alias":"customer","Startup Cost":0.0,"Total Cost":259601.38,"Plan Rows":2999738,"Plan Width":12,"Actual Startup Time":0.014,"Actual Total Time":644.112,"Actual Rows":3000000,"Actual Loops":1,"Output":["customer.c_nationkey","customer.c_id","customer.c_w_id","customer.c_d_id"],"Shared Hit Blocks":229604,"Shared Read Blocks":0,"Shared Dirtied Blocks":0,"Shared Written Blocks":0,"Local Hit Blocks":0,"Local Read Blocks":0,"Local Dirtied Blocks":0,"Local Written Blocks":0,"Temp Read Blocks":0,"Temp Written Blocks":0,"I/O Read Time":0.0,"I/O Write Time":0.0,"Temp I/O Read Time":0.0,"Temp I/O Write Time":0.0}]}]},{"Node Type":"Hash","Parent Relationship":"Inner","Parallel Aware":false,"Async Capable":false,"Startup Cost":1.93,"Total Cost":1.93,"Plan Rows":2,"Plan Width":12,"Actual Startup Time":0.013,"Actual Total Time":0.015,"Actual Rows":2,"Actual Loops":1,"Output":["n2.n_nationkey","n2.n_name"],"Hash Buckets":1024,"Original Hash Buckets":1024,"Hash Batches":1,"Original Hash Batches":1,"Peak Memory Usage":9,"Shared Hit Blocks":1,"Shared Read Blocks":0,"Shared Dirtied Blocks":0,"Shared Written Blocks":0,"Local Hit Blocks":0,"Local Read Blocks":0,"Local Dirtied Blocks":0,"Local Written Blocks":0,"Temp Read Blocks":0,"Temp Written Blocks":0,"I/O Read Time":0.0,"I/O Write Time":0.0,"Temp I/O Read Time":0.0,"Temp I/O Write Time":0.0,"Plans":[{"Node Type":"Seq Scan","Parent Relationship":"Outer","Parallel Aware":false,"Async Capable":false,"Relation Name":"nation","Schema":"public","Alias":"n2","Startup Cost":0.0,"Total Cost":1.93,"Plan Rows":2,"Plan Width":12,"Actual Startup Time":0.006,"Actual Total Time":0.01,"Actual Rows":2,"Actual Loops":1,"Output":["n2.n_nationkey","n2.n_name"],"Filter":"(((n2.n_name)::text = 'Cambodia'::text) OR ((n2.n_name)::text = 'Germany'::text))","Rows Removed by Filter":60,"Shared Hit Blocks":1,"Shared Read Blocks":0,"Shared Dirtied Blocks":0,"Shared Written Blocks":0,"Local Hit Blocks":0,"Local Read Blocks":0,"Local Dirtied Blocks":0,"Local Written Blocks":0,"Temp Read Blocks":0,"Temp Written Blocks":0,"I/O Read Time":0.0,"I/O Write Time":0.0,"Temp I/O Read Time":0.0,"Temp I/O Write Time":0.0}]}]}]}]}]}]},"Planning":{"Shared Hit Blocks":12,"Shared Read Blocks":0,"Shared Dirtied Blocks":0,"Shared Written Blocks":0,"Local Hit Blocks":0,"Local Read Blocks":0,"Local Dirtied Blocks":0,"Local Written Blocks":0,"Temp Read Blocks":0,"Temp Written Blocks":0,"I/O Read Time":0.0,"I/O Write Time":0.0,"Temp I/O Read Time":0.0,"Temp I/O Write Time":0.0},"Planning Time":2.766,"Triggers":[],"Execution Time":11270.522}]
[列存组合]: order_line, stock, supplier
[{"Plan":{"Node Type":"Aggregate","Strategy":"Sorted","Partial Mode":"Simple","Parallel Aware":false,"Async Capable":false,"Startup Cost":919846.45,"Total Cost":919968.06,"Plan Rows":4422,"Plan Width":72,"Actual Startup Time":6943.354,"Actual Total Time":6944.617,"Actual Rows":6,"Actual Loops":1,"Output":["supplier.su_nationkey","customer.c_nationkey","(EXTRACT(year FROM orders.o_entry_d))","sum(order_line.ol_amount)"],"Group Key":["supplier.su_nationkey","customer.c_nationkey","(EXTRACT(year FROM orders.o_entry_d))"],"Shared Hit Blocks":251665,"Shared Read Blocks":0,"Shared Dirtied Blocks":0,"Shared Written Blocks":0,"Local Hit Blocks":0,"Local Read Blocks":0,"Local Dirtied Blocks":0,"Local Written Blocks":0,"Temp Read Blocks":20587,"Temp Written Blocks":20596,"I/O Read Time":0.0,"I/O Write Time":0.0,"Temp I/O Read Time":32.111,"Temp I/O Write Time":89.98,"Plans":[{"Node Type":"Sort","Parent Relationship":"Outer","Parallel Aware":false,"Async Capable":false,"Startup Cost":919846.45,"Total Cost":919857.51,"Plan Rows":4422,"Plan Width":44,"Actual Startup Time":6943.298,"Actual Total Time":6943.554,"Actual Rows":6043,"Actual Loops":1,"Output":["supplier.su_nationkey","customer.c_nationkey","(EXTRACT(year FROM orders.o_entry_d))","order_line.ol_amount"],"Sort Key":["supplier.su_nationkey","customer.c_nationkey","(EXTRACT(year FROM orders.o_entry_d))"],"Sort Method":"quicksort","Sort Space Used":523,"Sort Space Type":"Memory","Shared Hit Blocks":251665,"Shared Read Blocks":0,"Shared Dirtied Blocks":0,"Shared Written Blocks":0,"Local Hit Blocks":0,"Local Read Blocks":0,"Local Dirtied Blocks":0,"Local Written Blocks":0,"Temp Read Blocks":20587,"Temp Written Blocks":20596,"I/O Read Time":0.0,"I/O Write Time":0.0,"Temp I/O Read Time":32.111,"Temp I/O Write Time":89.98,"Plans":[{"Node Type":"Merge Join","Parent Relationship":"Outer","Parallel Aware":false,"Async Capable":false,"Join Type":"Inner","Startup Cost":915486.3,"Total Cost":919578.69,"Plan Rows":4422,"Plan Width":44,"Actual Startup Time":6789.687,"Actual Total Time":6941.883,"Actual Rows":6043,"Actual Loops":1,"Output":["supplier.su_nationkey","customer.c_nationkey","EXTRACT(year FROM orders.o_entry_d)","order_line.ol_amount"],"Merge Cond":"((orders.o_c_id = customer.c_id) AND (order_line.ol_w_id = customer.c_w_id) AND (order_line.ol_d_id = customer.c_d_id))","Join Filter":"((((n1.n_name)::text = 'Germany'::text) AND ((n2.n_name)::text = 'Cambodia'::text)) OR (((n1.n_name)::text = 'Cambodia'::text) AND ((n2.n_name)::text = 'Germany'::text)))","Rows Removed by Join Filter":5752,"Shared Hit Blocks":251665,"Shared Read Blocks":0,"Shared Dirtied Blocks":0,"Shared Written Blocks":0,"Local Hit Blocks":0,"Local Read Blocks":0,"Local Dirtied Blocks":0,"Local Written Blocks":0,"Temp Read Blocks":20587,"Temp Written Blocks":20596,"I/O Read Time":0.0,"I/O Write Time":0.0,"Temp I/O Read Time":32.111,"Temp I/O Write Time":89.98,"Plans":[{"Node Type":"Sort","Parent Relationship":"Outer","Parallel Aware":false,"Async Capable":false,"Startup Cost":637472.5,"Total Cost":638147.06,"Plan Rows":269824,"Plan Width":36,"Actual Startup Time":5933.494,"Actual Total Time":6004.729,"Actual Rows":242214,"Actual Loops":1,"Output":["supplier.su_nationkey","order_line.ol_amount","order_line.ol_w_id","order_line.ol_d_id","orders.o_entry_d","orders.o_w_id","orders.o_d_id","orders.o_c_id","n1.n_name"],"Sort Key":["orders.o_c_id","order_line.ol_w_id","order_line.ol_d_id"],"Sort Method":"external merge","Sort Space Used":11984,"Sort Space Type":"Disk","Shared Hit Blocks":22060,"Shared Read Blocks":0,"Shared Dirtied Blocks":0,"Shared Written Blocks":0,"Local Hit Blocks":0,"Local Read Blocks":0,"Local Dirtied Blocks":0,"Local Written Blocks":0,"Temp Read Blocks":20042,"Temp Written Blocks":20048,"I/O Read Time":0.0,"I/O Write Time":0.0,"Temp I/O Read Time":31.319,"Temp I/O Write Time":87.843,"Plans":[{"Node Type":"Hash Join","Parent Relationship":"Outer","Parallel Aware":false,"Async Capable":false,"Join Type":"Inner","Startup Cost":159264.08,"Total Cost":605754.14,"Plan Rows":269824,"Plan Width":36,"Actual Startup Time":1357.768,"Actual Total Time":5807.306,"Actual Rows":242214,"Actual Loops":1,"Output":["supplier.su_nationkey","order_line.ol_amount","order_line.ol_w_id","order_line.ol_d_id","orders.o_entry_d","orders.o_w_id","orders.o_d_id","orders.o_c_id","n1.n_name"],"Hash Cond":"((order_line.ol_w_id = orders.o_w_id) AND (order_line.ol_d_id = orders.o_d_id) AND (order_line.ol_o_id = orders.o_id))","Shared Hit Blocks":22060,"Shared Read Blocks":0,"Shared Dirtied Blocks":0,"Shared Written Blocks":0,"Local Hit Blocks":0,"Local Read Blocks":0,"Local Dirtied Blocks":0,"Local Written Blocks":0,"Temp Read Blocks":18544,"Temp Written Blocks":18544,"I/O Read Time":0.0,"I/O Write Time":0.0,"Temp I/O Read Time":29.099,"Temp I/O Write Time":82.313,"Plans":[{"Node Type":"Hash Join","Parent Relationship":"Outer","Parallel Aware":false,"Async Capable":false,"Join Type":"Inner","Startup Cost":29669.0,"Total Cost":452772.9,"Plan Rows":269988,"Plan Width":28,"Actual Startup Time":454.276,"Actual Total Time":4575.525,"Actual Rows":242214,"Actual Loops":1,"Output":["supplier.su_nationkey","order_line.ol_amount","order_line.ol_w_id","order_line.ol_d_id","order_line.ol_o_id","n1.n_name"],"Hash Cond":"(supplier.su_nationkey = n1.n_nationkey)","Shared Hit Blocks":1,"Shared Read Blocks":0,"Shared Dirtied Blocks":0,"Shared Written Blocks":0,"Local Hit Blocks":0,"Local Read Blocks":0,"Local Dirtied Blocks":0,"Local Written Blocks":0,"Temp Read Blocks":0,"Temp Written Blocks":0,"I/O Read Time":0.0,"I/O Write Time":0.0,"Temp I/O Read Time":0.0,"Temp I/O Write Time":0.0,"Plans":[{"Node Type":"Hash Join","Parent Relationship":"Outer","Parallel Aware":false,"Async Capable":false,"Join Type":"Inner","Startup Cost":29667.04,"Total Cost":429298.84,"Plan Rows":8369638,"Plan Width":20,"Actual Startup Time":454.143,"Actual Total Time":3980.782,"Actual Rows":8570498,"Actual Loops":1,"Output":["supplier.su_nationkey","order_line.ol_amount","order_line.ol_w_id","order_line.ol_d_id","order_line.ol_o_id"],"Hash Cond":"(mod((stock.s_w_id * stock.s_i_id), 10000) = supplier.su_suppkey)","Shared Hit Blocks":0,"Shared Read Blocks":0,"Shared Dirtied Blocks":0,"Shared Written Blocks":0,"Local Hit Blocks":0,"Local Read Blocks":0,"Local Dirtied Blocks":0,"Local Written Blocks":0,"Temp Read Blocks":0,"Temp Written Blocks":0,"I/O Read Time":0.0,"I/O Write Time":0.0,"Temp I/O Read Time":0.0,"Temp I/O Write Time":0.0,"Plans":[{"Node Type":"Hash Join","Parent Relationship":"Outer","Parallel Aware":false,"Async Capable":false,"Join Type":"Inner","Startup Cost":29323.02,"Total Cost":404880.91,"Plan Rows":8369638,"Plan Width":22,"Actual Startup Time":450.822,"Actual Total Time":2323.402,"Actual Rows":8570498,"Actual Loops":1,"Output":["stock.s_w_id","stock.s_i_id","order_line.ol_amount","order_line.ol_w_id","order_line.ol_d_id","order_line.ol_o_id"],"Hash Cond":"((order_line.ol_supply_w_id = stock.s_w_id) AND (order_line.ol_i_id = stock.s_i_id))","Rows Removed by Bloom Filter":0,"Shared Hit Blocks":0,"Shared Read Blocks":0,"Shared Dirtied Blocks":0,"Shared Written Blocks":0,"Local Hit Blocks":0,"Local Read Blocks":0,"Local Dirtied Blocks":0,"Local Written Blocks":0,"Temp Read Blocks":0,"Temp Written Blocks":0,"I/O Read Time":0.0,"I/O Write Time":0.0,"Temp I/O Read Time":0.0,"Temp I/O Write Time":0.0,"Plans":[{"Node Type":"Append","Parent Relationship":"Outer","Parallel Aware":false,"Async Capable":false,"Startup Cost":20.0,"Total Cost":230190.58,"Plan Rows":8369638,"Plan Width":22,"Actual Startup Time":12.091,"Actual Total Time":12.094,"Actual Rows":8570498,"Actual Loops":1,"Shared Hit Blocks":0,"Shared Read Blocks":0,"Shared Dirtied Blocks":0,"Shared Written Blocks":0,"Local Hit Blocks":0,"Local Read Blocks":0,"Local Dirtied Blocks":0,"Local Written Blocks":0,"Temp Read Blocks":0,"Temp Written Blocks":0,"I/O Read Time":0.0,"I/O Write Time":0.0,"Temp I/O Read Time":0.0,"Temp I/O Write Time":0.0,"Subplans Removed":0,"Plans":[{"Node Type":"Custom Scan","Parent Relationship":"Member","Custom Plan Provider":"columnar scan","Parallel Aware":false,"Async Capable":false,"Relation Name":"order_line","Schema":"public","Alias":"order_line","Startup Cost":20.0,"Total Cost":230185.68,"Plan Rows":8369621,"Plan Width":22,"Actual Startup Time":12.09,"Actual Total Time":12.091,"Actual Rows":8570498,"Actual Loops":1,"Output":["order_line.ol_amount","order_line.ol_supply_w_id","order_line.ol_i_id","order_line.ol_w_id","order_line.ol_d_id","order_line.ol_o_id"],"Filter":"((order_line.ol_delivery_d <= '1997-01-01 20:10:02.27764'::timestamp without time zone) AND (order_line.ol_delivery_d >= '1995-01-02 20:10:02.27764'::timestamp without time zone))","Rows Removed by Filter":0,"Rows Removed by Columnar Filter":21427234,"Columnar cache search mode":"native","Shared Hit Blocks":0,"Shared Read Blocks":0,"Shared Dirtied Blocks":0,"Shared Written Blocks":0,"Local Hit Blocks":0,"Local Read Blocks":0,"Local Dirtied Blocks":0,"Local Written Blocks":0,"Temp Read Blocks":0,"Temp Written Blocks":0,"I/O Read Time":0.0,"I/O Write Time":0.0,"Temp I/O Read Time":0.0,"Temp I/O Write Time":0.0},{"Node Type":"Seq Scan","Parent Relationship":"Member","Parallel Aware":false,"Async Capable":false,"Relation Name":"order_line","Schema":"public","Alias":"order_line","Startup Cost":0.0,"Total Cost":4.9,"Plan Rows":17,"Plan Width":22,"Actual Startup Time":0.0,"Actual Total Time":0.0,"Actual Rows":0,"Actual Loops":0,"Output":["order_line.ol_amount","order_line.ol_supply_w_id","order_line.ol_i_id","order_line.ol_w_id","order_line.ol_d_id","order_line.ol_o_id"],"Filter":"((order_line.ol_delivery_d <= '1997-01-01 20:10:02.27764'::timestamp without time zone) AND (order_line.ol_delivery_d >= '1995-01-02 20:10:02.27764'::timestamp without time zone))","Rows Removed by Filter":0,"Shared Hit Blocks":0,"Shared Read Blocks":0,"Shared Dirtied Blocks":0,"Shared Written Blocks":0,"Local Hit Blocks":0,"Local Read Blocks":0,"Local Dirtied Blocks":0,"Local Written Blocks":0,"Temp Read Blocks":0,"Temp Written Blocks":0,"I/O Read Time":0.0,"I/O Write Time":0.0,"Temp I/O Read Time":0.0,"Temp I/O Write Time":0.0}]},{"Node Type":"Hash","Parent Relationship":"Inner","Parallel Aware":false,"Async Capable":false,"Startup Cost":195025.67,"Total Cost":195025.67,"Plan Rows":10000162,"Plan Width":6,"Actual Rows":10000000,"Actual Loops":1,"Output":["stock.s_w_id","stock.s_i_id"],"Shared Hit Blocks":0,"Shared Read Blocks":0,"Shared Dirtied Blocks":0,"Shared Written Blocks":0,"Local Hit Blocks":0,"Local Read Blocks":0,"Local Dirtied Blocks":0,"Local Written Blocks":0,"Temp Read Blocks":0,"Temp Written Blocks":0,"I/O Read Time":0.0,"I/O Write Time":0.0,"Temp I/O Read Time":0.0,"Temp I/O Write Time":0.0,"Plans":[{"Node Type":"Append","Parent Relationship":"Outer","Parallel Aware":false,"Async Capable":false,"Startup Cost":20.0,"Total Cost":195025.67,"Plan Rows":10000162,"Plan Width":6,"Actual Startup Time":0.174,"Actual Total Time":0.175,"Actual Rows":10000000,"Actual Loops":1,"Shared Hit Blocks":0,"Shared Read Blocks":0,"Shared Dirtied Blocks":0,"Shared Written Blocks":0,"Local Hit Blocks":0,"Local Read Blocks":0,"Local Dirtied Blocks":0,"Local Written Blocks":0,"Temp Read Blocks":0,"Temp Written Blocks":0,"I/O Read Time":0.0,"I/O Write Time":0.0,"Temp I/O Read Time":0.0,"Temp I/O Write Time":0.0,"Subplans Removed":0,"Plans":[{"Node Type":"Custom Scan","Parent Relationship":"Member","Custom Plan Provider":"columnar scan","Parallel Aware":false,"Async Capable":false,"Relation Name":"stock","Schema":"public","Alias":"stock","Startup Cost":20.0,"Total Cost":195020.05,"Plan Rows":10000000,"Plan Width":6,"Actual Startup Time":0.174,"Actual Total Time":0.174,"Actual Rows":10000000,"Actual Loops":1,"Output":["stock.s_w_id","stock.s_i_id"],"Rows Removed by Columnar Filter":0,"Columnar cache search mode":"native","Shared Hit Blocks":0,"Shared Read Blocks":0,"Shared Dirtied Blocks":0,"Shared Written Blocks":0,"Local Hit Blocks":0,"Local Read Blocks":0,"Local Dirtied Blocks":0,"Local Written Blocks":0,"Temp Read Blocks":0,"Temp Written Blocks":0,"I/O Read Time":0.0,"I/O Write Time":0.0,"Temp I/O Read Time":0.0,"Temp I/O Write Time":0.0},{"Node Type":"Seq Scan","Parent Relationship":"Member","Parallel Aware":false,"Async Capable":false,"Relation Name":"stock","Schema":"public","Alias":"stock","Startup Cost":0.0,"Total Cost":5.62,"Plan Rows":162,"Plan Width":6,"Actual Startup Time":0.0,"Actual Total Time":0.0,"Actual Rows":0,"Actual Loops":0,"Output":["stock.s_w_id","stock.s_i_id"],"Shared Hit Blocks":0,"Shared Read Blocks":0,"Shared Dirtied Blocks":0,"Shared Written Blocks":0,"Local Hit Blocks":0,"Local Read Blocks":0,"Local Dirtied Blocks":0,"Local Written Blocks":0,"Temp Read Blocks":0,"Temp Written Blocks":0,"I/O Read Time":0.0,"I/O Write Time":0.0,"Temp I/O Read Time":0.0,"Temp I/O Write Time":0.0}]}]}]},{"Node Type":"Hash","Parent Relationship":"Inner","Parallel Aware":false,"Async Capable":false,"Startup Cost":219.01,"Total Cost":219.01,"Plan Rows":10001,"Plan Width":8,"Actual Startup Time":3.262,"Actual Total Time":3.263,"Actual Rows":10000,"Actual Loops":1,"Output":["supplier.su_nationkey","supplier.su_suppkey"],"Hash Buckets":16384,"Original Hash Buckets":16384,"Hash Batches":1,"Original Hash Batches":1,"Peak Memory Usage":519,"Shared Hit Blocks":0,"Shared Read Blocks":0,"Shared Dirtied Blocks":0,"Shared Written Blocks":0,"Local Hit Blocks":0,"Local Read Blocks":0,"Local Dirtied Blocks":0,"Local Written Blocks":0,"Temp Read Blocks":0,"Temp Written Blocks":0,"I/O Read Time":0.0,"I/O Write Time":0.0,"Temp I/O Read Time":0.0,"Temp I/O Write Time":0.0,"Plans":[{"Node Type":"Append","Parent Relationship":"Outer","Parallel Aware":false,"Async Capable":false,"Startup Cost":20.0,"Total Cost":219.01,"Plan Rows":10001,"Plan Width":8,"Actual Startup Time":0.013,"Actual Total Time":2.042,"Actual Rows":10000,"Actual Loops":1,"Shared Hit Blocks":0,"Shared Read Blocks":0,"Shared Dirtied Blocks":0,"Shared Written Blocks":0,"Local Hit Blocks":0,"Local Read Blocks":0,"Local Dirtied Blocks":0,"Local Written Blocks":0,"Temp Read Blocks":0,"Temp Written Blocks":0,"I/O Read Time":0.0,"I/O Write Time":0.0,"Temp I/O Read Time":0.0,"Temp I/O Write Time":0.0,"Subplans Removed":0,"Plans":[{"Node Type":"Custom Scan","Parent Relationship":"Member","Custom Plan Provider":"columnar scan","Parallel Aware":false,"Async Capable":false,"Relation Name":"supplier","Schema":"public","Alias":"supplier","Startup Cost":20.0,"Total Cost":215.0,"Plan Rows":10000,"Plan Width":8,"Actual Startup Time":0.012,"Actual Total Time":1.069,"Actual Rows":10000,"Actual Loops":1,"Output":["supplier.su_nationkey","supplier.su_suppkey"],"Rows Removed by Columnar Filter":0,"Columnar cache search mode":"native","Shared Hit Blocks":0,"Shared Read Blocks":0,"Shared Dirtied Blocks":0,"Shared Written Blocks":0,"Local Hit Blocks":0,"Local Read Blocks":0,"Local Dirtied Blocks":0,"Local Written Blocks":0,"Temp Read Blocks":0,"Temp Written Blocks":0,"I/O Read Time":0.0,"I/O Write Time":0.0,"Temp I/O Read Time":0.0,"Temp I/O Write Time":0.0},{"Node Type":"Seq Scan","Parent Relationship":"Member","Parallel Aware":false,"Async Capable":false,"Relation Name":"supplier","Schema":"public","Alias":"supplier","Startup Cost":0.0,"Total Cost":4.01,"Plan Rows":1,"Plan Width":8,"Actual Startup Time":0.0,"Actual Total Time":0.0,"Actual Rows":0,"Actual Loops":0,"Output":["supplier.su_nationkey","supplier.su_suppkey"],"Shared Hit Blocks":0,"Shared Read Blocks":0,"Shared Dirtied Blocks":0,"Shared Written Blocks":0,"Local Hit Blocks":0,"Local Read Blocks":0,"Local Dirtied Blocks":0,"Local Written Blocks":0,"Temp Read Blocks":0,"Temp Written Blocks":0,"I/O Read Time":0.0,"I/O Write Time":0.0,"Temp I/O Read Time":0.0,"Temp I/O Write Time":0.0}]}]}]},{"Node Type":"Hash","Parent Relationship":"Inner","Parallel Aware":false,"Async Capable":false,"Startup Cost":1.93,"Total Cost":1.93,"Plan Rows":2,"Plan Width":12,"Actual Startup Time":0.02,"Actual Total Time":0.021,"Actual Rows":2,"Actual Loops":1,"Output":["n1.n_nationkey","n1.n_name"],"Hash Buckets":1024,"Original Hash Buckets":1024,"Hash Batches":1,"Original Hash Batches":1,"Peak Memory Usage":9,"Shared Hit Blocks":1,"Shared Read Blocks":0,"Shared Dirtied Blocks":0,"Shared Written Blocks":0,"Local Hit Blocks":0,"Local Read Blocks":0,"Local Dirtied Blocks":0,"Local Written Blocks":0,"Temp Read Blocks":0,"Temp Written Blocks":0,"I/O Read Time":0.0,"I/O Write Time":0.0,"Temp I/O Read Time":0.0,"Temp I/O Write Time":0.0,"Plans":[{"Node Type":"Seq Scan","Parent Relationship":"Outer","Parallel Aware":false,"Async Capable":false,"Relation Name":"nation","Schema":"public","Alias":"n1","Startup Cost":0.0,"Total Cost":1.93,"Plan Rows":2,"Plan Width":12,"Actual Startup Time":0.012,"Actual Total Time":0.017,"Actual Rows":2,"Actual Loops":1,"Output":["n1.n_nationkey","n1.n_name"],"Filter":"(((n1.n_name)::text = 'Germany'::text) OR ((n1.n_name)::text = 'Cambodia'::text))","Rows Removed by Filter":60,"Shared Hit Blocks":1,"Shared Read Blocks":0,"Shared Dirtied Blocks":0,"Shared Written Blocks":0,"Local Hit Blocks":0,"Local Read Blocks":0,"Local Dirtied Blocks":0,"Local Written Blocks":0,"Temp Read Blocks":0,"Temp Written Blocks":0,"I/O Read Time":0.0,"I/O Write Time":0.0,"Temp I/O Read Time":0.0,"Temp I/O Write Time":0.0}]}]},{"Node Type":"Hash","Parent Relationship":"Inner","Parallel Aware":false,"Async Capable":false,"Startup Cost":59559.0,"Total Cost":59559.0,"Plan Rows":2998176,"Plan Width":24,"Actual Startup Time":902.552,"Actual Total Time":902.552,"Actual Rows":2997892,"Actual Loops":1,"Output":["orders.o_entry_d","orders.o_w_id","orders.o_d_id","orders.o_id","orders.o_c_id"],"Hash Buckets":131072,"Original Hash Buckets":131072,"Hash Batches":32,"Original Hash Batches":32,"Peak Memory Usage":6539,"Shared Hit Blocks":22059,"Shared Read Blocks":0,"Shared Dirtied Blocks":0,"Shared Written Blocks":0,"Local Hit Blocks":0,"Local Read Blocks":0,"Local Dirtied Blocks":0,"Local Written Blocks":0,"Temp Read Blocks":0,"Temp Written Blocks":16995,"I/O Read Time":0.0,"I/O Write Time":0.0,"Temp I/O Read Time":0.0,"Temp I/O Write Time":72.705,"Plans":[{"Node Type":"Seq Scan","Parent Relationship":"Outer","Parallel Aware":false,"Async Capable":false,"Relation Name":"orders","Schema":"public","Alias":"orders","Startup Cost":0.0,"Total Cost":59559.0,"Plan Rows":2998176,"Plan Width":24,"Actual Startup Time":0.016,"Actual Total Time":364.706,"Actual Rows":2997892,"Actual Loops":1,"Output":["orders.o_entry_d","orders.o_w_id","orders.o_d_id","orders.o_id","orders.o_c_id"],"Filter":"(orders.o_entry_d >= '1992-01-02 20:10:02.27764'::timestamp without time zone)","Rows Removed by Filter":2108,"Shared Hit Blocks":22059,"Shared Read Blocks":0,"Shared Dirtied Blocks":0,"Shared Written Blocks":0,"Local Hit Blocks":0,"Local Read Blocks":0,"Local Dirtied Blocks":0,"Local Written Blocks":0,"Temp Read Blocks":0,"Temp Written Blocks":0,"I/O Read Time":0.0,"I/O Write Time":0.0,"Temp I/O Read Time":0.0,"Temp I/O Write Time":0.0}]}]}]},{"Node Type":"Materialize","Parent Relationship":"Inner","Parallel Aware":false,"Async Capable":false,"Startup Cost":278013.7,"Total Cost":278497.53,"Plan Rows":96766,"Plan Width":20,"Actual Startup Time":856.161,"Actual Total Time":888.997,"Actual Rows":146547,"Actual Loops":1,"Output":["customer.c_nationkey","customer.c_id","customer.c_w_id","customer.c_d_id","n2.n_name"],"Shared Hit Blocks":229605,"Shared Read Blocks":0,"Shared Dirtied Blocks":0,"Shared Written Blocks":0,"Local Hit Blocks":0,"Local Read Blocks":0,"Local Dirtied Blocks":0,"Local Written Blocks":0,"Temp Read Blocks":545,"Temp Written Blocks":548,"I/O Read Time":0.0,"I/O Write Time":0.0,"Temp I/O Read Time":0.792,"Temp I/O Write Time":2.137,"Plans":[{"Node Type":"Sort","Parent Relationship":"Outer","Parallel Aware":false,"Async Capable":false,"Startup Cost":278013.7,"Total Cost":278255.62,"Plan Rows":96766,"Plan Width":20,"Actual Startup Time":856.157,"Actual Total Time":873.238,"Actual Rows":144982,"Actual Loops":1,"Output":["customer.c_nationkey","customer.c_id","customer.c_w_id","customer.c_d_id","n2.n_name"],"Sort Key":["customer.c_id","customer.c_w_id","customer.c_d_id"],"Sort Method":"external merge","Sort Space Used":4360,"Sort Space Type":"Disk","Shared Hit Blocks":229605,"Shared Read Blocks":0,"Shared Dirtied Blocks":0,"Shared Written Blocks":0,"Local Hit Blocks":0,"Local Read Blocks":0,"Local Dirtied Blocks":0,"Local Written Blocks":0,"Temp Read Blocks":545,"Temp Written Blocks":548,"I/O Read Time":0.0,"I/O Write Time":0.0,"Temp I/O Read Time":0.792,"Temp I/O Write Time":2.137,"Plans":[{"Node Type":"Hash Join","Parent Relationship":"Outer","Parallel Aware":false,"Async Capable":false,"Join Type":"Inner","Startup Cost":1.95,"Total Cost":268015.91,"Plan Rows":96766,"Plan Width":20,"Actual Startup Time":0.073,"Actual Total Time":799.07,"Actual Rows":144986,"Actual Loops":1,"Output":["customer.c_nationkey","customer.c_id","customer.c_w_id","customer.c_d_id","n2.n_name"],"Hash Cond":"(customer.c_nationkey = n2.n_nationkey)","Shared Hit Blocks":229605,"Shared Read Blocks":0,"Shared Dirtied Blocks":0,"Shared Written Blocks":0,"Local Hit Blocks":0,"Local Read Blocks":0,"Local Dirtied Blocks":0,"Local Written Blocks":0,"Temp Read Blocks":0,"Temp Written Blocks":0,"I/O Read Time":0.0,"I/O Write Time":0.0,"Temp I/O Read Time":0.0,"Temp I/O Write Time":0.0,"Plans":[{"Node Type":"Seq Scan","Parent Relationship":"Outer","Parallel Aware":false,"Async Capable":false,"Relation Name":"customer","Schema":"public","Alias":"customer","Startup Cost":0.0,"Total Cost":259601.38,"Plan Rows":2999738,"Plan Width":12,"Actual Startup Time":0.017,"Actual Total Time":341.523,"Actual Rows":3000000,"Actual Loops":1,"Output":["customer.c_id","customer.c_d_id","customer.c_w_id","customer.c_nationkey","customer.c_first","customer.c_middle","customer.c_last","customer.c_street_1","customer.c_street_2","customer.c_city","customer.c_state","customer.c_zip","customer.c_phone","customer.c_since","customer.c_credit","customer.c_credit_lim","customer.c_discount","customer.c_balance","customer.c_ytd_payment","customer.c_payment_cnt","customer.c_delivery_cnt","customer.c_data"],"Shared Hit Blocks":229604,"Shared Read Blocks":0,"Shared Dirtied Blocks":0,"Shared Written Blocks":0,"Local Hit Blocks":0,"Local Read Blocks":0,"Local Dirtied Blocks":0,"Local Written Blocks":0,"Temp Read Blocks":0,"Temp Written Blocks":0,"I/O Read Time":0.0,"I/O Write Time":0.0,"Temp I/O Read Time":0.0,"Temp I/O Write Time":0.0},{"Node Type":"Hash","Parent Relationship":"Inner","Parallel Aware":false,"Async Capable":false,"Startup Cost":1.93,"Total Cost":1.93,"Plan Rows":2,"Plan Width":12,"Actual Startup Time":0.018,"Actual Total Time":0.019,"Actual Rows":2,"Actual Loops":1,"Output":["n2.n_nationkey","n2.n_name"],"Hash Buckets":1024,"Original Hash Buckets":1024,"Hash Batches":1,"Original Hash Batches":1,"Peak Memory Usage":9,"Shared Hit Blocks":1,"Shared Read Blocks":0,"Shared Dirtied Blocks":0,"Shared Written Blocks":0,"Local Hit Blocks":0,"Local Read Blocks":0,"Local Dirtied Blocks":0,"Local Written Blocks":0,"Temp Read Blocks":0,"Temp Written Blocks":0,"I/O Read Time":0.0,"I/O Write Time":0.0,"Temp I/O Read Time":0.0,"Temp I/O Write Time":0.0,"Plans":[{"Node Type":"Seq Scan","Parent Relationship":"Outer","Parallel Aware":false,"Async Capable":false,"Relation Name":"nation","Schema":"public","Alias":"n2","Startup Cost":0.0,"Total Cost":1.93,"Plan Rows":2,"Plan Width":12,"Actual Startup Time":0.011,"Actual Total Time":0.016,"Actual Rows":2,"Actual Loops":1,"Output":["n2.n_nationkey","n2.n_name"],"Filter":"(((n2.n_name)::text = 'Cambodia'::text) OR ((n2.n_name)::text = 'Germany'::text))","Rows Removed by Filter":60,"Shared Hit Blocks":1,"Shared Read Blocks":0,"Shared Dirtied Blocks":0,"Shared Written Blocks":0,"Local Hit Blocks":0,"Local Read Blocks":0,"Local Dirtied Blocks":0,"Local Written Blocks":0,"Temp Read Blocks":0,"Temp Written Blocks":0,"I/O Read Time":0.0,"I/O Write Time":0.0,"Temp I/O Read Time":0.0,"Temp I/O Write Time":0.0}]}]}]}]}]}]}]},"Planning":{"Shared Hit Blocks":12,"Shared Read Blocks":0,"Shared Dirtied Blocks":0,"Shared Written Blocks":0,"Local Hit Blocks":0,"Local Read Blocks":0,"Local Dirtied Blocks":0,"Local Written Blocks":0,"Temp Read Blocks":0,"Temp Written Blocks":0,"I/O Read Time":0.0,"I/O Write Time":0.0,"Temp I/O Read Time":0.0,"Temp I/O Write Time":0.0},"Planning Time":3.314,"Triggers":[],"Execution Time":6948.224}]
[列存组合]: orders, stock, supplier
[{"Plan":{"Node Type":"Aggregate","Strategy":"Sorted","Partial Mode":"Simple","Parallel Aware":false,"Async Capable":false,"Startup Cost":1935660.33,"Total Cost":1935781.93,"Plan Rows":4422,"Plan Width":72,"Actual Startup Time":13995.191,"Actual Total Time":13996.455,"Actual Rows":6,"Actual Loops":1,"Output":["supplier.su_nationkey","customer.c_nationkey","(EXTRACT(year FROM orders.o_entry_d))","sum(order_line.ol_amount)"],"Group Key":["supplier.su_nationkey","customer.c_nationkey","(EXTRACT(year FROM orders.o_entry_d))"],"Shared Hit Blocks":619887,"Shared Read Blocks":0,"Shared Dirtied Blocks":0,"Shared Written Blocks":0,"Local Hit Blocks":0,"Local Read Blocks":0,"Local Dirtied Blocks":0,"Local Written Blocks":0,"Temp Read Blocks":99613,"Temp Written Blocks":99622,"I/O Read Time":0.0,"I/O Write Time":0.0,"Temp I/O Read Time":160.431,"Temp I/O Write Time":449.964,"Plans":[{"Node Type":"Sort","Parent Relationship":"Outer","Parallel Aware":false,"Async Capable":false,"Startup Cost":1935660.33,"Total Cost":1935671.38,"Plan Rows":4422,"Plan Width":44,"Actual Startup Time":13995.131,"Actual Total Time":13995.387,"Actual Rows":6043,"Actual Loops":1,"Output":["supplier.su_nationkey","customer.c_nationkey","(EXTRACT(year FROM orders.o_entry_d))","order_line.ol_amount"],"Sort Key":["supplier.su_nationkey","customer.c_nationkey","(EXTRACT(year FROM orders.o_entry_d))"],"Sort Method":"quicksort","Sort Space Used":523,"Sort Space Type":"Memory","Shared Hit Blocks":619887,"Shared Read Blocks":0,"Shared Dirtied Blocks":0,"Shared Written Blocks":0,"Local Hit Blocks":0,"Local Read Blocks":0,"Local Dirtied Blocks":0,"Local Written Blocks":0,"Temp Read Blocks":99613,"Temp Written Blocks":99622,"I/O Read Time":0.0,"I/O Write Time":0.0,"Temp I/O Read Time":160.431,"Temp I/O Write Time":449.964,"Plans":[{"Node Type":"Merge Join","Parent Relationship":"Outer","Parallel Aware":false,"Async Capable":false,"Join Type":"Inner","Startup Cost":1931300.18,"Total Cost":1935392.56,"Plan Rows":4422,"Plan Width":44,"Actual Startup Time":13842.418,"Actual Total Time":13993.71,"Actual Rows":6043,"Actual Loops":1,"Output":["supplier.su_nationkey","customer.c_nationkey","EXTRACT(year FROM orders.o_entry_d)","order_line.ol_amount"],"Inner Unique":false,"Merge Cond":"((orders.o_c_id = customer.c_id) AND (order_line.ol_w_id = customer.c_w_id) AND (order_line.ol_d_id = customer.c_d_id))","Join Filter":"((((n1.n_name)::text = 'Germany'::text) AND ((n2.n_name)::text = 'Cambodia'::text)) OR (((n1.n_name)::text = 'Cambodia'::text) AND ((n2.n_name)::text = 'Germany'::text)))","Rows Removed by Join Filter":5752,"Shared Hit Blocks":619887,"Shared Read Blocks":0,"Shared Dirtied Blocks":0,"Shared Written Blocks":0,"Local Hit Blocks":0,"Local Read Blocks":0,"Local Dirtied Blocks":0,"Local Written Blocks":0,"Temp Read Blocks":99613,"Temp Written Blocks":99622,"I/O Read Time":0.0,"I/O Write Time":0.0,"Temp I/O Read Time":160.431,"Temp I/O Write Time":449.964,"Plans":[{"Node Type":"Sort","Parent Relationship":"Outer","Parallel Aware":false,"Async Capable":false,"Startup Cost":1653286.38,"Total Cost":1653960.94,"Plan Rows":269824,"Plan Width":36,"Actual Startup Time":12981.386,"Actual Total Time":13052.186,"Actual Rows":242214,"Actual Loops":1,"Output":["supplier.su_nationkey","order_line.ol_amount","order_line.ol_w_id","order_line.ol_d_id","orders.o_entry_d","orders.o_w_id","orders.o_d_id","orders.o_c_id","n1.n_name"],"Sort Key":["orders.o_c_id","order_line.ol_w_id","order_line.ol_d_id"],"Sort Method":"external merge","Sort Space Used":11984,"Sort Space Type":"Disk","Shared Hit Blocks":390282,"Shared Read Blocks":0,"Shared Dirtied Blocks":0,"Shared Written Blocks":0,"Local Hit Blocks":0,"Local Read Blocks":0,"Local Dirtied Blocks":0,"Local Written Blocks":0,"Temp Read Blocks":99068,"Temp Written Blocks":99074,"I/O Read Time":0.0,"I/O Write Time":0.0,"Temp I/O Read Time":159.643,"Temp I/O Write Time":447.822,"Plans":[{"Node Type":"Hash Join","Parent Relationship":"Outer","Parallel Aware":false,"Async Capable":false,"Join Type":"Inner","Startup Cost":578698.35,"Total Cost":1621568.01,"Plan Rows":269824,"Plan Width":36,"Actual Startup Time":3001.472,"Actual Total Time":12854.292,"Actual Rows":242214,"Actual Loops":1,"Output":["supplier.su_nationkey","order_line.ol_amount","order_line.ol_w_id","order_line.ol_d_id","orders.o_entry_d","orders.o_w_id","orders.o_d_id","orders.o_c_id","n1.n_name"],"Inner Unique":true,"Hash Cond":"((order_line.ol_w_id = orders.o_w_id) AND (order_line.ol_d_id = orders.o_d_id) AND (order_line.ol_o_id = orders.o_id))","Shared Hit Blocks":390282,"Shared Read Blocks":0,"Shared Dirtied Blocks":0,"Shared Written Blocks":0,"Local Hit Blocks":0,"Local Read Blocks":0,"Local Dirtied Blocks":0,"Local Written Blocks":0,"Temp Read Blocks":97570,"Temp Written Blocks":97570,"I/O Read Time":0.0,"I/O Write Time":0.0,"Temp I/O Read Time":157.444,"Temp I/O Write Time":442.272,"Plans":[{"Node Type":"Hash Join","Parent Relationship":"Outer","Parallel Aware":false,"Async Capable":false,"Join Type":"Inner","Startup Cost":449103.27,"Total Cost":1468586.78,"Plan Rows":269988,"Plan Width":28,"Actual Startup Time":2096.843,"Actual Total Time":11623.348,"Actual Rows":242214,"Actual Loops":1,"Output":["supplier.su_nationkey","order_line.ol_amount","order_line.ol_w_id","order_line.ol_d_id","order_line.ol_o_id","n1.n_name"],"Inner Unique":true,"Hash Cond":"(supplier.su_nationkey = n1.n_nationkey)","Shared Hit Blocks":368223,"Shared Read Blocks":0,"Shared Dirtied Blocks":0,"Shared Written Blocks":0,"Local Hit Blocks":0,"Local Read Blocks":0,"Local Dirtied Blocks":0,"Local Written Blocks":0,"Temp Read Blocks":79026,"Temp Written Blocks":79026,"I/O Read Time":0.0,"I/O Write Time":0.0,"Temp I/O Read Time":128.31,"Temp I/O Write Time":360.687,"Plans":[{"Node Type":"Hash Join","Parent Relationship":"Outer","Parallel Aware":false,"Async Capable":false,"Join Type":"Inner","Startup Cost":449101.32,"Total Cost":1445112.71,"Plan Rows":8369638,"Plan Width":20,"Actual Startup Time":2094.948,"Actual Total Time":11016.35,"Actual Rows":8570498,"Actual Loops":1,"Output":["supplier.su_nationkey","order_line.ol_amount","order_line.ol_w_id","order_line.ol_d_id","order_line.ol_o_id"],"Inner Unique":true,"Hash Cond":"(mod((stock.s_w_id * stock.s_i_id), 10000) = supplier.su_suppkey)","Shared Hit Blocks":368222,"Shared Read Blocks":0,"Shared Dirtied Blocks":0,"Shared Written Blocks":0,"Local Hit Blocks":0,"Local Read Blocks":0,"Local Dirtied Blocks":0,"Local Written Blocks":0,"Temp Read Blocks":79026,"Temp Written Blocks":79026,"I/O Read Time":0.0,"I/O Write Time":0.0,"Temp I/O Read Time":128.31,"Temp I/O Write Time":360.687,"Plans":[{"Node Type":"Hash Join","Parent Relationship":"Outer","Parallel Aware":false,"Async Capable":false,"Join Type":"Inner","Startup Cost":448757.29,"Total Cost":1420694.79,"Plan Rows":8369638,"Plan Width":22,"Actual Startup Time":2091.921,"Actual Total Time":9299.437,"Actual Rows":8570498,"Actual Loops":1,"Output":["stock.s_w_id","stock.s_i_id","order_line.ol_amount","order_line.ol_w_id","order_line.ol_d_id","order_line.ol_o_id"],"Inner Unique":true,"Hash Cond":"((order_line.ol_supply_w_id = stock.s_w_id) AND (order_line.ol_i_id = stock.s_i_id))","Shared Hit Blocks":368222,"Shared Read Blocks":0,"Shared Dirtied Blocks":0,"Shared Written Blocks":0,"Local Hit Blocks":0,"Local Read Blocks":0,"Local Dirtied Blocks":0,"Local Written Blocks":0,"Temp Read Blocks":79026,"Temp Written Blocks":79026,"I/O Read Time":0.0,"I/O Write Time":0.0,"Temp I/O Read Time":128.31,"Temp I/O Write Time":360.687,"Plans":[{"Node Type":"Seq Scan","Parent Relationship":"Outer","Parallel Aware":false,"Async Capable":false,"Relation Name":"order_line","Schema":"public","Alias":"order_line","Startup Cost":0.0,"Total Cost":790850.88,"Plan Rows":8369638,"Plan Width":22,"Actual Startup Time":13.185,"Actual Total Time":2841.062,"Actual Rows":8570498,"Actual Loops":1,"Output":["order_line.ol_amount","order_line.ol_supply_w_id","order_line.ol_i_id","order_line.ol_w_id","order_line.ol_d_id","order_line.ol_o_id"],"Filter":"((order_line.ol_delivery_d >= '1995-01-02 20:10:02.27764'::timestamp without time zone) AND (order_line.ol_delivery_d <= '1997-01-01 20:10:02.27764'::timestamp without time zone))","Rows Removed by Filter":21427234,"Shared Hit Blocks":340884,"Shared Read Blocks":0,"Shared Dirtied Blocks":0,"Shared Written Blocks":0,"Local Hit Blocks":0,"Local Read Blocks":0,"Local Dirtied Blocks":0,"Local Written Blocks":0,"Temp Read Blocks":0,"Temp Written Blocks":0,"I/O Read Time":0.0,"I/O Write Time":0.0,"Temp I/O Read Time":0.0,"Temp I/O Write Time":0.0},{"Node Type":"Hash","Parent Relationship":"Inner","Parallel Aware":false,"Async Capable":false,"Startup Cost":259690.86,"Total Cost":259690.86,"Plan Rows":10000162,"Plan Width":6,"Actual Startup Time":2077.467,"Actual Total Time":2077.468,"Actual Rows":10000000,"Actual Loops":1,"Output":["stock.s_w_id","stock.s_i_id"],"Hash Buckets":262144,"Original Hash Buckets":262144,"Hash Batches":64,"Original Hash Batches":64,"Peak Memory Usage":8133,"Shared Hit Blocks":27338,"Shared Read Blocks":0,"Shared Dirtied Blocks":0,"Shared Written Blocks":0,"Local Hit Blocks":0,"Local Read Blocks":0,"Local Dirtied Blocks":0,"Local Written Blocks":0,"Temp Read Blocks":0,"Temp Written Blocks":33616,"I/O Read Time":0.0,"I/O Write Time":0.0,"Temp I/O Read Time":0.0,"Temp I/O Write Time":149.962,"Plans":[{"Node Type":"Index Only Scan","Parent Relationship":"Outer","Parallel Aware":false,"Async Capable":false,"Scan Direction":"Forward","Index Name":"stock_pk","Relation Name":"stock","Schema":"public","Alias":"stock","Startup Cost":0.43,"Total Cost":259690.86,"Plan Rows":10000162,"Plan Width":6,"Actual Startup Time":0.025,"Actual Total Time":721.276,"Actual Rows":10000000,"Actual Loops":1,"Output":["stock.s_w_id","stock.s_i_id"],"Heap Fetches":0,"Shared Hit Blocks":27338,"Shared Read Blocks":0,"Shared Dirtied Blocks":0,"Shared Written Blocks":0,"Local Hit Blocks":0,"Local Read Blocks":0,"Local Dirtied Blocks":0,"Local Written Blocks":0,"Temp Read Blocks":0,"Temp Written Blocks":0,"I/O Read Time":0.0,"I/O Write Time":0.0,"Temp I/O Read Time":0.0,"Temp I/O Write Time":0.0}]}]},{"Node Type":"Hash","Parent Relationship":"Inner","Parallel Aware":false,"Async Capable":false,"Startup Cost":219.01,"Total Cost":219.01,"Plan Rows":10001,"Plan Width":8,"Actual Startup Time":2.977,"Actual Total Time":2.979,"Actual Rows":10000,"Actual Loops":1,"Output":["supplier.su_nationkey","supplier.su_suppkey"],"Hash Buckets":16384,"Original Hash Buckets":16384,"Hash Batches":1,"Original Hash Batches":1,"Peak Memory Usage":519,"Shared Hit Blocks":0,"Shared Read Blocks":0,"Shared Dirtied Blocks":0,"Shared Written Blocks":0,"Local Hit Blocks":0,"Local Read Blocks":0,"Local Dirtied Blocks":0,"Local Written Blocks":0,"Temp Read Blocks":0,"Temp Written Blocks":0,"I/O Read Time":0.0,"I/O Write Time":0.0,"Temp I/O Read Time":0.0,"Temp I/O Write Time":0.0,"Plans":[{"Node Type":"Append","Parent Relationship":"Outer","Parallel Aware":false,"Async Capable":false,"Startup Cost":20.0,"Total Cost":219.01,"Plan Rows":10001,"Plan Width":8,"Actual Startup Time":0.023,"Actual Total Time":1.768,"Actual Rows":10000,"Actual Loops":1,"Shared Hit Blocks":0,"Shared Read Blocks":0,"Shared Dirtied Blocks":0,"Shared Written Blocks":0,"Local Hit Blocks":0,"Local Read Blocks":0,"Local Dirtied Blocks":0,"Local Written Blocks":0,"Temp Read Blocks":0,"Temp Written Blocks":0,"I/O Read Time":0.0,"I/O Write Time":0.0,"Temp I/O Read Time":0.0,"Temp I/O Write Time":0.0,"Subplans Removed":0,"Plans":[{"Node Type":"Custom Scan","Parent Relationship":"Member","Custom Plan Provider":"columnar scan","Parallel Aware":false,"Async Capable":false,"Relation Name":"supplier","Schema":"public","Alias":"supplier","Startup Cost":20.0,"Total Cost":215.0,"Plan Rows":10000,"Plan Width":8,"Actual Startup Time":0.021,"Actual Total Time":1.067,"Actual Rows":10000,"Actual Loops":1,"Output":["supplier.su_nationkey","supplier.su_suppkey"],"Rows Removed by Columnar Filter":0,"Columnar cache search mode":"native","Shared Hit Blocks":0,"Shared Read Blocks":0,"Shared Dirtied Blocks":0,"Shared Written Blocks":0,"Local Hit Blocks":0,"Local Read Blocks":0,"Local Dirtied Blocks":0,"Local Written Blocks":0,"Temp Read Blocks":0,"Temp Written Blocks":0,"I/O Read Time":0.0,"I/O Write Time":0.0,"Temp I/O Read Time":0.0,"Temp I/O Write Time":0.0},{"Node Type":"Seq Scan","Parent Relationship":"Member","Parallel Aware":false,"Async Capable":false,"Relation Name":"supplier","Schema":"public","Alias":"supplier","Startup Cost":0.0,"Total Cost":4.01,"Plan Rows":1,"Plan Width":8,"Actual Startup Time":0.0,"Actual Total Time":0.0,"Actual Rows":0,"Actual Loops":0,"Output":["supplier.su_nationkey","supplier.su_suppkey"],"Shared Hit Blocks":0,"Shared Read Blocks":0,"Shared Dirtied Blocks":0,"Shared Written Blocks":0,"Local Hit Blocks":0,"Local Read Blocks":0,"Local Dirtied Blocks":0,"Local Written Blocks":0,"Temp Read Blocks":0,"Temp Written Blocks":0,"I/O Read Time":0.0,"I/O Write Time":0.0,"Temp I/O Read Time":0.0,"Temp I/O Write Time":0.0}]}]}]},{"Node Type":"Hash","Parent Relationship":"Inner","Parallel Aware":false,"Async Capable":false,"Startup Cost":1.93,"Total Cost":1.93,"Plan Rows":2,"Plan Width":12,"Actual Startup Time":0.02,"Actual Total Time":0.021,"Actual Rows":2,"Actual Loops":1,"Output":["n1.n_nationkey","n1.n_name"],"Hash Buckets":1024,"Original Hash Buckets":1024,"Hash Batches":1,"Original Hash Batches":1,"Peak Memory Usage":9,"Shared Hit Blocks":1,"Shared Read Blocks":0,"Shared Dirtied Blocks":0,"Shared Written Blocks":0,"Local Hit Blocks":0,"Local Read Blocks":0,"Local Dirtied Blocks":0,"Local Written Blocks":0,"Temp Read Blocks":0,"Temp Written Blocks":0,"I/O Read Time":0.0,"I/O Write Time":0.0,"Temp I/O Read Time":0.0,"Temp I/O Write Time":0.0,"Plans":[{"Node Type":"Seq Scan","Parent Relationship":"Outer","Parallel Aware":false,"Async Capable":false,"Relation Name":"nation","Schema":"public","Alias":"n1","Startup Cost":0.0,"Total Cost":1.93,"Plan Rows":2,"Plan Width":12,"Actual Startup Time":0.013,"Actual Total Time":0.018,"Actual Rows":2,"Actual Loops":1,"Output":["n1.n_nationkey","n1.n_name"],"Filter":"(((n1.n_name)::text = 'Germany'::text) OR ((n1.n_name)::text = 'Cambodia'::text))","Rows Removed by Filter":60,"Shared Hit Blocks":1,"Shared Read Blocks":0,"Shared Dirtied Blocks":0,"Shared Written Blocks":0,"Local Hit Blocks":0,"Local Read Blocks":0,"Local Dirtied Blocks":0,"Local Written Blocks":0,"Temp Read Blocks":0,"Temp Written Blocks":0,"I/O Read Time":0.0,"I/O Write Time":0.0,"Temp I/O Read Time":0.0,"Temp I/O Write Time":0.0}]}]},{"Node Type":"Hash","Parent Relationship":"Inner","Parallel Aware":false,"Async Capable":false,"Startup Cost":59559.0,"Total Cost":59559.0,"Plan Rows":2998176,"Plan Width":24,"Actual Startup Time":896.497,"Actual Total Time":896.497,"Actual Rows":2997892,"Actual Loops":1,"Output":["orders.o_entry_d","orders.o_w_id","orders.o_d_id","orders.o_id","orders.o_c_id"],"Hash Buckets":131072,"Original Hash Buckets":131072,"Hash Batches":32,"Original Hash Batches":32,"Peak Memory Usage":6539,"Shared Hit Blocks":22059,"Shared Read Blocks":0,"Shared Dirtied Blocks":0,"Shared Written Blocks":0,"Local Hit Blocks":0,"Local Read Blocks":0,"Local Dirtied Blocks":0,"Local Written Blocks":0,"Temp Read Blocks":0,"Temp Written Blocks":16995,"I/O Read Time":0.0,"I/O Write Time":0.0,"Temp I/O Read Time":0.0,"Temp I/O Write Time":72.399,"Plans":[{"Node Type":"Seq Scan","Parent Relationship":"Outer","Parallel Aware":false,"Async Capable":false,"Relation Name":"orders","Schema":"public","Alias":"orders","Startup Cost":0.0,"Total Cost":59559.0,"Plan Rows":2998176,"Plan Width":24,"Actual Startup Time":0.013,"Actual Total Time":363.719,"Actual Rows":2997892,"Actual Loops":1,"Output":["orders.o_entry_d","orders.o_w_id","orders.o_d_id","orders.o_id","orders.o_c_id"],"Filter":"(orders.o_entry_d >= '1992-01-02 20:10:02.27764'::timestamp without time zone)","Rows Removed by Filter":2108,"Shared Hit Blocks":22059,"Shared Read Blocks":0,"Shared Dirtied Blocks":0,"Shared Written Blocks":0,"Local Hit Blocks":0,"Local Read Blocks":0,"Local Dirtied Blocks":0,"Local Written Blocks":0,"Temp Read Blocks":0,"Temp Written Blocks":0,"I/O Read Time":0.0,"I/O Write Time":0.0,"Temp I/O Read Time":0.0,"Temp I/O Write Time":0.0}]}]}]},{"Node Type":"Materialize","Parent Relationship":"Inner","Parallel Aware":false,"Async Capable":false,"Startup Cost":278013.7,"Total Cost":278497.53,"Plan Rows":96766,"Plan Width":20,"Actual Startup Time":860.989,"Actual Total Time":893.747,"Actual Rows":146547,"Actual Loops":1,"Output":["customer.c_nationkey","customer.c_id","customer.c_w_id","customer.c_d_id","n2.n_name"],"Shared Hit Blocks":229605,"Shared Read Blocks":0,"Shared Dirtied Blocks":0,"Shared Written Blocks":0,"Local Hit Blocks":0,"Local Read Blocks":0,"Local Dirtied Blocks":0,"Local Written Blocks":0,"Temp Read Blocks":545,"Temp Written Blocks":548,"I/O Read Time":0.0,"I/O Write Time":0.0,"Temp I/O Read Time":0.788,"Temp I/O Write Time":2.142,"Plans":[{"Node Type":"Sort","Parent Relationship":"Outer","Parallel Aware":false,"Async Capable":false,"Startup Cost":278013.7,"Total Cost":278255.62,"Plan Rows":96766,"Plan Width":20,"Actual Startup Time":860.983,"Actual Total Time":877.92,"Actual Rows":144982,"Actual Loops":1,"Output":["customer.c_nationkey","customer.c_id","customer.c_w_id","customer.c_d_id","n2.n_name"],"Sort Key":["customer.c_id","customer.c_w_id","customer.c_d_id"],"Sort Method":"external merge","Sort Space Used":4360,"Sort Space Type":"Disk","Shared Hit Blocks":229605,"Shared Read Blocks":0,"Shared Dirtied Blocks":0,"Shared Written Blocks":0,"Local Hit Blocks":0,"Local Read Blocks":0,"Local Dirtied Blocks":0,"Local Written Blocks":0,"Temp Read Blocks":545,"Temp Written Blocks":548,"I/O Read Time":0.0,"I/O Write Time":0.0,"Temp I/O Read Time":0.788,"Temp I/O Write Time":2.142,"Plans":[{"Node Type":"Hash Join","Parent Relationship":"Outer","Parallel Aware":false,"Async Capable":false,"Join Type":"Inner","Startup Cost":1.95,"Total Cost":268015.91,"Plan Rows":96766,"Plan Width":20,"Actual Startup Time":0.096,"Actual Total Time":805.772,"Actual Rows":144986,"Actual Loops":1,"Output":["customer.c_nationkey","customer.c_id","customer.c_w_id","customer.c_d_id","n2.n_name"],"Inner Unique":true,"Hash Cond":"(customer.c_nationkey = n2.n_nationkey)","Shared Hit Blocks":229605,"Shared Read Blocks":0,"Shared Dirtied Blocks":0,"Shared Written Blocks":0,"Local Hit Blocks":0,"Local Read Blocks":0,"Local Dirtied Blocks":0,"Local Written Blocks":0,"Temp Read Blocks":0,"Temp Written Blocks":0,"I/O Read Time":0.0,"I/O Write Time":0.0,"Temp I/O Read Time":0.0,"Temp I/O Write Time":0.0,"Plans":[{"Node Type":"Seq Scan","Parent Relationship":"Outer","Parallel Aware":false,"Async Capable":false,"Relation Name":"customer","Schema":"public","Alias":"customer","Startup Cost":0.0,"Total Cost":259601.38,"Plan Rows":2999738,"Plan Width":12,"Actual Startup Time":0.025,"Actual Total Time":348.976,"Actual Rows":3000000,"Actual Loops":1,"Output":["customer.c_id","customer.c_d_id","customer.c_w_id","customer.c_nationkey","customer.c_first","customer.c_middle","customer.c_last","customer.c_street_1","customer.c_street_2","customer.c_city","customer.c_state","customer.c_zip","customer.c_phone","customer.c_since","customer.c_credit","customer.c_credit_lim","customer.c_discount","customer.c_balance","customer.c_ytd_payment","customer.c_payment_cnt","customer.c_delivery_cnt","customer.c_data"],"Shared Hit Blocks":229604,"Shared Read Blocks":0,"Shared Dirtied Blocks":0,"Shared Written Blocks":0,"Local Hit Blocks":0,"Local Read Blocks":0,"Local Dirtied Blocks":0,"Local Written Blocks":0,"Temp Read Blocks":0,"Temp Written Blocks":0,"I/O Read Time":0.0,"I/O Write Time":0.0,"Temp I/O Read Time":0.0,"Temp I/O Write Time":0.0},{"Node Type":"Hash","Parent Relationship":"Inner","Parallel Aware":false,"Async Capable":false,"Startup Cost":1.93,"Total Cost":1.93,"Plan Rows":2,"Plan Width":12,"Actual Startup Time":0.025,"Actual Total Time":0.026,"Actual Rows":2,"Actual Loops":1,"Output":["n2.n_nationkey","n2.n_name"],"Hash Buckets":1024,"Original Hash Buckets":1024,"Hash Batches":1,"Original Hash Batches":1,"Peak Memory Usage":9,"Shared Hit Blocks":1,"Shared Read Blocks":0,"Shared Dirtied Blocks":0,"Shared Written Blocks":0,"Local Hit Blocks":0,"Local Read Blocks":0,"Local Dirtied Blocks":0,"Local Written Blocks":0,"Temp Read Blocks":0,"Temp Written Blocks":0,"I/O Read Time":0.0,"I/O Write Time":0.0,"Temp I/O Read Time":0.0,"Temp I/O Write Time":0.0,"Plans":[{"Node Type":"Seq Scan","Parent Relationship":"Outer","Parallel Aware":false,"Async Capable":false,"Relation Name":"nation","Schema":"public","Alias":"n2","Startup Cost":0.0,"Total Cost":1.93,"Plan Rows":2,"Plan Width":12,"Actual Startup Time":0.016,"Actual Total Time":0.021,"Actual Rows":2,"Actual Loops":1,"Output":["n2.n_nationkey","n2.n_name"],"Filter":"(((n2.n_name)::text = 'Cambodia'::text) OR ((n2.n_name)::text = 'Germany'::text))","Rows Removed by Filter":60,"Shared Hit Blocks":1,"Shared Read Blocks":0,"Shared Dirtied Blocks":0,"Shared Written Blocks":0,"Local Hit Blocks":0,"Local Read Blocks":0,"Local Dirtied Blocks":0,"Local Written Blocks":0,"Temp Read Blocks":0,"Temp Written Blocks":0,"I/O Read Time":0.0,"I/O Write Time":0.0,"Temp I/O Read Time":0.0,"Temp I/O Write Time":0.0}]}]}]}]}]}]}]},"Planning":{"Shared Hit Blocks":12,"Shared Read Blocks":0,"Shared Dirtied Blocks":0,"Shared Written Blocks":0,"Local Hit Blocks":0,"Local Read Blocks":0,"Local Dirtied Blocks":0,"Local Written Blocks":0,"Temp Read Blocks":0,"Temp Written Blocks":0,"I/O Read Time":0.0,"I/O Write Time":0.0,"Temp I/O Read Time":0.0,"Temp I/O Write Time":0.0},"Planning Time":2.901,"Triggers":[],"Execution Time":13999.51}]
[列存组合]: customer, nation, order_line, orders
[{"Plan":{"Node Type":"Aggregate","Strategy":"Sorted","Partial Mode":"Simple","Parallel Aware":false,"Async Capable":false,"Startup Cost":672659.61,"Total Cost":672781.22,"Plan Rows":4422,"Plan Width":72,"Actual Startup Time":4677.587,"Actual Total Time":4678.856,"Actual Rows":6,"Actual Loops":1,"Output":["supplier.su_nationkey","customer.c_nationkey","(EXTRACT(year FROM orders.o_entry_d))","sum(order_line.ol_amount)"],"Group Key":["supplier.su_nationkey","customer.c_nationkey","(EXTRACT(year FROM orders.o_entry_d))"],"Shared Hit Blocks":27556,"Shared Read Blocks":0,"Shared Dirtied Blocks":0,"Shared Written Blocks":0,"Local Hit Blocks":0,"Local Read Blocks":0,"Local Dirtied Blocks":0,"Local Written Blocks":0,"Temp Read Blocks":3205,"Temp Written Blocks":3205,"I/O Read Time":0.0,"I/O Write Time":0.0,"Temp I/O Read Time":4.797,"Temp I/O Write Time":16.471,"Plans":[{"Node Type":"Sort","Parent Relationship":"Outer","Parallel Aware":false,"Async Capable":false,"Startup Cost":672659.61,"Total Cost":672670.67,"Plan Rows":4422,"Plan Width":44,"Actual Startup Time":4677.531,"Actual Total Time":4677.792,"Actual Rows":6043,"Actual Loops":1,"Output":["supplier.su_nationkey","customer.c_nationkey","(EXTRACT(year FROM orders.o_entry_d))","order_line.ol_amount"],"Sort Key":["supplier.su_nationkey","customer.c_nationkey","(EXTRACT(year FROM orders.o_entry_d))"],"Sort Method":"quicksort","Sort Space Used":523,"Sort Space Type":"Memory","Shared Hit Blocks":27556,"Shared Read Blocks":0,"Shared Dirtied Blocks":0,"Shared Written Blocks":0,"Local Hit Blocks":0,"Local Read Blocks":0,"Local Dirtied Blocks":0,"Local Written Blocks":0,"Temp Read Blocks":3205,"Temp Written Blocks":3205,"I/O Read Time":0.0,"I/O Write Time":0.0,"Temp I/O Read Time":4.797,"Temp I/O Write Time":16.471,"Plans":[{"Node Type":"Hash Join","Parent Relationship":"Outer","Parallel Aware":false,"Async Capable":false,"Join Type":"Inner","Startup Cost":340400.65,"Total Cost":672391.85,"Plan Rows":4422,"Plan Width":44,"Actual Startup Time":1274.58,"Actual Total Time":4675.66,"Actual Rows":6043,"Actual Loops":1,"Output":["supplier.su_nationkey","customer.c_nationkey","EXTRACT(year FROM orders.o_entry_d)","order_line.ol_amount"],"Hash Cond":"((stock.s_w_id = order_line.ol_supply_w_id) AND (stock.s_i_id = order_line.ol_i_id))","Join Filter":"((((n1.n_name)::text = 'Germany'::text) AND ((n2.n_name)::text = 'Cambodia'::text)) OR (((n1.n_name)::text = 'Cambodia'::text) AND ((n2.n_name)::text = 'Germany'::text)))","Rows Removed by Join Filter":5752,"Shared Hit Blocks":27556,"Shared Read Blocks":0,"Shared Dirtied Blocks":0,"Shared Written Blocks":0,"Local Hit Blocks":0,"Local Read Blocks":0,"Local Dirtied Blocks":0,"Local Written Blocks":0,"Temp Read Blocks":3205,"Temp Written Blocks":3205,"I/O Read Time":0.0,"I/O Write Time":0.0,"Temp I/O Read Time":4.797,"Temp I/O Write Time":16.471,"Plans":[{"Node Type":"Hash Join","Parent Relationship":"Outer","Parallel Aware":false,"Async Capable":false,"Join Type":"Inner","Startup Cost":444.39,"Total Cost":316943.47,"Plan Rows":322586,"Plan Width":18,"Actual Startup Time":2.589,"Actual Total Time":3295.612,"Actual Rows":283200,"Actual Loops":1,"Output":["supplier.su_nationkey","stock.s_w_id","stock.s_i_id","n1.n_name"],"Hash Cond":"(supplier.su_nationkey = n1.n_nationkey)","Shared Hit Blocks":27556,"Shared Read Blocks":0,"Shared Dirtied Blocks":0,"Shared Written Blocks":0,"Local Hit Blocks":0,"Local Read Blocks":0,"Local Dirtied Blocks":0,"Local Written Blocks":0,"Temp Read Blocks":0,"Temp Written Blocks":0,"I/O Read Time":0.0,"I/O Write Time":0.0,"Temp I/O Read Time":0.0,"Temp I/O Write Time":0.0,"Plans":[{"Node Type":"Hash Join","Parent Relationship":"Outer","Parallel Aware":false,"Async Capable":false,"Join Type":"Inner","Startup Cost":442.44,"Total Cost":288896.71,"Plan Rows":10000162,"Plan Width":10,"Actual Startup Time":2.559,"Actual Total Time":2631.661,"Actual Rows":10000000,"Actual Loops":1,"Output":["supplier.su_nationkey","stock.s_w_id","stock.s_i_id"],"Hash Cond":"(mod((stock.s_w_id * stock.s_i_id), 10000) = supplier.su_suppkey)","Shared Hit Blocks":27555,"Shared Read Blocks":0,"Shared Dirtied Blocks":0,"Shared Written Blocks":0,"Local Hit Blocks":0,"Local Read Blocks":0,"Local Dirtied Blocks":0,"Local Written Blocks":0,"Temp Read Blocks":0,"Temp Written Blocks":0,"I/O Read Time":0.0,"I/O Write Time":0.0,"Temp I/O Read Time":0.0,"Temp I/O Write Time":0.0,"Plans":[{"Node Type":"Index Only Scan","Parent Relationship":"Outer","Parallel Aware":false,"Async Capable":false,"Scan Direction":"Forward","Index Name":"stock_pk","Relation Name":"stock","Schema":"public","Alias":"stock","Startup Cost":0.43,"Total Cost":259690.86,"Plan Rows":10000162,"Plan Width":6,"Actual Startup Time":0.02,"Actual Total Time":765.782,"Actual Rows":10000000,"Actual Loops":1,"Output":["stock.s_w_id","stock.s_i_id"],"Heap Fetches":0,"Shared Hit Blocks":27338,"Shared Read Blocks":0,"Shared Dirtied Blocks":0,"Shared Written Blocks":0,"Local Hit Blocks":0,"Local Read Blocks":0,"Local Dirtied Blocks":0,"Local Written Blocks":0,"Temp Read Blocks":0,"Temp Written Blocks":0,"I/O Read Time":0.0,"I/O Write Time":0.0,"Temp I/O Read Time":0.0,"Temp I/O Write Time":0.0},{"Node Type":"Hash","Parent Relationship":"Inner","Parallel Aware":false,"Async Capable":false,"Startup Cost":317.0,"Total Cost":317.0,"Plan Rows":10000,"Plan Width":8,"Actual Startup Time":2.488,"Actual Total Time":2.489,"Actual Rows":10000,"Actual Loops":1,"Output":["supplier.su_nationkey","supplier.su_suppkey"],"Hash Buckets":16384,"Original Hash Buckets":16384,"Hash Batches":1,"Original Hash Batches":1,"Peak Memory Usage":519,"Shared Hit Blocks":217,"Shared Read Blocks":0,"Shared Dirtied Blocks":0,"Shared Written Blocks":0,"Local Hit Blocks":0,"Local Read Blocks":0,"Local Dirtied Blocks":0,"Local Written Blocks":0,"Temp Read Blocks":0,"Temp Written Blocks":0,"I/O Read Time":0.0,"I/O Write Time":0.0,"Temp I/O Read Time":0.0,"Temp I/O Write Time":0.0,"Plans":[{"Node Type":"Seq Scan","Parent Relationship":"Outer","Parallel Aware":false,"Async Capable":false,"Relation Name":"supplier","Schema":"public","Alias":"supplier","Startup Cost":0.0,"Total Cost":317.0,"Plan Rows":10000,"Plan Width":8,"Actual Startup Time":0.004,"Actual Total Time":1.25,"Actual Rows":10000,"Actual Loops":1,"Output":["supplier.su_nationkey","supplier.su_suppkey"],"Shared Hit Blocks":217,"Shared Read Blocks":0,"Shared Dirtied Blocks":0,"Shared Written Blocks":0,"Local Hit Blocks":0,"Local Read Blocks":0,"Local Dirtied Blocks":0,"Local Written Blocks":0,"Temp Read Blocks":0,"Temp Written Blocks":0,"I/O Read Time":0.0,"I/O Write Time":0.0,"Temp I/O Read Time":0.0,"Temp I/O Write Time":0.0}]}]},{"Node Type":"Hash","Parent Relationship":"Inner","Parallel Aware":false,"Async Capable":false,"Startup Cost":1.93,"Total Cost":1.93,"Plan Rows":2,"Plan Width":12,"Actual Startup Time":0.02,"Actual Total Time":0.02,"Actual Rows":2,"Actual Loops":1,"Output":["n1.n_nationkey","n1.n_name"],"Hash Buckets":1024,"Original Hash Buckets":1024,"Hash Batches":1,"Original Hash Batches":1,"Peak Memory Usage":9,"Shared Hit Blocks":1,"Shared Read Blocks":0,"Shared Dirtied Blocks":0,"Shared Written Blocks":0,"Local Hit Blocks":0,"Local Read Blocks":0,"Local Dirtied Blocks":0,"Local Written Blocks":0,"Temp Read Blocks":0,"Temp Written Blocks":0,"I/O Read Time":0.0,"I/O Write Time":0.0,"Temp I/O Read Time":0.0,"Temp I/O Write Time":0.0,"Plans":[{"Node Type":"Seq Scan","Parent Relationship":"Outer","Parallel Aware":false,"Async Capable":false,"Relation Name":"nation","Schema":"public","Alias":"n1","Startup Cost":0.0,"Total Cost":1.93,"Plan Rows":2,"Plan Width":12,"Actual Startup Time":0.011,"Actual Total Time":0.016,"Actual Rows":2,"Actual Loops":1,"Output":["n1.n_nationkey","n1.n_name"],"Filter":"(((n1.n_name)::text = 'Germany'::text) OR ((n1.n_name)::text = 'Cambodia'::text))","Rows Removed by Filter":60,"Shared Hit Blocks":1,"Shared Read Blocks":0,"Shared Dirtied Blocks":0,"Shared Written Blocks":0,"Local Hit Blocks":0,"Local Read Blocks":0,"Local Dirtied Blocks":0,"Local Written Blocks":0,"Temp Read Blocks":0,"Temp Written Blocks":0,"I/O Read Time":0.0,"I/O Write Time":0.0,"Temp I/O Read Time":0.0,"Temp I/O Write Time":0.0}]}]},{"Node Type":"Hash","Parent Relationship":"Inner","Parallel Aware":false,"Async Capable":false,"Startup Cost":334063.9,"Total Cost":334063.9,"Plan Rows":269824,"Plan Width":30,"Actual Startup Time":1269.909,"Actual Total Time":1269.916,"Actual Rows":414592,"Actual Loops":1,"Output":["order_line.ol_amount","order_line.ol_supply_w_id","order_line.ol_i_id","orders.o_entry_d","customer.c_nationkey","n2.n_name"],"Hash Buckets":131072,"Original Hash Buckets":131072,"Hash Batches":4,"Original Hash Batches":4,"Peak Memory Usage":7952,"Shared Hit Blocks":0,"Shared Read Blocks":0,"Shared Dirtied Blocks":0,"Shared Written Blocks":0,"Local Hit Blocks":0,"Local Read Blocks":0,"Local Dirtied Blocks":0,"Local Written Blocks":0,"Temp Read Blocks":0,"Temp Written Blocks":2152,"I/O Read Time":0.0,"I/O Write Time":0.0,"Temp I/O Read Time":0.0,"Temp I/O Write Time":10.887,"Plans":[{"Node Type":"Hash Join","Parent Relationship":"Outer","Parallel Aware":false,"Async Capable":false,"Join Type":"Inner","Startup Cost":20572.81,"Total Cost":334063.9,"Plan Rows":269824,"Plan Width":30,"Actual Startup Time":512.699,"Actual Total Time":1163.718,"Actual Rows":414592,"Actual Loops":1,"Output":["order_line.ol_amount","order_line.ol_supply_w_id","order_line.ol_i_id","orders.o_entry_d","customer.c_nationkey","n2.n_name"],"Hash Cond":"(customer.c_nationkey = n2.n_nationkey)","Rows Removed by Bloom Filter":34018514,"Shared Hit Blocks":0,"Shared Read Blocks":0,"Shared Dirtied Blocks":0,"Shared Written Blocks":0,"Local Hit Blocks":0,"Local Read Blocks":0,"Local Dirtied Blocks":0,"Local Written Blocks":0,"Temp Read Blocks":0,"Temp Written Blocks":0,"I/O Read Time":0.0,"I/O Write Time":0.0,"Temp I/O Read Time":0.0,"Temp I/O Write Time":0.0,"Plans":[{"Node Type":"Hash Join","Parent Relationship":"Outer","Parallel Aware":false,"Async Capable":false,"Join Type":"Inner","Startup Cost":20548.77,"Total Cost":365841.6,"Plan Rows":8364549,"Plan Width":22,"Actual Startup Time":13.93,"Actual Total Time":13.935,"Actual Rows":0,"Actual Loops":1,"Output":["order_line.ol_amount","order_line.ol_supply_w_id","order_line.ol_i_id","orders.o_entry_d","customer.c_nationkey"],"Hash Cond":"((order_line.ol_w_id = customer.c_w_id) AND (order_line.ol_d_id = customer.c_d_id) AND (orders.o_c_id = customer.c_id))","Rows Removed by Bloom Filter":0,"Shared Hit Blocks":0,"Shared Read Blocks":0,"Shared Dirtied Blocks":0,"Shared Written Blocks":0,"Local Hit Blocks":0,"Local Read Blocks":0,"Local Dirtied Blocks":0,"Local Written Blocks":0,"Temp Read Blocks":0,"Temp Written Blocks":0,"I/O Read Time":0.0,"I/O Write Time":0.0,"Temp I/O Read Time":0.0,"Temp I/O Write Time":0.0,"Plans":[{"Node Type":"Hash Join","Parent Relationship":"Outer","Parallel Aware":false,"Async Capable":false,"Join Type":"Inner","Startup Cost":10291.72,"Total Cost":260799.24,"Plan Rows":8364549,"Plan Width":30,"Actual Startup Time":13.775,"Actual Total Time":13.779,"Actual Rows":0,"Actual Loops":1,"Output":["order_line.ol_amount","order_line.ol_supply_w_id","order_line.ol_i_id","order_line.ol_w_id","order_line.ol_d_id","orders.o_entry_d","orders.o_w_id","orders.o_d_id","orders.o_c_id"],"Hash Cond":"((order_line.ol_w_id = orders.o_w_id) AND (order_line.ol_d_id = orders.o_d_id) AND (order_line.ol_o_id = orders.o_id))","Rows Removed by Bloom Filter":0,"Shared Hit Blocks":0,"Shared Read Blocks":0,"Shared Dirtied Blocks":0,"Shared Written Blocks":0,"Local Hit Blocks":0,"Local Read Blocks":0,"Local Dirtied Blocks":0,"Local Written Blocks":0,"Temp Read Blocks":0,"Temp Written Blocks":0,"I/O Read Time":0.0,"I/O Write Time":0.0,"Temp I/O Read Time":0.0,"Temp I/O Write Time":0.0,"Plans":[{"Node Type":"Append","Parent Relationship":"Outer","Parallel Aware":false,"Async Capable":false,"Startup Cost":20.0,"Total Cost":230190.58,"Plan Rows":8369638,"Plan Width":22,"Actual Startup Time":12.21,"Actual Total Time":12.212,"Actual Rows":8570498,"Actual Loops":1,"Shared Hit Blocks":0,"Shared Read Blocks":0,"Shared Dirtied Blocks":0,"Shared Written Blocks":0,"Local Hit Blocks":0,"Local Read Blocks":0,"Local Dirtied Blocks":0,"Local Written Blocks":0,"Temp Read Blocks":0,"Temp Written Blocks":0,"I/O Read Time":0.0,"I/O Write Time":0.0,"Temp I/O Read Time":0.0,"Temp I/O Write Time":0.0,"Subplans Removed":0,"Plans":[{"Node Type":"Custom Scan","Parent Relationship":"Member","Custom Plan Provider":"columnar scan","Parallel Aware":false,"Async Capable":false,"Relation Name":"order_line","Schema":"public","Alias":"order_line","Startup Cost":20.0,"Total Cost":230185.68,"Plan Rows":8369621,"Plan Width":22,"Actual Startup Time":12.209,"Actual Total Time":12.211,"Actual Rows":8570498,"Actual Loops":1,"Output":["order_line.ol_amount","order_line.ol_supply_w_id","order_line.ol_i_id","order_line.ol_w_id","order_line.ol_d_id","order_line.ol_o_id"],"Filter":"((order_line.ol_delivery_d <= '1997-01-01 20:10:02.27764'::timestamp without time zone) AND (order_line.ol_delivery_d >= '1995-01-02 20:10:02.27764'::timestamp without time zone))","Rows Removed by Filter":0,"Rows Removed by Columnar Filter":21427234,"Columnar cache search mode":"native","Shared Hit Blocks":0,"Shared Read Blocks":0,"Shared Dirtied Blocks":0,"Shared Written Blocks":0,"Local Hit Blocks":0,"Local Read Blocks":0,"Local Dirtied Blocks":0,"Local Written Blocks":0,"Temp Read Blocks":0,"Temp Written Blocks":0,"I/O Read Time":0.0,"I/O Write Time":0.0,"Temp I/O Read Time":0.0,"Temp I/O Write Time":0.0},{"Node Type":"Seq Scan","Parent Relationship":"Member","Parallel Aware":false,"Async Capable":false,"Relation Name":"order_line","Schema":"public","Alias":"order_line","Startup Cost":0.0,"Total Cost":4.9,"Plan Rows":17,"Plan Width":22,"Actual Startup Time":0.0,"Actual Total Time":0.0,"Actual Rows":0,"Actual Loops":0,"Output":["order_line.ol_amount","order_line.ol_supply_w_id","order_line.ol_i_id","order_line.ol_w_id","order_line.ol_d_id","order_line.ol_o_id"],"Filter":"((order_line.ol_delivery_d <= '1997-01-01 20:10:02.27764'::timestamp without time zone) AND (order_line.ol_delivery_d >= '1995-01-02 20:10:02.27764'::timestamp without time zone))","Rows Removed by Filter":0,"Shared Hit Blocks":0,"Shared Read Blocks":0,"Shared Dirtied Blocks":0,"Shared Written Blocks":0,"Local Hit Blocks":0,"Local Read Blocks":0,"Local Dirtied Blocks":0,"Local Written Blocks":0,"Temp Read Blocks":0,"Temp Written Blocks":0,"I/O Read Time":0.0,"I/O Write Time":0.0,"Temp I/O Read Time":0.0,"Temp I/O Write Time":0.0}]},{"Node Type":"Hash","Parent Relationship":"Inner","Parallel Aware":false,"Async Capable":false,"Startup Cost":76477.53,"Total Cost":76477.53,"Plan Rows":2998177,"Plan Width":24,"Actual Rows":2997892,"Actual Loops":1,"Output":["orders.o_entry_d","orders.o_w_id","orders.o_d_id","orders.o_id","orders.o_c_id"],"Shared Hit Blocks":0,"Shared Read Blocks":0,"Shared Dirtied Blocks":0,"Shared Written Blocks":0,"Local Hit Blocks":0,"Local Read Blocks":0,"Local Dirtied Blocks":0,"Local Written Blocks":0,"Temp Read Blocks":0,"Temp Written Blocks":0,"I/O Read Time":0.0,"I/O Write Time":0.0,"Temp I/O Read Time":0.0,"Temp I/O Write Time":0.0,"Plans":[{"Node Type":"Append","Parent Relationship":"Outer","Parallel Aware":false,"Async Capable":false,"Startup Cost":20.0,"Total Cost":76477.53,"Plan Rows":2998177,"Plan Width":24,"Actual Startup Time":1.485,"Actual Total Time":1.486,"Actual Rows":2997892,"Actual Loops":1,"Shared Hit Blocks":0,"Shared Read Blocks":0,"Shared Dirtied Blocks":0,"Shared Written Blocks":0,"Local Hit Blocks":0,"Local Read Blocks":0,"Local Dirtied Blocks":0,"Local Written Blocks":0,"Temp Read Blocks":0,"Temp Written Blocks":0,"I/O Read Time":0.0,"I/O Write Time":0.0,"Temp I/O Read Time":0.0,"Temp I/O Write Time":0.0,"Subplans Removed":0,"Plans":[{"Node Type":"Custom Scan","Parent Relationship":"Member","Custom Plan Provider":"columnar scan","Parallel Aware":false,"Async Capable":false,"Relation Name":"orders","Schema":"public","Alias":"orders","Startup Cost":20.0,"Total Cost":76473.52,"Plan Rows":2998176,"Plan Width":24,"Actual Startup Time":1.484,"Actual Total Time":1.484,"Actual Rows":2997892,"Actual Loops":1,"Output":["orders.o_entry_d","orders.o_w_id","orders.o_d_id","orders.o_id","orders.o_c_id"],"Filter":"(orders.o_entry_d >= '1992-01-02 20:10:02.27764'::timestamp without time zone)","Rows Removed by Filter":0,"Rows Removed by Columnar Filter":2108,"Columnar cache search mode":"native","Shared Hit Blocks":0,"Shared Read Blocks":0,"Shared Dirtied Blocks":0,"Shared Written Blocks":0,"Local Hit Blocks":0,"Local Read Blocks":0,"Local Dirtied Blocks":0,"Local Written Blocks":0,"Temp Read Blocks":0,"Temp Written Blocks":0,"I/O Read Time":0.0,"I/O Write Time":0.0,"Temp I/O Read Time":0.0,"Temp I/O Write Time":0.0},{"Node Type":"Seq Scan","Parent Relationship":"Member","Parallel Aware":false,"Async Capable":false,"Relation Name":"orders","Schema":"public","Alias":"orders","Startup Cost":0.0,"Total Cost":4.01,"Plan Rows":1,"Plan Width":24,"Actual Startup Time":0.0,"Actual Total Time":0.0,"Actual Rows":0,"Actual Loops":0,"Output":["orders.o_entry_d","orders.o_w_id","orders.o_d_id","orders.o_id","orders.o_c_id"],"Filter":"(orders.o_entry_d >= '1992-01-02 20:10:02.27764'::timestamp without time zone)","Rows Removed by Filter":0,"Shared Hit Blocks":0,"Shared Read Blocks":0,"Shared Dirtied Blocks":0,"Shared Written Blocks":0,"Local Hit Blocks":0,"Local Read Blocks":0,"Local Dirtied Blocks":0,"Local Written Blocks":0,"Temp Read Blocks":0,"Temp Written Blocks":0,"I/O Read Time":0.0,"I/O Write Time":0.0,"Temp I/O Read Time":0.0,"Temp I/O Write Time":0.0}]}]}]},{"Node Type":"Hash","Parent Relationship":"Inner","Parallel Aware":false,"Async Capable":false,"Startup Cost":70517.88,"Total Cost":70517.88,"Plan Rows":2999739,"Plan Width":12,"Actual Rows":3000000,"Actual Loops":1,"Output":["customer.c_nationkey","customer.c_id","customer.c_w_id","customer.c_d_id"],"Shared Hit Blocks":0,"Shared Read Blocks":0,"Shared Dirtied Blocks":0,"Shared Written Blocks":0,"Local Hit Blocks":0,"Local Read Blocks":0,"Local Dirtied Blocks":0,"Local Written Blocks":0,"Temp Read Blocks":0,"Temp Written Blocks":0,"I/O Read Time":0.0,"I/O Write Time":0.0,"Temp I/O Read Time":0.0,"Temp I/O Write Time":0.0,"Plans":[{"Node Type":"Append","Parent Relationship":"Outer","Parallel Aware":false,"Async Capable":false,"Startup Cost":20.0,"Total Cost":70517.88,"Plan Rows":2999739,"Plan Width":12,"Actual Startup Time":0.114,"Actual Total Time":0.114,"Actual Rows":3000000,"Actual Loops":1,"Shared Hit Blocks":0,"Shared Read Blocks":0,"Shared Dirtied Blocks":0,"Shared Written Blocks":0,"Local Hit Blocks":0,"Local Read Blocks":0,"Local Dirtied Blocks":0,"Local Written Blocks":0,"Temp Read Blocks":0,"Temp Written Blocks":0,"I/O Read Time":0.0,"I/O Write Time":0.0,"Temp I/O Read Time":0.0,"Temp I/O Write Time":0.0,"Subplans Removed":0,"Plans":[{"Node Type":"Custom Scan","Parent Relationship":"Member","Custom Plan Provider":"columnar scan","Parallel Aware":false,"Async Capable":false,"Relation Name":"customer","Schema":"public","Alias":"customer","Startup Cost":20.0,"Total Cost":70513.87,"Plan Rows":2999738,"Plan Width":12,"Actual Startup Time":0.113,"Actual Total Time":0.113,"Actual Rows":3000000,"Actual Loops":1,"Output":["customer.c_nationkey","customer.c_id","customer.c_w_id","customer.c_d_id"],"Rows Removed by Columnar Filter":0,"Columnar cache search mode":"native","Shared Hit Blocks":0,"Shared Read Blocks":0,"Shared Dirtied Blocks":0,"Shared Written Blocks":0,"Local Hit Blocks":0,"Local Read Blocks":0,"Local Dirtied Blocks":0,"Local Written Blocks":0,"Temp Read Blocks":0,"Temp Written Blocks":0,"I/O Read Time":0.0,"I/O Write Time":0.0,"Temp I/O Read Time":0.0,"Temp I/O Write Time":0.0},{"Node Type":"Seq Scan","Parent Relationship":"Member","Parallel Aware":false,"Async Capable":false,"Relation Name":"customer","Schema":"public","Alias":"customer","Startup Cost":0.0,"Total Cost":4.01,"Plan Rows":1,"Plan Width":12,"Actual Startup Time":0.0,"Actual Total Time":0.0,"Actual Rows":0,"Actual Loops":0,"Output":["customer.c_nationkey","customer.c_id","customer.c_w_id","customer.c_d_id"],"Shared Hit Blocks":0,"Shared Read Blocks":0,"Shared Dirtied Blocks":0,"Shared Written Blocks":0,"Local Hit Blocks":0,"Local Read Blocks":0,"Local Dirtied Blocks":0,"Local Written Blocks":0,"Temp Read Blocks":0,"Temp Written Blocks":0,"I/O Read Time":0.0,"I/O Write Time":0.0,"Temp I/O Read Time":0.0,"Temp I/O Write Time":0.0}]}]}]},{"Node Type":"Hash","Parent Relationship":"Inner","Parallel Aware":false,"Async Capable":false,"Startup Cost":24.07,"Total Cost":24.07,"Plan Rows":3,"Plan Width":12,"Actual Rows":2,"Actual Loops":1,"Output":["n2.n_nationkey","n2.n_name"],"Shared Hit Blocks":0,"Shared Read Blocks":0,"Shared Dirtied Blocks":0,"Shared Written Blocks":0,"Local Hit Blocks":0,"Local Read Blocks":0,"Local Dirtied Blocks":0,"Local Written Blocks":0,"Temp Read Blocks":0,"Temp Written Blocks":0,"I/O Read Time":0.0,"I/O Write Time":0.0,"Temp I/O Read Time":0.0,"Temp I/O Write Time":0.0,"Plans":[{"Node Type":"Append","Parent Relationship":"Outer","Parallel Aware":false,"Async Capable":false,"Startup Cost":20.0,"Total Cost":24.07,"Plan Rows":3,"Plan Width":12,"Actual Startup Time":0.041,"Actual Total Time":0.042,"Actual Rows":2,"Actual Loops":1,"Shared Hit Blocks":0,"Shared Read Blocks":0,"Shared Dirtied Blocks":0,"Shared Written Blocks":0,"Local Hit Blocks":0,"Local Read Blocks":0,"Local Dirtied Blocks":0,"Local Written Blocks":0,"Temp Read Blocks":0,"Temp Written Blocks":0,"I/O Read Time":0.0,"I/O Write Time":0.0,"Temp I/O Read Time":0.0,"Temp I/O Write Time":0.0,"Subplans Removed":0,"Plans":[{"Node Type":"Custom Scan","Parent Relationship":"Member","Custom Plan Provider":"columnar scan","Parallel Aware":false,"Async Capable":false,"Relation Name":"nation","Schema":"public","Alias":"n2","Startup Cost":20.0,"Total Cost":20.05,"Plan Rows":2,"Plan Width":12,"Actual Startup Time":0.04,"Actual Total Time":0.04,"Actual Rows":2,"Actual Loops":1,"Output":["n2.n_nationkey","n2.n_name"],"Filter":"(((n2.n_name)::text = 'Cambodia'::text) OR ((n2.n_name)::text = 'Germany'::text))","Rows Removed by Filter":0,"Rows Removed by Columnar Filter":60,"Columnar cache search mode":"native","Shared Hit Blocks":0,"Shared Read Blocks":0,"Shared Dirtied Blocks":0,"Shared Written Blocks":0,"Local Hit Blocks":0,"Local Read Blocks":0,"Local Dirtied Blocks":0,"Local Written Blocks":0,"Temp Read Blocks":0,"Temp Written Blocks":0,"I/O Read Time":0.0,"I/O Write Time":0.0,"Temp I/O Read Time":0.0,"Temp I/O Write Time":0.0},{"Node Type":"Seq Scan","Parent Relationship":"Member","Parallel Aware":false,"Async Capable":false,"Relation Name":"nation","Schema":"public","Alias":"n2","Startup Cost":0.0,"Total Cost":4.01,"Plan Rows":1,"Plan Width":12,"Actual Startup Time":0.0,"Actual Total Time":0.0,"Actual Rows":0,"Actual Loops":0,"Output":["n2.n_nationkey","n2.n_name"],"Filter":"(((n2.n_name)::text = 'Cambodia'::text) OR ((n2.n_name)::text = 'Germany'::text))","Rows Removed by Filter":0,"Shared Hit Blocks":0,"Shared Read Blocks":0,"Shared Dirtied Blocks":0,"Shared Written Blocks":0,"Local Hit Blocks":0,"Local Read Blocks":0,"Local Dirtied Blocks":0,"Local Written Blocks":0,"Temp Read Blocks":0,"Temp Written Blocks":0,"I/O Read Time":0.0,"I/O Write Time":0.0,"Temp I/O Read Time":0.0,"Temp I/O Write Time":0.0}]}]}]}]}]}]}]},"Planning":{"Shared Hit Blocks":12,"Shared Read Blocks":0,"Shared Dirtied Blocks":0,"Shared Written Blocks":0,"Local Hit Blocks":0,"Local Read Blocks":0,"Local Dirtied Blocks":0,"Local Written Blocks":0,"Temp Read Blocks":0,"Temp Written Blocks":0,"I/O Read Time":0.0,"I/O Write Time":0.0,"Temp I/O Read Time":0.0,"Temp I/O Write Time":0.0},"Planning Time":3.146,"Triggers":[],"Execution Time":4679.405}]
[列存组合]: customer, nation, order_line, stock
[{"Plan":{"Node Type":"Aggregate","Strategy":"Sorted","Partial Mode":"Simple","Parallel Aware":false,"Async Capable":false,"Startup Cost":664645.3,"Total Cost":664766.91,"Plan Rows":4422,"Plan Width":72,"Actual Startup Time":6220.649,"Actual Total Time":6221.931,"Actual Rows":6,"Actual Loops":1,"Output":["supplier.su_nationkey","customer.c_nationkey","(EXTRACT(year FROM orders.o_entry_d))","sum(order_line.ol_amount)"],"Group Key":["supplier.su_nationkey","customer.c_nationkey","(EXTRACT(year FROM orders.o_entry_d))"],"Shared Hit Blocks":22277,"Shared Read Blocks":0,"Shared Dirtied Blocks":0,"Shared Written Blocks":0,"Local Hit Blocks":0,"Local Read Blocks":0,"Local Dirtied Blocks":0,"Local Written Blocks":0,"Temp Read Blocks":20587,"Temp Written Blocks":20596,"I/O Read Time":0.0,"I/O Write Time":0.0,"Temp I/O Read Time":31.546,"Temp I/O Write Time":93.511,"Plans":[{"Node Type":"Sort","Parent Relationship":"Outer","Parallel Aware":false,"Async Capable":false,"Startup Cost":664645.3,"Total Cost":664656.36,"Plan Rows":4422,"Plan Width":44,"Actual Startup Time":6220.589,"Actual Total Time":6220.854,"Actual Rows":6043,"Actual Loops":1,"Output":["supplier.su_nationkey","customer.c_nationkey","(EXTRACT(year FROM orders.o_entry_d))","order_line.ol_amount"],"Sort Key":["supplier.su_nationkey","customer.c_nationkey","(EXTRACT(year FROM orders.o_entry_d))"],"Sort Method":"quicksort","Sort Space Used":523,"Sort Space Type":"Memory","Shared Hit Blocks":22277,"Shared Read Blocks":0,"Shared Dirtied Blocks":0,"Shared Written Blocks":0,"Local Hit Blocks":0,"Local Read Blocks":0,"Local Dirtied Blocks":0,"Local Written Blocks":0,"Temp Read Blocks":20587,"Temp Written Blocks":20596,"I/O Read Time":0.0,"I/O Write Time":0.0,"Temp I/O Read Time":31.546,"Temp I/O Write Time":93.511,"Plans":[{"Node Type":"Merge Join","Parent Relationship":"Outer","Parallel Aware":false,"Async Capable":false,"Join Type":"Inner","Startup Cost":660285.15,"Total Cost":664377.54,"Plan Rows":4422,"Plan Width":44,"Actual Startup Time":6065.269,"Actual Total Time":6219.15,"Actual Rows":6043,"Actual Loops":1,"Output":["supplier.su_nationkey","customer.c_nationkey","EXTRACT(year FROM orders.o_entry_d)","order_line.ol_amount"],"Merge Cond":"((orders.o_c_id = customer.c_id) AND (order_line.ol_w_id = customer.c_w_id) AND (order_line.ol_d_id = customer.c_d_id))","Join Filter":"((((n1.n_name)::text = 'Germany'::text) AND ((n2.n_name)::text = 'Cambodia'::text)) OR (((n1.n_name)::text = 'Cambodia'::text) AND ((n2.n_name)::text = 'Germany'::text)))","Rows Removed by Join Filter":5752,"Shared Hit Blocks":22277,"Shared Read Blocks":0,"Shared Dirtied Blocks":0,"Shared Written Blocks":0,"Local Hit Blocks":0,"Local Read Blocks":0,"Local Dirtied Blocks":0,"Local Written Blocks":0,"Temp Read Blocks":20587,"Temp Written Blocks":20596,"I/O Read Time":0.0,"I/O Write Time":0.0,"Temp I/O Read Time":31.546,"Temp I/O Write Time":93.511,"Plans":[{"Node Type":"Sort","Parent Relationship":"Outer","Parallel Aware":false,"Async Capable":false,"Startup Cost":637570.48,"Total Cost":638245.04,"Plan Rows":269824,"Plan Width":36,"Actual Startup Time":5944.539,"Actual Total Time":6015.273,"Actual Rows":242214,"Actual Loops":1,"Output":["supplier.su_nationkey","order_line.ol_amount","order_line.ol_w_id","order_line.ol_d_id","orders.o_entry_d","orders.o_w_id","orders.o_d_id","orders.o_c_id","n1.n_name"],"Sort Key":["orders.o_c_id","order_line.ol_w_id","order_line.ol_d_id"],"Sort Method":"external merge","Sort Space Used":11984,"Sort Space Type":"Disk","Shared Hit Blocks":22277,"Shared Read Blocks":0,"Shared Dirtied Blocks":0,"Shared Written Blocks":0,"Local Hit Blocks":0,"Local Read Blocks":0,"Local Dirtied Blocks":0,"Local Written Blocks":0,"Temp Read Blocks":20042,"Temp Written Blocks":20048,"I/O Read Time":0.0,"I/O Write Time":0.0,"Temp I/O Read Time":30.876,"Temp I/O Write Time":91.331,"Plans":[{"Node Type":"Hash Join","Parent Relationship":"Outer","Parallel Aware":false,"Async Capable":false,"Join Type":"Inner","Startup Cost":159362.06,"Total Cost":605852.11,"Plan Rows":269824,"Plan Width":36,"Actual Startup Time":1302.586,"Actual Total Time":5819.03,"Actual Rows":242214,"Actual Loops":1,"Output":["supplier.su_nationkey","order_line.ol_amount","order_line.ol_w_id","order_line.ol_d_id","orders.o_entry_d","orders.o_w_id","orders.o_d_id","orders.o_c_id","n1.n_name"],"Hash Cond":"((order_line.ol_w_id = orders.o_w_id) AND (order_line.ol_d_id = orders.o_d_id) AND (order_line.ol_o_id = orders.o_id))","Shared Hit Blocks":22277,"Shared Read Blocks":0,"Shared Dirtied Blocks":0,"Shared Written Blocks":0,"Local Hit Blocks":0,"Local Read Blocks":0,"Local Dirtied Blocks":0,"Local Written Blocks":0,"Temp Read Blocks":18544,"Temp Written Blocks":18544,"I/O Read Time":0.0,"I/O Write Time":0.0,"Temp I/O Read Time":28.893,"Temp I/O Write Time":85.783,"Plans":[{"Node Type":"Hash Join","Parent Relationship":"Outer","Parallel Aware":false,"Async Capable":false,"Join Type":"Inner","Startup Cost":29766.98,"Total Cost":452870.88,"Plan Rows":269988,"Plan Width":28,"Actual Startup Time":400.053,"Actual Total Time":4589.568,"Actual Rows":242214,"Actual Loops":1,"Output":["supplier.su_nationkey","order_line.ol_amount","order_line.ol_w_id","order_line.ol_d_id","order_line.ol_o_id","n1.n_name"],"Hash Cond":"(supplier.su_nationkey = n1.n_nationkey)","Shared Hit Blocks":218,"Shared Read Blocks":0,"Shared Dirtied Blocks":0,"Shared Written Blocks":0,"Local Hit Blocks":0,"Local Read Blocks":0,"Local Dirtied Blocks":0,"Local Written Blocks":0,"Temp Read Blocks":0,"Temp Written Blocks":0,"I/O Read Time":0.0,"I/O Write Time":0.0,"Temp I/O Read Time":0.0,"Temp I/O Write Time":0.0,"Plans":[{"Node Type":"Hash Join","Parent Relationship":"Outer","Parallel Aware":false,"Async Capable":false,"Join Type":"Inner","Startup Cost":29765.02,"Total Cost":429396.82,"Plan Rows":8369638,"Plan Width":20,"Actual Startup Time":399.917,"Actual Total Time":3986.555,"Actual Rows":8570498,"Actual Loops":1,"Output":["supplier.su_nationkey","order_line.ol_amount","order_line.ol_w_id","order_line.ol_d_id","order_line.ol_o_id"],"Hash Cond":"(mod((stock.s_w_id * stock.s_i_id), 10000) = supplier.su_suppkey)","Shared Hit Blocks":217,"Shared Read Blocks":0,"Shared Dirtied Blocks":0,"Shared Written Blocks":0,"Local Hit Blocks":0,"Local Read Blocks":0,"Local Dirtied Blocks":0,"Local Written Blocks":0,"Temp Read Blocks":0,"Temp Written Blocks":0,"I/O Read Time":0.0,"I/O Write Time":0.0,"Temp I/O Read Time":0.0,"Temp I/O Write Time":0.0,"Plans":[{"Node Type":"Hash Join","Parent Relationship":"Outer","Parallel Aware":false,"Async Capable":false,"Join Type":"Inner","Startup Cost":29323.02,"Total Cost":404880.91,"Plan Rows":8369638,"Plan Width":22,"Actual Startup Time":397.361,"Actual Total Time":2291.449,"Actual Rows":8570498,"Actual Loops":1,"Output":["stock.s_w_id","stock.s_i_id","order_line.ol_amount","order_line.ol_w_id","order_line.ol_d_id","order_line.ol_o_id"],"Hash Cond":"((order_line.ol_supply_w_id = stock.s_w_id) AND (order_line.ol_i_id = stock.s_i_id))","Rows Removed by Bloom Filter":0,"Shared Hit Blocks":0,"Shared Read Blocks":0,"Shared Dirtied Blocks":0,"Shared Written Blocks":0,"Local Hit Blocks":0,"Local Read Blocks":0,"Local Dirtied Blocks":0,"Local Written Blocks":0,"Temp Read Blocks":0,"Temp Written Blocks":0,"I/O Read Time":0.0,"I/O Write Time":0.0,"Temp I/O Read Time":0.0,"Temp I/O Write Time":0.0,"Plans":[{"Node Type":"Append","Parent Relationship":"Outer","Parallel Aware":false,"Async Capable":false,"Startup Cost":20.0,"Total Cost":230190.58,"Plan Rows":8369638,"Plan Width":22,"Actual Startup Time":12.18,"Actual Total Time":12.187,"Actual Rows":8570498,"Actual Loops":1,"Shared Hit Blocks":0,"Shared Read Blocks":0,"Shared Dirtied Blocks":0,"Shared Written Blocks":0,"Local Hit Blocks":0,"Local Read Blocks":0,"Local Dirtied Blocks":0,"Local Written Blocks":0,"Temp Read Blocks":0,"Temp Written Blocks":0,"I/O Read Time":0.0,"I/O Write Time":0.0,"Temp I/O Read Time":0.0,"Temp I/O Write Time":0.0,"Subplans Removed":0,"Plans":[{"Node Type":"Custom Scan","Parent Relationship":"Member","Custom Plan Provider":"columnar scan","Parallel Aware":false,"Async Capable":false,"Relation Name":"order_line","Schema":"public","Alias":"order_line","Startup Cost":20.0,"Total Cost":230185.68,"Plan Rows":8369621,"Plan Width":22,"Actual Startup Time":12.178,"Actual Total Time":12.181,"Actual Rows":8570498,"Actual Loops":1,"Output":["order_line.ol_amount","order_line.ol_supply_w_id","order_line.ol_i_id","order_line.ol_w_id","order_line.ol_d_id","order_line.ol_o_id"],"Filter":"((order_line.ol_delivery_d <= '1997-01-01 20:10:02.27764'::timestamp without time zone) AND (order_line.ol_delivery_d >= '1995-01-02 20:10:02.27764'::timestamp without time zone))","Rows Removed by Filter":0,"Rows Removed by Columnar Filter":21427234,"Columnar cache search mode":"native","Shared Hit Blocks":0,"Shared Read Blocks":0,"Shared Dirtied Blocks":0,"Shared Written Blocks":0,"Local Hit Blocks":0,"Local Read Blocks":0,"Local Dirtied Blocks":0,"Local Written Blocks":0,"Temp Read Blocks":0,"Temp Written Blocks":0,"I/O Read Time":0.0,"I/O Write Time":0.0,"Temp I/O Read Time":0.0,"Temp I/O Write Time":0.0},{"Node Type":"Seq Scan","Parent Relationship":"Member","Parallel Aware":false,"Async Capable":false,"Relation Name":"order_line","Schema":"public","Alias":"order_line","Startup Cost":0.0,"Total Cost":4.9,"Plan Rows":17,"Plan Width":22,"Actual Startup Time":0.0,"Actual Total Time":0.0,"Actual Rows":0,"Actual Loops":0,"Output":["order_line.ol_amount","order_line.ol_supply_w_id","order_line.ol_i_id","order_line.ol_w_id","order_line.ol_d_id","order_line.ol_o_id"],"Filter":"((order_line.ol_delivery_d <= '1997-01-01 20:10:02.27764'::timestamp without time zone) AND (order_line.ol_delivery_d >= '1995-01-02 20:10:02.27764'::timestamp without time zone))","Rows Removed by Filter":0,"Shared Hit Blocks":0,"Shared Read Blocks":0,"Shared Dirtied Blocks":0,"Shared Written Blocks":0,"Local Hit Blocks":0,"Local Read Blocks":0,"Local Dirtied Blocks":0,"Local Written Blocks":0,"Temp Read Blocks":0,"Temp Written Blocks":0,"I/O Read Time":0.0,"I/O Write Time":0.0,"Temp I/O Read Time":0.0,"Temp I/O Write Time":0.0}]},{"Node Type":"Hash","Parent Relationship":"Inner","Parallel Aware":false,"Async Capable":false,"Startup Cost":195025.67,"Total Cost":195025.67,"Plan Rows":10000162,"Plan Width":6,"Actual Rows":10000000,"Actual Loops":1,"Output":["stock.s_w_id","stock.s_i_id"],"Shared Hit Blocks":0,"Shared Read Blocks":0,"Shared Dirtied Blocks":0,"Shared Written Blocks":0,"Local Hit Blocks":0,"Local Read Blocks":0,"Local Dirtied Blocks":0,"Local Written Blocks":0,"Temp Read Blocks":0,"Temp Written Blocks":0,"I/O Read Time":0.0,"I/O Write Time":0.0,"Temp I/O Read Time":0.0,"Temp I/O Write Time":0.0,"Plans":[{"Node Type":"Append","Parent Relationship":"Outer","Parallel Aware":false,"Async Capable":false,"Startup Cost":20.0,"Total Cost":195025.67,"Plan Rows":10000162,"Plan Width":6,"Actual Startup Time":0.217,"Actual Total Time":0.219,"Actual Rows":10000000,"Actual Loops":1,"Shared Hit Blocks":0,"Shared Read Blocks":0,"Shared Dirtied Blocks":0,"Shared Written Blocks":0,"Local Hit Blocks":0,"Local Read Blocks":0,"Local Dirtied Blocks":0,"Local Written Blocks":0,"Temp Read Blocks":0,"Temp Written Blocks":0,"I/O Read Time":0.0,"I/O Write Time":0.0,"Temp I/O Read Time":0.0,"Temp I/O Write Time":0.0,"Subplans Removed":0,"Plans":[{"Node Type":"Custom Scan","Parent Relationship":"Member","Custom Plan Provider":"columnar scan","Parallel Aware":false,"Async Capable":false,"Relation Name":"stock","Schema":"public","Alias":"stock","Startup Cost":20.0,"Total Cost":195020.05,"Plan Rows":10000000,"Plan Width":6,"Actual Startup Time":0.215,"Actual Total Time":0.216,"Actual Rows":10000000,"Actual Loops":1,"Output":["stock.s_w_id","stock.s_i_id"],"Rows Removed by Columnar Filter":0,"Columnar cache search mode":"native","Shared Hit Blocks":0,"Shared Read Blocks":0,"Shared Dirtied Blocks":0,"Shared Written Blocks":0,"Local Hit Blocks":0,"Local Read Blocks":0,"Local Dirtied Blocks":0,"Local Written Blocks":0,"Temp Read Blocks":0,"Temp Written Blocks":0,"I/O Read Time":0.0,"I/O Write Time":0.0,"Temp I/O Read Time":0.0,"Temp I/O Write Time":0.0},{"Node Type":"Seq Scan","Parent Relationship":"Member","Parallel Aware":false,"Async Capable":false,"Relation Name":"stock","Schema":"public","Alias":"stock","Startup Cost":0.0,"Total Cost":5.62,"Plan Rows":162,"Plan Width":6,"Actual Startup Time":0.0,"Actual Total Time":0.0,"Actual Rows":0,"Actual Loops":0,"Output":["stock.s_w_id","stock.s_i_id"],"Shared Hit Blocks":0,"Shared Read Blocks":0,"Shared Dirtied Blocks":0,"Shared Written Blocks":0,"Local Hit Blocks":0,"Local Read Blocks":0,"Local Dirtied Blocks":0,"Local Written Blocks":0,"Temp Read Blocks":0,"Temp Written Blocks":0,"I/O Read Time":0.0,"I/O Write Time":0.0,"Temp I/O Read Time":0.0,"Temp I/O Write Time":0.0}]}]}]},{"Node Type":"Hash","Parent Relationship":"Inner","Parallel Aware":false,"Async Capable":false,"Startup Cost":317.0,"Total Cost":317.0,"Plan Rows":10000,"Plan Width":8,"Actual Startup Time":2.493,"Actual Total Time":2.494,"Actual Rows":10000,"Actual Loops":1,"Output":["supplier.su_nationkey","supplier.su_suppkey"],"Hash Buckets":16384,"Original Hash Buckets":16384,"Hash Batches":1,"Original Hash Batches":1,"Peak Memory Usage":519,"Shared Hit Blocks":217,"Shared Read Blocks":0,"Shared Dirtied Blocks":0,"Shared Written Blocks":0,"Local Hit Blocks":0,"Local Read Blocks":0,"Local Dirtied Blocks":0,"Local Written Blocks":0,"Temp Read Blocks":0,"Temp Written Blocks":0,"I/O Read Time":0.0,"I/O Write Time":0.0,"Temp I/O Read Time":0.0,"Temp I/O Write Time":0.0,"Plans":[{"Node Type":"Seq Scan","Parent Relationship":"Outer","Parallel Aware":false,"Async Capable":false,"Relation Name":"supplier","Schema":"public","Alias":"supplier","Startup Cost":0.0,"Total Cost":317.0,"Plan Rows":10000,"Plan Width":8,"Actual Startup Time":0.006,"Actual Total Time":1.275,"Actual Rows":10000,"Actual Loops":1,"Output":["supplier.su_nationkey","supplier.su_suppkey"],"Shared Hit Blocks":217,"Shared Read Blocks":0,"Shared Dirtied Blocks":0,"Shared Written Blocks":0,"Local Hit Blocks":0,"Local Read Blocks":0,"Local Dirtied Blocks":0,"Local Written Blocks":0,"Temp Read Blocks":0,"Temp Written Blocks":0,"I/O Read Time":0.0,"I/O Write Time":0.0,"Temp I/O Read Time":0.0,"Temp I/O Write Time":0.0}]}]},{"Node Type":"Hash","Parent Relationship":"Inner","Parallel Aware":false,"Async Capable":false,"Startup Cost":1.93,"Total Cost":1.93,"Plan Rows":2,"Plan Width":12,"Actual Startup Time":0.024,"Actual Total Time":0.024,"Actual Rows":2,"Actual Loops":1,"Output":["n1.n_nationkey","n1.n_name"],"Hash Buckets":1024,"Original Hash Buckets":1024,"Hash Batches":1,"Original Hash Batches":1,"Peak Memory Usage":9,"Shared Hit Blocks":1,"Shared Read Blocks":0,"Shared Dirtied Blocks":0,"Shared Written Blocks":0,"Local Hit Blocks":0,"Local Read Blocks":0,"Local Dirtied Blocks":0,"Local Written Blocks":0,"Temp Read Blocks":0,"Temp Written Blocks":0,"I/O Read Time":0.0,"I/O Write Time":0.0,"Temp I/O Read Time":0.0,"Temp I/O Write Time":0.0,"Plans":[{"Node Type":"Seq Scan","Parent Relationship":"Outer","Parallel Aware":false,"Async Capable":false,"Relation Name":"nation","Schema":"public","Alias":"n1","Startup Cost":0.0,"Total Cost":1.93,"Plan Rows":2,"Plan Width":12,"Actual Startup Time":0.015,"Actual Total Time":0.02,"Actual Rows":2,"Actual Loops":1,"Output":["n1.n_nationkey","n1.n_name"],"Filter":"(((n1.n_name)::text = 'Germany'::text) OR ((n1.n_name)::text = 'Cambodia'::text))","Rows Removed by Filter":60,"Shared Hit Blocks":1,"Shared Read Blocks":0,"Shared Dirtied Blocks":0,"Shared Written Blocks":0,"Local Hit Blocks":0,"Local Read Blocks":0,"Local Dirtied Blocks":0,"Local Written Blocks":0,"Temp Read Blocks":0,"Temp Written Blocks":0,"I/O Read Time":0.0,"I/O Write Time":0.0,"Temp I/O Read Time":0.0,"Temp I/O Write Time":0.0}]}]},{"Node Type":"Hash","Parent Relationship":"Inner","Parallel Aware":false,"Async Capable":false,"Startup Cost":59559.0,"Total Cost":59559.0,"Plan Rows":2998176,"Plan Width":24,"Actual Startup Time":901.606,"Actual Total Time":901.606,"Actual Rows":2997892,"Actual Loops":1,"Output":["orders.o_entry_d","orders.o_w_id","orders.o_d_id","orders.o_id","orders.o_c_id"],"Hash Buckets":131072,"Original Hash Buckets":131072,"Hash Batches":32,"Original Hash Batches":32,"Peak Memory Usage":6539,"Shared Hit Blocks":22059,"Shared Read Blocks":0,"Shared Dirtied Blocks":0,"Shared Written Blocks":0,"Local Hit Blocks":0,"Local Read Blocks":0,"Local Dirtied Blocks":0,"Local Written Blocks":0,"Temp Read Blocks":0,"Temp Written Blocks":16995,"I/O Read Time":0.0,"I/O Write Time":0.0,"Temp I/O Read Time":0.0,"Temp I/O Write Time":75.906,"Plans":[{"Node Type":"Seq Scan","Parent Relationship":"Outer","Parallel Aware":false,"Async Capable":false,"Relation Name":"orders","Schema":"public","Alias":"orders","Startup Cost":0.0,"Total Cost":59559.0,"Plan Rows":2998176,"Plan Width":24,"Actual Startup Time":0.017,"Actual Total Time":365.618,"Actual Rows":2997892,"Actual Loops":1,"Output":["orders.o_entry_d","orders.o_w_id","orders.o_d_id","orders.o_id","orders.o_c_id"],"Filter":"(orders.o_entry_d >= '1992-01-02 20:10:02.27764'::timestamp without time zone)","Rows Removed by Filter":2108,"Shared Hit Blocks":22059,"Shared Read Blocks":0,"Shared Dirtied Blocks":0,"Shared Written Blocks":0,"Local Hit Blocks":0,"Local Read Blocks":0,"Local Dirtied Blocks":0,"Local Written Blocks":0,"Temp Read Blocks":0,"Temp Written Blocks":0,"I/O Read Time":0.0,"I/O Write Time":0.0,"Temp I/O Read Time":0.0,"Temp I/O Write Time":0.0}]}]}]},{"Node Type":"Materialize","Parent Relationship":"Inner","Parallel Aware":false,"Async Capable":false,"Startup Cost":22714.58,"Total Cost":23198.41,"Plan Rows":96766,"Plan Width":20,"Actual Startup Time":120.694,"Actual Total Time":154.407,"Actual Rows":146547,"Actual Loops":1,"Output":["customer.c_nationkey","customer.c_id","customer.c_w_id","customer.c_d_id","n2.n_name"],"Shared Hit Blocks":0,"Shared Read Blocks":0,"Shared Dirtied Blocks":0,"Shared Written Blocks":0,"Local Hit Blocks":0,"Local Read Blocks":0,"Local Dirtied Blocks":0,"Local Written Blocks":0,"Temp Read Blocks":545,"Temp Written Blocks":548,"I/O Read Time":0.0,"I/O Write Time":0.0,"Temp I/O Read Time":0.669,"Temp I/O Write Time":2.179,"Plans":[{"Node Type":"Sort","Parent Relationship":"Outer","Parallel Aware":false,"Async Capable":false,"Startup Cost":22714.58,"Total Cost":22956.49,"Plan Rows":96766,"Plan Width":20,"Actual Startup Time":120.689,"Actual Total Time":137.782,"Actual Rows":144982,"Actual Loops":1,"Output":["customer.c_nationkey","customer.c_id","customer.c_w_id","customer.c_d_id","n2.n_name"],"Sort Key":["customer.c_id","customer.c_w_id","customer.c_d_id"],"Sort Method":"external merge","Sort Space Used":4360,"Sort Space Type":"Disk","Shared Hit Blocks":0,"Shared Read Blocks":0,"Shared Dirtied Blocks":0,"Shared Written Blocks":0,"Local Hit Blocks":0,"Local Read Blocks":0,"Local Dirtied Blocks":0,"Local Written Blocks":0,"Temp Read Blocks":545,"Temp Written Blocks":548,"I/O Read Time":0.0,"I/O Write Time":0.0,"Temp I/O Read Time":0.669,"Temp I/O Write Time":2.179,"Plans":[{"Node Type":"Hash Join","Parent Relationship":"Outer","Parallel Aware":false,"Async Capable":false,"Join Type":"Inner","Startup Cost":44.04,"Total Cost":12716.78,"Plan Rows":96766,"Plan Width":20,"Actual Startup Time":25.925,"Actual Total Time":67.112,"Actual Rows":144986,"Actual Loops":1,"Output":["customer.c_nationkey","customer.c_id","customer.c_w_id","customer.c_d_id","n2.n_name"],"Hash Cond":"(customer.c_nationkey = n2.n_nationkey)","Rows Removed by Bloom Filter":6506642,"Shared Hit Blocks":0,"Shared Read Blocks":0,"Shared Dirtied Blocks":0,"Shared Written Blocks":0,"Local Hit Blocks":0,"Local Read Blocks":0,"Local Dirtied Blocks":0,"Local Written Blocks":0,"Temp Read Blocks":0,"Temp Written Blocks":0,"I/O Read Time":0.0,"I/O Write Time":0.0,"Temp I/O Read Time":0.0,"Temp I/O Write Time":0.0,"Plans":[{"Node Type":"Append","Parent Relationship":"Outer","Parallel Aware":false,"Async Capable":false,"Startup Cost":20.0,"Total Cost":70517.88,"Plan Rows":2999739,"Plan Width":12,"Actual Startup Time":0.147,"Actual Total Time":0.147,"Actual Rows":3000000,"Actual Loops":1,"Shared Hit Blocks":0,"Shared Read Blocks":0,"Shared Dirtied Blocks":0,"Shared Written Blocks":0,"Local Hit Blocks":0,"Local Read Blocks":0,"Local Dirtied Blocks":0,"Local Written Blocks":0,"Temp Read Blocks":0,"Temp Written Blocks":0,"I/O Read Time":0.0,"I/O Write Time":0.0,"Temp I/O Read Time":0.0,"Temp I/O Write Time":0.0,"Subplans Removed":0,"Plans":[{"Node Type":"Custom Scan","Parent Relationship":"Member","Custom Plan Provider":"columnar scan","Parallel Aware":false,"Async Capable":false,"Relation Name":"customer","Schema":"public","Alias":"customer","Startup Cost":20.0,"Total Cost":70513.87,"Plan Rows":2999738,"Plan Width":12,"Actual Startup Time":0.145,"Actual Total Time":0.145,"Actual Rows":3000000,"Actual Loops":1,"Output":["customer.c_nationkey","customer.c_id","customer.c_w_id","customer.c_d_id"],"Rows Removed by Columnar Filter":0,"Columnar cache search mode":"native","Shared Hit Blocks":0,"Shared Read Blocks":0,"Shared Dirtied Blocks":0,"Shared Written Blocks":0,"Local Hit Blocks":0,"Local Read Blocks":0,"Local Dirtied Blocks":0,"Local Written Blocks":0,"Temp Read Blocks":0,"Temp Written Blocks":0,"I/O Read Time":0.0,"I/O Write Time":0.0,"Temp I/O Read Time":0.0,"Temp I/O Write Time":0.0},{"Node Type":"Seq Scan","Parent Relationship":"Member","Parallel Aware":false,"Async Capable":false,"Relation Name":"customer","Schema":"public","Alias":"customer","Startup Cost":0.0,"Total Cost":4.01,"Plan Rows":1,"Plan Width":12,"Actual Startup Time":0.0,"Actual Total Time":0.0,"Actual Rows":0,"Actual Loops":0,"Output":["customer.c_nationkey","customer.c_id","customer.c_w_id","customer.c_d_id"],"Shared Hit Blocks":0,"Shared Read Blocks":0,"Shared Dirtied Blocks":0,"Shared Written Blocks":0,"Local Hit Blocks":0,"Local Read Blocks":0,"Local Dirtied Blocks":0,"Local Written Blocks":0,"Temp Read Blocks":0,"Temp Written Blocks":0,"I/O Read Time":0.0,"I/O Write Time":0.0,"Temp I/O Read Time":0.0,"Temp I/O Write Time":0.0}]},{"Node Type":"Hash","Parent Relationship":"Inner","Parallel Aware":false,"Async Capable":false,"Startup Cost":24.07,"Total Cost":24.07,"Plan Rows":3,"Plan Width":12,"Actual Rows":2,"Actual Loops":1,"Output":["n2.n_nationkey","n2.n_name"],"Shared Hit Blocks":0,"Shared Read Blocks":0,"Shared Dirtied Blocks":0,"Shared Written Blocks":0,"Local Hit Blocks":0,"Local Read Blocks":0,"Local Dirtied Blocks":0,"Local Written Blocks":0,"Temp Read Blocks":0,"Temp Written Blocks":0,"I/O Read Time":0.0,"I/O Write Time":0.0,"Temp I/O Read Time":0.0,"Temp I/O Write Time":0.0,"Plans":[{"Node Type":"Append","Parent Relationship":"Outer","Parallel Aware":false,"Async Capable":false,"Startup Cost":20.0,"Total Cost":24.07,"Plan Rows":3,"Plan Width":12,"Actual Startup Time":0.09,"Actual Total Time":0.09,"Actual Rows":2,"Actual Loops":1,"Shared Hit Blocks":0,"Shared Read Blocks":0,"Shared Dirtied Blocks":0,"Shared Written Blocks":0,"Local Hit Blocks":0,"Local Read Blocks":0,"Local Dirtied Blocks":0,"Local Written Blocks":0,"Temp Read Blocks":0,"Temp Written Blocks":0,"I/O Read Time":0.0,"I/O Write Time":0.0,"Temp I/O Read Time":0.0,"Temp I/O Write Time":0.0,"Subplans Removed":0,"Plans":[{"Node Type":"Custom Scan","Parent Relationship":"Member","Custom Plan Provider":"columnar scan","Parallel Aware":false,"Async Capable":false,"Relation Name":"nation","Schema":"public","Alias":"n2","Startup Cost":20.0,"Total Cost":20.05,"Plan Rows":2,"Plan Width":12,"Actual Startup Time":0.086,"Actual Total Time":0.087,"Actual Rows":2,"Actual Loops":1,"Output":["n2.n_nationkey","n2.n_name"],"Filter":"(((n2.n_name)::text = 'Cambodia'::text) OR ((n2.n_name)::text = 'Germany'::text))","Rows Removed by Filter":0,"Rows Removed by Columnar Filter":60,"Columnar cache search mode":"native","Shared Hit Blocks":0,"Shared Read Blocks":0,"Shared Dirtied Blocks":0,"Shared Written Blocks":0,"Local Hit Blocks":0,"Local Read Blocks":0,"Local Dirtied Blocks":0,"Local Written Blocks":0,"Temp Read Blocks":0,"Temp Written Blocks":0,"I/O Read Time":0.0,"I/O Write Time":0.0,"Temp I/O Read Time":0.0,"Temp I/O Write Time":0.0},{"Node Type":"Seq Scan","Parent Relationship":"Member","Parallel Aware":false,"Async Capable":false,"Relation Name":"nation","Schema":"public","Alias":"n2","Startup Cost":0.0,"Total Cost":4.01,"Plan Rows":1,"Plan Width":12,"Actual Startup Time":0.0,"Actual Total Time":0.0,"Actual Rows":0,"Actual Loops":0,"Output":["n2.n_nationkey","n2.n_name"],"Filter":"(((n2.n_name)::text = 'Cambodia'::text) OR ((n2.n_name)::text = 'Germany'::text))","Rows Removed by Filter":0,"Shared Hit Blocks":0,"Shared Read Blocks":0,"Shared Dirtied Blocks":0,"Shared Written Blocks":0,"Local Hit Blocks":0,"Local Read Blocks":0,"Local Dirtied Blocks":0,"Local Written Blocks":0,"Temp Read Blocks":0,"Temp Written Blocks":0,"I/O Read Time":0.0,"I/O Write Time":0.0,"Temp I/O Read Time":0.0,"Temp I/O Write Time":0.0}]}]}]}]}]}]}]}]},"Planning":{"Shared Hit Blocks":12,"Shared Read Blocks":0,"Shared Dirtied Blocks":0,"Shared Written Blocks":0,"Local Hit Blocks":0,"Local Read Blocks":0,"Local Dirtied Blocks":0,"Local Written Blocks":0,"Temp Read Blocks":0,"Temp Written Blocks":0,"I/O Read Time":0.0,"I/O Write Time":0.0,"Temp I/O Read Time":0.0,"Temp I/O Write Time":0.0},"Planning Time":3.561,"Triggers":[],"Execution Time":6225.115}]
[列存组合]: customer, nation, order_line, supplier
[{"Plan":{"Node Type":"Aggregate","Strategy":"Sorted","Partial Mode":"Simple","Parallel Aware":false,"Async Capable":false,"Startup Cost":1664854.32,"Total Cost":1664975.92,"Plan Rows":4422,"Plan Width":72,"Actual Startup Time":14748.158,"Actual Total Time":14749.448,"Actual Rows":6,"Actual Loops":1,"Output":["supplier.su_nationkey","customer.c_nationkey","(EXTRACT(year FROM orders.o_entry_d))","sum(order_line.ol_amount)"],"Group Key":["supplier.su_nationkey","customer.c_nationkey","(EXTRACT(year FROM orders.o_entry_d))"],"Shared Hit Blocks":49398,"Shared Read Blocks":0,"Shared Dirtied Blocks":0,"Shared Written Blocks":0,"Local Hit Blocks":0,"Local Read Blocks":0,"Local Dirtied Blocks":0,"Local Written Blocks":0,"Temp Read Blocks":103732,"Temp Written Blocks":103741,"I/O Read Time":0.0,"I/O Write Time":0.0,"Temp I/O Read Time":169.64,"Temp I/O Write Time":472.443,"Plans":[{"Node Type":"Sort","Parent Relationship":"Outer","Parallel Aware":false,"Async Capable":false,"Startup Cost":1664854.32,"Total Cost":1664865.37,"Plan Rows":4422,"Plan Width":44,"Actual Startup Time":14748.097,"Actual Total Time":14748.373,"Actual Rows":6043,"Actual Loops":1,"Output":["supplier.su_nationkey","customer.c_nationkey","(EXTRACT(year FROM orders.o_entry_d))","order_line.ol_amount"],"Sort Key":["supplier.su_nationkey","customer.c_nationkey","(EXTRACT(year FROM orders.o_entry_d))"],"Sort Method":"quicksort","Sort Space Used":523,"Sort Space Type":"Memory","Shared Hit Blocks":49398,"Shared Read Blocks":0,"Shared Dirtied Blocks":0,"Shared Written Blocks":0,"Local Hit Blocks":0,"Local Read Blocks":0,"Local Dirtied Blocks":0,"Local Written Blocks":0,"Temp Read Blocks":103732,"Temp Written Blocks":103741,"I/O Read Time":0.0,"I/O Write Time":0.0,"Temp I/O Read Time":169.64,"Temp I/O Write Time":472.443,"Plans":[{"Node Type":"Merge Join","Parent Relationship":"Outer","Parallel Aware":false,"Async Capable":false,"Join Type":"Inner","Startup Cost":1660494.17,"Total Cost":1664586.56,"Plan Rows":4422,"Plan Width":44,"Actual Startup Time":14595.887,"Actual Total Time":14746.681,"Actual Rows":6043,"Actual Loops":1,"Output":["supplier.su_nationkey","customer.c_nationkey","EXTRACT(year FROM orders.o_entry_d)","order_line.ol_amount"],"Merge Cond":"((orders.o_c_id = customer.c_id) AND (order_line.ol_w_id = customer.c_w_id) AND (order_line.ol_d_id = customer.c_d_id))","Join Filter":"((((n1.n_name)::text = 'Germany'::text) AND ((n2.n_name)::text = 'Cambodia'::text)) OR (((n1.n_name)::text = 'Cambodia'::text) AND ((n2.n_name)::text = 'Germany'::text)))","Rows Removed by Join Filter":5752,"Shared Hit Blocks":49398,"Shared Read Blocks":0,"Shared Dirtied Blocks":0,"Shared Written Blocks":0,"Local Hit Blocks":0,"Local Read Blocks":0,"Local Dirtied Blocks":0,"Local Written Blocks":0,"Temp Read Blocks":103732,"Temp Written Blocks":103741,"I/O Read Time":0.0,"I/O Write Time":0.0,"Temp I/O Read Time":169.64,"Temp I/O Write Time":472.443,"Plans":[{"Node Type":"Sort","Parent Relationship":"Outer","Parallel Aware":false,"Async Capable":false,"Startup Cost":1637779.5,"Total Cost":1638454.06,"Plan Rows":269824,"Plan Width":36,"Actual Startup Time":14480.667,"Actual Total Time":14551.097,"Actual Rows":242214,"Actual Loops":1,"Output":["supplier.su_nationkey","order_line.ol_amount","order_line.ol_w_id","order_line.ol_d_id","orders.o_entry_d","orders.o_w_id","orders.o_d_id","orders.o_c_id","n1.n_name"],"Sort Key":["orders.o_c_id","order_line.ol_w_id","order_line.ol_d_id"],"Sort Method":"external merge","Sort Space Used":11984,"Sort Space Type":"Disk","Shared Hit Blocks":49398,"Shared Read Blocks":0,"Shared Dirtied Blocks":0,"Shared Written Blocks":0,"Local Hit Blocks":0,"Local Read Blocks":0,"Local Dirtied Blocks":0,"Local Written Blocks":0,"Temp Read Blocks":103187,"Temp Written Blocks":103193,"I/O Read Time":0.0,"I/O Write Time":0.0,"Temp I/O Read Time":168.99,"Temp I/O Write Time":470.36,"Plans":[{"Node Type":"Hash Join","Parent Relationship":"Outer","Parallel Aware":false,"Async Capable":false,"Join Type":"Inner","Startup Cost":578718.35,"Total Cost":1606061.13,"Plan Rows":269824,"Plan Width":36,"Actual Startup Time":2995.532,"Actual Total Time":14353.894,"Actual Rows":242214,"Actual Loops":1,"Output":["supplier.su_nationkey","order_line.ol_amount","order_line.ol_w_id","order_line.ol_d_id","orders.o_entry_d","orders.o_w_id","orders.o_d_id","orders.o_c_id","n1.n_name"],"Hash Cond":"((order_line.ol_w_id = orders.o_w_id) AND (order_line.ol_d_id = orders.o_d_id) AND (order_line.ol_o_id = orders.o_id))","Shared Hit Blocks":49398,"Shared Read Blocks":0,"Shared Dirtied Blocks":0,"Shared Written Blocks":0,"Local Hit Blocks":0,"Local Read Blocks":0,"Local Dirtied Blocks":0,"Local Written Blocks":0,"Temp Read Blocks":101689,"Temp Written Blocks":101689,"I/O Read Time":0.0,"I/O Write Time":0.0,"Temp I/O Read Time":166.99,"Temp I/O Write Time":464.859,"Plans":[{"Node Type":"Hash Join","Parent Relationship":"Outer","Parallel Aware":false,"Async Capable":false,"Join Type":"Inner","Startup Cost":449123.27,"Total Cost":1453079.9,"Plan Rows":269988,"Plan Width":28,"Actual Startup Time":2090.103,"Actual Total Time":13113.685,"Actual Rows":242214,"Actual Loops":1,"Output":["supplier.su_nationkey","order_line.ol_amount","order_line.ol_w_id","order_line.ol_d_id","order_line.ol_o_id","n1.n_name"],"Hash Cond":"(supplier.su_nationkey = n1.n_nationkey)","Shared Hit Blocks":27339,"Shared Read Blocks":0,"Shared Dirtied Blocks":0,"Shared Written Blocks":0,"Local Hit Blocks":0,"Local Read Blocks":0,"Local Dirtied Blocks":0,"Local Written Blocks":0,"Temp Read Blocks":83145,"Temp Written Blocks":83145,"I/O Read Time":0.0,"I/O Write Time":0.0,"Temp I/O Read Time":137.801,"Temp I/O Write Time":381.926,"Plans":[{"Node Type":"Hash Join","Parent Relationship":"Outer","Parallel Aware":false,"Async Capable":false,"Join Type":"Inner","Startup Cost":449121.32,"Total Cost":1429605.83,"Plan Rows":8369638,"Plan Width":20,"Actual Startup Time":2088.113,"Actual Total Time":12473.193,"Actual Rows":8570498,"Actual Loops":1,"Output":["supplier.su_nationkey","order_line.ol_amount","order_line.ol_w_id","order_line.ol_d_id","order_line.ol_o_id"],"Hash Cond":"(mod((stock.s_w_id * stock.s_i_id), 10000) = supplier.su_suppkey)","Shared Hit Blocks":27338,"Shared Read Blocks":0,"Shared Dirtied Blocks":0,"Shared Written Blocks":0,"Local Hit Blocks":0,"Local Read Blocks":0,"Local Dirtied Blocks":0,"Local Written Blocks":0,"Temp Read Blocks":83145,"Temp Written Blocks":83145,"I/O Read Time":0.0,"I/O Write Time":0.0,"Temp I/O Read Time":137.801,"Temp I/O Write Time":381.926,"Plans":[{"Node Type":"Hash Join","Parent Relationship":"Outer","Parallel Aware":false,"Async Capable":false,"Join Type":"Inner","Startup Cost":448777.29,"Total Cost":1405187.91,"Plan Rows":8369638,"Plan Width":22,"Actual Startup Time":2085.011,"Actual Total Time":10698.819,"Actual Rows":8570498,"Actual Loops":1,"Output":["stock.s_w_id","stock.s_i_id","order_line.ol_amount","order_line.ol_w_id","order_line.ol_d_id","order_line.ol_o_id"],"Hash Cond":"((order_line.ol_supply_w_id = stock.s_w_id) AND (order_line.ol_i_id = stock.s_i_id))","Shared Hit Blocks":27338,"Shared Read Blocks":0,"Shared Dirtied Blocks":0,"Shared Written Blocks":0,"Local Hit Blocks":0,"Local Read Blocks":0,"Local Dirtied Blocks":0,"Local Written Blocks":0,"Temp Read Blocks":83145,"Temp Written Blocks":83145,"I/O Read Time":0.0,"I/O Write Time":0.0,"Temp I/O Read Time":137.801,"Temp I/O Write Time":381.926,"Plans":[{"Node Type":"Append","Parent Relationship":"Outer","Parallel Aware":false,"Async Capable":false,"Startup Cost":20.0,"Total Cost":775344.0,"Plan Rows":8369638,"Plan Width":22,"Actual Startup Time":0.169,"Actual Total Time":1682.603,"Actual Rows":8570498,"Actual Loops":1,"Shared Hit Blocks":0,"Shared Read Blocks":0,"Shared Dirtied Blocks":0,"Shared Written Blocks":0,"Local Hit Blocks":0,"Local Read Blocks":0,"Local Dirtied Blocks":0,"Local Written Blocks":0,"Temp Read Blocks":0,"Temp Written Blocks":0,"I/O Read Time":0.0,"I/O Write Time":0.0,"Temp I/O Read Time":0.0,"Temp I/O Write Time":0.0,"Subplans Removed":0,"Plans":[{"Node Type":"Custom Scan","Parent Relationship":"Member","Custom Plan Provider":"columnar scan","Parallel Aware":false,"Async Capable":false,"Relation Name":"order_line","Schema":"public","Alias":"order_line","Startup Cost":20.0,"Total Cost":230185.68,"Plan Rows":8369621,"Plan Width":22,"Actual Startup Time":0.169,"Actual Total Time":1080.56,"Actual Rows":8570498,"Actual Loops":1,"Output":["order_line.ol_amount","order_line.ol_supply_w_id","order_line.ol_i_id","order_line.ol_w_id","order_line.ol_d_id","order_line.ol_o_id"],"Filter":"((order_line.ol_delivery_d <= '1997-01-01 20:10:02.27764'::timestamp without time zone) AND (order_line.ol_delivery_d >= '1995-01-02 20:10:02.27764'::timestamp without time zone))","Rows Removed by Filter":0,"Rows Removed by Columnar Filter":21427234,"Columnar projection mode":"late materialization","Columnar cache search mode":"native","Shared Hit Blocks":0,"Shared Read Blocks":0,"Shared Dirtied Blocks":0,"Shared Written Blocks":0,"Local Hit Blocks":0,"Local Read Blocks":0,"Local Dirtied Blocks":0,"Local Written Blocks":0,"Temp Read Blocks":0,"Temp Written Blocks":0,"I/O Read Time":0.0,"I/O Write Time":0.0,"Temp I/O Read Time":0.0,"Temp I/O Write Time":0.0},{"Node Type":"Seq Scan","Parent Relationship":"Member","Parallel Aware":false,"Async Capable":false,"Relation Name":"order_line","Schema":"public","Alias":"order_line","Startup Cost":0.0,"Total Cost":4.9,"Plan Rows":17,"Plan Width":22,"Actual Startup Time":0.0,"Actual Total Time":0.0,"Actual Rows":0,"Actual Loops":0,"Output":["order_line.ol_amount","order_line.ol_supply_w_id","order_line.ol_i_id","order_line.ol_w_id","order_line.ol_d_id","order_line.ol_o_id"],"Filter":"((order_line.ol_delivery_d <= '1997-01-01 20:10:02.27764'::timestamp without time zone) AND (order_line.ol_delivery_d >= '1995-01-02 20:10:02.27764'::timestamp without time zone))","Rows Removed by Filter":0,"Shared Hit Blocks":0,"Shared Read Blocks":0,"Shared Dirtied Blocks":0,"Shared Written Blocks":0,"Local Hit Blocks":0,"Local Read Blocks":0,"Local Dirtied Blocks":0,"Local Written Blocks":0,"Temp Read Blocks":0,"Temp Written Blocks":0,"I/O Read Time":0.0,"I/O Write Time":0.0,"Temp I/O Read Time":0.0,"Temp I/O Write Time":0.0}]},{"Node Type":"Hash","Parent Relationship":"Inner","Parallel Aware":false,"Async Capable":false,"Startup Cost":259690.86,"Total Cost":259690.86,"Plan Rows":10000162,"Plan Width":6,"Actual Startup Time":2083.558,"Actual Total Time":2083.559,"Actual Rows":10000000,"Actual Loops":1,"Output":["stock.s_w_id","stock.s_i_id"],"Hash Buckets":262144,"Original Hash Buckets":262144,"Hash Batches":64,"Original Hash Batches":64,"Peak Memory Usage":8133,"Shared Hit Blocks":27338,"Shared Read Blocks":0,"Shared Dirtied Blocks":0,"Shared Written Blocks":0,"Local Hit Blocks":0,"Local Read Blocks":0,"Local Dirtied Blocks":0,"Local Written Blocks":0,"Temp Read Blocks":0,"Temp Written Blocks":33616,"I/O Read Time":0.0,"I/O Write Time":0.0,"Temp I/O Read Time":0.0,"Temp I/O Write Time":149.76,"Plans":[{"Node Type":"Index Only Scan","Parent Relationship":"Outer","Parallel Aware":false,"Async Capable":false,"Scan Direction":"Forward","Index Name":"stock_pk","Relation Name":"stock","Schema":"public","Alias":"stock","Startup Cost":0.43,"Total Cost":259690.86,"Plan Rows":10000162,"Plan Width":6,"Actual Startup Time":0.024,"Actual Total Time":725.41,"Actual Rows":10000000,"Actual Loops":1,"Output":["stock.s_w_id","stock.s_i_id"],"Heap Fetches":0,"Shared Hit Blocks":27338,"Shared Read Blocks":0,"Shared Dirtied Blocks":0,"Shared Written Blocks":0,"Local Hit Blocks":0,"Local Read Blocks":0,"Local Dirtied Blocks":0,"Local Written Blocks":0,"Temp Read Blocks":0,"Temp Written Blocks":0,"I/O Read Time":0.0,"I/O Write Time":0.0,"Temp I/O Read Time":0.0,"Temp I/O Write Time":0.0}]}]},{"Node Type":"Hash","Parent Relationship":"Inner","Parallel Aware":false,"Async Capable":false,"Startup Cost":219.01,"Total Cost":219.01,"Plan Rows":10001,"Plan Width":8,"Actual Startup Time":3.053,"Actual Total Time":3.055,"Actual Rows":10000,"Actual Loops":1,"Output":["supplier.su_nationkey","supplier.su_suppkey"],"Hash Buckets":16384,"Original Hash Buckets":16384,"Hash Batches":1,"Original Hash Batches":1,"Peak Memory Usage":519,"Shared Hit Blocks":0,"Shared Read Blocks":0,"Shared Dirtied Blocks":0,"Shared Written Blocks":0,"Local Hit Blocks":0,"Local Read Blocks":0,"Local Dirtied Blocks":0,"Local Written Blocks":0,"Temp Read Blocks":0,"Temp Written Blocks":0,"I/O Read Time":0.0,"I/O Write Time":0.0,"Temp I/O Read Time":0.0,"Temp I/O Write Time":0.0,"Plans":[{"Node Type":"Append","Parent Relationship":"Outer","Parallel Aware":false,"Async Capable":false,"Startup Cost":20.0,"Total Cost":219.01,"Plan Rows":10001,"Plan Width":8,"Actual Startup Time":0.025,"Actual Total Time":1.841,"Actual Rows":10000,"Actual Loops":1,"Shared Hit Blocks":0,"Shared Read Blocks":0,"Shared Dirtied Blocks":0,"Shared Written Blocks":0,"Local Hit Blocks":0,"Local Read Blocks":0,"Local Dirtied Blocks":0,"Local Written Blocks":0,"Temp Read Blocks":0,"Temp Written Blocks":0,"I/O Read Time":0.0,"I/O Write Time":0.0,"Temp I/O Read Time":0.0,"Temp I/O Write Time":0.0,"Subplans Removed":0,"Plans":[{"Node Type":"Custom Scan","Parent Relationship":"Member","Custom Plan Provider":"columnar scan","Parallel Aware":false,"Async Capable":false,"Relation Name":"supplier","Schema":"public","Alias":"supplier","Startup Cost":20.0,"Total Cost":215.0,"Plan Rows":10000,"Plan Width":8,"Actual Startup Time":0.024,"Actual Total Time":1.112,"Actual Rows":10000,"Actual Loops":1,"Output":["supplier.su_nationkey","supplier.su_suppkey"],"Rows Removed by Columnar Filter":0,"Columnar cache search mode":"native","Shared Hit Blocks":0,"Shared Read Blocks":0,"Shared Dirtied Blocks":0,"Shared Written Blocks":0,"Local Hit Blocks":0,"Local Read Blocks":0,"Local Dirtied Blocks":0,"Local Written Blocks":0,"Temp Read Blocks":0,"Temp Written Blocks":0,"I/O Read Time":0.0,"I/O Write Time":0.0,"Temp I/O Read Time":0.0,"Temp I/O Write Time":0.0},{"Node Type":"Seq Scan","Parent Relationship":"Member","Parallel Aware":false,"Async Capable":false,"Relation Name":"supplier","Schema":"public","Alias":"supplier","Startup Cost":0.0,"Total Cost":4.01,"Plan Rows":1,"Plan Width":8,"Actual Startup Time":0.0,"Actual Total Time":0.0,"Actual Rows":0,"Actual Loops":0,"Output":["supplier.su_nationkey","supplier.su_suppkey"],"Shared Hit Blocks":0,"Shared Read Blocks":0,"Shared Dirtied Blocks":0,"Shared Written Blocks":0,"Local Hit Blocks":0,"Local Read Blocks":0,"Local Dirtied Blocks":0,"Local Written Blocks":0,"Temp Read Blocks":0,"Temp Written Blocks":0,"I/O Read Time":0.0,"I/O Write Time":0.0,"Temp I/O Read Time":0.0,"Temp I/O Write Time":0.0}]}]}]},{"Node Type":"Hash","Parent Relationship":"Inner","Parallel Aware":false,"Async Capable":false,"Startup Cost":1.93,"Total Cost":1.93,"Plan Rows":2,"Plan Width":12,"Actual Startup Time":0.023,"Actual Total Time":0.024,"Actual Rows":2,"Actual Loops":1,"Output":["n1.n_nationkey","n1.n_name"],"Hash Buckets":1024,"Original Hash Buckets":1024,"Hash Batches":1,"Original Hash Batches":1,"Peak Memory Usage":9,"Shared Hit Blocks":1,"Shared Read Blocks":0,"Shared Dirtied Blocks":0,"Shared Written Blocks":0,"Local Hit Blocks":0,"Local Read Blocks":0,"Local Dirtied Blocks":0,"Local Written Blocks":0,"Temp Read Blocks":0,"Temp Written Blocks":0,"I/O Read Time":0.0,"I/O Write Time":0.0,"Temp I/O Read Time":0.0,"Temp I/O Write Time":0.0,"Plans":[{"Node Type":"Seq Scan","Parent Relationship":"Outer","Parallel Aware":false,"Async Capable":false,"Relation Name":"nation","Schema":"public","Alias":"n1","Startup Cost":0.0,"Total Cost":1.93,"Plan Rows":2,"Plan Width":12,"Actual Startup Time":0.013,"Actual Total Time":0.02,"Actual Rows":2,"Actual Loops":1,"Output":["n1.n_nationkey","n1.n_name"],"Filter":"(((n1.n_name)::text = 'Germany'::text) OR ((n1.n_name)::text = 'Cambodia'::text))","Rows Removed by Filter":60,"Shared Hit Blocks":1,"Shared Read Blocks":0,"Shared Dirtied Blocks":0,"Shared Written Blocks":0,"Local Hit Blocks":0,"Local Read Blocks":0,"Local Dirtied Blocks":0,"Local Written Blocks":0,"Temp Read Blocks":0,"Temp Written Blocks":0,"I/O Read Time":0.0,"I/O Write Time":0.0,"Temp I/O Read Time":0.0,"Temp I/O Write Time":0.0}]}]},{"Node Type":"Hash","Parent Relationship":"Inner","Parallel Aware":false,"Async Capable":false,"Startup Cost":59559.0,"Total Cost":59559.0,"Plan Rows":2998176,"Plan Width":24,"Actual Startup Time":898.008,"Actual Total Time":898.008,"Actual Rows":2997892,"Actual Loops":1,"Output":["orders.o_entry_d","orders.o_w_id","orders.o_d_id","orders.o_id","orders.o_c_id"],"Hash Buckets":131072,"Original Hash Buckets":131072,"Hash Batches":32,"Original Hash Batches":32,"Peak Memory Usage":6539,"Shared Hit Blocks":22059,"Shared Read Blocks":0,"Shared Dirtied Blocks":0,"Shared Written Blocks":0,"Local Hit Blocks":0,"Local Read Blocks":0,"Local Dirtied Blocks":0,"Local Written Blocks":0,"Temp Read Blocks":0,"Temp Written Blocks":16995,"I/O Read Time":0.0,"I/O Write Time":0.0,"Temp I/O Read Time":0.0,"Temp I/O Write Time":72.418,"Plans":[{"Node Type":"Seq Scan","Parent Relationship":"Outer","Parallel Aware":false,"Async Capable":false,"Relation Name":"orders","Schema":"public","Alias":"orders","Startup Cost":0.0,"Total Cost":59559.0,"Plan Rows":2998176,"Plan Width":24,"Actual Startup Time":0.013,"Actual Total Time":365.055,"Actual Rows":2997892,"Actual Loops":1,"Output":["orders.o_entry_d","orders.o_w_id","orders.o_d_id","orders.o_id","orders.o_c_id"],"Filter":"(orders.o_entry_d >= '1992-01-02 20:10:02.27764'::timestamp without time zone)","Rows Removed by Filter":2108,"Shared Hit Blocks":22059,"Shared Read Blocks":0,"Shared Dirtied Blocks":0,"Shared Written Blocks":0,"Local Hit Blocks":0,"Local Read Blocks":0,"Local Dirtied Blocks":0,"Local Written Blocks":0,"Temp Read Blocks":0,"Temp Written Blocks":0,"I/O Read Time":0.0,"I/O Write Time":0.0,"Temp I/O Read Time":0.0,"Temp I/O Write Time":0.0}]}]}]},{"Node Type":"Materialize","Parent Relationship":"Inner","Parallel Aware":false,"Async Capable":false,"Startup Cost":22714.58,"Total Cost":23198.41,"Plan Rows":96766,"Plan Width":20,"Actual Startup Time":115.186,"Actual Total Time":147.705,"Actual Rows":146547,"Actual Loops":1,"Output":["customer.c_nationkey","customer.c_id","customer.c_w_id","customer.c_d_id","n2.n_name"],"Shared Hit Blocks":0,"Shared Read Blocks":0,"Shared Dirtied Blocks":0,"Shared Written Blocks":0,"Local Hit Blocks":0,"Local Read Blocks":0,"Local Dirtied Blocks":0,"Local Written Blocks":0,"Temp Read Blocks":545,"Temp Written Blocks":548,"I/O Read Time":0.0,"I/O Write Time":0.0,"Temp I/O Read Time":0.65,"Temp I/O Write Time":2.083,"Plans":[{"Node Type":"Sort","Parent Relationship":"Outer","Parallel Aware":false,"Async Capable":false,"Startup Cost":22714.58,"Total Cost":22956.49,"Plan Rows":96766,"Plan Width":20,"Actual Startup Time":115.181,"Actual Total Time":132.014,"Actual Rows":144982,"Actual Loops":1,"Output":["customer.c_nationkey","customer.c_id","customer.c_w_id","customer.c_d_id","n2.n_name"],"Sort Key":["customer.c_id","customer.c_w_id","customer.c_d_id"],"Sort Method":"external merge","Sort Space Used":4360,"Sort Space Type":"Disk","Shared Hit Blocks":0,"Shared Read Blocks":0,"Shared Dirtied Blocks":0,"Shared Written Blocks":0,"Local Hit Blocks":0,"Local Read Blocks":0,"Local Dirtied Blocks":0,"Local Written Blocks":0,"Temp Read Blocks":545,"Temp Written Blocks":548,"I/O Read Time":0.0,"I/O Write Time":0.0,"Temp I/O Read Time":0.65,"Temp I/O Write Time":2.083,"Plans":[{"Node Type":"Hash Join","Parent Relationship":"Outer","Parallel Aware":false,"Async Capable":false,"Join Type":"Inner","Startup Cost":44.04,"Total Cost":12716.78,"Plan Rows":96766,"Plan Width":20,"Actual Startup Time":26.503,"Actual Total Time":66.341,"Actual Rows":144986,"Actual Loops":1,"Output":["customer.c_nationkey","customer.c_id","customer.c_w_id","customer.c_d_id","n2.n_name"],"Hash Cond":"(customer.c_nationkey = n2.n_nationkey)","Rows Removed by Bloom Filter":6506642,"Shared Hit Blocks":0,"Shared Read Blocks":0,"Shared Dirtied Blocks":0,"Shared Written Blocks":0,"Local Hit Blocks":0,"Local Read Blocks":0,"Local Dirtied Blocks":0,"Local Written Blocks":0,"Temp Read Blocks":0,"Temp Written Blocks":0,"I/O Read Time":0.0,"I/O Write Time":0.0,"Temp I/O Read Time":0.0,"Temp I/O Write Time":0.0,"Plans":[{"Node Type":"Append","Parent Relationship":"Outer","Parallel Aware":false,"Async Capable":false,"Startup Cost":20.0,"Total Cost":70517.88,"Plan Rows":2999739,"Plan Width":12,"Actual Startup Time":0.146,"Actual Total Time":0.146,"Actual Rows":3000000,"Actual Loops":1,"Shared Hit Blocks":0,"Shared Read Blocks":0,"Shared Dirtied Blocks":0,"Shared Written Blocks":0,"Local Hit Blocks":0,"Local Read Blocks":0,"Local Dirtied Blocks":0,"Local Written Blocks":0,"Temp Read Blocks":0,"Temp Written Blocks":0,"I/O Read Time":0.0,"I/O Write Time":0.0,"Temp I/O Read Time":0.0,"Temp I/O Write Time":0.0,"Subplans Removed":0,"Plans":[{"Node Type":"Custom Scan","Parent Relationship":"Member","Custom Plan Provider":"columnar scan","Parallel Aware":false,"Async Capable":false,"Relation Name":"customer","Schema":"public","Alias":"customer","Startup Cost":20.0,"Total Cost":70513.87,"Plan Rows":2999738,"Plan Width":12,"Actual Startup Time":0.144,"Actual Total Time":0.144,"Actual Rows":3000000,"Actual Loops":1,"Output":["customer.c_nationkey","customer.c_id","customer.c_w_id","customer.c_d_id"],"Rows Removed by Columnar Filter":0,"Columnar cache search mode":"native","Shared Hit Blocks":0,"Shared Read Blocks":0,"Shared Dirtied Blocks":0,"Shared Written Blocks":0,"Local Hit Blocks":0,"Local Read Blocks":0,"Local Dirtied Blocks":0,"Local Written Blocks":0,"Temp Read Blocks":0,"Temp Written Blocks":0,"I/O Read Time":0.0,"I/O Write Time":0.0,"Temp I/O Read Time":0.0,"Temp I/O Write Time":0.0},{"Node Type":"Seq Scan","Parent Relationship":"Member","Parallel Aware":false,"Async Capable":false,"Relation Name":"customer","Schema":"public","Alias":"customer","Startup Cost":0.0,"Total Cost":4.01,"Plan Rows":1,"Plan Width":12,"Actual Startup Time":0.0,"Actual Total Time":0.0,"Actual Rows":0,"Actual Loops":0,"Output":["customer.c_nationkey","customer.c_id","customer.c_w_id","customer.c_d_id"],"Shared Hit Blocks":0,"Shared Read Blocks":0,"Shared Dirtied Blocks":0,"Shared Written Blocks":0,"Local Hit Blocks":0,"Local Read Blocks":0,"Local Dirtied Blocks":0,"Local Written Blocks":0,"Temp Read Blocks":0,"Temp Written Blocks":0,"I/O Read Time":0.0,"I/O Write Time":0.0,"Temp I/O Read Time":0.0,"Temp I/O Write Time":0.0}]},{"Node Type":"Hash","Parent Relationship":"Inner","Parallel Aware":false,"Async Capable":false,"Startup Cost":24.07,"Total Cost":24.07,"Plan Rows":3,"Plan Width":12,"Actual Rows":2,"Actual Loops":1,"Output":["n2.n_nationkey","n2.n_name"],"Shared Hit Blocks":0,"Shared Read Blocks":0,"Shared Dirtied Blocks":0,"Shared Written Blocks":0,"Local Hit Blocks":0,"Local Read Blocks":0,"Local Dirtied Blocks":0,"Local Written Blocks":0,"Temp Read Blocks":0,"Temp Written Blocks":0,"I/O Read Time":0.0,"I/O Write Time":0.0,"Temp I/O Read Time":0.0,"Temp I/O Write Time":0.0,"Plans":[{"Node Type":"Append","Parent Relationship":"Outer","Parallel Aware":false,"Async Capable":false,"Startup Cost":20.0,"Total Cost":24.07,"Plan Rows":3,"Plan Width":12,"Actual Startup Time":0.095,"Actual Total Time":0.096,"Actual Rows":2,"Actual Loops":1,"Shared Hit Blocks":0,"Shared Read Blocks":0,"Shared Dirtied Blocks":0,"Shared Written Blocks":0,"Local Hit Blocks":0,"Local Read Blocks":0,"Local Dirtied Blocks":0,"Local Written Blocks":0,"Temp Read Blocks":0,"Temp Written Blocks":0,"I/O Read Time":0.0,"I/O Write Time":0.0,"Temp I/O Read Time":0.0,"Temp I/O Write Time":0.0,"Subplans Removed":0,"Plans":[{"Node Type":"Custom Scan","Parent Relationship":"Member","Custom Plan Provider":"columnar scan","Parallel Aware":false,"Async Capable":false,"Relation Name":"nation","Schema":"public","Alias":"n2","Startup Cost":20.0,"Total Cost":20.05,"Plan Rows":2,"Plan Width":12,"Actual Startup Time":0.093,"Actual Total Time":0.093,"Actual Rows":2,"Actual Loops":1,"Output":["n2.n_nationkey","n2.n_name"],"Filter":"(((n2.n_name)::text = 'Cambodia'::text) OR ((n2.n_name)::text = 'Germany'::text))","Rows Removed by Filter":0,"Rows Removed by Columnar Filter":60,"Columnar cache search mode":"native","Shared Hit Blocks":0,"Shared Read Blocks":0,"Shared Dirtied Blocks":0,"Shared Written Blocks":0,"Local Hit Blocks":0,"Local Read Blocks":0,"Local Dirtied Blocks":0,"Local Written Blocks":0,"Temp Read Blocks":0,"Temp Written Blocks":0,"I/O Read Time":0.0,"I/O Write Time":0.0,"Temp I/O Read Time":0.0,"Temp I/O Write Time":0.0},{"Node Type":"Seq Scan","Parent Relationship":"Member","Parallel Aware":false,"Async Capable":false,"Relation Name":"nation","Schema":"public","Alias":"n2","Startup Cost":0.0,"Total Cost":4.01,"Plan Rows":1,"Plan Width":12,"Actual Startup Time":0.0,"Actual Total Time":0.0,"Actual Rows":0,"Actual Loops":0,"Output":["n2.n_nationkey","n2.n_name"],"Filter":"(((n2.n_name)::text = 'Cambodia'::text) OR ((n2.n_name)::text = 'Germany'::text))","Rows Removed by Filter":0,"Shared Hit Blocks":0,"Shared Read Blocks":0,"Shared Dirtied Blocks":0,"Shared Written Blocks":0,"Local Hit Blocks":0,"Local Read Blocks":0,"Local Dirtied Blocks":0,"Local Written Blocks":0,"Temp Read Blocks":0,"Temp Written Blocks":0,"I/O Read Time":0.0,"I/O Write Time":0.0,"Temp I/O Read Time":0.0,"Temp I/O Write Time":0.0}]}]}]}]}]}]}]}]},"Planning":{"Shared Hit Blocks":12,"Shared Read Blocks":0,"Shared Dirtied Blocks":0,"Shared Written Blocks":0,"Local Hit Blocks":0,"Local Read Blocks":0,"Local Dirtied Blocks":0,"Local Written Blocks":0,"Temp Read Blocks":0,"Temp Written Blocks":0,"I/O Read Time":0.0,"I/O Write Time":0.0,"Temp I/O Read Time":0.0,"Temp I/O Write Time":0.0},"Planning Time":3.075,"Triggers":[],"Execution Time":14752.052}]
[列存组合]: customer, nation, orders, stock
[{"Plan":{"Node Type":"Aggregate","Strategy":"Sorted","Partial Mode":"Simple","Parallel Aware":false,"Async Capable":false,"Startup Cost":1680459.18,"Total Cost":1680580.78,"Plan Rows":4422,"Plan Width":72,"Actual Startup Time":13262.883,"Actual Total Time":13264.154,"Actual Rows":6,"Actual Loops":1,"Output":["supplier.su_nationkey","customer.c_nationkey","(EXTRACT(year FROM orders.o_entry_d))","sum(order_line.ol_amount)"],"Group Key":["supplier.su_nationkey","customer.c_nationkey","(EXTRACT(year FROM orders.o_entry_d))"],"Shared Hit Blocks":390499,"Shared Read Blocks":0,"Shared Dirtied Blocks":0,"Shared Written Blocks":0,"Local Hit Blocks":0,"Local Read Blocks":0,"Local Dirtied Blocks":0,"Local Written Blocks":0,"Temp Read Blocks":99613,"Temp Written Blocks":99622,"I/O Read Time":0.0,"I/O Write Time":0.0,"Temp I/O Read Time":165.317,"Temp I/O Write Time":459.181,"Plans":[{"Node Type":"Sort","Parent Relationship":"Outer","Parallel Aware":false,"Async Capable":false,"Startup Cost":1680459.18,"Total Cost":1680470.23,"Plan Rows":4422,"Plan Width":44,"Actual Startup Time":13262.823,"Actual Total Time":13263.084,"Actual Rows":6043,"Actual Loops":1,"Output":["supplier.su_nationkey","customer.c_nationkey","(EXTRACT(year FROM orders.o_entry_d))","order_line.ol_amount"],"Sort Key":["supplier.su_nationkey","customer.c_nationkey","(EXTRACT(year FROM orders.o_entry_d))"],"Sort Method":"quicksort","Sort Space Used":523,"Sort Space Type":"Memory","Shared Hit Blocks":390499,"Shared Read Blocks":0,"Shared Dirtied Blocks":0,"Shared Written Blocks":0,"Local Hit Blocks":0,"Local Read Blocks":0,"Local Dirtied Blocks":0,"Local Written Blocks":0,"Temp Read Blocks":99613,"Temp Written Blocks":99622,"I/O Read Time":0.0,"I/O Write Time":0.0,"Temp I/O Read Time":165.317,"Temp I/O Write Time":459.181,"Plans":[{"Node Type":"Merge Join","Parent Relationship":"Outer","Parallel Aware":false,"Async Capable":false,"Join Type":"Inner","Startup Cost":1676099.03,"Total Cost":1680191.41,"Plan Rows":4422,"Plan Width":44,"Actual Startup Time":13108.87,"Actual Total Time":13261.391,"Actual Rows":6043,"Actual Loops":1,"Output":["supplier.su_nationkey","customer.c_nationkey","EXTRACT(year FROM orders.o_entry_d)","order_line.ol_amount"],"Merge Cond":"((orders.o_c_id = customer.c_id) AND (order_line.ol_w_id = customer.c_w_id) AND (order_line.ol_d_id = customer.c_d_id))","Join Filter":"((((n1.n_name)::text = 'Germany'::text) AND ((n2.n_name)::text = 'Cambodia'::text)) OR (((n1.n_name)::text = 'Cambodia'::text) AND ((n2.n_name)::text = 'Germany'::text)))","Rows Removed by Join Filter":5752,"Shared Hit Blocks":390499,"Shared Read Blocks":0,"Shared Dirtied Blocks":0,"Shared Written Blocks":0,"Local Hit Blocks":0,"Local Read Blocks":0,"Local Dirtied Blocks":0,"Local Written Blocks":0,"Temp Read Blocks":99613,"Temp Written Blocks":99622,"I/O Read Time":0.0,"I/O Write Time":0.0,"Temp I/O Read Time":165.317,"Temp I/O Write Time":459.181,"Plans":[{"Node Type":"Sort","Parent Relationship":"Outer","Parallel Aware":false,"Async Capable":false,"Startup Cost":1653384.35,"Total Cost":1654058.91,"Plan Rows":269824,"Plan Width":36,"Actual Startup Time":12992.416,"Actual Total Time":13063.973,"Actual Rows":242214,"Actual Loops":1,"Output":["supplier.su_nationkey","order_line.ol_amount","order_line.ol_w_id","order_line.ol_d_id","orders.o_entry_d","orders.o_w_id","orders.o_d_id","orders.o_c_id","n1.n_name"],"Sort Key":["orders.o_c_id","order_line.ol_w_id","order_line.ol_d_id"],"Sort Method":"external merge","Sort Space Used":11984,"Sort Space Type":"Disk","Shared Hit Blocks":390499,"Shared Read Blocks":0,"Shared Dirtied Blocks":0,"Shared Written Blocks":0,"Local Hit Blocks":0,"Local Read Blocks":0,"Local Dirtied Blocks":0,"Local Written Blocks":0,"Temp Read Blocks":99068,"Temp Written Blocks":99074,"I/O Read Time":0.0,"I/O Write Time":0.0,"Temp I/O Read Time":164.625,"Temp I/O Write Time":457.07,"Plans":[{"Node Type":"Hash Join","Parent Relationship":"Outer","Parallel Aware":false,"Async Capable":false,"Join Type":"Inner","Startup Cost":578796.33,"Total Cost":1621665.99,"Plan Rows":269824,"Plan Width":36,"Actual Startup Time":3021.128,"Actual Total Time":12865.576,"Actual Rows":242214,"Actual Loops":1,"Output":["supplier.su_nationkey","order_line.ol_amount","order_line.ol_w_id","order_line.ol_d_id","orders.o_entry_d","orders.o_w_id","orders.o_d_id","orders.o_c_id","n1.n_name"],"Hash Cond":"((order_line.ol_w_id = orders.o_w_id) AND (order_line.ol_d_id = orders.o_d_id) AND (order_line.ol_o_id = orders.o_id))","Shared Hit Blocks":390499,"Shared Read Blocks":0,"Shared Dirtied Blocks":0,"Shared Written Blocks":0,"Local Hit Blocks":0,"Local Read Blocks":0,"Local Dirtied Blocks":0,"Local Written Blocks":0,"Temp Read Blocks":97570,"Temp Written Blocks":97570,"I/O Read Time":0.0,"I/O Write Time":0.0,"Temp I/O Read Time":162.53,"Temp I/O Write Time":451.547,"Plans":[{"Node Type":"Hash Join","Parent Relationship":"Outer","Parallel Aware":false,"Async Capable":false,"Join Type":"Inner","Startup Cost":449201.25,"Total Cost":1468684.75,"Plan Rows":269988,"Plan Width":28,"Actual Startup Time":2106.172,"Actual Total Time":11617.686,"Actual Rows":242214,"Actual Loops":1,"Output":["supplier.su_nationkey","order_line.ol_amount","order_line.ol_w_id","order_line.ol_d_id","order_line.ol_o_id","n1.n_name"],"Hash Cond":"(supplier.su_nationkey = n1.n_nationkey)","Shared Hit Blocks":368440,"Shared Read Blocks":0,"Shared Dirtied Blocks":0,"Shared Written Blocks":0,"Local Hit Blocks":0,"Local Read Blocks":0,"Local Dirtied Blocks":0,"Local Written Blocks":0,"Temp Read Blocks":79026,"Temp Written Blocks":79026,"I/O Read Time":0.0,"I/O Write Time":0.0,"Temp I/O Read Time":133.303,"Temp I/O Write Time":365.883,"Plans":[{"Node Type":"Hash Join","Parent Relationship":"Outer","Parallel Aware":false,"Async Capable":false,"Join Type":"Inner","Startup Cost":449199.29,"Total Cost":1445210.69,"Plan Rows":8369638,"Plan Width":20,"Actual Startup Time":2104.29,"Actual Total Time":11012.729,"Actual Rows":8570498,"Actual Loops":1,"Output":["supplier.su_nationkey","order_line.ol_amount","order_line.ol_w_id","order_line.ol_d_id","order_line.ol_o_id"],"Hash Cond":"(mod((stock.s_w_id * stock.s_i_id), 10000) = supplier.su_suppkey)","Shared Hit Blocks":368439,"Shared Read Blocks":0,"Shared Dirtied Blocks":0,"Shared Written Blocks":0,"Local Hit Blocks":0,"Local Read Blocks":0,"Local Dirtied Blocks":0,"Local Written Blocks":0,"Temp Read Blocks":79026,"Temp Written Blocks":79026,"I/O Read Time":0.0,"I/O Write Time":0.0,"Temp I/O Read Time":133.303,"Temp I/O Write Time":365.883,"Plans":[{"Node Type":"Hash Join","Parent Relationship":"Outer","Parallel Aware":false,"Async Capable":false,"Join Type":"Inner","Startup Cost":448757.29,"Total Cost":1420694.79,"Plan Rows":8369638,"Plan Width":22,"Actual Startup Time":2101.755,"Actual Total Time":9327.157,"Actual Rows":8570498,"Actual Loops":1,"Output":["stock.s_w_id","stock.s_i_id","order_line.ol_amount","order_line.ol_w_id","order_line.ol_d_id","order_line.ol_o_id"],"Hash Cond":"((order_line.ol_supply_w_id = stock.s_w_id) AND (order_line.ol_i_id = stock.s_i_id))","Shared Hit Blocks":368222,"Shared Read Blocks":0,"Shared Dirtied Blocks":0,"Shared Written Blocks":0,"Local Hit Blocks":0,"Local Read Blocks":0,"Local Dirtied Blocks":0,"Local Written Blocks":0,"Temp Read Blocks":79026,"Temp Written Blocks":79026,"I/O Read Time":0.0,"I/O Write Time":0.0,"Temp I/O Read Time":133.303,"Temp I/O Write Time":365.883,"Plans":[{"Node Type":"Seq Scan","Parent Relationship":"Outer","Parallel Aware":false,"Async Capable":false,"Relation Name":"order_line","Schema":"public","Alias":"order_line","Startup Cost":0.0,"Total Cost":790850.88,"Plan Rows":8369638,"Plan Width":22,"Actual Startup Time":13.144,"Actual Total Time":2845.854,"Actual Rows":8570498,"Actual Loops":1,"Output":["order_line.ol_amount","order_line.ol_supply_w_id","order_line.ol_i_id","order_line.ol_w_id","order_line.ol_d_id","order_line.ol_o_id"],"Filter":"((order_line.ol_delivery_d >= '1995-01-02 20:10:02.27764'::timestamp without time zone) AND (order_line.ol_delivery_d <= '1997-01-01 20:10:02.27764'::timestamp without time zone))","Rows Removed by Filter":21427234,"Shared Hit Blocks":340884,"Shared Read Blocks":0,"Shared Dirtied Blocks":0,"Shared Written Blocks":0,"Local Hit Blocks":0,"Local Read Blocks":0,"Local Dirtied Blocks":0,"Local Written Blocks":0,"Temp Read Blocks":0,"Temp Written Blocks":0,"I/O Read Time":0.0,"I/O Write Time":0.0,"Temp I/O Read Time":0.0,"Temp I/O Write Time":0.0},{"Node Type":"Hash","Parent Relationship":"Inner","Parallel Aware":false,"Async Capable":false,"Startup Cost":259690.86,"Total Cost":259690.86,"Plan Rows":10000162,"Plan Width":6,"Actual Startup Time":2087.277,"Actual Total Time":2087.277,"Actual Rows":10000000,"Actual Loops":1,"Output":["stock.s_w_id","stock.s_i_id"],"Hash Buckets":262144,"Original Hash Buckets":262144,"Hash Batches":64,"Original Hash Batches":64,"Peak Memory Usage":8133,"Shared Hit Blocks":27338,"Shared Read Blocks":0,"Shared Dirtied Blocks":0,"Shared Written Blocks":0,"Local Hit Blocks":0,"Local Read Blocks":0,"Local Dirtied Blocks":0,"Local Written Blocks":0,"Temp Read Blocks":0,"Temp Written Blocks":33616,"I/O Read Time":0.0,"I/O Write Time":0.0,"Temp I/O Read Time":0.0,"Temp I/O Write Time":153.446,"Plans":[{"Node Type":"Index Only Scan","Parent Relationship":"Outer","Parallel Aware":false,"Async Capable":false,"Scan Direction":"Forward","Index Name":"stock_pk","Relation Name":"stock","Schema":"public","Alias":"stock","Startup Cost":0.43,"Total Cost":259690.86,"Plan Rows":10000162,"Plan Width":6,"Actual Startup Time":0.036,"Actual Total Time":722.183,"Actual Rows":10000000,"Actual Loops":1,"Output":["stock.s_w_id","stock.s_i_id"],"Heap Fetches":0,"Shared Hit Blocks":27338,"Shared Read Blocks":0,"Shared Dirtied Blocks":0,"Shared Written Blocks":0,"Local Hit Blocks":0,"Local Read Blocks":0,"Local Dirtied Blocks":0,"Local Written Blocks":0,"Temp Read Blocks":0,"Temp Written Blocks":0,"I/O Read Time":0.0,"I/O Write Time":0.0,"Temp I/O Read Time":0.0,"Temp I/O Write Time":0.0}]}]},{"Node Type":"Hash","Parent Relationship":"Inner","Parallel Aware":false,"Async Capable":false,"Startup Cost":317.0,"Total Cost":317.0,"Plan Rows":10000,"Plan Width":8,"Actual Startup Time":2.477,"Actual Total Time":2.478,"Actual Rows":10000,"Actual Loops":1,"Output":["supplier.su_nationkey","supplier.su_suppkey"],"Hash Buckets":16384,"Original Hash Buckets":16384,"Hash Batches":1,"Original Hash Batches":1,"Peak Memory Usage":519,"Shared Hit Blocks":217,"Shared Read Blocks":0,"Shared Dirtied Blocks":0,"Shared Written Blocks":0,"Local Hit Blocks":0,"Local Read Blocks":0,"Local Dirtied Blocks":0,"Local Written Blocks":0,"Temp Read Blocks":0,"Temp Written Blocks":0,"I/O Read Time":0.0,"I/O Write Time":0.0,"Temp I/O Read Time":0.0,"Temp I/O Write Time":0.0,"Plans":[{"Node Type":"Seq Scan","Parent Relationship":"Outer","Parallel Aware":false,"Async Capable":false,"Relation Name":"supplier","Schema":"public","Alias":"supplier","Startup Cost":0.0,"Total Cost":317.0,"Plan Rows":10000,"Plan Width":8,"Actual Startup Time":0.011,"Actual Total Time":1.263,"Actual Rows":10000,"Actual Loops":1,"Output":["supplier.su_nationkey","supplier.su_suppkey"],"Shared Hit Blocks":217,"Shared Read Blocks":0,"Shared Dirtied Blocks":0,"Shared Written Blocks":0,"Local Hit Blocks":0,"Local Read Blocks":0,"Local Dirtied Blocks":0,"Local Written Blocks":0,"Temp Read Blocks":0,"Temp Written Blocks":0,"I/O Read Time":0.0,"I/O Write Time":0.0,"Temp I/O Read Time":0.0,"Temp I/O Write Time":0.0}]}]},{"Node Type":"Hash","Parent Relationship":"Inner","Parallel Aware":false,"Async Capable":false,"Startup Cost":1.93,"Total Cost":1.93,"Plan Rows":2,"Plan Width":12,"Actual Startup Time":0.031,"Actual Total Time":0.031,"Actual Rows":2,"Actual Loops":1,"Output":["n1.n_nationkey","n1.n_name"],"Hash Buckets":1024,"Original Hash Buckets":1024,"Hash Batches":1,"Original Hash Batches":1,"Peak Memory Usage":9,"Shared Hit Blocks":1,"Shared Read Blocks":0,"Shared Dirtied Blocks":0,"Shared Written Blocks":0,"Local Hit Blocks":0,"Local Read Blocks":0,"Local Dirtied Blocks":0,"Local Written Blocks":0,"Temp Read Blocks":0,"Temp Written Blocks":0,"I/O Read Time":0.0,"I/O Write Time":0.0,"Temp I/O Read Time":0.0,"Temp I/O Write Time":0.0,"Plans":[{"Node Type":"Seq Scan","Parent Relationship":"Outer","Parallel Aware":false,"Async Capable":false,"Relation Name":"nation","Schema":"public","Alias":"n1","Startup Cost":0.0,"Total Cost":1.93,"Plan Rows":2,"Plan Width":12,"Actual Startup Time":0.021,"Actual Total Time":0.026,"Actual Rows":2,"Actual Loops":1,"Output":["n1.n_nationkey","n1.n_name"],"Filter":"(((n1.n_name)::text = 'Germany'::text) OR ((n1.n_name)::text = 'Cambodia'::text))","Rows Removed by Filter":60,"Shared Hit Blocks":1,"Shared Read Blocks":0,"Shared Dirtied Blocks":0,"Shared Written Blocks":0,"Local Hit Blocks":0,"Local Read Blocks":0,"Local Dirtied Blocks":0,"Local Written Blocks":0,"Temp Read Blocks":0,"Temp Written Blocks":0,"I/O Read Time":0.0,"I/O Write Time":0.0,"Temp I/O Read Time":0.0,"Temp I/O Write Time":0.0}]}]},{"Node Type":"Hash","Parent Relationship":"Inner","Parallel Aware":false,"Async Capable":false,"Startup Cost":59559.0,"Total Cost":59559.0,"Plan Rows":2998176,"Plan Width":24,"Actual Startup Time":906.94,"Actual Total Time":906.941,"Actual Rows":2997892,"Actual Loops":1,"Output":["orders.o_entry_d","orders.o_w_id","orders.o_d_id","orders.o_id","orders.o_c_id"],"Hash Buckets":131072,"Original Hash Buckets":131072,"Hash Batches":32,"Original Hash Batches":32,"Peak Memory Usage":6539,"Shared Hit Blocks":22059,"Shared Read Blocks":0,"Shared Dirtied Blocks":0,"Shared Written Blocks":0,"Local Hit Blocks":0,"Local Read Blocks":0,"Local Dirtied Blocks":0,"Local Written Blocks":0,"Temp Read Blocks":0,"Temp Written Blocks":16995,"I/O Read Time":0.0,"I/O Write Time":0.0,"Temp I/O Read Time":0.0,"Temp I/O Write Time":76.376,"Plans":[{"Node Type":"Seq Scan","Parent Relationship":"Outer","Parallel Aware":false,"Async Capable":false,"Relation Name":"orders","Schema":"public","Alias":"orders","Startup Cost":0.0,"Total Cost":59559.0,"Plan Rows":2998176,"Plan Width":24,"Actual Startup Time":0.015,"Actual Total Time":366.886,"Actual Rows":2997892,"Actual Loops":1,"Output":["orders.o_entry_d","orders.o_w_id","orders.o_d_id","orders.o_id","orders.o_c_id"],"Filter":"(orders.o_entry_d >= '1992-01-02 20:10:02.27764'::timestamp without time zone)","Rows Removed by Filter":2108,"Shared Hit Blocks":22059,"Shared Read Blocks":0,"Shared Dirtied Blocks":0,"Shared Written Blocks":0,"Local Hit Blocks":0,"Local Read Blocks":0,"Local Dirtied Blocks":0,"Local Written Blocks":0,"Temp Read Blocks":0,"Temp Written Blocks":0,"I/O Read Time":0.0,"I/O Write Time":0.0,"Temp I/O Read Time":0.0,"Temp I/O Write Time":0.0}]}]}]},{"Node Type":"Materialize","Parent Relationship":"Inner","Parallel Aware":false,"Async Capable":false,"Startup Cost":22714.58,"Total Cost":23198.41,"Plan Rows":96766,"Plan Width":20,"Actual Startup Time":116.418,"Actual Total Time":149.123,"Actual Rows":146547,"Actual Loops":1,"Output":["customer.c_nationkey","customer.c_id","customer.c_w_id","customer.c_d_id","n2.n_name"],"Shared Hit Blocks":0,"Shared Read Blocks":0,"Shared Dirtied Blocks":0,"Shared Written Blocks":0,"Local Hit Blocks":0,"Local Read Blocks":0,"Local Dirtied Blocks":0,"Local Written Blocks":0,"Temp Read Blocks":545,"Temp Written Blocks":548,"I/O Read Time":0.0,"I/O Write Time":0.0,"Temp I/O Read Time":0.692,"Temp I/O Write Time":2.11,"Plans":[{"Node Type":"Sort","Parent Relationship":"Outer","Parallel Aware":false,"Async Capable":false,"Startup Cost":22714.58,"Total Cost":22956.49,"Plan Rows":96766,"Plan Width":20,"Actual Startup Time":116.412,"Actual Total Time":133.322,"Actual Rows":144982,"Actual Loops":1,"Output":["customer.c_nationkey","customer.c_id","customer.c_w_id","customer.c_d_id","n2.n_name"],"Sort Key":["customer.c_id","customer.c_w_id","customer.c_d_id"],"Sort Method":"external merge","Sort Space Used":4360,"Sort Space Type":"Disk","Shared Hit Blocks":0,"Shared Read Blocks":0,"Shared Dirtied Blocks":0,"Shared Written Blocks":0,"Local Hit Blocks":0,"Local Read Blocks":0,"Local Dirtied Blocks":0,"Local Written Blocks":0,"Temp Read Blocks":545,"Temp Written Blocks":548,"I/O Read Time":0.0,"I/O Write Time":0.0,"Temp I/O Read Time":0.692,"Temp I/O Write Time":2.11,"Plans":[{"Node Type":"Hash Join","Parent Relationship":"Outer","Parallel Aware":false,"Async Capable":false,"Join Type":"Inner","Startup Cost":44.04,"Total Cost":12716.78,"Plan Rows":96766,"Plan Width":20,"Actual Startup Time":25.958,"Actual Total Time":67.881,"Actual Rows":144986,"Actual Loops":1,"Output":["customer.c_nationkey","customer.c_id","customer.c_w_id","customer.c_d_id","n2.n_name"],"Hash Cond":"(customer.c_nationkey = n2.n_nationkey)","Rows Removed by Bloom Filter":6506642,"Shared Hit Blocks":0,"Shared Read Blocks":0,"Shared Dirtied Blocks":0,"Shared Written Blocks":0,"Local Hit Blocks":0,"Local Read Blocks":0,"Local Dirtied Blocks":0,"Local Written Blocks":0,"Temp Read Blocks":0,"Temp Written Blocks":0,"I/O Read Time":0.0,"I/O Write Time":0.0,"Temp I/O Read Time":0.0,"Temp I/O Write Time":0.0,"Plans":[{"Node Type":"Append","Parent Relationship":"Outer","Parallel Aware":false,"Async Capable":false,"Startup Cost":20.0,"Total Cost":70517.88,"Plan Rows":2999739,"Plan Width":12,"Actual Startup Time":0.146,"Actual Total Time":0.147,"Actual Rows":3000000,"Actual Loops":1,"Shared Hit Blocks":0,"Shared Read Blocks":0,"Shared Dirtied Blocks":0,"Shared Written Blocks":0,"Local Hit Blocks":0,"Local Read Blocks":0,"Local Dirtied Blocks":0,"Local Written Blocks":0,"Temp Read Blocks":0,"Temp Written Blocks":0,"I/O Read Time":0.0,"I/O Write Time":0.0,"Temp I/O Read Time":0.0,"Temp I/O Write Time":0.0,"Subplans Removed":0,"Plans":[{"Node Type":"Custom Scan","Parent Relationship":"Member","Custom Plan Provider":"columnar scan","Parallel Aware":false,"Async Capable":false,"Relation Name":"customer","Schema":"public","Alias":"customer","Startup Cost":20.0,"Total Cost":70513.87,"Plan Rows":2999738,"Plan Width":12,"Actual Startup Time":0.144,"Actual Total Time":0.145,"Actual Rows":3000000,"Actual Loops":1,"Output":["customer.c_nationkey","customer.c_id","customer.c_w_id","customer.c_d_id"],"Rows Removed by Columnar Filter":0,"Columnar cache search mode":"native","Shared Hit Blocks":0,"Shared Read Blocks":0,"Shared Dirtied Blocks":0,"Shared Written Blocks":0,"Local Hit Blocks":0,"Local Read Blocks":0,"Local Dirtied Blocks":0,"Local Written Blocks":0,"Temp Read Blocks":0,"Temp Written Blocks":0,"I/O Read Time":0.0,"I/O Write Time":0.0,"Temp I/O Read Time":0.0,"Temp I/O Write Time":0.0},{"Node Type":"Seq Scan","Parent Relationship":"Member","Parallel Aware":false,"Async Capable":false,"Relation Name":"customer","Schema":"public","Alias":"customer","Startup Cost":0.0,"Total Cost":4.01,"Plan Rows":1,"Plan Width":12,"Actual Startup Time":0.0,"Actual Total Time":0.0,"Actual Rows":0,"Actual Loops":0,"Output":["customer.c_nationkey","customer.c_id","customer.c_w_id","customer.c_d_id"],"Shared Hit Blocks":0,"Shared Read Blocks":0,"Shared Dirtied Blocks":0,"Shared Written Blocks":0,"Local Hit Blocks":0,"Local Read Blocks":0,"Local Dirtied Blocks":0,"Local Written Blocks":0,"Temp Read Blocks":0,"Temp Written Blocks":0,"I/O Read Time":0.0,"I/O Write Time":0.0,"Temp I/O Read Time":0.0,"Temp I/O Write Time":0.0}]},{"Node Type":"Hash","Parent Relationship":"Inner","Parallel Aware":false,"Async Capable":false,"Startup Cost":24.07,"Total Cost":24.07,"Plan Rows":3,"Plan Width":12,"Actual Rows":2,"Actual Loops":1,"Output":["n2.n_nationkey","n2.n_name"],"Shared Hit Blocks":0,"Shared Read Blocks":0,"Shared Dirtied Blocks":0,"Shared Written Blocks":0,"Local Hit Blocks":0,"Local Read Blocks":0,"Local Dirtied Blocks":0,"Local Written Blocks":0,"Temp Read Blocks":0,"Temp Written Blocks":0,"I/O Read Time":0.0,"I/O Write Time":0.0,"Temp I/O Read Time":0.0,"Temp I/O Write Time":0.0,"Plans":[{"Node Type":"Append","Parent Relationship":"Outer","Parallel Aware":false,"Async Capable":false,"Startup Cost":20.0,"Total Cost":24.07,"Plan Rows":3,"Plan Width":12,"Actual Startup Time":0.091,"Actual Total Time":0.091,"Actual Rows":2,"Actual Loops":1,"Shared Hit Blocks":0,"Shared Read Blocks":0,"Shared Dirtied Blocks":0,"Shared Written Blocks":0,"Local Hit Blocks":0,"Local Read Blocks":0,"Local Dirtied Blocks":0,"Local Written Blocks":0,"Temp Read Blocks":0,"Temp Written Blocks":0,"I/O Read Time":0.0,"I/O Write Time":0.0,"Temp I/O Read Time":0.0,"Temp I/O Write Time":0.0,"Subplans Removed":0,"Plans":[{"Node Type":"Custom Scan","Parent Relationship":"Member","Custom Plan Provider":"columnar scan","Parallel Aware":false,"Async Capable":false,"Relation Name":"nation","Schema":"public","Alias":"n2","Startup Cost":20.0,"Total Cost":20.05,"Plan Rows":2,"Plan Width":12,"Actual Startup Time":0.087,"Actual Total Time":0.087,"Actual Rows":2,"Actual Loops":1,"Output":["n2.n_nationkey","n2.n_name"],"Filter":"(((n2.n_name)::text = 'Cambodia'::text) OR ((n2.n_name)::text = 'Germany'::text))","Rows Removed by Filter":0,"Rows Removed by Columnar Filter":60,"Columnar cache search mode":"native","Shared Hit Blocks":0,"Shared Read Blocks":0,"Shared Dirtied Blocks":0,"Shared Written Blocks":0,"Local Hit Blocks":0,"Local Read Blocks":0,"Local Dirtied Blocks":0,"Local Written Blocks":0,"Temp Read Blocks":0,"Temp Written Blocks":0,"I/O Read Time":0.0,"I/O Write Time":0.0,"Temp I/O Read Time":0.0,"Temp I/O Write Time":0.0},{"Node Type":"Seq Scan","Parent Relationship":"Member","Parallel Aware":false,"Async Capable":false,"Relation Name":"nation","Schema":"public","Alias":"n2","Startup Cost":0.0,"Total Cost":4.01,"Plan Rows":1,"Plan Width":12,"Actual Startup Time":0.0,"Actual Total Time":0.0,"Actual Rows":0,"Actual Loops":0,"Output":["n2.n_nationkey","n2.n_name"],"Filter":"(((n2.n_name)::text = 'Cambodia'::text) OR ((n2.n_name)::text = 'Germany'::text))","Rows Removed by Filter":0,"Shared Hit Blocks":0,"Shared Read Blocks":0,"Shared Dirtied Blocks":0,"Shared Written Blocks":0,"Local Hit Blocks":0,"Local Read Blocks":0,"Local Dirtied Blocks":0,"Local Written Blocks":0,"Temp Read Blocks":0,"Temp Written Blocks":0,"I/O Read Time":0.0,"I/O Write Time":0.0,"Temp I/O Read Time":0.0,"Temp I/O Write Time":0.0}]}]}]}]}]}]}]}]},"Planning":{"Shared Hit Blocks":12,"Shared Read Blocks":0,"Shared Dirtied Blocks":0,"Shared Written Blocks":0,"Local Hit Blocks":0,"Local Read Blocks":0,"Local Dirtied Blocks":0,"Local Written Blocks":0,"Temp Read Blocks":0,"Temp Written Blocks":0,"I/O Read Time":0.0,"I/O Write Time":0.0,"Temp I/O Read Time":0.0,"Temp I/O Write Time":0.0},"Planning Time":3.339,"Triggers":[],"Execution Time":13266.993}]
[列存组合]: customer, nation, orders, supplier
[{"Plan":{"Node Type":"Aggregate","Strategy":"Sorted","Partial Mode":"Simple","Parallel Aware":false,"Async Capable":false,"Startup Cost":1680361.2,"Total Cost":1680482.8,"Plan Rows":4422,"Plan Width":72,"Actual Startup Time":13261.362,"Actual Total Time":13262.633,"Actual Rows":6,"Actual Loops":1,"Output":["supplier.su_nationkey","customer.c_nationkey","(EXTRACT(year FROM orders.o_entry_d))","sum(order_line.ol_amount)"],"Group Key":["supplier.su_nationkey","customer.c_nationkey","(EXTRACT(year FROM orders.o_entry_d))"],"Shared Hit Blocks":390282,"Shared Read Blocks":0,"Shared Dirtied Blocks":0,"Shared Written Blocks":0,"Local Hit Blocks":0,"Local Read Blocks":0,"Local Dirtied Blocks":0,"Local Written Blocks":0,"Temp Read Blocks":99613,"Temp Written Blocks":99622,"I/O Read Time":0.0,"I/O Write Time":0.0,"Temp I/O Read Time":159.576,"Temp I/O Write Time":451.181,"Plans":[{"Node Type":"Sort","Parent Relationship":"Outer","Parallel Aware":false,"Async Capable":false,"Startup Cost":1680361.2,"Total Cost":1680372.25,"Plan Rows":4422,"Plan Width":44,"Actual Startup Time":13261.304,"Actual Total Time":13261.563,"Actual Rows":6043,"Actual Loops":1,"Output":["supplier.su_nationkey","customer.c_nationkey","(EXTRACT(year FROM orders.o_entry_d))","order_line.ol_amount"],"Sort Key":["supplier.su_nationkey","customer.c_nationkey","(EXTRACT(year FROM orders.o_entry_d))"],"Sort Method":"quicksort","Sort Space Used":523,"Sort Space Type":"Memory","Shared Hit Blocks":390282,"Shared Read Blocks":0,"Shared Dirtied Blocks":0,"Shared Written Blocks":0,"Local Hit Blocks":0,"Local Read Blocks":0,"Local Dirtied Blocks":0,"Local Written Blocks":0,"Temp Read Blocks":99613,"Temp Written Blocks":99622,"I/O Read Time":0.0,"I/O Write Time":0.0,"Temp I/O Read Time":159.576,"Temp I/O Write Time":451.181,"Plans":[{"Node Type":"Merge Join","Parent Relationship":"Outer","Parallel Aware":false,"Async Capable":false,"Join Type":"Inner","Startup Cost":1676001.05,"Total Cost":1680093.44,"Plan Rows":4422,"Plan Width":44,"Actual Startup Time":13108.551,"Actual Total Time":13259.876,"Actual Rows":6043,"Actual Loops":1,"Output":["supplier.su_nationkey","customer.c_nationkey","EXTRACT(year FROM orders.o_entry_d)","order_line.ol_amount"],"Merge Cond":"((orders.o_c_id = customer.c_id) AND (order_line.ol_w_id = customer.c_w_id) AND (order_line.ol_d_id = customer.c_d_id))","Join Filter":"((((n1.n_name)::text = 'Germany'::text) AND ((n2.n_name)::text = 'Cambodia'::text)) OR (((n1.n_name)::text = 'Cambodia'::text) AND ((n2.n_name)::text = 'Germany'::text)))","Rows Removed by Join Filter":5752,"Shared Hit Blocks":390282,"Shared Read Blocks":0,"Shared Dirtied Blocks":0,"Shared Written Blocks":0,"Local Hit Blocks":0,"Local Read Blocks":0,"Local Dirtied Blocks":0,"Local Written Blocks":0,"Temp Read Blocks":99613,"Temp Written Blocks":99622,"I/O Read Time":0.0,"I/O Write Time":0.0,"Temp I/O Read Time":159.576,"Temp I/O Write Time":451.181,"Plans":[{"Node Type":"Sort","Parent Relationship":"Outer","Parallel Aware":false,"Async Capable":false,"Startup Cost":1653286.38,"Total Cost":1653960.94,"Plan Rows":269824,"Plan Width":36,"Actual Startup Time":12994.163,"Actual Total Time":13064.907,"Actual Rows":242214,"Actual Loops":1,"Output":["supplier.su_nationkey","order_line.ol_amount","order_line.ol_w_id","order_line.ol_d_id","orders.o_entry_d","orders.o_w_id","orders.o_d_id","orders.o_c_id","n1.n_name"],"Sort Key":["orders.o_c_id","order_line.ol_w_id","order_line.ol_d_id"],"Sort Method":"external merge","Sort Space Used":11984,"Sort Space Type":"Disk","Shared Hit Blocks":390282,"Shared Read Blocks":0,"Shared Dirtied Blocks":0,"Shared Written Blocks":0,"Local Hit Blocks":0,"Local Read Blocks":0,"Local Dirtied Blocks":0,"Local Written Blocks":0,"Temp Read Blocks":99068,"Temp Written Blocks":99074,"I/O Read Time":0.0,"I/O Write Time":0.0,"Temp I/O Read Time":158.904,"Temp I/O Write Time":449.098,"Plans":[{"Node Type":"Hash Join","Parent Relationship":"Outer","Parallel Aware":false,"Async Capable":false,"Join Type":"Inner","Startup Cost":578698.35,"Total Cost":1621568.01,"Plan Rows":269824,"Plan Width":36,"Actual Startup Time":3014.436,"Actual Total Time":12867.243,"Actual Rows":242214,"Actual Loops":1,"Output":["supplier.su_nationkey","order_line.ol_amount","order_line.ol_w_id","order_line.ol_d_id","orders.o_entry_d","orders.o_w_id","orders.o_d_id","orders.o_c_id","n1.n_name"],"Hash Cond":"((order_line.ol_w_id = orders.o_w_id) AND (order_line.ol_d_id = orders.o_d_id) AND (order_line.ol_o_id = orders.o_id))","Shared Hit Blocks":390282,"Shared Read Blocks":0,"Shared Dirtied Blocks":0,"Shared Written Blocks":0,"Local Hit Blocks":0,"Local Read Blocks":0,"Local Dirtied Blocks":0,"Local Written Blocks":0,"Temp Read Blocks":97570,"Temp Written Blocks":97570,"I/O Read Time":0.0,"I/O Write Time":0.0,"Temp I/O Read Time":156.861,"Temp I/O Write Time":443.556,"Plans":[{"Node Type":"Hash Join","Parent Relationship":"Outer","Parallel Aware":false,"Async Capable":false,"Join Type":"Inner","Startup Cost":449103.27,"Total Cost":1468586.78,"Plan Rows":269988,"Plan Width":28,"Actual Startup Time":2105.563,"Actual Total Time":11629.625,"Actual Rows":242214,"Actual Loops":1,"Output":["supplier.su_nationkey","order_line.ol_amount","order_line.ol_w_id","order_line.ol_d_id","order_line.ol_o_id","n1.n_name"],"Hash Cond":"(supplier.su_nationkey = n1.n_nationkey)","Shared Hit Blocks":368223,"Shared Read Blocks":0,"Shared Dirtied Blocks":0,"Shared Written Blocks":0,"Local Hit Blocks":0,"Local Read Blocks":0,"Local Dirtied Blocks":0,"Local Written Blocks":0,"Temp Read Blocks":79026,"Temp Written Blocks":79026,"I/O Read Time":0.0,"I/O Write Time":0.0,"Temp I/O Read Time":127.672,"Temp I/O Write Time":361.301,"Plans":[{"Node Type":"Hash Join","Parent Relationship":"Outer","Parallel Aware":false,"Async Capable":false,"Join Type":"Inner","Startup Cost":449101.32,"Total Cost":1445112.71,"Plan Rows":8369638,"Plan Width":20,"Actual Startup Time":2103.694,"Actual Total Time":11018.247,"Actual Rows":8570498,"Actual Loops":1,"Output":["supplier.su_nationkey","order_line.ol_amount","order_line.ol_w_id","order_line.ol_d_id","order_line.ol_o_id"],"Hash Cond":"(mod((stock.s_w_id * stock.s_i_id), 10000) = supplier.su_suppkey)","Shared Hit Blocks":368222,"Shared Read Blocks":0,"Shared Dirtied Blocks":0,"Shared Written Blocks":0,"Local Hit Blocks":0,"Local Read Blocks":0,"Local Dirtied Blocks":0,"Local Written Blocks":0,"Temp Read Blocks":79026,"Temp Written Blocks":79026,"I/O Read Time":0.0,"I/O Write Time":0.0,"Temp I/O Read Time":127.672,"Temp I/O Write Time":361.301,"Plans":[{"Node Type":"Hash Join","Parent Relationship":"Outer","Parallel Aware":false,"Async Capable":false,"Join Type":"Inner","Startup Cost":448757.29,"Total Cost":1420694.79,"Plan Rows":8369638,"Plan Width":22,"Actual Startup Time":2100.658,"Actual Total Time":9295.027,"Actual Rows":8570498,"Actual Loops":1,"Output":["stock.s_w_id","stock.s_i_id","order_line.ol_amount","order_line.ol_w_id","order_line.ol_d_id","order_line.ol_o_id"],"Hash Cond":"((order_line.ol_supply_w_id = stock.s_w_id) AND (order_line.ol_i_id = stock.s_i_id))","Shared Hit Blocks":368222,"Shared Read Blocks":0,"Shared Dirtied Blocks":0,"Shared Written Blocks":0,"Local Hit Blocks":0,"Local Read Blocks":0,"Local Dirtied Blocks":0,"Local Written Blocks":0,"Temp Read Blocks":79026,"Temp Written Blocks":79026,"I/O Read Time":0.0,"I/O Write Time":0.0,"Temp I/O Read Time":127.672,"Temp I/O Write Time":361.301,"Plans":[{"Node Type":"Seq Scan","Parent Relationship":"Outer","Parallel Aware":false,"Async Capable":false,"Relation Name":"order_line","Schema":"public","Alias":"order_line","Startup Cost":0.0,"Total Cost":790850.88,"Plan Rows":8369638,"Plan Width":22,"Actual Startup Time":13.118,"Actual Total Time":2825.718,"Actual Rows":8570498,"Actual Loops":1,"Output":["order_line.ol_amount","order_line.ol_supply_w_id","order_line.ol_i_id","order_line.ol_w_id","order_line.ol_d_id","order_line.ol_o_id"],"Filter":"((order_line.ol_delivery_d >= '1995-01-02 20:10:02.27764'::timestamp without time zone) AND (order_line.ol_delivery_d <= '1997-01-01 20:10:02.27764'::timestamp without time zone))","Rows Removed by Filter":21427234,"Shared Hit Blocks":340884,"Shared Read Blocks":0,"Shared Dirtied Blocks":0,"Shared Written Blocks":0,"Local Hit Blocks":0,"Local Read Blocks":0,"Local Dirtied Blocks":0,"Local Written Blocks":0,"Temp Read Blocks":0,"Temp Written Blocks":0,"I/O Read Time":0.0,"I/O Write Time":0.0,"Temp I/O Read Time":0.0,"Temp I/O Write Time":0.0},{"Node Type":"Hash","Parent Relationship":"Inner","Parallel Aware":false,"Async Capable":false,"Startup Cost":259690.86,"Total Cost":259690.86,"Plan Rows":10000162,"Plan Width":6,"Actual Startup Time":2086.263,"Actual Total Time":2086.263,"Actual Rows":10000000,"Actual Loops":1,"Output":["stock.s_w_id","stock.s_i_id"],"Hash Buckets":262144,"Original Hash Buckets":262144,"Hash Batches":64,"Original Hash Batches":64,"Peak Memory Usage":8133,"Shared Hit Blocks":27338,"Shared Read Blocks":0,"Shared Dirtied Blocks":0,"Shared Written Blocks":0,"Local Hit Blocks":0,"Local Read Blocks":0,"Local Dirtied Blocks":0,"Local Written Blocks":0,"Temp Read Blocks":0,"Temp Written Blocks":33616,"I/O Read Time":0.0,"I/O Write Time":0.0,"Temp I/O Read Time":0.0,"Temp I/O Write Time":150.261,"Plans":[{"Node Type":"Index Only Scan","Parent Relationship":"Outer","Parallel Aware":false,"Async Capable":false,"Scan Direction":"Forward","Index Name":"stock_pk","Relation Name":"stock","Schema":"public","Alias":"stock","Startup Cost":0.43,"Total Cost":259690.86,"Plan Rows":10000162,"Plan Width":6,"Actual Startup Time":0.027,"Actual Total Time":727.925,"Actual Rows":10000000,"Actual Loops":1,"Output":["stock.s_w_id","stock.s_i_id"],"Heap Fetches":0,"Shared Hit Blocks":27338,"Shared Read Blocks":0,"Shared Dirtied Blocks":0,"Shared Written Blocks":0,"Local Hit Blocks":0,"Local Read Blocks":0,"Local Dirtied Blocks":0,"Local Written Blocks":0,"Temp Read Blocks":0,"Temp Written Blocks":0,"I/O Read Time":0.0,"I/O Write Time":0.0,"Temp I/O Read Time":0.0,"Temp I/O Write Time":0.0}]}]},{"Node Type":"Hash","Parent Relationship":"Inner","Parallel Aware":false,"Async Capable":false,"Startup Cost":219.01,"Total Cost":219.01,"Plan Rows":10001,"Plan Width":8,"Actual Startup Time":2.988,"Actual Total Time":2.991,"Actual Rows":10000,"Actual Loops":1,"Output":["supplier.su_nationkey","supplier.su_suppkey"],"Hash Buckets":16384,"Original Hash Buckets":16384,"Hash Batches":1,"Original Hash Batches":1,"Peak Memory Usage":519,"Shared Hit Blocks":0,"Shared Read Blocks":0,"Shared Dirtied Blocks":0,"Shared Written Blocks":0,"Local Hit Blocks":0,"Local Read Blocks":0,"Local Dirtied Blocks":0,"Local Written Blocks":0,"Temp Read Blocks":0,"Temp Written Blocks":0,"I/O Read Time":0.0,"I/O Write Time":0.0,"Temp I/O Read Time":0.0,"Temp I/O Write Time":0.0,"Plans":[{"Node Type":"Append","Parent Relationship":"Outer","Parallel Aware":false,"Async Capable":false,"Startup Cost":20.0,"Total Cost":219.01,"Plan Rows":10001,"Plan Width":8,"Actual Startup Time":0.026,"Actual Total Time":1.782,"Actual Rows":10000,"Actual Loops":1,"Shared Hit Blocks":0,"Shared Read Blocks":0,"Shared Dirtied Blocks":0,"Shared Written Blocks":0,"Local Hit Blocks":0,"Local Read Blocks":0,"Local Dirtied Blocks":0,"Local Written Blocks":0,"Temp Read Blocks":0,"Temp Written Blocks":0,"I/O Read Time":0.0,"I/O Write Time":0.0,"Temp I/O Read Time":0.0,"Temp I/O Write Time":0.0,"Subplans Removed":0,"Plans":[{"Node Type":"Custom Scan","Parent Relationship":"Member","Custom Plan Provider":"columnar scan","Parallel Aware":false,"Async Capable":false,"Relation Name":"supplier","Schema":"public","Alias":"supplier","Startup Cost":20.0,"Total Cost":215.0,"Plan Rows":10000,"Plan Width":8,"Actual Startup Time":0.024,"Actual Total Time":1.081,"Actual Rows":10000,"Actual Loops":1,"Output":["supplier.su_nationkey","supplier.su_suppkey"],"Rows Removed by Columnar Filter":0,"Columnar cache search mode":"native","Shared Hit Blocks":0,"Shared Read Blocks":0,"Shared Dirtied Blocks":0,"Shared Written Blocks":0,"Local Hit Blocks":0,"Local Read Blocks":0,"Local Dirtied Blocks":0,"Local Written Blocks":0,"Temp Read Blocks":0,"Temp Written Blocks":0,"I/O Read Time":0.0,"I/O Write Time":0.0,"Temp I/O Read Time":0.0,"Temp I/O Write Time":0.0},{"Node Type":"Seq Scan","Parent Relationship":"Member","Parallel Aware":false,"Async Capable":false,"Relation Name":"supplier","Schema":"public","Alias":"supplier","Startup Cost":0.0,"Total Cost":4.01,"Plan Rows":1,"Plan Width":8,"Actual Startup Time":0.0,"Actual Total Time":0.0,"Actual Rows":0,"Actual Loops":0,"Output":["supplier.su_nationkey","supplier.su_suppkey"],"Shared Hit Blocks":0,"Shared Read Blocks":0,"Shared Dirtied Blocks":0,"Shared Written Blocks":0,"Local Hit Blocks":0,"Local Read Blocks":0,"Local Dirtied Blocks":0,"Local Written Blocks":0,"Temp Read Blocks":0,"Temp Written Blocks":0,"I/O Read Time":0.0,"I/O Write Time":0.0,"Temp I/O Read Time":0.0,"Temp I/O Write Time":0.0}]}]}]},{"Node Type":"Hash","Parent Relationship":"Inner","Parallel Aware":false,"Async Capable":false,"Startup Cost":1.93,"Total Cost":1.93,"Plan Rows":2,"Plan Width":12,"Actual Startup Time":0.021,"Actual Total Time":0.022,"Actual Rows":2,"Actual Loops":1,"Output":["n1.n_nationkey","n1.n_name"],"Hash Buckets":1024,"Original Hash Buckets":1024,"Hash Batches":1,"Original Hash Batches":1,"Peak Memory Usage":9,"Shared Hit Blocks":1,"Shared Read Blocks":0,"Shared Dirtied Blocks":0,"Shared Written Blocks":0,"Local Hit Blocks":0,"Local Read Blocks":0,"Local Dirtied Blocks":0,"Local Written Blocks":0,"Temp Read Blocks":0,"Temp Written Blocks":0,"I/O Read Time":0.0,"I/O Write Time":0.0,"Temp I/O Read Time":0.0,"Temp I/O Write Time":0.0,"Plans":[{"Node Type":"Seq Scan","Parent Relationship":"Outer","Parallel Aware":false,"Async Capable":false,"Relation Name":"nation","Schema":"public","Alias":"n1","Startup Cost":0.0,"Total Cost":1.93,"Plan Rows":2,"Plan Width":12,"Actual Startup Time":0.013,"Actual Total Time":0.018,"Actual Rows":2,"Actual Loops":1,"Output":["n1.n_nationkey","n1.n_name"],"Filter":"(((n1.n_name)::text = 'Germany'::text) OR ((n1.n_name)::text = 'Cambodia'::text))","Rows Removed by Filter":60,"Shared Hit Blocks":1,"Shared Read Blocks":0,"Shared Dirtied Blocks":0,"Shared Written Blocks":0,"Local Hit Blocks":0,"Local Read Blocks":0,"Local Dirtied Blocks":0,"Local Written Blocks":0,"Temp Read Blocks":0,"Temp Written Blocks":0,"I/O Read Time":0.0,"I/O Write Time":0.0,"Temp I/O Read Time":0.0,"Temp I/O Write Time":0.0}]}]},{"Node Type":"Hash","Parent Relationship":"Inner","Parallel Aware":false,"Async Capable":false,"Startup Cost":59559.0,"Total Cost":59559.0,"Plan Rows":2998176,"Plan Width":24,"Actual Startup Time":900.691,"Actual Total Time":900.691,"Actual Rows":2997892,"Actual Loops":1,"Output":["orders.o_entry_d","orders.o_w_id","orders.o_d_id","orders.o_id","orders.o_c_id"],"Hash Buckets":131072,"Original Hash Buckets":131072,"Hash Batches":32,"Original Hash Batches":32,"Peak Memory Usage":6539,"Shared Hit Blocks":22059,"Shared Read Blocks":0,"Shared Dirtied Blocks":0,"Shared Written Blocks":0,"Local Hit Blocks":0,"Local Read Blocks":0,"Local Dirtied Blocks":0,"Local Written Blocks":0,"Temp Read Blocks":0,"Temp Written Blocks":16995,"I/O Read Time":0.0,"I/O Write Time":0.0,"Temp I/O Read Time":0.0,"Temp I/O Write Time":72.9,"Plans":[{"Node Type":"Seq Scan","Parent Relationship":"Outer","Parallel Aware":false,"Async Capable":false,"Relation Name":"orders","Schema":"public","Alias":"orders","Startup Cost":0.0,"Total Cost":59559.0,"Plan Rows":2998176,"Plan Width":24,"Actual Startup Time":0.011,"Actual Total Time":365.627,"Actual Rows":2997892,"Actual Loops":1,"Output":["orders.o_entry_d","orders.o_w_id","orders.o_d_id","orders.o_id","orders.o_c_id"],"Filter":"(orders.o_entry_d >= '1992-01-02 20:10:02.27764'::timestamp without time zone)","Rows Removed by Filter":2108,"Shared Hit Blocks":22059,"Shared Read Blocks":0,"Shared Dirtied Blocks":0,"Shared Written Blocks":0,"Local Hit Blocks":0,"Local Read Blocks":0,"Local Dirtied Blocks":0,"Local Written Blocks":0,"Temp Read Blocks":0,"Temp Written Blocks":0,"I/O Read Time":0.0,"I/O Write Time":0.0,"Temp I/O Read Time":0.0,"Temp I/O Write Time":0.0}]}]}]},{"Node Type":"Materialize","Parent Relationship":"Inner","Parallel Aware":false,"Async Capable":false,"Startup Cost":22714.58,"Total Cost":23198.41,"Plan Rows":96766,"Plan Width":20,"Actual Startup Time":114.349,"Actual Total Time":146.916,"Actual Rows":146547,"Actual Loops":1,"Output":["customer.c_nationkey","customer.c_id","customer.c_w_id","customer.c_d_id","n2.n_name"],"Shared Hit Blocks":0,"Shared Read Blocks":0,"Shared Dirtied Blocks":0,"Shared Written Blocks":0,"Local Hit Blocks":0,"Local Read Blocks":0,"Local Dirtied Blocks":0,"Local Written Blocks":0,"Temp Read Blocks":545,"Temp Written Blocks":548,"I/O Read Time":0.0,"I/O Write Time":0.0,"Temp I/O Read Time":0.672,"Temp I/O Write Time":2.083,"Plans":[{"Node Type":"Sort","Parent Relationship":"Outer","Parallel Aware":false,"Async Capable":false,"Startup Cost":22714.58,"Total Cost":22956.49,"Plan Rows":96766,"Plan Width":20,"Actual Startup Time":114.342,"Actual Total Time":131.235,"Actual Rows":144982,"Actual Loops":1,"Output":["customer.c_nationkey","customer.c_id","customer.c_w_id","customer.c_d_id","n2.n_name"],"Sort Key":["customer.c_id","customer.c_w_id","customer.c_d_id"],"Sort Method":"external merge","Sort Space Used":4360,"Sort Space Type":"Disk","Shared Hit Blocks":0,"Shared Read Blocks":0,"Shared Dirtied Blocks":0,"Shared Written Blocks":0,"Local Hit Blocks":0,"Local Read Blocks":0,"Local Dirtied Blocks":0,"Local Written Blocks":0,"Temp Read Blocks":545,"Temp Written Blocks":548,"I/O Read Time":0.0,"I/O Write Time":0.0,"Temp I/O Read Time":0.672,"Temp I/O Write Time":2.083,"Plans":[{"Node Type":"Hash Join","Parent Relationship":"Outer","Parallel Aware":false,"Async Capable":false,"Join Type":"Inner","Startup Cost":44.04,"Total Cost":12716.78,"Plan Rows":96766,"Plan Width":20,"Actual Startup Time":25.981,"Actual Total Time":65.901,"Actual Rows":144986,"Actual Loops":1,"Output":["customer.c_nationkey","customer.c_id","customer.c_w_id","customer.c_d_id","n2.n_name"],"Hash Cond":"(customer.c_nationkey = n2.n_nationkey)","Rows Removed by Bloom Filter":6506642,"Shared Hit Blocks":0,"Shared Read Blocks":0,"Shared Dirtied Blocks":0,"Shared Written Blocks":0,"Local Hit Blocks":0,"Local Read Blocks":0,"Local Dirtied Blocks":0,"Local Written Blocks":0,"Temp Read Blocks":0,"Temp Written Blocks":0,"I/O Read Time":0.0,"I/O Write Time":0.0,"Temp I/O Read Time":0.0,"Temp I/O Write Time":0.0,"Plans":[{"Node Type":"Append","Parent Relationship":"Outer","Parallel Aware":false,"Async Capable":false,"Startup Cost":20.0,"Total Cost":70517.88,"Plan Rows":2999739,"Plan Width":12,"Actual Startup Time":0.153,"Actual Total Time":0.154,"Actual Rows":3000000,"Actual Loops":1,"Shared Hit Blocks":0,"Shared Read Blocks":0,"Shared Dirtied Blocks":0,"Shared Written Blocks":0,"Local Hit Blocks":0,"Local Read Blocks":0,"Local Dirtied Blocks":0,"Local Written Blocks":0,"Temp Read Blocks":0,"Temp Written Blocks":0,"I/O Read Time":0.0,"I/O Write Time":0.0,"Temp I/O Read Time":0.0,"Temp I/O Write Time":0.0,"Subplans Removed":0,"Plans":[{"Node Type":"Custom Scan","Parent Relationship":"Member","Custom Plan Provider":"columnar scan","Parallel Aware":false,"Async Capable":false,"Relation Name":"customer","Schema":"public","Alias":"customer","Startup Cost":20.0,"Total Cost":70513.87,"Plan Rows":2999738,"Plan Width":12,"Actual Startup Time":0.153,"Actual Total Time":0.153,"Actual Rows":3000000,"Actual Loops":1,"Output":["customer.c_nationkey","customer.c_id","customer.c_w_id","customer.c_d_id"],"Rows Removed by Columnar Filter":0,"Columnar cache search mode":"native","Shared Hit Blocks":0,"Shared Read Blocks":0,"Shared Dirtied Blocks":0,"Shared Written Blocks":0,"Local Hit Blocks":0,"Local Read Blocks":0,"Local Dirtied Blocks":0,"Local Written Blocks":0,"Temp Read Blocks":0,"Temp Written Blocks":0,"I/O Read Time":0.0,"I/O Write Time":0.0,"Temp I/O Read Time":0.0,"Temp I/O Write Time":0.0},{"Node Type":"Seq Scan","Parent Relationship":"Member","Parallel Aware":false,"Async Capable":false,"Relation Name":"customer","Schema":"public","Alias":"customer","Startup Cost":0.0,"Total Cost":4.01,"Plan Rows":1,"Plan Width":12,"Actual Startup Time":0.0,"Actual Total Time":0.0,"Actual Rows":0,"Actual Loops":0,"Output":["customer.c_nationkey","customer.c_id","customer.c_w_id","customer.c_d_id"],"Shared Hit Blocks":0,"Shared Read Blocks":0,"Shared Dirtied Blocks":0,"Shared Written Blocks":0,"Local Hit Blocks":0,"Local Read Blocks":0,"Local Dirtied Blocks":0,"Local Written Blocks":0,"Temp Read Blocks":0,"Temp Written Blocks":0,"I/O Read Time":0.0,"I/O Write Time":0.0,"Temp I/O Read Time":0.0,"Temp I/O Write Time":0.0}]},{"Node Type":"Hash","Parent Relationship":"Inner","Parallel Aware":false,"Async Capable":false,"Startup Cost":24.07,"Total Cost":24.07,"Plan Rows":3,"Plan Width":12,"Actual Rows":2,"Actual Loops":1,"Output":["n2.n_nationkey","n2.n_name"],"Shared Hit Blocks":0,"Shared Read Blocks":0,"Shared Dirtied Blocks":0,"Shared Written Blocks":0,"Local Hit Blocks":0,"Local Read Blocks":0,"Local Dirtied Blocks":0,"Local Written Blocks":0,"Temp Read Blocks":0,"Temp Written Blocks":0,"I/O Read Time":0.0,"I/O Write Time":0.0,"Temp I/O Read Time":0.0,"Temp I/O Write Time":0.0,"Plans":[{"Node Type":"Append","Parent Relationship":"Outer","Parallel Aware":false,"Async Capable":false,"Startup Cost":20.0,"Total Cost":24.07,"Plan Rows":3,"Plan Width":12,"Actual Startup Time":0.089,"Actual Total Time":0.09,"Actual Rows":2,"Actual Loops":1,"Shared Hit Blocks":0,"Shared Read Blocks":0,"Shared Dirtied Blocks":0,"Shared Written Blocks":0,"Local Hit Blocks":0,"Local Read Blocks":0,"Local Dirtied Blocks":0,"Local Written Blocks":0,"Temp Read Blocks":0,"Temp Written Blocks":0,"I/O Read Time":0.0,"I/O Write Time":0.0,"Temp I/O Read Time":0.0,"Temp I/O Write Time":0.0,"Subplans Removed":0,"Plans":[{"Node Type":"Custom Scan","Parent Relationship":"Member","Custom Plan Provider":"columnar scan","Parallel Aware":false,"Async Capable":false,"Relation Name":"nation","Schema":"public","Alias":"n2","Startup Cost":20.0,"Total Cost":20.05,"Plan Rows":2,"Plan Width":12,"Actual Startup Time":0.086,"Actual Total Time":0.086,"Actual Rows":2,"Actual Loops":1,"Output":["n2.n_nationkey","n2.n_name"],"Filter":"(((n2.n_name)::text = 'Cambodia'::text) OR ((n2.n_name)::text = 'Germany'::text))","Rows Removed by Filter":0,"Rows Removed by Columnar Filter":60,"Columnar cache search mode":"native","Shared Hit Blocks":0,"Shared Read Blocks":0,"Shared Dirtied Blocks":0,"Shared Written Blocks":0,"Local Hit Blocks":0,"Local Read Blocks":0,"Local Dirtied Blocks":0,"Local Written Blocks":0,"Temp Read Blocks":0,"Temp Written Blocks":0,"I/O Read Time":0.0,"I/O Write Time":0.0,"Temp I/O Read Time":0.0,"Temp I/O Write Time":0.0},{"Node Type":"Seq Scan","Parent Relationship":"Member","Parallel Aware":false,"Async Capable":false,"Relation Name":"nation","Schema":"public","Alias":"n2","Startup Cost":0.0,"Total Cost":4.01,"Plan Rows":1,"Plan Width":12,"Actual Startup Time":0.0,"Actual Total Time":0.0,"Actual Rows":0,"Actual Loops":0,"Output":["n2.n_nationkey","n2.n_name"],"Filter":"(((n2.n_name)::text = 'Cambodia'::text) OR ((n2.n_name)::text = 'Germany'::text))","Rows Removed by Filter":0,"Shared Hit Blocks":0,"Shared Read Blocks":0,"Shared Dirtied Blocks":0,"Shared Written Blocks":0,"Local Hit Blocks":0,"Local Read Blocks":0,"Local Dirtied Blocks":0,"Local Written Blocks":0,"Temp Read Blocks":0,"Temp Written Blocks":0,"I/O Read Time":0.0,"I/O Write Time":0.0,"Temp I/O Read Time":0.0,"Temp I/O Write Time":0.0}]}]}]}]}]}]}]}]},"Planning":{"Shared Hit Blocks":12,"Shared Read Blocks":0,"Shared Dirtied Blocks":0,"Shared Written Blocks":0,"Local Hit Blocks":0,"Local Read Blocks":0,"Local Dirtied Blocks":0,"Local Written Blocks":0,"Temp Read Blocks":0,"Temp Written Blocks":0,"I/O Read Time":0.0,"I/O Write Time":0.0,"Temp I/O Read Time":0.0,"Temp I/O Write Time":0.0},"Planning Time":2.869,"Triggers":[],"Execution Time":13265.43}]
[列存组合]: customer, nation, stock, supplier
[{"Plan":{"Node Type":"Aggregate","Strategy":"Sorted","Partial Mode":"Simple","Parallel Aware":false,"Async Capable":false,"Startup Cost":1680361.2,"Total Cost":1680482.8,"Plan Rows":4422,"Plan Width":72,"Actual Startup Time":13183.078,"Actual Total Time":13184.347,"Actual Rows":6,"Actual Loops":1,"Output":["supplier.su_nationkey","customer.c_nationkey","(EXTRACT(year FROM orders.o_entry_d))","sum(order_line.ol_amount)"],"Group Key":["supplier.su_nationkey","customer.c_nationkey","(EXTRACT(year FROM orders.o_entry_d))"],"Shared Hit Blocks":390282,"Shared Read Blocks":0,"Shared Dirtied Blocks":0,"Shared Written Blocks":0,"Local Hit Blocks":0,"Local Read Blocks":0,"Local Dirtied Blocks":0,"Local Written Blocks":0,"Temp Read Blocks":99613,"Temp Written Blocks":99622,"I/O Read Time":0.0,"I/O Write Time":0.0,"Temp I/O Read Time":158.307,"Temp I/O Write Time":450.891,"Plans":[{"Node Type":"Sort","Parent Relationship":"Outer","Parallel Aware":false,"Async Capable":false,"Startup Cost":1680361.2,"Total Cost":1680372.25,"Plan Rows":4422,"Plan Width":44,"Actual Startup Time":13183.02,"Actual Total Time":13183.279,"Actual Rows":6043,"Actual Loops":1,"Output":["supplier.su_nationkey","customer.c_nationkey","(EXTRACT(year FROM orders.o_entry_d))","order_line.ol_amount"],"Sort Key":["supplier.su_nationkey","customer.c_nationkey","(EXTRACT(year FROM orders.o_entry_d))"],"Sort Method":"quicksort","Sort Space Used":523,"Sort Space Type":"Memory","Shared Hit Blocks":390282,"Shared Read Blocks":0,"Shared Dirtied Blocks":0,"Shared Written Blocks":0,"Local Hit Blocks":0,"Local Read Blocks":0,"Local Dirtied Blocks":0,"Local Written Blocks":0,"Temp Read Blocks":99613,"Temp Written Blocks":99622,"I/O Read Time":0.0,"I/O Write Time":0.0,"Temp I/O Read Time":158.307,"Temp I/O Write Time":450.891,"Plans":[{"Node Type":"Merge Join","Parent Relationship":"Outer","Parallel Aware":false,"Async Capable":false,"Join Type":"Inner","Startup Cost":1676001.05,"Total Cost":1680093.44,"Plan Rows":4422,"Plan Width":44,"Actual Startup Time":13029.6,"Actual Total Time":13181.579,"Actual Rows":6043,"Actual Loops":1,"Output":["supplier.su_nationkey","customer.c_nationkey","EXTRACT(year FROM orders.o_entry_d)","order_line.ol_amount"],"Merge Cond":"((orders.o_c_id = customer.c_id) AND (order_line.ol_w_id = customer.c_w_id) AND (order_line.ol_d_id = customer.c_d_id))","Join Filter":"((((n1.n_name)::text = 'Germany'::text) AND ((n2.n_name)::text = 'Cambodia'::text)) OR (((n1.n_name)::text = 'Cambodia'::text) AND ((n2.n_name)::text = 'Germany'::text)))","Rows Removed by Join Filter":5752,"Shared Hit Blocks":390282,"Shared Read Blocks":0,"Shared Dirtied Blocks":0,"Shared Written Blocks":0,"Local Hit Blocks":0,"Local Read Blocks":0,"Local Dirtied Blocks":0,"Local Written Blocks":0,"Temp Read Blocks":99613,"Temp Written Blocks":99622,"I/O Read Time":0.0,"I/O Write Time":0.0,"Temp I/O Read Time":158.307,"Temp I/O Write Time":450.891,"Plans":[{"Node Type":"Sort","Parent Relationship":"Outer","Parallel Aware":false,"Async Capable":false,"Startup Cost":1653286.38,"Total Cost":1653960.94,"Plan Rows":269824,"Plan Width":36,"Actual Startup Time":12915.41,"Actual Total Time":12986.547,"Actual Rows":242214,"Actual Loops":1,"Output":["supplier.su_nationkey","order_line.ol_amount","order_line.ol_w_id","order_line.ol_d_id","orders.o_entry_d","orders.o_w_id","orders.o_d_id","orders.o_c_id","n1.n_name"],"Sort Key":["orders.o_c_id","order_line.ol_w_id","order_line.ol_d_id"],"Sort Method":"external merge","Sort Space Used":11984,"Sort Space Type":"Disk","Shared Hit Blocks":390282,"Shared Read Blocks":0,"Shared Dirtied Blocks":0,"Shared Written Blocks":0,"Local Hit Blocks":0,"Local Read Blocks":0,"Local Dirtied Blocks":0,"Local Written Blocks":0,"Temp Read Blocks":99068,"Temp Written Blocks":99074,"I/O Read Time":0.0,"I/O Write Time":0.0,"Temp I/O Read Time":157.612,"Temp I/O Write Time":448.808,"Plans":[{"Node Type":"Hash Join","Parent Relationship":"Outer","Parallel Aware":false,"Async Capable":false,"Join Type":"Inner","Startup Cost":578698.35,"Total Cost":1621568.01,"Plan Rows":269824,"Plan Width":36,"Actual Startup Time":3007.881,"Actual Total Time":12787.578,"Actual Rows":242214,"Actual Loops":1,"Output":["supplier.su_nationkey","order_line.ol_amount","order_line.ol_w_id","order_line.ol_d_id","orders.o_entry_d","orders.o_w_id","orders.o_d_id","orders.o_c_id","n1.n_name"],"Hash Cond":"((order_line.ol_w_id = orders.o_w_id) AND (order_line.ol_d_id = orders.o_d_id) AND (order_line.ol_o_id = orders.o_id))","Shared Hit Blocks":390282,"Shared Read Blocks":0,"Shared Dirtied Blocks":0,"Shared Written Blocks":0,"Local Hit Blocks":0,"Local Read Blocks":0,"Local Dirtied Blocks":0,"Local Written Blocks":0,"Temp Read Blocks":97570,"Temp Written Blocks":97570,"I/O Read Time":0.0,"I/O Write Time":0.0,"Temp I/O Read Time":155.556,"Temp I/O Write Time":443.293,"Plans":[{"Node Type":"Hash Join","Parent Relationship":"Outer","Parallel Aware":false,"Async Capable":false,"Join Type":"Inner","Startup Cost":449103.27,"Total Cost":1468586.78,"Plan Rows":269988,"Plan Width":28,"Actual Startup Time":2099.922,"Actual Total Time":11553.577,"Actual Rows":242214,"Actual Loops":1,"Output":["supplier.su_nationkey","order_line.ol_amount","order_line.ol_w_id","order_line.ol_d_id","order_line.ol_o_id","n1.n_name"],"Hash Cond":"(supplier.su_nationkey = n1.n_nationkey)","Shared Hit Blocks":368223,"Shared Read Blocks":0,"Shared Dirtied Blocks":0,"Shared Written Blocks":0,"Local Hit Blocks":0,"Local Read Blocks":0,"Local Dirtied Blocks":0,"Local Written Blocks":0,"Temp Read Blocks":79026,"Temp Written Blocks":79026,"I/O Read Time":0.0,"I/O Write Time":0.0,"Temp I/O Read Time":126.491,"Temp I/O Write Time":361.925,"Plans":[{"Node Type":"Hash Join","Parent Relationship":"Outer","Parallel Aware":false,"Async Capable":false,"Join Type":"Inner","Startup Cost":449101.32,"Total Cost":1445112.71,"Plan Rows":8369638,"Plan Width":20,"Actual Startup Time":2098.019,"Actual Total Time":10946.928,"Actual Rows":8570498,"Actual Loops":1,"Output":["supplier.su_nationkey","order_line.ol_amount","order_line.ol_w_id","order_line.ol_d_id","order_line.ol_o_id"],"Hash Cond":"(mod((stock.s_w_id * stock.s_i_id), 10000) = supplier.su_suppkey)","Shared Hit Blocks":368222,"Shared Read Blocks":0,"Shared Dirtied Blocks":0,"Shared Written Blocks":0,"Local Hit Blocks":0,"Local Read Blocks":0,"Local Dirtied Blocks":0,"Local Written Blocks":0,"Temp Read Blocks":79026,"Temp Written Blocks":79026,"I/O Read Time":0.0,"I/O Write Time":0.0,"Temp I/O Read Time":126.491,"Temp I/O Write Time":361.925,"Plans":[{"Node Type":"Hash Join","Parent Relationship":"Outer","Parallel Aware":false,"Async Capable":false,"Join Type":"Inner","Startup Cost":448757.29,"Total Cost":1420694.79,"Plan Rows":8369638,"Plan Width":22,"Actual Startup Time":2094.962,"Actual Total Time":9268.878,"Actual Rows":8570498,"Actual Loops":1,"Output":["stock.s_w_id","stock.s_i_id","order_line.ol_amount","order_line.ol_w_id","order_line.ol_d_id","order_line.ol_o_id"],"Hash Cond":"((order_line.ol_supply_w_id = stock.s_w_id) AND (order_line.ol_i_id = stock.s_i_id))","Shared Hit Blocks":368222,"Shared Read Blocks":0,"Shared Dirtied Blocks":0,"Shared Written Blocks":0,"Local Hit Blocks":0,"Local Read Blocks":0,"Local Dirtied Blocks":0,"Local Written Blocks":0,"Temp Read Blocks":79026,"Temp Written Blocks":79026,"I/O Read Time":0.0,"I/O Write Time":0.0,"Temp I/O Read Time":126.491,"Temp I/O Write Time":361.925,"Plans":[{"Node Type":"Seq Scan","Parent Relationship":"Outer","Parallel Aware":false,"Async Capable":false,"Relation Name":"order_line","Schema":"public","Alias":"order_line","Startup Cost":0.0,"Total Cost":790850.88,"Plan Rows":8369638,"Plan Width":22,"Actual Startup Time":13.13,"Actual Total Time":2821.391,"Actual Rows":8570498,"Actual Loops":1,"Output":["order_line.ol_amount","order_line.ol_supply_w_id","order_line.ol_i_id","order_line.ol_w_id","order_line.ol_d_id","order_line.ol_o_id"],"Filter":"((order_line.ol_delivery_d >= '1995-01-02 20:10:02.27764'::timestamp without time zone) AND (order_line.ol_delivery_d <= '1997-01-01 20:10:02.27764'::timestamp without time zone))","Rows Removed by Filter":21427234,"Shared Hit Blocks":340884,"Shared Read Blocks":0,"Shared Dirtied Blocks":0,"Shared Written Blocks":0,"Local Hit Blocks":0,"Local Read Blocks":0,"Local Dirtied Blocks":0,"Local Written Blocks":0,"Temp Read Blocks":0,"Temp Written Blocks":0,"I/O Read Time":0.0,"I/O Write Time":0.0,"Temp I/O Read Time":0.0,"Temp I/O Write Time":0.0},{"Node Type":"Hash","Parent Relationship":"Inner","Parallel Aware":false,"Async Capable":false,"Startup Cost":259690.86,"Total Cost":259690.86,"Plan Rows":10000162,"Plan Width":6,"Actual Startup Time":2080.532,"Actual Total Time":2080.534,"Actual Rows":10000000,"Actual Loops":1,"Output":["stock.s_w_id","stock.s_i_id"],"Hash Buckets":262144,"Original Hash Buckets":262144,"Hash Batches":64,"Original Hash Batches":64,"Peak Memory Usage":8133,"Shared Hit Blocks":27338,"Shared Read Blocks":0,"Shared Dirtied Blocks":0,"Shared Written Blocks":0,"Local Hit Blocks":0,"Local Read Blocks":0,"Local Dirtied Blocks":0,"Local Written Blocks":0,"Temp Read Blocks":0,"Temp Written Blocks":33616,"I/O Read Time":0.0,"I/O Write Time":0.0,"Temp I/O Read Time":0.0,"Temp I/O Write Time":150.221,"Plans":[{"Node Type":"Index Only Scan","Parent Relationship":"Outer","Parallel Aware":false,"Async Capable":false,"Scan Direction":"Forward","Index Name":"stock_pk","Relation Name":"stock","Schema":"public","Alias":"stock","Startup Cost":0.43,"Total Cost":259690.86,"Plan Rows":10000162,"Plan Width":6,"Actual Startup Time":0.033,"Actual Total Time":717.965,"Actual Rows":10000000,"Actual Loops":1,"Output":["stock.s_w_id","stock.s_i_id"],"Heap Fetches":0,"Shared Hit Blocks":27338,"Shared Read Blocks":0,"Shared Dirtied Blocks":0,"Shared Written Blocks":0,"Local Hit Blocks":0,"Local Read Blocks":0,"Local Dirtied Blocks":0,"Local Written Blocks":0,"Temp Read Blocks":0,"Temp Written Blocks":0,"I/O Read Time":0.0,"I/O Write Time":0.0,"Temp I/O Read Time":0.0,"Temp I/O Write Time":0.0}]}]},{"Node Type":"Hash","Parent Relationship":"Inner","Parallel Aware":false,"Async Capable":false,"Startup Cost":219.01,"Total Cost":219.01,"Plan Rows":10001,"Plan Width":8,"Actual Startup Time":3.002,"Actual Total Time":3.005,"Actual Rows":10000,"Actual Loops":1,"Output":["supplier.su_nationkey","supplier.su_suppkey"],"Hash Buckets":16384,"Original Hash Buckets":16384,"Hash Batches":1,"Original Hash Batches":1,"Peak Memory Usage":519,"Shared Hit Blocks":0,"Shared Read Blocks":0,"Shared Dirtied Blocks":0,"Shared Written Blocks":0,"Local Hit Blocks":0,"Local Read Blocks":0,"Local Dirtied Blocks":0,"Local Written Blocks":0,"Temp Read Blocks":0,"Temp Written Blocks":0,"I/O Read Time":0.0,"I/O Write Time":0.0,"Temp I/O Read Time":0.0,"Temp I/O Write Time":0.0,"Plans":[{"Node Type":"Append","Parent Relationship":"Outer","Parallel Aware":false,"Async Capable":false,"Startup Cost":20.0,"Total Cost":219.01,"Plan Rows":10001,"Plan Width":8,"Actual Startup Time":0.029,"Actual Total Time":1.784,"Actual Rows":10000,"Actual Loops":1,"Shared Hit Blocks":0,"Shared Read Blocks":0,"Shared Dirtied Blocks":0,"Shared Written Blocks":0,"Local Hit Blocks":0,"Local Read Blocks":0,"Local Dirtied Blocks":0,"Local Written Blocks":0,"Temp Read Blocks":0,"Temp Written Blocks":0,"I/O Read Time":0.0,"I/O Write Time":0.0,"Temp I/O Read Time":0.0,"Temp I/O Write Time":0.0,"Subplans Removed":0,"Plans":[{"Node Type":"Custom Scan","Parent Relationship":"Member","Custom Plan Provider":"columnar scan","Parallel Aware":false,"Async Capable":false,"Relation Name":"supplier","Schema":"public","Alias":"supplier","Startup Cost":20.0,"Total Cost":215.0,"Plan Rows":10000,"Plan Width":8,"Actual Startup Time":0.027,"Actual Total Time":1.081,"Actual Rows":10000,"Actual Loops":1,"Output":["supplier.su_nationkey","supplier.su_suppkey"],"Rows Removed by Columnar Filter":0,"Columnar cache search mode":"native","Shared Hit Blocks":0,"Shared Read Blocks":0,"Shared Dirtied Blocks":0,"Shared Written Blocks":0,"Local Hit Blocks":0,"Local Read Blocks":0,"Local Dirtied Blocks":0,"Local Written Blocks":0,"Temp Read Blocks":0,"Temp Written Blocks":0,"I/O Read Time":0.0,"I/O Write Time":0.0,"Temp I/O Read Time":0.0,"Temp I/O Write Time":0.0},{"Node Type":"Seq Scan","Parent Relationship":"Member","Parallel Aware":false,"Async Capable":false,"Relation Name":"supplier","Schema":"public","Alias":"supplier","Startup Cost":0.0,"Total Cost":4.01,"Plan Rows":1,"Plan Width":8,"Actual Startup Time":0.0,"Actual Total Time":0.0,"Actual Rows":0,"Actual Loops":0,"Output":["supplier.su_nationkey","supplier.su_suppkey"],"Shared Hit Blocks":0,"Shared Read Blocks":0,"Shared Dirtied Blocks":0,"Shared Written Blocks":0,"Local Hit Blocks":0,"Local Read Blocks":0,"Local Dirtied Blocks":0,"Local Written Blocks":0,"Temp Read Blocks":0,"Temp Written Blocks":0,"I/O Read Time":0.0,"I/O Write Time":0.0,"Temp I/O Read Time":0.0,"Temp I/O Write Time":0.0}]}]}]},{"Node Type":"Hash","Parent Relationship":"Inner","Parallel Aware":false,"Async Capable":false,"Startup Cost":1.93,"Total Cost":1.93,"Plan Rows":2,"Plan Width":12,"Actual Startup Time":0.033,"Actual Total Time":0.034,"Actual Rows":2,"Actual Loops":1,"Output":["n1.n_nationkey","n1.n_name"],"Hash Buckets":1024,"Original Hash Buckets":1024,"Hash Batches":1,"Original Hash Batches":1,"Peak Memory Usage":9,"Shared Hit Blocks":1,"Shared Read Blocks":0,"Shared Dirtied Blocks":0,"Shared Written Blocks":0,"Local Hit Blocks":0,"Local Read Blocks":0,"Local Dirtied Blocks":0,"Local Written Blocks":0,"Temp Read Blocks":0,"Temp Written Blocks":0,"I/O Read Time":0.0,"I/O Write Time":0.0,"Temp I/O Read Time":0.0,"Temp I/O Write Time":0.0,"Plans":[{"Node Type":"Seq Scan","Parent Relationship":"Outer","Parallel Aware":false,"Async Capable":false,"Relation Name":"nation","Schema":"public","Alias":"n1","Startup Cost":0.0,"Total Cost":1.93,"Plan Rows":2,"Plan Width":12,"Actual Startup Time":0.024,"Actual Total Time":0.028,"Actual Rows":2,"Actual Loops":1,"Output":["n1.n_nationkey","n1.n_name"],"Filter":"(((n1.n_name)::text = 'Germany'::text) OR ((n1.n_name)::text = 'Cambodia'::text))","Rows Removed by Filter":60,"Shared Hit Blocks":1,"Shared Read Blocks":0,"Shared Dirtied Blocks":0,"Shared Written Blocks":0,"Local Hit Blocks":0,"Local Read Blocks":0,"Local Dirtied Blocks":0,"Local Written Blocks":0,"Temp Read Blocks":0,"Temp Written Blocks":0,"I/O Read Time":0.0,"I/O Write Time":0.0,"Temp I/O Read Time":0.0,"Temp I/O Write Time":0.0}]}]},{"Node Type":"Hash","Parent Relationship":"Inner","Parallel Aware":false,"Async Capable":false,"Startup Cost":59559.0,"Total Cost":59559.0,"Plan Rows":2998176,"Plan Width":24,"Actual Startup Time":899.795,"Actual Total Time":899.796,"Actual Rows":2997892,"Actual Loops":1,"Output":["orders.o_entry_d","orders.o_w_id","orders.o_d_id","orders.o_id","orders.o_c_id"],"Hash Buckets":131072,"Original Hash Buckets":131072,"Hash Batches":32,"Original Hash Batches":32,"Peak Memory Usage":6539,"Shared Hit Blocks":22059,"Shared Read Blocks":0,"Shared Dirtied Blocks":0,"Shared Written Blocks":0,"Local Hit Blocks":0,"Local Read Blocks":0,"Local Dirtied Blocks":0,"Local Written Blocks":0,"Temp Read Blocks":0,"Temp Written Blocks":16995,"I/O Read Time":0.0,"I/O Write Time":0.0,"Temp I/O Read Time":0.0,"Temp I/O Write Time":72.331,"Plans":[{"Node Type":"Seq Scan","Parent Relationship":"Outer","Parallel Aware":false,"Async Capable":false,"Relation Name":"orders","Schema":"public","Alias":"orders","Startup Cost":0.0,"Total Cost":59559.0,"Plan Rows":2998176,"Plan Width":24,"Actual Startup Time":0.013,"Actual Total Time":366.268,"Actual Rows":2997892,"Actual Loops":1,"Output":["orders.o_entry_d","orders.o_w_id","orders.o_d_id","orders.o_id","orders.o_c_id"],"Filter":"(orders.o_entry_d >= '1992-01-02 20:10:02.27764'::timestamp without time zone)","Rows Removed by Filter":2108,"Shared Hit Blocks":22059,"Shared Read Blocks":0,"Shared Dirtied Blocks":0,"Shared Written Blocks":0,"Local Hit Blocks":0,"Local Read Blocks":0,"Local Dirtied Blocks":0,"Local Written Blocks":0,"Temp Read Blocks":0,"Temp Written Blocks":0,"I/O Read Time":0.0,"I/O Write Time":0.0,"Temp I/O Read Time":0.0,"Temp I/O Write Time":0.0}]}]}]},{"Node Type":"Materialize","Parent Relationship":"Inner","Parallel Aware":false,"Async Capable":false,"Startup Cost":22714.58,"Total Cost":23198.41,"Plan Rows":96766,"Plan Width":20,"Actual Startup Time":114.156,"Actual Total Time":146.96,"Actual Rows":146547,"Actual Loops":1,"Output":["customer.c_nationkey","customer.c_id","customer.c_w_id","customer.c_d_id","n2.n_name"],"Shared Hit Blocks":0,"Shared Read Blocks":0,"Shared Dirtied Blocks":0,"Shared Written Blocks":0,"Local Hit Blocks":0,"Local Read Blocks":0,"Local Dirtied Blocks":0,"Local Written Blocks":0,"Temp Read Blocks":545,"Temp Written Blocks":548,"I/O Read Time":0.0,"I/O Write Time":0.0,"Temp I/O Read Time":0.695,"Temp I/O Write Time":2.082,"Plans":[{"Node Type":"Sort","Parent Relationship":"Outer","Parallel Aware":false,"Async Capable":false,"Startup Cost":22714.58,"Total Cost":22956.49,"Plan Rows":96766,"Plan Width":20,"Actual Startup Time":114.15,"Actual Total Time":131.203,"Actual Rows":144982,"Actual Loops":1,"Output":["customer.c_nationkey","customer.c_id","customer.c_w_id","customer.c_d_id","n2.n_name"],"Sort Key":["customer.c_id","customer.c_w_id","customer.c_d_id"],"Sort Method":"external merge","Sort Space Used":4360,"Sort Space Type":"Disk","Shared Hit Blocks":0,"Shared Read Blocks":0,"Shared Dirtied Blocks":0,"Shared Written Blocks":0,"Local Hit Blocks":0,"Local Read Blocks":0,"Local Dirtied Blocks":0,"Local Written Blocks":0,"Temp Read Blocks":545,"Temp Written Blocks":548,"I/O Read Time":0.0,"I/O Write Time":0.0,"Temp I/O Read Time":0.695,"Temp I/O Write Time":2.082,"Plans":[{"Node Type":"Hash Join","Parent Relationship":"Outer","Parallel Aware":false,"Async Capable":false,"Join Type":"Inner","Startup Cost":44.04,"Total Cost":12716.78,"Plan Rows":96766,"Plan Width":20,"Actual Startup Time":26.059,"Actual Total Time":65.85,"Actual Rows":144986,"Actual Loops":1,"Output":["customer.c_nationkey","customer.c_id","customer.c_w_id","customer.c_d_id","n2.n_name"],"Hash Cond":"(customer.c_nationkey = n2.n_nationkey)","Rows Removed by Bloom Filter":6506642,"Shared Hit Blocks":0,"Shared Read Blocks":0,"Shared Dirtied Blocks":0,"Shared Written Blocks":0,"Local Hit Blocks":0,"Local Read Blocks":0,"Local Dirtied Blocks":0,"Local Written Blocks":0,"Temp Read Blocks":0,"Temp Written Blocks":0,"I/O Read Time":0.0,"I/O Write Time":0.0,"Temp I/O Read Time":0.0,"Temp I/O Write Time":0.0,"Plans":[{"Node Type":"Append","Parent Relationship":"Outer","Parallel Aware":false,"Async Capable":false,"Startup Cost":20.0,"Total Cost":70517.88,"Plan Rows":2999739,"Plan Width":12,"Actual Startup Time":0.147,"Actual Total Time":0.148,"Actual Rows":3000000,"Actual Loops":1,"Shared Hit Blocks":0,"Shared Read Blocks":0,"Shared Dirtied Blocks":0,"Shared Written Blocks":0,"Local Hit Blocks":0,"Local Read Blocks":0,"Local Dirtied Blocks":0,"Local Written Blocks":0,"Temp Read Blocks":0,"Temp Written Blocks":0,"I/O Read Time":0.0,"I/O Write Time":0.0,"Temp I/O Read Time":0.0,"Temp I/O Write Time":0.0,"Subplans Removed":0,"Plans":[{"Node Type":"Custom Scan","Parent Relationship":"Member","Custom Plan Provider":"columnar scan","Parallel Aware":false,"Async Capable":false,"Relation Name":"customer","Schema":"public","Alias":"customer","Startup Cost":20.0,"Total Cost":70513.87,"Plan Rows":2999738,"Plan Width":12,"Actual Startup Time":0.147,"Actual Total Time":0.147,"Actual Rows":3000000,"Actual Loops":1,"Output":["customer.c_nationkey","customer.c_id","customer.c_w_id","customer.c_d_id"],"Rows Removed by Columnar Filter":0,"Columnar cache search mode":"native","Shared Hit Blocks":0,"Shared Read Blocks":0,"Shared Dirtied Blocks":0,"Shared Written Blocks":0,"Local Hit Blocks":0,"Local Read Blocks":0,"Local Dirtied Blocks":0,"Local Written Blocks":0,"Temp Read Blocks":0,"Temp Written Blocks":0,"I/O Read Time":0.0,"I/O Write Time":0.0,"Temp I/O Read Time":0.0,"Temp I/O Write Time":0.0},{"Node Type":"Seq Scan","Parent Relationship":"Member","Parallel Aware":false,"Async Capable":false,"Relation Name":"customer","Schema":"public","Alias":"customer","Startup Cost":0.0,"Total Cost":4.01,"Plan Rows":1,"Plan Width":12,"Actual Startup Time":0.0,"Actual Total Time":0.0,"Actual Rows":0,"Actual Loops":0,"Output":["customer.c_nationkey","customer.c_id","customer.c_w_id","customer.c_d_id"],"Shared Hit Blocks":0,"Shared Read Blocks":0,"Shared Dirtied Blocks":0,"Shared Written Blocks":0,"Local Hit Blocks":0,"Local Read Blocks":0,"Local Dirtied Blocks":0,"Local Written Blocks":0,"Temp Read Blocks":0,"Temp Written Blocks":0,"I/O Read Time":0.0,"I/O Write Time":0.0,"Temp I/O Read Time":0.0,"Temp I/O Write Time":0.0}]},{"Node Type":"Hash","Parent Relationship":"Inner","Parallel Aware":false,"Async Capable":false,"Startup Cost":24.07,"Total Cost":24.07,"Plan Rows":3,"Plan Width":12,"Actual Rows":2,"Actual Loops":1,"Output":["n2.n_nationkey","n2.n_name"],"Shared Hit Blocks":0,"Shared Read Blocks":0,"Shared Dirtied Blocks":0,"Shared Written Blocks":0,"Local Hit Blocks":0,"Local Read Blocks":0,"Local Dirtied Blocks":0,"Local Written Blocks":0,"Temp Read Blocks":0,"Temp Written Blocks":0,"I/O Read Time":0.0,"I/O Write Time":0.0,"Temp I/O Read Time":0.0,"Temp I/O Write Time":0.0,"Plans":[{"Node Type":"Append","Parent Relationship":"Outer","Parallel Aware":false,"Async Capable":false,"Startup Cost":20.0,"Total Cost":24.07,"Plan Rows":3,"Plan Width":12,"Actual Startup Time":0.094,"Actual Total Time":0.095,"Actual Rows":2,"Actual Loops":1,"Shared Hit Blocks":0,"Shared Read Blocks":0,"Shared Dirtied Blocks":0,"Shared Written Blocks":0,"Local Hit Blocks":0,"Local Read Blocks":0,"Local Dirtied Blocks":0,"Local Written Blocks":0,"Temp Read Blocks":0,"Temp Written Blocks":0,"I/O Read Time":0.0,"I/O Write Time":0.0,"Temp I/O Read Time":0.0,"Temp I/O Write Time":0.0,"Subplans Removed":0,"Plans":[{"Node Type":"Custom Scan","Parent Relationship":"Member","Custom Plan Provider":"columnar scan","Parallel Aware":false,"Async Capable":false,"Relation Name":"nation","Schema":"public","Alias":"n2","Startup Cost":20.0,"Total Cost":20.05,"Plan Rows":2,"Plan Width":12,"Actual Startup Time":0.091,"Actual Total Time":0.091,"Actual Rows":2,"Actual Loops":1,"Output":["n2.n_nationkey","n2.n_name"],"Filter":"(((n2.n_name)::text = 'Cambodia'::text) OR ((n2.n_name)::text = 'Germany'::text))","Rows Removed by Filter":0,"Rows Removed by Columnar Filter":60,"Columnar cache search mode":"native","Shared Hit Blocks":0,"Shared Read Blocks":0,"Shared Dirtied Blocks":0,"Shared Written Blocks":0,"Local Hit Blocks":0,"Local Read Blocks":0,"Local Dirtied Blocks":0,"Local Written Blocks":0,"Temp Read Blocks":0,"Temp Written Blocks":0,"I/O Read Time":0.0,"I/O Write Time":0.0,"Temp I/O Read Time":0.0,"Temp I/O Write Time":0.0},{"Node Type":"Seq Scan","Parent Relationship":"Member","Parallel Aware":false,"Async Capable":false,"Relation Name":"nation","Schema":"public","Alias":"n2","Startup Cost":0.0,"Total Cost":4.01,"Plan Rows":1,"Plan Width":12,"Actual Startup Time":0.0,"Actual Total Time":0.0,"Actual Rows":0,"Actual Loops":0,"Output":["n2.n_nationkey","n2.n_name"],"Filter":"(((n2.n_name)::text = 'Cambodia'::text) OR ((n2.n_name)::text = 'Germany'::text))","Rows Removed by Filter":0,"Shared Hit Blocks":0,"Shared Read Blocks":0,"Shared Dirtied Blocks":0,"Shared Written Blocks":0,"Local Hit Blocks":0,"Local Read Blocks":0,"Local Dirtied Blocks":0,"Local Written Blocks":0,"Temp Read Blocks":0,"Temp Written Blocks":0,"I/O Read Time":0.0,"I/O Write Time":0.0,"Temp I/O Read Time":0.0,"Temp I/O Write Time":0.0}]}]}]}]}]}]}]}]},"Planning":{"Shared Hit Blocks":12,"Shared Read Blocks":0,"Shared Dirtied Blocks":0,"Shared Written Blocks":0,"Local Hit Blocks":0,"Local Read Blocks":0,"Local Dirtied Blocks":0,"Local Written Blocks":0,"Temp Read Blocks":0,"Temp Written Blocks":0,"I/O Read Time":0.0,"I/O Write Time":0.0,"Temp I/O Read Time":0.0,"Temp I/O Write Time":0.0},"Planning Time":3.229,"Triggers":[],"Execution Time":13186.956}]
[列存组合]: customer, order_line, orders, stock
[{"Plan":{"Node Type":"Aggregate","Strategy":"Sorted","Partial Mode":"Simple","Parallel Aware":false,"Async Capable":false,"Startup Cost":722115.48,"Total Cost":722237.09,"Plan Rows":4422,"Plan Width":72,"Actual Startup Time":5964.209,"Actual Total Time":5966.194,"Actual Rows":6,"Actual Loops":1,"Output":["supplier.su_nationkey","customer.c_nationkey","(EXTRACT(year FROM orders.o_entry_d))","sum(order_line.ol_amount)"],"Group Key":["supplier.su_nationkey","customer.c_nationkey","(EXTRACT(year FROM orders.o_entry_d))"],"Shared Hit Blocks":219,"Shared Read Blocks":0,"Shared Dirtied Blocks":0,"Shared Written Blocks":0,"Local Hit Blocks":0,"Local Read Blocks":0,"Local Dirtied Blocks":0,"Local Written Blocks":0,"Temp Read Blocks":0,"Temp Written Blocks":0,"I/O Read Time":0.0,"I/O Write Time":0.0,"Temp I/O Read Time":0.0,"Temp I/O Write Time":0.0,"Plans":[{"Node Type":"Sort","Parent Relationship":"Outer","Parallel Aware":false,"Async Capable":false,"Startup Cost":722115.48,"Total Cost":722126.54,"Plan Rows":4422,"Plan Width":44,"Actual Startup Time":5964.121,"Actual Total Time":5964.521,"Actual Rows":6043,"Actual Loops":1,"Output":["supplier.su_nationkey","customer.c_nationkey","(EXTRACT(year FROM orders.o_entry_d))","order_line.ol_amount"],"Sort Key":["supplier.su_nationkey","customer.c_nationkey","(EXTRACT(year FROM orders.o_entry_d))"],"Sort Method":"quicksort","Sort Space Used":523,"Sort Space Type":"Memory","Shared Hit Blocks":219,"Shared Read Blocks":0,"Shared Dirtied Blocks":0,"Shared Written Blocks":0,"Local Hit Blocks":0,"Local Read Blocks":0,"Local Dirtied Blocks":0,"Local Written Blocks":0,"Temp Read Blocks":0,"Temp Written Blocks":0,"I/O Read Time":0.0,"I/O Write Time":0.0,"Temp I/O Read Time":0.0,"Temp I/O Write Time":0.0,"Plans":[{"Node Type":"Hash Join","Parent Relationship":"Outer","Parallel Aware":false,"Async Capable":false,"Join Type":"Inner","Startup Cost":50297.7,"Total Cost":721847.72,"Plan Rows":4422,"Plan Width":44,"Actual Startup Time":788.305,"Actual Total Time":5959.926,"Actual Rows":6043,"Actual Loops":1,"Output":["supplier.su_nationkey","customer.c_nationkey","EXTRACT(year FROM orders.o_entry_d)","order_line.ol_amount"],"Hash Cond":"(supplier.su_nationkey = n1.n_nationkey)","Join Filter":"((((n1.n_name)::text = 'Germany'::text) AND ((n2.n_name)::text = 'Cambodia'::text)) OR (((n1.n_name)::text = 'Cambodia'::text) AND ((n2.n_name)::text = 'Germany'::text)))","Rows Removed by Join Filter":5752,"Shared Hit Blocks":219,"Shared Read Blocks":0,"Shared Dirtied Blocks":0,"Shared Written Blocks":0,"Local Hit Blocks":0,"Local Read Blocks":0,"Local Dirtied Blocks":0,"Local Written Blocks":0,"Temp Read Blocks":0,"Temp Written Blocks":0,"I/O Read Time":0.0,"I/O Write Time":0.0,"Temp I/O Read Time":0.0,"Temp I/O Write Time":0.0,"Plans":[{"Node Type":"Hash Join","Parent Relationship":"Outer","Parallel Aware":false,"Async Capable":false,"Join Type":"Inner","Startup Cost":50295.75,"Total Cost":721126.38,"Plan Rows":269824,"Plan Width":28,"Actual Startup Time":787.737,"Actual Total Time":5893.34,"Actual Rows":414592,"Actual Loops":1,"Output":["supplier.su_nationkey","order_line.ol_amount","orders.o_entry_d","customer.c_nationkey","n2.n_name"],"Hash Cond":"(mod((stock.s_w_id * stock.s_i_id), 10000) = supplier.su_suppkey)","Shared Hit Blocks":218,"Shared Read Blocks":0,"Shared Dirtied Blocks":0,"Shared Written Blocks":0,"Local Hit Blocks":0,"Local Read Blocks":0,"Local Dirtied Blocks":0,"Local Written Blocks":0,"Temp Read Blocks":0,"Temp Written Blocks":0,"I/O Read Time":0.0,"I/O Write Time":0.0,"Temp I/O Read Time":0.0,"Temp I/O Write Time":0.0,"Plans":[{"Node Type":"Hash Join","Parent Relationship":"Outer","Parallel Aware":false,"Async Capable":false,"Join Type":"Inner","Startup Cost":49853.75,"Total Cost":719908.27,"Plan Rows":269824,"Plan Width":30,"Actual Startup Time":785.206,"Actual Total Time":5700.118,"Actual Rows":414592,"Actual Loops":1,"Output":["stock.s_w_id","stock.s_i_id","order_line.ol_amount","orders.o_entry_d","customer.c_nationkey","n2.n_name"],"Hash Cond":"(customer.c_nationkey = n2.n_nationkey)","Shared Hit Blocks":1,"Shared Read Blocks":0,"Shared Dirtied Blocks":0,"Shared Written Blocks":0,"Local Hit Blocks":0,"Local Read Blocks":0,"Local Dirtied Blocks":0,"Local Written Blocks":0,"Temp Read Blocks":0,"Temp Written Blocks":0,"I/O Read Time":0.0,"I/O Write Time":0.0,"Temp I/O Read Time":0.0,"Temp I/O Write Time":0.0,"Plans":[{"Node Type":"Hash Join","Parent Relationship":"Outer","Parallel Aware":false,"Async Capable":false,"Join Type":"Inner","Startup Cost":49851.79,"Total Cost":696448.48,"Plan Rows":8364549,"Plan Width":22,"Actual Startup Time":785.164,"Actual Total Time":4484.267,"Actual Rows":8570498,"Actual Loops":1,"Output":["stock.s_w_id","stock.s_i_id","order_line.ol_amount","orders.o_entry_d","customer.c_nationkey"],"Hash Cond":"((order_line.ol_w_id = customer.c_w_id) AND (order_line.ol_d_id = customer.c_d_id) AND (orders.o_c_id = customer.c_id))","Rows Removed by Bloom Filter":0,"Shared Hit Blocks":0,"Shared Read Blocks":0,"Shared Dirtied Blocks":0,"Shared Written Blocks":0,"Local Hit Blocks":0,"Local Read Blocks":0,"Local Dirtied Blocks":0,"Local Written Blocks":0,"Temp Read Blocks":0,"Temp Written Blocks":0,"I/O Read Time":0.0,"I/O Write Time":0.0,"Temp I/O Read Time":0.0,"Temp I/O Write Time":0.0,"Plans":[{"Node Type":"Hash Join","Parent Relationship":"Outer","Parallel Aware":false,"Async Capable":false,"Join Type":"Inner","Startup Cost":39594.74,"Total Cost":591406.12,"Plan Rows":8364549,"Plan Width":30,"Actual Startup Time":14.138,"Actual Total Time":14.146,"Actual Rows":0,"Actual Loops":1,"Output":["stock.s_w_id","stock.s_i_id","order_line.ol_amount","order_line.ol_w_id","order_line.ol_d_id","orders.o_entry_d","orders.o_w_id","orders.o_d_id","orders.o_c_id"],"Hash Cond":"((order_line.ol_supply_w_id = stock.s_w_id) AND (order_line.ol_i_id = stock.s_i_id))","Rows Removed by Bloom Filter":0,"Shared Hit Blocks":0,"Shared Read Blocks":0,"Shared Dirtied Blocks":0,"Shared Written Blocks":0,"Local Hit Blocks":0,"Local Read Blocks":0,"Local Dirtied Blocks":0,"Local Written Blocks":0,"Temp Read Blocks":0,"Temp Written Blocks":0,"I/O Read Time":0.0,"I/O Write Time":0.0,"Temp I/O Read Time":0.0,"Temp I/O Write Time":0.0,"Plans":[{"Node Type":"Hash Join","Parent Relationship":"Outer","Parallel Aware":false,"Async Capable":false,"Join Type":"Inner","Startup Cost":10291.72,"Total Cost":260799.24,"Plan Rows":8364549,"Plan Width":30,"Actual Startup Time":13.88,"Actual Total Time":13.886,"Actual Rows":0,"Actual Loops":1,"Output":["order_line.ol_amount","order_line.ol_supply_w_id","order_line.ol_i_id","order_line.ol_w_id","order_line.ol_d_id","orders.o_entry_d","orders.o_w_id","orders.o_d_id","orders.o_c_id"],"Hash Cond":"((order_line.ol_w_id = orders.o_w_id) AND (order_line.ol_d_id = orders.o_d_id) AND (order_line.ol_o_id = orders.o_id))","Rows Removed by Bloom Filter":0,"Shared Hit Blocks":0,"Shared Read Blocks":0,"Shared Dirtied Blocks":0,"Shared Written Blocks":0,"Local Hit Blocks":0,"Local Read Blocks":0,"Local Dirtied Blocks":0,"Local Written Blocks":0,"Temp Read Blocks":0,"Temp Written Blocks":0,"I/O Read Time":0.0,"I/O Write Time":0.0,"Temp I/O Read Time":0.0,"Temp I/O Write Time":0.0,"Plans":[{"Node Type":"Append","Parent Relationship":"Outer","Parallel Aware":false,"Async Capable":false,"Startup Cost":20.0,"Total Cost":230190.58,"Plan Rows":8369638,"Plan Width":22,"Actual Startup Time":12.224,"Actual Total Time":12.227,"Actual Rows":8570498,"Actual Loops":1,"Shared Hit Blocks":0,"Shared Read Blocks":0,"Shared Dirtied Blocks":0,"Shared Written Blocks":0,"Local Hit Blocks":0,"Local Read Blocks":0,"Local Dirtied Blocks":0,"Local Written Blocks":0,"Temp Read Blocks":0,"Temp Written Blocks":0,"I/O Read Time":0.0,"I/O Write Time":0.0,"Temp I/O Read Time":0.0,"Temp I/O Write Time":0.0,"Subplans Removed":0,"Plans":[{"Node Type":"Custom Scan","Parent Relationship":"Member","Custom Plan Provider":"columnar scan","Parallel Aware":false,"Async Capable":false,"Relation Name":"order_line","Schema":"public","Alias":"order_line","Startup Cost":20.0,"Total Cost":230185.68,"Plan Rows":8369621,"Plan Width":22,"Actual Startup Time":12.223,"Actual Total Time":12.224,"Actual Rows":8570498,"Actual Loops":1,"Output":["order_line.ol_amount","order_line.ol_supply_w_id","order_line.ol_i_id","order_line.ol_w_id","order_line.ol_d_id","order_line.ol_o_id"],"Filter":"((order_line.ol_delivery_d <= '1997-01-01 20:10:02.27764'::timestamp without time zone) AND (order_line.ol_delivery_d >= '1995-01-02 20:10:02.27764'::timestamp without time zone))","Rows Removed by Filter":0,"Rows Removed by Columnar Filter":21427234,"Columnar cache search mode":"native","Shared Hit Blocks":0,"Shared Read Blocks":0,"Shared Dirtied Blocks":0,"Shared Written Blocks":0,"Local Hit Blocks":0,"Local Read Blocks":0,"Local Dirtied Blocks":0,"Local Written Blocks":0,"Temp Read Blocks":0,"Temp Written Blocks":0,"I/O Read Time":0.0,"I/O Write Time":0.0,"Temp I/O Read Time":0.0,"Temp I/O Write Time":0.0},{"Node Type":"Seq Scan","Parent Relationship":"Member","Parallel Aware":false,"Async Capable":false,"Relation Name":"order_line","Schema":"public","Alias":"order_line","Startup Cost":0.0,"Total Cost":4.9,"Plan Rows":17,"Plan Width":22,"Actual Startup Time":0.0,"Actual Total Time":0.0,"Actual Rows":0,"Actual Loops":0,"Output":["order_line.ol_amount","order_line.ol_supply_w_id","order_line.ol_i_id","order_line.ol_w_id","order_line.ol_d_id","order_line.ol_o_id"],"Filter":"((order_line.ol_delivery_d <= '1997-01-01 20:10:02.27764'::timestamp without time zone) AND (order_line.ol_delivery_d >= '1995-01-02 20:10:02.27764'::timestamp without time zone))","Rows Removed by Filter":0,"Shared Hit Blocks":0,"Shared Read Blocks":0,"Shared Dirtied Blocks":0,"Shared Written Blocks":0,"Local Hit Blocks":0,"Local Read Blocks":0,"Local Dirtied Blocks":0,"Local Written Blocks":0,"Temp Read Blocks":0,"Temp Written Blocks":0,"I/O Read Time":0.0,"I/O Write Time":0.0,"Temp I/O Read Time":0.0,"Temp I/O Write Time":0.0}]},{"Node Type":"Hash","Parent Relationship":"Inner","Parallel Aware":false,"Async Capable":false,"Startup Cost":76477.53,"Total Cost":76477.53,"Plan Rows":2998177,"Plan Width":24,"Actual Rows":2997892,"Actual Loops":1,"Output":["orders.o_entry_d","orders.o_w_id","orders.o_d_id","orders.o_id","orders.o_c_id"],"Shared Hit Blocks":0,"Shared Read Blocks":0,"Shared Dirtied Blocks":0,"Shared Written Blocks":0,"Local Hit Blocks":0,"Local Read Blocks":0,"Local Dirtied Blocks":0,"Local Written Blocks":0,"Temp Read Blocks":0,"Temp Written Blocks":0,"I/O Read Time":0.0,"I/O Write Time":0.0,"Temp I/O Read Time":0.0,"Temp I/O Write Time":0.0,"Plans":[{"Node Type":"Append","Parent Relationship":"Outer","Parallel Aware":false,"Async Capable":false,"Startup Cost":20.0,"Total Cost":76477.53,"Plan Rows":2998177,"Plan Width":24,"Actual Startup Time":1.583,"Actual Total Time":1.584,"Actual Rows":2997892,"Actual Loops":1,"Shared Hit Blocks":0,"Shared Read Blocks":0,"Shared Dirtied Blocks":0,"Shared Written Blocks":0,"Local Hit Blocks":0,"Local Read Blocks":0,"Local Dirtied Blocks":0,"Local Written Blocks":0,"Temp Read Blocks":0,"Temp Written Blocks":0,"I/O Read Time":0.0,"I/O Write Time":0.0,"Temp I/O Read Time":0.0,"Temp I/O Write Time":0.0,"Subplans Removed":0,"Plans":[{"Node Type":"Custom Scan","Parent Relationship":"Member","Custom Plan Provider":"columnar scan","Parallel Aware":false,"Async Capable":false,"Relation Name":"orders","Schema":"public","Alias":"orders","Startup Cost":20.0,"Total Cost":76473.52,"Plan Rows":2998176,"Plan Width":24,"Actual Startup Time":1.583,"Actual Total Time":1.583,"Actual Rows":2997892,"Actual Loops":1,"Output":["orders.o_entry_d","orders.o_w_id","orders.o_d_id","orders.o_id","orders.o_c_id"],"Filter":"(orders.o_entry_d >= '1992-01-02 20:10:02.27764'::timestamp without time zone)","Rows Removed by Filter":0,"Rows Removed by Columnar Filter":2108,"Columnar cache search mode":"native","Shared Hit Blocks":0,"Shared Read Blocks":0,"Shared Dirtied Blocks":0,"Shared Written Blocks":0,"Local Hit Blocks":0,"Local Read Blocks":0,"Local Dirtied Blocks":0,"Local Written Blocks":0,"Temp Read Blocks":0,"Temp Written Blocks":0,"I/O Read Time":0.0,"I/O Write Time":0.0,"Temp I/O Read Time":0.0,"Temp I/O Write Time":0.0},{"Node Type":"Seq Scan","Parent Relationship":"Member","Parallel Aware":false,"Async Capable":false,"Relation Name":"orders","Schema":"public","Alias":"orders","Startup Cost":0.0,"Total Cost":4.01,"Plan Rows":1,"Plan Width":24,"Actual Startup Time":0.0,"Actual Total Time":0.0,"Actual Rows":0,"Actual Loops":0,"Output":["orders.o_entry_d","orders.o_w_id","orders.o_d_id","orders.o_id","orders.o_c_id"],"Filter":"(orders.o_entry_d >= '1992-01-02 20:10:02.27764'::timestamp without time zone)","Rows Removed by Filter":0,"Shared Hit Blocks":0,"Shared Read Blocks":0,"Shared Dirtied Blocks":0,"Shared Written Blocks":0,"Local Hit Blocks":0,"Local Read Blocks":0,"Local Dirtied Blocks":0,"Local Written Blocks":0,"Temp Read Blocks":0,"Temp Written Blocks":0,"I/O Read Time":0.0,"I/O Write Time":0.0,"Temp I/O Read Time":0.0,"Temp I/O Write Time":0.0}]}]}]},{"Node Type":"Hash","Parent Relationship":"Inner","Parallel Aware":false,"Async Capable":false,"Startup Cost":195025.67,"Total Cost":195025.67,"Plan Rows":10000162,"Plan Width":6,"Actual Rows":10000000,"Actual Loops":1,"Output":["stock.s_w_id","stock.s_i_id"],"Shared Hit Blocks":0,"Shared Read Blocks":0,"Shared Dirtied Blocks":0,"Shared Written Blocks":0,"Local Hit Blocks":0,"Local Read Blocks":0,"Local Dirtied Blocks":0,"Local Written Blocks":0,"Temp Read Blocks":0,"Temp Written Blocks":0,"I/O Read Time":0.0,"I/O Write Time":0.0,"Temp I/O Read Time":0.0,"Temp I/O Write Time":0.0,"Plans":[{"Node Type":"Append","Parent Relationship":"Outer","Parallel Aware":false,"Async Capable":false,"Startup Cost":20.0,"Total Cost":195025.67,"Plan Rows":10000162,"Plan Width":6,"Actual Startup Time":0.196,"Actual Total Time":0.197,"Actual Rows":10000000,"Actual Loops":1,"Shared Hit Blocks":0,"Shared Read Blocks":0,"Shared Dirtied Blocks":0,"Shared Written Blocks":0,"Local Hit Blocks":0,"Local Read Blocks":0,"Local Dirtied Blocks":0,"Local Written Blocks":0,"Temp Read Blocks":0,"Temp Written Blocks":0,"I/O Read Time":0.0,"I/O Write Time":0.0,"Temp I/O Read Time":0.0,"Temp I/O Write Time":0.0,"Subplans Removed":0,"Plans":[{"Node Type":"Custom Scan","Parent Relationship":"Member","Custom Plan Provider":"columnar scan","Parallel Aware":false,"Async Capable":false,"Relation Name":"stock","Schema":"public","Alias":"stock","Startup Cost":20.0,"Total Cost":195020.05,"Plan Rows":10000000,"Plan Width":6,"Actual Startup Time":0.195,"Actual Total Time":0.195,"Actual Rows":10000000,"Actual Loops":1,"Output":["stock.s_w_id","stock.s_i_id"],"Rows Removed by Columnar Filter":0,"Columnar cache search mode":"native","Shared Hit Blocks":0,"Shared Read Blocks":0,"Shared Dirtied Blocks":0,"Shared Written Blocks":0,"Local Hit Blocks":0,"Local Read Blocks":0,"Local Dirtied Blocks":0,"Local Written Blocks":0,"Temp Read Blocks":0,"Temp Written Blocks":0,"I/O Read Time":0.0,"I/O Write Time":0.0,"Temp I/O Read Time":0.0,"Temp I/O Write Time":0.0},{"Node Type":"Seq Scan","Parent Relationship":"Member","Parallel Aware":false,"Async Capable":false,"Relation Name":"stock","Schema":"public","Alias":"stock","Startup Cost":0.0,"Total Cost":5.62,"Plan Rows":162,"Plan Width":6,"Actual Startup Time":0.0,"Actual Total Time":0.0,"Actual Rows":0,"Actual Loops":0,"Output":["stock.s_w_id","stock.s_i_id"],"Shared Hit Blocks":0,"Shared Read Blocks":0,"Shared Dirtied Blocks":0,"Shared Written Blocks":0,"Local Hit Blocks":0,"Local Read Blocks":0,"Local Dirtied Blocks":0,"Local Written Blocks":0,"Temp Read Blocks":0,"Temp Written Blocks":0,"I/O Read Time":0.0,"I/O Write Time":0.0,"Temp I/O Read Time":0.0,"Temp I/O Write Time":0.0}]}]}]},{"Node Type":"Hash","Parent Relationship":"Inner","Parallel Aware":false,"Async Capable":false,"Startup Cost":70517.88,"Total Cost":70517.88,"Plan Rows":2999739,"Plan Width":12,"Actual Rows":3000000,"Actual Loops":1,"Output":["customer.c_nationkey","customer.c_id","customer.c_w_id","customer.c_d_id"],"Shared Hit Blocks":0,"Shared Read Blocks":0,"Shared Dirtied Blocks":0,"Shared Written Blocks":0,"Local Hit Blocks":0,"Local Read Blocks":0,"Local Dirtied Blocks":0,"Local Written Blocks":0,"Temp Read Blocks":0,"Temp Written Blocks":0,"I/O Read Time":0.0,"I/O Write Time":0.0,"Temp I/O Read Time":0.0,"Temp I/O Write Time":0.0,"Plans":[{"Node Type":"Append","Parent Relationship":"Outer","Parallel Aware":false,"Async Capable":false,"Startup Cost":20.0,"Total Cost":70517.88,"Plan Rows":2999739,"Plan Width":12,"Actual Startup Time":0.118,"Actual Total Time":0.119,"Actual Rows":3000000,"Actual Loops":1,"Shared Hit Blocks":0,"Shared Read Blocks":0,"Shared Dirtied Blocks":0,"Shared Written Blocks":0,"Local Hit Blocks":0,"Local Read Blocks":0,"Local Dirtied Blocks":0,"Local Written Blocks":0,"Temp Read Blocks":0,"Temp Written Blocks":0,"I/O Read Time":0.0,"I/O Write Time":0.0,"Temp I/O Read Time":0.0,"Temp I/O Write Time":0.0,"Subplans Removed":0,"Plans":[{"Node Type":"Custom Scan","Parent Relationship":"Member","Custom Plan Provider":"columnar scan","Parallel Aware":false,"Async Capable":false,"Relation Name":"customer","Schema":"public","Alias":"customer","Startup Cost":20.0,"Total Cost":70513.87,"Plan Rows":2999738,"Plan Width":12,"Actual Startup Time":0.116,"Actual Total Time":0.116,"Actual Rows":3000000,"Actual Loops":1,"Output":["customer.c_nationkey","customer.c_id","customer.c_w_id","customer.c_d_id"],"Rows Removed by Columnar Filter":0,"Columnar cache search mode":"native","Shared Hit Blocks":0,"Shared Read Blocks":0,"Shared Dirtied Blocks":0,"Shared Written Blocks":0,"Local Hit Blocks":0,"Local Read Blocks":0,"Local Dirtied Blocks":0,"Local Written Blocks":0,"Temp Read Blocks":0,"Temp Written Blocks":0,"I/O Read Time":0.0,"I/O Write Time":0.0,"Temp I/O Read Time":0.0,"Temp I/O Write Time":0.0},{"Node Type":"Seq Scan","Parent Relationship":"Member","Parallel Aware":false,"Async Capable":false,"Relation Name":"customer","Schema":"public","Alias":"customer","Startup Cost":0.0,"Total Cost":4.01,"Plan Rows":1,"Plan Width":12,"Actual Startup Time":0.0,"Actual Total Time":0.0,"Actual Rows":0,"Actual Loops":0,"Output":["customer.c_nationkey","customer.c_id","customer.c_w_id","customer.c_d_id"],"Shared Hit Blocks":0,"Shared Read Blocks":0,"Shared Dirtied Blocks":0,"Shared Written Blocks":0,"Local Hit Blocks":0,"Local Read Blocks":0,"Local Dirtied Blocks":0,"Local Written Blocks":0,"Temp Read Blocks":0,"Temp Written Blocks":0,"I/O Read Time":0.0,"I/O Write Time":0.0,"Temp I/O Read Time":0.0,"Temp I/O Write Time":0.0}]}]}]},{"Node Type":"Hash","Parent Relationship":"Inner","Parallel Aware":false,"Async Capable":false,"Startup Cost":1.93,"Total Cost":1.93,"Plan Rows":2,"Plan Width":12,"Actual Startup Time":0.011,"Actual Total Time":0.012,"Actual Rows":2,"Actual Loops":1,"Output":["n2.n_nationkey","n2.n_name"],"Hash Buckets":1024,"Original Hash Buckets":1024,"Hash Batches":1,"Original Hash Batches":1,"Peak Memory Usage":9,"Shared Hit Blocks":1,"Shared Read Blocks":0,"Shared Dirtied Blocks":0,"Shared Written Blocks":0,"Local Hit Blocks":0,"Local Read Blocks":0,"Local Dirtied Blocks":0,"Local Written Blocks":0,"Temp Read Blocks":0,"Temp Written Blocks":0,"I/O Read Time":0.0,"I/O Write Time":0.0,"Temp I/O Read Time":0.0,"Temp I/O Write Time":0.0,"Plans":[{"Node Type":"Seq Scan","Parent Relationship":"Outer","Parallel Aware":false,"Async Capable":false,"Relation Name":"nation","Schema":"public","Alias":"n2","Startup Cost":0.0,"Total Cost":1.93,"Plan Rows":2,"Plan Width":12,"Actual Startup Time":0.005,"Actual Total Time":0.01,"Actual Rows":2,"Actual Loops":1,"Output":["n2.n_nationkey","n2.n_name"],"Filter":"(((n2.n_name)::text = 'Cambodia'::text) OR ((n2.n_name)::text = 'Germany'::text))","Rows Removed by Filter":60,"Shared Hit Blocks":1,"Shared Read Blocks":0,"Shared Dirtied Blocks":0,"Shared Written Blocks":0,"Local Hit Blocks":0,"Local Read Blocks":0,"Local Dirtied Blocks":0,"Local Written Blocks":0,"Temp Read Blocks":0,"Temp Written Blocks":0,"I/O Read Time":0.0,"I/O Write Time":0.0,"Temp I/O Read Time":0.0,"Temp I/O Write Time":0.0}]}]},{"Node Type":"Hash","Parent Relationship":"Inner","Parallel Aware":false,"Async Capable":false,"Startup Cost":317.0,"Total Cost":317.0,"Plan Rows":10000,"Plan Width":8,"Actual Startup Time":2.478,"Actual Total Time":2.478,"Actual Rows":10000,"Actual Loops":1,"Output":["supplier.su_nationkey","supplier.su_suppkey"],"Hash Buckets":16384,"Original Hash Buckets":16384,"Hash Batches":1,"Original Hash Batches":1,"Peak Memory Usage":519,"Shared Hit Blocks":217,"Shared Read Blocks":0,"Shared Dirtied Blocks":0,"Shared Written Blocks":0,"Local Hit Blocks":0,"Local Read Blocks":0,"Local Dirtied Blocks":0,"Local Written Blocks":0,"Temp Read Blocks":0,"Temp Written Blocks":0,"I/O Read Time":0.0,"I/O Write Time":0.0,"Temp I/O Read Time":0.0,"Temp I/O Write Time":0.0,"Plans":[{"Node Type":"Seq Scan","Parent Relationship":"Outer","Parallel Aware":false,"Async Capable":false,"Relation Name":"supplier","Schema":"public","Alias":"supplier","Startup Cost":0.0,"Total Cost":317.0,"Plan Rows":10000,"Plan Width":8,"Actual Startup Time":0.006,"Actual Total Time":1.258,"Actual Rows":10000,"Actual Loops":1,"Output":["supplier.su_nationkey","supplier.su_suppkey"],"Shared Hit Blocks":217,"Shared Read Blocks":0,"Shared Dirtied Blocks":0,"Shared Written Blocks":0,"Local Hit Blocks":0,"Local Read Blocks":0,"Local Dirtied Blocks":0,"Local Written Blocks":0,"Temp Read Blocks":0,"Temp Written Blocks":0,"I/O Read Time":0.0,"I/O Write Time":0.0,"Temp I/O Read Time":0.0,"Temp I/O Write Time":0.0}]}]},{"Node Type":"Hash","Parent Relationship":"Inner","Parallel Aware":false,"Async Capable":false,"Startup Cost":1.93,"Total Cost":1.93,"Plan Rows":2,"Plan Width":12,"Actual Startup Time":0.025,"Actual Total Time":0.026,"Actual Rows":2,"Actual Loops":1,"Output":["n1.n_nationkey","n1.n_name"],"Hash Buckets":1024,"Original Hash Buckets":1024,"Hash Batches":1,"Original Hash Batches":1,"Peak Memory Usage":9,"Shared Hit Blocks":1,"Shared Read Blocks":0,"Shared Dirtied Blocks":0,"Shared Written Blocks":0,"Local Hit Blocks":0,"Local Read Blocks":0,"Local Dirtied Blocks":0,"Local Written Blocks":0,"Temp Read Blocks":0,"Temp Written Blocks":0,"I/O Read Time":0.0,"I/O Write Time":0.0,"Temp I/O Read Time":0.0,"Temp I/O Write Time":0.0,"Plans":[{"Node Type":"Seq Scan","Parent Relationship":"Outer","Parallel Aware":false,"Async Capable":false,"Relation Name":"nation","Schema":"public","Alias":"n1","Startup Cost":0.0,"Total Cost":1.93,"Plan Rows":2,"Plan Width":12,"Actual Startup Time":0.016,"Actual Total Time":0.021,"Actual Rows":2,"Actual Loops":1,"Output":["n1.n_nationkey","n1.n_name"],"Filter":"(((n1.n_name)::text = 'Germany'::text) OR ((n1.n_name)::text = 'Cambodia'::text))","Rows Removed by Filter":60,"Shared Hit Blocks":1,"Shared Read Blocks":0,"Shared Dirtied Blocks":0,"Shared Written Blocks":0,"Local Hit Blocks":0,"Local Read Blocks":0,"Local Dirtied Blocks":0,"Local Written Blocks":0,"Temp Read Blocks":0,"Temp Written Blocks":0,"I/O Read Time":0.0,"I/O Write Time":0.0,"Temp I/O Read Time":0.0,"Temp I/O Write Time":0.0}]}]}]}]},"Planning":{"Shared Hit Blocks":12,"Shared Read Blocks":0,"Shared Dirtied Blocks":0,"Shared Written Blocks":0,"Local Hit Blocks":0,"Local Read Blocks":0,"Local Dirtied Blocks":0,"Local Written Blocks":0,"Temp Read Blocks":0,"Temp Written Blocks":0,"I/O Read Time":0.0,"I/O Write Time":0.0,"Temp I/O Read Time":0.0,"Temp I/O Write Time":0.0},"Planning Time":3.559,"Triggers":[],"Execution Time":5966.898}]
[列存组合]: customer, order_line, orders, supplier
[{"Plan":{"Node Type":"Aggregate","Strategy":"Sorted","Partial Mode":"Simple","Parallel Aware":false,"Async Capable":false,"Startup Cost":727799.13,"Total Cost":727920.73,"Plan Rows":4422,"Plan Width":72,"Actual Startup Time":9745.467,"Actual Total Time":9747.423,"Actual Rows":6,"Actual Loops":1,"Output":["supplier.su_nationkey","customer.c_nationkey","(EXTRACT(year FROM orders.o_entry_d))","sum(order_line.ol_amount)"],"Group Key":["supplier.su_nationkey","customer.c_nationkey","(EXTRACT(year FROM orders.o_entry_d))"],"Shared Hit Blocks":27340,"Shared Read Blocks":0,"Shared Dirtied Blocks":0,"Shared Written Blocks":0,"Local Hit Blocks":0,"Local Read Blocks":0,"Local Dirtied Blocks":0,"Local Written Blocks":0,"Temp Read Blocks":3205,"Temp Written Blocks":3205,"I/O Read Time":0.0,"I/O Write Time":0.0,"Temp I/O Read Time":6.702,"Temp I/O Write Time":30.109,"Plans":[{"Node Type":"Sort","Parent Relationship":"Outer","Parallel Aware":false,"Async Capable":false,"Startup Cost":727799.13,"Total Cost":727810.18,"Plan Rows":4422,"Plan Width":44,"Actual Startup Time":9745.382,"Actual Total Time":9745.776,"Actual Rows":6043,"Actual Loops":1,"Output":["supplier.su_nationkey","customer.c_nationkey","(EXTRACT(year FROM orders.o_entry_d))","order_line.ol_amount"],"Sort Key":["supplier.su_nationkey","customer.c_nationkey","(EXTRACT(year FROM orders.o_entry_d))"],"Sort Method":"quicksort","Sort Space Used":523,"Sort Space Type":"Memory","Shared Hit Blocks":27340,"Shared Read Blocks":0,"Shared Dirtied Blocks":0,"Shared Written Blocks":0,"Local Hit Blocks":0,"Local Read Blocks":0,"Local Dirtied Blocks":0,"Local Written Blocks":0,"Temp Read Blocks":3205,"Temp Written Blocks":3205,"I/O Read Time":0.0,"I/O Write Time":0.0,"Temp I/O Read Time":6.702,"Temp I/O Write Time":30.109,"Plans":[{"Node Type":"Hash Join","Parent Relationship":"Outer","Parallel Aware":false,"Async Capable":false,"Join Type":"Inner","Startup Cost":395540.17,"Total Cost":727531.36,"Plan Rows":4422,"Plan Width":44,"Actual Startup Time":4515.524,"Actual Total Time":9742.406,"Actual Rows":6043,"Actual Loops":1,"Output":["supplier.su_nationkey","customer.c_nationkey","EXTRACT(year FROM orders.o_entry_d)","order_line.ol_amount"],"Hash Cond":"((stock.s_w_id = order_line.ol_supply_w_id) AND (stock.s_i_id = order_line.ol_i_id))","Join Filter":"((((n1.n_name)::text = 'Germany'::text) AND ((n2.n_name)::text = 'Cambodia'::text)) OR (((n1.n_name)::text = 'Cambodia'::text) AND ((n2.n_name)::text = 'Germany'::text)))","Rows Removed by Join Filter":5752,"Shared Hit Blocks":27340,"Shared Read Blocks":0,"Shared Dirtied Blocks":0,"Shared Written Blocks":0,"Local Hit Blocks":0,"Local Read Blocks":0,"Local Dirtied Blocks":0,"Local Written Blocks":0,"Temp Read Blocks":3205,"Temp Written Blocks":3205,"I/O Read Time":0.0,"I/O Write Time":0.0,"Temp I/O Read Time":6.702,"Temp I/O Write Time":30.109,"Plans":[{"Node Type":"Hash Join","Parent Relationship":"Outer","Parallel Aware":false,"Async Capable":false,"Join Type":"Inner","Startup Cost":346.41,"Total Cost":316845.49,"Plan Rows":322586,"Plan Width":18,"Actual Startup Time":3.128,"Actual Total Time":5069.448,"Actual Rows":283200,"Actual Loops":1,"Output":["supplier.su_nationkey","stock.s_w_id","stock.s_i_id","n1.n_name"],"Hash Cond":"(supplier.su_nationkey = n1.n_nationkey)","Shared Hit Blocks":27339,"Shared Read Blocks":0,"Shared Dirtied Blocks":0,"Shared Written Blocks":0,"Local Hit Blocks":0,"Local Read Blocks":0,"Local Dirtied Blocks":0,"Local Written Blocks":0,"Temp Read Blocks":0,"Temp Written Blocks":0,"I/O Read Time":0.0,"I/O Write Time":0.0,"Temp I/O Read Time":0.0,"Temp I/O Write Time":0.0,"Plans":[{"Node Type":"Hash Join","Parent Relationship":"Outer","Parallel Aware":false,"Async Capable":false,"Join Type":"Inner","Startup Cost":344.46,"Total Cost":288798.73,"Plan Rows":10000162,"Plan Width":10,"Actual Startup Time":3.1,"Actual Total Time":4031.522,"Actual Rows":10000000,"Actual Loops":1,"Output":["supplier.su_nationkey","stock.s_w_id","stock.s_i_id"],"Hash Cond":"(mod((stock.s_w_id * stock.s_i_id), 10000) = supplier.su_suppkey)","Shared Hit Blocks":27338,"Shared Read Blocks":0,"Shared Dirtied Blocks":0,"Shared Written Blocks":0,"Local Hit Blocks":0,"Local Read Blocks":0,"Local Dirtied Blocks":0,"Local Written Blocks":0,"Temp Read Blocks":0,"Temp Written Blocks":0,"I/O Read Time":0.0,"I/O Write Time":0.0,"Temp I/O Read Time":0.0,"Temp I/O Write Time":0.0,"Plans":[{"Node Type":"Index Only Scan","Parent Relationship":"Outer","Parallel Aware":false,"Async Capable":false,"Scan Direction":"Forward","Index Name":"stock_pk","Relation Name":"stock","Schema":"public","Alias":"stock","Startup Cost":0.43,"Total Cost":259690.86,"Plan Rows":10000162,"Plan Width":6,"Actual Startup Time":0.018,"Actual Total Time":1194.496,"Actual Rows":10000000,"Actual Loops":1,"Output":["stock.s_w_id","stock.s_i_id"],"Heap Fetches":0,"Shared Hit Blocks":27338,"Shared Read Blocks":0,"Shared Dirtied Blocks":0,"Shared Written Blocks":0,"Local Hit Blocks":0,"Local Read Blocks":0,"Local Dirtied Blocks":0,"Local Written Blocks":0,"Temp Read Blocks":0,"Temp Written Blocks":0,"I/O Read Time":0.0,"I/O Write Time":0.0,"Temp I/O Read Time":0.0,"Temp I/O Write Time":0.0},{"Node Type":"Hash","Parent Relationship":"Inner","Parallel Aware":false,"Async Capable":false,"Startup Cost":219.01,"Total Cost":219.01,"Plan Rows":10001,"Plan Width":8,"Actual Startup Time":3.034,"Actual Total Time":3.036,"Actual Rows":10000,"Actual Loops":1,"Output":["supplier.su_nationkey","supplier.su_suppkey"],"Hash Buckets":16384,"Original Hash Buckets":16384,"Hash Batches":1,"Original Hash Batches":1,"Peak Memory Usage":519,"Shared Hit Blocks":0,"Shared Read Blocks":0,"Shared Dirtied Blocks":0,"Shared Written Blocks":0,"Local Hit Blocks":0,"Local Read Blocks":0,"Local Dirtied Blocks":0,"Local Written Blocks":0,"Temp Read Blocks":0,"Temp Written Blocks":0,"I/O Read Time":0.0,"I/O Write Time":0.0,"Temp I/O Read Time":0.0,"Temp I/O Write Time":0.0,"Plans":[{"Node Type":"Append","Parent Relationship":"Outer","Parallel Aware":false,"Async Capable":false,"Startup Cost":20.0,"Total Cost":219.01,"Plan Rows":10001,"Plan Width":8,"Actual Startup Time":0.011,"Actual Total Time":1.815,"Actual Rows":10000,"Actual Loops":1,"Shared Hit Blocks":0,"Shared Read Blocks":0,"Shared Dirtied Blocks":0,"Shared Written Blocks":0,"Local Hit Blocks":0,"Local Read Blocks":0,"Local Dirtied Blocks":0,"Local Written Blocks":0,"Temp Read Blocks":0,"Temp Written Blocks":0,"I/O Read Time":0.0,"I/O Write Time":0.0,"Temp I/O Read Time":0.0,"Temp I/O Write Time":0.0,"Subplans Removed":0,"Plans":[{"Node Type":"Custom Scan","Parent Relationship":"Member","Custom Plan Provider":"columnar scan","Parallel Aware":false,"Async Capable":false,"Relation Name":"supplier","Schema":"public","Alias":"supplier","Startup Cost":20.0,"Total Cost":215.0,"Plan Rows":10000,"Plan Width":8,"Actual Startup Time":0.01,"Actual Total Time":1.077,"Actual Rows":10000,"Actual Loops":1,"Output":["supplier.su_nationkey","supplier.su_suppkey"],"Rows Removed by Columnar Filter":0,"Columnar cache search mode":"native","Shared Hit Blocks":0,"Shared Read Blocks":0,"Shared Dirtied Blocks":0,"Shared Written Blocks":0,"Local Hit Blocks":0,"Local Read Blocks":0,"Local Dirtied Blocks":0,"Local Written Blocks":0,"Temp Read Blocks":0,"Temp Written Blocks":0,"I/O Read Time":0.0,"I/O Write Time":0.0,"Temp I/O Read Time":0.0,"Temp I/O Write Time":0.0},{"Node Type":"Seq Scan","Parent Relationship":"Member","Parallel Aware":false,"Async Capable":false,"Relation Name":"supplier","Schema":"public","Alias":"supplier","Startup Cost":0.0,"Total Cost":4.01,"Plan Rows":1,"Plan Width":8,"Actual Startup Time":0.0,"Actual Total Time":0.0,"Actual Rows":0,"Actual Loops":0,"Output":["supplier.su_nationkey","supplier.su_suppkey"],"Shared Hit Blocks":0,"Shared Read Blocks":0,"Shared Dirtied Blocks":0,"Shared Written Blocks":0,"Local Hit Blocks":0,"Local Read Blocks":0,"Local Dirtied Blocks":0,"Local Written Blocks":0,"Temp Read Blocks":0,"Temp Written Blocks":0,"I/O Read Time":0.0,"I/O Write Time":0.0,"Temp I/O Read Time":0.0,"Temp I/O Write Time":0.0}]}]}]},{"Node Type":"Hash","Parent Relationship":"Inner","Parallel Aware":false,"Async Capable":false,"Startup Cost":1.93,"Total Cost":1.93,"Plan Rows":2,"Plan Width":12,"Actual Startup Time":0.019,"Actual Total Time":0.019,"Actual Rows":2,"Actual Loops":1,"Output":["n1.n_nationkey","n1.n_name"],"Hash Buckets":1024,"Original Hash Buckets":1024,"Hash Batches":1,"Original Hash Batches":1,"Peak Memory Usage":9,"Shared Hit Blocks":1,"Shared Read Blocks":0,"Shared Dirtied Blocks":0,"Shared Written Blocks":0,"Local Hit Blocks":0,"Local Read Blocks":0,"Local Dirtied Blocks":0,"Local Written Blocks":0,"Temp Read Blocks":0,"Temp Written Blocks":0,"I/O Read Time":0.0,"I/O Write Time":0.0,"Temp I/O Read Time":0.0,"Temp I/O Write Time":0.0,"Plans":[{"Node Type":"Seq Scan","Parent Relationship":"Outer","Parallel Aware":false,"Async Capable":false,"Relation Name":"nation","Schema":"public","Alias":"n1","Startup Cost":0.0,"Total Cost":1.93,"Plan Rows":2,"Plan Width":12,"Actual Startup Time":0.01,"Actual Total Time":0.015,"Actual Rows":2,"Actual Loops":1,"Output":["n1.n_nationkey","n1.n_name"],"Filter":"(((n1.n_name)::text = 'Germany'::text) OR ((n1.n_name)::text = 'Cambodia'::text))","Rows Removed by Filter":60,"Shared Hit Blocks":1,"Shared Read Blocks":0,"Shared Dirtied Blocks":0,"Shared Written Blocks":0,"Local Hit Blocks":0,"Local Read Blocks":0,"Local Dirtied Blocks":0,"Local Written Blocks":0,"Temp Read Blocks":0,"Temp Written Blocks":0,"I/O Read Time":0.0,"I/O Write Time":0.0,"Temp I/O Read Time":0.0,"Temp I/O Write Time":0.0}]}]},{"Node Type":"Hash","Parent Relationship":"Inner","Parallel Aware":false,"Async Capable":false,"Startup Cost":389301.4,"Total Cost":389301.4,"Plan Rows":269824,"Plan Width":30,"Actual Startup Time":4510.203,"Actual Total Time":4510.208,"Actual Rows":414592,"Actual Loops":1,"Output":["order_line.ol_amount","order_line.ol_supply_w_id","order_line.ol_i_id","orders.o_entry_d","customer.c_nationkey","n2.n_name"],"Hash Buckets":131072,"Original Hash Buckets":131072,"Hash Batches":4,"Original Hash Batches":4,"Peak Memory Usage":7952,"Shared Hit Blocks":1,"Shared Read Blocks":0,"Shared Dirtied Blocks":0,"Shared Written Blocks":0,"Local Hit Blocks":0,"Local Read Blocks":0,"Local Dirtied Blocks":0,"Local Written Blocks":0,"Temp Read Blocks":0,"Temp Written Blocks":2152,"I/O Read Time":0.0,"I/O Write Time":0.0,"Temp I/O Read Time":0.0,"Temp I/O Write Time":21.506,"Plans":[{"Node Type":"Hash Join","Parent Relationship":"Outer","Parallel Aware":false,"Async Capable":false,"Join Type":"Inner","Startup Cost":20550.73,"Total Cost":389301.4,"Plan Rows":269824,"Plan Width":30,"Actual Startup Time":398.745,"Actual Total Time":4342.283,"Actual Rows":414592,"Actual Loops":1,"Output":["order_line.ol_amount","order_line.ol_supply_w_id","order_line.ol_i_id","orders.o_entry_d","customer.c_nationkey","n2.n_name"],"Hash Cond":"(customer.c_nationkey = n2.n_nationkey)","Shared Hit Blocks":1,"Shared Read Blocks":0,"Shared Dirtied Blocks":0,"Shared Written Blocks":0,"Local Hit Blocks":0,"Local Read Blocks":0,"Local Dirtied Blocks":0,"Local Written Blocks":0,"Temp Read Blocks":0,"Temp Written Blocks":0,"I/O Read Time":0.0,"I/O Write Time":0.0,"Temp I/O Read Time":0.0,"Temp I/O Write Time":0.0,"Plans":[{"Node Type":"Hash Join","Parent Relationship":"Outer","Parallel Aware":false,"Async Capable":false,"Join Type":"Inner","Startup Cost":20548.77,"Total Cost":365841.6,"Plan Rows":8364549,"Plan Width":22,"Actual Startup Time":398.701,"Actual Total Time":3252.19,"Actual Rows":8570498,"Actual Loops":1,"Output":["order_line.ol_amount","order_line.ol_supply_w_id","order_line.ol_i_id","orders.o_entry_d","customer.c_nationkey"],"Hash Cond":"((order_line.ol_w_id = customer.c_w_id) AND (order_line.ol_d_id = customer.c_d_id) AND (orders.o_c_id = customer.c_id))","Rows Removed by Bloom Filter":0,"Shared Hit Blocks":0,"Shared Read Blocks":0,"Shared Dirtied Blocks":0,"Shared Written Blocks":0,"Local Hit Blocks":0,"Local Read Blocks":0,"Local Dirtied Blocks":0,"Local Written Blocks":0,"Temp Read Blocks":0,"Temp Written Blocks":0,"I/O Read Time":0.0,"I/O Write Time":0.0,"Temp I/O Read Time":0.0,"Temp I/O Write Time":0.0,"Plans":[{"Node Type":"Hash Join","Parent Relationship":"Outer","Parallel Aware":false,"Async Capable":false,"Join Type":"Inner","Startup Cost":10291.72,"Total Cost":260799.24,"Plan Rows":8364549,"Plan Width":30,"Actual Startup Time":13.834,"Actual Total Time":13.837,"Actual Rows":0,"Actual Loops":1,"Output":["order_line.ol_amount","order_line.ol_supply_w_id","order_line.ol_i_id","order_line.ol_w_id","order_line.ol_d_id","orders.o_entry_d","orders.o_w_id","orders.o_d_id","orders.o_c_id"],"Hash Cond":"((order_line.ol_w_id = orders.o_w_id) AND (order_line.ol_d_id = orders.o_d_id) AND (order_line.ol_o_id = orders.o_id))","Rows Removed by Bloom Filter":0,"Shared Hit Blocks":0,"Shared Read Blocks":0,"Shared Dirtied Blocks":0,"Shared Written Blocks":0,"Local Hit Blocks":0,"Local Read Blocks":0,"Local Dirtied Blocks":0,"Local Written Blocks":0,"Temp Read Blocks":0,"Temp Written Blocks":0,"I/O Read Time":0.0,"I/O Write Time":0.0,"Temp I/O Read Time":0.0,"Temp I/O Write Time":0.0,"Plans":[{"Node Type":"Append","Parent Relationship":"Outer","Parallel Aware":false,"Async Capable":false,"Startup Cost":20.0,"Total Cost":230190.58,"Plan Rows":8369638,"Plan Width":22,"Actual Startup Time":12.2,"Actual Total Time":12.201,"Actual Rows":8570498,"Actual Loops":1,"Shared Hit Blocks":0,"Shared Read Blocks":0,"Shared Dirtied Blocks":0,"Shared Written Blocks":0,"Local Hit Blocks":0,"Local Read Blocks":0,"Local Dirtied Blocks":0,"Local Written Blocks":0,"Temp Read Blocks":0,"Temp Written Blocks":0,"I/O Read Time":0.0,"I/O Write Time":0.0,"Temp I/O Read Time":0.0,"Temp I/O Write Time":0.0,"Subplans Removed":0,"Plans":[{"Node Type":"Custom Scan","Parent Relationship":"Member","Custom Plan Provider":"columnar scan","Parallel Aware":false,"Async Capable":false,"Relation Name":"order_line","Schema":"public","Alias":"order_line","Startup Cost":20.0,"Total Cost":230185.68,"Plan Rows":8369621,"Plan Width":22,"Actual Startup Time":12.199,"Actual Total Time":12.2,"Actual Rows":8570498,"Actual Loops":1,"Output":["order_line.ol_amount","order_line.ol_supply_w_id","order_line.ol_i_id","order_line.ol_w_id","order_line.ol_d_id","order_line.ol_o_id"],"Filter":"((order_line.ol_delivery_d <= '1997-01-01 20:10:02.27764'::timestamp without time zone) AND (order_line.ol_delivery_d >= '1995-01-02 20:10:02.27764'::timestamp without time zone))","Rows Removed by Filter":0,"Rows Removed by Columnar Filter":21427234,"Columnar cache search mode":"native","Shared Hit Blocks":0,"Shared Read Blocks":0,"Shared Dirtied Blocks":0,"Shared Written Blocks":0,"Local Hit Blocks":0,"Local Read Blocks":0,"Local Dirtied Blocks":0,"Local Written Blocks":0,"Temp Read Blocks":0,"Temp Written Blocks":0,"I/O Read Time":0.0,"I/O Write Time":0.0,"Temp I/O Read Time":0.0,"Temp I/O Write Time":0.0},{"Node Type":"Seq Scan","Parent Relationship":"Member","Parallel Aware":false,"Async Capable":false,"Relation Name":"order_line","Schema":"public","Alias":"order_line","Startup Cost":0.0,"Total Cost":4.9,"Plan Rows":17,"Plan Width":22,"Actual Startup Time":0.0,"Actual Total Time":0.0,"Actual Rows":0,"Actual Loops":0,"Output":["order_line.ol_amount","order_line.ol_supply_w_id","order_line.ol_i_id","order_line.ol_w_id","order_line.ol_d_id","order_line.ol_o_id"],"Filter":"((order_line.ol_delivery_d <= '1997-01-01 20:10:02.27764'::timestamp without time zone) AND (order_line.ol_delivery_d >= '1995-01-02 20:10:02.27764'::timestamp without time zone))","Rows Removed by Filter":0,"Shared Hit Blocks":0,"Shared Read Blocks":0,"Shared Dirtied Blocks":0,"Shared Written Blocks":0,"Local Hit Blocks":0,"Local Read Blocks":0,"Local Dirtied Blocks":0,"Local Written Blocks":0,"Temp Read Blocks":0,"Temp Written Blocks":0,"I/O Read Time":0.0,"I/O Write Time":0.0,"Temp I/O Read Time":0.0,"Temp I/O Write Time":0.0}]},{"Node Type":"Hash","Parent Relationship":"Inner","Parallel Aware":false,"Async Capable":false,"Startup Cost":76477.53,"Total Cost":76477.53,"Plan Rows":2998177,"Plan Width":24,"Actual Rows":2997892,"Actual Loops":1,"Output":["orders.o_entry_d","orders.o_w_id","orders.o_d_id","orders.o_id","orders.o_c_id"],"Shared Hit Blocks":0,"Shared Read Blocks":0,"Shared Dirtied Blocks":0,"Shared Written Blocks":0,"Local Hit Blocks":0,"Local Read Blocks":0,"Local Dirtied Blocks":0,"Local Written Blocks":0,"Temp Read Blocks":0,"Temp Written Blocks":0,"I/O Read Time":0.0,"I/O Write Time":0.0,"Temp I/O Read Time":0.0,"Temp I/O Write Time":0.0,"Plans":[{"Node Type":"Append","Parent Relationship":"Outer","Parallel Aware":false,"Async Capable":false,"Startup Cost":20.0,"Total Cost":76477.53,"Plan Rows":2998177,"Plan Width":24,"Actual Startup Time":1.555,"Actual Total Time":1.556,"Actual Rows":2997892,"Actual Loops":1,"Shared Hit Blocks":0,"Shared Read Blocks":0,"Shared Dirtied Blocks":0,"Shared Written Blocks":0,"Local Hit Blocks":0,"Local Read Blocks":0,"Local Dirtied Blocks":0,"Local Written Blocks":0,"Temp Read Blocks":0,"Temp Written Blocks":0,"I/O Read Time":0.0,"I/O Write Time":0.0,"Temp I/O Read Time":0.0,"Temp I/O Write Time":0.0,"Subplans Removed":0,"Plans":[{"Node Type":"Custom Scan","Parent Relationship":"Member","Custom Plan Provider":"columnar scan","Parallel Aware":false,"Async Capable":false,"Relation Name":"orders","Schema":"public","Alias":"orders","Startup Cost":20.0,"Total Cost":76473.52,"Plan Rows":2998176,"Plan Width":24,"Actual Startup Time":1.554,"Actual Total Time":1.554,"Actual Rows":2997892,"Actual Loops":1,"Output":["orders.o_entry_d","orders.o_w_id","orders.o_d_id","orders.o_id","orders.o_c_id"],"Filter":"(orders.o_entry_d >= '1992-01-02 20:10:02.27764'::timestamp without time zone)","Rows Removed by Filter":0,"Rows Removed by Columnar Filter":2108,"Columnar cache search mode":"native","Shared Hit Blocks":0,"Shared Read Blocks":0,"Shared Dirtied Blocks":0,"Shared Written Blocks":0,"Local Hit Blocks":0,"Local Read Blocks":0,"Local Dirtied Blocks":0,"Local Written Blocks":0,"Temp Read Blocks":0,"Temp Written Blocks":0,"I/O Read Time":0.0,"I/O Write Time":0.0,"Temp I/O Read Time":0.0,"Temp I/O Write Time":0.0},{"Node Type":"Seq Scan","Parent Relationship":"Member","Parallel Aware":false,"Async Capable":false,"Relation Name":"orders","Schema":"public","Alias":"orders","Startup Cost":0.0,"Total Cost":4.01,"Plan Rows":1,"Plan Width":24,"Actual Startup Time":0.0,"Actual Total Time":0.0,"Actual Rows":0,"Actual Loops":0,"Output":["orders.o_entry_d","orders.o_w_id","orders.o_d_id","orders.o_id","orders.o_c_id"],"Filter":"(orders.o_entry_d >= '1992-01-02 20:10:02.27764'::timestamp without time zone)","Rows Removed by Filter":0,"Shared Hit Blocks":0,"Shared Read Blocks":0,"Shared Dirtied Blocks":0,"Shared Written Blocks":0,"Local Hit Blocks":0,"Local Read Blocks":0,"Local Dirtied Blocks":0,"Local Written Blocks":0,"Temp Read Blocks":0,"Temp Written Blocks":0,"I/O Read Time":0.0,"I/O Write Time":0.0,"Temp I/O Read Time":0.0,"Temp I/O Write Time":0.0}]}]}]},{"Node Type":"Hash","Parent Relationship":"Inner","Parallel Aware":false,"Async Capable":false,"Startup Cost":70517.88,"Total Cost":70517.88,"Plan Rows":2999739,"Plan Width":12,"Actual Rows":3000000,"Actual Loops":1,"Output":["customer.c_nationkey","customer.c_id","customer.c_w_id","customer.c_d_id"],"Shared Hit Blocks":0,"Shared Read Blocks":0,"Shared Dirtied Blocks":0,"Shared Written Blocks":0,"Local Hit Blocks":0,"Local Read Blocks":0,"Local Dirtied Blocks":0,"Local Written Blocks":0,"Temp Read Blocks":0,"Temp Written Blocks":0,"I/O Read Time":0.0,"I/O Write Time":0.0,"Temp I/O Read Time":0.0,"Temp I/O Write Time":0.0,"Plans":[{"Node Type":"Append","Parent Relationship":"Outer","Parallel Aware":false,"Async Capable":false,"Startup Cost":20.0,"Total Cost":70517.88,"Plan Rows":2999739,"Plan Width":12,"Actual Startup Time":0.111,"Actual Total Time":0.112,"Actual Rows":3000000,"Actual Loops":1,"Shared Hit Blocks":0,"Shared Read Blocks":0,"Shared Dirtied Blocks":0,"Shared Written Blocks":0,"Local Hit Blocks":0,"Local Read Blocks":0,"Local Dirtied Blocks":0,"Local Written Blocks":0,"Temp Read Blocks":0,"Temp Written Blocks":0,"I/O Read Time":0.0,"I/O Write Time":0.0,"Temp I/O Read Time":0.0,"Temp I/O Write Time":0.0,"Subplans Removed":0,"Plans":[{"Node Type":"Custom Scan","Parent Relationship":"Member","Custom Plan Provider":"columnar scan","Parallel Aware":false,"Async Capable":false,"Relation Name":"customer","Schema":"public","Alias":"customer","Startup Cost":20.0,"Total Cost":70513.87,"Plan Rows":2999738,"Plan Width":12,"Actual Startup Time":0.11,"Actual Total Time":0.11,"Actual Rows":3000000,"Actual Loops":1,"Output":["customer.c_nationkey","customer.c_id","customer.c_w_id","customer.c_d_id"],"Rows Removed by Columnar Filter":0,"Columnar cache search mode":"native","Shared Hit Blocks":0,"Shared Read Blocks":0,"Shared Dirtied Blocks":0,"Shared Written Blocks":0,"Local Hit Blocks":0,"Local Read Blocks":0,"Local Dirtied Blocks":0,"Local Written Blocks":0,"Temp Read Blocks":0,"Temp Written Blocks":0,"I/O Read Time":0.0,"I/O Write Time":0.0,"Temp I/O Read Time":0.0,"Temp I/O Write Time":0.0},{"Node Type":"Seq Scan","Parent Relationship":"Member","Parallel Aware":false,"Async Capable":false,"Relation Name":"customer","Schema":"public","Alias":"customer","Startup Cost":0.0,"Total Cost":4.01,"Plan Rows":1,"Plan Width":12,"Actual Startup Time":0.0,"Actual Total Time":0.0,"Actual Rows":0,"Actual Loops":0,"Output":["customer.c_nationkey","customer.c_id","customer.c_w_id","customer.c_d_id"],"Shared Hit Blocks":0,"Shared Read Blocks":0,"Shared Dirtied Blocks":0,"Shared Written Blocks":0,"Local Hit Blocks":0,"Local Read Blocks":0,"Local Dirtied Blocks":0,"Local Written Blocks":0,"Temp Read Blocks":0,"Temp Written Blocks":0,"I/O Read Time":0.0,"I/O Write Time":0.0,"Temp I/O Read Time":0.0,"Temp I/O Write Time":0.0}]}]}]},{"Node Type":"Hash","Parent Relationship":"Inner","Parallel Aware":false,"Async Capable":false,"Startup Cost":1.93,"Total Cost":1.93,"Plan Rows":2,"Plan Width":12,"Actual Startup Time":0.013,"Actual Total Time":0.013,"Actual Rows":2,"Actual Loops":1,"Output":["n2.n_nationkey","n2.n_name"],"Hash Buckets":1024,"Original Hash Buckets":1024,"Hash Batches":1,"Original Hash Batches":1,"Peak Memory Usage":9,"Shared Hit Blocks":1,"Shared Read Blocks":0,"Shared Dirtied Blocks":0,"Shared Written Blocks":0,"Local Hit Blocks":0,"Local Read Blocks":0,"Local Dirtied Blocks":0,"Local Written Blocks":0,"Temp Read Blocks":0,"Temp Written Blocks":0,"I/O Read Time":0.0,"I/O Write Time":0.0,"Temp I/O Read Time":0.0,"Temp I/O Write Time":0.0,"Plans":[{"Node Type":"Seq Scan","Parent Relationship":"Outer","Parallel Aware":false,"Async Capable":false,"Relation Name":"nation","Schema":"public","Alias":"n2","Startup Cost":0.0,"Total Cost":1.93,"Plan Rows":2,"Plan Width":12,"Actual Startup Time":0.006,"Actual Total Time":0.011,"Actual Rows":2,"Actual Loops":1,"Output":["n2.n_nationkey","n2.n_name"],"Filter":"(((n2.n_name)::text = 'Cambodia'::text) OR ((n2.n_name)::text = 'Germany'::text))","Rows Removed by Filter":60,"Shared Hit Blocks":1,"Shared Read Blocks":0,"Shared Dirtied Blocks":0,"Shared Written Blocks":0,"Local Hit Blocks":0,"Local Read Blocks":0,"Local Dirtied Blocks":0,"Local Written Blocks":0,"Temp Read Blocks":0,"Temp Written Blocks":0,"I/O Read Time":0.0,"I/O Write Time":0.0,"Temp I/O Read Time":0.0,"Temp I/O Write Time":0.0}]}]}]}]}]}]},"Planning":{"Shared Hit Blocks":12,"Shared Read Blocks":0,"Shared Dirtied Blocks":0,"Shared Written Blocks":0,"Local Hit Blocks":0,"Local Read Blocks":0,"Local Dirtied Blocks":0,"Local Written Blocks":0,"Temp Read Blocks":0,"Temp Written Blocks":0,"I/O Read Time":0.0,"I/O Write Time":0.0,"Temp I/O Read Time":0.0,"Temp I/O Write Time":0.0},"Planning Time":3.095,"Triggers":[],"Execution Time":9747.957}]
[列存组合]: customer, order_line, stock, supplier
[{"Plan":{"Node Type":"Aggregate","Strategy":"Sorted","Partial Mode":"Simple","Parallel Aware":false,"Async Capable":false,"Startup Cost":914756.23,"Total Cost":914877.84,"Plan Rows":4422,"Plan Width":72,"Actual Startup Time":6568.191,"Actual Total Time":6569.468,"Actual Rows":6,"Actual Loops":1,"Output":["supplier.su_nationkey","customer.c_nationkey","(EXTRACT(year FROM orders.o_entry_d))","sum(order_line.ol_amount)"],"Group Key":["supplier.su_nationkey","customer.c_nationkey","(EXTRACT(year FROM orders.o_entry_d))"],"Shared Hit Blocks":22061,"Shared Read Blocks":0,"Shared Dirtied Blocks":0,"Shared Written Blocks":0,"Local Hit Blocks":0,"Local Read Blocks":0,"Local Dirtied Blocks":0,"Local Written Blocks":0,"Temp Read Blocks":20587,"Temp Written Blocks":20596,"I/O Read Time":0.0,"I/O Write Time":0.0,"Temp I/O Read Time":31.703,"Temp I/O Write Time":93.32,"Plans":[{"Node Type":"Sort","Parent Relationship":"Outer","Parallel Aware":false,"Async Capable":false,"Startup Cost":914756.23,"Total Cost":914767.29,"Plan Rows":4422,"Plan Width":44,"Actual Startup Time":6568.13,"Actual Total Time":6568.395,"Actual Rows":6043,"Actual Loops":1,"Output":["supplier.su_nationkey","customer.c_nationkey","(EXTRACT(year FROM orders.o_entry_d))","order_line.ol_amount"],"Sort Key":["supplier.su_nationkey","customer.c_nationkey","(EXTRACT(year FROM orders.o_entry_d))"],"Sort Method":"quicksort","Sort Space Used":523,"Sort Space Type":"Memory","Shared Hit Blocks":22061,"Shared Read Blocks":0,"Shared Dirtied Blocks":0,"Shared Written Blocks":0,"Local Hit Blocks":0,"Local Read Blocks":0,"Local Dirtied Blocks":0,"Local Written Blocks":0,"Temp Read Blocks":20587,"Temp Written Blocks":20596,"I/O Read Time":0.0,"I/O Write Time":0.0,"Temp I/O Read Time":31.703,"Temp I/O Write Time":93.32,"Plans":[{"Node Type":"Merge Join","Parent Relationship":"Outer","Parallel Aware":false,"Async Capable":false,"Join Type":"Inner","Startup Cost":910396.08,"Total Cost":914488.47,"Plan Rows":4422,"Plan Width":44,"Actual Startup Time":6415.374,"Actual Total Time":6566.727,"Actual Rows":6043,"Actual Loops":1,"Output":["supplier.su_nationkey","customer.c_nationkey","EXTRACT(year FROM orders.o_entry_d)","order_line.ol_amount"],"Merge Cond":"((orders.o_c_id = customer.c_id) AND (order_line.ol_w_id = customer.c_w_id) AND (order_line.ol_d_id = customer.c_d_id))","Join Filter":"((((n1.n_name)::text = 'Germany'::text) AND ((n2.n_name)::text = 'Cambodia'::text)) OR (((n1.n_name)::text = 'Cambodia'::text) AND ((n2.n_name)::text = 'Germany'::text)))","Rows Removed by Join Filter":5752,"Shared Hit Blocks":22061,"Shared Read Blocks":0,"Shared Dirtied Blocks":0,"Shared Written Blocks":0,"Local Hit Blocks":0,"Local Read Blocks":0,"Local Dirtied Blocks":0,"Local Written Blocks":0,"Temp Read Blocks":20587,"Temp Written Blocks":20596,"I/O Read Time":0.0,"I/O Write Time":0.0,"Temp I/O Read Time":31.703,"Temp I/O Write Time":93.32,"Plans":[{"Node Type":"Sort","Parent Relationship":"Outer","Parallel Aware":false,"Async Capable":false,"Startup Cost":637472.5,"Total Cost":638147.06,"Plan Rows":269824,"Plan Width":36,"Actual Startup Time":6283.817,"Actual Total Time":6354.422,"Actual Rows":242214,"Actual Loops":1,"Output":["supplier.su_nationkey","order_line.ol_amount","order_line.ol_w_id","order_line.ol_d_id","orders.o_entry_d","orders.o_w_id","orders.o_d_id","orders.o_c_id","n1.n_name"],"Sort Key":["orders.o_c_id","order_line.ol_w_id","order_line.ol_d_id"],"Sort Method":"external merge","Sort Space Used":11984,"Sort Space Type":"Disk","Shared Hit Blocks":22060,"Shared Read Blocks":0,"Shared Dirtied Blocks":0,"Shared Written Blocks":0,"Local Hit Blocks":0,"Local Read Blocks":0,"Local Dirtied Blocks":0,"Local Written Blocks":0,"Temp Read Blocks":20042,"Temp Written Blocks":20048,"I/O Read Time":0.0,"I/O Write Time":0.0,"Temp I/O Read Time":31.012,"Temp I/O Write Time":91.263,"Plans":[{"Node Type":"Hash Join","Parent Relationship":"Outer","Parallel Aware":false,"Async Capable":false,"Join Type":"Inner","Startup Cost":159264.08,"Total Cost":605754.14,"Plan Rows":269824,"Plan Width":36,"Actual Startup Time":1470.984,"Actual Total Time":6158.715,"Actual Rows":242214,"Actual Loops":1,"Output":["supplier.su_nationkey","order_line.ol_amount","order_line.ol_w_id","order_line.ol_d_id","orders.o_entry_d","orders.o_w_id","orders.o_d_id","orders.o_c_id","n1.n_name"],"Hash Cond":"((order_line.ol_w_id = orders.o_w_id) AND (order_line.ol_d_id = orders.o_d_id) AND (order_line.ol_o_id = orders.o_id))","Shared Hit Blocks":22060,"Shared Read Blocks":0,"Shared Dirtied Blocks":0,"Shared Written Blocks":0,"Local Hit Blocks":0,"Local Read Blocks":0,"Local Dirtied Blocks":0,"Local Written Blocks":0,"Temp Read Blocks":18544,"Temp Written Blocks":18544,"I/O Read Time":0.0,"I/O Write Time":0.0,"Temp I/O Read Time":28.947,"Temp I/O Write Time":85.713,"Plans":[{"Node Type":"Hash Join","Parent Relationship":"Outer","Parallel Aware":false,"Async Capable":false,"Join Type":"Inner","Startup Cost":29669.0,"Total Cost":452772.9,"Plan Rows":269988,"Plan Width":28,"Actual Startup Time":456.13,"Actual Total Time":4817.784,"Actual Rows":242214,"Actual Loops":1,"Output":["supplier.su_nationkey","order_line.ol_amount","order_line.ol_w_id","order_line.ol_d_id","order_line.ol_o_id","n1.n_name"],"Hash Cond":"(supplier.su_nationkey = n1.n_nationkey)","Shared Hit Blocks":1,"Shared Read Blocks":0,"Shared Dirtied Blocks":0,"Shared Written Blocks":0,"Local Hit Blocks":0,"Local Read Blocks":0,"Local Dirtied Blocks":0,"Local Written Blocks":0,"Temp Read Blocks":0,"Temp Written Blocks":0,"I/O Read Time":0.0,"I/O Write Time":0.0,"Temp I/O Read Time":0.0,"Temp I/O Write Time":0.0,"Plans":[{"Node Type":"Hash Join","Parent Relationship":"Outer","Parallel Aware":false,"Async Capable":false,"Join Type":"Inner","Startup Cost":29667.04,"Total Cost":429298.84,"Plan Rows":8369638,"Plan Width":20,"Actual Startup Time":456.053,"Actual Total Time":4165.089,"Actual Rows":8570498,"Actual Loops":1,"Output":["supplier.su_nationkey","order_line.ol_amount","order_line.ol_w_id","order_line.ol_d_id","order_line.ol_o_id"],"Hash Cond":"(mod((stock.s_w_id * stock.s_i_id), 10000) = supplier.su_suppkey)","Shared Hit Blocks":0,"Shared Read Blocks":0,"Shared Dirtied Blocks":0,"Shared Written Blocks":0,"Local Hit Blocks":0,"Local Read Blocks":0,"Local Dirtied Blocks":0,"Local Written Blocks":0,"Temp Read Blocks":0,"Temp Written Blocks":0,"I/O Read Time":0.0,"I/O Write Time":0.0,"Temp I/O Read Time":0.0,"Temp I/O Write Time":0.0,"Plans":[{"Node Type":"Hash Join","Parent Relationship":"Outer","Parallel Aware":false,"Async Capable":false,"Join Type":"Inner","Startup Cost":29323.02,"Total Cost":404880.91,"Plan Rows":8369638,"Plan Width":22,"Actual Startup Time":452.963,"Actual Total Time":2395.094,"Actual Rows":8570498,"Actual Loops":1,"Output":["stock.s_w_id","stock.s_i_id","order_line.ol_amount","order_line.ol_w_id","order_line.ol_d_id","order_line.ol_o_id"],"Hash Cond":"((order_line.ol_supply_w_id = stock.s_w_id) AND (order_line.ol_i_id = stock.s_i_id))","Rows Removed by Bloom Filter":0,"Shared Hit Blocks":0,"Shared Read Blocks":0,"Shared Dirtied Blocks":0,"Shared Written Blocks":0,"Local Hit Blocks":0,"Local Read Blocks":0,"Local Dirtied Blocks":0,"Local Written Blocks":0,"Temp Read Blocks":0,"Temp Written Blocks":0,"I/O Read Time":0.0,"I/O Write Time":0.0,"Temp I/O Read Time":0.0,"Temp I/O Write Time":0.0,"Plans":[{"Node Type":"Append","Parent Relationship":"Outer","Parallel Aware":false,"Async Capable":false,"Startup Cost":20.0,"Total Cost":230190.58,"Plan Rows":8369638,"Plan Width":22,"Actual Startup Time":12.245,"Actual Total Time":12.252,"Actual Rows":8570498,"Actual Loops":1,"Shared Hit Blocks":0,"Shared Read Blocks":0,"Shared Dirtied Blocks":0,"Shared Written Blocks":0,"Local Hit Blocks":0,"Local Read Blocks":0,"Local Dirtied Blocks":0,"Local Written Blocks":0,"Temp Read Blocks":0,"Temp Written Blocks":0,"I/O Read Time":0.0,"I/O Write Time":0.0,"Temp I/O Read Time":0.0,"Temp I/O Write Time":0.0,"Subplans Removed":0,"Plans":[{"Node Type":"Custom Scan","Parent Relationship":"Member","Custom Plan Provider":"columnar scan","Parallel Aware":false,"Async Capable":false,"Relation Name":"order_line","Schema":"public","Alias":"order_line","Startup Cost":20.0,"Total Cost":230185.68,"Plan Rows":8369621,"Plan Width":22,"Actual Startup Time":12.244,"Actual Total Time":12.246,"Actual Rows":8570498,"Actual Loops":1,"Output":["order_line.ol_amount","order_line.ol_supply_w_id","order_line.ol_i_id","order_line.ol_w_id","order_line.ol_d_id","order_line.ol_o_id"],"Filter":"((order_line.ol_delivery_d <= '1997-01-01 20:10:02.27764'::timestamp without time zone) AND (order_line.ol_delivery_d >= '1995-01-02 20:10:02.27764'::timestamp without time zone))","Rows Removed by Filter":0,"Rows Removed by Columnar Filter":21427234,"Columnar cache search mode":"native","Shared Hit Blocks":0,"Shared Read Blocks":0,"Shared Dirtied Blocks":0,"Shared Written Blocks":0,"Local Hit Blocks":0,"Local Read Blocks":0,"Local Dirtied Blocks":0,"Local Written Blocks":0,"Temp Read Blocks":0,"Temp Written Blocks":0,"I/O Read Time":0.0,"I/O Write Time":0.0,"Temp I/O Read Time":0.0,"Temp I/O Write Time":0.0},{"Node Type":"Seq Scan","Parent Relationship":"Member","Parallel Aware":false,"Async Capable":false,"Relation Name":"order_line","Schema":"public","Alias":"order_line","Startup Cost":0.0,"Total Cost":4.9,"Plan Rows":17,"Plan Width":22,"Actual Startup Time":0.0,"Actual Total Time":0.0,"Actual Rows":0,"Actual Loops":0,"Output":["order_line.ol_amount","order_line.ol_supply_w_id","order_line.ol_i_id","order_line.ol_w_id","order_line.ol_d_id","order_line.ol_o_id"],"Filter":"((order_line.ol_delivery_d <= '1997-01-01 20:10:02.27764'::timestamp without time zone) AND (order_line.ol_delivery_d >= '1995-01-02 20:10:02.27764'::timestamp without time zone))","Rows Removed by Filter":0,"Shared Hit Blocks":0,"Shared Read Blocks":0,"Shared Dirtied Blocks":0,"Shared Written Blocks":0,"Local Hit Blocks":0,"Local Read Blocks":0,"Local Dirtied Blocks":0,"Local Written Blocks":0,"Temp Read Blocks":0,"Temp Written Blocks":0,"I/O Read Time":0.0,"I/O Write Time":0.0,"Temp I/O Read Time":0.0,"Temp I/O Write Time":0.0}]},{"Node Type":"Hash","Parent Relationship":"Inner","Parallel Aware":false,"Async Capable":false,"Startup Cost":195025.67,"Total Cost":195025.67,"Plan Rows":10000162,"Plan Width":6,"Actual Rows":10000000,"Actual Loops":1,"Output":["stock.s_w_id","stock.s_i_id"],"Shared Hit Blocks":0,"Shared Read Blocks":0,"Shared Dirtied Blocks":0,"Shared Written Blocks":0,"Local Hit Blocks":0,"Local Read Blocks":0,"Local Dirtied Blocks":0,"Local Written Blocks":0,"Temp Read Blocks":0,"Temp Written Blocks":0,"I/O Read Time":0.0,"I/O Write Time":0.0,"Temp I/O Read Time":0.0,"Temp I/O Write Time":0.0,"Plans":[{"Node Type":"Append","Parent Relationship":"Outer","Parallel Aware":false,"Async Capable":false,"Startup Cost":20.0,"Total Cost":195025.67,"Plan Rows":10000162,"Plan Width":6,"Actual Startup Time":0.192,"Actual Total Time":0.193,"Actual Rows":10000000,"Actual Loops":1,"Shared Hit Blocks":0,"Shared Read Blocks":0,"Shared Dirtied Blocks":0,"Shared Written Blocks":0,"Local Hit Blocks":0,"Local Read Blocks":0,"Local Dirtied Blocks":0,"Local Written Blocks":0,"Temp Read Blocks":0,"Temp Written Blocks":0,"I/O Read Time":0.0,"I/O Write Time":0.0,"Temp I/O Read Time":0.0,"Temp I/O Write Time":0.0,"Subplans Removed":0,"Plans":[{"Node Type":"Custom Scan","Parent Relationship":"Member","Custom Plan Provider":"columnar scan","Parallel Aware":false,"Async Capable":false,"Relation Name":"stock","Schema":"public","Alias":"stock","Startup Cost":20.0,"Total Cost":195020.05,"Plan Rows":10000000,"Plan Width":6,"Actual Startup Time":0.191,"Actual Total Time":0.192,"Actual Rows":10000000,"Actual Loops":1,"Output":["stock.s_w_id","stock.s_i_id"],"Rows Removed by Columnar Filter":0,"Columnar cache search mode":"native","Shared Hit Blocks":0,"Shared Read Blocks":0,"Shared Dirtied Blocks":0,"Shared Written Blocks":0,"Local Hit Blocks":0,"Local Read Blocks":0,"Local Dirtied Blocks":0,"Local Written Blocks":0,"Temp Read Blocks":0,"Temp Written Blocks":0,"I/O Read Time":0.0,"I/O Write Time":0.0,"Temp I/O Read Time":0.0,"Temp I/O Write Time":0.0},{"Node Type":"Seq Scan","Parent Relationship":"Member","Parallel Aware":false,"Async Capable":false,"Relation Name":"stock","Schema":"public","Alias":"stock","Startup Cost":0.0,"Total Cost":5.62,"Plan Rows":162,"Plan Width":6,"Actual Startup Time":0.0,"Actual Total Time":0.0,"Actual Rows":0,"Actual Loops":0,"Output":["stock.s_w_id","stock.s_i_id"],"Shared Hit Blocks":0,"Shared Read Blocks":0,"Shared Dirtied Blocks":0,"Shared Written Blocks":0,"Local Hit Blocks":0,"Local Read Blocks":0,"Local Dirtied Blocks":0,"Local Written Blocks":0,"Temp Read Blocks":0,"Temp Written Blocks":0,"I/O Read Time":0.0,"I/O Write Time":0.0,"Temp I/O Read Time":0.0,"Temp I/O Write Time":0.0}]}]}]},{"Node Type":"Hash","Parent Relationship":"Inner","Parallel Aware":false,"Async Capable":false,"Startup Cost":219.01,"Total Cost":219.01,"Plan Rows":10001,"Plan Width":8,"Actual Startup Time":2.982,"Actual Total Time":2.983,"Actual Rows":10000,"Actual Loops":1,"Output":["supplier.su_nationkey","supplier.su_suppkey"],"Hash Buckets":16384,"Original Hash Buckets":16384,"Hash Batches":1,"Original Hash Batches":1,"Peak Memory Usage":519,"Shared Hit Blocks":0,"Shared Read Blocks":0,"Shared Dirtied Blocks":0,"Shared Written Blocks":0,"Local Hit Blocks":0,"Local Read Blocks":0,"Local Dirtied Blocks":0,"Local Written Blocks":0,"Temp Read Blocks":0,"Temp Written Blocks":0,"I/O Read Time":0.0,"I/O Write Time":0.0,"Temp I/O Read Time":0.0,"Temp I/O Write Time":0.0,"Plans":[{"Node Type":"Append","Parent Relationship":"Outer","Parallel Aware":false,"Async Capable":false,"Startup Cost":20.0,"Total Cost":219.01,"Plan Rows":10001,"Plan Width":8,"Actual Startup Time":0.013,"Actual Total Time":1.766,"Actual Rows":10000,"Actual Loops":1,"Shared Hit Blocks":0,"Shared Read Blocks":0,"Shared Dirtied Blocks":0,"Shared Written Blocks":0,"Local Hit Blocks":0,"Local Read Blocks":0,"Local Dirtied Blocks":0,"Local Written Blocks":0,"Temp Read Blocks":0,"Temp Written Blocks":0,"I/O Read Time":0.0,"I/O Write Time":0.0,"Temp I/O Read Time":0.0,"Temp I/O Write Time":0.0,"Subplans Removed":0,"Plans":[{"Node Type":"Custom Scan","Parent Relationship":"Member","Custom Plan Provider":"columnar scan","Parallel Aware":false,"Async Capable":false,"Relation Name":"supplier","Schema":"public","Alias":"supplier","Startup Cost":20.0,"Total Cost":215.0,"Plan Rows":10000,"Plan Width":8,"Actual Startup Time":0.012,"Actual Total Time":1.054,"Actual Rows":10000,"Actual Loops":1,"Output":["supplier.su_nationkey","supplier.su_suppkey"],"Rows Removed by Columnar Filter":0,"Columnar cache search mode":"native","Shared Hit Blocks":0,"Shared Read Blocks":0,"Shared Dirtied Blocks":0,"Shared Written Blocks":0,"Local Hit Blocks":0,"Local Read Blocks":0,"Local Dirtied Blocks":0,"Local Written Blocks":0,"Temp Read Blocks":0,"Temp Written Blocks":0,"I/O Read Time":0.0,"I/O Write Time":0.0,"Temp I/O Read Time":0.0,"Temp I/O Write Time":0.0},{"Node Type":"Seq Scan","Parent Relationship":"Member","Parallel Aware":false,"Async Capable":false,"Relation Name":"supplier","Schema":"public","Alias":"supplier","Startup Cost":0.0,"Total Cost":4.01,"Plan Rows":1,"Plan Width":8,"Actual Startup Time":0.0,"Actual Total Time":0.0,"Actual Rows":0,"Actual Loops":0,"Output":["supplier.su_nationkey","supplier.su_suppkey"],"Shared Hit Blocks":0,"Shared Read Blocks":0,"Shared Dirtied Blocks":0,"Shared Written Blocks":0,"Local Hit Blocks":0,"Local Read Blocks":0,"Local Dirtied Blocks":0,"Local Written Blocks":0,"Temp Read Blocks":0,"Temp Written Blocks":0,"I/O Read Time":0.0,"I/O Write Time":0.0,"Temp I/O Read Time":0.0,"Temp I/O Write Time":0.0}]}]}]},{"Node Type":"Hash","Parent Relationship":"Inner","Parallel Aware":false,"Async Capable":false,"Startup Cost":1.93,"Total Cost":1.93,"Plan Rows":2,"Plan Width":12,"Actual Startup Time":0.02,"Actual Total Time":0.021,"Actual Rows":2,"Actual Loops":1,"Output":["n1.n_nationkey","n1.n_name"],"Hash Buckets":1024,"Original Hash Buckets":1024,"Hash Batches":1,"Original Hash Batches":1,"Peak Memory Usage":9,"Shared Hit Blocks":1,"Shared Read Blocks":0,"Shared Dirtied Blocks":0,"Shared Written Blocks":0,"Local Hit Blocks":0,"Local Read Blocks":0,"Local Dirtied Blocks":0,"Local Written Blocks":0,"Temp Read Blocks":0,"Temp Written Blocks":0,"I/O Read Time":0.0,"I/O Write Time":0.0,"Temp I/O Read Time":0.0,"Temp I/O Write Time":0.0,"Plans":[{"Node Type":"Seq Scan","Parent Relationship":"Outer","Parallel Aware":false,"Async Capable":false,"Relation Name":"nation","Schema":"public","Alias":"n1","Startup Cost":0.0,"Total Cost":1.93,"Plan Rows":2,"Plan Width":12,"Actual Startup Time":0.012,"Actual Total Time":0.017,"Actual Rows":2,"Actual Loops":1,"Output":["n1.n_nationkey","n1.n_name"],"Filter":"(((n1.n_name)::text = 'Germany'::text) OR ((n1.n_name)::text = 'Cambodia'::text))","Rows Removed by Filter":60,"Shared Hit Blocks":1,"Shared Read Blocks":0,"Shared Dirtied Blocks":0,"Shared Written Blocks":0,"Local Hit Blocks":0,"Local Read Blocks":0,"Local Dirtied Blocks":0,"Local Written Blocks":0,"Temp Read Blocks":0,"Temp Written Blocks":0,"I/O Read Time":0.0,"I/O Write Time":0.0,"Temp I/O Read Time":0.0,"Temp I/O Write Time":0.0}]}]},{"Node Type":"Hash","Parent Relationship":"Inner","Parallel Aware":false,"Async Capable":false,"Startup Cost":59559.0,"Total Cost":59559.0,"Plan Rows":2998176,"Plan Width":24,"Actual Startup Time":1014.027,"Actual Total Time":1014.028,"Actual Rows":2997892,"Actual Loops":1,"Output":["orders.o_entry_d","orders.o_w_id","orders.o_d_id","orders.o_id","orders.o_c_id"],"Hash Buckets":131072,"Original Hash Buckets":131072,"Hash Batches":32,"Original Hash Batches":32,"Peak Memory Usage":6539,"Shared Hit Blocks":22059,"Shared Read Blocks":0,"Shared Dirtied Blocks":0,"Shared Written Blocks":0,"Local Hit Blocks":0,"Local Read Blocks":0,"Local Dirtied Blocks":0,"Local Written Blocks":0,"Temp Read Blocks":0,"Temp Written Blocks":16995,"I/O Read Time":0.0,"I/O Write Time":0.0,"Temp I/O Read Time":0.0,"Temp I/O Write Time":76.284,"Plans":[{"Node Type":"Seq Scan","Parent Relationship":"Outer","Parallel Aware":false,"Async Capable":false,"Relation Name":"orders","Schema":"public","Alias":"orders","Startup Cost":0.0,"Total Cost":59559.0,"Plan Rows":2998176,"Plan Width":24,"Actual Startup Time":0.017,"Actual Total Time":424.951,"Actual Rows":2997892,"Actual Loops":1,"Output":["orders.o_entry_d","orders.o_w_id","orders.o_d_id","orders.o_id","orders.o_c_id"],"Filter":"(orders.o_entry_d >= '1992-01-02 20:10:02.27764'::timestamp without time zone)","Rows Removed by Filter":2108,"Shared Hit Blocks":22059,"Shared Read Blocks":0,"Shared Dirtied Blocks":0,"Shared Written Blocks":0,"Local Hit Blocks":0,"Local Read Blocks":0,"Local Dirtied Blocks":0,"Local Written Blocks":0,"Temp Read Blocks":0,"Temp Written Blocks":0,"I/O Read Time":0.0,"I/O Write Time":0.0,"Temp I/O Read Time":0.0,"Temp I/O Write Time":0.0}]}]}]},{"Node Type":"Materialize","Parent Relationship":"Inner","Parallel Aware":false,"Async Capable":false,"Startup Cost":272923.48,"Total Cost":273407.31,"Plan Rows":96766,"Plan Width":20,"Actual Startup Time":131.518,"Actual Total Time":164.22,"Actual Rows":146547,"Actual Loops":1,"Output":["customer.c_nationkey","customer.c_id","customer.c_w_id","customer.c_d_id","n2.n_name"],"Shared Hit Blocks":1,"Shared Read Blocks":0,"Shared Dirtied Blocks":0,"Shared Written Blocks":0,"Local Hit Blocks":0,"Local Read Blocks":0,"Local Dirtied Blocks":0,"Local Written Blocks":0,"Temp Read Blocks":545,"Temp Written Blocks":548,"I/O Read Time":0.0,"I/O Write Time":0.0,"Temp I/O Read Time":0.691,"Temp I/O Write Time":2.057,"Plans":[{"Node Type":"Sort","Parent Relationship":"Outer","Parallel Aware":false,"Async Capable":false,"Startup Cost":272923.48,"Total Cost":273165.4,"Plan Rows":96766,"Plan Width":20,"Actual Startup Time":131.512,"Actual Total Time":148.49,"Actual Rows":144982,"Actual Loops":1,"Output":["customer.c_nationkey","customer.c_id","customer.c_w_id","customer.c_d_id","n2.n_name"],"Sort Key":["customer.c_id","customer.c_w_id","customer.c_d_id"],"Sort Method":"external merge","Sort Space Used":4360,"Sort Space Type":"Disk","Shared Hit Blocks":1,"Shared Read Blocks":0,"Shared Dirtied Blocks":0,"Shared Written Blocks":0,"Local Hit Blocks":0,"Local Read Blocks":0,"Local Dirtied Blocks":0,"Local Written Blocks":0,"Temp Read Blocks":545,"Temp Written Blocks":548,"I/O Read Time":0.0,"I/O Write Time":0.0,"Temp I/O Read Time":0.691,"Temp I/O Write Time":2.057,"Plans":[{"Node Type":"Hash Join","Parent Relationship":"Outer","Parallel Aware":false,"Async Capable":false,"Join Type":"Inner","Startup Cost":21.95,"Total Cost":262925.69,"Plan Rows":96766,"Plan Width":20,"Actual Startup Time":0.729,"Actual Total Time":80.539,"Actual Rows":144986,"Actual Loops":1,"Output":["customer.c_nationkey","customer.c_id","customer.c_w_id","customer.c_d_id","n2.n_name"],"Hash Cond":"(customer.c_nationkey = n2.n_nationkey)","Shared Hit Blocks":1,"Shared Read Blocks":0,"Shared Dirtied Blocks":0,"Shared Written Blocks":0,"Local Hit Blocks":0,"Local Read Blocks":0,"Local Dirtied Blocks":0,"Local Written Blocks":0,"Temp Read Blocks":0,"Temp Written Blocks":0,"I/O Read Time":0.0,"I/O Write Time":0.0,"Temp I/O Read Time":0.0,"Temp I/O Write Time":0.0,"Plans":[{"Node Type":"Append","Parent Relationship":"Outer","Parallel Aware":false,"Async Capable":false,"Startup Cost":20.0,"Total Cost":254511.16,"Plan Rows":2999739,"Plan Width":12,"Actual Startup Time":0.277,"Actual Total Time":53.027,"Actual Rows":144986,"Actual Loops":1,"Shared Hit Blocks":0,"Shared Read Blocks":0,"Shared Dirtied Blocks":0,"Shared Written Blocks":0,"Local Hit Blocks":0,"Local Read Blocks":0,"Local Dirtied Blocks":0,"Local Written Blocks":0,"Temp Read Blocks":0,"Temp Written Blocks":0,"I/O Read Time":0.0,"I/O Write Time":0.0,"Temp I/O Read Time":0.0,"Temp I/O Write Time":0.0,"Subplans Removed":0,"Plans":[{"Node Type":"Custom Scan","Parent Relationship":"Member","Custom Plan Provider":"columnar scan","Parallel Aware":false,"Async Capable":false,"Relation Name":"customer","Schema":"public","Alias":"customer","Startup Cost":20.0,"Total Cost":70513.87,"Plan Rows":2999738,"Plan Width":12,"Actual Startup Time":0.275,"Actual Total Time":42.824,"Actual Rows":144986,"Actual Loops":1,"Output":["customer.c_nationkey","customer.c_id","customer.c_w_id","customer.c_d_id"],"Rows Removed by Columnar Filter":2855014,"Rows Filtered by Bloom Filter":0,"Dictionary Rows Filtered by Bloom Filter":2855014,"Columnar cache search mode":"native","Shared Hit Blocks":0,"Shared Read Blocks":0,"Shared Dirtied Blocks":0,"Shared Written Blocks":0,"Local Hit Blocks":0,"Local Read Blocks":0,"Local Dirtied Blocks":0,"Local Written Blocks":0,"Temp Read Blocks":0,"Temp Written Blocks":0,"I/O Read Time":0.0,"I/O Write Time":0.0,"Temp I/O Read Time":0.0,"Temp I/O Write Time":0.0},{"Node Type":"Seq Scan","Parent Relationship":"Member","Parallel Aware":false,"Async Capable":false,"Relation Name":"customer","Schema":"public","Alias":"customer","Startup Cost":0.0,"Total Cost":4.01,"Plan Rows":1,"Plan Width":12,"Actual Startup Time":0.0,"Actual Total Time":0.0,"Actual Rows":0,"Actual Loops":0,"Output":["customer.c_nationkey","customer.c_id","customer.c_w_id","customer.c_d_id"],"Shared Hit Blocks":0,"Shared Read Blocks":0,"Shared Dirtied Blocks":0,"Shared Written Blocks":0,"Local Hit Blocks":0,"Local Read Blocks":0,"Local Dirtied Blocks":0,"Local Written Blocks":0,"Temp Read Blocks":0,"Temp Written Blocks":0,"I/O Read Time":0.0,"I/O Write Time":0.0,"Temp I/O Read Time":0.0,"Temp I/O Write Time":0.0}]},{"Node Type":"Hash","Parent Relationship":"Inner","Parallel Aware":false,"Async Capable":false,"Startup Cost":1.93,"Total Cost":1.93,"Plan Rows":2,"Plan Width":12,"Actual Startup Time":0.038,"Actual Total Time":0.038,"Actual Rows":2,"Actual Loops":1,"Output":["n2.n_nationkey","n2.n_name"],"Hash Buckets":1024,"Original Hash Buckets":1024,"Hash Batches":1,"Original Hash Batches":1,"Peak Memory Usage":9,"Shared Hit Blocks":1,"Shared Read Blocks":0,"Shared Dirtied Blocks":0,"Shared Written Blocks":0,"Local Hit Blocks":0,"Local Read Blocks":0,"Local Dirtied Blocks":0,"Local Written Blocks":0,"Temp Read Blocks":0,"Temp Written Blocks":0,"I/O Read Time":0.0,"I/O Write Time":0.0,"Temp I/O Read Time":0.0,"Temp I/O Write Time":0.0,"Plans":[{"Node Type":"Seq Scan","Parent Relationship":"Outer","Parallel Aware":false,"Async Capable":false,"Relation Name":"nation","Schema":"public","Alias":"n2","Startup Cost":0.0,"Total Cost":1.93,"Plan Rows":2,"Plan Width":12,"Actual Startup Time":0.026,"Actual Total Time":0.032,"Actual Rows":2,"Actual Loops":1,"Output":["n2.n_nationkey","n2.n_name"],"Filter":"(((n2.n_name)::text = 'Cambodia'::text) OR ((n2.n_name)::text = 'Germany'::text))","Rows Removed by Filter":60,"Shared Hit Blocks":1,"Shared Read Blocks":0,"Shared Dirtied Blocks":0,"Shared Written Blocks":0,"Local Hit Blocks":0,"Local Read Blocks":0,"Local Dirtied Blocks":0,"Local Written Blocks":0,"Temp Read Blocks":0,"Temp Written Blocks":0,"I/O Read Time":0.0,"I/O Write Time":0.0,"Temp I/O Read Time":0.0,"Temp I/O Write Time":0.0}]}]}]}]}]}]}]},"Planning":{"Shared Hit Blocks":12,"Shared Read Blocks":0,"Shared Dirtied Blocks":0,"Shared Written Blocks":0,"Local Hit Blocks":0,"Local Read Blocks":0,"Local Dirtied Blocks":0,"Local Written Blocks":0,"Temp Read Blocks":0,"Temp Written Blocks":0,"I/O Read Time":0.0,"I/O Write Time":0.0,"Temp I/O Read Time":0.0,"Temp I/O Write Time":0.0},"Planning Time":3.439,"Triggers":[],"Execution Time":6572.331}]
[列存组合]: customer, orders, stock, supplier
[{"Plan":{"Node Type":"Aggregate","Strategy":"Sorted","Partial Mode":"Simple","Parallel Aware":false,"Async Capable":false,"Startup Cost":1930570.11,"Total Cost":1930691.71,"Plan Rows":4422,"Plan Width":72,"Actual Startup Time":13218.694,"Actual Total Time":13219.969,"Actual Rows":6,"Actual Loops":1,"Output":["supplier.su_nationkey","customer.c_nationkey","(EXTRACT(year FROM orders.o_entry_d))","sum(order_line.ol_amount)"],"Group Key":["supplier.su_nationkey","customer.c_nationkey","(EXTRACT(year FROM orders.o_entry_d))"],"Shared Hit Blocks":390283,"Shared Read Blocks":0,"Shared Dirtied Blocks":0,"Shared Written Blocks":0,"Local Hit Blocks":0,"Local Read Blocks":0,"Local Dirtied Blocks":0,"Local Written Blocks":0,"Temp Read Blocks":99613,"Temp Written Blocks":99622,"I/O Read Time":0.0,"I/O Write Time":0.0,"Temp I/O Read Time":161.087,"Temp I/O Write Time":450.465,"Plans":[{"Node Type":"Sort","Parent Relationship":"Outer","Parallel Aware":false,"Async Capable":false,"Startup Cost":1930570.11,"Total Cost":1930581.16,"Plan Rows":4422,"Plan Width":44,"Actual Startup Time":13218.633,"Actual Total Time":13218.899,"Actual Rows":6043,"Actual Loops":1,"Output":["supplier.su_nationkey","customer.c_nationkey","(EXTRACT(year FROM orders.o_entry_d))","order_line.ol_amount"],"Sort Key":["supplier.su_nationkey","customer.c_nationkey","(EXTRACT(year FROM orders.o_entry_d))"],"Sort Method":"quicksort","Sort Space Used":523,"Sort Space Type":"Memory","Shared Hit Blocks":390283,"Shared Read Blocks":0,"Shared Dirtied Blocks":0,"Shared Written Blocks":0,"Local Hit Blocks":0,"Local Read Blocks":0,"Local Dirtied Blocks":0,"Local Written Blocks":0,"Temp Read Blocks":99613,"Temp Written Blocks":99622,"I/O Read Time":0.0,"I/O Write Time":0.0,"Temp I/O Read Time":161.087,"Temp I/O Write Time":450.465,"Plans":[{"Node Type":"Merge Join","Parent Relationship":"Outer","Parallel Aware":false,"Async Capable":false,"Join Type":"Inner","Startup Cost":1926209.96,"Total Cost":1930302.34,"Plan Rows":4422,"Plan Width":44,"Actual Startup Time":13066.4,"Actual Total Time":13217.202,"Actual Rows":6043,"Actual Loops":1,"Output":["supplier.su_nationkey","customer.c_nationkey","EXTRACT(year FROM orders.o_entry_d)","order_line.ol_amount"],"Inner Unique":false,"Merge Cond":"((orders.o_c_id = customer.c_id) AND (order_line.ol_w_id = customer.c_w_id) AND (order_line.ol_d_id = customer.c_d_id))","Join Filter":"((((n1.n_name)::text = 'Germany'::text) AND ((n2.n_name)::text = 'Cambodia'::text)) OR (((n1.n_name)::text = 'Cambodia'::text) AND ((n2.n_name)::text = 'Germany'::text)))","Rows Removed by Join Filter":5752,"Shared Hit Blocks":390283,"Shared Read Blocks":0,"Shared Dirtied Blocks":0,"Shared Written Blocks":0,"Local Hit Blocks":0,"Local Read Blocks":0,"Local Dirtied Blocks":0,"Local Written Blocks":0,"Temp Read Blocks":99613,"Temp Written Blocks":99622,"I/O Read Time":0.0,"I/O Write Time":0.0,"Temp I/O Read Time":161.087,"Temp I/O Write Time":450.465,"Plans":[{"Node Type":"Sort","Parent Relationship":"Outer","Parallel Aware":false,"Async Capable":false,"Startup Cost":1653286.38,"Total Cost":1653960.94,"Plan Rows":269824,"Plan Width":36,"Actual Startup Time":12935.735,"Actual Total Time":13006.434,"Actual Rows":242214,"Actual Loops":1,"Output":["supplier.su_nationkey","order_line.ol_amount","order_line.ol_w_id","order_line.ol_d_id","orders.o_entry_d","orders.o_w_id","orders.o_d_id","orders.o_c_id","n1.n_name"],"Sort Key":["orders.o_c_id","order_line.ol_w_id","order_line.ol_d_id"],"Sort Method":"external merge","Sort Space Used":11984,"Sort Space Type":"Disk","Shared Hit Blocks":390282,"Shared Read Blocks":0,"Shared Dirtied Blocks":0,"Shared Written Blocks":0,"Local Hit Blocks":0,"Local Read Blocks":0,"Local Dirtied Blocks":0,"Local Written Blocks":0,"Temp Read Blocks":99068,"Temp Written Blocks":99074,"I/O Read Time":0.0,"I/O Write Time":0.0,"Temp I/O Read Time":160.41,"Temp I/O Write Time":448.416,"Plans":[{"Node Type":"Hash Join","Parent Relationship":"Outer","Parallel Aware":false,"Async Capable":false,"Join Type":"Inner","Startup Cost":578698.35,"Total Cost":1621568.01,"Plan Rows":269824,"Plan Width":36,"Actual Startup Time":2999.676,"Actual Total Time":12809.242,"Actual Rows":242214,"Actual Loops":1,"Output":["supplier.su_nationkey","order_line.ol_amount","order_line.ol_w_id","order_line.ol_d_id","orders.o_entry_d","orders.o_w_id","orders.o_d_id","orders.o_c_id","n1.n_name"],"Inner Unique":true,"Hash Cond":"((order_line.ol_w_id = orders.o_w_id) AND (order_line.ol_d_id = orders.o_d_id) AND (order_line.ol_o_id = orders.o_id))","Shared Hit Blocks":390282,"Shared Read Blocks":0,"Shared Dirtied Blocks":0,"Shared Written Blocks":0,"Local Hit Blocks":0,"Local Read Blocks":0,"Local Dirtied Blocks":0,"Local Written Blocks":0,"Temp Read Blocks":97570,"Temp Written Blocks":97570,"I/O Read Time":0.0,"I/O Write Time":0.0,"Temp I/O Read Time":158.358,"Temp I/O Write Time":442.916,"Plans":[{"Node Type":"Hash Join","Parent Relationship":"Outer","Parallel Aware":false,"Async Capable":false,"Join Type":"Inner","Startup Cost":449103.27,"Total Cost":1468586.78,"Plan Rows":269988,"Plan Width":28,"Actual Startup Time":2093.974,"Actual Total Time":11577.017,"Actual Rows":242214,"Actual Loops":1,"Output":["supplier.su_nationkey","order_line.ol_amount","order_line.ol_w_id","order_line.ol_d_id","order_line.ol_o_id","n1.n_name"],"Inner Unique":true,"Hash Cond":"(supplier.su_nationkey = n1.n_nationkey)","Shared Hit Blocks":368223,"Shared Read Blocks":0,"Shared Dirtied Blocks":0,"Shared Written Blocks":0,"Local Hit Blocks":0,"Local Read Blocks":0,"Local Dirtied Blocks":0,"Local Written Blocks":0,"Temp Read Blocks":79026,"Temp Written Blocks":79026,"I/O Read Time":0.0,"I/O Write Time":0.0,"Temp I/O Read Time":129.33,"Temp I/O Write Time":361.382,"Plans":[{"Node Type":"Hash Join","Parent Relationship":"Outer","Parallel Aware":false,"Async Capable":false,"Join Type":"Inner","Startup Cost":449101.32,"Total Cost":1445112.71,"Plan Rows":8369638,"Plan Width":20,"Actual Startup Time":2092.078,"Actual Total Time":10968.949,"Actual Rows":8570498,"Actual Loops":1,"Output":["supplier.su_nationkey","order_line.ol_amount","order_line.ol_w_id","order_line.ol_d_id","order_line.ol_o_id"],"Inner Unique":true,"Hash Cond":"(mod((stock.s_w_id * stock.s_i_id), 10000) = supplier.su_suppkey)","Shared Hit Blocks":368222,"Shared Read Blocks":0,"Shared Dirtied Blocks":0,"Shared Written Blocks":0,"Local Hit Blocks":0,"Local Read Blocks":0,"Local Dirtied Blocks":0,"Local Written Blocks":0,"Temp Read Blocks":79026,"Temp Written Blocks":79026,"I/O Read Time":0.0,"I/O Write Time":0.0,"Temp I/O Read Time":129.33,"Temp I/O Write Time":361.382,"Plans":[{"Node Type":"Hash Join","Parent Relationship":"Outer","Parallel Aware":false,"Async Capable":false,"Join Type":"Inner","Startup Cost":448757.29,"Total Cost":1420694.79,"Plan Rows":8369638,"Plan Width":22,"Actual Startup Time":2089.037,"Actual Total Time":9285.269,"Actual Rows":8570498,"Actual Loops":1,"Output":["stock.s_w_id","stock.s_i_id","order_line.ol_amount","order_line.ol_w_id","order_line.ol_d_id","order_line.ol_o_id"],"Inner Unique":true,"Hash Cond":"((order_line.ol_supply_w_id = stock.s_w_id) AND (order_line.ol_i_id = stock.s_i_id))","Shared Hit Blocks":368222,"Shared Read Blocks":0,"Shared Dirtied Blocks":0,"Shared Written Blocks":0,"Local Hit Blocks":0,"Local Read Blocks":0,"Local Dirtied Blocks":0,"Local Written Blocks":0,"Temp Read Blocks":79026,"Temp Written Blocks":79026,"I/O Read Time":0.0,"I/O Write Time":0.0,"Temp I/O Read Time":129.33,"Temp I/O Write Time":361.382,"Plans":[{"Node Type":"Seq Scan","Parent Relationship":"Outer","Parallel Aware":false,"Async Capable":false,"Relation Name":"order_line","Schema":"public","Alias":"order_line","Startup Cost":0.0,"Total Cost":790850.88,"Plan Rows":8369638,"Plan Width":22,"Actual Startup Time":13.179,"Actual Total Time":2837.92,"Actual Rows":8570498,"Actual Loops":1,"Output":["order_line.ol_amount","order_line.ol_supply_w_id","order_line.ol_i_id","order_line.ol_w_id","order_line.ol_d_id","order_line.ol_o_id"],"Filter":"((order_line.ol_delivery_d >= '1995-01-02 20:10:02.27764'::timestamp without time zone) AND (order_line.ol_delivery_d <= '1997-01-01 20:10:02.27764'::timestamp without time zone))","Rows Removed by Filter":21427234,"Shared Hit Blocks":340884,"Shared Read Blocks":0,"Shared Dirtied Blocks":0,"Shared Written Blocks":0,"Local Hit Blocks":0,"Local Read Blocks":0,"Local Dirtied Blocks":0,"Local Written Blocks":0,"Temp Read Blocks":0,"Temp Written Blocks":0,"I/O Read Time":0.0,"I/O Write Time":0.0,"Temp I/O Read Time":0.0,"Temp I/O Write Time":0.0},{"Node Type":"Hash","Parent Relationship":"Inner","Parallel Aware":false,"Async Capable":false,"Startup Cost":259690.86,"Total Cost":259690.86,"Plan Rows":10000162,"Plan Width":6,"Actual Startup Time":2074.584,"Actual Total Time":2074.585,"Actual Rows":10000000,"Actual Loops":1,"Output":["stock.s_w_id","stock.s_i_id"],"Hash Buckets":262144,"Original Hash Buckets":262144,"Hash Batches":64,"Original Hash Batches":64,"Peak Memory Usage":8133,"Shared Hit Blocks":27338,"Shared Read Blocks":0,"Shared Dirtied Blocks":0,"Shared Written Blocks":0,"Local Hit Blocks":0,"Local Read Blocks":0,"Local Dirtied Blocks":0,"Local Written Blocks":0,"Temp Read Blocks":0,"Temp Written Blocks":33616,"I/O Read Time":0.0,"I/O Write Time":0.0,"Temp I/O Read Time":0.0,"Temp I/O Write Time":149.611,"Plans":[{"Node Type":"Index Only Scan","Parent Relationship":"Outer","Parallel Aware":false,"Async Capable":false,"Scan Direction":"Forward","Index Name":"stock_pk","Relation Name":"stock","Schema":"public","Alias":"stock","Startup Cost":0.43,"Total Cost":259690.86,"Plan Rows":10000162,"Plan Width":6,"Actual Startup Time":0.022,"Actual Total Time":717.486,"Actual Rows":10000000,"Actual Loops":1,"Output":["stock.s_w_id","stock.s_i_id"],"Heap Fetches":0,"Shared Hit Blocks":27338,"Shared Read Blocks":0,"Shared Dirtied Blocks":0,"Shared Written Blocks":0,"Local Hit Blocks":0,"Local Read Blocks":0,"Local Dirtied Blocks":0,"Local Written Blocks":0,"Temp Read Blocks":0,"Temp Written Blocks":0,"I/O Read Time":0.0,"I/O Write Time":0.0,"Temp I/O Read Time":0.0,"Temp I/O Write Time":0.0}]}]},{"Node Type":"Hash","Parent Relationship":"Inner","Parallel Aware":false,"Async Capable":false,"Startup Cost":219.01,"Total Cost":219.01,"Plan Rows":10001,"Plan Width":8,"Actual Startup Time":2.992,"Actual Total Time":2.994,"Actual Rows":10000,"Actual Loops":1,"Output":["supplier.su_nationkey","supplier.su_suppkey"],"Hash Buckets":16384,"Original Hash Buckets":16384,"Hash Batches":1,"Original Hash Batches":1,"Peak Memory Usage":519,"Shared Hit Blocks":0,"Shared Read Blocks":0,"Shared Dirtied Blocks":0,"Shared Written Blocks":0,"Local Hit Blocks":0,"Local Read Blocks":0,"Local Dirtied Blocks":0,"Local Written Blocks":0,"Temp Read Blocks":0,"Temp Written Blocks":0,"I/O Read Time":0.0,"I/O Write Time":0.0,"Temp I/O Read Time":0.0,"Temp I/O Write Time":0.0,"Plans":[{"Node Type":"Append","Parent Relationship":"Outer","Parallel Aware":false,"Async Capable":false,"Startup Cost":20.0,"Total Cost":219.01,"Plan Rows":10001,"Plan Width":8,"Actual Startup Time":0.025,"Actual Total Time":1.779,"Actual Rows":10000,"Actual Loops":1,"Shared Hit Blocks":0,"Shared Read Blocks":0,"Shared Dirtied Blocks":0,"Shared Written Blocks":0,"Local Hit Blocks":0,"Local Read Blocks":0,"Local Dirtied Blocks":0,"Local Written Blocks":0,"Temp Read Blocks":0,"Temp Written Blocks":0,"I/O Read Time":0.0,"I/O Write Time":0.0,"Temp I/O Read Time":0.0,"Temp I/O Write Time":0.0,"Subplans Removed":0,"Plans":[{"Node Type":"Custom Scan","Parent Relationship":"Member","Custom Plan Provider":"columnar scan","Parallel Aware":false,"Async Capable":false,"Relation Name":"supplier","Schema":"public","Alias":"supplier","Startup Cost":20.0,"Total Cost":215.0,"Plan Rows":10000,"Plan Width":8,"Actual Startup Time":0.024,"Actual Total Time":1.075,"Actual Rows":10000,"Actual Loops":1,"Output":["supplier.su_nationkey","supplier.su_suppkey"],"Rows Removed by Columnar Filter":0,"Columnar cache search mode":"native","Shared Hit Blocks":0,"Shared Read Blocks":0,"Shared Dirtied Blocks":0,"Shared Written Blocks":0,"Local Hit Blocks":0,"Local Read Blocks":0,"Local Dirtied Blocks":0,"Local Written Blocks":0,"Temp Read Blocks":0,"Temp Written Blocks":0,"I/O Read Time":0.0,"I/O Write Time":0.0,"Temp I/O Read Time":0.0,"Temp I/O Write Time":0.0},{"Node Type":"Seq Scan","Parent Relationship":"Member","Parallel Aware":false,"Async Capable":false,"Relation Name":"supplier","Schema":"public","Alias":"supplier","Startup Cost":0.0,"Total Cost":4.01,"Plan Rows":1,"Plan Width":8,"Actual Startup Time":0.0,"Actual Total Time":0.0,"Actual Rows":0,"Actual Loops":0,"Output":["supplier.su_nationkey","supplier.su_suppkey"],"Shared Hit Blocks":0,"Shared Read Blocks":0,"Shared Dirtied Blocks":0,"Shared Written Blocks":0,"Local Hit Blocks":0,"Local Read Blocks":0,"Local Dirtied Blocks":0,"Local Written Blocks":0,"Temp Read Blocks":0,"Temp Written Blocks":0,"I/O Read Time":0.0,"I/O Write Time":0.0,"Temp I/O Read Time":0.0,"Temp I/O Write Time":0.0}]}]}]},{"Node Type":"Hash","Parent Relationship":"Inner","Parallel Aware":false,"Async Capable":false,"Startup Cost":1.93,"Total Cost":1.93,"Plan Rows":2,"Plan Width":12,"Actual Startup Time":0.023,"Actual Total Time":0.023,"Actual Rows":2,"Actual Loops":1,"Output":["n1.n_nationkey","n1.n_name"],"Hash Buckets":1024,"Original Hash Buckets":1024,"Hash Batches":1,"Original Hash Batches":1,"Peak Memory Usage":9,"Shared Hit Blocks":1,"Shared Read Blocks":0,"Shared Dirtied Blocks":0,"Shared Written Blocks":0,"Local Hit Blocks":0,"Local Read Blocks":0,"Local Dirtied Blocks":0,"Local Written Blocks":0,"Temp Read Blocks":0,"Temp Written Blocks":0,"I/O Read Time":0.0,"I/O Write Time":0.0,"Temp I/O Read Time":0.0,"Temp I/O Write Time":0.0,"Plans":[{"Node Type":"Seq Scan","Parent Relationship":"Outer","Parallel Aware":false,"Async Capable":false,"Relation Name":"nation","Schema":"public","Alias":"n1","Startup Cost":0.0,"Total Cost":1.93,"Plan Rows":2,"Plan Width":12,"Actual Startup Time":0.015,"Actual Total Time":0.019,"Actual Rows":2,"Actual Loops":1,"Output":["n1.n_nationkey","n1.n_name"],"Filter":"(((n1.n_name)::text = 'Germany'::text) OR ((n1.n_name)::text = 'Cambodia'::text))","Rows Removed by Filter":60,"Shared Hit Blocks":1,"Shared Read Blocks":0,"Shared Dirtied Blocks":0,"Shared Written Blocks":0,"Local Hit Blocks":0,"Local Read Blocks":0,"Local Dirtied Blocks":0,"Local Written Blocks":0,"Temp Read Blocks":0,"Temp Written Blocks":0,"I/O Read Time":0.0,"I/O Write Time":0.0,"Temp I/O Read Time":0.0,"Temp I/O Write Time":0.0}]}]},{"Node Type":"Hash","Parent Relationship":"Inner","Parallel Aware":false,"Async Capable":false,"Startup Cost":59559.0,"Total Cost":59559.0,"Plan Rows":2998176,"Plan Width":24,"Actual Startup Time":897.689,"Actual Total Time":897.69,"Actual Rows":2997892,"Actual Loops":1,"Output":["orders.o_entry_d","orders.o_w_id","orders.o_d_id","orders.o_id","orders.o_c_id"],"Hash Buckets":131072,"Original Hash Buckets":131072,"Hash Batches":32,"Original Hash Batches":32,"Peak Memory Usage":6539,"Shared Hit Blocks":22059,"Shared Read Blocks":0,"Shared Dirtied Blocks":0,"Shared Written Blocks":0,"Local Hit Blocks":0,"Local Read Blocks":0,"Local Dirtied Blocks":0,"Local Written Blocks":0,"Temp Read Blocks":0,"Temp Written Blocks":16995,"I/O Read Time":0.0,"I/O Write Time":0.0,"Temp I/O Read Time":0.0,"Temp I/O Write Time":72.413,"Plans":[{"Node Type":"Seq Scan","Parent Relationship":"Outer","Parallel Aware":false,"Async Capable":false,"Relation Name":"orders","Schema":"public","Alias":"orders","Startup Cost":0.0,"Total Cost":59559.0,"Plan Rows":2998176,"Plan Width":24,"Actual Startup Time":0.014,"Actual Total Time":364.236,"Actual Rows":2997892,"Actual Loops":1,"Output":["orders.o_entry_d","orders.o_w_id","orders.o_d_id","orders.o_id","orders.o_c_id"],"Filter":"(orders.o_entry_d >= '1992-01-02 20:10:02.27764'::timestamp without time zone)","Rows Removed by Filter":2108,"Shared Hit Blocks":22059,"Shared Read Blocks":0,"Shared Dirtied Blocks":0,"Shared Written Blocks":0,"Local Hit Blocks":0,"Local Read Blocks":0,"Local Dirtied Blocks":0,"Local Written Blocks":0,"Temp Read Blocks":0,"Temp Written Blocks":0,"I/O Read Time":0.0,"I/O Write Time":0.0,"Temp I/O Read Time":0.0,"Temp I/O Write Time":0.0}]}]}]},{"Node Type":"Materialize","Parent Relationship":"Inner","Parallel Aware":false,"Async Capable":false,"Startup Cost":272923.48,"Total Cost":273407.31,"Plan Rows":96766,"Plan Width":20,"Actual Startup Time":130.629,"Actual Total Time":163.178,"Actual Rows":146547,"Actual Loops":1,"Output":["customer.c_nationkey","customer.c_id","customer.c_w_id","customer.c_d_id","n2.n_name"],"Shared Hit Blocks":1,"Shared Read Blocks":0,"Shared Dirtied Blocks":0,"Shared Written Blocks":0,"Local Hit Blocks":0,"Local Read Blocks":0,"Local Dirtied Blocks":0,"Local Written Blocks":0,"Temp Read Blocks":545,"Temp Written Blocks":548,"I/O Read Time":0.0,"I/O Write Time":0.0,"Temp I/O Read Time":0.677,"Temp I/O Write Time":2.049,"Plans":[{"Node Type":"Sort","Parent Relationship":"Outer","Parallel Aware":false,"Async Capable":false,"Startup Cost":272923.48,"Total Cost":273165.4,"Plan Rows":96766,"Plan Width":20,"Actual Startup Time":130.622,"Actual Total Time":147.526,"Actual Rows":144982,"Actual Loops":1,"Output":["customer.c_nationkey","customer.c_id","customer.c_w_id","customer.c_d_id","n2.n_name"],"Sort Key":["customer.c_id","customer.c_w_id","customer.c_d_id"],"Sort Method":"external merge","Sort Space Used":4360,"Sort Space Type":"Disk","Shared Hit Blocks":1,"Shared Read Blocks":0,"Shared Dirtied Blocks":0,"Shared Written Blocks":0,"Local Hit Blocks":0,"Local Read Blocks":0,"Local Dirtied Blocks":0,"Local Written Blocks":0,"Temp Read Blocks":545,"Temp Written Blocks":548,"I/O Read Time":0.0,"I/O Write Time":0.0,"Temp I/O Read Time":0.677,"Temp I/O Write Time":2.049,"Plans":[{"Node Type":"Hash Join","Parent Relationship":"Outer","Parallel Aware":false,"Async Capable":false,"Join Type":"Inner","Startup Cost":21.95,"Total Cost":262925.69,"Plan Rows":96766,"Plan Width":20,"Actual Startup Time":0.692,"Actual Total Time":80.184,"Actual Rows":144986,"Actual Loops":1,"Output":["customer.c_nationkey","customer.c_id","customer.c_w_id","customer.c_d_id","n2.n_name"],"Inner Unique":true,"Hash Cond":"(customer.c_nationkey = n2.n_nationkey)","Shared Hit Blocks":1,"Shared Read Blocks":0,"Shared Dirtied Blocks":0,"Shared Written Blocks":0,"Local Hit Blocks":0,"Local Read Blocks":0,"Local Dirtied Blocks":0,"Local Written Blocks":0,"Temp Read Blocks":0,"Temp Written Blocks":0,"I/O Read Time":0.0,"I/O Write Time":0.0,"Temp I/O Read Time":0.0,"Temp I/O Write Time":0.0,"Plans":[{"Node Type":"Append","Parent Relationship":"Outer","Parallel Aware":false,"Async Capable":false,"Startup Cost":20.0,"Total Cost":254511.16,"Plan Rows":2999739,"Plan Width":12,"Actual Startup Time":0.267,"Actual Total Time":52.849,"Actual Rows":144986,"Actual Loops":1,"Shared Hit Blocks":0,"Shared Read Blocks":0,"Shared Dirtied Blocks":0,"Shared Written Blocks":0,"Local Hit Blocks":0,"Local Read Blocks":0,"Local Dirtied Blocks":0,"Local Written Blocks":0,"Temp Read Blocks":0,"Temp Written Blocks":0,"I/O Read Time":0.0,"I/O Write Time":0.0,"Temp I/O Read Time":0.0,"Temp I/O Write Time":0.0,"Subplans Removed":0,"Plans":[{"Node Type":"Custom Scan","Parent Relationship":"Member","Custom Plan Provider":"columnar scan","Parallel Aware":false,"Async Capable":false,"Relation Name":"customer","Schema":"public","Alias":"customer","Startup Cost":20.0,"Total Cost":70513.87,"Plan Rows":2999738,"Plan Width":12,"Actual Startup Time":0.265,"Actual Total Time":42.612,"Actual Rows":144986,"Actual Loops":1,"Output":["customer.c_nationkey","customer.c_id","customer.c_w_id","customer.c_d_id"],"Rows Removed by Columnar Filter":2855014,"Rows Filtered by Bloom Filter":0,"Dictionary Rows Filtered by Bloom Filter":2855014,"Columnar cache search mode":"native","Shared Hit Blocks":0,"Shared Read Blocks":0,"Shared Dirtied Blocks":0,"Shared Written Blocks":0,"Local Hit Blocks":0,"Local Read Blocks":0,"Local Dirtied Blocks":0,"Local Written Blocks":0,"Temp Read Blocks":0,"Temp Written Blocks":0,"I/O Read Time":0.0,"I/O Write Time":0.0,"Temp I/O Read Time":0.0,"Temp I/O Write Time":0.0},{"Node Type":"Seq Scan","Parent Relationship":"Member","Parallel Aware":false,"Async Capable":false,"Relation Name":"customer","Schema":"public","Alias":"customer","Startup Cost":0.0,"Total Cost":4.01,"Plan Rows":1,"Plan Width":12,"Actual Startup Time":0.0,"Actual Total Time":0.0,"Actual Rows":0,"Actual Loops":0,"Output":["customer.c_nationkey","customer.c_id","customer.c_w_id","customer.c_d_id"],"Shared Hit Blocks":0,"Shared Read Blocks":0,"Shared Dirtied Blocks":0,"Shared Written Blocks":0,"Local Hit Blocks":0,"Local Read Blocks":0,"Local Dirtied Blocks":0,"Local Written Blocks":0,"Temp Read Blocks":0,"Temp Written Blocks":0,"I/O Read Time":0.0,"I/O Write Time":0.0,"Temp I/O Read Time":0.0,"Temp I/O Write Time":0.0}]},{"Node Type":"Hash","Parent Relationship":"Inner","Parallel Aware":false,"Async Capable":false,"Startup Cost":1.93,"Total Cost":1.93,"Plan Rows":2,"Plan Width":12,"Actual Startup Time":0.043,"Actual Total Time":0.044,"Actual Rows":2,"Actual Loops":1,"Output":["n2.n_nationkey","n2.n_name"],"Hash Buckets":1024,"Original Hash Buckets":1024,"Hash Batches":1,"Original Hash Batches":1,"Peak Memory Usage":9,"Shared Hit Blocks":1,"Shared Read Blocks":0,"Shared Dirtied Blocks":0,"Shared Written Blocks":0,"Local Hit Blocks":0,"Local Read Blocks":0,"Local Dirtied Blocks":0,"Local Written Blocks":0,"Temp Read Blocks":0,"Temp Written Blocks":0,"I/O Read Time":0.0,"I/O Write Time":0.0,"Temp I/O Read Time":0.0,"Temp I/O Write Time":0.0,"Plans":[{"Node Type":"Seq Scan","Parent Relationship":"Outer","Parallel Aware":false,"Async Capable":false,"Relation Name":"nation","Schema":"public","Alias":"n2","Startup Cost":0.0,"Total Cost":1.93,"Plan Rows":2,"Plan Width":12,"Actual Startup Time":0.032,"Actual Total Time":0.037,"Actual Rows":2,"Actual Loops":1,"Output":["n2.n_nationkey","n2.n_name"],"Filter":"(((n2.n_name)::text = 'Cambodia'::text) OR ((n2.n_name)::text = 'Germany'::text))","Rows Removed by Filter":60,"Shared Hit Blocks":1,"Shared Read Blocks":0,"Shared Dirtied Blocks":0,"Shared Written Blocks":0,"Local Hit Blocks":0,"Local Read Blocks":0,"Local Dirtied Blocks":0,"Local Written Blocks":0,"Temp Read Blocks":0,"Temp Written Blocks":0,"I/O Read Time":0.0,"I/O Write Time":0.0,"Temp I/O Read Time":0.0,"Temp I/O Write Time":0.0}]}]}]}]}]}]}]},"Planning":{"Shared Hit Blocks":12,"Shared Read Blocks":0,"Shared Dirtied Blocks":0,"Shared Written Blocks":0,"Local Hit Blocks":0,"Local Read Blocks":0,"Local Dirtied Blocks":0,"Local Written Blocks":0,"Temp Read Blocks":0,"Temp Written Blocks":0,"I/O Read Time":0.0,"I/O Write Time":0.0,"Temp I/O Read Time":0.0,"Temp I/O Write Time":0.0},"Planning Time":3.195,"Triggers":[],"Execution Time":13222.971}]
[列存组合]: nation, order_line, orders, stock
[{"Plan":{"Node Type":"Aggregate","Strategy":"Sorted","Partial Mode":"Simple","Parallel Aware":false,"Async Capable":false,"Startup Cost":919944.43,"Total Cost":920066.03,"Plan Rows":4422,"Plan Width":72,"Actual Startup Time":6966.418,"Actual Total Time":6967.702,"Actual Rows":6,"Actual Loops":1,"Output":["supplier.su_nationkey","customer.c_nationkey","(EXTRACT(year FROM orders.o_entry_d))","sum(order_line.ol_amount)"],"Group Key":["supplier.su_nationkey","customer.c_nationkey","(EXTRACT(year FROM orders.o_entry_d))"],"Shared Hit Blocks":251882,"Shared Read Blocks":0,"Shared Dirtied Blocks":0,"Shared Written Blocks":0,"Local Hit Blocks":0,"Local Read Blocks":0,"Local Dirtied Blocks":0,"Local Written Blocks":0,"Temp Read Blocks":20587,"Temp Written Blocks":20596,"I/O Read Time":0.0,"I/O Write Time":0.0,"Temp I/O Read Time":31.768,"Temp I/O Write Time":93.044,"Plans":[{"Node Type":"Sort","Parent Relationship":"Outer","Parallel Aware":false,"Async Capable":false,"Startup Cost":919944.43,"Total Cost":919955.48,"Plan Rows":4422,"Plan Width":44,"Actual Startup Time":6966.356,"Actual Total Time":6966.636,"Actual Rows":6043,"Actual Loops":1,"Output":["supplier.su_nationkey","customer.c_nationkey","(EXTRACT(year FROM orders.o_entry_d))","order_line.ol_amount"],"Sort Key":["supplier.su_nationkey","customer.c_nationkey","(EXTRACT(year FROM orders.o_entry_d))"],"Sort Method":"quicksort","Sort Space Used":523,"Sort Space Type":"Memory","Shared Hit Blocks":251882,"Shared Read Blocks":0,"Shared Dirtied Blocks":0,"Shared Written Blocks":0,"Local Hit Blocks":0,"Local Read Blocks":0,"Local Dirtied Blocks":0,"Local Written Blocks":0,"Temp Read Blocks":20587,"Temp Written Blocks":20596,"I/O Read Time":0.0,"I/O Write Time":0.0,"Temp I/O Read Time":31.768,"Temp I/O Write Time":93.044,"Plans":[{"Node Type":"Merge Join","Parent Relationship":"Outer","Parallel Aware":false,"Async Capable":false,"Join Type":"Inner","Startup Cost":915584.28,"Total Cost":919676.67,"Plan Rows":4422,"Plan Width":44,"Actual Startup Time":6813.457,"Actual Total Time":6964.892,"Actual Rows":6043,"Actual Loops":1,"Output":["supplier.su_nationkey","customer.c_nationkey","EXTRACT(year FROM orders.o_entry_d)","order_line.ol_amount"],"Merge Cond":"((orders.o_c_id = customer.c_id) AND (order_line.ol_w_id = customer.c_w_id) AND (order_line.ol_d_id = customer.c_d_id))","Join Filter":"((((n1.n_name)::text = 'Germany'::text) AND ((n2.n_name)::text = 'Cambodia'::text)) OR (((n1.n_name)::text = 'Cambodia'::text) AND ((n2.n_name)::text = 'Germany'::text)))","Rows Removed by Join Filter":5752,"Shared Hit Blocks":251882,"Shared Read Blocks":0,"Shared Dirtied Blocks":0,"Shared Written Blocks":0,"Local Hit Blocks":0,"Local Read Blocks":0,"Local Dirtied Blocks":0,"Local Written Blocks":0,"Temp Read Blocks":20587,"Temp Written Blocks":20596,"I/O Read Time":0.0,"I/O Write Time":0.0,"Temp I/O Read Time":31.768,"Temp I/O Write Time":93.044,"Plans":[{"Node Type":"Sort","Parent Relationship":"Outer","Parallel Aware":false,"Async Capable":false,"Startup Cost":637570.48,"Total Cost":638245.04,"Plan Rows":269824,"Plan Width":36,"Actual Startup Time":5916.858,"Actual Total Time":5988.056,"Actual Rows":242214,"Actual Loops":1,"Output":["supplier.su_nationkey","order_line.ol_amount","order_line.ol_w_id","order_line.ol_d_id","orders.o_entry_d","orders.o_w_id","orders.o_d_id","orders.o_c_id","n1.n_name"],"Sort Key":["orders.o_c_id","order_line.ol_w_id","order_line.ol_d_id"],"Sort Method":"external merge","Sort Space Used":11984,"Sort Space Type":"Disk","Shared Hit Blocks":22277,"Shared Read Blocks":0,"Shared Dirtied Blocks":0,"Shared Written Blocks":0,"Local Hit Blocks":0,"Local Read Blocks":0,"Local Dirtied Blocks":0,"Local Written Blocks":0,"Temp Read Blocks":20042,"Temp Written Blocks":20048,"I/O Read Time":0.0,"I/O Write Time":0.0,"Temp I/O Read Time":30.968,"Temp I/O Write Time":90.903,"Plans":[{"Node Type":"Hash Join","Parent Relationship":"Outer","Parallel Aware":false,"Async Capable":false,"Join Type":"Inner","Startup Cost":159362.06,"Total Cost":605852.11,"Plan Rows":269824,"Plan Width":36,"Actual Startup Time":1361.259,"Actual Total Time":5790.614,"Actual Rows":242214,"Actual Loops":1,"Output":["supplier.su_nationkey","order_line.ol_amount","order_line.ol_w_id","order_line.ol_d_id","orders.o_entry_d","orders.o_w_id","orders.o_d_id","orders.o_c_id","n1.n_name"],"Hash Cond":"((order_line.ol_w_id = orders.o_w_id) AND (order_line.ol_d_id = orders.o_d_id) AND (order_line.ol_o_id = orders.o_id))","Shared Hit Blocks":22277,"Shared Read Blocks":0,"Shared Dirtied Blocks":0,"Shared Written Blocks":0,"Local Hit Blocks":0,"Local Read Blocks":0,"Local Dirtied Blocks":0,"Local Written Blocks":0,"Temp Read Blocks":18544,"Temp Written Blocks":18544,"I/O Read Time":0.0,"I/O Write Time":0.0,"Temp I/O Read Time":28.805,"Temp I/O Write Time":85.402,"Plans":[{"Node Type":"Hash Join","Parent Relationship":"Outer","Parallel Aware":false,"Async Capable":false,"Join Type":"Inner","Startup Cost":29766.98,"Total Cost":452870.88,"Plan Rows":269988,"Plan Width":28,"Actual Startup Time":459.352,"Actual Total Time":4563.394,"Actual Rows":242214,"Actual Loops":1,"Output":["supplier.su_nationkey","order_line.ol_amount","order_line.ol_w_id","order_line.ol_d_id","order_line.ol_o_id","n1.n_name"],"Hash Cond":"(supplier.su_nationkey = n1.n_nationkey)","Shared Hit Blocks":218,"Shared Read Blocks":0,"Shared Dirtied Blocks":0,"Shared Written Blocks":0,"Local Hit Blocks":0,"Local Read Blocks":0,"Local Dirtied Blocks":0,"Local Written Blocks":0,"Temp Read Blocks":0,"Temp Written Blocks":0,"I/O Read Time":0.0,"I/O Write Time":0.0,"Temp I/O Read Time":0.0,"Temp I/O Write Time":0.0,"Plans":[{"Node Type":"Hash Join","Parent Relationship":"Outer","Parallel Aware":false,"Async Capable":false,"Join Type":"Inner","Startup Cost":29765.02,"Total Cost":429396.82,"Plan Rows":8369638,"Plan Width":20,"Actual Startup Time":459.219,"Actual Total Time":3977.824,"Actual Rows":8570498,"Actual Loops":1,"Output":["supplier.su_nationkey","order_line.ol_amount","order_line.ol_w_id","order_line.ol_d_id","order_line.ol_o_id"],"Hash Cond":"(mod((stock.s_w_id * stock.s_i_id), 10000) = supplier.su_suppkey)","Shared Hit Blocks":217,"Shared Read Blocks":0,"Shared Dirtied Blocks":0,"Shared Written Blocks":0,"Local Hit Blocks":0,"Local Read Blocks":0,"Local Dirtied Blocks":0,"Local Written Blocks":0,"Temp Read Blocks":0,"Temp Written Blocks":0,"I/O Read Time":0.0,"I/O Write Time":0.0,"Temp I/O Read Time":0.0,"Temp I/O Write Time":0.0,"Plans":[{"Node Type":"Hash Join","Parent Relationship":"Outer","Parallel Aware":false,"Async Capable":false,"Join Type":"Inner","Startup Cost":29323.02,"Total Cost":404880.91,"Plan Rows":8369638,"Plan Width":22,"Actual Startup Time":456.609,"Actual Total Time":2282.218,"Actual Rows":8570498,"Actual Loops":1,"Output":["stock.s_w_id","stock.s_i_id","order_line.ol_amount","order_line.ol_w_id","order_line.ol_d_id","order_line.ol_o_id"],"Hash Cond":"((order_line.ol_supply_w_id = stock.s_w_id) AND (order_line.ol_i_id = stock.s_i_id))","Rows Removed by Bloom Filter":0,"Shared Hit Blocks":0,"Shared Read Blocks":0,"Shared Dirtied Blocks":0,"Shared Written Blocks":0,"Local Hit Blocks":0,"Local Read Blocks":0,"Local Dirtied Blocks":0,"Local Written Blocks":0,"Temp Read Blocks":0,"Temp Written Blocks":0,"I/O Read Time":0.0,"I/O Write Time":0.0,"Temp I/O Read Time":0.0,"Temp I/O Write Time":0.0,"Plans":[{"Node Type":"Append","Parent Relationship":"Outer","Parallel Aware":false,"Async Capable":false,"Startup Cost":20.0,"Total Cost":230190.58,"Plan Rows":8369638,"Plan Width":22,"Actual Startup Time":12.575,"Actual Total Time":12.583,"Actual Rows":8570498,"Actual Loops":1,"Shared Hit Blocks":0,"Shared Read Blocks":0,"Shared Dirtied Blocks":0,"Shared Written Blocks":0,"Local Hit Blocks":0,"Local Read Blocks":0,"Local Dirtied Blocks":0,"Local Written Blocks":0,"Temp Read Blocks":0,"Temp Written Blocks":0,"I/O Read Time":0.0,"I/O Write Time":0.0,"Temp I/O Read Time":0.0,"Temp I/O Write Time":0.0,"Subplans Removed":0,"Plans":[{"Node Type":"Custom Scan","Parent Relationship":"Member","Custom Plan Provider":"columnar scan","Parallel Aware":false,"Async Capable":false,"Relation Name":"order_line","Schema":"public","Alias":"order_line","Startup Cost":20.0,"Total Cost":230185.68,"Plan Rows":8369621,"Plan Width":22,"Actual Startup Time":12.574,"Actual Total Time":12.576,"Actual Rows":8570498,"Actual Loops":1,"Output":["order_line.ol_amount","order_line.ol_supply_w_id","order_line.ol_i_id","order_line.ol_w_id","order_line.ol_d_id","order_line.ol_o_id"],"Filter":"((order_line.ol_delivery_d <= '1997-01-01 20:10:02.27764'::timestamp without time zone) AND (order_line.ol_delivery_d >= '1995-01-02 20:10:02.27764'::timestamp without time zone))","Rows Removed by Filter":0,"Rows Removed by Columnar Filter":21427234,"Columnar cache search mode":"native","Shared Hit Blocks":0,"Shared Read Blocks":0,"Shared Dirtied Blocks":0,"Shared Written Blocks":0,"Local Hit Blocks":0,"Local Read Blocks":0,"Local Dirtied Blocks":0,"Local Written Blocks":0,"Temp Read Blocks":0,"Temp Written Blocks":0,"I/O Read Time":0.0,"I/O Write Time":0.0,"Temp I/O Read Time":0.0,"Temp I/O Write Time":0.0},{"Node Type":"Seq Scan","Parent Relationship":"Member","Parallel Aware":false,"Async Capable":false,"Relation Name":"order_line","Schema":"public","Alias":"order_line","Startup Cost":0.0,"Total Cost":4.9,"Plan Rows":17,"Plan Width":22,"Actual Startup Time":0.0,"Actual Total Time":0.0,"Actual Rows":0,"Actual Loops":0,"Output":["order_line.ol_amount","order_line.ol_supply_w_id","order_line.ol_i_id","order_line.ol_w_id","order_line.ol_d_id","order_line.ol_o_id"],"Filter":"((order_line.ol_delivery_d <= '1997-01-01 20:10:02.27764'::timestamp without time zone) AND (order_line.ol_delivery_d >= '1995-01-02 20:10:02.27764'::timestamp without time zone))","Rows Removed by Filter":0,"Shared Hit Blocks":0,"Shared Read Blocks":0,"Shared Dirtied Blocks":0,"Shared Written Blocks":0,"Local Hit Blocks":0,"Local Read Blocks":0,"Local Dirtied Blocks":0,"Local Written Blocks":0,"Temp Read Blocks":0,"Temp Written Blocks":0,"I/O Read Time":0.0,"I/O Write Time":0.0,"Temp I/O Read Time":0.0,"Temp I/O Write Time":0.0}]},{"Node Type":"Hash","Parent Relationship":"Inner","Parallel Aware":false,"Async Capable":false,"Startup Cost":195025.67,"Total Cost":195025.67,"Plan Rows":10000162,"Plan Width":6,"Actual Rows":10000000,"Actual Loops":1,"Output":["stock.s_w_id","stock.s_i_id"],"Shared Hit Blocks":0,"Shared Read Blocks":0,"Shared Dirtied Blocks":0,"Shared Written Blocks":0,"Local Hit Blocks":0,"Local Read Blocks":0,"Local Dirtied Blocks":0,"Local Written Blocks":0,"Temp Read Blocks":0,"Temp Written Blocks":0,"I/O Read Time":0.0,"I/O Write Time":0.0,"Temp I/O Read Time":0.0,"Temp I/O Write Time":0.0,"Plans":[{"Node Type":"Append","Parent Relationship":"Outer","Parallel Aware":false,"Async Capable":false,"Startup Cost":20.0,"Total Cost":195025.67,"Plan Rows":10000162,"Plan Width":6,"Actual Startup Time":0.206,"Actual Total Time":0.207,"Actual Rows":10000000,"Actual Loops":1,"Shared Hit Blocks":0,"Shared Read Blocks":0,"Shared Dirtied Blocks":0,"Shared Written Blocks":0,"Local Hit Blocks":0,"Local Read Blocks":0,"Local Dirtied Blocks":0,"Local Written Blocks":0,"Temp Read Blocks":0,"Temp Written Blocks":0,"I/O Read Time":0.0,"I/O Write Time":0.0,"Temp I/O Read Time":0.0,"Temp I/O Write Time":0.0,"Subplans Removed":0,"Plans":[{"Node Type":"Custom Scan","Parent Relationship":"Member","Custom Plan Provider":"columnar scan","Parallel Aware":false,"Async Capable":false,"Relation Name":"stock","Schema":"public","Alias":"stock","Startup Cost":20.0,"Total Cost":195020.05,"Plan Rows":10000000,"Plan Width":6,"Actual Startup Time":0.204,"Actual Total Time":0.205,"Actual Rows":10000000,"Actual Loops":1,"Output":["stock.s_w_id","stock.s_i_id"],"Rows Removed by Columnar Filter":0,"Columnar cache search mode":"native","Shared Hit Blocks":0,"Shared Read Blocks":0,"Shared Dirtied Blocks":0,"Shared Written Blocks":0,"Local Hit Blocks":0,"Local Read Blocks":0,"Local Dirtied Blocks":0,"Local Written Blocks":0,"Temp Read Blocks":0,"Temp Written Blocks":0,"I/O Read Time":0.0,"I/O Write Time":0.0,"Temp I/O Read Time":0.0,"Temp I/O Write Time":0.0},{"Node Type":"Seq Scan","Parent Relationship":"Member","Parallel Aware":false,"Async Capable":false,"Relation Name":"stock","Schema":"public","Alias":"stock","Startup Cost":0.0,"Total Cost":5.62,"Plan Rows":162,"Plan Width":6,"Actual Startup Time":0.0,"Actual Total Time":0.0,"Actual Rows":0,"Actual Loops":0,"Output":["stock.s_w_id","stock.s_i_id"],"Shared Hit Blocks":0,"Shared Read Blocks":0,"Shared Dirtied Blocks":0,"Shared Written Blocks":0,"Local Hit Blocks":0,"Local Read Blocks":0,"Local Dirtied Blocks":0,"Local Written Blocks":0,"Temp Read Blocks":0,"Temp Written Blocks":0,"I/O Read Time":0.0,"I/O Write Time":0.0,"Temp I/O Read Time":0.0,"Temp I/O Write Time":0.0}]}]}]},{"Node Type":"Hash","Parent Relationship":"Inner","Parallel Aware":false,"Async Capable":false,"Startup Cost":317.0,"Total Cost":317.0,"Plan Rows":10000,"Plan Width":8,"Actual Startup Time":2.549,"Actual Total Time":2.55,"Actual Rows":10000,"Actual Loops":1,"Output":["supplier.su_nationkey","supplier.su_suppkey"],"Hash Buckets":16384,"Original Hash Buckets":16384,"Hash Batches":1,"Original Hash Batches":1,"Peak Memory Usage":519,"Shared Hit Blocks":217,"Shared Read Blocks":0,"Shared Dirtied Blocks":0,"Shared Written Blocks":0,"Local Hit Blocks":0,"Local Read Blocks":0,"Local Dirtied Blocks":0,"Local Written Blocks":0,"Temp Read Blocks":0,"Temp Written Blocks":0,"I/O Read Time":0.0,"I/O Write Time":0.0,"Temp I/O Read Time":0.0,"Temp I/O Write Time":0.0,"Plans":[{"Node Type":"Seq Scan","Parent Relationship":"Outer","Parallel Aware":false,"Async Capable":false,"Relation Name":"supplier","Schema":"public","Alias":"supplier","Startup Cost":0.0,"Total Cost":317.0,"Plan Rows":10000,"Plan Width":8,"Actual Startup Time":0.006,"Actual Total Time":1.33,"Actual Rows":10000,"Actual Loops":1,"Output":["supplier.su_nationkey","supplier.su_suppkey"],"Shared Hit Blocks":217,"Shared Read Blocks":0,"Shared Dirtied Blocks":0,"Shared Written Blocks":0,"Local Hit Blocks":0,"Local Read Blocks":0,"Local Dirtied Blocks":0,"Local Written Blocks":0,"Temp Read Blocks":0,"Temp Written Blocks":0,"I/O Read Time":0.0,"I/O Write Time":0.0,"Temp I/O Read Time":0.0,"Temp I/O Write Time":0.0}]}]},{"Node Type":"Hash","Parent Relationship":"Inner","Parallel Aware":false,"Async Capable":false,"Startup Cost":1.93,"Total Cost":1.93,"Plan Rows":2,"Plan Width":12,"Actual Startup Time":0.022,"Actual Total Time":0.025,"Actual Rows":2,"Actual Loops":1,"Output":["n1.n_nationkey","n1.n_name"],"Hash Buckets":1024,"Original Hash Buckets":1024,"Hash Batches":1,"Original Hash Batches":1,"Peak Memory Usage":9,"Shared Hit Blocks":1,"Shared Read Blocks":0,"Shared Dirtied Blocks":0,"Shared Written Blocks":0,"Local Hit Blocks":0,"Local Read Blocks":0,"Local Dirtied Blocks":0,"Local Written Blocks":0,"Temp Read Blocks":0,"Temp Written Blocks":0,"I/O Read Time":0.0,"I/O Write Time":0.0,"Temp I/O Read Time":0.0,"Temp I/O Write Time":0.0,"Plans":[{"Node Type":"Seq Scan","Parent Relationship":"Outer","Parallel Aware":false,"Async Capable":false,"Relation Name":"nation","Schema":"public","Alias":"n1","Startup Cost":0.0,"Total Cost":1.93,"Plan Rows":2,"Plan Width":12,"Actual Startup Time":0.013,"Actual Total Time":0.018,"Actual Rows":2,"Actual Loops":1,"Output":["n1.n_nationkey","n1.n_name"],"Filter":"(((n1.n_name)::text = 'Germany'::text) OR ((n1.n_name)::text = 'Cambodia'::text))","Rows Removed by Filter":60,"Shared Hit Blocks":1,"Shared Read Blocks":0,"Shared Dirtied Blocks":0,"Shared Written Blocks":0,"Local Hit Blocks":0,"Local Read Blocks":0,"Local Dirtied Blocks":0,"Local Written Blocks":0,"Temp Read Blocks":0,"Temp Written Blocks":0,"I/O Read Time":0.0,"I/O Write Time":0.0,"Temp I/O Read Time":0.0,"Temp I/O Write Time":0.0}]}]},{"Node Type":"Hash","Parent Relationship":"Inner","Parallel Aware":false,"Async Capable":false,"Startup Cost":59559.0,"Total Cost":59559.0,"Plan Rows":2998176,"Plan Width":24,"Actual Startup Time":900.962,"Actual Total Time":900.964,"Actual Rows":2997892,"Actual Loops":1,"Output":["orders.o_entry_d","orders.o_w_id","orders.o_d_id","orders.o_id","orders.o_c_id"],"Hash Buckets":131072,"Original Hash Buckets":131072,"Hash Batches":32,"Original Hash Batches":32,"Peak Memory Usage":6539,"Shared Hit Blocks":22059,"Shared Read Blocks":0,"Shared Dirtied Blocks":0,"Shared Written Blocks":0,"Local Hit Blocks":0,"Local Read Blocks":0,"Local Dirtied Blocks":0,"Local Written Blocks":0,"Temp Read Blocks":0,"Temp Written Blocks":16995,"I/O Read Time":0.0,"I/O Write Time":0.0,"Temp I/O Read Time":0.0,"Temp I/O Write Time":75.784,"Plans":[{"Node Type":"Seq Scan","Parent Relationship":"Outer","Parallel Aware":false,"Async Capable":false,"Relation Name":"orders","Schema":"public","Alias":"orders","Startup Cost":0.0,"Total Cost":59559.0,"Plan Rows":2998176,"Plan Width":24,"Actual Startup Time":0.018,"Actual Total Time":365.453,"Actual Rows":2997892,"Actual Loops":1,"Output":["orders.o_entry_d","orders.o_w_id","orders.o_d_id","orders.o_id","orders.o_c_id"],"Filter":"(orders.o_entry_d >= '1992-01-02 20:10:02.27764'::timestamp without time zone)","Rows Removed by Filter":2108,"Shared Hit Blocks":22059,"Shared Read Blocks":0,"Shared Dirtied Blocks":0,"Shared Written Blocks":0,"Local Hit Blocks":0,"Local Read Blocks":0,"Local Dirtied Blocks":0,"Local Written Blocks":0,"Temp Read Blocks":0,"Temp Written Blocks":0,"I/O Read Time":0.0,"I/O Write Time":0.0,"Temp I/O Read Time":0.0,"Temp I/O Write Time":0.0}]}]}]},{"Node Type":"Materialize","Parent Relationship":"Inner","Parallel Aware":false,"Async Capable":false,"Startup Cost":278013.7,"Total Cost":278497.53,"Plan Rows":96766,"Plan Width":20,"Actual Startup Time":896.548,"Actual Total Time":929.134,"Actual Rows":146547,"Actual Loops":1,"Output":["customer.c_nationkey","customer.c_id","customer.c_w_id","customer.c_d_id","n2.n_name"],"Shared Hit Blocks":229605,"Shared Read Blocks":0,"Shared Dirtied Blocks":0,"Shared Written Blocks":0,"Local Hit Blocks":0,"Local Read Blocks":0,"Local Dirtied Blocks":0,"Local Written Blocks":0,"Temp Read Blocks":545,"Temp Written Blocks":548,"I/O Read Time":0.0,"I/O Write Time":0.0,"Temp I/O Read Time":0.799,"Temp I/O Write Time":2.142,"Plans":[{"Node Type":"Sort","Parent Relationship":"Outer","Parallel Aware":false,"Async Capable":false,"Startup Cost":278013.7,"Total Cost":278255.62,"Plan Rows":96766,"Plan Width":20,"Actual Startup Time":896.541,"Actual Total Time":913.416,"Actual Rows":144982,"Actual Loops":1,"Output":["customer.c_nationkey","customer.c_id","customer.c_w_id","customer.c_d_id","n2.n_name"],"Sort Key":["customer.c_id","customer.c_w_id","customer.c_d_id"],"Sort Method":"external merge","Sort Space Used":4360,"Sort Space Type":"Disk","Shared Hit Blocks":229605,"Shared Read Blocks":0,"Shared Dirtied Blocks":0,"Shared Written Blocks":0,"Local Hit Blocks":0,"Local Read Blocks":0,"Local Dirtied Blocks":0,"Local Written Blocks":0,"Temp Read Blocks":545,"Temp Written Blocks":548,"I/O Read Time":0.0,"I/O Write Time":0.0,"Temp I/O Read Time":0.799,"Temp I/O Write Time":2.142,"Plans":[{"Node Type":"Hash Join","Parent Relationship":"Outer","Parallel Aware":false,"Async Capable":false,"Join Type":"Inner","Startup Cost":1.95,"Total Cost":268015.91,"Plan Rows":96766,"Plan Width":20,"Actual Startup Time":0.075,"Actual Total Time":840.198,"Actual Rows":144986,"Actual Loops":1,"Output":["customer.c_nationkey","customer.c_id","customer.c_w_id","customer.c_d_id","n2.n_name"],"Hash Cond":"(customer.c_nationkey = n2.n_nationkey)","Shared Hit Blocks":229605,"Shared Read Blocks":0,"Shared Dirtied Blocks":0,"Shared Written Blocks":0,"Local Hit Blocks":0,"Local Read Blocks":0,"Local Dirtied Blocks":0,"Local Written Blocks":0,"Temp Read Blocks":0,"Temp Written Blocks":0,"I/O Read Time":0.0,"I/O Write Time":0.0,"Temp I/O Read Time":0.0,"Temp I/O Write Time":0.0,"Plans":[{"Node Type":"Seq Scan","Parent Relationship":"Outer","Parallel Aware":false,"Async Capable":false,"Relation Name":"customer","Schema":"public","Alias":"customer","Startup Cost":0.0,"Total Cost":259601.38,"Plan Rows":2999738,"Plan Width":12,"Actual Startup Time":0.016,"Actual Total Time":349.704,"Actual Rows":3000000,"Actual Loops":1,"Output":["customer.c_id","customer.c_d_id","customer.c_w_id","customer.c_nationkey","customer.c_first","customer.c_middle","customer.c_last","customer.c_street_1","customer.c_street_2","customer.c_city","customer.c_state","customer.c_zip","customer.c_phone","customer.c_since","customer.c_credit","customer.c_credit_lim","customer.c_discount","customer.c_balance","customer.c_ytd_payment","customer.c_payment_cnt","customer.c_delivery_cnt","customer.c_data"],"Shared Hit Blocks":229604,"Shared Read Blocks":0,"Shared Dirtied Blocks":0,"Shared Written Blocks":0,"Local Hit Blocks":0,"Local Read Blocks":0,"Local Dirtied Blocks":0,"Local Written Blocks":0,"Temp Read Blocks":0,"Temp Written Blocks":0,"I/O Read Time":0.0,"I/O Write Time":0.0,"Temp I/O Read Time":0.0,"Temp I/O Write Time":0.0},{"Node Type":"Hash","Parent Relationship":"Inner","Parallel Aware":false,"Async Capable":false,"Startup Cost":1.93,"Total Cost":1.93,"Plan Rows":2,"Plan Width":12,"Actual Startup Time":0.02,"Actual Total Time":0.02,"Actual Rows":2,"Actual Loops":1,"Output":["n2.n_nationkey","n2.n_name"],"Hash Buckets":1024,"Original Hash Buckets":1024,"Hash Batches":1,"Original Hash Batches":1,"Peak Memory Usage":9,"Shared Hit Blocks":1,"Shared Read Blocks":0,"Shared Dirtied Blocks":0,"Shared Written Blocks":0,"Local Hit Blocks":0,"Local Read Blocks":0,"Local Dirtied Blocks":0,"Local Written Blocks":0,"Temp Read Blocks":0,"Temp Written Blocks":0,"I/O Read Time":0.0,"I/O Write Time":0.0,"Temp I/O Read Time":0.0,"Temp I/O Write Time":0.0,"Plans":[{"Node Type":"Seq Scan","Parent Relationship":"Outer","Parallel Aware":false,"Async Capable":false,"Relation Name":"nation","Schema":"public","Alias":"n2","Startup Cost":0.0,"Total Cost":1.93,"Plan Rows":2,"Plan Width":12,"Actual Startup Time":0.011,"Actual Total Time":0.016,"Actual Rows":2,"Actual Loops":1,"Output":["n2.n_nationkey","n2.n_name"],"Filter":"(((n2.n_name)::text = 'Cambodia'::text) OR ((n2.n_name)::text = 'Germany'::text))","Rows Removed by Filter":60,"Shared Hit Blocks":1,"Shared Read Blocks":0,"Shared Dirtied Blocks":0,"Shared Written Blocks":0,"Local Hit Blocks":0,"Local Read Blocks":0,"Local Dirtied Blocks":0,"Local Written Blocks":0,"Temp Read Blocks":0,"Temp Written Blocks":0,"I/O Read Time":0.0,"I/O Write Time":0.0,"Temp I/O Read Time":0.0,"Temp I/O Write Time":0.0}]}]}]}]}]}]}]},"Planning":{"Shared Hit Blocks":12,"Shared Read Blocks":0,"Shared Dirtied Blocks":0,"Shared Written Blocks":0,"Local Hit Blocks":0,"Local Read Blocks":0,"Local Dirtied Blocks":0,"Local Written Blocks":0,"Temp Read Blocks":0,"Temp Written Blocks":0,"I/O Read Time":0.0,"I/O Write Time":0.0,"Temp I/O Read Time":0.0,"Temp I/O Write Time":0.0},"Planning Time":3.231,"Triggers":[],"Execution Time":6976.458}]
[列存组合]: nation, order_line, orders, supplier
[{"Plan":{"Node Type":"Aggregate","Strategy":"Sorted","Partial Mode":"Simple","Parallel Aware":false,"Async Capable":false,"Startup Cost":1144380.43,"Total Cost":1144502.03,"Plan Rows":4422,"Plan Width":72,"Actual Startup Time":11473.939,"Actual Total Time":11475.222,"Actual Rows":6,"Actual Loops":1,"Output":["supplier.su_nationkey","customer.c_nationkey","(EXTRACT(year FROM orders.o_entry_d))","sum(order_line.ol_amount)"],"Group Key":["supplier.su_nationkey","customer.c_nationkey","(EXTRACT(year FROM orders.o_entry_d))"],"Shared Hit Blocks":256944,"Shared Read Blocks":0,"Shared Dirtied Blocks":0,"Shared Written Blocks":0,"Local Hit Blocks":0,"Local Read Blocks":0,"Local Dirtied Blocks":0,"Local Written Blocks":0,"Temp Read Blocks":67281,"Temp Written Blocks":67281,"I/O Read Time":0.0,"I/O Write Time":0.0,"Temp I/O Read Time":107.623,"Temp I/O Write Time":307.575,"Plans":[{"Node Type":"Sort","Parent Relationship":"Outer","Parallel Aware":false,"Async Capable":false,"Startup Cost":1144380.43,"Total Cost":1144391.48,"Plan Rows":4422,"Plan Width":44,"Actual Startup Time":11473.878,"Actual Total Time":11474.157,"Actual Rows":6043,"Actual Loops":1,"Output":["supplier.su_nationkey","customer.c_nationkey","(EXTRACT(year FROM orders.o_entry_d))","order_line.ol_amount"],"Sort Key":["supplier.su_nationkey","customer.c_nationkey","(EXTRACT(year FROM orders.o_entry_d))"],"Sort Method":"quicksort","Sort Space Used":523,"Sort Space Type":"Memory","Shared Hit Blocks":256944,"Shared Read Blocks":0,"Shared Dirtied Blocks":0,"Shared Written Blocks":0,"Local Hit Blocks":0,"Local Read Blocks":0,"Local Dirtied Blocks":0,"Local Written Blocks":0,"Temp Read Blocks":67281,"Temp Written Blocks":67281,"I/O Read Time":0.0,"I/O Write Time":0.0,"Temp I/O Read Time":107.623,"Temp I/O Write Time":307.575,"Plans":[{"Node Type":"Hash Join","Parent Relationship":"Outer","Parallel Aware":false,"Async Capable":false,"Join Type":"Inner","Startup Cost":812121.47,"Total Cost":1144112.66,"Plan Rows":4422,"Plan Width":44,"Actual Startup Time":8066.504,"Actual Total Time":11471.977,"Actual Rows":6043,"Actual Loops":1,"Output":["supplier.su_nationkey","customer.c_nationkey","EXTRACT(year FROM orders.o_entry_d)","order_line.ol_amount"],"Hash Cond":"((stock.s_w_id = order_line.ol_supply_w_id) AND (stock.s_i_id = order_line.ol_i_id))","Join Filter":"((((n1.n_name)::text = 'Germany'::text) AND ((n2.n_name)::text = 'Cambodia'::text)) OR (((n1.n_name)::text = 'Cambodia'::text) AND ((n2.n_name)::text = 'Germany'::text)))","Rows Removed by Join Filter":5752,"Shared Hit Blocks":256944,"Shared Read Blocks":0,"Shared Dirtied Blocks":0,"Shared Written Blocks":0,"Local Hit Blocks":0,"Local Read Blocks":0,"Local Dirtied Blocks":0,"Local Written Blocks":0,"Temp Read Blocks":67281,"Temp Written Blocks":67281,"I/O Read Time":0.0,"I/O Write Time":0.0,"Temp I/O Read Time":107.623,"Temp I/O Write Time":307.575,"Plans":[{"Node Type":"Hash Join","Parent Relationship":"Outer","Parallel Aware":false,"Async Capable":false,"Join Type":"Inner","Startup Cost":346.41,"Total Cost":316845.49,"Plan Rows":322586,"Plan Width":18,"Actual Startup Time":4.551,"Actual Total Time":3295.27,"Actual Rows":283200,"Actual Loops":1,"Output":["supplier.su_nationkey","stock.s_w_id","stock.s_i_id","n1.n_name"],"Hash Cond":"(supplier.su_nationkey = n1.n_nationkey)","Shared Hit Blocks":27339,"Shared Read Blocks":0,"Shared Dirtied Blocks":0,"Shared Written Blocks":0,"Local Hit Blocks":0,"Local Read Blocks":0,"Local Dirtied Blocks":0,"Local Written Blocks":0,"Temp Read Blocks":0,"Temp Written Blocks":0,"I/O Read Time":0.0,"I/O Write Time":0.0,"Temp I/O Read Time":0.0,"Temp I/O Write Time":0.0,"Plans":[{"Node Type":"Hash Join","Parent Relationship":"Outer","Parallel Aware":false,"Async Capable":false,"Join Type":"Inner","Startup Cost":344.46,"Total Cost":288798.73,"Plan Rows":10000162,"Plan Width":10,"Actual Startup Time":4.439,"Actual Total Time":2612.076,"Actual Rows":10000000,"Actual Loops":1,"Output":["supplier.su_nationkey","stock.s_w_id","stock.s_i_id"],"Hash Cond":"(mod((stock.s_w_id * stock.s_i_id), 10000) = supplier.su_suppkey)","Shared Hit Blocks":27338,"Shared Read Blocks":0,"Shared Dirtied Blocks":0,"Shared Written Blocks":0,"Local Hit Blocks":0,"Local Read Blocks":0,"Local Dirtied Blocks":0,"Local Written Blocks":0,"Temp Read Blocks":0,"Temp Written Blocks":0,"I/O Read Time":0.0,"I/O Write Time":0.0,"Temp I/O Read Time":0.0,"Temp I/O Write Time":0.0,"Plans":[{"Node Type":"Index Only Scan","Parent Relationship":"Outer","Parallel Aware":false,"Async Capable":false,"Scan Direction":"Forward","Index Name":"stock_pk","Relation Name":"stock","Schema":"public","Alias":"stock","Startup Cost":0.43,"Total Cost":259690.86,"Plan Rows":10000162,"Plan Width":6,"Actual Startup Time":0.026,"Actual Total Time":774.664,"Actual Rows":10000000,"Actual Loops":1,"Output":["stock.s_w_id","stock.s_i_id"],"Heap Fetches":0,"Shared Hit Blocks":27338,"Shared Read Blocks":0,"Shared Dirtied Blocks":0,"Shared Written Blocks":0,"Local Hit Blocks":0,"Local Read Blocks":0,"Local Dirtied Blocks":0,"Local Written Blocks":0,"Temp Read Blocks":0,"Temp Written Blocks":0,"I/O Read Time":0.0,"I/O Write Time":0.0,"Temp I/O Read Time":0.0,"Temp I/O Write Time":0.0},{"Node Type":"Hash","Parent Relationship":"Inner","Parallel Aware":false,"Async Capable":false,"Startup Cost":219.01,"Total Cost":219.01,"Plan Rows":10001,"Plan Width":8,"Actual Startup Time":4.343,"Actual Total Time":4.345,"Actual Rows":10000,"Actual Loops":1,"Output":["supplier.su_nationkey","supplier.su_suppkey"],"Hash Buckets":16384,"Original Hash Buckets":16384,"Hash Batches":1,"Original Hash Batches":1,"Peak Memory Usage":519,"Shared Hit Blocks":0,"Shared Read Blocks":0,"Shared Dirtied Blocks":0,"Shared Written Blocks":0,"Local Hit Blocks":0,"Local Read Blocks":0,"Local Dirtied Blocks":0,"Local Written Blocks":0,"Temp Read Blocks":0,"Temp Written Blocks":0,"I/O Read Time":0.0,"I/O Write Time":0.0,"Temp I/O Read Time":0.0,"Temp I/O Write Time":0.0,"Plans":[{"Node Type":"Append","Parent Relationship":"Outer","Parallel Aware":false,"Async Capable":false,"Startup Cost":20.0,"Total Cost":219.01,"Plan Rows":10001,"Plan Width":8,"Actual Startup Time":0.014,"Actual Total Time":2.587,"Actual Rows":10000,"Actual Loops":1,"Shared Hit Blocks":0,"Shared Read Blocks":0,"Shared Dirtied Blocks":0,"Shared Written Blocks":0,"Local Hit Blocks":0,"Local Read Blocks":0,"Local Dirtied Blocks":0,"Local Written Blocks":0,"Temp Read Blocks":0,"Temp Written Blocks":0,"I/O Read Time":0.0,"I/O Write Time":0.0,"Temp I/O Read Time":0.0,"Temp I/O Write Time":0.0,"Subplans Removed":0,"Plans":[{"Node Type":"Custom Scan","Parent Relationship":"Member","Custom Plan Provider":"columnar scan","Parallel Aware":false,"Async Capable":false,"Relation Name":"supplier","Schema":"public","Alias":"supplier","Startup Cost":20.0,"Total Cost":215.0,"Plan Rows":10000,"Plan Width":8,"Actual Startup Time":0.013,"Actual Total Time":1.518,"Actual Rows":10000,"Actual Loops":1,"Output":["supplier.su_nationkey","supplier.su_suppkey"],"Rows Removed by Columnar Filter":0,"Columnar cache search mode":"native","Shared Hit Blocks":0,"Shared Read Blocks":0,"Shared Dirtied Blocks":0,"Shared Written Blocks":0,"Local Hit Blocks":0,"Local Read Blocks":0,"Local Dirtied Blocks":0,"Local Written Blocks":0,"Temp Read Blocks":0,"Temp Written Blocks":0,"I/O Read Time":0.0,"I/O Write Time":0.0,"Temp I/O Read Time":0.0,"Temp I/O Write Time":0.0},{"Node Type":"Seq Scan","Parent Relationship":"Member","Parallel Aware":false,"Async Capable":false,"Relation Name":"supplier","Schema":"public","Alias":"supplier","Startup Cost":0.0,"Total Cost":4.01,"Plan Rows":1,"Plan Width":8,"Actual Startup Time":0.0,"Actual Total Time":0.0,"Actual Rows":0,"Actual Loops":0,"Output":["supplier.su_nationkey","supplier.su_suppkey"],"Shared Hit Blocks":0,"Shared Read Blocks":0,"Shared Dirtied Blocks":0,"Shared Written Blocks":0,"Local Hit Blocks":0,"Local Read Blocks":0,"Local Dirtied Blocks":0,"Local Written Blocks":0,"Temp Read Blocks":0,"Temp Written Blocks":0,"I/O Read Time":0.0,"I/O Write Time":0.0,"Temp I/O Read Time":0.0,"Temp I/O Write Time":0.0}]}]}]},{"Node Type":"Hash","Parent Relationship":"Inner","Parallel Aware":false,"Async Capable":false,"Startup Cost":1.93,"Total Cost":1.93,"Plan Rows":2,"Plan Width":12,"Actual Startup Time":0.1,"Actual Total Time":0.101,"Actual Rows":2,"Actual Loops":1,"Output":["n1.n_nationkey","n1.n_name"],"Hash Buckets":1024,"Original Hash Buckets":1024,"Hash Batches":1,"Original Hash Batches":1,"Peak Memory Usage":9,"Shared Hit Blocks":1,"Shared Read Blocks":0,"Shared Dirtied Blocks":0,"Shared Written Blocks":0,"Local Hit Blocks":0,"Local Read Blocks":0,"Local Dirtied Blocks":0,"Local Written Blocks":0,"Temp Read Blocks":0,"Temp Written Blocks":0,"I/O Read Time":0.0,"I/O Write Time":0.0,"Temp I/O Read Time":0.0,"Temp I/O Write Time":0.0,"Plans":[{"Node Type":"Seq Scan","Parent Relationship":"Outer","Parallel Aware":false,"Async Capable":false,"Relation Name":"nation","Schema":"public","Alias":"n1","Startup Cost":0.0,"Total Cost":1.93,"Plan Rows":2,"Plan Width":12,"Actual Startup Time":0.087,"Actual Total Time":0.095,"Actual Rows":2,"Actual Loops":1,"Output":["n1.n_nationkey","n1.n_name"],"Filter":"(((n1.n_name)::text = 'Germany'::text) OR ((n1.n_name)::text = 'Cambodia'::text))","Rows Removed by Filter":60,"Shared Hit Blocks":1,"Shared Read Blocks":0,"Shared Dirtied Blocks":0,"Shared Written Blocks":0,"Local Hit Blocks":0,"Local Read Blocks":0,"Local Dirtied Blocks":0,"Local Written Blocks":0,"Temp Read Blocks":0,"Temp Written Blocks":0,"I/O Read Time":0.0,"I/O Write Time":0.0,"Temp I/O Read Time":0.0,"Temp I/O Write Time":0.0}]}]},{"Node Type":"Hash","Parent Relationship":"Inner","Parallel Aware":false,"Async Capable":false,"Startup Cost":805882.69,"Total Cost":805882.69,"Plan Rows":269824,"Plan Width":30,"Actual Startup Time":8060.375,"Actual Total Time":8060.397,"Actual Rows":414592,"Actual Loops":1,"Output":["order_line.ol_amount","order_line.ol_supply_w_id","order_line.ol_i_id","orders.o_entry_d","customer.c_nationkey","n2.n_name"],"Hash Buckets":131072,"Original Hash Buckets":131072,"Hash Batches":4,"Original Hash Batches":4,"Peak Memory Usage":7952,"Shared Hit Blocks":229605,"Shared Read Blocks":0,"Shared Dirtied Blocks":0,"Shared Written Blocks":0,"Local Hit Blocks":0,"Local Read Blocks":0,"Local Dirtied Blocks":0,"Local Written Blocks":0,"Temp Read Blocks":64076,"Temp Written Blocks":66228,"I/O Read Time":0.0,"I/O Write Time":0.0,"Temp I/O Read Time":102.607,"Temp I/O Write Time":301.867,"Plans":[{"Node Type":"Hash Join","Parent Relationship":"Outer","Parallel Aware":false,"Async Capable":false,"Join Type":"Inner","Startup Cost":337038.47,"Total Cost":805882.69,"Plan Rows":269824,"Plan Width":30,"Actual Startup Time":1443.566,"Actual Total Time":7967.907,"Actual Rows":414592,"Actual Loops":1,"Output":["order_line.ol_amount","order_line.ol_supply_w_id","order_line.ol_i_id","orders.o_entry_d","customer.c_nationkey","n2.n_name"],"Hash Cond":"(customer.c_nationkey = n2.n_nationkey)","Shared Hit Blocks":229605,"Shared Read Blocks":0,"Shared Dirtied Blocks":0,"Shared Written Blocks":0,"Local Hit Blocks":0,"Local Read Blocks":0,"Local Dirtied Blocks":0,"Local Written Blocks":0,"Temp Read Blocks":64076,"Temp Written Blocks":64076,"I/O Read Time":0.0,"I/O Write Time":0.0,"Temp I/O Read Time":102.607,"Temp I/O Write Time":291.758,"Plans":[{"Node Type":"Hash Join","Parent Relationship":"Outer","Parallel Aware":false,"Async Capable":false,"Join Type":"Inner","Startup Cost":337036.52,"Total Cost":782422.9,"Plan Rows":8364549,"Plan Width":22,"Actual Startup Time":1442.37,"Actual Total Time":7350.601,"Actual Rows":8570498,"Actual Loops":1,"Output":["order_line.ol_amount","order_line.ol_supply_w_id","order_line.ol_i_id","orders.o_entry_d","customer.c_nationkey"],"Hash Cond":"((order_line.ol_w_id = customer.c_w_id) AND (order_line.ol_d_id = customer.c_d_id) AND (orders.o_c_id = customer.c_id))","Shared Hit Blocks":229604,"Shared Read Blocks":0,"Shared Dirtied Blocks":0,"Shared Written Blocks":0,"Local Hit Blocks":0,"Local Read Blocks":0,"Local Dirtied Blocks":0,"Local Written Blocks":0,"Temp Read Blocks":64076,"Temp Written Blocks":64076,"I/O Read Time":0.0,"I/O Write Time":0.0,"Temp I/O Read Time":102.607,"Temp I/O Write Time":291.758,"Plans":[{"Node Type":"Hash Join","Parent Relationship":"Outer","Parallel Aware":false,"Async Capable":false,"Join Type":"Inner","Startup Cost":10291.72,"Total Cost":260799.24,"Plan Rows":8364549,"Plan Width":30,"Actual Startup Time":288.002,"Actual Total Time":2020.635,"Actual Rows":8570498,"Actual Loops":1,"Output":["order_line.ol_amount","order_line.ol_supply_w_id","order_line.ol_i_id","order_line.ol_w_id","order_line.ol_d_id","orders.o_entry_d","orders.o_w_id","orders.o_d_id","orders.o_c_id"],"Hash Cond":"((order_line.ol_w_id = orders.o_w_id) AND (order_line.ol_d_id = orders.o_d_id) AND (order_line.ol_o_id = orders.o_id))","Rows Removed by Bloom Filter":0,"Shared Hit Blocks":0,"Shared Read Blocks":0,"Shared Dirtied Blocks":0,"Shared Written Blocks":0,"Local Hit Blocks":0,"Local Read Blocks":0,"Local Dirtied Blocks":0,"Local Written Blocks":0,"Temp Read Blocks":0,"Temp Written Blocks":0,"I/O Read Time":0.0,"I/O Write Time":0.0,"Temp I/O Read Time":0.0,"Temp I/O Write Time":0.0,"Plans":[{"Node Type":"Append","Parent Relationship":"Outer","Parallel Aware":false,"Async Capable":false,"Startup Cost":20.0,"Total Cost":230190.58,"Plan Rows":8369638,"Plan Width":22,"Actual Startup Time":15.51,"Actual Total Time":15.514,"Actual Rows":8570498,"Actual Loops":1,"Shared Hit Blocks":0,"Shared Read Blocks":0,"Shared Dirtied Blocks":0,"Shared Written Blocks":0,"Local Hit Blocks":0,"Local Read Blocks":0,"Local Dirtied Blocks":0,"Local Written Blocks":0,"Temp Read Blocks":0,"Temp Written Blocks":0,"I/O Read Time":0.0,"I/O Write Time":0.0,"Temp I/O Read Time":0.0,"Temp I/O Write Time":0.0,"Subplans Removed":0,"Plans":[{"Node Type":"Custom Scan","Parent Relationship":"Member","Custom Plan Provider":"columnar scan","Parallel Aware":false,"Async Capable":false,"Relation Name":"order_line","Schema":"public","Alias":"order_line","Startup Cost":20.0,"Total Cost":230185.68,"Plan Rows":8369621,"Plan Width":22,"Actual Startup Time":15.509,"Actual Total Time":15.51,"Actual Rows":8570498,"Actual Loops":1,"Output":["order_line.ol_amount","order_line.ol_supply_w_id","order_line.ol_i_id","order_line.ol_w_id","order_line.ol_d_id","order_line.ol_o_id"],"Filter":"((order_line.ol_delivery_d <= '1997-01-01 20:10:02.27764'::timestamp without time zone) AND (order_line.ol_delivery_d >= '1995-01-02 20:10:02.27764'::timestamp without time zone))","Rows Removed by Filter":0,"Rows Removed by Columnar Filter":21427234,"Columnar cache search mode":"native","Shared Hit Blocks":0,"Shared Read Blocks":0,"Shared Dirtied Blocks":0,"Shared Written Blocks":0,"Local Hit Blocks":0,"Local Read Blocks":0,"Local Dirtied Blocks":0,"Local Written Blocks":0,"Temp Read Blocks":0,"Temp Written Blocks":0,"I/O Read Time":0.0,"I/O Write Time":0.0,"Temp I/O Read Time":0.0,"Temp I/O Write Time":0.0},{"Node Type":"Seq Scan","Parent Relationship":"Member","Parallel Aware":false,"Async Capable":false,"Relation Name":"order_line","Schema":"public","Alias":"order_line","Startup Cost":0.0,"Total Cost":4.9,"Plan Rows":17,"Plan Width":22,"Actual Startup Time":0.0,"Actual Total Time":0.0,"Actual Rows":0,"Actual Loops":0,"Output":["order_line.ol_amount","order_line.ol_supply_w_id","order_line.ol_i_id","order_line.ol_w_id","order_line.ol_d_id","order_line.ol_o_id"],"Filter":"((order_line.ol_delivery_d <= '1997-01-01 20:10:02.27764'::timestamp without time zone) AND (order_line.ol_delivery_d >= '1995-01-02 20:10:02.27764'::timestamp without time zone))","Rows Removed by Filter":0,"Shared Hit Blocks":0,"Shared Read Blocks":0,"Shared Dirtied Blocks":0,"Shared Written Blocks":0,"Local Hit Blocks":0,"Local Read Blocks":0,"Local Dirtied Blocks":0,"Local Written Blocks":0,"Temp Read Blocks":0,"Temp Written Blocks":0,"I/O Read Time":0.0,"I/O Write Time":0.0,"Temp I/O Read Time":0.0,"Temp I/O Write Time":0.0}]},{"Node Type":"Hash","Parent Relationship":"Inner","Parallel Aware":false,"Async Capable":false,"Startup Cost":76477.53,"Total Cost":76477.53,"Plan Rows":2998177,"Plan Width":24,"Actual Rows":2997892,"Actual Loops":1,"Output":["orders.o_entry_d","orders.o_w_id","orders.o_d_id","orders.o_id","orders.o_c_id"],"Shared Hit Blocks":0,"Shared Read Blocks":0,"Shared Dirtied Blocks":0,"Shared Written Blocks":0,"Local Hit Blocks":0,"Local Read Blocks":0,"Local Dirtied Blocks":0,"Local Written Blocks":0,"Temp Read Blocks":0,"Temp Written Blocks":0,"I/O Read Time":0.0,"I/O Write Time":0.0,"Temp I/O Read Time":0.0,"Temp I/O Write Time":0.0,"Plans":[{"Node Type":"Append","Parent Relationship":"Outer","Parallel Aware":false,"Async Capable":false,"Startup Cost":20.0,"Total Cost":76477.53,"Plan Rows":2998177,"Plan Width":24,"Actual Startup Time":1.946,"Actual Total Time":1.948,"Actual Rows":2997892,"Actual Loops":1,"Shared Hit Blocks":0,"Shared Read Blocks":0,"Shared Dirtied Blocks":0,"Shared Written Blocks":0,"Local Hit Blocks":0,"Local Read Blocks":0,"Local Dirtied Blocks":0,"Local Written Blocks":0,"Temp Read Blocks":0,"Temp Written Blocks":0,"I/O Read Time":0.0,"I/O Write Time":0.0,"Temp I/O Read Time":0.0,"Temp I/O Write Time":0.0,"Subplans Removed":0,"Plans":[{"Node Type":"Custom Scan","Parent Relationship":"Member","Custom Plan Provider":"columnar scan","Parallel Aware":false,"Async Capable":false,"Relation Name":"orders","Schema":"public","Alias":"orders","Startup Cost":20.0,"Total Cost":76473.52,"Plan Rows":2998176,"Plan Width":24,"Actual Startup Time":1.945,"Actual Total Time":1.945,"Actual Rows":2997892,"Actual Loops":1,"Output":["orders.o_entry_d","orders.o_w_id","orders.o_d_id","orders.o_id","orders.o_c_id"],"Filter":"(orders.o_entry_d >= '1992-01-02 20:10:02.27764'::timestamp without time zone)","Rows Removed by Filter":0,"Rows Removed by Columnar Filter":2108,"Columnar cache search mode":"native","Shared Hit Blocks":0,"Shared Read Blocks":0,"Shared Dirtied Blocks":0,"Shared Written Blocks":0,"Local Hit Blocks":0,"Local Read Blocks":0,"Local Dirtied Blocks":0,"Local Written Blocks":0,"Temp Read Blocks":0,"Temp Written Blocks":0,"I/O Read Time":0.0,"I/O Write Time":0.0,"Temp I/O Read Time":0.0,"Temp I/O Write Time":0.0},{"Node Type":"Seq Scan","Parent Relationship":"Member","Parallel Aware":false,"Async Capable":false,"Relation Name":"orders","Schema":"public","Alias":"orders","Startup Cost":0.0,"Total Cost":4.01,"Plan Rows":1,"Plan Width":24,"Actual Startup Time":0.0,"Actual Total Time":0.0,"Actual Rows":0,"Actual Loops":0,"Output":["orders.o_entry_d","orders.o_w_id","orders.o_d_id","orders.o_id","orders.o_c_id"],"Filter":"(orders.o_entry_d >= '1992-01-02 20:10:02.27764'::timestamp without time zone)","Rows Removed by Filter":0,"Shared Hit Blocks":0,"Shared Read Blocks":0,"Shared Dirtied Blocks":0,"Shared Written Blocks":0,"Local Hit Blocks":0,"Local Read Blocks":0,"Local Dirtied Blocks":0,"Local Written Blocks":0,"Temp Read Blocks":0,"Temp Written Blocks":0,"I/O Read Time":0.0,"I/O Write Time":0.0,"Temp I/O Read Time":0.0,"Temp I/O Write Time":0.0}]}]}]},{"Node Type":"Hash","Parent Relationship":"Inner","Parallel Aware":false,"Async Capable":false,"Startup Cost":259601.38,"Total Cost":259601.38,"Plan Rows":2999738,"Plan Width":12,"Actual Startup Time":1152.857,"Actual Total Time":1152.859,"Actual Rows":3000000,"Actual Loops":1,"Output":["customer.c_nationkey","customer.c_id","customer.c_w_id","customer.c_d_id"],"Hash Buckets":262144,"Original Hash Buckets":262144,"Hash Batches":32,"Original Hash Batches":32,"Peak Memory Usage":6072,"Shared Hit Blocks":229604,"Shared Read Blocks":0,"Shared Dirtied Blocks":0,"Shared Written Blocks":0,"Local Hit Blocks":0,"Local Read Blocks":0,"Local Dirtied Blocks":0,"Local Written Blocks":0,"Temp Read Blocks":0,"Temp Written Blocks":11334,"I/O Read Time":0.0,"I/O Write Time":0.0,"Temp I/O Read Time":0.0,"Temp I/O Write Time":54.348,"Plans":[{"Node Type":"Seq Scan","Parent Relationship":"Outer","Parallel Aware":false,"Async Capable":false,"Relation Name":"customer","Schema":"public","Alias":"customer","Startup Cost":0.0,"Total Cost":259601.38,"Plan Rows":2999738,"Plan Width":12,"Actual Startup Time":0.015,"Actual Total Time":651.955,"Actual Rows":3000000,"Actual Loops":1,"Output":["customer.c_nationkey","customer.c_id","customer.c_w_id","customer.c_d_id"],"Shared Hit Blocks":229604,"Shared Read Blocks":0,"Shared Dirtied Blocks":0,"Shared Written Blocks":0,"Local Hit Blocks":0,"Local Read Blocks":0,"Local Dirtied Blocks":0,"Local Written Blocks":0,"Temp Read Blocks":0,"Temp Written Blocks":0,"I/O Read Time":0.0,"I/O Write Time":0.0,"Temp I/O Read Time":0.0,"Temp I/O Write Time":0.0}]}]},{"Node Type":"Hash","Parent Relationship":"Inner","Parallel Aware":false,"Async Capable":false,"Startup Cost":1.93,"Total Cost":1.93,"Plan Rows":2,"Plan Width":12,"Actual Startup Time":0.014,"Actual Total Time":0.016,"Actual Rows":2,"Actual Loops":1,"Output":["n2.n_nationkey","n2.n_name"],"Hash Buckets":1024,"Original Hash Buckets":1024,"Hash Batches":1,"Original Hash Batches":1,"Peak Memory Usage":9,"Shared Hit Blocks":1,"Shared Read Blocks":0,"Shared Dirtied Blocks":0,"Shared Written Blocks":0,"Local Hit Blocks":0,"Local Read Blocks":0,"Local Dirtied Blocks":0,"Local Written Blocks":0,"Temp Read Blocks":0,"Temp Written Blocks":0,"I/O Read Time":0.0,"I/O Write Time":0.0,"Temp I/O Read Time":0.0,"Temp I/O Write Time":0.0,"Plans":[{"Node Type":"Seq Scan","Parent Relationship":"Outer","Parallel Aware":false,"Async Capable":false,"Relation Name":"nation","Schema":"public","Alias":"n2","Startup Cost":0.0,"Total Cost":1.93,"Plan Rows":2,"Plan Width":12,"Actual Startup Time":0.007,"Actual Total Time":0.012,"Actual Rows":2,"Actual Loops":1,"Output":["n2.n_nationkey","n2.n_name"],"Filter":"(((n2.n_name)::text = 'Cambodia'::text) OR ((n2.n_name)::text = 'Germany'::text))","Rows Removed by Filter":60,"Shared Hit Blocks":1,"Shared Read Blocks":0,"Shared Dirtied Blocks":0,"Shared Written Blocks":0,"Local Hit Blocks":0,"Local Read Blocks":0,"Local Dirtied Blocks":0,"Local Written Blocks":0,"Temp Read Blocks":0,"Temp Written Blocks":0,"I/O Read Time":0.0,"I/O Write Time":0.0,"Temp I/O Read Time":0.0,"Temp I/O Write Time":0.0}]}]}]}]}]}]},"Planning":{"Shared Hit Blocks":12,"Shared Read Blocks":0,"Shared Dirtied Blocks":0,"Shared Written Blocks":0,"Local Hit Blocks":0,"Local Read Blocks":0,"Local Dirtied Blocks":0,"Local Written Blocks":0,"Temp Read Blocks":0,"Temp Written Blocks":0,"I/O Read Time":0.0,"I/O Write Time":0.0,"Temp I/O Read Time":0.0,"Temp I/O Write Time":0.0},"Planning Time":4.187,"Triggers":[],"Execution Time":11476.02}]
[列存组合]: nation, order_line, stock, supplier
[{"Plan":{"Node Type":"Aggregate","Strategy":"Sorted","Partial Mode":"Simple","Parallel Aware":false,"Async Capable":false,"Startup Cost":919846.45,"Total Cost":919968.06,"Plan Rows":4422,"Plan Width":72,"Actual Startup Time":6954.371,"Actual Total Time":6955.654,"Actual Rows":6,"Actual Loops":1,"Output":["supplier.su_nationkey","customer.c_nationkey","(EXTRACT(year FROM orders.o_entry_d))","sum(order_line.ol_amount)"],"Group Key":["supplier.su_nationkey","customer.c_nationkey","(EXTRACT(year FROM orders.o_entry_d))"],"Shared Hit Blocks":251665,"Shared Read Blocks":0,"Shared Dirtied Blocks":0,"Shared Written Blocks":0,"Local Hit Blocks":0,"Local Read Blocks":0,"Local Dirtied Blocks":0,"Local Written Blocks":0,"Temp Read Blocks":20587,"Temp Written Blocks":20596,"I/O Read Time":0.0,"I/O Write Time":0.0,"Temp I/O Read Time":32.188,"Temp I/O Write Time":90.055,"Plans":[{"Node Type":"Sort","Parent Relationship":"Outer","Parallel Aware":false,"Async Capable":false,"Startup Cost":919846.45,"Total Cost":919857.51,"Plan Rows":4422,"Plan Width":44,"Actual Startup Time":6954.311,"Actual Total Time":6954.588,"Actual Rows":6043,"Actual Loops":1,"Output":["supplier.su_nationkey","customer.c_nationkey","(EXTRACT(year FROM orders.o_entry_d))","order_line.ol_amount"],"Sort Key":["supplier.su_nationkey","customer.c_nationkey","(EXTRACT(year FROM orders.o_entry_d))"],"Sort Method":"quicksort","Sort Space Used":523,"Sort Space Type":"Memory","Shared Hit Blocks":251665,"Shared Read Blocks":0,"Shared Dirtied Blocks":0,"Shared Written Blocks":0,"Local Hit Blocks":0,"Local Read Blocks":0,"Local Dirtied Blocks":0,"Local Written Blocks":0,"Temp Read Blocks":20587,"Temp Written Blocks":20596,"I/O Read Time":0.0,"I/O Write Time":0.0,"Temp I/O Read Time":32.188,"Temp I/O Write Time":90.055,"Plans":[{"Node Type":"Merge Join","Parent Relationship":"Outer","Parallel Aware":false,"Async Capable":false,"Join Type":"Inner","Startup Cost":915486.3,"Total Cost":919578.69,"Plan Rows":4422,"Plan Width":44,"Actual Startup Time":6800.788,"Actual Total Time":6952.91,"Actual Rows":6043,"Actual Loops":1,"Output":["supplier.su_nationkey","customer.c_nationkey","EXTRACT(year FROM orders.o_entry_d)","order_line.ol_amount"],"Merge Cond":"((orders.o_c_id = customer.c_id) AND (order_line.ol_w_id = customer.c_w_id) AND (order_line.ol_d_id = customer.c_d_id))","Join Filter":"((((n1.n_name)::text = 'Germany'::text) AND ((n2.n_name)::text = 'Cambodia'::text)) OR (((n1.n_name)::text = 'Cambodia'::text) AND ((n2.n_name)::text = 'Germany'::text)))","Rows Removed by Join Filter":5752,"Shared Hit Blocks":251665,"Shared Read Blocks":0,"Shared Dirtied Blocks":0,"Shared Written Blocks":0,"Local Hit Blocks":0,"Local Read Blocks":0,"Local Dirtied Blocks":0,"Local Written Blocks":0,"Temp Read Blocks":20587,"Temp Written Blocks":20596,"I/O Read Time":0.0,"I/O Write Time":0.0,"Temp I/O Read Time":32.188,"Temp I/O Write Time":90.055,"Plans":[{"Node Type":"Sort","Parent Relationship":"Outer","Parallel Aware":false,"Async Capable":false,"Startup Cost":637472.5,"Total Cost":638147.06,"Plan Rows":269824,"Plan Width":36,"Actual Startup Time":5943.878,"Actual Total Time":6014.907,"Actual Rows":242214,"Actual Loops":1,"Output":["supplier.su_nationkey","order_line.ol_amount","order_line.ol_w_id","order_line.ol_d_id","orders.o_entry_d","orders.o_w_id","orders.o_d_id","orders.o_c_id","n1.n_name"],"Sort Key":["orders.o_c_id","order_line.ol_w_id","order_line.ol_d_id"],"Sort Method":"external merge","Sort Space Used":11984,"Sort Space Type":"Disk","Shared Hit Blocks":22060,"Shared Read Blocks":0,"Shared Dirtied Blocks":0,"Shared Written Blocks":0,"Local Hit Blocks":0,"Local Read Blocks":0,"Local Dirtied Blocks":0,"Local Written Blocks":0,"Temp Read Blocks":20042,"Temp Written Blocks":20048,"I/O Read Time":0.0,"I/O Write Time":0.0,"Temp I/O Read Time":31.391,"Temp I/O Write Time":87.893,"Plans":[{"Node Type":"Hash Join","Parent Relationship":"Outer","Parallel Aware":false,"Async Capable":false,"Join Type":"Inner","Startup Cost":159264.08,"Total Cost":605754.14,"Plan Rows":269824,"Plan Width":36,"Actual Startup Time":1358.966,"Actual Total Time":5818.176,"Actual Rows":242214,"Actual Loops":1,"Output":["supplier.su_nationkey","order_line.ol_amount","order_line.ol_w_id","order_line.ol_d_id","orders.o_entry_d","orders.o_w_id","orders.o_d_id","orders.o_c_id","n1.n_name"],"Hash Cond":"((order_line.ol_w_id = orders.o_w_id) AND (order_line.ol_d_id = orders.o_d_id) AND (order_line.ol_o_id = orders.o_id))","Shared Hit Blocks":22060,"Shared Read Blocks":0,"Shared Dirtied Blocks":0,"Shared Written Blocks":0,"Local Hit Blocks":0,"Local Read Blocks":0,"Local Dirtied Blocks":0,"Local Written Blocks":0,"Temp Read Blocks":18544,"Temp Written Blocks":18544,"I/O Read Time":0.0,"I/O Write Time":0.0,"Temp I/O Read Time":29.219,"Temp I/O Write Time":82.352,"Plans":[{"Node Type":"Hash Join","Parent Relationship":"Outer","Parallel Aware":false,"Async Capable":false,"Join Type":"Inner","Startup Cost":29669.0,"Total Cost":452772.9,"Plan Rows":269988,"Plan Width":28,"Actual Startup Time":456.11,"Actual Total Time":4586.999,"Actual Rows":242214,"Actual Loops":1,"Output":["supplier.su_nationkey","order_line.ol_amount","order_line.ol_w_id","order_line.ol_d_id","order_line.ol_o_id","n1.n_name"],"Hash Cond":"(supplier.su_nationkey = n1.n_nationkey)","Shared Hit Blocks":1,"Shared Read Blocks":0,"Shared Dirtied Blocks":0,"Shared Written Blocks":0,"Local Hit Blocks":0,"Local Read Blocks":0,"Local Dirtied Blocks":0,"Local Written Blocks":0,"Temp Read Blocks":0,"Temp Written Blocks":0,"I/O Read Time":0.0,"I/O Write Time":0.0,"Temp I/O Read Time":0.0,"Temp I/O Write Time":0.0,"Plans":[{"Node Type":"Hash Join","Parent Relationship":"Outer","Parallel Aware":false,"Async Capable":false,"Join Type":"Inner","Startup Cost":29667.04,"Total Cost":429298.84,"Plan Rows":8369638,"Plan Width":20,"Actual Startup Time":455.961,"Actual Total Time":4006.14,"Actual Rows":8570498,"Actual Loops":1,"Output":["supplier.su_nationkey","order_line.ol_amount","order_line.ol_w_id","order_line.ol_d_id","order_line.ol_o_id"],"Hash Cond":"(mod((stock.s_w_id * stock.s_i_id), 10000) = supplier.su_suppkey)","Shared Hit Blocks":0,"Shared Read Blocks":0,"Shared Dirtied Blocks":0,"Shared Written Blocks":0,"Local Hit Blocks":0,"Local Read Blocks":0,"Local Dirtied Blocks":0,"Local Written Blocks":0,"Temp Read Blocks":0,"Temp Written Blocks":0,"I/O Read Time":0.0,"I/O Write Time":0.0,"Temp I/O Read Time":0.0,"Temp I/O Write Time":0.0,"Plans":[{"Node Type":"Hash Join","Parent Relationship":"Outer","Parallel Aware":false,"Async Capable":false,"Join Type":"Inner","Startup Cost":29323.02,"Total Cost":404880.91,"Plan Rows":8369638,"Plan Width":22,"Actual Startup Time":452.89,"Actual Total Time":2348.415,"Actual Rows":8570498,"Actual Loops":1,"Output":["stock.s_w_id","stock.s_i_id","order_line.ol_amount","order_line.ol_w_id","order_line.ol_d_id","order_line.ol_o_id"],"Hash Cond":"((order_line.ol_supply_w_id = stock.s_w_id) AND (order_line.ol_i_id = stock.s_i_id))","Rows Removed by Bloom Filter":0,"Shared Hit Blocks":0,"Shared Read Blocks":0,"Shared Dirtied Blocks":0,"Shared Written Blocks":0,"Local Hit Blocks":0,"Local Read Blocks":0,"Local Dirtied Blocks":0,"Local Written Blocks":0,"Temp Read Blocks":0,"Temp Written Blocks":0,"I/O Read Time":0.0,"I/O Write Time":0.0,"Temp I/O Read Time":0.0,"Temp I/O Write Time":0.0,"Plans":[{"Node Type":"Append","Parent Relationship":"Outer","Parallel Aware":false,"Async Capable":false,"Startup Cost":20.0,"Total Cost":230190.58,"Plan Rows":8369638,"Plan Width":22,"Actual Startup Time":12.657,"Actual Total Time":12.665,"Actual Rows":8570498,"Actual Loops":1,"Shared Hit Blocks":0,"Shared Read Blocks":0,"Shared Dirtied Blocks":0,"Shared Written Blocks":0,"Local Hit Blocks":0,"Local Read Blocks":0,"Local Dirtied Blocks":0,"Local Written Blocks":0,"Temp Read Blocks":0,"Temp Written Blocks":0,"I/O Read Time":0.0,"I/O Write Time":0.0,"Temp I/O Read Time":0.0,"Temp I/O Write Time":0.0,"Subplans Removed":0,"Plans":[{"Node Type":"Custom Scan","Parent Relationship":"Member","Custom Plan Provider":"columnar scan","Parallel Aware":false,"Async Capable":false,"Relation Name":"order_line","Schema":"public","Alias":"order_line","Startup Cost":20.0,"Total Cost":230185.68,"Plan Rows":8369621,"Plan Width":22,"Actual Startup Time":12.656,"Actual Total Time":12.659,"Actual Rows":8570498,"Actual Loops":1,"Output":["order_line.ol_amount","order_line.ol_supply_w_id","order_line.ol_i_id","order_line.ol_w_id","order_line.ol_d_id","order_line.ol_o_id"],"Filter":"((order_line.ol_delivery_d <= '1997-01-01 20:10:02.27764'::timestamp without time zone) AND (order_line.ol_delivery_d >= '1995-01-02 20:10:02.27764'::timestamp without time zone))","Rows Removed by Filter":0,"Rows Removed by Columnar Filter":21427234,"Columnar cache search mode":"native","Shared Hit Blocks":0,"Shared Read Blocks":0,"Shared Dirtied Blocks":0,"Shared Written Blocks":0,"Local Hit Blocks":0,"Local Read Blocks":0,"Local Dirtied Blocks":0,"Local Written Blocks":0,"Temp Read Blocks":0,"Temp Written Blocks":0,"I/O Read Time":0.0,"I/O Write Time":0.0,"Temp I/O Read Time":0.0,"Temp I/O Write Time":0.0},{"Node Type":"Seq Scan","Parent Relationship":"Member","Parallel Aware":false,"Async Capable":false,"Relation Name":"order_line","Schema":"public","Alias":"order_line","Startup Cost":0.0,"Total Cost":4.9,"Plan Rows":17,"Plan Width":22,"Actual Startup Time":0.0,"Actual Total Time":0.0,"Actual Rows":0,"Actual Loops":0,"Output":["order_line.ol_amount","order_line.ol_supply_w_id","order_line.ol_i_id","order_line.ol_w_id","order_line.ol_d_id","order_line.ol_o_id"],"Filter":"((order_line.ol_delivery_d <= '1997-01-01 20:10:02.27764'::timestamp without time zone) AND (order_line.ol_delivery_d >= '1995-01-02 20:10:02.27764'::timestamp without time zone))","Rows Removed by Filter":0,"Shared Hit Blocks":0,"Shared Read Blocks":0,"Shared Dirtied Blocks":0,"Shared Written Blocks":0,"Local Hit Blocks":0,"Local Read Blocks":0,"Local Dirtied Blocks":0,"Local Written Blocks":0,"Temp Read Blocks":0,"Temp Written Blocks":0,"I/O Read Time":0.0,"I/O Write Time":0.0,"Temp I/O Read Time":0.0,"Temp I/O Write Time":0.0}]},{"Node Type":"Hash","Parent Relationship":"Inner","Parallel Aware":false,"Async Capable":false,"Startup Cost":195025.67,"Total Cost":195025.67,"Plan Rows":10000162,"Plan Width":6,"Actual Rows":10000000,"Actual Loops":1,"Output":["stock.s_w_id","stock.s_i_id"],"Shared Hit Blocks":0,"Shared Read Blocks":0,"Shared Dirtied Blocks":0,"Shared Written Blocks":0,"Local Hit Blocks":0,"Local Read Blocks":0,"Local Dirtied Blocks":0,"Local Written Blocks":0,"Temp Read Blocks":0,"Temp Written Blocks":0,"I/O Read Time":0.0,"I/O Write Time":0.0,"Temp I/O Read Time":0.0,"Temp I/O Write Time":0.0,"Plans":[{"Node Type":"Append","Parent Relationship":"Outer","Parallel Aware":false,"Async Capable":false,"Startup Cost":20.0,"Total Cost":195025.67,"Plan Rows":10000162,"Plan Width":6,"Actual Startup Time":0.182,"Actual Total Time":0.185,"Actual Rows":10000000,"Actual Loops":1,"Shared Hit Blocks":0,"Shared Read Blocks":0,"Shared Dirtied Blocks":0,"Shared Written Blocks":0,"Local Hit Blocks":0,"Local Read Blocks":0,"Local Dirtied Blocks":0,"Local Written Blocks":0,"Temp Read Blocks":0,"Temp Written Blocks":0,"I/O Read Time":0.0,"I/O Write Time":0.0,"Temp I/O Read Time":0.0,"Temp I/O Write Time":0.0,"Subplans Removed":0,"Plans":[{"Node Type":"Custom Scan","Parent Relationship":"Member","Custom Plan Provider":"columnar scan","Parallel Aware":false,"Async Capable":false,"Relation Name":"stock","Schema":"public","Alias":"stock","Startup Cost":20.0,"Total Cost":195020.05,"Plan Rows":10000000,"Plan Width":6,"Actual Startup Time":0.182,"Actual Total Time":0.183,"Actual Rows":10000000,"Actual Loops":1,"Output":["stock.s_w_id","stock.s_i_id"],"Rows Removed by Columnar Filter":0,"Columnar cache search mode":"native","Shared Hit Blocks":0,"Shared Read Blocks":0,"Shared Dirtied Blocks":0,"Shared Written Blocks":0,"Local Hit Blocks":0,"Local Read Blocks":0,"Local Dirtied Blocks":0,"Local Written Blocks":0,"Temp Read Blocks":0,"Temp Written Blocks":0,"I/O Read Time":0.0,"I/O Write Time":0.0,"Temp I/O Read Time":0.0,"Temp I/O Write Time":0.0},{"Node Type":"Seq Scan","Parent Relationship":"Member","Parallel Aware":false,"Async Capable":false,"Relation Name":"stock","Schema":"public","Alias":"stock","Startup Cost":0.0,"Total Cost":5.62,"Plan Rows":162,"Plan Width":6,"Actual Startup Time":0.0,"Actual Total Time":0.0,"Actual Rows":0,"Actual Loops":0,"Output":["stock.s_w_id","stock.s_i_id"],"Shared Hit Blocks":0,"Shared Read Blocks":0,"Shared Dirtied Blocks":0,"Shared Written Blocks":0,"Local Hit Blocks":0,"Local Read Blocks":0,"Local Dirtied Blocks":0,"Local Written Blocks":0,"Temp Read Blocks":0,"Temp Written Blocks":0,"I/O Read Time":0.0,"I/O Write Time":0.0,"Temp I/O Read Time":0.0,"Temp I/O Write Time":0.0}]}]}]},{"Node Type":"Hash","Parent Relationship":"Inner","Parallel Aware":false,"Async Capable":false,"Startup Cost":219.01,"Total Cost":219.01,"Plan Rows":10001,"Plan Width":8,"Actual Startup Time":3.011,"Actual Total Time":3.013,"Actual Rows":10000,"Actual Loops":1,"Output":["supplier.su_nationkey","supplier.su_suppkey"],"Hash Buckets":16384,"Original Hash Buckets":16384,"Hash Batches":1,"Original Hash Batches":1,"Peak Memory Usage":519,"Shared Hit Blocks":0,"Shared Read Blocks":0,"Shared Dirtied Blocks":0,"Shared Written Blocks":0,"Local Hit Blocks":0,"Local Read Blocks":0,"Local Dirtied Blocks":0,"Local Written Blocks":0,"Temp Read Blocks":0,"Temp Written Blocks":0,"I/O Read Time":0.0,"I/O Write Time":0.0,"Temp I/O Read Time":0.0,"Temp I/O Write Time":0.0,"Plans":[{"Node Type":"Append","Parent Relationship":"Outer","Parallel Aware":false,"Async Capable":false,"Startup Cost":20.0,"Total Cost":219.01,"Plan Rows":10001,"Plan Width":8,"Actual Startup Time":0.033,"Actual Total Time":1.798,"Actual Rows":10000,"Actual Loops":1,"Shared Hit Blocks":0,"Shared Read Blocks":0,"Shared Dirtied Blocks":0,"Shared Written Blocks":0,"Local Hit Blocks":0,"Local Read Blocks":0,"Local Dirtied Blocks":0,"Local Written Blocks":0,"Temp Read Blocks":0,"Temp Written Blocks":0,"I/O Read Time":0.0,"I/O Write Time":0.0,"Temp I/O Read Time":0.0,"Temp I/O Write Time":0.0,"Subplans Removed":0,"Plans":[{"Node Type":"Custom Scan","Parent Relationship":"Member","Custom Plan Provider":"columnar scan","Parallel Aware":false,"Async Capable":false,"Relation Name":"supplier","Schema":"public","Alias":"supplier","Startup Cost":20.0,"Total Cost":215.0,"Plan Rows":10000,"Plan Width":8,"Actual Startup Time":0.032,"Actual Total Time":1.1,"Actual Rows":10000,"Actual Loops":1,"Output":["supplier.su_nationkey","supplier.su_suppkey"],"Rows Removed by Columnar Filter":0,"Columnar cache search mode":"native","Shared Hit Blocks":0,"Shared Read Blocks":0,"Shared Dirtied Blocks":0,"Shared Written Blocks":0,"Local Hit Blocks":0,"Local Read Blocks":0,"Local Dirtied Blocks":0,"Local Written Blocks":0,"Temp Read Blocks":0,"Temp Written Blocks":0,"I/O Read Time":0.0,"I/O Write Time":0.0,"Temp I/O Read Time":0.0,"Temp I/O Write Time":0.0},{"Node Type":"Seq Scan","Parent Relationship":"Member","Parallel Aware":false,"Async Capable":false,"Relation Name":"supplier","Schema":"public","Alias":"supplier","Startup Cost":0.0,"Total Cost":4.01,"Plan Rows":1,"Plan Width":8,"Actual Startup Time":0.0,"Actual Total Time":0.0,"Actual Rows":0,"Actual Loops":0,"Output":["supplier.su_nationkey","supplier.su_suppkey"],"Shared Hit Blocks":0,"Shared Read Blocks":0,"Shared Dirtied Blocks":0,"Shared Written Blocks":0,"Local Hit Blocks":0,"Local Read Blocks":0,"Local Dirtied Blocks":0,"Local Written Blocks":0,"Temp Read Blocks":0,"Temp Written Blocks":0,"I/O Read Time":0.0,"I/O Write Time":0.0,"Temp I/O Read Time":0.0,"Temp I/O Write Time":0.0}]}]}]},{"Node Type":"Hash","Parent Relationship":"Inner","Parallel Aware":false,"Async Capable":false,"Startup Cost":1.93,"Total Cost":1.93,"Plan Rows":2,"Plan Width":12,"Actual Startup Time":0.02,"Actual Total Time":0.022,"Actual Rows":2,"Actual Loops":1,"Output":["n1.n_nationkey","n1.n_name"],"Hash Buckets":1024,"Original Hash Buckets":1024,"Hash Batches":1,"Original Hash Batches":1,"Peak Memory Usage":9,"Shared Hit Blocks":1,"Shared Read Blocks":0,"Shared Dirtied Blocks":0,"Shared Written Blocks":0,"Local Hit Blocks":0,"Local Read Blocks":0,"Local Dirtied Blocks":0,"Local Written Blocks":0,"Temp Read Blocks":0,"Temp Written Blocks":0,"I/O Read Time":0.0,"I/O Write Time":0.0,"Temp I/O Read Time":0.0,"Temp I/O Write Time":0.0,"Plans":[{"Node Type":"Seq Scan","Parent Relationship":"Outer","Parallel Aware":false,"Async Capable":false,"Relation Name":"nation","Schema":"public","Alias":"n1","Startup Cost":0.0,"Total Cost":1.93,"Plan Rows":2,"Plan Width":12,"Actual Startup Time":0.012,"Actual Total Time":0.018,"Actual Rows":2,"Actual Loops":1,"Output":["n1.n_nationkey","n1.n_name"],"Filter":"(((n1.n_name)::text = 'Germany'::text) OR ((n1.n_name)::text = 'Cambodia'::text))","Rows Removed by Filter":60,"Shared Hit Blocks":1,"Shared Read Blocks":0,"Shared Dirtied Blocks":0,"Shared Written Blocks":0,"Local Hit Blocks":0,"Local Read Blocks":0,"Local Dirtied Blocks":0,"Local Written Blocks":0,"Temp Read Blocks":0,"Temp Written Blocks":0,"I/O Read Time":0.0,"I/O Write Time":0.0,"Temp I/O Read Time":0.0,"Temp I/O Write Time":0.0}]}]},{"Node Type":"Hash","Parent Relationship":"Inner","Parallel Aware":false,"Async Capable":false,"Startup Cost":59559.0,"Total Cost":59559.0,"Plan Rows":2998176,"Plan Width":24,"Actual Startup Time":901.949,"Actual Total Time":901.951,"Actual Rows":2997892,"Actual Loops":1,"Output":["orders.o_entry_d","orders.o_w_id","orders.o_d_id","orders.o_id","orders.o_c_id"],"Hash Buckets":131072,"Original Hash Buckets":131072,"Hash Batches":32,"Original Hash Batches":32,"Peak Memory Usage":6539,"Shared Hit Blocks":22059,"Shared Read Blocks":0,"Shared Dirtied Blocks":0,"Shared Written Blocks":0,"Local Hit Blocks":0,"Local Read Blocks":0,"Local Dirtied Blocks":0,"Local Written Blocks":0,"Temp Read Blocks":0,"Temp Written Blocks":16995,"I/O Read Time":0.0,"I/O Write Time":0.0,"Temp I/O Read Time":0.0,"Temp I/O Write Time":72.746,"Plans":[{"Node Type":"Seq Scan","Parent Relationship":"Outer","Parallel Aware":false,"Async Capable":false,"Relation Name":"orders","Schema":"public","Alias":"orders","Startup Cost":0.0,"Total Cost":59559.0,"Plan Rows":2998176,"Plan Width":24,"Actual Startup Time":0.016,"Actual Total Time":364.201,"Actual Rows":2997892,"Actual Loops":1,"Output":["orders.o_entry_d","orders.o_w_id","orders.o_d_id","orders.o_id","orders.o_c_id"],"Filter":"(orders.o_entry_d >= '1992-01-02 20:10:02.27764'::timestamp without time zone)","Rows Removed by Filter":2108,"Shared Hit Blocks":22059,"Shared Read Blocks":0,"Shared Dirtied Blocks":0,"Shared Written Blocks":0,"Local Hit Blocks":0,"Local Read Blocks":0,"Local Dirtied Blocks":0,"Local Written Blocks":0,"Temp Read Blocks":0,"Temp Written Blocks":0,"I/O Read Time":0.0,"I/O Write Time":0.0,"Temp I/O Read Time":0.0,"Temp I/O Write Time":0.0}]}]}]},{"Node Type":"Materialize","Parent Relationship":"Inner","Parallel Aware":false,"Async Capable":false,"Startup Cost":278013.7,"Total Cost":278497.53,"Plan Rows":96766,"Plan Width":20,"Actual Startup Time":856.856,"Actual Total Time":889.705,"Actual Rows":146547,"Actual Loops":1,"Output":["customer.c_nationkey","customer.c_id","customer.c_w_id","customer.c_d_id","n2.n_name"],"Shared Hit Blocks":229605,"Shared Read Blocks":0,"Shared Dirtied Blocks":0,"Shared Written Blocks":0,"Local Hit Blocks":0,"Local Read Blocks":0,"Local Dirtied Blocks":0,"Local Written Blocks":0,"Temp Read Blocks":545,"Temp Written Blocks":548,"I/O Read Time":0.0,"I/O Write Time":0.0,"Temp I/O Read Time":0.797,"Temp I/O Write Time":2.161,"Plans":[{"Node Type":"Sort","Parent Relationship":"Outer","Parallel Aware":false,"Async Capable":false,"Startup Cost":278013.7,"Total Cost":278255.62,"Plan Rows":96766,"Plan Width":20,"Actual Startup Time":856.849,"Actual Total Time":873.784,"Actual Rows":144982,"Actual Loops":1,"Output":["customer.c_nationkey","customer.c_id","customer.c_w_id","customer.c_d_id","n2.n_name"],"Sort Key":["customer.c_id","customer.c_w_id","customer.c_d_id"],"Sort Method":"external merge","Sort Space Used":4360,"Sort Space Type":"Disk","Shared Hit Blocks":229605,"Shared Read Blocks":0,"Shared Dirtied Blocks":0,"Shared Written Blocks":0,"Local Hit Blocks":0,"Local Read Blocks":0,"Local Dirtied Blocks":0,"Local Written Blocks":0,"Temp Read Blocks":545,"Temp Written Blocks":548,"I/O Read Time":0.0,"I/O Write Time":0.0,"Temp I/O Read Time":0.797,"Temp I/O Write Time":2.161,"Plans":[{"Node Type":"Hash Join","Parent Relationship":"Outer","Parallel Aware":false,"Async Capable":false,"Join Type":"Inner","Startup Cost":1.95,"Total Cost":268015.91,"Plan Rows":96766,"Plan Width":20,"Actual Startup Time":0.073,"Actual Total Time":799.037,"Actual Rows":144986,"Actual Loops":1,"Output":["customer.c_nationkey","customer.c_id","customer.c_w_id","customer.c_d_id","n2.n_name"],"Hash Cond":"(customer.c_nationkey = n2.n_nationkey)","Shared Hit Blocks":229605,"Shared Read Blocks":0,"Shared Dirtied Blocks":0,"Shared Written Blocks":0,"Local Hit Blocks":0,"Local Read Blocks":0,"Local Dirtied Blocks":0,"Local Written Blocks":0,"Temp Read Blocks":0,"Temp Written Blocks":0,"I/O Read Time":0.0,"I/O Write Time":0.0,"Temp I/O Read Time":0.0,"Temp I/O Write Time":0.0,"Plans":[{"Node Type":"Seq Scan","Parent Relationship":"Outer","Parallel Aware":false,"Async Capable":false,"Relation Name":"customer","Schema":"public","Alias":"customer","Startup Cost":0.0,"Total Cost":259601.38,"Plan Rows":2999738,"Plan Width":12,"Actual Startup Time":0.017,"Actual Total Time":341.671,"Actual Rows":3000000,"Actual Loops":1,"Output":["customer.c_id","customer.c_d_id","customer.c_w_id","customer.c_nationkey","customer.c_first","customer.c_middle","customer.c_last","customer.c_street_1","customer.c_street_2","customer.c_city","customer.c_state","customer.c_zip","customer.c_phone","customer.c_since","customer.c_credit","customer.c_credit_lim","customer.c_discount","customer.c_balance","customer.c_ytd_payment","customer.c_payment_cnt","customer.c_delivery_cnt","customer.c_data"],"Shared Hit Blocks":229604,"Shared Read Blocks":0,"Shared Dirtied Blocks":0,"Shared Written Blocks":0,"Local Hit Blocks":0,"Local Read Blocks":0,"Local Dirtied Blocks":0,"Local Written Blocks":0,"Temp Read Blocks":0,"Temp Written Blocks":0,"I/O Read Time":0.0,"I/O Write Time":0.0,"Temp I/O Read Time":0.0,"Temp I/O Write Time":0.0},{"Node Type":"Hash","Parent Relationship":"Inner","Parallel Aware":false,"Async Capable":false,"Startup Cost":1.93,"Total Cost":1.93,"Plan Rows":2,"Plan Width":12,"Actual Startup Time":0.018,"Actual Total Time":0.019,"Actual Rows":2,"Actual Loops":1,"Output":["n2.n_nationkey","n2.n_name"],"Hash Buckets":1024,"Original Hash Buckets":1024,"Hash Batches":1,"Original Hash Batches":1,"Peak Memory Usage":9,"Shared Hit Blocks":1,"Shared Read Blocks":0,"Shared Dirtied Blocks":0,"Shared Written Blocks":0,"Local Hit Blocks":0,"Local Read Blocks":0,"Local Dirtied Blocks":0,"Local Written Blocks":0,"Temp Read Blocks":0,"Temp Written Blocks":0,"I/O Read Time":0.0,"I/O Write Time":0.0,"Temp I/O Read Time":0.0,"Temp I/O Write Time":0.0,"Plans":[{"Node Type":"Seq Scan","Parent Relationship":"Outer","Parallel Aware":false,"Async Capable":false,"Relation Name":"nation","Schema":"public","Alias":"n2","Startup Cost":0.0,"Total Cost":1.93,"Plan Rows":2,"Plan Width":12,"Actual Startup Time":0.011,"Actual Total Time":0.016,"Actual Rows":2,"Actual Loops":1,"Output":["n2.n_nationkey","n2.n_name"],"Filter":"(((n2.n_name)::text = 'Cambodia'::text) OR ((n2.n_name)::text = 'Germany'::text))","Rows Removed by Filter":60,"Shared Hit Blocks":1,"Shared Read Blocks":0,"Shared Dirtied Blocks":0,"Shared Written Blocks":0,"Local Hit Blocks":0,"Local Read Blocks":0,"Local Dirtied Blocks":0,"Local Written Blocks":0,"Temp Read Blocks":0,"Temp Written Blocks":0,"I/O Read Time":0.0,"I/O Write Time":0.0,"Temp I/O Read Time":0.0,"Temp I/O Write Time":0.0}]}]}]}]}]}]}]},"Planning":{"Shared Hit Blocks":12,"Shared Read Blocks":0,"Shared Dirtied Blocks":0,"Shared Written Blocks":0,"Local Hit Blocks":0,"Local Read Blocks":0,"Local Dirtied Blocks":0,"Local Written Blocks":0,"Temp Read Blocks":0,"Temp Written Blocks":0,"I/O Read Time":0.0,"I/O Write Time":0.0,"Temp I/O Read Time":0.0,"Temp I/O Write Time":0.0},"Planning Time":3.166,"Triggers":[],"Execution Time":6959.055}]
[列存组合]: nation, orders, stock, supplier
[{"Plan":{"Node Type":"Aggregate","Strategy":"Sorted","Partial Mode":"Simple","Parallel Aware":false,"Async Capable":false,"Startup Cost":1935660.33,"Total Cost":1935781.93,"Plan Rows":4422,"Plan Width":72,"Actual Startup Time":13946.053,"Actual Total Time":13947.328,"Actual Rows":6,"Actual Loops":1,"Output":["supplier.su_nationkey","customer.c_nationkey","(EXTRACT(year FROM orders.o_entry_d))","sum(order_line.ol_amount)"],"Group Key":["supplier.su_nationkey","customer.c_nationkey","(EXTRACT(year FROM orders.o_entry_d))"],"Shared Hit Blocks":619887,"Shared Read Blocks":0,"Shared Dirtied Blocks":0,"Shared Written Blocks":0,"Local Hit Blocks":0,"Local Read Blocks":0,"Local Dirtied Blocks":0,"Local Written Blocks":0,"Temp Read Blocks":99613,"Temp Written Blocks":99622,"I/O Read Time":0.0,"I/O Write Time":0.0,"Temp I/O Read Time":159.566,"Temp I/O Write Time":446.386,"Plans":[{"Node Type":"Sort","Parent Relationship":"Outer","Parallel Aware":false,"Async Capable":false,"Startup Cost":1935660.33,"Total Cost":1935671.38,"Plan Rows":4422,"Plan Width":44,"Actual Startup Time":13945.992,"Actual Total Time":13946.255,"Actual Rows":6043,"Actual Loops":1,"Output":["supplier.su_nationkey","customer.c_nationkey","(EXTRACT(year FROM orders.o_entry_d))","order_line.ol_amount"],"Sort Key":["supplier.su_nationkey","customer.c_nationkey","(EXTRACT(year FROM orders.o_entry_d))"],"Sort Method":"quicksort","Sort Space Used":523,"Sort Space Type":"Memory","Shared Hit Blocks":619887,"Shared Read Blocks":0,"Shared Dirtied Blocks":0,"Shared Written Blocks":0,"Local Hit Blocks":0,"Local Read Blocks":0,"Local Dirtied Blocks":0,"Local Written Blocks":0,"Temp Read Blocks":99613,"Temp Written Blocks":99622,"I/O Read Time":0.0,"I/O Write Time":0.0,"Temp I/O Read Time":159.566,"Temp I/O Write Time":446.386,"Plans":[{"Node Type":"Merge Join","Parent Relationship":"Outer","Parallel Aware":false,"Async Capable":false,"Join Type":"Inner","Startup Cost":1931300.18,"Total Cost":1935392.56,"Plan Rows":4422,"Plan Width":44,"Actual Startup Time":13792.777,"Actual Total Time":13944.562,"Actual Rows":6043,"Actual Loops":1,"Output":["supplier.su_nationkey","customer.c_nationkey","EXTRACT(year FROM orders.o_entry_d)","order_line.ol_amount"],"Inner Unique":false,"Merge Cond":"((orders.o_c_id = customer.c_id) AND (order_line.ol_w_id = customer.c_w_id) AND (order_line.ol_d_id = customer.c_d_id))","Join Filter":"((((n1.n_name)::text = 'Germany'::text) AND ((n2.n_name)::text = 'Cambodia'::text)) OR (((n1.n_name)::text = 'Cambodia'::text) AND ((n2.n_name)::text = 'Germany'::text)))","Rows Removed by Join Filter":5752,"Shared Hit Blocks":619887,"Shared Read Blocks":0,"Shared Dirtied Blocks":0,"Shared Written Blocks":0,"Local Hit Blocks":0,"Local Read Blocks":0,"Local Dirtied Blocks":0,"Local Written Blocks":0,"Temp Read Blocks":99613,"Temp Written Blocks":99622,"I/O Read Time":0.0,"I/O Write Time":0.0,"Temp I/O Read Time":159.566,"Temp I/O Write Time":446.386,"Plans":[{"Node Type":"Sort","Parent Relationship":"Outer","Parallel Aware":false,"Async Capable":false,"Startup Cost":1653286.38,"Total Cost":1653960.94,"Plan Rows":269824,"Plan Width":36,"Actual Startup Time":12936.661,"Actual Total Time":13007.817,"Actual Rows":242214,"Actual Loops":1,"Output":["supplier.su_nationkey","order_line.ol_amount","order_line.ol_w_id","order_line.ol_d_id","orders.o_entry_d","orders.o_w_id","orders.o_d_id","orders.o_c_id","n1.n_name"],"Sort Key":["orders.o_c_id","order_line.ol_w_id","order_line.ol_d_id"],"Sort Method":"external merge","Sort Space Used":11984,"Sort Space Type":"Disk","Shared Hit Blocks":390282,"Shared Read Blocks":0,"Shared Dirtied Blocks":0,"Shared Written Blocks":0,"Local Hit Blocks":0,"Local Read Blocks":0,"Local Dirtied Blocks":0,"Local Written Blocks":0,"Temp Read Blocks":99068,"Temp Written Blocks":99074,"I/O Read Time":0.0,"I/O Write Time":0.0,"Temp I/O Read Time":158.8,"Temp I/O Write Time":444.262,"Plans":[{"Node Type":"Hash Join","Parent Relationship":"Outer","Parallel Aware":false,"Async Capable":false,"Join Type":"Inner","Startup Cost":578698.35,"Total Cost":1621568.01,"Plan Rows":269824,"Plan Width":36,"Actual Startup Time":3001.522,"Actual Total Time":12809.412,"Actual Rows":242214,"Actual Loops":1,"Output":["supplier.su_nationkey","order_line.ol_amount","order_line.ol_w_id","order_line.ol_d_id","orders.o_entry_d","orders.o_w_id","orders.o_d_id","orders.o_c_id","n1.n_name"],"Inner Unique":true,"Hash Cond":"((order_line.ol_w_id = orders.o_w_id) AND (order_line.ol_d_id = orders.o_d_id) AND (order_line.ol_o_id = orders.o_id))","Shared Hit Blocks":390282,"Shared Read Blocks":0,"Shared Dirtied Blocks":0,"Shared Written Blocks":0,"Local Hit Blocks":0,"Local Read Blocks":0,"Local Dirtied Blocks":0,"Local Written Blocks":0,"Temp Read Blocks":97570,"Temp Written Blocks":97570,"I/O Read Time":0.0,"I/O Write Time":0.0,"Temp I/O Read Time":156.597,"Temp I/O Write Time":438.783,"Plans":[{"Node Type":"Hash Join","Parent Relationship":"Outer","Parallel Aware":false,"Async Capable":false,"Join Type":"Inner","Startup Cost":449103.27,"Total Cost":1468586.78,"Plan Rows":269988,"Plan Width":28,"Actual Startup Time":2096.326,"Actual Total Time":11578.042,"Actual Rows":242214,"Actual Loops":1,"Output":["supplier.su_nationkey","order_line.ol_amount","order_line.ol_w_id","order_line.ol_d_id","order_line.ol_o_id","n1.n_name"],"Inner Unique":true,"Hash Cond":"(supplier.su_nationkey = n1.n_nationkey)","Shared Hit Blocks":368223,"Shared Read Blocks":0,"Shared Dirtied Blocks":0,"Shared Written Blocks":0,"Local Hit Blocks":0,"Local Read Blocks":0,"Local Dirtied Blocks":0,"Local Written Blocks":0,"Temp Read Blocks":79026,"Temp Written Blocks":79026,"I/O Read Time":0.0,"I/O Write Time":0.0,"Temp I/O Read Time":127.609,"Temp I/O Write Time":357.583,"Plans":[{"Node Type":"Hash Join","Parent Relationship":"Outer","Parallel Aware":false,"Async Capable":false,"Join Type":"Inner","Startup Cost":449101.32,"Total Cost":1445112.71,"Plan Rows":8369638,"Plan Width":20,"Actual Startup Time":2094.406,"Actual Total Time":10972.957,"Actual Rows":8570498,"Actual Loops":1,"Output":["supplier.su_nationkey","order_line.ol_amount","order_line.ol_w_id","order_line.ol_d_id","order_line.ol_o_id"],"Inner Unique":true,"Hash Cond":"(mod((stock.s_w_id * stock.s_i_id), 10000) = supplier.su_suppkey)","Shared Hit Blocks":368222,"Shared Read Blocks":0,"Shared Dirtied Blocks":0,"Shared Written Blocks":0,"Local Hit Blocks":0,"Local Read Blocks":0,"Local Dirtied Blocks":0,"Local Written Blocks":0,"Temp Read Blocks":79026,"Temp Written Blocks":79026,"I/O Read Time":0.0,"I/O Write Time":0.0,"Temp I/O Read Time":127.609,"Temp I/O Write Time":357.583,"Plans":[{"Node Type":"Hash Join","Parent Relationship":"Outer","Parallel Aware":false,"Async Capable":false,"Join Type":"Inner","Startup Cost":448757.29,"Total Cost":1420694.79,"Plan Rows":8369638,"Plan Width":22,"Actual Startup Time":2091.358,"Actual Total Time":9290.826,"Actual Rows":8570498,"Actual Loops":1,"Output":["stock.s_w_id","stock.s_i_id","order_line.ol_amount","order_line.ol_w_id","order_line.ol_d_id","order_line.ol_o_id"],"Inner Unique":true,"Hash Cond":"((order_line.ol_supply_w_id = stock.s_w_id) AND (order_line.ol_i_id = stock.s_i_id))","Shared Hit Blocks":368222,"Shared Read Blocks":0,"Shared Dirtied Blocks":0,"Shared Written Blocks":0,"Local Hit Blocks":0,"Local Read Blocks":0,"Local Dirtied Blocks":0,"Local Written Blocks":0,"Temp Read Blocks":79026,"Temp Written Blocks":79026,"I/O Read Time":0.0,"I/O Write Time":0.0,"Temp I/O Read Time":127.609,"Temp I/O Write Time":357.583,"Plans":[{"Node Type":"Seq Scan","Parent Relationship":"Outer","Parallel Aware":false,"Async Capable":false,"Relation Name":"order_line","Schema":"public","Alias":"order_line","Startup Cost":0.0,"Total Cost":790850.88,"Plan Rows":8369638,"Plan Width":22,"Actual Startup Time":13.102,"Actual Total Time":2831.697,"Actual Rows":8570498,"Actual Loops":1,"Output":["order_line.ol_amount","order_line.ol_supply_w_id","order_line.ol_i_id","order_line.ol_w_id","order_line.ol_d_id","order_line.ol_o_id"],"Filter":"((order_line.ol_delivery_d >= '1995-01-02 20:10:02.27764'::timestamp without time zone) AND (order_line.ol_delivery_d <= '1997-01-01 20:10:02.27764'::timestamp without time zone))","Rows Removed by Filter":21427234,"Shared Hit Blocks":340884,"Shared Read Blocks":0,"Shared Dirtied Blocks":0,"Shared Written Blocks":0,"Local Hit Blocks":0,"Local Read Blocks":0,"Local Dirtied Blocks":0,"Local Written Blocks":0,"Temp Read Blocks":0,"Temp Written Blocks":0,"I/O Read Time":0.0,"I/O Write Time":0.0,"Temp I/O Read Time":0.0,"Temp I/O Write Time":0.0},{"Node Type":"Hash","Parent Relationship":"Inner","Parallel Aware":false,"Async Capable":false,"Startup Cost":259690.86,"Total Cost":259690.86,"Plan Rows":10000162,"Plan Width":6,"Actual Startup Time":2076.948,"Actual Total Time":2076.951,"Actual Rows":10000000,"Actual Loops":1,"Output":["stock.s_w_id","stock.s_i_id"],"Hash Buckets":262144,"Original Hash Buckets":262144,"Hash Batches":64,"Original Hash Batches":64,"Peak Memory Usage":8133,"Shared Hit Blocks":27338,"Shared Read Blocks":0,"Shared Dirtied Blocks":0,"Shared Written Blocks":0,"Local Hit Blocks":0,"Local Read Blocks":0,"Local Dirtied Blocks":0,"Local Written Blocks":0,"Temp Read Blocks":0,"Temp Written Blocks":33616,"I/O Read Time":0.0,"I/O Write Time":0.0,"Temp I/O Read Time":0.0,"Temp I/O Write Time":149.239,"Plans":[{"Node Type":"Index Only Scan","Parent Relationship":"Outer","Parallel Aware":false,"Async Capable":false,"Scan Direction":"Forward","Index Name":"stock_pk","Relation Name":"stock","Schema":"public","Alias":"stock","Startup Cost":0.43,"Total Cost":259690.86,"Plan Rows":10000162,"Plan Width":6,"Actual Startup Time":0.025,"Actual Total Time":716.665,"Actual Rows":10000000,"Actual Loops":1,"Output":["stock.s_w_id","stock.s_i_id"],"Heap Fetches":0,"Shared Hit Blocks":27338,"Shared Read Blocks":0,"Shared Dirtied Blocks":0,"Shared Written Blocks":0,"Local Hit Blocks":0,"Local Read Blocks":0,"Local Dirtied Blocks":0,"Local Written Blocks":0,"Temp Read Blocks":0,"Temp Written Blocks":0,"I/O Read Time":0.0,"I/O Write Time":0.0,"Temp I/O Read Time":0.0,"Temp I/O Write Time":0.0}]}]},{"Node Type":"Hash","Parent Relationship":"Inner","Parallel Aware":false,"Async Capable":false,"Startup Cost":219.01,"Total Cost":219.01,"Plan Rows":10001,"Plan Width":8,"Actual Startup Time":2.997,"Actual Total Time":3.001,"Actual Rows":10000,"Actual Loops":1,"Output":["supplier.su_nationkey","supplier.su_suppkey"],"Hash Buckets":16384,"Original Hash Buckets":16384,"Hash Batches":1,"Original Hash Batches":1,"Peak Memory Usage":519,"Shared Hit Blocks":0,"Shared Read Blocks":0,"Shared Dirtied Blocks":0,"Shared Written Blocks":0,"Local Hit Blocks":0,"Local Read Blocks":0,"Local Dirtied Blocks":0,"Local Written Blocks":0,"Temp Read Blocks":0,"Temp Written Blocks":0,"I/O Read Time":0.0,"I/O Write Time":0.0,"Temp I/O Read Time":0.0,"Temp I/O Write Time":0.0,"Plans":[{"Node Type":"Append","Parent Relationship":"Outer","Parallel Aware":false,"Async Capable":false,"Startup Cost":20.0,"Total Cost":219.01,"Plan Rows":10001,"Plan Width":8,"Actual Startup Time":0.025,"Actual Total Time":1.787,"Actual Rows":10000,"Actual Loops":1,"Shared Hit Blocks":0,"Shared Read Blocks":0,"Shared Dirtied Blocks":0,"Shared Written Blocks":0,"Local Hit Blocks":0,"Local Read Blocks":0,"Local Dirtied Blocks":0,"Local Written Blocks":0,"Temp Read Blocks":0,"Temp Written Blocks":0,"I/O Read Time":0.0,"I/O Write Time":0.0,"Temp I/O Read Time":0.0,"Temp I/O Write Time":0.0,"Subplans Removed":0,"Plans":[{"Node Type":"Custom Scan","Parent Relationship":"Member","Custom Plan Provider":"columnar scan","Parallel Aware":false,"Async Capable":false,"Relation Name":"supplier","Schema":"public","Alias":"supplier","Startup Cost":20.0,"Total Cost":215.0,"Plan Rows":10000,"Plan Width":8,"Actual Startup Time":0.023,"Actual Total Time":1.088,"Actual Rows":10000,"Actual Loops":1,"Output":["supplier.su_nationkey","supplier.su_suppkey"],"Rows Removed by Columnar Filter":0,"Columnar cache search mode":"native","Shared Hit Blocks":0,"Shared Read Blocks":0,"Shared Dirtied Blocks":0,"Shared Written Blocks":0,"Local Hit Blocks":0,"Local Read Blocks":0,"Local Dirtied Blocks":0,"Local Written Blocks":0,"Temp Read Blocks":0,"Temp Written Blocks":0,"I/O Read Time":0.0,"I/O Write Time":0.0,"Temp I/O Read Time":0.0,"Temp I/O Write Time":0.0},{"Node Type":"Seq Scan","Parent Relationship":"Member","Parallel Aware":false,"Async Capable":false,"Relation Name":"supplier","Schema":"public","Alias":"supplier","Startup Cost":0.0,"Total Cost":4.01,"Plan Rows":1,"Plan Width":8,"Actual Startup Time":0.0,"Actual Total Time":0.0,"Actual Rows":0,"Actual Loops":0,"Output":["supplier.su_nationkey","supplier.su_suppkey"],"Shared Hit Blocks":0,"Shared Read Blocks":0,"Shared Dirtied Blocks":0,"Shared Written Blocks":0,"Local Hit Blocks":0,"Local Read Blocks":0,"Local Dirtied Blocks":0,"Local Written Blocks":0,"Temp Read Blocks":0,"Temp Written Blocks":0,"I/O Read Time":0.0,"I/O Write Time":0.0,"Temp I/O Read Time":0.0,"Temp I/O Write Time":0.0}]}]}]},{"Node Type":"Hash","Parent Relationship":"Inner","Parallel Aware":false,"Async Capable":false,"Startup Cost":1.93,"Total Cost":1.93,"Plan Rows":2,"Plan Width":12,"Actual Startup Time":0.021,"Actual Total Time":0.021,"Actual Rows":2,"Actual Loops":1,"Output":["n1.n_nationkey","n1.n_name"],"Hash Buckets":1024,"Original Hash Buckets":1024,"Hash Batches":1,"Original Hash Batches":1,"Peak Memory Usage":9,"Shared Hit Blocks":1,"Shared Read Blocks":0,"Shared Dirtied Blocks":0,"Shared Written Blocks":0,"Local Hit Blocks":0,"Local Read Blocks":0,"Local Dirtied Blocks":0,"Local Written Blocks":0,"Temp Read Blocks":0,"Temp Written Blocks":0,"I/O Read Time":0.0,"I/O Write Time":0.0,"Temp I/O Read Time":0.0,"Temp I/O Write Time":0.0,"Plans":[{"Node Type":"Seq Scan","Parent Relationship":"Outer","Parallel Aware":false,"Async Capable":false,"Relation Name":"nation","Schema":"public","Alias":"n1","Startup Cost":0.0,"Total Cost":1.93,"Plan Rows":2,"Plan Width":12,"Actual Startup Time":0.013,"Actual Total Time":0.018,"Actual Rows":2,"Actual Loops":1,"Output":["n1.n_nationkey","n1.n_name"],"Filter":"(((n1.n_name)::text = 'Germany'::text) OR ((n1.n_name)::text = 'Cambodia'::text))","Rows Removed by Filter":60,"Shared Hit Blocks":1,"Shared Read Blocks":0,"Shared Dirtied Blocks":0,"Shared Written Blocks":0,"Local Hit Blocks":0,"Local Read Blocks":0,"Local Dirtied Blocks":0,"Local Written Blocks":0,"Temp Read Blocks":0,"Temp Written Blocks":0,"I/O Read Time":0.0,"I/O Write Time":0.0,"Temp I/O Read Time":0.0,"Temp I/O Write Time":0.0}]}]},{"Node Type":"Hash","Parent Relationship":"Inner","Parallel Aware":false,"Async Capable":false,"Startup Cost":59559.0,"Total Cost":59559.0,"Plan Rows":2998176,"Plan Width":24,"Actual Startup Time":897.273,"Actual Total Time":897.274,"Actual Rows":2997892,"Actual Loops":1,"Output":["orders.o_entry_d","orders.o_w_id","orders.o_d_id","orders.o_id","orders.o_c_id"],"Hash Buckets":131072,"Original Hash Buckets":131072,"Hash Batches":32,"Original Hash Batches":32,"Peak Memory Usage":6539,"Shared Hit Blocks":22059,"Shared Read Blocks":0,"Shared Dirtied Blocks":0,"Shared Written Blocks":0,"Local Hit Blocks":0,"Local Read Blocks":0,"Local Dirtied Blocks":0,"Local Written Blocks":0,"Temp Read Blocks":0,"Temp Written Blocks":16995,"I/O Read Time":0.0,"I/O Write Time":0.0,"Temp I/O Read Time":0.0,"Temp I/O Write Time":72.046,"Plans":[{"Node Type":"Seq Scan","Parent Relationship":"Outer","Parallel Aware":false,"Async Capable":false,"Relation Name":"orders","Schema":"public","Alias":"orders","Startup Cost":0.0,"Total Cost":59559.0,"Plan Rows":2998176,"Plan Width":24,"Actual Startup Time":0.012,"Actual Total Time":365.286,"Actual Rows":2997892,"Actual Loops":1,"Output":["orders.o_entry_d","orders.o_w_id","orders.o_d_id","orders.o_id","orders.o_c_id"],"Filter":"(orders.o_entry_d >= '1992-01-02 20:10:02.27764'::timestamp without time zone)","Rows Removed by Filter":2108,"Shared Hit Blocks":22059,"Shared Read Blocks":0,"Shared Dirtied Blocks":0,"Shared Written Blocks":0,"Local Hit Blocks":0,"Local Read Blocks":0,"Local Dirtied Blocks":0,"Local Written Blocks":0,"Temp Read Blocks":0,"Temp Written Blocks":0,"I/O Read Time":0.0,"I/O Write Time":0.0,"Temp I/O Read Time":0.0,"Temp I/O Write Time":0.0}]}]}]},{"Node Type":"Materialize","Parent Relationship":"Inner","Parallel Aware":false,"Async Capable":false,"Startup Cost":278013.7,"Total Cost":278497.53,"Plan Rows":96766,"Plan Width":20,"Actual Startup Time":856.074,"Actual Total Time":888.765,"Actual Rows":146547,"Actual Loops":1,"Output":["customer.c_nationkey","customer.c_id","customer.c_w_id","customer.c_d_id","n2.n_name"],"Shared Hit Blocks":229605,"Shared Read Blocks":0,"Shared Dirtied Blocks":0,"Shared Written Blocks":0,"Local Hit Blocks":0,"Local Read Blocks":0,"Local Dirtied Blocks":0,"Local Written Blocks":0,"Temp Read Blocks":545,"Temp Written Blocks":548,"I/O Read Time":0.0,"I/O Write Time":0.0,"Temp I/O Read Time":0.766,"Temp I/O Write Time":2.124,"Plans":[{"Node Type":"Sort","Parent Relationship":"Outer","Parallel Aware":false,"Async Capable":false,"Startup Cost":278013.7,"Total Cost":278255.62,"Plan Rows":96766,"Plan Width":20,"Actual Startup Time":856.068,"Actual Total Time":872.967,"Actual Rows":144982,"Actual Loops":1,"Output":["customer.c_nationkey","customer.c_id","customer.c_w_id","customer.c_d_id","n2.n_name"],"Sort Key":["customer.c_id","customer.c_w_id","customer.c_d_id"],"Sort Method":"external merge","Sort Space Used":4360,"Sort Space Type":"Disk","Shared Hit Blocks":229605,"Shared Read Blocks":0,"Shared Dirtied Blocks":0,"Shared Written Blocks":0,"Local Hit Blocks":0,"Local Read Blocks":0,"Local Dirtied Blocks":0,"Local Written Blocks":0,"Temp Read Blocks":545,"Temp Written Blocks":548,"I/O Read Time":0.0,"I/O Write Time":0.0,"Temp I/O Read Time":0.766,"Temp I/O Write Time":2.124,"Plans":[{"Node Type":"Hash Join","Parent Relationship":"Outer","Parallel Aware":false,"Async Capable":false,"Join Type":"Inner","Startup Cost":1.95,"Total Cost":268015.91,"Plan Rows":96766,"Plan Width":20,"Actual Startup Time":0.1,"Actual Total Time":799.805,"Actual Rows":144986,"Actual Loops":1,"Output":["customer.c_nationkey","customer.c_id","customer.c_w_id","customer.c_d_id","n2.n_name"],"Inner Unique":true,"Hash Cond":"(customer.c_nationkey = n2.n_nationkey)","Shared Hit Blocks":229605,"Shared Read Blocks":0,"Shared Dirtied Blocks":0,"Shared Written Blocks":0,"Local Hit Blocks":0,"Local Read Blocks":0,"Local Dirtied Blocks":0,"Local Written Blocks":0,"Temp Read Blocks":0,"Temp Written Blocks":0,"I/O Read Time":0.0,"I/O Write Time":0.0,"Temp I/O Read Time":0.0,"Temp I/O Write Time":0.0,"Plans":[{"Node Type":"Seq Scan","Parent Relationship":"Outer","Parallel Aware":false,"Async Capable":false,"Relation Name":"customer","Schema":"public","Alias":"customer","Startup Cost":0.0,"Total Cost":259601.38,"Plan Rows":2999738,"Plan Width":12,"Actual Startup Time":0.027,"Actual Total Time":344.456,"Actual Rows":3000000,"Actual Loops":1,"Output":["customer.c_id","customer.c_d_id","customer.c_w_id","customer.c_nationkey","customer.c_first","customer.c_middle","customer.c_last","customer.c_street_1","customer.c_street_2","customer.c_city","customer.c_state","customer.c_zip","customer.c_phone","customer.c_since","customer.c_credit","customer.c_credit_lim","customer.c_discount","customer.c_balance","customer.c_ytd_payment","customer.c_payment_cnt","customer.c_delivery_cnt","customer.c_data"],"Shared Hit Blocks":229604,"Shared Read Blocks":0,"Shared Dirtied Blocks":0,"Shared Written Blocks":0,"Local Hit Blocks":0,"Local Read Blocks":0,"Local Dirtied Blocks":0,"Local Written Blocks":0,"Temp Read Blocks":0,"Temp Written Blocks":0,"I/O Read Time":0.0,"I/O Write Time":0.0,"Temp I/O Read Time":0.0,"Temp I/O Write Time":0.0},{"Node Type":"Hash","Parent Relationship":"Inner","Parallel Aware":false,"Async Capable":false,"Startup Cost":1.93,"Total Cost":1.93,"Plan Rows":2,"Plan Width":12,"Actual Startup Time":0.026,"Actual Total Time":0.026,"Actual Rows":2,"Actual Loops":1,"Output":["n2.n_nationkey","n2.n_name"],"Hash Buckets":1024,"Original Hash Buckets":1024,"Hash Batches":1,"Original Hash Batches":1,"Peak Memory Usage":9,"Shared Hit Blocks":1,"Shared Read Blocks":0,"Shared Dirtied Blocks":0,"Shared Written Blocks":0,"Local Hit Blocks":0,"Local Read Blocks":0,"Local Dirtied Blocks":0,"Local Written Blocks":0,"Temp Read Blocks":0,"Temp Written Blocks":0,"I/O Read Time":0.0,"I/O Write Time":0.0,"Temp I/O Read Time":0.0,"Temp I/O Write Time":0.0,"Plans":[{"Node Type":"Seq Scan","Parent Relationship":"Outer","Parallel Aware":false,"Async Capable":false,"Relation Name":"nation","Schema":"public","Alias":"n2","Startup Cost":0.0,"Total Cost":1.93,"Plan Rows":2,"Plan Width":12,"Actual Startup Time":0.016,"Actual Total Time":0.021,"Actual Rows":2,"Actual Loops":1,"Output":["n2.n_nationkey","n2.n_name"],"Filter":"(((n2.n_name)::text = 'Cambodia'::text) OR ((n2.n_name)::text = 'Germany'::text))","Rows Removed by Filter":60,"Shared Hit Blocks":1,"Shared Read Blocks":0,"Shared Dirtied Blocks":0,"Shared Written Blocks":0,"Local Hit Blocks":0,"Local Read Blocks":0,"Local Dirtied Blocks":0,"Local Written Blocks":0,"Temp Read Blocks":0,"Temp Written Blocks":0,"I/O Read Time":0.0,"I/O Write Time":0.0,"Temp I/O Read Time":0.0,"Temp I/O Write Time":0.0}]}]}]}]}]}]}]},"Planning":{"Shared Hit Blocks":12,"Shared Read Blocks":0,"Shared Dirtied Blocks":0,"Shared Written Blocks":0,"Local Hit Blocks":0,"Local Read Blocks":0,"Local Dirtied Blocks":0,"Local Written Blocks":0,"Temp Read Blocks":0,"Temp Written Blocks":0,"I/O Read Time":0.0,"I/O Write Time":0.0,"Temp I/O Read Time":0.0,"Temp I/O Write Time":0.0},"Planning Time":2.925,"Triggers":[],"Execution Time":13950.57}]
[列存组合]: order_line, orders, stock, supplier
[{"Plan":{"Node Type":"Aggregate","Strategy":"Sorted","Partial Mode":"Simple","Parallel Aware":false,"Async Capable":false,"Startup Cost":919846.45,"Total Cost":919968.06,"Plan Rows":4422,"Plan Width":72,"Actual Startup Time":6883.901,"Actual Total Time":6885.192,"Actual Rows":6,"Actual Loops":1,"Output":["supplier.su_nationkey","customer.c_nationkey","(EXTRACT(year FROM orders.o_entry_d))","sum(order_line.ol_amount)"],"Group Key":["supplier.su_nationkey","customer.c_nationkey","(EXTRACT(year FROM orders.o_entry_d))"],"Shared Hit Blocks":251665,"Shared Read Blocks":0,"Shared Dirtied Blocks":0,"Shared Written Blocks":0,"Local Hit Blocks":0,"Local Read Blocks":0,"Local Dirtied Blocks":0,"Local Written Blocks":0,"Temp Read Blocks":20587,"Temp Written Blocks":20596,"I/O Read Time":0.0,"I/O Write Time":0.0,"Temp I/O Read Time":32.216,"Temp I/O Write Time":89.986,"Plans":[{"Node Type":"Sort","Parent Relationship":"Outer","Parallel Aware":false,"Async Capable":false,"Startup Cost":919846.45,"Total Cost":919857.51,"Plan Rows":4422,"Plan Width":44,"Actual Startup Time":6883.84,"Actual Total Time":6884.121,"Actual Rows":6043,"Actual Loops":1,"Output":["supplier.su_nationkey","customer.c_nationkey","(EXTRACT(year FROM orders.o_entry_d))","order_line.ol_amount"],"Sort Key":["supplier.su_nationkey","customer.c_nationkey","(EXTRACT(year FROM orders.o_entry_d))"],"Sort Method":"quicksort","Sort Space Used":523,"Sort Space Type":"Memory","Shared Hit Blocks":251665,"Shared Read Blocks":0,"Shared Dirtied Blocks":0,"Shared Written Blocks":0,"Local Hit Blocks":0,"Local Read Blocks":0,"Local Dirtied Blocks":0,"Local Written Blocks":0,"Temp Read Blocks":20587,"Temp Written Blocks":20596,"I/O Read Time":0.0,"I/O Write Time":0.0,"Temp I/O Read Time":32.216,"Temp I/O Write Time":89.986,"Plans":[{"Node Type":"Merge Join","Parent Relationship":"Outer","Parallel Aware":false,"Async Capable":false,"Join Type":"Inner","Startup Cost":915486.3,"Total Cost":919578.69,"Plan Rows":4422,"Plan Width":44,"Actual Startup Time":6729.42,"Actual Total Time":6882.388,"Actual Rows":6043,"Actual Loops":1,"Output":["supplier.su_nationkey","customer.c_nationkey","EXTRACT(year FROM orders.o_entry_d)","order_line.ol_amount"],"Merge Cond":"((orders.o_c_id = customer.c_id) AND (order_line.ol_w_id = customer.c_w_id) AND (order_line.ol_d_id = customer.c_d_id))","Join Filter":"((((n1.n_name)::text = 'Germany'::text) AND ((n2.n_name)::text = 'Cambodia'::text)) OR (((n1.n_name)::text = 'Cambodia'::text) AND ((n2.n_name)::text = 'Germany'::text)))","Rows Removed by Join Filter":5752,"Shared Hit Blocks":251665,"Shared Read Blocks":0,"Shared Dirtied Blocks":0,"Shared Written Blocks":0,"Local Hit Blocks":0,"Local Read Blocks":0,"Local Dirtied Blocks":0,"Local Written Blocks":0,"Temp Read Blocks":20587,"Temp Written Blocks":20596,"I/O Read Time":0.0,"I/O Write Time":0.0,"Temp I/O Read Time":32.216,"Temp I/O Write Time":89.986,"Plans":[{"Node Type":"Sort","Parent Relationship":"Outer","Parallel Aware":false,"Async Capable":false,"Startup Cost":637472.5,"Total Cost":638147.06,"Plan Rows":269824,"Plan Width":36,"Actual Startup Time":5872.386,"Actual Total Time":5943.765,"Actual Rows":242214,"Actual Loops":1,"Output":["supplier.su_nationkey","order_line.ol_amount","order_line.ol_w_id","order_line.ol_d_id","orders.o_entry_d","orders.o_w_id","orders.o_d_id","orders.o_c_id","n1.n_name"],"Sort Key":["orders.o_c_id","order_line.ol_w_id","order_line.ol_d_id"],"Sort Method":"external merge","Sort Space Used":11984,"Sort Space Type":"Disk","Shared Hit Blocks":22060,"Shared Read Blocks":0,"Shared Dirtied Blocks":0,"Shared Written Blocks":0,"Local Hit Blocks":0,"Local Read Blocks":0,"Local Dirtied Blocks":0,"Local Written Blocks":0,"Temp Read Blocks":20042,"Temp Written Blocks":20048,"I/O Read Time":0.0,"I/O Write Time":0.0,"Temp I/O Read Time":31.427,"Temp I/O Write Time":87.828,"Plans":[{"Node Type":"Hash Join","Parent Relationship":"Outer","Parallel Aware":false,"Async Capable":false,"Join Type":"Inner","Startup Cost":159264.08,"Total Cost":605754.14,"Plan Rows":269824,"Plan Width":36,"Actual Startup Time":1363.632,"Actual Total Time":5746.869,"Actual Rows":242214,"Actual Loops":1,"Output":["supplier.su_nationkey","order_line.ol_amount","order_line.ol_w_id","order_line.ol_d_id","orders.o_entry_d","orders.o_w_id","orders.o_d_id","orders.o_c_id","n1.n_name"],"Hash Cond":"((order_line.ol_w_id = orders.o_w_id) AND (order_line.ol_d_id = orders.o_d_id) AND (order_line.ol_o_id = orders.o_id))","Shared Hit Blocks":22060,"Shared Read Blocks":0,"Shared Dirtied Blocks":0,"Shared Written Blocks":0,"Local Hit Blocks":0,"Local Read Blocks":0,"Local Dirtied Blocks":0,"Local Written Blocks":0,"Temp Read Blocks":18544,"Temp Written Blocks":18544,"I/O Read Time":0.0,"I/O Write Time":0.0,"Temp I/O Read Time":29.211,"Temp I/O Write Time":82.289,"Plans":[{"Node Type":"Hash Join","Parent Relationship":"Outer","Parallel Aware":false,"Async Capable":false,"Join Type":"Inner","Startup Cost":29669.0,"Total Cost":452772.9,"Plan Rows":269988,"Plan Width":28,"Actual Startup Time":457.504,"Actual Total Time":4512.184,"Actual Rows":242214,"Actual Loops":1,"Output":["supplier.su_nationkey","order_line.ol_amount","order_line.ol_w_id","order_line.ol_d_id","order_line.ol_o_id","n1.n_name"],"Hash Cond":"(supplier.su_nationkey = n1.n_nationkey)","Shared Hit Blocks":1,"Shared Read Blocks":0,"Shared Dirtied Blocks":0,"Shared Written Blocks":0,"Local Hit Blocks":0,"Local Read Blocks":0,"Local Dirtied Blocks":0,"Local Written Blocks":0,"Temp Read Blocks":0,"Temp Written Blocks":0,"I/O Read Time":0.0,"I/O Write Time":0.0,"Temp I/O Read Time":0.0,"Temp I/O Write Time":0.0,"Plans":[{"Node Type":"Hash Join","Parent Relationship":"Outer","Parallel Aware":false,"Async Capable":false,"Join Type":"Inner","Startup Cost":29667.04,"Total Cost":429298.84,"Plan Rows":8369638,"Plan Width":20,"Actual Startup Time":457.363,"Actual Total Time":3928.582,"Actual Rows":8570498,"Actual Loops":1,"Output":["supplier.su_nationkey","order_line.ol_amount","order_line.ol_w_id","order_line.ol_d_id","order_line.ol_o_id"],"Hash Cond":"(mod((stock.s_w_id * stock.s_i_id), 10000) = supplier.su_suppkey)","Shared Hit Blocks":0,"Shared Read Blocks":0,"Shared Dirtied Blocks":0,"Shared Written Blocks":0,"Local Hit Blocks":0,"Local Read Blocks":0,"Local Dirtied Blocks":0,"Local Written Blocks":0,"Temp Read Blocks":0,"Temp Written Blocks":0,"I/O Read Time":0.0,"I/O Write Time":0.0,"Temp I/O Read Time":0.0,"Temp I/O Write Time":0.0,"Plans":[{"Node Type":"Hash Join","Parent Relationship":"Outer","Parallel Aware":false,"Async Capable":false,"Join Type":"Inner","Startup Cost":29323.02,"Total Cost":404880.91,"Plan Rows":8369638,"Plan Width":22,"Actual Startup Time":454.304,"Actual Total Time":2276.446,"Actual Rows":8570498,"Actual Loops":1,"Output":["stock.s_w_id","stock.s_i_id","order_line.ol_amount","order_line.ol_w_id","order_line.ol_d_id","order_line.ol_o_id"],"Hash Cond":"((order_line.ol_supply_w_id = stock.s_w_id) AND (order_line.ol_i_id = stock.s_i_id))","Rows Removed by Bloom Filter":0,"Shared Hit Blocks":0,"Shared Read Blocks":0,"Shared Dirtied Blocks":0,"Shared Written Blocks":0,"Local Hit Blocks":0,"Local Read Blocks":0,"Local Dirtied Blocks":0,"Local Written Blocks":0,"Temp Read Blocks":0,"Temp Written Blocks":0,"I/O Read Time":0.0,"I/O Write Time":0.0,"Temp I/O Read Time":0.0,"Temp I/O Write Time":0.0,"Plans":[{"Node Type":"Append","Parent Relationship":"Outer","Parallel Aware":false,"Async Capable":false,"Startup Cost":20.0,"Total Cost":230190.58,"Plan Rows":8369638,"Plan Width":22,"Actual Startup Time":12.48,"Actual Total Time":12.488,"Actual Rows":8570498,"Actual Loops":1,"Shared Hit Blocks":0,"Shared Read Blocks":0,"Shared Dirtied Blocks":0,"Shared Written Blocks":0,"Local Hit Blocks":0,"Local Read Blocks":0,"Local Dirtied Blocks":0,"Local Written Blocks":0,"Temp Read Blocks":0,"Temp Written Blocks":0,"I/O Read Time":0.0,"I/O Write Time":0.0,"Temp I/O Read Time":0.0,"Temp I/O Write Time":0.0,"Subplans Removed":0,"Plans":[{"Node Type":"Custom Scan","Parent Relationship":"Member","Custom Plan Provider":"columnar scan","Parallel Aware":false,"Async Capable":false,"Relation Name":"order_line","Schema":"public","Alias":"order_line","Startup Cost":20.0,"Total Cost":230185.68,"Plan Rows":8369621,"Plan Width":22,"Actual Startup Time":12.479,"Actual Total Time":12.481,"Actual Rows":8570498,"Actual Loops":1,"Output":["order_line.ol_amount","order_line.ol_supply_w_id","order_line.ol_i_id","order_line.ol_w_id","order_line.ol_d_id","order_line.ol_o_id"],"Filter":"((order_line.ol_delivery_d <= '1997-01-01 20:10:02.27764'::timestamp without time zone) AND (order_line.ol_delivery_d >= '1995-01-02 20:10:02.27764'::timestamp without time zone))","Rows Removed by Filter":0,"Rows Removed by Columnar Filter":21427234,"Columnar cache search mode":"native","Shared Hit Blocks":0,"Shared Read Blocks":0,"Shared Dirtied Blocks":0,"Shared Written Blocks":0,"Local Hit Blocks":0,"Local Read Blocks":0,"Local Dirtied Blocks":0,"Local Written Blocks":0,"Temp Read Blocks":0,"Temp Written Blocks":0,"I/O Read Time":0.0,"I/O Write Time":0.0,"Temp I/O Read Time":0.0,"Temp I/O Write Time":0.0},{"Node Type":"Seq Scan","Parent Relationship":"Member","Parallel Aware":false,"Async Capable":false,"Relation Name":"order_line","Schema":"public","Alias":"order_line","Startup Cost":0.0,"Total Cost":4.9,"Plan Rows":17,"Plan Width":22,"Actual Startup Time":0.0,"Actual Total Time":0.0,"Actual Rows":0,"Actual Loops":0,"Output":["order_line.ol_amount","order_line.ol_supply_w_id","order_line.ol_i_id","order_line.ol_w_id","order_line.ol_d_id","order_line.ol_o_id"],"Filter":"((order_line.ol_delivery_d <= '1997-01-01 20:10:02.27764'::timestamp without time zone) AND (order_line.ol_delivery_d >= '1995-01-02 20:10:02.27764'::timestamp without time zone))","Rows Removed by Filter":0,"Shared Hit Blocks":0,"Shared Read Blocks":0,"Shared Dirtied Blocks":0,"Shared Written Blocks":0,"Local Hit Blocks":0,"Local Read Blocks":0,"Local Dirtied Blocks":0,"Local Written Blocks":0,"Temp Read Blocks":0,"Temp Written Blocks":0,"I/O Read Time":0.0,"I/O Write Time":0.0,"Temp I/O Read Time":0.0,"Temp I/O Write Time":0.0}]},{"Node Type":"Hash","Parent Relationship":"Inner","Parallel Aware":false,"Async Capable":false,"Startup Cost":195025.67,"Total Cost":195025.67,"Plan Rows":10000162,"Plan Width":6,"Actual Rows":10000000,"Actual Loops":1,"Output":["stock.s_w_id","stock.s_i_id"],"Shared Hit Blocks":0,"Shared Read Blocks":0,"Shared Dirtied Blocks":0,"Shared Written Blocks":0,"Local Hit Blocks":0,"Local Read Blocks":0,"Local Dirtied Blocks":0,"Local Written Blocks":0,"Temp Read Blocks":0,"Temp Written Blocks":0,"I/O Read Time":0.0,"I/O Write Time":0.0,"Temp I/O Read Time":0.0,"Temp I/O Write Time":0.0,"Plans":[{"Node Type":"Append","Parent Relationship":"Outer","Parallel Aware":false,"Async Capable":false,"Startup Cost":20.0,"Total Cost":195025.67,"Plan Rows":10000162,"Plan Width":6,"Actual Startup Time":0.189,"Actual Total Time":0.19,"Actual Rows":10000000,"Actual Loops":1,"Shared Hit Blocks":0,"Shared Read Blocks":0,"Shared Dirtied Blocks":0,"Shared Written Blocks":0,"Local Hit Blocks":0,"Local Read Blocks":0,"Local Dirtied Blocks":0,"Local Written Blocks":0,"Temp Read Blocks":0,"Temp Written Blocks":0,"I/O Read Time":0.0,"I/O Write Time":0.0,"Temp I/O Read Time":0.0,"Temp I/O Write Time":0.0,"Subplans Removed":0,"Plans":[{"Node Type":"Custom Scan","Parent Relationship":"Member","Custom Plan Provider":"columnar scan","Parallel Aware":false,"Async Capable":false,"Relation Name":"stock","Schema":"public","Alias":"stock","Startup Cost":20.0,"Total Cost":195020.05,"Plan Rows":10000000,"Plan Width":6,"Actual Startup Time":0.188,"Actual Total Time":0.19,"Actual Rows":10000000,"Actual Loops":1,"Output":["stock.s_w_id","stock.s_i_id"],"Rows Removed by Columnar Filter":0,"Columnar cache search mode":"native","Shared Hit Blocks":0,"Shared Read Blocks":0,"Shared Dirtied Blocks":0,"Shared Written Blocks":0,"Local Hit Blocks":0,"Local Read Blocks":0,"Local Dirtied Blocks":0,"Local Written Blocks":0,"Temp Read Blocks":0,"Temp Written Blocks":0,"I/O Read Time":0.0,"I/O Write Time":0.0,"Temp I/O Read Time":0.0,"Temp I/O Write Time":0.0},{"Node Type":"Seq Scan","Parent Relationship":"Member","Parallel Aware":false,"Async Capable":false,"Relation Name":"stock","Schema":"public","Alias":"stock","Startup Cost":0.0,"Total Cost":5.62,"Plan Rows":162,"Plan Width":6,"Actual Startup Time":0.0,"Actual Total Time":0.0,"Actual Rows":0,"Actual Loops":0,"Output":["stock.s_w_id","stock.s_i_id"],"Shared Hit Blocks":0,"Shared Read Blocks":0,"Shared Dirtied Blocks":0,"Shared Written Blocks":0,"Local Hit Blocks":0,"Local Read Blocks":0,"Local Dirtied Blocks":0,"Local Written Blocks":0,"Temp Read Blocks":0,"Temp Written Blocks":0,"I/O Read Time":0.0,"I/O Write Time":0.0,"Temp I/O Read Time":0.0,"Temp I/O Write Time":0.0}]}]}]},{"Node Type":"Hash","Parent Relationship":"Inner","Parallel Aware":false,"Async Capable":false,"Startup Cost":219.01,"Total Cost":219.01,"Plan Rows":10001,"Plan Width":8,"Actual Startup Time":3.0,"Actual Total Time":3.003,"Actual Rows":10000,"Actual Loops":1,"Output":["supplier.su_nationkey","supplier.su_suppkey"],"Hash Buckets":16384,"Original Hash Buckets":16384,"Hash Batches":1,"Original Hash Batches":1,"Peak Memory Usage":519,"Shared Hit Blocks":0,"Shared Read Blocks":0,"Shared Dirtied Blocks":0,"Shared Written Blocks":0,"Local Hit Blocks":0,"Local Read Blocks":0,"Local Dirtied Blocks":0,"Local Written Blocks":0,"Temp Read Blocks":0,"Temp Written Blocks":0,"I/O Read Time":0.0,"I/O Write Time":0.0,"Temp I/O Read Time":0.0,"Temp I/O Write Time":0.0,"Plans":[{"Node Type":"Append","Parent Relationship":"Outer","Parallel Aware":false,"Async Capable":false,"Startup Cost":20.0,"Total Cost":219.01,"Plan Rows":10001,"Plan Width":8,"Actual Startup Time":0.011,"Actual Total Time":1.798,"Actual Rows":10000,"Actual Loops":1,"Shared Hit Blocks":0,"Shared Read Blocks":0,"Shared Dirtied Blocks":0,"Shared Written Blocks":0,"Local Hit Blocks":0,"Local Read Blocks":0,"Local Dirtied Blocks":0,"Local Written Blocks":0,"Temp Read Blocks":0,"Temp Written Blocks":0,"I/O Read Time":0.0,"I/O Write Time":0.0,"Temp I/O Read Time":0.0,"Temp I/O Write Time":0.0,"Subplans Removed":0,"Plans":[{"Node Type":"Custom Scan","Parent Relationship":"Member","Custom Plan Provider":"columnar scan","Parallel Aware":false,"Async Capable":false,"Relation Name":"supplier","Schema":"public","Alias":"supplier","Startup Cost":20.0,"Total Cost":215.0,"Plan Rows":10000,"Plan Width":8,"Actual Startup Time":0.01,"Actual Total Time":1.1,"Actual Rows":10000,"Actual Loops":1,"Output":["supplier.su_nationkey","supplier.su_suppkey"],"Rows Removed by Columnar Filter":0,"Columnar cache search mode":"native","Shared Hit Blocks":0,"Shared Read Blocks":0,"Shared Dirtied Blocks":0,"Shared Written Blocks":0,"Local Hit Blocks":0,"Local Read Blocks":0,"Local Dirtied Blocks":0,"Local Written Blocks":0,"Temp Read Blocks":0,"Temp Written Blocks":0,"I/O Read Time":0.0,"I/O Write Time":0.0,"Temp I/O Read Time":0.0,"Temp I/O Write Time":0.0},{"Node Type":"Seq Scan","Parent Relationship":"Member","Parallel Aware":false,"Async Capable":false,"Relation Name":"supplier","Schema":"public","Alias":"supplier","Startup Cost":0.0,"Total Cost":4.01,"Plan Rows":1,"Plan Width":8,"Actual Startup Time":0.0,"Actual Total Time":0.0,"Actual Rows":0,"Actual Loops":0,"Output":["supplier.su_nationkey","supplier.su_suppkey"],"Shared Hit Blocks":0,"Shared Read Blocks":0,"Shared Dirtied Blocks":0,"Shared Written Blocks":0,"Local Hit Blocks":0,"Local Read Blocks":0,"Local Dirtied Blocks":0,"Local Written Blocks":0,"Temp Read Blocks":0,"Temp Written Blocks":0,"I/O Read Time":0.0,"I/O Write Time":0.0,"Temp I/O Read Time":0.0,"Temp I/O Write Time":0.0}]}]}]},{"Node Type":"Hash","Parent Relationship":"Inner","Parallel Aware":false,"Async Capable":false,"Startup Cost":1.93,"Total Cost":1.93,"Plan Rows":2,"Plan Width":12,"Actual Startup Time":0.029,"Actual Total Time":0.03,"Actual Rows":2,"Actual Loops":1,"Output":["n1.n_nationkey","n1.n_name"],"Hash Buckets":1024,"Original Hash Buckets":1024,"Hash Batches":1,"Original Hash Batches":1,"Peak Memory Usage":9,"Shared Hit Blocks":1,"Shared Read Blocks":0,"Shared Dirtied Blocks":0,"Shared Written Blocks":0,"Local Hit Blocks":0,"Local Read Blocks":0,"Local Dirtied Blocks":0,"Local Written Blocks":0,"Temp Read Blocks":0,"Temp Written Blocks":0,"I/O Read Time":0.0,"I/O Write Time":0.0,"Temp I/O Read Time":0.0,"Temp I/O Write Time":0.0,"Plans":[{"Node Type":"Seq Scan","Parent Relationship":"Outer","Parallel Aware":false,"Async Capable":false,"Relation Name":"nation","Schema":"public","Alias":"n1","Startup Cost":0.0,"Total Cost":1.93,"Plan Rows":2,"Plan Width":12,"Actual Startup Time":0.02,"Actual Total Time":0.025,"Actual Rows":2,"Actual Loops":1,"Output":["n1.n_nationkey","n1.n_name"],"Filter":"(((n1.n_name)::text = 'Germany'::text) OR ((n1.n_name)::text = 'Cambodia'::text))","Rows Removed by Filter":60,"Shared Hit Blocks":1,"Shared Read Blocks":0,"Shared Dirtied Blocks":0,"Shared Written Blocks":0,"Local Hit Blocks":0,"Local Read Blocks":0,"Local Dirtied Blocks":0,"Local Written Blocks":0,"Temp Read Blocks":0,"Temp Written Blocks":0,"I/O Read Time":0.0,"I/O Write Time":0.0,"Temp I/O Read Time":0.0,"Temp I/O Write Time":0.0}]}]},{"Node Type":"Hash","Parent Relationship":"Inner","Parallel Aware":false,"Async Capable":false,"Startup Cost":59559.0,"Total Cost":59559.0,"Plan Rows":2998176,"Plan Width":24,"Actual Startup Time":905.189,"Actual Total Time":905.192,"Actual Rows":2997892,"Actual Loops":1,"Output":["orders.o_entry_d","orders.o_w_id","orders.o_d_id","orders.o_id","orders.o_c_id"],"Hash Buckets":131072,"Original Hash Buckets":131072,"Hash Batches":32,"Original Hash Batches":32,"Peak Memory Usage":6539,"Shared Hit Blocks":22059,"Shared Read Blocks":0,"Shared Dirtied Blocks":0,"Shared Written Blocks":0,"Local Hit Blocks":0,"Local Read Blocks":0,"Local Dirtied Blocks":0,"Local Written Blocks":0,"Temp Read Blocks":0,"Temp Written Blocks":16995,"I/O Read Time":0.0,"I/O Write Time":0.0,"Temp I/O Read Time":0.0,"Temp I/O Write Time":72.603,"Plans":[{"Node Type":"Seq Scan","Parent Relationship":"Outer","Parallel Aware":false,"Async Capable":false,"Relation Name":"orders","Schema":"public","Alias":"orders","Startup Cost":0.0,"Total Cost":59559.0,"Plan Rows":2998176,"Plan Width":24,"Actual Startup Time":0.016,"Actual Total Time":367.214,"Actual Rows":2997892,"Actual Loops":1,"Output":["orders.o_entry_d","orders.o_w_id","orders.o_d_id","orders.o_id","orders.o_c_id"],"Filter":"(orders.o_entry_d >= '1992-01-02 20:10:02.27764'::timestamp without time zone)","Rows Removed by Filter":2108,"Shared Hit Blocks":22059,"Shared Read Blocks":0,"Shared Dirtied Blocks":0,"Shared Written Blocks":0,"Local Hit Blocks":0,"Local Read Blocks":0,"Local Dirtied Blocks":0,"Local Written Blocks":0,"Temp Read Blocks":0,"Temp Written Blocks":0,"I/O Read Time":0.0,"I/O Write Time":0.0,"Temp I/O Read Time":0.0,"Temp I/O Write Time":0.0}]}]}]},{"Node Type":"Materialize","Parent Relationship":"Inner","Parallel Aware":false,"Async Capable":false,"Startup Cost":278013.7,"Total Cost":278497.53,"Plan Rows":96766,"Plan Width":20,"Actual Startup Time":856.98,"Actual Total Time":890.44,"Actual Rows":146547,"Actual Loops":1,"Output":["customer.c_nationkey","customer.c_id","customer.c_w_id","customer.c_d_id","n2.n_name"],"Shared Hit Blocks":229605,"Shared Read Blocks":0,"Shared Dirtied Blocks":0,"Shared Written Blocks":0,"Local Hit Blocks":0,"Local Read Blocks":0,"Local Dirtied Blocks":0,"Local Written Blocks":0,"Temp Read Blocks":545,"Temp Written Blocks":548,"I/O Read Time":0.0,"I/O Write Time":0.0,"Temp I/O Read Time":0.789,"Temp I/O Write Time":2.158,"Plans":[{"Node Type":"Sort","Parent Relationship":"Outer","Parallel Aware":false,"Async Capable":false,"Startup Cost":278013.7,"Total Cost":278255.62,"Plan Rows":96766,"Plan Width":20,"Actual Startup Time":856.973,"Actual Total Time":873.908,"Actual Rows":144982,"Actual Loops":1,"Output":["customer.c_nationkey","customer.c_id","customer.c_w_id","customer.c_d_id","n2.n_name"],"Sort Key":["customer.c_id","customer.c_w_id","customer.c_d_id"],"Sort Method":"external merge","Sort Space Used":4360,"Sort Space Type":"Disk","Shared Hit Blocks":229605,"Shared Read Blocks":0,"Shared Dirtied Blocks":0,"Shared Written Blocks":0,"Local Hit Blocks":0,"Local Read Blocks":0,"Local Dirtied Blocks":0,"Local Written Blocks":0,"Temp Read Blocks":545,"Temp Written Blocks":548,"I/O Read Time":0.0,"I/O Write Time":0.0,"Temp I/O Read Time":0.789,"Temp I/O Write Time":2.158,"Plans":[{"Node Type":"Hash Join","Parent Relationship":"Outer","Parallel Aware":false,"Async Capable":false,"Join Type":"Inner","Startup Cost":1.95,"Total Cost":268015.91,"Plan Rows":96766,"Plan Width":20,"Actual Startup Time":0.073,"Actual Total Time":800.234,"Actual Rows":144986,"Actual Loops":1,"Output":["customer.c_nationkey","customer.c_id","customer.c_w_id","customer.c_d_id","n2.n_name"],"Hash Cond":"(customer.c_nationkey = n2.n_nationkey)","Shared Hit Blocks":229605,"Shared Read Blocks":0,"Shared Dirtied Blocks":0,"Shared Written Blocks":0,"Local Hit Blocks":0,"Local Read Blocks":0,"Local Dirtied Blocks":0,"Local Written Blocks":0,"Temp Read Blocks":0,"Temp Written Blocks":0,"I/O Read Time":0.0,"I/O Write Time":0.0,"Temp I/O Read Time":0.0,"Temp I/O Write Time":0.0,"Plans":[{"Node Type":"Seq Scan","Parent Relationship":"Outer","Parallel Aware":false,"Async Capable":false,"Relation Name":"customer","Schema":"public","Alias":"customer","Startup Cost":0.0,"Total Cost":259601.38,"Plan Rows":2999738,"Plan Width":12,"Actual Startup Time":0.016,"Actual Total Time":341.885,"Actual Rows":3000000,"Actual Loops":1,"Output":["customer.c_id","customer.c_d_id","customer.c_w_id","customer.c_nationkey","customer.c_first","customer.c_middle","customer.c_last","customer.c_street_1","customer.c_street_2","customer.c_city","customer.c_state","customer.c_zip","customer.c_phone","customer.c_since","customer.c_credit","customer.c_credit_lim","customer.c_discount","customer.c_balance","customer.c_ytd_payment","customer.c_payment_cnt","customer.c_delivery_cnt","customer.c_data"],"Shared Hit Blocks":229604,"Shared Read Blocks":0,"Shared Dirtied Blocks":0,"Shared Written Blocks":0,"Local Hit Blocks":0,"Local Read Blocks":0,"Local Dirtied Blocks":0,"Local Written Blocks":0,"Temp Read Blocks":0,"Temp Written Blocks":0,"I/O Read Time":0.0,"I/O Write Time":0.0,"Temp I/O Read Time":0.0,"Temp I/O Write Time":0.0},{"Node Type":"Hash","Parent Relationship":"Inner","Parallel Aware":false,"Async Capable":false,"Startup Cost":1.93,"Total Cost":1.93,"Plan Rows":2,"Plan Width":12,"Actual Startup Time":0.018,"Actual Total Time":0.019,"Actual Rows":2,"Actual Loops":1,"Output":["n2.n_nationkey","n2.n_name"],"Hash Buckets":1024,"Original Hash Buckets":1024,"Hash Batches":1,"Original Hash Batches":1,"Peak Memory Usage":9,"Shared Hit Blocks":1,"Shared Read Blocks":0,"Shared Dirtied Blocks":0,"Shared Written Blocks":0,"Local Hit Blocks":0,"Local Read Blocks":0,"Local Dirtied Blocks":0,"Local Written Blocks":0,"Temp Read Blocks":0,"Temp Written Blocks":0,"I/O Read Time":0.0,"I/O Write Time":0.0,"Temp I/O Read Time":0.0,"Temp I/O Write Time":0.0,"Plans":[{"Node Type":"Seq Scan","Parent Relationship":"Outer","Parallel Aware":false,"Async Capable":false,"Relation Name":"nation","Schema":"public","Alias":"n2","Startup Cost":0.0,"Total Cost":1.93,"Plan Rows":2,"Plan Width":12,"Actual Startup Time":0.012,"Actual Total Time":0.016,"Actual Rows":2,"Actual Loops":1,"Output":["n2.n_nationkey","n2.n_name"],"Filter":"(((n2.n_name)::text = 'Cambodia'::text) OR ((n2.n_name)::text = 'Germany'::text))","Rows Removed by Filter":60,"Shared Hit Blocks":1,"Shared Read Blocks":0,"Shared Dirtied Blocks":0,"Shared Written Blocks":0,"Local Hit Blocks":0,"Local Read Blocks":0,"Local Dirtied Blocks":0,"Local Written Blocks":0,"Temp Read Blocks":0,"Temp Written Blocks":0,"I/O Read Time":0.0,"I/O Write Time":0.0,"Temp I/O Read Time":0.0,"Temp I/O Write Time":0.0}]}]}]}]}]}]}]},"Planning":{"Shared Hit Blocks":12,"Shared Read Blocks":0,"Shared Dirtied Blocks":0,"Shared Written Blocks":0,"Local Hit Blocks":0,"Local Read Blocks":0,"Local Dirtied Blocks":0,"Local Written Blocks":0,"Temp Read Blocks":0,"Temp Written Blocks":0,"I/O Read Time":0.0,"I/O Write Time":0.0,"Temp I/O Read Time":0.0,"Temp I/O Write Time":0.0},"Planning Time":3.187,"Triggers":[],"Execution Time":6888.804}]
[列存组合]: customer, nation, order_line, orders, stock
[{"Plan":{"Node Type":"Aggregate","Strategy":"Sorted","Partial Mode":"Simple","Parallel Aware":false,"Async Capable":false,"Startup Cost":473861.19,"Total Cost":473982.79,"Plan Rows":4422,"Plan Width":72,"Actual Startup Time":2273.622,"Actual Total Time":2275.27,"Actual Rows":6,"Actual Loops":1,"Output":["supplier.su_nationkey","customer.c_nationkey","(EXTRACT(year FROM orders.o_entry_d))","sum(order_line.ol_amount)"],"Group Key":["supplier.su_nationkey","customer.c_nationkey","(EXTRACT(year FROM orders.o_entry_d))"],"Shared Hit Blocks":218,"Shared Read Blocks":0,"Shared Dirtied Blocks":0,"Shared Written Blocks":0,"Local Hit Blocks":0,"Local Read Blocks":0,"Local Dirtied Blocks":0,"Local Written Blocks":0,"Temp Read Blocks":0,"Temp Written Blocks":0,"I/O Read Time":0.0,"I/O Write Time":0.0,"Temp I/O Read Time":0.0,"Temp I/O Write Time":0.0,"Plans":[{"Node Type":"Sort","Parent Relationship":"Outer","Parallel Aware":false,"Async Capable":false,"Startup Cost":473861.19,"Total Cost":473872.24,"Plan Rows":4422,"Plan Width":44,"Actual Startup Time":2273.548,"Actual Total Time":2273.884,"Actual Rows":6043,"Actual Loops":1,"Output":["supplier.su_nationkey","customer.c_nationkey","(EXTRACT(year FROM orders.o_entry_d))","order_line.ol_amount"],"Sort Key":["supplier.su_nationkey","customer.c_nationkey","(EXTRACT(year FROM orders.o_entry_d))"],"Sort Method":"quicksort","Sort Space Used":523,"Sort Space Type":"Memory","Shared Hit Blocks":218,"Shared Read Blocks":0,"Shared Dirtied Blocks":0,"Shared Written Blocks":0,"Local Hit Blocks":0,"Local Read Blocks":0,"Local Dirtied Blocks":0,"Local Written Blocks":0,"Temp Read Blocks":0,"Temp Written Blocks":0,"I/O Read Time":0.0,"I/O Write Time":0.0,"Temp I/O Read Time":0.0,"Temp I/O Write Time":0.0,"Plans":[{"Node Type":"Hash Join","Parent Relationship":"Outer","Parallel Aware":false,"Async Capable":false,"Join Type":"Inner","Startup Cost":332928.31,"Total Cost":473593.43,"Plan Rows":4422,"Plan Width":44,"Actual Startup Time":1951.267,"Actual Total Time":2271.504,"Actual Rows":6043,"Actual Loops":1,"Output":["supplier.su_nationkey","customer.c_nationkey","EXTRACT(year FROM orders.o_entry_d)","order_line.ol_amount"],"Hash Cond":"(supplier.su_nationkey = n1.n_nationkey)","Join Filter":"((((n1.n_name)::text = 'Germany'::text) AND ((n2.n_name)::text = 'Cambodia'::text)) OR (((n1.n_name)::text = 'Cambodia'::text) AND ((n2.n_name)::text = 'Germany'::text)))","Rows Removed by Join Filter":5752,"Shared Hit Blocks":218,"Shared Read Blocks":0,"Shared Dirtied Blocks":0,"Shared Written Blocks":0,"Local Hit Blocks":0,"Local Read Blocks":0,"Local Dirtied Blocks":0,"Local Written Blocks":0,"Temp Read Blocks":0,"Temp Written Blocks":0,"I/O Read Time":0.0,"I/O Write Time":0.0,"Temp I/O Read Time":0.0,"Temp I/O Write Time":0.0,"Plans":[{"Node Type":"Hash Join","Parent Relationship":"Outer","Parallel Aware":false,"Async Capable":false,"Join Type":"Inner","Startup Cost":332926.35,"Total Cost":472872.09,"Plan Rows":269824,"Plan Width":28,"Actual Startup Time":1951.136,"Actual Total Time":2238.376,"Actual Rows":414592,"Actual Loops":1,"Output":["supplier.su_nationkey","order_line.ol_amount","orders.o_entry_d","customer.c_nationkey","n2.n_name"],"Hash Cond":"(mod((stock.s_w_id * stock.s_i_id), 10000) = supplier.su_suppkey)","Shared Hit Blocks":217,"Shared Read Blocks":0,"Shared Dirtied Blocks":0,"Shared Written Blocks":0,"Local Hit Blocks":0,"Local Read Blocks":0,"Local Dirtied Blocks":0,"Local Written Blocks":0,"Temp Read Blocks":0,"Temp Written Blocks":0,"I/O Read Time":0.0,"I/O Write Time":0.0,"Temp I/O Read Time":0.0,"Temp I/O Write Time":0.0,"Plans":[{"Node Type":"Hash Join","Parent Relationship":"Outer","Parallel Aware":false,"Async Capable":false,"Join Type":"Inner","Startup Cost":332484.35,"Total Cost":471653.98,"Plan Rows":269824,"Plan Width":30,"Actual Startup Time":1948.427,"Actual Total Time":2144.915,"Actual Rows":414592,"Actual Loops":1,"Output":["stock.s_w_id","stock.s_i_id","order_line.ol_amount","orders.o_entry_d","customer.c_nationkey","n2.n_name"],"Hash Cond":"((stock.s_w_id = order_line.ol_supply_w_id) AND (stock.s_i_id = order_line.ol_i_id))","Rows Removed by Bloom Filter":40276176,"Shared Hit Blocks":0,"Shared Read Blocks":0,"Shared Dirtied Blocks":0,"Shared Written Blocks":0,"Local Hit Blocks":0,"Local Read Blocks":0,"Local Dirtied Blocks":0,"Local Written Blocks":0,"Temp Read Blocks":0,"Temp Written Blocks":0,"I/O Read Time":0.0,"I/O Write Time":0.0,"Temp I/O Read Time":0.0,"Temp I/O Write Time":0.0,"Plans":[{"Node Type":"Append","Parent Relationship":"Outer","Parallel Aware":false,"Async Capable":false,"Startup Cost":20.0,"Total Cost":195025.67,"Plan Rows":10000162,"Plan Width":6,"Actual Startup Time":0.324,"Actual Total Time":0.326,"Actual Rows":10000000,"Actual Loops":1,"Shared Hit Blocks":0,"Shared Read Blocks":0,"Shared Dirtied Blocks":0,"Shared Written Blocks":0,"Local Hit Blocks":0,"Local Read Blocks":0,"Local Dirtied Blocks":0,"Local Written Blocks":0,"Temp Read Blocks":0,"Temp Written Blocks":0,"I/O Read Time":0.0,"I/O Write Time":0.0,"Temp I/O Read Time":0.0,"Temp I/O Write Time":0.0,"Subplans Removed":0,"Plans":[{"Node Type":"Custom Scan","Parent Relationship":"Member","Custom Plan Provider":"columnar scan","Parallel Aware":false,"Async Capable":false,"Relation Name":"stock","Schema":"public","Alias":"stock","Startup Cost":20.0,"Total Cost":195020.05,"Plan Rows":10000000,"Plan Width":6,"Actual Startup Time":0.322,"Actual Total Time":0.323,"Actual Rows":10000000,"Actual Loops":1,"Output":["stock.s_w_id","stock.s_i_id"],"Rows Removed by Columnar Filter":0,"Columnar cache search mode":"native","Shared Hit Blocks":0,"Shared Read Blocks":0,"Shared Dirtied Blocks":0,"Shared Written Blocks":0,"Local Hit Blocks":0,"Local Read Blocks":0,"Local Dirtied Blocks":0,"Local Written Blocks":0,"Temp Read Blocks":0,"Temp Written Blocks":0,"I/O Read Time":0.0,"I/O Write Time":0.0,"Temp I/O Read Time":0.0,"Temp I/O Write Time":0.0},{"Node Type":"Seq Scan","Parent Relationship":"Member","Parallel Aware":false,"Async Capable":false,"Relation Name":"stock","Schema":"public","Alias":"stock","Startup Cost":0.0,"Total Cost":5.62,"Plan Rows":162,"Plan Width":6,"Actual Startup Time":0.0,"Actual Total Time":0.0,"Actual Rows":0,"Actual Loops":0,"Output":["stock.s_w_id","stock.s_i_id"],"Shared Hit Blocks":0,"Shared Read Blocks":0,"Shared Dirtied Blocks":0,"Shared Written Blocks":0,"Local Hit Blocks":0,"Local Read Blocks":0,"Local Dirtied Blocks":0,"Local Written Blocks":0,"Temp Read Blocks":0,"Temp Written Blocks":0,"I/O Read Time":0.0,"I/O Write Time":0.0,"Temp I/O Read Time":0.0,"Temp I/O Write Time":0.0}]},{"Node Type":"Hash","Parent Relationship":"Inner","Parallel Aware":false,"Async Capable":false,"Startup Cost":334063.9,"Total Cost":334063.9,"Plan Rows":269824,"Plan Width":30,"Actual Rows":414592,"Actual Loops":1,"Output":["order_line.ol_amount","order_line.ol_supply_w_id","order_line.ol_i_id","orders.o_entry_d","customer.c_nationkey","n2.n_name"],"Shared Hit Blocks":0,"Shared Read Blocks":0,"Shared Dirtied Blocks":0,"Shared Written Blocks":0,"Local Hit Blocks":0,"Local Read Blocks":0,"Local Dirtied Blocks":0,"Local Written Blocks":0,"Temp Read Blocks":0,"Temp Written Blocks":0,"I/O Read Time":0.0,"I/O Write Time":0.0,"Temp I/O Read Time":0.0,"Temp I/O Write Time":0.0,"Plans":[{"Node Type":"Hash Join","Parent Relationship":"Outer","Parallel Aware":false,"Async Capable":false,"Join Type":"Inner","Startup Cost":20572.81,"Total Cost":334063.9,"Plan Rows":269824,"Plan Width":30,"Actual Startup Time":1874.44,"Actual Total Time":1874.446,"Actual Rows":414592,"Actual Loops":1,"Output":["order_line.ol_amount","order_line.ol_supply_w_id","order_line.ol_i_id","orders.o_entry_d","customer.c_nationkey","n2.n_name"],"Hash Cond":"(customer.c_nationkey = n2.n_nationkey)","Rows Removed by Bloom Filter":7879439,"Shared Hit Blocks":0,"Shared Read Blocks":0,"Shared Dirtied Blocks":0,"Shared Written Blocks":0,"Local Hit Blocks":0,"Local Read Blocks":0,"Local Dirtied Blocks":0,"Local Written Blocks":0,"Temp Read Blocks":0,"Temp Written Blocks":0,"I/O Read Time":0.0,"I/O Write Time":0.0,"Temp I/O Read Time":0.0,"Temp I/O Write Time":0.0,"Plans":[{"Node Type":"Hash Join","Parent Relationship":"Outer","Parallel Aware":false,"Async Capable":false,"Join Type":"Inner","Startup Cost":20548.77,"Total Cost":365841.6,"Plan Rows":8364549,"Plan Width":22,"Actual Startup Time":14.613,"Actual Total Time":14.617,"Actual Rows":0,"Actual Loops":1,"Output":["order_line.ol_amount","order_line.ol_supply_w_id","order_line.ol_i_id","orders.o_entry_d","customer.c_nationkey"],"Hash Cond":"((order_line.ol_w_id = customer.c_w_id) AND (order_line.ol_d_id = customer.c_d_id) AND (orders.o_c_id = customer.c_id))","Rows Removed by Bloom Filter":0,"Shared Hit Blocks":0,"Shared Read Blocks":0,"Shared Dirtied Blocks":0,"Shared Written Blocks":0,"Local Hit Blocks":0,"Local Read Blocks":0,"Local Dirtied Blocks":0,"Local Written Blocks":0,"Temp Read Blocks":0,"Temp Written Blocks":0,"I/O Read Time":0.0,"I/O Write Time":0.0,"Temp I/O Read Time":0.0,"Temp I/O Write Time":0.0,"Plans":[{"Node Type":"Hash Join","Parent Relationship":"Outer","Parallel Aware":false,"Async Capable":false,"Join Type":"Inner","Startup Cost":10291.72,"Total Cost":260799.24,"Plan Rows":8364549,"Plan Width":30,"Actual Startup Time":14.467,"Actual Total Time":14.47,"Actual Rows":0,"Actual Loops":1,"Output":["order_line.ol_amount","order_line.ol_supply_w_id","order_line.ol_i_id","order_line.ol_w_id","order_line.ol_d_id","orders.o_entry_d","orders.o_w_id","orders.o_d_id","orders.o_c_id"],"Hash Cond":"((order_line.ol_w_id = orders.o_w_id) AND (order_line.ol_d_id = orders.o_d_id) AND (order_line.ol_o_id = orders.o_id))","Rows Removed by Bloom Filter":0,"Shared Hit Blocks":0,"Shared Read Blocks":0,"Shared Dirtied Blocks":0,"Shared Written Blocks":0,"Local Hit Blocks":0,"Local Read Blocks":0,"Local Dirtied Blocks":0,"Local Written Blocks":0,"Temp Read Blocks":0,"Temp Written Blocks":0,"I/O Read Time":0.0,"I/O Write Time":0.0,"Temp I/O Read Time":0.0,"Temp I/O Write Time":0.0,"Plans":[{"Node Type":"Append","Parent Relationship":"Outer","Parallel Aware":false,"Async Capable":false,"Startup Cost":20.0,"Total Cost":230190.58,"Plan Rows":8369638,"Plan Width":22,"Actual Startup Time":12.807,"Actual Total Time":12.807,"Actual Rows":8570498,"Actual Loops":1,"Shared Hit Blocks":0,"Shared Read Blocks":0,"Shared Dirtied Blocks":0,"Shared Written Blocks":0,"Local Hit Blocks":0,"Local Read Blocks":0,"Local Dirtied Blocks":0,"Local Written Blocks":0,"Temp Read Blocks":0,"Temp Written Blocks":0,"I/O Read Time":0.0,"I/O Write Time":0.0,"Temp I/O Read Time":0.0,"Temp I/O Write Time":0.0,"Subplans Removed":0,"Plans":[{"Node Type":"Custom Scan","Parent Relationship":"Member","Custom Plan Provider":"columnar scan","Parallel Aware":false,"Async Capable":false,"Relation Name":"order_line","Schema":"public","Alias":"order_line","Startup Cost":20.0,"Total Cost":230185.68,"Plan Rows":8369621,"Plan Width":22,"Actual Startup Time":12.805,"Actual Total Time":12.805,"Actual Rows":8570498,"Actual Loops":1,"Output":["order_line.ol_amount","order_line.ol_supply_w_id","order_line.ol_i_id","order_line.ol_w_id","order_line.ol_d_id","order_line.ol_o_id"],"Filter":"((order_line.ol_delivery_d <= '1997-01-01 20:10:02.27764'::timestamp without time zone) AND (order_line.ol_delivery_d >= '1995-01-02 20:10:02.27764'::timestamp without time zone))","Rows Removed by Filter":0,"Rows Removed by Columnar Filter":21427234,"Columnar cache search mode":"native","Shared Hit Blocks":0,"Shared Read Blocks":0,"Shared Dirtied Blocks":0,"Shared Written Blocks":0,"Local Hit Blocks":0,"Local Read Blocks":0,"Local Dirtied Blocks":0,"Local Written Blocks":0,"Temp Read Blocks":0,"Temp Written Blocks":0,"I/O Read Time":0.0,"I/O Write Time":0.0,"Temp I/O Read Time":0.0,"Temp I/O Write Time":0.0},{"Node Type":"Seq Scan","Parent Relationship":"Member","Parallel Aware":false,"Async Capable":false,"Relation Name":"order_line","Schema":"public","Alias":"order_line","Startup Cost":0.0,"Total Cost":4.9,"Plan Rows":17,"Plan Width":22,"Actual Startup Time":0.0,"Actual Total Time":0.0,"Actual Rows":0,"Actual Loops":0,"Output":["order_line.ol_amount","order_line.ol_supply_w_id","order_line.ol_i_id","order_line.ol_w_id","order_line.ol_d_id","order_line.ol_o_id"],"Filter":"((order_line.ol_delivery_d <= '1997-01-01 20:10:02.27764'::timestamp without time zone) AND (order_line.ol_delivery_d >= '1995-01-02 20:10:02.27764'::timestamp without time zone))","Rows Removed by Filter":0,"Shared Hit Blocks":0,"Shared Read Blocks":0,"Shared Dirtied Blocks":0,"Shared Written Blocks":0,"Local Hit Blocks":0,"Local Read Blocks":0,"Local Dirtied Blocks":0,"Local Written Blocks":0,"Temp Read Blocks":0,"Temp Written Blocks":0,"I/O Read Time":0.0,"I/O Write Time":0.0,"Temp I/O Read Time":0.0,"Temp I/O Write Time":0.0}]},{"Node Type":"Hash","Parent Relationship":"Inner","Parallel Aware":false,"Async Capable":false,"Startup Cost":76477.53,"Total Cost":76477.53,"Plan Rows":2998177,"Plan Width":24,"Actual Rows":2997892,"Actual Loops":1,"Output":["orders.o_entry_d","orders.o_w_id","orders.o_d_id","orders.o_id","orders.o_c_id"],"Shared Hit Blocks":0,"Shared Read Blocks":0,"Shared Dirtied Blocks":0,"Shared Written Blocks":0,"Local Hit Blocks":0,"Local Read Blocks":0,"Local Dirtied Blocks":0,"Local Written Blocks":0,"Temp Read Blocks":0,"Temp Written Blocks":0,"I/O Read Time":0.0,"I/O Write Time":0.0,"Temp I/O Read Time":0.0,"Temp I/O Write Time":0.0,"Plans":[{"Node Type":"Append","Parent Relationship":"Outer","Parallel Aware":false,"Async Capable":false,"Startup Cost":20.0,"Total Cost":76477.53,"Plan Rows":2998177,"Plan Width":24,"Actual Startup Time":1.581,"Actual Total Time":1.582,"Actual Rows":2997892,"Actual Loops":1,"Shared Hit Blocks":0,"Shared Read Blocks":0,"Shared Dirtied Blocks":0,"Shared Written Blocks":0,"Local Hit Blocks":0,"Local Read Blocks":0,"Local Dirtied Blocks":0,"Local Written Blocks":0,"Temp Read Blocks":0,"Temp Written Blocks":0,"I/O Read Time":0.0,"I/O Write Time":0.0,"Temp I/O Read Time":0.0,"Temp I/O Write Time":0.0,"Subplans Removed":0,"Plans":[{"Node Type":"Custom Scan","Parent Relationship":"Member","Custom Plan Provider":"columnar scan","Parallel Aware":false,"Async Capable":false,"Relation Name":"orders","Schema":"public","Alias":"orders","Startup Cost":20.0,"Total Cost":76473.52,"Plan Rows":2998176,"Plan Width":24,"Actual Startup Time":1.58,"Actual Total Time":1.581,"Actual Rows":2997892,"Actual Loops":1,"Output":["orders.o_entry_d","orders.o_w_id","orders.o_d_id","orders.o_id","orders.o_c_id"],"Filter":"(orders.o_entry_d >= '1992-01-02 20:10:02.27764'::timestamp without time zone)","Rows Removed by Filter":0,"Rows Removed by Columnar Filter":2108,"Columnar cache search mode":"native","Shared Hit Blocks":0,"Shared Read Blocks":0,"Shared Dirtied Blocks":0,"Shared Written Blocks":0,"Local Hit Blocks":0,"Local Read Blocks":0,"Local Dirtied Blocks":0,"Local Written Blocks":0,"Temp Read Blocks":0,"Temp Written Blocks":0,"I/O Read Time":0.0,"I/O Write Time":0.0,"Temp I/O Read Time":0.0,"Temp I/O Write Time":0.0},{"Node Type":"Seq Scan","Parent Relationship":"Member","Parallel Aware":false,"Async Capable":false,"Relation Name":"orders","Schema":"public","Alias":"orders","Startup Cost":0.0,"Total Cost":4.01,"Plan Rows":1,"Plan Width":24,"Actual Startup Time":0.0,"Actual Total Time":0.0,"Actual Rows":0,"Actual Loops":0,"Output":["orders.o_entry_d","orders.o_w_id","orders.o_d_id","orders.o_id","orders.o_c_id"],"Filter":"(orders.o_entry_d >= '1992-01-02 20:10:02.27764'::timestamp without time zone)","Rows Removed by Filter":0,"Shared Hit Blocks":0,"Shared Read Blocks":0,"Shared Dirtied Blocks":0,"Shared Written Blocks":0,"Local Hit Blocks":0,"Local Read Blocks":0,"Local Dirtied Blocks":0,"Local Written Blocks":0,"Temp Read Blocks":0,"Temp Written Blocks":0,"I/O Read Time":0.0,"I/O Write Time":0.0,"Temp I/O Read Time":0.0,"Temp I/O Write Time":0.0}]}]}]},{"Node Type":"Hash","Parent Relationship":"Inner","Parallel Aware":false,"Async Capable":false,"Startup Cost":70517.88,"Total Cost":70517.88,"Plan Rows":2999739,"Plan Width":12,"Actual Rows":3000000,"Actual Loops":1,"Output":["customer.c_nationkey","customer.c_id","customer.c_w_id","customer.c_d_id"],"Shared Hit Blocks":0,"Shared Read Blocks":0,"Shared Dirtied Blocks":0,"Shared Written Blocks":0,"Local Hit Blocks":0,"Local Read Blocks":0,"Local Dirtied Blocks":0,"Local Written Blocks":0,"Temp Read Blocks":0,"Temp Written Blocks":0,"I/O Read Time":0.0,"I/O Write Time":0.0,"Temp I/O Read Time":0.0,"Temp I/O Write Time":0.0,"Plans":[{"Node Type":"Append","Parent Relationship":"Outer","Parallel Aware":false,"Async Capable":false,"Startup Cost":20.0,"Total Cost":70517.88,"Plan Rows":2999739,"Plan Width":12,"Actual Startup Time":0.109,"Actual Total Time":0.11,"Actual Rows":3000000,"Actual Loops":1,"Shared Hit Blocks":0,"Shared Read Blocks":0,"Shared Dirtied Blocks":0,"Shared Written Blocks":0,"Local Hit Blocks":0,"Local Read Blocks":0,"Local Dirtied Blocks":0,"Local Written Blocks":0,"Temp Read Blocks":0,"Temp Written Blocks":0,"I/O Read Time":0.0,"I/O Write Time":0.0,"Temp I/O Read Time":0.0,"Temp I/O Write Time":0.0,"Subplans Removed":0,"Plans":[{"Node Type":"Custom Scan","Parent Relationship":"Member","Custom Plan Provider":"columnar scan","Parallel Aware":false,"Async Capable":false,"Relation Name":"customer","Schema":"public","Alias":"customer","Startup Cost":20.0,"Total Cost":70513.87,"Plan Rows":2999738,"Plan Width":12,"Actual Startup Time":0.109,"Actual Total Time":0.109,"Actual Rows":3000000,"Actual Loops":1,"Output":["customer.c_nationkey","customer.c_id","customer.c_w_id","customer.c_d_id"],"Rows Removed by Columnar Filter":0,"Columnar cache search mode":"native","Shared Hit Blocks":0,"Shared Read Blocks":0,"Shared Dirtied Blocks":0,"Shared Written Blocks":0,"Local Hit Blocks":0,"Local Read Blocks":0,"Local Dirtied Blocks":0,"Local Written Blocks":0,"Temp Read Blocks":0,"Temp Written Blocks":0,"I/O Read Time":0.0,"I/O Write Time":0.0,"Temp I/O Read Time":0.0,"Temp I/O Write Time":0.0},{"Node Type":"Seq Scan","Parent Relationship":"Member","Parallel Aware":false,"Async Capable":false,"Relation Name":"customer","Schema":"public","Alias":"customer","Startup Cost":0.0,"Total Cost":4.01,"Plan Rows":1,"Plan Width":12,"Actual Startup Time":0.0,"Actual Total Time":0.0,"Actual Rows":0,"Actual Loops":0,"Output":["customer.c_nationkey","customer.c_id","customer.c_w_id","customer.c_d_id"],"Shared Hit Blocks":0,"Shared Read Blocks":0,"Shared Dirtied Blocks":0,"Shared Written Blocks":0,"Local Hit Blocks":0,"Local Read Blocks":0,"Local Dirtied Blocks":0,"Local Written Blocks":0,"Temp Read Blocks":0,"Temp Written Blocks":0,"I/O Read Time":0.0,"I/O Write Time":0.0,"Temp I/O Read Time":0.0,"Temp I/O Write Time":0.0}]}]}]},{"Node Type":"Hash","Parent Relationship":"Inner","Parallel Aware":false,"Async Capable":false,"Startup Cost":24.07,"Total Cost":24.07,"Plan Rows":3,"Plan Width":12,"Actual Rows":2,"Actual Loops":1,"Output":["n2.n_nationkey","n2.n_name"],"Shared Hit Blocks":0,"Shared Read Blocks":0,"Shared Dirtied Blocks":0,"Shared Written Blocks":0,"Local Hit Blocks":0,"Local Read Blocks":0,"Local Dirtied Blocks":0,"Local Written Blocks":0,"Temp Read Blocks":0,"Temp Written Blocks":0,"I/O Read Time":0.0,"I/O Write Time":0.0,"Temp I/O Read Time":0.0,"Temp I/O Write Time":0.0,"Plans":[{"Node Type":"Append","Parent Relationship":"Outer","Parallel Aware":false,"Async Capable":false,"Startup Cost":20.0,"Total Cost":24.07,"Plan Rows":3,"Plan Width":12,"Actual Startup Time":0.041,"Actual Total Time":0.042,"Actual Rows":2,"Actual Loops":1,"Shared Hit Blocks":0,"Shared Read Blocks":0,"Shared Dirtied Blocks":0,"Shared Written Blocks":0,"Local Hit Blocks":0,"Local Read Blocks":0,"Local Dirtied Blocks":0,"Local Written Blocks":0,"Temp Read Blocks":0,"Temp Written Blocks":0,"I/O Read Time":0.0,"I/O Write Time":0.0,"Temp I/O Read Time":0.0,"Temp I/O Write Time":0.0,"Subplans Removed":0,"Plans":[{"Node Type":"Custom Scan","Parent Relationship":"Member","Custom Plan Provider":"columnar scan","Parallel Aware":false,"Async Capable":false,"Relation Name":"nation","Schema":"public","Alias":"n2","Startup Cost":20.0,"Total Cost":20.05,"Plan Rows":2,"Plan Width":12,"Actual Startup Time":0.039,"Actual Total Time":0.039,"Actual Rows":2,"Actual Loops":1,"Output":["n2.n_nationkey","n2.n_name"],"Filter":"(((n2.n_name)::text = 'Cambodia'::text) OR ((n2.n_name)::text = 'Germany'::text))","Rows Removed by Filter":0,"Rows Removed by Columnar Filter":60,"Columnar cache search mode":"native","Shared Hit Blocks":0,"Shared Read Blocks":0,"Shared Dirtied Blocks":0,"Shared Written Blocks":0,"Local Hit Blocks":0,"Local Read Blocks":0,"Local Dirtied Blocks":0,"Local Written Blocks":0,"Temp Read Blocks":0,"Temp Written Blocks":0,"I/O Read Time":0.0,"I/O Write Time":0.0,"Temp I/O Read Time":0.0,"Temp I/O Write Time":0.0},{"Node Type":"Seq Scan","Parent Relationship":"Member","Parallel Aware":false,"Async Capable":false,"Relation Name":"nation","Schema":"public","Alias":"n2","Startup Cost":0.0,"Total Cost":4.01,"Plan Rows":1,"Plan Width":12,"Actual Startup Time":0.0,"Actual Total Time":0.0,"Actual Rows":0,"Actual Loops":0,"Output":["n2.n_nationkey","n2.n_name"],"Filter":"(((n2.n_name)::text = 'Cambodia'::text) OR ((n2.n_name)::text = 'Germany'::text))","Rows Removed by Filter":0,"Shared Hit Blocks":0,"Shared Read Blocks":0,"Shared Dirtied Blocks":0,"Shared Written Blocks":0,"Local Hit Blocks":0,"Local Read Blocks":0,"Local Dirtied Blocks":0,"Local Written Blocks":0,"Temp Read Blocks":0,"Temp Written Blocks":0,"I/O Read Time":0.0,"I/O Write Time":0.0,"Temp I/O Read Time":0.0,"Temp I/O Write Time":0.0}]}]}]}]}]},{"Node Type":"Hash","Parent Relationship":"Inner","Parallel Aware":false,"Async Capable":false,"Startup Cost":317.0,"Total Cost":317.0,"Plan Rows":10000,"Plan Width":8,"Actual Startup Time":2.646,"Actual Total Time":2.647,"Actual Rows":10000,"Actual Loops":1,"Output":["supplier.su_nationkey","supplier.su_suppkey"],"Hash Buckets":16384,"Original Hash Buckets":16384,"Hash Batches":1,"Original Hash Batches":1,"Peak Memory Usage":519,"Shared Hit Blocks":217,"Shared Read Blocks":0,"Shared Dirtied Blocks":0,"Shared Written Blocks":0,"Local Hit Blocks":0,"Local Read Blocks":0,"Local Dirtied Blocks":0,"Local Written Blocks":0,"Temp Read Blocks":0,"Temp Written Blocks":0,"I/O Read Time":0.0,"I/O Write Time":0.0,"Temp I/O Read Time":0.0,"Temp I/O Write Time":0.0,"Plans":[{"Node Type":"Seq Scan","Parent Relationship":"Outer","Parallel Aware":false,"Async Capable":false,"Relation Name":"supplier","Schema":"public","Alias":"supplier","Startup Cost":0.0,"Total Cost":317.0,"Plan Rows":10000,"Plan Width":8,"Actual Startup Time":0.006,"Actual Total Time":1.276,"Actual Rows":10000,"Actual Loops":1,"Output":["supplier.su_nationkey","supplier.su_suppkey"],"Shared Hit Blocks":217,"Shared Read Blocks":0,"Shared Dirtied Blocks":0,"Shared Written Blocks":0,"Local Hit Blocks":0,"Local Read Blocks":0,"Local Dirtied Blocks":0,"Local Written Blocks":0,"Temp Read Blocks":0,"Temp Written Blocks":0,"I/O Read Time":0.0,"I/O Write Time":0.0,"Temp I/O Read Time":0.0,"Temp I/O Write Time":0.0}]}]},{"Node Type":"Hash","Parent Relationship":"Inner","Parallel Aware":false,"Async Capable":false,"Startup Cost":1.93,"Total Cost":1.93,"Plan Rows":2,"Plan Width":12,"Actual Startup Time":0.023,"Actual Total Time":0.023,"Actual Rows":2,"Actual Loops":1,"Output":["n1.n_nationkey","n1.n_name"],"Hash Buckets":1024,"Original Hash Buckets":1024,"Hash Batches":1,"Original Hash Batches":1,"Peak Memory Usage":9,"Shared Hit Blocks":1,"Shared Read Blocks":0,"Shared Dirtied Blocks":0,"Shared Written Blocks":0,"Local Hit Blocks":0,"Local Read Blocks":0,"Local Dirtied Blocks":0,"Local Written Blocks":0,"Temp Read Blocks":0,"Temp Written Blocks":0,"I/O Read Time":0.0,"I/O Write Time":0.0,"Temp I/O Read Time":0.0,"Temp I/O Write Time":0.0,"Plans":[{"Node Type":"Seq Scan","Parent Relationship":"Outer","Parallel Aware":false,"Async Capable":false,"Relation Name":"nation","Schema":"public","Alias":"n1","Startup Cost":0.0,"Total Cost":1.93,"Plan Rows":2,"Plan Width":12,"Actual Startup Time":0.013,"Actual Total Time":0.018,"Actual Rows":2,"Actual Loops":1,"Output":["n1.n_nationkey","n1.n_name"],"Filter":"(((n1.n_name)::text = 'Germany'::text) OR ((n1.n_name)::text = 'Cambodia'::text))","Rows Removed by Filter":60,"Shared Hit Blocks":1,"Shared Read Blocks":0,"Shared Dirtied Blocks":0,"Shared Written Blocks":0,"Local Hit Blocks":0,"Local Read Blocks":0,"Local Dirtied Blocks":0,"Local Written Blocks":0,"Temp Read Blocks":0,"Temp Written Blocks":0,"I/O Read Time":0.0,"I/O Write Time":0.0,"Temp I/O Read Time":0.0,"Temp I/O Write Time":0.0}]}]}]}]},"Planning":{"Shared Hit Blocks":12,"Shared Read Blocks":0,"Shared Dirtied Blocks":0,"Shared Written Blocks":0,"Local Hit Blocks":0,"Local Read Blocks":0,"Local Dirtied Blocks":0,"Local Written Blocks":0,"Temp Read Blocks":0,"Temp Written Blocks":0,"I/O Read Time":0.0,"I/O Write Time":0.0,"Temp I/O Read Time":0.0,"Temp I/O Write Time":0.0},"Planning Time":3.617,"Triggers":[],"Execution Time":2277.346}]
[列存组合]: customer, nation, order_line, orders, supplier
[{"Plan":{"Node Type":"Aggregate","Strategy":"Sorted","Partial Mode":"Simple","Parallel Aware":false,"Async Capable":false,"Startup Cost":672561.63,"Total Cost":672683.24,"Plan Rows":4422,"Plan Width":72,"Actual Startup Time":4654.745,"Actual Total Time":4656.032,"Actual Rows":6,"Actual Loops":1,"Output":["supplier.su_nationkey","customer.c_nationkey","(EXTRACT(year FROM orders.o_entry_d))","sum(order_line.ol_amount)"],"Group Key":["supplier.su_nationkey","customer.c_nationkey","(EXTRACT(year FROM orders.o_entry_d))"],"Shared Hit Blocks":27339,"Shared Read Blocks":0,"Shared Dirtied Blocks":0,"Shared Written Blocks":0,"Local Hit Blocks":0,"Local Read Blocks":0,"Local Dirtied Blocks":0,"Local Written Blocks":0,"Temp Read Blocks":3205,"Temp Written Blocks":3205,"I/O Read Time":0.0,"I/O Write Time":0.0,"Temp I/O Read Time":4.969,"Temp I/O Write Time":15.851,"Plans":[{"Node Type":"Sort","Parent Relationship":"Outer","Parallel Aware":false,"Async Capable":false,"Startup Cost":672561.63,"Total Cost":672572.69,"Plan Rows":4422,"Plan Width":44,"Actual Startup Time":4654.684,"Actual Total Time":4654.961,"Actual Rows":6043,"Actual Loops":1,"Output":["supplier.su_nationkey","customer.c_nationkey","(EXTRACT(year FROM orders.o_entry_d))","order_line.ol_amount"],"Sort Key":["supplier.su_nationkey","customer.c_nationkey","(EXTRACT(year FROM orders.o_entry_d))"],"Sort Method":"quicksort","Sort Space Used":523,"Sort Space Type":"Memory","Shared Hit Blocks":27339,"Shared Read Blocks":0,"Shared Dirtied Blocks":0,"Shared Written Blocks":0,"Local Hit Blocks":0,"Local Read Blocks":0,"Local Dirtied Blocks":0,"Local Written Blocks":0,"Temp Read Blocks":3205,"Temp Written Blocks":3205,"I/O Read Time":0.0,"I/O Write Time":0.0,"Temp I/O Read Time":4.969,"Temp I/O Write Time":15.851,"Plans":[{"Node Type":"Hash Join","Parent Relationship":"Outer","Parallel Aware":false,"Async Capable":false,"Join Type":"Inner","Startup Cost":340302.68,"Total Cost":672293.87,"Plan Rows":4422,"Plan Width":44,"Actual Startup Time":1223.458,"Actual Total Time":4652.781,"Actual Rows":6043,"Actual Loops":1,"Output":["supplier.su_nationkey","customer.c_nationkey","EXTRACT(year FROM orders.o_entry_d)","order_line.ol_amount"],"Hash Cond":"((stock.s_w_id = order_line.ol_supply_w_id) AND (stock.s_i_id = order_line.ol_i_id))","Join Filter":"((((n1.n_name)::text = 'Germany'::text) AND ((n2.n_name)::text = 'Cambodia'::text)) OR (((n1.n_name)::text = 'Cambodia'::text) AND ((n2.n_name)::text = 'Germany'::text)))","Rows Removed by Join Filter":5752,"Shared Hit Blocks":27339,"Shared Read Blocks":0,"Shared Dirtied Blocks":0,"Shared Written Blocks":0,"Local Hit Blocks":0,"Local Read Blocks":0,"Local Dirtied Blocks":0,"Local Written Blocks":0,"Temp Read Blocks":3205,"Temp Written Blocks":3205,"I/O Read Time":0.0,"I/O Write Time":0.0,"Temp I/O Read Time":4.969,"Temp I/O Write Time":15.851,"Plans":[{"Node Type":"Hash Join","Parent Relationship":"Outer","Parallel Aware":false,"Async Capable":false,"Join Type":"Inner","Startup Cost":346.41,"Total Cost":316845.49,"Plan Rows":322586,"Plan Width":18,"Actual Startup Time":3.142,"Actual Total Time":3324.066,"Actual Rows":283200,"Actual Loops":1,"Output":["supplier.su_nationkey","stock.s_w_id","stock.s_i_id","n1.n_name"],"Hash Cond":"(supplier.su_nationkey = n1.n_nationkey)","Shared Hit Blocks":27339,"Shared Read Blocks":0,"Shared Dirtied Blocks":0,"Shared Written Blocks":0,"Local Hit Blocks":0,"Local Read Blocks":0,"Local Dirtied Blocks":0,"Local Written Blocks":0,"Temp Read Blocks":0,"Temp Written Blocks":0,"I/O Read Time":0.0,"I/O Write Time":0.0,"Temp I/O Read Time":0.0,"Temp I/O Write Time":0.0,"Plans":[{"Node Type":"Hash Join","Parent Relationship":"Outer","Parallel Aware":false,"Async Capable":false,"Join Type":"Inner","Startup Cost":344.46,"Total Cost":288798.73,"Plan Rows":10000162,"Plan Width":10,"Actual Startup Time":3.114,"Actual Total Time":2627.534,"Actual Rows":10000000,"Actual Loops":1,"Output":["supplier.su_nationkey","stock.s_w_id","stock.s_i_id"],"Hash Cond":"(mod((stock.s_w_id * stock.s_i_id), 10000) = supplier.su_suppkey)","Shared Hit Blocks":27338,"Shared Read Blocks":0,"Shared Dirtied Blocks":0,"Shared Written Blocks":0,"Local Hit Blocks":0,"Local Read Blocks":0,"Local Dirtied Blocks":0,"Local Written Blocks":0,"Temp Read Blocks":0,"Temp Written Blocks":0,"I/O Read Time":0.0,"I/O Write Time":0.0,"Temp I/O Read Time":0.0,"Temp I/O Write Time":0.0,"Plans":[{"Node Type":"Index Only Scan","Parent Relationship":"Outer","Parallel Aware":false,"Async Capable":false,"Scan Direction":"Forward","Index Name":"stock_pk","Relation Name":"stock","Schema":"public","Alias":"stock","Startup Cost":0.43,"Total Cost":259690.86,"Plan Rows":10000162,"Plan Width":6,"Actual Startup Time":0.018,"Actual Total Time":769.637,"Actual Rows":10000000,"Actual Loops":1,"Output":["stock.s_w_id","stock.s_i_id"],"Heap Fetches":0,"Shared Hit Blocks":27338,"Shared Read Blocks":0,"Shared Dirtied Blocks":0,"Shared Written Blocks":0,"Local Hit Blocks":0,"Local Read Blocks":0,"Local Dirtied Blocks":0,"Local Written Blocks":0,"Temp Read Blocks":0,"Temp Written Blocks":0,"I/O Read Time":0.0,"I/O Write Time":0.0,"Temp I/O Read Time":0.0,"Temp I/O Write Time":0.0},{"Node Type":"Hash","Parent Relationship":"Inner","Parallel Aware":false,"Async Capable":false,"Startup Cost":219.01,"Total Cost":219.01,"Plan Rows":10001,"Plan Width":8,"Actual Startup Time":3.048,"Actual Total Time":3.051,"Actual Rows":10000,"Actual Loops":1,"Output":["supplier.su_nationkey","supplier.su_suppkey"],"Hash Buckets":16384,"Original Hash Buckets":16384,"Hash Batches":1,"Original Hash Batches":1,"Peak Memory Usage":519,"Shared Hit Blocks":0,"Shared Read Blocks":0,"Shared Dirtied Blocks":0,"Shared Written Blocks":0,"Local Hit Blocks":0,"Local Read Blocks":0,"Local Dirtied Blocks":0,"Local Written Blocks":0,"Temp Read Blocks":0,"Temp Written Blocks":0,"I/O Read Time":0.0,"I/O Write Time":0.0,"Temp I/O Read Time":0.0,"Temp I/O Write Time":0.0,"Plans":[{"Node Type":"Append","Parent Relationship":"Outer","Parallel Aware":false,"Async Capable":false,"Startup Cost":20.0,"Total Cost":219.01,"Plan Rows":10001,"Plan Width":8,"Actual Startup Time":0.01,"Actual Total Time":1.812,"Actual Rows":10000,"Actual Loops":1,"Shared Hit Blocks":0,"Shared Read Blocks":0,"Shared Dirtied Blocks":0,"Shared Written Blocks":0,"Local Hit Blocks":0,"Local Read Blocks":0,"Local Dirtied Blocks":0,"Local Written Blocks":0,"Temp Read Blocks":0,"Temp Written Blocks":0,"I/O Read Time":0.0,"I/O Write Time":0.0,"Temp I/O Read Time":0.0,"Temp I/O Write Time":0.0,"Subplans Removed":0,"Plans":[{"Node Type":"Custom Scan","Parent Relationship":"Member","Custom Plan Provider":"columnar scan","Parallel Aware":false,"Async Capable":false,"Relation Name":"supplier","Schema":"public","Alias":"supplier","Startup Cost":20.0,"Total Cost":215.0,"Plan Rows":10000,"Plan Width":8,"Actual Startup Time":0.009,"Actual Total Time":1.081,"Actual Rows":10000,"Actual Loops":1,"Output":["supplier.su_nationkey","supplier.su_suppkey"],"Rows Removed by Columnar Filter":0,"Columnar cache search mode":"native","Shared Hit Blocks":0,"Shared Read Blocks":0,"Shared Dirtied Blocks":0,"Shared Written Blocks":0,"Local Hit Blocks":0,"Local Read Blocks":0,"Local Dirtied Blocks":0,"Local Written Blocks":0,"Temp Read Blocks":0,"Temp Written Blocks":0,"I/O Read Time":0.0,"I/O Write Time":0.0,"Temp I/O Read Time":0.0,"Temp I/O Write Time":0.0},{"Node Type":"Seq Scan","Parent Relationship":"Member","Parallel Aware":false,"Async Capable":false,"Relation Name":"supplier","Schema":"public","Alias":"supplier","Startup Cost":0.0,"Total Cost":4.01,"Plan Rows":1,"Plan Width":8,"Actual Startup Time":0.0,"Actual Total Time":0.0,"Actual Rows":0,"Actual Loops":0,"Output":["supplier.su_nationkey","supplier.su_suppkey"],"Shared Hit Blocks":0,"Shared Read Blocks":0,"Shared Dirtied Blocks":0,"Shared Written Blocks":0,"Local Hit Blocks":0,"Local Read Blocks":0,"Local Dirtied Blocks":0,"Local Written Blocks":0,"Temp Read Blocks":0,"Temp Written Blocks":0,"I/O Read Time":0.0,"I/O Write Time":0.0,"Temp I/O Read Time":0.0,"Temp I/O Write Time":0.0}]}]}]},{"Node Type":"Hash","Parent Relationship":"Inner","Parallel Aware":false,"Async Capable":false,"Startup Cost":1.93,"Total Cost":1.93,"Plan Rows":2,"Plan Width":12,"Actual Startup Time":0.02,"Actual Total Time":0.021,"Actual Rows":2,"Actual Loops":1,"Output":["n1.n_nationkey","n1.n_name"],"Hash Buckets":1024,"Original Hash Buckets":1024,"Hash Batches":1,"Original Hash Batches":1,"Peak Memory Usage":9,"Shared Hit Blocks":1,"Shared Read Blocks":0,"Shared Dirtied Blocks":0,"Shared Written Blocks":0,"Local Hit Blocks":0,"Local Read Blocks":0,"Local Dirtied Blocks":0,"Local Written Blocks":0,"Temp Read Blocks":0,"Temp Written Blocks":0,"I/O Read Time":0.0,"I/O Write Time":0.0,"Temp I/O Read Time":0.0,"Temp I/O Write Time":0.0,"Plans":[{"Node Type":"Seq Scan","Parent Relationship":"Outer","Parallel Aware":false,"Async Capable":false,"Relation Name":"nation","Schema":"public","Alias":"n1","Startup Cost":0.0,"Total Cost":1.93,"Plan Rows":2,"Plan Width":12,"Actual Startup Time":0.01,"Actual Total Time":0.015,"Actual Rows":2,"Actual Loops":1,"Output":["n1.n_nationkey","n1.n_name"],"Filter":"(((n1.n_name)::text = 'Germany'::text) OR ((n1.n_name)::text = 'Cambodia'::text))","Rows Removed by Filter":60,"Shared Hit Blocks":1,"Shared Read Blocks":0,"Shared Dirtied Blocks":0,"Shared Written Blocks":0,"Local Hit Blocks":0,"Local Read Blocks":0,"Local Dirtied Blocks":0,"Local Written Blocks":0,"Temp Read Blocks":0,"Temp Written Blocks":0,"I/O Read Time":0.0,"I/O Write Time":0.0,"Temp I/O Read Time":0.0,"Temp I/O Write Time":0.0}]}]},{"Node Type":"Hash","Parent Relationship":"Inner","Parallel Aware":false,"Async Capable":false,"Startup Cost":334063.9,"Total Cost":334063.9,"Plan Rows":269824,"Plan Width":30,"Actual Startup Time":1218.219,"Actual Total Time":1218.241,"Actual Rows":414592,"Actual Loops":1,"Output":["order_line.ol_amount","order_line.ol_supply_w_id","order_line.ol_i_id","orders.o_entry_d","customer.c_nationkey","n2.n_name"],"Hash Buckets":131072,"Original Hash Buckets":131072,"Hash Batches":4,"Original Hash Batches":4,"Peak Memory Usage":7952,"Shared Hit Blocks":0,"Shared Read Blocks":0,"Shared Dirtied Blocks":0,"Shared Written Blocks":0,"Local Hit Blocks":0,"Local Read Blocks":0,"Local Dirtied Blocks":0,"Local Written Blocks":0,"Temp Read Blocks":0,"Temp Written Blocks":2152,"I/O Read Time":0.0,"I/O Write Time":0.0,"Temp I/O Read Time":0.0,"Temp I/O Write Time":10.229,"Plans":[{"Node Type":"Hash Join","Parent Relationship":"Outer","Parallel Aware":false,"Async Capable":false,"Join Type":"Inner","Startup Cost":20572.81,"Total Cost":334063.9,"Plan Rows":269824,"Plan Width":30,"Actual Startup Time":470.009,"Actual Total Time":1118.525,"Actual Rows":414592,"Actual Loops":1,"Output":["order_line.ol_amount","order_line.ol_supply_w_id","order_line.ol_i_id","orders.o_entry_d","customer.c_nationkey","n2.n_name"],"Hash Cond":"(customer.c_nationkey = n2.n_nationkey)","Rows Removed by Bloom Filter":34018514,"Shared Hit Blocks":0,"Shared Read Blocks":0,"Shared Dirtied Blocks":0,"Shared Written Blocks":0,"Local Hit Blocks":0,"Local Read Blocks":0,"Local Dirtied Blocks":0,"Local Written Blocks":0,"Temp Read Blocks":0,"Temp Written Blocks":0,"I/O Read Time":0.0,"I/O Write Time":0.0,"Temp I/O Read Time":0.0,"Temp I/O Write Time":0.0,"Plans":[{"Node Type":"Hash Join","Parent Relationship":"Outer","Parallel Aware":false,"Async Capable":false,"Join Type":"Inner","Startup Cost":20548.77,"Total Cost":365841.6,"Plan Rows":8364549,"Plan Width":22,"Actual Startup Time":13.984,"Actual Total Time":14.002,"Actual Rows":0,"Actual Loops":1,"Output":["order_line.ol_amount","order_line.ol_supply_w_id","order_line.ol_i_id","orders.o_entry_d","customer.c_nationkey"],"Hash Cond":"((order_line.ol_w_id = customer.c_w_id) AND (order_line.ol_d_id = customer.c_d_id) AND (orders.o_c_id = customer.c_id))","Rows Removed by Bloom Filter":0,"Shared Hit Blocks":0,"Shared Read Blocks":0,"Shared Dirtied Blocks":0,"Shared Written Blocks":0,"Local Hit Blocks":0,"Local Read Blocks":0,"Local Dirtied Blocks":0,"Local Written Blocks":0,"Temp Read Blocks":0,"Temp Written Blocks":0,"I/O Read Time":0.0,"I/O Write Time":0.0,"Temp I/O Read Time":0.0,"Temp I/O Write Time":0.0,"Plans":[{"Node Type":"Hash Join","Parent Relationship":"Outer","Parallel Aware":false,"Async Capable":false,"Join Type":"Inner","Startup Cost":10291.72,"Total Cost":260799.24,"Plan Rows":8364549,"Plan Width":30,"Actual Startup Time":13.849,"Actual Total Time":13.861,"Actual Rows":0,"Actual Loops":1,"Output":["order_line.ol_amount","order_line.ol_supply_w_id","order_line.ol_i_id","order_line.ol_w_id","order_line.ol_d_id","orders.o_entry_d","orders.o_w_id","orders.o_d_id","orders.o_c_id"],"Hash Cond":"((order_line.ol_w_id = orders.o_w_id) AND (order_line.ol_d_id = orders.o_d_id) AND (order_line.ol_o_id = orders.o_id))","Rows Removed by Bloom Filter":0,"Shared Hit Blocks":0,"Shared Read Blocks":0,"Shared Dirtied Blocks":0,"Shared Written Blocks":0,"Local Hit Blocks":0,"Local Read Blocks":0,"Local Dirtied Blocks":0,"Local Written Blocks":0,"Temp Read Blocks":0,"Temp Written Blocks":0,"I/O Read Time":0.0,"I/O Write Time":0.0,"Temp I/O Read Time":0.0,"Temp I/O Write Time":0.0,"Plans":[{"Node Type":"Append","Parent Relationship":"Outer","Parallel Aware":false,"Async Capable":false,"Startup Cost":20.0,"Total Cost":230190.58,"Plan Rows":8369638,"Plan Width":22,"Actual Startup Time":12.246,"Actual Total Time":12.25,"Actual Rows":8570498,"Actual Loops":1,"Shared Hit Blocks":0,"Shared Read Blocks":0,"Shared Dirtied Blocks":0,"Shared Written Blocks":0,"Local Hit Blocks":0,"Local Read Blocks":0,"Local Dirtied Blocks":0,"Local Written Blocks":0,"Temp Read Blocks":0,"Temp Written Blocks":0,"I/O Read Time":0.0,"I/O Write Time":0.0,"Temp I/O Read Time":0.0,"Temp I/O Write Time":0.0,"Subplans Removed":0,"Plans":[{"Node Type":"Custom Scan","Parent Relationship":"Member","Custom Plan Provider":"columnar scan","Parallel Aware":false,"Async Capable":false,"Relation Name":"order_line","Schema":"public","Alias":"order_line","Startup Cost":20.0,"Total Cost":230185.68,"Plan Rows":8369621,"Plan Width":22,"Actual Startup Time":12.245,"Actual Total Time":12.247,"Actual Rows":8570498,"Actual Loops":1,"Output":["order_line.ol_amount","order_line.ol_supply_w_id","order_line.ol_i_id","order_line.ol_w_id","order_line.ol_d_id","order_line.ol_o_id"],"Filter":"((order_line.ol_delivery_d <= '1997-01-01 20:10:02.27764'::timestamp without time zone) AND (order_line.ol_delivery_d >= '1995-01-02 20:10:02.27764'::timestamp without time zone))","Rows Removed by Filter":0,"Rows Removed by Columnar Filter":21427234,"Columnar cache search mode":"native","Shared Hit Blocks":0,"Shared Read Blocks":0,"Shared Dirtied Blocks":0,"Shared Written Blocks":0,"Local Hit Blocks":0,"Local Read Blocks":0,"Local Dirtied Blocks":0,"Local Written Blocks":0,"Temp Read Blocks":0,"Temp Written Blocks":0,"I/O Read Time":0.0,"I/O Write Time":0.0,"Temp I/O Read Time":0.0,"Temp I/O Write Time":0.0},{"Node Type":"Seq Scan","Parent Relationship":"Member","Parallel Aware":false,"Async Capable":false,"Relation Name":"order_line","Schema":"public","Alias":"order_line","Startup Cost":0.0,"Total Cost":4.9,"Plan Rows":17,"Plan Width":22,"Actual Startup Time":0.0,"Actual Total Time":0.0,"Actual Rows":0,"Actual Loops":0,"Output":["order_line.ol_amount","order_line.ol_supply_w_id","order_line.ol_i_id","order_line.ol_w_id","order_line.ol_d_id","order_line.ol_o_id"],"Filter":"((order_line.ol_delivery_d <= '1997-01-01 20:10:02.27764'::timestamp without time zone) AND (order_line.ol_delivery_d >= '1995-01-02 20:10:02.27764'::timestamp without time zone))","Rows Removed by Filter":0,"Shared Hit Blocks":0,"Shared Read Blocks":0,"Shared Dirtied Blocks":0,"Shared Written Blocks":0,"Local Hit Blocks":0,"Local Read Blocks":0,"Local Dirtied Blocks":0,"Local Written Blocks":0,"Temp Read Blocks":0,"Temp Written Blocks":0,"I/O Read Time":0.0,"I/O Write Time":0.0,"Temp I/O Read Time":0.0,"Temp I/O Write Time":0.0}]},{"Node Type":"Hash","Parent Relationship":"Inner","Parallel Aware":false,"Async Capable":false,"Startup Cost":76477.53,"Total Cost":76477.53,"Plan Rows":2998177,"Plan Width":24,"Actual Rows":2997892,"Actual Loops":1,"Output":["orders.o_entry_d","orders.o_w_id","orders.o_d_id","orders.o_id","orders.o_c_id"],"Shared Hit Blocks":0,"Shared Read Blocks":0,"Shared Dirtied Blocks":0,"Shared Written Blocks":0,"Local Hit Blocks":0,"Local Read Blocks":0,"Local Dirtied Blocks":0,"Local Written Blocks":0,"Temp Read Blocks":0,"Temp Written Blocks":0,"I/O Read Time":0.0,"I/O Write Time":0.0,"Temp I/O Read Time":0.0,"Temp I/O Write Time":0.0,"Plans":[{"Node Type":"Append","Parent Relationship":"Outer","Parallel Aware":false,"Async Capable":false,"Startup Cost":20.0,"Total Cost":76477.53,"Plan Rows":2998177,"Plan Width":24,"Actual Startup Time":1.528,"Actual Total Time":1.53,"Actual Rows":2997892,"Actual Loops":1,"Shared Hit Blocks":0,"Shared Read Blocks":0,"Shared Dirtied Blocks":0,"Shared Written Blocks":0,"Local Hit Blocks":0,"Local Read Blocks":0,"Local Dirtied Blocks":0,"Local Written Blocks":0,"Temp Read Blocks":0,"Temp Written Blocks":0,"I/O Read Time":0.0,"I/O Write Time":0.0,"Temp I/O Read Time":0.0,"Temp I/O Write Time":0.0,"Subplans Removed":0,"Plans":[{"Node Type":"Custom Scan","Parent Relationship":"Member","Custom Plan Provider":"columnar scan","Parallel Aware":false,"Async Capable":false,"Relation Name":"orders","Schema":"public","Alias":"orders","Startup Cost":20.0,"Total Cost":76473.52,"Plan Rows":2998176,"Plan Width":24,"Actual Startup Time":1.527,"Actual Total Time":1.527,"Actual Rows":2997892,"Actual Loops":1,"Output":["orders.o_entry_d","orders.o_w_id","orders.o_d_id","orders.o_id","orders.o_c_id"],"Filter":"(orders.o_entry_d >= '1992-01-02 20:10:02.27764'::timestamp without time zone)","Rows Removed by Filter":0,"Rows Removed by Columnar Filter":2108,"Columnar cache search mode":"native","Shared Hit Blocks":0,"Shared Read Blocks":0,"Shared Dirtied Blocks":0,"Shared Written Blocks":0,"Local Hit Blocks":0,"Local Read Blocks":0,"Local Dirtied Blocks":0,"Local Written Blocks":0,"Temp Read Blocks":0,"Temp Written Blocks":0,"I/O Read Time":0.0,"I/O Write Time":0.0,"Temp I/O Read Time":0.0,"Temp I/O Write Time":0.0},{"Node Type":"Seq Scan","Parent Relationship":"Member","Parallel Aware":false,"Async Capable":false,"Relation Name":"orders","Schema":"public","Alias":"orders","Startup Cost":0.0,"Total Cost":4.01,"Plan Rows":1,"Plan Width":24,"Actual Startup Time":0.0,"Actual Total Time":0.0,"Actual Rows":0,"Actual Loops":0,"Output":["orders.o_entry_d","orders.o_w_id","orders.o_d_id","orders.o_id","orders.o_c_id"],"Filter":"(orders.o_entry_d >= '1992-01-02 20:10:02.27764'::timestamp without time zone)","Rows Removed by Filter":0,"Shared Hit Blocks":0,"Shared Read Blocks":0,"Shared Dirtied Blocks":0,"Shared Written Blocks":0,"Local Hit Blocks":0,"Local Read Blocks":0,"Local Dirtied Blocks":0,"Local Written Blocks":0,"Temp Read Blocks":0,"Temp Written Blocks":0,"I/O Read Time":0.0,"I/O Write Time":0.0,"Temp I/O Read Time":0.0,"Temp I/O Write Time":0.0}]}]}]},{"Node Type":"Hash","Parent Relationship":"Inner","Parallel Aware":false,"Async Capable":false,"Startup Cost":70517.88,"Total Cost":70517.88,"Plan Rows":2999739,"Plan Width":12,"Actual Rows":3000000,"Actual Loops":1,"Output":["customer.c_nationkey","customer.c_id","customer.c_w_id","customer.c_d_id"],"Shared Hit Blocks":0,"Shared Read Blocks":0,"Shared Dirtied Blocks":0,"Shared Written Blocks":0,"Local Hit Blocks":0,"Local Read Blocks":0,"Local Dirtied Blocks":0,"Local Written Blocks":0,"Temp Read Blocks":0,"Temp Written Blocks":0,"I/O Read Time":0.0,"I/O Write Time":0.0,"Temp I/O Read Time":0.0,"Temp I/O Write Time":0.0,"Plans":[{"Node Type":"Append","Parent Relationship":"Outer","Parallel Aware":false,"Async Capable":false,"Startup Cost":20.0,"Total Cost":70517.88,"Plan Rows":2999739,"Plan Width":12,"Actual Startup Time":0.102,"Actual Total Time":0.104,"Actual Rows":3000000,"Actual Loops":1,"Shared Hit Blocks":0,"Shared Read Blocks":0,"Shared Dirtied Blocks":0,"Shared Written Blocks":0,"Local Hit Blocks":0,"Local Read Blocks":0,"Local Dirtied Blocks":0,"Local Written Blocks":0,"Temp Read Blocks":0,"Temp Written Blocks":0,"I/O Read Time":0.0,"I/O Write Time":0.0,"Temp I/O Read Time":0.0,"Temp I/O Write Time":0.0,"Subplans Removed":0,"Plans":[{"Node Type":"Custom Scan","Parent Relationship":"Member","Custom Plan Provider":"columnar scan","Parallel Aware":false,"Async Capable":false,"Relation Name":"customer","Schema":"public","Alias":"customer","Startup Cost":20.0,"Total Cost":70513.87,"Plan Rows":2999738,"Plan Width":12,"Actual Startup Time":0.102,"Actual Total Time":0.102,"Actual Rows":3000000,"Actual Loops":1,"Output":["customer.c_nationkey","customer.c_id","customer.c_w_id","customer.c_d_id"],"Rows Removed by Columnar Filter":0,"Columnar cache search mode":"native","Shared Hit Blocks":0,"Shared Read Blocks":0,"Shared Dirtied Blocks":0,"Shared Written Blocks":0,"Local Hit Blocks":0,"Local Read Blocks":0,"Local Dirtied Blocks":0,"Local Written Blocks":0,"Temp Read Blocks":0,"Temp Written Blocks":0,"I/O Read Time":0.0,"I/O Write Time":0.0,"Temp I/O Read Time":0.0,"Temp I/O Write Time":0.0},{"Node Type":"Seq Scan","Parent Relationship":"Member","Parallel Aware":false,"Async Capable":false,"Relation Name":"customer","Schema":"public","Alias":"customer","Startup Cost":0.0,"Total Cost":4.01,"Plan Rows":1,"Plan Width":12,"Actual Startup Time":0.0,"Actual Total Time":0.0,"Actual Rows":0,"Actual Loops":0,"Output":["customer.c_nationkey","customer.c_id","customer.c_w_id","customer.c_d_id"],"Shared Hit Blocks":0,"Shared Read Blocks":0,"Shared Dirtied Blocks":0,"Shared Written Blocks":0,"Local Hit Blocks":0,"Local Read Blocks":0,"Local Dirtied Blocks":0,"Local Written Blocks":0,"Temp Read Blocks":0,"Temp Written Blocks":0,"I/O Read Time":0.0,"I/O Write Time":0.0,"Temp I/O Read Time":0.0,"Temp I/O Write Time":0.0}]}]}]},{"Node Type":"Hash","Parent Relationship":"Inner","Parallel Aware":false,"Async Capable":false,"Startup Cost":24.07,"Total Cost":24.07,"Plan Rows":3,"Plan Width":12,"Actual Rows":2,"Actual Loops":1,"Output":["n2.n_nationkey","n2.n_name"],"Shared Hit Blocks":0,"Shared Read Blocks":0,"Shared Dirtied Blocks":0,"Shared Written Blocks":0,"Local Hit Blocks":0,"Local Read Blocks":0,"Local Dirtied Blocks":0,"Local Written Blocks":0,"Temp Read Blocks":0,"Temp Written Blocks":0,"I/O Read Time":0.0,"I/O Write Time":0.0,"Temp I/O Read Time":0.0,"Temp I/O Write Time":0.0,"Plans":[{"Node Type":"Append","Parent Relationship":"Outer","Parallel Aware":false,"Async Capable":false,"Startup Cost":20.0,"Total Cost":24.07,"Plan Rows":3,"Plan Width":12,"Actual Startup Time":0.027,"Actual Total Time":0.028,"Actual Rows":2,"Actual Loops":1,"Shared Hit Blocks":0,"Shared Read Blocks":0,"Shared Dirtied Blocks":0,"Shared Written Blocks":0,"Local Hit Blocks":0,"Local Read Blocks":0,"Local Dirtied Blocks":0,"Local Written Blocks":0,"Temp Read Blocks":0,"Temp Written Blocks":0,"I/O Read Time":0.0,"I/O Write Time":0.0,"Temp I/O Read Time":0.0,"Temp I/O Write Time":0.0,"Subplans Removed":0,"Plans":[{"Node Type":"Custom Scan","Parent Relationship":"Member","Custom Plan Provider":"columnar scan","Parallel Aware":false,"Async Capable":false,"Relation Name":"nation","Schema":"public","Alias":"n2","Startup Cost":20.0,"Total Cost":20.05,"Plan Rows":2,"Plan Width":12,"Actual Startup Time":0.027,"Actual Total Time":0.027,"Actual Rows":2,"Actual Loops":1,"Output":["n2.n_nationkey","n2.n_name"],"Filter":"(((n2.n_name)::text = 'Cambodia'::text) OR ((n2.n_name)::text = 'Germany'::text))","Rows Removed by Filter":0,"Rows Removed by Columnar Filter":60,"Columnar cache search mode":"native","Shared Hit Blocks":0,"Shared Read Blocks":0,"Shared Dirtied Blocks":0,"Shared Written Blocks":0,"Local Hit Blocks":0,"Local Read Blocks":0,"Local Dirtied Blocks":0,"Local Written Blocks":0,"Temp Read Blocks":0,"Temp Written Blocks":0,"I/O Read Time":0.0,"I/O Write Time":0.0,"Temp I/O Read Time":0.0,"Temp I/O Write Time":0.0},{"Node Type":"Seq Scan","Parent Relationship":"Member","Parallel Aware":false,"Async Capable":false,"Relation Name":"nation","Schema":"public","Alias":"n2","Startup Cost":0.0,"Total Cost":4.01,"Plan Rows":1,"Plan Width":12,"Actual Startup Time":0.0,"Actual Total Time":0.0,"Actual Rows":0,"Actual Loops":0,"Output":["n2.n_nationkey","n2.n_name"],"Filter":"(((n2.n_name)::text = 'Cambodia'::text) OR ((n2.n_name)::text = 'Germany'::text))","Rows Removed by Filter":0,"Shared Hit Blocks":0,"Shared Read Blocks":0,"Shared Dirtied Blocks":0,"Shared Written Blocks":0,"Local Hit Blocks":0,"Local Read Blocks":0,"Local Dirtied Blocks":0,"Local Written Blocks":0,"Temp Read Blocks":0,"Temp Written Blocks":0,"I/O Read Time":0.0,"I/O Write Time":0.0,"Temp I/O Read Time":0.0,"Temp I/O Write Time":0.0}]}]}]}]}]}]}]},"Planning":{"Shared Hit Blocks":12,"Shared Read Blocks":0,"Shared Dirtied Blocks":0,"Shared Written Blocks":0,"Local Hit Blocks":0,"Local Read Blocks":0,"Local Dirtied Blocks":0,"Local Written Blocks":0,"Temp Read Blocks":0,"Temp Written Blocks":0,"I/O Read Time":0.0,"I/O Write Time":0.0,"Temp I/O Read Time":0.0,"Temp I/O Write Time":0.0},"Planning Time":3.093,"Triggers":[],"Execution Time":4656.773}]
[列存组合]: customer, nation, order_line, stock, supplier
[{"Plan":{"Node Type":"Aggregate","Strategy":"Sorted","Partial Mode":"Simple","Parallel Aware":false,"Async Capable":false,"Startup Cost":664547.32,"Total Cost":664668.93,"Plan Rows":4422,"Plan Width":72,"Actual Startup Time":6179.922,"Actual Total Time":6181.463,"Actual Rows":6,"Actual Loops":1,"Output":["supplier.su_nationkey","customer.c_nationkey","(EXTRACT(year FROM orders.o_entry_d))","sum(order_line.ol_amount)"],"Group Key":["supplier.su_nationkey","customer.c_nationkey","(EXTRACT(year FROM orders.o_entry_d))"],"Shared Hit Blocks":22060,"Shared Read Blocks":0,"Shared Dirtied Blocks":0,"Shared Written Blocks":0,"Local Hit Blocks":0,"Local Read Blocks":0,"Local Dirtied Blocks":0,"Local Written Blocks":0,"Temp Read Blocks":20587,"Temp Written Blocks":20596,"I/O Read Time":0.0,"I/O Write Time":0.0,"Temp I/O Read Time":32.748,"Temp I/O Write Time":90.936,"Plans":[{"Node Type":"Sort","Parent Relationship":"Outer","Parallel Aware":false,"Async Capable":false,"Startup Cost":664547.32,"Total Cost":664558.38,"Plan Rows":4422,"Plan Width":44,"Actual Startup Time":6179.854,"Actual Total Time":6180.139,"Actual Rows":6043,"Actual Loops":1,"Output":["supplier.su_nationkey","customer.c_nationkey","(EXTRACT(year FROM orders.o_entry_d))","order_line.ol_amount"],"Sort Key":["supplier.su_nationkey","customer.c_nationkey","(EXTRACT(year FROM orders.o_entry_d))"],"Sort Method":"quicksort","Sort Space Used":523,"Sort Space Type":"Memory","Shared Hit Blocks":22060,"Shared Read Blocks":0,"Shared Dirtied Blocks":0,"Shared Written Blocks":0,"Local Hit Blocks":0,"Local Read Blocks":0,"Local Dirtied Blocks":0,"Local Written Blocks":0,"Temp Read Blocks":20587,"Temp Written Blocks":20596,"I/O Read Time":0.0,"I/O Write Time":0.0,"Temp I/O Read Time":32.748,"Temp I/O Write Time":90.936,"Plans":[{"Node Type":"Merge Join","Parent Relationship":"Outer","Parallel Aware":false,"Async Capable":false,"Join Type":"Inner","Startup Cost":660187.18,"Total Cost":664279.56,"Plan Rows":4422,"Plan Width":44,"Actual Startup Time":6016.367,"Actual Total Time":6178.285,"Actual Rows":6043,"Actual Loops":1,"Output":["supplier.su_nationkey","customer.c_nationkey","EXTRACT(year FROM orders.o_entry_d)","order_line.ol_amount"],"Merge Cond":"((orders.o_c_id = customer.c_id) AND (order_line.ol_w_id = customer.c_w_id) AND (order_line.ol_d_id = customer.c_d_id))","Join Filter":"((((n1.n_name)::text = 'Germany'::text) AND ((n2.n_name)::text = 'Cambodia'::text)) OR (((n1.n_name)::text = 'Cambodia'::text) AND ((n2.n_name)::text = 'Germany'::text)))","Rows Removed by Join Filter":5752,"Shared Hit Blocks":22060,"Shared Read Blocks":0,"Shared Dirtied Blocks":0,"Shared Written Blocks":0,"Local Hit Blocks":0,"Local Read Blocks":0,"Local Dirtied Blocks":0,"Local Written Blocks":0,"Temp Read Blocks":20587,"Temp Written Blocks":20596,"I/O Read Time":0.0,"I/O Write Time":0.0,"Temp I/O Read Time":32.748,"Temp I/O Write Time":90.936,"Plans":[{"Node Type":"Sort","Parent Relationship":"Outer","Parallel Aware":false,"Async Capable":false,"Startup Cost":637472.5,"Total Cost":638147.06,"Plan Rows":269824,"Plan Width":36,"Actual Startup Time":5895.382,"Actual Total Time":5967.747,"Actual Rows":242214,"Actual Loops":1,"Output":["supplier.su_nationkey","order_line.ol_amount","order_line.ol_w_id","order_line.ol_d_id","orders.o_entry_d","orders.o_w_id","orders.o_d_id","orders.o_c_id","n1.n_name"],"Sort Key":["orders.o_c_id","order_line.ol_w_id","order_line.ol_d_id"],"Sort Method":"external merge","Sort Space Used":11984,"Sort Space Type":"Disk","Shared Hit Blocks":22060,"Shared Read Blocks":0,"Shared Dirtied Blocks":0,"Shared Written Blocks":0,"Local Hit Blocks":0,"Local Read Blocks":0,"Local Dirtied Blocks":0,"Local Written Blocks":0,"Temp Read Blocks":20042,"Temp Written Blocks":20048,"I/O Read Time":0.0,"I/O Write Time":0.0,"Temp I/O Read Time":32.05,"Temp I/O Write Time":88.791,"Plans":[{"Node Type":"Hash Join","Parent Relationship":"Outer","Parallel Aware":false,"Async Capable":false,"Join Type":"Inner","Startup Cost":159264.08,"Total Cost":605754.14,"Plan Rows":269824,"Plan Width":36,"Actual Startup Time":1308.744,"Actual Total Time":5768.598,"Actual Rows":242214,"Actual Loops":1,"Output":["supplier.su_nationkey","order_line.ol_amount","order_line.ol_w_id","order_line.ol_d_id","orders.o_entry_d","orders.o_w_id","orders.o_d_id","orders.o_c_id","n1.n_name"],"Hash Cond":"((order_line.ol_w_id = orders.o_w_id) AND (order_line.ol_d_id = orders.o_d_id) AND (order_line.ol_o_id = orders.o_id))","Shared Hit Blocks":22060,"Shared Read Blocks":0,"Shared Dirtied Blocks":0,"Shared Written Blocks":0,"Local Hit Blocks":0,"Local Read Blocks":0,"Local Dirtied Blocks":0,"Local Written Blocks":0,"Temp Read Blocks":18544,"Temp Written Blocks":18544,"I/O Read Time":0.0,"I/O Write Time":0.0,"Temp I/O Read Time":29.995,"Temp I/O Write Time":83.231,"Plans":[{"Node Type":"Hash Join","Parent Relationship":"Outer","Parallel Aware":false,"Async Capable":false,"Join Type":"Inner","Startup Cost":29669.0,"Total Cost":452772.9,"Plan Rows":269988,"Plan Width":28,"Actual Startup Time":401.899,"Actual Total Time":4528.449,"Actual Rows":242214,"Actual Loops":1,"Output":["supplier.su_nationkey","order_line.ol_amount","order_line.ol_w_id","order_line.ol_d_id","order_line.ol_o_id","n1.n_name"],"Hash Cond":"(supplier.su_nationkey = n1.n_nationkey)","Shared Hit Blocks":1,"Shared Read Blocks":0,"Shared Dirtied Blocks":0,"Shared Written Blocks":0,"Local Hit Blocks":0,"Local Read Blocks":0,"Local Dirtied Blocks":0,"Local Written Blocks":0,"Temp Read Blocks":0,"Temp Written Blocks":0,"I/O Read Time":0.0,"I/O Write Time":0.0,"Temp I/O Read Time":0.0,"Temp I/O Write Time":0.0,"Plans":[{"Node Type":"Hash Join","Parent Relationship":"Outer","Parallel Aware":false,"Async Capable":false,"Join Type":"Inner","Startup Cost":29667.04,"Total Cost":429298.84,"Plan Rows":8369638,"Plan Width":20,"Actual Startup Time":401.656,"Actual Total Time":3941.695,"Actual Rows":8570498,"Actual Loops":1,"Output":["supplier.su_nationkey","order_line.ol_amount","order_line.ol_w_id","order_line.ol_d_id","order_line.ol_o_id"],"Hash Cond":"(mod((stock.s_w_id * stock.s_i_id), 10000) = supplier.su_suppkey)","Shared Hit Blocks":0,"Shared Read Blocks":0,"Shared Dirtied Blocks":0,"Shared Written Blocks":0,"Local Hit Blocks":0,"Local Read Blocks":0,"Local Dirtied Blocks":0,"Local Written Blocks":0,"Temp Read Blocks":0,"Temp Written Blocks":0,"I/O Read Time":0.0,"I/O Write Time":0.0,"Temp I/O Read Time":0.0,"Temp I/O Write Time":0.0,"Plans":[{"Node Type":"Hash Join","Parent Relationship":"Outer","Parallel Aware":false,"Async Capable":false,"Join Type":"Inner","Startup Cost":29323.02,"Total Cost":404880.91,"Plan Rows":8369638,"Plan Width":22,"Actual Startup Time":398.529,"Actual Total Time":2295.785,"Actual Rows":8570498,"Actual Loops":1,"Output":["stock.s_w_id","stock.s_i_id","order_line.ol_amount","order_line.ol_w_id","order_line.ol_d_id","order_line.ol_o_id"],"Hash Cond":"((order_line.ol_supply_w_id = stock.s_w_id) AND (order_line.ol_i_id = stock.s_i_id))","Rows Removed by Bloom Filter":0,"Shared Hit Blocks":0,"Shared Read Blocks":0,"Shared Dirtied Blocks":0,"Shared Written Blocks":0,"Local Hit Blocks":0,"Local Read Blocks":0,"Local Dirtied Blocks":0,"Local Written Blocks":0,"Temp Read Blocks":0,"Temp Written Blocks":0,"I/O Read Time":0.0,"I/O Write Time":0.0,"Temp I/O Read Time":0.0,"Temp I/O Write Time":0.0,"Plans":[{"Node Type":"Append","Parent Relationship":"Outer","Parallel Aware":false,"Async Capable":false,"Startup Cost":20.0,"Total Cost":230190.58,"Plan Rows":8369638,"Plan Width":22,"Actual Startup Time":13.422,"Actual Total Time":13.427,"Actual Rows":8570498,"Actual Loops":1,"Shared Hit Blocks":0,"Shared Read Blocks":0,"Shared Dirtied Blocks":0,"Shared Written Blocks":0,"Local Hit Blocks":0,"Local Read Blocks":0,"Local Dirtied Blocks":0,"Local Written Blocks":0,"Temp Read Blocks":0,"Temp Written Blocks":0,"I/O Read Time":0.0,"I/O Write Time":0.0,"Temp I/O Read Time":0.0,"Temp I/O Write Time":0.0,"Subplans Removed":0,"Plans":[{"Node Type":"Custom Scan","Parent Relationship":"Member","Custom Plan Provider":"columnar scan","Parallel Aware":false,"Async Capable":false,"Relation Name":"order_line","Schema":"public","Alias":"order_line","Startup Cost":20.0,"Total Cost":230185.68,"Plan Rows":8369621,"Plan Width":22,"Actual Startup Time":13.42,"Actual Total Time":13.421,"Actual Rows":8570498,"Actual Loops":1,"Output":["order_line.ol_amount","order_line.ol_supply_w_id","order_line.ol_i_id","order_line.ol_w_id","order_line.ol_d_id","order_line.ol_o_id"],"Filter":"((order_line.ol_delivery_d <= '1997-01-01 20:10:02.27764'::timestamp without time zone) AND (order_line.ol_delivery_d >= '1995-01-02 20:10:02.27764'::timestamp without time zone))","Rows Removed by Filter":0,"Rows Removed by Columnar Filter":21427234,"Columnar cache search mode":"native","Shared Hit Blocks":0,"Shared Read Blocks":0,"Shared Dirtied Blocks":0,"Shared Written Blocks":0,"Local Hit Blocks":0,"Local Read Blocks":0,"Local Dirtied Blocks":0,"Local Written Blocks":0,"Temp Read Blocks":0,"Temp Written Blocks":0,"I/O Read Time":0.0,"I/O Write Time":0.0,"Temp I/O Read Time":0.0,"Temp I/O Write Time":0.0},{"Node Type":"Seq Scan","Parent Relationship":"Member","Parallel Aware":false,"Async Capable":false,"Relation Name":"order_line","Schema":"public","Alias":"order_line","Startup Cost":0.0,"Total Cost":4.9,"Plan Rows":17,"Plan Width":22,"Actual Startup Time":0.0,"Actual Total Time":0.0,"Actual Rows":0,"Actual Loops":0,"Output":["order_line.ol_amount","order_line.ol_supply_w_id","order_line.ol_i_id","order_line.ol_w_id","order_line.ol_d_id","order_line.ol_o_id"],"Filter":"((order_line.ol_delivery_d <= '1997-01-01 20:10:02.27764'::timestamp without time zone) AND (order_line.ol_delivery_d >= '1995-01-02 20:10:02.27764'::timestamp without time zone))","Rows Removed by Filter":0,"Shared Hit Blocks":0,"Shared Read Blocks":0,"Shared Dirtied Blocks":0,"Shared Written Blocks":0,"Local Hit Blocks":0,"Local Read Blocks":0,"Local Dirtied Blocks":0,"Local Written Blocks":0,"Temp Read Blocks":0,"Temp Written Blocks":0,"I/O Read Time":0.0,"I/O Write Time":0.0,"Temp I/O Read Time":0.0,"Temp I/O Write Time":0.0}]},{"Node Type":"Hash","Parent Relationship":"Inner","Parallel Aware":false,"Async Capable":false,"Startup Cost":195025.67,"Total Cost":195025.67,"Plan Rows":10000162,"Plan Width":6,"Actual Rows":10000000,"Actual Loops":1,"Output":["stock.s_w_id","stock.s_i_id"],"Shared Hit Blocks":0,"Shared Read Blocks":0,"Shared Dirtied Blocks":0,"Shared Written Blocks":0,"Local Hit Blocks":0,"Local Read Blocks":0,"Local Dirtied Blocks":0,"Local Written Blocks":0,"Temp Read Blocks":0,"Temp Written Blocks":0,"I/O Read Time":0.0,"I/O Write Time":0.0,"Temp I/O Read Time":0.0,"Temp I/O Write Time":0.0,"Plans":[{"Node Type":"Append","Parent Relationship":"Outer","Parallel Aware":false,"Async Capable":false,"Startup Cost":20.0,"Total Cost":195025.67,"Plan Rows":10000162,"Plan Width":6,"Actual Startup Time":0.194,"Actual Total Time":0.195,"Actual Rows":10000000,"Actual Loops":1,"Shared Hit Blocks":0,"Shared Read Blocks":0,"Shared Dirtied Blocks":0,"Shared Written Blocks":0,"Local Hit Blocks":0,"Local Read Blocks":0,"Local Dirtied Blocks":0,"Local Written Blocks":0,"Temp Read Blocks":0,"Temp Written Blocks":0,"I/O Read Time":0.0,"I/O Write Time":0.0,"Temp I/O Read Time":0.0,"Temp I/O Write Time":0.0,"Subplans Removed":0,"Plans":[{"Node Type":"Custom Scan","Parent Relationship":"Member","Custom Plan Provider":"columnar scan","Parallel Aware":false,"Async Capable":false,"Relation Name":"stock","Schema":"public","Alias":"stock","Startup Cost":20.0,"Total Cost":195020.05,"Plan Rows":10000000,"Plan Width":6,"Actual Startup Time":0.194,"Actual Total Time":0.194,"Actual Rows":10000000,"Actual Loops":1,"Output":["stock.s_w_id","stock.s_i_id"],"Rows Removed by Columnar Filter":0,"Columnar cache search mode":"native","Shared Hit Blocks":0,"Shared Read Blocks":0,"Shared Dirtied Blocks":0,"Shared Written Blocks":0,"Local Hit Blocks":0,"Local Read Blocks":0,"Local Dirtied Blocks":0,"Local Written Blocks":0,"Temp Read Blocks":0,"Temp Written Blocks":0,"I/O Read Time":0.0,"I/O Write Time":0.0,"Temp I/O Read Time":0.0,"Temp I/O Write Time":0.0},{"Node Type":"Seq Scan","Parent Relationship":"Member","Parallel Aware":false,"Async Capable":false,"Relation Name":"stock","Schema":"public","Alias":"stock","Startup Cost":0.0,"Total Cost":5.62,"Plan Rows":162,"Plan Width":6,"Actual Startup Time":0.0,"Actual Total Time":0.0,"Actual Rows":0,"Actual Loops":0,"Output":["stock.s_w_id","stock.s_i_id"],"Shared Hit Blocks":0,"Shared Read Blocks":0,"Shared Dirtied Blocks":0,"Shared Written Blocks":0,"Local Hit Blocks":0,"Local Read Blocks":0,"Local Dirtied Blocks":0,"Local Written Blocks":0,"Temp Read Blocks":0,"Temp Written Blocks":0,"I/O Read Time":0.0,"I/O Write Time":0.0,"Temp I/O Read Time":0.0,"Temp I/O Write Time":0.0}]}]}]},{"Node Type":"Hash","Parent Relationship":"Inner","Parallel Aware":false,"Async Capable":false,"Startup Cost":219.01,"Total Cost":219.01,"Plan Rows":10001,"Plan Width":8,"Actual Startup Time":3.034,"Actual Total Time":3.035,"Actual Rows":10000,"Actual Loops":1,"Output":["supplier.su_nationkey","supplier.su_suppkey"],"Hash Buckets":16384,"Original Hash Buckets":16384,"Hash Batches":1,"Original Hash Batches":1,"Peak Memory Usage":519,"Shared Hit Blocks":0,"Shared Read Blocks":0,"Shared Dirtied Blocks":0,"Shared Written Blocks":0,"Local Hit Blocks":0,"Local Read Blocks":0,"Local Dirtied Blocks":0,"Local Written Blocks":0,"Temp Read Blocks":0,"Temp Written Blocks":0,"I/O Read Time":0.0,"I/O Write Time":0.0,"Temp I/O Read Time":0.0,"Temp I/O Write Time":0.0,"Plans":[{"Node Type":"Append","Parent Relationship":"Outer","Parallel Aware":false,"Async Capable":false,"Startup Cost":20.0,"Total Cost":219.01,"Plan Rows":10001,"Plan Width":8,"Actual Startup Time":0.012,"Actual Total Time":1.826,"Actual Rows":10000,"Actual Loops":1,"Shared Hit Blocks":0,"Shared Read Blocks":0,"Shared Dirtied Blocks":0,"Shared Written Blocks":0,"Local Hit Blocks":0,"Local Read Blocks":0,"Local Dirtied Blocks":0,"Local Written Blocks":0,"Temp Read Blocks":0,"Temp Written Blocks":0,"I/O Read Time":0.0,"I/O Write Time":0.0,"Temp I/O Read Time":0.0,"Temp I/O Write Time":0.0,"Subplans Removed":0,"Plans":[{"Node Type":"Custom Scan","Parent Relationship":"Member","Custom Plan Provider":"columnar scan","Parallel Aware":false,"Async Capable":false,"Relation Name":"supplier","Schema":"public","Alias":"supplier","Startup Cost":20.0,"Total Cost":215.0,"Plan Rows":10000,"Plan Width":8,"Actual Startup Time":0.011,"Actual Total Time":1.123,"Actual Rows":10000,"Actual Loops":1,"Output":["supplier.su_nationkey","supplier.su_suppkey"],"Rows Removed by Columnar Filter":0,"Columnar cache search mode":"native","Shared Hit Blocks":0,"Shared Read Blocks":0,"Shared Dirtied Blocks":0,"Shared Written Blocks":0,"Local Hit Blocks":0,"Local Read Blocks":0,"Local Dirtied Blocks":0,"Local Written Blocks":0,"Temp Read Blocks":0,"Temp Written Blocks":0,"I/O Read Time":0.0,"I/O Write Time":0.0,"Temp I/O Read Time":0.0,"Temp I/O Write Time":0.0},{"Node Type":"Seq Scan","Parent Relationship":"Member","Parallel Aware":false,"Async Capable":false,"Relation Name":"supplier","Schema":"public","Alias":"supplier","Startup Cost":0.0,"Total Cost":4.01,"Plan Rows":1,"Plan Width":8,"Actual Startup Time":0.0,"Actual Total Time":0.0,"Actual Rows":0,"Actual Loops":0,"Output":["supplier.su_nationkey","supplier.su_suppkey"],"Shared Hit Blocks":0,"Shared Read Blocks":0,"Shared Dirtied Blocks":0,"Shared Written Blocks":0,"Local Hit Blocks":0,"Local Read Blocks":0,"Local Dirtied Blocks":0,"Local Written Blocks":0,"Temp Read Blocks":0,"Temp Written Blocks":0,"I/O Read Time":0.0,"I/O Write Time":0.0,"Temp I/O Read Time":0.0,"Temp I/O Write Time":0.0}]}]}]},{"Node Type":"Hash","Parent Relationship":"Inner","Parallel Aware":false,"Async Capable":false,"Startup Cost":1.93,"Total Cost":1.93,"Plan Rows":2,"Plan Width":12,"Actual Startup Time":0.021,"Actual Total Time":0.022,"Actual Rows":2,"Actual Loops":1,"Output":["n1.n_nationkey","n1.n_name"],"Hash Buckets":1024,"Original Hash Buckets":1024,"Hash Batches":1,"Original Hash Batches":1,"Peak Memory Usage":9,"Shared Hit Blocks":1,"Shared Read Blocks":0,"Shared Dirtied Blocks":0,"Shared Written Blocks":0,"Local Hit Blocks":0,"Local Read Blocks":0,"Local Dirtied Blocks":0,"Local Written Blocks":0,"Temp Read Blocks":0,"Temp Written Blocks":0,"I/O Read Time":0.0,"I/O Write Time":0.0,"Temp I/O Read Time":0.0,"Temp I/O Write Time":0.0,"Plans":[{"Node Type":"Seq Scan","Parent Relationship":"Outer","Parallel Aware":false,"Async Capable":false,"Relation Name":"nation","Schema":"public","Alias":"n1","Startup Cost":0.0,"Total Cost":1.93,"Plan Rows":2,"Plan Width":12,"Actual Startup Time":0.012,"Actual Total Time":0.017,"Actual Rows":2,"Actual Loops":1,"Output":["n1.n_nationkey","n1.n_name"],"Filter":"(((n1.n_name)::text = 'Germany'::text) OR ((n1.n_name)::text = 'Cambodia'::text))","Rows Removed by Filter":60,"Shared Hit Blocks":1,"Shared Read Blocks":0,"Shared Dirtied Blocks":0,"Shared Written Blocks":0,"Local Hit Blocks":0,"Local Read Blocks":0,"Local Dirtied Blocks":0,"Local Written Blocks":0,"Temp Read Blocks":0,"Temp Written Blocks":0,"I/O Read Time":0.0,"I/O Write Time":0.0,"Temp I/O Read Time":0.0,"Temp I/O Write Time":0.0}]}]},{"Node Type":"Hash","Parent Relationship":"Inner","Parallel Aware":false,"Async Capable":false,"Startup Cost":59559.0,"Total Cost":59559.0,"Plan Rows":2998176,"Plan Width":24,"Actual Startup Time":905.957,"Actual Total Time":905.958,"Actual Rows":2997892,"Actual Loops":1,"Output":["orders.o_entry_d","orders.o_w_id","orders.o_d_id","orders.o_id","orders.o_c_id"],"Hash Buckets":131072,"Original Hash Buckets":131072,"Hash Batches":32,"Original Hash Batches":32,"Peak Memory Usage":6539,"Shared Hit Blocks":22059,"Shared Read Blocks":0,"Shared Dirtied Blocks":0,"Shared Written Blocks":0,"Local Hit Blocks":0,"Local Read Blocks":0,"Local Dirtied Blocks":0,"Local Written Blocks":0,"Temp Read Blocks":0,"Temp Written Blocks":16995,"I/O Read Time":0.0,"I/O Write Time":0.0,"Temp I/O Read Time":0.0,"Temp I/O Write Time":73.42,"Plans":[{"Node Type":"Seq Scan","Parent Relationship":"Outer","Parallel Aware":false,"Async Capable":false,"Relation Name":"orders","Schema":"public","Alias":"orders","Startup Cost":0.0,"Total Cost":59559.0,"Plan Rows":2998176,"Plan Width":24,"Actual Startup Time":0.03,"Actual Total Time":366.366,"Actual Rows":2997892,"Actual Loops":1,"Output":["orders.o_entry_d","orders.o_w_id","orders.o_d_id","orders.o_id","orders.o_c_id"],"Filter":"(orders.o_entry_d >= '1992-01-02 20:10:02.27764'::timestamp without time zone)","Rows Removed by Filter":2108,"Shared Hit Blocks":22059,"Shared Read Blocks":0,"Shared Dirtied Blocks":0,"Shared Written Blocks":0,"Local Hit Blocks":0,"Local Read Blocks":0,"Local Dirtied Blocks":0,"Local Written Blocks":0,"Temp Read Blocks":0,"Temp Written Blocks":0,"I/O Read Time":0.0,"I/O Write Time":0.0,"Temp I/O Read Time":0.0,"Temp I/O Write Time":0.0}]}]}]},{"Node Type":"Materialize","Parent Relationship":"Inner","Parallel Aware":false,"Async Capable":false,"Startup Cost":22714.58,"Total Cost":23198.41,"Plan Rows":96766,"Plan Width":20,"Actual Startup Time":120.949,"Actual Total Time":156.578,"Actual Rows":146547,"Actual Loops":1,"Output":["customer.c_nationkey","customer.c_id","customer.c_w_id","customer.c_d_id","n2.n_name"],"Shared Hit Blocks":0,"Shared Read Blocks":0,"Shared Dirtied Blocks":0,"Shared Written Blocks":0,"Local Hit Blocks":0,"Local Read Blocks":0,"Local Dirtied Blocks":0,"Local Written Blocks":0,"Temp Read Blocks":545,"Temp Written Blocks":548,"I/O Read Time":0.0,"I/O Write Time":0.0,"Temp I/O Read Time":0.698,"Temp I/O Write Time":2.145,"Plans":[{"Node Type":"Sort","Parent Relationship":"Outer","Parallel Aware":false,"Async Capable":false,"Startup Cost":22714.58,"Total Cost":22956.49,"Plan Rows":96766,"Plan Width":20,"Actual Startup Time":120.944,"Actual Total Time":138.596,"Actual Rows":144982,"Actual Loops":1,"Output":["customer.c_nationkey","customer.c_id","customer.c_w_id","customer.c_d_id","n2.n_name"],"Sort Key":["customer.c_id","customer.c_w_id","customer.c_d_id"],"Sort Method":"external merge","Sort Space Used":4360,"Sort Space Type":"Disk","Shared Hit Blocks":0,"Shared Read Blocks":0,"Shared Dirtied Blocks":0,"Shared Written Blocks":0,"Local Hit Blocks":0,"Local Read Blocks":0,"Local Dirtied Blocks":0,"Local Written Blocks":0,"Temp Read Blocks":545,"Temp Written Blocks":548,"I/O Read Time":0.0,"I/O Write Time":0.0,"Temp I/O Read Time":0.698,"Temp I/O Write Time":2.145,"Plans":[{"Node Type":"Hash Join","Parent Relationship":"Outer","Parallel Aware":false,"Async Capable":false,"Join Type":"Inner","Startup Cost":44.04,"Total Cost":12716.78,"Plan Rows":96766,"Plan Width":20,"Actual Startup Time":26.234,"Actual Total Time":67.711,"Actual Rows":144986,"Actual Loops":1,"Output":["customer.c_nationkey","customer.c_id","customer.c_w_id","customer.c_d_id","n2.n_name"],"Hash Cond":"(customer.c_nationkey = n2.n_nationkey)","Rows Removed by Bloom Filter":6506642,"Shared Hit Blocks":0,"Shared Read Blocks":0,"Shared Dirtied Blocks":0,"Shared Written Blocks":0,"Local Hit Blocks":0,"Local Read Blocks":0,"Local Dirtied Blocks":0,"Local Written Blocks":0,"Temp Read Blocks":0,"Temp Written Blocks":0,"I/O Read Time":0.0,"I/O Write Time":0.0,"Temp I/O Read Time":0.0,"Temp I/O Write Time":0.0,"Plans":[{"Node Type":"Append","Parent Relationship":"Outer","Parallel Aware":false,"Async Capable":false,"Startup Cost":20.0,"Total Cost":70517.88,"Plan Rows":2999739,"Plan Width":12,"Actual Startup Time":0.139,"Actual Total Time":0.14,"Actual Rows":3000000,"Actual Loops":1,"Shared Hit Blocks":0,"Shared Read Blocks":0,"Shared Dirtied Blocks":0,"Shared Written Blocks":0,"Local Hit Blocks":0,"Local Read Blocks":0,"Local Dirtied Blocks":0,"Local Written Blocks":0,"Temp Read Blocks":0,"Temp Written Blocks":0,"I/O Read Time":0.0,"I/O Write Time":0.0,"Temp I/O Read Time":0.0,"Temp I/O Write Time":0.0,"Subplans Removed":0,"Plans":[{"Node Type":"Custom Scan","Parent Relationship":"Member","Custom Plan Provider":"columnar scan","Parallel Aware":false,"Async Capable":false,"Relation Name":"customer","Schema":"public","Alias":"customer","Startup Cost":20.0,"Total Cost":70513.87,"Plan Rows":2999738,"Plan Width":12,"Actual Startup Time":0.138,"Actual Total Time":0.138,"Actual Rows":3000000,"Actual Loops":1,"Output":["customer.c_nationkey","customer.c_id","customer.c_w_id","customer.c_d_id"],"Rows Removed by Columnar Filter":0,"Columnar cache search mode":"native","Shared Hit Blocks":0,"Shared Read Blocks":0,"Shared Dirtied Blocks":0,"Shared Written Blocks":0,"Local Hit Blocks":0,"Local Read Blocks":0,"Local Dirtied Blocks":0,"Local Written Blocks":0,"Temp Read Blocks":0,"Temp Written Blocks":0,"I/O Read Time":0.0,"I/O Write Time":0.0,"Temp I/O Read Time":0.0,"Temp I/O Write Time":0.0},{"Node Type":"Seq Scan","Parent Relationship":"Member","Parallel Aware":false,"Async Capable":false,"Relation Name":"customer","Schema":"public","Alias":"customer","Startup Cost":0.0,"Total Cost":4.01,"Plan Rows":1,"Plan Width":12,"Actual Startup Time":0.0,"Actual Total Time":0.0,"Actual Rows":0,"Actual Loops":0,"Output":["customer.c_nationkey","customer.c_id","customer.c_w_id","customer.c_d_id"],"Shared Hit Blocks":0,"Shared Read Blocks":0,"Shared Dirtied Blocks":0,"Shared Written Blocks":0,"Local Hit Blocks":0,"Local Read Blocks":0,"Local Dirtied Blocks":0,"Local Written Blocks":0,"Temp Read Blocks":0,"Temp Written Blocks":0,"I/O Read Time":0.0,"I/O Write Time":0.0,"Temp I/O Read Time":0.0,"Temp I/O Write Time":0.0}]},{"Node Type":"Hash","Parent Relationship":"Inner","Parallel Aware":false,"Async Capable":false,"Startup Cost":24.07,"Total Cost":24.07,"Plan Rows":3,"Plan Width":12,"Actual Rows":2,"Actual Loops":1,"Output":["n2.n_nationkey","n2.n_name"],"Shared Hit Blocks":0,"Shared Read Blocks":0,"Shared Dirtied Blocks":0,"Shared Written Blocks":0,"Local Hit Blocks":0,"Local Read Blocks":0,"Local Dirtied Blocks":0,"Local Written Blocks":0,"Temp Read Blocks":0,"Temp Written Blocks":0,"I/O Read Time":0.0,"I/O Write Time":0.0,"Temp I/O Read Time":0.0,"Temp I/O Write Time":0.0,"Plans":[{"Node Type":"Append","Parent Relationship":"Outer","Parallel Aware":false,"Async Capable":false,"Startup Cost":20.0,"Total Cost":24.07,"Plan Rows":3,"Plan Width":12,"Actual Startup Time":0.076,"Actual Total Time":0.077,"Actual Rows":2,"Actual Loops":1,"Shared Hit Blocks":0,"Shared Read Blocks":0,"Shared Dirtied Blocks":0,"Shared Written Blocks":0,"Local Hit Blocks":0,"Local Read Blocks":0,"Local Dirtied Blocks":0,"Local Written Blocks":0,"Temp Read Blocks":0,"Temp Written Blocks":0,"I/O Read Time":0.0,"I/O Write Time":0.0,"Temp I/O Read Time":0.0,"Temp I/O Write Time":0.0,"Subplans Removed":0,"Plans":[{"Node Type":"Custom Scan","Parent Relationship":"Member","Custom Plan Provider":"columnar scan","Parallel Aware":false,"Async Capable":false,"Relation Name":"nation","Schema":"public","Alias":"n2","Startup Cost":20.0,"Total Cost":20.05,"Plan Rows":2,"Plan Width":12,"Actual Startup Time":0.073,"Actual Total Time":0.073,"Actual Rows":2,"Actual Loops":1,"Output":["n2.n_nationkey","n2.n_name"],"Filter":"(((n2.n_name)::text = 'Cambodia'::text) OR ((n2.n_name)::text = 'Germany'::text))","Rows Removed by Filter":0,"Rows Removed by Columnar Filter":60,"Columnar cache search mode":"native","Shared Hit Blocks":0,"Shared Read Blocks":0,"Shared Dirtied Blocks":0,"Shared Written Blocks":0,"Local Hit Blocks":0,"Local Read Blocks":0,"Local Dirtied Blocks":0,"Local Written Blocks":0,"Temp Read Blocks":0,"Temp Written Blocks":0,"I/O Read Time":0.0,"I/O Write Time":0.0,"Temp I/O Read Time":0.0,"Temp I/O Write Time":0.0},{"Node Type":"Seq Scan","Parent Relationship":"Member","Parallel Aware":false,"Async Capable":false,"Relation Name":"nation","Schema":"public","Alias":"n2","Startup Cost":0.0,"Total Cost":4.01,"Plan Rows":1,"Plan Width":12,"Actual Startup Time":0.0,"Actual Total Time":0.0,"Actual Rows":0,"Actual Loops":0,"Output":["n2.n_nationkey","n2.n_name"],"Filter":"(((n2.n_name)::text = 'Cambodia'::text) OR ((n2.n_name)::text = 'Germany'::text))","Rows Removed by Filter":0,"Shared Hit Blocks":0,"Shared Read Blocks":0,"Shared Dirtied Blocks":0,"Shared Written Blocks":0,"Local Hit Blocks":0,"Local Read Blocks":0,"Local Dirtied Blocks":0,"Local Written Blocks":0,"Temp Read Blocks":0,"Temp Written Blocks":0,"I/O Read Time":0.0,"I/O Write Time":0.0,"Temp I/O Read Time":0.0,"Temp I/O Write Time":0.0}]}]}]}]}]}]}]}]},"Planning":{"Shared Hit Blocks":12,"Shared Read Blocks":0,"Shared Dirtied Blocks":0,"Shared Written Blocks":0,"Local Hit Blocks":0,"Local Read Blocks":0,"Local Dirtied Blocks":0,"Local Written Blocks":0,"Temp Read Blocks":0,"Temp Written Blocks":0,"I/O Read Time":0.0,"I/O Write Time":0.0,"Temp I/O Read Time":0.0,"Temp I/O Write Time":0.0},"Planning Time":3.559,"Triggers":[],"Execution Time":6184.597}]
[列存组合]: customer, nation, orders, stock, supplier
[{"Plan":{"Node Type":"Aggregate","Strategy":"Sorted","Partial Mode":"Simple","Parallel Aware":false,"Async Capable":false,"Startup Cost":1680361.2,"Total Cost":1680482.8,"Plan Rows":4422,"Plan Width":72,"Actual Startup Time":13284.507,"Actual Total Time":13285.776,"Actual Rows":6,"Actual Loops":1,"Output":["supplier.su_nationkey","customer.c_nationkey","(EXTRACT(year FROM orders.o_entry_d))","sum(order_line.ol_amount)"],"Group Key":["supplier.su_nationkey","customer.c_nationkey","(EXTRACT(year FROM orders.o_entry_d))"],"Shared Hit Blocks":390282,"Shared Read Blocks":0,"Shared Dirtied Blocks":0,"Shared Written Blocks":0,"Local Hit Blocks":0,"Local Read Blocks":0,"Local Dirtied Blocks":0,"Local Written Blocks":0,"Temp Read Blocks":99613,"Temp Written Blocks":99622,"I/O Read Time":0.0,"I/O Write Time":0.0,"Temp I/O Read Time":161.751,"Temp I/O Write Time":453.476,"Plans":[{"Node Type":"Sort","Parent Relationship":"Outer","Parallel Aware":false,"Async Capable":false,"Startup Cost":1680361.2,"Total Cost":1680372.25,"Plan Rows":4422,"Plan Width":44,"Actual Startup Time":13284.446,"Actual Total Time":13284.706,"Actual Rows":6043,"Actual Loops":1,"Output":["supplier.su_nationkey","customer.c_nationkey","(EXTRACT(year FROM orders.o_entry_d))","order_line.ol_amount"],"Sort Key":["supplier.su_nationkey","customer.c_nationkey","(EXTRACT(year FROM orders.o_entry_d))"],"Sort Method":"quicksort","Sort Space Used":523,"Sort Space Type":"Memory","Shared Hit Blocks":390282,"Shared Read Blocks":0,"Shared Dirtied Blocks":0,"Shared Written Blocks":0,"Local Hit Blocks":0,"Local Read Blocks":0,"Local Dirtied Blocks":0,"Local Written Blocks":0,"Temp Read Blocks":99613,"Temp Written Blocks":99622,"I/O Read Time":0.0,"I/O Write Time":0.0,"Temp I/O Read Time":161.751,"Temp I/O Write Time":453.476,"Plans":[{"Node Type":"Merge Join","Parent Relationship":"Outer","Parallel Aware":false,"Async Capable":false,"Join Type":"Inner","Startup Cost":1676001.05,"Total Cost":1680093.44,"Plan Rows":4422,"Plan Width":44,"Actual Startup Time":13131.466,"Actual Total Time":13283.002,"Actual Rows":6043,"Actual Loops":1,"Output":["supplier.su_nationkey","customer.c_nationkey","EXTRACT(year FROM orders.o_entry_d)","order_line.ol_amount"],"Merge Cond":"((orders.o_c_id = customer.c_id) AND (order_line.ol_w_id = customer.c_w_id) AND (order_line.ol_d_id = customer.c_d_id))","Join Filter":"((((n1.n_name)::text = 'Germany'::text) AND ((n2.n_name)::text = 'Cambodia'::text)) OR (((n1.n_name)::text = 'Cambodia'::text) AND ((n2.n_name)::text = 'Germany'::text)))","Rows Removed by Join Filter":5752,"Shared Hit Blocks":390282,"Shared Read Blocks":0,"Shared Dirtied Blocks":0,"Shared Written Blocks":0,"Local Hit Blocks":0,"Local Read Blocks":0,"Local Dirtied Blocks":0,"Local Written Blocks":0,"Temp Read Blocks":99613,"Temp Written Blocks":99622,"I/O Read Time":0.0,"I/O Write Time":0.0,"Temp I/O Read Time":161.751,"Temp I/O Write Time":453.476,"Plans":[{"Node Type":"Sort","Parent Relationship":"Outer","Parallel Aware":false,"Async Capable":false,"Startup Cost":1653286.38,"Total Cost":1653960.94,"Plan Rows":269824,"Plan Width":36,"Actual Startup Time":13015.969,"Actual Total Time":13086.555,"Actual Rows":242214,"Actual Loops":1,"Output":["supplier.su_nationkey","order_line.ol_amount","order_line.ol_w_id","order_line.ol_d_id","orders.o_entry_d","orders.o_w_id","orders.o_d_id","orders.o_c_id","n1.n_name"],"Sort Key":["orders.o_c_id","order_line.ol_w_id","order_line.ol_d_id"],"Sort Method":"external merge","Sort Space Used":11984,"Sort Space Type":"Disk","Shared Hit Blocks":390282,"Shared Read Blocks":0,"Shared Dirtied Blocks":0,"Shared Written Blocks":0,"Local Hit Blocks":0,"Local Read Blocks":0,"Local Dirtied Blocks":0,"Local Written Blocks":0,"Temp Read Blocks":99068,"Temp Written Blocks":99074,"I/O Read Time":0.0,"I/O Write Time":0.0,"Temp I/O Read Time":161.067,"Temp I/O Write Time":451.376,"Plans":[{"Node Type":"Hash Join","Parent Relationship":"Outer","Parallel Aware":false,"Async Capable":false,"Join Type":"Inner","Startup Cost":578698.35,"Total Cost":1621568.01,"Plan Rows":269824,"Plan Width":36,"Actual Startup Time":3008.004,"Actual Total Time":12887.86,"Actual Rows":242214,"Actual Loops":1,"Output":["supplier.su_nationkey","order_line.ol_amount","order_line.ol_w_id","order_line.ol_d_id","orders.o_entry_d","orders.o_w_id","orders.o_d_id","orders.o_c_id","n1.n_name"],"Hash Cond":"((order_line.ol_w_id = orders.o_w_id) AND (order_line.ol_d_id = orders.o_d_id) AND (order_line.ol_o_id = orders.o_id))","Shared Hit Blocks":390282,"Shared Read Blocks":0,"Shared Dirtied Blocks":0,"Shared Written Blocks":0,"Local Hit Blocks":0,"Local Read Blocks":0,"Local Dirtied Blocks":0,"Local Written Blocks":0,"Temp Read Blocks":97570,"Temp Written Blocks":97570,"I/O Read Time":0.0,"I/O Write Time":0.0,"Temp I/O Read Time":159.045,"Temp I/O Write Time":445.858,"Plans":[{"Node Type":"Hash Join","Parent Relationship":"Outer","Parallel Aware":false,"Async Capable":false,"Join Type":"Inner","Startup Cost":449103.27,"Total Cost":1468586.78,"Plan Rows":269988,"Plan Width":28,"Actual Startup Time":2099.444,"Actual Total Time":11647.702,"Actual Rows":242214,"Actual Loops":1,"Output":["supplier.su_nationkey","order_line.ol_amount","order_line.ol_w_id","order_line.ol_d_id","order_line.ol_o_id","n1.n_name"],"Hash Cond":"(supplier.su_nationkey = n1.n_nationkey)","Shared Hit Blocks":368223,"Shared Read Blocks":0,"Shared Dirtied Blocks":0,"Shared Written Blocks":0,"Local Hit Blocks":0,"Local Read Blocks":0,"Local Dirtied Blocks":0,"Local Written Blocks":0,"Temp Read Blocks":79026,"Temp Written Blocks":79026,"I/O Read Time":0.0,"I/O Write Time":0.0,"Temp I/O Read Time":129.837,"Temp I/O Write Time":363.33,"Plans":[{"Node Type":"Hash Join","Parent Relationship":"Outer","Parallel Aware":false,"Async Capable":false,"Join Type":"Inner","Startup Cost":449101.32,"Total Cost":1445112.71,"Plan Rows":8369638,"Plan Width":20,"Actual Startup Time":2097.506,"Actual Total Time":11019.34,"Actual Rows":8570498,"Actual Loops":1,"Output":["supplier.su_nationkey","order_line.ol_amount","order_line.ol_w_id","order_line.ol_d_id","order_line.ol_o_id"],"Hash Cond":"(mod((stock.s_w_id * stock.s_i_id), 10000) = supplier.su_suppkey)","Shared Hit Blocks":368222,"Shared Read Blocks":0,"Shared Dirtied Blocks":0,"Shared Written Blocks":0,"Local Hit Blocks":0,"Local Read Blocks":0,"Local Dirtied Blocks":0,"Local Written Blocks":0,"Temp Read Blocks":79026,"Temp Written Blocks":79026,"I/O Read Time":0.0,"I/O Write Time":0.0,"Temp I/O Read Time":129.837,"Temp I/O Write Time":363.33,"Plans":[{"Node Type":"Hash Join","Parent Relationship":"Outer","Parallel Aware":false,"Async Capable":false,"Join Type":"Inner","Startup Cost":448757.29,"Total Cost":1420694.79,"Plan Rows":8369638,"Plan Width":22,"Actual Startup Time":2094.423,"Actual Total Time":9329.424,"Actual Rows":8570498,"Actual Loops":1,"Output":["stock.s_w_id","stock.s_i_id","order_line.ol_amount","order_line.ol_w_id","order_line.ol_d_id","order_line.ol_o_id"],"Hash Cond":"((order_line.ol_supply_w_id = stock.s_w_id) AND (order_line.ol_i_id = stock.s_i_id))","Shared Hit Blocks":368222,"Shared Read Blocks":0,"Shared Dirtied Blocks":0,"Shared Written Blocks":0,"Local Hit Blocks":0,"Local Read Blocks":0,"Local Dirtied Blocks":0,"Local Written Blocks":0,"Temp Read Blocks":79026,"Temp Written Blocks":79026,"I/O Read Time":0.0,"I/O Write Time":0.0,"Temp I/O Read Time":129.837,"Temp I/O Write Time":363.33,"Plans":[{"Node Type":"Seq Scan","Parent Relationship":"Outer","Parallel Aware":false,"Async Capable":false,"Relation Name":"order_line","Schema":"public","Alias":"order_line","Startup Cost":0.0,"Total Cost":790850.88,"Plan Rows":8369638,"Plan Width":22,"Actual Startup Time":13.124,"Actual Total Time":2850.174,"Actual Rows":8570498,"Actual Loops":1,"Output":["order_line.ol_amount","order_line.ol_supply_w_id","order_line.ol_i_id","order_line.ol_w_id","order_line.ol_d_id","order_line.ol_o_id"],"Filter":"((order_line.ol_delivery_d >= '1995-01-02 20:10:02.27764'::timestamp without time zone) AND (order_line.ol_delivery_d <= '1997-01-01 20:10:02.27764'::timestamp without time zone))","Rows Removed by Filter":21427234,"Shared Hit Blocks":340884,"Shared Read Blocks":0,"Shared Dirtied Blocks":0,"Shared Written Blocks":0,"Local Hit Blocks":0,"Local Read Blocks":0,"Local Dirtied Blocks":0,"Local Written Blocks":0,"Temp Read Blocks":0,"Temp Written Blocks":0,"I/O Read Time":0.0,"I/O Write Time":0.0,"Temp I/O Read Time":0.0,"Temp I/O Write Time":0.0},{"Node Type":"Hash","Parent Relationship":"Inner","Parallel Aware":false,"Async Capable":false,"Startup Cost":259690.86,"Total Cost":259690.86,"Plan Rows":10000162,"Plan Width":6,"Actual Startup Time":2079.997,"Actual Total Time":2079.999,"Actual Rows":10000000,"Actual Loops":1,"Output":["stock.s_w_id","stock.s_i_id"],"Hash Buckets":262144,"Original Hash Buckets":262144,"Hash Batches":64,"Original Hash Batches":64,"Peak Memory Usage":8133,"Shared Hit Blocks":27338,"Shared Read Blocks":0,"Shared Dirtied Blocks":0,"Shared Written Blocks":0,"Local Hit Blocks":0,"Local Read Blocks":0,"Local Dirtied Blocks":0,"Local Written Blocks":0,"Temp Read Blocks":0,"Temp Written Blocks":33616,"I/O Read Time":0.0,"I/O Write Time":0.0,"Temp I/O Read Time":0.0,"Temp I/O Write Time":150.071,"Plans":[{"Node Type":"Index Only Scan","Parent Relationship":"Outer","Parallel Aware":false,"Async Capable":false,"Scan Direction":"Forward","Index Name":"stock_pk","Relation Name":"stock","Schema":"public","Alias":"stock","Startup Cost":0.43,"Total Cost":259690.86,"Plan Rows":10000162,"Plan Width":6,"Actual Startup Time":0.023,"Actual Total Time":719.922,"Actual Rows":10000000,"Actual Loops":1,"Output":["stock.s_w_id","stock.s_i_id"],"Heap Fetches":0,"Shared Hit Blocks":27338,"Shared Read Blocks":0,"Shared Dirtied Blocks":0,"Shared Written Blocks":0,"Local Hit Blocks":0,"Local Read Blocks":0,"Local Dirtied Blocks":0,"Local Written Blocks":0,"Temp Read Blocks":0,"Temp Written Blocks":0,"I/O Read Time":0.0,"I/O Write Time":0.0,"Temp I/O Read Time":0.0,"Temp I/O Write Time":0.0}]}]},{"Node Type":"Hash","Parent Relationship":"Inner","Parallel Aware":false,"Async Capable":false,"Startup Cost":219.01,"Total Cost":219.01,"Plan Rows":10001,"Plan Width":8,"Actual Startup Time":3.033,"Actual Total Time":3.036,"Actual Rows":10000,"Actual Loops":1,"Output":["supplier.su_nationkey","supplier.su_suppkey"],"Hash Buckets":16384,"Original Hash Buckets":16384,"Hash Batches":1,"Original Hash Batches":1,"Peak Memory Usage":519,"Shared Hit Blocks":0,"Shared Read Blocks":0,"Shared Dirtied Blocks":0,"Shared Written Blocks":0,"Local Hit Blocks":0,"Local Read Blocks":0,"Local Dirtied Blocks":0,"Local Written Blocks":0,"Temp Read Blocks":0,"Temp Written Blocks":0,"I/O Read Time":0.0,"I/O Write Time":0.0,"Temp I/O Read Time":0.0,"Temp I/O Write Time":0.0,"Plans":[{"Node Type":"Append","Parent Relationship":"Outer","Parallel Aware":false,"Async Capable":false,"Startup Cost":20.0,"Total Cost":219.01,"Plan Rows":10001,"Plan Width":8,"Actual Startup Time":0.026,"Actual Total Time":1.823,"Actual Rows":10000,"Actual Loops":1,"Shared Hit Blocks":0,"Shared Read Blocks":0,"Shared Dirtied Blocks":0,"Shared Written Blocks":0,"Local Hit Blocks":0,"Local Read Blocks":0,"Local Dirtied Blocks":0,"Local Written Blocks":0,"Temp Read Blocks":0,"Temp Written Blocks":0,"I/O Read Time":0.0,"I/O Write Time":0.0,"Temp I/O Read Time":0.0,"Temp I/O Write Time":0.0,"Subplans Removed":0,"Plans":[{"Node Type":"Custom Scan","Parent Relationship":"Member","Custom Plan Provider":"columnar scan","Parallel Aware":false,"Async Capable":false,"Relation Name":"supplier","Schema":"public","Alias":"supplier","Startup Cost":20.0,"Total Cost":215.0,"Plan Rows":10000,"Plan Width":8,"Actual Startup Time":0.024,"Actual Total Time":1.113,"Actual Rows":10000,"Actual Loops":1,"Output":["supplier.su_nationkey","supplier.su_suppkey"],"Rows Removed by Columnar Filter":0,"Columnar cache search mode":"native","Shared Hit Blocks":0,"Shared Read Blocks":0,"Shared Dirtied Blocks":0,"Shared Written Blocks":0,"Local Hit Blocks":0,"Local Read Blocks":0,"Local Dirtied Blocks":0,"Local Written Blocks":0,"Temp Read Blocks":0,"Temp Written Blocks":0,"I/O Read Time":0.0,"I/O Write Time":0.0,"Temp I/O Read Time":0.0,"Temp I/O Write Time":0.0},{"Node Type":"Seq Scan","Parent Relationship":"Member","Parallel Aware":false,"Async Capable":false,"Relation Name":"supplier","Schema":"public","Alias":"supplier","Startup Cost":0.0,"Total Cost":4.01,"Plan Rows":1,"Plan Width":8,"Actual Startup Time":0.0,"Actual Total Time":0.0,"Actual Rows":0,"Actual Loops":0,"Output":["supplier.su_nationkey","supplier.su_suppkey"],"Shared Hit Blocks":0,"Shared Read Blocks":0,"Shared Dirtied Blocks":0,"Shared Written Blocks":0,"Local Hit Blocks":0,"Local Read Blocks":0,"Local Dirtied Blocks":0,"Local Written Blocks":0,"Temp Read Blocks":0,"Temp Written Blocks":0,"I/O Read Time":0.0,"I/O Write Time":0.0,"Temp I/O Read Time":0.0,"Temp I/O Write Time":0.0}]}]}]},{"Node Type":"Hash","Parent Relationship":"Inner","Parallel Aware":false,"Async Capable":false,"Startup Cost":1.93,"Total Cost":1.93,"Plan Rows":2,"Plan Width":12,"Actual Startup Time":0.024,"Actual Total Time":0.024,"Actual Rows":2,"Actual Loops":1,"Output":["n1.n_nationkey","n1.n_name"],"Hash Buckets":1024,"Original Hash Buckets":1024,"Hash Batches":1,"Original Hash Batches":1,"Peak Memory Usage":9,"Shared Hit Blocks":1,"Shared Read Blocks":0,"Shared Dirtied Blocks":0,"Shared Written Blocks":0,"Local Hit Blocks":0,"Local Read Blocks":0,"Local Dirtied Blocks":0,"Local Written Blocks":0,"Temp Read Blocks":0,"Temp Written Blocks":0,"I/O Read Time":0.0,"I/O Write Time":0.0,"Temp I/O Read Time":0.0,"Temp I/O Write Time":0.0,"Plans":[{"Node Type":"Seq Scan","Parent Relationship":"Outer","Parallel Aware":false,"Async Capable":false,"Relation Name":"nation","Schema":"public","Alias":"n1","Startup Cost":0.0,"Total Cost":1.93,"Plan Rows":2,"Plan Width":12,"Actual Startup Time":0.014,"Actual Total Time":0.021,"Actual Rows":2,"Actual Loops":1,"Output":["n1.n_nationkey","n1.n_name"],"Filter":"(((n1.n_name)::text = 'Germany'::text) OR ((n1.n_name)::text = 'Cambodia'::text))","Rows Removed by Filter":60,"Shared Hit Blocks":1,"Shared Read Blocks":0,"Shared Dirtied Blocks":0,"Shared Written Blocks":0,"Local Hit Blocks":0,"Local Read Blocks":0,"Local Dirtied Blocks":0,"Local Written Blocks":0,"Temp Read Blocks":0,"Temp Written Blocks":0,"I/O Read Time":0.0,"I/O Write Time":0.0,"Temp I/O Read Time":0.0,"Temp I/O Write Time":0.0}]}]},{"Node Type":"Hash","Parent Relationship":"Inner","Parallel Aware":false,"Async Capable":false,"Startup Cost":59559.0,"Total Cost":59559.0,"Plan Rows":2998176,"Plan Width":24,"Actual Startup Time":900.305,"Actual Total Time":900.306,"Actual Rows":2997892,"Actual Loops":1,"Output":["orders.o_entry_d","orders.o_w_id","orders.o_d_id","orders.o_id","orders.o_c_id"],"Hash Buckets":131072,"Original Hash Buckets":131072,"Hash Batches":32,"Original Hash Batches":32,"Peak Memory Usage":6539,"Shared Hit Blocks":22059,"Shared Read Blocks":0,"Shared Dirtied Blocks":0,"Shared Written Blocks":0,"Local Hit Blocks":0,"Local Read Blocks":0,"Local Dirtied Blocks":0,"Local Written Blocks":0,"Temp Read Blocks":0,"Temp Written Blocks":16995,"I/O Read Time":0.0,"I/O Write Time":0.0,"Temp I/O Read Time":0.0,"Temp I/O Write Time":73.021,"Plans":[{"Node Type":"Seq Scan","Parent Relationship":"Outer","Parallel Aware":false,"Async Capable":false,"Relation Name":"orders","Schema":"public","Alias":"orders","Startup Cost":0.0,"Total Cost":59559.0,"Plan Rows":2998176,"Plan Width":24,"Actual Startup Time":0.013,"Actual Total Time":365.766,"Actual Rows":2997892,"Actual Loops":1,"Output":["orders.o_entry_d","orders.o_w_id","orders.o_d_id","orders.o_id","orders.o_c_id"],"Filter":"(orders.o_entry_d >= '1992-01-02 20:10:02.27764'::timestamp without time zone)","Rows Removed by Filter":2108,"Shared Hit Blocks":22059,"Shared Read Blocks":0,"Shared Dirtied Blocks":0,"Shared Written Blocks":0,"Local Hit Blocks":0,"Local Read Blocks":0,"Local Dirtied Blocks":0,"Local Written Blocks":0,"Temp Read Blocks":0,"Temp Written Blocks":0,"I/O Read Time":0.0,"I/O Write Time":0.0,"Temp I/O Read Time":0.0,"Temp I/O Write Time":0.0}]}]}]},{"Node Type":"Materialize","Parent Relationship":"Inner","Parallel Aware":false,"Async Capable":false,"Startup Cost":22714.58,"Total Cost":23198.41,"Plan Rows":96766,"Plan Width":20,"Actual Startup Time":115.46,"Actual Total Time":148.117,"Actual Rows":146547,"Actual Loops":1,"Output":["customer.c_nationkey","customer.c_id","customer.c_w_id","customer.c_d_id","n2.n_name"],"Shared Hit Blocks":0,"Shared Read Blocks":0,"Shared Dirtied Blocks":0,"Shared Written Blocks":0,"Local Hit Blocks":0,"Local Read Blocks":0,"Local Dirtied Blocks":0,"Local Written Blocks":0,"Temp Read Blocks":545,"Temp Written Blocks":548,"I/O Read Time":0.0,"I/O Write Time":0.0,"Temp I/O Read Time":0.684,"Temp I/O Write Time":2.1,"Plans":[{"Node Type":"Sort","Parent Relationship":"Outer","Parallel Aware":false,"Async Capable":false,"Startup Cost":22714.58,"Total Cost":22956.49,"Plan Rows":96766,"Plan Width":20,"Actual Startup Time":115.452,"Actual Total Time":132.424,"Actual Rows":144982,"Actual Loops":1,"Output":["customer.c_nationkey","customer.c_id","customer.c_w_id","customer.c_d_id","n2.n_name"],"Sort Key":["customer.c_id","customer.c_w_id","customer.c_d_id"],"Sort Method":"external merge","Sort Space Used":4360,"Sort Space Type":"Disk","Shared Hit Blocks":0,"Shared Read Blocks":0,"Shared Dirtied Blocks":0,"Shared Written Blocks":0,"Local Hit Blocks":0,"Local Read Blocks":0,"Local Dirtied Blocks":0,"Local Written Blocks":0,"Temp Read Blocks":545,"Temp Written Blocks":548,"I/O Read Time":0.0,"I/O Write Time":0.0,"Temp I/O Read Time":0.684,"Temp I/O Write Time":2.1,"Plans":[{"Node Type":"Hash Join","Parent Relationship":"Outer","Parallel Aware":false,"Async Capable":false,"Join Type":"Inner","Startup Cost":44.04,"Total Cost":12716.78,"Plan Rows":96766,"Plan Width":20,"Actual Startup Time":26.75,"Actual Total Time":66.916,"Actual Rows":144986,"Actual Loops":1,"Output":["customer.c_nationkey","customer.c_id","customer.c_w_id","customer.c_d_id","n2.n_name"],"Hash Cond":"(customer.c_nationkey = n2.n_nationkey)","Rows Removed by Bloom Filter":6506642,"Shared Hit Blocks":0,"Shared Read Blocks":0,"Shared Dirtied Blocks":0,"Shared Written Blocks":0,"Local Hit Blocks":0,"Local Read Blocks":0,"Local Dirtied Blocks":0,"Local Written Blocks":0,"Temp Read Blocks":0,"Temp Written Blocks":0,"I/O Read Time":0.0,"I/O Write Time":0.0,"Temp I/O Read Time":0.0,"Temp I/O Write Time":0.0,"Plans":[{"Node Type":"Append","Parent Relationship":"Outer","Parallel Aware":false,"Async Capable":false,"Startup Cost":20.0,"Total Cost":70517.88,"Plan Rows":2999739,"Plan Width":12,"Actual Startup Time":0.161,"Actual Total Time":0.161,"Actual Rows":3000000,"Actual Loops":1,"Shared Hit Blocks":0,"Shared Read Blocks":0,"Shared Dirtied Blocks":0,"Shared Written Blocks":0,"Local Hit Blocks":0,"Local Read Blocks":0,"Local Dirtied Blocks":0,"Local Written Blocks":0,"Temp Read Blocks":0,"Temp Written Blocks":0,"I/O Read Time":0.0,"I/O Write Time":0.0,"Temp I/O Read Time":0.0,"Temp I/O Write Time":0.0,"Subplans Removed":0,"Plans":[{"Node Type":"Custom Scan","Parent Relationship":"Member","Custom Plan Provider":"columnar scan","Parallel Aware":false,"Async Capable":false,"Relation Name":"customer","Schema":"public","Alias":"customer","Startup Cost":20.0,"Total Cost":70513.87,"Plan Rows":2999738,"Plan Width":12,"Actual Startup Time":0.16,"Actual Total Time":0.16,"Actual Rows":3000000,"Actual Loops":1,"Output":["customer.c_nationkey","customer.c_id","customer.c_w_id","customer.c_d_id"],"Rows Removed by Columnar Filter":0,"Columnar cache search mode":"native","Shared Hit Blocks":0,"Shared Read Blocks":0,"Shared Dirtied Blocks":0,"Shared Written Blocks":0,"Local Hit Blocks":0,"Local Read Blocks":0,"Local Dirtied Blocks":0,"Local Written Blocks":0,"Temp Read Blocks":0,"Temp Written Blocks":0,"I/O Read Time":0.0,"I/O Write Time":0.0,"Temp I/O Read Time":0.0,"Temp I/O Write Time":0.0},{"Node Type":"Seq Scan","Parent Relationship":"Member","Parallel Aware":false,"Async Capable":false,"Relation Name":"customer","Schema":"public","Alias":"customer","Startup Cost":0.0,"Total Cost":4.01,"Plan Rows":1,"Plan Width":12,"Actual Startup Time":0.0,"Actual Total Time":0.0,"Actual Rows":0,"Actual Loops":0,"Output":["customer.c_nationkey","customer.c_id","customer.c_w_id","customer.c_d_id"],"Shared Hit Blocks":0,"Shared Read Blocks":0,"Shared Dirtied Blocks":0,"Shared Written Blocks":0,"Local Hit Blocks":0,"Local Read Blocks":0,"Local Dirtied Blocks":0,"Local Written Blocks":0,"Temp Read Blocks":0,"Temp Written Blocks":0,"I/O Read Time":0.0,"I/O Write Time":0.0,"Temp I/O Read Time":0.0,"Temp I/O Write Time":0.0}]},{"Node Type":"Hash","Parent Relationship":"Inner","Parallel Aware":false,"Async Capable":false,"Startup Cost":24.07,"Total Cost":24.07,"Plan Rows":3,"Plan Width":12,"Actual Rows":2,"Actual Loops":1,"Output":["n2.n_nationkey","n2.n_name"],"Shared Hit Blocks":0,"Shared Read Blocks":0,"Shared Dirtied Blocks":0,"Shared Written Blocks":0,"Local Hit Blocks":0,"Local Read Blocks":0,"Local Dirtied Blocks":0,"Local Written Blocks":0,"Temp Read Blocks":0,"Temp Written Blocks":0,"I/O Read Time":0.0,"I/O Write Time":0.0,"Temp I/O Read Time":0.0,"Temp I/O Write Time":0.0,"Plans":[{"Node Type":"Append","Parent Relationship":"Outer","Parallel Aware":false,"Async Capable":false,"Startup Cost":20.0,"Total Cost":24.07,"Plan Rows":3,"Plan Width":12,"Actual Startup Time":0.089,"Actual Total Time":0.09,"Actual Rows":2,"Actual Loops":1,"Shared Hit Blocks":0,"Shared Read Blocks":0,"Shared Dirtied Blocks":0,"Shared Written Blocks":0,"Local Hit Blocks":0,"Local Read Blocks":0,"Local Dirtied Blocks":0,"Local Written Blocks":0,"Temp Read Blocks":0,"Temp Written Blocks":0,"I/O Read Time":0.0,"I/O Write Time":0.0,"Temp I/O Read Time":0.0,"Temp I/O Write Time":0.0,"Subplans Removed":0,"Plans":[{"Node Type":"Custom Scan","Parent Relationship":"Member","Custom Plan Provider":"columnar scan","Parallel Aware":false,"Async Capable":false,"Relation Name":"nation","Schema":"public","Alias":"n2","Startup Cost":20.0,"Total Cost":20.05,"Plan Rows":2,"Plan Width":12,"Actual Startup Time":0.086,"Actual Total Time":0.086,"Actual Rows":2,"Actual Loops":1,"Output":["n2.n_nationkey","n2.n_name"],"Filter":"(((n2.n_name)::text = 'Cambodia'::text) OR ((n2.n_name)::text = 'Germany'::text))","Rows Removed by Filter":0,"Rows Removed by Columnar Filter":60,"Columnar cache search mode":"native","Shared Hit Blocks":0,"Shared Read Blocks":0,"Shared Dirtied Blocks":0,"Shared Written Blocks":0,"Local Hit Blocks":0,"Local Read Blocks":0,"Local Dirtied Blocks":0,"Local Written Blocks":0,"Temp Read Blocks":0,"Temp Written Blocks":0,"I/O Read Time":0.0,"I/O Write Time":0.0,"Temp I/O Read Time":0.0,"Temp I/O Write Time":0.0},{"Node Type":"Seq Scan","Parent Relationship":"Member","Parallel Aware":false,"Async Capable":false,"Relation Name":"nation","Schema":"public","Alias":"n2","Startup Cost":0.0,"Total Cost":4.01,"Plan Rows":1,"Plan Width":12,"Actual Startup Time":0.0,"Actual Total Time":0.0,"Actual Rows":0,"Actual Loops":0,"Output":["n2.n_nationkey","n2.n_name"],"Filter":"(((n2.n_name)::text = 'Cambodia'::text) OR ((n2.n_name)::text = 'Germany'::text))","Rows Removed by Filter":0,"Shared Hit Blocks":0,"Shared Read Blocks":0,"Shared Dirtied Blocks":0,"Shared Written Blocks":0,"Local Hit Blocks":0,"Local Read Blocks":0,"Local Dirtied Blocks":0,"Local Written Blocks":0,"Temp Read Blocks":0,"Temp Written Blocks":0,"I/O Read Time":0.0,"I/O Write Time":0.0,"Temp I/O Read Time":0.0,"Temp I/O Write Time":0.0}]}]}]}]}]}]}]}]},"Planning":{"Shared Hit Blocks":12,"Shared Read Blocks":0,"Shared Dirtied Blocks":0,"Shared Written Blocks":0,"Local Hit Blocks":0,"Local Read Blocks":0,"Local Dirtied Blocks":0,"Local Written Blocks":0,"Temp Read Blocks":0,"Temp Written Blocks":0,"I/O Read Time":0.0,"I/O Write Time":0.0,"Temp I/O Read Time":0.0,"Temp I/O Write Time":0.0},"Planning Time":3.298,"Triggers":[],"Execution Time":13288.361}]
[列存组合]: customer, order_line, orders, stock, supplier
[{"Plan":{"Node Type":"Aggregate","Strategy":"Sorted","Partial Mode":"Simple","Parallel Aware":false,"Async Capable":false,"Startup Cost":722017.5,"Total Cost":722139.11,"Plan Rows":4422,"Plan Width":72,"Actual Startup Time":5966.258,"Actual Total Time":5968.221,"Actual Rows":6,"Actual Loops":1,"Output":["supplier.su_nationkey","customer.c_nationkey","(EXTRACT(year FROM orders.o_entry_d))","sum(order_line.ol_amount)"],"Group Key":["supplier.su_nationkey","customer.c_nationkey","(EXTRACT(year FROM orders.o_entry_d))"],"Shared Hit Blocks":2,"Shared Read Blocks":0,"Shared Dirtied Blocks":0,"Shared Written Blocks":0,"Local Hit Blocks":0,"Local Read Blocks":0,"Local Dirtied Blocks":0,"Local Written Blocks":0,"Temp Read Blocks":0,"Temp Written Blocks":0,"I/O Read Time":0.0,"I/O Write Time":0.0,"Temp I/O Read Time":0.0,"Temp I/O Write Time":0.0,"Plans":[{"Node Type":"Sort","Parent Relationship":"Outer","Parallel Aware":false,"Async Capable":false,"Startup Cost":722017.5,"Total Cost":722028.56,"Plan Rows":4422,"Plan Width":44,"Actual Startup Time":5966.175,"Actual Total Time":5966.574,"Actual Rows":6043,"Actual Loops":1,"Output":["supplier.su_nationkey","customer.c_nationkey","(EXTRACT(year FROM orders.o_entry_d))","order_line.ol_amount"],"Sort Key":["supplier.su_nationkey","customer.c_nationkey","(EXTRACT(year FROM orders.o_entry_d))"],"Sort Method":"quicksort","Sort Space Used":523,"Sort Space Type":"Memory","Shared Hit Blocks":2,"Shared Read Blocks":0,"Shared Dirtied Blocks":0,"Shared Written Blocks":0,"Local Hit Blocks":0,"Local Read Blocks":0,"Local Dirtied Blocks":0,"Local Written Blocks":0,"Temp Read Blocks":0,"Temp Written Blocks":0,"I/O Read Time":0.0,"I/O Write Time":0.0,"Temp I/O Read Time":0.0,"Temp I/O Write Time":0.0,"Plans":[{"Node Type":"Hash Join","Parent Relationship":"Outer","Parallel Aware":false,"Async Capable":false,"Join Type":"Inner","Startup Cost":50199.73,"Total Cost":721749.74,"Plan Rows":4422,"Plan Width":44,"Actual Startup Time":794.725,"Actual Total Time":5962.308,"Actual Rows":6043,"Actual Loops":1,"Output":["supplier.su_nationkey","customer.c_nationkey","EXTRACT(year FROM orders.o_entry_d)","order_line.ol_amount"],"Hash Cond":"(supplier.su_nationkey = n1.n_nationkey)","Join Filter":"((((n1.n_name)::text = 'Germany'::text) AND ((n2.n_name)::text = 'Cambodia'::text)) OR (((n1.n_name)::text = 'Cambodia'::text) AND ((n2.n_name)::text = 'Germany'::text)))","Rows Removed by Join Filter":5752,"Shared Hit Blocks":2,"Shared Read Blocks":0,"Shared Dirtied Blocks":0,"Shared Written Blocks":0,"Local Hit Blocks":0,"Local Read Blocks":0,"Local Dirtied Blocks":0,"Local Written Blocks":0,"Temp Read Blocks":0,"Temp Written Blocks":0,"I/O Read Time":0.0,"I/O Write Time":0.0,"Temp I/O Read Time":0.0,"Temp I/O Write Time":0.0,"Plans":[{"Node Type":"Hash Join","Parent Relationship":"Outer","Parallel Aware":false,"Async Capable":false,"Join Type":"Inner","Startup Cost":50197.77,"Total Cost":721028.4,"Plan Rows":269824,"Plan Width":28,"Actual Startup Time":794.168,"Actual Total Time":5897.978,"Actual Rows":414592,"Actual Loops":1,"Output":["supplier.su_nationkey","order_line.ol_amount","orders.o_entry_d","customer.c_nationkey","n2.n_name"],"Hash Cond":"(mod((stock.s_w_id * stock.s_i_id), 10000) = supplier.su_suppkey)","Shared Hit Blocks":1,"Shared Read Blocks":0,"Shared Dirtied Blocks":0,"Shared Written Blocks":0,"Local Hit Blocks":0,"Local Read Blocks":0,"Local Dirtied Blocks":0,"Local Written Blocks":0,"Temp Read Blocks":0,"Temp Written Blocks":0,"I/O Read Time":0.0,"I/O Write Time":0.0,"Temp I/O Read Time":0.0,"Temp I/O Write Time":0.0,"Plans":[{"Node Type":"Hash Join","Parent Relationship":"Outer","Parallel Aware":false,"Async Capable":false,"Join Type":"Inner","Startup Cost":49853.75,"Total Cost":719908.27,"Plan Rows":269824,"Plan Width":30,"Actual Startup Time":791.015,"Actual Total Time":5704.545,"Actual Rows":414592,"Actual Loops":1,"Output":["stock.s_w_id","stock.s_i_id","order_line.ol_amount","orders.o_entry_d","customer.c_nationkey","n2.n_name"],"Hash Cond":"(customer.c_nationkey = n2.n_nationkey)","Shared Hit Blocks":1,"Shared Read Blocks":0,"Shared Dirtied Blocks":0,"Shared Written Blocks":0,"Local Hit Blocks":0,"Local Read Blocks":0,"Local Dirtied Blocks":0,"Local Written Blocks":0,"Temp Read Blocks":0,"Temp Written Blocks":0,"I/O Read Time":0.0,"I/O Write Time":0.0,"Temp I/O Read Time":0.0,"Temp I/O Write Time":0.0,"Plans":[{"Node Type":"Hash Join","Parent Relationship":"Outer","Parallel Aware":false,"Async Capable":false,"Join Type":"Inner","Startup Cost":49851.79,"Total Cost":696448.48,"Plan Rows":8364549,"Plan Width":22,"Actual Startup Time":790.973,"Actual Total Time":4486.19,"Actual Rows":8570498,"Actual Loops":1,"Output":["stock.s_w_id","stock.s_i_id","order_line.ol_amount","orders.o_entry_d","customer.c_nationkey"],"Hash Cond":"((order_line.ol_w_id = customer.c_w_id) AND (order_line.ol_d_id = customer.c_d_id) AND (orders.o_c_id = customer.c_id))","Rows Removed by Bloom Filter":0,"Shared Hit Blocks":0,"Shared Read Blocks":0,"Shared Dirtied Blocks":0,"Shared Written Blocks":0,"Local Hit Blocks":0,"Local Read Blocks":0,"Local Dirtied Blocks":0,"Local Written Blocks":0,"Temp Read Blocks":0,"Temp Written Blocks":0,"I/O Read Time":0.0,"I/O Write Time":0.0,"Temp I/O Read Time":0.0,"Temp I/O Write Time":0.0,"Plans":[{"Node Type":"Hash Join","Parent Relationship":"Outer","Parallel Aware":false,"Async Capable":false,"Join Type":"Inner","Startup Cost":39594.74,"Total Cost":591406.12,"Plan Rows":8364549,"Plan Width":30,"Actual Startup Time":13.949,"Actual Total Time":13.96,"Actual Rows":0,"Actual Loops":1,"Output":["stock.s_w_id","stock.s_i_id","order_line.ol_amount","order_line.ol_w_id","order_line.ol_d_id","orders.o_entry_d","orders.o_w_id","orders.o_d_id","orders.o_c_id"],"Hash Cond":"((order_line.ol_supply_w_id = stock.s_w_id) AND (order_line.ol_i_id = stock.s_i_id))","Rows Removed by Bloom Filter":0,"Shared Hit Blocks":0,"Shared Read Blocks":0,"Shared Dirtied Blocks":0,"Shared Written Blocks":0,"Local Hit Blocks":0,"Local Read Blocks":0,"Local Dirtied Blocks":0,"Local Written Blocks":0,"Temp Read Blocks":0,"Temp Written Blocks":0,"I/O Read Time":0.0,"I/O Write Time":0.0,"Temp I/O Read Time":0.0,"Temp I/O Write Time":0.0,"Plans":[{"Node Type":"Hash Join","Parent Relationship":"Outer","Parallel Aware":false,"Async Capable":false,"Join Type":"Inner","Startup Cost":10291.72,"Total Cost":260799.24,"Plan Rows":8364549,"Plan Width":30,"Actual Startup Time":13.705,"Actual Total Time":13.714,"Actual Rows":0,"Actual Loops":1,"Output":["order_line.ol_amount","order_line.ol_supply_w_id","order_line.ol_i_id","order_line.ol_w_id","order_line.ol_d_id","orders.o_entry_d","orders.o_w_id","orders.o_d_id","orders.o_c_id"],"Hash Cond":"((order_line.ol_w_id = orders.o_w_id) AND (order_line.ol_d_id = orders.o_d_id) AND (order_line.ol_o_id = orders.o_id))","Rows Removed by Bloom Filter":0,"Shared Hit Blocks":0,"Shared Read Blocks":0,"Shared Dirtied Blocks":0,"Shared Written Blocks":0,"Local Hit Blocks":0,"Local Read Blocks":0,"Local Dirtied Blocks":0,"Local Written Blocks":0,"Temp Read Blocks":0,"Temp Written Blocks":0,"I/O Read Time":0.0,"I/O Write Time":0.0,"Temp I/O Read Time":0.0,"Temp I/O Write Time":0.0,"Plans":[{"Node Type":"Append","Parent Relationship":"Outer","Parallel Aware":false,"Async Capable":false,"Startup Cost":20.0,"Total Cost":230190.58,"Plan Rows":8369638,"Plan Width":22,"Actual Startup Time":12.033,"Actual Total Time":12.039,"Actual Rows":8570498,"Actual Loops":1,"Shared Hit Blocks":0,"Shared Read Blocks":0,"Shared Dirtied Blocks":0,"Shared Written Blocks":0,"Local Hit Blocks":0,"Local Read Blocks":0,"Local Dirtied Blocks":0,"Local Written Blocks":0,"Temp Read Blocks":0,"Temp Written Blocks":0,"I/O Read Time":0.0,"I/O Write Time":0.0,"Temp I/O Read Time":0.0,"Temp I/O Write Time":0.0,"Subplans Removed":0,"Plans":[{"Node Type":"Custom Scan","Parent Relationship":"Member","Custom Plan Provider":"columnar scan","Parallel Aware":false,"Async Capable":false,"Relation Name":"order_line","Schema":"public","Alias":"order_line","Startup Cost":20.0,"Total Cost":230185.68,"Plan Rows":8369621,"Plan Width":22,"Actual Startup Time":12.032,"Actual Total Time":12.033,"Actual Rows":8570498,"Actual Loops":1,"Output":["order_line.ol_amount","order_line.ol_supply_w_id","order_line.ol_i_id","order_line.ol_w_id","order_line.ol_d_id","order_line.ol_o_id"],"Filter":"((order_line.ol_delivery_d <= '1997-01-01 20:10:02.27764'::timestamp without time zone) AND (order_line.ol_delivery_d >= '1995-01-02 20:10:02.27764'::timestamp without time zone))","Rows Removed by Filter":0,"Rows Removed by Columnar Filter":21427234,"Columnar cache search mode":"native","Shared Hit Blocks":0,"Shared Read Blocks":0,"Shared Dirtied Blocks":0,"Shared Written Blocks":0,"Local Hit Blocks":0,"Local Read Blocks":0,"Local Dirtied Blocks":0,"Local Written Blocks":0,"Temp Read Blocks":0,"Temp Written Blocks":0,"I/O Read Time":0.0,"I/O Write Time":0.0,"Temp I/O Read Time":0.0,"Temp I/O Write Time":0.0},{"Node Type":"Seq Scan","Parent Relationship":"Member","Parallel Aware":false,"Async Capable":false,"Relation Name":"order_line","Schema":"public","Alias":"order_line","Startup Cost":0.0,"Total Cost":4.9,"Plan Rows":17,"Plan Width":22,"Actual Startup Time":0.0,"Actual Total Time":0.0,"Actual Rows":0,"Actual Loops":0,"Output":["order_line.ol_amount","order_line.ol_supply_w_id","order_line.ol_i_id","order_line.ol_w_id","order_line.ol_d_id","order_line.ol_o_id"],"Filter":"((order_line.ol_delivery_d <= '1997-01-01 20:10:02.27764'::timestamp without time zone) AND (order_line.ol_delivery_d >= '1995-01-02 20:10:02.27764'::timestamp without time zone))","Rows Removed by Filter":0,"Shared Hit Blocks":0,"Shared Read Blocks":0,"Shared Dirtied Blocks":0,"Shared Written Blocks":0,"Local Hit Blocks":0,"Local Read Blocks":0,"Local Dirtied Blocks":0,"Local Written Blocks":0,"Temp Read Blocks":0,"Temp Written Blocks":0,"I/O Read Time":0.0,"I/O Write Time":0.0,"Temp I/O Read Time":0.0,"Temp I/O Write Time":0.0}]},{"Node Type":"Hash","Parent Relationship":"Inner","Parallel Aware":false,"Async Capable":false,"Startup Cost":76477.53,"Total Cost":76477.53,"Plan Rows":2998177,"Plan Width":24,"Actual Rows":2997892,"Actual Loops":1,"Output":["orders.o_entry_d","orders.o_w_id","orders.o_d_id","orders.o_id","orders.o_c_id"],"Shared Hit Blocks":0,"Shared Read Blocks":0,"Shared Dirtied Blocks":0,"Shared Written Blocks":0,"Local Hit Blocks":0,"Local Read Blocks":0,"Local Dirtied Blocks":0,"Local Written Blocks":0,"Temp Read Blocks":0,"Temp Written Blocks":0,"I/O Read Time":0.0,"I/O Write Time":0.0,"Temp I/O Read Time":0.0,"Temp I/O Write Time":0.0,"Plans":[{"Node Type":"Append","Parent Relationship":"Outer","Parallel Aware":false,"Async Capable":false,"Startup Cost":20.0,"Total Cost":76477.53,"Plan Rows":2998177,"Plan Width":24,"Actual Startup Time":1.586,"Actual Total Time":1.587,"Actual Rows":2997892,"Actual Loops":1,"Shared Hit Blocks":0,"Shared Read Blocks":0,"Shared Dirtied Blocks":0,"Shared Written Blocks":0,"Local Hit Blocks":0,"Local Read Blocks":0,"Local Dirtied Blocks":0,"Local Written Blocks":0,"Temp Read Blocks":0,"Temp Written Blocks":0,"I/O Read Time":0.0,"I/O Write Time":0.0,"Temp I/O Read Time":0.0,"Temp I/O Write Time":0.0,"Subplans Removed":0,"Plans":[{"Node Type":"Custom Scan","Parent Relationship":"Member","Custom Plan Provider":"columnar scan","Parallel Aware":false,"Async Capable":false,"Relation Name":"orders","Schema":"public","Alias":"orders","Startup Cost":20.0,"Total Cost":76473.52,"Plan Rows":2998176,"Plan Width":24,"Actual Startup Time":1.586,"Actual Total Time":1.586,"Actual Rows":2997892,"Actual Loops":1,"Output":["orders.o_entry_d","orders.o_w_id","orders.o_d_id","orders.o_id","orders.o_c_id"],"Filter":"(orders.o_entry_d >= '1992-01-02 20:10:02.27764'::timestamp without time zone)","Rows Removed by Filter":0,"Rows Removed by Columnar Filter":2108,"Columnar cache search mode":"native","Shared Hit Blocks":0,"Shared Read Blocks":0,"Shared Dirtied Blocks":0,"Shared Written Blocks":0,"Local Hit Blocks":0,"Local Read Blocks":0,"Local Dirtied Blocks":0,"Local Written Blocks":0,"Temp Read Blocks":0,"Temp Written Blocks":0,"I/O Read Time":0.0,"I/O Write Time":0.0,"Temp I/O Read Time":0.0,"Temp I/O Write Time":0.0},{"Node Type":"Seq Scan","Parent Relationship":"Member","Parallel Aware":false,"Async Capable":false,"Relation Name":"orders","Schema":"public","Alias":"orders","Startup Cost":0.0,"Total Cost":4.01,"Plan Rows":1,"Plan Width":24,"Actual Startup Time":0.0,"Actual Total Time":0.0,"Actual Rows":0,"Actual Loops":0,"Output":["orders.o_entry_d","orders.o_w_id","orders.o_d_id","orders.o_id","orders.o_c_id"],"Filter":"(orders.o_entry_d >= '1992-01-02 20:10:02.27764'::timestamp without time zone)","Rows Removed by Filter":0,"Shared Hit Blocks":0,"Shared Read Blocks":0,"Shared Dirtied Blocks":0,"Shared Written Blocks":0,"Local Hit Blocks":0,"Local Read Blocks":0,"Local Dirtied Blocks":0,"Local Written Blocks":0,"Temp Read Blocks":0,"Temp Written Blocks":0,"I/O Read Time":0.0,"I/O Write Time":0.0,"Temp I/O Read Time":0.0,"Temp I/O Write Time":0.0}]}]}]},{"Node Type":"Hash","Parent Relationship":"Inner","Parallel Aware":false,"Async Capable":false,"Startup Cost":195025.67,"Total Cost":195025.67,"Plan Rows":10000162,"Plan Width":6,"Actual Rows":10000000,"Actual Loops":1,"Output":["stock.s_w_id","stock.s_i_id"],"Shared Hit Blocks":0,"Shared Read Blocks":0,"Shared Dirtied Blocks":0,"Shared Written Blocks":0,"Local Hit Blocks":0,"Local Read Blocks":0,"Local Dirtied Blocks":0,"Local Written Blocks":0,"Temp Read Blocks":0,"Temp Written Blocks":0,"I/O Read Time":0.0,"I/O Write Time":0.0,"Temp I/O Read Time":0.0,"Temp I/O Write Time":0.0,"Plans":[{"Node Type":"Append","Parent Relationship":"Outer","Parallel Aware":false,"Async Capable":false,"Startup Cost":20.0,"Total Cost":195025.67,"Plan Rows":10000162,"Plan Width":6,"Actual Startup Time":0.182,"Actual Total Time":0.184,"Actual Rows":10000000,"Actual Loops":1,"Shared Hit Blocks":0,"Shared Read Blocks":0,"Shared Dirtied Blocks":0,"Shared Written Blocks":0,"Local Hit Blocks":0,"Local Read Blocks":0,"Local Dirtied Blocks":0,"Local Written Blocks":0,"Temp Read Blocks":0,"Temp Written Blocks":0,"I/O Read Time":0.0,"I/O Write Time":0.0,"Temp I/O Read Time":0.0,"Temp I/O Write Time":0.0,"Subplans Removed":0,"Plans":[{"Node Type":"Custom Scan","Parent Relationship":"Member","Custom Plan Provider":"columnar scan","Parallel Aware":false,"Async Capable":false,"Relation Name":"stock","Schema":"public","Alias":"stock","Startup Cost":20.0,"Total Cost":195020.05,"Plan Rows":10000000,"Plan Width":6,"Actual Startup Time":0.182,"Actual Total Time":0.182,"Actual Rows":10000000,"Actual Loops":1,"Output":["stock.s_w_id","stock.s_i_id"],"Rows Removed by Columnar Filter":0,"Columnar cache search mode":"native","Shared Hit Blocks":0,"Shared Read Blocks":0,"Shared Dirtied Blocks":0,"Shared Written Blocks":0,"Local Hit Blocks":0,"Local Read Blocks":0,"Local Dirtied Blocks":0,"Local Written Blocks":0,"Temp Read Blocks":0,"Temp Written Blocks":0,"I/O Read Time":0.0,"I/O Write Time":0.0,"Temp I/O Read Time":0.0,"Temp I/O Write Time":0.0},{"Node Type":"Seq Scan","Parent Relationship":"Member","Parallel Aware":false,"Async Capable":false,"Relation Name":"stock","Schema":"public","Alias":"stock","Startup Cost":0.0,"Total Cost":5.62,"Plan Rows":162,"Plan Width":6,"Actual Startup Time":0.0,"Actual Total Time":0.0,"Actual Rows":0,"Actual Loops":0,"Output":["stock.s_w_id","stock.s_i_id"],"Shared Hit Blocks":0,"Shared Read Blocks":0,"Shared Dirtied Blocks":0,"Shared Written Blocks":0,"Local Hit Blocks":0,"Local Read Blocks":0,"Local Dirtied Blocks":0,"Local Written Blocks":0,"Temp Read Blocks":0,"Temp Written Blocks":0,"I/O Read Time":0.0,"I/O Write Time":0.0,"Temp I/O Read Time":0.0,"Temp I/O Write Time":0.0}]}]}]},{"Node Type":"Hash","Parent Relationship":"Inner","Parallel Aware":false,"Async Capable":false,"Startup Cost":70517.88,"Total Cost":70517.88,"Plan Rows":2999739,"Plan Width":12,"Actual Rows":3000000,"Actual Loops":1,"Output":["customer.c_nationkey","customer.c_id","customer.c_w_id","customer.c_d_id"],"Shared Hit Blocks":0,"Shared Read Blocks":0,"Shared Dirtied Blocks":0,"Shared Written Blocks":0,"Local Hit Blocks":0,"Local Read Blocks":0,"Local Dirtied Blocks":0,"Local Written Blocks":0,"Temp Read Blocks":0,"Temp Written Blocks":0,"I/O Read Time":0.0,"I/O Write Time":0.0,"Temp I/O Read Time":0.0,"Temp I/O Write Time":0.0,"Plans":[{"Node Type":"Append","Parent Relationship":"Outer","Parallel Aware":false,"Async Capable":false,"Startup Cost":20.0,"Total Cost":70517.88,"Plan Rows":2999739,"Plan Width":12,"Actual Startup Time":0.106,"Actual Total Time":0.107,"Actual Rows":3000000,"Actual Loops":1,"Shared Hit Blocks":0,"Shared Read Blocks":0,"Shared Dirtied Blocks":0,"Shared Written Blocks":0,"Local Hit Blocks":0,"Local Read Blocks":0,"Local Dirtied Blocks":0,"Local Written Blocks":0,"Temp Read Blocks":0,"Temp Written Blocks":0,"I/O Read Time":0.0,"I/O Write Time":0.0,"Temp I/O Read Time":0.0,"Temp I/O Write Time":0.0,"Subplans Removed":0,"Plans":[{"Node Type":"Custom Scan","Parent Relationship":"Member","Custom Plan Provider":"columnar scan","Parallel Aware":false,"Async Capable":false,"Relation Name":"customer","Schema":"public","Alias":"customer","Startup Cost":20.0,"Total Cost":70513.87,"Plan Rows":2999738,"Plan Width":12,"Actual Startup Time":0.106,"Actual Total Time":0.106,"Actual Rows":3000000,"Actual Loops":1,"Output":["customer.c_nationkey","customer.c_id","customer.c_w_id","customer.c_d_id"],"Rows Removed by Columnar Filter":0,"Columnar cache search mode":"native","Shared Hit Blocks":0,"Shared Read Blocks":0,"Shared Dirtied Blocks":0,"Shared Written Blocks":0,"Local Hit Blocks":0,"Local Read Blocks":0,"Local Dirtied Blocks":0,"Local Written Blocks":0,"Temp Read Blocks":0,"Temp Written Blocks":0,"I/O Read Time":0.0,"I/O Write Time":0.0,"Temp I/O Read Time":0.0,"Temp I/O Write Time":0.0},{"Node Type":"Seq Scan","Parent Relationship":"Member","Parallel Aware":false,"Async Capable":false,"Relation Name":"customer","Schema":"public","Alias":"customer","Startup Cost":0.0,"Total Cost":4.01,"Plan Rows":1,"Plan Width":12,"Actual Startup Time":0.0,"Actual Total Time":0.0,"Actual Rows":0,"Actual Loops":0,"Output":["customer.c_nationkey","customer.c_id","customer.c_w_id","customer.c_d_id"],"Shared Hit Blocks":0,"Shared Read Blocks":0,"Shared Dirtied Blocks":0,"Shared Written Blocks":0,"Local Hit Blocks":0,"Local Read Blocks":0,"Local Dirtied Blocks":0,"Local Written Blocks":0,"Temp Read Blocks":0,"Temp Written Blocks":0,"I/O Read Time":0.0,"I/O Write Time":0.0,"Temp I/O Read Time":0.0,"Temp I/O Write Time":0.0}]}]}]},{"Node Type":"Hash","Parent Relationship":"Inner","Parallel Aware":false,"Async Capable":false,"Startup Cost":1.93,"Total Cost":1.93,"Plan Rows":2,"Plan Width":12,"Actual Startup Time":0.012,"Actual Total Time":0.012,"Actual Rows":2,"Actual Loops":1,"Output":["n2.n_nationkey","n2.n_name"],"Hash Buckets":1024,"Original Hash Buckets":1024,"Hash Batches":1,"Original Hash Batches":1,"Peak Memory Usage":9,"Shared Hit Blocks":1,"Shared Read Blocks":0,"Shared Dirtied Blocks":0,"Shared Written Blocks":0,"Local Hit Blocks":0,"Local Read Blocks":0,"Local Dirtied Blocks":0,"Local Written Blocks":0,"Temp Read Blocks":0,"Temp Written Blocks":0,"I/O Read Time":0.0,"I/O Write Time":0.0,"Temp I/O Read Time":0.0,"Temp I/O Write Time":0.0,"Plans":[{"Node Type":"Seq Scan","Parent Relationship":"Outer","Parallel Aware":false,"Async Capable":false,"Relation Name":"nation","Schema":"public","Alias":"n2","Startup Cost":0.0,"Total Cost":1.93,"Plan Rows":2,"Plan Width":12,"Actual Startup Time":0.005,"Actual Total Time":0.01,"Actual Rows":2,"Actual Loops":1,"Output":["n2.n_nationkey","n2.n_name"],"Filter":"(((n2.n_name)::text = 'Cambodia'::text) OR ((n2.n_name)::text = 'Germany'::text))","Rows Removed by Filter":60,"Shared Hit Blocks":1,"Shared Read Blocks":0,"Shared Dirtied Blocks":0,"Shared Written Blocks":0,"Local Hit Blocks":0,"Local Read Blocks":0,"Local Dirtied Blocks":0,"Local Written Blocks":0,"Temp Read Blocks":0,"Temp Written Blocks":0,"I/O Read Time":0.0,"I/O Write Time":0.0,"Temp I/O Read Time":0.0,"Temp I/O Write Time":0.0}]}]},{"Node Type":"Hash","Parent Relationship":"Inner","Parallel Aware":false,"Async Capable":false,"Startup Cost":219.01,"Total Cost":219.01,"Plan Rows":10001,"Plan Width":8,"Actual Startup Time":3.092,"Actual Total Time":3.093,"Actual Rows":10000,"Actual Loops":1,"Output":["supplier.su_nationkey","supplier.su_suppkey"],"Hash Buckets":16384,"Original Hash Buckets":16384,"Hash Batches":1,"Original Hash Batches":1,"Peak Memory Usage":519,"Shared Hit Blocks":0,"Shared Read Blocks":0,"Shared Dirtied Blocks":0,"Shared Written Blocks":0,"Local Hit Blocks":0,"Local Read Blocks":0,"Local Dirtied Blocks":0,"Local Written Blocks":0,"Temp Read Blocks":0,"Temp Written Blocks":0,"I/O Read Time":0.0,"I/O Write Time":0.0,"Temp I/O Read Time":0.0,"Temp I/O Write Time":0.0,"Plans":[{"Node Type":"Append","Parent Relationship":"Outer","Parallel Aware":false,"Async Capable":false,"Startup Cost":20.0,"Total Cost":219.01,"Plan Rows":10001,"Plan Width":8,"Actual Startup Time":0.012,"Actual Total Time":1.769,"Actual Rows":10000,"Actual Loops":1,"Shared Hit Blocks":0,"Shared Read Blocks":0,"Shared Dirtied Blocks":0,"Shared Written Blocks":0,"Local Hit Blocks":0,"Local Read Blocks":0,"Local Dirtied Blocks":0,"Local Written Blocks":0,"Temp Read Blocks":0,"Temp Written Blocks":0,"I/O Read Time":0.0,"I/O Write Time":0.0,"Temp I/O Read Time":0.0,"Temp I/O Write Time":0.0,"Subplans Removed":0,"Plans":[{"Node Type":"Custom Scan","Parent Relationship":"Member","Custom Plan Provider":"columnar scan","Parallel Aware":false,"Async Capable":false,"Relation Name":"supplier","Schema":"public","Alias":"supplier","Startup Cost":20.0,"Total Cost":215.0,"Plan Rows":10000,"Plan Width":8,"Actual Startup Time":0.011,"Actual Total Time":1.062,"Actual Rows":10000,"Actual Loops":1,"Output":["supplier.su_nationkey","supplier.su_suppkey"],"Rows Removed by Columnar Filter":0,"Columnar cache search mode":"native","Shared Hit Blocks":0,"Shared Read Blocks":0,"Shared Dirtied Blocks":0,"Shared Written Blocks":0,"Local Hit Blocks":0,"Local Read Blocks":0,"Local Dirtied Blocks":0,"Local Written Blocks":0,"Temp Read Blocks":0,"Temp Written Blocks":0,"I/O Read Time":0.0,"I/O Write Time":0.0,"Temp I/O Read Time":0.0,"Temp I/O Write Time":0.0},{"Node Type":"Seq Scan","Parent Relationship":"Member","Parallel Aware":false,"Async Capable":false,"Relation Name":"supplier","Schema":"public","Alias":"supplier","Startup Cost":0.0,"Total Cost":4.01,"Plan Rows":1,"Plan Width":8,"Actual Startup Time":0.0,"Actual Total Time":0.0,"Actual Rows":0,"Actual Loops":0,"Output":["supplier.su_nationkey","supplier.su_suppkey"],"Shared Hit Blocks":0,"Shared Read Blocks":0,"Shared Dirtied Blocks":0,"Shared Written Blocks":0,"Local Hit Blocks":0,"Local Read Blocks":0,"Local Dirtied Blocks":0,"Local Written Blocks":0,"Temp Read Blocks":0,"Temp Written Blocks":0,"I/O Read Time":0.0,"I/O Write Time":0.0,"Temp I/O Read Time":0.0,"Temp I/O Write Time":0.0}]}]}]},{"Node Type":"Hash","Parent Relationship":"Inner","Parallel Aware":false,"Async Capable":false,"Startup Cost":1.93,"Total Cost":1.93,"Plan Rows":2,"Plan Width":12,"Actual Startup Time":0.022,"Actual Total Time":0.022,"Actual Rows":2,"Actual Loops":1,"Output":["n1.n_nationkey","n1.n_name"],"Hash Buckets":1024,"Original Hash Buckets":1024,"Hash Batches":1,"Original Hash Batches":1,"Peak Memory Usage":9,"Shared Hit Blocks":1,"Shared Read Blocks":0,"Shared Dirtied Blocks":0,"Shared Written Blocks":0,"Local Hit Blocks":0,"Local Read Blocks":0,"Local Dirtied Blocks":0,"Local Written Blocks":0,"Temp Read Blocks":0,"Temp Written Blocks":0,"I/O Read Time":0.0,"I/O Write Time":0.0,"Temp I/O Read Time":0.0,"Temp I/O Write Time":0.0,"Plans":[{"Node Type":"Seq Scan","Parent Relationship":"Outer","Parallel Aware":false,"Async Capable":false,"Relation Name":"nation","Schema":"public","Alias":"n1","Startup Cost":0.0,"Total Cost":1.93,"Plan Rows":2,"Plan Width":12,"Actual Startup Time":0.013,"Actual Total Time":0.018,"Actual Rows":2,"Actual Loops":1,"Output":["n1.n_nationkey","n1.n_name"],"Filter":"(((n1.n_name)::text = 'Germany'::text) OR ((n1.n_name)::text = 'Cambodia'::text))","Rows Removed by Filter":60,"Shared Hit Blocks":1,"Shared Read Blocks":0,"Shared Dirtied Blocks":0,"Shared Written Blocks":0,"Local Hit Blocks":0,"Local Read Blocks":0,"Local Dirtied Blocks":0,"Local Written Blocks":0,"Temp Read Blocks":0,"Temp Written Blocks":0,"I/O Read Time":0.0,"I/O Write Time":0.0,"Temp I/O Read Time":0.0,"Temp I/O Write Time":0.0}]}]}]}]},"Planning":{"Shared Hit Blocks":12,"Shared Read Blocks":0,"Shared Dirtied Blocks":0,"Shared Written Blocks":0,"Local Hit Blocks":0,"Local Read Blocks":0,"Local Dirtied Blocks":0,"Local Written Blocks":0,"Temp Read Blocks":0,"Temp Written Blocks":0,"I/O Read Time":0.0,"I/O Write Time":0.0,"Temp I/O Read Time":0.0,"Temp I/O Write Time":0.0},"Planning Time":3.474,"Triggers":[],"Execution Time":5968.898}]
[列存组合]: nation, order_line, orders, stock, supplier
[{"Plan":{"Node Type":"Aggregate","Strategy":"Sorted","Partial Mode":"Simple","Parallel Aware":false,"Async Capable":false,"Startup Cost":919846.45,"Total Cost":919968.06,"Plan Rows":4422,"Plan Width":72,"Actual Startup Time":6911.569,"Actual Total Time":6912.837,"Actual Rows":6,"Actual Loops":1,"Output":["supplier.su_nationkey","customer.c_nationkey","(EXTRACT(year FROM orders.o_entry_d))","sum(order_line.ol_amount)"],"Group Key":["supplier.su_nationkey","customer.c_nationkey","(EXTRACT(year FROM orders.o_entry_d))"],"Shared Hit Blocks":251665,"Shared Read Blocks":0,"Shared Dirtied Blocks":0,"Shared Written Blocks":0,"Local Hit Blocks":0,"Local Read Blocks":0,"Local Dirtied Blocks":0,"Local Written Blocks":0,"Temp Read Blocks":20587,"Temp Written Blocks":20596,"I/O Read Time":0.0,"I/O Write Time":0.0,"Temp I/O Read Time":32.347,"Temp I/O Write Time":90.543,"Plans":[{"Node Type":"Sort","Parent Relationship":"Outer","Parallel Aware":false,"Async Capable":false,"Startup Cost":919846.45,"Total Cost":919857.51,"Plan Rows":4422,"Plan Width":44,"Actual Startup Time":6911.509,"Actual Total Time":6911.774,"Actual Rows":6043,"Actual Loops":1,"Output":["supplier.su_nationkey","customer.c_nationkey","(EXTRACT(year FROM orders.o_entry_d))","order_line.ol_amount"],"Sort Key":["supplier.su_nationkey","customer.c_nationkey","(EXTRACT(year FROM orders.o_entry_d))"],"Sort Method":"quicksort","Sort Space Used":523,"Sort Space Type":"Memory","Shared Hit Blocks":251665,"Shared Read Blocks":0,"Shared Dirtied Blocks":0,"Shared Written Blocks":0,"Local Hit Blocks":0,"Local Read Blocks":0,"Local Dirtied Blocks":0,"Local Written Blocks":0,"Temp Read Blocks":20587,"Temp Written Blocks":20596,"I/O Read Time":0.0,"I/O Write Time":0.0,"Temp I/O Read Time":32.347,"Temp I/O Write Time":90.543,"Plans":[{"Node Type":"Merge Join","Parent Relationship":"Outer","Parallel Aware":false,"Async Capable":false,"Join Type":"Inner","Startup Cost":915486.3,"Total Cost":919578.69,"Plan Rows":4422,"Plan Width":44,"Actual Startup Time":6758.393,"Actual Total Time":6910.1,"Actual Rows":6043,"Actual Loops":1,"Output":["supplier.su_nationkey","customer.c_nationkey","EXTRACT(year FROM orders.o_entry_d)","order_line.ol_amount"],"Merge Cond":"((orders.o_c_id = customer.c_id) AND (order_line.ol_w_id = customer.c_w_id) AND (order_line.ol_d_id = customer.c_d_id))","Join Filter":"((((n1.n_name)::text = 'Germany'::text) AND ((n2.n_name)::text = 'Cambodia'::text)) OR (((n1.n_name)::text = 'Cambodia'::text) AND ((n2.n_name)::text = 'Germany'::text)))","Rows Removed by Join Filter":5752,"Shared Hit Blocks":251665,"Shared Read Blocks":0,"Shared Dirtied Blocks":0,"Shared Written Blocks":0,"Local Hit Blocks":0,"Local Read Blocks":0,"Local Dirtied Blocks":0,"Local Written Blocks":0,"Temp Read Blocks":20587,"Temp Written Blocks":20596,"I/O Read Time":0.0,"I/O Write Time":0.0,"Temp I/O Read Time":32.347,"Temp I/O Write Time":90.543,"Plans":[{"Node Type":"Sort","Parent Relationship":"Outer","Parallel Aware":false,"Async Capable":false,"Startup Cost":637472.5,"Total Cost":638147.06,"Plan Rows":269824,"Plan Width":36,"Actual Startup Time":5862.663,"Actual Total Time":5933.637,"Actual Rows":242214,"Actual Loops":1,"Output":["supplier.su_nationkey","order_line.ol_amount","order_line.ol_w_id","order_line.ol_d_id","orders.o_entry_d","orders.o_w_id","orders.o_d_id","orders.o_c_id","n1.n_name"],"Sort Key":["orders.o_c_id","order_line.ol_w_id","order_line.ol_d_id"],"Sort Method":"external merge","Sort Space Used":11984,"Sort Space Type":"Disk","Shared Hit Blocks":22060,"Shared Read Blocks":0,"Shared Dirtied Blocks":0,"Shared Written Blocks":0,"Local Hit Blocks":0,"Local Read Blocks":0,"Local Dirtied Blocks":0,"Local Written Blocks":0,"Temp Read Blocks":20042,"Temp Written Blocks":20048,"I/O Read Time":0.0,"I/O Write Time":0.0,"Temp I/O Read Time":31.552,"Temp I/O Write Time":88.416,"Plans":[{"Node Type":"Hash Join","Parent Relationship":"Outer","Parallel Aware":false,"Async Capable":false,"Join Type":"Inner","Startup Cost":159264.08,"Total Cost":605754.14,"Plan Rows":269824,"Plan Width":36,"Actual Startup Time":1361.742,"Actual Total Time":5735.568,"Actual Rows":242214,"Actual Loops":1,"Output":["supplier.su_nationkey","order_line.ol_amount","order_line.ol_w_id","order_line.ol_d_id","orders.o_entry_d","orders.o_w_id","orders.o_d_id","orders.o_c_id","n1.n_name"],"Hash Cond":"((order_line.ol_w_id = orders.o_w_id) AND (order_line.ol_d_id = orders.o_d_id) AND (order_line.ol_o_id = orders.o_id))","Shared Hit Blocks":22060,"Shared Read Blocks":0,"Shared Dirtied Blocks":0,"Shared Written Blocks":0,"Local Hit Blocks":0,"Local Read Blocks":0,"Local Dirtied Blocks":0,"Local Written Blocks":0,"Temp Read Blocks":18544,"Temp Written Blocks":18544,"I/O Read Time":0.0,"I/O Write Time":0.0,"Temp I/O Read Time":29.315,"Temp I/O Write Time":82.891,"Plans":[{"Node Type":"Hash Join","Parent Relationship":"Outer","Parallel Aware":false,"Async Capable":false,"Join Type":"Inner","Startup Cost":29669.0,"Total Cost":452772.9,"Plan Rows":269988,"Plan Width":28,"Actual Startup Time":456.868,"Actual Total Time":4497.999,"Actual Rows":242214,"Actual Loops":1,"Output":["supplier.su_nationkey","order_line.ol_amount","order_line.ol_w_id","order_line.ol_d_id","order_line.ol_o_id","n1.n_name"],"Hash Cond":"(supplier.su_nationkey = n1.n_nationkey)","Shared Hit Blocks":1,"Shared Read Blocks":0,"Shared Dirtied Blocks":0,"Shared Written Blocks":0,"Local Hit Blocks":0,"Local Read Blocks":0,"Local Dirtied Blocks":0,"Local Written Blocks":0,"Temp Read Blocks":0,"Temp Written Blocks":0,"I/O Read Time":0.0,"I/O Write Time":0.0,"Temp I/O Read Time":0.0,"Temp I/O Write Time":0.0,"Plans":[{"Node Type":"Hash Join","Parent Relationship":"Outer","Parallel Aware":false,"Async Capable":false,"Join Type":"Inner","Startup Cost":29667.04,"Total Cost":429298.84,"Plan Rows":8369638,"Plan Width":20,"Actual Startup Time":456.733,"Actual Total Time":3894.479,"Actual Rows":8570498,"Actual Loops":1,"Output":["supplier.su_nationkey","order_line.ol_amount","order_line.ol_w_id","order_line.ol_d_id","order_line.ol_o_id"],"Hash Cond":"(mod((stock.s_w_id * stock.s_i_id), 10000) = supplier.su_suppkey)","Shared Hit Blocks":0,"Shared Read Blocks":0,"Shared Dirtied Blocks":0,"Shared Written Blocks":0,"Local Hit Blocks":0,"Local Read Blocks":0,"Local Dirtied Blocks":0,"Local Written Blocks":0,"Temp Read Blocks":0,"Temp Written Blocks":0,"I/O Read Time":0.0,"I/O Write Time":0.0,"Temp I/O Read Time":0.0,"Temp I/O Write Time":0.0,"Plans":[{"Node Type":"Hash Join","Parent Relationship":"Outer","Parallel Aware":false,"Async Capable":false,"Join Type":"Inner","Startup Cost":29323.02,"Total Cost":404880.91,"Plan Rows":8369638,"Plan Width":22,"Actual Startup Time":453.696,"Actual Total Time":2259.233,"Actual Rows":8570498,"Actual Loops":1,"Output":["stock.s_w_id","stock.s_i_id","order_line.ol_amount","order_line.ol_w_id","order_line.ol_d_id","order_line.ol_o_id"],"Hash Cond":"((order_line.ol_supply_w_id = stock.s_w_id) AND (order_line.ol_i_id = stock.s_i_id))","Rows Removed by Bloom Filter":0,"Shared Hit Blocks":0,"Shared Read Blocks":0,"Shared Dirtied Blocks":0,"Shared Written Blocks":0,"Local Hit Blocks":0,"Local Read Blocks":0,"Local Dirtied Blocks":0,"Local Written Blocks":0,"Temp Read Blocks":0,"Temp Written Blocks":0,"I/O Read Time":0.0,"I/O Write Time":0.0,"Temp I/O Read Time":0.0,"Temp I/O Write Time":0.0,"Plans":[{"Node Type":"Append","Parent Relationship":"Outer","Parallel Aware":false,"Async Capable":false,"Startup Cost":20.0,"Total Cost":230190.58,"Plan Rows":8369638,"Plan Width":22,"Actual Startup Time":12.859,"Actual Total Time":12.865,"Actual Rows":8570498,"Actual Loops":1,"Shared Hit Blocks":0,"Shared Read Blocks":0,"Shared Dirtied Blocks":0,"Shared Written Blocks":0,"Local Hit Blocks":0,"Local Read Blocks":0,"Local Dirtied Blocks":0,"Local Written Blocks":0,"Temp Read Blocks":0,"Temp Written Blocks":0,"I/O Read Time":0.0,"I/O Write Time":0.0,"Temp I/O Read Time":0.0,"Temp I/O Write Time":0.0,"Subplans Removed":0,"Plans":[{"Node Type":"Custom Scan","Parent Relationship":"Member","Custom Plan Provider":"columnar scan","Parallel Aware":false,"Async Capable":false,"Relation Name":"order_line","Schema":"public","Alias":"order_line","Startup Cost":20.0,"Total Cost":230185.68,"Plan Rows":8369621,"Plan Width":22,"Actual Startup Time":12.857,"Actual Total Time":12.859,"Actual Rows":8570498,"Actual Loops":1,"Output":["order_line.ol_amount","order_line.ol_supply_w_id","order_line.ol_i_id","order_line.ol_w_id","order_line.ol_d_id","order_line.ol_o_id"],"Filter":"((order_line.ol_delivery_d <= '1997-01-01 20:10:02.27764'::timestamp without time zone) AND (order_line.ol_delivery_d >= '1995-01-02 20:10:02.27764'::timestamp without time zone))","Rows Removed by Filter":0,"Rows Removed by Columnar Filter":21427234,"Columnar cache search mode":"native","Shared Hit Blocks":0,"Shared Read Blocks":0,"Shared Dirtied Blocks":0,"Shared Written Blocks":0,"Local Hit Blocks":0,"Local Read Blocks":0,"Local Dirtied Blocks":0,"Local Written Blocks":0,"Temp Read Blocks":0,"Temp Written Blocks":0,"I/O Read Time":0.0,"I/O Write Time":0.0,"Temp I/O Read Time":0.0,"Temp I/O Write Time":0.0},{"Node Type":"Seq Scan","Parent Relationship":"Member","Parallel Aware":false,"Async Capable":false,"Relation Name":"order_line","Schema":"public","Alias":"order_line","Startup Cost":0.0,"Total Cost":4.9,"Plan Rows":17,"Plan Width":22,"Actual Startup Time":0.0,"Actual Total Time":0.0,"Actual Rows":0,"Actual Loops":0,"Output":["order_line.ol_amount","order_line.ol_supply_w_id","order_line.ol_i_id","order_line.ol_w_id","order_line.ol_d_id","order_line.ol_o_id"],"Filter":"((order_line.ol_delivery_d <= '1997-01-01 20:10:02.27764'::timestamp without time zone) AND (order_line.ol_delivery_d >= '1995-01-02 20:10:02.27764'::timestamp without time zone))","Rows Removed by Filter":0,"Shared Hit Blocks":0,"Shared Read Blocks":0,"Shared Dirtied Blocks":0,"Shared Written Blocks":0,"Local Hit Blocks":0,"Local Read Blocks":0,"Local Dirtied Blocks":0,"Local Written Blocks":0,"Temp Read Blocks":0,"Temp Written Blocks":0,"I/O Read Time":0.0,"I/O Write Time":0.0,"Temp I/O Read Time":0.0,"Temp I/O Write Time":0.0}]},{"Node Type":"Hash","Parent Relationship":"Inner","Parallel Aware":false,"Async Capable":false,"Startup Cost":195025.67,"Total Cost":195025.67,"Plan Rows":10000162,"Plan Width":6,"Actual Rows":10000000,"Actual Loops":1,"Output":["stock.s_w_id","stock.s_i_id"],"Shared Hit Blocks":0,"Shared Read Blocks":0,"Shared Dirtied Blocks":0,"Shared Written Blocks":0,"Local Hit Blocks":0,"Local Read Blocks":0,"Local Dirtied Blocks":0,"Local Written Blocks":0,"Temp Read Blocks":0,"Temp Written Blocks":0,"I/O Read Time":0.0,"I/O Write Time":0.0,"Temp I/O Read Time":0.0,"Temp I/O Write Time":0.0,"Plans":[{"Node Type":"Append","Parent Relationship":"Outer","Parallel Aware":false,"Async Capable":false,"Startup Cost":20.0,"Total Cost":195025.67,"Plan Rows":10000162,"Plan Width":6,"Actual Startup Time":0.207,"Actual Total Time":0.209,"Actual Rows":10000000,"Actual Loops":1,"Shared Hit Blocks":0,"Shared Read Blocks":0,"Shared Dirtied Blocks":0,"Shared Written Blocks":0,"Local Hit Blocks":0,"Local Read Blocks":0,"Local Dirtied Blocks":0,"Local Written Blocks":0,"Temp Read Blocks":0,"Temp Written Blocks":0,"I/O Read Time":0.0,"I/O Write Time":0.0,"Temp I/O Read Time":0.0,"Temp I/O Write Time":0.0,"Subplans Removed":0,"Plans":[{"Node Type":"Custom Scan","Parent Relationship":"Member","Custom Plan Provider":"columnar scan","Parallel Aware":false,"Async Capable":false,"Relation Name":"stock","Schema":"public","Alias":"stock","Startup Cost":20.0,"Total Cost":195020.05,"Plan Rows":10000000,"Plan Width":6,"Actual Startup Time":0.207,"Actual Total Time":0.208,"Actual Rows":10000000,"Actual Loops":1,"Output":["stock.s_w_id","stock.s_i_id"],"Rows Removed by Columnar Filter":0,"Columnar cache search mode":"native","Shared Hit Blocks":0,"Shared Read Blocks":0,"Shared Dirtied Blocks":0,"Shared Written Blocks":0,"Local Hit Blocks":0,"Local Read Blocks":0,"Local Dirtied Blocks":0,"Local Written Blocks":0,"Temp Read Blocks":0,"Temp Written Blocks":0,"I/O Read Time":0.0,"I/O Write Time":0.0,"Temp I/O Read Time":0.0,"Temp I/O Write Time":0.0},{"Node Type":"Seq Scan","Parent Relationship":"Member","Parallel Aware":false,"Async Capable":false,"Relation Name":"stock","Schema":"public","Alias":"stock","Startup Cost":0.0,"Total Cost":5.62,"Plan Rows":162,"Plan Width":6,"Actual Startup Time":0.0,"Actual Total Time":0.0,"Actual Rows":0,"Actual Loops":0,"Output":["stock.s_w_id","stock.s_i_id"],"Shared Hit Blocks":0,"Shared Read Blocks":0,"Shared Dirtied Blocks":0,"Shared Written Blocks":0,"Local Hit Blocks":0,"Local Read Blocks":0,"Local Dirtied Blocks":0,"Local Written Blocks":0,"Temp Read Blocks":0,"Temp Written Blocks":0,"I/O Read Time":0.0,"I/O Write Time":0.0,"Temp I/O Read Time":0.0,"Temp I/O Write Time":0.0}]}]}]},{"Node Type":"Hash","Parent Relationship":"Inner","Parallel Aware":false,"Async Capable":false,"Startup Cost":219.01,"Total Cost":219.01,"Plan Rows":10001,"Plan Width":8,"Actual Startup Time":2.978,"Actual Total Time":2.979,"Actual Rows":10000,"Actual Loops":1,"Output":["supplier.su_nationkey","supplier.su_suppkey"],"Hash Buckets":16384,"Original Hash Buckets":16384,"Hash Batches":1,"Original Hash Batches":1,"Peak Memory Usage":519,"Shared Hit Blocks":0,"Shared Read Blocks":0,"Shared Dirtied Blocks":0,"Shared Written Blocks":0,"Local Hit Blocks":0,"Local Read Blocks":0,"Local Dirtied Blocks":0,"Local Written Blocks":0,"Temp Read Blocks":0,"Temp Written Blocks":0,"I/O Read Time":0.0,"I/O Write Time":0.0,"Temp I/O Read Time":0.0,"Temp I/O Write Time":0.0,"Plans":[{"Node Type":"Append","Parent Relationship":"Outer","Parallel Aware":false,"Async Capable":false,"Startup Cost":20.0,"Total Cost":219.01,"Plan Rows":10001,"Plan Width":8,"Actual Startup Time":0.011,"Actual Total Time":1.769,"Actual Rows":10000,"Actual Loops":1,"Shared Hit Blocks":0,"Shared Read Blocks":0,"Shared Dirtied Blocks":0,"Shared Written Blocks":0,"Local Hit Blocks":0,"Local Read Blocks":0,"Local Dirtied Blocks":0,"Local Written Blocks":0,"Temp Read Blocks":0,"Temp Written Blocks":0,"I/O Read Time":0.0,"I/O Write Time":0.0,"Temp I/O Read Time":0.0,"Temp I/O Write Time":0.0,"Subplans Removed":0,"Plans":[{"Node Type":"Custom Scan","Parent Relationship":"Member","Custom Plan Provider":"columnar scan","Parallel Aware":false,"Async Capable":false,"Relation Name":"supplier","Schema":"public","Alias":"supplier","Startup Cost":20.0,"Total Cost":215.0,"Plan Rows":10000,"Plan Width":8,"Actual Startup Time":0.01,"Actual Total Time":1.067,"Actual Rows":10000,"Actual Loops":1,"Output":["supplier.su_nationkey","supplier.su_suppkey"],"Rows Removed by Columnar Filter":0,"Columnar cache search mode":"native","Shared Hit Blocks":0,"Shared Read Blocks":0,"Shared Dirtied Blocks":0,"Shared Written Blocks":0,"Local Hit Blocks":0,"Local Read Blocks":0,"Local Dirtied Blocks":0,"Local Written Blocks":0,"Temp Read Blocks":0,"Temp Written Blocks":0,"I/O Read Time":0.0,"I/O Write Time":0.0,"Temp I/O Read Time":0.0,"Temp I/O Write Time":0.0},{"Node Type":"Seq Scan","Parent Relationship":"Member","Parallel Aware":false,"Async Capable":false,"Relation Name":"supplier","Schema":"public","Alias":"supplier","Startup Cost":0.0,"Total Cost":4.01,"Plan Rows":1,"Plan Width":8,"Actual Startup Time":0.0,"Actual Total Time":0.0,"Actual Rows":0,"Actual Loops":0,"Output":["supplier.su_nationkey","supplier.su_suppkey"],"Shared Hit Blocks":0,"Shared Read Blocks":0,"Shared Dirtied Blocks":0,"Shared Written Blocks":0,"Local Hit Blocks":0,"Local Read Blocks":0,"Local Dirtied Blocks":0,"Local Written Blocks":0,"Temp Read Blocks":0,"Temp Written Blocks":0,"I/O Read Time":0.0,"I/O Write Time":0.0,"Temp I/O Read Time":0.0,"Temp I/O Write Time":0.0}]}]}]},{"Node Type":"Hash","Parent Relationship":"Inner","Parallel Aware":false,"Async Capable":false,"Startup Cost":1.93,"Total Cost":1.93,"Plan Rows":2,"Plan Width":12,"Actual Startup Time":0.021,"Actual Total Time":0.021,"Actual Rows":2,"Actual Loops":1,"Output":["n1.n_nationkey","n1.n_name"],"Hash Buckets":1024,"Original Hash Buckets":1024,"Hash Batches":1,"Original Hash Batches":1,"Peak Memory Usage":9,"Shared Hit Blocks":1,"Shared Read Blocks":0,"Shared Dirtied Blocks":0,"Shared Written Blocks":0,"Local Hit Blocks":0,"Local Read Blocks":0,"Local Dirtied Blocks":0,"Local Written Blocks":0,"Temp Read Blocks":0,"Temp Written Blocks":0,"I/O Read Time":0.0,"I/O Write Time":0.0,"Temp I/O Read Time":0.0,"Temp I/O Write Time":0.0,"Plans":[{"Node Type":"Seq Scan","Parent Relationship":"Outer","Parallel Aware":false,"Async Capable":false,"Relation Name":"nation","Schema":"public","Alias":"n1","Startup Cost":0.0,"Total Cost":1.93,"Plan Rows":2,"Plan Width":12,"Actual Startup Time":0.012,"Actual Total Time":0.017,"Actual Rows":2,"Actual Loops":1,"Output":["n1.n_nationkey","n1.n_name"],"Filter":"(((n1.n_name)::text = 'Germany'::text) OR ((n1.n_name)::text = 'Cambodia'::text))","Rows Removed by Filter":60,"Shared Hit Blocks":1,"Shared Read Blocks":0,"Shared Dirtied Blocks":0,"Shared Written Blocks":0,"Local Hit Blocks":0,"Local Read Blocks":0,"Local Dirtied Blocks":0,"Local Written Blocks":0,"Temp Read Blocks":0,"Temp Written Blocks":0,"I/O Read Time":0.0,"I/O Write Time":0.0,"Temp I/O Read Time":0.0,"Temp I/O Write Time":0.0}]}]},{"Node Type":"Hash","Parent Relationship":"Inner","Parallel Aware":false,"Async Capable":false,"Startup Cost":59559.0,"Total Cost":59559.0,"Plan Rows":2998176,"Plan Width":24,"Actual Startup Time":903.929,"Actual Total Time":903.93,"Actual Rows":2997892,"Actual Loops":1,"Output":["orders.o_entry_d","orders.o_w_id","orders.o_d_id","orders.o_id","orders.o_c_id"],"Hash Buckets":131072,"Original Hash Buckets":131072,"Hash Batches":32,"Original Hash Batches":32,"Peak Memory Usage":6539,"Shared Hit Blocks":22059,"Shared Read Blocks":0,"Shared Dirtied Blocks":0,"Shared Written Blocks":0,"Local Hit Blocks":0,"Local Read Blocks":0,"Local Dirtied Blocks":0,"Local Written Blocks":0,"Temp Read Blocks":0,"Temp Written Blocks":16995,"I/O Read Time":0.0,"I/O Write Time":0.0,"Temp I/O Read Time":0.0,"Temp I/O Write Time":73.3,"Plans":[{"Node Type":"Seq Scan","Parent Relationship":"Outer","Parallel Aware":false,"Async Capable":false,"Relation Name":"orders","Schema":"public","Alias":"orders","Startup Cost":0.0,"Total Cost":59559.0,"Plan Rows":2998176,"Plan Width":24,"Actual Startup Time":0.015,"Actual Total Time":365.374,"Actual Rows":2997892,"Actual Loops":1,"Output":["orders.o_entry_d","orders.o_w_id","orders.o_d_id","orders.o_id","orders.o_c_id"],"Filter":"(orders.o_entry_d >= '1992-01-02 20:10:02.27764'::timestamp without time zone)","Rows Removed by Filter":2108,"Shared Hit Blocks":22059,"Shared Read Blocks":0,"Shared Dirtied Blocks":0,"Shared Written Blocks":0,"Local Hit Blocks":0,"Local Read Blocks":0,"Local Dirtied Blocks":0,"Local Written Blocks":0,"Temp Read Blocks":0,"Temp Written Blocks":0,"I/O Read Time":0.0,"I/O Write Time":0.0,"Temp I/O Read Time":0.0,"Temp I/O Write Time":0.0}]}]}]},{"Node Type":"Materialize","Parent Relationship":"Inner","Parallel Aware":false,"Async Capable":false,"Startup Cost":278013.7,"Total Cost":278497.53,"Plan Rows":96766,"Plan Width":20,"Actual Startup Time":895.687,"Actual Total Time":928.332,"Actual Rows":146547,"Actual Loops":1,"Output":["customer.c_nationkey","customer.c_id","customer.c_w_id","customer.c_d_id","n2.n_name"],"Shared Hit Blocks":229605,"Shared Read Blocks":0,"Shared Dirtied Blocks":0,"Shared Written Blocks":0,"Local Hit Blocks":0,"Local Read Blocks":0,"Local Dirtied Blocks":0,"Local Written Blocks":0,"Temp Read Blocks":545,"Temp Written Blocks":548,"I/O Read Time":0.0,"I/O Write Time":0.0,"Temp I/O Read Time":0.795,"Temp I/O Write Time":2.127,"Plans":[{"Node Type":"Sort","Parent Relationship":"Outer","Parallel Aware":false,"Async Capable":false,"Startup Cost":278013.7,"Total Cost":278255.62,"Plan Rows":96766,"Plan Width":20,"Actual Startup Time":895.682,"Actual Total Time":912.571,"Actual Rows":144982,"Actual Loops":1,"Output":["customer.c_nationkey","customer.c_id","customer.c_w_id","customer.c_d_id","n2.n_name"],"Sort Key":["customer.c_id","customer.c_w_id","customer.c_d_id"],"Sort Method":"external merge","Sort Space Used":4360,"Sort Space Type":"Disk","Shared Hit Blocks":229605,"Shared Read Blocks":0,"Shared Dirtied Blocks":0,"Shared Written Blocks":0,"Local Hit Blocks":0,"Local Read Blocks":0,"Local Dirtied Blocks":0,"Local Written Blocks":0,"Temp Read Blocks":545,"Temp Written Blocks":548,"I/O Read Time":0.0,"I/O Write Time":0.0,"Temp I/O Read Time":0.795,"Temp I/O Write Time":2.127,"Plans":[{"Node Type":"Hash Join","Parent Relationship":"Outer","Parallel Aware":false,"Async Capable":false,"Join Type":"Inner","Startup Cost":1.95,"Total Cost":268015.91,"Plan Rows":96766,"Plan Width":20,"Actual Startup Time":0.101,"Actual Total Time":840.696,"Actual Rows":144986,"Actual Loops":1,"Output":["customer.c_nationkey","customer.c_id","customer.c_w_id","customer.c_d_id","n2.n_name"],"Hash Cond":"(customer.c_nationkey = n2.n_nationkey)","Shared Hit Blocks":229605,"Shared Read Blocks":0,"Shared Dirtied Blocks":0,"Shared Written Blocks":0,"Local Hit Blocks":0,"Local Read Blocks":0,"Local Dirtied Blocks":0,"Local Written Blocks":0,"Temp Read Blocks":0,"Temp Written Blocks":0,"I/O Read Time":0.0,"I/O Write Time":0.0,"Temp I/O Read Time":0.0,"Temp I/O Write Time":0.0,"Plans":[{"Node Type":"Seq Scan","Parent Relationship":"Outer","Parallel Aware":false,"Async Capable":false,"Relation Name":"customer","Schema":"public","Alias":"customer","Startup Cost":0.0,"Total Cost":259601.38,"Plan Rows":2999738,"Plan Width":12,"Actual Startup Time":0.026,"Actual Total Time":344.082,"Actual Rows":3000000,"Actual Loops":1,"Output":["customer.c_id","customer.c_d_id","customer.c_w_id","customer.c_nationkey","customer.c_first","customer.c_middle","customer.c_last","customer.c_street_1","customer.c_street_2","customer.c_city","customer.c_state","customer.c_zip","customer.c_phone","customer.c_since","customer.c_credit","customer.c_credit_lim","customer.c_discount","customer.c_balance","customer.c_ytd_payment","customer.c_payment_cnt","customer.c_delivery_cnt","customer.c_data"],"Shared Hit Blocks":229604,"Shared Read Blocks":0,"Shared Dirtied Blocks":0,"Shared Written Blocks":0,"Local Hit Blocks":0,"Local Read Blocks":0,"Local Dirtied Blocks":0,"Local Written Blocks":0,"Temp Read Blocks":0,"Temp Written Blocks":0,"I/O Read Time":0.0,"I/O Write Time":0.0,"Temp I/O Read Time":0.0,"Temp I/O Write Time":0.0},{"Node Type":"Hash","Parent Relationship":"Inner","Parallel Aware":false,"Async Capable":false,"Startup Cost":1.93,"Total Cost":1.93,"Plan Rows":2,"Plan Width":12,"Actual Startup Time":0.025,"Actual Total Time":0.026,"Actual Rows":2,"Actual Loops":1,"Output":["n2.n_nationkey","n2.n_name"],"Hash Buckets":1024,"Original Hash Buckets":1024,"Hash Batches":1,"Original Hash Batches":1,"Peak Memory Usage":9,"Shared Hit Blocks":1,"Shared Read Blocks":0,"Shared Dirtied Blocks":0,"Shared Written Blocks":0,"Local Hit Blocks":0,"Local Read Blocks":0,"Local Dirtied Blocks":0,"Local Written Blocks":0,"Temp Read Blocks":0,"Temp Written Blocks":0,"I/O Read Time":0.0,"I/O Write Time":0.0,"Temp I/O Read Time":0.0,"Temp I/O Write Time":0.0,"Plans":[{"Node Type":"Seq Scan","Parent Relationship":"Outer","Parallel Aware":false,"Async Capable":false,"Relation Name":"nation","Schema":"public","Alias":"n2","Startup Cost":0.0,"Total Cost":1.93,"Plan Rows":2,"Plan Width":12,"Actual Startup Time":0.016,"Actual Total Time":0.021,"Actual Rows":2,"Actual Loops":1,"Output":["n2.n_nationkey","n2.n_name"],"Filter":"(((n2.n_name)::text = 'Cambodia'::text) OR ((n2.n_name)::text = 'Germany'::text))","Rows Removed by Filter":60,"Shared Hit Blocks":1,"Shared Read Blocks":0,"Shared Dirtied Blocks":0,"Shared Written Blocks":0,"Local Hit Blocks":0,"Local Read Blocks":0,"Local Dirtied Blocks":0,"Local Written Blocks":0,"Temp Read Blocks":0,"Temp Written Blocks":0,"I/O Read Time":0.0,"I/O Write Time":0.0,"Temp I/O Read Time":0.0,"Temp I/O Write Time":0.0}]}]}]}]}]}]}]},"Planning":{"Shared Hit Blocks":12,"Shared Read Blocks":0,"Shared Dirtied Blocks":0,"Shared Written Blocks":0,"Local Hit Blocks":0,"Local Read Blocks":0,"Local Dirtied Blocks":0,"Local Written Blocks":0,"Temp Read Blocks":0,"Temp Written Blocks":0,"I/O Read Time":0.0,"I/O Write Time":0.0,"Temp I/O Read Time":0.0,"Temp I/O Write Time":0.0},"Planning Time":3.225,"Triggers":[],"Execution Time":6916.159}]
[列存组合]: customer, nation, order_line, orders, stock, supplier
[{"Plan":{"Node Type":"Aggregate","Strategy":"Sorted","Partial Mode":"Simple","Parallel Aware":false,"Async Capable":false,"Startup Cost":473763.21,"Total Cost":473884.82,"Plan Rows":4422,"Plan Width":72,"Actual Startup Time":1423.46,"Actual Total Time":1424.978,"Actual Rows":6,"Actual Loops":1,"Output":["supplier.su_nationkey","customer.c_nationkey","(EXTRACT(year FROM orders.o_entry_d))","sum(order_line.ol_amount)"],"Group Key":["supplier.su_nationkey","customer.c_nationkey","(EXTRACT(year FROM orders.o_entry_d))"],"Shared Hit Blocks":1,"Shared Read Blocks":0,"Shared Dirtied Blocks":0,"Shared Written Blocks":0,"Local Hit Blocks":0,"Local Read Blocks":0,"Local Dirtied Blocks":0,"Local Written Blocks":0,"Temp Read Blocks":0,"Temp Written Blocks":0,"I/O Read Time":0.0,"I/O Write Time":0.0,"Temp I/O Read Time":0.0,"Temp I/O Write Time":0.0,"Plans":[{"Node Type":"Sort","Parent Relationship":"Outer","Parallel Aware":false,"Async Capable":false,"Startup Cost":473763.21,"Total Cost":473774.27,"Plan Rows":4422,"Plan Width":44,"Actual Startup Time":1423.395,"Actual Total Time":1423.704,"Actual Rows":6043,"Actual Loops":1,"Output":["supplier.su_nationkey","customer.c_nationkey","(EXTRACT(year FROM orders.o_entry_d))","order_line.ol_amount"],"Sort Key":["supplier.su_nationkey","customer.c_nationkey","(EXTRACT(year FROM orders.o_entry_d))"],"Sort Method":"quicksort","Sort Space Used":523,"Sort Space Type":"Memory","Shared Hit Blocks":1,"Shared Read Blocks":0,"Shared Dirtied Blocks":0,"Shared Written Blocks":0,"Local Hit Blocks":0,"Local Read Blocks":0,"Local Dirtied Blocks":0,"Local Written Blocks":0,"Temp Read Blocks":0,"Temp Written Blocks":0,"I/O Read Time":0.0,"I/O Write Time":0.0,"Temp I/O Read Time":0.0,"Temp I/O Write Time":0.0,"Plans":[{"Node Type":"Hash Join","Parent Relationship":"Outer","Parallel Aware":false,"Async Capable":false,"Join Type":"Inner","Startup Cost":332830.33,"Total Cost":473495.45,"Plan Rows":4422,"Plan Width":44,"Actual Startup Time":1167.592,"Actual Total Time":1421.597,"Actual Rows":6043,"Actual Loops":1,"Output":["supplier.su_nationkey","customer.c_nationkey","EXTRACT(year FROM orders.o_entry_d)","order_line.ol_amount"],"Hash Cond":"(supplier.su_nationkey = n1.n_nationkey)","Join Filter":"((((n1.n_name)::text = 'Germany'::text) AND ((n2.n_name)::text = 'Cambodia'::text)) OR (((n1.n_name)::text = 'Cambodia'::text) AND ((n2.n_name)::text = 'Germany'::text)))","Rows Removed by Join Filter":5752,"Shared Hit Blocks":1,"Shared Read Blocks":0,"Shared Dirtied Blocks":0,"Shared Written Blocks":0,"Local Hit Blocks":0,"Local Read Blocks":0,"Local Dirtied Blocks":0,"Local Written Blocks":0,"Temp Read Blocks":0,"Temp Written Blocks":0,"I/O Read Time":0.0,"I/O Write Time":0.0,"Temp I/O Read Time":0.0,"Temp I/O Write Time":0.0,"Plans":[{"Node Type":"Hash Join","Parent Relationship":"Outer","Parallel Aware":false,"Async Capable":false,"Join Type":"Inner","Startup Cost":332828.38,"Total Cost":472774.11,"Plan Rows":269824,"Plan Width":28,"Actual Startup Time":1167.518,"Actual Total Time":1388.75,"Actual Rows":414592,"Actual Loops":1,"Output":["supplier.su_nationkey","order_line.ol_amount","orders.o_entry_d","customer.c_nationkey","n2.n_name"],"Hash Cond":"(mod((stock.s_w_id * stock.s_i_id), 10000) = supplier.su_suppkey)","Shared Hit Blocks":0,"Shared Read Blocks":0,"Shared Dirtied Blocks":0,"Shared Written Blocks":0,"Local Hit Blocks":0,"Local Read Blocks":0,"Local Dirtied Blocks":0,"Local Written Blocks":0,"Temp Read Blocks":0,"Temp Written Blocks":0,"I/O Read Time":0.0,"I/O Write Time":0.0,"Temp I/O Read Time":0.0,"Temp I/O Write Time":0.0,"Plans":[{"Node Type":"Hash Join","Parent Relationship":"Outer","Parallel Aware":false,"Async Capable":false,"Join Type":"Inner","Startup Cost":332484.35,"Total Cost":471653.98,"Plan Rows":269824,"Plan Width":30,"Actual Startup Time":1164.355,"Actual Total Time":1298.698,"Actual Rows":414592,"Actual Loops":1,"Output":["stock.s_w_id","stock.s_i_id","order_line.ol_amount","orders.o_entry_d","customer.c_nationkey","n2.n_name"],"Hash Cond":"((stock.s_w_id = order_line.ol_supply_w_id) AND (stock.s_i_id = order_line.ol_i_id))","Rows Removed by Bloom Filter":40276176,"Shared Hit Blocks":0,"Shared Read Blocks":0,"Shared Dirtied Blocks":0,"Shared Written Blocks":0,"Local Hit Blocks":0,"Local Read Blocks":0,"Local Dirtied Blocks":0,"Local Written Blocks":0,"Temp Read Blocks":0,"Temp Written Blocks":0,"I/O Read Time":0.0,"I/O Write Time":0.0,"Temp I/O Read Time":0.0,"Temp I/O Write Time":0.0,"Plans":[{"Node Type":"Append","Parent Relationship":"Outer","Parallel Aware":false,"Async Capable":false,"Startup Cost":20.0,"Total Cost":195025.67,"Plan Rows":10000162,"Plan Width":6,"Actual Startup Time":0.225,"Actual Total Time":0.227,"Actual Rows":10000000,"Actual Loops":1,"Shared Hit Blocks":0,"Shared Read Blocks":0,"Shared Dirtied Blocks":0,"Shared Written Blocks":0,"Local Hit Blocks":0,"Local Read Blocks":0,"Local Dirtied Blocks":0,"Local Written Blocks":0,"Temp Read Blocks":0,"Temp Written Blocks":0,"I/O Read Time":0.0,"I/O Write Time":0.0,"Temp I/O Read Time":0.0,"Temp I/O Write Time":0.0,"Subplans Removed":0,"Plans":[{"Node Type":"Custom Scan","Parent Relationship":"Member","Custom Plan Provider":"columnar scan","Parallel Aware":false,"Async Capable":false,"Relation Name":"stock","Schema":"public","Alias":"stock","Startup Cost":20.0,"Total Cost":195020.05,"Plan Rows":10000000,"Plan Width":6,"Actual Startup Time":0.224,"Actual Total Time":0.224,"Actual Rows":10000000,"Actual Loops":1,"Output":["stock.s_w_id","stock.s_i_id"],"Rows Removed by Columnar Filter":0,"Columnar cache search mode":"native","Shared Hit Blocks":0,"Shared Read Blocks":0,"Shared Dirtied Blocks":0,"Shared Written Blocks":0,"Local Hit Blocks":0,"Local Read Blocks":0,"Local Dirtied Blocks":0,"Local Written Blocks":0,"Temp Read Blocks":0,"Temp Written Blocks":0,"I/O Read Time":0.0,"I/O Write Time":0.0,"Temp I/O Read Time":0.0,"Temp I/O Write Time":0.0},{"Node Type":"Seq Scan","Parent Relationship":"Member","Parallel Aware":false,"Async Capable":false,"Relation Name":"stock","Schema":"public","Alias":"stock","Startup Cost":0.0,"Total Cost":5.62,"Plan Rows":162,"Plan Width":6,"Actual Startup Time":0.0,"Actual Total Time":0.0,"Actual Rows":0,"Actual Loops":0,"Output":["stock.s_w_id","stock.s_i_id"],"Shared Hit Blocks":0,"Shared Read Blocks":0,"Shared Dirtied Blocks":0,"Shared Written Blocks":0,"Local Hit Blocks":0,"Local Read Blocks":0,"Local Dirtied Blocks":0,"Local Written Blocks":0,"Temp Read Blocks":0,"Temp Written Blocks":0,"I/O Read Time":0.0,"I/O Write Time":0.0,"Temp I/O Read Time":0.0,"Temp I/O Write Time":0.0}]},{"Node Type":"Hash","Parent Relationship":"Inner","Parallel Aware":false,"Async Capable":false,"Startup Cost":334063.9,"Total Cost":334063.9,"Plan Rows":269824,"Plan Width":30,"Actual Rows":414592,"Actual Loops":1,"Output":["order_line.ol_amount","order_line.ol_supply_w_id","order_line.ol_i_id","orders.o_entry_d","customer.c_nationkey","n2.n_name"],"Shared Hit Blocks":0,"Shared Read Blocks":0,"Shared Dirtied Blocks":0,"Shared Written Blocks":0,"Local Hit Blocks":0,"Local Read Blocks":0,"Local Dirtied Blocks":0,"Local Written Blocks":0,"Temp Read Blocks":0,"Temp Written Blocks":0,"I/O Read Time":0.0,"I/O Write Time":0.0,"Temp I/O Read Time":0.0,"Temp I/O Write Time":0.0,"Plans":[{"Node Type":"Hash Join","Parent Relationship":"Outer","Parallel Aware":false,"Async Capable":false,"Join Type":"Inner","Startup Cost":20572.81,"Total Cost":334063.9,"Plan Rows":269824,"Plan Width":30,"Actual Startup Time":1122.84,"Actual Total Time":1122.845,"Actual Rows":414592,"Actual Loops":1,"Output":["order_line.ol_amount","order_line.ol_supply_w_id","order_line.ol_i_id","orders.o_entry_d","customer.c_nationkey","n2.n_name"],"Hash Cond":"(customer.c_nationkey = n2.n_nationkey)","Rows Removed by Bloom Filter":7879439,"Shared Hit Blocks":0,"Shared Read Blocks":0,"Shared Dirtied Blocks":0,"Shared Written Blocks":0,"Local Hit Blocks":0,"Local Read Blocks":0,"Local Dirtied Blocks":0,"Local Written Blocks":0,"Temp Read Blocks":0,"Temp Written Blocks":0,"I/O Read Time":0.0,"I/O Write Time":0.0,"Temp I/O Read Time":0.0,"Temp I/O Write Time":0.0,"Plans":[{"Node Type":"Hash Join","Parent Relationship":"Outer","Parallel Aware":false,"Async Capable":false,"Join Type":"Inner","Startup Cost":20548.77,"Total Cost":365841.6,"Plan Rows":8364549,"Plan Width":22,"Actual Startup Time":14.658,"Actual Total Time":14.662,"Actual Rows":0,"Actual Loops":1,"Output":["order_line.ol_amount","order_line.ol_supply_w_id","order_line.ol_i_id","orders.o_entry_d","customer.c_nationkey"],"Hash Cond":"((order_line.ol_w_id = customer.c_w_id) AND (order_line.ol_d_id = customer.c_d_id) AND (orders.o_c_id = customer.c_id))","Rows Removed by Bloom Filter":0,"Shared Hit Blocks":0,"Shared Read Blocks":0,"Shared Dirtied Blocks":0,"Shared Written Blocks":0,"Local Hit Blocks":0,"Local Read Blocks":0,"Local Dirtied Blocks":0,"Local Written Blocks":0,"Temp Read Blocks":0,"Temp Written Blocks":0,"I/O Read Time":0.0,"I/O Write Time":0.0,"Temp I/O Read Time":0.0,"Temp I/O Write Time":0.0,"Plans":[{"Node Type":"Hash Join","Parent Relationship":"Outer","Parallel Aware":false,"Async Capable":false,"Join Type":"Inner","Startup Cost":10291.72,"Total Cost":260799.24,"Plan Rows":8364549,"Plan Width":30,"Actual Startup Time":14.518,"Actual Total Time":14.52,"Actual Rows":0,"Actual Loops":1,"Output":["order_line.ol_amount","order_line.ol_supply_w_id","order_line.ol_i_id","order_line.ol_w_id","order_line.ol_d_id","orders.o_entry_d","orders.o_w_id","orders.o_d_id","orders.o_c_id"],"Hash Cond":"((order_line.ol_w_id = orders.o_w_id) AND (order_line.ol_d_id = orders.o_d_id) AND (order_line.ol_o_id = orders.o_id))","Rows Removed by Bloom Filter":0,"Shared Hit Blocks":0,"Shared Read Blocks":0,"Shared Dirtied Blocks":0,"Shared Written Blocks":0,"Local Hit Blocks":0,"Local Read Blocks":0,"Local Dirtied Blocks":0,"Local Written Blocks":0,"Temp Read Blocks":0,"Temp Written Blocks":0,"I/O Read Time":0.0,"I/O Write Time":0.0,"Temp I/O Read Time":0.0,"Temp I/O Write Time":0.0,"Plans":[{"Node Type":"Append","Parent Relationship":"Outer","Parallel Aware":false,"Async Capable":false,"Startup Cost":20.0,"Total Cost":230190.58,"Plan Rows":8369638,"Plan Width":22,"Actual Startup Time":12.871,"Actual Total Time":12.872,"Actual Rows":8570498,"Actual Loops":1,"Shared Hit Blocks":0,"Shared Read Blocks":0,"Shared Dirtied Blocks":0,"Shared Written Blocks":0,"Local Hit Blocks":0,"Local Read Blocks":0,"Local Dirtied Blocks":0,"Local Written Blocks":0,"Temp Read Blocks":0,"Temp Written Blocks":0,"I/O Read Time":0.0,"I/O Write Time":0.0,"Temp I/O Read Time":0.0,"Temp I/O Write Time":0.0,"Subplans Removed":0,"Plans":[{"Node Type":"Custom Scan","Parent Relationship":"Member","Custom Plan Provider":"columnar scan","Parallel Aware":false,"Async Capable":false,"Relation Name":"order_line","Schema":"public","Alias":"order_line","Startup Cost":20.0,"Total Cost":230185.68,"Plan Rows":8369621,"Plan Width":22,"Actual Startup Time":12.87,"Actual Total Time":12.871,"Actual Rows":8570498,"Actual Loops":1,"Output":["order_line.ol_amount","order_line.ol_supply_w_id","order_line.ol_i_id","order_line.ol_w_id","order_line.ol_d_id","order_line.ol_o_id"],"Filter":"((order_line.ol_delivery_d <= '1997-01-01 20:10:02.27764'::timestamp without time zone) AND (order_line.ol_delivery_d >= '1995-01-02 20:10:02.27764'::timestamp without time zone))","Rows Removed by Filter":0,"Rows Removed by Columnar Filter":21427234,"Columnar cache search mode":"native","Shared Hit Blocks":0,"Shared Read Blocks":0,"Shared Dirtied Blocks":0,"Shared Written Blocks":0,"Local Hit Blocks":0,"Local Read Blocks":0,"Local Dirtied Blocks":0,"Local Written Blocks":0,"Temp Read Blocks":0,"Temp Written Blocks":0,"I/O Read Time":0.0,"I/O Write Time":0.0,"Temp I/O Read Time":0.0,"Temp I/O Write Time":0.0},{"Node Type":"Seq Scan","Parent Relationship":"Member","Parallel Aware":false,"Async Capable":false,"Relation Name":"order_line","Schema":"public","Alias":"order_line","Startup Cost":0.0,"Total Cost":4.9,"Plan Rows":17,"Plan Width":22,"Actual Startup Time":0.0,"Actual Total Time":0.0,"Actual Rows":0,"Actual Loops":0,"Output":["order_line.ol_amount","order_line.ol_supply_w_id","order_line.ol_i_id","order_line.ol_w_id","order_line.ol_d_id","order_line.ol_o_id"],"Filter":"((order_line.ol_delivery_d <= '1997-01-01 20:10:02.27764'::timestamp without time zone) AND (order_line.ol_delivery_d >= '1995-01-02 20:10:02.27764'::timestamp without time zone))","Rows Removed by Filter":0,"Shared Hit Blocks":0,"Shared Read Blocks":0,"Shared Dirtied Blocks":0,"Shared Written Blocks":0,"Local Hit Blocks":0,"Local Read Blocks":0,"Local Dirtied Blocks":0,"Local Written Blocks":0,"Temp Read Blocks":0,"Temp Written Blocks":0,"I/O Read Time":0.0,"I/O Write Time":0.0,"Temp I/O Read Time":0.0,"Temp I/O Write Time":0.0}]},{"Node Type":"Hash","Parent Relationship":"Inner","Parallel Aware":false,"Async Capable":false,"Startup Cost":76477.53,"Total Cost":76477.53,"Plan Rows":2998177,"Plan Width":24,"Actual Rows":2997892,"Actual Loops":1,"Output":["orders.o_entry_d","orders.o_w_id","orders.o_d_id","orders.o_id","orders.o_c_id"],"Shared Hit Blocks":0,"Shared Read Blocks":0,"Shared Dirtied Blocks":0,"Shared Written Blocks":0,"Local Hit Blocks":0,"Local Read Blocks":0,"Local Dirtied Blocks":0,"Local Written Blocks":0,"Temp Read Blocks":0,"Temp Written Blocks":0,"I/O Read Time":0.0,"I/O Write Time":0.0,"Temp I/O Read Time":0.0,"Temp I/O Write Time":0.0,"Plans":[{"Node Type":"Append","Parent Relationship":"Outer","Parallel Aware":false,"Async Capable":false,"Startup Cost":20.0,"Total Cost":76477.53,"Plan Rows":2998177,"Plan Width":24,"Actual Startup Time":1.573,"Actual Total Time":1.574,"Actual Rows":2997892,"Actual Loops":1,"Shared Hit Blocks":0,"Shared Read Blocks":0,"Shared Dirtied Blocks":0,"Shared Written Blocks":0,"Local Hit Blocks":0,"Local Read Blocks":0,"Local Dirtied Blocks":0,"Local Written Blocks":0,"Temp Read Blocks":0,"Temp Written Blocks":0,"I/O Read Time":0.0,"I/O Write Time":0.0,"Temp I/O Read Time":0.0,"Temp I/O Write Time":0.0,"Subplans Removed":0,"Plans":[{"Node Type":"Custom Scan","Parent Relationship":"Member","Custom Plan Provider":"columnar scan","Parallel Aware":false,"Async Capable":false,"Relation Name":"orders","Schema":"public","Alias":"orders","Startup Cost":20.0,"Total Cost":76473.52,"Plan Rows":2998176,"Plan Width":24,"Actual Startup Time":1.572,"Actual Total Time":1.572,"Actual Rows":2997892,"Actual Loops":1,"Output":["orders.o_entry_d","orders.o_w_id","orders.o_d_id","orders.o_id","orders.o_c_id"],"Filter":"(orders.o_entry_d >= '1992-01-02 20:10:02.27764'::timestamp without time zone)","Rows Removed by Filter":0,"Rows Removed by Columnar Filter":2108,"Columnar cache search mode":"native","Shared Hit Blocks":0,"Shared Read Blocks":0,"Shared Dirtied Blocks":0,"Shared Written Blocks":0,"Local Hit Blocks":0,"Local Read Blocks":0,"Local Dirtied Blocks":0,"Local Written Blocks":0,"Temp Read Blocks":0,"Temp Written Blocks":0,"I/O Read Time":0.0,"I/O Write Time":0.0,"Temp I/O Read Time":0.0,"Temp I/O Write Time":0.0},{"Node Type":"Seq Scan","Parent Relationship":"Member","Parallel Aware":false,"Async Capable":false,"Relation Name":"orders","Schema":"public","Alias":"orders","Startup Cost":0.0,"Total Cost":4.01,"Plan Rows":1,"Plan Width":24,"Actual Startup Time":0.0,"Actual Total Time":0.0,"Actual Rows":0,"Actual Loops":0,"Output":["orders.o_entry_d","orders.o_w_id","orders.o_d_id","orders.o_id","orders.o_c_id"],"Filter":"(orders.o_entry_d >= '1992-01-02 20:10:02.27764'::timestamp without time zone)","Rows Removed by Filter":0,"Shared Hit Blocks":0,"Shared Read Blocks":0,"Shared Dirtied Blocks":0,"Shared Written Blocks":0,"Local Hit Blocks":0,"Local Read Blocks":0,"Local Dirtied Blocks":0,"Local Written Blocks":0,"Temp Read Blocks":0,"Temp Written Blocks":0,"I/O Read Time":0.0,"I/O Write Time":0.0,"Temp I/O Read Time":0.0,"Temp I/O Write Time":0.0}]}]}]},{"Node Type":"Hash","Parent Relationship":"Inner","Parallel Aware":false,"Async Capable":false,"Startup Cost":70517.88,"Total Cost":70517.88,"Plan Rows":2999739,"Plan Width":12,"Actual Rows":3000000,"Actual Loops":1,"Output":["customer.c_nationkey","customer.c_id","customer.c_w_id","customer.c_d_id"],"Shared Hit Blocks":0,"Shared Read Blocks":0,"Shared Dirtied Blocks":0,"Shared Written Blocks":0,"Local Hit Blocks":0,"Local Read Blocks":0,"Local Dirtied Blocks":0,"Local Written Blocks":0,"Temp Read Blocks":0,"Temp Written Blocks":0,"I/O Read Time":0.0,"I/O Write Time":0.0,"Temp I/O Read Time":0.0,"Temp I/O Write Time":0.0,"Plans":[{"Node Type":"Append","Parent Relationship":"Outer","Parallel Aware":false,"Async Capable":false,"Startup Cost":20.0,"Total Cost":70517.88,"Plan Rows":2999739,"Plan Width":12,"Actual Startup Time":0.102,"Actual Total Time":0.103,"Actual Rows":3000000,"Actual Loops":1,"Shared Hit Blocks":0,"Shared Read Blocks":0,"Shared Dirtied Blocks":0,"Shared Written Blocks":0,"Local Hit Blocks":0,"Local Read Blocks":0,"Local Dirtied Blocks":0,"Local Written Blocks":0,"Temp Read Blocks":0,"Temp Written Blocks":0,"I/O Read Time":0.0,"I/O Write Time":0.0,"Temp I/O Read Time":0.0,"Temp I/O Write Time":0.0,"Subplans Removed":0,"Plans":[{"Node Type":"Custom Scan","Parent Relationship":"Member","Custom Plan Provider":"columnar scan","Parallel Aware":false,"Async Capable":false,"Relation Name":"customer","Schema":"public","Alias":"customer","Startup Cost":20.0,"Total Cost":70513.87,"Plan Rows":2999738,"Plan Width":12,"Actual Startup Time":0.102,"Actual Total Time":0.102,"Actual Rows":3000000,"Actual Loops":1,"Output":["customer.c_nationkey","customer.c_id","customer.c_w_id","customer.c_d_id"],"Rows Removed by Columnar Filter":0,"Columnar cache search mode":"native","Shared Hit Blocks":0,"Shared Read Blocks":0,"Shared Dirtied Blocks":0,"Shared Written Blocks":0,"Local Hit Blocks":0,"Local Read Blocks":0,"Local Dirtied Blocks":0,"Local Written Blocks":0,"Temp Read Blocks":0,"Temp Written Blocks":0,"I/O Read Time":0.0,"I/O Write Time":0.0,"Temp I/O Read Time":0.0,"Temp I/O Write Time":0.0},{"Node Type":"Seq Scan","Parent Relationship":"Member","Parallel Aware":false,"Async Capable":false,"Relation Name":"customer","Schema":"public","Alias":"customer","Startup Cost":0.0,"Total Cost":4.01,"Plan Rows":1,"Plan Width":12,"Actual Startup Time":0.0,"Actual Total Time":0.0,"Actual Rows":0,"Actual Loops":0,"Output":["customer.c_nationkey","customer.c_id","customer.c_w_id","customer.c_d_id"],"Shared Hit Blocks":0,"Shared Read Blocks":0,"Shared Dirtied Blocks":0,"Shared Written Blocks":0,"Local Hit Blocks":0,"Local Read Blocks":0,"Local Dirtied Blocks":0,"Local Written Blocks":0,"Temp Read Blocks":0,"Temp Written Blocks":0,"I/O Read Time":0.0,"I/O Write Time":0.0,"Temp I/O Read Time":0.0,"Temp I/O Write Time":0.0}]}]}]},{"Node Type":"Hash","Parent Relationship":"Inner","Parallel Aware":false,"Async Capable":false,"Startup Cost":24.07,"Total Cost":24.07,"Plan Rows":3,"Plan Width":12,"Actual Rows":2,"Actual Loops":1,"Output":["n2.n_nationkey","n2.n_name"],"Shared Hit Blocks":0,"Shared Read Blocks":0,"Shared Dirtied Blocks":0,"Shared Written Blocks":0,"Local Hit Blocks":0,"Local Read Blocks":0,"Local Dirtied Blocks":0,"Local Written Blocks":0,"Temp Read Blocks":0,"Temp Written Blocks":0,"I/O Read Time":0.0,"I/O Write Time":0.0,"Temp I/O Read Time":0.0,"Temp I/O Write Time":0.0,"Plans":[{"Node Type":"Append","Parent Relationship":"Outer","Parallel Aware":false,"Async Capable":false,"Startup Cost":20.0,"Total Cost":24.07,"Plan Rows":3,"Plan Width":12,"Actual Startup Time":0.026,"Actual Total Time":0.027,"Actual Rows":2,"Actual Loops":1,"Shared Hit Blocks":0,"Shared Read Blocks":0,"Shared Dirtied Blocks":0,"Shared Written Blocks":0,"Local Hit Blocks":0,"Local Read Blocks":0,"Local Dirtied Blocks":0,"Local Written Blocks":0,"Temp Read Blocks":0,"Temp Written Blocks":0,"I/O Read Time":0.0,"I/O Write Time":0.0,"Temp I/O Read Time":0.0,"Temp I/O Write Time":0.0,"Subplans Removed":0,"Plans":[{"Node Type":"Custom Scan","Parent Relationship":"Member","Custom Plan Provider":"columnar scan","Parallel Aware":false,"Async Capable":false,"Relation Name":"nation","Schema":"public","Alias":"n2","Startup Cost":20.0,"Total Cost":20.05,"Plan Rows":2,"Plan Width":12,"Actual Startup Time":0.026,"Actual Total Time":0.026,"Actual Rows":2,"Actual Loops":1,"Output":["n2.n_nationkey","n2.n_name"],"Filter":"(((n2.n_name)::text = 'Cambodia'::text) OR ((n2.n_name)::text = 'Germany'::text))","Rows Removed by Filter":0,"Rows Removed by Columnar Filter":60,"Columnar cache search mode":"native","Shared Hit Blocks":0,"Shared Read Blocks":0,"Shared Dirtied Blocks":0,"Shared Written Blocks":0,"Local Hit Blocks":0,"Local Read Blocks":0,"Local Dirtied Blocks":0,"Local Written Blocks":0,"Temp Read Blocks":0,"Temp Written Blocks":0,"I/O Read Time":0.0,"I/O Write Time":0.0,"Temp I/O Read Time":0.0,"Temp I/O Write Time":0.0},{"Node Type":"Seq Scan","Parent Relationship":"Member","Parallel Aware":false,"Async Capable":false,"Relation Name":"nation","Schema":"public","Alias":"n2","Startup Cost":0.0,"Total Cost":4.01,"Plan Rows":1,"Plan Width":12,"Actual Startup Time":0.0,"Actual Total Time":0.0,"Actual Rows":0,"Actual Loops":0,"Output":["n2.n_nationkey","n2.n_name"],"Filter":"(((n2.n_name)::text = 'Cambodia'::text) OR ((n2.n_name)::text = 'Germany'::text))","Rows Removed by Filter":0,"Shared Hit Blocks":0,"Shared Read Blocks":0,"Shared Dirtied Blocks":0,"Shared Written Blocks":0,"Local Hit Blocks":0,"Local Read Blocks":0,"Local Dirtied Blocks":0,"Local Written Blocks":0,"Temp Read Blocks":0,"Temp Written Blocks":0,"I/O Read Time":0.0,"I/O Write Time":0.0,"Temp I/O Read Time":0.0,"Temp I/O Write Time":0.0}]}]}]}]}]},{"Node Type":"Hash","Parent Relationship":"Inner","Parallel Aware":false,"Async Capable":false,"Startup Cost":219.01,"Total Cost":219.01,"Plan Rows":10001,"Plan Width":8,"Actual Startup Time":3.111,"Actual Total Time":3.112,"Actual Rows":10000,"Actual Loops":1,"Output":["supplier.su_nationkey","supplier.su_suppkey"],"Hash Buckets":16384,"Original Hash Buckets":16384,"Hash Batches":1,"Original Hash Batches":1,"Peak Memory Usage":519,"Shared Hit Blocks":0,"Shared Read Blocks":0,"Shared Dirtied Blocks":0,"Shared Written Blocks":0,"Local Hit Blocks":0,"Local Read Blocks":0,"Local Dirtied Blocks":0,"Local Written Blocks":0,"Temp Read Blocks":0,"Temp Written Blocks":0,"I/O Read Time":0.0,"I/O Write Time":0.0,"Temp I/O Read Time":0.0,"Temp I/O Write Time":0.0,"Plans":[{"Node Type":"Append","Parent Relationship":"Outer","Parallel Aware":false,"Async Capable":false,"Startup Cost":20.0,"Total Cost":219.01,"Plan Rows":10001,"Plan Width":8,"Actual Startup Time":0.01,"Actual Total Time":1.897,"Actual Rows":10000,"Actual Loops":1,"Shared Hit Blocks":0,"Shared Read Blocks":0,"Shared Dirtied Blocks":0,"Shared Written Blocks":0,"Local Hit Blocks":0,"Local Read Blocks":0,"Local Dirtied Blocks":0,"Local Written Blocks":0,"Temp Read Blocks":0,"Temp Written Blocks":0,"I/O Read Time":0.0,"I/O Write Time":0.0,"Temp I/O Read Time":0.0,"Temp I/O Write Time":0.0,"Subplans Removed":0,"Plans":[{"Node Type":"Custom Scan","Parent Relationship":"Member","Custom Plan Provider":"columnar scan","Parallel Aware":false,"Async Capable":false,"Relation Name":"supplier","Schema":"public","Alias":"supplier","Startup Cost":20.0,"Total Cost":215.0,"Plan Rows":10000,"Plan Width":8,"Actual Startup Time":0.009,"Actual Total Time":1.144,"Actual Rows":10000,"Actual Loops":1,"Output":["supplier.su_nationkey","supplier.su_suppkey"],"Rows Removed by Columnar Filter":0,"Columnar cache search mode":"native","Shared Hit Blocks":0,"Shared Read Blocks":0,"Shared Dirtied Blocks":0,"Shared Written Blocks":0,"Local Hit Blocks":0,"Local Read Blocks":0,"Local Dirtied Blocks":0,"Local Written Blocks":0,"Temp Read Blocks":0,"Temp Written Blocks":0,"I/O Read Time":0.0,"I/O Write Time":0.0,"Temp I/O Read Time":0.0,"Temp I/O Write Time":0.0},{"Node Type":"Seq Scan","Parent Relationship":"Member","Parallel Aware":false,"Async Capable":false,"Relation Name":"supplier","Schema":"public","Alias":"supplier","Startup Cost":0.0,"Total Cost":4.01,"Plan Rows":1,"Plan Width":8,"Actual Startup Time":0.0,"Actual Total Time":0.0,"Actual Rows":0,"Actual Loops":0,"Output":["supplier.su_nationkey","supplier.su_suppkey"],"Shared Hit Blocks":0,"Shared Read Blocks":0,"Shared Dirtied Blocks":0,"Shared Written Blocks":0,"Local Hit Blocks":0,"Local Read Blocks":0,"Local Dirtied Blocks":0,"Local Written Blocks":0,"Temp Read Blocks":0,"Temp Written Blocks":0,"I/O Read Time":0.0,"I/O Write Time":0.0,"Temp I/O Read Time":0.0,"Temp I/O Write Time":0.0}]}]}]},{"Node Type":"Hash","Parent Relationship":"Inner","Parallel Aware":false,"Async Capable":false,"Startup Cost":1.93,"Total Cost":1.93,"Plan Rows":2,"Plan Width":12,"Actual Startup Time":0.022,"Actual Total Time":0.022,"Actual Rows":2,"Actual Loops":1,"Output":["n1.n_nationkey","n1.n_name"],"Hash Buckets":1024,"Original Hash Buckets":1024,"Hash Batches":1,"Original Hash Batches":1,"Peak Memory Usage":9,"Shared Hit Blocks":1,"Shared Read Blocks":0,"Shared Dirtied Blocks":0,"Shared Written Blocks":0,"Local Hit Blocks":0,"Local Read Blocks":0,"Local Dirtied Blocks":0,"Local Written Blocks":0,"Temp Read Blocks":0,"Temp Written Blocks":0,"I/O Read Time":0.0,"I/O Write Time":0.0,"Temp I/O Read Time":0.0,"Temp I/O Write Time":0.0,"Plans":[{"Node Type":"Seq Scan","Parent Relationship":"Outer","Parallel Aware":false,"Async Capable":false,"Relation Name":"nation","Schema":"public","Alias":"n1","Startup Cost":0.0,"Total Cost":1.93,"Plan Rows":2,"Plan Width":12,"Actual Startup Time":0.013,"Actual Total Time":0.018,"Actual Rows":2,"Actual Loops":1,"Output":["n1.n_nationkey","n1.n_name"],"Filter":"(((n1.n_name)::text = 'Germany'::text) OR ((n1.n_name)::text = 'Cambodia'::text))","Rows Removed by Filter":60,"Shared Hit Blocks":1,"Shared Read Blocks":0,"Shared Dirtied Blocks":0,"Shared Written Blocks":0,"Local Hit Blocks":0,"Local Read Blocks":0,"Local Dirtied Blocks":0,"Local Written Blocks":0,"Temp Read Blocks":0,"Temp Written Blocks":0,"I/O Read Time":0.0,"I/O Write Time":0.0,"Temp I/O Read Time":0.0,"Temp I/O Write Time":0.0}]}]}]}]},"Planning":{"Shared Hit Blocks":12,"Shared Read Blocks":0,"Shared Dirtied Blocks":0,"Shared Written Blocks":0,"Local Hit Blocks":0,"Local Read Blocks":0,"Local Dirtied Blocks":0,"Local Written Blocks":0,"Temp Read Blocks":0,"Temp Written Blocks":0,"I/O Read Time":0.0,"I/O Write Time":0.0,"Temp I/O Read Time":0.0,"Temp I/O Write Time":0.0},"Planning Time":3.666,"Triggers":[],"Execution Time":1426.537}]
