[列存组合]: 无列存
[{"Plan":{"Node Type":"Limit","Parallel Aware":false,"Async Capable":false,"Startup Cost":1391547.54,"Total Cost":1391550.04,"Plan Rows":1000,"Plan Width":89,"Actual Startup Time":9316.77,"Actual Total Time":9316.888,"Actual Rows":1000,"Actual Loops":1,"Output":["customer.c_id","customer.c_last","(sum(order_line.ol_amount))","customer.c_city","customer.c_phone","nation.n_name"],"Shared Hit Blocks":592622,"Shared Read Blocks":0,"Shared Dirtied Blocks":0,"Shared Written Blocks":0,"Local Hit Blocks":0,"Local Read Blocks":0,"Local Dirtied Blocks":0,"Local Written Blocks":0,"Temp Read Blocks":52228,"Temp Written Blocks":52262,"I/O Read Time":0.0,"I/O Write Time":0.0,"Temp I/O Read Time":81.077,"Temp I/O Write Time":208.941,"Plans":[{"Node Type":"Sort","Parent Relationship":"Outer","Parallel Aware":false,"Async Capable":false,"Startup Cost":1391547.54,"Total Cost":1392189.07,"Plan Rows":256611,"Plan Width":89,"Actual Startup Time":9316.769,"Actual Total Time":9316.817,"Actual Rows":1000,"Actual Loops":1,"Output":["customer.c_id","customer.c_last","(sum(order_line.ol_amount))","customer.c_city","customer.c_phone","nation.n_name"],"Sort Key":["(sum(order_line.ol_amount)) DESC"],"Sort Method":"top-N heapsort","Sort Space Used":189,"Sort Space Type":"Memory","Shared Hit Blocks":592622,"Shared Read Blocks":0,"Shared Dirtied Blocks":0,"Shared Written Blocks":0,"Local Hit Blocks":0,"Local Read Blocks":0,"Local Dirtied Blocks":0,"Local Written Blocks":0,"Temp Read Blocks":52228,"Temp Written Blocks":52262,"I/O Read Time":0.0,"I/O Write Time":0.0,"Temp I/O Read Time":81.077,"Temp I/O Write Time":208.941,"Plans":[{"Node Type":"Aggregate","Strategy":"Sorted","Partial Mode":"Simple","Parent Relationship":"Outer","Parallel Aware":false,"Async Capable":false,"Startup Cost":1369779.51,"Total Cost":1377477.84,"Plan Rows":256611,"Plan Width":89,"Actual Startup Time":8742.059,"Actual Total Time":9291.946,"Actual Rows":107979,"Actual Loops":1,"Output":["customer.c_id","customer.c_last","sum(order_line.ol_amount)","customer.c_city","customer.c_phone","nation.n_name"],"Group Key":["customer.c_id","customer.c_last","customer.c_city","customer.c_phone","nation.n_name"],"Shared Hit Blocks":592622,"Shared Read Blocks":0,"Shared Dirtied Blocks":0,"Shared Written Blocks":0,"Local Hit Blocks":0,"Local Read Blocks":0,"Local Dirtied Blocks":0,"Local Written Blocks":0,"Temp Read Blocks":52228,"Temp Written Blocks":52262,"I/O Read Time":0.0,"I/O Write Time":0.0,"Temp I/O Read Time":81.077,"Temp I/O Write Time":208.941,"Plans":[{"Node Type":"Sort","Parent Relationship":"Outer","Parallel Aware":false,"Async Capable":false,"Startup Cost":1369779.51,"Total Cost":1370421.03,"Plan Rows":256611,"Plan Width":61,"Actual Startup Time":8742.034,"Actual Total Time":9002.205,"Actual Rows":1079842,"Actual Loops":1,"Output":["customer.c_id","customer.c_last","customer.c_city","customer.c_phone","nation.n_name","order_line.ol_amount"],"Sort Key":["customer.c_id","customer.c_last","customer.c_city","customer.c_phone","nation.n_name"],"Sort Method":"external merge","Sort Space Used":75256,"Sort Space Type":"Disk","Shared Hit Blocks":592622,"Shared Read Blocks":0,"Shared Dirtied Blocks":0,"Shared Written Blocks":0,"Local Hit Blocks":0,"Local Read Blocks":0,"Local Dirtied Blocks":0,"Local Written Blocks":0,"Temp Read Blocks":52228,"Temp Written Blocks":52262,"I/O Read Time":0.0,"I/O Write Time":0.0,"Temp I/O Read Time":81.077,"Temp I/O Write Time":208.941,"Plans":[{"Node Type":"Nested Loop","Parent Relationship":"Outer","Parallel Aware":false,"Async Capable":false,"Join Type":"Inner","Startup Cost":413311.3,"Total Cost":1337074.5,"Plan Rows":256611,"Plan Width":61,"Actual Startup Time":1947.665,"Actual Total Time":7957.202,"Actual Rows":1079842,"Actual Loops":1,"Output":["customer.c_id","customer.c_last","customer.c_city","customer.c_phone","nation.n_name","order_line.ol_amount"],"Inner Unique":true,"Shared Hit Blocks":592619,"Shared Read Blocks":0,"Shared Dirtied Blocks":0,"Shared Written Blocks":0,"Local Hit Blocks":0,"Local Read Blocks":0,"Local Dirtied Blocks":0,"Local Written Blocks":0,"Temp Read Blocks":33421,"Temp Written Blocks":33421,"I/O Read Time":0.0,"I/O Write Time":0.0,"Temp I/O Read Time":53.217,"Temp I/O Write Time":159.123,"Plans":[{"Node Type":"Hash Join","Parent Relationship":"Outer","Parallel Aware":false,"Async Capable":false,"Join Type":"Inner","Startup Cost":413311.15,"Total Cost":1330713.53,"Plan Rows":256611,"Plan Width":57,"Actual Startup Time":1947.645,"Actual Total Time":7612.446,"Actual Rows":1079842,"Actual Loops":1,"Output":["customer.c_id","customer.c_last","customer.c_city","customer.c_phone","customer.c_nationkey","order_line.ol_amount"],"Inner Unique":true,"Hash Cond":"((orders.o_c_id = customer.c_id) AND (orders.o_w_id = customer.c_w_id) AND (orders.o_d_id = customer.c_d_id))","Shared Hit Blocks":592547,"Shared Read Blocks":0,"Shared Dirtied Blocks":0,"Shared Written Blocks":0,"Local Hit Blocks":0,"Local Read Blocks":0,"Local Dirtied Blocks":0,"Local Written Blocks":0,"Temp Read Blocks":33421,"Temp Written Blocks":33421,"I/O Read Time":0.0,"I/O Write Time":0.0,"Temp I/O Read Time":53.217,"Temp I/O Write Time":159.123,"Plans":[{"Node Type":"Hash Join","Parent Relationship":"Outer","Parallel Aware":false,"Async Capable":false,"Join Type":"Inner","Startup Cost":68990.35,"Total Cost":949641.92,"Plan Rows":256611,"Plan Width":16,"Actual Startup Time":293.873,"Actual Total Time":5191.107,"Actual Rows":1079842,"Actual Loops":1,"Output":["orders.o_c_id","orders.o_w_id","orders.o_d_id","order_line.ol_amount","order_line.ol_w_id","order_line.ol_d_id"],"Inner Unique":true,"Hash Cond":"((order_line.ol_w_id = orders.o_w_id) AND (order_line.ol_d_id = orders.o_d_id) AND (order_line.ol_o_id = orders.o_id))","Join Filter":"(orders.o_entry_d <= order_line.ol_delivery_d)","Rows Removed by Join Filter":0,"Shared Hit Blocks":362943,"Shared Read Blocks":0,"Shared Dirtied Blocks":0,"Shared Written Blocks":0,"Local Hit Blocks":0,"Local Read Blocks":0,"Local Dirtied Blocks":0,"Local Written Blocks":0,"Temp Read Blocks":0,"Temp Written Blocks":0,"I/O Read Time":0.0,"I/O Write Time":0.0,"Temp I/O Read Time":0.0,"Temp I/O Write Time":0.0,"Plans":[{"Node Type":"Seq Scan","Parent Relationship":"Outer","Parallel Aware":false,"Async Capable":false,"Relation Name":"order_line","Schema":"public","Alias":"order_line","Startup Cost":0.0,"Total Cost":715856.4,"Plan Rows":20926367,"Plan Width":24,"Actual Startup Time":0.008,"Actual Total Time":2869.297,"Actual Rows":21002151,"Actual Loops":1,"Output":["order_line.ol_o_id","order_line.ol_d_id","order_line.ol_w_id","order_line.ol_number","order_line.ol_i_id","order_line.ol_supply_w_id","order_line.ol_delivery_d","order_line.ol_quantity","order_line.ol_amount","order_line.ol_dist_info"],"Filter":"(order_line.ol_delivery_d >= '1992-01-02 20:10:02.27764'::timestamp without time zone)","Rows Removed by Filter":8995581,"Shared Hit Blocks":340884,"Shared Read Blocks":0,"Shared Dirtied Blocks":0,"Shared Written Blocks":0,"Local Hit Blocks":0,"Local Read Blocks":0,"Local Dirtied Blocks":0,"Local Written Blocks":0,"Temp Read Blocks":0,"Temp Written Blocks":0,"I/O Read Time":0.0,"I/O Write Time":0.0,"Temp I/O Read Time":0.0,"Temp I/O Write Time":0.0},{"Node Type":"Hash","Parent Relationship":"Inner","Parallel Aware":false,"Async Capable":false,"Startup Cost":67059.0,"Total Cost":67059.0,"Plan Rows":110363,"Plan Width":24,"Actual Startup Time":220.232,"Actual Total Time":220.234,"Actual Rows":107979,"Actual Loops":1,"Output":["orders.o_c_id","orders.o_w_id","orders.o_d_id","orders.o_id","orders.o_entry_d"],"Hash Buckets":131072,"Original Hash Buckets":131072,"Hash Batches":1,"Original Hash Batches":1,"Peak Memory Usage":6930,"Shared Hit Blocks":22059,"Shared Read Blocks":0,"Shared Dirtied Blocks":0,"Shared Written Blocks":0,"Local Hit Blocks":0,"Local Read Blocks":0,"Local Dirtied Blocks":0,"Local Written Blocks":0,"Temp Read Blocks":0,"Temp Written Blocks":0,"I/O Read Time":0.0,"I/O Write Time":0.0,"Temp I/O Read Time":0.0,"Temp I/O Write Time":0.0,"Plans":[{"Node Type":"Seq Scan","Parent Relationship":"Outer","Parallel Aware":false,"Async Capable":false,"Relation Name":"orders","Schema":"public","Alias":"orders","Startup Cost":0.0,"Total Cost":67059.0,"Plan Rows":110363,"Plan Width":24,"Actual Startup Time":1.215,"Actual Total Time":199.126,"Actual Rows":107979,"Actual Loops":1,"Output":["orders.o_c_id","orders.o_w_id","orders.o_d_id","orders.o_id","orders.o_entry_d"],"Filter":"((orders.o_entry_d >= '1993-07-02 20:10:02.27764'::timestamp without time zone) AND (orders.o_entry_d < '1993-10-02 20:10:02.27764'::timestamp without time zone))","Rows Removed by Filter":2892021,"Shared Hit Blocks":22059,"Shared Read Blocks":0,"Shared Dirtied Blocks":0,"Shared Written Blocks":0,"Local Hit Blocks":0,"Local Read Blocks":0,"Local Dirtied Blocks":0,"Local Written Blocks":0,"Temp Read Blocks":0,"Temp Written Blocks":0,"I/O Read Time":0.0,"I/O Write Time":0.0,"Temp I/O Read Time":0.0,"Temp I/O Write Time":0.0}]}]},{"Node Type":"Hash","Parent Relationship":"Inner","Parallel Aware":false,"Async Capable":false,"Startup Cost":259601.38,"Total Cost":259601.38,"Plan Rows":2999738,"Plan Width":57,"Actual Startup Time":1652.537,"Actual Total Time":1652.538,"Actual Rows":3000000,"Actual Loops":1,"Output":["customer.c_id","customer.c_last","customer.c_city","customer.c_phone","customer.c_w_id","customer.c_d_id","customer.c_nationkey"],"Hash Buckets":131072,"Original Hash Buckets":131072,"Hash Batches":64,"Original Hash Batches":64,"Peak Memory Usage":5226,"Shared Hit Blocks":229604,"Shared Read Blocks":0,"Shared Dirtied Blocks":0,"Shared Written Blocks":0,"Local Hit Blocks":0,"Local Read Blocks":0,"Local Dirtied Blocks":0,"Local Written Blocks":0,"Temp Read Blocks":0,"Temp Written Blocks":28654,"I/O Read Time":0.0,"I/O Write Time":0.0,"Temp I/O Read Time":0.0,"Temp I/O Write Time":134.012,"Plans":[{"Node Type":"Seq Scan","Parent Relationship":"Outer","Parallel Aware":false,"Async Capable":false,"Relation Name":"customer","Schema":"public","Alias":"customer","Startup Cost":0.0,"Total Cost":259601.38,"Plan Rows":2999738,"Plan Width":57,"Actual Startup Time":0.011,"Actual Total Time":949.667,"Actual Rows":3000000,"Actual Loops":1,"Output":["customer.c_id","customer.c_last","customer.c_city","customer.c_phone","customer.c_w_id","customer.c_d_id","customer.c_nationkey"],"Shared Hit Blocks":229604,"Shared Read Blocks":0,"Shared Dirtied Blocks":0,"Shared Written Blocks":0,"Local Hit Blocks":0,"Local Read Blocks":0,"Local Dirtied Blocks":0,"Local Written Blocks":0,"Temp Read Blocks":0,"Temp Written Blocks":0,"I/O Read Time":0.0,"I/O Write Time":0.0,"Temp I/O Read Time":0.0,"Temp I/O Write Time":0.0}]}]},{"Node Type":"Memoize","Parent Relationship":"Inner","Parallel Aware":false,"Async Capable":false,"Startup Cost":0.15,"Total Cost":0.17,"Plan Rows":1,"Plan Width":12,"Actual Startup Time":0.0,"Actual Total Time":0.0,"Actual Rows":1,"Actual Loops":1079842,"Output":["nation.n_name","nation.n_nationkey"],"Cache Key":"customer.c_nationkey","Cache Mode":"logical","Cache Hits":1079806,"Cache Misses":36,"Cache Evictions":0,"Cache Overflows":0,"Peak Memory Usage":4,"Shared Hit Blocks":72,"Shared Read Blocks":0,"Shared Dirtied Blocks":0,"Shared Written Blocks":0,"Local Hit Blocks":0,"Local Read Blocks":0,"Local Dirtied Blocks":0,"Local Written Blocks":0,"Temp Read Blocks":0,"Temp Written Blocks":0,"I/O Read Time":0.0,"I/O Write Time":0.0,"Temp I/O Read Time":0.0,"Temp I/O Write Time":0.0,"Plans":[{"Node Type":"Index Scan","Parent Relationship":"Outer","Parallel Aware":false,"Async Capable":false,"Scan Direction":"Forward","Index Name":"nation_pk","Relation Name":"nation","Schema":"public","Alias":"nation","Startup Cost":0.14,"Total Cost":0.16,"Plan Rows":1,"Plan Width":12,"Actual Startup Time":0.002,"Actual Total Time":0.002,"Actual Rows":1,"Actual Loops":36,"Output":["nation.n_name","nation.n_nationkey"],"Index Cond":"(nation.n_nationkey = customer.c_nationkey)","Rows Removed by Index Recheck":0,"Shared Hit Blocks":72,"Shared Read Blocks":0,"Shared Dirtied Blocks":0,"Shared Written Blocks":0,"Local Hit Blocks":0,"Local Read Blocks":0,"Local Dirtied Blocks":0,"Local Written Blocks":0,"Temp Read Blocks":0,"Temp Written Blocks":0,"I/O Read Time":0.0,"I/O Write Time":0.0,"Temp I/O Read Time":0.0,"Temp I/O Write Time":0.0}]}]}]}]}]}]},"Planning":{"Shared Hit Blocks":50,"Shared Read Blocks":0,"Shared Dirtied Blocks":6,"Shared Written Blocks":0,"Local Hit Blocks":0,"Local Read Blocks":0,"Local Dirtied Blocks":0,"Local Written Blocks":0,"Temp Read Blocks":0,"Temp Written Blocks":0,"I/O Read Time":0.0,"I/O Write Time":0.0,"Temp I/O Read Time":0.0,"Temp I/O Write Time":0.0},"Planning Time":1.064,"Triggers":[],"Execution Time":9336.289}]
[列存组合]: customer
[{"Plan":{"Node Type":"Limit","Parallel Aware":false,"Async Capable":false,"Startup Cost":1386457.34,"Total Cost":1386459.84,"Plan Rows":1000,"Plan Width":89,"Actual Startup Time":9008.281,"Actual Total Time":9008.388,"Actual Rows":1000,"Actual Loops":1,"Output":["customer.c_id","customer.c_last","(sum(order_line.ol_amount))","customer.c_city","customer.c_phone","nation.n_name"],"Shared Hit Blocks":363015,"Shared Read Blocks":0,"Shared Dirtied Blocks":0,"Shared Written Blocks":0,"Local Hit Blocks":0,"Local Read Blocks":0,"Local Dirtied Blocks":0,"Local Written Blocks":0,"Temp Read Blocks":40840,"Temp Written Blocks":40874,"I/O Read Time":0.0,"I/O Write Time":0.0,"Temp I/O Read Time":63.368,"Temp I/O Write Time":152.843,"Plans":[{"Node Type":"Sort","Parent Relationship":"Outer","Parallel Aware":false,"Async Capable":false,"Startup Cost":1386457.34,"Total Cost":1387098.86,"Plan Rows":256611,"Plan Width":89,"Actual Startup Time":9008.279,"Actual Total Time":9008.323,"Actual Rows":1000,"Actual Loops":1,"Output":["customer.c_id","customer.c_last","(sum(order_line.ol_amount))","customer.c_city","customer.c_phone","nation.n_name"],"Sort Key":["(sum(order_line.ol_amount)) DESC"],"Sort Method":"top-N heapsort","Sort Space Used":189,"Sort Space Type":"Memory","Shared Hit Blocks":363015,"Shared Read Blocks":0,"Shared Dirtied Blocks":0,"Shared Written Blocks":0,"Local Hit Blocks":0,"Local Read Blocks":0,"Local Dirtied Blocks":0,"Local Written Blocks":0,"Temp Read Blocks":40840,"Temp Written Blocks":40874,"I/O Read Time":0.0,"I/O Write Time":0.0,"Temp I/O Read Time":63.368,"Temp I/O Write Time":152.843,"Plans":[{"Node Type":"Aggregate","Strategy":"Sorted","Partial Mode":"Simple","Parent Relationship":"Outer","Parallel Aware":false,"Async Capable":false,"Startup Cost":1364689.3,"Total Cost":1372387.63,"Plan Rows":256611,"Plan Width":89,"Actual Startup Time":8433.796,"Actual Total Time":8983.281,"Actual Rows":107979,"Actual Loops":1,"Output":["customer.c_id","customer.c_last","sum(order_line.ol_amount)","customer.c_city","customer.c_phone","nation.n_name"],"Group Key":["customer.c_id","customer.c_last","customer.c_city","customer.c_phone","nation.n_name"],"Shared Hit Blocks":363015,"Shared Read Blocks":0,"Shared Dirtied Blocks":0,"Shared Written Blocks":0,"Local Hit Blocks":0,"Local Read Blocks":0,"Local Dirtied Blocks":0,"Local Written Blocks":0,"Temp Read Blocks":40840,"Temp Written Blocks":40874,"I/O Read Time":0.0,"I/O Write Time":0.0,"Temp I/O Read Time":63.368,"Temp I/O Write Time":152.843,"Plans":[{"Node Type":"Sort","Parent Relationship":"Outer","Parallel Aware":false,"Async Capable":false,"Startup Cost":1364689.3,"Total Cost":1365330.83,"Plan Rows":256611,"Plan Width":61,"Actual Startup Time":8433.769,"Actual Total Time":8692.786,"Actual Rows":1079842,"Actual Loops":1,"Output":["customer.c_id","customer.c_last","customer.c_city","customer.c_phone","nation.n_name","order_line.ol_amount"],"Sort Key":["customer.c_id","customer.c_last","customer.c_city","customer.c_phone","nation.n_name"],"Sort Method":"external merge","Sort Space Used":75240,"Sort Space Type":"Disk","Shared Hit Blocks":363015,"Shared Read Blocks":0,"Shared Dirtied Blocks":0,"Shared Written Blocks":0,"Local Hit Blocks":0,"Local Read Blocks":0,"Local Dirtied Blocks":0,"Local Written Blocks":0,"Temp Read Blocks":40840,"Temp Written Blocks":40874,"I/O Read Time":0.0,"I/O Write Time":0.0,"Temp I/O Read Time":63.368,"Temp I/O Write Time":152.843,"Plans":[{"Node Type":"Nested Loop","Parent Relationship":"Outer","Parallel Aware":false,"Async Capable":false,"Join Type":"Inner","Startup Cost":408221.09,"Total Cost":1331984.3,"Plan Rows":256611,"Plan Width":61,"Actual Startup Time":1434.831,"Actual Total Time":7618.517,"Actual Rows":1079842,"Actual Loops":1,"Output":["customer.c_id","customer.c_last","customer.c_city","customer.c_phone","nation.n_name","order_line.ol_amount"],"Inner Unique":true,"Shared Hit Blocks":363015,"Shared Read Blocks":0,"Shared Dirtied Blocks":0,"Shared Written Blocks":0,"Local Hit Blocks":0,"Local Read Blocks":0,"Local Dirtied Blocks":0,"Local Written Blocks":0,"Temp Read Blocks":22036,"Temp Written Blocks":22036,"I/O Read Time":0.0,"I/O Write Time":0.0,"Temp I/O Read Time":35.512,"Temp I/O Write Time":103.073,"Plans":[{"Node Type":"Hash Join","Parent Relationship":"Outer","Parallel Aware":false,"Async Capable":false,"Join Type":"Inner","Startup Cost":408220.94,"Total Cost":1325623.33,"Plan Rows":256611,"Plan Width":57,"Actual Startup Time":1434.806,"Actual Total Time":7260.982,"Actual Rows":1079842,"Actual Loops":1,"Output":["customer.c_id","customer.c_last","customer.c_city","customer.c_phone","customer.c_nationkey","order_line.ol_amount"],"Inner Unique":true,"Hash Cond":"((orders.o_c_id = customer.c_id) AND (orders.o_w_id = customer.c_w_id) AND (orders.o_d_id = customer.c_d_id))","Shared Hit Blocks":362943,"Shared Read Blocks":0,"Shared Dirtied Blocks":0,"Shared Written Blocks":0,"Local Hit Blocks":0,"Local Read Blocks":0,"Local Dirtied Blocks":0,"Local Written Blocks":0,"Temp Read Blocks":22036,"Temp Written Blocks":22036,"I/O Read Time":0.0,"I/O Write Time":0.0,"Temp I/O Read Time":35.512,"Temp I/O Write Time":103.073,"Plans":[{"Node Type":"Hash Join","Parent Relationship":"Outer","Parallel Aware":false,"Async Capable":false,"Join Type":"Inner","Startup Cost":68990.35,"Total Cost":949641.92,"Plan Rows":256611,"Plan Width":16,"Actual Startup Time":292.738,"Actual Total Time":5165.887,"Actual Rows":1079842,"Actual Loops":1,"Output":["orders.o_c_id","orders.o_w_id","orders.o_d_id","order_line.ol_amount","order_line.ol_w_id","order_line.ol_d_id"],"Inner Unique":true,"Hash Cond":"((order_line.ol_w_id = orders.o_w_id) AND (order_line.ol_d_id = orders.o_d_id) AND (order_line.ol_o_id = orders.o_id))","Join Filter":"(orders.o_entry_d <= order_line.ol_delivery_d)","Rows Removed by Join Filter":0,"Shared Hit Blocks":362943,"Shared Read Blocks":0,"Shared Dirtied Blocks":0,"Shared Written Blocks":0,"Local Hit Blocks":0,"Local Read Blocks":0,"Local Dirtied Blocks":0,"Local Written Blocks":0,"Temp Read Blocks":0,"Temp Written Blocks":0,"I/O Read Time":0.0,"I/O Write Time":0.0,"Temp I/O Read Time":0.0,"Temp I/O Write Time":0.0,"Plans":[{"Node Type":"Seq Scan","Parent Relationship":"Outer","Parallel Aware":false,"Async Capable":false,"Relation Name":"order_line","Schema":"public","Alias":"order_line","Startup Cost":0.0,"Total Cost":715856.4,"Plan Rows":20926367,"Plan Width":24,"Actual Startup Time":0.01,"Actual Total Time":2851.739,"Actual Rows":21002151,"Actual Loops":1,"Output":["order_line.ol_o_id","order_line.ol_d_id","order_line.ol_w_id","order_line.ol_number","order_line.ol_i_id","order_line.ol_supply_w_id","order_line.ol_delivery_d","order_line.ol_quantity","order_line.ol_amount","order_line.ol_dist_info"],"Filter":"(order_line.ol_delivery_d >= '1992-01-02 20:10:02.27764'::timestamp without time zone)","Rows Removed by Filter":8995581,"Shared Hit Blocks":340884,"Shared Read Blocks":0,"Shared Dirtied Blocks":0,"Shared Written Blocks":0,"Local Hit Blocks":0,"Local Read Blocks":0,"Local Dirtied Blocks":0,"Local Written Blocks":0,"Temp Read Blocks":0,"Temp Written Blocks":0,"I/O Read Time":0.0,"I/O Write Time":0.0,"Temp I/O Read Time":0.0,"Temp I/O Write Time":0.0},{"Node Type":"Hash","Parent Relationship":"Inner","Parallel Aware":false,"Async Capable":false,"Startup Cost":67059.0,"Total Cost":67059.0,"Plan Rows":110363,"Plan Width":24,"Actual Startup Time":219.345,"Actual Total Time":219.346,"Actual Rows":107979,"Actual Loops":1,"Output":["orders.o_c_id","orders.o_w_id","orders.o_d_id","orders.o_id","orders.o_entry_d"],"Hash Buckets":131072,"Original Hash Buckets":131072,"Hash Batches":1,"Original Hash Batches":1,"Peak Memory Usage":6930,"Shared Hit Blocks":22059,"Shared Read Blocks":0,"Shared Dirtied Blocks":0,"Shared Written Blocks":0,"Local Hit Blocks":0,"Local Read Blocks":0,"Local Dirtied Blocks":0,"Local Written Blocks":0,"Temp Read Blocks":0,"Temp Written Blocks":0,"I/O Read Time":0.0,"I/O Write Time":0.0,"Temp I/O Read Time":0.0,"Temp I/O Write Time":0.0,"Plans":[{"Node Type":"Seq Scan","Parent Relationship":"Outer","Parallel Aware":false,"Async Capable":false,"Relation Name":"orders","Schema":"public","Alias":"orders","Startup Cost":0.0,"Total Cost":67059.0,"Plan Rows":110363,"Plan Width":24,"Actual Startup Time":1.12,"Actual Total Time":198.31,"Actual Rows":107979,"Actual Loops":1,"Output":["orders.o_c_id","orders.o_w_id","orders.o_d_id","orders.o_id","orders.o_entry_d"],"Filter":"((orders.o_entry_d >= '1993-07-02 20:10:02.27764'::timestamp without time zone) AND (orders.o_entry_d < '1993-10-02 20:10:02.27764'::timestamp without time zone))","Rows Removed by Filter":2892021,"Shared Hit Blocks":22059,"Shared Read Blocks":0,"Shared Dirtied Blocks":0,"Shared Written Blocks":0,"Local Hit Blocks":0,"Local Read Blocks":0,"Local Dirtied Blocks":0,"Local Written Blocks":0,"Temp Read Blocks":0,"Temp Written Blocks":0,"I/O Read Time":0.0,"I/O Write Time":0.0,"Temp I/O Read Time":0.0,"Temp I/O Write Time":0.0}]}]},{"Node Type":"Hash","Parent Relationship":"Inner","Parallel Aware":false,"Async Capable":false,"Startup Cost":254511.16,"Total Cost":254511.16,"Plan Rows":2999739,"Plan Width":57,"Actual Startup Time":1139.241,"Actual Total Time":1139.244,"Actual Rows":3000000,"Actual Loops":1,"Output":["customer.c_id","customer.c_last","customer.c_city","customer.c_phone","customer.c_w_id","customer.c_d_id","customer.c_nationkey"],"Hash Buckets":65536,"Original Hash Buckets":65536,"Hash Batches":64,"Original Hash Batches":64,"Peak Memory Usage":3444,"Shared Hit Blocks":0,"Shared Read Blocks":0,"Shared Dirtied Blocks":0,"Shared Written Blocks":0,"Local Hit Blocks":0,"Local Read Blocks":0,"Local Dirtied Blocks":0,"Local Written Blocks":0,"Temp Read Blocks":0,"Temp Written Blocks":17271,"I/O Read Time":0.0,"I/O Write Time":0.0,"Temp I/O Read Time":0.0,"Temp I/O Write Time":77.486,"Plans":[{"Node Type":"Append","Parent Relationship":"Outer","Parallel Aware":false,"Async Capable":false,"Startup Cost":20.0,"Total Cost":254511.16,"Plan Rows":2999739,"Plan Width":57,"Actual Startup Time":0.032,"Actual Total Time":564.237,"Actual Rows":3000000,"Actual Loops":1,"Shared Hit Blocks":0,"Shared Read Blocks":0,"Shared Dirtied Blocks":0,"Shared Written Blocks":0,"Local Hit Blocks":0,"Local Read Blocks":0,"Local Dirtied Blocks":0,"Local Written Blocks":0,"Temp Read Blocks":0,"Temp Written Blocks":0,"I/O Read Time":0.0,"I/O Write Time":0.0,"Temp I/O Read Time":0.0,"Temp I/O Write Time":0.0,"Subplans Removed":0,"Plans":[{"Node Type":"Custom Scan","Parent Relationship":"Member","Custom Plan Provider":"columnar scan","Parallel Aware":false,"Async Capable":false,"Relation Name":"customer","Schema":"public","Alias":"customer","Startup Cost":20.0,"Total Cost":101711.15,"Plan Rows":2999738,"Plan Width":57,"Actual Startup Time":0.03,"Actual Total Time":352.788,"Actual Rows":3000000,"Actual Loops":1,"Output":["customer.c_id","customer.c_last","customer.c_city","customer.c_phone","customer.c_w_id","customer.c_d_id","customer.c_nationkey"],"Rows Removed by Columnar Filter":0,"Columnar projection mode":"late materialization","Columnar cache search mode":"native","Shared Hit Blocks":0,"Shared Read Blocks":0,"Shared Dirtied Blocks":0,"Shared Written Blocks":0,"Local Hit Blocks":0,"Local Read Blocks":0,"Local Dirtied Blocks":0,"Local Written Blocks":0,"Temp Read Blocks":0,"Temp Written Blocks":0,"I/O Read Time":0.0,"I/O Write Time":0.0,"Temp I/O Read Time":0.0,"Temp I/O Write Time":0.0},{"Node Type":"Seq Scan","Parent Relationship":"Member","Parallel Aware":false,"Async Capable":false,"Relation Name":"customer","Schema":"public","Alias":"customer","Startup Cost":0.0,"Total Cost":4.01,"Plan Rows":1,"Plan Width":57,"Actual Startup Time":0.0,"Actual Total Time":0.0,"Actual Rows":0,"Actual Loops":0,"Output":["customer.c_id","customer.c_last","customer.c_city","customer.c_phone","customer.c_w_id","customer.c_d_id","customer.c_nationkey"],"Shared Hit Blocks":0,"Shared Read Blocks":0,"Shared Dirtied Blocks":0,"Shared Written Blocks":0,"Local Hit Blocks":0,"Local Read Blocks":0,"Local Dirtied Blocks":0,"Local Written Blocks":0,"Temp Read Blocks":0,"Temp Written Blocks":0,"I/O Read Time":0.0,"I/O Write Time":0.0,"Temp I/O Read Time":0.0,"Temp I/O Write Time":0.0}]}]}]},{"Node Type":"Memoize","Parent Relationship":"Inner","Parallel Aware":false,"Async Capable":false,"Startup Cost":0.15,"Total Cost":0.17,"Plan Rows":1,"Plan Width":12,"Actual Startup Time":0.0,"Actual Total Time":0.0,"Actual Rows":1,"Actual Loops":1079842,"Output":["nation.n_name","nation.n_nationkey"],"Cache Key":"customer.c_nationkey","Cache Mode":"logical","Cache Hits":1079806,"Cache Misses":36,"Cache Evictions":0,"Cache Overflows":0,"Peak Memory Usage":4,"Shared Hit Blocks":72,"Shared Read Blocks":0,"Shared Dirtied Blocks":0,"Shared Written Blocks":0,"Local Hit Blocks":0,"Local Read Blocks":0,"Local Dirtied Blocks":0,"Local Written Blocks":0,"Temp Read Blocks":0,"Temp Written Blocks":0,"I/O Read Time":0.0,"I/O Write Time":0.0,"Temp I/O Read Time":0.0,"Temp I/O Write Time":0.0,"Plans":[{"Node Type":"Index Scan","Parent Relationship":"Outer","Parallel Aware":false,"Async Capable":false,"Scan Direction":"Forward","Index Name":"nation_pk","Relation Name":"nation","Schema":"public","Alias":"nation","Startup Cost":0.14,"Total Cost":0.16,"Plan Rows":1,"Plan Width":12,"Actual Startup Time":0.002,"Actual Total Time":0.002,"Actual Rows":1,"Actual Loops":36,"Output":["nation.n_name","nation.n_nationkey"],"Index Cond":"(nation.n_nationkey = customer.c_nationkey)","Rows Removed by Index Recheck":0,"Shared Hit Blocks":72,"Shared Read Blocks":0,"Shared Dirtied Blocks":0,"Shared Written Blocks":0,"Local Hit Blocks":0,"Local Read Blocks":0,"Local Dirtied Blocks":0,"Local Written Blocks":0,"Temp Read Blocks":0,"Temp Written Blocks":0,"I/O Read Time":0.0,"I/O Write Time":0.0,"Temp I/O Read Time":0.0,"Temp I/O Write Time":0.0}]}]}]}]}]}]},"Planning":{"Shared Hit Blocks":4,"Shared Read Blocks":0,"Shared Dirtied Blocks":0,"Shared Written Blocks":0,"Local Hit Blocks":0,"Local Read Blocks":0,"Local Dirtied Blocks":0,"Local Written Blocks":0,"Temp Read Blocks":0,"Temp Written Blocks":0,"I/O Read Time":0.0,"I/O Write Time":0.0,"Temp I/O Read Time":0.0,"Temp I/O Write Time":0.0},"Planning Time":1.287,"Triggers":[],"Execution Time":9021.536}]
[列存组合]: nation
[{"Plan":{"Node Type":"Limit","Parallel Aware":false,"Async Capable":false,"Startup Cost":1391547.54,"Total Cost":1391550.04,"Plan Rows":1000,"Plan Width":89,"Actual Startup Time":9290.834,"Actual Total Time":9290.949,"Actual Rows":1000,"Actual Loops":1,"Output":["customer.c_id","customer.c_last","(sum(order_line.ol_amount))","customer.c_city","customer.c_phone","nation.n_name"],"Shared Hit Blocks":592619,"Shared Read Blocks":0,"Shared Dirtied Blocks":0,"Shared Written Blocks":0,"Local Hit Blocks":0,"Local Read Blocks":0,"Local Dirtied Blocks":0,"Local Written Blocks":0,"Temp Read Blocks":52228,"Temp Written Blocks":52262,"I/O Read Time":0.0,"I/O Write Time":0.0,"Temp I/O Read Time":81.112,"Temp I/O Write Time":209.799,"Plans":[{"Node Type":"Sort","Parent Relationship":"Outer","Parallel Aware":false,"Async Capable":false,"Startup Cost":1391547.54,"Total Cost":1392189.07,"Plan Rows":256611,"Plan Width":89,"Actual Startup Time":9290.832,"Actual Total Time":9290.877,"Actual Rows":1000,"Actual Loops":1,"Output":["customer.c_id","customer.c_last","(sum(order_line.ol_amount))","customer.c_city","customer.c_phone","nation.n_name"],"Sort Key":["(sum(order_line.ol_amount)) DESC"],"Sort Method":"top-N heapsort","Sort Space Used":189,"Sort Space Type":"Memory","Shared Hit Blocks":592619,"Shared Read Blocks":0,"Shared Dirtied Blocks":0,"Shared Written Blocks":0,"Local Hit Blocks":0,"Local Read Blocks":0,"Local Dirtied Blocks":0,"Local Written Blocks":0,"Temp Read Blocks":52228,"Temp Written Blocks":52262,"I/O Read Time":0.0,"I/O Write Time":0.0,"Temp I/O Read Time":81.112,"Temp I/O Write Time":209.799,"Plans":[{"Node Type":"Aggregate","Strategy":"Sorted","Partial Mode":"Simple","Parent Relationship":"Outer","Parallel Aware":false,"Async Capable":false,"Startup Cost":1369779.51,"Total Cost":1377477.84,"Plan Rows":256611,"Plan Width":89,"Actual Startup Time":8716.245,"Actual Total Time":9265.963,"Actual Rows":107979,"Actual Loops":1,"Output":["customer.c_id","customer.c_last","sum(order_line.ol_amount)","customer.c_city","customer.c_phone","nation.n_name"],"Group Key":["customer.c_id","customer.c_last","customer.c_city","customer.c_phone","nation.n_name"],"Shared Hit Blocks":592619,"Shared Read Blocks":0,"Shared Dirtied Blocks":0,"Shared Written Blocks":0,"Local Hit Blocks":0,"Local Read Blocks":0,"Local Dirtied Blocks":0,"Local Written Blocks":0,"Temp Read Blocks":52228,"Temp Written Blocks":52262,"I/O Read Time":0.0,"I/O Write Time":0.0,"Temp I/O Read Time":81.112,"Temp I/O Write Time":209.799,"Plans":[{"Node Type":"Sort","Parent Relationship":"Outer","Parallel Aware":false,"Async Capable":false,"Startup Cost":1369779.51,"Total Cost":1370421.03,"Plan Rows":256611,"Plan Width":61,"Actual Startup Time":8716.217,"Actual Total Time":8976.403,"Actual Rows":1079842,"Actual Loops":1,"Output":["customer.c_id","customer.c_last","customer.c_city","customer.c_phone","nation.n_name","order_line.ol_amount"],"Sort Key":["customer.c_id","customer.c_last","customer.c_city","customer.c_phone","nation.n_name"],"Sort Method":"external merge","Sort Space Used":75256,"Sort Space Type":"Disk","Shared Hit Blocks":592619,"Shared Read Blocks":0,"Shared Dirtied Blocks":0,"Shared Written Blocks":0,"Local Hit Blocks":0,"Local Read Blocks":0,"Local Dirtied Blocks":0,"Local Written Blocks":0,"Temp Read Blocks":52228,"Temp Written Blocks":52262,"I/O Read Time":0.0,"I/O Write Time":0.0,"Temp I/O Read Time":81.112,"Temp I/O Write Time":209.799,"Plans":[{"Node Type":"Nested Loop","Parent Relationship":"Outer","Parallel Aware":false,"Async Capable":false,"Join Type":"Inner","Startup Cost":413311.3,"Total Cost":1337074.5,"Plan Rows":256611,"Plan Width":61,"Actual Startup Time":1954.893,"Actual Total Time":7929.938,"Actual Rows":1079842,"Actual Loops":1,"Output":["customer.c_id","customer.c_last","customer.c_city","customer.c_phone","nation.n_name","order_line.ol_amount"],"Inner Unique":true,"Shared Hit Blocks":592619,"Shared Read Blocks":0,"Shared Dirtied Blocks":0,"Shared Written Blocks":0,"Local Hit Blocks":0,"Local Read Blocks":0,"Local Dirtied Blocks":0,"Local Written Blocks":0,"Temp Read Blocks":33421,"Temp Written Blocks":33421,"I/O Read Time":0.0,"I/O Write Time":0.0,"Temp I/O Read Time":53.42,"Temp I/O Write Time":159.991,"Plans":[{"Node Type":"Hash Join","Parent Relationship":"Outer","Parallel Aware":false,"Async Capable":false,"Join Type":"Inner","Startup Cost":413311.15,"Total Cost":1330713.53,"Plan Rows":256611,"Plan Width":57,"Actual Startup Time":1954.853,"Actual Total Time":7581.167,"Actual Rows":1079842,"Actual Loops":1,"Output":["customer.c_id","customer.c_last","customer.c_city","customer.c_phone","customer.c_nationkey","order_line.ol_amount"],"Inner Unique":true,"Hash Cond":"((orders.o_c_id = customer.c_id) AND (orders.o_w_id = customer.c_w_id) AND (orders.o_d_id = customer.c_d_id))","Shared Hit Blocks":592547,"Shared Read Blocks":0,"Shared Dirtied Blocks":0,"Shared Written Blocks":0,"Local Hit Blocks":0,"Local Read Blocks":0,"Local Dirtied Blocks":0,"Local Written Blocks":0,"Temp Read Blocks":33421,"Temp Written Blocks":33421,"I/O Read Time":0.0,"I/O Write Time":0.0,"Temp I/O Read Time":53.42,"Temp I/O Write Time":159.991,"Plans":[{"Node Type":"Hash Join","Parent Relationship":"Outer","Parallel Aware":false,"Async Capable":false,"Join Type":"Inner","Startup Cost":68990.35,"Total Cost":949641.92,"Plan Rows":256611,"Plan Width":16,"Actual Startup Time":291.885,"Actual Total Time":5144.008,"Actual Rows":1079842,"Actual Loops":1,"Output":["orders.o_c_id","orders.o_w_id","orders.o_d_id","order_line.ol_amount","order_line.ol_w_id","order_line.ol_d_id"],"Inner Unique":true,"Hash Cond":"((order_line.ol_w_id = orders.o_w_id) AND (order_line.ol_d_id = orders.o_d_id) AND (order_line.ol_o_id = orders.o_id))","Join Filter":"(orders.o_entry_d <= order_line.ol_delivery_d)","Rows Removed by Join Filter":0,"Shared Hit Blocks":362943,"Shared Read Blocks":0,"Shared Dirtied Blocks":0,"Shared Written Blocks":0,"Local Hit Blocks":0,"Local Read Blocks":0,"Local Dirtied Blocks":0,"Local Written Blocks":0,"Temp Read Blocks":0,"Temp Written Blocks":0,"I/O Read Time":0.0,"I/O Write Time":0.0,"Temp I/O Read Time":0.0,"Temp I/O Write Time":0.0,"Plans":[{"Node Type":"Seq Scan","Parent Relationship":"Outer","Parallel Aware":false,"Async Capable":false,"Relation Name":"order_line","Schema":"public","Alias":"order_line","Startup Cost":0.0,"Total Cost":715856.4,"Plan Rows":20926367,"Plan Width":24,"Actual Startup Time":0.01,"Actual Total Time":2841.039,"Actual Rows":21002151,"Actual Loops":1,"Output":["order_line.ol_o_id","order_line.ol_d_id","order_line.ol_w_id","order_line.ol_number","order_line.ol_i_id","order_line.ol_supply_w_id","order_line.ol_delivery_d","order_line.ol_quantity","order_line.ol_amount","order_line.ol_dist_info"],"Filter":"(order_line.ol_delivery_d >= '1992-01-02 20:10:02.27764'::timestamp without time zone)","Rows Removed by Filter":8995581,"Shared Hit Blocks":340884,"Shared Read Blocks":0,"Shared Dirtied Blocks":0,"Shared Written Blocks":0,"Local Hit Blocks":0,"Local Read Blocks":0,"Local Dirtied Blocks":0,"Local Written Blocks":0,"Temp Read Blocks":0,"Temp Written Blocks":0,"I/O Read Time":0.0,"I/O Write Time":0.0,"Temp I/O Read Time":0.0,"Temp I/O Write Time":0.0},{"Node Type":"Hash","Parent Relationship":"Inner","Parallel Aware":false,"Async Capable":false,"Startup Cost":67059.0,"Total Cost":67059.0,"Plan Rows":110363,"Plan Width":24,"Actual Startup Time":218.653,"Actual Total Time":218.654,"Actual Rows":107979,"Actual Loops":1,"Output":["orders.o_c_id","orders.o_w_id","orders.o_d_id","orders.o_id","orders.o_entry_d"],"Hash Buckets":131072,"Original Hash Buckets":131072,"Hash Batches":1,"Original Hash Batches":1,"Peak Memory Usage":6930,"Shared Hit Blocks":22059,"Shared Read Blocks":0,"Shared Dirtied Blocks":0,"Shared Written Blocks":0,"Local Hit Blocks":0,"Local Read Blocks":0,"Local Dirtied Blocks":0,"Local Written Blocks":0,"Temp Read Blocks":0,"Temp Written Blocks":0,"I/O Read Time":0.0,"I/O Write Time":0.0,"Temp I/O Read Time":0.0,"Temp I/O Write Time":0.0,"Plans":[{"Node Type":"Seq Scan","Parent Relationship":"Outer","Parallel Aware":false,"Async Capable":false,"Relation Name":"orders","Schema":"public","Alias":"orders","Startup Cost":0.0,"Total Cost":67059.0,"Plan Rows":110363,"Plan Width":24,"Actual Startup Time":1.14,"Actual Total Time":199.161,"Actual Rows":107979,"Actual Loops":1,"Output":["orders.o_c_id","orders.o_w_id","orders.o_d_id","orders.o_id","orders.o_entry_d"],"Filter":"((orders.o_entry_d >= '1993-07-02 20:10:02.27764'::timestamp without time zone) AND (orders.o_entry_d < '1993-10-02 20:10:02.27764'::timestamp without time zone))","Rows Removed by Filter":2892021,"Shared Hit Blocks":22059,"Shared Read Blocks":0,"Shared Dirtied Blocks":0,"Shared Written Blocks":0,"Local Hit Blocks":0,"Local Read Blocks":0,"Local Dirtied Blocks":0,"Local Written Blocks":0,"Temp Read Blocks":0,"Temp Written Blocks":0,"I/O Read Time":0.0,"I/O Write Time":0.0,"Temp I/O Read Time":0.0,"Temp I/O Write Time":0.0}]}]},{"Node Type":"Hash","Parent Relationship":"Inner","Parallel Aware":false,"Async Capable":false,"Startup Cost":259601.38,"Total Cost":259601.38,"Plan Rows":2999738,"Plan Width":57,"Actual Startup Time":1661.887,"Actual Total Time":1661.888,"Actual Rows":3000000,"Actual Loops":1,"Output":["customer.c_id","customer.c_last","customer.c_city","customer.c_phone","customer.c_w_id","customer.c_d_id","customer.c_nationkey"],"Hash Buckets":131072,"Original Hash Buckets":131072,"Hash Batches":64,"Original Hash Batches":64,"Peak Memory Usage":5226,"Shared Hit Blocks":229604,"Shared Read Blocks":0,"Shared Dirtied Blocks":0,"Shared Written Blocks":0,"Local Hit Blocks":0,"Local Read Blocks":0,"Local Dirtied Blocks":0,"Local Written Blocks":0,"Temp Read Blocks":0,"Temp Written Blocks":28654,"I/O Read Time":0.0,"I/O Write Time":0.0,"Temp I/O Read Time":0.0,"Temp I/O Write Time":134.968,"Plans":[{"Node Type":"Seq Scan","Parent Relationship":"Outer","Parallel Aware":false,"Async Capable":false,"Relation Name":"customer","Schema":"public","Alias":"customer","Startup Cost":0.0,"Total Cost":259601.38,"Plan Rows":2999738,"Plan Width":57,"Actual Startup Time":0.011,"Actual Total Time":959.401,"Actual Rows":3000000,"Actual Loops":1,"Output":["customer.c_id","customer.c_last","customer.c_city","customer.c_phone","customer.c_w_id","customer.c_d_id","customer.c_nationkey"],"Shared Hit Blocks":229604,"Shared Read Blocks":0,"Shared Dirtied Blocks":0,"Shared Written Blocks":0,"Local Hit Blocks":0,"Local Read Blocks":0,"Local Dirtied Blocks":0,"Local Written Blocks":0,"Temp Read Blocks":0,"Temp Written Blocks":0,"I/O Read Time":0.0,"I/O Write Time":0.0,"Temp I/O Read Time":0.0,"Temp I/O Write Time":0.0}]}]},{"Node Type":"Memoize","Parent Relationship":"Inner","Parallel Aware":false,"Async Capable":false,"Startup Cost":0.15,"Total Cost":0.17,"Plan Rows":1,"Plan Width":12,"Actual Startup Time":0.0,"Actual Total Time":0.0,"Actual Rows":1,"Actual Loops":1079842,"Output":["nation.n_name","nation.n_nationkey"],"Cache Key":"customer.c_nationkey","Cache Mode":"logical","Cache Hits":1079806,"Cache Misses":36,"Cache Evictions":0,"Cache Overflows":0,"Peak Memory Usage":4,"Shared Hit Blocks":72,"Shared Read Blocks":0,"Shared Dirtied Blocks":0,"Shared Written Blocks":0,"Local Hit Blocks":0,"Local Read Blocks":0,"Local Dirtied Blocks":0,"Local Written Blocks":0,"Temp Read Blocks":0,"Temp Written Blocks":0,"I/O Read Time":0.0,"I/O Write Time":0.0,"Temp I/O Read Time":0.0,"Temp I/O Write Time":0.0,"Plans":[{"Node Type":"Index Scan","Parent Relationship":"Outer","Parallel Aware":false,"Async Capable":false,"Scan Direction":"Forward","Index Name":"nation_pk","Relation Name":"nation","Schema":"public","Alias":"nation","Startup Cost":0.14,"Total Cost":0.16,"Plan Rows":1,"Plan Width":12,"Actual Startup Time":0.003,"Actual Total Time":0.003,"Actual Rows":1,"Actual Loops":36,"Output":["nation.n_name","nation.n_nationkey"],"Index Cond":"(nation.n_nationkey = customer.c_nationkey)","Rows Removed by Index Recheck":0,"Shared Hit Blocks":72,"Shared Read Blocks":0,"Shared Dirtied Blocks":0,"Shared Written Blocks":0,"Local Hit Blocks":0,"Local Read Blocks":0,"Local Dirtied Blocks":0,"Local Written Blocks":0,"Temp Read Blocks":0,"Temp Written Blocks":0,"I/O Read Time":0.0,"I/O Write Time":0.0,"Temp I/O Read Time":0.0,"Temp I/O Write Time":0.0}]}]}]}]}]}]},"Planning":{"Shared Hit Blocks":4,"Shared Read Blocks":0,"Shared Dirtied Blocks":0,"Shared Written Blocks":0,"Local Hit Blocks":0,"Local Read Blocks":0,"Local Dirtied Blocks":0,"Local Written Blocks":0,"Temp Read Blocks":0,"Temp Written Blocks":0,"I/O Read Time":0.0,"I/O Write Time":0.0,"Temp I/O Read Time":0.0,"Temp I/O Write Time":0.0},"Planning Time":0.962,"Triggers":[],"Execution Time":9304.132}]
[列存组合]: order_line
[{"Plan":{"Node Type":"Limit","Parallel Aware":false,"Async Capable":false,"Startup Cost":1377511.14,"Total Cost":1377513.64,"Plan Rows":1000,"Plan Width":89,"Actual Startup Time":4968.278,"Actual Total Time":4968.384,"Actual Rows":1000,"Actual Loops":1,"Output":["customer.c_id","customer.c_last","(sum(order_line.ol_amount))","customer.c_city","customer.c_phone","nation.n_name"],"Shared Hit Blocks":251735,"Shared Read Blocks":0,"Shared Dirtied Blocks":0,"Shared Written Blocks":0,"Local Hit Blocks":0,"Local Read Blocks":0,"Local Dirtied Blocks":0,"Local Written Blocks":0,"Temp Read Blocks":52228,"Temp Written Blocks":52262,"I/O Read Time":0.0,"I/O Write Time":0.0,"Temp I/O Read Time":80.876,"Temp I/O Write Time":215.434,"Plans":[{"Node Type":"Sort","Parent Relationship":"Outer","Parallel Aware":false,"Async Capable":false,"Startup Cost":1377511.14,"Total Cost":1378152.67,"Plan Rows":256611,"Plan Width":89,"Actual Startup Time":4968.277,"Actual Total Time":4968.318,"Actual Rows":1000,"Actual Loops":1,"Output":["customer.c_id","customer.c_last","(sum(order_line.ol_amount))","customer.c_city","customer.c_phone","nation.n_name"],"Sort Key":["(sum(order_line.ol_amount)) DESC"],"Sort Method":"top-N heapsort","Sort Space Used":189,"Sort Space Type":"Memory","Shared Hit Blocks":251735,"Shared Read Blocks":0,"Shared Dirtied Blocks":0,"Shared Written Blocks":0,"Local Hit Blocks":0,"Local Read Blocks":0,"Local Dirtied Blocks":0,"Local Written Blocks":0,"Temp Read Blocks":52228,"Temp Written Blocks":52262,"I/O Read Time":0.0,"I/O Write Time":0.0,"Temp I/O Read Time":80.876,"Temp I/O Write Time":215.434,"Plans":[{"Node Type":"Aggregate","Strategy":"Sorted","Partial Mode":"Simple","Parent Relationship":"Outer","Parallel Aware":false,"Async Capable":false,"Startup Cost":1355743.11,"Total Cost":1363441.44,"Plan Rows":256611,"Plan Width":89,"Actual Startup Time":4394.833,"Actual Total Time":4943.329,"Actual Rows":107979,"Actual Loops":1,"Output":["customer.c_id","customer.c_last","sum(order_line.ol_amount)","customer.c_city","customer.c_phone","nation.n_name"],"Group Key":["customer.c_id","customer.c_last","customer.c_city","customer.c_phone","nation.n_name"],"Shared Hit Blocks":251735,"Shared Read Blocks":0,"Shared Dirtied Blocks":0,"Shared Written Blocks":0,"Local Hit Blocks":0,"Local Read Blocks":0,"Local Dirtied Blocks":0,"Local Written Blocks":0,"Temp Read Blocks":52228,"Temp Written Blocks":52262,"I/O Read Time":0.0,"I/O Write Time":0.0,"Temp I/O Read Time":80.876,"Temp I/O Write Time":215.434,"Plans":[{"Node Type":"Sort","Parent Relationship":"Outer","Parallel Aware":false,"Async Capable":false,"Startup Cost":1355743.11,"Total Cost":1356384.63,"Plan Rows":256611,"Plan Width":61,"Actual Startup Time":4394.811,"Actual Total Time":4653.343,"Actual Rows":1079842,"Actual Loops":1,"Output":["customer.c_id","customer.c_last","customer.c_city","customer.c_phone","nation.n_name","order_line.ol_amount"],"Sort Key":["customer.c_id","customer.c_last","customer.c_city","customer.c_phone","nation.n_name"],"Sort Method":"external merge","Sort Space Used":75256,"Sort Space Type":"Disk","Shared Hit Blocks":251735,"Shared Read Blocks":0,"Shared Dirtied Blocks":0,"Shared Written Blocks":0,"Local Hit Blocks":0,"Local Read Blocks":0,"Local Dirtied Blocks":0,"Local Written Blocks":0,"Temp Read Blocks":52228,"Temp Written Blocks":52262,"I/O Read Time":0.0,"I/O Write Time":0.0,"Temp I/O Read Time":80.876,"Temp I/O Write Time":215.434,"Plans":[{"Node Type":"Nested Loop","Parent Relationship":"Outer","Parallel Aware":false,"Async Capable":false,"Join Type":"Inner","Startup Cost":413331.3,"Total Cost":1323038.1,"Plan Rows":256611,"Plan Width":61,"Actual Startup Time":1807.644,"Actual Total Time":3606.736,"Actual Rows":1079842,"Actual Loops":1,"Output":["customer.c_id","customer.c_last","customer.c_city","customer.c_phone","nation.n_name","order_line.ol_amount"],"Inner Unique":true,"Shared Hit Blocks":251735,"Shared Read Blocks":0,"Shared Dirtied Blocks":0,"Shared Written Blocks":0,"Local Hit Blocks":0,"Local Read Blocks":0,"Local Dirtied Blocks":0,"Local Written Blocks":0,"Temp Read Blocks":33421,"Temp Written Blocks":33421,"I/O Read Time":0.0,"I/O Write Time":0.0,"Temp I/O Read Time":52.864,"Temp I/O Write Time":162.02,"Plans":[{"Node Type":"Hash Join","Parent Relationship":"Outer","Parallel Aware":false,"Async Capable":false,"Join Type":"Inner","Startup Cost":413331.15,"Total Cost":1316677.13,"Plan Rows":256611,"Plan Width":57,"Actual Startup Time":1807.62,"Actual Total Time":3260.943,"Actual Rows":1079842,"Actual Loops":1,"Output":["customer.c_id","customer.c_last","customer.c_city","customer.c_phone","customer.c_nationkey","order_line.ol_amount"],"Inner Unique":true,"Hash Cond":"((orders.o_c_id = customer.c_id) AND (orders.o_w_id = customer.c_w_id) AND (orders.o_d_id = customer.c_d_id))","Shared Hit Blocks":251663,"Shared Read Blocks":0,"Shared Dirtied Blocks":0,"Shared Written Blocks":0,"Local Hit Blocks":0,"Local Read Blocks":0,"Local Dirtied Blocks":0,"Local Written Blocks":0,"Temp Read Blocks":33421,"Temp Written Blocks":33421,"I/O Read Time":0.0,"I/O Write Time":0.0,"Temp I/O Read Time":52.864,"Temp I/O Write Time":162.02,"Plans":[{"Node Type":"Hash Join","Parent Relationship":"Outer","Parallel Aware":false,"Async Capable":false,"Join Type":"Inner","Startup Cost":69010.35,"Total Cost":935605.52,"Plan Rows":256611,"Plan Width":16,"Actual Startup Time":230.229,"Actual Total Time":916.729,"Actual Rows":1079842,"Actual Loops":1,"Output":["orders.o_c_id","orders.o_w_id","orders.o_d_id","order_line.ol_amount","order_line.ol_w_id","order_line.ol_d_id"],"Inner Unique":true,"Hash Cond":"((order_line.ol_w_id = orders.o_w_id) AND (order_line.ol_d_id = orders.o_d_id) AND (order_line.ol_o_id = orders.o_id))","Join Filter":"(orders.o_entry_d <= order_line.ol_delivery_d)","Rows Removed by Join Filter":0,"Shared Hit Blocks":22059,"Shared Read Blocks":0,"Shared Dirtied Blocks":0,"Shared Written Blocks":0,"Local Hit Blocks":0,"Local Read Blocks":0,"Local Dirtied Blocks":0,"Local Written Blocks":0,"Temp Read Blocks":0,"Temp Written Blocks":0,"I/O Read Time":0.0,"I/O Write Time":0.0,"Temp I/O Read Time":0.0,"Temp I/O Write Time":0.0,"Plans":[{"Node Type":"Append","Parent Relationship":"Outer","Parallel Aware":false,"Async Capable":false,"Startup Cost":20.0,"Total Cost":701820.0,"Plan Rows":20926367,"Plan Width":24,"Actual Startup Time":2.836,"Actual Total Time":413.657,"Actual Rows":1110056,"Actual Loops":1,"Shared Hit Blocks":0,"Shared Read Blocks":0,"Shared Dirtied Blocks":0,"Shared Written Blocks":0,"Local Hit Blocks":0,"Local Read Blocks":0,"Local Dirtied Blocks":0,"Local Written Blocks":0,"Temp Read Blocks":0,"Temp Written Blocks":0,"I/O Read Time":0.0,"I/O Write Time":0.0,"Temp I/O Read Time":0.0,"Temp I/O Write Time":0.0,"Subplans Removed":0,"Plans":[{"Node Type":"Custom Scan","Parent Relationship":"Member","Custom Plan Provider":"columnar scan","Parallel Aware":false,"Async Capable":false,"Relation Name":"order_line","Schema":"public","Alias":"order_line","Startup Cost":20.0,"Total Cost":533641.75,"Plan Rows":20926325,"Plan Width":24,"Actual Startup Time":2.834,"Actual Total Time":332.978,"Actual Rows":1110056,"Actual Loops":1,"Output":["order_line.ol_amount","order_line.ol_w_id","order_line.ol_d_id","order_line.ol_o_id","order_line.ol_delivery_d"],"Filter":"(order_line.ol_delivery_d >= '1992-01-02 20:10:02.27764'::timestamp without time zone)","Rows Removed by Filter":0,"Rows Removed by Columnar Filter":28887676,"Rows Filtered by Bloom Filter":0,"Dictionary Rows Filtered by Bloom Filter":28887676,"Columnar cache search mode":"native","Shared Hit Blocks":0,"Shared Read Blocks":0,"Shared Dirtied Blocks":0,"Shared Written Blocks":0,"Local Hit Blocks":0,"Local Read Blocks":0,"Local Dirtied Blocks":0,"Local Written Blocks":0,"Temp Read Blocks":0,"Temp Written Blocks":0,"I/O Read Time":0.0,"I/O Write Time":0.0,"Temp I/O Read Time":0.0,"Temp I/O Write Time":0.0},{"Node Type":"Seq Scan","Parent Relationship":"Member","Parallel Aware":false,"Async Capable":false,"Relation Name":"order_line","Schema":"public","Alias":"order_line","Startup Cost":0.0,"Total Cost":4.75,"Plan Rows":42,"Plan Width":24,"Actual Startup Time":0.0,"Actual Total Time":0.0,"Actual Rows":0,"Actual Loops":0,"Output":["order_line.ol_amount","order_line.ol_w_id","order_line.ol_d_id","order_line.ol_o_id","order_line.ol_delivery_d"],"Filter":"(order_line.ol_delivery_d >= '1992-01-02 20:10:02.27764'::timestamp without time zone)","Rows Removed by Filter":0,"Shared Hit Blocks":0,"Shared Read Blocks":0,"Shared Dirtied Blocks":0,"Shared Written Blocks":0,"Local Hit Blocks":0,"Local Read Blocks":0,"Local Dirtied Blocks":0,"Local Written Blocks":0,"Temp Read Blocks":0,"Temp Written Blocks":0,"I/O Read Time":0.0,"I/O Write Time":0.0,"Temp I/O Read Time":0.0,"Temp I/O Write Time":0.0}]},{"Node Type":"Hash","Parent Relationship":"Inner","Parallel Aware":false,"Async Capable":false,"Startup Cost":67059.0,"Total Cost":67059.0,"Plan Rows":110363,"Plan Width":24,"Actual Startup Time":226.833,"Actual Total Time":226.834,"Actual Rows":107979,"Actual Loops":1,"Output":["orders.o_c_id","orders.o_w_id","orders.o_d_id","orders.o_id","orders.o_entry_d"],"Hash Buckets":131072,"Original Hash Buckets":131072,"Hash Batches":1,"Original Hash Batches":1,"Peak Memory Usage":6930,"Shared Hit Blocks":22059,"Shared Read Blocks":0,"Shared Dirtied Blocks":0,"Shared Written Blocks":0,"Local Hit Blocks":0,"Local Read Blocks":0,"Local Dirtied Blocks":0,"Local Written Blocks":0,"Temp Read Blocks":0,"Temp Written Blocks":0,"I/O Read Time":0.0,"I/O Write Time":0.0,"Temp I/O Read Time":0.0,"Temp I/O Write Time":0.0,"Plans":[{"Node Type":"Seq Scan","Parent Relationship":"Outer","Parallel Aware":false,"Async Capable":false,"Relation Name":"orders","Schema":"public","Alias":"orders","Startup Cost":0.0,"Total Cost":67059.0,"Plan Rows":110363,"Plan Width":24,"Actual Startup Time":1.128,"Actual Total Time":198.684,"Actual Rows":107979,"Actual Loops":1,"Output":["orders.o_c_id","orders.o_w_id","orders.o_d_id","orders.o_id","orders.o_entry_d"],"Filter":"((orders.o_entry_d >= '1993-07-02 20:10:02.27764'::timestamp without time zone) AND (orders.o_entry_d < '1993-10-02 20:10:02.27764'::timestamp without time zone))","Rows Removed by Filter":2892021,"Shared Hit Blocks":22059,"Shared Read Blocks":0,"Shared Dirtied Blocks":0,"Shared Written Blocks":0,"Local Hit Blocks":0,"Local Read Blocks":0,"Local Dirtied Blocks":0,"Local Written Blocks":0,"Temp Read Blocks":0,"Temp Written Blocks":0,"I/O Read Time":0.0,"I/O Write Time":0.0,"Temp I/O Read Time":0.0,"Temp I/O Write Time":0.0}]}]},{"Node Type":"Hash","Parent Relationship":"Inner","Parallel Aware":false,"Async Capable":false,"Startup Cost":259601.38,"Total Cost":259601.38,"Plan Rows":2999738,"Plan Width":57,"Actual Startup Time":1576.192,"Actual Total Time":1576.192,"Actual Rows":3000000,"Actual Loops":1,"Output":["customer.c_id","customer.c_last","customer.c_city","customer.c_phone","customer.c_w_id","customer.c_d_id","customer.c_nationkey"],"Hash Buckets":131072,"Original Hash Buckets":131072,"Hash Batches":64,"Original Hash Batches":64,"Peak Memory Usage":5226,"Shared Hit Blocks":229604,"Shared Read Blocks":0,"Shared Dirtied Blocks":0,"Shared Written Blocks":0,"Local Hit Blocks":0,"Local Read Blocks":0,"Local Dirtied Blocks":0,"Local Written Blocks":0,"Temp Read Blocks":0,"Temp Written Blocks":28654,"I/O Read Time":0.0,"I/O Write Time":0.0,"Temp I/O Read Time":0.0,"Temp I/O Write Time":138.725,"Plans":[{"Node Type":"Seq Scan","Parent Relationship":"Outer","Parallel Aware":false,"Async Capable":false,"Relation Name":"customer","Schema":"public","Alias":"customer","Startup Cost":0.0,"Total Cost":259601.38,"Plan Rows":2999738,"Plan Width":57,"Actual Startup Time":0.008,"Actual Total Time":860.985,"Actual Rows":3000000,"Actual Loops":1,"Output":["customer.c_id","customer.c_last","customer.c_city","customer.c_phone","customer.c_w_id","customer.c_d_id","customer.c_nationkey"],"Shared Hit Blocks":229604,"Shared Read Blocks":0,"Shared Dirtied Blocks":0,"Shared Written Blocks":0,"Local Hit Blocks":0,"Local Read Blocks":0,"Local Dirtied Blocks":0,"Local Written Blocks":0,"Temp Read Blocks":0,"Temp Written Blocks":0,"I/O Read Time":0.0,"I/O Write Time":0.0,"Temp I/O Read Time":0.0,"Temp I/O Write Time":0.0}]}]},{"Node Type":"Memoize","Parent Relationship":"Inner","Parallel Aware":false,"Async Capable":false,"Startup Cost":0.15,"Total Cost":0.17,"Plan Rows":1,"Plan Width":12,"Actual Startup Time":0.0,"Actual Total Time":0.0,"Actual Rows":1,"Actual Loops":1079842,"Output":["nation.n_name","nation.n_nationkey"],"Cache Key":"customer.c_nationkey","Cache Mode":"logical","Cache Hits":1079806,"Cache Misses":36,"Cache Evictions":0,"Cache Overflows":0,"Peak Memory Usage":4,"Shared Hit Blocks":72,"Shared Read Blocks":0,"Shared Dirtied Blocks":0,"Shared Written Blocks":0,"Local Hit Blocks":0,"Local Read Blocks":0,"Local Dirtied Blocks":0,"Local Written Blocks":0,"Temp Read Blocks":0,"Temp Written Blocks":0,"I/O Read Time":0.0,"I/O Write Time":0.0,"Temp I/O Read Time":0.0,"Temp I/O Write Time":0.0,"Plans":[{"Node Type":"Index Scan","Parent Relationship":"Outer","Parallel Aware":false,"Async Capable":false,"Scan Direction":"Forward","Index Name":"nation_pk","Relation Name":"nation","Schema":"public","Alias":"nation","Startup Cost":0.14,"Total Cost":0.16,"Plan Rows":1,"Plan Width":12,"Actual Startup Time":0.002,"Actual Total Time":0.002,"Actual Rows":1,"Actual Loops":36,"Output":["nation.n_name","nation.n_nationkey"],"Index Cond":"(nation.n_nationkey = customer.c_nationkey)","Rows Removed by Index Recheck":0,"Shared Hit Blocks":72,"Shared Read Blocks":0,"Shared Dirtied Blocks":0,"Shared Written Blocks":0,"Local Hit Blocks":0,"Local Read Blocks":0,"Local Dirtied Blocks":0,"Local Written Blocks":0,"Temp Read Blocks":0,"Temp Written Blocks":0,"I/O Read Time":0.0,"I/O Write Time":0.0,"Temp I/O Read Time":0.0,"Temp I/O Write Time":0.0}]}]}]}]}]}]},"Planning":{"Shared Hit Blocks":4,"Shared Read Blocks":0,"Shared Dirtied Blocks":0,"Shared Written Blocks":0,"Local Hit Blocks":0,"Local Read Blocks":0,"Local Dirtied Blocks":0,"Local Written Blocks":0,"Temp Read Blocks":0,"Temp Written Blocks":0,"I/O Read Time":0.0,"I/O Write Time":0.0,"Temp I/O Read Time":0.0,"Temp I/O Write Time":0.0},"Planning Time":1.278,"Triggers":[],"Execution Time":4981.677}]
[列存组合]: orders
[{"Plan":{"Node Type":"Limit","Parallel Aware":false,"Async Capable":false,"Startup Cost":1381255.55,"Total Cost":1381258.05,"Plan Rows":1000,"Plan Width":89,"Actual Startup Time":9066.271,"Actual Total Time":9066.393,"Actual Rows":1000,"Actual Loops":1,"Output":["customer.c_id","customer.c_last","(sum(order_line.ol_amount))","customer.c_city","customer.c_phone","nation.n_name"],"Shared Hit Blocks":570560,"Shared Read Blocks":0,"Shared Dirtied Blocks":0,"Shared Written Blocks":0,"Local Hit Blocks":0,"Local Read Blocks":0,"Local Dirtied Blocks":0,"Local Written Blocks":0,"Temp Read Blocks":52228,"Temp Written Blocks":52262,"I/O Read Time":0.0,"I/O Write Time":0.0,"Temp I/O Read Time":81.149,"Temp I/O Write Time":209.078,"Plans":[{"Node Type":"Sort","Parent Relationship":"Outer","Parallel Aware":false,"Async Capable":false,"Startup Cost":1381255.55,"Total Cost":1381897.08,"Plan Rows":256611,"Plan Width":89,"Actual Startup Time":9066.269,"Actual Total Time":9066.318,"Actual Rows":1000,"Actual Loops":1,"Output":["customer.c_id","customer.c_last","(sum(order_line.ol_amount))","customer.c_city","customer.c_phone","nation.n_name"],"Sort Key":["(sum(order_line.ol_amount)) DESC"],"Sort Method":"top-N heapsort","Sort Space Used":189,"Sort Space Type":"Memory","Shared Hit Blocks":570560,"Shared Read Blocks":0,"Shared Dirtied Blocks":0,"Shared Written Blocks":0,"Local Hit Blocks":0,"Local Read Blocks":0,"Local Dirtied Blocks":0,"Local Written Blocks":0,"Temp Read Blocks":52228,"Temp Written Blocks":52262,"I/O Read Time":0.0,"I/O Write Time":0.0,"Temp I/O Read Time":81.149,"Temp I/O Write Time":209.078,"Plans":[{"Node Type":"Aggregate","Strategy":"Sorted","Partial Mode":"Simple","Parent Relationship":"Outer","Parallel Aware":false,"Async Capable":false,"Startup Cost":1359487.51,"Total Cost":1367185.84,"Plan Rows":256611,"Plan Width":89,"Actual Startup Time":8491.735,"Actual Total Time":9041.203,"Actual Rows":107979,"Actual Loops":1,"Output":["customer.c_id","customer.c_last","sum(order_line.ol_amount)","customer.c_city","customer.c_phone","nation.n_name"],"Group Key":["customer.c_id","customer.c_last","customer.c_city","customer.c_phone","nation.n_name"],"Shared Hit Blocks":570560,"Shared Read Blocks":0,"Shared Dirtied Blocks":0,"Shared Written Blocks":0,"Local Hit Blocks":0,"Local Read Blocks":0,"Local Dirtied Blocks":0,"Local Written Blocks":0,"Temp Read Blocks":52228,"Temp Written Blocks":52262,"I/O Read Time":0.0,"I/O Write Time":0.0,"Temp I/O Read Time":81.149,"Temp I/O Write Time":209.078,"Plans":[{"Node Type":"Sort","Parent Relationship":"Outer","Parallel Aware":false,"Async Capable":false,"Startup Cost":1359487.51,"Total Cost":1360129.04,"Plan Rows":256611,"Plan Width":61,"Actual Startup Time":8491.709,"Actual Total Time":8751.714,"Actual Rows":1079842,"Actual Loops":1,"Output":["customer.c_id","customer.c_last","customer.c_city","customer.c_phone","nation.n_name","order_line.ol_amount"],"Sort Key":["customer.c_id","customer.c_last","customer.c_city","customer.c_phone","nation.n_name"],"Sort Method":"external merge","Sort Space Used":75256,"Sort Space Type":"Disk","Shared Hit Blocks":570560,"Shared Read Blocks":0,"Shared Dirtied Blocks":0,"Shared Written Blocks":0,"Local Hit Blocks":0,"Local Read Blocks":0,"Local Dirtied Blocks":0,"Local Written Blocks":0,"Temp Read Blocks":52228,"Temp Written Blocks":52262,"I/O Read Time":0.0,"I/O Write Time":0.0,"Temp I/O Read Time":81.149,"Temp I/O Write Time":209.078,"Plans":[{"Node Type":"Nested Loop","Parent Relationship":"Outer","Parallel Aware":false,"Async Capable":false,"Join Type":"Inner","Startup Cost":403019.31,"Total Cost":1326782.51,"Plan Rows":256611,"Plan Width":61,"Actual Startup Time":1677.559,"Actual Total Time":7703.123,"Actual Rows":1079842,"Actual Loops":1,"Output":["customer.c_id","customer.c_last","customer.c_city","customer.c_phone","nation.n_name","order_line.ol_amount"],"Inner Unique":true,"Shared Hit Blocks":570560,"Shared Read Blocks":0,"Shared Dirtied Blocks":0,"Shared Written Blocks":0,"Local Hit Blocks":0,"Local Read Blocks":0,"Local Dirtied Blocks":0,"Local Written Blocks":0,"Temp Read Blocks":33421,"Temp Written Blocks":33421,"I/O Read Time":0.0,"I/O Write Time":0.0,"Temp I/O Read Time":53.375,"Temp I/O Write Time":158.94,"Plans":[{"Node Type":"Hash Join","Parent Relationship":"Outer","Parallel Aware":false,"Async Capable":false,"Join Type":"Inner","Startup Cost":403019.16,"Total Cost":1320421.54,"Plan Rows":256611,"Plan Width":57,"Actual Startup Time":1677.517,"Actual Total Time":7357.364,"Actual Rows":1079842,"Actual Loops":1,"Output":["customer.c_id","customer.c_last","customer.c_city","customer.c_phone","customer.c_nationkey","order_line.ol_amount"],"Inner Unique":true,"Hash Cond":"((orders.o_c_id = customer.c_id) AND (orders.o_w_id = customer.c_w_id) AND (orders.o_d_id = customer.c_d_id))","Shared Hit Blocks":570488,"Shared Read Blocks":0,"Shared Dirtied Blocks":0,"Shared Written Blocks":0,"Local Hit Blocks":0,"Local Read Blocks":0,"Local Dirtied Blocks":0,"Local Written Blocks":0,"Temp Read Blocks":33421,"Temp Written Blocks":33421,"I/O Read Time":0.0,"I/O Write Time":0.0,"Temp I/O Read Time":53.375,"Temp I/O Write Time":158.94,"Plans":[{"Node Type":"Hash Join","Parent Relationship":"Outer","Parallel Aware":false,"Async Capable":false,"Join Type":"Inner","Startup Cost":58698.36,"Total Cost":939349.93,"Plan Rows":256611,"Plan Width":16,"Actual Startup Time":124.237,"Actual Total Time":5029.595,"Actual Rows":1079842,"Actual Loops":1,"Output":["orders.o_c_id","orders.o_w_id","orders.o_d_id","order_line.ol_amount","order_line.ol_w_id","order_line.ol_d_id"],"Inner Unique":true,"Hash Cond":"((order_line.ol_w_id = orders.o_w_id) AND (order_line.ol_d_id = orders.o_d_id) AND (order_line.ol_o_id = orders.o_id))","Join Filter":"(orders.o_entry_d <= order_line.ol_delivery_d)","Rows Removed by Join Filter":0,"Shared Hit Blocks":340884,"Shared Read Blocks":0,"Shared Dirtied Blocks":0,"Shared Written Blocks":0,"Local Hit Blocks":0,"Local Read Blocks":0,"Local Dirtied Blocks":0,"Local Written Blocks":0,"Temp Read Blocks":0,"Temp Written Blocks":0,"I/O Read Time":0.0,"I/O Write Time":0.0,"Temp I/O Read Time":0.0,"Temp I/O Write Time":0.0,"Plans":[{"Node Type":"Seq Scan","Parent Relationship":"Outer","Parallel Aware":false,"Async Capable":false,"Relation Name":"order_line","Schema":"public","Alias":"order_line","Startup Cost":0.0,"Total Cost":715856.4,"Plan Rows":20926367,"Plan Width":24,"Actual Startup Time":0.01,"Actual Total Time":2877.7,"Actual Rows":21002151,"Actual Loops":1,"Output":["order_line.ol_o_id","order_line.ol_d_id","order_line.ol_w_id","order_line.ol_number","order_line.ol_i_id","order_line.ol_supply_w_id","order_line.ol_delivery_d","order_line.ol_quantity","order_line.ol_amount","order_line.ol_dist_info"],"Filter":"(order_line.ol_delivery_d >= '1992-01-02 20:10:02.27764'::timestamp without time zone)","Rows Removed by Filter":8995581,"Shared Hit Blocks":340884,"Shared Read Blocks":0,"Shared Dirtied Blocks":0,"Shared Written Blocks":0,"Local Hit Blocks":0,"Local Read Blocks":0,"Local Dirtied Blocks":0,"Local Written Blocks":0,"Temp Read Blocks":0,"Temp Written Blocks":0,"I/O Read Time":0.0,"I/O Write Time":0.0,"Temp I/O Read Time":0.0,"Temp I/O Write Time":0.0},{"Node Type":"Hash","Parent Relationship":"Inner","Parallel Aware":false,"Async Capable":false,"Startup Cost":56766.99,"Total Cost":56766.99,"Plan Rows":110364,"Plan Width":24,"Actual Startup Time":50.71,"Actual Total Time":50.715,"Actual Rows":107979,"Actual Loops":1,"Output":["orders.o_c_id","orders.o_w_id","orders.o_d_id","orders.o_id","orders.o_entry_d"],"Hash Buckets":131072,"Original Hash Buckets":131072,"Hash Batches":1,"Original Hash Batches":1,"Peak Memory Usage":6930,"Shared Hit Blocks":0,"Shared Read Blocks":0,"Shared Dirtied Blocks":0,"Shared Written Blocks":0,"Local Hit Blocks":0,"Local Read Blocks":0,"Local Dirtied Blocks":0,"Local Written Blocks":0,"Temp Read Blocks":0,"Temp Written Blocks":0,"I/O Read Time":0.0,"I/O Write Time":0.0,"Temp I/O Read Time":0.0,"Temp I/O Write Time":0.0,"Plans":[{"Node Type":"Append","Parent Relationship":"Outer","Parallel Aware":false,"Async Capable":false,"Startup Cost":20.0,"Total Cost":56766.99,"Plan Rows":110364,"Plan Width":24,"Actual Startup Time":0.505,"Actual Total Time":31.309,"Actual Rows":107979,"Actual Loops":1,"Shared Hit Blocks":0,"Shared Read Blocks":0,"Shared Dirtied Blocks":0,"Shared Written Blocks":0,"Local Hit Blocks":0,"Local Read Blocks":0,"Local Dirtied Blocks":0,"Local Written Blocks":0,"Temp Read Blocks":0,"Temp Written Blocks":0,"I/O Read Time":0.0,"I/O Write Time":0.0,"Temp I/O Read Time":0.0,"Temp I/O Write Time":0.0,"Subplans Removed":0,"Plans":[{"Node Type":"Custom Scan","Parent Relationship":"Member","Custom Plan Provider":"columnar scan","Parallel Aware":false,"Async Capable":false,"Relation Name":"orders","Schema":"public","Alias":"orders","Startup Cost":20.0,"Total Cost":2834.33,"Plan Rows":110363,"Plan Width":24,"Actual Startup Time":0.503,"Actual Total Time":23.354,"Actual Rows":107979,"Actual Loops":1,"Output":["orders.o_c_id","orders.o_w_id","orders.o_d_id","orders.o_id","orders.o_entry_d"],"Filter":"((orders.o_entry_d < '1993-10-02 20:10:02.27764'::timestamp without time zone) AND (orders.o_entry_d >= '1993-07-02 20:10:02.27764'::timestamp without time zone))","Rows Removed by Filter":0,"Rows Removed by Columnar Filter":2892021,"Columnar cache search mode":"native","Shared Hit Blocks":0,"Shared Read Blocks":0,"Shared Dirtied Blocks":0,"Shared Written Blocks":0,"Local Hit Blocks":0,"Local Read Blocks":0,"Local Dirtied Blocks":0,"Local Written Blocks":0,"Temp Read Blocks":0,"Temp Written Blocks":0,"I/O Read Time":0.0,"I/O Write Time":0.0,"Temp I/O Read Time":0.0,"Temp I/O Write Time":0.0},{"Node Type":"Seq Scan","Parent Relationship":"Member","Parallel Aware":false,"Async Capable":false,"Relation Name":"orders","Schema":"public","Alias":"orders","Startup Cost":0.0,"Total Cost":4.01,"Plan Rows":1,"Plan Width":24,"Actual Startup Time":0.0,"Actual Total Time":0.0,"Actual Rows":0,"Actual Loops":0,"Output":["orders.o_c_id","orders.o_w_id","orders.o_d_id","orders.o_id","orders.o_entry_d"],"Filter":"((orders.o_entry_d < '1993-10-02 20:10:02.27764'::timestamp without time zone) AND (orders.o_entry_d >= '1993-07-02 20:10:02.27764'::timestamp without time zone))","Rows Removed by Filter":0,"Shared Hit Blocks":0,"Shared Read Blocks":0,"Shared Dirtied Blocks":0,"Shared Written Blocks":0,"Local Hit Blocks":0,"Local Read Blocks":0,"Local Dirtied Blocks":0,"Local Written Blocks":0,"Temp Read Blocks":0,"Temp Written Blocks":0,"I/O Read Time":0.0,"I/O Write Time":0.0,"Temp I/O Read Time":0.0,"Temp I/O Write Time":0.0}]}]}]},{"Node Type":"Hash","Parent Relationship":"Inner","Parallel Aware":false,"Async Capable":false,"Startup Cost":259601.38,"Total Cost":259601.38,"Plan Rows":2999738,"Plan Width":57,"Actual Startup Time":1551.937,"Actual Total Time":1551.938,"Actual Rows":3000000,"Actual Loops":1,"Output":["customer.c_id","customer.c_last","customer.c_city","customer.c_phone","customer.c_w_id","customer.c_d_id","customer.c_nationkey"],"Hash Buckets":131072,"Original Hash Buckets":131072,"Hash Batches":64,"Original Hash Batches":64,"Peak Memory Usage":5226,"Shared Hit Blocks":229604,"Shared Read Blocks":0,"Shared Dirtied Blocks":0,"Shared Written Blocks":0,"Local Hit Blocks":0,"Local Read Blocks":0,"Local Dirtied Blocks":0,"Local Written Blocks":0,"Temp Read Blocks":0,"Temp Written Blocks":28654,"I/O Read Time":0.0,"I/O Write Time":0.0,"Temp I/O Read Time":0.0,"Temp I/O Write Time":133.36,"Plans":[{"Node Type":"Seq Scan","Parent Relationship":"Outer","Parallel Aware":false,"Async Capable":false,"Relation Name":"customer","Schema":"public","Alias":"customer","Startup Cost":0.0,"Total Cost":259601.38,"Plan Rows":2999738,"Plan Width":57,"Actual Startup Time":0.009,"Actual Total Time":856.373,"Actual Rows":3000000,"Actual Loops":1,"Output":["customer.c_id","customer.c_last","customer.c_city","customer.c_phone","customer.c_w_id","customer.c_d_id","customer.c_nationkey"],"Shared Hit Blocks":229604,"Shared Read Blocks":0,"Shared Dirtied Blocks":0,"Shared Written Blocks":0,"Local Hit Blocks":0,"Local Read Blocks":0,"Local Dirtied Blocks":0,"Local Written Blocks":0,"Temp Read Blocks":0,"Temp Written Blocks":0,"I/O Read Time":0.0,"I/O Write Time":0.0,"Temp I/O Read Time":0.0,"Temp I/O Write Time":0.0}]}]},{"Node Type":"Memoize","Parent Relationship":"Inner","Parallel Aware":false,"Async Capable":false,"Startup Cost":0.15,"Total Cost":0.17,"Plan Rows":1,"Plan Width":12,"Actual Startup Time":0.0,"Actual Total Time":0.0,"Actual Rows":1,"Actual Loops":1079842,"Output":["nation.n_name","nation.n_nationkey"],"Cache Key":"customer.c_nationkey","Cache Mode":"logical","Cache Hits":1079806,"Cache Misses":36,"Cache Evictions":0,"Cache Overflows":0,"Peak Memory Usage":4,"Shared Hit Blocks":72,"Shared Read Blocks":0,"Shared Dirtied Blocks":0,"Shared Written Blocks":0,"Local Hit Blocks":0,"Local Read Blocks":0,"Local Dirtied Blocks":0,"Local Written Blocks":0,"Temp Read Blocks":0,"Temp Written Blocks":0,"I/O Read Time":0.0,"I/O Write Time":0.0,"Temp I/O Read Time":0.0,"Temp I/O Write Time":0.0,"Plans":[{"Node Type":"Index Scan","Parent Relationship":"Outer","Parallel Aware":false,"Async Capable":false,"Scan Direction":"Forward","Index Name":"nation_pk","Relation Name":"nation","Schema":"public","Alias":"nation","Startup Cost":0.14,"Total Cost":0.16,"Plan Rows":1,"Plan Width":12,"Actual Startup Time":0.003,"Actual Total Time":0.003,"Actual Rows":1,"Actual Loops":36,"Output":["nation.n_name","nation.n_nationkey"],"Index Cond":"(nation.n_nationkey = customer.c_nationkey)","Rows Removed by Index Recheck":0,"Shared Hit Blocks":72,"Shared Read Blocks":0,"Shared Dirtied Blocks":0,"Shared Written Blocks":0,"Local Hit Blocks":0,"Local Read Blocks":0,"Local Dirtied Blocks":0,"Local Written Blocks":0,"Temp Read Blocks":0,"Temp Written Blocks":0,"I/O Read Time":0.0,"I/O Write Time":0.0,"Temp I/O Read Time":0.0,"Temp I/O Write Time":0.0}]}]}]}]}]}]},"Planning":{"Shared Hit Blocks":4,"Shared Read Blocks":0,"Shared Dirtied Blocks":0,"Shared Written Blocks":0,"Local Hit Blocks":0,"Local Read Blocks":0,"Local Dirtied Blocks":0,"Local Written Blocks":0,"Temp Read Blocks":0,"Temp Written Blocks":0,"I/O Read Time":0.0,"I/O Write Time":0.0,"Temp I/O Read Time":0.0,"Temp I/O Write Time":0.0},"Planning Time":0.975,"Triggers":[],"Execution Time":9079.584}]
[列存组合]: customer, nation
[{"Plan":{"Node Type":"Limit","Parallel Aware":false,"Async Capable":false,"Startup Cost":1386457.34,"Total Cost":1386459.84,"Plan Rows":1000,"Plan Width":89,"Actual Startup Time":8984.665,"Actual Total Time":8984.776,"Actual Rows":1000,"Actual Loops":1,"Output":["customer.c_id","customer.c_last","(sum(order_line.ol_amount))","customer.c_city","customer.c_phone","nation.n_name"],"Shared Hit Blocks":363015,"Shared Read Blocks":0,"Shared Dirtied Blocks":0,"Shared Written Blocks":0,"Local Hit Blocks":0,"Local Read Blocks":0,"Local Dirtied Blocks":0,"Local Written Blocks":0,"Temp Read Blocks":40840,"Temp Written Blocks":40874,"I/O Read Time":0.0,"I/O Write Time":0.0,"Temp I/O Read Time":63.908,"Temp I/O Write Time":149.523,"Plans":[{"Node Type":"Sort","Parent Relationship":"Outer","Parallel Aware":false,"Async Capable":false,"Startup Cost":1386457.34,"Total Cost":1387098.86,"Plan Rows":256611,"Plan Width":89,"Actual Startup Time":8984.663,"Actual Total Time":8984.711,"Actual Rows":1000,"Actual Loops":1,"Output":["customer.c_id","customer.c_last","(sum(order_line.ol_amount))","customer.c_city","customer.c_phone","nation.n_name"],"Sort Key":["(sum(order_line.ol_amount)) DESC"],"Sort Method":"top-N heapsort","Sort Space Used":189,"Sort Space Type":"Memory","Shared Hit Blocks":363015,"Shared Read Blocks":0,"Shared Dirtied Blocks":0,"Shared Written Blocks":0,"Local Hit Blocks":0,"Local Read Blocks":0,"Local Dirtied Blocks":0,"Local Written Blocks":0,"Temp Read Blocks":40840,"Temp Written Blocks":40874,"I/O Read Time":0.0,"I/O Write Time":0.0,"Temp I/O Read Time":63.908,"Temp I/O Write Time":149.523,"Plans":[{"Node Type":"Aggregate","Strategy":"Sorted","Partial Mode":"Simple","Parent Relationship":"Outer","Parallel Aware":false,"Async Capable":false,"Startup Cost":1364689.3,"Total Cost":1372387.63,"Plan Rows":256611,"Plan Width":89,"Actual Startup Time":8411.207,"Actual Total Time":8959.737,"Actual Rows":107979,"Actual Loops":1,"Output":["customer.c_id","customer.c_last","sum(order_line.ol_amount)","customer.c_city","customer.c_phone","nation.n_name"],"Group Key":["customer.c_id","customer.c_last","customer.c_city","customer.c_phone","nation.n_name"],"Shared Hit Blocks":363015,"Shared Read Blocks":0,"Shared Dirtied Blocks":0,"Shared Written Blocks":0,"Local Hit Blocks":0,"Local Read Blocks":0,"Local Dirtied Blocks":0,"Local Written Blocks":0,"Temp Read Blocks":40840,"Temp Written Blocks":40874,"I/O Read Time":0.0,"I/O Write Time":0.0,"Temp I/O Read Time":63.908,"Temp I/O Write Time":149.523,"Plans":[{"Node Type":"Sort","Parent Relationship":"Outer","Parallel Aware":false,"Async Capable":false,"Startup Cost":1364689.3,"Total Cost":1365330.83,"Plan Rows":256611,"Plan Width":61,"Actual Startup Time":8411.181,"Actual Total Time":8669.827,"Actual Rows":1079842,"Actual Loops":1,"Output":["customer.c_id","customer.c_last","customer.c_city","customer.c_phone","nation.n_name","order_line.ol_amount"],"Sort Key":["customer.c_id","customer.c_last","customer.c_city","customer.c_phone","nation.n_name"],"Sort Method":"external merge","Sort Space Used":75240,"Sort Space Type":"Disk","Shared Hit Blocks":363015,"Shared Read Blocks":0,"Shared Dirtied Blocks":0,"Shared Written Blocks":0,"Local Hit Blocks":0,"Local Read Blocks":0,"Local Dirtied Blocks":0,"Local Written Blocks":0,"Temp Read Blocks":40840,"Temp Written Blocks":40874,"I/O Read Time":0.0,"I/O Write Time":0.0,"Temp I/O Read Time":63.908,"Temp I/O Write Time":149.523,"Plans":[{"Node Type":"Nested Loop","Parent Relationship":"Outer","Parallel Aware":false,"Async Capable":false,"Join Type":"Inner","Startup Cost":408221.09,"Total Cost":1331984.3,"Plan Rows":256611,"Plan Width":61,"Actual Startup Time":1427.693,"Actual Total Time":7592.826,"Actual Rows":1079842,"Actual Loops":1,"Output":["customer.c_id","customer.c_last","customer.c_city","customer.c_phone","nation.n_name","order_line.ol_amount"],"Inner Unique":true,"Shared Hit Blocks":363015,"Shared Read Blocks":0,"Shared Dirtied Blocks":0,"Shared Written Blocks":0,"Local Hit Blocks":0,"Local Read Blocks":0,"Local Dirtied Blocks":0,"Local Written Blocks":0,"Temp Read Blocks":22036,"Temp Written Blocks":22036,"I/O Read Time":0.0,"I/O Write Time":0.0,"Temp I/O Read Time":35.963,"Temp I/O Write Time":99.681,"Plans":[{"Node Type":"Hash Join","Parent Relationship":"Outer","Parallel Aware":false,"Async Capable":false,"Join Type":"Inner","Startup Cost":408220.94,"Total Cost":1325623.33,"Plan Rows":256611,"Plan Width":57,"Actual Startup Time":1427.67,"Actual Total Time":7233.028,"Actual Rows":1079842,"Actual Loops":1,"Output":["customer.c_id","customer.c_last","customer.c_city","customer.c_phone","customer.c_nationkey","order_line.ol_amount"],"Inner Unique":true,"Hash Cond":"((orders.o_c_id = customer.c_id) AND (orders.o_w_id = customer.c_w_id) AND (orders.o_d_id = customer.c_d_id))","Shared Hit Blocks":362943,"Shared Read Blocks":0,"Shared Dirtied Blocks":0,"Shared Written Blocks":0,"Local Hit Blocks":0,"Local Read Blocks":0,"Local Dirtied Blocks":0,"Local Written Blocks":0,"Temp Read Blocks":22036,"Temp Written Blocks":22036,"I/O Read Time":0.0,"I/O Write Time":0.0,"Temp I/O Read Time":35.963,"Temp I/O Write Time":99.681,"Plans":[{"Node Type":"Hash Join","Parent Relationship":"Outer","Parallel Aware":false,"Async Capable":false,"Join Type":"Inner","Startup Cost":68990.35,"Total Cost":949641.92,"Plan Rows":256611,"Plan Width":16,"Actual Startup Time":293.834,"Actual Total Time":5140.78,"Actual Rows":1079842,"Actual Loops":1,"Output":["orders.o_c_id","orders.o_w_id","orders.o_d_id","order_line.ol_amount","order_line.ol_w_id","order_line.ol_d_id"],"Inner Unique":true,"Hash Cond":"((order_line.ol_w_id = orders.o_w_id) AND (order_line.ol_d_id = orders.o_d_id) AND (order_line.ol_o_id = orders.o_id))","Join Filter":"(orders.o_entry_d <= order_line.ol_delivery_d)","Rows Removed by Join Filter":0,"Shared Hit Blocks":362943,"Shared Read Blocks":0,"Shared Dirtied Blocks":0,"Shared Written Blocks":0,"Local Hit Blocks":0,"Local Read Blocks":0,"Local Dirtied Blocks":0,"Local Written Blocks":0,"Temp Read Blocks":0,"Temp Written Blocks":0,"I/O Read Time":0.0,"I/O Write Time":0.0,"Temp I/O Read Time":0.0,"Temp I/O Write Time":0.0,"Plans":[{"Node Type":"Seq Scan","Parent Relationship":"Outer","Parallel Aware":false,"Async Capable":false,"Relation Name":"order_line","Schema":"public","Alias":"order_line","Startup Cost":0.0,"Total Cost":715856.4,"Plan Rows":20926367,"Plan Width":24,"Actual Startup Time":0.01,"Actual Total Time":2835.233,"Actual Rows":21002151,"Actual Loops":1,"Output":["order_line.ol_o_id","order_line.ol_d_id","order_line.ol_w_id","order_line.ol_number","order_line.ol_i_id","order_line.ol_supply_w_id","order_line.ol_delivery_d","order_line.ol_quantity","order_line.ol_amount","order_line.ol_dist_info"],"Filter":"(order_line.ol_delivery_d >= '1992-01-02 20:10:02.27764'::timestamp without time zone)","Rows Removed by Filter":8995581,"Shared Hit Blocks":340884,"Shared Read Blocks":0,"Shared Dirtied Blocks":0,"Shared Written Blocks":0,"Local Hit Blocks":0,"Local Read Blocks":0,"Local Dirtied Blocks":0,"Local Written Blocks":0,"Temp Read Blocks":0,"Temp Written Blocks":0,"I/O Read Time":0.0,"I/O Write Time":0.0,"Temp I/O Read Time":0.0,"Temp I/O Write Time":0.0},{"Node Type":"Hash","Parent Relationship":"Inner","Parallel Aware":false,"Async Capable":false,"Startup Cost":67059.0,"Total Cost":67059.0,"Plan Rows":110363,"Plan Width":24,"Actual Startup Time":220.688,"Actual Total Time":220.691,"Actual Rows":107979,"Actual Loops":1,"Output":["orders.o_c_id","orders.o_w_id","orders.o_d_id","orders.o_id","orders.o_entry_d"],"Hash Buckets":131072,"Original Hash Buckets":131072,"Hash Batches":1,"Original Hash Batches":1,"Peak Memory Usage":6930,"Shared Hit Blocks":22059,"Shared Read Blocks":0,"Shared Dirtied Blocks":0,"Shared Written Blocks":0,"Local Hit Blocks":0,"Local Read Blocks":0,"Local Dirtied Blocks":0,"Local Written Blocks":0,"Temp Read Blocks":0,"Temp Written Blocks":0,"I/O Read Time":0.0,"I/O Write Time":0.0,"Temp I/O Read Time":0.0,"Temp I/O Write Time":0.0,"Plans":[{"Node Type":"Seq Scan","Parent Relationship":"Outer","Parallel Aware":false,"Async Capable":false,"Relation Name":"orders","Schema":"public","Alias":"orders","Startup Cost":0.0,"Total Cost":67059.0,"Plan Rows":110363,"Plan Width":24,"Actual Startup Time":1.187,"Actual Total Time":199.777,"Actual Rows":107979,"Actual Loops":1,"Output":["orders.o_c_id","orders.o_w_id","orders.o_d_id","orders.o_id","orders.o_entry_d"],"Filter":"((orders.o_entry_d >= '1993-07-02 20:10:02.27764'::timestamp without time zone) AND (orders.o_entry_d < '1993-10-02 20:10:02.27764'::timestamp without time zone))","Rows Removed by Filter":2892021,"Shared Hit Blocks":22059,"Shared Read Blocks":0,"Shared Dirtied Blocks":0,"Shared Written Blocks":0,"Local Hit Blocks":0,"Local Read Blocks":0,"Local Dirtied Blocks":0,"Local Written Blocks":0,"Temp Read Blocks":0,"Temp Written Blocks":0,"I/O Read Time":0.0,"I/O Write Time":0.0,"Temp I/O Read Time":0.0,"Temp I/O Write Time":0.0}]}]},{"Node Type":"Hash","Parent Relationship":"Inner","Parallel Aware":false,"Async Capable":false,"Startup Cost":254511.16,"Total Cost":254511.16,"Plan Rows":2999739,"Plan Width":57,"Actual Startup Time":1130.899,"Actual Total Time":1130.903,"Actual Rows":3000000,"Actual Loops":1,"Output":["customer.c_id","customer.c_last","customer.c_city","customer.c_phone","customer.c_w_id","customer.c_d_id","customer.c_nationkey"],"Hash Buckets":65536,"Original Hash Buckets":65536,"Hash Batches":64,"Original Hash Batches":64,"Peak Memory Usage":3444,"Shared Hit Blocks":0,"Shared Read Blocks":0,"Shared Dirtied Blocks":0,"Shared Written Blocks":0,"Local Hit Blocks":0,"Local Read Blocks":0,"Local Dirtied Blocks":0,"Local Written Blocks":0,"Temp Read Blocks":0,"Temp Written Blocks":17271,"I/O Read Time":0.0,"I/O Write Time":0.0,"Temp I/O Read Time":0.0,"Temp I/O Write Time":74.959,"Plans":[{"Node Type":"Append","Parent Relationship":"Outer","Parallel Aware":false,"Async Capable":false,"Startup Cost":20.0,"Total Cost":254511.16,"Plan Rows":2999739,"Plan Width":57,"Actual Startup Time":0.029,"Actual Total Time":557.272,"Actual Rows":3000000,"Actual Loops":1,"Shared Hit Blocks":0,"Shared Read Blocks":0,"Shared Dirtied Blocks":0,"Shared Written Blocks":0,"Local Hit Blocks":0,"Local Read Blocks":0,"Local Dirtied Blocks":0,"Local Written Blocks":0,"Temp Read Blocks":0,"Temp Written Blocks":0,"I/O Read Time":0.0,"I/O Write Time":0.0,"Temp I/O Read Time":0.0,"Temp I/O Write Time":0.0,"Subplans Removed":0,"Plans":[{"Node Type":"Custom Scan","Parent Relationship":"Member","Custom Plan Provider":"columnar scan","Parallel Aware":false,"Async Capable":false,"Relation Name":"customer","Schema":"public","Alias":"customer","Startup Cost":20.0,"Total Cost":101711.15,"Plan Rows":2999738,"Plan Width":57,"Actual Startup Time":0.028,"Actual Total Time":346.367,"Actual Rows":3000000,"Actual Loops":1,"Output":["customer.c_id","customer.c_last","customer.c_city","customer.c_phone","customer.c_w_id","customer.c_d_id","customer.c_nationkey"],"Rows Removed by Columnar Filter":0,"Columnar projection mode":"late materialization","Columnar cache search mode":"native","Shared Hit Blocks":0,"Shared Read Blocks":0,"Shared Dirtied Blocks":0,"Shared Written Blocks":0,"Local Hit Blocks":0,"Local Read Blocks":0,"Local Dirtied Blocks":0,"Local Written Blocks":0,"Temp Read Blocks":0,"Temp Written Blocks":0,"I/O Read Time":0.0,"I/O Write Time":0.0,"Temp I/O Read Time":0.0,"Temp I/O Write Time":0.0},{"Node Type":"Seq Scan","Parent Relationship":"Member","Parallel Aware":false,"Async Capable":false,"Relation Name":"customer","Schema":"public","Alias":"customer","Startup Cost":0.0,"Total Cost":4.01,"Plan Rows":1,"Plan Width":57,"Actual Startup Time":0.0,"Actual Total Time":0.0,"Actual Rows":0,"Actual Loops":0,"Output":["customer.c_id","customer.c_last","customer.c_city","customer.c_phone","customer.c_w_id","customer.c_d_id","customer.c_nationkey"],"Shared Hit Blocks":0,"Shared Read Blocks":0,"Shared Dirtied Blocks":0,"Shared Written Blocks":0,"Local Hit Blocks":0,"Local Read Blocks":0,"Local Dirtied Blocks":0,"Local Written Blocks":0,"Temp Read Blocks":0,"Temp Written Blocks":0,"I/O Read Time":0.0,"I/O Write Time":0.0,"Temp I/O Read Time":0.0,"Temp I/O Write Time":0.0}]}]}]},{"Node Type":"Memoize","Parent Relationship":"Inner","Parallel Aware":false,"Async Capable":false,"Startup Cost":0.15,"Total Cost":0.17,"Plan Rows":1,"Plan Width":12,"Actual Startup Time":0.0,"Actual Total Time":0.0,"Actual Rows":1,"Actual Loops":1079842,"Output":["nation.n_name","nation.n_nationkey"],"Cache Key":"customer.c_nationkey","Cache Mode":"logical","Cache Hits":1079806,"Cache Misses":36,"Cache Evictions":0,"Cache Overflows":0,"Peak Memory Usage":4,"Shared Hit Blocks":72,"Shared Read Blocks":0,"Shared Dirtied Blocks":0,"Shared Written Blocks":0,"Local Hit Blocks":0,"Local Read Blocks":0,"Local Dirtied Blocks":0,"Local Written Blocks":0,"Temp Read Blocks":0,"Temp Written Blocks":0,"I/O Read Time":0.0,"I/O Write Time":0.0,"Temp I/O Read Time":0.0,"Temp I/O Write Time":0.0,"Plans":[{"Node Type":"Index Scan","Parent Relationship":"Outer","Parallel Aware":false,"Async Capable":false,"Scan Direction":"Forward","Index Name":"nation_pk","Relation Name":"nation","Schema":"public","Alias":"nation","Startup Cost":0.14,"Total Cost":0.16,"Plan Rows":1,"Plan Width":12,"Actual Startup Time":0.002,"Actual Total Time":0.002,"Actual Rows":1,"Actual Loops":36,"Output":["nation.n_name","nation.n_nationkey"],"Index Cond":"(nation.n_nationkey = customer.c_nationkey)","Rows Removed by Index Recheck":0,"Shared Hit Blocks":72,"Shared Read Blocks":0,"Shared Dirtied Blocks":0,"Shared Written Blocks":0,"Local Hit Blocks":0,"Local Read Blocks":0,"Local Dirtied Blocks":0,"Local Written Blocks":0,"Temp Read Blocks":0,"Temp Written Blocks":0,"I/O Read Time":0.0,"I/O Write Time":0.0,"Temp I/O Read Time":0.0,"Temp I/O Write Time":0.0}]}]}]}]}]}]},"Planning":{"Shared Hit Blocks":4,"Shared Read Blocks":0,"Shared Dirtied Blocks":0,"Shared Written Blocks":0,"Local Hit Blocks":0,"Local Read Blocks":0,"Local Dirtied Blocks":0,"Local Written Blocks":0,"Temp Read Blocks":0,"Temp Written Blocks":0,"I/O Read Time":0.0,"I/O Write Time":0.0,"Temp I/O Read Time":0.0,"Temp I/O Write Time":0.0},"Planning Time":1.318,"Triggers":[],"Execution Time":8997.896}]
[列存组合]: customer, order_line
[{"Plan":{"Node Type":"Limit","Parallel Aware":false,"Async Capable":false,"Startup Cost":1372420.94,"Total Cost":1372423.44,"Plan Rows":1000,"Plan Width":89,"Actual Startup Time":4781.165,"Actual Total Time":4781.277,"Actual Rows":1000,"Actual Loops":1,"Output":["customer.c_id","customer.c_last","(sum(order_line.ol_amount))","customer.c_city","customer.c_phone","nation.n_name"],"Shared Hit Blocks":22131,"Shared Read Blocks":0,"Shared Dirtied Blocks":0,"Shared Written Blocks":0,"Local Hit Blocks":0,"Local Read Blocks":0,"Local Dirtied Blocks":0,"Local Written Blocks":0,"Temp Read Blocks":40840,"Temp Written Blocks":40874,"I/O Read Time":0.0,"I/O Write Time":0.0,"Temp I/O Read Time":63.186,"Temp I/O Write Time":151.34,"Plans":[{"Node Type":"Sort","Parent Relationship":"Outer","Parallel Aware":false,"Async Capable":false,"Startup Cost":1372420.94,"Total Cost":1373062.46,"Plan Rows":256611,"Plan Width":89,"Actual Startup Time":4781.163,"Actual Total Time":4781.207,"Actual Rows":1000,"Actual Loops":1,"Output":["customer.c_id","customer.c_last","(sum(order_line.ol_amount))","customer.c_city","customer.c_phone","nation.n_name"],"Sort Key":["(sum(order_line.ol_amount)) DESC"],"Sort Method":"top-N heapsort","Sort Space Used":189,"Sort Space Type":"Memory","Shared Hit Blocks":22131,"Shared Read Blocks":0,"Shared Dirtied Blocks":0,"Shared Written Blocks":0,"Local Hit Blocks":0,"Local Read Blocks":0,"Local Dirtied Blocks":0,"Local Written Blocks":0,"Temp Read Blocks":40840,"Temp Written Blocks":40874,"I/O Read Time":0.0,"I/O Write Time":0.0,"Temp I/O Read Time":63.186,"Temp I/O Write Time":151.34,"Plans":[{"Node Type":"Aggregate","Strategy":"Sorted","Partial Mode":"Simple","Parent Relationship":"Outer","Parallel Aware":false,"Async Capable":false,"Startup Cost":1350652.9,"Total Cost":1358351.23,"Plan Rows":256611,"Plan Width":89,"Actual Startup Time":4204.644,"Actual Total Time":4755.806,"Actual Rows":107979,"Actual Loops":1,"Output":["customer.c_id","customer.c_last","sum(order_line.ol_amount)","customer.c_city","customer.c_phone","nation.n_name"],"Group Key":["customer.c_id","customer.c_last","customer.c_city","customer.c_phone","nation.n_name"],"Shared Hit Blocks":22131,"Shared Read Blocks":0,"Shared Dirtied Blocks":0,"Shared Written Blocks":0,"Local Hit Blocks":0,"Local Read Blocks":0,"Local Dirtied Blocks":0,"Local Written Blocks":0,"Temp Read Blocks":40840,"Temp Written Blocks":40874,"I/O Read Time":0.0,"I/O Write Time":0.0,"Temp I/O Read Time":63.186,"Temp I/O Write Time":151.34,"Plans":[{"Node Type":"Sort","Parent Relationship":"Outer","Parallel Aware":false,"Async Capable":false,"Startup Cost":1350652.9,"Total Cost":1351294.43,"Plan Rows":256611,"Plan Width":61,"Actual Startup Time":4204.623,"Actual Total Time":4465.852,"Actual Rows":1079842,"Actual Loops":1,"Output":["customer.c_id","customer.c_last","customer.c_city","customer.c_phone","nation.n_name","order_line.ol_amount"],"Sort Key":["customer.c_id","customer.c_last","customer.c_city","customer.c_phone","nation.n_name"],"Sort Method":"external merge","Sort Space Used":75240,"Sort Space Type":"Disk","Shared Hit Blocks":22131,"Shared Read Blocks":0,"Shared Dirtied Blocks":0,"Shared Written Blocks":0,"Local Hit Blocks":0,"Local Read Blocks":0,"Local Dirtied Blocks":0,"Local Written Blocks":0,"Temp Read Blocks":40840,"Temp Written Blocks":40874,"I/O Read Time":0.0,"I/O Write Time":0.0,"Temp I/O Read Time":63.186,"Temp I/O Write Time":151.34,"Plans":[{"Node Type":"Nested Loop","Parent Relationship":"Outer","Parallel Aware":false,"Async Capable":false,"Join Type":"Inner","Startup Cost":408241.09,"Total Cost":1317947.9,"Plan Rows":256611,"Plan Width":61,"Actual Startup Time":1379.197,"Actual Total Time":3392.572,"Actual Rows":1079842,"Actual Loops":1,"Output":["customer.c_id","customer.c_last","customer.c_city","customer.c_phone","nation.n_name","order_line.ol_amount"],"Inner Unique":true,"Shared Hit Blocks":22131,"Shared Read Blocks":0,"Shared Dirtied Blocks":0,"Shared Written Blocks":0,"Local Hit Blocks":0,"Local Read Blocks":0,"Local Dirtied Blocks":0,"Local Written Blocks":0,"Temp Read Blocks":22036,"Temp Written Blocks":22036,"I/O Read Time":0.0,"I/O Write Time":0.0,"Temp I/O Read Time":35.477,"Temp I/O Write Time":101.729,"Plans":[{"Node Type":"Hash Join","Parent Relationship":"Outer","Parallel Aware":false,"Async Capable":false,"Join Type":"Inner","Startup Cost":408240.94,"Total Cost":1311586.93,"Plan Rows":256611,"Plan Width":57,"Actual Startup Time":1379.171,"Actual Total Time":3030.639,"Actual Rows":1079842,"Actual Loops":1,"Output":["customer.c_id","customer.c_last","customer.c_city","customer.c_phone","customer.c_nationkey","order_line.ol_amount"],"Inner Unique":true,"Hash Cond":"((orders.o_c_id = customer.c_id) AND (orders.o_w_id = customer.c_w_id) AND (orders.o_d_id = customer.c_d_id))","Shared Hit Blocks":22059,"Shared Read Blocks":0,"Shared Dirtied Blocks":0,"Shared Written Blocks":0,"Local Hit Blocks":0,"Local Read Blocks":0,"Local Dirtied Blocks":0,"Local Written Blocks":0,"Temp Read Blocks":22036,"Temp Written Blocks":22036,"I/O Read Time":0.0,"I/O Write Time":0.0,"Temp I/O Read Time":35.477,"Temp I/O Write Time":101.729,"Plans":[{"Node Type":"Hash Join","Parent Relationship":"Outer","Parallel Aware":false,"Async Capable":false,"Join Type":"Inner","Startup Cost":69010.35,"Total Cost":935605.52,"Plan Rows":256611,"Plan Width":16,"Actual Startup Time":235.636,"Actual Total Time":930.702,"Actual Rows":1079842,"Actual Loops":1,"Output":["orders.o_c_id","orders.o_w_id","orders.o_d_id","order_line.ol_amount","order_line.ol_w_id","order_line.ol_d_id"],"Inner Unique":true,"Hash Cond":"((order_line.ol_w_id = orders.o_w_id) AND (order_line.ol_d_id = orders.o_d_id) AND (order_line.ol_o_id = orders.o_id))","Join Filter":"(orders.o_entry_d <= order_line.ol_delivery_d)","Rows Removed by Join Filter":0,"Shared Hit Blocks":22059,"Shared Read Blocks":0,"Shared Dirtied Blocks":0,"Shared Written Blocks":0,"Local Hit Blocks":0,"Local Read Blocks":0,"Local Dirtied Blocks":0,"Local Written Blocks":0,"Temp Read Blocks":0,"Temp Written Blocks":0,"I/O Read Time":0.0,"I/O Write Time":0.0,"Temp I/O Read Time":0.0,"Temp I/O Write Time":0.0,"Plans":[{"Node Type":"Append","Parent Relationship":"Outer","Parallel Aware":false,"Async Capable":false,"Startup Cost":20.0,"Total Cost":701820.0,"Plan Rows":20926367,"Plan Width":24,"Actual Startup Time":2.844,"Actual Total Time":419.973,"Actual Rows":1110056,"Actual Loops":1,"Shared Hit Blocks":0,"Shared Read Blocks":0,"Shared Dirtied Blocks":0,"Shared Written Blocks":0,"Local Hit Blocks":0,"Local Read Blocks":0,"Local Dirtied Blocks":0,"Local Written Blocks":0,"Temp Read Blocks":0,"Temp Written Blocks":0,"I/O Read Time":0.0,"I/O Write Time":0.0,"Temp I/O Read Time":0.0,"Temp I/O Write Time":0.0,"Subplans Removed":0,"Plans":[{"Node Type":"Custom Scan","Parent Relationship":"Member","Custom Plan Provider":"columnar scan","Parallel Aware":false,"Async Capable":false,"Relation Name":"order_line","Schema":"public","Alias":"order_line","Startup Cost":20.0,"Total Cost":533641.75,"Plan Rows":20926325,"Plan Width":24,"Actual Startup Time":2.842,"Actual Total Time":338.495,"Actual Rows":1110056,"Actual Loops":1,"Output":["order_line.ol_amount","order_line.ol_w_id","order_line.ol_d_id","order_line.ol_o_id","order_line.ol_delivery_d"],"Filter":"(order_line.ol_delivery_d >= '1992-01-02 20:10:02.27764'::timestamp without time zone)","Rows Removed by Filter":0,"Rows Removed by Columnar Filter":28887676,"Rows Filtered by Bloom Filter":0,"Dictionary Rows Filtered by Bloom Filter":28887676,"Columnar cache search mode":"native","Shared Hit Blocks":0,"Shared Read Blocks":0,"Shared Dirtied Blocks":0,"Shared Written Blocks":0,"Local Hit Blocks":0,"Local Read Blocks":0,"Local Dirtied Blocks":0,"Local Written Blocks":0,"Temp Read Blocks":0,"Temp Written Blocks":0,"I/O Read Time":0.0,"I/O Write Time":0.0,"Temp I/O Read Time":0.0,"Temp I/O Write Time":0.0},{"Node Type":"Seq Scan","Parent Relationship":"Member","Parallel Aware":false,"Async Capable":false,"Relation Name":"order_line","Schema":"public","Alias":"order_line","Startup Cost":0.0,"Total Cost":4.75,"Plan Rows":42,"Plan Width":24,"Actual Startup Time":0.0,"Actual Total Time":0.0,"Actual Rows":0,"Actual Loops":0,"Output":["order_line.ol_amount","order_line.ol_w_id","order_line.ol_d_id","order_line.ol_o_id","order_line.ol_delivery_d"],"Filter":"(order_line.ol_delivery_d >= '1992-01-02 20:10:02.27764'::timestamp without time zone)","Rows Removed by Filter":0,"Shared Hit Blocks":0,"Shared Read Blocks":0,"Shared Dirtied Blocks":0,"Shared Written Blocks":0,"Local Hit Blocks":0,"Local Read Blocks":0,"Local Dirtied Blocks":0,"Local Written Blocks":0,"Temp Read Blocks":0,"Temp Written Blocks":0,"I/O Read Time":0.0,"I/O Write Time":0.0,"Temp I/O Read Time":0.0,"Temp I/O Write Time":0.0}]},{"Node Type":"Hash","Parent Relationship":"Inner","Parallel Aware":false,"Async Capable":false,"Startup Cost":67059.0,"Total Cost":67059.0,"Plan Rows":110363,"Plan Width":24,"Actual Startup Time":232.112,"Actual Total Time":232.112,"Actual Rows":107979,"Actual Loops":1,"Output":["orders.o_c_id","orders.o_w_id","orders.o_d_id","orders.o_id","orders.o_entry_d"],"Hash Buckets":131072,"Original Hash Buckets":131072,"Hash Batches":1,"Original Hash Batches":1,"Peak Memory Usage":6930,"Shared Hit Blocks":22059,"Shared Read Blocks":0,"Shared Dirtied Blocks":0,"Shared Written Blocks":0,"Local Hit Blocks":0,"Local Read Blocks":0,"Local Dirtied Blocks":0,"Local Written Blocks":0,"Temp Read Blocks":0,"Temp Written Blocks":0,"I/O Read Time":0.0,"I/O Write Time":0.0,"Temp I/O Read Time":0.0,"Temp I/O Write Time":0.0,"Plans":[{"Node Type":"Seq Scan","Parent Relationship":"Outer","Parallel Aware":false,"Async Capable":false,"Relation Name":"orders","Schema":"public","Alias":"orders","Startup Cost":0.0,"Total Cost":67059.0,"Plan Rows":110363,"Plan Width":24,"Actual Startup Time":1.209,"Actual Total Time":202.333,"Actual Rows":107979,"Actual Loops":1,"Output":["orders.o_c_id","orders.o_w_id","orders.o_d_id","orders.o_id","orders.o_entry_d"],"Filter":"((orders.o_entry_d >= '1993-07-02 20:10:02.27764'::timestamp without time zone) AND (orders.o_entry_d < '1993-10-02 20:10:02.27764'::timestamp without time zone))","Rows Removed by Filter":2892021,"Shared Hit Blocks":22059,"Shared Read Blocks":0,"Shared Dirtied Blocks":0,"Shared Written Blocks":0,"Local Hit Blocks":0,"Local Read Blocks":0,"Local Dirtied Blocks":0,"Local Written Blocks":0,"Temp Read Blocks":0,"Temp Written Blocks":0,"I/O Read Time":0.0,"I/O Write Time":0.0,"Temp I/O Read Time":0.0,"Temp I/O Write Time":0.0}]}]},{"Node Type":"Hash","Parent Relationship":"Inner","Parallel Aware":false,"Async Capable":false,"Startup Cost":254511.16,"Total Cost":254511.16,"Plan Rows":2999739,"Plan Width":57,"Actual Startup Time":1141.352,"Actual Total Time":1141.354,"Actual Rows":3000000,"Actual Loops":1,"Output":["customer.c_id","customer.c_last","customer.c_city","customer.c_phone","customer.c_w_id","customer.c_d_id","customer.c_nationkey"],"Hash Buckets":65536,"Original Hash Buckets":65536,"Hash Batches":64,"Original Hash Batches":64,"Peak Memory Usage":3444,"Shared Hit Blocks":0,"Shared Read Blocks":0,"Shared Dirtied Blocks":0,"Shared Written Blocks":0,"Local Hit Blocks":0,"Local Read Blocks":0,"Local Dirtied Blocks":0,"Local Written Blocks":0,"Temp Read Blocks":0,"Temp Written Blocks":17271,"I/O Read Time":0.0,"I/O Write Time":0.0,"Temp I/O Read Time":0.0,"Temp I/O Write Time":78.104,"Plans":[{"Node Type":"Append","Parent Relationship":"Outer","Parallel Aware":false,"Async Capable":false,"Startup Cost":20.0,"Total Cost":254511.16,"Plan Rows":2999739,"Plan Width":57,"Actual Startup Time":0.013,"Actual Total Time":564.963,"Actual Rows":3000000,"Actual Loops":1,"Shared Hit Blocks":0,"Shared Read Blocks":0,"Shared Dirtied Blocks":0,"Shared Written Blocks":0,"Local Hit Blocks":0,"Local Read Blocks":0,"Local Dirtied Blocks":0,"Local Written Blocks":0,"Temp Read Blocks":0,"Temp Written Blocks":0,"I/O Read Time":0.0,"I/O Write Time":0.0,"Temp I/O Read Time":0.0,"Temp I/O Write Time":0.0,"Subplans Removed":0,"Plans":[{"Node Type":"Custom Scan","Parent Relationship":"Member","Custom Plan Provider":"columnar scan","Parallel Aware":false,"Async Capable":false,"Relation Name":"customer","Schema":"public","Alias":"customer","Startup Cost":20.0,"Total Cost":101711.15,"Plan Rows":2999738,"Plan Width":57,"Actual Startup Time":0.012,"Actual Total Time":347.905,"Actual Rows":3000000,"Actual Loops":1,"Output":["customer.c_id","customer.c_last","customer.c_city","customer.c_phone","customer.c_w_id","customer.c_d_id","customer.c_nationkey"],"Rows Removed by Columnar Filter":0,"Columnar projection mode":"late materialization","Columnar cache search mode":"native","Shared Hit Blocks":0,"Shared Read Blocks":0,"Shared Dirtied Blocks":0,"Shared Written Blocks":0,"Local Hit Blocks":0,"Local Read Blocks":0,"Local Dirtied Blocks":0,"Local Written Blocks":0,"Temp Read Blocks":0,"Temp Written Blocks":0,"I/O Read Time":0.0,"I/O Write Time":0.0,"Temp I/O Read Time":0.0,"Temp I/O Write Time":0.0},{"Node Type":"Seq Scan","Parent Relationship":"Member","Parallel Aware":false,"Async Capable":false,"Relation Name":"customer","Schema":"public","Alias":"customer","Startup Cost":0.0,"Total Cost":4.01,"Plan Rows":1,"Plan Width":57,"Actual Startup Time":0.0,"Actual Total Time":0.0,"Actual Rows":0,"Actual Loops":0,"Output":["customer.c_id","customer.c_last","customer.c_city","customer.c_phone","customer.c_w_id","customer.c_d_id","customer.c_nationkey"],"Shared Hit Blocks":0,"Shared Read Blocks":0,"Shared Dirtied Blocks":0,"Shared Written Blocks":0,"Local Hit Blocks":0,"Local Read Blocks":0,"Local Dirtied Blocks":0,"Local Written Blocks":0,"Temp Read Blocks":0,"Temp Written Blocks":0,"I/O Read Time":0.0,"I/O Write Time":0.0,"Temp I/O Read Time":0.0,"Temp I/O Write Time":0.0}]}]}]},{"Node Type":"Memoize","Parent Relationship":"Inner","Parallel Aware":false,"Async Capable":false,"Startup Cost":0.15,"Total Cost":0.17,"Plan Rows":1,"Plan Width":12,"Actual Startup Time":0.0,"Actual Total Time":0.0,"Actual Rows":1,"Actual Loops":1079842,"Output":["nation.n_name","nation.n_nationkey"],"Cache Key":"customer.c_nationkey","Cache Mode":"logical","Cache Hits":1079806,"Cache Misses":36,"Cache Evictions":0,"Cache Overflows":0,"Peak Memory Usage":4,"Shared Hit Blocks":72,"Shared Read Blocks":0,"Shared Dirtied Blocks":0,"Shared Written Blocks":0,"Local Hit Blocks":0,"Local Read Blocks":0,"Local Dirtied Blocks":0,"Local Written Blocks":0,"Temp Read Blocks":0,"Temp Written Blocks":0,"I/O Read Time":0.0,"I/O Write Time":0.0,"Temp I/O Read Time":0.0,"Temp I/O Write Time":0.0,"Plans":[{"Node Type":"Index Scan","Parent Relationship":"Outer","Parallel Aware":false,"Async Capable":false,"Scan Direction":"Forward","Index Name":"nation_pk","Relation Name":"nation","Schema":"public","Alias":"nation","Startup Cost":0.14,"Total Cost":0.16,"Plan Rows":1,"Plan Width":12,"Actual Startup Time":0.002,"Actual Total Time":0.002,"Actual Rows":1,"Actual Loops":36,"Output":["nation.n_name","nation.n_nationkey"],"Index Cond":"(nation.n_nationkey = customer.c_nationkey)","Rows Removed by Index Recheck":0,"Shared Hit Blocks":72,"Shared Read Blocks":0,"Shared Dirtied Blocks":0,"Shared Written Blocks":0,"Local Hit Blocks":0,"Local Read Blocks":0,"Local Dirtied Blocks":0,"Local Written Blocks":0,"Temp Read Blocks":0,"Temp Written Blocks":0,"I/O Read Time":0.0,"I/O Write Time":0.0,"Temp I/O Read Time":0.0,"Temp I/O Write Time":0.0}]}]}]}]}]}]},"Planning":{"Shared Hit Blocks":4,"Shared Read Blocks":0,"Shared Dirtied Blocks":0,"Shared Written Blocks":0,"Local Hit Blocks":0,"Local Read Blocks":0,"Local Dirtied Blocks":0,"Local Written Blocks":0,"Temp Read Blocks":0,"Temp Written Blocks":0,"I/O Read Time":0.0,"I/O Write Time":0.0,"Temp I/O Read Time":0.0,"Temp I/O Write Time":0.0},"Planning Time":1.613,"Triggers":[],"Execution Time":4794.122}]
[列存组合]: customer, orders
[{"Plan":{"Node Type":"Limit","Parallel Aware":false,"Async Capable":false,"Startup Cost":1376165.34,"Total Cost":1376167.84,"Plan Rows":1000,"Plan Width":89,"Actual Startup Time":8853.884,"Actual Total Time":8853.996,"Actual Rows":1000,"Actual Loops":1,"Output":["customer.c_id","customer.c_last","(sum(order_line.ol_amount))","customer.c_city","customer.c_phone","nation.n_name"],"Shared Hit Blocks":340956,"Shared Read Blocks":0,"Shared Dirtied Blocks":0,"Shared Written Blocks":0,"Local Hit Blocks":0,"Local Read Blocks":0,"Local Dirtied Blocks":0,"Local Written Blocks":0,"Temp Read Blocks":40840,"Temp Written Blocks":40874,"I/O Read Time":0.0,"I/O Write Time":0.0,"Temp I/O Read Time":63.37,"Temp I/O Write Time":151.066,"Plans":[{"Node Type":"Sort","Parent Relationship":"Outer","Parallel Aware":false,"Async Capable":false,"Startup Cost":1376165.34,"Total Cost":1376806.87,"Plan Rows":256611,"Plan Width":89,"Actual Startup Time":8853.882,"Actual Total Time":8853.93,"Actual Rows":1000,"Actual Loops":1,"Output":["customer.c_id","customer.c_last","(sum(order_line.ol_amount))","customer.c_city","customer.c_phone","nation.n_name"],"Sort Key":["(sum(order_line.ol_amount)) DESC"],"Sort Method":"top-N heapsort","Sort Space Used":189,"Sort Space Type":"Memory","Shared Hit Blocks":340956,"Shared Read Blocks":0,"Shared Dirtied Blocks":0,"Shared Written Blocks":0,"Local Hit Blocks":0,"Local Read Blocks":0,"Local Dirtied Blocks":0,"Local Written Blocks":0,"Temp Read Blocks":40840,"Temp Written Blocks":40874,"I/O Read Time":0.0,"I/O Write Time":0.0,"Temp I/O Read Time":63.37,"Temp I/O Write Time":151.066,"Plans":[{"Node Type":"Aggregate","Strategy":"Sorted","Partial Mode":"Simple","Parent Relationship":"Outer","Parallel Aware":false,"Async Capable":false,"Startup Cost":1354397.31,"Total Cost":1362095.64,"Plan Rows":256611,"Plan Width":89,"Actual Startup Time":8277.815,"Actual Total Time":8828.955,"Actual Rows":107979,"Actual Loops":1,"Output":["customer.c_id","customer.c_last","sum(order_line.ol_amount)","customer.c_city","customer.c_phone","nation.n_name"],"Group Key":["customer.c_id","customer.c_last","customer.c_city","customer.c_phone","nation.n_name"],"Shared Hit Blocks":340956,"Shared Read Blocks":0,"Shared Dirtied Blocks":0,"Shared Written Blocks":0,"Local Hit Blocks":0,"Local Read Blocks":0,"Local Dirtied Blocks":0,"Local Written Blocks":0,"Temp Read Blocks":40840,"Temp Written Blocks":40874,"I/O Read Time":0.0,"I/O Write Time":0.0,"Temp I/O Read Time":63.37,"Temp I/O Write Time":151.066,"Plans":[{"Node Type":"Sort","Parent Relationship":"Outer","Parallel Aware":false,"Async Capable":false,"Startup Cost":1354397.31,"Total Cost":1355038.84,"Plan Rows":256611,"Plan Width":61,"Actual Startup Time":8277.79,"Actual Total Time":8536.387,"Actual Rows":1079842,"Actual Loops":1,"Output":["customer.c_id","customer.c_last","customer.c_city","customer.c_phone","nation.n_name","order_line.ol_amount"],"Sort Key":["customer.c_id","customer.c_last","customer.c_city","customer.c_phone","nation.n_name"],"Sort Method":"external merge","Sort Space Used":75240,"Sort Space Type":"Disk","Shared Hit Blocks":340956,"Shared Read Blocks":0,"Shared Dirtied Blocks":0,"Shared Written Blocks":0,"Local Hit Blocks":0,"Local Read Blocks":0,"Local Dirtied Blocks":0,"Local Written Blocks":0,"Temp Read Blocks":40840,"Temp Written Blocks":40874,"I/O Read Time":0.0,"I/O Write Time":0.0,"Temp I/O Read Time":63.37,"Temp I/O Write Time":151.066,"Plans":[{"Node Type":"Nested Loop","Parent Relationship":"Outer","Parallel Aware":false,"Async Capable":false,"Join Type":"Inner","Startup Cost":397929.1,"Total Cost":1321692.31,"Plan Rows":256611,"Plan Width":61,"Actual Startup Time":1256.936,"Actual Total Time":7465.11,"Actual Rows":1079842,"Actual Loops":1,"Output":["customer.c_id","customer.c_last","customer.c_city","customer.c_phone","nation.n_name","order_line.ol_amount"],"Inner Unique":true,"Shared Hit Blocks":340956,"Shared Read Blocks":0,"Shared Dirtied Blocks":0,"Shared Written Blocks":0,"Local Hit Blocks":0,"Local Read Blocks":0,"Local Dirtied Blocks":0,"Local Written Blocks":0,"Temp Read Blocks":22036,"Temp Written Blocks":22036,"I/O Read Time":0.0,"I/O Write Time":0.0,"Temp I/O Read Time":35.675,"Temp I/O Write Time":100.932,"Plans":[{"Node Type":"Hash Join","Parent Relationship":"Outer","Parallel Aware":false,"Async Capable":false,"Join Type":"Inner","Startup Cost":397928.95,"Total Cost":1315331.33,"Plan Rows":256611,"Plan Width":57,"Actual Startup Time":1256.914,"Actual Total Time":7105.24,"Actual Rows":1079842,"Actual Loops":1,"Output":["customer.c_id","customer.c_last","customer.c_city","customer.c_phone","customer.c_nationkey","order_line.ol_amount"],"Inner Unique":true,"Hash Cond":"((orders.o_c_id = customer.c_id) AND (orders.o_w_id = customer.c_w_id) AND (orders.o_d_id = customer.c_d_id))","Shared Hit Blocks":340884,"Shared Read Blocks":0,"Shared Dirtied Blocks":0,"Shared Written Blocks":0,"Local Hit Blocks":0,"Local Read Blocks":0,"Local Dirtied Blocks":0,"Local Written Blocks":0,"Temp Read Blocks":22036,"Temp Written Blocks":22036,"I/O Read Time":0.0,"I/O Write Time":0.0,"Temp I/O Read Time":35.675,"Temp I/O Write Time":100.932,"Plans":[{"Node Type":"Hash Join","Parent Relationship":"Outer","Parallel Aware":false,"Async Capable":false,"Join Type":"Inner","Startup Cost":58698.36,"Total Cost":939349.93,"Plan Rows":256611,"Plan Width":16,"Actual Startup Time":126.522,"Actual Total Time":5013.079,"Actual Rows":1079842,"Actual Loops":1,"Output":["orders.o_c_id","orders.o_w_id","orders.o_d_id","order_line.ol_amount","order_line.ol_w_id","order_line.ol_d_id"],"Inner Unique":true,"Hash Cond":"((order_line.ol_w_id = orders.o_w_id) AND (order_line.ol_d_id = orders.o_d_id) AND (order_line.ol_o_id = orders.o_id))","Join Filter":"(orders.o_entry_d <= order_line.ol_delivery_d)","Rows Removed by Join Filter":0,"Shared Hit Blocks":340884,"Shared Read Blocks":0,"Shared Dirtied Blocks":0,"Shared Written Blocks":0,"Local Hit Blocks":0,"Local Read Blocks":0,"Local Dirtied Blocks":0,"Local Written Blocks":0,"Temp Read Blocks":0,"Temp Written Blocks":0,"I/O Read Time":0.0,"I/O Write Time":0.0,"Temp I/O Read Time":0.0,"Temp I/O Write Time":0.0,"Plans":[{"Node Type":"Seq Scan","Parent Relationship":"Outer","Parallel Aware":false,"Async Capable":false,"Relation Name":"order_line","Schema":"public","Alias":"order_line","Startup Cost":0.0,"Total Cost":715856.4,"Plan Rows":20926367,"Plan Width":24,"Actual Startup Time":0.01,"Actual Total Time":2859.826,"Actual Rows":21002151,"Actual Loops":1,"Output":["order_line.ol_o_id","order_line.ol_d_id","order_line.ol_w_id","order_line.ol_number","order_line.ol_i_id","order_line.ol_supply_w_id","order_line.ol_delivery_d","order_line.ol_quantity","order_line.ol_amount","order_line.ol_dist_info"],"Filter":"(order_line.ol_delivery_d >= '1992-01-02 20:10:02.27764'::timestamp without time zone)","Rows Removed by Filter":8995581,"Shared Hit Blocks":340884,"Shared Read Blocks":0,"Shared Dirtied Blocks":0,"Shared Written Blocks":0,"Local Hit Blocks":0,"Local Read Blocks":0,"Local Dirtied Blocks":0,"Local Written Blocks":0,"Temp Read Blocks":0,"Temp Written Blocks":0,"I/O Read Time":0.0,"I/O Write Time":0.0,"Temp I/O Read Time":0.0,"Temp I/O Write Time":0.0},{"Node Type":"Hash","Parent Relationship":"Inner","Parallel Aware":false,"Async Capable":false,"Startup Cost":56766.99,"Total Cost":56766.99,"Plan Rows":110364,"Plan Width":24,"Actual Startup Time":51.889,"Actual Total Time":51.895,"Actual Rows":107979,"Actual Loops":1,"Output":["orders.o_c_id","orders.o_w_id","orders.o_d_id","orders.o_id","orders.o_entry_d"],"Hash Buckets":131072,"Original Hash Buckets":131072,"Hash Batches":1,"Original Hash Batches":1,"Peak Memory Usage":6930,"Shared Hit Blocks":0,"Shared Read Blocks":0,"Shared Dirtied Blocks":0,"Shared Written Blocks":0,"Local Hit Blocks":0,"Local Read Blocks":0,"Local Dirtied Blocks":0,"Local Written Blocks":0,"Temp Read Blocks":0,"Temp Written Blocks":0,"I/O Read Time":0.0,"I/O Write Time":0.0,"Temp I/O Read Time":0.0,"Temp I/O Write Time":0.0,"Plans":[{"Node Type":"Append","Parent Relationship":"Outer","Parallel Aware":false,"Async Capable":false,"Startup Cost":20.0,"Total Cost":56766.99,"Plan Rows":110364,"Plan Width":24,"Actual Startup Time":0.52,"Actual Total Time":31.415,"Actual Rows":107979,"Actual Loops":1,"Shared Hit Blocks":0,"Shared Read Blocks":0,"Shared Dirtied Blocks":0,"Shared Written Blocks":0,"Local Hit Blocks":0,"Local Read Blocks":0,"Local Dirtied Blocks":0,"Local Written Blocks":0,"Temp Read Blocks":0,"Temp Written Blocks":0,"I/O Read Time":0.0,"I/O Write Time":0.0,"Temp I/O Read Time":0.0,"Temp I/O Write Time":0.0,"Subplans Removed":0,"Plans":[{"Node Type":"Custom Scan","Parent Relationship":"Member","Custom Plan Provider":"columnar scan","Parallel Aware":false,"Async Capable":false,"Relation Name":"orders","Schema":"public","Alias":"orders","Startup Cost":20.0,"Total Cost":2834.33,"Plan Rows":110363,"Plan Width":24,"Actual Startup Time":0.518,"Actual Total Time":23.499,"Actual Rows":107979,"Actual Loops":1,"Output":["orders.o_c_id","orders.o_w_id","orders.o_d_id","orders.o_id","orders.o_entry_d"],"Filter":"((orders.o_entry_d < '1993-10-02 20:10:02.27764'::timestamp without time zone) AND (orders.o_entry_d >= '1993-07-02 20:10:02.27764'::timestamp without time zone))","Rows Removed by Filter":0,"Rows Removed by Columnar Filter":2892021,"Columnar cache search mode":"native","Shared Hit Blocks":0,"Shared Read Blocks":0,"Shared Dirtied Blocks":0,"Shared Written Blocks":0,"Local Hit Blocks":0,"Local Read Blocks":0,"Local Dirtied Blocks":0,"Local Written Blocks":0,"Temp Read Blocks":0,"Temp Written Blocks":0,"I/O Read Time":0.0,"I/O Write Time":0.0,"Temp I/O Read Time":0.0,"Temp I/O Write Time":0.0},{"Node Type":"Seq Scan","Parent Relationship":"Member","Parallel Aware":false,"Async Capable":false,"Relation Name":"orders","Schema":"public","Alias":"orders","Startup Cost":0.0,"Total Cost":4.01,"Plan Rows":1,"Plan Width":24,"Actual Startup Time":0.0,"Actual Total Time":0.0,"Actual Rows":0,"Actual Loops":0,"Output":["orders.o_c_id","orders.o_w_id","orders.o_d_id","orders.o_id","orders.o_entry_d"],"Filter":"((orders.o_entry_d < '1993-10-02 20:10:02.27764'::timestamp without time zone) AND (orders.o_entry_d >= '1993-07-02 20:10:02.27764'::timestamp without time zone))","Rows Removed by Filter":0,"Shared Hit Blocks":0,"Shared Read Blocks":0,"Shared Dirtied Blocks":0,"Shared Written Blocks":0,"Local Hit Blocks":0,"Local Read Blocks":0,"Local Dirtied Blocks":0,"Local Written Blocks":0,"Temp Read Blocks":0,"Temp Written Blocks":0,"I/O Read Time":0.0,"I/O Write Time":0.0,"Temp I/O Read Time":0.0,"Temp I/O Write Time":0.0}]}]}]},{"Node Type":"Hash","Parent Relationship":"Inner","Parallel Aware":false,"Async Capable":false,"Startup Cost":254511.16,"Total Cost":254511.16,"Plan Rows":2999739,"Plan Width":57,"Actual Startup Time":1127.634,"Actual Total Time":1127.636,"Actual Rows":3000000,"Actual Loops":1,"Output":["customer.c_id","customer.c_last","customer.c_city","customer.c_phone","customer.c_w_id","customer.c_d_id","customer.c_nationkey"],"Hash Buckets":65536,"Original Hash Buckets":65536,"Hash Batches":64,"Original Hash Batches":64,"Peak Memory Usage":3444,"Shared Hit Blocks":0,"Shared Read Blocks":0,"Shared Dirtied Blocks":0,"Shared Written Blocks":0,"Local Hit Blocks":0,"Local Read Blocks":0,"Local Dirtied Blocks":0,"Local Written Blocks":0,"Temp Read Blocks":0,"Temp Written Blocks":17271,"I/O Read Time":0.0,"I/O Write Time":0.0,"Temp I/O Read Time":0.0,"Temp I/O Write Time":75.671,"Plans":[{"Node Type":"Append","Parent Relationship":"Outer","Parallel Aware":false,"Async Capable":false,"Startup Cost":20.0,"Total Cost":254511.16,"Plan Rows":2999739,"Plan Width":57,"Actual Startup Time":0.018,"Actual Total Time":555.013,"Actual Rows":3000000,"Actual Loops":1,"Shared Hit Blocks":0,"Shared Read Blocks":0,"Shared Dirtied Blocks":0,"Shared Written Blocks":0,"Local Hit Blocks":0,"Local Read Blocks":0,"Local Dirtied Blocks":0,"Local Written Blocks":0,"Temp Read Blocks":0,"Temp Written Blocks":0,"I/O Read Time":0.0,"I/O Write Time":0.0,"Temp I/O Read Time":0.0,"Temp I/O Write Time":0.0,"Subplans Removed":0,"Plans":[{"Node Type":"Custom Scan","Parent Relationship":"Member","Custom Plan Provider":"columnar scan","Parallel Aware":false,"Async Capable":false,"Relation Name":"customer","Schema":"public","Alias":"customer","Startup Cost":20.0,"Total Cost":101711.15,"Plan Rows":2999738,"Plan Width":57,"Actual Startup Time":0.017,"Actual Total Time":342.562,"Actual Rows":3000000,"Actual Loops":1,"Output":["customer.c_id","customer.c_last","customer.c_city","customer.c_phone","customer.c_w_id","customer.c_d_id","customer.c_nationkey"],"Rows Removed by Columnar Filter":0,"Columnar projection mode":"late materialization","Columnar cache search mode":"native","Shared Hit Blocks":0,"Shared Read Blocks":0,"Shared Dirtied Blocks":0,"Shared Written Blocks":0,"Local Hit Blocks":0,"Local Read Blocks":0,"Local Dirtied Blocks":0,"Local Written Blocks":0,"Temp Read Blocks":0,"Temp Written Blocks":0,"I/O Read Time":0.0,"I/O Write Time":0.0,"Temp I/O Read Time":0.0,"Temp I/O Write Time":0.0},{"Node Type":"Seq Scan","Parent Relationship":"Member","Parallel Aware":false,"Async Capable":false,"Relation Name":"customer","Schema":"public","Alias":"customer","Startup Cost":0.0,"Total Cost":4.01,"Plan Rows":1,"Plan Width":57,"Actual Startup Time":0.0,"Actual Total Time":0.0,"Actual Rows":0,"Actual Loops":0,"Output":["customer.c_id","customer.c_last","customer.c_city","customer.c_phone","customer.c_w_id","customer.c_d_id","customer.c_nationkey"],"Shared Hit Blocks":0,"Shared Read Blocks":0,"Shared Dirtied Blocks":0,"Shared Written Blocks":0,"Local Hit Blocks":0,"Local Read Blocks":0,"Local Dirtied Blocks":0,"Local Written Blocks":0,"Temp Read Blocks":0,"Temp Written Blocks":0,"I/O Read Time":0.0,"I/O Write Time":0.0,"Temp I/O Read Time":0.0,"Temp I/O Write Time":0.0}]}]}]},{"Node Type":"Memoize","Parent Relationship":"Inner","Parallel Aware":false,"Async Capable":false,"Startup Cost":0.15,"Total Cost":0.17,"Plan Rows":1,"Plan Width":12,"Actual Startup Time":0.0,"Actual Total Time":0.0,"Actual Rows":1,"Actual Loops":1079842,"Output":["nation.n_name","nation.n_nationkey"],"Cache Key":"customer.c_nationkey","Cache Mode":"logical","Cache Hits":1079806,"Cache Misses":36,"Cache Evictions":0,"Cache Overflows":0,"Peak Memory Usage":4,"Shared Hit Blocks":72,"Shared Read Blocks":0,"Shared Dirtied Blocks":0,"Shared Written Blocks":0,"Local Hit Blocks":0,"Local Read Blocks":0,"Local Dirtied Blocks":0,"Local Written Blocks":0,"Temp Read Blocks":0,"Temp Written Blocks":0,"I/O Read Time":0.0,"I/O Write Time":0.0,"Temp I/O Read Time":0.0,"Temp I/O Write Time":0.0,"Plans":[{"Node Type":"Index Scan","Parent Relationship":"Outer","Parallel Aware":false,"Async Capable":false,"Scan Direction":"Forward","Index Name":"nation_pk","Relation Name":"nation","Schema":"public","Alias":"nation","Startup Cost":0.14,"Total Cost":0.16,"Plan Rows":1,"Plan Width":12,"Actual Startup Time":0.002,"Actual Total Time":0.002,"Actual Rows":1,"Actual Loops":36,"Output":["nation.n_name","nation.n_nationkey"],"Index Cond":"(nation.n_nationkey = customer.c_nationkey)","Rows Removed by Index Recheck":0,"Shared Hit Blocks":72,"Shared Read Blocks":0,"Shared Dirtied Blocks":0,"Shared Written Blocks":0,"Local Hit Blocks":0,"Local Read Blocks":0,"Local Dirtied Blocks":0,"Local Written Blocks":0,"Temp Read Blocks":0,"Temp Written Blocks":0,"I/O Read Time":0.0,"I/O Write Time":0.0,"Temp I/O Read Time":0.0,"Temp I/O Write Time":0.0}]}]}]}]}]}]},"Planning":{"Shared Hit Blocks":4,"Shared Read Blocks":0,"Shared Dirtied Blocks":0,"Shared Written Blocks":0,"Local Hit Blocks":0,"Local Read Blocks":0,"Local Dirtied Blocks":0,"Local Written Blocks":0,"Temp Read Blocks":0,"Temp Written Blocks":0,"I/O Read Time":0.0,"I/O Write Time":0.0,"Temp I/O Read Time":0.0,"Temp I/O Write Time":0.0},"Planning Time":1.384,"Triggers":[],"Execution Time":8866.843}]
[列存组合]: nation, order_line
[{"Plan":{"Node Type":"Limit","Parallel Aware":false,"Async Capable":false,"Startup Cost":1377511.14,"Total Cost":1377513.64,"Plan Rows":1000,"Plan Width":89,"Actual Startup Time":5044.517,"Actual Total Time":5044.624,"Actual Rows":1000,"Actual Loops":1,"Output":["customer.c_id","customer.c_last","(sum(order_line.ol_amount))","customer.c_city","customer.c_phone","nation.n_name"],"Shared Hit Blocks":251735,"Shared Read Blocks":0,"Shared Dirtied Blocks":0,"Shared Written Blocks":0,"Local Hit Blocks":0,"Local Read Blocks":0,"Local Dirtied Blocks":0,"Local Written Blocks":0,"Temp Read Blocks":52228,"Temp Written Blocks":52262,"I/O Read Time":0.0,"I/O Write Time":0.0,"Temp I/O Read Time":80.328,"Temp I/O Write Time":211.105,"Plans":[{"Node Type":"Sort","Parent Relationship":"Outer","Parallel Aware":false,"Async Capable":false,"Startup Cost":1377511.14,"Total Cost":1378152.67,"Plan Rows":256611,"Plan Width":89,"Actual Startup Time":5044.515,"Actual Total Time":5044.557,"Actual Rows":1000,"Actual Loops":1,"Output":["customer.c_id","customer.c_last","(sum(order_line.ol_amount))","customer.c_city","customer.c_phone","nation.n_name"],"Sort Key":["(sum(order_line.ol_amount)) DESC"],"Sort Method":"top-N heapsort","Sort Space Used":189,"Sort Space Type":"Memory","Shared Hit Blocks":251735,"Shared Read Blocks":0,"Shared Dirtied Blocks":0,"Shared Written Blocks":0,"Local Hit Blocks":0,"Local Read Blocks":0,"Local Dirtied Blocks":0,"Local Written Blocks":0,"Temp Read Blocks":52228,"Temp Written Blocks":52262,"I/O Read Time":0.0,"I/O Write Time":0.0,"Temp I/O Read Time":80.328,"Temp I/O Write Time":211.105,"Plans":[{"Node Type":"Aggregate","Strategy":"Sorted","Partial Mode":"Simple","Parent Relationship":"Outer","Parallel Aware":false,"Async Capable":false,"Startup Cost":1355743.11,"Total Cost":1363441.44,"Plan Rows":256611,"Plan Width":89,"Actual Startup Time":4470.004,"Actual Total Time":5019.574,"Actual Rows":107979,"Actual Loops":1,"Output":["customer.c_id","customer.c_last","sum(order_line.ol_amount)","customer.c_city","customer.c_phone","nation.n_name"],"Group Key":["customer.c_id","customer.c_last","customer.c_city","customer.c_phone","nation.n_name"],"Shared Hit Blocks":251735,"Shared Read Blocks":0,"Shared Dirtied Blocks":0,"Shared Written Blocks":0,"Local Hit Blocks":0,"Local Read Blocks":0,"Local Dirtied Blocks":0,"Local Written Blocks":0,"Temp Read Blocks":52228,"Temp Written Blocks":52262,"I/O Read Time":0.0,"I/O Write Time":0.0,"Temp I/O Read Time":80.328,"Temp I/O Write Time":211.105,"Plans":[{"Node Type":"Sort","Parent Relationship":"Outer","Parallel Aware":false,"Async Capable":false,"Startup Cost":1355743.11,"Total Cost":1356384.63,"Plan Rows":256611,"Plan Width":61,"Actual Startup Time":4469.983,"Actual Total Time":4729.141,"Actual Rows":1079842,"Actual Loops":1,"Output":["customer.c_id","customer.c_last","customer.c_city","customer.c_phone","nation.n_name","order_line.ol_amount"],"Sort Key":["customer.c_id","customer.c_last","customer.c_city","customer.c_phone","nation.n_name"],"Sort Method":"external merge","Sort Space Used":75256,"Sort Space Type":"Disk","Shared Hit Blocks":251735,"Shared Read Blocks":0,"Shared Dirtied Blocks":0,"Shared Written Blocks":0,"Local Hit Blocks":0,"Local Read Blocks":0,"Local Dirtied Blocks":0,"Local Written Blocks":0,"Temp Read Blocks":52228,"Temp Written Blocks":52262,"I/O Read Time":0.0,"I/O Write Time":0.0,"Temp I/O Read Time":80.328,"Temp I/O Write Time":211.105,"Plans":[{"Node Type":"Nested Loop","Parent Relationship":"Outer","Parallel Aware":false,"Async Capable":false,"Join Type":"Inner","Startup Cost":413331.3,"Total Cost":1323038.1,"Plan Rows":256611,"Plan Width":61,"Actual Startup Time":1887.419,"Actual Total Time":3687.145,"Actual Rows":1079842,"Actual Loops":1,"Output":["customer.c_id","customer.c_last","customer.c_city","customer.c_phone","nation.n_name","order_line.ol_amount"],"Inner Unique":true,"Shared Hit Blocks":251735,"Shared Read Blocks":0,"Shared Dirtied Blocks":0,"Shared Written Blocks":0,"Local Hit Blocks":0,"Local Read Blocks":0,"Local Dirtied Blocks":0,"Local Written Blocks":0,"Temp Read Blocks":33421,"Temp Written Blocks":33421,"I/O Read Time":0.0,"I/O Write Time":0.0,"Temp I/O Read Time":52.729,"Temp I/O Write Time":161.446,"Plans":[{"Node Type":"Hash Join","Parent Relationship":"Outer","Parallel Aware":false,"Async Capable":false,"Join Type":"Inner","Startup Cost":413331.15,"Total Cost":1316677.13,"Plan Rows":256611,"Plan Width":57,"Actual Startup Time":1887.393,"Actual Total Time":3340.238,"Actual Rows":1079842,"Actual Loops":1,"Output":["customer.c_id","customer.c_last","customer.c_city","customer.c_phone","customer.c_nationkey","order_line.ol_amount"],"Inner Unique":true,"Hash Cond":"((orders.o_c_id = customer.c_id) AND (orders.o_w_id = customer.c_w_id) AND (orders.o_d_id = customer.c_d_id))","Shared Hit Blocks":251663,"Shared Read Blocks":0,"Shared Dirtied Blocks":0,"Shared Written Blocks":0,"Local Hit Blocks":0,"Local Read Blocks":0,"Local Dirtied Blocks":0,"Local Written Blocks":0,"Temp Read Blocks":33421,"Temp Written Blocks":33421,"I/O Read Time":0.0,"I/O Write Time":0.0,"Temp I/O Read Time":52.729,"Temp I/O Write Time":161.446,"Plans":[{"Node Type":"Hash Join","Parent Relationship":"Outer","Parallel Aware":false,"Async Capable":false,"Join Type":"Inner","Startup Cost":69010.35,"Total Cost":935605.52,"Plan Rows":256611,"Plan Width":16,"Actual Startup Time":230.873,"Actual Total Time":915.901,"Actual Rows":1079842,"Actual Loops":1,"Output":["orders.o_c_id","orders.o_w_id","orders.o_d_id","order_line.ol_amount","order_line.ol_w_id","order_line.ol_d_id"],"Inner Unique":true,"Hash Cond":"((order_line.ol_w_id = orders.o_w_id) AND (order_line.ol_d_id = orders.o_d_id) AND (order_line.ol_o_id = orders.o_id))","Join Filter":"(orders.o_entry_d <= order_line.ol_delivery_d)","Rows Removed by Join Filter":0,"Shared Hit Blocks":22059,"Shared Read Blocks":0,"Shared Dirtied Blocks":0,"Shared Written Blocks":0,"Local Hit Blocks":0,"Local Read Blocks":0,"Local Dirtied Blocks":0,"Local Written Blocks":0,"Temp Read Blocks":0,"Temp Written Blocks":0,"I/O Read Time":0.0,"I/O Write Time":0.0,"Temp I/O Read Time":0.0,"Temp I/O Write Time":0.0,"Plans":[{"Node Type":"Append","Parent Relationship":"Outer","Parallel Aware":false,"Async Capable":false,"Startup Cost":20.0,"Total Cost":701820.0,"Plan Rows":20926367,"Plan Width":24,"Actual Startup Time":2.838,"Actual Total Time":411.609,"Actual Rows":1110056,"Actual Loops":1,"Shared Hit Blocks":0,"Shared Read Blocks":0,"Shared Dirtied Blocks":0,"Shared Written Blocks":0,"Local Hit Blocks":0,"Local Read Blocks":0,"Local Dirtied Blocks":0,"Local Written Blocks":0,"Temp Read Blocks":0,"Temp Written Blocks":0,"I/O Read Time":0.0,"I/O Write Time":0.0,"Temp I/O Read Time":0.0,"Temp I/O Write Time":0.0,"Subplans Removed":0,"Plans":[{"Node Type":"Custom Scan","Parent Relationship":"Member","Custom Plan Provider":"columnar scan","Parallel Aware":false,"Async Capable":false,"Relation Name":"order_line","Schema":"public","Alias":"order_line","Startup Cost":20.0,"Total Cost":533641.75,"Plan Rows":20926325,"Plan Width":24,"Actual Startup Time":2.837,"Actual Total Time":331.477,"Actual Rows":1110056,"Actual Loops":1,"Output":["order_line.ol_amount","order_line.ol_w_id","order_line.ol_d_id","order_line.ol_o_id","order_line.ol_delivery_d"],"Filter":"(order_line.ol_delivery_d >= '1992-01-02 20:10:02.27764'::timestamp without time zone)","Rows Removed by Filter":0,"Rows Removed by Columnar Filter":28887676,"Rows Filtered by Bloom Filter":0,"Dictionary Rows Filtered by Bloom Filter":28887676,"Columnar cache search mode":"native","Shared Hit Blocks":0,"Shared Read Blocks":0,"Shared Dirtied Blocks":0,"Shared Written Blocks":0,"Local Hit Blocks":0,"Local Read Blocks":0,"Local Dirtied Blocks":0,"Local Written Blocks":0,"Temp Read Blocks":0,"Temp Written Blocks":0,"I/O Read Time":0.0,"I/O Write Time":0.0,"Temp I/O Read Time":0.0,"Temp I/O Write Time":0.0},{"Node Type":"Seq Scan","Parent Relationship":"Member","Parallel Aware":false,"Async Capable":false,"Relation Name":"order_line","Schema":"public","Alias":"order_line","Startup Cost":0.0,"Total Cost":4.75,"Plan Rows":42,"Plan Width":24,"Actual Startup Time":0.0,"Actual Total Time":0.0,"Actual Rows":0,"Actual Loops":0,"Output":["order_line.ol_amount","order_line.ol_w_id","order_line.ol_d_id","order_line.ol_o_id","order_line.ol_delivery_d"],"Filter":"(order_line.ol_delivery_d >= '1992-01-02 20:10:02.27764'::timestamp without time zone)","Rows Removed by Filter":0,"Shared Hit Blocks":0,"Shared Read Blocks":0,"Shared Dirtied Blocks":0,"Shared Written Blocks":0,"Local Hit Blocks":0,"Local Read Blocks":0,"Local Dirtied Blocks":0,"Local Written Blocks":0,"Temp Read Blocks":0,"Temp Written Blocks":0,"I/O Read Time":0.0,"I/O Write Time":0.0,"Temp I/O Read Time":0.0,"Temp I/O Write Time":0.0}]},{"Node Type":"Hash","Parent Relationship":"Inner","Parallel Aware":false,"Async Capable":false,"Startup Cost":67059.0,"Total Cost":67059.0,"Plan Rows":110363,"Plan Width":24,"Actual Startup Time":227.525,"Actual Total Time":227.526,"Actual Rows":107979,"Actual Loops":1,"Output":["orders.o_c_id","orders.o_w_id","orders.o_d_id","orders.o_id","orders.o_entry_d"],"Hash Buckets":131072,"Original Hash Buckets":131072,"Hash Batches":1,"Original Hash Batches":1,"Peak Memory Usage":6930,"Shared Hit Blocks":22059,"Shared Read Blocks":0,"Shared Dirtied Blocks":0,"Shared Written Blocks":0,"Local Hit Blocks":0,"Local Read Blocks":0,"Local Dirtied Blocks":0,"Local Written Blocks":0,"Temp Read Blocks":0,"Temp Written Blocks":0,"I/O Read Time":0.0,"I/O Write Time":0.0,"Temp I/O Read Time":0.0,"Temp I/O Write Time":0.0,"Plans":[{"Node Type":"Seq Scan","Parent Relationship":"Outer","Parallel Aware":false,"Async Capable":false,"Relation Name":"orders","Schema":"public","Alias":"orders","Startup Cost":0.0,"Total Cost":67059.0,"Plan Rows":110363,"Plan Width":24,"Actual Startup Time":1.143,"Actual Total Time":199.285,"Actual Rows":107979,"Actual Loops":1,"Output":["orders.o_c_id","orders.o_w_id","orders.o_d_id","orders.o_id","orders.o_entry_d"],"Filter":"((orders.o_entry_d >= '1993-07-02 20:10:02.27764'::timestamp without time zone) AND (orders.o_entry_d < '1993-10-02 20:10:02.27764'::timestamp without time zone))","Rows Removed by Filter":2892021,"Shared Hit Blocks":22059,"Shared Read Blocks":0,"Shared Dirtied Blocks":0,"Shared Written Blocks":0,"Local Hit Blocks":0,"Local Read Blocks":0,"Local Dirtied Blocks":0,"Local Written Blocks":0,"Temp Read Blocks":0,"Temp Written Blocks":0,"I/O Read Time":0.0,"I/O Write Time":0.0,"Temp I/O Read Time":0.0,"Temp I/O Write Time":0.0}]}]},{"Node Type":"Hash","Parent Relationship":"Inner","Parallel Aware":false,"Async Capable":false,"Startup Cost":259601.38,"Total Cost":259601.38,"Plan Rows":2999738,"Plan Width":57,"Actual Startup Time":1655.379,"Actual Total Time":1655.38,"Actual Rows":3000000,"Actual Loops":1,"Output":["customer.c_id","customer.c_last","customer.c_city","customer.c_phone","customer.c_w_id","customer.c_d_id","customer.c_nationkey"],"Hash Buckets":131072,"Original Hash Buckets":131072,"Hash Batches":64,"Original Hash Batches":64,"Peak Memory Usage":5226,"Shared Hit Blocks":229604,"Shared Read Blocks":0,"Shared Dirtied Blocks":0,"Shared Written Blocks":0,"Local Hit Blocks":0,"Local Read Blocks":0,"Local Dirtied Blocks":0,"Local Written Blocks":0,"Temp Read Blocks":0,"Temp Written Blocks":28654,"I/O Read Time":0.0,"I/O Write Time":0.0,"Temp I/O Read Time":0.0,"Temp I/O Write Time":138.33,"Plans":[{"Node Type":"Seq Scan","Parent Relationship":"Outer","Parallel Aware":false,"Async Capable":false,"Relation Name":"customer","Schema":"public","Alias":"customer","Startup Cost":0.0,"Total Cost":259601.38,"Plan Rows":2999738,"Plan Width":57,"Actual Startup Time":0.009,"Actual Total Time":950.481,"Actual Rows":3000000,"Actual Loops":1,"Output":["customer.c_id","customer.c_last","customer.c_city","customer.c_phone","customer.c_w_id","customer.c_d_id","customer.c_nationkey"],"Shared Hit Blocks":229604,"Shared Read Blocks":0,"Shared Dirtied Blocks":0,"Shared Written Blocks":0,"Local Hit Blocks":0,"Local Read Blocks":0,"Local Dirtied Blocks":0,"Local Written Blocks":0,"Temp Read Blocks":0,"Temp Written Blocks":0,"I/O Read Time":0.0,"I/O Write Time":0.0,"Temp I/O Read Time":0.0,"Temp I/O Write Time":0.0}]}]},{"Node Type":"Memoize","Parent Relationship":"Inner","Parallel Aware":false,"Async Capable":false,"Startup Cost":0.15,"Total Cost":0.17,"Plan Rows":1,"Plan Width":12,"Actual Startup Time":0.0,"Actual Total Time":0.0,"Actual Rows":1,"Actual Loops":1079842,"Output":["nation.n_name","nation.n_nationkey"],"Cache Key":"customer.c_nationkey","Cache Mode":"logical","Cache Hits":1079806,"Cache Misses":36,"Cache Evictions":0,"Cache Overflows":0,"Peak Memory Usage":4,"Shared Hit Blocks":72,"Shared Read Blocks":0,"Shared Dirtied Blocks":0,"Shared Written Blocks":0,"Local Hit Blocks":0,"Local Read Blocks":0,"Local Dirtied Blocks":0,"Local Written Blocks":0,"Temp Read Blocks":0,"Temp Written Blocks":0,"I/O Read Time":0.0,"I/O Write Time":0.0,"Temp I/O Read Time":0.0,"Temp I/O Write Time":0.0,"Plans":[{"Node Type":"Index Scan","Parent Relationship":"Outer","Parallel Aware":false,"Async Capable":false,"Scan Direction":"Forward","Index Name":"nation_pk","Relation Name":"nation","Schema":"public","Alias":"nation","Startup Cost":0.14,"Total Cost":0.16,"Plan Rows":1,"Plan Width":12,"Actual Startup Time":0.002,"Actual Total Time":0.002,"Actual Rows":1,"Actual Loops":36,"Output":["nation.n_name","nation.n_nationkey"],"Index Cond":"(nation.n_nationkey = customer.c_nationkey)","Rows Removed by Index Recheck":0,"Shared Hit Blocks":72,"Shared Read Blocks":0,"Shared Dirtied Blocks":0,"Shared Written Blocks":0,"Local Hit Blocks":0,"Local Read Blocks":0,"Local Dirtied Blocks":0,"Local Written Blocks":0,"Temp Read Blocks":0,"Temp Written Blocks":0,"I/O Read Time":0.0,"I/O Write Time":0.0,"Temp I/O Read Time":0.0,"Temp I/O Write Time":0.0}]}]}]}]}]}]},"Planning":{"Shared Hit Blocks":4,"Shared Read Blocks":0,"Shared Dirtied Blocks":0,"Shared Written Blocks":0,"Local Hit Blocks":0,"Local Read Blocks":0,"Local Dirtied Blocks":0,"Local Written Blocks":0,"Temp Read Blocks":0,"Temp Written Blocks":0,"I/O Read Time":0.0,"I/O Write Time":0.0,"Temp I/O Read Time":0.0,"Temp I/O Write Time":0.0},"Planning Time":1.277,"Triggers":[],"Execution Time":5057.876}]
[列存组合]: nation, orders
[{"Plan":{"Node Type":"Limit","Parallel Aware":false,"Async Capable":false,"Startup Cost":1381255.55,"Total Cost":1381258.05,"Plan Rows":1000,"Plan Width":89,"Actual Startup Time":9017.197,"Actual Total Time":9017.322,"Actual Rows":1000,"Actual Loops":1,"Output":["customer.c_id","customer.c_last","(sum(order_line.ol_amount))","customer.c_city","customer.c_phone","nation.n_name"],"Shared Hit Blocks":570560,"Shared Read Blocks":0,"Shared Dirtied Blocks":0,"Shared Written Blocks":0,"Local Hit Blocks":0,"Local Read Blocks":0,"Local Dirtied Blocks":0,"Local Written Blocks":0,"Temp Read Blocks":52228,"Temp Written Blocks":52262,"I/O Read Time":0.0,"I/O Write Time":0.0,"Temp I/O Read Time":81.199,"Temp I/O Write Time":208.31,"Plans":[{"Node Type":"Sort","Parent Relationship":"Outer","Parallel Aware":false,"Async Capable":false,"Startup Cost":1381255.55,"Total Cost":1381897.08,"Plan Rows":256611,"Plan Width":89,"Actual Startup Time":9017.195,"Actual Total Time":9017.247,"Actual Rows":1000,"Actual Loops":1,"Output":["customer.c_id","customer.c_last","(sum(order_line.ol_amount))","customer.c_city","customer.c_phone","nation.n_name"],"Sort Key":["(sum(order_line.ol_amount)) DESC"],"Sort Method":"top-N heapsort","Sort Space Used":189,"Sort Space Type":"Memory","Shared Hit Blocks":570560,"Shared Read Blocks":0,"Shared Dirtied Blocks":0,"Shared Written Blocks":0,"Local Hit Blocks":0,"Local Read Blocks":0,"Local Dirtied Blocks":0,"Local Written Blocks":0,"Temp Read Blocks":52228,"Temp Written Blocks":52262,"I/O Read Time":0.0,"I/O Write Time":0.0,"Temp I/O Read Time":81.199,"Temp I/O Write Time":208.31,"Plans":[{"Node Type":"Aggregate","Strategy":"Sorted","Partial Mode":"Simple","Parent Relationship":"Outer","Parallel Aware":false,"Async Capable":false,"Startup Cost":1359487.51,"Total Cost":1367185.84,"Plan Rows":256611,"Plan Width":89,"Actual Startup Time":8442.571,"Actual Total Time":8992.123,"Actual Rows":107979,"Actual Loops":1,"Output":["customer.c_id","customer.c_last","sum(order_line.ol_amount)","customer.c_city","customer.c_phone","nation.n_name"],"Group Key":["customer.c_id","customer.c_last","customer.c_city","customer.c_phone","nation.n_name"],"Shared Hit Blocks":570560,"Shared Read Blocks":0,"Shared Dirtied Blocks":0,"Shared Written Blocks":0,"Local Hit Blocks":0,"Local Read Blocks":0,"Local Dirtied Blocks":0,"Local Written Blocks":0,"Temp Read Blocks":52228,"Temp Written Blocks":52262,"I/O Read Time":0.0,"I/O Write Time":0.0,"Temp I/O Read Time":81.199,"Temp I/O Write Time":208.31,"Plans":[{"Node Type":"Sort","Parent Relationship":"Outer","Parallel Aware":false,"Async Capable":false,"Startup Cost":1359487.51,"Total Cost":1360129.04,"Plan Rows":256611,"Plan Width":61,"Actual Startup Time":8442.543,"Actual Total Time":8702.112,"Actual Rows":1079842,"Actual Loops":1,"Output":["customer.c_id","customer.c_last","customer.c_city","customer.c_phone","nation.n_name","order_line.ol_amount"],"Sort Key":["customer.c_id","customer.c_last","customer.c_city","customer.c_phone","nation.n_name"],"Sort Method":"external merge","Sort Space Used":75256,"Sort Space Type":"Disk","Shared Hit Blocks":570560,"Shared Read Blocks":0,"Shared Dirtied Blocks":0,"Shared Written Blocks":0,"Local Hit Blocks":0,"Local Read Blocks":0,"Local Dirtied Blocks":0,"Local Written Blocks":0,"Temp Read Blocks":52228,"Temp Written Blocks":52262,"I/O Read Time":0.0,"I/O Write Time":0.0,"Temp I/O Read Time":81.199,"Temp I/O Write Time":208.31,"Plans":[{"Node Type":"Nested Loop","Parent Relationship":"Outer","Parallel Aware":false,"Async Capable":false,"Join Type":"Inner","Startup Cost":403019.31,"Total Cost":1326782.51,"Plan Rows":256611,"Plan Width":61,"Actual Startup Time":1680.974,"Actual Total Time":7657.992,"Actual Rows":1079842,"Actual Loops":1,"Output":["customer.c_id","customer.c_last","customer.c_city","customer.c_phone","nation.n_name","order_line.ol_amount"],"Inner Unique":true,"Shared Hit Blocks":570560,"Shared Read Blocks":0,"Shared Dirtied Blocks":0,"Shared Written Blocks":0,"Local Hit Blocks":0,"Local Read Blocks":0,"Local Dirtied Blocks":0,"Local Written Blocks":0,"Temp Read Blocks":33421,"Temp Written Blocks":33421,"I/O Read Time":0.0,"I/O Write Time":0.0,"Temp I/O Read Time":53.343,"Temp I/O Write Time":158.548,"Plans":[{"Node Type":"Hash Join","Parent Relationship":"Outer","Parallel Aware":false,"Async Capable":false,"Join Type":"Inner","Startup Cost":403019.16,"Total Cost":1320421.54,"Plan Rows":256611,"Plan Width":57,"Actual Startup Time":1680.937,"Actual Total Time":7313.324,"Actual Rows":1079842,"Actual Loops":1,"Output":["customer.c_id","customer.c_last","customer.c_city","customer.c_phone","customer.c_nationkey","order_line.ol_amount"],"Inner Unique":true,"Hash Cond":"((orders.o_c_id = customer.c_id) AND (orders.o_w_id = customer.c_w_id) AND (orders.o_d_id = customer.c_d_id))","Shared Hit Blocks":570488,"Shared Read Blocks":0,"Shared Dirtied Blocks":0,"Shared Written Blocks":0,"Local Hit Blocks":0,"Local Read Blocks":0,"Local Dirtied Blocks":0,"Local Written Blocks":0,"Temp Read Blocks":33421,"Temp Written Blocks":33421,"I/O Read Time":0.0,"I/O Write Time":0.0,"Temp I/O Read Time":53.343,"Temp I/O Write Time":158.548,"Plans":[{"Node Type":"Hash Join","Parent Relationship":"Outer","Parallel Aware":false,"Async Capable":false,"Join Type":"Inner","Startup Cost":58698.36,"Total Cost":939349.93,"Plan Rows":256611,"Plan Width":16,"Actual Startup Time":123.979,"Actual Total Time":4988.299,"Actual Rows":1079842,"Actual Loops":1,"Output":["orders.o_c_id","orders.o_w_id","orders.o_d_id","order_line.ol_amount","order_line.ol_w_id","order_line.ol_d_id"],"Inner Unique":true,"Hash Cond":"((order_line.ol_w_id = orders.o_w_id) AND (order_line.ol_d_id = orders.o_d_id) AND (order_line.ol_o_id = orders.o_id))","Join Filter":"(orders.o_entry_d <= order_line.ol_delivery_d)","Rows Removed by Join Filter":0,"Shared Hit Blocks":340884,"Shared Read Blocks":0,"Shared Dirtied Blocks":0,"Shared Written Blocks":0,"Local Hit Blocks":0,"Local Read Blocks":0,"Local Dirtied Blocks":0,"Local Written Blocks":0,"Temp Read Blocks":0,"Temp Written Blocks":0,"I/O Read Time":0.0,"I/O Write Time":0.0,"Temp I/O Read Time":0.0,"Temp I/O Write Time":0.0,"Plans":[{"Node Type":"Seq Scan","Parent Relationship":"Outer","Parallel Aware":false,"Async Capable":false,"Relation Name":"order_line","Schema":"public","Alias":"order_line","Startup Cost":0.0,"Total Cost":715856.4,"Plan Rows":20926367,"Plan Width":24,"Actual Startup Time":0.01,"Actual Total Time":2853.496,"Actual Rows":21002151,"Actual Loops":1,"Output":["order_line.ol_o_id","order_line.ol_d_id","order_line.ol_w_id","order_line.ol_number","order_line.ol_i_id","order_line.ol_supply_w_id","order_line.ol_delivery_d","order_line.ol_quantity","order_line.ol_amount","order_line.ol_dist_info"],"Filter":"(order_line.ol_delivery_d >= '1992-01-02 20:10:02.27764'::timestamp without time zone)","Rows Removed by Filter":8995581,"Shared Hit Blocks":340884,"Shared Read Blocks":0,"Shared Dirtied Blocks":0,"Shared Written Blocks":0,"Local Hit Blocks":0,"Local Read Blocks":0,"Local Dirtied Blocks":0,"Local Written Blocks":0,"Temp Read Blocks":0,"Temp Written Blocks":0,"I/O Read Time":0.0,"I/O Write Time":0.0,"Temp I/O Read Time":0.0,"Temp I/O Write Time":0.0},{"Node Type":"Hash","Parent Relationship":"Inner","Parallel Aware":false,"Async Capable":false,"Startup Cost":56766.99,"Total Cost":56766.99,"Plan Rows":110364,"Plan Width":24,"Actual Startup Time":50.933,"Actual Total Time":50.94,"Actual Rows":107979,"Actual Loops":1,"Output":["orders.o_c_id","orders.o_w_id","orders.o_d_id","orders.o_id","orders.o_entry_d"],"Hash Buckets":131072,"Original Hash Buckets":131072,"Hash Batches":1,"Original Hash Batches":1,"Peak Memory Usage":6930,"Shared Hit Blocks":0,"Shared Read Blocks":0,"Shared Dirtied Blocks":0,"Shared Written Blocks":0,"Local Hit Blocks":0,"Local Read Blocks":0,"Local Dirtied Blocks":0,"Local Written Blocks":0,"Temp Read Blocks":0,"Temp Written Blocks":0,"I/O Read Time":0.0,"I/O Write Time":0.0,"Temp I/O Read Time":0.0,"Temp I/O Write Time":0.0,"Plans":[{"Node Type":"Append","Parent Relationship":"Outer","Parallel Aware":false,"Async Capable":false,"Startup Cost":20.0,"Total Cost":56766.99,"Plan Rows":110364,"Plan Width":24,"Actual Startup Time":0.484,"Actual Total Time":31.116,"Actual Rows":107979,"Actual Loops":1,"Shared Hit Blocks":0,"Shared Read Blocks":0,"Shared Dirtied Blocks":0,"Shared Written Blocks":0,"Local Hit Blocks":0,"Local Read Blocks":0,"Local Dirtied Blocks":0,"Local Written Blocks":0,"Temp Read Blocks":0,"Temp Written Blocks":0,"I/O Read Time":0.0,"I/O Write Time":0.0,"Temp I/O Read Time":0.0,"Temp I/O Write Time":0.0,"Subplans Removed":0,"Plans":[{"Node Type":"Custom Scan","Parent Relationship":"Member","Custom Plan Provider":"columnar scan","Parallel Aware":false,"Async Capable":false,"Relation Name":"orders","Schema":"public","Alias":"orders","Startup Cost":20.0,"Total Cost":2834.33,"Plan Rows":110363,"Plan Width":24,"Actual Startup Time":0.482,"Actual Total Time":23.221,"Actual Rows":107979,"Actual Loops":1,"Output":["orders.o_c_id","orders.o_w_id","orders.o_d_id","orders.o_id","orders.o_entry_d"],"Filter":"((orders.o_entry_d < '1993-10-02 20:10:02.27764'::timestamp without time zone) AND (orders.o_entry_d >= '1993-07-02 20:10:02.27764'::timestamp without time zone))","Rows Removed by Filter":0,"Rows Removed by Columnar Filter":2892021,"Columnar cache search mode":"native","Shared Hit Blocks":0,"Shared Read Blocks":0,"Shared Dirtied Blocks":0,"Shared Written Blocks":0,"Local Hit Blocks":0,"Local Read Blocks":0,"Local Dirtied Blocks":0,"Local Written Blocks":0,"Temp Read Blocks":0,"Temp Written Blocks":0,"I/O Read Time":0.0,"I/O Write Time":0.0,"Temp I/O Read Time":0.0,"Temp I/O Write Time":0.0},{"Node Type":"Seq Scan","Parent Relationship":"Member","Parallel Aware":false,"Async Capable":false,"Relation Name":"orders","Schema":"public","Alias":"orders","Startup Cost":0.0,"Total Cost":4.01,"Plan Rows":1,"Plan Width":24,"Actual Startup Time":0.0,"Actual Total Time":0.0,"Actual Rows":0,"Actual Loops":0,"Output":["orders.o_c_id","orders.o_w_id","orders.o_d_id","orders.o_id","orders.o_entry_d"],"Filter":"((orders.o_entry_d < '1993-10-02 20:10:02.27764'::timestamp without time zone) AND (orders.o_entry_d >= '1993-07-02 20:10:02.27764'::timestamp without time zone))","Rows Removed by Filter":0,"Shared Hit Blocks":0,"Shared Read Blocks":0,"Shared Dirtied Blocks":0,"Shared Written Blocks":0,"Local Hit Blocks":0,"Local Read Blocks":0,"Local Dirtied Blocks":0,"Local Written Blocks":0,"Temp Read Blocks":0,"Temp Written Blocks":0,"I/O Read Time":0.0,"I/O Write Time":0.0,"Temp I/O Read Time":0.0,"Temp I/O Write Time":0.0}]}]}]},{"Node Type":"Hash","Parent Relationship":"Inner","Parallel Aware":false,"Async Capable":false,"Startup Cost":259601.38,"Total Cost":259601.38,"Plan Rows":2999738,"Plan Width":57,"Actual Startup Time":1555.918,"Actual Total Time":1555.919,"Actual Rows":3000000,"Actual Loops":1,"Output":["customer.c_id","customer.c_last","customer.c_city","customer.c_phone","customer.c_w_id","customer.c_d_id","customer.c_nationkey"],"Hash Buckets":131072,"Original Hash Buckets":131072,"Hash Batches":64,"Original Hash Batches":64,"Peak Memory Usage":5226,"Shared Hit Blocks":229604,"Shared Read Blocks":0,"Shared Dirtied Blocks":0,"Shared Written Blocks":0,"Local Hit Blocks":0,"Local Read Blocks":0,"Local Dirtied Blocks":0,"Local Written Blocks":0,"Temp Read Blocks":0,"Temp Written Blocks":28654,"I/O Read Time":0.0,"I/O Write Time":0.0,"Temp I/O Read Time":0.0,"Temp I/O Write Time":133.418,"Plans":[{"Node Type":"Seq Scan","Parent Relationship":"Outer","Parallel Aware":false,"Async Capable":false,"Relation Name":"customer","Schema":"public","Alias":"customer","Startup Cost":0.0,"Total Cost":259601.38,"Plan Rows":2999738,"Plan Width":57,"Actual Startup Time":0.009,"Actual Total Time":858.627,"Actual Rows":3000000,"Actual Loops":1,"Output":["customer.c_id","customer.c_last","customer.c_city","customer.c_phone","customer.c_w_id","customer.c_d_id","customer.c_nationkey"],"Shared Hit Blocks":229604,"Shared Read Blocks":0,"Shared Dirtied Blocks":0,"Shared Written Blocks":0,"Local Hit Blocks":0,"Local Read Blocks":0,"Local Dirtied Blocks":0,"Local Written Blocks":0,"Temp Read Blocks":0,"Temp Written Blocks":0,"I/O Read Time":0.0,"I/O Write Time":0.0,"Temp I/O Read Time":0.0,"Temp I/O Write Time":0.0}]}]},{"Node Type":"Memoize","Parent Relationship":"Inner","Parallel Aware":false,"Async Capable":false,"Startup Cost":0.15,"Total Cost":0.17,"Plan Rows":1,"Plan Width":12,"Actual Startup Time":0.0,"Actual Total Time":0.0,"Actual Rows":1,"Actual Loops":1079842,"Output":["nation.n_name","nation.n_nationkey"],"Cache Key":"customer.c_nationkey","Cache Mode":"logical","Cache Hits":1079806,"Cache Misses":36,"Cache Evictions":0,"Cache Overflows":0,"Peak Memory Usage":4,"Shared Hit Blocks":72,"Shared Read Blocks":0,"Shared Dirtied Blocks":0,"Shared Written Blocks":0,"Local Hit Blocks":0,"Local Read Blocks":0,"Local Dirtied Blocks":0,"Local Written Blocks":0,"Temp Read Blocks":0,"Temp Written Blocks":0,"I/O Read Time":0.0,"I/O Write Time":0.0,"Temp I/O Read Time":0.0,"Temp I/O Write Time":0.0,"Plans":[{"Node Type":"Index Scan","Parent Relationship":"Outer","Parallel Aware":false,"Async Capable":false,"Scan Direction":"Forward","Index Name":"nation_pk","Relation Name":"nation","Schema":"public","Alias":"nation","Startup Cost":0.14,"Total Cost":0.16,"Plan Rows":1,"Plan Width":12,"Actual Startup Time":0.003,"Actual Total Time":0.003,"Actual Rows":1,"Actual Loops":36,"Output":["nation.n_name","nation.n_nationkey"],"Index Cond":"(nation.n_nationkey = customer.c_nationkey)","Rows Removed by Index Recheck":0,"Shared Hit Blocks":72,"Shared Read Blocks":0,"Shared Dirtied Blocks":0,"Shared Written Blocks":0,"Local Hit Blocks":0,"Local Read Blocks":0,"Local Dirtied Blocks":0,"Local Written Blocks":0,"Temp Read Blocks":0,"Temp Written Blocks":0,"I/O Read Time":0.0,"I/O Write Time":0.0,"Temp I/O Read Time":0.0,"Temp I/O Write Time":0.0}]}]}]}]}]}]},"Planning":{"Shared Hit Blocks":4,"Shared Read Blocks":0,"Shared Dirtied Blocks":0,"Shared Written Blocks":0,"Local Hit Blocks":0,"Local Read Blocks":0,"Local Dirtied Blocks":0,"Local Written Blocks":0,"Temp Read Blocks":0,"Temp Written Blocks":0,"I/O Read Time":0.0,"I/O Write Time":0.0,"Temp I/O Read Time":0.0,"Temp I/O Write Time":0.0},"Planning Time":0.97,"Triggers":[],"Execution Time":9030.829}]
[列存组合]: order_line, orders
[{"Plan":{"Node Type":"Limit","Parallel Aware":false,"Async Capable":false,"Startup Cost":1367219.15,"Total Cost":1367221.65,"Plan Rows":1000,"Plan Width":89,"Actual Startup Time":5010.255,"Actual Total Time":5010.383,"Actual Rows":1000,"Actual Loops":1,"Output":["customer.c_id","customer.c_last","(sum(order_line.ol_amount))","customer.c_city","customer.c_phone","nation.n_name"],"Shared Hit Blocks":229676,"Shared Read Blocks":0,"Shared Dirtied Blocks":0,"Shared Written Blocks":0,"Local Hit Blocks":0,"Local Read Blocks":0,"Local Dirtied Blocks":0,"Local Written Blocks":0,"Temp Read Blocks":52228,"Temp Written Blocks":52262,"I/O Read Time":0.0,"I/O Write Time":0.0,"Temp I/O Read Time":79.226,"Temp I/O Write Time":214.518,"Plans":[{"Node Type":"Sort","Parent Relationship":"Outer","Parallel Aware":false,"Async Capable":false,"Startup Cost":1367219.15,"Total Cost":1367860.68,"Plan Rows":256611,"Plan Width":89,"Actual Startup Time":5010.252,"Actual Total Time":5010.315,"Actual Rows":1000,"Actual Loops":1,"Output":["customer.c_id","customer.c_last","(sum(order_line.ol_amount))","customer.c_city","customer.c_phone","nation.n_name"],"Sort Key":["(sum(order_line.ol_amount)) DESC"],"Sort Method":"top-N heapsort","Sort Space Used":189,"Sort Space Type":"Memory","Shared Hit Blocks":229676,"Shared Read Blocks":0,"Shared Dirtied Blocks":0,"Shared Written Blocks":0,"Local Hit Blocks":0,"Local Read Blocks":0,"Local Dirtied Blocks":0,"Local Written Blocks":0,"Temp Read Blocks":52228,"Temp Written Blocks":52262,"I/O Read Time":0.0,"I/O Write Time":0.0,"Temp I/O Read Time":79.226,"Temp I/O Write Time":214.518,"Plans":[{"Node Type":"Aggregate","Strategy":"Sorted","Partial Mode":"Simple","Parent Relationship":"Outer","Parallel Aware":false,"Async Capable":false,"Startup Cost":1345451.11,"Total Cost":1353149.44,"Plan Rows":256611,"Plan Width":89,"Actual Startup Time":4436.537,"Actual Total Time":4985.253,"Actual Rows":107979,"Actual Loops":1,"Output":["customer.c_id","customer.c_last","sum(order_line.ol_amount)","customer.c_city","customer.c_phone","nation.n_name"],"Group Key":["customer.c_id","customer.c_last","customer.c_city","customer.c_phone","nation.n_name"],"Shared Hit Blocks":229676,"Shared Read Blocks":0,"Shared Dirtied Blocks":0,"Shared Written Blocks":0,"Local Hit Blocks":0,"Local Read Blocks":0,"Local Dirtied Blocks":0,"Local Written Blocks":0,"Temp Read Blocks":52228,"Temp Written Blocks":52262,"I/O Read Time":0.0,"I/O Write Time":0.0,"Temp I/O Read Time":79.226,"Temp I/O Write Time":214.518,"Plans":[{"Node Type":"Sort","Parent Relationship":"Outer","Parallel Aware":false,"Async Capable":false,"Startup Cost":1345451.11,"Total Cost":1346092.64,"Plan Rows":256611,"Plan Width":61,"Actual Startup Time":4436.507,"Actual Total Time":4694.693,"Actual Rows":1079842,"Actual Loops":1,"Output":["customer.c_id","customer.c_last","customer.c_city","customer.c_phone","nation.n_name","order_line.ol_amount"],"Sort Key":["customer.c_id","customer.c_last","customer.c_city","customer.c_phone","nation.n_name"],"Sort Method":"external merge","Sort Space Used":75256,"Sort Space Type":"Disk","Shared Hit Blocks":229676,"Shared Read Blocks":0,"Shared Dirtied Blocks":0,"Shared Written Blocks":0,"Local Hit Blocks":0,"Local Read Blocks":0,"Local Dirtied Blocks":0,"Local Written Blocks":0,"Temp Read Blocks":52228,"Temp Written Blocks":52262,"I/O Read Time":0.0,"I/O Write Time":0.0,"Temp I/O Read Time":79.226,"Temp I/O Write Time":214.518,"Plans":[{"Node Type":"Nested Loop","Parent Relationship":"Outer","Parallel Aware":false,"Async Capable":false,"Join Type":"Inner","Startup Cost":403039.31,"Total Cost":1312746.11,"Plan Rows":256611,"Plan Width":61,"Actual Startup Time":1746.653,"Actual Total Time":3646.093,"Actual Rows":1079842,"Actual Loops":1,"Output":["customer.c_id","customer.c_last","customer.c_city","customer.c_phone","nation.n_name","order_line.ol_amount"],"Inner Unique":true,"Shared Hit Blocks":229676,"Shared Read Blocks":0,"Shared Dirtied Blocks":0,"Shared Written Blocks":0,"Local Hit Blocks":0,"Local Read Blocks":0,"Local Dirtied Blocks":0,"Local Written Blocks":0,"Temp Read Blocks":33421,"Temp Written Blocks":33421,"I/O Read Time":0.0,"I/O Write Time":0.0,"Temp I/O Read Time":51.817,"Temp I/O Write Time":164.726,"Plans":[{"Node Type":"Hash Join","Parent Relationship":"Outer","Parallel Aware":false,"Async Capable":false,"Join Type":"Inner","Startup Cost":403039.16,"Total Cost":1306385.14,"Plan Rows":256611,"Plan Width":57,"Actual Startup Time":1746.631,"Actual Total Time":3295.396,"Actual Rows":1079842,"Actual Loops":1,"Output":["customer.c_id","customer.c_last","customer.c_city","customer.c_phone","customer.c_nationkey","order_line.ol_amount"],"Inner Unique":true,"Hash Cond":"((orders.o_c_id = customer.c_id) AND (orders.o_w_id = customer.c_w_id) AND (orders.o_d_id = customer.c_d_id))","Shared Hit Blocks":229604,"Shared Read Blocks":0,"Shared Dirtied Blocks":0,"Shared Written Blocks":0,"Local Hit Blocks":0,"Local Read Blocks":0,"Local Dirtied Blocks":0,"Local Written Blocks":0,"Temp Read Blocks":33421,"Temp Written Blocks":33421,"I/O Read Time":0.0,"I/O Write Time":0.0,"Temp I/O Read Time":51.817,"Temp I/O Write Time":164.726,"Plans":[{"Node Type":"Hash Join","Parent Relationship":"Outer","Parallel Aware":false,"Async Capable":false,"Join Type":"Inner","Startup Cost":58718.36,"Total Cost":925313.53,"Plan Rows":256611,"Plan Width":16,"Actual Startup Time":68.263,"Actual Total Time":838.774,"Actual Rows":1079842,"Actual Loops":1,"Output":["orders.o_c_id","orders.o_w_id","orders.o_d_id","order_line.ol_amount","order_line.ol_w_id","order_line.ol_d_id"],"Inner Unique":true,"Hash Cond":"((order_line.ol_w_id = orders.o_w_id) AND (order_line.ol_d_id = orders.o_d_id) AND (order_line.ol_o_id = orders.o_id))","Join Filter":"(orders.o_entry_d <= order_line.ol_delivery_d)","Rows Removed by Join Filter":0,"Shared Hit Blocks":0,"Shared Read Blocks":0,"Shared Dirtied Blocks":0,"Shared Written Blocks":0,"Local Hit Blocks":0,"Local Read Blocks":0,"Local Dirtied Blocks":0,"Local Written Blocks":0,"Temp Read Blocks":0,"Temp Written Blocks":0,"I/O Read Time":0.0,"I/O Write Time":0.0,"Temp I/O Read Time":0.0,"Temp I/O Write Time":0.0,"Plans":[{"Node Type":"Append","Parent Relationship":"Outer","Parallel Aware":false,"Async Capable":false,"Startup Cost":20.0,"Total Cost":701820.0,"Plan Rows":20926367,"Plan Width":24,"Actual Startup Time":3.697,"Actual Total Time":480.423,"Actual Rows":1110056,"Actual Loops":1,"Shared Hit Blocks":0,"Shared Read Blocks":0,"Shared Dirtied Blocks":0,"Shared Written Blocks":0,"Local Hit Blocks":0,"Local Read Blocks":0,"Local Dirtied Blocks":0,"Local Written Blocks":0,"Temp Read Blocks":0,"Temp Written Blocks":0,"I/O Read Time":0.0,"I/O Write Time":0.0,"Temp I/O Read Time":0.0,"Temp I/O Write Time":0.0,"Subplans Removed":0,"Plans":[{"Node Type":"Custom Scan","Parent Relationship":"Member","Custom Plan Provider":"columnar scan","Parallel Aware":false,"Async Capable":false,"Relation Name":"order_line","Schema":"public","Alias":"order_line","Startup Cost":20.0,"Total Cost":533641.75,"Plan Rows":20926325,"Plan Width":24,"Actual Startup Time":3.697,"Actual Total Time":382.52,"Actual Rows":1110056,"Actual Loops":1,"Output":["order_line.ol_amount","order_line.ol_w_id","order_line.ol_d_id","order_line.ol_o_id","order_line.ol_delivery_d"],"Filter":"(order_line.ol_delivery_d >= '1992-01-02 20:10:02.27764'::timestamp without time zone)","Rows Removed by Filter":0,"Rows Removed by Columnar Filter":28887676,"Rows Filtered by Bloom Filter":0,"Dictionary Rows Filtered by Bloom Filter":28887676,"Columnar cache search mode":"native","Shared Hit Blocks":0,"Shared Read Blocks":0,"Shared Dirtied Blocks":0,"Shared Written Blocks":0,"Local Hit Blocks":0,"Local Read Blocks":0,"Local Dirtied Blocks":0,"Local Written Blocks":0,"Temp Read Blocks":0,"Temp Written Blocks":0,"I/O Read Time":0.0,"I/O Write Time":0.0,"Temp I/O Read Time":0.0,"Temp I/O Write Time":0.0},{"Node Type":"Seq Scan","Parent Relationship":"Member","Parallel Aware":false,"Async Capable":false,"Relation Name":"order_line","Schema":"public","Alias":"order_line","Startup Cost":0.0,"Total Cost":4.75,"Plan Rows":42,"Plan Width":24,"Actual Startup Time":0.0,"Actual Total Time":0.0,"Actual Rows":0,"Actual Loops":0,"Output":["order_line.ol_amount","order_line.ol_w_id","order_line.ol_d_id","order_line.ol_o_id","order_line.ol_delivery_d"],"Filter":"(order_line.ol_delivery_d >= '1992-01-02 20:10:02.27764'::timestamp without time zone)","Rows Removed by Filter":0,"Shared Hit Blocks":0,"Shared Read Blocks":0,"Shared Dirtied Blocks":0,"Shared Written Blocks":0,"Local Hit Blocks":0,"Local Read Blocks":0,"Local Dirtied Blocks":0,"Local Written Blocks":0,"Temp Read Blocks":0,"Temp Written Blocks":0,"I/O Read Time":0.0,"I/O Write Time":0.0,"Temp I/O Read Time":0.0,"Temp I/O Write Time":0.0}]},{"Node Type":"Hash","Parent Relationship":"Inner","Parallel Aware":false,"Async Capable":false,"Startup Cost":56766.99,"Total Cost":56766.99,"Plan Rows":110364,"Plan Width":24,"Actual Startup Time":63.898,"Actual Total Time":63.905,"Actual Rows":107979,"Actual Loops":1,"Output":["orders.o_c_id","orders.o_w_id","orders.o_d_id","orders.o_id","orders.o_entry_d"],"Hash Buckets":131072,"Original Hash Buckets":131072,"Hash Batches":1,"Original Hash Batches":1,"Peak Memory Usage":6930,"Shared Hit Blocks":0,"Shared Read Blocks":0,"Shared Dirtied Blocks":0,"Shared Written Blocks":0,"Local Hit Blocks":0,"Local Read Blocks":0,"Local Dirtied Blocks":0,"Local Written Blocks":0,"Temp Read Blocks":0,"Temp Written Blocks":0,"I/O Read Time":0.0,"I/O Write Time":0.0,"Temp I/O Read Time":0.0,"Temp I/O Write Time":0.0,"Plans":[{"Node Type":"Append","Parent Relationship":"Outer","Parallel Aware":false,"Async Capable":false,"Startup Cost":20.0,"Total Cost":56766.99,"Plan Rows":110364,"Plan Width":24,"Actual Startup Time":0.506,"Actual Total Time":35.077,"Actual Rows":107979,"Actual Loops":1,"Shared Hit Blocks":0,"Shared Read Blocks":0,"Shared Dirtied Blocks":0,"Shared Written Blocks":0,"Local Hit Blocks":0,"Local Read Blocks":0,"Local Dirtied Blocks":0,"Local Written Blocks":0,"Temp Read Blocks":0,"Temp Written Blocks":0,"I/O Read Time":0.0,"I/O Write Time":0.0,"Temp I/O Read Time":0.0,"Temp I/O Write Time":0.0,"Subplans Removed":0,"Plans":[{"Node Type":"Custom Scan","Parent Relationship":"Member","Custom Plan Provider":"columnar scan","Parallel Aware":false,"Async Capable":false,"Relation Name":"orders","Schema":"public","Alias":"orders","Startup Cost":20.0,"Total Cost":2834.33,"Plan Rows":110363,"Plan Width":24,"Actual Startup Time":0.504,"Actual Total Time":25.693,"Actual Rows":107979,"Actual Loops":1,"Output":["orders.o_c_id","orders.o_w_id","orders.o_d_id","orders.o_id","orders.o_entry_d"],"Filter":"((orders.o_entry_d < '1993-10-02 20:10:02.27764'::timestamp without time zone) AND (orders.o_entry_d >= '1993-07-02 20:10:02.27764'::timestamp without time zone))","Rows Removed by Filter":0,"Rows Removed by Columnar Filter":2892021,"Columnar cache search mode":"native","Shared Hit Blocks":0,"Shared Read Blocks":0,"Shared Dirtied Blocks":0,"Shared Written Blocks":0,"Local Hit Blocks":0,"Local Read Blocks":0,"Local Dirtied Blocks":0,"Local Written Blocks":0,"Temp Read Blocks":0,"Temp Written Blocks":0,"I/O Read Time":0.0,"I/O Write Time":0.0,"Temp I/O Read Time":0.0,"Temp I/O Write Time":0.0},{"Node Type":"Seq Scan","Parent Relationship":"Member","Parallel Aware":false,"Async Capable":false,"Relation Name":"orders","Schema":"public","Alias":"orders","Startup Cost":0.0,"Total Cost":4.01,"Plan Rows":1,"Plan Width":24,"Actual Startup Time":0.0,"Actual Total Time":0.0,"Actual Rows":0,"Actual Loops":0,"Output":["orders.o_c_id","orders.o_w_id","orders.o_d_id","orders.o_id","orders.o_entry_d"],"Filter":"((orders.o_entry_d < '1993-10-02 20:10:02.27764'::timestamp without time zone) AND (orders.o_entry_d >= '1993-07-02 20:10:02.27764'::timestamp without time zone))","Rows Removed by Filter":0,"Shared Hit Blocks":0,"Shared Read Blocks":0,"Shared Dirtied Blocks":0,"Shared Written Blocks":0,"Local Hit Blocks":0,"Local Read Blocks":0,"Local Dirtied Blocks":0,"Local Written Blocks":0,"Temp Read Blocks":0,"Temp Written Blocks":0,"I/O Read Time":0.0,"I/O Write Time":0.0,"Temp I/O Read Time":0.0,"Temp I/O Write Time":0.0}]}]}]},{"Node Type":"Hash","Parent Relationship":"Inner","Parallel Aware":false,"Async Capable":false,"Startup Cost":259601.38,"Total Cost":259601.38,"Plan Rows":2999738,"Plan Width":57,"Actual Startup Time":1677.141,"Actual Total Time":1677.146,"Actual Rows":3000000,"Actual Loops":1,"Output":["customer.c_id","customer.c_last","customer.c_city","customer.c_phone","customer.c_w_id","customer.c_d_id","customer.c_nationkey"],"Hash Buckets":131072,"Original Hash Buckets":131072,"Hash Batches":64,"Original Hash Batches":64,"Peak Memory Usage":5226,"Shared Hit Blocks":229604,"Shared Read Blocks":0,"Shared Dirtied Blocks":0,"Shared Written Blocks":0,"Local Hit Blocks":0,"Local Read Blocks":0,"Local Dirtied Blocks":0,"Local Written Blocks":0,"Temp Read Blocks":0,"Temp Written Blocks":28654,"I/O Read Time":0.0,"I/O Write Time":0.0,"Temp I/O Read Time":0.0,"Temp I/O Write Time":140.733,"Plans":[{"Node Type":"Seq Scan","Parent Relationship":"Outer","Parallel Aware":false,"Async Capable":false,"Relation Name":"customer","Schema":"public","Alias":"customer","Startup Cost":0.0,"Total Cost":259601.38,"Plan Rows":2999738,"Plan Width":57,"Actual Startup Time":0.012,"Actual Total Time":933.955,"Actual Rows":3000000,"Actual Loops":1,"Output":["customer.c_id","customer.c_last","customer.c_city","customer.c_phone","customer.c_w_id","customer.c_d_id","customer.c_nationkey"],"Shared Hit Blocks":229604,"Shared Read Blocks":0,"Shared Dirtied Blocks":0,"Shared Written Blocks":0,"Local Hit Blocks":0,"Local Read Blocks":0,"Local Dirtied Blocks":0,"Local Written Blocks":0,"Temp Read Blocks":0,"Temp Written Blocks":0,"I/O Read Time":0.0,"I/O Write Time":0.0,"Temp I/O Read Time":0.0,"Temp I/O Write Time":0.0}]}]},{"Node Type":"Memoize","Parent Relationship":"Inner","Parallel Aware":false,"Async Capable":false,"Startup Cost":0.15,"Total Cost":0.17,"Plan Rows":1,"Plan Width":12,"Actual Startup Time":0.0,"Actual Total Time":0.0,"Actual Rows":1,"Actual Loops":1079842,"Output":["nation.n_name","nation.n_nationkey"],"Cache Key":"customer.c_nationkey","Cache Mode":"logical","Cache Hits":1079806,"Cache Misses":36,"Cache Evictions":0,"Cache Overflows":0,"Peak Memory Usage":4,"Shared Hit Blocks":72,"Shared Read Blocks":0,"Shared Dirtied Blocks":0,"Shared Written Blocks":0,"Local Hit Blocks":0,"Local Read Blocks":0,"Local Dirtied Blocks":0,"Local Written Blocks":0,"Temp Read Blocks":0,"Temp Written Blocks":0,"I/O Read Time":0.0,"I/O Write Time":0.0,"Temp I/O Read Time":0.0,"Temp I/O Write Time":0.0,"Plans":[{"Node Type":"Index Scan","Parent Relationship":"Outer","Parallel Aware":false,"Async Capable":false,"Scan Direction":"Forward","Index Name":"nation_pk","Relation Name":"nation","Schema":"public","Alias":"nation","Startup Cost":0.14,"Total Cost":0.16,"Plan Rows":1,"Plan Width":12,"Actual Startup Time":0.002,"Actual Total Time":0.002,"Actual Rows":1,"Actual Loops":36,"Output":["nation.n_name","nation.n_nationkey"],"Index Cond":"(nation.n_nationkey = customer.c_nationkey)","Rows Removed by Index Recheck":0,"Shared Hit Blocks":72,"Shared Read Blocks":0,"Shared Dirtied Blocks":0,"Shared Written Blocks":0,"Local Hit Blocks":0,"Local Read Blocks":0,"Local Dirtied Blocks":0,"Local Written Blocks":0,"Temp Read Blocks":0,"Temp Written Blocks":0,"I/O Read Time":0.0,"I/O Write Time":0.0,"Temp I/O Read Time":0.0,"Temp I/O Write Time":0.0}]}]}]}]}]}]},"Planning":{"Shared Hit Blocks":4,"Shared Read Blocks":0,"Shared Dirtied Blocks":0,"Shared Written Blocks":0,"Local Hit Blocks":0,"Local Read Blocks":0,"Local Dirtied Blocks":0,"Local Written Blocks":0,"Temp Read Blocks":0,"Temp Written Blocks":0,"I/O Read Time":0.0,"I/O Write Time":0.0,"Temp I/O Read Time":0.0,"Temp I/O Write Time":0.0},"Planning Time":1.325,"Triggers":[],"Execution Time":5023.32}]
[列存组合]: customer, nation, order_line
[{"Plan":{"Node Type":"Limit","Parallel Aware":false,"Async Capable":false,"Startup Cost":1372420.94,"Total Cost":1372423.44,"Plan Rows":1000,"Plan Width":89,"Actual Startup Time":4773.358,"Actual Total Time":4773.473,"Actual Rows":1000,"Actual Loops":1,"Output":["customer.c_id","customer.c_last","(sum(order_line.ol_amount))","customer.c_city","customer.c_phone","nation.n_name"],"Shared Hit Blocks":22131,"Shared Read Blocks":0,"Shared Dirtied Blocks":0,"Shared Written Blocks":0,"Local Hit Blocks":0,"Local Read Blocks":0,"Local Dirtied Blocks":0,"Local Written Blocks":0,"Temp Read Blocks":40840,"Temp Written Blocks":40874,"I/O Read Time":0.0,"I/O Write Time":0.0,"Temp I/O Read Time":63.138,"Temp I/O Write Time":151.351,"Plans":[{"Node Type":"Sort","Parent Relationship":"Outer","Parallel Aware":false,"Async Capable":false,"Startup Cost":1372420.94,"Total Cost":1373062.46,"Plan Rows":256611,"Plan Width":89,"Actual Startup Time":4773.355,"Actual Total Time":4773.404,"Actual Rows":1000,"Actual Loops":1,"Output":["customer.c_id","customer.c_last","(sum(order_line.ol_amount))","customer.c_city","customer.c_phone","nation.n_name"],"Sort Key":["(sum(order_line.ol_amount)) DESC"],"Sort Method":"top-N heapsort","Sort Space Used":189,"Sort Space Type":"Memory","Shared Hit Blocks":22131,"Shared Read Blocks":0,"Shared Dirtied Blocks":0,"Shared Written Blocks":0,"Local Hit Blocks":0,"Local Read Blocks":0,"Local Dirtied Blocks":0,"Local Written Blocks":0,"Temp Read Blocks":40840,"Temp Written Blocks":40874,"I/O Read Time":0.0,"I/O Write Time":0.0,"Temp I/O Read Time":63.138,"Temp I/O Write Time":151.351,"Plans":[{"Node Type":"Aggregate","Strategy":"Sorted","Partial Mode":"Simple","Parent Relationship":"Outer","Parallel Aware":false,"Async Capable":false,"Startup Cost":1350652.9,"Total Cost":1358351.23,"Plan Rows":256611,"Plan Width":89,"Actual Startup Time":4199.065,"Actual Total Time":4747.942,"Actual Rows":107979,"Actual Loops":1,"Output":["customer.c_id","customer.c_last","sum(order_line.ol_amount)","customer.c_city","customer.c_phone","nation.n_name"],"Group Key":["customer.c_id","customer.c_last","customer.c_city","customer.c_phone","nation.n_name"],"Shared Hit Blocks":22131,"Shared Read Blocks":0,"Shared Dirtied Blocks":0,"Shared Written Blocks":0,"Local Hit Blocks":0,"Local Read Blocks":0,"Local Dirtied Blocks":0,"Local Written Blocks":0,"Temp Read Blocks":40840,"Temp Written Blocks":40874,"I/O Read Time":0.0,"I/O Write Time":0.0,"Temp I/O Read Time":63.138,"Temp I/O Write Time":151.351,"Plans":[{"Node Type":"Sort","Parent Relationship":"Outer","Parallel Aware":false,"Async Capable":false,"Startup Cost":1350652.9,"Total Cost":1351294.43,"Plan Rows":256611,"Plan Width":61,"Actual Startup Time":4199.038,"Actual Total Time":4457.451,"Actual Rows":1079842,"Actual Loops":1,"Output":["customer.c_id","customer.c_last","customer.c_city","customer.c_phone","nation.n_name","order_line.ol_amount"],"Sort Key":["customer.c_id","customer.c_last","customer.c_city","customer.c_phone","nation.n_name"],"Sort Method":"external merge","Sort Space Used":75240,"Sort Space Type":"Disk","Shared Hit Blocks":22131,"Shared Read Blocks":0,"Shared Dirtied Blocks":0,"Shared Written Blocks":0,"Local Hit Blocks":0,"Local Read Blocks":0,"Local Dirtied Blocks":0,"Local Written Blocks":0,"Temp Read Blocks":40840,"Temp Written Blocks":40874,"I/O Read Time":0.0,"I/O Write Time":0.0,"Temp I/O Read Time":63.138,"Temp I/O Write Time":151.351,"Plans":[{"Node Type":"Nested Loop","Parent Relationship":"Outer","Parallel Aware":false,"Async Capable":false,"Join Type":"Inner","Startup Cost":408241.09,"Total Cost":1317947.9,"Plan Rows":256611,"Plan Width":61,"Actual Startup Time":1372.336,"Actual Total Time":3386.013,"Actual Rows":1079842,"Actual Loops":1,"Output":["customer.c_id","customer.c_last","customer.c_city","customer.c_phone","nation.n_name","order_line.ol_amount"],"Inner Unique":true,"Shared Hit Blocks":22131,"Shared Read Blocks":0,"Shared Dirtied Blocks":0,"Shared Written Blocks":0,"Local Hit Blocks":0,"Local Read Blocks":0,"Local Dirtied Blocks":0,"Local Written Blocks":0,"Temp Read Blocks":22036,"Temp Written Blocks":22036,"I/O Read Time":0.0,"I/O Write Time":0.0,"Temp I/O Read Time":35.387,"Temp I/O Write Time":101.69,"Plans":[{"Node Type":"Hash Join","Parent Relationship":"Outer","Parallel Aware":false,"Async Capable":false,"Join Type":"Inner","Startup Cost":408240.94,"Total Cost":1311586.93,"Plan Rows":256611,"Plan Width":57,"Actual Startup Time":1372.309,"Actual Total Time":3023.438,"Actual Rows":1079842,"Actual Loops":1,"Output":["customer.c_id","customer.c_last","customer.c_city","customer.c_phone","customer.c_nationkey","order_line.ol_amount"],"Inner Unique":true,"Hash Cond":"((orders.o_c_id = customer.c_id) AND (orders.o_w_id = customer.c_w_id) AND (orders.o_d_id = customer.c_d_id))","Shared Hit Blocks":22059,"Shared Read Blocks":0,"Shared Dirtied Blocks":0,"Shared Written Blocks":0,"Local Hit Blocks":0,"Local Read Blocks":0,"Local Dirtied Blocks":0,"Local Written Blocks":0,"Temp Read Blocks":22036,"Temp Written Blocks":22036,"I/O Read Time":0.0,"I/O Write Time":0.0,"Temp I/O Read Time":35.387,"Temp I/O Write Time":101.69,"Plans":[{"Node Type":"Hash Join","Parent Relationship":"Outer","Parallel Aware":false,"Async Capable":false,"Join Type":"Inner","Startup Cost":69010.35,"Total Cost":935605.52,"Plan Rows":256611,"Plan Width":16,"Actual Startup Time":230.57,"Actual Total Time":923.438,"Actual Rows":1079842,"Actual Loops":1,"Output":["orders.o_c_id","orders.o_w_id","orders.o_d_id","order_line.ol_amount","order_line.ol_w_id","order_line.ol_d_id"],"Inner Unique":true,"Hash Cond":"((order_line.ol_w_id = orders.o_w_id) AND (order_line.ol_d_id = orders.o_d_id) AND (order_line.ol_o_id = orders.o_id))","Join Filter":"(orders.o_entry_d <= order_line.ol_delivery_d)","Rows Removed by Join Filter":0,"Shared Hit Blocks":22059,"Shared Read Blocks":0,"Shared Dirtied Blocks":0,"Shared Written Blocks":0,"Local Hit Blocks":0,"Local Read Blocks":0,"Local Dirtied Blocks":0,"Local Written Blocks":0,"Temp Read Blocks":0,"Temp Written Blocks":0,"I/O Read Time":0.0,"I/O Write Time":0.0,"Temp I/O Read Time":0.0,"Temp I/O Write Time":0.0,"Plans":[{"Node Type":"Append","Parent Relationship":"Outer","Parallel Aware":false,"Async Capable":false,"Startup Cost":20.0,"Total Cost":701820.0,"Plan Rows":20926367,"Plan Width":24,"Actual Startup Time":2.835,"Actual Total Time":416.862,"Actual Rows":1110056,"Actual Loops":1,"Shared Hit Blocks":0,"Shared Read Blocks":0,"Shared Dirtied Blocks":0,"Shared Written Blocks":0,"Local Hit Blocks":0,"Local Read Blocks":0,"Local Dirtied Blocks":0,"Local Written Blocks":0,"Temp Read Blocks":0,"Temp Written Blocks":0,"I/O Read Time":0.0,"I/O Write Time":0.0,"Temp I/O Read Time":0.0,"Temp I/O Write Time":0.0,"Subplans Removed":0,"Plans":[{"Node Type":"Custom Scan","Parent Relationship":"Member","Custom Plan Provider":"columnar scan","Parallel Aware":false,"Async Capable":false,"Relation Name":"order_line","Schema":"public","Alias":"order_line","Startup Cost":20.0,"Total Cost":533641.75,"Plan Rows":20926325,"Plan Width":24,"Actual Startup Time":2.833,"Actual Total Time":332.785,"Actual Rows":1110056,"Actual Loops":1,"Output":["order_line.ol_amount","order_line.ol_w_id","order_line.ol_d_id","order_line.ol_o_id","order_line.ol_delivery_d"],"Filter":"(order_line.ol_delivery_d >= '1992-01-02 20:10:02.27764'::timestamp without time zone)","Rows Removed by Filter":0,"Rows Removed by Columnar Filter":28887676,"Rows Filtered by Bloom Filter":0,"Dictionary Rows Filtered by Bloom Filter":28887676,"Columnar cache search mode":"native","Shared Hit Blocks":0,"Shared Read Blocks":0,"Shared Dirtied Blocks":0,"Shared Written Blocks":0,"Local Hit Blocks":0,"Local Read Blocks":0,"Local Dirtied Blocks":0,"Local Written Blocks":0,"Temp Read Blocks":0,"Temp Written Blocks":0,"I/O Read Time":0.0,"I/O Write Time":0.0,"Temp I/O Read Time":0.0,"Temp I/O Write Time":0.0},{"Node Type":"Seq Scan","Parent Relationship":"Member","Parallel Aware":false,"Async Capable":false,"Relation Name":"order_line","Schema":"public","Alias":"order_line","Startup Cost":0.0,"Total Cost":4.75,"Plan Rows":42,"Plan Width":24,"Actual Startup Time":0.0,"Actual Total Time":0.0,"Actual Rows":0,"Actual Loops":0,"Output":["order_line.ol_amount","order_line.ol_w_id","order_line.ol_d_id","order_line.ol_o_id","order_line.ol_delivery_d"],"Filter":"(order_line.ol_delivery_d >= '1992-01-02 20:10:02.27764'::timestamp without time zone)","Rows Removed by Filter":0,"Shared Hit Blocks":0,"Shared Read Blocks":0,"Shared Dirtied Blocks":0,"Shared Written Blocks":0,"Local Hit Blocks":0,"Local Read Blocks":0,"Local Dirtied Blocks":0,"Local Written Blocks":0,"Temp Read Blocks":0,"Temp Written Blocks":0,"I/O Read Time":0.0,"I/O Write Time":0.0,"Temp I/O Read Time":0.0,"Temp I/O Write Time":0.0}]},{"Node Type":"Hash","Parent Relationship":"Inner","Parallel Aware":false,"Async Capable":false,"Startup Cost":67059.0,"Total Cost":67059.0,"Plan Rows":110363,"Plan Width":24,"Actual Startup Time":227.228,"Actual Total Time":227.229,"Actual Rows":107979,"Actual Loops":1,"Output":["orders.o_c_id","orders.o_w_id","orders.o_d_id","orders.o_id","orders.o_entry_d"],"Hash Buckets":131072,"Original Hash Buckets":131072,"Hash Batches":1,"Original Hash Batches":1,"Peak Memory Usage":6930,"Shared Hit Blocks":22059,"Shared Read Blocks":0,"Shared Dirtied Blocks":0,"Shared Written Blocks":0,"Local Hit Blocks":0,"Local Read Blocks":0,"Local Dirtied Blocks":0,"Local Written Blocks":0,"Temp Read Blocks":0,"Temp Written Blocks":0,"I/O Read Time":0.0,"I/O Write Time":0.0,"Temp I/O Read Time":0.0,"Temp I/O Write Time":0.0,"Plans":[{"Node Type":"Seq Scan","Parent Relationship":"Outer","Parallel Aware":false,"Async Capable":false,"Relation Name":"orders","Schema":"public","Alias":"orders","Startup Cost":0.0,"Total Cost":67059.0,"Plan Rows":110363,"Plan Width":24,"Actual Startup Time":1.154,"Actual Total Time":199.015,"Actual Rows":107979,"Actual Loops":1,"Output":["orders.o_c_id","orders.o_w_id","orders.o_d_id","orders.o_id","orders.o_entry_d"],"Filter":"((orders.o_entry_d >= '1993-07-02 20:10:02.27764'::timestamp without time zone) AND (orders.o_entry_d < '1993-10-02 20:10:02.27764'::timestamp without time zone))","Rows Removed by Filter":2892021,"Shared Hit Blocks":22059,"Shared Read Blocks":0,"Shared Dirtied Blocks":0,"Shared Written Blocks":0,"Local Hit Blocks":0,"Local Read Blocks":0,"Local Dirtied Blocks":0,"Local Written Blocks":0,"Temp Read Blocks":0,"Temp Written Blocks":0,"I/O Read Time":0.0,"I/O Write Time":0.0,"Temp I/O Read Time":0.0,"Temp I/O Write Time":0.0}]}]},{"Node Type":"Hash","Parent Relationship":"Inner","Parallel Aware":false,"Async Capable":false,"Startup Cost":254511.16,"Total Cost":254511.16,"Plan Rows":2999739,"Plan Width":57,"Actual Startup Time":1139.609,"Actual Total Time":1139.612,"Actual Rows":3000000,"Actual Loops":1,"Output":["customer.c_id","customer.c_last","customer.c_city","customer.c_phone","customer.c_w_id","customer.c_d_id","customer.c_nationkey"],"Hash Buckets":65536,"Original Hash Buckets":65536,"Hash Batches":64,"Original Hash Batches":64,"Peak Memory Usage":3444,"Shared Hit Blocks":0,"Shared Read Blocks":0,"Shared Dirtied Blocks":0,"Shared Written Blocks":0,"Local Hit Blocks":0,"Local Read Blocks":0,"Local Dirtied Blocks":0,"Local Written Blocks":0,"Temp Read Blocks":0,"Temp Written Blocks":17271,"I/O Read Time":0.0,"I/O Write Time":0.0,"Temp I/O Read Time":0.0,"Temp I/O Write Time":78.144,"Plans":[{"Node Type":"Append","Parent Relationship":"Outer","Parallel Aware":false,"Async Capable":false,"Startup Cost":20.0,"Total Cost":254511.16,"Plan Rows":2999739,"Plan Width":57,"Actual Startup Time":0.014,"Actual Total Time":562.149,"Actual Rows":3000000,"Actual Loops":1,"Shared Hit Blocks":0,"Shared Read Blocks":0,"Shared Dirtied Blocks":0,"Shared Written Blocks":0,"Local Hit Blocks":0,"Local Read Blocks":0,"Local Dirtied Blocks":0,"Local Written Blocks":0,"Temp Read Blocks":0,"Temp Written Blocks":0,"I/O Read Time":0.0,"I/O Write Time":0.0,"Temp I/O Read Time":0.0,"Temp I/O Write Time":0.0,"Subplans Removed":0,"Plans":[{"Node Type":"Custom Scan","Parent Relationship":"Member","Custom Plan Provider":"columnar scan","Parallel Aware":false,"Async Capable":false,"Relation Name":"customer","Schema":"public","Alias":"customer","Startup Cost":20.0,"Total Cost":101711.15,"Plan Rows":2999738,"Plan Width":57,"Actual Startup Time":0.013,"Actual Total Time":347.419,"Actual Rows":3000000,"Actual Loops":1,"Output":["customer.c_id","customer.c_last","customer.c_city","customer.c_phone","customer.c_w_id","customer.c_d_id","customer.c_nationkey"],"Rows Removed by Columnar Filter":0,"Columnar projection mode":"late materialization","Columnar cache search mode":"native","Shared Hit Blocks":0,"Shared Read Blocks":0,"Shared Dirtied Blocks":0,"Shared Written Blocks":0,"Local Hit Blocks":0,"Local Read Blocks":0,"Local Dirtied Blocks":0,"Local Written Blocks":0,"Temp Read Blocks":0,"Temp Written Blocks":0,"I/O Read Time":0.0,"I/O Write Time":0.0,"Temp I/O Read Time":0.0,"Temp I/O Write Time":0.0},{"Node Type":"Seq Scan","Parent Relationship":"Member","Parallel Aware":false,"Async Capable":false,"Relation Name":"customer","Schema":"public","Alias":"customer","Startup Cost":0.0,"Total Cost":4.01,"Plan Rows":1,"Plan Width":57,"Actual Startup Time":0.0,"Actual Total Time":0.0,"Actual Rows":0,"Actual Loops":0,"Output":["customer.c_id","customer.c_last","customer.c_city","customer.c_phone","customer.c_w_id","customer.c_d_id","customer.c_nationkey"],"Shared Hit Blocks":0,"Shared Read Blocks":0,"Shared Dirtied Blocks":0,"Shared Written Blocks":0,"Local Hit Blocks":0,"Local Read Blocks":0,"Local Dirtied Blocks":0,"Local Written Blocks":0,"Temp Read Blocks":0,"Temp Written Blocks":0,"I/O Read Time":0.0,"I/O Write Time":0.0,"Temp I/O Read Time":0.0,"Temp I/O Write Time":0.0}]}]}]},{"Node Type":"Memoize","Parent Relationship":"Inner","Parallel Aware":false,"Async Capable":false,"Startup Cost":0.15,"Total Cost":0.17,"Plan Rows":1,"Plan Width":12,"Actual Startup Time":0.0,"Actual Total Time":0.0,"Actual Rows":1,"Actual Loops":1079842,"Output":["nation.n_name","nation.n_nationkey"],"Cache Key":"customer.c_nationkey","Cache Mode":"logical","Cache Hits":1079806,"Cache Misses":36,"Cache Evictions":0,"Cache Overflows":0,"Peak Memory Usage":4,"Shared Hit Blocks":72,"Shared Read Blocks":0,"Shared Dirtied Blocks":0,"Shared Written Blocks":0,"Local Hit Blocks":0,"Local Read Blocks":0,"Local Dirtied Blocks":0,"Local Written Blocks":0,"Temp Read Blocks":0,"Temp Written Blocks":0,"I/O Read Time":0.0,"I/O Write Time":0.0,"Temp I/O Read Time":0.0,"Temp I/O Write Time":0.0,"Plans":[{"Node Type":"Index Scan","Parent Relationship":"Outer","Parallel Aware":false,"Async Capable":false,"Scan Direction":"Forward","Index Name":"nation_pk","Relation Name":"nation","Schema":"public","Alias":"nation","Startup Cost":0.14,"Total Cost":0.16,"Plan Rows":1,"Plan Width":12,"Actual Startup Time":0.002,"Actual Total Time":0.002,"Actual Rows":1,"Actual Loops":36,"Output":["nation.n_name","nation.n_nationkey"],"Index Cond":"(nation.n_nationkey = customer.c_nationkey)","Rows Removed by Index Recheck":0,"Shared Hit Blocks":72,"Shared Read Blocks":0,"Shared Dirtied Blocks":0,"Shared Written Blocks":0,"Local Hit Blocks":0,"Local Read Blocks":0,"Local Dirtied Blocks":0,"Local Written Blocks":0,"Temp Read Blocks":0,"Temp Written Blocks":0,"I/O Read Time":0.0,"I/O Write Time":0.0,"Temp I/O Read Time":0.0,"Temp I/O Write Time":0.0}]}]}]}]}]}]},"Planning":{"Shared Hit Blocks":4,"Shared Read Blocks":0,"Shared Dirtied Blocks":0,"Shared Written Blocks":0,"Local Hit Blocks":0,"Local Read Blocks":0,"Local Dirtied Blocks":0,"Local Written Blocks":0,"Temp Read Blocks":0,"Temp Written Blocks":0,"I/O Read Time":0.0,"I/O Write Time":0.0,"Temp I/O Read Time":0.0,"Temp I/O Write Time":0.0},"Planning Time":1.572,"Triggers":[],"Execution Time":4786.159}]
[列存组合]: customer, nation, orders
[{"Plan":{"Node Type":"Limit","Parallel Aware":false,"Async Capable":false,"Startup Cost":1376165.34,"Total Cost":1376167.84,"Plan Rows":1000,"Plan Width":89,"Actual Startup Time":8825.649,"Actual Total Time":8825.761,"Actual Rows":1000,"Actual Loops":1,"Output":["customer.c_id","customer.c_last","(sum(order_line.ol_amount))","customer.c_city","customer.c_phone","nation.n_name"],"Shared Hit Blocks":340956,"Shared Read Blocks":0,"Shared Dirtied Blocks":0,"Shared Written Blocks":0,"Local Hit Blocks":0,"Local Read Blocks":0,"Local Dirtied Blocks":0,"Local Written Blocks":0,"Temp Read Blocks":40840,"Temp Written Blocks":40874,"I/O Read Time":0.0,"I/O Write Time":0.0,"Temp I/O Read Time":63.678,"Temp I/O Write Time":150.25,"Plans":[{"Node Type":"Sort","Parent Relationship":"Outer","Parallel Aware":false,"Async Capable":false,"Startup Cost":1376165.34,"Total Cost":1376806.87,"Plan Rows":256611,"Plan Width":89,"Actual Startup Time":8825.647,"Actual Total Time":8825.696,"Actual Rows":1000,"Actual Loops":1,"Output":["customer.c_id","customer.c_last","(sum(order_line.ol_amount))","customer.c_city","customer.c_phone","nation.n_name"],"Sort Key":["(sum(order_line.ol_amount)) DESC"],"Sort Method":"top-N heapsort","Sort Space Used":189,"Sort Space Type":"Memory","Shared Hit Blocks":340956,"Shared Read Blocks":0,"Shared Dirtied Blocks":0,"Shared Written Blocks":0,"Local Hit Blocks":0,"Local Read Blocks":0,"Local Dirtied Blocks":0,"Local Written Blocks":0,"Temp Read Blocks":40840,"Temp Written Blocks":40874,"I/O Read Time":0.0,"I/O Write Time":0.0,"Temp I/O Read Time":63.678,"Temp I/O Write Time":150.25,"Plans":[{"Node Type":"Aggregate","Strategy":"Sorted","Partial Mode":"Simple","Parent Relationship":"Outer","Parallel Aware":false,"Async Capable":false,"Startup Cost":1354397.31,"Total Cost":1362095.64,"Plan Rows":256611,"Plan Width":89,"Actual Startup Time":8250.866,"Actual Total Time":8800.655,"Actual Rows":107979,"Actual Loops":1,"Output":["customer.c_id","customer.c_last","sum(order_line.ol_amount)","customer.c_city","customer.c_phone","nation.n_name"],"Group Key":["customer.c_id","customer.c_last","customer.c_city","customer.c_phone","nation.n_name"],"Shared Hit Blocks":340956,"Shared Read Blocks":0,"Shared Dirtied Blocks":0,"Shared Written Blocks":0,"Local Hit Blocks":0,"Local Read Blocks":0,"Local Dirtied Blocks":0,"Local Written Blocks":0,"Temp Read Blocks":40840,"Temp Written Blocks":40874,"I/O Read Time":0.0,"I/O Write Time":0.0,"Temp I/O Read Time":63.678,"Temp I/O Write Time":150.25,"Plans":[{"Node Type":"Sort","Parent Relationship":"Outer","Parallel Aware":false,"Async Capable":false,"Startup Cost":1354397.31,"Total Cost":1355038.84,"Plan Rows":256611,"Plan Width":61,"Actual Startup Time":8250.839,"Actual Total Time":8509.31,"Actual Rows":1079842,"Actual Loops":1,"Output":["customer.c_id","customer.c_last","customer.c_city","customer.c_phone","nation.n_name","order_line.ol_amount"],"Sort Key":["customer.c_id","customer.c_last","customer.c_city","customer.c_phone","nation.n_name"],"Sort Method":"external merge","Sort Space Used":75240,"Sort Space Type":"Disk","Shared Hit Blocks":340956,"Shared Read Blocks":0,"Shared Dirtied Blocks":0,"Shared Written Blocks":0,"Local Hit Blocks":0,"Local Read Blocks":0,"Local Dirtied Blocks":0,"Local Written Blocks":0,"Temp Read Blocks":40840,"Temp Written Blocks":40874,"I/O Read Time":0.0,"I/O Write Time":0.0,"Temp I/O Read Time":63.678,"Temp I/O Write Time":150.25,"Plans":[{"Node Type":"Nested Loop","Parent Relationship":"Outer","Parallel Aware":false,"Async Capable":false,"Join Type":"Inner","Startup Cost":397929.1,"Total Cost":1321692.31,"Plan Rows":256611,"Plan Width":61,"Actual Startup Time":1255.477,"Actual Total Time":7438.214,"Actual Rows":1079842,"Actual Loops":1,"Output":["customer.c_id","customer.c_last","customer.c_city","customer.c_phone","nation.n_name","order_line.ol_amount"],"Inner Unique":true,"Shared Hit Blocks":340956,"Shared Read Blocks":0,"Shared Dirtied Blocks":0,"Shared Written Blocks":0,"Local Hit Blocks":0,"Local Read Blocks":0,"Local Dirtied Blocks":0,"Local Written Blocks":0,"Temp Read Blocks":22036,"Temp Written Blocks":22036,"I/O Read Time":0.0,"I/O Write Time":0.0,"Temp I/O Read Time":35.79,"Temp I/O Write Time":100.454,"Plans":[{"Node Type":"Hash Join","Parent Relationship":"Outer","Parallel Aware":false,"Async Capable":false,"Join Type":"Inner","Startup Cost":397928.95,"Total Cost":1315331.33,"Plan Rows":256611,"Plan Width":57,"Actual Startup Time":1255.456,"Actual Total Time":7079.638,"Actual Rows":1079842,"Actual Loops":1,"Output":["customer.c_id","customer.c_last","customer.c_city","customer.c_phone","customer.c_nationkey","order_line.ol_amount"],"Inner Unique":true,"Hash Cond":"((orders.o_c_id = customer.c_id) AND (orders.o_w_id = customer.c_w_id) AND (orders.o_d_id = customer.c_d_id))","Shared Hit Blocks":340884,"Shared Read Blocks":0,"Shared Dirtied Blocks":0,"Shared Written Blocks":0,"Local Hit Blocks":0,"Local Read Blocks":0,"Local Dirtied Blocks":0,"Local Written Blocks":0,"Temp Read Blocks":22036,"Temp Written Blocks":22036,"I/O Read Time":0.0,"I/O Write Time":0.0,"Temp I/O Read Time":35.79,"Temp I/O Write Time":100.454,"Plans":[{"Node Type":"Hash Join","Parent Relationship":"Outer","Parallel Aware":false,"Async Capable":false,"Join Type":"Inner","Startup Cost":58698.36,"Total Cost":939349.93,"Plan Rows":256611,"Plan Width":16,"Actual Startup Time":124.232,"Actual Total Time":4991.579,"Actual Rows":1079842,"Actual Loops":1,"Output":["orders.o_c_id","orders.o_w_id","orders.o_d_id","order_line.ol_amount","order_line.ol_w_id","order_line.ol_d_id"],"Inner Unique":true,"Hash Cond":"((order_line.ol_w_id = orders.o_w_id) AND (order_line.ol_d_id = orders.o_d_id) AND (order_line.ol_o_id = orders.o_id))","Join Filter":"(orders.o_entry_d <= order_line.ol_delivery_d)","Rows Removed by Join Filter":0,"Shared Hit Blocks":340884,"Shared Read Blocks":0,"Shared Dirtied Blocks":0,"Shared Written Blocks":0,"Local Hit Blocks":0,"Local Read Blocks":0,"Local Dirtied Blocks":0,"Local Written Blocks":0,"Temp Read Blocks":0,"Temp Written Blocks":0,"I/O Read Time":0.0,"I/O Write Time":0.0,"Temp I/O Read Time":0.0,"Temp I/O Write Time":0.0,"Plans":[{"Node Type":"Seq Scan","Parent Relationship":"Outer","Parallel Aware":false,"Async Capable":false,"Relation Name":"order_line","Schema":"public","Alias":"order_line","Startup Cost":0.0,"Total Cost":715856.4,"Plan Rows":20926367,"Plan Width":24,"Actual Startup Time":0.011,"Actual Total Time":2859.884,"Actual Rows":21002151,"Actual Loops":1,"Output":["order_line.ol_o_id","order_line.ol_d_id","order_line.ol_w_id","order_line.ol_number","order_line.ol_i_id","order_line.ol_supply_w_id","order_line.ol_delivery_d","order_line.ol_quantity","order_line.ol_amount","order_line.ol_dist_info"],"Filter":"(order_line.ol_delivery_d >= '1992-01-02 20:10:02.27764'::timestamp without time zone)","Rows Removed by Filter":8995581,"Shared Hit Blocks":340884,"Shared Read Blocks":0,"Shared Dirtied Blocks":0,"Shared Written Blocks":0,"Local Hit Blocks":0,"Local Read Blocks":0,"Local Dirtied Blocks":0,"Local Written Blocks":0,"Temp Read Blocks":0,"Temp Written Blocks":0,"I/O Read Time":0.0,"I/O Write Time":0.0,"Temp I/O Read Time":0.0,"Temp I/O Write Time":0.0},{"Node Type":"Hash","Parent Relationship":"Inner","Parallel Aware":false,"Async Capable":false,"Startup Cost":56766.99,"Total Cost":56766.99,"Plan Rows":110364,"Plan Width":24,"Actual Startup Time":51.358,"Actual Total Time":51.365,"Actual Rows":107979,"Actual Loops":1,"Output":["orders.o_c_id","orders.o_w_id","orders.o_d_id","orders.o_id","orders.o_entry_d"],"Hash Buckets":131072,"Original Hash Buckets":131072,"Hash Batches":1,"Original Hash Batches":1,"Peak Memory Usage":6930,"Shared Hit Blocks":0,"Shared Read Blocks":0,"Shared Dirtied Blocks":0,"Shared Written Blocks":0,"Local Hit Blocks":0,"Local Read Blocks":0,"Local Dirtied Blocks":0,"Local Written Blocks":0,"Temp Read Blocks":0,"Temp Written Blocks":0,"I/O Read Time":0.0,"I/O Write Time":0.0,"Temp I/O Read Time":0.0,"Temp I/O Write Time":0.0,"Plans":[{"Node Type":"Append","Parent Relationship":"Outer","Parallel Aware":false,"Async Capable":false,"Startup Cost":20.0,"Total Cost":56766.99,"Plan Rows":110364,"Plan Width":24,"Actual Startup Time":0.498,"Actual Total Time":31.277,"Actual Rows":107979,"Actual Loops":1,"Shared Hit Blocks":0,"Shared Read Blocks":0,"Shared Dirtied Blocks":0,"Shared Written Blocks":0,"Local Hit Blocks":0,"Local Read Blocks":0,"Local Dirtied Blocks":0,"Local Written Blocks":0,"Temp Read Blocks":0,"Temp Written Blocks":0,"I/O Read Time":0.0,"I/O Write Time":0.0,"Temp I/O Read Time":0.0,"Temp I/O Write Time":0.0,"Subplans Removed":0,"Plans":[{"Node Type":"Custom Scan","Parent Relationship":"Member","Custom Plan Provider":"columnar scan","Parallel Aware":false,"Async Capable":false,"Relation Name":"orders","Schema":"public","Alias":"orders","Startup Cost":20.0,"Total Cost":2834.33,"Plan Rows":110363,"Plan Width":24,"Actual Startup Time":0.496,"Actual Total Time":23.374,"Actual Rows":107979,"Actual Loops":1,"Output":["orders.o_c_id","orders.o_w_id","orders.o_d_id","orders.o_id","orders.o_entry_d"],"Filter":"((orders.o_entry_d < '1993-10-02 20:10:02.27764'::timestamp without time zone) AND (orders.o_entry_d >= '1993-07-02 20:10:02.27764'::timestamp without time zone))","Rows Removed by Filter":0,"Rows Removed by Columnar Filter":2892021,"Columnar cache search mode":"native","Shared Hit Blocks":0,"Shared Read Blocks":0,"Shared Dirtied Blocks":0,"Shared Written Blocks":0,"Local Hit Blocks":0,"Local Read Blocks":0,"Local Dirtied Blocks":0,"Local Written Blocks":0,"Temp Read Blocks":0,"Temp Written Blocks":0,"I/O Read Time":0.0,"I/O Write Time":0.0,"Temp I/O Read Time":0.0,"Temp I/O Write Time":0.0},{"Node Type":"Seq Scan","Parent Relationship":"Member","Parallel Aware":false,"Async Capable":false,"Relation Name":"orders","Schema":"public","Alias":"orders","Startup Cost":0.0,"Total Cost":4.01,"Plan Rows":1,"Plan Width":24,"Actual Startup Time":0.0,"Actual Total Time":0.0,"Actual Rows":0,"Actual Loops":0,"Output":["orders.o_c_id","orders.o_w_id","orders.o_d_id","orders.o_id","orders.o_entry_d"],"Filter":"((orders.o_entry_d < '1993-10-02 20:10:02.27764'::timestamp without time zone) AND (orders.o_entry_d >= '1993-07-02 20:10:02.27764'::timestamp without time zone))","Rows Removed by Filter":0,"Shared Hit Blocks":0,"Shared Read Blocks":0,"Shared Dirtied Blocks":0,"Shared Written Blocks":0,"Local Hit Blocks":0,"Local Read Blocks":0,"Local Dirtied Blocks":0,"Local Written Blocks":0,"Temp Read Blocks":0,"Temp Written Blocks":0,"I/O Read Time":0.0,"I/O Write Time":0.0,"Temp I/O Read Time":0.0,"Temp I/O Write Time":0.0}]}]}]},{"Node Type":"Hash","Parent Relationship":"Inner","Parallel Aware":false,"Async Capable":false,"Startup Cost":254511.16,"Total Cost":254511.16,"Plan Rows":2999739,"Plan Width":57,"Actual Startup Time":1128.322,"Actual Total Time":1128.324,"Actual Rows":3000000,"Actual Loops":1,"Output":["customer.c_id","customer.c_last","customer.c_city","customer.c_phone","customer.c_w_id","customer.c_d_id","customer.c_nationkey"],"Hash Buckets":65536,"Original Hash Buckets":65536,"Hash Batches":64,"Original Hash Batches":64,"Peak Memory Usage":3444,"Shared Hit Blocks":0,"Shared Read Blocks":0,"Shared Dirtied Blocks":0,"Shared Written Blocks":0,"Local Hit Blocks":0,"Local Read Blocks":0,"Local Dirtied Blocks":0,"Local Written Blocks":0,"Temp Read Blocks":0,"Temp Written Blocks":17271,"I/O Read Time":0.0,"I/O Write Time":0.0,"Temp I/O Read Time":0.0,"Temp I/O Write Time":75.401,"Plans":[{"Node Type":"Append","Parent Relationship":"Outer","Parallel Aware":false,"Async Capable":false,"Startup Cost":20.0,"Total Cost":254511.16,"Plan Rows":2999739,"Plan Width":57,"Actual Startup Time":0.016,"Actual Total Time":555.119,"Actual Rows":3000000,"Actual Loops":1,"Shared Hit Blocks":0,"Shared Read Blocks":0,"Shared Dirtied Blocks":0,"Shared Written Blocks":0,"Local Hit Blocks":0,"Local Read Blocks":0,"Local Dirtied Blocks":0,"Local Written Blocks":0,"Temp Read Blocks":0,"Temp Written Blocks":0,"I/O Read Time":0.0,"I/O Write Time":0.0,"Temp I/O Read Time":0.0,"Temp I/O Write Time":0.0,"Subplans Removed":0,"Plans":[{"Node Type":"Custom Scan","Parent Relationship":"Member","Custom Plan Provider":"columnar scan","Parallel Aware":false,"Async Capable":false,"Relation Name":"customer","Schema":"public","Alias":"customer","Startup Cost":20.0,"Total Cost":101711.15,"Plan Rows":2999738,"Plan Width":57,"Actual Startup Time":0.015,"Actual Total Time":343.652,"Actual Rows":3000000,"Actual Loops":1,"Output":["customer.c_id","customer.c_last","customer.c_city","customer.c_phone","customer.c_w_id","customer.c_d_id","customer.c_nationkey"],"Rows Removed by Columnar Filter":0,"Columnar projection mode":"late materialization","Columnar cache search mode":"native","Shared Hit Blocks":0,"Shared Read Blocks":0,"Shared Dirtied Blocks":0,"Shared Written Blocks":0,"Local Hit Blocks":0,"Local Read Blocks":0,"Local Dirtied Blocks":0,"Local Written Blocks":0,"Temp Read Blocks":0,"Temp Written Blocks":0,"I/O Read Time":0.0,"I/O Write Time":0.0,"Temp I/O Read Time":0.0,"Temp I/O Write Time":0.0},{"Node Type":"Seq Scan","Parent Relationship":"Member","Parallel Aware":false,"Async Capable":false,"Relation Name":"customer","Schema":"public","Alias":"customer","Startup Cost":0.0,"Total Cost":4.01,"Plan Rows":1,"Plan Width":57,"Actual Startup Time":0.0,"Actual Total Time":0.0,"Actual Rows":0,"Actual Loops":0,"Output":["customer.c_id","customer.c_last","customer.c_city","customer.c_phone","customer.c_w_id","customer.c_d_id","customer.c_nationkey"],"Shared Hit Blocks":0,"Shared Read Blocks":0,"Shared Dirtied Blocks":0,"Shared Written Blocks":0,"Local Hit Blocks":0,"Local Read Blocks":0,"Local Dirtied Blocks":0,"Local Written Blocks":0,"Temp Read Blocks":0,"Temp Written Blocks":0,"I/O Read Time":0.0,"I/O Write Time":0.0,"Temp I/O Read Time":0.0,"Temp I/O Write Time":0.0}]}]}]},{"Node Type":"Memoize","Parent Relationship":"Inner","Parallel Aware":false,"Async Capable":false,"Startup Cost":0.15,"Total Cost":0.17,"Plan Rows":1,"Plan Width":12,"Actual Startup Time":0.0,"Actual Total Time":0.0,"Actual Rows":1,"Actual Loops":1079842,"Output":["nation.n_name","nation.n_nationkey"],"Cache Key":"customer.c_nationkey","Cache Mode":"logical","Cache Hits":1079806,"Cache Misses":36,"Cache Evictions":0,"Cache Overflows":0,"Peak Memory Usage":4,"Shared Hit Blocks":72,"Shared Read Blocks":0,"Shared Dirtied Blocks":0,"Shared Written Blocks":0,"Local Hit Blocks":0,"Local Read Blocks":0,"Local Dirtied Blocks":0,"Local Written Blocks":0,"Temp Read Blocks":0,"Temp Written Blocks":0,"I/O Read Time":0.0,"I/O Write Time":0.0,"Temp I/O Read Time":0.0,"Temp I/O Write Time":0.0,"Plans":[{"Node Type":"Index Scan","Parent Relationship":"Outer","Parallel Aware":false,"Async Capable":false,"Scan Direction":"Forward","Index Name":"nation_pk","Relation Name":"nation","Schema":"public","Alias":"nation","Startup Cost":0.14,"Total Cost":0.16,"Plan Rows":1,"Plan Width":12,"Actual Startup Time":0.002,"Actual Total Time":0.002,"Actual Rows":1,"Actual Loops":36,"Output":["nation.n_name","nation.n_nationkey"],"Index Cond":"(nation.n_nationkey = customer.c_nationkey)","Rows Removed by Index Recheck":0,"Shared Hit Blocks":72,"Shared Read Blocks":0,"Shared Dirtied Blocks":0,"Shared Written Blocks":0,"Local Hit Blocks":0,"Local Read Blocks":0,"Local Dirtied Blocks":0,"Local Written Blocks":0,"Temp Read Blocks":0,"Temp Written Blocks":0,"I/O Read Time":0.0,"I/O Write Time":0.0,"Temp I/O Read Time":0.0,"Temp I/O Write Time":0.0}]}]}]}]}]}]},"Planning":{"Shared Hit Blocks":4,"Shared Read Blocks":0,"Shared Dirtied Blocks":0,"Shared Written Blocks":0,"Local Hit Blocks":0,"Local Read Blocks":0,"Local Dirtied Blocks":0,"Local Written Blocks":0,"Temp Read Blocks":0,"Temp Written Blocks":0,"I/O Read Time":0.0,"I/O Write Time":0.0,"Temp I/O Read Time":0.0,"Temp I/O Write Time":0.0},"Planning Time":1.401,"Triggers":[],"Execution Time":8838.828}]
[列存组合]: customer, order_line, orders
[{"Plan":{"Node Type":"Limit","Parallel Aware":false,"Async Capable":false,"Startup Cost":1362128.94,"Total Cost":1362131.44,"Plan Rows":1000,"Plan Width":89,"Actual Startup Time":5110.74,"Actual Total Time":5110.852,"Actual Rows":1000,"Actual Loops":1,"Output":["customer.c_id","customer.c_last","(sum(order_line.ol_amount))","customer.c_city","customer.c_phone","nation.n_name"],"Shared Hit Blocks":72,"Shared Read Blocks":0,"Shared Dirtied Blocks":0,"Shared Written Blocks":0,"Local Hit Blocks":0,"Local Read Blocks":0,"Local Dirtied Blocks":0,"Local Written Blocks":0,"Temp Read Blocks":40840,"Temp Written Blocks":40874,"I/O Read Time":0.0,"I/O Write Time":0.0,"Temp I/O Read Time":62.396,"Temp I/O Write Time":193.229,"Plans":[{"Node Type":"Sort","Parent Relationship":"Outer","Parallel Aware":false,"Async Capable":false,"Startup Cost":1362128.94,"Total Cost":1362770.47,"Plan Rows":256611,"Plan Width":89,"Actual Startup Time":5110.738,"Actual Total Time":5110.784,"Actual Rows":1000,"Actual Loops":1,"Output":["customer.c_id","customer.c_last","(sum(order_line.ol_amount))","customer.c_city","customer.c_phone","nation.n_name"],"Sort Key":["(sum(order_line.ol_amount)) DESC"],"Sort Method":"top-N heapsort","Sort Space Used":189,"Sort Space Type":"Memory","Shared Hit Blocks":72,"Shared Read Blocks":0,"Shared Dirtied Blocks":0,"Shared Written Blocks":0,"Local Hit Blocks":0,"Local Read Blocks":0,"Local Dirtied Blocks":0,"Local Written Blocks":0,"Temp Read Blocks":40840,"Temp Written Blocks":40874,"I/O Read Time":0.0,"I/O Write Time":0.0,"Temp I/O Read Time":62.396,"Temp I/O Write Time":193.229,"Plans":[{"Node Type":"Aggregate","Strategy":"Sorted","Partial Mode":"Simple","Parent Relationship":"Outer","Parallel Aware":false,"Async Capable":false,"Startup Cost":1340360.91,"Total Cost":1348059.24,"Plan Rows":256611,"Plan Width":89,"Actual Startup Time":4537.351,"Actual Total Time":5085.834,"Actual Rows":107979,"Actual Loops":1,"Output":["customer.c_id","customer.c_last","sum(order_line.ol_amount)","customer.c_city","customer.c_phone","nation.n_name"],"Group Key":["customer.c_id","customer.c_last","customer.c_city","customer.c_phone","nation.n_name"],"Shared Hit Blocks":72,"Shared Read Blocks":0,"Shared Dirtied Blocks":0,"Shared Written Blocks":0,"Local Hit Blocks":0,"Local Read Blocks":0,"Local Dirtied Blocks":0,"Local Written Blocks":0,"Temp Read Blocks":40840,"Temp Written Blocks":40874,"I/O Read Time":0.0,"I/O Write Time":0.0,"Temp I/O Read Time":62.396,"Temp I/O Write Time":193.229,"Plans":[{"Node Type":"Sort","Parent Relationship":"Outer","Parallel Aware":false,"Async Capable":false,"Startup Cost":1340360.91,"Total Cost":1341002.44,"Plan Rows":256611,"Plan Width":61,"Actual Startup Time":4537.33,"Actual Total Time":4795.292,"Actual Rows":1079842,"Actual Loops":1,"Output":["customer.c_id","customer.c_last","customer.c_city","customer.c_phone","nation.n_name","order_line.ol_amount"],"Sort Key":["customer.c_id","customer.c_last","customer.c_city","customer.c_phone","nation.n_name"],"Sort Method":"external merge","Sort Space Used":75240,"Sort Space Type":"Disk","Shared Hit Blocks":72,"Shared Read Blocks":0,"Shared Dirtied Blocks":0,"Shared Written Blocks":0,"Local Hit Blocks":0,"Local Read Blocks":0,"Local Dirtied Blocks":0,"Local Written Blocks":0,"Temp Read Blocks":40840,"Temp Written Blocks":40874,"I/O Read Time":0.0,"I/O Write Time":0.0,"Temp I/O Read Time":62.396,"Temp I/O Write Time":193.229,"Plans":[{"Node Type":"Nested Loop","Parent Relationship":"Outer","Parallel Aware":false,"Async Capable":false,"Join Type":"Inner","Startup Cost":397949.1,"Total Cost":1307655.91,"Plan Rows":256611,"Plan Width":61,"Actual Startup Time":1730.204,"Actual Total Time":3726.731,"Actual Rows":1079842,"Actual Loops":1,"Output":["customer.c_id","customer.c_last","customer.c_city","customer.c_phone","nation.n_name","order_line.ol_amount"],"Inner Unique":true,"Shared Hit Blocks":72,"Shared Read Blocks":0,"Shared Dirtied Blocks":0,"Shared Written Blocks":0,"Local Hit Blocks":0,"Local Read Blocks":0,"Local Dirtied Blocks":0,"Local Written Blocks":0,"Temp Read Blocks":22036,"Temp Written Blocks":22036,"I/O Read Time":0.0,"I/O Write Time":0.0,"Temp I/O Read Time":35.042,"Temp I/O Write Time":143.879,"Plans":[{"Node Type":"Hash Join","Parent Relationship":"Outer","Parallel Aware":false,"Async Capable":false,"Join Type":"Inner","Startup Cost":397948.95,"Total Cost":1301294.93,"Plan Rows":256611,"Plan Width":57,"Actual Startup Time":1730.177,"Actual Total Time":3365.224,"Actual Rows":1079842,"Actual Loops":1,"Output":["customer.c_id","customer.c_last","customer.c_city","customer.c_phone","customer.c_nationkey","order_line.ol_amount"],"Inner Unique":true,"Hash Cond":"((orders.o_c_id = customer.c_id) AND (orders.o_w_id = customer.c_w_id) AND (orders.o_d_id = customer.c_d_id))","Shared Hit Blocks":0,"Shared Read Blocks":0,"Shared Dirtied Blocks":0,"Shared Written Blocks":0,"Local Hit Blocks":0,"Local Read Blocks":0,"Local Dirtied Blocks":0,"Local Written Blocks":0,"Temp Read Blocks":22036,"Temp Written Blocks":22036,"I/O Read Time":0.0,"I/O Write Time":0.0,"Temp I/O Read Time":35.042,"Temp I/O Write Time":143.879,"Plans":[{"Node Type":"Hash Join","Parent Relationship":"Outer","Parallel Aware":false,"Async Capable":false,"Join Type":"Inner","Startup Cost":58718.36,"Total Cost":925313.53,"Plan Rows":256611,"Plan Width":16,"Actual Startup Time":94.781,"Actual Total Time":780.04,"Actual Rows":1079842,"Actual Loops":1,"Output":["orders.o_c_id","orders.o_w_id","orders.o_d_id","order_line.ol_amount","order_line.ol_w_id","order_line.ol_d_id"],"Inner Unique":true,"Hash Cond":"((order_line.ol_w_id = orders.o_w_id) AND (order_line.ol_d_id = orders.o_d_id) AND (order_line.ol_o_id = orders.o_id))","Join Filter":"(orders.o_entry_d <= order_line.ol_delivery_d)","Rows Removed by Join Filter":0,"Shared Hit Blocks":0,"Shared Read Blocks":0,"Shared Dirtied Blocks":0,"Shared Written Blocks":0,"Local Hit Blocks":0,"Local Read Blocks":0,"Local Dirtied Blocks":0,"Local Written Blocks":0,"Temp Read Blocks":0,"Temp Written Blocks":0,"I/O Read Time":0.0,"I/O Write Time":0.0,"Temp I/O Read Time":0.0,"Temp I/O Write Time":0.0,"Plans":[{"Node Type":"Append","Parent Relationship":"Outer","Parallel Aware":false,"Async Capable":false,"Startup Cost":20.0,"Total Cost":701820.0,"Plan Rows":20926367,"Plan Width":24,"Actual Startup Time":4.271,"Actual Total Time":414.543,"Actual Rows":1110056,"Actual Loops":1,"Shared Hit Blocks":0,"Shared Read Blocks":0,"Shared Dirtied Blocks":0,"Shared Written Blocks":0,"Local Hit Blocks":0,"Local Read Blocks":0,"Local Dirtied Blocks":0,"Local Written Blocks":0,"Temp Read Blocks":0,"Temp Written Blocks":0,"I/O Read Time":0.0,"I/O Write Time":0.0,"Temp I/O Read Time":0.0,"Temp I/O Write Time":0.0,"Subplans Removed":0,"Plans":[{"Node Type":"Custom Scan","Parent Relationship":"Member","Custom Plan Provider":"columnar scan","Parallel Aware":false,"Async Capable":false,"Relation Name":"order_line","Schema":"public","Alias":"order_line","Startup Cost":20.0,"Total Cost":533641.75,"Plan Rows":20926325,"Plan Width":24,"Actual Startup Time":4.269,"Actual Total Time":333.949,"Actual Rows":1110056,"Actual Loops":1,"Output":["order_line.ol_amount","order_line.ol_w_id","order_line.ol_d_id","order_line.ol_o_id","order_line.ol_delivery_d"],"Filter":"(order_line.ol_delivery_d >= '1992-01-02 20:10:02.27764'::timestamp without time zone)","Rows Removed by Filter":0,"Rows Removed by Columnar Filter":28887676,"Rows Filtered by Bloom Filter":0,"Dictionary Rows Filtered by Bloom Filter":28887676,"Columnar cache search mode":"native","Shared Hit Blocks":0,"Shared Read Blocks":0,"Shared Dirtied Blocks":0,"Shared Written Blocks":0,"Local Hit Blocks":0,"Local Read Blocks":0,"Local Dirtied Blocks":0,"Local Written Blocks":0,"Temp Read Blocks":0,"Temp Written Blocks":0,"I/O Read Time":0.0,"I/O Write Time":0.0,"Temp I/O Read Time":0.0,"Temp I/O Write Time":0.0},{"Node Type":"Seq Scan","Parent Relationship":"Member","Parallel Aware":false,"Async Capable":false,"Relation Name":"order_line","Schema":"public","Alias":"order_line","Startup Cost":0.0,"Total Cost":4.75,"Plan Rows":42,"Plan Width":24,"Actual Startup Time":0.0,"Actual Total Time":0.0,"Actual Rows":0,"Actual Loops":0,"Output":["order_line.ol_amount","order_line.ol_w_id","order_line.ol_d_id","order_line.ol_o_id","order_line.ol_delivery_d"],"Filter":"(order_line.ol_delivery_d >= '1992-01-02 20:10:02.27764'::timestamp without time zone)","Rows Removed by Filter":0,"Shared Hit Blocks":0,"Shared Read Blocks":0,"Shared Dirtied Blocks":0,"Shared Written Blocks":0,"Local Hit Blocks":0,"Local Read Blocks":0,"Local Dirtied Blocks":0,"Local Written Blocks":0,"Temp Read Blocks":0,"Temp Written Blocks":0,"I/O Read Time":0.0,"I/O Write Time":0.0,"Temp I/O Read Time":0.0,"Temp I/O Write Time":0.0}]},{"Node Type":"Hash","Parent Relationship":"Inner","Parallel Aware":false,"Async Capable":false,"Startup Cost":56766.99,"Total Cost":56766.99,"Plan Rows":110364,"Plan Width":24,"Actual Startup Time":89.514,"Actual Total Time":89.516,"Actual Rows":107979,"Actual Loops":1,"Output":["orders.o_c_id","orders.o_w_id","orders.o_d_id","orders.o_id","orders.o_entry_d"],"Hash Buckets":131072,"Original Hash Buckets":131072,"Hash Batches":1,"Original Hash Batches":1,"Peak Memory Usage":6930,"Shared Hit Blocks":0,"Shared Read Blocks":0,"Shared Dirtied Blocks":0,"Shared Written Blocks":0,"Local Hit Blocks":0,"Local Read Blocks":0,"Local Dirtied Blocks":0,"Local Written Blocks":0,"Temp Read Blocks":0,"Temp Written Blocks":0,"I/O Read Time":0.0,"I/O Write Time":0.0,"Temp I/O Read Time":0.0,"Temp I/O Write Time":0.0,"Plans":[{"Node Type":"Append","Parent Relationship":"Outer","Parallel Aware":false,"Async Capable":false,"Startup Cost":20.0,"Total Cost":56766.99,"Plan Rows":110364,"Plan Width":24,"Actual Startup Time":0.583,"Actual Total Time":47.63,"Actual Rows":107979,"Actual Loops":1,"Shared Hit Blocks":0,"Shared Read Blocks":0,"Shared Dirtied Blocks":0,"Shared Written Blocks":0,"Local Hit Blocks":0,"Local Read Blocks":0,"Local Dirtied Blocks":0,"Local Written Blocks":0,"Temp Read Blocks":0,"Temp Written Blocks":0,"I/O Read Time":0.0,"I/O Write Time":0.0,"Temp I/O Read Time":0.0,"Temp I/O Write Time":0.0,"Subplans Removed":0,"Plans":[{"Node Type":"Custom Scan","Parent Relationship":"Member","Custom Plan Provider":"columnar scan","Parallel Aware":false,"Async Capable":false,"Relation Name":"orders","Schema":"public","Alias":"orders","Startup Cost":20.0,"Total Cost":2834.33,"Plan Rows":110363,"Plan Width":24,"Actual Startup Time":0.581,"Actual Total Time":35.239,"Actual Rows":107979,"Actual Loops":1,"Output":["orders.o_c_id","orders.o_w_id","orders.o_d_id","orders.o_id","orders.o_entry_d"],"Filter":"((orders.o_entry_d < '1993-10-02 20:10:02.27764'::timestamp without time zone) AND (orders.o_entry_d >= '1993-07-02 20:10:02.27764'::timestamp without time zone))","Rows Removed by Filter":0,"Rows Removed by Columnar Filter":2892021,"Columnar cache search mode":"native","Shared Hit Blocks":0,"Shared Read Blocks":0,"Shared Dirtied Blocks":0,"Shared Written Blocks":0,"Local Hit Blocks":0,"Local Read Blocks":0,"Local Dirtied Blocks":0,"Local Written Blocks":0,"Temp Read Blocks":0,"Temp Written Blocks":0,"I/O Read Time":0.0,"I/O Write Time":0.0,"Temp I/O Read Time":0.0,"Temp I/O Write Time":0.0},{"Node Type":"Seq Scan","Parent Relationship":"Member","Parallel Aware":false,"Async Capable":false,"Relation Name":"orders","Schema":"public","Alias":"orders","Startup Cost":0.0,"Total Cost":4.01,"Plan Rows":1,"Plan Width":24,"Actual Startup Time":0.0,"Actual Total Time":0.0,"Actual Rows":0,"Actual Loops":0,"Output":["orders.o_c_id","orders.o_w_id","orders.o_d_id","orders.o_id","orders.o_entry_d"],"Filter":"((orders.o_entry_d < '1993-10-02 20:10:02.27764'::timestamp without time zone) AND (orders.o_entry_d >= '1993-07-02 20:10:02.27764'::timestamp without time zone))","Rows Removed by Filter":0,"Shared Hit Blocks":0,"Shared Read Blocks":0,"Shared Dirtied Blocks":0,"Shared Written Blocks":0,"Local Hit Blocks":0,"Local Read Blocks":0,"Local Dirtied Blocks":0,"Local Written Blocks":0,"Temp Read Blocks":0,"Temp Written Blocks":0,"I/O Read Time":0.0,"I/O Write Time":0.0,"Temp I/O Read Time":0.0,"Temp I/O Write Time":0.0}]}]}]},{"Node Type":"Hash","Parent Relationship":"Inner","Parallel Aware":false,"Async Capable":false,"Startup Cost":254511.16,"Total Cost":254511.16,"Plan Rows":2999739,"Plan Width":57,"Actual Startup Time":1633.358,"Actual Total Time":1633.359,"Actual Rows":3000000,"Actual Loops":1,"Output":["customer.c_id","customer.c_last","customer.c_city","customer.c_phone","customer.c_w_id","customer.c_d_id","customer.c_nationkey"],"Hash Buckets":65536,"Original Hash Buckets":65536,"Hash Batches":64,"Original Hash Batches":64,"Peak Memory Usage":3444,"Shared Hit Blocks":0,"Shared Read Blocks":0,"Shared Dirtied Blocks":0,"Shared Written Blocks":0,"Local Hit Blocks":0,"Local Read Blocks":0,"Local Dirtied Blocks":0,"Local Written Blocks":0,"Temp Read Blocks":0,"Temp Written Blocks":17271,"I/O Read Time":0.0,"I/O Write Time":0.0,"Temp I/O Read Time":0.0,"Temp I/O Write Time":120.889,"Plans":[{"Node Type":"Append","Parent Relationship":"Outer","Parallel Aware":false,"Async Capable":false,"Startup Cost":20.0,"Total Cost":254511.16,"Plan Rows":2999739,"Plan Width":57,"Actual Startup Time":0.016,"Actual Total Time":792.432,"Actual Rows":3000000,"Actual Loops":1,"Shared Hit Blocks":0,"Shared Read Blocks":0,"Shared Dirtied Blocks":0,"Shared Written Blocks":0,"Local Hit Blocks":0,"Local Read Blocks":0,"Local Dirtied Blocks":0,"Local Written Blocks":0,"Temp Read Blocks":0,"Temp Written Blocks":0,"I/O Read Time":0.0,"I/O Write Time":0.0,"Temp I/O Read Time":0.0,"Temp I/O Write Time":0.0,"Subplans Removed":0,"Plans":[{"Node Type":"Custom Scan","Parent Relationship":"Member","Custom Plan Provider":"columnar scan","Parallel Aware":false,"Async Capable":false,"Relation Name":"customer","Schema":"public","Alias":"customer","Startup Cost":20.0,"Total Cost":101711.15,"Plan Rows":2999738,"Plan Width":57,"Actual Startup Time":0.015,"Actual Total Time":495.291,"Actual Rows":3000000,"Actual Loops":1,"Output":["customer.c_id","customer.c_last","customer.c_city","customer.c_phone","customer.c_w_id","customer.c_d_id","customer.c_nationkey"],"Rows Removed by Columnar Filter":0,"Columnar projection mode":"late materialization","Columnar cache search mode":"native","Shared Hit Blocks":0,"Shared Read Blocks":0,"Shared Dirtied Blocks":0,"Shared Written Blocks":0,"Local Hit Blocks":0,"Local Read Blocks":0,"Local Dirtied Blocks":0,"Local Written Blocks":0,"Temp Read Blocks":0,"Temp Written Blocks":0,"I/O Read Time":0.0,"I/O Write Time":0.0,"Temp I/O Read Time":0.0,"Temp I/O Write Time":0.0},{"Node Type":"Seq Scan","Parent Relationship":"Member","Parallel Aware":false,"Async Capable":false,"Relation Name":"customer","Schema":"public","Alias":"customer","Startup Cost":0.0,"Total Cost":4.01,"Plan Rows":1,"Plan Width":57,"Actual Startup Time":0.0,"Actual Total Time":0.0,"Actual Rows":0,"Actual Loops":0,"Output":["customer.c_id","customer.c_last","customer.c_city","customer.c_phone","customer.c_w_id","customer.c_d_id","customer.c_nationkey"],"Shared Hit Blocks":0,"Shared Read Blocks":0,"Shared Dirtied Blocks":0,"Shared Written Blocks":0,"Local Hit Blocks":0,"Local Read Blocks":0,"Local Dirtied Blocks":0,"Local Written Blocks":0,"Temp Read Blocks":0,"Temp Written Blocks":0,"I/O Read Time":0.0,"I/O Write Time":0.0,"Temp I/O Read Time":0.0,"Temp I/O Write Time":0.0}]}]}]},{"Node Type":"Memoize","Parent Relationship":"Inner","Parallel Aware":false,"Async Capable":false,"Startup Cost":0.15,"Total Cost":0.17,"Plan Rows":1,"Plan Width":12,"Actual Startup Time":0.0,"Actual Total Time":0.0,"Actual Rows":1,"Actual Loops":1079842,"Output":["nation.n_name","nation.n_nationkey"],"Cache Key":"customer.c_nationkey","Cache Mode":"logical","Cache Hits":1079806,"Cache Misses":36,"Cache Evictions":0,"Cache Overflows":0,"Peak Memory Usage":4,"Shared Hit Blocks":72,"Shared Read Blocks":0,"Shared Dirtied Blocks":0,"Shared Written Blocks":0,"Local Hit Blocks":0,"Local Read Blocks":0,"Local Dirtied Blocks":0,"Local Written Blocks":0,"Temp Read Blocks":0,"Temp Written Blocks":0,"I/O Read Time":0.0,"I/O Write Time":0.0,"Temp I/O Read Time":0.0,"Temp I/O Write Time":0.0,"Plans":[{"Node Type":"Index Scan","Parent Relationship":"Outer","Parallel Aware":false,"Async Capable":false,"Scan Direction":"Forward","Index Name":"nation_pk","Relation Name":"nation","Schema":"public","Alias":"nation","Startup Cost":0.14,"Total Cost":0.16,"Plan Rows":1,"Plan Width":12,"Actual Startup Time":0.002,"Actual Total Time":0.002,"Actual Rows":1,"Actual Loops":36,"Output":["nation.n_name","nation.n_nationkey"],"Index Cond":"(nation.n_nationkey = customer.c_nationkey)","Rows Removed by Index Recheck":0,"Shared Hit Blocks":72,"Shared Read Blocks":0,"Shared Dirtied Blocks":0,"Shared Written Blocks":0,"Local Hit Blocks":0,"Local Read Blocks":0,"Local Dirtied Blocks":0,"Local Written Blocks":0,"Temp Read Blocks":0,"Temp Written Blocks":0,"I/O Read Time":0.0,"I/O Write Time":0.0,"Temp I/O Read Time":0.0,"Temp I/O Write Time":0.0}]}]}]}]}]}]},"Planning":{"Shared Hit Blocks":4,"Shared Read Blocks":0,"Shared Dirtied Blocks":0,"Shared Written Blocks":0,"Local Hit Blocks":0,"Local Read Blocks":0,"Local Dirtied Blocks":0,"Local Written Blocks":0,"Temp Read Blocks":0,"Temp Written Blocks":0,"I/O Read Time":0.0,"I/O Write Time":0.0,"Temp I/O Read Time":0.0,"Temp I/O Write Time":0.0},"Planning Time":2.31,"Triggers":[],"Execution Time":5123.77}]
[列存组合]: nation, order_line, orders
[{"Plan":{"Node Type":"Limit","Parallel Aware":false,"Async Capable":false,"Startup Cost":1367219.15,"Total Cost":1367221.65,"Plan Rows":1000,"Plan Width":89,"Actual Startup Time":4884.336,"Actual Total Time":4884.442,"Actual Rows":1000,"Actual Loops":1,"Output":["customer.c_id","customer.c_last","(sum(order_line.ol_amount))","customer.c_city","customer.c_phone","nation.n_name"],"Shared Hit Blocks":229676,"Shared Read Blocks":0,"Shared Dirtied Blocks":0,"Shared Written Blocks":0,"Local Hit Blocks":0,"Local Read Blocks":0,"Local Dirtied Blocks":0,"Local Written Blocks":0,"Temp Read Blocks":52228,"Temp Written Blocks":52262,"I/O Read Time":0.0,"I/O Write Time":0.0,"Temp I/O Read Time":79.259,"Temp I/O Write Time":205.928,"Plans":[{"Node Type":"Sort","Parent Relationship":"Outer","Parallel Aware":false,"Async Capable":false,"Startup Cost":1367219.15,"Total Cost":1367860.68,"Plan Rows":256611,"Plan Width":89,"Actual Startup Time":4884.334,"Actual Total Time":4884.376,"Actual Rows":1000,"Actual Loops":1,"Output":["customer.c_id","customer.c_last","(sum(order_line.ol_amount))","customer.c_city","customer.c_phone","nation.n_name"],"Sort Key":["(sum(order_line.ol_amount)) DESC"],"Sort Method":"top-N heapsort","Sort Space Used":189,"Sort Space Type":"Memory","Shared Hit Blocks":229676,"Shared Read Blocks":0,"Shared Dirtied Blocks":0,"Shared Written Blocks":0,"Local Hit Blocks":0,"Local Read Blocks":0,"Local Dirtied Blocks":0,"Local Written Blocks":0,"Temp Read Blocks":52228,"Temp Written Blocks":52262,"I/O Read Time":0.0,"I/O Write Time":0.0,"Temp I/O Read Time":79.259,"Temp I/O Write Time":205.928,"Plans":[{"Node Type":"Aggregate","Strategy":"Sorted","Partial Mode":"Simple","Parent Relationship":"Outer","Parallel Aware":false,"Async Capable":false,"Startup Cost":1345451.11,"Total Cost":1353149.44,"Plan Rows":256611,"Plan Width":89,"Actual Startup Time":4309.582,"Actual Total Time":4859.367,"Actual Rows":107979,"Actual Loops":1,"Output":["customer.c_id","customer.c_last","sum(order_line.ol_amount)","customer.c_city","customer.c_phone","nation.n_name"],"Group Key":["customer.c_id","customer.c_last","customer.c_city","customer.c_phone","nation.n_name"],"Shared Hit Blocks":229676,"Shared Read Blocks":0,"Shared Dirtied Blocks":0,"Shared Written Blocks":0,"Local Hit Blocks":0,"Local Read Blocks":0,"Local Dirtied Blocks":0,"Local Written Blocks":0,"Temp Read Blocks":52228,"Temp Written Blocks":52262,"I/O Read Time":0.0,"I/O Write Time":0.0,"Temp I/O Read Time":79.259,"Temp I/O Write Time":205.928,"Plans":[{"Node Type":"Sort","Parent Relationship":"Outer","Parallel Aware":false,"Async Capable":false,"Startup Cost":1345451.11,"Total Cost":1346092.64,"Plan Rows":256611,"Plan Width":61,"Actual Startup Time":4309.561,"Actual Total Time":4568.567,"Actual Rows":1079842,"Actual Loops":1,"Output":["customer.c_id","customer.c_last","customer.c_city","customer.c_phone","nation.n_name","order_line.ol_amount"],"Sort Key":["customer.c_id","customer.c_last","customer.c_city","customer.c_phone","nation.n_name"],"Sort Method":"external merge","Sort Space Used":75256,"Sort Space Type":"Disk","Shared Hit Blocks":229676,"Shared Read Blocks":0,"Shared Dirtied Blocks":0,"Shared Written Blocks":0,"Local Hit Blocks":0,"Local Read Blocks":0,"Local Dirtied Blocks":0,"Local Written Blocks":0,"Temp Read Blocks":52228,"Temp Written Blocks":52262,"I/O Read Time":0.0,"I/O Write Time":0.0,"Temp I/O Read Time":79.259,"Temp I/O Write Time":205.928,"Plans":[{"Node Type":"Nested Loop","Parent Relationship":"Outer","Parallel Aware":false,"Async Capable":false,"Join Type":"Inner","Startup Cost":403039.31,"Total Cost":1312746.11,"Plan Rows":256611,"Plan Width":61,"Actual Startup Time":1725.609,"Actual Total Time":3527.481,"Actual Rows":1079842,"Actual Loops":1,"Output":["customer.c_id","customer.c_last","customer.c_city","customer.c_phone","nation.n_name","order_line.ol_amount"],"Inner Unique":true,"Shared Hit Blocks":229676,"Shared Read Blocks":0,"Shared Dirtied Blocks":0,"Shared Written Blocks":0,"Local Hit Blocks":0,"Local Read Blocks":0,"Local Dirtied Blocks":0,"Local Written Blocks":0,"Temp Read Blocks":33421,"Temp Written Blocks":33421,"I/O Read Time":0.0,"I/O Write Time":0.0,"Temp I/O Read Time":52.091,"Temp I/O Write Time":156.901,"Plans":[{"Node Type":"Hash Join","Parent Relationship":"Outer","Parallel Aware":false,"Async Capable":false,"Join Type":"Inner","Startup Cost":403039.16,"Total Cost":1306385.14,"Plan Rows":256611,"Plan Width":57,"Actual Startup Time":1725.578,"Actual Total Time":3178.743,"Actual Rows":1079842,"Actual Loops":1,"Output":["customer.c_id","customer.c_last","customer.c_city","customer.c_phone","customer.c_nationkey","order_line.ol_amount"],"Inner Unique":true,"Hash Cond":"((orders.o_c_id = customer.c_id) AND (orders.o_w_id = customer.c_w_id) AND (orders.o_d_id = customer.c_d_id))","Shared Hit Blocks":229604,"Shared Read Blocks":0,"Shared Dirtied Blocks":0,"Shared Written Blocks":0,"Local Hit Blocks":0,"Local Read Blocks":0,"Local Dirtied Blocks":0,"Local Written Blocks":0,"Temp Read Blocks":33421,"Temp Written Blocks":33421,"I/O Read Time":0.0,"I/O Write Time":0.0,"Temp I/O Read Time":52.091,"Temp I/O Write Time":156.901,"Plans":[{"Node Type":"Hash Join","Parent Relationship":"Outer","Parallel Aware":false,"Async Capable":false,"Join Type":"Inner","Startup Cost":58718.36,"Total Cost":925313.53,"Plan Rows":256611,"Plan Width":16,"Actual Startup Time":63.894,"Actual Total Time":751.487,"Actual Rows":1079842,"Actual Loops":1,"Output":["orders.o_c_id","orders.o_w_id","orders.o_d_id","order_line.ol_amount","order_line.ol_w_id","order_line.ol_d_id"],"Inner Unique":true,"Hash Cond":"((order_line.ol_w_id = orders.o_w_id) AND (order_line.ol_d_id = orders.o_d_id) AND (order_line.ol_o_id = orders.o_id))","Join Filter":"(orders.o_entry_d <= order_line.ol_delivery_d)","Rows Removed by Join Filter":0,"Shared Hit Blocks":0,"Shared Read Blocks":0,"Shared Dirtied Blocks":0,"Shared Written Blocks":0,"Local Hit Blocks":0,"Local Read Blocks":0,"Local Dirtied Blocks":0,"Local Written Blocks":0,"Temp Read Blocks":0,"Temp Written Blocks":0,"I/O Read Time":0.0,"I/O Write Time":0.0,"Temp I/O Read Time":0.0,"Temp I/O Write Time":0.0,"Plans":[{"Node Type":"Append","Parent Relationship":"Outer","Parallel Aware":false,"Async Capable":false,"Startup Cost":20.0,"Total Cost":701820.0,"Plan Rows":20926367,"Plan Width":24,"Actual Startup Time":2.819,"Actual Total Time":415.486,"Actual Rows":1110056,"Actual Loops":1,"Shared Hit Blocks":0,"Shared Read Blocks":0,"Shared Dirtied Blocks":0,"Shared Written Blocks":0,"Local Hit Blocks":0,"Local Read Blocks":0,"Local Dirtied Blocks":0,"Local Written Blocks":0,"Temp Read Blocks":0,"Temp Written Blocks":0,"I/O Read Time":0.0,"I/O Write Time":0.0,"Temp I/O Read Time":0.0,"Temp I/O Write Time":0.0,"Subplans Removed":0,"Plans":[{"Node Type":"Custom Scan","Parent Relationship":"Member","Custom Plan Provider":"columnar scan","Parallel Aware":false,"Async Capable":false,"Relation Name":"order_line","Schema":"public","Alias":"order_line","Startup Cost":20.0,"Total Cost":533641.75,"Plan Rows":20926325,"Plan Width":24,"Actual Startup Time":2.818,"Actual Total Time":333.305,"Actual Rows":1110056,"Actual Loops":1,"Output":["order_line.ol_amount","order_line.ol_w_id","order_line.ol_d_id","order_line.ol_o_id","order_line.ol_delivery_d"],"Filter":"(order_line.ol_delivery_d >= '1992-01-02 20:10:02.27764'::timestamp without time zone)","Rows Removed by Filter":0,"Rows Removed by Columnar Filter":28887676,"Rows Filtered by Bloom Filter":0,"Dictionary Rows Filtered by Bloom Filter":28887676,"Columnar cache search mode":"native","Shared Hit Blocks":0,"Shared Read Blocks":0,"Shared Dirtied Blocks":0,"Shared Written Blocks":0,"Local Hit Blocks":0,"Local Read Blocks":0,"Local Dirtied Blocks":0,"Local Written Blocks":0,"Temp Read Blocks":0,"Temp Written Blocks":0,"I/O Read Time":0.0,"I/O Write Time":0.0,"Temp I/O Read Time":0.0,"Temp I/O Write Time":0.0},{"Node Type":"Seq Scan","Parent Relationship":"Member","Parallel Aware":false,"Async Capable":false,"Relation Name":"order_line","Schema":"public","Alias":"order_line","Startup Cost":0.0,"Total Cost":4.75,"Plan Rows":42,"Plan Width":24,"Actual Startup Time":0.0,"Actual Total Time":0.0,"Actual Rows":0,"Actual Loops":0,"Output":["order_line.ol_amount","order_line.ol_w_id","order_line.ol_d_id","order_line.ol_o_id","order_line.ol_delivery_d"],"Filter":"(order_line.ol_delivery_d >= '1992-01-02 20:10:02.27764'::timestamp without time zone)","Rows Removed by Filter":0,"Shared Hit Blocks":0,"Shared Read Blocks":0,"Shared Dirtied Blocks":0,"Shared Written Blocks":0,"Local Hit Blocks":0,"Local Read Blocks":0,"Local Dirtied Blocks":0,"Local Written Blocks":0,"Temp Read Blocks":0,"Temp Written Blocks":0,"I/O Read Time":0.0,"I/O Write Time":0.0,"Temp I/O Read Time":0.0,"Temp I/O Write Time":0.0}]},{"Node Type":"Hash","Parent Relationship":"Inner","Parallel Aware":false,"Async Capable":false,"Startup Cost":56766.99,"Total Cost":56766.99,"Plan Rows":110364,"Plan Width":24,"Actual Startup Time":60.563,"Actual Total Time":60.565,"Actual Rows":107979,"Actual Loops":1,"Output":["orders.o_c_id","orders.o_w_id","orders.o_d_id","orders.o_id","orders.o_entry_d"],"Hash Buckets":131072,"Original Hash Buckets":131072,"Hash Batches":1,"Original Hash Batches":1,"Peak Memory Usage":6930,"Shared Hit Blocks":0,"Shared Read Blocks":0,"Shared Dirtied Blocks":0,"Shared Written Blocks":0,"Local Hit Blocks":0,"Local Read Blocks":0,"Local Dirtied Blocks":0,"Local Written Blocks":0,"Temp Read Blocks":0,"Temp Written Blocks":0,"I/O Read Time":0.0,"I/O Write Time":0.0,"Temp I/O Read Time":0.0,"Temp I/O Write Time":0.0,"Plans":[{"Node Type":"Append","Parent Relationship":"Outer","Parallel Aware":false,"Async Capable":false,"Startup Cost":20.0,"Total Cost":56766.99,"Plan Rows":110364,"Plan Width":24,"Actual Startup Time":0.538,"Actual Total Time":32.754,"Actual Rows":107979,"Actual Loops":1,"Shared Hit Blocks":0,"Shared Read Blocks":0,"Shared Dirtied Blocks":0,"Shared Written Blocks":0,"Local Hit Blocks":0,"Local Read Blocks":0,"Local Dirtied Blocks":0,"Local Written Blocks":0,"Temp Read Blocks":0,"Temp Written Blocks":0,"I/O Read Time":0.0,"I/O Write Time":0.0,"Temp I/O Read Time":0.0,"Temp I/O Write Time":0.0,"Subplans Removed":0,"Plans":[{"Node Type":"Custom Scan","Parent Relationship":"Member","Custom Plan Provider":"columnar scan","Parallel Aware":false,"Async Capable":false,"Relation Name":"orders","Schema":"public","Alias":"orders","Startup Cost":20.0,"Total Cost":2834.33,"Plan Rows":110363,"Plan Width":24,"Actual Startup Time":0.536,"Actual Total Time":24.705,"Actual Rows":107979,"Actual Loops":1,"Output":["orders.o_c_id","orders.o_w_id","orders.o_d_id","orders.o_id","orders.o_entry_d"],"Filter":"((orders.o_entry_d < '1993-10-02 20:10:02.27764'::timestamp without time zone) AND (orders.o_entry_d >= '1993-07-02 20:10:02.27764'::timestamp without time zone))","Rows Removed by Filter":0,"Rows Removed by Columnar Filter":2892021,"Columnar cache search mode":"native","Shared Hit Blocks":0,"Shared Read Blocks":0,"Shared Dirtied Blocks":0,"Shared Written Blocks":0,"Local Hit Blocks":0,"Local Read Blocks":0,"Local Dirtied Blocks":0,"Local Written Blocks":0,"Temp Read Blocks":0,"Temp Written Blocks":0,"I/O Read Time":0.0,"I/O Write Time":0.0,"Temp I/O Read Time":0.0,"Temp I/O Write Time":0.0},{"Node Type":"Seq Scan","Parent Relationship":"Member","Parallel Aware":false,"Async Capable":false,"Relation Name":"orders","Schema":"public","Alias":"orders","Startup Cost":0.0,"Total Cost":4.01,"Plan Rows":1,"Plan Width":24,"Actual Startup Time":0.0,"Actual Total Time":0.0,"Actual Rows":0,"Actual Loops":0,"Output":["orders.o_c_id","orders.o_w_id","orders.o_d_id","orders.o_id","orders.o_entry_d"],"Filter":"((orders.o_entry_d < '1993-10-02 20:10:02.27764'::timestamp without time zone) AND (orders.o_entry_d >= '1993-07-02 20:10:02.27764'::timestamp without time zone))","Rows Removed by Filter":0,"Shared Hit Blocks":0,"Shared Read Blocks":0,"Shared Dirtied Blocks":0,"Shared Written Blocks":0,"Local Hit Blocks":0,"Local Read Blocks":0,"Local Dirtied Blocks":0,"Local Written Blocks":0,"Temp Read Blocks":0,"Temp Written Blocks":0,"I/O Read Time":0.0,"I/O Write Time":0.0,"Temp I/O Read Time":0.0,"Temp I/O Write Time":0.0}]}]}]},{"Node Type":"Hash","Parent Relationship":"Inner","Parallel Aware":false,"Async Capable":false,"Startup Cost":259601.38,"Total Cost":259601.38,"Plan Rows":2999738,"Plan Width":57,"Actual Startup Time":1660.478,"Actual Total Time":1660.479,"Actual Rows":3000000,"Actual Loops":1,"Output":["customer.c_id","customer.c_last","customer.c_city","customer.c_phone","customer.c_w_id","customer.c_d_id","customer.c_nationkey"],"Hash Buckets":131072,"Original Hash Buckets":131072,"Hash Batches":64,"Original Hash Batches":64,"Peak Memory Usage":5226,"Shared Hit Blocks":229604,"Shared Read Blocks":0,"Shared Dirtied Blocks":0,"Shared Written Blocks":0,"Local Hit Blocks":0,"Local Read Blocks":0,"Local Dirtied Blocks":0,"Local Written Blocks":0,"Temp Read Blocks":0,"Temp Written Blocks":28654,"I/O Read Time":0.0,"I/O Write Time":0.0,"Temp I/O Read Time":0.0,"Temp I/O Write Time":133.978,"Plans":[{"Node Type":"Seq Scan","Parent Relationship":"Outer","Parallel Aware":false,"Async Capable":false,"Relation Name":"customer","Schema":"public","Alias":"customer","Startup Cost":0.0,"Total Cost":259601.38,"Plan Rows":2999738,"Plan Width":57,"Actual Startup Time":0.012,"Actual Total Time":958.515,"Actual Rows":3000000,"Actual Loops":1,"Output":["customer.c_id","customer.c_last","customer.c_city","customer.c_phone","customer.c_w_id","customer.c_d_id","customer.c_nationkey"],"Shared Hit Blocks":229604,"Shared Read Blocks":0,"Shared Dirtied Blocks":0,"Shared Written Blocks":0,"Local Hit Blocks":0,"Local Read Blocks":0,"Local Dirtied Blocks":0,"Local Written Blocks":0,"Temp Read Blocks":0,"Temp Written Blocks":0,"I/O Read Time":0.0,"I/O Write Time":0.0,"Temp I/O Read Time":0.0,"Temp I/O Write Time":0.0}]}]},{"Node Type":"Memoize","Parent Relationship":"Inner","Parallel Aware":false,"Async Capable":false,"Startup Cost":0.15,"Total Cost":0.17,"Plan Rows":1,"Plan Width":12,"Actual Startup Time":0.0,"Actual Total Time":0.0,"Actual Rows":1,"Actual Loops":1079842,"Output":["nation.n_name","nation.n_nationkey"],"Cache Key":"customer.c_nationkey","Cache Mode":"logical","Cache Hits":1079806,"Cache Misses":36,"Cache Evictions":0,"Cache Overflows":0,"Peak Memory Usage":4,"Shared Hit Blocks":72,"Shared Read Blocks":0,"Shared Dirtied Blocks":0,"Shared Written Blocks":0,"Local Hit Blocks":0,"Local Read Blocks":0,"Local Dirtied Blocks":0,"Local Written Blocks":0,"Temp Read Blocks":0,"Temp Written Blocks":0,"I/O Read Time":0.0,"I/O Write Time":0.0,"Temp I/O Read Time":0.0,"Temp I/O Write Time":0.0,"Plans":[{"Node Type":"Index Scan","Parent Relationship":"Outer","Parallel Aware":false,"Async Capable":false,"Scan Direction":"Forward","Index Name":"nation_pk","Relation Name":"nation","Schema":"public","Alias":"nation","Startup Cost":0.14,"Total Cost":0.16,"Plan Rows":1,"Plan Width":12,"Actual Startup Time":0.002,"Actual Total Time":0.002,"Actual Rows":1,"Actual Loops":36,"Output":["nation.n_name","nation.n_nationkey"],"Index Cond":"(nation.n_nationkey = customer.c_nationkey)","Rows Removed by Index Recheck":0,"Shared Hit Blocks":72,"Shared Read Blocks":0,"Shared Dirtied Blocks":0,"Shared Written Blocks":0,"Local Hit Blocks":0,"Local Read Blocks":0,"Local Dirtied Blocks":0,"Local Written Blocks":0,"Temp Read Blocks":0,"Temp Written Blocks":0,"I/O Read Time":0.0,"I/O Write Time":0.0,"Temp I/O Read Time":0.0,"Temp I/O Write Time":0.0}]}]}]}]}]}]},"Planning":{"Shared Hit Blocks":4,"Shared Read Blocks":0,"Shared Dirtied Blocks":0,"Shared Written Blocks":0,"Local Hit Blocks":0,"Local Read Blocks":0,"Local Dirtied Blocks":0,"Local Written Blocks":0,"Temp Read Blocks":0,"Temp Written Blocks":0,"I/O Read Time":0.0,"I/O Write Time":0.0,"Temp I/O Read Time":0.0,"Temp I/O Write Time":0.0},"Planning Time":1.388,"Triggers":[],"Execution Time":4897.203}]
[列存组合]: customer, nation, order_line, orders
[{"Plan":{"Node Type":"Limit","Parallel Aware":false,"Async Capable":false,"Startup Cost":1362128.94,"Total Cost":1362131.44,"Plan Rows":1000,"Plan Width":89,"Actual Startup Time":4832.028,"Actual Total Time":4832.14,"Actual Rows":1000,"Actual Loops":1,"Output":["customer.c_id","customer.c_last","(sum(order_line.ol_amount))","customer.c_city","customer.c_phone","nation.n_name"],"Shared Hit Blocks":72,"Shared Read Blocks":0,"Shared Dirtied Blocks":0,"Shared Written Blocks":0,"Local Hit Blocks":0,"Local Read Blocks":0,"Local Dirtied Blocks":0,"Local Written Blocks":0,"Temp Read Blocks":40840,"Temp Written Blocks":40874,"I/O Read Time":0.0,"I/O Write Time":0.0,"Temp I/O Read Time":62.205,"Temp I/O Write Time":152.168,"Plans":[{"Node Type":"Sort","Parent Relationship":"Outer","Parallel Aware":false,"Async Capable":false,"Startup Cost":1362128.94,"Total Cost":1362770.47,"Plan Rows":256611,"Plan Width":89,"Actual Startup Time":4832.026,"Actual Total Time":4832.071,"Actual Rows":1000,"Actual Loops":1,"Output":["customer.c_id","customer.c_last","(sum(order_line.ol_amount))","customer.c_city","customer.c_phone","nation.n_name"],"Sort Key":["(sum(order_line.ol_amount)) DESC"],"Sort Method":"top-N heapsort","Sort Space Used":189,"Sort Space Type":"Memory","Shared Hit Blocks":72,"Shared Read Blocks":0,"Shared Dirtied Blocks":0,"Shared Written Blocks":0,"Local Hit Blocks":0,"Local Read Blocks":0,"Local Dirtied Blocks":0,"Local Written Blocks":0,"Temp Read Blocks":40840,"Temp Written Blocks":40874,"I/O Read Time":0.0,"I/O Write Time":0.0,"Temp I/O Read Time":62.205,"Temp I/O Write Time":152.168,"Plans":[{"Node Type":"Aggregate","Strategy":"Sorted","Partial Mode":"Simple","Parent Relationship":"Outer","Parallel Aware":false,"Async Capable":false,"Startup Cost":1340360.91,"Total Cost":1348059.24,"Plan Rows":256611,"Plan Width":89,"Actual Startup Time":4258.548,"Actual Total Time":4807.178,"Actual Rows":107979,"Actual Loops":1,"Output":["customer.c_id","customer.c_last","sum(order_line.ol_amount)","customer.c_city","customer.c_phone","nation.n_name"],"Group Key":["customer.c_id","customer.c_last","customer.c_city","customer.c_phone","nation.n_name"],"Shared Hit Blocks":72,"Shared Read Blocks":0,"Shared Dirtied Blocks":0,"Shared Written Blocks":0,"Local Hit Blocks":0,"Local Read Blocks":0,"Local Dirtied Blocks":0,"Local Written Blocks":0,"Temp Read Blocks":40840,"Temp Written Blocks":40874,"I/O Read Time":0.0,"I/O Write Time":0.0,"Temp I/O Read Time":62.205,"Temp I/O Write Time":152.168,"Plans":[{"Node Type":"Sort","Parent Relationship":"Outer","Parallel Aware":false,"Async Capable":false,"Startup Cost":1340360.91,"Total Cost":1341002.44,"Plan Rows":256611,"Plan Width":61,"Actual Startup Time":4258.526,"Actual Total Time":4516.892,"Actual Rows":1079842,"Actual Loops":1,"Output":["customer.c_id","customer.c_last","customer.c_city","customer.c_phone","nation.n_name","order_line.ol_amount"],"Sort Key":["customer.c_id","customer.c_last","customer.c_city","customer.c_phone","nation.n_name"],"Sort Method":"external merge","Sort Space Used":75240,"Sort Space Type":"Disk","Shared Hit Blocks":72,"Shared Read Blocks":0,"Shared Dirtied Blocks":0,"Shared Written Blocks":0,"Local Hit Blocks":0,"Local Read Blocks":0,"Local Dirtied Blocks":0,"Local Written Blocks":0,"Temp Read Blocks":40840,"Temp Written Blocks":40874,"I/O Read Time":0.0,"I/O Write Time":0.0,"Temp I/O Read Time":62.205,"Temp I/O Write Time":152.168,"Plans":[{"Node Type":"Nested Loop","Parent Relationship":"Outer","Parallel Aware":false,"Async Capable":false,"Join Type":"Inner","Startup Cost":397949.1,"Total Cost":1307655.91,"Plan Rows":256611,"Plan Width":61,"Actual Startup Time":1309.687,"Actual Total Time":3426.685,"Actual Rows":1079842,"Actual Loops":1,"Output":["customer.c_id","customer.c_last","customer.c_city","customer.c_phone","nation.n_name","order_line.ol_amount"],"Inner Unique":true,"Shared Hit Blocks":72,"Shared Read Blocks":0,"Shared Dirtied Blocks":0,"Shared Written Blocks":0,"Local Hit Blocks":0,"Local Read Blocks":0,"Local Dirtied Blocks":0,"Local Written Blocks":0,"Temp Read Blocks":22036,"Temp Written Blocks":22036,"I/O Read Time":0.0,"I/O Write Time":0.0,"Temp I/O Read Time":35.437,"Temp I/O Write Time":102.59,"Plans":[{"Node Type":"Hash Join","Parent Relationship":"Outer","Parallel Aware":false,"Async Capable":false,"Join Type":"Inner","Startup Cost":397948.95,"Total Cost":1301294.93,"Plan Rows":256611,"Plan Width":57,"Actual Startup Time":1309.66,"Actual Total Time":3052.177,"Actual Rows":1079842,"Actual Loops":1,"Output":["customer.c_id","customer.c_last","customer.c_city","customer.c_phone","customer.c_nationkey","order_line.ol_amount"],"Inner Unique":true,"Hash Cond":"((orders.o_c_id = customer.c_id) AND (orders.o_w_id = customer.c_w_id) AND (orders.o_d_id = customer.c_d_id))","Shared Hit Blocks":0,"Shared Read Blocks":0,"Shared Dirtied Blocks":0,"Shared Written Blocks":0,"Local Hit Blocks":0,"Local Read Blocks":0,"Local Dirtied Blocks":0,"Local Written Blocks":0,"Temp Read Blocks":22036,"Temp Written Blocks":22036,"I/O Read Time":0.0,"I/O Write Time":0.0,"Temp I/O Read Time":35.437,"Temp I/O Write Time":102.59,"Plans":[{"Node Type":"Hash Join","Parent Relationship":"Outer","Parallel Aware":false,"Async Capable":false,"Join Type":"Inner","Startup Cost":58718.36,"Total Cost":925313.53,"Plan Rows":256611,"Plan Width":16,"Actual Startup Time":67.799,"Actual Total Time":836.224,"Actual Rows":1079842,"Actual Loops":1,"Output":["orders.o_c_id","orders.o_w_id","orders.o_d_id","order_line.ol_amount","order_line.ol_w_id","order_line.ol_d_id"],"Inner Unique":true,"Hash Cond":"((order_line.ol_w_id = orders.o_w_id) AND (order_line.ol_d_id = orders.o_d_id) AND (order_line.ol_o_id = orders.o_id))","Join Filter":"(orders.o_entry_d <= order_line.ol_delivery_d)","Rows Removed by Join Filter":0,"Shared Hit Blocks":0,"Shared Read Blocks":0,"Shared Dirtied Blocks":0,"Shared Written Blocks":0,"Local Hit Blocks":0,"Local Read Blocks":0,"Local Dirtied Blocks":0,"Local Written Blocks":0,"Temp Read Blocks":0,"Temp Written Blocks":0,"I/O Read Time":0.0,"I/O Write Time":0.0,"Temp I/O Read Time":0.0,"Temp I/O Write Time":0.0,"Plans":[{"Node Type":"Append","Parent Relationship":"Outer","Parallel Aware":false,"Async Capable":false,"Startup Cost":20.0,"Total Cost":701820.0,"Plan Rows":20926367,"Plan Width":24,"Actual Startup Time":3.683,"Actual Total Time":478.404,"Actual Rows":1110056,"Actual Loops":1,"Shared Hit Blocks":0,"Shared Read Blocks":0,"Shared Dirtied Blocks":0,"Shared Written Blocks":0,"Local Hit Blocks":0,"Local Read Blocks":0,"Local Dirtied Blocks":0,"Local Written Blocks":0,"Temp Read Blocks":0,"Temp Written Blocks":0,"I/O Read Time":0.0,"I/O Write Time":0.0,"Temp I/O Read Time":0.0,"Temp I/O Write Time":0.0,"Subplans Removed":0,"Plans":[{"Node Type":"Custom Scan","Parent Relationship":"Member","Custom Plan Provider":"columnar scan","Parallel Aware":false,"Async Capable":false,"Relation Name":"order_line","Schema":"public","Alias":"order_line","Startup Cost":20.0,"Total Cost":533641.75,"Plan Rows":20926325,"Plan Width":24,"Actual Startup Time":3.682,"Actual Total Time":380.769,"Actual Rows":1110056,"Actual Loops":1,"Output":["order_line.ol_amount","order_line.ol_w_id","order_line.ol_d_id","order_line.ol_o_id","order_line.ol_delivery_d"],"Filter":"(order_line.ol_delivery_d >= '1992-01-02 20:10:02.27764'::timestamp without time zone)","Rows Removed by Filter":0,"Rows Removed by Columnar Filter":28887676,"Rows Filtered by Bloom Filter":0,"Dictionary Rows Filtered by Bloom Filter":28887676,"Columnar cache search mode":"native","Shared Hit Blocks":0,"Shared Read Blocks":0,"Shared Dirtied Blocks":0,"Shared Written Blocks":0,"Local Hit Blocks":0,"Local Read Blocks":0,"Local Dirtied Blocks":0,"Local Written Blocks":0,"Temp Read Blocks":0,"Temp Written Blocks":0,"I/O Read Time":0.0,"I/O Write Time":0.0,"Temp I/O Read Time":0.0,"Temp I/O Write Time":0.0},{"Node Type":"Seq Scan","Parent Relationship":"Member","Parallel Aware":false,"Async Capable":false,"Relation Name":"order_line","Schema":"public","Alias":"order_line","Startup Cost":0.0,"Total Cost":4.75,"Plan Rows":42,"Plan Width":24,"Actual Startup Time":0.0,"Actual Total Time":0.0,"Actual Rows":0,"Actual Loops":0,"Output":["order_line.ol_amount","order_line.ol_w_id","order_line.ol_d_id","order_line.ol_o_id","order_line.ol_delivery_d"],"Filter":"(order_line.ol_delivery_d >= '1992-01-02 20:10:02.27764'::timestamp without time zone)","Rows Removed by Filter":0,"Shared Hit Blocks":0,"Shared Read Blocks":0,"Shared Dirtied Blocks":0,"Shared Written Blocks":0,"Local Hit Blocks":0,"Local Read Blocks":0,"Local Dirtied Blocks":0,"Local Written Blocks":0,"Temp Read Blocks":0,"Temp Written Blocks":0,"I/O Read Time":0.0,"I/O Write Time":0.0,"Temp I/O Read Time":0.0,"Temp I/O Write Time":0.0}]},{"Node Type":"Hash","Parent Relationship":"Inner","Parallel Aware":false,"Async Capable":false,"Startup Cost":56766.99,"Total Cost":56766.99,"Plan Rows":110364,"Plan Width":24,"Actual Startup Time":63.533,"Actual Total Time":63.535,"Actual Rows":107979,"Actual Loops":1,"Output":["orders.o_c_id","orders.o_w_id","orders.o_d_id","orders.o_id","orders.o_entry_d"],"Hash Buckets":131072,"Original Hash Buckets":131072,"Hash Batches":1,"Original Hash Batches":1,"Peak Memory Usage":6930,"Shared Hit Blocks":0,"Shared Read Blocks":0,"Shared Dirtied Blocks":0,"Shared Written Blocks":0,"Local Hit Blocks":0,"Local Read Blocks":0,"Local Dirtied Blocks":0,"Local Written Blocks":0,"Temp Read Blocks":0,"Temp Written Blocks":0,"I/O Read Time":0.0,"I/O Write Time":0.0,"Temp I/O Read Time":0.0,"Temp I/O Write Time":0.0,"Plans":[{"Node Type":"Append","Parent Relationship":"Outer","Parallel Aware":false,"Async Capable":false,"Startup Cost":20.0,"Total Cost":56766.99,"Plan Rows":110364,"Plan Width":24,"Actual Startup Time":0.522,"Actual Total Time":35.127,"Actual Rows":107979,"Actual Loops":1,"Shared Hit Blocks":0,"Shared Read Blocks":0,"Shared Dirtied Blocks":0,"Shared Written Blocks":0,"Local Hit Blocks":0,"Local Read Blocks":0,"Local Dirtied Blocks":0,"Local Written Blocks":0,"Temp Read Blocks":0,"Temp Written Blocks":0,"I/O Read Time":0.0,"I/O Write Time":0.0,"Temp I/O Read Time":0.0,"Temp I/O Write Time":0.0,"Subplans Removed":0,"Plans":[{"Node Type":"Custom Scan","Parent Relationship":"Member","Custom Plan Provider":"columnar scan","Parallel Aware":false,"Async Capable":false,"Relation Name":"orders","Schema":"public","Alias":"orders","Startup Cost":20.0,"Total Cost":2834.33,"Plan Rows":110363,"Plan Width":24,"Actual Startup Time":0.52,"Actual Total Time":25.714,"Actual Rows":107979,"Actual Loops":1,"Output":["orders.o_c_id","orders.o_w_id","orders.o_d_id","orders.o_id","orders.o_entry_d"],"Filter":"((orders.o_entry_d < '1993-10-02 20:10:02.27764'::timestamp without time zone) AND (orders.o_entry_d >= '1993-07-02 20:10:02.27764'::timestamp without time zone))","Rows Removed by Filter":0,"Rows Removed by Columnar Filter":2892021,"Columnar cache search mode":"native","Shared Hit Blocks":0,"Shared Read Blocks":0,"Shared Dirtied Blocks":0,"Shared Written Blocks":0,"Local Hit Blocks":0,"Local Read Blocks":0,"Local Dirtied Blocks":0,"Local Written Blocks":0,"Temp Read Blocks":0,"Temp Written Blocks":0,"I/O Read Time":0.0,"I/O Write Time":0.0,"Temp I/O Read Time":0.0,"Temp I/O Write Time":0.0},{"Node Type":"Seq Scan","Parent Relationship":"Member","Parallel Aware":false,"Async Capable":false,"Relation Name":"orders","Schema":"public","Alias":"orders","Startup Cost":0.0,"Total Cost":4.01,"Plan Rows":1,"Plan Width":24,"Actual Startup Time":0.0,"Actual Total Time":0.0,"Actual Rows":0,"Actual Loops":0,"Output":["orders.o_c_id","orders.o_w_id","orders.o_d_id","orders.o_id","orders.o_entry_d"],"Filter":"((orders.o_entry_d < '1993-10-02 20:10:02.27764'::timestamp without time zone) AND (orders.o_entry_d >= '1993-07-02 20:10:02.27764'::timestamp without time zone))","Rows Removed by Filter":0,"Shared Hit Blocks":0,"Shared Read Blocks":0,"Shared Dirtied Blocks":0,"Shared Written Blocks":0,"Local Hit Blocks":0,"Local Read Blocks":0,"Local Dirtied Blocks":0,"Local Written Blocks":0,"Temp Read Blocks":0,"Temp Written Blocks":0,"I/O Read Time":0.0,"I/O Write Time":0.0,"Temp I/O Read Time":0.0,"Temp I/O Write Time":0.0}]}]}]},{"Node Type":"Hash","Parent Relationship":"Inner","Parallel Aware":false,"Async Capable":false,"Startup Cost":254511.16,"Total Cost":254511.16,"Plan Rows":2999739,"Plan Width":57,"Actual Startup Time":1239.691,"Actual Total Time":1239.692,"Actual Rows":3000000,"Actual Loops":1,"Output":["customer.c_id","customer.c_last","customer.c_city","customer.c_phone","customer.c_w_id","customer.c_d_id","customer.c_nationkey"],"Hash Buckets":65536,"Original Hash Buckets":65536,"Hash Batches":64,"Original Hash Batches":64,"Peak Memory Usage":3444,"Shared Hit Blocks":0,"Shared Read Blocks":0,"Shared Dirtied Blocks":0,"Shared Written Blocks":0,"Local Hit Blocks":0,"Local Read Blocks":0,"Local Dirtied Blocks":0,"Local Written Blocks":0,"Temp Read Blocks":0,"Temp Written Blocks":17271,"I/O Read Time":0.0,"I/O Write Time":0.0,"Temp I/O Read Time":0.0,"Temp I/O Write Time":79.038,"Plans":[{"Node Type":"Append","Parent Relationship":"Outer","Parallel Aware":false,"Async Capable":false,"Startup Cost":20.0,"Total Cost":254511.16,"Plan Rows":2999739,"Plan Width":57,"Actual Startup Time":0.012,"Actual Total Time":618.711,"Actual Rows":3000000,"Actual Loops":1,"Shared Hit Blocks":0,"Shared Read Blocks":0,"Shared Dirtied Blocks":0,"Shared Written Blocks":0,"Local Hit Blocks":0,"Local Read Blocks":0,"Local Dirtied Blocks":0,"Local Written Blocks":0,"Temp Read Blocks":0,"Temp Written Blocks":0,"I/O Read Time":0.0,"I/O Write Time":0.0,"Temp I/O Read Time":0.0,"Temp I/O Write Time":0.0,"Subplans Removed":0,"Plans":[{"Node Type":"Custom Scan","Parent Relationship":"Member","Custom Plan Provider":"columnar scan","Parallel Aware":false,"Async Capable":false,"Relation Name":"customer","Schema":"public","Alias":"customer","Startup Cost":20.0,"Total Cost":101711.15,"Plan Rows":2999738,"Plan Width":57,"Actual Startup Time":0.011,"Actual Total Time":365.505,"Actual Rows":3000000,"Actual Loops":1,"Output":["customer.c_id","customer.c_last","customer.c_city","customer.c_phone","customer.c_w_id","customer.c_d_id","customer.c_nationkey"],"Rows Removed by Columnar Filter":0,"Columnar projection mode":"late materialization","Columnar cache search mode":"native","Shared Hit Blocks":0,"Shared Read Blocks":0,"Shared Dirtied Blocks":0,"Shared Written Blocks":0,"Local Hit Blocks":0,"Local Read Blocks":0,"Local Dirtied Blocks":0,"Local Written Blocks":0,"Temp Read Blocks":0,"Temp Written Blocks":0,"I/O Read Time":0.0,"I/O Write Time":0.0,"Temp I/O Read Time":0.0,"Temp I/O Write Time":0.0},{"Node Type":"Seq Scan","Parent Relationship":"Member","Parallel Aware":false,"Async Capable":false,"Relation Name":"customer","Schema":"public","Alias":"customer","Startup Cost":0.0,"Total Cost":4.01,"Plan Rows":1,"Plan Width":57,"Actual Startup Time":0.0,"Actual Total Time":0.0,"Actual Rows":0,"Actual Loops":0,"Output":["customer.c_id","customer.c_last","customer.c_city","customer.c_phone","customer.c_w_id","customer.c_d_id","customer.c_nationkey"],"Shared Hit Blocks":0,"Shared Read Blocks":0,"Shared Dirtied Blocks":0,"Shared Written Blocks":0,"Local Hit Blocks":0,"Local Read Blocks":0,"Local Dirtied Blocks":0,"Local Written Blocks":0,"Temp Read Blocks":0,"Temp Written Blocks":0,"I/O Read Time":0.0,"I/O Write Time":0.0,"Temp I/O Read Time":0.0,"Temp I/O Write Time":0.0}]}]}]},{"Node Type":"Memoize","Parent Relationship":"Inner","Parallel Aware":false,"Async Capable":false,"Startup Cost":0.15,"Total Cost":0.17,"Plan Rows":1,"Plan Width":12,"Actual Startup Time":0.0,"Actual Total Time":0.0,"Actual Rows":1,"Actual Loops":1079842,"Output":["nation.n_name","nation.n_nationkey"],"Cache Key":"customer.c_nationkey","Cache Mode":"logical","Cache Hits":1079806,"Cache Misses":36,"Cache Evictions":0,"Cache Overflows":0,"Peak Memory Usage":4,"Shared Hit Blocks":72,"Shared Read Blocks":0,"Shared Dirtied Blocks":0,"Shared Written Blocks":0,"Local Hit Blocks":0,"Local Read Blocks":0,"Local Dirtied Blocks":0,"Local Written Blocks":0,"Temp Read Blocks":0,"Temp Written Blocks":0,"I/O Read Time":0.0,"I/O Write Time":0.0,"Temp I/O Read Time":0.0,"Temp I/O Write Time":0.0,"Plans":[{"Node Type":"Index Scan","Parent Relationship":"Outer","Parallel Aware":false,"Async Capable":false,"Scan Direction":"Forward","Index Name":"nation_pk","Relation Name":"nation","Schema":"public","Alias":"nation","Startup Cost":0.14,"Total Cost":0.16,"Plan Rows":1,"Plan Width":12,"Actual Startup Time":0.002,"Actual Total Time":0.002,"Actual Rows":1,"Actual Loops":36,"Output":["nation.n_name","nation.n_nationkey"],"Index Cond":"(nation.n_nationkey = customer.c_nationkey)","Rows Removed by Index Recheck":0,"Shared Hit Blocks":72,"Shared Read Blocks":0,"Shared Dirtied Blocks":0,"Shared Written Blocks":0,"Local Hit Blocks":0,"Local Read Blocks":0,"Local Dirtied Blocks":0,"Local Written Blocks":0,"Temp Read Blocks":0,"Temp Written Blocks":0,"I/O Read Time":0.0,"I/O Write Time":0.0,"Temp I/O Read Time":0.0,"Temp I/O Write Time":0.0}]}]}]}]}]}]},"Planning":{"Shared Hit Blocks":4,"Shared Read Blocks":0,"Shared Dirtied Blocks":0,"Shared Written Blocks":0,"Local Hit Blocks":0,"Local Read Blocks":0,"Local Dirtied Blocks":0,"Local Written Blocks":0,"Temp Read Blocks":0,"Temp Written Blocks":0,"I/O Read Time":0.0,"I/O Write Time":0.0,"Temp I/O Read Time":0.0,"Temp I/O Write Time":0.0},"Planning Time":1.715,"Triggers":[],"Execution Time":4845.873}]
