[列存组合]: 无列存
[{"Plan":{"Node Type":"Sort","Parallel Aware":false,"Async Capable":false,"Startup Cost":1162559.95,"Total Cost":1162641.7,"Plan Rows":32702,"Plan Width":12,"Actual Startup Time":10814.606,"Actual Total Time":10814.617,"Actual Rows":0,"Actual Loops":1,"Output":["stock.s_i_id","(sum(stock.s_order_cnt))"],"Sort Key":["(sum(stock.s_order_cnt)) DESC"],"Sort Method":"quicksort","Sort Space Used":25,"Sort Space Type":"Memory","Shared Hit Blocks":833828,"Shared Read Blocks":0,"Shared Dirtied Blocks":0,"Shared Written Blocks":0,"Local Hit Blocks":0,"Local Read Blocks":0,"Local Dirtied Blocks":0,"Local Written Blocks":0,"Temp Read Blocks":76,"Temp Written Blocks":146,"I/O Read Time":0.0,"I/O Write Time":0.0,"Temp I/O Read Time":0.142,"Temp I/O Write Time":0.809,"Plans":[{"Node Type":"Aggregate","Strategy":"Plain","Partial Mode":"Simple","Parent Relationship":"InitPlan","Subplan Name":"InitPlan 1 (returns $0)","Parallel Aware":false,"Async Capable":false,"Startup Cost":574353.29,"Total Cost":574353.31,"Plan Rows":1,"Plan Width":32,"Actual Startup Time":5265.822,"Actual Total Time":5265.826,"Actual Rows":1,"Actual Loops":1,"Output":["((sum(stock_1.s_order_cnt))::numeric * 0.005)"],"Shared Hit Blocks":416914,"Shared Read Blocks":0,"Shared Dirtied Blocks":0,"Shared Written Blocks":0,"Local Hit Blocks":0,"Local Read Blocks":0,"Local Dirtied Blocks":0,"Local Written Blocks":0,"Temp Read Blocks":0,"Temp Written Blocks":0,"I/O Read Time":0.0,"I/O Write Time":0.0,"Temp I/O Read Time":0.0,"Temp I/O Write Time":0.0,"Plans":[{"Node Type":"Hash Join","Parent Relationship":"Outer","Parallel Aware":false,"Async Capable":false,"Join Type":"Inner","Startup Cost":443.79,"Total Cost":573950.06,"Plan Rows":161293,"Plan Width":2,"Actual Startup Time":2.546,"Actual Total Time":5254.934,"Actual Rows":155600,"Actual Loops":1,"Output":["stock_1.s_order_cnt"],"Inner Unique":true,"Hash Cond":"(supplier_1.su_nationkey = nation_1.n_nationkey)","Shared Hit Blocks":416914,"Shared Read Blocks":0,"Shared Dirtied Blocks":0,"Shared Written Blocks":0,"Local Hit Blocks":0,"Local Read Blocks":0,"Local Dirtied Blocks":0,"Local Written Blocks":0,"Temp Read Blocks":0,"Temp Written Blocks":0,"I/O Read Time":0.0,"I/O Write Time":0.0,"Temp I/O Read Time":0.0,"Temp I/O Write Time":0.0,"Plans":[{"Node Type":"Hash Join","Parent Relationship":"Outer","Parallel Aware":false,"Async Capable":false,"Join Type":"Inner","Startup Cost":442.0,"Total Cost":545903.46,"Plan Rows":10000162,"Plan Width":6,"Actual Startup Time":2.488,"Actual Total Time":4586.246,"Actual Rows":10000000,"Actual Loops":1,"Output":["stock_1.s_order_cnt","supplier_1.su_nationkey"],"Inner Unique":true,"Hash Cond":"(mod((stock_1.s_w_id * stock_1.s_i_id), 10000) = supplier_1.su_suppkey)","Shared Hit Blocks":416913,"Shared Read Blocks":0,"Shared Dirtied Blocks":0,"Shared Written Blocks":0,"Local Hit Blocks":0,"Local Read Blocks":0,"Local Dirtied Blocks":0,"Local Written Blocks":0,"Temp Read Blocks":0,"Temp Written Blocks":0,"I/O Read Time":0.0,"I/O Write Time":0.0,"Temp I/O Read Time":0.0,"Temp I/O Write Time":0.0,"Plans":[{"Node Type":"Seq Scan","Parent Relationship":"Outer","Parallel Aware":false,"Async Capable":false,"Relation Name":"stock","Schema":"public","Alias":"stock_1","Startup Cost":0.0,"Total Cost":516697.62,"Plan Rows":10000162,"Plan Width":8,"Actual Startup Time":0.005,"Actual Total Time":970.997,"Actual Rows":10000000,"Actual Loops":1,"Output":["stock_1.s_i_id","stock_1.s_w_id","stock_1.s_quantity","stock_1.s_dist_01","stock_1.s_dist_02","stock_1.s_dist_03","stock_1.s_dist_04","stock_1.s_dist_05","stock_1.s_dist_06","stock_1.s_dist_07","stock_1.s_dist_08","stock_1.s_dist_09","stock_1.s_dist_10","stock_1.s_ytd","stock_1.s_order_cnt","stock_1.s_remote_cnt","stock_1.s_data"],"Shared Hit Blocks":416696,"Shared Read Blocks":0,"Shared Dirtied Blocks":0,"Shared Written Blocks":0,"Local Hit Blocks":0,"Local Read Blocks":0,"Local Dirtied Blocks":0,"Local Written Blocks":0,"Temp Read Blocks":0,"Temp Written Blocks":0,"I/O Read Time":0.0,"I/O Write Time":0.0,"Temp I/O Read Time":0.0,"Temp I/O Write Time":0.0},{"Node Type":"Hash","Parent Relationship":"Inner","Parallel Aware":false,"Async Capable":false,"Startup Cost":317.0,"Total Cost":317.0,"Plan Rows":10000,"Plan Width":8,"Actual Startup Time":2.428,"Actual Total Time":2.429,"Actual Rows":10000,"Actual Loops":1,"Output":["supplier_1.su_suppkey","supplier_1.su_nationkey"],"Hash Buckets":16384,"Original Hash Buckets":16384,"Hash Batches":1,"Original Hash Batches":1,"Peak Memory Usage":519,"Shared Hit Blocks":217,"Shared Read Blocks":0,"Shared Dirtied Blocks":0,"Shared Written Blocks":0,"Local Hit Blocks":0,"Local Read Blocks":0,"Local Dirtied Blocks":0,"Local Written Blocks":0,"Temp Read Blocks":0,"Temp Written Blocks":0,"I/O Read Time":0.0,"I/O Write Time":0.0,"Temp I/O Read Time":0.0,"Temp I/O Write Time":0.0,"Plans":[{"Node Type":"Seq Scan","Parent Relationship":"Outer","Parallel Aware":false,"Async Capable":false,"Relation Name":"supplier","Schema":"public","Alias":"supplier_1","Startup Cost":0.0,"Total Cost":317.0,"Plan Rows":10000,"Plan Width":8,"Actual Startup Time":0.006,"Actual Total Time":1.223,"Actual Rows":10000,"Actual Loops":1,"Output":["supplier_1.su_suppkey","supplier_1.su_nationkey"],"Shared Hit Blocks":217,"Shared Read Blocks":0,"Shared Dirtied Blocks":0,"Shared Written Blocks":0,"Local Hit Blocks":0,"Local Read Blocks":0,"Local Dirtied Blocks":0,"Local Written Blocks":0,"Temp Read Blocks":0,"Temp Written Blocks":0,"I/O Read Time":0.0,"I/O Write Time":0.0,"Temp I/O Read Time":0.0,"Temp I/O Write Time":0.0}]}]},{"Node Type":"Hash","Parent Relationship":"Inner","Parallel Aware":false,"Async Capable":false,"Startup Cost":1.77,"Total Cost":1.77,"Plan Rows":1,"Plan Width":4,"Actual Startup Time":0.031,"Actual Total Time":0.032,"Actual Rows":1,"Actual Loops":1,"Output":["nation_1.n_nationkey"],"Hash Buckets":1024,"Original Hash Buckets":1024,"Hash Batches":1,"Original Hash Batches":1,"Peak Memory Usage":9,"Shared Hit Blocks":1,"Shared Read Blocks":0,"Shared Dirtied Blocks":0,"Shared Written Blocks":0,"Local Hit Blocks":0,"Local Read Blocks":0,"Local Dirtied Blocks":0,"Local Written Blocks":0,"Temp Read Blocks":0,"Temp Written Blocks":0,"I/O Read Time":0.0,"I/O Write Time":0.0,"Temp I/O Read Time":0.0,"Temp I/O Write Time":0.0,"Plans":[{"Node Type":"Seq Scan","Parent Relationship":"Outer","Parallel Aware":false,"Async Capable":false,"Relation Name":"nation","Schema":"public","Alias":"nation_1","Startup Cost":0.0,"Total Cost":1.77,"Plan Rows":1,"Plan Width":4,"Actual Startup Time":0.021,"Actual Total Time":0.025,"Actual Rows":1,"Actual Loops":1,"Output":["nation_1.n_nationkey"],"Filter":"((nation_1.n_name)::text = 'Germany'::text)","Rows Removed by Filter":61,"Shared Hit Blocks":1,"Shared Read Blocks":0,"Shared Dirtied Blocks":0,"Shared Written Blocks":0,"Local Hit Blocks":0,"Local Read Blocks":0,"Local Dirtied Blocks":0,"Local Written Blocks":0,"Temp Read Blocks":0,"Temp Written Blocks":0,"I/O Read Time":0.0,"I/O Write Time":0.0,"Temp I/O Read Time":0.0,"Temp I/O Write Time":0.0}]}]}]},{"Node Type":"Aggregate","Strategy":"Hashed","Partial Mode":"Simple","Parent Relationship":"Outer","Parallel Aware":false,"Async Capable":false,"Startup Cost":583022.79,"Total Cost":585754.47,"Plan Rows":32702,"Plan Width":12,"Actual Startup Time":10814.6,"Actual Total Time":10814.607,"Actual Rows":0,"Actual Loops":1,"Output":["stock.s_i_id","sum(stock.s_order_cnt)"],"Group Key":["stock.s_i_id"],"Filter":"((sum(stock.s_order_cnt))::numeric > $0)","Planned Partitions":0,"HashAgg Batches":5,"Peak Memory Usage":8241,"Disk Usage":728,"Rows Removed by Filter":79560,"Shared Hit Blocks":833828,"Shared Read Blocks":0,"Shared Dirtied Blocks":0,"Shared Written Blocks":0,"Local Hit Blocks":0,"Local Read Blocks":0,"Local Dirtied Blocks":0,"Local Written Blocks":0,"Temp Read Blocks":76,"Temp Written Blocks":146,"I/O Read Time":0.0,"I/O Write Time":0.0,"Temp I/O Read Time":0.142,"Temp I/O Write Time":0.809,"Plans":[{"Node Type":"Hash Join","Parent Relationship":"Outer","Parallel Aware":false,"Async Capable":false,"Join Type":"Inner","Startup Cost":443.79,"Total Cost":573950.06,"Plan Rows":161293,"Plan Width":6,"Actual Startup Time":2.504,"Actual Total Time":5470.315,"Actual Rows":155600,"Actual Loops":1,"Output":["stock.s_i_id","stock.s_order_cnt"],"Inner Unique":true,"Hash Cond":"(supplier.su_nationkey = nation.n_nationkey)","Shared Hit Blocks":416914,"Shared Read Blocks":0,"Shared Dirtied Blocks":0,"Shared Written Blocks":0,"Local Hit Blocks":0,"Local Read Blocks":0,"Local Dirtied Blocks":0,"Local Written Blocks":0,"Temp Read Blocks":0,"Temp Written Blocks":0,"I/O Read Time":0.0,"I/O Write Time":0.0,"Temp I/O Read Time":0.0,"Temp I/O Write Time":0.0,"Plans":[{"Node Type":"Hash Join","Parent Relationship":"Outer","Parallel Aware":false,"Async Capable":false,"Join Type":"Inner","Startup Cost":442.0,"Total Cost":545903.46,"Plan Rows":10000162,"Plan Width":10,"Actual Startup Time":2.48,"Actual Total Time":4810.005,"Actual Rows":10000000,"Actual Loops":1,"Output":["stock.s_i_id","stock.s_order_cnt","supplier.su_nationkey"],"Inner Unique":true,"Hash Cond":"(mod((stock.s_w_id * stock.s_i_id), 10000) = supplier.su_suppkey)","Shared Hit Blocks":416913,"Shared Read Blocks":0,"Shared Dirtied Blocks":0,"Shared Written Blocks":0,"Local Hit Blocks":0,"Local Read Blocks":0,"Local Dirtied Blocks":0,"Local Written Blocks":0,"Temp Read Blocks":0,"Temp Written Blocks":0,"I/O Read Time":0.0,"I/O Write Time":0.0,"Temp I/O Read Time":0.0,"Temp I/O Write Time":0.0,"Plans":[{"Node Type":"Seq Scan","Parent Relationship":"Outer","Parallel Aware":false,"Async Capable":false,"Relation Name":"stock","Schema":"public","Alias":"stock","Startup Cost":0.0,"Total Cost":516697.62,"Plan Rows":10000162,"Plan Width":8,"Actual Startup Time":0.005,"Actual Total Time":996.13,"Actual Rows":10000000,"Actual Loops":1,"Output":["stock.s_i_id","stock.s_w_id","stock.s_quantity","stock.s_dist_01","stock.s_dist_02","stock.s_dist_03","stock.s_dist_04","stock.s_dist_05","stock.s_dist_06","stock.s_dist_07","stock.s_dist_08","stock.s_dist_09","stock.s_dist_10","stock.s_ytd","stock.s_order_cnt","stock.s_remote_cnt","stock.s_data"],"Shared Hit Blocks":416696,"Shared Read Blocks":0,"Shared Dirtied Blocks":0,"Shared Written Blocks":0,"Local Hit Blocks":0,"Local Read Blocks":0,"Local Dirtied Blocks":0,"Local Written Blocks":0,"Temp Read Blocks":0,"Temp Written Blocks":0,"I/O Read Time":0.0,"I/O Write Time":0.0,"Temp I/O Read Time":0.0,"Temp I/O Write Time":0.0},{"Node Type":"Hash","Parent Relationship":"Inner","Parallel Aware":false,"Async Capable":false,"Startup Cost":317.0,"Total Cost":317.0,"Plan Rows":10000,"Plan Width":8,"Actual Startup Time":2.452,"Actual Total Time":2.452,"Actual Rows":10000,"Actual Loops":1,"Output":["supplier.su_suppkey","supplier.su_nationkey"],"Hash Buckets":16384,"Original Hash Buckets":16384,"Hash Batches":1,"Original Hash Batches":1,"Peak Memory Usage":519,"Shared Hit Blocks":217,"Shared Read Blocks":0,"Shared Dirtied Blocks":0,"Shared Written Blocks":0,"Local Hit Blocks":0,"Local Read Blocks":0,"Local Dirtied Blocks":0,"Local Written Blocks":0,"Temp Read Blocks":0,"Temp Written Blocks":0,"I/O Read Time":0.0,"I/O Write Time":0.0,"Temp I/O Read Time":0.0,"Temp I/O Write Time":0.0,"Plans":[{"Node Type":"Seq Scan","Parent Relationship":"Outer","Parallel Aware":false,"Async Capable":false,"Relation Name":"supplier","Schema":"public","Alias":"supplier","Startup Cost":0.0,"Total Cost":317.0,"Plan Rows":10000,"Plan Width":8,"Actual Startup Time":0.004,"Actual Total Time":1.266,"Actual Rows":10000,"Actual Loops":1,"Output":["supplier.su_suppkey","supplier.su_nationkey"],"Shared Hit Blocks":217,"Shared Read Blocks":0,"Shared Dirtied Blocks":0,"Shared Written Blocks":0,"Local Hit Blocks":0,"Local Read Blocks":0,"Local Dirtied Blocks":0,"Local Written Blocks":0,"Temp Read Blocks":0,"Temp Written Blocks":0,"I/O Read Time":0.0,"I/O Write Time":0.0,"Temp I/O Read Time":0.0,"Temp I/O Write Time":0.0}]}]},{"Node Type":"Hash","Parent Relationship":"Inner","Parallel Aware":false,"Async Capable":false,"Startup Cost":1.77,"Total Cost":1.77,"Plan Rows":1,"Plan Width":4,"Actual Startup Time":0.018,"Actual Total Time":0.019,"Actual Rows":1,"Actual Loops":1,"Output":["nation.n_nationkey"],"Hash Buckets":1024,"Original Hash Buckets":1024,"Hash Batches":1,"Original Hash Batches":1,"Peak Memory Usage":9,"Shared Hit Blocks":1,"Shared Read Blocks":0,"Shared Dirtied Blocks":0,"Shared Written Blocks":0,"Local Hit Blocks":0,"Local Read Blocks":0,"Local Dirtied Blocks":0,"Local Written Blocks":0,"Temp Read Blocks":0,"Temp Written Blocks":0,"I/O Read Time":0.0,"I/O Write Time":0.0,"Temp I/O Read Time":0.0,"Temp I/O Write Time":0.0,"Plans":[{"Node Type":"Seq Scan","Parent Relationship":"Outer","Parallel Aware":false,"Async Capable":false,"Relation Name":"nation","Schema":"public","Alias":"nation","Startup Cost":0.0,"Total Cost":1.77,"Plan Rows":1,"Plan Width":4,"Actual Startup Time":0.012,"Actual Total Time":0.016,"Actual Rows":1,"Actual Loops":1,"Output":["nation.n_nationkey"],"Filter":"((nation.n_name)::text = 'Germany'::text)","Rows Removed by Filter":61,"Shared Hit Blocks":1,"Shared Read Blocks":0,"Shared Dirtied Blocks":0,"Shared Written Blocks":0,"Local Hit Blocks":0,"Local Read Blocks":0,"Local Dirtied Blocks":0,"Local Written Blocks":0,"Temp Read Blocks":0,"Temp Written Blocks":0,"I/O Read Time":0.0,"I/O Write Time":0.0,"Temp I/O Read Time":0.0,"Temp I/O Write Time":0.0}]}]}]}]},"Planning":{"Shared Hit Blocks":19,"Shared Read Blocks":0,"Shared Dirtied Blocks":4,"Shared Written Blocks":0,"Local Hit Blocks":0,"Local Read Blocks":0,"Local Dirtied Blocks":0,"Local Written Blocks":0,"Temp Read Blocks":0,"Temp Written Blocks":0,"I/O Read Time":0.0,"I/O Write Time":0.0,"Temp I/O Read Time":0.0,"Temp I/O Write Time":0.0},"Planning Time":0.408,"Triggers":[],"Execution Time":10815.907}]
[列存组合]: nation
[{"Plan":{"Node Type":"Sort","Parallel Aware":false,"Async Capable":false,"Startup Cost":1162559.95,"Total Cost":1162641.7,"Plan Rows":32702,"Plan Width":12,"Actual Startup Time":10534.599,"Actual Total Time":10534.613,"Actual Rows":0,"Actual Loops":1,"Output":["stock.s_i_id","(sum(stock.s_order_cnt))"],"Sort Key":["(sum(stock.s_order_cnt)) DESC"],"Sort Method":"quicksort","Sort Space Used":25,"Sort Space Type":"Memory","Shared Hit Blocks":833828,"Shared Read Blocks":0,"Shared Dirtied Blocks":0,"Shared Written Blocks":0,"Local Hit Blocks":0,"Local Read Blocks":0,"Local Dirtied Blocks":0,"Local Written Blocks":0,"Temp Read Blocks":76,"Temp Written Blocks":146,"I/O Read Time":0.0,"I/O Write Time":0.0,"Temp I/O Read Time":0.127,"Temp I/O Write Time":0.801,"Plans":[{"Node Type":"Aggregate","Strategy":"Plain","Partial Mode":"Simple","Parent Relationship":"InitPlan","Subplan Name":"InitPlan 1 (returns $0)","Parallel Aware":false,"Async Capable":false,"Startup Cost":574353.29,"Total Cost":574353.31,"Plan Rows":1,"Plan Width":32,"Actual Startup Time":5255.201,"Actual Total Time":5255.205,"Actual Rows":1,"Actual Loops":1,"Output":["((sum(stock_1.s_order_cnt))::numeric * 0.005)"],"Shared Hit Blocks":416914,"Shared Read Blocks":0,"Shared Dirtied Blocks":0,"Shared Written Blocks":0,"Local Hit Blocks":0,"Local Read Blocks":0,"Local Dirtied Blocks":0,"Local Written Blocks":0,"Temp Read Blocks":0,"Temp Written Blocks":0,"I/O Read Time":0.0,"I/O Write Time":0.0,"Temp I/O Read Time":0.0,"Temp I/O Write Time":0.0,"Plans":[{"Node Type":"Hash Join","Parent Relationship":"Outer","Parallel Aware":false,"Async Capable":false,"Join Type":"Inner","Startup Cost":443.79,"Total Cost":573950.06,"Plan Rows":161293,"Plan Width":2,"Actual Startup Time":2.59,"Actual Total Time":5244.44,"Actual Rows":155600,"Actual Loops":1,"Output":["stock_1.s_order_cnt"],"Inner Unique":true,"Hash Cond":"(supplier_1.su_nationkey = nation_1.n_nationkey)","Shared Hit Blocks":416914,"Shared Read Blocks":0,"Shared Dirtied Blocks":0,"Shared Written Blocks":0,"Local Hit Blocks":0,"Local Read Blocks":0,"Local Dirtied Blocks":0,"Local Written Blocks":0,"Temp Read Blocks":0,"Temp Written Blocks":0,"I/O Read Time":0.0,"I/O Write Time":0.0,"Temp I/O Read Time":0.0,"Temp I/O Write Time":0.0,"Plans":[{"Node Type":"Hash Join","Parent Relationship":"Outer","Parallel Aware":false,"Async Capable":false,"Join Type":"Inner","Startup Cost":442.0,"Total Cost":545903.46,"Plan Rows":10000162,"Plan Width":6,"Actual Startup Time":2.532,"Actual Total Time":4566.259,"Actual Rows":10000000,"Actual Loops":1,"Output":["stock_1.s_order_cnt","supplier_1.su_nationkey"],"Inner Unique":true,"Hash Cond":"(mod((stock_1.s_w_id * stock_1.s_i_id), 10000) = supplier_1.su_suppkey)","Shared Hit Blocks":416913,"Shared Read Blocks":0,"Shared Dirtied Blocks":0,"Shared Written Blocks":0,"Local Hit Blocks":0,"Local Read Blocks":0,"Local Dirtied Blocks":0,"Local Written Blocks":0,"Temp Read Blocks":0,"Temp Written Blocks":0,"I/O Read Time":0.0,"I/O Write Time":0.0,"Temp I/O Read Time":0.0,"Temp I/O Write Time":0.0,"Plans":[{"Node Type":"Seq Scan","Parent Relationship":"Outer","Parallel Aware":false,"Async Capable":false,"Relation Name":"stock","Schema":"public","Alias":"stock_1","Startup Cost":0.0,"Total Cost":516697.62,"Plan Rows":10000162,"Plan Width":8,"Actual Startup Time":0.004,"Actual Total Time":973.133,"Actual Rows":10000000,"Actual Loops":1,"Output":["stock_1.s_i_id","stock_1.s_w_id","stock_1.s_quantity","stock_1.s_dist_01","stock_1.s_dist_02","stock_1.s_dist_03","stock_1.s_dist_04","stock_1.s_dist_05","stock_1.s_dist_06","stock_1.s_dist_07","stock_1.s_dist_08","stock_1.s_dist_09","stock_1.s_dist_10","stock_1.s_ytd","stock_1.s_order_cnt","stock_1.s_remote_cnt","stock_1.s_data"],"Shared Hit Blocks":416696,"Shared Read Blocks":0,"Shared Dirtied Blocks":0,"Shared Written Blocks":0,"Local Hit Blocks":0,"Local Read Blocks":0,"Local Dirtied Blocks":0,"Local Written Blocks":0,"Temp Read Blocks":0,"Temp Written Blocks":0,"I/O Read Time":0.0,"I/O Write Time":0.0,"Temp I/O Read Time":0.0,"Temp I/O Write Time":0.0},{"Node Type":"Hash","Parent Relationship":"Inner","Parallel Aware":false,"Async Capable":false,"Startup Cost":317.0,"Total Cost":317.0,"Plan Rows":10000,"Plan Width":8,"Actual Startup Time":2.437,"Actual Total Time":2.438,"Actual Rows":10000,"Actual Loops":1,"Output":["supplier_1.su_suppkey","supplier_1.su_nationkey"],"Hash Buckets":16384,"Original Hash Buckets":16384,"Hash Batches":1,"Original Hash Batches":1,"Peak Memory Usage":519,"Shared Hit Blocks":217,"Shared Read Blocks":0,"Shared Dirtied Blocks":0,"Shared Written Blocks":0,"Local Hit Blocks":0,"Local Read Blocks":0,"Local Dirtied Blocks":0,"Local Written Blocks":0,"Temp Read Blocks":0,"Temp Written Blocks":0,"I/O Read Time":0.0,"I/O Write Time":0.0,"Temp I/O Read Time":0.0,"Temp I/O Write Time":0.0,"Plans":[{"Node Type":"Seq Scan","Parent Relationship":"Outer","Parallel Aware":false,"Async Capable":false,"Relation Name":"supplier","Schema":"public","Alias":"supplier_1","Startup Cost":0.0,"Total Cost":317.0,"Plan Rows":10000,"Plan Width":8,"Actual Startup Time":0.006,"Actual Total Time":1.232,"Actual Rows":10000,"Actual Loops":1,"Output":["supplier_1.su_suppkey","supplier_1.su_nationkey"],"Shared Hit Blocks":217,"Shared Read Blocks":0,"Shared Dirtied Blocks":0,"Shared Written Blocks":0,"Local Hit Blocks":0,"Local Read Blocks":0,"Local Dirtied Blocks":0,"Local Written Blocks":0,"Temp Read Blocks":0,"Temp Written Blocks":0,"I/O Read Time":0.0,"I/O Write Time":0.0,"Temp I/O Read Time":0.0,"Temp I/O Write Time":0.0}]}]},{"Node Type":"Hash","Parent Relationship":"Inner","Parallel Aware":false,"Async Capable":false,"Startup Cost":1.77,"Total Cost":1.77,"Plan Rows":1,"Plan Width":4,"Actual Startup Time":0.032,"Actual Total Time":0.033,"Actual Rows":1,"Actual Loops":1,"Output":["nation_1.n_nationkey"],"Hash Buckets":1024,"Original Hash Buckets":1024,"Hash Batches":1,"Original Hash Batches":1,"Peak Memory Usage":9,"Shared Hit Blocks":1,"Shared Read Blocks":0,"Shared Dirtied Blocks":0,"Shared Written Blocks":0,"Local Hit Blocks":0,"Local Read Blocks":0,"Local Dirtied Blocks":0,"Local Written Blocks":0,"Temp Read Blocks":0,"Temp Written Blocks":0,"I/O Read Time":0.0,"I/O Write Time":0.0,"Temp I/O Read Time":0.0,"Temp I/O Write Time":0.0,"Plans":[{"Node Type":"Seq Scan","Parent Relationship":"Outer","Parallel Aware":false,"Async Capable":false,"Relation Name":"nation","Schema":"public","Alias":"nation_1","Startup Cost":0.0,"Total Cost":1.77,"Plan Rows":1,"Plan Width":4,"Actual Startup Time":0.022,"Actual Total Time":0.025,"Actual Rows":1,"Actual Loops":1,"Output":["nation_1.n_nationkey"],"Filter":"((nation_1.n_name)::text = 'Germany'::text)","Rows Removed by Filter":61,"Shared Hit Blocks":1,"Shared Read Blocks":0,"Shared Dirtied Blocks":0,"Shared Written Blocks":0,"Local Hit Blocks":0,"Local Read Blocks":0,"Local Dirtied Blocks":0,"Local Written Blocks":0,"Temp Read Blocks":0,"Temp Written Blocks":0,"I/O Read Time":0.0,"I/O Write Time":0.0,"Temp I/O Read Time":0.0,"Temp I/O Write Time":0.0}]}]}]},{"Node Type":"Aggregate","Strategy":"Hashed","Partial Mode":"Simple","Parent Relationship":"Outer","Parallel Aware":false,"Async Capable":false,"Startup Cost":583022.79,"Total Cost":585754.47,"Plan Rows":32702,"Plan Width":12,"Actual Startup Time":10534.59,"Actual Total Time":10534.598,"Actual Rows":0,"Actual Loops":1,"Output":["stock.s_i_id","sum(stock.s_order_cnt)"],"Group Key":["stock.s_i_id"],"Filter":"((sum(stock.s_order_cnt))::numeric > $0)","Planned Partitions":0,"HashAgg Batches":5,"Peak Memory Usage":8241,"Disk Usage":728,"Rows Removed by Filter":79560,"Shared Hit Blocks":833828,"Shared Read Blocks":0,"Shared Dirtied Blocks":0,"Shared Written Blocks":0,"Local Hit Blocks":0,"Local Read Blocks":0,"Local Dirtied Blocks":0,"Local Written Blocks":0,"Temp Read Blocks":76,"Temp Written Blocks":146,"I/O Read Time":0.0,"I/O Write Time":0.0,"Temp I/O Read Time":0.127,"Temp I/O Write Time":0.801,"Plans":[{"Node Type":"Hash Join","Parent Relationship":"Outer","Parallel Aware":false,"Async Capable":false,"Join Type":"Inner","Startup Cost":443.79,"Total Cost":573950.06,"Plan Rows":161293,"Plan Width":6,"Actual Startup Time":2.501,"Actual Total Time":5202.379,"Actual Rows":155600,"Actual Loops":1,"Output":["stock.s_i_id","stock.s_order_cnt"],"Inner Unique":true,"Hash Cond":"(supplier.su_nationkey = nation.n_nationkey)","Shared Hit Blocks":416914,"Shared Read Blocks":0,"Shared Dirtied Blocks":0,"Shared Written Blocks":0,"Local Hit Blocks":0,"Local Read Blocks":0,"Local Dirtied Blocks":0,"Local Written Blocks":0,"Temp Read Blocks":0,"Temp Written Blocks":0,"I/O Read Time":0.0,"I/O Write Time":0.0,"Temp I/O Read Time":0.0,"Temp I/O Write Time":0.0,"Plans":[{"Node Type":"Hash Join","Parent Relationship":"Outer","Parallel Aware":false,"Async Capable":false,"Join Type":"Inner","Startup Cost":442.0,"Total Cost":545903.46,"Plan Rows":10000162,"Plan Width":10,"Actual Startup Time":2.476,"Actual Total Time":4535.93,"Actual Rows":10000000,"Actual Loops":1,"Output":["stock.s_i_id","stock.s_order_cnt","supplier.su_nationkey"],"Inner Unique":true,"Hash Cond":"(mod((stock.s_w_id * stock.s_i_id), 10000) = supplier.su_suppkey)","Shared Hit Blocks":416913,"Shared Read Blocks":0,"Shared Dirtied Blocks":0,"Shared Written Blocks":0,"Local Hit Blocks":0,"Local Read Blocks":0,"Local Dirtied Blocks":0,"Local Written Blocks":0,"Temp Read Blocks":0,"Temp Written Blocks":0,"I/O Read Time":0.0,"I/O Write Time":0.0,"Temp I/O Read Time":0.0,"Temp I/O Write Time":0.0,"Plans":[{"Node Type":"Seq Scan","Parent Relationship":"Outer","Parallel Aware":false,"Async Capable":false,"Relation Name":"stock","Schema":"public","Alias":"stock","Startup Cost":0.0,"Total Cost":516697.62,"Plan Rows":10000162,"Plan Width":8,"Actual Startup Time":0.005,"Actual Total Time":998.339,"Actual Rows":10000000,"Actual Loops":1,"Output":["stock.s_i_id","stock.s_w_id","stock.s_quantity","stock.s_dist_01","stock.s_dist_02","stock.s_dist_03","stock.s_dist_04","stock.s_dist_05","stock.s_dist_06","stock.s_dist_07","stock.s_dist_08","stock.s_dist_09","stock.s_dist_10","stock.s_ytd","stock.s_order_cnt","stock.s_remote_cnt","stock.s_data"],"Shared Hit Blocks":416696,"Shared Read Blocks":0,"Shared Dirtied Blocks":0,"Shared Written Blocks":0,"Local Hit Blocks":0,"Local Read Blocks":0,"Local Dirtied Blocks":0,"Local Written Blocks":0,"Temp Read Blocks":0,"Temp Written Blocks":0,"I/O Read Time":0.0,"I/O Write Time":0.0,"Temp I/O Read Time":0.0,"Temp I/O Write Time":0.0},{"Node Type":"Hash","Parent Relationship":"Inner","Parallel Aware":false,"Async Capable":false,"Startup Cost":317.0,"Total Cost":317.0,"Plan Rows":10000,"Plan Width":8,"Actual Startup Time":2.455,"Actual Total Time":2.456,"Actual Rows":10000,"Actual Loops":1,"Output":["supplier.su_suppkey","supplier.su_nationkey"],"Hash Buckets":16384,"Original Hash Buckets":16384,"Hash Batches":1,"Original Hash Batches":1,"Peak Memory Usage":519,"Shared Hit Blocks":217,"Shared Read Blocks":0,"Shared Dirtied Blocks":0,"Shared Written Blocks":0,"Local Hit Blocks":0,"Local Read Blocks":0,"Local Dirtied Blocks":0,"Local Written Blocks":0,"Temp Read Blocks":0,"Temp Written Blocks":0,"I/O Read Time":0.0,"I/O Write Time":0.0,"Temp I/O Read Time":0.0,"Temp I/O Write Time":0.0,"Plans":[{"Node Type":"Seq Scan","Parent Relationship":"Outer","Parallel Aware":false,"Async Capable":false,"Relation Name":"supplier","Schema":"public","Alias":"supplier","Startup Cost":0.0,"Total Cost":317.0,"Plan Rows":10000,"Plan Width":8,"Actual Startup Time":0.005,"Actual Total Time":1.269,"Actual Rows":10000,"Actual Loops":1,"Output":["supplier.su_suppkey","supplier.su_nationkey"],"Shared Hit Blocks":217,"Shared Read Blocks":0,"Shared Dirtied Blocks":0,"Shared Written Blocks":0,"Local Hit Blocks":0,"Local Read Blocks":0,"Local Dirtied Blocks":0,"Local Written Blocks":0,"Temp Read Blocks":0,"Temp Written Blocks":0,"I/O Read Time":0.0,"I/O Write Time":0.0,"Temp I/O Read Time":0.0,"Temp I/O Write Time":0.0}]}]},{"Node Type":"Hash","Parent Relationship":"Inner","Parallel Aware":false,"Async Capable":false,"Startup Cost":1.77,"Total Cost":1.77,"Plan Rows":1,"Plan Width":4,"Actual Startup Time":0.017,"Actual Total Time":0.02,"Actual Rows":1,"Actual Loops":1,"Output":["nation.n_nationkey"],"Hash Buckets":1024,"Original Hash Buckets":1024,"Hash Batches":1,"Original Hash Batches":1,"Peak Memory Usage":9,"Shared Hit Blocks":1,"Shared Read Blocks":0,"Shared Dirtied Blocks":0,"Shared Written Blocks":0,"Local Hit Blocks":0,"Local Read Blocks":0,"Local Dirtied Blocks":0,"Local Written Blocks":0,"Temp Read Blocks":0,"Temp Written Blocks":0,"I/O Read Time":0.0,"I/O Write Time":0.0,"Temp I/O Read Time":0.0,"Temp I/O Write Time":0.0,"Plans":[{"Node Type":"Seq Scan","Parent Relationship":"Outer","Parallel Aware":false,"Async Capable":false,"Relation Name":"nation","Schema":"public","Alias":"nation","Startup Cost":0.0,"Total Cost":1.77,"Plan Rows":1,"Plan Width":4,"Actual Startup Time":0.011,"Actual Total Time":0.016,"Actual Rows":1,"Actual Loops":1,"Output":["nation.n_nationkey"],"Filter":"((nation.n_name)::text = 'Germany'::text)","Rows Removed by Filter":61,"Shared Hit Blocks":1,"Shared Read Blocks":0,"Shared Dirtied Blocks":0,"Shared Written Blocks":0,"Local Hit Blocks":0,"Local Read Blocks":0,"Local Dirtied Blocks":0,"Local Written Blocks":0,"Temp Read Blocks":0,"Temp Written Blocks":0,"I/O Read Time":0.0,"I/O Write Time":0.0,"Temp I/O Read Time":0.0,"Temp I/O Write Time":0.0}]}]}]}]},"Planning":{"Shared Hit Blocks":8,"Shared Read Blocks":0,"Shared Dirtied Blocks":0,"Shared Written Blocks":0,"Local Hit Blocks":0,"Local Read Blocks":0,"Local Dirtied Blocks":0,"Local Written Blocks":0,"Temp Read Blocks":0,"Temp Written Blocks":0,"I/O Read Time":0.0,"I/O Write Time":0.0,"Temp I/O Read Time":0.0,"Temp I/O Write Time":0.0},"Planning Time":0.421,"Triggers":[],"Execution Time":10535.973}]
[列存组合]: stock
[{"Plan":{"Node Type":"Sort","Parallel Aware":false,"Async Capable":false,"Startup Cost":559216.05,"Total Cost":559297.8,"Plan Rows":32702,"Plan Width":12,"Actual Startup Time":9559.302,"Actual Total Time":9559.315,"Actual Rows":0,"Actual Loops":1,"Output":["stock.s_i_id","(sum(stock.s_order_cnt))"],"Sort Key":["(sum(stock.s_order_cnt)) DESC"],"Sort Method":"quicksort","Sort Space Used":25,"Sort Space Type":"Memory","Shared Hit Blocks":436,"Shared Read Blocks":0,"Shared Dirtied Blocks":0,"Shared Written Blocks":0,"Local Hit Blocks":0,"Local Read Blocks":0,"Local Dirtied Blocks":0,"Local Written Blocks":0,"Temp Read Blocks":76,"Temp Written Blocks":146,"I/O Read Time":0.0,"I/O Write Time":0.0,"Temp I/O Read Time":0.128,"Temp I/O Write Time":0.674,"Plans":[{"Node Type":"Aggregate","Strategy":"Plain","Partial Mode":"Simple","Parent Relationship":"InitPlan","Subplan Name":"InitPlan 1 (returns $0)","Parallel Aware":false,"Async Capable":false,"Startup Cost":272681.34,"Total Cost":272681.36,"Plan Rows":1,"Plan Width":32,"Actual Startup Time":4696.941,"Actual Total Time":4696.945,"Actual Rows":1,"Actual Loops":1,"Output":["((sum(stock_1.s_order_cnt))::numeric * 0.005)"],"Shared Hit Blocks":218,"Shared Read Blocks":0,"Shared Dirtied Blocks":0,"Shared Written Blocks":0,"Local Hit Blocks":0,"Local Read Blocks":0,"Local Dirtied Blocks":0,"Local Written Blocks":0,"Temp Read Blocks":0,"Temp Written Blocks":0,"I/O Read Time":0.0,"I/O Write Time":0.0,"Temp I/O Read Time":0.0,"Temp I/O Write Time":0.0,"Plans":[{"Node Type":"Hash Join","Parent Relationship":"Outer","Parallel Aware":false,"Async Capable":false,"Join Type":"Inner","Startup Cost":463.79,"Total Cost":272278.11,"Plan Rows":161293,"Plan Width":2,"Actual Startup Time":2.605,"Actual Total Time":4685.932,"Actual Rows":155600,"Actual Loops":1,"Output":["stock_1.s_order_cnt"],"Inner Unique":true,"Hash Cond":"(supplier_1.su_nationkey = nation_1.n_nationkey)","Shared Hit Blocks":218,"Shared Read Blocks":0,"Shared Dirtied Blocks":0,"Shared Written Blocks":0,"Local Hit Blocks":0,"Local Read Blocks":0,"Local Dirtied Blocks":0,"Local Written Blocks":0,"Temp Read Blocks":0,"Temp Written Blocks":0,"I/O Read Time":0.0,"I/O Write Time":0.0,"Temp I/O Read Time":0.0,"Temp I/O Write Time":0.0,"Plans":[{"Node Type":"Hash Join","Parent Relationship":"Outer","Parallel Aware":false,"Async Capable":false,"Join Type":"Inner","Startup Cost":462.0,"Total Cost":244231.51,"Plan Rows":10000162,"Plan Width":6,"Actual Startup Time":2.551,"Actual Total Time":4028.152,"Actual Rows":10000000,"Actual Loops":1,"Output":["stock_1.s_order_cnt","supplier_1.su_nationkey"],"Inner Unique":true,"Hash Cond":"(mod((stock_1.s_w_id * stock_1.s_i_id), 10000) = supplier_1.su_suppkey)","Shared Hit Blocks":217,"Shared Read Blocks":0,"Shared Dirtied Blocks":0,"Shared Written Blocks":0,"Local Hit Blocks":0,"Local Read Blocks":0,"Local Dirtied Blocks":0,"Local Written Blocks":0,"Temp Read Blocks":0,"Temp Written Blocks":0,"I/O Read Time":0.0,"I/O Write Time":0.0,"Temp I/O Read Time":0.0,"Temp I/O Write Time":0.0,"Plans":[{"Node Type":"Append","Parent Relationship":"Outer","Parallel Aware":false,"Async Capable":false,"Startup Cost":20.0,"Total Cost":215025.67,"Plan Rows":10000162,"Plan Width":8,"Actual Startup Time":0.017,"Actual Total Time":2067.625,"Actual Rows":10000000,"Actual Loops":1,"Shared Hit Blocks":0,"Shared Read Blocks":0,"Shared Dirtied Blocks":0,"Shared Written Blocks":0,"Local Hit Blocks":0,"Local Read Blocks":0,"Local Dirtied Blocks":0,"Local Written Blocks":0,"Temp Read Blocks":0,"Temp Written Blocks":0,"I/O Read Time":0.0,"I/O Write Time":0.0,"Temp I/O Read Time":0.0,"Temp I/O Write Time":0.0,"Subplans Removed":0,"Plans":[{"Node Type":"Custom Scan","Parent Relationship":"Member","Custom Plan Provider":"columnar scan","Parallel Aware":false,"Async Capable":false,"Relation Name":"stock","Schema":"public","Alias":"stock_1","Startup Cost":20.0,"Total Cost":215020.05,"Plan Rows":10000000,"Plan Width":8,"Actual Startup Time":0.016,"Actual Total Time":1374.017,"Actual Rows":10000000,"Actual Loops":1,"Output":["stock_1.s_order_cnt","stock_1.s_w_id","stock_1.s_i_id"],"Rows Removed by Columnar Filter":0,"Columnar cache search mode":"native","Shared Hit Blocks":0,"Shared Read Blocks":0,"Shared Dirtied Blocks":0,"Shared Written Blocks":0,"Local Hit Blocks":0,"Local Read Blocks":0,"Local Dirtied Blocks":0,"Local Written Blocks":0,"Temp Read Blocks":0,"Temp Written Blocks":0,"I/O Read Time":0.0,"I/O Write Time":0.0,"Temp I/O Read Time":0.0,"Temp I/O Write Time":0.0},{"Node Type":"Seq Scan","Parent Relationship":"Member","Parallel Aware":false,"Async Capable":false,"Relation Name":"stock","Schema":"public","Alias":"stock_1","Startup Cost":0.0,"Total Cost":5.62,"Plan Rows":162,"Plan Width":8,"Actual Startup Time":0.0,"Actual Total Time":0.0,"Actual Rows":0,"Actual Loops":0,"Output":["stock_1.s_order_cnt","stock_1.s_w_id","stock_1.s_i_id"],"Shared Hit Blocks":0,"Shared Read Blocks":0,"Shared Dirtied Blocks":0,"Shared Written Blocks":0,"Local Hit Blocks":0,"Local Read Blocks":0,"Local Dirtied Blocks":0,"Local Written Blocks":0,"Temp Read Blocks":0,"Temp Written Blocks":0,"I/O Read Time":0.0,"I/O Write Time":0.0,"Temp I/O Read Time":0.0,"Temp I/O Write Time":0.0}]},{"Node Type":"Hash","Parent Relationship":"Inner","Parallel Aware":false,"Async Capable":false,"Startup Cost":317.0,"Total Cost":317.0,"Plan Rows":10000,"Plan Width":8,"Actual Startup Time":2.486,"Actual Total Time":2.486,"Actual Rows":10000,"Actual Loops":1,"Output":["supplier_1.su_suppkey","supplier_1.su_nationkey"],"Hash Buckets":16384,"Original Hash Buckets":16384,"Hash Batches":1,"Original Hash Batches":1,"Peak Memory Usage":519,"Shared Hit Blocks":217,"Shared Read Blocks":0,"Shared Dirtied Blocks":0,"Shared Written Blocks":0,"Local Hit Blocks":0,"Local Read Blocks":0,"Local Dirtied Blocks":0,"Local Written Blocks":0,"Temp Read Blocks":0,"Temp Written Blocks":0,"I/O Read Time":0.0,"I/O Write Time":0.0,"Temp I/O Read Time":0.0,"Temp I/O Write Time":0.0,"Plans":[{"Node Type":"Seq Scan","Parent Relationship":"Outer","Parallel Aware":false,"Async Capable":false,"Relation Name":"supplier","Schema":"public","Alias":"supplier_1","Startup Cost":0.0,"Total Cost":317.0,"Plan Rows":10000,"Plan Width":8,"Actual Startup Time":0.007,"Actual Total Time":1.265,"Actual Rows":10000,"Actual Loops":1,"Output":["supplier_1.su_suppkey","supplier_1.su_nationkey"],"Shared Hit Blocks":217,"Shared Read Blocks":0,"Shared Dirtied Blocks":0,"Shared Written Blocks":0,"Local Hit Blocks":0,"Local Read Blocks":0,"Local Dirtied Blocks":0,"Local Written Blocks":0,"Temp Read Blocks":0,"Temp Written Blocks":0,"I/O Read Time":0.0,"I/O Write Time":0.0,"Temp I/O Read Time":0.0,"Temp I/O Write Time":0.0}]}]},{"Node Type":"Hash","Parent Relationship":"Inner","Parallel Aware":false,"Async Capable":false,"Startup Cost":1.77,"Total Cost":1.77,"Plan Rows":1,"Plan Width":4,"Actual Startup Time":0.031,"Actual Total Time":0.031,"Actual Rows":1,"Actual Loops":1,"Output":["nation_1.n_nationkey"],"Hash Buckets":1024,"Original Hash Buckets":1024,"Hash Batches":1,"Original Hash Batches":1,"Peak Memory Usage":9,"Shared Hit Blocks":1,"Shared Read Blocks":0,"Shared Dirtied Blocks":0,"Shared Written Blocks":0,"Local Hit Blocks":0,"Local Read Blocks":0,"Local Dirtied Blocks":0,"Local Written Blocks":0,"Temp Read Blocks":0,"Temp Written Blocks":0,"I/O Read Time":0.0,"I/O Write Time":0.0,"Temp I/O Read Time":0.0,"Temp I/O Write Time":0.0,"Plans":[{"Node Type":"Seq Scan","Parent Relationship":"Outer","Parallel Aware":false,"Async Capable":false,"Relation Name":"nation","Schema":"public","Alias":"nation_1","Startup Cost":0.0,"Total Cost":1.77,"Plan Rows":1,"Plan Width":4,"Actual Startup Time":0.022,"Actual Total Time":0.026,"Actual Rows":1,"Actual Loops":1,"Output":["nation_1.n_nationkey"],"Filter":"((nation_1.n_name)::text = 'Germany'::text)","Rows Removed by Filter":61,"Shared Hit Blocks":1,"Shared Read Blocks":0,"Shared Dirtied Blocks":0,"Shared Written Blocks":0,"Local Hit Blocks":0,"Local Read Blocks":0,"Local Dirtied Blocks":0,"Local Written Blocks":0,"Temp Read Blocks":0,"Temp Written Blocks":0,"I/O Read Time":0.0,"I/O Write Time":0.0,"Temp I/O Read Time":0.0,"Temp I/O Write Time":0.0}]}]}]},{"Node Type":"Aggregate","Strategy":"Hashed","Partial Mode":"Simple","Parent Relationship":"Outer","Parallel Aware":false,"Async Capable":false,"Startup Cost":281350.84,"Total Cost":284082.52,"Plan Rows":32702,"Plan Width":12,"Actual Startup Time":9559.29,"Actual Total Time":9559.299,"Actual Rows":0,"Actual Loops":1,"Output":["stock.s_i_id","sum(stock.s_order_cnt)"],"Group Key":["stock.s_i_id"],"Filter":"((sum(stock.s_order_cnt))::numeric > $0)","Planned Partitions":0,"HashAgg Batches":5,"Peak Memory Usage":8241,"Disk Usage":728,"Rows Removed by Filter":79560,"Shared Hit Blocks":436,"Shared Read Blocks":0,"Shared Dirtied Blocks":0,"Shared Written Blocks":0,"Local Hit Blocks":0,"Local Read Blocks":0,"Local Dirtied Blocks":0,"Local Written Blocks":0,"Temp Read Blocks":76,"Temp Written Blocks":146,"I/O Read Time":0.0,"I/O Write Time":0.0,"Temp I/O Read Time":0.128,"Temp I/O Write Time":0.674,"Plans":[{"Node Type":"Hash Join","Parent Relationship":"Outer","Parallel Aware":false,"Async Capable":false,"Join Type":"Inner","Startup Cost":463.79,"Total Cost":272278.11,"Plan Rows":161293,"Plan Width":6,"Actual Startup Time":2.587,"Actual Total Time":4805.621,"Actual Rows":155600,"Actual Loops":1,"Output":["stock.s_i_id","stock.s_order_cnt"],"Inner Unique":true,"Hash Cond":"(supplier.su_nationkey = nation.n_nationkey)","Shared Hit Blocks":218,"Shared Read Blocks":0,"Shared Dirtied Blocks":0,"Shared Written Blocks":0,"Local Hit Blocks":0,"Local Read Blocks":0,"Local Dirtied Blocks":0,"Local Written Blocks":0,"Temp Read Blocks":0,"Temp Written Blocks":0,"I/O Read Time":0.0,"I/O Write Time":0.0,"Temp I/O Read Time":0.0,"Temp I/O Write Time":0.0,"Plans":[{"Node Type":"Hash Join","Parent Relationship":"Outer","Parallel Aware":false,"Async Capable":false,"Join Type":"Inner","Startup Cost":462.0,"Total Cost":244231.51,"Plan Rows":10000162,"Plan Width":10,"Actual Startup Time":2.552,"Actual Total Time":4128.149,"Actual Rows":10000000,"Actual Loops":1,"Output":["stock.s_i_id","stock.s_order_cnt","supplier.su_nationkey"],"Inner Unique":true,"Hash Cond":"(mod((stock.s_w_id * stock.s_i_id), 10000) = supplier.su_suppkey)","Shared Hit Blocks":217,"Shared Read Blocks":0,"Shared Dirtied Blocks":0,"Shared Written Blocks":0,"Local Hit Blocks":0,"Local Read Blocks":0,"Local Dirtied Blocks":0,"Local Written Blocks":0,"Temp Read Blocks":0,"Temp Written Blocks":0,"I/O Read Time":0.0,"I/O Write Time":0.0,"Temp I/O Read Time":0.0,"Temp I/O Write Time":0.0,"Plans":[{"Node Type":"Append","Parent Relationship":"Outer","Parallel Aware":false,"Async Capable":false,"Startup Cost":20.0,"Total Cost":215025.67,"Plan Rows":10000162,"Plan Width":8,"Actual Startup Time":0.027,"Actual Total Time":2120.05,"Actual Rows":10000000,"Actual Loops":1,"Shared Hit Blocks":0,"Shared Read Blocks":0,"Shared Dirtied Blocks":0,"Shared Written Blocks":0,"Local Hit Blocks":0,"Local Read Blocks":0,"Local Dirtied Blocks":0,"Local Written Blocks":0,"Temp Read Blocks":0,"Temp Written Blocks":0,"I/O Read Time":0.0,"I/O Write Time":0.0,"Temp I/O Read Time":0.0,"Temp I/O Write Time":0.0,"Subplans Removed":0,"Plans":[{"Node Type":"Custom Scan","Parent Relationship":"Member","Custom Plan Provider":"columnar scan","Parallel Aware":false,"Async Capable":false,"Relation Name":"stock","Schema":"public","Alias":"stock","Startup Cost":20.0,"Total Cost":215020.05,"Plan Rows":10000000,"Plan Width":8,"Actual Startup Time":0.026,"Actual Total Time":1387.248,"Actual Rows":10000000,"Actual Loops":1,"Output":["stock.s_i_id","stock.s_order_cnt","stock.s_w_id"],"Rows Removed by Columnar Filter":0,"Columnar cache search mode":"native","Shared Hit Blocks":0,"Shared Read Blocks":0,"Shared Dirtied Blocks":0,"Shared Written Blocks":0,"Local Hit Blocks":0,"Local Read Blocks":0,"Local Dirtied Blocks":0,"Local Written Blocks":0,"Temp Read Blocks":0,"Temp Written Blocks":0,"I/O Read Time":0.0,"I/O Write Time":0.0,"Temp I/O Read Time":0.0,"Temp I/O Write Time":0.0},{"Node Type":"Seq Scan","Parent Relationship":"Member","Parallel Aware":false,"Async Capable":false,"Relation Name":"stock","Schema":"public","Alias":"stock","Startup Cost":0.0,"Total Cost":5.62,"Plan Rows":162,"Plan Width":8,"Actual Startup Time":0.0,"Actual Total Time":0.0,"Actual Rows":0,"Actual Loops":0,"Output":["stock.s_i_id","stock.s_order_cnt","stock.s_w_id"],"Shared Hit Blocks":0,"Shared Read Blocks":0,"Shared Dirtied Blocks":0,"Shared Written Blocks":0,"Local Hit Blocks":0,"Local Read Blocks":0,"Local Dirtied Blocks":0,"Local Written Blocks":0,"Temp Read Blocks":0,"Temp Written Blocks":0,"I/O Read Time":0.0,"I/O Write Time":0.0,"Temp I/O Read Time":0.0,"Temp I/O Write Time":0.0}]},{"Node Type":"Hash","Parent Relationship":"Inner","Parallel Aware":false,"Async Capable":false,"Startup Cost":317.0,"Total Cost":317.0,"Plan Rows":10000,"Plan Width":8,"Actual Startup Time":2.476,"Actual Total Time":2.477,"Actual Rows":10000,"Actual Loops":1,"Output":["supplier.su_suppkey","supplier.su_nationkey"],"Hash Buckets":16384,"Original Hash Buckets":16384,"Hash Batches":1,"Original Hash Batches":1,"Peak Memory Usage":519,"Shared Hit Blocks":217,"Shared Read Blocks":0,"Shared Dirtied Blocks":0,"Shared Written Blocks":0,"Local Hit Blocks":0,"Local Read Blocks":0,"Local Dirtied Blocks":0,"Local Written Blocks":0,"Temp Read Blocks":0,"Temp Written Blocks":0,"I/O Read Time":0.0,"I/O Write Time":0.0,"Temp I/O Read Time":0.0,"Temp I/O Write Time":0.0,"Plans":[{"Node Type":"Seq Scan","Parent Relationship":"Outer","Parallel Aware":false,"Async Capable":false,"Relation Name":"supplier","Schema":"public","Alias":"supplier","Startup Cost":0.0,"Total Cost":317.0,"Plan Rows":10000,"Plan Width":8,"Actual Startup Time":0.006,"Actual Total Time":1.255,"Actual Rows":10000,"Actual Loops":1,"Output":["supplier.su_suppkey","supplier.su_nationkey"],"Shared Hit Blocks":217,"Shared Read Blocks":0,"Shared Dirtied Blocks":0,"Shared Written Blocks":0,"Local Hit Blocks":0,"Local Read Blocks":0,"Local Dirtied Blocks":0,"Local Written Blocks":0,"Temp Read Blocks":0,"Temp Written Blocks":0,"I/O Read Time":0.0,"I/O Write Time":0.0,"Temp I/O Read Time":0.0,"Temp I/O Write Time":0.0}]}]},{"Node Type":"Hash","Parent Relationship":"Inner","Parallel Aware":false,"Async Capable":false,"Startup Cost":1.77,"Total Cost":1.77,"Plan Rows":1,"Plan Width":4,"Actual Startup Time":0.024,"Actual Total Time":0.026,"Actual Rows":1,"Actual Loops":1,"Output":["nation.n_nationkey"],"Hash Buckets":1024,"Original Hash Buckets":1024,"Hash Batches":1,"Original Hash Batches":1,"Peak Memory Usage":9,"Shared Hit Blocks":1,"Shared Read Blocks":0,"Shared Dirtied Blocks":0,"Shared Written Blocks":0,"Local Hit Blocks":0,"Local Read Blocks":0,"Local Dirtied Blocks":0,"Local Written Blocks":0,"Temp Read Blocks":0,"Temp Written Blocks":0,"I/O Read Time":0.0,"I/O Write Time":0.0,"Temp I/O Read Time":0.0,"Temp I/O Write Time":0.0,"Plans":[{"Node Type":"Seq Scan","Parent Relationship":"Outer","Parallel Aware":false,"Async Capable":false,"Relation Name":"nation","Schema":"public","Alias":"nation","Startup Cost":0.0,"Total Cost":1.77,"Plan Rows":1,"Plan Width":4,"Actual Startup Time":0.013,"Actual Total Time":0.019,"Actual Rows":1,"Actual Loops":1,"Output":["nation.n_nationkey"],"Filter":"((nation.n_name)::text = 'Germany'::text)","Rows Removed by Filter":61,"Shared Hit Blocks":1,"Shared Read Blocks":0,"Shared Dirtied Blocks":0,"Shared Written Blocks":0,"Local Hit Blocks":0,"Local Read Blocks":0,"Local Dirtied Blocks":0,"Local Written Blocks":0,"Temp Read Blocks":0,"Temp Written Blocks":0,"I/O Read Time":0.0,"I/O Write Time":0.0,"Temp I/O Read Time":0.0,"Temp I/O Write Time":0.0}]}]}]}]},"Planning":{"Shared Hit Blocks":8,"Shared Read Blocks":0,"Shared Dirtied Blocks":0,"Shared Written Blocks":0,"Local Hit Blocks":0,"Local Read Blocks":0,"Local Dirtied Blocks":0,"Local Written Blocks":0,"Temp Read Blocks":0,"Temp Written Blocks":0,"I/O Read Time":0.0,"I/O Write Time":0.0,"Temp I/O Read Time":0.0,"Temp I/O Write Time":0.0},"Planning Time":1.058,"Triggers":[],"Execution Time":9560.806}]
[列存组合]: supplier
[{"Plan":{"Node Type":"Sort","Parallel Aware":false,"Async Capable":false,"Startup Cost":1162363.99,"Total Cost":1162445.75,"Plan Rows":32702,"Plan Width":12,"Actual Startup Time":10662.803,"Actual Total Time":10662.82,"Actual Rows":0,"Actual Loops":1,"Output":["stock.s_i_id","(sum(stock.s_order_cnt))"],"Sort Key":["(sum(stock.s_order_cnt)) DESC"],"Sort Method":"quicksort","Sort Space Used":25,"Sort Space Type":"Memory","Shared Hit Blocks":833394,"Shared Read Blocks":0,"Shared Dirtied Blocks":0,"Shared Written Blocks":0,"Local Hit Blocks":0,"Local Read Blocks":0,"Local Dirtied Blocks":0,"Local Written Blocks":0,"Temp Read Blocks":76,"Temp Written Blocks":146,"I/O Read Time":0.0,"I/O Write Time":0.0,"Temp I/O Read Time":0.131,"Temp I/O Write Time":0.788,"Plans":[{"Node Type":"Aggregate","Strategy":"Plain","Partial Mode":"Simple","Parent Relationship":"InitPlan","Subplan Name":"InitPlan 1 (returns $0)","Parallel Aware":false,"Async Capable":false,"Startup Cost":574255.31,"Total Cost":574255.33,"Plan Rows":1,"Plan Width":32,"Actual Startup Time":5110.31,"Actual Total Time":5110.315,"Actual Rows":1,"Actual Loops":1,"Output":["((sum(stock_1.s_order_cnt))::numeric * 0.005)"],"Shared Hit Blocks":416697,"Shared Read Blocks":0,"Shared Dirtied Blocks":0,"Shared Written Blocks":0,"Local Hit Blocks":0,"Local Read Blocks":0,"Local Dirtied Blocks":0,"Local Written Blocks":0,"Temp Read Blocks":0,"Temp Written Blocks":0,"I/O Read Time":0.0,"I/O Write Time":0.0,"Temp I/O Read Time":0.0,"Temp I/O Write Time":0.0,"Plans":[{"Node Type":"Hash Join","Parent Relationship":"Outer","Parallel Aware":false,"Async Capable":false,"Join Type":"Inner","Startup Cost":345.81,"Total Cost":573852.08,"Plan Rows":161293,"Plan Width":2,"Actual Startup Time":3.121,"Actual Total Time":5098.657,"Actual Rows":155600,"Actual Loops":1,"Output":["stock_1.s_order_cnt"],"Inner Unique":true,"Hash Cond":"(supplier_1.su_nationkey = nation_1.n_nationkey)","Shared Hit Blocks":416697,"Shared Read Blocks":0,"Shared Dirtied Blocks":0,"Shared Written Blocks":0,"Local Hit Blocks":0,"Local Read Blocks":0,"Local Dirtied Blocks":0,"Local Written Blocks":0,"Temp Read Blocks":0,"Temp Written Blocks":0,"I/O Read Time":0.0,"I/O Write Time":0.0,"Temp I/O Read Time":0.0,"Temp I/O Write Time":0.0,"Plans":[{"Node Type":"Hash Join","Parent Relationship":"Outer","Parallel Aware":false,"Async Capable":false,"Join Type":"Inner","Startup Cost":344.02,"Total Cost":545805.48,"Plan Rows":10000162,"Plan Width":6,"Actual Startup Time":3.064,"Actual Total Time":4446.831,"Actual Rows":10000000,"Actual Loops":1,"Output":["stock_1.s_order_cnt","supplier_1.su_nationkey"],"Inner Unique":true,"Hash Cond":"(mod((stock_1.s_w_id * stock_1.s_i_id), 10000) = supplier_1.su_suppkey)","Shared Hit Blocks":416696,"Shared Read Blocks":0,"Shared Dirtied Blocks":0,"Shared Written Blocks":0,"Local Hit Blocks":0,"Local Read Blocks":0,"Local Dirtied Blocks":0,"Local Written Blocks":0,"Temp Read Blocks":0,"Temp Written Blocks":0,"I/O Read Time":0.0,"I/O Write Time":0.0,"Temp I/O Read Time":0.0,"Temp I/O Write Time":0.0,"Plans":[{"Node Type":"Seq Scan","Parent Relationship":"Outer","Parallel Aware":false,"Async Capable":false,"Relation Name":"stock","Schema":"public","Alias":"stock_1","Startup Cost":0.0,"Total Cost":516697.62,"Plan Rows":10000162,"Plan Width":8,"Actual Startup Time":0.004,"Actual Total Time":969.062,"Actual Rows":10000000,"Actual Loops":1,"Output":["stock_1.s_i_id","stock_1.s_w_id","stock_1.s_quantity","stock_1.s_dist_01","stock_1.s_dist_02","stock_1.s_dist_03","stock_1.s_dist_04","stock_1.s_dist_05","stock_1.s_dist_06","stock_1.s_dist_07","stock_1.s_dist_08","stock_1.s_dist_09","stock_1.s_dist_10","stock_1.s_ytd","stock_1.s_order_cnt","stock_1.s_remote_cnt","stock_1.s_data"],"Shared Hit Blocks":416696,"Shared Read Blocks":0,"Shared Dirtied Blocks":0,"Shared Written Blocks":0,"Local Hit Blocks":0,"Local Read Blocks":0,"Local Dirtied Blocks":0,"Local Written Blocks":0,"Temp Read Blocks":0,"Temp Written Blocks":0,"I/O Read Time":0.0,"I/O Write Time":0.0,"Temp I/O Read Time":0.0,"Temp I/O Write Time":0.0},{"Node Type":"Hash","Parent Relationship":"Inner","Parallel Aware":false,"Async Capable":false,"Startup Cost":219.01,"Total Cost":219.01,"Plan Rows":10001,"Plan Width":8,"Actual Startup Time":3.011,"Actual Total Time":3.013,"Actual Rows":10000,"Actual Loops":1,"Output":["supplier_1.su_suppkey","supplier_1.su_nationkey"],"Hash Buckets":16384,"Original Hash Buckets":16384,"Hash Batches":1,"Original Hash Batches":1,"Peak Memory Usage":519,"Shared Hit Blocks":0,"Shared Read Blocks":0,"Shared Dirtied Blocks":0,"Shared Written Blocks":0,"Local Hit Blocks":0,"Local Read Blocks":0,"Local Dirtied Blocks":0,"Local Written Blocks":0,"Temp Read Blocks":0,"Temp Written Blocks":0,"I/O Read Time":0.0,"I/O Write Time":0.0,"Temp I/O Read Time":0.0,"Temp I/O Write Time":0.0,"Plans":[{"Node Type":"Append","Parent Relationship":"Outer","Parallel Aware":false,"Async Capable":false,"Startup Cost":20.0,"Total Cost":219.01,"Plan Rows":10001,"Plan Width":8,"Actual Startup Time":0.033,"Actual Total Time":1.799,"Actual Rows":10000,"Actual Loops":1,"Shared Hit Blocks":0,"Shared Read Blocks":0,"Shared Dirtied Blocks":0,"Shared Written Blocks":0,"Local Hit Blocks":0,"Local Read Blocks":0,"Local Dirtied Blocks":0,"Local Written Blocks":0,"Temp Read Blocks":0,"Temp Written Blocks":0,"I/O Read Time":0.0,"I/O Write Time":0.0,"Temp I/O Read Time":0.0,"Temp I/O Write Time":0.0,"Subplans Removed":0,"Plans":[{"Node Type":"Custom Scan","Parent Relationship":"Member","Custom Plan Provider":"columnar scan","Parallel Aware":false,"Async Capable":false,"Relation Name":"supplier","Schema":"public","Alias":"supplier_1","Startup Cost":20.0,"Total Cost":215.0,"Plan Rows":10000,"Plan Width":8,"Actual Startup Time":0.031,"Actual Total Time":1.094,"Actual Rows":10000,"Actual Loops":1,"Output":["supplier_1.su_suppkey","supplier_1.su_nationkey"],"Rows Removed by Columnar Filter":0,"Columnar cache search mode":"native","Shared Hit Blocks":0,"Shared Read Blocks":0,"Shared Dirtied Blocks":0,"Shared Written Blocks":0,"Local Hit Blocks":0,"Local Read Blocks":0,"Local Dirtied Blocks":0,"Local Written Blocks":0,"Temp Read Blocks":0,"Temp Written Blocks":0,"I/O Read Time":0.0,"I/O Write Time":0.0,"Temp I/O Read Time":0.0,"Temp I/O Write Time":0.0},{"Node Type":"Seq Scan","Parent Relationship":"Member","Parallel Aware":false,"Async Capable":false,"Relation Name":"supplier","Schema":"public","Alias":"supplier_1","Startup Cost":0.0,"Total Cost":4.01,"Plan Rows":1,"Plan Width":8,"Actual Startup Time":0.0,"Actual Total Time":0.0,"Actual Rows":0,"Actual Loops":0,"Output":["supplier_1.su_suppkey","supplier_1.su_nationkey"],"Shared Hit Blocks":0,"Shared Read Blocks":0,"Shared Dirtied Blocks":0,"Shared Written Blocks":0,"Local Hit Blocks":0,"Local Read Blocks":0,"Local Dirtied Blocks":0,"Local Written Blocks":0,"Temp Read Blocks":0,"Temp Written Blocks":0,"I/O Read Time":0.0,"I/O Write Time":0.0,"Temp I/O Read Time":0.0,"Temp I/O Write Time":0.0}]}]}]},{"Node Type":"Hash","Parent Relationship":"Inner","Parallel Aware":false,"Async Capable":false,"Startup Cost":1.77,"Total Cost":1.77,"Plan Rows":1,"Plan Width":4,"Actual Startup Time":0.031,"Actual Total Time":0.032,"Actual Rows":1,"Actual Loops":1,"Output":["nation_1.n_nationkey"],"Hash Buckets":1024,"Original Hash Buckets":1024,"Hash Batches":1,"Original Hash Batches":1,"Peak Memory Usage":9,"Shared Hit Blocks":1,"Shared Read Blocks":0,"Shared Dirtied Blocks":0,"Shared Written Blocks":0,"Local Hit Blocks":0,"Local Read Blocks":0,"Local Dirtied Blocks":0,"Local Written Blocks":0,"Temp Read Blocks":0,"Temp Written Blocks":0,"I/O Read Time":0.0,"I/O Write Time":0.0,"Temp I/O Read Time":0.0,"Temp I/O Write Time":0.0,"Plans":[{"Node Type":"Seq Scan","Parent Relationship":"Outer","Parallel Aware":false,"Async Capable":false,"Relation Name":"nation","Schema":"public","Alias":"nation_1","Startup Cost":0.0,"Total Cost":1.77,"Plan Rows":1,"Plan Width":4,"Actual Startup Time":0.021,"Actual Total Time":0.025,"Actual Rows":1,"Actual Loops":1,"Output":["nation_1.n_nationkey"],"Filter":"((nation_1.n_name)::text = 'Germany'::text)","Rows Removed by Filter":61,"Shared Hit Blocks":1,"Shared Read Blocks":0,"Shared Dirtied Blocks":0,"Shared Written Blocks":0,"Local Hit Blocks":0,"Local Read Blocks":0,"Local Dirtied Blocks":0,"Local Written Blocks":0,"Temp Read Blocks":0,"Temp Written Blocks":0,"I/O Read Time":0.0,"I/O Write Time":0.0,"Temp I/O Read Time":0.0,"Temp I/O Write Time":0.0}]}]}]},{"Node Type":"Aggregate","Strategy":"Hashed","Partial Mode":"Simple","Parent Relationship":"Outer","Parallel Aware":false,"Async Capable":false,"Startup Cost":582924.81,"Total Cost":585656.49,"Plan Rows":32702,"Plan Width":12,"Actual Startup Time":10662.794,"Actual Total Time":10662.805,"Actual Rows":0,"Actual Loops":1,"Output":["stock.s_i_id","sum(stock.s_order_cnt)"],"Group Key":["stock.s_i_id"],"Filter":"((sum(stock.s_order_cnt))::numeric > $0)","Planned Partitions":0,"HashAgg Batches":5,"Peak Memory Usage":8241,"Disk Usage":728,"Rows Removed by Filter":79560,"Shared Hit Blocks":833394,"Shared Read Blocks":0,"Shared Dirtied Blocks":0,"Shared Written Blocks":0,"Local Hit Blocks":0,"Local Read Blocks":0,"Local Dirtied Blocks":0,"Local Written Blocks":0,"Temp Read Blocks":76,"Temp Written Blocks":146,"I/O Read Time":0.0,"I/O Write Time":0.0,"Temp I/O Read Time":0.131,"Temp I/O Write Time":0.788,"Plans":[{"Node Type":"Hash Join","Parent Relationship":"Outer","Parallel Aware":false,"Async Capable":false,"Join Type":"Inner","Startup Cost":345.81,"Total Cost":573852.08,"Plan Rows":161293,"Plan Width":6,"Actual Startup Time":2.968,"Actual Total Time":5475.534,"Actual Rows":155600,"Actual Loops":1,"Output":["stock.s_i_id","stock.s_order_cnt"],"Inner Unique":true,"Hash Cond":"(supplier.su_nationkey = nation.n_nationkey)","Shared Hit Blocks":416697,"Shared Read Blocks":0,"Shared Dirtied Blocks":0,"Shared Written Blocks":0,"Local Hit Blocks":0,"Local Read Blocks":0,"Local Dirtied Blocks":0,"Local Written Blocks":0,"Temp Read Blocks":0,"Temp Written Blocks":0,"I/O Read Time":0.0,"I/O Write Time":0.0,"Temp I/O Read Time":0.0,"Temp I/O Write Time":0.0,"Plans":[{"Node Type":"Hash Join","Parent Relationship":"Outer","Parallel Aware":false,"Async Capable":false,"Join Type":"Inner","Startup Cost":344.02,"Total Cost":545805.48,"Plan Rows":10000162,"Plan Width":10,"Actual Startup Time":2.945,"Actual Total Time":4810.916,"Actual Rows":10000000,"Actual Loops":1,"Output":["stock.s_i_id","stock.s_order_cnt","supplier.su_nationkey"],"Inner Unique":true,"Hash Cond":"(mod((stock.s_w_id * stock.s_i_id), 10000) = supplier.su_suppkey)","Shared Hit Blocks":416696,"Shared Read Blocks":0,"Shared Dirtied Blocks":0,"Shared Written Blocks":0,"Local Hit Blocks":0,"Local Read Blocks":0,"Local Dirtied Blocks":0,"Local Written Blocks":0,"Temp Read Blocks":0,"Temp Written Blocks":0,"I/O Read Time":0.0,"I/O Write Time":0.0,"Temp I/O Read Time":0.0,"Temp I/O Write Time":0.0,"Plans":[{"Node Type":"Seq Scan","Parent Relationship":"Outer","Parallel Aware":false,"Async Capable":false,"Relation Name":"stock","Schema":"public","Alias":"stock","Startup Cost":0.0,"Total Cost":516697.62,"Plan Rows":10000162,"Plan Width":8,"Actual Startup Time":0.005,"Actual Total Time":999.215,"Actual Rows":10000000,"Actual Loops":1,"Output":["stock.s_i_id","stock.s_w_id","stock.s_quantity","stock.s_dist_01","stock.s_dist_02","stock.s_dist_03","stock.s_dist_04","stock.s_dist_05","stock.s_dist_06","stock.s_dist_07","stock.s_dist_08","stock.s_dist_09","stock.s_dist_10","stock.s_ytd","stock.s_order_cnt","stock.s_remote_cnt","stock.s_data"],"Shared Hit Blocks":416696,"Shared Read Blocks":0,"Shared Dirtied Blocks":0,"Shared Written Blocks":0,"Local Hit Blocks":0,"Local Read Blocks":0,"Local Dirtied Blocks":0,"Local Written Blocks":0,"Temp Read Blocks":0,"Temp Written Blocks":0,"I/O Read Time":0.0,"I/O Write Time":0.0,"Temp I/O Read Time":0.0,"Temp I/O Write Time":0.0},{"Node Type":"Hash","Parent Relationship":"Inner","Parallel Aware":false,"Async Capable":false,"Startup Cost":219.01,"Total Cost":219.01,"Plan Rows":10001,"Plan Width":8,"Actual Startup Time":2.923,"Actual Total Time":2.926,"Actual Rows":10000,"Actual Loops":1,"Output":["supplier.su_suppkey","supplier.su_nationkey"],"Hash Buckets":16384,"Original Hash Buckets":16384,"Hash Batches":1,"Original Hash Batches":1,"Peak Memory Usage":519,"Shared Hit Blocks":0,"Shared Read Blocks":0,"Shared Dirtied Blocks":0,"Shared Written Blocks":0,"Local Hit Blocks":0,"Local Read Blocks":0,"Local Dirtied Blocks":0,"Local Written Blocks":0,"Temp Read Blocks":0,"Temp Written Blocks":0,"I/O Read Time":0.0,"I/O Write Time":0.0,"Temp I/O Read Time":0.0,"Temp I/O Write Time":0.0,"Plans":[{"Node Type":"Append","Parent Relationship":"Outer","Parallel Aware":false,"Async Capable":false,"Startup Cost":20.0,"Total Cost":219.01,"Plan Rows":10001,"Plan Width":8,"Actual Startup Time":0.012,"Actual Total Time":1.8,"Actual Rows":10000,"Actual Loops":1,"Shared Hit Blocks":0,"Shared Read Blocks":0,"Shared Dirtied Blocks":0,"Shared Written Blocks":0,"Local Hit Blocks":0,"Local Read Blocks":0,"Local Dirtied Blocks":0,"Local Written Blocks":0,"Temp Read Blocks":0,"Temp Written Blocks":0,"I/O Read Time":0.0,"I/O Write Time":0.0,"Temp I/O Read Time":0.0,"Temp I/O Write Time":0.0,"Subplans Removed":0,"Plans":[{"Node Type":"Custom Scan","Parent Relationship":"Member","Custom Plan Provider":"columnar scan","Parallel Aware":false,"Async Capable":false,"Relation Name":"supplier","Schema":"public","Alias":"supplier","Startup Cost":20.0,"Total Cost":215.0,"Plan Rows":10000,"Plan Width":8,"Actual Startup Time":0.01,"Actual Total Time":1.062,"Actual Rows":10000,"Actual Loops":1,"Output":["supplier.su_suppkey","supplier.su_nationkey"],"Rows Removed by Columnar Filter":0,"Columnar cache search mode":"native","Shared Hit Blocks":0,"Shared Read Blocks":0,"Shared Dirtied Blocks":0,"Shared Written Blocks":0,"Local Hit Blocks":0,"Local Read Blocks":0,"Local Dirtied Blocks":0,"Local Written Blocks":0,"Temp Read Blocks":0,"Temp Written Blocks":0,"I/O Read Time":0.0,"I/O Write Time":0.0,"Temp I/O Read Time":0.0,"Temp I/O Write Time":0.0},{"Node Type":"Seq Scan","Parent Relationship":"Member","Parallel Aware":false,"Async Capable":false,"Relation Name":"supplier","Schema":"public","Alias":"supplier","Startup Cost":0.0,"Total Cost":4.01,"Plan Rows":1,"Plan Width":8,"Actual Startup Time":0.0,"Actual Total Time":0.0,"Actual Rows":0,"Actual Loops":0,"Output":["supplier.su_suppkey","supplier.su_nationkey"],"Shared Hit Blocks":0,"Shared Read Blocks":0,"Shared Dirtied Blocks":0,"Shared Written Blocks":0,"Local Hit Blocks":0,"Local Read Blocks":0,"Local Dirtied Blocks":0,"Local Written Blocks":0,"Temp Read Blocks":0,"Temp Written Blocks":0,"I/O Read Time":0.0,"I/O Write Time":0.0,"Temp I/O Read Time":0.0,"Temp I/O Write Time":0.0}]}]}]},{"Node Type":"Hash","Parent Relationship":"Inner","Parallel Aware":false,"Async Capable":false,"Startup Cost":1.77,"Total Cost":1.77,"Plan Rows":1,"Plan Width":4,"Actual Startup Time":0.018,"Actual Total Time":0.019,"Actual Rows":1,"Actual Loops":1,"Output":["nation.n_nationkey"],"Hash Buckets":1024,"Original Hash Buckets":1024,"Hash Batches":1,"Original Hash Batches":1,"Peak Memory Usage":9,"Shared Hit Blocks":1,"Shared Read Blocks":0,"Shared Dirtied Blocks":0,"Shared Written Blocks":0,"Local Hit Blocks":0,"Local Read Blocks":0,"Local Dirtied Blocks":0,"Local Written Blocks":0,"Temp Read Blocks":0,"Temp Written Blocks":0,"I/O Read Time":0.0,"I/O Write Time":0.0,"Temp I/O Read Time":0.0,"Temp I/O Write Time":0.0,"Plans":[{"Node Type":"Seq Scan","Parent Relationship":"Outer","Parallel Aware":false,"Async Capable":false,"Relation Name":"nation","Schema":"public","Alias":"nation","Startup Cost":0.0,"Total Cost":1.77,"Plan Rows":1,"Plan Width":4,"Actual Startup Time":0.012,"Actual Total Time":0.015,"Actual Rows":1,"Actual Loops":1,"Output":["nation.n_nationkey"],"Filter":"((nation.n_name)::text = 'Germany'::text)","Rows Removed by Filter":61,"Shared Hit Blocks":1,"Shared Read Blocks":0,"Shared Dirtied Blocks":0,"Shared Written Blocks":0,"Local Hit Blocks":0,"Local Read Blocks":0,"Local Dirtied Blocks":0,"Local Written Blocks":0,"Temp Read Blocks":0,"Temp Written Blocks":0,"I/O Read Time":0.0,"I/O Write Time":0.0,"Temp I/O Read Time":0.0,"Temp I/O Write Time":0.0}]}]}]}]},"Planning":{"Shared Hit Blocks":8,"Shared Read Blocks":0,"Shared Dirtied Blocks":0,"Shared Written Blocks":0,"Local Hit Blocks":0,"Local Read Blocks":0,"Local Dirtied Blocks":0,"Local Written Blocks":0,"Temp Read Blocks":0,"Temp Written Blocks":0,"I/O Read Time":0.0,"I/O Write Time":0.0,"Temp I/O Read Time":0.0,"Temp I/O Write Time":0.0},"Planning Time":0.41,"Triggers":[],"Execution Time":10664.195}]
[列存组合]: nation, stock
[{"Plan":{"Node Type":"Sort","Parallel Aware":false,"Async Capable":false,"Startup Cost":559216.05,"Total Cost":559297.8,"Plan Rows":32702,"Plan Width":12,"Actual Startup Time":9502.819,"Actual Total Time":9502.832,"Actual Rows":0,"Actual Loops":1,"Output":["stock.s_i_id","(sum(stock.s_order_cnt))"],"Sort Key":["(sum(stock.s_order_cnt)) DESC"],"Sort Method":"quicksort","Sort Space Used":25,"Sort Space Type":"Memory","Shared Hit Blocks":436,"Shared Read Blocks":0,"Shared Dirtied Blocks":0,"Shared Written Blocks":0,"Local Hit Blocks":0,"Local Read Blocks":0,"Local Dirtied Blocks":0,"Local Written Blocks":0,"Temp Read Blocks":76,"Temp Written Blocks":146,"I/O Read Time":0.0,"I/O Write Time":0.0,"Temp I/O Read Time":0.124,"Temp I/O Write Time":0.645,"Plans":[{"Node Type":"Aggregate","Strategy":"Plain","Partial Mode":"Simple","Parent Relationship":"InitPlan","Subplan Name":"InitPlan 1 (returns $0)","Parallel Aware":false,"Async Capable":false,"Startup Cost":272681.34,"Total Cost":272681.36,"Plan Rows":1,"Plan Width":32,"Actual Startup Time":4690.391,"Actual Total Time":4690.396,"Actual Rows":1,"Actual Loops":1,"Output":["((sum(stock_1.s_order_cnt))::numeric * 0.005)"],"Shared Hit Blocks":218,"Shared Read Blocks":0,"Shared Dirtied Blocks":0,"Shared Written Blocks":0,"Local Hit Blocks":0,"Local Read Blocks":0,"Local Dirtied Blocks":0,"Local Written Blocks":0,"Temp Read Blocks":0,"Temp Written Blocks":0,"I/O Read Time":0.0,"I/O Write Time":0.0,"Temp I/O Read Time":0.0,"Temp I/O Write Time":0.0,"Plans":[{"Node Type":"Hash Join","Parent Relationship":"Outer","Parallel Aware":false,"Async Capable":false,"Join Type":"Inner","Startup Cost":463.79,"Total Cost":272278.11,"Plan Rows":161293,"Plan Width":2,"Actual Startup Time":2.612,"Actual Total Time":4679.607,"Actual Rows":155600,"Actual Loops":1,"Output":["stock_1.s_order_cnt"],"Inner Unique":true,"Hash Cond":"(supplier_1.su_nationkey = nation_1.n_nationkey)","Shared Hit Blocks":218,"Shared Read Blocks":0,"Shared Dirtied Blocks":0,"Shared Written Blocks":0,"Local Hit Blocks":0,"Local Read Blocks":0,"Local Dirtied Blocks":0,"Local Written Blocks":0,"Temp Read Blocks":0,"Temp Written Blocks":0,"I/O Read Time":0.0,"I/O Write Time":0.0,"Temp I/O Read Time":0.0,"Temp I/O Write Time":0.0,"Plans":[{"Node Type":"Hash Join","Parent Relationship":"Outer","Parallel Aware":false,"Async Capable":false,"Join Type":"Inner","Startup Cost":462.0,"Total Cost":244231.51,"Plan Rows":10000162,"Plan Width":6,"Actual Startup Time":2.561,"Actual Total Time":4027.893,"Actual Rows":10000000,"Actual Loops":1,"Output":["stock_1.s_order_cnt","supplier_1.su_nationkey"],"Inner Unique":true,"Hash Cond":"(mod((stock_1.s_w_id * stock_1.s_i_id), 10000) = supplier_1.su_suppkey)","Shared Hit Blocks":217,"Shared Read Blocks":0,"Shared Dirtied Blocks":0,"Shared Written Blocks":0,"Local Hit Blocks":0,"Local Read Blocks":0,"Local Dirtied Blocks":0,"Local Written Blocks":0,"Temp Read Blocks":0,"Temp Written Blocks":0,"I/O Read Time":0.0,"I/O Write Time":0.0,"Temp I/O Read Time":0.0,"Temp I/O Write Time":0.0,"Plans":[{"Node Type":"Append","Parent Relationship":"Outer","Parallel Aware":false,"Async Capable":false,"Startup Cost":20.0,"Total Cost":215025.67,"Plan Rows":10000162,"Plan Width":8,"Actual Startup Time":0.015,"Actual Total Time":2067.952,"Actual Rows":10000000,"Actual Loops":1,"Shared Hit Blocks":0,"Shared Read Blocks":0,"Shared Dirtied Blocks":0,"Shared Written Blocks":0,"Local Hit Blocks":0,"Local Read Blocks":0,"Local Dirtied Blocks":0,"Local Written Blocks":0,"Temp Read Blocks":0,"Temp Written Blocks":0,"I/O Read Time":0.0,"I/O Write Time":0.0,"Temp I/O Read Time":0.0,"Temp I/O Write Time":0.0,"Subplans Removed":0,"Plans":[{"Node Type":"Custom Scan","Parent Relationship":"Member","Custom Plan Provider":"columnar scan","Parallel Aware":false,"Async Capable":false,"Relation Name":"stock","Schema":"public","Alias":"stock_1","Startup Cost":20.0,"Total Cost":215020.05,"Plan Rows":10000000,"Plan Width":8,"Actual Startup Time":0.013,"Actual Total Time":1374.606,"Actual Rows":10000000,"Actual Loops":1,"Output":["stock_1.s_order_cnt","stock_1.s_w_id","stock_1.s_i_id"],"Rows Removed by Columnar Filter":0,"Columnar cache search mode":"native","Shared Hit Blocks":0,"Shared Read Blocks":0,"Shared Dirtied Blocks":0,"Shared Written Blocks":0,"Local Hit Blocks":0,"Local Read Blocks":0,"Local Dirtied Blocks":0,"Local Written Blocks":0,"Temp Read Blocks":0,"Temp Written Blocks":0,"I/O Read Time":0.0,"I/O Write Time":0.0,"Temp I/O Read Time":0.0,"Temp I/O Write Time":0.0},{"Node Type":"Seq Scan","Parent Relationship":"Member","Parallel Aware":false,"Async Capable":false,"Relation Name":"stock","Schema":"public","Alias":"stock_1","Startup Cost":0.0,"Total Cost":5.62,"Plan Rows":162,"Plan Width":8,"Actual Startup Time":0.0,"Actual Total Time":0.0,"Actual Rows":0,"Actual Loops":0,"Output":["stock_1.s_order_cnt","stock_1.s_w_id","stock_1.s_i_id"],"Shared Hit Blocks":0,"Shared Read Blocks":0,"Shared Dirtied Blocks":0,"Shared Written Blocks":0,"Local Hit Blocks":0,"Local Read Blocks":0,"Local Dirtied Blocks":0,"Local Written Blocks":0,"Temp Read Blocks":0,"Temp Written Blocks":0,"I/O Read Time":0.0,"I/O Write Time":0.0,"Temp I/O Read Time":0.0,"Temp I/O Write Time":0.0}]},{"Node Type":"Hash","Parent Relationship":"Inner","Parallel Aware":false,"Async Capable":false,"Startup Cost":317.0,"Total Cost":317.0,"Plan Rows":10000,"Plan Width":8,"Actual Startup Time":2.495,"Actual Total Time":2.495,"Actual Rows":10000,"Actual Loops":1,"Output":["supplier_1.su_suppkey","supplier_1.su_nationkey"],"Hash Buckets":16384,"Original Hash Buckets":16384,"Hash Batches":1,"Original Hash Batches":1,"Peak Memory Usage":519,"Shared Hit Blocks":217,"Shared Read Blocks":0,"Shared Dirtied Blocks":0,"Shared Written Blocks":0,"Local Hit Blocks":0,"Local Read Blocks":0,"Local Dirtied Blocks":0,"Local Written Blocks":0,"Temp Read Blocks":0,"Temp Written Blocks":0,"I/O Read Time":0.0,"I/O Write Time":0.0,"Temp I/O Read Time":0.0,"Temp I/O Write Time":0.0,"Plans":[{"Node Type":"Seq Scan","Parent Relationship":"Outer","Parallel Aware":false,"Async Capable":false,"Relation Name":"supplier","Schema":"public","Alias":"supplier_1","Startup Cost":0.0,"Total Cost":317.0,"Plan Rows":10000,"Plan Width":8,"Actual Startup Time":0.008,"Actual Total Time":1.272,"Actual Rows":10000,"Actual Loops":1,"Output":["supplier_1.su_suppkey","supplier_1.su_nationkey"],"Shared Hit Blocks":217,"Shared Read Blocks":0,"Shared Dirtied Blocks":0,"Shared Written Blocks":0,"Local Hit Blocks":0,"Local Read Blocks":0,"Local Dirtied Blocks":0,"Local Written Blocks":0,"Temp Read Blocks":0,"Temp Written Blocks":0,"I/O Read Time":0.0,"I/O Write Time":0.0,"Temp I/O Read Time":0.0,"Temp I/O Write Time":0.0}]}]},{"Node Type":"Hash","Parent Relationship":"Inner","Parallel Aware":false,"Async Capable":false,"Startup Cost":1.77,"Total Cost":1.77,"Plan Rows":1,"Plan Width":4,"Actual Startup Time":0.029,"Actual Total Time":0.03,"Actual Rows":1,"Actual Loops":1,"Output":["nation_1.n_nationkey"],"Hash Buckets":1024,"Original Hash Buckets":1024,"Hash Batches":1,"Original Hash Batches":1,"Peak Memory Usage":9,"Shared Hit Blocks":1,"Shared Read Blocks":0,"Shared Dirtied Blocks":0,"Shared Written Blocks":0,"Local Hit Blocks":0,"Local Read Blocks":0,"Local Dirtied Blocks":0,"Local Written Blocks":0,"Temp Read Blocks":0,"Temp Written Blocks":0,"I/O Read Time":0.0,"I/O Write Time":0.0,"Temp I/O Read Time":0.0,"Temp I/O Write Time":0.0,"Plans":[{"Node Type":"Seq Scan","Parent Relationship":"Outer","Parallel Aware":false,"Async Capable":false,"Relation Name":"nation","Schema":"public","Alias":"nation_1","Startup Cost":0.0,"Total Cost":1.77,"Plan Rows":1,"Plan Width":4,"Actual Startup Time":0.021,"Actual Total Time":0.025,"Actual Rows":1,"Actual Loops":1,"Output":["nation_1.n_nationkey"],"Filter":"((nation_1.n_name)::text = 'Germany'::text)","Rows Removed by Filter":61,"Shared Hit Blocks":1,"Shared Read Blocks":0,"Shared Dirtied Blocks":0,"Shared Written Blocks":0,"Local Hit Blocks":0,"Local Read Blocks":0,"Local Dirtied Blocks":0,"Local Written Blocks":0,"Temp Read Blocks":0,"Temp Written Blocks":0,"I/O Read Time":0.0,"I/O Write Time":0.0,"Temp I/O Read Time":0.0,"Temp I/O Write Time":0.0}]}]}]},{"Node Type":"Aggregate","Strategy":"Hashed","Partial Mode":"Simple","Parent Relationship":"Outer","Parallel Aware":false,"Async Capable":false,"Startup Cost":281350.84,"Total Cost":284082.52,"Plan Rows":32702,"Plan Width":12,"Actual Startup Time":9502.807,"Actual Total Time":9502.816,"Actual Rows":0,"Actual Loops":1,"Output":["stock.s_i_id","sum(stock.s_order_cnt)"],"Group Key":["stock.s_i_id"],"Filter":"((sum(stock.s_order_cnt))::numeric > $0)","Planned Partitions":0,"HashAgg Batches":5,"Peak Memory Usage":8241,"Disk Usage":728,"Rows Removed by Filter":79560,"Shared Hit Blocks":436,"Shared Read Blocks":0,"Shared Dirtied Blocks":0,"Shared Written Blocks":0,"Local Hit Blocks":0,"Local Read Blocks":0,"Local Dirtied Blocks":0,"Local Written Blocks":0,"Temp Read Blocks":76,"Temp Written Blocks":146,"I/O Read Time":0.0,"I/O Write Time":0.0,"Temp I/O Read Time":0.124,"Temp I/O Write Time":0.645,"Plans":[{"Node Type":"Hash Join","Parent Relationship":"Outer","Parallel Aware":false,"Async Capable":false,"Join Type":"Inner","Startup Cost":463.79,"Total Cost":272278.11,"Plan Rows":161293,"Plan Width":6,"Actual Startup Time":2.573,"Actual Total Time":4756.827,"Actual Rows":155600,"Actual Loops":1,"Output":["stock.s_i_id","stock.s_order_cnt"],"Inner Unique":true,"Hash Cond":"(supplier.su_nationkey = nation.n_nationkey)","Shared Hit Blocks":218,"Shared Read Blocks":0,"Shared Dirtied Blocks":0,"Shared Written Blocks":0,"Local Hit Blocks":0,"Local Read Blocks":0,"Local Dirtied Blocks":0,"Local Written Blocks":0,"Temp Read Blocks":0,"Temp Written Blocks":0,"I/O Read Time":0.0,"I/O Write Time":0.0,"Temp I/O Read Time":0.0,"Temp I/O Write Time":0.0,"Plans":[{"Node Type":"Hash Join","Parent Relationship":"Outer","Parallel Aware":false,"Async Capable":false,"Join Type":"Inner","Startup Cost":462.0,"Total Cost":244231.51,"Plan Rows":10000162,"Plan Width":10,"Actual Startup Time":2.543,"Actual Total Time":4101.136,"Actual Rows":10000000,"Actual Loops":1,"Output":["stock.s_i_id","stock.s_order_cnt","supplier.su_nationkey"],"Inner Unique":true,"Hash Cond":"(mod((stock.s_w_id * stock.s_i_id), 10000) = supplier.su_suppkey)","Shared Hit Blocks":217,"Shared Read Blocks":0,"Shared Dirtied Blocks":0,"Shared Written Blocks":0,"Local Hit Blocks":0,"Local Read Blocks":0,"Local Dirtied Blocks":0,"Local Written Blocks":0,"Temp Read Blocks":0,"Temp Written Blocks":0,"I/O Read Time":0.0,"I/O Write Time":0.0,"Temp I/O Read Time":0.0,"Temp I/O Write Time":0.0,"Plans":[{"Node Type":"Append","Parent Relationship":"Outer","Parallel Aware":false,"Async Capable":false,"Startup Cost":20.0,"Total Cost":215025.67,"Plan Rows":10000162,"Plan Width":8,"Actual Startup Time":0.023,"Actual Total Time":2112.217,"Actual Rows":10000000,"Actual Loops":1,"Shared Hit Blocks":0,"Shared Read Blocks":0,"Shared Dirtied Blocks":0,"Shared Written Blocks":0,"Local Hit Blocks":0,"Local Read Blocks":0,"Local Dirtied Blocks":0,"Local Written Blocks":0,"Temp Read Blocks":0,"Temp Written Blocks":0,"I/O Read Time":0.0,"I/O Write Time":0.0,"Temp I/O Read Time":0.0,"Temp I/O Write Time":0.0,"Subplans Removed":0,"Plans":[{"Node Type":"Custom Scan","Parent Relationship":"Member","Custom Plan Provider":"columnar scan","Parallel Aware":false,"Async Capable":false,"Relation Name":"stock","Schema":"public","Alias":"stock","Startup Cost":20.0,"Total Cost":215020.05,"Plan Rows":10000000,"Plan Width":8,"Actual Startup Time":0.021,"Actual Total Time":1389.705,"Actual Rows":10000000,"Actual Loops":1,"Output":["stock.s_i_id","stock.s_order_cnt","stock.s_w_id"],"Rows Removed by Columnar Filter":0,"Columnar cache search mode":"native","Shared Hit Blocks":0,"Shared Read Blocks":0,"Shared Dirtied Blocks":0,"Shared Written Blocks":0,"Local Hit Blocks":0,"Local Read Blocks":0,"Local Dirtied Blocks":0,"Local Written Blocks":0,"Temp Read Blocks":0,"Temp Written Blocks":0,"I/O Read Time":0.0,"I/O Write Time":0.0,"Temp I/O Read Time":0.0,"Temp I/O Write Time":0.0},{"Node Type":"Seq Scan","Parent Relationship":"Member","Parallel Aware":false,"Async Capable":false,"Relation Name":"stock","Schema":"public","Alias":"stock","Startup Cost":0.0,"Total Cost":5.62,"Plan Rows":162,"Plan Width":8,"Actual Startup Time":0.0,"Actual Total Time":0.0,"Actual Rows":0,"Actual Loops":0,"Output":["stock.s_i_id","stock.s_order_cnt","stock.s_w_id"],"Shared Hit Blocks":0,"Shared Read Blocks":0,"Shared Dirtied Blocks":0,"Shared Written Blocks":0,"Local Hit Blocks":0,"Local Read Blocks":0,"Local Dirtied Blocks":0,"Local Written Blocks":0,"Temp Read Blocks":0,"Temp Written Blocks":0,"I/O Read Time":0.0,"I/O Write Time":0.0,"Temp I/O Read Time":0.0,"Temp I/O Write Time":0.0}]},{"Node Type":"Hash","Parent Relationship":"Inner","Parallel Aware":false,"Async Capable":false,"Startup Cost":317.0,"Total Cost":317.0,"Plan Rows":10000,"Plan Width":8,"Actual Startup Time":2.471,"Actual Total Time":2.472,"Actual Rows":10000,"Actual Loops":1,"Output":["supplier.su_suppkey","supplier.su_nationkey"],"Hash Buckets":16384,"Original Hash Buckets":16384,"Hash Batches":1,"Original Hash Batches":1,"Peak Memory Usage":519,"Shared Hit Blocks":217,"Shared Read Blocks":0,"Shared Dirtied Blocks":0,"Shared Written Blocks":0,"Local Hit Blocks":0,"Local Read Blocks":0,"Local Dirtied Blocks":0,"Local Written Blocks":0,"Temp Read Blocks":0,"Temp Written Blocks":0,"I/O Read Time":0.0,"I/O Write Time":0.0,"Temp I/O Read Time":0.0,"Temp I/O Write Time":0.0,"Plans":[{"Node Type":"Seq Scan","Parent Relationship":"Outer","Parallel Aware":false,"Async Capable":false,"Relation Name":"supplier","Schema":"public","Alias":"supplier","Startup Cost":0.0,"Total Cost":317.0,"Plan Rows":10000,"Plan Width":8,"Actual Startup Time":0.005,"Actual Total Time":1.261,"Actual Rows":10000,"Actual Loops":1,"Output":["supplier.su_suppkey","supplier.su_nationkey"],"Shared Hit Blocks":217,"Shared Read Blocks":0,"Shared Dirtied Blocks":0,"Shared Written Blocks":0,"Local Hit Blocks":0,"Local Read Blocks":0,"Local Dirtied Blocks":0,"Local Written Blocks":0,"Temp Read Blocks":0,"Temp Written Blocks":0,"I/O Read Time":0.0,"I/O Write Time":0.0,"Temp I/O Read Time":0.0,"Temp I/O Write Time":0.0}]}]},{"Node Type":"Hash","Parent Relationship":"Inner","Parallel Aware":false,"Async Capable":false,"Startup Cost":1.77,"Total Cost":1.77,"Plan Rows":1,"Plan Width":4,"Actual Startup Time":0.02,"Actual Total Time":0.022,"Actual Rows":1,"Actual Loops":1,"Output":["nation.n_nationkey"],"Hash Buckets":1024,"Original Hash Buckets":1024,"Hash Batches":1,"Original Hash Batches":1,"Peak Memory Usage":9,"Shared Hit Blocks":1,"Shared Read Blocks":0,"Shared Dirtied Blocks":0,"Shared Written Blocks":0,"Local Hit Blocks":0,"Local Read Blocks":0,"Local Dirtied Blocks":0,"Local Written Blocks":0,"Temp Read Blocks":0,"Temp Written Blocks":0,"I/O Read Time":0.0,"I/O Write Time":0.0,"Temp I/O Read Time":0.0,"Temp I/O Write Time":0.0,"Plans":[{"Node Type":"Seq Scan","Parent Relationship":"Outer","Parallel Aware":false,"Async Capable":false,"Relation Name":"nation","Schema":"public","Alias":"nation","Startup Cost":0.0,"Total Cost":1.77,"Plan Rows":1,"Plan Width":4,"Actual Startup Time":0.013,"Actual Total Time":0.017,"Actual Rows":1,"Actual Loops":1,"Output":["nation.n_nationkey"],"Filter":"((nation.n_name)::text = 'Germany'::text)","Rows Removed by Filter":61,"Shared Hit Blocks":1,"Shared Read Blocks":0,"Shared Dirtied Blocks":0,"Shared Written Blocks":0,"Local Hit Blocks":0,"Local Read Blocks":0,"Local Dirtied Blocks":0,"Local Written Blocks":0,"Temp Read Blocks":0,"Temp Written Blocks":0,"I/O Read Time":0.0,"I/O Write Time":0.0,"Temp I/O Read Time":0.0,"Temp I/O Write Time":0.0}]}]}]}]},"Planning":{"Shared Hit Blocks":8,"Shared Read Blocks":0,"Shared Dirtied Blocks":0,"Shared Written Blocks":0,"Local Hit Blocks":0,"Local Read Blocks":0,"Local Dirtied Blocks":0,"Local Written Blocks":0,"Temp Read Blocks":0,"Temp Written Blocks":0,"I/O Read Time":0.0,"I/O Write Time":0.0,"Temp I/O Read Time":0.0,"Temp I/O Write Time":0.0},"Planning Time":1.127,"Triggers":[],"Execution Time":9504.201}]
[列存组合]: nation, supplier
[{"Plan":{"Node Type":"Sort","Parallel Aware":false,"Async Capable":false,"Startup Cost":1162363.99,"Total Cost":1162445.75,"Plan Rows":32702,"Plan Width":12,"Actual Startup Time":10652.89,"Actual Total Time":10652.91,"Actual Rows":0,"Actual Loops":1,"Output":["stock.s_i_id","(sum(stock.s_order_cnt))"],"Sort Key":["(sum(stock.s_order_cnt)) DESC"],"Sort Method":"quicksort","Sort Space Used":25,"Sort Space Type":"Memory","Shared Hit Blocks":833394,"Shared Read Blocks":0,"Shared Dirtied Blocks":0,"Shared Written Blocks":0,"Local Hit Blocks":0,"Local Read Blocks":0,"Local Dirtied Blocks":0,"Local Written Blocks":0,"Temp Read Blocks":76,"Temp Written Blocks":146,"I/O Read Time":0.0,"I/O Write Time":0.0,"Temp I/O Read Time":0.142,"Temp I/O Write Time":0.793,"Plans":[{"Node Type":"Aggregate","Strategy":"Plain","Partial Mode":"Simple","Parent Relationship":"InitPlan","Subplan Name":"InitPlan 1 (returns $0)","Parallel Aware":false,"Async Capable":false,"Startup Cost":574255.31,"Total Cost":574255.33,"Plan Rows":1,"Plan Width":32,"Actual Startup Time":5115.825,"Actual Total Time":5115.833,"Actual Rows":1,"Actual Loops":1,"Output":["((sum(stock_1.s_order_cnt))::numeric * 0.005)"],"Shared Hit Blocks":416697,"Shared Read Blocks":0,"Shared Dirtied Blocks":0,"Shared Written Blocks":0,"Local Hit Blocks":0,"Local Read Blocks":0,"Local Dirtied Blocks":0,"Local Written Blocks":0,"Temp Read Blocks":0,"Temp Written Blocks":0,"I/O Read Time":0.0,"I/O Write Time":0.0,"Temp I/O Read Time":0.0,"Temp I/O Write Time":0.0,"Plans":[{"Node Type":"Hash Join","Parent Relationship":"Outer","Parallel Aware":false,"Async Capable":false,"Join Type":"Inner","Startup Cost":345.81,"Total Cost":573852.08,"Plan Rows":161293,"Plan Width":2,"Actual Startup Time":3.115,"Actual Total Time":5104.298,"Actual Rows":155600,"Actual Loops":1,"Output":["stock_1.s_order_cnt"],"Inner Unique":true,"Hash Cond":"(supplier_1.su_nationkey = nation_1.n_nationkey)","Shared Hit Blocks":416697,"Shared Read Blocks":0,"Shared Dirtied Blocks":0,"Shared Written Blocks":0,"Local Hit Blocks":0,"Local Read Blocks":0,"Local Dirtied Blocks":0,"Local Written Blocks":0,"Temp Read Blocks":0,"Temp Written Blocks":0,"I/O Read Time":0.0,"I/O Write Time":0.0,"Temp I/O Read Time":0.0,"Temp I/O Write Time":0.0,"Plans":[{"Node Type":"Hash Join","Parent Relationship":"Outer","Parallel Aware":false,"Async Capable":false,"Join Type":"Inner","Startup Cost":344.02,"Total Cost":545805.48,"Plan Rows":10000162,"Plan Width":6,"Actual Startup Time":3.061,"Actual Total Time":4458.59,"Actual Rows":10000000,"Actual Loops":1,"Output":["stock_1.s_order_cnt","supplier_1.su_nationkey"],"Inner Unique":true,"Hash Cond":"(mod((stock_1.s_w_id * stock_1.s_i_id), 10000) = supplier_1.su_suppkey)","Shared Hit Blocks":416696,"Shared Read Blocks":0,"Shared Dirtied Blocks":0,"Shared Written Blocks":0,"Local Hit Blocks":0,"Local Read Blocks":0,"Local Dirtied Blocks":0,"Local Written Blocks":0,"Temp Read Blocks":0,"Temp Written Blocks":0,"I/O Read Time":0.0,"I/O Write Time":0.0,"Temp I/O Read Time":0.0,"Temp I/O Write Time":0.0,"Plans":[{"Node Type":"Seq Scan","Parent Relationship":"Outer","Parallel Aware":false,"Async Capable":false,"Relation Name":"stock","Schema":"public","Alias":"stock_1","Startup Cost":0.0,"Total Cost":516697.62,"Plan Rows":10000162,"Plan Width":8,"Actual Startup Time":0.005,"Actual Total Time":970.68,"Actual Rows":10000000,"Actual Loops":1,"Output":["stock_1.s_i_id","stock_1.s_w_id","stock_1.s_quantity","stock_1.s_dist_01","stock_1.s_dist_02","stock_1.s_dist_03","stock_1.s_dist_04","stock_1.s_dist_05","stock_1.s_dist_06","stock_1.s_dist_07","stock_1.s_dist_08","stock_1.s_dist_09","stock_1.s_dist_10","stock_1.s_ytd","stock_1.s_order_cnt","stock_1.s_remote_cnt","stock_1.s_data"],"Shared Hit Blocks":416696,"Shared Read Blocks":0,"Shared Dirtied Blocks":0,"Shared Written Blocks":0,"Local Hit Blocks":0,"Local Read Blocks":0,"Local Dirtied Blocks":0,"Local Written Blocks":0,"Temp Read Blocks":0,"Temp Written Blocks":0,"I/O Read Time":0.0,"I/O Write Time":0.0,"Temp I/O Read Time":0.0,"Temp I/O Write Time":0.0},{"Node Type":"Hash","Parent Relationship":"Inner","Parallel Aware":false,"Async Capable":false,"Startup Cost":219.01,"Total Cost":219.01,"Plan Rows":10001,"Plan Width":8,"Actual Startup Time":3.006,"Actual Total Time":3.009,"Actual Rows":10000,"Actual Loops":1,"Output":["supplier_1.su_suppkey","supplier_1.su_nationkey"],"Hash Buckets":16384,"Original Hash Buckets":16384,"Hash Batches":1,"Original Hash Batches":1,"Peak Memory Usage":519,"Shared Hit Blocks":0,"Shared Read Blocks":0,"Shared Dirtied Blocks":0,"Shared Written Blocks":0,"Local Hit Blocks":0,"Local Read Blocks":0,"Local Dirtied Blocks":0,"Local Written Blocks":0,"Temp Read Blocks":0,"Temp Written Blocks":0,"I/O Read Time":0.0,"I/O Write Time":0.0,"Temp I/O Read Time":0.0,"Temp I/O Write Time":0.0,"Plans":[{"Node Type":"Append","Parent Relationship":"Outer","Parallel Aware":false,"Async Capable":false,"Startup Cost":20.0,"Total Cost":219.01,"Plan Rows":10001,"Plan Width":8,"Actual Startup Time":0.032,"Actual Total Time":1.793,"Actual Rows":10000,"Actual Loops":1,"Shared Hit Blocks":0,"Shared Read Blocks":0,"Shared Dirtied Blocks":0,"Shared Written Blocks":0,"Local Hit Blocks":0,"Local Read Blocks":0,"Local Dirtied Blocks":0,"Local Written Blocks":0,"Temp Read Blocks":0,"Temp Written Blocks":0,"I/O Read Time":0.0,"I/O Write Time":0.0,"Temp I/O Read Time":0.0,"Temp I/O Write Time":0.0,"Subplans Removed":0,"Plans":[{"Node Type":"Custom Scan","Parent Relationship":"Member","Custom Plan Provider":"columnar scan","Parallel Aware":false,"Async Capable":false,"Relation Name":"supplier","Schema":"public","Alias":"supplier_1","Startup Cost":20.0,"Total Cost":215.0,"Plan Rows":10000,"Plan Width":8,"Actual Startup Time":0.03,"Actual Total Time":1.091,"Actual Rows":10000,"Actual Loops":1,"Output":["supplier_1.su_suppkey","supplier_1.su_nationkey"],"Rows Removed by Columnar Filter":0,"Columnar cache search mode":"native","Shared Hit Blocks":0,"Shared Read Blocks":0,"Shared Dirtied Blocks":0,"Shared Written Blocks":0,"Local Hit Blocks":0,"Local Read Blocks":0,"Local Dirtied Blocks":0,"Local Written Blocks":0,"Temp Read Blocks":0,"Temp Written Blocks":0,"I/O Read Time":0.0,"I/O Write Time":0.0,"Temp I/O Read Time":0.0,"Temp I/O Write Time":0.0},{"Node Type":"Seq Scan","Parent Relationship":"Member","Parallel Aware":false,"Async Capable":false,"Relation Name":"supplier","Schema":"public","Alias":"supplier_1","Startup Cost":0.0,"Total Cost":4.01,"Plan Rows":1,"Plan Width":8,"Actual Startup Time":0.0,"Actual Total Time":0.0,"Actual Rows":0,"Actual Loops":0,"Output":["supplier_1.su_suppkey","supplier_1.su_nationkey"],"Shared Hit Blocks":0,"Shared Read Blocks":0,"Shared Dirtied Blocks":0,"Shared Written Blocks":0,"Local Hit Blocks":0,"Local Read Blocks":0,"Local Dirtied Blocks":0,"Local Written Blocks":0,"Temp Read Blocks":0,"Temp Written Blocks":0,"I/O Read Time":0.0,"I/O Write Time":0.0,"Temp I/O Read Time":0.0,"Temp I/O Write Time":0.0}]}]}]},{"Node Type":"Hash","Parent Relationship":"Inner","Parallel Aware":false,"Async Capable":false,"Startup Cost":1.77,"Total Cost":1.77,"Plan Rows":1,"Plan Width":4,"Actual Startup Time":0.03,"Actual Total Time":0.031,"Actual Rows":1,"Actual Loops":1,"Output":["nation_1.n_nationkey"],"Hash Buckets":1024,"Original Hash Buckets":1024,"Hash Batches":1,"Original Hash Batches":1,"Peak Memory Usage":9,"Shared Hit Blocks":1,"Shared Read Blocks":0,"Shared Dirtied Blocks":0,"Shared Written Blocks":0,"Local Hit Blocks":0,"Local Read Blocks":0,"Local Dirtied Blocks":0,"Local Written Blocks":0,"Temp Read Blocks":0,"Temp Written Blocks":0,"I/O Read Time":0.0,"I/O Write Time":0.0,"Temp I/O Read Time":0.0,"Temp I/O Write Time":0.0,"Plans":[{"Node Type":"Seq Scan","Parent Relationship":"Outer","Parallel Aware":false,"Async Capable":false,"Relation Name":"nation","Schema":"public","Alias":"nation_1","Startup Cost":0.0,"Total Cost":1.77,"Plan Rows":1,"Plan Width":4,"Actual Startup Time":0.021,"Actual Total Time":0.025,"Actual Rows":1,"Actual Loops":1,"Output":["nation_1.n_nationkey"],"Filter":"((nation_1.n_name)::text = 'Germany'::text)","Rows Removed by Filter":61,"Shared Hit Blocks":1,"Shared Read Blocks":0,"Shared Dirtied Blocks":0,"Shared Written Blocks":0,"Local Hit Blocks":0,"Local Read Blocks":0,"Local Dirtied Blocks":0,"Local Written Blocks":0,"Temp Read Blocks":0,"Temp Written Blocks":0,"I/O Read Time":0.0,"I/O Write Time":0.0,"Temp I/O Read Time":0.0,"Temp I/O Write Time":0.0}]}]}]},{"Node Type":"Aggregate","Strategy":"Hashed","Partial Mode":"Simple","Parent Relationship":"Outer","Parallel Aware":false,"Async Capable":false,"Startup Cost":582924.81,"Total Cost":585656.49,"Plan Rows":32702,"Plan Width":12,"Actual Startup Time":10652.878,"Actual Total Time":10652.889,"Actual Rows":0,"Actual Loops":1,"Output":["stock.s_i_id","sum(stock.s_order_cnt)"],"Group Key":["stock.s_i_id"],"Filter":"((sum(stock.s_order_cnt))::numeric > $0)","Planned Partitions":0,"HashAgg Batches":5,"Peak Memory Usage":8241,"Disk Usage":728,"Rows Removed by Filter":79560,"Shared Hit Blocks":833394,"Shared Read Blocks":0,"Shared Dirtied Blocks":0,"Shared Written Blocks":0,"Local Hit Blocks":0,"Local Read Blocks":0,"Local Dirtied Blocks":0,"Local Written Blocks":0,"Temp Read Blocks":76,"Temp Written Blocks":146,"I/O Read Time":0.0,"I/O Write Time":0.0,"Temp I/O Read Time":0.142,"Temp I/O Write Time":0.793,"Plans":[{"Node Type":"Hash Join","Parent Relationship":"Outer","Parallel Aware":false,"Async Capable":false,"Join Type":"Inner","Startup Cost":345.81,"Total Cost":573852.08,"Plan Rows":161293,"Plan Width":6,"Actual Startup Time":3.006,"Actual Total Time":5458.073,"Actual Rows":155600,"Actual Loops":1,"Output":["stock.s_i_id","stock.s_order_cnt"],"Inner Unique":true,"Hash Cond":"(supplier.su_nationkey = nation.n_nationkey)","Shared Hit Blocks":416697,"Shared Read Blocks":0,"Shared Dirtied Blocks":0,"Shared Written Blocks":0,"Local Hit Blocks":0,"Local Read Blocks":0,"Local Dirtied Blocks":0,"Local Written Blocks":0,"Temp Read Blocks":0,"Temp Written Blocks":0,"I/O Read Time":0.0,"I/O Write Time":0.0,"Temp I/O Read Time":0.0,"Temp I/O Write Time":0.0,"Plans":[{"Node Type":"Hash Join","Parent Relationship":"Outer","Parallel Aware":false,"Async Capable":false,"Join Type":"Inner","Startup Cost":344.02,"Total Cost":545805.48,"Plan Rows":10000162,"Plan Width":10,"Actual Startup Time":2.981,"Actual Total Time":4798.943,"Actual Rows":10000000,"Actual Loops":1,"Output":["stock.s_i_id","stock.s_order_cnt","supplier.su_nationkey"],"Inner Unique":true,"Hash Cond":"(mod((stock.s_w_id * stock.s_i_id), 10000) = supplier.su_suppkey)","Shared Hit Blocks":416696,"Shared Read Blocks":0,"Shared Dirtied Blocks":0,"Shared Written Blocks":0,"Local Hit Blocks":0,"Local Read Blocks":0,"Local Dirtied Blocks":0,"Local Written Blocks":0,"Temp Read Blocks":0,"Temp Written Blocks":0,"I/O Read Time":0.0,"I/O Write Time":0.0,"Temp I/O Read Time":0.0,"Temp I/O Write Time":0.0,"Plans":[{"Node Type":"Seq Scan","Parent Relationship":"Outer","Parallel Aware":false,"Async Capable":false,"Relation Name":"stock","Schema":"public","Alias":"stock","Startup Cost":0.0,"Total Cost":516697.62,"Plan Rows":10000162,"Plan Width":8,"Actual Startup Time":0.005,"Actual Total Time":995.139,"Actual Rows":10000000,"Actual Loops":1,"Output":["stock.s_i_id","stock.s_w_id","stock.s_quantity","stock.s_dist_01","stock.s_dist_02","stock.s_dist_03","stock.s_dist_04","stock.s_dist_05","stock.s_dist_06","stock.s_dist_07","stock.s_dist_08","stock.s_dist_09","stock.s_dist_10","stock.s_ytd","stock.s_order_cnt","stock.s_remote_cnt","stock.s_data"],"Shared Hit Blocks":416696,"Shared Read Blocks":0,"Shared Dirtied Blocks":0,"Shared Written Blocks":0,"Local Hit Blocks":0,"Local Read Blocks":0,"Local Dirtied Blocks":0,"Local Written Blocks":0,"Temp Read Blocks":0,"Temp Written Blocks":0,"I/O Read Time":0.0,"I/O Write Time":0.0,"Temp I/O Read Time":0.0,"Temp I/O Write Time":0.0},{"Node Type":"Hash","Parent Relationship":"Inner","Parallel Aware":false,"Async Capable":false,"Startup Cost":219.01,"Total Cost":219.01,"Plan Rows":10001,"Plan Width":8,"Actual Startup Time":2.959,"Actual Total Time":2.963,"Actual Rows":10000,"Actual Loops":1,"Output":["supplier.su_suppkey","supplier.su_nationkey"],"Hash Buckets":16384,"Original Hash Buckets":16384,"Hash Batches":1,"Original Hash Batches":1,"Peak Memory Usage":519,"Shared Hit Blocks":0,"Shared Read Blocks":0,"Shared Dirtied Blocks":0,"Shared Written Blocks":0,"Local Hit Blocks":0,"Local Read Blocks":0,"Local Dirtied Blocks":0,"Local Written Blocks":0,"Temp Read Blocks":0,"Temp Written Blocks":0,"I/O Read Time":0.0,"I/O Write Time":0.0,"Temp I/O Read Time":0.0,"Temp I/O Write Time":0.0,"Plans":[{"Node Type":"Append","Parent Relationship":"Outer","Parallel Aware":false,"Async Capable":false,"Startup Cost":20.0,"Total Cost":219.01,"Plan Rows":10001,"Plan Width":8,"Actual Startup Time":0.013,"Actual Total Time":1.813,"Actual Rows":10000,"Actual Loops":1,"Shared Hit Blocks":0,"Shared Read Blocks":0,"Shared Dirtied Blocks":0,"Shared Written Blocks":0,"Local Hit Blocks":0,"Local Read Blocks":0,"Local Dirtied Blocks":0,"Local Written Blocks":0,"Temp Read Blocks":0,"Temp Written Blocks":0,"I/O Read Time":0.0,"I/O Write Time":0.0,"Temp I/O Read Time":0.0,"Temp I/O Write Time":0.0,"Subplans Removed":0,"Plans":[{"Node Type":"Custom Scan","Parent Relationship":"Member","Custom Plan Provider":"columnar scan","Parallel Aware":false,"Async Capable":false,"Relation Name":"supplier","Schema":"public","Alias":"supplier","Startup Cost":20.0,"Total Cost":215.0,"Plan Rows":10000,"Plan Width":8,"Actual Startup Time":0.012,"Actual Total Time":1.068,"Actual Rows":10000,"Actual Loops":1,"Output":["supplier.su_suppkey","supplier.su_nationkey"],"Rows Removed by Columnar Filter":0,"Columnar cache search mode":"native","Shared Hit Blocks":0,"Shared Read Blocks":0,"Shared Dirtied Blocks":0,"Shared Written Blocks":0,"Local Hit Blocks":0,"Local Read Blocks":0,"Local Dirtied Blocks":0,"Local Written Blocks":0,"Temp Read Blocks":0,"Temp Written Blocks":0,"I/O Read Time":0.0,"I/O Write Time":0.0,"Temp I/O Read Time":0.0,"Temp I/O Write Time":0.0},{"Node Type":"Seq Scan","Parent Relationship":"Member","Parallel Aware":false,"Async Capable":false,"Relation Name":"supplier","Schema":"public","Alias":"supplier","Startup Cost":0.0,"Total Cost":4.01,"Plan Rows":1,"Plan Width":8,"Actual Startup Time":0.0,"Actual Total Time":0.0,"Actual Rows":0,"Actual Loops":0,"Output":["supplier.su_suppkey","supplier.su_nationkey"],"Shared Hit Blocks":0,"Shared Read Blocks":0,"Shared Dirtied Blocks":0,"Shared Written Blocks":0,"Local Hit Blocks":0,"Local Read Blocks":0,"Local Dirtied Blocks":0,"Local Written Blocks":0,"Temp Read Blocks":0,"Temp Written Blocks":0,"I/O Read Time":0.0,"I/O Write Time":0.0,"Temp I/O Read Time":0.0,"Temp I/O Write Time":0.0}]}]}]},{"Node Type":"Hash","Parent Relationship":"Inner","Parallel Aware":false,"Async Capable":false,"Startup Cost":1.77,"Total Cost":1.77,"Plan Rows":1,"Plan Width":4,"Actual Startup Time":0.018,"Actual Total Time":0.02,"Actual Rows":1,"Actual Loops":1,"Output":["nation.n_nationkey"],"Hash Buckets":1024,"Original Hash Buckets":1024,"Hash Batches":1,"Original Hash Batches":1,"Peak Memory Usage":9,"Shared Hit Blocks":1,"Shared Read Blocks":0,"Shared Dirtied Blocks":0,"Shared Written Blocks":0,"Local Hit Blocks":0,"Local Read Blocks":0,"Local Dirtied Blocks":0,"Local Written Blocks":0,"Temp Read Blocks":0,"Temp Written Blocks":0,"I/O Read Time":0.0,"I/O Write Time":0.0,"Temp I/O Read Time":0.0,"Temp I/O Write Time":0.0,"Plans":[{"Node Type":"Seq Scan","Parent Relationship":"Outer","Parallel Aware":false,"Async Capable":false,"Relation Name":"nation","Schema":"public","Alias":"nation","Startup Cost":0.0,"Total Cost":1.77,"Plan Rows":1,"Plan Width":4,"Actual Startup Time":0.012,"Actual Total Time":0.016,"Actual Rows":1,"Actual Loops":1,"Output":["nation.n_nationkey"],"Filter":"((nation.n_name)::text = 'Germany'::text)","Rows Removed by Filter":61,"Shared Hit Blocks":1,"Shared Read Blocks":0,"Shared Dirtied Blocks":0,"Shared Written Blocks":0,"Local Hit Blocks":0,"Local Read Blocks":0,"Local Dirtied Blocks":0,"Local Written Blocks":0,"Temp Read Blocks":0,"Temp Written Blocks":0,"I/O Read Time":0.0,"I/O Write Time":0.0,"Temp I/O Read Time":0.0,"Temp I/O Write Time":0.0}]}]}]}]},"Planning":{"Shared Hit Blocks":8,"Shared Read Blocks":0,"Shared Dirtied Blocks":0,"Shared Written Blocks":0,"Local Hit Blocks":0,"Local Read Blocks":0,"Local Dirtied Blocks":0,"Local Written Blocks":0,"Temp Read Blocks":0,"Temp Written Blocks":0,"I/O Read Time":0.0,"I/O Write Time":0.0,"Temp I/O Read Time":0.0,"Temp I/O Write Time":0.0},"Planning Time":0.444,"Triggers":[],"Execution Time":10654.293}]
[列存组合]: stock, supplier
[{"Plan":{"Node Type":"Sort","Parallel Aware":false,"Async Capable":false,"Startup Cost":559020.09,"Total Cost":559101.85,"Plan Rows":32702,"Plan Width":12,"Actual Startup Time":9539.261,"Actual Total Time":9539.28,"Actual Rows":0,"Actual Loops":1,"Output":["stock.s_i_id","(sum(stock.s_order_cnt))"],"Sort Key":["(sum(stock.s_order_cnt)) DESC"],"Sort Method":"quicksort","Sort Space Used":25,"Sort Space Type":"Memory","Shared Hit Blocks":2,"Shared Read Blocks":0,"Shared Dirtied Blocks":0,"Shared Written Blocks":0,"Local Hit Blocks":0,"Local Read Blocks":0,"Local Dirtied Blocks":0,"Local Written Blocks":0,"Temp Read Blocks":76,"Temp Written Blocks":146,"I/O Read Time":0.0,"I/O Write Time":0.0,"Temp I/O Read Time":0.123,"Temp I/O Write Time":0.625,"Plans":[{"Node Type":"Aggregate","Strategy":"Plain","Partial Mode":"Simple","Parent Relationship":"InitPlan","Subplan Name":"InitPlan 1 (returns $0)","Parallel Aware":false,"Async Capable":false,"Startup Cost":272583.36,"Total Cost":272583.38,"Plan Rows":1,"Plan Width":32,"Actual Startup Time":4690.528,"Actual Total Time":4690.533,"Actual Rows":1,"Actual Loops":1,"Output":["((sum(stock_1.s_order_cnt))::numeric * 0.005)"],"Shared Hit Blocks":1,"Shared Read Blocks":0,"Shared Dirtied Blocks":0,"Shared Written Blocks":0,"Local Hit Blocks":0,"Local Read Blocks":0,"Local Dirtied Blocks":0,"Local Written Blocks":0,"Temp Read Blocks":0,"Temp Written Blocks":0,"I/O Read Time":0.0,"I/O Write Time":0.0,"Temp I/O Read Time":0.0,"Temp I/O Write Time":0.0,"Plans":[{"Node Type":"Hash Join","Parent Relationship":"Outer","Parallel Aware":false,"Async Capable":false,"Join Type":"Inner","Startup Cost":365.81,"Total Cost":272180.13,"Plan Rows":161293,"Plan Width":2,"Actual Startup Time":3.109,"Actual Total Time":4680.264,"Actual Rows":155600,"Actual Loops":1,"Output":["stock_1.s_order_cnt"],"Inner Unique":true,"Hash Cond":"(supplier_1.su_nationkey = nation_1.n_nationkey)","Shared Hit Blocks":1,"Shared Read Blocks":0,"Shared Dirtied Blocks":0,"Shared Written Blocks":0,"Local Hit Blocks":0,"Local Read Blocks":0,"Local Dirtied Blocks":0,"Local Written Blocks":0,"Temp Read Blocks":0,"Temp Written Blocks":0,"I/O Read Time":0.0,"I/O Write Time":0.0,"Temp I/O Read Time":0.0,"Temp I/O Write Time":0.0,"Plans":[{"Node Type":"Hash Join","Parent Relationship":"Outer","Parallel Aware":false,"Async Capable":false,"Join Type":"Inner","Startup Cost":364.02,"Total Cost":244133.53,"Plan Rows":10000162,"Plan Width":6,"Actual Startup Time":3.056,"Actual Total Time":4023.427,"Actual Rows":10000000,"Actual Loops":1,"Output":["stock_1.s_order_cnt","supplier_1.su_nationkey"],"Inner Unique":true,"Hash Cond":"(mod((stock_1.s_w_id * stock_1.s_i_id), 10000) = supplier_1.su_suppkey)","Shared Hit Blocks":0,"Shared Read Blocks":0,"Shared Dirtied Blocks":0,"Shared Written Blocks":0,"Local Hit Blocks":0,"Local Read Blocks":0,"Local Dirtied Blocks":0,"Local Written Blocks":0,"Temp Read Blocks":0,"Temp Written Blocks":0,"I/O Read Time":0.0,"I/O Write Time":0.0,"Temp I/O Read Time":0.0,"Temp I/O Write Time":0.0,"Plans":[{"Node Type":"Append","Parent Relationship":"Outer","Parallel Aware":false,"Async Capable":false,"Startup Cost":20.0,"Total Cost":215025.67,"Plan Rows":10000162,"Plan Width":8,"Actual Startup Time":0.014,"Actual Total Time":2065.499,"Actual Rows":10000000,"Actual Loops":1,"Shared Hit Blocks":0,"Shared Read Blocks":0,"Shared Dirtied Blocks":0,"Shared Written Blocks":0,"Local Hit Blocks":0,"Local Read Blocks":0,"Local Dirtied Blocks":0,"Local Written Blocks":0,"Temp Read Blocks":0,"Temp Written Blocks":0,"I/O Read Time":0.0,"I/O Write Time":0.0,"Temp I/O Read Time":0.0,"Temp I/O Write Time":0.0,"Subplans Removed":0,"Plans":[{"Node Type":"Custom Scan","Parent Relationship":"Member","Custom Plan Provider":"columnar scan","Parallel Aware":false,"Async Capable":false,"Relation Name":"stock","Schema":"public","Alias":"stock_1","Startup Cost":20.0,"Total Cost":215020.05,"Plan Rows":10000000,"Plan Width":8,"Actual Startup Time":0.012,"Actual Total Time":1375.209,"Actual Rows":10000000,"Actual Loops":1,"Output":["stock_1.s_order_cnt","stock_1.s_w_id","stock_1.s_i_id"],"Rows Removed by Columnar Filter":0,"Columnar cache search mode":"native","Shared Hit Blocks":0,"Shared Read Blocks":0,"Shared Dirtied Blocks":0,"Shared Written Blocks":0,"Local Hit Blocks":0,"Local Read Blocks":0,"Local Dirtied Blocks":0,"Local Written Blocks":0,"Temp Read Blocks":0,"Temp Written Blocks":0,"I/O Read Time":0.0,"I/O Write Time":0.0,"Temp I/O Read Time":0.0,"Temp I/O Write Time":0.0},{"Node Type":"Seq Scan","Parent Relationship":"Member","Parallel Aware":false,"Async Capable":false,"Relation Name":"stock","Schema":"public","Alias":"stock_1","Startup Cost":0.0,"Total Cost":5.62,"Plan Rows":162,"Plan Width":8,"Actual Startup Time":0.0,"Actual Total Time":0.0,"Actual Rows":0,"Actual Loops":0,"Output":["stock_1.s_order_cnt","stock_1.s_w_id","stock_1.s_i_id"],"Shared Hit Blocks":0,"Shared Read Blocks":0,"Shared Dirtied Blocks":0,"Shared Written Blocks":0,"Local Hit Blocks":0,"Local Read Blocks":0,"Local Dirtied Blocks":0,"Local Written Blocks":0,"Temp Read Blocks":0,"Temp Written Blocks":0,"I/O Read Time":0.0,"I/O Write Time":0.0,"Temp I/O Read Time":0.0,"Temp I/O Write Time":0.0}]},{"Node Type":"Hash","Parent Relationship":"Inner","Parallel Aware":false,"Async Capable":false,"Startup Cost":219.01,"Total Cost":219.01,"Plan Rows":10001,"Plan Width":8,"Actual Startup Time":2.991,"Actual Total Time":2.993,"Actual Rows":10000,"Actual Loops":1,"Output":["supplier_1.su_suppkey","supplier_1.su_nationkey"],"Hash Buckets":16384,"Original Hash Buckets":16384,"Hash Batches":1,"Original Hash Batches":1,"Peak Memory Usage":519,"Shared Hit Blocks":0,"Shared Read Blocks":0,"Shared Dirtied Blocks":0,"Shared Written Blocks":0,"Local Hit Blocks":0,"Local Read Blocks":0,"Local Dirtied Blocks":0,"Local Written Blocks":0,"Temp Read Blocks":0,"Temp Written Blocks":0,"I/O Read Time":0.0,"I/O Write Time":0.0,"Temp I/O Read Time":0.0,"Temp I/O Write Time":0.0,"Plans":[{"Node Type":"Append","Parent Relationship":"Outer","Parallel Aware":false,"Async Capable":false,"Startup Cost":20.0,"Total Cost":219.01,"Plan Rows":10001,"Plan Width":8,"Actual Startup Time":0.009,"Actual Total Time":1.781,"Actual Rows":10000,"Actual Loops":1,"Shared Hit Blocks":0,"Shared Read Blocks":0,"Shared Dirtied Blocks":0,"Shared Written Blocks":0,"Local Hit Blocks":0,"Local Read Blocks":0,"Local Dirtied Blocks":0,"Local Written Blocks":0,"Temp Read Blocks":0,"Temp Written Blocks":0,"I/O Read Time":0.0,"I/O Write Time":0.0,"Temp I/O Read Time":0.0,"Temp I/O Write Time":0.0,"Subplans Removed":0,"Plans":[{"Node Type":"Custom Scan","Parent Relationship":"Member","Custom Plan Provider":"columnar scan","Parallel Aware":false,"Async Capable":false,"Relation Name":"supplier","Schema":"public","Alias":"supplier_1","Startup Cost":20.0,"Total Cost":215.0,"Plan Rows":10000,"Plan Width":8,"Actual Startup Time":0.007,"Actual Total Time":1.076,"Actual Rows":10000,"Actual Loops":1,"Output":["supplier_1.su_suppkey","supplier_1.su_nationkey"],"Rows Removed by Columnar Filter":0,"Columnar cache search mode":"native","Shared Hit Blocks":0,"Shared Read Blocks":0,"Shared Dirtied Blocks":0,"Shared Written Blocks":0,"Local Hit Blocks":0,"Local Read Blocks":0,"Local Dirtied Blocks":0,"Local Written Blocks":0,"Temp Read Blocks":0,"Temp Written Blocks":0,"I/O Read Time":0.0,"I/O Write Time":0.0,"Temp I/O Read Time":0.0,"Temp I/O Write Time":0.0},{"Node Type":"Seq Scan","Parent Relationship":"Member","Parallel Aware":false,"Async Capable":false,"Relation Name":"supplier","Schema":"public","Alias":"supplier_1","Startup Cost":0.0,"Total Cost":4.01,"Plan Rows":1,"Plan Width":8,"Actual Startup Time":0.0,"Actual Total Time":0.0,"Actual Rows":0,"Actual Loops":0,"Output":["supplier_1.su_suppkey","supplier_1.su_nationkey"],"Shared Hit Blocks":0,"Shared Read Blocks":0,"Shared Dirtied Blocks":0,"Shared Written Blocks":0,"Local Hit Blocks":0,"Local Read Blocks":0,"Local Dirtied Blocks":0,"Local Written Blocks":0,"Temp Read Blocks":0,"Temp Written Blocks":0,"I/O Read Time":0.0,"I/O Write Time":0.0,"Temp I/O Read Time":0.0,"Temp I/O Write Time":0.0}]}]}]},{"Node Type":"Hash","Parent Relationship":"Inner","Parallel Aware":false,"Async Capable":false,"Startup Cost":1.77,"Total Cost":1.77,"Plan Rows":1,"Plan Width":4,"Actual Startup Time":0.032,"Actual Total Time":0.032,"Actual Rows":1,"Actual Loops":1,"Output":["nation_1.n_nationkey"],"Hash Buckets":1024,"Original Hash Buckets":1024,"Hash Batches":1,"Original Hash Batches":1,"Peak Memory Usage":9,"Shared Hit Blocks":1,"Shared Read Blocks":0,"Shared Dirtied Blocks":0,"Shared Written Blocks":0,"Local Hit Blocks":0,"Local Read Blocks":0,"Local Dirtied Blocks":0,"Local Written Blocks":0,"Temp Read Blocks":0,"Temp Written Blocks":0,"I/O Read Time":0.0,"I/O Write Time":0.0,"Temp I/O Read Time":0.0,"Temp I/O Write Time":0.0,"Plans":[{"Node Type":"Seq Scan","Parent Relationship":"Outer","Parallel Aware":false,"Async Capable":false,"Relation Name":"nation","Schema":"public","Alias":"nation_1","Startup Cost":0.0,"Total Cost":1.77,"Plan Rows":1,"Plan Width":4,"Actual Startup Time":0.023,"Actual Total Time":0.026,"Actual Rows":1,"Actual Loops":1,"Output":["nation_1.n_nationkey"],"Filter":"((nation_1.n_name)::text = 'Germany'::text)","Rows Removed by Filter":61,"Shared Hit Blocks":1,"Shared Read Blocks":0,"Shared Dirtied Blocks":0,"Shared Written Blocks":0,"Local Hit Blocks":0,"Local Read Blocks":0,"Local Dirtied Blocks":0,"Local Written Blocks":0,"Temp Read Blocks":0,"Temp Written Blocks":0,"I/O Read Time":0.0,"I/O Write Time":0.0,"Temp I/O Read Time":0.0,"Temp I/O Write Time":0.0}]}]}]},{"Node Type":"Aggregate","Strategy":"Hashed","Partial Mode":"Simple","Parent Relationship":"Outer","Parallel Aware":false,"Async Capable":false,"Startup Cost":281252.86,"Total Cost":283984.54,"Plan Rows":32702,"Plan Width":12,"Actual Startup Time":9539.25,"Actual Total Time":9539.262,"Actual Rows":0,"Actual Loops":1,"Output":["stock.s_i_id","sum(stock.s_order_cnt)"],"Group Key":["stock.s_i_id"],"Filter":"((sum(stock.s_order_cnt))::numeric > $0)","Planned Partitions":0,"HashAgg Batches":5,"Peak Memory Usage":8241,"Disk Usage":728,"Rows Removed by Filter":79560,"Shared Hit Blocks":2,"Shared Read Blocks":0,"Shared Dirtied Blocks":0,"Shared Written Blocks":0,"Local Hit Blocks":0,"Local Read Blocks":0,"Local Dirtied Blocks":0,"Local Written Blocks":0,"Temp Read Blocks":76,"Temp Written Blocks":146,"I/O Read Time":0.0,"I/O Write Time":0.0,"Temp I/O Read Time":0.123,"Temp I/O Write Time":0.625,"Plans":[{"Node Type":"Hash Join","Parent Relationship":"Outer","Parallel Aware":false,"Async Capable":false,"Join Type":"Inner","Startup Cost":365.81,"Total Cost":272180.13,"Plan Rows":161293,"Plan Width":6,"Actual Startup Time":3.135,"Actual Total Time":4793.14,"Actual Rows":155600,"Actual Loops":1,"Output":["stock.s_i_id","stock.s_order_cnt"],"Inner Unique":true,"Hash Cond":"(supplier.su_nationkey = nation.n_nationkey)","Shared Hit Blocks":1,"Shared Read Blocks":0,"Shared Dirtied Blocks":0,"Shared Written Blocks":0,"Local Hit Blocks":0,"Local Read Blocks":0,"Local Dirtied Blocks":0,"Local Written Blocks":0,"Temp Read Blocks":0,"Temp Written Blocks":0,"I/O Read Time":0.0,"I/O Write Time":0.0,"Temp I/O Read Time":0.0,"Temp I/O Write Time":0.0,"Plans":[{"Node Type":"Hash Join","Parent Relationship":"Outer","Parallel Aware":false,"Async Capable":false,"Join Type":"Inner","Startup Cost":364.02,"Total Cost":244133.53,"Plan Rows":10000162,"Plan Width":10,"Actual Startup Time":3.107,"Actual Total Time":4134.589,"Actual Rows":10000000,"Actual Loops":1,"Output":["stock.s_i_id","stock.s_order_cnt","supplier.su_nationkey"],"Inner Unique":true,"Hash Cond":"(mod((stock.s_w_id * stock.s_i_id), 10000) = supplier.su_suppkey)","Shared Hit Blocks":0,"Shared Read Blocks":0,"Shared Dirtied Blocks":0,"Shared Written Blocks":0,"Local Hit Blocks":0,"Local Read Blocks":0,"Local Dirtied Blocks":0,"Local Written Blocks":0,"Temp Read Blocks":0,"Temp Written Blocks":0,"I/O Read Time":0.0,"I/O Write Time":0.0,"Temp I/O Read Time":0.0,"Temp I/O Write Time":0.0,"Plans":[{"Node Type":"Append","Parent Relationship":"Outer","Parallel Aware":false,"Async Capable":false,"Startup Cost":20.0,"Total Cost":215025.67,"Plan Rows":10000162,"Plan Width":8,"Actual Startup Time":0.018,"Actual Total Time":2126.433,"Actual Rows":10000000,"Actual Loops":1,"Shared Hit Blocks":0,"Shared Read Blocks":0,"Shared Dirtied Blocks":0,"Shared Written Blocks":0,"Local Hit Blocks":0,"Local Read Blocks":0,"Local Dirtied Blocks":0,"Local Written Blocks":0,"Temp Read Blocks":0,"Temp Written Blocks":0,"I/O Read Time":0.0,"I/O Write Time":0.0,"Temp I/O Read Time":0.0,"Temp I/O Write Time":0.0,"Subplans Removed":0,"Plans":[{"Node Type":"Custom Scan","Parent Relationship":"Member","Custom Plan Provider":"columnar scan","Parallel Aware":false,"Async Capable":false,"Relation Name":"stock","Schema":"public","Alias":"stock","Startup Cost":20.0,"Total Cost":215020.05,"Plan Rows":10000000,"Plan Width":8,"Actual Startup Time":0.017,"Actual Total Time":1405.588,"Actual Rows":10000000,"Actual Loops":1,"Output":["stock.s_i_id","stock.s_order_cnt","stock.s_w_id"],"Rows Removed by Columnar Filter":0,"Columnar cache search mode":"native","Shared Hit Blocks":0,"Shared Read Blocks":0,"Shared Dirtied Blocks":0,"Shared Written Blocks":0,"Local Hit Blocks":0,"Local Read Blocks":0,"Local Dirtied Blocks":0,"Local Written Blocks":0,"Temp Read Blocks":0,"Temp Written Blocks":0,"I/O Read Time":0.0,"I/O Write Time":0.0,"Temp I/O Read Time":0.0,"Temp I/O Write Time":0.0},{"Node Type":"Seq Scan","Parent Relationship":"Member","Parallel Aware":false,"Async Capable":false,"Relation Name":"stock","Schema":"public","Alias":"stock","Startup Cost":0.0,"Total Cost":5.62,"Plan Rows":162,"Plan Width":8,"Actual Startup Time":0.0,"Actual Total Time":0.0,"Actual Rows":0,"Actual Loops":0,"Output":["stock.s_i_id","stock.s_order_cnt","stock.s_w_id"],"Shared Hit Blocks":0,"Shared Read Blocks":0,"Shared Dirtied Blocks":0,"Shared Written Blocks":0,"Local Hit Blocks":0,"Local Read Blocks":0,"Local Dirtied Blocks":0,"Local Written Blocks":0,"Temp Read Blocks":0,"Temp Written Blocks":0,"I/O Read Time":0.0,"I/O Write Time":0.0,"Temp I/O Read Time":0.0,"Temp I/O Write Time":0.0}]},{"Node Type":"Hash","Parent Relationship":"Inner","Parallel Aware":false,"Async Capable":false,"Startup Cost":219.01,"Total Cost":219.01,"Plan Rows":10001,"Plan Width":8,"Actual Startup Time":3.041,"Actual Total Time":3.045,"Actual Rows":10000,"Actual Loops":1,"Output":["supplier.su_suppkey","supplier.su_nationkey"],"Hash Buckets":16384,"Original Hash Buckets":16384,"Hash Batches":1,"Original Hash Batches":1,"Peak Memory Usage":519,"Shared Hit Blocks":0,"Shared Read Blocks":0,"Shared Dirtied Blocks":0,"Shared Written Blocks":0,"Local Hit Blocks":0,"Local Read Blocks":0,"Local Dirtied Blocks":0,"Local Written Blocks":0,"Temp Read Blocks":0,"Temp Written Blocks":0,"I/O Read Time":0.0,"I/O Write Time":0.0,"Temp I/O Read Time":0.0,"Temp I/O Write Time":0.0,"Plans":[{"Node Type":"Append","Parent Relationship":"Outer","Parallel Aware":false,"Async Capable":false,"Startup Cost":20.0,"Total Cost":219.01,"Plan Rows":10001,"Plan Width":8,"Actual Startup Time":0.003,"Actual Total Time":1.779,"Actual Rows":10000,"Actual Loops":1,"Shared Hit Blocks":0,"Shared Read Blocks":0,"Shared Dirtied Blocks":0,"Shared Written Blocks":0,"Local Hit Blocks":0,"Local Read Blocks":0,"Local Dirtied Blocks":0,"Local Written Blocks":0,"Temp Read Blocks":0,"Temp Written Blocks":0,"I/O Read Time":0.0,"I/O Write Time":0.0,"Temp I/O Read Time":0.0,"Temp I/O Write Time":0.0,"Subplans Removed":0,"Plans":[{"Node Type":"Custom Scan","Parent Relationship":"Member","Custom Plan Provider":"columnar scan","Parallel Aware":false,"Async Capable":false,"Relation Name":"supplier","Schema":"public","Alias":"supplier","Startup Cost":20.0,"Total Cost":215.0,"Plan Rows":10000,"Plan Width":8,"Actual Startup Time":0.002,"Actual Total Time":1.072,"Actual Rows":10000,"Actual Loops":1,"Output":["supplier.su_suppkey","supplier.su_nationkey"],"Rows Removed by Columnar Filter":0,"Columnar cache search mode":"native","Shared Hit Blocks":0,"Shared Read Blocks":0,"Shared Dirtied Blocks":0,"Shared Written Blocks":0,"Local Hit Blocks":0,"Local Read Blocks":0,"Local Dirtied Blocks":0,"Local Written Blocks":0,"Temp Read Blocks":0,"Temp Written Blocks":0,"I/O Read Time":0.0,"I/O Write Time":0.0,"Temp I/O Read Time":0.0,"Temp I/O Write Time":0.0},{"Node Type":"Seq Scan","Parent Relationship":"Member","Parallel Aware":false,"Async Capable":false,"Relation Name":"supplier","Schema":"public","Alias":"supplier","Startup Cost":0.0,"Total Cost":4.01,"Plan Rows":1,"Plan Width":8,"Actual Startup Time":0.0,"Actual Total Time":0.0,"Actual Rows":0,"Actual Loops":0,"Output":["supplier.su_suppkey","supplier.su_nationkey"],"Shared Hit Blocks":0,"Shared Read Blocks":0,"Shared Dirtied Blocks":0,"Shared Written Blocks":0,"Local Hit Blocks":0,"Local Read Blocks":0,"Local Dirtied Blocks":0,"Local Written Blocks":0,"Temp Read Blocks":0,"Temp Written Blocks":0,"I/O Read Time":0.0,"I/O Write Time":0.0,"Temp I/O Read Time":0.0,"Temp I/O Write Time":0.0}]}]}]},{"Node Type":"Hash","Parent Relationship":"Inner","Parallel Aware":false,"Async Capable":false,"Startup Cost":1.77,"Total Cost":1.77,"Plan Rows":1,"Plan Width":4,"Actual Startup Time":0.019,"Actual Total Time":0.02,"Actual Rows":1,"Actual Loops":1,"Output":["nation.n_nationkey"],"Hash Buckets":1024,"Original Hash Buckets":1024,"Hash Batches":1,"Original Hash Batches":1,"Peak Memory Usage":9,"Shared Hit Blocks":1,"Shared Read Blocks":0,"Shared Dirtied Blocks":0,"Shared Written Blocks":0,"Local Hit Blocks":0,"Local Read Blocks":0,"Local Dirtied Blocks":0,"Local Written Blocks":0,"Temp Read Blocks":0,"Temp Written Blocks":0,"I/O Read Time":0.0,"I/O Write Time":0.0,"Temp I/O Read Time":0.0,"Temp I/O Write Time":0.0,"Plans":[{"Node Type":"Seq Scan","Parent Relationship":"Outer","Parallel Aware":false,"Async Capable":false,"Relation Name":"nation","Schema":"public","Alias":"nation","Startup Cost":0.0,"Total Cost":1.77,"Plan Rows":1,"Plan Width":4,"Actual Startup Time":0.011,"Actual Total Time":0.015,"Actual Rows":1,"Actual Loops":1,"Output":["nation.n_nationkey"],"Filter":"((nation.n_name)::text = 'Germany'::text)","Rows Removed by Filter":61,"Shared Hit Blocks":1,"Shared Read Blocks":0,"Shared Dirtied Blocks":0,"Shared Written Blocks":0,"Local Hit Blocks":0,"Local Read Blocks":0,"Local Dirtied Blocks":0,"Local Written Blocks":0,"Temp Read Blocks":0,"Temp Written Blocks":0,"I/O Read Time":0.0,"I/O Write Time":0.0,"Temp I/O Read Time":0.0,"Temp I/O Write Time":0.0}]}]}]}]},"Planning":{"Shared Hit Blocks":8,"Shared Read Blocks":0,"Shared Dirtied Blocks":0,"Shared Written Blocks":0,"Local Hit Blocks":0,"Local Read Blocks":0,"Local Dirtied Blocks":0,"Local Written Blocks":0,"Temp Read Blocks":0,"Temp Written Blocks":0,"I/O Read Time":0.0,"I/O Write Time":0.0,"Temp I/O Read Time":0.0,"Temp I/O Write Time":0.0},"Planning Time":1.163,"Triggers":[],"Execution Time":9540.688}]
[列存组合]: nation, stock, supplier
[{"Plan":{"Node Type":"Sort","Parallel Aware":false,"Async Capable":false,"Startup Cost":559020.09,"Total Cost":559101.85,"Plan Rows":32702,"Plan Width":12,"Actual Startup Time":9620.45,"Actual Total Time":9620.47,"Actual Rows":0,"Actual Loops":1,"Output":["stock.s_i_id","(sum(stock.s_order_cnt))"],"Sort Key":["(sum(stock.s_order_cnt)) DESC"],"Sort Method":"quicksort","Sort Space Used":25,"Sort Space Type":"Memory","Shared Hit Blocks":2,"Shared Read Blocks":0,"Shared Dirtied Blocks":0,"Shared Written Blocks":0,"Local Hit Blocks":0,"Local Read Blocks":0,"Local Dirtied Blocks":0,"Local Written Blocks":0,"Temp Read Blocks":76,"Temp Written Blocks":146,"I/O Read Time":0.0,"I/O Write Time":0.0,"Temp I/O Read Time":0.129,"Temp I/O Write Time":0.636,"Plans":[{"Node Type":"Aggregate","Strategy":"Plain","Partial Mode":"Simple","Parent Relationship":"InitPlan","Subplan Name":"InitPlan 1 (returns $0)","Parallel Aware":false,"Async Capable":false,"Startup Cost":272583.36,"Total Cost":272583.38,"Plan Rows":1,"Plan Width":32,"Actual Startup Time":4737.967,"Actual Total Time":4737.973,"Actual Rows":1,"Actual Loops":1,"Output":["((sum(stock_1.s_order_cnt))::numeric * 0.005)"],"Shared Hit Blocks":1,"Shared Read Blocks":0,"Shared Dirtied Blocks":0,"Shared Written Blocks":0,"Local Hit Blocks":0,"Local Read Blocks":0,"Local Dirtied Blocks":0,"Local Written Blocks":0,"Temp Read Blocks":0,"Temp Written Blocks":0,"I/O Read Time":0.0,"I/O Write Time":0.0,"Temp I/O Read Time":0.0,"Temp I/O Write Time":0.0,"Plans":[{"Node Type":"Hash Join","Parent Relationship":"Outer","Parallel Aware":false,"Async Capable":false,"Join Type":"Inner","Startup Cost":365.81,"Total Cost":272180.13,"Plan Rows":161293,"Plan Width":2,"Actual Startup Time":3.088,"Actual Total Time":4727.667,"Actual Rows":155600,"Actual Loops":1,"Output":["stock_1.s_order_cnt"],"Inner Unique":true,"Hash Cond":"(supplier_1.su_nationkey = nation_1.n_nationkey)","Shared Hit Blocks":1,"Shared Read Blocks":0,"Shared Dirtied Blocks":0,"Shared Written Blocks":0,"Local Hit Blocks":0,"Local Read Blocks":0,"Local Dirtied Blocks":0,"Local Written Blocks":0,"Temp Read Blocks":0,"Temp Written Blocks":0,"I/O Read Time":0.0,"I/O Write Time":0.0,"Temp I/O Read Time":0.0,"Temp I/O Write Time":0.0,"Plans":[{"Node Type":"Hash Join","Parent Relationship":"Outer","Parallel Aware":false,"Async Capable":false,"Join Type":"Inner","Startup Cost":364.02,"Total Cost":244133.53,"Plan Rows":10000162,"Plan Width":6,"Actual Startup Time":3.034,"Actual Total Time":4062.511,"Actual Rows":10000000,"Actual Loops":1,"Output":["stock_1.s_order_cnt","supplier_1.su_nationkey"],"Inner Unique":true,"Hash Cond":"(mod((stock_1.s_w_id * stock_1.s_i_id), 10000) = supplier_1.su_suppkey)","Shared Hit Blocks":0,"Shared Read Blocks":0,"Shared Dirtied Blocks":0,"Shared Written Blocks":0,"Local Hit Blocks":0,"Local Read Blocks":0,"Local Dirtied Blocks":0,"Local Written Blocks":0,"Temp Read Blocks":0,"Temp Written Blocks":0,"I/O Read Time":0.0,"I/O Write Time":0.0,"Temp I/O Read Time":0.0,"Temp I/O Write Time":0.0,"Plans":[{"Node Type":"Append","Parent Relationship":"Outer","Parallel Aware":false,"Async Capable":false,"Startup Cost":20.0,"Total Cost":215025.67,"Plan Rows":10000162,"Plan Width":8,"Actual Startup Time":0.015,"Actual Total Time":2107.057,"Actual Rows":10000000,"Actual Loops":1,"Shared Hit Blocks":0,"Shared Read Blocks":0,"Shared Dirtied Blocks":0,"Shared Written Blocks":0,"Local Hit Blocks":0,"Local Read Blocks":0,"Local Dirtied Blocks":0,"Local Written Blocks":0,"Temp Read Blocks":0,"Temp Written Blocks":0,"I/O Read Time":0.0,"I/O Write Time":0.0,"Temp I/O Read Time":0.0,"Temp I/O Write Time":0.0,"Subplans Removed":0,"Plans":[{"Node Type":"Custom Scan","Parent Relationship":"Member","Custom Plan Provider":"columnar scan","Parallel Aware":false,"Async Capable":false,"Relation Name":"stock","Schema":"public","Alias":"stock_1","Startup Cost":20.0,"Total Cost":215020.05,"Plan Rows":10000000,"Plan Width":8,"Actual Startup Time":0.014,"Actual Total Time":1380.371,"Actual Rows":10000000,"Actual Loops":1,"Output":["stock_1.s_order_cnt","stock_1.s_w_id","stock_1.s_i_id"],"Rows Removed by Columnar Filter":0,"Columnar cache search mode":"native","Shared Hit Blocks":0,"Shared Read Blocks":0,"Shared Dirtied Blocks":0,"Shared Written Blocks":0,"Local Hit Blocks":0,"Local Read Blocks":0,"Local Dirtied Blocks":0,"Local Written Blocks":0,"Temp Read Blocks":0,"Temp Written Blocks":0,"I/O Read Time":0.0,"I/O Write Time":0.0,"Temp I/O Read Time":0.0,"Temp I/O Write Time":0.0},{"Node Type":"Seq Scan","Parent Relationship":"Member","Parallel Aware":false,"Async Capable":false,"Relation Name":"stock","Schema":"public","Alias":"stock_1","Startup Cost":0.0,"Total Cost":5.62,"Plan Rows":162,"Plan Width":8,"Actual Startup Time":0.0,"Actual Total Time":0.0,"Actual Rows":0,"Actual Loops":0,"Output":["stock_1.s_order_cnt","stock_1.s_w_id","stock_1.s_i_id"],"Shared Hit Blocks":0,"Shared Read Blocks":0,"Shared Dirtied Blocks":0,"Shared Written Blocks":0,"Local Hit Blocks":0,"Local Read Blocks":0,"Local Dirtied Blocks":0,"Local Written Blocks":0,"Temp Read Blocks":0,"Temp Written Blocks":0,"I/O Read Time":0.0,"I/O Write Time":0.0,"Temp I/O Read Time":0.0,"Temp I/O Write Time":0.0}]},{"Node Type":"Hash","Parent Relationship":"Inner","Parallel Aware":false,"Async Capable":false,"Startup Cost":219.01,"Total Cost":219.01,"Plan Rows":10001,"Plan Width":8,"Actual Startup Time":2.97,"Actual Total Time":2.972,"Actual Rows":10000,"Actual Loops":1,"Output":["supplier_1.su_suppkey","supplier_1.su_nationkey"],"Hash Buckets":16384,"Original Hash Buckets":16384,"Hash Batches":1,"Original Hash Batches":1,"Peak Memory Usage":519,"Shared Hit Blocks":0,"Shared Read Blocks":0,"Shared Dirtied Blocks":0,"Shared Written Blocks":0,"Local Hit Blocks":0,"Local Read Blocks":0,"Local Dirtied Blocks":0,"Local Written Blocks":0,"Temp Read Blocks":0,"Temp Written Blocks":0,"I/O Read Time":0.0,"I/O Write Time":0.0,"Temp I/O Read Time":0.0,"Temp I/O Write Time":0.0,"Plans":[{"Node Type":"Append","Parent Relationship":"Outer","Parallel Aware":false,"Async Capable":false,"Startup Cost":20.0,"Total Cost":219.01,"Plan Rows":10001,"Plan Width":8,"Actual Startup Time":0.01,"Actual Total Time":1.756,"Actual Rows":10000,"Actual Loops":1,"Shared Hit Blocks":0,"Shared Read Blocks":0,"Shared Dirtied Blocks":0,"Shared Written Blocks":0,"Local Hit Blocks":0,"Local Read Blocks":0,"Local Dirtied Blocks":0,"Local Written Blocks":0,"Temp Read Blocks":0,"Temp Written Blocks":0,"I/O Read Time":0.0,"I/O Write Time":0.0,"Temp I/O Read Time":0.0,"Temp I/O Write Time":0.0,"Subplans Removed":0,"Plans":[{"Node Type":"Custom Scan","Parent Relationship":"Member","Custom Plan Provider":"columnar scan","Parallel Aware":false,"Async Capable":false,"Relation Name":"supplier","Schema":"public","Alias":"supplier_1","Startup Cost":20.0,"Total Cost":215.0,"Plan Rows":10000,"Plan Width":8,"Actual Startup Time":0.009,"Actual Total Time":1.054,"Actual Rows":10000,"Actual Loops":1,"Output":["supplier_1.su_suppkey","supplier_1.su_nationkey"],"Rows Removed by Columnar Filter":0,"Columnar cache search mode":"native","Shared Hit Blocks":0,"Shared Read Blocks":0,"Shared Dirtied Blocks":0,"Shared Written Blocks":0,"Local Hit Blocks":0,"Local Read Blocks":0,"Local Dirtied Blocks":0,"Local Written Blocks":0,"Temp Read Blocks":0,"Temp Written Blocks":0,"I/O Read Time":0.0,"I/O Write Time":0.0,"Temp I/O Read Time":0.0,"Temp I/O Write Time":0.0},{"Node Type":"Seq Scan","Parent Relationship":"Member","Parallel Aware":false,"Async Capable":false,"Relation Name":"supplier","Schema":"public","Alias":"supplier_1","Startup Cost":0.0,"Total Cost":4.01,"Plan Rows":1,"Plan Width":8,"Actual Startup Time":0.0,"Actual Total Time":0.0,"Actual Rows":0,"Actual Loops":0,"Output":["supplier_1.su_suppkey","supplier_1.su_nationkey"],"Shared Hit Blocks":0,"Shared Read Blocks":0,"Shared Dirtied Blocks":0,"Shared Written Blocks":0,"Local Hit Blocks":0,"Local Read Blocks":0,"Local Dirtied Blocks":0,"Local Written Blocks":0,"Temp Read Blocks":0,"Temp Written Blocks":0,"I/O Read Time":0.0,"I/O Write Time":0.0,"Temp I/O Read Time":0.0,"Temp I/O Write Time":0.0}]}]}]},{"Node Type":"Hash","Parent Relationship":"Inner","Parallel Aware":false,"Async Capable":false,"Startup Cost":1.77,"Total Cost":1.77,"Plan Rows":1,"Plan Width":4,"Actual Startup Time":0.032,"Actual Total Time":0.033,"Actual Rows":1,"Actual Loops":1,"Output":["nation_1.n_nationkey"],"Hash Buckets":1024,"Original Hash Buckets":1024,"Hash Batches":1,"Original Hash Batches":1,"Peak Memory Usage":9,"Shared Hit Blocks":1,"Shared Read Blocks":0,"Shared Dirtied Blocks":0,"Shared Written Blocks":0,"Local Hit Blocks":0,"Local Read Blocks":0,"Local Dirtied Blocks":0,"Local Written Blocks":0,"Temp Read Blocks":0,"Temp Written Blocks":0,"I/O Read Time":0.0,"I/O Write Time":0.0,"Temp I/O Read Time":0.0,"Temp I/O Write Time":0.0,"Plans":[{"Node Type":"Seq Scan","Parent Relationship":"Outer","Parallel Aware":false,"Async Capable":false,"Relation Name":"nation","Schema":"public","Alias":"nation_1","Startup Cost":0.0,"Total Cost":1.77,"Plan Rows":1,"Plan Width":4,"Actual Startup Time":0.024,"Actual Total Time":0.028,"Actual Rows":1,"Actual Loops":1,"Output":["nation_1.n_nationkey"],"Filter":"((nation_1.n_name)::text = 'Germany'::text)","Rows Removed by Filter":61,"Shared Hit Blocks":1,"Shared Read Blocks":0,"Shared Dirtied Blocks":0,"Shared Written Blocks":0,"Local Hit Blocks":0,"Local Read Blocks":0,"Local Dirtied Blocks":0,"Local Written Blocks":0,"Temp Read Blocks":0,"Temp Written Blocks":0,"I/O Read Time":0.0,"I/O Write Time":0.0,"Temp I/O Read Time":0.0,"Temp I/O Write Time":0.0}]}]}]},{"Node Type":"Aggregate","Strategy":"Hashed","Partial Mode":"Simple","Parent Relationship":"Outer","Parallel Aware":false,"Async Capable":false,"Startup Cost":281252.86,"Total Cost":283984.54,"Plan Rows":32702,"Plan Width":12,"Actual Startup Time":9620.439,"Actual Total Time":9620.452,"Actual Rows":0,"Actual Loops":1,"Output":["stock.s_i_id","sum(stock.s_order_cnt)"],"Group Key":["stock.s_i_id"],"Filter":"((sum(stock.s_order_cnt))::numeric > $0)","Planned Partitions":0,"HashAgg Batches":5,"Peak Memory Usage":8241,"Disk Usage":728,"Rows Removed by Filter":79560,"Shared Hit Blocks":2,"Shared Read Blocks":0,"Shared Dirtied Blocks":0,"Shared Written Blocks":0,"Local Hit Blocks":0,"Local Read Blocks":0,"Local Dirtied Blocks":0,"Local Written Blocks":0,"Temp Read Blocks":76,"Temp Written Blocks":146,"I/O Read Time":0.0,"I/O Write Time":0.0,"Temp I/O Read Time":0.129,"Temp I/O Write Time":0.636,"Plans":[{"Node Type":"Hash Join","Parent Relationship":"Outer","Parallel Aware":false,"Async Capable":false,"Join Type":"Inner","Startup Cost":365.81,"Total Cost":272180.13,"Plan Rows":161293,"Plan Width":6,"Actual Startup Time":3.082,"Actual Total Time":4826.361,"Actual Rows":155600,"Actual Loops":1,"Output":["stock.s_i_id","stock.s_order_cnt"],"Inner Unique":true,"Hash Cond":"(supplier.su_nationkey = nation.n_nationkey)","Shared Hit Blocks":1,"Shared Read Blocks":0,"Shared Dirtied Blocks":0,"Shared Written Blocks":0,"Local Hit Blocks":0,"Local Read Blocks":0,"Local Dirtied Blocks":0,"Local Written Blocks":0,"Temp Read Blocks":0,"Temp Written Blocks":0,"I/O Read Time":0.0,"I/O Write Time":0.0,"Temp I/O Read Time":0.0,"Temp I/O Write Time":0.0,"Plans":[{"Node Type":"Hash Join","Parent Relationship":"Outer","Parallel Aware":false,"Async Capable":false,"Join Type":"Inner","Startup Cost":364.02,"Total Cost":244133.53,"Plan Rows":10000162,"Plan Width":10,"Actual Startup Time":3.055,"Actual Total Time":4141.939,"Actual Rows":10000000,"Actual Loops":1,"Output":["stock.s_i_id","stock.s_order_cnt","supplier.su_nationkey"],"Inner Unique":true,"Hash Cond":"(mod((stock.s_w_id * stock.s_i_id), 10000) = supplier.su_suppkey)","Shared Hit Blocks":0,"Shared Read Blocks":0,"Shared Dirtied Blocks":0,"Shared Written Blocks":0,"Local Hit Blocks":0,"Local Read Blocks":0,"Local Dirtied Blocks":0,"Local Written Blocks":0,"Temp Read Blocks":0,"Temp Written Blocks":0,"I/O Read Time":0.0,"I/O Write Time":0.0,"Temp I/O Read Time":0.0,"Temp I/O Write Time":0.0,"Plans":[{"Node Type":"Append","Parent Relationship":"Outer","Parallel Aware":false,"Async Capable":false,"Startup Cost":20.0,"Total Cost":215025.67,"Plan Rows":10000162,"Plan Width":8,"Actual Startup Time":0.019,"Actual Total Time":2132.306,"Actual Rows":10000000,"Actual Loops":1,"Shared Hit Blocks":0,"Shared Read Blocks":0,"Shared Dirtied Blocks":0,"Shared Written Blocks":0,"Local Hit Blocks":0,"Local Read Blocks":0,"Local Dirtied Blocks":0,"Local Written Blocks":0,"Temp Read Blocks":0,"Temp Written Blocks":0,"I/O Read Time":0.0,"I/O Write Time":0.0,"Temp I/O Read Time":0.0,"Temp I/O Write Time":0.0,"Subplans Removed":0,"Plans":[{"Node Type":"Custom Scan","Parent Relationship":"Member","Custom Plan Provider":"columnar scan","Parallel Aware":false,"Async Capable":false,"Relation Name":"stock","Schema":"public","Alias":"stock","Startup Cost":20.0,"Total Cost":215020.05,"Plan Rows":10000000,"Plan Width":8,"Actual Startup Time":0.018,"Actual Total Time":1412.736,"Actual Rows":10000000,"Actual Loops":1,"Output":["stock.s_i_id","stock.s_order_cnt","stock.s_w_id"],"Rows Removed by Columnar Filter":0,"Columnar cache search mode":"native","Shared Hit Blocks":0,"Shared Read Blocks":0,"Shared Dirtied Blocks":0,"Shared Written Blocks":0,"Local Hit Blocks":0,"Local Read Blocks":0,"Local Dirtied Blocks":0,"Local Written Blocks":0,"Temp Read Blocks":0,"Temp Written Blocks":0,"I/O Read Time":0.0,"I/O Write Time":0.0,"Temp I/O Read Time":0.0,"Temp I/O Write Time":0.0},{"Node Type":"Seq Scan","Parent Relationship":"Member","Parallel Aware":false,"Async Capable":false,"Relation Name":"stock","Schema":"public","Alias":"stock","Startup Cost":0.0,"Total Cost":5.62,"Plan Rows":162,"Plan Width":8,"Actual Startup Time":0.0,"Actual Total Time":0.0,"Actual Rows":0,"Actual Loops":0,"Output":["stock.s_i_id","stock.s_order_cnt","stock.s_w_id"],"Shared Hit Blocks":0,"Shared Read Blocks":0,"Shared Dirtied Blocks":0,"Shared Written Blocks":0,"Local Hit Blocks":0,"Local Read Blocks":0,"Local Dirtied Blocks":0,"Local Written Blocks":0,"Temp Read Blocks":0,"Temp Written Blocks":0,"I/O Read Time":0.0,"I/O Write Time":0.0,"Temp I/O Read Time":0.0,"Temp I/O Write Time":0.0}]},{"Node Type":"Hash","Parent Relationship":"Inner","Parallel Aware":false,"Async Capable":false,"Startup Cost":219.01,"Total Cost":219.01,"Plan Rows":10001,"Plan Width":8,"Actual Startup Time":2.985,"Actual Total Time":2.99,"Actual Rows":10000,"Actual Loops":1,"Output":["supplier.su_suppkey","supplier.su_nationkey"],"Hash Buckets":16384,"Original Hash Buckets":16384,"Hash Batches":1,"Original Hash Batches":1,"Peak Memory Usage":519,"Shared Hit Blocks":0,"Shared Read Blocks":0,"Shared Dirtied Blocks":0,"Shared Written Blocks":0,"Local Hit Blocks":0,"Local Read Blocks":0,"Local Dirtied Blocks":0,"Local Written Blocks":0,"Temp Read Blocks":0,"Temp Written Blocks":0,"I/O Read Time":0.0,"I/O Write Time":0.0,"Temp I/O Read Time":0.0,"Temp I/O Write Time":0.0,"Plans":[{"Node Type":"Append","Parent Relationship":"Outer","Parallel Aware":false,"Async Capable":false,"Startup Cost":20.0,"Total Cost":219.01,"Plan Rows":10001,"Plan Width":8,"Actual Startup Time":0.003,"Actual Total Time":1.76,"Actual Rows":10000,"Actual Loops":1,"Shared Hit Blocks":0,"Shared Read Blocks":0,"Shared Dirtied Blocks":0,"Shared Written Blocks":0,"Local Hit Blocks":0,"Local Read Blocks":0,"Local Dirtied Blocks":0,"Local Written Blocks":0,"Temp Read Blocks":0,"Temp Written Blocks":0,"I/O Read Time":0.0,"I/O Write Time":0.0,"Temp I/O Read Time":0.0,"Temp I/O Write Time":0.0,"Subplans Removed":0,"Plans":[{"Node Type":"Custom Scan","Parent Relationship":"Member","Custom Plan Provider":"columnar scan","Parallel Aware":false,"Async Capable":false,"Relation Name":"supplier","Schema":"public","Alias":"supplier","Startup Cost":20.0,"Total Cost":215.0,"Plan Rows":10000,"Plan Width":8,"Actual Startup Time":0.002,"Actual Total Time":1.052,"Actual Rows":10000,"Actual Loops":1,"Output":["supplier.su_suppkey","supplier.su_nationkey"],"Rows Removed by Columnar Filter":0,"Columnar cache search mode":"native","Shared Hit Blocks":0,"Shared Read Blocks":0,"Shared Dirtied Blocks":0,"Shared Written Blocks":0,"Local Hit Blocks":0,"Local Read Blocks":0,"Local Dirtied Blocks":0,"Local Written Blocks":0,"Temp Read Blocks":0,"Temp Written Blocks":0,"I/O Read Time":0.0,"I/O Write Time":0.0,"Temp I/O Read Time":0.0,"Temp I/O Write Time":0.0},{"Node Type":"Seq Scan","Parent Relationship":"Member","Parallel Aware":false,"Async Capable":false,"Relation Name":"supplier","Schema":"public","Alias":"supplier","Startup Cost":0.0,"Total Cost":4.01,"Plan Rows":1,"Plan Width":8,"Actual Startup Time":0.0,"Actual Total Time":0.0,"Actual Rows":0,"Actual Loops":0,"Output":["supplier.su_suppkey","supplier.su_nationkey"],"Shared Hit Blocks":0,"Shared Read Blocks":0,"Shared Dirtied Blocks":0,"Shared Written Blocks":0,"Local Hit Blocks":0,"Local Read Blocks":0,"Local Dirtied Blocks":0,"Local Written Blocks":0,"Temp Read Blocks":0,"Temp Written Blocks":0,"I/O Read Time":0.0,"I/O Write Time":0.0,"Temp I/O Read Time":0.0,"Temp I/O Write Time":0.0}]}]}]},{"Node Type":"Hash","Parent Relationship":"Inner","Parallel Aware":false,"Async Capable":false,"Startup Cost":1.77,"Total Cost":1.77,"Plan Rows":1,"Plan Width":4,"Actual Startup Time":0.018,"Actual Total Time":0.02,"Actual Rows":1,"Actual Loops":1,"Output":["nation.n_nationkey"],"Hash Buckets":1024,"Original Hash Buckets":1024,"Hash Batches":1,"Original Hash Batches":1,"Peak Memory Usage":9,"Shared Hit Blocks":1,"Shared Read Blocks":0,"Shared Dirtied Blocks":0,"Shared Written Blocks":0,"Local Hit Blocks":0,"Local Read Blocks":0,"Local Dirtied Blocks":0,"Local Written Blocks":0,"Temp Read Blocks":0,"Temp Written Blocks":0,"I/O Read Time":0.0,"I/O Write Time":0.0,"Temp I/O Read Time":0.0,"Temp I/O Write Time":0.0,"Plans":[{"Node Type":"Seq Scan","Parent Relationship":"Outer","Parallel Aware":false,"Async Capable":false,"Relation Name":"nation","Schema":"public","Alias":"nation","Startup Cost":0.0,"Total Cost":1.77,"Plan Rows":1,"Plan Width":4,"Actual Startup Time":0.011,"Actual Total Time":0.015,"Actual Rows":1,"Actual Loops":1,"Output":["nation.n_nationkey"],"Filter":"((nation.n_name)::text = 'Germany'::text)","Rows Removed by Filter":61,"Shared Hit Blocks":1,"Shared Read Blocks":0,"Shared Dirtied Blocks":0,"Shared Written Blocks":0,"Local Hit Blocks":0,"Local Read Blocks":0,"Local Dirtied Blocks":0,"Local Written Blocks":0,"Temp Read Blocks":0,"Temp Written Blocks":0,"I/O Read Time":0.0,"I/O Write Time":0.0,"Temp I/O Read Time":0.0,"Temp I/O Write Time":0.0}]}]}]}]},"Planning":{"Shared Hit Blocks":8,"Shared Read Blocks":0,"Shared Dirtied Blocks":0,"Shared Written Blocks":0,"Local Hit Blocks":0,"Local Read Blocks":0,"Local Dirtied Blocks":0,"Local Written Blocks":0,"Temp Read Blocks":0,"Temp Written Blocks":0,"I/O Read Time":0.0,"I/O Write Time":0.0,"Temp I/O Read Time":0.0,"Temp I/O Write Time":0.0},"Planning Time":1.152,"Triggers":[],"Execution Time":9621.864}]
