[列存组合]: 无列存
[{"Plan":{"Node Type":"Sort","Parallel Aware":false,"Async Capable":false,"Startup Cost":1045080.24,"Total Cost":1045080.27,"Plan Rows":11,"Plan Width":18,"Actual Startup Time":5875.559,"Actual Total Time":5875.564,"Actual Rows":11,"Actual Loops":1,"Output":["orders.o_ol_cnt","(sum(CASE WHEN ((orders.o_carrier_id = 1) OR (orders.o_carrier_id = 2)) THEN 1 ELSE 0 END))","(sum(CASE WHEN ((orders.o_carrier_id <> 1) AND (orders.o_carrier_id <> 2)) THEN 1 ELSE 0 END))"],"Sort Key":["orders.o_ol_cnt"],"Sort Method":"quicksort","Sort Space Used":25,"Sort Space Type":"Memory","Shared Hit Blocks":362943,"Shared Read Blocks":0,"Shared Dirtied Blocks":0,"Shared Written Blocks":0,"Local Hit Blocks":0,"Local Read Blocks":0,"Local Dirtied Blocks":0,"Local Written Blocks":0,"Temp Read Blocks":37988,"Temp Written Blocks":37988,"I/O Read Time":0.0,"I/O Write Time":0.0,"Temp I/O Read Time":59.309,"Temp I/O Write Time":169.791,"Plans":[{"Node Type":"Aggregate","Strategy":"Hashed","Partial Mode":"Simple","Parent Relationship":"Outer","Parallel Aware":false,"Async Capable":false,"Startup Cost":1045079.94,"Total Cost":1045080.05,"Plan Rows":11,"Plan Width":18,"Actual Startup Time":5875.546,"Actual Total Time":5875.551,"Actual Rows":11,"Actual Loops":1,"Output":["orders.o_ol_cnt","sum(CASE WHEN ((orders.o_carrier_id = 1) OR (orders.o_carrier_id = 2)) THEN 1 ELSE 0 END)","sum(CASE WHEN ((orders.o_carrier_id <> 1) AND (orders.o_carrier_id <> 2)) THEN 1 ELSE 0 END)"],"Group Key":["orders.o_ol_cnt"],"Planned Partitions":0,"HashAgg Batches":1,"Peak Memory Usage":24,"Disk Usage":0,"Shared Hit Blocks":362943,"Shared Read Blocks":0,"Shared Dirtied Blocks":0,"Shared Written Blocks":0,"Local Hit Blocks":0,"Local Read Blocks":0,"Local Dirtied Blocks":0,"Local Written Blocks":0,"Temp Read Blocks":37988,"Temp Written Blocks":37988,"I/O Read Time":0.0,"I/O Write Time":0.0,"Temp I/O Read Time":59.309,"Temp I/O Write Time":169.791,"Plans":[{"Node Type":"Hash Join","Parent Relationship":"Outer","Parallel Aware":false,"Async Capable":false,"Join Type":"Inner","Startup Cost":129595.08,"Total Cost":1020529.38,"Plan Rows":1402889,"Plan Width":4,"Actual Startup Time":1001.279,"Actual Total Time":5181.45,"Actual Rows":4297675,"Actual Loops":1,"Output":["orders.o_ol_cnt","orders.o_carrier_id"],"Inner Unique":true,"Hash Cond":"((order_line.ol_w_id = orders.o_w_id) AND (order_line.ol_d_id = orders.o_d_id) AND (order_line.ol_o_id = orders.o_id))","Join Filter":"(orders.o_entry_d <= order_line.ol_delivery_d)","Rows Removed by Join Filter":0,"Shared Hit Blocks":362943,"Shared Read Blocks":0,"Shared Dirtied Blocks":0,"Shared Written Blocks":0,"Local Hit Blocks":0,"Local Read Blocks":0,"Local Dirtied Blocks":0,"Local Written Blocks":0,"Temp Read Blocks":37988,"Temp Written Blocks":37988,"I/O Read Time":0.0,"I/O Write Time":0.0,"Temp I/O Read Time":59.309,"Temp I/O Write Time":169.791,"Plans":[{"Node Type":"Seq Scan","Parent Relationship":"Outer","Parallel Aware":false,"Async Capable":false,"Relation Name":"order_line","Schema":"public","Alias":"order_line","Startup Cost":0.0,"Total Cost":790850.88,"Plan Rows":4211228,"Plan Width":20,"Actual Startup Time":34.88,"Actual Total Time":2338.43,"Actual Rows":4297675,"Actual Loops":1,"Output":["order_line.ol_w_id","order_line.ol_d_id","order_line.ol_o_id","order_line.ol_delivery_d"],"Filter":"((order_line.ol_delivery_d >= '1996-01-02 20:10:02.27764'::timestamp without time zone) AND (order_line.ol_delivery_d < '1997-01-02 20:10:02.27764'::timestamp without time zone))","Rows Removed by Filter":25700057,"Shared Hit Blocks":340884,"Shared Read Blocks":0,"Shared Dirtied Blocks":0,"Shared Written Blocks":0,"Local Hit Blocks":0,"Local Read Blocks":0,"Local Dirtied Blocks":0,"Local Written Blocks":0,"Temp Read Blocks":0,"Temp Written Blocks":0,"I/O Read Time":0.0,"I/O Write Time":0.0,"Temp I/O Read Time":0.0,"Temp I/O Write Time":0.0},{"Node Type":"Hash","Parent Relationship":"Inner","Parallel Aware":false,"Async Capable":false,"Startup Cost":59559.0,"Total Cost":59559.0,"Plan Rows":2998176,"Plan Width":24,"Actual Startup Time":965.315,"Actual Total Time":965.316,"Actual Rows":2997892,"Actual Loops":1,"Output":["orders.o_ol_cnt","orders.o_carrier_id","orders.o_w_id","orders.o_d_id","orders.o_id","orders.o_entry_d"],"Hash Buckets":131072,"Original Hash Buckets":131072,"Hash Batches":32,"Original Hash Batches":32,"Peak Memory Usage":6171,"Shared Hit Blocks":22059,"Shared Read Blocks":0,"Shared Dirtied Blocks":0,"Shared Written Blocks":0,"Local Hit Blocks":0,"Local Read Blocks":0,"Local Dirtied Blocks":0,"Local Written Blocks":0,"Temp Read Blocks":0,"Temp Written Blocks":15582,"I/O Read Time":0.0,"I/O Write Time":0.0,"Temp I/O Read Time":0.0,"Temp I/O Write Time":66.817,"Plans":[{"Node Type":"Seq Scan","Parent Relationship":"Outer","Parallel Aware":false,"Async Capable":false,"Relation Name":"orders","Schema":"public","Alias":"orders","Startup Cost":0.0,"Total Cost":59559.0,"Plan Rows":2998176,"Plan Width":24,"Actual Startup Time":0.011,"Actual Total Time":415.393,"Actual Rows":2997892,"Actual Loops":1,"Output":["orders.o_ol_cnt","orders.o_carrier_id","orders.o_w_id","orders.o_d_id","orders.o_id","orders.o_entry_d"],"Filter":"(orders.o_entry_d >= '1992-01-02 20:10:02.27764'::timestamp without time zone)","Rows Removed by Filter":2108,"Shared Hit Blocks":22059,"Shared Read Blocks":0,"Shared Dirtied Blocks":0,"Shared Written Blocks":0,"Local Hit Blocks":0,"Local Read Blocks":0,"Local Dirtied Blocks":0,"Local Written Blocks":0,"Temp Read Blocks":0,"Temp Written Blocks":0,"I/O Read Time":0.0,"I/O Write Time":0.0,"Temp I/O Read Time":0.0,"Temp I/O Write Time":0.0}]}]}]}]},"Planning":{"Shared Hit Blocks":6,"Shared Read Blocks":0,"Shared Dirtied Blocks":1,"Shared Written Blocks":0,"Local Hit Blocks":0,"Local Read Blocks":0,"Local Dirtied Blocks":0,"Local Written Blocks":0,"Temp Read Blocks":0,"Temp Written Blocks":0,"I/O Read Time":0.0,"I/O Write Time":0.0,"Temp I/O Read Time":0.0,"Temp I/O Write Time":0.0},"Planning Time":0.335,"Triggers":[],"Execution Time":5875.641}]
[列存组合]: order_line
[{"Plan":{"Node Type":"Sort","Parallel Aware":false,"Async Capable":false,"Startup Cost":1029573.36,"Total Cost":1029573.39,"Plan Rows":11,"Plan Width":18,"Actual Startup Time":4545.11,"Actual Total Time":4545.115,"Actual Rows":11,"Actual Loops":1,"Output":["orders.o_ol_cnt","(sum(CASE WHEN ((orders.o_carrier_id = 1) OR (orders.o_carrier_id = 2)) THEN 1 ELSE 0 END))","(sum(CASE WHEN ((orders.o_carrier_id <> 1) AND (orders.o_carrier_id <> 2)) THEN 1 ELSE 0 END))"],"Sort Key":["orders.o_ol_cnt"],"Sort Method":"quicksort","Sort Space Used":25,"Sort Space Type":"Memory","Shared Hit Blocks":22059,"Shared Read Blocks":0,"Shared Dirtied Blocks":0,"Shared Written Blocks":0,"Local Hit Blocks":0,"Local Read Blocks":0,"Local Dirtied Blocks":0,"Local Written Blocks":0,"Temp Read Blocks":37988,"Temp Written Blocks":37988,"I/O Read Time":0.0,"I/O Write Time":0.0,"Temp I/O Read Time":59.43,"Temp I/O Write Time":167.725,"Plans":[{"Node Type":"Aggregate","Strategy":"Hashed","Partial Mode":"Simple","Parent Relationship":"Outer","Parallel Aware":false,"Async Capable":false,"Startup Cost":1029573.06,"Total Cost":1029573.17,"Plan Rows":11,"Plan Width":18,"Actual Startup Time":4545.092,"Actual Total Time":4545.098,"Actual Rows":11,"Actual Loops":1,"Output":["orders.o_ol_cnt","sum(CASE WHEN ((orders.o_carrier_id = 1) OR (orders.o_carrier_id = 2)) THEN 1 ELSE 0 END)","sum(CASE WHEN ((orders.o_carrier_id <> 1) AND (orders.o_carrier_id <> 2)) THEN 1 ELSE 0 END)"],"Group Key":["orders.o_ol_cnt"],"Planned Partitions":0,"HashAgg Batches":1,"Peak Memory Usage":24,"Disk Usage":0,"Shared Hit Blocks":22059,"Shared Read Blocks":0,"Shared Dirtied Blocks":0,"Shared Written Blocks":0,"Local Hit Blocks":0,"Local Read Blocks":0,"Local Dirtied Blocks":0,"Local Written Blocks":0,"Temp Read Blocks":37988,"Temp Written Blocks":37988,"I/O Read Time":0.0,"I/O Write Time":0.0,"Temp I/O Read Time":59.43,"Temp I/O Write Time":167.725,"Plans":[{"Node Type":"Hash Join","Parent Relationship":"Outer","Parallel Aware":false,"Async Capable":false,"Join Type":"Inner","Startup Cost":129615.08,"Total Cost":1005022.5,"Plan Rows":1402889,"Plan Width":4,"Actual Startup Time":974.207,"Actual Total Time":3843.525,"Actual Rows":4297675,"Actual Loops":1,"Output":["orders.o_ol_cnt","orders.o_carrier_id"],"Inner Unique":true,"Hash Cond":"((order_line.ol_w_id = orders.o_w_id) AND (order_line.ol_d_id = orders.o_d_id) AND (order_line.ol_o_id = orders.o_id))","Join Filter":"(orders.o_entry_d <= order_line.ol_delivery_d)","Rows Removed by Join Filter":0,"Shared Hit Blocks":22059,"Shared Read Blocks":0,"Shared Dirtied Blocks":0,"Shared Written Blocks":0,"Local Hit Blocks":0,"Local Read Blocks":0,"Local Dirtied Blocks":0,"Local Written Blocks":0,"Temp Read Blocks":37988,"Temp Written Blocks":37988,"I/O Read Time":0.0,"I/O Write Time":0.0,"Temp I/O Read Time":59.43,"Temp I/O Write Time":167.725,"Plans":[{"Node Type":"Append","Parent Relationship":"Outer","Parallel Aware":false,"Async Capable":false,"Startup Cost":20.0,"Total Cost":775344.0,"Plan Rows":4211228,"Plan Width":20,"Actual Startup Time":0.176,"Actual Total Time":976.185,"Actual Rows":4297675,"Actual Loops":1,"Shared Hit Blocks":0,"Shared Read Blocks":0,"Shared Dirtied Blocks":0,"Shared Written Blocks":0,"Local Hit Blocks":0,"Local Read Blocks":0,"Local Dirtied Blocks":0,"Local Written Blocks":0,"Temp Read Blocks":0,"Temp Written Blocks":0,"I/O Read Time":0.0,"I/O Write Time":0.0,"Temp I/O Read Time":0.0,"Temp I/O Write Time":0.0,"Subplans Removed":0,"Plans":[{"Node Type":"Custom Scan","Parent Relationship":"Member","Custom Plan Provider":"columnar scan","Parallel Aware":false,"Async Capable":false,"Relation Name":"order_line","Schema":"public","Alias":"order_line","Startup Cost":20.0,"Total Cost":98984.75,"Plan Rows":4211220,"Plan Width":20,"Actual Startup Time":0.175,"Actual Total Time":669.12,"Actual Rows":4297675,"Actual Loops":1,"Output":["order_line.ol_w_id","order_line.ol_d_id","order_line.ol_o_id","order_line.ol_delivery_d"],"Filter":"((order_line.ol_delivery_d >= '1996-01-02 20:10:02.27764'::timestamp without time zone) AND (order_line.ol_delivery_d < '1997-01-02 20:10:02.27764'::timestamp without time zone))","Rows Removed by Filter":0,"Rows Removed by Columnar Filter":25700057,"Columnar cache search mode":"native","Shared Hit Blocks":0,"Shared Read Blocks":0,"Shared Dirtied Blocks":0,"Shared Written Blocks":0,"Local Hit Blocks":0,"Local Read Blocks":0,"Local Dirtied Blocks":0,"Local Written Blocks":0,"Temp Read Blocks":0,"Temp Written Blocks":0,"I/O Read Time":0.0,"I/O Write Time":0.0,"Temp I/O Read Time":0.0,"Temp I/O Write Time":0.0},{"Node Type":"Seq Scan","Parent Relationship":"Member","Parallel Aware":false,"Async Capable":false,"Relation Name":"order_line","Schema":"public","Alias":"order_line","Startup Cost":0.0,"Total Cost":4.9,"Plan Rows":8,"Plan Width":20,"Actual Startup Time":0.0,"Actual Total Time":0.0,"Actual Rows":0,"Actual Loops":0,"Output":["order_line.ol_w_id","order_line.ol_d_id","order_line.ol_o_id","order_line.ol_delivery_d"],"Filter":"((order_line.ol_delivery_d >= '1996-01-02 20:10:02.27764'::timestamp without time zone) AND (order_line.ol_delivery_d < '1997-01-02 20:10:02.27764'::timestamp without time zone))","Rows Removed by Filter":0,"Shared Hit Blocks":0,"Shared Read Blocks":0,"Shared Dirtied Blocks":0,"Shared Written Blocks":0,"Local Hit Blocks":0,"Local Read Blocks":0,"Local Dirtied Blocks":0,"Local Written Blocks":0,"Temp Read Blocks":0,"Temp Written Blocks":0,"I/O Read Time":0.0,"I/O Write Time":0.0,"Temp I/O Read Time":0.0,"Temp I/O Write Time":0.0}]},{"Node Type":"Hash","Parent Relationship":"Inner","Parallel Aware":false,"Async Capable":false,"Startup Cost":59559.0,"Total Cost":59559.0,"Plan Rows":2998176,"Plan Width":24,"Actual Startup Time":972.925,"Actual Total Time":972.926,"Actual Rows":2997892,"Actual Loops":1,"Output":["orders.o_ol_cnt","orders.o_carrier_id","orders.o_w_id","orders.o_d_id","orders.o_id","orders.o_entry_d"],"Hash Buckets":131072,"Original Hash Buckets":131072,"Hash Batches":32,"Original Hash Batches":32,"Peak Memory Usage":6171,"Shared Hit Blocks":22059,"Shared Read Blocks":0,"Shared Dirtied Blocks":0,"Shared Written Blocks":0,"Local Hit Blocks":0,"Local Read Blocks":0,"Local Dirtied Blocks":0,"Local Written Blocks":0,"Temp Read Blocks":0,"Temp Written Blocks":15582,"I/O Read Time":0.0,"I/O Write Time":0.0,"Temp I/O Read Time":0.0,"Temp I/O Write Time":69.636,"Plans":[{"Node Type":"Seq Scan","Parent Relationship":"Outer","Parallel Aware":false,"Async Capable":false,"Relation Name":"orders","Schema":"public","Alias":"orders","Startup Cost":0.0,"Total Cost":59559.0,"Plan Rows":2998176,"Plan Width":24,"Actual Startup Time":0.017,"Actual Total Time":420.346,"Actual Rows":2997892,"Actual Loops":1,"Output":["orders.o_ol_cnt","orders.o_carrier_id","orders.o_w_id","orders.o_d_id","orders.o_id","orders.o_entry_d"],"Filter":"(orders.o_entry_d >= '1992-01-02 20:10:02.27764'::timestamp without time zone)","Rows Removed by Filter":2108,"Shared Hit Blocks":22059,"Shared Read Blocks":0,"Shared Dirtied Blocks":0,"Shared Written Blocks":0,"Local Hit Blocks":0,"Local Read Blocks":0,"Local Dirtied Blocks":0,"Local Written Blocks":0,"Temp Read Blocks":0,"Temp Written Blocks":0,"I/O Read Time":0.0,"I/O Write Time":0.0,"Temp I/O Read Time":0.0,"Temp I/O Write Time":0.0}]}]}]}]},"Planning":{"Shared Hit Blocks":0,"Shared Read Blocks":0,"Shared Dirtied Blocks":0,"Shared Written Blocks":0,"Local Hit Blocks":0,"Local Read Blocks":0,"Local Dirtied Blocks":0,"Local Written Blocks":0,"Temp Read Blocks":0,"Temp Written Blocks":0,"I/O Read Time":0.0,"I/O Write Time":0.0,"Temp I/O Read Time":0.0,"Temp I/O Write Time":0.0},"Planning Time":0.657,"Triggers":[],"Execution Time":4545.222}]
[列存组合]: orders
[{"Plan":{"Node Type":"Sort","Parallel Aware":false,"Async Capable":false,"Startup Cost":1045080.24,"Total Cost":1045080.27,"Plan Rows":11,"Plan Width":18,"Actual Startup Time":5894.825,"Actual Total Time":5894.831,"Actual Rows":11,"Actual Loops":1,"Output":["orders.o_ol_cnt","(sum(CASE WHEN ((orders.o_carrier_id = 1) OR (orders.o_carrier_id = 2)) THEN 1 ELSE 0 END))","(sum(CASE WHEN ((orders.o_carrier_id <> 1) AND (orders.o_carrier_id <> 2)) THEN 1 ELSE 0 END))"],"Sort Key":["orders.o_ol_cnt"],"Sort Method":"quicksort","Sort Space Used":25,"Sort Space Type":"Memory","Shared Hit Blocks":362943,"Shared Read Blocks":0,"Shared Dirtied Blocks":0,"Shared Written Blocks":0,"Local Hit Blocks":0,"Local Read Blocks":0,"Local Dirtied Blocks":0,"Local Written Blocks":0,"Temp Read Blocks":37988,"Temp Written Blocks":37988,"I/O Read Time":0.0,"I/O Write Time":0.0,"Temp I/O Read Time":59.932,"Temp I/O Write Time":168.568,"Plans":[{"Node Type":"Aggregate","Strategy":"Hashed","Partial Mode":"Simple","Parent Relationship":"Outer","Parallel Aware":false,"Async Capable":false,"Startup Cost":1045079.94,"Total Cost":1045080.05,"Plan Rows":11,"Plan Width":18,"Actual Startup Time":5894.81,"Actual Total Time":5894.816,"Actual Rows":11,"Actual Loops":1,"Output":["orders.o_ol_cnt","sum(CASE WHEN ((orders.o_carrier_id = 1) OR (orders.o_carrier_id = 2)) THEN 1 ELSE 0 END)","sum(CASE WHEN ((orders.o_carrier_id <> 1) AND (orders.o_carrier_id <> 2)) THEN 1 ELSE 0 END)"],"Group Key":["orders.o_ol_cnt"],"Planned Partitions":0,"HashAgg Batches":1,"Peak Memory Usage":24,"Disk Usage":0,"Shared Hit Blocks":362943,"Shared Read Blocks":0,"Shared Dirtied Blocks":0,"Shared Written Blocks":0,"Local Hit Blocks":0,"Local Read Blocks":0,"Local Dirtied Blocks":0,"Local Written Blocks":0,"Temp Read Blocks":37988,"Temp Written Blocks":37988,"I/O Read Time":0.0,"I/O Write Time":0.0,"Temp I/O Read Time":59.932,"Temp I/O Write Time":168.568,"Plans":[{"Node Type":"Hash Join","Parent Relationship":"Outer","Parallel Aware":false,"Async Capable":false,"Join Type":"Inner","Startup Cost":129595.08,"Total Cost":1020529.38,"Plan Rows":1402889,"Plan Width":4,"Actual Startup Time":1021.602,"Actual Total Time":5196.647,"Actual Rows":4297675,"Actual Loops":1,"Output":["orders.o_ol_cnt","orders.o_carrier_id"],"Inner Unique":true,"Hash Cond":"((order_line.ol_w_id = orders.o_w_id) AND (order_line.ol_d_id = orders.o_d_id) AND (order_line.ol_o_id = orders.o_id))","Join Filter":"(orders.o_entry_d <= order_line.ol_delivery_d)","Rows Removed by Join Filter":0,"Shared Hit Blocks":362943,"Shared Read Blocks":0,"Shared Dirtied Blocks":0,"Shared Written Blocks":0,"Local Hit Blocks":0,"Local Read Blocks":0,"Local Dirtied Blocks":0,"Local Written Blocks":0,"Temp Read Blocks":37988,"Temp Written Blocks":37988,"I/O Read Time":0.0,"I/O Write Time":0.0,"Temp I/O Read Time":59.932,"Temp I/O Write Time":168.568,"Plans":[{"Node Type":"Seq Scan","Parent Relationship":"Outer","Parallel Aware":false,"Async Capable":false,"Relation Name":"order_line","Schema":"public","Alias":"order_line","Startup Cost":0.0,"Total Cost":790850.88,"Plan Rows":4211228,"Plan Width":20,"Actual Startup Time":34.965,"Actual Total Time":2333.685,"Actual Rows":4297675,"Actual Loops":1,"Output":["order_line.ol_w_id","order_line.ol_d_id","order_line.ol_o_id","order_line.ol_delivery_d"],"Filter":"((order_line.ol_delivery_d >= '1996-01-02 20:10:02.27764'::timestamp without time zone) AND (order_line.ol_delivery_d < '1997-01-02 20:10:02.27764'::timestamp without time zone))","Rows Removed by Filter":25700057,"Shared Hit Blocks":340884,"Shared Read Blocks":0,"Shared Dirtied Blocks":0,"Shared Written Blocks":0,"Local Hit Blocks":0,"Local Read Blocks":0,"Local Dirtied Blocks":0,"Local Written Blocks":0,"Temp Read Blocks":0,"Temp Written Blocks":0,"I/O Read Time":0.0,"I/O Write Time":0.0,"Temp I/O Read Time":0.0,"Temp I/O Write Time":0.0},{"Node Type":"Hash","Parent Relationship":"Inner","Parallel Aware":false,"Async Capable":false,"Startup Cost":59559.0,"Total Cost":59559.0,"Plan Rows":2998176,"Plan Width":24,"Actual Startup Time":985.763,"Actual Total Time":985.765,"Actual Rows":2997892,"Actual Loops":1,"Output":["orders.o_ol_cnt","orders.o_carrier_id","orders.o_w_id","orders.o_d_id","orders.o_id","orders.o_entry_d"],"Hash Buckets":131072,"Original Hash Buckets":131072,"Hash Batches":32,"Original Hash Batches":32,"Peak Memory Usage":6171,"Shared Hit Blocks":22059,"Shared Read Blocks":0,"Shared Dirtied Blocks":0,"Shared Written Blocks":0,"Local Hit Blocks":0,"Local Read Blocks":0,"Local Dirtied Blocks":0,"Local Written Blocks":0,"Temp Read Blocks":0,"Temp Written Blocks":15582,"I/O Read Time":0.0,"I/O Write Time":0.0,"Temp I/O Read Time":0.0,"Temp I/O Write Time":67.426,"Plans":[{"Node Type":"Seq Scan","Parent Relationship":"Outer","Parallel Aware":false,"Async Capable":false,"Relation Name":"orders","Schema":"public","Alias":"orders","Startup Cost":0.0,"Total Cost":59559.0,"Plan Rows":2998176,"Plan Width":24,"Actual Startup Time":0.01,"Actual Total Time":415.848,"Actual Rows":2997892,"Actual Loops":1,"Output":["orders.o_ol_cnt","orders.o_carrier_id","orders.o_w_id","orders.o_d_id","orders.o_id","orders.o_entry_d"],"Filter":"(orders.o_entry_d >= '1992-01-02 20:10:02.27764'::timestamp without time zone)","Rows Removed by Filter":2108,"Shared Hit Blocks":22059,"Shared Read Blocks":0,"Shared Dirtied Blocks":0,"Shared Written Blocks":0,"Local Hit Blocks":0,"Local Read Blocks":0,"Local Dirtied Blocks":0,"Local Written Blocks":0,"Temp Read Blocks":0,"Temp Written Blocks":0,"I/O Read Time":0.0,"I/O Write Time":0.0,"Temp I/O Read Time":0.0,"Temp I/O Write Time":0.0}]}]}]}]},"Planning":{"Shared Hit Blocks":0,"Shared Read Blocks":0,"Shared Dirtied Blocks":0,"Shared Written Blocks":0,"Local Hit Blocks":0,"Local Read Blocks":0,"Local Dirtied Blocks":0,"Local Written Blocks":0,"Temp Read Blocks":0,"Temp Written Blocks":0,"I/O Read Time":0.0,"I/O Write Time":0.0,"Temp I/O Read Time":0.0,"Temp I/O Write Time":0.0},"Planning Time":0.376,"Triggers":[],"Execution Time":5894.896}]
[列存组合]: order_line, orders
[{"Plan":{"Node Type":"Sort","Parallel Aware":false,"Async Capable":false,"Startup Cost":1029573.36,"Total Cost":1029573.39,"Plan Rows":11,"Plan Width":18,"Actual Startup Time":4540.397,"Actual Total Time":4540.403,"Actual Rows":11,"Actual Loops":1,"Output":["orders.o_ol_cnt","(sum(CASE WHEN ((orders.o_carrier_id = 1) OR (orders.o_carrier_id = 2)) THEN 1 ELSE 0 END))","(sum(CASE WHEN ((orders.o_carrier_id <> 1) AND (orders.o_carrier_id <> 2)) THEN 1 ELSE 0 END))"],"Sort Key":["orders.o_ol_cnt"],"Sort Method":"quicksort","Sort Space Used":25,"Sort Space Type":"Memory","Shared Hit Blocks":22059,"Shared Read Blocks":0,"Shared Dirtied Blocks":0,"Shared Written Blocks":0,"Local Hit Blocks":0,"Local Read Blocks":0,"Local Dirtied Blocks":0,"Local Written Blocks":0,"Temp Read Blocks":37988,"Temp Written Blocks":37988,"I/O Read Time":0.0,"I/O Write Time":0.0,"Temp I/O Read Time":59.247,"Temp I/O Write Time":162.123,"Plans":[{"Node Type":"Aggregate","Strategy":"Hashed","Partial Mode":"Simple","Parent Relationship":"Outer","Parallel Aware":false,"Async Capable":false,"Startup Cost":1029573.06,"Total Cost":1029573.17,"Plan Rows":11,"Plan Width":18,"Actual Startup Time":4540.38,"Actual Total Time":4540.387,"Actual Rows":11,"Actual Loops":1,"Output":["orders.o_ol_cnt","sum(CASE WHEN ((orders.o_carrier_id = 1) OR (orders.o_carrier_id = 2)) THEN 1 ELSE 0 END)","sum(CASE WHEN ((orders.o_carrier_id <> 1) AND (orders.o_carrier_id <> 2)) THEN 1 ELSE 0 END)"],"Group Key":["orders.o_ol_cnt"],"Planned Partitions":0,"HashAgg Batches":1,"Peak Memory Usage":24,"Disk Usage":0,"Shared Hit Blocks":22059,"Shared Read Blocks":0,"Shared Dirtied Blocks":0,"Shared Written Blocks":0,"Local Hit Blocks":0,"Local Read Blocks":0,"Local Dirtied Blocks":0,"Local Written Blocks":0,"Temp Read Blocks":37988,"Temp Written Blocks":37988,"I/O Read Time":0.0,"I/O Write Time":0.0,"Temp I/O Read Time":59.247,"Temp I/O Write Time":162.123,"Plans":[{"Node Type":"Hash Join","Parent Relationship":"Outer","Parallel Aware":false,"Async Capable":false,"Join Type":"Inner","Startup Cost":129615.08,"Total Cost":1005022.5,"Plan Rows":1402889,"Plan Width":4,"Actual Startup Time":970.167,"Actual Total Time":3834.487,"Actual Rows":4297675,"Actual Loops":1,"Output":["orders.o_ol_cnt","orders.o_carrier_id"],"Inner Unique":true,"Hash Cond":"((order_line.ol_w_id = orders.o_w_id) AND (order_line.ol_d_id = orders.o_d_id) AND (order_line.ol_o_id = orders.o_id))","Join Filter":"(orders.o_entry_d <= order_line.ol_delivery_d)","Rows Removed by Join Filter":0,"Shared Hit Blocks":22059,"Shared Read Blocks":0,"Shared Dirtied Blocks":0,"Shared Written Blocks":0,"Local Hit Blocks":0,"Local Read Blocks":0,"Local Dirtied Blocks":0,"Local Written Blocks":0,"Temp Read Blocks":37988,"Temp Written Blocks":37988,"I/O Read Time":0.0,"I/O Write Time":0.0,"Temp I/O Read Time":59.247,"Temp I/O Write Time":162.123,"Plans":[{"Node Type":"Append","Parent Relationship":"Outer","Parallel Aware":false,"Async Capable":false,"Startup Cost":20.0,"Total Cost":775344.0,"Plan Rows":4211228,"Plan Width":20,"Actual Startup Time":0.177,"Actual Total Time":977.471,"Actual Rows":4297675,"Actual Loops":1,"Shared Hit Blocks":0,"Shared Read Blocks":0,"Shared Dirtied Blocks":0,"Shared Written Blocks":0,"Local Hit Blocks":0,"Local Read Blocks":0,"Local Dirtied Blocks":0,"Local Written Blocks":0,"Temp Read Blocks":0,"Temp Written Blocks":0,"I/O Read Time":0.0,"I/O Write Time":0.0,"Temp I/O Read Time":0.0,"Temp I/O Write Time":0.0,"Subplans Removed":0,"Plans":[{"Node Type":"Custom Scan","Parent Relationship":"Member","Custom Plan Provider":"columnar scan","Parallel Aware":false,"Async Capable":false,"Relation Name":"order_line","Schema":"public","Alias":"order_line","Startup Cost":20.0,"Total Cost":98984.75,"Plan Rows":4211220,"Plan Width":20,"Actual Startup Time":0.176,"Actual Total Time":671.404,"Actual Rows":4297675,"Actual Loops":1,"Output":["order_line.ol_w_id","order_line.ol_d_id","order_line.ol_o_id","order_line.ol_delivery_d"],"Filter":"((order_line.ol_delivery_d >= '1996-01-02 20:10:02.27764'::timestamp without time zone) AND (order_line.ol_delivery_d < '1997-01-02 20:10:02.27764'::timestamp without time zone))","Rows Removed by Filter":0,"Rows Removed by Columnar Filter":25700057,"Columnar cache search mode":"native","Shared Hit Blocks":0,"Shared Read Blocks":0,"Shared Dirtied Blocks":0,"Shared Written Blocks":0,"Local Hit Blocks":0,"Local Read Blocks":0,"Local Dirtied Blocks":0,"Local Written Blocks":0,"Temp Read Blocks":0,"Temp Written Blocks":0,"I/O Read Time":0.0,"I/O Write Time":0.0,"Temp I/O Read Time":0.0,"Temp I/O Write Time":0.0},{"Node Type":"Seq Scan","Parent Relationship":"Member","Parallel Aware":false,"Async Capable":false,"Relation Name":"order_line","Schema":"public","Alias":"order_line","Startup Cost":0.0,"Total Cost":4.9,"Plan Rows":8,"Plan Width":20,"Actual Startup Time":0.0,"Actual Total Time":0.0,"Actual Rows":0,"Actual Loops":0,"Output":["order_line.ol_w_id","order_line.ol_d_id","order_line.ol_o_id","order_line.ol_delivery_d"],"Filter":"((order_line.ol_delivery_d >= '1996-01-02 20:10:02.27764'::timestamp without time zone) AND (order_line.ol_delivery_d < '1997-01-02 20:10:02.27764'::timestamp without time zone))","Rows Removed by Filter":0,"Shared Hit Blocks":0,"Shared Read Blocks":0,"Shared Dirtied Blocks":0,"Shared Written Blocks":0,"Local Hit Blocks":0,"Local Read Blocks":0,"Local Dirtied Blocks":0,"Local Written Blocks":0,"Temp Read Blocks":0,"Temp Written Blocks":0,"I/O Read Time":0.0,"I/O Write Time":0.0,"Temp I/O Read Time":0.0,"Temp I/O Write Time":0.0}]},{"Node Type":"Hash","Parent Relationship":"Inner","Parallel Aware":false,"Async Capable":false,"Startup Cost":59559.0,"Total Cost":59559.0,"Plan Rows":2998176,"Plan Width":24,"Actual Startup Time":968.884,"Actual Total Time":968.885,"Actual Rows":2997892,"Actual Loops":1,"Output":["orders.o_ol_cnt","orders.o_carrier_id","orders.o_w_id","orders.o_d_id","orders.o_id","orders.o_entry_d"],"Hash Buckets":131072,"Original Hash Buckets":131072,"Hash Batches":32,"Original Hash Batches":32,"Peak Memory Usage":6171,"Shared Hit Blocks":22059,"Shared Read Blocks":0,"Shared Dirtied Blocks":0,"Shared Written Blocks":0,"Local Hit Blocks":0,"Local Read Blocks":0,"Local Dirtied Blocks":0,"Local Written Blocks":0,"Temp Read Blocks":0,"Temp Written Blocks":15582,"I/O Read Time":0.0,"I/O Write Time":0.0,"Temp I/O Read Time":0.0,"Temp I/O Write Time":66.587,"Plans":[{"Node Type":"Seq Scan","Parent Relationship":"Outer","Parallel Aware":false,"Async Capable":false,"Relation Name":"orders","Schema":"public","Alias":"orders","Startup Cost":0.0,"Total Cost":59559.0,"Plan Rows":2998176,"Plan Width":24,"Actual Startup Time":0.014,"Actual Total Time":418.319,"Actual Rows":2997892,"Actual Loops":1,"Output":["orders.o_ol_cnt","orders.o_carrier_id","orders.o_w_id","orders.o_d_id","orders.o_id","orders.o_entry_d"],"Filter":"(orders.o_entry_d >= '1992-01-02 20:10:02.27764'::timestamp without time zone)","Rows Removed by Filter":2108,"Shared Hit Blocks":22059,"Shared Read Blocks":0,"Shared Dirtied Blocks":0,"Shared Written Blocks":0,"Local Hit Blocks":0,"Local Read Blocks":0,"Local Dirtied Blocks":0,"Local Written Blocks":0,"Temp Read Blocks":0,"Temp Written Blocks":0,"I/O Read Time":0.0,"I/O Write Time":0.0,"Temp I/O Read Time":0.0,"Temp I/O Write Time":0.0}]}]}]}]},"Planning":{"Shared Hit Blocks":0,"Shared Read Blocks":0,"Shared Dirtied Blocks":0,"Shared Written Blocks":0,"Local Hit Blocks":0,"Local Read Blocks":0,"Local Dirtied Blocks":0,"Local Written Blocks":0,"Temp Read Blocks":0,"Temp Written Blocks":0,"I/O Read Time":0.0,"I/O Write Time":0.0,"Temp I/O Read Time":0.0,"Temp I/O Write Time":0.0},"Planning Time":0.703,"Triggers":[],"Execution Time":4540.512}]
