[列存组合]: 无列存
[{"Plan":{"Node Type":"Sort","Parallel Aware":false,"Async Capable":false,"Startup Cost":230283.67,"Total Cost":230284.17,"Plan Rows":200,"Plan Width":16,"Actual Startup Time":1551.235,"Actual Total Time":1551.242,"Actual Rows":92,"Actual Loops":1,"Output":["c_orders.c_count","(count(*))"],"Sort Key":["(count(*)) DESC","c_orders.c_count DESC"],"Sort Method":"quicksort","Sort Space Used":30,"Sort Space Type":"Memory","Shared Hit Blocks":23215,"Shared Read Blocks":7051,"Shared Dirtied Blocks":0,"Shared Written Blocks":0,"Local Hit Blocks":0,"Local Read Blocks":0,"Local Dirtied Blocks":0,"Local Written Blocks":0,"Temp Read Blocks":1339,"Temp Written Blocks":1347,"I/O Read Time":26.81,"I/O Write Time":0.0,"Temp I/O Read Time":2.04,"Temp I/O Write Time":4.93,"Plans":[{"Node Type":"Aggregate","Strategy":"Sorted","Partial Mode":"Simple","Parent Relationship":"Outer","Parallel Aware":false,"Async Capable":false,"Startup Cost":230251.53,"Total Cost":230276.03,"Plan Rows":200,"Plan Width":16,"Actual Startup Time":1550.867,"Actual Total Time":1551.214,"Actual Rows":92,"Actual Loops":1,"Output":["c_orders.c_count","count(*)"],"Group Key":["c_orders.c_count"],"Shared Hit Blocks":23215,"Shared Read Blocks":7051,"Shared Dirtied Blocks":0,"Shared Written Blocks":0,"Local Hit Blocks":0,"Local Read Blocks":0,"Local Dirtied Blocks":0,"Local Written Blocks":0,"Temp Read Blocks":1339,"Temp Written Blocks":1347,"I/O Read Time":26.81,"I/O Write Time":0.0,"Temp I/O Read Time":2.04,"Temp I/O Write Time":4.93,"Plans":[{"Node Type":"Sort","Parent Relationship":"Outer","Parallel Aware":false,"Async Capable":false,"Startup Cost":230251.53,"Total Cost":230259.03,"Plan Rows":3000,"Plan Width":8,"Actual Startup Time":1550.861,"Actual Total Time":1550.98,"Actual Rows":3000,"Actual Loops":1,"Output":["c_orders.c_count"],"Sort Key":["c_orders.c_count DESC"],"Sort Method":"quicksort","Sort Space Used":97,"Sort Space Type":"Memory","Shared Hit Blocks":23215,"Shared Read Blocks":7051,"Shared Dirtied Blocks":0,"Shared Written Blocks":0,"Local Hit Blocks":0,"Local Read Blocks":0,"Local Dirtied Blocks":0,"Local Written Blocks":0,"Temp Read Blocks":1339,"Temp Written Blocks":1347,"I/O Read Time":26.81,"I/O Write Time":0.0,"Temp I/O Read Time":2.04,"Temp I/O Write Time":4.93,"Plans":[{"Node Type":"Subquery Scan","Parent Relationship":"Outer","Parallel Aware":false,"Async Capable":false,"Alias":"c_orders","Startup Cost":230018.27,"Total Cost":230078.27,"Plan Rows":3000,"Plan Width":8,"Actual Startup Time":1550.079,"Actual Total Time":1550.571,"Actual Rows":3000,"Actual Loops":1,"Output":["c_orders.c_count"],"Shared Hit Blocks":23215,"Shared Read Blocks":7051,"Shared Dirtied Blocks":0,"Shared Written Blocks":0,"Local Hit Blocks":0,"Local Read Blocks":0,"Local Dirtied Blocks":0,"Local Written Blocks":0,"Temp Read Blocks":1339,"Temp Written Blocks":1347,"I/O Read Time":26.81,"I/O Write Time":0.0,"Temp I/O Read Time":2.04,"Temp I/O Write Time":4.93,"Plans":[{"Node Type":"Aggregate","Strategy":"Hashed","Partial Mode":"Simple","Parent Relationship":"Subquery","Parallel Aware":false,"Async Capable":false,"Startup Cost":230018.27,"Total Cost":230048.27,"Plan Rows":3000,"Plan Width":12,"Actual Startup Time":1550.078,"Actual Total Time":1550.344,"Actual Rows":3000,"Actual Loops":1,"Output":["customer.c_id","count(orders.o_id)"],"Group Key":["customer.c_id"],"Planned Partitions":0,"HashAgg Batches":1,"Peak Memory Usage":369,"Disk Usage":0,"Shared Hit Blocks":23215,"Shared Read Blocks":7051,"Shared Dirtied Blocks":0,"Shared Written Blocks":0,"Local Hit Blocks":0,"Local Read Blocks":0,"Local Dirtied Blocks":0,"Local Written Blocks":0,"Temp Read Blocks":1339,"Temp Written Blocks":1347,"I/O Read Time":26.81,"I/O Write Time":0.0,"Temp I/O Read Time":2.04,"Temp I/O Write Time":4.93,"Plans":[{"Node Type":"Merge Join","Parent Relationship":"Outer","Parallel Aware":false,"Async Capable":false,"Join Type":"Right","Startup Cost":106178.62,"Total Cost":215019.58,"Plan Rows":2999738,"Plan Width":12,"Actual Startup Time":425.671,"Actual Total Time":1139.108,"Actual Rows":3000000,"Actual Loops":1,"Output":["customer.c_id","orders.o_id"],"Inner Unique":true,"Merge Cond":"((orders.o_w_id = customer.c_w_id) AND (orders.o_d_id = customer.c_d_id) AND (orders.o_c_id = customer.c_id))","Shared Hit Blocks":23215,"Shared Read Blocks":7051,"Shared Dirtied Blocks":0,"Shared Written Blocks":0,"Local Hit Blocks":0,"Local Read Blocks":0,"Local Dirtied Blocks":0,"Local Written Blocks":0,"Temp Read Blocks":1339,"Temp Written Blocks":1347,"I/O Read Time":26.81,"I/O Write Time":0.0,"Temp I/O Read Time":2.04,"Temp I/O Write Time":4.93,"Plans":[{"Node Type":"Sort","Parent Relationship":"Outer","Parallel Aware":false,"Async Capable":false,"Startup Cost":106178.19,"Total Cost":107232.69,"Plan Rows":421800,"Plan Width":16,"Actual Startup Time":425.618,"Actual Total Time":466.603,"Actual Rows":420324,"Actual Loops":1,"Output":["orders.o_id","orders.o_w_id","orders.o_d_id","orders.o_c_id"],"Sort Key":["orders.o_w_id","orders.o_d_id","orders.o_c_id"],"Sort Method":"external merge","Sort Space Used":10712,"Sort Space Type":"Disk","Shared Hit Blocks":22059,"Shared Read Blocks":0,"Shared Dirtied Blocks":0,"Shared Written Blocks":0,"Local Hit Blocks":0,"Local Read Blocks":0,"Local Dirtied Blocks":0,"Local Written Blocks":0,"Temp Read Blocks":1339,"Temp Written Blocks":1347,"I/O Read Time":0.0,"I/O Write Time":0.0,"Temp I/O Read Time":2.04,"Temp I/O Write Time":4.93,"Plans":[{"Node Type":"Seq Scan","Parent Relationship":"Outer","Parallel Aware":false,"Async Capable":false,"Relation Name":"orders","Schema":"public","Alias":"orders","Startup Cost":0.0,"Total Cost":59559.0,"Plan Rows":421800,"Plan Width":16,"Actual Startup Time":0.007,"Actual Total Time":213.919,"Actual Rows":420324,"Actual Loops":1,"Output":["orders.o_id","orders.o_w_id","orders.o_d_id","orders.o_c_id"],"Filter":"(orders.o_carrier_id > 8)","Rows Removed by Filter":2579676,"Shared Hit Blocks":22059,"Shared Read Blocks":0,"Shared Dirtied Blocks":0,"Shared Written Blocks":0,"Local Hit Blocks":0,"Local Read Blocks":0,"Local Dirtied Blocks":0,"Local Written Blocks":0,"Temp Read Blocks":0,"Temp Written Blocks":0,"I/O Read Time":0.0,"I/O Write Time":0.0,"Temp I/O Read Time":0.0,"Temp I/O Write Time":0.0}]},{"Node Type":"Index Only Scan","Parent Relationship":"Inner","Parallel Aware":false,"Async Capable":false,"Scan Direction":"Forward","Index Name":"customer_pk","Relation Name":"customer","Schema":"public","Alias":"customer","Startup Cost":0.43,"Total Cost":77908.5,"Plan Rows":2999738,"Plan Width":8,"Actual Startup Time":0.046,"Actual Total Time":260.997,"Actual Rows":3000000,"Actual Loops":1,"Output":["customer.c_w_id","customer.c_d_id","customer.c_id"],"Heap Fetches":0,"Shared Hit Blocks":1156,"Shared Read Blocks":7051,"Shared Dirtied Blocks":0,"Shared Written Blocks":0,"Local Hit Blocks":0,"Local Read Blocks":0,"Local Dirtied Blocks":0,"Local Written Blocks":0,"Temp Read Blocks":0,"Temp Written Blocks":0,"I/O Read Time":26.81,"I/O Write Time":0.0,"Temp I/O Read Time":0.0,"Temp I/O Write Time":0.0}]}]}]}]}]}]},"Planning":{"Shared Hit Blocks":6,"Shared Read Blocks":0,"Shared Dirtied Blocks":0,"Shared Written Blocks":0,"Local Hit Blocks":0,"Local Read Blocks":0,"Local Dirtied Blocks":0,"Local Written Blocks":0,"Temp Read Blocks":0,"Temp Written Blocks":0,"I/O Read Time":0.0,"I/O Write Time":0.0,"Temp I/O Read Time":0.0,"Temp I/O Write Time":0.0},"Planning Time":0.317,"Triggers":[],"Execution Time":1553.286}]
[列存组合]: customer
[{"Plan":{"Node Type":"Sort","Parallel Aware":false,"Async Capable":false,"Startup Cost":222714.61,"Total Cost":222715.11,"Plan Rows":200,"Plan Width":16,"Actual Startup Time":2606.878,"Actual Total Time":2606.887,"Actual Rows":92,"Actual Loops":1,"Output":["c_orders.c_count","(count(*))"],"Sort Key":["(count(*)) DESC","c_orders.c_count DESC"],"Sort Method":"quicksort","Sort Space Used":30,"Sort Space Type":"Memory","Shared Hit Blocks":22059,"Shared Read Blocks":0,"Shared Dirtied Blocks":0,"Shared Written Blocks":0,"Local Hit Blocks":0,"Local Read Blocks":0,"Local Dirtied Blocks":0,"Local Written Blocks":0,"Temp Read Blocks":11752,"Temp Written Blocks":11752,"I/O Read Time":0.0,"I/O Write Time":0.0,"Temp I/O Read Time":19.087,"Temp I/O Write Time":54.02,"Plans":[{"Node Type":"Aggregate","Strategy":"Sorted","Partial Mode":"Simple","Parent Relationship":"Outer","Parallel Aware":false,"Async Capable":false,"Startup Cost":222682.46,"Total Cost":222706.96,"Plan Rows":200,"Plan Width":16,"Actual Startup Time":2606.461,"Actual Total Time":2606.855,"Actual Rows":92,"Actual Loops":1,"Output":["c_orders.c_count","count(*)"],"Group Key":["c_orders.c_count"],"Shared Hit Blocks":22059,"Shared Read Blocks":0,"Shared Dirtied Blocks":0,"Shared Written Blocks":0,"Local Hit Blocks":0,"Local Read Blocks":0,"Local Dirtied Blocks":0,"Local Written Blocks":0,"Temp Read Blocks":11752,"Temp Written Blocks":11752,"I/O Read Time":0.0,"I/O Write Time":0.0,"Temp I/O Read Time":19.087,"Temp I/O Write Time":54.02,"Plans":[{"Node Type":"Sort","Parent Relationship":"Outer","Parallel Aware":false,"Async Capable":false,"Startup Cost":222682.46,"Total Cost":222689.96,"Plan Rows":3000,"Plan Width":8,"Actual Startup Time":2606.457,"Actual Total Time":2606.599,"Actual Rows":3000,"Actual Loops":1,"Output":["c_orders.c_count"],"Sort Key":["c_orders.c_count DESC"],"Sort Method":"quicksort","Sort Space Used":97,"Sort Space Type":"Memory","Shared Hit Blocks":22059,"Shared Read Blocks":0,"Shared Dirtied Blocks":0,"Shared Written Blocks":0,"Local Hit Blocks":0,"Local Read Blocks":0,"Local Dirtied Blocks":0,"Local Written Blocks":0,"Temp Read Blocks":11752,"Temp Written Blocks":11752,"I/O Read Time":0.0,"I/O Write Time":0.0,"Temp I/O Read Time":19.087,"Temp I/O Write Time":54.02,"Plans":[{"Node Type":"Subquery Scan","Parent Relationship":"Outer","Parallel Aware":false,"Async Capable":false,"Alias":"c_orders","Startup Cost":222449.2,"Total Cost":222509.2,"Plan Rows":3000,"Plan Width":8,"Actual Startup Time":2605.533,"Actual Total Time":2606.123,"Actual Rows":3000,"Actual Loops":1,"Output":["c_orders.c_count"],"Shared Hit Blocks":22059,"Shared Read Blocks":0,"Shared Dirtied Blocks":0,"Shared Written Blocks":0,"Local Hit Blocks":0,"Local Read Blocks":0,"Local Dirtied Blocks":0,"Local Written Blocks":0,"Temp Read Blocks":11752,"Temp Written Blocks":11752,"I/O Read Time":0.0,"I/O Write Time":0.0,"Temp I/O Read Time":19.087,"Temp I/O Write Time":54.02,"Plans":[{"Node Type":"Aggregate","Strategy":"Hashed","Partial Mode":"Simple","Parent Relationship":"Subquery","Parallel Aware":false,"Async Capable":false,"Startup Cost":222449.2,"Total Cost":222479.2,"Plan Rows":3000,"Plan Width":12,"Actual Startup Time":2605.532,"Actual Total Time":2605.842,"Actual Rows":3000,"Actual Loops":1,"Output":["customer.c_id","count(orders.o_id)"],"Group Key":["customer.c_id"],"Planned Partitions":0,"HashAgg Batches":1,"Peak Memory Usage":369,"Disk Usage":0,"Shared Hit Blocks":22059,"Shared Read Blocks":0,"Shared Dirtied Blocks":0,"Shared Written Blocks":0,"Local Hit Blocks":0,"Local Read Blocks":0,"Local Dirtied Blocks":0,"Local Written Blocks":0,"Temp Read Blocks":11752,"Temp Written Blocks":11752,"I/O Read Time":0.0,"I/O Write Time":0.0,"Temp I/O Read Time":19.087,"Temp I/O Write Time":54.02,"Plans":[{"Node Type":"Hash Join","Parent Relationship":"Outer","Parallel Aware":false,"Async Capable":false,"Join Type":"Right","Startup Cost":128731.84,"Total Cost":207450.51,"Plan Rows":2999738,"Plan Width":12,"Actual Startup Time":1202.624,"Actual Total Time":2139.761,"Actual Rows":3000000,"Actual Loops":1,"Output":["customer.c_id","orders.o_id"],"Inner Unique":true,"Hash Cond":"((orders.o_w_id = customer.c_w_id) AND (orders.o_d_id = customer.c_d_id) AND (orders.o_c_id = customer.c_id))","Shared Hit Blocks":22059,"Shared Read Blocks":0,"Shared Dirtied Blocks":0,"Shared Written Blocks":0,"Local Hit Blocks":0,"Local Read Blocks":0,"Local Dirtied Blocks":0,"Local Written Blocks":0,"Temp Read Blocks":11752,"Temp Written Blocks":11752,"I/O Read Time":0.0,"I/O Write Time":0.0,"Temp I/O Read Time":19.087,"Temp I/O Write Time":54.02,"Plans":[{"Node Type":"Seq Scan","Parent Relationship":"Outer","Parallel Aware":false,"Async Capable":false,"Relation Name":"orders","Schema":"public","Alias":"orders","Startup Cost":0.0,"Total Cost":59559.0,"Plan Rows":421800,"Plan Width":16,"Actual Startup Time":0.023,"Actual Total Time":272.667,"Actual Rows":420324,"Actual Loops":1,"Output":["orders.o_id","orders.o_w_id","orders.o_d_id","orders.o_c_id"],"Filter":"(orders.o_carrier_id > 8)","Rows Removed by Filter":2579676,"Shared Hit Blocks":22059,"Shared Read Blocks":0,"Shared Dirtied Blocks":0,"Shared Written Blocks":0,"Local Hit Blocks":0,"Local Read Blocks":0,"Local Dirtied Blocks":0,"Local Written Blocks":0,"Temp Read Blocks":0,"Temp Written Blocks":0,"I/O Read Time":0.0,"I/O Write Time":0.0,"Temp I/O Read Time":0.0,"Temp I/O Write Time":0.0},{"Node Type":"Hash","Parent Relationship":"Inner","Parallel Aware":false,"Async Capable":false,"Startup Cost":64518.41,"Total Cost":64518.41,"Plan Rows":2999739,"Plan Width":8,"Actual Startup Time":1201.511,"Actual Total Time":1201.513,"Actual Rows":3000000,"Actual Loops":1,"Output":["customer.c_id","customer.c_w_id","customer.c_d_id"],"Hash Buckets":262144,"Original Hash Buckets":262144,"Hash Batches":32,"Original Hash Batches":32,"Peak Memory Usage":5707,"Shared Hit Blocks":0,"Shared Read Blocks":0,"Shared Dirtied Blocks":0,"Shared Written Blocks":0,"Local Hit Blocks":0,"Local Read Blocks":0,"Local Dirtied Blocks":0,"Local Written Blocks":0,"Temp Read Blocks":0,"Temp Written Blocks":9918,"I/O Read Time":0.0,"I/O Write Time":0.0,"Temp I/O Read Time":0.0,"Temp I/O Write Time":44.665,"Plans":[{"Node Type":"Append","Parent Relationship":"Outer","Parallel Aware":false,"Async Capable":false,"Startup Cost":20.0,"Total Cost":64518.41,"Plan Rows":2999739,"Plan Width":8,"Actual Startup Time":0.025,"Actual Total Time":680.946,"Actual Rows":3000000,"Actual Loops":1,"Shared Hit Blocks":0,"Shared Read Blocks":0,"Shared Dirtied Blocks":0,"Shared Written Blocks":0,"Local Hit Blocks":0,"Local Read Blocks":0,"Local Dirtied Blocks":0,"Local Written Blocks":0,"Temp Read Blocks":0,"Temp Written Blocks":0,"I/O Read Time":0.0,"I/O Write Time":0.0,"Temp I/O Read Time":0.0,"Temp I/O Write Time":0.0,"Subplans Removed":0,"Plans":[{"Node Type":"Custom Scan","Parent Relationship":"Member","Custom Plan Provider":"columnar scan","Parallel Aware":false,"Async Capable":false,"Relation Name":"customer","Schema":"public","Alias":"customer","Startup Cost":20.0,"Total Cost":64514.4,"Plan Rows":2999738,"Plan Width":8,"Actual Startup Time":0.023,"Actual Total Time":427.655,"Actual Rows":3000000,"Actual Loops":1,"Output":["customer.c_id","customer.c_w_id","customer.c_d_id"],"Rows Removed by Columnar Filter":0,"Columnar cache search mode":"native","Shared Hit Blocks":0,"Shared Read Blocks":0,"Shared Dirtied Blocks":0,"Shared Written Blocks":0,"Local Hit Blocks":0,"Local Read Blocks":0,"Local Dirtied Blocks":0,"Local Written Blocks":0,"Temp Read Blocks":0,"Temp Written Blocks":0,"I/O Read Time":0.0,"I/O Write Time":0.0,"Temp I/O Read Time":0.0,"Temp I/O Write Time":0.0},{"Node Type":"Seq Scan","Parent Relationship":"Member","Parallel Aware":false,"Async Capable":false,"Relation Name":"customer","Schema":"public","Alias":"customer","Startup Cost":0.0,"Total Cost":4.01,"Plan Rows":1,"Plan Width":8,"Actual Startup Time":0.0,"Actual Total Time":0.0,"Actual Rows":0,"Actual Loops":0,"Output":["customer.c_id","customer.c_w_id","customer.c_d_id"],"Shared Hit Blocks":0,"Shared Read Blocks":0,"Shared Dirtied Blocks":0,"Shared Written Blocks":0,"Local Hit Blocks":0,"Local Read Blocks":0,"Local Dirtied Blocks":0,"Local Written Blocks":0,"Temp Read Blocks":0,"Temp Written Blocks":0,"I/O Read Time":0.0,"I/O Write Time":0.0,"Temp I/O Read Time":0.0,"Temp I/O Write Time":0.0}]}]}]}]}]}]}]}]},"Planning":{"Shared Hit Blocks":0,"Shared Read Blocks":0,"Shared Dirtied Blocks":0,"Shared Written Blocks":0,"Local Hit Blocks":0,"Local Read Blocks":0,"Local Dirtied Blocks":0,"Local Written Blocks":0,"Temp Read Blocks":0,"Temp Written Blocks":0,"I/O Read Time":0.0,"I/O Write Time":0.0,"Temp I/O Read Time":0.0,"Temp I/O Write Time":0.0},"Planning Time":0.648,"Triggers":[],"Execution Time":2607.019}]
[列存组合]: orders
[{"Plan":{"Node Type":"Sort","Parallel Aware":false,"Async Capable":false,"Startup Cost":229115.97,"Total Cost":229116.47,"Plan Rows":200,"Plan Width":16,"Actual Startup Time":1227.607,"Actual Total Time":1227.615,"Actual Rows":92,"Actual Loops":1,"Output":["c_orders.c_count","(count(*))"],"Sort Key":["(count(*)) DESC","c_orders.c_count DESC"],"Sort Method":"quicksort","Sort Space Used":30,"Sort Space Type":"Memory","Shared Hit Blocks":8207,"Shared Read Blocks":0,"Shared Dirtied Blocks":0,"Shared Written Blocks":0,"Local Hit Blocks":0,"Local Read Blocks":0,"Local Dirtied Blocks":0,"Local Written Blocks":0,"Temp Read Blocks":1341,"Temp Written Blocks":1351,"I/O Read Time":0.0,"I/O Write Time":0.0,"Temp I/O Read Time":1.842,"Temp I/O Write Time":5.465,"Plans":[{"Node Type":"Aggregate","Strategy":"Sorted","Partial Mode":"Simple","Parent Relationship":"Outer","Parallel Aware":false,"Async Capable":false,"Startup Cost":229083.83,"Total Cost":229108.33,"Plan Rows":200,"Plan Width":16,"Actual Startup Time":1227.246,"Actual Total Time":1227.589,"Actual Rows":92,"Actual Loops":1,"Output":["c_orders.c_count","count(*)"],"Group Key":["c_orders.c_count"],"Shared Hit Blocks":8207,"Shared Read Blocks":0,"Shared Dirtied Blocks":0,"Shared Written Blocks":0,"Local Hit Blocks":0,"Local Read Blocks":0,"Local Dirtied Blocks":0,"Local Written Blocks":0,"Temp Read Blocks":1341,"Temp Written Blocks":1351,"I/O Read Time":0.0,"I/O Write Time":0.0,"Temp I/O Read Time":1.842,"Temp I/O Write Time":5.465,"Plans":[{"Node Type":"Sort","Parent Relationship":"Outer","Parallel Aware":false,"Async Capable":false,"Startup Cost":229083.83,"Total Cost":229091.33,"Plan Rows":3000,"Plan Width":8,"Actual Startup Time":1227.24,"Actual Total Time":1227.362,"Actual Rows":3000,"Actual Loops":1,"Output":["c_orders.c_count"],"Sort Key":["c_orders.c_count DESC"],"Sort Method":"quicksort","Sort Space Used":97,"Sort Space Type":"Memory","Shared Hit Blocks":8207,"Shared Read Blocks":0,"Shared Dirtied Blocks":0,"Shared Written Blocks":0,"Local Hit Blocks":0,"Local Read Blocks":0,"Local Dirtied Blocks":0,"Local Written Blocks":0,"Temp Read Blocks":1341,"Temp Written Blocks":1351,"I/O Read Time":0.0,"I/O Write Time":0.0,"Temp I/O Read Time":1.842,"Temp I/O Write Time":5.465,"Plans":[{"Node Type":"Subquery Scan","Parent Relationship":"Outer","Parallel Aware":false,"Async Capable":false,"Alias":"c_orders","Startup Cost":228850.57,"Total Cost":228910.57,"Plan Rows":3000,"Plan Width":8,"Actual Startup Time":1226.451,"Actual Total Time":1226.951,"Actual Rows":3000,"Actual Loops":1,"Output":["c_orders.c_count"],"Shared Hit Blocks":8207,"Shared Read Blocks":0,"Shared Dirtied Blocks":0,"Shared Written Blocks":0,"Local Hit Blocks":0,"Local Read Blocks":0,"Local Dirtied Blocks":0,"Local Written Blocks":0,"Temp Read Blocks":1341,"Temp Written Blocks":1351,"I/O Read Time":0.0,"I/O Write Time":0.0,"Temp I/O Read Time":1.842,"Temp I/O Write Time":5.465,"Plans":[{"Node Type":"Aggregate","Strategy":"Hashed","Partial Mode":"Simple","Parent Relationship":"Subquery","Parallel Aware":false,"Async Capable":false,"Startup Cost":228850.57,"Total Cost":228880.57,"Plan Rows":3000,"Plan Width":12,"Actual Startup Time":1226.45,"Actual Total Time":1226.722,"Actual Rows":3000,"Actual Loops":1,"Output":["customer.c_id","count(orders.o_id)"],"Group Key":["customer.c_id"],"Planned Partitions":0,"HashAgg Batches":1,"Peak Memory Usage":369,"Disk Usage":0,"Shared Hit Blocks":8207,"Shared Read Blocks":0,"Shared Dirtied Blocks":0,"Shared Written Blocks":0,"Local Hit Blocks":0,"Local Read Blocks":0,"Local Dirtied Blocks":0,"Local Written Blocks":0,"Temp Read Blocks":1341,"Temp Written Blocks":1351,"I/O Read Time":0.0,"I/O Write Time":0.0,"Temp I/O Read Time":1.842,"Temp I/O Write Time":5.465,"Plans":[{"Node Type":"Merge Join","Parent Relationship":"Outer","Parallel Aware":false,"Async Capable":false,"Join Type":"Right","Startup Cost":105010.9,"Total Cost":213851.88,"Plan Rows":2999738,"Plan Width":12,"Actual Startup Time":124.597,"Actual Total Time":805.75,"Actual Rows":3000000,"Actual Loops":1,"Output":["customer.c_id","orders.o_id"],"Inner Unique":true,"Merge Cond":"((orders.o_w_id = customer.c_w_id) AND (orders.o_d_id = customer.c_d_id) AND (orders.o_c_id = customer.c_id))","Shared Hit Blocks":8207,"Shared Read Blocks":0,"Shared Dirtied Blocks":0,"Shared Written Blocks":0,"Local Hit Blocks":0,"Local Read Blocks":0,"Local Dirtied Blocks":0,"Local Written Blocks":0,"Temp Read Blocks":1341,"Temp Written Blocks":1351,"I/O Read Time":0.0,"I/O Write Time":0.0,"Temp I/O Read Time":1.842,"Temp I/O Write Time":5.465,"Plans":[{"Node Type":"Sort","Parent Relationship":"Outer","Parallel Aware":false,"Async Capable":false,"Startup Cost":105010.47,"Total Cost":106064.97,"Plan Rows":421801,"Plan Width":16,"Actual Startup Time":124.567,"Actual Total Time":162.427,"Actual Rows":420324,"Actual Loops":1,"Output":["orders.o_id","orders.o_w_id","orders.o_d_id","orders.o_c_id"],"Sort Key":["orders.o_w_id","orders.o_d_id","orders.o_c_id"],"Sort Method":"external merge","Sort Space Used":10728,"Sort Space Type":"Disk","Shared Hit Blocks":0,"Shared Read Blocks":0,"Shared Dirtied Blocks":0,"Shared Written Blocks":0,"Local Hit Blocks":0,"Local Read Blocks":0,"Local Dirtied Blocks":0,"Local Written Blocks":0,"Temp Read Blocks":1341,"Temp Written Blocks":1351,"I/O Read Time":0.0,"I/O Write Time":0.0,"Temp I/O Read Time":1.842,"Temp I/O Write Time":5.465,"Plans":[{"Node Type":"Append","Parent Relationship":"Outer","Parallel Aware":false,"Async Capable":false,"Startup Cost":20.0,"Total Cost":58391.18,"Plan Rows":421801,"Plan Width":16,"Actual Startup Time":123.351,"Actual Total Time":123.355,"Actual Rows":420324,"Actual Loops":1,"Shared Hit Blocks":0,"Shared Read Blocks":0,"Shared Dirtied Blocks":0,"Shared Written Blocks":0,"Local Hit Blocks":0,"Local Read Blocks":0,"Local Dirtied Blocks":0,"Local Written Blocks":0,"Temp Read Blocks":0,"Temp Written Blocks":1339,"I/O Read Time":0.0,"I/O Write Time":0.0,"Temp I/O Read Time":0.0,"Temp I/O Write Time":5.437,"Subplans Removed":0,"Plans":[{"Node Type":"Custom Scan","Parent Relationship":"Member","Custom Plan Provider":"columnar scan","Parallel Aware":false,"Async Capable":false,"Relation Name":"orders","Schema":"public","Alias":"orders","Startup Cost":20.0,"Total Cost":9932.33,"Plan Rows":421800,"Plan Width":16,"Actual Startup Time":123.349,"Actual Total Time":123.349,"Actual Rows":420324,"Actual Loops":1,"Output":["orders.o_id","orders.o_w_id","orders.o_d_id","orders.o_c_id"],"Filter":"(orders.o_carrier_id > 8)","Rows Removed by Filter":0,"Rows Removed by Columnar Filter":2579676,"Rows Sorted by Columnar Scan":420324,"Columnar cache search mode":"native","Shared Hit Blocks":0,"Shared Read Blocks":0,"Shared Dirtied Blocks":0,"Shared Written Blocks":0,"Local Hit Blocks":0,"Local Read Blocks":0,"Local Dirtied Blocks":0,"Local Written Blocks":0,"Temp Read Blocks":0,"Temp Written Blocks":1339,"I/O Read Time":0.0,"I/O Write Time":0.0,"Temp I/O Read Time":0.0,"Temp I/O Write Time":5.437},{"Node Type":"Seq Scan","Parent Relationship":"Member","Parallel Aware":false,"Async Capable":false,"Relation Name":"orders","Schema":"public","Alias":"orders","Startup Cost":0.0,"Total Cost":4.01,"Plan Rows":1,"Plan Width":16,"Actual Startup Time":0.0,"Actual Total Time":0.0,"Actual Rows":0,"Actual Loops":0,"Output":["orders.o_id","orders.o_w_id","orders.o_d_id","orders.o_c_id"],"Filter":"(orders.o_carrier_id > 8)","Rows Removed by Filter":0,"Shared Hit Blocks":0,"Shared Read Blocks":0,"Shared Dirtied Blocks":0,"Shared Written Blocks":0,"Local Hit Blocks":0,"Local Read Blocks":0,"Local Dirtied Blocks":0,"Local Written Blocks":0,"Temp Read Blocks":0,"Temp Written Blocks":0,"I/O Read Time":0.0,"I/O Write Time":0.0,"Temp I/O Read Time":0.0,"Temp I/O Write Time":0.0}]}]},{"Node Type":"Index Only Scan","Parent Relationship":"Inner","Parallel Aware":false,"Async Capable":false,"Scan Direction":"Forward","Index Name":"customer_pk","Relation Name":"customer","Schema":"public","Alias":"customer","Startup Cost":0.43,"Total Cost":77908.5,"Plan Rows":2999738,"Plan Width":8,"Actual Startup Time":0.024,"Actual Total Time":233.009,"Actual Rows":3000000,"Actual Loops":1,"Output":["customer.c_w_id","customer.c_d_id","customer.c_id"],"Heap Fetches":0,"Shared Hit Blocks":8207,"Shared Read Blocks":0,"Shared Dirtied Blocks":0,"Shared Written Blocks":0,"Local Hit Blocks":0,"Local Read Blocks":0,"Local Dirtied Blocks":0,"Local Written Blocks":0,"Temp Read Blocks":0,"Temp Written Blocks":0,"I/O Read Time":0.0,"I/O Write Time":0.0,"Temp I/O Read Time":0.0,"Temp I/O Write Time":0.0}]}]}]}]}]}]},"Planning":{"Shared Hit Blocks":0,"Shared Read Blocks":0,"Shared Dirtied Blocks":0,"Shared Written Blocks":0,"Local Hit Blocks":0,"Local Read Blocks":0,"Local Dirtied Blocks":0,"Local Written Blocks":0,"Temp Read Blocks":0,"Temp Written Blocks":0,"I/O Read Time":0.0,"I/O Write Time":0.0,"Temp I/O Read Time":0.0,"Temp I/O Write Time":0.0},"Planning Time":0.344,"Triggers":[],"Execution Time":1229.613}]
[列存组合]: customer, orders
[{"Plan":{"Node Type":"Sort","Parallel Aware":false,"Async Capable":false,"Startup Cost":221546.79,"Total Cost":221547.29,"Plan Rows":200,"Plan Width":16,"Actual Startup Time":2210.095,"Actual Total Time":2210.106,"Actual Rows":92,"Actual Loops":1,"Output":["c_orders.c_count","(count(*))"],"Sort Key":["(count(*)) DESC","c_orders.c_count DESC"],"Sort Method":"quicksort","Sort Space Used":30,"Sort Space Type":"Memory","Shared Hit Blocks":0,"Shared Read Blocks":0,"Shared Dirtied Blocks":0,"Shared Written Blocks":0,"Local Hit Blocks":0,"Local Read Blocks":0,"Local Dirtied Blocks":0,"Local Written Blocks":0,"Temp Read Blocks":11752,"Temp Written Blocks":11752,"I/O Read Time":0.0,"I/O Write Time":0.0,"Temp I/O Read Time":17.988,"Temp I/O Write Time":52.121,"Plans":[{"Node Type":"Aggregate","Strategy":"Sorted","Partial Mode":"Simple","Parent Relationship":"Outer","Parallel Aware":false,"Async Capable":false,"Startup Cost":221514.65,"Total Cost":221539.15,"Plan Rows":200,"Plan Width":16,"Actual Startup Time":2209.723,"Actual Total Time":2210.075,"Actual Rows":92,"Actual Loops":1,"Output":["c_orders.c_count","count(*)"],"Group Key":["c_orders.c_count"],"Shared Hit Blocks":0,"Shared Read Blocks":0,"Shared Dirtied Blocks":0,"Shared Written Blocks":0,"Local Hit Blocks":0,"Local Read Blocks":0,"Local Dirtied Blocks":0,"Local Written Blocks":0,"Temp Read Blocks":11752,"Temp Written Blocks":11752,"I/O Read Time":0.0,"I/O Write Time":0.0,"Temp I/O Read Time":17.988,"Temp I/O Write Time":52.121,"Plans":[{"Node Type":"Sort","Parent Relationship":"Outer","Parallel Aware":false,"Async Capable":false,"Startup Cost":221514.65,"Total Cost":221522.15,"Plan Rows":3000,"Plan Width":8,"Actual Startup Time":2209.718,"Actual Total Time":2209.841,"Actual Rows":3000,"Actual Loops":1,"Output":["c_orders.c_count"],"Sort Key":["c_orders.c_count DESC"],"Sort Method":"quicksort","Sort Space Used":97,"Sort Space Type":"Memory","Shared Hit Blocks":0,"Shared Read Blocks":0,"Shared Dirtied Blocks":0,"Shared Written Blocks":0,"Local Hit Blocks":0,"Local Read Blocks":0,"Local Dirtied Blocks":0,"Local Written Blocks":0,"Temp Read Blocks":11752,"Temp Written Blocks":11752,"I/O Read Time":0.0,"I/O Write Time":0.0,"Temp I/O Read Time":17.988,"Temp I/O Write Time":52.121,"Plans":[{"Node Type":"Subquery Scan","Parent Relationship":"Outer","Parallel Aware":false,"Async Capable":false,"Alias":"c_orders","Startup Cost":221281.39,"Total Cost":221341.39,"Plan Rows":3000,"Plan Width":8,"Actual Startup Time":2208.932,"Actual Total Time":2209.421,"Actual Rows":3000,"Actual Loops":1,"Output":["c_orders.c_count"],"Shared Hit Blocks":0,"Shared Read Blocks":0,"Shared Dirtied Blocks":0,"Shared Written Blocks":0,"Local Hit Blocks":0,"Local Read Blocks":0,"Local Dirtied Blocks":0,"Local Written Blocks":0,"Temp Read Blocks":11752,"Temp Written Blocks":11752,"I/O Read Time":0.0,"I/O Write Time":0.0,"Temp I/O Read Time":17.988,"Temp I/O Write Time":52.121,"Plans":[{"Node Type":"Aggregate","Strategy":"Hashed","Partial Mode":"Simple","Parent Relationship":"Subquery","Parallel Aware":false,"Async Capable":false,"Startup Cost":221281.39,"Total Cost":221311.39,"Plan Rows":3000,"Plan Width":12,"Actual Startup Time":2208.93,"Actual Total Time":2209.194,"Actual Rows":3000,"Actual Loops":1,"Output":["customer.c_id","count(orders.o_id)"],"Group Key":["customer.c_id"],"Planned Partitions":0,"HashAgg Batches":1,"Peak Memory Usage":369,"Disk Usage":0,"Shared Hit Blocks":0,"Shared Read Blocks":0,"Shared Dirtied Blocks":0,"Shared Written Blocks":0,"Local Hit Blocks":0,"Local Read Blocks":0,"Local Dirtied Blocks":0,"Local Written Blocks":0,"Temp Read Blocks":11752,"Temp Written Blocks":11752,"I/O Read Time":0.0,"I/O Write Time":0.0,"Temp I/O Read Time":17.988,"Temp I/O Write Time":52.121,"Plans":[{"Node Type":"Hash Join","Parent Relationship":"Outer","Parallel Aware":false,"Async Capable":false,"Join Type":"Right","Startup Cost":128751.84,"Total Cost":206282.7,"Plan Rows":2999738,"Plan Width":12,"Actual Startup Time":1072.881,"Actual Total Time":1795.501,"Actual Rows":3000000,"Actual Loops":1,"Output":["customer.c_id","orders.o_id"],"Inner Unique":true,"Hash Cond":"((orders.o_w_id = customer.c_w_id) AND (orders.o_d_id = customer.c_d_id) AND (orders.o_c_id = customer.c_id))","Shared Hit Blocks":0,"Shared Read Blocks":0,"Shared Dirtied Blocks":0,"Shared Written Blocks":0,"Local Hit Blocks":0,"Local Read Blocks":0,"Local Dirtied Blocks":0,"Local Written Blocks":0,"Temp Read Blocks":11752,"Temp Written Blocks":11752,"I/O Read Time":0.0,"I/O Write Time":0.0,"Temp I/O Read Time":17.988,"Temp I/O Write Time":52.121,"Plans":[{"Node Type":"Append","Parent Relationship":"Outer","Parallel Aware":false,"Async Capable":false,"Startup Cost":20.0,"Total Cost":58391.18,"Plan Rows":421801,"Plan Width":16,"Actual Startup Time":0.148,"Actual Total Time":107.57,"Actual Rows":420324,"Actual Loops":1,"Shared Hit Blocks":0,"Shared Read Blocks":0,"Shared Dirtied Blocks":0,"Shared Written Blocks":0,"Local Hit Blocks":0,"Local Read Blocks":0,"Local Dirtied Blocks":0,"Local Written Blocks":0,"Temp Read Blocks":0,"Temp Written Blocks":0,"I/O Read Time":0.0,"I/O Write Time":0.0,"Temp I/O Read Time":0.0,"Temp I/O Write Time":0.0,"Subplans Removed":0,"Plans":[{"Node Type":"Custom Scan","Parent Relationship":"Member","Custom Plan Provider":"columnar scan","Parallel Aware":false,"Async Capable":false,"Relation Name":"orders","Schema":"public","Alias":"orders","Startup Cost":20.0,"Total Cost":9932.33,"Plan Rows":421800,"Plan Width":16,"Actual Startup Time":0.147,"Actual Total Time":78.222,"Actual Rows":420324,"Actual Loops":1,"Output":["orders.o_id","orders.o_w_id","orders.o_d_id","orders.o_c_id"],"Filter":"(orders.o_carrier_id > 8)","Rows Removed by Filter":0,"Rows Removed by Columnar Filter":2579676,"Columnar cache search mode":"native","Shared Hit Blocks":0,"Shared Read Blocks":0,"Shared Dirtied Blocks":0,"Shared Written Blocks":0,"Local Hit Blocks":0,"Local Read Blocks":0,"Local Dirtied Blocks":0,"Local Written Blocks":0,"Temp Read Blocks":0,"Temp Written Blocks":0,"I/O Read Time":0.0,"I/O Write Time":0.0,"Temp I/O Read Time":0.0,"Temp I/O Write Time":0.0},{"Node Type":"Seq Scan","Parent Relationship":"Member","Parallel Aware":false,"Async Capable":false,"Relation Name":"orders","Schema":"public","Alias":"orders","Startup Cost":0.0,"Total Cost":4.01,"Plan Rows":1,"Plan Width":16,"Actual Startup Time":0.0,"Actual Total Time":0.0,"Actual Rows":0,"Actual Loops":0,"Output":["orders.o_id","orders.o_w_id","orders.o_d_id","orders.o_c_id"],"Filter":"(orders.o_carrier_id > 8)","Rows Removed by Filter":0,"Shared Hit Blocks":0,"Shared Read Blocks":0,"Shared Dirtied Blocks":0,"Shared Written Blocks":0,"Local Hit Blocks":0,"Local Read Blocks":0,"Local Dirtied Blocks":0,"Local Written Blocks":0,"Temp Read Blocks":0,"Temp Written Blocks":0,"I/O Read Time":0.0,"I/O Write Time":0.0,"Temp I/O Read Time":0.0,"Temp I/O Write Time":0.0}]},{"Node Type":"Hash","Parent Relationship":"Inner","Parallel Aware":false,"Async Capable":false,"Startup Cost":64518.41,"Total Cost":64518.41,"Plan Rows":2999739,"Plan Width":8,"Actual Startup Time":1071.637,"Actual Total Time":1071.638,"Actual Rows":3000000,"Actual Loops":1,"Output":["customer.c_id","customer.c_w_id","customer.c_d_id"],"Hash Buckets":262144,"Original Hash Buckets":262144,"Hash Batches":32,"Original Hash Batches":32,"Peak Memory Usage":5707,"Shared Hit Blocks":0,"Shared Read Blocks":0,"Shared Dirtied Blocks":0,"Shared Written Blocks":0,"Local Hit Blocks":0,"Local Read Blocks":0,"Local Dirtied Blocks":0,"Local Written Blocks":0,"Temp Read Blocks":0,"Temp Written Blocks":9918,"I/O Read Time":0.0,"I/O Write Time":0.0,"Temp I/O Read Time":0.0,"Temp I/O Write Time":43.622,"Plans":[{"Node Type":"Append","Parent Relationship":"Outer","Parallel Aware":false,"Async Capable":false,"Startup Cost":20.0,"Total Cost":64518.41,"Plan Rows":2999739,"Plan Width":8,"Actual Startup Time":0.023,"Actual Total Time":596.265,"Actual Rows":3000000,"Actual Loops":1,"Shared Hit Blocks":0,"Shared Read Blocks":0,"Shared Dirtied Blocks":0,"Shared Written Blocks":0,"Local Hit Blocks":0,"Local Read Blocks":0,"Local Dirtied Blocks":0,"Local Written Blocks":0,"Temp Read Blocks":0,"Temp Written Blocks":0,"I/O Read Time":0.0,"I/O Write Time":0.0,"Temp I/O Read Time":0.0,"Temp I/O Write Time":0.0,"Subplans Removed":0,"Plans":[{"Node Type":"Custom Scan","Parent Relationship":"Member","Custom Plan Provider":"columnar scan","Parallel Aware":false,"Async Capable":false,"Relation Name":"customer","Schema":"public","Alias":"customer","Startup Cost":20.0,"Total Cost":64514.4,"Plan Rows":2999738,"Plan Width":8,"Actual Startup Time":0.022,"Actual Total Time":389.299,"Actual Rows":3000000,"Actual Loops":1,"Output":["customer.c_id","customer.c_w_id","customer.c_d_id"],"Rows Removed by Columnar Filter":0,"Columnar cache search mode":"native","Shared Hit Blocks":0,"Shared Read Blocks":0,"Shared Dirtied Blocks":0,"Shared Written Blocks":0,"Local Hit Blocks":0,"Local Read Blocks":0,"Local Dirtied Blocks":0,"Local Written Blocks":0,"Temp Read Blocks":0,"Temp Written Blocks":0,"I/O Read Time":0.0,"I/O Write Time":0.0,"Temp I/O Read Time":0.0,"Temp I/O Write Time":0.0},{"Node Type":"Seq Scan","Parent Relationship":"Member","Parallel Aware":false,"Async Capable":false,"Relation Name":"customer","Schema":"public","Alias":"customer","Startup Cost":0.0,"Total Cost":4.01,"Plan Rows":1,"Plan Width":8,"Actual Startup Time":0.0,"Actual Total Time":0.0,"Actual Rows":0,"Actual Loops":0,"Output":["customer.c_id","customer.c_w_id","customer.c_d_id"],"Shared Hit Blocks":0,"Shared Read Blocks":0,"Shared Dirtied Blocks":0,"Shared Written Blocks":0,"Local Hit Blocks":0,"Local Read Blocks":0,"Local Dirtied Blocks":0,"Local Written Blocks":0,"Temp Read Blocks":0,"Temp Written Blocks":0,"I/O Read Time":0.0,"I/O Write Time":0.0,"Temp I/O Read Time":0.0,"Temp I/O Write Time":0.0}]}]}]}]}]}]}]}]},"Planning":{"Shared Hit Blocks":0,"Shared Read Blocks":0,"Shared Dirtied Blocks":0,"Shared Written Blocks":0,"Local Hit Blocks":0,"Local Read Blocks":0,"Local Dirtied Blocks":0,"Local Written Blocks":0,"Temp Read Blocks":0,"Temp Written Blocks":0,"I/O Read Time":0.0,"I/O Write Time":0.0,"Temp I/O Read Time":0.0,"Temp I/O Write Time":0.0},"Planning Time":0.714,"Triggers":[],"Execution Time":2210.258}]
