[列存组合]: 无列存
[{"Plan":{"Node Type":"Aggregate","Strategy":"Plain","Partial Mode":"Simple","Parallel Aware":false,"Async Capable":false,"Startup Cost":802645.77,"Total Cost":802645.79,"Plan Rows":1,"Plan Width":32,"Actual Startup Time":2308.576,"Actual Total Time":2308.578,"Actual Rows":1,"Actual Loops":1,"Output":["((100.00 * sum(CASE WHEN ((item.i_data)::text ~~ 'PR%'::text) THEN order_line.ol_amount ELSE '0'::numeric END)) / ('1'::numeric + sum(order_line.ol_amount)))"],"Shared Hit Blocks":342249,"Shared Read Blocks":0,"Shared Dirtied Blocks":0,"Shared Written Blocks":0,"Local Hit Blocks":0,"Local Read Blocks":0,"Local Dirtied Blocks":0,"Local Written Blocks":0,"Temp Read Blocks":1019,"Temp Written Blocks":1019,"I/O Read Time":0.0,"I/O Write Time":0.0,"Temp I/O Read Time":1.633,"Temp I/O Write Time":4.564,"Plans":[{"Node Type":"Hash Join","Parent Relationship":"Outer","Parallel Aware":false,"Async Capable":false,"Join Type":"Inner","Startup Cost":4494.0,"Total Cost":799961.44,"Plan Rows":357910,"Plan Width":43,"Actual Startup Time":63.376,"Actual Total Time":2259.563,"Actual Rows":363678,"Actual Loops":1,"Output":["item.i_data","order_line.ol_amount"],"Inner Unique":true,"Hash Cond":"(order_line.ol_i_id = item.i_id)","Shared Hit Blocks":342249,"Shared Read Blocks":0,"Shared Dirtied Blocks":0,"Shared Written Blocks":0,"Local Hit Blocks":0,"Local Read Blocks":0,"Local Dirtied Blocks":0,"Local Written Blocks":0,"Temp Read Blocks":1019,"Temp Written Blocks":1019,"I/O Read Time":0.0,"I/O Write Time":0.0,"Temp I/O Read Time":1.633,"Temp I/O Write Time":4.564,"Plans":[{"Node Type":"Seq Scan","Parent Relationship":"Outer","Parallel Aware":false,"Async Capable":false,"Relation Name":"order_line","Schema":"public","Alias":"order_line","Startup Cost":0.0,"Total Cost":790850.88,"Plan Rows":357910,"Plan Width":8,"Actual Startup Time":34.965,"Actual Total Time":2102.0,"Actual Rows":363678,"Actual Loops":1,"Output":["order_line.ol_amount","order_line.ol_i_id"],"Filter":"((order_line.ol_delivery_d >= '1996-01-02 20:10:02.27764'::timestamp without time zone) AND (order_line.ol_delivery_d < '1996-02-02 20:10:02.27764'::timestamp without time zone))","Rows Removed by Filter":29634054,"Shared Hit Blocks":340884,"Shared Read Blocks":0,"Shared Dirtied Blocks":0,"Shared Written Blocks":0,"Local Hit Blocks":0,"Local Read Blocks":0,"Local Dirtied Blocks":0,"Local Written Blocks":0,"Temp Read Blocks":0,"Temp Written Blocks":0,"I/O Read Time":0.0,"I/O Write Time":0.0,"Temp I/O Read Time":0.0,"Temp I/O Write Time":0.0},{"Node Type":"Hash","Parent Relationship":"Inner","Parallel Aware":false,"Async Capable":false,"Startup Cost":2365.0,"Total Cost":2365.0,"Plan Rows":100000,"Plan Width":43,"Actual Startup Time":28.053,"Actual Total Time":28.054,"Actual Rows":100000,"Actual Loops":1,"Output":["item.i_data","item.i_id"],"Hash Buckets":131072,"Original Hash Buckets":131072,"Hash Batches":2,"Original Hash Batches":2,"Peak Memory Usage":4774,"Shared Hit Blocks":1365,"Shared Read Blocks":0,"Shared Dirtied Blocks":0,"Shared Written Blocks":0,"Local Hit Blocks":0,"Local Read Blocks":0,"Local Dirtied Blocks":0,"Local Written Blocks":0,"Temp Read Blocks":0,"Temp Written Blocks":395,"I/O Read Time":0.0,"I/O Write Time":0.0,"Temp I/O Read Time":0.0,"Temp I/O Write Time":1.414,"Plans":[{"Node Type":"Seq Scan","Parent Relationship":"Outer","Parallel Aware":false,"Async Capable":false,"Relation Name":"item","Schema":"public","Alias":"item","Startup Cost":0.0,"Total Cost":2365.0,"Plan Rows":100000,"Plan Width":43,"Actual Startup Time":0.007,"Actual Total Time":11.749,"Actual Rows":100000,"Actual Loops":1,"Output":["item.i_data","item.i_id"],"Shared Hit Blocks":1365,"Shared Read Blocks":0,"Shared Dirtied Blocks":0,"Shared Written Blocks":0,"Local Hit Blocks":0,"Local Read Blocks":0,"Local Dirtied Blocks":0,"Local Written Blocks":0,"Temp Read Blocks":0,"Temp Written Blocks":0,"I/O Read Time":0.0,"I/O Write Time":0.0,"Temp I/O Read Time":0.0,"Temp I/O Write Time":0.0}]}]}]},"Planning":{"Shared Hit Blocks":6,"Shared Read Blocks":0,"Shared Dirtied Blocks":0,"Shared Written Blocks":0,"Local Hit Blocks":0,"Local Read Blocks":0,"Local Dirtied Blocks":0,"Local Written Blocks":0,"Temp Read Blocks":0,"Temp Written Blocks":0,"I/O Read Time":0.0,"I/O Write Time":0.0,"Temp I/O Read Time":0.0,"Temp I/O Write Time":0.0},"Planning Time":0.2,"Triggers":[],"Execution Time":2308.62}]
[列存组合]: item
[{"Plan":{"Node Type":"Aggregate","Strategy":"Plain","Partial Mode":"Simple","Parallel Aware":false,"Async Capable":false,"Startup Cost":802599.41,"Total Cost":802599.43,"Plan Rows":1,"Plan Width":32,"Actual Startup Time":2311.306,"Actual Total Time":2311.312,"Actual Rows":1,"Actual Loops":1,"Output":["((100.00 * sum(CASE WHEN ((item.i_data)::text ~~ 'PR%'::text) THEN order_line.ol_amount ELSE '0'::numeric END)) / ('1'::numeric + sum(order_line.ol_amount)))"],"Shared Hit Blocks":340884,"Shared Read Blocks":0,"Shared Dirtied Blocks":0,"Shared Written Blocks":0,"Local Hit Blocks":0,"Local Read Blocks":0,"Local Dirtied Blocks":0,"Local Written Blocks":0,"Temp Read Blocks":1019,"Temp Written Blocks":1019,"I/O Read Time":0.0,"I/O Write Time":0.0,"Temp I/O Read Time":1.543,"Temp I/O Write Time":4.68,"Plans":[{"Node Type":"Hash Join","Parent Relationship":"Outer","Parallel Aware":false,"Async Capable":false,"Join Type":"Inner","Startup Cost":4447.64,"Total Cost":799915.08,"Plan Rows":357910,"Plan Width":43,"Actual Startup Time":76.962,"Actual Total Time":2262.481,"Actual Rows":363678,"Actual Loops":1,"Output":["item.i_data","order_line.ol_amount"],"Inner Unique":true,"Hash Cond":"(order_line.ol_i_id = item.i_id)","Shared Hit Blocks":340884,"Shared Read Blocks":0,"Shared Dirtied Blocks":0,"Shared Written Blocks":0,"Local Hit Blocks":0,"Local Read Blocks":0,"Local Dirtied Blocks":0,"Local Written Blocks":0,"Temp Read Blocks":1019,"Temp Written Blocks":1019,"I/O Read Time":0.0,"I/O Write Time":0.0,"Temp I/O Read Time":1.543,"Temp I/O Write Time":4.68,"Plans":[{"Node Type":"Seq Scan","Parent Relationship":"Outer","Parallel Aware":false,"Async Capable":false,"Relation Name":"order_line","Schema":"public","Alias":"order_line","Startup Cost":0.0,"Total Cost":790850.88,"Plan Rows":357910,"Plan Width":8,"Actual Startup Time":34.983,"Actual Total Time":2089.776,"Actual Rows":363678,"Actual Loops":1,"Output":["order_line.ol_amount","order_line.ol_i_id"],"Filter":"((order_line.ol_delivery_d >= '1996-01-02 20:10:02.27764'::timestamp without time zone) AND (order_line.ol_delivery_d < '1996-02-02 20:10:02.27764'::timestamp without time zone))","Rows Removed by Filter":29634054,"Shared Hit Blocks":340884,"Shared Read Blocks":0,"Shared Dirtied Blocks":0,"Shared Written Blocks":0,"Local Hit Blocks":0,"Local Read Blocks":0,"Local Dirtied Blocks":0,"Local Written Blocks":0,"Temp Read Blocks":0,"Temp Written Blocks":0,"I/O Read Time":0.0,"I/O Write Time":0.0,"Temp I/O Read Time":0.0,"Temp I/O Write Time":0.0},{"Node Type":"Hash","Parent Relationship":"Inner","Parallel Aware":false,"Async Capable":false,"Startup Cost":2318.63,"Total Cost":2318.63,"Plan Rows":100001,"Plan Width":43,"Actual Startup Time":41.85,"Actual Total Time":41.853,"Actual Rows":100000,"Actual Loops":1,"Output":["item.i_data","item.i_id"],"Hash Buckets":131072,"Original Hash Buckets":131072,"Hash Batches":2,"Original Hash Batches":2,"Peak Memory Usage":4774,"Shared Hit Blocks":0,"Shared Read Blocks":0,"Shared Dirtied Blocks":0,"Shared Written Blocks":0,"Local Hit Blocks":0,"Local Read Blocks":0,"Local Dirtied Blocks":0,"Local Written Blocks":0,"Temp Read Blocks":0,"Temp Written Blocks":395,"I/O Read Time":0.0,"I/O Write Time":0.0,"Temp I/O Read Time":0.0,"Temp I/O Write Time":1.534,"Plans":[{"Node Type":"Append","Parent Relationship":"Outer","Parallel Aware":false,"Async Capable":false,"Startup Cost":20.0,"Total Cost":2318.63,"Plan Rows":100001,"Plan Width":43,"Actual Startup Time":0.032,"Actual Total Time":20.572,"Actual Rows":100000,"Actual Loops":1,"Shared Hit Blocks":0,"Shared Read Blocks":0,"Shared Dirtied Blocks":0,"Shared Written Blocks":0,"Local Hit Blocks":0,"Local Read Blocks":0,"Local Dirtied Blocks":0,"Local Written Blocks":0,"Temp Read Blocks":0,"Temp Written Blocks":0,"I/O Read Time":0.0,"I/O Write Time":0.0,"Temp I/O Read Time":0.0,"Temp I/O Write Time":0.0,"Subplans Removed":0,"Plans":[{"Node Type":"Custom Scan","Parent Relationship":"Member","Custom Plan Provider":"columnar scan","Parallel Aware":false,"Async Capable":false,"Relation Name":"item","Schema":"public","Alias":"item","Startup Cost":20.0,"Total Cost":1970.0,"Plan Rows":100000,"Plan Width":43,"Actual Startup Time":0.03,"Actual Total Time":13.055,"Actual Rows":100000,"Actual Loops":1,"Output":["item.i_data","item.i_id"],"Rows Removed by Columnar Filter":0,"Columnar cache search mode":"native","Shared Hit Blocks":0,"Shared Read Blocks":0,"Shared Dirtied Blocks":0,"Shared Written Blocks":0,"Local Hit Blocks":0,"Local Read Blocks":0,"Local Dirtied Blocks":0,"Local Written Blocks":0,"Temp Read Blocks":0,"Temp Written Blocks":0,"I/O Read Time":0.0,"I/O Write Time":0.0,"Temp I/O Read Time":0.0,"Temp I/O Write Time":0.0},{"Node Type":"Seq Scan","Parent Relationship":"Member","Parallel Aware":false,"Async Capable":false,"Relation Name":"item","Schema":"public","Alias":"item","Startup Cost":0.0,"Total Cost":4.01,"Plan Rows":1,"Plan Width":43,"Actual Startup Time":0.0,"Actual Total Time":0.0,"Actual Rows":0,"Actual Loops":0,"Output":["item.i_data","item.i_id"],"Shared Hit Blocks":0,"Shared Read Blocks":0,"Shared Dirtied Blocks":0,"Shared Written Blocks":0,"Local Hit Blocks":0,"Local Read Blocks":0,"Local Dirtied Blocks":0,"Local Written Blocks":0,"Temp Read Blocks":0,"Temp Written Blocks":0,"I/O Read Time":0.0,"I/O Write Time":0.0,"Temp I/O Read Time":0.0,"Temp I/O Write Time":0.0}]}]}]}]},"Planning":{"Shared Hit Blocks":6,"Shared Read Blocks":0,"Shared Dirtied Blocks":0,"Shared Written Blocks":0,"Local Hit Blocks":0,"Local Read Blocks":0,"Local Dirtied Blocks":0,"Local Written Blocks":0,"Temp Read Blocks":0,"Temp Written Blocks":0,"I/O Read Time":0.0,"I/O Write Time":0.0,"Temp I/O Read Time":0.0,"Temp I/O Write Time":0.0},"Planning Time":0.253,"Triggers":[],"Execution Time":2311.383}]
[列存组合]: order_line
[{"Plan":{"Node Type":"Aggregate","Strategy":"Plain","Partial Mode":"Simple","Parallel Aware":false,"Async Capable":false,"Startup Cost":151899.35,"Total Cost":151899.37,"Plan Rows":1,"Plan Width":32,"Actual Startup Time":307.254,"Actual Total Time":307.257,"Actual Rows":1,"Actual Loops":1,"Output":["((100.00 * sum(CASE WHEN ((item.i_data)::text ~~ 'PR%'::text) THEN order_line.ol_amount ELSE '0'::numeric END)) / ('1'::numeric + sum(order_line.ol_amount)))"],"Shared Hit Blocks":1365,"Shared Read Blocks":0,"Shared Dirtied Blocks":0,"Shared Written Blocks":0,"Local Hit Blocks":0,"Local Read Blocks":0,"Local Dirtied Blocks":0,"Local Written Blocks":0,"Temp Read Blocks":1019,"Temp Written Blocks":1019,"I/O Read Time":0.0,"I/O Write Time":0.0,"Temp I/O Read Time":1.48,"Temp I/O Write Time":4.428,"Plans":[{"Node Type":"Hash Join","Parent Relationship":"Outer","Parallel Aware":false,"Async Capable":false,"Join Type":"Inner","Startup Cost":4514.0,"Total Cost":149215.02,"Plan Rows":357910,"Plan Width":43,"Actual Startup Time":29.995,"Actual Total Time":257.611,"Actual Rows":363678,"Actual Loops":1,"Output":["item.i_data","order_line.ol_amount"],"Inner Unique":true,"Hash Cond":"(order_line.ol_i_id = item.i_id)","Shared Hit Blocks":1365,"Shared Read Blocks":0,"Shared Dirtied Blocks":0,"Shared Written Blocks":0,"Local Hit Blocks":0,"Local Read Blocks":0,"Local Dirtied Blocks":0,"Local Written Blocks":0,"Temp Read Blocks":1019,"Temp Written Blocks":1019,"I/O Read Time":0.0,"I/O Write Time":0.0,"Temp I/O Read Time":1.48,"Temp I/O Write Time":4.428,"Plans":[{"Node Type":"Append","Parent Relationship":"Outer","Parallel Aware":false,"Async Capable":false,"Startup Cost":20.0,"Total Cost":140104.46,"Plan Rows":357910,"Plan Width":8,"Actual Startup Time":0.222,"Actual Total Time":116.992,"Actual Rows":363678,"Actual Loops":1,"Shared Hit Blocks":0,"Shared Read Blocks":0,"Shared Dirtied Blocks":0,"Shared Written Blocks":0,"Local Hit Blocks":0,"Local Read Blocks":0,"Local Dirtied Blocks":0,"Local Written Blocks":0,"Temp Read Blocks":0,"Temp Written Blocks":0,"I/O Read Time":0.0,"I/O Write Time":0.0,"Temp I/O Read Time":0.0,"Temp I/O Write Time":0.0,"Subplans Removed":0,"Plans":[{"Node Type":"Custom Scan","Parent Relationship":"Member","Custom Plan Provider":"columnar scan","Parallel Aware":false,"Async Capable":false,"Relation Name":"order_line","Schema":"public","Alias":"order_line","Startup Cost":20.0,"Total Cost":7000.32,"Plan Rows":357909,"Plan Width":8,"Actual Startup Time":0.221,"Actual Total Time":91.019,"Actual Rows":363678,"Actual Loops":1,"Output":["order_line.ol_amount","order_line.ol_i_id"],"Filter":"((order_line.ol_delivery_d < '1996-02-02 20:10:02.27764'::timestamp without time zone) AND (order_line.ol_delivery_d >= '1996-01-02 20:10:02.27764'::timestamp without time zone))","Rows Removed by Filter":0,"Rows Removed by Columnar Filter":29634054,"Columnar cache search mode":"native","Shared Hit Blocks":0,"Shared Read Blocks":0,"Shared Dirtied Blocks":0,"Shared Written Blocks":0,"Local Hit Blocks":0,"Local Read Blocks":0,"Local Dirtied Blocks":0,"Local Written Blocks":0,"Temp Read Blocks":0,"Temp Written Blocks":0,"I/O Read Time":0.0,"I/O Write Time":0.0,"Temp I/O Read Time":0.0,"Temp I/O Write Time":0.0},{"Node Type":"Seq Scan","Parent Relationship":"Member","Parallel Aware":false,"Async Capable":false,"Relation Name":"order_line","Schema":"public","Alias":"order_line","Startup Cost":0.0,"Total Cost":4.9,"Plan Rows":1,"Plan Width":8,"Actual Startup Time":0.0,"Actual Total Time":0.0,"Actual Rows":0,"Actual Loops":0,"Output":["order_line.ol_amount","order_line.ol_i_id"],"Filter":"((order_line.ol_delivery_d < '1996-02-02 20:10:02.27764'::timestamp without time zone) AND (order_line.ol_delivery_d >= '1996-01-02 20:10:02.27764'::timestamp without time zone))","Rows Removed by Filter":0,"Shared Hit Blocks":0,"Shared Read Blocks":0,"Shared Dirtied Blocks":0,"Shared Written Blocks":0,"Local Hit Blocks":0,"Local Read Blocks":0,"Local Dirtied Blocks":0,"Local Written Blocks":0,"Temp Read Blocks":0,"Temp Written Blocks":0,"I/O Read Time":0.0,"I/O Write Time":0.0,"Temp I/O Read Time":0.0,"Temp I/O Write Time":0.0}]},{"Node Type":"Hash","Parent Relationship":"Inner","Parallel Aware":false,"Async Capable":false,"Startup Cost":2365.0,"Total Cost":2365.0,"Plan Rows":100000,"Plan Width":43,"Actual Startup Time":29.639,"Actual Total Time":29.639,"Actual Rows":100000,"Actual Loops":1,"Output":["item.i_data","item.i_id"],"Hash Buckets":131072,"Original Hash Buckets":131072,"Hash Batches":2,"Original Hash Batches":2,"Peak Memory Usage":4774,"Shared Hit Blocks":1365,"Shared Read Blocks":0,"Shared Dirtied Blocks":0,"Shared Written Blocks":0,"Local Hit Blocks":0,"Local Read Blocks":0,"Local Dirtied Blocks":0,"Local Written Blocks":0,"Temp Read Blocks":0,"Temp Written Blocks":395,"I/O Read Time":0.0,"I/O Write Time":0.0,"Temp I/O Read Time":0.0,"Temp I/O Write Time":1.581,"Plans":[{"Node Type":"Seq Scan","Parent Relationship":"Outer","Parallel Aware":false,"Async Capable":false,"Relation Name":"item","Schema":"public","Alias":"item","Startup Cost":0.0,"Total Cost":2365.0,"Plan Rows":100000,"Plan Width":43,"Actual Startup Time":0.011,"Actual Total Time":12.329,"Actual Rows":100000,"Actual Loops":1,"Output":["item.i_data","item.i_id"],"Shared Hit Blocks":1365,"Shared Read Blocks":0,"Shared Dirtied Blocks":0,"Shared Written Blocks":0,"Local Hit Blocks":0,"Local Read Blocks":0,"Local Dirtied Blocks":0,"Local Written Blocks":0,"Temp Read Blocks":0,"Temp Written Blocks":0,"I/O Read Time":0.0,"I/O Write Time":0.0,"Temp I/O Read Time":0.0,"Temp I/O Write Time":0.0}]}]}]},"Planning":{"Shared Hit Blocks":6,"Shared Read Blocks":0,"Shared Dirtied Blocks":0,"Shared Written Blocks":0,"Local Hit Blocks":0,"Local Read Blocks":0,"Local Dirtied Blocks":0,"Local Written Blocks":0,"Temp Read Blocks":0,"Temp Written Blocks":0,"I/O Read Time":0.0,"I/O Write Time":0.0,"Temp I/O Read Time":0.0,"Temp I/O Write Time":0.0},"Planning Time":0.557,"Triggers":[],"Execution Time":307.327}]
[列存组合]: item, order_line
[{"Plan":{"Node Type":"Aggregate","Strategy":"Plain","Partial Mode":"Simple","Parallel Aware":false,"Async Capable":false,"Startup Cost":7724.54,"Total Cost":7724.56,"Plan Rows":1,"Plan Width":32,"Actual Startup Time":126.448,"Actual Total Time":126.452,"Actual Rows":1,"Actual Loops":1,"Output":["((100.00 * sum(CASE WHEN ((item.i_data)::text ~~ 'PR%'::text) THEN order_line.ol_amount ELSE '0'::numeric END)) / ('1'::numeric + sum(order_line.ol_amount)))"],"Shared Hit Blocks":0,"Shared Read Blocks":0,"Shared Dirtied Blocks":0,"Shared Written Blocks":0,"Local Hit Blocks":0,"Local Read Blocks":0,"Local Dirtied Blocks":0,"Local Written Blocks":0,"Temp Read Blocks":0,"Temp Written Blocks":0,"I/O Read Time":0.0,"I/O Write Time":0.0,"Temp I/O Read Time":0.0,"Temp I/O Write Time":0.0,"Plans":[{"Node Type":"Hash Join","Parent Relationship":"Outer","Parallel Aware":false,"Async Capable":false,"Join Type":"Inner","Startup Cost":268.15,"Total Cost":5040.21,"Plan Rows":357910,"Plan Width":43,"Actual Startup Time":18.1,"Actual Total Time":67.724,"Actual Rows":363678,"Actual Loops":1,"Output":["item.i_data","order_line.ol_amount"],"Hash Cond":"(order_line.ol_i_id = item.i_id)","Rows Removed by Bloom Filter":0,"Shared Hit Blocks":0,"Shared Read Blocks":0,"Shared Dirtied Blocks":0,"Shared Written Blocks":0,"Local Hit Blocks":0,"Local Read Blocks":0,"Local Dirtied Blocks":0,"Local Written Blocks":0,"Temp Read Blocks":0,"Temp Written Blocks":0,"I/O Read Time":0.0,"I/O Write Time":0.0,"Temp I/O Read Time":0.0,"Temp I/O Write Time":0.0,"Plans":[{"Node Type":"Append","Parent Relationship":"Outer","Parallel Aware":false,"Async Capable":false,"Startup Cost":20.0,"Total Cost":7005.22,"Plan Rows":357910,"Plan Width":8,"Actual Startup Time":10.946,"Actual Total Time":10.948,"Actual Rows":363678,"Actual Loops":1,"Shared Hit Blocks":0,"Shared Read Blocks":0,"Shared Dirtied Blocks":0,"Shared Written Blocks":0,"Local Hit Blocks":0,"Local Read Blocks":0,"Local Dirtied Blocks":0,"Local Written Blocks":0,"Temp Read Blocks":0,"Temp Written Blocks":0,"I/O Read Time":0.0,"I/O Write Time":0.0,"Temp I/O Read Time":0.0,"Temp I/O Write Time":0.0,"Subplans Removed":0,"Plans":[{"Node Type":"Custom Scan","Parent Relationship":"Member","Custom Plan Provider":"columnar scan","Parallel Aware":false,"Async Capable":false,"Relation Name":"order_line","Schema":"public","Alias":"order_line","Startup Cost":20.0,"Total Cost":7000.32,"Plan Rows":357909,"Plan Width":8,"Actual Startup Time":10.945,"Actual Total Time":10.946,"Actual Rows":363678,"Actual Loops":1,"Output":["order_line.ol_amount","order_line.ol_i_id"],"Filter":"((order_line.ol_delivery_d < '1996-02-02 20:10:02.27764'::timestamp without time zone) AND (order_line.ol_delivery_d >= '1996-01-02 20:10:02.27764'::timestamp without time zone))","Rows Removed by Filter":0,"Rows Removed by Columnar Filter":29634054,"Columnar cache search mode":"native","Shared Hit Blocks":0,"Shared Read Blocks":0,"Shared Dirtied Blocks":0,"Shared Written Blocks":0,"Local Hit Blocks":0,"Local Read Blocks":0,"Local Dirtied Blocks":0,"Local Written Blocks":0,"Temp Read Blocks":0,"Temp Written Blocks":0,"I/O Read Time":0.0,"I/O Write Time":0.0,"Temp I/O Read Time":0.0,"Temp I/O Write Time":0.0},{"Node Type":"Seq Scan","Parent Relationship":"Member","Parallel Aware":false,"Async Capable":false,"Relation Name":"order_line","Schema":"public","Alias":"order_line","Startup Cost":0.0,"Total Cost":4.9,"Plan Rows":1,"Plan Width":8,"Actual Startup Time":0.0,"Actual Total Time":0.0,"Actual Rows":0,"Actual Loops":0,"Output":["order_line.ol_amount","order_line.ol_i_id"],"Filter":"((order_line.ol_delivery_d < '1996-02-02 20:10:02.27764'::timestamp without time zone) AND (order_line.ol_delivery_d >= '1996-01-02 20:10:02.27764'::timestamp without time zone))","Rows Removed by Filter":0,"Shared Hit Blocks":0,"Shared Read Blocks":0,"Shared Dirtied Blocks":0,"Shared Written Blocks":0,"Local Hit Blocks":0,"Local Read Blocks":0,"Local Dirtied Blocks":0,"Local Written Blocks":0,"Temp Read Blocks":0,"Temp Written Blocks":0,"I/O Read Time":0.0,"I/O Write Time":0.0,"Temp I/O Read Time":0.0,"Temp I/O Write Time":0.0}]},{"Node Type":"Hash","Parent Relationship":"Inner","Parallel Aware":false,"Async Capable":false,"Startup Cost":1974.01,"Total Cost":1974.01,"Plan Rows":100001,"Plan Width":43,"Actual Rows":100000,"Actual Loops":1,"Output":["item.i_data","item.i_id"],"Shared Hit Blocks":0,"Shared Read Blocks":0,"Shared Dirtied Blocks":0,"Shared Written Blocks":0,"Local Hit Blocks":0,"Local Read Blocks":0,"Local Dirtied Blocks":0,"Local Written Blocks":0,"Temp Read Blocks":0,"Temp Written Blocks":0,"I/O Read Time":0.0,"I/O Write Time":0.0,"Temp I/O Read Time":0.0,"Temp I/O Write Time":0.0,"Plans":[{"Node Type":"Append","Parent Relationship":"Outer","Parallel Aware":false,"Async Capable":false,"Startup Cost":20.0,"Total Cost":1974.01,"Plan Rows":100001,"Plan Width":43,"Actual Startup Time":0.021,"Actual Total Time":0.022,"Actual Rows":100000,"Actual Loops":1,"Shared Hit Blocks":0,"Shared Read Blocks":0,"Shared Dirtied Blocks":0,"Shared Written Blocks":0,"Local Hit Blocks":0,"Local Read Blocks":0,"Local Dirtied Blocks":0,"Local Written Blocks":0,"Temp Read Blocks":0,"Temp Written Blocks":0,"I/O Read Time":0.0,"I/O Write Time":0.0,"Temp I/O Read Time":0.0,"Temp I/O Write Time":0.0,"Subplans Removed":0,"Plans":[{"Node Type":"Custom Scan","Parent Relationship":"Member","Custom Plan Provider":"columnar scan","Parallel Aware":false,"Async Capable":false,"Relation Name":"item","Schema":"public","Alias":"item","Startup Cost":20.0,"Total Cost":1970.0,"Plan Rows":100000,"Plan Width":43,"Actual Startup Time":0.019,"Actual Total Time":0.02,"Actual Rows":100000,"Actual Loops":1,"Output":["item.i_data","item.i_id"],"Rows Removed by Columnar Filter":0,"Columnar cache search mode":"native","Shared Hit Blocks":0,"Shared Read Blocks":0,"Shared Dirtied Blocks":0,"Shared Written Blocks":0,"Local Hit Blocks":0,"Local Read Blocks":0,"Local Dirtied Blocks":0,"Local Written Blocks":0,"Temp Read Blocks":0,"Temp Written Blocks":0,"I/O Read Time":0.0,"I/O Write Time":0.0,"Temp I/O Read Time":0.0,"Temp I/O Write Time":0.0},{"Node Type":"Seq Scan","Parent Relationship":"Member","Parallel Aware":false,"Async Capable":false,"Relation Name":"item","Schema":"public","Alias":"item","Startup Cost":0.0,"Total Cost":4.01,"Plan Rows":1,"Plan Width":43,"Actual Startup Time":0.0,"Actual Total Time":0.0,"Actual Rows":0,"Actual Loops":0,"Output":["item.i_data","item.i_id"],"Shared Hit Blocks":0,"Shared Read Blocks":0,"Shared Dirtied Blocks":0,"Shared Written Blocks":0,"Local Hit Blocks":0,"Local Read Blocks":0,"Local Dirtied Blocks":0,"Local Written Blocks":0,"Temp Read Blocks":0,"Temp Written Blocks":0,"I/O Read Time":0.0,"I/O Write Time":0.0,"Temp I/O Read Time":0.0,"Temp I/O Write Time":0.0}]}]}]}]},"Planning":{"Shared Hit Blocks":6,"Shared Read Blocks":0,"Shared Dirtied Blocks":0,"Shared Written Blocks":0,"Local Hit Blocks":0,"Local Read Blocks":0,"Local Dirtied Blocks":0,"Local Written Blocks":0,"Temp Read Blocks":0,"Temp Written Blocks":0,"I/O Read Time":0.0,"I/O Write Time":0.0,"Temp I/O Read Time":0.0,"Temp I/O Write Time":0.0},"Planning Time":0.567,"Triggers":[],"Execution Time":126.588}]
