[列存组合]: 无列存
[{"Plan":{"Node Type":"Merge Join","Parallel Aware":false,"Async Capable":false,"Join Type":"Inner","Startup Cost":1375108.31,"Total Cost":1375698.36,"Plan Rows":5000,"Plan Width":96,"Actual Startup Time":4733.409,"Actual Total Time":4738.671,"Actual Rows":10000,"Actual Loops":1,"Output":["supplier.su_suppkey","supplier.su_name","supplier.su_address","supplier.su_phone","revenue.total_revenue"],"Inner Unique":false,"Merge Cond":"(supplier.su_suppkey = revenue.supplier_no)","Shared Hit Blocks":368488,"Shared Read Blocks":0,"Shared Dirtied Blocks":0,"Shared Written Blocks":0,"Local Hit Blocks":0,"Local Read Blocks":0,"Local Dirtied Blocks":0,"Local Written Blocks":0,"Temp Read Blocks":5286,"Temp Written Blocks":5307,"I/O Read Time":0.0,"I/O Write Time":0.0,"Temp I/O Read Time":8.047,"Temp I/O Write Time":15.078,"Plans":[{"Node Type":"Aggregate","Strategy":"Hashed","Partial Mode":"Simple","Parent Relationship":"InitPlan","Subplan Name":"CTE revenue","Parallel Aware":false,"Async Capable":false,"Startup Cost":1304179.48,"Total Cost":1329800.1,"Plan Rows":1000016,"Plan Width":36,"Actual Startup Time":4724.113,"Actual Total Time":4726.433,"Actual Rows":10000,"Actual Loops":1,"Output":["(mod((stock.s_w_id * stock.s_i_id), 10000))","sum(order_line.ol_amount)"],"Group Key":["mod((stock.s_w_id * stock.s_i_id), 10000)"],"Planned Partitions":64,"HashAgg Batches":1,"Peak Memory Usage":4881,"Disk Usage":0,"Shared Hit Blocks":368222,"Shared Read Blocks":0,"Shared Dirtied Blocks":0,"Shared Written Blocks":0,"Local Hit Blocks":0,"Local Read Blocks":0,"Local Dirtied Blocks":0,"Local Written Blocks":0,"Temp Read Blocks":5286,"Temp Written Blocks":5307,"I/O Read Time":0.0,"I/O Write Time":0.0,"Temp I/O Read Time":8.047,"Temp I/O Write Time":15.078,"Plans":[{"Node Type":"Merge Join","Parent Relationship":"Outer","Parallel Aware":false,"Async Capable":false,"Join Type":"Inner","Startup Cost":912491.84,"Total Cost":1245713.0,"Plan Rows":1039404,"Plan Width":8,"Actual Startup Time":2944.837,"Actual Total Time":4523.961,"Actual Rows":1079542,"Actual Loops":1,"Output":["mod((stock.s_w_id * stock.s_i_id), 10000)","order_line.ol_amount"],"Inner Unique":true,"Merge Cond":"((order_line.ol_supply_w_id = stock.s_w_id) AND (order_line.ol_i_id = stock.s_i_id))","Shared Hit Blocks":368222,"Shared Read Blocks":0,"Shared Dirtied Blocks":0,"Shared Written Blocks":0,"Local Hit Blocks":0,"Local Read Blocks":0,"Local Dirtied Blocks":0,"Local Written Blocks":0,"Temp Read Blocks":5286,"Temp Written Blocks":5307,"I/O Read Time":0.0,"I/O Write Time":0.0,"Temp I/O Read Time":8.047,"Temp I/O Write Time":15.078,"Plans":[{"Node Type":"Sort","Parent Relationship":"Outer","Parallel Aware":false,"Async Capable":false,"Startup Cost":912491.41,"Total Cost":915089.92,"Plan Rows":1039404,"Plan Width":10,"Actual Startup Time":2944.804,"Actual Total Time":3051.183,"Actual Rows":1079542,"Actual Loops":1,"Output":["order_line.ol_amount","order_line.ol_i_id","order_line.ol_supply_w_id"],"Sort Key":["order_line.ol_supply_w_id","order_line.ol_i_id"],"Sort Method":"external merge","Sort Space Used":21152,"Sort Space Type":"Disk","Shared Hit Blocks":340884,"Shared Read Blocks":0,"Shared Dirtied Blocks":0,"Shared Written Blocks":0,"Local Hit Blocks":0,"Local Read Blocks":0,"Local Dirtied Blocks":0,"Local Written Blocks":0,"Temp Read Blocks":5286,"Temp Written Blocks":5307,"I/O Read Time":0.0,"I/O Write Time":0.0,"Temp I/O Read Time":8.047,"Temp I/O Write Time":15.078,"Plans":[{"Node Type":"Seq Scan","Parent Relationship":"Outer","Parallel Aware":false,"Async Capable":false,"Relation Name":"order_line","Schema":"public","Alias":"order_line","Startup Cost":0.0,"Total Cost":790850.88,"Plan Rows":1039404,"Plan Width":10,"Actual Startup Time":30.281,"Actual Total Time":2165.786,"Actual Rows":1079542,"Actual Loops":1,"Output":["order_line.ol_amount","order_line.ol_i_id","order_line.ol_supply_w_id"],"Filter":"((order_line.ol_delivery_d >= '1995-10-02 20:10:02.27764'::timestamp without time zone) AND (order_line.ol_delivery_d < '1996-01-02 20:10:02.27764'::timestamp without time zone))","Rows Removed by Filter":28918190,"Shared Hit Blocks":340884,"Shared Read Blocks":0,"Shared Dirtied Blocks":0,"Shared Written Blocks":0,"Local Hit Blocks":0,"Local Read Blocks":0,"Local Dirtied Blocks":0,"Local Written Blocks":0,"Temp Read Blocks":0,"Temp Written Blocks":0,"I/O Read Time":0.0,"I/O Write Time":0.0,"Temp I/O Read Time":0.0,"Temp I/O Write Time":0.0}]},{"Node Type":"Index Only Scan","Parent Relationship":"Inner","Parallel Aware":false,"Async Capable":false,"Scan Direction":"Forward","Index Name":"stock_pk","Relation Name":"stock","Schema":"public","Alias":"stock","Startup Cost":0.43,"Total Cost":259690.86,"Plan Rows":10000162,"Plan Width":6,"Actual Startup Time":0.025,"Actual Total Time":709.731,"Actual Rows":9999996,"Actual Loops":1,"Output":["stock.s_w_id","stock.s_i_id"],"Heap Fetches":0,"Shared Hit Blocks":27338,"Shared Read Blocks":0,"Shared Dirtied Blocks":0,"Shared Written Blocks":0,"Local Hit Blocks":0,"Local Read Blocks":0,"Local Dirtied Blocks":0,"Local Written Blocks":0,"Temp Read Blocks":0,"Temp Written Blocks":0,"I/O Read Time":0.0,"I/O Write Time":0.0,"Temp I/O Read Time":0.0,"Temp I/O Write Time":0.0}]}]},{"Node Type":"Aggregate","Strategy":"Plain","Partial Mode":"Simple","Parent Relationship":"InitPlan","Subplan Name":"InitPlan 2 (returns $1)","Parallel Aware":false,"Async Capable":false,"Startup Cost":22500.36,"Total Cost":22500.37,"Plan Rows":1,"Plan Width":32,"Actual Startup Time":5.544,"Actual Total Time":5.545,"Actual Rows":1,"Actual Loops":1,"Output":["max(revenue_1.total_revenue)"],"Shared Hit Blocks":0,"Shared Read Blocks":0,"Shared Dirtied Blocks":0,"Shared Written Blocks":0,"Local Hit Blocks":0,"Local Read Blocks":0,"Local Dirtied Blocks":0,"Local Written Blocks":0,"Temp Read Blocks":0,"Temp Written Blocks":0,"I/O Read Time":0.0,"I/O Write Time":0.0,"Temp I/O Read Time":0.0,"Temp I/O Write Time":0.0,"Plans":[{"Node Type":"CTE Scan","Parent Relationship":"Outer","Parallel Aware":false,"Async Capable":false,"CTE Name":"revenue","Alias":"revenue_1","Startup Cost":0.0,"Total Cost":20000.32,"Plan Rows":1000016,"Plan Width":32,"Actual Startup Time":0.001,"Actual Total Time":4.352,"Actual Rows":10000,"Actual Loops":1,"Output":["revenue_1.supplier_no","revenue_1.total_revenue"],"Shared Hit Blocks":0,"Shared Read Blocks":0,"Shared Dirtied Blocks":0,"Shared Written Blocks":0,"Local Hit Blocks":0,"Local Read Blocks":0,"Local Dirtied Blocks":0,"Local Written Blocks":0,"Temp Read Blocks":0,"Temp Written Blocks":0,"I/O Read Time":0.0,"I/O Write Time":0.0,"Temp I/O Read Time":0.0,"Temp I/O Write Time":0.0}]},{"Node Type":"Index Scan","Parent Relationship":"Outer","Parallel Aware":false,"Async Capable":false,"Scan Direction":"Forward","Index Name":"supplier_pk","Relation Name":"supplier","Schema":"public","Alias":"supplier","Startup Cost":0.29,"Total Cost":490.34,"Plan Rows":10000,"Plan Width":64,"Actual Startup Time":0.013,"Actual Total Time":1.774,"Actual Rows":10000,"Actual Loops":1,"Output":["supplier.su_suppkey","supplier.su_name","supplier.su_address","supplier.su_nationkey","supplier.su_phone","supplier.su_acctbal","supplier.su_comment"],"Shared Hit Blocks":266,"Shared Read Blocks":0,"Shared Dirtied Blocks":0,"Shared Written Blocks":0,"Local Hit Blocks":0,"Local Read Blocks":0,"Local Dirtied Blocks":0,"Local Written Blocks":0,"Temp Read Blocks":0,"Temp Written Blocks":0,"I/O Read Time":0.0,"I/O Write Time":0.0,"Temp I/O Read Time":0.0,"Temp I/O Write Time":0.0},{"Node Type":"Sort","Parent Relationship":"Inner","Parallel Aware":false,"Async Capable":false,"Startup Cost":22807.55,"Total Cost":22820.05,"Plan Rows":5000,"Plan Width":36,"Actual Startup Time":4733.39,"Actual Total Time":4733.983,"Actual Rows":10000,"Actual Loops":1,"Output":["revenue.total_revenue","revenue.supplier_no"],"Sort Key":["revenue.supplier_no"],"Sort Method":"quicksort","Sort Space Used":853,"Sort Space Type":"Memory","Shared Hit Blocks":368222,"Shared Read Blocks":0,"Shared Dirtied Blocks":0,"Shared Written Blocks":0,"Local Hit Blocks":0,"Local Read Blocks":0,"Local Dirtied Blocks":0,"Local Written Blocks":0,"Temp Read Blocks":5286,"Temp Written Blocks":5307,"I/O Read Time":0.0,"I/O Write Time":0.0,"Temp I/O Read Time":8.047,"Temp I/O Write Time":15.078,"Plans":[{"Node Type":"CTE Scan","Parent Relationship":"Outer","Parallel Aware":false,"Async Capable":false,"CTE Name":"revenue","Alias":"revenue","Startup Cost":0.0,"Total Cost":22500.36,"Plan Rows":5000,"Plan Width":36,"Actual Startup Time":4729.664,"Actual Total Time":4731.204,"Actual Rows":10000,"Actual Loops":1,"Output":["revenue.total_revenue","revenue.supplier_no"],"Filter":"(revenue.total_revenue = $1)","Rows Removed by Filter":0,"Shared Hit Blocks":368222,"Shared Read Blocks":0,"Shared Dirtied Blocks":0,"Shared Written Blocks":0,"Local Hit Blocks":0,"Local Read Blocks":0,"Local Dirtied Blocks":0,"Local Written Blocks":0,"Temp Read Blocks":5286,"Temp Written Blocks":5307,"I/O Read Time":0.0,"I/O Write Time":0.0,"Temp I/O Read Time":8.047,"Temp I/O Write Time":15.078}]}]},"Planning":{"Shared Hit Blocks":3,"Shared Read Blocks":0,"Shared Dirtied Blocks":0,"Shared Written Blocks":0,"Local Hit Blocks":0,"Local Read Blocks":0,"Local Dirtied Blocks":0,"Local Written Blocks":0,"Temp Read Blocks":0,"Temp Written Blocks":0,"I/O Read Time":0.0,"I/O Write Time":0.0,"Temp I/O Read Time":0.0,"Temp I/O Write Time":0.0},"Planning Time":0.316,"Triggers":[],"Execution Time":4742.351}]
[列存组合]: order_line
[{"Plan":{"Node Type":"Merge Join","Parallel Aware":false,"Async Capable":false,"Join Type":"Inner","Startup Cost":1031720.1,"Total Cost":1032310.15,"Plan Rows":5000,"Plan Width":96,"Actual Startup Time":2111.523,"Actual Total Time":2116.795,"Actual Rows":10000,"Actual Loops":1,"Output":["supplier.su_suppkey","supplier.su_name","supplier.su_address","supplier.su_phone","revenue.total_revenue"],"Inner Unique":false,"Merge Cond":"(supplier.su_suppkey = revenue.supplier_no)","Shared Hit Blocks":27604,"Shared Read Blocks":0,"Shared Dirtied Blocks":0,"Shared Written Blocks":0,"Local Hit Blocks":0,"Local Read Blocks":0,"Local Dirtied Blocks":0,"Local Written Blocks":0,"Temp Read Blocks":5289,"Temp Written Blocks":5352,"I/O Read Time":0.0,"I/O Write Time":0.0,"Temp I/O Read Time":7.34,"Temp I/O Write Time":13.866,"Plans":[{"Node Type":"Aggregate","Strategy":"Hashed","Partial Mode":"Simple","Parent Relationship":"InitPlan","Subplan Name":"CTE revenue","Parallel Aware":false,"Async Capable":false,"Startup Cost":960791.26,"Total Cost":986411.89,"Plan Rows":1000016,"Plan Width":36,"Actual Startup Time":2102.279,"Actual Total Time":2104.623,"Actual Rows":10000,"Actual Loops":1,"Output":["(mod((stock.s_w_id * stock.s_i_id), 10000))","sum(order_line.ol_amount)"],"Group Key":["mod((stock.s_w_id * stock.s_i_id), 10000)"],"Planned Partitions":64,"HashAgg Batches":1,"Peak Memory Usage":4881,"Disk Usage":0,"Shared Hit Blocks":27338,"Shared Read Blocks":0,"Shared Dirtied Blocks":0,"Shared Written Blocks":0,"Local Hit Blocks":0,"Local Read Blocks":0,"Local Dirtied Blocks":0,"Local Written Blocks":0,"Temp Read Blocks":5289,"Temp Written Blocks":5352,"I/O Read Time":0.0,"I/O Write Time":0.0,"Temp I/O Read Time":7.34,"Temp I/O Write Time":13.866,"Plans":[{"Node Type":"Merge Join","Parent Relationship":"Outer","Parallel Aware":false,"Async Capable":false,"Join Type":"Inner","Startup Cost":569103.63,"Total Cost":902324.79,"Plan Rows":1039404,"Plan Width":8,"Actual Startup Time":331.652,"Actual Total Time":1897.349,"Actual Rows":1079542,"Actual Loops":1,"Output":["mod((stock.s_w_id * stock.s_i_id), 10000)","order_line.ol_amount"],"Inner Unique":true,"Merge Cond":"((order_line.ol_supply_w_id = stock.s_w_id) AND (order_line.ol_i_id = stock.s_i_id))","Shared Hit Blocks":27338,"Shared Read Blocks":0,"Shared Dirtied Blocks":0,"Shared Written Blocks":0,"Local Hit Blocks":0,"Local Read Blocks":0,"Local Dirtied Blocks":0,"Local Written Blocks":0,"Temp Read Blocks":5289,"Temp Written Blocks":5352,"I/O Read Time":0.0,"I/O Write Time":0.0,"Temp I/O Read Time":7.34,"Temp I/O Write Time":13.866,"Plans":[{"Node Type":"Sort","Parent Relationship":"Outer","Parallel Aware":false,"Async Capable":false,"Startup Cost":569103.19,"Total Cost":571701.7,"Plan Rows":1039404,"Plan Width":10,"Actual Startup Time":331.615,"Actual Total Time":444.881,"Actual Rows":1079542,"Actual Loops":1,"Output":["order_line.ol_amount","order_line.ol_i_id","order_line.ol_supply_w_id"],"Sort Key":["order_line.ol_supply_w_id","order_line.ol_i_id"],"Sort Method":"external merge","Sort Space Used":21168,"Sort Space Type":"Disk","Shared Hit Blocks":0,"Shared Read Blocks":0,"Shared Dirtied Blocks":0,"Shared Written Blocks":0,"Local Hit Blocks":0,"Local Read Blocks":0,"Local Dirtied Blocks":0,"Local Written Blocks":0,"Temp Read Blocks":5289,"Temp Written Blocks":5352,"I/O Read Time":0.0,"I/O Write Time":0.0,"Temp I/O Read Time":7.34,"Temp I/O Write Time":13.866,"Plans":[{"Node Type":"Append","Parent Relationship":"Outer","Parallel Aware":false,"Async Capable":false,"Startup Cost":20.0,"Total Cost":447462.67,"Plan Rows":1039404,"Plan Width":10,"Actual Startup Time":253.875,"Actual Total Time":253.878,"Actual Rows":1079542,"Actual Loops":1,"Shared Hit Blocks":0,"Shared Read Blocks":0,"Shared Dirtied Blocks":0,"Shared Written Blocks":0,"Local Hit Blocks":0,"Local Read Blocks":0,"Local Dirtied Blocks":0,"Local Written Blocks":0,"Temp Read Blocks":0,"Temp Written Blocks":2693,"I/O Read Time":0.0,"I/O Write Time":0.0,"Temp I/O Read Time":0.0,"Temp I/O Write Time":10.086,"Subplans Removed":0,"Plans":[{"Node Type":"Custom Scan","Parent Relationship":"Member","Custom Plan Provider":"columnar scan","Parallel Aware":false,"Async Capable":false,"Relation Name":"order_line","Schema":"public","Alias":"order_line","Startup Cost":20.0,"Total Cost":22368.23,"Plan Rows":1039402,"Plan Width":10,"Actual Startup Time":253.872,"Actual Total Time":253.874,"Actual Rows":1079542,"Actual Loops":1,"Output":["order_line.ol_amount","order_line.ol_i_id","order_line.ol_supply_w_id"],"Filter":"((order_line.ol_delivery_d < '1996-01-02 20:10:02.27764'::timestamp without time zone) AND (order_line.ol_delivery_d >= '1995-10-02 20:10:02.27764'::timestamp without time zone))","Rows Removed by Filter":0,"Rows Removed by Columnar Filter":28918190,"Rows Sorted by Columnar Scan":1079542,"Columnar cache search mode":"native","Shared Hit Blocks":0,"Shared Read Blocks":0,"Shared Dirtied Blocks":0,"Shared Written Blocks":0,"Local Hit Blocks":0,"Local Read Blocks":0,"Local Dirtied Blocks":0,"Local Written Blocks":0,"Temp Read Blocks":0,"Temp Written Blocks":2693,"I/O Read Time":0.0,"I/O Write Time":0.0,"Temp I/O Read Time":0.0,"Temp I/O Write Time":10.086},{"Node Type":"Seq Scan","Parent Relationship":"Member","Parallel Aware":false,"Async Capable":false,"Relation Name":"order_line","Schema":"public","Alias":"order_line","Startup Cost":0.0,"Total Cost":4.9,"Plan Rows":2,"Plan Width":10,"Actual Startup Time":0.0,"Actual Total Time":0.0,"Actual Rows":0,"Actual Loops":0,"Output":["order_line.ol_amount","order_line.ol_i_id","order_line.ol_supply_w_id"],"Filter":"((order_line.ol_delivery_d < '1996-01-02 20:10:02.27764'::timestamp without time zone) AND (order_line.ol_delivery_d >= '1995-10-02 20:10:02.27764'::timestamp without time zone))","Rows Removed by Filter":0,"Shared Hit Blocks":0,"Shared Read Blocks":0,"Shared Dirtied Blocks":0,"Shared Written Blocks":0,"Local Hit Blocks":0,"Local Read Blocks":0,"Local Dirtied Blocks":0,"Local Written Blocks":0,"Temp Read Blocks":0,"Temp Written Blocks":0,"I/O Read Time":0.0,"I/O Write Time":0.0,"Temp I/O Read Time":0.0,"Temp I/O Write Time":0.0}]}]},{"Node Type":"Index Only Scan","Parent Relationship":"Inner","Parallel Aware":false,"Async Capable":false,"Scan Direction":"Forward","Index Name":"stock_pk","Relation Name":"stock","Schema":"public","Alias":"stock","Startup Cost":0.43,"Total Cost":259690.86,"Plan Rows":10000162,"Plan Width":6,"Actual Startup Time":0.03,"Actual Total Time":695.844,"Actual Rows":9999996,"Actual Loops":1,"Output":["stock.s_w_id","stock.s_i_id"],"Heap Fetches":0,"Shared Hit Blocks":27338,"Shared Read Blocks":0,"Shared Dirtied Blocks":0,"Shared Written Blocks":0,"Local Hit Blocks":0,"Local Read Blocks":0,"Local Dirtied Blocks":0,"Local Written Blocks":0,"Temp Read Blocks":0,"Temp Written Blocks":0,"I/O Read Time":0.0,"I/O Write Time":0.0,"Temp I/O Read Time":0.0,"Temp I/O Write Time":0.0}]}]},{"Node Type":"Aggregate","Strategy":"Plain","Partial Mode":"Simple","Parent Relationship":"InitPlan","Subplan Name":"InitPlan 2 (returns $1)","Parallel Aware":false,"Async Capable":false,"Startup Cost":22500.36,"Total Cost":22500.37,"Plan Rows":1,"Plan Width":32,"Actual Startup Time":5.55,"Actual Total Time":5.55,"Actual Rows":1,"Actual Loops":1,"Output":["max(revenue_1.total_revenue)"],"Shared Hit Blocks":0,"Shared Read Blocks":0,"Shared Dirtied Blocks":0,"Shared Written Blocks":0,"Local Hit Blocks":0,"Local Read Blocks":0,"Local Dirtied Blocks":0,"Local Written Blocks":0,"Temp Read Blocks":0,"Temp Written Blocks":0,"I/O Read Time":0.0,"I/O Write Time":0.0,"Temp I/O Read Time":0.0,"Temp I/O Write Time":0.0,"Plans":[{"Node Type":"CTE Scan","Parent Relationship":"Outer","Parallel Aware":false,"Async Capable":false,"CTE Name":"revenue","Alias":"revenue_1","Startup Cost":0.0,"Total Cost":20000.32,"Plan Rows":1000016,"Plan Width":32,"Actual Startup Time":0.001,"Actual Total Time":4.359,"Actual Rows":10000,"Actual Loops":1,"Output":["revenue_1.supplier_no","revenue_1.total_revenue"],"Shared Hit Blocks":0,"Shared Read Blocks":0,"Shared Dirtied Blocks":0,"Shared Written Blocks":0,"Local Hit Blocks":0,"Local Read Blocks":0,"Local Dirtied Blocks":0,"Local Written Blocks":0,"Temp Read Blocks":0,"Temp Written Blocks":0,"I/O Read Time":0.0,"I/O Write Time":0.0,"Temp I/O Read Time":0.0,"Temp I/O Write Time":0.0}]},{"Node Type":"Index Scan","Parent Relationship":"Outer","Parallel Aware":false,"Async Capable":false,"Scan Direction":"Forward","Index Name":"supplier_pk","Relation Name":"supplier","Schema":"public","Alias":"supplier","Startup Cost":0.29,"Total Cost":490.34,"Plan Rows":10000,"Plan Width":64,"Actual Startup Time":0.024,"Actual Total Time":1.799,"Actual Rows":10000,"Actual Loops":1,"Output":["supplier.su_suppkey","supplier.su_name","supplier.su_address","supplier.su_nationkey","supplier.su_phone","supplier.su_acctbal","supplier.su_comment"],"Shared Hit Blocks":266,"Shared Read Blocks":0,"Shared Dirtied Blocks":0,"Shared Written Blocks":0,"Local Hit Blocks":0,"Local Read Blocks":0,"Local Dirtied Blocks":0,"Local Written Blocks":0,"Temp Read Blocks":0,"Temp Written Blocks":0,"I/O Read Time":0.0,"I/O Write Time":0.0,"Temp I/O Read Time":0.0,"Temp I/O Write Time":0.0},{"Node Type":"Sort","Parent Relationship":"Inner","Parallel Aware":false,"Async Capable":false,"Startup Cost":22807.55,"Total Cost":22820.05,"Plan Rows":5000,"Plan Width":36,"Actual Startup Time":2111.495,"Actual Total Time":2112.068,"Actual Rows":10000,"Actual Loops":1,"Output":["revenue.total_revenue","revenue.supplier_no"],"Sort Key":["revenue.supplier_no"],"Sort Method":"quicksort","Sort Space Used":853,"Sort Space Type":"Memory","Shared Hit Blocks":27338,"Shared Read Blocks":0,"Shared Dirtied Blocks":0,"Shared Written Blocks":0,"Local Hit Blocks":0,"Local Read Blocks":0,"Local Dirtied Blocks":0,"Local Written Blocks":0,"Temp Read Blocks":5289,"Temp Written Blocks":5352,"I/O Read Time":0.0,"I/O Write Time":0.0,"Temp I/O Read Time":7.34,"Temp I/O Write Time":13.866,"Plans":[{"Node Type":"CTE Scan","Parent Relationship":"Outer","Parallel Aware":false,"Async Capable":false,"CTE Name":"revenue","Alias":"revenue","Startup Cost":0.0,"Total Cost":22500.36,"Plan Rows":5000,"Plan Width":36,"Actual Startup Time":2107.836,"Actual Total Time":2109.374,"Actual Rows":10000,"Actual Loops":1,"Output":["revenue.total_revenue","revenue.supplier_no"],"Filter":"(revenue.total_revenue = $1)","Rows Removed by Filter":0,"Shared Hit Blocks":27338,"Shared Read Blocks":0,"Shared Dirtied Blocks":0,"Shared Written Blocks":0,"Local Hit Blocks":0,"Local Read Blocks":0,"Local Dirtied Blocks":0,"Local Written Blocks":0,"Temp Read Blocks":5289,"Temp Written Blocks":5352,"I/O Read Time":0.0,"I/O Write Time":0.0,"Temp I/O Read Time":7.34,"Temp I/O Write Time":13.866}]}]},"Planning":{"Shared Hit Blocks":0,"Shared Read Blocks":0,"Shared Dirtied Blocks":0,"Shared Written Blocks":0,"Local Hit Blocks":0,"Local Read Blocks":0,"Local Dirtied Blocks":0,"Local Written Blocks":0,"Temp Read Blocks":0,"Temp Written Blocks":0,"I/O Read Time":0.0,"I/O Write Time":0.0,"Temp I/O Read Time":0.0,"Temp I/O Write Time":0.0},"Planning Time":0.659,"Triggers":[],"Execution Time":2120.782}]
[列存组合]: stock
[{"Plan":{"Node Type":"Merge Join","Parallel Aware":false,"Async Capable":false,"Join Type":"Inner","Startup Cost":1375108.31,"Total Cost":1375698.36,"Plan Rows":5000,"Plan Width":96,"Actual Startup Time":4737.521,"Actual Total Time":4742.745,"Actual Rows":10000,"Actual Loops":1,"Output":["supplier.su_suppkey","supplier.su_name","supplier.su_address","supplier.su_phone","revenue.total_revenue"],"Inner Unique":false,"Merge Cond":"(supplier.su_suppkey = revenue.supplier_no)","Shared Hit Blocks":368488,"Shared Read Blocks":0,"Shared Dirtied Blocks":0,"Shared Written Blocks":0,"Local Hit Blocks":0,"Local Read Blocks":0,"Local Dirtied Blocks":0,"Local Written Blocks":0,"Temp Read Blocks":5286,"Temp Written Blocks":5307,"I/O Read Time":0.0,"I/O Write Time":0.0,"Temp I/O Read Time":8.02,"Temp I/O Write Time":14.887,"Plans":[{"Node Type":"Aggregate","Strategy":"Hashed","Partial Mode":"Simple","Parent Relationship":"InitPlan","Subplan Name":"CTE revenue","Parallel Aware":false,"Async Capable":false,"Startup Cost":1304179.48,"Total Cost":1329800.1,"Plan Rows":1000016,"Plan Width":36,"Actual Startup Time":4728.195,"Actual Total Time":4730.552,"Actual Rows":10000,"Actual Loops":1,"Output":["(mod((stock.s_w_id * stock.s_i_id), 10000))","sum(order_line.ol_amount)"],"Group Key":["mod((stock.s_w_id * stock.s_i_id), 10000)"],"Planned Partitions":64,"HashAgg Batches":1,"Peak Memory Usage":4881,"Disk Usage":0,"Shared Hit Blocks":368222,"Shared Read Blocks":0,"Shared Dirtied Blocks":0,"Shared Written Blocks":0,"Local Hit Blocks":0,"Local Read Blocks":0,"Local Dirtied Blocks":0,"Local Written Blocks":0,"Temp Read Blocks":5286,"Temp Written Blocks":5307,"I/O Read Time":0.0,"I/O Write Time":0.0,"Temp I/O Read Time":8.02,"Temp I/O Write Time":14.887,"Plans":[{"Node Type":"Merge Join","Parent Relationship":"Outer","Parallel Aware":false,"Async Capable":false,"Join Type":"Inner","Startup Cost":912491.84,"Total Cost":1245713.0,"Plan Rows":1039404,"Plan Width":8,"Actual Startup Time":2948.852,"Actual Total Time":4524.852,"Actual Rows":1079542,"Actual Loops":1,"Output":["mod((stock.s_w_id * stock.s_i_id), 10000)","order_line.ol_amount"],"Inner Unique":true,"Merge Cond":"((order_line.ol_supply_w_id = stock.s_w_id) AND (order_line.ol_i_id = stock.s_i_id))","Shared Hit Blocks":368222,"Shared Read Blocks":0,"Shared Dirtied Blocks":0,"Shared Written Blocks":0,"Local Hit Blocks":0,"Local Read Blocks":0,"Local Dirtied Blocks":0,"Local Written Blocks":0,"Temp Read Blocks":5286,"Temp Written Blocks":5307,"I/O Read Time":0.0,"I/O Write Time":0.0,"Temp I/O Read Time":8.02,"Temp I/O Write Time":14.887,"Plans":[{"Node Type":"Sort","Parent Relationship":"Outer","Parallel Aware":false,"Async Capable":false,"Startup Cost":912491.41,"Total Cost":915089.92,"Plan Rows":1039404,"Plan Width":10,"Actual Startup Time":2948.798,"Actual Total Time":3054.726,"Actual Rows":1079542,"Actual Loops":1,"Output":["order_line.ol_amount","order_line.ol_i_id","order_line.ol_supply_w_id"],"Sort Key":["order_line.ol_supply_w_id","order_line.ol_i_id"],"Sort Method":"external merge","Sort Space Used":21152,"Sort Space Type":"Disk","Shared Hit Blocks":340884,"Shared Read Blocks":0,"Shared Dirtied Blocks":0,"Shared Written Blocks":0,"Local Hit Blocks":0,"Local Read Blocks":0,"Local Dirtied Blocks":0,"Local Written Blocks":0,"Temp Read Blocks":5286,"Temp Written Blocks":5307,"I/O Read Time":0.0,"I/O Write Time":0.0,"Temp I/O Read Time":8.02,"Temp I/O Write Time":14.887,"Plans":[{"Node Type":"Seq Scan","Parent Relationship":"Outer","Parallel Aware":false,"Async Capable":false,"Relation Name":"order_line","Schema":"public","Alias":"order_line","Startup Cost":0.0,"Total Cost":790850.88,"Plan Rows":1039404,"Plan Width":10,"Actual Startup Time":28.602,"Actual Total Time":2167.705,"Actual Rows":1079542,"Actual Loops":1,"Output":["order_line.ol_amount","order_line.ol_i_id","order_line.ol_supply_w_id"],"Filter":"((order_line.ol_delivery_d >= '1995-10-02 20:10:02.27764'::timestamp without time zone) AND (order_line.ol_delivery_d < '1996-01-02 20:10:02.27764'::timestamp without time zone))","Rows Removed by Filter":28918190,"Shared Hit Blocks":340884,"Shared Read Blocks":0,"Shared Dirtied Blocks":0,"Shared Written Blocks":0,"Local Hit Blocks":0,"Local Read Blocks":0,"Local Dirtied Blocks":0,"Local Written Blocks":0,"Temp Read Blocks":0,"Temp Written Blocks":0,"I/O Read Time":0.0,"I/O Write Time":0.0,"Temp I/O Read Time":0.0,"Temp I/O Write Time":0.0}]},{"Node Type":"Index Only Scan","Parent Relationship":"Inner","Parallel Aware":false,"Async Capable":false,"Scan Direction":"Forward","Index Name":"stock_pk","Relation Name":"stock","Schema":"public","Alias":"stock","Startup Cost":0.43,"Total Cost":259690.86,"Plan Rows":10000162,"Plan Width":6,"Actual Startup Time":0.04,"Actual Total Time":710.879,"Actual Rows":9999996,"Actual Loops":1,"Output":["stock.s_w_id","stock.s_i_id"],"Heap Fetches":0,"Shared Hit Blocks":27338,"Shared Read Blocks":0,"Shared Dirtied Blocks":0,"Shared Written Blocks":0,"Local Hit Blocks":0,"Local Read Blocks":0,"Local Dirtied Blocks":0,"Local Written Blocks":0,"Temp Read Blocks":0,"Temp Written Blocks":0,"I/O Read Time":0.0,"I/O Write Time":0.0,"Temp I/O Read Time":0.0,"Temp I/O Write Time":0.0}]}]},{"Node Type":"Aggregate","Strategy":"Plain","Partial Mode":"Simple","Parent Relationship":"InitPlan","Subplan Name":"InitPlan 2 (returns $1)","Parallel Aware":false,"Async Capable":false,"Startup Cost":22500.36,"Total Cost":22500.37,"Plan Rows":1,"Plan Width":32,"Actual Startup Time":5.584,"Actual Total Time":5.586,"Actual Rows":1,"Actual Loops":1,"Output":["max(revenue_1.total_revenue)"],"Shared Hit Blocks":0,"Shared Read Blocks":0,"Shared Dirtied Blocks":0,"Shared Written Blocks":0,"Local Hit Blocks":0,"Local Read Blocks":0,"Local Dirtied Blocks":0,"Local Written Blocks":0,"Temp Read Blocks":0,"Temp Written Blocks":0,"I/O Read Time":0.0,"I/O Write Time":0.0,"Temp I/O Read Time":0.0,"Temp I/O Write Time":0.0,"Plans":[{"Node Type":"CTE Scan","Parent Relationship":"Outer","Parallel Aware":false,"Async Capable":false,"CTE Name":"revenue","Alias":"revenue_1","Startup Cost":0.0,"Total Cost":20000.32,"Plan Rows":1000016,"Plan Width":32,"Actual Startup Time":0.002,"Actual Total Time":4.388,"Actual Rows":10000,"Actual Loops":1,"Output":["revenue_1.supplier_no","revenue_1.total_revenue"],"Shared Hit Blocks":0,"Shared Read Blocks":0,"Shared Dirtied Blocks":0,"Shared Written Blocks":0,"Local Hit Blocks":0,"Local Read Blocks":0,"Local Dirtied Blocks":0,"Local Written Blocks":0,"Temp Read Blocks":0,"Temp Written Blocks":0,"I/O Read Time":0.0,"I/O Write Time":0.0,"Temp I/O Read Time":0.0,"Temp I/O Write Time":0.0}]},{"Node Type":"Index Scan","Parent Relationship":"Outer","Parallel Aware":false,"Async Capable":false,"Scan Direction":"Forward","Index Name":"supplier_pk","Relation Name":"supplier","Schema":"public","Alias":"supplier","Startup Cost":0.29,"Total Cost":490.34,"Plan Rows":10000,"Plan Width":64,"Actual Startup Time":0.024,"Actual Total Time":1.786,"Actual Rows":10000,"Actual Loops":1,"Output":["supplier.su_suppkey","supplier.su_name","supplier.su_address","supplier.su_nationkey","supplier.su_phone","supplier.su_acctbal","supplier.su_comment"],"Shared Hit Blocks":266,"Shared Read Blocks":0,"Shared Dirtied Blocks":0,"Shared Written Blocks":0,"Local Hit Blocks":0,"Local Read Blocks":0,"Local Dirtied Blocks":0,"Local Written Blocks":0,"Temp Read Blocks":0,"Temp Written Blocks":0,"I/O Read Time":0.0,"I/O Write Time":0.0,"Temp I/O Read Time":0.0,"Temp I/O Write Time":0.0},{"Node Type":"Sort","Parent Relationship":"Inner","Parallel Aware":false,"Async Capable":false,"Startup Cost":22807.55,"Total Cost":22820.05,"Plan Rows":5000,"Plan Width":36,"Actual Startup Time":4737.487,"Actual Total Time":4738.065,"Actual Rows":10000,"Actual Loops":1,"Output":["revenue.total_revenue","revenue.supplier_no"],"Sort Key":["revenue.supplier_no"],"Sort Method":"quicksort","Sort Space Used":853,"Sort Space Type":"Memory","Shared Hit Blocks":368222,"Shared Read Blocks":0,"Shared Dirtied Blocks":0,"Shared Written Blocks":0,"Local Hit Blocks":0,"Local Read Blocks":0,"Local Dirtied Blocks":0,"Local Written Blocks":0,"Temp Read Blocks":5286,"Temp Written Blocks":5307,"I/O Read Time":0.0,"I/O Write Time":0.0,"Temp I/O Read Time":8.02,"Temp I/O Write Time":14.887,"Plans":[{"Node Type":"CTE Scan","Parent Relationship":"Outer","Parallel Aware":false,"Async Capable":false,"CTE Name":"revenue","Alias":"revenue","Startup Cost":0.0,"Total Cost":22500.36,"Plan Rows":5000,"Plan Width":36,"Actual Startup Time":4733.791,"Actual Total Time":4735.335,"Actual Rows":10000,"Actual Loops":1,"Output":["revenue.total_revenue","revenue.supplier_no"],"Filter":"(revenue.total_revenue = $1)","Rows Removed by Filter":0,"Shared Hit Blocks":368222,"Shared Read Blocks":0,"Shared Dirtied Blocks":0,"Shared Written Blocks":0,"Local Hit Blocks":0,"Local Read Blocks":0,"Local Dirtied Blocks":0,"Local Written Blocks":0,"Temp Read Blocks":5286,"Temp Written Blocks":5307,"I/O Read Time":0.0,"I/O Write Time":0.0,"Temp I/O Read Time":8.02,"Temp I/O Write Time":14.887}]}]},"Planning":{"Shared Hit Blocks":0,"Shared Read Blocks":0,"Shared Dirtied Blocks":0,"Shared Written Blocks":0,"Local Hit Blocks":0,"Local Read Blocks":0,"Local Dirtied Blocks":0,"Local Written Blocks":0,"Temp Read Blocks":0,"Temp Written Blocks":0,"I/O Read Time":0.0,"I/O Write Time":0.0,"Temp I/O Read Time":0.0,"Temp I/O Write Time":0.0},"Planning Time":0.777,"Triggers":[],"Execution Time":4746.567}]
[列存组合]: supplier
[{"Plan":{"Node Type":"Merge Join","Parallel Aware":false,"Async Capable":false,"Join Type":"Inner","Startup Cost":1375108.31,"Total Cost":1375698.36,"Plan Rows":5000,"Plan Width":96,"Actual Startup Time":4715.696,"Actual Total Time":4720.931,"Actual Rows":10000,"Actual Loops":1,"Output":["supplier.su_suppkey","supplier.su_name","supplier.su_address","supplier.su_phone","revenue.total_revenue"],"Inner Unique":false,"Merge Cond":"(supplier.su_suppkey = revenue.supplier_no)","Shared Hit Blocks":368488,"Shared Read Blocks":0,"Shared Dirtied Blocks":0,"Shared Written Blocks":0,"Local Hit Blocks":0,"Local Read Blocks":0,"Local Dirtied Blocks":0,"Local Written Blocks":0,"Temp Read Blocks":5286,"Temp Written Blocks":5307,"I/O Read Time":0.0,"I/O Write Time":0.0,"Temp I/O Read Time":7.478,"Temp I/O Write Time":14.069,"Plans":[{"Node Type":"Aggregate","Strategy":"Hashed","Partial Mode":"Simple","Parent Relationship":"InitPlan","Subplan Name":"CTE revenue","Parallel Aware":false,"Async Capable":false,"Startup Cost":1304179.48,"Total Cost":1329800.1,"Plan Rows":1000016,"Plan Width":36,"Actual Startup Time":4706.435,"Actual Total Time":4708.739,"Actual Rows":10000,"Actual Loops":1,"Output":["(mod((stock.s_w_id * stock.s_i_id), 10000))","sum(order_line.ol_amount)"],"Group Key":["mod((stock.s_w_id * stock.s_i_id), 10000)"],"Planned Partitions":64,"HashAgg Batches":1,"Peak Memory Usage":4881,"Disk Usage":0,"Shared Hit Blocks":368222,"Shared Read Blocks":0,"Shared Dirtied Blocks":0,"Shared Written Blocks":0,"Local Hit Blocks":0,"Local Read Blocks":0,"Local Dirtied Blocks":0,"Local Written Blocks":0,"Temp Read Blocks":5286,"Temp Written Blocks":5307,"I/O Read Time":0.0,"I/O Write Time":0.0,"Temp I/O Read Time":7.478,"Temp I/O Write Time":14.069,"Plans":[{"Node Type":"Merge Join","Parent Relationship":"Outer","Parallel Aware":false,"Async Capable":false,"Join Type":"Inner","Startup Cost":912491.84,"Total Cost":1245713.0,"Plan Rows":1039404,"Plan Width":8,"Actual Startup Time":2932.509,"Actual Total Time":4503.322,"Actual Rows":1079542,"Actual Loops":1,"Output":["mod((stock.s_w_id * stock.s_i_id), 10000)","order_line.ol_amount"],"Inner Unique":true,"Merge Cond":"((order_line.ol_supply_w_id = stock.s_w_id) AND (order_line.ol_i_id = stock.s_i_id))","Shared Hit Blocks":368222,"Shared Read Blocks":0,"Shared Dirtied Blocks":0,"Shared Written Blocks":0,"Local Hit Blocks":0,"Local Read Blocks":0,"Local Dirtied Blocks":0,"Local Written Blocks":0,"Temp Read Blocks":5286,"Temp Written Blocks":5307,"I/O Read Time":0.0,"I/O Write Time":0.0,"Temp I/O Read Time":7.478,"Temp I/O Write Time":14.069,"Plans":[{"Node Type":"Sort","Parent Relationship":"Outer","Parallel Aware":false,"Async Capable":false,"Startup Cost":912491.41,"Total Cost":915089.92,"Plan Rows":1039404,"Plan Width":10,"Actual Startup Time":2932.451,"Actual Total Time":3037.826,"Actual Rows":1079542,"Actual Loops":1,"Output":["order_line.ol_amount","order_line.ol_i_id","order_line.ol_supply_w_id"],"Sort Key":["order_line.ol_supply_w_id","order_line.ol_i_id"],"Sort Method":"external merge","Sort Space Used":21152,"Sort Space Type":"Disk","Shared Hit Blocks":340884,"Shared Read Blocks":0,"Shared Dirtied Blocks":0,"Shared Written Blocks":0,"Local Hit Blocks":0,"Local Read Blocks":0,"Local Dirtied Blocks":0,"Local Written Blocks":0,"Temp Read Blocks":5286,"Temp Written Blocks":5307,"I/O Read Time":0.0,"I/O Write Time":0.0,"Temp I/O Read Time":7.478,"Temp I/O Write Time":14.069,"Plans":[{"Node Type":"Seq Scan","Parent Relationship":"Outer","Parallel Aware":false,"Async Capable":false,"Relation Name":"order_line","Schema":"public","Alias":"order_line","Startup Cost":0.0,"Total Cost":790850.88,"Plan Rows":1039404,"Plan Width":10,"Actual Startup Time":28.93,"Actual Total Time":2154.109,"Actual Rows":1079542,"Actual Loops":1,"Output":["order_line.ol_amount","order_line.ol_i_id","order_line.ol_supply_w_id"],"Filter":"((order_line.ol_delivery_d >= '1995-10-02 20:10:02.27764'::timestamp without time zone) AND (order_line.ol_delivery_d < '1996-01-02 20:10:02.27764'::timestamp without time zone))","Rows Removed by Filter":28918190,"Shared Hit Blocks":340884,"Shared Read Blocks":0,"Shared Dirtied Blocks":0,"Shared Written Blocks":0,"Local Hit Blocks":0,"Local Read Blocks":0,"Local Dirtied Blocks":0,"Local Written Blocks":0,"Temp Read Blocks":0,"Temp Written Blocks":0,"I/O Read Time":0.0,"I/O Write Time":0.0,"Temp I/O Read Time":0.0,"Temp I/O Write Time":0.0}]},{"Node Type":"Index Only Scan","Parent Relationship":"Inner","Parallel Aware":false,"Async Capable":false,"Scan Direction":"Forward","Index Name":"stock_pk","Relation Name":"stock","Schema":"public","Alias":"stock","Startup Cost":0.43,"Total Cost":259690.86,"Plan Rows":10000162,"Plan Width":6,"Actual Startup Time":0.044,"Actual Total Time":707.545,"Actual Rows":9999996,"Actual Loops":1,"Output":["stock.s_w_id","stock.s_i_id"],"Heap Fetches":0,"Shared Hit Blocks":27338,"Shared Read Blocks":0,"Shared Dirtied Blocks":0,"Shared Written Blocks":0,"Local Hit Blocks":0,"Local Read Blocks":0,"Local Dirtied Blocks":0,"Local Written Blocks":0,"Temp Read Blocks":0,"Temp Written Blocks":0,"I/O Read Time":0.0,"I/O Write Time":0.0,"Temp I/O Read Time":0.0,"Temp I/O Write Time":0.0}]}]},{"Node Type":"Aggregate","Strategy":"Plain","Partial Mode":"Simple","Parent Relationship":"InitPlan","Subplan Name":"InitPlan 2 (returns $1)","Parallel Aware":false,"Async Capable":false,"Startup Cost":22500.36,"Total Cost":22500.37,"Plan Rows":1,"Plan Width":32,"Actual Startup Time":5.498,"Actual Total Time":5.499,"Actual Rows":1,"Actual Loops":1,"Output":["max(revenue_1.total_revenue)"],"Shared Hit Blocks":0,"Shared Read Blocks":0,"Shared Dirtied Blocks":0,"Shared Written Blocks":0,"Local Hit Blocks":0,"Local Read Blocks":0,"Local Dirtied Blocks":0,"Local Written Blocks":0,"Temp Read Blocks":0,"Temp Written Blocks":0,"I/O Read Time":0.0,"I/O Write Time":0.0,"Temp I/O Read Time":0.0,"Temp I/O Write Time":0.0,"Plans":[{"Node Type":"CTE Scan","Parent Relationship":"Outer","Parallel Aware":false,"Async Capable":false,"CTE Name":"revenue","Alias":"revenue_1","Startup Cost":0.0,"Total Cost":20000.32,"Plan Rows":1000016,"Plan Width":32,"Actual Startup Time":0.002,"Actual Total Time":4.304,"Actual Rows":10000,"Actual Loops":1,"Output":["revenue_1.supplier_no","revenue_1.total_revenue"],"Shared Hit Blocks":0,"Shared Read Blocks":0,"Shared Dirtied Blocks":0,"Shared Written Blocks":0,"Local Hit Blocks":0,"Local Read Blocks":0,"Local Dirtied Blocks":0,"Local Written Blocks":0,"Temp Read Blocks":0,"Temp Written Blocks":0,"I/O Read Time":0.0,"I/O Write Time":0.0,"Temp I/O Read Time":0.0,"Temp I/O Write Time":0.0}]},{"Node Type":"Index Scan","Parent Relationship":"Outer","Parallel Aware":false,"Async Capable":false,"Scan Direction":"Forward","Index Name":"supplier_pk","Relation Name":"supplier","Schema":"public","Alias":"supplier","Startup Cost":0.29,"Total Cost":490.34,"Plan Rows":10000,"Plan Width":64,"Actual Startup Time":0.016,"Actual Total Time":1.779,"Actual Rows":10000,"Actual Loops":1,"Output":["supplier.su_suppkey","supplier.su_name","supplier.su_address","supplier.su_nationkey","supplier.su_phone","supplier.su_acctbal","supplier.su_comment"],"Shared Hit Blocks":266,"Shared Read Blocks":0,"Shared Dirtied Blocks":0,"Shared Written Blocks":0,"Local Hit Blocks":0,"Local Read Blocks":0,"Local Dirtied Blocks":0,"Local Written Blocks":0,"Temp Read Blocks":0,"Temp Written Blocks":0,"I/O Read Time":0.0,"I/O Write Time":0.0,"Temp I/O Read Time":0.0,"Temp I/O Write Time":0.0},{"Node Type":"Sort","Parent Relationship":"Inner","Parallel Aware":false,"Async Capable":false,"Startup Cost":22807.55,"Total Cost":22820.05,"Plan Rows":5000,"Plan Width":36,"Actual Startup Time":4715.67,"Actual Total Time":4716.252,"Actual Rows":10000,"Actual Loops":1,"Output":["revenue.total_revenue","revenue.supplier_no"],"Sort Key":["revenue.supplier_no"],"Sort Method":"quicksort","Sort Space Used":853,"Sort Space Type":"Memory","Shared Hit Blocks":368222,"Shared Read Blocks":0,"Shared Dirtied Blocks":0,"Shared Written Blocks":0,"Local Hit Blocks":0,"Local Read Blocks":0,"Local Dirtied Blocks":0,"Local Written Blocks":0,"Temp Read Blocks":5286,"Temp Written Blocks":5307,"I/O Read Time":0.0,"I/O Write Time":0.0,"Temp I/O Read Time":7.478,"Temp I/O Write Time":14.069,"Plans":[{"Node Type":"CTE Scan","Parent Relationship":"Outer","Parallel Aware":false,"Async Capable":false,"CTE Name":"revenue","Alias":"revenue","Startup Cost":0.0,"Total Cost":22500.36,"Plan Rows":5000,"Plan Width":36,"Actual Startup Time":4711.944,"Actual Total Time":4713.484,"Actual Rows":10000,"Actual Loops":1,"Output":["revenue.total_revenue","revenue.supplier_no"],"Filter":"(revenue.total_revenue = $1)","Rows Removed by Filter":0,"Shared Hit Blocks":368222,"Shared Read Blocks":0,"Shared Dirtied Blocks":0,"Shared Written Blocks":0,"Local Hit Blocks":0,"Local Read Blocks":0,"Local Dirtied Blocks":0,"Local Written Blocks":0,"Temp Read Blocks":5286,"Temp Written Blocks":5307,"I/O Read Time":0.0,"I/O Write Time":0.0,"Temp I/O Read Time":7.478,"Temp I/O Write Time":14.069}]}]},"Planning":{"Shared Hit Blocks":0,"Shared Read Blocks":0,"Shared Dirtied Blocks":0,"Shared Written Blocks":0,"Local Hit Blocks":0,"Local Read Blocks":0,"Local Dirtied Blocks":0,"Local Written Blocks":0,"Temp Read Blocks":0,"Temp Written Blocks":0,"I/O Read Time":0.0,"I/O Write Time":0.0,"Temp I/O Read Time":0.0,"Temp I/O Write Time":0.0},"Planning Time":0.348,"Triggers":[],"Execution Time":4724.976}]
[列存组合]: order_line, stock
[{"Plan":{"Node Type":"Merge Join","Parallel Aware":false,"Async Capable":false,"Join Type":"Inner","Startup Cost":311761.81,"Total Cost":312351.86,"Plan Rows":5000,"Plan Width":96,"Actual Startup Time":1433.761,"Actual Total Time":1439.096,"Actual Rows":10000,"Actual Loops":1,"Output":["supplier.su_suppkey","supplier.su_name","supplier.su_address","supplier.su_phone","revenue.total_revenue"],"Merge Cond":"(supplier.su_suppkey = revenue.supplier_no)","Shared Hit Blocks":266,"Shared Read Blocks":0,"Shared Dirtied Blocks":0,"Shared Written Blocks":0,"Local Hit Blocks":0,"Local Read Blocks":0,"Local Dirtied Blocks":0,"Local Written Blocks":0,"Temp Read Blocks":0,"Temp Written Blocks":0,"I/O Read Time":0.0,"I/O Write Time":0.0,"Temp I/O Read Time":0.0,"Temp I/O Write Time":0.0,"Plans":[{"Node Type":"Aggregate","Strategy":"Hashed","Partial Mode":"Simple","Parent Relationship":"InitPlan","Subplan Name":"CTE revenue","Parallel Aware":false,"Async Capable":false,"Startup Cost":240832.98,"Total Cost":266453.61,"Plan Rows":1000016,"Plan Width":36,"Actual Startup Time":1424.651,"Actual Total Time":1426.63,"Actual Rows":10000,"Actual Loops":1,"Output":["(mod((stock.s_w_id * stock.s_i_id), 10000))","sum(order_line.ol_amount)"],"Group Key":["mod((stock.s_w_id * stock.s_i_id), 10000)"],"Planned Partitions":64,"HashAgg Batches":1,"Peak Memory Usage":4881,"Disk Usage":0,"Shared Hit Blocks":0,"Shared Read Blocks":0,"Shared Dirtied Blocks":0,"Shared Written Blocks":0,"Local Hit Blocks":0,"Local Read Blocks":0,"Local Dirtied Blocks":0,"Local Written Blocks":0,"Temp Read Blocks":0,"Temp Written Blocks":0,"I/O Read Time":0.0,"I/O Write Time":0.0,"Temp I/O Read Time":0.0,"Temp I/O Write Time":0.0,"Plans":[{"Node Type":"Result","Parent Relationship":"Outer","Parallel Aware":false,"Async Capable":false,"Startup Cost":29323.02,"Total Cost":182366.51,"Plan Rows":1039404,"Plan Width":8,"Actual Startup Time":827.25,"Actual Total Time":1224.099,"Actual Rows":1079542,"Actual Loops":1,"Output":["mod((stock.s_w_id * stock.s_i_id), 10000)","order_line.ol_amount"],"Shared Hit Blocks":0,"Shared Read Blocks":0,"Shared Dirtied Blocks":0,"Shared Written Blocks":0,"Local Hit Blocks":0,"Local Read Blocks":0,"Local Dirtied Blocks":0,"Local Written Blocks":0,"Temp Read Blocks":0,"Temp Written Blocks":0,"I/O Read Time":0.0,"I/O Write Time":0.0,"Temp I/O Read Time":0.0,"Temp I/O Write Time":0.0,"Plans":[{"Node Type":"Hash Join","Parent Relationship":"Outer","Parallel Aware":false,"Async Capable":false,"Join Type":"Inner","Startup Cost":29323.02,"Total Cost":177169.49,"Plan Rows":1039404,"Plan Width":10,"Actual Startup Time":827.242,"Actual Total Time":1122.265,"Actual Rows":1079542,"Actual Loops":1,"Output":["order_line.ol_amount","stock.s_w_id","stock.s_i_id"],"Hash Cond":"((order_line.ol_i_id = stock.s_i_id) AND (order_line.ol_supply_w_id = stock.s_w_id))","Rows Removed by Bloom Filter":0,"Shared Hit Blocks":0,"Shared Read Blocks":0,"Shared Dirtied Blocks":0,"Shared Written Blocks":0,"Local Hit Blocks":0,"Local Read Blocks":0,"Local Dirtied Blocks":0,"Local Written Blocks":0,"Temp Read Blocks":0,"Temp Written Blocks":0,"I/O Read Time":0.0,"I/O Write Time":0.0,"Temp I/O Read Time":0.0,"Temp I/O Write Time":0.0,"Plans":[{"Node Type":"Append","Parent Relationship":"Outer","Parallel Aware":false,"Async Capable":false,"Startup Cost":20.0,"Total Cost":22373.13,"Plan Rows":1039404,"Plan Width":10,"Actual Startup Time":11.277,"Actual Total Time":11.28,"Actual Rows":1079542,"Actual Loops":1,"Shared Hit Blocks":0,"Shared Read Blocks":0,"Shared Dirtied Blocks":0,"Shared Written Blocks":0,"Local Hit Blocks":0,"Local Read Blocks":0,"Local Dirtied Blocks":0,"Local Written Blocks":0,"Temp Read Blocks":0,"Temp Written Blocks":0,"I/O Read Time":0.0,"I/O Write Time":0.0,"Temp I/O Read Time":0.0,"Temp I/O Write Time":0.0,"Subplans Removed":0,"Plans":[{"Node Type":"Custom Scan","Parent Relationship":"Member","Custom Plan Provider":"columnar scan","Parallel Aware":false,"Async Capable":false,"Relation Name":"order_line","Schema":"public","Alias":"order_line","Startup Cost":20.0,"Total Cost":22368.23,"Plan Rows":1039402,"Plan Width":10,"Actual Startup Time":11.276,"Actual Total Time":11.277,"Actual Rows":1079542,"Actual Loops":1,"Output":["order_line.ol_amount","order_line.ol_i_id","order_line.ol_supply_w_id"],"Filter":"((order_line.ol_delivery_d < '1996-01-02 20:10:02.27764'::timestamp without time zone) AND (order_line.ol_delivery_d >= '1995-10-02 20:10:02.27764'::timestamp without time zone))","Rows Removed by Filter":0,"Rows Removed by Columnar Filter":28918190,"Columnar cache search mode":"native","Shared Hit Blocks":0,"Shared Read Blocks":0,"Shared Dirtied Blocks":0,"Shared Written Blocks":0,"Local Hit Blocks":0,"Local Read Blocks":0,"Local Dirtied Blocks":0,"Local Written Blocks":0,"Temp Read Blocks":0,"Temp Written Blocks":0,"I/O Read Time":0.0,"I/O Write Time":0.0,"Temp I/O Read Time":0.0,"Temp I/O Write Time":0.0},{"Node Type":"Seq Scan","Parent Relationship":"Member","Parallel Aware":false,"Async Capable":false,"Relation Name":"order_line","Schema":"public","Alias":"order_line","Startup Cost":0.0,"Total Cost":4.9,"Plan Rows":2,"Plan Width":10,"Actual Startup Time":0.0,"Actual Total Time":0.0,"Actual Rows":0,"Actual Loops":0,"Output":["order_line.ol_amount","order_line.ol_i_id","order_line.ol_supply_w_id"],"Filter":"((order_line.ol_delivery_d < '1996-01-02 20:10:02.27764'::timestamp without time zone) AND (order_line.ol_delivery_d >= '1995-10-02 20:10:02.27764'::timestamp without time zone))","Rows Removed by Filter":0,"Shared Hit Blocks":0,"Shared Read Blocks":0,"Shared Dirtied Blocks":0,"Shared Written Blocks":0,"Local Hit Blocks":0,"Local Read Blocks":0,"Local Dirtied Blocks":0,"Local Written Blocks":0,"Temp Read Blocks":0,"Temp Written Blocks":0,"I/O Read Time":0.0,"I/O Write Time":0.0,"Temp I/O Read Time":0.0,"Temp I/O Write Time":0.0}]},{"Node Type":"Hash","Parent Relationship":"Inner","Parallel Aware":false,"Async Capable":false,"Startup Cost":195025.67,"Total Cost":195025.67,"Plan Rows":10000162,"Plan Width":6,"Actual Rows":10000000,"Actual Loops":1,"Output":["stock.s_w_id","stock.s_i_id"],"Shared Hit Blocks":0,"Shared Read Blocks":0,"Shared Dirtied Blocks":0,"Shared Written Blocks":0,"Local Hit Blocks":0,"Local Read Blocks":0,"Local Dirtied Blocks":0,"Local Written Blocks":0,"Temp Read Blocks":0,"Temp Written Blocks":0,"I/O Read Time":0.0,"I/O Write Time":0.0,"Temp I/O Read Time":0.0,"Temp I/O Write Time":0.0,"Plans":[{"Node Type":"Append","Parent Relationship":"Outer","Parallel Aware":false,"Async Capable":false,"Startup Cost":20.0,"Total Cost":195025.67,"Plan Rows":10000162,"Plan Width":6,"Actual Startup Time":0.198,"Actual Total Time":0.199,"Actual Rows":10000000,"Actual Loops":1,"Shared Hit Blocks":0,"Shared Read Blocks":0,"Shared Dirtied Blocks":0,"Shared Written Blocks":0,"Local Hit Blocks":0,"Local Read Blocks":0,"Local Dirtied Blocks":0,"Local Written Blocks":0,"Temp Read Blocks":0,"Temp Written Blocks":0,"I/O Read Time":0.0,"I/O Write Time":0.0,"Temp I/O Read Time":0.0,"Temp I/O Write Time":0.0,"Subplans Removed":0,"Plans":[{"Node Type":"Custom Scan","Parent Relationship":"Member","Custom Plan Provider":"columnar scan","Parallel Aware":false,"Async Capable":false,"Relation Name":"stock","Schema":"public","Alias":"stock","Startup Cost":20.0,"Total Cost":195020.05,"Plan Rows":10000000,"Plan Width":6,"Actual Startup Time":0.197,"Actual Total Time":0.197,"Actual Rows":10000000,"Actual Loops":1,"Output":["stock.s_w_id","stock.s_i_id"],"Rows Removed by Columnar Filter":0,"Columnar cache search mode":"native","Shared Hit Blocks":0,"Shared Read Blocks":0,"Shared Dirtied Blocks":0,"Shared Written Blocks":0,"Local Hit Blocks":0,"Local Read Blocks":0,"Local Dirtied Blocks":0,"Local Written Blocks":0,"Temp Read Blocks":0,"Temp Written Blocks":0,"I/O Read Time":0.0,"I/O Write Time":0.0,"Temp I/O Read Time":0.0,"Temp I/O Write Time":0.0},{"Node Type":"Seq Scan","Parent Relationship":"Member","Parallel Aware":false,"Async Capable":false,"Relation Name":"stock","Schema":"public","Alias":"stock","Startup Cost":0.0,"Total Cost":5.62,"Plan Rows":162,"Plan Width":6,"Actual Startup Time":0.0,"Actual Total Time":0.0,"Actual Rows":0,"Actual Loops":0,"Output":["stock.s_w_id","stock.s_i_id"],"Shared Hit Blocks":0,"Shared Read Blocks":0,"Shared Dirtied Blocks":0,"Shared Written Blocks":0,"Local Hit Blocks":0,"Local Read Blocks":0,"Local Dirtied Blocks":0,"Local Written Blocks":0,"Temp Read Blocks":0,"Temp Written Blocks":0,"I/O Read Time":0.0,"I/O Write Time":0.0,"Temp I/O Read Time":0.0,"Temp I/O Write Time":0.0}]}]}]}]}]},{"Node Type":"Aggregate","Strategy":"Plain","Partial Mode":"Simple","Parent Relationship":"InitPlan","Subplan Name":"InitPlan 2 (returns $1)","Parallel Aware":false,"Async Capable":false,"Startup Cost":22500.36,"Total Cost":22500.37,"Plan Rows":1,"Plan Width":32,"Actual Startup Time":5.258,"Actual Total Time":5.259,"Actual Rows":1,"Actual Loops":1,"Output":["max(revenue_1.total_revenue)"],"Shared Hit Blocks":0,"Shared Read Blocks":0,"Shared Dirtied Blocks":0,"Shared Written Blocks":0,"Local Hit Blocks":0,"Local Read Blocks":0,"Local Dirtied Blocks":0,"Local Written Blocks":0,"Temp Read Blocks":0,"Temp Written Blocks":0,"I/O Read Time":0.0,"I/O Write Time":0.0,"Temp I/O Read Time":0.0,"Temp I/O Write Time":0.0,"Plans":[{"Node Type":"CTE Scan","Parent Relationship":"Outer","Parallel Aware":false,"Async Capable":false,"CTE Name":"revenue","Alias":"revenue_1","Startup Cost":0.0,"Total Cost":20000.32,"Plan Rows":1000016,"Plan Width":32,"Actual Startup Time":0.001,"Actual Total Time":4.027,"Actual Rows":10000,"Actual Loops":1,"Output":["revenue_1.supplier_no","revenue_1.total_revenue"],"Shared Hit Blocks":0,"Shared Read Blocks":0,"Shared Dirtied Blocks":0,"Shared Written Blocks":0,"Local Hit Blocks":0,"Local Read Blocks":0,"Local Dirtied Blocks":0,"Local Written Blocks":0,"Temp Read Blocks":0,"Temp Written Blocks":0,"I/O Read Time":0.0,"I/O Write Time":0.0,"Temp I/O Read Time":0.0,"Temp I/O Write Time":0.0}]},{"Node Type":"Index Scan","Parent Relationship":"Outer","Parallel Aware":false,"Async Capable":false,"Scan Direction":"Forward","Index Name":"supplier_pk","Relation Name":"supplier","Schema":"public","Alias":"supplier","Startup Cost":0.29,"Total Cost":490.34,"Plan Rows":10000,"Plan Width":64,"Actual Startup Time":0.025,"Actual Total Time":1.844,"Actual Rows":10000,"Actual Loops":1,"Output":["supplier.su_suppkey","supplier.su_name","supplier.su_address","supplier.su_nationkey","supplier.su_phone","supplier.su_acctbal","supplier.su_comment"],"Shared Hit Blocks":266,"Shared Read Blocks":0,"Shared Dirtied Blocks":0,"Shared Written Blocks":0,"Local Hit Blocks":0,"Local Read Blocks":0,"Local Dirtied Blocks":0,"Local Written Blocks":0,"Temp Read Blocks":0,"Temp Written Blocks":0,"I/O Read Time":0.0,"I/O Write Time":0.0,"Temp I/O Read Time":0.0,"Temp I/O Write Time":0.0},{"Node Type":"Sort","Parent Relationship":"Inner","Parallel Aware":false,"Async Capable":false,"Startup Cost":22807.55,"Total Cost":22820.05,"Plan Rows":5000,"Plan Width":36,"Actual Startup Time":1433.728,"Actual Total Time":1434.321,"Actual Rows":10000,"Actual Loops":1,"Output":["revenue.total_revenue","revenue.supplier_no"],"Sort Key":["revenue.supplier_no"],"Sort Method":"quicksort","Sort Space Used":853,"Sort Space Type":"Memory","Shared Hit Blocks":0,"Shared Read Blocks":0,"Shared Dirtied Blocks":0,"Shared Written Blocks":0,"Local Hit Blocks":0,"Local Read Blocks":0,"Local Dirtied Blocks":0,"Local Written Blocks":0,"Temp Read Blocks":0,"Temp Written Blocks":0,"I/O Read Time":0.0,"I/O Write Time":0.0,"Temp I/O Read Time":0.0,"Temp I/O Write Time":0.0,"Plans":[{"Node Type":"CTE Scan","Parent Relationship":"Outer","Parallel Aware":false,"Async Capable":false,"CTE Name":"revenue","Alias":"revenue","Startup Cost":0.0,"Total Cost":22500.36,"Plan Rows":5000,"Plan Width":36,"Actual Startup Time":1429.915,"Actual Total Time":1431.467,"Actual Rows":10000,"Actual Loops":1,"Output":["revenue.total_revenue","revenue.supplier_no"],"Filter":"(revenue.total_revenue = $1)","Rows Removed by Filter":0,"Shared Hit Blocks":0,"Shared Read Blocks":0,"Shared Dirtied Blocks":0,"Shared Written Blocks":0,"Local Hit Blocks":0,"Local Read Blocks":0,"Local Dirtied Blocks":0,"Local Written Blocks":0,"Temp Read Blocks":0,"Temp Written Blocks":0,"I/O Read Time":0.0,"I/O Write Time":0.0,"Temp I/O Read Time":0.0,"Temp I/O Write Time":0.0}]}]},"Planning":{"Shared Hit Blocks":0,"Shared Read Blocks":0,"Shared Dirtied Blocks":0,"Shared Written Blocks":0,"Local Hit Blocks":0,"Local Read Blocks":0,"Local Dirtied Blocks":0,"Local Written Blocks":0,"Temp Read Blocks":0,"Temp Written Blocks":0,"I/O Read Time":0.0,"I/O Write Time":0.0,"Temp I/O Read Time":0.0,"Temp I/O Write Time":0.0},"Planning Time":1.074,"Triggers":[],"Execution Time":1440.046}]
[列存组合]: order_line, supplier
[{"Plan":{"Node Type":"Merge Join","Parallel Aware":false,"Async Capable":false,"Join Type":"Inner","Startup Cost":1031720.1,"Total Cost":1032310.15,"Plan Rows":5000,"Plan Width":96,"Actual Startup Time":2116.418,"Actual Total Time":2121.699,"Actual Rows":10000,"Actual Loops":1,"Output":["supplier.su_suppkey","supplier.su_name","supplier.su_address","supplier.su_phone","revenue.total_revenue"],"Inner Unique":false,"Merge Cond":"(supplier.su_suppkey = revenue.supplier_no)","Shared Hit Blocks":27604,"Shared Read Blocks":0,"Shared Dirtied Blocks":0,"Shared Written Blocks":0,"Local Hit Blocks":0,"Local Read Blocks":0,"Local Dirtied Blocks":0,"Local Written Blocks":0,"Temp Read Blocks":5289,"Temp Written Blocks":5352,"I/O Read Time":0.0,"I/O Write Time":0.0,"Temp I/O Read Time":7.588,"Temp I/O Write Time":13.952,"Plans":[{"Node Type":"Aggregate","Strategy":"Hashed","Partial Mode":"Simple","Parent Relationship":"InitPlan","Subplan Name":"CTE revenue","Parallel Aware":false,"Async Capable":false,"Startup Cost":960791.26,"Total Cost":986411.89,"Plan Rows":1000016,"Plan Width":36,"Actual Startup Time":2107.283,"Actual Total Time":2109.595,"Actual Rows":10000,"Actual Loops":1,"Output":["(mod((stock.s_w_id * stock.s_i_id), 10000))","sum(order_line.ol_amount)"],"Group Key":["mod((stock.s_w_id * stock.s_i_id), 10000)"],"Planned Partitions":64,"HashAgg Batches":1,"Peak Memory Usage":4881,"Disk Usage":0,"Shared Hit Blocks":27338,"Shared Read Blocks":0,"Shared Dirtied Blocks":0,"Shared Written Blocks":0,"Local Hit Blocks":0,"Local Read Blocks":0,"Local Dirtied Blocks":0,"Local Written Blocks":0,"Temp Read Blocks":5289,"Temp Written Blocks":5352,"I/O Read Time":0.0,"I/O Write Time":0.0,"Temp I/O Read Time":7.588,"Temp I/O Write Time":13.952,"Plans":[{"Node Type":"Merge Join","Parent Relationship":"Outer","Parallel Aware":false,"Async Capable":false,"Join Type":"Inner","Startup Cost":569103.63,"Total Cost":902324.79,"Plan Rows":1039404,"Plan Width":8,"Actual Startup Time":332.048,"Actual Total Time":1899.981,"Actual Rows":1079542,"Actual Loops":1,"Output":["mod((stock.s_w_id * stock.s_i_id), 10000)","order_line.ol_amount"],"Inner Unique":true,"Merge Cond":"((order_line.ol_supply_w_id = stock.s_w_id) AND (order_line.ol_i_id = stock.s_i_id))","Shared Hit Blocks":27338,"Shared Read Blocks":0,"Shared Dirtied Blocks":0,"Shared Written Blocks":0,"Local Hit Blocks":0,"Local Read Blocks":0,"Local Dirtied Blocks":0,"Local Written Blocks":0,"Temp Read Blocks":5289,"Temp Written Blocks":5352,"I/O Read Time":0.0,"I/O Write Time":0.0,"Temp I/O Read Time":7.588,"Temp I/O Write Time":13.952,"Plans":[{"Node Type":"Sort","Parent Relationship":"Outer","Parallel Aware":false,"Async Capable":false,"Startup Cost":569103.19,"Total Cost":571701.7,"Plan Rows":1039404,"Plan Width":10,"Actual Startup Time":332.011,"Actual Total Time":445.081,"Actual Rows":1079542,"Actual Loops":1,"Output":["order_line.ol_amount","order_line.ol_i_id","order_line.ol_supply_w_id"],"Sort Key":["order_line.ol_supply_w_id","order_line.ol_i_id"],"Sort Method":"external merge","Sort Space Used":21168,"Sort Space Type":"Disk","Shared Hit Blocks":0,"Shared Read Blocks":0,"Shared Dirtied Blocks":0,"Shared Written Blocks":0,"Local Hit Blocks":0,"Local Read Blocks":0,"Local Dirtied Blocks":0,"Local Written Blocks":0,"Temp Read Blocks":5289,"Temp Written Blocks":5352,"I/O Read Time":0.0,"I/O Write Time":0.0,"Temp I/O Read Time":7.588,"Temp I/O Write Time":13.952,"Plans":[{"Node Type":"Append","Parent Relationship":"Outer","Parallel Aware":false,"Async Capable":false,"Startup Cost":20.0,"Total Cost":447462.67,"Plan Rows":1039404,"Plan Width":10,"Actual Startup Time":253.443,"Actual Total Time":253.446,"Actual Rows":1079542,"Actual Loops":1,"Shared Hit Blocks":0,"Shared Read Blocks":0,"Shared Dirtied Blocks":0,"Shared Written Blocks":0,"Local Hit Blocks":0,"Local Read Blocks":0,"Local Dirtied Blocks":0,"Local Written Blocks":0,"Temp Read Blocks":0,"Temp Written Blocks":2693,"I/O Read Time":0.0,"I/O Write Time":0.0,"Temp I/O Read Time":0.0,"Temp I/O Write Time":10.111,"Subplans Removed":0,"Plans":[{"Node Type":"Custom Scan","Parent Relationship":"Member","Custom Plan Provider":"columnar scan","Parallel Aware":false,"Async Capable":false,"Relation Name":"order_line","Schema":"public","Alias":"order_line","Startup Cost":20.0,"Total Cost":22368.23,"Plan Rows":1039402,"Plan Width":10,"Actual Startup Time":253.44,"Actual Total Time":253.441,"Actual Rows":1079542,"Actual Loops":1,"Output":["order_line.ol_amount","order_line.ol_i_id","order_line.ol_supply_w_id"],"Filter":"((order_line.ol_delivery_d < '1996-01-02 20:10:02.27764'::timestamp without time zone) AND (order_line.ol_delivery_d >= '1995-10-02 20:10:02.27764'::timestamp without time zone))","Rows Removed by Filter":0,"Rows Removed by Columnar Filter":28918190,"Rows Sorted by Columnar Scan":1079542,"Columnar cache search mode":"native","Shared Hit Blocks":0,"Shared Read Blocks":0,"Shared Dirtied Blocks":0,"Shared Written Blocks":0,"Local Hit Blocks":0,"Local Read Blocks":0,"Local Dirtied Blocks":0,"Local Written Blocks":0,"Temp Read Blocks":0,"Temp Written Blocks":2693,"I/O Read Time":0.0,"I/O Write Time":0.0,"Temp I/O Read Time":0.0,"Temp I/O Write Time":10.111},{"Node Type":"Seq Scan","Parent Relationship":"Member","Parallel Aware":false,"Async Capable":false,"Relation Name":"order_line","Schema":"public","Alias":"order_line","Startup Cost":0.0,"Total Cost":4.9,"Plan Rows":2,"Plan Width":10,"Actual Startup Time":0.0,"Actual Total Time":0.0,"Actual Rows":0,"Actual Loops":0,"Output":["order_line.ol_amount","order_line.ol_i_id","order_line.ol_supply_w_id"],"Filter":"((order_line.ol_delivery_d < '1996-01-02 20:10:02.27764'::timestamp without time zone) AND (order_line.ol_delivery_d >= '1995-10-02 20:10:02.27764'::timestamp without time zone))","Rows Removed by Filter":0,"Shared Hit Blocks":0,"Shared Read Blocks":0,"Shared Dirtied Blocks":0,"Shared Written Blocks":0,"Local Hit Blocks":0,"Local Read Blocks":0,"Local Dirtied Blocks":0,"Local Written Blocks":0,"Temp Read Blocks":0,"Temp Written Blocks":0,"I/O Read Time":0.0,"I/O Write Time":0.0,"Temp I/O Read Time":0.0,"Temp I/O Write Time":0.0}]}]},{"Node Type":"Index Only Scan","Parent Relationship":"Inner","Parallel Aware":false,"Async Capable":false,"Scan Direction":"Forward","Index Name":"stock_pk","Relation Name":"stock","Schema":"public","Alias":"stock","Startup Cost":0.43,"Total Cost":259690.86,"Plan Rows":10000162,"Plan Width":6,"Actual Startup Time":0.029,"Actual Total Time":695.797,"Actual Rows":9999996,"Actual Loops":1,"Output":["stock.s_w_id","stock.s_i_id"],"Heap Fetches":0,"Shared Hit Blocks":27338,"Shared Read Blocks":0,"Shared Dirtied Blocks":0,"Shared Written Blocks":0,"Local Hit Blocks":0,"Local Read Blocks":0,"Local Dirtied Blocks":0,"Local Written Blocks":0,"Temp Read Blocks":0,"Temp Written Blocks":0,"I/O Read Time":0.0,"I/O Write Time":0.0,"Temp I/O Read Time":0.0,"Temp I/O Write Time":0.0}]}]},{"Node Type":"Aggregate","Strategy":"Plain","Partial Mode":"Simple","Parent Relationship":"InitPlan","Subplan Name":"InitPlan 2 (returns $1)","Parallel Aware":false,"Async Capable":false,"Startup Cost":22500.36,"Total Cost":22500.37,"Plan Rows":1,"Plan Width":32,"Actual Startup Time":5.458,"Actual Total Time":5.459,"Actual Rows":1,"Actual Loops":1,"Output":["max(revenue_1.total_revenue)"],"Shared Hit Blocks":0,"Shared Read Blocks":0,"Shared Dirtied Blocks":0,"Shared Written Blocks":0,"Local Hit Blocks":0,"Local Read Blocks":0,"Local Dirtied Blocks":0,"Local Written Blocks":0,"Temp Read Blocks":0,"Temp Written Blocks":0,"I/O Read Time":0.0,"I/O Write Time":0.0,"Temp I/O Read Time":0.0,"Temp I/O Write Time":0.0,"Plans":[{"Node Type":"CTE Scan","Parent Relationship":"Outer","Parallel Aware":false,"Async Capable":false,"CTE Name":"revenue","Alias":"revenue_1","Startup Cost":0.0,"Total Cost":20000.32,"Plan Rows":1000016,"Plan Width":32,"Actual Startup Time":0.001,"Actual Total Time":4.269,"Actual Rows":10000,"Actual Loops":1,"Output":["revenue_1.supplier_no","revenue_1.total_revenue"],"Shared Hit Blocks":0,"Shared Read Blocks":0,"Shared Dirtied Blocks":0,"Shared Written Blocks":0,"Local Hit Blocks":0,"Local Read Blocks":0,"Local Dirtied Blocks":0,"Local Written Blocks":0,"Temp Read Blocks":0,"Temp Written Blocks":0,"I/O Read Time":0.0,"I/O Write Time":0.0,"Temp I/O Read Time":0.0,"Temp I/O Write Time":0.0}]},{"Node Type":"Index Scan","Parent Relationship":"Outer","Parallel Aware":false,"Async Capable":false,"Scan Direction":"Forward","Index Name":"supplier_pk","Relation Name":"supplier","Schema":"public","Alias":"supplier","Startup Cost":0.29,"Total Cost":490.34,"Plan Rows":10000,"Plan Width":64,"Actual Startup Time":0.019,"Actual Total Time":1.796,"Actual Rows":10000,"Actual Loops":1,"Output":["supplier.su_suppkey","supplier.su_name","supplier.su_address","supplier.su_nationkey","supplier.su_phone","supplier.su_acctbal","supplier.su_comment"],"Shared Hit Blocks":266,"Shared Read Blocks":0,"Shared Dirtied Blocks":0,"Shared Written Blocks":0,"Local Hit Blocks":0,"Local Read Blocks":0,"Local Dirtied Blocks":0,"Local Written Blocks":0,"Temp Read Blocks":0,"Temp Written Blocks":0,"I/O Read Time":0.0,"I/O Write Time":0.0,"Temp I/O Read Time":0.0,"Temp I/O Write Time":0.0},{"Node Type":"Sort","Parent Relationship":"Inner","Parallel Aware":false,"Async Capable":false,"Startup Cost":22807.55,"Total Cost":22820.05,"Plan Rows":5000,"Plan Width":36,"Actual Startup Time":2116.394,"Actual Total Time":2116.974,"Actual Rows":10000,"Actual Loops":1,"Output":["revenue.total_revenue","revenue.supplier_no"],"Sort Key":["revenue.supplier_no"],"Sort Method":"quicksort","Sort Space Used":853,"Sort Space Type":"Memory","Shared Hit Blocks":27338,"Shared Read Blocks":0,"Shared Dirtied Blocks":0,"Shared Written Blocks":0,"Local Hit Blocks":0,"Local Read Blocks":0,"Local Dirtied Blocks":0,"Local Written Blocks":0,"Temp Read Blocks":5289,"Temp Written Blocks":5352,"I/O Read Time":0.0,"I/O Write Time":0.0,"Temp I/O Read Time":7.588,"Temp I/O Write Time":13.952,"Plans":[{"Node Type":"CTE Scan","Parent Relationship":"Outer","Parallel Aware":false,"Async Capable":false,"CTE Name":"revenue","Alias":"revenue","Startup Cost":0.0,"Total Cost":22500.36,"Plan Rows":5000,"Plan Width":36,"Actual Startup Time":2112.747,"Actual Total Time":2114.281,"Actual Rows":10000,"Actual Loops":1,"Output":["revenue.total_revenue","revenue.supplier_no"],"Filter":"(revenue.total_revenue = $1)","Rows Removed by Filter":0,"Shared Hit Blocks":27338,"Shared Read Blocks":0,"Shared Dirtied Blocks":0,"Shared Written Blocks":0,"Local Hit Blocks":0,"Local Read Blocks":0,"Local Dirtied Blocks":0,"Local Written Blocks":0,"Temp Read Blocks":5289,"Temp Written Blocks":5352,"I/O Read Time":0.0,"I/O Write Time":0.0,"Temp I/O Read Time":7.588,"Temp I/O Write Time":13.952}]}]},"Planning":{"Shared Hit Blocks":0,"Shared Read Blocks":0,"Shared Dirtied Blocks":0,"Shared Written Blocks":0,"Local Hit Blocks":0,"Local Read Blocks":0,"Local Dirtied Blocks":0,"Local Written Blocks":0,"Temp Read Blocks":0,"Temp Written Blocks":0,"I/O Read Time":0.0,"I/O Write Time":0.0,"Temp I/O Read Time":0.0,"Temp I/O Write Time":0.0},"Planning Time":0.697,"Triggers":[],"Execution Time":2125.851}]
[列存组合]: stock, supplier
[{"Plan":{"Node Type":"Merge Join","Parallel Aware":false,"Async Capable":false,"Join Type":"Inner","Startup Cost":1375108.31,"Total Cost":1375698.36,"Plan Rows":5000,"Plan Width":96,"Actual Startup Time":4742.08,"Actual Total Time":4747.328,"Actual Rows":10000,"Actual Loops":1,"Output":["supplier.su_suppkey","supplier.su_name","supplier.su_address","supplier.su_phone","revenue.total_revenue"],"Inner Unique":false,"Merge Cond":"(supplier.su_suppkey = revenue.supplier_no)","Shared Hit Blocks":368488,"Shared Read Blocks":0,"Shared Dirtied Blocks":0,"Shared Written Blocks":0,"Local Hit Blocks":0,"Local Read Blocks":0,"Local Dirtied Blocks":0,"Local Written Blocks":0,"Temp Read Blocks":5286,"Temp Written Blocks":5307,"I/O Read Time":0.0,"I/O Write Time":0.0,"Temp I/O Read Time":8.067,"Temp I/O Write Time":14.33,"Plans":[{"Node Type":"Aggregate","Strategy":"Hashed","Partial Mode":"Simple","Parent Relationship":"InitPlan","Subplan Name":"CTE revenue","Parallel Aware":false,"Async Capable":false,"Startup Cost":1304179.48,"Total Cost":1329800.1,"Plan Rows":1000016,"Plan Width":36,"Actual Startup Time":4732.683,"Actual Total Time":4735.032,"Actual Rows":10000,"Actual Loops":1,"Output":["(mod((stock.s_w_id * stock.s_i_id), 10000))","sum(order_line.ol_amount)"],"Group Key":["mod((stock.s_w_id * stock.s_i_id), 10000)"],"Planned Partitions":64,"HashAgg Batches":1,"Peak Memory Usage":4881,"Disk Usage":0,"Shared Hit Blocks":368222,"Shared Read Blocks":0,"Shared Dirtied Blocks":0,"Shared Written Blocks":0,"Local Hit Blocks":0,"Local Read Blocks":0,"Local Dirtied Blocks":0,"Local Written Blocks":0,"Temp Read Blocks":5286,"Temp Written Blocks":5307,"I/O Read Time":0.0,"I/O Write Time":0.0,"Temp I/O Read Time":8.067,"Temp I/O Write Time":14.33,"Plans":[{"Node Type":"Merge Join","Parent Relationship":"Outer","Parallel Aware":false,"Async Capable":false,"Join Type":"Inner","Startup Cost":912491.84,"Total Cost":1245713.0,"Plan Rows":1039404,"Plan Width":8,"Actual Startup Time":2952.845,"Actual Total Time":4529.575,"Actual Rows":1079542,"Actual Loops":1,"Output":["mod((stock.s_w_id * stock.s_i_id), 10000)","order_line.ol_amount"],"Inner Unique":true,"Merge Cond":"((order_line.ol_supply_w_id = stock.s_w_id) AND (order_line.ol_i_id = stock.s_i_id))","Shared Hit Blocks":368222,"Shared Read Blocks":0,"Shared Dirtied Blocks":0,"Shared Written Blocks":0,"Local Hit Blocks":0,"Local Read Blocks":0,"Local Dirtied Blocks":0,"Local Written Blocks":0,"Temp Read Blocks":5286,"Temp Written Blocks":5307,"I/O Read Time":0.0,"I/O Write Time":0.0,"Temp I/O Read Time":8.067,"Temp I/O Write Time":14.33,"Plans":[{"Node Type":"Sort","Parent Relationship":"Outer","Parallel Aware":false,"Async Capable":false,"Startup Cost":912491.41,"Total Cost":915089.92,"Plan Rows":1039404,"Plan Width":10,"Actual Startup Time":2952.812,"Actual Total Time":3058.798,"Actual Rows":1079542,"Actual Loops":1,"Output":["order_line.ol_amount","order_line.ol_i_id","order_line.ol_supply_w_id"],"Sort Key":["order_line.ol_supply_w_id","order_line.ol_i_id"],"Sort Method":"external merge","Sort Space Used":21152,"Sort Space Type":"Disk","Shared Hit Blocks":340884,"Shared Read Blocks":0,"Shared Dirtied Blocks":0,"Shared Written Blocks":0,"Local Hit Blocks":0,"Local Read Blocks":0,"Local Dirtied Blocks":0,"Local Written Blocks":0,"Temp Read Blocks":5286,"Temp Written Blocks":5307,"I/O Read Time":0.0,"I/O Write Time":0.0,"Temp I/O Read Time":8.067,"Temp I/O Write Time":14.33,"Plans":[{"Node Type":"Seq Scan","Parent Relationship":"Outer","Parallel Aware":false,"Async Capable":false,"Relation Name":"order_line","Schema":"public","Alias":"order_line","Startup Cost":0.0,"Total Cost":790850.88,"Plan Rows":1039404,"Plan Width":10,"Actual Startup Time":29.118,"Actual Total Time":2171.293,"Actual Rows":1079542,"Actual Loops":1,"Output":["order_line.ol_amount","order_line.ol_i_id","order_line.ol_supply_w_id"],"Filter":"((order_line.ol_delivery_d >= '1995-10-02 20:10:02.27764'::timestamp without time zone) AND (order_line.ol_delivery_d < '1996-01-02 20:10:02.27764'::timestamp without time zone))","Rows Removed by Filter":28918190,"Shared Hit Blocks":340884,"Shared Read Blocks":0,"Shared Dirtied Blocks":0,"Shared Written Blocks":0,"Local Hit Blocks":0,"Local Read Blocks":0,"Local Dirtied Blocks":0,"Local Written Blocks":0,"Temp Read Blocks":0,"Temp Written Blocks":0,"I/O Read Time":0.0,"I/O Write Time":0.0,"Temp I/O Read Time":0.0,"Temp I/O Write Time":0.0}]},{"Node Type":"Index Only Scan","Parent Relationship":"Inner","Parallel Aware":false,"Async Capable":false,"Scan Direction":"Forward","Index Name":"stock_pk","Relation Name":"stock","Schema":"public","Alias":"stock","Startup Cost":0.43,"Total Cost":259690.86,"Plan Rows":10000162,"Plan Width":6,"Actual Startup Time":0.025,"Actual Total Time":710.309,"Actual Rows":9999996,"Actual Loops":1,"Output":["stock.s_w_id","stock.s_i_id"],"Heap Fetches":0,"Shared Hit Blocks":27338,"Shared Read Blocks":0,"Shared Dirtied Blocks":0,"Shared Written Blocks":0,"Local Hit Blocks":0,"Local Read Blocks":0,"Local Dirtied Blocks":0,"Local Written Blocks":0,"Temp Read Blocks":0,"Temp Written Blocks":0,"I/O Read Time":0.0,"I/O Write Time":0.0,"Temp I/O Read Time":0.0,"Temp I/O Write Time":0.0}]}]},{"Node Type":"Aggregate","Strategy":"Plain","Partial Mode":"Simple","Parent Relationship":"InitPlan","Subplan Name":"InitPlan 2 (returns $1)","Parallel Aware":false,"Async Capable":false,"Startup Cost":22500.36,"Total Cost":22500.37,"Plan Rows":1,"Plan Width":32,"Actual Startup Time":5.581,"Actual Total Time":5.583,"Actual Rows":1,"Actual Loops":1,"Output":["max(revenue_1.total_revenue)"],"Shared Hit Blocks":0,"Shared Read Blocks":0,"Shared Dirtied Blocks":0,"Shared Written Blocks":0,"Local Hit Blocks":0,"Local Read Blocks":0,"Local Dirtied Blocks":0,"Local Written Blocks":0,"Temp Read Blocks":0,"Temp Written Blocks":0,"I/O Read Time":0.0,"I/O Write Time":0.0,"Temp I/O Read Time":0.0,"Temp I/O Write Time":0.0,"Plans":[{"Node Type":"CTE Scan","Parent Relationship":"Outer","Parallel Aware":false,"Async Capable":false,"CTE Name":"revenue","Alias":"revenue_1","Startup Cost":0.0,"Total Cost":20000.32,"Plan Rows":1000016,"Plan Width":32,"Actual Startup Time":0.001,"Actual Total Time":4.387,"Actual Rows":10000,"Actual Loops":1,"Output":["revenue_1.supplier_no","revenue_1.total_revenue"],"Shared Hit Blocks":0,"Shared Read Blocks":0,"Shared Dirtied Blocks":0,"Shared Written Blocks":0,"Local Hit Blocks":0,"Local Read Blocks":0,"Local Dirtied Blocks":0,"Local Written Blocks":0,"Temp Read Blocks":0,"Temp Written Blocks":0,"I/O Read Time":0.0,"I/O Write Time":0.0,"Temp I/O Read Time":0.0,"Temp I/O Write Time":0.0}]},{"Node Type":"Index Scan","Parent Relationship":"Outer","Parallel Aware":false,"Async Capable":false,"Scan Direction":"Forward","Index Name":"supplier_pk","Relation Name":"supplier","Schema":"public","Alias":"supplier","Startup Cost":0.29,"Total Cost":490.34,"Plan Rows":10000,"Plan Width":64,"Actual Startup Time":0.02,"Actual Total Time":1.787,"Actual Rows":10000,"Actual Loops":1,"Output":["supplier.su_suppkey","supplier.su_name","supplier.su_address","supplier.su_nationkey","supplier.su_phone","supplier.su_acctbal","supplier.su_comment"],"Shared Hit Blocks":266,"Shared Read Blocks":0,"Shared Dirtied Blocks":0,"Shared Written Blocks":0,"Local Hit Blocks":0,"Local Read Blocks":0,"Local Dirtied Blocks":0,"Local Written Blocks":0,"Temp Read Blocks":0,"Temp Written Blocks":0,"I/O Read Time":0.0,"I/O Write Time":0.0,"Temp I/O Read Time":0.0,"Temp I/O Write Time":0.0},{"Node Type":"Sort","Parent Relationship":"Inner","Parallel Aware":false,"Async Capable":false,"Startup Cost":22807.55,"Total Cost":22820.05,"Plan Rows":5000,"Plan Width":36,"Actual Startup Time":4742.05,"Actual Total Time":4742.633,"Actual Rows":10000,"Actual Loops":1,"Output":["revenue.total_revenue","revenue.supplier_no"],"Sort Key":["revenue.supplier_no"],"Sort Method":"quicksort","Sort Space Used":853,"Sort Space Type":"Memory","Shared Hit Blocks":368222,"Shared Read Blocks":0,"Shared Dirtied Blocks":0,"Shared Written Blocks":0,"Local Hit Blocks":0,"Local Read Blocks":0,"Local Dirtied Blocks":0,"Local Written Blocks":0,"Temp Read Blocks":5286,"Temp Written Blocks":5307,"I/O Read Time":0.0,"I/O Write Time":0.0,"Temp I/O Read Time":8.067,"Temp I/O Write Time":14.33,"Plans":[{"Node Type":"CTE Scan","Parent Relationship":"Outer","Parallel Aware":false,"Async Capable":false,"CTE Name":"revenue","Alias":"revenue","Startup Cost":0.0,"Total Cost":22500.36,"Plan Rows":5000,"Plan Width":36,"Actual Startup Time":4738.276,"Actual Total Time":4739.816,"Actual Rows":10000,"Actual Loops":1,"Output":["revenue.total_revenue","revenue.supplier_no"],"Filter":"(revenue.total_revenue = $1)","Rows Removed by Filter":0,"Shared Hit Blocks":368222,"Shared Read Blocks":0,"Shared Dirtied Blocks":0,"Shared Written Blocks":0,"Local Hit Blocks":0,"Local Read Blocks":0,"Local Dirtied Blocks":0,"Local Written Blocks":0,"Temp Read Blocks":5286,"Temp Written Blocks":5307,"I/O Read Time":0.0,"I/O Write Time":0.0,"Temp I/O Read Time":8.067,"Temp I/O Write Time":14.33}]}]},"Planning":{"Shared Hit Blocks":0,"Shared Read Blocks":0,"Shared Dirtied Blocks":0,"Shared Written Blocks":0,"Local Hit Blocks":0,"Local Read Blocks":0,"Local Dirtied Blocks":0,"Local Written Blocks":0,"Temp Read Blocks":0,"Temp Written Blocks":0,"I/O Read Time":0.0,"I/O Write Time":0.0,"Temp I/O Read Time":0.0,"Temp I/O Write Time":0.0},"Planning Time":0.798,"Triggers":[],"Execution Time":4751.495}]
[列存组合]: order_line, stock, supplier
[{"Plan":{"Node Type":"Merge Join","Parallel Aware":false,"Async Capable":false,"Join Type":"Inner","Startup Cost":311761.81,"Total Cost":312351.86,"Plan Rows":5000,"Plan Width":96,"Actual Startup Time":1484.314,"Actual Total Time":1489.596,"Actual Rows":10000,"Actual Loops":1,"Output":["supplier.su_suppkey","supplier.su_name","supplier.su_address","supplier.su_phone","revenue.total_revenue"],"Merge Cond":"(supplier.su_suppkey = revenue.supplier_no)","Shared Hit Blocks":266,"Shared Read Blocks":0,"Shared Dirtied Blocks":0,"Shared Written Blocks":0,"Local Hit Blocks":0,"Local Read Blocks":0,"Local Dirtied Blocks":0,"Local Written Blocks":0,"Temp Read Blocks":0,"Temp Written Blocks":0,"I/O Read Time":0.0,"I/O Write Time":0.0,"Temp I/O Read Time":0.0,"Temp I/O Write Time":0.0,"Plans":[{"Node Type":"Aggregate","Strategy":"Hashed","Partial Mode":"Simple","Parent Relationship":"InitPlan","Subplan Name":"CTE revenue","Parallel Aware":false,"Async Capable":false,"Startup Cost":240832.98,"Total Cost":266453.61,"Plan Rows":1000016,"Plan Width":36,"Actual Startup Time":1475.349,"Actual Total Time":1477.305,"Actual Rows":10000,"Actual Loops":1,"Output":["(mod((stock.s_w_id * stock.s_i_id), 10000))","sum(order_line.ol_amount)"],"Group Key":["mod((stock.s_w_id * stock.s_i_id), 10000)"],"Planned Partitions":64,"HashAgg Batches":1,"Peak Memory Usage":4881,"Disk Usage":0,"Shared Hit Blocks":0,"Shared Read Blocks":0,"Shared Dirtied Blocks":0,"Shared Written Blocks":0,"Local Hit Blocks":0,"Local Read Blocks":0,"Local Dirtied Blocks":0,"Local Written Blocks":0,"Temp Read Blocks":0,"Temp Written Blocks":0,"I/O Read Time":0.0,"I/O Write Time":0.0,"Temp I/O Read Time":0.0,"Temp I/O Write Time":0.0,"Plans":[{"Node Type":"Result","Parent Relationship":"Outer","Parallel Aware":false,"Async Capable":false,"Startup Cost":29323.02,"Total Cost":182366.51,"Plan Rows":1039404,"Plan Width":8,"Actual Startup Time":859.825,"Actual Total Time":1277.969,"Actual Rows":1079542,"Actual Loops":1,"Output":["mod((stock.s_w_id * stock.s_i_id), 10000)","order_line.ol_amount"],"Shared Hit Blocks":0,"Shared Read Blocks":0,"Shared Dirtied Blocks":0,"Shared Written Blocks":0,"Local Hit Blocks":0,"Local Read Blocks":0,"Local Dirtied Blocks":0,"Local Written Blocks":0,"Temp Read Blocks":0,"Temp Written Blocks":0,"I/O Read Time":0.0,"I/O Write Time":0.0,"Temp I/O Read Time":0.0,"Temp I/O Write Time":0.0,"Plans":[{"Node Type":"Hash Join","Parent Relationship":"Outer","Parallel Aware":false,"Async Capable":false,"Join Type":"Inner","Startup Cost":29323.02,"Total Cost":177169.49,"Plan Rows":1039404,"Plan Width":10,"Actual Startup Time":859.818,"Actual Total Time":1178.053,"Actual Rows":1079542,"Actual Loops":1,"Output":["order_line.ol_amount","stock.s_w_id","stock.s_i_id"],"Hash Cond":"((order_line.ol_i_id = stock.s_i_id) AND (order_line.ol_supply_w_id = stock.s_w_id))","Rows Removed by Bloom Filter":0,"Shared Hit Blocks":0,"Shared Read Blocks":0,"Shared Dirtied Blocks":0,"Shared Written Blocks":0,"Local Hit Blocks":0,"Local Read Blocks":0,"Local Dirtied Blocks":0,"Local Written Blocks":0,"Temp Read Blocks":0,"Temp Written Blocks":0,"I/O Read Time":0.0,"I/O Write Time":0.0,"Temp I/O Read Time":0.0,"Temp I/O Write Time":0.0,"Plans":[{"Node Type":"Append","Parent Relationship":"Outer","Parallel Aware":false,"Async Capable":false,"Startup Cost":20.0,"Total Cost":22373.13,"Plan Rows":1039404,"Plan Width":10,"Actual Startup Time":11.385,"Actual Total Time":11.387,"Actual Rows":1079542,"Actual Loops":1,"Shared Hit Blocks":0,"Shared Read Blocks":0,"Shared Dirtied Blocks":0,"Shared Written Blocks":0,"Local Hit Blocks":0,"Local Read Blocks":0,"Local Dirtied Blocks":0,"Local Written Blocks":0,"Temp Read Blocks":0,"Temp Written Blocks":0,"I/O Read Time":0.0,"I/O Write Time":0.0,"Temp I/O Read Time":0.0,"Temp I/O Write Time":0.0,"Subplans Removed":0,"Plans":[{"Node Type":"Custom Scan","Parent Relationship":"Member","Custom Plan Provider":"columnar scan","Parallel Aware":false,"Async Capable":false,"Relation Name":"order_line","Schema":"public","Alias":"order_line","Startup Cost":20.0,"Total Cost":22368.23,"Plan Rows":1039402,"Plan Width":10,"Actual Startup Time":11.383,"Actual Total Time":11.384,"Actual Rows":1079542,"Actual Loops":1,"Output":["order_line.ol_amount","order_line.ol_i_id","order_line.ol_supply_w_id"],"Filter":"((order_line.ol_delivery_d < '1996-01-02 20:10:02.27764'::timestamp without time zone) AND (order_line.ol_delivery_d >= '1995-10-02 20:10:02.27764'::timestamp without time zone))","Rows Removed by Filter":0,"Rows Removed by Columnar Filter":28918190,"Columnar cache search mode":"native","Shared Hit Blocks":0,"Shared Read Blocks":0,"Shared Dirtied Blocks":0,"Shared Written Blocks":0,"Local Hit Blocks":0,"Local Read Blocks":0,"Local Dirtied Blocks":0,"Local Written Blocks":0,"Temp Read Blocks":0,"Temp Written Blocks":0,"I/O Read Time":0.0,"I/O Write Time":0.0,"Temp I/O Read Time":0.0,"Temp I/O Write Time":0.0},{"Node Type":"Seq Scan","Parent Relationship":"Member","Parallel Aware":false,"Async Capable":false,"Relation Name":"order_line","Schema":"public","Alias":"order_line","Startup Cost":0.0,"Total Cost":4.9,"Plan Rows":2,"Plan Width":10,"Actual Startup Time":0.0,"Actual Total Time":0.0,"Actual Rows":0,"Actual Loops":0,"Output":["order_line.ol_amount","order_line.ol_i_id","order_line.ol_supply_w_id"],"Filter":"((order_line.ol_delivery_d < '1996-01-02 20:10:02.27764'::timestamp without time zone) AND (order_line.ol_delivery_d >= '1995-10-02 20:10:02.27764'::timestamp without time zone))","Rows Removed by Filter":0,"Shared Hit Blocks":0,"Shared Read Blocks":0,"Shared Dirtied Blocks":0,"Shared Written Blocks":0,"Local Hit Blocks":0,"Local Read Blocks":0,"Local Dirtied Blocks":0,"Local Written Blocks":0,"Temp Read Blocks":0,"Temp Written Blocks":0,"I/O Read Time":0.0,"I/O Write Time":0.0,"Temp I/O Read Time":0.0,"Temp I/O Write Time":0.0}]},{"Node Type":"Hash","Parent Relationship":"Inner","Parallel Aware":false,"Async Capable":false,"Startup Cost":195025.67,"Total Cost":195025.67,"Plan Rows":10000162,"Plan Width":6,"Actual Rows":10000000,"Actual Loops":1,"Output":["stock.s_w_id","stock.s_i_id"],"Shared Hit Blocks":0,"Shared Read Blocks":0,"Shared Dirtied Blocks":0,"Shared Written Blocks":0,"Local Hit Blocks":0,"Local Read Blocks":0,"Local Dirtied Blocks":0,"Local Written Blocks":0,"Temp Read Blocks":0,"Temp Written Blocks":0,"I/O Read Time":0.0,"I/O Write Time":0.0,"Temp I/O Read Time":0.0,"Temp I/O Write Time":0.0,"Plans":[{"Node Type":"Append","Parent Relationship":"Outer","Parallel Aware":false,"Async Capable":false,"Startup Cost":20.0,"Total Cost":195025.67,"Plan Rows":10000162,"Plan Width":6,"Actual Startup Time":0.249,"Actual Total Time":0.25,"Actual Rows":10000000,"Actual Loops":1,"Shared Hit Blocks":0,"Shared Read Blocks":0,"Shared Dirtied Blocks":0,"Shared Written Blocks":0,"Local Hit Blocks":0,"Local Read Blocks":0,"Local Dirtied Blocks":0,"Local Written Blocks":0,"Temp Read Blocks":0,"Temp Written Blocks":0,"I/O Read Time":0.0,"I/O Write Time":0.0,"Temp I/O Read Time":0.0,"Temp I/O Write Time":0.0,"Subplans Removed":0,"Plans":[{"Node Type":"Custom Scan","Parent Relationship":"Member","Custom Plan Provider":"columnar scan","Parallel Aware":false,"Async Capable":false,"Relation Name":"stock","Schema":"public","Alias":"stock","Startup Cost":20.0,"Total Cost":195020.05,"Plan Rows":10000000,"Plan Width":6,"Actual Startup Time":0.248,"Actual Total Time":0.248,"Actual Rows":10000000,"Actual Loops":1,"Output":["stock.s_w_id","stock.s_i_id"],"Rows Removed by Columnar Filter":0,"Columnar cache search mode":"native","Shared Hit Blocks":0,"Shared Read Blocks":0,"Shared Dirtied Blocks":0,"Shared Written Blocks":0,"Local Hit Blocks":0,"Local Read Blocks":0,"Local Dirtied Blocks":0,"Local Written Blocks":0,"Temp Read Blocks":0,"Temp Written Blocks":0,"I/O Read Time":0.0,"I/O Write Time":0.0,"Temp I/O Read Time":0.0,"Temp I/O Write Time":0.0},{"Node Type":"Seq Scan","Parent Relationship":"Member","Parallel Aware":false,"Async Capable":false,"Relation Name":"stock","Schema":"public","Alias":"stock","Startup Cost":0.0,"Total Cost":5.62,"Plan Rows":162,"Plan Width":6,"Actual Startup Time":0.0,"Actual Total Time":0.0,"Actual Rows":0,"Actual Loops":0,"Output":["stock.s_w_id","stock.s_i_id"],"Shared Hit Blocks":0,"Shared Read Blocks":0,"Shared Dirtied Blocks":0,"Shared Written Blocks":0,"Local Hit Blocks":0,"Local Read Blocks":0,"Local Dirtied Blocks":0,"Local Written Blocks":0,"Temp Read Blocks":0,"Temp Written Blocks":0,"I/O Read Time":0.0,"I/O Write Time":0.0,"Temp I/O Read Time":0.0,"Temp I/O Write Time":0.0}]}]}]}]}]},{"Node Type":"Aggregate","Strategy":"Plain","Partial Mode":"Simple","Parent Relationship":"InitPlan","Subplan Name":"InitPlan 2 (returns $1)","Parallel Aware":false,"Async Capable":false,"Startup Cost":22500.36,"Total Cost":22500.37,"Plan Rows":1,"Plan Width":32,"Actual Startup Time":5.175,"Actual Total Time":5.175,"Actual Rows":1,"Actual Loops":1,"Output":["max(revenue_1.total_revenue)"],"Shared Hit Blocks":0,"Shared Read Blocks":0,"Shared Dirtied Blocks":0,"Shared Written Blocks":0,"Local Hit Blocks":0,"Local Read Blocks":0,"Local Dirtied Blocks":0,"Local Written Blocks":0,"Temp Read Blocks":0,"Temp Written Blocks":0,"I/O Read Time":0.0,"I/O Write Time":0.0,"Temp I/O Read Time":0.0,"Temp I/O Write Time":0.0,"Plans":[{"Node Type":"CTE Scan","Parent Relationship":"Outer","Parallel Aware":false,"Async Capable":false,"CTE Name":"revenue","Alias":"revenue_1","Startup Cost":0.0,"Total Cost":20000.32,"Plan Rows":1000016,"Plan Width":32,"Actual Startup Time":0.001,"Actual Total Time":3.98,"Actual Rows":10000,"Actual Loops":1,"Output":["revenue_1.supplier_no","revenue_1.total_revenue"],"Shared Hit Blocks":0,"Shared Read Blocks":0,"Shared Dirtied Blocks":0,"Shared Written Blocks":0,"Local Hit Blocks":0,"Local Read Blocks":0,"Local Dirtied Blocks":0,"Local Written Blocks":0,"Temp Read Blocks":0,"Temp Written Blocks":0,"I/O Read Time":0.0,"I/O Write Time":0.0,"Temp I/O Read Time":0.0,"Temp I/O Write Time":0.0}]},{"Node Type":"Index Scan","Parent Relationship":"Outer","Parallel Aware":false,"Async Capable":false,"Scan Direction":"Forward","Index Name":"supplier_pk","Relation Name":"supplier","Schema":"public","Alias":"supplier","Startup Cost":0.29,"Total Cost":490.34,"Plan Rows":10000,"Plan Width":64,"Actual Startup Time":0.018,"Actual Total Time":1.817,"Actual Rows":10000,"Actual Loops":1,"Output":["supplier.su_suppkey","supplier.su_name","supplier.su_address","supplier.su_nationkey","supplier.su_phone","supplier.su_acctbal","supplier.su_comment"],"Shared Hit Blocks":266,"Shared Read Blocks":0,"Shared Dirtied Blocks":0,"Shared Written Blocks":0,"Local Hit Blocks":0,"Local Read Blocks":0,"Local Dirtied Blocks":0,"Local Written Blocks":0,"Temp Read Blocks":0,"Temp Written Blocks":0,"I/O Read Time":0.0,"I/O Write Time":0.0,"Temp I/O Read Time":0.0,"Temp I/O Write Time":0.0},{"Node Type":"Sort","Parent Relationship":"Inner","Parallel Aware":false,"Async Capable":false,"Startup Cost":22807.55,"Total Cost":22820.05,"Plan Rows":5000,"Plan Width":36,"Actual Startup Time":1484.289,"Actual Total Time":1484.873,"Actual Rows":10000,"Actual Loops":1,"Output":["revenue.total_revenue","revenue.supplier_no"],"Sort Key":["revenue.supplier_no"],"Sort Method":"quicksort","Sort Space Used":853,"Sort Space Type":"Memory","Shared Hit Blocks":0,"Shared Read Blocks":0,"Shared Dirtied Blocks":0,"Shared Written Blocks":0,"Local Hit Blocks":0,"Local Read Blocks":0,"Local Dirtied Blocks":0,"Local Written Blocks":0,"Temp Read Blocks":0,"Temp Written Blocks":0,"I/O Read Time":0.0,"I/O Write Time":0.0,"Temp I/O Read Time":0.0,"Temp I/O Write Time":0.0,"Plans":[{"Node Type":"CTE Scan","Parent Relationship":"Outer","Parallel Aware":false,"Async Capable":false,"CTE Name":"revenue","Alias":"revenue","Startup Cost":0.0,"Total Cost":22500.36,"Plan Rows":5000,"Plan Width":36,"Actual Startup Time":1480.53,"Actual Total Time":1482.074,"Actual Rows":10000,"Actual Loops":1,"Output":["revenue.total_revenue","revenue.supplier_no"],"Filter":"(revenue.total_revenue = $1)","Rows Removed by Filter":0,"Shared Hit Blocks":0,"Shared Read Blocks":0,"Shared Dirtied Blocks":0,"Shared Written Blocks":0,"Local Hit Blocks":0,"Local Read Blocks":0,"Local Dirtied Blocks":0,"Local Written Blocks":0,"Temp Read Blocks":0,"Temp Written Blocks":0,"I/O Read Time":0.0,"I/O Write Time":0.0,"Temp I/O Read Time":0.0,"Temp I/O Write Time":0.0}]}]},"Planning":{"Shared Hit Blocks":0,"Shared Read Blocks":0,"Shared Dirtied Blocks":0,"Shared Written Blocks":0,"Local Hit Blocks":0,"Local Read Blocks":0,"Local Dirtied Blocks":0,"Local Written Blocks":0,"Temp Read Blocks":0,"Temp Written Blocks":0,"I/O Read Time":0.0,"I/O Write Time":0.0,"Temp I/O Read Time":0.0,"Temp I/O Write Time":0.0},"Planning Time":1.091,"Triggers":[],"Execution Time":1490.371}]
