[列存组合]: 无列存
[{"Plan":{"Node Type":"Limit","Parallel Aware":false,"Async Capable":false,"Startup Cost":1466763.34,"Total Cost":1466765.84,"Plan Rows":1000,"Plan Width":71,"Actual Startup Time":29089.946,"Actual Total Time":29090.061,"Actual Rows":1000,"Actual Loops":1,"Output":["item.i_name","(substr((item.i_data)::text, 1, 3))","item.i_price","(count(DISTINCT mod((stock.s_w_id * stock.s_i_id), 10000)))"],"Shared Hit Blocks":28920,"Shared Read Blocks":0,"Shared Dirtied Blocks":0,"Shared Written Blocks":0,"Local Hit Blocks":0,"Local Read Blocks":0,"Local Dirtied Blocks":0,"Local Written Blocks":0,"Temp Read Blocks":215659,"Temp Written Blocks":215936,"I/O Read Time":0.0,"I/O Write Time":0.0,"Temp I/O Read Time":323.879,"Temp I/O Write Time":564.292,"Plans":[{"Node Type":"Sort","Parent Relationship":"Outer","Parallel Aware":false,"Async Capable":false,"Startup Cost":1466763.34,"Total Cost":1467013.31,"Plan Rows":99990,"Plan Width":71,"Actual Startup Time":29089.944,"Actual Total Time":29089.99,"Actual Rows":1000,"Actual Loops":1,"Output":["item.i_name","(substr((item.i_data)::text, 1, 3))","item.i_price","(count(DISTINCT mod((stock.s_w_id * stock.s_i_id), 10000)))"],"Sort Key":["(count(DISTINCT mod((stock.s_w_id * stock.s_i_id), 10000))) DESC"],"Sort Method":"top-N heapsort","Sort Space Used":128,"Sort Space Type":"Memory","Shared Hit Blocks":28920,"Shared Read Blocks":0,"Shared Dirtied Blocks":0,"Shared Written Blocks":0,"Local Hit Blocks":0,"Local Read Blocks":0,"Local Dirtied Blocks":0,"Local Written Blocks":0,"Temp Read Blocks":215659,"Temp Written Blocks":215936,"I/O Read Time":0.0,"I/O Write Time":0.0,"Temp I/O Read Time":323.879,"Temp I/O Write Time":564.292,"Plans":[{"Node Type":"Aggregate","Strategy":"Sorted","Partial Mode":"Simple","Parent Relationship":"Outer","Parallel Aware":false,"Async Capable":false,"Startup Cost":1372538.45,"Total Cost":1461280.99,"Plan Rows":99990,"Plan Width":71,"Actual Startup Time":24734.733,"Actual Total Time":29071.245,"Actual Rows":99976,"Actual Loops":1,"Output":["item.i_name","(substr((item.i_data)::text, 1, 3))","item.i_price","count(DISTINCT mod((stock.s_w_id * stock.s_i_id), 10000))"],"Group Key":["item.i_name","(substr((item.i_data)::text, 1, 3))","item.i_price"],"Shared Hit Blocks":28920,"Shared Read Blocks":0,"Shared Dirtied Blocks":0,"Shared Written Blocks":0,"Local Hit Blocks":0,"Local Read Blocks":0,"Local Dirtied Blocks":0,"Local Written Blocks":0,"Temp Read Blocks":215659,"Temp Written Blocks":215936,"I/O Read Time":0.0,"I/O Write Time":0.0,"Temp I/O Read Time":323.879,"Temp I/O Write Time":564.292,"Plans":[{"Node Type":"Sort","Parent Relationship":"Outer","Parallel Aware":false,"Async Capable":false,"Startup Cost":1372538.45,"Total Cost":1385037.4,"Plan Rows":4999581,"Plan Width":69,"Actual Startup Time":24734.634,"Actual Total Time":26121.538,"Actual Rows":9997600,"Actual Loops":1,"Output":["item.i_name","(substr((item.i_data)::text, 1, 3))","item.i_price","stock.s_w_id","stock.s_i_id"],"Sort Key":["item.i_name","(substr((item.i_data)::text, 1, 3))","item.i_price"],"Sort Method":"external merge","Sort Space Used":527960,"Sort Space Type":"Disk","Shared Hit Blocks":28920,"Shared Read Blocks":0,"Shared Dirtied Blocks":0,"Shared Written Blocks":0,"Local Hit Blocks":0,"Local Read Blocks":0,"Local Dirtied Blocks":0,"Local Written Blocks":0,"Temp Read Blocks":215659,"Temp Written Blocks":215936,"I/O Read Time":0.0,"I/O Write Time":0.0,"Temp I/O Read Time":323.879,"Temp I/O Write Time":564.292,"Plans":[{"Node Type":"Hash Join","Parent Relationship":"Outer","Parallel Aware":false,"Async Capable":false,"Join Type":"Inner","Startup Cost":5477.31,"Total Cost":406127.68,"Plan Rows":4999581,"Plan Width":69,"Actual Startup Time":38.134,"Actual Total Time":4754.091,"Actual Rows":9997600,"Actual Loops":1,"Output":["item.i_name","substr((item.i_data)::text, 1, 3)","item.i_price","stock.s_w_id","stock.s_i_id"],"Inner Unique":true,"Hash Cond":"(stock.s_i_id = item.i_id)","Shared Hit Blocks":28920,"Shared Read Blocks":0,"Shared Dirtied Blocks":0,"Shared Written Blocks":0,"Local Hit Blocks":0,"Local Read Blocks":0,"Local Dirtied Blocks":0,"Local Written Blocks":0,"Temp Read Blocks":17693,"Temp Written Blocks":17693,"I/O Read Time":0.0,"I/O Write Time":0.0,"Temp I/O Read Time":29.51,"Temp I/O Write Time":75.795,"Plans":[{"Node Type":"Index Only Scan","Parent Relationship":"Outer","Parallel Aware":false,"Async Capable":false,"Scan Direction":"Forward","Index Name":"stock_pk","Relation Name":"stock","Schema":"public","Alias":"stock","Startup Cost":342.44,"Total Cost":335034.08,"Plan Rows":5000081,"Plan Width":6,"Actual Startup Time":1.797,"Actual Total Time":988.732,"Actual Rows":10000000,"Actual Loops":1,"Output":["stock.s_w_id","stock.s_i_id"],"Filter":"(NOT (hashed SubPlan 1))","Rows Removed by Filter":0,"Heap Fetches":0,"Shared Hit Blocks":27555,"Shared Read Blocks":0,"Shared Dirtied Blocks":0,"Shared Written Blocks":0,"Local Hit Blocks":0,"Local Read Blocks":0,"Local Dirtied Blocks":0,"Local Written Blocks":0,"Temp Read Blocks":0,"Temp Written Blocks":0,"I/O Read Time":0.0,"I/O Write Time":0.0,"Temp I/O Read Time":0.0,"Temp I/O Write Time":0.0,"Plans":[{"Node Type":"Seq Scan","Parent Relationship":"SubPlan","Subplan Name":"SubPlan 1","Parallel Aware":false,"Async Capable":false,"Relation Name":"supplier","Schema":"public","Alias":"supplier","Startup Cost":0.0,"Total Cost":342.0,"Plan Rows":1,"Plan Width":4,"Actual Startup Time":1.778,"Actual Total Time":1.779,"Actual Rows":0,"Actual Loops":1,"Output":["supplier.su_suppkey"],"Filter":"((supplier.su_comment)::text ~~ '%bad%'::text)","Rows Removed by Filter":10000,"Shared Hit Blocks":217,"Shared Read Blocks":0,"Shared Dirtied Blocks":0,"Shared Written Blocks":0,"Local Hit Blocks":0,"Local Read Blocks":0,"Local Dirtied Blocks":0,"Local Written Blocks":0,"Temp Read Blocks":0,"Temp Written Blocks":0,"I/O Read Time":0.0,"I/O Write Time":0.0,"Temp I/O Read Time":0.0,"Temp I/O Write Time":0.0}]},{"Node Type":"Hash","Parent Relationship":"Inner","Parallel Aware":false,"Async Capable":false,"Startup Cost":2615.0,"Total Cost":2615.0,"Plan Rows":99990,"Plan Width":74,"Actual Startup Time":36.187,"Actual Total Time":36.19,"Actual Rows":99976,"Actual Loops":1,"Output":["item.i_name","item.i_data","item.i_price","item.i_id"],"Hash Buckets":131072,"Original Hash Buckets":131072,"Hash Batches":2,"Original Hash Batches":2,"Peak Memory Usage":6334,"Shared Hit Blocks":1365,"Shared Read Blocks":0,"Shared Dirtied Blocks":0,"Shared Written Blocks":0,"Local Hit Blocks":0,"Local Read Blocks":0,"Local Dirtied Blocks":0,"Local Written Blocks":0,"Temp Read Blocks":0,"Temp Written Blocks":591,"I/O Read Time":0.0,"I/O Write Time":0.0,"Temp I/O Read Time":0.0,"Temp I/O Write Time":2.247,"Plans":[{"Node Type":"Seq Scan","Parent Relationship":"Outer","Parallel Aware":false,"Async Capable":false,"Relation Name":"item","Schema":"public","Alias":"item","Startup Cost":0.0,"Total Cost":2615.0,"Plan Rows":99990,"Plan Width":74,"Actual Startup Time":0.008,"Actual Total Time":15.989,"Actual Rows":99976,"Actual Loops":1,"Output":["item.i_name","item.i_data","item.i_price","item.i_id"],"Filter":"((item.i_data)::text !~~ 'zz%'::text)","Rows Removed by Filter":24,"Shared Hit Blocks":1365,"Shared Read Blocks":0,"Shared Dirtied Blocks":0,"Shared Written Blocks":0,"Local Hit Blocks":0,"Local Read Blocks":0,"Local Dirtied Blocks":0,"Local Written Blocks":0,"Temp Read Blocks":0,"Temp Written Blocks":0,"I/O Read Time":0.0,"I/O Write Time":0.0,"Temp I/O Read Time":0.0,"Temp I/O Write Time":0.0}]}]}]}]}]}]},"Planning":{"Shared Hit Blocks":13,"Shared Read Blocks":0,"Shared Dirtied Blocks":0,"Shared Written Blocks":0,"Local Hit Blocks":0,"Local Read Blocks":0,"Local Dirtied Blocks":0,"Local Written Blocks":0,"Temp Read Blocks":0,"Temp Written Blocks":0,"I/O Read Time":0.0,"I/O Write Time":0.0,"Temp I/O Read Time":0.0,"Temp I/O Write Time":0.0},"Planning Time":0.291,"Triggers":[],"Execution Time":29168.913}]
[列存组合]: item
[{"Plan":{"Node Type":"Limit","Parallel Aware":false,"Async Capable":false,"Startup Cost":1466712.08,"Total Cost":1466714.58,"Plan Rows":1000,"Plan Width":71,"Actual Startup Time":29041.01,"Actual Total Time":29041.128,"Actual Rows":1000,"Actual Loops":1,"Output":["item.i_name","(substr((item.i_data)::text, 1, 3))","item.i_price","(count(DISTINCT mod((stock.s_w_id * stock.s_i_id), 10000)))"],"Shared Hit Blocks":27555,"Shared Read Blocks":0,"Shared Dirtied Blocks":0,"Shared Written Blocks":0,"Local Hit Blocks":0,"Local Read Blocks":0,"Local Dirtied Blocks":0,"Local Written Blocks":0,"Temp Read Blocks":215659,"Temp Written Blocks":215936,"I/O Read Time":0.0,"I/O Write Time":0.0,"Temp I/O Read Time":325.345,"Temp I/O Write Time":555.729,"Plans":[{"Node Type":"Sort","Parent Relationship":"Outer","Parallel Aware":false,"Async Capable":false,"Startup Cost":1466712.08,"Total Cost":1466962.05,"Plan Rows":99990,"Plan Width":71,"Actual Startup Time":29041.007,"Actual Total Time":29041.055,"Actual Rows":1000,"Actual Loops":1,"Output":["item.i_name","(substr((item.i_data)::text, 1, 3))","item.i_price","(count(DISTINCT mod((stock.s_w_id * stock.s_i_id), 10000)))"],"Sort Key":["(count(DISTINCT mod((stock.s_w_id * stock.s_i_id), 10000))) DESC"],"Sort Method":"top-N heapsort","Sort Space Used":128,"Sort Space Type":"Memory","Shared Hit Blocks":27555,"Shared Read Blocks":0,"Shared Dirtied Blocks":0,"Shared Written Blocks":0,"Local Hit Blocks":0,"Local Read Blocks":0,"Local Dirtied Blocks":0,"Local Written Blocks":0,"Temp Read Blocks":215659,"Temp Written Blocks":215936,"I/O Read Time":0.0,"I/O Write Time":0.0,"Temp I/O Read Time":325.345,"Temp I/O Write Time":555.729,"Plans":[{"Node Type":"Aggregate","Strategy":"Sorted","Partial Mode":"Simple","Parent Relationship":"Outer","Parallel Aware":false,"Async Capable":false,"Startup Cost":1372487.19,"Total Cost":1461229.73,"Plan Rows":99990,"Plan Width":71,"Actual Startup Time":24738.024,"Actual Total Time":29022.456,"Actual Rows":99976,"Actual Loops":1,"Output":["item.i_name","(substr((item.i_data)::text, 1, 3))","item.i_price","count(DISTINCT mod((stock.s_w_id * stock.s_i_id), 10000))"],"Group Key":["item.i_name","(substr((item.i_data)::text, 1, 3))","item.i_price"],"Shared Hit Blocks":27555,"Shared Read Blocks":0,"Shared Dirtied Blocks":0,"Shared Written Blocks":0,"Local Hit Blocks":0,"Local Read Blocks":0,"Local Dirtied Blocks":0,"Local Written Blocks":0,"Temp Read Blocks":215659,"Temp Written Blocks":215936,"I/O Read Time":0.0,"I/O Write Time":0.0,"Temp I/O Read Time":325.345,"Temp I/O Write Time":555.729,"Plans":[{"Node Type":"Sort","Parent Relationship":"Outer","Parallel Aware":false,"Async Capable":false,"Startup Cost":1372487.19,"Total Cost":1384986.14,"Plan Rows":4999581,"Plan Width":69,"Actual Startup Time":24737.92,"Actual Total Time":26132.041,"Actual Rows":9997600,"Actual Loops":1,"Output":["item.i_name","(substr((item.i_data)::text, 1, 3))","item.i_price","stock.s_w_id","stock.s_i_id"],"Sort Key":["item.i_name","(substr((item.i_data)::text, 1, 3))","item.i_price"],"Sort Method":"external merge","Sort Space Used":527960,"Sort Space Type":"Disk","Shared Hit Blocks":27555,"Shared Read Blocks":0,"Shared Dirtied Blocks":0,"Shared Written Blocks":0,"Local Hit Blocks":0,"Local Read Blocks":0,"Local Dirtied Blocks":0,"Local Written Blocks":0,"Temp Read Blocks":215659,"Temp Written Blocks":215936,"I/O Read Time":0.0,"I/O Write Time":0.0,"Temp I/O Read Time":325.345,"Temp I/O Write Time":555.729,"Plans":[{"Node Type":"Hash Join","Parent Relationship":"Outer","Parallel Aware":false,"Async Capable":false,"Join Type":"Inner","Startup Cost":5426.05,"Total Cost":406076.42,"Plan Rows":4999581,"Plan Width":69,"Actual Startup Time":56.079,"Actual Total Time":4763.633,"Actual Rows":9997600,"Actual Loops":1,"Output":["item.i_name","substr((item.i_data)::text, 1, 3)","item.i_price","stock.s_w_id","stock.s_i_id"],"Inner Unique":true,"Hash Cond":"(stock.s_i_id = item.i_id)","Shared Hit Blocks":27555,"Shared Read Blocks":0,"Shared Dirtied Blocks":0,"Shared Written Blocks":0,"Local Hit Blocks":0,"Local Read Blocks":0,"Local Dirtied Blocks":0,"Local Written Blocks":0,"Temp Read Blocks":17693,"Temp Written Blocks":17693,"I/O Read Time":0.0,"I/O Write Time":0.0,"Temp I/O Read Time":29.727,"Temp I/O Write Time":75.465,"Plans":[{"Node Type":"Index Only Scan","Parent Relationship":"Outer","Parallel Aware":false,"Async Capable":false,"Scan Direction":"Forward","Index Name":"stock_pk","Relation Name":"stock","Schema":"public","Alias":"stock","Startup Cost":342.44,"Total Cost":335034.08,"Plan Rows":5000081,"Plan Width":6,"Actual Startup Time":1.899,"Actual Total Time":988.579,"Actual Rows":10000000,"Actual Loops":1,"Output":["stock.s_w_id","stock.s_i_id"],"Filter":"(NOT (hashed SubPlan 1))","Rows Removed by Filter":0,"Heap Fetches":0,"Shared Hit Blocks":27555,"Shared Read Blocks":0,"Shared Dirtied Blocks":0,"Shared Written Blocks":0,"Local Hit Blocks":0,"Local Read Blocks":0,"Local Dirtied Blocks":0,"Local Written Blocks":0,"Temp Read Blocks":0,"Temp Written Blocks":0,"I/O Read Time":0.0,"I/O Write Time":0.0,"Temp I/O Read Time":0.0,"Temp I/O Write Time":0.0,"Plans":[{"Node Type":"Seq Scan","Parent Relationship":"SubPlan","Subplan Name":"SubPlan 1","Parallel Aware":false,"Async Capable":false,"Relation Name":"supplier","Schema":"public","Alias":"supplier","Startup Cost":0.0,"Total Cost":342.0,"Plan Rows":1,"Plan Width":4,"Actual Startup Time":1.866,"Actual Total Time":1.868,"Actual Rows":0,"Actual Loops":1,"Output":["supplier.su_suppkey"],"Filter":"((supplier.su_comment)::text ~~ '%bad%'::text)","Rows Removed by Filter":10000,"Shared Hit Blocks":217,"Shared Read Blocks":0,"Shared Dirtied Blocks":0,"Shared Written Blocks":0,"Local Hit Blocks":0,"Local Read Blocks":0,"Local Dirtied Blocks":0,"Local Written Blocks":0,"Temp Read Blocks":0,"Temp Written Blocks":0,"I/O Read Time":0.0,"I/O Write Time":0.0,"Temp I/O Read Time":0.0,"Temp I/O Write Time":0.0}]},{"Node Type":"Hash","Parent Relationship":"Inner","Parallel Aware":false,"Async Capable":false,"Startup Cost":2563.73,"Total Cost":2563.73,"Plan Rows":99991,"Plan Width":74,"Actual Startup Time":53.819,"Actual Total Time":53.825,"Actual Rows":99976,"Actual Loops":1,"Output":["item.i_name","item.i_data","item.i_price","item.i_id"],"Hash Buckets":131072,"Original Hash Buckets":131072,"Hash Batches":2,"Original Hash Batches":2,"Peak Memory Usage":6334,"Shared Hit Blocks":0,"Shared Read Blocks":0,"Shared Dirtied Blocks":0,"Shared Written Blocks":0,"Local Hit Blocks":0,"Local Read Blocks":0,"Local Dirtied Blocks":0,"Local Written Blocks":0,"Temp Read Blocks":0,"Temp Written Blocks":591,"I/O Read Time":0.0,"I/O Write Time":0.0,"Temp I/O Read Time":0.0,"Temp I/O Write Time":2.165,"Plans":[{"Node Type":"Append","Parent Relationship":"Outer","Parallel Aware":false,"Async Capable":false,"Startup Cost":20.0,"Total Cost":2563.73,"Plan Rows":99991,"Plan Width":74,"Actual Startup Time":2.195,"Actual Total Time":27.458,"Actual Rows":99976,"Actual Loops":1,"Shared Hit Blocks":0,"Shared Read Blocks":0,"Shared Dirtied Blocks":0,"Shared Written Blocks":0,"Local Hit Blocks":0,"Local Read Blocks":0,"Local Dirtied Blocks":0,"Local Written Blocks":0,"Temp Read Blocks":0,"Temp Written Blocks":0,"I/O Read Time":0.0,"I/O Write Time":0.0,"Temp I/O Read Time":0.0,"Temp I/O Write Time":0.0,"Subplans Removed":0,"Plans":[{"Node Type":"Custom Scan","Parent Relationship":"Member","Custom Plan Provider":"columnar scan","Parallel Aware":false,"Async Capable":false,"Relation Name":"item","Schema":"public","Alias":"item","Startup Cost":20.0,"Total Cost":2369.77,"Plan Rows":99990,"Plan Width":74,"Actual Startup Time":2.193,"Actual Total Time":20.031,"Actual Rows":99976,"Actual Loops":1,"Output":["item.i_name","item.i_data","item.i_price","item.i_id"],"Filter":"((item.i_data)::text !~~ 'zz%'::text)","Rows Removed by Filter":0,"Rows Removed by Columnar Filter":24,"Columnar cache search mode":"native","Shared Hit Blocks":0,"Shared Read Blocks":0,"Shared Dirtied Blocks":0,"Shared Written Blocks":0,"Local Hit Blocks":0,"Local Read Blocks":0,"Local Dirtied Blocks":0,"Local Written Blocks":0,"Temp Read Blocks":0,"Temp Written Blocks":0,"I/O Read Time":0.0,"I/O Write Time":0.0,"Temp I/O Read Time":0.0,"Temp I/O Write Time":0.0},{"Node Type":"Seq Scan","Parent Relationship":"Member","Parallel Aware":false,"Async Capable":false,"Relation Name":"item","Schema":"public","Alias":"item","Startup Cost":0.0,"Total Cost":4.01,"Plan Rows":1,"Plan Width":74,"Actual Startup Time":0.0,"Actual Total Time":0.0,"Actual Rows":0,"Actual Loops":0,"Output":["item.i_name","item.i_data","item.i_price","item.i_id"],"Filter":"((item.i_data)::text !~~ 'zz%'::text)","Rows Removed by Filter":0,"Shared Hit Blocks":0,"Shared Read Blocks":0,"Shared Dirtied Blocks":0,"Shared Written Blocks":0,"Local Hit Blocks":0,"Local Read Blocks":0,"Local Dirtied Blocks":0,"Local Written Blocks":0,"Temp Read Blocks":0,"Temp Written Blocks":0,"I/O Read Time":0.0,"I/O Write Time":0.0,"Temp I/O Read Time":0.0,"Temp I/O Write Time":0.0}]}]}]}]}]}]}]},"Planning":{"Shared Hit Blocks":8,"Shared Read Blocks":0,"Shared Dirtied Blocks":0,"Shared Written Blocks":0,"Local Hit Blocks":0,"Local Read Blocks":0,"Local Dirtied Blocks":0,"Local Written Blocks":0,"Temp Read Blocks":0,"Temp Written Blocks":0,"I/O Read Time":0.0,"I/O Write Time":0.0,"Temp I/O Read Time":0.0,"Temp I/O Write Time":0.0},"Planning Time":0.387,"Triggers":[],"Execution Time":29120.034}]
[列存组合]: stock
[{"Plan":{"Node Type":"Limit","Parallel Aware":false,"Async Capable":false,"Startup Cost":1466763.34,"Total Cost":1466765.84,"Plan Rows":1000,"Plan Width":71,"Actual Startup Time":29087.675,"Actual Total Time":29087.792,"Actual Rows":1000,"Actual Loops":1,"Output":["item.i_name","(substr((item.i_data)::text, 1, 3))","item.i_price","(count(DISTINCT mod((stock.s_w_id * stock.s_i_id), 10000)))"],"Shared Hit Blocks":28920,"Shared Read Blocks":0,"Shared Dirtied Blocks":0,"Shared Written Blocks":0,"Local Hit Blocks":0,"Local Read Blocks":0,"Local Dirtied Blocks":0,"Local Written Blocks":0,"Temp Read Blocks":215659,"Temp Written Blocks":215936,"I/O Read Time":0.0,"I/O Write Time":0.0,"Temp I/O Read Time":324.357,"Temp I/O Write Time":568.371,"Plans":[{"Node Type":"Sort","Parent Relationship":"Outer","Parallel Aware":false,"Async Capable":false,"Startup Cost":1466763.34,"Total Cost":1467013.31,"Plan Rows":99990,"Plan Width":71,"Actual Startup Time":29087.673,"Actual Total Time":29087.719,"Actual Rows":1000,"Actual Loops":1,"Output":["item.i_name","(substr((item.i_data)::text, 1, 3))","item.i_price","(count(DISTINCT mod((stock.s_w_id * stock.s_i_id), 10000)))"],"Sort Key":["(count(DISTINCT mod((stock.s_w_id * stock.s_i_id), 10000))) DESC"],"Sort Method":"top-N heapsort","Sort Space Used":128,"Sort Space Type":"Memory","Shared Hit Blocks":28920,"Shared Read Blocks":0,"Shared Dirtied Blocks":0,"Shared Written Blocks":0,"Local Hit Blocks":0,"Local Read Blocks":0,"Local Dirtied Blocks":0,"Local Written Blocks":0,"Temp Read Blocks":215659,"Temp Written Blocks":215936,"I/O Read Time":0.0,"I/O Write Time":0.0,"Temp I/O Read Time":324.357,"Temp I/O Write Time":568.371,"Plans":[{"Node Type":"Aggregate","Strategy":"Sorted","Partial Mode":"Simple","Parent Relationship":"Outer","Parallel Aware":false,"Async Capable":false,"Startup Cost":1372538.45,"Total Cost":1461280.99,"Plan Rows":99990,"Plan Width":71,"Actual Startup Time":24735.007,"Actual Total Time":29068.849,"Actual Rows":99976,"Actual Loops":1,"Output":["item.i_name","(substr((item.i_data)::text, 1, 3))","item.i_price","count(DISTINCT mod((stock.s_w_id * stock.s_i_id), 10000))"],"Group Key":["item.i_name","(substr((item.i_data)::text, 1, 3))","item.i_price"],"Shared Hit Blocks":28920,"Shared Read Blocks":0,"Shared Dirtied Blocks":0,"Shared Written Blocks":0,"Local Hit Blocks":0,"Local Read Blocks":0,"Local Dirtied Blocks":0,"Local Written Blocks":0,"Temp Read Blocks":215659,"Temp Written Blocks":215936,"I/O Read Time":0.0,"I/O Write Time":0.0,"Temp I/O Read Time":324.357,"Temp I/O Write Time":568.371,"Plans":[{"Node Type":"Sort","Parent Relationship":"Outer","Parallel Aware":false,"Async Capable":false,"Startup Cost":1372538.45,"Total Cost":1385037.4,"Plan Rows":4999581,"Plan Width":69,"Actual Startup Time":24734.91,"Actual Total Time":26124.967,"Actual Rows":9997600,"Actual Loops":1,"Output":["item.i_name","(substr((item.i_data)::text, 1, 3))","item.i_price","stock.s_w_id","stock.s_i_id"],"Sort Key":["item.i_name","(substr((item.i_data)::text, 1, 3))","item.i_price"],"Sort Method":"external merge","Sort Space Used":527960,"Sort Space Type":"Disk","Shared Hit Blocks":28920,"Shared Read Blocks":0,"Shared Dirtied Blocks":0,"Shared Written Blocks":0,"Local Hit Blocks":0,"Local Read Blocks":0,"Local Dirtied Blocks":0,"Local Written Blocks":0,"Temp Read Blocks":215659,"Temp Written Blocks":215936,"I/O Read Time":0.0,"I/O Write Time":0.0,"Temp I/O Read Time":324.357,"Temp I/O Write Time":568.371,"Plans":[{"Node Type":"Hash Join","Parent Relationship":"Outer","Parallel Aware":false,"Async Capable":false,"Join Type":"Inner","Startup Cost":5477.31,"Total Cost":406127.68,"Plan Rows":4999581,"Plan Width":69,"Actual Startup Time":38.851,"Actual Total Time":4752.814,"Actual Rows":9997600,"Actual Loops":1,"Output":["item.i_name","substr((item.i_data)::text, 1, 3)","item.i_price","stock.s_w_id","stock.s_i_id"],"Inner Unique":true,"Hash Cond":"(stock.s_i_id = item.i_id)","Shared Hit Blocks":28920,"Shared Read Blocks":0,"Shared Dirtied Blocks":0,"Shared Written Blocks":0,"Local Hit Blocks":0,"Local Read Blocks":0,"Local Dirtied Blocks":0,"Local Written Blocks":0,"Temp Read Blocks":17693,"Temp Written Blocks":17693,"I/O Read Time":0.0,"I/O Write Time":0.0,"Temp I/O Read Time":29.53,"Temp I/O Write Time":77.682,"Plans":[{"Node Type":"Index Only Scan","Parent Relationship":"Outer","Parallel Aware":false,"Async Capable":false,"Scan Direction":"Forward","Index Name":"stock_pk","Relation Name":"stock","Schema":"public","Alias":"stock","Startup Cost":342.44,"Total Cost":335034.08,"Plan Rows":5000081,"Plan Width":6,"Actual Startup Time":1.897,"Actual Total Time":990.36,"Actual Rows":10000000,"Actual Loops":1,"Output":["stock.s_w_id","stock.s_i_id"],"Filter":"(NOT (hashed SubPlan 1))","Rows Removed by Filter":0,"Heap Fetches":0,"Shared Hit Blocks":27555,"Shared Read Blocks":0,"Shared Dirtied Blocks":0,"Shared Written Blocks":0,"Local Hit Blocks":0,"Local Read Blocks":0,"Local Dirtied Blocks":0,"Local Written Blocks":0,"Temp Read Blocks":0,"Temp Written Blocks":0,"I/O Read Time":0.0,"I/O Write Time":0.0,"Temp I/O Read Time":0.0,"Temp I/O Write Time":0.0,"Plans":[{"Node Type":"Seq Scan","Parent Relationship":"SubPlan","Subplan Name":"SubPlan 1","Parallel Aware":false,"Async Capable":false,"Relation Name":"supplier","Schema":"public","Alias":"supplier","Startup Cost":0.0,"Total Cost":342.0,"Plan Rows":1,"Plan Width":4,"Actual Startup Time":1.873,"Actual Total Time":1.874,"Actual Rows":0,"Actual Loops":1,"Output":["supplier.su_suppkey"],"Filter":"((supplier.su_comment)::text ~~ '%bad%'::text)","Rows Removed by Filter":10000,"Shared Hit Blocks":217,"Shared Read Blocks":0,"Shared Dirtied Blocks":0,"Shared Written Blocks":0,"Local Hit Blocks":0,"Local Read Blocks":0,"Local Dirtied Blocks":0,"Local Written Blocks":0,"Temp Read Blocks":0,"Temp Written Blocks":0,"I/O Read Time":0.0,"I/O Write Time":0.0,"Temp I/O Read Time":0.0,"Temp I/O Write Time":0.0}]},{"Node Type":"Hash","Parent Relationship":"Inner","Parallel Aware":false,"Async Capable":false,"Startup Cost":2615.0,"Total Cost":2615.0,"Plan Rows":99990,"Plan Width":74,"Actual Startup Time":36.593,"Actual Total Time":36.596,"Actual Rows":99976,"Actual Loops":1,"Output":["item.i_name","item.i_data","item.i_price","item.i_id"],"Hash Buckets":131072,"Original Hash Buckets":131072,"Hash Batches":2,"Original Hash Batches":2,"Peak Memory Usage":6334,"Shared Hit Blocks":1365,"Shared Read Blocks":0,"Shared Dirtied Blocks":0,"Shared Written Blocks":0,"Local Hit Blocks":0,"Local Read Blocks":0,"Local Dirtied Blocks":0,"Local Written Blocks":0,"Temp Read Blocks":0,"Temp Written Blocks":591,"I/O Read Time":0.0,"I/O Write Time":0.0,"Temp I/O Read Time":0.0,"Temp I/O Write Time":2.301,"Plans":[{"Node Type":"Seq Scan","Parent Relationship":"Outer","Parallel Aware":false,"Async Capable":false,"Relation Name":"item","Schema":"public","Alias":"item","Startup Cost":0.0,"Total Cost":2615.0,"Plan Rows":99990,"Plan Width":74,"Actual Startup Time":0.008,"Actual Total Time":15.995,"Actual Rows":99976,"Actual Loops":1,"Output":["item.i_name","item.i_data","item.i_price","item.i_id"],"Filter":"((item.i_data)::text !~~ 'zz%'::text)","Rows Removed by Filter":24,"Shared Hit Blocks":1365,"Shared Read Blocks":0,"Shared Dirtied Blocks":0,"Shared Written Blocks":0,"Local Hit Blocks":0,"Local Read Blocks":0,"Local Dirtied Blocks":0,"Local Written Blocks":0,"Temp Read Blocks":0,"Temp Written Blocks":0,"I/O Read Time":0.0,"I/O Write Time":0.0,"Temp I/O Read Time":0.0,"Temp I/O Write Time":0.0}]}]}]}]}]}]},"Planning":{"Shared Hit Blocks":8,"Shared Read Blocks":0,"Shared Dirtied Blocks":0,"Shared Written Blocks":0,"Local Hit Blocks":0,"Local Read Blocks":0,"Local Dirtied Blocks":0,"Local Written Blocks":0,"Temp Read Blocks":0,"Temp Written Blocks":0,"I/O Read Time":0.0,"I/O Write Time":0.0,"Temp I/O Read Time":0.0,"Temp I/O Write Time":0.0},"Planning Time":0.828,"Triggers":[],"Execution Time":29166.557}]
[列存组合]: supplier
[{"Plan":{"Node Type":"Limit","Parallel Aware":false,"Async Capable":false,"Startup Cost":1466445.38,"Total Cost":1466447.88,"Plan Rows":1000,"Plan Width":71,"Actual Startup Time":29070.058,"Actual Total Time":29070.167,"Actual Rows":1000,"Actual Loops":1,"Output":["item.i_name","(substr((item.i_data)::text, 1, 3))","item.i_price","(count(DISTINCT mod((stock.s_w_id * stock.s_i_id), 10000)))"],"Shared Hit Blocks":28703,"Shared Read Blocks":0,"Shared Dirtied Blocks":0,"Shared Written Blocks":0,"Local Hit Blocks":0,"Local Read Blocks":0,"Local Dirtied Blocks":0,"Local Written Blocks":0,"Temp Read Blocks":215659,"Temp Written Blocks":215936,"I/O Read Time":0.0,"I/O Write Time":0.0,"Temp I/O Read Time":325.705,"Temp I/O Write Time":555.463,"Plans":[{"Node Type":"Sort","Parent Relationship":"Outer","Parallel Aware":false,"Async Capable":false,"Startup Cost":1466445.38,"Total Cost":1466695.35,"Plan Rows":99990,"Plan Width":71,"Actual Startup Time":29070.055,"Actual Total Time":29070.1,"Actual Rows":1000,"Actual Loops":1,"Output":["item.i_name","(substr((item.i_data)::text, 1, 3))","item.i_price","(count(DISTINCT mod((stock.s_w_id * stock.s_i_id), 10000)))"],"Sort Key":["(count(DISTINCT mod((stock.s_w_id * stock.s_i_id), 10000))) DESC"],"Sort Method":"top-N heapsort","Sort Space Used":128,"Sort Space Type":"Memory","Shared Hit Blocks":28703,"Shared Read Blocks":0,"Shared Dirtied Blocks":0,"Shared Written Blocks":0,"Local Hit Blocks":0,"Local Read Blocks":0,"Local Dirtied Blocks":0,"Local Written Blocks":0,"Temp Read Blocks":215659,"Temp Written Blocks":215936,"I/O Read Time":0.0,"I/O Write Time":0.0,"Temp I/O Read Time":325.705,"Temp I/O Write Time":555.463,"Plans":[{"Node Type":"Aggregate","Strategy":"Sorted","Partial Mode":"Simple","Parent Relationship":"Outer","Parallel Aware":false,"Async Capable":false,"Startup Cost":1372220.49,"Total Cost":1460963.03,"Plan Rows":99990,"Plan Width":71,"Actual Startup Time":24749.638,"Actual Total Time":29051.263,"Actual Rows":99976,"Actual Loops":1,"Output":["item.i_name","(substr((item.i_data)::text, 1, 3))","item.i_price","count(DISTINCT mod((stock.s_w_id * stock.s_i_id), 10000))"],"Group Key":["item.i_name","(substr((item.i_data)::text, 1, 3))","item.i_price"],"Shared Hit Blocks":28703,"Shared Read Blocks":0,"Shared Dirtied Blocks":0,"Shared Written Blocks":0,"Local Hit Blocks":0,"Local Read Blocks":0,"Local Dirtied Blocks":0,"Local Written Blocks":0,"Temp Read Blocks":215659,"Temp Written Blocks":215936,"I/O Read Time":0.0,"I/O Write Time":0.0,"Temp I/O Read Time":325.705,"Temp I/O Write Time":555.463,"Plans":[{"Node Type":"Sort","Parent Relationship":"Outer","Parallel Aware":false,"Async Capable":false,"Startup Cost":1372220.49,"Total Cost":1384719.44,"Plan Rows":4999581,"Plan Width":69,"Actual Startup Time":24749.538,"Actual Total Time":26141.516,"Actual Rows":9997600,"Actual Loops":1,"Output":["item.i_name","(substr((item.i_data)::text, 1, 3))","item.i_price","stock.s_w_id","stock.s_i_id"],"Sort Key":["item.i_name","(substr((item.i_data)::text, 1, 3))","item.i_price"],"Sort Method":"external merge","Sort Space Used":527960,"Sort Space Type":"Disk","Shared Hit Blocks":28703,"Shared Read Blocks":0,"Shared Dirtied Blocks":0,"Shared Written Blocks":0,"Local Hit Blocks":0,"Local Read Blocks":0,"Local Dirtied Blocks":0,"Local Written Blocks":0,"Temp Read Blocks":215659,"Temp Written Blocks":215936,"I/O Read Time":0.0,"I/O Write Time":0.0,"Temp I/O Read Time":325.705,"Temp I/O Write Time":555.463,"Plans":[{"Node Type":"Hash Join","Parent Relationship":"Outer","Parallel Aware":false,"Async Capable":false,"Join Type":"Inner","Startup Cost":5159.35,"Total Cost":405809.72,"Plan Rows":4999581,"Plan Width":69,"Actual Startup Time":37.638,"Actual Total Time":4764.069,"Actual Rows":9997600,"Actual Loops":1,"Output":["item.i_name","substr((item.i_data)::text, 1, 3)","item.i_price","stock.s_w_id","stock.s_i_id"],"Inner Unique":true,"Hash Cond":"(stock.s_i_id = item.i_id)","Shared Hit Blocks":28703,"Shared Read Blocks":0,"Shared Dirtied Blocks":0,"Shared Written Blocks":0,"Local Hit Blocks":0,"Local Read Blocks":0,"Local Dirtied Blocks":0,"Local Written Blocks":0,"Temp Read Blocks":17693,"Temp Written Blocks":17693,"I/O Read Time":0.0,"I/O Write Time":0.0,"Temp I/O Read Time":29.65,"Temp I/O Write Time":75.268,"Plans":[{"Node Type":"Index Only Scan","Parent Relationship":"Outer","Parallel Aware":false,"Async Capable":false,"Scan Direction":"Forward","Index Name":"stock_pk","Relation Name":"stock","Schema":"public","Alias":"stock","Startup Cost":24.48,"Total Cost":334716.12,"Plan Rows":5000081,"Plan Width":6,"Actual Startup Time":1.024,"Actual Total Time":992.17,"Actual Rows":10000000,"Actual Loops":1,"Output":["stock.s_w_id","stock.s_i_id"],"Filter":"(NOT (hashed SubPlan 1))","Rows Removed by Filter":0,"Heap Fetches":0,"Shared Hit Blocks":27338,"Shared Read Blocks":0,"Shared Dirtied Blocks":0,"Shared Written Blocks":0,"Local Hit Blocks":0,"Local Read Blocks":0,"Local Dirtied Blocks":0,"Local Written Blocks":0,"Temp Read Blocks":0,"Temp Written Blocks":0,"I/O Read Time":0.0,"I/O Write Time":0.0,"Temp I/O Read Time":0.0,"Temp I/O Write Time":0.0,"Plans":[{"Node Type":"Append","Parent Relationship":"SubPlan","Subplan Name":"SubPlan 1","Parallel Aware":false,"Async Capable":false,"Startup Cost":20.0,"Total Cost":24.04,"Plan Rows":2,"Plan Width":4,"Actual Startup Time":1.002,"Actual Total Time":1.006,"Actual Rows":0,"Actual Loops":1,"Shared Hit Blocks":0,"Shared Read Blocks":0,"Shared Dirtied Blocks":0,"Shared Written Blocks":0,"Local Hit Blocks":0,"Local Read Blocks":0,"Local Dirtied Blocks":0,"Local Written Blocks":0,"Temp Read Blocks":0,"Temp Written Blocks":0,"I/O Read Time":0.0,"I/O Write Time":0.0,"Temp I/O Read Time":0.0,"Temp I/O Write Time":0.0,"Subplans Removed":0,"Plans":[{"Node Type":"Custom Scan","Parent Relationship":"Member","Custom Plan Provider":"columnar scan","Parallel Aware":false,"Async Capable":false,"Relation Name":"supplier","Schema":"public","Alias":"supplier","Startup Cost":20.0,"Total Cost":20.02,"Plan Rows":1,"Plan Width":4,"Actual Startup Time":1.0,"Actual Total Time":1.002,"Actual Rows":0,"Actual Loops":1,"Output":["supplier.su_suppkey"],"Filter":"((supplier.su_comment)::text ~~ '%bad%'::text)","Rows Removed by Filter":0,"Rows Removed by Columnar Filter":10000,"Columnar cache search mode":"native","Shared Hit Blocks":0,"Shared Read Blocks":0,"Shared Dirtied Blocks":0,"Shared Written Blocks":0,"Local Hit Blocks":0,"Local Read Blocks":0,"Local Dirtied Blocks":0,"Local Written Blocks":0,"Temp Read Blocks":0,"Temp Written Blocks":0,"I/O Read Time":0.0,"I/O Write Time":0.0,"Temp I/O Read Time":0.0,"Temp I/O Write Time":0.0},{"Node Type":"Seq Scan","Parent Relationship":"Member","Parallel Aware":false,"Async Capable":false,"Relation Name":"supplier","Schema":"public","Alias":"supplier","Startup Cost":0.0,"Total Cost":4.01,"Plan Rows":1,"Plan Width":4,"Actual Startup Time":0.0,"Actual Total Time":0.0,"Actual Rows":0,"Actual Loops":0,"Output":["supplier.su_suppkey"],"Filter":"((supplier.su_comment)::text ~~ '%bad%'::text)","Rows Removed by Filter":0,"Shared Hit Blocks":0,"Shared Read Blocks":0,"Shared Dirtied Blocks":0,"Shared Written Blocks":0,"Local Hit Blocks":0,"Local Read Blocks":0,"Local Dirtied Blocks":0,"Local Written Blocks":0,"Temp Read Blocks":0,"Temp Written Blocks":0,"I/O Read Time":0.0,"I/O Write Time":0.0,"Temp I/O Read Time":0.0,"Temp I/O Write Time":0.0}]}]},{"Node Type":"Hash","Parent Relationship":"Inner","Parallel Aware":false,"Async Capable":false,"Startup Cost":2615.0,"Total Cost":2615.0,"Plan Rows":99990,"Plan Width":74,"Actual Startup Time":36.254,"Actual Total Time":36.256,"Actual Rows":99976,"Actual Loops":1,"Output":["item.i_name","item.i_data","item.i_price","item.i_id"],"Hash Buckets":131072,"Original Hash Buckets":131072,"Hash Batches":2,"Original Hash Batches":2,"Peak Memory Usage":6334,"Shared Hit Blocks":1365,"Shared Read Blocks":0,"Shared Dirtied Blocks":0,"Shared Written Blocks":0,"Local Hit Blocks":0,"Local Read Blocks":0,"Local Dirtied Blocks":0,"Local Written Blocks":0,"Temp Read Blocks":0,"Temp Written Blocks":591,"I/O Read Time":0.0,"I/O Write Time":0.0,"Temp I/O Read Time":0.0,"Temp I/O Write Time":2.178,"Plans":[{"Node Type":"Seq Scan","Parent Relationship":"Outer","Parallel Aware":false,"Async Capable":false,"Relation Name":"item","Schema":"public","Alias":"item","Startup Cost":0.0,"Total Cost":2615.0,"Plan Rows":99990,"Plan Width":74,"Actual Startup Time":0.009,"Actual Total Time":16.351,"Actual Rows":99976,"Actual Loops":1,"Output":["item.i_name","item.i_data","item.i_price","item.i_id"],"Filter":"((item.i_data)::text !~~ 'zz%'::text)","Rows Removed by Filter":24,"Shared Hit Blocks":1365,"Shared Read Blocks":0,"Shared Dirtied Blocks":0,"Shared Written Blocks":0,"Local Hit Blocks":0,"Local Read Blocks":0,"Local Dirtied Blocks":0,"Local Written Blocks":0,"Temp Read Blocks":0,"Temp Written Blocks":0,"I/O Read Time":0.0,"I/O Write Time":0.0,"Temp I/O Read Time":0.0,"Temp I/O Write Time":0.0}]}]}]}]}]}]},"Planning":{"Shared Hit Blocks":8,"Shared Read Blocks":0,"Shared Dirtied Blocks":0,"Shared Written Blocks":0,"Local Hit Blocks":0,"Local Read Blocks":0,"Local Dirtied Blocks":0,"Local Written Blocks":0,"Temp Read Blocks":0,"Temp Written Blocks":0,"I/O Read Time":0.0,"I/O Write Time":0.0,"Temp I/O Read Time":0.0,"Temp I/O Write Time":0.0},"Planning Time":0.378,"Triggers":[],"Execution Time":29147.636}]
[列存组合]: item, stock
[{"Plan":{"Node Type":"Limit","Parallel Aware":false,"Async Capable":false,"Startup Cost":1466712.08,"Total Cost":1466714.58,"Plan Rows":1000,"Plan Width":71,"Actual Startup Time":29041.801,"Actual Total Time":29041.919,"Actual Rows":1000,"Actual Loops":1,"Output":["item.i_name","(substr((item.i_data)::text, 1, 3))","item.i_price","(count(DISTINCT mod((stock.s_w_id * stock.s_i_id), 10000)))"],"Shared Hit Blocks":27555,"Shared Read Blocks":0,"Shared Dirtied Blocks":0,"Shared Written Blocks":0,"Local Hit Blocks":0,"Local Read Blocks":0,"Local Dirtied Blocks":0,"Local Written Blocks":0,"Temp Read Blocks":215659,"Temp Written Blocks":215936,"I/O Read Time":0.0,"I/O Write Time":0.0,"Temp I/O Read Time":324.905,"Temp I/O Write Time":559.988,"Plans":[{"Node Type":"Sort","Parent Relationship":"Outer","Parallel Aware":false,"Async Capable":false,"Startup Cost":1466712.08,"Total Cost":1466962.05,"Plan Rows":99990,"Plan Width":71,"Actual Startup Time":29041.797,"Actual Total Time":29041.846,"Actual Rows":1000,"Actual Loops":1,"Output":["item.i_name","(substr((item.i_data)::text, 1, 3))","item.i_price","(count(DISTINCT mod((stock.s_w_id * stock.s_i_id), 10000)))"],"Sort Key":["(count(DISTINCT mod((stock.s_w_id * stock.s_i_id), 10000))) DESC"],"Sort Method":"top-N heapsort","Sort Space Used":128,"Sort Space Type":"Memory","Shared Hit Blocks":27555,"Shared Read Blocks":0,"Shared Dirtied Blocks":0,"Shared Written Blocks":0,"Local Hit Blocks":0,"Local Read Blocks":0,"Local Dirtied Blocks":0,"Local Written Blocks":0,"Temp Read Blocks":215659,"Temp Written Blocks":215936,"I/O Read Time":0.0,"I/O Write Time":0.0,"Temp I/O Read Time":324.905,"Temp I/O Write Time":559.988,"Plans":[{"Node Type":"Aggregate","Strategy":"Sorted","Partial Mode":"Simple","Parent Relationship":"Outer","Parallel Aware":false,"Async Capable":false,"Startup Cost":1372487.19,"Total Cost":1461229.73,"Plan Rows":99990,"Plan Width":71,"Actual Startup Time":24746.709,"Actual Total Time":29023.204,"Actual Rows":99976,"Actual Loops":1,"Output":["item.i_name","(substr((item.i_data)::text, 1, 3))","item.i_price","count(DISTINCT mod((stock.s_w_id * stock.s_i_id), 10000))"],"Group Key":["item.i_name","(substr((item.i_data)::text, 1, 3))","item.i_price"],"Shared Hit Blocks":27555,"Shared Read Blocks":0,"Shared Dirtied Blocks":0,"Shared Written Blocks":0,"Local Hit Blocks":0,"Local Read Blocks":0,"Local Dirtied Blocks":0,"Local Written Blocks":0,"Temp Read Blocks":215659,"Temp Written Blocks":215936,"I/O Read Time":0.0,"I/O Write Time":0.0,"Temp I/O Read Time":324.905,"Temp I/O Write Time":559.988,"Plans":[{"Node Type":"Sort","Parent Relationship":"Outer","Parallel Aware":false,"Async Capable":false,"Startup Cost":1372487.19,"Total Cost":1384986.14,"Plan Rows":4999581,"Plan Width":69,"Actual Startup Time":24746.611,"Actual Total Time":26138.6,"Actual Rows":9997600,"Actual Loops":1,"Output":["item.i_name","(substr((item.i_data)::text, 1, 3))","item.i_price","stock.s_w_id","stock.s_i_id"],"Sort Key":["item.i_name","(substr((item.i_data)::text, 1, 3))","item.i_price"],"Sort Method":"external merge","Sort Space Used":527960,"Sort Space Type":"Disk","Shared Hit Blocks":27555,"Shared Read Blocks":0,"Shared Dirtied Blocks":0,"Shared Written Blocks":0,"Local Hit Blocks":0,"Local Read Blocks":0,"Local Dirtied Blocks":0,"Local Written Blocks":0,"Temp Read Blocks":215659,"Temp Written Blocks":215936,"I/O Read Time":0.0,"I/O Write Time":0.0,"Temp I/O Read Time":324.905,"Temp I/O Write Time":559.988,"Plans":[{"Node Type":"Hash Join","Parent Relationship":"Outer","Parallel Aware":false,"Async Capable":false,"Join Type":"Inner","Startup Cost":5426.05,"Total Cost":406076.42,"Plan Rows":4999581,"Plan Width":69,"Actual Startup Time":56.471,"Actual Total Time":4770.016,"Actual Rows":9997600,"Actual Loops":1,"Output":["item.i_name","substr((item.i_data)::text, 1, 3)","item.i_price","stock.s_w_id","stock.s_i_id"],"Inner Unique":true,"Hash Cond":"(stock.s_i_id = item.i_id)","Shared Hit Blocks":27555,"Shared Read Blocks":0,"Shared Dirtied Blocks":0,"Shared Written Blocks":0,"Local Hit Blocks":0,"Local Read Blocks":0,"Local Dirtied Blocks":0,"Local Written Blocks":0,"Temp Read Blocks":17693,"Temp Written Blocks":17693,"I/O Read Time":0.0,"I/O Write Time":0.0,"Temp I/O Read Time":29.587,"Temp I/O Write Time":77.63,"Plans":[{"Node Type":"Index Only Scan","Parent Relationship":"Outer","Parallel Aware":false,"Async Capable":false,"Scan Direction":"Forward","Index Name":"stock_pk","Relation Name":"stock","Schema":"public","Alias":"stock","Startup Cost":342.44,"Total Cost":335034.08,"Plan Rows":5000081,"Plan Width":6,"Actual Startup Time":1.886,"Actual Total Time":994.746,"Actual Rows":10000000,"Actual Loops":1,"Output":["stock.s_w_id","stock.s_i_id"],"Filter":"(NOT (hashed SubPlan 1))","Rows Removed by Filter":0,"Heap Fetches":0,"Shared Hit Blocks":27555,"Shared Read Blocks":0,"Shared Dirtied Blocks":0,"Shared Written Blocks":0,"Local Hit Blocks":0,"Local Read Blocks":0,"Local Dirtied Blocks":0,"Local Written Blocks":0,"Temp Read Blocks":0,"Temp Written Blocks":0,"I/O Read Time":0.0,"I/O Write Time":0.0,"Temp I/O Read Time":0.0,"Temp I/O Write Time":0.0,"Plans":[{"Node Type":"Seq Scan","Parent Relationship":"SubPlan","Subplan Name":"SubPlan 1","Parallel Aware":false,"Async Capable":false,"Relation Name":"supplier","Schema":"public","Alias":"supplier","Startup Cost":0.0,"Total Cost":342.0,"Plan Rows":1,"Plan Width":4,"Actual Startup Time":1.861,"Actual Total Time":1.862,"Actual Rows":0,"Actual Loops":1,"Output":["supplier.su_suppkey"],"Filter":"((supplier.su_comment)::text ~~ '%bad%'::text)","Rows Removed by Filter":10000,"Shared Hit Blocks":217,"Shared Read Blocks":0,"Shared Dirtied Blocks":0,"Shared Written Blocks":0,"Local Hit Blocks":0,"Local Read Blocks":0,"Local Dirtied Blocks":0,"Local Written Blocks":0,"Temp Read Blocks":0,"Temp Written Blocks":0,"I/O Read Time":0.0,"I/O Write Time":0.0,"Temp I/O Read Time":0.0,"Temp I/O Write Time":0.0}]},{"Node Type":"Hash","Parent Relationship":"Inner","Parallel Aware":false,"Async Capable":false,"Startup Cost":2563.73,"Total Cost":2563.73,"Plan Rows":99991,"Plan Width":74,"Actual Startup Time":54.2,"Actual Total Time":54.206,"Actual Rows":99976,"Actual Loops":1,"Output":["item.i_name","item.i_data","item.i_price","item.i_id"],"Hash Buckets":131072,"Original Hash Buckets":131072,"Hash Batches":2,"Original Hash Batches":2,"Peak Memory Usage":6334,"Shared Hit Blocks":0,"Shared Read Blocks":0,"Shared Dirtied Blocks":0,"Shared Written Blocks":0,"Local Hit Blocks":0,"Local Read Blocks":0,"Local Dirtied Blocks":0,"Local Written Blocks":0,"Temp Read Blocks":0,"Temp Written Blocks":591,"I/O Read Time":0.0,"I/O Write Time":0.0,"Temp I/O Read Time":0.0,"Temp I/O Write Time":2.248,"Plans":[{"Node Type":"Append","Parent Relationship":"Outer","Parallel Aware":false,"Async Capable":false,"Startup Cost":20.0,"Total Cost":2563.73,"Plan Rows":99991,"Plan Width":74,"Actual Startup Time":2.172,"Actual Total Time":27.757,"Actual Rows":99976,"Actual Loops":1,"Shared Hit Blocks":0,"Shared Read Blocks":0,"Shared Dirtied Blocks":0,"Shared Written Blocks":0,"Local Hit Blocks":0,"Local Read Blocks":0,"Local Dirtied Blocks":0,"Local Written Blocks":0,"Temp Read Blocks":0,"Temp Written Blocks":0,"I/O Read Time":0.0,"I/O Write Time":0.0,"Temp I/O Read Time":0.0,"Temp I/O Write Time":0.0,"Subplans Removed":0,"Plans":[{"Node Type":"Custom Scan","Parent Relationship":"Member","Custom Plan Provider":"columnar scan","Parallel Aware":false,"Async Capable":false,"Relation Name":"item","Schema":"public","Alias":"item","Startup Cost":20.0,"Total Cost":2369.77,"Plan Rows":99990,"Plan Width":74,"Actual Startup Time":2.171,"Actual Total Time":20.183,"Actual Rows":99976,"Actual Loops":1,"Output":["item.i_name","item.i_data","item.i_price","item.i_id"],"Filter":"((item.i_data)::text !~~ 'zz%'::text)","Rows Removed by Filter":0,"Rows Removed by Columnar Filter":24,"Columnar cache search mode":"native","Shared Hit Blocks":0,"Shared Read Blocks":0,"Shared Dirtied Blocks":0,"Shared Written Blocks":0,"Local Hit Blocks":0,"Local Read Blocks":0,"Local Dirtied Blocks":0,"Local Written Blocks":0,"Temp Read Blocks":0,"Temp Written Blocks":0,"I/O Read Time":0.0,"I/O Write Time":0.0,"Temp I/O Read Time":0.0,"Temp I/O Write Time":0.0},{"Node Type":"Seq Scan","Parent Relationship":"Member","Parallel Aware":false,"Async Capable":false,"Relation Name":"item","Schema":"public","Alias":"item","Startup Cost":0.0,"Total Cost":4.01,"Plan Rows":1,"Plan Width":74,"Actual Startup Time":0.0,"Actual Total Time":0.0,"Actual Rows":0,"Actual Loops":0,"Output":["item.i_name","item.i_data","item.i_price","item.i_id"],"Filter":"((item.i_data)::text !~~ 'zz%'::text)","Rows Removed by Filter":0,"Shared Hit Blocks":0,"Shared Read Blocks":0,"Shared Dirtied Blocks":0,"Shared Written Blocks":0,"Local Hit Blocks":0,"Local Read Blocks":0,"Local Dirtied Blocks":0,"Local Written Blocks":0,"Temp Read Blocks":0,"Temp Written Blocks":0,"I/O Read Time":0.0,"I/O Write Time":0.0,"Temp I/O Read Time":0.0,"Temp I/O Write Time":0.0}]}]}]}]}]}]}]},"Planning":{"Shared Hit Blocks":8,"Shared Read Blocks":0,"Shared Dirtied Blocks":0,"Shared Written Blocks":0,"Local Hit Blocks":0,"Local Read Blocks":0,"Local Dirtied Blocks":0,"Local Written Blocks":0,"Temp Read Blocks":0,"Temp Written Blocks":0,"I/O Read Time":0.0,"I/O Write Time":0.0,"Temp I/O Read Time":0.0,"Temp I/O Write Time":0.0},"Planning Time":0.839,"Triggers":[],"Execution Time":29120.491}]
[列存组合]: item, supplier
[{"Plan":{"Node Type":"Limit","Parallel Aware":false,"Async Capable":false,"Startup Cost":1466394.11,"Total Cost":1466396.61,"Plan Rows":1000,"Plan Width":71,"Actual Startup Time":29076.841,"Actual Total Time":29076.956,"Actual Rows":1000,"Actual Loops":1,"Output":["item.i_name","(substr((item.i_data)::text, 1, 3))","item.i_price","(count(DISTINCT mod((stock.s_w_id * stock.s_i_id), 10000)))"],"Shared Hit Blocks":27338,"Shared Read Blocks":0,"Shared Dirtied Blocks":0,"Shared Written Blocks":0,"Local Hit Blocks":0,"Local Read Blocks":0,"Local Dirtied Blocks":0,"Local Written Blocks":0,"Temp Read Blocks":215659,"Temp Written Blocks":215936,"I/O Read Time":0.0,"I/O Write Time":0.0,"Temp I/O Read Time":325.221,"Temp I/O Write Time":555.874,"Plans":[{"Node Type":"Sort","Parent Relationship":"Outer","Parallel Aware":false,"Async Capable":false,"Startup Cost":1466394.11,"Total Cost":1466644.09,"Plan Rows":99990,"Plan Width":71,"Actual Startup Time":29076.838,"Actual Total Time":29076.888,"Actual Rows":1000,"Actual Loops":1,"Output":["item.i_name","(substr((item.i_data)::text, 1, 3))","item.i_price","(count(DISTINCT mod((stock.s_w_id * stock.s_i_id), 10000)))"],"Sort Key":["(count(DISTINCT mod((stock.s_w_id * stock.s_i_id), 10000))) DESC"],"Sort Method":"top-N heapsort","Sort Space Used":128,"Sort Space Type":"Memory","Shared Hit Blocks":27338,"Shared Read Blocks":0,"Shared Dirtied Blocks":0,"Shared Written Blocks":0,"Local Hit Blocks":0,"Local Read Blocks":0,"Local Dirtied Blocks":0,"Local Written Blocks":0,"Temp Read Blocks":215659,"Temp Written Blocks":215936,"I/O Read Time":0.0,"I/O Write Time":0.0,"Temp I/O Read Time":325.221,"Temp I/O Write Time":555.874,"Plans":[{"Node Type":"Aggregate","Strategy":"Sorted","Partial Mode":"Simple","Parent Relationship":"Outer","Parallel Aware":false,"Async Capable":false,"Startup Cost":1372169.23,"Total Cost":1460911.77,"Plan Rows":99990,"Plan Width":71,"Actual Startup Time":24771.062,"Actual Total Time":29058.086,"Actual Rows":99976,"Actual Loops":1,"Output":["item.i_name","(substr((item.i_data)::text, 1, 3))","item.i_price","count(DISTINCT mod((stock.s_w_id * stock.s_i_id), 10000))"],"Group Key":["item.i_name","(substr((item.i_data)::text, 1, 3))","item.i_price"],"Shared Hit Blocks":27338,"Shared Read Blocks":0,"Shared Dirtied Blocks":0,"Shared Written Blocks":0,"Local Hit Blocks":0,"Local Read Blocks":0,"Local Dirtied Blocks":0,"Local Written Blocks":0,"Temp Read Blocks":215659,"Temp Written Blocks":215936,"I/O Read Time":0.0,"I/O Write Time":0.0,"Temp I/O Read Time":325.221,"Temp I/O Write Time":555.874,"Plans":[{"Node Type":"Sort","Parent Relationship":"Outer","Parallel Aware":false,"Async Capable":false,"Startup Cost":1372169.23,"Total Cost":1384668.18,"Plan Rows":4999581,"Plan Width":69,"Actual Startup Time":24770.967,"Actual Total Time":26162.847,"Actual Rows":9997600,"Actual Loops":1,"Output":["item.i_name","(substr((item.i_data)::text, 1, 3))","item.i_price","stock.s_w_id","stock.s_i_id"],"Sort Key":["item.i_name","(substr((item.i_data)::text, 1, 3))","item.i_price"],"Sort Method":"external merge","Sort Space Used":527960,"Sort Space Type":"Disk","Shared Hit Blocks":27338,"Shared Read Blocks":0,"Shared Dirtied Blocks":0,"Shared Written Blocks":0,"Local Hit Blocks":0,"Local Read Blocks":0,"Local Dirtied Blocks":0,"Local Written Blocks":0,"Temp Read Blocks":215659,"Temp Written Blocks":215936,"I/O Read Time":0.0,"I/O Write Time":0.0,"Temp I/O Read Time":325.221,"Temp I/O Write Time":555.874,"Plans":[{"Node Type":"Hash Join","Parent Relationship":"Outer","Parallel Aware":false,"Async Capable":false,"Join Type":"Inner","Startup Cost":5108.09,"Total Cost":405758.45,"Plan Rows":4999581,"Plan Width":69,"Actual Startup Time":55.369,"Actual Total Time":4798.267,"Actual Rows":9997600,"Actual Loops":1,"Output":["item.i_name","substr((item.i_data)::text, 1, 3)","item.i_price","stock.s_w_id","stock.s_i_id"],"Inner Unique":true,"Hash Cond":"(stock.s_i_id = item.i_id)","Shared Hit Blocks":27338,"Shared Read Blocks":0,"Shared Dirtied Blocks":0,"Shared Written Blocks":0,"Local Hit Blocks":0,"Local Read Blocks":0,"Local Dirtied Blocks":0,"Local Written Blocks":0,"Temp Read Blocks":17693,"Temp Written Blocks":17693,"I/O Read Time":0.0,"I/O Write Time":0.0,"Temp I/O Read Time":29.736,"Temp I/O Write Time":75.424,"Plans":[{"Node Type":"Index Only Scan","Parent Relationship":"Outer","Parallel Aware":false,"Async Capable":false,"Scan Direction":"Forward","Index Name":"stock_pk","Relation Name":"stock","Schema":"public","Alias":"stock","Startup Cost":24.48,"Total Cost":334716.12,"Plan Rows":5000081,"Plan Width":6,"Actual Startup Time":1.024,"Actual Total Time":993.399,"Actual Rows":10000000,"Actual Loops":1,"Output":["stock.s_w_id","stock.s_i_id"],"Filter":"(NOT (hashed SubPlan 1))","Rows Removed by Filter":0,"Heap Fetches":0,"Shared Hit Blocks":27338,"Shared Read Blocks":0,"Shared Dirtied Blocks":0,"Shared Written Blocks":0,"Local Hit Blocks":0,"Local Read Blocks":0,"Local Dirtied Blocks":0,"Local Written Blocks":0,"Temp Read Blocks":0,"Temp Written Blocks":0,"I/O Read Time":0.0,"I/O Write Time":0.0,"Temp I/O Read Time":0.0,"Temp I/O Write Time":0.0,"Plans":[{"Node Type":"Append","Parent Relationship":"SubPlan","Subplan Name":"SubPlan 1","Parallel Aware":false,"Async Capable":false,"Startup Cost":20.0,"Total Cost":24.04,"Plan Rows":2,"Plan Width":4,"Actual Startup Time":1.001,"Actual Total Time":1.007,"Actual Rows":0,"Actual Loops":1,"Shared Hit Blocks":0,"Shared Read Blocks":0,"Shared Dirtied Blocks":0,"Shared Written Blocks":0,"Local Hit Blocks":0,"Local Read Blocks":0,"Local Dirtied Blocks":0,"Local Written Blocks":0,"Temp Read Blocks":0,"Temp Written Blocks":0,"I/O Read Time":0.0,"I/O Write Time":0.0,"Temp I/O Read Time":0.0,"Temp I/O Write Time":0.0,"Subplans Removed":0,"Plans":[{"Node Type":"Custom Scan","Parent Relationship":"Member","Custom Plan Provider":"columnar scan","Parallel Aware":false,"Async Capable":false,"Relation Name":"supplier","Schema":"public","Alias":"supplier","Startup Cost":20.0,"Total Cost":20.02,"Plan Rows":1,"Plan Width":4,"Actual Startup Time":1.0,"Actual Total Time":1.002,"Actual Rows":0,"Actual Loops":1,"Output":["supplier.su_suppkey"],"Filter":"((supplier.su_comment)::text ~~ '%bad%'::text)","Rows Removed by Filter":0,"Rows Removed by Columnar Filter":10000,"Columnar cache search mode":"native","Shared Hit Blocks":0,"Shared Read Blocks":0,"Shared Dirtied Blocks":0,"Shared Written Blocks":0,"Local Hit Blocks":0,"Local Read Blocks":0,"Local Dirtied Blocks":0,"Local Written Blocks":0,"Temp Read Blocks":0,"Temp Written Blocks":0,"I/O Read Time":0.0,"I/O Write Time":0.0,"Temp I/O Read Time":0.0,"Temp I/O Write Time":0.0},{"Node Type":"Seq Scan","Parent Relationship":"Member","Parallel Aware":false,"Async Capable":false,"Relation Name":"supplier","Schema":"public","Alias":"supplier","Startup Cost":0.0,"Total Cost":4.01,"Plan Rows":1,"Plan Width":4,"Actual Startup Time":0.0,"Actual Total Time":0.0,"Actual Rows":0,"Actual Loops":0,"Output":["supplier.su_suppkey"],"Filter":"((supplier.su_comment)::text ~~ '%bad%'::text)","Rows Removed by Filter":0,"Shared Hit Blocks":0,"Shared Read Blocks":0,"Shared Dirtied Blocks":0,"Shared Written Blocks":0,"Local Hit Blocks":0,"Local Read Blocks":0,"Local Dirtied Blocks":0,"Local Written Blocks":0,"Temp Read Blocks":0,"Temp Written Blocks":0,"I/O Read Time":0.0,"I/O Write Time":0.0,"Temp I/O Read Time":0.0,"Temp I/O Write Time":0.0}]}]},{"Node Type":"Hash","Parent Relationship":"Inner","Parallel Aware":false,"Async Capable":false,"Startup Cost":2563.73,"Total Cost":2563.73,"Plan Rows":99991,"Plan Width":74,"Actual Startup Time":53.992,"Actual Total Time":53.998,"Actual Rows":99976,"Actual Loops":1,"Output":["item.i_name","item.i_data","item.i_price","item.i_id"],"Hash Buckets":131072,"Original Hash Buckets":131072,"Hash Batches":2,"Original Hash Batches":2,"Peak Memory Usage":6334,"Shared Hit Blocks":0,"Shared Read Blocks":0,"Shared Dirtied Blocks":0,"Shared Written Blocks":0,"Local Hit Blocks":0,"Local Read Blocks":0,"Local Dirtied Blocks":0,"Local Written Blocks":0,"Temp Read Blocks":0,"Temp Written Blocks":591,"I/O Read Time":0.0,"I/O Write Time":0.0,"Temp I/O Read Time":0.0,"Temp I/O Write Time":2.189,"Plans":[{"Node Type":"Append","Parent Relationship":"Outer","Parallel Aware":false,"Async Capable":false,"Startup Cost":20.0,"Total Cost":2563.73,"Plan Rows":99991,"Plan Width":74,"Actual Startup Time":2.235,"Actual Total Time":27.741,"Actual Rows":99976,"Actual Loops":1,"Shared Hit Blocks":0,"Shared Read Blocks":0,"Shared Dirtied Blocks":0,"Shared Written Blocks":0,"Local Hit Blocks":0,"Local Read Blocks":0,"Local Dirtied Blocks":0,"Local Written Blocks":0,"Temp Read Blocks":0,"Temp Written Blocks":0,"I/O Read Time":0.0,"I/O Write Time":0.0,"Temp I/O Read Time":0.0,"Temp I/O Write Time":0.0,"Subplans Removed":0,"Plans":[{"Node Type":"Custom Scan","Parent Relationship":"Member","Custom Plan Provider":"columnar scan","Parallel Aware":false,"Async Capable":false,"Relation Name":"item","Schema":"public","Alias":"item","Startup Cost":20.0,"Total Cost":2369.77,"Plan Rows":99990,"Plan Width":74,"Actual Startup Time":2.234,"Actual Total Time":20.103,"Actual Rows":99976,"Actual Loops":1,"Output":["item.i_name","item.i_data","item.i_price","item.i_id"],"Filter":"((item.i_data)::text !~~ 'zz%'::text)","Rows Removed by Filter":0,"Rows Removed by Columnar Filter":24,"Columnar cache search mode":"native","Shared Hit Blocks":0,"Shared Read Blocks":0,"Shared Dirtied Blocks":0,"Shared Written Blocks":0,"Local Hit Blocks":0,"Local Read Blocks":0,"Local Dirtied Blocks":0,"Local Written Blocks":0,"Temp Read Blocks":0,"Temp Written Blocks":0,"I/O Read Time":0.0,"I/O Write Time":0.0,"Temp I/O Read Time":0.0,"Temp I/O Write Time":0.0},{"Node Type":"Seq Scan","Parent Relationship":"Member","Parallel Aware":false,"Async Capable":false,"Relation Name":"item","Schema":"public","Alias":"item","Startup Cost":0.0,"Total Cost":4.01,"Plan Rows":1,"Plan Width":74,"Actual Startup Time":0.0,"Actual Total Time":0.0,"Actual Rows":0,"Actual Loops":0,"Output":["item.i_name","item.i_data","item.i_price","item.i_id"],"Filter":"((item.i_data)::text !~~ 'zz%'::text)","Rows Removed by Filter":0,"Shared Hit Blocks":0,"Shared Read Blocks":0,"Shared Dirtied Blocks":0,"Shared Written Blocks":0,"Local Hit Blocks":0,"Local Read Blocks":0,"Local Dirtied Blocks":0,"Local Written Blocks":0,"Temp Read Blocks":0,"Temp Written Blocks":0,"I/O Read Time":0.0,"I/O Write Time":0.0,"Temp I/O Read Time":0.0,"Temp I/O Write Time":0.0}]}]}]}]}]}]}]},"Planning":{"Shared Hit Blocks":8,"Shared Read Blocks":0,"Shared Dirtied Blocks":0,"Shared Written Blocks":0,"Local Hit Blocks":0,"Local Read Blocks":0,"Local Dirtied Blocks":0,"Local Written Blocks":0,"Temp Read Blocks":0,"Temp Written Blocks":0,"I/O Read Time":0.0,"I/O Write Time":0.0,"Temp I/O Read Time":0.0,"Temp I/O Write Time":0.0},"Planning Time":0.41,"Triggers":[],"Execution Time":29155.605}]
[列存组合]: stock, supplier
[{"Plan":{"Node Type":"Limit","Parallel Aware":false,"Async Capable":false,"Startup Cost":1466445.38,"Total Cost":1466447.88,"Plan Rows":1000,"Plan Width":71,"Actual Startup Time":29053.678,"Actual Total Time":29053.79,"Actual Rows":1000,"Actual Loops":1,"Output":["item.i_name","(substr((item.i_data)::text, 1, 3))","item.i_price","(count(DISTINCT mod((stock.s_w_id * stock.s_i_id), 10000)))"],"Shared Hit Blocks":28703,"Shared Read Blocks":0,"Shared Dirtied Blocks":0,"Shared Written Blocks":0,"Local Hit Blocks":0,"Local Read Blocks":0,"Local Dirtied Blocks":0,"Local Written Blocks":0,"Temp Read Blocks":215659,"Temp Written Blocks":215936,"I/O Read Time":0.0,"I/O Write Time":0.0,"Temp I/O Read Time":325.36,"Temp I/O Write Time":555.737,"Plans":[{"Node Type":"Sort","Parent Relationship":"Outer","Parallel Aware":false,"Async Capable":false,"Startup Cost":1466445.38,"Total Cost":1466695.35,"Plan Rows":99990,"Plan Width":71,"Actual Startup Time":29053.675,"Actual Total Time":29053.721,"Actual Rows":1000,"Actual Loops":1,"Output":["item.i_name","(substr((item.i_data)::text, 1, 3))","item.i_price","(count(DISTINCT mod((stock.s_w_id * stock.s_i_id), 10000)))"],"Sort Key":["(count(DISTINCT mod((stock.s_w_id * stock.s_i_id), 10000))) DESC"],"Sort Method":"top-N heapsort","Sort Space Used":128,"Sort Space Type":"Memory","Shared Hit Blocks":28703,"Shared Read Blocks":0,"Shared Dirtied Blocks":0,"Shared Written Blocks":0,"Local Hit Blocks":0,"Local Read Blocks":0,"Local Dirtied Blocks":0,"Local Written Blocks":0,"Temp Read Blocks":215659,"Temp Written Blocks":215936,"I/O Read Time":0.0,"I/O Write Time":0.0,"Temp I/O Read Time":325.36,"Temp I/O Write Time":555.737,"Plans":[{"Node Type":"Aggregate","Strategy":"Sorted","Partial Mode":"Simple","Parent Relationship":"Outer","Parallel Aware":false,"Async Capable":false,"Startup Cost":1372220.49,"Total Cost":1460963.03,"Plan Rows":99990,"Plan Width":71,"Actual Startup Time":24719.98,"Actual Total Time":29035.056,"Actual Rows":99976,"Actual Loops":1,"Output":["item.i_name","(substr((item.i_data)::text, 1, 3))","item.i_price","count(DISTINCT mod((stock.s_w_id * stock.s_i_id), 10000))"],"Group Key":["item.i_name","(substr((item.i_data)::text, 1, 3))","item.i_price"],"Shared Hit Blocks":28703,"Shared Read Blocks":0,"Shared Dirtied Blocks":0,"Shared Written Blocks":0,"Local Hit Blocks":0,"Local Read Blocks":0,"Local Dirtied Blocks":0,"Local Written Blocks":0,"Temp Read Blocks":215659,"Temp Written Blocks":215936,"I/O Read Time":0.0,"I/O Write Time":0.0,"Temp I/O Read Time":325.36,"Temp I/O Write Time":555.737,"Plans":[{"Node Type":"Sort","Parent Relationship":"Outer","Parallel Aware":false,"Async Capable":false,"Startup Cost":1372220.49,"Total Cost":1384719.44,"Plan Rows":4999581,"Plan Width":69,"Actual Startup Time":24719.882,"Actual Total Time":26110.929,"Actual Rows":9997600,"Actual Loops":1,"Output":["item.i_name","(substr((item.i_data)::text, 1, 3))","item.i_price","stock.s_w_id","stock.s_i_id"],"Sort Key":["item.i_name","(substr((item.i_data)::text, 1, 3))","item.i_price"],"Sort Method":"external merge","Sort Space Used":527960,"Sort Space Type":"Disk","Shared Hit Blocks":28703,"Shared Read Blocks":0,"Shared Dirtied Blocks":0,"Shared Written Blocks":0,"Local Hit Blocks":0,"Local Read Blocks":0,"Local Dirtied Blocks":0,"Local Written Blocks":0,"Temp Read Blocks":215659,"Temp Written Blocks":215936,"I/O Read Time":0.0,"I/O Write Time":0.0,"Temp I/O Read Time":325.36,"Temp I/O Write Time":555.737,"Plans":[{"Node Type":"Hash Join","Parent Relationship":"Outer","Parallel Aware":false,"Async Capable":false,"Join Type":"Inner","Startup Cost":5159.35,"Total Cost":405809.72,"Plan Rows":4999581,"Plan Width":69,"Actual Startup Time":37.636,"Actual Total Time":4761.193,"Actual Rows":9997600,"Actual Loops":1,"Output":["item.i_name","substr((item.i_data)::text, 1, 3)","item.i_price","stock.s_w_id","stock.s_i_id"],"Inner Unique":true,"Hash Cond":"(stock.s_i_id = item.i_id)","Shared Hit Blocks":28703,"Shared Read Blocks":0,"Shared Dirtied Blocks":0,"Shared Written Blocks":0,"Local Hit Blocks":0,"Local Read Blocks":0,"Local Dirtied Blocks":0,"Local Written Blocks":0,"Temp Read Blocks":17693,"Temp Written Blocks":17693,"I/O Read Time":0.0,"I/O Write Time":0.0,"Temp I/O Read Time":29.662,"Temp I/O Write Time":75.445,"Plans":[{"Node Type":"Index Only Scan","Parent Relationship":"Outer","Parallel Aware":false,"Async Capable":false,"Scan Direction":"Forward","Index Name":"stock_pk","Relation Name":"stock","Schema":"public","Alias":"stock","Startup Cost":24.48,"Total Cost":334716.12,"Plan Rows":5000081,"Plan Width":6,"Actual Startup Time":1.105,"Actual Total Time":987.444,"Actual Rows":10000000,"Actual Loops":1,"Output":["stock.s_w_id","stock.s_i_id"],"Filter":"(NOT (hashed SubPlan 1))","Rows Removed by Filter":0,"Heap Fetches":0,"Shared Hit Blocks":27338,"Shared Read Blocks":0,"Shared Dirtied Blocks":0,"Shared Written Blocks":0,"Local Hit Blocks":0,"Local Read Blocks":0,"Local Dirtied Blocks":0,"Local Written Blocks":0,"Temp Read Blocks":0,"Temp Written Blocks":0,"I/O Read Time":0.0,"I/O Write Time":0.0,"Temp I/O Read Time":0.0,"Temp I/O Write Time":0.0,"Plans":[{"Node Type":"Append","Parent Relationship":"SubPlan","Subplan Name":"SubPlan 1","Parallel Aware":false,"Async Capable":false,"Startup Cost":20.0,"Total Cost":24.04,"Plan Rows":2,"Plan Width":4,"Actual Startup Time":1.081,"Actual Total Time":1.084,"Actual Rows":0,"Actual Loops":1,"Shared Hit Blocks":0,"Shared Read Blocks":0,"Shared Dirtied Blocks":0,"Shared Written Blocks":0,"Local Hit Blocks":0,"Local Read Blocks":0,"Local Dirtied Blocks":0,"Local Written Blocks":0,"Temp Read Blocks":0,"Temp Written Blocks":0,"I/O Read Time":0.0,"I/O Write Time":0.0,"Temp I/O Read Time":0.0,"Temp I/O Write Time":0.0,"Subplans Removed":0,"Plans":[{"Node Type":"Custom Scan","Parent Relationship":"Member","Custom Plan Provider":"columnar scan","Parallel Aware":false,"Async Capable":false,"Relation Name":"supplier","Schema":"public","Alias":"supplier","Startup Cost":20.0,"Total Cost":20.02,"Plan Rows":1,"Plan Width":4,"Actual Startup Time":1.079,"Actual Total Time":1.081,"Actual Rows":0,"Actual Loops":1,"Output":["supplier.su_suppkey"],"Filter":"((supplier.su_comment)::text ~~ '%bad%'::text)","Rows Removed by Filter":0,"Rows Removed by Columnar Filter":10000,"Columnar cache search mode":"native","Shared Hit Blocks":0,"Shared Read Blocks":0,"Shared Dirtied Blocks":0,"Shared Written Blocks":0,"Local Hit Blocks":0,"Local Read Blocks":0,"Local Dirtied Blocks":0,"Local Written Blocks":0,"Temp Read Blocks":0,"Temp Written Blocks":0,"I/O Read Time":0.0,"I/O Write Time":0.0,"Temp I/O Read Time":0.0,"Temp I/O Write Time":0.0},{"Node Type":"Seq Scan","Parent Relationship":"Member","Parallel Aware":false,"Async Capable":false,"Relation Name":"supplier","Schema":"public","Alias":"supplier","Startup Cost":0.0,"Total Cost":4.01,"Plan Rows":1,"Plan Width":4,"Actual Startup Time":0.0,"Actual Total Time":0.0,"Actual Rows":0,"Actual Loops":0,"Output":["supplier.su_suppkey"],"Filter":"((supplier.su_comment)::text ~~ '%bad%'::text)","Rows Removed by Filter":0,"Shared Hit Blocks":0,"Shared Read Blocks":0,"Shared Dirtied Blocks":0,"Shared Written Blocks":0,"Local Hit Blocks":0,"Local Read Blocks":0,"Local Dirtied Blocks":0,"Local Written Blocks":0,"Temp Read Blocks":0,"Temp Written Blocks":0,"I/O Read Time":0.0,"I/O Write Time":0.0,"Temp I/O Read Time":0.0,"Temp I/O Write Time":0.0}]}]},{"Node Type":"Hash","Parent Relationship":"Inner","Parallel Aware":false,"Async Capable":false,"Startup Cost":2615.0,"Total Cost":2615.0,"Plan Rows":99990,"Plan Width":74,"Actual Startup Time":36.164,"Actual Total Time":36.166,"Actual Rows":99976,"Actual Loops":1,"Output":["item.i_name","item.i_data","item.i_price","item.i_id"],"Hash Buckets":131072,"Original Hash Buckets":131072,"Hash Batches":2,"Original Hash Batches":2,"Peak Memory Usage":6334,"Shared Hit Blocks":1365,"Shared Read Blocks":0,"Shared Dirtied Blocks":0,"Shared Written Blocks":0,"Local Hit Blocks":0,"Local Read Blocks":0,"Local Dirtied Blocks":0,"Local Written Blocks":0,"Temp Read Blocks":0,"Temp Written Blocks":591,"I/O Read Time":0.0,"I/O Write Time":0.0,"Temp I/O Read Time":0.0,"Temp I/O Write Time":2.2,"Plans":[{"Node Type":"Seq Scan","Parent Relationship":"Outer","Parallel Aware":false,"Async Capable":false,"Relation Name":"item","Schema":"public","Alias":"item","Startup Cost":0.0,"Total Cost":2615.0,"Plan Rows":99990,"Plan Width":74,"Actual Startup Time":0.011,"Actual Total Time":16.208,"Actual Rows":99976,"Actual Loops":1,"Output":["item.i_name","item.i_data","item.i_price","item.i_id"],"Filter":"((item.i_data)::text !~~ 'zz%'::text)","Rows Removed by Filter":24,"Shared Hit Blocks":1365,"Shared Read Blocks":0,"Shared Dirtied Blocks":0,"Shared Written Blocks":0,"Local Hit Blocks":0,"Local Read Blocks":0,"Local Dirtied Blocks":0,"Local Written Blocks":0,"Temp Read Blocks":0,"Temp Written Blocks":0,"I/O Read Time":0.0,"I/O Write Time":0.0,"Temp I/O Read Time":0.0,"Temp I/O Write Time":0.0}]}]}]}]}]}]},"Planning":{"Shared Hit Blocks":8,"Shared Read Blocks":0,"Shared Dirtied Blocks":0,"Shared Written Blocks":0,"Local Hit Blocks":0,"Local Read Blocks":0,"Local Dirtied Blocks":0,"Local Written Blocks":0,"Temp Read Blocks":0,"Temp Written Blocks":0,"I/O Read Time":0.0,"I/O Write Time":0.0,"Temp I/O Read Time":0.0,"Temp I/O Write Time":0.0},"Planning Time":0.819,"Triggers":[],"Execution Time":29132.532}]
[列存组合]: item, stock, supplier
[{"Plan":{"Node Type":"Limit","Parallel Aware":false,"Async Capable":false,"Startup Cost":1466394.11,"Total Cost":1466396.61,"Plan Rows":1000,"Plan Width":71,"Actual Startup Time":29087.676,"Actual Total Time":29087.792,"Actual Rows":1000,"Actual Loops":1,"Output":["item.i_name","(substr((item.i_data)::text, 1, 3))","item.i_price","(count(DISTINCT mod((stock.s_w_id * stock.s_i_id), 10000)))"],"Shared Hit Blocks":27338,"Shared Read Blocks":0,"Shared Dirtied Blocks":0,"Shared Written Blocks":0,"Local Hit Blocks":0,"Local Read Blocks":0,"Local Dirtied Blocks":0,"Local Written Blocks":0,"Temp Read Blocks":215659,"Temp Written Blocks":215936,"I/O Read Time":0.0,"I/O Write Time":0.0,"Temp I/O Read Time":324.283,"Temp I/O Write Time":556.416,"Plans":[{"Node Type":"Sort","Parent Relationship":"Outer","Parallel Aware":false,"Async Capable":false,"Startup Cost":1466394.11,"Total Cost":1466644.09,"Plan Rows":99990,"Plan Width":71,"Actual Startup Time":29087.674,"Actual Total Time":29087.723,"Actual Rows":1000,"Actual Loops":1,"Output":["item.i_name","(substr((item.i_data)::text, 1, 3))","item.i_price","(count(DISTINCT mod((stock.s_w_id * stock.s_i_id), 10000)))"],"Sort Key":["(count(DISTINCT mod((stock.s_w_id * stock.s_i_id), 10000))) DESC"],"Sort Method":"top-N heapsort","Sort Space Used":128,"Sort Space Type":"Memory","Shared Hit Blocks":27338,"Shared Read Blocks":0,"Shared Dirtied Blocks":0,"Shared Written Blocks":0,"Local Hit Blocks":0,"Local Read Blocks":0,"Local Dirtied Blocks":0,"Local Written Blocks":0,"Temp Read Blocks":215659,"Temp Written Blocks":215936,"I/O Read Time":0.0,"I/O Write Time":0.0,"Temp I/O Read Time":324.283,"Temp I/O Write Time":556.416,"Plans":[{"Node Type":"Aggregate","Strategy":"Sorted","Partial Mode":"Simple","Parent Relationship":"Outer","Parallel Aware":false,"Async Capable":false,"Startup Cost":1372169.23,"Total Cost":1460911.77,"Plan Rows":99990,"Plan Width":71,"Actual Startup Time":24791.232,"Actual Total Time":29068.714,"Actual Rows":99976,"Actual Loops":1,"Output":["item.i_name","(substr((item.i_data)::text, 1, 3))","item.i_price","count(DISTINCT mod((stock.s_w_id * stock.s_i_id), 10000))"],"Group Key":["item.i_name","(substr((item.i_data)::text, 1, 3))","item.i_price"],"Shared Hit Blocks":27338,"Shared Read Blocks":0,"Shared Dirtied Blocks":0,"Shared Written Blocks":0,"Local Hit Blocks":0,"Local Read Blocks":0,"Local Dirtied Blocks":0,"Local Written Blocks":0,"Temp Read Blocks":215659,"Temp Written Blocks":215936,"I/O Read Time":0.0,"I/O Write Time":0.0,"Temp I/O Read Time":324.283,"Temp I/O Write Time":556.416,"Plans":[{"Node Type":"Sort","Parent Relationship":"Outer","Parallel Aware":false,"Async Capable":false,"Startup Cost":1372169.23,"Total Cost":1384668.18,"Plan Rows":4999581,"Plan Width":69,"Actual Startup Time":24791.139,"Actual Total Time":26180.002,"Actual Rows":9997600,"Actual Loops":1,"Output":["item.i_name","(substr((item.i_data)::text, 1, 3))","item.i_price","stock.s_w_id","stock.s_i_id"],"Sort Key":["item.i_name","(substr((item.i_data)::text, 1, 3))","item.i_price"],"Sort Method":"external merge","Sort Space Used":527960,"Sort Space Type":"Disk","Shared Hit Blocks":27338,"Shared Read Blocks":0,"Shared Dirtied Blocks":0,"Shared Written Blocks":0,"Local Hit Blocks":0,"Local Read Blocks":0,"Local Dirtied Blocks":0,"Local Written Blocks":0,"Temp Read Blocks":215659,"Temp Written Blocks":215936,"I/O Read Time":0.0,"I/O Write Time":0.0,"Temp I/O Read Time":324.283,"Temp I/O Write Time":556.416,"Plans":[{"Node Type":"Hash Join","Parent Relationship":"Outer","Parallel Aware":false,"Async Capable":false,"Join Type":"Inner","Startup Cost":5108.09,"Total Cost":405758.45,"Plan Rows":4999581,"Plan Width":69,"Actual Startup Time":61.657,"Actual Total Time":4807.653,"Actual Rows":9997600,"Actual Loops":1,"Output":["item.i_name","substr((item.i_data)::text, 1, 3)","item.i_price","stock.s_w_id","stock.s_i_id"],"Inner Unique":true,"Hash Cond":"(stock.s_i_id = item.i_id)","Shared Hit Blocks":27338,"Shared Read Blocks":0,"Shared Dirtied Blocks":0,"Shared Written Blocks":0,"Local Hit Blocks":0,"Local Read Blocks":0,"Local Dirtied Blocks":0,"Local Written Blocks":0,"Temp Read Blocks":17693,"Temp Written Blocks":17693,"I/O Read Time":0.0,"I/O Write Time":0.0,"Temp I/O Read Time":29.604,"Temp I/O Write Time":75.837,"Plans":[{"Node Type":"Index Only Scan","Parent Relationship":"Outer","Parallel Aware":false,"Async Capable":false,"Scan Direction":"Forward","Index Name":"stock_pk","Relation Name":"stock","Schema":"public","Alias":"stock","Startup Cost":24.48,"Total Cost":334716.12,"Plan Rows":5000081,"Plan Width":6,"Actual Startup Time":1.028,"Actual Total Time":996.088,"Actual Rows":10000000,"Actual Loops":1,"Output":["stock.s_w_id","stock.s_i_id"],"Filter":"(NOT (hashed SubPlan 1))","Rows Removed by Filter":0,"Heap Fetches":0,"Shared Hit Blocks":27338,"Shared Read Blocks":0,"Shared Dirtied Blocks":0,"Shared Written Blocks":0,"Local Hit Blocks":0,"Local Read Blocks":0,"Local Dirtied Blocks":0,"Local Written Blocks":0,"Temp Read Blocks":0,"Temp Written Blocks":0,"I/O Read Time":0.0,"I/O Write Time":0.0,"Temp I/O Read Time":0.0,"Temp I/O Write Time":0.0,"Plans":[{"Node Type":"Append","Parent Relationship":"SubPlan","Subplan Name":"SubPlan 1","Parallel Aware":false,"Async Capable":false,"Startup Cost":20.0,"Total Cost":24.04,"Plan Rows":2,"Plan Width":4,"Actual Startup Time":1.002,"Actual Total Time":1.008,"Actual Rows":0,"Actual Loops":1,"Shared Hit Blocks":0,"Shared Read Blocks":0,"Shared Dirtied Blocks":0,"Shared Written Blocks":0,"Local Hit Blocks":0,"Local Read Blocks":0,"Local Dirtied Blocks":0,"Local Written Blocks":0,"Temp Read Blocks":0,"Temp Written Blocks":0,"I/O Read Time":0.0,"I/O Write Time":0.0,"Temp I/O Read Time":0.0,"Temp I/O Write Time":0.0,"Subplans Removed":0,"Plans":[{"Node Type":"Custom Scan","Parent Relationship":"Member","Custom Plan Provider":"columnar scan","Parallel Aware":false,"Async Capable":false,"Relation Name":"supplier","Schema":"public","Alias":"supplier","Startup Cost":20.0,"Total Cost":20.02,"Plan Rows":1,"Plan Width":4,"Actual Startup Time":1.0,"Actual Total Time":1.002,"Actual Rows":0,"Actual Loops":1,"Output":["supplier.su_suppkey"],"Filter":"((supplier.su_comment)::text ~~ '%bad%'::text)","Rows Removed by Filter":0,"Rows Removed by Columnar Filter":10000,"Columnar cache search mode":"native","Shared Hit Blocks":0,"Shared Read Blocks":0,"Shared Dirtied Blocks":0,"Shared Written Blocks":0,"Local Hit Blocks":0,"Local Read Blocks":0,"Local Dirtied Blocks":0,"Local Written Blocks":0,"Temp Read Blocks":0,"Temp Written Blocks":0,"I/O Read Time":0.0,"I/O Write Time":0.0,"Temp I/O Read Time":0.0,"Temp I/O Write Time":0.0},{"Node Type":"Seq Scan","Parent Relationship":"Member","Parallel Aware":false,"Async Capable":false,"Relation Name":"supplier","Schema":"public","Alias":"supplier","Startup Cost":0.0,"Total Cost":4.01,"Plan Rows":1,"Plan Width":4,"Actual Startup Time":0.0,"Actual Total Time":0.0,"Actual Rows":0,"Actual Loops":0,"Output":["supplier.su_suppkey"],"Filter":"((supplier.su_comment)::text ~~ '%bad%'::text)","Rows Removed by Filter":0,"Shared Hit Blocks":0,"Shared Read Blocks":0,"Shared Dirtied Blocks":0,"Shared Written Blocks":0,"Local Hit Blocks":0,"Local Read Blocks":0,"Local Dirtied Blocks":0,"Local Written Blocks":0,"Temp Read Blocks":0,"Temp Written Blocks":0,"I/O Read Time":0.0,"I/O Write Time":0.0,"Temp I/O Read Time":0.0,"Temp I/O Write Time":0.0}]}]},{"Node Type":"Hash","Parent Relationship":"Inner","Parallel Aware":false,"Async Capable":false,"Startup Cost":2563.73,"Total Cost":2563.73,"Plan Rows":99991,"Plan Width":74,"Actual Startup Time":60.249,"Actual Total Time":60.255,"Actual Rows":99976,"Actual Loops":1,"Output":["item.i_name","item.i_data","item.i_price","item.i_id"],"Hash Buckets":131072,"Original Hash Buckets":131072,"Hash Batches":2,"Original Hash Batches":2,"Peak Memory Usage":6334,"Shared Hit Blocks":0,"Shared Read Blocks":0,"Shared Dirtied Blocks":0,"Shared Written Blocks":0,"Local Hit Blocks":0,"Local Read Blocks":0,"Local Dirtied Blocks":0,"Local Written Blocks":0,"Temp Read Blocks":0,"Temp Written Blocks":591,"I/O Read Time":0.0,"I/O Write Time":0.0,"Temp I/O Read Time":0.0,"Temp I/O Write Time":2.35,"Plans":[{"Node Type":"Append","Parent Relationship":"Outer","Parallel Aware":false,"Async Capable":false,"Startup Cost":20.0,"Total Cost":2563.73,"Plan Rows":99991,"Plan Width":74,"Actual Startup Time":2.952,"Actual Total Time":32.057,"Actual Rows":99976,"Actual Loops":1,"Shared Hit Blocks":0,"Shared Read Blocks":0,"Shared Dirtied Blocks":0,"Shared Written Blocks":0,"Local Hit Blocks":0,"Local Read Blocks":0,"Local Dirtied Blocks":0,"Local Written Blocks":0,"Temp Read Blocks":0,"Temp Written Blocks":0,"I/O Read Time":0.0,"I/O Write Time":0.0,"Temp I/O Read Time":0.0,"Temp I/O Write Time":0.0,"Subplans Removed":0,"Plans":[{"Node Type":"Custom Scan","Parent Relationship":"Member","Custom Plan Provider":"columnar scan","Parallel Aware":false,"Async Capable":false,"Relation Name":"item","Schema":"public","Alias":"item","Startup Cost":20.0,"Total Cost":2369.77,"Plan Rows":99990,"Plan Width":74,"Actual Startup Time":2.951,"Actual Total Time":23.076,"Actual Rows":99976,"Actual Loops":1,"Output":["item.i_name","item.i_data","item.i_price","item.i_id"],"Filter":"((item.i_data)::text !~~ 'zz%'::text)","Rows Removed by Filter":0,"Rows Removed by Columnar Filter":24,"Columnar cache search mode":"native","Shared Hit Blocks":0,"Shared Read Blocks":0,"Shared Dirtied Blocks":0,"Shared Written Blocks":0,"Local Hit Blocks":0,"Local Read Blocks":0,"Local Dirtied Blocks":0,"Local Written Blocks":0,"Temp Read Blocks":0,"Temp Written Blocks":0,"I/O Read Time":0.0,"I/O Write Time":0.0,"Temp I/O Read Time":0.0,"Temp I/O Write Time":0.0},{"Node Type":"Seq Scan","Parent Relationship":"Member","Parallel Aware":false,"Async Capable":false,"Relation Name":"item","Schema":"public","Alias":"item","Startup Cost":0.0,"Total Cost":4.01,"Plan Rows":1,"Plan Width":74,"Actual Startup Time":0.0,"Actual Total Time":0.0,"Actual Rows":0,"Actual Loops":0,"Output":["item.i_name","item.i_data","item.i_price","item.i_id"],"Filter":"((item.i_data)::text !~~ 'zz%'::text)","Rows Removed by Filter":0,"Shared Hit Blocks":0,"Shared Read Blocks":0,"Shared Dirtied Blocks":0,"Shared Written Blocks":0,"Local Hit Blocks":0,"Local Read Blocks":0,"Local Dirtied Blocks":0,"Local Written Blocks":0,"Temp Read Blocks":0,"Temp Written Blocks":0,"I/O Read Time":0.0,"I/O Write Time":0.0,"Temp I/O Read Time":0.0,"Temp I/O Write Time":0.0}]}]}]}]}]}]}]},"Planning":{"Shared Hit Blocks":8,"Shared Read Blocks":0,"Shared Dirtied Blocks":0,"Shared Written Blocks":0,"Local Hit Blocks":0,"Local Read Blocks":0,"Local Dirtied Blocks":0,"Local Written Blocks":0,"Temp Read Blocks":0,"Temp Written Blocks":0,"I/O Read Time":0.0,"I/O Write Time":0.0,"Temp I/O Read Time":0.0,"Temp I/O Write Time":0.0},"Planning Time":0.862,"Triggers":[],"Execution Time":29166.475}]
