[列存组合]: 无列存
[{"Plan":{"Node Type":"Aggregate","Strategy":"Plain","Partial Mode":"Simple","Parallel Aware":false,"Async Capable":false,"Startup Cost":1546761.14,"Total Cost":1546761.15,"Plan Rows":1,"Plan Width":32,"Actual Startup Time":9167.427,"Actual Total Time":9167.438,"Actual Rows":1,"Actual Loops":1,"Output":["(sum(order_line.ol_amount) / 2.0)"],"Shared Hit Blocks":683133,"Shared Read Blocks":0,"Shared Dirtied Blocks":0,"Shared Written Blocks":0,"Local Hit Blocks":0,"Local Read Blocks":0,"Local Dirtied Blocks":0,"Local Written Blocks":0,"Temp Read Blocks":0,"Temp Written Blocks":0,"I/O Read Time":0.0,"I/O Write Time":0.0,"Temp I/O Read Time":0.0,"Temp I/O Write Time":0.0,"Plans":[{"Node Type":"Hash Join","Parent Relationship":"Outer","Parallel Aware":false,"Async Capable":false,"Join Type":"Inner","Startup Cost":775614.95,"Total Cost":1546404.21,"Plan Rows":142770,"Plan Width":4,"Actual Startup Time":9167.416,"Actual Total Time":9167.427,"Actual Rows":0,"Actual Loops":1,"Output":["order_line.ol_amount"],"Inner Unique":true,"Hash Cond":"(order_line.ol_i_id = item.i_id)","Join Filter":"((order_line.ol_quantity)::numeric < (avg(order_line_1.ol_quantity)))","Rows Removed by Join Filter":330044,"Shared Hit Blocks":683133,"Shared Read Blocks":0,"Shared Dirtied Blocks":0,"Shared Written Blocks":0,"Local Hit Blocks":0,"Local Read Blocks":0,"Local Dirtied Blocks":0,"Local Written Blocks":0,"Temp Read Blocks":0,"Temp Written Blocks":0,"I/O Read Time":0.0,"I/O Write Time":0.0,"Temp I/O Read Time":0.0,"Temp I/O Write Time":0.0,"Plans":[{"Node Type":"Seq Scan","Parent Relationship":"Outer","Parallel Aware":false,"Async Capable":false,"Relation Name":"order_line","Schema":"public","Alias":"order_line","Startup Cost":0.0,"Total Cost":715856.4,"Plan Rows":20926367,"Plan Width":10,"Actual Startup Time":0.009,"Actual Total Time":2814.883,"Actual Rows":21002151,"Actual Loops":1,"Output":["order_line.ol_o_id","order_line.ol_d_id","order_line.ol_w_id","order_line.ol_number","order_line.ol_i_id","order_line.ol_supply_w_id","order_line.ol_delivery_d","order_line.ol_quantity","order_line.ol_amount","order_line.ol_dist_info"],"Filter":"(order_line.ol_delivery_d >= '1992-01-02 20:10:02.27764'::timestamp without time zone)","Rows Removed by Filter":8995581,"Shared Hit Blocks":340884,"Shared Read Blocks":0,"Shared Dirtied Blocks":0,"Shared Written Blocks":0,"Local Hit Blocks":0,"Local Read Blocks":0,"Local Dirtied Blocks":0,"Local Written Blocks":0,"Temp Read Blocks":0,"Temp Written Blocks":0,"I/O Read Time":0.0,"I/O Write Time":0.0,"Temp I/O Read Time":0.0,"Temp I/O Write Time":0.0},{"Node Type":"Hash","Parent Relationship":"Inner","Parallel Aware":false,"Async Capable":false,"Startup Cost":775589.7,"Total Cost":775589.7,"Plan Rows":2020,"Plan Width":36,"Actual Startup Time":4575.079,"Actual Total Time":4575.088,"Actual Rows":1572,"Actual Loops":1,"Output":["item.i_id","(avg(order_line_1.ol_quantity))"],"Hash Buckets":2048,"Original Hash Buckets":2048,"Hash Batches":1,"Original Hash Batches":1,"Peak Memory Usage":79,"Shared Hit Blocks":342249,"Shared Read Blocks":0,"Shared Dirtied Blocks":0,"Shared Written Blocks":0,"Local Hit Blocks":0,"Local Read Blocks":0,"Local Dirtied Blocks":0,"Local Written Blocks":0,"Temp Read Blocks":0,"Temp Written Blocks":0,"I/O Read Time":0.0,"I/O Write Time":0.0,"Temp I/O Read Time":0.0,"Temp I/O Write Time":0.0,"Plans":[{"Node Type":"Aggregate","Strategy":"Hashed","Partial Mode":"Simple","Parent Relationship":"Outer","Parallel Aware":false,"Async Capable":false,"Startup Cost":775544.25,"Total Cost":775569.5,"Plan Rows":2020,"Plan Width":36,"Actual Startup Time":4574.347,"Actual Total Time":4574.867,"Actual Rows":1572,"Actual Loops":1,"Output":["item.i_id","avg(order_line_1.ol_quantity)"],"Group Key":["item.i_id"],"Planned Partitions":0,"HashAgg Batches":1,"Peak Memory Usage":369,"Disk Usage":0,"Shared Hit Blocks":342249,"Shared Read Blocks":0,"Shared Dirtied Blocks":0,"Shared Written Blocks":0,"Local Hit Blocks":0,"Local Read Blocks":0,"Local Dirtied Blocks":0,"Local Written Blocks":0,"Temp Read Blocks":0,"Temp Written Blocks":0,"I/O Read Time":0.0,"I/O Write Time":0.0,"Temp I/O Read Time":0.0,"Temp I/O Write Time":0.0,"Plans":[{"Node Type":"Hash Join","Parent Relationship":"Outer","Parallel Aware":false,"Async Capable":false,"Join Type":"Inner","Startup Cost":2640.25,"Total Cost":773430.69,"Plan Rows":422713,"Plan Width":6,"Actual Startup Time":13.711,"Actual Total Time":4513.335,"Actual Rows":330044,"Actual Loops":1,"Output":["item.i_id","order_line_1.ol_quantity"],"Inner Unique":true,"Hash Cond":"(order_line_1.ol_i_id = item.i_id)","Shared Hit Blocks":342249,"Shared Read Blocks":0,"Shared Dirtied Blocks":0,"Shared Written Blocks":0,"Local Hit Blocks":0,"Local Read Blocks":0,"Local Dirtied Blocks":0,"Local Written Blocks":0,"Temp Read Blocks":0,"Temp Written Blocks":0,"I/O Read Time":0.0,"I/O Write Time":0.0,"Temp I/O Read Time":0.0,"Temp I/O Write Time":0.0,"Plans":[{"Node Type":"Seq Scan","Parent Relationship":"Outer","Parallel Aware":false,"Async Capable":false,"Relation Name":"order_line","Schema":"public","Alias":"order_line_1","Startup Cost":0.0,"Total Cost":715856.4,"Plan Rows":20926367,"Plan Width":6,"Actual Startup Time":0.002,"Actual Total Time":2791.35,"Actual Rows":21002151,"Actual Loops":1,"Output":["order_line_1.ol_o_id","order_line_1.ol_d_id","order_line_1.ol_w_id","order_line_1.ol_number","order_line_1.ol_i_id","order_line_1.ol_supply_w_id","order_line_1.ol_delivery_d","order_line_1.ol_quantity","order_line_1.ol_amount","order_line_1.ol_dist_info"],"Filter":"(order_line_1.ol_delivery_d >= '1992-01-02 20:10:02.27764'::timestamp without time zone)","Rows Removed by Filter":8995581,"Shared Hit Blocks":340884,"Shared Read Blocks":0,"Shared Dirtied Blocks":0,"Shared Written Blocks":0,"Local Hit Blocks":0,"Local Read Blocks":0,"Local Dirtied Blocks":0,"Local Written Blocks":0,"Temp Read Blocks":0,"Temp Written Blocks":0,"I/O Read Time":0.0,"I/O Write Time":0.0,"Temp I/O Read Time":0.0,"Temp I/O Write Time":0.0},{"Node Type":"Hash","Parent Relationship":"Inner","Parallel Aware":false,"Async Capable":false,"Startup Cost":2615.0,"Total Cost":2615.0,"Plan Rows":2020,"Plan Width":4,"Actual Startup Time":13.701,"Actual Total Time":13.702,"Actual Rows":1572,"Actual Loops":1,"Output":["item.i_id"],"Hash Buckets":2048,"Original Hash Buckets":2048,"Hash Batches":1,"Original Hash Batches":1,"Peak Memory Usage":72,"Shared Hit Blocks":1365,"Shared Read Blocks":0,"Shared Dirtied Blocks":0,"Shared Written Blocks":0,"Local Hit Blocks":0,"Local Read Blocks":0,"Local Dirtied Blocks":0,"Local Written Blocks":0,"Temp Read Blocks":0,"Temp Written Blocks":0,"I/O Read Time":0.0,"I/O Write Time":0.0,"Temp I/O Read Time":0.0,"Temp I/O Write Time":0.0,"Plans":[{"Node Type":"Seq Scan","Parent Relationship":"Outer","Parallel Aware":false,"Async Capable":false,"Relation Name":"item","Schema":"public","Alias":"item","Startup Cost":0.0,"Total Cost":2615.0,"Plan Rows":2020,"Plan Width":4,"Actual Startup Time":0.01,"Actual Total Time":13.488,"Actual Rows":1572,"Actual Loops":1,"Output":["item.i_id"],"Filter":"((item.i_data)::text ~~ '%b'::text)","Rows Removed by Filter":98428,"Shared Hit Blocks":1365,"Shared Read Blocks":0,"Shared Dirtied Blocks":0,"Shared Written Blocks":0,"Local Hit Blocks":0,"Local Read Blocks":0,"Local Dirtied Blocks":0,"Local Written Blocks":0,"Temp Read Blocks":0,"Temp Written Blocks":0,"I/O Read Time":0.0,"I/O Write Time":0.0,"Temp I/O Read Time":0.0,"Temp I/O Write Time":0.0}]}]}]}]}]}]},"Planning":{"Shared Hit Blocks":6,"Shared Read Blocks":0,"Shared Dirtied Blocks":0,"Shared Written Blocks":0,"Local Hit Blocks":0,"Local Read Blocks":0,"Local Dirtied Blocks":0,"Local Written Blocks":0,"Temp Read Blocks":0,"Temp Written Blocks":0,"I/O Read Time":0.0,"I/O Write Time":0.0,"Temp I/O Read Time":0.0,"Temp I/O Write Time":0.0},"Planning Time":0.27,"Triggers":[],"Execution Time":9167.562}]
[列存组合]: item
[{"Plan":{"Node Type":"Aggregate","Strategy":"Plain","Partial Mode":"Simple","Parallel Aware":false,"Async Capable":false,"Startup Cost":1545333.51,"Total Cost":1545333.52,"Plan Rows":1,"Plan Width":32,"Actual Startup Time":8992.67,"Actual Total Time":8992.688,"Actual Rows":1,"Actual Loops":1,"Output":["(sum(order_line.ol_amount) / 2.0)"],"Shared Hit Blocks":681768,"Shared Read Blocks":0,"Shared Dirtied Blocks":0,"Shared Written Blocks":0,"Local Hit Blocks":0,"Local Read Blocks":0,"Local Dirtied Blocks":0,"Local Written Blocks":0,"Temp Read Blocks":0,"Temp Written Blocks":0,"I/O Read Time":0.0,"I/O Write Time":0.0,"Temp I/O Read Time":0.0,"Temp I/O Write Time":0.0,"Plans":[{"Node Type":"Hash Join","Parent Relationship":"Outer","Parallel Aware":false,"Async Capable":false,"Join Type":"Inner","Startup Cost":774187.33,"Total Cost":1544976.58,"Plan Rows":142770,"Plan Width":4,"Actual Startup Time":8992.658,"Actual Total Time":8992.675,"Actual Rows":0,"Actual Loops":1,"Output":["order_line.ol_amount"],"Inner Unique":true,"Hash Cond":"(order_line.ol_i_id = item.i_id)","Join Filter":"((order_line.ol_quantity)::numeric < (avg(order_line_1.ol_quantity)))","Rows Removed by Join Filter":330044,"Shared Hit Blocks":681768,"Shared Read Blocks":0,"Shared Dirtied Blocks":0,"Shared Written Blocks":0,"Local Hit Blocks":0,"Local Read Blocks":0,"Local Dirtied Blocks":0,"Local Written Blocks":0,"Temp Read Blocks":0,"Temp Written Blocks":0,"I/O Read Time":0.0,"I/O Write Time":0.0,"Temp I/O Read Time":0.0,"Temp I/O Write Time":0.0,"Plans":[{"Node Type":"Seq Scan","Parent Relationship":"Outer","Parallel Aware":false,"Async Capable":false,"Relation Name":"order_line","Schema":"public","Alias":"order_line","Startup Cost":0.0,"Total Cost":715856.4,"Plan Rows":20926367,"Plan Width":10,"Actual Startup Time":0.009,"Actual Total Time":2752.837,"Actual Rows":21002151,"Actual Loops":1,"Output":["order_line.ol_o_id","order_line.ol_d_id","order_line.ol_w_id","order_line.ol_number","order_line.ol_i_id","order_line.ol_supply_w_id","order_line.ol_delivery_d","order_line.ol_quantity","order_line.ol_amount","order_line.ol_dist_info"],"Filter":"(order_line.ol_delivery_d >= '1992-01-02 20:10:02.27764'::timestamp without time zone)","Rows Removed by Filter":8995581,"Shared Hit Blocks":340884,"Shared Read Blocks":0,"Shared Dirtied Blocks":0,"Shared Written Blocks":0,"Local Hit Blocks":0,"Local Read Blocks":0,"Local Dirtied Blocks":0,"Local Written Blocks":0,"Temp Read Blocks":0,"Temp Written Blocks":0,"I/O Read Time":0.0,"I/O Write Time":0.0,"Temp I/O Read Time":0.0,"Temp I/O Write Time":0.0},{"Node Type":"Hash","Parent Relationship":"Inner","Parallel Aware":false,"Async Capable":false,"Startup Cost":774162.08,"Total Cost":774162.08,"Plan Rows":2020,"Plan Width":36,"Actual Startup Time":4541.982,"Actual Total Time":4541.997,"Actual Rows":1572,"Actual Loops":1,"Output":["item.i_id","(avg(order_line_1.ol_quantity))"],"Hash Buckets":2048,"Original Hash Buckets":2048,"Hash Batches":1,"Original Hash Batches":1,"Peak Memory Usage":79,"Shared Hit Blocks":340884,"Shared Read Blocks":0,"Shared Dirtied Blocks":0,"Shared Written Blocks":0,"Local Hit Blocks":0,"Local Read Blocks":0,"Local Dirtied Blocks":0,"Local Written Blocks":0,"Temp Read Blocks":0,"Temp Written Blocks":0,"I/O Read Time":0.0,"I/O Write Time":0.0,"Temp I/O Read Time":0.0,"Temp I/O Write Time":0.0,"Plans":[{"Node Type":"Aggregate","Strategy":"Hashed","Partial Mode":"Simple","Parent Relationship":"Outer","Parallel Aware":false,"Async Capable":false,"Startup Cost":774116.63,"Total Cost":774141.88,"Plan Rows":2020,"Plan Width":36,"Actual Startup Time":4541.338,"Actual Total Time":4541.76,"Actual Rows":1572,"Actual Loops":1,"Output":["item.i_id","avg(order_line_1.ol_quantity)"],"Group Key":["item.i_id"],"Planned Partitions":0,"HashAgg Batches":1,"Peak Memory Usage":369,"Disk Usage":0,"Shared Hit Blocks":340884,"Shared Read Blocks":0,"Shared Dirtied Blocks":0,"Shared Written Blocks":0,"Local Hit Blocks":0,"Local Read Blocks":0,"Local Dirtied Blocks":0,"Local Written Blocks":0,"Temp Read Blocks":0,"Temp Written Blocks":0,"I/O Read Time":0.0,"I/O Write Time":0.0,"Temp I/O Read Time":0.0,"Temp I/O Write Time":0.0,"Plans":[{"Node Type":"Hash Join","Parent Relationship":"Outer","Parallel Aware":false,"Async Capable":false,"Join Type":"Inner","Startup Cost":1212.62,"Total Cost":772003.06,"Plan Rows":422713,"Plan Width":6,"Actual Startup Time":8.096,"Actual Total Time":4482.546,"Actual Rows":330044,"Actual Loops":1,"Output":["item.i_id","order_line_1.ol_quantity"],"Inner Unique":true,"Hash Cond":"(order_line_1.ol_i_id = item.i_id)","Shared Hit Blocks":340884,"Shared Read Blocks":0,"Shared Dirtied Blocks":0,"Shared Written Blocks":0,"Local Hit Blocks":0,"Local Read Blocks":0,"Local Dirtied Blocks":0,"Local Written Blocks":0,"Temp Read Blocks":0,"Temp Written Blocks":0,"I/O Read Time":0.0,"I/O Write Time":0.0,"Temp I/O Read Time":0.0,"Temp I/O Write Time":0.0,"Plans":[{"Node Type":"Seq Scan","Parent Relationship":"Outer","Parallel Aware":false,"Async Capable":false,"Relation Name":"order_line","Schema":"public","Alias":"order_line_1","Startup Cost":0.0,"Total Cost":715856.4,"Plan Rows":20926367,"Plan Width":6,"Actual Startup Time":0.002,"Actual Total Time":2766.953,"Actual Rows":21002151,"Actual Loops":1,"Output":["order_line_1.ol_o_id","order_line_1.ol_d_id","order_line_1.ol_w_id","order_line_1.ol_number","order_line_1.ol_i_id","order_line_1.ol_supply_w_id","order_line_1.ol_delivery_d","order_line_1.ol_quantity","order_line_1.ol_amount","order_line_1.ol_dist_info"],"Filter":"(order_line_1.ol_delivery_d >= '1992-01-02 20:10:02.27764'::timestamp without time zone)","Rows Removed by Filter":8995581,"Shared Hit Blocks":340884,"Shared Read Blocks":0,"Shared Dirtied Blocks":0,"Shared Written Blocks":0,"Local Hit Blocks":0,"Local Read Blocks":0,"Local Dirtied Blocks":0,"Local Written Blocks":0,"Temp Read Blocks":0,"Temp Written Blocks":0,"I/O Read Time":0.0,"I/O Write Time":0.0,"Temp I/O Read Time":0.0,"Temp I/O Write Time":0.0},{"Node Type":"Hash","Parent Relationship":"Inner","Parallel Aware":false,"Async Capable":false,"Startup Cost":1187.36,"Total Cost":1187.36,"Plan Rows":2021,"Plan Width":4,"Actual Startup Time":8.081,"Actual Total Time":8.087,"Actual Rows":1572,"Actual Loops":1,"Output":["item.i_id"],"Hash Buckets":2048,"Original Hash Buckets":2048,"Hash Batches":1,"Original Hash Batches":1,"Peak Memory Usage":72,"Shared Hit Blocks":0,"Shared Read Blocks":0,"Shared Dirtied Blocks":0,"Shared Written Blocks":0,"Local Hit Blocks":0,"Local Read Blocks":0,"Local Dirtied Blocks":0,"Local Written Blocks":0,"Temp Read Blocks":0,"Temp Written Blocks":0,"I/O Read Time":0.0,"I/O Write Time":0.0,"Temp I/O Read Time":0.0,"Temp I/O Write Time":0.0,"Plans":[{"Node Type":"Append","Parent Relationship":"Outer","Parallel Aware":false,"Async Capable":false,"Startup Cost":20.0,"Total Cost":1187.36,"Plan Rows":2021,"Plan Width":4,"Actual Startup Time":7.244,"Actual Total Time":7.896,"Actual Rows":1572,"Actual Loops":1,"Shared Hit Blocks":0,"Shared Read Blocks":0,"Shared Dirtied Blocks":0,"Shared Written Blocks":0,"Local Hit Blocks":0,"Local Read Blocks":0,"Local Dirtied Blocks":0,"Local Written Blocks":0,"Temp Read Blocks":0,"Temp Written Blocks":0,"I/O Read Time":0.0,"I/O Write Time":0.0,"Temp I/O Read Time":0.0,"Temp I/O Write Time":0.0,"Subplans Removed":0,"Plans":[{"Node Type":"Custom Scan","Parent Relationship":"Member","Custom Plan Provider":"columnar scan","Parallel Aware":false,"Async Capable":false,"Relation Name":"item","Schema":"public","Alias":"item","Startup Cost":20.0,"Total Cost":55.36,"Plan Rows":2020,"Plan Width":4,"Actual Startup Time":7.242,"Actual Total Time":7.779,"Actual Rows":1572,"Actual Loops":1,"Output":["item.i_id"],"Filter":"((item.i_data)::text ~~ '%b'::text)","Rows Removed by Filter":0,"Rows Removed by Columnar Filter":98428,"Columnar cache search mode":"native","Shared Hit Blocks":0,"Shared Read Blocks":0,"Shared Dirtied Blocks":0,"Shared Written Blocks":0,"Local Hit Blocks":0,"Local Read Blocks":0,"Local Dirtied Blocks":0,"Local Written Blocks":0,"Temp Read Blocks":0,"Temp Written Blocks":0,"I/O Read Time":0.0,"I/O Write Time":0.0,"Temp I/O Read Time":0.0,"Temp I/O Write Time":0.0},{"Node Type":"Seq Scan","Parent Relationship":"Member","Parallel Aware":false,"Async Capable":false,"Relation Name":"item","Schema":"public","Alias":"item","Startup Cost":0.0,"Total Cost":4.01,"Plan Rows":1,"Plan Width":4,"Actual Startup Time":0.0,"Actual Total Time":0.0,"Actual Rows":0,"Actual Loops":0,"Output":["item.i_id"],"Filter":"((item.i_data)::text ~~ '%b'::text)","Rows Removed by Filter":0,"Shared Hit Blocks":0,"Shared Read Blocks":0,"Shared Dirtied Blocks":0,"Shared Written Blocks":0,"Local Hit Blocks":0,"Local Read Blocks":0,"Local Dirtied Blocks":0,"Local Written Blocks":0,"Temp Read Blocks":0,"Temp Written Blocks":0,"I/O Read Time":0.0,"I/O Write Time":0.0,"Temp I/O Read Time":0.0,"Temp I/O Write Time":0.0}]}]}]}]}]}]}]},"Planning":{"Shared Hit Blocks":6,"Shared Read Blocks":0,"Shared Dirtied Blocks":0,"Shared Written Blocks":0,"Local Hit Blocks":0,"Local Read Blocks":0,"Local Dirtied Blocks":0,"Local Written Blocks":0,"Temp Read Blocks":0,"Temp Written Blocks":0,"I/O Read Time":0.0,"I/O Write Time":0.0,"Temp I/O Read Time":0.0,"Temp I/O Write Time":0.0},"Planning Time":0.347,"Triggers":[],"Execution Time":8992.834}]
[列存组合]: order_line
[{"Plan":{"Node Type":"Aggregate","Strategy":"Plain","Partial Mode":"Simple","Parallel Aware":false,"Async Capable":false,"Startup Cost":1224956.89,"Total Cost":1224956.9,"Plan Rows":1,"Plan Width":32,"Actual Startup Time":1327.612,"Actual Total Time":1327.618,"Actual Rows":1,"Actual Loops":1,"Output":["(sum(order_line.ol_amount) / 2.0)"],"Shared Hit Blocks":1365,"Shared Read Blocks":0,"Shared Dirtied Blocks":0,"Shared Written Blocks":0,"Local Hit Blocks":0,"Local Read Blocks":0,"Local Dirtied Blocks":0,"Local Written Blocks":0,"Temp Read Blocks":0,"Temp Written Blocks":0,"I/O Read Time":0.0,"I/O Write Time":0.0,"Temp I/O Read Time":0.0,"Temp I/O Write Time":0.0,"Plans":[{"Node Type":"Hash Join","Parent Relationship":"Outer","Parallel Aware":false,"Async Capable":false,"Join Type":"Inner","Startup Cost":467867.11,"Total Cost":1224599.96,"Plan Rows":142770,"Plan Width":4,"Actual Startup Time":1327.607,"Actual Total Time":1327.613,"Actual Rows":0,"Actual Loops":1,"Output":["order_line.ol_amount"],"Inner Unique":true,"Hash Cond":"(order_line.ol_i_id = item.i_id)","Join Filter":"((order_line.ol_quantity)::numeric < (avg(order_line_1.ol_quantity)))","Rows Removed by Join Filter":330044,"Shared Hit Blocks":1365,"Shared Read Blocks":0,"Shared Dirtied Blocks":0,"Shared Written Blocks":0,"Local Hit Blocks":0,"Local Read Blocks":0,"Local Dirtied Blocks":0,"Local Written Blocks":0,"Temp Read Blocks":0,"Temp Written Blocks":0,"I/O Read Time":0.0,"I/O Write Time":0.0,"Temp I/O Read Time":0.0,"Temp I/O Write Time":0.0,"Plans":[{"Node Type":"Append","Parent Relationship":"Outer","Parallel Aware":false,"Async Capable":false,"Startup Cost":20.0,"Total Cost":701820.0,"Plan Rows":20926367,"Plan Width":10,"Actual Startup Time":5.737,"Actual Total Time":566.716,"Actual Rows":330044,"Actual Loops":1,"Shared Hit Blocks":0,"Shared Read Blocks":0,"Shared Dirtied Blocks":0,"Shared Written Blocks":0,"Local Hit Blocks":0,"Local Read Blocks":0,"Local Dirtied Blocks":0,"Local Written Blocks":0,"Temp Read Blocks":0,"Temp Written Blocks":0,"I/O Read Time":0.0,"I/O Write Time":0.0,"Temp I/O Read Time":0.0,"Temp I/O Write Time":0.0,"Subplans Removed":0,"Plans":[{"Node Type":"Custom Scan","Parent Relationship":"Member","Custom Plan Provider":"columnar scan","Parallel Aware":false,"Async Capable":false,"Relation Name":"order_line","Schema":"public","Alias":"order_line","Startup Cost":20.0,"Total Cost":449936.45,"Plan Rows":20926325,"Plan Width":10,"Actual Startup Time":5.736,"Actual Total Time":542.85,"Actual Rows":330044,"Actual Loops":1,"Output":["order_line.ol_amount","order_line.ol_i_id","order_line.ol_quantity"],"Filter":"(order_line.ol_delivery_d >= '1992-01-02 20:10:02.27764'::timestamp without time zone)","Rows Removed by Filter":0,"Rows Removed by Columnar Filter":29667688,"Rows Filtered by Bloom Filter":0,"Dictionary Rows Filtered by Bloom Filter":29526654,"Columnar cache search mode":"native","Shared Hit Blocks":0,"Shared Read Blocks":0,"Shared Dirtied Blocks":0,"Shared Written Blocks":0,"Local Hit Blocks":0,"Local Read Blocks":0,"Local Dirtied Blocks":0,"Local Written Blocks":0,"Temp Read Blocks":0,"Temp Written Blocks":0,"I/O Read Time":0.0,"I/O Write Time":0.0,"Temp I/O Read Time":0.0,"Temp I/O Write Time":0.0},{"Node Type":"Seq Scan","Parent Relationship":"Member","Parallel Aware":false,"Async Capable":false,"Relation Name":"order_line","Schema":"public","Alias":"order_line","Startup Cost":0.0,"Total Cost":4.75,"Plan Rows":42,"Plan Width":10,"Actual Startup Time":0.0,"Actual Total Time":0.0,"Actual Rows":0,"Actual Loops":0,"Output":["order_line.ol_amount","order_line.ol_i_id","order_line.ol_quantity"],"Filter":"(order_line.ol_delivery_d >= '1992-01-02 20:10:02.27764'::timestamp without time zone)","Rows Removed by Filter":0,"Shared Hit Blocks":0,"Shared Read Blocks":0,"Shared Dirtied Blocks":0,"Shared Written Blocks":0,"Local Hit Blocks":0,"Local Read Blocks":0,"Local Dirtied Blocks":0,"Local Written Blocks":0,"Temp Read Blocks":0,"Temp Written Blocks":0,"I/O Read Time":0.0,"I/O Write Time":0.0,"Temp I/O Read Time":0.0,"Temp I/O Write Time":0.0}]},{"Node Type":"Hash","Parent Relationship":"Inner","Parallel Aware":false,"Async Capable":false,"Startup Cost":467821.86,"Total Cost":467821.86,"Plan Rows":2020,"Plan Width":36,"Actual Startup Time":683.354,"Actual Total Time":683.358,"Actual Rows":1572,"Actual Loops":1,"Output":["item.i_id","(avg(order_line_1.ol_quantity))"],"Hash Buckets":2048,"Original Hash Buckets":2048,"Hash Batches":1,"Original Hash Batches":1,"Peak Memory Usage":79,"Shared Hit Blocks":1365,"Shared Read Blocks":0,"Shared Dirtied Blocks":0,"Shared Written Blocks":0,"Local Hit Blocks":0,"Local Read Blocks":0,"Local Dirtied Blocks":0,"Local Written Blocks":0,"Temp Read Blocks":0,"Temp Written Blocks":0,"I/O Read Time":0.0,"I/O Write Time":0.0,"Temp I/O Read Time":0.0,"Temp I/O Write Time":0.0,"Plans":[{"Node Type":"Aggregate","Strategy":"Hashed","Partial Mode":"Simple","Parent Relationship":"Outer","Parallel Aware":false,"Async Capable":false,"Startup Cost":467776.41,"Total Cost":467801.66,"Plan Rows":2020,"Plan Width":36,"Actual Startup Time":682.154,"Actual Total Time":682.614,"Actual Rows":1572,"Actual Loops":1,"Output":["item.i_id","avg(order_line_1.ol_quantity)"],"Group Key":["item.i_id"],"Planned Partitions":0,"HashAgg Batches":1,"Peak Memory Usage":369,"Disk Usage":0,"Shared Hit Blocks":1365,"Shared Read Blocks":0,"Shared Dirtied Blocks":0,"Shared Written Blocks":0,"Local Hit Blocks":0,"Local Read Blocks":0,"Local Dirtied Blocks":0,"Local Written Blocks":0,"Temp Read Blocks":0,"Temp Written Blocks":0,"I/O Read Time":0.0,"I/O Write Time":0.0,"Temp I/O Read Time":0.0,"Temp I/O Write Time":0.0,"Plans":[{"Node Type":"Hash Join","Parent Relationship":"Outer","Parallel Aware":false,"Async Capable":false,"Join Type":"Inner","Startup Cost":2660.25,"Total Cost":465662.84,"Plan Rows":422713,"Plan Width":6,"Actual Startup Time":20.204,"Actual Total Time":631.496,"Actual Rows":330044,"Actual Loops":1,"Output":["item.i_id","order_line_1.ol_quantity"],"Inner Unique":true,"Hash Cond":"(order_line_1.ol_i_id = item.i_id)","Shared Hit Blocks":1365,"Shared Read Blocks":0,"Shared Dirtied Blocks":0,"Shared Written Blocks":0,"Local Hit Blocks":0,"Local Read Blocks":0,"Local Dirtied Blocks":0,"Local Written Blocks":0,"Temp Read Blocks":0,"Temp Written Blocks":0,"I/O Read Time":0.0,"I/O Write Time":0.0,"Temp I/O Read Time":0.0,"Temp I/O Write Time":0.0,"Plans":[{"Node Type":"Append","Parent Relationship":"Outer","Parallel Aware":false,"Async Capable":false,"Startup Cost":20.0,"Total Cost":408088.55,"Plan Rows":20926367,"Plan Width":6,"Actual Startup Time":5.513,"Actual Total Time":560.644,"Actual Rows":330044,"Actual Loops":1,"Shared Hit Blocks":0,"Shared Read Blocks":0,"Shared Dirtied Blocks":0,"Shared Written Blocks":0,"Local Hit Blocks":0,"Local Read Blocks":0,"Local Dirtied Blocks":0,"Local Written Blocks":0,"Temp Read Blocks":0,"Temp Written Blocks":0,"I/O Read Time":0.0,"I/O Write Time":0.0,"Temp I/O Read Time":0.0,"Temp I/O Write Time":0.0,"Subplans Removed":0,"Plans":[{"Node Type":"Custom Scan","Parent Relationship":"Member","Custom Plan Provider":"columnar scan","Parallel Aware":false,"Async Capable":false,"Relation Name":"order_line","Schema":"public","Alias":"order_line_1","Startup Cost":20.0,"Total Cost":408083.8,"Plan Rows":20926325,"Plan Width":6,"Actual Startup Time":5.511,"Actual Total Time":537.84,"Actual Rows":330044,"Actual Loops":1,"Output":["order_line_1.ol_quantity","order_line_1.ol_i_id"],"Filter":"(order_line_1.ol_delivery_d >= '1992-01-02 20:10:02.27764'::timestamp without time zone)","Rows Removed by Filter":0,"Rows Removed by Columnar Filter":29667688,"Rows Filtered by Bloom Filter":0,"Dictionary Rows Filtered by Bloom Filter":29526654,"Columnar cache search mode":"native","Shared Hit Blocks":0,"Shared Read Blocks":0,"Shared Dirtied Blocks":0,"Shared Written Blocks":0,"Local Hit Blocks":0,"Local Read Blocks":0,"Local Dirtied Blocks":0,"Local Written Blocks":0,"Temp Read Blocks":0,"Temp Written Blocks":0,"I/O Read Time":0.0,"I/O Write Time":0.0,"Temp I/O Read Time":0.0,"Temp I/O Write Time":0.0},{"Node Type":"Seq Scan","Parent Relationship":"Member","Parallel Aware":false,"Async Capable":false,"Relation Name":"order_line","Schema":"public","Alias":"order_line_1","Startup Cost":0.0,"Total Cost":4.75,"Plan Rows":42,"Plan Width":6,"Actual Startup Time":0.0,"Actual Total Time":0.0,"Actual Rows":0,"Actual Loops":0,"Output":["order_line_1.ol_quantity","order_line_1.ol_i_id"],"Filter":"(order_line_1.ol_delivery_d >= '1992-01-02 20:10:02.27764'::timestamp without time zone)","Rows Removed by Filter":0,"Shared Hit Blocks":0,"Shared Read Blocks":0,"Shared Dirtied Blocks":0,"Shared Written Blocks":0,"Local Hit Blocks":0,"Local Read Blocks":0,"Local Dirtied Blocks":0,"Local Written Blocks":0,"Temp Read Blocks":0,"Temp Written Blocks":0,"I/O Read Time":0.0,"I/O Write Time":0.0,"Temp I/O Read Time":0.0,"Temp I/O Write Time":0.0}]},{"Node Type":"Hash","Parent Relationship":"Inner","Parallel Aware":false,"Async Capable":false,"Startup Cost":2615.0,"Total Cost":2615.0,"Plan Rows":2020,"Plan Width":4,"Actual Startup Time":14.325,"Actual Total Time":14.326,"Actual Rows":1572,"Actual Loops":1,"Output":["item.i_id"],"Hash Buckets":2048,"Original Hash Buckets":2048,"Hash Batches":1,"Original Hash Batches":1,"Peak Memory Usage":72,"Shared Hit Blocks":1365,"Shared Read Blocks":0,"Shared Dirtied Blocks":0,"Shared Written Blocks":0,"Local Hit Blocks":0,"Local Read Blocks":0,"Local Dirtied Blocks":0,"Local Written Blocks":0,"Temp Read Blocks":0,"Temp Written Blocks":0,"I/O Read Time":0.0,"I/O Write Time":0.0,"Temp I/O Read Time":0.0,"Temp I/O Write Time":0.0,"Plans":[{"Node Type":"Seq Scan","Parent Relationship":"Outer","Parallel Aware":false,"Async Capable":false,"Relation Name":"item","Schema":"public","Alias":"item","Startup Cost":0.0,"Total Cost":2615.0,"Plan Rows":2020,"Plan Width":4,"Actual Startup Time":0.025,"Actual Total Time":13.925,"Actual Rows":1572,"Actual Loops":1,"Output":["item.i_id"],"Filter":"((item.i_data)::text ~~ '%b'::text)","Rows Removed by Filter":98428,"Shared Hit Blocks":1365,"Shared Read Blocks":0,"Shared Dirtied Blocks":0,"Shared Written Blocks":0,"Local Hit Blocks":0,"Local Read Blocks":0,"Local Dirtied Blocks":0,"Local Written Blocks":0,"Temp Read Blocks":0,"Temp Written Blocks":0,"I/O Read Time":0.0,"I/O Write Time":0.0,"Temp I/O Read Time":0.0,"Temp I/O Write Time":0.0}]}]}]}]}]}]},"Planning":{"Shared Hit Blocks":6,"Shared Read Blocks":0,"Shared Dirtied Blocks":0,"Shared Written Blocks":0,"Local Hit Blocks":0,"Local Read Blocks":0,"Local Dirtied Blocks":0,"Local Written Blocks":0,"Temp Read Blocks":0,"Temp Written Blocks":0,"I/O Read Time":0.0,"I/O Write Time":0.0,"Temp I/O Read Time":0.0,"Temp I/O Write Time":0.0},"Planning Time":0.691,"Triggers":[],"Execution Time":1327.766}]
[列存组合]: item, order_line
[{"Plan":{"Node Type":"Aggregate","Strategy":"Plain","Partial Mode":"Simple","Parallel Aware":false,"Async Capable":false,"Startup Cost":809256.0,"Total Cost":809256.01,"Plan Rows":1,"Plan Width":32,"Actual Startup Time":982.304,"Actual Total Time":982.311,"Actual Rows":1,"Actual Loops":1,"Output":["(sum(order_line.ol_amount) / 2.0)"],"Shared Hit Blocks":0,"Shared Read Blocks":0,"Shared Dirtied Blocks":0,"Shared Written Blocks":0,"Local Hit Blocks":0,"Local Read Blocks":0,"Local Dirtied Blocks":0,"Local Written Blocks":0,"Temp Read Blocks":0,"Temp Written Blocks":0,"I/O Read Time":0.0,"I/O Write Time":0.0,"Temp I/O Read Time":0.0,"Temp I/O Write Time":0.0,"Plans":[{"Node Type":"Hash Join","Parent Relationship":"Outer","Parallel Aware":false,"Async Capable":false,"Join Type":"Inner","Startup Cost":52166.21,"Total Cost":808899.07,"Plan Rows":142770,"Plan Width":4,"Actual Startup Time":982.299,"Actual Total Time":982.305,"Actual Rows":0,"Actual Loops":1,"Output":["order_line.ol_amount"],"Hash Cond":"(order_line.ol_i_id = item.i_id)","Join Filter":"((order_line.ol_quantity)::numeric < (avg(order_line_1.ol_quantity)))","Rows Removed by Join Filter":330044,"Shared Hit Blocks":0,"Shared Read Blocks":0,"Shared Dirtied Blocks":0,"Shared Written Blocks":0,"Local Hit Blocks":0,"Local Read Blocks":0,"Local Dirtied Blocks":0,"Local Written Blocks":0,"Temp Read Blocks":0,"Temp Written Blocks":0,"I/O Read Time":0.0,"I/O Write Time":0.0,"Temp I/O Read Time":0.0,"Temp I/O Write Time":0.0,"Plans":[{"Node Type":"Append","Parent Relationship":"Outer","Parallel Aware":false,"Async Capable":false,"Startup Cost":20.0,"Total Cost":701820.0,"Plan Rows":20926367,"Plan Width":10,"Actual Startup Time":10.24,"Actual Total Time":586.512,"Actual Rows":330044,"Actual Loops":1,"Shared Hit Blocks":0,"Shared Read Blocks":0,"Shared Dirtied Blocks":0,"Shared Written Blocks":0,"Local Hit Blocks":0,"Local Read Blocks":0,"Local Dirtied Blocks":0,"Local Written Blocks":0,"Temp Read Blocks":0,"Temp Written Blocks":0,"I/O Read Time":0.0,"I/O Write Time":0.0,"Temp I/O Read Time":0.0,"Temp I/O Write Time":0.0,"Subplans Removed":0,"Plans":[{"Node Type":"Custom Scan","Parent Relationship":"Member","Custom Plan Provider":"columnar scan","Parallel Aware":false,"Async Capable":false,"Relation Name":"order_line","Schema":"public","Alias":"order_line","Startup Cost":20.0,"Total Cost":449936.45,"Plan Rows":20926325,"Plan Width":10,"Actual Startup Time":10.238,"Actual Total Time":561.546,"Actual Rows":330044,"Actual Loops":1,"Output":["order_line.ol_amount","order_line.ol_i_id","order_line.ol_quantity"],"Filter":"(order_line.ol_delivery_d >= '1992-01-02 20:10:02.27764'::timestamp without time zone)","Rows Removed by Filter":0,"Rows Removed by Columnar Filter":29667688,"Rows Filtered by Bloom Filter":0,"Dictionary Rows Filtered by Bloom Filter":29526654,"Columnar cache search mode":"native","Shared Hit Blocks":0,"Shared Read Blocks":0,"Shared Dirtied Blocks":0,"Shared Written Blocks":0,"Local Hit Blocks":0,"Local Read Blocks":0,"Local Dirtied Blocks":0,"Local Written Blocks":0,"Temp Read Blocks":0,"Temp Written Blocks":0,"I/O Read Time":0.0,"I/O Write Time":0.0,"Temp I/O Read Time":0.0,"Temp I/O Write Time":0.0},{"Node Type":"Seq Scan","Parent Relationship":"Member","Parallel Aware":false,"Async Capable":false,"Relation Name":"order_line","Schema":"public","Alias":"order_line","Startup Cost":0.0,"Total Cost":4.75,"Plan Rows":42,"Plan Width":10,"Actual Startup Time":0.0,"Actual Total Time":0.0,"Actual Rows":0,"Actual Loops":0,"Output":["order_line.ol_amount","order_line.ol_i_id","order_line.ol_quantity"],"Filter":"(order_line.ol_delivery_d >= '1992-01-02 20:10:02.27764'::timestamp without time zone)","Rows Removed by Filter":0,"Shared Hit Blocks":0,"Shared Read Blocks":0,"Shared Dirtied Blocks":0,"Shared Written Blocks":0,"Local Hit Blocks":0,"Local Read Blocks":0,"Local Dirtied Blocks":0,"Local Written Blocks":0,"Temp Read Blocks":0,"Temp Written Blocks":0,"I/O Read Time":0.0,"I/O Write Time":0.0,"Temp I/O Read Time":0.0,"Temp I/O Write Time":0.0}]},{"Node Type":"Hash","Parent Relationship":"Inner","Parallel Aware":false,"Async Capable":false,"Startup Cost":52120.96,"Total Cost":52120.96,"Plan Rows":2020,"Plan Width":36,"Actual Startup Time":315.751,"Actual Total Time":315.755,"Actual Rows":1572,"Actual Loops":1,"Output":["item.i_id","(avg(order_line_1.ol_quantity))"],"Hash Buckets":2048,"Original Hash Buckets":2048,"Hash Batches":1,"Original Hash Batches":1,"Peak Memory Usage":79,"Shared Hit Blocks":0,"Shared Read Blocks":0,"Shared Dirtied Blocks":0,"Shared Written Blocks":0,"Local Hit Blocks":0,"Local Read Blocks":0,"Local Dirtied Blocks":0,"Local Written Blocks":0,"Temp Read Blocks":0,"Temp Written Blocks":0,"I/O Read Time":0.0,"I/O Write Time":0.0,"Temp I/O Read Time":0.0,"Temp I/O Write Time":0.0,"Plans":[{"Node Type":"Aggregate","Strategy":"Hashed","Partial Mode":"Simple","Parent Relationship":"Outer","Parallel Aware":false,"Async Capable":false,"Startup Cost":52075.51,"Total Cost":52100.76,"Plan Rows":2020,"Plan Width":36,"Actual Startup Time":314.027,"Actual Total Time":314.877,"Actual Rows":1572,"Actual Loops":1,"Output":["item.i_id","avg(order_line_1.ol_quantity)"],"Group Key":["item.i_id"],"Planned Partitions":0,"HashAgg Batches":1,"Peak Memory Usage":369,"Disk Usage":0,"Shared Hit Blocks":0,"Shared Read Blocks":0,"Shared Dirtied Blocks":0,"Shared Written Blocks":0,"Local Hit Blocks":0,"Local Read Blocks":0,"Local Dirtied Blocks":0,"Local Written Blocks":0,"Temp Read Blocks":0,"Temp Written Blocks":0,"I/O Read Time":0.0,"I/O Write Time":0.0,"Temp I/O Read Time":0.0,"Temp I/O Write Time":0.0,"Plans":[{"Node Type":"Hash Join","Parent Relationship":"Outer","Parallel Aware":false,"Async Capable":false,"Join Type":"Inner","Startup Cost":48.95,"Total Cost":49961.95,"Plan Rows":422713,"Plan Width":6,"Actual Startup Time":59.809,"Actual Total Time":248.465,"Actual Rows":330044,"Actual Loops":1,"Output":["item.i_id","order_line_1.ol_quantity"],"Hash Cond":"(order_line_1.ol_i_id = item.i_id)","Rows Removed by Bloom Filter":79175529,"Shared Hit Blocks":0,"Shared Read Blocks":0,"Shared Dirtied Blocks":0,"Shared Written Blocks":0,"Local Hit Blocks":0,"Local Read Blocks":0,"Local Dirtied Blocks":0,"Local Written Blocks":0,"Temp Read Blocks":0,"Temp Written Blocks":0,"I/O Read Time":0.0,"I/O Write Time":0.0,"Temp I/O Read Time":0.0,"Temp I/O Write Time":0.0,"Plans":[{"Node Type":"Append","Parent Relationship":"Outer","Parallel Aware":false,"Async Capable":false,"Startup Cost":20.0,"Total Cost":408088.55,"Plan Rows":20926367,"Plan Width":6,"Actual Startup Time":8.187,"Actual Total Time":8.188,"Actual Rows":21002151,"Actual Loops":1,"Shared Hit Blocks":0,"Shared Read Blocks":0,"Shared Dirtied Blocks":0,"Shared Written Blocks":0,"Local Hit Blocks":0,"Local Read Blocks":0,"Local Dirtied Blocks":0,"Local Written Blocks":0,"Temp Read Blocks":0,"Temp Written Blocks":0,"I/O Read Time":0.0,"I/O Write Time":0.0,"Temp I/O Read Time":0.0,"Temp I/O Write Time":0.0,"Subplans Removed":0,"Plans":[{"Node Type":"Custom Scan","Parent Relationship":"Member","Custom Plan Provider":"columnar scan","Parallel Aware":false,"Async Capable":false,"Relation Name":"order_line","Schema":"public","Alias":"order_line_1","Startup Cost":20.0,"Total Cost":408083.8,"Plan Rows":20926325,"Plan Width":6,"Actual Startup Time":8.185,"Actual Total Time":8.186,"Actual Rows":21002151,"Actual Loops":1,"Output":["order_line_1.ol_quantity","order_line_1.ol_i_id"],"Filter":"(order_line_1.ol_delivery_d >= '1992-01-02 20:10:02.27764'::timestamp without time zone)","Rows Removed by Filter":0,"Rows Removed by Columnar Filter":8995581,"Columnar cache search mode":"native","Shared Hit Blocks":0,"Shared Read Blocks":0,"Shared Dirtied Blocks":0,"Shared Written Blocks":0,"Local Hit Blocks":0,"Local Read Blocks":0,"Local Dirtied Blocks":0,"Local Written Blocks":0,"Temp Read Blocks":0,"Temp Written Blocks":0,"I/O Read Time":0.0,"I/O Write Time":0.0,"Temp I/O Read Time":0.0,"Temp I/O Write Time":0.0},{"Node Type":"Seq Scan","Parent Relationship":"Member","Parallel Aware":false,"Async Capable":false,"Relation Name":"order_line","Schema":"public","Alias":"order_line_1","Startup Cost":0.0,"Total Cost":4.75,"Plan Rows":42,"Plan Width":6,"Actual Startup Time":0.0,"Actual Total Time":0.0,"Actual Rows":0,"Actual Loops":0,"Output":["order_line_1.ol_quantity","order_line_1.ol_i_id"],"Filter":"(order_line_1.ol_delivery_d >= '1992-01-02 20:10:02.27764'::timestamp without time zone)","Rows Removed by Filter":0,"Shared Hit Blocks":0,"Shared Read Blocks":0,"Shared Dirtied Blocks":0,"Shared Written Blocks":0,"Local Hit Blocks":0,"Local Read Blocks":0,"Local Dirtied Blocks":0,"Local Written Blocks":0,"Temp Read Blocks":0,"Temp Written Blocks":0,"I/O Read Time":0.0,"I/O Write Time":0.0,"Temp I/O Read Time":0.0,"Temp I/O Write Time":0.0}]},{"Node Type":"Hash","Parent Relationship":"Inner","Parallel Aware":false,"Async Capable":false,"Startup Cost":59.37,"Total Cost":59.37,"Plan Rows":2021,"Plan Width":4,"Actual Rows":1572,"Actual Loops":1,"Output":["item.i_id"],"Shared Hit Blocks":0,"Shared Read Blocks":0,"Shared Dirtied Blocks":0,"Shared Written Blocks":0,"Local Hit Blocks":0,"Local Read Blocks":0,"Local Dirtied Blocks":0,"Local Written Blocks":0,"Temp Read Blocks":0,"Temp Written Blocks":0,"I/O Read Time":0.0,"I/O Write Time":0.0,"Temp I/O Read Time":0.0,"Temp I/O Write Time":0.0,"Plans":[{"Node Type":"Append","Parent Relationship":"Outer","Parallel Aware":false,"Async Capable":false,"Startup Cost":20.0,"Total Cost":59.37,"Plan Rows":2021,"Plan Width":4,"Actual Startup Time":7.489,"Actual Total Time":7.49,"Actual Rows":1572,"Actual Loops":1,"Shared Hit Blocks":0,"Shared Read Blocks":0,"Shared Dirtied Blocks":0,"Shared Written Blocks":0,"Local Hit Blocks":0,"Local Read Blocks":0,"Local Dirtied Blocks":0,"Local Written Blocks":0,"Temp Read Blocks":0,"Temp Written Blocks":0,"I/O Read Time":0.0,"I/O Write Time":0.0,"Temp I/O Read Time":0.0,"Temp I/O Write Time":0.0,"Subplans Removed":0,"Plans":[{"Node Type":"Custom Scan","Parent Relationship":"Member","Custom Plan Provider":"columnar scan","Parallel Aware":false,"Async Capable":false,"Relation Name":"item","Schema":"public","Alias":"item","Startup Cost":20.0,"Total Cost":55.36,"Plan Rows":2020,"Plan Width":4,"Actual Startup Time":7.487,"Actual Total Time":7.487,"Actual Rows":1572,"Actual Loops":1,"Output":["item.i_id"],"Filter":"((item.i_data)::text ~~ '%b'::text)","Rows Removed by Filter":0,"Rows Removed by Columnar Filter":98428,"Columnar cache search mode":"native","Shared Hit Blocks":0,"Shared Read Blocks":0,"Shared Dirtied Blocks":0,"Shared Written Blocks":0,"Local Hit Blocks":0,"Local Read Blocks":0,"Local Dirtied Blocks":0,"Local Written Blocks":0,"Temp Read Blocks":0,"Temp Written Blocks":0,"I/O Read Time":0.0,"I/O Write Time":0.0,"Temp I/O Read Time":0.0,"Temp I/O Write Time":0.0},{"Node Type":"Seq Scan","Parent Relationship":"Member","Parallel Aware":false,"Async Capable":false,"Relation Name":"item","Schema":"public","Alias":"item","Startup Cost":0.0,"Total Cost":4.01,"Plan Rows":1,"Plan Width":4,"Actual Startup Time":0.0,"Actual Total Time":0.0,"Actual Rows":0,"Actual Loops":0,"Output":["item.i_id"],"Filter":"((item.i_data)::text ~~ '%b'::text)","Rows Removed by Filter":0,"Shared Hit Blocks":0,"Shared Read Blocks":0,"Shared Dirtied Blocks":0,"Shared Written Blocks":0,"Local Hit Blocks":0,"Local Read Blocks":0,"Local Dirtied Blocks":0,"Local Written Blocks":0,"Temp Read Blocks":0,"Temp Written Blocks":0,"I/O Read Time":0.0,"I/O Write Time":0.0,"Temp I/O Read Time":0.0,"Temp I/O Write Time":0.0}]}]}]}]}]}]}]},"Planning":{"Shared Hit Blocks":6,"Shared Read Blocks":0,"Shared Dirtied Blocks":0,"Shared Written Blocks":0,"Local Hit Blocks":0,"Local Read Blocks":0,"Local Dirtied Blocks":0,"Local Written Blocks":0,"Temp Read Blocks":0,"Temp Written Blocks":0,"I/O Read Time":0.0,"I/O Write Time":0.0,"Temp I/O Read Time":0.0,"Temp I/O Write Time":0.0},"Planning Time":0.737,"Triggers":[],"Execution Time":982.541}]
