[列存组合]: 无列存
[{"Plan":{"Node Type":"Sort","Parallel Aware":false,"Async Capable":false,"Startup Cost":8324978.24,"Total Cost":8342406.27,"Plan Rows":6971215,"Plan Width":70,"Actual Startup Time":44384.639,"Actual Total Time":44384.646,"Actual Rows":0,"Actual Loops":1,"Output":["customer.c_last","customer.c_id","orders.o_entry_d","orders.o_ol_cnt","(sum(order_line.ol_amount))","orders.o_id","orders.o_w_id","orders.o_d_id"],"Sort Key":["(sum(order_line.ol_amount)) DESC","orders.o_entry_d"],"Sort Method":"quicksort","Sort Space Used":25,"Sort Space Type":"Memory","Shared Hit Blocks":592547,"Shared Read Blocks":0,"Shared Dirtied Blocks":0,"Shared Written Blocks":0,"Local Hit Blocks":0,"Local Read Blocks":0,"Local Dirtied Blocks":0,"Local Written Blocks":0,"Temp Read Blocks":272749,"Temp Written Blocks":279920,"I/O Read Time":0.0,"I/O Write Time":0.0,"Temp I/O Read Time":412.909,"Temp I/O Write Time":725.385,"Plans":[{"Node Type":"Aggregate","Strategy":"Sorted","Partial Mode":"Simple","Parent Relationship":"Outer","Parallel Aware":false,"Async Capable":false,"Startup Cost":4954057.35,"Total Cost":6960737.83,"Plan Rows":6971215,"Plan Width":70,"Actual Startup Time":44384.634,"Actual Total Time":44384.64,"Actual Rows":0,"Actual Loops":1,"Output":["customer.c_last","customer.c_id","orders.o_entry_d","orders.o_ol_cnt","sum(order_line.ol_amount)","orders.o_id","orders.o_w_id","orders.o_d_id"],"Group Key":["orders.o_id","orders.o_w_id","orders.o_d_id","customer.c_id","customer.c_last"],"Filter":"(sum(order_line.ol_amount) > '110000'::numeric)","Rows Removed by Filter":2097892,"Shared Hit Blocks":592547,"Shared Read Blocks":0,"Shared Dirtied Blocks":0,"Shared Written Blocks":0,"Local Hit Blocks":0,"Local Read Blocks":0,"Local Dirtied Blocks":0,"Local Written Blocks":0,"Temp Read Blocks":272749,"Temp Written Blocks":279920,"I/O Read Time":0.0,"I/O Write Time":0.0,"Temp I/O Read Time":412.909,"Temp I/O Write Time":725.385,"Plans":[{"Node Type":"Incremental Sort","Parent Relationship":"Outer","Parallel Aware":false,"Async Capable":false,"Startup Cost":4954057.35,"Total Cost":6333328.51,"Plan Rows":20913644,"Plan Width":42,"Actual Startup Time":22532.146,"Actual Total Time":39690.214,"Actual Rows":20981262,"Actual Loops":1,"Output":["customer.c_last","customer.c_id","orders.o_id","orders.o_w_id","orders.o_d_id","orders.o_entry_d","orders.o_ol_cnt","order_line.ol_amount"],"Sort Key":["orders.o_id","orders.o_w_id","orders.o_d_id","customer.c_id","customer.c_last"],"Presorted Key":["orders.o_id","orders.o_w_id","orders.o_d_id"],"Full-sort Groups":{"Group Count":567362,"Sort Methods Used":["quicksort"],"Sort Space Memory":{"Average Sort Space Used":28,"Peak Sort Space Used":28}},"Shared Hit Blocks":592547,"Shared Read Blocks":0,"Shared Dirtied Blocks":0,"Shared Written Blocks":0,"Local Hit Blocks":0,"Local Read Blocks":0,"Local Dirtied Blocks":0,"Local Written Blocks":0,"Temp Read Blocks":272749,"Temp Written Blocks":279920,"I/O Read Time":0.0,"I/O Write Time":0.0,"Temp I/O Read Time":412.909,"Temp I/O Write Time":725.385,"Plans":[{"Node Type":"Merge Join","Parent Relationship":"Outer","Parallel Aware":false,"Async Capable":false,"Join Type":"Inner","Startup Cost":4954057.0,"Total Cost":5454439.07,"Plan Rows":20913644,"Plan Width":42,"Actual Startup Time":22532.091,"Actual Total Time":32339.578,"Actual Rows":20981262,"Actual Loops":1,"Output":["customer.c_last","customer.c_id","orders.o_id","orders.o_w_id","orders.o_d_id","orders.o_entry_d","orders.o_ol_cnt","order_line.ol_amount"],"Inner Unique":false,"Merge Cond":"((orders.o_id = order_line.ol_o_id) AND (customer.c_w_id = order_line.ol_w_id) AND (customer.c_d_id = order_line.ol_d_id))","Shared Hit Blocks":592547,"Shared Read Blocks":0,"Shared Dirtied Blocks":0,"Shared Written Blocks":0,"Local Hit Blocks":0,"Local Read Blocks":0,"Local Dirtied Blocks":0,"Local Written Blocks":0,"Temp Read Blocks":272749,"Temp Written Blocks":279920,"I/O Read Time":0.0,"I/O Write Time":0.0,"Temp I/O Read Time":412.909,"Temp I/O Write Time":725.385,"Plans":[{"Node Type":"Sort","Parent Relationship":"Outer","Parallel Aware":false,"Async Capable":false,"Startup Cost":978415.03,"Total Cost":985910.47,"Plan Rows":2998176,"Plan Width":42,"Actual Startup Time":5615.196,"Actual Total Time":6346.463,"Actual Rows":2097893,"Actual Loops":1,"Output":["customer.c_last","customer.c_id","customer.c_w_id","customer.c_d_id","orders.o_entry_d","orders.o_ol_cnt","orders.o_id","orders.o_w_id","orders.o_d_id"],"Sort Key":["orders.o_id","customer.c_w_id","customer.c_d_id"],"Sort Method":"external merge","Sort Space Used":181960,"Sort Space Type":"Disk","Shared Hit Blocks":251663,"Shared Read Blocks":0,"Shared Dirtied Blocks":0,"Shared Written Blocks":0,"Local Hit Blocks":0,"Local Read Blocks":0,"Local Dirtied Blocks":0,"Local Written Blocks":0,"Temp Read Blocks":72375,"Temp Written Blocks":79128,"I/O Read Time":0.0,"I/O Write Time":0.0,"Temp I/O Read Time":115.134,"Temp I/O Write Time":277.109,"Plans":[{"Node Type":"Hash Join","Parent Relationship":"Outer","Parallel Aware":false,"Async Capable":false,"Join Type":"Inner","Startup Cost":329673.8,"Total Cost":471412.44,"Plan Rows":2998176,"Plan Width":42,"Actual Startup Time":1299.204,"Actual Total Time":3258.109,"Actual Rows":2997892,"Actual Loops":1,"Output":["customer.c_last","customer.c_id","customer.c_w_id","customer.c_d_id","orders.o_entry_d","orders.o_ol_cnt","orders.o_id","orders.o_w_id","orders.o_d_id"],"Inner Unique":true,"Hash Cond":"((orders.o_c_id = customer.c_id) AND (orders.o_w_id = customer.c_w_id) AND (orders.o_d_id = customer.c_d_id))","Shared Hit Blocks":251663,"Shared Read Blocks":0,"Shared Dirtied Blocks":0,"Shared Written Blocks":0,"Local Hit Blocks":0,"Local Read Blocks":0,"Local Dirtied Blocks":0,"Local Written Blocks":0,"Temp Read Blocks":33558,"Temp Written Blocks":33558,"I/O Read Time":0.0,"I/O Write Time":0.0,"Temp I/O Read Time":54.575,"Temp I/O Write Time":154.472,"Plans":[{"Node Type":"Seq Scan","Parent Relationship":"Outer","Parallel Aware":false,"Async Capable":false,"Relation Name":"orders","Schema":"public","Alias":"orders","Startup Cost":0.0,"Total Cost":59559.0,"Plan Rows":2998176,"Plan Width":26,"Actual Startup Time":0.011,"Actual Total Time":418.017,"Actual Rows":2997892,"Actual Loops":1,"Output":["orders.o_entry_d","orders.o_ol_cnt","orders.o_id","orders.o_w_id","orders.o_d_id","orders.o_c_id"],"Filter":"(orders.o_entry_d >= '1992-01-02 20:10:02.27764'::timestamp without time zone)","Rows Removed by Filter":2108,"Shared Hit Blocks":22059,"Shared Read Blocks":0,"Shared Dirtied Blocks":0,"Shared Written Blocks":0,"Local Hit Blocks":0,"Local Read Blocks":0,"Local Dirtied Blocks":0,"Local Written Blocks":0,"Temp Read Blocks":0,"Temp Written Blocks":0,"I/O Read Time":0.0,"I/O Write Time":0.0,"Temp I/O Read Time":0.0,"Temp I/O Write Time":0.0},{"Node Type":"Hash","Parent Relationship":"Inner","Parallel Aware":false,"Async Capable":false,"Startup Cost":259601.38,"Total Cost":259601.38,"Plan Rows":2999738,"Plan Width":20,"Actual Startup Time":1298.523,"Actual Total Time":1298.524,"Actual Rows":3000000,"Actual Loops":1,"Output":["customer.c_last","customer.c_id","customer.c_w_id","customer.c_d_id"],"Hash Buckets":131072,"Original Hash Buckets":131072,"Hash Batches":32,"Original Hash Batches":32,"Peak Memory Usage":6028,"Shared Hit Blocks":229604,"Shared Read Blocks":0,"Shared Dirtied Blocks":0,"Shared Written Blocks":0,"Local Hit Blocks":0,"Local Read Blocks":0,"Local Dirtied Blocks":0,"Local Written Blocks":0,"Temp Read Blocks":0,"Temp Written Blocks":15080,"I/O Read Time":0.0,"I/O Write Time":0.0,"Temp I/O Read Time":0.0,"Temp I/O Write Time":72.072,"Plans":[{"Node Type":"Seq Scan","Parent Relationship":"Outer","Parallel Aware":false,"Async Capable":false,"Relation Name":"customer","Schema":"public","Alias":"customer","Startup Cost":0.0,"Total Cost":259601.38,"Plan Rows":2999738,"Plan Width":20,"Actual Startup Time":0.006,"Actual Total Time":748.761,"Actual Rows":3000000,"Actual Loops":1,"Output":["customer.c_last","customer.c_id","customer.c_w_id","customer.c_d_id"],"Shared Hit Blocks":229604,"Shared Read Blocks":0,"Shared Dirtied Blocks":0,"Shared Written Blocks":0,"Local Hit Blocks":0,"Local Read Blocks":0,"Local Dirtied Blocks":0,"Local Written Blocks":0,"Temp Read Blocks":0,"Temp Written Blocks":0,"I/O Read Time":0.0,"I/O Write Time":0.0,"Temp I/O Read Time":0.0,"Temp I/O Write Time":0.0}]}]}]},{"Node Type":"Materialize","Parent Relationship":"Inner","Parallel Aware":false,"Async Capable":false,"Startup Cost":3975639.01,"Total Cost":4080270.84,"Plan Rows":20926367,"Plan Width":16,"Actual Startup Time":16910.504,"Actual Total Time":21860.556,"Actual Rows":21002151,"Actual Loops":1,"Output":["order_line.ol_amount","order_line.ol_w_id","order_line.ol_d_id","order_line.ol_o_id"],"Shared Hit Blocks":340884,"Shared Read Blocks":0,"Shared Dirtied Blocks":0,"Shared Written Blocks":0,"Local Hit Blocks":0,"Local Read Blocks":0,"Local Dirtied Blocks":0,"Local Written Blocks":0,"Temp Read Blocks":200374,"Temp Written Blocks":200792,"I/O Read Time":0.0,"I/O Write Time":0.0,"Temp I/O Read Time":297.775,"Temp I/O Write Time":448.276,"Plans":[{"Node Type":"Sort","Parent Relationship":"Outer","Parallel Aware":false,"Async Capable":false,"Startup Cost":3975639.01,"Total Cost":4027954.93,"Plan Rows":20926367,"Plan Width":16,"Actual Startup Time":16910.486,"Actual Total Time":19532.439,"Actual Rows":21002151,"Actual Loops":1,"Output":["order_line.ol_amount","order_line.ol_w_id","order_line.ol_d_id","order_line.ol_o_id"],"Sort Key":["order_line.ol_o_id","order_line.ol_w_id","order_line.ol_d_id"],"Sort Method":"external merge","Sort Space Used":534368,"Sort Space Type":"Disk","Shared Hit Blocks":340884,"Shared Read Blocks":0,"Shared Dirtied Blocks":0,"Shared Written Blocks":0,"Local Hit Blocks":0,"Local Read Blocks":0,"Local Dirtied Blocks":0,"Local Written Blocks":0,"Temp Read Blocks":200374,"Temp Written Blocks":200792,"I/O Read Time":0.0,"I/O Write Time":0.0,"Temp I/O Read Time":297.775,"Temp I/O Write Time":448.276,"Plans":[{"Node Type":"Seq Scan","Parent Relationship":"Outer","Parallel Aware":false,"Async Capable":false,"Relation Name":"order_line","Schema":"public","Alias":"order_line","Startup Cost":0.0,"Total Cost":715856.4,"Plan Rows":20926367,"Plan Width":16,"Actual Startup Time":0.03,"Actual Total Time":3579.888,"Actual Rows":21002151,"Actual Loops":1,"Output":["order_line.ol_amount","order_line.ol_w_id","order_line.ol_d_id","order_line.ol_o_id"],"Filter":"(order_line.ol_delivery_d >= '1992-01-02 20:10:02.27764'::timestamp without time zone)","Rows Removed by Filter":8995581,"Shared Hit Blocks":340884,"Shared Read Blocks":0,"Shared Dirtied Blocks":0,"Shared Written Blocks":0,"Local Hit Blocks":0,"Local Read Blocks":0,"Local Dirtied Blocks":0,"Local Written Blocks":0,"Temp Read Blocks":0,"Temp Written Blocks":0,"I/O Read Time":0.0,"I/O Write Time":0.0,"Temp I/O Read Time":0.0,"Temp I/O Write Time":0.0}]}]}]}]}]}]},"Planning":{"Shared Hit Blocks":5,"Shared Read Blocks":0,"Shared Dirtied Blocks":0,"Shared Written Blocks":0,"Local Hit Blocks":0,"Local Read Blocks":0,"Local Dirtied Blocks":0,"Local Written Blocks":0,"Temp Read Blocks":0,"Temp Written Blocks":0,"I/O Read Time":0.0,"I/O Write Time":0.0,"Temp I/O Read Time":0.0,"Temp I/O Write Time":0.0},"Planning Time":0.616,"Triggers":[],"Execution Time":44475.339}]
[列存组合]: customer
[{"Plan":{"Node Type":"Sort","Parallel Aware":false,"Async Capable":false,"Startup Cost":8319888.03,"Total Cost":8337316.07,"Plan Rows":6971215,"Plan Width":70,"Actual Startup Time":44343.845,"Actual Total Time":44343.856,"Actual Rows":0,"Actual Loops":1,"Output":["customer.c_last","customer.c_id","orders.o_entry_d","orders.o_ol_cnt","(sum(order_line.ol_amount))","orders.o_id","orders.o_w_id","orders.o_d_id"],"Sort Key":["(sum(order_line.ol_amount)) DESC","orders.o_entry_d"],"Sort Method":"quicksort","Sort Space Used":25,"Sort Space Type":"Memory","Shared Hit Blocks":362943,"Shared Read Blocks":0,"Shared Dirtied Blocks":0,"Shared Written Blocks":0,"Local Hit Blocks":0,"Local Read Blocks":0,"Local Dirtied Blocks":0,"Local Written Blocks":0,"Temp Read Blocks":272749,"Temp Written Blocks":279920,"I/O Read Time":0.0,"I/O Write Time":0.0,"Temp I/O Read Time":412.746,"Temp I/O Write Time":718.981,"Plans":[{"Node Type":"Aggregate","Strategy":"Sorted","Partial Mode":"Simple","Parent Relationship":"Outer","Parallel Aware":false,"Async Capable":false,"Startup Cost":4948967.14,"Total Cost":6955647.62,"Plan Rows":6971215,"Plan Width":70,"Actual Startup Time":44343.839,"Actual Total Time":44343.85,"Actual Rows":0,"Actual Loops":1,"Output":["customer.c_last","customer.c_id","orders.o_entry_d","orders.o_ol_cnt","sum(order_line.ol_amount)","orders.o_id","orders.o_w_id","orders.o_d_id"],"Group Key":["orders.o_id","orders.o_w_id","orders.o_d_id","customer.c_id","customer.c_last"],"Filter":"(sum(order_line.ol_amount) > '110000'::numeric)","Rows Removed by Filter":2097892,"Shared Hit Blocks":362943,"Shared Read Blocks":0,"Shared Dirtied Blocks":0,"Shared Written Blocks":0,"Local Hit Blocks":0,"Local Read Blocks":0,"Local Dirtied Blocks":0,"Local Written Blocks":0,"Temp Read Blocks":272749,"Temp Written Blocks":279920,"I/O Read Time":0.0,"I/O Write Time":0.0,"Temp I/O Read Time":412.746,"Temp I/O Write Time":718.981,"Plans":[{"Node Type":"Incremental Sort","Parent Relationship":"Outer","Parallel Aware":false,"Async Capable":false,"Startup Cost":4948967.14,"Total Cost":6328238.3,"Plan Rows":20913644,"Plan Width":42,"Actual Startup Time":22455.595,"Actual Total Time":39652.151,"Actual Rows":20981262,"Actual Loops":1,"Output":["customer.c_last","customer.c_id","orders.o_id","orders.o_w_id","orders.o_d_id","orders.o_entry_d","orders.o_ol_cnt","order_line.ol_amount"],"Sort Key":["orders.o_id","orders.o_w_id","orders.o_d_id","customer.c_id","customer.c_last"],"Presorted Key":["orders.o_id","orders.o_w_id","orders.o_d_id"],"Full-sort Groups":{"Group Count":567362,"Sort Methods Used":["quicksort"],"Sort Space Memory":{"Average Sort Space Used":28,"Peak Sort Space Used":28}},"Shared Hit Blocks":362943,"Shared Read Blocks":0,"Shared Dirtied Blocks":0,"Shared Written Blocks":0,"Local Hit Blocks":0,"Local Read Blocks":0,"Local Dirtied Blocks":0,"Local Written Blocks":0,"Temp Read Blocks":272749,"Temp Written Blocks":279920,"I/O Read Time":0.0,"I/O Write Time":0.0,"Temp I/O Read Time":412.746,"Temp I/O Write Time":718.981,"Plans":[{"Node Type":"Merge Join","Parent Relationship":"Outer","Parallel Aware":false,"Async Capable":false,"Join Type":"Inner","Startup Cost":4948966.8,"Total Cost":5449348.87,"Plan Rows":20913644,"Plan Width":42,"Actual Startup Time":22455.53,"Actual Total Time":32308.752,"Actual Rows":20981262,"Actual Loops":1,"Output":["customer.c_last","customer.c_id","orders.o_id","orders.o_w_id","orders.o_d_id","orders.o_entry_d","orders.o_ol_cnt","order_line.ol_amount"],"Inner Unique":false,"Merge Cond":"((orders.o_id = order_line.ol_o_id) AND (customer.c_w_id = order_line.ol_w_id) AND (customer.c_d_id = order_line.ol_d_id))","Shared Hit Blocks":362943,"Shared Read Blocks":0,"Shared Dirtied Blocks":0,"Shared Written Blocks":0,"Local Hit Blocks":0,"Local Read Blocks":0,"Local Dirtied Blocks":0,"Local Written Blocks":0,"Temp Read Blocks":272749,"Temp Written Blocks":279920,"I/O Read Time":0.0,"I/O Write Time":0.0,"Temp I/O Read Time":412.746,"Temp I/O Write Time":718.981,"Plans":[{"Node Type":"Sort","Parent Relationship":"Outer","Parallel Aware":false,"Async Capable":false,"Startup Cost":973324.82,"Total Cost":980820.26,"Plan Rows":2998176,"Plan Width":42,"Actual Startup Time":5537.287,"Actual Total Time":6268.912,"Actual Rows":2097893,"Actual Loops":1,"Output":["customer.c_last","customer.c_id","customer.c_w_id","customer.c_d_id","orders.o_entry_d","orders.o_ol_cnt","orders.o_id","orders.o_w_id","orders.o_d_id"],"Sort Key":["orders.o_id","customer.c_w_id","customer.c_d_id"],"Sort Method":"external merge","Sort Space Used":181960,"Sort Space Type":"Disk","Shared Hit Blocks":22059,"Shared Read Blocks":0,"Shared Dirtied Blocks":0,"Shared Written Blocks":0,"Local Hit Blocks":0,"Local Read Blocks":0,"Local Dirtied Blocks":0,"Local Written Blocks":0,"Temp Read Blocks":72375,"Temp Written Blocks":79128,"I/O Read Time":0.0,"I/O Write Time":0.0,"Temp I/O Read Time":115.252,"Temp I/O Write Time":269.65,"Plans":[{"Node Type":"Hash Join","Parent Relationship":"Outer","Parallel Aware":false,"Async Capable":false,"Join Type":"Inner","Startup Cost":324583.59,"Total Cost":466322.24,"Plan Rows":2998176,"Plan Width":42,"Actual Startup Time":1228.011,"Actual Total Time":3183.271,"Actual Rows":2997892,"Actual Loops":1,"Output":["customer.c_last","customer.c_id","customer.c_w_id","customer.c_d_id","orders.o_entry_d","orders.o_ol_cnt","orders.o_id","orders.o_w_id","orders.o_d_id"],"Inner Unique":true,"Hash Cond":"((orders.o_c_id = customer.c_id) AND (orders.o_w_id = customer.c_w_id) AND (orders.o_d_id = customer.c_d_id))","Shared Hit Blocks":22059,"Shared Read Blocks":0,"Shared Dirtied Blocks":0,"Shared Written Blocks":0,"Local Hit Blocks":0,"Local Read Blocks":0,"Local Dirtied Blocks":0,"Local Written Blocks":0,"Temp Read Blocks":33558,"Temp Written Blocks":33558,"I/O Read Time":0.0,"I/O Write Time":0.0,"Temp I/O Read Time":54.512,"Temp I/O Write Time":147.194,"Plans":[{"Node Type":"Seq Scan","Parent Relationship":"Outer","Parallel Aware":false,"Async Capable":false,"Relation Name":"orders","Schema":"public","Alias":"orders","Startup Cost":0.0,"Total Cost":59559.0,"Plan Rows":2998176,"Plan Width":26,"Actual Startup Time":0.013,"Actual Total Time":417.957,"Actual Rows":2997892,"Actual Loops":1,"Output":["orders.o_entry_d","orders.o_ol_cnt","orders.o_id","orders.o_w_id","orders.o_d_id","orders.o_c_id"],"Filter":"(orders.o_entry_d >= '1992-01-02 20:10:02.27764'::timestamp without time zone)","Rows Removed by Filter":2108,"Shared Hit Blocks":22059,"Shared Read Blocks":0,"Shared Dirtied Blocks":0,"Shared Written Blocks":0,"Local Hit Blocks":0,"Local Read Blocks":0,"Local Dirtied Blocks":0,"Local Written Blocks":0,"Temp Read Blocks":0,"Temp Written Blocks":0,"I/O Read Time":0.0,"I/O Write Time":0.0,"Temp I/O Read Time":0.0,"Temp I/O Write Time":0.0},{"Node Type":"Hash","Parent Relationship":"Inner","Parallel Aware":false,"Async Capable":false,"Startup Cost":254511.16,"Total Cost":254511.16,"Plan Rows":2999739,"Plan Width":20,"Actual Startup Time":1227.235,"Actual Total Time":1227.239,"Actual Rows":3000000,"Actual Loops":1,"Output":["customer.c_last","customer.c_id","customer.c_w_id","customer.c_d_id"],"Hash Buckets":131072,"Original Hash Buckets":131072,"Hash Batches":32,"Original Hash Batches":32,"Peak Memory Usage":6028,"Shared Hit Blocks":0,"Shared Read Blocks":0,"Shared Dirtied Blocks":0,"Shared Written Blocks":0,"Local Hit Blocks":0,"Local Read Blocks":0,"Local Dirtied Blocks":0,"Local Written Blocks":0,"Temp Read Blocks":0,"Temp Written Blocks":15080,"I/O Read Time":0.0,"I/O Write Time":0.0,"Temp I/O Read Time":0.0,"Temp I/O Write Time":65.173,"Plans":[{"Node Type":"Append","Parent Relationship":"Outer","Parallel Aware":false,"Async Capable":false,"Startup Cost":20.0,"Total Cost":254511.16,"Plan Rows":2999739,"Plan Width":20,"Actual Startup Time":0.02,"Actual Total Time":666.099,"Actual Rows":3000000,"Actual Loops":1,"Shared Hit Blocks":0,"Shared Read Blocks":0,"Shared Dirtied Blocks":0,"Shared Written Blocks":0,"Local Hit Blocks":0,"Local Read Blocks":0,"Local Dirtied Blocks":0,"Local Written Blocks":0,"Temp Read Blocks":0,"Temp Written Blocks":0,"I/O Read Time":0.0,"I/O Write Time":0.0,"Temp I/O Read Time":0.0,"Temp I/O Write Time":0.0,"Subplans Removed":0,"Plans":[{"Node Type":"Custom Scan","Parent Relationship":"Member","Custom Plan Provider":"columnar scan","Parallel Aware":false,"Async Capable":false,"Relation Name":"customer","Schema":"public","Alias":"customer","Startup Cost":20.0,"Total Cost":70513.87,"Plan Rows":2999738,"Plan Width":20,"Actual Startup Time":0.019,"Actual Total Time":456.734,"Actual Rows":3000000,"Actual Loops":1,"Output":["customer.c_last","customer.c_id","customer.c_w_id","customer.c_d_id"],"Rows Removed by Columnar Filter":0,"Columnar cache search mode":"native","Shared Hit Blocks":0,"Shared Read Blocks":0,"Shared Dirtied Blocks":0,"Shared Written Blocks":0,"Local Hit Blocks":0,"Local Read Blocks":0,"Local Dirtied Blocks":0,"Local Written Blocks":0,"Temp Read Blocks":0,"Temp Written Blocks":0,"I/O Read Time":0.0,"I/O Write Time":0.0,"Temp I/O Read Time":0.0,"Temp I/O Write Time":0.0},{"Node Type":"Seq Scan","Parent Relationship":"Member","Parallel Aware":false,"Async Capable":false,"Relation Name":"customer","Schema":"public","Alias":"customer","Startup Cost":0.0,"Total Cost":4.01,"Plan Rows":1,"Plan Width":20,"Actual Startup Time":0.0,"Actual Total Time":0.0,"Actual Rows":0,"Actual Loops":0,"Output":["customer.c_last","customer.c_id","customer.c_w_id","customer.c_d_id"],"Shared Hit Blocks":0,"Shared Read Blocks":0,"Shared Dirtied Blocks":0,"Shared Written Blocks":0,"Local Hit Blocks":0,"Local Read Blocks":0,"Local Dirtied Blocks":0,"Local Written Blocks":0,"Temp Read Blocks":0,"Temp Written Blocks":0,"I/O Read Time":0.0,"I/O Write Time":0.0,"Temp I/O Read Time":0.0,"Temp I/O Write Time":0.0}]}]}]}]},{"Node Type":"Materialize","Parent Relationship":"Inner","Parallel Aware":false,"Async Capable":false,"Startup Cost":3975639.01,"Total Cost":4080270.84,"Plan Rows":20926367,"Plan Width":16,"Actual Startup Time":16911.82,"Actual Total Time":21885.565,"Actual Rows":21002151,"Actual Loops":1,"Output":["order_line.ol_amount","order_line.ol_w_id","order_line.ol_d_id","order_line.ol_o_id"],"Shared Hit Blocks":340884,"Shared Read Blocks":0,"Shared Dirtied Blocks":0,"Shared Written Blocks":0,"Local Hit Blocks":0,"Local Read Blocks":0,"Local Dirtied Blocks":0,"Local Written Blocks":0,"Temp Read Blocks":200374,"Temp Written Blocks":200792,"I/O Read Time":0.0,"I/O Write Time":0.0,"Temp I/O Read Time":297.495,"Temp I/O Write Time":449.332,"Plans":[{"Node Type":"Sort","Parent Relationship":"Outer","Parallel Aware":false,"Async Capable":false,"Startup Cost":3975639.01,"Total Cost":4027954.93,"Plan Rows":20926367,"Plan Width":16,"Actual Startup Time":16911.81,"Actual Total Time":19545.917,"Actual Rows":21002151,"Actual Loops":1,"Output":["order_line.ol_amount","order_line.ol_w_id","order_line.ol_d_id","order_line.ol_o_id"],"Sort Key":["order_line.ol_o_id","order_line.ol_w_id","order_line.ol_d_id"],"Sort Method":"external merge","Sort Space Used":534368,"Sort Space Type":"Disk","Shared Hit Blocks":340884,"Shared Read Blocks":0,"Shared Dirtied Blocks":0,"Shared Written Blocks":0,"Local Hit Blocks":0,"Local Read Blocks":0,"Local Dirtied Blocks":0,"Local Written Blocks":0,"Temp Read Blocks":200374,"Temp Written Blocks":200792,"I/O Read Time":0.0,"I/O Write Time":0.0,"Temp I/O Read Time":297.495,"Temp I/O Write Time":449.332,"Plans":[{"Node Type":"Seq Scan","Parent Relationship":"Outer","Parallel Aware":false,"Async Capable":false,"Relation Name":"order_line","Schema":"public","Alias":"order_line","Startup Cost":0.0,"Total Cost":715856.4,"Plan Rows":20926367,"Plan Width":16,"Actual Startup Time":0.031,"Actual Total Time":3578.522,"Actual Rows":21002151,"Actual Loops":1,"Output":["order_line.ol_amount","order_line.ol_w_id","order_line.ol_d_id","order_line.ol_o_id"],"Filter":"(order_line.ol_delivery_d >= '1992-01-02 20:10:02.27764'::timestamp without time zone)","Rows Removed by Filter":8995581,"Shared Hit Blocks":340884,"Shared Read Blocks":0,"Shared Dirtied Blocks":0,"Shared Written Blocks":0,"Local Hit Blocks":0,"Local Read Blocks":0,"Local Dirtied Blocks":0,"Local Written Blocks":0,"Temp Read Blocks":0,"Temp Written Blocks":0,"I/O Read Time":0.0,"I/O Write Time":0.0,"Temp I/O Read Time":0.0,"Temp I/O Write Time":0.0}]}]}]}]}]}]},"Planning":{"Shared Hit Blocks":5,"Shared Read Blocks":0,"Shared Dirtied Blocks":0,"Shared Written Blocks":0,"Local Hit Blocks":0,"Local Read Blocks":0,"Local Dirtied Blocks":0,"Local Written Blocks":0,"Temp Read Blocks":0,"Temp Written Blocks":0,"I/O Read Time":0.0,"I/O Write Time":0.0,"Temp I/O Read Time":0.0,"Temp I/O Write Time":0.0},"Planning Time":1.03,"Triggers":[],"Execution Time":44435.165}]
[列存组合]: order_line
[{"Plan":{"Node Type":"Sort","Parallel Aware":false,"Async Capable":false,"Startup Cost":8310941.84,"Total Cost":8328369.87,"Plan Rows":6971215,"Plan Width":70,"Actual Startup Time":36754.767,"Actual Total Time":36754.778,"Actual Rows":0,"Actual Loops":1,"Output":["customer.c_last","customer.c_id","orders.o_entry_d","orders.o_ol_cnt","(sum(order_line.ol_amount))","orders.o_id","orders.o_w_id","orders.o_d_id"],"Sort Key":["(sum(order_line.ol_amount)) DESC","orders.o_entry_d"],"Sort Method":"quicksort","Sort Space Used":25,"Sort Space Type":"Memory","Shared Hit Blocks":251663,"Shared Read Blocks":0,"Shared Dirtied Blocks":0,"Shared Written Blocks":0,"Local Hit Blocks":0,"Local Read Blocks":0,"Local Dirtied Blocks":0,"Local Written Blocks":0,"Temp Read Blocks":272756,"Temp Written Blocks":279973,"I/O Read Time":0.0,"I/O Write Time":0.0,"Temp I/O Read Time":413.31,"Temp I/O Write Time":716.793,"Plans":[{"Node Type":"Aggregate","Strategy":"Sorted","Partial Mode":"Simple","Parent Relationship":"Outer","Parallel Aware":false,"Async Capable":false,"Startup Cost":4940020.95,"Total Cost":6946701.43,"Plan Rows":6971215,"Plan Width":70,"Actual Startup Time":36754.76,"Actual Total Time":36754.77,"Actual Rows":0,"Actual Loops":1,"Output":["customer.c_last","customer.c_id","orders.o_entry_d","orders.o_ol_cnt","sum(order_line.ol_amount)","orders.o_id","orders.o_w_id","orders.o_d_id"],"Group Key":["orders.o_id","orders.o_w_id","orders.o_d_id","customer.c_id","customer.c_last"],"Filter":"(sum(order_line.ol_amount) > '110000'::numeric)","Rows Removed by Filter":2097892,"Shared Hit Blocks":251663,"Shared Read Blocks":0,"Shared Dirtied Blocks":0,"Shared Written Blocks":0,"Local Hit Blocks":0,"Local Read Blocks":0,"Local Dirtied Blocks":0,"Local Written Blocks":0,"Temp Read Blocks":272756,"Temp Written Blocks":279973,"I/O Read Time":0.0,"I/O Write Time":0.0,"Temp I/O Read Time":413.31,"Temp I/O Write Time":716.793,"Plans":[{"Node Type":"Incremental Sort","Parent Relationship":"Outer","Parallel Aware":false,"Async Capable":false,"Startup Cost":4940020.95,"Total Cost":6319292.11,"Plan Rows":20913644,"Plan Width":42,"Actual Startup Time":14270.077,"Actual Total Time":32039.184,"Actual Rows":20981262,"Actual Loops":1,"Output":["customer.c_last","customer.c_id","orders.o_id","orders.o_w_id","orders.o_d_id","orders.o_entry_d","orders.o_ol_cnt","order_line.ol_amount"],"Sort Key":["orders.o_id","orders.o_w_id","orders.o_d_id","customer.c_id","customer.c_last"],"Presorted Key":["orders.o_id","orders.o_w_id","orders.o_d_id"],"Full-sort Groups":{"Group Count":567362,"Sort Methods Used":["quicksort"],"Sort Space Memory":{"Average Sort Space Used":28,"Peak Sort Space Used":28}},"Shared Hit Blocks":251663,"Shared Read Blocks":0,"Shared Dirtied Blocks":0,"Shared Written Blocks":0,"Local Hit Blocks":0,"Local Read Blocks":0,"Local Dirtied Blocks":0,"Local Written Blocks":0,"Temp Read Blocks":272756,"Temp Written Blocks":279973,"I/O Read Time":0.0,"I/O Write Time":0.0,"Temp I/O Read Time":413.31,"Temp I/O Write Time":716.793,"Plans":[{"Node Type":"Merge Join","Parent Relationship":"Outer","Parallel Aware":false,"Async Capable":false,"Join Type":"Inner","Startup Cost":4940020.6,"Total Cost":5440402.67,"Plan Rows":20913644,"Plan Width":42,"Actual Startup Time":14270.017,"Actual Total Time":24682.148,"Actual Rows":20981262,"Actual Loops":1,"Output":["customer.c_last","customer.c_id","orders.o_id","orders.o_w_id","orders.o_d_id","orders.o_entry_d","orders.o_ol_cnt","order_line.ol_amount"],"Inner Unique":false,"Merge Cond":"((orders.o_id = order_line.ol_o_id) AND (customer.c_w_id = order_line.ol_w_id) AND (customer.c_d_id = order_line.ol_d_id))","Shared Hit Blocks":251663,"Shared Read Blocks":0,"Shared Dirtied Blocks":0,"Shared Written Blocks":0,"Local Hit Blocks":0,"Local Read Blocks":0,"Local Dirtied Blocks":0,"Local Written Blocks":0,"Temp Read Blocks":272756,"Temp Written Blocks":279973,"I/O Read Time":0.0,"I/O Write Time":0.0,"Temp I/O Read Time":413.31,"Temp I/O Write Time":716.793,"Plans":[{"Node Type":"Sort","Parent Relationship":"Outer","Parallel Aware":false,"Async Capable":false,"Startup Cost":978415.03,"Total Cost":985910.47,"Plan Rows":2998176,"Plan Width":42,"Actual Startup Time":5623.7,"Actual Total Time":6355.949,"Actual Rows":2097893,"Actual Loops":1,"Output":["customer.c_last","customer.c_id","customer.c_w_id","customer.c_d_id","orders.o_entry_d","orders.o_ol_cnt","orders.o_id","orders.o_w_id","orders.o_d_id"],"Sort Key":["orders.o_id","customer.c_w_id","customer.c_d_id"],"Sort Method":"external merge","Sort Space Used":181960,"Sort Space Type":"Disk","Shared Hit Blocks":251663,"Shared Read Blocks":0,"Shared Dirtied Blocks":0,"Shared Written Blocks":0,"Local Hit Blocks":0,"Local Read Blocks":0,"Local Dirtied Blocks":0,"Local Written Blocks":0,"Temp Read Blocks":72375,"Temp Written Blocks":79128,"I/O Read Time":0.0,"I/O Write Time":0.0,"Temp I/O Read Time":115.279,"Temp I/O Write Time":276.731,"Plans":[{"Node Type":"Hash Join","Parent Relationship":"Outer","Parallel Aware":false,"Async Capable":false,"Join Type":"Inner","Startup Cost":329673.8,"Total Cost":471412.44,"Plan Rows":2998176,"Plan Width":42,"Actual Startup Time":1301.648,"Actual Total Time":3267.925,"Actual Rows":2997892,"Actual Loops":1,"Output":["customer.c_last","customer.c_id","customer.c_w_id","customer.c_d_id","orders.o_entry_d","orders.o_ol_cnt","orders.o_id","orders.o_w_id","orders.o_d_id"],"Inner Unique":true,"Hash Cond":"((orders.o_c_id = customer.c_id) AND (orders.o_w_id = customer.c_w_id) AND (orders.o_d_id = customer.c_d_id))","Shared Hit Blocks":251663,"Shared Read Blocks":0,"Shared Dirtied Blocks":0,"Shared Written Blocks":0,"Local Hit Blocks":0,"Local Read Blocks":0,"Local Dirtied Blocks":0,"Local Written Blocks":0,"Temp Read Blocks":33558,"Temp Written Blocks":33558,"I/O Read Time":0.0,"I/O Write Time":0.0,"Temp I/O Read Time":54.485,"Temp I/O Write Time":154.062,"Plans":[{"Node Type":"Seq Scan","Parent Relationship":"Outer","Parallel Aware":false,"Async Capable":false,"Relation Name":"orders","Schema":"public","Alias":"orders","Startup Cost":0.0,"Total Cost":59559.0,"Plan Rows":2998176,"Plan Width":26,"Actual Startup Time":0.012,"Actual Total Time":415.491,"Actual Rows":2997892,"Actual Loops":1,"Output":["orders.o_entry_d","orders.o_ol_cnt","orders.o_id","orders.o_w_id","orders.o_d_id","orders.o_c_id"],"Filter":"(orders.o_entry_d >= '1992-01-02 20:10:02.27764'::timestamp without time zone)","Rows Removed by Filter":2108,"Shared Hit Blocks":22059,"Shared Read Blocks":0,"Shared Dirtied Blocks":0,"Shared Written Blocks":0,"Local Hit Blocks":0,"Local Read Blocks":0,"Local Dirtied Blocks":0,"Local Written Blocks":0,"Temp Read Blocks":0,"Temp Written Blocks":0,"I/O Read Time":0.0,"I/O Write Time":0.0,"Temp I/O Read Time":0.0,"Temp I/O Write Time":0.0},{"Node Type":"Hash","Parent Relationship":"Inner","Parallel Aware":false,"Async Capable":false,"Startup Cost":259601.38,"Total Cost":259601.38,"Plan Rows":2999738,"Plan Width":20,"Actual Startup Time":1300.899,"Actual Total Time":1300.901,"Actual Rows":3000000,"Actual Loops":1,"Output":["customer.c_last","customer.c_id","customer.c_w_id","customer.c_d_id"],"Hash Buckets":131072,"Original Hash Buckets":131072,"Hash Batches":32,"Original Hash Batches":32,"Peak Memory Usage":6028,"Shared Hit Blocks":229604,"Shared Read Blocks":0,"Shared Dirtied Blocks":0,"Shared Written Blocks":0,"Local Hit Blocks":0,"Local Read Blocks":0,"Local Dirtied Blocks":0,"Local Written Blocks":0,"Temp Read Blocks":0,"Temp Written Blocks":15080,"I/O Read Time":0.0,"I/O Write Time":0.0,"Temp I/O Read Time":0.0,"Temp I/O Write Time":71.845,"Plans":[{"Node Type":"Seq Scan","Parent Relationship":"Outer","Parallel Aware":false,"Async Capable":false,"Relation Name":"customer","Schema":"public","Alias":"customer","Startup Cost":0.0,"Total Cost":259601.38,"Plan Rows":2999738,"Plan Width":20,"Actual Startup Time":0.007,"Actual Total Time":746.983,"Actual Rows":3000000,"Actual Loops":1,"Output":["customer.c_last","customer.c_id","customer.c_w_id","customer.c_d_id"],"Shared Hit Blocks":229604,"Shared Read Blocks":0,"Shared Dirtied Blocks":0,"Shared Written Blocks":0,"Local Hit Blocks":0,"Local Read Blocks":0,"Local Dirtied Blocks":0,"Local Written Blocks":0,"Temp Read Blocks":0,"Temp Written Blocks":0,"I/O Read Time":0.0,"I/O Write Time":0.0,"Temp I/O Read Time":0.0,"Temp I/O Write Time":0.0}]}]}]},{"Node Type":"Materialize","Parent Relationship":"Inner","Parallel Aware":false,"Async Capable":false,"Startup Cost":3961602.61,"Total Cost":4066234.44,"Plan Rows":20926367,"Plan Width":16,"Actual Startup Time":8639.68,"Actual Total Time":14132.741,"Actual Rows":21002151,"Actual Loops":1,"Output":["order_line.ol_amount","order_line.ol_w_id","order_line.ol_d_id","order_line.ol_o_id"],"Shared Hit Blocks":0,"Shared Read Blocks":0,"Shared Dirtied Blocks":0,"Shared Written Blocks":0,"Local Hit Blocks":0,"Local Read Blocks":0,"Local Dirtied Blocks":0,"Local Written Blocks":0,"Temp Read Blocks":200381,"Temp Written Blocks":200845,"I/O Read Time":0.0,"I/O Write Time":0.0,"Temp I/O Read Time":298.031,"Temp I/O Write Time":440.063,"Plans":[{"Node Type":"Sort","Parent Relationship":"Outer","Parallel Aware":false,"Async Capable":false,"Startup Cost":3961602.61,"Total Cost":4013918.53,"Plan Rows":20926367,"Plan Width":16,"Actual Startup Time":8639.668,"Actual Total Time":11807.635,"Actual Rows":21002151,"Actual Loops":1,"Output":["order_line.ol_amount","order_line.ol_w_id","order_line.ol_d_id","order_line.ol_o_id"],"Sort Key":["order_line.ol_o_id","order_line.ol_w_id","order_line.ol_d_id"],"Sort Method":"external merge","Sort Space Used":534376,"Sort Space Type":"Disk","Shared Hit Blocks":0,"Shared Read Blocks":0,"Shared Dirtied Blocks":0,"Shared Written Blocks":0,"Local Hit Blocks":0,"Local Read Blocks":0,"Local Dirtied Blocks":0,"Local Written Blocks":0,"Temp Read Blocks":200381,"Temp Written Blocks":200845,"I/O Read Time":0.0,"I/O Write Time":0.0,"Temp I/O Read Time":298.031,"Temp I/O Write Time":440.063,"Plans":[{"Node Type":"Append","Parent Relationship":"Outer","Parallel Aware":false,"Async Capable":false,"Startup Cost":20.0,"Total Cost":701820.0,"Plan Rows":20926367,"Plan Width":16,"Actual Startup Time":4250.764,"Actual Total Time":4250.768,"Actual Rows":21002151,"Actual Loops":1,"Shared Hit Blocks":0,"Shared Read Blocks":0,"Shared Dirtied Blocks":0,"Shared Written Blocks":0,"Local Hit Blocks":0,"Local Read Blocks":0,"Local Dirtied Blocks":0,"Local Written Blocks":0,"Temp Read Blocks":0,"Temp Written Blocks":67245,"I/O Read Time":0.0,"I/O Write Time":0.0,"Temp I/O Read Time":0.0,"Temp I/O Write Time":253.049,"Subplans Removed":0,"Plans":[{"Node Type":"Custom Scan","Parent Relationship":"Member","Custom Plan Provider":"columnar scan","Parallel Aware":false,"Async Capable":false,"Relation Name":"order_line","Schema":"public","Alias":"order_line","Startup Cost":20.0,"Total Cost":491789.1,"Plan Rows":20926325,"Plan Width":16,"Actual Startup Time":4250.758,"Actual Total Time":4250.759,"Actual Rows":21002151,"Actual Loops":1,"Output":["order_line.ol_amount","order_line.ol_w_id","order_line.ol_d_id","order_line.ol_o_id"],"Filter":"(order_line.ol_delivery_d >= '1992-01-02 20:10:02.27764'::timestamp without time zone)","Rows Removed by Filter":0,"Rows Removed by Columnar Filter":8995581,"Rows Sorted by Columnar Scan":21002151,"Columnar cache search mode":"native","Shared Hit Blocks":0,"Shared Read Blocks":0,"Shared Dirtied Blocks":0,"Shared Written Blocks":0,"Local Hit Blocks":0,"Local Read Blocks":0,"Local Dirtied Blocks":0,"Local Written Blocks":0,"Temp Read Blocks":0,"Temp Written Blocks":67245,"I/O Read Time":0.0,"I/O Write Time":0.0,"Temp I/O Read Time":0.0,"Temp I/O Write Time":253.049},{"Node Type":"Seq Scan","Parent Relationship":"Member","Parallel Aware":false,"Async Capable":false,"Relation Name":"order_line","Schema":"public","Alias":"order_line","Startup Cost":0.0,"Total Cost":4.75,"Plan Rows":42,"Plan Width":16,"Actual Startup Time":0.0,"Actual Total Time":0.0,"Actual Rows":0,"Actual Loops":0,"Output":["order_line.ol_amount","order_line.ol_w_id","order_line.ol_d_id","order_line.ol_o_id"],"Filter":"(order_line.ol_delivery_d >= '1992-01-02 20:10:02.27764'::timestamp without time zone)","Rows Removed by Filter":0,"Shared Hit Blocks":0,"Shared Read Blocks":0,"Shared Dirtied Blocks":0,"Shared Written Blocks":0,"Local Hit Blocks":0,"Local Read Blocks":0,"Local Dirtied Blocks":0,"Local Written Blocks":0,"Temp Read Blocks":0,"Temp Written Blocks":0,"I/O Read Time":0.0,"I/O Write Time":0.0,"Temp I/O Read Time":0.0,"Temp I/O Write Time":0.0}]}]}]}]}]}]}]},"Planning":{"Shared Hit Blocks":5,"Shared Read Blocks":0,"Shared Dirtied Blocks":0,"Shared Written Blocks":0,"Local Hit Blocks":0,"Local Read Blocks":0,"Local Dirtied Blocks":0,"Local Written Blocks":0,"Temp Read Blocks":0,"Temp Written Blocks":0,"I/O Read Time":0.0,"I/O Write Time":0.0,"Temp I/O Read Time":0.0,"Temp I/O Write Time":0.0},"Planning Time":0.997,"Triggers":[],"Execution Time":36844.52}]
[列存组合]: orders
[{"Plan":{"Node Type":"Sort","Parallel Aware":false,"Async Capable":false,"Startup Cost":8324978.24,"Total Cost":8342406.27,"Plan Rows":6971215,"Plan Width":70,"Actual Startup Time":44382.862,"Actual Total Time":44382.868,"Actual Rows":0,"Actual Loops":1,"Output":["customer.c_last","customer.c_id","orders.o_entry_d","orders.o_ol_cnt","(sum(order_line.ol_amount))","orders.o_id","orders.o_w_id","orders.o_d_id"],"Sort Key":["(sum(order_line.ol_amount)) DESC","orders.o_entry_d"],"Sort Method":"quicksort","Sort Space Used":25,"Sort Space Type":"Memory","Shared Hit Blocks":592547,"Shared Read Blocks":0,"Shared Dirtied Blocks":0,"Shared Written Blocks":0,"Local Hit Blocks":0,"Local Read Blocks":0,"Local Dirtied Blocks":0,"Local Written Blocks":0,"Temp Read Blocks":272749,"Temp Written Blocks":279920,"I/O Read Time":0.0,"I/O Write Time":0.0,"Temp I/O Read Time":413.401,"Temp I/O Write Time":719.521,"Plans":[{"Node Type":"Aggregate","Strategy":"Sorted","Partial Mode":"Simple","Parent Relationship":"Outer","Parallel Aware":false,"Async Capable":false,"Startup Cost":4954057.35,"Total Cost":6960737.83,"Plan Rows":6971215,"Plan Width":70,"Actual Startup Time":44382.857,"Actual Total Time":44382.863,"Actual Rows":0,"Actual Loops":1,"Output":["customer.c_last","customer.c_id","orders.o_entry_d","orders.o_ol_cnt","sum(order_line.ol_amount)","orders.o_id","orders.o_w_id","orders.o_d_id"],"Group Key":["orders.o_id","orders.o_w_id","orders.o_d_id","customer.c_id","customer.c_last"],"Filter":"(sum(order_line.ol_amount) > '110000'::numeric)","Rows Removed by Filter":2097892,"Shared Hit Blocks":592547,"Shared Read Blocks":0,"Shared Dirtied Blocks":0,"Shared Written Blocks":0,"Local Hit Blocks":0,"Local Read Blocks":0,"Local Dirtied Blocks":0,"Local Written Blocks":0,"Temp Read Blocks":272749,"Temp Written Blocks":279920,"I/O Read Time":0.0,"I/O Write Time":0.0,"Temp I/O Read Time":413.401,"Temp I/O Write Time":719.521,"Plans":[{"Node Type":"Incremental Sort","Parent Relationship":"Outer","Parallel Aware":false,"Async Capable":false,"Startup Cost":4954057.35,"Total Cost":6333328.51,"Plan Rows":20913644,"Plan Width":42,"Actual Startup Time":22479.563,"Actual Total Time":39691.291,"Actual Rows":20981262,"Actual Loops":1,"Output":["customer.c_last","customer.c_id","orders.o_id","orders.o_w_id","orders.o_d_id","orders.o_entry_d","orders.o_ol_cnt","order_line.ol_amount"],"Sort Key":["orders.o_id","orders.o_w_id","orders.o_d_id","customer.c_id","customer.c_last"],"Presorted Key":["orders.o_id","orders.o_w_id","orders.o_d_id"],"Full-sort Groups":{"Group Count":567362,"Sort Methods Used":["quicksort"],"Sort Space Memory":{"Average Sort Space Used":28,"Peak Sort Space Used":28}},"Shared Hit Blocks":592547,"Shared Read Blocks":0,"Shared Dirtied Blocks":0,"Shared Written Blocks":0,"Local Hit Blocks":0,"Local Read Blocks":0,"Local Dirtied Blocks":0,"Local Written Blocks":0,"Temp Read Blocks":272749,"Temp Written Blocks":279920,"I/O Read Time":0.0,"I/O Write Time":0.0,"Temp I/O Read Time":413.401,"Temp I/O Write Time":719.521,"Plans":[{"Node Type":"Merge Join","Parent Relationship":"Outer","Parallel Aware":false,"Async Capable":false,"Join Type":"Inner","Startup Cost":4954057.0,"Total Cost":5454439.07,"Plan Rows":20913644,"Plan Width":42,"Actual Startup Time":22479.505,"Actual Total Time":32364.55,"Actual Rows":20981262,"Actual Loops":1,"Output":["customer.c_last","customer.c_id","orders.o_id","orders.o_w_id","orders.o_d_id","orders.o_entry_d","orders.o_ol_cnt","order_line.ol_amount"],"Inner Unique":false,"Merge Cond":"((orders.o_id = order_line.ol_o_id) AND (customer.c_w_id = order_line.ol_w_id) AND (customer.c_d_id = order_line.ol_d_id))","Shared Hit Blocks":592547,"Shared Read Blocks":0,"Shared Dirtied Blocks":0,"Shared Written Blocks":0,"Local Hit Blocks":0,"Local Read Blocks":0,"Local Dirtied Blocks":0,"Local Written Blocks":0,"Temp Read Blocks":272749,"Temp Written Blocks":279920,"I/O Read Time":0.0,"I/O Write Time":0.0,"Temp I/O Read Time":413.401,"Temp I/O Write Time":719.521,"Plans":[{"Node Type":"Sort","Parent Relationship":"Outer","Parallel Aware":false,"Async Capable":false,"Startup Cost":978415.03,"Total Cost":985910.47,"Plan Rows":2998176,"Plan Width":42,"Actual Startup Time":5551.981,"Actual Total Time":6287.81,"Actual Rows":2097893,"Actual Loops":1,"Output":["customer.c_last","customer.c_id","customer.c_w_id","customer.c_d_id","orders.o_entry_d","orders.o_ol_cnt","orders.o_id","orders.o_w_id","orders.o_d_id"],"Sort Key":["orders.o_id","customer.c_w_id","customer.c_d_id"],"Sort Method":"external merge","Sort Space Used":181960,"Sort Space Type":"Disk","Shared Hit Blocks":251663,"Shared Read Blocks":0,"Shared Dirtied Blocks":0,"Shared Written Blocks":0,"Local Hit Blocks":0,"Local Read Blocks":0,"Local Dirtied Blocks":0,"Local Written Blocks":0,"Temp Read Blocks":72375,"Temp Written Blocks":79128,"I/O Read Time":0.0,"I/O Write Time":0.0,"Temp I/O Read Time":115.538,"Temp I/O Write Time":271.802,"Plans":[{"Node Type":"Hash Join","Parent Relationship":"Outer","Parallel Aware":false,"Async Capable":false,"Join Type":"Inner","Startup Cost":329673.8,"Total Cost":471412.44,"Plan Rows":2998176,"Plan Width":42,"Actual Startup Time":1232.52,"Actual Total Time":3196.759,"Actual Rows":2997892,"Actual Loops":1,"Output":["customer.c_last","customer.c_id","customer.c_w_id","customer.c_d_id","orders.o_entry_d","orders.o_ol_cnt","orders.o_id","orders.o_w_id","orders.o_d_id"],"Inner Unique":true,"Hash Cond":"((orders.o_c_id = customer.c_id) AND (orders.o_w_id = customer.c_w_id) AND (orders.o_d_id = customer.c_d_id))","Shared Hit Blocks":251663,"Shared Read Blocks":0,"Shared Dirtied Blocks":0,"Shared Written Blocks":0,"Local Hit Blocks":0,"Local Read Blocks":0,"Local Dirtied Blocks":0,"Local Written Blocks":0,"Temp Read Blocks":33558,"Temp Written Blocks":33558,"I/O Read Time":0.0,"I/O Write Time":0.0,"Temp I/O Read Time":54.593,"Temp I/O Write Time":149.66,"Plans":[{"Node Type":"Seq Scan","Parent Relationship":"Outer","Parallel Aware":false,"Async Capable":false,"Relation Name":"orders","Schema":"public","Alias":"orders","Startup Cost":0.0,"Total Cost":59559.0,"Plan Rows":2998176,"Plan Width":26,"Actual Startup Time":0.011,"Actual Total Time":418.984,"Actual Rows":2997892,"Actual Loops":1,"Output":["orders.o_entry_d","orders.o_ol_cnt","orders.o_id","orders.o_w_id","orders.o_d_id","orders.o_c_id"],"Filter":"(orders.o_entry_d >= '1992-01-02 20:10:02.27764'::timestamp without time zone)","Rows Removed by Filter":2108,"Shared Hit Blocks":22059,"Shared Read Blocks":0,"Shared Dirtied Blocks":0,"Shared Written Blocks":0,"Local Hit Blocks":0,"Local Read Blocks":0,"Local Dirtied Blocks":0,"Local Written Blocks":0,"Temp Read Blocks":0,"Temp Written Blocks":0,"I/O Read Time":0.0,"I/O Write Time":0.0,"Temp I/O Read Time":0.0,"Temp I/O Write Time":0.0},{"Node Type":"Hash","Parent Relationship":"Inner","Parallel Aware":false,"Async Capable":false,"Startup Cost":259601.38,"Total Cost":259601.38,"Plan Rows":2999738,"Plan Width":20,"Actual Startup Time":1231.918,"Actual Total Time":1231.919,"Actual Rows":3000000,"Actual Loops":1,"Output":["customer.c_last","customer.c_id","customer.c_w_id","customer.c_d_id"],"Hash Buckets":131072,"Original Hash Buckets":131072,"Hash Batches":32,"Original Hash Batches":32,"Peak Memory Usage":6028,"Shared Hit Blocks":229604,"Shared Read Blocks":0,"Shared Dirtied Blocks":0,"Shared Written Blocks":0,"Local Hit Blocks":0,"Local Read Blocks":0,"Local Dirtied Blocks":0,"Local Written Blocks":0,"Temp Read Blocks":0,"Temp Written Blocks":15080,"I/O Read Time":0.0,"I/O Write Time":0.0,"Temp I/O Read Time":0.0,"Temp I/O Write Time":69.107,"Plans":[{"Node Type":"Seq Scan","Parent Relationship":"Outer","Parallel Aware":false,"Async Capable":false,"Relation Name":"customer","Schema":"public","Alias":"customer","Startup Cost":0.0,"Total Cost":259601.38,"Plan Rows":2999738,"Plan Width":20,"Actual Startup Time":0.008,"Actual Total Time":678.49,"Actual Rows":3000000,"Actual Loops":1,"Output":["customer.c_last","customer.c_id","customer.c_w_id","customer.c_d_id"],"Shared Hit Blocks":229604,"Shared Read Blocks":0,"Shared Dirtied Blocks":0,"Shared Written Blocks":0,"Local Hit Blocks":0,"Local Read Blocks":0,"Local Dirtied Blocks":0,"Local Written Blocks":0,"Temp Read Blocks":0,"Temp Written Blocks":0,"I/O Read Time":0.0,"I/O Write Time":0.0,"Temp I/O Read Time":0.0,"Temp I/O Write Time":0.0}]}]}]},{"Node Type":"Materialize","Parent Relationship":"Inner","Parallel Aware":false,"Async Capable":false,"Startup Cost":3975639.01,"Total Cost":4080270.84,"Plan Rows":20926367,"Plan Width":16,"Actual Startup Time":16921.071,"Actual Total Time":21932.756,"Actual Rows":21002151,"Actual Loops":1,"Output":["order_line.ol_amount","order_line.ol_w_id","order_line.ol_d_id","order_line.ol_o_id"],"Shared Hit Blocks":340884,"Shared Read Blocks":0,"Shared Dirtied Blocks":0,"Shared Written Blocks":0,"Local Hit Blocks":0,"Local Read Blocks":0,"Local Dirtied Blocks":0,"Local Written Blocks":0,"Temp Read Blocks":200374,"Temp Written Blocks":200792,"I/O Read Time":0.0,"I/O Write Time":0.0,"Temp I/O Read Time":297.863,"Temp I/O Write Time":447.718,"Plans":[{"Node Type":"Sort","Parent Relationship":"Outer","Parallel Aware":false,"Async Capable":false,"Startup Cost":3975639.01,"Total Cost":4027954.93,"Plan Rows":20926367,"Plan Width":16,"Actual Startup Time":16921.061,"Actual Total Time":19587.386,"Actual Rows":21002151,"Actual Loops":1,"Output":["order_line.ol_amount","order_line.ol_w_id","order_line.ol_d_id","order_line.ol_o_id"],"Sort Key":["order_line.ol_o_id","order_line.ol_w_id","order_line.ol_d_id"],"Sort Method":"external merge","Sort Space Used":534368,"Sort Space Type":"Disk","Shared Hit Blocks":340884,"Shared Read Blocks":0,"Shared Dirtied Blocks":0,"Shared Written Blocks":0,"Local Hit Blocks":0,"Local Read Blocks":0,"Local Dirtied Blocks":0,"Local Written Blocks":0,"Temp Read Blocks":200374,"Temp Written Blocks":200792,"I/O Read Time":0.0,"I/O Write Time":0.0,"Temp I/O Read Time":297.863,"Temp I/O Write Time":447.718,"Plans":[{"Node Type":"Seq Scan","Parent Relationship":"Outer","Parallel Aware":false,"Async Capable":false,"Relation Name":"order_line","Schema":"public","Alias":"order_line","Startup Cost":0.0,"Total Cost":715856.4,"Plan Rows":20926367,"Plan Width":16,"Actual Startup Time":0.03,"Actual Total Time":3583.623,"Actual Rows":21002151,"Actual Loops":1,"Output":["order_line.ol_amount","order_line.ol_w_id","order_line.ol_d_id","order_line.ol_o_id"],"Filter":"(order_line.ol_delivery_d >= '1992-01-02 20:10:02.27764'::timestamp without time zone)","Rows Removed by Filter":8995581,"Shared Hit Blocks":340884,"Shared Read Blocks":0,"Shared Dirtied Blocks":0,"Shared Written Blocks":0,"Local Hit Blocks":0,"Local Read Blocks":0,"Local Dirtied Blocks":0,"Local Written Blocks":0,"Temp Read Blocks":0,"Temp Written Blocks":0,"I/O Read Time":0.0,"I/O Write Time":0.0,"Temp I/O Read Time":0.0,"Temp I/O Write Time":0.0}]}]}]}]}]}]},"Planning":{"Shared Hit Blocks":5,"Shared Read Blocks":0,"Shared Dirtied Blocks":0,"Shared Written Blocks":0,"Local Hit Blocks":0,"Local Read Blocks":0,"Local Dirtied Blocks":0,"Local Written Blocks":0,"Temp Read Blocks":0,"Temp Written Blocks":0,"I/O Read Time":0.0,"I/O Write Time":0.0,"Temp I/O Read Time":0.0,"Temp I/O Write Time":0.0},"Planning Time":0.741,"Triggers":[],"Execution Time":44474.116}]
[列存组合]: customer, order_line
[{"Plan":{"Node Type":"Sort","Parallel Aware":false,"Async Capable":false,"Startup Cost":8305851.63,"Total Cost":8323279.67,"Plan Rows":6971215,"Plan Width":70,"Actual Startup Time":36678.191,"Actual Total Time":36678.208,"Actual Rows":0,"Actual Loops":1,"Output":["customer.c_last","customer.c_id","orders.o_entry_d","orders.o_ol_cnt","(sum(order_line.ol_amount))","orders.o_id","orders.o_w_id","orders.o_d_id"],"Sort Key":["(sum(order_line.ol_amount)) DESC","orders.o_entry_d"],"Sort Method":"quicksort","Sort Space Used":25,"Sort Space Type":"Memory","Shared Hit Blocks":22059,"Shared Read Blocks":0,"Shared Dirtied Blocks":0,"Shared Written Blocks":0,"Local Hit Blocks":0,"Local Read Blocks":0,"Local Dirtied Blocks":0,"Local Written Blocks":0,"Temp Read Blocks":272756,"Temp Written Blocks":279973,"I/O Read Time":0.0,"I/O Write Time":0.0,"Temp I/O Read Time":413.403,"Temp I/O Write Time":710.872,"Plans":[{"Node Type":"Aggregate","Strategy":"Sorted","Partial Mode":"Simple","Parent Relationship":"Outer","Parallel Aware":false,"Async Capable":false,"Startup Cost":4934930.74,"Total Cost":6941611.22,"Plan Rows":6971215,"Plan Width":70,"Actual Startup Time":36678.184,"Actual Total Time":36678.2,"Actual Rows":0,"Actual Loops":1,"Output":["customer.c_last","customer.c_id","orders.o_entry_d","orders.o_ol_cnt","sum(order_line.ol_amount)","orders.o_id","orders.o_w_id","orders.o_d_id"],"Group Key":["orders.o_id","orders.o_w_id","orders.o_d_id","customer.c_id","customer.c_last"],"Filter":"(sum(order_line.ol_amount) > '110000'::numeric)","Rows Removed by Filter":2097892,"Shared Hit Blocks":22059,"Shared Read Blocks":0,"Shared Dirtied Blocks":0,"Shared Written Blocks":0,"Local Hit Blocks":0,"Local Read Blocks":0,"Local Dirtied Blocks":0,"Local Written Blocks":0,"Temp Read Blocks":272756,"Temp Written Blocks":279973,"I/O Read Time":0.0,"I/O Write Time":0.0,"Temp I/O Read Time":413.403,"Temp I/O Write Time":710.872,"Plans":[{"Node Type":"Incremental Sort","Parent Relationship":"Outer","Parallel Aware":false,"Async Capable":false,"Startup Cost":4934930.74,"Total Cost":6314201.9,"Plan Rows":20913644,"Plan Width":42,"Actual Startup Time":14182.695,"Actual Total Time":31973.338,"Actual Rows":20981262,"Actual Loops":1,"Output":["customer.c_last","customer.c_id","orders.o_id","orders.o_w_id","orders.o_d_id","orders.o_entry_d","orders.o_ol_cnt","order_line.ol_amount"],"Sort Key":["orders.o_id","orders.o_w_id","orders.o_d_id","customer.c_id","customer.c_last"],"Presorted Key":["orders.o_id","orders.o_w_id","orders.o_d_id"],"Full-sort Groups":{"Group Count":567362,"Sort Methods Used":["quicksort"],"Sort Space Memory":{"Average Sort Space Used":28,"Peak Sort Space Used":28}},"Shared Hit Blocks":22059,"Shared Read Blocks":0,"Shared Dirtied Blocks":0,"Shared Written Blocks":0,"Local Hit Blocks":0,"Local Read Blocks":0,"Local Dirtied Blocks":0,"Local Written Blocks":0,"Temp Read Blocks":272756,"Temp Written Blocks":279973,"I/O Read Time":0.0,"I/O Write Time":0.0,"Temp I/O Read Time":413.403,"Temp I/O Write Time":710.872,"Plans":[{"Node Type":"Merge Join","Parent Relationship":"Outer","Parallel Aware":false,"Async Capable":false,"Join Type":"Inner","Startup Cost":4934930.4,"Total Cost":5435312.47,"Plan Rows":20913644,"Plan Width":42,"Actual Startup Time":14182.634,"Actual Total Time":24618.332,"Actual Rows":20981262,"Actual Loops":1,"Output":["customer.c_last","customer.c_id","orders.o_id","orders.o_w_id","orders.o_d_id","orders.o_entry_d","orders.o_ol_cnt","order_line.ol_amount"],"Inner Unique":false,"Merge Cond":"((orders.o_id = order_line.ol_o_id) AND (customer.c_w_id = order_line.ol_w_id) AND (customer.c_d_id = order_line.ol_d_id))","Shared Hit Blocks":22059,"Shared Read Blocks":0,"Shared Dirtied Blocks":0,"Shared Written Blocks":0,"Local Hit Blocks":0,"Local Read Blocks":0,"Local Dirtied Blocks":0,"Local Written Blocks":0,"Temp Read Blocks":272756,"Temp Written Blocks":279973,"I/O Read Time":0.0,"I/O Write Time":0.0,"Temp I/O Read Time":413.403,"Temp I/O Write Time":710.872,"Plans":[{"Node Type":"Sort","Parent Relationship":"Outer","Parallel Aware":false,"Async Capable":false,"Startup Cost":973324.82,"Total Cost":980820.26,"Plan Rows":2998176,"Plan Width":42,"Actual Startup Time":5529.943,"Actual Total Time":6256.294,"Actual Rows":2097893,"Actual Loops":1,"Output":["customer.c_last","customer.c_id","customer.c_w_id","customer.c_d_id","orders.o_entry_d","orders.o_ol_cnt","orders.o_id","orders.o_w_id","orders.o_d_id"],"Sort Key":["orders.o_id","customer.c_w_id","customer.c_d_id"],"Sort Method":"external merge","Sort Space Used":181960,"Sort Space Type":"Disk","Shared Hit Blocks":22059,"Shared Read Blocks":0,"Shared Dirtied Blocks":0,"Shared Written Blocks":0,"Local Hit Blocks":0,"Local Read Blocks":0,"Local Dirtied Blocks":0,"Local Written Blocks":0,"Temp Read Blocks":72375,"Temp Written Blocks":79128,"I/O Read Time":0.0,"I/O Write Time":0.0,"Temp I/O Read Time":115.29,"Temp I/O Write Time":270.404,"Plans":[{"Node Type":"Hash Join","Parent Relationship":"Outer","Parallel Aware":false,"Async Capable":false,"Join Type":"Inner","Startup Cost":324583.59,"Total Cost":466322.24,"Plan Rows":2998176,"Plan Width":42,"Actual Startup Time":1223.424,"Actual Total Time":3175.123,"Actual Rows":2997892,"Actual Loops":1,"Output":["customer.c_last","customer.c_id","customer.c_w_id","customer.c_d_id","orders.o_entry_d","orders.o_ol_cnt","orders.o_id","orders.o_w_id","orders.o_d_id"],"Inner Unique":true,"Hash Cond":"((orders.o_c_id = customer.c_id) AND (orders.o_w_id = customer.c_w_id) AND (orders.o_d_id = customer.c_d_id))","Shared Hit Blocks":22059,"Shared Read Blocks":0,"Shared Dirtied Blocks":0,"Shared Written Blocks":0,"Local Hit Blocks":0,"Local Read Blocks":0,"Local Dirtied Blocks":0,"Local Written Blocks":0,"Temp Read Blocks":33558,"Temp Written Blocks":33558,"I/O Read Time":0.0,"I/O Write Time":0.0,"Temp I/O Read Time":54.631,"Temp I/O Write Time":148.423,"Plans":[{"Node Type":"Seq Scan","Parent Relationship":"Outer","Parallel Aware":false,"Async Capable":false,"Relation Name":"orders","Schema":"public","Alias":"orders","Startup Cost":0.0,"Total Cost":59559.0,"Plan Rows":2998176,"Plan Width":26,"Actual Startup Time":0.013,"Actual Total Time":418.391,"Actual Rows":2997892,"Actual Loops":1,"Output":["orders.o_entry_d","orders.o_ol_cnt","orders.o_id","orders.o_w_id","orders.o_d_id","orders.o_c_id"],"Filter":"(orders.o_entry_d >= '1992-01-02 20:10:02.27764'::timestamp without time zone)","Rows Removed by Filter":2108,"Shared Hit Blocks":22059,"Shared Read Blocks":0,"Shared Dirtied Blocks":0,"Shared Written Blocks":0,"Local Hit Blocks":0,"Local Read Blocks":0,"Local Dirtied Blocks":0,"Local Written Blocks":0,"Temp Read Blocks":0,"Temp Written Blocks":0,"I/O Read Time":0.0,"I/O Write Time":0.0,"Temp I/O Read Time":0.0,"Temp I/O Write Time":0.0},{"Node Type":"Hash","Parent Relationship":"Inner","Parallel Aware":false,"Async Capable":false,"Startup Cost":254511.16,"Total Cost":254511.16,"Plan Rows":2999739,"Plan Width":20,"Actual Startup Time":1222.657,"Actual Total Time":1222.664,"Actual Rows":3000000,"Actual Loops":1,"Output":["customer.c_last","customer.c_id","customer.c_w_id","customer.c_d_id"],"Hash Buckets":131072,"Original Hash Buckets":131072,"Hash Batches":32,"Original Hash Batches":32,"Peak Memory Usage":6028,"Shared Hit Blocks":0,"Shared Read Blocks":0,"Shared Dirtied Blocks":0,"Shared Written Blocks":0,"Local Hit Blocks":0,"Local Read Blocks":0,"Local Dirtied Blocks":0,"Local Written Blocks":0,"Temp Read Blocks":0,"Temp Written Blocks":15080,"I/O Read Time":0.0,"I/O Write Time":0.0,"Temp I/O Read Time":0.0,"Temp I/O Write Time":66.282,"Plans":[{"Node Type":"Append","Parent Relationship":"Outer","Parallel Aware":false,"Async Capable":false,"Startup Cost":20.0,"Total Cost":254511.16,"Plan Rows":2999739,"Plan Width":20,"Actual Startup Time":0.019,"Actual Total Time":667.484,"Actual Rows":3000000,"Actual Loops":1,"Shared Hit Blocks":0,"Shared Read Blocks":0,"Shared Dirtied Blocks":0,"Shared Written Blocks":0,"Local Hit Blocks":0,"Local Read Blocks":0,"Local Dirtied Blocks":0,"Local Written Blocks":0,"Temp Read Blocks":0,"Temp Written Blocks":0,"I/O Read Time":0.0,"I/O Write Time":0.0,"Temp I/O Read Time":0.0,"Temp I/O Write Time":0.0,"Subplans Removed":0,"Plans":[{"Node Type":"Custom Scan","Parent Relationship":"Member","Custom Plan Provider":"columnar scan","Parallel Aware":false,"Async Capable":false,"Relation Name":"customer","Schema":"public","Alias":"customer","Startup Cost":20.0,"Total Cost":70513.87,"Plan Rows":2999738,"Plan Width":20,"Actual Startup Time":0.017,"Actual Total Time":456.596,"Actual Rows":3000000,"Actual Loops":1,"Output":["customer.c_last","customer.c_id","customer.c_w_id","customer.c_d_id"],"Rows Removed by Columnar Filter":0,"Columnar cache search mode":"native","Shared Hit Blocks":0,"Shared Read Blocks":0,"Shared Dirtied Blocks":0,"Shared Written Blocks":0,"Local Hit Blocks":0,"Local Read Blocks":0,"Local Dirtied Blocks":0,"Local Written Blocks":0,"Temp Read Blocks":0,"Temp Written Blocks":0,"I/O Read Time":0.0,"I/O Write Time":0.0,"Temp I/O Read Time":0.0,"Temp I/O Write Time":0.0},{"Node Type":"Seq Scan","Parent Relationship":"Member","Parallel Aware":false,"Async Capable":false,"Relation Name":"customer","Schema":"public","Alias":"customer","Startup Cost":0.0,"Total Cost":4.01,"Plan Rows":1,"Plan Width":20,"Actual Startup Time":0.0,"Actual Total Time":0.0,"Actual Rows":0,"Actual Loops":0,"Output":["customer.c_last","customer.c_id","customer.c_w_id","customer.c_d_id"],"Shared Hit Blocks":0,"Shared Read Blocks":0,"Shared Dirtied Blocks":0,"Shared Written Blocks":0,"Local Hit Blocks":0,"Local Read Blocks":0,"Local Dirtied Blocks":0,"Local Written Blocks":0,"Temp Read Blocks":0,"Temp Written Blocks":0,"I/O Read Time":0.0,"I/O Write Time":0.0,"Temp I/O Read Time":0.0,"Temp I/O Write Time":0.0}]}]}]}]},{"Node Type":"Materialize","Parent Relationship":"Inner","Parallel Aware":false,"Async Capable":false,"Startup Cost":3961602.61,"Total Cost":4066234.44,"Plan Rows":20926367,"Plan Width":16,"Actual Startup Time":8646.018,"Actual Total Time":14183.97,"Actual Rows":21002151,"Actual Loops":1,"Output":["order_line.ol_amount","order_line.ol_w_id","order_line.ol_d_id","order_line.ol_o_id"],"Shared Hit Blocks":0,"Shared Read Blocks":0,"Shared Dirtied Blocks":0,"Shared Written Blocks":0,"Local Hit Blocks":0,"Local Read Blocks":0,"Local Dirtied Blocks":0,"Local Written Blocks":0,"Temp Read Blocks":200381,"Temp Written Blocks":200845,"I/O Read Time":0.0,"I/O Write Time":0.0,"Temp I/O Read Time":298.113,"Temp I/O Write Time":440.469,"Plans":[{"Node Type":"Sort","Parent Relationship":"Outer","Parallel Aware":false,"Async Capable":false,"Startup Cost":3961602.61,"Total Cost":4013918.53,"Plan Rows":20926367,"Plan Width":16,"Actual Startup Time":8646.008,"Actual Total Time":11806.344,"Actual Rows":21002151,"Actual Loops":1,"Output":["order_line.ol_amount","order_line.ol_w_id","order_line.ol_d_id","order_line.ol_o_id"],"Sort Key":["order_line.ol_o_id","order_line.ol_w_id","order_line.ol_d_id"],"Sort Method":"external merge","Sort Space Used":534376,"Sort Space Type":"Disk","Shared Hit Blocks":0,"Shared Read Blocks":0,"Shared Dirtied Blocks":0,"Shared Written Blocks":0,"Local Hit Blocks":0,"Local Read Blocks":0,"Local Dirtied Blocks":0,"Local Written Blocks":0,"Temp Read Blocks":200381,"Temp Written Blocks":200845,"I/O Read Time":0.0,"I/O Write Time":0.0,"Temp I/O Read Time":298.113,"Temp I/O Write Time":440.469,"Plans":[{"Node Type":"Append","Parent Relationship":"Outer","Parallel Aware":false,"Async Capable":false,"Startup Cost":20.0,"Total Cost":701820.0,"Plan Rows":20926367,"Plan Width":16,"Actual Startup Time":4247.862,"Actual Total Time":4247.865,"Actual Rows":21002151,"Actual Loops":1,"Shared Hit Blocks":0,"Shared Read Blocks":0,"Shared Dirtied Blocks":0,"Shared Written Blocks":0,"Local Hit Blocks":0,"Local Read Blocks":0,"Local Dirtied Blocks":0,"Local Written Blocks":0,"Temp Read Blocks":0,"Temp Written Blocks":67245,"I/O Read Time":0.0,"I/O Write Time":0.0,"Temp I/O Read Time":0.0,"Temp I/O Write Time":252.624,"Subplans Removed":0,"Plans":[{"Node Type":"Custom Scan","Parent Relationship":"Member","Custom Plan Provider":"columnar scan","Parallel Aware":false,"Async Capable":false,"Relation Name":"order_line","Schema":"public","Alias":"order_line","Startup Cost":20.0,"Total Cost":491789.1,"Plan Rows":20926325,"Plan Width":16,"Actual Startup Time":4247.857,"Actual Total Time":4247.858,"Actual Rows":21002151,"Actual Loops":1,"Output":["order_line.ol_amount","order_line.ol_w_id","order_line.ol_d_id","order_line.ol_o_id"],"Filter":"(order_line.ol_delivery_d >= '1992-01-02 20:10:02.27764'::timestamp without time zone)","Rows Removed by Filter":0,"Rows Removed by Columnar Filter":8995581,"Rows Sorted by Columnar Scan":21002151,"Columnar cache search mode":"native","Shared Hit Blocks":0,"Shared Read Blocks":0,"Shared Dirtied Blocks":0,"Shared Written Blocks":0,"Local Hit Blocks":0,"Local Read Blocks":0,"Local Dirtied Blocks":0,"Local Written Blocks":0,"Temp Read Blocks":0,"Temp Written Blocks":67245,"I/O Read Time":0.0,"I/O Write Time":0.0,"Temp I/O Read Time":0.0,"Temp I/O Write Time":252.624},{"Node Type":"Seq Scan","Parent Relationship":"Member","Parallel Aware":false,"Async Capable":false,"Relation Name":"order_line","Schema":"public","Alias":"order_line","Startup Cost":0.0,"Total Cost":4.75,"Plan Rows":42,"Plan Width":16,"Actual Startup Time":0.0,"Actual Total Time":0.0,"Actual Rows":0,"Actual Loops":0,"Output":["order_line.ol_amount","order_line.ol_w_id","order_line.ol_d_id","order_line.ol_o_id"],"Filter":"(order_line.ol_delivery_d >= '1992-01-02 20:10:02.27764'::timestamp without time zone)","Rows Removed by Filter":0,"Shared Hit Blocks":0,"Shared Read Blocks":0,"Shared Dirtied Blocks":0,"Shared Written Blocks":0,"Local Hit Blocks":0,"Local Read Blocks":0,"Local Dirtied Blocks":0,"Local Written Blocks":0,"Temp Read Blocks":0,"Temp Written Blocks":0,"I/O Read Time":0.0,"I/O Write Time":0.0,"Temp I/O Read Time":0.0,"Temp I/O Write Time":0.0}]}]}]}]}]}]}]},"Planning":{"Shared Hit Blocks":5,"Shared Read Blocks":0,"Shared Dirtied Blocks":0,"Shared Written Blocks":0,"Local Hit Blocks":0,"Local Read Blocks":0,"Local Dirtied Blocks":0,"Local Written Blocks":0,"Temp Read Blocks":0,"Temp Written Blocks":0,"I/O Read Time":0.0,"I/O Write Time":0.0,"Temp I/O Read Time":0.0,"Temp I/O Write Time":0.0},"Planning Time":1.375,"Triggers":[],"Execution Time":36766.941}]
[列存组合]: customer, orders
[{"Plan":{"Node Type":"Sort","Parallel Aware":false,"Async Capable":false,"Startup Cost":8319888.03,"Total Cost":8337316.07,"Plan Rows":6971215,"Plan Width":70,"Actual Startup Time":44802.909,"Actual Total Time":44802.92,"Actual Rows":0,"Actual Loops":1,"Output":["customer.c_last","customer.c_id","orders.o_entry_d","orders.o_ol_cnt","(sum(order_line.ol_amount))","orders.o_id","orders.o_w_id","orders.o_d_id"],"Sort Key":["(sum(order_line.ol_amount)) DESC","orders.o_entry_d"],"Sort Method":"quicksort","Sort Space Used":25,"Sort Space Type":"Memory","Shared Hit Blocks":362943,"Shared Read Blocks":0,"Shared Dirtied Blocks":0,"Shared Written Blocks":0,"Local Hit Blocks":0,"Local Read Blocks":0,"Local Dirtied Blocks":0,"Local Written Blocks":0,"Temp Read Blocks":272749,"Temp Written Blocks":279920,"I/O Read Time":0.0,"I/O Write Time":0.0,"Temp I/O Read Time":412.697,"Temp I/O Write Time":733.206,"Plans":[{"Node Type":"Aggregate","Strategy":"Sorted","Partial Mode":"Simple","Parent Relationship":"Outer","Parallel Aware":false,"Async Capable":false,"Startup Cost":4948967.14,"Total Cost":6955647.62,"Plan Rows":6971215,"Plan Width":70,"Actual Startup Time":44802.899,"Actual Total Time":44802.909,"Actual Rows":0,"Actual Loops":1,"Output":["customer.c_last","customer.c_id","orders.o_entry_d","orders.o_ol_cnt","sum(order_line.ol_amount)","orders.o_id","orders.o_w_id","orders.o_d_id"],"Group Key":["orders.o_id","orders.o_w_id","orders.o_d_id","customer.c_id","customer.c_last"],"Filter":"(sum(order_line.ol_amount) > '110000'::numeric)","Rows Removed by Filter":2097892,"Shared Hit Blocks":362943,"Shared Read Blocks":0,"Shared Dirtied Blocks":0,"Shared Written Blocks":0,"Local Hit Blocks":0,"Local Read Blocks":0,"Local Dirtied Blocks":0,"Local Written Blocks":0,"Temp Read Blocks":272749,"Temp Written Blocks":279920,"I/O Read Time":0.0,"I/O Write Time":0.0,"Temp I/O Read Time":412.697,"Temp I/O Write Time":733.206,"Plans":[{"Node Type":"Incremental Sort","Parent Relationship":"Outer","Parallel Aware":false,"Async Capable":false,"Startup Cost":4948967.14,"Total Cost":6328238.3,"Plan Rows":20913644,"Plan Width":42,"Actual Startup Time":22939.36,"Actual Total Time":40120.858,"Actual Rows":20981262,"Actual Loops":1,"Output":["customer.c_last","customer.c_id","orders.o_id","orders.o_w_id","orders.o_d_id","orders.o_entry_d","orders.o_ol_cnt","order_line.ol_amount"],"Sort Key":["orders.o_id","orders.o_w_id","orders.o_d_id","customer.c_id","customer.c_last"],"Presorted Key":["orders.o_id","orders.o_w_id","orders.o_d_id"],"Full-sort Groups":{"Group Count":567362,"Sort Methods Used":["quicksort"],"Sort Space Memory":{"Average Sort Space Used":28,"Peak Sort Space Used":28}},"Shared Hit Blocks":362943,"Shared Read Blocks":0,"Shared Dirtied Blocks":0,"Shared Written Blocks":0,"Local Hit Blocks":0,"Local Read Blocks":0,"Local Dirtied Blocks":0,"Local Written Blocks":0,"Temp Read Blocks":272749,"Temp Written Blocks":279920,"I/O Read Time":0.0,"I/O Write Time":0.0,"Temp I/O Read Time":412.697,"Temp I/O Write Time":733.206,"Plans":[{"Node Type":"Merge Join","Parent Relationship":"Outer","Parallel Aware":false,"Async Capable":false,"Join Type":"Inner","Startup Cost":4948966.8,"Total Cost":5449348.87,"Plan Rows":20913644,"Plan Width":42,"Actual Startup Time":22939.296,"Actual Total Time":32803.774,"Actual Rows":20981262,"Actual Loops":1,"Output":["customer.c_last","customer.c_id","orders.o_id","orders.o_w_id","orders.o_d_id","orders.o_entry_d","orders.o_ol_cnt","order_line.ol_amount"],"Inner Unique":false,"Merge Cond":"((orders.o_id = order_line.ol_o_id) AND (customer.c_w_id = order_line.ol_w_id) AND (customer.c_d_id = order_line.ol_d_id))","Shared Hit Blocks":362943,"Shared Read Blocks":0,"Shared Dirtied Blocks":0,"Shared Written Blocks":0,"Local Hit Blocks":0,"Local Read Blocks":0,"Local Dirtied Blocks":0,"Local Written Blocks":0,"Temp Read Blocks":272749,"Temp Written Blocks":279920,"I/O Read Time":0.0,"I/O Write Time":0.0,"Temp I/O Read Time":412.697,"Temp I/O Write Time":733.206,"Plans":[{"Node Type":"Sort","Parent Relationship":"Outer","Parallel Aware":false,"Async Capable":false,"Startup Cost":973324.82,"Total Cost":980820.26,"Plan Rows":2998176,"Plan Width":42,"Actual Startup Time":5977.312,"Actual Total Time":6707.099,"Actual Rows":2097893,"Actual Loops":1,"Output":["customer.c_last","customer.c_id","customer.c_w_id","customer.c_d_id","orders.o_entry_d","orders.o_ol_cnt","orders.o_id","orders.o_w_id","orders.o_d_id"],"Sort Key":["orders.o_id","customer.c_w_id","customer.c_d_id"],"Sort Method":"external merge","Sort Space Used":181960,"Sort Space Type":"Disk","Shared Hit Blocks":22059,"Shared Read Blocks":0,"Shared Dirtied Blocks":0,"Shared Written Blocks":0,"Local Hit Blocks":0,"Local Read Blocks":0,"Local Dirtied Blocks":0,"Local Written Blocks":0,"Temp Read Blocks":72375,"Temp Written Blocks":79128,"I/O Read Time":0.0,"I/O Write Time":0.0,"Temp I/O Read Time":115.158,"Temp I/O Write Time":289.435,"Plans":[{"Node Type":"Hash Join","Parent Relationship":"Outer","Parallel Aware":false,"Async Capable":false,"Join Type":"Inner","Startup Cost":324583.59,"Total Cost":466322.24,"Plan Rows":2998176,"Plan Width":42,"Actual Startup Time":1671.011,"Actual Total Time":3624.963,"Actual Rows":2997892,"Actual Loops":1,"Output":["customer.c_last","customer.c_id","customer.c_w_id","customer.c_d_id","orders.o_entry_d","orders.o_ol_cnt","orders.o_id","orders.o_w_id","orders.o_d_id"],"Inner Unique":true,"Hash Cond":"((orders.o_c_id = customer.c_id) AND (orders.o_w_id = customer.c_w_id) AND (orders.o_d_id = customer.c_d_id))","Shared Hit Blocks":22059,"Shared Read Blocks":0,"Shared Dirtied Blocks":0,"Shared Written Blocks":0,"Local Hit Blocks":0,"Local Read Blocks":0,"Local Dirtied Blocks":0,"Local Written Blocks":0,"Temp Read Blocks":33558,"Temp Written Blocks":33558,"I/O Read Time":0.0,"I/O Write Time":0.0,"Temp I/O Read Time":54.775,"Temp I/O Write Time":167.146,"Plans":[{"Node Type":"Seq Scan","Parent Relationship":"Outer","Parallel Aware":false,"Async Capable":false,"Relation Name":"orders","Schema":"public","Alias":"orders","Startup Cost":0.0,"Total Cost":59559.0,"Plan Rows":2998176,"Plan Width":26,"Actual Startup Time":0.017,"Actual Total Time":418.945,"Actual Rows":2997892,"Actual Loops":1,"Output":["orders.o_entry_d","orders.o_ol_cnt","orders.o_id","orders.o_w_id","orders.o_d_id","orders.o_c_id"],"Filter":"(orders.o_entry_d >= '1992-01-02 20:10:02.27764'::timestamp without time zone)","Rows Removed by Filter":2108,"Shared Hit Blocks":22059,"Shared Read Blocks":0,"Shared Dirtied Blocks":0,"Shared Written Blocks":0,"Local Hit Blocks":0,"Local Read Blocks":0,"Local Dirtied Blocks":0,"Local Written Blocks":0,"Temp Read Blocks":0,"Temp Written Blocks":0,"I/O Read Time":0.0,"I/O Write Time":0.0,"Temp I/O Read Time":0.0,"Temp I/O Write Time":0.0},{"Node Type":"Hash","Parent Relationship":"Inner","Parallel Aware":false,"Async Capable":false,"Startup Cost":254511.16,"Total Cost":254511.16,"Plan Rows":2999739,"Plan Width":20,"Actual Startup Time":1670.062,"Actual Total Time":1670.066,"Actual Rows":3000000,"Actual Loops":1,"Output":["customer.c_last","customer.c_id","customer.c_w_id","customer.c_d_id"],"Hash Buckets":131072,"Original Hash Buckets":131072,"Hash Batches":32,"Original Hash Batches":32,"Peak Memory Usage":6028,"Shared Hit Blocks":0,"Shared Read Blocks":0,"Shared Dirtied Blocks":0,"Shared Written Blocks":0,"Local Hit Blocks":0,"Local Read Blocks":0,"Local Dirtied Blocks":0,"Local Written Blocks":0,"Temp Read Blocks":0,"Temp Written Blocks":15080,"I/O Read Time":0.0,"I/O Write Time":0.0,"Temp I/O Read Time":0.0,"Temp I/O Write Time":87.769,"Plans":[{"Node Type":"Append","Parent Relationship":"Outer","Parallel Aware":false,"Async Capable":false,"Startup Cost":20.0,"Total Cost":254511.16,"Plan Rows":2999739,"Plan Width":20,"Actual Startup Time":0.024,"Actual Total Time":911.929,"Actual Rows":3000000,"Actual Loops":1,"Shared Hit Blocks":0,"Shared Read Blocks":0,"Shared Dirtied Blocks":0,"Shared Written Blocks":0,"Local Hit Blocks":0,"Local Read Blocks":0,"Local Dirtied Blocks":0,"Local Written Blocks":0,"Temp Read Blocks":0,"Temp Written Blocks":0,"I/O Read Time":0.0,"I/O Write Time":0.0,"Temp I/O Read Time":0.0,"Temp I/O Write Time":0.0,"Subplans Removed":0,"Plans":[{"Node Type":"Custom Scan","Parent Relationship":"Member","Custom Plan Provider":"columnar scan","Parallel Aware":false,"Async Capable":false,"Relation Name":"customer","Schema":"public","Alias":"customer","Startup Cost":20.0,"Total Cost":70513.87,"Plan Rows":2999738,"Plan Width":20,"Actual Startup Time":0.023,"Actual Total Time":622.519,"Actual Rows":3000000,"Actual Loops":1,"Output":["customer.c_last","customer.c_id","customer.c_w_id","customer.c_d_id"],"Rows Removed by Columnar Filter":0,"Columnar cache search mode":"native","Shared Hit Blocks":0,"Shared Read Blocks":0,"Shared Dirtied Blocks":0,"Shared Written Blocks":0,"Local Hit Blocks":0,"Local Read Blocks":0,"Local Dirtied Blocks":0,"Local Written Blocks":0,"Temp Read Blocks":0,"Temp Written Blocks":0,"I/O Read Time":0.0,"I/O Write Time":0.0,"Temp I/O Read Time":0.0,"Temp I/O Write Time":0.0},{"Node Type":"Seq Scan","Parent Relationship":"Member","Parallel Aware":false,"Async Capable":false,"Relation Name":"customer","Schema":"public","Alias":"customer","Startup Cost":0.0,"Total Cost":4.01,"Plan Rows":1,"Plan Width":20,"Actual Startup Time":0.0,"Actual Total Time":0.0,"Actual Rows":0,"Actual Loops":0,"Output":["customer.c_last","customer.c_id","customer.c_w_id","customer.c_d_id"],"Shared Hit Blocks":0,"Shared Read Blocks":0,"Shared Dirtied Blocks":0,"Shared Written Blocks":0,"Local Hit Blocks":0,"Local Read Blocks":0,"Local Dirtied Blocks":0,"Local Written Blocks":0,"Temp Read Blocks":0,"Temp Written Blocks":0,"I/O Read Time":0.0,"I/O Write Time":0.0,"Temp I/O Read Time":0.0,"Temp I/O Write Time":0.0}]}]}]}]},{"Node Type":"Materialize","Parent Relationship":"Inner","Parallel Aware":false,"Async Capable":false,"Startup Cost":3975639.01,"Total Cost":4080270.84,"Plan Rows":20926367,"Plan Width":16,"Actual Startup Time":16955.555,"Actual Total Time":21921.586,"Actual Rows":21002151,"Actual Loops":1,"Output":["order_line.ol_amount","order_line.ol_w_id","order_line.ol_d_id","order_line.ol_o_id"],"Shared Hit Blocks":340884,"Shared Read Blocks":0,"Shared Dirtied Blocks":0,"Shared Written Blocks":0,"Local Hit Blocks":0,"Local Read Blocks":0,"Local Dirtied Blocks":0,"Local Written Blocks":0,"Temp Read Blocks":200374,"Temp Written Blocks":200792,"I/O Read Time":0.0,"I/O Write Time":0.0,"Temp I/O Read Time":297.539,"Temp I/O Write Time":443.772,"Plans":[{"Node Type":"Sort","Parent Relationship":"Outer","Parallel Aware":false,"Async Capable":false,"Startup Cost":3975639.01,"Total Cost":4027954.93,"Plan Rows":20926367,"Plan Width":16,"Actual Startup Time":16955.546,"Actual Total Time":19580.72,"Actual Rows":21002151,"Actual Loops":1,"Output":["order_line.ol_amount","order_line.ol_w_id","order_line.ol_d_id","order_line.ol_o_id"],"Sort Key":["order_line.ol_o_id","order_line.ol_w_id","order_line.ol_d_id"],"Sort Method":"external merge","Sort Space Used":534368,"Sort Space Type":"Disk","Shared Hit Blocks":340884,"Shared Read Blocks":0,"Shared Dirtied Blocks":0,"Shared Written Blocks":0,"Local Hit Blocks":0,"Local Read Blocks":0,"Local Dirtied Blocks":0,"Local Written Blocks":0,"Temp Read Blocks":200374,"Temp Written Blocks":200792,"I/O Read Time":0.0,"I/O Write Time":0.0,"Temp I/O Read Time":297.539,"Temp I/O Write Time":443.772,"Plans":[{"Node Type":"Seq Scan","Parent Relationship":"Outer","Parallel Aware":false,"Async Capable":false,"Relation Name":"order_line","Schema":"public","Alias":"order_line","Startup Cost":0.0,"Total Cost":715856.4,"Plan Rows":20926367,"Plan Width":16,"Actual Startup Time":0.027,"Actual Total Time":3591.446,"Actual Rows":21002151,"Actual Loops":1,"Output":["order_line.ol_amount","order_line.ol_w_id","order_line.ol_d_id","order_line.ol_o_id"],"Filter":"(order_line.ol_delivery_d >= '1992-01-02 20:10:02.27764'::timestamp without time zone)","Rows Removed by Filter":8995581,"Shared Hit Blocks":340884,"Shared Read Blocks":0,"Shared Dirtied Blocks":0,"Shared Written Blocks":0,"Local Hit Blocks":0,"Local Read Blocks":0,"Local Dirtied Blocks":0,"Local Written Blocks":0,"Temp Read Blocks":0,"Temp Written Blocks":0,"I/O Read Time":0.0,"I/O Write Time":0.0,"Temp I/O Read Time":0.0,"Temp I/O Write Time":0.0}]}]}]}]}]}]},"Planning":{"Shared Hit Blocks":5,"Shared Read Blocks":0,"Shared Dirtied Blocks":0,"Shared Written Blocks":0,"Local Hit Blocks":0,"Local Read Blocks":0,"Local Dirtied Blocks":0,"Local Written Blocks":0,"Temp Read Blocks":0,"Temp Written Blocks":0,"I/O Read Time":0.0,"I/O Write Time":0.0,"Temp I/O Read Time":0.0,"Temp I/O Write Time":0.0},"Planning Time":1.485,"Triggers":[],"Execution Time":44892.779}]
[列存组合]: order_line, orders
[{"Plan":{"Node Type":"Sort","Parallel Aware":false,"Async Capable":false,"Startup Cost":7913730.12,"Total Cost":7931158.16,"Plan Rows":6971215,"Plan Width":70,"Actual Startup Time":29607.156,"Actual Total Time":29607.175,"Actual Rows":0,"Actual Loops":1,"Output":["customer.c_last","customer.c_id","orders.o_entry_d","orders.o_ol_cnt","(sum(order_line.ol_amount))","orders.o_id","orders.o_w_id","orders.o_d_id"],"Sort Key":["(sum(order_line.ol_amount)) DESC","orders.o_entry_d"],"Sort Method":"quicksort","Sort Space Used":25,"Sort Space Type":"Memory","Shared Hit Blocks":229604,"Shared Read Blocks":0,"Shared Dirtied Blocks":0,"Shared Written Blocks":0,"Local Hit Blocks":0,"Local Read Blocks":0,"Local Dirtied Blocks":0,"Local Written Blocks":0,"Temp Read Blocks":342870,"Temp Written Blocks":536133,"I/O Read Time":0.0,"I/O Write Time":0.0,"Temp I/O Read Time":539.631,"Temp I/O Write Time":1836.136,"Plans":[{"Node Type":"Aggregate","Strategy":"Hashed","Partial Mode":"Simple","Parent Relationship":"Outer","Parallel Aware":false,"Async Capable":false,"Startup Cost":5500539.75,"Total Cost":6549489.71,"Plan Rows":6971215,"Plan Width":70,"Actual Startup Time":29607.146,"Actual Total Time":29607.165,"Actual Rows":0,"Actual Loops":1,"Output":["customer.c_last","customer.c_id","orders.o_entry_d","orders.o_ol_cnt","sum(order_line.ol_amount)","orders.o_id","orders.o_w_id","orders.o_d_id"],"Group Key":["orders.o_id","orders.o_w_id","orders.o_d_id","customer.c_id","customer.c_last"],"Filter":"(sum(order_line.ol_amount) > '110000'::numeric)","Planned Partitions":256,"HashAgg Batches":257,"Peak Memory Usage":8337,"Disk Usage":1555824,"Rows Removed by Filter":2097892,"Shared Hit Blocks":229604,"Shared Read Blocks":0,"Shared Dirtied Blocks":0,"Shared Written Blocks":0,"Local Hit Blocks":0,"Local Read Blocks":0,"Local Dirtied Blocks":0,"Local Written Blocks":0,"Temp Read Blocks":342870,"Temp Written Blocks":536133,"I/O Read Time":0.0,"I/O Write Time":0.0,"Temp I/O Read Time":539.631,"Temp I/O Write Time":1836.136,"Plans":[{"Node Type":"Hash Join","Parent Relationship":"Outer","Parallel Aware":false,"Async Capable":false,"Join Type":"Inner","Startup Cost":339965.52,"Total Cost":1409308.14,"Plan Rows":20913644,"Plan Width":42,"Actual Startup Time":1694.691,"Actual Total Time":16708.903,"Actual Rows":20981262,"Actual Loops":1,"Output":["customer.c_last","customer.c_id","orders.o_id","orders.o_w_id","orders.o_d_id","orders.o_entry_d","orders.o_ol_cnt","order_line.ol_amount"],"Hash Cond":"((orders.o_c_id = customer.c_id) AND (orders.o_w_id = customer.c_w_id) AND (orders.o_d_id = customer.c_d_id))","Shared Hit Blocks":229604,"Shared Read Blocks":0,"Shared Dirtied Blocks":0,"Shared Written Blocks":0,"Local Hit Blocks":0,"Local Read Blocks":0,"Local Dirtied Blocks":0,"Local Written Blocks":0,"Temp Read Blocks":163982,"Temp Written Blocks":163982,"I/O Read Time":0.0,"I/O Write Time":0.0,"Temp I/O Read Time":265.32,"Temp I/O Write Time":717.207,"Plans":[{"Node Type":"Hash Join","Parent Relationship":"Outer","Parallel Aware":false,"Async Capable":false,"Join Type":"Inner","Startup Cost":10291.72,"Total Cost":570586.31,"Plan Rows":20913644,"Plan Width":34,"Actual Startup Time":353.281,"Actual Total Time":4581.593,"Actual Rows":20981262,"Actual Loops":1,"Output":["orders.o_entry_d","orders.o_ol_cnt","orders.o_id","orders.o_w_id","orders.o_d_id","orders.o_c_id","order_line.ol_amount","order_line.ol_w_id","order_line.ol_d_id"],"Hash Cond":"((order_line.ol_w_id = orders.o_w_id) AND (order_line.ol_d_id = orders.o_d_id) AND (order_line.ol_o_id = orders.o_id))","Rows Removed by Bloom Filter":0,"Shared Hit Blocks":0,"Shared Read Blocks":0,"Shared Dirtied Blocks":0,"Shared Written Blocks":0,"Local Hit Blocks":0,"Local Read Blocks":0,"Local Dirtied Blocks":0,"Local Written Blocks":0,"Temp Read Blocks":0,"Temp Written Blocks":0,"I/O Read Time":0.0,"I/O Write Time":0.0,"Temp I/O Read Time":0.0,"Temp I/O Write Time":0.0,"Plans":[{"Node Type":"Append","Parent Relationship":"Outer","Parallel Aware":false,"Async Capable":false,"Startup Cost":20.0,"Total Cost":491793.85,"Plan Rows":20926367,"Plan Width":16,"Actual Startup Time":7.984,"Actual Total Time":7.989,"Actual Rows":21002151,"Actual Loops":1,"Shared Hit Blocks":0,"Shared Read Blocks":0,"Shared Dirtied Blocks":0,"Shared Written Blocks":0,"Local Hit Blocks":0,"Local Read Blocks":0,"Local Dirtied Blocks":0,"Local Written Blocks":0,"Temp Read Blocks":0,"Temp Written Blocks":0,"I/O Read Time":0.0,"I/O Write Time":0.0,"Temp I/O Read Time":0.0,"Temp I/O Write Time":0.0,"Subplans Removed":0,"Plans":[{"Node Type":"Custom Scan","Parent Relationship":"Member","Custom Plan Provider":"columnar scan","Parallel Aware":false,"Async Capable":false,"Relation Name":"order_line","Schema":"public","Alias":"order_line","Startup Cost":20.0,"Total Cost":491789.1,"Plan Rows":20926325,"Plan Width":16,"Actual Startup Time":7.983,"Actual Total Time":7.984,"Actual Rows":21002151,"Actual Loops":1,"Output":["order_line.ol_amount","order_line.ol_w_id","order_line.ol_d_id","order_line.ol_o_id"],"Filter":"(order_line.ol_delivery_d >= '1992-01-02 20:10:02.27764'::timestamp without time zone)","Rows Removed by Filter":0,"Rows Removed by Columnar Filter":8995581,"Columnar cache search mode":"native","Shared Hit Blocks":0,"Shared Read Blocks":0,"Shared Dirtied Blocks":0,"Shared Written Blocks":0,"Local Hit Blocks":0,"Local Read Blocks":0,"Local Dirtied Blocks":0,"Local Written Blocks":0,"Temp Read Blocks":0,"Temp Written Blocks":0,"I/O Read Time":0.0,"I/O Write Time":0.0,"Temp I/O Read Time":0.0,"Temp I/O Write Time":0.0},{"Node Type":"Seq Scan","Parent Relationship":"Member","Parallel Aware":false,"Async Capable":false,"Relation Name":"order_line","Schema":"public","Alias":"order_line","Startup Cost":0.0,"Total Cost":4.75,"Plan Rows":42,"Plan Width":16,"Actual Startup Time":0.0,"Actual Total Time":0.0,"Actual Rows":0,"Actual Loops":0,"Output":["order_line.ol_amount","order_line.ol_w_id","order_line.ol_d_id","order_line.ol_o_id"],"Filter":"(order_line.ol_delivery_d >= '1992-01-02 20:10:02.27764'::timestamp without time zone)","Rows Removed by Filter":0,"Shared Hit Blocks":0,"Shared Read Blocks":0,"Shared Dirtied Blocks":0,"Shared Written Blocks":0,"Local Hit Blocks":0,"Local Read Blocks":0,"Local Dirtied Blocks":0,"Local Written Blocks":0,"Temp Read Blocks":0,"Temp Written Blocks":0,"I/O Read Time":0.0,"I/O Write Time":0.0,"Temp I/O Read Time":0.0,"Temp I/O Write Time":0.0}]},{"Node Type":"Hash","Parent Relationship":"Inner","Parallel Aware":false,"Async Capable":false,"Startup Cost":82473.89,"Total Cost":82473.89,"Plan Rows":2998177,"Plan Width":26,"Actual Rows":2997892,"Actual Loops":1,"Output":["orders.o_entry_d","orders.o_ol_cnt","orders.o_id","orders.o_w_id","orders.o_d_id","orders.o_c_id"],"Shared Hit Blocks":0,"Shared Read Blocks":0,"Shared Dirtied Blocks":0,"Shared Written Blocks":0,"Local Hit Blocks":0,"Local Read Blocks":0,"Local Dirtied Blocks":0,"Local Written Blocks":0,"Temp Read Blocks":0,"Temp Written Blocks":0,"I/O Read Time":0.0,"I/O Write Time":0.0,"Temp I/O Read Time":0.0,"Temp I/O Write Time":0.0,"Plans":[{"Node Type":"Append","Parent Relationship":"Outer","Parallel Aware":false,"Async Capable":false,"Startup Cost":20.0,"Total Cost":82473.89,"Plan Rows":2998177,"Plan Width":26,"Actual Startup Time":1.489,"Actual Total Time":1.493,"Actual Rows":2997892,"Actual Loops":1,"Shared Hit Blocks":0,"Shared Read Blocks":0,"Shared Dirtied Blocks":0,"Shared Written Blocks":0,"Local Hit Blocks":0,"Local Read Blocks":0,"Local Dirtied Blocks":0,"Local Written Blocks":0,"Temp Read Blocks":0,"Temp Written Blocks":0,"I/O Read Time":0.0,"I/O Write Time":0.0,"Temp I/O Read Time":0.0,"Temp I/O Write Time":0.0,"Subplans Removed":0,"Plans":[{"Node Type":"Custom Scan","Parent Relationship":"Member","Custom Plan Provider":"columnar scan","Parallel Aware":false,"Async Capable":false,"Relation Name":"orders","Schema":"public","Alias":"orders","Startup Cost":20.0,"Total Cost":82469.87,"Plan Rows":2998176,"Plan Width":26,"Actual Startup Time":1.487,"Actual Total Time":1.488,"Actual Rows":2997892,"Actual Loops":1,"Output":["orders.o_entry_d","orders.o_ol_cnt","orders.o_id","orders.o_w_id","orders.o_d_id","orders.o_c_id"],"Filter":"(orders.o_entry_d >= '1992-01-02 20:10:02.27764'::timestamp without time zone)","Rows Removed by Filter":0,"Rows Removed by Columnar Filter":2108,"Columnar cache search mode":"native","Shared Hit Blocks":0,"Shared Read Blocks":0,"Shared Dirtied Blocks":0,"Shared Written Blocks":0,"Local Hit Blocks":0,"Local Read Blocks":0,"Local Dirtied Blocks":0,"Local Written Blocks":0,"Temp Read Blocks":0,"Temp Written Blocks":0,"I/O Read Time":0.0,"I/O Write Time":0.0,"Temp I/O Read Time":0.0,"Temp I/O Write Time":0.0},{"Node Type":"Seq Scan","Parent Relationship":"Member","Parallel Aware":false,"Async Capable":false,"Relation Name":"orders","Schema":"public","Alias":"orders","Startup Cost":0.0,"Total Cost":4.01,"Plan Rows":1,"Plan Width":26,"Actual Startup Time":0.0,"Actual Total Time":0.0,"Actual Rows":0,"Actual Loops":0,"Output":["orders.o_entry_d","orders.o_ol_cnt","orders.o_id","orders.o_w_id","orders.o_d_id","orders.o_c_id"],"Filter":"(orders.o_entry_d >= '1992-01-02 20:10:02.27764'::timestamp without time zone)","Rows Removed by Filter":0,"Shared Hit Blocks":0,"Shared Read Blocks":0,"Shared Dirtied Blocks":0,"Shared Written Blocks":0,"Local Hit Blocks":0,"Local Read Blocks":0,"Local Dirtied Blocks":0,"Local Written Blocks":0,"Temp Read Blocks":0,"Temp Written Blocks":0,"I/O Read Time":0.0,"I/O Write Time":0.0,"Temp I/O Read Time":0.0,"Temp I/O Write Time":0.0}]}]}]},{"Node Type":"Hash","Parent Relationship":"Inner","Parallel Aware":false,"Async Capable":false,"Startup Cost":259601.38,"Total Cost":259601.38,"Plan Rows":2999738,"Plan Width":20,"Actual Startup Time":1339.821,"Actual Total Time":1339.823,"Actual Rows":3000000,"Actual Loops":1,"Output":["customer.c_last","customer.c_id","customer.c_w_id","customer.c_d_id"],"Hash Buckets":131072,"Original Hash Buckets":131072,"Hash Batches":32,"Original Hash Batches":32,"Peak Memory Usage":6028,"Shared Hit Blocks":229604,"Shared Read Blocks":0,"Shared Dirtied Blocks":0,"Shared Written Blocks":0,"Local Hit Blocks":0,"Local Read Blocks":0,"Local Dirtied Blocks":0,"Local Written Blocks":0,"Temp Read Blocks":0,"Temp Written Blocks":15080,"I/O Read Time":0.0,"I/O Write Time":0.0,"Temp I/O Read Time":0.0,"Temp I/O Write Time":69.881,"Plans":[{"Node Type":"Seq Scan","Parent Relationship":"Outer","Parallel Aware":false,"Async Capable":false,"Relation Name":"customer","Schema":"public","Alias":"customer","Startup Cost":0.0,"Total Cost":259601.38,"Plan Rows":2999738,"Plan Width":20,"Actual Startup Time":0.027,"Actual Total Time":773.516,"Actual Rows":3000000,"Actual Loops":1,"Output":["customer.c_last","customer.c_id","customer.c_w_id","customer.c_d_id"],"Shared Hit Blocks":229604,"Shared Read Blocks":0,"Shared Dirtied Blocks":0,"Shared Written Blocks":0,"Local Hit Blocks":0,"Local Read Blocks":0,"Local Dirtied Blocks":0,"Local Written Blocks":0,"Temp Read Blocks":0,"Temp Written Blocks":0,"I/O Read Time":0.0,"I/O Write Time":0.0,"Temp I/O Read Time":0.0,"Temp I/O Write Time":0.0}]}]}]}]},"Planning":{"Shared Hit Blocks":5,"Shared Read Blocks":0,"Shared Dirtied Blocks":0,"Shared Written Blocks":0,"Local Hit Blocks":0,"Local Read Blocks":0,"Local Dirtied Blocks":0,"Local Written Blocks":0,"Temp Read Blocks":0,"Temp Written Blocks":0,"I/O Read Time":0.0,"I/O Write Time":0.0,"Temp I/O Read Time":0.0,"Temp I/O Write Time":0.0},"Planning Time":1.068,"Triggers":[],"Execution Time":29853.561}]
[列存组合]: customer, order_line, orders
[{"Plan":{"Node Type":"Sort","Parallel Aware":false,"Async Capable":false,"Startup Cost":7908639.91,"Total Cost":7926067.95,"Plan Rows":6971215,"Plan Width":70,"Actual Startup Time":29498.142,"Actual Total Time":29498.164,"Actual Rows":0,"Actual Loops":1,"Output":["customer.c_last","customer.c_id","orders.o_entry_d","orders.o_ol_cnt","(sum(order_line.ol_amount))","orders.o_id","orders.o_w_id","orders.o_d_id"],"Sort Key":["(sum(order_line.ol_amount)) DESC","orders.o_entry_d"],"Sort Method":"quicksort","Sort Space Used":25,"Sort Space Type":"Memory","Shared Hit Blocks":0,"Shared Read Blocks":0,"Shared Dirtied Blocks":0,"Shared Written Blocks":0,"Local Hit Blocks":0,"Local Read Blocks":0,"Local Dirtied Blocks":0,"Local Written Blocks":0,"Temp Read Blocks":342870,"Temp Written Blocks":536133,"I/O Read Time":0.0,"I/O Write Time":0.0,"Temp I/O Read Time":543.624,"Temp I/O Write Time":1827.204,"Plans":[{"Node Type":"Aggregate","Strategy":"Hashed","Partial Mode":"Simple","Parent Relationship":"Outer","Parallel Aware":false,"Async Capable":false,"Startup Cost":5495449.55,"Total Cost":6544399.5,"Plan Rows":6971215,"Plan Width":70,"Actual Startup Time":29498.133,"Actual Total Time":29498.154,"Actual Rows":0,"Actual Loops":1,"Output":["customer.c_last","customer.c_id","orders.o_entry_d","orders.o_ol_cnt","sum(order_line.ol_amount)","orders.o_id","orders.o_w_id","orders.o_d_id"],"Group Key":["orders.o_id","orders.o_w_id","orders.o_d_id","customer.c_id","customer.c_last"],"Filter":"(sum(order_line.ol_amount) > '110000'::numeric)","Planned Partitions":256,"HashAgg Batches":257,"Peak Memory Usage":8337,"Disk Usage":1555824,"Rows Removed by Filter":2097892,"Shared Hit Blocks":0,"Shared Read Blocks":0,"Shared Dirtied Blocks":0,"Shared Written Blocks":0,"Local Hit Blocks":0,"Local Read Blocks":0,"Local Dirtied Blocks":0,"Local Written Blocks":0,"Temp Read Blocks":342870,"Temp Written Blocks":536133,"I/O Read Time":0.0,"I/O Write Time":0.0,"Temp I/O Read Time":543.624,"Temp I/O Write Time":1827.204,"Plans":[{"Node Type":"Hash Join","Parent Relationship":"Outer","Parallel Aware":false,"Async Capable":false,"Join Type":"Inner","Startup Cost":334875.31,"Total Cost":1404217.94,"Plan Rows":20913644,"Plan Width":42,"Actual Startup Time":1624.026,"Actual Total Time":16545.032,"Actual Rows":20981262,"Actual Loops":1,"Output":["customer.c_last","customer.c_id","orders.o_id","orders.o_w_id","orders.o_d_id","orders.o_entry_d","orders.o_ol_cnt","order_line.ol_amount"],"Hash Cond":"((orders.o_c_id = customer.c_id) AND (orders.o_w_id = customer.c_w_id) AND (orders.o_d_id = customer.c_d_id))","Shared Hit Blocks":0,"Shared Read Blocks":0,"Shared Dirtied Blocks":0,"Shared Written Blocks":0,"Local Hit Blocks":0,"Local Read Blocks":0,"Local Dirtied Blocks":0,"Local Written Blocks":0,"Temp Read Blocks":163982,"Temp Written Blocks":163982,"I/O Read Time":0.0,"I/O Write Time":0.0,"Temp I/O Read Time":267.353,"Temp I/O Write Time":711.765,"Plans":[{"Node Type":"Hash Join","Parent Relationship":"Outer","Parallel Aware":false,"Async Capable":false,"Join Type":"Inner","Startup Cost":10291.72,"Total Cost":570586.31,"Plan Rows":20913644,"Plan Width":34,"Actual Startup Time":391.371,"Actual Total Time":4630.085,"Actual Rows":20981262,"Actual Loops":1,"Output":["orders.o_entry_d","orders.o_ol_cnt","orders.o_id","orders.o_w_id","orders.o_d_id","orders.o_c_id","order_line.ol_amount","order_line.ol_w_id","order_line.ol_d_id"],"Hash Cond":"((order_line.ol_w_id = orders.o_w_id) AND (order_line.ol_d_id = orders.o_d_id) AND (order_line.ol_o_id = orders.o_id))","Rows Removed by Bloom Filter":0,"Shared Hit Blocks":0,"Shared Read Blocks":0,"Shared Dirtied Blocks":0,"Shared Written Blocks":0,"Local Hit Blocks":0,"Local Read Blocks":0,"Local Dirtied Blocks":0,"Local Written Blocks":0,"Temp Read Blocks":0,"Temp Written Blocks":0,"I/O Read Time":0.0,"I/O Write Time":0.0,"Temp I/O Read Time":0.0,"Temp I/O Write Time":0.0,"Plans":[{"Node Type":"Append","Parent Relationship":"Outer","Parallel Aware":false,"Async Capable":false,"Startup Cost":20.0,"Total Cost":491793.85,"Plan Rows":20926367,"Plan Width":16,"Actual Startup Time":7.957,"Actual Total Time":7.964,"Actual Rows":21002151,"Actual Loops":1,"Shared Hit Blocks":0,"Shared Read Blocks":0,"Shared Dirtied Blocks":0,"Shared Written Blocks":0,"Local Hit Blocks":0,"Local Read Blocks":0,"Local Dirtied Blocks":0,"Local Written Blocks":0,"Temp Read Blocks":0,"Temp Written Blocks":0,"I/O Read Time":0.0,"I/O Write Time":0.0,"Temp I/O Read Time":0.0,"Temp I/O Write Time":0.0,"Subplans Removed":0,"Plans":[{"Node Type":"Custom Scan","Parent Relationship":"Member","Custom Plan Provider":"columnar scan","Parallel Aware":false,"Async Capable":false,"Relation Name":"order_line","Schema":"public","Alias":"order_line","Startup Cost":20.0,"Total Cost":491789.1,"Plan Rows":20926325,"Plan Width":16,"Actual Startup Time":7.956,"Actual Total Time":7.959,"Actual Rows":21002151,"Actual Loops":1,"Output":["order_line.ol_amount","order_line.ol_w_id","order_line.ol_d_id","order_line.ol_o_id"],"Filter":"(order_line.ol_delivery_d >= '1992-01-02 20:10:02.27764'::timestamp without time zone)","Rows Removed by Filter":0,"Rows Removed by Columnar Filter":8995581,"Columnar cache search mode":"native","Shared Hit Blocks":0,"Shared Read Blocks":0,"Shared Dirtied Blocks":0,"Shared Written Blocks":0,"Local Hit Blocks":0,"Local Read Blocks":0,"Local Dirtied Blocks":0,"Local Written Blocks":0,"Temp Read Blocks":0,"Temp Written Blocks":0,"I/O Read Time":0.0,"I/O Write Time":0.0,"Temp I/O Read Time":0.0,"Temp I/O Write Time":0.0},{"Node Type":"Seq Scan","Parent Relationship":"Member","Parallel Aware":false,"Async Capable":false,"Relation Name":"order_line","Schema":"public","Alias":"order_line","Startup Cost":0.0,"Total Cost":4.75,"Plan Rows":42,"Plan Width":16,"Actual Startup Time":0.0,"Actual Total Time":0.0,"Actual Rows":0,"Actual Loops":0,"Output":["order_line.ol_amount","order_line.ol_w_id","order_line.ol_d_id","order_line.ol_o_id"],"Filter":"(order_line.ol_delivery_d >= '1992-01-02 20:10:02.27764'::timestamp without time zone)","Rows Removed by Filter":0,"Shared Hit Blocks":0,"Shared Read Blocks":0,"Shared Dirtied Blocks":0,"Shared Written Blocks":0,"Local Hit Blocks":0,"Local Read Blocks":0,"Local Dirtied Blocks":0,"Local Written Blocks":0,"Temp Read Blocks":0,"Temp Written Blocks":0,"I/O Read Time":0.0,"I/O Write Time":0.0,"Temp I/O Read Time":0.0,"Temp I/O Write Time":0.0}]},{"Node Type":"Hash","Parent Relationship":"Inner","Parallel Aware":false,"Async Capable":false,"Startup Cost":82473.89,"Total Cost":82473.89,"Plan Rows":2998177,"Plan Width":26,"Actual Rows":2997892,"Actual Loops":1,"Output":["orders.o_entry_d","orders.o_ol_cnt","orders.o_id","orders.o_w_id","orders.o_d_id","orders.o_c_id"],"Shared Hit Blocks":0,"Shared Read Blocks":0,"Shared Dirtied Blocks":0,"Shared Written Blocks":0,"Local Hit Blocks":0,"Local Read Blocks":0,"Local Dirtied Blocks":0,"Local Written Blocks":0,"Temp Read Blocks":0,"Temp Written Blocks":0,"I/O Read Time":0.0,"I/O Write Time":0.0,"Temp I/O Read Time":0.0,"Temp I/O Write Time":0.0,"Plans":[{"Node Type":"Append","Parent Relationship":"Outer","Parallel Aware":false,"Async Capable":false,"Startup Cost":20.0,"Total Cost":82473.89,"Plan Rows":2998177,"Plan Width":26,"Actual Startup Time":1.453,"Actual Total Time":1.457,"Actual Rows":2997892,"Actual Loops":1,"Shared Hit Blocks":0,"Shared Read Blocks":0,"Shared Dirtied Blocks":0,"Shared Written Blocks":0,"Local Hit Blocks":0,"Local Read Blocks":0,"Local Dirtied Blocks":0,"Local Written Blocks":0,"Temp Read Blocks":0,"Temp Written Blocks":0,"I/O Read Time":0.0,"I/O Write Time":0.0,"Temp I/O Read Time":0.0,"Temp I/O Write Time":0.0,"Subplans Removed":0,"Plans":[{"Node Type":"Custom Scan","Parent Relationship":"Member","Custom Plan Provider":"columnar scan","Parallel Aware":false,"Async Capable":false,"Relation Name":"orders","Schema":"public","Alias":"orders","Startup Cost":20.0,"Total Cost":82469.87,"Plan Rows":2998176,"Plan Width":26,"Actual Startup Time":1.45,"Actual Total Time":1.45,"Actual Rows":2997892,"Actual Loops":1,"Output":["orders.o_entry_d","orders.o_ol_cnt","orders.o_id","orders.o_w_id","orders.o_d_id","orders.o_c_id"],"Filter":"(orders.o_entry_d >= '1992-01-02 20:10:02.27764'::timestamp without time zone)","Rows Removed by Filter":0,"Rows Removed by Columnar Filter":2108,"Columnar cache search mode":"native","Shared Hit Blocks":0,"Shared Read Blocks":0,"Shared Dirtied Blocks":0,"Shared Written Blocks":0,"Local Hit Blocks":0,"Local Read Blocks":0,"Local Dirtied Blocks":0,"Local Written Blocks":0,"Temp Read Blocks":0,"Temp Written Blocks":0,"I/O Read Time":0.0,"I/O Write Time":0.0,"Temp I/O Read Time":0.0,"Temp I/O Write Time":0.0},{"Node Type":"Seq Scan","Parent Relationship":"Member","Parallel Aware":false,"Async Capable":false,"Relation Name":"orders","Schema":"public","Alias":"orders","Startup Cost":0.0,"Total Cost":4.01,"Plan Rows":1,"Plan Width":26,"Actual Startup Time":0.0,"Actual Total Time":0.0,"Actual Rows":0,"Actual Loops":0,"Output":["orders.o_entry_d","orders.o_ol_cnt","orders.o_id","orders.o_w_id","orders.o_d_id","orders.o_c_id"],"Filter":"(orders.o_entry_d >= '1992-01-02 20:10:02.27764'::timestamp without time zone)","Rows Removed by Filter":0,"Shared Hit Blocks":0,"Shared Read Blocks":0,"Shared Dirtied Blocks":0,"Shared Written Blocks":0,"Local Hit Blocks":0,"Local Read Blocks":0,"Local Dirtied Blocks":0,"Local Written Blocks":0,"Temp Read Blocks":0,"Temp Written Blocks":0,"I/O Read Time":0.0,"I/O Write Time":0.0,"Temp I/O Read Time":0.0,"Temp I/O Write Time":0.0}]}]}]},{"Node Type":"Hash","Parent Relationship":"Inner","Parallel Aware":false,"Async Capable":false,"Startup Cost":254511.16,"Total Cost":254511.16,"Plan Rows":2999739,"Plan Width":20,"Actual Startup Time":1231.04,"Actual Total Time":1231.043,"Actual Rows":3000000,"Actual Loops":1,"Output":["customer.c_last","customer.c_id","customer.c_w_id","customer.c_d_id"],"Hash Buckets":131072,"Original Hash Buckets":131072,"Hash Batches":32,"Original Hash Batches":32,"Peak Memory Usage":6028,"Shared Hit Blocks":0,"Shared Read Blocks":0,"Shared Dirtied Blocks":0,"Shared Written Blocks":0,"Local Hit Blocks":0,"Local Read Blocks":0,"Local Dirtied Blocks":0,"Local Written Blocks":0,"Temp Read Blocks":0,"Temp Written Blocks":15080,"I/O Read Time":0.0,"I/O Write Time":0.0,"Temp I/O Read Time":0.0,"Temp I/O Write Time":64.669,"Plans":[{"Node Type":"Append","Parent Relationship":"Outer","Parallel Aware":false,"Async Capable":false,"Startup Cost":20.0,"Total Cost":254511.16,"Plan Rows":2999739,"Plan Width":20,"Actual Startup Time":0.04,"Actual Total Time":674.983,"Actual Rows":3000000,"Actual Loops":1,"Shared Hit Blocks":0,"Shared Read Blocks":0,"Shared Dirtied Blocks":0,"Shared Written Blocks":0,"Local Hit Blocks":0,"Local Read Blocks":0,"Local Dirtied Blocks":0,"Local Written Blocks":0,"Temp Read Blocks":0,"Temp Written Blocks":0,"I/O Read Time":0.0,"I/O Write Time":0.0,"Temp I/O Read Time":0.0,"Temp I/O Write Time":0.0,"Subplans Removed":0,"Plans":[{"Node Type":"Custom Scan","Parent Relationship":"Member","Custom Plan Provider":"columnar scan","Parallel Aware":false,"Async Capable":false,"Relation Name":"customer","Schema":"public","Alias":"customer","Startup Cost":20.0,"Total Cost":70513.87,"Plan Rows":2999738,"Plan Width":20,"Actual Startup Time":0.038,"Actual Total Time":465.556,"Actual Rows":3000000,"Actual Loops":1,"Output":["customer.c_last","customer.c_id","customer.c_w_id","customer.c_d_id"],"Rows Removed by Columnar Filter":0,"Columnar cache search mode":"native","Shared Hit Blocks":0,"Shared Read Blocks":0,"Shared Dirtied Blocks":0,"Shared Written Blocks":0,"Local Hit Blocks":0,"Local Read Blocks":0,"Local Dirtied Blocks":0,"Local Written Blocks":0,"Temp Read Blocks":0,"Temp Written Blocks":0,"I/O Read Time":0.0,"I/O Write Time":0.0,"Temp I/O Read Time":0.0,"Temp I/O Write Time":0.0},{"Node Type":"Seq Scan","Parent Relationship":"Member","Parallel Aware":false,"Async Capable":false,"Relation Name":"customer","Schema":"public","Alias":"customer","Startup Cost":0.0,"Total Cost":4.01,"Plan Rows":1,"Plan Width":20,"Actual Startup Time":0.0,"Actual Total Time":0.0,"Actual Rows":0,"Actual Loops":0,"Output":["customer.c_last","customer.c_id","customer.c_w_id","customer.c_d_id"],"Shared Hit Blocks":0,"Shared Read Blocks":0,"Shared Dirtied Blocks":0,"Shared Written Blocks":0,"Local Hit Blocks":0,"Local Read Blocks":0,"Local Dirtied Blocks":0,"Local Written Blocks":0,"Temp Read Blocks":0,"Temp Written Blocks":0,"I/O Read Time":0.0,"I/O Write Time":0.0,"Temp I/O Read Time":0.0,"Temp I/O Write Time":0.0}]}]}]}]}]},"Planning":{"Shared Hit Blocks":5,"Shared Read Blocks":0,"Shared Dirtied Blocks":0,"Shared Written Blocks":0,"Local Hit Blocks":0,"Local Read Blocks":0,"Local Dirtied Blocks":0,"Local Written Blocks":0,"Temp Read Blocks":0,"Temp Written Blocks":0,"I/O Read Time":0.0,"I/O Write Time":0.0,"Temp I/O Read Time":0.0,"Temp I/O Write Time":0.0},"Planning Time":1.336,"Triggers":[],"Execution Time":29744.898}]
