[列存组合]: 无列存
[{"Plan":{"Node Type":"Aggregate","Strategy":"Plain","Partial Mode":"Simple","Parallel Aware":false,"Async Capable":false,"Startup Cost":1213013.04,"Total Cost":1213013.05,"Plan Rows":1,"Plan Width":32,"Actual Startup Time":4975.904,"Actual Total Time":4975.908,"Actual Rows":1,"Actual Loops":1,"Output":["sum(order_line.ol_amount)"],"Shared Hit Blocks":342249,"Shared Read Blocks":0,"Shared Dirtied Blocks":0,"Shared Written Blocks":0,"Local Hit Blocks":0,"Local Read Blocks":0,"Local Dirtied Blocks":0,"Local Written Blocks":0,"Temp Read Blocks":0,"Temp Written Blocks":0,"I/O Read Time":0.0,"I/O Write Time":0.0,"Temp I/O Read Time":0.0,"Temp I/O Write Time":0.0,"Plans":[{"Node Type":"Hash Join","Parent Relationship":"Outer","Parallel Aware":false,"Async Capable":false,"Join Type":"Inner","Startup Cost":3665.1,"Total Cost":1212937.98,"Plan Rows":30021,"Plan Width":4,"Actual Startup Time":1413.331,"Actual Total Time":4972.198,"Actual Rows":37014,"Actual Loops":1,"Output":["order_line.ol_amount"],"Inner Unique":true,"Hash Cond":"(order_line.ol_i_id = item.i_id)","Join Filter":"(((order_line.ol_delivery_d >= '1992-01-02 20:10:02.27764'::timestamp without time zone) AND ((item.i_data)::text ~~ '%a'::text) AND (order_line.ol_w_id = ANY ('{1,2,3}'::integer[]))) OR (((item.i_data)::text ~~ '%b'::text) AND (order_line.ol_w_id = ANY ('{1,2,4}'::integer[]))) OR (((item.i_data)::text ~~ '%c'::text) AND (order_line.ol_w_id = ANY ('{1,5,3}'::integer[]))))","Rows Removed by Join Filter":31522,"Shared Hit Blocks":342249,"Shared Read Blocks":0,"Shared Dirtied Blocks":0,"Shared Written Blocks":0,"Local Hit Blocks":0,"Local Read Blocks":0,"Local Dirtied Blocks":0,"Local Written Blocks":0,"Temp Read Blocks":0,"Temp Written Blocks":0,"I/O Read Time":0.0,"I/O Write Time":0.0,"Temp I/O Read Time":0.0,"Temp I/O Write Time":0.0,"Plans":[{"Node Type":"Seq Scan","Parent Relationship":"Outer","Parallel Aware":false,"Async Capable":false,"Relation Name":"order_line","Schema":"public","Alias":"order_line","Startup Cost":0.0,"Total Cost":1203320.52,"Plan Rows":2267567,"Plan Width":18,"Actual Startup Time":1375.975,"Actual Total Time":4776.529,"Actual Rows":1498918,"Actual Loops":1,"Output":["order_line.ol_o_id","order_line.ol_d_id","order_line.ol_w_id","order_line.ol_number","order_line.ol_i_id","order_line.ol_supply_w_id","order_line.ol_delivery_d","order_line.ol_quantity","order_line.ol_amount","order_line.ol_dist_info"],"Filter":"((order_line.ol_quantity >= 1) AND (order_line.ol_quantity <= 10) AND (((order_line.ol_delivery_d >= '1992-01-02 20:10:02.27764'::timestamp without time zone) AND (order_line.ol_w_id = ANY ('{1,2,3}'::integer[]))) OR (order_line.ol_w_id = ANY ('{1,2,4}'::integer[])) OR (order_line.ol_w_id = ANY ('{1,5,3}'::integer[]))))","Rows Removed by Filter":28498814,"Shared Hit Blocks":340884,"Shared Read Blocks":0,"Shared Dirtied Blocks":0,"Shared Written Blocks":0,"Local Hit Blocks":0,"Local Read Blocks":0,"Local Dirtied Blocks":0,"Local Written Blocks":0,"Temp Read Blocks":0,"Temp Written Blocks":0,"I/O Read Time":0.0,"I/O Write Time":0.0,"Temp I/O Read Time":0.0,"Temp I/O Write Time":0.0},{"Node Type":"Hash","Parent Relationship":"Inner","Parallel Aware":false,"Async Capable":false,"Startup Cost":3615.0,"Total Cost":3615.0,"Plan Rows":4008,"Plan Width":43,"Actual Startup Time":37.32,"Actual Total Time":37.321,"Actual Rows":4578,"Actual Loops":1,"Output":["item.i_id","item.i_data"],"Hash Buckets":8192,"Original Hash Buckets":4096,"Hash Batches":1,"Original Hash Batches":1,"Peak Memory Usage":402,"Shared Hit Blocks":1365,"Shared Read Blocks":0,"Shared Dirtied Blocks":0,"Shared Written Blocks":0,"Local Hit Blocks":0,"Local Read Blocks":0,"Local Dirtied Blocks":0,"Local Written Blocks":0,"Temp Read Blocks":0,"Temp Written Blocks":0,"I/O Read Time":0.0,"I/O Write Time":0.0,"Temp I/O Read Time":0.0,"Temp I/O Write Time":0.0,"Plans":[{"Node Type":"Seq Scan","Parent Relationship":"Outer","Parallel Aware":false,"Async Capable":false,"Relation Name":"item","Schema":"public","Alias":"item","Startup Cost":0.0,"Total Cost":3615.0,"Plan Rows":4008,"Plan Width":43,"Actual Startup Time":0.021,"Actual Total Time":36.489,"Actual Rows":4578,"Actual Loops":1,"Output":["item.i_id","item.i_data"],"Filter":"((item.i_price >= '1'::numeric) AND (item.i_price <= '400000'::numeric) AND (((item.i_data)::text ~~ '%a'::text) OR ((item.i_data)::text ~~ '%b'::text) OR ((item.i_data)::text ~~ '%c'::text)))","Rows Removed by Filter":95422,"Shared Hit Blocks":1365,"Shared Read Blocks":0,"Shared Dirtied Blocks":0,"Shared Written Blocks":0,"Local Hit Blocks":0,"Local Read Blocks":0,"Local Dirtied Blocks":0,"Local Written Blocks":0,"Temp Read Blocks":0,"Temp Written Blocks":0,"I/O Read Time":0.0,"I/O Write Time":0.0,"Temp I/O Read Time":0.0,"Temp I/O Write Time":0.0}]}]}]},"Planning":{"Shared Hit Blocks":21,"Shared Read Blocks":0,"Shared Dirtied Blocks":0,"Shared Written Blocks":0,"Local Hit Blocks":0,"Local Read Blocks":0,"Local Dirtied Blocks":0,"Local Written Blocks":0,"Temp Read Blocks":0,"Temp Written Blocks":0,"I/O Read Time":0.0,"I/O Write Time":0.0,"Temp I/O Read Time":0.0,"Temp I/O Write Time":0.0},"Planning Time":0.421,"Triggers":[],"Execution Time":4975.959}]
[列存组合]: item
[{"Plan":{"Node Type":"Aggregate","Strategy":"Plain","Partial Mode":"Simple","Parallel Aware":false,"Async Capable":false,"Startup Cost":1211442.78,"Total Cost":1211442.79,"Plan Rows":1,"Plan Width":32,"Actual Startup Time":4952.077,"Actual Total Time":4952.087,"Actual Rows":1,"Actual Loops":1,"Output":["sum(order_line.ol_amount)"],"Shared Hit Blocks":340884,"Shared Read Blocks":0,"Shared Dirtied Blocks":0,"Shared Written Blocks":0,"Local Hit Blocks":0,"Local Read Blocks":0,"Local Dirtied Blocks":0,"Local Written Blocks":0,"Temp Read Blocks":0,"Temp Written Blocks":0,"I/O Read Time":0.0,"I/O Write Time":0.0,"Temp I/O Read Time":0.0,"Temp I/O Write Time":0.0,"Plans":[{"Node Type":"Hash Join","Parent Relationship":"Outer","Parallel Aware":false,"Async Capable":false,"Join Type":"Inner","Startup Cost":2094.84,"Total Cost":1211367.73,"Plan Rows":30021,"Plan Width":4,"Actual Startup Time":1394.235,"Actual Total Time":4948.2,"Actual Rows":37014,"Actual Loops":1,"Output":["order_line.ol_amount"],"Inner Unique":true,"Hash Cond":"(order_line.ol_i_id = item.i_id)","Join Filter":"(((order_line.ol_delivery_d >= '1992-01-02 20:10:02.27764'::timestamp without time zone) AND ((item.i_data)::text ~~ '%a'::text) AND (order_line.ol_w_id = ANY ('{1,2,3}'::integer[]))) OR (((item.i_data)::text ~~ '%b'::text) AND (order_line.ol_w_id = ANY ('{1,2,4}'::integer[]))) OR (((item.i_data)::text ~~ '%c'::text) AND (order_line.ol_w_id = ANY ('{1,5,3}'::integer[]))))","Rows Removed by Join Filter":31522,"Shared Hit Blocks":340884,"Shared Read Blocks":0,"Shared Dirtied Blocks":0,"Shared Written Blocks":0,"Local Hit Blocks":0,"Local Read Blocks":0,"Local Dirtied Blocks":0,"Local Written Blocks":0,"Temp Read Blocks":0,"Temp Written Blocks":0,"I/O Read Time":0.0,"I/O Write Time":0.0,"Temp I/O Read Time":0.0,"Temp I/O Write Time":0.0,"Plans":[{"Node Type":"Seq Scan","Parent Relationship":"Outer","Parallel Aware":false,"Async Capable":false,"Relation Name":"order_line","Schema":"public","Alias":"order_line","Startup Cost":0.0,"Total Cost":1203320.52,"Plan Rows":2267567,"Plan Width":18,"Actual Startup Time":1370.284,"Actual Total Time":4764.799,"Actual Rows":1498918,"Actual Loops":1,"Output":["order_line.ol_o_id","order_line.ol_d_id","order_line.ol_w_id","order_line.ol_number","order_line.ol_i_id","order_line.ol_supply_w_id","order_line.ol_delivery_d","order_line.ol_quantity","order_line.ol_amount","order_line.ol_dist_info"],"Filter":"((order_line.ol_quantity >= 1) AND (order_line.ol_quantity <= 10) AND (((order_line.ol_delivery_d >= '1992-01-02 20:10:02.27764'::timestamp without time zone) AND (order_line.ol_w_id = ANY ('{1,2,3}'::integer[]))) OR (order_line.ol_w_id = ANY ('{1,2,4}'::integer[])) OR (order_line.ol_w_id = ANY ('{1,5,3}'::integer[]))))","Rows Removed by Filter":28498814,"Shared Hit Blocks":340884,"Shared Read Blocks":0,"Shared Dirtied Blocks":0,"Shared Written Blocks":0,"Local Hit Blocks":0,"Local Read Blocks":0,"Local Dirtied Blocks":0,"Local Written Blocks":0,"Temp Read Blocks":0,"Temp Written Blocks":0,"I/O Read Time":0.0,"I/O Write Time":0.0,"Temp I/O Read Time":0.0,"Temp I/O Write Time":0.0},{"Node Type":"Hash","Parent Relationship":"Inner","Parallel Aware":false,"Async Capable":false,"Startup Cost":2044.73,"Total Cost":2044.73,"Plan Rows":4009,"Plan Width":43,"Actual Startup Time":23.918,"Actual Total Time":23.925,"Actual Rows":4578,"Actual Loops":1,"Output":["item.i_id","item.i_data"],"Hash Buckets":8192,"Original Hash Buckets":4096,"Hash Batches":1,"Original Hash Batches":1,"Peak Memory Usage":402,"Shared Hit Blocks":0,"Shared Read Blocks":0,"Shared Dirtied Blocks":0,"Shared Written Blocks":0,"Local Hit Blocks":0,"Local Read Blocks":0,"Local Dirtied Blocks":0,"Local Written Blocks":0,"Temp Read Blocks":0,"Temp Written Blocks":0,"I/O Read Time":0.0,"I/O Write Time":0.0,"Temp I/O Read Time":0.0,"Temp I/O Write Time":0.0,"Plans":[{"Node Type":"Append","Parent Relationship":"Outer","Parallel Aware":false,"Async Capable":false,"Startup Cost":20.0,"Total Cost":2044.73,"Plan Rows":4009,"Plan Width":43,"Actual Startup Time":21.646,"Actual Total Time":23.13,"Actual Rows":4578,"Actual Loops":1,"Shared Hit Blocks":0,"Shared Read Blocks":0,"Shared Dirtied Blocks":0,"Shared Written Blocks":0,"Local Hit Blocks":0,"Local Read Blocks":0,"Local Dirtied Blocks":0,"Local Written Blocks":0,"Temp Read Blocks":0,"Temp Written Blocks":0,"I/O Read Time":0.0,"I/O Write Time":0.0,"Temp I/O Read Time":0.0,"Temp I/O Write Time":0.0,"Subplans Removed":0,"Plans":[{"Node Type":"Custom Scan","Parent Relationship":"Member","Custom Plan Provider":"columnar scan","Parallel Aware":false,"Async Capable":false,"Relation Name":"item","Schema":"public","Alias":"item","Startup Cost":20.0,"Total Cost":98.21,"Plan Rows":4008,"Plan Width":43,"Actual Startup Time":21.644,"Actual Total Time":22.771,"Actual Rows":4578,"Actual Loops":1,"Output":["item.i_id","item.i_data"],"Filter":"((item.i_price >= '1'::numeric) AND (item.i_price <= '400000'::numeric) AND (((item.i_data)::text ~~ '%a'::text) OR ((item.i_data)::text ~~ '%b'::text) OR ((item.i_data)::text ~~ '%c'::text)))","Rows Removed by Filter":0,"Rows Removed by Columnar Filter":95422,"Columnar cache search mode":"native","Shared Hit Blocks":0,"Shared Read Blocks":0,"Shared Dirtied Blocks":0,"Shared Written Blocks":0,"Local Hit Blocks":0,"Local Read Blocks":0,"Local Dirtied Blocks":0,"Local Written Blocks":0,"Temp Read Blocks":0,"Temp Written Blocks":0,"I/O Read Time":0.0,"I/O Write Time":0.0,"Temp I/O Read Time":0.0,"Temp I/O Write Time":0.0},{"Node Type":"Seq Scan","Parent Relationship":"Member","Parallel Aware":false,"Async Capable":false,"Relation Name":"item","Schema":"public","Alias":"item","Startup Cost":0.0,"Total Cost":4.02,"Plan Rows":1,"Plan Width":43,"Actual Startup Time":0.0,"Actual Total Time":0.0,"Actual Rows":0,"Actual Loops":0,"Output":["item.i_id","item.i_data"],"Filter":"((item.i_price >= '1'::numeric) AND (item.i_price <= '400000'::numeric) AND (((item.i_data)::text ~~ '%a'::text) OR ((item.i_data)::text ~~ '%b'::text) OR ((item.i_data)::text ~~ '%c'::text)))","Rows Removed by Filter":0,"Shared Hit Blocks":0,"Shared Read Blocks":0,"Shared Dirtied Blocks":0,"Shared Written Blocks":0,"Local Hit Blocks":0,"Local Read Blocks":0,"Local Dirtied Blocks":0,"Local Written Blocks":0,"Temp Read Blocks":0,"Temp Written Blocks":0,"I/O Read Time":0.0,"I/O Write Time":0.0,"Temp I/O Read Time":0.0,"Temp I/O Write Time":0.0}]}]}]}]},"Planning":{"Shared Hit Blocks":6,"Shared Read Blocks":0,"Shared Dirtied Blocks":0,"Shared Written Blocks":0,"Local Hit Blocks":0,"Local Read Blocks":0,"Local Dirtied Blocks":0,"Local Written Blocks":0,"Temp Read Blocks":0,"Temp Written Blocks":0,"I/O Read Time":0.0,"I/O Write Time":0.0,"Temp I/O Read Time":0.0,"Temp I/O Write Time":0.0},"Planning Time":0.554,"Triggers":[],"Execution Time":4952.177}]
[列存组合]: order_line
[{"Plan":{"Node Type":"Aggregate","Strategy":"Plain","Partial Mode":"Simple","Parallel Aware":false,"Async Capable":false,"Startup Cost":1076298.22,"Total Cost":1076298.23,"Plan Rows":1,"Plan Width":32,"Actual Startup Time":560.713,"Actual Total Time":560.717,"Actual Rows":1,"Actual Loops":1,"Output":["sum(order_line.ol_amount)"],"Shared Hit Blocks":1365,"Shared Read Blocks":0,"Shared Dirtied Blocks":0,"Shared Written Blocks":0,"Local Hit Blocks":0,"Local Read Blocks":0,"Local Dirtied Blocks":0,"Local Written Blocks":0,"Temp Read Blocks":0,"Temp Written Blocks":0,"I/O Read Time":0.0,"I/O Write Time":0.0,"Temp I/O Read Time":0.0,"Temp I/O Write Time":0.0,"Plans":[{"Node Type":"Hash Join","Parent Relationship":"Outer","Parallel Aware":false,"Async Capable":false,"Join Type":"Inner","Startup Cost":3685.1,"Total Cost":1076223.16,"Plan Rows":30021,"Plan Width":4,"Actual Startup Time":170.561,"Actual Total Time":556.185,"Actual Rows":37014,"Actual Loops":1,"Output":["order_line.ol_amount"],"Inner Unique":true,"Hash Cond":"(order_line.ol_i_id = item.i_id)","Join Filter":"(((order_line.ol_delivery_d >= '1992-01-02 20:10:02.27764'::timestamp without time zone) AND ((item.i_data)::text ~~ '%a'::text) AND (order_line.ol_w_id = ANY ('{1,2,3}'::integer[]))) OR (((item.i_data)::text ~~ '%b'::text) AND (order_line.ol_w_id = ANY ('{1,2,4}'::integer[]))) OR (((item.i_data)::text ~~ '%c'::text) AND (order_line.ol_w_id = ANY ('{1,5,3}'::integer[]))))","Rows Removed by Join Filter":31522,"Shared Hit Blocks":1365,"Shared Read Blocks":0,"Shared Dirtied Blocks":0,"Shared Written Blocks":0,"Local Hit Blocks":0,"Local Read Blocks":0,"Local Dirtied Blocks":0,"Local Written Blocks":0,"Temp Read Blocks":0,"Temp Written Blocks":0,"I/O Read Time":0.0,"I/O Write Time":0.0,"Temp I/O Read Time":0.0,"Temp I/O Write Time":0.0,"Plans":[{"Node Type":"Append","Parent Relationship":"Outer","Parallel Aware":false,"Async Capable":false,"Startup Cost":20.0,"Total Cost":1066605.7,"Plan Rows":2267567,"Plan Width":18,"Actual Startup Time":131.308,"Actual Total Time":485.343,"Actual Rows":68536,"Actual Loops":1,"Shared Hit Blocks":0,"Shared Read Blocks":0,"Shared Dirtied Blocks":0,"Shared Written Blocks":0,"Local Hit Blocks":0,"Local Read Blocks":0,"Local Dirtied Blocks":0,"Local Written Blocks":0,"Temp Read Blocks":0,"Temp Written Blocks":0,"I/O Read Time":0.0,"I/O Write Time":0.0,"Temp I/O Read Time":0.0,"Temp I/O Write Time":0.0,"Subplans Removed":0,"Plans":[{"Node Type":"Custom Scan","Parent Relationship":"Member","Custom Plan Provider":"columnar scan","Parallel Aware":false,"Async Capable":false,"Relation Name":"order_line","Schema":"public","Alias":"order_line","Startup Cost":20.0,"Total Cost":53324.56,"Plan Rows":2267562,"Plan Width":18,"Actual Startup Time":131.306,"Actual Total Time":480.291,"Actual Rows":68536,"Actual Loops":1,"Output":["order_line.ol_amount","order_line.ol_i_id","order_line.ol_delivery_d","order_line.ol_w_id"],"Filter":"((order_line.ol_quantity >= 1) AND (order_line.ol_quantity <= 10) AND (((order_line.ol_delivery_d >= '1992-01-02 20:10:02.27764'::timestamp without time zone) AND (order_line.ol_w_id = ANY ('{1,2,3}'::integer[]))) OR (order_line.ol_w_id = ANY ('{1,2,4}'::integer[])) OR (order_line.ol_w_id = ANY ('{1,5,3}'::integer[]))))","Rows Removed by Filter":0,"Rows Removed by Columnar Filter":29929196,"Rows Filtered by Bloom Filter":0,"Dictionary Rows Filtered by Bloom Filter":28623497,"Columnar cache search mode":"native","Shared Hit Blocks":0,"Shared Read Blocks":0,"Shared Dirtied Blocks":0,"Shared Written Blocks":0,"Local Hit Blocks":0,"Local Read Blocks":0,"Local Dirtied Blocks":0,"Local Written Blocks":0,"Temp Read Blocks":0,"Temp Written Blocks":0,"I/O Read Time":0.0,"I/O Write Time":0.0,"Temp I/O Read Time":0.0,"Temp I/O Write Time":0.0},{"Node Type":"Seq Scan","Parent Relationship":"Member","Parallel Aware":false,"Async Capable":false,"Relation Name":"order_line","Schema":"public","Alias":"order_line","Startup Cost":0.0,"Total Cost":5.72,"Plan Rows":5,"Plan Width":18,"Actual Startup Time":0.0,"Actual Total Time":0.0,"Actual Rows":0,"Actual Loops":0,"Output":["order_line.ol_amount","order_line.ol_i_id","order_line.ol_delivery_d","order_line.ol_w_id"],"Filter":"((order_line.ol_quantity >= 1) AND (order_line.ol_quantity <= 10) AND (((order_line.ol_delivery_d >= '1992-01-02 20:10:02.27764'::timestamp without time zone) AND (order_line.ol_w_id = ANY ('{1,2,3}'::integer[]))) OR (order_line.ol_w_id = ANY ('{1,2,4}'::integer[])) OR (order_line.ol_w_id = ANY ('{1,5,3}'::integer[]))))","Rows Removed by Filter":0,"Shared Hit Blocks":0,"Shared Read Blocks":0,"Shared Dirtied Blocks":0,"Shared Written Blocks":0,"Local Hit Blocks":0,"Local Read Blocks":0,"Local Dirtied Blocks":0,"Local Written Blocks":0,"Temp Read Blocks":0,"Temp Written Blocks":0,"I/O Read Time":0.0,"I/O Write Time":0.0,"Temp I/O Read Time":0.0,"Temp I/O Write Time":0.0}]},{"Node Type":"Hash","Parent Relationship":"Inner","Parallel Aware":false,"Async Capable":false,"Startup Cost":3615.0,"Total Cost":3615.0,"Plan Rows":4008,"Plan Width":43,"Actual Startup Time":38.869,"Actual Total Time":38.87,"Actual Rows":4578,"Actual Loops":1,"Output":["item.i_id","item.i_data"],"Hash Buckets":8192,"Original Hash Buckets":4096,"Hash Batches":1,"Original Hash Batches":1,"Peak Memory Usage":402,"Shared Hit Blocks":1365,"Shared Read Blocks":0,"Shared Dirtied Blocks":0,"Shared Written Blocks":0,"Local Hit Blocks":0,"Local Read Blocks":0,"Local Dirtied Blocks":0,"Local Written Blocks":0,"Temp Read Blocks":0,"Temp Written Blocks":0,"I/O Read Time":0.0,"I/O Write Time":0.0,"Temp I/O Read Time":0.0,"Temp I/O Write Time":0.0,"Plans":[{"Node Type":"Seq Scan","Parent Relationship":"Outer","Parallel Aware":false,"Async Capable":false,"Relation Name":"item","Schema":"public","Alias":"item","Startup Cost":0.0,"Total Cost":3615.0,"Plan Rows":4008,"Plan Width":43,"Actual Startup Time":0.016,"Actual Total Time":37.631,"Actual Rows":4578,"Actual Loops":1,"Output":["item.i_id","item.i_data"],"Filter":"((item.i_price >= '1'::numeric) AND (item.i_price <= '400000'::numeric) AND (((item.i_data)::text ~~ '%a'::text) OR ((item.i_data)::text ~~ '%b'::text) OR ((item.i_data)::text ~~ '%c'::text)))","Rows Removed by Filter":95422,"Shared Hit Blocks":1365,"Shared Read Blocks":0,"Shared Dirtied Blocks":0,"Shared Written Blocks":0,"Local Hit Blocks":0,"Local Read Blocks":0,"Local Dirtied Blocks":0,"Local Written Blocks":0,"Temp Read Blocks":0,"Temp Written Blocks":0,"I/O Read Time":0.0,"I/O Write Time":0.0,"Temp I/O Read Time":0.0,"Temp I/O Write Time":0.0}]}]}]},"Planning":{"Shared Hit Blocks":6,"Shared Read Blocks":0,"Shared Dirtied Blocks":0,"Shared Written Blocks":0,"Local Hit Blocks":0,"Local Read Blocks":0,"Local Dirtied Blocks":0,"Local Written Blocks":0,"Temp Read Blocks":0,"Temp Written Blocks":0,"I/O Read Time":0.0,"I/O Write Time":0.0,"Temp I/O Read Time":0.0,"Temp I/O Write Time":0.0},"Planning Time":0.825,"Triggers":[],"Execution Time":560.811}]
[列存组合]: item, order_line
[{"Plan":{"Node Type":"Aggregate","Strategy":"Plain","Partial Mode":"Simple","Parallel Aware":false,"Async Capable":false,"Startup Cost":5465.04,"Total Cost":5465.05,"Plan Rows":1,"Plan Width":32,"Actual Startup Time":544.7,"Actual Total Time":544.704,"Actual Rows":1,"Actual Loops":1,"Output":["sum(order_line.ol_amount)"],"Shared Hit Blocks":0,"Shared Read Blocks":0,"Shared Dirtied Blocks":0,"Shared Written Blocks":0,"Local Hit Blocks":0,"Local Read Blocks":0,"Local Dirtied Blocks":0,"Local Written Blocks":0,"Temp Read Blocks":0,"Temp Written Blocks":0,"I/O Read Time":0.0,"I/O Write Time":0.0,"Temp I/O Read Time":0.0,"Temp I/O Write Time":0.0,"Plans":[{"Node Type":"Hash Join","Parent Relationship":"Outer","Parallel Aware":false,"Async Capable":false,"Join Type":"Inner","Startup Cost":53.87,"Total Cost":5389.99,"Plan Rows":30021,"Plan Width":4,"Actual Startup Time":156.732,"Actual Total Time":540.118,"Actual Rows":37014,"Actual Loops":1,"Output":["order_line.ol_amount"],"Inner Unique":true,"Hash Cond":"(order_line.ol_i_id = item.i_id)","Join Filter":"(((order_line.ol_delivery_d >= '1992-01-02 20:10:02.27764'::timestamp without time zone) AND ((item.i_data)::text ~~ '%a'::text) AND (order_line.ol_w_id = ANY ('{1,2,3}'::integer[]))) OR (((item.i_data)::text ~~ '%b'::text) AND (order_line.ol_w_id = ANY ('{1,2,4}'::integer[]))) OR (((item.i_data)::text ~~ '%c'::text) AND (order_line.ol_w_id = ANY ('{1,5,3}'::integer[]))))","Rows Removed by Join Filter":31522,"Shared Hit Blocks":0,"Shared Read Blocks":0,"Shared Dirtied Blocks":0,"Shared Written Blocks":0,"Local Hit Blocks":0,"Local Read Blocks":0,"Local Dirtied Blocks":0,"Local Written Blocks":0,"Temp Read Blocks":0,"Temp Written Blocks":0,"I/O Read Time":0.0,"I/O Write Time":0.0,"Temp I/O Read Time":0.0,"Temp I/O Write Time":0.0,"Plans":[{"Node Type":"Append","Parent Relationship":"Outer","Parallel Aware":false,"Async Capable":false,"Startup Cost":20.0,"Total Cost":53330.28,"Plan Rows":2267567,"Plan Width":18,"Actual Startup Time":131.265,"Actual Total Time":483.012,"Actual Rows":68536,"Actual Loops":1,"Shared Hit Blocks":0,"Shared Read Blocks":0,"Shared Dirtied Blocks":0,"Shared Written Blocks":0,"Local Hit Blocks":0,"Local Read Blocks":0,"Local Dirtied Blocks":0,"Local Written Blocks":0,"Temp Read Blocks":0,"Temp Written Blocks":0,"I/O Read Time":0.0,"I/O Write Time":0.0,"Temp I/O Read Time":0.0,"Temp I/O Write Time":0.0,"Subplans Removed":0,"Plans":[{"Node Type":"Custom Scan","Parent Relationship":"Member","Custom Plan Provider":"columnar scan","Parallel Aware":false,"Async Capable":false,"Relation Name":"order_line","Schema":"public","Alias":"order_line","Startup Cost":20.0,"Total Cost":53324.56,"Plan Rows":2267562,"Plan Width":18,"Actual Startup Time":131.264,"Actual Total Time":477.95,"Actual Rows":68536,"Actual Loops":1,"Output":["order_line.ol_amount","order_line.ol_i_id","order_line.ol_delivery_d","order_line.ol_w_id"],"Filter":"((order_line.ol_quantity >= 1) AND (order_line.ol_quantity <= 10) AND (((order_line.ol_delivery_d >= '1992-01-02 20:10:02.27764'::timestamp without time zone) AND (order_line.ol_w_id = ANY ('{1,2,3}'::integer[]))) OR (order_line.ol_w_id = ANY ('{1,2,4}'::integer[])) OR (order_line.ol_w_id = ANY ('{1,5,3}'::integer[]))))","Rows Removed by Filter":0,"Rows Removed by Columnar Filter":29929196,"Rows Filtered by Bloom Filter":0,"Dictionary Rows Filtered by Bloom Filter":28623497,"Columnar cache search mode":"native","Shared Hit Blocks":0,"Shared Read Blocks":0,"Shared Dirtied Blocks":0,"Shared Written Blocks":0,"Local Hit Blocks":0,"Local Read Blocks":0,"Local Dirtied Blocks":0,"Local Written Blocks":0,"Temp Read Blocks":0,"Temp Written Blocks":0,"I/O Read Time":0.0,"I/O Write Time":0.0,"Temp I/O Read Time":0.0,"Temp I/O Write Time":0.0},{"Node Type":"Seq Scan","Parent Relationship":"Member","Parallel Aware":false,"Async Capable":false,"Relation Name":"order_line","Schema":"public","Alias":"order_line","Startup Cost":0.0,"Total Cost":5.72,"Plan Rows":5,"Plan Width":18,"Actual Startup Time":0.0,"Actual Total Time":0.0,"Actual Rows":0,"Actual Loops":0,"Output":["order_line.ol_amount","order_line.ol_i_id","order_line.ol_delivery_d","order_line.ol_w_id"],"Filter":"((order_line.ol_quantity >= 1) AND (order_line.ol_quantity <= 10) AND (((order_line.ol_delivery_d >= '1992-01-02 20:10:02.27764'::timestamp without time zone) AND (order_line.ol_w_id = ANY ('{1,2,3}'::integer[]))) OR (order_line.ol_w_id = ANY ('{1,2,4}'::integer[])) OR (order_line.ol_w_id = ANY ('{1,5,3}'::integer[]))))","Rows Removed by Filter":0,"Shared Hit Blocks":0,"Shared Read Blocks":0,"Shared Dirtied Blocks":0,"Shared Written Blocks":0,"Local Hit Blocks":0,"Local Read Blocks":0,"Local Dirtied Blocks":0,"Local Written Blocks":0,"Temp Read Blocks":0,"Temp Written Blocks":0,"I/O Read Time":0.0,"I/O Write Time":0.0,"Temp I/O Read Time":0.0,"Temp I/O Write Time":0.0}]},{"Node Type":"Hash","Parent Relationship":"Inner","Parallel Aware":false,"Async Capable":false,"Startup Cost":102.24,"Total Cost":102.24,"Plan Rows":4009,"Plan Width":43,"Actual Startup Time":25.079,"Actual Total Time":25.08,"Actual Rows":4578,"Actual Loops":1,"Output":["item.i_id","item.i_data"],"Hash Buckets":8192,"Original Hash Buckets":4096,"Hash Batches":1,"Original Hash Batches":1,"Peak Memory Usage":402,"Shared Hit Blocks":0,"Shared Read Blocks":0,"Shared Dirtied Blocks":0,"Shared Written Blocks":0,"Local Hit Blocks":0,"Local Read Blocks":0,"Local Dirtied Blocks":0,"Local Written Blocks":0,"Temp Read Blocks":0,"Temp Written Blocks":0,"I/O Read Time":0.0,"I/O Write Time":0.0,"Temp I/O Read Time":0.0,"Temp I/O Write Time":0.0,"Plans":[{"Node Type":"Append","Parent Relationship":"Outer","Parallel Aware":false,"Async Capable":false,"Startup Cost":20.0,"Total Cost":102.24,"Plan Rows":4009,"Plan Width":43,"Actual Startup Time":21.811,"Actual Total Time":23.851,"Actual Rows":4578,"Actual Loops":1,"Shared Hit Blocks":0,"Shared Read Blocks":0,"Shared Dirtied Blocks":0,"Shared Written Blocks":0,"Local Hit Blocks":0,"Local Read Blocks":0,"Local Dirtied Blocks":0,"Local Written Blocks":0,"Temp Read Blocks":0,"Temp Written Blocks":0,"I/O Read Time":0.0,"I/O Write Time":0.0,"Temp I/O Read Time":0.0,"Temp I/O Write Time":0.0,"Subplans Removed":0,"Plans":[{"Node Type":"Custom Scan","Parent Relationship":"Member","Custom Plan Provider":"columnar scan","Parallel Aware":false,"Async Capable":false,"Relation Name":"item","Schema":"public","Alias":"item","Startup Cost":20.0,"Total Cost":98.21,"Plan Rows":4008,"Plan Width":43,"Actual Startup Time":21.81,"Actual Total Time":23.468,"Actual Rows":4578,"Actual Loops":1,"Output":["item.i_id","item.i_data"],"Filter":"((item.i_price >= '1'::numeric) AND (item.i_price <= '400000'::numeric) AND (((item.i_data)::text ~~ '%a'::text) OR ((item.i_data)::text ~~ '%b'::text) OR ((item.i_data)::text ~~ '%c'::text)))","Rows Removed by Filter":0,"Rows Removed by Columnar Filter":95422,"Columnar cache search mode":"native","Shared Hit Blocks":0,"Shared Read Blocks":0,"Shared Dirtied Blocks":0,"Shared Written Blocks":0,"Local Hit Blocks":0,"Local Read Blocks":0,"Local Dirtied Blocks":0,"Local Written Blocks":0,"Temp Read Blocks":0,"Temp Written Blocks":0,"I/O Read Time":0.0,"I/O Write Time":0.0,"Temp I/O Read Time":0.0,"Temp I/O Write Time":0.0},{"Node Type":"Seq Scan","Parent Relationship":"Member","Parallel Aware":false,"Async Capable":false,"Relation Name":"item","Schema":"public","Alias":"item","Startup Cost":0.0,"Total Cost":4.02,"Plan Rows":1,"Plan Width":43,"Actual Startup Time":0.0,"Actual Total Time":0.0,"Actual Rows":0,"Actual Loops":0,"Output":["item.i_id","item.i_data"],"Filter":"((item.i_price >= '1'::numeric) AND (item.i_price <= '400000'::numeric) AND (((item.i_data)::text ~~ '%a'::text) OR ((item.i_data)::text ~~ '%b'::text) OR ((item.i_data)::text ~~ '%c'::text)))","Rows Removed by Filter":0,"Shared Hit Blocks":0,"Shared Read Blocks":0,"Shared Dirtied Blocks":0,"Shared Written Blocks":0,"Local Hit Blocks":0,"Local Read Blocks":0,"Local Dirtied Blocks":0,"Local Written Blocks":0,"Temp Read Blocks":0,"Temp Written Blocks":0,"I/O Read Time":0.0,"I/O Write Time":0.0,"Temp I/O Read Time":0.0,"Temp I/O Write Time":0.0}]}]}]}]},"Planning":{"Shared Hit Blocks":6,"Shared Read Blocks":0,"Shared Dirtied Blocks":0,"Shared Written Blocks":0,"Local Hit Blocks":0,"Local Read Blocks":0,"Local Dirtied Blocks":0,"Local Written Blocks":0,"Temp Read Blocks":0,"Temp Written Blocks":0,"I/O Read Time":0.0,"I/O Write Time":0.0,"Temp I/O Read Time":0.0,"Temp I/O Write Time":0.0},"Planning Time":0.93,"Triggers":[],"Execution Time":544.802}]
