[列存组合]: 无列存
[{"Plan":{"Node Type":"Sort","Parallel Aware":false,"Async Capable":false,"Startup Cost":4119195.73,"Total Cost":4119220.73,"Plan Rows":10000,"Plan Width":27,"Actual Startup Time":23915.557,"Actual Total Time":23915.584,"Actual Rows":156,"Actual Loops":1,"Output":["supplier.su_name","(count(*))"],"Sort Key":["(count(*)) DESC","supplier.su_name"],"Sort Method":"quicksort","Sort Space Used":35,"Sort Space Type":"Memory","Shared Hit Blocks":1686346,"Shared Read Blocks":88070,"Shared Dirtied Blocks":0,"Shared Written Blocks":0,"Local Hit Blocks":0,"Local Read Blocks":0,"Local Dirtied Blocks":0,"Local Written Blocks":0,"Temp Read Blocks":163494,"Temp Written Blocks":163499,"I/O Read Time":369.767,"I/O Write Time":0.0,"Temp I/O Read Time":267.485,"Temp I/O Write Time":743.141,"Plans":[{"Node Type":"Aggregate","Strategy":"Sorted","Partial Mode":"Simple","Parent Relationship":"Outer","Parallel Aware":false,"Async Capable":false,"Startup Cost":4117861.4,"Total Cost":4118531.35,"Plan Rows":10000,"Plan Width":27,"Actual Startup Time":23864.671,"Actual Total Time":23915.528,"Actual Rows":156,"Actual Loops":1,"Output":["supplier.su_name","count(*)"],"Group Key":["supplier.su_name"],"Shared Hit Blocks":1686346,"Shared Read Blocks":88070,"Shared Dirtied Blocks":0,"Shared Written Blocks":0,"Local Hit Blocks":0,"Local Read Blocks":0,"Local Dirtied Blocks":0,"Local Written Blocks":0,"Temp Read Blocks":163494,"Temp Written Blocks":163499,"I/O Read Time":369.767,"I/O Write Time":0.0,"Temp I/O Read Time":267.485,"Temp I/O Write Time":743.141,"Plans":[{"Node Type":"Sort","Parent Relationship":"Outer","Parallel Aware":false,"Async Capable":false,"Startup Cost":4117861.4,"Total Cost":4118051.38,"Plan Rows":75993,"Plan Width":19,"Actual Startup Time":23864.492,"Actual Total Time":23891.27,"Actual Rows":267482,"Actual Loops":1,"Output":["supplier.su_name"],"Sort Key":["supplier.su_name"],"Sort Method":"external merge","Sort Space Used":7624,"Sort Space Type":"Disk","Shared Hit Blocks":1686346,"Shared Read Blocks":88070,"Shared Dirtied Blocks":0,"Shared Written Blocks":0,"Local Hit Blocks":0,"Local Read Blocks":0,"Local Dirtied Blocks":0,"Local Written Blocks":0,"Temp Read Blocks":163494,"Temp Written Blocks":163499,"I/O Read Time":369.767,"I/O Write Time":0.0,"Temp I/O Read Time":267.485,"Temp I/O Write Time":743.141,"Plans":[{"Node Type":"Nested Loop","Parent Relationship":"Outer","Parallel Aware":false,"Async Capable":false,"Join Type":"Anti","Startup Cost":578796.72,"Total Cost":4111700.81,"Plan Rows":75993,"Plan Width":19,"Actual Startup Time":2978.294,"Actual Total Time":23712.104,"Actual Rows":267482,"Actual Loops":1,"Output":["supplier.su_name"],"Inner Unique":false,"Shared Hit Blocks":1686346,"Shared Read Blocks":88070,"Shared Dirtied Blocks":0,"Shared Written Blocks":0,"Local Hit Blocks":0,"Local Read Blocks":0,"Local Dirtied Blocks":0,"Local Written Blocks":0,"Temp Read Blocks":162541,"Temp Written Blocks":162541,"I/O Read Time":369.767,"I/O Write Time":0.0,"Temp I/O Read Time":266.018,"Temp I/O Write Time":739.415,"Plans":[{"Node Type":"Hash Join","Parent Relationship":"Outer","Parallel Aware":false,"Async Capable":false,"Join Type":"Inner","Startup Cost":578796.16,"Total Cost":1835607.85,"Plan Rows":113989,"Plan Width":39,"Actual Startup Time":2978.233,"Actual Total Time":21414.535,"Actual Rows":267482,"Actual Loops":1,"Output":["supplier.su_name","l1.ol_o_id","l1.ol_w_id","l1.ol_d_id","l1.ol_delivery_d"],"Inner Unique":true,"Hash Cond":"((l1.ol_o_id = orders.o_id) AND (l1.ol_w_id = orders.o_w_id) AND (l1.ol_d_id = orders.o_d_id))","Join Filter":"(l1.ol_delivery_d > orders.o_entry_d)","Rows Removed by Join Filter":0,"Shared Hit Blocks":390499,"Shared Read Blocks":0,"Shared Dirtied Blocks":0,"Shared Written Blocks":0,"Local Hit Blocks":0,"Local Read Blocks":0,"Local Dirtied Blocks":0,"Local Written Blocks":0,"Temp Read Blocks":162541,"Temp Written Blocks":162541,"I/O Read Time":0.0,"I/O Write Time":0.0,"Temp I/O Read Time":266.018,"Temp I/O Write Time":739.415,"Plans":[{"Node Type":"Hash Join","Parent Relationship":"Outer","Parallel Aware":false,"Async Capable":false,"Join Type":"Inner","Startup Cost":449201.08,"Total Cost":1679734.14,"Plan Rows":342176,"Plan Width":41,"Actual Startup Time":2078.955,"Actual Total Time":20144.222,"Actual Rows":267756,"Actual Loops":1,"Output":["supplier.su_name","stock.s_w_id","l1.ol_o_id","l1.ol_w_id","l1.ol_d_id","l1.ol_delivery_d"],"Inner Unique":true,"Hash Cond":"(supplier.su_nationkey = nation.n_nationkey)","Shared Hit Blocks":368440,"Shared Read Blocks":0,"Shared Dirtied Blocks":0,"Shared Written Blocks":0,"Local Hit Blocks":0,"Local Read Blocks":0,"Local Dirtied Blocks":0,"Local Written Blocks":0,"Temp Read Blocks":144757,"Temp Written Blocks":144757,"I/O Read Time":0.0,"I/O Write Time":0.0,"Temp I/O Read Time":236.183,"Temp I/O Write Time":656.49,"Plans":[{"Node Type":"Hash Join","Parent Relationship":"Outer","Parallel Aware":false,"Async Capable":false,"Join Type":"Inner","Startup Cost":449199.29,"Total Cost":1620236.44,"Plan Rows":21214932,"Plan Width":45,"Actual Startup Time":2078.833,"Actual Total Time":18723.7,"Actual Rows":21002151,"Actual Loops":1,"Output":["supplier.su_name","supplier.su_nationkey","stock.s_w_id","l1.ol_o_id","l1.ol_w_id","l1.ol_d_id","l1.ol_delivery_d"],"Inner Unique":true,"Hash Cond":"(mod((stock.s_w_id * stock.s_i_id), 10000) = supplier.su_suppkey)","Shared Hit Blocks":368439,"Shared Read Blocks":0,"Shared Dirtied Blocks":0,"Shared Written Blocks":0,"Local Hit Blocks":0,"Local Read Blocks":0,"Local Dirtied Blocks":0,"Local Written Blocks":0,"Temp Read Blocks":144757,"Temp Written Blocks":144757,"I/O Read Time":0.0,"I/O Write Time":0.0,"Temp I/O Read Time":236.183,"Temp I/O Write Time":656.49,"Plans":[{"Node Type":"Hash Join","Parent Relationship":"Outer","Parallel Aware":false,"Async Capable":false,"Join Type":"Inner","Startup Cost":448757.29,"Total Cost":1558773.15,"Plan Rows":21214932,"Plan Width":26,"Actual Startup Time":2076.137,"Actual Total Time":14220.452,"Actual Rows":21002151,"Actual Loops":1,"Output":["l1.ol_o_id","l1.ol_w_id","l1.ol_d_id","l1.ol_delivery_d","stock.s_w_id","stock.s_i_id"],"Inner Unique":true,"Hash Cond":"((l1.ol_w_id = stock.s_w_id) AND (l1.ol_i_id = stock.s_i_id))","Shared Hit Blocks":368222,"Shared Read Blocks":0,"Shared Dirtied Blocks":0,"Shared Written Blocks":0,"Local Hit Blocks":0,"Local Read Blocks":0,"Local Dirtied Blocks":0,"Local Written Blocks":0,"Temp Read Blocks":144757,"Temp Written Blocks":144757,"I/O Read Time":0.0,"I/O Write Time":0.0,"Temp I/O Read Time":236.183,"Temp I/O Write Time":656.49,"Plans":[{"Node Type":"Seq Scan","Parent Relationship":"Outer","Parallel Aware":false,"Async Capable":false,"Relation Name":"order_line","Schema":"public","Alias":"l1","Startup Cost":0.0,"Total Cost":715856.4,"Plan Rows":20926367,"Plan Width":24,"Actual Startup Time":0.008,"Actual Total Time":3384.667,"Actual Rows":21002151,"Actual Loops":1,"Output":["l1.ol_o_id","l1.ol_w_id","l1.ol_d_id","l1.ol_i_id","l1.ol_delivery_d"],"Filter":"(l1.ol_delivery_d >= '1992-01-02 20:10:02.27764'::timestamp without time zone)","Rows Removed by Filter":8995581,"Shared Hit Blocks":340884,"Shared Read Blocks":0,"Shared Dirtied Blocks":0,"Shared Written Blocks":0,"Local Hit Blocks":0,"Local Read Blocks":0,"Local Dirtied Blocks":0,"Local Written Blocks":0,"Temp Read Blocks":0,"Temp Written Blocks":0,"I/O Read Time":0.0,"I/O Write Time":0.0,"Temp I/O Read Time":0.0,"Temp I/O Write Time":0.0},{"Node Type":"Hash","Parent Relationship":"Inner","Parallel Aware":false,"Async Capable":false,"Startup Cost":259690.86,"Total Cost":259690.86,"Plan Rows":10000162,"Plan Width":6,"Actual Startup Time":2074.822,"Actual Total Time":2074.826,"Actual Rows":10000000,"Actual Loops":1,"Output":["stock.s_w_id","stock.s_i_id"],"Hash Buckets":262144,"Original Hash Buckets":262144,"Hash Batches":64,"Original Hash Batches":64,"Peak Memory Usage":8133,"Shared Hit Blocks":27338,"Shared Read Blocks":0,"Shared Dirtied Blocks":0,"Shared Written Blocks":0,"Local Hit Blocks":0,"Local Read Blocks":0,"Local Dirtied Blocks":0,"Local Written Blocks":0,"Temp Read Blocks":0,"Temp Written Blocks":33616,"I/O Read Time":0.0,"I/O Write Time":0.0,"Temp I/O Read Time":0.0,"Temp I/O Write Time":150.613,"Plans":[{"Node Type":"Index Only Scan","Parent Relationship":"Outer","Parallel Aware":false,"Async Capable":false,"Scan Direction":"Forward","Index Name":"stock_pk","Relation Name":"stock","Schema":"public","Alias":"stock","Startup Cost":0.43,"Total Cost":259690.86,"Plan Rows":10000162,"Plan Width":6,"Actual Startup Time":0.024,"Actual Total Time":717.387,"Actual Rows":10000000,"Actual Loops":1,"Output":["stock.s_w_id","stock.s_i_id"],"Heap Fetches":0,"Shared Hit Blocks":27338,"Shared Read Blocks":0,"Shared Dirtied Blocks":0,"Shared Written Blocks":0,"Local Hit Blocks":0,"Local Read Blocks":0,"Local Dirtied Blocks":0,"Local Written Blocks":0,"Temp Read Blocks":0,"Temp Written Blocks":0,"I/O Read Time":0.0,"I/O Write Time":0.0,"Temp I/O Read Time":0.0,"Temp I/O Write Time":0.0}]}]},{"Node Type":"Hash","Parent Relationship":"Inner","Parallel Aware":false,"Async Capable":false,"Startup Cost":317.0,"Total Cost":317.0,"Plan Rows":10000,"Plan Width":27,"Actual Startup Time":2.65,"Actual Total Time":2.651,"Actual Rows":10000,"Actual Loops":1,"Output":["supplier.su_name","supplier.su_suppkey","supplier.su_nationkey"],"Hash Buckets":16384,"Original Hash Buckets":16384,"Hash Batches":1,"Original Hash Batches":1,"Peak Memory Usage":714,"Shared Hit Blocks":217,"Shared Read Blocks":0,"Shared Dirtied Blocks":0,"Shared Written Blocks":0,"Local Hit Blocks":0,"Local Read Blocks":0,"Local Dirtied Blocks":0,"Local Written Blocks":0,"Temp Read Blocks":0,"Temp Written Blocks":0,"I/O Read Time":0.0,"I/O Write Time":0.0,"Temp I/O Read Time":0.0,"Temp I/O Write Time":0.0,"Plans":[{"Node Type":"Seq Scan","Parent Relationship":"Outer","Parallel Aware":false,"Async Capable":false,"Relation Name":"supplier","Schema":"public","Alias":"supplier","Startup Cost":0.0,"Total Cost":317.0,"Plan Rows":10000,"Plan Width":27,"Actual Startup Time":0.005,"Actual Total Time":1.264,"Actual Rows":10000,"Actual Loops":1,"Output":["supplier.su_name","supplier.su_suppkey","supplier.su_nationkey"],"Shared Hit Blocks":217,"Shared Read Blocks":0,"Shared Dirtied Blocks":0,"Shared Written Blocks":0,"Local Hit Blocks":0,"Local Read Blocks":0,"Local Dirtied Blocks":0,"Local Written Blocks":0,"Temp Read Blocks":0,"Temp Written Blocks":0,"I/O Read Time":0.0,"I/O Write Time":0.0,"Temp I/O Read Time":0.0,"Temp I/O Write Time":0.0}]}]},{"Node Type":"Hash","Parent Relationship":"Inner","Parallel Aware":false,"Async Capable":false,"Startup Cost":1.77,"Total Cost":1.77,"Plan Rows":1,"Plan Width":4,"Actual Startup Time":0.018,"Actual Total Time":0.02,"Actual Rows":1,"Actual Loops":1,"Output":["nation.n_nationkey"],"Hash Buckets":1024,"Original Hash Buckets":1024,"Hash Batches":1,"Original Hash Batches":1,"Peak Memory Usage":9,"Shared Hit Blocks":1,"Shared Read Blocks":0,"Shared Dirtied Blocks":0,"Shared Written Blocks":0,"Local Hit Blocks":0,"Local Read Blocks":0,"Local Dirtied Blocks":0,"Local Written Blocks":0,"Temp Read Blocks":0,"Temp Written Blocks":0,"I/O Read Time":0.0,"I/O Write Time":0.0,"Temp I/O Read Time":0.0,"Temp I/O Write Time":0.0,"Plans":[{"Node Type":"Seq Scan","Parent Relationship":"Outer","Parallel Aware":false,"Async Capable":false,"Relation Name":"nation","Schema":"public","Alias":"nation","Startup Cost":0.0,"Total Cost":1.77,"Plan Rows":1,"Plan Width":4,"Actual Startup Time":0.014,"Actual Total Time":0.016,"Actual Rows":1,"Actual Loops":1,"Output":["nation.n_nationkey"],"Filter":"((nation.n_name)::text = 'Cambodia'::text)","Rows Removed by Filter":61,"Shared Hit Blocks":1,"Shared Read Blocks":0,"Shared Dirtied Blocks":0,"Shared Written Blocks":0,"Local Hit Blocks":0,"Local Read Blocks":0,"Local Dirtied Blocks":0,"Local Written Blocks":0,"Temp Read Blocks":0,"Temp Written Blocks":0,"I/O Read Time":0.0,"I/O Write Time":0.0,"Temp I/O Read Time":0.0,"Temp I/O Write Time":0.0}]}]},{"Node Type":"Hash","Parent Relationship":"Inner","Parallel Aware":false,"Async Capable":false,"Startup Cost":59559.0,"Total Cost":59559.0,"Plan Rows":2998176,"Plan Width":20,"Actual Startup Time":880.609,"Actual Total Time":880.611,"Actual Rows":2997892,"Actual Loops":1,"Output":["orders.o_id","orders.o_w_id","orders.o_d_id","orders.o_entry_d"],"Hash Buckets":131072,"Original Hash Buckets":131072,"Hash Batches":32,"Original Hash Batches":32,"Peak Memory Usage":6158,"Shared Hit Blocks":22059,"Shared Read Blocks":0,"Shared Dirtied Blocks":0,"Shared Written Blocks":0,"Local Hit Blocks":0,"Local Read Blocks":0,"Local Dirtied Blocks":0,"Local Written Blocks":0,"Temp Read Blocks":0,"Temp Written Blocks":15583,"I/O Read Time":0.0,"I/O Write Time":0.0,"Temp I/O Read Time":0.0,"Temp I/O Write Time":67.966,"Plans":[{"Node Type":"Seq Scan","Parent Relationship":"Outer","Parallel Aware":false,"Async Capable":false,"Relation Name":"orders","Schema":"public","Alias":"orders","Startup Cost":0.0,"Total Cost":59559.0,"Plan Rows":2998176,"Plan Width":20,"Actual Startup Time":0.018,"Actual Total Time":360.828,"Actual Rows":2997892,"Actual Loops":1,"Output":["orders.o_id","orders.o_w_id","orders.o_d_id","orders.o_entry_d"],"Filter":"(orders.o_entry_d >= '1992-01-02 20:10:02.27764'::timestamp without time zone)","Rows Removed by Filter":2108,"Shared Hit Blocks":22059,"Shared Read Blocks":0,"Shared Dirtied Blocks":0,"Shared Written Blocks":0,"Local Hit Blocks":0,"Local Read Blocks":0,"Local Dirtied Blocks":0,"Local Written Blocks":0,"Temp Read Blocks":0,"Temp Written Blocks":0,"I/O Read Time":0.0,"I/O Write Time":0.0,"Temp I/O Read Time":0.0,"Temp I/O Write Time":0.0}]}]},{"Node Type":"Index Scan","Parent Relationship":"Inner","Parallel Aware":false,"Async Capable":false,"Scan Direction":"Forward","Index Name":"order_line_pk","Relation Name":"order_line","Schema":"public","Alias":"l2","Startup Cost":0.56,"Total Cost":26.51,"Plan Rows":2,"Plan Width":20,"Actual Startup Time":0.008,"Actual Total Time":0.008,"Actual Rows":0,"Actual Loops":267482,"Output":["l2.ol_o_id","l2.ol_d_id","l2.ol_w_id","l2.ol_number","l2.ol_i_id","l2.ol_supply_w_id","l2.ol_delivery_d","l2.ol_quantity","l2.ol_amount","l2.ol_dist_info"],"Index Cond":"((l2.ol_w_id = l1.ol_w_id) AND (l2.ol_d_id = l1.ol_d_id) AND (l2.ol_o_id = l1.ol_o_id))","Rows Removed by Index Recheck":0,"Filter":"((l2.ol_delivery_d >= '1992-01-02 20:10:02.27764'::timestamp without time zone) AND (l2.ol_delivery_d > l1.ol_delivery_d))","Rows Removed by Filter":11,"Shared Hit Blocks":1295847,"Shared Read Blocks":88070,"Shared Dirtied Blocks":0,"Shared Written Blocks":0,"Local Hit Blocks":0,"Local Read Blocks":0,"Local Dirtied Blocks":0,"Local Written Blocks":0,"Temp Read Blocks":0,"Temp Written Blocks":0,"I/O Read Time":369.767,"I/O Write Time":0.0,"Temp I/O Read Time":0.0,"Temp I/O Write Time":0.0}]}]}]}]},"Planning":{"Shared Hit Blocks":4,"Shared Read Blocks":0,"Shared Dirtied Blocks":0,"Shared Written Blocks":0,"Local Hit Blocks":0,"Local Read Blocks":0,"Local Dirtied Blocks":0,"Local Written Blocks":0,"Temp Read Blocks":0,"Temp Written Blocks":0,"I/O Read Time":0.0,"I/O Write Time":0.0,"Temp I/O Read Time":0.0,"Temp I/O Write Time":0.0},"Planning Time":1.869,"Triggers":[],"Execution Time":23923.1}]
[列存组合]: nation
[{"Plan":{"Node Type":"Sort","Parallel Aware":false,"Async Capable":false,"Startup Cost":4119195.73,"Total Cost":4119220.73,"Plan Rows":10000,"Plan Width":27,"Actual Startup Time":23401.201,"Actual Total Time":23401.218,"Actual Rows":156,"Actual Loops":1,"Output":["supplier.su_name","(count(*))"],"Sort Key":["(count(*)) DESC","supplier.su_name"],"Sort Method":"quicksort","Sort Space Used":35,"Sort Space Type":"Memory","Shared Hit Blocks":1774416,"Shared Read Blocks":0,"Shared Dirtied Blocks":0,"Shared Written Blocks":0,"Local Hit Blocks":0,"Local Read Blocks":0,"Local Dirtied Blocks":0,"Local Written Blocks":0,"Temp Read Blocks":163494,"Temp Written Blocks":163499,"I/O Read Time":0.0,"I/O Write Time":0.0,"Temp I/O Read Time":266.157,"Temp I/O Write Time":741.677,"Plans":[{"Node Type":"Aggregate","Strategy":"Sorted","Partial Mode":"Simple","Parent Relationship":"Outer","Parallel Aware":false,"Async Capable":false,"Startup Cost":4117861.4,"Total Cost":4118531.35,"Plan Rows":10000,"Plan Width":27,"Actual Startup Time":23350.344,"Actual Total Time":23401.163,"Actual Rows":156,"Actual Loops":1,"Output":["supplier.su_name","count(*)"],"Group Key":["supplier.su_name"],"Shared Hit Blocks":1774416,"Shared Read Blocks":0,"Shared Dirtied Blocks":0,"Shared Written Blocks":0,"Local Hit Blocks":0,"Local Read Blocks":0,"Local Dirtied Blocks":0,"Local Written Blocks":0,"Temp Read Blocks":163494,"Temp Written Blocks":163499,"I/O Read Time":0.0,"I/O Write Time":0.0,"Temp I/O Read Time":266.157,"Temp I/O Write Time":741.677,"Plans":[{"Node Type":"Sort","Parent Relationship":"Outer","Parallel Aware":false,"Async Capable":false,"Startup Cost":4117861.4,"Total Cost":4118051.38,"Plan Rows":75993,"Plan Width":19,"Actual Startup Time":23350.166,"Actual Total Time":23376.914,"Actual Rows":267482,"Actual Loops":1,"Output":["supplier.su_name"],"Sort Key":["supplier.su_name"],"Sort Method":"external merge","Sort Space Used":7624,"Sort Space Type":"Disk","Shared Hit Blocks":1774416,"Shared Read Blocks":0,"Shared Dirtied Blocks":0,"Shared Written Blocks":0,"Local Hit Blocks":0,"Local Read Blocks":0,"Local Dirtied Blocks":0,"Local Written Blocks":0,"Temp Read Blocks":163494,"Temp Written Blocks":163499,"I/O Read Time":0.0,"I/O Write Time":0.0,"Temp I/O Read Time":266.157,"Temp I/O Write Time":741.677,"Plans":[{"Node Type":"Nested Loop","Parent Relationship":"Outer","Parallel Aware":false,"Async Capable":false,"Join Type":"Anti","Startup Cost":578796.72,"Total Cost":4111700.81,"Plan Rows":75993,"Plan Width":19,"Actual Startup Time":2965.409,"Actual Total Time":23203.927,"Actual Rows":267482,"Actual Loops":1,"Output":["supplier.su_name"],"Inner Unique":false,"Shared Hit Blocks":1774416,"Shared Read Blocks":0,"Shared Dirtied Blocks":0,"Shared Written Blocks":0,"Local Hit Blocks":0,"Local Read Blocks":0,"Local Dirtied Blocks":0,"Local Written Blocks":0,"Temp Read Blocks":162541,"Temp Written Blocks":162541,"I/O Read Time":0.0,"I/O Write Time":0.0,"Temp I/O Read Time":264.702,"Temp I/O Write Time":738.027,"Plans":[{"Node Type":"Hash Join","Parent Relationship":"Outer","Parallel Aware":false,"Async Capable":false,"Join Type":"Inner","Startup Cost":578796.16,"Total Cost":1835607.85,"Plan Rows":113989,"Plan Width":39,"Actual Startup Time":2965.378,"Actual Total Time":21314.289,"Actual Rows":267482,"Actual Loops":1,"Output":["supplier.su_name","l1.ol_o_id","l1.ol_w_id","l1.ol_d_id","l1.ol_delivery_d"],"Inner Unique":true,"Hash Cond":"((l1.ol_o_id = orders.o_id) AND (l1.ol_w_id = orders.o_w_id) AND (l1.ol_d_id = orders.o_d_id))","Join Filter":"(l1.ol_delivery_d > orders.o_entry_d)","Rows Removed by Join Filter":0,"Shared Hit Blocks":390499,"Shared Read Blocks":0,"Shared Dirtied Blocks":0,"Shared Written Blocks":0,"Local Hit Blocks":0,"Local Read Blocks":0,"Local Dirtied Blocks":0,"Local Written Blocks":0,"Temp Read Blocks":162541,"Temp Written Blocks":162541,"I/O Read Time":0.0,"I/O Write Time":0.0,"Temp I/O Read Time":264.702,"Temp I/O Write Time":738.027,"Plans":[{"Node Type":"Hash Join","Parent Relationship":"Outer","Parallel Aware":false,"Async Capable":false,"Join Type":"Inner","Startup Cost":449201.08,"Total Cost":1679734.14,"Plan Rows":342176,"Plan Width":41,"Actual Startup Time":2079.681,"Actual Total Time":20068.428,"Actual Rows":267756,"Actual Loops":1,"Output":["supplier.su_name","stock.s_w_id","l1.ol_o_id","l1.ol_w_id","l1.ol_d_id","l1.ol_delivery_d"],"Inner Unique":true,"Hash Cond":"(supplier.su_nationkey = nation.n_nationkey)","Shared Hit Blocks":368440,"Shared Read Blocks":0,"Shared Dirtied Blocks":0,"Shared Written Blocks":0,"Local Hit Blocks":0,"Local Read Blocks":0,"Local Dirtied Blocks":0,"Local Written Blocks":0,"Temp Read Blocks":144757,"Temp Written Blocks":144757,"I/O Read Time":0.0,"I/O Write Time":0.0,"Temp I/O Read Time":234.557,"Temp I/O Write Time":657.514,"Plans":[{"Node Type":"Hash Join","Parent Relationship":"Outer","Parallel Aware":false,"Async Capable":false,"Join Type":"Inner","Startup Cost":449199.29,"Total Cost":1620236.44,"Plan Rows":21214932,"Plan Width":45,"Actual Startup Time":2079.549,"Actual Total Time":18657.814,"Actual Rows":21002151,"Actual Loops":1,"Output":["supplier.su_name","supplier.su_nationkey","stock.s_w_id","l1.ol_o_id","l1.ol_w_id","l1.ol_d_id","l1.ol_delivery_d"],"Inner Unique":true,"Hash Cond":"(mod((stock.s_w_id * stock.s_i_id), 10000) = supplier.su_suppkey)","Shared Hit Blocks":368439,"Shared Read Blocks":0,"Shared Dirtied Blocks":0,"Shared Written Blocks":0,"Local Hit Blocks":0,"Local Read Blocks":0,"Local Dirtied Blocks":0,"Local Written Blocks":0,"Temp Read Blocks":144757,"Temp Written Blocks":144757,"I/O Read Time":0.0,"I/O Write Time":0.0,"Temp I/O Read Time":234.557,"Temp I/O Write Time":657.514,"Plans":[{"Node Type":"Hash Join","Parent Relationship":"Outer","Parallel Aware":false,"Async Capable":false,"Join Type":"Inner","Startup Cost":448757.29,"Total Cost":1558773.15,"Plan Rows":21214932,"Plan Width":26,"Actual Startup Time":2076.96,"Actual Total Time":14225.709,"Actual Rows":21002151,"Actual Loops":1,"Output":["l1.ol_o_id","l1.ol_w_id","l1.ol_d_id","l1.ol_delivery_d","stock.s_w_id","stock.s_i_id"],"Inner Unique":true,"Hash Cond":"((l1.ol_w_id = stock.s_w_id) AND (l1.ol_i_id = stock.s_i_id))","Shared Hit Blocks":368222,"Shared Read Blocks":0,"Shared Dirtied Blocks":0,"Shared Written Blocks":0,"Local Hit Blocks":0,"Local Read Blocks":0,"Local Dirtied Blocks":0,"Local Written Blocks":0,"Temp Read Blocks":144757,"Temp Written Blocks":144757,"I/O Read Time":0.0,"I/O Write Time":0.0,"Temp I/O Read Time":234.557,"Temp I/O Write Time":657.514,"Plans":[{"Node Type":"Seq Scan","Parent Relationship":"Outer","Parallel Aware":false,"Async Capable":false,"Relation Name":"order_line","Schema":"public","Alias":"l1","Startup Cost":0.0,"Total Cost":715856.4,"Plan Rows":20926367,"Plan Width":24,"Actual Startup Time":0.008,"Actual Total Time":3360.844,"Actual Rows":21002151,"Actual Loops":1,"Output":["l1.ol_o_id","l1.ol_w_id","l1.ol_d_id","l1.ol_i_id","l1.ol_delivery_d"],"Filter":"(l1.ol_delivery_d >= '1992-01-02 20:10:02.27764'::timestamp without time zone)","Rows Removed by Filter":8995581,"Shared Hit Blocks":340884,"Shared Read Blocks":0,"Shared Dirtied Blocks":0,"Shared Written Blocks":0,"Local Hit Blocks":0,"Local Read Blocks":0,"Local Dirtied Blocks":0,"Local Written Blocks":0,"Temp Read Blocks":0,"Temp Written Blocks":0,"I/O Read Time":0.0,"I/O Write Time":0.0,"Temp I/O Read Time":0.0,"Temp I/O Write Time":0.0},{"Node Type":"Hash","Parent Relationship":"Inner","Parallel Aware":false,"Async Capable":false,"Startup Cost":259690.86,"Total Cost":259690.86,"Plan Rows":10000162,"Plan Width":6,"Actual Startup Time":2075.613,"Actual Total Time":2075.614,"Actual Rows":10000000,"Actual Loops":1,"Output":["stock.s_w_id","stock.s_i_id"],"Hash Buckets":262144,"Original Hash Buckets":262144,"Hash Batches":64,"Original Hash Batches":64,"Peak Memory Usage":8133,"Shared Hit Blocks":27338,"Shared Read Blocks":0,"Shared Dirtied Blocks":0,"Shared Written Blocks":0,"Local Hit Blocks":0,"Local Read Blocks":0,"Local Dirtied Blocks":0,"Local Written Blocks":0,"Temp Read Blocks":0,"Temp Written Blocks":33616,"I/O Read Time":0.0,"I/O Write Time":0.0,"Temp I/O Read Time":0.0,"Temp I/O Write Time":150.687,"Plans":[{"Node Type":"Index Only Scan","Parent Relationship":"Outer","Parallel Aware":false,"Async Capable":false,"Scan Direction":"Forward","Index Name":"stock_pk","Relation Name":"stock","Schema":"public","Alias":"stock","Startup Cost":0.43,"Total Cost":259690.86,"Plan Rows":10000162,"Plan Width":6,"Actual Startup Time":0.023,"Actual Total Time":718.058,"Actual Rows":10000000,"Actual Loops":1,"Output":["stock.s_w_id","stock.s_i_id"],"Heap Fetches":0,"Shared Hit Blocks":27338,"Shared Read Blocks":0,"Shared Dirtied Blocks":0,"Shared Written Blocks":0,"Local Hit Blocks":0,"Local Read Blocks":0,"Local Dirtied Blocks":0,"Local Written Blocks":0,"Temp Read Blocks":0,"Temp Written Blocks":0,"I/O Read Time":0.0,"I/O Write Time":0.0,"Temp I/O Read Time":0.0,"Temp I/O Write Time":0.0}]}]},{"Node Type":"Hash","Parent Relationship":"Inner","Parallel Aware":false,"Async Capable":false,"Startup Cost":317.0,"Total Cost":317.0,"Plan Rows":10000,"Plan Width":27,"Actual Startup Time":2.54,"Actual Total Time":2.54,"Actual Rows":10000,"Actual Loops":1,"Output":["supplier.su_name","supplier.su_suppkey","supplier.su_nationkey"],"Hash Buckets":16384,"Original Hash Buckets":16384,"Hash Batches":1,"Original Hash Batches":1,"Peak Memory Usage":714,"Shared Hit Blocks":217,"Shared Read Blocks":0,"Shared Dirtied Blocks":0,"Shared Written Blocks":0,"Local Hit Blocks":0,"Local Read Blocks":0,"Local Dirtied Blocks":0,"Local Written Blocks":0,"Temp Read Blocks":0,"Temp Written Blocks":0,"I/O Read Time":0.0,"I/O Write Time":0.0,"Temp I/O Read Time":0.0,"Temp I/O Write Time":0.0,"Plans":[{"Node Type":"Seq Scan","Parent Relationship":"Outer","Parallel Aware":false,"Async Capable":false,"Relation Name":"supplier","Schema":"public","Alias":"supplier","Startup Cost":0.0,"Total Cost":317.0,"Plan Rows":10000,"Plan Width":27,"Actual Startup Time":0.006,"Actual Total Time":1.24,"Actual Rows":10000,"Actual Loops":1,"Output":["supplier.su_name","supplier.su_suppkey","supplier.su_nationkey"],"Shared Hit Blocks":217,"Shared Read Blocks":0,"Shared Dirtied Blocks":0,"Shared Written Blocks":0,"Local Hit Blocks":0,"Local Read Blocks":0,"Local Dirtied Blocks":0,"Local Written Blocks":0,"Temp Read Blocks":0,"Temp Written Blocks":0,"I/O Read Time":0.0,"I/O Write Time":0.0,"Temp I/O Read Time":0.0,"Temp I/O Write Time":0.0}]}]},{"Node Type":"Hash","Parent Relationship":"Inner","Parallel Aware":false,"Async Capable":false,"Startup Cost":1.77,"Total Cost":1.77,"Plan Rows":1,"Plan Width":4,"Actual Startup Time":0.017,"Actual Total Time":0.017,"Actual Rows":1,"Actual Loops":1,"Output":["nation.n_nationkey"],"Hash Buckets":1024,"Original Hash Buckets":1024,"Hash Batches":1,"Original Hash Batches":1,"Peak Memory Usage":9,"Shared Hit Blocks":1,"Shared Read Blocks":0,"Shared Dirtied Blocks":0,"Shared Written Blocks":0,"Local Hit Blocks":0,"Local Read Blocks":0,"Local Dirtied Blocks":0,"Local Written Blocks":0,"Temp Read Blocks":0,"Temp Written Blocks":0,"I/O Read Time":0.0,"I/O Write Time":0.0,"Temp I/O Read Time":0.0,"Temp I/O Write Time":0.0,"Plans":[{"Node Type":"Seq Scan","Parent Relationship":"Outer","Parallel Aware":false,"Async Capable":false,"Relation Name":"nation","Schema":"public","Alias":"nation","Startup Cost":0.0,"Total Cost":1.77,"Plan Rows":1,"Plan Width":4,"Actual Startup Time":0.013,"Actual Total Time":0.016,"Actual Rows":1,"Actual Loops":1,"Output":["nation.n_nationkey"],"Filter":"((nation.n_name)::text = 'Cambodia'::text)","Rows Removed by Filter":61,"Shared Hit Blocks":1,"Shared Read Blocks":0,"Shared Dirtied Blocks":0,"Shared Written Blocks":0,"Local Hit Blocks":0,"Local Read Blocks":0,"Local Dirtied Blocks":0,"Local Written Blocks":0,"Temp Read Blocks":0,"Temp Written Blocks":0,"I/O Read Time":0.0,"I/O Write Time":0.0,"Temp I/O Read Time":0.0,"Temp I/O Write Time":0.0}]}]},{"Node Type":"Hash","Parent Relationship":"Inner","Parallel Aware":false,"Async Capable":false,"Startup Cost":59559.0,"Total Cost":59559.0,"Plan Rows":2998176,"Plan Width":20,"Actual Startup Time":867.487,"Actual Total Time":867.488,"Actual Rows":2997892,"Actual Loops":1,"Output":["orders.o_id","orders.o_w_id","orders.o_d_id","orders.o_entry_d"],"Hash Buckets":131072,"Original Hash Buckets":131072,"Hash Batches":32,"Original Hash Batches":32,"Peak Memory Usage":6158,"Shared Hit Blocks":22059,"Shared Read Blocks":0,"Shared Dirtied Blocks":0,"Shared Written Blocks":0,"Local Hit Blocks":0,"Local Read Blocks":0,"Local Dirtied Blocks":0,"Local Written Blocks":0,"Temp Read Blocks":0,"Temp Written Blocks":15583,"I/O Read Time":0.0,"I/O Write Time":0.0,"Temp I/O Read Time":0.0,"Temp I/O Write Time":66.215,"Plans":[{"Node Type":"Seq Scan","Parent Relationship":"Outer","Parallel Aware":false,"Async Capable":false,"Relation Name":"orders","Schema":"public","Alias":"orders","Startup Cost":0.0,"Total Cost":59559.0,"Plan Rows":2998176,"Plan Width":20,"Actual Startup Time":0.013,"Actual Total Time":354.965,"Actual Rows":2997892,"Actual Loops":1,"Output":["orders.o_id","orders.o_w_id","orders.o_d_id","orders.o_entry_d"],"Filter":"(orders.o_entry_d >= '1992-01-02 20:10:02.27764'::timestamp without time zone)","Rows Removed by Filter":2108,"Shared Hit Blocks":22059,"Shared Read Blocks":0,"Shared Dirtied Blocks":0,"Shared Written Blocks":0,"Local Hit Blocks":0,"Local Read Blocks":0,"Local Dirtied Blocks":0,"Local Written Blocks":0,"Temp Read Blocks":0,"Temp Written Blocks":0,"I/O Read Time":0.0,"I/O Write Time":0.0,"Temp I/O Read Time":0.0,"Temp I/O Write Time":0.0}]}]},{"Node Type":"Index Scan","Parent Relationship":"Inner","Parallel Aware":false,"Async Capable":false,"Scan Direction":"Forward","Index Name":"order_line_pk","Relation Name":"order_line","Schema":"public","Alias":"l2","Startup Cost":0.56,"Total Cost":26.51,"Plan Rows":2,"Plan Width":20,"Actual Startup Time":0.007,"Actual Total Time":0.007,"Actual Rows":0,"Actual Loops":267482,"Output":["l2.ol_o_id","l2.ol_d_id","l2.ol_w_id","l2.ol_number","l2.ol_i_id","l2.ol_supply_w_id","l2.ol_delivery_d","l2.ol_quantity","l2.ol_amount","l2.ol_dist_info"],"Index Cond":"((l2.ol_w_id = l1.ol_w_id) AND (l2.ol_d_id = l1.ol_d_id) AND (l2.ol_o_id = l1.ol_o_id))","Rows Removed by Index Recheck":0,"Filter":"((l2.ol_delivery_d >= '1992-01-02 20:10:02.27764'::timestamp without time zone) AND (l2.ol_delivery_d > l1.ol_delivery_d))","Rows Removed by Filter":11,"Shared Hit Blocks":1383917,"Shared Read Blocks":0,"Shared Dirtied Blocks":0,"Shared Written Blocks":0,"Local Hit Blocks":0,"Local Read Blocks":0,"Local Dirtied Blocks":0,"Local Written Blocks":0,"Temp Read Blocks":0,"Temp Written Blocks":0,"I/O Read Time":0.0,"I/O Write Time":0.0,"Temp I/O Read Time":0.0,"Temp I/O Write Time":0.0}]}]}]}]},"Planning":{"Shared Hit Blocks":4,"Shared Read Blocks":0,"Shared Dirtied Blocks":0,"Shared Written Blocks":0,"Local Hit Blocks":0,"Local Read Blocks":0,"Local Dirtied Blocks":0,"Local Written Blocks":0,"Temp Read Blocks":0,"Temp Written Blocks":0,"I/O Read Time":0.0,"I/O Write Time":0.0,"Temp I/O Read Time":0.0,"Temp I/O Write Time":0.0},"Planning Time":1.231,"Triggers":[],"Execution Time":23402.615}]
[列存组合]: order_line
[{"Plan":{"Node Type":"Sort","Parallel Aware":false,"Async Capable":false,"Startup Cost":4105159.33,"Total Cost":4105184.33,"Plan Rows":10000,"Plan Width":27,"Actual Startup Time":31781.85,"Actual Total Time":31781.871,"Actual Rows":156,"Actual Loops":1,"Output":["supplier.su_name","(count(*))"],"Sort Key":["(count(*)) DESC","supplier.su_name"],"Sort Method":"quicksort","Sort Space Used":35,"Sort Space Type":"Memory","Shared Hit Blocks":1433532,"Shared Read Blocks":0,"Shared Dirtied Blocks":0,"Shared Written Blocks":0,"Local Hit Blocks":0,"Local Read Blocks":0,"Local Dirtied Blocks":0,"Local Written Blocks":0,"Temp Read Blocks":173473,"Temp Written Blocks":173478,"I/O Read Time":0.0,"I/O Write Time":0.0,"Temp I/O Read Time":287.5,"Temp I/O Write Time":809.566,"Plans":[{"Node Type":"Aggregate","Strategy":"Sorted","Partial Mode":"Simple","Parent Relationship":"Outer","Parallel Aware":false,"Async Capable":false,"Startup Cost":4103825.0,"Total Cost":4104494.95,"Plan Rows":10000,"Plan Width":27,"Actual Startup Time":31731.013,"Actual Total Time":31781.814,"Actual Rows":156,"Actual Loops":1,"Output":["supplier.su_name","count(*)"],"Group Key":["supplier.su_name"],"Shared Hit Blocks":1433532,"Shared Read Blocks":0,"Shared Dirtied Blocks":0,"Shared Written Blocks":0,"Local Hit Blocks":0,"Local Read Blocks":0,"Local Dirtied Blocks":0,"Local Written Blocks":0,"Temp Read Blocks":173473,"Temp Written Blocks":173478,"I/O Read Time":0.0,"I/O Write Time":0.0,"Temp I/O Read Time":287.5,"Temp I/O Write Time":809.566,"Plans":[{"Node Type":"Sort","Parent Relationship":"Outer","Parallel Aware":false,"Async Capable":false,"Startup Cost":4103825.0,"Total Cost":4104014.98,"Plan Rows":75993,"Plan Width":19,"Actual Startup Time":31730.836,"Actual Total Time":31757.556,"Actual Rows":267482,"Actual Loops":1,"Output":["supplier.su_name"],"Sort Key":["supplier.su_name"],"Sort Method":"external merge","Sort Space Used":7624,"Sort Space Type":"Disk","Shared Hit Blocks":1433532,"Shared Read Blocks":0,"Shared Dirtied Blocks":0,"Shared Written Blocks":0,"Local Hit Blocks":0,"Local Read Blocks":0,"Local Dirtied Blocks":0,"Local Written Blocks":0,"Temp Read Blocks":173473,"Temp Written Blocks":173478,"I/O Read Time":0.0,"I/O Write Time":0.0,"Temp I/O Read Time":287.5,"Temp I/O Write Time":809.566,"Plans":[{"Node Type":"Nested Loop","Parent Relationship":"Outer","Parallel Aware":false,"Async Capable":false,"Join Type":"Anti","Startup Cost":578816.72,"Total Cost":4097664.41,"Plan Rows":75993,"Plan Width":19,"Actual Startup Time":3257.931,"Actual Total Time":31584.299,"Actual Rows":267482,"Actual Loops":1,"Output":["supplier.su_name"],"Inner Unique":false,"Shared Hit Blocks":1433532,"Shared Read Blocks":0,"Shared Dirtied Blocks":0,"Shared Written Blocks":0,"Local Hit Blocks":0,"Local Read Blocks":0,"Local Dirtied Blocks":0,"Local Written Blocks":0,"Temp Read Blocks":172520,"Temp Written Blocks":172520,"I/O Read Time":0.0,"I/O Write Time":0.0,"Temp I/O Read Time":286.038,"Temp I/O Write Time":805.886,"Plans":[{"Node Type":"Hash Join","Parent Relationship":"Outer","Parallel Aware":false,"Async Capable":false,"Join Type":"Inner","Startup Cost":578816.16,"Total Cost":1821571.45,"Plan Rows":113989,"Plan Width":39,"Actual Startup Time":3257.893,"Actual Total Time":29674.225,"Actual Rows":267482,"Actual Loops":1,"Output":["supplier.su_name","l1.ol_o_id","l1.ol_w_id","l1.ol_d_id","l1.ol_delivery_d"],"Inner Unique":true,"Hash Cond":"((l1.ol_o_id = orders.o_id) AND (l1.ol_w_id = orders.o_w_id) AND (l1.ol_d_id = orders.o_d_id))","Join Filter":"(l1.ol_delivery_d > orders.o_entry_d)","Rows Removed by Join Filter":0,"Shared Hit Blocks":49615,"Shared Read Blocks":0,"Shared Dirtied Blocks":0,"Shared Written Blocks":0,"Local Hit Blocks":0,"Local Read Blocks":0,"Local Dirtied Blocks":0,"Local Written Blocks":0,"Temp Read Blocks":172520,"Temp Written Blocks":172520,"I/O Read Time":0.0,"I/O Write Time":0.0,"Temp I/O Read Time":286.038,"Temp I/O Write Time":805.886,"Plans":[{"Node Type":"Hash Join","Parent Relationship":"Outer","Parallel Aware":false,"Async Capable":false,"Join Type":"Inner","Startup Cost":449221.08,"Total Cost":1665697.74,"Plan Rows":342176,"Plan Width":41,"Actual Startup Time":2084.634,"Actual Total Time":28128.926,"Actual Rows":267496,"Actual Loops":1,"Output":["supplier.su_name","stock.s_w_id","l1.ol_o_id","l1.ol_w_id","l1.ol_d_id","l1.ol_delivery_d"],"Inner Unique":true,"Hash Cond":"(supplier.su_nationkey = nation.n_nationkey)","Shared Hit Blocks":27556,"Shared Read Blocks":0,"Shared Dirtied Blocks":0,"Shared Written Blocks":0,"Local Hit Blocks":0,"Local Read Blocks":0,"Local Dirtied Blocks":0,"Local Written Blocks":0,"Temp Read Blocks":154737,"Temp Written Blocks":154737,"I/O Read Time":0.0,"I/O Write Time":0.0,"Temp I/O Read Time":255.365,"Temp I/O Write Time":714.766,"Plans":[{"Node Type":"Hash Join","Parent Relationship":"Outer","Parallel Aware":false,"Async Capable":false,"Join Type":"Inner","Startup Cost":449219.29,"Total Cost":1606200.04,"Plan Rows":21214932,"Plan Width":45,"Actual Startup Time":2078.546,"Actual Total Time":26621.05,"Actual Rows":20982320,"Actual Loops":1,"Output":["supplier.su_name","supplier.su_nationkey","stock.s_w_id","l1.ol_o_id","l1.ol_w_id","l1.ol_d_id","l1.ol_delivery_d"],"Inner Unique":true,"Hash Cond":"(mod((stock.s_w_id * stock.s_i_id), 10000) = supplier.su_suppkey)","Shared Hit Blocks":27555,"Shared Read Blocks":0,"Shared Dirtied Blocks":0,"Shared Written Blocks":0,"Local Hit Blocks":0,"Local Read Blocks":0,"Local Dirtied Blocks":0,"Local Written Blocks":0,"Temp Read Blocks":154737,"Temp Written Blocks":154737,"I/O Read Time":0.0,"I/O Write Time":0.0,"Temp I/O Read Time":255.365,"Temp I/O Write Time":714.766,"Plans":[{"Node Type":"Hash Join","Parent Relationship":"Outer","Parallel Aware":false,"Async Capable":false,"Join Type":"Inner","Startup Cost":448777.29,"Total Cost":1544736.75,"Plan Rows":21214932,"Plan Width":26,"Actual Startup Time":2075.789,"Actual Total Time":21934.91,"Actual Rows":20982320,"Actual Loops":1,"Output":["l1.ol_o_id","l1.ol_w_id","l1.ol_d_id","l1.ol_delivery_d","stock.s_w_id","stock.s_i_id"],"Inner Unique":true,"Hash Cond":"((l1.ol_w_id = stock.s_w_id) AND (l1.ol_i_id = stock.s_i_id))","Shared Hit Blocks":27338,"Shared Read Blocks":0,"Shared Dirtied Blocks":0,"Shared Written Blocks":0,"Local Hit Blocks":0,"Local Read Blocks":0,"Local Dirtied Blocks":0,"Local Written Blocks":0,"Temp Read Blocks":154737,"Temp Written Blocks":154737,"I/O Read Time":0.0,"I/O Write Time":0.0,"Temp I/O Read Time":255.365,"Temp I/O Write Time":714.766,"Plans":[{"Node Type":"Append","Parent Relationship":"Outer","Parallel Aware":false,"Async Capable":false,"Startup Cost":20.0,"Total Cost":701820.0,"Plan Rows":20926367,"Plan Width":24,"Actual Startup Time":1.186,"Actual Total Time":3898.063,"Actual Rows":20982320,"Actual Loops":1,"Shared Hit Blocks":0,"Shared Read Blocks":0,"Shared Dirtied Blocks":0,"Shared Written Blocks":0,"Local Hit Blocks":0,"Local Read Blocks":0,"Local Dirtied Blocks":0,"Local Written Blocks":0,"Temp Read Blocks":0,"Temp Written Blocks":0,"I/O Read Time":0.0,"I/O Write Time":0.0,"Temp I/O Read Time":0.0,"Temp I/O Write Time":0.0,"Subplans Removed":0,"Plans":[{"Node Type":"Custom Scan","Parent Relationship":"Member","Custom Plan Provider":"columnar scan","Parallel Aware":false,"Async Capable":false,"Relation Name":"order_line","Schema":"public","Alias":"l1","Startup Cost":20.0,"Total Cost":533641.75,"Plan Rows":20926325,"Plan Width":24,"Actual Startup Time":1.185,"Actual Total Time":2456.751,"Actual Rows":20982320,"Actual Loops":1,"Output":["l1.ol_o_id","l1.ol_w_id","l1.ol_d_id","l1.ol_i_id","l1.ol_delivery_d"],"Filter":"(l1.ol_delivery_d >= '1992-01-02 20:10:02.27764'::timestamp without time zone)","Rows Removed by Filter":0,"Rows Removed by Columnar Filter":9015412,"Rows Filtered by Bloom Filter":0,"Dictionary Rows Filtered by Bloom Filter":19831,"Columnar projection mode":"late materialization","Columnar cache search mode":"native","Shared Hit Blocks":0,"Shared Read Blocks":0,"Shared Dirtied Blocks":0,"Shared Written Blocks":0,"Local Hit Blocks":0,"Local Read Blocks":0,"Local Dirtied Blocks":0,"Local Written Blocks":0,"Temp Read Blocks":0,"Temp Written Blocks":0,"I/O Read Time":0.0,"I/O Write Time":0.0,"Temp I/O Read Time":0.0,"Temp I/O Write Time":0.0},{"Node Type":"Seq Scan","Parent Relationship":"Member","Parallel Aware":false,"Async Capable":false,"Relation Name":"order_line","Schema":"public","Alias":"l1","Startup Cost":0.0,"Total Cost":4.75,"Plan Rows":42,"Plan Width":24,"Actual Startup Time":0.0,"Actual Total Time":0.0,"Actual Rows":0,"Actual Loops":0,"Output":["l1.ol_o_id","l1.ol_w_id","l1.ol_d_id","l1.ol_i_id","l1.ol_delivery_d"],"Filter":"(l1.ol_delivery_d >= '1992-01-02 20:10:02.27764'::timestamp without time zone)","Rows Removed by Filter":0,"Shared Hit Blocks":0,"Shared Read Blocks":0,"Shared Dirtied Blocks":0,"Shared Written Blocks":0,"Local Hit Blocks":0,"Local Read Blocks":0,"Local Dirtied Blocks":0,"Local Written Blocks":0,"Temp Read Blocks":0,"Temp Written Blocks":0,"I/O Read Time":0.0,"I/O Write Time":0.0,"Temp I/O Read Time":0.0,"Temp I/O Write Time":0.0}]},{"Node Type":"Hash","Parent Relationship":"Inner","Parallel Aware":false,"Async Capable":false,"Startup Cost":259690.86,"Total Cost":259690.86,"Plan Rows":10000162,"Plan Width":6,"Actual Startup Time":2073.111,"Actual Total Time":2073.112,"Actual Rows":10000000,"Actual Loops":1,"Output":["stock.s_w_id","stock.s_i_id"],"Hash Buckets":262144,"Original Hash Buckets":262144,"Hash Batches":64,"Original Hash Batches":64,"Peak Memory Usage":8133,"Shared Hit Blocks":27338,"Shared Read Blocks":0,"Shared Dirtied Blocks":0,"Shared Written Blocks":0,"Local Hit Blocks":0,"Local Read Blocks":0,"Local Dirtied Blocks":0,"Local Written Blocks":0,"Temp Read Blocks":0,"Temp Written Blocks":33616,"I/O Read Time":0.0,"I/O Write Time":0.0,"Temp I/O Read Time":0.0,"Temp I/O Write Time":152.648,"Plans":[{"Node Type":"Index Only Scan","Parent Relationship":"Outer","Parallel Aware":false,"Async Capable":false,"Scan Direction":"Forward","Index Name":"stock_pk","Relation Name":"stock","Schema":"public","Alias":"stock","Startup Cost":0.43,"Total Cost":259690.86,"Plan Rows":10000162,"Plan Width":6,"Actual Startup Time":0.026,"Actual Total Time":719.098,"Actual Rows":10000000,"Actual Loops":1,"Output":["stock.s_w_id","stock.s_i_id"],"Heap Fetches":0,"Shared Hit Blocks":27338,"Shared Read Blocks":0,"Shared Dirtied Blocks":0,"Shared Written Blocks":0,"Local Hit Blocks":0,"Local Read Blocks":0,"Local Dirtied Blocks":0,"Local Written Blocks":0,"Temp Read Blocks":0,"Temp Written Blocks":0,"I/O Read Time":0.0,"I/O Write Time":0.0,"Temp I/O Read Time":0.0,"Temp I/O Write Time":0.0}]}]},{"Node Type":"Hash","Parent Relationship":"Inner","Parallel Aware":false,"Async Capable":false,"Startup Cost":317.0,"Total Cost":317.0,"Plan Rows":10000,"Plan Width":27,"Actual Startup Time":2.707,"Actual Total Time":2.708,"Actual Rows":10000,"Actual Loops":1,"Output":["supplier.su_name","supplier.su_suppkey","supplier.su_nationkey"],"Hash Buckets":16384,"Original Hash Buckets":16384,"Hash Batches":1,"Original Hash Batches":1,"Peak Memory Usage":714,"Shared Hit Blocks":217,"Shared Read Blocks":0,"Shared Dirtied Blocks":0,"Shared Written Blocks":0,"Local Hit Blocks":0,"Local Read Blocks":0,"Local Dirtied Blocks":0,"Local Written Blocks":0,"Temp Read Blocks":0,"Temp Written Blocks":0,"I/O Read Time":0.0,"I/O Write Time":0.0,"Temp I/O Read Time":0.0,"Temp I/O Write Time":0.0,"Plans":[{"Node Type":"Seq Scan","Parent Relationship":"Outer","Parallel Aware":false,"Async Capable":false,"Relation Name":"supplier","Schema":"public","Alias":"supplier","Startup Cost":0.0,"Total Cost":317.0,"Plan Rows":10000,"Plan Width":27,"Actual Startup Time":0.005,"Actual Total Time":1.286,"Actual Rows":10000,"Actual Loops":1,"Output":["supplier.su_name","supplier.su_suppkey","supplier.su_nationkey"],"Shared Hit Blocks":217,"Shared Read Blocks":0,"Shared Dirtied Blocks":0,"Shared Written Blocks":0,"Local Hit Blocks":0,"Local Read Blocks":0,"Local Dirtied Blocks":0,"Local Written Blocks":0,"Temp Read Blocks":0,"Temp Written Blocks":0,"I/O Read Time":0.0,"I/O Write Time":0.0,"Temp I/O Read Time":0.0,"Temp I/O Write Time":0.0}]}]},{"Node Type":"Hash","Parent Relationship":"Inner","Parallel Aware":false,"Async Capable":false,"Startup Cost":1.77,"Total Cost":1.77,"Plan Rows":1,"Plan Width":4,"Actual Startup Time":0.019,"Actual Total Time":0.019,"Actual Rows":1,"Actual Loops":1,"Output":["nation.n_nationkey"],"Hash Buckets":1024,"Original Hash Buckets":1024,"Hash Batches":1,"Original Hash Batches":1,"Peak Memory Usage":9,"Shared Hit Blocks":1,"Shared Read Blocks":0,"Shared Dirtied Blocks":0,"Shared Written Blocks":0,"Local Hit Blocks":0,"Local Read Blocks":0,"Local Dirtied Blocks":0,"Local Written Blocks":0,"Temp Read Blocks":0,"Temp Written Blocks":0,"I/O Read Time":0.0,"I/O Write Time":0.0,"Temp I/O Read Time":0.0,"Temp I/O Write Time":0.0,"Plans":[{"Node Type":"Seq Scan","Parent Relationship":"Outer","Parallel Aware":false,"Async Capable":false,"Relation Name":"nation","Schema":"public","Alias":"nation","Startup Cost":0.0,"Total Cost":1.77,"Plan Rows":1,"Plan Width":4,"Actual Startup Time":0.014,"Actual Total Time":0.017,"Actual Rows":1,"Actual Loops":1,"Output":["nation.n_nationkey"],"Filter":"((nation.n_name)::text = 'Cambodia'::text)","Rows Removed by Filter":61,"Shared Hit Blocks":1,"Shared Read Blocks":0,"Shared Dirtied Blocks":0,"Shared Written Blocks":0,"Local Hit Blocks":0,"Local Read Blocks":0,"Local Dirtied Blocks":0,"Local Written Blocks":0,"Temp Read Blocks":0,"Temp Written Blocks":0,"I/O Read Time":0.0,"I/O Write Time":0.0,"Temp I/O Read Time":0.0,"Temp I/O Write Time":0.0}]}]},{"Node Type":"Hash","Parent Relationship":"Inner","Parallel Aware":false,"Async Capable":false,"Startup Cost":59559.0,"Total Cost":59559.0,"Plan Rows":2998176,"Plan Width":20,"Actual Startup Time":1155.518,"Actual Total Time":1155.519,"Actual Rows":2997892,"Actual Loops":1,"Output":["orders.o_id","orders.o_w_id","orders.o_d_id","orders.o_entry_d"],"Hash Buckets":131072,"Original Hash Buckets":131072,"Hash Batches":32,"Original Hash Batches":32,"Peak Memory Usage":6158,"Shared Hit Blocks":22059,"Shared Read Blocks":0,"Shared Dirtied Blocks":0,"Shared Written Blocks":0,"Local Hit Blocks":0,"Local Read Blocks":0,"Local Dirtied Blocks":0,"Local Written Blocks":0,"Temp Read Blocks":0,"Temp Written Blocks":15583,"I/O Read Time":0.0,"I/O Write Time":0.0,"Temp I/O Read Time":0.0,"Temp I/O Write Time":74.618,"Plans":[{"Node Type":"Seq Scan","Parent Relationship":"Outer","Parallel Aware":false,"Async Capable":false,"Relation Name":"orders","Schema":"public","Alias":"orders","Startup Cost":0.0,"Total Cost":59559.0,"Plan Rows":2998176,"Plan Width":20,"Actual Startup Time":0.015,"Actual Total Time":412.688,"Actual Rows":2997892,"Actual Loops":1,"Output":["orders.o_id","orders.o_w_id","orders.o_d_id","orders.o_entry_d"],"Filter":"(orders.o_entry_d >= '1992-01-02 20:10:02.27764'::timestamp without time zone)","Rows Removed by Filter":2108,"Shared Hit Blocks":22059,"Shared Read Blocks":0,"Shared Dirtied Blocks":0,"Shared Written Blocks":0,"Local Hit Blocks":0,"Local Read Blocks":0,"Local Dirtied Blocks":0,"Local Written Blocks":0,"Temp Read Blocks":0,"Temp Written Blocks":0,"I/O Read Time":0.0,"I/O Write Time":0.0,"Temp I/O Read Time":0.0,"Temp I/O Write Time":0.0}]}]},{"Node Type":"Index Scan","Parent Relationship":"Inner","Parallel Aware":false,"Async Capable":false,"Scan Direction":"Forward","Index Name":"order_line_pk","Relation Name":"order_line","Schema":"public","Alias":"l2","Startup Cost":0.56,"Total Cost":26.51,"Plan Rows":2,"Plan Width":20,"Actual Startup Time":0.007,"Actual Total Time":0.007,"Actual Rows":0,"Actual Loops":267482,"Output":["l2.ol_o_id","l2.ol_d_id","l2.ol_w_id","l2.ol_number","l2.ol_i_id","l2.ol_supply_w_id","l2.ol_delivery_d","l2.ol_quantity","l2.ol_amount","l2.ol_dist_info"],"Index Cond":"((l2.ol_w_id = l1.ol_w_id) AND (l2.ol_d_id = l1.ol_d_id) AND (l2.ol_o_id = l1.ol_o_id))","Rows Removed by Index Recheck":0,"Filter":"((l2.ol_delivery_d >= '1992-01-02 20:10:02.27764'::timestamp without time zone) AND (l2.ol_delivery_d > l1.ol_delivery_d))","Rows Removed by Filter":11,"Shared Hit Blocks":1383917,"Shared Read Blocks":0,"Shared Dirtied Blocks":0,"Shared Written Blocks":0,"Local Hit Blocks":0,"Local Read Blocks":0,"Local Dirtied Blocks":0,"Local Written Blocks":0,"Temp Read Blocks":0,"Temp Written Blocks":0,"I/O Read Time":0.0,"I/O Write Time":0.0,"Temp I/O Read Time":0.0,"Temp I/O Write Time":0.0}]}]}]}]},"Planning":{"Shared Hit Blocks":4,"Shared Read Blocks":0,"Shared Dirtied Blocks":0,"Shared Written Blocks":0,"Local Hit Blocks":0,"Local Read Blocks":0,"Local Dirtied Blocks":0,"Local Written Blocks":0,"Temp Read Blocks":0,"Temp Written Blocks":0,"I/O Read Time":0.0,"I/O Write Time":0.0,"Temp I/O Read Time":0.0,"Temp I/O Write Time":0.0},"Planning Time":1.687,"Triggers":[],"Execution Time":31783.427}]
[列存组合]: orders
[{"Plan":{"Node Type":"Sort","Parallel Aware":false,"Async Capable":false,"Startup Cost":4119195.73,"Total Cost":4119220.73,"Plan Rows":10000,"Plan Width":27,"Actual Startup Time":23432.876,"Actual Total Time":23432.902,"Actual Rows":156,"Actual Loops":1,"Output":["supplier.su_name","(count(*))"],"Sort Key":["(count(*)) DESC","supplier.su_name"],"Sort Method":"quicksort","Sort Space Used":35,"Sort Space Type":"Memory","Shared Hit Blocks":1774416,"Shared Read Blocks":0,"Shared Dirtied Blocks":0,"Shared Written Blocks":0,"Local Hit Blocks":0,"Local Read Blocks":0,"Local Dirtied Blocks":0,"Local Written Blocks":0,"Temp Read Blocks":163494,"Temp Written Blocks":163499,"I/O Read Time":0.0,"I/O Write Time":0.0,"Temp I/O Read Time":264.422,"Temp I/O Write Time":744.308,"Plans":[{"Node Type":"Aggregate","Strategy":"Sorted","Partial Mode":"Simple","Parent Relationship":"Outer","Parallel Aware":false,"Async Capable":false,"Startup Cost":4117861.4,"Total Cost":4118531.35,"Plan Rows":10000,"Plan Width":27,"Actual Startup Time":23381.946,"Actual Total Time":23432.848,"Actual Rows":156,"Actual Loops":1,"Output":["supplier.su_name","count(*)"],"Group Key":["supplier.su_name"],"Shared Hit Blocks":1774416,"Shared Read Blocks":0,"Shared Dirtied Blocks":0,"Shared Written Blocks":0,"Local Hit Blocks":0,"Local Read Blocks":0,"Local Dirtied Blocks":0,"Local Written Blocks":0,"Temp Read Blocks":163494,"Temp Written Blocks":163499,"I/O Read Time":0.0,"I/O Write Time":0.0,"Temp I/O Read Time":264.422,"Temp I/O Write Time":744.308,"Plans":[{"Node Type":"Sort","Parent Relationship":"Outer","Parallel Aware":false,"Async Capable":false,"Startup Cost":4117861.4,"Total Cost":4118051.38,"Plan Rows":75993,"Plan Width":19,"Actual Startup Time":23381.768,"Actual Total Time":23408.59,"Actual Rows":267482,"Actual Loops":1,"Output":["supplier.su_name"],"Sort Key":["supplier.su_name"],"Sort Method":"external merge","Sort Space Used":7624,"Sort Space Type":"Disk","Shared Hit Blocks":1774416,"Shared Read Blocks":0,"Shared Dirtied Blocks":0,"Shared Written Blocks":0,"Local Hit Blocks":0,"Local Read Blocks":0,"Local Dirtied Blocks":0,"Local Written Blocks":0,"Temp Read Blocks":163494,"Temp Written Blocks":163499,"I/O Read Time":0.0,"I/O Write Time":0.0,"Temp I/O Read Time":264.422,"Temp I/O Write Time":744.308,"Plans":[{"Node Type":"Nested Loop","Parent Relationship":"Outer","Parallel Aware":false,"Async Capable":false,"Join Type":"Anti","Startup Cost":578796.72,"Total Cost":4111700.81,"Plan Rows":75993,"Plan Width":19,"Actual Startup Time":2970.25,"Actual Total Time":23234.28,"Actual Rows":267482,"Actual Loops":1,"Output":["supplier.su_name"],"Inner Unique":false,"Shared Hit Blocks":1774416,"Shared Read Blocks":0,"Shared Dirtied Blocks":0,"Shared Written Blocks":0,"Local Hit Blocks":0,"Local Read Blocks":0,"Local Dirtied Blocks":0,"Local Written Blocks":0,"Temp Read Blocks":162541,"Temp Written Blocks":162541,"I/O Read Time":0.0,"I/O Write Time":0.0,"Temp I/O Read Time":262.943,"Temp I/O Write Time":740.645,"Plans":[{"Node Type":"Hash Join","Parent Relationship":"Outer","Parallel Aware":false,"Async Capable":false,"Join Type":"Inner","Startup Cost":578796.16,"Total Cost":1835607.85,"Plan Rows":113989,"Plan Width":39,"Actual Startup Time":2970.21,"Actual Total Time":21346.942,"Actual Rows":267482,"Actual Loops":1,"Output":["supplier.su_name","l1.ol_o_id","l1.ol_w_id","l1.ol_d_id","l1.ol_delivery_d"],"Inner Unique":true,"Hash Cond":"((l1.ol_o_id = orders.o_id) AND (l1.ol_w_id = orders.o_w_id) AND (l1.ol_d_id = orders.o_d_id))","Join Filter":"(l1.ol_delivery_d > orders.o_entry_d)","Rows Removed by Join Filter":0,"Shared Hit Blocks":390499,"Shared Read Blocks":0,"Shared Dirtied Blocks":0,"Shared Written Blocks":0,"Local Hit Blocks":0,"Local Read Blocks":0,"Local Dirtied Blocks":0,"Local Written Blocks":0,"Temp Read Blocks":162541,"Temp Written Blocks":162541,"I/O Read Time":0.0,"I/O Write Time":0.0,"Temp I/O Read Time":262.943,"Temp I/O Write Time":740.645,"Plans":[{"Node Type":"Hash Join","Parent Relationship":"Outer","Parallel Aware":false,"Async Capable":false,"Join Type":"Inner","Startup Cost":449201.08,"Total Cost":1679734.14,"Plan Rows":342176,"Plan Width":41,"Actual Startup Time":2080.533,"Actual Total Time":20091.66,"Actual Rows":267756,"Actual Loops":1,"Output":["supplier.su_name","stock.s_w_id","l1.ol_o_id","l1.ol_w_id","l1.ol_d_id","l1.ol_delivery_d"],"Inner Unique":true,"Hash Cond":"(supplier.su_nationkey = nation.n_nationkey)","Shared Hit Blocks":368440,"Shared Read Blocks":0,"Shared Dirtied Blocks":0,"Shared Written Blocks":0,"Local Hit Blocks":0,"Local Read Blocks":0,"Local Dirtied Blocks":0,"Local Written Blocks":0,"Temp Read Blocks":144757,"Temp Written Blocks":144757,"I/O Read Time":0.0,"I/O Write Time":0.0,"Temp I/O Read Time":232.786,"Temp I/O Write Time":659.312,"Plans":[{"Node Type":"Hash Join","Parent Relationship":"Outer","Parallel Aware":false,"Async Capable":false,"Join Type":"Inner","Startup Cost":449199.29,"Total Cost":1620236.44,"Plan Rows":21214932,"Plan Width":45,"Actual Startup Time":2080.37,"Actual Total Time":18681.724,"Actual Rows":21002151,"Actual Loops":1,"Output":["supplier.su_name","supplier.su_nationkey","stock.s_w_id","l1.ol_o_id","l1.ol_w_id","l1.ol_d_id","l1.ol_delivery_d"],"Inner Unique":true,"Hash Cond":"(mod((stock.s_w_id * stock.s_i_id), 10000) = supplier.su_suppkey)","Shared Hit Blocks":368439,"Shared Read Blocks":0,"Shared Dirtied Blocks":0,"Shared Written Blocks":0,"Local Hit Blocks":0,"Local Read Blocks":0,"Local Dirtied Blocks":0,"Local Written Blocks":0,"Temp Read Blocks":144757,"Temp Written Blocks":144757,"I/O Read Time":0.0,"I/O Write Time":0.0,"Temp I/O Read Time":232.786,"Temp I/O Write Time":659.312,"Plans":[{"Node Type":"Hash Join","Parent Relationship":"Outer","Parallel Aware":false,"Async Capable":false,"Join Type":"Inner","Startup Cost":448757.29,"Total Cost":1558773.15,"Plan Rows":21214932,"Plan Width":26,"Actual Startup Time":2077.602,"Actual Total Time":14251.128,"Actual Rows":21002151,"Actual Loops":1,"Output":["l1.ol_o_id","l1.ol_w_id","l1.ol_d_id","l1.ol_delivery_d","stock.s_w_id","stock.s_i_id"],"Inner Unique":true,"Hash Cond":"((l1.ol_w_id = stock.s_w_id) AND (l1.ol_i_id = stock.s_i_id))","Shared Hit Blocks":368222,"Shared Read Blocks":0,"Shared Dirtied Blocks":0,"Shared Written Blocks":0,"Local Hit Blocks":0,"Local Read Blocks":0,"Local Dirtied Blocks":0,"Local Written Blocks":0,"Temp Read Blocks":144757,"Temp Written Blocks":144757,"I/O Read Time":0.0,"I/O Write Time":0.0,"Temp I/O Read Time":232.786,"Temp I/O Write Time":659.312,"Plans":[{"Node Type":"Seq Scan","Parent Relationship":"Outer","Parallel Aware":false,"Async Capable":false,"Relation Name":"order_line","Schema":"public","Alias":"l1","Startup Cost":0.0,"Total Cost":715856.4,"Plan Rows":20926367,"Plan Width":24,"Actual Startup Time":0.012,"Actual Total Time":3387.665,"Actual Rows":21002151,"Actual Loops":1,"Output":["l1.ol_o_id","l1.ol_w_id","l1.ol_d_id","l1.ol_i_id","l1.ol_delivery_d"],"Filter":"(l1.ol_delivery_d >= '1992-01-02 20:10:02.27764'::timestamp without time zone)","Rows Removed by Filter":8995581,"Shared Hit Blocks":340884,"Shared Read Blocks":0,"Shared Dirtied Blocks":0,"Shared Written Blocks":0,"Local Hit Blocks":0,"Local Read Blocks":0,"Local Dirtied Blocks":0,"Local Written Blocks":0,"Temp Read Blocks":0,"Temp Written Blocks":0,"I/O Read Time":0.0,"I/O Write Time":0.0,"Temp I/O Read Time":0.0,"Temp I/O Write Time":0.0},{"Node Type":"Hash","Parent Relationship":"Inner","Parallel Aware":false,"Async Capable":false,"Startup Cost":259690.86,"Total Cost":259690.86,"Plan Rows":10000162,"Plan Width":6,"Actual Startup Time":2076.189,"Actual Total Time":2076.194,"Actual Rows":10000000,"Actual Loops":1,"Output":["stock.s_w_id","stock.s_i_id"],"Hash Buckets":262144,"Original Hash Buckets":262144,"Hash Batches":64,"Original Hash Batches":64,"Peak Memory Usage":8133,"Shared Hit Blocks":27338,"Shared Read Blocks":0,"Shared Dirtied Blocks":0,"Shared Written Blocks":0,"Local Hit Blocks":0,"Local Read Blocks":0,"Local Dirtied Blocks":0,"Local Written Blocks":0,"Temp Read Blocks":0,"Temp Written Blocks":33616,"I/O Read Time":0.0,"I/O Write Time":0.0,"Temp I/O Read Time":0.0,"Temp I/O Write Time":150.827,"Plans":[{"Node Type":"Index Only Scan","Parent Relationship":"Outer","Parallel Aware":false,"Async Capable":false,"Scan Direction":"Forward","Index Name":"stock_pk","Relation Name":"stock","Schema":"public","Alias":"stock","Startup Cost":0.43,"Total Cost":259690.86,"Plan Rows":10000162,"Plan Width":6,"Actual Startup Time":0.032,"Actual Total Time":717.633,"Actual Rows":10000000,"Actual Loops":1,"Output":["stock.s_w_id","stock.s_i_id"],"Heap Fetches":0,"Shared Hit Blocks":27338,"Shared Read Blocks":0,"Shared Dirtied Blocks":0,"Shared Written Blocks":0,"Local Hit Blocks":0,"Local Read Blocks":0,"Local Dirtied Blocks":0,"Local Written Blocks":0,"Temp Read Blocks":0,"Temp Written Blocks":0,"I/O Read Time":0.0,"I/O Write Time":0.0,"Temp I/O Read Time":0.0,"Temp I/O Write Time":0.0}]}]},{"Node Type":"Hash","Parent Relationship":"Inner","Parallel Aware":false,"Async Capable":false,"Startup Cost":317.0,"Total Cost":317.0,"Plan Rows":10000,"Plan Width":27,"Actual Startup Time":2.713,"Actual Total Time":2.715,"Actual Rows":10000,"Actual Loops":1,"Output":["supplier.su_name","supplier.su_suppkey","supplier.su_nationkey"],"Hash Buckets":16384,"Original Hash Buckets":16384,"Hash Batches":1,"Original Hash Batches":1,"Peak Memory Usage":714,"Shared Hit Blocks":217,"Shared Read Blocks":0,"Shared Dirtied Blocks":0,"Shared Written Blocks":0,"Local Hit Blocks":0,"Local Read Blocks":0,"Local Dirtied Blocks":0,"Local Written Blocks":0,"Temp Read Blocks":0,"Temp Written Blocks":0,"I/O Read Time":0.0,"I/O Write Time":0.0,"Temp I/O Read Time":0.0,"Temp I/O Write Time":0.0,"Plans":[{"Node Type":"Seq Scan","Parent Relationship":"Outer","Parallel Aware":false,"Async Capable":false,"Relation Name":"supplier","Schema":"public","Alias":"supplier","Startup Cost":0.0,"Total Cost":317.0,"Plan Rows":10000,"Plan Width":27,"Actual Startup Time":0.011,"Actual Total Time":1.266,"Actual Rows":10000,"Actual Loops":1,"Output":["supplier.su_name","supplier.su_suppkey","supplier.su_nationkey"],"Shared Hit Blocks":217,"Shared Read Blocks":0,"Shared Dirtied Blocks":0,"Shared Written Blocks":0,"Local Hit Blocks":0,"Local Read Blocks":0,"Local Dirtied Blocks":0,"Local Written Blocks":0,"Temp Read Blocks":0,"Temp Written Blocks":0,"I/O Read Time":0.0,"I/O Write Time":0.0,"Temp I/O Read Time":0.0,"Temp I/O Write Time":0.0}]}]},{"Node Type":"Hash","Parent Relationship":"Inner","Parallel Aware":false,"Async Capable":false,"Startup Cost":1.77,"Total Cost":1.77,"Plan Rows":1,"Plan Width":4,"Actual Startup Time":0.029,"Actual Total Time":0.03,"Actual Rows":1,"Actual Loops":1,"Output":["nation.n_nationkey"],"Hash Buckets":1024,"Original Hash Buckets":1024,"Hash Batches":1,"Original Hash Batches":1,"Peak Memory Usage":9,"Shared Hit Blocks":1,"Shared Read Blocks":0,"Shared Dirtied Blocks":0,"Shared Written Blocks":0,"Local Hit Blocks":0,"Local Read Blocks":0,"Local Dirtied Blocks":0,"Local Written Blocks":0,"Temp Read Blocks":0,"Temp Written Blocks":0,"I/O Read Time":0.0,"I/O Write Time":0.0,"Temp I/O Read Time":0.0,"Temp I/O Write Time":0.0,"Plans":[{"Node Type":"Seq Scan","Parent Relationship":"Outer","Parallel Aware":false,"Async Capable":false,"Relation Name":"nation","Schema":"public","Alias":"nation","Startup Cost":0.0,"Total Cost":1.77,"Plan Rows":1,"Plan Width":4,"Actual Startup Time":0.022,"Actual Total Time":0.025,"Actual Rows":1,"Actual Loops":1,"Output":["nation.n_nationkey"],"Filter":"((nation.n_name)::text = 'Cambodia'::text)","Rows Removed by Filter":61,"Shared Hit Blocks":1,"Shared Read Blocks":0,"Shared Dirtied Blocks":0,"Shared Written Blocks":0,"Local Hit Blocks":0,"Local Read Blocks":0,"Local Dirtied Blocks":0,"Local Written Blocks":0,"Temp Read Blocks":0,"Temp Written Blocks":0,"I/O Read Time":0.0,"I/O Write Time":0.0,"Temp I/O Read Time":0.0,"Temp I/O Write Time":0.0}]}]},{"Node Type":"Hash","Parent Relationship":"Inner","Parallel Aware":false,"Async Capable":false,"Startup Cost":59559.0,"Total Cost":59559.0,"Plan Rows":2998176,"Plan Width":20,"Actual Startup Time":871.261,"Actual Total Time":871.262,"Actual Rows":2997892,"Actual Loops":1,"Output":["orders.o_id","orders.o_w_id","orders.o_d_id","orders.o_entry_d"],"Hash Buckets":131072,"Original Hash Buckets":131072,"Hash Batches":32,"Original Hash Batches":32,"Peak Memory Usage":6158,"Shared Hit Blocks":22059,"Shared Read Blocks":0,"Shared Dirtied Blocks":0,"Shared Written Blocks":0,"Local Hit Blocks":0,"Local Read Blocks":0,"Local Dirtied Blocks":0,"Local Written Blocks":0,"Temp Read Blocks":0,"Temp Written Blocks":15583,"I/O Read Time":0.0,"I/O Write Time":0.0,"Temp I/O Read Time":0.0,"Temp I/O Write Time":67.154,"Plans":[{"Node Type":"Seq Scan","Parent Relationship":"Outer","Parallel Aware":false,"Async Capable":false,"Relation Name":"orders","Schema":"public","Alias":"orders","Startup Cost":0.0,"Total Cost":59559.0,"Plan Rows":2998176,"Plan Width":20,"Actual Startup Time":0.012,"Actual Total Time":357.31,"Actual Rows":2997892,"Actual Loops":1,"Output":["orders.o_id","orders.o_w_id","orders.o_d_id","orders.o_entry_d"],"Filter":"(orders.o_entry_d >= '1992-01-02 20:10:02.27764'::timestamp without time zone)","Rows Removed by Filter":2108,"Shared Hit Blocks":22059,"Shared Read Blocks":0,"Shared Dirtied Blocks":0,"Shared Written Blocks":0,"Local Hit Blocks":0,"Local Read Blocks":0,"Local Dirtied Blocks":0,"Local Written Blocks":0,"Temp Read Blocks":0,"Temp Written Blocks":0,"I/O Read Time":0.0,"I/O Write Time":0.0,"Temp I/O Read Time":0.0,"Temp I/O Write Time":0.0}]}]},{"Node Type":"Index Scan","Parent Relationship":"Inner","Parallel Aware":false,"Async Capable":false,"Scan Direction":"Forward","Index Name":"order_line_pk","Relation Name":"order_line","Schema":"public","Alias":"l2","Startup Cost":0.56,"Total Cost":26.51,"Plan Rows":2,"Plan Width":20,"Actual Startup Time":0.007,"Actual Total Time":0.007,"Actual Rows":0,"Actual Loops":267482,"Output":["l2.ol_o_id","l2.ol_d_id","l2.ol_w_id","l2.ol_number","l2.ol_i_id","l2.ol_supply_w_id","l2.ol_delivery_d","l2.ol_quantity","l2.ol_amount","l2.ol_dist_info"],"Index Cond":"((l2.ol_w_id = l1.ol_w_id) AND (l2.ol_d_id = l1.ol_d_id) AND (l2.ol_o_id = l1.ol_o_id))","Rows Removed by Index Recheck":0,"Filter":"((l2.ol_delivery_d >= '1992-01-02 20:10:02.27764'::timestamp without time zone) AND (l2.ol_delivery_d > l1.ol_delivery_d))","Rows Removed by Filter":11,"Shared Hit Blocks":1383917,"Shared Read Blocks":0,"Shared Dirtied Blocks":0,"Shared Written Blocks":0,"Local Hit Blocks":0,"Local Read Blocks":0,"Local Dirtied Blocks":0,"Local Written Blocks":0,"Temp Read Blocks":0,"Temp Written Blocks":0,"I/O Read Time":0.0,"I/O Write Time":0.0,"Temp I/O Read Time":0.0,"Temp I/O Write Time":0.0}]}]}]}]},"Planning":{"Shared Hit Blocks":4,"Shared Read Blocks":0,"Shared Dirtied Blocks":0,"Shared Written Blocks":0,"Local Hit Blocks":0,"Local Read Blocks":0,"Local Dirtied Blocks":0,"Local Written Blocks":0,"Temp Read Blocks":0,"Temp Written Blocks":0,"I/O Read Time":0.0,"I/O Write Time":0.0,"Temp I/O Read Time":0.0,"Temp I/O Write Time":0.0},"Planning Time":1.289,"Triggers":[],"Execution Time":23434.393}]
[列存组合]: stock
[{"Plan":{"Node Type":"Sort","Parallel Aware":false,"Async Capable":false,"Startup Cost":4119195.73,"Total Cost":4119220.73,"Plan Rows":10000,"Plan Width":27,"Actual Startup Time":23360.255,"Actual Total Time":23360.273,"Actual Rows":156,"Actual Loops":1,"Output":["supplier.su_name","(count(*))"],"Sort Key":["(count(*)) DESC","supplier.su_name"],"Sort Method":"quicksort","Sort Space Used":35,"Sort Space Type":"Memory","Shared Hit Blocks":1774416,"Shared Read Blocks":0,"Shared Dirtied Blocks":0,"Shared Written Blocks":0,"Local Hit Blocks":0,"Local Read Blocks":0,"Local Dirtied Blocks":0,"Local Written Blocks":0,"Temp Read Blocks":163494,"Temp Written Blocks":163499,"I/O Read Time":0.0,"I/O Write Time":0.0,"Temp I/O Read Time":264.611,"Temp I/O Write Time":747.122,"Plans":[{"Node Type":"Aggregate","Strategy":"Sorted","Partial Mode":"Simple","Parent Relationship":"Outer","Parallel Aware":false,"Async Capable":false,"Startup Cost":4117861.4,"Total Cost":4118531.35,"Plan Rows":10000,"Plan Width":27,"Actual Startup Time":23309.427,"Actual Total Time":23360.214,"Actual Rows":156,"Actual Loops":1,"Output":["supplier.su_name","count(*)"],"Group Key":["supplier.su_name"],"Shared Hit Blocks":1774416,"Shared Read Blocks":0,"Shared Dirtied Blocks":0,"Shared Written Blocks":0,"Local Hit Blocks":0,"Local Read Blocks":0,"Local Dirtied Blocks":0,"Local Written Blocks":0,"Temp Read Blocks":163494,"Temp Written Blocks":163499,"I/O Read Time":0.0,"I/O Write Time":0.0,"Temp I/O Read Time":264.611,"Temp I/O Write Time":747.122,"Plans":[{"Node Type":"Sort","Parent Relationship":"Outer","Parallel Aware":false,"Async Capable":false,"Startup Cost":4117861.4,"Total Cost":4118051.38,"Plan Rows":75993,"Plan Width":19,"Actual Startup Time":23309.25,"Actual Total Time":23335.958,"Actual Rows":267482,"Actual Loops":1,"Output":["supplier.su_name"],"Sort Key":["supplier.su_name"],"Sort Method":"external merge","Sort Space Used":7624,"Sort Space Type":"Disk","Shared Hit Blocks":1774416,"Shared Read Blocks":0,"Shared Dirtied Blocks":0,"Shared Written Blocks":0,"Local Hit Blocks":0,"Local Read Blocks":0,"Local Dirtied Blocks":0,"Local Written Blocks":0,"Temp Read Blocks":163494,"Temp Written Blocks":163499,"I/O Read Time":0.0,"I/O Write Time":0.0,"Temp I/O Read Time":264.611,"Temp I/O Write Time":747.122,"Plans":[{"Node Type":"Nested Loop","Parent Relationship":"Outer","Parallel Aware":false,"Async Capable":false,"Join Type":"Anti","Startup Cost":578796.72,"Total Cost":4111700.81,"Plan Rows":75993,"Plan Width":19,"Actual Startup Time":2969.835,"Actual Total Time":23162.985,"Actual Rows":267482,"Actual Loops":1,"Output":["supplier.su_name"],"Inner Unique":false,"Shared Hit Blocks":1774416,"Shared Read Blocks":0,"Shared Dirtied Blocks":0,"Shared Written Blocks":0,"Local Hit Blocks":0,"Local Read Blocks":0,"Local Dirtied Blocks":0,"Local Written Blocks":0,"Temp Read Blocks":162541,"Temp Written Blocks":162541,"I/O Read Time":0.0,"I/O Write Time":0.0,"Temp I/O Read Time":263.146,"Temp I/O Write Time":743.463,"Plans":[{"Node Type":"Hash Join","Parent Relationship":"Outer","Parallel Aware":false,"Async Capable":false,"Join Type":"Inner","Startup Cost":578796.16,"Total Cost":1835607.85,"Plan Rows":113989,"Plan Width":39,"Actual Startup Time":2969.789,"Actual Total Time":21277.308,"Actual Rows":267482,"Actual Loops":1,"Output":["supplier.su_name","l1.ol_o_id","l1.ol_w_id","l1.ol_d_id","l1.ol_delivery_d"],"Inner Unique":true,"Hash Cond":"((l1.ol_o_id = orders.o_id) AND (l1.ol_w_id = orders.o_w_id) AND (l1.ol_d_id = orders.o_d_id))","Join Filter":"(l1.ol_delivery_d > orders.o_entry_d)","Rows Removed by Join Filter":0,"Shared Hit Blocks":390499,"Shared Read Blocks":0,"Shared Dirtied Blocks":0,"Shared Written Blocks":0,"Local Hit Blocks":0,"Local Read Blocks":0,"Local Dirtied Blocks":0,"Local Written Blocks":0,"Temp Read Blocks":162541,"Temp Written Blocks":162541,"I/O Read Time":0.0,"I/O Write Time":0.0,"Temp I/O Read Time":263.146,"Temp I/O Write Time":743.463,"Plans":[{"Node Type":"Hash Join","Parent Relationship":"Outer","Parallel Aware":false,"Async Capable":false,"Join Type":"Inner","Startup Cost":449201.08,"Total Cost":1679734.14,"Plan Rows":342176,"Plan Width":41,"Actual Startup Time":2080.213,"Actual Total Time":20024.034,"Actual Rows":267756,"Actual Loops":1,"Output":["supplier.su_name","stock.s_w_id","l1.ol_o_id","l1.ol_w_id","l1.ol_d_id","l1.ol_delivery_d"],"Inner Unique":true,"Hash Cond":"(supplier.su_nationkey = nation.n_nationkey)","Shared Hit Blocks":368440,"Shared Read Blocks":0,"Shared Dirtied Blocks":0,"Shared Written Blocks":0,"Local Hit Blocks":0,"Local Read Blocks":0,"Local Dirtied Blocks":0,"Local Written Blocks":0,"Temp Read Blocks":144757,"Temp Written Blocks":144757,"I/O Read Time":0.0,"I/O Write Time":0.0,"Temp I/O Read Time":233.174,"Temp I/O Write Time":659.661,"Plans":[{"Node Type":"Hash Join","Parent Relationship":"Outer","Parallel Aware":false,"Async Capable":false,"Join Type":"Inner","Startup Cost":449199.29,"Total Cost":1620236.44,"Plan Rows":21214932,"Plan Width":45,"Actual Startup Time":2080.055,"Actual Total Time":18614.121,"Actual Rows":21002151,"Actual Loops":1,"Output":["supplier.su_name","supplier.su_nationkey","stock.s_w_id","l1.ol_o_id","l1.ol_w_id","l1.ol_d_id","l1.ol_delivery_d"],"Inner Unique":true,"Hash Cond":"(mod((stock.s_w_id * stock.s_i_id), 10000) = supplier.su_suppkey)","Shared Hit Blocks":368439,"Shared Read Blocks":0,"Shared Dirtied Blocks":0,"Shared Written Blocks":0,"Local Hit Blocks":0,"Local Read Blocks":0,"Local Dirtied Blocks":0,"Local Written Blocks":0,"Temp Read Blocks":144757,"Temp Written Blocks":144757,"I/O Read Time":0.0,"I/O Write Time":0.0,"Temp I/O Read Time":233.174,"Temp I/O Write Time":659.661,"Plans":[{"Node Type":"Hash Join","Parent Relationship":"Outer","Parallel Aware":false,"Async Capable":false,"Join Type":"Inner","Startup Cost":448757.29,"Total Cost":1558773.15,"Plan Rows":21214932,"Plan Width":26,"Actual Startup Time":2077.25,"Actual Total Time":14186.271,"Actual Rows":21002151,"Actual Loops":1,"Output":["l1.ol_o_id","l1.ol_w_id","l1.ol_d_id","l1.ol_delivery_d","stock.s_w_id","stock.s_i_id"],"Inner Unique":true,"Hash Cond":"((l1.ol_w_id = stock.s_w_id) AND (l1.ol_i_id = stock.s_i_id))","Shared Hit Blocks":368222,"Shared Read Blocks":0,"Shared Dirtied Blocks":0,"Shared Written Blocks":0,"Local Hit Blocks":0,"Local Read Blocks":0,"Local Dirtied Blocks":0,"Local Written Blocks":0,"Temp Read Blocks":144757,"Temp Written Blocks":144757,"I/O Read Time":0.0,"I/O Write Time":0.0,"Temp I/O Read Time":233.174,"Temp I/O Write Time":659.661,"Plans":[{"Node Type":"Seq Scan","Parent Relationship":"Outer","Parallel Aware":false,"Async Capable":false,"Relation Name":"order_line","Schema":"public","Alias":"l1","Startup Cost":0.0,"Total Cost":715856.4,"Plan Rows":20926367,"Plan Width":24,"Actual Startup Time":0.012,"Actual Total Time":3356.751,"Actual Rows":21002151,"Actual Loops":1,"Output":["l1.ol_o_id","l1.ol_w_id","l1.ol_d_id","l1.ol_i_id","l1.ol_delivery_d"],"Filter":"(l1.ol_delivery_d >= '1992-01-02 20:10:02.27764'::timestamp without time zone)","Rows Removed by Filter":8995581,"Shared Hit Blocks":340884,"Shared Read Blocks":0,"Shared Dirtied Blocks":0,"Shared Written Blocks":0,"Local Hit Blocks":0,"Local Read Blocks":0,"Local Dirtied Blocks":0,"Local Written Blocks":0,"Temp Read Blocks":0,"Temp Written Blocks":0,"I/O Read Time":0.0,"I/O Write Time":0.0,"Temp I/O Read Time":0.0,"Temp I/O Write Time":0.0},{"Node Type":"Hash","Parent Relationship":"Inner","Parallel Aware":false,"Async Capable":false,"Startup Cost":259690.86,"Total Cost":259690.86,"Plan Rows":10000162,"Plan Width":6,"Actual Startup Time":2075.871,"Actual Total Time":2075.873,"Actual Rows":10000000,"Actual Loops":1,"Output":["stock.s_w_id","stock.s_i_id"],"Hash Buckets":262144,"Original Hash Buckets":262144,"Hash Batches":64,"Original Hash Batches":64,"Peak Memory Usage":8133,"Shared Hit Blocks":27338,"Shared Read Blocks":0,"Shared Dirtied Blocks":0,"Shared Written Blocks":0,"Local Hit Blocks":0,"Local Read Blocks":0,"Local Dirtied Blocks":0,"Local Written Blocks":0,"Temp Read Blocks":0,"Temp Written Blocks":33616,"I/O Read Time":0.0,"I/O Write Time":0.0,"Temp I/O Read Time":0.0,"Temp I/O Write Time":152.655,"Plans":[{"Node Type":"Index Only Scan","Parent Relationship":"Outer","Parallel Aware":false,"Async Capable":false,"Scan Direction":"Forward","Index Name":"stock_pk","Relation Name":"stock","Schema":"public","Alias":"stock","Startup Cost":0.43,"Total Cost":259690.86,"Plan Rows":10000162,"Plan Width":6,"Actual Startup Time":0.032,"Actual Total Time":717.412,"Actual Rows":10000000,"Actual Loops":1,"Output":["stock.s_w_id","stock.s_i_id"],"Heap Fetches":0,"Shared Hit Blocks":27338,"Shared Read Blocks":0,"Shared Dirtied Blocks":0,"Shared Written Blocks":0,"Local Hit Blocks":0,"Local Read Blocks":0,"Local Dirtied Blocks":0,"Local Written Blocks":0,"Temp Read Blocks":0,"Temp Written Blocks":0,"I/O Read Time":0.0,"I/O Write Time":0.0,"Temp I/O Read Time":0.0,"Temp I/O Write Time":0.0}]}]},{"Node Type":"Hash","Parent Relationship":"Inner","Parallel Aware":false,"Async Capable":false,"Startup Cost":317.0,"Total Cost":317.0,"Plan Rows":10000,"Plan Width":27,"Actual Startup Time":2.75,"Actual Total Time":2.751,"Actual Rows":10000,"Actual Loops":1,"Output":["supplier.su_name","supplier.su_suppkey","supplier.su_nationkey"],"Hash Buckets":16384,"Original Hash Buckets":16384,"Hash Batches":1,"Original Hash Batches":1,"Peak Memory Usage":714,"Shared Hit Blocks":217,"Shared Read Blocks":0,"Shared Dirtied Blocks":0,"Shared Written Blocks":0,"Local Hit Blocks":0,"Local Read Blocks":0,"Local Dirtied Blocks":0,"Local Written Blocks":0,"Temp Read Blocks":0,"Temp Written Blocks":0,"I/O Read Time":0.0,"I/O Write Time":0.0,"Temp I/O Read Time":0.0,"Temp I/O Write Time":0.0,"Plans":[{"Node Type":"Seq Scan","Parent Relationship":"Outer","Parallel Aware":false,"Async Capable":false,"Relation Name":"supplier","Schema":"public","Alias":"supplier","Startup Cost":0.0,"Total Cost":317.0,"Plan Rows":10000,"Plan Width":27,"Actual Startup Time":0.012,"Actual Total Time":1.255,"Actual Rows":10000,"Actual Loops":1,"Output":["supplier.su_name","supplier.su_suppkey","supplier.su_nationkey"],"Shared Hit Blocks":217,"Shared Read Blocks":0,"Shared Dirtied Blocks":0,"Shared Written Blocks":0,"Local Hit Blocks":0,"Local Read Blocks":0,"Local Dirtied Blocks":0,"Local Written Blocks":0,"Temp Read Blocks":0,"Temp Written Blocks":0,"I/O Read Time":0.0,"I/O Write Time":0.0,"Temp I/O Read Time":0.0,"Temp I/O Write Time":0.0}]}]},{"Node Type":"Hash","Parent Relationship":"Inner","Parallel Aware":false,"Async Capable":false,"Startup Cost":1.77,"Total Cost":1.77,"Plan Rows":1,"Plan Width":4,"Actual Startup Time":0.031,"Actual Total Time":0.031,"Actual Rows":1,"Actual Loops":1,"Output":["nation.n_nationkey"],"Hash Buckets":1024,"Original Hash Buckets":1024,"Hash Batches":1,"Original Hash Batches":1,"Peak Memory Usage":9,"Shared Hit Blocks":1,"Shared Read Blocks":0,"Shared Dirtied Blocks":0,"Shared Written Blocks":0,"Local Hit Blocks":0,"Local Read Blocks":0,"Local Dirtied Blocks":0,"Local Written Blocks":0,"Temp Read Blocks":0,"Temp Written Blocks":0,"I/O Read Time":0.0,"I/O Write Time":0.0,"Temp I/O Read Time":0.0,"Temp I/O Write Time":0.0,"Plans":[{"Node Type":"Seq Scan","Parent Relationship":"Outer","Parallel Aware":false,"Async Capable":false,"Relation Name":"nation","Schema":"public","Alias":"nation","Startup Cost":0.0,"Total Cost":1.77,"Plan Rows":1,"Plan Width":4,"Actual Startup Time":0.022,"Actual Total Time":0.028,"Actual Rows":1,"Actual Loops":1,"Output":["nation.n_nationkey"],"Filter":"((nation.n_name)::text = 'Cambodia'::text)","Rows Removed by Filter":61,"Shared Hit Blocks":1,"Shared Read Blocks":0,"Shared Dirtied Blocks":0,"Shared Written Blocks":0,"Local Hit Blocks":0,"Local Read Blocks":0,"Local Dirtied Blocks":0,"Local Written Blocks":0,"Temp Read Blocks":0,"Temp Written Blocks":0,"I/O Read Time":0.0,"I/O Write Time":0.0,"Temp I/O Read Time":0.0,"Temp I/O Write Time":0.0}]}]},{"Node Type":"Hash","Parent Relationship":"Inner","Parallel Aware":false,"Async Capable":false,"Startup Cost":59559.0,"Total Cost":59559.0,"Plan Rows":2998176,"Plan Width":20,"Actual Startup Time":871.283,"Actual Total Time":871.283,"Actual Rows":2997892,"Actual Loops":1,"Output":["orders.o_id","orders.o_w_id","orders.o_d_id","orders.o_entry_d"],"Hash Buckets":131072,"Original Hash Buckets":131072,"Hash Batches":32,"Original Hash Batches":32,"Peak Memory Usage":6158,"Shared Hit Blocks":22059,"Shared Read Blocks":0,"Shared Dirtied Blocks":0,"Shared Written Blocks":0,"Local Hit Blocks":0,"Local Read Blocks":0,"Local Dirtied Blocks":0,"Local Written Blocks":0,"Temp Read Blocks":0,"Temp Written Blocks":15583,"I/O Read Time":0.0,"I/O Write Time":0.0,"Temp I/O Read Time":0.0,"Temp I/O Write Time":69.335,"Plans":[{"Node Type":"Seq Scan","Parent Relationship":"Outer","Parallel Aware":false,"Async Capable":false,"Relation Name":"orders","Schema":"public","Alias":"orders","Startup Cost":0.0,"Total Cost":59559.0,"Plan Rows":2998176,"Plan Width":20,"Actual Startup Time":0.014,"Actual Total Time":355.07,"Actual Rows":2997892,"Actual Loops":1,"Output":["orders.o_id","orders.o_w_id","orders.o_d_id","orders.o_entry_d"],"Filter":"(orders.o_entry_d >= '1992-01-02 20:10:02.27764'::timestamp without time zone)","Rows Removed by Filter":2108,"Shared Hit Blocks":22059,"Shared Read Blocks":0,"Shared Dirtied Blocks":0,"Shared Written Blocks":0,"Local Hit Blocks":0,"Local Read Blocks":0,"Local Dirtied Blocks":0,"Local Written Blocks":0,"Temp Read Blocks":0,"Temp Written Blocks":0,"I/O Read Time":0.0,"I/O Write Time":0.0,"Temp I/O Read Time":0.0,"Temp I/O Write Time":0.0}]}]},{"Node Type":"Index Scan","Parent Relationship":"Inner","Parallel Aware":false,"Async Capable":false,"Scan Direction":"Forward","Index Name":"order_line_pk","Relation Name":"order_line","Schema":"public","Alias":"l2","Startup Cost":0.56,"Total Cost":26.51,"Plan Rows":2,"Plan Width":20,"Actual Startup Time":0.007,"Actual Total Time":0.007,"Actual Rows":0,"Actual Loops":267482,"Output":["l2.ol_o_id","l2.ol_d_id","l2.ol_w_id","l2.ol_number","l2.ol_i_id","l2.ol_supply_w_id","l2.ol_delivery_d","l2.ol_quantity","l2.ol_amount","l2.ol_dist_info"],"Index Cond":"((l2.ol_w_id = l1.ol_w_id) AND (l2.ol_d_id = l1.ol_d_id) AND (l2.ol_o_id = l1.ol_o_id))","Rows Removed by Index Recheck":0,"Filter":"((l2.ol_delivery_d >= '1992-01-02 20:10:02.27764'::timestamp without time zone) AND (l2.ol_delivery_d > l1.ol_delivery_d))","Rows Removed by Filter":11,"Shared Hit Blocks":1383917,"Shared Read Blocks":0,"Shared Dirtied Blocks":0,"Shared Written Blocks":0,"Local Hit Blocks":0,"Local Read Blocks":0,"Local Dirtied Blocks":0,"Local Written Blocks":0,"Temp Read Blocks":0,"Temp Written Blocks":0,"I/O Read Time":0.0,"I/O Write Time":0.0,"Temp I/O Read Time":0.0,"Temp I/O Write Time":0.0}]}]}]}]},"Planning":{"Shared Hit Blocks":4,"Shared Read Blocks":0,"Shared Dirtied Blocks":0,"Shared Written Blocks":0,"Local Hit Blocks":0,"Local Read Blocks":0,"Local Dirtied Blocks":0,"Local Written Blocks":0,"Temp Read Blocks":0,"Temp Written Blocks":0,"I/O Read Time":0.0,"I/O Write Time":0.0,"Temp I/O Read Time":0.0,"Temp I/O Write Time":0.0},"Planning Time":1.695,"Triggers":[],"Execution Time":23361.686}]
[列存组合]: supplier
[{"Plan":{"Node Type":"Sort","Parallel Aware":false,"Async Capable":false,"Startup Cost":4119117.76,"Total Cost":4119142.76,"Plan Rows":10000,"Plan Width":27,"Actual Startup Time":23630.824,"Actual Total Time":23630.842,"Actual Rows":156,"Actual Loops":1,"Output":["supplier.su_name","(count(*))"],"Sort Key":["(count(*)) DESC","supplier.su_name"],"Sort Method":"quicksort","Sort Space Used":35,"Sort Space Type":"Memory","Shared Hit Blocks":1774199,"Shared Read Blocks":0,"Shared Dirtied Blocks":0,"Shared Written Blocks":0,"Local Hit Blocks":0,"Local Read Blocks":0,"Local Dirtied Blocks":0,"Local Written Blocks":0,"Temp Read Blocks":163494,"Temp Written Blocks":163499,"I/O Read Time":0.0,"I/O Write Time":0.0,"Temp I/O Read Time":272.024,"Temp I/O Write Time":738.956,"Plans":[{"Node Type":"Aggregate","Strategy":"Sorted","Partial Mode":"Simple","Parent Relationship":"Outer","Parallel Aware":false,"Async Capable":false,"Startup Cost":4117783.42,"Total Cost":4118453.37,"Plan Rows":10000,"Plan Width":27,"Actual Startup Time":23579.912,"Actual Total Time":23630.788,"Actual Rows":156,"Actual Loops":1,"Output":["supplier.su_name","count(*)"],"Group Key":["supplier.su_name"],"Shared Hit Blocks":1774199,"Shared Read Blocks":0,"Shared Dirtied Blocks":0,"Shared Written Blocks":0,"Local Hit Blocks":0,"Local Read Blocks":0,"Local Dirtied Blocks":0,"Local Written Blocks":0,"Temp Read Blocks":163494,"Temp Written Blocks":163499,"I/O Read Time":0.0,"I/O Write Time":0.0,"Temp I/O Read Time":272.024,"Temp I/O Write Time":738.956,"Plans":[{"Node Type":"Sort","Parent Relationship":"Outer","Parallel Aware":false,"Async Capable":false,"Startup Cost":4117783.42,"Total Cost":4117973.41,"Plan Rows":75993,"Plan Width":19,"Actual Startup Time":23579.734,"Actual Total Time":23606.506,"Actual Rows":267482,"Actual Loops":1,"Output":["supplier.su_name"],"Sort Key":["supplier.su_name"],"Sort Method":"external merge","Sort Space Used":7624,"Sort Space Type":"Disk","Shared Hit Blocks":1774199,"Shared Read Blocks":0,"Shared Dirtied Blocks":0,"Shared Written Blocks":0,"Local Hit Blocks":0,"Local Read Blocks":0,"Local Dirtied Blocks":0,"Local Written Blocks":0,"Temp Read Blocks":163494,"Temp Written Blocks":163499,"I/O Read Time":0.0,"I/O Write Time":0.0,"Temp I/O Read Time":272.024,"Temp I/O Write Time":738.956,"Plans":[{"Node Type":"Nested Loop","Parent Relationship":"Outer","Parallel Aware":false,"Async Capable":false,"Join Type":"Anti","Startup Cost":578718.75,"Total Cost":4111622.83,"Plan Rows":75993,"Plan Width":19,"Actual Startup Time":2969.366,"Actual Total Time":23432.907,"Actual Rows":267482,"Actual Loops":1,"Output":["supplier.su_name"],"Inner Unique":false,"Shared Hit Blocks":1774199,"Shared Read Blocks":0,"Shared Dirtied Blocks":0,"Shared Written Blocks":0,"Local Hit Blocks":0,"Local Read Blocks":0,"Local Dirtied Blocks":0,"Local Written Blocks":0,"Temp Read Blocks":162541,"Temp Written Blocks":162541,"I/O Read Time":0.0,"I/O Write Time":0.0,"Temp I/O Read Time":270.567,"Temp I/O Write Time":735.25,"Plans":[{"Node Type":"Hash Join","Parent Relationship":"Outer","Parallel Aware":false,"Async Capable":false,"Join Type":"Inner","Startup Cost":578718.19,"Total Cost":1835529.88,"Plan Rows":113989,"Plan Width":39,"Actual Startup Time":2969.318,"Actual Total Time":21544.033,"Actual Rows":267482,"Actual Loops":1,"Output":["supplier.su_name","l1.ol_o_id","l1.ol_w_id","l1.ol_d_id","l1.ol_delivery_d"],"Inner Unique":true,"Hash Cond":"((l1.ol_o_id = orders.o_id) AND (l1.ol_w_id = orders.o_w_id) AND (l1.ol_d_id = orders.o_d_id))","Join Filter":"(l1.ol_delivery_d > orders.o_entry_d)","Rows Removed by Join Filter":0,"Shared Hit Blocks":390282,"Shared Read Blocks":0,"Shared Dirtied Blocks":0,"Shared Written Blocks":0,"Local Hit Blocks":0,"Local Read Blocks":0,"Local Dirtied Blocks":0,"Local Written Blocks":0,"Temp Read Blocks":162541,"Temp Written Blocks":162541,"I/O Read Time":0.0,"I/O Write Time":0.0,"Temp I/O Read Time":270.567,"Temp I/O Write Time":735.25,"Plans":[{"Node Type":"Hash Join","Parent Relationship":"Outer","Parallel Aware":false,"Async Capable":false,"Join Type":"Inner","Startup Cost":449123.11,"Total Cost":1679656.16,"Plan Rows":342176,"Plan Width":41,"Actual Startup Time":2084.055,"Actual Total Time":20292.284,"Actual Rows":267756,"Actual Loops":1,"Output":["supplier.su_name","stock.s_w_id","l1.ol_o_id","l1.ol_w_id","l1.ol_d_id","l1.ol_delivery_d"],"Inner Unique":true,"Hash Cond":"(supplier.su_nationkey = nation.n_nationkey)","Shared Hit Blocks":368223,"Shared Read Blocks":0,"Shared Dirtied Blocks":0,"Shared Written Blocks":0,"Local Hit Blocks":0,"Local Read Blocks":0,"Local Dirtied Blocks":0,"Local Written Blocks":0,"Temp Read Blocks":144757,"Temp Written Blocks":144757,"I/O Read Time":0.0,"I/O Write Time":0.0,"Temp I/O Read Time":240.464,"Temp I/O Write Time":654.54,"Plans":[{"Node Type":"Hash Join","Parent Relationship":"Outer","Parallel Aware":false,"Async Capable":false,"Join Type":"Inner","Startup Cost":449121.32,"Total Cost":1620158.47,"Plan Rows":21214932,"Plan Width":45,"Actual Startup Time":2083.913,"Actual Total Time":18797.735,"Actual Rows":21002151,"Actual Loops":1,"Output":["supplier.su_name","supplier.su_nationkey","stock.s_w_id","l1.ol_o_id","l1.ol_w_id","l1.ol_d_id","l1.ol_delivery_d"],"Inner Unique":true,"Hash Cond":"(mod((stock.s_w_id * stock.s_i_id), 10000) = supplier.su_suppkey)","Shared Hit Blocks":368222,"Shared Read Blocks":0,"Shared Dirtied Blocks":0,"Shared Written Blocks":0,"Local Hit Blocks":0,"Local Read Blocks":0,"Local Dirtied Blocks":0,"Local Written Blocks":0,"Temp Read Blocks":144757,"Temp Written Blocks":144757,"I/O Read Time":0.0,"I/O Write Time":0.0,"Temp I/O Read Time":240.464,"Temp I/O Write Time":654.54,"Plans":[{"Node Type":"Hash Join","Parent Relationship":"Outer","Parallel Aware":false,"Async Capable":false,"Join Type":"Inner","Startup Cost":448757.29,"Total Cost":1558773.15,"Plan Rows":21214932,"Plan Width":26,"Actual Startup Time":2080.471,"Actual Total Time":14239.878,"Actual Rows":21002151,"Actual Loops":1,"Output":["l1.ol_o_id","l1.ol_w_id","l1.ol_d_id","l1.ol_delivery_d","stock.s_w_id","stock.s_i_id"],"Inner Unique":true,"Hash Cond":"((l1.ol_w_id = stock.s_w_id) AND (l1.ol_i_id = stock.s_i_id))","Shared Hit Blocks":368222,"Shared Read Blocks":0,"Shared Dirtied Blocks":0,"Shared Written Blocks":0,"Local Hit Blocks":0,"Local Read Blocks":0,"Local Dirtied Blocks":0,"Local Written Blocks":0,"Temp Read Blocks":144757,"Temp Written Blocks":144757,"I/O Read Time":0.0,"I/O Write Time":0.0,"Temp I/O Read Time":240.464,"Temp I/O Write Time":654.54,"Plans":[{"Node Type":"Seq Scan","Parent Relationship":"Outer","Parallel Aware":false,"Async Capable":false,"Relation Name":"order_line","Schema":"public","Alias":"l1","Startup Cost":0.0,"Total Cost":715856.4,"Plan Rows":20926367,"Plan Width":24,"Actual Startup Time":0.008,"Actual Total Time":3370.652,"Actual Rows":21002151,"Actual Loops":1,"Output":["l1.ol_o_id","l1.ol_w_id","l1.ol_d_id","l1.ol_i_id","l1.ol_delivery_d"],"Filter":"(l1.ol_delivery_d >= '1992-01-02 20:10:02.27764'::timestamp without time zone)","Rows Removed by Filter":8995581,"Shared Hit Blocks":340884,"Shared Read Blocks":0,"Shared Dirtied Blocks":0,"Shared Written Blocks":0,"Local Hit Blocks":0,"Local Read Blocks":0,"Local Dirtied Blocks":0,"Local Written Blocks":0,"Temp Read Blocks":0,"Temp Written Blocks":0,"I/O Read Time":0.0,"I/O Write Time":0.0,"Temp I/O Read Time":0.0,"Temp I/O Write Time":0.0},{"Node Type":"Hash","Parent Relationship":"Inner","Parallel Aware":false,"Async Capable":false,"Startup Cost":259690.86,"Total Cost":259690.86,"Plan Rows":10000162,"Plan Width":6,"Actual Startup Time":2079.116,"Actual Total Time":2079.118,"Actual Rows":10000000,"Actual Loops":1,"Output":["stock.s_w_id","stock.s_i_id"],"Hash Buckets":262144,"Original Hash Buckets":262144,"Hash Batches":64,"Original Hash Batches":64,"Peak Memory Usage":8133,"Shared Hit Blocks":27338,"Shared Read Blocks":0,"Shared Dirtied Blocks":0,"Shared Written Blocks":0,"Local Hit Blocks":0,"Local Read Blocks":0,"Local Dirtied Blocks":0,"Local Written Blocks":0,"Temp Read Blocks":0,"Temp Written Blocks":33616,"I/O Read Time":0.0,"I/O Write Time":0.0,"Temp I/O Read Time":0.0,"Temp I/O Write Time":149.418,"Plans":[{"Node Type":"Index Only Scan","Parent Relationship":"Outer","Parallel Aware":false,"Async Capable":false,"Scan Direction":"Forward","Index Name":"stock_pk","Relation Name":"stock","Schema":"public","Alias":"stock","Startup Cost":0.43,"Total Cost":259690.86,"Plan Rows":10000162,"Plan Width":6,"Actual Startup Time":0.023,"Actual Total Time":717.949,"Actual Rows":10000000,"Actual Loops":1,"Output":["stock.s_w_id","stock.s_i_id"],"Heap Fetches":0,"Shared Hit Blocks":27338,"Shared Read Blocks":0,"Shared Dirtied Blocks":0,"Shared Written Blocks":0,"Local Hit Blocks":0,"Local Read Blocks":0,"Local Dirtied Blocks":0,"Local Written Blocks":0,"Temp Read Blocks":0,"Temp Written Blocks":0,"I/O Read Time":0.0,"I/O Write Time":0.0,"Temp I/O Read Time":0.0,"Temp I/O Write Time":0.0}]}]},{"Node Type":"Hash","Parent Relationship":"Inner","Parallel Aware":false,"Async Capable":false,"Startup Cost":239.01,"Total Cost":239.01,"Plan Rows":10001,"Plan Width":27,"Actual Startup Time":3.416,"Actual Total Time":3.418,"Actual Rows":10000,"Actual Loops":1,"Output":["supplier.su_name","supplier.su_suppkey","supplier.su_nationkey"],"Hash Buckets":16384,"Original Hash Buckets":16384,"Hash Batches":1,"Original Hash Batches":1,"Peak Memory Usage":714,"Shared Hit Blocks":0,"Shared Read Blocks":0,"Shared Dirtied Blocks":0,"Shared Written Blocks":0,"Local Hit Blocks":0,"Local Read Blocks":0,"Local Dirtied Blocks":0,"Local Written Blocks":0,"Temp Read Blocks":0,"Temp Written Blocks":0,"I/O Read Time":0.0,"I/O Write Time":0.0,"Temp I/O Read Time":0.0,"Temp I/O Write Time":0.0,"Plans":[{"Node Type":"Append","Parent Relationship":"Outer","Parallel Aware":false,"Async Capable":false,"Startup Cost":20.0,"Total Cost":239.01,"Plan Rows":10001,"Plan Width":27,"Actual Startup Time":0.029,"Actual Total Time":2.049,"Actual Rows":10000,"Actual Loops":1,"Shared Hit Blocks":0,"Shared Read Blocks":0,"Shared Dirtied Blocks":0,"Shared Written Blocks":0,"Local Hit Blocks":0,"Local Read Blocks":0,"Local Dirtied Blocks":0,"Local Written Blocks":0,"Temp Read Blocks":0,"Temp Written Blocks":0,"I/O Read Time":0.0,"I/O Write Time":0.0,"Temp I/O Read Time":0.0,"Temp I/O Write Time":0.0,"Subplans Removed":0,"Plans":[{"Node Type":"Custom Scan","Parent Relationship":"Member","Custom Plan Provider":"columnar scan","Parallel Aware":false,"Async Capable":false,"Relation Name":"supplier","Schema":"public","Alias":"supplier","Startup Cost":20.0,"Total Cost":235.0,"Plan Rows":10000,"Plan Width":27,"Actual Startup Time":0.028,"Actual Total Time":1.336,"Actual Rows":10000,"Actual Loops":1,"Output":["supplier.su_name","supplier.su_suppkey","supplier.su_nationkey"],"Rows Removed by Columnar Filter":0,"Columnar cache search mode":"native","Shared Hit Blocks":0,"Shared Read Blocks":0,"Shared Dirtied Blocks":0,"Shared Written Blocks":0,"Local Hit Blocks":0,"Local Read Blocks":0,"Local Dirtied Blocks":0,"Local Written Blocks":0,"Temp Read Blocks":0,"Temp Written Blocks":0,"I/O Read Time":0.0,"I/O Write Time":0.0,"Temp I/O Read Time":0.0,"Temp I/O Write Time":0.0},{"Node Type":"Seq Scan","Parent Relationship":"Member","Parallel Aware":false,"Async Capable":false,"Relation Name":"supplier","Schema":"public","Alias":"supplier","Startup Cost":0.0,"Total Cost":4.01,"Plan Rows":1,"Plan Width":27,"Actual Startup Time":0.0,"Actual Total Time":0.0,"Actual Rows":0,"Actual Loops":0,"Output":["supplier.su_name","supplier.su_suppkey","supplier.su_nationkey"],"Shared Hit Blocks":0,"Shared Read Blocks":0,"Shared Dirtied Blocks":0,"Shared Written Blocks":0,"Local Hit Blocks":0,"Local Read Blocks":0,"Local Dirtied Blocks":0,"Local Written Blocks":0,"Temp Read Blocks":0,"Temp Written Blocks":0,"I/O Read Time":0.0,"I/O Write Time":0.0,"Temp I/O Read Time":0.0,"Temp I/O Write Time":0.0}]}]}]},{"Node Type":"Hash","Parent Relationship":"Inner","Parallel Aware":false,"Async Capable":false,"Startup Cost":1.77,"Total Cost":1.77,"Plan Rows":1,"Plan Width":4,"Actual Startup Time":0.022,"Actual Total Time":0.022,"Actual Rows":1,"Actual Loops":1,"Output":["nation.n_nationkey"],"Hash Buckets":1024,"Original Hash Buckets":1024,"Hash Batches":1,"Original Hash Batches":1,"Peak Memory Usage":9,"Shared Hit Blocks":1,"Shared Read Blocks":0,"Shared Dirtied Blocks":0,"Shared Written Blocks":0,"Local Hit Blocks":0,"Local Read Blocks":0,"Local Dirtied Blocks":0,"Local Written Blocks":0,"Temp Read Blocks":0,"Temp Written Blocks":0,"I/O Read Time":0.0,"I/O Write Time":0.0,"Temp I/O Read Time":0.0,"Temp I/O Write Time":0.0,"Plans":[{"Node Type":"Seq Scan","Parent Relationship":"Outer","Parallel Aware":false,"Async Capable":false,"Relation Name":"nation","Schema":"public","Alias":"nation","Startup Cost":0.0,"Total Cost":1.77,"Plan Rows":1,"Plan Width":4,"Actual Startup Time":0.018,"Actual Total Time":0.021,"Actual Rows":1,"Actual Loops":1,"Output":["nation.n_nationkey"],"Filter":"((nation.n_name)::text = 'Cambodia'::text)","Rows Removed by Filter":61,"Shared Hit Blocks":1,"Shared Read Blocks":0,"Shared Dirtied Blocks":0,"Shared Written Blocks":0,"Local Hit Blocks":0,"Local Read Blocks":0,"Local Dirtied Blocks":0,"Local Written Blocks":0,"Temp Read Blocks":0,"Temp Written Blocks":0,"I/O Read Time":0.0,"I/O Write Time":0.0,"Temp I/O Read Time":0.0,"Temp I/O Write Time":0.0}]}]},{"Node Type":"Hash","Parent Relationship":"Inner","Parallel Aware":false,"Async Capable":false,"Startup Cost":59559.0,"Total Cost":59559.0,"Plan Rows":2998176,"Plan Width":20,"Actual Startup Time":866.945,"Actual Total Time":866.945,"Actual Rows":2997892,"Actual Loops":1,"Output":["orders.o_id","orders.o_w_id","orders.o_d_id","orders.o_entry_d"],"Hash Buckets":131072,"Original Hash Buckets":131072,"Hash Batches":32,"Original Hash Batches":32,"Peak Memory Usage":6158,"Shared Hit Blocks":22059,"Shared Read Blocks":0,"Shared Dirtied Blocks":0,"Shared Written Blocks":0,"Local Hit Blocks":0,"Local Read Blocks":0,"Local Dirtied Blocks":0,"Local Written Blocks":0,"Temp Read Blocks":0,"Temp Written Blocks":15583,"I/O Read Time":0.0,"I/O Write Time":0.0,"Temp I/O Read Time":0.0,"Temp I/O Write Time":66.524,"Plans":[{"Node Type":"Seq Scan","Parent Relationship":"Outer","Parallel Aware":false,"Async Capable":false,"Relation Name":"orders","Schema":"public","Alias":"orders","Startup Cost":0.0,"Total Cost":59559.0,"Plan Rows":2998176,"Plan Width":20,"Actual Startup Time":0.011,"Actual Total Time":355.338,"Actual Rows":2997892,"Actual Loops":1,"Output":["orders.o_id","orders.o_w_id","orders.o_d_id","orders.o_entry_d"],"Filter":"(orders.o_entry_d >= '1992-01-02 20:10:02.27764'::timestamp without time zone)","Rows Removed by Filter":2108,"Shared Hit Blocks":22059,"Shared Read Blocks":0,"Shared Dirtied Blocks":0,"Shared Written Blocks":0,"Local Hit Blocks":0,"Local Read Blocks":0,"Local Dirtied Blocks":0,"Local Written Blocks":0,"Temp Read Blocks":0,"Temp Written Blocks":0,"I/O Read Time":0.0,"I/O Write Time":0.0,"Temp I/O Read Time":0.0,"Temp I/O Write Time":0.0}]}]},{"Node Type":"Index Scan","Parent Relationship":"Inner","Parallel Aware":false,"Async Capable":false,"Scan Direction":"Forward","Index Name":"order_line_pk","Relation Name":"order_line","Schema":"public","Alias":"l2","Startup Cost":0.56,"Total Cost":26.51,"Plan Rows":2,"Plan Width":20,"Actual Startup Time":0.007,"Actual Total Time":0.007,"Actual Rows":0,"Actual Loops":267482,"Output":["l2.ol_o_id","l2.ol_d_id","l2.ol_w_id","l2.ol_number","l2.ol_i_id","l2.ol_supply_w_id","l2.ol_delivery_d","l2.ol_quantity","l2.ol_amount","l2.ol_dist_info"],"Index Cond":"((l2.ol_w_id = l1.ol_w_id) AND (l2.ol_d_id = l1.ol_d_id) AND (l2.ol_o_id = l1.ol_o_id))","Rows Removed by Index Recheck":0,"Filter":"((l2.ol_delivery_d >= '1992-01-02 20:10:02.27764'::timestamp without time zone) AND (l2.ol_delivery_d > l1.ol_delivery_d))","Rows Removed by Filter":11,"Shared Hit Blocks":1383917,"Shared Read Blocks":0,"Shared Dirtied Blocks":0,"Shared Written Blocks":0,"Local Hit Blocks":0,"Local Read Blocks":0,"Local Dirtied Blocks":0,"Local Written Blocks":0,"Temp Read Blocks":0,"Temp Written Blocks":0,"I/O Read Time":0.0,"I/O Write Time":0.0,"Temp I/O Read Time":0.0,"Temp I/O Write Time":0.0}]}]}]}]},"Planning":{"Shared Hit Blocks":4,"Shared Read Blocks":0,"Shared Dirtied Blocks":0,"Shared Written Blocks":0,"Local Hit Blocks":0,"Local Read Blocks":0,"Local Dirtied Blocks":0,"Local Written Blocks":0,"Temp Read Blocks":0,"Temp Written Blocks":0,"I/O Read Time":0.0,"I/O Write Time":0.0,"Temp I/O Read Time":0.0,"Temp I/O Write Time":0.0},"Planning Time":1.225,"Triggers":[],"Execution Time":23632.243}]
[列存组合]: nation, order_line
[{"Plan":{"Node Type":"Sort","Parallel Aware":false,"Async Capable":false,"Startup Cost":4105159.33,"Total Cost":4105184.33,"Plan Rows":10000,"Plan Width":27,"Actual Startup Time":31735.174,"Actual Total Time":31735.196,"Actual Rows":156,"Actual Loops":1,"Output":["supplier.su_name","(count(*))"],"Sort Key":["(count(*)) DESC","supplier.su_name"],"Sort Method":"quicksort","Sort Space Used":35,"Sort Space Type":"Memory","Shared Hit Blocks":1433532,"Shared Read Blocks":0,"Shared Dirtied Blocks":0,"Shared Written Blocks":0,"Local Hit Blocks":0,"Local Read Blocks":0,"Local Dirtied Blocks":0,"Local Written Blocks":0,"Temp Read Blocks":173473,"Temp Written Blocks":173478,"I/O Read Time":0.0,"I/O Write Time":0.0,"Temp I/O Read Time":293.03,"Temp I/O Write Time":801.57,"Plans":[{"Node Type":"Aggregate","Strategy":"Sorted","Partial Mode":"Simple","Parent Relationship":"Outer","Parallel Aware":false,"Async Capable":false,"Startup Cost":4103825.0,"Total Cost":4104494.95,"Plan Rows":10000,"Plan Width":27,"Actual Startup Time":31684.346,"Actual Total Time":31735.138,"Actual Rows":156,"Actual Loops":1,"Output":["supplier.su_name","count(*)"],"Group Key":["supplier.su_name"],"Shared Hit Blocks":1433532,"Shared Read Blocks":0,"Shared Dirtied Blocks":0,"Shared Written Blocks":0,"Local Hit Blocks":0,"Local Read Blocks":0,"Local Dirtied Blocks":0,"Local Written Blocks":0,"Temp Read Blocks":173473,"Temp Written Blocks":173478,"I/O Read Time":0.0,"I/O Write Time":0.0,"Temp I/O Read Time":293.03,"Temp I/O Write Time":801.57,"Plans":[{"Node Type":"Sort","Parent Relationship":"Outer","Parallel Aware":false,"Async Capable":false,"Startup Cost":4103825.0,"Total Cost":4104014.98,"Plan Rows":75993,"Plan Width":19,"Actual Startup Time":31684.17,"Actual Total Time":31710.877,"Actual Rows":267482,"Actual Loops":1,"Output":["supplier.su_name"],"Sort Key":["supplier.su_name"],"Sort Method":"external merge","Sort Space Used":7624,"Sort Space Type":"Disk","Shared Hit Blocks":1433532,"Shared Read Blocks":0,"Shared Dirtied Blocks":0,"Shared Written Blocks":0,"Local Hit Blocks":0,"Local Read Blocks":0,"Local Dirtied Blocks":0,"Local Written Blocks":0,"Temp Read Blocks":173473,"Temp Written Blocks":173478,"I/O Read Time":0.0,"I/O Write Time":0.0,"Temp I/O Read Time":293.03,"Temp I/O Write Time":801.57,"Plans":[{"Node Type":"Nested Loop","Parent Relationship":"Outer","Parallel Aware":false,"Async Capable":false,"Join Type":"Anti","Startup Cost":578816.72,"Total Cost":4097664.41,"Plan Rows":75993,"Plan Width":19,"Actual Startup Time":3182.617,"Actual Total Time":31537.002,"Actual Rows":267482,"Actual Loops":1,"Output":["supplier.su_name"],"Inner Unique":false,"Shared Hit Blocks":1433532,"Shared Read Blocks":0,"Shared Dirtied Blocks":0,"Shared Written Blocks":0,"Local Hit Blocks":0,"Local Read Blocks":0,"Local Dirtied Blocks":0,"Local Written Blocks":0,"Temp Read Blocks":172520,"Temp Written Blocks":172520,"I/O Read Time":0.0,"I/O Write Time":0.0,"Temp I/O Read Time":291.568,"Temp I/O Write Time":797.899,"Plans":[{"Node Type":"Hash Join","Parent Relationship":"Outer","Parallel Aware":false,"Async Capable":false,"Join Type":"Inner","Startup Cost":578816.16,"Total Cost":1821571.45,"Plan Rows":113989,"Plan Width":39,"Actual Startup Time":3182.58,"Actual Total Time":29625.635,"Actual Rows":267482,"Actual Loops":1,"Output":["supplier.su_name","l1.ol_o_id","l1.ol_w_id","l1.ol_d_id","l1.ol_delivery_d"],"Inner Unique":true,"Hash Cond":"((l1.ol_o_id = orders.o_id) AND (l1.ol_w_id = orders.o_w_id) AND (l1.ol_d_id = orders.o_d_id))","Join Filter":"(l1.ol_delivery_d > orders.o_entry_d)","Rows Removed by Join Filter":0,"Shared Hit Blocks":49615,"Shared Read Blocks":0,"Shared Dirtied Blocks":0,"Shared Written Blocks":0,"Local Hit Blocks":0,"Local Read Blocks":0,"Local Dirtied Blocks":0,"Local Written Blocks":0,"Temp Read Blocks":172520,"Temp Written Blocks":172520,"I/O Read Time":0.0,"I/O Write Time":0.0,"Temp I/O Read Time":291.568,"Temp I/O Write Time":797.899,"Plans":[{"Node Type":"Hash Join","Parent Relationship":"Outer","Parallel Aware":false,"Async Capable":false,"Join Type":"Inner","Startup Cost":449221.08,"Total Cost":1665697.74,"Plan Rows":342176,"Plan Width":41,"Actual Startup Time":2086.465,"Actual Total Time":28158.161,"Actual Rows":267496,"Actual Loops":1,"Output":["supplier.su_name","stock.s_w_id","l1.ol_o_id","l1.ol_w_id","l1.ol_d_id","l1.ol_delivery_d"],"Inner Unique":true,"Hash Cond":"(supplier.su_nationkey = nation.n_nationkey)","Shared Hit Blocks":27556,"Shared Read Blocks":0,"Shared Dirtied Blocks":0,"Shared Written Blocks":0,"Local Hit Blocks":0,"Local Read Blocks":0,"Local Dirtied Blocks":0,"Local Written Blocks":0,"Temp Read Blocks":154737,"Temp Written Blocks":154737,"I/O Read Time":0.0,"I/O Write Time":0.0,"Temp I/O Read Time":261.371,"Temp I/O Write Time":709.536,"Plans":[{"Node Type":"Hash Join","Parent Relationship":"Outer","Parallel Aware":false,"Async Capable":false,"Join Type":"Inner","Startup Cost":449219.29,"Total Cost":1606200.04,"Plan Rows":21214932,"Plan Width":45,"Actual Startup Time":2080.333,"Actual Total Time":26655.22,"Actual Rows":20982320,"Actual Loops":1,"Output":["supplier.su_name","supplier.su_nationkey","stock.s_w_id","l1.ol_o_id","l1.ol_w_id","l1.ol_d_id","l1.ol_delivery_d"],"Inner Unique":true,"Hash Cond":"(mod((stock.s_w_id * stock.s_i_id), 10000) = supplier.su_suppkey)","Shared Hit Blocks":27555,"Shared Read Blocks":0,"Shared Dirtied Blocks":0,"Shared Written Blocks":0,"Local Hit Blocks":0,"Local Read Blocks":0,"Local Dirtied Blocks":0,"Local Written Blocks":0,"Temp Read Blocks":154737,"Temp Written Blocks":154737,"I/O Read Time":0.0,"I/O Write Time":0.0,"Temp I/O Read Time":261.371,"Temp I/O Write Time":709.536,"Plans":[{"Node Type":"Hash Join","Parent Relationship":"Outer","Parallel Aware":false,"Async Capable":false,"Join Type":"Inner","Startup Cost":448777.29,"Total Cost":1544736.75,"Plan Rows":21214932,"Plan Width":26,"Actual Startup Time":2077.567,"Actual Total Time":21914.047,"Actual Rows":20982320,"Actual Loops":1,"Output":["l1.ol_o_id","l1.ol_w_id","l1.ol_d_id","l1.ol_delivery_d","stock.s_w_id","stock.s_i_id"],"Inner Unique":true,"Hash Cond":"((l1.ol_w_id = stock.s_w_id) AND (l1.ol_i_id = stock.s_i_id))","Shared Hit Blocks":27338,"Shared Read Blocks":0,"Shared Dirtied Blocks":0,"Shared Written Blocks":0,"Local Hit Blocks":0,"Local Read Blocks":0,"Local Dirtied Blocks":0,"Local Written Blocks":0,"Temp Read Blocks":154737,"Temp Written Blocks":154737,"I/O Read Time":0.0,"I/O Write Time":0.0,"Temp I/O Read Time":261.371,"Temp I/O Write Time":709.536,"Plans":[{"Node Type":"Append","Parent Relationship":"Outer","Parallel Aware":false,"Async Capable":false,"Startup Cost":20.0,"Total Cost":701820.0,"Plan Rows":20926367,"Plan Width":24,"Actual Startup Time":1.182,"Actual Total Time":3911.792,"Actual Rows":20982320,"Actual Loops":1,"Shared Hit Blocks":0,"Shared Read Blocks":0,"Shared Dirtied Blocks":0,"Shared Written Blocks":0,"Local Hit Blocks":0,"Local Read Blocks":0,"Local Dirtied Blocks":0,"Local Written Blocks":0,"Temp Read Blocks":0,"Temp Written Blocks":0,"I/O Read Time":0.0,"I/O Write Time":0.0,"Temp I/O Read Time":0.0,"Temp I/O Write Time":0.0,"Subplans Removed":0,"Plans":[{"Node Type":"Custom Scan","Parent Relationship":"Member","Custom Plan Provider":"columnar scan","Parallel Aware":false,"Async Capable":false,"Relation Name":"order_line","Schema":"public","Alias":"l1","Startup Cost":20.0,"Total Cost":533641.75,"Plan Rows":20926325,"Plan Width":24,"Actual Startup Time":1.18,"Actual Total Time":2468.69,"Actual Rows":20982320,"Actual Loops":1,"Output":["l1.ol_o_id","l1.ol_w_id","l1.ol_d_id","l1.ol_i_id","l1.ol_delivery_d"],"Filter":"(l1.ol_delivery_d >= '1992-01-02 20:10:02.27764'::timestamp without time zone)","Rows Removed by Filter":0,"Rows Removed by Columnar Filter":9015412,"Rows Filtered by Bloom Filter":0,"Dictionary Rows Filtered by Bloom Filter":19831,"Columnar projection mode":"late materialization","Columnar cache search mode":"native","Shared Hit Blocks":0,"Shared Read Blocks":0,"Shared Dirtied Blocks":0,"Shared Written Blocks":0,"Local Hit Blocks":0,"Local Read Blocks":0,"Local Dirtied Blocks":0,"Local Written Blocks":0,"Temp Read Blocks":0,"Temp Written Blocks":0,"I/O Read Time":0.0,"I/O Write Time":0.0,"Temp I/O Read Time":0.0,"Temp I/O Write Time":0.0},{"Node Type":"Seq Scan","Parent Relationship":"Member","Parallel Aware":false,"Async Capable":false,"Relation Name":"order_line","Schema":"public","Alias":"l1","Startup Cost":0.0,"Total Cost":4.75,"Plan Rows":42,"Plan Width":24,"Actual Startup Time":0.0,"Actual Total Time":0.0,"Actual Rows":0,"Actual Loops":0,"Output":["l1.ol_o_id","l1.ol_w_id","l1.ol_d_id","l1.ol_i_id","l1.ol_delivery_d"],"Filter":"(l1.ol_delivery_d >= '1992-01-02 20:10:02.27764'::timestamp without time zone)","Rows Removed by Filter":0,"Shared Hit Blocks":0,"Shared Read Blocks":0,"Shared Dirtied Blocks":0,"Shared Written Blocks":0,"Local Hit Blocks":0,"Local Read Blocks":0,"Local Dirtied Blocks":0,"Local Written Blocks":0,"Temp Read Blocks":0,"Temp Written Blocks":0,"I/O Read Time":0.0,"I/O Write Time":0.0,"Temp I/O Read Time":0.0,"Temp I/O Write Time":0.0}]},{"Node Type":"Hash","Parent Relationship":"Inner","Parallel Aware":false,"Async Capable":false,"Startup Cost":259690.86,"Total Cost":259690.86,"Plan Rows":10000162,"Plan Width":6,"Actual Startup Time":2075.086,"Actual Total Time":2075.087,"Actual Rows":10000000,"Actual Loops":1,"Output":["stock.s_w_id","stock.s_i_id"],"Hash Buckets":262144,"Original Hash Buckets":262144,"Hash Batches":64,"Original Hash Batches":64,"Peak Memory Usage":8133,"Shared Hit Blocks":27338,"Shared Read Blocks":0,"Shared Dirtied Blocks":0,"Shared Written Blocks":0,"Local Hit Blocks":0,"Local Read Blocks":0,"Local Dirtied Blocks":0,"Local Written Blocks":0,"Temp Read Blocks":0,"Temp Written Blocks":33616,"I/O Read Time":0.0,"I/O Write Time":0.0,"Temp I/O Read Time":0.0,"Temp I/O Write Time":152.353,"Plans":[{"Node Type":"Index Only Scan","Parent Relationship":"Outer","Parallel Aware":false,"Async Capable":false,"Scan Direction":"Forward","Index Name":"stock_pk","Relation Name":"stock","Schema":"public","Alias":"stock","Startup Cost":0.43,"Total Cost":259690.86,"Plan Rows":10000162,"Plan Width":6,"Actual Startup Time":0.026,"Actual Total Time":719.699,"Actual Rows":10000000,"Actual Loops":1,"Output":["stock.s_w_id","stock.s_i_id"],"Heap Fetches":0,"Shared Hit Blocks":27338,"Shared Read Blocks":0,"Shared Dirtied Blocks":0,"Shared Written Blocks":0,"Local Hit Blocks":0,"Local Read Blocks":0,"Local Dirtied Blocks":0,"Local Written Blocks":0,"Temp Read Blocks":0,"Temp Written Blocks":0,"I/O Read Time":0.0,"I/O Write Time":0.0,"Temp I/O Read Time":0.0,"Temp I/O Write Time":0.0}]}]},{"Node Type":"Hash","Parent Relationship":"Inner","Parallel Aware":false,"Async Capable":false,"Startup Cost":317.0,"Total Cost":317.0,"Plan Rows":10000,"Plan Width":27,"Actual Startup Time":2.716,"Actual Total Time":2.717,"Actual Rows":10000,"Actual Loops":1,"Output":["supplier.su_name","supplier.su_suppkey","supplier.su_nationkey"],"Hash Buckets":16384,"Original Hash Buckets":16384,"Hash Batches":1,"Original Hash Batches":1,"Peak Memory Usage":714,"Shared Hit Blocks":217,"Shared Read Blocks":0,"Shared Dirtied Blocks":0,"Shared Written Blocks":0,"Local Hit Blocks":0,"Local Read Blocks":0,"Local Dirtied Blocks":0,"Local Written Blocks":0,"Temp Read Blocks":0,"Temp Written Blocks":0,"I/O Read Time":0.0,"I/O Write Time":0.0,"Temp I/O Read Time":0.0,"Temp I/O Write Time":0.0,"Plans":[{"Node Type":"Seq Scan","Parent Relationship":"Outer","Parallel Aware":false,"Async Capable":false,"Relation Name":"supplier","Schema":"public","Alias":"supplier","Startup Cost":0.0,"Total Cost":317.0,"Plan Rows":10000,"Plan Width":27,"Actual Startup Time":0.007,"Actual Total Time":1.297,"Actual Rows":10000,"Actual Loops":1,"Output":["supplier.su_name","supplier.su_suppkey","supplier.su_nationkey"],"Shared Hit Blocks":217,"Shared Read Blocks":0,"Shared Dirtied Blocks":0,"Shared Written Blocks":0,"Local Hit Blocks":0,"Local Read Blocks":0,"Local Dirtied Blocks":0,"Local Written Blocks":0,"Temp Read Blocks":0,"Temp Written Blocks":0,"I/O Read Time":0.0,"I/O Write Time":0.0,"Temp I/O Read Time":0.0,"Temp I/O Write Time":0.0}]}]},{"Node Type":"Hash","Parent Relationship":"Inner","Parallel Aware":false,"Async Capable":false,"Startup Cost":1.77,"Total Cost":1.77,"Plan Rows":1,"Plan Width":4,"Actual Startup Time":0.019,"Actual Total Time":0.02,"Actual Rows":1,"Actual Loops":1,"Output":["nation.n_nationkey"],"Hash Buckets":1024,"Original Hash Buckets":1024,"Hash Batches":1,"Original Hash Batches":1,"Peak Memory Usage":9,"Shared Hit Blocks":1,"Shared Read Blocks":0,"Shared Dirtied Blocks":0,"Shared Written Blocks":0,"Local Hit Blocks":0,"Local Read Blocks":0,"Local Dirtied Blocks":0,"Local Written Blocks":0,"Temp Read Blocks":0,"Temp Written Blocks":0,"I/O Read Time":0.0,"I/O Write Time":0.0,"Temp I/O Read Time":0.0,"Temp I/O Write Time":0.0,"Plans":[{"Node Type":"Seq Scan","Parent Relationship":"Outer","Parallel Aware":false,"Async Capable":false,"Relation Name":"nation","Schema":"public","Alias":"nation","Startup Cost":0.0,"Total Cost":1.77,"Plan Rows":1,"Plan Width":4,"Actual Startup Time":0.014,"Actual Total Time":0.017,"Actual Rows":1,"Actual Loops":1,"Output":["nation.n_nationkey"],"Filter":"((nation.n_name)::text = 'Cambodia'::text)","Rows Removed by Filter":61,"Shared Hit Blocks":1,"Shared Read Blocks":0,"Shared Dirtied Blocks":0,"Shared Written Blocks":0,"Local Hit Blocks":0,"Local Read Blocks":0,"Local Dirtied Blocks":0,"Local Written Blocks":0,"Temp Read Blocks":0,"Temp Written Blocks":0,"I/O Read Time":0.0,"I/O Write Time":0.0,"Temp I/O Read Time":0.0,"Temp I/O Write Time":0.0}]}]},{"Node Type":"Hash","Parent Relationship":"Inner","Parallel Aware":false,"Async Capable":false,"Startup Cost":59559.0,"Total Cost":59559.0,"Plan Rows":2998176,"Plan Width":20,"Actual Startup Time":1078.509,"Actual Total Time":1078.509,"Actual Rows":2997892,"Actual Loops":1,"Output":["orders.o_id","orders.o_w_id","orders.o_d_id","orders.o_entry_d"],"Hash Buckets":131072,"Original Hash Buckets":131072,"Hash Batches":32,"Original Hash Batches":32,"Peak Memory Usage":6158,"Shared Hit Blocks":22059,"Shared Read Blocks":0,"Shared Dirtied Blocks":0,"Shared Written Blocks":0,"Local Hit Blocks":0,"Local Read Blocks":0,"Local Dirtied Blocks":0,"Local Written Blocks":0,"Temp Read Blocks":0,"Temp Written Blocks":15583,"I/O Read Time":0.0,"I/O Write Time":0.0,"Temp I/O Read Time":0.0,"Temp I/O Write Time":72.112,"Plans":[{"Node Type":"Seq Scan","Parent Relationship":"Outer","Parallel Aware":false,"Async Capable":false,"Relation Name":"orders","Schema":"public","Alias":"orders","Startup Cost":0.0,"Total Cost":59559.0,"Plan Rows":2998176,"Plan Width":20,"Actual Startup Time":0.014,"Actual Total Time":379.448,"Actual Rows":2997892,"Actual Loops":1,"Output":["orders.o_id","orders.o_w_id","orders.o_d_id","orders.o_entry_d"],"Filter":"(orders.o_entry_d >= '1992-01-02 20:10:02.27764'::timestamp without time zone)","Rows Removed by Filter":2108,"Shared Hit Blocks":22059,"Shared Read Blocks":0,"Shared Dirtied Blocks":0,"Shared Written Blocks":0,"Local Hit Blocks":0,"Local Read Blocks":0,"Local Dirtied Blocks":0,"Local Written Blocks":0,"Temp Read Blocks":0,"Temp Written Blocks":0,"I/O Read Time":0.0,"I/O Write Time":0.0,"Temp I/O Read Time":0.0,"Temp I/O Write Time":0.0}]}]},{"Node Type":"Index Scan","Parent Relationship":"Inner","Parallel Aware":false,"Async Capable":false,"Scan Direction":"Forward","Index Name":"order_line_pk","Relation Name":"order_line","Schema":"public","Alias":"l2","Startup Cost":0.56,"Total Cost":26.51,"Plan Rows":2,"Plan Width":20,"Actual Startup Time":0.007,"Actual Total Time":0.007,"Actual Rows":0,"Actual Loops":267482,"Output":["l2.ol_o_id","l2.ol_d_id","l2.ol_w_id","l2.ol_number","l2.ol_i_id","l2.ol_supply_w_id","l2.ol_delivery_d","l2.ol_quantity","l2.ol_amount","l2.ol_dist_info"],"Index Cond":"((l2.ol_w_id = l1.ol_w_id) AND (l2.ol_d_id = l1.ol_d_id) AND (l2.ol_o_id = l1.ol_o_id))","Rows Removed by Index Recheck":0,"Filter":"((l2.ol_delivery_d >= '1992-01-02 20:10:02.27764'::timestamp without time zone) AND (l2.ol_delivery_d > l1.ol_delivery_d))","Rows Removed by Filter":11,"Shared Hit Blocks":1383917,"Shared Read Blocks":0,"Shared Dirtied Blocks":0,"Shared Written Blocks":0,"Local Hit Blocks":0,"Local Read Blocks":0,"Local Dirtied Blocks":0,"Local Written Blocks":0,"Temp Read Blocks":0,"Temp Written Blocks":0,"I/O Read Time":0.0,"I/O Write Time":0.0,"Temp I/O Read Time":0.0,"Temp I/O Write Time":0.0}]}]}]}]},"Planning":{"Shared Hit Blocks":4,"Shared Read Blocks":0,"Shared Dirtied Blocks":0,"Shared Written Blocks":0,"Local Hit Blocks":0,"Local Read Blocks":0,"Local Dirtied Blocks":0,"Local Written Blocks":0,"Temp Read Blocks":0,"Temp Written Blocks":0,"I/O Read Time":0.0,"I/O Write Time":0.0,"Temp I/O Read Time":0.0,"Temp I/O Write Time":0.0},"Planning Time":1.683,"Triggers":[],"Execution Time":31736.665}]
[列存组合]: nation, orders
[{"Plan":{"Node Type":"Sort","Parallel Aware":false,"Async Capable":false,"Startup Cost":4119195.73,"Total Cost":4119220.73,"Plan Rows":10000,"Plan Width":27,"Actual Startup Time":23448.543,"Actual Total Time":23448.559,"Actual Rows":156,"Actual Loops":1,"Output":["supplier.su_name","(count(*))"],"Sort Key":["(count(*)) DESC","supplier.su_name"],"Sort Method":"quicksort","Sort Space Used":35,"Sort Space Type":"Memory","Shared Hit Blocks":1774416,"Shared Read Blocks":0,"Shared Dirtied Blocks":0,"Shared Written Blocks":0,"Local Hit Blocks":0,"Local Read Blocks":0,"Local Dirtied Blocks":0,"Local Written Blocks":0,"Temp Read Blocks":163494,"Temp Written Blocks":163499,"I/O Read Time":0.0,"I/O Write Time":0.0,"Temp I/O Read Time":269.345,"Temp I/O Write Time":739.34,"Plans":[{"Node Type":"Aggregate","Strategy":"Sorted","Partial Mode":"Simple","Parent Relationship":"Outer","Parallel Aware":false,"Async Capable":false,"Startup Cost":4117861.4,"Total Cost":4118531.35,"Plan Rows":10000,"Plan Width":27,"Actual Startup Time":23397.6,"Actual Total Time":23448.505,"Actual Rows":156,"Actual Loops":1,"Output":["supplier.su_name","count(*)"],"Group Key":["supplier.su_name"],"Shared Hit Blocks":1774416,"Shared Read Blocks":0,"Shared Dirtied Blocks":0,"Shared Written Blocks":0,"Local Hit Blocks":0,"Local Read Blocks":0,"Local Dirtied Blocks":0,"Local Written Blocks":0,"Temp Read Blocks":163494,"Temp Written Blocks":163499,"I/O Read Time":0.0,"I/O Write Time":0.0,"Temp I/O Read Time":269.345,"Temp I/O Write Time":739.34,"Plans":[{"Node Type":"Sort","Parent Relationship":"Outer","Parallel Aware":false,"Async Capable":false,"Startup Cost":4117861.4,"Total Cost":4118051.38,"Plan Rows":75993,"Plan Width":19,"Actual Startup Time":23397.422,"Actual Total Time":23424.221,"Actual Rows":267482,"Actual Loops":1,"Output":["supplier.su_name"],"Sort Key":["supplier.su_name"],"Sort Method":"external merge","Sort Space Used":7624,"Sort Space Type":"Disk","Shared Hit Blocks":1774416,"Shared Read Blocks":0,"Shared Dirtied Blocks":0,"Shared Written Blocks":0,"Local Hit Blocks":0,"Local Read Blocks":0,"Local Dirtied Blocks":0,"Local Written Blocks":0,"Temp Read Blocks":163494,"Temp Written Blocks":163499,"I/O Read Time":0.0,"I/O Write Time":0.0,"Temp I/O Read Time":269.345,"Temp I/O Write Time":739.34,"Plans":[{"Node Type":"Nested Loop","Parent Relationship":"Outer","Parallel Aware":false,"Async Capable":false,"Join Type":"Anti","Startup Cost":578796.72,"Total Cost":4111700.81,"Plan Rows":75993,"Plan Width":19,"Actual Startup Time":2968.459,"Actual Total Time":23251.565,"Actual Rows":267482,"Actual Loops":1,"Output":["supplier.su_name"],"Inner Unique":false,"Shared Hit Blocks":1774416,"Shared Read Blocks":0,"Shared Dirtied Blocks":0,"Shared Written Blocks":0,"Local Hit Blocks":0,"Local Read Blocks":0,"Local Dirtied Blocks":0,"Local Written Blocks":0,"Temp Read Blocks":162541,"Temp Written Blocks":162541,"I/O Read Time":0.0,"I/O Write Time":0.0,"Temp I/O Read Time":267.875,"Temp I/O Write Time":735.687,"Plans":[{"Node Type":"Hash Join","Parent Relationship":"Outer","Parallel Aware":false,"Async Capable":false,"Join Type":"Inner","Startup Cost":578796.16,"Total Cost":1835607.85,"Plan Rows":113989,"Plan Width":39,"Actual Startup Time":2968.409,"Actual Total Time":21366.377,"Actual Rows":267482,"Actual Loops":1,"Output":["supplier.su_name","l1.ol_o_id","l1.ol_w_id","l1.ol_d_id","l1.ol_delivery_d"],"Inner Unique":true,"Hash Cond":"((l1.ol_o_id = orders.o_id) AND (l1.ol_w_id = orders.o_w_id) AND (l1.ol_d_id = orders.o_d_id))","Join Filter":"(l1.ol_delivery_d > orders.o_entry_d)","Rows Removed by Join Filter":0,"Shared Hit Blocks":390499,"Shared Read Blocks":0,"Shared Dirtied Blocks":0,"Shared Written Blocks":0,"Local Hit Blocks":0,"Local Read Blocks":0,"Local Dirtied Blocks":0,"Local Written Blocks":0,"Temp Read Blocks":162541,"Temp Written Blocks":162541,"I/O Read Time":0.0,"I/O Write Time":0.0,"Temp I/O Read Time":267.875,"Temp I/O Write Time":735.687,"Plans":[{"Node Type":"Hash Join","Parent Relationship":"Outer","Parallel Aware":false,"Async Capable":false,"Join Type":"Inner","Startup Cost":449201.08,"Total Cost":1679734.14,"Plan Rows":342176,"Plan Width":41,"Actual Startup Time":2080.377,"Actual Total Time":20112.438,"Actual Rows":267756,"Actual Loops":1,"Output":["supplier.su_name","stock.s_w_id","l1.ol_o_id","l1.ol_w_id","l1.ol_d_id","l1.ol_delivery_d"],"Inner Unique":true,"Hash Cond":"(supplier.su_nationkey = nation.n_nationkey)","Shared Hit Blocks":368440,"Shared Read Blocks":0,"Shared Dirtied Blocks":0,"Shared Written Blocks":0,"Local Hit Blocks":0,"Local Read Blocks":0,"Local Dirtied Blocks":0,"Local Written Blocks":0,"Temp Read Blocks":144757,"Temp Written Blocks":144757,"I/O Read Time":0.0,"I/O Write Time":0.0,"Temp I/O Read Time":237.746,"Temp I/O Write Time":654.391,"Plans":[{"Node Type":"Hash Join","Parent Relationship":"Outer","Parallel Aware":false,"Async Capable":false,"Join Type":"Inner","Startup Cost":449199.29,"Total Cost":1620236.44,"Plan Rows":21214932,"Plan Width":45,"Actual Startup Time":2080.237,"Actual Total Time":18686.045,"Actual Rows":21002151,"Actual Loops":1,"Output":["supplier.su_name","supplier.su_nationkey","stock.s_w_id","l1.ol_o_id","l1.ol_w_id","l1.ol_d_id","l1.ol_delivery_d"],"Inner Unique":true,"Hash Cond":"(mod((stock.s_w_id * stock.s_i_id), 10000) = supplier.su_suppkey)","Shared Hit Blocks":368439,"Shared Read Blocks":0,"Shared Dirtied Blocks":0,"Shared Written Blocks":0,"Local Hit Blocks":0,"Local Read Blocks":0,"Local Dirtied Blocks":0,"Local Written Blocks":0,"Temp Read Blocks":144757,"Temp Written Blocks":144757,"I/O Read Time":0.0,"I/O Write Time":0.0,"Temp I/O Read Time":237.746,"Temp I/O Write Time":654.391,"Plans":[{"Node Type":"Hash Join","Parent Relationship":"Outer","Parallel Aware":false,"Async Capable":false,"Join Type":"Inner","Startup Cost":448757.29,"Total Cost":1558773.15,"Plan Rows":21214932,"Plan Width":26,"Actual Startup Time":2077.669,"Actual Total Time":14244.521,"Actual Rows":21002151,"Actual Loops":1,"Output":["l1.ol_o_id","l1.ol_w_id","l1.ol_d_id","l1.ol_delivery_d","stock.s_w_id","stock.s_i_id"],"Inner Unique":true,"Hash Cond":"((l1.ol_w_id = stock.s_w_id) AND (l1.ol_i_id = stock.s_i_id))","Shared Hit Blocks":368222,"Shared Read Blocks":0,"Shared Dirtied Blocks":0,"Shared Written Blocks":0,"Local Hit Blocks":0,"Local Read Blocks":0,"Local Dirtied Blocks":0,"Local Written Blocks":0,"Temp Read Blocks":144757,"Temp Written Blocks":144757,"I/O Read Time":0.0,"I/O Write Time":0.0,"Temp I/O Read Time":237.746,"Temp I/O Write Time":654.391,"Plans":[{"Node Type":"Seq Scan","Parent Relationship":"Outer","Parallel Aware":false,"Async Capable":false,"Relation Name":"order_line","Schema":"public","Alias":"l1","Startup Cost":0.0,"Total Cost":715856.4,"Plan Rows":20926367,"Plan Width":24,"Actual Startup Time":0.009,"Actual Total Time":3386.836,"Actual Rows":21002151,"Actual Loops":1,"Output":["l1.ol_o_id","l1.ol_w_id","l1.ol_d_id","l1.ol_i_id","l1.ol_delivery_d"],"Filter":"(l1.ol_delivery_d >= '1992-01-02 20:10:02.27764'::timestamp without time zone)","Rows Removed by Filter":8995581,"Shared Hit Blocks":340884,"Shared Read Blocks":0,"Shared Dirtied Blocks":0,"Shared Written Blocks":0,"Local Hit Blocks":0,"Local Read Blocks":0,"Local Dirtied Blocks":0,"Local Written Blocks":0,"Temp Read Blocks":0,"Temp Written Blocks":0,"I/O Read Time":0.0,"I/O Write Time":0.0,"Temp I/O Read Time":0.0,"Temp I/O Write Time":0.0},{"Node Type":"Hash","Parent Relationship":"Inner","Parallel Aware":false,"Async Capable":false,"Startup Cost":259690.86,"Total Cost":259690.86,"Plan Rows":10000162,"Plan Width":6,"Actual Startup Time":2076.278,"Actual Total Time":2076.28,"Actual Rows":10000000,"Actual Loops":1,"Output":["stock.s_w_id","stock.s_i_id"],"Hash Buckets":262144,"Original Hash Buckets":262144,"Hash Batches":64,"Original Hash Batches":64,"Peak Memory Usage":8133,"Shared Hit Blocks":27338,"Shared Read Blocks":0,"Shared Dirtied Blocks":0,"Shared Written Blocks":0,"Local Hit Blocks":0,"Local Read Blocks":0,"Local Dirtied Blocks":0,"Local Written Blocks":0,"Temp Read Blocks":0,"Temp Written Blocks":33616,"I/O Read Time":0.0,"I/O Write Time":0.0,"Temp I/O Read Time":0.0,"Temp I/O Write Time":149.315,"Plans":[{"Node Type":"Index Only Scan","Parent Relationship":"Outer","Parallel Aware":false,"Async Capable":false,"Scan Direction":"Forward","Index Name":"stock_pk","Relation Name":"stock","Schema":"public","Alias":"stock","Startup Cost":0.43,"Total Cost":259690.86,"Plan Rows":10000162,"Plan Width":6,"Actual Startup Time":0.025,"Actual Total Time":717.632,"Actual Rows":10000000,"Actual Loops":1,"Output":["stock.s_w_id","stock.s_i_id"],"Heap Fetches":0,"Shared Hit Blocks":27338,"Shared Read Blocks":0,"Shared Dirtied Blocks":0,"Shared Written Blocks":0,"Local Hit Blocks":0,"Local Read Blocks":0,"Local Dirtied Blocks":0,"Local Written Blocks":0,"Temp Read Blocks":0,"Temp Written Blocks":0,"I/O Read Time":0.0,"I/O Write Time":0.0,"Temp I/O Read Time":0.0,"Temp I/O Write Time":0.0}]}]},{"Node Type":"Hash","Parent Relationship":"Inner","Parallel Aware":false,"Async Capable":false,"Startup Cost":317.0,"Total Cost":317.0,"Plan Rows":10000,"Plan Width":27,"Actual Startup Time":2.545,"Actual Total Time":2.546,"Actual Rows":10000,"Actual Loops":1,"Output":["supplier.su_name","supplier.su_suppkey","supplier.su_nationkey"],"Hash Buckets":16384,"Original Hash Buckets":16384,"Hash Batches":1,"Original Hash Batches":1,"Peak Memory Usage":714,"Shared Hit Blocks":217,"Shared Read Blocks":0,"Shared Dirtied Blocks":0,"Shared Written Blocks":0,"Local Hit Blocks":0,"Local Read Blocks":0,"Local Dirtied Blocks":0,"Local Written Blocks":0,"Temp Read Blocks":0,"Temp Written Blocks":0,"I/O Read Time":0.0,"I/O Write Time":0.0,"Temp I/O Read Time":0.0,"Temp I/O Write Time":0.0,"Plans":[{"Node Type":"Seq Scan","Parent Relationship":"Outer","Parallel Aware":false,"Async Capable":false,"Relation Name":"supplier","Schema":"public","Alias":"supplier","Startup Cost":0.0,"Total Cost":317.0,"Plan Rows":10000,"Plan Width":27,"Actual Startup Time":0.007,"Actual Total Time":1.248,"Actual Rows":10000,"Actual Loops":1,"Output":["supplier.su_name","supplier.su_suppkey","supplier.su_nationkey"],"Shared Hit Blocks":217,"Shared Read Blocks":0,"Shared Dirtied Blocks":0,"Shared Written Blocks":0,"Local Hit Blocks":0,"Local Read Blocks":0,"Local Dirtied Blocks":0,"Local Written Blocks":0,"Temp Read Blocks":0,"Temp Written Blocks":0,"I/O Read Time":0.0,"I/O Write Time":0.0,"Temp I/O Read Time":0.0,"Temp I/O Write Time":0.0}]}]},{"Node Type":"Hash","Parent Relationship":"Inner","Parallel Aware":false,"Async Capable":false,"Startup Cost":1.77,"Total Cost":1.77,"Plan Rows":1,"Plan Width":4,"Actual Startup Time":0.015,"Actual Total Time":0.016,"Actual Rows":1,"Actual Loops":1,"Output":["nation.n_nationkey"],"Hash Buckets":1024,"Original Hash Buckets":1024,"Hash Batches":1,"Original Hash Batches":1,"Peak Memory Usage":9,"Shared Hit Blocks":1,"Shared Read Blocks":0,"Shared Dirtied Blocks":0,"Shared Written Blocks":0,"Local Hit Blocks":0,"Local Read Blocks":0,"Local Dirtied Blocks":0,"Local Written Blocks":0,"Temp Read Blocks":0,"Temp Written Blocks":0,"I/O Read Time":0.0,"I/O Write Time":0.0,"Temp I/O Read Time":0.0,"Temp I/O Write Time":0.0,"Plans":[{"Node Type":"Seq Scan","Parent Relationship":"Outer","Parallel Aware":false,"Async Capable":false,"Relation Name":"nation","Schema":"public","Alias":"nation","Startup Cost":0.0,"Total Cost":1.77,"Plan Rows":1,"Plan Width":4,"Actual Startup Time":0.012,"Actual Total Time":0.014,"Actual Rows":1,"Actual Loops":1,"Output":["nation.n_nationkey"],"Filter":"((nation.n_name)::text = 'Cambodia'::text)","Rows Removed by Filter":61,"Shared Hit Blocks":1,"Shared Read Blocks":0,"Shared Dirtied Blocks":0,"Shared Written Blocks":0,"Local Hit Blocks":0,"Local Read Blocks":0,"Local Dirtied Blocks":0,"Local Written Blocks":0,"Temp Read Blocks":0,"Temp Written Blocks":0,"I/O Read Time":0.0,"I/O Write Time":0.0,"Temp I/O Read Time":0.0,"Temp I/O Write Time":0.0}]}]},{"Node Type":"Hash","Parent Relationship":"Inner","Parallel Aware":false,"Async Capable":false,"Startup Cost":59559.0,"Total Cost":59559.0,"Plan Rows":2998176,"Plan Width":20,"Actual Startup Time":869.674,"Actual Total Time":869.675,"Actual Rows":2997892,"Actual Loops":1,"Output":["orders.o_id","orders.o_w_id","orders.o_d_id","orders.o_entry_d"],"Hash Buckets":131072,"Original Hash Buckets":131072,"Hash Batches":32,"Original Hash Batches":32,"Peak Memory Usage":6158,"Shared Hit Blocks":22059,"Shared Read Blocks":0,"Shared Dirtied Blocks":0,"Shared Written Blocks":0,"Local Hit Blocks":0,"Local Read Blocks":0,"Local Dirtied Blocks":0,"Local Written Blocks":0,"Temp Read Blocks":0,"Temp Written Blocks":15583,"I/O Read Time":0.0,"I/O Write Time":0.0,"Temp I/O Read Time":0.0,"Temp I/O Write Time":67.046,"Plans":[{"Node Type":"Seq Scan","Parent Relationship":"Outer","Parallel Aware":false,"Async Capable":false,"Relation Name":"orders","Schema":"public","Alias":"orders","Startup Cost":0.0,"Total Cost":59559.0,"Plan Rows":2998176,"Plan Width":20,"Actual Startup Time":0.011,"Actual Total Time":356.875,"Actual Rows":2997892,"Actual Loops":1,"Output":["orders.o_id","orders.o_w_id","orders.o_d_id","orders.o_entry_d"],"Filter":"(orders.o_entry_d >= '1992-01-02 20:10:02.27764'::timestamp without time zone)","Rows Removed by Filter":2108,"Shared Hit Blocks":22059,"Shared Read Blocks":0,"Shared Dirtied Blocks":0,"Shared Written Blocks":0,"Local Hit Blocks":0,"Local Read Blocks":0,"Local Dirtied Blocks":0,"Local Written Blocks":0,"Temp Read Blocks":0,"Temp Written Blocks":0,"I/O Read Time":0.0,"I/O Write Time":0.0,"Temp I/O Read Time":0.0,"Temp I/O Write Time":0.0}]}]},{"Node Type":"Index Scan","Parent Relationship":"Inner","Parallel Aware":false,"Async Capable":false,"Scan Direction":"Forward","Index Name":"order_line_pk","Relation Name":"order_line","Schema":"public","Alias":"l2","Startup Cost":0.56,"Total Cost":26.51,"Plan Rows":2,"Plan Width":20,"Actual Startup Time":0.007,"Actual Total Time":0.007,"Actual Rows":0,"Actual Loops":267482,"Output":["l2.ol_o_id","l2.ol_d_id","l2.ol_w_id","l2.ol_number","l2.ol_i_id","l2.ol_supply_w_id","l2.ol_delivery_d","l2.ol_quantity","l2.ol_amount","l2.ol_dist_info"],"Index Cond":"((l2.ol_w_id = l1.ol_w_id) AND (l2.ol_d_id = l1.ol_d_id) AND (l2.ol_o_id = l1.ol_o_id))","Rows Removed by Index Recheck":0,"Filter":"((l2.ol_delivery_d >= '1992-01-02 20:10:02.27764'::timestamp without time zone) AND (l2.ol_delivery_d > l1.ol_delivery_d))","Rows Removed by Filter":11,"Shared Hit Blocks":1383917,"Shared Read Blocks":0,"Shared Dirtied Blocks":0,"Shared Written Blocks":0,"Local Hit Blocks":0,"Local Read Blocks":0,"Local Dirtied Blocks":0,"Local Written Blocks":0,"Temp Read Blocks":0,"Temp Written Blocks":0,"I/O Read Time":0.0,"I/O Write Time":0.0,"Temp I/O Read Time":0.0,"Temp I/O Write Time":0.0}]}]}]}]},"Planning":{"Shared Hit Blocks":4,"Shared Read Blocks":0,"Shared Dirtied Blocks":0,"Shared Written Blocks":0,"Local Hit Blocks":0,"Local Read Blocks":0,"Local Dirtied Blocks":0,"Local Written Blocks":0,"Temp Read Blocks":0,"Temp Written Blocks":0,"I/O Read Time":0.0,"I/O Write Time":0.0,"Temp I/O Read Time":0.0,"Temp I/O Write Time":0.0},"Planning Time":1.295,"Triggers":[],"Execution Time":23449.969}]
[列存组合]: nation, stock
[{"Plan":{"Node Type":"Sort","Parallel Aware":false,"Async Capable":false,"Startup Cost":4119195.73,"Total Cost":4119220.73,"Plan Rows":10000,"Plan Width":27,"Actual Startup Time":23392.161,"Actual Total Time":23392.178,"Actual Rows":156,"Actual Loops":1,"Output":["supplier.su_name","(count(*))"],"Sort Key":["(count(*)) DESC","supplier.su_name"],"Sort Method":"quicksort","Sort Space Used":35,"Sort Space Type":"Memory","Shared Hit Blocks":1774416,"Shared Read Blocks":0,"Shared Dirtied Blocks":0,"Shared Written Blocks":0,"Local Hit Blocks":0,"Local Read Blocks":0,"Local Dirtied Blocks":0,"Local Written Blocks":0,"Temp Read Blocks":163494,"Temp Written Blocks":163499,"I/O Read Time":0.0,"I/O Write Time":0.0,"Temp I/O Read Time":268.123,"Temp I/O Write Time":744.122,"Plans":[{"Node Type":"Aggregate","Strategy":"Sorted","Partial Mode":"Simple","Parent Relationship":"Outer","Parallel Aware":false,"Async Capable":false,"Startup Cost":4117861.4,"Total Cost":4118531.35,"Plan Rows":10000,"Plan Width":27,"Actual Startup Time":23341.395,"Actual Total Time":23392.121,"Actual Rows":156,"Actual Loops":1,"Output":["supplier.su_name","count(*)"],"Group Key":["supplier.su_name"],"Shared Hit Blocks":1774416,"Shared Read Blocks":0,"Shared Dirtied Blocks":0,"Shared Written Blocks":0,"Local Hit Blocks":0,"Local Read Blocks":0,"Local Dirtied Blocks":0,"Local Written Blocks":0,"Temp Read Blocks":163494,"Temp Written Blocks":163499,"I/O Read Time":0.0,"I/O Write Time":0.0,"Temp I/O Read Time":268.123,"Temp I/O Write Time":744.122,"Plans":[{"Node Type":"Sort","Parent Relationship":"Outer","Parallel Aware":false,"Async Capable":false,"Startup Cost":4117861.4,"Total Cost":4118051.38,"Plan Rows":75993,"Plan Width":19,"Actual Startup Time":23341.216,"Actual Total Time":23367.866,"Actual Rows":267482,"Actual Loops":1,"Output":["supplier.su_name"],"Sort Key":["supplier.su_name"],"Sort Method":"external merge","Sort Space Used":7624,"Sort Space Type":"Disk","Shared Hit Blocks":1774416,"Shared Read Blocks":0,"Shared Dirtied Blocks":0,"Shared Written Blocks":0,"Local Hit Blocks":0,"Local Read Blocks":0,"Local Dirtied Blocks":0,"Local Written Blocks":0,"Temp Read Blocks":163494,"Temp Written Blocks":163499,"I/O Read Time":0.0,"I/O Write Time":0.0,"Temp I/O Read Time":268.123,"Temp I/O Write Time":744.122,"Plans":[{"Node Type":"Nested Loop","Parent Relationship":"Outer","Parallel Aware":false,"Async Capable":false,"Join Type":"Anti","Startup Cost":578796.72,"Total Cost":4111700.81,"Plan Rows":75993,"Plan Width":19,"Actual Startup Time":2974.498,"Actual Total Time":23195.165,"Actual Rows":267482,"Actual Loops":1,"Output":["supplier.su_name"],"Inner Unique":false,"Shared Hit Blocks":1774416,"Shared Read Blocks":0,"Shared Dirtied Blocks":0,"Shared Written Blocks":0,"Local Hit Blocks":0,"Local Read Blocks":0,"Local Dirtied Blocks":0,"Local Written Blocks":0,"Temp Read Blocks":162541,"Temp Written Blocks":162541,"I/O Read Time":0.0,"I/O Write Time":0.0,"Temp I/O Read Time":266.659,"Temp I/O Write Time":740.457,"Plans":[{"Node Type":"Hash Join","Parent Relationship":"Outer","Parallel Aware":false,"Async Capable":false,"Join Type":"Inner","Startup Cost":578796.16,"Total Cost":1835607.85,"Plan Rows":113989,"Plan Width":39,"Actual Startup Time":2974.463,"Actual Total Time":21313.65,"Actual Rows":267482,"Actual Loops":1,"Output":["supplier.su_name","l1.ol_o_id","l1.ol_w_id","l1.ol_d_id","l1.ol_delivery_d"],"Inner Unique":true,"Hash Cond":"((l1.ol_o_id = orders.o_id) AND (l1.ol_w_id = orders.o_w_id) AND (l1.ol_d_id = orders.o_d_id))","Join Filter":"(l1.ol_delivery_d > orders.o_entry_d)","Rows Removed by Join Filter":0,"Shared Hit Blocks":390499,"Shared Read Blocks":0,"Shared Dirtied Blocks":0,"Shared Written Blocks":0,"Local Hit Blocks":0,"Local Read Blocks":0,"Local Dirtied Blocks":0,"Local Written Blocks":0,"Temp Read Blocks":162541,"Temp Written Blocks":162541,"I/O Read Time":0.0,"I/O Write Time":0.0,"Temp I/O Read Time":266.659,"Temp I/O Write Time":740.457,"Plans":[{"Node Type":"Hash Join","Parent Relationship":"Outer","Parallel Aware":false,"Async Capable":false,"Join Type":"Inner","Startup Cost":449201.08,"Total Cost":1679734.14,"Plan Rows":342176,"Plan Width":41,"Actual Startup Time":2083.255,"Actual Total Time":20057.21,"Actual Rows":267756,"Actual Loops":1,"Output":["supplier.su_name","stock.s_w_id","l1.ol_o_id","l1.ol_w_id","l1.ol_d_id","l1.ol_delivery_d"],"Inner Unique":true,"Hash Cond":"(supplier.su_nationkey = nation.n_nationkey)","Shared Hit Blocks":368440,"Shared Read Blocks":0,"Shared Dirtied Blocks":0,"Shared Written Blocks":0,"Local Hit Blocks":0,"Local Read Blocks":0,"Local Dirtied Blocks":0,"Local Written Blocks":0,"Temp Read Blocks":144757,"Temp Written Blocks":144757,"I/O Read Time":0.0,"I/O Write Time":0.0,"Temp I/O Read Time":236.512,"Temp I/O Write Time":656.692,"Plans":[{"Node Type":"Hash Join","Parent Relationship":"Outer","Parallel Aware":false,"Async Capable":false,"Join Type":"Inner","Startup Cost":449199.29,"Total Cost":1620236.44,"Plan Rows":21214932,"Plan Width":45,"Actual Startup Time":2083.129,"Actual Total Time":18639.858,"Actual Rows":21002151,"Actual Loops":1,"Output":["supplier.su_name","supplier.su_nationkey","stock.s_w_id","l1.ol_o_id","l1.ol_w_id","l1.ol_d_id","l1.ol_delivery_d"],"Inner Unique":true,"Hash Cond":"(mod((stock.s_w_id * stock.s_i_id), 10000) = supplier.su_suppkey)","Shared Hit Blocks":368439,"Shared Read Blocks":0,"Shared Dirtied Blocks":0,"Shared Written Blocks":0,"Local Hit Blocks":0,"Local Read Blocks":0,"Local Dirtied Blocks":0,"Local Written Blocks":0,"Temp Read Blocks":144757,"Temp Written Blocks":144757,"I/O Read Time":0.0,"I/O Write Time":0.0,"Temp I/O Read Time":236.512,"Temp I/O Write Time":656.692,"Plans":[{"Node Type":"Hash Join","Parent Relationship":"Outer","Parallel Aware":false,"Async Capable":false,"Join Type":"Inner","Startup Cost":448757.29,"Total Cost":1558773.15,"Plan Rows":21214932,"Plan Width":26,"Actual Startup Time":2080.408,"Actual Total Time":14220.877,"Actual Rows":21002151,"Actual Loops":1,"Output":["l1.ol_o_id","l1.ol_w_id","l1.ol_d_id","l1.ol_delivery_d","stock.s_w_id","stock.s_i_id"],"Inner Unique":true,"Hash Cond":"((l1.ol_w_id = stock.s_w_id) AND (l1.ol_i_id = stock.s_i_id))","Shared Hit Blocks":368222,"Shared Read Blocks":0,"Shared Dirtied Blocks":0,"Shared Written Blocks":0,"Local Hit Blocks":0,"Local Read Blocks":0,"Local Dirtied Blocks":0,"Local Written Blocks":0,"Temp Read Blocks":144757,"Temp Written Blocks":144757,"I/O Read Time":0.0,"I/O Write Time":0.0,"Temp I/O Read Time":236.512,"Temp I/O Write Time":656.692,"Plans":[{"Node Type":"Seq Scan","Parent Relationship":"Outer","Parallel Aware":false,"Async Capable":false,"Relation Name":"order_line","Schema":"public","Alias":"l1","Startup Cost":0.0,"Total Cost":715856.4,"Plan Rows":20926367,"Plan Width":24,"Actual Startup Time":0.011,"Actual Total Time":3355.216,"Actual Rows":21002151,"Actual Loops":1,"Output":["l1.ol_o_id","l1.ol_w_id","l1.ol_d_id","l1.ol_i_id","l1.ol_delivery_d"],"Filter":"(l1.ol_delivery_d >= '1992-01-02 20:10:02.27764'::timestamp without time zone)","Rows Removed by Filter":8995581,"Shared Hit Blocks":340884,"Shared Read Blocks":0,"Shared Dirtied Blocks":0,"Shared Written Blocks":0,"Local Hit Blocks":0,"Local Read Blocks":0,"Local Dirtied Blocks":0,"Local Written Blocks":0,"Temp Read Blocks":0,"Temp Written Blocks":0,"I/O Read Time":0.0,"I/O Write Time":0.0,"Temp I/O Read Time":0.0,"Temp I/O Write Time":0.0},{"Node Type":"Hash","Parent Relationship":"Inner","Parallel Aware":false,"Async Capable":false,"Startup Cost":259690.86,"Total Cost":259690.86,"Plan Rows":10000162,"Plan Width":6,"Actual Startup Time":2079.06,"Actual Total Time":2079.063,"Actual Rows":10000000,"Actual Loops":1,"Output":["stock.s_w_id","stock.s_i_id"],"Hash Buckets":262144,"Original Hash Buckets":262144,"Hash Batches":64,"Original Hash Batches":64,"Peak Memory Usage":8133,"Shared Hit Blocks":27338,"Shared Read Blocks":0,"Shared Dirtied Blocks":0,"Shared Written Blocks":0,"Local Hit Blocks":0,"Local Read Blocks":0,"Local Dirtied Blocks":0,"Local Written Blocks":0,"Temp Read Blocks":0,"Temp Written Blocks":33616,"I/O Read Time":0.0,"I/O Write Time":0.0,"Temp I/O Read Time":0.0,"Temp I/O Write Time":151.983,"Plans":[{"Node Type":"Index Only Scan","Parent Relationship":"Outer","Parallel Aware":false,"Async Capable":false,"Scan Direction":"Forward","Index Name":"stock_pk","Relation Name":"stock","Schema":"public","Alias":"stock","Startup Cost":0.43,"Total Cost":259690.86,"Plan Rows":10000162,"Plan Width":6,"Actual Startup Time":0.024,"Actual Total Time":718.0,"Actual Rows":10000000,"Actual Loops":1,"Output":["stock.s_w_id","stock.s_i_id"],"Heap Fetches":0,"Shared Hit Blocks":27338,"Shared Read Blocks":0,"Shared Dirtied Blocks":0,"Shared Written Blocks":0,"Local Hit Blocks":0,"Local Read Blocks":0,"Local Dirtied Blocks":0,"Local Written Blocks":0,"Temp Read Blocks":0,"Temp Written Blocks":0,"I/O Read Time":0.0,"I/O Write Time":0.0,"Temp I/O Read Time":0.0,"Temp I/O Write Time":0.0}]}]},{"Node Type":"Hash","Parent Relationship":"Inner","Parallel Aware":false,"Async Capable":false,"Startup Cost":317.0,"Total Cost":317.0,"Plan Rows":10000,"Plan Width":27,"Actual Startup Time":2.671,"Actual Total Time":2.672,"Actual Rows":10000,"Actual Loops":1,"Output":["supplier.su_name","supplier.su_suppkey","supplier.su_nationkey"],"Hash Buckets":16384,"Original Hash Buckets":16384,"Hash Batches":1,"Original Hash Batches":1,"Peak Memory Usage":714,"Shared Hit Blocks":217,"Shared Read Blocks":0,"Shared Dirtied Blocks":0,"Shared Written Blocks":0,"Local Hit Blocks":0,"Local Read Blocks":0,"Local Dirtied Blocks":0,"Local Written Blocks":0,"Temp Read Blocks":0,"Temp Written Blocks":0,"I/O Read Time":0.0,"I/O Write Time":0.0,"Temp I/O Read Time":0.0,"Temp I/O Write Time":0.0,"Plans":[{"Node Type":"Seq Scan","Parent Relationship":"Outer","Parallel Aware":false,"Async Capable":false,"Relation Name":"supplier","Schema":"public","Alias":"supplier","Startup Cost":0.0,"Total Cost":317.0,"Plan Rows":10000,"Plan Width":27,"Actual Startup Time":0.006,"Actual Total Time":1.241,"Actual Rows":10000,"Actual Loops":1,"Output":["supplier.su_name","supplier.su_suppkey","supplier.su_nationkey"],"Shared Hit Blocks":217,"Shared Read Blocks":0,"Shared Dirtied Blocks":0,"Shared Written Blocks":0,"Local Hit Blocks":0,"Local Read Blocks":0,"Local Dirtied Blocks":0,"Local Written Blocks":0,"Temp Read Blocks":0,"Temp Written Blocks":0,"I/O Read Time":0.0,"I/O Write Time":0.0,"Temp I/O Read Time":0.0,"Temp I/O Write Time":0.0}]}]},{"Node Type":"Hash","Parent Relationship":"Inner","Parallel Aware":false,"Async Capable":false,"Startup Cost":1.77,"Total Cost":1.77,"Plan Rows":1,"Plan Width":4,"Actual Startup Time":0.018,"Actual Total Time":0.019,"Actual Rows":1,"Actual Loops":1,"Output":["nation.n_nationkey"],"Hash Buckets":1024,"Original Hash Buckets":1024,"Hash Batches":1,"Original Hash Batches":1,"Peak Memory Usage":9,"Shared Hit Blocks":1,"Shared Read Blocks":0,"Shared Dirtied Blocks":0,"Shared Written Blocks":0,"Local Hit Blocks":0,"Local Read Blocks":0,"Local Dirtied Blocks":0,"Local Written Blocks":0,"Temp Read Blocks":0,"Temp Written Blocks":0,"I/O Read Time":0.0,"I/O Write Time":0.0,"Temp I/O Read Time":0.0,"Temp I/O Write Time":0.0,"Plans":[{"Node Type":"Seq Scan","Parent Relationship":"Outer","Parallel Aware":false,"Async Capable":false,"Relation Name":"nation","Schema":"public","Alias":"nation","Startup Cost":0.0,"Total Cost":1.77,"Plan Rows":1,"Plan Width":4,"Actual Startup Time":0.014,"Actual Total Time":0.016,"Actual Rows":1,"Actual Loops":1,"Output":["nation.n_nationkey"],"Filter":"((nation.n_name)::text = 'Cambodia'::text)","Rows Removed by Filter":61,"Shared Hit Blocks":1,"Shared Read Blocks":0,"Shared Dirtied Blocks":0,"Shared Written Blocks":0,"Local Hit Blocks":0,"Local Read Blocks":0,"Local Dirtied Blocks":0,"Local Written Blocks":0,"Temp Read Blocks":0,"Temp Written Blocks":0,"I/O Read Time":0.0,"I/O Write Time":0.0,"Temp I/O Read Time":0.0,"Temp I/O Write Time":0.0}]}]},{"Node Type":"Hash","Parent Relationship":"Inner","Parallel Aware":false,"Async Capable":false,"Startup Cost":59559.0,"Total Cost":59559.0,"Plan Rows":2998176,"Plan Width":20,"Actual Startup Time":872.817,"Actual Total Time":872.818,"Actual Rows":2997892,"Actual Loops":1,"Output":["orders.o_id","orders.o_w_id","orders.o_d_id","orders.o_entry_d"],"Hash Buckets":131072,"Original Hash Buckets":131072,"Hash Batches":32,"Original Hash Batches":32,"Peak Memory Usage":6158,"Shared Hit Blocks":22059,"Shared Read Blocks":0,"Shared Dirtied Blocks":0,"Shared Written Blocks":0,"Local Hit Blocks":0,"Local Read Blocks":0,"Local Dirtied Blocks":0,"Local Written Blocks":0,"Temp Read Blocks":0,"Temp Written Blocks":15583,"I/O Read Time":0.0,"I/O Write Time":0.0,"Temp I/O Read Time":0.0,"Temp I/O Write Time":69.543,"Plans":[{"Node Type":"Seq Scan","Parent Relationship":"Outer","Parallel Aware":false,"Async Capable":false,"Relation Name":"orders","Schema":"public","Alias":"orders","Startup Cost":0.0,"Total Cost":59559.0,"Plan Rows":2998176,"Plan Width":20,"Actual Startup Time":0.015,"Actual Total Time":356.786,"Actual Rows":2997892,"Actual Loops":1,"Output":["orders.o_id","orders.o_w_id","orders.o_d_id","orders.o_entry_d"],"Filter":"(orders.o_entry_d >= '1992-01-02 20:10:02.27764'::timestamp without time zone)","Rows Removed by Filter":2108,"Shared Hit Blocks":22059,"Shared Read Blocks":0,"Shared Dirtied Blocks":0,"Shared Written Blocks":0,"Local Hit Blocks":0,"Local Read Blocks":0,"Local Dirtied Blocks":0,"Local Written Blocks":0,"Temp Read Blocks":0,"Temp Written Blocks":0,"I/O Read Time":0.0,"I/O Write Time":0.0,"Temp I/O Read Time":0.0,"Temp I/O Write Time":0.0}]}]},{"Node Type":"Index Scan","Parent Relationship":"Inner","Parallel Aware":false,"Async Capable":false,"Scan Direction":"Forward","Index Name":"order_line_pk","Relation Name":"order_line","Schema":"public","Alias":"l2","Startup Cost":0.56,"Total Cost":26.51,"Plan Rows":2,"Plan Width":20,"Actual Startup Time":0.007,"Actual Total Time":0.007,"Actual Rows":0,"Actual Loops":267482,"Output":["l2.ol_o_id","l2.ol_d_id","l2.ol_w_id","l2.ol_number","l2.ol_i_id","l2.ol_supply_w_id","l2.ol_delivery_d","l2.ol_quantity","l2.ol_amount","l2.ol_dist_info"],"Index Cond":"((l2.ol_w_id = l1.ol_w_id) AND (l2.ol_d_id = l1.ol_d_id) AND (l2.ol_o_id = l1.ol_o_id))","Rows Removed by Index Recheck":0,"Filter":"((l2.ol_delivery_d >= '1992-01-02 20:10:02.27764'::timestamp without time zone) AND (l2.ol_delivery_d > l1.ol_delivery_d))","Rows Removed by Filter":11,"Shared Hit Blocks":1383917,"Shared Read Blocks":0,"Shared Dirtied Blocks":0,"Shared Written Blocks":0,"Local Hit Blocks":0,"Local Read Blocks":0,"Local Dirtied Blocks":0,"Local Written Blocks":0,"Temp Read Blocks":0,"Temp Written Blocks":0,"I/O Read Time":0.0,"I/O Write Time":0.0,"Temp I/O Read Time":0.0,"Temp I/O Write Time":0.0}]}]}]}]},"Planning":{"Shared Hit Blocks":4,"Shared Read Blocks":0,"Shared Dirtied Blocks":0,"Shared Written Blocks":0,"Local Hit Blocks":0,"Local Read Blocks":0,"Local Dirtied Blocks":0,"Local Written Blocks":0,"Temp Read Blocks":0,"Temp Written Blocks":0,"I/O Read Time":0.0,"I/O Write Time":0.0,"Temp I/O Read Time":0.0,"Temp I/O Write Time":0.0},"Planning Time":1.72,"Triggers":[],"Execution Time":23393.496}]
[列存组合]: nation, supplier
[{"Plan":{"Node Type":"Sort","Parallel Aware":false,"Async Capable":false,"Startup Cost":4119117.76,"Total Cost":4119142.76,"Plan Rows":10000,"Plan Width":27,"Actual Startup Time":23564.955,"Actual Total Time":23564.987,"Actual Rows":156,"Actual Loops":1,"Output":["supplier.su_name","(count(*))"],"Sort Key":["(count(*)) DESC","supplier.su_name"],"Sort Method":"quicksort","Sort Space Used":35,"Sort Space Type":"Memory","Shared Hit Blocks":1774199,"Shared Read Blocks":0,"Shared Dirtied Blocks":0,"Shared Written Blocks":0,"Local Hit Blocks":0,"Local Read Blocks":0,"Local Dirtied Blocks":0,"Local Written Blocks":0,"Temp Read Blocks":163494,"Temp Written Blocks":163499,"I/O Read Time":0.0,"I/O Write Time":0.0,"Temp I/O Read Time":272.082,"Temp I/O Write Time":738.178,"Plans":[{"Node Type":"Aggregate","Strategy":"Sorted","Partial Mode":"Simple","Parent Relationship":"Outer","Parallel Aware":false,"Async Capable":false,"Startup Cost":4117783.42,"Total Cost":4118453.37,"Plan Rows":10000,"Plan Width":27,"Actual Startup Time":23513.916,"Actual Total Time":23564.932,"Actual Rows":156,"Actual Loops":1,"Output":["supplier.su_name","count(*)"],"Group Key":["supplier.su_name"],"Shared Hit Blocks":1774199,"Shared Read Blocks":0,"Shared Dirtied Blocks":0,"Shared Written Blocks":0,"Local Hit Blocks":0,"Local Read Blocks":0,"Local Dirtied Blocks":0,"Local Written Blocks":0,"Temp Read Blocks":163494,"Temp Written Blocks":163499,"I/O Read Time":0.0,"I/O Write Time":0.0,"Temp I/O Read Time":272.082,"Temp I/O Write Time":738.178,"Plans":[{"Node Type":"Sort","Parent Relationship":"Outer","Parallel Aware":false,"Async Capable":false,"Startup Cost":4117783.42,"Total Cost":4117973.41,"Plan Rows":75993,"Plan Width":19,"Actual Startup Time":23513.738,"Actual Total Time":23540.594,"Actual Rows":267482,"Actual Loops":1,"Output":["supplier.su_name"],"Sort Key":["supplier.su_name"],"Sort Method":"external merge","Sort Space Used":7624,"Sort Space Type":"Disk","Shared Hit Blocks":1774199,"Shared Read Blocks":0,"Shared Dirtied Blocks":0,"Shared Written Blocks":0,"Local Hit Blocks":0,"Local Read Blocks":0,"Local Dirtied Blocks":0,"Local Written Blocks":0,"Temp Read Blocks":163494,"Temp Written Blocks":163499,"I/O Read Time":0.0,"I/O Write Time":0.0,"Temp I/O Read Time":272.082,"Temp I/O Write Time":738.178,"Plans":[{"Node Type":"Nested Loop","Parent Relationship":"Outer","Parallel Aware":false,"Async Capable":false,"Join Type":"Anti","Startup Cost":578718.75,"Total Cost":4111622.83,"Plan Rows":75993,"Plan Width":19,"Actual Startup Time":2970.613,"Actual Total Time":23367.778,"Actual Rows":267482,"Actual Loops":1,"Output":["supplier.su_name"],"Inner Unique":false,"Shared Hit Blocks":1774199,"Shared Read Blocks":0,"Shared Dirtied Blocks":0,"Shared Written Blocks":0,"Local Hit Blocks":0,"Local Read Blocks":0,"Local Dirtied Blocks":0,"Local Written Blocks":0,"Temp Read Blocks":162541,"Temp Written Blocks":162541,"I/O Read Time":0.0,"I/O Write Time":0.0,"Temp I/O Read Time":270.632,"Temp I/O Write Time":734.505,"Plans":[{"Node Type":"Hash Join","Parent Relationship":"Outer","Parallel Aware":false,"Async Capable":false,"Join Type":"Inner","Startup Cost":578718.19,"Total Cost":1835529.88,"Plan Rows":113989,"Plan Width":39,"Actual Startup Time":2970.565,"Actual Total Time":21483.214,"Actual Rows":267482,"Actual Loops":1,"Output":["supplier.su_name","l1.ol_o_id","l1.ol_w_id","l1.ol_d_id","l1.ol_delivery_d"],"Inner Unique":true,"Hash Cond":"((l1.ol_o_id = orders.o_id) AND (l1.ol_w_id = orders.o_w_id) AND (l1.ol_d_id = orders.o_d_id))","Join Filter":"(l1.ol_delivery_d > orders.o_entry_d)","Rows Removed by Join Filter":0,"Shared Hit Blocks":390282,"Shared Read Blocks":0,"Shared Dirtied Blocks":0,"Shared Written Blocks":0,"Local Hit Blocks":0,"Local Read Blocks":0,"Local Dirtied Blocks":0,"Local Written Blocks":0,"Temp Read Blocks":162541,"Temp Written Blocks":162541,"I/O Read Time":0.0,"I/O Write Time":0.0,"Temp I/O Read Time":270.632,"Temp I/O Write Time":734.505,"Plans":[{"Node Type":"Hash Join","Parent Relationship":"Outer","Parallel Aware":false,"Async Capable":false,"Join Type":"Inner","Startup Cost":449123.11,"Total Cost":1679656.16,"Plan Rows":342176,"Plan Width":41,"Actual Startup Time":2085.117,"Actual Total Time":20231.417,"Actual Rows":267756,"Actual Loops":1,"Output":["supplier.su_name","stock.s_w_id","l1.ol_o_id","l1.ol_w_id","l1.ol_d_id","l1.ol_delivery_d"],"Inner Unique":true,"Hash Cond":"(supplier.su_nationkey = nation.n_nationkey)","Shared Hit Blocks":368223,"Shared Read Blocks":0,"Shared Dirtied Blocks":0,"Shared Written Blocks":0,"Local Hit Blocks":0,"Local Read Blocks":0,"Local Dirtied Blocks":0,"Local Written Blocks":0,"Temp Read Blocks":144757,"Temp Written Blocks":144757,"I/O Read Time":0.0,"I/O Write Time":0.0,"Temp I/O Read Time":240.512,"Temp I/O Write Time":653.767,"Plans":[{"Node Type":"Hash Join","Parent Relationship":"Outer","Parallel Aware":false,"Async Capable":false,"Join Type":"Inner","Startup Cost":449121.32,"Total Cost":1620158.47,"Plan Rows":21214932,"Plan Width":45,"Actual Startup Time":2084.977,"Actual Total Time":18757.656,"Actual Rows":21002151,"Actual Loops":1,"Output":["supplier.su_name","supplier.su_nationkey","stock.s_w_id","l1.ol_o_id","l1.ol_w_id","l1.ol_d_id","l1.ol_delivery_d"],"Inner Unique":true,"Hash Cond":"(mod((stock.s_w_id * stock.s_i_id), 10000) = supplier.su_suppkey)","Shared Hit Blocks":368222,"Shared Read Blocks":0,"Shared Dirtied Blocks":0,"Shared Written Blocks":0,"Local Hit Blocks":0,"Local Read Blocks":0,"Local Dirtied Blocks":0,"Local Written Blocks":0,"Temp Read Blocks":144757,"Temp Written Blocks":144757,"I/O Read Time":0.0,"I/O Write Time":0.0,"Temp I/O Read Time":240.512,"Temp I/O Write Time":653.767,"Plans":[{"Node Type":"Hash Join","Parent Relationship":"Outer","Parallel Aware":false,"Async Capable":false,"Join Type":"Inner","Startup Cost":448757.29,"Total Cost":1558773.15,"Plan Rows":21214932,"Plan Width":26,"Actual Startup Time":2081.626,"Actual Total Time":14216.752,"Actual Rows":21002151,"Actual Loops":1,"Output":["l1.ol_o_id","l1.ol_w_id","l1.ol_d_id","l1.ol_delivery_d","stock.s_w_id","stock.s_i_id"],"Inner Unique":true,"Hash Cond":"((l1.ol_w_id = stock.s_w_id) AND (l1.ol_i_id = stock.s_i_id))","Shared Hit Blocks":368222,"Shared Read Blocks":0,"Shared Dirtied Blocks":0,"Shared Written Blocks":0,"Local Hit Blocks":0,"Local Read Blocks":0,"Local Dirtied Blocks":0,"Local Written Blocks":0,"Temp Read Blocks":144757,"Temp Written Blocks":144757,"I/O Read Time":0.0,"I/O Write Time":0.0,"Temp I/O Read Time":240.512,"Temp I/O Write Time":653.767,"Plans":[{"Node Type":"Seq Scan","Parent Relationship":"Outer","Parallel Aware":false,"Async Capable":false,"Relation Name":"order_line","Schema":"public","Alias":"l1","Startup Cost":0.0,"Total Cost":715856.4,"Plan Rows":20926367,"Plan Width":24,"Actual Startup Time":0.008,"Actual Total Time":3357.347,"Actual Rows":21002151,"Actual Loops":1,"Output":["l1.ol_o_id","l1.ol_w_id","l1.ol_d_id","l1.ol_i_id","l1.ol_delivery_d"],"Filter":"(l1.ol_delivery_d >= '1992-01-02 20:10:02.27764'::timestamp without time zone)","Rows Removed by Filter":8995581,"Shared Hit Blocks":340884,"Shared Read Blocks":0,"Shared Dirtied Blocks":0,"Shared Written Blocks":0,"Local Hit Blocks":0,"Local Read Blocks":0,"Local Dirtied Blocks":0,"Local Written Blocks":0,"Temp Read Blocks":0,"Temp Written Blocks":0,"I/O Read Time":0.0,"I/O Write Time":0.0,"Temp I/O Read Time":0.0,"Temp I/O Write Time":0.0},{"Node Type":"Hash","Parent Relationship":"Inner","Parallel Aware":false,"Async Capable":false,"Startup Cost":259690.86,"Total Cost":259690.86,"Plan Rows":10000162,"Plan Width":6,"Actual Startup Time":2080.244,"Actual Total Time":2080.248,"Actual Rows":10000000,"Actual Loops":1,"Output":["stock.s_w_id","stock.s_i_id"],"Hash Buckets":262144,"Original Hash Buckets":262144,"Hash Batches":64,"Original Hash Batches":64,"Peak Memory Usage":8133,"Shared Hit Blocks":27338,"Shared Read Blocks":0,"Shared Dirtied Blocks":0,"Shared Written Blocks":0,"Local Hit Blocks":0,"Local Read Blocks":0,"Local Dirtied Blocks":0,"Local Written Blocks":0,"Temp Read Blocks":0,"Temp Written Blocks":33616,"I/O Read Time":0.0,"I/O Write Time":0.0,"Temp I/O Read Time":0.0,"Temp I/O Write Time":149.484,"Plans":[{"Node Type":"Index Only Scan","Parent Relationship":"Outer","Parallel Aware":false,"Async Capable":false,"Scan Direction":"Forward","Index Name":"stock_pk","Relation Name":"stock","Schema":"public","Alias":"stock","Startup Cost":0.43,"Total Cost":259690.86,"Plan Rows":10000162,"Plan Width":6,"Actual Startup Time":0.022,"Actual Total Time":717.154,"Actual Rows":10000000,"Actual Loops":1,"Output":["stock.s_w_id","stock.s_i_id"],"Heap Fetches":0,"Shared Hit Blocks":27338,"Shared Read Blocks":0,"Shared Dirtied Blocks":0,"Shared Written Blocks":0,"Local Hit Blocks":0,"Local Read Blocks":0,"Local Dirtied Blocks":0,"Local Written Blocks":0,"Temp Read Blocks":0,"Temp Written Blocks":0,"I/O Read Time":0.0,"I/O Write Time":0.0,"Temp I/O Read Time":0.0,"Temp I/O Write Time":0.0}]}]},{"Node Type":"Hash","Parent Relationship":"Inner","Parallel Aware":false,"Async Capable":false,"Startup Cost":239.01,"Total Cost":239.01,"Plan Rows":10001,"Plan Width":27,"Actual Startup Time":3.322,"Actual Total Time":3.327,"Actual Rows":10000,"Actual Loops":1,"Output":["supplier.su_name","supplier.su_suppkey","supplier.su_nationkey"],"Hash Buckets":16384,"Original Hash Buckets":16384,"Hash Batches":1,"Original Hash Batches":1,"Peak Memory Usage":714,"Shared Hit Blocks":0,"Shared Read Blocks":0,"Shared Dirtied Blocks":0,"Shared Written Blocks":0,"Local Hit Blocks":0,"Local Read Blocks":0,"Local Dirtied Blocks":0,"Local Written Blocks":0,"Temp Read Blocks":0,"Temp Written Blocks":0,"I/O Read Time":0.0,"I/O Write Time":0.0,"Temp I/O Read Time":0.0,"Temp I/O Write Time":0.0,"Plans":[{"Node Type":"Append","Parent Relationship":"Outer","Parallel Aware":false,"Async Capable":false,"Startup Cost":20.0,"Total Cost":239.01,"Plan Rows":10001,"Plan Width":27,"Actual Startup Time":0.029,"Actual Total Time":2.025,"Actual Rows":10000,"Actual Loops":1,"Shared Hit Blocks":0,"Shared Read Blocks":0,"Shared Dirtied Blocks":0,"Shared Written Blocks":0,"Local Hit Blocks":0,"Local Read Blocks":0,"Local Dirtied Blocks":0,"Local Written Blocks":0,"Temp Read Blocks":0,"Temp Written Blocks":0,"I/O Read Time":0.0,"I/O Write Time":0.0,"Temp I/O Read Time":0.0,"Temp I/O Write Time":0.0,"Subplans Removed":0,"Plans":[{"Node Type":"Custom Scan","Parent Relationship":"Member","Custom Plan Provider":"columnar scan","Parallel Aware":false,"Async Capable":false,"Relation Name":"supplier","Schema":"public","Alias":"supplier","Startup Cost":20.0,"Total Cost":235.0,"Plan Rows":10000,"Plan Width":27,"Actual Startup Time":0.028,"Actual Total Time":1.31,"Actual Rows":10000,"Actual Loops":1,"Output":["supplier.su_name","supplier.su_suppkey","supplier.su_nationkey"],"Rows Removed by Columnar Filter":0,"Columnar cache search mode":"native","Shared Hit Blocks":0,"Shared Read Blocks":0,"Shared Dirtied Blocks":0,"Shared Written Blocks":0,"Local Hit Blocks":0,"Local Read Blocks":0,"Local Dirtied Blocks":0,"Local Written Blocks":0,"Temp Read Blocks":0,"Temp Written Blocks":0,"I/O Read Time":0.0,"I/O Write Time":0.0,"Temp I/O Read Time":0.0,"Temp I/O Write Time":0.0},{"Node Type":"Seq Scan","Parent Relationship":"Member","Parallel Aware":false,"Async Capable":false,"Relation Name":"supplier","Schema":"public","Alias":"supplier","Startup Cost":0.0,"Total Cost":4.01,"Plan Rows":1,"Plan Width":27,"Actual Startup Time":0.0,"Actual Total Time":0.0,"Actual Rows":0,"Actual Loops":0,"Output":["supplier.su_name","supplier.su_suppkey","supplier.su_nationkey"],"Shared Hit Blocks":0,"Shared Read Blocks":0,"Shared Dirtied Blocks":0,"Shared Written Blocks":0,"Local Hit Blocks":0,"Local Read Blocks":0,"Local Dirtied Blocks":0,"Local Written Blocks":0,"Temp Read Blocks":0,"Temp Written Blocks":0,"I/O Read Time":0.0,"I/O Write Time":0.0,"Temp I/O Read Time":0.0,"Temp I/O Write Time":0.0}]}]}]},{"Node Type":"Hash","Parent Relationship":"Inner","Parallel Aware":false,"Async Capable":false,"Startup Cost":1.77,"Total Cost":1.77,"Plan Rows":1,"Plan Width":4,"Actual Startup Time":0.017,"Actual Total Time":0.018,"Actual Rows":1,"Actual Loops":1,"Output":["nation.n_nationkey"],"Hash Buckets":1024,"Original Hash Buckets":1024,"Hash Batches":1,"Original Hash Batches":1,"Peak Memory Usage":9,"Shared Hit Blocks":1,"Shared Read Blocks":0,"Shared Dirtied Blocks":0,"Shared Written Blocks":0,"Local Hit Blocks":0,"Local Read Blocks":0,"Local Dirtied Blocks":0,"Local Written Blocks":0,"Temp Read Blocks":0,"Temp Written Blocks":0,"I/O Read Time":0.0,"I/O Write Time":0.0,"Temp I/O Read Time":0.0,"Temp I/O Write Time":0.0,"Plans":[{"Node Type":"Seq Scan","Parent Relationship":"Outer","Parallel Aware":false,"Async Capable":false,"Relation Name":"nation","Schema":"public","Alias":"nation","Startup Cost":0.0,"Total Cost":1.77,"Plan Rows":1,"Plan Width":4,"Actual Startup Time":0.013,"Actual Total Time":0.015,"Actual Rows":1,"Actual Loops":1,"Output":["nation.n_nationkey"],"Filter":"((nation.n_name)::text = 'Cambodia'::text)","Rows Removed by Filter":61,"Shared Hit Blocks":1,"Shared Read Blocks":0,"Shared Dirtied Blocks":0,"Shared Written Blocks":0,"Local Hit Blocks":0,"Local Read Blocks":0,"Local Dirtied Blocks":0,"Local Written Blocks":0,"Temp Read Blocks":0,"Temp Written Blocks":0,"I/O Read Time":0.0,"I/O Write Time":0.0,"Temp I/O Read Time":0.0,"Temp I/O Write Time":0.0}]}]},{"Node Type":"Hash","Parent Relationship":"Inner","Parallel Aware":false,"Async Capable":false,"Startup Cost":59559.0,"Total Cost":59559.0,"Plan Rows":2998176,"Plan Width":20,"Actual Startup Time":867.13,"Actual Total Time":867.132,"Actual Rows":2997892,"Actual Loops":1,"Output":["orders.o_id","orders.o_w_id","orders.o_d_id","orders.o_entry_d"],"Hash Buckets":131072,"Original Hash Buckets":131072,"Hash Batches":32,"Original Hash Batches":32,"Peak Memory Usage":6158,"Shared Hit Blocks":22059,"Shared Read Blocks":0,"Shared Dirtied Blocks":0,"Shared Written Blocks":0,"Local Hit Blocks":0,"Local Read Blocks":0,"Local Dirtied Blocks":0,"Local Written Blocks":0,"Temp Read Blocks":0,"Temp Written Blocks":15583,"I/O Read Time":0.0,"I/O Write Time":0.0,"Temp I/O Read Time":0.0,"Temp I/O Write Time":66.346,"Plans":[{"Node Type":"Seq Scan","Parent Relationship":"Outer","Parallel Aware":false,"Async Capable":false,"Relation Name":"orders","Schema":"public","Alias":"orders","Startup Cost":0.0,"Total Cost":59559.0,"Plan Rows":2998176,"Plan Width":20,"Actual Startup Time":0.011,"Actual Total Time":357.703,"Actual Rows":2997892,"Actual Loops":1,"Output":["orders.o_id","orders.o_w_id","orders.o_d_id","orders.o_entry_d"],"Filter":"(orders.o_entry_d >= '1992-01-02 20:10:02.27764'::timestamp without time zone)","Rows Removed by Filter":2108,"Shared Hit Blocks":22059,"Shared Read Blocks":0,"Shared Dirtied Blocks":0,"Shared Written Blocks":0,"Local Hit Blocks":0,"Local Read Blocks":0,"Local Dirtied Blocks":0,"Local Written Blocks":0,"Temp Read Blocks":0,"Temp Written Blocks":0,"I/O Read Time":0.0,"I/O Write Time":0.0,"Temp I/O Read Time":0.0,"Temp I/O Write Time":0.0}]}]},{"Node Type":"Index Scan","Parent Relationship":"Inner","Parallel Aware":false,"Async Capable":false,"Scan Direction":"Forward","Index Name":"order_line_pk","Relation Name":"order_line","Schema":"public","Alias":"l2","Startup Cost":0.56,"Total Cost":26.51,"Plan Rows":2,"Plan Width":20,"Actual Startup Time":0.007,"Actual Total Time":0.007,"Actual Rows":0,"Actual Loops":267482,"Output":["l2.ol_o_id","l2.ol_d_id","l2.ol_w_id","l2.ol_number","l2.ol_i_id","l2.ol_supply_w_id","l2.ol_delivery_d","l2.ol_quantity","l2.ol_amount","l2.ol_dist_info"],"Index Cond":"((l2.ol_w_id = l1.ol_w_id) AND (l2.ol_d_id = l1.ol_d_id) AND (l2.ol_o_id = l1.ol_o_id))","Rows Removed by Index Recheck":0,"Filter":"((l2.ol_delivery_d >= '1992-01-02 20:10:02.27764'::timestamp without time zone) AND (l2.ol_delivery_d > l1.ol_delivery_d))","Rows Removed by Filter":11,"Shared Hit Blocks":1383917,"Shared Read Blocks":0,"Shared Dirtied Blocks":0,"Shared Written Blocks":0,"Local Hit Blocks":0,"Local Read Blocks":0,"Local Dirtied Blocks":0,"Local Written Blocks":0,"Temp Read Blocks":0,"Temp Written Blocks":0,"I/O Read Time":0.0,"I/O Write Time":0.0,"Temp I/O Read Time":0.0,"Temp I/O Write Time":0.0}]}]}]}]},"Planning":{"Shared Hit Blocks":4,"Shared Read Blocks":0,"Shared Dirtied Blocks":0,"Shared Written Blocks":0,"Local Hit Blocks":0,"Local Read Blocks":0,"Local Dirtied Blocks":0,"Local Written Blocks":0,"Temp Read Blocks":0,"Temp Written Blocks":0,"I/O Read Time":0.0,"I/O Write Time":0.0,"Temp I/O Read Time":0.0,"Temp I/O Write Time":0.0},"Planning Time":1.258,"Triggers":[],"Execution Time":23566.451}]
[列存组合]: order_line, orders
[{"Plan":{"Node Type":"Sort","Parallel Aware":false,"Async Capable":false,"Startup Cost":4105159.33,"Total Cost":4105184.33,"Plan Rows":10000,"Plan Width":27,"Actual Startup Time":31752.315,"Actual Total Time":31752.339,"Actual Rows":156,"Actual Loops":1,"Output":["supplier.su_name","(count(*))"],"Sort Key":["(count(*)) DESC","supplier.su_name"],"Sort Method":"quicksort","Sort Space Used":35,"Sort Space Type":"Memory","Shared Hit Blocks":1433532,"Shared Read Blocks":0,"Shared Dirtied Blocks":0,"Shared Written Blocks":0,"Local Hit Blocks":0,"Local Read Blocks":0,"Local Dirtied Blocks":0,"Local Written Blocks":0,"Temp Read Blocks":173473,"Temp Written Blocks":173478,"I/O Read Time":0.0,"I/O Write Time":0.0,"Temp I/O Read Time":294.137,"Temp I/O Write Time":799.893,"Plans":[{"Node Type":"Aggregate","Strategy":"Sorted","Partial Mode":"Simple","Parent Relationship":"Outer","Parallel Aware":false,"Async Capable":false,"Startup Cost":4103825.0,"Total Cost":4104494.95,"Plan Rows":10000,"Plan Width":27,"Actual Startup Time":31701.468,"Actual Total Time":31752.281,"Actual Rows":156,"Actual Loops":1,"Output":["supplier.su_name","count(*)"],"Group Key":["supplier.su_name"],"Shared Hit Blocks":1433532,"Shared Read Blocks":0,"Shared Dirtied Blocks":0,"Shared Written Blocks":0,"Local Hit Blocks":0,"Local Read Blocks":0,"Local Dirtied Blocks":0,"Local Written Blocks":0,"Temp Read Blocks":173473,"Temp Written Blocks":173478,"I/O Read Time":0.0,"I/O Write Time":0.0,"Temp I/O Read Time":294.137,"Temp I/O Write Time":799.893,"Plans":[{"Node Type":"Sort","Parent Relationship":"Outer","Parallel Aware":false,"Async Capable":false,"Startup Cost":4103825.0,"Total Cost":4104014.98,"Plan Rows":75993,"Plan Width":19,"Actual Startup Time":31701.288,"Actual Total Time":31727.984,"Actual Rows":267482,"Actual Loops":1,"Output":["supplier.su_name"],"Sort Key":["supplier.su_name"],"Sort Method":"external merge","Sort Space Used":7624,"Sort Space Type":"Disk","Shared Hit Blocks":1433532,"Shared Read Blocks":0,"Shared Dirtied Blocks":0,"Shared Written Blocks":0,"Local Hit Blocks":0,"Local Read Blocks":0,"Local Dirtied Blocks":0,"Local Written Blocks":0,"Temp Read Blocks":173473,"Temp Written Blocks":173478,"I/O Read Time":0.0,"I/O Write Time":0.0,"Temp I/O Read Time":294.137,"Temp I/O Write Time":799.893,"Plans":[{"Node Type":"Nested Loop","Parent Relationship":"Outer","Parallel Aware":false,"Async Capable":false,"Join Type":"Anti","Startup Cost":578816.72,"Total Cost":4097664.41,"Plan Rows":75993,"Plan Width":19,"Actual Startup Time":3184.816,"Actual Total Time":31554.61,"Actual Rows":267482,"Actual Loops":1,"Output":["supplier.su_name"],"Inner Unique":false,"Shared Hit Blocks":1433532,"Shared Read Blocks":0,"Shared Dirtied Blocks":0,"Shared Written Blocks":0,"Local Hit Blocks":0,"Local Read Blocks":0,"Local Dirtied Blocks":0,"Local Written Blocks":0,"Temp Read Blocks":172520,"Temp Written Blocks":172520,"I/O Read Time":0.0,"I/O Write Time":0.0,"Temp I/O Read Time":292.691,"Temp I/O Write Time":796.239,"Plans":[{"Node Type":"Hash Join","Parent Relationship":"Outer","Parallel Aware":false,"Async Capable":false,"Join Type":"Inner","Startup Cost":578816.16,"Total Cost":1821571.45,"Plan Rows":113989,"Plan Width":39,"Actual Startup Time":3184.762,"Actual Total Time":29627.63,"Actual Rows":267482,"Actual Loops":1,"Output":["supplier.su_name","l1.ol_o_id","l1.ol_w_id","l1.ol_d_id","l1.ol_delivery_d"],"Inner Unique":true,"Hash Cond":"((l1.ol_o_id = orders.o_id) AND (l1.ol_w_id = orders.o_w_id) AND (l1.ol_d_id = orders.o_d_id))","Join Filter":"(l1.ol_delivery_d > orders.o_entry_d)","Rows Removed by Join Filter":0,"Shared Hit Blocks":49615,"Shared Read Blocks":0,"Shared Dirtied Blocks":0,"Shared Written Blocks":0,"Local Hit Blocks":0,"Local Read Blocks":0,"Local Dirtied Blocks":0,"Local Written Blocks":0,"Temp Read Blocks":172520,"Temp Written Blocks":172520,"I/O Read Time":0.0,"I/O Write Time":0.0,"Temp I/O Read Time":292.691,"Temp I/O Write Time":796.239,"Plans":[{"Node Type":"Hash Join","Parent Relationship":"Outer","Parallel Aware":false,"Async Capable":false,"Join Type":"Inner","Startup Cost":449221.08,"Total Cost":1665697.74,"Plan Rows":342176,"Plan Width":41,"Actual Startup Time":2088.463,"Actual Total Time":28162.746,"Actual Rows":267496,"Actual Loops":1,"Output":["supplier.su_name","stock.s_w_id","l1.ol_o_id","l1.ol_w_id","l1.ol_d_id","l1.ol_delivery_d"],"Inner Unique":true,"Hash Cond":"(supplier.su_nationkey = nation.n_nationkey)","Shared Hit Blocks":27556,"Shared Read Blocks":0,"Shared Dirtied Blocks":0,"Shared Written Blocks":0,"Local Hit Blocks":0,"Local Read Blocks":0,"Local Dirtied Blocks":0,"Local Written Blocks":0,"Temp Read Blocks":154737,"Temp Written Blocks":154737,"I/O Read Time":0.0,"I/O Write Time":0.0,"Temp I/O Read Time":262.664,"Temp I/O Write Time":710.526,"Plans":[{"Node Type":"Hash Join","Parent Relationship":"Outer","Parallel Aware":false,"Async Capable":false,"Join Type":"Inner","Startup Cost":449219.29,"Total Cost":1606200.04,"Plan Rows":21214932,"Plan Width":45,"Actual Startup Time":2082.249,"Actual Total Time":26656.163,"Actual Rows":20982320,"Actual Loops":1,"Output":["supplier.su_name","supplier.su_nationkey","stock.s_w_id","l1.ol_o_id","l1.ol_w_id","l1.ol_d_id","l1.ol_delivery_d"],"Inner Unique":true,"Hash Cond":"(mod((stock.s_w_id * stock.s_i_id), 10000) = supplier.su_suppkey)","Shared Hit Blocks":27555,"Shared Read Blocks":0,"Shared Dirtied Blocks":0,"Shared Written Blocks":0,"Local Hit Blocks":0,"Local Read Blocks":0,"Local Dirtied Blocks":0,"Local Written Blocks":0,"Temp Read Blocks":154737,"Temp Written Blocks":154737,"I/O Read Time":0.0,"I/O Write Time":0.0,"Temp I/O Read Time":262.664,"Temp I/O Write Time":710.526,"Plans":[{"Node Type":"Hash Join","Parent Relationship":"Outer","Parallel Aware":false,"Async Capable":false,"Join Type":"Inner","Startup Cost":448777.29,"Total Cost":1544736.75,"Plan Rows":21214932,"Plan Width":26,"Actual Startup Time":2079.485,"Actual Total Time":22001.503,"Actual Rows":20982320,"Actual Loops":1,"Output":["l1.ol_o_id","l1.ol_w_id","l1.ol_d_id","l1.ol_delivery_d","stock.s_w_id","stock.s_i_id"],"Inner Unique":true,"Hash Cond":"((l1.ol_w_id = stock.s_w_id) AND (l1.ol_i_id = stock.s_i_id))","Shared Hit Blocks":27338,"Shared Read Blocks":0,"Shared Dirtied Blocks":0,"Shared Written Blocks":0,"Local Hit Blocks":0,"Local Read Blocks":0,"Local Dirtied Blocks":0,"Local Written Blocks":0,"Temp Read Blocks":154737,"Temp Written Blocks":154737,"I/O Read Time":0.0,"I/O Write Time":0.0,"Temp I/O Read Time":262.664,"Temp I/O Write Time":710.526,"Plans":[{"Node Type":"Append","Parent Relationship":"Outer","Parallel Aware":false,"Async Capable":false,"Startup Cost":20.0,"Total Cost":701820.0,"Plan Rows":20926367,"Plan Width":24,"Actual Startup Time":1.176,"Actual Total Time":3940.462,"Actual Rows":20982320,"Actual Loops":1,"Shared Hit Blocks":0,"Shared Read Blocks":0,"Shared Dirtied Blocks":0,"Shared Written Blocks":0,"Local Hit Blocks":0,"Local Read Blocks":0,"Local Dirtied Blocks":0,"Local Written Blocks":0,"Temp Read Blocks":0,"Temp Written Blocks":0,"I/O Read Time":0.0,"I/O Write Time":0.0,"Temp I/O Read Time":0.0,"Temp I/O Write Time":0.0,"Subplans Removed":0,"Plans":[{"Node Type":"Custom Scan","Parent Relationship":"Member","Custom Plan Provider":"columnar scan","Parallel Aware":false,"Async Capable":false,"Relation Name":"order_line","Schema":"public","Alias":"l1","Startup Cost":20.0,"Total Cost":533641.75,"Plan Rows":20926325,"Plan Width":24,"Actual Startup Time":1.174,"Actual Total Time":2477.484,"Actual Rows":20982320,"Actual Loops":1,"Output":["l1.ol_o_id","l1.ol_w_id","l1.ol_d_id","l1.ol_i_id","l1.ol_delivery_d"],"Filter":"(l1.ol_delivery_d >= '1992-01-02 20:10:02.27764'::timestamp without time zone)","Rows Removed by Filter":0,"Rows Removed by Columnar Filter":9015412,"Rows Filtered by Bloom Filter":0,"Dictionary Rows Filtered by Bloom Filter":19831,"Columnar projection mode":"late materialization","Columnar cache search mode":"native","Shared Hit Blocks":0,"Shared Read Blocks":0,"Shared Dirtied Blocks":0,"Shared Written Blocks":0,"Local Hit Blocks":0,"Local Read Blocks":0,"Local Dirtied Blocks":0,"Local Written Blocks":0,"Temp Read Blocks":0,"Temp Written Blocks":0,"I/O Read Time":0.0,"I/O Write Time":0.0,"Temp I/O Read Time":0.0,"Temp I/O Write Time":0.0},{"Node Type":"Seq Scan","Parent Relationship":"Member","Parallel Aware":false,"Async Capable":false,"Relation Name":"order_line","Schema":"public","Alias":"l1","Startup Cost":0.0,"Total Cost":4.75,"Plan Rows":42,"Plan Width":24,"Actual Startup Time":0.0,"Actual Total Time":0.0,"Actual Rows":0,"Actual Loops":0,"Output":["l1.ol_o_id","l1.ol_w_id","l1.ol_d_id","l1.ol_i_id","l1.ol_delivery_d"],"Filter":"(l1.ol_delivery_d >= '1992-01-02 20:10:02.27764'::timestamp without time zone)","Rows Removed by Filter":0,"Shared Hit Blocks":0,"Shared Read Blocks":0,"Shared Dirtied Blocks":0,"Shared Written Blocks":0,"Local Hit Blocks":0,"Local Read Blocks":0,"Local Dirtied Blocks":0,"Local Written Blocks":0,"Temp Read Blocks":0,"Temp Written Blocks":0,"I/O Read Time":0.0,"I/O Write Time":0.0,"Temp I/O Read Time":0.0,"Temp I/O Write Time":0.0}]},{"Node Type":"Hash","Parent Relationship":"Inner","Parallel Aware":false,"Async Capable":false,"Startup Cost":259690.86,"Total Cost":259690.86,"Plan Rows":10000162,"Plan Width":6,"Actual Startup Time":2076.956,"Actual Total Time":2076.957,"Actual Rows":10000000,"Actual Loops":1,"Output":["stock.s_w_id","stock.s_i_id"],"Hash Buckets":262144,"Original Hash Buckets":262144,"Hash Batches":64,"Original Hash Batches":64,"Peak Memory Usage":8133,"Shared Hit Blocks":27338,"Shared Read Blocks":0,"Shared Dirtied Blocks":0,"Shared Written Blocks":0,"Local Hit Blocks":0,"Local Read Blocks":0,"Local Dirtied Blocks":0,"Local Written Blocks":0,"Temp Read Blocks":0,"Temp Written Blocks":33616,"I/O Read Time":0.0,"I/O Write Time":0.0,"Temp I/O Read Time":0.0,"Temp I/O Write Time":151.527,"Plans":[{"Node Type":"Index Only Scan","Parent Relationship":"Outer","Parallel Aware":false,"Async Capable":false,"Scan Direction":"Forward","Index Name":"stock_pk","Relation Name":"stock","Schema":"public","Alias":"stock","Startup Cost":0.43,"Total Cost":259690.86,"Plan Rows":10000162,"Plan Width":6,"Actual Startup Time":0.023,"Actual Total Time":721.114,"Actual Rows":10000000,"Actual Loops":1,"Output":["stock.s_w_id","stock.s_i_id"],"Heap Fetches":0,"Shared Hit Blocks":27338,"Shared Read Blocks":0,"Shared Dirtied Blocks":0,"Shared Written Blocks":0,"Local Hit Blocks":0,"Local Read Blocks":0,"Local Dirtied Blocks":0,"Local Written Blocks":0,"Temp Read Blocks":0,"Temp Written Blocks":0,"I/O Read Time":0.0,"I/O Write Time":0.0,"Temp I/O Read Time":0.0,"Temp I/O Write Time":0.0}]}]},{"Node Type":"Hash","Parent Relationship":"Inner","Parallel Aware":false,"Async Capable":false,"Startup Cost":317.0,"Total Cost":317.0,"Plan Rows":10000,"Plan Width":27,"Actual Startup Time":2.706,"Actual Total Time":2.707,"Actual Rows":10000,"Actual Loops":1,"Output":["supplier.su_name","supplier.su_suppkey","supplier.su_nationkey"],"Hash Buckets":16384,"Original Hash Buckets":16384,"Hash Batches":1,"Original Hash Batches":1,"Peak Memory Usage":714,"Shared Hit Blocks":217,"Shared Read Blocks":0,"Shared Dirtied Blocks":0,"Shared Written Blocks":0,"Local Hit Blocks":0,"Local Read Blocks":0,"Local Dirtied Blocks":0,"Local Written Blocks":0,"Temp Read Blocks":0,"Temp Written Blocks":0,"I/O Read Time":0.0,"I/O Write Time":0.0,"Temp I/O Read Time":0.0,"Temp I/O Write Time":0.0,"Plans":[{"Node Type":"Seq Scan","Parent Relationship":"Outer","Parallel Aware":false,"Async Capable":false,"Relation Name":"supplier","Schema":"public","Alias":"supplier","Startup Cost":0.0,"Total Cost":317.0,"Plan Rows":10000,"Plan Width":27,"Actual Startup Time":0.007,"Actual Total Time":1.295,"Actual Rows":10000,"Actual Loops":1,"Output":["supplier.su_name","supplier.su_suppkey","supplier.su_nationkey"],"Shared Hit Blocks":217,"Shared Read Blocks":0,"Shared Dirtied Blocks":0,"Shared Written Blocks":0,"Local Hit Blocks":0,"Local Read Blocks":0,"Local Dirtied Blocks":0,"Local Written Blocks":0,"Temp Read Blocks":0,"Temp Written Blocks":0,"I/O Read Time":0.0,"I/O Write Time":0.0,"Temp I/O Read Time":0.0,"Temp I/O Write Time":0.0}]}]},{"Node Type":"Hash","Parent Relationship":"Inner","Parallel Aware":false,"Async Capable":false,"Startup Cost":1.77,"Total Cost":1.77,"Plan Rows":1,"Plan Width":4,"Actual Startup Time":0.019,"Actual Total Time":0.019,"Actual Rows":1,"Actual Loops":1,"Output":["nation.n_nationkey"],"Hash Buckets":1024,"Original Hash Buckets":1024,"Hash Batches":1,"Original Hash Batches":1,"Peak Memory Usage":9,"Shared Hit Blocks":1,"Shared Read Blocks":0,"Shared Dirtied Blocks":0,"Shared Written Blocks":0,"Local Hit Blocks":0,"Local Read Blocks":0,"Local Dirtied Blocks":0,"Local Written Blocks":0,"Temp Read Blocks":0,"Temp Written Blocks":0,"I/O Read Time":0.0,"I/O Write Time":0.0,"Temp I/O Read Time":0.0,"Temp I/O Write Time":0.0,"Plans":[{"Node Type":"Seq Scan","Parent Relationship":"Outer","Parallel Aware":false,"Async Capable":false,"Relation Name":"nation","Schema":"public","Alias":"nation","Startup Cost":0.0,"Total Cost":1.77,"Plan Rows":1,"Plan Width":4,"Actual Startup Time":0.014,"Actual Total Time":0.017,"Actual Rows":1,"Actual Loops":1,"Output":["nation.n_nationkey"],"Filter":"((nation.n_name)::text = 'Cambodia'::text)","Rows Removed by Filter":61,"Shared Hit Blocks":1,"Shared Read Blocks":0,"Shared Dirtied Blocks":0,"Shared Written Blocks":0,"Local Hit Blocks":0,"Local Read Blocks":0,"Local Dirtied Blocks":0,"Local Written Blocks":0,"Temp Read Blocks":0,"Temp Written Blocks":0,"I/O Read Time":0.0,"I/O Write Time":0.0,"Temp I/O Read Time":0.0,"Temp I/O Write Time":0.0}]}]},{"Node Type":"Hash","Parent Relationship":"Inner","Parallel Aware":false,"Async Capable":false,"Startup Cost":59559.0,"Total Cost":59559.0,"Plan Rows":2998176,"Plan Width":20,"Actual Startup Time":1078.645,"Actual Total Time":1078.646,"Actual Rows":2997892,"Actual Loops":1,"Output":["orders.o_id","orders.o_w_id","orders.o_d_id","orders.o_entry_d"],"Hash Buckets":131072,"Original Hash Buckets":131072,"Hash Batches":32,"Original Hash Batches":32,"Peak Memory Usage":6158,"Shared Hit Blocks":22059,"Shared Read Blocks":0,"Shared Dirtied Blocks":0,"Shared Written Blocks":0,"Local Hit Blocks":0,"Local Read Blocks":0,"Local Dirtied Blocks":0,"Local Written Blocks":0,"Temp Read Blocks":0,"Temp Written Blocks":15583,"I/O Read Time":0.0,"I/O Write Time":0.0,"Temp I/O Read Time":0.0,"Temp I/O Write Time":69.484,"Plans":[{"Node Type":"Seq Scan","Parent Relationship":"Outer","Parallel Aware":false,"Async Capable":false,"Relation Name":"orders","Schema":"public","Alias":"orders","Startup Cost":0.0,"Total Cost":59559.0,"Plan Rows":2998176,"Plan Width":20,"Actual Startup Time":0.015,"Actual Total Time":379.998,"Actual Rows":2997892,"Actual Loops":1,"Output":["orders.o_id","orders.o_w_id","orders.o_d_id","orders.o_entry_d"],"Filter":"(orders.o_entry_d >= '1992-01-02 20:10:02.27764'::timestamp without time zone)","Rows Removed by Filter":2108,"Shared Hit Blocks":22059,"Shared Read Blocks":0,"Shared Dirtied Blocks":0,"Shared Written Blocks":0,"Local Hit Blocks":0,"Local Read Blocks":0,"Local Dirtied Blocks":0,"Local Written Blocks":0,"Temp Read Blocks":0,"Temp Written Blocks":0,"I/O Read Time":0.0,"I/O Write Time":0.0,"Temp I/O Read Time":0.0,"Temp I/O Write Time":0.0}]}]},{"Node Type":"Index Scan","Parent Relationship":"Inner","Parallel Aware":false,"Async Capable":false,"Scan Direction":"Forward","Index Name":"order_line_pk","Relation Name":"order_line","Schema":"public","Alias":"l2","Startup Cost":0.56,"Total Cost":26.51,"Plan Rows":2,"Plan Width":20,"Actual Startup Time":0.007,"Actual Total Time":0.007,"Actual Rows":0,"Actual Loops":267482,"Output":["l2.ol_o_id","l2.ol_d_id","l2.ol_w_id","l2.ol_number","l2.ol_i_id","l2.ol_supply_w_id","l2.ol_delivery_d","l2.ol_quantity","l2.ol_amount","l2.ol_dist_info"],"Index Cond":"((l2.ol_w_id = l1.ol_w_id) AND (l2.ol_d_id = l1.ol_d_id) AND (l2.ol_o_id = l1.ol_o_id))","Rows Removed by Index Recheck":0,"Filter":"((l2.ol_delivery_d >= '1992-01-02 20:10:02.27764'::timestamp without time zone) AND (l2.ol_delivery_d > l1.ol_delivery_d))","Rows Removed by Filter":11,"Shared Hit Blocks":1383917,"Shared Read Blocks":0,"Shared Dirtied Blocks":0,"Shared Written Blocks":0,"Local Hit Blocks":0,"Local Read Blocks":0,"Local Dirtied Blocks":0,"Local Written Blocks":0,"Temp Read Blocks":0,"Temp Written Blocks":0,"I/O Read Time":0.0,"I/O Write Time":0.0,"Temp I/O Read Time":0.0,"Temp I/O Write Time":0.0}]}]}]}]},"Planning":{"Shared Hit Blocks":4,"Shared Read Blocks":0,"Shared Dirtied Blocks":0,"Shared Written Blocks":0,"Local Hit Blocks":0,"Local Read Blocks":0,"Local Dirtied Blocks":0,"Local Written Blocks":0,"Temp Read Blocks":0,"Temp Written Blocks":0,"I/O Read Time":0.0,"I/O Write Time":0.0,"Temp I/O Read Time":0.0,"Temp I/O Write Time":0.0},"Planning Time":1.7,"Triggers":[],"Execution Time":31753.797}]
[列存组合]: order_line, stock
[{"Plan":{"Node Type":"Sort","Parallel Aware":false,"Async Capable":false,"Startup Cost":3010983.68,"Total Cost":3011008.68,"Plan Rows":10000,"Plan Width":27,"Actual Startup Time":23009.814,"Actual Total Time":23009.842,"Actual Rows":156,"Actual Loops":1,"Output":["supplier.su_name","(count(*))"],"Sort Key":["(count(*)) DESC","supplier.su_name"],"Sort Method":"quicksort","Sort Space Used":35,"Sort Space Type":"Memory","Shared Hit Blocks":22277,"Shared Read Blocks":0,"Shared Dirtied Blocks":0,"Shared Written Blocks":0,"Local Hit Blocks":0,"Local Read Blocks":0,"Local Dirtied Blocks":0,"Local Written Blocks":0,"Temp Read Blocks":133545,"Temp Written Blocks":133550,"I/O Read Time":0.0,"I/O Write Time":0.0,"Temp I/O Read Time":204.421,"Temp I/O Write Time":628.852,"Plans":[{"Node Type":"Aggregate","Strategy":"Sorted","Partial Mode":"Simple","Parent Relationship":"Outer","Parallel Aware":false,"Async Capable":false,"Startup Cost":3009649.35,"Total Cost":3010319.3,"Plan Rows":10000,"Plan Width":27,"Actual Startup Time":22958.757,"Actual Total Time":23009.784,"Actual Rows":156,"Actual Loops":1,"Output":["supplier.su_name","count(*)"],"Group Key":["supplier.su_name"],"Shared Hit Blocks":22277,"Shared Read Blocks":0,"Shared Dirtied Blocks":0,"Shared Written Blocks":0,"Local Hit Blocks":0,"Local Read Blocks":0,"Local Dirtied Blocks":0,"Local Written Blocks":0,"Temp Read Blocks":133545,"Temp Written Blocks":133550,"I/O Read Time":0.0,"I/O Write Time":0.0,"Temp I/O Read Time":204.421,"Temp I/O Write Time":628.852,"Plans":[{"Node Type":"Sort","Parent Relationship":"Outer","Parallel Aware":false,"Async Capable":false,"Startup Cost":3009649.35,"Total Cost":3009839.33,"Plan Rows":75993,"Plan Width":19,"Actual Startup Time":22958.579,"Actual Total Time":22985.233,"Actual Rows":267482,"Actual Loops":1,"Output":["supplier.su_name"],"Sort Key":["supplier.su_name"],"Sort Method":"external merge","Sort Space Used":7624,"Sort Space Type":"Disk","Shared Hit Blocks":22277,"Shared Read Blocks":0,"Shared Dirtied Blocks":0,"Shared Written Blocks":0,"Local Hit Blocks":0,"Local Read Blocks":0,"Local Dirtied Blocks":0,"Local Written Blocks":0,"Temp Read Blocks":133545,"Temp Written Blocks":133550,"I/O Read Time":0.0,"I/O Write Time":0.0,"Temp I/O Read Time":204.421,"Temp I/O Write Time":628.852,"Plans":[{"Node Type":"Hash Join","Parent Relationship":"Outer","Parallel Aware":false,"Async Capable":false,"Join Type":"Anti","Startup Cost":1350009.31,"Total Cost":3003488.76,"Plan Rows":75993,"Plan Width":19,"Actual Startup Time":10230.385,"Actual Total Time":22818.416,"Actual Rows":267482,"Actual Loops":1,"Output":["supplier.su_name"],"Hash Cond":"((l1.ol_o_id = l2.ol_o_id) AND (l1.ol_w_id = l2.ol_w_id) AND (l1.ol_d_id = l2.ol_d_id))","Join Filter":"(l2.ol_delivery_d > l1.ol_delivery_d)","Rows Removed by Join Filter":2942288,"Shared Hit Blocks":22277,"Shared Read Blocks":0,"Shared Dirtied Blocks":0,"Shared Written Blocks":0,"Local Hit Blocks":0,"Local Read Blocks":0,"Local Dirtied Blocks":0,"Local Written Blocks":0,"Temp Read Blocks":132592,"Temp Written Blocks":132592,"I/O Read Time":0.0,"I/O Write Time":0.0,"Temp I/O Read Time":203.083,"Temp I/O Write Time":625.211,"Plans":[{"Node Type":"Hash Join","Parent Relationship":"Outer","Parallel Aware":false,"Async Capable":false,"Join Type":"Inner","Startup Cost":159361.89,"Total Cost":757750.29,"Plan Rows":113989,"Plan Width":39,"Actual Startup Time":1729.137,"Actual Total Time":12720.711,"Actual Rows":267482,"Actual Loops":1,"Output":["supplier.su_name","l1.ol_o_id","l1.ol_w_id","l1.ol_d_id","l1.ol_delivery_d"],"Hash Cond":"((l1.ol_o_id = orders.o_id) AND (l1.ol_w_id = orders.o_w_id) AND (l1.ol_d_id = orders.o_d_id))","Join Filter":"(l1.ol_delivery_d > orders.o_entry_d)","Rows Removed by Join Filter":0,"Shared Hit Blocks":22277,"Shared Read Blocks":0,"Shared Dirtied Blocks":0,"Shared Written Blocks":0,"Local Hit Blocks":0,"Local Read Blocks":0,"Local Dirtied Blocks":0,"Local Written Blocks":0,"Temp Read Blocks":17783,"Temp Written Blocks":17783,"I/O Read Time":0.0,"I/O Write Time":0.0,"Temp I/O Read Time":27.832,"Temp I/O Write Time":88.052,"Plans":[{"Node Type":"Hash Join","Parent Relationship":"Outer","Parallel Aware":false,"Async Capable":false,"Join Type":"Inner","Startup Cost":29766.81,"Total Cost":601876.58,"Plan Rows":342176,"Plan Width":41,"Actual Startup Time":651.921,"Actual Total Time":11303.907,"Actual Rows":267496,"Actual Loops":1,"Output":["supplier.su_name","stock.s_w_id","l1.ol_o_id","l1.ol_w_id","l1.ol_d_id","l1.ol_delivery_d"],"Hash Cond":"(supplier.su_nationkey = nation.n_nationkey)","Shared Hit Blocks":218,"Shared Read Blocks":0,"Shared Dirtied Blocks":0,"Shared Written Blocks":0,"Local Hit Blocks":0,"Local Read Blocks":0,"Local Dirtied Blocks":0,"Local Written Blocks":0,"Temp Read Blocks":0,"Temp Written Blocks":0,"I/O Read Time":0.0,"I/O Write Time":0.0,"Temp I/O Read Time":0.0,"Temp I/O Write Time":0.0,"Plans":[{"Node Type":"Hash Join","Parent Relationship":"Outer","Parallel Aware":false,"Async Capable":false,"Join Type":"Inner","Startup Cost":29765.02,"Total Cost":542378.88,"Plan Rows":21214932,"Plan Width":45,"Actual Startup Time":651.805,"Actual Total Time":9860.759,"Actual Rows":20982320,"Actual Loops":1,"Output":["supplier.su_name","supplier.su_nationkey","stock.s_w_id","l1.ol_o_id","l1.ol_w_id","l1.ol_d_id","l1.ol_delivery_d"],"Hash Cond":"(mod((stock.s_w_id * stock.s_i_id), 10000) = supplier.su_suppkey)","Shared Hit Blocks":217,"Shared Read Blocks":0,"Shared Dirtied Blocks":0,"Shared Written Blocks":0,"Local Hit Blocks":0,"Local Read Blocks":0,"Local Dirtied Blocks":0,"Local Written Blocks":0,"Temp Read Blocks":0,"Temp Written Blocks":0,"I/O Read Time":0.0,"I/O Write Time":0.0,"Temp I/O Read Time":0.0,"Temp I/O Write Time":0.0,"Plans":[{"Node Type":"Hash Join","Parent Relationship":"Outer","Parallel Aware":false,"Async Capable":false,"Join Type":"Inner","Startup Cost":29323.02,"Total Cost":480915.59,"Plan Rows":21214932,"Plan Width":26,"Actual Startup Time":649.083,"Actual Total Time":5398.102,"Actual Rows":20982320,"Actual Loops":1,"Output":["l1.ol_o_id","l1.ol_w_id","l1.ol_d_id","l1.ol_delivery_d","stock.s_w_id","stock.s_i_id"],"Hash Cond":"((l1.ol_w_id = stock.s_w_id) AND (l1.ol_i_id = stock.s_i_id))","Rows Removed by Bloom Filter":0,"Shared Hit Blocks":0,"Shared Read Blocks":0,"Shared Dirtied Blocks":0,"Shared Written Blocks":0,"Local Hit Blocks":0,"Local Read Blocks":0,"Local Dirtied Blocks":0,"Local Written Blocks":0,"Temp Read Blocks":0,"Temp Written Blocks":0,"I/O Read Time":0.0,"I/O Write Time":0.0,"Temp I/O Read Time":0.0,"Temp I/O Write Time":0.0,"Plans":[{"Node Type":"Append","Parent Relationship":"Outer","Parallel Aware":false,"Async Capable":false,"Startup Cost":20.0,"Total Cost":533646.5,"Plan Rows":20926367,"Plan Width":24,"Actual Startup Time":107.312,"Actual Total Time":107.32,"Actual Rows":20982320,"Actual Loops":1,"Shared Hit Blocks":0,"Shared Read Blocks":0,"Shared Dirtied Blocks":0,"Shared Written Blocks":0,"Local Hit Blocks":0,"Local Read Blocks":0,"Local Dirtied Blocks":0,"Local Written Blocks":0,"Temp Read Blocks":0,"Temp Written Blocks":0,"I/O Read Time":0.0,"I/O Write Time":0.0,"Temp I/O Read Time":0.0,"Temp I/O Write Time":0.0,"Subplans Removed":0,"Plans":[{"Node Type":"Custom Scan","Parent Relationship":"Member","Custom Plan Provider":"columnar scan","Parallel Aware":false,"Async Capable":false,"Relation Name":"order_line","Schema":"public","Alias":"l1","Startup Cost":20.0,"Total Cost":533641.75,"Plan Rows":20926325,"Plan Width":24,"Actual Startup Time":107.31,"Actual Total Time":107.313,"Actual Rows":20982320,"Actual Loops":1,"Output":["l1.ol_o_id","l1.ol_w_id","l1.ol_d_id","l1.ol_i_id","l1.ol_delivery_d"],"Filter":"(l1.ol_delivery_d >= '1992-01-02 20:10:02.27764'::timestamp without time zone)","Rows Removed by Filter":0,"Rows Removed by Columnar Filter":9015412,"Rows Filtered by Bloom Filter":0,"Dictionary Rows Filtered by Bloom Filter":19831,"Columnar cache search mode":"native","Shared Hit Blocks":0,"Shared Read Blocks":0,"Shared Dirtied Blocks":0,"Shared Written Blocks":0,"Local Hit Blocks":0,"Local Read Blocks":0,"Local Dirtied Blocks":0,"Local Written Blocks":0,"Temp Read Blocks":0,"Temp Written Blocks":0,"I/O Read Time":0.0,"I/O Write Time":0.0,"Temp I/O Read Time":0.0,"Temp I/O Write Time":0.0},{"Node Type":"Seq Scan","Parent Relationship":"Member","Parallel Aware":false,"Async Capable":false,"Relation Name":"order_line","Schema":"public","Alias":"l1","Startup Cost":0.0,"Total Cost":4.75,"Plan Rows":42,"Plan Width":24,"Actual Startup Time":0.0,"Actual Total Time":0.0,"Actual Rows":0,"Actual Loops":0,"Output":["l1.ol_o_id","l1.ol_w_id","l1.ol_d_id","l1.ol_i_id","l1.ol_delivery_d"],"Filter":"(l1.ol_delivery_d >= '1992-01-02 20:10:02.27764'::timestamp without time zone)","Rows Removed by Filter":0,"Shared Hit Blocks":0,"Shared Read Blocks":0,"Shared Dirtied Blocks":0,"Shared Written Blocks":0,"Local Hit Blocks":0,"Local Read Blocks":0,"Local Dirtied Blocks":0,"Local Written Blocks":0,"Temp Read Blocks":0,"Temp Written Blocks":0,"I/O Read Time":0.0,"I/O Write Time":0.0,"Temp I/O Read Time":0.0,"Temp I/O Write Time":0.0}]},{"Node Type":"Hash","Parent Relationship":"Inner","Parallel Aware":false,"Async Capable":false,"Startup Cost":195025.67,"Total Cost":195025.67,"Plan Rows":10000162,"Plan Width":6,"Actual Rows":10000000,"Actual Loops":1,"Output":["stock.s_w_id","stock.s_i_id"],"Shared Hit Blocks":0,"Shared Read Blocks":0,"Shared Dirtied Blocks":0,"Shared Written Blocks":0,"Local Hit Blocks":0,"Local Read Blocks":0,"Local Dirtied Blocks":0,"Local Written Blocks":0,"Temp Read Blocks":0,"Temp Written Blocks":0,"I/O Read Time":0.0,"I/O Write Time":0.0,"Temp I/O Read Time":0.0,"Temp I/O Write Time":0.0,"Plans":[{"Node Type":"Append","Parent Relationship":"Outer","Parallel Aware":false,"Async Capable":false,"Startup Cost":20.0,"Total Cost":195025.67,"Plan Rows":10000162,"Plan Width":6,"Actual Startup Time":0.237,"Actual Total Time":0.239,"Actual Rows":10000000,"Actual Loops":1,"Shared Hit Blocks":0,"Shared Read Blocks":0,"Shared Dirtied Blocks":0,"Shared Written Blocks":0,"Local Hit Blocks":0,"Local Read Blocks":0,"Local Dirtied Blocks":0,"Local Written Blocks":0,"Temp Read Blocks":0,"Temp Written Blocks":0,"I/O Read Time":0.0,"I/O Write Time":0.0,"Temp I/O Read Time":0.0,"Temp I/O Write Time":0.0,"Subplans Removed":0,"Plans":[{"Node Type":"Custom Scan","Parent Relationship":"Member","Custom Plan Provider":"columnar scan","Parallel Aware":false,"Async Capable":false,"Relation Name":"stock","Schema":"public","Alias":"stock","Startup Cost":20.0,"Total Cost":195020.05,"Plan Rows":10000000,"Plan Width":6,"Actual Startup Time":0.236,"Actual Total Time":0.236,"Actual Rows":10000000,"Actual Loops":1,"Output":["stock.s_w_id","stock.s_i_id"],"Rows Removed by Columnar Filter":0,"Columnar cache search mode":"native","Shared Hit Blocks":0,"Shared Read Blocks":0,"Shared Dirtied Blocks":0,"Shared Written Blocks":0,"Local Hit Blocks":0,"Local Read Blocks":0,"Local Dirtied Blocks":0,"Local Written Blocks":0,"Temp Read Blocks":0,"Temp Written Blocks":0,"I/O Read Time":0.0,"I/O Write Time":0.0,"Temp I/O Read Time":0.0,"Temp I/O Write Time":0.0},{"Node Type":"Seq Scan","Parent Relationship":"Member","Parallel Aware":false,"Async Capable":false,"Relation Name":"stock","Schema":"public","Alias":"stock","Startup Cost":0.0,"Total Cost":5.62,"Plan Rows":162,"Plan Width":6,"Actual Startup Time":0.0,"Actual Total Time":0.0,"Actual Rows":0,"Actual Loops":0,"Output":["stock.s_w_id","stock.s_i_id"],"Shared Hit Blocks":0,"Shared Read Blocks":0,"Shared Dirtied Blocks":0,"Shared Written Blocks":0,"Local Hit Blocks":0,"Local Read Blocks":0,"Local Dirtied Blocks":0,"Local Written Blocks":0,"Temp Read Blocks":0,"Temp Written Blocks":0,"I/O Read Time":0.0,"I/O Write Time":0.0,"Temp I/O Read Time":0.0,"Temp I/O Write Time":0.0}]}]}]},{"Node Type":"Hash","Parent Relationship":"Inner","Parallel Aware":false,"Async Capable":false,"Startup Cost":317.0,"Total Cost":317.0,"Plan Rows":10000,"Plan Width":27,"Actual Startup Time":2.66,"Actual Total Time":2.66,"Actual Rows":10000,"Actual Loops":1,"Output":["supplier.su_name","supplier.su_suppkey","supplier.su_nationkey"],"Hash Buckets":16384,"Original Hash Buckets":16384,"Hash Batches":1,"Original Hash Batches":1,"Peak Memory Usage":714,"Shared Hit Blocks":217,"Shared Read Blocks":0,"Shared Dirtied Blocks":0,"Shared Written Blocks":0,"Local Hit Blocks":0,"Local Read Blocks":0,"Local Dirtied Blocks":0,"Local Written Blocks":0,"Temp Read Blocks":0,"Temp Written Blocks":0,"I/O Read Time":0.0,"I/O Write Time":0.0,"Temp I/O Read Time":0.0,"Temp I/O Write Time":0.0,"Plans":[{"Node Type":"Seq Scan","Parent Relationship":"Outer","Parallel Aware":false,"Async Capable":false,"Relation Name":"supplier","Schema":"public","Alias":"supplier","Startup Cost":0.0,"Total Cost":317.0,"Plan Rows":10000,"Plan Width":27,"Actual Startup Time":0.007,"Actual Total Time":1.254,"Actual Rows":10000,"Actual Loops":1,"Output":["supplier.su_name","supplier.su_suppkey","supplier.su_nationkey"],"Shared Hit Blocks":217,"Shared Read Blocks":0,"Shared Dirtied Blocks":0,"Shared Written Blocks":0,"Local Hit Blocks":0,"Local Read Blocks":0,"Local Dirtied Blocks":0,"Local Written Blocks":0,"Temp Read Blocks":0,"Temp Written Blocks":0,"I/O Read Time":0.0,"I/O Write Time":0.0,"Temp I/O Read Time":0.0,"Temp I/O Write Time":0.0}]}]},{"Node Type":"Hash","Parent Relationship":"Inner","Parallel Aware":false,"Async Capable":false,"Startup Cost":1.77,"Total Cost":1.77,"Plan Rows":1,"Plan Width":4,"Actual Startup Time":0.022,"Actual Total Time":0.022,"Actual Rows":1,"Actual Loops":1,"Output":["nation.n_nationkey"],"Hash Buckets":1024,"Original Hash Buckets":1024,"Hash Batches":1,"Original Hash Batches":1,"Peak Memory Usage":9,"Shared Hit Blocks":1,"Shared Read Blocks":0,"Shared Dirtied Blocks":0,"Shared Written Blocks":0,"Local Hit Blocks":0,"Local Read Blocks":0,"Local Dirtied Blocks":0,"Local Written Blocks":0,"Temp Read Blocks":0,"Temp Written Blocks":0,"I/O Read Time":0.0,"I/O Write Time":0.0,"Temp I/O Read Time":0.0,"Temp I/O Write Time":0.0,"Plans":[{"Node Type":"Seq Scan","Parent Relationship":"Outer","Parallel Aware":false,"Async Capable":false,"Relation Name":"nation","Schema":"public","Alias":"nation","Startup Cost":0.0,"Total Cost":1.77,"Plan Rows":1,"Plan Width":4,"Actual Startup Time":0.016,"Actual Total Time":0.018,"Actual Rows":1,"Actual Loops":1,"Output":["nation.n_nationkey"],"Filter":"((nation.n_name)::text = 'Cambodia'::text)","Rows Removed by Filter":61,"Shared Hit Blocks":1,"Shared Read Blocks":0,"Shared Dirtied Blocks":0,"Shared Written Blocks":0,"Local Hit Blocks":0,"Local Read Blocks":0,"Local Dirtied Blocks":0,"Local Written Blocks":0,"Temp Read Blocks":0,"Temp Written Blocks":0,"I/O Read Time":0.0,"I/O Write Time":0.0,"Temp I/O Read Time":0.0,"Temp I/O Write Time":0.0}]}]},{"Node Type":"Hash","Parent Relationship":"Inner","Parallel Aware":false,"Async Capable":false,"Startup Cost":59559.0,"Total Cost":59559.0,"Plan Rows":2998176,"Plan Width":20,"Actual Startup Time":1074.938,"Actual Total Time":1074.939,"Actual Rows":2997892,"Actual Loops":1,"Output":["orders.o_id","orders.o_w_id","orders.o_d_id","orders.o_entry_d"],"Hash Buckets":131072,"Original Hash Buckets":131072,"Hash Batches":32,"Original Hash Batches":32,"Peak Memory Usage":6158,"Shared Hit Blocks":22059,"Shared Read Blocks":0,"Shared Dirtied Blocks":0,"Shared Written Blocks":0,"Local Hit Blocks":0,"Local Read Blocks":0,"Local Dirtied Blocks":0,"Local Written Blocks":0,"Temp Read Blocks":0,"Temp Written Blocks":15583,"I/O Read Time":0.0,"I/O Write Time":0.0,"Temp I/O Read Time":0.0,"Temp I/O Write Time":72.066,"Plans":[{"Node Type":"Seq Scan","Parent Relationship":"Outer","Parallel Aware":false,"Async Capable":false,"Relation Name":"orders","Schema":"public","Alias":"orders","Startup Cost":0.0,"Total Cost":59559.0,"Plan Rows":2998176,"Plan Width":20,"Actual Startup Time":0.017,"Actual Total Time":374.833,"Actual Rows":2997892,"Actual Loops":1,"Output":["orders.o_id","orders.o_w_id","orders.o_d_id","orders.o_entry_d"],"Filter":"(orders.o_entry_d >= '1992-01-02 20:10:02.27764'::timestamp without time zone)","Rows Removed by Filter":2108,"Shared Hit Blocks":22059,"Shared Read Blocks":0,"Shared Dirtied Blocks":0,"Shared Written Blocks":0,"Local Hit Blocks":0,"Local Read Blocks":0,"Local Dirtied Blocks":0,"Local Written Blocks":0,"Temp Read Blocks":0,"Temp Written Blocks":0,"I/O Read Time":0.0,"I/O Write Time":0.0,"Temp I/O Read Time":0.0,"Temp I/O Write Time":0.0}]}]},{"Node Type":"Hash","Parent Relationship":"Inner","Parallel Aware":false,"Async Capable":false,"Startup Cost":701820.0,"Total Cost":701820.0,"Plan Rows":20926367,"Plan Width":20,"Actual Startup Time":8487.188,"Actual Total Time":8487.19,"Actual Rows":21002151,"Actual Loops":1,"Output":["l2.ol_o_id","l2.ol_w_id","l2.ol_d_id","l2.ol_delivery_d"],"Hash Buckets":131072,"Original Hash Buckets":131072,"Hash Batches":256,"Original Hash Batches":256,"Peak Memory Usage":5530,"Shared Hit Blocks":0,"Shared Read Blocks":0,"Shared Dirtied Blocks":0,"Shared Written Blocks":0,"Local Hit Blocks":0,"Local Read Blocks":0,"Local Dirtied Blocks":0,"Local Written Blocks":0,"Temp Read Blocks":0,"Temp Written Blocks":112225,"I/O Read Time":0.0,"I/O Write Time":0.0,"Temp I/O Read Time":0.0,"Temp I/O Write Time":524.59,"Plans":[{"Node Type":"Append","Parent Relationship":"Outer","Parallel Aware":false,"Async Capable":false,"Startup Cost":20.0,"Total Cost":701820.0,"Plan Rows":20926367,"Plan Width":20,"Actual Startup Time":0.031,"Actual Total Time":4744.871,"Actual Rows":21002151,"Actual Loops":1,"Shared Hit Blocks":0,"Shared Read Blocks":0,"Shared Dirtied Blocks":0,"Shared Written Blocks":0,"Local Hit Blocks":0,"Local Read Blocks":0,"Local Dirtied Blocks":0,"Local Written Blocks":0,"Temp Read Blocks":0,"Temp Written Blocks":0,"I/O Read Time":0.0,"I/O Write Time":0.0,"Temp I/O Read Time":0.0,"Temp I/O Write Time":0.0,"Subplans Removed":0,"Plans":[{"Node Type":"Custom Scan","Parent Relationship":"Member","Custom Plan Provider":"columnar scan","Parallel Aware":false,"Async Capable":false,"Relation Name":"order_line","Schema":"public","Alias":"l2","Startup Cost":20.0,"Total Cost":491789.1,"Plan Rows":20926325,"Plan Width":20,"Actual Startup Time":0.03,"Actual Total Time":3151.885,"Actual Rows":21002151,"Actual Loops":1,"Output":["l2.ol_o_id","l2.ol_w_id","l2.ol_d_id","l2.ol_delivery_d"],"Filter":"(l2.ol_delivery_d >= '1992-01-02 20:10:02.27764'::timestamp without time zone)","Rows Removed by Filter":0,"Rows Removed by Columnar Filter":8995581,"Columnar cache search mode":"native","Shared Hit Blocks":0,"Shared Read Blocks":0,"Shared Dirtied Blocks":0,"Shared Written Blocks":0,"Local Hit Blocks":0,"Local Read Blocks":0,"Local Dirtied Blocks":0,"Local Written Blocks":0,"Temp Read Blocks":0,"Temp Written Blocks":0,"I/O Read Time":0.0,"I/O Write Time":0.0,"Temp I/O Read Time":0.0,"Temp I/O Write Time":0.0},{"Node Type":"Seq Scan","Parent Relationship":"Member","Parallel Aware":false,"Async Capable":false,"Relation Name":"order_line","Schema":"public","Alias":"l2","Startup Cost":0.0,"Total Cost":4.75,"Plan Rows":42,"Plan Width":20,"Actual Startup Time":0.0,"Actual Total Time":0.0,"Actual Rows":0,"Actual Loops":0,"Output":["l2.ol_o_id","l2.ol_w_id","l2.ol_d_id","l2.ol_delivery_d"],"Filter":"(l2.ol_delivery_d >= '1992-01-02 20:10:02.27764'::timestamp without time zone)","Rows Removed by Filter":0,"Shared Hit Blocks":0,"Shared Read Blocks":0,"Shared Dirtied Blocks":0,"Shared Written Blocks":0,"Local Hit Blocks":0,"Local Read Blocks":0,"Local Dirtied Blocks":0,"Local Written Blocks":0,"Temp Read Blocks":0,"Temp Written Blocks":0,"I/O Read Time":0.0,"I/O Write Time":0.0,"Temp I/O Read Time":0.0,"Temp I/O Write Time":0.0}]}]}]}]}]}]},"Planning":{"Shared Hit Blocks":4,"Shared Read Blocks":0,"Shared Dirtied Blocks":0,"Shared Written Blocks":0,"Local Hit Blocks":0,"Local Read Blocks":0,"Local Dirtied Blocks":0,"Local Written Blocks":0,"Temp Read Blocks":0,"Temp Written Blocks":0,"I/O Read Time":0.0,"I/O Write Time":0.0,"Temp I/O Read Time":0.0,"Temp I/O Write Time":0.0},"Planning Time":2.225,"Triggers":[],"Execution Time":23014.617}]
[列存组合]: order_line, supplier
[{"Plan":{"Node Type":"Sort","Parallel Aware":false,"Async Capable":false,"Startup Cost":4105081.36,"Total Cost":4105106.36,"Plan Rows":10000,"Plan Width":27,"Actual Startup Time":31831.727,"Actual Total Time":31831.755,"Actual Rows":156,"Actual Loops":1,"Output":["supplier.su_name","(count(*))"],"Sort Key":["(count(*)) DESC","supplier.su_name"],"Sort Method":"quicksort","Sort Space Used":35,"Sort Space Type":"Memory","Shared Hit Blocks":1433315,"Shared Read Blocks":0,"Shared Dirtied Blocks":0,"Shared Written Blocks":0,"Local Hit Blocks":0,"Local Read Blocks":0,"Local Dirtied Blocks":0,"Local Written Blocks":0,"Temp Read Blocks":173473,"Temp Written Blocks":173478,"I/O Read Time":0.0,"I/O Write Time":0.0,"Temp I/O Read Time":288.834,"Temp I/O Write Time":798.829,"Plans":[{"Node Type":"Aggregate","Strategy":"Sorted","Partial Mode":"Simple","Parent Relationship":"Outer","Parallel Aware":false,"Async Capable":false,"Startup Cost":4103747.02,"Total Cost":4104416.97,"Plan Rows":10000,"Plan Width":27,"Actual Startup Time":31779.788,"Actual Total Time":31831.697,"Actual Rows":156,"Actual Loops":1,"Output":["supplier.su_name","count(*)"],"Group Key":["supplier.su_name"],"Shared Hit Blocks":1433315,"Shared Read Blocks":0,"Shared Dirtied Blocks":0,"Shared Written Blocks":0,"Local Hit Blocks":0,"Local Read Blocks":0,"Local Dirtied Blocks":0,"Local Written Blocks":0,"Temp Read Blocks":173473,"Temp Written Blocks":173478,"I/O Read Time":0.0,"I/O Write Time":0.0,"Temp I/O Read Time":288.834,"Temp I/O Write Time":798.829,"Plans":[{"Node Type":"Sort","Parent Relationship":"Outer","Parallel Aware":false,"Async Capable":false,"Startup Cost":4103747.02,"Total Cost":4103937.01,"Plan Rows":75993,"Plan Width":19,"Actual Startup Time":31779.601,"Actual Total Time":31806.943,"Actual Rows":267482,"Actual Loops":1,"Output":["supplier.su_name"],"Sort Key":["supplier.su_name"],"Sort Method":"external merge","Sort Space Used":7624,"Sort Space Type":"Disk","Shared Hit Blocks":1433315,"Shared Read Blocks":0,"Shared Dirtied Blocks":0,"Shared Written Blocks":0,"Local Hit Blocks":0,"Local Read Blocks":0,"Local Dirtied Blocks":0,"Local Written Blocks":0,"Temp Read Blocks":173473,"Temp Written Blocks":173478,"I/O Read Time":0.0,"I/O Write Time":0.0,"Temp I/O Read Time":288.834,"Temp I/O Write Time":798.829,"Plans":[{"Node Type":"Nested Loop","Parent Relationship":"Outer","Parallel Aware":false,"Async Capable":false,"Join Type":"Anti","Startup Cost":578738.75,"Total Cost":4097586.43,"Plan Rows":75993,"Plan Width":19,"Actual Startup Time":3198.634,"Actual Total Time":31631.234,"Actual Rows":267482,"Actual Loops":1,"Output":["supplier.su_name"],"Inner Unique":false,"Shared Hit Blocks":1433315,"Shared Read Blocks":0,"Shared Dirtied Blocks":0,"Shared Written Blocks":0,"Local Hit Blocks":0,"Local Read Blocks":0,"Local Dirtied Blocks":0,"Local Written Blocks":0,"Temp Read Blocks":172520,"Temp Written Blocks":172520,"I/O Read Time":0.0,"I/O Write Time":0.0,"Temp I/O Read Time":287.386,"Temp I/O Write Time":795.121,"Plans":[{"Node Type":"Hash Join","Parent Relationship":"Outer","Parallel Aware":false,"Async Capable":false,"Join Type":"Inner","Startup Cost":578738.19,"Total Cost":1821493.48,"Plan Rows":113989,"Plan Width":39,"Actual Startup Time":3198.582,"Actual Total Time":29722.686,"Actual Rows":267482,"Actual Loops":1,"Output":["supplier.su_name","l1.ol_o_id","l1.ol_w_id","l1.ol_d_id","l1.ol_delivery_d"],"Inner Unique":true,"Hash Cond":"((l1.ol_o_id = orders.o_id) AND (l1.ol_w_id = orders.o_w_id) AND (l1.ol_d_id = orders.o_d_id))","Join Filter":"(l1.ol_delivery_d > orders.o_entry_d)","Rows Removed by Join Filter":0,"Shared Hit Blocks":49398,"Shared Read Blocks":0,"Shared Dirtied Blocks":0,"Shared Written Blocks":0,"Local Hit Blocks":0,"Local Read Blocks":0,"Local Dirtied Blocks":0,"Local Written Blocks":0,"Temp Read Blocks":172520,"Temp Written Blocks":172520,"I/O Read Time":0.0,"I/O Write Time":0.0,"Temp I/O Read Time":287.386,"Temp I/O Write Time":795.121,"Plans":[{"Node Type":"Hash Join","Parent Relationship":"Outer","Parallel Aware":false,"Async Capable":false,"Join Type":"Inner","Startup Cost":449143.11,"Total Cost":1665619.76,"Plan Rows":342176,"Plan Width":41,"Actual Startup Time":2100.012,"Actual Total Time":28245.373,"Actual Rows":267496,"Actual Loops":1,"Output":["supplier.su_name","stock.s_w_id","l1.ol_o_id","l1.ol_w_id","l1.ol_d_id","l1.ol_delivery_d"],"Inner Unique":true,"Hash Cond":"(supplier.su_nationkey = nation.n_nationkey)","Shared Hit Blocks":27339,"Shared Read Blocks":0,"Shared Dirtied Blocks":0,"Shared Written Blocks":0,"Local Hit Blocks":0,"Local Read Blocks":0,"Local Dirtied Blocks":0,"Local Written Blocks":0,"Temp Read Blocks":154737,"Temp Written Blocks":154737,"I/O Read Time":0.0,"I/O Write Time":0.0,"Temp I/O Read Time":257.171,"Temp I/O Write Time":709.769,"Plans":[{"Node Type":"Hash Join","Parent Relationship":"Outer","Parallel Aware":false,"Async Capable":false,"Join Type":"Inner","Startup Cost":449141.32,"Total Cost":1606122.07,"Plan Rows":21214932,"Plan Width":45,"Actual Startup Time":2093.807,"Actual Total Time":26740.018,"Actual Rows":20982320,"Actual Loops":1,"Output":["supplier.su_name","supplier.su_nationkey","stock.s_w_id","l1.ol_o_id","l1.ol_w_id","l1.ol_d_id","l1.ol_delivery_d"],"Inner Unique":true,"Hash Cond":"(mod((stock.s_w_id * stock.s_i_id), 10000) = supplier.su_suppkey)","Shared Hit Blocks":27338,"Shared Read Blocks":0,"Shared Dirtied Blocks":0,"Shared Written Blocks":0,"Local Hit Blocks":0,"Local Read Blocks":0,"Local Dirtied Blocks":0,"Local Written Blocks":0,"Temp Read Blocks":154737,"Temp Written Blocks":154737,"I/O Read Time":0.0,"I/O Write Time":0.0,"Temp I/O Read Time":257.171,"Temp I/O Write Time":709.769,"Plans":[{"Node Type":"Hash Join","Parent Relationship":"Outer","Parallel Aware":false,"Async Capable":false,"Join Type":"Inner","Startup Cost":448777.29,"Total Cost":1544736.75,"Plan Rows":21214932,"Plan Width":26,"Actual Startup Time":2090.27,"Actual Total Time":22018.787,"Actual Rows":20982320,"Actual Loops":1,"Output":["l1.ol_o_id","l1.ol_w_id","l1.ol_d_id","l1.ol_delivery_d","stock.s_w_id","stock.s_i_id"],"Inner Unique":true,"Hash Cond":"((l1.ol_w_id = stock.s_w_id) AND (l1.ol_i_id = stock.s_i_id))","Shared Hit Blocks":27338,"Shared Read Blocks":0,"Shared Dirtied Blocks":0,"Shared Written Blocks":0,"Local Hit Blocks":0,"Local Read Blocks":0,"Local Dirtied Blocks":0,"Local Written Blocks":0,"Temp Read Blocks":154737,"Temp Written Blocks":154737,"I/O Read Time":0.0,"I/O Write Time":0.0,"Temp I/O Read Time":257.171,"Temp I/O Write Time":709.769,"Plans":[{"Node Type":"Append","Parent Relationship":"Outer","Parallel Aware":false,"Async Capable":false,"Startup Cost":20.0,"Total Cost":701820.0,"Plan Rows":20926367,"Plan Width":24,"Actual Startup Time":1.206,"Actual Total Time":4007.594,"Actual Rows":20982320,"Actual Loops":1,"Shared Hit Blocks":0,"Shared Read Blocks":0,"Shared Dirtied Blocks":0,"Shared Written Blocks":0,"Local Hit Blocks":0,"Local Read Blocks":0,"Local Dirtied Blocks":0,"Local Written Blocks":0,"Temp Read Blocks":0,"Temp Written Blocks":0,"I/O Read Time":0.0,"I/O Write Time":0.0,"Temp I/O Read Time":0.0,"Temp I/O Write Time":0.0,"Subplans Removed":0,"Plans":[{"Node Type":"Custom Scan","Parent Relationship":"Member","Custom Plan Provider":"columnar scan","Parallel Aware":false,"Async Capable":false,"Relation Name":"order_line","Schema":"public","Alias":"l1","Startup Cost":20.0,"Total Cost":533641.75,"Plan Rows":20926325,"Plan Width":24,"Actual Startup Time":1.204,"Actual Total Time":2554.716,"Actual Rows":20982320,"Actual Loops":1,"Output":["l1.ol_o_id","l1.ol_w_id","l1.ol_d_id","l1.ol_i_id","l1.ol_delivery_d"],"Filter":"(l1.ol_delivery_d >= '1992-01-02 20:10:02.27764'::timestamp without time zone)","Rows Removed by Filter":0,"Rows Removed by Columnar Filter":9015412,"Rows Filtered by Bloom Filter":0,"Dictionary Rows Filtered by Bloom Filter":19831,"Columnar projection mode":"late materialization","Columnar cache search mode":"native","Shared Hit Blocks":0,"Shared Read Blocks":0,"Shared Dirtied Blocks":0,"Shared Written Blocks":0,"Local Hit Blocks":0,"Local Read Blocks":0,"Local Dirtied Blocks":0,"Local Written Blocks":0,"Temp Read Blocks":0,"Temp Written Blocks":0,"I/O Read Time":0.0,"I/O Write Time":0.0,"Temp I/O Read Time":0.0,"Temp I/O Write Time":0.0},{"Node Type":"Seq Scan","Parent Relationship":"Member","Parallel Aware":false,"Async Capable":false,"Relation Name":"order_line","Schema":"public","Alias":"l1","Startup Cost":0.0,"Total Cost":4.75,"Plan Rows":42,"Plan Width":24,"Actual Startup Time":0.0,"Actual Total Time":0.0,"Actual Rows":0,"Actual Loops":0,"Output":["l1.ol_o_id","l1.ol_w_id","l1.ol_d_id","l1.ol_i_id","l1.ol_delivery_d"],"Filter":"(l1.ol_delivery_d >= '1992-01-02 20:10:02.27764'::timestamp without time zone)","Rows Removed by Filter":0,"Shared Hit Blocks":0,"Shared Read Blocks":0,"Shared Dirtied Blocks":0,"Shared Written Blocks":0,"Local Hit Blocks":0,"Local Read Blocks":0,"Local Dirtied Blocks":0,"Local Written Blocks":0,"Temp Read Blocks":0,"Temp Written Blocks":0,"I/O Read Time":0.0,"I/O Write Time":0.0,"Temp I/O Read Time":0.0,"Temp I/O Write Time":0.0}]},{"Node Type":"Hash","Parent Relationship":"Inner","Parallel Aware":false,"Async Capable":false,"Startup Cost":259690.86,"Total Cost":259690.86,"Plan Rows":10000162,"Plan Width":6,"Actual Startup Time":2087.722,"Actual Total Time":2087.722,"Actual Rows":10000000,"Actual Loops":1,"Output":["stock.s_w_id","stock.s_i_id"],"Hash Buckets":262144,"Original Hash Buckets":262144,"Hash Batches":64,"Original Hash Batches":64,"Peak Memory Usage":8133,"Shared Hit Blocks":27338,"Shared Read Blocks":0,"Shared Dirtied Blocks":0,"Shared Written Blocks":0,"Local Hit Blocks":0,"Local Read Blocks":0,"Local Dirtied Blocks":0,"Local Written Blocks":0,"Temp Read Blocks":0,"Temp Written Blocks":33616,"I/O Read Time":0.0,"I/O Write Time":0.0,"Temp I/O Read Time":0.0,"Temp I/O Write Time":150.209,"Plans":[{"Node Type":"Index Only Scan","Parent Relationship":"Outer","Parallel Aware":false,"Async Capable":false,"Scan Direction":"Forward","Index Name":"stock_pk","Relation Name":"stock","Schema":"public","Alias":"stock","Startup Cost":0.43,"Total Cost":259690.86,"Plan Rows":10000162,"Plan Width":6,"Actual Startup Time":0.031,"Actual Total Time":727.902,"Actual Rows":10000000,"Actual Loops":1,"Output":["stock.s_w_id","stock.s_i_id"],"Heap Fetches":0,"Shared Hit Blocks":27338,"Shared Read Blocks":0,"Shared Dirtied Blocks":0,"Shared Written Blocks":0,"Local Hit Blocks":0,"Local Read Blocks":0,"Local Dirtied Blocks":0,"Local Written Blocks":0,"Temp Read Blocks":0,"Temp Written Blocks":0,"I/O Read Time":0.0,"I/O Write Time":0.0,"Temp I/O Read Time":0.0,"Temp I/O Write Time":0.0}]}]},{"Node Type":"Hash","Parent Relationship":"Inner","Parallel Aware":false,"Async Capable":false,"Startup Cost":239.01,"Total Cost":239.01,"Plan Rows":10001,"Plan Width":27,"Actual Startup Time":3.479,"Actual Total Time":3.483,"Actual Rows":10000,"Actual Loops":1,"Output":["supplier.su_name","supplier.su_suppkey","supplier.su_nationkey"],"Hash Buckets":16384,"Original Hash Buckets":16384,"Hash Batches":1,"Original Hash Batches":1,"Peak Memory Usage":714,"Shared Hit Blocks":0,"Shared Read Blocks":0,"Shared Dirtied Blocks":0,"Shared Written Blocks":0,"Local Hit Blocks":0,"Local Read Blocks":0,"Local Dirtied Blocks":0,"Local Written Blocks":0,"Temp Read Blocks":0,"Temp Written Blocks":0,"I/O Read Time":0.0,"I/O Write Time":0.0,"Temp I/O Read Time":0.0,"Temp I/O Write Time":0.0,"Plans":[{"Node Type":"Append","Parent Relationship":"Outer","Parallel Aware":false,"Async Capable":false,"Startup Cost":20.0,"Total Cost":239.01,"Plan Rows":10001,"Plan Width":27,"Actual Startup Time":0.033,"Actual Total Time":2.042,"Actual Rows":10000,"Actual Loops":1,"Shared Hit Blocks":0,"Shared Read Blocks":0,"Shared Dirtied Blocks":0,"Shared Written Blocks":0,"Local Hit Blocks":0,"Local Read Blocks":0,"Local Dirtied Blocks":0,"Local Written Blocks":0,"Temp Read Blocks":0,"Temp Written Blocks":0,"I/O Read Time":0.0,"I/O Write Time":0.0,"Temp I/O Read Time":0.0,"Temp I/O Write Time":0.0,"Subplans Removed":0,"Plans":[{"Node Type":"Custom Scan","Parent Relationship":"Member","Custom Plan Provider":"columnar scan","Parallel Aware":false,"Async Capable":false,"Relation Name":"supplier","Schema":"public","Alias":"supplier","Startup Cost":20.0,"Total Cost":235.0,"Plan Rows":10000,"Plan Width":27,"Actual Startup Time":0.031,"Actual Total Time":1.312,"Actual Rows":10000,"Actual Loops":1,"Output":["supplier.su_name","supplier.su_suppkey","supplier.su_nationkey"],"Rows Removed by Columnar Filter":0,"Columnar cache search mode":"native","Shared Hit Blocks":0,"Shared Read Blocks":0,"Shared Dirtied Blocks":0,"Shared Written Blocks":0,"Local Hit Blocks":0,"Local Read Blocks":0,"Local Dirtied Blocks":0,"Local Written Blocks":0,"Temp Read Blocks":0,"Temp Written Blocks":0,"I/O Read Time":0.0,"I/O Write Time":0.0,"Temp I/O Read Time":0.0,"Temp I/O Write Time":0.0},{"Node Type":"Seq Scan","Parent Relationship":"Member","Parallel Aware":false,"Async Capable":false,"Relation Name":"supplier","Schema":"public","Alias":"supplier","Startup Cost":0.0,"Total Cost":4.01,"Plan Rows":1,"Plan Width":27,"Actual Startup Time":0.0,"Actual Total Time":0.0,"Actual Rows":0,"Actual Loops":0,"Output":["supplier.su_name","supplier.su_suppkey","supplier.su_nationkey"],"Shared Hit Blocks":0,"Shared Read Blocks":0,"Shared Dirtied Blocks":0,"Shared Written Blocks":0,"Local Hit Blocks":0,"Local Read Blocks":0,"Local Dirtied Blocks":0,"Local Written Blocks":0,"Temp Read Blocks":0,"Temp Written Blocks":0,"I/O Read Time":0.0,"I/O Write Time":0.0,"Temp I/O Read Time":0.0,"Temp I/O Write Time":0.0}]}]}]},{"Node Type":"Hash","Parent Relationship":"Inner","Parallel Aware":false,"Async Capable":false,"Startup Cost":1.77,"Total Cost":1.77,"Plan Rows":1,"Plan Width":4,"Actual Startup Time":0.031,"Actual Total Time":0.031,"Actual Rows":1,"Actual Loops":1,"Output":["nation.n_nationkey"],"Hash Buckets":1024,"Original Hash Buckets":1024,"Hash Batches":1,"Original Hash Batches":1,"Peak Memory Usage":9,"Shared Hit Blocks":1,"Shared Read Blocks":0,"Shared Dirtied Blocks":0,"Shared Written Blocks":0,"Local Hit Blocks":0,"Local Read Blocks":0,"Local Dirtied Blocks":0,"Local Written Blocks":0,"Temp Read Blocks":0,"Temp Written Blocks":0,"I/O Read Time":0.0,"I/O Write Time":0.0,"Temp I/O Read Time":0.0,"Temp I/O Write Time":0.0,"Plans":[{"Node Type":"Seq Scan","Parent Relationship":"Outer","Parallel Aware":false,"Async Capable":false,"Relation Name":"nation","Schema":"public","Alias":"nation","Startup Cost":0.0,"Total Cost":1.77,"Plan Rows":1,"Plan Width":4,"Actual Startup Time":0.024,"Actual Total Time":0.027,"Actual Rows":1,"Actual Loops":1,"Output":["nation.n_nationkey"],"Filter":"((nation.n_name)::text = 'Cambodia'::text)","Rows Removed by Filter":61,"Shared Hit Blocks":1,"Shared Read Blocks":0,"Shared Dirtied Blocks":0,"Shared Written Blocks":0,"Local Hit Blocks":0,"Local Read Blocks":0,"Local Dirtied Blocks":0,"Local Written Blocks":0,"Temp Read Blocks":0,"Temp Written Blocks":0,"I/O Read Time":0.0,"I/O Write Time":0.0,"Temp I/O Read Time":0.0,"Temp I/O Write Time":0.0}]}]},{"Node Type":"Hash","Parent Relationship":"Inner","Parallel Aware":false,"Async Capable":false,"Startup Cost":59559.0,"Total Cost":59559.0,"Plan Rows":2998176,"Plan Width":20,"Actual Startup Time":1080.349,"Actual Total Time":1080.35,"Actual Rows":2997892,"Actual Loops":1,"Output":["orders.o_id","orders.o_w_id","orders.o_d_id","orders.o_entry_d"],"Hash Buckets":131072,"Original Hash Buckets":131072,"Hash Batches":32,"Original Hash Batches":32,"Peak Memory Usage":6158,"Shared Hit Blocks":22059,"Shared Read Blocks":0,"Shared Dirtied Blocks":0,"Shared Written Blocks":0,"Local Hit Blocks":0,"Local Read Blocks":0,"Local Dirtied Blocks":0,"Local Written Blocks":0,"Temp Read Blocks":0,"Temp Written Blocks":15583,"I/O Read Time":0.0,"I/O Write Time":0.0,"Temp I/O Read Time":0.0,"Temp I/O Write Time":69.267,"Plans":[{"Node Type":"Seq Scan","Parent Relationship":"Outer","Parallel Aware":false,"Async Capable":false,"Relation Name":"orders","Schema":"public","Alias":"orders","Startup Cost":0.0,"Total Cost":59559.0,"Plan Rows":2998176,"Plan Width":20,"Actual Startup Time":0.014,"Actual Total Time":379.234,"Actual Rows":2997892,"Actual Loops":1,"Output":["orders.o_id","orders.o_w_id","orders.o_d_id","orders.o_entry_d"],"Filter":"(orders.o_entry_d >= '1992-01-02 20:10:02.27764'::timestamp without time zone)","Rows Removed by Filter":2108,"Shared Hit Blocks":22059,"Shared Read Blocks":0,"Shared Dirtied Blocks":0,"Shared Written Blocks":0,"Local Hit Blocks":0,"Local Read Blocks":0,"Local Dirtied Blocks":0,"Local Written Blocks":0,"Temp Read Blocks":0,"Temp Written Blocks":0,"I/O Read Time":0.0,"I/O Write Time":0.0,"Temp I/O Read Time":0.0,"Temp I/O Write Time":0.0}]}]},{"Node Type":"Index Scan","Parent Relationship":"Inner","Parallel Aware":false,"Async Capable":false,"Scan Direction":"Forward","Index Name":"order_line_pk","Relation Name":"order_line","Schema":"public","Alias":"l2","Startup Cost":0.56,"Total Cost":26.51,"Plan Rows":2,"Plan Width":20,"Actual Startup Time":0.007,"Actual Total Time":0.007,"Actual Rows":0,"Actual Loops":267482,"Output":["l2.ol_o_id","l2.ol_d_id","l2.ol_w_id","l2.ol_number","l2.ol_i_id","l2.ol_supply_w_id","l2.ol_delivery_d","l2.ol_quantity","l2.ol_amount","l2.ol_dist_info"],"Index Cond":"((l2.ol_w_id = l1.ol_w_id) AND (l2.ol_d_id = l1.ol_d_id) AND (l2.ol_o_id = l1.ol_o_id))","Rows Removed by Index Recheck":0,"Filter":"((l2.ol_delivery_d >= '1992-01-02 20:10:02.27764'::timestamp without time zone) AND (l2.ol_delivery_d > l1.ol_delivery_d))","Rows Removed by Filter":11,"Shared Hit Blocks":1383917,"Shared Read Blocks":0,"Shared Dirtied Blocks":0,"Shared Written Blocks":0,"Local Hit Blocks":0,"Local Read Blocks":0,"Local Dirtied Blocks":0,"Local Written Blocks":0,"Temp Read Blocks":0,"Temp Written Blocks":0,"I/O Read Time":0.0,"I/O Write Time":0.0,"Temp I/O Read Time":0.0,"Temp I/O Write Time":0.0}]}]}]}]},"Planning":{"Shared Hit Blocks":4,"Shared Read Blocks":0,"Shared Dirtied Blocks":0,"Shared Written Blocks":0,"Local Hit Blocks":0,"Local Read Blocks":0,"Local Dirtied Blocks":0,"Local Written Blocks":0,"Temp Read Blocks":0,"Temp Written Blocks":0,"I/O Read Time":0.0,"I/O Write Time":0.0,"Temp I/O Read Time":0.0,"Temp I/O Write Time":0.0},"Planning Time":1.788,"Triggers":[],"Execution Time":31833.318}]
[列存组合]: orders, stock
[{"Plan":{"Node Type":"Sort","Parallel Aware":false,"Async Capable":false,"Startup Cost":4119195.73,"Total Cost":4119220.73,"Plan Rows":10000,"Plan Width":27,"Actual Startup Time":23699.673,"Actual Total Time":23699.691,"Actual Rows":156,"Actual Loops":1,"Output":["supplier.su_name","(count(*))"],"Sort Key":["(count(*)) DESC","supplier.su_name"],"Sort Method":"quicksort","Sort Space Used":35,"Sort Space Type":"Memory","Shared Hit Blocks":1774416,"Shared Read Blocks":0,"Shared Dirtied Blocks":0,"Shared Written Blocks":0,"Local Hit Blocks":0,"Local Read Blocks":0,"Local Dirtied Blocks":0,"Local Written Blocks":0,"Temp Read Blocks":163494,"Temp Written Blocks":163499,"I/O Read Time":0.0,"I/O Write Time":0.0,"Temp I/O Read Time":276.713,"Temp I/O Write Time":765.383,"Plans":[{"Node Type":"Aggregate","Strategy":"Sorted","Partial Mode":"Simple","Parent Relationship":"Outer","Parallel Aware":false,"Async Capable":false,"Startup Cost":4117861.4,"Total Cost":4118531.35,"Plan Rows":10000,"Plan Width":27,"Actual Startup Time":23648.77,"Actual Total Time":23699.631,"Actual Rows":156,"Actual Loops":1,"Output":["supplier.su_name","count(*)"],"Group Key":["supplier.su_name"],"Shared Hit Blocks":1774416,"Shared Read Blocks":0,"Shared Dirtied Blocks":0,"Shared Written Blocks":0,"Local Hit Blocks":0,"Local Read Blocks":0,"Local Dirtied Blocks":0,"Local Written Blocks":0,"Temp Read Blocks":163494,"Temp Written Blocks":163499,"I/O Read Time":0.0,"I/O Write Time":0.0,"Temp I/O Read Time":276.713,"Temp I/O Write Time":765.383,"Plans":[{"Node Type":"Sort","Parent Relationship":"Outer","Parallel Aware":false,"Async Capable":false,"Startup Cost":4117861.4,"Total Cost":4118051.38,"Plan Rows":75993,"Plan Width":19,"Actual Startup Time":23648.591,"Actual Total Time":23675.401,"Actual Rows":267482,"Actual Loops":1,"Output":["supplier.su_name"],"Sort Key":["supplier.su_name"],"Sort Method":"external merge","Sort Space Used":7624,"Sort Space Type":"Disk","Shared Hit Blocks":1774416,"Shared Read Blocks":0,"Shared Dirtied Blocks":0,"Shared Written Blocks":0,"Local Hit Blocks":0,"Local Read Blocks":0,"Local Dirtied Blocks":0,"Local Written Blocks":0,"Temp Read Blocks":163494,"Temp Written Blocks":163499,"I/O Read Time":0.0,"I/O Write Time":0.0,"Temp I/O Read Time":276.713,"Temp I/O Write Time":765.383,"Plans":[{"Node Type":"Nested Loop","Parent Relationship":"Outer","Parallel Aware":false,"Async Capable":false,"Join Type":"Anti","Startup Cost":578796.72,"Total Cost":4111700.81,"Plan Rows":75993,"Plan Width":19,"Actual Startup Time":2985.577,"Actual Total Time":23500.728,"Actual Rows":267482,"Actual Loops":1,"Output":["supplier.su_name"],"Inner Unique":false,"Shared Hit Blocks":1774416,"Shared Read Blocks":0,"Shared Dirtied Blocks":0,"Shared Written Blocks":0,"Local Hit Blocks":0,"Local Read Blocks":0,"Local Dirtied Blocks":0,"Local Written Blocks":0,"Temp Read Blocks":162541,"Temp Written Blocks":162541,"I/O Read Time":0.0,"I/O Write Time":0.0,"Temp I/O Read Time":275.21,"Temp I/O Write Time":761.644,"Plans":[{"Node Type":"Hash Join","Parent Relationship":"Outer","Parallel Aware":false,"Async Capable":false,"Join Type":"Inner","Startup Cost":578796.16,"Total Cost":1835607.85,"Plan Rows":113989,"Plan Width":39,"Actual Startup Time":2985.532,"Actual Total Time":21576.447,"Actual Rows":267482,"Actual Loops":1,"Output":["supplier.su_name","l1.ol_o_id","l1.ol_w_id","l1.ol_d_id","l1.ol_delivery_d"],"Inner Unique":true,"Hash Cond":"((l1.ol_o_id = orders.o_id) AND (l1.ol_w_id = orders.o_w_id) AND (l1.ol_d_id = orders.o_d_id))","Join Filter":"(l1.ol_delivery_d > orders.o_entry_d)","Rows Removed by Join Filter":0,"Shared Hit Blocks":390499,"Shared Read Blocks":0,"Shared Dirtied Blocks":0,"Shared Written Blocks":0,"Local Hit Blocks":0,"Local Read Blocks":0,"Local Dirtied Blocks":0,"Local Written Blocks":0,"Temp Read Blocks":162541,"Temp Written Blocks":162541,"I/O Read Time":0.0,"I/O Write Time":0.0,"Temp I/O Read Time":275.21,"Temp I/O Write Time":761.644,"Plans":[{"Node Type":"Hash Join","Parent Relationship":"Outer","Parallel Aware":false,"Async Capable":false,"Join Type":"Inner","Startup Cost":449201.08,"Total Cost":1679734.14,"Plan Rows":342176,"Plan Width":41,"Actual Startup Time":2090.395,"Actual Total Time":20304.254,"Actual Rows":267756,"Actual Loops":1,"Output":["supplier.su_name","stock.s_w_id","l1.ol_o_id","l1.ol_w_id","l1.ol_d_id","l1.ol_delivery_d"],"Inner Unique":true,"Hash Cond":"(supplier.su_nationkey = nation.n_nationkey)","Shared Hit Blocks":368440,"Shared Read Blocks":0,"Shared Dirtied Blocks":0,"Shared Written Blocks":0,"Local Hit Blocks":0,"Local Read Blocks":0,"Local Dirtied Blocks":0,"Local Written Blocks":0,"Temp Read Blocks":144757,"Temp Written Blocks":144757,"I/O Read Time":0.0,"I/O Write Time":0.0,"Temp I/O Read Time":243.868,"Temp I/O Write Time":675.293,"Plans":[{"Node Type":"Hash Join","Parent Relationship":"Outer","Parallel Aware":false,"Async Capable":false,"Join Type":"Inner","Startup Cost":449199.29,"Total Cost":1620236.44,"Plan Rows":21214932,"Plan Width":45,"Actual Startup Time":2090.25,"Actual Total Time":18896.323,"Actual Rows":21002151,"Actual Loops":1,"Output":["supplier.su_name","supplier.su_nationkey","stock.s_w_id","l1.ol_o_id","l1.ol_w_id","l1.ol_d_id","l1.ol_delivery_d"],"Inner Unique":true,"Hash Cond":"(mod((stock.s_w_id * stock.s_i_id), 10000) = supplier.su_suppkey)","Shared Hit Blocks":368439,"Shared Read Blocks":0,"Shared Dirtied Blocks":0,"Shared Written Blocks":0,"Local Hit Blocks":0,"Local Read Blocks":0,"Local Dirtied Blocks":0,"Local Written Blocks":0,"Temp Read Blocks":144757,"Temp Written Blocks":144757,"I/O Read Time":0.0,"I/O Write Time":0.0,"Temp I/O Read Time":243.868,"Temp I/O Write Time":675.293,"Plans":[{"Node Type":"Hash Join","Parent Relationship":"Outer","Parallel Aware":false,"Async Capable":false,"Join Type":"Inner","Startup Cost":448757.29,"Total Cost":1558773.15,"Plan Rows":21214932,"Plan Width":26,"Actual Startup Time":2087.512,"Actual Total Time":14389.138,"Actual Rows":21002151,"Actual Loops":1,"Output":["l1.ol_o_id","l1.ol_w_id","l1.ol_d_id","l1.ol_delivery_d","stock.s_w_id","stock.s_i_id"],"Inner Unique":true,"Hash Cond":"((l1.ol_w_id = stock.s_w_id) AND (l1.ol_i_id = stock.s_i_id))","Shared Hit Blocks":368222,"Shared Read Blocks":0,"Shared Dirtied Blocks":0,"Shared Written Blocks":0,"Local Hit Blocks":0,"Local Read Blocks":0,"Local Dirtied Blocks":0,"Local Written Blocks":0,"Temp Read Blocks":144757,"Temp Written Blocks":144757,"I/O Read Time":0.0,"I/O Write Time":0.0,"Temp I/O Read Time":243.868,"Temp I/O Write Time":675.293,"Plans":[{"Node Type":"Seq Scan","Parent Relationship":"Outer","Parallel Aware":false,"Async Capable":false,"Relation Name":"order_line","Schema":"public","Alias":"l1","Startup Cost":0.0,"Total Cost":715856.4,"Plan Rows":20926367,"Plan Width":24,"Actual Startup Time":0.011,"Actual Total Time":3394.151,"Actual Rows":21002151,"Actual Loops":1,"Output":["l1.ol_o_id","l1.ol_w_id","l1.ol_d_id","l1.ol_i_id","l1.ol_delivery_d"],"Filter":"(l1.ol_delivery_d >= '1992-01-02 20:10:02.27764'::timestamp without time zone)","Rows Removed by Filter":8995581,"Shared Hit Blocks":340884,"Shared Read Blocks":0,"Shared Dirtied Blocks":0,"Shared Written Blocks":0,"Local Hit Blocks":0,"Local Read Blocks":0,"Local Dirtied Blocks":0,"Local Written Blocks":0,"Temp Read Blocks":0,"Temp Written Blocks":0,"I/O Read Time":0.0,"I/O Write Time":0.0,"Temp I/O Read Time":0.0,"Temp I/O Write Time":0.0},{"Node Type":"Hash","Parent Relationship":"Inner","Parallel Aware":false,"Async Capable":false,"Startup Cost":259690.86,"Total Cost":259690.86,"Plan Rows":10000162,"Plan Width":6,"Actual Startup Time":2086.044,"Actual Total Time":2086.047,"Actual Rows":10000000,"Actual Loops":1,"Output":["stock.s_w_id","stock.s_i_id"],"Hash Buckets":262144,"Original Hash Buckets":262144,"Hash Batches":64,"Original Hash Batches":64,"Peak Memory Usage":8133,"Shared Hit Blocks":27338,"Shared Read Blocks":0,"Shared Dirtied Blocks":0,"Shared Written Blocks":0,"Local Hit Blocks":0,"Local Read Blocks":0,"Local Dirtied Blocks":0,"Local Written Blocks":0,"Temp Read Blocks":0,"Temp Written Blocks":33616,"I/O Read Time":0.0,"I/O Write Time":0.0,"Temp I/O Read Time":0.0,"Temp I/O Write Time":156.522,"Plans":[{"Node Type":"Index Only Scan","Parent Relationship":"Outer","Parallel Aware":false,"Async Capable":false,"Scan Direction":"Forward","Index Name":"stock_pk","Relation Name":"stock","Schema":"public","Alias":"stock","Startup Cost":0.43,"Total Cost":259690.86,"Plan Rows":10000162,"Plan Width":6,"Actual Startup Time":0.025,"Actual Total Time":722.467,"Actual Rows":10000000,"Actual Loops":1,"Output":["stock.s_w_id","stock.s_i_id"],"Heap Fetches":0,"Shared Hit Blocks":27338,"Shared Read Blocks":0,"Shared Dirtied Blocks":0,"Shared Written Blocks":0,"Local Hit Blocks":0,"Local Read Blocks":0,"Local Dirtied Blocks":0,"Local Written Blocks":0,"Temp Read Blocks":0,"Temp Written Blocks":0,"I/O Read Time":0.0,"I/O Write Time":0.0,"Temp I/O Read Time":0.0,"Temp I/O Write Time":0.0}]}]},{"Node Type":"Hash","Parent Relationship":"Inner","Parallel Aware":false,"Async Capable":false,"Startup Cost":317.0,"Total Cost":317.0,"Plan Rows":10000,"Plan Width":27,"Actual Startup Time":2.683,"Actual Total Time":2.683,"Actual Rows":10000,"Actual Loops":1,"Output":["supplier.su_name","supplier.su_suppkey","supplier.su_nationkey"],"Hash Buckets":16384,"Original Hash Buckets":16384,"Hash Batches":1,"Original Hash Batches":1,"Peak Memory Usage":714,"Shared Hit Blocks":217,"Shared Read Blocks":0,"Shared Dirtied Blocks":0,"Shared Written Blocks":0,"Local Hit Blocks":0,"Local Read Blocks":0,"Local Dirtied Blocks":0,"Local Written Blocks":0,"Temp Read Blocks":0,"Temp Written Blocks":0,"I/O Read Time":0.0,"I/O Write Time":0.0,"Temp I/O Read Time":0.0,"Temp I/O Write Time":0.0,"Plans":[{"Node Type":"Seq Scan","Parent Relationship":"Outer","Parallel Aware":false,"Async Capable":false,"Relation Name":"supplier","Schema":"public","Alias":"supplier","Startup Cost":0.0,"Total Cost":317.0,"Plan Rows":10000,"Plan Width":27,"Actual Startup Time":0.006,"Actual Total Time":1.238,"Actual Rows":10000,"Actual Loops":1,"Output":["supplier.su_name","supplier.su_suppkey","supplier.su_nationkey"],"Shared Hit Blocks":217,"Shared Read Blocks":0,"Shared Dirtied Blocks":0,"Shared Written Blocks":0,"Local Hit Blocks":0,"Local Read Blocks":0,"Local Dirtied Blocks":0,"Local Written Blocks":0,"Temp Read Blocks":0,"Temp Written Blocks":0,"I/O Read Time":0.0,"I/O Write Time":0.0,"Temp I/O Read Time":0.0,"Temp I/O Write Time":0.0}]}]},{"Node Type":"Hash","Parent Relationship":"Inner","Parallel Aware":false,"Async Capable":false,"Startup Cost":1.77,"Total Cost":1.77,"Plan Rows":1,"Plan Width":4,"Actual Startup Time":0.019,"Actual Total Time":0.019,"Actual Rows":1,"Actual Loops":1,"Output":["nation.n_nationkey"],"Hash Buckets":1024,"Original Hash Buckets":1024,"Hash Batches":1,"Original Hash Batches":1,"Peak Memory Usage":9,"Shared Hit Blocks":1,"Shared Read Blocks":0,"Shared Dirtied Blocks":0,"Shared Written Blocks":0,"Local Hit Blocks":0,"Local Read Blocks":0,"Local Dirtied Blocks":0,"Local Written Blocks":0,"Temp Read Blocks":0,"Temp Written Blocks":0,"I/O Read Time":0.0,"I/O Write Time":0.0,"Temp I/O Read Time":0.0,"Temp I/O Write Time":0.0,"Plans":[{"Node Type":"Seq Scan","Parent Relationship":"Outer","Parallel Aware":false,"Async Capable":false,"Relation Name":"nation","Schema":"public","Alias":"nation","Startup Cost":0.0,"Total Cost":1.77,"Plan Rows":1,"Plan Width":4,"Actual Startup Time":0.014,"Actual Total Time":0.016,"Actual Rows":1,"Actual Loops":1,"Output":["nation.n_nationkey"],"Filter":"((nation.n_name)::text = 'Cambodia'::text)","Rows Removed by Filter":61,"Shared Hit Blocks":1,"Shared Read Blocks":0,"Shared Dirtied Blocks":0,"Shared Written Blocks":0,"Local Hit Blocks":0,"Local Read Blocks":0,"Local Dirtied Blocks":0,"Local Written Blocks":0,"Temp Read Blocks":0,"Temp Written Blocks":0,"I/O Read Time":0.0,"I/O Write Time":0.0,"Temp I/O Read Time":0.0,"Temp I/O Write Time":0.0}]}]},{"Node Type":"Hash","Parent Relationship":"Inner","Parallel Aware":false,"Async Capable":false,"Startup Cost":59559.0,"Total Cost":59559.0,"Plan Rows":2998176,"Plan Width":20,"Actual Startup Time":876.303,"Actual Total Time":876.304,"Actual Rows":2997892,"Actual Loops":1,"Output":["orders.o_id","orders.o_w_id","orders.o_d_id","orders.o_entry_d"],"Hash Buckets":131072,"Original Hash Buckets":131072,"Hash Batches":32,"Original Hash Batches":32,"Peak Memory Usage":6158,"Shared Hit Blocks":22059,"Shared Read Blocks":0,"Shared Dirtied Blocks":0,"Shared Written Blocks":0,"Local Hit Blocks":0,"Local Read Blocks":0,"Local Dirtied Blocks":0,"Local Written Blocks":0,"Temp Read Blocks":0,"Temp Written Blocks":15583,"I/O Read Time":0.0,"I/O Write Time":0.0,"Temp I/O Read Time":0.0,"Temp I/O Write Time":70.934,"Plans":[{"Node Type":"Seq Scan","Parent Relationship":"Outer","Parallel Aware":false,"Async Capable":false,"Relation Name":"orders","Schema":"public","Alias":"orders","Startup Cost":0.0,"Total Cost":59559.0,"Plan Rows":2998176,"Plan Width":20,"Actual Startup Time":0.013,"Actual Total Time":357.914,"Actual Rows":2997892,"Actual Loops":1,"Output":["orders.o_id","orders.o_w_id","orders.o_d_id","orders.o_entry_d"],"Filter":"(orders.o_entry_d >= '1992-01-02 20:10:02.27764'::timestamp without time zone)","Rows Removed by Filter":2108,"Shared Hit Blocks":22059,"Shared Read Blocks":0,"Shared Dirtied Blocks":0,"Shared Written Blocks":0,"Local Hit Blocks":0,"Local Read Blocks":0,"Local Dirtied Blocks":0,"Local Written Blocks":0,"Temp Read Blocks":0,"Temp Written Blocks":0,"I/O Read Time":0.0,"I/O Write Time":0.0,"Temp I/O Read Time":0.0,"Temp I/O Write Time":0.0}]}]},{"Node Type":"Index Scan","Parent Relationship":"Inner","Parallel Aware":false,"Async Capable":false,"Scan Direction":"Forward","Index Name":"order_line_pk","Relation Name":"order_line","Schema":"public","Alias":"l2","Startup Cost":0.56,"Total Cost":26.51,"Plan Rows":2,"Plan Width":20,"Actual Startup Time":0.007,"Actual Total Time":0.007,"Actual Rows":0,"Actual Loops":267482,"Output":["l2.ol_o_id","l2.ol_d_id","l2.ol_w_id","l2.ol_number","l2.ol_i_id","l2.ol_supply_w_id","l2.ol_delivery_d","l2.ol_quantity","l2.ol_amount","l2.ol_dist_info"],"Index Cond":"((l2.ol_w_id = l1.ol_w_id) AND (l2.ol_d_id = l1.ol_d_id) AND (l2.ol_o_id = l1.ol_o_id))","Rows Removed by Index Recheck":0,"Filter":"((l2.ol_delivery_d >= '1992-01-02 20:10:02.27764'::timestamp without time zone) AND (l2.ol_delivery_d > l1.ol_delivery_d))","Rows Removed by Filter":11,"Shared Hit Blocks":1383917,"Shared Read Blocks":0,"Shared Dirtied Blocks":0,"Shared Written Blocks":0,"Local Hit Blocks":0,"Local Read Blocks":0,"Local Dirtied Blocks":0,"Local Written Blocks":0,"Temp Read Blocks":0,"Temp Written Blocks":0,"I/O Read Time":0.0,"I/O Write Time":0.0,"Temp I/O Read Time":0.0,"Temp I/O Write Time":0.0}]}]}]}]},"Planning":{"Shared Hit Blocks":4,"Shared Read Blocks":0,"Shared Dirtied Blocks":0,"Shared Written Blocks":0,"Local Hit Blocks":0,"Local Read Blocks":0,"Local Dirtied Blocks":0,"Local Written Blocks":0,"Temp Read Blocks":0,"Temp Written Blocks":0,"I/O Read Time":0.0,"I/O Write Time":0.0,"Temp I/O Read Time":0.0,"Temp I/O Write Time":0.0},"Planning Time":1.784,"Triggers":[],"Execution Time":23701.064}]
[列存组合]: orders, supplier
[{"Plan":{"Node Type":"Sort","Parallel Aware":false,"Async Capable":false,"Startup Cost":4119117.76,"Total Cost":4119142.76,"Plan Rows":10000,"Plan Width":27,"Actual Startup Time":23702.852,"Actual Total Time":23702.871,"Actual Rows":156,"Actual Loops":1,"Output":["supplier.su_name","(count(*))"],"Sort Key":["(count(*)) DESC","supplier.su_name"],"Sort Method":"quicksort","Sort Space Used":35,"Sort Space Type":"Memory","Shared Hit Blocks":1774199,"Shared Read Blocks":0,"Shared Dirtied Blocks":0,"Shared Written Blocks":0,"Local Hit Blocks":0,"Local Read Blocks":0,"Local Dirtied Blocks":0,"Local Written Blocks":0,"Temp Read Blocks":163494,"Temp Written Blocks":163499,"I/O Read Time":0.0,"I/O Write Time":0.0,"Temp I/O Read Time":274.737,"Temp I/O Write Time":758.396,"Plans":[{"Node Type":"Aggregate","Strategy":"Sorted","Partial Mode":"Simple","Parent Relationship":"Outer","Parallel Aware":false,"Async Capable":false,"Startup Cost":4117783.42,"Total Cost":4118453.37,"Plan Rows":10000,"Plan Width":27,"Actual Startup Time":23651.795,"Actual Total Time":23702.816,"Actual Rows":156,"Actual Loops":1,"Output":["supplier.su_name","count(*)"],"Group Key":["supplier.su_name"],"Shared Hit Blocks":1774199,"Shared Read Blocks":0,"Shared Dirtied Blocks":0,"Shared Written Blocks":0,"Local Hit Blocks":0,"Local Read Blocks":0,"Local Dirtied Blocks":0,"Local Written Blocks":0,"Temp Read Blocks":163494,"Temp Written Blocks":163499,"I/O Read Time":0.0,"I/O Write Time":0.0,"Temp I/O Read Time":274.737,"Temp I/O Write Time":758.396,"Plans":[{"Node Type":"Sort","Parent Relationship":"Outer","Parallel Aware":false,"Async Capable":false,"Startup Cost":4117783.42,"Total Cost":4117973.41,"Plan Rows":75993,"Plan Width":19,"Actual Startup Time":23651.615,"Actual Total Time":23678.417,"Actual Rows":267482,"Actual Loops":1,"Output":["supplier.su_name"],"Sort Key":["supplier.su_name"],"Sort Method":"external merge","Sort Space Used":7624,"Sort Space Type":"Disk","Shared Hit Blocks":1774199,"Shared Read Blocks":0,"Shared Dirtied Blocks":0,"Shared Written Blocks":0,"Local Hit Blocks":0,"Local Read Blocks":0,"Local Dirtied Blocks":0,"Local Written Blocks":0,"Temp Read Blocks":163494,"Temp Written Blocks":163499,"I/O Read Time":0.0,"I/O Write Time":0.0,"Temp I/O Read Time":274.737,"Temp I/O Write Time":758.396,"Plans":[{"Node Type":"Nested Loop","Parent Relationship":"Outer","Parallel Aware":false,"Async Capable":false,"Join Type":"Anti","Startup Cost":578718.75,"Total Cost":4111622.83,"Plan Rows":75993,"Plan Width":19,"Actual Startup Time":2984.19,"Actual Total Time":23503.402,"Actual Rows":267482,"Actual Loops":1,"Output":["supplier.su_name"],"Inner Unique":false,"Shared Hit Blocks":1774199,"Shared Read Blocks":0,"Shared Dirtied Blocks":0,"Shared Written Blocks":0,"Local Hit Blocks":0,"Local Read Blocks":0,"Local Dirtied Blocks":0,"Local Written Blocks":0,"Temp Read Blocks":162541,"Temp Written Blocks":162541,"I/O Read Time":0.0,"I/O Write Time":0.0,"Temp I/O Read Time":273.229,"Temp I/O Write Time":754.647,"Plans":[{"Node Type":"Hash Join","Parent Relationship":"Outer","Parallel Aware":false,"Async Capable":false,"Join Type":"Inner","Startup Cost":578718.19,"Total Cost":1835529.88,"Plan Rows":113989,"Plan Width":39,"Actual Startup Time":2984.14,"Actual Total Time":21586.528,"Actual Rows":267482,"Actual Loops":1,"Output":["supplier.su_name","l1.ol_o_id","l1.ol_w_id","l1.ol_d_id","l1.ol_delivery_d"],"Inner Unique":true,"Hash Cond":"((l1.ol_o_id = orders.o_id) AND (l1.ol_w_id = orders.o_w_id) AND (l1.ol_d_id = orders.o_d_id))","Join Filter":"(l1.ol_delivery_d > orders.o_entry_d)","Rows Removed by Join Filter":0,"Shared Hit Blocks":390282,"Shared Read Blocks":0,"Shared Dirtied Blocks":0,"Shared Written Blocks":0,"Local Hit Blocks":0,"Local Read Blocks":0,"Local Dirtied Blocks":0,"Local Written Blocks":0,"Temp Read Blocks":162541,"Temp Written Blocks":162541,"I/O Read Time":0.0,"I/O Write Time":0.0,"Temp I/O Read Time":273.229,"Temp I/O Write Time":754.647,"Plans":[{"Node Type":"Hash Join","Parent Relationship":"Outer","Parallel Aware":false,"Async Capable":false,"Join Type":"Inner","Startup Cost":449123.11,"Total Cost":1679656.16,"Plan Rows":342176,"Plan Width":41,"Actual Startup Time":2098.687,"Actual Total Time":20325.672,"Actual Rows":267756,"Actual Loops":1,"Output":["supplier.su_name","stock.s_w_id","l1.ol_o_id","l1.ol_w_id","l1.ol_d_id","l1.ol_delivery_d"],"Inner Unique":true,"Hash Cond":"(supplier.su_nationkey = nation.n_nationkey)","Shared Hit Blocks":368223,"Shared Read Blocks":0,"Shared Dirtied Blocks":0,"Shared Written Blocks":0,"Local Hit Blocks":0,"Local Read Blocks":0,"Local Dirtied Blocks":0,"Local Written Blocks":0,"Temp Read Blocks":144757,"Temp Written Blocks":144757,"I/O Read Time":0.0,"I/O Write Time":0.0,"Temp I/O Read Time":242.015,"Temp I/O Write Time":672.142,"Plans":[{"Node Type":"Hash Join","Parent Relationship":"Outer","Parallel Aware":false,"Async Capable":false,"Join Type":"Inner","Startup Cost":449121.32,"Total Cost":1620158.47,"Plan Rows":21214932,"Plan Width":45,"Actual Startup Time":2098.552,"Actual Total Time":18889.435,"Actual Rows":21002151,"Actual Loops":1,"Output":["supplier.su_name","supplier.su_nationkey","stock.s_w_id","l1.ol_o_id","l1.ol_w_id","l1.ol_d_id","l1.ol_delivery_d"],"Inner Unique":true,"Hash Cond":"(mod((stock.s_w_id * stock.s_i_id), 10000) = supplier.su_suppkey)","Shared Hit Blocks":368222,"Shared Read Blocks":0,"Shared Dirtied Blocks":0,"Shared Written Blocks":0,"Local Hit Blocks":0,"Local Read Blocks":0,"Local Dirtied Blocks":0,"Local Written Blocks":0,"Temp Read Blocks":144757,"Temp Written Blocks":144757,"I/O Read Time":0.0,"I/O Write Time":0.0,"Temp I/O Read Time":242.015,"Temp I/O Write Time":672.142,"Plans":[{"Node Type":"Hash Join","Parent Relationship":"Outer","Parallel Aware":false,"Async Capable":false,"Join Type":"Inner","Startup Cost":448757.29,"Total Cost":1558773.15,"Plan Rows":21214932,"Plan Width":26,"Actual Startup Time":2095.177,"Actual Total Time":14341.916,"Actual Rows":21002151,"Actual Loops":1,"Output":["l1.ol_o_id","l1.ol_w_id","l1.ol_d_id","l1.ol_delivery_d","stock.s_w_id","stock.s_i_id"],"Inner Unique":true,"Hash Cond":"((l1.ol_w_id = stock.s_w_id) AND (l1.ol_i_id = stock.s_i_id))","Shared Hit Blocks":368222,"Shared Read Blocks":0,"Shared Dirtied Blocks":0,"Shared Written Blocks":0,"Local Hit Blocks":0,"Local Read Blocks":0,"Local Dirtied Blocks":0,"Local Written Blocks":0,"Temp Read Blocks":144757,"Temp Written Blocks":144757,"I/O Read Time":0.0,"I/O Write Time":0.0,"Temp I/O Read Time":242.015,"Temp I/O Write Time":672.142,"Plans":[{"Node Type":"Seq Scan","Parent Relationship":"Outer","Parallel Aware":false,"Async Capable":false,"Relation Name":"order_line","Schema":"public","Alias":"l1","Startup Cost":0.0,"Total Cost":715856.4,"Plan Rows":20926367,"Plan Width":24,"Actual Startup Time":0.008,"Actual Total Time":3368.808,"Actual Rows":21002151,"Actual Loops":1,"Output":["l1.ol_o_id","l1.ol_w_id","l1.ol_d_id","l1.ol_i_id","l1.ol_delivery_d"],"Filter":"(l1.ol_delivery_d >= '1992-01-02 20:10:02.27764'::timestamp without time zone)","Rows Removed by Filter":8995581,"Shared Hit Blocks":340884,"Shared Read Blocks":0,"Shared Dirtied Blocks":0,"Shared Written Blocks":0,"Local Hit Blocks":0,"Local Read Blocks":0,"Local Dirtied Blocks":0,"Local Written Blocks":0,"Temp Read Blocks":0,"Temp Written Blocks":0,"I/O Read Time":0.0,"I/O Write Time":0.0,"Temp I/O Read Time":0.0,"Temp I/O Write Time":0.0},{"Node Type":"Hash","Parent Relationship":"Inner","Parallel Aware":false,"Async Capable":false,"Startup Cost":259690.86,"Total Cost":259690.86,"Plan Rows":10000162,"Plan Width":6,"Actual Startup Time":2093.77,"Actual Total Time":2093.772,"Actual Rows":10000000,"Actual Loops":1,"Output":["stock.s_w_id","stock.s_i_id"],"Hash Buckets":262144,"Original Hash Buckets":262144,"Hash Batches":64,"Original Hash Batches":64,"Peak Memory Usage":8133,"Shared Hit Blocks":27338,"Shared Read Blocks":0,"Shared Dirtied Blocks":0,"Shared Written Blocks":0,"Local Hit Blocks":0,"Local Read Blocks":0,"Local Dirtied Blocks":0,"Local Written Blocks":0,"Temp Read Blocks":0,"Temp Written Blocks":33616,"I/O Read Time":0.0,"I/O Write Time":0.0,"Temp I/O Read Time":0.0,"Temp I/O Write Time":153.297,"Plans":[{"Node Type":"Index Only Scan","Parent Relationship":"Outer","Parallel Aware":false,"Async Capable":false,"Scan Direction":"Forward","Index Name":"stock_pk","Relation Name":"stock","Schema":"public","Alias":"stock","Startup Cost":0.43,"Total Cost":259690.86,"Plan Rows":10000162,"Plan Width":6,"Actual Startup Time":0.025,"Actual Total Time":723.04,"Actual Rows":10000000,"Actual Loops":1,"Output":["stock.s_w_id","stock.s_i_id"],"Heap Fetches":0,"Shared Hit Blocks":27338,"Shared Read Blocks":0,"Shared Dirtied Blocks":0,"Shared Written Blocks":0,"Local Hit Blocks":0,"Local Read Blocks":0,"Local Dirtied Blocks":0,"Local Written Blocks":0,"Temp Read Blocks":0,"Temp Written Blocks":0,"I/O Read Time":0.0,"I/O Write Time":0.0,"Temp I/O Read Time":0.0,"Temp I/O Write Time":0.0}]}]},{"Node Type":"Hash","Parent Relationship":"Inner","Parallel Aware":false,"Async Capable":false,"Startup Cost":239.01,"Total Cost":239.01,"Plan Rows":10001,"Plan Width":27,"Actual Startup Time":3.351,"Actual Total Time":3.353,"Actual Rows":10000,"Actual Loops":1,"Output":["supplier.su_name","supplier.su_suppkey","supplier.su_nationkey"],"Hash Buckets":16384,"Original Hash Buckets":16384,"Hash Batches":1,"Original Hash Batches":1,"Peak Memory Usage":714,"Shared Hit Blocks":0,"Shared Read Blocks":0,"Shared Dirtied Blocks":0,"Shared Written Blocks":0,"Local Hit Blocks":0,"Local Read Blocks":0,"Local Dirtied Blocks":0,"Local Written Blocks":0,"Temp Read Blocks":0,"Temp Written Blocks":0,"I/O Read Time":0.0,"I/O Write Time":0.0,"Temp I/O Read Time":0.0,"Temp I/O Write Time":0.0,"Plans":[{"Node Type":"Append","Parent Relationship":"Outer","Parallel Aware":false,"Async Capable":false,"Startup Cost":20.0,"Total Cost":239.01,"Plan Rows":10001,"Plan Width":27,"Actual Startup Time":0.026,"Actual Total Time":2.019,"Actual Rows":10000,"Actual Loops":1,"Shared Hit Blocks":0,"Shared Read Blocks":0,"Shared Dirtied Blocks":0,"Shared Written Blocks":0,"Local Hit Blocks":0,"Local Read Blocks":0,"Local Dirtied Blocks":0,"Local Written Blocks":0,"Temp Read Blocks":0,"Temp Written Blocks":0,"I/O Read Time":0.0,"I/O Write Time":0.0,"Temp I/O Read Time":0.0,"Temp I/O Write Time":0.0,"Subplans Removed":0,"Plans":[{"Node Type":"Custom Scan","Parent Relationship":"Member","Custom Plan Provider":"columnar scan","Parallel Aware":false,"Async Capable":false,"Relation Name":"supplier","Schema":"public","Alias":"supplier","Startup Cost":20.0,"Total Cost":235.0,"Plan Rows":10000,"Plan Width":27,"Actual Startup Time":0.024,"Actual Total Time":1.308,"Actual Rows":10000,"Actual Loops":1,"Output":["supplier.su_name","supplier.su_suppkey","supplier.su_nationkey"],"Rows Removed by Columnar Filter":0,"Columnar cache search mode":"native","Shared Hit Blocks":0,"Shared Read Blocks":0,"Shared Dirtied Blocks":0,"Shared Written Blocks":0,"Local Hit Blocks":0,"Local Read Blocks":0,"Local Dirtied Blocks":0,"Local Written Blocks":0,"Temp Read Blocks":0,"Temp Written Blocks":0,"I/O Read Time":0.0,"I/O Write Time":0.0,"Temp I/O Read Time":0.0,"Temp I/O Write Time":0.0},{"Node Type":"Seq Scan","Parent Relationship":"Member","Parallel Aware":false,"Async Capable":false,"Relation Name":"supplier","Schema":"public","Alias":"supplier","Startup Cost":0.0,"Total Cost":4.01,"Plan Rows":1,"Plan Width":27,"Actual Startup Time":0.0,"Actual Total Time":0.0,"Actual Rows":0,"Actual Loops":0,"Output":["supplier.su_name","supplier.su_suppkey","supplier.su_nationkey"],"Shared Hit Blocks":0,"Shared Read Blocks":0,"Shared Dirtied Blocks":0,"Shared Written Blocks":0,"Local Hit Blocks":0,"Local Read Blocks":0,"Local Dirtied Blocks":0,"Local Written Blocks":0,"Temp Read Blocks":0,"Temp Written Blocks":0,"I/O Read Time":0.0,"I/O Write Time":0.0,"Temp I/O Read Time":0.0,"Temp I/O Write Time":0.0}]}]}]},{"Node Type":"Hash","Parent Relationship":"Inner","Parallel Aware":false,"Async Capable":false,"Startup Cost":1.77,"Total Cost":1.77,"Plan Rows":1,"Plan Width":4,"Actual Startup Time":0.019,"Actual Total Time":0.02,"Actual Rows":1,"Actual Loops":1,"Output":["nation.n_nationkey"],"Hash Buckets":1024,"Original Hash Buckets":1024,"Hash Batches":1,"Original Hash Batches":1,"Peak Memory Usage":9,"Shared Hit Blocks":1,"Shared Read Blocks":0,"Shared Dirtied Blocks":0,"Shared Written Blocks":0,"Local Hit Blocks":0,"Local Read Blocks":0,"Local Dirtied Blocks":0,"Local Written Blocks":0,"Temp Read Blocks":0,"Temp Written Blocks":0,"I/O Read Time":0.0,"I/O Write Time":0.0,"Temp I/O Read Time":0.0,"Temp I/O Write Time":0.0,"Plans":[{"Node Type":"Seq Scan","Parent Relationship":"Outer","Parallel Aware":false,"Async Capable":false,"Relation Name":"nation","Schema":"public","Alias":"nation","Startup Cost":0.0,"Total Cost":1.77,"Plan Rows":1,"Plan Width":4,"Actual Startup Time":0.015,"Actual Total Time":0.018,"Actual Rows":1,"Actual Loops":1,"Output":["nation.n_nationkey"],"Filter":"((nation.n_name)::text = 'Cambodia'::text)","Rows Removed by Filter":61,"Shared Hit Blocks":1,"Shared Read Blocks":0,"Shared Dirtied Blocks":0,"Shared Written Blocks":0,"Local Hit Blocks":0,"Local Read Blocks":0,"Local Dirtied Blocks":0,"Local Written Blocks":0,"Temp Read Blocks":0,"Temp Written Blocks":0,"I/O Read Time":0.0,"I/O Write Time":0.0,"Temp I/O Read Time":0.0,"Temp I/O Write Time":0.0}]}]},{"Node Type":"Hash","Parent Relationship":"Inner","Parallel Aware":false,"Async Capable":false,"Startup Cost":59559.0,"Total Cost":59559.0,"Plan Rows":2998176,"Plan Width":20,"Actual Startup Time":866.937,"Actual Total Time":866.938,"Actual Rows":2997892,"Actual Loops":1,"Output":["orders.o_id","orders.o_w_id","orders.o_d_id","orders.o_entry_d"],"Hash Buckets":131072,"Original Hash Buckets":131072,"Hash Batches":32,"Original Hash Batches":32,"Peak Memory Usage":6158,"Shared Hit Blocks":22059,"Shared Read Blocks":0,"Shared Dirtied Blocks":0,"Shared Written Blocks":0,"Local Hit Blocks":0,"Local Read Blocks":0,"Local Dirtied Blocks":0,"Local Written Blocks":0,"Temp Read Blocks":0,"Temp Written Blocks":15583,"I/O Read Time":0.0,"I/O Write Time":0.0,"Temp I/O Read Time":0.0,"Temp I/O Write Time":67.249,"Plans":[{"Node Type":"Seq Scan","Parent Relationship":"Outer","Parallel Aware":false,"Async Capable":false,"Relation Name":"orders","Schema":"public","Alias":"orders","Startup Cost":0.0,"Total Cost":59559.0,"Plan Rows":2998176,"Plan Width":20,"Actual Startup Time":0.011,"Actual Total Time":356.444,"Actual Rows":2997892,"Actual Loops":1,"Output":["orders.o_id","orders.o_w_id","orders.o_d_id","orders.o_entry_d"],"Filter":"(orders.o_entry_d >= '1992-01-02 20:10:02.27764'::timestamp without time zone)","Rows Removed by Filter":2108,"Shared Hit Blocks":22059,"Shared Read Blocks":0,"Shared Dirtied Blocks":0,"Shared Written Blocks":0,"Local Hit Blocks":0,"Local Read Blocks":0,"Local Dirtied Blocks":0,"Local Written Blocks":0,"Temp Read Blocks":0,"Temp Written Blocks":0,"I/O Read Time":0.0,"I/O Write Time":0.0,"Temp I/O Read Time":0.0,"Temp I/O Write Time":0.0}]}]},{"Node Type":"Index Scan","Parent Relationship":"Inner","Parallel Aware":false,"Async Capable":false,"Scan Direction":"Forward","Index Name":"order_line_pk","Relation Name":"order_line","Schema":"public","Alias":"l2","Startup Cost":0.56,"Total Cost":26.51,"Plan Rows":2,"Plan Width":20,"Actual Startup Time":0.007,"Actual Total Time":0.007,"Actual Rows":0,"Actual Loops":267482,"Output":["l2.ol_o_id","l2.ol_d_id","l2.ol_w_id","l2.ol_number","l2.ol_i_id","l2.ol_supply_w_id","l2.ol_delivery_d","l2.ol_quantity","l2.ol_amount","l2.ol_dist_info"],"Index Cond":"((l2.ol_w_id = l1.ol_w_id) AND (l2.ol_d_id = l1.ol_d_id) AND (l2.ol_o_id = l1.ol_o_id))","Rows Removed by Index Recheck":0,"Filter":"((l2.ol_delivery_d >= '1992-01-02 20:10:02.27764'::timestamp without time zone) AND (l2.ol_delivery_d > l1.ol_delivery_d))","Rows Removed by Filter":11,"Shared Hit Blocks":1383917,"Shared Read Blocks":0,"Shared Dirtied Blocks":0,"Shared Written Blocks":0,"Local Hit Blocks":0,"Local Read Blocks":0,"Local Dirtied Blocks":0,"Local Written Blocks":0,"Temp Read Blocks":0,"Temp Written Blocks":0,"I/O Read Time":0.0,"I/O Write Time":0.0,"Temp I/O Read Time":0.0,"Temp I/O Write Time":0.0}]}]}]}]},"Planning":{"Shared Hit Blocks":4,"Shared Read Blocks":0,"Shared Dirtied Blocks":0,"Shared Written Blocks":0,"Local Hit Blocks":0,"Local Read Blocks":0,"Local Dirtied Blocks":0,"Local Written Blocks":0,"Temp Read Blocks":0,"Temp Written Blocks":0,"I/O Read Time":0.0,"I/O Write Time":0.0,"Temp I/O Read Time":0.0,"Temp I/O Write Time":0.0},"Planning Time":1.279,"Triggers":[],"Execution Time":23704.242}]
[列存组合]: stock, supplier
[{"Plan":{"Node Type":"Sort","Parallel Aware":false,"Async Capable":false,"Startup Cost":4119117.76,"Total Cost":4119142.76,"Plan Rows":10000,"Plan Width":27,"Actual Startup Time":23779.741,"Actual Total Time":23779.763,"Actual Rows":156,"Actual Loops":1,"Output":["supplier.su_name","(count(*))"],"Sort Key":["(count(*)) DESC","supplier.su_name"],"Sort Method":"quicksort","Sort Space Used":35,"Sort Space Type":"Memory","Shared Hit Blocks":1774199,"Shared Read Blocks":0,"Shared Dirtied Blocks":0,"Shared Written Blocks":0,"Local Hit Blocks":0,"Local Read Blocks":0,"Local Dirtied Blocks":0,"Local Written Blocks":0,"Temp Read Blocks":163494,"Temp Written Blocks":163499,"I/O Read Time":0.0,"I/O Write Time":0.0,"Temp I/O Read Time":278.702,"Temp I/O Write Time":757.101,"Plans":[{"Node Type":"Aggregate","Strategy":"Sorted","Partial Mode":"Simple","Parent Relationship":"Outer","Parallel Aware":false,"Async Capable":false,"Startup Cost":4117783.42,"Total Cost":4118453.37,"Plan Rows":10000,"Plan Width":27,"Actual Startup Time":23728.606,"Actual Total Time":23779.702,"Actual Rows":156,"Actual Loops":1,"Output":["supplier.su_name","count(*)"],"Group Key":["supplier.su_name"],"Shared Hit Blocks":1774199,"Shared Read Blocks":0,"Shared Dirtied Blocks":0,"Shared Written Blocks":0,"Local Hit Blocks":0,"Local Read Blocks":0,"Local Dirtied Blocks":0,"Local Written Blocks":0,"Temp Read Blocks":163494,"Temp Written Blocks":163499,"I/O Read Time":0.0,"I/O Write Time":0.0,"Temp I/O Read Time":278.702,"Temp I/O Write Time":757.101,"Plans":[{"Node Type":"Sort","Parent Relationship":"Outer","Parallel Aware":false,"Async Capable":false,"Startup Cost":4117783.42,"Total Cost":4117973.41,"Plan Rows":75993,"Plan Width":19,"Actual Startup Time":23728.418,"Actual Total Time":23755.334,"Actual Rows":267482,"Actual Loops":1,"Output":["supplier.su_name"],"Sort Key":["supplier.su_name"],"Sort Method":"external merge","Sort Space Used":7624,"Sort Space Type":"Disk","Shared Hit Blocks":1774199,"Shared Read Blocks":0,"Shared Dirtied Blocks":0,"Shared Written Blocks":0,"Local Hit Blocks":0,"Local Read Blocks":0,"Local Dirtied Blocks":0,"Local Written Blocks":0,"Temp Read Blocks":163494,"Temp Written Blocks":163499,"I/O Read Time":0.0,"I/O Write Time":0.0,"Temp I/O Read Time":278.702,"Temp I/O Write Time":757.101,"Plans":[{"Node Type":"Nested Loop","Parent Relationship":"Outer","Parallel Aware":false,"Async Capable":false,"Join Type":"Anti","Startup Cost":578718.75,"Total Cost":4111622.83,"Plan Rows":75993,"Plan Width":19,"Actual Startup Time":2981.138,"Actual Total Time":23579.979,"Actual Rows":267482,"Actual Loops":1,"Output":["supplier.su_name"],"Inner Unique":false,"Shared Hit Blocks":1774199,"Shared Read Blocks":0,"Shared Dirtied Blocks":0,"Shared Written Blocks":0,"Local Hit Blocks":0,"Local Read Blocks":0,"Local Dirtied Blocks":0,"Local Written Blocks":0,"Temp Read Blocks":162541,"Temp Written Blocks":162541,"I/O Read Time":0.0,"I/O Write Time":0.0,"Temp I/O Read Time":277.205,"Temp I/O Write Time":753.374,"Plans":[{"Node Type":"Hash Join","Parent Relationship":"Outer","Parallel Aware":false,"Async Capable":false,"Join Type":"Inner","Startup Cost":578718.19,"Total Cost":1835529.88,"Plan Rows":113989,"Plan Width":39,"Actual Startup Time":2981.091,"Actual Total Time":21657.408,"Actual Rows":267482,"Actual Loops":1,"Output":["supplier.su_name","l1.ol_o_id","l1.ol_w_id","l1.ol_d_id","l1.ol_delivery_d"],"Inner Unique":true,"Hash Cond":"((l1.ol_o_id = orders.o_id) AND (l1.ol_w_id = orders.o_w_id) AND (l1.ol_d_id = orders.o_d_id))","Join Filter":"(l1.ol_delivery_d > orders.o_entry_d)","Rows Removed by Join Filter":0,"Shared Hit Blocks":390282,"Shared Read Blocks":0,"Shared Dirtied Blocks":0,"Shared Written Blocks":0,"Local Hit Blocks":0,"Local Read Blocks":0,"Local Dirtied Blocks":0,"Local Written Blocks":0,"Temp Read Blocks":162541,"Temp Written Blocks":162541,"I/O Read Time":0.0,"I/O Write Time":0.0,"Temp I/O Read Time":277.205,"Temp I/O Write Time":753.374,"Plans":[{"Node Type":"Hash Join","Parent Relationship":"Outer","Parallel Aware":false,"Async Capable":false,"Join Type":"Inner","Startup Cost":449123.11,"Total Cost":1679656.16,"Plan Rows":342176,"Plan Width":41,"Actual Startup Time":2095.109,"Actual Total Time":20394.171,"Actual Rows":267756,"Actual Loops":1,"Output":["supplier.su_name","stock.s_w_id","l1.ol_o_id","l1.ol_w_id","l1.ol_d_id","l1.ol_delivery_d"],"Inner Unique":true,"Hash Cond":"(supplier.su_nationkey = nation.n_nationkey)","Shared Hit Blocks":368223,"Shared Read Blocks":0,"Shared Dirtied Blocks":0,"Shared Written Blocks":0,"Local Hit Blocks":0,"Local Read Blocks":0,"Local Dirtied Blocks":0,"Local Written Blocks":0,"Temp Read Blocks":144757,"Temp Written Blocks":144757,"I/O Read Time":0.0,"I/O Write Time":0.0,"Temp I/O Read Time":245.209,"Temp I/O Write Time":670.697,"Plans":[{"Node Type":"Hash Join","Parent Relationship":"Outer","Parallel Aware":false,"Async Capable":false,"Join Type":"Inner","Startup Cost":449121.32,"Total Cost":1620158.47,"Plan Rows":21214932,"Plan Width":45,"Actual Startup Time":2094.968,"Actual Total Time":18922.628,"Actual Rows":21002151,"Actual Loops":1,"Output":["supplier.su_name","supplier.su_nationkey","stock.s_w_id","l1.ol_o_id","l1.ol_w_id","l1.ol_d_id","l1.ol_delivery_d"],"Inner Unique":true,"Hash Cond":"(mod((stock.s_w_id * stock.s_i_id), 10000) = supplier.su_suppkey)","Shared Hit Blocks":368222,"Shared Read Blocks":0,"Shared Dirtied Blocks":0,"Shared Written Blocks":0,"Local Hit Blocks":0,"Local Read Blocks":0,"Local Dirtied Blocks":0,"Local Written Blocks":0,"Temp Read Blocks":144757,"Temp Written Blocks":144757,"I/O Read Time":0.0,"I/O Write Time":0.0,"Temp I/O Read Time":245.209,"Temp I/O Write Time":670.697,"Plans":[{"Node Type":"Hash Join","Parent Relationship":"Outer","Parallel Aware":false,"Async Capable":false,"Join Type":"Inner","Startup Cost":448757.29,"Total Cost":1558773.15,"Plan Rows":21214932,"Plan Width":26,"Actual Startup Time":2091.444,"Actual Total Time":14326.786,"Actual Rows":21002151,"Actual Loops":1,"Output":["l1.ol_o_id","l1.ol_w_id","l1.ol_d_id","l1.ol_delivery_d","stock.s_w_id","stock.s_i_id"],"Inner Unique":true,"Hash Cond":"((l1.ol_w_id = stock.s_w_id) AND (l1.ol_i_id = stock.s_i_id))","Shared Hit Blocks":368222,"Shared Read Blocks":0,"Shared Dirtied Blocks":0,"Shared Written Blocks":0,"Local Hit Blocks":0,"Local Read Blocks":0,"Local Dirtied Blocks":0,"Local Written Blocks":0,"Temp Read Blocks":144757,"Temp Written Blocks":144757,"I/O Read Time":0.0,"I/O Write Time":0.0,"Temp I/O Read Time":245.209,"Temp I/O Write Time":670.697,"Plans":[{"Node Type":"Seq Scan","Parent Relationship":"Outer","Parallel Aware":false,"Async Capable":false,"Relation Name":"order_line","Schema":"public","Alias":"l1","Startup Cost":0.0,"Total Cost":715856.4,"Plan Rows":20926367,"Plan Width":24,"Actual Startup Time":0.008,"Actual Total Time":3365.579,"Actual Rows":21002151,"Actual Loops":1,"Output":["l1.ol_o_id","l1.ol_w_id","l1.ol_d_id","l1.ol_i_id","l1.ol_delivery_d"],"Filter":"(l1.ol_delivery_d >= '1992-01-02 20:10:02.27764'::timestamp without time zone)","Rows Removed by Filter":8995581,"Shared Hit Blocks":340884,"Shared Read Blocks":0,"Shared Dirtied Blocks":0,"Shared Written Blocks":0,"Local Hit Blocks":0,"Local Read Blocks":0,"Local Dirtied Blocks":0,"Local Written Blocks":0,"Temp Read Blocks":0,"Temp Written Blocks":0,"I/O Read Time":0.0,"I/O Write Time":0.0,"Temp I/O Read Time":0.0,"Temp I/O Write Time":0.0},{"Node Type":"Hash","Parent Relationship":"Inner","Parallel Aware":false,"Async Capable":false,"Startup Cost":259690.86,"Total Cost":259690.86,"Plan Rows":10000162,"Plan Width":6,"Actual Startup Time":2090.018,"Actual Total Time":2090.021,"Actual Rows":10000000,"Actual Loops":1,"Output":["stock.s_w_id","stock.s_i_id"],"Hash Buckets":262144,"Original Hash Buckets":262144,"Hash Batches":64,"Original Hash Batches":64,"Peak Memory Usage":8133,"Shared Hit Blocks":27338,"Shared Read Blocks":0,"Shared Dirtied Blocks":0,"Shared Written Blocks":0,"Local Hit Blocks":0,"Local Read Blocks":0,"Local Dirtied Blocks":0,"Local Written Blocks":0,"Temp Read Blocks":0,"Temp Written Blocks":33616,"I/O Read Time":0.0,"I/O Write Time":0.0,"Temp I/O Read Time":0.0,"Temp I/O Write Time":152.455,"Plans":[{"Node Type":"Index Only Scan","Parent Relationship":"Outer","Parallel Aware":false,"Async Capable":false,"Scan Direction":"Forward","Index Name":"stock_pk","Relation Name":"stock","Schema":"public","Alias":"stock","Startup Cost":0.43,"Total Cost":259690.86,"Plan Rows":10000162,"Plan Width":6,"Actual Startup Time":0.024,"Actual Total Time":720.63,"Actual Rows":10000000,"Actual Loops":1,"Output":["stock.s_w_id","stock.s_i_id"],"Heap Fetches":0,"Shared Hit Blocks":27338,"Shared Read Blocks":0,"Shared Dirtied Blocks":0,"Shared Written Blocks":0,"Local Hit Blocks":0,"Local Read Blocks":0,"Local Dirtied Blocks":0,"Local Written Blocks":0,"Temp Read Blocks":0,"Temp Written Blocks":0,"I/O Read Time":0.0,"I/O Write Time":0.0,"Temp I/O Read Time":0.0,"Temp I/O Write Time":0.0}]}]},{"Node Type":"Hash","Parent Relationship":"Inner","Parallel Aware":false,"Async Capable":false,"Startup Cost":239.01,"Total Cost":239.01,"Plan Rows":10001,"Plan Width":27,"Actual Startup Time":3.469,"Actual Total Time":3.472,"Actual Rows":10000,"Actual Loops":1,"Output":["supplier.su_name","supplier.su_suppkey","supplier.su_nationkey"],"Hash Buckets":16384,"Original Hash Buckets":16384,"Hash Batches":1,"Original Hash Batches":1,"Peak Memory Usage":714,"Shared Hit Blocks":0,"Shared Read Blocks":0,"Shared Dirtied Blocks":0,"Shared Written Blocks":0,"Local Hit Blocks":0,"Local Read Blocks":0,"Local Dirtied Blocks":0,"Local Written Blocks":0,"Temp Read Blocks":0,"Temp Written Blocks":0,"I/O Read Time":0.0,"I/O Write Time":0.0,"Temp I/O Read Time":0.0,"Temp I/O Write Time":0.0,"Plans":[{"Node Type":"Append","Parent Relationship":"Outer","Parallel Aware":false,"Async Capable":false,"Startup Cost":20.0,"Total Cost":239.01,"Plan Rows":10001,"Plan Width":27,"Actual Startup Time":0.025,"Actual Total Time":2.03,"Actual Rows":10000,"Actual Loops":1,"Shared Hit Blocks":0,"Shared Read Blocks":0,"Shared Dirtied Blocks":0,"Shared Written Blocks":0,"Local Hit Blocks":0,"Local Read Blocks":0,"Local Dirtied Blocks":0,"Local Written Blocks":0,"Temp Read Blocks":0,"Temp Written Blocks":0,"I/O Read Time":0.0,"I/O Write Time":0.0,"Temp I/O Read Time":0.0,"Temp I/O Write Time":0.0,"Subplans Removed":0,"Plans":[{"Node Type":"Custom Scan","Parent Relationship":"Member","Custom Plan Provider":"columnar scan","Parallel Aware":false,"Async Capable":false,"Relation Name":"supplier","Schema":"public","Alias":"supplier","Startup Cost":20.0,"Total Cost":235.0,"Plan Rows":10000,"Plan Width":27,"Actual Startup Time":0.023,"Actual Total Time":1.318,"Actual Rows":10000,"Actual Loops":1,"Output":["supplier.su_name","supplier.su_suppkey","supplier.su_nationkey"],"Rows Removed by Columnar Filter":0,"Columnar cache search mode":"native","Shared Hit Blocks":0,"Shared Read Blocks":0,"Shared Dirtied Blocks":0,"Shared Written Blocks":0,"Local Hit Blocks":0,"Local Read Blocks":0,"Local Dirtied Blocks":0,"Local Written Blocks":0,"Temp Read Blocks":0,"Temp Written Blocks":0,"I/O Read Time":0.0,"I/O Write Time":0.0,"Temp I/O Read Time":0.0,"Temp I/O Write Time":0.0},{"Node Type":"Seq Scan","Parent Relationship":"Member","Parallel Aware":false,"Async Capable":false,"Relation Name":"supplier","Schema":"public","Alias":"supplier","Startup Cost":0.0,"Total Cost":4.01,"Plan Rows":1,"Plan Width":27,"Actual Startup Time":0.0,"Actual Total Time":0.0,"Actual Rows":0,"Actual Loops":0,"Output":["supplier.su_name","supplier.su_suppkey","supplier.su_nationkey"],"Shared Hit Blocks":0,"Shared Read Blocks":0,"Shared Dirtied Blocks":0,"Shared Written Blocks":0,"Local Hit Blocks":0,"Local Read Blocks":0,"Local Dirtied Blocks":0,"Local Written Blocks":0,"Temp Read Blocks":0,"Temp Written Blocks":0,"I/O Read Time":0.0,"I/O Write Time":0.0,"Temp I/O Read Time":0.0,"Temp I/O Write Time":0.0}]}]}]},{"Node Type":"Hash","Parent Relationship":"Inner","Parallel Aware":false,"Async Capable":false,"Startup Cost":1.77,"Total Cost":1.77,"Plan Rows":1,"Plan Width":4,"Actual Startup Time":0.019,"Actual Total Time":0.02,"Actual Rows":1,"Actual Loops":1,"Output":["nation.n_nationkey"],"Hash Buckets":1024,"Original Hash Buckets":1024,"Hash Batches":1,"Original Hash Batches":1,"Peak Memory Usage":9,"Shared Hit Blocks":1,"Shared Read Blocks":0,"Shared Dirtied Blocks":0,"Shared Written Blocks":0,"Local Hit Blocks":0,"Local Read Blocks":0,"Local Dirtied Blocks":0,"Local Written Blocks":0,"Temp Read Blocks":0,"Temp Written Blocks":0,"I/O Read Time":0.0,"I/O Write Time":0.0,"Temp I/O Read Time":0.0,"Temp I/O Write Time":0.0,"Plans":[{"Node Type":"Seq Scan","Parent Relationship":"Outer","Parallel Aware":false,"Async Capable":false,"Relation Name":"nation","Schema":"public","Alias":"nation","Startup Cost":0.0,"Total Cost":1.77,"Plan Rows":1,"Plan Width":4,"Actual Startup Time":0.014,"Actual Total Time":0.017,"Actual Rows":1,"Actual Loops":1,"Output":["nation.n_nationkey"],"Filter":"((nation.n_name)::text = 'Cambodia'::text)","Rows Removed by Filter":61,"Shared Hit Blocks":1,"Shared Read Blocks":0,"Shared Dirtied Blocks":0,"Shared Written Blocks":0,"Local Hit Blocks":0,"Local Read Blocks":0,"Local Dirtied Blocks":0,"Local Written Blocks":0,"Temp Read Blocks":0,"Temp Written Blocks":0,"I/O Read Time":0.0,"I/O Write Time":0.0,"Temp I/O Read Time":0.0,"Temp I/O Write Time":0.0}]}]},{"Node Type":"Hash","Parent Relationship":"Inner","Parallel Aware":false,"Async Capable":false,"Startup Cost":59559.0,"Total Cost":59559.0,"Plan Rows":2998176,"Plan Width":20,"Actual Startup Time":867.522,"Actual Total Time":867.522,"Actual Rows":2997892,"Actual Loops":1,"Output":["orders.o_id","orders.o_w_id","orders.o_d_id","orders.o_entry_d"],"Hash Buckets":131072,"Original Hash Buckets":131072,"Hash Batches":32,"Original Hash Batches":32,"Peak Memory Usage":6158,"Shared Hit Blocks":22059,"Shared Read Blocks":0,"Shared Dirtied Blocks":0,"Shared Written Blocks":0,"Local Hit Blocks":0,"Local Read Blocks":0,"Local Dirtied Blocks":0,"Local Written Blocks":0,"Temp Read Blocks":0,"Temp Written Blocks":15583,"I/O Read Time":0.0,"I/O Write Time":0.0,"Temp I/O Read Time":0.0,"Temp I/O Write Time":67.256,"Plans":[{"Node Type":"Seq Scan","Parent Relationship":"Outer","Parallel Aware":false,"Async Capable":false,"Relation Name":"orders","Schema":"public","Alias":"orders","Startup Cost":0.0,"Total Cost":59559.0,"Plan Rows":2998176,"Plan Width":20,"Actual Startup Time":0.013,"Actual Total Time":355.775,"Actual Rows":2997892,"Actual Loops":1,"Output":["orders.o_id","orders.o_w_id","orders.o_d_id","orders.o_entry_d"],"Filter":"(orders.o_entry_d >= '1992-01-02 20:10:02.27764'::timestamp without time zone)","Rows Removed by Filter":2108,"Shared Hit Blocks":22059,"Shared Read Blocks":0,"Shared Dirtied Blocks":0,"Shared Written Blocks":0,"Local Hit Blocks":0,"Local Read Blocks":0,"Local Dirtied Blocks":0,"Local Written Blocks":0,"Temp Read Blocks":0,"Temp Written Blocks":0,"I/O Read Time":0.0,"I/O Write Time":0.0,"Temp I/O Read Time":0.0,"Temp I/O Write Time":0.0}]}]},{"Node Type":"Index Scan","Parent Relationship":"Inner","Parallel Aware":false,"Async Capable":false,"Scan Direction":"Forward","Index Name":"order_line_pk","Relation Name":"order_line","Schema":"public","Alias":"l2","Startup Cost":0.56,"Total Cost":26.51,"Plan Rows":2,"Plan Width":20,"Actual Startup Time":0.007,"Actual Total Time":0.007,"Actual Rows":0,"Actual Loops":267482,"Output":["l2.ol_o_id","l2.ol_d_id","l2.ol_w_id","l2.ol_number","l2.ol_i_id","l2.ol_supply_w_id","l2.ol_delivery_d","l2.ol_quantity","l2.ol_amount","l2.ol_dist_info"],"Index Cond":"((l2.ol_w_id = l1.ol_w_id) AND (l2.ol_d_id = l1.ol_d_id) AND (l2.ol_o_id = l1.ol_o_id))","Rows Removed by Index Recheck":0,"Filter":"((l2.ol_delivery_d >= '1992-01-02 20:10:02.27764'::timestamp without time zone) AND (l2.ol_delivery_d > l1.ol_delivery_d))","Rows Removed by Filter":11,"Shared Hit Blocks":1383917,"Shared Read Blocks":0,"Shared Dirtied Blocks":0,"Shared Written Blocks":0,"Local Hit Blocks":0,"Local Read Blocks":0,"Local Dirtied Blocks":0,"Local Written Blocks":0,"Temp Read Blocks":0,"Temp Written Blocks":0,"I/O Read Time":0.0,"I/O Write Time":0.0,"Temp I/O Read Time":0.0,"Temp I/O Write Time":0.0}]}]}]}]},"Planning":{"Shared Hit Blocks":4,"Shared Read Blocks":0,"Shared Dirtied Blocks":0,"Shared Written Blocks":0,"Local Hit Blocks":0,"Local Read Blocks":0,"Local Dirtied Blocks":0,"Local Written Blocks":0,"Temp Read Blocks":0,"Temp Written Blocks":0,"I/O Read Time":0.0,"I/O Write Time":0.0,"Temp I/O Read Time":0.0,"Temp I/O Write Time":0.0},"Planning Time":1.708,"Triggers":[],"Execution Time":23781.449}]
[列存组合]: nation, order_line, orders
[{"Plan":{"Node Type":"Sort","Parallel Aware":false,"Async Capable":false,"Startup Cost":4105159.33,"Total Cost":4105184.33,"Plan Rows":10000,"Plan Width":27,"Actual Startup Time":32096.794,"Actual Total Time":32096.828,"Actual Rows":156,"Actual Loops":1,"Output":["supplier.su_name","(count(*))"],"Sort Key":["(count(*)) DESC","supplier.su_name"],"Sort Method":"quicksort","Sort Space Used":35,"Sort Space Type":"Memory","Shared Hit Blocks":1433532,"Shared Read Blocks":0,"Shared Dirtied Blocks":0,"Shared Written Blocks":0,"Local Hit Blocks":0,"Local Read Blocks":0,"Local Dirtied Blocks":0,"Local Written Blocks":0,"Temp Read Blocks":173473,"Temp Written Blocks":173478,"I/O Read Time":0.0,"I/O Write Time":0.0,"Temp I/O Read Time":291.804,"Temp I/O Write Time":815.506,"Plans":[{"Node Type":"Aggregate","Strategy":"Sorted","Partial Mode":"Simple","Parent Relationship":"Outer","Parallel Aware":false,"Async Capable":false,"Startup Cost":4103825.0,"Total Cost":4104494.95,"Plan Rows":10000,"Plan Width":27,"Actual Startup Time":32045.617,"Actual Total Time":32096.768,"Actual Rows":156,"Actual Loops":1,"Output":["supplier.su_name","count(*)"],"Group Key":["supplier.su_name"],"Shared Hit Blocks":1433532,"Shared Read Blocks":0,"Shared Dirtied Blocks":0,"Shared Written Blocks":0,"Local Hit Blocks":0,"Local Read Blocks":0,"Local Dirtied Blocks":0,"Local Written Blocks":0,"Temp Read Blocks":173473,"Temp Written Blocks":173478,"I/O Read Time":0.0,"I/O Write Time":0.0,"Temp I/O Read Time":291.804,"Temp I/O Write Time":815.506,"Plans":[{"Node Type":"Sort","Parent Relationship":"Outer","Parallel Aware":false,"Async Capable":false,"Startup Cost":4103825.0,"Total Cost":4104014.98,"Plan Rows":75993,"Plan Width":19,"Actual Startup Time":32045.433,"Actual Total Time":32072.463,"Actual Rows":267482,"Actual Loops":1,"Output":["supplier.su_name"],"Sort Key":["supplier.su_name"],"Sort Method":"external merge","Sort Space Used":7624,"Sort Space Type":"Disk","Shared Hit Blocks":1433532,"Shared Read Blocks":0,"Shared Dirtied Blocks":0,"Shared Written Blocks":0,"Local Hit Blocks":0,"Local Read Blocks":0,"Local Dirtied Blocks":0,"Local Written Blocks":0,"Temp Read Blocks":173473,"Temp Written Blocks":173478,"I/O Read Time":0.0,"I/O Write Time":0.0,"Temp I/O Read Time":291.804,"Temp I/O Write Time":815.506,"Plans":[{"Node Type":"Nested Loop","Parent Relationship":"Outer","Parallel Aware":false,"Async Capable":false,"Join Type":"Anti","Startup Cost":578816.72,"Total Cost":4097664.41,"Plan Rows":75993,"Plan Width":19,"Actual Startup Time":3266.421,"Actual Total Time":31897.005,"Actual Rows":267482,"Actual Loops":1,"Output":["supplier.su_name"],"Inner Unique":false,"Shared Hit Blocks":1433532,"Shared Read Blocks":0,"Shared Dirtied Blocks":0,"Shared Written Blocks":0,"Local Hit Blocks":0,"Local Read Blocks":0,"Local Dirtied Blocks":0,"Local Written Blocks":0,"Temp Read Blocks":172520,"Temp Written Blocks":172520,"I/O Read Time":0.0,"I/O Write Time":0.0,"Temp I/O Read Time":290.295,"Temp I/O Write Time":811.768,"Plans":[{"Node Type":"Hash Join","Parent Relationship":"Outer","Parallel Aware":false,"Async Capable":false,"Join Type":"Inner","Startup Cost":578816.16,"Total Cost":1821571.45,"Plan Rows":113989,"Plan Width":39,"Actual Startup Time":3266.384,"Actual Total Time":29946.915,"Actual Rows":267482,"Actual Loops":1,"Output":["supplier.su_name","l1.ol_o_id","l1.ol_w_id","l1.ol_d_id","l1.ol_delivery_d"],"Inner Unique":true,"Hash Cond":"((l1.ol_o_id = orders.o_id) AND (l1.ol_w_id = orders.o_w_id) AND (l1.ol_d_id = orders.o_d_id))","Join Filter":"(l1.ol_delivery_d > orders.o_entry_d)","Rows Removed by Join Filter":0,"Shared Hit Blocks":49615,"Shared Read Blocks":0,"Shared Dirtied Blocks":0,"Shared Written Blocks":0,"Local Hit Blocks":0,"Local Read Blocks":0,"Local Dirtied Blocks":0,"Local Written Blocks":0,"Temp Read Blocks":172520,"Temp Written Blocks":172520,"I/O Read Time":0.0,"I/O Write Time":0.0,"Temp I/O Read Time":290.295,"Temp I/O Write Time":811.768,"Plans":[{"Node Type":"Hash Join","Parent Relationship":"Outer","Parallel Aware":false,"Async Capable":false,"Join Type":"Inner","Startup Cost":449221.08,"Total Cost":1665697.74,"Plan Rows":342176,"Plan Width":41,"Actual Startup Time":2090.61,"Actual Total Time":28382.521,"Actual Rows":267496,"Actual Loops":1,"Output":["supplier.su_name","stock.s_w_id","l1.ol_o_id","l1.ol_w_id","l1.ol_d_id","l1.ol_delivery_d"],"Inner Unique":true,"Hash Cond":"(supplier.su_nationkey = nation.n_nationkey)","Shared Hit Blocks":27556,"Shared Read Blocks":0,"Shared Dirtied Blocks":0,"Shared Written Blocks":0,"Local Hit Blocks":0,"Local Read Blocks":0,"Local Dirtied Blocks":0,"Local Written Blocks":0,"Temp Read Blocks":154737,"Temp Written Blocks":154737,"I/O Read Time":0.0,"I/O Write Time":0.0,"Temp I/O Read Time":259.232,"Temp I/O Write Time":720.217,"Plans":[{"Node Type":"Hash Join","Parent Relationship":"Outer","Parallel Aware":false,"Async Capable":false,"Join Type":"Inner","Startup Cost":449219.29,"Total Cost":1606200.04,"Plan Rows":21214932,"Plan Width":45,"Actual Startup Time":2084.48,"Actual Total Time":26902.254,"Actual Rows":20982320,"Actual Loops":1,"Output":["supplier.su_name","supplier.su_nationkey","stock.s_w_id","l1.ol_o_id","l1.ol_w_id","l1.ol_d_id","l1.ol_delivery_d"],"Inner Unique":true,"Hash Cond":"(mod((stock.s_w_id * stock.s_i_id), 10000) = supplier.su_suppkey)","Shared Hit Blocks":27555,"Shared Read Blocks":0,"Shared Dirtied Blocks":0,"Shared Written Blocks":0,"Local Hit Blocks":0,"Local Read Blocks":0,"Local Dirtied Blocks":0,"Local Written Blocks":0,"Temp Read Blocks":154737,"Temp Written Blocks":154737,"I/O Read Time":0.0,"I/O Write Time":0.0,"Temp I/O Read Time":259.232,"Temp I/O Write Time":720.217,"Plans":[{"Node Type":"Hash Join","Parent Relationship":"Outer","Parallel Aware":false,"Async Capable":false,"Join Type":"Inner","Startup Cost":448777.29,"Total Cost":1544736.75,"Plan Rows":21214932,"Plan Width":26,"Actual Startup Time":2081.663,"Actual Total Time":22157.335,"Actual Rows":20982320,"Actual Loops":1,"Output":["l1.ol_o_id","l1.ol_w_id","l1.ol_d_id","l1.ol_delivery_d","stock.s_w_id","stock.s_i_id"],"Inner Unique":true,"Hash Cond":"((l1.ol_w_id = stock.s_w_id) AND (l1.ol_i_id = stock.s_i_id))","Shared Hit Blocks":27338,"Shared Read Blocks":0,"Shared Dirtied Blocks":0,"Shared Written Blocks":0,"Local Hit Blocks":0,"Local Read Blocks":0,"Local Dirtied Blocks":0,"Local Written Blocks":0,"Temp Read Blocks":154737,"Temp Written Blocks":154737,"I/O Read Time":0.0,"I/O Write Time":0.0,"Temp I/O Read Time":259.232,"Temp I/O Write Time":720.217,"Plans":[{"Node Type":"Append","Parent Relationship":"Outer","Parallel Aware":false,"Async Capable":false,"Startup Cost":20.0,"Total Cost":701820.0,"Plan Rows":20926367,"Plan Width":24,"Actual Startup Time":1.18,"Actual Total Time":3941.221,"Actual Rows":20982320,"Actual Loops":1,"Shared Hit Blocks":0,"Shared Read Blocks":0,"Shared Dirtied Blocks":0,"Shared Written Blocks":0,"Local Hit Blocks":0,"Local Read Blocks":0,"Local Dirtied Blocks":0,"Local Written Blocks":0,"Temp Read Blocks":0,"Temp Written Blocks":0,"I/O Read Time":0.0,"I/O Write Time":0.0,"Temp I/O Read Time":0.0,"Temp I/O Write Time":0.0,"Subplans Removed":0,"Plans":[{"Node Type":"Custom Scan","Parent Relationship":"Member","Custom Plan Provider":"columnar scan","Parallel Aware":false,"Async Capable":false,"Relation Name":"order_line","Schema":"public","Alias":"l1","Startup Cost":20.0,"Total Cost":533641.75,"Plan Rows":20926325,"Plan Width":24,"Actual Startup Time":1.178,"Actual Total Time":2491.648,"Actual Rows":20982320,"Actual Loops":1,"Output":["l1.ol_o_id","l1.ol_w_id","l1.ol_d_id","l1.ol_i_id","l1.ol_delivery_d"],"Filter":"(l1.ol_delivery_d >= '1992-01-02 20:10:02.27764'::timestamp without time zone)","Rows Removed by Filter":0,"Rows Removed by Columnar Filter":9015412,"Rows Filtered by Bloom Filter":0,"Dictionary Rows Filtered by Bloom Filter":19831,"Columnar projection mode":"late materialization","Columnar cache search mode":"native","Shared Hit Blocks":0,"Shared Read Blocks":0,"Shared Dirtied Blocks":0,"Shared Written Blocks":0,"Local Hit Blocks":0,"Local Read Blocks":0,"Local Dirtied Blocks":0,"Local Written Blocks":0,"Temp Read Blocks":0,"Temp Written Blocks":0,"I/O Read Time":0.0,"I/O Write Time":0.0,"Temp I/O Read Time":0.0,"Temp I/O Write Time":0.0},{"Node Type":"Seq Scan","Parent Relationship":"Member","Parallel Aware":false,"Async Capable":false,"Relation Name":"order_line","Schema":"public","Alias":"l1","Startup Cost":0.0,"Total Cost":4.75,"Plan Rows":42,"Plan Width":24,"Actual Startup Time":0.0,"Actual Total Time":0.0,"Actual Rows":0,"Actual Loops":0,"Output":["l1.ol_o_id","l1.ol_w_id","l1.ol_d_id","l1.ol_i_id","l1.ol_delivery_d"],"Filter":"(l1.ol_delivery_d >= '1992-01-02 20:10:02.27764'::timestamp without time zone)","Rows Removed by Filter":0,"Shared Hit Blocks":0,"Shared Read Blocks":0,"Shared Dirtied Blocks":0,"Shared Written Blocks":0,"Local Hit Blocks":0,"Local Read Blocks":0,"Local Dirtied Blocks":0,"Local Written Blocks":0,"Temp Read Blocks":0,"Temp Written Blocks":0,"I/O Read Time":0.0,"I/O Write Time":0.0,"Temp I/O Read Time":0.0,"Temp I/O Write Time":0.0}]},{"Node Type":"Hash","Parent Relationship":"Inner","Parallel Aware":false,"Async Capable":false,"Startup Cost":259690.86,"Total Cost":259690.86,"Plan Rows":10000162,"Plan Width":6,"Actual Startup Time":2079.174,"Actual Total Time":2079.176,"Actual Rows":10000000,"Actual Loops":1,"Output":["stock.s_w_id","stock.s_i_id"],"Hash Buckets":262144,"Original Hash Buckets":262144,"Hash Batches":64,"Original Hash Batches":64,"Peak Memory Usage":8133,"Shared Hit Blocks":27338,"Shared Read Blocks":0,"Shared Dirtied Blocks":0,"Shared Written Blocks":0,"Local Hit Blocks":0,"Local Read Blocks":0,"Local Dirtied Blocks":0,"Local Written Blocks":0,"Temp Read Blocks":0,"Temp Written Blocks":33616,"I/O Read Time":0.0,"I/O Write Time":0.0,"Temp I/O Read Time":0.0,"Temp I/O Write Time":152.221,"Plans":[{"Node Type":"Index Only Scan","Parent Relationship":"Outer","Parallel Aware":false,"Async Capable":false,"Scan Direction":"Forward","Index Name":"stock_pk","Relation Name":"stock","Schema":"public","Alias":"stock","Startup Cost":0.43,"Total Cost":259690.86,"Plan Rows":10000162,"Plan Width":6,"Actual Startup Time":0.025,"Actual Total Time":725.417,"Actual Rows":10000000,"Actual Loops":1,"Output":["stock.s_w_id","stock.s_i_id"],"Heap Fetches":0,"Shared Hit Blocks":27338,"Shared Read Blocks":0,"Shared Dirtied Blocks":0,"Shared Written Blocks":0,"Local Hit Blocks":0,"Local Read Blocks":0,"Local Dirtied Blocks":0,"Local Written Blocks":0,"Temp Read Blocks":0,"Temp Written Blocks":0,"I/O Read Time":0.0,"I/O Write Time":0.0,"Temp I/O Read Time":0.0,"Temp I/O Write Time":0.0}]}]},{"Node Type":"Hash","Parent Relationship":"Inner","Parallel Aware":false,"Async Capable":false,"Startup Cost":317.0,"Total Cost":317.0,"Plan Rows":10000,"Plan Width":27,"Actual Startup Time":2.769,"Actual Total Time":2.771,"Actual Rows":10000,"Actual Loops":1,"Output":["supplier.su_name","supplier.su_suppkey","supplier.su_nationkey"],"Hash Buckets":16384,"Original Hash Buckets":16384,"Hash Batches":1,"Original Hash Batches":1,"Peak Memory Usage":714,"Shared Hit Blocks":217,"Shared Read Blocks":0,"Shared Dirtied Blocks":0,"Shared Written Blocks":0,"Local Hit Blocks":0,"Local Read Blocks":0,"Local Dirtied Blocks":0,"Local Written Blocks":0,"Temp Read Blocks":0,"Temp Written Blocks":0,"I/O Read Time":0.0,"I/O Write Time":0.0,"Temp I/O Read Time":0.0,"Temp I/O Write Time":0.0,"Plans":[{"Node Type":"Seq Scan","Parent Relationship":"Outer","Parallel Aware":false,"Async Capable":false,"Relation Name":"supplier","Schema":"public","Alias":"supplier","Startup Cost":0.0,"Total Cost":317.0,"Plan Rows":10000,"Plan Width":27,"Actual Startup Time":0.007,"Actual Total Time":1.313,"Actual Rows":10000,"Actual Loops":1,"Output":["supplier.su_name","supplier.su_suppkey","supplier.su_nationkey"],"Shared Hit Blocks":217,"Shared Read Blocks":0,"Shared Dirtied Blocks":0,"Shared Written Blocks":0,"Local Hit Blocks":0,"Local Read Blocks":0,"Local Dirtied Blocks":0,"Local Written Blocks":0,"Temp Read Blocks":0,"Temp Written Blocks":0,"I/O Read Time":0.0,"I/O Write Time":0.0,"Temp I/O Read Time":0.0,"Temp I/O Write Time":0.0}]}]},{"Node Type":"Hash","Parent Relationship":"Inner","Parallel Aware":false,"Async Capable":false,"Startup Cost":1.77,"Total Cost":1.77,"Plan Rows":1,"Plan Width":4,"Actual Startup Time":0.017,"Actual Total Time":0.02,"Actual Rows":1,"Actual Loops":1,"Output":["nation.n_nationkey"],"Hash Buckets":1024,"Original Hash Buckets":1024,"Hash Batches":1,"Original Hash Batches":1,"Peak Memory Usage":9,"Shared Hit Blocks":1,"Shared Read Blocks":0,"Shared Dirtied Blocks":0,"Shared Written Blocks":0,"Local Hit Blocks":0,"Local Read Blocks":0,"Local Dirtied Blocks":0,"Local Written Blocks":0,"Temp Read Blocks":0,"Temp Written Blocks":0,"I/O Read Time":0.0,"I/O Write Time":0.0,"Temp I/O Read Time":0.0,"Temp I/O Write Time":0.0,"Plans":[{"Node Type":"Seq Scan","Parent Relationship":"Outer","Parallel Aware":false,"Async Capable":false,"Relation Name":"nation","Schema":"public","Alias":"nation","Startup Cost":0.0,"Total Cost":1.77,"Plan Rows":1,"Plan Width":4,"Actual Startup Time":0.013,"Actual Total Time":0.015,"Actual Rows":1,"Actual Loops":1,"Output":["nation.n_nationkey"],"Filter":"((nation.n_name)::text = 'Cambodia'::text)","Rows Removed by Filter":61,"Shared Hit Blocks":1,"Shared Read Blocks":0,"Shared Dirtied Blocks":0,"Shared Written Blocks":0,"Local Hit Blocks":0,"Local Read Blocks":0,"Local Dirtied Blocks":0,"Local Written Blocks":0,"Temp Read Blocks":0,"Temp Written Blocks":0,"I/O Read Time":0.0,"I/O Write Time":0.0,"Temp I/O Read Time":0.0,"Temp I/O Write Time":0.0}]}]},{"Node Type":"Hash","Parent Relationship":"Inner","Parallel Aware":false,"Async Capable":false,"Startup Cost":59559.0,"Total Cost":59559.0,"Plan Rows":2998176,"Plan Width":20,"Actual Startup Time":1158.144,"Actual Total Time":1158.145,"Actual Rows":2997892,"Actual Loops":1,"Output":["orders.o_id","orders.o_w_id","orders.o_d_id","orders.o_entry_d"],"Hash Buckets":131072,"Original Hash Buckets":131072,"Hash Batches":32,"Original Hash Batches":32,"Peak Memory Usage":6158,"Shared Hit Blocks":22059,"Shared Read Blocks":0,"Shared Dirtied Blocks":0,"Shared Written Blocks":0,"Local Hit Blocks":0,"Local Read Blocks":0,"Local Dirtied Blocks":0,"Local Written Blocks":0,"Temp Read Blocks":0,"Temp Written Blocks":15583,"I/O Read Time":0.0,"I/O Write Time":0.0,"Temp I/O Read Time":0.0,"Temp I/O Write Time":73.92,"Plans":[{"Node Type":"Seq Scan","Parent Relationship":"Outer","Parallel Aware":false,"Async Capable":false,"Relation Name":"orders","Schema":"public","Alias":"orders","Startup Cost":0.0,"Total Cost":59559.0,"Plan Rows":2998176,"Plan Width":20,"Actual Startup Time":0.014,"Actual Total Time":412.537,"Actual Rows":2997892,"Actual Loops":1,"Output":["orders.o_id","orders.o_w_id","orders.o_d_id","orders.o_entry_d"],"Filter":"(orders.o_entry_d >= '1992-01-02 20:10:02.27764'::timestamp without time zone)","Rows Removed by Filter":2108,"Shared Hit Blocks":22059,"Shared Read Blocks":0,"Shared Dirtied Blocks":0,"Shared Written Blocks":0,"Local Hit Blocks":0,"Local Read Blocks":0,"Local Dirtied Blocks":0,"Local Written Blocks":0,"Temp Read Blocks":0,"Temp Written Blocks":0,"I/O Read Time":0.0,"I/O Write Time":0.0,"Temp I/O Read Time":0.0,"Temp I/O Write Time":0.0}]}]},{"Node Type":"Index Scan","Parent Relationship":"Inner","Parallel Aware":false,"Async Capable":false,"Scan Direction":"Forward","Index Name":"order_line_pk","Relation Name":"order_line","Schema":"public","Alias":"l2","Startup Cost":0.56,"Total Cost":26.51,"Plan Rows":2,"Plan Width":20,"Actual Startup Time":0.007,"Actual Total Time":0.007,"Actual Rows":0,"Actual Loops":267482,"Output":["l2.ol_o_id","l2.ol_d_id","l2.ol_w_id","l2.ol_number","l2.ol_i_id","l2.ol_supply_w_id","l2.ol_delivery_d","l2.ol_quantity","l2.ol_amount","l2.ol_dist_info"],"Index Cond":"((l2.ol_w_id = l1.ol_w_id) AND (l2.ol_d_id = l1.ol_d_id) AND (l2.ol_o_id = l1.ol_o_id))","Rows Removed by Index Recheck":0,"Filter":"((l2.ol_delivery_d >= '1992-01-02 20:10:02.27764'::timestamp without time zone) AND (l2.ol_delivery_d > l1.ol_delivery_d))","Rows Removed by Filter":11,"Shared Hit Blocks":1383917,"Shared Read Blocks":0,"Shared Dirtied Blocks":0,"Shared Written Blocks":0,"Local Hit Blocks":0,"Local Read Blocks":0,"Local Dirtied Blocks":0,"Local Written Blocks":0,"Temp Read Blocks":0,"Temp Written Blocks":0,"I/O Read Time":0.0,"I/O Write Time":0.0,"Temp I/O Read Time":0.0,"Temp I/O Write Time":0.0}]}]}]}]},"Planning":{"Shared Hit Blocks":4,"Shared Read Blocks":0,"Shared Dirtied Blocks":0,"Shared Written Blocks":0,"Local Hit Blocks":0,"Local Read Blocks":0,"Local Dirtied Blocks":0,"Local Written Blocks":0,"Temp Read Blocks":0,"Temp Written Blocks":0,"I/O Read Time":0.0,"I/O Write Time":0.0,"Temp I/O Read Time":0.0,"Temp I/O Write Time":0.0},"Planning Time":1.774,"Triggers":[],"Execution Time":32098.445}]
[列存组合]: nation, order_line, stock
[{"Plan":{"Node Type":"Sort","Parallel Aware":false,"Async Capable":false,"Startup Cost":3010983.68,"Total Cost":3011008.68,"Plan Rows":10000,"Plan Width":27,"Actual Startup Time":23221.753,"Actual Total Time":23221.798,"Actual Rows":156,"Actual Loops":1,"Output":["supplier.su_name","(count(*))"],"Sort Key":["(count(*)) DESC","supplier.su_name"],"Sort Method":"quicksort","Sort Space Used":35,"Sort Space Type":"Memory","Shared Hit Blocks":22277,"Shared Read Blocks":0,"Shared Dirtied Blocks":0,"Shared Written Blocks":0,"Local Hit Blocks":0,"Local Read Blocks":0,"Local Dirtied Blocks":0,"Local Written Blocks":0,"Temp Read Blocks":133545,"Temp Written Blocks":133550,"I/O Read Time":0.0,"I/O Write Time":0.0,"Temp I/O Read Time":213.072,"Temp I/O Write Time":645.712,"Plans":[{"Node Type":"Aggregate","Strategy":"Sorted","Partial Mode":"Simple","Parent Relationship":"Outer","Parallel Aware":false,"Async Capable":false,"Startup Cost":3009649.35,"Total Cost":3010319.3,"Plan Rows":10000,"Plan Width":27,"Actual Startup Time":23170.793,"Actual Total Time":23221.74,"Actual Rows":156,"Actual Loops":1,"Output":["supplier.su_name","count(*)"],"Group Key":["supplier.su_name"],"Shared Hit Blocks":22277,"Shared Read Blocks":0,"Shared Dirtied Blocks":0,"Shared Written Blocks":0,"Local Hit Blocks":0,"Local Read Blocks":0,"Local Dirtied Blocks":0,"Local Written Blocks":0,"Temp Read Blocks":133545,"Temp Written Blocks":133550,"I/O Read Time":0.0,"I/O Write Time":0.0,"Temp I/O Read Time":213.072,"Temp I/O Write Time":645.712,"Plans":[{"Node Type":"Sort","Parent Relationship":"Outer","Parallel Aware":false,"Async Capable":false,"Startup Cost":3009649.35,"Total Cost":3009839.33,"Plan Rows":75993,"Plan Width":19,"Actual Startup Time":23170.613,"Actual Total Time":23197.318,"Actual Rows":267482,"Actual Loops":1,"Output":["supplier.su_name"],"Sort Key":["supplier.su_name"],"Sort Method":"external merge","Sort Space Used":7624,"Sort Space Type":"Disk","Shared Hit Blocks":22277,"Shared Read Blocks":0,"Shared Dirtied Blocks":0,"Shared Written Blocks":0,"Local Hit Blocks":0,"Local Read Blocks":0,"Local Dirtied Blocks":0,"Local Written Blocks":0,"Temp Read Blocks":133545,"Temp Written Blocks":133550,"I/O Read Time":0.0,"I/O Write Time":0.0,"Temp I/O Read Time":213.072,"Temp I/O Write Time":645.712,"Plans":[{"Node Type":"Hash Join","Parent Relationship":"Outer","Parallel Aware":false,"Async Capable":false,"Join Type":"Anti","Startup Cost":1350009.31,"Total Cost":3003488.76,"Plan Rows":75993,"Plan Width":19,"Actual Startup Time":10498.339,"Actual Total Time":23027.629,"Actual Rows":267482,"Actual Loops":1,"Output":["supplier.su_name"],"Hash Cond":"((l1.ol_o_id = l2.ol_o_id) AND (l1.ol_w_id = l2.ol_w_id) AND (l1.ol_d_id = l2.ol_d_id))","Join Filter":"(l2.ol_delivery_d > l1.ol_delivery_d)","Rows Removed by Join Filter":2942288,"Shared Hit Blocks":22277,"Shared Read Blocks":0,"Shared Dirtied Blocks":0,"Shared Written Blocks":0,"Local Hit Blocks":0,"Local Read Blocks":0,"Local Dirtied Blocks":0,"Local Written Blocks":0,"Temp Read Blocks":132592,"Temp Written Blocks":132592,"I/O Read Time":0.0,"I/O Write Time":0.0,"Temp I/O Read Time":211.693,"Temp I/O Write Time":642.051,"Plans":[{"Node Type":"Hash Join","Parent Relationship":"Outer","Parallel Aware":false,"Async Capable":false,"Join Type":"Inner","Startup Cost":159361.89,"Total Cost":757750.29,"Plan Rows":113989,"Plan Width":39,"Actual Startup Time":1875.282,"Actual Total Time":12774.055,"Actual Rows":267482,"Actual Loops":1,"Output":["supplier.su_name","l1.ol_o_id","l1.ol_w_id","l1.ol_d_id","l1.ol_delivery_d"],"Hash Cond":"((l1.ol_o_id = orders.o_id) AND (l1.ol_w_id = orders.o_w_id) AND (l1.ol_d_id = orders.o_d_id))","Join Filter":"(l1.ol_delivery_d > orders.o_entry_d)","Rows Removed by Join Filter":0,"Shared Hit Blocks":22277,"Shared Read Blocks":0,"Shared Dirtied Blocks":0,"Shared Written Blocks":0,"Local Hit Blocks":0,"Local Read Blocks":0,"Local Dirtied Blocks":0,"Local Written Blocks":0,"Temp Read Blocks":17783,"Temp Written Blocks":17783,"I/O Read Time":0.0,"I/O Write Time":0.0,"Temp I/O Read Time":28.841,"Temp I/O Write Time":91.279,"Plans":[{"Node Type":"Hash Join","Parent Relationship":"Outer","Parallel Aware":false,"Async Capable":false,"Join Type":"Inner","Startup Cost":29766.81,"Total Cost":601876.58,"Plan Rows":342176,"Plan Width":41,"Actual Startup Time":789.284,"Actual Total Time":11332.992,"Actual Rows":267496,"Actual Loops":1,"Output":["supplier.su_name","stock.s_w_id","l1.ol_o_id","l1.ol_w_id","l1.ol_d_id","l1.ol_delivery_d"],"Hash Cond":"(supplier.su_nationkey = nation.n_nationkey)","Shared Hit Blocks":218,"Shared Read Blocks":0,"Shared Dirtied Blocks":0,"Shared Written Blocks":0,"Local Hit Blocks":0,"Local Read Blocks":0,"Local Dirtied Blocks":0,"Local Written Blocks":0,"Temp Read Blocks":0,"Temp Written Blocks":0,"I/O Read Time":0.0,"I/O Write Time":0.0,"Temp I/O Read Time":0.0,"Temp I/O Write Time":0.0,"Plans":[{"Node Type":"Hash Join","Parent Relationship":"Outer","Parallel Aware":false,"Async Capable":false,"Join Type":"Inner","Startup Cost":29765.02,"Total Cost":542378.88,"Plan Rows":21214932,"Plan Width":45,"Actual Startup Time":789.134,"Actual Total Time":9965.684,"Actual Rows":20982320,"Actual Loops":1,"Output":["supplier.su_name","supplier.su_nationkey","stock.s_w_id","l1.ol_o_id","l1.ol_w_id","l1.ol_d_id","l1.ol_delivery_d"],"Hash Cond":"(mod((stock.s_w_id * stock.s_i_id), 10000) = supplier.su_suppkey)","Shared Hit Blocks":217,"Shared Read Blocks":0,"Shared Dirtied Blocks":0,"Shared Written Blocks":0,"Local Hit Blocks":0,"Local Read Blocks":0,"Local Dirtied Blocks":0,"Local Written Blocks":0,"Temp Read Blocks":0,"Temp Written Blocks":0,"I/O Read Time":0.0,"I/O Write Time":0.0,"Temp I/O Read Time":0.0,"Temp I/O Write Time":0.0,"Plans":[{"Node Type":"Hash Join","Parent Relationship":"Outer","Parallel Aware":false,"Async Capable":false,"Join Type":"Inner","Startup Cost":29323.02,"Total Cost":480915.59,"Plan Rows":21214932,"Plan Width":26,"Actual Startup Time":786.374,"Actual Total Time":5510.549,"Actual Rows":20982320,"Actual Loops":1,"Output":["l1.ol_o_id","l1.ol_w_id","l1.ol_d_id","l1.ol_delivery_d","stock.s_w_id","stock.s_i_id"],"Hash Cond":"((l1.ol_w_id = stock.s_w_id) AND (l1.ol_i_id = stock.s_i_id))","Rows Removed by Bloom Filter":0,"Shared Hit Blocks":0,"Shared Read Blocks":0,"Shared Dirtied Blocks":0,"Shared Written Blocks":0,"Local Hit Blocks":0,"Local Read Blocks":0,"Local Dirtied Blocks":0,"Local Written Blocks":0,"Temp Read Blocks":0,"Temp Written Blocks":0,"I/O Read Time":0.0,"I/O Write Time":0.0,"Temp I/O Read Time":0.0,"Temp I/O Write Time":0.0,"Plans":[{"Node Type":"Append","Parent Relationship":"Outer","Parallel Aware":false,"Async Capable":false,"Startup Cost":20.0,"Total Cost":533646.5,"Plan Rows":20926367,"Plan Width":24,"Actual Startup Time":108.342,"Actual Total Time":108.355,"Actual Rows":20982320,"Actual Loops":1,"Shared Hit Blocks":0,"Shared Read Blocks":0,"Shared Dirtied Blocks":0,"Shared Written Blocks":0,"Local Hit Blocks":0,"Local Read Blocks":0,"Local Dirtied Blocks":0,"Local Written Blocks":0,"Temp Read Blocks":0,"Temp Written Blocks":0,"I/O Read Time":0.0,"I/O Write Time":0.0,"Temp I/O Read Time":0.0,"Temp I/O Write Time":0.0,"Subplans Removed":0,"Plans":[{"Node Type":"Custom Scan","Parent Relationship":"Member","Custom Plan Provider":"columnar scan","Parallel Aware":false,"Async Capable":false,"Relation Name":"order_line","Schema":"public","Alias":"l1","Startup Cost":20.0,"Total Cost":533641.75,"Plan Rows":20926325,"Plan Width":24,"Actual Startup Time":108.339,"Actual Total Time":108.342,"Actual Rows":20982320,"Actual Loops":1,"Output":["l1.ol_o_id","l1.ol_w_id","l1.ol_d_id","l1.ol_i_id","l1.ol_delivery_d"],"Filter":"(l1.ol_delivery_d >= '1992-01-02 20:10:02.27764'::timestamp without time zone)","Rows Removed by Filter":0,"Rows Removed by Columnar Filter":9015412,"Rows Filtered by Bloom Filter":0,"Dictionary Rows Filtered by Bloom Filter":19831,"Columnar cache search mode":"native","Shared Hit Blocks":0,"Shared Read Blocks":0,"Shared Dirtied Blocks":0,"Shared Written Blocks":0,"Local Hit Blocks":0,"Local Read Blocks":0,"Local Dirtied Blocks":0,"Local Written Blocks":0,"Temp Read Blocks":0,"Temp Written Blocks":0,"I/O Read Time":0.0,"I/O Write Time":0.0,"Temp I/O Read Time":0.0,"Temp I/O Write Time":0.0},{"Node Type":"Seq Scan","Parent Relationship":"Member","Parallel Aware":false,"Async Capable":false,"Relation Name":"order_line","Schema":"public","Alias":"l1","Startup Cost":0.0,"Total Cost":4.75,"Plan Rows":42,"Plan Width":24,"Actual Startup Time":0.0,"Actual Total Time":0.0,"Actual Rows":0,"Actual Loops":0,"Output":["l1.ol_o_id","l1.ol_w_id","l1.ol_d_id","l1.ol_i_id","l1.ol_delivery_d"],"Filter":"(l1.ol_delivery_d >= '1992-01-02 20:10:02.27764'::timestamp without time zone)","Rows Removed by Filter":0,"Shared Hit Blocks":0,"Shared Read Blocks":0,"Shared Dirtied Blocks":0,"Shared Written Blocks":0,"Local Hit Blocks":0,"Local Read Blocks":0,"Local Dirtied Blocks":0,"Local Written Blocks":0,"Temp Read Blocks":0,"Temp Written Blocks":0,"I/O Read Time":0.0,"I/O Write Time":0.0,"Temp I/O Read Time":0.0,"Temp I/O Write Time":0.0}]},{"Node Type":"Hash","Parent Relationship":"Inner","Parallel Aware":false,"Async Capable":false,"Startup Cost":195025.67,"Total Cost":195025.67,"Plan Rows":10000162,"Plan Width":6,"Actual Rows":10000000,"Actual Loops":1,"Output":["stock.s_w_id","stock.s_i_id"],"Shared Hit Blocks":0,"Shared Read Blocks":0,"Shared Dirtied Blocks":0,"Shared Written Blocks":0,"Local Hit Blocks":0,"Local Read Blocks":0,"Local Dirtied Blocks":0,"Local Written Blocks":0,"Temp Read Blocks":0,"Temp Written Blocks":0,"I/O Read Time":0.0,"I/O Write Time":0.0,"Temp I/O Read Time":0.0,"Temp I/O Write Time":0.0,"Plans":[{"Node Type":"Append","Parent Relationship":"Outer","Parallel Aware":false,"Async Capable":false,"Startup Cost":20.0,"Total Cost":195025.67,"Plan Rows":10000162,"Plan Width":6,"Actual Startup Time":0.275,"Actual Total Time":0.278,"Actual Rows":10000000,"Actual Loops":1,"Shared Hit Blocks":0,"Shared Read Blocks":0,"Shared Dirtied Blocks":0,"Shared Written Blocks":0,"Local Hit Blocks":0,"Local Read Blocks":0,"Local Dirtied Blocks":0,"Local Written Blocks":0,"Temp Read Blocks":0,"Temp Written Blocks":0,"I/O Read Time":0.0,"I/O Write Time":0.0,"Temp I/O Read Time":0.0,"Temp I/O Write Time":0.0,"Subplans Removed":0,"Plans":[{"Node Type":"Custom Scan","Parent Relationship":"Member","Custom Plan Provider":"columnar scan","Parallel Aware":false,"Async Capable":false,"Relation Name":"stock","Schema":"public","Alias":"stock","Startup Cost":20.0,"Total Cost":195020.05,"Plan Rows":10000000,"Plan Width":6,"Actual Startup Time":0.272,"Actual Total Time":0.273,"Actual Rows":10000000,"Actual Loops":1,"Output":["stock.s_w_id","stock.s_i_id"],"Rows Removed by Columnar Filter":0,"Columnar cache search mode":"native","Shared Hit Blocks":0,"Shared Read Blocks":0,"Shared Dirtied Blocks":0,"Shared Written Blocks":0,"Local Hit Blocks":0,"Local Read Blocks":0,"Local Dirtied Blocks":0,"Local Written Blocks":0,"Temp Read Blocks":0,"Temp Written Blocks":0,"I/O Read Time":0.0,"I/O Write Time":0.0,"Temp I/O Read Time":0.0,"Temp I/O Write Time":0.0},{"Node Type":"Seq Scan","Parent Relationship":"Member","Parallel Aware":false,"Async Capable":false,"Relation Name":"stock","Schema":"public","Alias":"stock","Startup Cost":0.0,"Total Cost":5.62,"Plan Rows":162,"Plan Width":6,"Actual Startup Time":0.0,"Actual Total Time":0.0,"Actual Rows":0,"Actual Loops":0,"Output":["stock.s_w_id","stock.s_i_id"],"Shared Hit Blocks":0,"Shared Read Blocks":0,"Shared Dirtied Blocks":0,"Shared Written Blocks":0,"Local Hit Blocks":0,"Local Read Blocks":0,"Local Dirtied Blocks":0,"Local Written Blocks":0,"Temp Read Blocks":0,"Temp Written Blocks":0,"I/O Read Time":0.0,"I/O Write Time":0.0,"Temp I/O Read Time":0.0,"Temp I/O Write Time":0.0}]}]}]},{"Node Type":"Hash","Parent Relationship":"Inner","Parallel Aware":false,"Async Capable":false,"Startup Cost":317.0,"Total Cost":317.0,"Plan Rows":10000,"Plan Width":27,"Actual Startup Time":2.695,"Actual Total Time":2.697,"Actual Rows":10000,"Actual Loops":1,"Output":["supplier.su_name","supplier.su_suppkey","supplier.su_nationkey"],"Hash Buckets":16384,"Original Hash Buckets":16384,"Hash Batches":1,"Original Hash Batches":1,"Peak Memory Usage":714,"Shared Hit Blocks":217,"Shared Read Blocks":0,"Shared Dirtied Blocks":0,"Shared Written Blocks":0,"Local Hit Blocks":0,"Local Read Blocks":0,"Local Dirtied Blocks":0,"Local Written Blocks":0,"Temp Read Blocks":0,"Temp Written Blocks":0,"I/O Read Time":0.0,"I/O Write Time":0.0,"Temp I/O Read Time":0.0,"Temp I/O Write Time":0.0,"Plans":[{"Node Type":"Seq Scan","Parent Relationship":"Outer","Parallel Aware":false,"Async Capable":false,"Relation Name":"supplier","Schema":"public","Alias":"supplier","Startup Cost":0.0,"Total Cost":317.0,"Plan Rows":10000,"Plan Width":27,"Actual Startup Time":0.012,"Actual Total Time":1.26,"Actual Rows":10000,"Actual Loops":1,"Output":["supplier.su_name","supplier.su_suppkey","supplier.su_nationkey"],"Shared Hit Blocks":217,"Shared Read Blocks":0,"Shared Dirtied Blocks":0,"Shared Written Blocks":0,"Local Hit Blocks":0,"Local Read Blocks":0,"Local Dirtied Blocks":0,"Local Written Blocks":0,"Temp Read Blocks":0,"Temp Written Blocks":0,"I/O Read Time":0.0,"I/O Write Time":0.0,"Temp I/O Read Time":0.0,"Temp I/O Write Time":0.0}]}]},{"Node Type":"Hash","Parent Relationship":"Inner","Parallel Aware":false,"Async Capable":false,"Startup Cost":1.77,"Total Cost":1.77,"Plan Rows":1,"Plan Width":4,"Actual Startup Time":0.033,"Actual Total Time":0.034,"Actual Rows":1,"Actual Loops":1,"Output":["nation.n_nationkey"],"Hash Buckets":1024,"Original Hash Buckets":1024,"Hash Batches":1,"Original Hash Batches":1,"Peak Memory Usage":9,"Shared Hit Blocks":1,"Shared Read Blocks":0,"Shared Dirtied Blocks":0,"Shared Written Blocks":0,"Local Hit Blocks":0,"Local Read Blocks":0,"Local Dirtied Blocks":0,"Local Written Blocks":0,"Temp Read Blocks":0,"Temp Written Blocks":0,"I/O Read Time":0.0,"I/O Write Time":0.0,"Temp I/O Read Time":0.0,"Temp I/O Write Time":0.0,"Plans":[{"Node Type":"Seq Scan","Parent Relationship":"Outer","Parallel Aware":false,"Async Capable":false,"Relation Name":"nation","Schema":"public","Alias":"nation","Startup Cost":0.0,"Total Cost":1.77,"Plan Rows":1,"Plan Width":4,"Actual Startup Time":0.025,"Actual Total Time":0.028,"Actual Rows":1,"Actual Loops":1,"Output":["nation.n_nationkey"],"Filter":"((nation.n_name)::text = 'Cambodia'::text)","Rows Removed by Filter":61,"Shared Hit Blocks":1,"Shared Read Blocks":0,"Shared Dirtied Blocks":0,"Shared Written Blocks":0,"Local Hit Blocks":0,"Local Read Blocks":0,"Local Dirtied Blocks":0,"Local Written Blocks":0,"Temp Read Blocks":0,"Temp Written Blocks":0,"I/O Read Time":0.0,"I/O Write Time":0.0,"Temp I/O Read Time":0.0,"Temp I/O Write Time":0.0}]}]},{"Node Type":"Hash","Parent Relationship":"Inner","Parallel Aware":false,"Async Capable":false,"Startup Cost":59559.0,"Total Cost":59559.0,"Plan Rows":2998176,"Plan Width":20,"Actual Startup Time":1083.609,"Actual Total Time":1083.612,"Actual Rows":2997892,"Actual Loops":1,"Output":["orders.o_id","orders.o_w_id","orders.o_d_id","orders.o_entry_d"],"Hash Buckets":131072,"Original Hash Buckets":131072,"Hash Batches":32,"Original Hash Batches":32,"Peak Memory Usage":6158,"Shared Hit Blocks":22059,"Shared Read Blocks":0,"Shared Dirtied Blocks":0,"Shared Written Blocks":0,"Local Hit Blocks":0,"Local Read Blocks":0,"Local Dirtied Blocks":0,"Local Written Blocks":0,"Temp Read Blocks":0,"Temp Written Blocks":15583,"I/O Read Time":0.0,"I/O Write Time":0.0,"Temp I/O Read Time":0.0,"Temp I/O Write Time":74.363,"Plans":[{"Node Type":"Seq Scan","Parent Relationship":"Outer","Parallel Aware":false,"Async Capable":false,"Relation Name":"orders","Schema":"public","Alias":"orders","Startup Cost":0.0,"Total Cost":59559.0,"Plan Rows":2998176,"Plan Width":20,"Actual Startup Time":0.018,"Actual Total Time":376.231,"Actual Rows":2997892,"Actual Loops":1,"Output":["orders.o_id","orders.o_w_id","orders.o_d_id","orders.o_entry_d"],"Filter":"(orders.o_entry_d >= '1992-01-02 20:10:02.27764'::timestamp without time zone)","Rows Removed by Filter":2108,"Shared Hit Blocks":22059,"Shared Read Blocks":0,"Shared Dirtied Blocks":0,"Shared Written Blocks":0,"Local Hit Blocks":0,"Local Read Blocks":0,"Local Dirtied Blocks":0,"Local Written Blocks":0,"Temp Read Blocks":0,"Temp Written Blocks":0,"I/O Read Time":0.0,"I/O Write Time":0.0,"Temp I/O Read Time":0.0,"Temp I/O Write Time":0.0}]}]},{"Node Type":"Hash","Parent Relationship":"Inner","Parallel Aware":false,"Async Capable":false,"Startup Cost":701820.0,"Total Cost":701820.0,"Plan Rows":20926367,"Plan Width":20,"Actual Startup Time":8609.183,"Actual Total Time":8609.185,"Actual Rows":21002151,"Actual Loops":1,"Output":["l2.ol_o_id","l2.ol_w_id","l2.ol_d_id","l2.ol_delivery_d"],"Hash Buckets":131072,"Original Hash Buckets":131072,"Hash Batches":256,"Original Hash Batches":256,"Peak Memory Usage":5530,"Shared Hit Blocks":0,"Shared Read Blocks":0,"Shared Dirtied Blocks":0,"Shared Written Blocks":0,"Local Hit Blocks":0,"Local Read Blocks":0,"Local Dirtied Blocks":0,"Local Written Blocks":0,"Temp Read Blocks":0,"Temp Written Blocks":112225,"I/O Read Time":0.0,"I/O Write Time":0.0,"Temp I/O Read Time":0.0,"Temp I/O Write Time":537.918,"Plans":[{"Node Type":"Append","Parent Relationship":"Outer","Parallel Aware":false,"Async Capable":false,"Startup Cost":20.0,"Total Cost":701820.0,"Plan Rows":20926367,"Plan Width":20,"Actual Startup Time":0.037,"Actual Total Time":4858.545,"Actual Rows":21002151,"Actual Loops":1,"Shared Hit Blocks":0,"Shared Read Blocks":0,"Shared Dirtied Blocks":0,"Shared Written Blocks":0,"Local Hit Blocks":0,"Local Read Blocks":0,"Local Dirtied Blocks":0,"Local Written Blocks":0,"Temp Read Blocks":0,"Temp Written Blocks":0,"I/O Read Time":0.0,"I/O Write Time":0.0,"Temp I/O Read Time":0.0,"Temp I/O Write Time":0.0,"Subplans Removed":0,"Plans":[{"Node Type":"Custom Scan","Parent Relationship":"Member","Custom Plan Provider":"columnar scan","Parallel Aware":false,"Async Capable":false,"Relation Name":"order_line","Schema":"public","Alias":"l2","Startup Cost":20.0,"Total Cost":491789.1,"Plan Rows":20926325,"Plan Width":20,"Actual Startup Time":0.035,"Actual Total Time":3221.933,"Actual Rows":21002151,"Actual Loops":1,"Output":["l2.ol_o_id","l2.ol_w_id","l2.ol_d_id","l2.ol_delivery_d"],"Filter":"(l2.ol_delivery_d >= '1992-01-02 20:10:02.27764'::timestamp without time zone)","Rows Removed by Filter":0,"Rows Removed by Columnar Filter":8995581,"Columnar cache search mode":"native","Shared Hit Blocks":0,"Shared Read Blocks":0,"Shared Dirtied Blocks":0,"Shared Written Blocks":0,"Local Hit Blocks":0,"Local Read Blocks":0,"Local Dirtied Blocks":0,"Local Written Blocks":0,"Temp Read Blocks":0,"Temp Written Blocks":0,"I/O Read Time":0.0,"I/O Write Time":0.0,"Temp I/O Read Time":0.0,"Temp I/O Write Time":0.0},{"Node Type":"Seq Scan","Parent Relationship":"Member","Parallel Aware":false,"Async Capable":false,"Relation Name":"order_line","Schema":"public","Alias":"l2","Startup Cost":0.0,"Total Cost":4.75,"Plan Rows":42,"Plan Width":20,"Actual Startup Time":0.0,"Actual Total Time":0.0,"Actual Rows":0,"Actual Loops":0,"Output":["l2.ol_o_id","l2.ol_w_id","l2.ol_d_id","l2.ol_delivery_d"],"Filter":"(l2.ol_delivery_d >= '1992-01-02 20:10:02.27764'::timestamp without time zone)","Rows Removed by Filter":0,"Shared Hit Blocks":0,"Shared Read Blocks":0,"Shared Dirtied Blocks":0,"Shared Written Blocks":0,"Local Hit Blocks":0,"Local Read Blocks":0,"Local Dirtied Blocks":0,"Local Written Blocks":0,"Temp Read Blocks":0,"Temp Written Blocks":0,"I/O Read Time":0.0,"I/O Write Time":0.0,"Temp I/O Read Time":0.0,"Temp I/O Write Time":0.0}]}]}]}]}]}]},"Planning":{"Shared Hit Blocks":4,"Shared Read Blocks":0,"Shared Dirtied Blocks":0,"Shared Written Blocks":0,"Local Hit Blocks":0,"Local Read Blocks":0,"Local Dirtied Blocks":0,"Local Written Blocks":0,"Temp Read Blocks":0,"Temp Written Blocks":0,"I/O Read Time":0.0,"I/O Write Time":0.0,"Temp I/O Read Time":0.0,"Temp I/O Write Time":0.0},"Planning Time":2.182,"Triggers":[],"Execution Time":23223.931}]
[列存组合]: nation, order_line, supplier
[{"Plan":{"Node Type":"Sort","Parallel Aware":false,"Async Capable":false,"Startup Cost":4105081.36,"Total Cost":4105106.36,"Plan Rows":10000,"Plan Width":27,"Actual Startup Time":32071.953,"Actual Total Time":32071.985,"Actual Rows":156,"Actual Loops":1,"Output":["supplier.su_name","(count(*))"],"Sort Key":["(count(*)) DESC","supplier.su_name"],"Sort Method":"quicksort","Sort Space Used":35,"Sort Space Type":"Memory","Shared Hit Blocks":1433315,"Shared Read Blocks":0,"Shared Dirtied Blocks":0,"Shared Written Blocks":0,"Local Hit Blocks":0,"Local Read Blocks":0,"Local Dirtied Blocks":0,"Local Written Blocks":0,"Temp Read Blocks":173473,"Temp Written Blocks":173478,"I/O Read Time":0.0,"I/O Write Time":0.0,"Temp I/O Read Time":297.935,"Temp I/O Write Time":819.14,"Plans":[{"Node Type":"Aggregate","Strategy":"Sorted","Partial Mode":"Simple","Parent Relationship":"Outer","Parallel Aware":false,"Async Capable":false,"Startup Cost":4103747.02,"Total Cost":4104416.97,"Plan Rows":10000,"Plan Width":27,"Actual Startup Time":32019.454,"Actual Total Time":32071.926,"Actual Rows":156,"Actual Loops":1,"Output":["supplier.su_name","count(*)"],"Group Key":["supplier.su_name"],"Shared Hit Blocks":1433315,"Shared Read Blocks":0,"Shared Dirtied Blocks":0,"Shared Written Blocks":0,"Local Hit Blocks":0,"Local Read Blocks":0,"Local Dirtied Blocks":0,"Local Written Blocks":0,"Temp Read Blocks":173473,"Temp Written Blocks":173478,"I/O Read Time":0.0,"I/O Write Time":0.0,"Temp I/O Read Time":297.935,"Temp I/O Write Time":819.14,"Plans":[{"Node Type":"Sort","Parent Relationship":"Outer","Parallel Aware":false,"Async Capable":false,"Startup Cost":4103747.02,"Total Cost":4103937.01,"Plan Rows":75993,"Plan Width":19,"Actual Startup Time":32019.265,"Actual Total Time":32046.891,"Actual Rows":267482,"Actual Loops":1,"Output":["supplier.su_name"],"Sort Key":["supplier.su_name"],"Sort Method":"external merge","Sort Space Used":7624,"Sort Space Type":"Disk","Shared Hit Blocks":1433315,"Shared Read Blocks":0,"Shared Dirtied Blocks":0,"Shared Written Blocks":0,"Local Hit Blocks":0,"Local Read Blocks":0,"Local Dirtied Blocks":0,"Local Written Blocks":0,"Temp Read Blocks":173473,"Temp Written Blocks":173478,"I/O Read Time":0.0,"I/O Write Time":0.0,"Temp I/O Read Time":297.935,"Temp I/O Write Time":819.14,"Plans":[{"Node Type":"Nested Loop","Parent Relationship":"Outer","Parallel Aware":false,"Async Capable":false,"Join Type":"Anti","Startup Cost":578738.75,"Total Cost":4097586.43,"Plan Rows":75993,"Plan Width":19,"Actual Startup Time":3193.702,"Actual Total Time":31870.53,"Actual Rows":267482,"Actual Loops":1,"Output":["supplier.su_name"],"Inner Unique":false,"Shared Hit Blocks":1433315,"Shared Read Blocks":0,"Shared Dirtied Blocks":0,"Shared Written Blocks":0,"Local Hit Blocks":0,"Local Read Blocks":0,"Local Dirtied Blocks":0,"Local Written Blocks":0,"Temp Read Blocks":172520,"Temp Written Blocks":172520,"I/O Read Time":0.0,"I/O Write Time":0.0,"Temp I/O Read Time":296.428,"Temp I/O Write Time":815.398,"Plans":[{"Node Type":"Hash Join","Parent Relationship":"Outer","Parallel Aware":false,"Async Capable":false,"Join Type":"Inner","Startup Cost":578738.19,"Total Cost":1821493.48,"Plan Rows":113989,"Plan Width":39,"Actual Startup Time":3193.666,"Actual Total Time":29921.953,"Actual Rows":267482,"Actual Loops":1,"Output":["supplier.su_name","l1.ol_o_id","l1.ol_w_id","l1.ol_d_id","l1.ol_delivery_d"],"Inner Unique":true,"Hash Cond":"((l1.ol_o_id = orders.o_id) AND (l1.ol_w_id = orders.o_w_id) AND (l1.ol_d_id = orders.o_d_id))","Join Filter":"(l1.ol_delivery_d > orders.o_entry_d)","Rows Removed by Join Filter":0,"Shared Hit Blocks":49398,"Shared Read Blocks":0,"Shared Dirtied Blocks":0,"Shared Written Blocks":0,"Local Hit Blocks":0,"Local Read Blocks":0,"Local Dirtied Blocks":0,"Local Written Blocks":0,"Temp Read Blocks":172520,"Temp Written Blocks":172520,"I/O Read Time":0.0,"I/O Write Time":0.0,"Temp I/O Read Time":296.428,"Temp I/O Write Time":815.398,"Plans":[{"Node Type":"Hash Join","Parent Relationship":"Outer","Parallel Aware":false,"Async Capable":false,"Join Type":"Inner","Startup Cost":449143.11,"Total Cost":1665619.76,"Plan Rows":342176,"Plan Width":41,"Actual Startup Time":2095.512,"Actual Total Time":28428.125,"Actual Rows":267496,"Actual Loops":1,"Output":["supplier.su_name","stock.s_w_id","l1.ol_o_id","l1.ol_w_id","l1.ol_d_id","l1.ol_delivery_d"],"Inner Unique":true,"Hash Cond":"(supplier.su_nationkey = nation.n_nationkey)","Shared Hit Blocks":27339,"Shared Read Blocks":0,"Shared Dirtied Blocks":0,"Shared Written Blocks":0,"Local Hit Blocks":0,"Local Read Blocks":0,"Local Dirtied Blocks":0,"Local Written Blocks":0,"Temp Read Blocks":154737,"Temp Written Blocks":154737,"I/O Read Time":0.0,"I/O Write Time":0.0,"Temp I/O Read Time":264.884,"Temp I/O Write Time":727.393,"Plans":[{"Node Type":"Hash Join","Parent Relationship":"Outer","Parallel Aware":false,"Async Capable":false,"Join Type":"Inner","Startup Cost":449141.32,"Total Cost":1606122.07,"Plan Rows":21214932,"Plan Width":45,"Actual Startup Time":2089.376,"Actual Total Time":26942.127,"Actual Rows":20982320,"Actual Loops":1,"Output":["supplier.su_name","supplier.su_nationkey","stock.s_w_id","l1.ol_o_id","l1.ol_w_id","l1.ol_d_id","l1.ol_delivery_d"],"Inner Unique":true,"Hash Cond":"(mod((stock.s_w_id * stock.s_i_id), 10000) = supplier.su_suppkey)","Shared Hit Blocks":27338,"Shared Read Blocks":0,"Shared Dirtied Blocks":0,"Shared Written Blocks":0,"Local Hit Blocks":0,"Local Read Blocks":0,"Local Dirtied Blocks":0,"Local Written Blocks":0,"Temp Read Blocks":154737,"Temp Written Blocks":154737,"I/O Read Time":0.0,"I/O Write Time":0.0,"Temp I/O Read Time":264.884,"Temp I/O Write Time":727.393,"Plans":[{"Node Type":"Hash Join","Parent Relationship":"Outer","Parallel Aware":false,"Async Capable":false,"Join Type":"Inner","Startup Cost":448777.29,"Total Cost":1544736.75,"Plan Rows":21214932,"Plan Width":26,"Actual Startup Time":2085.778,"Actual Total Time":22147.261,"Actual Rows":20982320,"Actual Loops":1,"Output":["l1.ol_o_id","l1.ol_w_id","l1.ol_d_id","l1.ol_delivery_d","stock.s_w_id","stock.s_i_id"],"Inner Unique":true,"Hash Cond":"((l1.ol_w_id = stock.s_w_id) AND (l1.ol_i_id = stock.s_i_id))","Shared Hit Blocks":27338,"Shared Read Blocks":0,"Shared Dirtied Blocks":0,"Shared Written Blocks":0,"Local Hit Blocks":0,"Local Read Blocks":0,"Local Dirtied Blocks":0,"Local Written Blocks":0,"Temp Read Blocks":154737,"Temp Written Blocks":154737,"I/O Read Time":0.0,"I/O Write Time":0.0,"Temp I/O Read Time":264.884,"Temp I/O Write Time":727.393,"Plans":[{"Node Type":"Append","Parent Relationship":"Outer","Parallel Aware":false,"Async Capable":false,"Startup Cost":20.0,"Total Cost":701820.0,"Plan Rows":20926367,"Plan Width":24,"Actual Startup Time":1.225,"Actual Total Time":3938.806,"Actual Rows":20982320,"Actual Loops":1,"Shared Hit Blocks":0,"Shared Read Blocks":0,"Shared Dirtied Blocks":0,"Shared Written Blocks":0,"Local Hit Blocks":0,"Local Read Blocks":0,"Local Dirtied Blocks":0,"Local Written Blocks":0,"Temp Read Blocks":0,"Temp Written Blocks":0,"I/O Read Time":0.0,"I/O Write Time":0.0,"Temp I/O Read Time":0.0,"Temp I/O Write Time":0.0,"Subplans Removed":0,"Plans":[{"Node Type":"Custom Scan","Parent Relationship":"Member","Custom Plan Provider":"columnar scan","Parallel Aware":false,"Async Capable":false,"Relation Name":"order_line","Schema":"public","Alias":"l1","Startup Cost":20.0,"Total Cost":533641.75,"Plan Rows":20926325,"Plan Width":24,"Actual Startup Time":1.224,"Actual Total Time":2494.601,"Actual Rows":20982320,"Actual Loops":1,"Output":["l1.ol_o_id","l1.ol_w_id","l1.ol_d_id","l1.ol_i_id","l1.ol_delivery_d"],"Filter":"(l1.ol_delivery_d >= '1992-01-02 20:10:02.27764'::timestamp without time zone)","Rows Removed by Filter":0,"Rows Removed by Columnar Filter":9015412,"Rows Filtered by Bloom Filter":0,"Dictionary Rows Filtered by Bloom Filter":19831,"Columnar projection mode":"late materialization","Columnar cache search mode":"native","Shared Hit Blocks":0,"Shared Read Blocks":0,"Shared Dirtied Blocks":0,"Shared Written Blocks":0,"Local Hit Blocks":0,"Local Read Blocks":0,"Local Dirtied Blocks":0,"Local Written Blocks":0,"Temp Read Blocks":0,"Temp Written Blocks":0,"I/O Read Time":0.0,"I/O Write Time":0.0,"Temp I/O Read Time":0.0,"Temp I/O Write Time":0.0},{"Node Type":"Seq Scan","Parent Relationship":"Member","Parallel Aware":false,"Async Capable":false,"Relation Name":"order_line","Schema":"public","Alias":"l1","Startup Cost":0.0,"Total Cost":4.75,"Plan Rows":42,"Plan Width":24,"Actual Startup Time":0.0,"Actual Total Time":0.0,"Actual Rows":0,"Actual Loops":0,"Output":["l1.ol_o_id","l1.ol_w_id","l1.ol_d_id","l1.ol_i_id","l1.ol_delivery_d"],"Filter":"(l1.ol_delivery_d >= '1992-01-02 20:10:02.27764'::timestamp without time zone)","Rows Removed by Filter":0,"Shared Hit Blocks":0,"Shared Read Blocks":0,"Shared Dirtied Blocks":0,"Shared Written Blocks":0,"Local Hit Blocks":0,"Local Read Blocks":0,"Local Dirtied Blocks":0,"Local Written Blocks":0,"Temp Read Blocks":0,"Temp Written Blocks":0,"I/O Read Time":0.0,"I/O Write Time":0.0,"Temp I/O Read Time":0.0,"Temp I/O Write Time":0.0}]},{"Node Type":"Hash","Parent Relationship":"Inner","Parallel Aware":false,"Async Capable":false,"Startup Cost":259690.86,"Total Cost":259690.86,"Plan Rows":10000162,"Plan Width":6,"Actual Startup Time":2083.26,"Actual Total Time":2083.261,"Actual Rows":10000000,"Actual Loops":1,"Output":["stock.s_w_id","stock.s_i_id"],"Hash Buckets":262144,"Original Hash Buckets":262144,"Hash Batches":64,"Original Hash Batches":64,"Peak Memory Usage":8133,"Shared Hit Blocks":27338,"Shared Read Blocks":0,"Shared Dirtied Blocks":0,"Shared Written Blocks":0,"Local Hit Blocks":0,"Local Read Blocks":0,"Local Dirtied Blocks":0,"Local Written Blocks":0,"Temp Read Blocks":0,"Temp Written Blocks":33616,"I/O Read Time":0.0,"I/O Write Time":0.0,"Temp I/O Read Time":0.0,"Temp I/O Write Time":152.992,"Plans":[{"Node Type":"Index Only Scan","Parent Relationship":"Outer","Parallel Aware":false,"Async Capable":false,"Scan Direction":"Forward","Index Name":"stock_pk","Relation Name":"stock","Schema":"public","Alias":"stock","Startup Cost":0.43,"Total Cost":259690.86,"Plan Rows":10000162,"Plan Width":6,"Actual Startup Time":0.025,"Actual Total Time":720.117,"Actual Rows":10000000,"Actual Loops":1,"Output":["stock.s_w_id","stock.s_i_id"],"Heap Fetches":0,"Shared Hit Blocks":27338,"Shared Read Blocks":0,"Shared Dirtied Blocks":0,"Shared Written Blocks":0,"Local Hit Blocks":0,"Local Read Blocks":0,"Local Dirtied Blocks":0,"Local Written Blocks":0,"Temp Read Blocks":0,"Temp Written Blocks":0,"I/O Read Time":0.0,"I/O Write Time":0.0,"Temp I/O Read Time":0.0,"Temp I/O Write Time":0.0}]}]},{"Node Type":"Hash","Parent Relationship":"Inner","Parallel Aware":false,"Async Capable":false,"Startup Cost":239.01,"Total Cost":239.01,"Plan Rows":10001,"Plan Width":27,"Actual Startup Time":3.549,"Actual Total Time":3.554,"Actual Rows":10000,"Actual Loops":1,"Output":["supplier.su_name","supplier.su_suppkey","supplier.su_nationkey"],"Hash Buckets":16384,"Original Hash Buckets":16384,"Hash Batches":1,"Original Hash Batches":1,"Peak Memory Usage":714,"Shared Hit Blocks":0,"Shared Read Blocks":0,"Shared Dirtied Blocks":0,"Shared Written Blocks":0,"Local Hit Blocks":0,"Local Read Blocks":0,"Local Dirtied Blocks":0,"Local Written Blocks":0,"Temp Read Blocks":0,"Temp Written Blocks":0,"I/O Read Time":0.0,"I/O Write Time":0.0,"Temp I/O Read Time":0.0,"Temp I/O Write Time":0.0,"Plans":[{"Node Type":"Append","Parent Relationship":"Outer","Parallel Aware":false,"Async Capable":false,"Startup Cost":20.0,"Total Cost":239.01,"Plan Rows":10001,"Plan Width":27,"Actual Startup Time":0.027,"Actual Total Time":2.109,"Actual Rows":10000,"Actual Loops":1,"Shared Hit Blocks":0,"Shared Read Blocks":0,"Shared Dirtied Blocks":0,"Shared Written Blocks":0,"Local Hit Blocks":0,"Local Read Blocks":0,"Local Dirtied Blocks":0,"Local Written Blocks":0,"Temp Read Blocks":0,"Temp Written Blocks":0,"I/O Read Time":0.0,"I/O Write Time":0.0,"Temp I/O Read Time":0.0,"Temp I/O Write Time":0.0,"Subplans Removed":0,"Plans":[{"Node Type":"Custom Scan","Parent Relationship":"Member","Custom Plan Provider":"columnar scan","Parallel Aware":false,"Async Capable":false,"Relation Name":"supplier","Schema":"public","Alias":"supplier","Startup Cost":20.0,"Total Cost":235.0,"Plan Rows":10000,"Plan Width":27,"Actual Startup Time":0.026,"Actual Total Time":1.38,"Actual Rows":10000,"Actual Loops":1,"Output":["supplier.su_name","supplier.su_suppkey","supplier.su_nationkey"],"Rows Removed by Columnar Filter":0,"Columnar cache search mode":"native","Shared Hit Blocks":0,"Shared Read Blocks":0,"Shared Dirtied Blocks":0,"Shared Written Blocks":0,"Local Hit Blocks":0,"Local Read Blocks":0,"Local Dirtied Blocks":0,"Local Written Blocks":0,"Temp Read Blocks":0,"Temp Written Blocks":0,"I/O Read Time":0.0,"I/O Write Time":0.0,"Temp I/O Read Time":0.0,"Temp I/O Write Time":0.0},{"Node Type":"Seq Scan","Parent Relationship":"Member","Parallel Aware":false,"Async Capable":false,"Relation Name":"supplier","Schema":"public","Alias":"supplier","Startup Cost":0.0,"Total Cost":4.01,"Plan Rows":1,"Plan Width":27,"Actual Startup Time":0.0,"Actual Total Time":0.0,"Actual Rows":0,"Actual Loops":0,"Output":["supplier.su_name","supplier.su_suppkey","supplier.su_nationkey"],"Shared Hit Blocks":0,"Shared Read Blocks":0,"Shared Dirtied Blocks":0,"Shared Written Blocks":0,"Local Hit Blocks":0,"Local Read Blocks":0,"Local Dirtied Blocks":0,"Local Written Blocks":0,"Temp Read Blocks":0,"Temp Written Blocks":0,"I/O Read Time":0.0,"I/O Write Time":0.0,"Temp I/O Read Time":0.0,"Temp I/O Write Time":0.0}]}]}]},{"Node Type":"Hash","Parent Relationship":"Inner","Parallel Aware":false,"Async Capable":false,"Startup Cost":1.77,"Total Cost":1.77,"Plan Rows":1,"Plan Width":4,"Actual Startup Time":0.022,"Actual Total Time":0.022,"Actual Rows":1,"Actual Loops":1,"Output":["nation.n_nationkey"],"Hash Buckets":1024,"Original Hash Buckets":1024,"Hash Batches":1,"Original Hash Batches":1,"Peak Memory Usage":9,"Shared Hit Blocks":1,"Shared Read Blocks":0,"Shared Dirtied Blocks":0,"Shared Written Blocks":0,"Local Hit Blocks":0,"Local Read Blocks":0,"Local Dirtied Blocks":0,"Local Written Blocks":0,"Temp Read Blocks":0,"Temp Written Blocks":0,"I/O Read Time":0.0,"I/O Write Time":0.0,"Temp I/O Read Time":0.0,"Temp I/O Write Time":0.0,"Plans":[{"Node Type":"Seq Scan","Parent Relationship":"Outer","Parallel Aware":false,"Async Capable":false,"Relation Name":"nation","Schema":"public","Alias":"nation","Startup Cost":0.0,"Total Cost":1.77,"Plan Rows":1,"Plan Width":4,"Actual Startup Time":0.015,"Actual Total Time":0.019,"Actual Rows":1,"Actual Loops":1,"Output":["nation.n_nationkey"],"Filter":"((nation.n_name)::text = 'Cambodia'::text)","Rows Removed by Filter":61,"Shared Hit Blocks":1,"Shared Read Blocks":0,"Shared Dirtied Blocks":0,"Shared Written Blocks":0,"Local Hit Blocks":0,"Local Read Blocks":0,"Local Dirtied Blocks":0,"Local Written Blocks":0,"Temp Read Blocks":0,"Temp Written Blocks":0,"I/O Read Time":0.0,"I/O Write Time":0.0,"Temp I/O Read Time":0.0,"Temp I/O Write Time":0.0}]}]},{"Node Type":"Hash","Parent Relationship":"Inner","Parallel Aware":false,"Async Capable":false,"Startup Cost":59559.0,"Total Cost":59559.0,"Plan Rows":2998176,"Plan Width":20,"Actual Startup Time":1080.697,"Actual Total Time":1080.699,"Actual Rows":2997892,"Actual Loops":1,"Output":["orders.o_id","orders.o_w_id","orders.o_d_id","orders.o_entry_d"],"Hash Buckets":131072,"Original Hash Buckets":131072,"Hash Batches":32,"Original Hash Batches":32,"Peak Memory Usage":6158,"Shared Hit Blocks":22059,"Shared Read Blocks":0,"Shared Dirtied Blocks":0,"Shared Written Blocks":0,"Local Hit Blocks":0,"Local Read Blocks":0,"Local Dirtied Blocks":0,"Local Written Blocks":0,"Temp Read Blocks":0,"Temp Written Blocks":15583,"I/O Read Time":0.0,"I/O Write Time":0.0,"Temp I/O Read Time":0.0,"Temp I/O Write Time":70.517,"Plans":[{"Node Type":"Seq Scan","Parent Relationship":"Outer","Parallel Aware":false,"Async Capable":false,"Relation Name":"orders","Schema":"public","Alias":"orders","Startup Cost":0.0,"Total Cost":59559.0,"Plan Rows":2998176,"Plan Width":20,"Actual Startup Time":0.013,"Actual Total Time":380.129,"Actual Rows":2997892,"Actual Loops":1,"Output":["orders.o_id","orders.o_w_id","orders.o_d_id","orders.o_entry_d"],"Filter":"(orders.o_entry_d >= '1992-01-02 20:10:02.27764'::timestamp without time zone)","Rows Removed by Filter":2108,"Shared Hit Blocks":22059,"Shared Read Blocks":0,"Shared Dirtied Blocks":0,"Shared Written Blocks":0,"Local Hit Blocks":0,"Local Read Blocks":0,"Local Dirtied Blocks":0,"Local Written Blocks":0,"Temp Read Blocks":0,"Temp Written Blocks":0,"I/O Read Time":0.0,"I/O Write Time":0.0,"Temp I/O Read Time":0.0,"Temp I/O Write Time":0.0}]}]},{"Node Type":"Index Scan","Parent Relationship":"Inner","Parallel Aware":false,"Async Capable":false,"Scan Direction":"Forward","Index Name":"order_line_pk","Relation Name":"order_line","Schema":"public","Alias":"l2","Startup Cost":0.56,"Total Cost":26.51,"Plan Rows":2,"Plan Width":20,"Actual Startup Time":0.007,"Actual Total Time":0.007,"Actual Rows":0,"Actual Loops":267482,"Output":["l2.ol_o_id","l2.ol_d_id","l2.ol_w_id","l2.ol_number","l2.ol_i_id","l2.ol_supply_w_id","l2.ol_delivery_d","l2.ol_quantity","l2.ol_amount","l2.ol_dist_info"],"Index Cond":"((l2.ol_w_id = l1.ol_w_id) AND (l2.ol_d_id = l1.ol_d_id) AND (l2.ol_o_id = l1.ol_o_id))","Rows Removed by Index Recheck":0,"Filter":"((l2.ol_delivery_d >= '1992-01-02 20:10:02.27764'::timestamp without time zone) AND (l2.ol_delivery_d > l1.ol_delivery_d))","Rows Removed by Filter":11,"Shared Hit Blocks":1383917,"Shared Read Blocks":0,"Shared Dirtied Blocks":0,"Shared Written Blocks":0,"Local Hit Blocks":0,"Local Read Blocks":0,"Local Dirtied Blocks":0,"Local Written Blocks":0,"Temp Read Blocks":0,"Temp Written Blocks":0,"I/O Read Time":0.0,"I/O Write Time":0.0,"Temp I/O Read Time":0.0,"Temp I/O Write Time":0.0}]}]}]}]},"Planning":{"Shared Hit Blocks":4,"Shared Read Blocks":0,"Shared Dirtied Blocks":0,"Shared Written Blocks":0,"Local Hit Blocks":0,"Local Read Blocks":0,"Local Dirtied Blocks":0,"Local Written Blocks":0,"Temp Read Blocks":0,"Temp Written Blocks":0,"I/O Read Time":0.0,"I/O Write Time":0.0,"Temp I/O Read Time":0.0,"Temp I/O Write Time":0.0},"Planning Time":1.704,"Triggers":[],"Execution Time":32073.662}]
[列存组合]: nation, orders, stock
[{"Plan":{"Node Type":"Sort","Parallel Aware":false,"Async Capable":false,"Startup Cost":4119195.73,"Total Cost":4119220.73,"Plan Rows":10000,"Plan Width":27,"Actual Startup Time":23652.31,"Actual Total Time":23652.329,"Actual Rows":156,"Actual Loops":1,"Output":["supplier.su_name","(count(*))"],"Sort Key":["(count(*)) DESC","supplier.su_name"],"Sort Method":"quicksort","Sort Space Used":35,"Sort Space Type":"Memory","Shared Hit Blocks":1774416,"Shared Read Blocks":0,"Shared Dirtied Blocks":0,"Shared Written Blocks":0,"Local Hit Blocks":0,"Local Read Blocks":0,"Local Dirtied Blocks":0,"Local Written Blocks":0,"Temp Read Blocks":163494,"Temp Written Blocks":163499,"I/O Read Time":0.0,"I/O Write Time":0.0,"Temp I/O Read Time":278.37,"Temp I/O Write Time":766.688,"Plans":[{"Node Type":"Aggregate","Strategy":"Sorted","Partial Mode":"Simple","Parent Relationship":"Outer","Parallel Aware":false,"Async Capable":false,"Startup Cost":4117861.4,"Total Cost":4118531.35,"Plan Rows":10000,"Plan Width":27,"Actual Startup Time":23601.341,"Actual Total Time":23652.271,"Actual Rows":156,"Actual Loops":1,"Output":["supplier.su_name","count(*)"],"Group Key":["supplier.su_name"],"Shared Hit Blocks":1774416,"Shared Read Blocks":0,"Shared Dirtied Blocks":0,"Shared Written Blocks":0,"Local Hit Blocks":0,"Local Read Blocks":0,"Local Dirtied Blocks":0,"Local Written Blocks":0,"Temp Read Blocks":163494,"Temp Written Blocks":163499,"I/O Read Time":0.0,"I/O Write Time":0.0,"Temp I/O Read Time":278.37,"Temp I/O Write Time":766.688,"Plans":[{"Node Type":"Sort","Parent Relationship":"Outer","Parallel Aware":false,"Async Capable":false,"Startup Cost":4117861.4,"Total Cost":4118051.38,"Plan Rows":75993,"Plan Width":19,"Actual Startup Time":23601.162,"Actual Total Time":23627.903,"Actual Rows":267482,"Actual Loops":1,"Output":["supplier.su_name"],"Sort Key":["supplier.su_name"],"Sort Method":"external merge","Sort Space Used":7624,"Sort Space Type":"Disk","Shared Hit Blocks":1774416,"Shared Read Blocks":0,"Shared Dirtied Blocks":0,"Shared Written Blocks":0,"Local Hit Blocks":0,"Local Read Blocks":0,"Local Dirtied Blocks":0,"Local Written Blocks":0,"Temp Read Blocks":163494,"Temp Written Blocks":163499,"I/O Read Time":0.0,"I/O Write Time":0.0,"Temp I/O Read Time":278.37,"Temp I/O Write Time":766.688,"Plans":[{"Node Type":"Nested Loop","Parent Relationship":"Outer","Parallel Aware":false,"Async Capable":false,"Join Type":"Anti","Startup Cost":578796.72,"Total Cost":4111700.81,"Plan Rows":75993,"Plan Width":19,"Actual Startup Time":2978.102,"Actual Total Time":23452.856,"Actual Rows":267482,"Actual Loops":1,"Output":["supplier.su_name"],"Inner Unique":false,"Shared Hit Blocks":1774416,"Shared Read Blocks":0,"Shared Dirtied Blocks":0,"Shared Written Blocks":0,"Local Hit Blocks":0,"Local Read Blocks":0,"Local Dirtied Blocks":0,"Local Written Blocks":0,"Temp Read Blocks":162541,"Temp Written Blocks":162541,"I/O Read Time":0.0,"I/O Write Time":0.0,"Temp I/O Read Time":276.856,"Temp I/O Write Time":762.933,"Plans":[{"Node Type":"Hash Join","Parent Relationship":"Outer","Parallel Aware":false,"Async Capable":false,"Join Type":"Inner","Startup Cost":578796.16,"Total Cost":1835607.85,"Plan Rows":113989,"Plan Width":39,"Actual Startup Time":2978.068,"Actual Total Time":21528.207,"Actual Rows":267482,"Actual Loops":1,"Output":["supplier.su_name","l1.ol_o_id","l1.ol_w_id","l1.ol_d_id","l1.ol_delivery_d"],"Inner Unique":true,"Hash Cond":"((l1.ol_o_id = orders.o_id) AND (l1.ol_w_id = orders.o_w_id) AND (l1.ol_d_id = orders.o_d_id))","Join Filter":"(l1.ol_delivery_d > orders.o_entry_d)","Rows Removed by Join Filter":0,"Shared Hit Blocks":390499,"Shared Read Blocks":0,"Shared Dirtied Blocks":0,"Shared Written Blocks":0,"Local Hit Blocks":0,"Local Read Blocks":0,"Local Dirtied Blocks":0,"Local Written Blocks":0,"Temp Read Blocks":162541,"Temp Written Blocks":162541,"I/O Read Time":0.0,"I/O Write Time":0.0,"Temp I/O Read Time":276.856,"Temp I/O Write Time":762.933,"Plans":[{"Node Type":"Hash Join","Parent Relationship":"Outer","Parallel Aware":false,"Async Capable":false,"Join Type":"Inner","Startup Cost":449201.08,"Total Cost":1679734.14,"Plan Rows":342176,"Plan Width":41,"Actual Startup Time":2085.246,"Actual Total Time":20258.304,"Actual Rows":267756,"Actual Loops":1,"Output":["supplier.su_name","stock.s_w_id","l1.ol_o_id","l1.ol_w_id","l1.ol_d_id","l1.ol_delivery_d"],"Inner Unique":true,"Hash Cond":"(supplier.su_nationkey = nation.n_nationkey)","Shared Hit Blocks":368440,"Shared Read Blocks":0,"Shared Dirtied Blocks":0,"Shared Written Blocks":0,"Local Hit Blocks":0,"Local Read Blocks":0,"Local Dirtied Blocks":0,"Local Written Blocks":0,"Temp Read Blocks":144757,"Temp Written Blocks":144757,"I/O Read Time":0.0,"I/O Write Time":0.0,"Temp I/O Read Time":245.491,"Temp I/O Write Time":677.536,"Plans":[{"Node Type":"Hash Join","Parent Relationship":"Outer","Parallel Aware":false,"Async Capable":false,"Join Type":"Inner","Startup Cost":449199.29,"Total Cost":1620236.44,"Plan Rows":21214932,"Plan Width":45,"Actual Startup Time":2085.114,"Actual Total Time":18857.036,"Actual Rows":21002151,"Actual Loops":1,"Output":["supplier.su_name","supplier.su_nationkey","stock.s_w_id","l1.ol_o_id","l1.ol_w_id","l1.ol_d_id","l1.ol_delivery_d"],"Inner Unique":true,"Hash Cond":"(mod((stock.s_w_id * stock.s_i_id), 10000) = supplier.su_suppkey)","Shared Hit Blocks":368439,"Shared Read Blocks":0,"Shared Dirtied Blocks":0,"Shared Written Blocks":0,"Local Hit Blocks":0,"Local Read Blocks":0,"Local Dirtied Blocks":0,"Local Written Blocks":0,"Temp Read Blocks":144757,"Temp Written Blocks":144757,"I/O Read Time":0.0,"I/O Write Time":0.0,"Temp I/O Read Time":245.491,"Temp I/O Write Time":677.536,"Plans":[{"Node Type":"Hash Join","Parent Relationship":"Outer","Parallel Aware":false,"Async Capable":false,"Join Type":"Inner","Startup Cost":448757.29,"Total Cost":1558773.15,"Plan Rows":21214932,"Plan Width":26,"Actual Startup Time":2082.383,"Actual Total Time":14365.587,"Actual Rows":21002151,"Actual Loops":1,"Output":["l1.ol_o_id","l1.ol_w_id","l1.ol_d_id","l1.ol_delivery_d","stock.s_w_id","stock.s_i_id"],"Inner Unique":true,"Hash Cond":"((l1.ol_w_id = stock.s_w_id) AND (l1.ol_i_id = stock.s_i_id))","Shared Hit Blocks":368222,"Shared Read Blocks":0,"Shared Dirtied Blocks":0,"Shared Written Blocks":0,"Local Hit Blocks":0,"Local Read Blocks":0,"Local Dirtied Blocks":0,"Local Written Blocks":0,"Temp Read Blocks":144757,"Temp Written Blocks":144757,"I/O Read Time":0.0,"I/O Write Time":0.0,"Temp I/O Read Time":245.491,"Temp I/O Write Time":677.536,"Plans":[{"Node Type":"Seq Scan","Parent Relationship":"Outer","Parallel Aware":false,"Async Capable":false,"Relation Name":"order_line","Schema":"public","Alias":"l1","Startup Cost":0.0,"Total Cost":715856.4,"Plan Rows":20926367,"Plan Width":24,"Actual Startup Time":0.009,"Actual Total Time":3400.02,"Actual Rows":21002151,"Actual Loops":1,"Output":["l1.ol_o_id","l1.ol_w_id","l1.ol_d_id","l1.ol_i_id","l1.ol_delivery_d"],"Filter":"(l1.ol_delivery_d >= '1992-01-02 20:10:02.27764'::timestamp without time zone)","Rows Removed by Filter":8995581,"Shared Hit Blocks":340884,"Shared Read Blocks":0,"Shared Dirtied Blocks":0,"Shared Written Blocks":0,"Local Hit Blocks":0,"Local Read Blocks":0,"Local Dirtied Blocks":0,"Local Written Blocks":0,"Temp Read Blocks":0,"Temp Written Blocks":0,"I/O Read Time":0.0,"I/O Write Time":0.0,"Temp I/O Read Time":0.0,"Temp I/O Write Time":0.0},{"Node Type":"Hash","Parent Relationship":"Inner","Parallel Aware":false,"Async Capable":false,"Startup Cost":259690.86,"Total Cost":259690.86,"Plan Rows":10000162,"Plan Width":6,"Actual Startup Time":2080.837,"Actual Total Time":2080.838,"Actual Rows":10000000,"Actual Loops":1,"Output":["stock.s_w_id","stock.s_i_id"],"Hash Buckets":262144,"Original Hash Buckets":262144,"Hash Batches":64,"Original Hash Batches":64,"Peak Memory Usage":8133,"Shared Hit Blocks":27338,"Shared Read Blocks":0,"Shared Dirtied Blocks":0,"Shared Written Blocks":0,"Local Hit Blocks":0,"Local Read Blocks":0,"Local Dirtied Blocks":0,"Local Written Blocks":0,"Temp Read Blocks":0,"Temp Written Blocks":33616,"I/O Read Time":0.0,"I/O Write Time":0.0,"Temp I/O Read Time":0.0,"Temp I/O Write Time":155.618,"Plans":[{"Node Type":"Index Only Scan","Parent Relationship":"Outer","Parallel Aware":false,"Async Capable":false,"Scan Direction":"Forward","Index Name":"stock_pk","Relation Name":"stock","Schema":"public","Alias":"stock","Startup Cost":0.43,"Total Cost":259690.86,"Plan Rows":10000162,"Plan Width":6,"Actual Startup Time":0.027,"Actual Total Time":719.39,"Actual Rows":10000000,"Actual Loops":1,"Output":["stock.s_w_id","stock.s_i_id"],"Heap Fetches":0,"Shared Hit Blocks":27338,"Shared Read Blocks":0,"Shared Dirtied Blocks":0,"Shared Written Blocks":0,"Local Hit Blocks":0,"Local Read Blocks":0,"Local Dirtied Blocks":0,"Local Written Blocks":0,"Temp Read Blocks":0,"Temp Written Blocks":0,"I/O Read Time":0.0,"I/O Write Time":0.0,"Temp I/O Read Time":0.0,"Temp I/O Write Time":0.0}]}]},{"Node Type":"Hash","Parent Relationship":"Inner","Parallel Aware":false,"Async Capable":false,"Startup Cost":317.0,"Total Cost":317.0,"Plan Rows":10000,"Plan Width":27,"Actual Startup Time":2.683,"Actual Total Time":2.684,"Actual Rows":10000,"Actual Loops":1,"Output":["supplier.su_name","supplier.su_suppkey","supplier.su_nationkey"],"Hash Buckets":16384,"Original Hash Buckets":16384,"Hash Batches":1,"Original Hash Batches":1,"Peak Memory Usage":714,"Shared Hit Blocks":217,"Shared Read Blocks":0,"Shared Dirtied Blocks":0,"Shared Written Blocks":0,"Local Hit Blocks":0,"Local Read Blocks":0,"Local Dirtied Blocks":0,"Local Written Blocks":0,"Temp Read Blocks":0,"Temp Written Blocks":0,"I/O Read Time":0.0,"I/O Write Time":0.0,"Temp I/O Read Time":0.0,"Temp I/O Write Time":0.0,"Plans":[{"Node Type":"Seq Scan","Parent Relationship":"Outer","Parallel Aware":false,"Async Capable":false,"Relation Name":"supplier","Schema":"public","Alias":"supplier","Startup Cost":0.0,"Total Cost":317.0,"Plan Rows":10000,"Plan Width":27,"Actual Startup Time":0.006,"Actual Total Time":1.241,"Actual Rows":10000,"Actual Loops":1,"Output":["supplier.su_name","supplier.su_suppkey","supplier.su_nationkey"],"Shared Hit Blocks":217,"Shared Read Blocks":0,"Shared Dirtied Blocks":0,"Shared Written Blocks":0,"Local Hit Blocks":0,"Local Read Blocks":0,"Local Dirtied Blocks":0,"Local Written Blocks":0,"Temp Read Blocks":0,"Temp Written Blocks":0,"I/O Read Time":0.0,"I/O Write Time":0.0,"Temp I/O Read Time":0.0,"Temp I/O Write Time":0.0}]}]},{"Node Type":"Hash","Parent Relationship":"Inner","Parallel Aware":false,"Async Capable":false,"Startup Cost":1.77,"Total Cost":1.77,"Plan Rows":1,"Plan Width":4,"Actual Startup Time":0.019,"Actual Total Time":0.021,"Actual Rows":1,"Actual Loops":1,"Output":["nation.n_nationkey"],"Hash Buckets":1024,"Original Hash Buckets":1024,"Hash Batches":1,"Original Hash Batches":1,"Peak Memory Usage":9,"Shared Hit Blocks":1,"Shared Read Blocks":0,"Shared Dirtied Blocks":0,"Shared Written Blocks":0,"Local Hit Blocks":0,"Local Read Blocks":0,"Local Dirtied Blocks":0,"Local Written Blocks":0,"Temp Read Blocks":0,"Temp Written Blocks":0,"I/O Read Time":0.0,"I/O Write Time":0.0,"Temp I/O Read Time":0.0,"Temp I/O Write Time":0.0,"Plans":[{"Node Type":"Seq Scan","Parent Relationship":"Outer","Parallel Aware":false,"Async Capable":false,"Relation Name":"nation","Schema":"public","Alias":"nation","Startup Cost":0.0,"Total Cost":1.77,"Plan Rows":1,"Plan Width":4,"Actual Startup Time":0.013,"Actual Total Time":0.017,"Actual Rows":1,"Actual Loops":1,"Output":["nation.n_nationkey"],"Filter":"((nation.n_name)::text = 'Cambodia'::text)","Rows Removed by Filter":61,"Shared Hit Blocks":1,"Shared Read Blocks":0,"Shared Dirtied Blocks":0,"Shared Written Blocks":0,"Local Hit Blocks":0,"Local Read Blocks":0,"Local Dirtied Blocks":0,"Local Written Blocks":0,"Temp Read Blocks":0,"Temp Written Blocks":0,"I/O Read Time":0.0,"I/O Write Time":0.0,"Temp I/O Read Time":0.0,"Temp I/O Write Time":0.0}]}]},{"Node Type":"Hash","Parent Relationship":"Inner","Parallel Aware":false,"Async Capable":false,"Startup Cost":59559.0,"Total Cost":59559.0,"Plan Rows":2998176,"Plan Width":20,"Actual Startup Time":874.223,"Actual Total Time":874.224,"Actual Rows":2997892,"Actual Loops":1,"Output":["orders.o_id","orders.o_w_id","orders.o_d_id","orders.o_entry_d"],"Hash Buckets":131072,"Original Hash Buckets":131072,"Hash Batches":32,"Original Hash Batches":32,"Peak Memory Usage":6158,"Shared Hit Blocks":22059,"Shared Read Blocks":0,"Shared Dirtied Blocks":0,"Shared Written Blocks":0,"Local Hit Blocks":0,"Local Read Blocks":0,"Local Dirtied Blocks":0,"Local Written Blocks":0,"Temp Read Blocks":0,"Temp Written Blocks":15583,"I/O Read Time":0.0,"I/O Write Time":0.0,"Temp I/O Read Time":0.0,"Temp I/O Write Time":70.041,"Plans":[{"Node Type":"Seq Scan","Parent Relationship":"Outer","Parallel Aware":false,"Async Capable":false,"Relation Name":"orders","Schema":"public","Alias":"orders","Startup Cost":0.0,"Total Cost":59559.0,"Plan Rows":2998176,"Plan Width":20,"Actual Startup Time":0.014,"Actual Total Time":357.107,"Actual Rows":2997892,"Actual Loops":1,"Output":["orders.o_id","orders.o_w_id","orders.o_d_id","orders.o_entry_d"],"Filter":"(orders.o_entry_d >= '1992-01-02 20:10:02.27764'::timestamp without time zone)","Rows Removed by Filter":2108,"Shared Hit Blocks":22059,"Shared Read Blocks":0,"Shared Dirtied Blocks":0,"Shared Written Blocks":0,"Local Hit Blocks":0,"Local Read Blocks":0,"Local Dirtied Blocks":0,"Local Written Blocks":0,"Temp Read Blocks":0,"Temp Written Blocks":0,"I/O Read Time":0.0,"I/O Write Time":0.0,"Temp I/O Read Time":0.0,"Temp I/O Write Time":0.0}]}]},{"Node Type":"Index Scan","Parent Relationship":"Inner","Parallel Aware":false,"Async Capable":false,"Scan Direction":"Forward","Index Name":"order_line_pk","Relation Name":"order_line","Schema":"public","Alias":"l2","Startup Cost":0.56,"Total Cost":26.51,"Plan Rows":2,"Plan Width":20,"Actual Startup Time":0.007,"Actual Total Time":0.007,"Actual Rows":0,"Actual Loops":267482,"Output":["l2.ol_o_id","l2.ol_d_id","l2.ol_w_id","l2.ol_number","l2.ol_i_id","l2.ol_supply_w_id","l2.ol_delivery_d","l2.ol_quantity","l2.ol_amount","l2.ol_dist_info"],"Index Cond":"((l2.ol_w_id = l1.ol_w_id) AND (l2.ol_d_id = l1.ol_d_id) AND (l2.ol_o_id = l1.ol_o_id))","Rows Removed by Index Recheck":0,"Filter":"((l2.ol_delivery_d >= '1992-01-02 20:10:02.27764'::timestamp without time zone) AND (l2.ol_delivery_d > l1.ol_delivery_d))","Rows Removed by Filter":11,"Shared Hit Blocks":1383917,"Shared Read Blocks":0,"Shared Dirtied Blocks":0,"Shared Written Blocks":0,"Local Hit Blocks":0,"Local Read Blocks":0,"Local Dirtied Blocks":0,"Local Written Blocks":0,"Temp Read Blocks":0,"Temp Written Blocks":0,"I/O Read Time":0.0,"I/O Write Time":0.0,"Temp I/O Read Time":0.0,"Temp I/O Write Time":0.0}]}]}]}]},"Planning":{"Shared Hit Blocks":4,"Shared Read Blocks":0,"Shared Dirtied Blocks":0,"Shared Written Blocks":0,"Local Hit Blocks":0,"Local Read Blocks":0,"Local Dirtied Blocks":0,"Local Written Blocks":0,"Temp Read Blocks":0,"Temp Written Blocks":0,"I/O Read Time":0.0,"I/O Write Time":0.0,"Temp I/O Read Time":0.0,"Temp I/O Write Time":0.0},"Planning Time":1.758,"Triggers":[],"Execution Time":23653.797}]
[列存组合]: nation, orders, supplier
[{"Plan":{"Node Type":"Sort","Parallel Aware":false,"Async Capable":false,"Startup Cost":4119117.76,"Total Cost":4119142.76,"Plan Rows":10000,"Plan Width":27,"Actual Startup Time":23732.727,"Actual Total Time":23732.748,"Actual Rows":156,"Actual Loops":1,"Output":["supplier.su_name","(count(*))"],"Sort Key":["(count(*)) DESC","supplier.su_name"],"Sort Method":"quicksort","Sort Space Used":35,"Sort Space Type":"Memory","Shared Hit Blocks":1774199,"Shared Read Blocks":0,"Shared Dirtied Blocks":0,"Shared Written Blocks":0,"Local Hit Blocks":0,"Local Read Blocks":0,"Local Dirtied Blocks":0,"Local Written Blocks":0,"Temp Read Blocks":163494,"Temp Written Blocks":163499,"I/O Read Time":0.0,"I/O Write Time":0.0,"Temp I/O Read Time":274.13,"Temp I/O Write Time":759.91,"Plans":[{"Node Type":"Aggregate","Strategy":"Sorted","Partial Mode":"Simple","Parent Relationship":"Outer","Parallel Aware":false,"Async Capable":false,"Startup Cost":4117783.42,"Total Cost":4118453.37,"Plan Rows":10000,"Plan Width":27,"Actual Startup Time":23681.609,"Actual Total Time":23732.693,"Actual Rows":156,"Actual Loops":1,"Output":["supplier.su_name","count(*)"],"Group Key":["supplier.su_name"],"Shared Hit Blocks":1774199,"Shared Read Blocks":0,"Shared Dirtied Blocks":0,"Shared Written Blocks":0,"Local Hit Blocks":0,"Local Read Blocks":0,"Local Dirtied Blocks":0,"Local Written Blocks":0,"Temp Read Blocks":163494,"Temp Written Blocks":163499,"I/O Read Time":0.0,"I/O Write Time":0.0,"Temp I/O Read Time":274.13,"Temp I/O Write Time":759.91,"Plans":[{"Node Type":"Sort","Parent Relationship":"Outer","Parallel Aware":false,"Async Capable":false,"Startup Cost":4117783.42,"Total Cost":4117973.41,"Plan Rows":75993,"Plan Width":19,"Actual Startup Time":23681.425,"Actual Total Time":23708.253,"Actual Rows":267482,"Actual Loops":1,"Output":["supplier.su_name"],"Sort Key":["supplier.su_name"],"Sort Method":"external merge","Sort Space Used":7624,"Sort Space Type":"Disk","Shared Hit Blocks":1774199,"Shared Read Blocks":0,"Shared Dirtied Blocks":0,"Shared Written Blocks":0,"Local Hit Blocks":0,"Local Read Blocks":0,"Local Dirtied Blocks":0,"Local Written Blocks":0,"Temp Read Blocks":163494,"Temp Written Blocks":163499,"I/O Read Time":0.0,"I/O Write Time":0.0,"Temp I/O Read Time":274.13,"Temp I/O Write Time":759.91,"Plans":[{"Node Type":"Nested Loop","Parent Relationship":"Outer","Parallel Aware":false,"Async Capable":false,"Join Type":"Anti","Startup Cost":578718.75,"Total Cost":4111622.83,"Plan Rows":75993,"Plan Width":19,"Actual Startup Time":2982.791,"Actual Total Time":23532.949,"Actual Rows":267482,"Actual Loops":1,"Output":["supplier.su_name"],"Inner Unique":false,"Shared Hit Blocks":1774199,"Shared Read Blocks":0,"Shared Dirtied Blocks":0,"Shared Written Blocks":0,"Local Hit Blocks":0,"Local Read Blocks":0,"Local Dirtied Blocks":0,"Local Written Blocks":0,"Temp Read Blocks":162541,"Temp Written Blocks":162541,"I/O Read Time":0.0,"I/O Write Time":0.0,"Temp I/O Read Time":272.623,"Temp I/O Write Time":756.094,"Plans":[{"Node Type":"Hash Join","Parent Relationship":"Outer","Parallel Aware":false,"Async Capable":false,"Join Type":"Inner","Startup Cost":578718.19,"Total Cost":1835529.88,"Plan Rows":113989,"Plan Width":39,"Actual Startup Time":2982.743,"Actual Total Time":21613.162,"Actual Rows":267482,"Actual Loops":1,"Output":["supplier.su_name","l1.ol_o_id","l1.ol_w_id","l1.ol_d_id","l1.ol_delivery_d"],"Inner Unique":true,"Hash Cond":"((l1.ol_o_id = orders.o_id) AND (l1.ol_w_id = orders.o_w_id) AND (l1.ol_d_id = orders.o_d_id))","Join Filter":"(l1.ol_delivery_d > orders.o_entry_d)","Rows Removed by Join Filter":0,"Shared Hit Blocks":390282,"Shared Read Blocks":0,"Shared Dirtied Blocks":0,"Shared Written Blocks":0,"Local Hit Blocks":0,"Local Read Blocks":0,"Local Dirtied Blocks":0,"Local Written Blocks":0,"Temp Read Blocks":162541,"Temp Written Blocks":162541,"I/O Read Time":0.0,"I/O Write Time":0.0,"Temp I/O Read Time":272.623,"Temp I/O Write Time":756.094,"Plans":[{"Node Type":"Hash Join","Parent Relationship":"Outer","Parallel Aware":false,"Async Capable":false,"Join Type":"Inner","Startup Cost":449123.11,"Total Cost":1679656.16,"Plan Rows":342176,"Plan Width":41,"Actual Startup Time":2096.921,"Actual Total Time":20349.757,"Actual Rows":267756,"Actual Loops":1,"Output":["supplier.su_name","stock.s_w_id","l1.ol_o_id","l1.ol_w_id","l1.ol_d_id","l1.ol_delivery_d"],"Inner Unique":true,"Hash Cond":"(supplier.su_nationkey = nation.n_nationkey)","Shared Hit Blocks":368223,"Shared Read Blocks":0,"Shared Dirtied Blocks":0,"Shared Written Blocks":0,"Local Hit Blocks":0,"Local Read Blocks":0,"Local Dirtied Blocks":0,"Local Written Blocks":0,"Temp Read Blocks":144757,"Temp Written Blocks":144757,"I/O Read Time":0.0,"I/O Write Time":0.0,"Temp I/O Read Time":241.293,"Temp I/O Write Time":673.439,"Plans":[{"Node Type":"Hash Join","Parent Relationship":"Outer","Parallel Aware":false,"Async Capable":false,"Join Type":"Inner","Startup Cost":449121.32,"Total Cost":1620158.47,"Plan Rows":21214932,"Plan Width":45,"Actual Startup Time":2096.782,"Actual Total Time":18916.025,"Actual Rows":21002151,"Actual Loops":1,"Output":["supplier.su_name","supplier.su_nationkey","stock.s_w_id","l1.ol_o_id","l1.ol_w_id","l1.ol_d_id","l1.ol_delivery_d"],"Inner Unique":true,"Hash Cond":"(mod((stock.s_w_id * stock.s_i_id), 10000) = supplier.su_suppkey)","Shared Hit Blocks":368222,"Shared Read Blocks":0,"Shared Dirtied Blocks":0,"Shared Written Blocks":0,"Local Hit Blocks":0,"Local Read Blocks":0,"Local Dirtied Blocks":0,"Local Written Blocks":0,"Temp Read Blocks":144757,"Temp Written Blocks":144757,"I/O Read Time":0.0,"I/O Write Time":0.0,"Temp I/O Read Time":241.293,"Temp I/O Write Time":673.439,"Plans":[{"Node Type":"Hash Join","Parent Relationship":"Outer","Parallel Aware":false,"Async Capable":false,"Join Type":"Inner","Startup Cost":448757.29,"Total Cost":1558773.15,"Plan Rows":21214932,"Plan Width":26,"Actual Startup Time":2093.407,"Actual Total Time":14341.881,"Actual Rows":21002151,"Actual Loops":1,"Output":["l1.ol_o_id","l1.ol_w_id","l1.ol_d_id","l1.ol_delivery_d","stock.s_w_id","stock.s_i_id"],"Inner Unique":true,"Hash Cond":"((l1.ol_w_id = stock.s_w_id) AND (l1.ol_i_id = stock.s_i_id))","Shared Hit Blocks":368222,"Shared Read Blocks":0,"Shared Dirtied Blocks":0,"Shared Written Blocks":0,"Local Hit Blocks":0,"Local Read Blocks":0,"Local Dirtied Blocks":0,"Local Written Blocks":0,"Temp Read Blocks":144757,"Temp Written Blocks":144757,"I/O Read Time":0.0,"I/O Write Time":0.0,"Temp I/O Read Time":241.293,"Temp I/O Write Time":673.439,"Plans":[{"Node Type":"Seq Scan","Parent Relationship":"Outer","Parallel Aware":false,"Async Capable":false,"Relation Name":"order_line","Schema":"public","Alias":"l1","Startup Cost":0.0,"Total Cost":715856.4,"Plan Rows":20926367,"Plan Width":24,"Actual Startup Time":0.009,"Actual Total Time":3373.63,"Actual Rows":21002151,"Actual Loops":1,"Output":["l1.ol_o_id","l1.ol_w_id","l1.ol_d_id","l1.ol_i_id","l1.ol_delivery_d"],"Filter":"(l1.ol_delivery_d >= '1992-01-02 20:10:02.27764'::timestamp without time zone)","Rows Removed by Filter":8995581,"Shared Hit Blocks":340884,"Shared Read Blocks":0,"Shared Dirtied Blocks":0,"Shared Written Blocks":0,"Local Hit Blocks":0,"Local Read Blocks":0,"Local Dirtied Blocks":0,"Local Written Blocks":0,"Temp Read Blocks":0,"Temp Written Blocks":0,"I/O Read Time":0.0,"I/O Write Time":0.0,"Temp I/O Read Time":0.0,"Temp I/O Write Time":0.0},{"Node Type":"Hash","Parent Relationship":"Inner","Parallel Aware":false,"Async Capable":false,"Startup Cost":259690.86,"Total Cost":259690.86,"Plan Rows":10000162,"Plan Width":6,"Actual Startup Time":2091.997,"Actual Total Time":2092.0,"Actual Rows":10000000,"Actual Loops":1,"Output":["stock.s_w_id","stock.s_i_id"],"Hash Buckets":262144,"Original Hash Buckets":262144,"Hash Batches":64,"Original Hash Batches":64,"Peak Memory Usage":8133,"Shared Hit Blocks":27338,"Shared Read Blocks":0,"Shared Dirtied Blocks":0,"Shared Written Blocks":0,"Local Hit Blocks":0,"Local Read Blocks":0,"Local Dirtied Blocks":0,"Local Written Blocks":0,"Temp Read Blocks":0,"Temp Written Blocks":33616,"I/O Read Time":0.0,"I/O Write Time":0.0,"Temp I/O Read Time":0.0,"Temp I/O Write Time":152.75,"Plans":[{"Node Type":"Index Only Scan","Parent Relationship":"Outer","Parallel Aware":false,"Async Capable":false,"Scan Direction":"Forward","Index Name":"stock_pk","Relation Name":"stock","Schema":"public","Alias":"stock","Startup Cost":0.43,"Total Cost":259690.86,"Plan Rows":10000162,"Plan Width":6,"Actual Startup Time":0.023,"Actual Total Time":720.92,"Actual Rows":10000000,"Actual Loops":1,"Output":["stock.s_w_id","stock.s_i_id"],"Heap Fetches":0,"Shared Hit Blocks":27338,"Shared Read Blocks":0,"Shared Dirtied Blocks":0,"Shared Written Blocks":0,"Local Hit Blocks":0,"Local Read Blocks":0,"Local Dirtied Blocks":0,"Local Written Blocks":0,"Temp Read Blocks":0,"Temp Written Blocks":0,"I/O Read Time":0.0,"I/O Write Time":0.0,"Temp I/O Read Time":0.0,"Temp I/O Write Time":0.0}]}]},{"Node Type":"Hash","Parent Relationship":"Inner","Parallel Aware":false,"Async Capable":false,"Startup Cost":239.01,"Total Cost":239.01,"Plan Rows":10001,"Plan Width":27,"Actual Startup Time":3.35,"Actual Total Time":3.353,"Actual Rows":10000,"Actual Loops":1,"Output":["supplier.su_name","supplier.su_suppkey","supplier.su_nationkey"],"Hash Buckets":16384,"Original Hash Buckets":16384,"Hash Batches":1,"Original Hash Batches":1,"Peak Memory Usage":714,"Shared Hit Blocks":0,"Shared Read Blocks":0,"Shared Dirtied Blocks":0,"Shared Written Blocks":0,"Local Hit Blocks":0,"Local Read Blocks":0,"Local Dirtied Blocks":0,"Local Written Blocks":0,"Temp Read Blocks":0,"Temp Written Blocks":0,"I/O Read Time":0.0,"I/O Write Time":0.0,"Temp I/O Read Time":0.0,"Temp I/O Write Time":0.0,"Plans":[{"Node Type":"Append","Parent Relationship":"Outer","Parallel Aware":false,"Async Capable":false,"Startup Cost":20.0,"Total Cost":239.01,"Plan Rows":10001,"Plan Width":27,"Actual Startup Time":0.026,"Actual Total Time":2.054,"Actual Rows":10000,"Actual Loops":1,"Shared Hit Blocks":0,"Shared Read Blocks":0,"Shared Dirtied Blocks":0,"Shared Written Blocks":0,"Local Hit Blocks":0,"Local Read Blocks":0,"Local Dirtied Blocks":0,"Local Written Blocks":0,"Temp Read Blocks":0,"Temp Written Blocks":0,"I/O Read Time":0.0,"I/O Write Time":0.0,"Temp I/O Read Time":0.0,"Temp I/O Write Time":0.0,"Subplans Removed":0,"Plans":[{"Node Type":"Custom Scan","Parent Relationship":"Member","Custom Plan Provider":"columnar scan","Parallel Aware":false,"Async Capable":false,"Relation Name":"supplier","Schema":"public","Alias":"supplier","Startup Cost":20.0,"Total Cost":235.0,"Plan Rows":10000,"Plan Width":27,"Actual Startup Time":0.024,"Actual Total Time":1.345,"Actual Rows":10000,"Actual Loops":1,"Output":["supplier.su_name","supplier.su_suppkey","supplier.su_nationkey"],"Rows Removed by Columnar Filter":0,"Columnar cache search mode":"native","Shared Hit Blocks":0,"Shared Read Blocks":0,"Shared Dirtied Blocks":0,"Shared Written Blocks":0,"Local Hit Blocks":0,"Local Read Blocks":0,"Local Dirtied Blocks":0,"Local Written Blocks":0,"Temp Read Blocks":0,"Temp Written Blocks":0,"I/O Read Time":0.0,"I/O Write Time":0.0,"Temp I/O Read Time":0.0,"Temp I/O Write Time":0.0},{"Node Type":"Seq Scan","Parent Relationship":"Member","Parallel Aware":false,"Async Capable":false,"Relation Name":"supplier","Schema":"public","Alias":"supplier","Startup Cost":0.0,"Total Cost":4.01,"Plan Rows":1,"Plan Width":27,"Actual Startup Time":0.0,"Actual Total Time":0.0,"Actual Rows":0,"Actual Loops":0,"Output":["supplier.su_name","supplier.su_suppkey","supplier.su_nationkey"],"Shared Hit Blocks":0,"Shared Read Blocks":0,"Shared Dirtied Blocks":0,"Shared Written Blocks":0,"Local Hit Blocks":0,"Local Read Blocks":0,"Local Dirtied Blocks":0,"Local Written Blocks":0,"Temp Read Blocks":0,"Temp Written Blocks":0,"I/O Read Time":0.0,"I/O Write Time":0.0,"Temp I/O Read Time":0.0,"Temp I/O Write Time":0.0}]}]}]},{"Node Type":"Hash","Parent Relationship":"Inner","Parallel Aware":false,"Async Capable":false,"Startup Cost":1.77,"Total Cost":1.77,"Plan Rows":1,"Plan Width":4,"Actual Startup Time":0.017,"Actual Total Time":0.018,"Actual Rows":1,"Actual Loops":1,"Output":["nation.n_nationkey"],"Hash Buckets":1024,"Original Hash Buckets":1024,"Hash Batches":1,"Original Hash Batches":1,"Peak Memory Usage":9,"Shared Hit Blocks":1,"Shared Read Blocks":0,"Shared Dirtied Blocks":0,"Shared Written Blocks":0,"Local Hit Blocks":0,"Local Read Blocks":0,"Local Dirtied Blocks":0,"Local Written Blocks":0,"Temp Read Blocks":0,"Temp Written Blocks":0,"I/O Read Time":0.0,"I/O Write Time":0.0,"Temp I/O Read Time":0.0,"Temp I/O Write Time":0.0,"Plans":[{"Node Type":"Seq Scan","Parent Relationship":"Outer","Parallel Aware":false,"Async Capable":false,"Relation Name":"nation","Schema":"public","Alias":"nation","Startup Cost":0.0,"Total Cost":1.77,"Plan Rows":1,"Plan Width":4,"Actual Startup Time":0.013,"Actual Total Time":0.016,"Actual Rows":1,"Actual Loops":1,"Output":["nation.n_nationkey"],"Filter":"((nation.n_name)::text = 'Cambodia'::text)","Rows Removed by Filter":61,"Shared Hit Blocks":1,"Shared Read Blocks":0,"Shared Dirtied Blocks":0,"Shared Written Blocks":0,"Local Hit Blocks":0,"Local Read Blocks":0,"Local Dirtied Blocks":0,"Local Written Blocks":0,"Temp Read Blocks":0,"Temp Written Blocks":0,"I/O Read Time":0.0,"I/O Write Time":0.0,"Temp I/O Read Time":0.0,"Temp I/O Write Time":0.0}]}]},{"Node Type":"Hash","Parent Relationship":"Inner","Parallel Aware":false,"Async Capable":false,"Startup Cost":59559.0,"Total Cost":59559.0,"Plan Rows":2998176,"Plan Width":20,"Actual Startup Time":867.176,"Actual Total Time":867.176,"Actual Rows":2997892,"Actual Loops":1,"Output":["orders.o_id","orders.o_w_id","orders.o_d_id","orders.o_entry_d"],"Hash Buckets":131072,"Original Hash Buckets":131072,"Hash Batches":32,"Original Hash Batches":32,"Peak Memory Usage":6158,"Shared Hit Blocks":22059,"Shared Read Blocks":0,"Shared Dirtied Blocks":0,"Shared Written Blocks":0,"Local Hit Blocks":0,"Local Read Blocks":0,"Local Dirtied Blocks":0,"Local Written Blocks":0,"Temp Read Blocks":0,"Temp Written Blocks":15583,"I/O Read Time":0.0,"I/O Write Time":0.0,"Temp I/O Read Time":0.0,"Temp I/O Write Time":67.295,"Plans":[{"Node Type":"Seq Scan","Parent Relationship":"Outer","Parallel Aware":false,"Async Capable":false,"Relation Name":"orders","Schema":"public","Alias":"orders","Startup Cost":0.0,"Total Cost":59559.0,"Plan Rows":2998176,"Plan Width":20,"Actual Startup Time":0.012,"Actual Total Time":355.703,"Actual Rows":2997892,"Actual Loops":1,"Output":["orders.o_id","orders.o_w_id","orders.o_d_id","orders.o_entry_d"],"Filter":"(orders.o_entry_d >= '1992-01-02 20:10:02.27764'::timestamp without time zone)","Rows Removed by Filter":2108,"Shared Hit Blocks":22059,"Shared Read Blocks":0,"Shared Dirtied Blocks":0,"Shared Written Blocks":0,"Local Hit Blocks":0,"Local Read Blocks":0,"Local Dirtied Blocks":0,"Local Written Blocks":0,"Temp Read Blocks":0,"Temp Written Blocks":0,"I/O Read Time":0.0,"I/O Write Time":0.0,"Temp I/O Read Time":0.0,"Temp I/O Write Time":0.0}]}]},{"Node Type":"Index Scan","Parent Relationship":"Inner","Parallel Aware":false,"Async Capable":false,"Scan Direction":"Forward","Index Name":"order_line_pk","Relation Name":"order_line","Schema":"public","Alias":"l2","Startup Cost":0.56,"Total Cost":26.51,"Plan Rows":2,"Plan Width":20,"Actual Startup Time":0.007,"Actual Total Time":0.007,"Actual Rows":0,"Actual Loops":267482,"Output":["l2.ol_o_id","l2.ol_d_id","l2.ol_w_id","l2.ol_number","l2.ol_i_id","l2.ol_supply_w_id","l2.ol_delivery_d","l2.ol_quantity","l2.ol_amount","l2.ol_dist_info"],"Index Cond":"((l2.ol_w_id = l1.ol_w_id) AND (l2.ol_d_id = l1.ol_d_id) AND (l2.ol_o_id = l1.ol_o_id))","Rows Removed by Index Recheck":0,"Filter":"((l2.ol_delivery_d >= '1992-01-02 20:10:02.27764'::timestamp without time zone) AND (l2.ol_delivery_d > l1.ol_delivery_d))","Rows Removed by Filter":11,"Shared Hit Blocks":1383917,"Shared Read Blocks":0,"Shared Dirtied Blocks":0,"Shared Written Blocks":0,"Local Hit Blocks":0,"Local Read Blocks":0,"Local Dirtied Blocks":0,"Local Written Blocks":0,"Temp Read Blocks":0,"Temp Written Blocks":0,"I/O Read Time":0.0,"I/O Write Time":0.0,"Temp I/O Read Time":0.0,"Temp I/O Write Time":0.0}]}]}]}]},"Planning":{"Shared Hit Blocks":4,"Shared Read Blocks":0,"Shared Dirtied Blocks":0,"Shared Written Blocks":0,"Local Hit Blocks":0,"Local Read Blocks":0,"Local Dirtied Blocks":0,"Local Written Blocks":0,"Temp Read Blocks":0,"Temp Written Blocks":0,"I/O Read Time":0.0,"I/O Write Time":0.0,"Temp I/O Read Time":0.0,"Temp I/O Write Time":0.0},"Planning Time":1.447,"Triggers":[],"Execution Time":23734.162}]
[列存组合]: nation, stock, supplier
[{"Plan":{"Node Type":"Sort","Parallel Aware":false,"Async Capable":false,"Startup Cost":4119117.76,"Total Cost":4119142.76,"Plan Rows":10000,"Plan Width":27,"Actual Startup Time":23746.378,"Actual Total Time":23746.41,"Actual Rows":156,"Actual Loops":1,"Output":["supplier.su_name","(count(*))"],"Sort Key":["(count(*)) DESC","supplier.su_name"],"Sort Method":"quicksort","Sort Space Used":35,"Sort Space Type":"Memory","Shared Hit Blocks":1774199,"Shared Read Blocks":0,"Shared Dirtied Blocks":0,"Shared Written Blocks":0,"Local Hit Blocks":0,"Local Read Blocks":0,"Local Dirtied Blocks":0,"Local Written Blocks":0,"Temp Read Blocks":163494,"Temp Written Blocks":163499,"I/O Read Time":0.0,"I/O Write Time":0.0,"Temp I/O Read Time":275.305,"Temp I/O Write Time":757.093,"Plans":[{"Node Type":"Aggregate","Strategy":"Sorted","Partial Mode":"Simple","Parent Relationship":"Outer","Parallel Aware":false,"Async Capable":false,"Startup Cost":4117783.42,"Total Cost":4118453.37,"Plan Rows":10000,"Plan Width":27,"Actual Startup Time":23695.46,"Actual Total Time":23746.355,"Actual Rows":156,"Actual Loops":1,"Output":["supplier.su_name","count(*)"],"Group Key":["supplier.su_name"],"Shared Hit Blocks":1774199,"Shared Read Blocks":0,"Shared Dirtied Blocks":0,"Shared Written Blocks":0,"Local Hit Blocks":0,"Local Read Blocks":0,"Local Dirtied Blocks":0,"Local Written Blocks":0,"Temp Read Blocks":163494,"Temp Written Blocks":163499,"I/O Read Time":0.0,"I/O Write Time":0.0,"Temp I/O Read Time":275.305,"Temp I/O Write Time":757.093,"Plans":[{"Node Type":"Sort","Parent Relationship":"Outer","Parallel Aware":false,"Async Capable":false,"Startup Cost":4117783.42,"Total Cost":4117973.41,"Plan Rows":75993,"Plan Width":19,"Actual Startup Time":23695.279,"Actual Total Time":23722.042,"Actual Rows":267482,"Actual Loops":1,"Output":["supplier.su_name"],"Sort Key":["supplier.su_name"],"Sort Method":"external merge","Sort Space Used":7624,"Sort Space Type":"Disk","Shared Hit Blocks":1774199,"Shared Read Blocks":0,"Shared Dirtied Blocks":0,"Shared Written Blocks":0,"Local Hit Blocks":0,"Local Read Blocks":0,"Local Dirtied Blocks":0,"Local Written Blocks":0,"Temp Read Blocks":163494,"Temp Written Blocks":163499,"I/O Read Time":0.0,"I/O Write Time":0.0,"Temp I/O Read Time":275.305,"Temp I/O Write Time":757.093,"Plans":[{"Node Type":"Nested Loop","Parent Relationship":"Outer","Parallel Aware":false,"Async Capable":false,"Join Type":"Anti","Startup Cost":578718.75,"Total Cost":4111622.83,"Plan Rows":75993,"Plan Width":19,"Actual Startup Time":2996.133,"Actual Total Time":23547.559,"Actual Rows":267482,"Actual Loops":1,"Output":["supplier.su_name"],"Inner Unique":false,"Shared Hit Blocks":1774199,"Shared Read Blocks":0,"Shared Dirtied Blocks":0,"Shared Written Blocks":0,"Local Hit Blocks":0,"Local Read Blocks":0,"Local Dirtied Blocks":0,"Local Written Blocks":0,"Temp Read Blocks":162541,"Temp Written Blocks":162541,"I/O Read Time":0.0,"I/O Write Time":0.0,"Temp I/O Read Time":273.801,"Temp I/O Write Time":753.389,"Plans":[{"Node Type":"Hash Join","Parent Relationship":"Outer","Parallel Aware":false,"Async Capable":false,"Join Type":"Inner","Startup Cost":578718.19,"Total Cost":1835529.88,"Plan Rows":113989,"Plan Width":39,"Actual Startup Time":2996.098,"Actual Total Time":21627.062,"Actual Rows":267482,"Actual Loops":1,"Output":["supplier.su_name","l1.ol_o_id","l1.ol_w_id","l1.ol_d_id","l1.ol_delivery_d"],"Inner Unique":true,"Hash Cond":"((l1.ol_o_id = orders.o_id) AND (l1.ol_w_id = orders.o_w_id) AND (l1.ol_d_id = orders.o_d_id))","Join Filter":"(l1.ol_delivery_d > orders.o_entry_d)","Rows Removed by Join Filter":0,"Shared Hit Blocks":390282,"Shared Read Blocks":0,"Shared Dirtied Blocks":0,"Shared Written Blocks":0,"Local Hit Blocks":0,"Local Read Blocks":0,"Local Dirtied Blocks":0,"Local Written Blocks":0,"Temp Read Blocks":162541,"Temp Written Blocks":162541,"I/O Read Time":0.0,"I/O Write Time":0.0,"Temp I/O Read Time":273.801,"Temp I/O Write Time":753.389,"Plans":[{"Node Type":"Hash Join","Parent Relationship":"Outer","Parallel Aware":false,"Async Capable":false,"Join Type":"Inner","Startup Cost":449123.11,"Total Cost":1679656.16,"Plan Rows":342176,"Plan Width":41,"Actual Startup Time":2109.327,"Actual Total Time":20359.434,"Actual Rows":267756,"Actual Loops":1,"Output":["supplier.su_name","stock.s_w_id","l1.ol_o_id","l1.ol_w_id","l1.ol_d_id","l1.ol_delivery_d"],"Inner Unique":true,"Hash Cond":"(supplier.su_nationkey = nation.n_nationkey)","Shared Hit Blocks":368223,"Shared Read Blocks":0,"Shared Dirtied Blocks":0,"Shared Written Blocks":0,"Local Hit Blocks":0,"Local Read Blocks":0,"Local Dirtied Blocks":0,"Local Written Blocks":0,"Temp Read Blocks":144757,"Temp Written Blocks":144757,"I/O Read Time":0.0,"I/O Write Time":0.0,"Temp I/O Read Time":242.515,"Temp I/O Write Time":670.415,"Plans":[{"Node Type":"Hash Join","Parent Relationship":"Outer","Parallel Aware":false,"Async Capable":false,"Join Type":"Inner","Startup Cost":449121.32,"Total Cost":1620158.47,"Plan Rows":21214932,"Plan Width":45,"Actual Startup Time":2109.196,"Actual Total Time":18921.418,"Actual Rows":21002151,"Actual Loops":1,"Output":["supplier.su_name","supplier.su_nationkey","stock.s_w_id","l1.ol_o_id","l1.ol_w_id","l1.ol_d_id","l1.ol_delivery_d"],"Inner Unique":true,"Hash Cond":"(mod((stock.s_w_id * stock.s_i_id), 10000) = supplier.su_suppkey)","Shared Hit Blocks":368222,"Shared Read Blocks":0,"Shared Dirtied Blocks":0,"Shared Written Blocks":0,"Local Hit Blocks":0,"Local Read Blocks":0,"Local Dirtied Blocks":0,"Local Written Blocks":0,"Temp Read Blocks":144757,"Temp Written Blocks":144757,"I/O Read Time":0.0,"I/O Write Time":0.0,"Temp I/O Read Time":242.515,"Temp I/O Write Time":670.415,"Plans":[{"Node Type":"Hash Join","Parent Relationship":"Outer","Parallel Aware":false,"Async Capable":false,"Join Type":"Inner","Startup Cost":448757.29,"Total Cost":1558773.15,"Plan Rows":21214932,"Plan Width":26,"Actual Startup Time":2105.68,"Actual Total Time":14369.81,"Actual Rows":21002151,"Actual Loops":1,"Output":["l1.ol_o_id","l1.ol_w_id","l1.ol_d_id","l1.ol_delivery_d","stock.s_w_id","stock.s_i_id"],"Inner Unique":true,"Hash Cond":"((l1.ol_w_id = stock.s_w_id) AND (l1.ol_i_id = stock.s_i_id))","Shared Hit Blocks":368222,"Shared Read Blocks":0,"Shared Dirtied Blocks":0,"Shared Written Blocks":0,"Local Hit Blocks":0,"Local Read Blocks":0,"Local Dirtied Blocks":0,"Local Written Blocks":0,"Temp Read Blocks":144757,"Temp Written Blocks":144757,"I/O Read Time":0.0,"I/O Write Time":0.0,"Temp I/O Read Time":242.515,"Temp I/O Write Time":670.415,"Plans":[{"Node Type":"Seq Scan","Parent Relationship":"Outer","Parallel Aware":false,"Async Capable":false,"Relation Name":"order_line","Schema":"public","Alias":"l1","Startup Cost":0.0,"Total Cost":715856.4,"Plan Rows":20926367,"Plan Width":24,"Actual Startup Time":0.008,"Actual Total Time":3369.387,"Actual Rows":21002151,"Actual Loops":1,"Output":["l1.ol_o_id","l1.ol_w_id","l1.ol_d_id","l1.ol_i_id","l1.ol_delivery_d"],"Filter":"(l1.ol_delivery_d >= '1992-01-02 20:10:02.27764'::timestamp without time zone)","Rows Removed by Filter":8995581,"Shared Hit Blocks":340884,"Shared Read Blocks":0,"Shared Dirtied Blocks":0,"Shared Written Blocks":0,"Local Hit Blocks":0,"Local Read Blocks":0,"Local Dirtied Blocks":0,"Local Written Blocks":0,"Temp Read Blocks":0,"Temp Written Blocks":0,"I/O Read Time":0.0,"I/O Write Time":0.0,"Temp I/O Read Time":0.0,"Temp I/O Write Time":0.0},{"Node Type":"Hash","Parent Relationship":"Inner","Parallel Aware":false,"Async Capable":false,"Startup Cost":259690.86,"Total Cost":259690.86,"Plan Rows":10000162,"Plan Width":6,"Actual Startup Time":2104.302,"Actual Total Time":2104.306,"Actual Rows":10000000,"Actual Loops":1,"Output":["stock.s_w_id","stock.s_i_id"],"Hash Buckets":262144,"Original Hash Buckets":262144,"Hash Batches":64,"Original Hash Batches":64,"Peak Memory Usage":8133,"Shared Hit Blocks":27338,"Shared Read Blocks":0,"Shared Dirtied Blocks":0,"Shared Written Blocks":0,"Local Hit Blocks":0,"Local Read Blocks":0,"Local Dirtied Blocks":0,"Local Written Blocks":0,"Temp Read Blocks":0,"Temp Written Blocks":33616,"I/O Read Time":0.0,"I/O Write Time":0.0,"Temp I/O Read Time":0.0,"Temp I/O Write Time":152.768,"Plans":[{"Node Type":"Index Only Scan","Parent Relationship":"Outer","Parallel Aware":false,"Async Capable":false,"Scan Direction":"Forward","Index Name":"stock_pk","Relation Name":"stock","Schema":"public","Alias":"stock","Startup Cost":0.43,"Total Cost":259690.86,"Plan Rows":10000162,"Plan Width":6,"Actual Startup Time":0.024,"Actual Total Time":724.437,"Actual Rows":10000000,"Actual Loops":1,"Output":["stock.s_w_id","stock.s_i_id"],"Heap Fetches":0,"Shared Hit Blocks":27338,"Shared Read Blocks":0,"Shared Dirtied Blocks":0,"Shared Written Blocks":0,"Local Hit Blocks":0,"Local Read Blocks":0,"Local Dirtied Blocks":0,"Local Written Blocks":0,"Temp Read Blocks":0,"Temp Written Blocks":0,"I/O Read Time":0.0,"I/O Write Time":0.0,"Temp I/O Read Time":0.0,"Temp I/O Write Time":0.0}]}]},{"Node Type":"Hash","Parent Relationship":"Inner","Parallel Aware":false,"Async Capable":false,"Startup Cost":239.01,"Total Cost":239.01,"Plan Rows":10001,"Plan Width":27,"Actual Startup Time":3.469,"Actual Total Time":3.474,"Actual Rows":10000,"Actual Loops":1,"Output":["supplier.su_name","supplier.su_suppkey","supplier.su_nationkey"],"Hash Buckets":16384,"Original Hash Buckets":16384,"Hash Batches":1,"Original Hash Batches":1,"Peak Memory Usage":714,"Shared Hit Blocks":0,"Shared Read Blocks":0,"Shared Dirtied Blocks":0,"Shared Written Blocks":0,"Local Hit Blocks":0,"Local Read Blocks":0,"Local Dirtied Blocks":0,"Local Written Blocks":0,"Temp Read Blocks":0,"Temp Written Blocks":0,"I/O Read Time":0.0,"I/O Write Time":0.0,"Temp I/O Read Time":0.0,"Temp I/O Write Time":0.0,"Plans":[{"Node Type":"Append","Parent Relationship":"Outer","Parallel Aware":false,"Async Capable":false,"Startup Cost":20.0,"Total Cost":239.01,"Plan Rows":10001,"Plan Width":27,"Actual Startup Time":0.027,"Actual Total Time":2.034,"Actual Rows":10000,"Actual Loops":1,"Shared Hit Blocks":0,"Shared Read Blocks":0,"Shared Dirtied Blocks":0,"Shared Written Blocks":0,"Local Hit Blocks":0,"Local Read Blocks":0,"Local Dirtied Blocks":0,"Local Written Blocks":0,"Temp Read Blocks":0,"Temp Written Blocks":0,"I/O Read Time":0.0,"I/O Write Time":0.0,"Temp I/O Read Time":0.0,"Temp I/O Write Time":0.0,"Subplans Removed":0,"Plans":[{"Node Type":"Custom Scan","Parent Relationship":"Member","Custom Plan Provider":"columnar scan","Parallel Aware":false,"Async Capable":false,"Relation Name":"supplier","Schema":"public","Alias":"supplier","Startup Cost":20.0,"Total Cost":235.0,"Plan Rows":10000,"Plan Width":27,"Actual Startup Time":0.025,"Actual Total Time":1.315,"Actual Rows":10000,"Actual Loops":1,"Output":["supplier.su_name","supplier.su_suppkey","supplier.su_nationkey"],"Rows Removed by Columnar Filter":0,"Columnar cache search mode":"native","Shared Hit Blocks":0,"Shared Read Blocks":0,"Shared Dirtied Blocks":0,"Shared Written Blocks":0,"Local Hit Blocks":0,"Local Read Blocks":0,"Local Dirtied Blocks":0,"Local Written Blocks":0,"Temp Read Blocks":0,"Temp Written Blocks":0,"I/O Read Time":0.0,"I/O Write Time":0.0,"Temp I/O Read Time":0.0,"Temp I/O Write Time":0.0},{"Node Type":"Seq Scan","Parent Relationship":"Member","Parallel Aware":false,"Async Capable":false,"Relation Name":"supplier","Schema":"public","Alias":"supplier","Startup Cost":0.0,"Total Cost":4.01,"Plan Rows":1,"Plan Width":27,"Actual Startup Time":0.0,"Actual Total Time":0.0,"Actual Rows":0,"Actual Loops":0,"Output":["supplier.su_name","supplier.su_suppkey","supplier.su_nationkey"],"Shared Hit Blocks":0,"Shared Read Blocks":0,"Shared Dirtied Blocks":0,"Shared Written Blocks":0,"Local Hit Blocks":0,"Local Read Blocks":0,"Local Dirtied Blocks":0,"Local Written Blocks":0,"Temp Read Blocks":0,"Temp Written Blocks":0,"I/O Read Time":0.0,"I/O Write Time":0.0,"Temp I/O Read Time":0.0,"Temp I/O Write Time":0.0}]}]}]},{"Node Type":"Hash","Parent Relationship":"Inner","Parallel Aware":false,"Async Capable":false,"Startup Cost":1.77,"Total Cost":1.77,"Plan Rows":1,"Plan Width":4,"Actual Startup Time":0.019,"Actual Total Time":0.02,"Actual Rows":1,"Actual Loops":1,"Output":["nation.n_nationkey"],"Hash Buckets":1024,"Original Hash Buckets":1024,"Hash Batches":1,"Original Hash Batches":1,"Peak Memory Usage":9,"Shared Hit Blocks":1,"Shared Read Blocks":0,"Shared Dirtied Blocks":0,"Shared Written Blocks":0,"Local Hit Blocks":0,"Local Read Blocks":0,"Local Dirtied Blocks":0,"Local Written Blocks":0,"Temp Read Blocks":0,"Temp Written Blocks":0,"I/O Read Time":0.0,"I/O Write Time":0.0,"Temp I/O Read Time":0.0,"Temp I/O Write Time":0.0,"Plans":[{"Node Type":"Seq Scan","Parent Relationship":"Outer","Parallel Aware":false,"Async Capable":false,"Relation Name":"nation","Schema":"public","Alias":"nation","Startup Cost":0.0,"Total Cost":1.77,"Plan Rows":1,"Plan Width":4,"Actual Startup Time":0.015,"Actual Total Time":0.017,"Actual Rows":1,"Actual Loops":1,"Output":["nation.n_nationkey"],"Filter":"((nation.n_name)::text = 'Cambodia'::text)","Rows Removed by Filter":61,"Shared Hit Blocks":1,"Shared Read Blocks":0,"Shared Dirtied Blocks":0,"Shared Written Blocks":0,"Local Hit Blocks":0,"Local Read Blocks":0,"Local Dirtied Blocks":0,"Local Written Blocks":0,"Temp Read Blocks":0,"Temp Written Blocks":0,"I/O Read Time":0.0,"I/O Write Time":0.0,"Temp I/O Read Time":0.0,"Temp I/O Write Time":0.0}]}]},{"Node Type":"Hash","Parent Relationship":"Inner","Parallel Aware":false,"Async Capable":false,"Startup Cost":59559.0,"Total Cost":59559.0,"Plan Rows":2998176,"Plan Width":20,"Actual Startup Time":868.216,"Actual Total Time":868.218,"Actual Rows":2997892,"Actual Loops":1,"Output":["orders.o_id","orders.o_w_id","orders.o_d_id","orders.o_entry_d"],"Hash Buckets":131072,"Original Hash Buckets":131072,"Hash Batches":32,"Original Hash Batches":32,"Peak Memory Usage":6158,"Shared Hit Blocks":22059,"Shared Read Blocks":0,"Shared Dirtied Blocks":0,"Shared Written Blocks":0,"Local Hit Blocks":0,"Local Read Blocks":0,"Local Dirtied Blocks":0,"Local Written Blocks":0,"Temp Read Blocks":0,"Temp Written Blocks":15583,"I/O Read Time":0.0,"I/O Write Time":0.0,"Temp I/O Read Time":0.0,"Temp I/O Write Time":67.567,"Plans":[{"Node Type":"Seq Scan","Parent Relationship":"Outer","Parallel Aware":false,"Async Capable":false,"Relation Name":"orders","Schema":"public","Alias":"orders","Startup Cost":0.0,"Total Cost":59559.0,"Plan Rows":2998176,"Plan Width":20,"Actual Startup Time":0.014,"Actual Total Time":355.35,"Actual Rows":2997892,"Actual Loops":1,"Output":["orders.o_id","orders.o_w_id","orders.o_d_id","orders.o_entry_d"],"Filter":"(orders.o_entry_d >= '1992-01-02 20:10:02.27764'::timestamp without time zone)","Rows Removed by Filter":2108,"Shared Hit Blocks":22059,"Shared Read Blocks":0,"Shared Dirtied Blocks":0,"Shared Written Blocks":0,"Local Hit Blocks":0,"Local Read Blocks":0,"Local Dirtied Blocks":0,"Local Written Blocks":0,"Temp Read Blocks":0,"Temp Written Blocks":0,"I/O Read Time":0.0,"I/O Write Time":0.0,"Temp I/O Read Time":0.0,"Temp I/O Write Time":0.0}]}]},{"Node Type":"Index Scan","Parent Relationship":"Inner","Parallel Aware":false,"Async Capable":false,"Scan Direction":"Forward","Index Name":"order_line_pk","Relation Name":"order_line","Schema":"public","Alias":"l2","Startup Cost":0.56,"Total Cost":26.51,"Plan Rows":2,"Plan Width":20,"Actual Startup Time":0.007,"Actual Total Time":0.007,"Actual Rows":0,"Actual Loops":267482,"Output":["l2.ol_o_id","l2.ol_d_id","l2.ol_w_id","l2.ol_number","l2.ol_i_id","l2.ol_supply_w_id","l2.ol_delivery_d","l2.ol_quantity","l2.ol_amount","l2.ol_dist_info"],"Index Cond":"((l2.ol_w_id = l1.ol_w_id) AND (l2.ol_d_id = l1.ol_d_id) AND (l2.ol_o_id = l1.ol_o_id))","Rows Removed by Index Recheck":0,"Filter":"((l2.ol_delivery_d >= '1992-01-02 20:10:02.27764'::timestamp without time zone) AND (l2.ol_delivery_d > l1.ol_delivery_d))","Rows Removed by Filter":11,"Shared Hit Blocks":1383917,"Shared Read Blocks":0,"Shared Dirtied Blocks":0,"Shared Written Blocks":0,"Local Hit Blocks":0,"Local Read Blocks":0,"Local Dirtied Blocks":0,"Local Written Blocks":0,"Temp Read Blocks":0,"Temp Written Blocks":0,"I/O Read Time":0.0,"I/O Write Time":0.0,"Temp I/O Read Time":0.0,"Temp I/O Write Time":0.0}]}]}]}]},"Planning":{"Shared Hit Blocks":4,"Shared Read Blocks":0,"Shared Dirtied Blocks":0,"Shared Written Blocks":0,"Local Hit Blocks":0,"Local Read Blocks":0,"Local Dirtied Blocks":0,"Local Written Blocks":0,"Temp Read Blocks":0,"Temp Written Blocks":0,"I/O Read Time":0.0,"I/O Write Time":0.0,"Temp I/O Read Time":0.0,"Temp I/O Write Time":0.0},"Planning Time":1.767,"Triggers":[],"Execution Time":23747.912}]
[列存组合]: order_line, orders, stock
[{"Plan":{"Node Type":"Sort","Parallel Aware":false,"Async Capable":false,"Startup Cost":3010983.68,"Total Cost":3011008.68,"Plan Rows":10000,"Plan Width":27,"Actual Startup Time":23191.269,"Actual Total Time":23191.301,"Actual Rows":156,"Actual Loops":1,"Output":["supplier.su_name","(count(*))"],"Sort Key":["(count(*)) DESC","supplier.su_name"],"Sort Method":"quicksort","Sort Space Used":35,"Sort Space Type":"Memory","Shared Hit Blocks":22277,"Shared Read Blocks":0,"Shared Dirtied Blocks":0,"Shared Written Blocks":0,"Local Hit Blocks":0,"Local Read Blocks":0,"Local Dirtied Blocks":0,"Local Written Blocks":0,"Temp Read Blocks":133545,"Temp Written Blocks":133550,"I/O Read Time":0.0,"I/O Write Time":0.0,"Temp I/O Read Time":212.227,"Temp I/O Write Time":646.346,"Plans":[{"Node Type":"Aggregate","Strategy":"Sorted","Partial Mode":"Simple","Parent Relationship":"Outer","Parallel Aware":false,"Async Capable":false,"Startup Cost":3009649.35,"Total Cost":3010319.3,"Plan Rows":10000,"Plan Width":27,"Actual Startup Time":23140.144,"Actual Total Time":23191.239,"Actual Rows":156,"Actual Loops":1,"Output":["supplier.su_name","count(*)"],"Group Key":["supplier.su_name"],"Shared Hit Blocks":22277,"Shared Read Blocks":0,"Shared Dirtied Blocks":0,"Shared Written Blocks":0,"Local Hit Blocks":0,"Local Read Blocks":0,"Local Dirtied Blocks":0,"Local Written Blocks":0,"Temp Read Blocks":133545,"Temp Written Blocks":133550,"I/O Read Time":0.0,"I/O Write Time":0.0,"Temp I/O Read Time":212.227,"Temp I/O Write Time":646.346,"Plans":[{"Node Type":"Sort","Parent Relationship":"Outer","Parallel Aware":false,"Async Capable":false,"Startup Cost":3009649.35,"Total Cost":3009839.33,"Plan Rows":75993,"Plan Width":19,"Actual Startup Time":23139.965,"Actual Total Time":23166.744,"Actual Rows":267482,"Actual Loops":1,"Output":["supplier.su_name"],"Sort Key":["supplier.su_name"],"Sort Method":"external merge","Sort Space Used":7624,"Sort Space Type":"Disk","Shared Hit Blocks":22277,"Shared Read Blocks":0,"Shared Dirtied Blocks":0,"Shared Written Blocks":0,"Local Hit Blocks":0,"Local Read Blocks":0,"Local Dirtied Blocks":0,"Local Written Blocks":0,"Temp Read Blocks":133545,"Temp Written Blocks":133550,"I/O Read Time":0.0,"I/O Write Time":0.0,"Temp I/O Read Time":212.227,"Temp I/O Write Time":646.346,"Plans":[{"Node Type":"Hash Join","Parent Relationship":"Outer","Parallel Aware":false,"Async Capable":false,"Join Type":"Anti","Startup Cost":1350009.31,"Total Cost":3003488.76,"Plan Rows":75993,"Plan Width":19,"Actual Startup Time":10495.135,"Actual Total Time":22998.571,"Actual Rows":267482,"Actual Loops":1,"Output":["supplier.su_name"],"Hash Cond":"((l1.ol_o_id = l2.ol_o_id) AND (l1.ol_w_id = l2.ol_w_id) AND (l1.ol_d_id = l2.ol_d_id))","Join Filter":"(l2.ol_delivery_d > l1.ol_delivery_d)","Rows Removed by Join Filter":2942288,"Shared Hit Blocks":22277,"Shared Read Blocks":0,"Shared Dirtied Blocks":0,"Shared Written Blocks":0,"Local Hit Blocks":0,"Local Read Blocks":0,"Local Dirtied Blocks":0,"Local Written Blocks":0,"Temp Read Blocks":132592,"Temp Written Blocks":132592,"I/O Read Time":0.0,"I/O Write Time":0.0,"Temp I/O Read Time":210.868,"Temp I/O Write Time":642.651,"Plans":[{"Node Type":"Hash Join","Parent Relationship":"Outer","Parallel Aware":false,"Async Capable":false,"Join Type":"Inner","Startup Cost":159361.89,"Total Cost":757750.29,"Plan Rows":113989,"Plan Width":39,"Actual Startup Time":1886.305,"Actual Total Time":12760.564,"Actual Rows":267482,"Actual Loops":1,"Output":["supplier.su_name","l1.ol_o_id","l1.ol_w_id","l1.ol_d_id","l1.ol_delivery_d"],"Hash Cond":"((l1.ol_o_id = orders.o_id) AND (l1.ol_w_id = orders.o_w_id) AND (l1.ol_d_id = orders.o_d_id))","Join Filter":"(l1.ol_delivery_d > orders.o_entry_d)","Rows Removed by Join Filter":0,"Shared Hit Blocks":22277,"Shared Read Blocks":0,"Shared Dirtied Blocks":0,"Shared Written Blocks":0,"Local Hit Blocks":0,"Local Read Blocks":0,"Local Dirtied Blocks":0,"Local Written Blocks":0,"Temp Read Blocks":17783,"Temp Written Blocks":17783,"I/O Read Time":0.0,"I/O Write Time":0.0,"Temp I/O Read Time":28.854,"Temp I/O Write Time":90.809,"Plans":[{"Node Type":"Hash Join","Parent Relationship":"Outer","Parallel Aware":false,"Async Capable":false,"Join Type":"Inner","Startup Cost":29766.81,"Total Cost":601876.58,"Plan Rows":342176,"Plan Width":41,"Actual Startup Time":798.812,"Actual Total Time":11316.572,"Actual Rows":267496,"Actual Loops":1,"Output":["supplier.su_name","stock.s_w_id","l1.ol_o_id","l1.ol_w_id","l1.ol_d_id","l1.ol_delivery_d"],"Hash Cond":"(supplier.su_nationkey = nation.n_nationkey)","Shared Hit Blocks":218,"Shared Read Blocks":0,"Shared Dirtied Blocks":0,"Shared Written Blocks":0,"Local Hit Blocks":0,"Local Read Blocks":0,"Local Dirtied Blocks":0,"Local Written Blocks":0,"Temp Read Blocks":0,"Temp Written Blocks":0,"I/O Read Time":0.0,"I/O Write Time":0.0,"Temp I/O Read Time":0.0,"Temp I/O Write Time":0.0,"Plans":[{"Node Type":"Hash Join","Parent Relationship":"Outer","Parallel Aware":false,"Async Capable":false,"Join Type":"Inner","Startup Cost":29765.02,"Total Cost":542378.88,"Plan Rows":21214932,"Plan Width":45,"Actual Startup Time":798.689,"Actual Total Time":9946.188,"Actual Rows":20982320,"Actual Loops":1,"Output":["supplier.su_name","supplier.su_nationkey","stock.s_w_id","l1.ol_o_id","l1.ol_w_id","l1.ol_d_id","l1.ol_delivery_d"],"Hash Cond":"(mod((stock.s_w_id * stock.s_i_id), 10000) = supplier.su_suppkey)","Shared Hit Blocks":217,"Shared Read Blocks":0,"Shared Dirtied Blocks":0,"Shared Written Blocks":0,"Local Hit Blocks":0,"Local Read Blocks":0,"Local Dirtied Blocks":0,"Local Written Blocks":0,"Temp Read Blocks":0,"Temp Written Blocks":0,"I/O Read Time":0.0,"I/O Write Time":0.0,"Temp I/O Read Time":0.0,"Temp I/O Write Time":0.0,"Plans":[{"Node Type":"Hash Join","Parent Relationship":"Outer","Parallel Aware":false,"Async Capable":false,"Join Type":"Inner","Startup Cost":29323.02,"Total Cost":480915.59,"Plan Rows":21214932,"Plan Width":26,"Actual Startup Time":795.945,"Actual Total Time":5482.801,"Actual Rows":20982320,"Actual Loops":1,"Output":["l1.ol_o_id","l1.ol_w_id","l1.ol_d_id","l1.ol_delivery_d","stock.s_w_id","stock.s_i_id"],"Hash Cond":"((l1.ol_w_id = stock.s_w_id) AND (l1.ol_i_id = stock.s_i_id))","Rows Removed by Bloom Filter":0,"Shared Hit Blocks":0,"Shared Read Blocks":0,"Shared Dirtied Blocks":0,"Shared Written Blocks":0,"Local Hit Blocks":0,"Local Read Blocks":0,"Local Dirtied Blocks":0,"Local Written Blocks":0,"Temp Read Blocks":0,"Temp Written Blocks":0,"I/O Read Time":0.0,"I/O Write Time":0.0,"Temp I/O Read Time":0.0,"Temp I/O Write Time":0.0,"Plans":[{"Node Type":"Append","Parent Relationship":"Outer","Parallel Aware":false,"Async Capable":false,"Startup Cost":20.0,"Total Cost":533646.5,"Plan Rows":20926367,"Plan Width":24,"Actual Startup Time":109.792,"Actual Total Time":109.799,"Actual Rows":20982320,"Actual Loops":1,"Shared Hit Blocks":0,"Shared Read Blocks":0,"Shared Dirtied Blocks":0,"Shared Written Blocks":0,"Local Hit Blocks":0,"Local Read Blocks":0,"Local Dirtied Blocks":0,"Local Written Blocks":0,"Temp Read Blocks":0,"Temp Written Blocks":0,"I/O Read Time":0.0,"I/O Write Time":0.0,"Temp I/O Read Time":0.0,"Temp I/O Write Time":0.0,"Subplans Removed":0,"Plans":[{"Node Type":"Custom Scan","Parent Relationship":"Member","Custom Plan Provider":"columnar scan","Parallel Aware":false,"Async Capable":false,"Relation Name":"order_line","Schema":"public","Alias":"l1","Startup Cost":20.0,"Total Cost":533641.75,"Plan Rows":20926325,"Plan Width":24,"Actual Startup Time":109.791,"Actual Total Time":109.793,"Actual Rows":20982320,"Actual Loops":1,"Output":["l1.ol_o_id","l1.ol_w_id","l1.ol_d_id","l1.ol_i_id","l1.ol_delivery_d"],"Filter":"(l1.ol_delivery_d >= '1992-01-02 20:10:02.27764'::timestamp without time zone)","Rows Removed by Filter":0,"Rows Removed by Columnar Filter":9015412,"Rows Filtered by Bloom Filter":0,"Dictionary Rows Filtered by Bloom Filter":19831,"Columnar cache search mode":"native","Shared Hit Blocks":0,"Shared Read Blocks":0,"Shared Dirtied Blocks":0,"Shared Written Blocks":0,"Local Hit Blocks":0,"Local Read Blocks":0,"Local Dirtied Blocks":0,"Local Written Blocks":0,"Temp Read Blocks":0,"Temp Written Blocks":0,"I/O Read Time":0.0,"I/O Write Time":0.0,"Temp I/O Read Time":0.0,"Temp I/O Write Time":0.0},{"Node Type":"Seq Scan","Parent Relationship":"Member","Parallel Aware":false,"Async Capable":false,"Relation Name":"order_line","Schema":"public","Alias":"l1","Startup Cost":0.0,"Total Cost":4.75,"Plan Rows":42,"Plan Width":24,"Actual Startup Time":0.0,"Actual Total Time":0.0,"Actual Rows":0,"Actual Loops":0,"Output":["l1.ol_o_id","l1.ol_w_id","l1.ol_d_id","l1.ol_i_id","l1.ol_delivery_d"],"Filter":"(l1.ol_delivery_d >= '1992-01-02 20:10:02.27764'::timestamp without time zone)","Rows Removed by Filter":0,"Shared Hit Blocks":0,"Shared Read Blocks":0,"Shared Dirtied Blocks":0,"Shared Written Blocks":0,"Local Hit Blocks":0,"Local Read Blocks":0,"Local Dirtied Blocks":0,"Local Written Blocks":0,"Temp Read Blocks":0,"Temp Written Blocks":0,"I/O Read Time":0.0,"I/O Write Time":0.0,"Temp I/O Read Time":0.0,"Temp I/O Write Time":0.0}]},{"Node Type":"Hash","Parent Relationship":"Inner","Parallel Aware":false,"Async Capable":false,"Startup Cost":195025.67,"Total Cost":195025.67,"Plan Rows":10000162,"Plan Width":6,"Actual Rows":10000000,"Actual Loops":1,"Output":["stock.s_w_id","stock.s_i_id"],"Shared Hit Blocks":0,"Shared Read Blocks":0,"Shared Dirtied Blocks":0,"Shared Written Blocks":0,"Local Hit Blocks":0,"Local Read Blocks":0,"Local Dirtied Blocks":0,"Local Written Blocks":0,"Temp Read Blocks":0,"Temp Written Blocks":0,"I/O Read Time":0.0,"I/O Write Time":0.0,"Temp I/O Read Time":0.0,"Temp I/O Write Time":0.0,"Plans":[{"Node Type":"Append","Parent Relationship":"Outer","Parallel Aware":false,"Async Capable":false,"Startup Cost":20.0,"Total Cost":195025.67,"Plan Rows":10000162,"Plan Width":6,"Actual Startup Time":0.252,"Actual Total Time":0.255,"Actual Rows":10000000,"Actual Loops":1,"Shared Hit Blocks":0,"Shared Read Blocks":0,"Shared Dirtied Blocks":0,"Shared Written Blocks":0,"Local Hit Blocks":0,"Local Read Blocks":0,"Local Dirtied Blocks":0,"Local Written Blocks":0,"Temp Read Blocks":0,"Temp Written Blocks":0,"I/O Read Time":0.0,"I/O Write Time":0.0,"Temp I/O Read Time":0.0,"Temp I/O Write Time":0.0,"Subplans Removed":0,"Plans":[{"Node Type":"Custom Scan","Parent Relationship":"Member","Custom Plan Provider":"columnar scan","Parallel Aware":false,"Async Capable":false,"Relation Name":"stock","Schema":"public","Alias":"stock","Startup Cost":20.0,"Total Cost":195020.05,"Plan Rows":10000000,"Plan Width":6,"Actual Startup Time":0.251,"Actual Total Time":0.251,"Actual Rows":10000000,"Actual Loops":1,"Output":["stock.s_w_id","stock.s_i_id"],"Rows Removed by Columnar Filter":0,"Columnar cache search mode":"native","Shared Hit Blocks":0,"Shared Read Blocks":0,"Shared Dirtied Blocks":0,"Shared Written Blocks":0,"Local Hit Blocks":0,"Local Read Blocks":0,"Local Dirtied Blocks":0,"Local Written Blocks":0,"Temp Read Blocks":0,"Temp Written Blocks":0,"I/O Read Time":0.0,"I/O Write Time":0.0,"Temp I/O Read Time":0.0,"Temp I/O Write Time":0.0},{"Node Type":"Seq Scan","Parent Relationship":"Member","Parallel Aware":false,"Async Capable":false,"Relation Name":"stock","Schema":"public","Alias":"stock","Startup Cost":0.0,"Total Cost":5.62,"Plan Rows":162,"Plan Width":6,"Actual Startup Time":0.0,"Actual Total Time":0.0,"Actual Rows":0,"Actual Loops":0,"Output":["stock.s_w_id","stock.s_i_id"],"Shared Hit Blocks":0,"Shared Read Blocks":0,"Shared Dirtied Blocks":0,"Shared Written Blocks":0,"Local Hit Blocks":0,"Local Read Blocks":0,"Local Dirtied Blocks":0,"Local Written Blocks":0,"Temp Read Blocks":0,"Temp Written Blocks":0,"I/O Read Time":0.0,"I/O Write Time":0.0,"Temp I/O Read Time":0.0,"Temp I/O Write Time":0.0}]}]}]},{"Node Type":"Hash","Parent Relationship":"Inner","Parallel Aware":false,"Async Capable":false,"Startup Cost":317.0,"Total Cost":317.0,"Plan Rows":10000,"Plan Width":27,"Actual Startup Time":2.681,"Actual Total Time":2.682,"Actual Rows":10000,"Actual Loops":1,"Output":["supplier.su_name","supplier.su_suppkey","supplier.su_nationkey"],"Hash Buckets":16384,"Original Hash Buckets":16384,"Hash Batches":1,"Original Hash Batches":1,"Peak Memory Usage":714,"Shared Hit Blocks":217,"Shared Read Blocks":0,"Shared Dirtied Blocks":0,"Shared Written Blocks":0,"Local Hit Blocks":0,"Local Read Blocks":0,"Local Dirtied Blocks":0,"Local Written Blocks":0,"Temp Read Blocks":0,"Temp Written Blocks":0,"I/O Read Time":0.0,"I/O Write Time":0.0,"Temp I/O Read Time":0.0,"Temp I/O Write Time":0.0,"Plans":[{"Node Type":"Seq Scan","Parent Relationship":"Outer","Parallel Aware":false,"Async Capable":false,"Relation Name":"supplier","Schema":"public","Alias":"supplier","Startup Cost":0.0,"Total Cost":317.0,"Plan Rows":10000,"Plan Width":27,"Actual Startup Time":0.006,"Actual Total Time":1.262,"Actual Rows":10000,"Actual Loops":1,"Output":["supplier.su_name","supplier.su_suppkey","supplier.su_nationkey"],"Shared Hit Blocks":217,"Shared Read Blocks":0,"Shared Dirtied Blocks":0,"Shared Written Blocks":0,"Local Hit Blocks":0,"Local Read Blocks":0,"Local Dirtied Blocks":0,"Local Written Blocks":0,"Temp Read Blocks":0,"Temp Written Blocks":0,"I/O Read Time":0.0,"I/O Write Time":0.0,"Temp I/O Read Time":0.0,"Temp I/O Write Time":0.0}]}]},{"Node Type":"Hash","Parent Relationship":"Inner","Parallel Aware":false,"Async Capable":false,"Startup Cost":1.77,"Total Cost":1.77,"Plan Rows":1,"Plan Width":4,"Actual Startup Time":0.02,"Actual Total Time":0.02,"Actual Rows":1,"Actual Loops":1,"Output":["nation.n_nationkey"],"Hash Buckets":1024,"Original Hash Buckets":1024,"Hash Batches":1,"Original Hash Batches":1,"Peak Memory Usage":9,"Shared Hit Blocks":1,"Shared Read Blocks":0,"Shared Dirtied Blocks":0,"Shared Written Blocks":0,"Local Hit Blocks":0,"Local Read Blocks":0,"Local Dirtied Blocks":0,"Local Written Blocks":0,"Temp Read Blocks":0,"Temp Written Blocks":0,"I/O Read Time":0.0,"I/O Write Time":0.0,"Temp I/O Read Time":0.0,"Temp I/O Write Time":0.0,"Plans":[{"Node Type":"Seq Scan","Parent Relationship":"Outer","Parallel Aware":false,"Async Capable":false,"Relation Name":"nation","Schema":"public","Alias":"nation","Startup Cost":0.0,"Total Cost":1.77,"Plan Rows":1,"Plan Width":4,"Actual Startup Time":0.015,"Actual Total Time":0.018,"Actual Rows":1,"Actual Loops":1,"Output":["nation.n_nationkey"],"Filter":"((nation.n_name)::text = 'Cambodia'::text)","Rows Removed by Filter":61,"Shared Hit Blocks":1,"Shared Read Blocks":0,"Shared Dirtied Blocks":0,"Shared Written Blocks":0,"Local Hit Blocks":0,"Local Read Blocks":0,"Local Dirtied Blocks":0,"Local Written Blocks":0,"Temp Read Blocks":0,"Temp Written Blocks":0,"I/O Read Time":0.0,"I/O Write Time":0.0,"Temp I/O Read Time":0.0,"Temp I/O Write Time":0.0}]}]},{"Node Type":"Hash","Parent Relationship":"Inner","Parallel Aware":false,"Async Capable":false,"Startup Cost":59559.0,"Total Cost":59559.0,"Plan Rows":2998176,"Plan Width":20,"Actual Startup Time":1085.035,"Actual Total Time":1085.036,"Actual Rows":2997892,"Actual Loops":1,"Output":["orders.o_id","orders.o_w_id","orders.o_d_id","orders.o_entry_d"],"Hash Buckets":131072,"Original Hash Buckets":131072,"Hash Batches":32,"Original Hash Batches":32,"Peak Memory Usage":6158,"Shared Hit Blocks":22059,"Shared Read Blocks":0,"Shared Dirtied Blocks":0,"Shared Written Blocks":0,"Local Hit Blocks":0,"Local Read Blocks":0,"Local Dirtied Blocks":0,"Local Written Blocks":0,"Temp Read Blocks":0,"Temp Written Blocks":15583,"I/O Read Time":0.0,"I/O Write Time":0.0,"Temp I/O Read Time":0.0,"Temp I/O Write Time":73.862,"Plans":[{"Node Type":"Seq Scan","Parent Relationship":"Outer","Parallel Aware":false,"Async Capable":false,"Relation Name":"orders","Schema":"public","Alias":"orders","Startup Cost":0.0,"Total Cost":59559.0,"Plan Rows":2998176,"Plan Width":20,"Actual Startup Time":0.015,"Actual Total Time":378.498,"Actual Rows":2997892,"Actual Loops":1,"Output":["orders.o_id","orders.o_w_id","orders.o_d_id","orders.o_entry_d"],"Filter":"(orders.o_entry_d >= '1992-01-02 20:10:02.27764'::timestamp without time zone)","Rows Removed by Filter":2108,"Shared Hit Blocks":22059,"Shared Read Blocks":0,"Shared Dirtied Blocks":0,"Shared Written Blocks":0,"Local Hit Blocks":0,"Local Read Blocks":0,"Local Dirtied Blocks":0,"Local Written Blocks":0,"Temp Read Blocks":0,"Temp Written Blocks":0,"I/O Read Time":0.0,"I/O Write Time":0.0,"Temp I/O Read Time":0.0,"Temp I/O Write Time":0.0}]}]},{"Node Type":"Hash","Parent Relationship":"Inner","Parallel Aware":false,"Async Capable":false,"Startup Cost":701820.0,"Total Cost":701820.0,"Plan Rows":20926367,"Plan Width":20,"Actual Startup Time":8594.864,"Actual Total Time":8594.867,"Actual Rows":21002151,"Actual Loops":1,"Output":["l2.ol_o_id","l2.ol_w_id","l2.ol_d_id","l2.ol_delivery_d"],"Hash Buckets":131072,"Original Hash Buckets":131072,"Hash Batches":256,"Original Hash Batches":256,"Peak Memory Usage":5530,"Shared Hit Blocks":0,"Shared Read Blocks":0,"Shared Dirtied Blocks":0,"Shared Written Blocks":0,"Local Hit Blocks":0,"Local Read Blocks":0,"Local Dirtied Blocks":0,"Local Written Blocks":0,"Temp Read Blocks":0,"Temp Written Blocks":112225,"I/O Read Time":0.0,"I/O Write Time":0.0,"Temp I/O Read Time":0.0,"Temp I/O Write Time":538.849,"Plans":[{"Node Type":"Append","Parent Relationship":"Outer","Parallel Aware":false,"Async Capable":false,"Startup Cost":20.0,"Total Cost":701820.0,"Plan Rows":20926367,"Plan Width":20,"Actual Startup Time":0.055,"Actual Total Time":4842.022,"Actual Rows":21002151,"Actual Loops":1,"Shared Hit Blocks":0,"Shared Read Blocks":0,"Shared Dirtied Blocks":0,"Shared Written Blocks":0,"Local Hit Blocks":0,"Local Read Blocks":0,"Local Dirtied Blocks":0,"Local Written Blocks":0,"Temp Read Blocks":0,"Temp Written Blocks":0,"I/O Read Time":0.0,"I/O Write Time":0.0,"Temp I/O Read Time":0.0,"Temp I/O Write Time":0.0,"Subplans Removed":0,"Plans":[{"Node Type":"Custom Scan","Parent Relationship":"Member","Custom Plan Provider":"columnar scan","Parallel Aware":false,"Async Capable":false,"Relation Name":"order_line","Schema":"public","Alias":"l2","Startup Cost":20.0,"Total Cost":491789.1,"Plan Rows":20926325,"Plan Width":20,"Actual Startup Time":0.053,"Actual Total Time":3197.082,"Actual Rows":21002151,"Actual Loops":1,"Output":["l2.ol_o_id","l2.ol_w_id","l2.ol_d_id","l2.ol_delivery_d"],"Filter":"(l2.ol_delivery_d >= '1992-01-02 20:10:02.27764'::timestamp without time zone)","Rows Removed by Filter":0,"Rows Removed by Columnar Filter":8995581,"Columnar cache search mode":"native","Shared Hit Blocks":0,"Shared Read Blocks":0,"Shared Dirtied Blocks":0,"Shared Written Blocks":0,"Local Hit Blocks":0,"Local Read Blocks":0,"Local Dirtied Blocks":0,"Local Written Blocks":0,"Temp Read Blocks":0,"Temp Written Blocks":0,"I/O Read Time":0.0,"I/O Write Time":0.0,"Temp I/O Read Time":0.0,"Temp I/O Write Time":0.0},{"Node Type":"Seq Scan","Parent Relationship":"Member","Parallel Aware":false,"Async Capable":false,"Relation Name":"order_line","Schema":"public","Alias":"l2","Startup Cost":0.0,"Total Cost":4.75,"Plan Rows":42,"Plan Width":20,"Actual Startup Time":0.0,"Actual Total Time":0.0,"Actual Rows":0,"Actual Loops":0,"Output":["l2.ol_o_id","l2.ol_w_id","l2.ol_d_id","l2.ol_delivery_d"],"Filter":"(l2.ol_delivery_d >= '1992-01-02 20:10:02.27764'::timestamp without time zone)","Rows Removed by Filter":0,"Shared Hit Blocks":0,"Shared Read Blocks":0,"Shared Dirtied Blocks":0,"Shared Written Blocks":0,"Local Hit Blocks":0,"Local Read Blocks":0,"Local Dirtied Blocks":0,"Local Written Blocks":0,"Temp Read Blocks":0,"Temp Written Blocks":0,"I/O Read Time":0.0,"I/O Write Time":0.0,"Temp I/O Read Time":0.0,"Temp I/O Write Time":0.0}]}]}]}]}]}]},"Planning":{"Shared Hit Blocks":4,"Shared Read Blocks":0,"Shared Dirtied Blocks":0,"Shared Written Blocks":0,"Local Hit Blocks":0,"Local Read Blocks":0,"Local Dirtied Blocks":0,"Local Written Blocks":0,"Temp Read Blocks":0,"Temp Written Blocks":0,"I/O Read Time":0.0,"I/O Write Time":0.0,"Temp I/O Read Time":0.0,"Temp I/O Write Time":0.0},"Planning Time":2.275,"Triggers":[],"Execution Time":23193.337}]
[列存组合]: order_line, orders, supplier
[{"Plan":{"Node Type":"Sort","Parallel Aware":false,"Async Capable":false,"Startup Cost":4105081.36,"Total Cost":4105106.36,"Plan Rows":10000,"Plan Width":27,"Actual Startup Time":32172.71,"Actual Total Time":32172.732,"Actual Rows":156,"Actual Loops":1,"Output":["supplier.su_name","(count(*))"],"Sort Key":["(count(*)) DESC","supplier.su_name"],"Sort Method":"quicksort","Sort Space Used":35,"Sort Space Type":"Memory","Shared Hit Blocks":1433315,"Shared Read Blocks":0,"Shared Dirtied Blocks":0,"Shared Written Blocks":0,"Local Hit Blocks":0,"Local Read Blocks":0,"Local Dirtied Blocks":0,"Local Written Blocks":0,"Temp Read Blocks":173473,"Temp Written Blocks":173478,"I/O Read Time":0.0,"I/O Write Time":0.0,"Temp I/O Read Time":293.136,"Temp I/O Write Time":816.412,"Plans":[{"Node Type":"Aggregate","Strategy":"Sorted","Partial Mode":"Simple","Parent Relationship":"Outer","Parallel Aware":false,"Async Capable":false,"Startup Cost":4103747.02,"Total Cost":4104416.97,"Plan Rows":10000,"Plan Width":27,"Actual Startup Time":32120.76,"Actual Total Time":32172.673,"Actual Rows":156,"Actual Loops":1,"Output":["supplier.su_name","count(*)"],"Group Key":["supplier.su_name"],"Shared Hit Blocks":1433315,"Shared Read Blocks":0,"Shared Dirtied Blocks":0,"Shared Written Blocks":0,"Local Hit Blocks":0,"Local Read Blocks":0,"Local Dirtied Blocks":0,"Local Written Blocks":0,"Temp Read Blocks":173473,"Temp Written Blocks":173478,"I/O Read Time":0.0,"I/O Write Time":0.0,"Temp I/O Read Time":293.136,"Temp I/O Write Time":816.412,"Plans":[{"Node Type":"Sort","Parent Relationship":"Outer","Parallel Aware":false,"Async Capable":false,"Startup Cost":4103747.02,"Total Cost":4103937.01,"Plan Rows":75993,"Plan Width":19,"Actual Startup Time":32120.576,"Actual Total Time":32147.903,"Actual Rows":267482,"Actual Loops":1,"Output":["supplier.su_name"],"Sort Key":["supplier.su_name"],"Sort Method":"external merge","Sort Space Used":7624,"Sort Space Type":"Disk","Shared Hit Blocks":1433315,"Shared Read Blocks":0,"Shared Dirtied Blocks":0,"Shared Written Blocks":0,"Local Hit Blocks":0,"Local Read Blocks":0,"Local Dirtied Blocks":0,"Local Written Blocks":0,"Temp Read Blocks":173473,"Temp Written Blocks":173478,"I/O Read Time":0.0,"I/O Write Time":0.0,"Temp I/O Read Time":293.136,"Temp I/O Write Time":816.412,"Plans":[{"Node Type":"Nested Loop","Parent Relationship":"Outer","Parallel Aware":false,"Async Capable":false,"Join Type":"Anti","Startup Cost":578738.75,"Total Cost":4097586.43,"Plan Rows":75993,"Plan Width":19,"Actual Startup Time":3309.387,"Actual Total Time":31972.143,"Actual Rows":267482,"Actual Loops":1,"Output":["supplier.su_name"],"Inner Unique":false,"Shared Hit Blocks":1433315,"Shared Read Blocks":0,"Shared Dirtied Blocks":0,"Shared Written Blocks":0,"Local Hit Blocks":0,"Local Read Blocks":0,"Local Dirtied Blocks":0,"Local Written Blocks":0,"Temp Read Blocks":172520,"Temp Written Blocks":172520,"I/O Read Time":0.0,"I/O Write Time":0.0,"Temp I/O Read Time":291.634,"Temp I/O Write Time":812.631,"Plans":[{"Node Type":"Hash Join","Parent Relationship":"Outer","Parallel Aware":false,"Async Capable":false,"Join Type":"Inner","Startup Cost":578738.19,"Total Cost":1821493.48,"Plan Rows":113989,"Plan Width":39,"Actual Startup Time":3309.35,"Actual Total Time":30019.888,"Actual Rows":267482,"Actual Loops":1,"Output":["supplier.su_name","l1.ol_o_id","l1.ol_w_id","l1.ol_d_id","l1.ol_delivery_d"],"Inner Unique":true,"Hash Cond":"((l1.ol_o_id = orders.o_id) AND (l1.ol_w_id = orders.o_w_id) AND (l1.ol_d_id = orders.o_d_id))","Join Filter":"(l1.ol_delivery_d > orders.o_entry_d)","Rows Removed by Join Filter":0,"Shared Hit Blocks":49398,"Shared Read Blocks":0,"Shared Dirtied Blocks":0,"Shared Written Blocks":0,"Local Hit Blocks":0,"Local Read Blocks":0,"Local Dirtied Blocks":0,"Local Written Blocks":0,"Temp Read Blocks":172520,"Temp Written Blocks":172520,"I/O Read Time":0.0,"I/O Write Time":0.0,"Temp I/O Read Time":291.634,"Temp I/O Write Time":812.631,"Plans":[{"Node Type":"Hash Join","Parent Relationship":"Outer","Parallel Aware":false,"Async Capable":false,"Join Type":"Inner","Startup Cost":449143.11,"Total Cost":1665619.76,"Plan Rows":342176,"Plan Width":41,"Actual Startup Time":2110.477,"Actual Total Time":28433.454,"Actual Rows":267496,"Actual Loops":1,"Output":["supplier.su_name","stock.s_w_id","l1.ol_o_id","l1.ol_w_id","l1.ol_d_id","l1.ol_delivery_d"],"Inner Unique":true,"Hash Cond":"(supplier.su_nationkey = nation.n_nationkey)","Shared Hit Blocks":27339,"Shared Read Blocks":0,"Shared Dirtied Blocks":0,"Shared Written Blocks":0,"Local Hit Blocks":0,"Local Read Blocks":0,"Local Dirtied Blocks":0,"Local Written Blocks":0,"Temp Read Blocks":154737,"Temp Written Blocks":154737,"I/O Read Time":0.0,"I/O Write Time":0.0,"Temp I/O Read Time":260.174,"Temp I/O Write Time":720.969,"Plans":[{"Node Type":"Hash Join","Parent Relationship":"Outer","Parallel Aware":false,"Async Capable":false,"Join Type":"Inner","Startup Cost":449141.32,"Total Cost":1606122.07,"Plan Rows":21214932,"Plan Width":45,"Actual Startup Time":2104.253,"Actual Total Time":26940.316,"Actual Rows":20982320,"Actual Loops":1,"Output":["supplier.su_name","supplier.su_nationkey","stock.s_w_id","l1.ol_o_id","l1.ol_w_id","l1.ol_d_id","l1.ol_delivery_d"],"Inner Unique":true,"Hash Cond":"(mod((stock.s_w_id * stock.s_i_id), 10000) = supplier.su_suppkey)","Shared Hit Blocks":27338,"Shared Read Blocks":0,"Shared Dirtied Blocks":0,"Shared Written Blocks":0,"Local Hit Blocks":0,"Local Read Blocks":0,"Local Dirtied Blocks":0,"Local Written Blocks":0,"Temp Read Blocks":154737,"Temp Written Blocks":154737,"I/O Read Time":0.0,"I/O Write Time":0.0,"Temp I/O Read Time":260.174,"Temp I/O Write Time":720.969,"Plans":[{"Node Type":"Hash Join","Parent Relationship":"Outer","Parallel Aware":false,"Async Capable":false,"Join Type":"Inner","Startup Cost":448777.29,"Total Cost":1544736.75,"Plan Rows":21214932,"Plan Width":26,"Actual Startup Time":2100.276,"Actual Total Time":22138.681,"Actual Rows":20982320,"Actual Loops":1,"Output":["l1.ol_o_id","l1.ol_w_id","l1.ol_d_id","l1.ol_delivery_d","stock.s_w_id","stock.s_i_id"],"Inner Unique":true,"Hash Cond":"((l1.ol_w_id = stock.s_w_id) AND (l1.ol_i_id = stock.s_i_id))","Shared Hit Blocks":27338,"Shared Read Blocks":0,"Shared Dirtied Blocks":0,"Shared Written Blocks":0,"Local Hit Blocks":0,"Local Read Blocks":0,"Local Dirtied Blocks":0,"Local Written Blocks":0,"Temp Read Blocks":154737,"Temp Written Blocks":154737,"I/O Read Time":0.0,"I/O Write Time":0.0,"Temp I/O Read Time":260.174,"Temp I/O Write Time":720.969,"Plans":[{"Node Type":"Append","Parent Relationship":"Outer","Parallel Aware":false,"Async Capable":false,"Startup Cost":20.0,"Total Cost":701820.0,"Plan Rows":20926367,"Plan Width":24,"Actual Startup Time":1.59,"Actual Total Time":3948.807,"Actual Rows":20982320,"Actual Loops":1,"Shared Hit Blocks":0,"Shared Read Blocks":0,"Shared Dirtied Blocks":0,"Shared Written Blocks":0,"Local Hit Blocks":0,"Local Read Blocks":0,"Local Dirtied Blocks":0,"Local Written Blocks":0,"Temp Read Blocks":0,"Temp Written Blocks":0,"I/O Read Time":0.0,"I/O Write Time":0.0,"Temp I/O Read Time":0.0,"Temp I/O Write Time":0.0,"Subplans Removed":0,"Plans":[{"Node Type":"Custom Scan","Parent Relationship":"Member","Custom Plan Provider":"columnar scan","Parallel Aware":false,"Async Capable":false,"Relation Name":"order_line","Schema":"public","Alias":"l1","Startup Cost":20.0,"Total Cost":533641.75,"Plan Rows":20926325,"Plan Width":24,"Actual Startup Time":1.59,"Actual Total Time":2502.082,"Actual Rows":20982320,"Actual Loops":1,"Output":["l1.ol_o_id","l1.ol_w_id","l1.ol_d_id","l1.ol_i_id","l1.ol_delivery_d"],"Filter":"(l1.ol_delivery_d >= '1992-01-02 20:10:02.27764'::timestamp without time zone)","Rows Removed by Filter":0,"Rows Removed by Columnar Filter":9015412,"Rows Filtered by Bloom Filter":0,"Dictionary Rows Filtered by Bloom Filter":19831,"Columnar projection mode":"late materialization","Columnar cache search mode":"native","Shared Hit Blocks":0,"Shared Read Blocks":0,"Shared Dirtied Blocks":0,"Shared Written Blocks":0,"Local Hit Blocks":0,"Local Read Blocks":0,"Local Dirtied Blocks":0,"Local Written Blocks":0,"Temp Read Blocks":0,"Temp Written Blocks":0,"I/O Read Time":0.0,"I/O Write Time":0.0,"Temp I/O Read Time":0.0,"Temp I/O Write Time":0.0},{"Node Type":"Seq Scan","Parent Relationship":"Member","Parallel Aware":false,"Async Capable":false,"Relation Name":"order_line","Schema":"public","Alias":"l1","Startup Cost":0.0,"Total Cost":4.75,"Plan Rows":42,"Plan Width":24,"Actual Startup Time":0.0,"Actual Total Time":0.0,"Actual Rows":0,"Actual Loops":0,"Output":["l1.ol_o_id","l1.ol_w_id","l1.ol_d_id","l1.ol_i_id","l1.ol_delivery_d"],"Filter":"(l1.ol_delivery_d >= '1992-01-02 20:10:02.27764'::timestamp without time zone)","Rows Removed by Filter":0,"Shared Hit Blocks":0,"Shared Read Blocks":0,"Shared Dirtied Blocks":0,"Shared Written Blocks":0,"Local Hit Blocks":0,"Local Read Blocks":0,"Local Dirtied Blocks":0,"Local Written Blocks":0,"Temp Read Blocks":0,"Temp Written Blocks":0,"I/O Read Time":0.0,"I/O Write Time":0.0,"Temp I/O Read Time":0.0,"Temp I/O Write Time":0.0}]},{"Node Type":"Hash","Parent Relationship":"Inner","Parallel Aware":false,"Async Capable":false,"Startup Cost":259690.86,"Total Cost":259690.86,"Plan Rows":10000162,"Plan Width":6,"Actual Startup Time":2097.321,"Actual Total Time":2097.322,"Actual Rows":10000000,"Actual Loops":1,"Output":["stock.s_w_id","stock.s_i_id"],"Hash Buckets":262144,"Original Hash Buckets":262144,"Hash Batches":64,"Original Hash Batches":64,"Peak Memory Usage":8133,"Shared Hit Blocks":27338,"Shared Read Blocks":0,"Shared Dirtied Blocks":0,"Shared Written Blocks":0,"Local Hit Blocks":0,"Local Read Blocks":0,"Local Dirtied Blocks":0,"Local Written Blocks":0,"Temp Read Blocks":0,"Temp Written Blocks":33616,"I/O Read Time":0.0,"I/O Write Time":0.0,"Temp I/O Read Time":0.0,"Temp I/O Write Time":153.191,"Plans":[{"Node Type":"Index Only Scan","Parent Relationship":"Outer","Parallel Aware":false,"Async Capable":false,"Scan Direction":"Forward","Index Name":"stock_pk","Relation Name":"stock","Schema":"public","Alias":"stock","Startup Cost":0.43,"Total Cost":259690.86,"Plan Rows":10000162,"Plan Width":6,"Actual Startup Time":0.027,"Actual Total Time":729.383,"Actual Rows":10000000,"Actual Loops":1,"Output":["stock.s_w_id","stock.s_i_id"],"Heap Fetches":0,"Shared Hit Blocks":27338,"Shared Read Blocks":0,"Shared Dirtied Blocks":0,"Shared Written Blocks":0,"Local Hit Blocks":0,"Local Read Blocks":0,"Local Dirtied Blocks":0,"Local Written Blocks":0,"Temp Read Blocks":0,"Temp Written Blocks":0,"I/O Read Time":0.0,"I/O Write Time":0.0,"Temp I/O Read Time":0.0,"Temp I/O Write Time":0.0}]}]},{"Node Type":"Hash","Parent Relationship":"Inner","Parallel Aware":false,"Async Capable":false,"Startup Cost":239.01,"Total Cost":239.01,"Plan Rows":10001,"Plan Width":27,"Actual Startup Time":3.924,"Actual Total Time":3.927,"Actual Rows":10000,"Actual Loops":1,"Output":["supplier.su_name","supplier.su_suppkey","supplier.su_nationkey"],"Hash Buckets":16384,"Original Hash Buckets":16384,"Hash Batches":1,"Original Hash Batches":1,"Peak Memory Usage":714,"Shared Hit Blocks":0,"Shared Read Blocks":0,"Shared Dirtied Blocks":0,"Shared Written Blocks":0,"Local Hit Blocks":0,"Local Read Blocks":0,"Local Dirtied Blocks":0,"Local Written Blocks":0,"Temp Read Blocks":0,"Temp Written Blocks":0,"I/O Read Time":0.0,"I/O Write Time":0.0,"Temp I/O Read Time":0.0,"Temp I/O Write Time":0.0,"Plans":[{"Node Type":"Append","Parent Relationship":"Outer","Parallel Aware":false,"Async Capable":false,"Startup Cost":20.0,"Total Cost":239.01,"Plan Rows":10001,"Plan Width":27,"Actual Startup Time":0.029,"Actual Total Time":2.357,"Actual Rows":10000,"Actual Loops":1,"Shared Hit Blocks":0,"Shared Read Blocks":0,"Shared Dirtied Blocks":0,"Shared Written Blocks":0,"Local Hit Blocks":0,"Local Read Blocks":0,"Local Dirtied Blocks":0,"Local Written Blocks":0,"Temp Read Blocks":0,"Temp Written Blocks":0,"I/O Read Time":0.0,"I/O Write Time":0.0,"Temp I/O Read Time":0.0,"Temp I/O Write Time":0.0,"Subplans Removed":0,"Plans":[{"Node Type":"Custom Scan","Parent Relationship":"Member","Custom Plan Provider":"columnar scan","Parallel Aware":false,"Async Capable":false,"Relation Name":"supplier","Schema":"public","Alias":"supplier","Startup Cost":20.0,"Total Cost":235.0,"Plan Rows":10000,"Plan Width":27,"Actual Startup Time":0.028,"Actual Total Time":1.493,"Actual Rows":10000,"Actual Loops":1,"Output":["supplier.su_name","supplier.su_suppkey","supplier.su_nationkey"],"Rows Removed by Columnar Filter":0,"Columnar cache search mode":"native","Shared Hit Blocks":0,"Shared Read Blocks":0,"Shared Dirtied Blocks":0,"Shared Written Blocks":0,"Local Hit Blocks":0,"Local Read Blocks":0,"Local Dirtied Blocks":0,"Local Written Blocks":0,"Temp Read Blocks":0,"Temp Written Blocks":0,"I/O Read Time":0.0,"I/O Write Time":0.0,"Temp I/O Read Time":0.0,"Temp I/O Write Time":0.0},{"Node Type":"Seq Scan","Parent Relationship":"Member","Parallel Aware":false,"Async Capable":false,"Relation Name":"supplier","Schema":"public","Alias":"supplier","Startup Cost":0.0,"Total Cost":4.01,"Plan Rows":1,"Plan Width":27,"Actual Startup Time":0.0,"Actual Total Time":0.0,"Actual Rows":0,"Actual Loops":0,"Output":["supplier.su_name","supplier.su_suppkey","supplier.su_nationkey"],"Shared Hit Blocks":0,"Shared Read Blocks":0,"Shared Dirtied Blocks":0,"Shared Written Blocks":0,"Local Hit Blocks":0,"Local Read Blocks":0,"Local Dirtied Blocks":0,"Local Written Blocks":0,"Temp Read Blocks":0,"Temp Written Blocks":0,"I/O Read Time":0.0,"I/O Write Time":0.0,"Temp I/O Read Time":0.0,"Temp I/O Write Time":0.0}]}]}]},{"Node Type":"Hash","Parent Relationship":"Inner","Parallel Aware":false,"Async Capable":false,"Startup Cost":1.77,"Total Cost":1.77,"Plan Rows":1,"Plan Width":4,"Actual Startup Time":0.021,"Actual Total Time":0.022,"Actual Rows":1,"Actual Loops":1,"Output":["nation.n_nationkey"],"Hash Buckets":1024,"Original Hash Buckets":1024,"Hash Batches":1,"Original Hash Batches":1,"Peak Memory Usage":9,"Shared Hit Blocks":1,"Shared Read Blocks":0,"Shared Dirtied Blocks":0,"Shared Written Blocks":0,"Local Hit Blocks":0,"Local Read Blocks":0,"Local Dirtied Blocks":0,"Local Written Blocks":0,"Temp Read Blocks":0,"Temp Written Blocks":0,"I/O Read Time":0.0,"I/O Write Time":0.0,"Temp I/O Read Time":0.0,"Temp I/O Write Time":0.0,"Plans":[{"Node Type":"Seq Scan","Parent Relationship":"Outer","Parallel Aware":false,"Async Capable":false,"Relation Name":"nation","Schema":"public","Alias":"nation","Startup Cost":0.0,"Total Cost":1.77,"Plan Rows":1,"Plan Width":4,"Actual Startup Time":0.015,"Actual Total Time":0.018,"Actual Rows":1,"Actual Loops":1,"Output":["nation.n_nationkey"],"Filter":"((nation.n_name)::text = 'Cambodia'::text)","Rows Removed by Filter":61,"Shared Hit Blocks":1,"Shared Read Blocks":0,"Shared Dirtied Blocks":0,"Shared Written Blocks":0,"Local Hit Blocks":0,"Local Read Blocks":0,"Local Dirtied Blocks":0,"Local Written Blocks":0,"Temp Read Blocks":0,"Temp Written Blocks":0,"I/O Read Time":0.0,"I/O Write Time":0.0,"Temp I/O Read Time":0.0,"Temp I/O Write Time":0.0}]}]},{"Node Type":"Hash","Parent Relationship":"Inner","Parallel Aware":false,"Async Capable":false,"Startup Cost":59559.0,"Total Cost":59559.0,"Plan Rows":2998176,"Plan Width":20,"Actual Startup Time":1181.173,"Actual Total Time":1181.174,"Actual Rows":2997892,"Actual Loops":1,"Output":["orders.o_id","orders.o_w_id","orders.o_d_id","orders.o_entry_d"],"Hash Buckets":131072,"Original Hash Buckets":131072,"Hash Batches":32,"Original Hash Batches":32,"Peak Memory Usage":6158,"Shared Hit Blocks":22059,"Shared Read Blocks":0,"Shared Dirtied Blocks":0,"Shared Written Blocks":0,"Local Hit Blocks":0,"Local Read Blocks":0,"Local Dirtied Blocks":0,"Local Written Blocks":0,"Temp Read Blocks":0,"Temp Written Blocks":15583,"I/O Read Time":0.0,"I/O Write Time":0.0,"Temp I/O Read Time":0.0,"Temp I/O Write Time":74.213,"Plans":[{"Node Type":"Seq Scan","Parent Relationship":"Outer","Parallel Aware":false,"Async Capable":false,"Relation Name":"orders","Schema":"public","Alias":"orders","Startup Cost":0.0,"Total Cost":59559.0,"Plan Rows":2998176,"Plan Width":20,"Actual Startup Time":0.013,"Actual Total Time":416.584,"Actual Rows":2997892,"Actual Loops":1,"Output":["orders.o_id","orders.o_w_id","orders.o_d_id","orders.o_entry_d"],"Filter":"(orders.o_entry_d >= '1992-01-02 20:10:02.27764'::timestamp without time zone)","Rows Removed by Filter":2108,"Shared Hit Blocks":22059,"Shared Read Blocks":0,"Shared Dirtied Blocks":0,"Shared Written Blocks":0,"Local Hit Blocks":0,"Local Read Blocks":0,"Local Dirtied Blocks":0,"Local Written Blocks":0,"Temp Read Blocks":0,"Temp Written Blocks":0,"I/O Read Time":0.0,"I/O Write Time":0.0,"Temp I/O Read Time":0.0,"Temp I/O Write Time":0.0}]}]},{"Node Type":"Index Scan","Parent Relationship":"Inner","Parallel Aware":false,"Async Capable":false,"Scan Direction":"Forward","Index Name":"order_line_pk","Relation Name":"order_line","Schema":"public","Alias":"l2","Startup Cost":0.56,"Total Cost":26.51,"Plan Rows":2,"Plan Width":20,"Actual Startup Time":0.007,"Actual Total Time":0.007,"Actual Rows":0,"Actual Loops":267482,"Output":["l2.ol_o_id","l2.ol_d_id","l2.ol_w_id","l2.ol_number","l2.ol_i_id","l2.ol_supply_w_id","l2.ol_delivery_d","l2.ol_quantity","l2.ol_amount","l2.ol_dist_info"],"Index Cond":"((l2.ol_w_id = l1.ol_w_id) AND (l2.ol_d_id = l1.ol_d_id) AND (l2.ol_o_id = l1.ol_o_id))","Rows Removed by Index Recheck":0,"Filter":"((l2.ol_delivery_d >= '1992-01-02 20:10:02.27764'::timestamp without time zone) AND (l2.ol_delivery_d > l1.ol_delivery_d))","Rows Removed by Filter":11,"Shared Hit Blocks":1383917,"Shared Read Blocks":0,"Shared Dirtied Blocks":0,"Shared Written Blocks":0,"Local Hit Blocks":0,"Local Read Blocks":0,"Local Dirtied Blocks":0,"Local Written Blocks":0,"Temp Read Blocks":0,"Temp Written Blocks":0,"I/O Read Time":0.0,"I/O Write Time":0.0,"Temp I/O Read Time":0.0,"Temp I/O Write Time":0.0}]}]}]}]},"Planning":{"Shared Hit Blocks":4,"Shared Read Blocks":0,"Shared Dirtied Blocks":0,"Shared Written Blocks":0,"Local Hit Blocks":0,"Local Read Blocks":0,"Local Dirtied Blocks":0,"Local Written Blocks":0,"Temp Read Blocks":0,"Temp Written Blocks":0,"I/O Read Time":0.0,"I/O Write Time":0.0,"Temp I/O Read Time":0.0,"Temp I/O Write Time":0.0},"Planning Time":1.727,"Triggers":[],"Execution Time":32174.25}]
[列存组合]: order_line, stock, supplier
[{"Plan":{"Node Type":"Sort","Parallel Aware":false,"Async Capable":false,"Startup Cost":3010905.71,"Total Cost":3010930.71,"Plan Rows":10000,"Plan Width":27,"Actual Startup Time":23129.089,"Actual Total Time":23129.141,"Actual Rows":156,"Actual Loops":1,"Output":["supplier.su_name","(count(*))"],"Sort Key":["(count(*)) DESC","supplier.su_name"],"Sort Method":"quicksort","Sort Space Used":35,"Sort Space Type":"Memory","Shared Hit Blocks":22060,"Shared Read Blocks":0,"Shared Dirtied Blocks":0,"Shared Written Blocks":0,"Local Hit Blocks":0,"Local Read Blocks":0,"Local Dirtied Blocks":0,"Local Written Blocks":0,"Temp Read Blocks":133545,"Temp Written Blocks":133550,"I/O Read Time":0.0,"I/O Write Time":0.0,"Temp I/O Read Time":207.766,"Temp I/O Write Time":648.972,"Plans":[{"Node Type":"Aggregate","Strategy":"Sorted","Partial Mode":"Simple","Parent Relationship":"Outer","Parallel Aware":false,"Async Capable":false,"Startup Cost":3009571.37,"Total Cost":3010241.32,"Plan Rows":10000,"Plan Width":27,"Actual Startup Time":23077.87,"Actual Total Time":23129.085,"Actual Rows":156,"Actual Loops":1,"Output":["supplier.su_name","count(*)"],"Group Key":["supplier.su_name"],"Shared Hit Blocks":22060,"Shared Read Blocks":0,"Shared Dirtied Blocks":0,"Shared Written Blocks":0,"Local Hit Blocks":0,"Local Read Blocks":0,"Local Dirtied Blocks":0,"Local Written Blocks":0,"Temp Read Blocks":133545,"Temp Written Blocks":133550,"I/O Read Time":0.0,"I/O Write Time":0.0,"Temp I/O Read Time":207.766,"Temp I/O Write Time":648.972,"Plans":[{"Node Type":"Sort","Parent Relationship":"Outer","Parallel Aware":false,"Async Capable":false,"Startup Cost":3009571.37,"Total Cost":3009761.35,"Plan Rows":75993,"Plan Width":19,"Actual Startup Time":23077.688,"Actual Total Time":23104.438,"Actual Rows":267482,"Actual Loops":1,"Output":["supplier.su_name"],"Sort Key":["supplier.su_name"],"Sort Method":"external merge","Sort Space Used":7624,"Sort Space Type":"Disk","Shared Hit Blocks":22060,"Shared Read Blocks":0,"Shared Dirtied Blocks":0,"Shared Written Blocks":0,"Local Hit Blocks":0,"Local Read Blocks":0,"Local Dirtied Blocks":0,"Local Written Blocks":0,"Temp Read Blocks":133545,"Temp Written Blocks":133550,"I/O Read Time":0.0,"I/O Write Time":0.0,"Temp I/O Read Time":207.766,"Temp I/O Write Time":648.972,"Plans":[{"Node Type":"Hash Join","Parent Relationship":"Outer","Parallel Aware":false,"Async Capable":false,"Join Type":"Anti","Startup Cost":1349931.33,"Total Cost":3003410.78,"Plan Rows":75993,"Plan Width":19,"Actual Startup Time":10279.368,"Actual Total Time":22936.082,"Actual Rows":267482,"Actual Loops":1,"Output":["supplier.su_name"],"Hash Cond":"((l1.ol_o_id = l2.ol_o_id) AND (l1.ol_w_id = l2.ol_w_id) AND (l1.ol_d_id = l2.ol_d_id))","Join Filter":"(l2.ol_delivery_d > l1.ol_delivery_d)","Rows Removed by Join Filter":2942288,"Shared Hit Blocks":22060,"Shared Read Blocks":0,"Shared Dirtied Blocks":0,"Shared Written Blocks":0,"Local Hit Blocks":0,"Local Read Blocks":0,"Local Dirtied Blocks":0,"Local Written Blocks":0,"Temp Read Blocks":132592,"Temp Written Blocks":132592,"I/O Read Time":0.0,"I/O Write Time":0.0,"Temp I/O Read Time":206.42,"Temp I/O Write Time":645.283,"Plans":[{"Node Type":"Hash Join","Parent Relationship":"Outer","Parallel Aware":false,"Async Capable":false,"Join Type":"Inner","Startup Cost":159283.91,"Total Cost":757672.31,"Plan Rows":113989,"Plan Width":39,"Actual Startup Time":1872.594,"Actual Total Time":12896.216,"Actual Rows":267482,"Actual Loops":1,"Output":["supplier.su_name","l1.ol_o_id","l1.ol_w_id","l1.ol_d_id","l1.ol_delivery_d"],"Hash Cond":"((l1.ol_o_id = orders.o_id) AND (l1.ol_w_id = orders.o_w_id) AND (l1.ol_d_id = orders.o_d_id))","Join Filter":"(l1.ol_delivery_d > orders.o_entry_d)","Rows Removed by Join Filter":0,"Shared Hit Blocks":22060,"Shared Read Blocks":0,"Shared Dirtied Blocks":0,"Shared Written Blocks":0,"Local Hit Blocks":0,"Local Read Blocks":0,"Local Dirtied Blocks":0,"Local Written Blocks":0,"Temp Read Blocks":17783,"Temp Written Blocks":17783,"I/O Read Time":0.0,"I/O Write Time":0.0,"Temp I/O Read Time":29.001,"Temp I/O Write Time":87.282,"Plans":[{"Node Type":"Hash Join","Parent Relationship":"Outer","Parallel Aware":false,"Async Capable":false,"Join Type":"Inner","Startup Cost":29688.83,"Total Cost":601798.6,"Plan Rows":342176,"Plan Width":41,"Actual Startup Time":797.328,"Actual Total Time":11464.235,"Actual Rows":267496,"Actual Loops":1,"Output":["supplier.su_name","stock.s_w_id","l1.ol_o_id","l1.ol_w_id","l1.ol_d_id","l1.ol_delivery_d"],"Hash Cond":"(supplier.su_nationkey = nation.n_nationkey)","Shared Hit Blocks":1,"Shared Read Blocks":0,"Shared Dirtied Blocks":0,"Shared Written Blocks":0,"Local Hit Blocks":0,"Local Read Blocks":0,"Local Dirtied Blocks":0,"Local Written Blocks":0,"Temp Read Blocks":0,"Temp Written Blocks":0,"I/O Read Time":0.0,"I/O Write Time":0.0,"Temp I/O Read Time":0.0,"Temp I/O Write Time":0.0,"Plans":[{"Node Type":"Hash Join","Parent Relationship":"Outer","Parallel Aware":false,"Async Capable":false,"Join Type":"Inner","Startup Cost":29687.04,"Total Cost":542300.91,"Plan Rows":21214932,"Plan Width":45,"Actual Startup Time":797.222,"Actual Total Time":10038.268,"Actual Rows":20982320,"Actual Loops":1,"Output":["supplier.su_name","supplier.su_nationkey","stock.s_w_id","l1.ol_o_id","l1.ol_w_id","l1.ol_d_id","l1.ol_delivery_d"],"Hash Cond":"(mod((stock.s_w_id * stock.s_i_id), 10000) = supplier.su_suppkey)","Shared Hit Blocks":0,"Shared Read Blocks":0,"Shared Dirtied Blocks":0,"Shared Written Blocks":0,"Local Hit Blocks":0,"Local Read Blocks":0,"Local Dirtied Blocks":0,"Local Written Blocks":0,"Temp Read Blocks":0,"Temp Written Blocks":0,"I/O Read Time":0.0,"I/O Write Time":0.0,"Temp I/O Read Time":0.0,"Temp I/O Write Time":0.0,"Plans":[{"Node Type":"Hash Join","Parent Relationship":"Outer","Parallel Aware":false,"Async Capable":false,"Join Type":"Inner","Startup Cost":29323.02,"Total Cost":480915.59,"Plan Rows":21214932,"Plan Width":26,"Actual Startup Time":793.635,"Actual Total Time":5592.112,"Actual Rows":20982320,"Actual Loops":1,"Output":["l1.ol_o_id","l1.ol_w_id","l1.ol_d_id","l1.ol_delivery_d","stock.s_w_id","stock.s_i_id"],"Hash Cond":"((l1.ol_w_id = stock.s_w_id) AND (l1.ol_i_id = stock.s_i_id))","Rows Removed by Bloom Filter":0,"Shared Hit Blocks":0,"Shared Read Blocks":0,"Shared Dirtied Blocks":0,"Shared Written Blocks":0,"Local Hit Blocks":0,"Local Read Blocks":0,"Local Dirtied Blocks":0,"Local Written Blocks":0,"Temp Read Blocks":0,"Temp Written Blocks":0,"I/O Read Time":0.0,"I/O Write Time":0.0,"Temp I/O Read Time":0.0,"Temp I/O Write Time":0.0,"Plans":[{"Node Type":"Append","Parent Relationship":"Outer","Parallel Aware":false,"Async Capable":false,"Startup Cost":20.0,"Total Cost":533646.5,"Plan Rows":20926367,"Plan Width":24,"Actual Startup Time":108.93,"Actual Total Time":108.947,"Actual Rows":20982320,"Actual Loops":1,"Shared Hit Blocks":0,"Shared Read Blocks":0,"Shared Dirtied Blocks":0,"Shared Written Blocks":0,"Local Hit Blocks":0,"Local Read Blocks":0,"Local Dirtied Blocks":0,"Local Written Blocks":0,"Temp Read Blocks":0,"Temp Written Blocks":0,"I/O Read Time":0.0,"I/O Write Time":0.0,"Temp I/O Read Time":0.0,"Temp I/O Write Time":0.0,"Subplans Removed":0,"Plans":[{"Node Type":"Custom Scan","Parent Relationship":"Member","Custom Plan Provider":"columnar scan","Parallel Aware":false,"Async Capable":false,"Relation Name":"order_line","Schema":"public","Alias":"l1","Startup Cost":20.0,"Total Cost":533641.75,"Plan Rows":20926325,"Plan Width":24,"Actual Startup Time":108.929,"Actual Total Time":108.93,"Actual Rows":20982320,"Actual Loops":1,"Output":["l1.ol_o_id","l1.ol_w_id","l1.ol_d_id","l1.ol_i_id","l1.ol_delivery_d"],"Filter":"(l1.ol_delivery_d >= '1992-01-02 20:10:02.27764'::timestamp without time zone)","Rows Removed by Filter":0,"Rows Removed by Columnar Filter":9015412,"Rows Filtered by Bloom Filter":0,"Dictionary Rows Filtered by Bloom Filter":19831,"Columnar cache search mode":"native","Shared Hit Blocks":0,"Shared Read Blocks":0,"Shared Dirtied Blocks":0,"Shared Written Blocks":0,"Local Hit Blocks":0,"Local Read Blocks":0,"Local Dirtied Blocks":0,"Local Written Blocks":0,"Temp Read Blocks":0,"Temp Written Blocks":0,"I/O Read Time":0.0,"I/O Write Time":0.0,"Temp I/O Read Time":0.0,"Temp I/O Write Time":0.0},{"Node Type":"Seq Scan","Parent Relationship":"Member","Parallel Aware":false,"Async Capable":false,"Relation Name":"order_line","Schema":"public","Alias":"l1","Startup Cost":0.0,"Total Cost":4.75,"Plan Rows":42,"Plan Width":24,"Actual Startup Time":0.0,"Actual Total Time":0.0,"Actual Rows":0,"Actual Loops":0,"Output":["l1.ol_o_id","l1.ol_w_id","l1.ol_d_id","l1.ol_i_id","l1.ol_delivery_d"],"Filter":"(l1.ol_delivery_d >= '1992-01-02 20:10:02.27764'::timestamp without time zone)","Rows Removed by Filter":0,"Shared Hit Blocks":0,"Shared Read Blocks":0,"Shared Dirtied Blocks":0,"Shared Written Blocks":0,"Local Hit Blocks":0,"Local Read Blocks":0,"Local Dirtied Blocks":0,"Local Written Blocks":0,"Temp Read Blocks":0,"Temp Written Blocks":0,"I/O Read Time":0.0,"I/O Write Time":0.0,"Temp I/O Read Time":0.0,"Temp I/O Write Time":0.0}]},{"Node Type":"Hash","Parent Relationship":"Inner","Parallel Aware":false,"Async Capable":false,"Startup Cost":195025.67,"Total Cost":195025.67,"Plan Rows":10000162,"Plan Width":6,"Actual Rows":10000000,"Actual Loops":1,"Output":["stock.s_w_id","stock.s_i_id"],"Shared Hit Blocks":0,"Shared Read Blocks":0,"Shared Dirtied Blocks":0,"Shared Written Blocks":0,"Local Hit Blocks":0,"Local Read Blocks":0,"Local Dirtied Blocks":0,"Local Written Blocks":0,"Temp Read Blocks":0,"Temp Written Blocks":0,"I/O Read Time":0.0,"I/O Write Time":0.0,"Temp I/O Read Time":0.0,"Temp I/O Write Time":0.0,"Plans":[{"Node Type":"Append","Parent Relationship":"Outer","Parallel Aware":false,"Async Capable":false,"Startup Cost":20.0,"Total Cost":195025.67,"Plan Rows":10000162,"Plan Width":6,"Actual Startup Time":0.245,"Actual Total Time":0.247,"Actual Rows":10000000,"Actual Loops":1,"Shared Hit Blocks":0,"Shared Read Blocks":0,"Shared Dirtied Blocks":0,"Shared Written Blocks":0,"Local Hit Blocks":0,"Local Read Blocks":0,"Local Dirtied Blocks":0,"Local Written Blocks":0,"Temp Read Blocks":0,"Temp Written Blocks":0,"I/O Read Time":0.0,"I/O Write Time":0.0,"Temp I/O Read Time":0.0,"Temp I/O Write Time":0.0,"Subplans Removed":0,"Plans":[{"Node Type":"Custom Scan","Parent Relationship":"Member","Custom Plan Provider":"columnar scan","Parallel Aware":false,"Async Capable":false,"Relation Name":"stock","Schema":"public","Alias":"stock","Startup Cost":20.0,"Total Cost":195020.05,"Plan Rows":10000000,"Plan Width":6,"Actual Startup Time":0.245,"Actual Total Time":0.245,"Actual Rows":10000000,"Actual Loops":1,"Output":["stock.s_w_id","stock.s_i_id"],"Rows Removed by Columnar Filter":0,"Columnar cache search mode":"native","Shared Hit Blocks":0,"Shared Read Blocks":0,"Shared Dirtied Blocks":0,"Shared Written Blocks":0,"Local Hit Blocks":0,"Local Read Blocks":0,"Local Dirtied Blocks":0,"Local Written Blocks":0,"Temp Read Blocks":0,"Temp Written Blocks":0,"I/O Read Time":0.0,"I/O Write Time":0.0,"Temp I/O Read Time":0.0,"Temp I/O Write Time":0.0},{"Node Type":"Seq Scan","Parent Relationship":"Member","Parallel Aware":false,"Async Capable":false,"Relation Name":"stock","Schema":"public","Alias":"stock","Startup Cost":0.0,"Total Cost":5.62,"Plan Rows":162,"Plan Width":6,"Actual Startup Time":0.0,"Actual Total Time":0.0,"Actual Rows":0,"Actual Loops":0,"Output":["stock.s_w_id","stock.s_i_id"],"Shared Hit Blocks":0,"Shared Read Blocks":0,"Shared Dirtied Blocks":0,"Shared Written Blocks":0,"Local Hit Blocks":0,"Local Read Blocks":0,"Local Dirtied Blocks":0,"Local Written Blocks":0,"Temp Read Blocks":0,"Temp Written Blocks":0,"I/O Read Time":0.0,"I/O Write Time":0.0,"Temp I/O Read Time":0.0,"Temp I/O Write Time":0.0}]}]}]},{"Node Type":"Hash","Parent Relationship":"Inner","Parallel Aware":false,"Async Capable":false,"Startup Cost":239.01,"Total Cost":239.01,"Plan Rows":10001,"Plan Width":27,"Actual Startup Time":3.523,"Actual Total Time":3.526,"Actual Rows":10000,"Actual Loops":1,"Output":["supplier.su_name","supplier.su_suppkey","supplier.su_nationkey"],"Hash Buckets":16384,"Original Hash Buckets":16384,"Hash Batches":1,"Original Hash Batches":1,"Peak Memory Usage":714,"Shared Hit Blocks":0,"Shared Read Blocks":0,"Shared Dirtied Blocks":0,"Shared Written Blocks":0,"Local Hit Blocks":0,"Local Read Blocks":0,"Local Dirtied Blocks":0,"Local Written Blocks":0,"Temp Read Blocks":0,"Temp Written Blocks":0,"I/O Read Time":0.0,"I/O Write Time":0.0,"Temp I/O Read Time":0.0,"Temp I/O Write Time":0.0,"Plans":[{"Node Type":"Append","Parent Relationship":"Outer","Parallel Aware":false,"Async Capable":false,"Startup Cost":20.0,"Total Cost":239.01,"Plan Rows":10001,"Plan Width":27,"Actual Startup Time":0.025,"Actual Total Time":2.065,"Actual Rows":10000,"Actual Loops":1,"Shared Hit Blocks":0,"Shared Read Blocks":0,"Shared Dirtied Blocks":0,"Shared Written Blocks":0,"Local Hit Blocks":0,"Local Read Blocks":0,"Local Dirtied Blocks":0,"Local Written Blocks":0,"Temp Read Blocks":0,"Temp Written Blocks":0,"I/O Read Time":0.0,"I/O Write Time":0.0,"Temp I/O Read Time":0.0,"Temp I/O Write Time":0.0,"Subplans Removed":0,"Plans":[{"Node Type":"Custom Scan","Parent Relationship":"Member","Custom Plan Provider":"columnar scan","Parallel Aware":false,"Async Capable":false,"Relation Name":"supplier","Schema":"public","Alias":"supplier","Startup Cost":20.0,"Total Cost":235.0,"Plan Rows":10000,"Plan Width":27,"Actual Startup Time":0.023,"Actual Total Time":1.347,"Actual Rows":10000,"Actual Loops":1,"Output":["supplier.su_name","supplier.su_suppkey","supplier.su_nationkey"],"Rows Removed by Columnar Filter":0,"Columnar cache search mode":"native","Shared Hit Blocks":0,"Shared Read Blocks":0,"Shared Dirtied Blocks":0,"Shared Written Blocks":0,"Local Hit Blocks":0,"Local Read Blocks":0,"Local Dirtied Blocks":0,"Local Written Blocks":0,"Temp Read Blocks":0,"Temp Written Blocks":0,"I/O Read Time":0.0,"I/O Write Time":0.0,"Temp I/O Read Time":0.0,"Temp I/O Write Time":0.0},{"Node Type":"Seq Scan","Parent Relationship":"Member","Parallel Aware":false,"Async Capable":false,"Relation Name":"supplier","Schema":"public","Alias":"supplier","Startup Cost":0.0,"Total Cost":4.01,"Plan Rows":1,"Plan Width":27,"Actual Startup Time":0.0,"Actual Total Time":0.0,"Actual Rows":0,"Actual Loops":0,"Output":["supplier.su_name","supplier.su_suppkey","supplier.su_nationkey"],"Shared Hit Blocks":0,"Shared Read Blocks":0,"Shared Dirtied Blocks":0,"Shared Written Blocks":0,"Local Hit Blocks":0,"Local Read Blocks":0,"Local Dirtied Blocks":0,"Local Written Blocks":0,"Temp Read Blocks":0,"Temp Written Blocks":0,"I/O Read Time":0.0,"I/O Write Time":0.0,"Temp I/O Read Time":0.0,"Temp I/O Write Time":0.0}]}]}]},{"Node Type":"Hash","Parent Relationship":"Inner","Parallel Aware":false,"Async Capable":false,"Startup Cost":1.77,"Total Cost":1.77,"Plan Rows":1,"Plan Width":4,"Actual Startup Time":0.02,"Actual Total Time":0.023,"Actual Rows":1,"Actual Loops":1,"Output":["nation.n_nationkey"],"Hash Buckets":1024,"Original Hash Buckets":1024,"Hash Batches":1,"Original Hash Batches":1,"Peak Memory Usage":9,"Shared Hit Blocks":1,"Shared Read Blocks":0,"Shared Dirtied Blocks":0,"Shared Written Blocks":0,"Local Hit Blocks":0,"Local Read Blocks":0,"Local Dirtied Blocks":0,"Local Written Blocks":0,"Temp Read Blocks":0,"Temp Written Blocks":0,"I/O Read Time":0.0,"I/O Write Time":0.0,"Temp I/O Read Time":0.0,"Temp I/O Write Time":0.0,"Plans":[{"Node Type":"Seq Scan","Parent Relationship":"Outer","Parallel Aware":false,"Async Capable":false,"Relation Name":"nation","Schema":"public","Alias":"nation","Startup Cost":0.0,"Total Cost":1.77,"Plan Rows":1,"Plan Width":4,"Actual Startup Time":0.015,"Actual Total Time":0.018,"Actual Rows":1,"Actual Loops":1,"Output":["nation.n_nationkey"],"Filter":"((nation.n_name)::text = 'Cambodia'::text)","Rows Removed by Filter":61,"Shared Hit Blocks":1,"Shared Read Blocks":0,"Shared Dirtied Blocks":0,"Shared Written Blocks":0,"Local Hit Blocks":0,"Local Read Blocks":0,"Local Dirtied Blocks":0,"Local Written Blocks":0,"Temp Read Blocks":0,"Temp Written Blocks":0,"I/O Read Time":0.0,"I/O Write Time":0.0,"Temp I/O Read Time":0.0,"Temp I/O Write Time":0.0}]}]},{"Node Type":"Hash","Parent Relationship":"Inner","Parallel Aware":false,"Async Capable":false,"Startup Cost":59559.0,"Total Cost":59559.0,"Plan Rows":2998176,"Plan Width":20,"Actual Startup Time":1073.007,"Actual Total Time":1073.009,"Actual Rows":2997892,"Actual Loops":1,"Output":["orders.o_id","orders.o_w_id","orders.o_d_id","orders.o_entry_d"],"Hash Buckets":131072,"Original Hash Buckets":131072,"Hash Batches":32,"Original Hash Batches":32,"Peak Memory Usage":6158,"Shared Hit Blocks":22059,"Shared Read Blocks":0,"Shared Dirtied Blocks":0,"Shared Written Blocks":0,"Local Hit Blocks":0,"Local Read Blocks":0,"Local Dirtied Blocks":0,"Local Written Blocks":0,"Temp Read Blocks":0,"Temp Written Blocks":15583,"I/O Read Time":0.0,"I/O Write Time":0.0,"Temp I/O Read Time":0.0,"Temp I/O Write Time":70.415,"Plans":[{"Node Type":"Seq Scan","Parent Relationship":"Outer","Parallel Aware":false,"Async Capable":false,"Relation Name":"orders","Schema":"public","Alias":"orders","Startup Cost":0.0,"Total Cost":59559.0,"Plan Rows":2998176,"Plan Width":20,"Actual Startup Time":0.015,"Actual Total Time":373.979,"Actual Rows":2997892,"Actual Loops":1,"Output":["orders.o_id","orders.o_w_id","orders.o_d_id","orders.o_entry_d"],"Filter":"(orders.o_entry_d >= '1992-01-02 20:10:02.27764'::timestamp without time zone)","Rows Removed by Filter":2108,"Shared Hit Blocks":22059,"Shared Read Blocks":0,"Shared Dirtied Blocks":0,"Shared Written Blocks":0,"Local Hit Blocks":0,"Local Read Blocks":0,"Local Dirtied Blocks":0,"Local Written Blocks":0,"Temp Read Blocks":0,"Temp Written Blocks":0,"I/O Read Time":0.0,"I/O Write Time":0.0,"Temp I/O Read Time":0.0,"Temp I/O Write Time":0.0}]}]},{"Node Type":"Hash","Parent Relationship":"Inner","Parallel Aware":false,"Async Capable":false,"Startup Cost":701820.0,"Total Cost":701820.0,"Plan Rows":20926367,"Plan Width":20,"Actual Startup Time":8392.826,"Actual Total Time":8392.83,"Actual Rows":21002151,"Actual Loops":1,"Output":["l2.ol_o_id","l2.ol_w_id","l2.ol_d_id","l2.ol_delivery_d"],"Hash Buckets":131072,"Original Hash Buckets":131072,"Hash Batches":256,"Original Hash Batches":256,"Peak Memory Usage":5530,"Shared Hit Blocks":0,"Shared Read Blocks":0,"Shared Dirtied Blocks":0,"Shared Written Blocks":0,"Local Hit Blocks":0,"Local Read Blocks":0,"Local Dirtied Blocks":0,"Local Written Blocks":0,"Temp Read Blocks":0,"Temp Written Blocks":112225,"I/O Read Time":0.0,"I/O Write Time":0.0,"Temp I/O Read Time":0.0,"Temp I/O Write Time":544.921,"Plans":[{"Node Type":"Append","Parent Relationship":"Outer","Parallel Aware":false,"Async Capable":false,"Startup Cost":20.0,"Total Cost":701820.0,"Plan Rows":20926367,"Plan Width":20,"Actual Startup Time":0.048,"Actual Total Time":4635.218,"Actual Rows":21002151,"Actual Loops":1,"Shared Hit Blocks":0,"Shared Read Blocks":0,"Shared Dirtied Blocks":0,"Shared Written Blocks":0,"Local Hit Blocks":0,"Local Read Blocks":0,"Local Dirtied Blocks":0,"Local Written Blocks":0,"Temp Read Blocks":0,"Temp Written Blocks":0,"I/O Read Time":0.0,"I/O Write Time":0.0,"Temp I/O Read Time":0.0,"Temp I/O Write Time":0.0,"Subplans Removed":0,"Plans":[{"Node Type":"Custom Scan","Parent Relationship":"Member","Custom Plan Provider":"columnar scan","Parallel Aware":false,"Async Capable":false,"Relation Name":"order_line","Schema":"public","Alias":"l2","Startup Cost":20.0,"Total Cost":491789.1,"Plan Rows":20926325,"Plan Width":20,"Actual Startup Time":0.046,"Actual Total Time":3147.217,"Actual Rows":21002151,"Actual Loops":1,"Output":["l2.ol_o_id","l2.ol_w_id","l2.ol_d_id","l2.ol_delivery_d"],"Filter":"(l2.ol_delivery_d >= '1992-01-02 20:10:02.27764'::timestamp without time zone)","Rows Removed by Filter":0,"Rows Removed by Columnar Filter":8995581,"Columnar cache search mode":"native","Shared Hit Blocks":0,"Shared Read Blocks":0,"Shared Dirtied Blocks":0,"Shared Written Blocks":0,"Local Hit Blocks":0,"Local Read Blocks":0,"Local Dirtied Blocks":0,"Local Written Blocks":0,"Temp Read Blocks":0,"Temp Written Blocks":0,"I/O Read Time":0.0,"I/O Write Time":0.0,"Temp I/O Read Time":0.0,"Temp I/O Write Time":0.0},{"Node Type":"Seq Scan","Parent Relationship":"Member","Parallel Aware":false,"Async Capable":false,"Relation Name":"order_line","Schema":"public","Alias":"l2","Startup Cost":0.0,"Total Cost":4.75,"Plan Rows":42,"Plan Width":20,"Actual Startup Time":0.0,"Actual Total Time":0.0,"Actual Rows":0,"Actual Loops":0,"Output":["l2.ol_o_id","l2.ol_w_id","l2.ol_d_id","l2.ol_delivery_d"],"Filter":"(l2.ol_delivery_d >= '1992-01-02 20:10:02.27764'::timestamp without time zone)","Rows Removed by Filter":0,"Shared Hit Blocks":0,"Shared Read Blocks":0,"Shared Dirtied Blocks":0,"Shared Written Blocks":0,"Local Hit Blocks":0,"Local Read Blocks":0,"Local Dirtied Blocks":0,"Local Written Blocks":0,"Temp Read Blocks":0,"Temp Written Blocks":0,"I/O Read Time":0.0,"I/O Write Time":0.0,"Temp I/O Read Time":0.0,"Temp I/O Write Time":0.0}]}]}]}]}]}]},"Planning":{"Shared Hit Blocks":4,"Shared Read Blocks":0,"Shared Dirtied Blocks":0,"Shared Written Blocks":0,"Local Hit Blocks":0,"Local Read Blocks":0,"Local Dirtied Blocks":0,"Local Written Blocks":0,"Temp Read Blocks":0,"Temp Written Blocks":0,"I/O Read Time":0.0,"I/O Write Time":0.0,"Temp I/O Read Time":0.0,"Temp I/O Write Time":0.0},"Planning Time":2.167,"Triggers":[],"Execution Time":23131.259}]
[列存组合]: orders, stock, supplier
[{"Plan":{"Node Type":"Sort","Parallel Aware":false,"Async Capable":false,"Startup Cost":4119117.76,"Total Cost":4119142.76,"Plan Rows":10000,"Plan Width":27,"Actual Startup Time":23728.303,"Actual Total Time":23728.323,"Actual Rows":156,"Actual Loops":1,"Output":["supplier.su_name","(count(*))"],"Sort Key":["(count(*)) DESC","supplier.su_name"],"Sort Method":"quicksort","Sort Space Used":35,"Sort Space Type":"Memory","Shared Hit Blocks":1774199,"Shared Read Blocks":0,"Shared Dirtied Blocks":0,"Shared Written Blocks":0,"Local Hit Blocks":0,"Local Read Blocks":0,"Local Dirtied Blocks":0,"Local Written Blocks":0,"Temp Read Blocks":163494,"Temp Written Blocks":163499,"I/O Read Time":0.0,"I/O Write Time":0.0,"Temp I/O Read Time":273.444,"Temp I/O Write Time":760.889,"Plans":[{"Node Type":"Aggregate","Strategy":"Sorted","Partial Mode":"Simple","Parent Relationship":"Outer","Parallel Aware":false,"Async Capable":false,"Startup Cost":4117783.42,"Total Cost":4118453.37,"Plan Rows":10000,"Plan Width":27,"Actual Startup Time":23677.246,"Actual Total Time":23728.266,"Actual Rows":156,"Actual Loops":1,"Output":["supplier.su_name","count(*)"],"Group Key":["supplier.su_name"],"Shared Hit Blocks":1774199,"Shared Read Blocks":0,"Shared Dirtied Blocks":0,"Shared Written Blocks":0,"Local Hit Blocks":0,"Local Read Blocks":0,"Local Dirtied Blocks":0,"Local Written Blocks":0,"Temp Read Blocks":163494,"Temp Written Blocks":163499,"I/O Read Time":0.0,"I/O Write Time":0.0,"Temp I/O Read Time":273.444,"Temp I/O Write Time":760.889,"Plans":[{"Node Type":"Sort","Parent Relationship":"Outer","Parallel Aware":false,"Async Capable":false,"Startup Cost":4117783.42,"Total Cost":4117973.41,"Plan Rows":75993,"Plan Width":19,"Actual Startup Time":23677.063,"Actual Total Time":23703.905,"Actual Rows":267482,"Actual Loops":1,"Output":["supplier.su_name"],"Sort Key":["supplier.su_name"],"Sort Method":"external merge","Sort Space Used":7624,"Sort Space Type":"Disk","Shared Hit Blocks":1774199,"Shared Read Blocks":0,"Shared Dirtied Blocks":0,"Shared Written Blocks":0,"Local Hit Blocks":0,"Local Read Blocks":0,"Local Dirtied Blocks":0,"Local Written Blocks":0,"Temp Read Blocks":163494,"Temp Written Blocks":163499,"I/O Read Time":0.0,"I/O Write Time":0.0,"Temp I/O Read Time":273.444,"Temp I/O Write Time":760.889,"Plans":[{"Node Type":"Nested Loop","Parent Relationship":"Outer","Parallel Aware":false,"Async Capable":false,"Join Type":"Anti","Startup Cost":578718.75,"Total Cost":4111622.83,"Plan Rows":75993,"Plan Width":19,"Actual Startup Time":2988.367,"Actual Total Time":23529.532,"Actual Rows":267482,"Actual Loops":1,"Output":["supplier.su_name"],"Inner Unique":false,"Shared Hit Blocks":1774199,"Shared Read Blocks":0,"Shared Dirtied Blocks":0,"Shared Written Blocks":0,"Local Hit Blocks":0,"Local Read Blocks":0,"Local Dirtied Blocks":0,"Local Written Blocks":0,"Temp Read Blocks":162541,"Temp Written Blocks":162541,"I/O Read Time":0.0,"I/O Write Time":0.0,"Temp I/O Read Time":271.926,"Temp I/O Write Time":757.187,"Plans":[{"Node Type":"Hash Join","Parent Relationship":"Outer","Parallel Aware":false,"Async Capable":false,"Join Type":"Inner","Startup Cost":578718.19,"Total Cost":1835529.88,"Plan Rows":113989,"Plan Width":39,"Actual Startup Time":2988.331,"Actual Total Time":21613.525,"Actual Rows":267482,"Actual Loops":1,"Output":["supplier.su_name","l1.ol_o_id","l1.ol_w_id","l1.ol_d_id","l1.ol_delivery_d"],"Inner Unique":true,"Hash Cond":"((l1.ol_o_id = orders.o_id) AND (l1.ol_w_id = orders.o_w_id) AND (l1.ol_d_id = orders.o_d_id))","Join Filter":"(l1.ol_delivery_d > orders.o_entry_d)","Rows Removed by Join Filter":0,"Shared Hit Blocks":390282,"Shared Read Blocks":0,"Shared Dirtied Blocks":0,"Shared Written Blocks":0,"Local Hit Blocks":0,"Local Read Blocks":0,"Local Dirtied Blocks":0,"Local Written Blocks":0,"Temp Read Blocks":162541,"Temp Written Blocks":162541,"I/O Read Time":0.0,"I/O Write Time":0.0,"Temp I/O Read Time":271.926,"Temp I/O Write Time":757.187,"Plans":[{"Node Type":"Hash Join","Parent Relationship":"Outer","Parallel Aware":false,"Async Capable":false,"Join Type":"Inner","Startup Cost":449123.11,"Total Cost":1679656.16,"Plan Rows":342176,"Plan Width":41,"Actual Startup Time":2099.13,"Actual Total Time":20348.106,"Actual Rows":267756,"Actual Loops":1,"Output":["supplier.su_name","stock.s_w_id","l1.ol_o_id","l1.ol_w_id","l1.ol_d_id","l1.ol_delivery_d"],"Inner Unique":true,"Hash Cond":"(supplier.su_nationkey = nation.n_nationkey)","Shared Hit Blocks":368223,"Shared Read Blocks":0,"Shared Dirtied Blocks":0,"Shared Written Blocks":0,"Local Hit Blocks":0,"Local Read Blocks":0,"Local Dirtied Blocks":0,"Local Written Blocks":0,"Temp Read Blocks":144757,"Temp Written Blocks":144757,"I/O Read Time":0.0,"I/O Write Time":0.0,"Temp I/O Read Time":240.728,"Temp I/O Write Time":673.912,"Plans":[{"Node Type":"Hash Join","Parent Relationship":"Outer","Parallel Aware":false,"Async Capable":false,"Join Type":"Inner","Startup Cost":449121.32,"Total Cost":1620158.47,"Plan Rows":21214932,"Plan Width":45,"Actual Startup Time":2098.996,"Actual Total Time":18909.531,"Actual Rows":21002151,"Actual Loops":1,"Output":["supplier.su_name","supplier.su_nationkey","stock.s_w_id","l1.ol_o_id","l1.ol_w_id","l1.ol_d_id","l1.ol_delivery_d"],"Inner Unique":true,"Hash Cond":"(mod((stock.s_w_id * stock.s_i_id), 10000) = supplier.su_suppkey)","Shared Hit Blocks":368222,"Shared Read Blocks":0,"Shared Dirtied Blocks":0,"Shared Written Blocks":0,"Local Hit Blocks":0,"Local Read Blocks":0,"Local Dirtied Blocks":0,"Local Written Blocks":0,"Temp Read Blocks":144757,"Temp Written Blocks":144757,"I/O Read Time":0.0,"I/O Write Time":0.0,"Temp I/O Read Time":240.728,"Temp I/O Write Time":673.912,"Plans":[{"Node Type":"Hash Join","Parent Relationship":"Outer","Parallel Aware":false,"Async Capable":false,"Join Type":"Inner","Startup Cost":448757.29,"Total Cost":1558773.15,"Plan Rows":21214932,"Plan Width":26,"Actual Startup Time":2095.501,"Actual Total Time":14352.512,"Actual Rows":21002151,"Actual Loops":1,"Output":["l1.ol_o_id","l1.ol_w_id","l1.ol_d_id","l1.ol_delivery_d","stock.s_w_id","stock.s_i_id"],"Inner Unique":true,"Hash Cond":"((l1.ol_w_id = stock.s_w_id) AND (l1.ol_i_id = stock.s_i_id))","Shared Hit Blocks":368222,"Shared Read Blocks":0,"Shared Dirtied Blocks":0,"Shared Written Blocks":0,"Local Hit Blocks":0,"Local Read Blocks":0,"Local Dirtied Blocks":0,"Local Written Blocks":0,"Temp Read Blocks":144757,"Temp Written Blocks":144757,"I/O Read Time":0.0,"I/O Write Time":0.0,"Temp I/O Read Time":240.728,"Temp I/O Write Time":673.912,"Plans":[{"Node Type":"Seq Scan","Parent Relationship":"Outer","Parallel Aware":false,"Async Capable":false,"Relation Name":"order_line","Schema":"public","Alias":"l1","Startup Cost":0.0,"Total Cost":715856.4,"Plan Rows":20926367,"Plan Width":24,"Actual Startup Time":0.008,"Actual Total Time":3398.092,"Actual Rows":21002151,"Actual Loops":1,"Output":["l1.ol_o_id","l1.ol_w_id","l1.ol_d_id","l1.ol_i_id","l1.ol_delivery_d"],"Filter":"(l1.ol_delivery_d >= '1992-01-02 20:10:02.27764'::timestamp without time zone)","Rows Removed by Filter":8995581,"Shared Hit Blocks":340884,"Shared Read Blocks":0,"Shared Dirtied Blocks":0,"Shared Written Blocks":0,"Local Hit Blocks":0,"Local Read Blocks":0,"Local Dirtied Blocks":0,"Local Written Blocks":0,"Temp Read Blocks":0,"Temp Written Blocks":0,"I/O Read Time":0.0,"I/O Write Time":0.0,"Temp I/O Read Time":0.0,"Temp I/O Write Time":0.0},{"Node Type":"Hash","Parent Relationship":"Inner","Parallel Aware":false,"Async Capable":false,"Startup Cost":259690.86,"Total Cost":259690.86,"Plan Rows":10000162,"Plan Width":6,"Actual Startup Time":2094.137,"Actual Total Time":2094.14,"Actual Rows":10000000,"Actual Loops":1,"Output":["stock.s_w_id","stock.s_i_id"],"Hash Buckets":262144,"Original Hash Buckets":262144,"Hash Batches":64,"Original Hash Batches":64,"Peak Memory Usage":8133,"Shared Hit Blocks":27338,"Shared Read Blocks":0,"Shared Dirtied Blocks":0,"Shared Written Blocks":0,"Local Hit Blocks":0,"Local Read Blocks":0,"Local Dirtied Blocks":0,"Local Written Blocks":0,"Temp Read Blocks":0,"Temp Written Blocks":33616,"I/O Read Time":0.0,"I/O Write Time":0.0,"Temp I/O Read Time":0.0,"Temp I/O Write Time":153.147,"Plans":[{"Node Type":"Index Only Scan","Parent Relationship":"Outer","Parallel Aware":false,"Async Capable":false,"Scan Direction":"Forward","Index Name":"stock_pk","Relation Name":"stock","Schema":"public","Alias":"stock","Startup Cost":0.43,"Total Cost":259690.86,"Plan Rows":10000162,"Plan Width":6,"Actual Startup Time":0.026,"Actual Total Time":724.267,"Actual Rows":10000000,"Actual Loops":1,"Output":["stock.s_w_id","stock.s_i_id"],"Heap Fetches":0,"Shared Hit Blocks":27338,"Shared Read Blocks":0,"Shared Dirtied Blocks":0,"Shared Written Blocks":0,"Local Hit Blocks":0,"Local Read Blocks":0,"Local Dirtied Blocks":0,"Local Written Blocks":0,"Temp Read Blocks":0,"Temp Written Blocks":0,"I/O Read Time":0.0,"I/O Write Time":0.0,"Temp I/O Read Time":0.0,"Temp I/O Write Time":0.0}]}]},{"Node Type":"Hash","Parent Relationship":"Inner","Parallel Aware":false,"Async Capable":false,"Startup Cost":239.01,"Total Cost":239.01,"Plan Rows":10001,"Plan Width":27,"Actual Startup Time":3.445,"Actual Total Time":3.448,"Actual Rows":10000,"Actual Loops":1,"Output":["supplier.su_name","supplier.su_suppkey","supplier.su_nationkey"],"Hash Buckets":16384,"Original Hash Buckets":16384,"Hash Batches":1,"Original Hash Batches":1,"Peak Memory Usage":714,"Shared Hit Blocks":0,"Shared Read Blocks":0,"Shared Dirtied Blocks":0,"Shared Written Blocks":0,"Local Hit Blocks":0,"Local Read Blocks":0,"Local Dirtied Blocks":0,"Local Written Blocks":0,"Temp Read Blocks":0,"Temp Written Blocks":0,"I/O Read Time":0.0,"I/O Write Time":0.0,"Temp I/O Read Time":0.0,"Temp I/O Write Time":0.0,"Plans":[{"Node Type":"Append","Parent Relationship":"Outer","Parallel Aware":false,"Async Capable":false,"Startup Cost":20.0,"Total Cost":239.01,"Plan Rows":10001,"Plan Width":27,"Actual Startup Time":0.023,"Actual Total Time":2.013,"Actual Rows":10000,"Actual Loops":1,"Shared Hit Blocks":0,"Shared Read Blocks":0,"Shared Dirtied Blocks":0,"Shared Written Blocks":0,"Local Hit Blocks":0,"Local Read Blocks":0,"Local Dirtied Blocks":0,"Local Written Blocks":0,"Temp Read Blocks":0,"Temp Written Blocks":0,"I/O Read Time":0.0,"I/O Write Time":0.0,"Temp I/O Read Time":0.0,"Temp I/O Write Time":0.0,"Subplans Removed":0,"Plans":[{"Node Type":"Custom Scan","Parent Relationship":"Member","Custom Plan Provider":"columnar scan","Parallel Aware":false,"Async Capable":false,"Relation Name":"supplier","Schema":"public","Alias":"supplier","Startup Cost":20.0,"Total Cost":235.0,"Plan Rows":10000,"Plan Width":27,"Actual Startup Time":0.022,"Actual Total Time":1.303,"Actual Rows":10000,"Actual Loops":1,"Output":["supplier.su_name","supplier.su_suppkey","supplier.su_nationkey"],"Rows Removed by Columnar Filter":0,"Columnar cache search mode":"native","Shared Hit Blocks":0,"Shared Read Blocks":0,"Shared Dirtied Blocks":0,"Shared Written Blocks":0,"Local Hit Blocks":0,"Local Read Blocks":0,"Local Dirtied Blocks":0,"Local Written Blocks":0,"Temp Read Blocks":0,"Temp Written Blocks":0,"I/O Read Time":0.0,"I/O Write Time":0.0,"Temp I/O Read Time":0.0,"Temp I/O Write Time":0.0},{"Node Type":"Seq Scan","Parent Relationship":"Member","Parallel Aware":false,"Async Capable":false,"Relation Name":"supplier","Schema":"public","Alias":"supplier","Startup Cost":0.0,"Total Cost":4.01,"Plan Rows":1,"Plan Width":27,"Actual Startup Time":0.0,"Actual Total Time":0.0,"Actual Rows":0,"Actual Loops":0,"Output":["supplier.su_name","supplier.su_suppkey","supplier.su_nationkey"],"Shared Hit Blocks":0,"Shared Read Blocks":0,"Shared Dirtied Blocks":0,"Shared Written Blocks":0,"Local Hit Blocks":0,"Local Read Blocks":0,"Local Dirtied Blocks":0,"Local Written Blocks":0,"Temp Read Blocks":0,"Temp Written Blocks":0,"I/O Read Time":0.0,"I/O Write Time":0.0,"Temp I/O Read Time":0.0,"Temp I/O Write Time":0.0}]}]}]},{"Node Type":"Hash","Parent Relationship":"Inner","Parallel Aware":false,"Async Capable":false,"Startup Cost":1.77,"Total Cost":1.77,"Plan Rows":1,"Plan Width":4,"Actual Startup Time":0.019,"Actual Total Time":0.019,"Actual Rows":1,"Actual Loops":1,"Output":["nation.n_nationkey"],"Hash Buckets":1024,"Original Hash Buckets":1024,"Hash Batches":1,"Original Hash Batches":1,"Peak Memory Usage":9,"Shared Hit Blocks":1,"Shared Read Blocks":0,"Shared Dirtied Blocks":0,"Shared Written Blocks":0,"Local Hit Blocks":0,"Local Read Blocks":0,"Local Dirtied Blocks":0,"Local Written Blocks":0,"Temp Read Blocks":0,"Temp Written Blocks":0,"I/O Read Time":0.0,"I/O Write Time":0.0,"Temp I/O Read Time":0.0,"Temp I/O Write Time":0.0,"Plans":[{"Node Type":"Seq Scan","Parent Relationship":"Outer","Parallel Aware":false,"Async Capable":false,"Relation Name":"nation","Schema":"public","Alias":"nation","Startup Cost":0.0,"Total Cost":1.77,"Plan Rows":1,"Plan Width":4,"Actual Startup Time":0.014,"Actual Total Time":0.016,"Actual Rows":1,"Actual Loops":1,"Output":["nation.n_nationkey"],"Filter":"((nation.n_name)::text = 'Cambodia'::text)","Rows Removed by Filter":61,"Shared Hit Blocks":1,"Shared Read Blocks":0,"Shared Dirtied Blocks":0,"Shared Written Blocks":0,"Local Hit Blocks":0,"Local Read Blocks":0,"Local Dirtied Blocks":0,"Local Written Blocks":0,"Temp Read Blocks":0,"Temp Written Blocks":0,"I/O Read Time":0.0,"I/O Write Time":0.0,"Temp I/O Read Time":0.0,"Temp I/O Write Time":0.0}]}]},{"Node Type":"Hash","Parent Relationship":"Inner","Parallel Aware":false,"Async Capable":false,"Startup Cost":59559.0,"Total Cost":59559.0,"Plan Rows":2998176,"Plan Width":20,"Actual Startup Time":870.589,"Actual Total Time":870.59,"Actual Rows":2997892,"Actual Loops":1,"Output":["orders.o_id","orders.o_w_id","orders.o_d_id","orders.o_entry_d"],"Hash Buckets":131072,"Original Hash Buckets":131072,"Hash Batches":32,"Original Hash Batches":32,"Peak Memory Usage":6158,"Shared Hit Blocks":22059,"Shared Read Blocks":0,"Shared Dirtied Blocks":0,"Shared Written Blocks":0,"Local Hit Blocks":0,"Local Read Blocks":0,"Local Dirtied Blocks":0,"Local Written Blocks":0,"Temp Read Blocks":0,"Temp Written Blocks":15583,"I/O Read Time":0.0,"I/O Write Time":0.0,"Temp I/O Read Time":0.0,"Temp I/O Write Time":67.724,"Plans":[{"Node Type":"Seq Scan","Parent Relationship":"Outer","Parallel Aware":false,"Async Capable":false,"Relation Name":"orders","Schema":"public","Alias":"orders","Startup Cost":0.0,"Total Cost":59559.0,"Plan Rows":2998176,"Plan Width":20,"Actual Startup Time":0.012,"Actual Total Time":355.499,"Actual Rows":2997892,"Actual Loops":1,"Output":["orders.o_id","orders.o_w_id","orders.o_d_id","orders.o_entry_d"],"Filter":"(orders.o_entry_d >= '1992-01-02 20:10:02.27764'::timestamp without time zone)","Rows Removed by Filter":2108,"Shared Hit Blocks":22059,"Shared Read Blocks":0,"Shared Dirtied Blocks":0,"Shared Written Blocks":0,"Local Hit Blocks":0,"Local Read Blocks":0,"Local Dirtied Blocks":0,"Local Written Blocks":0,"Temp Read Blocks":0,"Temp Written Blocks":0,"I/O Read Time":0.0,"I/O Write Time":0.0,"Temp I/O Read Time":0.0,"Temp I/O Write Time":0.0}]}]},{"Node Type":"Index Scan","Parent Relationship":"Inner","Parallel Aware":false,"Async Capable":false,"Scan Direction":"Forward","Index Name":"order_line_pk","Relation Name":"order_line","Schema":"public","Alias":"l2","Startup Cost":0.56,"Total Cost":26.51,"Plan Rows":2,"Plan Width":20,"Actual Startup Time":0.007,"Actual Total Time":0.007,"Actual Rows":0,"Actual Loops":267482,"Output":["l2.ol_o_id","l2.ol_d_id","l2.ol_w_id","l2.ol_number","l2.ol_i_id","l2.ol_supply_w_id","l2.ol_delivery_d","l2.ol_quantity","l2.ol_amount","l2.ol_dist_info"],"Index Cond":"((l2.ol_w_id = l1.ol_w_id) AND (l2.ol_d_id = l1.ol_d_id) AND (l2.ol_o_id = l1.ol_o_id))","Rows Removed by Index Recheck":0,"Filter":"((l2.ol_delivery_d >= '1992-01-02 20:10:02.27764'::timestamp without time zone) AND (l2.ol_delivery_d > l1.ol_delivery_d))","Rows Removed by Filter":11,"Shared Hit Blocks":1383917,"Shared Read Blocks":0,"Shared Dirtied Blocks":0,"Shared Written Blocks":0,"Local Hit Blocks":0,"Local Read Blocks":0,"Local Dirtied Blocks":0,"Local Written Blocks":0,"Temp Read Blocks":0,"Temp Written Blocks":0,"I/O Read Time":0.0,"I/O Write Time":0.0,"Temp I/O Read Time":0.0,"Temp I/O Write Time":0.0}]}]}]}]},"Planning":{"Shared Hit Blocks":4,"Shared Read Blocks":0,"Shared Dirtied Blocks":0,"Shared Written Blocks":0,"Local Hit Blocks":0,"Local Read Blocks":0,"Local Dirtied Blocks":0,"Local Written Blocks":0,"Temp Read Blocks":0,"Temp Written Blocks":0,"I/O Read Time":0.0,"I/O Write Time":0.0,"Temp I/O Read Time":0.0,"Temp I/O Write Time":0.0},"Planning Time":1.788,"Triggers":[],"Execution Time":23729.674}]
[列存组合]: nation, order_line, orders, stock
[{"Plan":{"Node Type":"Sort","Parallel Aware":false,"Async Capable":false,"Startup Cost":3010983.68,"Total Cost":3011008.68,"Plan Rows":10000,"Plan Width":27,"Actual Startup Time":23400.524,"Actual Total Time":23400.573,"Actual Rows":156,"Actual Loops":1,"Output":["supplier.su_name","(count(*))"],"Sort Key":["(count(*)) DESC","supplier.su_name"],"Sort Method":"quicksort","Sort Space Used":35,"Sort Space Type":"Memory","Shared Hit Blocks":22277,"Shared Read Blocks":0,"Shared Dirtied Blocks":0,"Shared Written Blocks":0,"Local Hit Blocks":0,"Local Read Blocks":0,"Local Dirtied Blocks":0,"Local Written Blocks":0,"Temp Read Blocks":133545,"Temp Written Blocks":133550,"I/O Read Time":0.0,"I/O Write Time":0.0,"Temp I/O Read Time":209.445,"Temp I/O Write Time":651.766,"Plans":[{"Node Type":"Aggregate","Strategy":"Sorted","Partial Mode":"Simple","Parent Relationship":"Outer","Parallel Aware":false,"Async Capable":false,"Startup Cost":3009649.35,"Total Cost":3010319.3,"Plan Rows":10000,"Plan Width":27,"Actual Startup Time":23349.352,"Actual Total Time":23400.516,"Actual Rows":156,"Actual Loops":1,"Output":["supplier.su_name","count(*)"],"Group Key":["supplier.su_name"],"Shared Hit Blocks":22277,"Shared Read Blocks":0,"Shared Dirtied Blocks":0,"Shared Written Blocks":0,"Local Hit Blocks":0,"Local Read Blocks":0,"Local Dirtied Blocks":0,"Local Written Blocks":0,"Temp Read Blocks":133545,"Temp Written Blocks":133550,"I/O Read Time":0.0,"I/O Write Time":0.0,"Temp I/O Read Time":209.445,"Temp I/O Write Time":651.766,"Plans":[{"Node Type":"Sort","Parent Relationship":"Outer","Parallel Aware":false,"Async Capable":false,"Startup Cost":3009649.35,"Total Cost":3009839.33,"Plan Rows":75993,"Plan Width":19,"Actual Startup Time":23349.171,"Actual Total Time":23376.007,"Actual Rows":267482,"Actual Loops":1,"Output":["supplier.su_name"],"Sort Key":["supplier.su_name"],"Sort Method":"external merge","Sort Space Used":7624,"Sort Space Type":"Disk","Shared Hit Blocks":22277,"Shared Read Blocks":0,"Shared Dirtied Blocks":0,"Shared Written Blocks":0,"Local Hit Blocks":0,"Local Read Blocks":0,"Local Dirtied Blocks":0,"Local Written Blocks":0,"Temp Read Blocks":133545,"Temp Written Blocks":133550,"I/O Read Time":0.0,"I/O Write Time":0.0,"Temp I/O Read Time":209.445,"Temp I/O Write Time":651.766,"Plans":[{"Node Type":"Hash Join","Parent Relationship":"Outer","Parallel Aware":false,"Async Capable":false,"Join Type":"Anti","Startup Cost":1350009.31,"Total Cost":3003488.76,"Plan Rows":75993,"Plan Width":19,"Actual Startup Time":10600.388,"Actual Total Time":23206.838,"Actual Rows":267482,"Actual Loops":1,"Output":["supplier.su_name"],"Hash Cond":"((l1.ol_o_id = l2.ol_o_id) AND (l1.ol_w_id = l2.ol_w_id) AND (l1.ol_d_id = l2.ol_d_id))","Join Filter":"(l2.ol_delivery_d > l1.ol_delivery_d)","Rows Removed by Join Filter":2942288,"Shared Hit Blocks":22277,"Shared Read Blocks":0,"Shared Dirtied Blocks":0,"Shared Written Blocks":0,"Local Hit Blocks":0,"Local Read Blocks":0,"Local Dirtied Blocks":0,"Local Written Blocks":0,"Temp Read Blocks":132592,"Temp Written Blocks":132592,"I/O Read Time":0.0,"I/O Write Time":0.0,"Temp I/O Read Time":208.091,"Temp I/O Write Time":648.142,"Plans":[{"Node Type":"Hash Join","Parent Relationship":"Outer","Parallel Aware":false,"Async Capable":false,"Join Type":"Inner","Startup Cost":159361.89,"Total Cost":757750.29,"Plan Rows":113989,"Plan Width":39,"Actual Startup Time":1971.757,"Actual Total Time":12966.559,"Actual Rows":267482,"Actual Loops":1,"Output":["supplier.su_name","l1.ol_o_id","l1.ol_w_id","l1.ol_d_id","l1.ol_delivery_d"],"Hash Cond":"((l1.ol_o_id = orders.o_id) AND (l1.ol_w_id = orders.o_w_id) AND (l1.ol_d_id = orders.o_d_id))","Join Filter":"(l1.ol_delivery_d > orders.o_entry_d)","Rows Removed by Join Filter":0,"Shared Hit Blocks":22277,"Shared Read Blocks":0,"Shared Dirtied Blocks":0,"Shared Written Blocks":0,"Local Hit Blocks":0,"Local Read Blocks":0,"Local Dirtied Blocks":0,"Local Written Blocks":0,"Temp Read Blocks":17783,"Temp Written Blocks":17783,"I/O Read Time":0.0,"I/O Write Time":0.0,"Temp I/O Read Time":28.841,"Temp I/O Write Time":94.303,"Plans":[{"Node Type":"Hash Join","Parent Relationship":"Outer","Parallel Aware":false,"Async Capable":false,"Join Type":"Inner","Startup Cost":29766.81,"Total Cost":601876.58,"Plan Rows":342176,"Plan Width":41,"Actual Startup Time":796.891,"Actual Total Time":11437.208,"Actual Rows":267496,"Actual Loops":1,"Output":["supplier.su_name","stock.s_w_id","l1.ol_o_id","l1.ol_w_id","l1.ol_d_id","l1.ol_delivery_d"],"Hash Cond":"(supplier.su_nationkey = nation.n_nationkey)","Shared Hit Blocks":218,"Shared Read Blocks":0,"Shared Dirtied Blocks":0,"Shared Written Blocks":0,"Local Hit Blocks":0,"Local Read Blocks":0,"Local Dirtied Blocks":0,"Local Written Blocks":0,"Temp Read Blocks":0,"Temp Written Blocks":0,"I/O Read Time":0.0,"I/O Write Time":0.0,"Temp I/O Read Time":0.0,"Temp I/O Write Time":0.0,"Plans":[{"Node Type":"Hash Join","Parent Relationship":"Outer","Parallel Aware":false,"Async Capable":false,"Join Type":"Inner","Startup Cost":29765.02,"Total Cost":542378.88,"Plan Rows":21214932,"Plan Width":45,"Actual Startup Time":796.771,"Actual Total Time":10045.336,"Actual Rows":20982320,"Actual Loops":1,"Output":["supplier.su_name","supplier.su_nationkey","stock.s_w_id","l1.ol_o_id","l1.ol_w_id","l1.ol_d_id","l1.ol_delivery_d"],"Hash Cond":"(mod((stock.s_w_id * stock.s_i_id), 10000) = supplier.su_suppkey)","Shared Hit Blocks":217,"Shared Read Blocks":0,"Shared Dirtied Blocks":0,"Shared Written Blocks":0,"Local Hit Blocks":0,"Local Read Blocks":0,"Local Dirtied Blocks":0,"Local Written Blocks":0,"Temp Read Blocks":0,"Temp Written Blocks":0,"I/O Read Time":0.0,"I/O Write Time":0.0,"Temp I/O Read Time":0.0,"Temp I/O Write Time":0.0,"Plans":[{"Node Type":"Hash Join","Parent Relationship":"Outer","Parallel Aware":false,"Async Capable":false,"Join Type":"Inner","Startup Cost":29323.02,"Total Cost":480915.59,"Plan Rows":21214932,"Plan Width":26,"Actual Startup Time":794.026,"Actual Total Time":5534.885,"Actual Rows":20982320,"Actual Loops":1,"Output":["l1.ol_o_id","l1.ol_w_id","l1.ol_d_id","l1.ol_delivery_d","stock.s_w_id","stock.s_i_id"],"Hash Cond":"((l1.ol_w_id = stock.s_w_id) AND (l1.ol_i_id = stock.s_i_id))","Rows Removed by Bloom Filter":0,"Shared Hit Blocks":0,"Shared Read Blocks":0,"Shared Dirtied Blocks":0,"Shared Written Blocks":0,"Local Hit Blocks":0,"Local Read Blocks":0,"Local Dirtied Blocks":0,"Local Written Blocks":0,"Temp Read Blocks":0,"Temp Written Blocks":0,"I/O Read Time":0.0,"I/O Write Time":0.0,"Temp I/O Read Time":0.0,"Temp I/O Write Time":0.0,"Plans":[{"Node Type":"Append","Parent Relationship":"Outer","Parallel Aware":false,"Async Capable":false,"Startup Cost":20.0,"Total Cost":533646.5,"Plan Rows":20926367,"Plan Width":24,"Actual Startup Time":109.563,"Actual Total Time":109.581,"Actual Rows":20982320,"Actual Loops":1,"Shared Hit Blocks":0,"Shared Read Blocks":0,"Shared Dirtied Blocks":0,"Shared Written Blocks":0,"Local Hit Blocks":0,"Local Read Blocks":0,"Local Dirtied Blocks":0,"Local Written Blocks":0,"Temp Read Blocks":0,"Temp Written Blocks":0,"I/O Read Time":0.0,"I/O Write Time":0.0,"Temp I/O Read Time":0.0,"Temp I/O Write Time":0.0,"Subplans Removed":0,"Plans":[{"Node Type":"Custom Scan","Parent Relationship":"Member","Custom Plan Provider":"columnar scan","Parallel Aware":false,"Async Capable":false,"Relation Name":"order_line","Schema":"public","Alias":"l1","Startup Cost":20.0,"Total Cost":533641.75,"Plan Rows":20926325,"Plan Width":24,"Actual Startup Time":109.562,"Actual Total Time":109.564,"Actual Rows":20982320,"Actual Loops":1,"Output":["l1.ol_o_id","l1.ol_w_id","l1.ol_d_id","l1.ol_i_id","l1.ol_delivery_d"],"Filter":"(l1.ol_delivery_d >= '1992-01-02 20:10:02.27764'::timestamp without time zone)","Rows Removed by Filter":0,"Rows Removed by Columnar Filter":9015412,"Rows Filtered by Bloom Filter":0,"Dictionary Rows Filtered by Bloom Filter":19831,"Columnar cache search mode":"native","Shared Hit Blocks":0,"Shared Read Blocks":0,"Shared Dirtied Blocks":0,"Shared Written Blocks":0,"Local Hit Blocks":0,"Local Read Blocks":0,"Local Dirtied Blocks":0,"Local Written Blocks":0,"Temp Read Blocks":0,"Temp Written Blocks":0,"I/O Read Time":0.0,"I/O Write Time":0.0,"Temp I/O Read Time":0.0,"Temp I/O Write Time":0.0},{"Node Type":"Seq Scan","Parent Relationship":"Member","Parallel Aware":false,"Async Capable":false,"Relation Name":"order_line","Schema":"public","Alias":"l1","Startup Cost":0.0,"Total Cost":4.75,"Plan Rows":42,"Plan Width":24,"Actual Startup Time":0.0,"Actual Total Time":0.0,"Actual Rows":0,"Actual Loops":0,"Output":["l1.ol_o_id","l1.ol_w_id","l1.ol_d_id","l1.ol_i_id","l1.ol_delivery_d"],"Filter":"(l1.ol_delivery_d >= '1992-01-02 20:10:02.27764'::timestamp without time zone)","Rows Removed by Filter":0,"Shared Hit Blocks":0,"Shared Read Blocks":0,"Shared Dirtied Blocks":0,"Shared Written Blocks":0,"Local Hit Blocks":0,"Local Read Blocks":0,"Local Dirtied Blocks":0,"Local Written Blocks":0,"Temp Read Blocks":0,"Temp Written Blocks":0,"I/O Read Time":0.0,"I/O Write Time":0.0,"Temp I/O Read Time":0.0,"Temp I/O Write Time":0.0}]},{"Node Type":"Hash","Parent Relationship":"Inner","Parallel Aware":false,"Async Capable":false,"Startup Cost":195025.67,"Total Cost":195025.67,"Plan Rows":10000162,"Plan Width":6,"Actual Rows":10000000,"Actual Loops":1,"Output":["stock.s_w_id","stock.s_i_id"],"Shared Hit Blocks":0,"Shared Read Blocks":0,"Shared Dirtied Blocks":0,"Shared Written Blocks":0,"Local Hit Blocks":0,"Local Read Blocks":0,"Local Dirtied Blocks":0,"Local Written Blocks":0,"Temp Read Blocks":0,"Temp Written Blocks":0,"I/O Read Time":0.0,"I/O Write Time":0.0,"Temp I/O Read Time":0.0,"Temp I/O Write Time":0.0,"Plans":[{"Node Type":"Append","Parent Relationship":"Outer","Parallel Aware":false,"Async Capable":false,"Startup Cost":20.0,"Total Cost":195025.67,"Plan Rows":10000162,"Plan Width":6,"Actual Startup Time":0.238,"Actual Total Time":0.24,"Actual Rows":10000000,"Actual Loops":1,"Shared Hit Blocks":0,"Shared Read Blocks":0,"Shared Dirtied Blocks":0,"Shared Written Blocks":0,"Local Hit Blocks":0,"Local Read Blocks":0,"Local Dirtied Blocks":0,"Local Written Blocks":0,"Temp Read Blocks":0,"Temp Written Blocks":0,"I/O Read Time":0.0,"I/O Write Time":0.0,"Temp I/O Read Time":0.0,"Temp I/O Write Time":0.0,"Subplans Removed":0,"Plans":[{"Node Type":"Custom Scan","Parent Relationship":"Member","Custom Plan Provider":"columnar scan","Parallel Aware":false,"Async Capable":false,"Relation Name":"stock","Schema":"public","Alias":"stock","Startup Cost":20.0,"Total Cost":195020.05,"Plan Rows":10000000,"Plan Width":6,"Actual Startup Time":0.236,"Actual Total Time":0.236,"Actual Rows":10000000,"Actual Loops":1,"Output":["stock.s_w_id","stock.s_i_id"],"Rows Removed by Columnar Filter":0,"Columnar cache search mode":"native","Shared Hit Blocks":0,"Shared Read Blocks":0,"Shared Dirtied Blocks":0,"Shared Written Blocks":0,"Local Hit Blocks":0,"Local Read Blocks":0,"Local Dirtied Blocks":0,"Local Written Blocks":0,"Temp Read Blocks":0,"Temp Written Blocks":0,"I/O Read Time":0.0,"I/O Write Time":0.0,"Temp I/O Read Time":0.0,"Temp I/O Write Time":0.0},{"Node Type":"Seq Scan","Parent Relationship":"Member","Parallel Aware":false,"Async Capable":false,"Relation Name":"stock","Schema":"public","Alias":"stock","Startup Cost":0.0,"Total Cost":5.62,"Plan Rows":162,"Plan Width":6,"Actual Startup Time":0.0,"Actual Total Time":0.0,"Actual Rows":0,"Actual Loops":0,"Output":["stock.s_w_id","stock.s_i_id"],"Shared Hit Blocks":0,"Shared Read Blocks":0,"Shared Dirtied Blocks":0,"Shared Written Blocks":0,"Local Hit Blocks":0,"Local Read Blocks":0,"Local Dirtied Blocks":0,"Local Written Blocks":0,"Temp Read Blocks":0,"Temp Written Blocks":0,"I/O Read Time":0.0,"I/O Write Time":0.0,"Temp I/O Read Time":0.0,"Temp I/O Write Time":0.0}]}]}]},{"Node Type":"Hash","Parent Relationship":"Inner","Parallel Aware":false,"Async Capable":false,"Startup Cost":317.0,"Total Cost":317.0,"Plan Rows":10000,"Plan Width":27,"Actual Startup Time":2.68,"Actual Total Time":2.681,"Actual Rows":10000,"Actual Loops":1,"Output":["supplier.su_name","supplier.su_suppkey","supplier.su_nationkey"],"Hash Buckets":16384,"Original Hash Buckets":16384,"Hash Batches":1,"Original Hash Batches":1,"Peak Memory Usage":714,"Shared Hit Blocks":217,"Shared Read Blocks":0,"Shared Dirtied Blocks":0,"Shared Written Blocks":0,"Local Hit Blocks":0,"Local Read Blocks":0,"Local Dirtied Blocks":0,"Local Written Blocks":0,"Temp Read Blocks":0,"Temp Written Blocks":0,"I/O Read Time":0.0,"I/O Write Time":0.0,"Temp I/O Read Time":0.0,"Temp I/O Write Time":0.0,"Plans":[{"Node Type":"Seq Scan","Parent Relationship":"Outer","Parallel Aware":false,"Async Capable":false,"Relation Name":"supplier","Schema":"public","Alias":"supplier","Startup Cost":0.0,"Total Cost":317.0,"Plan Rows":10000,"Plan Width":27,"Actual Startup Time":0.007,"Actual Total Time":1.262,"Actual Rows":10000,"Actual Loops":1,"Output":["supplier.su_name","supplier.su_suppkey","supplier.su_nationkey"],"Shared Hit Blocks":217,"Shared Read Blocks":0,"Shared Dirtied Blocks":0,"Shared Written Blocks":0,"Local Hit Blocks":0,"Local Read Blocks":0,"Local Dirtied Blocks":0,"Local Written Blocks":0,"Temp Read Blocks":0,"Temp Written Blocks":0,"I/O Read Time":0.0,"I/O Write Time":0.0,"Temp I/O Read Time":0.0,"Temp I/O Write Time":0.0}]}]},{"Node Type":"Hash","Parent Relationship":"Inner","Parallel Aware":false,"Async Capable":false,"Startup Cost":1.77,"Total Cost":1.77,"Plan Rows":1,"Plan Width":4,"Actual Startup Time":0.02,"Actual Total Time":0.021,"Actual Rows":1,"Actual Loops":1,"Output":["nation.n_nationkey"],"Hash Buckets":1024,"Original Hash Buckets":1024,"Hash Batches":1,"Original Hash Batches":1,"Peak Memory Usage":9,"Shared Hit Blocks":1,"Shared Read Blocks":0,"Shared Dirtied Blocks":0,"Shared Written Blocks":0,"Local Hit Blocks":0,"Local Read Blocks":0,"Local Dirtied Blocks":0,"Local Written Blocks":0,"Temp Read Blocks":0,"Temp Written Blocks":0,"I/O Read Time":0.0,"I/O Write Time":0.0,"Temp I/O Read Time":0.0,"Temp I/O Write Time":0.0,"Plans":[{"Node Type":"Seq Scan","Parent Relationship":"Outer","Parallel Aware":false,"Async Capable":false,"Relation Name":"nation","Schema":"public","Alias":"nation","Startup Cost":0.0,"Total Cost":1.77,"Plan Rows":1,"Plan Width":4,"Actual Startup Time":0.015,"Actual Total Time":0.018,"Actual Rows":1,"Actual Loops":1,"Output":["nation.n_nationkey"],"Filter":"((nation.n_name)::text = 'Cambodia'::text)","Rows Removed by Filter":61,"Shared Hit Blocks":1,"Shared Read Blocks":0,"Shared Dirtied Blocks":0,"Shared Written Blocks":0,"Local Hit Blocks":0,"Local Read Blocks":0,"Local Dirtied Blocks":0,"Local Written Blocks":0,"Temp Read Blocks":0,"Temp Written Blocks":0,"I/O Read Time":0.0,"I/O Write Time":0.0,"Temp I/O Read Time":0.0,"Temp I/O Write Time":0.0}]}]},{"Node Type":"Hash","Parent Relationship":"Inner","Parallel Aware":false,"Async Capable":false,"Startup Cost":59559.0,"Total Cost":59559.0,"Plan Rows":2998176,"Plan Width":20,"Actual Startup Time":1172.363,"Actual Total Time":1172.366,"Actual Rows":2997892,"Actual Loops":1,"Output":["orders.o_id","orders.o_w_id","orders.o_d_id","orders.o_entry_d"],"Hash Buckets":131072,"Original Hash Buckets":131072,"Hash Batches":32,"Original Hash Batches":32,"Peak Memory Usage":6158,"Shared Hit Blocks":22059,"Shared Read Blocks":0,"Shared Dirtied Blocks":0,"Shared Written Blocks":0,"Local Hit Blocks":0,"Local Read Blocks":0,"Local Dirtied Blocks":0,"Local Written Blocks":0,"Temp Read Blocks":0,"Temp Written Blocks":15583,"I/O Read Time":0.0,"I/O Write Time":0.0,"Temp I/O Read Time":0.0,"Temp I/O Write Time":77.109,"Plans":[{"Node Type":"Seq Scan","Parent Relationship":"Outer","Parallel Aware":false,"Async Capable":false,"Relation Name":"orders","Schema":"public","Alias":"orders","Startup Cost":0.0,"Total Cost":59559.0,"Plan Rows":2998176,"Plan Width":20,"Actual Startup Time":0.018,"Actual Total Time":409.942,"Actual Rows":2997892,"Actual Loops":1,"Output":["orders.o_id","orders.o_w_id","orders.o_d_id","orders.o_entry_d"],"Filter":"(orders.o_entry_d >= '1992-01-02 20:10:02.27764'::timestamp without time zone)","Rows Removed by Filter":2108,"Shared Hit Blocks":22059,"Shared Read Blocks":0,"Shared Dirtied Blocks":0,"Shared Written Blocks":0,"Local Hit Blocks":0,"Local Read Blocks":0,"Local Dirtied Blocks":0,"Local Written Blocks":0,"Temp Read Blocks":0,"Temp Written Blocks":0,"I/O Read Time":0.0,"I/O Write Time":0.0,"Temp I/O Read Time":0.0,"Temp I/O Write Time":0.0}]}]},{"Node Type":"Hash","Parent Relationship":"Inner","Parallel Aware":false,"Async Capable":false,"Startup Cost":701820.0,"Total Cost":701820.0,"Plan Rows":20926367,"Plan Width":20,"Actual Startup Time":8614.541,"Actual Total Time":8614.544,"Actual Rows":21002151,"Actual Loops":1,"Output":["l2.ol_o_id","l2.ol_w_id","l2.ol_d_id","l2.ol_delivery_d"],"Hash Buckets":131072,"Original Hash Buckets":131072,"Hash Batches":256,"Original Hash Batches":256,"Peak Memory Usage":5530,"Shared Hit Blocks":0,"Shared Read Blocks":0,"Shared Dirtied Blocks":0,"Shared Written Blocks":0,"Local Hit Blocks":0,"Local Read Blocks":0,"Local Dirtied Blocks":0,"Local Written Blocks":0,"Temp Read Blocks":0,"Temp Written Blocks":112225,"I/O Read Time":0.0,"I/O Write Time":0.0,"Temp I/O Read Time":0.0,"Temp I/O Write Time":540.777,"Plans":[{"Node Type":"Append","Parent Relationship":"Outer","Parallel Aware":false,"Async Capable":false,"Startup Cost":20.0,"Total Cost":701820.0,"Plan Rows":20926367,"Plan Width":20,"Actual Startup Time":0.051,"Actual Total Time":4858.147,"Actual Rows":21002151,"Actual Loops":1,"Shared Hit Blocks":0,"Shared Read Blocks":0,"Shared Dirtied Blocks":0,"Shared Written Blocks":0,"Local Hit Blocks":0,"Local Read Blocks":0,"Local Dirtied Blocks":0,"Local Written Blocks":0,"Temp Read Blocks":0,"Temp Written Blocks":0,"I/O Read Time":0.0,"I/O Write Time":0.0,"Temp I/O Read Time":0.0,"Temp I/O Write Time":0.0,"Subplans Removed":0,"Plans":[{"Node Type":"Custom Scan","Parent Relationship":"Member","Custom Plan Provider":"columnar scan","Parallel Aware":false,"Async Capable":false,"Relation Name":"order_line","Schema":"public","Alias":"l2","Startup Cost":20.0,"Total Cost":491789.1,"Plan Rows":20926325,"Plan Width":20,"Actual Startup Time":0.05,"Actual Total Time":3219.58,"Actual Rows":21002151,"Actual Loops":1,"Output":["l2.ol_o_id","l2.ol_w_id","l2.ol_d_id","l2.ol_delivery_d"],"Filter":"(l2.ol_delivery_d >= '1992-01-02 20:10:02.27764'::timestamp without time zone)","Rows Removed by Filter":0,"Rows Removed by Columnar Filter":8995581,"Columnar cache search mode":"native","Shared Hit Blocks":0,"Shared Read Blocks":0,"Shared Dirtied Blocks":0,"Shared Written Blocks":0,"Local Hit Blocks":0,"Local Read Blocks":0,"Local Dirtied Blocks":0,"Local Written Blocks":0,"Temp Read Blocks":0,"Temp Written Blocks":0,"I/O Read Time":0.0,"I/O Write Time":0.0,"Temp I/O Read Time":0.0,"Temp I/O Write Time":0.0},{"Node Type":"Seq Scan","Parent Relationship":"Member","Parallel Aware":false,"Async Capable":false,"Relation Name":"order_line","Schema":"public","Alias":"l2","Startup Cost":0.0,"Total Cost":4.75,"Plan Rows":42,"Plan Width":20,"Actual Startup Time":0.0,"Actual Total Time":0.0,"Actual Rows":0,"Actual Loops":0,"Output":["l2.ol_o_id","l2.ol_w_id","l2.ol_d_id","l2.ol_delivery_d"],"Filter":"(l2.ol_delivery_d >= '1992-01-02 20:10:02.27764'::timestamp without time zone)","Rows Removed by Filter":0,"Shared Hit Blocks":0,"Shared Read Blocks":0,"Shared Dirtied Blocks":0,"Shared Written Blocks":0,"Local Hit Blocks":0,"Local Read Blocks":0,"Local Dirtied Blocks":0,"Local Written Blocks":0,"Temp Read Blocks":0,"Temp Written Blocks":0,"I/O Read Time":0.0,"I/O Write Time":0.0,"Temp I/O Read Time":0.0,"Temp I/O Write Time":0.0}]}]}]}]}]}]},"Planning":{"Shared Hit Blocks":4,"Shared Read Blocks":0,"Shared Dirtied Blocks":0,"Shared Written Blocks":0,"Local Hit Blocks":0,"Local Read Blocks":0,"Local Dirtied Blocks":0,"Local Written Blocks":0,"Temp Read Blocks":0,"Temp Written Blocks":0,"I/O Read Time":0.0,"I/O Write Time":0.0,"Temp I/O Read Time":0.0,"Temp I/O Write Time":0.0},"Planning Time":2.277,"Triggers":[],"Execution Time":23402.724}]
[列存组合]: nation, order_line, orders, supplier
[{"Plan":{"Node Type":"Sort","Parallel Aware":false,"Async Capable":false,"Startup Cost":4105081.36,"Total Cost":4105106.36,"Plan Rows":10000,"Plan Width":27,"Actual Startup Time":32073.335,"Actual Total Time":32073.371,"Actual Rows":156,"Actual Loops":1,"Output":["supplier.su_name","(count(*))"],"Sort Key":["(count(*)) DESC","supplier.su_name"],"Sort Method":"quicksort","Sort Space Used":35,"Sort Space Type":"Memory","Shared Hit Blocks":1433315,"Shared Read Blocks":0,"Shared Dirtied Blocks":0,"Shared Written Blocks":0,"Local Hit Blocks":0,"Local Read Blocks":0,"Local Dirtied Blocks":0,"Local Written Blocks":0,"Temp Read Blocks":173473,"Temp Written Blocks":173478,"I/O Read Time":0.0,"I/O Write Time":0.0,"Temp I/O Read Time":290.388,"Temp I/O Write Time":816.134,"Plans":[{"Node Type":"Aggregate","Strategy":"Sorted","Partial Mode":"Simple","Parent Relationship":"Outer","Parallel Aware":false,"Async Capable":false,"Startup Cost":4103747.02,"Total Cost":4104416.97,"Plan Rows":10000,"Plan Width":27,"Actual Startup Time":32021.317,"Actual Total Time":32073.314,"Actual Rows":156,"Actual Loops":1,"Output":["supplier.su_name","count(*)"],"Group Key":["supplier.su_name"],"Shared Hit Blocks":1433315,"Shared Read Blocks":0,"Shared Dirtied Blocks":0,"Shared Written Blocks":0,"Local Hit Blocks":0,"Local Read Blocks":0,"Local Dirtied Blocks":0,"Local Written Blocks":0,"Temp Read Blocks":173473,"Temp Written Blocks":173478,"I/O Read Time":0.0,"I/O Write Time":0.0,"Temp I/O Read Time":290.388,"Temp I/O Write Time":816.134,"Plans":[{"Node Type":"Sort","Parent Relationship":"Outer","Parallel Aware":false,"Async Capable":false,"Startup Cost":4103747.02,"Total Cost":4103937.01,"Plan Rows":75993,"Plan Width":19,"Actual Startup Time":32021.131,"Actual Total Time":32048.543,"Actual Rows":267482,"Actual Loops":1,"Output":["supplier.su_name"],"Sort Key":["supplier.su_name"],"Sort Method":"external merge","Sort Space Used":7624,"Sort Space Type":"Disk","Shared Hit Blocks":1433315,"Shared Read Blocks":0,"Shared Dirtied Blocks":0,"Shared Written Blocks":0,"Local Hit Blocks":0,"Local Read Blocks":0,"Local Dirtied Blocks":0,"Local Written Blocks":0,"Temp Read Blocks":173473,"Temp Written Blocks":173478,"I/O Read Time":0.0,"I/O Write Time":0.0,"Temp I/O Read Time":290.388,"Temp I/O Write Time":816.134,"Plans":[{"Node Type":"Nested Loop","Parent Relationship":"Outer","Parallel Aware":false,"Async Capable":false,"Join Type":"Anti","Startup Cost":578738.75,"Total Cost":4097586.43,"Plan Rows":75993,"Plan Width":19,"Actual Startup Time":3186.462,"Actual Total Time":31871.813,"Actual Rows":267482,"Actual Loops":1,"Output":["supplier.su_name"],"Inner Unique":false,"Shared Hit Blocks":1433315,"Shared Read Blocks":0,"Shared Dirtied Blocks":0,"Shared Written Blocks":0,"Local Hit Blocks":0,"Local Read Blocks":0,"Local Dirtied Blocks":0,"Local Written Blocks":0,"Temp Read Blocks":172520,"Temp Written Blocks":172520,"I/O Read Time":0.0,"I/O Write Time":0.0,"Temp I/O Read Time":288.879,"Temp I/O Write Time":812.375,"Plans":[{"Node Type":"Hash Join","Parent Relationship":"Outer","Parallel Aware":false,"Async Capable":false,"Join Type":"Inner","Startup Cost":578738.19,"Total Cost":1821493.48,"Plan Rows":113989,"Plan Width":39,"Actual Startup Time":3186.424,"Actual Total Time":29926.432,"Actual Rows":267482,"Actual Loops":1,"Output":["supplier.su_name","l1.ol_o_id","l1.ol_w_id","l1.ol_d_id","l1.ol_delivery_d"],"Inner Unique":true,"Hash Cond":"((l1.ol_o_id = orders.o_id) AND (l1.ol_w_id = orders.o_w_id) AND (l1.ol_d_id = orders.o_d_id))","Join Filter":"(l1.ol_delivery_d > orders.o_entry_d)","Rows Removed by Join Filter":0,"Shared Hit Blocks":49398,"Shared Read Blocks":0,"Shared Dirtied Blocks":0,"Shared Written Blocks":0,"Local Hit Blocks":0,"Local Read Blocks":0,"Local Dirtied Blocks":0,"Local Written Blocks":0,"Temp Read Blocks":172520,"Temp Written Blocks":172520,"I/O Read Time":0.0,"I/O Write Time":0.0,"Temp I/O Read Time":288.879,"Temp I/O Write Time":812.375,"Plans":[{"Node Type":"Hash Join","Parent Relationship":"Outer","Parallel Aware":false,"Async Capable":false,"Join Type":"Inner","Startup Cost":449143.11,"Total Cost":1665619.76,"Plan Rows":342176,"Plan Width":41,"Actual Startup Time":2088.998,"Actual Total Time":28434.06,"Actual Rows":267496,"Actual Loops":1,"Output":["supplier.su_name","stock.s_w_id","l1.ol_o_id","l1.ol_w_id","l1.ol_d_id","l1.ol_delivery_d"],"Inner Unique":true,"Hash Cond":"(supplier.su_nationkey = nation.n_nationkey)","Shared Hit Blocks":27339,"Shared Read Blocks":0,"Shared Dirtied Blocks":0,"Shared Written Blocks":0,"Local Hit Blocks":0,"Local Read Blocks":0,"Local Dirtied Blocks":0,"Local Written Blocks":0,"Temp Read Blocks":154737,"Temp Written Blocks":154737,"I/O Read Time":0.0,"I/O Write Time":0.0,"Temp I/O Read Time":257.394,"Temp I/O Write Time":724.763,"Plans":[{"Node Type":"Hash Join","Parent Relationship":"Outer","Parallel Aware":false,"Async Capable":false,"Join Type":"Inner","Startup Cost":449141.32,"Total Cost":1606122.07,"Plan Rows":21214932,"Plan Width":45,"Actual Startup Time":2082.838,"Actual Total Time":26929.242,"Actual Rows":20982320,"Actual Loops":1,"Output":["supplier.su_name","supplier.su_nationkey","stock.s_w_id","l1.ol_o_id","l1.ol_w_id","l1.ol_d_id","l1.ol_delivery_d"],"Inner Unique":true,"Hash Cond":"(mod((stock.s_w_id * stock.s_i_id), 10000) = supplier.su_suppkey)","Shared Hit Blocks":27338,"Shared Read Blocks":0,"Shared Dirtied Blocks":0,"Shared Written Blocks":0,"Local Hit Blocks":0,"Local Read Blocks":0,"Local Dirtied Blocks":0,"Local Written Blocks":0,"Temp Read Blocks":154737,"Temp Written Blocks":154737,"I/O Read Time":0.0,"I/O Write Time":0.0,"Temp I/O Read Time":257.394,"Temp I/O Write Time":724.763,"Plans":[{"Node Type":"Hash Join","Parent Relationship":"Outer","Parallel Aware":false,"Async Capable":false,"Join Type":"Inner","Startup Cost":448777.29,"Total Cost":1544736.75,"Plan Rows":21214932,"Plan Width":26,"Actual Startup Time":2079.314,"Actual Total Time":22127.73,"Actual Rows":20982320,"Actual Loops":1,"Output":["l1.ol_o_id","l1.ol_w_id","l1.ol_d_id","l1.ol_delivery_d","stock.s_w_id","stock.s_i_id"],"Inner Unique":true,"Hash Cond":"((l1.ol_w_id = stock.s_w_id) AND (l1.ol_i_id = stock.s_i_id))","Shared Hit Blocks":27338,"Shared Read Blocks":0,"Shared Dirtied Blocks":0,"Shared Written Blocks":0,"Local Hit Blocks":0,"Local Read Blocks":0,"Local Dirtied Blocks":0,"Local Written Blocks":0,"Temp Read Blocks":154737,"Temp Written Blocks":154737,"I/O Read Time":0.0,"I/O Write Time":0.0,"Temp I/O Read Time":257.394,"Temp I/O Write Time":724.763,"Plans":[{"Node Type":"Append","Parent Relationship":"Outer","Parallel Aware":false,"Async Capable":false,"Startup Cost":20.0,"Total Cost":701820.0,"Plan Rows":20926367,"Plan Width":24,"Actual Startup Time":1.17,"Actual Total Time":3950.292,"Actual Rows":20982320,"Actual Loops":1,"Shared Hit Blocks":0,"Shared Read Blocks":0,"Shared Dirtied Blocks":0,"Shared Written Blocks":0,"Local Hit Blocks":0,"Local Read Blocks":0,"Local Dirtied Blocks":0,"Local Written Blocks":0,"Temp Read Blocks":0,"Temp Written Blocks":0,"I/O Read Time":0.0,"I/O Write Time":0.0,"Temp I/O Read Time":0.0,"Temp I/O Write Time":0.0,"Subplans Removed":0,"Plans":[{"Node Type":"Custom Scan","Parent Relationship":"Member","Custom Plan Provider":"columnar scan","Parallel Aware":false,"Async Capable":false,"Relation Name":"order_line","Schema":"public","Alias":"l1","Startup Cost":20.0,"Total Cost":533641.75,"Plan Rows":20926325,"Plan Width":24,"Actual Startup Time":1.169,"Actual Total Time":2498.894,"Actual Rows":20982320,"Actual Loops":1,"Output":["l1.ol_o_id","l1.ol_w_id","l1.ol_d_id","l1.ol_i_id","l1.ol_delivery_d"],"Filter":"(l1.ol_delivery_d >= '1992-01-02 20:10:02.27764'::timestamp without time zone)","Rows Removed by Filter":0,"Rows Removed by Columnar Filter":9015412,"Rows Filtered by Bloom Filter":0,"Dictionary Rows Filtered by Bloom Filter":19831,"Columnar projection mode":"late materialization","Columnar cache search mode":"native","Shared Hit Blocks":0,"Shared Read Blocks":0,"Shared Dirtied Blocks":0,"Shared Written Blocks":0,"Local Hit Blocks":0,"Local Read Blocks":0,"Local Dirtied Blocks":0,"Local Written Blocks":0,"Temp Read Blocks":0,"Temp Written Blocks":0,"I/O Read Time":0.0,"I/O Write Time":0.0,"Temp I/O Read Time":0.0,"Temp I/O Write Time":0.0},{"Node Type":"Seq Scan","Parent Relationship":"Member","Parallel Aware":false,"Async Capable":false,"Relation Name":"order_line","Schema":"public","Alias":"l1","Startup Cost":0.0,"Total Cost":4.75,"Plan Rows":42,"Plan Width":24,"Actual Startup Time":0.0,"Actual Total Time":0.0,"Actual Rows":0,"Actual Loops":0,"Output":["l1.ol_o_id","l1.ol_w_id","l1.ol_d_id","l1.ol_i_id","l1.ol_delivery_d"],"Filter":"(l1.ol_delivery_d >= '1992-01-02 20:10:02.27764'::timestamp without time zone)","Rows Removed by Filter":0,"Shared Hit Blocks":0,"Shared Read Blocks":0,"Shared Dirtied Blocks":0,"Shared Written Blocks":0,"Local Hit Blocks":0,"Local Read Blocks":0,"Local Dirtied Blocks":0,"Local Written Blocks":0,"Temp Read Blocks":0,"Temp Written Blocks":0,"I/O Read Time":0.0,"I/O Write Time":0.0,"Temp I/O Read Time":0.0,"Temp I/O Write Time":0.0}]},{"Node Type":"Hash","Parent Relationship":"Inner","Parallel Aware":false,"Async Capable":false,"Startup Cost":259690.86,"Total Cost":259690.86,"Plan Rows":10000162,"Plan Width":6,"Actual Startup Time":2076.848,"Actual Total Time":2076.849,"Actual Rows":10000000,"Actual Loops":1,"Output":["stock.s_w_id","stock.s_i_id"],"Hash Buckets":262144,"Original Hash Buckets":262144,"Hash Batches":64,"Original Hash Batches":64,"Peak Memory Usage":8133,"Shared Hit Blocks":27338,"Shared Read Blocks":0,"Shared Dirtied Blocks":0,"Shared Written Blocks":0,"Local Hit Blocks":0,"Local Read Blocks":0,"Local Dirtied Blocks":0,"Local Written Blocks":0,"Temp Read Blocks":0,"Temp Written Blocks":33616,"I/O Read Time":0.0,"I/O Write Time":0.0,"Temp I/O Read Time":0.0,"Temp I/O Write Time":153.236,"Plans":[{"Node Type":"Index Only Scan","Parent Relationship":"Outer","Parallel Aware":false,"Async Capable":false,"Scan Direction":"Forward","Index Name":"stock_pk","Relation Name":"stock","Schema":"public","Alias":"stock","Startup Cost":0.43,"Total Cost":259690.86,"Plan Rows":10000162,"Plan Width":6,"Actual Startup Time":0.023,"Actual Total Time":720.235,"Actual Rows":10000000,"Actual Loops":1,"Output":["stock.s_w_id","stock.s_i_id"],"Heap Fetches":0,"Shared Hit Blocks":27338,"Shared Read Blocks":0,"Shared Dirtied Blocks":0,"Shared Written Blocks":0,"Local Hit Blocks":0,"Local Read Blocks":0,"Local Dirtied Blocks":0,"Local Written Blocks":0,"Temp Read Blocks":0,"Temp Written Blocks":0,"I/O Read Time":0.0,"I/O Write Time":0.0,"Temp I/O Read Time":0.0,"Temp I/O Write Time":0.0}]}]},{"Node Type":"Hash","Parent Relationship":"Inner","Parallel Aware":false,"Async Capable":false,"Startup Cost":239.01,"Total Cost":239.01,"Plan Rows":10001,"Plan Width":27,"Actual Startup Time":3.476,"Actual Total Time":3.48,"Actual Rows":10000,"Actual Loops":1,"Output":["supplier.su_name","supplier.su_suppkey","supplier.su_nationkey"],"Hash Buckets":16384,"Original Hash Buckets":16384,"Hash Batches":1,"Original Hash Batches":1,"Peak Memory Usage":714,"Shared Hit Blocks":0,"Shared Read Blocks":0,"Shared Dirtied Blocks":0,"Shared Written Blocks":0,"Local Hit Blocks":0,"Local Read Blocks":0,"Local Dirtied Blocks":0,"Local Written Blocks":0,"Temp Read Blocks":0,"Temp Written Blocks":0,"I/O Read Time":0.0,"I/O Write Time":0.0,"Temp I/O Read Time":0.0,"Temp I/O Write Time":0.0,"Plans":[{"Node Type":"Append","Parent Relationship":"Outer","Parallel Aware":false,"Async Capable":false,"Startup Cost":20.0,"Total Cost":239.01,"Plan Rows":10001,"Plan Width":27,"Actual Startup Time":0.024,"Actual Total Time":2.037,"Actual Rows":10000,"Actual Loops":1,"Shared Hit Blocks":0,"Shared Read Blocks":0,"Shared Dirtied Blocks":0,"Shared Written Blocks":0,"Local Hit Blocks":0,"Local Read Blocks":0,"Local Dirtied Blocks":0,"Local Written Blocks":0,"Temp Read Blocks":0,"Temp Written Blocks":0,"I/O Read Time":0.0,"I/O Write Time":0.0,"Temp I/O Read Time":0.0,"Temp I/O Write Time":0.0,"Subplans Removed":0,"Plans":[{"Node Type":"Custom Scan","Parent Relationship":"Member","Custom Plan Provider":"columnar scan","Parallel Aware":false,"Async Capable":false,"Relation Name":"supplier","Schema":"public","Alias":"supplier","Startup Cost":20.0,"Total Cost":235.0,"Plan Rows":10000,"Plan Width":27,"Actual Startup Time":0.023,"Actual Total Time":1.305,"Actual Rows":10000,"Actual Loops":1,"Output":["supplier.su_name","supplier.su_suppkey","supplier.su_nationkey"],"Rows Removed by Columnar Filter":0,"Columnar cache search mode":"native","Shared Hit Blocks":0,"Shared Read Blocks":0,"Shared Dirtied Blocks":0,"Shared Written Blocks":0,"Local Hit Blocks":0,"Local Read Blocks":0,"Local Dirtied Blocks":0,"Local Written Blocks":0,"Temp Read Blocks":0,"Temp Written Blocks":0,"I/O Read Time":0.0,"I/O Write Time":0.0,"Temp I/O Read Time":0.0,"Temp I/O Write Time":0.0},{"Node Type":"Seq Scan","Parent Relationship":"Member","Parallel Aware":false,"Async Capable":false,"Relation Name":"supplier","Schema":"public","Alias":"supplier","Startup Cost":0.0,"Total Cost":4.01,"Plan Rows":1,"Plan Width":27,"Actual Startup Time":0.0,"Actual Total Time":0.0,"Actual Rows":0,"Actual Loops":0,"Output":["supplier.su_name","supplier.su_suppkey","supplier.su_nationkey"],"Shared Hit Blocks":0,"Shared Read Blocks":0,"Shared Dirtied Blocks":0,"Shared Written Blocks":0,"Local Hit Blocks":0,"Local Read Blocks":0,"Local Dirtied Blocks":0,"Local Written Blocks":0,"Temp Read Blocks":0,"Temp Written Blocks":0,"I/O Read Time":0.0,"I/O Write Time":0.0,"Temp I/O Read Time":0.0,"Temp I/O Write Time":0.0}]}]}]},{"Node Type":"Hash","Parent Relationship":"Inner","Parallel Aware":false,"Async Capable":false,"Startup Cost":1.77,"Total Cost":1.77,"Plan Rows":1,"Plan Width":4,"Actual Startup Time":0.018,"Actual Total Time":0.019,"Actual Rows":1,"Actual Loops":1,"Output":["nation.n_nationkey"],"Hash Buckets":1024,"Original Hash Buckets":1024,"Hash Batches":1,"Original Hash Batches":1,"Peak Memory Usage":9,"Shared Hit Blocks":1,"Shared Read Blocks":0,"Shared Dirtied Blocks":0,"Shared Written Blocks":0,"Local Hit Blocks":0,"Local Read Blocks":0,"Local Dirtied Blocks":0,"Local Written Blocks":0,"Temp Read Blocks":0,"Temp Written Blocks":0,"I/O Read Time":0.0,"I/O Write Time":0.0,"Temp I/O Read Time":0.0,"Temp I/O Write Time":0.0,"Plans":[{"Node Type":"Seq Scan","Parent Relationship":"Outer","Parallel Aware":false,"Async Capable":false,"Relation Name":"nation","Schema":"public","Alias":"nation","Startup Cost":0.0,"Total Cost":1.77,"Plan Rows":1,"Plan Width":4,"Actual Startup Time":0.013,"Actual Total Time":0.016,"Actual Rows":1,"Actual Loops":1,"Output":["nation.n_nationkey"],"Filter":"((nation.n_name)::text = 'Cambodia'::text)","Rows Removed by Filter":61,"Shared Hit Blocks":1,"Shared Read Blocks":0,"Shared Dirtied Blocks":0,"Shared Written Blocks":0,"Local Hit Blocks":0,"Local Read Blocks":0,"Local Dirtied Blocks":0,"Local Written Blocks":0,"Temp Read Blocks":0,"Temp Written Blocks":0,"I/O Read Time":0.0,"I/O Write Time":0.0,"Temp I/O Read Time":0.0,"Temp I/O Write Time":0.0}]}]},{"Node Type":"Hash","Parent Relationship":"Inner","Parallel Aware":false,"Async Capable":false,"Startup Cost":59559.0,"Total Cost":59559.0,"Plan Rows":2998176,"Plan Width":20,"Actual Startup Time":1079.772,"Actual Total Time":1079.774,"Actual Rows":2997892,"Actual Loops":1,"Output":["orders.o_id","orders.o_w_id","orders.o_d_id","orders.o_entry_d"],"Hash Buckets":131072,"Original Hash Buckets":131072,"Hash Batches":32,"Original Hash Batches":32,"Peak Memory Usage":6158,"Shared Hit Blocks":22059,"Shared Read Blocks":0,"Shared Dirtied Blocks":0,"Shared Written Blocks":0,"Local Hit Blocks":0,"Local Read Blocks":0,"Local Dirtied Blocks":0,"Local Written Blocks":0,"Temp Read Blocks":0,"Temp Written Blocks":15583,"I/O Read Time":0.0,"I/O Write Time":0.0,"Temp I/O Read Time":0.0,"Temp I/O Write Time":70.298,"Plans":[{"Node Type":"Seq Scan","Parent Relationship":"Outer","Parallel Aware":false,"Async Capable":false,"Relation Name":"orders","Schema":"public","Alias":"orders","Startup Cost":0.0,"Total Cost":59559.0,"Plan Rows":2998176,"Plan Width":20,"Actual Startup Time":0.012,"Actual Total Time":381.017,"Actual Rows":2997892,"Actual Loops":1,"Output":["orders.o_id","orders.o_w_id","orders.o_d_id","orders.o_entry_d"],"Filter":"(orders.o_entry_d >= '1992-01-02 20:10:02.27764'::timestamp without time zone)","Rows Removed by Filter":2108,"Shared Hit Blocks":22059,"Shared Read Blocks":0,"Shared Dirtied Blocks":0,"Shared Written Blocks":0,"Local Hit Blocks":0,"Local Read Blocks":0,"Local Dirtied Blocks":0,"Local Written Blocks":0,"Temp Read Blocks":0,"Temp Written Blocks":0,"I/O Read Time":0.0,"I/O Write Time":0.0,"Temp I/O Read Time":0.0,"Temp I/O Write Time":0.0}]}]},{"Node Type":"Index Scan","Parent Relationship":"Inner","Parallel Aware":false,"Async Capable":false,"Scan Direction":"Forward","Index Name":"order_line_pk","Relation Name":"order_line","Schema":"public","Alias":"l2","Startup Cost":0.56,"Total Cost":26.51,"Plan Rows":2,"Plan Width":20,"Actual Startup Time":0.007,"Actual Total Time":0.007,"Actual Rows":0,"Actual Loops":267482,"Output":["l2.ol_o_id","l2.ol_d_id","l2.ol_w_id","l2.ol_number","l2.ol_i_id","l2.ol_supply_w_id","l2.ol_delivery_d","l2.ol_quantity","l2.ol_amount","l2.ol_dist_info"],"Index Cond":"((l2.ol_w_id = l1.ol_w_id) AND (l2.ol_d_id = l1.ol_d_id) AND (l2.ol_o_id = l1.ol_o_id))","Rows Removed by Index Recheck":0,"Filter":"((l2.ol_delivery_d >= '1992-01-02 20:10:02.27764'::timestamp without time zone) AND (l2.ol_delivery_d > l1.ol_delivery_d))","Rows Removed by Filter":11,"Shared Hit Blocks":1383917,"Shared Read Blocks":0,"Shared Dirtied Blocks":0,"Shared Written Blocks":0,"Local Hit Blocks":0,"Local Read Blocks":0,"Local Dirtied Blocks":0,"Local Written Blocks":0,"Temp Read Blocks":0,"Temp Written Blocks":0,"I/O Read Time":0.0,"I/O Write Time":0.0,"Temp I/O Read Time":0.0,"Temp I/O Write Time":0.0}]}]}]}]},"Planning":{"Shared Hit Blocks":4,"Shared Read Blocks":0,"Shared Dirtied Blocks":0,"Shared Written Blocks":0,"Local Hit Blocks":0,"Local Read Blocks":0,"Local Dirtied Blocks":0,"Local Written Blocks":0,"Temp Read Blocks":0,"Temp Written Blocks":0,"I/O Read Time":0.0,"I/O Write Time":0.0,"Temp I/O Read Time":0.0,"Temp I/O Write Time":0.0},"Planning Time":1.786,"Triggers":[],"Execution Time":32075.022}]
[列存组合]: nation, order_line, stock, supplier
[{"Plan":{"Node Type":"Sort","Parallel Aware":false,"Async Capable":false,"Startup Cost":3010905.71,"Total Cost":3010930.71,"Plan Rows":10000,"Plan Width":27,"Actual Startup Time":23159.243,"Actual Total Time":23159.28,"Actual Rows":156,"Actual Loops":1,"Output":["supplier.su_name","(count(*))"],"Sort Key":["(count(*)) DESC","supplier.su_name"],"Sort Method":"quicksort","Sort Space Used":35,"Sort Space Type":"Memory","Shared Hit Blocks":22060,"Shared Read Blocks":0,"Shared Dirtied Blocks":0,"Shared Written Blocks":0,"Local Hit Blocks":0,"Local Read Blocks":0,"Local Dirtied Blocks":0,"Local Written Blocks":0,"Temp Read Blocks":133545,"Temp Written Blocks":133550,"I/O Read Time":0.0,"I/O Write Time":0.0,"Temp I/O Read Time":209.966,"Temp I/O Write Time":643.639,"Plans":[{"Node Type":"Aggregate","Strategy":"Sorted","Partial Mode":"Simple","Parent Relationship":"Outer","Parallel Aware":false,"Async Capable":false,"Startup Cost":3009571.37,"Total Cost":3010241.32,"Plan Rows":10000,"Plan Width":27,"Actual Startup Time":23107.92,"Actual Total Time":23159.222,"Actual Rows":156,"Actual Loops":1,"Output":["supplier.su_name","count(*)"],"Group Key":["supplier.su_name"],"Shared Hit Blocks":22060,"Shared Read Blocks":0,"Shared Dirtied Blocks":0,"Shared Written Blocks":0,"Local Hit Blocks":0,"Local Read Blocks":0,"Local Dirtied Blocks":0,"Local Written Blocks":0,"Temp Read Blocks":133545,"Temp Written Blocks":133550,"I/O Read Time":0.0,"I/O Write Time":0.0,"Temp I/O Read Time":209.966,"Temp I/O Write Time":643.639,"Plans":[{"Node Type":"Sort","Parent Relationship":"Outer","Parallel Aware":false,"Async Capable":false,"Startup Cost":3009571.37,"Total Cost":3009761.35,"Plan Rows":75993,"Plan Width":19,"Actual Startup Time":23107.741,"Actual Total Time":23134.572,"Actual Rows":267482,"Actual Loops":1,"Output":["supplier.su_name"],"Sort Key":["supplier.su_name"],"Sort Method":"external merge","Sort Space Used":7624,"Sort Space Type":"Disk","Shared Hit Blocks":22060,"Shared Read Blocks":0,"Shared Dirtied Blocks":0,"Shared Written Blocks":0,"Local Hit Blocks":0,"Local Read Blocks":0,"Local Dirtied Blocks":0,"Local Written Blocks":0,"Temp Read Blocks":133545,"Temp Written Blocks":133550,"I/O Read Time":0.0,"I/O Write Time":0.0,"Temp I/O Read Time":209.966,"Temp I/O Write Time":643.639,"Plans":[{"Node Type":"Hash Join","Parent Relationship":"Outer","Parallel Aware":false,"Async Capable":false,"Join Type":"Anti","Startup Cost":1349931.33,"Total Cost":3003410.78,"Plan Rows":75993,"Plan Width":19,"Actual Startup Time":10295.511,"Actual Total Time":22966.448,"Actual Rows":267482,"Actual Loops":1,"Output":["supplier.su_name"],"Hash Cond":"((l1.ol_o_id = l2.ol_o_id) AND (l1.ol_w_id = l2.ol_w_id) AND (l1.ol_d_id = l2.ol_d_id))","Join Filter":"(l2.ol_delivery_d > l1.ol_delivery_d)","Rows Removed by Join Filter":2942288,"Shared Hit Blocks":22060,"Shared Read Blocks":0,"Shared Dirtied Blocks":0,"Shared Written Blocks":0,"Local Hit Blocks":0,"Local Read Blocks":0,"Local Dirtied Blocks":0,"Local Written Blocks":0,"Temp Read Blocks":132592,"Temp Written Blocks":132592,"I/O Read Time":0.0,"I/O Write Time":0.0,"Temp I/O Read Time":208.582,"Temp I/O Write Time":639.985,"Plans":[{"Node Type":"Hash Join","Parent Relationship":"Outer","Parallel Aware":false,"Async Capable":false,"Join Type":"Inner","Startup Cost":159283.91,"Total Cost":757672.31,"Plan Rows":113989,"Plan Width":39,"Actual Startup Time":1875.666,"Actual Total Time":12912.297,"Actual Rows":267482,"Actual Loops":1,"Output":["supplier.su_name","l1.ol_o_id","l1.ol_w_id","l1.ol_d_id","l1.ol_delivery_d"],"Hash Cond":"((l1.ol_o_id = orders.o_id) AND (l1.ol_w_id = orders.o_w_id) AND (l1.ol_d_id = orders.o_d_id))","Join Filter":"(l1.ol_delivery_d > orders.o_entry_d)","Rows Removed by Join Filter":0,"Shared Hit Blocks":22060,"Shared Read Blocks":0,"Shared Dirtied Blocks":0,"Shared Written Blocks":0,"Local Hit Blocks":0,"Local Read Blocks":0,"Local Dirtied Blocks":0,"Local Written Blocks":0,"Temp Read Blocks":17783,"Temp Written Blocks":17783,"I/O Read Time":0.0,"I/O Write Time":0.0,"Temp I/O Read Time":28.872,"Temp I/O Write Time":87.572,"Plans":[{"Node Type":"Hash Join","Parent Relationship":"Outer","Parallel Aware":false,"Async Capable":false,"Join Type":"Inner","Startup Cost":29688.83,"Total Cost":601798.6,"Plan Rows":342176,"Plan Width":41,"Actual Startup Time":800.088,"Actual Total Time":11480.595,"Actual Rows":267496,"Actual Loops":1,"Output":["supplier.su_name","stock.s_w_id","l1.ol_o_id","l1.ol_w_id","l1.ol_d_id","l1.ol_delivery_d"],"Hash Cond":"(supplier.su_nationkey = nation.n_nationkey)","Shared Hit Blocks":1,"Shared Read Blocks":0,"Shared Dirtied Blocks":0,"Shared Written Blocks":0,"Local Hit Blocks":0,"Local Read Blocks":0,"Local Dirtied Blocks":0,"Local Written Blocks":0,"Temp Read Blocks":0,"Temp Written Blocks":0,"I/O Read Time":0.0,"I/O Write Time":0.0,"Temp I/O Read Time":0.0,"Temp I/O Write Time":0.0,"Plans":[{"Node Type":"Hash Join","Parent Relationship":"Outer","Parallel Aware":false,"Async Capable":false,"Join Type":"Inner","Startup Cost":29687.04,"Total Cost":542300.91,"Plan Rows":21214932,"Plan Width":45,"Actual Startup Time":799.967,"Actual Total Time":10012.736,"Actual Rows":20982320,"Actual Loops":1,"Output":["supplier.su_name","supplier.su_nationkey","stock.s_w_id","l1.ol_o_id","l1.ol_w_id","l1.ol_d_id","l1.ol_delivery_d"],"Hash Cond":"(mod((stock.s_w_id * stock.s_i_id), 10000) = supplier.su_suppkey)","Shared Hit Blocks":0,"Shared Read Blocks":0,"Shared Dirtied Blocks":0,"Shared Written Blocks":0,"Local Hit Blocks":0,"Local Read Blocks":0,"Local Dirtied Blocks":0,"Local Written Blocks":0,"Temp Read Blocks":0,"Temp Written Blocks":0,"I/O Read Time":0.0,"I/O Write Time":0.0,"Temp I/O Read Time":0.0,"Temp I/O Write Time":0.0,"Plans":[{"Node Type":"Hash Join","Parent Relationship":"Outer","Parallel Aware":false,"Async Capable":false,"Join Type":"Inner","Startup Cost":29323.02,"Total Cost":480915.59,"Plan Rows":21214932,"Plan Width":26,"Actual Startup Time":796.436,"Actual Total Time":5584.508,"Actual Rows":20982320,"Actual Loops":1,"Output":["l1.ol_o_id","l1.ol_w_id","l1.ol_d_id","l1.ol_delivery_d","stock.s_w_id","stock.s_i_id"],"Hash Cond":"((l1.ol_w_id = stock.s_w_id) AND (l1.ol_i_id = stock.s_i_id))","Rows Removed by Bloom Filter":0,"Shared Hit Blocks":0,"Shared Read Blocks":0,"Shared Dirtied Blocks":0,"Shared Written Blocks":0,"Local Hit Blocks":0,"Local Read Blocks":0,"Local Dirtied Blocks":0,"Local Written Blocks":0,"Temp Read Blocks":0,"Temp Written Blocks":0,"I/O Read Time":0.0,"I/O Write Time":0.0,"Temp I/O Read Time":0.0,"Temp I/O Write Time":0.0,"Plans":[{"Node Type":"Append","Parent Relationship":"Outer","Parallel Aware":false,"Async Capable":false,"Startup Cost":20.0,"Total Cost":533646.5,"Plan Rows":20926367,"Plan Width":24,"Actual Startup Time":108.968,"Actual Total Time":108.976,"Actual Rows":20982320,"Actual Loops":1,"Shared Hit Blocks":0,"Shared Read Blocks":0,"Shared Dirtied Blocks":0,"Shared Written Blocks":0,"Local Hit Blocks":0,"Local Read Blocks":0,"Local Dirtied Blocks":0,"Local Written Blocks":0,"Temp Read Blocks":0,"Temp Written Blocks":0,"I/O Read Time":0.0,"I/O Write Time":0.0,"Temp I/O Read Time":0.0,"Temp I/O Write Time":0.0,"Subplans Removed":0,"Plans":[{"Node Type":"Custom Scan","Parent Relationship":"Member","Custom Plan Provider":"columnar scan","Parallel Aware":false,"Async Capable":false,"Relation Name":"order_line","Schema":"public","Alias":"l1","Startup Cost":20.0,"Total Cost":533641.75,"Plan Rows":20926325,"Plan Width":24,"Actual Startup Time":108.967,"Actual Total Time":108.97,"Actual Rows":20982320,"Actual Loops":1,"Output":["l1.ol_o_id","l1.ol_w_id","l1.ol_d_id","l1.ol_i_id","l1.ol_delivery_d"],"Filter":"(l1.ol_delivery_d >= '1992-01-02 20:10:02.27764'::timestamp without time zone)","Rows Removed by Filter":0,"Rows Removed by Columnar Filter":9015412,"Rows Filtered by Bloom Filter":0,"Dictionary Rows Filtered by Bloom Filter":19831,"Columnar cache search mode":"native","Shared Hit Blocks":0,"Shared Read Blocks":0,"Shared Dirtied Blocks":0,"Shared Written Blocks":0,"Local Hit Blocks":0,"Local Read Blocks":0,"Local Dirtied Blocks":0,"Local Written Blocks":0,"Temp Read Blocks":0,"Temp Written Blocks":0,"I/O Read Time":0.0,"I/O Write Time":0.0,"Temp I/O Read Time":0.0,"Temp I/O Write Time":0.0},{"Node Type":"Seq Scan","Parent Relationship":"Member","Parallel Aware":false,"Async Capable":false,"Relation Name":"order_line","Schema":"public","Alias":"l1","Startup Cost":0.0,"Total Cost":4.75,"Plan Rows":42,"Plan Width":24,"Actual Startup Time":0.0,"Actual Total Time":0.0,"Actual Rows":0,"Actual Loops":0,"Output":["l1.ol_o_id","l1.ol_w_id","l1.ol_d_id","l1.ol_i_id","l1.ol_delivery_d"],"Filter":"(l1.ol_delivery_d >= '1992-01-02 20:10:02.27764'::timestamp without time zone)","Rows Removed by Filter":0,"Shared Hit Blocks":0,"Shared Read Blocks":0,"Shared Dirtied Blocks":0,"Shared Written Blocks":0,"Local Hit Blocks":0,"Local Read Blocks":0,"Local Dirtied Blocks":0,"Local Written Blocks":0,"Temp Read Blocks":0,"Temp Written Blocks":0,"I/O Read Time":0.0,"I/O Write Time":0.0,"Temp I/O Read Time":0.0,"Temp I/O Write Time":0.0}]},{"Node Type":"Hash","Parent Relationship":"Inner","Parallel Aware":false,"Async Capable":false,"Startup Cost":195025.67,"Total Cost":195025.67,"Plan Rows":10000162,"Plan Width":6,"Actual Rows":10000000,"Actual Loops":1,"Output":["stock.s_w_id","stock.s_i_id"],"Shared Hit Blocks":0,"Shared Read Blocks":0,"Shared Dirtied Blocks":0,"Shared Written Blocks":0,"Local Hit Blocks":0,"Local Read Blocks":0,"Local Dirtied Blocks":0,"Local Written Blocks":0,"Temp Read Blocks":0,"Temp Written Blocks":0,"I/O Read Time":0.0,"I/O Write Time":0.0,"Temp I/O Read Time":0.0,"Temp I/O Write Time":0.0,"Plans":[{"Node Type":"Append","Parent Relationship":"Outer","Parallel Aware":false,"Async Capable":false,"Startup Cost":20.0,"Total Cost":195025.67,"Plan Rows":10000162,"Plan Width":6,"Actual Startup Time":0.252,"Actual Total Time":0.254,"Actual Rows":10000000,"Actual Loops":1,"Shared Hit Blocks":0,"Shared Read Blocks":0,"Shared Dirtied Blocks":0,"Shared Written Blocks":0,"Local Hit Blocks":0,"Local Read Blocks":0,"Local Dirtied Blocks":0,"Local Written Blocks":0,"Temp Read Blocks":0,"Temp Written Blocks":0,"I/O Read Time":0.0,"I/O Write Time":0.0,"Temp I/O Read Time":0.0,"Temp I/O Write Time":0.0,"Subplans Removed":0,"Plans":[{"Node Type":"Custom Scan","Parent Relationship":"Member","Custom Plan Provider":"columnar scan","Parallel Aware":false,"Async Capable":false,"Relation Name":"stock","Schema":"public","Alias":"stock","Startup Cost":20.0,"Total Cost":195020.05,"Plan Rows":10000000,"Plan Width":6,"Actual Startup Time":0.251,"Actual Total Time":0.251,"Actual Rows":10000000,"Actual Loops":1,"Output":["stock.s_w_id","stock.s_i_id"],"Rows Removed by Columnar Filter":0,"Columnar cache search mode":"native","Shared Hit Blocks":0,"Shared Read Blocks":0,"Shared Dirtied Blocks":0,"Shared Written Blocks":0,"Local Hit Blocks":0,"Local Read Blocks":0,"Local Dirtied Blocks":0,"Local Written Blocks":0,"Temp Read Blocks":0,"Temp Written Blocks":0,"I/O Read Time":0.0,"I/O Write Time":0.0,"Temp I/O Read Time":0.0,"Temp I/O Write Time":0.0},{"Node Type":"Seq Scan","Parent Relationship":"Member","Parallel Aware":false,"Async Capable":false,"Relation Name":"stock","Schema":"public","Alias":"stock","Startup Cost":0.0,"Total Cost":5.62,"Plan Rows":162,"Plan Width":6,"Actual Startup Time":0.0,"Actual Total Time":0.0,"Actual Rows":0,"Actual Loops":0,"Output":["stock.s_w_id","stock.s_i_id"],"Shared Hit Blocks":0,"Shared Read Blocks":0,"Shared Dirtied Blocks":0,"Shared Written Blocks":0,"Local Hit Blocks":0,"Local Read Blocks":0,"Local Dirtied Blocks":0,"Local Written Blocks":0,"Temp Read Blocks":0,"Temp Written Blocks":0,"I/O Read Time":0.0,"I/O Write Time":0.0,"Temp I/O Read Time":0.0,"Temp I/O Write Time":0.0}]}]}]},{"Node Type":"Hash","Parent Relationship":"Inner","Parallel Aware":false,"Async Capable":false,"Startup Cost":239.01,"Total Cost":239.01,"Plan Rows":10001,"Plan Width":27,"Actual Startup Time":3.464,"Actual Total Time":3.467,"Actual Rows":10000,"Actual Loops":1,"Output":["supplier.su_name","supplier.su_suppkey","supplier.su_nationkey"],"Hash Buckets":16384,"Original Hash Buckets":16384,"Hash Batches":1,"Original Hash Batches":1,"Peak Memory Usage":714,"Shared Hit Blocks":0,"Shared Read Blocks":0,"Shared Dirtied Blocks":0,"Shared Written Blocks":0,"Local Hit Blocks":0,"Local Read Blocks":0,"Local Dirtied Blocks":0,"Local Written Blocks":0,"Temp Read Blocks":0,"Temp Written Blocks":0,"I/O Read Time":0.0,"I/O Write Time":0.0,"Temp I/O Read Time":0.0,"Temp I/O Write Time":0.0,"Plans":[{"Node Type":"Append","Parent Relationship":"Outer","Parallel Aware":false,"Async Capable":false,"Startup Cost":20.0,"Total Cost":239.01,"Plan Rows":10001,"Plan Width":27,"Actual Startup Time":0.024,"Actual Total Time":2.039,"Actual Rows":10000,"Actual Loops":1,"Shared Hit Blocks":0,"Shared Read Blocks":0,"Shared Dirtied Blocks":0,"Shared Written Blocks":0,"Local Hit Blocks":0,"Local Read Blocks":0,"Local Dirtied Blocks":0,"Local Written Blocks":0,"Temp Read Blocks":0,"Temp Written Blocks":0,"I/O Read Time":0.0,"I/O Write Time":0.0,"Temp I/O Read Time":0.0,"Temp I/O Write Time":0.0,"Subplans Removed":0,"Plans":[{"Node Type":"Custom Scan","Parent Relationship":"Member","Custom Plan Provider":"columnar scan","Parallel Aware":false,"Async Capable":false,"Relation Name":"supplier","Schema":"public","Alias":"supplier","Startup Cost":20.0,"Total Cost":235.0,"Plan Rows":10000,"Plan Width":27,"Actual Startup Time":0.023,"Actual Total Time":1.33,"Actual Rows":10000,"Actual Loops":1,"Output":["supplier.su_name","supplier.su_suppkey","supplier.su_nationkey"],"Rows Removed by Columnar Filter":0,"Columnar cache search mode":"native","Shared Hit Blocks":0,"Shared Read Blocks":0,"Shared Dirtied Blocks":0,"Shared Written Blocks":0,"Local Hit Blocks":0,"Local Read Blocks":0,"Local Dirtied Blocks":0,"Local Written Blocks":0,"Temp Read Blocks":0,"Temp Written Blocks":0,"I/O Read Time":0.0,"I/O Write Time":0.0,"Temp I/O Read Time":0.0,"Temp I/O Write Time":0.0},{"Node Type":"Seq Scan","Parent Relationship":"Member","Parallel Aware":false,"Async Capable":false,"Relation Name":"supplier","Schema":"public","Alias":"supplier","Startup Cost":0.0,"Total Cost":4.01,"Plan Rows":1,"Plan Width":27,"Actual Startup Time":0.0,"Actual Total Time":0.0,"Actual Rows":0,"Actual Loops":0,"Output":["supplier.su_name","supplier.su_suppkey","supplier.su_nationkey"],"Shared Hit Blocks":0,"Shared Read Blocks":0,"Shared Dirtied Blocks":0,"Shared Written Blocks":0,"Local Hit Blocks":0,"Local Read Blocks":0,"Local Dirtied Blocks":0,"Local Written Blocks":0,"Temp Read Blocks":0,"Temp Written Blocks":0,"I/O Read Time":0.0,"I/O Write Time":0.0,"Temp I/O Read Time":0.0,"Temp I/O Write Time":0.0}]}]}]},{"Node Type":"Hash","Parent Relationship":"Inner","Parallel Aware":false,"Async Capable":false,"Startup Cost":1.77,"Total Cost":1.77,"Plan Rows":1,"Plan Width":4,"Actual Startup Time":0.019,"Actual Total Time":0.021,"Actual Rows":1,"Actual Loops":1,"Output":["nation.n_nationkey"],"Hash Buckets":1024,"Original Hash Buckets":1024,"Hash Batches":1,"Original Hash Batches":1,"Peak Memory Usage":9,"Shared Hit Blocks":1,"Shared Read Blocks":0,"Shared Dirtied Blocks":0,"Shared Written Blocks":0,"Local Hit Blocks":0,"Local Read Blocks":0,"Local Dirtied Blocks":0,"Local Written Blocks":0,"Temp Read Blocks":0,"Temp Written Blocks":0,"I/O Read Time":0.0,"I/O Write Time":0.0,"Temp I/O Read Time":0.0,"Temp I/O Write Time":0.0,"Plans":[{"Node Type":"Seq Scan","Parent Relationship":"Outer","Parallel Aware":false,"Async Capable":false,"Relation Name":"nation","Schema":"public","Alias":"nation","Startup Cost":0.0,"Total Cost":1.77,"Plan Rows":1,"Plan Width":4,"Actual Startup Time":0.013,"Actual Total Time":0.017,"Actual Rows":1,"Actual Loops":1,"Output":["nation.n_nationkey"],"Filter":"((nation.n_name)::text = 'Cambodia'::text)","Rows Removed by Filter":61,"Shared Hit Blocks":1,"Shared Read Blocks":0,"Shared Dirtied Blocks":0,"Shared Written Blocks":0,"Local Hit Blocks":0,"Local Read Blocks":0,"Local Dirtied Blocks":0,"Local Written Blocks":0,"Temp Read Blocks":0,"Temp Written Blocks":0,"I/O Read Time":0.0,"I/O Write Time":0.0,"Temp I/O Read Time":0.0,"Temp I/O Write Time":0.0}]}]},{"Node Type":"Hash","Parent Relationship":"Inner","Parallel Aware":false,"Async Capable":false,"Startup Cost":59559.0,"Total Cost":59559.0,"Plan Rows":2998176,"Plan Width":20,"Actual Startup Time":1073.256,"Actual Total Time":1073.256,"Actual Rows":2997892,"Actual Loops":1,"Output":["orders.o_id","orders.o_w_id","orders.o_d_id","orders.o_entry_d"],"Hash Buckets":131072,"Original Hash Buckets":131072,"Hash Batches":32,"Original Hash Batches":32,"Peak Memory Usage":6158,"Shared Hit Blocks":22059,"Shared Read Blocks":0,"Shared Dirtied Blocks":0,"Shared Written Blocks":0,"Local Hit Blocks":0,"Local Read Blocks":0,"Local Dirtied Blocks":0,"Local Written Blocks":0,"Temp Read Blocks":0,"Temp Written Blocks":15583,"I/O Read Time":0.0,"I/O Write Time":0.0,"Temp I/O Read Time":0.0,"Temp I/O Write Time":70.601,"Plans":[{"Node Type":"Seq Scan","Parent Relationship":"Outer","Parallel Aware":false,"Async Capable":false,"Relation Name":"orders","Schema":"public","Alias":"orders","Startup Cost":0.0,"Total Cost":59559.0,"Plan Rows":2998176,"Plan Width":20,"Actual Startup Time":0.015,"Actual Total Time":374.07,"Actual Rows":2997892,"Actual Loops":1,"Output":["orders.o_id","orders.o_w_id","orders.o_d_id","orders.o_entry_d"],"Filter":"(orders.o_entry_d >= '1992-01-02 20:10:02.27764'::timestamp without time zone)","Rows Removed by Filter":2108,"Shared Hit Blocks":22059,"Shared Read Blocks":0,"Shared Dirtied Blocks":0,"Shared Written Blocks":0,"Local Hit Blocks":0,"Local Read Blocks":0,"Local Dirtied Blocks":0,"Local Written Blocks":0,"Temp Read Blocks":0,"Temp Written Blocks":0,"I/O Read Time":0.0,"I/O Write Time":0.0,"Temp I/O Read Time":0.0,"Temp I/O Write Time":0.0}]}]},{"Node Type":"Hash","Parent Relationship":"Inner","Parallel Aware":false,"Async Capable":false,"Startup Cost":701820.0,"Total Cost":701820.0,"Plan Rows":20926367,"Plan Width":20,"Actual Startup Time":8405.757,"Actual Total Time":8405.761,"Actual Rows":21002151,"Actual Loops":1,"Output":["l2.ol_o_id","l2.ol_w_id","l2.ol_d_id","l2.ol_delivery_d"],"Hash Buckets":131072,"Original Hash Buckets":131072,"Hash Batches":256,"Original Hash Batches":256,"Peak Memory Usage":5530,"Shared Hit Blocks":0,"Shared Read Blocks":0,"Shared Dirtied Blocks":0,"Shared Written Blocks":0,"Local Hit Blocks":0,"Local Read Blocks":0,"Local Dirtied Blocks":0,"Local Written Blocks":0,"Temp Read Blocks":0,"Temp Written Blocks":112225,"I/O Read Time":0.0,"I/O Write Time":0.0,"Temp I/O Read Time":0.0,"Temp I/O Write Time":539.573,"Plans":[{"Node Type":"Append","Parent Relationship":"Outer","Parallel Aware":false,"Async Capable":false,"Startup Cost":20.0,"Total Cost":701820.0,"Plan Rows":20926367,"Plan Width":20,"Actual Startup Time":0.047,"Actual Total Time":4654.275,"Actual Rows":21002151,"Actual Loops":1,"Shared Hit Blocks":0,"Shared Read Blocks":0,"Shared Dirtied Blocks":0,"Shared Written Blocks":0,"Local Hit Blocks":0,"Local Read Blocks":0,"Local Dirtied Blocks":0,"Local Written Blocks":0,"Temp Read Blocks":0,"Temp Written Blocks":0,"I/O Read Time":0.0,"I/O Write Time":0.0,"Temp I/O Read Time":0.0,"Temp I/O Write Time":0.0,"Subplans Removed":0,"Plans":[{"Node Type":"Custom Scan","Parent Relationship":"Member","Custom Plan Provider":"columnar scan","Parallel Aware":false,"Async Capable":false,"Relation Name":"order_line","Schema":"public","Alias":"l2","Startup Cost":20.0,"Total Cost":491789.1,"Plan Rows":20926325,"Plan Width":20,"Actual Startup Time":0.045,"Actual Total Time":3164.186,"Actual Rows":21002151,"Actual Loops":1,"Output":["l2.ol_o_id","l2.ol_w_id","l2.ol_d_id","l2.ol_delivery_d"],"Filter":"(l2.ol_delivery_d >= '1992-01-02 20:10:02.27764'::timestamp without time zone)","Rows Removed by Filter":0,"Rows Removed by Columnar Filter":8995581,"Columnar cache search mode":"native","Shared Hit Blocks":0,"Shared Read Blocks":0,"Shared Dirtied Blocks":0,"Shared Written Blocks":0,"Local Hit Blocks":0,"Local Read Blocks":0,"Local Dirtied Blocks":0,"Local Written Blocks":0,"Temp Read Blocks":0,"Temp Written Blocks":0,"I/O Read Time":0.0,"I/O Write Time":0.0,"Temp I/O Read Time":0.0,"Temp I/O Write Time":0.0},{"Node Type":"Seq Scan","Parent Relationship":"Member","Parallel Aware":false,"Async Capable":false,"Relation Name":"order_line","Schema":"public","Alias":"l2","Startup Cost":0.0,"Total Cost":4.75,"Plan Rows":42,"Plan Width":20,"Actual Startup Time":0.0,"Actual Total Time":0.0,"Actual Rows":0,"Actual Loops":0,"Output":["l2.ol_o_id","l2.ol_w_id","l2.ol_d_id","l2.ol_delivery_d"],"Filter":"(l2.ol_delivery_d >= '1992-01-02 20:10:02.27764'::timestamp without time zone)","Rows Removed by Filter":0,"Shared Hit Blocks":0,"Shared Read Blocks":0,"Shared Dirtied Blocks":0,"Shared Written Blocks":0,"Local Hit Blocks":0,"Local Read Blocks":0,"Local Dirtied Blocks":0,"Local Written Blocks":0,"Temp Read Blocks":0,"Temp Written Blocks":0,"I/O Read Time":0.0,"I/O Write Time":0.0,"Temp I/O Read Time":0.0,"Temp I/O Write Time":0.0}]}]}]}]}]}]},"Planning":{"Shared Hit Blocks":4,"Shared Read Blocks":0,"Shared Dirtied Blocks":0,"Shared Written Blocks":0,"Local Hit Blocks":0,"Local Read Blocks":0,"Local Dirtied Blocks":0,"Local Written Blocks":0,"Temp Read Blocks":0,"Temp Written Blocks":0,"I/O Read Time":0.0,"I/O Write Time":0.0,"Temp I/O Read Time":0.0,"Temp I/O Write Time":0.0},"Planning Time":2.191,"Triggers":[],"Execution Time":23161.469}]
[列存组合]: nation, orders, stock, supplier
[{"Plan":{"Node Type":"Sort","Parallel Aware":false,"Async Capable":false,"Startup Cost":4119117.76,"Total Cost":4119142.76,"Plan Rows":10000,"Plan Width":27,"Actual Startup Time":23799.89,"Actual Total Time":23799.911,"Actual Rows":156,"Actual Loops":1,"Output":["supplier.su_name","(count(*))"],"Sort Key":["(count(*)) DESC","supplier.su_name"],"Sort Method":"quicksort","Sort Space Used":35,"Sort Space Type":"Memory","Shared Hit Blocks":1774199,"Shared Read Blocks":0,"Shared Dirtied Blocks":0,"Shared Written Blocks":0,"Local Hit Blocks":0,"Local Read Blocks":0,"Local Dirtied Blocks":0,"Local Written Blocks":0,"Temp Read Blocks":163494,"Temp Written Blocks":163499,"I/O Read Time":0.0,"I/O Write Time":0.0,"Temp I/O Read Time":274.395,"Temp I/O Write Time":759.895,"Plans":[{"Node Type":"Aggregate","Strategy":"Sorted","Partial Mode":"Simple","Parent Relationship":"Outer","Parallel Aware":false,"Async Capable":false,"Startup Cost":4117783.42,"Total Cost":4118453.37,"Plan Rows":10000,"Plan Width":27,"Actual Startup Time":23748.228,"Actual Total Time":23799.853,"Actual Rows":156,"Actual Loops":1,"Output":["supplier.su_name","count(*)"],"Group Key":["supplier.su_name"],"Shared Hit Blocks":1774199,"Shared Read Blocks":0,"Shared Dirtied Blocks":0,"Shared Written Blocks":0,"Local Hit Blocks":0,"Local Read Blocks":0,"Local Dirtied Blocks":0,"Local Written Blocks":0,"Temp Read Blocks":163494,"Temp Written Blocks":163499,"I/O Read Time":0.0,"I/O Write Time":0.0,"Temp I/O Read Time":274.395,"Temp I/O Write Time":759.895,"Plans":[{"Node Type":"Sort","Parent Relationship":"Outer","Parallel Aware":false,"Async Capable":false,"Startup Cost":4117783.42,"Total Cost":4117973.41,"Plan Rows":75993,"Plan Width":19,"Actual Startup Time":23748.048,"Actual Total Time":23775.235,"Actual Rows":267482,"Actual Loops":1,"Output":["supplier.su_name"],"Sort Key":["supplier.su_name"],"Sort Method":"external merge","Sort Space Used":7624,"Sort Space Type":"Disk","Shared Hit Blocks":1774199,"Shared Read Blocks":0,"Shared Dirtied Blocks":0,"Shared Written Blocks":0,"Local Hit Blocks":0,"Local Read Blocks":0,"Local Dirtied Blocks":0,"Local Written Blocks":0,"Temp Read Blocks":163494,"Temp Written Blocks":163499,"I/O Read Time":0.0,"I/O Write Time":0.0,"Temp I/O Read Time":274.395,"Temp I/O Write Time":759.895,"Plans":[{"Node Type":"Nested Loop","Parent Relationship":"Outer","Parallel Aware":false,"Async Capable":false,"Join Type":"Anti","Startup Cost":578718.75,"Total Cost":4111622.83,"Plan Rows":75993,"Plan Width":19,"Actual Startup Time":2998.653,"Actual Total Time":23600.242,"Actual Rows":267482,"Actual Loops":1,"Output":["supplier.su_name"],"Inner Unique":false,"Shared Hit Blocks":1774199,"Shared Read Blocks":0,"Shared Dirtied Blocks":0,"Shared Written Blocks":0,"Local Hit Blocks":0,"Local Read Blocks":0,"Local Dirtied Blocks":0,"Local Written Blocks":0,"Temp Read Blocks":162541,"Temp Written Blocks":162541,"I/O Read Time":0.0,"I/O Write Time":0.0,"Temp I/O Read Time":272.882,"Temp I/O Write Time":756.124,"Plans":[{"Node Type":"Hash Join","Parent Relationship":"Outer","Parallel Aware":false,"Async Capable":false,"Join Type":"Inner","Startup Cost":578718.19,"Total Cost":1835529.88,"Plan Rows":113989,"Plan Width":39,"Actual Startup Time":2998.62,"Actual Total Time":21682.09,"Actual Rows":267482,"Actual Loops":1,"Output":["supplier.su_name","l1.ol_o_id","l1.ol_w_id","l1.ol_d_id","l1.ol_delivery_d"],"Inner Unique":true,"Hash Cond":"((l1.ol_o_id = orders.o_id) AND (l1.ol_w_id = orders.o_w_id) AND (l1.ol_d_id = orders.o_d_id))","Join Filter":"(l1.ol_delivery_d > orders.o_entry_d)","Rows Removed by Join Filter":0,"Shared Hit Blocks":390282,"Shared Read Blocks":0,"Shared Dirtied Blocks":0,"Shared Written Blocks":0,"Local Hit Blocks":0,"Local Read Blocks":0,"Local Dirtied Blocks":0,"Local Written Blocks":0,"Temp Read Blocks":162541,"Temp Written Blocks":162541,"I/O Read Time":0.0,"I/O Write Time":0.0,"Temp I/O Read Time":272.882,"Temp I/O Write Time":756.124,"Plans":[{"Node Type":"Hash Join","Parent Relationship":"Outer","Parallel Aware":false,"Async Capable":false,"Join Type":"Inner","Startup Cost":449123.11,"Total Cost":1679656.16,"Plan Rows":342176,"Plan Width":41,"Actual Startup Time":2110.014,"Actual Total Time":20413.405,"Actual Rows":267756,"Actual Loops":1,"Output":["supplier.su_name","stock.s_w_id","l1.ol_o_id","l1.ol_w_id","l1.ol_d_id","l1.ol_delivery_d"],"Inner Unique":true,"Hash Cond":"(supplier.su_nationkey = nation.n_nationkey)","Shared Hit Blocks":368223,"Shared Read Blocks":0,"Shared Dirtied Blocks":0,"Shared Written Blocks":0,"Local Hit Blocks":0,"Local Read Blocks":0,"Local Dirtied Blocks":0,"Local Written Blocks":0,"Temp Read Blocks":144757,"Temp Written Blocks":144757,"I/O Read Time":0.0,"I/O Write Time":0.0,"Temp I/O Read Time":241.73,"Temp I/O Write Time":673.112,"Plans":[{"Node Type":"Hash Join","Parent Relationship":"Outer","Parallel Aware":false,"Async Capable":false,"Join Type":"Inner","Startup Cost":449121.32,"Total Cost":1620158.47,"Plan Rows":21214932,"Plan Width":45,"Actual Startup Time":2109.886,"Actual Total Time":18976.105,"Actual Rows":21002151,"Actual Loops":1,"Output":["supplier.su_name","supplier.su_nationkey","stock.s_w_id","l1.ol_o_id","l1.ol_w_id","l1.ol_d_id","l1.ol_delivery_d"],"Inner Unique":true,"Hash Cond":"(mod((stock.s_w_id * stock.s_i_id), 10000) = supplier.su_suppkey)","Shared Hit Blocks":368222,"Shared Read Blocks":0,"Shared Dirtied Blocks":0,"Shared Written Blocks":0,"Local Hit Blocks":0,"Local Read Blocks":0,"Local Dirtied Blocks":0,"Local Written Blocks":0,"Temp Read Blocks":144757,"Temp Written Blocks":144757,"I/O Read Time":0.0,"I/O Write Time":0.0,"Temp I/O Read Time":241.73,"Temp I/O Write Time":673.112,"Plans":[{"Node Type":"Hash Join","Parent Relationship":"Outer","Parallel Aware":false,"Async Capable":false,"Join Type":"Inner","Startup Cost":448757.29,"Total Cost":1558773.15,"Plan Rows":21214932,"Plan Width":26,"Actual Startup Time":2106.365,"Actual Total Time":14417.874,"Actual Rows":21002151,"Actual Loops":1,"Output":["l1.ol_o_id","l1.ol_w_id","l1.ol_d_id","l1.ol_delivery_d","stock.s_w_id","stock.s_i_id"],"Inner Unique":true,"Hash Cond":"((l1.ol_w_id = stock.s_w_id) AND (l1.ol_i_id = stock.s_i_id))","Shared Hit Blocks":368222,"Shared Read Blocks":0,"Shared Dirtied Blocks":0,"Shared Written Blocks":0,"Local Hit Blocks":0,"Local Read Blocks":0,"Local Dirtied Blocks":0,"Local Written Blocks":0,"Temp Read Blocks":144757,"Temp Written Blocks":144757,"I/O Read Time":0.0,"I/O Write Time":0.0,"Temp I/O Read Time":241.73,"Temp I/O Write Time":673.112,"Plans":[{"Node Type":"Seq Scan","Parent Relationship":"Outer","Parallel Aware":false,"Async Capable":false,"Relation Name":"order_line","Schema":"public","Alias":"l1","Startup Cost":0.0,"Total Cost":715856.4,"Plan Rows":20926367,"Plan Width":24,"Actual Startup Time":0.009,"Actual Total Time":3410.467,"Actual Rows":21002151,"Actual Loops":1,"Output":["l1.ol_o_id","l1.ol_w_id","l1.ol_d_id","l1.ol_i_id","l1.ol_delivery_d"],"Filter":"(l1.ol_delivery_d >= '1992-01-02 20:10:02.27764'::timestamp without time zone)","Rows Removed by Filter":8995581,"Shared Hit Blocks":340884,"Shared Read Blocks":0,"Shared Dirtied Blocks":0,"Shared Written Blocks":0,"Local Hit Blocks":0,"Local Read Blocks":0,"Local Dirtied Blocks":0,"Local Written Blocks":0,"Temp Read Blocks":0,"Temp Written Blocks":0,"I/O Read Time":0.0,"I/O Write Time":0.0,"Temp I/O Read Time":0.0,"Temp I/O Write Time":0.0},{"Node Type":"Hash","Parent Relationship":"Inner","Parallel Aware":false,"Async Capable":false,"Startup Cost":259690.86,"Total Cost":259690.86,"Plan Rows":10000162,"Plan Width":6,"Actual Startup Time":2105.008,"Actual Total Time":2105.011,"Actual Rows":10000000,"Actual Loops":1,"Output":["stock.s_w_id","stock.s_i_id"],"Hash Buckets":262144,"Original Hash Buckets":262144,"Hash Batches":64,"Original Hash Batches":64,"Peak Memory Usage":8133,"Shared Hit Blocks":27338,"Shared Read Blocks":0,"Shared Dirtied Blocks":0,"Shared Written Blocks":0,"Local Hit Blocks":0,"Local Read Blocks":0,"Local Dirtied Blocks":0,"Local Written Blocks":0,"Temp Read Blocks":0,"Temp Written Blocks":33616,"I/O Read Time":0.0,"I/O Write Time":0.0,"Temp I/O Read Time":0.0,"Temp I/O Write Time":153.227,"Plans":[{"Node Type":"Index Only Scan","Parent Relationship":"Outer","Parallel Aware":false,"Async Capable":false,"Scan Direction":"Forward","Index Name":"stock_pk","Relation Name":"stock","Schema":"public","Alias":"stock","Startup Cost":0.43,"Total Cost":259690.86,"Plan Rows":10000162,"Plan Width":6,"Actual Startup Time":0.027,"Actual Total Time":734.526,"Actual Rows":10000000,"Actual Loops":1,"Output":["stock.s_w_id","stock.s_i_id"],"Heap Fetches":0,"Shared Hit Blocks":27338,"Shared Read Blocks":0,"Shared Dirtied Blocks":0,"Shared Written Blocks":0,"Local Hit Blocks":0,"Local Read Blocks":0,"Local Dirtied Blocks":0,"Local Written Blocks":0,"Temp Read Blocks":0,"Temp Written Blocks":0,"I/O Read Time":0.0,"I/O Write Time":0.0,"Temp I/O Read Time":0.0,"Temp I/O Write Time":0.0}]}]},{"Node Type":"Hash","Parent Relationship":"Inner","Parallel Aware":false,"Async Capable":false,"Startup Cost":239.01,"Total Cost":239.01,"Plan Rows":10001,"Plan Width":27,"Actual Startup Time":3.471,"Actual Total Time":3.473,"Actual Rows":10000,"Actual Loops":1,"Output":["supplier.su_name","supplier.su_suppkey","supplier.su_nationkey"],"Hash Buckets":16384,"Original Hash Buckets":16384,"Hash Batches":1,"Original Hash Batches":1,"Peak Memory Usage":714,"Shared Hit Blocks":0,"Shared Read Blocks":0,"Shared Dirtied Blocks":0,"Shared Written Blocks":0,"Local Hit Blocks":0,"Local Read Blocks":0,"Local Dirtied Blocks":0,"Local Written Blocks":0,"Temp Read Blocks":0,"Temp Written Blocks":0,"I/O Read Time":0.0,"I/O Write Time":0.0,"Temp I/O Read Time":0.0,"Temp I/O Write Time":0.0,"Plans":[{"Node Type":"Append","Parent Relationship":"Outer","Parallel Aware":false,"Async Capable":false,"Startup Cost":20.0,"Total Cost":239.01,"Plan Rows":10001,"Plan Width":27,"Actual Startup Time":0.026,"Actual Total Time":2.036,"Actual Rows":10000,"Actual Loops":1,"Shared Hit Blocks":0,"Shared Read Blocks":0,"Shared Dirtied Blocks":0,"Shared Written Blocks":0,"Local Hit Blocks":0,"Local Read Blocks":0,"Local Dirtied Blocks":0,"Local Written Blocks":0,"Temp Read Blocks":0,"Temp Written Blocks":0,"I/O Read Time":0.0,"I/O Write Time":0.0,"Temp I/O Read Time":0.0,"Temp I/O Write Time":0.0,"Subplans Removed":0,"Plans":[{"Node Type":"Custom Scan","Parent Relationship":"Member","Custom Plan Provider":"columnar scan","Parallel Aware":false,"Async Capable":false,"Relation Name":"supplier","Schema":"public","Alias":"supplier","Startup Cost":20.0,"Total Cost":235.0,"Plan Rows":10000,"Plan Width":27,"Actual Startup Time":0.024,"Actual Total Time":1.323,"Actual Rows":10000,"Actual Loops":1,"Output":["supplier.su_name","supplier.su_suppkey","supplier.su_nationkey"],"Rows Removed by Columnar Filter":0,"Columnar cache search mode":"native","Shared Hit Blocks":0,"Shared Read Blocks":0,"Shared Dirtied Blocks":0,"Shared Written Blocks":0,"Local Hit Blocks":0,"Local Read Blocks":0,"Local Dirtied Blocks":0,"Local Written Blocks":0,"Temp Read Blocks":0,"Temp Written Blocks":0,"I/O Read Time":0.0,"I/O Write Time":0.0,"Temp I/O Read Time":0.0,"Temp I/O Write Time":0.0},{"Node Type":"Seq Scan","Parent Relationship":"Member","Parallel Aware":false,"Async Capable":false,"Relation Name":"supplier","Schema":"public","Alias":"supplier","Startup Cost":0.0,"Total Cost":4.01,"Plan Rows":1,"Plan Width":27,"Actual Startup Time":0.0,"Actual Total Time":0.0,"Actual Rows":0,"Actual Loops":0,"Output":["supplier.su_name","supplier.su_suppkey","supplier.su_nationkey"],"Shared Hit Blocks":0,"Shared Read Blocks":0,"Shared Dirtied Blocks":0,"Shared Written Blocks":0,"Local Hit Blocks":0,"Local Read Blocks":0,"Local Dirtied Blocks":0,"Local Written Blocks":0,"Temp Read Blocks":0,"Temp Written Blocks":0,"I/O Read Time":0.0,"I/O Write Time":0.0,"Temp I/O Read Time":0.0,"Temp I/O Write Time":0.0}]}]}]},{"Node Type":"Hash","Parent Relationship":"Inner","Parallel Aware":false,"Async Capable":false,"Startup Cost":1.77,"Total Cost":1.77,"Plan Rows":1,"Plan Width":4,"Actual Startup Time":0.018,"Actual Total Time":0.019,"Actual Rows":1,"Actual Loops":1,"Output":["nation.n_nationkey"],"Hash Buckets":1024,"Original Hash Buckets":1024,"Hash Batches":1,"Original Hash Batches":1,"Peak Memory Usage":9,"Shared Hit Blocks":1,"Shared Read Blocks":0,"Shared Dirtied Blocks":0,"Shared Written Blocks":0,"Local Hit Blocks":0,"Local Read Blocks":0,"Local Dirtied Blocks":0,"Local Written Blocks":0,"Temp Read Blocks":0,"Temp Written Blocks":0,"I/O Read Time":0.0,"I/O Write Time":0.0,"Temp I/O Read Time":0.0,"Temp I/O Write Time":0.0,"Plans":[{"Node Type":"Seq Scan","Parent Relationship":"Outer","Parallel Aware":false,"Async Capable":false,"Relation Name":"nation","Schema":"public","Alias":"nation","Startup Cost":0.0,"Total Cost":1.77,"Plan Rows":1,"Plan Width":4,"Actual Startup Time":0.013,"Actual Total Time":0.015,"Actual Rows":1,"Actual Loops":1,"Output":["nation.n_nationkey"],"Filter":"((nation.n_name)::text = 'Cambodia'::text)","Rows Removed by Filter":61,"Shared Hit Blocks":1,"Shared Read Blocks":0,"Shared Dirtied Blocks":0,"Shared Written Blocks":0,"Local Hit Blocks":0,"Local Read Blocks":0,"Local Dirtied Blocks":0,"Local Written Blocks":0,"Temp Read Blocks":0,"Temp Written Blocks":0,"I/O Read Time":0.0,"I/O Write Time":0.0,"Temp I/O Read Time":0.0,"Temp I/O Write Time":0.0}]}]},{"Node Type":"Hash","Parent Relationship":"Inner","Parallel Aware":false,"Async Capable":false,"Startup Cost":59559.0,"Total Cost":59559.0,"Plan Rows":2998176,"Plan Width":20,"Actual Startup Time":870.087,"Actual Total Time":870.088,"Actual Rows":2997892,"Actual Loops":1,"Output":["orders.o_id","orders.o_w_id","orders.o_d_id","orders.o_entry_d"],"Hash Buckets":131072,"Original Hash Buckets":131072,"Hash Batches":32,"Original Hash Batches":32,"Peak Memory Usage":6158,"Shared Hit Blocks":22059,"Shared Read Blocks":0,"Shared Dirtied Blocks":0,"Shared Written Blocks":0,"Local Hit Blocks":0,"Local Read Blocks":0,"Local Dirtied Blocks":0,"Local Written Blocks":0,"Temp Read Blocks":0,"Temp Written Blocks":15583,"I/O Read Time":0.0,"I/O Write Time":0.0,"Temp I/O Read Time":0.0,"Temp I/O Write Time":67.702,"Plans":[{"Node Type":"Seq Scan","Parent Relationship":"Outer","Parallel Aware":false,"Async Capable":false,"Relation Name":"orders","Schema":"public","Alias":"orders","Startup Cost":0.0,"Total Cost":59559.0,"Plan Rows":2998176,"Plan Width":20,"Actual Startup Time":0.012,"Actual Total Time":356.688,"Actual Rows":2997892,"Actual Loops":1,"Output":["orders.o_id","orders.o_w_id","orders.o_d_id","orders.o_entry_d"],"Filter":"(orders.o_entry_d >= '1992-01-02 20:10:02.27764'::timestamp without time zone)","Rows Removed by Filter":2108,"Shared Hit Blocks":22059,"Shared Read Blocks":0,"Shared Dirtied Blocks":0,"Shared Written Blocks":0,"Local Hit Blocks":0,"Local Read Blocks":0,"Local Dirtied Blocks":0,"Local Written Blocks":0,"Temp Read Blocks":0,"Temp Written Blocks":0,"I/O Read Time":0.0,"I/O Write Time":0.0,"Temp I/O Read Time":0.0,"Temp I/O Write Time":0.0}]}]},{"Node Type":"Index Scan","Parent Relationship":"Inner","Parallel Aware":false,"Async Capable":false,"Scan Direction":"Forward","Index Name":"order_line_pk","Relation Name":"order_line","Schema":"public","Alias":"l2","Startup Cost":0.56,"Total Cost":26.51,"Plan Rows":2,"Plan Width":20,"Actual Startup Time":0.007,"Actual Total Time":0.007,"Actual Rows":0,"Actual Loops":267482,"Output":["l2.ol_o_id","l2.ol_d_id","l2.ol_w_id","l2.ol_number","l2.ol_i_id","l2.ol_supply_w_id","l2.ol_delivery_d","l2.ol_quantity","l2.ol_amount","l2.ol_dist_info"],"Index Cond":"((l2.ol_w_id = l1.ol_w_id) AND (l2.ol_d_id = l1.ol_d_id) AND (l2.ol_o_id = l1.ol_o_id))","Rows Removed by Index Recheck":0,"Filter":"((l2.ol_delivery_d >= '1992-01-02 20:10:02.27764'::timestamp without time zone) AND (l2.ol_delivery_d > l1.ol_delivery_d))","Rows Removed by Filter":11,"Shared Hit Blocks":1383917,"Shared Read Blocks":0,"Shared Dirtied Blocks":0,"Shared Written Blocks":0,"Local Hit Blocks":0,"Local Read Blocks":0,"Local Dirtied Blocks":0,"Local Written Blocks":0,"Temp Read Blocks":0,"Temp Written Blocks":0,"I/O Read Time":0.0,"I/O Write Time":0.0,"Temp I/O Read Time":0.0,"Temp I/O Write Time":0.0}]}]}]}]},"Planning":{"Shared Hit Blocks":4,"Shared Read Blocks":0,"Shared Dirtied Blocks":0,"Shared Written Blocks":0,"Local Hit Blocks":0,"Local Read Blocks":0,"Local Dirtied Blocks":0,"Local Written Blocks":0,"Temp Read Blocks":0,"Temp Written Blocks":0,"I/O Read Time":0.0,"I/O Write Time":0.0,"Temp I/O Read Time":0.0,"Temp I/O Write Time":0.0},"Planning Time":1.792,"Triggers":[],"Execution Time":23801.267}]
[列存组合]: order_line, orders, stock, supplier
[{"Plan":{"Node Type":"Sort","Parallel Aware":false,"Async Capable":false,"Startup Cost":3010905.71,"Total Cost":3010930.71,"Plan Rows":10000,"Plan Width":27,"Actual Startup Time":22997.685,"Actual Total Time":22997.718,"Actual Rows":156,"Actual Loops":1,"Output":["supplier.su_name","(count(*))"],"Sort Key":["(count(*)) DESC","supplier.su_name"],"Sort Method":"quicksort","Sort Space Used":35,"Sort Space Type":"Memory","Shared Hit Blocks":22060,"Shared Read Blocks":0,"Shared Dirtied Blocks":0,"Shared Written Blocks":0,"Local Hit Blocks":0,"Local Read Blocks":0,"Local Dirtied Blocks":0,"Local Written Blocks":0,"Temp Read Blocks":133545,"Temp Written Blocks":133550,"I/O Read Time":0.0,"I/O Write Time":0.0,"Temp I/O Read Time":206.453,"Temp I/O Write Time":639.079,"Plans":[{"Node Type":"Aggregate","Strategy":"Sorted","Partial Mode":"Simple","Parent Relationship":"Outer","Parallel Aware":false,"Async Capable":false,"Startup Cost":3009571.37,"Total Cost":3010241.32,"Plan Rows":10000,"Plan Width":27,"Actual Startup Time":22946.57,"Actual Total Time":22997.662,"Actual Rows":156,"Actual Loops":1,"Output":["supplier.su_name","count(*)"],"Group Key":["supplier.su_name"],"Shared Hit Blocks":22060,"Shared Read Blocks":0,"Shared Dirtied Blocks":0,"Shared Written Blocks":0,"Local Hit Blocks":0,"Local Read Blocks":0,"Local Dirtied Blocks":0,"Local Written Blocks":0,"Temp Read Blocks":133545,"Temp Written Blocks":133550,"I/O Read Time":0.0,"I/O Write Time":0.0,"Temp I/O Read Time":206.453,"Temp I/O Write Time":639.079,"Plans":[{"Node Type":"Sort","Parent Relationship":"Outer","Parallel Aware":false,"Async Capable":false,"Startup Cost":3009571.37,"Total Cost":3009761.35,"Plan Rows":75993,"Plan Width":19,"Actual Startup Time":22946.389,"Actual Total Time":22973.019,"Actual Rows":267482,"Actual Loops":1,"Output":["supplier.su_name"],"Sort Key":["supplier.su_name"],"Sort Method":"external merge","Sort Space Used":7624,"Sort Space Type":"Disk","Shared Hit Blocks":22060,"Shared Read Blocks":0,"Shared Dirtied Blocks":0,"Shared Written Blocks":0,"Local Hit Blocks":0,"Local Read Blocks":0,"Local Dirtied Blocks":0,"Local Written Blocks":0,"Temp Read Blocks":133545,"Temp Written Blocks":133550,"I/O Read Time":0.0,"I/O Write Time":0.0,"Temp I/O Read Time":206.453,"Temp I/O Write Time":639.079,"Plans":[{"Node Type":"Hash Join","Parent Relationship":"Outer","Parallel Aware":false,"Async Capable":false,"Join Type":"Anti","Startup Cost":1349931.33,"Total Cost":3003410.78,"Plan Rows":75993,"Plan Width":19,"Actual Startup Time":10253.876,"Actual Total Time":22804.799,"Actual Rows":267482,"Actual Loops":1,"Output":["supplier.su_name"],"Hash Cond":"((l1.ol_o_id = l2.ol_o_id) AND (l1.ol_w_id = l2.ol_w_id) AND (l1.ol_d_id = l2.ol_d_id))","Join Filter":"(l2.ol_delivery_d > l1.ol_delivery_d)","Rows Removed by Join Filter":2942288,"Shared Hit Blocks":22060,"Shared Read Blocks":0,"Shared Dirtied Blocks":0,"Shared Written Blocks":0,"Local Hit Blocks":0,"Local Read Blocks":0,"Local Dirtied Blocks":0,"Local Written Blocks":0,"Temp Read Blocks":132592,"Temp Written Blocks":132592,"I/O Read Time":0.0,"I/O Write Time":0.0,"Temp I/O Read Time":205.143,"Temp I/O Write Time":635.452,"Plans":[{"Node Type":"Hash Join","Parent Relationship":"Outer","Parallel Aware":false,"Async Capable":false,"Join Type":"Inner","Startup Cost":159283.91,"Total Cost":757672.31,"Plan Rows":113989,"Plan Width":39,"Actual Startup Time":1859.947,"Actual Total Time":12783.656,"Actual Rows":267482,"Actual Loops":1,"Output":["supplier.su_name","l1.ol_o_id","l1.ol_w_id","l1.ol_d_id","l1.ol_delivery_d"],"Hash Cond":"((l1.ol_o_id = orders.o_id) AND (l1.ol_w_id = orders.o_w_id) AND (l1.ol_d_id = orders.o_d_id))","Join Filter":"(l1.ol_delivery_d > orders.o_entry_d)","Rows Removed by Join Filter":0,"Shared Hit Blocks":22060,"Shared Read Blocks":0,"Shared Dirtied Blocks":0,"Shared Written Blocks":0,"Local Hit Blocks":0,"Local Read Blocks":0,"Local Dirtied Blocks":0,"Local Written Blocks":0,"Temp Read Blocks":17783,"Temp Written Blocks":17783,"I/O Read Time":0.0,"I/O Write Time":0.0,"Temp I/O Read Time":28.941,"Temp I/O Write Time":87.487,"Plans":[{"Node Type":"Hash Join","Parent Relationship":"Outer","Parallel Aware":false,"Async Capable":false,"Join Type":"Inner","Startup Cost":29688.83,"Total Cost":601798.6,"Plan Rows":342176,"Plan Width":41,"Actual Startup Time":780.413,"Actual Total Time":11349.086,"Actual Rows":267496,"Actual Loops":1,"Output":["supplier.su_name","stock.s_w_id","l1.ol_o_id","l1.ol_w_id","l1.ol_d_id","l1.ol_delivery_d"],"Hash Cond":"(supplier.su_nationkey = nation.n_nationkey)","Shared Hit Blocks":1,"Shared Read Blocks":0,"Shared Dirtied Blocks":0,"Shared Written Blocks":0,"Local Hit Blocks":0,"Local Read Blocks":0,"Local Dirtied Blocks":0,"Local Written Blocks":0,"Temp Read Blocks":0,"Temp Written Blocks":0,"I/O Read Time":0.0,"I/O Write Time":0.0,"Temp I/O Read Time":0.0,"Temp I/O Write Time":0.0,"Plans":[{"Node Type":"Hash Join","Parent Relationship":"Outer","Parallel Aware":false,"Async Capable":false,"Join Type":"Inner","Startup Cost":29687.04,"Total Cost":542300.91,"Plan Rows":21214932,"Plan Width":45,"Actual Startup Time":780.287,"Actual Total Time":9911.576,"Actual Rows":20982320,"Actual Loops":1,"Output":["supplier.su_name","supplier.su_nationkey","stock.s_w_id","l1.ol_o_id","l1.ol_w_id","l1.ol_d_id","l1.ol_delivery_d"],"Hash Cond":"(mod((stock.s_w_id * stock.s_i_id), 10000) = supplier.su_suppkey)","Shared Hit Blocks":0,"Shared Read Blocks":0,"Shared Dirtied Blocks":0,"Shared Written Blocks":0,"Local Hit Blocks":0,"Local Read Blocks":0,"Local Dirtied Blocks":0,"Local Written Blocks":0,"Temp Read Blocks":0,"Temp Written Blocks":0,"I/O Read Time":0.0,"I/O Write Time":0.0,"Temp I/O Read Time":0.0,"Temp I/O Write Time":0.0,"Plans":[{"Node Type":"Hash Join","Parent Relationship":"Outer","Parallel Aware":false,"Async Capable":false,"Join Type":"Inner","Startup Cost":29323.02,"Total Cost":480915.59,"Plan Rows":21214932,"Plan Width":26,"Actual Startup Time":776.738,"Actual Total Time":5478.639,"Actual Rows":20982320,"Actual Loops":1,"Output":["l1.ol_o_id","l1.ol_w_id","l1.ol_d_id","l1.ol_delivery_d","stock.s_w_id","stock.s_i_id"],"Hash Cond":"((l1.ol_w_id = stock.s_w_id) AND (l1.ol_i_id = stock.s_i_id))","Rows Removed by Bloom Filter":0,"Shared Hit Blocks":0,"Shared Read Blocks":0,"Shared Dirtied Blocks":0,"Shared Written Blocks":0,"Local Hit Blocks":0,"Local Read Blocks":0,"Local Dirtied Blocks":0,"Local Written Blocks":0,"Temp Read Blocks":0,"Temp Written Blocks":0,"I/O Read Time":0.0,"I/O Write Time":0.0,"Temp I/O Read Time":0.0,"Temp I/O Write Time":0.0,"Plans":[{"Node Type":"Append","Parent Relationship":"Outer","Parallel Aware":false,"Async Capable":false,"Startup Cost":20.0,"Total Cost":533646.5,"Plan Rows":20926367,"Plan Width":24,"Actual Startup Time":110.023,"Actual Total Time":110.03,"Actual Rows":20982320,"Actual Loops":1,"Shared Hit Blocks":0,"Shared Read Blocks":0,"Shared Dirtied Blocks":0,"Shared Written Blocks":0,"Local Hit Blocks":0,"Local Read Blocks":0,"Local Dirtied Blocks":0,"Local Written Blocks":0,"Temp Read Blocks":0,"Temp Written Blocks":0,"I/O Read Time":0.0,"I/O Write Time":0.0,"Temp I/O Read Time":0.0,"Temp I/O Write Time":0.0,"Subplans Removed":0,"Plans":[{"Node Type":"Custom Scan","Parent Relationship":"Member","Custom Plan Provider":"columnar scan","Parallel Aware":false,"Async Capable":false,"Relation Name":"order_line","Schema":"public","Alias":"l1","Startup Cost":20.0,"Total Cost":533641.75,"Plan Rows":20926325,"Plan Width":24,"Actual Startup Time":110.021,"Actual Total Time":110.023,"Actual Rows":20982320,"Actual Loops":1,"Output":["l1.ol_o_id","l1.ol_w_id","l1.ol_d_id","l1.ol_i_id","l1.ol_delivery_d"],"Filter":"(l1.ol_delivery_d >= '1992-01-02 20:10:02.27764'::timestamp without time zone)","Rows Removed by Filter":0,"Rows Removed by Columnar Filter":9015412,"Rows Filtered by Bloom Filter":0,"Dictionary Rows Filtered by Bloom Filter":19831,"Columnar cache search mode":"native","Shared Hit Blocks":0,"Shared Read Blocks":0,"Shared Dirtied Blocks":0,"Shared Written Blocks":0,"Local Hit Blocks":0,"Local Read Blocks":0,"Local Dirtied Blocks":0,"Local Written Blocks":0,"Temp Read Blocks":0,"Temp Written Blocks":0,"I/O Read Time":0.0,"I/O Write Time":0.0,"Temp I/O Read Time":0.0,"Temp I/O Write Time":0.0},{"Node Type":"Seq Scan","Parent Relationship":"Member","Parallel Aware":false,"Async Capable":false,"Relation Name":"order_line","Schema":"public","Alias":"l1","Startup Cost":0.0,"Total Cost":4.75,"Plan Rows":42,"Plan Width":24,"Actual Startup Time":0.0,"Actual Total Time":0.0,"Actual Rows":0,"Actual Loops":0,"Output":["l1.ol_o_id","l1.ol_w_id","l1.ol_d_id","l1.ol_i_id","l1.ol_delivery_d"],"Filter":"(l1.ol_delivery_d >= '1992-01-02 20:10:02.27764'::timestamp without time zone)","Rows Removed by Filter":0,"Shared Hit Blocks":0,"Shared Read Blocks":0,"Shared Dirtied Blocks":0,"Shared Written Blocks":0,"Local Hit Blocks":0,"Local Read Blocks":0,"Local Dirtied Blocks":0,"Local Written Blocks":0,"Temp Read Blocks":0,"Temp Written Blocks":0,"I/O Read Time":0.0,"I/O Write Time":0.0,"Temp I/O Read Time":0.0,"Temp I/O Write Time":0.0}]},{"Node Type":"Hash","Parent Relationship":"Inner","Parallel Aware":false,"Async Capable":false,"Startup Cost":195025.67,"Total Cost":195025.67,"Plan Rows":10000162,"Plan Width":6,"Actual Rows":10000000,"Actual Loops":1,"Output":["stock.s_w_id","stock.s_i_id"],"Shared Hit Blocks":0,"Shared Read Blocks":0,"Shared Dirtied Blocks":0,"Shared Written Blocks":0,"Local Hit Blocks":0,"Local Read Blocks":0,"Local Dirtied Blocks":0,"Local Written Blocks":0,"Temp Read Blocks":0,"Temp Written Blocks":0,"I/O Read Time":0.0,"I/O Write Time":0.0,"Temp I/O Read Time":0.0,"Temp I/O Write Time":0.0,"Plans":[{"Node Type":"Append","Parent Relationship":"Outer","Parallel Aware":false,"Async Capable":false,"Startup Cost":20.0,"Total Cost":195025.67,"Plan Rows":10000162,"Plan Width":6,"Actual Startup Time":0.236,"Actual Total Time":0.238,"Actual Rows":10000000,"Actual Loops":1,"Shared Hit Blocks":0,"Shared Read Blocks":0,"Shared Dirtied Blocks":0,"Shared Written Blocks":0,"Local Hit Blocks":0,"Local Read Blocks":0,"Local Dirtied Blocks":0,"Local Written Blocks":0,"Temp Read Blocks":0,"Temp Written Blocks":0,"I/O Read Time":0.0,"I/O Write Time":0.0,"Temp I/O Read Time":0.0,"Temp I/O Write Time":0.0,"Subplans Removed":0,"Plans":[{"Node Type":"Custom Scan","Parent Relationship":"Member","Custom Plan Provider":"columnar scan","Parallel Aware":false,"Async Capable":false,"Relation Name":"stock","Schema":"public","Alias":"stock","Startup Cost":20.0,"Total Cost":195020.05,"Plan Rows":10000000,"Plan Width":6,"Actual Startup Time":0.235,"Actual Total Time":0.235,"Actual Rows":10000000,"Actual Loops":1,"Output":["stock.s_w_id","stock.s_i_id"],"Rows Removed by Columnar Filter":0,"Columnar cache search mode":"native","Shared Hit Blocks":0,"Shared Read Blocks":0,"Shared Dirtied Blocks":0,"Shared Written Blocks":0,"Local Hit Blocks":0,"Local Read Blocks":0,"Local Dirtied Blocks":0,"Local Written Blocks":0,"Temp Read Blocks":0,"Temp Written Blocks":0,"I/O Read Time":0.0,"I/O Write Time":0.0,"Temp I/O Read Time":0.0,"Temp I/O Write Time":0.0},{"Node Type":"Seq Scan","Parent Relationship":"Member","Parallel Aware":false,"Async Capable":false,"Relation Name":"stock","Schema":"public","Alias":"stock","Startup Cost":0.0,"Total Cost":5.62,"Plan Rows":162,"Plan Width":6,"Actual Startup Time":0.0,"Actual Total Time":0.0,"Actual Rows":0,"Actual Loops":0,"Output":["stock.s_w_id","stock.s_i_id"],"Shared Hit Blocks":0,"Shared Read Blocks":0,"Shared Dirtied Blocks":0,"Shared Written Blocks":0,"Local Hit Blocks":0,"Local Read Blocks":0,"Local Dirtied Blocks":0,"Local Written Blocks":0,"Temp Read Blocks":0,"Temp Written Blocks":0,"I/O Read Time":0.0,"I/O Write Time":0.0,"Temp I/O Read Time":0.0,"Temp I/O Write Time":0.0}]}]}]},{"Node Type":"Hash","Parent Relationship":"Inner","Parallel Aware":false,"Async Capable":false,"Startup Cost":239.01,"Total Cost":239.01,"Plan Rows":10001,"Plan Width":27,"Actual Startup Time":3.483,"Actual Total Time":3.486,"Actual Rows":10000,"Actual Loops":1,"Output":["supplier.su_name","supplier.su_suppkey","supplier.su_nationkey"],"Hash Buckets":16384,"Original Hash Buckets":16384,"Hash Batches":1,"Original Hash Batches":1,"Peak Memory Usage":714,"Shared Hit Blocks":0,"Shared Read Blocks":0,"Shared Dirtied Blocks":0,"Shared Written Blocks":0,"Local Hit Blocks":0,"Local Read Blocks":0,"Local Dirtied Blocks":0,"Local Written Blocks":0,"Temp Read Blocks":0,"Temp Written Blocks":0,"I/O Read Time":0.0,"I/O Write Time":0.0,"Temp I/O Read Time":0.0,"Temp I/O Write Time":0.0,"Plans":[{"Node Type":"Append","Parent Relationship":"Outer","Parallel Aware":false,"Async Capable":false,"Startup Cost":20.0,"Total Cost":239.01,"Plan Rows":10001,"Plan Width":27,"Actual Startup Time":0.026,"Actual Total Time":2.053,"Actual Rows":10000,"Actual Loops":1,"Shared Hit Blocks":0,"Shared Read Blocks":0,"Shared Dirtied Blocks":0,"Shared Written Blocks":0,"Local Hit Blocks":0,"Local Read Blocks":0,"Local Dirtied Blocks":0,"Local Written Blocks":0,"Temp Read Blocks":0,"Temp Written Blocks":0,"I/O Read Time":0.0,"I/O Write Time":0.0,"Temp I/O Read Time":0.0,"Temp I/O Write Time":0.0,"Subplans Removed":0,"Plans":[{"Node Type":"Custom Scan","Parent Relationship":"Member","Custom Plan Provider":"columnar scan","Parallel Aware":false,"Async Capable":false,"Relation Name":"supplier","Schema":"public","Alias":"supplier","Startup Cost":20.0,"Total Cost":235.0,"Plan Rows":10000,"Plan Width":27,"Actual Startup Time":0.023,"Actual Total Time":1.34,"Actual Rows":10000,"Actual Loops":1,"Output":["supplier.su_name","supplier.su_suppkey","supplier.su_nationkey"],"Rows Removed by Columnar Filter":0,"Columnar cache search mode":"native","Shared Hit Blocks":0,"Shared Read Blocks":0,"Shared Dirtied Blocks":0,"Shared Written Blocks":0,"Local Hit Blocks":0,"Local Read Blocks":0,"Local Dirtied Blocks":0,"Local Written Blocks":0,"Temp Read Blocks":0,"Temp Written Blocks":0,"I/O Read Time":0.0,"I/O Write Time":0.0,"Temp I/O Read Time":0.0,"Temp I/O Write Time":0.0},{"Node Type":"Seq Scan","Parent Relationship":"Member","Parallel Aware":false,"Async Capable":false,"Relation Name":"supplier","Schema":"public","Alias":"supplier","Startup Cost":0.0,"Total Cost":4.01,"Plan Rows":1,"Plan Width":27,"Actual Startup Time":0.0,"Actual Total Time":0.0,"Actual Rows":0,"Actual Loops":0,"Output":["supplier.su_name","supplier.su_suppkey","supplier.su_nationkey"],"Shared Hit Blocks":0,"Shared Read Blocks":0,"Shared Dirtied Blocks":0,"Shared Written Blocks":0,"Local Hit Blocks":0,"Local Read Blocks":0,"Local Dirtied Blocks":0,"Local Written Blocks":0,"Temp Read Blocks":0,"Temp Written Blocks":0,"I/O Read Time":0.0,"I/O Write Time":0.0,"Temp I/O Read Time":0.0,"Temp I/O Write Time":0.0}]}]}]},{"Node Type":"Hash","Parent Relationship":"Inner","Parallel Aware":false,"Async Capable":false,"Startup Cost":1.77,"Total Cost":1.77,"Plan Rows":1,"Plan Width":4,"Actual Startup Time":0.02,"Actual Total Time":0.022,"Actual Rows":1,"Actual Loops":1,"Output":["nation.n_nationkey"],"Hash Buckets":1024,"Original Hash Buckets":1024,"Hash Batches":1,"Original Hash Batches":1,"Peak Memory Usage":9,"Shared Hit Blocks":1,"Shared Read Blocks":0,"Shared Dirtied Blocks":0,"Shared Written Blocks":0,"Local Hit Blocks":0,"Local Read Blocks":0,"Local Dirtied Blocks":0,"Local Written Blocks":0,"Temp Read Blocks":0,"Temp Written Blocks":0,"I/O Read Time":0.0,"I/O Write Time":0.0,"Temp I/O Read Time":0.0,"Temp I/O Write Time":0.0,"Plans":[{"Node Type":"Seq Scan","Parent Relationship":"Outer","Parallel Aware":false,"Async Capable":false,"Relation Name":"nation","Schema":"public","Alias":"nation","Startup Cost":0.0,"Total Cost":1.77,"Plan Rows":1,"Plan Width":4,"Actual Startup Time":0.014,"Actual Total Time":0.018,"Actual Rows":1,"Actual Loops":1,"Output":["nation.n_nationkey"],"Filter":"((nation.n_name)::text = 'Cambodia'::text)","Rows Removed by Filter":61,"Shared Hit Blocks":1,"Shared Read Blocks":0,"Shared Dirtied Blocks":0,"Shared Written Blocks":0,"Local Hit Blocks":0,"Local Read Blocks":0,"Local Dirtied Blocks":0,"Local Written Blocks":0,"Temp Read Blocks":0,"Temp Written Blocks":0,"I/O Read Time":0.0,"I/O Write Time":0.0,"Temp I/O Read Time":0.0,"Temp I/O Write Time":0.0}]}]},{"Node Type":"Hash","Parent Relationship":"Inner","Parallel Aware":false,"Async Capable":false,"Startup Cost":59559.0,"Total Cost":59559.0,"Plan Rows":2998176,"Plan Width":20,"Actual Startup Time":1077.213,"Actual Total Time":1077.214,"Actual Rows":2997892,"Actual Loops":1,"Output":["orders.o_id","orders.o_w_id","orders.o_d_id","orders.o_entry_d"],"Hash Buckets":131072,"Original Hash Buckets":131072,"Hash Batches":32,"Original Hash Batches":32,"Peak Memory Usage":6158,"Shared Hit Blocks":22059,"Shared Read Blocks":0,"Shared Dirtied Blocks":0,"Shared Written Blocks":0,"Local Hit Blocks":0,"Local Read Blocks":0,"Local Dirtied Blocks":0,"Local Written Blocks":0,"Temp Read Blocks":0,"Temp Written Blocks":15583,"I/O Read Time":0.0,"I/O Write Time":0.0,"Temp I/O Read Time":0.0,"Temp I/O Write Time":70.601,"Plans":[{"Node Type":"Seq Scan","Parent Relationship":"Outer","Parallel Aware":false,"Async Capable":false,"Relation Name":"orders","Schema":"public","Alias":"orders","Startup Cost":0.0,"Total Cost":59559.0,"Plan Rows":2998176,"Plan Width":20,"Actual Startup Time":0.015,"Actual Total Time":374.197,"Actual Rows":2997892,"Actual Loops":1,"Output":["orders.o_id","orders.o_w_id","orders.o_d_id","orders.o_entry_d"],"Filter":"(orders.o_entry_d >= '1992-01-02 20:10:02.27764'::timestamp without time zone)","Rows Removed by Filter":2108,"Shared Hit Blocks":22059,"Shared Read Blocks":0,"Shared Dirtied Blocks":0,"Shared Written Blocks":0,"Local Hit Blocks":0,"Local Read Blocks":0,"Local Dirtied Blocks":0,"Local Written Blocks":0,"Temp Read Blocks":0,"Temp Written Blocks":0,"I/O Read Time":0.0,"I/O Write Time":0.0,"Temp I/O Read Time":0.0,"Temp I/O Write Time":0.0}]}]},{"Node Type":"Hash","Parent Relationship":"Inner","Parallel Aware":false,"Async Capable":false,"Startup Cost":701820.0,"Total Cost":701820.0,"Plan Rows":20926367,"Plan Width":20,"Actual Startup Time":8379.941,"Actual Total Time":8379.945,"Actual Rows":21002151,"Actual Loops":1,"Output":["l2.ol_o_id","l2.ol_w_id","l2.ol_d_id","l2.ol_delivery_d"],"Hash Buckets":131072,"Original Hash Buckets":131072,"Hash Batches":256,"Original Hash Batches":256,"Peak Memory Usage":5530,"Shared Hit Blocks":0,"Shared Read Blocks":0,"Shared Dirtied Blocks":0,"Shared Written Blocks":0,"Local Hit Blocks":0,"Local Read Blocks":0,"Local Dirtied Blocks":0,"Local Written Blocks":0,"Temp Read Blocks":0,"Temp Written Blocks":112225,"I/O Read Time":0.0,"I/O Write Time":0.0,"Temp I/O Read Time":0.0,"Temp I/O Write Time":535.116,"Plans":[{"Node Type":"Append","Parent Relationship":"Outer","Parallel Aware":false,"Async Capable":false,"Startup Cost":20.0,"Total Cost":701820.0,"Plan Rows":20926367,"Plan Width":20,"Actual Startup Time":0.047,"Actual Total Time":4635.777,"Actual Rows":21002151,"Actual Loops":1,"Shared Hit Blocks":0,"Shared Read Blocks":0,"Shared Dirtied Blocks":0,"Shared Written Blocks":0,"Local Hit Blocks":0,"Local Read Blocks":0,"Local Dirtied Blocks":0,"Local Written Blocks":0,"Temp Read Blocks":0,"Temp Written Blocks":0,"I/O Read Time":0.0,"I/O Write Time":0.0,"Temp I/O Read Time":0.0,"Temp I/O Write Time":0.0,"Subplans Removed":0,"Plans":[{"Node Type":"Custom Scan","Parent Relationship":"Member","Custom Plan Provider":"columnar scan","Parallel Aware":false,"Async Capable":false,"Relation Name":"order_line","Schema":"public","Alias":"l2","Startup Cost":20.0,"Total Cost":491789.1,"Plan Rows":20926325,"Plan Width":20,"Actual Startup Time":0.045,"Actual Total Time":3149.251,"Actual Rows":21002151,"Actual Loops":1,"Output":["l2.ol_o_id","l2.ol_w_id","l2.ol_d_id","l2.ol_delivery_d"],"Filter":"(l2.ol_delivery_d >= '1992-01-02 20:10:02.27764'::timestamp without time zone)","Rows Removed by Filter":0,"Rows Removed by Columnar Filter":8995581,"Columnar cache search mode":"native","Shared Hit Blocks":0,"Shared Read Blocks":0,"Shared Dirtied Blocks":0,"Shared Written Blocks":0,"Local Hit Blocks":0,"Local Read Blocks":0,"Local Dirtied Blocks":0,"Local Written Blocks":0,"Temp Read Blocks":0,"Temp Written Blocks":0,"I/O Read Time":0.0,"I/O Write Time":0.0,"Temp I/O Read Time":0.0,"Temp I/O Write Time":0.0},{"Node Type":"Seq Scan","Parent Relationship":"Member","Parallel Aware":false,"Async Capable":false,"Relation Name":"order_line","Schema":"public","Alias":"l2","Startup Cost":0.0,"Total Cost":4.75,"Plan Rows":42,"Plan Width":20,"Actual Startup Time":0.0,"Actual Total Time":0.0,"Actual Rows":0,"Actual Loops":0,"Output":["l2.ol_o_id","l2.ol_w_id","l2.ol_d_id","l2.ol_delivery_d"],"Filter":"(l2.ol_delivery_d >= '1992-01-02 20:10:02.27764'::timestamp without time zone)","Rows Removed by Filter":0,"Shared Hit Blocks":0,"Shared Read Blocks":0,"Shared Dirtied Blocks":0,"Shared Written Blocks":0,"Local Hit Blocks":0,"Local Read Blocks":0,"Local Dirtied Blocks":0,"Local Written Blocks":0,"Temp Read Blocks":0,"Temp Written Blocks":0,"I/O Read Time":0.0,"I/O Write Time":0.0,"Temp I/O Read Time":0.0,"Temp I/O Write Time":0.0}]}]}]}]}]}]},"Planning":{"Shared Hit Blocks":4,"Shared Read Blocks":0,"Shared Dirtied Blocks":0,"Shared Written Blocks":0,"Local Hit Blocks":0,"Local Read Blocks":0,"Local Dirtied Blocks":0,"Local Written Blocks":0,"Temp Read Blocks":0,"Temp Written Blocks":0,"I/O Read Time":0.0,"I/O Write Time":0.0,"Temp I/O Read Time":0.0,"Temp I/O Write Time":0.0},"Planning Time":2.318,"Triggers":[],"Execution Time":22999.703}]
[列存组合]: nation, order_line, orders, stock, supplier
[{"Plan":{"Node Type":"Sort","Parallel Aware":false,"Async Capable":false,"Startup Cost":3010905.71,"Total Cost":3010930.71,"Plan Rows":10000,"Plan Width":27,"Actual Startup Time":23056.104,"Actual Total Time":23056.414,"Actual Rows":156,"Actual Loops":1,"Output":["supplier.su_name","(count(*))"],"Sort Key":["(count(*)) DESC","supplier.su_name"],"Sort Method":"quicksort","Sort Space Used":35,"Sort Space Type":"Memory","Shared Hit Blocks":22060,"Shared Read Blocks":0,"Shared Dirtied Blocks":0,"Shared Written Blocks":0,"Local Hit Blocks":0,"Local Read Blocks":0,"Local Dirtied Blocks":0,"Local Written Blocks":0,"Temp Read Blocks":133545,"Temp Written Blocks":133550,"I/O Read Time":0.0,"I/O Write Time":0.0,"Temp I/O Read Time":199.39,"Temp I/O Write Time":631.12,"Plans":[{"Node Type":"Aggregate","Strategy":"Sorted","Partial Mode":"Simple","Parent Relationship":"Outer","Parallel Aware":false,"Async Capable":false,"Startup Cost":3009571.37,"Total Cost":3010241.32,"Plan Rows":10000,"Plan Width":27,"Actual Startup Time":23005.035,"Actual Total Time":23056.352,"Actual Rows":156,"Actual Loops":1,"Output":["supplier.su_name","count(*)"],"Group Key":["supplier.su_name"],"Shared Hit Blocks":22060,"Shared Read Blocks":0,"Shared Dirtied Blocks":0,"Shared Written Blocks":0,"Local Hit Blocks":0,"Local Read Blocks":0,"Local Dirtied Blocks":0,"Local Written Blocks":0,"Temp Read Blocks":133545,"Temp Written Blocks":133550,"I/O Read Time":0.0,"I/O Write Time":0.0,"Temp I/O Read Time":199.39,"Temp I/O Write Time":631.12,"Plans":[{"Node Type":"Sort","Parent Relationship":"Outer","Parallel Aware":false,"Async Capable":false,"Startup Cost":3009571.37,"Total Cost":3009761.35,"Plan Rows":75993,"Plan Width":19,"Actual Startup Time":23004.855,"Actual Total Time":23031.791,"Actual Rows":267482,"Actual Loops":1,"Output":["supplier.su_name"],"Sort Key":["supplier.su_name"],"Sort Method":"external merge","Sort Space Used":7624,"Sort Space Type":"Disk","Shared Hit Blocks":22060,"Shared Read Blocks":0,"Shared Dirtied Blocks":0,"Shared Written Blocks":0,"Local Hit Blocks":0,"Local Read Blocks":0,"Local Dirtied Blocks":0,"Local Written Blocks":0,"Temp Read Blocks":133545,"Temp Written Blocks":133550,"I/O Read Time":0.0,"I/O Write Time":0.0,"Temp I/O Read Time":199.39,"Temp I/O Write Time":631.12,"Plans":[{"Node Type":"Hash Join","Parent Relationship":"Outer","Parallel Aware":false,"Async Capable":false,"Join Type":"Anti","Startup Cost":1349931.33,"Total Cost":3003410.78,"Plan Rows":75993,"Plan Width":19,"Actual Startup Time":10268.253,"Actual Total Time":22865.183,"Actual Rows":267482,"Actual Loops":1,"Output":["supplier.su_name"],"Hash Cond":"((l1.ol_o_id = l2.ol_o_id) AND (l1.ol_w_id = l2.ol_w_id) AND (l1.ol_d_id = l2.ol_d_id))","Join Filter":"(l2.ol_delivery_d > l1.ol_delivery_d)","Rows Removed by Join Filter":2942288,"Shared Hit Blocks":22060,"Shared Read Blocks":0,"Shared Dirtied Blocks":0,"Shared Written Blocks":0,"Local Hit Blocks":0,"Local Read Blocks":0,"Local Dirtied Blocks":0,"Local Written Blocks":0,"Temp Read Blocks":132592,"Temp Written Blocks":132592,"I/O Read Time":0.0,"I/O Write Time":0.0,"Temp I/O Read Time":198.111,"Temp I/O Write Time":627.488,"Plans":[{"Node Type":"Hash Join","Parent Relationship":"Outer","Parallel Aware":false,"Async Capable":false,"Join Type":"Inner","Startup Cost":159283.91,"Total Cost":757672.31,"Plan Rows":113989,"Plan Width":39,"Actual Startup Time":1875.179,"Actual Total Time":12863.406,"Actual Rows":267482,"Actual Loops":1,"Output":["supplier.su_name","l1.ol_o_id","l1.ol_w_id","l1.ol_d_id","l1.ol_delivery_d"],"Hash Cond":"((l1.ol_o_id = orders.o_id) AND (l1.ol_w_id = orders.o_w_id) AND (l1.ol_d_id = orders.o_d_id))","Join Filter":"(l1.ol_delivery_d > orders.o_entry_d)","Rows Removed by Join Filter":0,"Shared Hit Blocks":22060,"Shared Read Blocks":0,"Shared Dirtied Blocks":0,"Shared Written Blocks":0,"Local Hit Blocks":0,"Local Read Blocks":0,"Local Dirtied Blocks":0,"Local Written Blocks":0,"Temp Read Blocks":17783,"Temp Written Blocks":17783,"I/O Read Time":0.0,"I/O Write Time":0.0,"Temp I/O Read Time":27.864,"Temp I/O Write Time":85.37,"Plans":[{"Node Type":"Hash Join","Parent Relationship":"Outer","Parallel Aware":false,"Async Capable":false,"Join Type":"Inner","Startup Cost":29688.83,"Total Cost":601798.6,"Plan Rows":342176,"Plan Width":41,"Actual Startup Time":798.966,"Actual Total Time":11441.312,"Actual Rows":267496,"Actual Loops":1,"Output":["supplier.su_name","stock.s_w_id","l1.ol_o_id","l1.ol_w_id","l1.ol_d_id","l1.ol_delivery_d"],"Hash Cond":"(supplier.su_nationkey = nation.n_nationkey)","Shared Hit Blocks":1,"Shared Read Blocks":0,"Shared Dirtied Blocks":0,"Shared Written Blocks":0,"Local Hit Blocks":0,"Local Read Blocks":0,"Local Dirtied Blocks":0,"Local Written Blocks":0,"Temp Read Blocks":0,"Temp Written Blocks":0,"I/O Read Time":0.0,"I/O Write Time":0.0,"Temp I/O Read Time":0.0,"Temp I/O Write Time":0.0,"Plans":[{"Node Type":"Hash Join","Parent Relationship":"Outer","Parallel Aware":false,"Async Capable":false,"Join Type":"Inner","Startup Cost":29687.04,"Total Cost":542300.91,"Plan Rows":21214932,"Plan Width":45,"Actual Startup Time":798.843,"Actual Total Time":10002.615,"Actual Rows":20982320,"Actual Loops":1,"Output":["supplier.su_name","supplier.su_nationkey","stock.s_w_id","l1.ol_o_id","l1.ol_w_id","l1.ol_d_id","l1.ol_delivery_d"],"Hash Cond":"(mod((stock.s_w_id * stock.s_i_id), 10000) = supplier.su_suppkey)","Shared Hit Blocks":0,"Shared Read Blocks":0,"Shared Dirtied Blocks":0,"Shared Written Blocks":0,"Local Hit Blocks":0,"Local Read Blocks":0,"Local Dirtied Blocks":0,"Local Written Blocks":0,"Temp Read Blocks":0,"Temp Written Blocks":0,"I/O Read Time":0.0,"I/O Write Time":0.0,"Temp I/O Read Time":0.0,"Temp I/O Write Time":0.0,"Plans":[{"Node Type":"Hash Join","Parent Relationship":"Outer","Parallel Aware":false,"Async Capable":false,"Join Type":"Inner","Startup Cost":29323.02,"Total Cost":480915.59,"Plan Rows":21214932,"Plan Width":26,"Actual Startup Time":795.286,"Actual Total Time":5564.281,"Actual Rows":20982320,"Actual Loops":1,"Output":["l1.ol_o_id","l1.ol_w_id","l1.ol_d_id","l1.ol_delivery_d","stock.s_w_id","stock.s_i_id"],"Hash Cond":"((l1.ol_w_id = stock.s_w_id) AND (l1.ol_i_id = stock.s_i_id))","Rows Removed by Bloom Filter":0,"Shared Hit Blocks":0,"Shared Read Blocks":0,"Shared Dirtied Blocks":0,"Shared Written Blocks":0,"Local Hit Blocks":0,"Local Read Blocks":0,"Local Dirtied Blocks":0,"Local Written Blocks":0,"Temp Read Blocks":0,"Temp Written Blocks":0,"I/O Read Time":0.0,"I/O Write Time":0.0,"Temp I/O Read Time":0.0,"Temp I/O Write Time":0.0,"Plans":[{"Node Type":"Append","Parent Relationship":"Outer","Parallel Aware":false,"Async Capable":false,"Startup Cost":20.0,"Total Cost":533646.5,"Plan Rows":20926367,"Plan Width":24,"Actual Startup Time":108.715,"Actual Total Time":108.989,"Actual Rows":20982320,"Actual Loops":1,"Shared Hit Blocks":0,"Shared Read Blocks":0,"Shared Dirtied Blocks":0,"Shared Written Blocks":0,"Local Hit Blocks":0,"Local Read Blocks":0,"Local Dirtied Blocks":0,"Local Written Blocks":0,"Temp Read Blocks":0,"Temp Written Blocks":0,"I/O Read Time":0.0,"I/O Write Time":0.0,"Temp I/O Read Time":0.0,"Temp I/O Write Time":0.0,"Subplans Removed":0,"Plans":[{"Node Type":"Custom Scan","Parent Relationship":"Member","Custom Plan Provider":"columnar scan","Parallel Aware":false,"Async Capable":false,"Relation Name":"order_line","Schema":"public","Alias":"l1","Startup Cost":20.0,"Total Cost":533641.75,"Plan Rows":20926325,"Plan Width":24,"Actual Startup Time":108.714,"Actual Total Time":108.716,"Actual Rows":20982320,"Actual Loops":1,"Output":["l1.ol_o_id","l1.ol_w_id","l1.ol_d_id","l1.ol_i_id","l1.ol_delivery_d"],"Filter":"(l1.ol_delivery_d >= '1992-01-02 20:10:02.27764'::timestamp without time zone)","Rows Removed by Filter":0,"Rows Removed by Columnar Filter":9015412,"Rows Filtered by Bloom Filter":0,"Dictionary Rows Filtered by Bloom Filter":19831,"Columnar cache search mode":"native","Shared Hit Blocks":0,"Shared Read Blocks":0,"Shared Dirtied Blocks":0,"Shared Written Blocks":0,"Local Hit Blocks":0,"Local Read Blocks":0,"Local Dirtied Blocks":0,"Local Written Blocks":0,"Temp Read Blocks":0,"Temp Written Blocks":0,"I/O Read Time":0.0,"I/O Write Time":0.0,"Temp I/O Read Time":0.0,"Temp I/O Write Time":0.0},{"Node Type":"Seq Scan","Parent Relationship":"Member","Parallel Aware":false,"Async Capable":false,"Relation Name":"order_line","Schema":"public","Alias":"l1","Startup Cost":0.0,"Total Cost":4.75,"Plan Rows":42,"Plan Width":24,"Actual Startup Time":0.0,"Actual Total Time":0.0,"Actual Rows":0,"Actual Loops":0,"Output":["l1.ol_o_id","l1.ol_w_id","l1.ol_d_id","l1.ol_i_id","l1.ol_delivery_d"],"Filter":"(l1.ol_delivery_d >= '1992-01-02 20:10:02.27764'::timestamp without time zone)","Rows Removed by Filter":0,"Shared Hit Blocks":0,"Shared Read Blocks":0,"Shared Dirtied Blocks":0,"Shared Written Blocks":0,"Local Hit Blocks":0,"Local Read Blocks":0,"Local Dirtied Blocks":0,"Local Written Blocks":0,"Temp Read Blocks":0,"Temp Written Blocks":0,"I/O Read Time":0.0,"I/O Write Time":0.0,"Temp I/O Read Time":0.0,"Temp I/O Write Time":0.0}]},{"Node Type":"Hash","Parent Relationship":"Inner","Parallel Aware":false,"Async Capable":false,"Startup Cost":195025.67,"Total Cost":195025.67,"Plan Rows":10000162,"Plan Width":6,"Actual Rows":10000000,"Actual Loops":1,"Output":["stock.s_w_id","stock.s_i_id"],"Shared Hit Blocks":0,"Shared Read Blocks":0,"Shared Dirtied Blocks":0,"Shared Written Blocks":0,"Local Hit Blocks":0,"Local Read Blocks":0,"Local Dirtied Blocks":0,"Local Written Blocks":0,"Temp Read Blocks":0,"Temp Written Blocks":0,"I/O Read Time":0.0,"I/O Write Time":0.0,"Temp I/O Read Time":0.0,"Temp I/O Write Time":0.0,"Plans":[{"Node Type":"Append","Parent Relationship":"Outer","Parallel Aware":false,"Async Capable":false,"Startup Cost":20.0,"Total Cost":195025.67,"Plan Rows":10000162,"Plan Width":6,"Actual Startup Time":0.261,"Actual Total Time":0.262,"Actual Rows":10000000,"Actual Loops":1,"Shared Hit Blocks":0,"Shared Read Blocks":0,"Shared Dirtied Blocks":0,"Shared Written Blocks":0,"Local Hit Blocks":0,"Local Read Blocks":0,"Local Dirtied Blocks":0,"Local Written Blocks":0,"Temp Read Blocks":0,"Temp Written Blocks":0,"I/O Read Time":0.0,"I/O Write Time":0.0,"Temp I/O Read Time":0.0,"Temp I/O Write Time":0.0,"Subplans Removed":0,"Plans":[{"Node Type":"Custom Scan","Parent Relationship":"Member","Custom Plan Provider":"columnar scan","Parallel Aware":false,"Async Capable":false,"Relation Name":"stock","Schema":"public","Alias":"stock","Startup Cost":20.0,"Total Cost":195020.05,"Plan Rows":10000000,"Plan Width":6,"Actual Startup Time":0.26,"Actual Total Time":0.26,"Actual Rows":10000000,"Actual Loops":1,"Output":["stock.s_w_id","stock.s_i_id"],"Rows Removed by Columnar Filter":0,"Columnar cache search mode":"native","Shared Hit Blocks":0,"Shared Read Blocks":0,"Shared Dirtied Blocks":0,"Shared Written Blocks":0,"Local Hit Blocks":0,"Local Read Blocks":0,"Local Dirtied Blocks":0,"Local Written Blocks":0,"Temp Read Blocks":0,"Temp Written Blocks":0,"I/O Read Time":0.0,"I/O Write Time":0.0,"Temp I/O Read Time":0.0,"Temp I/O Write Time":0.0},{"Node Type":"Seq Scan","Parent Relationship":"Member","Parallel Aware":false,"Async Capable":false,"Relation Name":"stock","Schema":"public","Alias":"stock","Startup Cost":0.0,"Total Cost":5.62,"Plan Rows":162,"Plan Width":6,"Actual Startup Time":0.0,"Actual Total Time":0.0,"Actual Rows":0,"Actual Loops":0,"Output":["stock.s_w_id","stock.s_i_id"],"Shared Hit Blocks":0,"Shared Read Blocks":0,"Shared Dirtied Blocks":0,"Shared Written Blocks":0,"Local Hit Blocks":0,"Local Read Blocks":0,"Local Dirtied Blocks":0,"Local Written Blocks":0,"Temp Read Blocks":0,"Temp Written Blocks":0,"I/O Read Time":0.0,"I/O Write Time":0.0,"Temp I/O Read Time":0.0,"Temp I/O Write Time":0.0}]}]}]},{"Node Type":"Hash","Parent Relationship":"Inner","Parallel Aware":false,"Async Capable":false,"Startup Cost":239.01,"Total Cost":239.01,"Plan Rows":10001,"Plan Width":27,"Actual Startup Time":3.491,"Actual Total Time":3.495,"Actual Rows":10000,"Actual Loops":1,"Output":["supplier.su_name","supplier.su_suppkey","supplier.su_nationkey"],"Hash Buckets":16384,"Original Hash Buckets":16384,"Hash Batches":1,"Original Hash Batches":1,"Peak Memory Usage":714,"Shared Hit Blocks":0,"Shared Read Blocks":0,"Shared Dirtied Blocks":0,"Shared Written Blocks":0,"Local Hit Blocks":0,"Local Read Blocks":0,"Local Dirtied Blocks":0,"Local Written Blocks":0,"Temp Read Blocks":0,"Temp Written Blocks":0,"I/O Read Time":0.0,"I/O Write Time":0.0,"Temp I/O Read Time":0.0,"Temp I/O Write Time":0.0,"Plans":[{"Node Type":"Append","Parent Relationship":"Outer","Parallel Aware":false,"Async Capable":false,"Startup Cost":20.0,"Total Cost":239.01,"Plan Rows":10001,"Plan Width":27,"Actual Startup Time":0.026,"Actual Total Time":2.061,"Actual Rows":10000,"Actual Loops":1,"Shared Hit Blocks":0,"Shared Read Blocks":0,"Shared Dirtied Blocks":0,"Shared Written Blocks":0,"Local Hit Blocks":0,"Local Read Blocks":0,"Local Dirtied Blocks":0,"Local Written Blocks":0,"Temp Read Blocks":0,"Temp Written Blocks":0,"I/O Read Time":0.0,"I/O Write Time":0.0,"Temp I/O Read Time":0.0,"Temp I/O Write Time":0.0,"Subplans Removed":0,"Plans":[{"Node Type":"Custom Scan","Parent Relationship":"Member","Custom Plan Provider":"columnar scan","Parallel Aware":false,"Async Capable":false,"Relation Name":"supplier","Schema":"public","Alias":"supplier","Startup Cost":20.0,"Total Cost":235.0,"Plan Rows":10000,"Plan Width":27,"Actual Startup Time":0.025,"Actual Total Time":1.354,"Actual Rows":10000,"Actual Loops":1,"Output":["supplier.su_name","supplier.su_suppkey","supplier.su_nationkey"],"Rows Removed by Columnar Filter":0,"Columnar cache search mode":"native","Shared Hit Blocks":0,"Shared Read Blocks":0,"Shared Dirtied Blocks":0,"Shared Written Blocks":0,"Local Hit Blocks":0,"Local Read Blocks":0,"Local Dirtied Blocks":0,"Local Written Blocks":0,"Temp Read Blocks":0,"Temp Written Blocks":0,"I/O Read Time":0.0,"I/O Write Time":0.0,"Temp I/O Read Time":0.0,"Temp I/O Write Time":0.0},{"Node Type":"Seq Scan","Parent Relationship":"Member","Parallel Aware":false,"Async Capable":false,"Relation Name":"supplier","Schema":"public","Alias":"supplier","Startup Cost":0.0,"Total Cost":4.01,"Plan Rows":1,"Plan Width":27,"Actual Startup Time":0.0,"Actual Total Time":0.0,"Actual Rows":0,"Actual Loops":0,"Output":["supplier.su_name","supplier.su_suppkey","supplier.su_nationkey"],"Shared Hit Blocks":0,"Shared Read Blocks":0,"Shared Dirtied Blocks":0,"Shared Written Blocks":0,"Local Hit Blocks":0,"Local Read Blocks":0,"Local Dirtied Blocks":0,"Local Written Blocks":0,"Temp Read Blocks":0,"Temp Written Blocks":0,"I/O Read Time":0.0,"I/O Write Time":0.0,"Temp I/O Read Time":0.0,"Temp I/O Write Time":0.0}]}]}]},{"Node Type":"Hash","Parent Relationship":"Inner","Parallel Aware":false,"Async Capable":false,"Startup Cost":1.77,"Total Cost":1.77,"Plan Rows":1,"Plan Width":4,"Actual Startup Time":0.019,"Actual Total Time":0.021,"Actual Rows":1,"Actual Loops":1,"Output":["nation.n_nationkey"],"Hash Buckets":1024,"Original Hash Buckets":1024,"Hash Batches":1,"Original Hash Batches":1,"Peak Memory Usage":9,"Shared Hit Blocks":1,"Shared Read Blocks":0,"Shared Dirtied Blocks":0,"Shared Written Blocks":0,"Local Hit Blocks":0,"Local Read Blocks":0,"Local Dirtied Blocks":0,"Local Written Blocks":0,"Temp Read Blocks":0,"Temp Written Blocks":0,"I/O Read Time":0.0,"I/O Write Time":0.0,"Temp I/O Read Time":0.0,"Temp I/O Write Time":0.0,"Plans":[{"Node Type":"Seq Scan","Parent Relationship":"Outer","Parallel Aware":false,"Async Capable":false,"Relation Name":"nation","Schema":"public","Alias":"nation","Startup Cost":0.0,"Total Cost":1.77,"Plan Rows":1,"Plan Width":4,"Actual Startup Time":0.014,"Actual Total Time":0.017,"Actual Rows":1,"Actual Loops":1,"Output":["nation.n_nationkey"],"Filter":"((nation.n_name)::text = 'Cambodia'::text)","Rows Removed by Filter":61,"Shared Hit Blocks":1,"Shared Read Blocks":0,"Shared Dirtied Blocks":0,"Shared Written Blocks":0,"Local Hit Blocks":0,"Local Read Blocks":0,"Local Dirtied Blocks":0,"Local Written Blocks":0,"Temp Read Blocks":0,"Temp Written Blocks":0,"I/O Read Time":0.0,"I/O Write Time":0.0,"Temp I/O Read Time":0.0,"Temp I/O Write Time":0.0}]}]},{"Node Type":"Hash","Parent Relationship":"Inner","Parallel Aware":false,"Async Capable":false,"Startup Cost":59559.0,"Total Cost":59559.0,"Plan Rows":2998176,"Plan Width":20,"Actual Startup Time":1074.095,"Actual Total Time":1074.098,"Actual Rows":2997892,"Actual Loops":1,"Output":["orders.o_id","orders.o_w_id","orders.o_d_id","orders.o_entry_d"],"Hash Buckets":131072,"Original Hash Buckets":131072,"Hash Batches":32,"Original Hash Batches":32,"Peak Memory Usage":6158,"Shared Hit Blocks":22059,"Shared Read Blocks":0,"Shared Dirtied Blocks":0,"Shared Written Blocks":0,"Local Hit Blocks":0,"Local Read Blocks":0,"Local Dirtied Blocks":0,"Local Written Blocks":0,"Temp Read Blocks":0,"Temp Written Blocks":15583,"I/O Read Time":0.0,"I/O Write Time":0.0,"Temp I/O Read Time":0.0,"Temp I/O Write Time":69.247,"Plans":[{"Node Type":"Seq Scan","Parent Relationship":"Outer","Parallel Aware":false,"Async Capable":false,"Relation Name":"orders","Schema":"public","Alias":"orders","Startup Cost":0.0,"Total Cost":59559.0,"Plan Rows":2998176,"Plan Width":20,"Actual Startup Time":0.014,"Actual Total Time":376.003,"Actual Rows":2997892,"Actual Loops":1,"Output":["orders.o_id","orders.o_w_id","orders.o_d_id","orders.o_entry_d"],"Filter":"(orders.o_entry_d >= '1992-01-02 20:10:02.27764'::timestamp without time zone)","Rows Removed by Filter":2108,"Shared Hit Blocks":22059,"Shared Read Blocks":0,"Shared Dirtied Blocks":0,"Shared Written Blocks":0,"Local Hit Blocks":0,"Local Read Blocks":0,"Local Dirtied Blocks":0,"Local Written Blocks":0,"Temp Read Blocks":0,"Temp Written Blocks":0,"I/O Read Time":0.0,"I/O Write Time":0.0,"Temp I/O Read Time":0.0,"Temp I/O Write Time":0.0}]}]},{"Node Type":"Hash","Parent Relationship":"Inner","Parallel Aware":false,"Async Capable":false,"Startup Cost":701820.0,"Total Cost":701820.0,"Plan Rows":20926367,"Plan Width":20,"Actual Startup Time":8379.129,"Actual Total Time":8379.133,"Actual Rows":21002151,"Actual Loops":1,"Output":["l2.ol_o_id","l2.ol_w_id","l2.ol_d_id","l2.ol_delivery_d"],"Hash Buckets":131072,"Original Hash Buckets":131072,"Hash Batches":256,"Original Hash Batches":256,"Peak Memory Usage":5530,"Shared Hit Blocks":0,"Shared Read Blocks":0,"Shared Dirtied Blocks":0,"Shared Written Blocks":0,"Local Hit Blocks":0,"Local Read Blocks":0,"Local Dirtied Blocks":0,"Local Written Blocks":0,"Temp Read Blocks":0,"Temp Written Blocks":112225,"I/O Read Time":0.0,"I/O Write Time":0.0,"Temp I/O Read Time":0.0,"Temp I/O Write Time":529.491,"Plans":[{"Node Type":"Append","Parent Relationship":"Outer","Parallel Aware":false,"Async Capable":false,"Startup Cost":20.0,"Total Cost":701820.0,"Plan Rows":20926367,"Plan Width":20,"Actual Startup Time":0.048,"Actual Total Time":4644.27,"Actual Rows":21002151,"Actual Loops":1,"Shared Hit Blocks":0,"Shared Read Blocks":0,"Shared Dirtied Blocks":0,"Shared Written Blocks":0,"Local Hit Blocks":0,"Local Read Blocks":0,"Local Dirtied Blocks":0,"Local Written Blocks":0,"Temp Read Blocks":0,"Temp Written Blocks":0,"I/O Read Time":0.0,"I/O Write Time":0.0,"Temp I/O Read Time":0.0,"Temp I/O Write Time":0.0,"Subplans Removed":0,"Plans":[{"Node Type":"Custom Scan","Parent Relationship":"Member","Custom Plan Provider":"columnar scan","Parallel Aware":false,"Async Capable":false,"Relation Name":"order_line","Schema":"public","Alias":"l2","Startup Cost":20.0,"Total Cost":491789.1,"Plan Rows":20926325,"Plan Width":20,"Actual Startup Time":0.046,"Actual Total Time":3156.13,"Actual Rows":21002151,"Actual Loops":1,"Output":["l2.ol_o_id","l2.ol_w_id","l2.ol_d_id","l2.ol_delivery_d"],"Filter":"(l2.ol_delivery_d >= '1992-01-02 20:10:02.27764'::timestamp without time zone)","Rows Removed by Filter":0,"Rows Removed by Columnar Filter":8995581,"Columnar cache search mode":"native","Shared Hit Blocks":0,"Shared Read Blocks":0,"Shared Dirtied Blocks":0,"Shared Written Blocks":0,"Local Hit Blocks":0,"Local Read Blocks":0,"Local Dirtied Blocks":0,"Local Written Blocks":0,"Temp Read Blocks":0,"Temp Written Blocks":0,"I/O Read Time":0.0,"I/O Write Time":0.0,"Temp I/O Read Time":0.0,"Temp I/O Write Time":0.0},{"Node Type":"Seq Scan","Parent Relationship":"Member","Parallel Aware":false,"Async Capable":false,"Relation Name":"order_line","Schema":"public","Alias":"l2","Startup Cost":0.0,"Total Cost":4.75,"Plan Rows":42,"Plan Width":20,"Actual Startup Time":0.0,"Actual Total Time":0.0,"Actual Rows":0,"Actual Loops":0,"Output":["l2.ol_o_id","l2.ol_w_id","l2.ol_d_id","l2.ol_delivery_d"],"Filter":"(l2.ol_delivery_d >= '1992-01-02 20:10:02.27764'::timestamp without time zone)","Rows Removed by Filter":0,"Shared Hit Blocks":0,"Shared Read Blocks":0,"Shared Dirtied Blocks":0,"Shared Written Blocks":0,"Local Hit Blocks":0,"Local Read Blocks":0,"Local Dirtied Blocks":0,"Local Written Blocks":0,"Temp Read Blocks":0,"Temp Written Blocks":0,"I/O Read Time":0.0,"I/O Write Time":0.0,"Temp I/O Read Time":0.0,"Temp I/O Write Time":0.0}]}]}]}]}]}]},"Planning":{"Shared Hit Blocks":4,"Shared Read Blocks":0,"Shared Dirtied Blocks":0,"Shared Written Blocks":0,"Local Hit Blocks":0,"Local Read Blocks":0,"Local Dirtied Blocks":0,"Local Written Blocks":0,"Temp Read Blocks":0,"Temp Written Blocks":0,"I/O Read Time":0.0,"I/O Write Time":0.0,"Temp I/O Read Time":0.0,"Temp I/O Write Time":0.0},"Planning Time":2.253,"Triggers":[],"Execution Time":23058.442}]
